<?xml version="1.0" encoding="UTF-8"?>
<robot generator="Robot 7.0.1 (Python 3.12.4 on linux)" generated="2024-08-07T09:17:13.322669" rpa="false" schemaversion="5">
<suite id="s1" name="Tests" source="/home/runner/work/ApiRandomUser/ApiRandomUser/RamdonUser/tests">
<suite id="s1-s1" name="Random-User-Test" source="/home/runner/work/ApiRandomUser/ApiRandomUser/RamdonUser/tests/random-user-test.robot">
<test id="s1-s1-t1" name="Conectar" line="13">
<kw name="Conectar API" owner="random-user-service">
<kw name="Create Session" owner="RequestsLibrary">
<msg time="2024-08-07T09:17:13.735891" level="INFO">Creating Session using : alias=consultarAPI, url=https://randomuser.me/, headers={},                     cookies={}, auth=None, timeout=None, proxies=None, verify=False,                     debug=0 </msg>
<arg>consultarAPI</arg>
<arg>${URL}</arg>
<doc>Create Session: create a HTTP session to a server</doc>
<status status="PASS" start="2024-08-07T09:17:13.735691" elapsed="0.000379"/>
</kw>
<status status="PASS" start="2024-08-07T09:17:13.734642" elapsed="0.001796"/>
</kw>
<status status="PASS" start="2024-08-07T09:17:13.733981" elapsed="0.002650"/>
</test>
<test id="s1-s1-t2" name="Validar retorno 200 e JSON Válido" line="16">
<kw name="Teste de Requisicao Basica" owner="random-user-service">
<kw name="GET On Session" owner="RequestsLibrary">
<msg time="2024-08-07T09:17:14.010365" level="INFO">GET Request : url=https://randomuser.me/api 
 path_url=/api 
 headers={'User-Agent': 'python-requests/2.32.3', 'Accept-Encoding': 'gzip, deflate', 'Accept': '*/*', 'Connection': 'keep-alive'} 
 body=None 
 </msg>
<msg time="2024-08-07T09:17:14.010528" level="INFO">GET Response : url=https://randomuser.me/api 
 status=200, reason=OK 
 headers={'Date': 'Wed, 07 Aug 2024 09:17:14 GMT', 'Content-Type': 'application/json; charset=utf-8', 'Transfer-Encoding': 'chunked', 'Connection': 'keep-alive', 'X-Powered-By': 'Express', 'Access-Control-Allow-Origin': '*', 'Cache-Control': 'no-cache', 'ETag': 'W/"492-6P48fE4haZ6LHJ9JukoAKWhjDKc"', 'Vary': 'Accept-Encoding', 'Content-Encoding': 'gzip', 'CF-Cache-Status': 'DYNAMIC', 'Report-To': '{"endpoints":[{"url":"https:\\/\\/a.nel.cloudflare.com\\/report\\/v4?s=StDebq6i2Q567sdAsn68Fwb9L4FzoDHYdT8YcGfAHk6ufMcsIkyVssFuhUsLhZfGtPOIHklrYewZYhMM7Dp50e7P5vdbpR5z3dZQN%2FK7YZ%2BOS1gtjxP6wuU6DBiS%2FkXk"}],"group":"cf-nel","max_age":604800}', 'NEL': '{"success_fraction":0,"report_to":"cf-nel","max_age":604800}', 'Server': 'cloudflare', 'CF-RAY': '8af62c21eb2e2f33-LAX', 'alt-svc': 'h3=":443"; ma=86400'} 
 body={"results":[{"gender":"female","name":{"title":"Mrs","first":"Harriet","last":"White"},"location":{"street":{"number":4892,"name":"Stuart Street"},"city":"Gisborne","state":"Tasman","country":"New Zealand","postcode":40775,"coordinates":{"latitude":"54.5932","longitude":"150.5780"},"timezone":{"offset":"+10:00","description":"Eastern Australia, Guam, Vladivostok"}},"email":"harriet.white@example.com","login":{"uuid":"5d7f7d3c-5cb6-421f-bee0-a86f244464ba","username":"angrymouse574","password":"trinitro","salt":"WQzke0l5","md5":"e1a9770c3a58cf86f0c9984846a6cd9e","sha1":"dc62b1424a7bd06d02dca1ff22b83211c3c7a33e","sha256":"9ddc211db86e711627ecfc4e673c2f9005797de50abaf7486194f4517b8800f0"},"dob":{"date":"1965-12-15T04:49:51.358Z","age":58},"registered":{"date":"2021-07-14T20:32:44.367Z","age":3},"phone":"(223)-427-6399","cell":"(146)-529-0641","id":{"name":"","value":null},"picture":{"large":"https://randomuser.me/api/portraits/women/14.jpg","medium":"https://randomuser.me/api/portraits/med/women/14.jpg","thumbnail":"https://randomuser.me/api/portraits/thumb/women/14.jpg"},"nat":"NZ"}],"info":{"seed":"6295fc515a3387b5","results":1,"page":1,"version":"1.4"}} 
 </msg>
<msg time="2024-08-07T09:17:14.010610" level="INFO">/opt/hostedtoolcache/Python/3.12.4/x64/lib/python3.12/site-packages/urllib3/connectionpool.py:1099: InsecureRequestWarning: Unverified HTTPS request is being made to host 'randomuser.me'. Adding certificate verification is strongly advised. See: https://urllib3.readthedocs.io/en/latest/advanced-usage.html#tls-warnings
  warnings.warn(</msg>
<msg time="2024-08-07T09:17:14.010751" level="INFO">${response} = &lt;Response [200]&gt;</msg>
<var>${response}</var>
<arg>consultarAPI</arg>
<arg>/api</arg>
<doc>Sends a GET request on a previously created HTTP Session.</doc>
<status status="PASS" start="2024-08-07T09:17:13.739249" elapsed="0.271545"/>
</kw>
<kw name="Should Be Equal As Numbers" owner="BuiltIn">
<msg time="2024-08-07T09:17:14.011798" level="INFO">Argument types are:
&lt;class 'int'&gt;
&lt;class 'str'&gt;</msg>
<arg>${response.status_code}</arg>
<arg>200</arg>
<doc>Fails if objects are unequal after converting them to real numbers.</doc>
<status status="PASS" start="2024-08-07T09:17:14.011333" elapsed="0.000531"/>
</kw>
<kw name="Log" owner="BuiltIn">
<msg time="2024-08-07T09:17:14.012538" level="INFO">200</msg>
<arg>${response.status_code}</arg>
<doc>Logs the given message with the given level.</doc>
<status status="PASS" start="2024-08-07T09:17:14.012182" elapsed="0.000399"/>
</kw>
<kw name="Set Variable" owner="BuiltIn">
<msg time="2024-08-07T09:17:14.013325" level="INFO">${json_data} = {'results': [{'gender': 'female', 'name': {'title': 'Mrs', 'first': 'Harriet', 'last': 'White'}, 'location': {'street': {'number': 4892, 'name': 'Stuart Street'}, 'city': 'Gisborne', 'state': 'Tasman'...</msg>
<var>${json_data}</var>
<arg>${response.json()}</arg>
<doc>Returns the given values which can then be assigned to a variables.</doc>
<status status="PASS" start="2024-08-07T09:17:14.012888" elapsed="0.000468"/>
</kw>
<kw name="Dictionary Should Contain Key" owner="Collections">
<arg>${json_data}</arg>
<arg>results</arg>
<doc>Fails if ``key`` is not found from ``dictionary``.</doc>
<status status="PASS" start="2024-08-07T09:17:14.013664" elapsed="0.000328"/>
</kw>
<status status="PASS" start="2024-08-07T09:17:13.739010" elapsed="0.275140"/>
</kw>
<doc>Testa se a API responde corretamente e retorna um objeto JSON válido.</doc>
<tag>testeRequisicaoBasica</tag>
<status status="PASS" start="2024-08-07T09:17:13.738498" elapsed="0.275861"/>
</test>
<test id="s1-s1-t3" name="Validar estrutura de resposta" line="22">
<kw name="Teste de Estrutura de Resposta" owner="random-user-service">
<kw name="GET On Session" owner="RequestsLibrary">
<msg time="2024-08-07T09:17:14.120677" level="INFO">GET Request : url=https://randomuser.me/api 
 path_url=/api 
 headers={'User-Agent': 'python-requests/2.32.3', 'Accept-Encoding': 'gzip, deflate', 'Accept': '*/*', 'Connection': 'keep-alive'} 
 body=None 
 </msg>
<msg time="2024-08-07T09:17:14.120798" level="INFO">GET Response : url=https://randomuser.me/api 
 status=200, reason=OK 
 headers={'Date': 'Wed, 07 Aug 2024 09:17:14 GMT', 'Content-Type': 'application/json; charset=utf-8', 'Transfer-Encoding': 'chunked', 'Connection': 'keep-alive', 'X-Powered-By': 'Express', 'Access-Control-Allow-Origin': '*', 'Cache-Control': 'no-cache', 'ETag': 'W/"48e-NoYYwmXVve1MiQxXYFTc2doqcAI"', 'Vary': 'Accept-Encoding', 'Content-Encoding': 'gzip', 'CF-Cache-Status': 'DYNAMIC', 'Report-To': '{"endpoints":[{"url":"https:\\/\\/a.nel.cloudflare.com\\/report\\/v4?s=oQ8iYyxR2ricMUvv76RBfAoTZm3%2FZQeCYX93%2BZBs4EjTx1yH3KQNc7yh9FkMw%2FhSLxg4iHMzsErMuEfHD%2Fk7qjWJKg%2FAXGscKIDUsAYpOz8veOV5mLONy0mFxTnKDZt0"}],"group":"cf-nel","max_age":604800}', 'NEL': '{"success_fraction":0,"report_to":"cf-nel","max_age":604800}', 'Server': 'cloudflare', 'CF-RAY': '8af62c22abc12f33-LAX', 'alt-svc': 'h3=":443"; ma=86400'} 
 body={"results":[{"gender":"male","name":{"title":"Mr","first":"Kemal","last":"Pflug"},"location":{"street":{"number":5287,"name":"Waldweg"},"city":"Dingolfing-Landau","state":"Sachsen","country":"Germany","postcode":63856,"coordinates":{"latitude":"-54.7719","longitude":"-150.3330"},"timezone":{"offset":"+8:00","description":"Beijing, Perth, Singapore, Hong Kong"}},"email":"kemal.pflug@example.com","login":{"uuid":"9ad8f3c9-42d1-4510-af80-ba6570341a0f","username":"lazybird722","password":"zeng","salt":"qk1hvgai","md5":"0beb55fb2e510e7a3943040e26f38aba","sha1":"854ba7647a1d7fe84e7b86ecc835c76a1229b45d","sha256":"a54a72f169434558a168dd7783ca2441e2c728f42638a3368ef04336a6855bc4"},"dob":{"date":"1983-01-19T15:25:10.920Z","age":41},"registered":{"date":"2010-09-09T19:09:22.173Z","age":13},"phone":"0401-2060925","cell":"0173-8090892","id":{"name":"SVNR","value":"45 190183 P 228"},"picture":{"large":"https://randomuser.me/api/portraits/men/35.jpg","medium":"https://randomuser.me/api/portraits/med/men/35.jpg","thumbnail":"https://randomuser.me/api/portraits/thumb/men/35.jpg"},"nat":"DE"}],"info":{"seed":"f3d6a229473e43aa","results":1,"page":1,"version":"1.4"}} 
 </msg>
<msg time="2024-08-07T09:17:14.120947" level="INFO">/opt/hostedtoolcache/Python/3.12.4/x64/lib/python3.12/site-packages/urllib3/connectionpool.py:1099: InsecureRequestWarning: Unverified HTTPS request is being made to host 'randomuser.me'. Adding certificate verification is strongly advised. See: https://urllib3.readthedocs.io/en/latest/advanced-usage.html#tls-warnings
  warnings.warn(</msg>
<msg time="2024-08-07T09:17:14.121098" level="INFO">${response} = &lt;Response [200]&gt;</msg>
<var>${response}</var>
<arg>consultarAPI</arg>
<arg>/api</arg>
<doc>Sends a GET request on a previously created HTTP Session.</doc>
<status status="PASS" start="2024-08-07T09:17:14.017757" elapsed="0.103419"/>
</kw>
<kw name="Set Variable" owner="BuiltIn">
<msg time="2024-08-07T09:17:14.122240" level="INFO">${json_data} = {'results': [{'gender': 'male', 'name': {'title': 'Mr', 'first': 'Kemal', 'last': 'Pflug'}, 'location': {'street': {'number': 5287, 'name': 'Waldweg'}, 'city': 'Dingolfing-Landau', 'state': 'Sachsen',...</msg>
<var>${json_data}</var>
<arg>${response.json()}</arg>
<doc>Returns the given values which can then be assigned to a variables.</doc>
<status status="PASS" start="2024-08-07T09:17:14.121712" elapsed="0.000560"/>
</kw>
<kw name="Log" owner="BuiltIn">
<msg time="2024-08-07T09:17:14.122806" level="INFO">{'results': [{'gender': 'male', 'name': {'title': 'Mr', 'first': 'Kemal', 'last': 'Pflug'}, 'location': {'street': {'number': 5287, 'name': 'Waldweg'}, 'city': 'Dingolfing-Landau', 'state': 'Sachsen', 'country': 'Germany', 'postcode': 63856, 'coordinates': {'latitude': '-54.7719', 'longitude': '-150.3330'}, 'timezone': {'offset': '+8:00', 'description': 'Beijing, Perth, Singapore, Hong Kong'}}, 'email': 'kemal.pflug@example.com', 'login': {'uuid': '9ad8f3c9-42d1-4510-af80-ba6570341a0f', 'username': 'lazybird722', 'password': 'zeng', 'salt': 'qk1hvgai', 'md5': '0beb55fb2e510e7a3943040e26f38aba', 'sha1': '854ba7647a1d7fe84e7b86ecc835c76a1229b45d', 'sha256': 'a54a72f169434558a168dd7783ca2441e2c728f42638a3368ef04336a6855bc4'}, 'dob': {'date': '1983-01-19T15:25:10.920Z', 'age': 41}, 'registered': {'date': '2010-09-09T19:09:22.173Z', 'age': 13}, 'phone': '0401-2060925', 'cell': '0173-8090892', 'id': {'name': 'SVNR', 'value': '45 190183 P 228'}, 'picture': {'large': 'https://randomuser.me/api/portraits/men/35.jpg', 'medium': 'https://randomuser.me/api/portraits/med/men/35.jpg', 'thumbnail': 'https://randomuser.me/api/portraits/thumb/men/35.jpg'}, 'nat': 'DE'}], 'info': {'seed': 'f3d6a229473e43aa', 'results': 1, 'page': 1, 'version': '1.4'}}</msg>
<arg>${json_data}</arg>
<doc>Logs the given message with the given level.</doc>
<status status="PASS" start="2024-08-07T09:17:14.122640" elapsed="0.000218"/>
</kw>
<kw name="Dictionary Should Contain Key" owner="Collections">
<arg>${json_data}</arg>
<arg>results</arg>
<doc>Fails if ``key`` is not found from ``dictionary``.</doc>
<status status="PASS" start="2024-08-07T09:17:14.123167" elapsed="0.000172"/>
</kw>
<kw name="Should Not Be Empty" owner="BuiltIn">
<msg time="2024-08-07T09:17:14.123656" level="INFO">Length is 2.</msg>
<arg>${json_data}</arg>
<doc>Verifies that the given item is not empty.</doc>
<status status="PASS" start="2024-08-07T09:17:14.123528" elapsed="0.000167"/>
</kw>
<kw name="Create List" owner="BuiltIn">
<msg time="2024-08-07T09:17:14.124147" level="INFO">${expected_keys} = ['gender', 'name', 'location', 'email', 'login']</msg>
<var>${expected_keys}</var>
<arg>gender</arg>
<arg>name</arg>
<arg>location</arg>
<arg>email</arg>
<arg>login</arg>
<doc>Returns a list containing given items.</doc>
<status status="PASS" start="2024-08-07T09:17:14.123987" elapsed="0.000185"/>
</kw>
<for flavor="IN">
<iter>
<kw name="Dictionary Should Contain Key" owner="Collections">
<arg>${json_data['results'][0]}</arg>
<arg>${key}</arg>
<doc>Fails if ``key`` is not found from ``dictionary``.</doc>
<status status="PASS" start="2024-08-07T09:17:14.124770" elapsed="0.000419"/>
</kw>
<kw name="Log" owner="BuiltIn">
<msg time="2024-08-07T09:17:14.125744" level="INFO">{'gender': 'male', 'name': {'title': 'Mr', 'first': 'Kemal', 'last': 'Pflug'}, 'location': {'street': {'number': 5287, 'name': 'Waldweg'}, 'city': 'Dingolfing-Landau', 'state': 'Sachsen', 'country': 'Germany', 'postcode': 63856, 'coordinates': {'latitude': '-54.7719', 'longitude': '-150.3330'}, 'timezone': {'offset': '+8:00', 'description': 'Beijing, Perth, Singapore, Hong Kong'}}, 'email': 'kemal.pflug@example.com', 'login': {'uuid': '9ad8f3c9-42d1-4510-af80-ba6570341a0f', 'username': 'lazybird722', 'password': 'zeng', 'salt': 'qk1hvgai', 'md5': '0beb55fb2e510e7a3943040e26f38aba', 'sha1': '854ba7647a1d7fe84e7b86ecc835c76a1229b45d', 'sha256': 'a54a72f169434558a168dd7783ca2441e2c728f42638a3368ef04336a6855bc4'}, 'dob': {'date': '1983-01-19T15:25:10.920Z', 'age': 41}, 'registered': {'date': '2010-09-09T19:09:22.173Z', 'age': 13}, 'phone': '0401-2060925', 'cell': '0173-8090892', 'id': {'name': 'SVNR', 'value': '45 190183 P 228'}, 'picture': {'large': 'https://randomuser.me/api/portraits/men/35.jpg', 'medium': 'https://randomuser.me/api/portraits/med/men/35.jpg', 'thumbnail': 'https://randomuser.me/api/portraits/thumb/men/35.jpg'}, 'nat': 'DE'}</msg>
<arg>${json_data['results'][0]}</arg>
<doc>Logs the given message with the given level.</doc>
<status status="PASS" start="2024-08-07T09:17:14.125382" elapsed="0.000412"/>
</kw>
<kw name="Log" owner="BuiltIn">
<msg time="2024-08-07T09:17:14.126238" level="INFO">gender</msg>
<arg>${key}</arg>
<doc>Logs the given message with the given level.</doc>
<status status="PASS" start="2024-08-07T09:17:14.126107" elapsed="0.000171"/>
</kw>
<var name="${key}">gender</var>
<status status="PASS" start="2024-08-07T09:17:14.124643" elapsed="0.001886"/>
</iter>
<iter>
<kw name="Dictionary Should Contain Key" owner="Collections">
<arg>${json_data['results'][0]}</arg>
<arg>${key}</arg>
<doc>Fails if ``key`` is not found from ``dictionary``.</doc>
<status status="PASS" start="2024-08-07T09:17:14.126833" elapsed="0.000402"/>
</kw>
<kw name="Log" owner="BuiltIn">
<msg time="2024-08-07T09:17:14.127781" level="INFO">{'gender': 'male', 'name': {'title': 'Mr', 'first': 'Kemal', 'last': 'Pflug'}, 'location': {'street': {'number': 5287, 'name': 'Waldweg'}, 'city': 'Dingolfing-Landau', 'state': 'Sachsen', 'country': 'Germany', 'postcode': 63856, 'coordinates': {'latitude': '-54.7719', 'longitude': '-150.3330'}, 'timezone': {'offset': '+8:00', 'description': 'Beijing, Perth, Singapore, Hong Kong'}}, 'email': 'kemal.pflug@example.com', 'login': {'uuid': '9ad8f3c9-42d1-4510-af80-ba6570341a0f', 'username': 'lazybird722', 'password': 'zeng', 'salt': 'qk1hvgai', 'md5': '0beb55fb2e510e7a3943040e26f38aba', 'sha1': '854ba7647a1d7fe84e7b86ecc835c76a1229b45d', 'sha256': 'a54a72f169434558a168dd7783ca2441e2c728f42638a3368ef04336a6855bc4'}, 'dob': {'date': '1983-01-19T15:25:10.920Z', 'age': 41}, 'registered': {'date': '2010-09-09T19:09:22.173Z', 'age': 13}, 'phone': '0401-2060925', 'cell': '0173-8090892', 'id': {'name': 'SVNR', 'value': '45 190183 P 228'}, 'picture': {'large': 'https://randomuser.me/api/portraits/men/35.jpg', 'medium': 'https://randomuser.me/api/portraits/med/men/35.jpg', 'thumbnail': 'https://randomuser.me/api/portraits/thumb/men/35.jpg'}, 'nat': 'DE'}</msg>
<arg>${json_data['results'][0]}</arg>
<doc>Logs the given message with the given level.</doc>
<status status="PASS" start="2024-08-07T09:17:14.127423" elapsed="0.000439"/>
</kw>
<kw name="Log" owner="BuiltIn">
<msg time="2024-08-07T09:17:14.128295" level="INFO">name</msg>
<arg>${key}</arg>
<doc>Logs the given message with the given level.</doc>
<status status="PASS" start="2024-08-07T09:17:14.128164" elapsed="0.000170"/>
</kw>
<var name="${key}">name</var>
<status status="PASS" start="2024-08-07T09:17:14.126716" elapsed="0.001840"/>
</iter>
<iter>
<kw name="Dictionary Should Contain Key" owner="Collections">
<arg>${json_data['results'][0]}</arg>
<arg>${key}</arg>
<doc>Fails if ``key`` is not found from ``dictionary``.</doc>
<status status="PASS" start="2024-08-07T09:17:14.128853" elapsed="0.000395"/>
</kw>
<kw name="Log" owner="BuiltIn">
<msg time="2024-08-07T09:17:14.129790" level="INFO">{'gender': 'male', 'name': {'title': 'Mr', 'first': 'Kemal', 'last': 'Pflug'}, 'location': {'street': {'number': 5287, 'name': 'Waldweg'}, 'city': 'Dingolfing-Landau', 'state': 'Sachsen', 'country': 'Germany', 'postcode': 63856, 'coordinates': {'latitude': '-54.7719', 'longitude': '-150.3330'}, 'timezone': {'offset': '+8:00', 'description': 'Beijing, Perth, Singapore, Hong Kong'}}, 'email': 'kemal.pflug@example.com', 'login': {'uuid': '9ad8f3c9-42d1-4510-af80-ba6570341a0f', 'username': 'lazybird722', 'password': 'zeng', 'salt': 'qk1hvgai', 'md5': '0beb55fb2e510e7a3943040e26f38aba', 'sha1': '854ba7647a1d7fe84e7b86ecc835c76a1229b45d', 'sha256': 'a54a72f169434558a168dd7783ca2441e2c728f42638a3368ef04336a6855bc4'}, 'dob': {'date': '1983-01-19T15:25:10.920Z', 'age': 41}, 'registered': {'date': '2010-09-09T19:09:22.173Z', 'age': 13}, 'phone': '0401-2060925', 'cell': '0173-8090892', 'id': {'name': 'SVNR', 'value': '45 190183 P 228'}, 'picture': {'large': 'https://randomuser.me/api/portraits/men/35.jpg', 'medium': 'https://randomuser.me/api/portraits/med/men/35.jpg', 'thumbnail': 'https://randomuser.me/api/portraits/thumb/men/35.jpg'}, 'nat': 'DE'}</msg>
<arg>${json_data['results'][0]}</arg>
<doc>Logs the given message with the given level.</doc>
<status status="PASS" start="2024-08-07T09:17:14.129434" elapsed="0.000405"/>
</kw>
<kw name="Log" owner="BuiltIn">
<msg time="2024-08-07T09:17:14.130277" level="INFO">location</msg>
<arg>${key}</arg>
<doc>Logs the given message with the given level.</doc>
<status status="PASS" start="2024-08-07T09:17:14.130144" elapsed="0.000192"/>
</kw>
<var name="${key}">location</var>
<status status="PASS" start="2024-08-07T09:17:14.128742" elapsed="0.001818"/>
</iter>
<iter>
<kw name="Dictionary Should Contain Key" owner="Collections">
<arg>${json_data['results'][0]}</arg>
<arg>${key}</arg>
<doc>Fails if ``key`` is not found from ``dictionary``.</doc>
<status status="PASS" start="2024-08-07T09:17:14.130839" elapsed="0.000393"/>
</kw>
<kw name="Log" owner="BuiltIn">
<msg time="2024-08-07T09:17:14.131891" level="INFO">{'gender': 'male', 'name': {'title': 'Mr', 'first': 'Kemal', 'last': 'Pflug'}, 'location': {'street': {'number': 5287, 'name': 'Waldweg'}, 'city': 'Dingolfing-Landau', 'state': 'Sachsen', 'country': 'Germany', 'postcode': 63856, 'coordinates': {'latitude': '-54.7719', 'longitude': '-150.3330'}, 'timezone': {'offset': '+8:00', 'description': 'Beijing, Perth, Singapore, Hong Kong'}}, 'email': 'kemal.pflug@example.com', 'login': {'uuid': '9ad8f3c9-42d1-4510-af80-ba6570341a0f', 'username': 'lazybird722', 'password': 'zeng', 'salt': 'qk1hvgai', 'md5': '0beb55fb2e510e7a3943040e26f38aba', 'sha1': '854ba7647a1d7fe84e7b86ecc835c76a1229b45d', 'sha256': 'a54a72f169434558a168dd7783ca2441e2c728f42638a3368ef04336a6855bc4'}, 'dob': {'date': '1983-01-19T15:25:10.920Z', 'age': 41}, 'registered': {'date': '2010-09-09T19:09:22.173Z', 'age': 13}, 'phone': '0401-2060925', 'cell': '0173-8090892', 'id': {'name': 'SVNR', 'value': '45 190183 P 228'}, 'picture': {'large': 'https://randomuser.me/api/portraits/men/35.jpg', 'medium': 'https://randomuser.me/api/portraits/med/men/35.jpg', 'thumbnail': 'https://randomuser.me/api/portraits/thumb/men/35.jpg'}, 'nat': 'DE'}</msg>
<arg>${json_data['results'][0]}</arg>
<doc>Logs the given message with the given level.</doc>
<status status="PASS" start="2024-08-07T09:17:14.131537" elapsed="0.000401"/>
</kw>
<kw name="Log" owner="BuiltIn">
<msg time="2024-08-07T09:17:14.132363" level="INFO">email</msg>
<arg>${key}</arg>
<doc>Logs the given message with the given level.</doc>
<status status="PASS" start="2024-08-07T09:17:14.132234" elapsed="0.000167"/>
</kw>
<var name="${key}">email</var>
<status status="PASS" start="2024-08-07T09:17:14.130732" elapsed="0.001886"/>
</iter>
<iter>
<kw name="Dictionary Should Contain Key" owner="Collections">
<arg>${json_data['results'][0]}</arg>
<arg>${key}</arg>
<doc>Fails if ``key`` is not found from ``dictionary``.</doc>
<status status="PASS" start="2024-08-07T09:17:14.132901" elapsed="0.000377"/>
</kw>
<kw name="Log" owner="BuiltIn">
<msg time="2024-08-07T09:17:14.133801" level="INFO">{'gender': 'male', 'name': {'title': 'Mr', 'first': 'Kemal', 'last': 'Pflug'}, 'location': {'street': {'number': 5287, 'name': 'Waldweg'}, 'city': 'Dingolfing-Landau', 'state': 'Sachsen', 'country': 'Germany', 'postcode': 63856, 'coordinates': {'latitude': '-54.7719', 'longitude': '-150.3330'}, 'timezone': {'offset': '+8:00', 'description': 'Beijing, Perth, Singapore, Hong Kong'}}, 'email': 'kemal.pflug@example.com', 'login': {'uuid': '9ad8f3c9-42d1-4510-af80-ba6570341a0f', 'username': 'lazybird722', 'password': 'zeng', 'salt': 'qk1hvgai', 'md5': '0beb55fb2e510e7a3943040e26f38aba', 'sha1': '854ba7647a1d7fe84e7b86ecc835c76a1229b45d', 'sha256': 'a54a72f169434558a168dd7783ca2441e2c728f42638a3368ef04336a6855bc4'}, 'dob': {'date': '1983-01-19T15:25:10.920Z', 'age': 41}, 'registered': {'date': '2010-09-09T19:09:22.173Z', 'age': 13}, 'phone': '0401-2060925', 'cell': '0173-8090892', 'id': {'name': 'SVNR', 'value': '45 190183 P 228'}, 'picture': {'large': 'https://randomuser.me/api/portraits/men/35.jpg', 'medium': 'https://randomuser.me/api/portraits/med/men/35.jpg', 'thumbnail': 'https://randomuser.me/api/portraits/thumb/men/35.jpg'}, 'nat': 'DE'}</msg>
<arg>${json_data['results'][0]}</arg>
<doc>Logs the given message with the given level.</doc>
<status status="PASS" start="2024-08-07T09:17:14.133458" elapsed="0.000390"/>
</kw>
<kw name="Log" owner="BuiltIn">
<msg time="2024-08-07T09:17:14.134283" level="INFO">login</msg>
<arg>${key}</arg>
<doc>Logs the given message with the given level.</doc>
<status status="PASS" start="2024-08-07T09:17:14.134143" elapsed="0.000199"/>
</kw>
<var name="${key}">login</var>
<status status="PASS" start="2024-08-07T09:17:14.132794" elapsed="0.001775"/>
</iter>
<var>${key}</var>
<value>@{expected_keys}</value>
<status status="PASS" start="2024-08-07T09:17:14.124440" elapsed="0.010253"/>
</for>
<kw name="Create List" owner="BuiltIn">
<msg time="2024-08-07T09:17:14.135022" level="INFO">${expected_keysTwo} = ['username', 'password']</msg>
<var>${expected_keysTwo}</var>
<arg>username</arg>
<arg>password</arg>
<doc>Returns a list containing given items.</doc>
<status status="PASS" start="2024-08-07T09:17:14.134886" elapsed="0.000189"/>
</kw>
<for flavor="IN">
<iter>
<kw name="Dictionary Should Contain Key" owner="Collections">
<arg>${json_data['results'][0]['login']}</arg>
<arg>${keyTwo}</arg>
<doc>Fails if ``key`` is not found from ``dictionary``.</doc>
<status status="PASS" start="2024-08-07T09:17:14.135588" elapsed="0.000394"/>
</kw>
<kw name="Dictionary Should Contain Key" owner="Collections">
<arg>${json_data['results'][0]['login']}</arg>
<arg>${keyTwo}</arg>
<doc>Fails if ``key`` is not found from ``dictionary``.</doc>
<status status="PASS" start="2024-08-07T09:17:14.136164" elapsed="0.000383"/>
</kw>
<kw name="Log" owner="BuiltIn">
<msg time="2024-08-07T09:17:14.136855" level="INFO">username</msg>
<arg>${keyTwo}</arg>
<doc>Logs the given message with the given level.</doc>
<status status="PASS" start="2024-08-07T09:17:14.136733" elapsed="0.000159"/>
</kw>
<var name="${keyTwo}">username</var>
<status status="PASS" start="2024-08-07T09:17:14.135482" elapsed="0.001631"/>
</iter>
<iter>
<kw name="Dictionary Should Contain Key" owner="Collections">
<arg>${json_data['results'][0]['login']}</arg>
<arg>${keyTwo}</arg>
<doc>Fails if ``key`` is not found from ``dictionary``.</doc>
<status status="PASS" start="2024-08-07T09:17:14.137390" elapsed="0.000384"/>
</kw>
<kw name="Dictionary Should Contain Key" owner="Collections">
<arg>${json_data['results'][0]['login']}</arg>
<arg>${keyTwo}</arg>
<doc>Fails if ``key`` is not found from ``dictionary``.</doc>
<status status="PASS" start="2024-08-07T09:17:14.137951" elapsed="0.000410"/>
</kw>
<kw name="Log" owner="BuiltIn">
<msg time="2024-08-07T09:17:14.138663" level="INFO">password</msg>
<arg>${keyTwo}</arg>
<doc>Logs the given message with the given level.</doc>
<status status="PASS" start="2024-08-07T09:17:14.138542" elapsed="0.000159"/>
</kw>
<var name="${keyTwo}">password</var>
<status status="PASS" start="2024-08-07T09:17:14.137284" elapsed="0.001639"/>
</iter>
<var>${keyTwo}</var>
<value>@{expected_keysTwo}</value>
<status status="PASS" start="2024-08-07T09:17:14.135324" elapsed="0.003717"/>
</for>
<status status="PASS" start="2024-08-07T09:17:14.017428" elapsed="0.121757"/>
</kw>
<doc>Testa a estrutura da resposta da API.</doc>
<tag>testeEstruturaResposta</tag>
<status status="PASS" start="2024-08-07T09:17:14.016648" elapsed="0.122700"/>
</test>
<test id="s1-s1-t4" name="Validar tipos de dados" line="28">
<kw name="Teste de Tipos de Dados" owner="random-user-service">
<kw name="GET On Session" owner="RequestsLibrary">
<msg time="2024-08-07T09:17:14.235959" level="INFO">GET Request : url=https://randomuser.me/api 
 path_url=/api 
 headers={'User-Agent': 'python-requests/2.32.3', 'Accept-Encoding': 'gzip, deflate', 'Accept': '*/*', 'Connection': 'keep-alive'} 
 body=None 
 </msg>
<msg time="2024-08-07T09:17:14.236057" level="INFO">GET Response : url=https://randomuser.me/api 
 status=200, reason=OK 
 headers={'Date': 'Wed, 07 Aug 2024 09:17:14 GMT', 'Content-Type': 'application/json; charset=utf-8', 'Transfer-Encoding': 'chunked', 'Connection': 'keep-alive', 'X-Powered-By': 'Express', 'Access-Control-Allow-Origin': '*', 'Cache-Control': 'no-cache', 'ETag': 'W/"486-l4PwaLOxlD7K5XFHd679fdRMsLQ"', 'Vary': 'Accept-Encoding', 'Content-Encoding': 'gzip', 'CF-Cache-Status': 'DYNAMIC', 'Report-To': '{"endpoints":[{"url":"https:\\/\\/a.nel.cloudflare.com\\/report\\/v4?s=X%2F%2FciOQ%2F%2BYHDuHK49O8R%2BxlA71jYSdWaHi8ejwnArHFjqKI1KBZQfF1Y1JGhJiwAj428GsCpbtT2wwSN8WK%2FDZBJVEdaCwroIEHEKDNSvdeZPrk26Fzl44cedBzaqct6"}],"group":"cf-nel","max_age":604800}', 'NEL': '{"success_fraction":0,"report_to":"cf-nel","max_age":604800}', 'Server': 'cloudflare', 'CF-RAY': '8af62c237c532f33-LAX', 'alt-svc': 'h3=":443"; ma=86400'} 
 body={"results":[{"gender":"female","name":{"title":"Ms","first":"Milla","last":"Peltola"},"location":{"street":{"number":4067,"name":"Otavalankatu"},"city":"Kiikoinen","state":"Päijät-Häme","country":"Finland","postcode":90332,"coordinates":{"latitude":"-25.1719","longitude":"141.2931"},"timezone":{"offset":"+3:30","description":"Tehran"}},"email":"milla.peltola@example.com","login":{"uuid":"9bc96849-ed50-4e3e-8fdb-b876f05c9770","username":"sadostrich591","password":"sniffing","salt":"2ua4n5t9","md5":"0ea5f558baf06fa071ce568689ed9797","sha1":"cc5858b01d5c82b5de2cc567337e6de829236f80","sha256":"606d985b5eebe5ba1e40212fb227196adde5f786bdd704b0c371c6b5d1bb985f"},"dob":{"date":"1970-01-29T23:24:58.966Z","age":54},"registered":{"date":"2009-11-26T02:51:43.532Z","age":14},"phone":"02-376-440","cell":"040-537-97-68","id":{"name":"HETU","value":"NaNNA232undefined"},"picture":{"large":"https://randomuser.me/api/portraits/women/95.jpg","medium":"https://randomuser.me/api/portraits/med/women/95.jpg","thumbnail":"https://randomuser.me/api/portraits/thumb/women/95.jpg"},"nat":"FI"}],"info":{"seed":"1b5179985083b911","results":1,"page":1,"version":"1.4"}} 
 </msg>
<msg time="2024-08-07T09:17:14.236133" level="INFO">/opt/hostedtoolcache/Python/3.12.4/x64/lib/python3.12/site-packages/urllib3/connectionpool.py:1099: InsecureRequestWarning: Unverified HTTPS request is being made to host 'randomuser.me'. Adding certificate verification is strongly advised. See: https://urllib3.readthedocs.io/en/latest/advanced-usage.html#tls-warnings
  warnings.warn(</msg>
<msg time="2024-08-07T09:17:14.236269" level="INFO">${response} = &lt;Response [200]&gt;</msg>
<var>${response}</var>
<arg>consultarAPI</arg>
<arg>/api</arg>
<doc>Sends a GET request on a previously created HTTP Session.</doc>
<status status="PASS" start="2024-08-07T09:17:14.141916" elapsed="0.094400"/>
</kw>
<kw name="Set Variable" owner="BuiltIn">
<msg time="2024-08-07T09:17:14.237465" level="INFO">${json_data} = {'results': [{'gender': 'female', 'name': {'title': 'Ms', 'first': 'Milla', 'last': 'Peltola'}, 'location': {'street': {'number': 4067, 'name': 'Otavalankatu'}, 'city': 'Kiikoinen', 'state': 'Päijät-H...</msg>
<var>${json_data}</var>
<arg>${response.json()}</arg>
<doc>Returns the given values which can then be assigned to a variables.</doc>
<status status="PASS" start="2024-08-07T09:17:14.236894" elapsed="0.000600"/>
</kw>
<kw name="Log" owner="BuiltIn">
<msg time="2024-08-07T09:17:14.237957" level="INFO">{'results': [{'gender': 'female', 'name': {'title': 'Ms', 'first': 'Milla', 'last': 'Peltola'}, 'location': {'street': {'number': 4067, 'name': 'Otavalankatu'}, 'city': 'Kiikoinen', 'state': 'Päijät-Häme', 'country': 'Finland', 'postcode': 90332, 'coordinates': {'latitude': '-25.1719', 'longitude': '141.2931'}, 'timezone': {'offset': '+3:30', 'description': 'Tehran'}}, 'email': 'milla.peltola@example.com', 'login': {'uuid': '9bc96849-ed50-4e3e-8fdb-b876f05c9770', 'username': 'sadostrich591', 'password': 'sniffing', 'salt': '2ua4n5t9', 'md5': '0ea5f558baf06fa071ce568689ed9797', 'sha1': 'cc5858b01d5c82b5de2cc567337e6de829236f80', 'sha256': '606d985b5eebe5ba1e40212fb227196adde5f786bdd704b0c371c6b5d1bb985f'}, 'dob': {'date': '1970-01-29T23:24:58.966Z', 'age': 54}, 'registered': {'date': '2009-11-26T02:51:43.532Z', 'age': 14}, 'phone': '02-376-440', 'cell': '040-537-97-68', 'id': {'name': 'HETU', 'value': 'NaNNA232undefined'}, 'picture': {'large': 'https://randomuser.me/api/portraits/women/95.jpg', 'medium': 'https://randomuser.me/api/portraits/med/women/95.jpg', 'thumbnail': 'https://randomuser.me/api/portraits/thumb/women/95.jpg'}, 'nat': 'FI'}], 'info': {'seed': '1b5179985083b911', 'results': 1, 'page': 1, 'version': '1.4'}}</msg>
<arg>${json_data}</arg>
<doc>Logs the given message with the given level.</doc>
<status status="PASS" start="2024-08-07T09:17:14.237799" elapsed="0.000206"/>
</kw>
<kw name="Should Be String" owner="String">
<arg>${json_data['results'][0]['gender']}</arg>
<doc>Fails if the given ``item`` is not a string.</doc>
<status status="PASS" start="2024-08-07T09:17:14.238297" elapsed="0.000402"/>
</kw>
<kw name="Should Match Regexp" owner="BuiltIn">
<arg>${json_data['results'][0]['email']}</arg>
<arg>^[a-zA-Z0-9._%+-]+@[a-zA-Z0-9.-]+\.[a-zA-Z]{2,}$</arg>
<doc>Fails if ``string`` does not match ``pattern`` as a regular expression.</doc>
<status status="PASS" start="2024-08-07T09:17:14.238895" elapsed="0.000508"/>
</kw>
<kw name="Should Match Regexp" owner="BuiltIn">
<arg>${json_data['results'][0]['dob']['date']}</arg>
<arg>\\d{4}-\\d{2}-\\d{2}T\\d{2}:\\d{2}:\\d{2}\\.\\d{3}Z</arg>
<doc>Fails if ``string`` does not match ``pattern`` as a regular expression.</doc>
<status status="PASS" start="2024-08-07T09:17:14.239636" elapsed="0.000620"/>
</kw>
<kw name="Should Match Regexp" owner="BuiltIn">
<arg>${json_data['results'][0]['registered']['date']}</arg>
<arg>\\d{4}-\\d{2}-\\d{2}T\\d{2}:\\d{2}:\\d{2}\\.\\d{3}Z</arg>
<doc>Fails if ``string`` does not match ``pattern`` as a regular expression.</doc>
<status status="PASS" start="2024-08-07T09:17:14.240448" elapsed="0.000368"/>
</kw>
<kw name="Should Match Regexp" owner="BuiltIn">
<arg>${json_data['results'][0]['picture']['large']}</arg>
<arg>^https?://.*\.(?:png|jpe?g|gif|bmp)$</arg>
<doc>Fails if ``string`` does not match ``pattern`` as a regular expression.</doc>
<status status="PASS" start="2024-08-07T09:17:14.241000" elapsed="0.000456"/>
</kw>
<kw name="Should Match Regexp" owner="BuiltIn">
<arg>${json_data['results'][0]['picture']['medium']}</arg>
<arg>^https?://.*\.(?:png|jpe?g|gif|bmp)$</arg>
<doc>Fails if ``string`` does not match ``pattern`` as a regular expression.</doc>
<status status="PASS" start="2024-08-07T09:17:14.241642" elapsed="0.000352"/>
</kw>
<kw name="Should Match Regexp" owner="BuiltIn">
<arg>${json_data['results'][0]['picture']['thumbnail']}</arg>
<arg>^https?://.*\.(?:png|jpe?g|gif|bmp)$</arg>
<doc>Fails if ``string`` does not match ``pattern`` as a regular expression.</doc>
<status status="PASS" start="2024-08-07T09:17:14.242176" elapsed="0.000385"/>
</kw>
<kw name="Log" owner="BuiltIn">
<msg time="2024-08-07T09:17:14.243077" level="INFO">{'large': 'https://randomuser.me/api/portraits/women/95.jpg', 'medium': 'https://randomuser.me/api/portraits/med/women/95.jpg', 'thumbnail': 'https://randomuser.me/api/portraits/thumb/women/95.jpg'}</msg>
<arg>${json_data['results'][0]['picture']}</arg>
<doc>Logs the given message with the given level.</doc>
<status status="PASS" start="2024-08-07T09:17:14.242751" elapsed="0.000370"/>
</kw>
<status status="PASS" start="2024-08-07T09:17:14.141691" elapsed="0.101694"/>
</kw>
<kw name="Teste de Tipos de Dados - Postcode" owner="random-user-service">
<kw name="GET On Session" owner="RequestsLibrary">
<msg time="2024-08-07T09:17:14.439067" level="INFO">GET Request : url=https://randomuser.me/api 
 path_url=/api 
 headers={'User-Agent': 'python-requests/2.32.3', 'Accept-Encoding': 'gzip, deflate', 'Accept': '*/*', 'Connection': 'keep-alive'} 
 body=None 
 </msg>
<msg time="2024-08-07T09:17:14.439162" level="INFO">GET Response : url=https://randomuser.me/api 
 status=200, reason=OK 
 headers={'Date': 'Wed, 07 Aug 2024 09:17:14 GMT', 'Content-Type': 'application/json; charset=utf-8', 'Transfer-Encoding': 'chunked', 'Connection': 'keep-alive', 'X-Powered-By': 'Express', 'Access-Control-Allow-Origin': '*', 'Cache-Control': 'no-cache', 'ETag': 'W/"49f-HUXPMRLGWslbfw/1MPNOD/3nvog"', 'Vary': 'Accept-Encoding', 'Content-Encoding': 'gzip', 'CF-Cache-Status': 'DYNAMIC', 'Report-To': '{"endpoints":[{"url":"https:\\/\\/a.nel.cloudflare.com\\/report\\/v4?s=TnVPs%2BlTlVrsODQ%2F9YTcngn9zJc%2Bwqe98aiMmwF%2FVexvXnGJ65jpo1bBqbF7eCQlEOS2syPaoXYjISNoORpFLzJeYmPRFP94Irjn0frsuHc4xmfskG1r1yXSQWkIcAyj"}],"group":"cf-nel","max_age":604800}', 'NEL': '{"success_fraction":0,"report_to":"cf-nel","max_age":604800}', 'Server': 'cloudflare', 'CF-RAY': '8af62c241cd32f33-LAX', 'alt-svc': 'h3=":443"; ma=86400'} 
 body={"results":[{"gender":"female","name":{"title":"Mrs","first":"Irene","last":"Morgan"},"location":{"street":{"number":1730,"name":"Adams St"},"city":"Townsville","state":"New South Wales","country":"Australia","postcode":7565,"coordinates":{"latitude":"-84.9191","longitude":"8.4190"},"timezone":{"offset":"0:00","description":"Western Europe Time, London, Lisbon, Casablanca"}},"email":"irene.morgan@example.com","login":{"uuid":"696720d3-5c0b-4621-9c36-e13708d28dc4","username":"happytiger182","password":"cashmone","salt":"YdTylfLY","md5":"67f7c0552138a189ba1fa938a02f8446","sha1":"9433b51cc6c5b1a58dc31ebaaf6fd8a7419c0682","sha256":"eb910e1c44c20cd29a55e300c0d91bee6a736fcef472bff31144c82e32d47708"},"dob":{"date":"1956-12-26T17:16:12.521Z","age":67},"registered":{"date":"2011-08-12T06:15:46.403Z","age":12},"phone":"05-8158-7299","cell":"0463-316-044","id":{"name":"TFN","value":"152403600"},"picture":{"large":"https://randomuser.me/api/portraits/women/2.jpg","medium":"https://randomuser.me/api/portraits/med/women/2.jpg","thumbnail":"https://randomuser.me/api/portraits/thumb/women/2.jpg"},"nat":"AU"}],"info":{"seed":"a380de5837f4a32a","results":1,"page":1,"version":"1.4"}} 
 </msg>
<msg time="2024-08-07T09:17:14.439231" level="INFO">/opt/hostedtoolcache/Python/3.12.4/x64/lib/python3.12/site-packages/urllib3/connectionpool.py:1099: InsecureRequestWarning: Unverified HTTPS request is being made to host 'randomuser.me'. Adding certificate verification is strongly advised. See: https://urllib3.readthedocs.io/en/latest/advanced-usage.html#tls-warnings
  warnings.warn(</msg>
<msg time="2024-08-07T09:17:14.439359" level="INFO">${response} = &lt;Response [200]&gt;</msg>
<var>${response}</var>
<arg>consultarAPI</arg>
<arg>/api</arg>
<doc>Sends a GET request on a previously created HTTP Session.</doc>
<status status="PASS" start="2024-08-07T09:17:14.243843" elapsed="0.195560"/>
</kw>
<kw name="Set Variable" owner="BuiltIn">
<msg time="2024-08-07T09:17:14.440597" level="INFO">${json_data} = {'results': [{'gender': 'female', 'name': {'title': 'Mrs', 'first': 'Irene', 'last': 'Morgan'}, 'location': {'street': {'number': 1730, 'name': 'Adams St'}, 'city': 'Townsville', 'state': 'New South W...</msg>
<var>${json_data}</var>
<arg>${response.json()}</arg>
<doc>Returns the given values which can then be assigned to a variables.</doc>
<status status="PASS" start="2024-08-07T09:17:14.440024" elapsed="0.000602"/>
</kw>
<kw name="Log" owner="BuiltIn">
<msg time="2024-08-07T09:17:14.441091" level="INFO">{'results': [{'gender': 'female', 'name': {'title': 'Mrs', 'first': 'Irene', 'last': 'Morgan'}, 'location': {'street': {'number': 1730, 'name': 'Adams St'}, 'city': 'Townsville', 'state': 'New South Wales', 'country': 'Australia', 'postcode': 7565, 'coordinates': {'latitude': '-84.9191', 'longitude': '8.4190'}, 'timezone': {'offset': '0:00', 'description': 'Western Europe Time, London, Lisbon, Casablanca'}}, 'email': 'irene.morgan@example.com', 'login': {'uuid': '696720d3-5c0b-4621-9c36-e13708d28dc4', 'username': 'happytiger182', 'password': 'cashmone', 'salt': 'YdTylfLY', 'md5': '67f7c0552138a189ba1fa938a02f8446', 'sha1': '9433b51cc6c5b1a58dc31ebaaf6fd8a7419c0682', 'sha256': 'eb910e1c44c20cd29a55e300c0d91bee6a736fcef472bff31144c82e32d47708'}, 'dob': {'date': '1956-12-26T17:16:12.521Z', 'age': 67}, 'registered': {'date': '2011-08-12T06:15:46.403Z', 'age': 12}, 'phone': '05-8158-7299', 'cell': '0463-316-044', 'id': {'name': 'TFN', 'value': '152403600'}, 'picture': {'large': 'https://randomuser.me/api/portraits/women/2.jpg', 'medium': 'https://randomuser.me/api/portraits/med/women/2.jpg', 'thumbnail': 'https://randomuser.me/api/portraits/thumb/women/2.jpg'}, 'nat': 'AU'}], 'info': {'seed': 'a380de5837f4a32a', 'results': 1, 'page': 1, 'version': '1.4'}}</msg>
<arg>${json_data}</arg>
<doc>Logs the given message with the given level.</doc>
<status status="PASS" start="2024-08-07T09:17:14.440934" elapsed="0.000204"/>
</kw>
<kw name="Should Be Equal As Numbers" owner="BuiltIn">
<arg>${json_data['results'][0]['location']['postcode']}</arg>
<arg>${json_data['results'][0]['location']['postcode']}</arg>
<doc>Fails if objects are unequal after converting them to real numbers.</doc>
<status status="PASS" start="2024-08-07T09:17:14.441428" elapsed="0.000623"/>
</kw>
<kw name="Log" owner="BuiltIn">
<msg time="2024-08-07T09:17:14.442638" level="INFO">7565</msg>
<arg>${json_data['results'][0]['location']['postcode']}</arg>
<doc>Logs the given message with the given level.</doc>
<status status="PASS" start="2024-08-07T09:17:14.442241" elapsed="0.000475"/>
</kw>
<status status="PASS" start="2024-08-07T09:17:14.243605" elapsed="0.199378"/>
</kw>
<doc>Testa se os tipos de dados na resposta da API estão corretos.</doc>
<tag>testeTiposDados</tag>
<status status="PASS" start="2024-08-07T09:17:14.141133" elapsed="0.302023"/>
</test>
<test id="s1-s1-t5" name="Validar conteudo" line="35">
<kw name="Teste de Tipos de Conteudo" owner="random-user-service">
<kw name="GET On Session" owner="RequestsLibrary">
<msg time="2024-08-07T09:17:14.537081" level="INFO">GET Request : url=https://randomuser.me/api 
 path_url=/api 
 headers={'User-Agent': 'python-requests/2.32.3', 'Accept-Encoding': 'gzip, deflate', 'Accept': '*/*', 'Connection': 'keep-alive'} 
 body=None 
 </msg>
<msg time="2024-08-07T09:17:14.537149" level="INFO">GET Response : url=https://randomuser.me/api 
 status=200, reason=OK 
 headers={'Date': 'Wed, 07 Aug 2024 09:17:14 GMT', 'Content-Type': 'application/json; charset=utf-8', 'Transfer-Encoding': 'chunked', 'Connection': 'keep-alive', 'X-Powered-By': 'Express', 'Access-Control-Allow-Origin': '*', 'Cache-Control': 'no-cache', 'ETag': 'W/"47a-THmTmoBtR0X3x0BS63gXfteEO9Y"', 'Vary': 'Accept-Encoding', 'Content-Encoding': 'gzip', 'CF-Cache-Status': 'DYNAMIC', 'Report-To': '{"endpoints":[{"url":"https:\\/\\/a.nel.cloudflare.com\\/report\\/v4?s=MufKNADEbGiXw%2BCC1m4Njg86iP5ublSF%2BdaJd6fcBCNV3N0gSHzeqRLMKgmCGraFkx%2FTeNt6zgDunJ6VBCKsu%2BSwuA9Cf6je9irusYmFZnjbTSu5MGVUskOpkG9Wf1we"}],"group":"cf-nel","max_age":604800}', 'NEL': '{"success_fraction":0,"report_to":"cf-nel","max_age":604800}', 'Server': 'cloudflare', 'CF-RAY': '8af62c255e3f2f33-LAX', 'alt-svc': 'h3=":443"; ma=86400'} 
 body={"results":[{"gender":"male","name":{"title":"Mr","first":"Miro","last":"Aragão"},"location":{"street":{"number":2313,"name":"Rua Amazonas "},"city":"Vespasiano","state":"Alagoas","country":"Brazil","postcode":96156,"coordinates":{"latitude":"-75.3090","longitude":"-101.0260"},"timezone":{"offset":"+5:45","description":"Kathmandu"}},"email":"miro.aragao@example.com","login":{"uuid":"a0b31f0f-de74-4cf3-872a-0926979606be","username":"blackmouse112","password":"johnjohn","salt":"36DpX9lb","md5":"82b463b124b12165a5dd6f2092057339","sha1":"532dbaea8badee856d914ec202d67cf11a4f7aa6","sha256":"3516ed36ebd88fef0d9e1ddc5ba3cb721d43f0c4947f997aa63579433853690c"},"dob":{"date":"1977-03-16T07:00:01.458Z","age":47},"registered":{"date":"2005-06-03T03:21:27.526Z","age":19},"phone":"(54) 5304-7937","cell":"(14) 6728-4786","id":{"name":"CPF","value":"999.304.086-69"},"picture":{"large":"https://randomuser.me/api/portraits/men/40.jpg","medium":"https://randomuser.me/api/portraits/med/men/40.jpg","thumbnail":"https://randomuser.me/api/portraits/thumb/men/40.jpg"},"nat":"BR"}],"info":{"seed":"24d0b3b5646c2851","results":1,"page":1,"version":"1.4"}} 
 </msg>
<msg time="2024-08-07T09:17:14.537211" level="INFO">/opt/hostedtoolcache/Python/3.12.4/x64/lib/python3.12/site-packages/urllib3/connectionpool.py:1099: InsecureRequestWarning: Unverified HTTPS request is being made to host 'randomuser.me'. Adding certificate verification is strongly advised. See: https://urllib3.readthedocs.io/en/latest/advanced-usage.html#tls-warnings
  warnings.warn(</msg>
<msg time="2024-08-07T09:17:14.537310" level="INFO">${response} = &lt;Response [200]&gt;</msg>
<var>${response}</var>
<arg>consultarAPI</arg>
<arg>/api</arg>
<doc>Sends a GET request on a previously created HTTP Session.</doc>
<status status="PASS" start="2024-08-07T09:17:14.445684" elapsed="0.091665"/>
</kw>
<kw name="Set Variable" owner="BuiltIn">
<msg time="2024-08-07T09:17:14.538428" level="INFO">${json_data} = {'results': [{'gender': 'male', 'name': {'title': 'Mr', 'first': 'Miro', 'last': 'Aragão'}, 'location': {'street': {'number': 2313, 'name': 'Rua Amazonas '}, 'city': 'Vespasiano', 'state': 'Alagoas', ...</msg>
<var>${json_data}</var>
<arg>${response.json()}</arg>
<doc>Returns the given values which can then be assigned to a variables.</doc>
<status status="PASS" start="2024-08-07T09:17:14.537806" elapsed="0.000653"/>
</kw>
<kw name="Set Variable" owner="BuiltIn">
<msg time="2024-08-07T09:17:14.539153" level="INFO">${name_title} = Mr</msg>
<var>${name_title}</var>
<arg>${json_data["results"][0]["name"]["title"]}</arg>
<doc>Returns the given values which can then be assigned to a variables.</doc>
<status status="PASS" start="2024-08-07T09:17:14.538767" elapsed="0.000411"/>
</kw>
<kw name="Create List" owner="BuiltIn">
<msg time="2024-08-07T09:17:14.539623" level="INFO">${allowed_titles} = ['Mr', 'Ms', 'Miss', 'Mrs', 'Madame', 'Monsieur']</msg>
<var>${allowed_titles}</var>
<arg>Mr</arg>
<arg>Ms</arg>
<arg>Miss</arg>
<arg>Mrs</arg>
<arg>Madame</arg>
<arg>Monsieur</arg>
<doc>Returns a list containing given items.</doc>
<status status="PASS" start="2024-08-07T09:17:14.539474" elapsed="0.000174"/>
</kw>
<kw name="List Should Contain Value" owner="Collections">
<arg>${allowed_titles}</arg>
<arg>${name_title}</arg>
<doc>Fails if the ``value`` is not found from ``list``.</doc>
<status status="PASS" start="2024-08-07T09:17:14.539946" elapsed="0.000179"/>
</kw>
<kw name="Set Variable" owner="BuiltIn">
<msg time="2024-08-07T09:17:14.540690" level="INFO">${name_country} = BR</msg>
<var>${name_country}</var>
<arg>${json_data["results"][0]["nat"]}</arg>
<doc>Returns the given values which can then be assigned to a variables.</doc>
<status status="PASS" start="2024-08-07T09:17:14.540313" elapsed="0.000402"/>
</kw>
<kw name="Create List" owner="BuiltIn">
<msg time="2024-08-07T09:17:14.541604" level="INFO">${list_country} = ['AD', 'AE', 'AF', 'AG', 'AI', 'AL', 'AM', 'AO', 'AQ', 'AR', 'AS', 'AT', 'AU', 'AW', 'AX', 'AZ', 'BA', 'BB', 'BD', 'BE', 'BF', 'BG', 'BH', 'BI', 'BJ', 'BL', 'BM', 'BN', 'BO', 'BQ', 'BR', 'BS', 'BT', '...</msg>
<var>${list_country}</var>
<arg>AD</arg>
<arg>AE</arg>
<arg>AF</arg>
<arg>AG</arg>
<arg>AI</arg>
<arg>AL</arg>
<arg>AM</arg>
<arg>AO</arg>
<arg>AQ</arg>
<arg>AR</arg>
<arg>AS</arg>
<arg>AT</arg>
<arg>AU</arg>
<arg>AW</arg>
<arg>AX</arg>
<arg>AZ</arg>
<arg>BA</arg>
<arg>BB</arg>
<arg>BD</arg>
<arg>BE</arg>
<arg>BF</arg>
<arg>BG</arg>
<arg>BH</arg>
<arg>BI</arg>
<arg>BJ</arg>
<arg>BL</arg>
<arg>BM</arg>
<arg>BN</arg>
<arg>BO</arg>
<arg>BQ</arg>
<arg>BR</arg>
<arg>BS</arg>
<arg>BT</arg>
<arg>BV</arg>
<arg>BW</arg>
<arg>BY</arg>
<arg>BZ</arg>
<arg>CA</arg>
<arg>CC</arg>
<arg>CD</arg>
<arg>CF</arg>
<arg>CG</arg>
<arg>CH</arg>
<arg>CI</arg>
<arg>CK</arg>
<arg>CL</arg>
<arg>CM</arg>
<arg>CN</arg>
<arg>CO</arg>
<arg>CR</arg>
<arg>CU</arg>
<arg>CV</arg>
<arg>CW</arg>
<arg>CX</arg>
<arg>CY</arg>
<arg>CZ</arg>
<arg>DE</arg>
<arg>DJ</arg>
<arg>DK</arg>
<arg>DM</arg>
<arg>DO</arg>
<arg>DZ</arg>
<arg>EC</arg>
<arg>EE</arg>
<arg>EG</arg>
<arg>EH</arg>
<arg>ER</arg>
<arg>ES</arg>
<arg>ET</arg>
<arg>FI</arg>
<arg>FJ</arg>
<arg>FK</arg>
<arg>FM</arg>
<arg>FO</arg>
<arg>FR</arg>
<arg>GA</arg>
<arg>GB</arg>
<arg>GD</arg>
<arg>GE</arg>
<arg>GF</arg>
<arg>GG</arg>
<arg>GH</arg>
<arg>GI</arg>
<arg>GL</arg>
<arg>GM</arg>
<arg>GN</arg>
<arg>GP</arg>
<arg>GQ</arg>
<arg>GR</arg>
<arg>GS</arg>
<arg>GT</arg>
<arg>GU</arg>
<arg>GW</arg>
<arg>GY</arg>
<arg>HK</arg>
<arg>HM</arg>
<arg>HN</arg>
<arg>HR</arg>
<arg>HT</arg>
<arg>HU</arg>
<arg>ID</arg>
<arg>IE</arg>
<arg>IL</arg>
<arg>IM</arg>
<arg>IN</arg>
<arg>IO</arg>
<arg>IQ</arg>
<arg>IR</arg>
<arg>IS</arg>
<arg>IT</arg>
<arg>JE</arg>
<arg>JM</arg>
<arg>JO</arg>
<arg>JP</arg>
<arg>KE</arg>
<arg>KG</arg>
<arg>KH</arg>
<arg>KI</arg>
<arg>KM</arg>
<arg>KN</arg>
<arg>KP</arg>
<arg>KR</arg>
<arg>KW</arg>
<arg>KY</arg>
<arg>KZ</arg>
<arg>LA</arg>
<arg>LB</arg>
<arg>LC</arg>
<arg>LI</arg>
<arg>LK</arg>
<arg>LR</arg>
<arg>LS</arg>
<arg>LT</arg>
<arg>LU</arg>
<arg>LV</arg>
<arg>LY</arg>
<arg>MA</arg>
<arg>MC</arg>
<arg>MD</arg>
<arg>ME</arg>
<arg>MF</arg>
<arg>MG</arg>
<arg>MH</arg>
<arg>MK</arg>
<arg>ML</arg>
<arg>MM</arg>
<arg>MN</arg>
<arg>MO</arg>
<arg>MP</arg>
<arg>MQ</arg>
<arg>MR</arg>
<arg>MS</arg>
<arg>MT</arg>
<arg>MU</arg>
<arg>MV</arg>
<arg>MW</arg>
<arg>MX</arg>
<arg>MY</arg>
<arg>MZ</arg>
<arg>NA</arg>
<arg>NC</arg>
<arg>NE</arg>
<arg>NF</arg>
<arg>NG</arg>
<arg>NI</arg>
<arg>NL</arg>
<arg>NO</arg>
<arg>NP</arg>
<arg>NR</arg>
<arg>NU</arg>
<arg>NZ</arg>
<arg>OM</arg>
<arg>PA</arg>
<arg>PE</arg>
<arg>PF</arg>
<arg>PG</arg>
<arg>PH</arg>
<arg>PK</arg>
<arg>PL</arg>
<arg>PM</arg>
<arg>PN</arg>
<arg>PR</arg>
<arg>PS</arg>
<arg>PT</arg>
<arg>PW</arg>
<arg>PY</arg>
<arg>QA</arg>
<arg>RE</arg>
<arg>RO</arg>
<arg>RS</arg>
<arg>RU</arg>
<arg>RW</arg>
<arg>SA</arg>
<arg>SB</arg>
<arg>SC</arg>
<arg>SD</arg>
<arg>SE</arg>
<arg>SG</arg>
<arg>SH</arg>
<arg>SI</arg>
<arg>SJ</arg>
<arg>SK</arg>
<arg>SL</arg>
<arg>SM</arg>
<arg>SN</arg>
<arg>SO</arg>
<arg>SR</arg>
<arg>SS</arg>
<arg>ST</arg>
<arg>SV</arg>
<arg>SX</arg>
<arg>SY</arg>
<arg>SZ</arg>
<arg>TC</arg>
<arg>TD</arg>
<arg>TF</arg>
<arg>TG</arg>
<arg>TH</arg>
<arg>TJ</arg>
<arg>TK</arg>
<arg>TL</arg>
<arg>TM</arg>
<arg>TN</arg>
<arg>TO</arg>
<arg>TR</arg>
<arg>TT</arg>
<arg>TV</arg>
<arg>TW</arg>
<arg>TZ</arg>
<arg>UA</arg>
<arg>UG</arg>
<arg>UM</arg>
<arg>US</arg>
<arg>UY</arg>
<arg>UZ</arg>
<arg>VA</arg>
<arg>VC</arg>
<arg>VE</arg>
<arg>VG</arg>
<arg>VI</arg>
<arg>VN</arg>
<arg>VU</arg>
<arg>WF</arg>
<arg>WS</arg>
<arg>XK</arg>
<arg>YE</arg>
<arg>YT</arg>
<arg>ZA</arg>
<arg>ZM</arg>
<arg>ZW</arg>
<doc>Returns a list containing given items.</doc>
<status status="PASS" start="2024-08-07T09:17:14.541007" elapsed="0.000623"/>
</kw>
<kw name="List Should Contain Value" owner="Collections">
<arg>${list_country}</arg>
<arg>${name_country}</arg>
<doc>Fails if the ``value`` is not found from ``list``.</doc>
<status status="PASS" start="2024-08-07T09:17:14.542609" elapsed="0.000215"/>
</kw>
<kw name="Run Keyword If" owner="BuiltIn">
<kw name="Should Be True" owner="BuiltIn">
<arg>${True}</arg>
<doc>Fails if the given condition is not true.</doc>
<status status="PASS" start="2024-08-07T09:17:14.543775" elapsed="0.000147"/>
</kw>
<arg>${json_data["results"][0]["location"]["coordinates"]["latitude"]} &gt;= -90 and ${json_data["results"][0]["location"]["coordinates"]["latitude"]} &lt;= 90</arg>
<arg>Should Be True</arg>
<arg>${True}</arg>
<doc>Runs the given keyword with the given arguments, if ``condition`` is true.</doc>
<status status="PASS" start="2024-08-07T09:17:14.543030" elapsed="0.001018"/>
</kw>
<kw name="Run Keyword If" owner="BuiltIn">
<kw name="Should Be True" owner="BuiltIn">
<arg>${True}</arg>
<doc>Fails if the given condition is not true.</doc>
<status status="PASS" start="2024-08-07T09:17:14.544913" elapsed="0.000137"/>
</kw>
<arg>${json_data["results"][0]["location"]["coordinates"]["longitude"]} &gt;= -180 and ${json_data["results"][0]["location"]["coordinates"]["longitude"]} &lt;= 180</arg>
<arg>Should Be True</arg>
<arg>${True}</arg>
<doc>Runs the given keyword with the given arguments, if ``condition`` is true.</doc>
<status status="PASS" start="2024-08-07T09:17:14.544225" elapsed="0.000948"/>
</kw>
<status status="PASS" start="2024-08-07T09:17:14.445461" elapsed="0.099838"/>
</kw>
<doc>Testa o conteúdo específico dos campos retornados pela API.</doc>
<tag>testeConteudo</tag>
<status status="PASS" start="2024-08-07T09:17:14.444935" elapsed="0.100509"/>
</test>
<status status="PASS" start="2024-08-07T09:17:13.381694" elapsed="1.165763"/>
</suite>
<status status="PASS" start="2024-08-07T09:17:13.367302" elapsed="1.185339"/>
</suite>
<statistics>
<total>
<stat pass="5" fail="0" skip="0">All Tests</stat>
</total>
<tag>
<stat pass="1" fail="0" skip="0">testeConteudo</stat>
<stat pass="1" fail="0" skip="0">testeEstruturaResposta</stat>
<stat pass="1" fail="0" skip="0">testeRequisicaoBasica</stat>
<stat pass="1" fail="0" skip="0">testeTiposDados</stat>
</tag>
<suite>
<stat pass="5" fail="0" skip="0" id="s1" name="Tests">Tests</stat>
<stat pass="5" fail="0" skip="0" id="s1-s1" name="Random-User-Test">Tests.Random-User-Test</stat>
</suite>
</statistics>
<errors>
</errors>
</robot>
