<?xml version="1.0" encoding="UTF-8"?>
<robot generator="Robot 7.0 (Python 3.12.2 on linux)" generated="2024-03-21T18:16:55.759882" rpa="false" schemaversion="5">
<suite id="s1" name="Tests" source="/home/runner/work/DesafioQAItauRogerioJordao/DesafioQAItauRogerioJordao/RamdonUser/tests">
<suite id="s1-s1" name="Random-User-Test" source="/home/runner/work/DesafioQAItauRogerioJordao/DesafioQAItauRogerioJordao/RamdonUser/tests/random-user-test.robot">
<test id="s1-s1-t1" name="Conectar" line="13">
<kw name="Conectar API" owner="random-user-service">
<kw name="Create Session" owner="RequestsLibrary">
<msg time="2024-03-21T18:16:56.138945" level="INFO">Creating Session using : alias=consultarAPI, url=https://randomuser.me/, headers={},                     cookies={}, auth=None, timeout=None, proxies=None, verify=False,                     debug=0 </msg>
<arg>consultarAPI</arg>
<arg>${URL}</arg>
<doc>Create Session: create a HTTP session to a server</doc>
<status status="PASS" start="2024-03-21T18:16:56.138736" elapsed="0.000405"/>
</kw>
<status status="PASS" start="2024-03-21T18:16:56.137638" elapsed="0.001872"/>
</kw>
<status status="PASS" start="2024-03-21T18:16:56.137061" elapsed="0.002657"/>
</test>
<test id="s1-s1-t2" name="Validar retorno 200 e JSON Válido" line="16">
<kw name="Teste de Requisicao Basica" owner="random-user-service">
<kw name="GET On Session" owner="RequestsLibrary">
<msg time="2024-03-21T18:16:56.254937" level="INFO">GET Request : url=https://randomuser.me/api 
 path_url=/api 
 headers={'User-Agent': 'python-requests/2.31.0', 'Accept-Encoding': 'gzip, deflate', 'Accept': '*/*', 'Connection': 'keep-alive'} 
 body=None 
 </msg>
<msg time="2024-03-21T18:16:56.255098" level="INFO">GET Response : url=https://randomuser.me/api 
 status=200, reason=OK 
 headers={'Date': 'Thu, 21 Mar 2024 18:16:56 GMT', 'Content-Type': 'application/json; charset=utf-8', 'Transfer-Encoding': 'chunked', 'Connection': 'keep-alive', 'X-Powered-By': 'Express', 'Access-Control-Allow-Origin': '*', 'Cache-Control': 'no-cache', 'ETag': 'W/"488-A9gw1MlQSrurFtyC3jNDnJlzHiA"', 'Vary': 'Accept-Encoding', 'Content-Encoding': 'gzip', 'CF-Cache-Status': 'DYNAMIC', 'Report-To': '{"endpoints":[{"url":"https:\\/\\/a.nel.cloudflare.com\\/report\\/v4?s=6AfDfKSfVM2x4WmW8wc1ic5Nv83w6IRVu0Tu16UCopchtQhY5CvsqogaVUexBmxOhjO5TuGZ3E3qcby7OTvUC4lkyPvNcZE8KTCe4q4mzdEJ%2F7SHcskmQdSiHG935CMh"}],"group":"cf-nel","max_age":604800}', 'NEL': '{"success_fraction":0,"report_to":"cf-nel","max_age":604800}', 'Server': 'cloudflare', 'CF-RAY': '867fef973a9c00be-IAD', 'alt-svc': 'h3=":443"; ma=86400'} 
 body={"results":[{"gender":"male","name":{"title":"Mr","first":"Jimmie","last":"Gutierrez"},"location":{"street":{"number":9024,"name":"Sunset St"},"city":"Kalgoorlie","state":"Australian Capital Territory","country":"Australia","postcode":1915,"coordinates":{"latitude":"-85.9240","longitude":"-59.9299"},"timezone":{"offset":"+4:30","description":"Kabul"}},"email":"jimmie.gutierrez@example.com","login":{"uuid":"85aec70a-dd89-4163-a6c7-683f6921ac8e","username":"smallkoala480","password":"goldstar","salt":"1ZGLfxnP","md5":"680157f25efdca0e176f0b569868b1d8","sha1":"4dc84f99757962faac80ec7c590e59944ab6683a","sha256":"5500fdd42b921c07775e504791958df9d74f4681b36628651dd76915715e2b6b"},"dob":{"date":"1974-05-13T06:30:14.971Z","age":49},"registered":{"date":"2006-06-23T17:42:54.578Z","age":17},"phone":"04-6106-8598","cell":"0458-674-967","id":{"name":"TFN","value":"164811350"},"picture":{"large":"https://randomuser.me/api/portraits/men/94.jpg","medium":"https://randomuser.me/api/portraits/med/men/94.jpg","thumbnail":"https://randomuser.me/api/portraits/thumb/men/94.jpg"},"nat":"AU"}],"info":{"seed":"86f970084f3f8977","results":1,"page":1,"version":"1.4"}} 
 </msg>
<msg time="2024-03-21T18:16:56.255203" level="INFO">/opt/hostedtoolcache/Python/3.12.2/x64/lib/python3.12/site-packages/urllib3/connectionpool.py:1103: InsecureRequestWarning: Unverified HTTPS request is being made to host 'randomuser.me'. Adding certificate verification is strongly advised. See: https://urllib3.readthedocs.io/en/latest/advanced-usage.html#tls-warnings
  warnings.warn(</msg>
<msg time="2024-03-21T18:16:56.255372" level="INFO">${response} = &lt;Response [200]&gt;</msg>
<var>${response}</var>
<arg>consultarAPI</arg>
<arg>/api</arg>
<doc>Sends a GET request on a previously created HTTP Session.</doc>
<status status="PASS" start="2024-03-21T18:16:56.142299" elapsed="0.113118"/>
</kw>
<kw name="Should Be Equal As Numbers" owner="BuiltIn">
<msg time="2024-03-21T18:16:56.256513" level="INFO">Argument types are:
&lt;class 'int'&gt;
&lt;class 'str'&gt;</msg>
<arg>${response.status_code}</arg>
<arg>200</arg>
<doc>Fails if objects are unequal after converting them to real numbers.</doc>
<status status="PASS" start="2024-03-21T18:16:56.256040" elapsed="0.000540"/>
</kw>
<kw name="Log" owner="BuiltIn">
<msg time="2024-03-21T18:16:56.257288" level="INFO">200</msg>
<arg>${response.status_code}</arg>
<doc>Logs the given message with the given level.</doc>
<status status="PASS" start="2024-03-21T18:16:56.256921" elapsed="0.000410"/>
</kw>
<kw name="Set Variable" owner="BuiltIn">
<msg time="2024-03-21T18:16:56.258134" level="INFO">${json_data} = {'results': [{'gender': 'male', 'name': {'title': 'Mr', 'first': 'Jimmie', 'last': 'Gutierrez'}, 'location': {'street': {'number': 9024, 'name': 'Sunset St'}, 'city': 'Kalgoorlie', 'state': 'Australia...</msg>
<var>${json_data}</var>
<arg>${response.json()}</arg>
<doc>Returns the given values which can then be assigned to a variables.</doc>
<status status="PASS" start="2024-03-21T18:16:56.257686" elapsed="0.000476"/>
</kw>
<kw name="Dictionary Should Contain Key" owner="Collections">
<msg time="2024-03-21T18:16:56.258677" level="INFO">False</msg>
<arg>${json_data}</arg>
<arg>results</arg>
<doc>Fails if ``key`` is not found from ``dictionary``.</doc>
<status status="PASS" start="2024-03-21T18:16:56.258470" elapsed="0.000249"/>
</kw>
<status status="PASS" start="2024-03-21T18:16:56.142047" elapsed="0.116947"/>
</kw>
<doc>Testa se a API responde corretamente e retorna um objeto JSON válido.</doc>
<tag>testeRequisicaoBasica</tag>
<status status="PASS" start="2024-03-21T18:16:56.141579" elapsed="0.117608"/>
</test>
<test id="s1-s1-t3" name="Validar estrutura de resposta" line="22">
<kw name="Teste de Estrutura de Resposta" owner="random-user-service">
<kw name="GET On Session" owner="RequestsLibrary">
<msg time="2024-03-21T18:16:56.345089" level="INFO">GET Request : url=https://randomuser.me/api 
 path_url=/api 
 headers={'User-Agent': 'python-requests/2.31.0', 'Accept-Encoding': 'gzip, deflate', 'Accept': '*/*', 'Connection': 'keep-alive'} 
 body=None 
 </msg>
<msg time="2024-03-21T18:16:56.345200" level="INFO">GET Response : url=https://randomuser.me/api 
 status=200, reason=OK 
 headers={'Date': 'Thu, 21 Mar 2024 18:16:56 GMT', 'Content-Type': 'application/json; charset=utf-8', 'Transfer-Encoding': 'chunked', 'Connection': 'keep-alive', 'X-Powered-By': 'Express', 'Access-Control-Allow-Origin': '*', 'Cache-Control': 'no-cache', 'ETag': 'W/"47a-CYMTq2EOtRw9FLdNa9jejJvrO64"', 'Vary': 'Accept-Encoding', 'Content-Encoding': 'gzip', 'CF-Cache-Status': 'DYNAMIC', 'Report-To': '{"endpoints":[{"url":"https:\\/\\/a.nel.cloudflare.com\\/report\\/v4?s=L4%2BAGtc4e2ovA8pFxngFFZ00yjbcMWN52LExbc%2Ft%2Fx4ulx6XQPhBzhqYHcESgKOTHBHBwrFMgB3saJ66TExHTm3%2FojDkpKU%2FVOT5%2F6fR64Ovs3rR%2FjnkYntJLCpDmJ0X"}],"group":"cf-nel","max_age":604800}', 'NEL': '{"success_fraction":0,"report_to":"cf-nel","max_age":604800}', 'Server': 'cloudflare', 'CF-RAY': '867fef97cb1400be-IAD', 'alt-svc': 'h3=":443"; ma=86400'} 
 body={"results":[{"gender":"male","name":{"title":"Mr","first":"Vishezor","last":"Gacenko"},"location":{"street":{"number":7279,"name":"Sazhina"},"city":"Bibrka","state":"Zakarpatska","country":"Ukraine","postcode":95816,"coordinates":{"latitude":"74.6741","longitude":"-31.9785"},"timezone":{"offset":"+2:00","description":"Kaliningrad, South Africa"}},"email":"vishezor.gacenko@example.com","login":{"uuid":"228bc14f-532e-4d64-8a4f-488c489d05c4","username":"crazywolf340","password":"nasty1","salt":"vpl61zqc","md5":"6ba0577710c78dbae5192e0065a10c1f","sha1":"48af74b8c2ba8defeca6b8a0fb74517e71a6c786","sha256":"c7f3116aed28a01e5c1c824dd195dcb57072a192e7efa918763c320ce181451f"},"dob":{"date":"1975-01-24T04:54:48.318Z","age":49},"registered":{"date":"2012-12-11T08:47:49.616Z","age":11},"phone":"(067) O58-0373","cell":"(068) Z48-9749","id":{"name":"","value":null},"picture":{"large":"https://randomuser.me/api/portraits/men/78.jpg","medium":"https://randomuser.me/api/portraits/med/men/78.jpg","thumbnail":"https://randomuser.me/api/portraits/thumb/men/78.jpg"},"nat":"UA"}],"info":{"seed":"6bf837a168e31850","results":1,"page":1,"version":"1.4"}} 
 </msg>
<msg time="2024-03-21T18:16:56.345349" level="INFO">/opt/hostedtoolcache/Python/3.12.2/x64/lib/python3.12/site-packages/urllib3/connectionpool.py:1103: InsecureRequestWarning: Unverified HTTPS request is being made to host 'randomuser.me'. Adding certificate verification is strongly advised. See: https://urllib3.readthedocs.io/en/latest/advanced-usage.html#tls-warnings
  warnings.warn(</msg>
<msg time="2024-03-21T18:16:56.345497" level="INFO">${response} = &lt;Response [200]&gt;</msg>
<var>${response}</var>
<arg>consultarAPI</arg>
<arg>/api</arg>
<doc>Sends a GET request on a previously created HTTP Session.</doc>
<status status="PASS" start="2024-03-21T18:16:56.262099" elapsed="0.083441"/>
</kw>
<kw name="Set Variable" owner="BuiltIn">
<msg time="2024-03-21T18:16:56.346621" level="INFO">${json_data} = {'results': [{'gender': 'male', 'name': {'title': 'Mr', 'first': 'Vishezor', 'last': 'Gacenko'}, 'location': {'street': {'number': 7279, 'name': 'Sazhina'}, 'city': 'Bibrka', 'state': 'Zakarpatska', '...</msg>
<var>${json_data}</var>
<arg>${response.json()}</arg>
<doc>Returns the given values which can then be assigned to a variables.</doc>
<status status="PASS" start="2024-03-21T18:16:56.346059" elapsed="0.000596"/>
</kw>
<kw name="Log" owner="BuiltIn">
<msg time="2024-03-21T18:16:56.347194" level="INFO">{'results': [{'gender': 'male', 'name': {'title': 'Mr', 'first': 'Vishezor', 'last': 'Gacenko'}, 'location': {'street': {'number': 7279, 'name': 'Sazhina'}, 'city': 'Bibrka', 'state': 'Zakarpatska', 'country': 'Ukraine', 'postcode': 95816, 'coordinates': {'latitude': '74.6741', 'longitude': '-31.9785'}, 'timezone': {'offset': '+2:00', 'description': 'Kaliningrad, South Africa'}}, 'email': 'vishezor.gacenko@example.com', 'login': {'uuid': '228bc14f-532e-4d64-8a4f-488c489d05c4', 'username': 'crazywolf340', 'password': 'nasty1', 'salt': 'vpl61zqc', 'md5': '6ba0577710c78dbae5192e0065a10c1f', 'sha1': '48af74b8c2ba8defeca6b8a0fb74517e71a6c786', 'sha256': 'c7f3116aed28a01e5c1c824dd195dcb57072a192e7efa918763c320ce181451f'}, 'dob': {'date': '1975-01-24T04:54:48.318Z', 'age': 49}, 'registered': {'date': '2012-12-11T08:47:49.616Z', 'age': 11}, 'phone': '(067) O58-0373', 'cell': '(068) Z48-9749', 'id': {'name': '', 'value': None}, 'picture': {'large': 'https://randomuser.me/api/portraits/men/78.jpg', 'medium': 'https://randomuser.me/api/portraits/med/men/78.jpg', 'thumbnail': 'https://randomuser.me/api/portraits/thumb/men/78.jpg'}, 'nat': 'UA'}], 'info': {'seed': '6bf837a168e31850', 'results': 1, 'page': 1, 'version': '1.4'}}</msg>
<arg>${json_data}</arg>
<doc>Logs the given message with the given level.</doc>
<status status="PASS" start="2024-03-21T18:16:56.347016" elapsed="0.000228"/>
</kw>
<kw name="Dictionary Should Contain Key" owner="Collections">
<msg time="2024-03-21T18:16:56.347721" level="INFO">False</msg>
<arg>${json_data}</arg>
<arg>results</arg>
<doc>Fails if ``key`` is not found from ``dictionary``.</doc>
<status status="PASS" start="2024-03-21T18:16:56.347556" elapsed="0.000204"/>
</kw>
<kw name="Should Not Be Empty" owner="BuiltIn">
<msg time="2024-03-21T18:16:56.348204" level="INFO">Length is 2.</msg>
<arg>${json_data}</arg>
<doc>Verifies that the given item is not empty.</doc>
<status status="PASS" start="2024-03-21T18:16:56.348065" elapsed="0.000178"/>
</kw>
<kw name="Create List" owner="BuiltIn">
<msg time="2024-03-21T18:16:56.348713" level="INFO">${expected_keys} = ['gender', 'name', 'location', 'email', 'login']</msg>
<var>${expected_keys}</var>
<arg>gender</arg>
<arg>name</arg>
<arg>location</arg>
<arg>email</arg>
<arg>login</arg>
<doc>Returns a list containing given items.</doc>
<status status="PASS" start="2024-03-21T18:16:56.348546" elapsed="0.000191"/>
</kw>
<for flavor="IN">
<iter>
<kw name="Dictionary Should Contain Key" owner="Collections">
<msg time="2024-03-21T18:16:56.349769" level="INFO">False</msg>
<arg>${json_data['results'][0]}</arg>
<arg>${key}</arg>
<doc>Fails if ``key`` is not found from ``dictionary``.</doc>
<status status="PASS" start="2024-03-21T18:16:56.349333" elapsed="0.000477"/>
</kw>
<kw name="Log" owner="BuiltIn">
<msg time="2024-03-21T18:16:56.350529" level="INFO">{'gender': 'male', 'name': {'title': 'Mr', 'first': 'Vishezor', 'last': 'Gacenko'}, 'location': {'street': {'number': 7279, 'name': 'Sazhina'}, 'city': 'Bibrka', 'state': 'Zakarpatska', 'country': 'Ukraine', 'postcode': 95816, 'coordinates': {'latitude': '74.6741', 'longitude': '-31.9785'}, 'timezone': {'offset': '+2:00', 'description': 'Kaliningrad, South Africa'}}, 'email': 'vishezor.gacenko@example.com', 'login': {'uuid': '228bc14f-532e-4d64-8a4f-488c489d05c4', 'username': 'crazywolf340', 'password': 'nasty1', 'salt': 'vpl61zqc', 'md5': '6ba0577710c78dbae5192e0065a10c1f', 'sha1': '48af74b8c2ba8defeca6b8a0fb74517e71a6c786', 'sha256': 'c7f3116aed28a01e5c1c824dd195dcb57072a192e7efa918763c320ce181451f'}, 'dob': {'date': '1975-01-24T04:54:48.318Z', 'age': 49}, 'registered': {'date': '2012-12-11T08:47:49.616Z', 'age': 11}, 'phone': '(067) O58-0373', 'cell': '(068) Z48-9749', 'id': {'name': '', 'value': None}, 'picture': {'large': 'https://randomuser.me/api/portraits/men/78.jpg', 'medium': 'https://randomuser.me/api/portraits/med/men/78.jpg', 'thumbnail': 'https://randomuser.me/api/portraits/thumb/men/78.jpg'}, 'nat': 'UA'}</msg>
<arg>${json_data['results'][0]}</arg>
<doc>Logs the given message with the given level.</doc>
<status status="PASS" start="2024-03-21T18:16:56.350127" elapsed="0.000457"/>
</kw>
<kw name="Log" owner="BuiltIn">
<msg time="2024-03-21T18:16:56.351045" level="INFO">gender</msg>
<arg>${key}</arg>
<doc>Logs the given message with the given level.</doc>
<status status="PASS" start="2024-03-21T18:16:56.350915" elapsed="0.000170"/>
</kw>
<var name="${key}">gender</var>
<status status="PASS" start="2024-03-21T18:16:56.349204" elapsed="0.002106"/>
</iter>
<iter>
<kw name="Dictionary Should Contain Key" owner="Collections">
<msg time="2024-03-21T18:16:56.352012" level="INFO">False</msg>
<arg>${json_data['results'][0]}</arg>
<arg>${key}</arg>
<doc>Fails if ``key`` is not found from ``dictionary``.</doc>
<status status="PASS" start="2024-03-21T18:16:56.351625" elapsed="0.000424"/>
</kw>
<kw name="Log" owner="BuiltIn">
<msg time="2024-03-21T18:16:56.352753" level="INFO">{'gender': 'male', 'name': {'title': 'Mr', 'first': 'Vishezor', 'last': 'Gacenko'}, 'location': {'street': {'number': 7279, 'name': 'Sazhina'}, 'city': 'Bibrka', 'state': 'Zakarpatska', 'country': 'Ukraine', 'postcode': 95816, 'coordinates': {'latitude': '74.6741', 'longitude': '-31.9785'}, 'timezone': {'offset': '+2:00', 'description': 'Kaliningrad, South Africa'}}, 'email': 'vishezor.gacenko@example.com', 'login': {'uuid': '228bc14f-532e-4d64-8a4f-488c489d05c4', 'username': 'crazywolf340', 'password': 'nasty1', 'salt': 'vpl61zqc', 'md5': '6ba0577710c78dbae5192e0065a10c1f', 'sha1': '48af74b8c2ba8defeca6b8a0fb74517e71a6c786', 'sha256': 'c7f3116aed28a01e5c1c824dd195dcb57072a192e7efa918763c320ce181451f'}, 'dob': {'date': '1975-01-24T04:54:48.318Z', 'age': 49}, 'registered': {'date': '2012-12-11T08:47:49.616Z', 'age': 11}, 'phone': '(067) O58-0373', 'cell': '(068) Z48-9749', 'id': {'name': '', 'value': None}, 'picture': {'large': 'https://randomuser.me/api/portraits/men/78.jpg', 'medium': 'https://randomuser.me/api/portraits/med/men/78.jpg', 'thumbnail': 'https://randomuser.me/api/portraits/thumb/men/78.jpg'}, 'nat': 'UA'}</msg>
<arg>${json_data['results'][0]}</arg>
<doc>Logs the given message with the given level.</doc>
<status status="PASS" start="2024-03-21T18:16:56.352388" elapsed="0.000413"/>
</kw>
<kw name="Log" owner="BuiltIn">
<msg time="2024-03-21T18:16:56.353235" level="INFO">name</msg>
<arg>${key}</arg>
<doc>Logs the given message with the given level.</doc>
<status status="PASS" start="2024-03-21T18:16:56.353105" elapsed="0.000169"/>
</kw>
<var name="${key}">name</var>
<status status="PASS" start="2024-03-21T18:16:56.351509" elapsed="0.001983"/>
</iter>
<iter>
<kw name="Dictionary Should Contain Key" owner="Collections">
<msg time="2024-03-21T18:16:56.354171" level="INFO">False</msg>
<arg>${json_data['results'][0]}</arg>
<arg>${key}</arg>
<doc>Fails if ``key`` is not found from ``dictionary``.</doc>
<status status="PASS" start="2024-03-21T18:16:56.353788" elapsed="0.000421"/>
</kw>
<kw name="Log" owner="BuiltIn">
<msg time="2024-03-21T18:16:56.354901" level="INFO">{'gender': 'male', 'name': {'title': 'Mr', 'first': 'Vishezor', 'last': 'Gacenko'}, 'location': {'street': {'number': 7279, 'name': 'Sazhina'}, 'city': 'Bibrka', 'state': 'Zakarpatska', 'country': 'Ukraine', 'postcode': 95816, 'coordinates': {'latitude': '74.6741', 'longitude': '-31.9785'}, 'timezone': {'offset': '+2:00', 'description': 'Kaliningrad, South Africa'}}, 'email': 'vishezor.gacenko@example.com', 'login': {'uuid': '228bc14f-532e-4d64-8a4f-488c489d05c4', 'username': 'crazywolf340', 'password': 'nasty1', 'salt': 'vpl61zqc', 'md5': '6ba0577710c78dbae5192e0065a10c1f', 'sha1': '48af74b8c2ba8defeca6b8a0fb74517e71a6c786', 'sha256': 'c7f3116aed28a01e5c1c824dd195dcb57072a192e7efa918763c320ce181451f'}, 'dob': {'date': '1975-01-24T04:54:48.318Z', 'age': 49}, 'registered': {'date': '2012-12-11T08:47:49.616Z', 'age': 11}, 'phone': '(067) O58-0373', 'cell': '(068) Z48-9749', 'id': {'name': '', 'value': None}, 'picture': {'large': 'https://randomuser.me/api/portraits/men/78.jpg', 'medium': 'https://randomuser.me/api/portraits/med/men/78.jpg', 'thumbnail': 'https://randomuser.me/api/portraits/thumb/men/78.jpg'}, 'nat': 'UA'}</msg>
<arg>${json_data['results'][0]}</arg>
<doc>Logs the given message with the given level.</doc>
<status status="PASS" start="2024-03-21T18:16:56.354514" elapsed="0.000439"/>
</kw>
<kw name="Log" owner="BuiltIn">
<msg time="2024-03-21T18:16:56.355379" level="INFO">location</msg>
<arg>${key}</arg>
<doc>Logs the given message with the given level.</doc>
<status status="PASS" start="2024-03-21T18:16:56.355251" elapsed="0.000167"/>
</kw>
<var name="${key}">location</var>
<status status="PASS" start="2024-03-21T18:16:56.353677" elapsed="0.001958"/>
</iter>
<iter>
<kw name="Dictionary Should Contain Key" owner="Collections">
<msg time="2024-03-21T18:16:56.356309" level="INFO">False</msg>
<arg>${json_data['results'][0]}</arg>
<arg>${key}</arg>
<doc>Fails if ``key`` is not found from ``dictionary``.</doc>
<status status="PASS" start="2024-03-21T18:16:56.355931" elapsed="0.000415"/>
</kw>
<kw name="Log" owner="BuiltIn">
<msg time="2024-03-21T18:16:56.357006" level="INFO">{'gender': 'male', 'name': {'title': 'Mr', 'first': 'Vishezor', 'last': 'Gacenko'}, 'location': {'street': {'number': 7279, 'name': 'Sazhina'}, 'city': 'Bibrka', 'state': 'Zakarpatska', 'country': 'Ukraine', 'postcode': 95816, 'coordinates': {'latitude': '74.6741', 'longitude': '-31.9785'}, 'timezone': {'offset': '+2:00', 'description': 'Kaliningrad, South Africa'}}, 'email': 'vishezor.gacenko@example.com', 'login': {'uuid': '228bc14f-532e-4d64-8a4f-488c489d05c4', 'username': 'crazywolf340', 'password': 'nasty1', 'salt': 'vpl61zqc', 'md5': '6ba0577710c78dbae5192e0065a10c1f', 'sha1': '48af74b8c2ba8defeca6b8a0fb74517e71a6c786', 'sha256': 'c7f3116aed28a01e5c1c824dd195dcb57072a192e7efa918763c320ce181451f'}, 'dob': {'date': '1975-01-24T04:54:48.318Z', 'age': 49}, 'registered': {'date': '2012-12-11T08:47:49.616Z', 'age': 11}, 'phone': '(067) O58-0373', 'cell': '(068) Z48-9749', 'id': {'name': '', 'value': None}, 'picture': {'large': 'https://randomuser.me/api/portraits/men/78.jpg', 'medium': 'https://randomuser.me/api/portraits/med/men/78.jpg', 'thumbnail': 'https://randomuser.me/api/portraits/thumb/men/78.jpg'}, 'nat': 'UA'}</msg>
<arg>${json_data['results'][0]}</arg>
<doc>Logs the given message with the given level.</doc>
<status status="PASS" start="2024-03-21T18:16:56.356651" elapsed="0.000403"/>
</kw>
<kw name="Log" owner="BuiltIn">
<msg time="2024-03-21T18:16:56.357477" level="INFO">email</msg>
<arg>${key}</arg>
<doc>Logs the given message with the given level.</doc>
<status status="PASS" start="2024-03-21T18:16:56.357350" elapsed="0.000165"/>
</kw>
<var name="${key}">email</var>
<status status="PASS" start="2024-03-21T18:16:56.355813" elapsed="0.001921"/>
</iter>
<iter>
<kw name="Dictionary Should Contain Key" owner="Collections">
<msg time="2024-03-21T18:16:56.358413" level="INFO">False</msg>
<arg>${json_data['results'][0]}</arg>
<arg>${key}</arg>
<doc>Fails if ``key`` is not found from ``dictionary``.</doc>
<status status="PASS" start="2024-03-21T18:16:56.358026" elapsed="0.000425"/>
</kw>
<kw name="Log" owner="BuiltIn">
<msg time="2024-03-21T18:16:56.359137" level="INFO">{'gender': 'male', 'name': {'title': 'Mr', 'first': 'Vishezor', 'last': 'Gacenko'}, 'location': {'street': {'number': 7279, 'name': 'Sazhina'}, 'city': 'Bibrka', 'state': 'Zakarpatska', 'country': 'Ukraine', 'postcode': 95816, 'coordinates': {'latitude': '74.6741', 'longitude': '-31.9785'}, 'timezone': {'offset': '+2:00', 'description': 'Kaliningrad, South Africa'}}, 'email': 'vishezor.gacenko@example.com', 'login': {'uuid': '228bc14f-532e-4d64-8a4f-488c489d05c4', 'username': 'crazywolf340', 'password': 'nasty1', 'salt': 'vpl61zqc', 'md5': '6ba0577710c78dbae5192e0065a10c1f', 'sha1': '48af74b8c2ba8defeca6b8a0fb74517e71a6c786', 'sha256': 'c7f3116aed28a01e5c1c824dd195dcb57072a192e7efa918763c320ce181451f'}, 'dob': {'date': '1975-01-24T04:54:48.318Z', 'age': 49}, 'registered': {'date': '2012-12-11T08:47:49.616Z', 'age': 11}, 'phone': '(067) O58-0373', 'cell': '(068) Z48-9749', 'id': {'name': '', 'value': None}, 'picture': {'large': 'https://randomuser.me/api/portraits/men/78.jpg', 'medium': 'https://randomuser.me/api/portraits/med/men/78.jpg', 'thumbnail': 'https://randomuser.me/api/portraits/thumb/men/78.jpg'}, 'nat': 'UA'}</msg>
<arg>${json_data['results'][0]}</arg>
<doc>Logs the given message with the given level.</doc>
<status status="PASS" start="2024-03-21T18:16:56.358771" elapsed="0.000412"/>
</kw>
<kw name="Log" owner="BuiltIn">
<msg time="2024-03-21T18:16:56.359611" level="INFO">login</msg>
<arg>${key}</arg>
<doc>Logs the given message with the given level.</doc>
<status status="PASS" start="2024-03-21T18:16:56.359477" elapsed="0.000282"/>
</kw>
<var name="${key}">login</var>
<status status="PASS" start="2024-03-21T18:16:56.357910" elapsed="0.002082"/>
</iter>
<var>${key}</var>
<value>@{expected_keys}</value>
<status status="PASS" start="2024-03-21T18:16:56.349006" elapsed="0.011137"/>
</for>
<kw name="Create List" owner="BuiltIn">
<msg time="2024-03-21T18:16:56.360497" level="INFO">${expected_keysTwo} = ['username', 'password']</msg>
<var>${expected_keysTwo}</var>
<arg>username</arg>
<arg>password</arg>
<doc>Returns a list containing given items.</doc>
<status status="PASS" start="2024-03-21T18:16:56.360357" elapsed="0.000164"/>
</kw>
<for flavor="IN">
<iter>
<kw name="Dictionary Should Contain Key" owner="Collections">
<msg time="2024-03-21T18:16:56.361417" level="INFO">False</msg>
<arg>${json_data['results'][0]['login']}</arg>
<arg>${keyTwo}</arg>
<doc>Fails if ``key`` is not found from ``dictionary``.</doc>
<status status="PASS" start="2024-03-21T18:16:56.361035" elapsed="0.000421"/>
</kw>
<kw name="Dictionary Should Contain Key" owner="Collections">
<msg time="2024-03-21T18:16:56.362128" level="INFO">False</msg>
<arg>${json_data['results'][0]['login']}</arg>
<arg>${keyTwo}</arg>
<doc>Fails if ``key`` is not found from ``dictionary``.</doc>
<status status="PASS" start="2024-03-21T18:16:56.361752" elapsed="0.000413"/>
</kw>
<kw name="Log" owner="BuiltIn">
<msg time="2024-03-21T18:16:56.362587" level="INFO">username</msg>
<arg>${keyTwo}</arg>
<doc>Logs the given message with the given level.</doc>
<status status="PASS" start="2024-03-21T18:16:56.362460" elapsed="0.000188"/>
</kw>
<var name="${keyTwo}">username</var>
<status status="PASS" start="2024-03-21T18:16:56.360924" elapsed="0.001942"/>
</iter>
<iter>
<kw name="Dictionary Should Contain Key" owner="Collections">
<msg time="2024-03-21T18:16:56.363524" level="INFO">False</msg>
<arg>${json_data['results'][0]['login']}</arg>
<arg>${keyTwo}</arg>
<doc>Fails if ``key`` is not found from ``dictionary``.</doc>
<status status="PASS" start="2024-03-21T18:16:56.363148" elapsed="0.000413"/>
</kw>
<kw name="Dictionary Should Contain Key" owner="Collections">
<msg time="2024-03-21T18:16:56.364233" level="INFO">False</msg>
<arg>${json_data['results'][0]['login']}</arg>
<arg>${keyTwo}</arg>
<doc>Fails if ``key`` is not found from ``dictionary``.</doc>
<status status="PASS" start="2024-03-21T18:16:56.363854" elapsed="0.000415"/>
</kw>
<kw name="Log" owner="BuiltIn">
<msg time="2024-03-21T18:16:56.364691" level="INFO">password</msg>
<arg>${keyTwo}</arg>
<doc>Logs the given message with the given level.</doc>
<status status="PASS" start="2024-03-21T18:16:56.364561" elapsed="0.000168"/>
</kw>
<var name="${keyTwo}">password</var>
<status status="PASS" start="2024-03-21T18:16:56.363039" elapsed="0.001908"/>
</iter>
<var>${keyTwo}</var>
<value>@{expected_keysTwo}</value>
<status status="PASS" start="2024-03-21T18:16:56.360767" elapsed="0.004302"/>
</for>
<status status="PASS" start="2024-03-21T18:16:56.261853" elapsed="0.103363"/>
</kw>
<doc>Testa a estrutura da resposta da API.</doc>
<tag>testeEstruturaResposta</tag>
<status status="PASS" start="2024-03-21T18:16:56.261057" elapsed="0.104328"/>
</test>
<test id="s1-s1-t4" name="Validar tipos de dados" line="28">
<kw name="Teste de Tipos de Dados" owner="random-user-service">
<kw name="GET On Session" owner="RequestsLibrary">
<msg time="2024-03-21T18:16:56.439795" level="INFO">GET Request : url=https://randomuser.me/api 
 path_url=/api 
 headers={'User-Agent': 'python-requests/2.31.0', 'Accept-Encoding': 'gzip, deflate', 'Accept': '*/*', 'Connection': 'keep-alive'} 
 body=None 
 </msg>
<msg time="2024-03-21T18:16:56.439905" level="INFO">GET Response : url=https://randomuser.me/api 
 status=200, reason=OK 
 headers={'Date': 'Thu, 21 Mar 2024 18:16:56 GMT', 'Content-Type': 'application/json; charset=utf-8', 'Transfer-Encoding': 'chunked', 'Connection': 'keep-alive', 'X-Powered-By': 'Express', 'Access-Control-Allow-Origin': '*', 'Cache-Control': 'no-cache', 'ETag': 'W/"4a7-g8koMwoX7YKn8eHII0wyWi9QZwk"', 'Vary': 'Accept-Encoding', 'Content-Encoding': 'gzip', 'CF-Cache-Status': 'DYNAMIC', 'Report-To': '{"endpoints":[{"url":"https:\\/\\/a.nel.cloudflare.com\\/report\\/v4?s=5b5XeApAe0oT6YL7Kqwwbcg%2BjFaDCDHvtFmRdN9t87UT%2F%2FlRrSpHBaTZCEZTU53oNisUIKXt4YOSKhD0Ts6atYxwB1uR7OF3T%2BUzFUwYEi6L4mV0zwJuRFGZu%2FAgbrE7"}],"group":"cf-nel","max_age":604800}', 'NEL': '{"success_fraction":0,"report_to":"cf-nel","max_age":604800}', 'Server': 'cloudflare', 'CF-RAY': '867fef985b9700be-IAD', 'alt-svc': 'h3=":443"; ma=86400'} 
 body={"results":[{"gender":"male","name":{"title":"Mr","first":"Stephen","last":"Schmidt"},"location":{"street":{"number":3740,"name":"Station Road"},"city":"Nottingham","state":"Berkshire","country":"United Kingdom","postcode":"H09 3YS","coordinates":{"latitude":"-8.5968","longitude":"-25.3568"},"timezone":{"offset":"+11:00","description":"Magadan, Solomon Islands, New Caledonia"}},"email":"stephen.schmidt@example.com","login":{"uuid":"edf5c901-2a30-42eb-b00c-531f1bc17d9e","username":"angrysnake431","password":"18436572","salt":"kMlbj6TC","md5":"fe939773bb17afa90fcd0c57c1b2b58e","sha1":"040730174563d9d08a2d74d4f11b74dfd4ff0572","sha256":"e77c136d40a2a43be5c8a1901e1219a7200303483c86a5cf27d51e19d6172ee2"},"dob":{"date":"1958-01-07T15:50:30.841Z","age":66},"registered":{"date":"2003-08-14T09:59:55.239Z","age":20},"phone":"015394 68877","cell":"07378 014669","id":{"name":"NINO","value":"NS 23 69 57 D"},"picture":{"large":"https://randomuser.me/api/portraits/men/99.jpg","medium":"https://randomuser.me/api/portraits/med/men/99.jpg","thumbnail":"https://randomuser.me/api/portraits/thumb/men/99.jpg"},"nat":"GB"}],"info":{"seed":"68036107b5a0b7a2","results":1,"page":1,"version":"1.4"}} 
 </msg>
<msg time="2024-03-21T18:16:56.439987" level="INFO">/opt/hostedtoolcache/Python/3.12.2/x64/lib/python3.12/site-packages/urllib3/connectionpool.py:1103: InsecureRequestWarning: Unverified HTTPS request is being made to host 'randomuser.me'. Adding certificate verification is strongly advised. See: https://urllib3.readthedocs.io/en/latest/advanced-usage.html#tls-warnings
  warnings.warn(</msg>
<msg time="2024-03-21T18:16:56.440147" level="INFO">${response} = &lt;Response [200]&gt;</msg>
<var>${response}</var>
<arg>consultarAPI</arg>
<arg>/api</arg>
<doc>Sends a GET request on a previously created HTTP Session.</doc>
<status status="PASS" start="2024-03-21T18:16:56.368031" elapsed="0.072169"/>
</kw>
<kw name="Set Variable" owner="BuiltIn">
<msg time="2024-03-21T18:16:56.441299" level="INFO">${json_data} = {'results': [{'gender': 'male', 'name': {'title': 'Mr', 'first': 'Stephen', 'last': 'Schmidt'}, 'location': {'street': {'number': 3740, 'name': 'Station Road'}, 'city': 'Nottingham', 'state': 'Berkshi...</msg>
<var>${json_data}</var>
<arg>${response.json()}</arg>
<doc>Returns the given values which can then be assigned to a variables.</doc>
<status status="PASS" start="2024-03-21T18:16:56.440761" elapsed="0.000567"/>
</kw>
<kw name="Log" owner="BuiltIn">
<msg time="2024-03-21T18:16:56.441849" level="INFO">{'results': [{'gender': 'male', 'name': {'title': 'Mr', 'first': 'Stephen', 'last': 'Schmidt'}, 'location': {'street': {'number': 3740, 'name': 'Station Road'}, 'city': 'Nottingham', 'state': 'Berkshire', 'country': 'United Kingdom', 'postcode': 'H09 3YS', 'coordinates': {'latitude': '-8.5968', 'longitude': '-25.3568'}, 'timezone': {'offset': '+11:00', 'description': 'Magadan, Solomon Islands, New Caledonia'}}, 'email': 'stephen.schmidt@example.com', 'login': {'uuid': 'edf5c901-2a30-42eb-b00c-531f1bc17d9e', 'username': 'angrysnake431', 'password': '18436572', 'salt': 'kMlbj6TC', 'md5': 'fe939773bb17afa90fcd0c57c1b2b58e', 'sha1': '040730174563d9d08a2d74d4f11b74dfd4ff0572', 'sha256': 'e77c136d40a2a43be5c8a1901e1219a7200303483c86a5cf27d51e19d6172ee2'}, 'dob': {'date': '1958-01-07T15:50:30.841Z', 'age': 66}, 'registered': {'date': '2003-08-14T09:59:55.239Z', 'age': 20}, 'phone': '015394 68877', 'cell': '07378 014669', 'id': {'name': 'NINO', 'value': 'NS 23 69 57 D'}, 'picture': {'large': 'https://randomuser.me/api/portraits/men/99.jpg', 'medium': 'https://randomuser.me/api/portraits/med/men/99.jpg', 'thumbnail': 'https://randomuser.me/api/portraits/thumb/men/99.jpg'}, 'nat': 'GB'}], 'info': {'seed': '68036107b5a0b7a2', 'results': 1, 'page': 1, 'version': '1.4'}}</msg>
<arg>${json_data}</arg>
<doc>Logs the given message with the given level.</doc>
<status status="PASS" start="2024-03-21T18:16:56.441682" elapsed="0.000256"/>
</kw>
<kw name="Should Be String" owner="String">
<arg>${json_data['results'][0]['gender']}</arg>
<doc>Fails if the given ``item`` is not a string.</doc>
<status status="PASS" start="2024-03-21T18:16:56.442259" elapsed="0.000416"/>
</kw>
<kw name="Should Match Regexp" owner="BuiltIn">
<arg>${json_data['results'][0]['email']}</arg>
<arg>^[a-zA-Z0-9._%+-]+@[a-zA-Z0-9.-]+\.[a-zA-Z]{2,}$</arg>
<doc>Fails if ``string`` does not match ``pattern`` as a regular expression.</doc>
<status status="PASS" start="2024-03-21T18:16:56.442889" elapsed="0.000532"/>
</kw>
<kw name="Should Match Regexp" owner="BuiltIn">
<arg>${json_data['results'][0]['dob']['date']}</arg>
<arg>\\d{4}-\\d{2}-\\d{2}T\\d{2}:\\d{2}:\\d{2}\\.\\d{3}Z</arg>
<doc>Fails if ``string`` does not match ``pattern`` as a regular expression.</doc>
<status status="PASS" start="2024-03-21T18:16:56.443626" elapsed="0.000516"/>
</kw>
<kw name="Should Match Regexp" owner="BuiltIn">
<arg>${json_data['results'][0]['registered']['date']}</arg>
<arg>\\d{4}-\\d{2}-\\d{2}T\\d{2}:\\d{2}:\\d{2}\\.\\d{3}Z</arg>
<doc>Fails if ``string`` does not match ``pattern`` as a regular expression.</doc>
<status status="PASS" start="2024-03-21T18:16:56.444337" elapsed="0.000379"/>
</kw>
<kw name="Should Match Regexp" owner="BuiltIn">
<arg>${json_data['results'][0]['picture']['large']}</arg>
<arg>^https?://.*\.(?:png|jpe?g|gif|bmp)$</arg>
<doc>Fails if ``string`` does not match ``pattern`` as a regular expression.</doc>
<status status="PASS" start="2024-03-21T18:16:56.444910" elapsed="0.000468"/>
</kw>
<kw name="Should Match Regexp" owner="BuiltIn">
<arg>${json_data['results'][0]['picture']['medium']}</arg>
<arg>^https?://.*\.(?:png|jpe?g|gif|bmp)$</arg>
<doc>Fails if ``string`` does not match ``pattern`` as a regular expression.</doc>
<status status="PASS" start="2024-03-21T18:16:56.445572" elapsed="0.000361"/>
</kw>
<kw name="Should Match Regexp" owner="BuiltIn">
<arg>${json_data['results'][0]['picture']['thumbnail']}</arg>
<arg>^https?://.*\.(?:png|jpe?g|gif|bmp)$</arg>
<doc>Fails if ``string`` does not match ``pattern`` as a regular expression.</doc>
<status status="PASS" start="2024-03-21T18:16:56.446122" elapsed="0.000357"/>
</kw>
<kw name="Log" owner="BuiltIn">
<msg time="2024-03-21T18:16:56.447044" level="INFO">{'large': 'https://randomuser.me/api/portraits/men/99.jpg', 'medium': 'https://randomuser.me/api/portraits/med/men/99.jpg', 'thumbnail': 'https://randomuser.me/api/portraits/thumb/men/99.jpg'}</msg>
<arg>${json_data['results'][0]['picture']}</arg>
<doc>Logs the given message with the given level.</doc>
<status status="PASS" start="2024-03-21T18:16:56.446696" elapsed="0.000397"/>
</kw>
<status status="PASS" start="2024-03-21T18:16:56.367795" elapsed="0.079572"/>
</kw>
<kw name="Teste de Tipos de Dados - Postcode" owner="random-user-service">
<kw name="GET On Session" owner="RequestsLibrary">
<msg time="2024-03-21T18:16:56.541211" level="INFO">GET Request : url=https://randomuser.me/api 
 path_url=/api 
 headers={'User-Agent': 'python-requests/2.31.0', 'Accept-Encoding': 'gzip, deflate', 'Accept': '*/*', 'Connection': 'keep-alive'} 
 body=None 
 </msg>
<msg time="2024-03-21T18:16:56.541326" level="INFO">GET Response : url=https://randomuser.me/api 
 status=200, reason=OK 
 headers={'Date': 'Thu, 21 Mar 2024 18:16:56 GMT', 'Content-Type': 'application/json; charset=utf-8', 'Transfer-Encoding': 'chunked', 'Connection': 'keep-alive', 'X-Powered-By': 'Express', 'Access-Control-Allow-Origin': '*', 'Cache-Control': 'no-cache', 'ETag': 'W/"47d-GEwXMvFXIRdXHusAGItg5jGWhc0"', 'Vary': 'Accept-Encoding', 'Content-Encoding': 'gzip', 'CF-Cache-Status': 'DYNAMIC', 'Report-To': '{"endpoints":[{"url":"https:\\/\\/a.nel.cloudflare.com\\/report\\/v4?s=o4z8sSG3jhuvuICbu7Aeji03qvj3QHIomwN0cOuiqujMyiJWn%2BS9F%2FGNlp9iaJXrLZputA%2F42VGi2SUcLWq7uKwx3MsdIesHb6YsORNxHKQfaF2ONnevdLxVlkPnpWFl"}],"group":"cf-nel","max_age":604800}', 'NEL': '{"success_fraction":0,"report_to":"cf-nel","max_age":604800}', 'Server': 'cloudflare', 'CF-RAY': '867fef98ebff00be-IAD', 'alt-svc': 'h3=":443"; ma=86400'} 
 body={"results":[{"gender":"male","name":{"title":"Mr","first":"Cemil","last":"Hanke"},"location":{"street":{"number":3315,"name":"Marktplatz"},"city":"Neumünster","state":"Baden-Württemberg","country":"Germany","postcode":69683,"coordinates":{"latitude":"-49.8839","longitude":"-14.4376"},"timezone":{"offset":"-9:00","description":"Alaska"}},"email":"cemil.hanke@example.com","login":{"uuid":"2425990a-4a76-41d5-a68c-6679fd75da44","username":"orangerabbit457","password":"gemini","salt":"pOCyhYxz","md5":"d1eb88712c85db4a3660b06b33faf683","sha1":"d70f6a01d86128ed5548443a0febc09b9053cb11","sha256":"d31a1c2f4bc8fc1105653820e42e4622e3b4b4c893a28814f52eb2587d18c0c3"},"dob":{"date":"1968-02-12T00:47:11.866Z","age":56},"registered":{"date":"2011-03-26T16:19:51.878Z","age":12},"phone":"0984-3863263","cell":"0179-1622011","id":{"name":"SVNR","value":"67 110268 H 323"},"picture":{"large":"https://randomuser.me/api/portraits/men/57.jpg","medium":"https://randomuser.me/api/portraits/med/men/57.jpg","thumbnail":"https://randomuser.me/api/portraits/thumb/men/57.jpg"},"nat":"DE"}],"info":{"seed":"a6c913cc8f0bf676","results":1,"page":1,"version":"1.4"}} 
 </msg>
<msg time="2024-03-21T18:16:56.541429" level="INFO">/opt/hostedtoolcache/Python/3.12.2/x64/lib/python3.12/site-packages/urllib3/connectionpool.py:1103: InsecureRequestWarning: Unverified HTTPS request is being made to host 'randomuser.me'. Adding certificate verification is strongly advised. See: https://urllib3.readthedocs.io/en/latest/advanced-usage.html#tls-warnings
  warnings.warn(</msg>
<msg time="2024-03-21T18:16:56.541567" level="INFO">${response} = &lt;Response [200]&gt;</msg>
<var>${response}</var>
<arg>consultarAPI</arg>
<arg>/api</arg>
<doc>Sends a GET request on a previously created HTTP Session.</doc>
<status status="PASS" start="2024-03-21T18:16:56.448000" elapsed="0.093602"/>
</kw>
<kw name="Set Variable" owner="BuiltIn">
<msg time="2024-03-21T18:16:56.542731" level="INFO">${json_data} = {'results': [{'gender': 'male', 'name': {'title': 'Mr', 'first': 'Cemil', 'last': 'Hanke'}, 'location': {'street': {'number': 3315, 'name': 'Marktplatz'}, 'city': 'Neumünster', 'state': 'Baden-Württem...</msg>
<var>${json_data}</var>
<arg>${response.json()}</arg>
<doc>Returns the given values which can then be assigned to a variables.</doc>
<status status="PASS" start="2024-03-21T18:16:56.542149" elapsed="0.000613"/>
</kw>
<kw name="Log" owner="BuiltIn">
<msg time="2024-03-21T18:16:56.543280" level="INFO">{'results': [{'gender': 'male', 'name': {'title': 'Mr', 'first': 'Cemil', 'last': 'Hanke'}, 'location': {'street': {'number': 3315, 'name': 'Marktplatz'}, 'city': 'Neumünster', 'state': 'Baden-Württemberg', 'country': 'Germany', 'postcode': 69683, 'coordinates': {'latitude': '-49.8839', 'longitude': '-14.4376'}, 'timezone': {'offset': '-9:00', 'description': 'Alaska'}}, 'email': 'cemil.hanke@example.com', 'login': {'uuid': '2425990a-4a76-41d5-a68c-6679fd75da44', 'username': 'orangerabbit457', 'password': 'gemini', 'salt': 'pOCyhYxz', 'md5': 'd1eb88712c85db4a3660b06b33faf683', 'sha1': 'd70f6a01d86128ed5548443a0febc09b9053cb11', 'sha256': 'd31a1c2f4bc8fc1105653820e42e4622e3b4b4c893a28814f52eb2587d18c0c3'}, 'dob': {'date': '1968-02-12T00:47:11.866Z', 'age': 56}, 'registered': {'date': '2011-03-26T16:19:51.878Z', 'age': 12}, 'phone': '0984-3863263', 'cell': '0179-1622011', 'id': {'name': 'SVNR', 'value': '67 110268 H 323'}, 'picture': {'large': 'https://randomuser.me/api/portraits/men/57.jpg', 'medium': 'https://randomuser.me/api/portraits/med/men/57.jpg', 'thumbnail': 'https://randomuser.me/api/portraits/thumb/men/57.jpg'}, 'nat': 'DE'}], 'info': {'seed': 'a6c913cc8f0bf676', 'results': 1, 'page': 1, 'version': '1.4'}}</msg>
<arg>${json_data}</arg>
<doc>Logs the given message with the given level.</doc>
<status status="PASS" start="2024-03-21T18:16:56.543111" elapsed="0.000253"/>
</kw>
<kw name="Should Be Equal As Numbers" owner="BuiltIn">
<arg>${json_data['results'][0]['location']['postcode']}</arg>
<arg>${json_data['results'][0]['location']['postcode']}</arg>
<doc>Fails if objects are unequal after converting them to real numbers.</doc>
<status status="PASS" start="2024-03-21T18:16:56.543682" elapsed="0.000642"/>
</kw>
<kw name="Log" owner="BuiltIn">
<msg time="2024-03-21T18:16:56.544858" level="INFO">69683</msg>
<arg>${json_data['results'][0]['location']['postcode']}</arg>
<doc>Logs the given message with the given level.</doc>
<status status="PASS" start="2024-03-21T18:16:56.544522" elapsed="0.000377"/>
</kw>
<status status="PASS" start="2024-03-21T18:16:56.447603" elapsed="0.097560"/>
</kw>
<doc>Testa se os tipos de dados na resposta da API estão corretos.</doc>
<tag>testeTiposDados</tag>
<status status="PASS" start="2024-03-21T18:16:56.367229" elapsed="0.178109"/>
</test>
<test id="s1-s1-t5" name="Validar conteudo" line="35">
<kw name="Teste de Tipos de Conteudo" owner="random-user-service">
<kw name="GET On Session" owner="RequestsLibrary">
<msg time="2024-03-21T18:16:56.638747" level="INFO">GET Request : url=https://randomuser.me/api 
 path_url=/api 
 headers={'User-Agent': 'python-requests/2.31.0', 'Accept-Encoding': 'gzip, deflate', 'Accept': '*/*', 'Connection': 'keep-alive'} 
 body=None 
 </msg>
<msg time="2024-03-21T18:16:56.638852" level="INFO">GET Response : url=https://randomuser.me/api 
 status=200, reason=OK 
 headers={'Date': 'Thu, 21 Mar 2024 18:16:56 GMT', 'Content-Type': 'application/json; charset=utf-8', 'Transfer-Encoding': 'chunked', 'Connection': 'keep-alive', 'X-Powered-By': 'Express', 'Access-Control-Allow-Origin': '*', 'Cache-Control': 'no-cache', 'ETag': 'W/"49b-w0Mcu1DQ9+Iw9K1nAz6bW4pOWIY"', 'Vary': 'Accept-Encoding', 'Content-Encoding': 'gzip', 'CF-Cache-Status': 'DYNAMIC', 'Report-To': '{"endpoints":[{"url":"https:\\/\\/a.nel.cloudflare.com\\/report\\/v4?s=uQXJzdeuaUJfHNZEh%2BO%2F%2Biv8pg98BD80KVpdpE2NRkUeSjqeaeT%2FG0Am4wnxGKlOIT3OHUrFCK2caelWLyGk1fUFtvt02kOdnD0WNCnhBfaf3k%2BXtEg5sp8YmyHAjC06"}],"group":"cf-nel","max_age":604800}', 'NEL': '{"success_fraction":0,"report_to":"cf-nel","max_age":604800}', 'Server': 'cloudflare', 'CF-RAY': '867fef997c7600be-IAD', 'alt-svc': 'h3=":443"; ma=86400'} 
 body={"results":[{"gender":"female","name":{"title":"Miss","first":"Hannah","last":"Ryan"},"location":{"street":{"number":1940,"name":"E North St"},"city":"Queanbeyan","state":"South Australia","country":"Australia","postcode":9211,"coordinates":{"latitude":"-83.2424","longitude":"65.7318"},"timezone":{"offset":"+3:00","description":"Baghdad, Riyadh, Moscow, St. Petersburg"}},"email":"hannah.ryan@example.com","login":{"uuid":"6c4833b9-ed28-4272-a2ef-2d32dffdbe73","username":"yellowdog839","password":"unicorn","salt":"1jHkEh3j","md5":"a9b6fd07193ed4384c50ee473ab00594","sha1":"5e5351c84b16a05290d85d4a94a94c680e206f5a","sha256":"7c854b6bde085283784bfe688934bcd7734d2f29df7ebdeffac4f822a26bddcf"},"dob":{"date":"1956-10-29T06:09:44.297Z","age":67},"registered":{"date":"2005-12-07T10:05:31.796Z","age":18},"phone":"09-9878-4246","cell":"0452-711-317","id":{"name":"TFN","value":"962236639"},"picture":{"large":"https://randomuser.me/api/portraits/women/81.jpg","medium":"https://randomuser.me/api/portraits/med/women/81.jpg","thumbnail":"https://randomuser.me/api/portraits/thumb/women/81.jpg"},"nat":"AU"}],"info":{"seed":"001bbb1ab936ab04","results":1,"page":1,"version":"1.4"}} 
 </msg>
<msg time="2024-03-21T18:16:56.638921" level="INFO">/opt/hostedtoolcache/Python/3.12.2/x64/lib/python3.12/site-packages/urllib3/connectionpool.py:1103: InsecureRequestWarning: Unverified HTTPS request is being made to host 'randomuser.me'. Adding certificate verification is strongly advised. See: https://urllib3.readthedocs.io/en/latest/advanced-usage.html#tls-warnings
  warnings.warn(</msg>
<msg time="2024-03-21T18:16:56.639041" level="INFO">${response} = &lt;Response [200]&gt;</msg>
<var>${response}</var>
<arg>consultarAPI</arg>
<arg>/api</arg>
<doc>Sends a GET request on a previously created HTTP Session.</doc>
<status status="PASS" start="2024-03-21T18:16:56.547958" elapsed="0.091112"/>
</kw>
<kw name="Set Variable" owner="BuiltIn">
<msg time="2024-03-21T18:16:56.640184" level="INFO">${json_data} = {'results': [{'gender': 'female', 'name': {'title': 'Miss', 'first': 'Hannah', 'last': 'Ryan'}, 'location': {'street': {'number': 1940, 'name': 'E North St'}, 'city': 'Queanbeyan', 'state': 'South Aus...</msg>
<var>${json_data}</var>
<arg>${response.json()}</arg>
<doc>Returns the given values which can then be assigned to a variables.</doc>
<status status="PASS" start="2024-03-21T18:16:56.639666" elapsed="0.000546"/>
</kw>
<kw name="Set Variable" owner="BuiltIn">
<msg time="2024-03-21T18:16:56.640899" level="INFO">${name_title} = Miss</msg>
<var>${name_title}</var>
<arg>${json_data["results"][0]["name"]["title"]}</arg>
<doc>Returns the given values which can then be assigned to a variables.</doc>
<status status="PASS" start="2024-03-21T18:16:56.640525" elapsed="0.000399"/>
</kw>
<kw name="Create List" owner="BuiltIn">
<msg time="2024-03-21T18:16:56.641373" level="INFO">${allowed_titles} = ['Mr', 'Ms', 'Miss', 'Mrs', 'Madame', 'Monsieur']</msg>
<var>${allowed_titles}</var>
<arg>Mr</arg>
<arg>Ms</arg>
<arg>Miss</arg>
<arg>Mrs</arg>
<arg>Madame</arg>
<arg>Monsieur</arg>
<doc>Returns a list containing given items.</doc>
<status status="PASS" start="2024-03-21T18:16:56.641223" elapsed="0.000174"/>
</kw>
<kw name="List Should Contain Value" owner="Collections">
<msg time="2024-03-21T18:16:56.641884" level="INFO">False</msg>
<arg>${allowed_titles}</arg>
<arg>${name_title}</arg>
<doc>Fails if the ``value`` is not found from ``list``.</doc>
<status status="PASS" start="2024-03-21T18:16:56.641704" elapsed="0.000217"/>
</kw>
<kw name="Set Variable" owner="BuiltIn">
<msg time="2024-03-21T18:16:56.642587" level="INFO">${name_country} = AU</msg>
<var>${name_country}</var>
<arg>${json_data["results"][0]["nat"]}</arg>
<doc>Returns the given values which can then be assigned to a variables.</doc>
<status status="PASS" start="2024-03-21T18:16:56.642210" elapsed="0.000439"/>
</kw>
<kw name="Create List" owner="BuiltIn">
<msg time="2024-03-21T18:16:56.643574" level="INFO">${list_country} = ['AD', 'AE', 'AF', 'AG', 'AI', 'AL', 'AM', 'AO', 'AQ', 'AR', 'AS', 'AT', 'AU', 'AW', 'AX', 'AZ', 'BA', 'BB', 'BD', 'BE', 'BF', 'BG', 'BH', 'BI', 'BJ', 'BL', 'BM', 'BN', 'BO', 'BQ', 'BR', 'BS', 'BT', '...</msg>
<var>${list_country}</var>
<arg>AD</arg>
<arg>AE</arg>
<arg>AF</arg>
<arg>AG</arg>
<arg>AI</arg>
<arg>AL</arg>
<arg>AM</arg>
<arg>AO</arg>
<arg>AQ</arg>
<arg>AR</arg>
<arg>AS</arg>
<arg>AT</arg>
<arg>AU</arg>
<arg>AW</arg>
<arg>AX</arg>
<arg>AZ</arg>
<arg>BA</arg>
<arg>BB</arg>
<arg>BD</arg>
<arg>BE</arg>
<arg>BF</arg>
<arg>BG</arg>
<arg>BH</arg>
<arg>BI</arg>
<arg>BJ</arg>
<arg>BL</arg>
<arg>BM</arg>
<arg>BN</arg>
<arg>BO</arg>
<arg>BQ</arg>
<arg>BR</arg>
<arg>BS</arg>
<arg>BT</arg>
<arg>BV</arg>
<arg>BW</arg>
<arg>BY</arg>
<arg>BZ</arg>
<arg>CA</arg>
<arg>CC</arg>
<arg>CD</arg>
<arg>CF</arg>
<arg>CG</arg>
<arg>CH</arg>
<arg>CI</arg>
<arg>CK</arg>
<arg>CL</arg>
<arg>CM</arg>
<arg>CN</arg>
<arg>CO</arg>
<arg>CR</arg>
<arg>CU</arg>
<arg>CV</arg>
<arg>CW</arg>
<arg>CX</arg>
<arg>CY</arg>
<arg>CZ</arg>
<arg>DE</arg>
<arg>DJ</arg>
<arg>DK</arg>
<arg>DM</arg>
<arg>DO</arg>
<arg>DZ</arg>
<arg>EC</arg>
<arg>EE</arg>
<arg>EG</arg>
<arg>EH</arg>
<arg>ER</arg>
<arg>ES</arg>
<arg>ET</arg>
<arg>FI</arg>
<arg>FJ</arg>
<arg>FK</arg>
<arg>FM</arg>
<arg>FO</arg>
<arg>FR</arg>
<arg>GA</arg>
<arg>GB</arg>
<arg>GD</arg>
<arg>GE</arg>
<arg>GF</arg>
<arg>GG</arg>
<arg>GH</arg>
<arg>GI</arg>
<arg>GL</arg>
<arg>GM</arg>
<arg>GN</arg>
<arg>GP</arg>
<arg>GQ</arg>
<arg>GR</arg>
<arg>GS</arg>
<arg>GT</arg>
<arg>GU</arg>
<arg>GW</arg>
<arg>GY</arg>
<arg>HK</arg>
<arg>HM</arg>
<arg>HN</arg>
<arg>HR</arg>
<arg>HT</arg>
<arg>HU</arg>
<arg>ID</arg>
<arg>IE</arg>
<arg>IL</arg>
<arg>IM</arg>
<arg>IN</arg>
<arg>IO</arg>
<arg>IQ</arg>
<arg>IR</arg>
<arg>IS</arg>
<arg>IT</arg>
<arg>JE</arg>
<arg>JM</arg>
<arg>JO</arg>
<arg>JP</arg>
<arg>KE</arg>
<arg>KG</arg>
<arg>KH</arg>
<arg>KI</arg>
<arg>KM</arg>
<arg>KN</arg>
<arg>KP</arg>
<arg>KR</arg>
<arg>KW</arg>
<arg>KY</arg>
<arg>KZ</arg>
<arg>LA</arg>
<arg>LB</arg>
<arg>LC</arg>
<arg>LI</arg>
<arg>LK</arg>
<arg>LR</arg>
<arg>LS</arg>
<arg>LT</arg>
<arg>LU</arg>
<arg>LV</arg>
<arg>LY</arg>
<arg>MA</arg>
<arg>MC</arg>
<arg>MD</arg>
<arg>ME</arg>
<arg>MF</arg>
<arg>MG</arg>
<arg>MH</arg>
<arg>MK</arg>
<arg>ML</arg>
<arg>MM</arg>
<arg>MN</arg>
<arg>MO</arg>
<arg>MP</arg>
<arg>MQ</arg>
<arg>MR</arg>
<arg>MS</arg>
<arg>MT</arg>
<arg>MU</arg>
<arg>MV</arg>
<arg>MW</arg>
<arg>MX</arg>
<arg>MY</arg>
<arg>MZ</arg>
<arg>NA</arg>
<arg>NC</arg>
<arg>NE</arg>
<arg>NF</arg>
<arg>NG</arg>
<arg>NI</arg>
<arg>NL</arg>
<arg>NO</arg>
<arg>NP</arg>
<arg>NR</arg>
<arg>NU</arg>
<arg>NZ</arg>
<arg>OM</arg>
<arg>PA</arg>
<arg>PE</arg>
<arg>PF</arg>
<arg>PG</arg>
<arg>PH</arg>
<arg>PK</arg>
<arg>PL</arg>
<arg>PM</arg>
<arg>PN</arg>
<arg>PR</arg>
<arg>PS</arg>
<arg>PT</arg>
<arg>PW</arg>
<arg>PY</arg>
<arg>QA</arg>
<arg>RE</arg>
<arg>RO</arg>
<arg>RS</arg>
<arg>RU</arg>
<arg>RW</arg>
<arg>SA</arg>
<arg>SB</arg>
<arg>SC</arg>
<arg>SD</arg>
<arg>SE</arg>
<arg>SG</arg>
<arg>SH</arg>
<arg>SI</arg>
<arg>SJ</arg>
<arg>SK</arg>
<arg>SL</arg>
<arg>SM</arg>
<arg>SN</arg>
<arg>SO</arg>
<arg>SR</arg>
<arg>SS</arg>
<arg>ST</arg>
<arg>SV</arg>
<arg>SX</arg>
<arg>SY</arg>
<arg>SZ</arg>
<arg>TC</arg>
<arg>TD</arg>
<arg>TF</arg>
<arg>TG</arg>
<arg>TH</arg>
<arg>TJ</arg>
<arg>TK</arg>
<arg>TL</arg>
<arg>TM</arg>
<arg>TN</arg>
<arg>TO</arg>
<arg>TR</arg>
<arg>TT</arg>
<arg>TV</arg>
<arg>TW</arg>
<arg>TZ</arg>
<arg>UA</arg>
<arg>UG</arg>
<arg>UM</arg>
<arg>US</arg>
<arg>UY</arg>
<arg>UZ</arg>
<arg>VA</arg>
<arg>VC</arg>
<arg>VE</arg>
<arg>VG</arg>
<arg>VI</arg>
<arg>VN</arg>
<arg>VU</arg>
<arg>WF</arg>
<arg>WS</arg>
<arg>XK</arg>
<arg>YE</arg>
<arg>YT</arg>
<arg>ZA</arg>
<arg>ZM</arg>
<arg>ZW</arg>
<doc>Returns a list containing given items.</doc>
<status status="PASS" start="2024-03-21T18:16:56.642976" elapsed="0.000624"/>
</kw>
<kw name="List Should Contain Value" owner="Collections">
<msg time="2024-03-21T18:16:56.644744" level="INFO">False</msg>
<arg>${list_country}</arg>
<arg>${name_country}</arg>
<doc>Fails if the ``value`` is not found from ``list``.</doc>
<status status="PASS" start="2024-03-21T18:16:56.644534" elapsed="0.000248"/>
</kw>
<kw name="Run Keyword If" owner="BuiltIn">
<kw name="Should Be True" owner="BuiltIn">
<arg>${True}</arg>
<doc>Fails if the given condition is not true.</doc>
<status status="PASS" start="2024-03-21T18:16:56.645855" elapsed="0.000148"/>
</kw>
<arg>${json_data["results"][0]["location"]["coordinates"]["latitude"]} &gt;= -90 and ${json_data["results"][0]["location"]["coordinates"]["latitude"]} &lt;= 90</arg>
<arg>Should Be True</arg>
<arg>${True}</arg>
<doc>Runs the given keyword with the given arguments, if ``condition`` is true.</doc>
<status status="PASS" start="2024-03-21T18:16:56.645097" elapsed="0.001037"/>
</kw>
<kw name="Run Keyword If" owner="BuiltIn">
<kw name="Should Be True" owner="BuiltIn">
<arg>${True}</arg>
<doc>Fails if the given condition is not true.</doc>
<status status="PASS" start="2024-03-21T18:16:56.647068" elapsed="0.000150"/>
</kw>
<arg>${json_data["results"][0]["location"]["coordinates"]["longitude"]} &gt;= -180 and ${json_data["results"][0]["location"]["coordinates"]["longitude"]} &lt;= 180</arg>
<arg>Should Be True</arg>
<arg>${True}</arg>
<doc>Runs the given keyword with the given arguments, if ``condition`` is true.</doc>
<status status="PASS" start="2024-03-21T18:16:56.646320" elapsed="0.001024"/>
</kw>
<status status="PASS" start="2024-03-21T18:16:56.547720" elapsed="0.099758"/>
</kw>
<doc>Testa o conteúdo específico dos campos retornados pela API.</doc>
<tag>testeConteudo</tag>
<status status="PASS" start="2024-03-21T18:16:56.547149" elapsed="0.100489"/>
</test>
<status status="PASS" start="2024-03-21T18:16:55.814555" elapsed="0.835089"/>
</suite>
<status status="PASS" start="2024-03-21T18:16:55.800520" elapsed="0.854597"/>
</suite>
<statistics>
<total>
<stat pass="5" fail="0" skip="0">All Tests</stat>
</total>
<tag>
<stat pass="1" fail="0" skip="0">testeConteudo</stat>
<stat pass="1" fail="0" skip="0">testeEstruturaResposta</stat>
<stat pass="1" fail="0" skip="0">testeRequisicaoBasica</stat>
<stat pass="1" fail="0" skip="0">testeTiposDados</stat>
</tag>
<suite>
<stat pass="5" fail="0" skip="0" id="s1" name="Tests">Tests</stat>
<stat pass="5" fail="0" skip="0" id="s1-s1" name="Random-User-Test">Tests.Random-User-Test</stat>
</suite>
</statistics>
<errors>
</errors>
</robot>
