<?xml version="1.0" encoding="UTF-8"?>
<robot generator="Robot 7.0.1 (Python 3.12.3 on linux)" generated="2024-06-17T13:18:16.267272" rpa="false" schemaversion="5">
<suite id="s1" name="Tests" source="/home/runner/work/ApiRandomUser/ApiRandomUser/RamdonUser/tests">
<suite id="s1-s1" name="Random-User-Test" source="/home/runner/work/ApiRandomUser/ApiRandomUser/RamdonUser/tests/random-user-test.robot">
<test id="s1-s1-t1" name="Conectar" line="13">
<kw name="Conectar API" owner="random-user-service">
<kw name="Create Session" owner="RequestsLibrary">
<msg time="2024-06-17T13:18:16.674287" level="INFO">Creating Session using : alias=consultarAPI, url=https://randomuser.me/, headers={},                     cookies={}, auth=None, timeout=None, proxies=None, verify=False,                     debug=0 </msg>
<arg>consultarAPI</arg>
<arg>${URL}</arg>
<doc>Create Session: create a HTTP session to a server</doc>
<status status="PASS" start="2024-06-17T13:18:16.674085" elapsed="0.000382"/>
</kw>
<status status="PASS" start="2024-06-17T13:18:16.673035" elapsed="0.001790"/>
</kw>
<status status="PASS" start="2024-06-17T13:18:16.672435" elapsed="0.002586"/>
</test>
<test id="s1-s1-t2" name="Validar retorno 200 e JSON Válido" line="16">
<kw name="Teste de Requisicao Basica" owner="random-user-service">
<kw name="GET On Session" owner="RequestsLibrary">
<msg time="2024-06-17T13:18:16.881831" level="INFO">GET Request : url=https://randomuser.me/api 
 path_url=/api 
 headers={'User-Agent': 'python-requests/2.32.3', 'Accept-Encoding': 'gzip, deflate', 'Accept': '*/*', 'Connection': 'keep-alive'} 
 body=None 
 </msg>
<msg time="2024-06-17T13:18:16.881996" level="INFO">GET Response : url=https://randomuser.me/api 
 status=200, reason=OK 
 headers={'Date': 'Mon, 17 Jun 2024 13:18:16 GMT', 'Content-Type': 'application/json; charset=utf-8', 'Transfer-Encoding': 'chunked', 'Connection': 'keep-alive', 'X-Powered-By': 'Express', 'Access-Control-Allow-Origin': '*', 'Cache-Control': 'no-cache', 'ETag': 'W/"46b-AwGBBY+uufasWlQoeGklIZrJf0U"', 'Vary': 'Accept-Encoding', 'Content-Encoding': 'gzip', 'CF-Cache-Status': 'DYNAMIC', 'Report-To': '{"endpoints":[{"url":"https:\\/\\/a.nel.cloudflare.com\\/report\\/v4?s=oGep%2Bk3%2BElXLGOODFi8mg4EVD3VV%2BhEKuRoHMGU3pvaP96nlEmmdICUW811tsotTlm3moCqeOm18Trunc%2BfiI3%2BsiZv9t0fD81nRzd40MkG2OuZvcQp7FHM2hewraG7w"}],"group":"cf-nel","max_age":604800}', 'NEL': '{"success_fraction":0,"report_to":"cf-nel","max_age":604800}', 'Server': 'cloudflare', 'CF-RAY': '8953531b2c3d0821-IAD', 'alt-svc': 'h3=":443"; ma=86400'} 
 body={"results":[{"gender":"male","name":{"title":"Mr","first":"Lucas","last":"Møller"},"location":{"street":{"number":6853,"name":"Solbærvej"},"city":"Vipperød","state":"Danmark","country":"Denmark","postcode":96843,"coordinates":{"latitude":"-38.8474","longitude":"-138.6681"},"timezone":{"offset":"-3:30","description":"Newfoundland"}},"email":"lucas.moller@example.com","login":{"uuid":"784acf2f-312a-469a-bea8-a9f8ea7d3e9a","username":"redleopard676","password":"theater","salt":"phkNzLQU","md5":"fb111b9b8ea163b5957461a4cfb25d17","sha1":"b3e3fedbab37fb420c446f68a741486d12f60083","sha256":"1ed14d33f2714864d93a1c949eeeb3934a9398ac261861ad6662ae6b8ab14c25"},"dob":{"date":"1977-05-08T01:36:06.387Z","age":47},"registered":{"date":"2021-05-04T18:06:23.779Z","age":3},"phone":"96481966","cell":"60552239","id":{"name":"CPR","value":"070577-5827"},"picture":{"large":"https://randomuser.me/api/portraits/men/51.jpg","medium":"https://randomuser.me/api/portraits/med/men/51.jpg","thumbnail":"https://randomuser.me/api/portraits/thumb/men/51.jpg"},"nat":"DK"}],"info":{"seed":"e0438f0f5d2d9880","results":1,"page":1,"version":"1.4"}} 
 </msg>
<msg time="2024-06-17T13:18:16.882087" level="INFO">/opt/hostedtoolcache/Python/3.12.3/x64/lib/python3.12/site-packages/urllib3/connectionpool.py:1103: InsecureRequestWarning: Unverified HTTPS request is being made to host 'randomuser.me'. Adding certificate verification is strongly advised. See: https://urllib3.readthedocs.io/en/latest/advanced-usage.html#tls-warnings
  warnings.warn(</msg>
<msg time="2024-06-17T13:18:16.882234" level="INFO">${response} = &lt;Response [200]&gt;</msg>
<var>${response}</var>
<arg>consultarAPI</arg>
<arg>/api</arg>
<doc>Sends a GET request on a previously created HTTP Session.</doc>
<status status="PASS" start="2024-06-17T13:18:16.677707" elapsed="0.204567"/>
</kw>
<kw name="Should Be Equal As Numbers" owner="BuiltIn">
<msg time="2024-06-17T13:18:16.883365" level="INFO">Argument types are:
&lt;class 'int'&gt;
&lt;class 'str'&gt;</msg>
<arg>${response.status_code}</arg>
<arg>200</arg>
<doc>Fails if objects are unequal after converting them to real numbers.</doc>
<status status="PASS" start="2024-06-17T13:18:16.882874" elapsed="0.000557"/>
</kw>
<kw name="Log" owner="BuiltIn">
<msg time="2024-06-17T13:18:16.884144" level="INFO">200</msg>
<arg>${response.status_code}</arg>
<doc>Logs the given message with the given level.</doc>
<status status="PASS" start="2024-06-17T13:18:16.883744" elapsed="0.000448"/>
</kw>
<kw name="Set Variable" owner="BuiltIn">
<msg time="2024-06-17T13:18:16.884948" level="INFO">${json_data} = {'results': [{'gender': 'male', 'name': {'title': 'Mr', 'first': 'Lucas', 'last': 'Møller'}, 'location': {'street': {'number': 6853, 'name': 'Solbærvej'}, 'city': 'Vipperød', 'state': 'Danmark', 'coun...</msg>
<var>${json_data}</var>
<arg>${response.json()}</arg>
<doc>Returns the given values which can then be assigned to a variables.</doc>
<status status="PASS" start="2024-06-17T13:18:16.884499" elapsed="0.000478"/>
</kw>
<kw name="Dictionary Should Contain Key" owner="Collections">
<arg>${json_data}</arg>
<arg>results</arg>
<doc>Fails if ``key`` is not found from ``dictionary``.</doc>
<status status="PASS" start="2024-06-17T13:18:16.885276" elapsed="0.000164"/>
</kw>
<status status="PASS" start="2024-06-17T13:18:16.677460" elapsed="0.208132"/>
</kw>
<doc>Testa se a API responde corretamente e retorna um objeto JSON válido.</doc>
<tag>testeRequisicaoBasica</tag>
<status status="PASS" start="2024-06-17T13:18:16.676950" elapsed="0.208816"/>
</test>
<test id="s1-s1-t3" name="Validar estrutura de resposta" line="22">
<kw name="Teste de Estrutura de Resposta" owner="random-user-service">
<kw name="GET On Session" owner="RequestsLibrary">
<msg time="2024-06-17T13:18:16.982347" level="INFO">GET Request : url=https://randomuser.me/api 
 path_url=/api 
 headers={'User-Agent': 'python-requests/2.32.3', 'Accept-Encoding': 'gzip, deflate', 'Accept': '*/*', 'Connection': 'keep-alive'} 
 body=None 
 </msg>
<msg time="2024-06-17T13:18:16.982453" level="INFO">GET Response : url=https://randomuser.me/api 
 status=200, reason=OK 
 headers={'Date': 'Mon, 17 Jun 2024 13:18:16 GMT', 'Content-Type': 'application/json; charset=utf-8', 'Transfer-Encoding': 'chunked', 'Connection': 'keep-alive', 'X-Powered-By': 'Express', 'Access-Control-Allow-Origin': '*', 'Cache-Control': 'no-cache', 'ETag': 'W/"499-CzU/u2LoJ/fS9OutvEIvIFQfiek"', 'Vary': 'Accept-Encoding', 'Content-Encoding': 'gzip', 'CF-Cache-Status': 'DYNAMIC', 'Report-To': '{"endpoints":[{"url":"https:\\/\\/a.nel.cloudflare.com\\/report\\/v4?s=rjT6JX%2Bff2oVmKT1yG8I2z0syRG2ANPpcbUj7xIx0UyVnsdPnodY4X8XPHYpXfov4XE%2FuTiXWSF7%2FWABebv0M8wLBcN%2Fec6w0GcBNbs4VrWKtPj0sfEMvkA29GNQI5Ny"}],"group":"cf-nel","max_age":604800}', 'NEL': '{"success_fraction":0,"report_to":"cf-nel","max_age":604800}', 'Server': 'cloudflare', 'CF-RAY': '8953531b9cc90821-IAD', 'alt-svc': 'h3=":443"; ma=86400'} 
 body={"results":[{"gender":"female","name":{"title":"Mrs","first":"Anika","last":"Patil"},"location":{"street":{"number":6588,"name":"Gali Paranthe Wali"},"city":"Bihar Sharif","state":"Gujarat","country":"India","postcode":46947,"coordinates":{"latitude":"12.4929","longitude":"103.8279"},"timezone":{"offset":"-5:00","description":"Eastern Time (US &amp; Canada), Bogota, Lima"}},"email":"anika.patil@example.com","login":{"uuid":"1aa4a425-6423-4a7b-b64e-bc4fadb05ac2","username":"tinypanda808","password":"davide","salt":"pjoMDRBy","md5":"11ba12d92c43d8d2c57528f5d8332fba","sha1":"b34368d2509b63dd68612d56072b76797c4f13d6","sha256":"965e1e2cd12b5881cc308e11f33df8f2ba0e982b7c01c407f666fa864c860a20"},"dob":{"date":"1961-02-24T06:57:47.778Z","age":63},"registered":{"date":"2022-01-05T05:25:01.189Z","age":2},"phone":"9603671914","cell":"8413926061","id":{"name":"UIDAI","value":"716355174222"},"picture":{"large":"https://randomuser.me/api/portraits/women/66.jpg","medium":"https://randomuser.me/api/portraits/med/women/66.jpg","thumbnail":"https://randomuser.me/api/portraits/thumb/women/66.jpg"},"nat":"IN"}],"info":{"seed":"4c7d4187bc95074d","results":1,"page":1,"version":"1.4"}} 
 </msg>
<msg time="2024-06-17T13:18:16.982609" level="INFO">/opt/hostedtoolcache/Python/3.12.3/x64/lib/python3.12/site-packages/urllib3/connectionpool.py:1103: InsecureRequestWarning: Unverified HTTPS request is being made to host 'randomuser.me'. Adding certificate verification is strongly advised. See: https://urllib3.readthedocs.io/en/latest/advanced-usage.html#tls-warnings
  warnings.warn(</msg>
<msg time="2024-06-17T13:18:16.982748" level="INFO">${response} = &lt;Response [200]&gt;</msg>
<var>${response}</var>
<arg>consultarAPI</arg>
<arg>/api</arg>
<doc>Sends a GET request on a previously created HTTP Session.</doc>
<status status="PASS" start="2024-06-17T13:18:16.889316" elapsed="0.093481"/>
</kw>
<kw name="Set Variable" owner="BuiltIn">
<msg time="2024-06-17T13:18:16.984031" level="INFO">${json_data} = {'results': [{'gender': 'female', 'name': {'title': 'Mrs', 'first': 'Anika', 'last': 'Patil'}, 'location': {'street': {'number': 6588, 'name': 'Gali Paranthe Wali'}, 'city': 'Bihar Sharif', 'state': '...</msg>
<var>${json_data}</var>
<arg>${response.json()}</arg>
<doc>Returns the given values which can then be assigned to a variables.</doc>
<status status="PASS" start="2024-06-17T13:18:16.983427" elapsed="0.000634"/>
</kw>
<kw name="Log" owner="BuiltIn">
<msg time="2024-06-17T13:18:16.984553" level="INFO">{'results': [{'gender': 'female', 'name': {'title': 'Mrs', 'first': 'Anika', 'last': 'Patil'}, 'location': {'street': {'number': 6588, 'name': 'Gali Paranthe Wali'}, 'city': 'Bihar Sharif', 'state': 'Gujarat', 'country': 'India', 'postcode': 46947, 'coordinates': {'latitude': '12.4929', 'longitude': '103.8279'}, 'timezone': {'offset': '-5:00', 'description': 'Eastern Time (US &amp; Canada), Bogota, Lima'}}, 'email': 'anika.patil@example.com', 'login': {'uuid': '1aa4a425-6423-4a7b-b64e-bc4fadb05ac2', 'username': 'tinypanda808', 'password': 'davide', 'salt': 'pjoMDRBy', 'md5': '11ba12d92c43d8d2c57528f5d8332fba', 'sha1': 'b34368d2509b63dd68612d56072b76797c4f13d6', 'sha256': '965e1e2cd12b5881cc308e11f33df8f2ba0e982b7c01c407f666fa864c860a20'}, 'dob': {'date': '1961-02-24T06:57:47.778Z', 'age': 63}, 'registered': {'date': '2022-01-05T05:25:01.189Z', 'age': 2}, 'phone': '9603671914', 'cell': '8413926061', 'id': {'name': 'UIDAI', 'value': '716355174222'}, 'picture': {'large': 'https://randomuser.me/api/portraits/women/66.jpg', 'medium': 'https://randomuser.me/api/portraits/med/women/66.jpg', 'thumbnail': 'https://randomuser.me/api/portraits/thumb/women/66.jpg'}, 'nat': 'IN'}], 'info': {'seed': '4c7d4187bc95074d', 'results': 1, 'page': 1, 'version': '1.4'}}</msg>
<arg>${json_data}</arg>
<doc>Logs the given message with the given level.</doc>
<status status="PASS" start="2024-06-17T13:18:16.984390" elapsed="0.000210"/>
</kw>
<kw name="Dictionary Should Contain Key" owner="Collections">
<arg>${json_data}</arg>
<arg>results</arg>
<doc>Fails if ``key`` is not found from ``dictionary``.</doc>
<status status="PASS" start="2024-06-17T13:18:16.984892" elapsed="0.000160"/>
</kw>
<kw name="Should Not Be Empty" owner="BuiltIn">
<msg time="2024-06-17T13:18:16.985362" level="INFO">Length is 2.</msg>
<arg>${json_data}</arg>
<doc>Verifies that the given item is not empty.</doc>
<status status="PASS" start="2024-06-17T13:18:16.985238" elapsed="0.000163"/>
</kw>
<kw name="Create List" owner="BuiltIn">
<msg time="2024-06-17T13:18:16.985858" level="INFO">${expected_keys} = ['gender', 'name', 'location', 'email', 'login']</msg>
<var>${expected_keys}</var>
<arg>gender</arg>
<arg>name</arg>
<arg>location</arg>
<arg>email</arg>
<arg>login</arg>
<doc>Returns a list containing given items.</doc>
<status status="PASS" start="2024-06-17T13:18:16.985687" elapsed="0.000195"/>
</kw>
<for flavor="IN">
<iter>
<kw name="Dictionary Should Contain Key" owner="Collections">
<arg>${json_data['results'][0]}</arg>
<arg>${key}</arg>
<doc>Fails if ``key`` is not found from ``dictionary``.</doc>
<status status="PASS" start="2024-06-17T13:18:16.986472" elapsed="0.000406"/>
</kw>
<kw name="Log" owner="BuiltIn">
<msg time="2024-06-17T13:18:16.987431" level="INFO">{'gender': 'female', 'name': {'title': 'Mrs', 'first': 'Anika', 'last': 'Patil'}, 'location': {'street': {'number': 6588, 'name': 'Gali Paranthe Wali'}, 'city': 'Bihar Sharif', 'state': 'Gujarat', 'country': 'India', 'postcode': 46947, 'coordinates': {'latitude': '12.4929', 'longitude': '103.8279'}, 'timezone': {'offset': '-5:00', 'description': 'Eastern Time (US &amp; Canada), Bogota, Lima'}}, 'email': 'anika.patil@example.com', 'login': {'uuid': '1aa4a425-6423-4a7b-b64e-bc4fadb05ac2', 'username': 'tinypanda808', 'password': 'davide', 'salt': 'pjoMDRBy', 'md5': '11ba12d92c43d8d2c57528f5d8332fba', 'sha1': 'b34368d2509b63dd68612d56072b76797c4f13d6', 'sha256': '965e1e2cd12b5881cc308e11f33df8f2ba0e982b7c01c407f666fa864c860a20'}, 'dob': {'date': '1961-02-24T06:57:47.778Z', 'age': 63}, 'registered': {'date': '2022-01-05T05:25:01.189Z', 'age': 2}, 'phone': '9603671914', 'cell': '8413926061', 'id': {'name': 'UIDAI', 'value': '716355174222'}, 'picture': {'large': 'https://randomuser.me/api/portraits/women/66.jpg', 'medium': 'https://randomuser.me/api/portraits/med/women/66.jpg', 'thumbnail': 'https://randomuser.me/api/portraits/thumb/women/66.jpg'}, 'nat': 'IN'}</msg>
<arg>${json_data['results'][0]}</arg>
<doc>Logs the given message with the given level.</doc>
<status status="PASS" start="2024-06-17T13:18:16.987067" elapsed="0.000414"/>
</kw>
<kw name="Log" owner="BuiltIn">
<msg time="2024-06-17T13:18:16.987942" level="INFO">gender</msg>
<arg>${key}</arg>
<doc>Logs the given message with the given level.</doc>
<status status="PASS" start="2024-06-17T13:18:16.987809" elapsed="0.000180"/>
</kw>
<var name="${key}">gender</var>
<status status="PASS" start="2024-06-17T13:18:16.986349" elapsed="0.001867"/>
</iter>
<iter>
<kw name="Dictionary Should Contain Key" owner="Collections">
<arg>${json_data['results'][0]}</arg>
<arg>${key}</arg>
<doc>Fails if ``key`` is not found from ``dictionary``.</doc>
<status status="PASS" start="2024-06-17T13:18:16.988520" elapsed="0.000386"/>
</kw>
<kw name="Log" owner="BuiltIn">
<msg time="2024-06-17T13:18:16.989485" level="INFO">{'gender': 'female', 'name': {'title': 'Mrs', 'first': 'Anika', 'last': 'Patil'}, 'location': {'street': {'number': 6588, 'name': 'Gali Paranthe Wali'}, 'city': 'Bihar Sharif', 'state': 'Gujarat', 'country': 'India', 'postcode': 46947, 'coordinates': {'latitude': '12.4929', 'longitude': '103.8279'}, 'timezone': {'offset': '-5:00', 'description': 'Eastern Time (US &amp; Canada), Bogota, Lima'}}, 'email': 'anika.patil@example.com', 'login': {'uuid': '1aa4a425-6423-4a7b-b64e-bc4fadb05ac2', 'username': 'tinypanda808', 'password': 'davide', 'salt': 'pjoMDRBy', 'md5': '11ba12d92c43d8d2c57528f5d8332fba', 'sha1': 'b34368d2509b63dd68612d56072b76797c4f13d6', 'sha256': '965e1e2cd12b5881cc308e11f33df8f2ba0e982b7c01c407f666fa864c860a20'}, 'dob': {'date': '1961-02-24T06:57:47.778Z', 'age': 63}, 'registered': {'date': '2022-01-05T05:25:01.189Z', 'age': 2}, 'phone': '9603671914', 'cell': '8413926061', 'id': {'name': 'UIDAI', 'value': '716355174222'}, 'picture': {'large': 'https://randomuser.me/api/portraits/women/66.jpg', 'medium': 'https://randomuser.me/api/portraits/med/women/66.jpg', 'thumbnail': 'https://randomuser.me/api/portraits/thumb/women/66.jpg'}, 'nat': 'IN'}</msg>
<arg>${json_data['results'][0]}</arg>
<doc>Logs the given message with the given level.</doc>
<status status="PASS" start="2024-06-17T13:18:16.989094" elapsed="0.000461"/>
</kw>
<kw name="Log" owner="BuiltIn">
<msg time="2024-06-17T13:18:16.989998" level="INFO">name</msg>
<arg>${key}</arg>
<doc>Logs the given message with the given level.</doc>
<status status="PASS" start="2024-06-17T13:18:16.989858" elapsed="0.000179"/>
</kw>
<var name="${key}">name</var>
<status status="PASS" start="2024-06-17T13:18:16.988408" elapsed="0.001847"/>
</iter>
<iter>
<kw name="Dictionary Should Contain Key" owner="Collections">
<arg>${json_data['results'][0]}</arg>
<arg>${key}</arg>
<doc>Fails if ``key`` is not found from ``dictionary``.</doc>
<status status="PASS" start="2024-06-17T13:18:16.990553" elapsed="0.000389"/>
</kw>
<kw name="Log" owner="BuiltIn">
<msg time="2024-06-17T13:18:16.991479" level="INFO">{'gender': 'female', 'name': {'title': 'Mrs', 'first': 'Anika', 'last': 'Patil'}, 'location': {'street': {'number': 6588, 'name': 'Gali Paranthe Wali'}, 'city': 'Bihar Sharif', 'state': 'Gujarat', 'country': 'India', 'postcode': 46947, 'coordinates': {'latitude': '12.4929', 'longitude': '103.8279'}, 'timezone': {'offset': '-5:00', 'description': 'Eastern Time (US &amp; Canada), Bogota, Lima'}}, 'email': 'anika.patil@example.com', 'login': {'uuid': '1aa4a425-6423-4a7b-b64e-bc4fadb05ac2', 'username': 'tinypanda808', 'password': 'davide', 'salt': 'pjoMDRBy', 'md5': '11ba12d92c43d8d2c57528f5d8332fba', 'sha1': 'b34368d2509b63dd68612d56072b76797c4f13d6', 'sha256': '965e1e2cd12b5881cc308e11f33df8f2ba0e982b7c01c407f666fa864c860a20'}, 'dob': {'date': '1961-02-24T06:57:47.778Z', 'age': 63}, 'registered': {'date': '2022-01-05T05:25:01.189Z', 'age': 2}, 'phone': '9603671914', 'cell': '8413926061', 'id': {'name': 'UIDAI', 'value': '716355174222'}, 'picture': {'large': 'https://randomuser.me/api/portraits/women/66.jpg', 'medium': 'https://randomuser.me/api/portraits/med/women/66.jpg', 'thumbnail': 'https://randomuser.me/api/portraits/thumb/women/66.jpg'}, 'nat': 'IN'}</msg>
<arg>${json_data['results'][0]}</arg>
<doc>Logs the given message with the given level.</doc>
<status status="PASS" start="2024-06-17T13:18:16.991130" elapsed="0.000398"/>
</kw>
<kw name="Log" owner="BuiltIn">
<msg time="2024-06-17T13:18:16.991986" level="INFO">location</msg>
<arg>${key}</arg>
<doc>Logs the given message with the given level.</doc>
<status status="PASS" start="2024-06-17T13:18:16.991847" elapsed="0.000176"/>
</kw>
<var name="${key}">location</var>
<status status="PASS" start="2024-06-17T13:18:16.990445" elapsed="0.001801"/>
</iter>
<iter>
<kw name="Dictionary Should Contain Key" owner="Collections">
<arg>${json_data['results'][0]}</arg>
<arg>${key}</arg>
<doc>Fails if ``key`` is not found from ``dictionary``.</doc>
<status status="PASS" start="2024-06-17T13:18:16.992545" elapsed="0.000389"/>
</kw>
<kw name="Log" owner="BuiltIn">
<msg time="2024-06-17T13:18:16.993472" level="INFO">{'gender': 'female', 'name': {'title': 'Mrs', 'first': 'Anika', 'last': 'Patil'}, 'location': {'street': {'number': 6588, 'name': 'Gali Paranthe Wali'}, 'city': 'Bihar Sharif', 'state': 'Gujarat', 'country': 'India', 'postcode': 46947, 'coordinates': {'latitude': '12.4929', 'longitude': '103.8279'}, 'timezone': {'offset': '-5:00', 'description': 'Eastern Time (US &amp; Canada), Bogota, Lima'}}, 'email': 'anika.patil@example.com', 'login': {'uuid': '1aa4a425-6423-4a7b-b64e-bc4fadb05ac2', 'username': 'tinypanda808', 'password': 'davide', 'salt': 'pjoMDRBy', 'md5': '11ba12d92c43d8d2c57528f5d8332fba', 'sha1': 'b34368d2509b63dd68612d56072b76797c4f13d6', 'sha256': '965e1e2cd12b5881cc308e11f33df8f2ba0e982b7c01c407f666fa864c860a20'}, 'dob': {'date': '1961-02-24T06:57:47.778Z', 'age': 63}, 'registered': {'date': '2022-01-05T05:25:01.189Z', 'age': 2}, 'phone': '9603671914', 'cell': '8413926061', 'id': {'name': 'UIDAI', 'value': '716355174222'}, 'picture': {'large': 'https://randomuser.me/api/portraits/women/66.jpg', 'medium': 'https://randomuser.me/api/portraits/med/women/66.jpg', 'thumbnail': 'https://randomuser.me/api/portraits/thumb/women/66.jpg'}, 'nat': 'IN'}</msg>
<arg>${json_data['results'][0]}</arg>
<doc>Logs the given message with the given level.</doc>
<status status="PASS" start="2024-06-17T13:18:16.993114" elapsed="0.000408"/>
</kw>
<kw name="Log" owner="BuiltIn">
<msg time="2024-06-17T13:18:16.993998" level="INFO">email</msg>
<arg>${key}</arg>
<doc>Logs the given message with the given level.</doc>
<status status="PASS" start="2024-06-17T13:18:16.993866" elapsed="0.000170"/>
</kw>
<var name="${key}">email</var>
<status status="PASS" start="2024-06-17T13:18:16.992425" elapsed="0.001831"/>
</iter>
<iter>
<kw name="Dictionary Should Contain Key" owner="Collections">
<arg>${json_data['results'][0]}</arg>
<arg>${key}</arg>
<doc>Fails if ``key`` is not found from ``dictionary``.</doc>
<status status="PASS" start="2024-06-17T13:18:16.994536" elapsed="0.000388"/>
</kw>
<kw name="Log" owner="BuiltIn">
<msg time="2024-06-17T13:18:16.995451" level="INFO">{'gender': 'female', 'name': {'title': 'Mrs', 'first': 'Anika', 'last': 'Patil'}, 'location': {'street': {'number': 6588, 'name': 'Gali Paranthe Wali'}, 'city': 'Bihar Sharif', 'state': 'Gujarat', 'country': 'India', 'postcode': 46947, 'coordinates': {'latitude': '12.4929', 'longitude': '103.8279'}, 'timezone': {'offset': '-5:00', 'description': 'Eastern Time (US &amp; Canada), Bogota, Lima'}}, 'email': 'anika.patil@example.com', 'login': {'uuid': '1aa4a425-6423-4a7b-b64e-bc4fadb05ac2', 'username': 'tinypanda808', 'password': 'davide', 'salt': 'pjoMDRBy', 'md5': '11ba12d92c43d8d2c57528f5d8332fba', 'sha1': 'b34368d2509b63dd68612d56072b76797c4f13d6', 'sha256': '965e1e2cd12b5881cc308e11f33df8f2ba0e982b7c01c407f666fa864c860a20'}, 'dob': {'date': '1961-02-24T06:57:47.778Z', 'age': 63}, 'registered': {'date': '2022-01-05T05:25:01.189Z', 'age': 2}, 'phone': '9603671914', 'cell': '8413926061', 'id': {'name': 'UIDAI', 'value': '716355174222'}, 'picture': {'large': 'https://randomuser.me/api/portraits/women/66.jpg', 'medium': 'https://randomuser.me/api/portraits/med/women/66.jpg', 'thumbnail': 'https://randomuser.me/api/portraits/thumb/women/66.jpg'}, 'nat': 'IN'}</msg>
<arg>${json_data['results'][0]}</arg>
<doc>Logs the given message with the given level.</doc>
<status status="PASS" start="2024-06-17T13:18:16.995105" elapsed="0.000394"/>
</kw>
<kw name="Log" owner="BuiltIn">
<msg time="2024-06-17T13:18:16.996064" level="INFO">login</msg>
<arg>${key}</arg>
<doc>Logs the given message with the given level.</doc>
<status status="PASS" start="2024-06-17T13:18:16.995817" elapsed="0.000285"/>
</kw>
<var name="${key}">login</var>
<status status="PASS" start="2024-06-17T13:18:16.994428" elapsed="0.001896"/>
</iter>
<var>${key}</var>
<value>@{expected_keys}</value>
<status status="PASS" start="2024-06-17T13:18:16.986145" elapsed="0.010301"/>
</for>
<kw name="Create List" owner="BuiltIn">
<msg time="2024-06-17T13:18:16.996801" level="INFO">${expected_keysTwo} = ['username', 'password']</msg>
<var>${expected_keysTwo}</var>
<arg>username</arg>
<arg>password</arg>
<doc>Returns a list containing given items.</doc>
<status status="PASS" start="2024-06-17T13:18:16.996662" elapsed="0.000163"/>
</kw>
<for flavor="IN">
<iter>
<kw name="Dictionary Should Contain Key" owner="Collections">
<arg>${json_data['results'][0]['login']}</arg>
<arg>${keyTwo}</arg>
<doc>Fails if ``key`` is not found from ``dictionary``.</doc>
<status status="PASS" start="2024-06-17T13:18:16.997402" elapsed="0.000384"/>
</kw>
<kw name="Dictionary Should Contain Key" owner="Collections">
<arg>${json_data['results'][0]['login']}</arg>
<arg>${keyTwo}</arg>
<doc>Fails if ``key`` is not found from ``dictionary``.</doc>
<status status="PASS" start="2024-06-17T13:18:16.997964" elapsed="0.000380"/>
</kw>
<kw name="Log" owner="BuiltIn">
<msg time="2024-06-17T13:18:16.998643" level="INFO">username</msg>
<arg>${keyTwo}</arg>
<doc>Logs the given message with the given level.</doc>
<status status="PASS" start="2024-06-17T13:18:16.998521" elapsed="0.000158"/>
</kw>
<var name="${keyTwo}">username</var>
<status status="PASS" start="2024-06-17T13:18:16.997296" elapsed="0.001607"/>
</iter>
<iter>
<kw name="Dictionary Should Contain Key" owner="Collections">
<arg>${json_data['results'][0]['login']}</arg>
<arg>${keyTwo}</arg>
<doc>Fails if ``key`` is not found from ``dictionary``.</doc>
<status status="PASS" start="2024-06-17T13:18:16.999203" elapsed="0.000388"/>
</kw>
<kw name="Dictionary Should Contain Key" owner="Collections">
<arg>${json_data['results'][0]['login']}</arg>
<arg>${keyTwo}</arg>
<doc>Fails if ``key`` is not found from ``dictionary``.</doc>
<status status="PASS" start="2024-06-17T13:18:16.999788" elapsed="0.000381"/>
</kw>
<kw name="Log" owner="BuiltIn">
<msg time="2024-06-17T13:18:17.000463" level="INFO">password</msg>
<arg>${keyTwo}</arg>
<doc>Logs the given message with the given level.</doc>
<status status="PASS" start="2024-06-17T13:18:17.000343" elapsed="0.000156"/>
</kw>
<var name="${keyTwo}">password</var>
<status status="PASS" start="2024-06-17T13:18:16.999096" elapsed="0.001623"/>
</iter>
<var>${keyTwo}</var>
<value>@{expected_keysTwo}</value>
<status status="PASS" start="2024-06-17T13:18:16.997131" elapsed="0.003715"/>
</for>
<status status="PASS" start="2024-06-17T13:18:16.889055" elapsed="0.111933"/>
</kw>
<doc>Testa a estrutura da resposta da API.</doc>
<tag>testeEstruturaResposta</tag>
<status status="PASS" start="2024-06-17T13:18:16.888089" elapsed="0.113060"/>
</test>
<test id="s1-s1-t4" name="Validar tipos de dados" line="28">
<kw name="Teste de Tipos de Dados" owner="random-user-service">
<kw name="GET On Session" owner="RequestsLibrary">
<msg time="2024-06-17T13:18:17.082633" level="INFO">GET Request : url=https://randomuser.me/api 
 path_url=/api 
 headers={'User-Agent': 'python-requests/2.32.3', 'Accept-Encoding': 'gzip, deflate', 'Accept': '*/*', 'Connection': 'keep-alive'} 
 body=None 
 </msg>
<msg time="2024-06-17T13:18:17.082734" level="INFO">GET Response : url=https://randomuser.me/api 
 status=200, reason=OK 
 headers={'Date': 'Mon, 17 Jun 2024 13:18:17 GMT', 'Content-Type': 'application/json; charset=utf-8', 'Transfer-Encoding': 'chunked', 'Connection': 'keep-alive', 'X-Powered-By': 'Express', 'Access-Control-Allow-Origin': '*', 'Cache-Control': 'no-cache', 'ETag': 'W/"497-kae2y4eUqy+Q79O4JwnE0yTDXc0"', 'Vary': 'Accept-Encoding', 'Content-Encoding': 'gzip', 'CF-Cache-Status': 'DYNAMIC', 'Report-To': '{"endpoints":[{"url":"https:\\/\\/a.nel.cloudflare.com\\/report\\/v4?s=U1xtBc47wBaH6U5E6q6o2IUgjR8QIBpDjf3oIR7Os0CWsq6Kj2o1e967dHT0OrMu93ee7i5VqTa35BXU5huBTdbvMe3kN98Wt638%2FWl6MlKKPij%2Fxb%2BlZWi6KEQdkRvo"}],"group":"cf-nel","max_age":604800}', 'NEL': '{"success_fraction":0,"report_to":"cf-nel","max_age":604800}', 'Server': 'cloudflare', 'CF-RAY': '8953531c4d9d0821-IAD', 'alt-svc': 'h3=":443"; ma=86400'} 
 body={"results":[{"gender":"female","name":{"title":"Mrs","first":"Saana","last":"Pesola"},"location":{"street":{"number":8509,"name":"Bulevardi"},"city":"Ulvila","state":"North Karelia","country":"Finland","postcode":78865,"coordinates":{"latitude":"-26.9213","longitude":"150.8405"},"timezone":{"offset":"+1:00","description":"Brussels, Copenhagen, Madrid, Paris"}},"email":"saana.pesola@example.com","login":{"uuid":"db87d0e5-c5da-451f-a21e-9d79f1afd2bb","username":"tinylion882","password":"albion","salt":"t1Pwe0Qi","md5":"db0da230b0963fdb4d7d49a2c7b217fb","sha1":"add11595688072916fa5034bfc929ee2dda89aca","sha256":"edc48daa34599a32be6cf137b819915649f4e44ce87b774ed48dfb6f641a1a06"},"dob":{"date":"1970-05-16T07:13:06.425Z","age":54},"registered":{"date":"2014-01-28T04:21:54.757Z","age":10},"phone":"02-698-177","cell":"047-687-94-88","id":{"name":"HETU","value":"NaNNA678undefined"},"picture":{"large":"https://randomuser.me/api/portraits/women/94.jpg","medium":"https://randomuser.me/api/portraits/med/women/94.jpg","thumbnail":"https://randomuser.me/api/portraits/thumb/women/94.jpg"},"nat":"FI"}],"info":{"seed":"5fee6ff2277f8b0f","results":1,"page":1,"version":"1.4"}} 
 </msg>
<msg time="2024-06-17T13:18:17.082804" level="INFO">/opt/hostedtoolcache/Python/3.12.3/x64/lib/python3.12/site-packages/urllib3/connectionpool.py:1103: InsecureRequestWarning: Unverified HTTPS request is being made to host 'randomuser.me'. Adding certificate verification is strongly advised. See: https://urllib3.readthedocs.io/en/latest/advanced-usage.html#tls-warnings
  warnings.warn(</msg>
<msg time="2024-06-17T13:18:17.082921" level="INFO">${response} = &lt;Response [200]&gt;</msg>
<var>${response}</var>
<arg>consultarAPI</arg>
<arg>/api</arg>
<doc>Sends a GET request on a previously created HTTP Session.</doc>
<status status="PASS" start="2024-06-17T13:18:17.003574" elapsed="0.079385"/>
</kw>
<kw name="Set Variable" owner="BuiltIn">
<msg time="2024-06-17T13:18:17.084072" level="INFO">${json_data} = {'results': [{'gender': 'female', 'name': {'title': 'Mrs', 'first': 'Saana', 'last': 'Pesola'}, 'location': {'street': {'number': 8509, 'name': 'Bulevardi'}, 'city': 'Ulvila', 'state': 'North Karelia'...</msg>
<var>${json_data}</var>
<arg>${response.json()}</arg>
<doc>Returns the given values which can then be assigned to a variables.</doc>
<status status="PASS" start="2024-06-17T13:18:17.083494" elapsed="0.000607"/>
</kw>
<kw name="Log" owner="BuiltIn">
<msg time="2024-06-17T13:18:17.084584" level="INFO">{'results': [{'gender': 'female', 'name': {'title': 'Mrs', 'first': 'Saana', 'last': 'Pesola'}, 'location': {'street': {'number': 8509, 'name': 'Bulevardi'}, 'city': 'Ulvila', 'state': 'North Karelia', 'country': 'Finland', 'postcode': 78865, 'coordinates': {'latitude': '-26.9213', 'longitude': '150.8405'}, 'timezone': {'offset': '+1:00', 'description': 'Brussels, Copenhagen, Madrid, Paris'}}, 'email': 'saana.pesola@example.com', 'login': {'uuid': 'db87d0e5-c5da-451f-a21e-9d79f1afd2bb', 'username': 'tinylion882', 'password': 'albion', 'salt': 't1Pwe0Qi', 'md5': 'db0da230b0963fdb4d7d49a2c7b217fb', 'sha1': 'add11595688072916fa5034bfc929ee2dda89aca', 'sha256': 'edc48daa34599a32be6cf137b819915649f4e44ce87b774ed48dfb6f641a1a06'}, 'dob': {'date': '1970-05-16T07:13:06.425Z', 'age': 54}, 'registered': {'date': '2014-01-28T04:21:54.757Z', 'age': 10}, 'phone': '02-698-177', 'cell': '047-687-94-88', 'id': {'name': 'HETU', 'value': 'NaNNA678undefined'}, 'picture': {'large': 'https://randomuser.me/api/portraits/women/94.jpg', 'medium': 'https://randomuser.me/api/portraits/med/women/94.jpg', 'thumbnail': 'https://randomuser.me/api/portraits/thumb/women/94.jpg'}, 'nat': 'FI'}], 'info': {'seed': '5fee6ff2277f8b0f', 'results': 1, 'page': 1, 'version': '1.4'}}</msg>
<arg>${json_data}</arg>
<doc>Logs the given message with the given level.</doc>
<status status="PASS" start="2024-06-17T13:18:17.084421" elapsed="0.000210"/>
</kw>
<kw name="Should Be String" owner="String">
<arg>${json_data['results'][0]['gender']}</arg>
<doc>Fails if the given ``item`` is not a string.</doc>
<status status="PASS" start="2024-06-17T13:18:17.084935" elapsed="0.000359"/>
</kw>
<kw name="Should Match Regexp" owner="BuiltIn">
<arg>${json_data['results'][0]['email']}</arg>
<arg>^[a-zA-Z0-9._%+-]+@[a-zA-Z0-9.-]+\.[a-zA-Z]{2,}$</arg>
<doc>Fails if ``string`` does not match ``pattern`` as a regular expression.</doc>
<status status="PASS" start="2024-06-17T13:18:17.085526" elapsed="0.000531"/>
</kw>
<kw name="Should Match Regexp" owner="BuiltIn">
<arg>${json_data['results'][0]['dob']['date']}</arg>
<arg>\\d{4}-\\d{2}-\\d{2}T\\d{2}:\\d{2}:\\d{2}\\.\\d{3}Z</arg>
<doc>Fails if ``string`` does not match ``pattern`` as a regular expression.</doc>
<status status="PASS" start="2024-06-17T13:18:17.086267" elapsed="0.000499"/>
</kw>
<kw name="Should Match Regexp" owner="BuiltIn">
<arg>${json_data['results'][0]['registered']['date']}</arg>
<arg>\\d{4}-\\d{2}-\\d{2}T\\d{2}:\\d{2}:\\d{2}\\.\\d{3}Z</arg>
<doc>Fails if ``string`` does not match ``pattern`` as a regular expression.</doc>
<status status="PASS" start="2024-06-17T13:18:17.086958" elapsed="0.000381"/>
</kw>
<kw name="Should Match Regexp" owner="BuiltIn">
<arg>${json_data['results'][0]['picture']['large']}</arg>
<arg>^https?://.*\.(?:png|jpe?g|gif|bmp)$</arg>
<doc>Fails if ``string`` does not match ``pattern`` as a regular expression.</doc>
<status status="PASS" start="2024-06-17T13:18:17.087525" elapsed="0.000505"/>
</kw>
<kw name="Should Match Regexp" owner="BuiltIn">
<arg>${json_data['results'][0]['picture']['medium']}</arg>
<arg>^https?://.*\.(?:png|jpe?g|gif|bmp)$</arg>
<doc>Fails if ``string`` does not match ``pattern`` as a regular expression.</doc>
<status status="PASS" start="2024-06-17T13:18:17.088225" elapsed="0.000359"/>
</kw>
<kw name="Should Match Regexp" owner="BuiltIn">
<arg>${json_data['results'][0]['picture']['thumbnail']}</arg>
<arg>^https?://.*\.(?:png|jpe?g|gif|bmp)$</arg>
<doc>Fails if ``string`` does not match ``pattern`` as a regular expression.</doc>
<status status="PASS" start="2024-06-17T13:18:17.088788" elapsed="0.000354"/>
</kw>
<kw name="Log" owner="BuiltIn">
<msg time="2024-06-17T13:18:17.089651" level="INFO">{'large': 'https://randomuser.me/api/portraits/women/94.jpg', 'medium': 'https://randomuser.me/api/portraits/med/women/94.jpg', 'thumbnail': 'https://randomuser.me/api/portraits/thumb/women/94.jpg'}</msg>
<arg>${json_data['results'][0]['picture']}</arg>
<doc>Logs the given message with the given level.</doc>
<status status="PASS" start="2024-06-17T13:18:17.089330" elapsed="0.000363"/>
</kw>
<status status="PASS" start="2024-06-17T13:18:17.003343" elapsed="0.086614"/>
</kw>
<kw name="Teste de Tipos de Dados - Postcode" owner="random-user-service">
<kw name="GET On Session" owner="RequestsLibrary">
<msg time="2024-06-17T13:18:17.181793" level="INFO">GET Request : url=https://randomuser.me/api 
 path_url=/api 
 headers={'User-Agent': 'python-requests/2.32.3', 'Accept-Encoding': 'gzip, deflate', 'Accept': '*/*', 'Connection': 'keep-alive'} 
 body=None 
 </msg>
<msg time="2024-06-17T13:18:17.181893" level="INFO">GET Response : url=https://randomuser.me/api 
 status=200, reason=OK 
 headers={'Date': 'Mon, 17 Jun 2024 13:18:17 GMT', 'Content-Type': 'application/json; charset=utf-8', 'Transfer-Encoding': 'chunked', 'Connection': 'keep-alive', 'X-Powered-By': 'Express', 'Access-Control-Allow-Origin': '*', 'Cache-Control': 'no-cache', 'ETag': 'W/"49c-G/KBnUFm4bM+5uCaYoWSx4/2Ieo"', 'Vary': 'Accept-Encoding', 'Content-Encoding': 'gzip', 'CF-Cache-Status': 'DYNAMIC', 'Report-To': '{"endpoints":[{"url":"https:\\/\\/a.nel.cloudflare.com\\/report\\/v4?s=ba6GB%2F4o6nx23vP8ojVZBPzMuxucsSfaSTIizccK0HUrnKvBaMZcO2W7Cvkcq9Tp2tW%2BkS4LNld23tHJVZ6bA%2F72zC1hZHkWUcxtMXfPk%2ByoOw2Cr9YoeFkOp%2FI7bqau"}],"group":"cf-nel","max_age":604800}', 'NEL': '{"success_fraction":0,"report_to":"cf-nel","max_age":604800}', 'Server': 'cloudflare', 'CF-RAY': '8953531cde530821-IAD', 'alt-svc': 'h3=":443"; ma=86400'} 
 body={"results":[{"gender":"male","name":{"title":"Mr","first":"Dírio","last":"Almeida"},"location":{"street":{"number":1198,"name":"Rua Dois"},"city":"Valparaíso de Goiás","state":"Espírito Santo","country":"Brazil","postcode":64278,"coordinates":{"latitude":"-77.5424","longitude":"-135.5506"},"timezone":{"offset":"-1:00","description":"Azores, Cape Verde Islands"}},"email":"dirio.almeida@example.com","login":{"uuid":"40614f49-56db-48d8-8998-7ed46558f7fc","username":"organicleopard528","password":"mian","salt":"wA2SH1FV","md5":"d995c8625e894646247d79f67a34f1e8","sha1":"2914ffd8a2b0aca7e1f5f9ff83b1890f7a67f48e","sha256":"65e23a1ed87e87d3e0b9f8b0fd556a719eebe9e69211afa361b7a4a5b0354cb4"},"dob":{"date":"1997-02-27T20:58:40.000Z","age":27},"registered":{"date":"2018-12-22T03:37:33.967Z","age":5},"phone":"(43) 3594-9767","cell":"(39) 3993-9411","id":{"name":"CPF","value":"587.961.631-23"},"picture":{"large":"https://randomuser.me/api/portraits/men/30.jpg","medium":"https://randomuser.me/api/portraits/med/men/30.jpg","thumbnail":"https://randomuser.me/api/portraits/thumb/men/30.jpg"},"nat":"BR"}],"info":{"seed":"75719c3608aa719e","results":1,"page":1,"version":"1.4"}} 
 </msg>
<msg time="2024-06-17T13:18:17.181982" level="INFO">/opt/hostedtoolcache/Python/3.12.3/x64/lib/python3.12/site-packages/urllib3/connectionpool.py:1103: InsecureRequestWarning: Unverified HTTPS request is being made to host 'randomuser.me'. Adding certificate verification is strongly advised. See: https://urllib3.readthedocs.io/en/latest/advanced-usage.html#tls-warnings
  warnings.warn(</msg>
<msg time="2024-06-17T13:18:17.182107" level="INFO">${response} = &lt;Response [200]&gt;</msg>
<var>${response}</var>
<arg>consultarAPI</arg>
<arg>/api</arg>
<doc>Sends a GET request on a previously created HTTP Session.</doc>
<status status="PASS" start="2024-06-17T13:18:17.090439" elapsed="0.091708"/>
</kw>
<kw name="Set Variable" owner="BuiltIn">
<msg time="2024-06-17T13:18:17.183384" level="INFO">${json_data} = {'results': [{'gender': 'male', 'name': {'title': 'Mr', 'first': 'Dírio', 'last': 'Almeida'}, 'location': {'street': {'number': 1198, 'name': 'Rua Dois'}, 'city': 'Valparaíso de Goiás', 'state': 'Espí...</msg>
<var>${json_data}</var>
<arg>${response.json()}</arg>
<doc>Returns the given values which can then be assigned to a variables.</doc>
<status status="PASS" start="2024-06-17T13:18:17.182798" elapsed="0.000615"/>
</kw>
<kw name="Log" owner="BuiltIn">
<msg time="2024-06-17T13:18:17.183950" level="INFO">{'results': [{'gender': 'male', 'name': {'title': 'Mr', 'first': 'Dírio', 'last': 'Almeida'}, 'location': {'street': {'number': 1198, 'name': 'Rua Dois'}, 'city': 'Valparaíso de Goiás', 'state': 'Espírito Santo', 'country': 'Brazil', 'postcode': 64278, 'coordinates': {'latitude': '-77.5424', 'longitude': '-135.5506'}, 'timezone': {'offset': '-1:00', 'description': 'Azores, Cape Verde Islands'}}, 'email': 'dirio.almeida@example.com', 'login': {'uuid': '40614f49-56db-48d8-8998-7ed46558f7fc', 'username': 'organicleopard528', 'password': 'mian', 'salt': 'wA2SH1FV', 'md5': 'd995c8625e894646247d79f67a34f1e8', 'sha1': '2914ffd8a2b0aca7e1f5f9ff83b1890f7a67f48e', 'sha256': '65e23a1ed87e87d3e0b9f8b0fd556a719eebe9e69211afa361b7a4a5b0354cb4'}, 'dob': {'date': '1997-02-27T20:58:40.000Z', 'age': 27}, 'registered': {'date': '2018-12-22T03:37:33.967Z', 'age': 5}, 'phone': '(43) 3594-9767', 'cell': '(39) 3993-9411', 'id': {'name': 'CPF', 'value': '587.961.631-23'}, 'picture': {'large': 'https://randomuser.me/api/portraits/men/30.jpg', 'medium': 'https://randomuser.me/api/portraits/med/men/30.jpg', 'thumbnail': 'https://randomuser.me/api/portraits/thumb/men/30.jpg'}, 'nat': 'BR'}], 'info': {'seed': '75719c3608aa719e', 'results': 1, 'page': 1, 'version': '1.4'}}</msg>
<arg>${json_data}</arg>
<doc>Logs the given message with the given level.</doc>
<status status="PASS" start="2024-06-17T13:18:17.183736" elapsed="0.000264"/>
</kw>
<kw name="Should Be Equal As Numbers" owner="BuiltIn">
<arg>${json_data['results'][0]['location']['postcode']}</arg>
<arg>${json_data['results'][0]['location']['postcode']}</arg>
<doc>Fails if objects are unequal after converting them to real numbers.</doc>
<status status="PASS" start="2024-06-17T13:18:17.184301" elapsed="0.000631"/>
</kw>
<kw name="Log" owner="BuiltIn">
<msg time="2024-06-17T13:18:17.185531" level="INFO">64278</msg>
<arg>${json_data['results'][0]['location']['postcode']}</arg>
<doc>Logs the given message with the given level.</doc>
<status status="PASS" start="2024-06-17T13:18:17.185169" elapsed="0.000415"/>
</kw>
<status status="PASS" start="2024-06-17T13:18:17.090198" elapsed="0.095648"/>
</kw>
<doc>Testa se os tipos de dados na resposta da API estão corretos.</doc>
<tag>testeTiposDados</tag>
<status status="PASS" start="2024-06-17T13:18:17.002882" elapsed="0.183138"/>
</test>
<test id="s1-s1-t5" name="Validar conteudo" line="35">
<kw name="Teste de Tipos de Conteudo" owner="random-user-service">
<kw name="GET On Session" owner="RequestsLibrary">
<msg time="2024-06-17T13:18:17.286613" level="INFO">GET Request : url=https://randomuser.me/api 
 path_url=/api 
 headers={'User-Agent': 'python-requests/2.32.3', 'Accept-Encoding': 'gzip, deflate', 'Accept': '*/*', 'Connection': 'keep-alive'} 
 body=None 
 </msg>
<msg time="2024-06-17T13:18:17.286715" level="INFO">GET Response : url=https://randomuser.me/api 
 status=200, reason=OK 
 headers={'Date': 'Mon, 17 Jun 2024 13:18:17 GMT', 'Content-Type': 'application/json; charset=utf-8', 'Transfer-Encoding': 'chunked', 'Connection': 'keep-alive', 'X-Powered-By': 'Express', 'Access-Control-Allow-Origin': '*', 'Cache-Control': 'no-cache', 'ETag': 'W/"4a5-ElS7OT/VpKQlRL3vpLp1SZ1Dy/s"', 'Vary': 'Accept-Encoding', 'Content-Encoding': 'gzip', 'CF-Cache-Status': 'DYNAMIC', 'Report-To': '{"endpoints":[{"url":"https:\\/\\/a.nel.cloudflare.com\\/report\\/v4?s=Aa4ybZCfpyOeNWwa9va5c5xSQcDIRzmpg1%2FarE7kKYdUqRWQJROFSzUp5%2BtFCKx9mYNfj8sx40nVng3RaMkEJ3nZhxqEbjP90e6d2lcbuFZelfqalzOccbPYfU3jbOxM"}],"group":"cf-nel","max_age":604800}', 'NEL': '{"success_fraction":0,"report_to":"cf-nel","max_age":604800}', 'Server': 'cloudflare', 'CF-RAY': '8953531d7efd0821-IAD', 'alt-svc': 'h3=":443"; ma=86400'} 
 body={"results":[{"gender":"female","name":{"title":"Mrs","first":"Hayley","last":"Morris"},"location":{"street":{"number":7629,"name":"Rutherford Street"},"city":"Porirua","state":"Southland","country":"New Zealand","postcode":30160,"coordinates":{"latitude":"55.1152","longitude":"161.8057"},"timezone":{"offset":"0:00","description":"Western Europe Time, London, Lisbon, Casablanca"}},"email":"hayley.morris@example.com","login":{"uuid":"5897ccaa-35b7-4d30-ab41-bf3766b1559c","username":"beautifulpanda991","password":"defense","salt":"uRE3ncOR","md5":"f124d38b57f63a1f147e21241d961be9","sha1":"d49e3cc24f10100109f0b3850f61bdf77e344fce","sha256":"f6ac178dc2af26dc8007d9954cacb5e7312a73719fe6d9c41d556cad7b9a138c"},"dob":{"date":"1956-03-23T04:01:29.481Z","age":68},"registered":{"date":"2011-05-25T05:01:22.282Z","age":13},"phone":"(360)-335-7702","cell":"(021)-998-7529","id":{"name":"","value":null},"picture":{"large":"https://randomuser.me/api/portraits/women/39.jpg","medium":"https://randomuser.me/api/portraits/med/women/39.jpg","thumbnail":"https://randomuser.me/api/portraits/thumb/women/39.jpg"},"nat":"NZ"}],"info":{"seed":"8bf319361b7d0b62","results":1,"page":1,"version":"1.4"}} 
 </msg>
<msg time="2024-06-17T13:18:17.286785" level="INFO">/opt/hostedtoolcache/Python/3.12.3/x64/lib/python3.12/site-packages/urllib3/connectionpool.py:1103: InsecureRequestWarning: Unverified HTTPS request is being made to host 'randomuser.me'. Adding certificate verification is strongly advised. See: https://urllib3.readthedocs.io/en/latest/advanced-usage.html#tls-warnings
  warnings.warn(</msg>
<msg time="2024-06-17T13:18:17.286912" level="INFO">${response} = &lt;Response [200]&gt;</msg>
<var>${response}</var>
<arg>consultarAPI</arg>
<arg>/api</arg>
<doc>Sends a GET request on a previously created HTTP Session.</doc>
<status status="PASS" start="2024-06-17T13:18:17.188581" elapsed="0.098371"/>
</kw>
<kw name="Set Variable" owner="BuiltIn">
<msg time="2024-06-17T13:18:17.288163" level="INFO">${json_data} = {'results': [{'gender': 'female', 'name': {'title': 'Mrs', 'first': 'Hayley', 'last': 'Morris'}, 'location': {'street': {'number': 7629, 'name': 'Rutherford Street'}, 'city': 'Porirua', 'state': 'Sout...</msg>
<var>${json_data}</var>
<arg>${response.json()}</arg>
<doc>Returns the given values which can then be assigned to a variables.</doc>
<status status="PASS" start="2024-06-17T13:18:17.287575" elapsed="0.000617"/>
</kw>
<kw name="Set Variable" owner="BuiltIn">
<msg time="2024-06-17T13:18:17.288902" level="INFO">${name_title} = Mrs</msg>
<var>${name_title}</var>
<arg>${json_data["results"][0]["name"]["title"]}</arg>
<doc>Returns the given values which can then be assigned to a variables.</doc>
<status status="PASS" start="2024-06-17T13:18:17.288515" elapsed="0.000413"/>
</kw>
<kw name="Create List" owner="BuiltIn">
<msg time="2024-06-17T13:18:17.289382" level="INFO">${allowed_titles} = ['Mr', 'Ms', 'Miss', 'Mrs', 'Madame', 'Monsieur']</msg>
<var>${allowed_titles}</var>
<arg>Mr</arg>
<arg>Ms</arg>
<arg>Miss</arg>
<arg>Mrs</arg>
<arg>Madame</arg>
<arg>Monsieur</arg>
<doc>Returns a list containing given items.</doc>
<status status="PASS" start="2024-06-17T13:18:17.289229" elapsed="0.000177"/>
</kw>
<kw name="List Should Contain Value" owner="Collections">
<arg>${allowed_titles}</arg>
<arg>${name_title}</arg>
<doc>Fails if the ``value`` is not found from ``list``.</doc>
<status status="PASS" start="2024-06-17T13:18:17.289708" elapsed="0.000185"/>
</kw>
<kw name="Set Variable" owner="BuiltIn">
<msg time="2024-06-17T13:18:17.290444" level="INFO">${name_country} = NZ</msg>
<var>${name_country}</var>
<arg>${json_data["results"][0]["nat"]}</arg>
<doc>Returns the given values which can then be assigned to a variables.</doc>
<status status="PASS" start="2024-06-17T13:18:17.290077" elapsed="0.000393"/>
</kw>
<kw name="Create List" owner="BuiltIn">
<msg time="2024-06-17T13:18:17.291357" level="INFO">${list_country} = ['AD', 'AE', 'AF', 'AG', 'AI', 'AL', 'AM', 'AO', 'AQ', 'AR', 'AS', 'AT', 'AU', 'AW', 'AX', 'AZ', 'BA', 'BB', 'BD', 'BE', 'BF', 'BG', 'BH', 'BI', 'BJ', 'BL', 'BM', 'BN', 'BO', 'BQ', 'BR', 'BS', 'BT', '...</msg>
<var>${list_country}</var>
<arg>AD</arg>
<arg>AE</arg>
<arg>AF</arg>
<arg>AG</arg>
<arg>AI</arg>
<arg>AL</arg>
<arg>AM</arg>
<arg>AO</arg>
<arg>AQ</arg>
<arg>AR</arg>
<arg>AS</arg>
<arg>AT</arg>
<arg>AU</arg>
<arg>AW</arg>
<arg>AX</arg>
<arg>AZ</arg>
<arg>BA</arg>
<arg>BB</arg>
<arg>BD</arg>
<arg>BE</arg>
<arg>BF</arg>
<arg>BG</arg>
<arg>BH</arg>
<arg>BI</arg>
<arg>BJ</arg>
<arg>BL</arg>
<arg>BM</arg>
<arg>BN</arg>
<arg>BO</arg>
<arg>BQ</arg>
<arg>BR</arg>
<arg>BS</arg>
<arg>BT</arg>
<arg>BV</arg>
<arg>BW</arg>
<arg>BY</arg>
<arg>BZ</arg>
<arg>CA</arg>
<arg>CC</arg>
<arg>CD</arg>
<arg>CF</arg>
<arg>CG</arg>
<arg>CH</arg>
<arg>CI</arg>
<arg>CK</arg>
<arg>CL</arg>
<arg>CM</arg>
<arg>CN</arg>
<arg>CO</arg>
<arg>CR</arg>
<arg>CU</arg>
<arg>CV</arg>
<arg>CW</arg>
<arg>CX</arg>
<arg>CY</arg>
<arg>CZ</arg>
<arg>DE</arg>
<arg>DJ</arg>
<arg>DK</arg>
<arg>DM</arg>
<arg>DO</arg>
<arg>DZ</arg>
<arg>EC</arg>
<arg>EE</arg>
<arg>EG</arg>
<arg>EH</arg>
<arg>ER</arg>
<arg>ES</arg>
<arg>ET</arg>
<arg>FI</arg>
<arg>FJ</arg>
<arg>FK</arg>
<arg>FM</arg>
<arg>FO</arg>
<arg>FR</arg>
<arg>GA</arg>
<arg>GB</arg>
<arg>GD</arg>
<arg>GE</arg>
<arg>GF</arg>
<arg>GG</arg>
<arg>GH</arg>
<arg>GI</arg>
<arg>GL</arg>
<arg>GM</arg>
<arg>GN</arg>
<arg>GP</arg>
<arg>GQ</arg>
<arg>GR</arg>
<arg>GS</arg>
<arg>GT</arg>
<arg>GU</arg>
<arg>GW</arg>
<arg>GY</arg>
<arg>HK</arg>
<arg>HM</arg>
<arg>HN</arg>
<arg>HR</arg>
<arg>HT</arg>
<arg>HU</arg>
<arg>ID</arg>
<arg>IE</arg>
<arg>IL</arg>
<arg>IM</arg>
<arg>IN</arg>
<arg>IO</arg>
<arg>IQ</arg>
<arg>IR</arg>
<arg>IS</arg>
<arg>IT</arg>
<arg>JE</arg>
<arg>JM</arg>
<arg>JO</arg>
<arg>JP</arg>
<arg>KE</arg>
<arg>KG</arg>
<arg>KH</arg>
<arg>KI</arg>
<arg>KM</arg>
<arg>KN</arg>
<arg>KP</arg>
<arg>KR</arg>
<arg>KW</arg>
<arg>KY</arg>
<arg>KZ</arg>
<arg>LA</arg>
<arg>LB</arg>
<arg>LC</arg>
<arg>LI</arg>
<arg>LK</arg>
<arg>LR</arg>
<arg>LS</arg>
<arg>LT</arg>
<arg>LU</arg>
<arg>LV</arg>
<arg>LY</arg>
<arg>MA</arg>
<arg>MC</arg>
<arg>MD</arg>
<arg>ME</arg>
<arg>MF</arg>
<arg>MG</arg>
<arg>MH</arg>
<arg>MK</arg>
<arg>ML</arg>
<arg>MM</arg>
<arg>MN</arg>
<arg>MO</arg>
<arg>MP</arg>
<arg>MQ</arg>
<arg>MR</arg>
<arg>MS</arg>
<arg>MT</arg>
<arg>MU</arg>
<arg>MV</arg>
<arg>MW</arg>
<arg>MX</arg>
<arg>MY</arg>
<arg>MZ</arg>
<arg>NA</arg>
<arg>NC</arg>
<arg>NE</arg>
<arg>NF</arg>
<arg>NG</arg>
<arg>NI</arg>
<arg>NL</arg>
<arg>NO</arg>
<arg>NP</arg>
<arg>NR</arg>
<arg>NU</arg>
<arg>NZ</arg>
<arg>OM</arg>
<arg>PA</arg>
<arg>PE</arg>
<arg>PF</arg>
<arg>PG</arg>
<arg>PH</arg>
<arg>PK</arg>
<arg>PL</arg>
<arg>PM</arg>
<arg>PN</arg>
<arg>PR</arg>
<arg>PS</arg>
<arg>PT</arg>
<arg>PW</arg>
<arg>PY</arg>
<arg>QA</arg>
<arg>RE</arg>
<arg>RO</arg>
<arg>RS</arg>
<arg>RU</arg>
<arg>RW</arg>
<arg>SA</arg>
<arg>SB</arg>
<arg>SC</arg>
<arg>SD</arg>
<arg>SE</arg>
<arg>SG</arg>
<arg>SH</arg>
<arg>SI</arg>
<arg>SJ</arg>
<arg>SK</arg>
<arg>SL</arg>
<arg>SM</arg>
<arg>SN</arg>
<arg>SO</arg>
<arg>SR</arg>
<arg>SS</arg>
<arg>ST</arg>
<arg>SV</arg>
<arg>SX</arg>
<arg>SY</arg>
<arg>SZ</arg>
<arg>TC</arg>
<arg>TD</arg>
<arg>TF</arg>
<arg>TG</arg>
<arg>TH</arg>
<arg>TJ</arg>
<arg>TK</arg>
<arg>TL</arg>
<arg>TM</arg>
<arg>TN</arg>
<arg>TO</arg>
<arg>TR</arg>
<arg>TT</arg>
<arg>TV</arg>
<arg>TW</arg>
<arg>TZ</arg>
<arg>UA</arg>
<arg>UG</arg>
<arg>UM</arg>
<arg>US</arg>
<arg>UY</arg>
<arg>UZ</arg>
<arg>VA</arg>
<arg>VC</arg>
<arg>VE</arg>
<arg>VG</arg>
<arg>VI</arg>
<arg>VN</arg>
<arg>VU</arg>
<arg>WF</arg>
<arg>WS</arg>
<arg>XK</arg>
<arg>YE</arg>
<arg>YT</arg>
<arg>ZA</arg>
<arg>ZM</arg>
<arg>ZW</arg>
<doc>Returns a list containing given items.</doc>
<status status="PASS" start="2024-06-17T13:18:17.290765" elapsed="0.000617"/>
</kw>
<kw name="List Should Contain Value" owner="Collections">
<arg>${list_country}</arg>
<arg>${name_country}</arg>
<doc>Fails if the ``value`` is not found from ``list``.</doc>
<status status="PASS" start="2024-06-17T13:18:17.292229" elapsed="0.000221"/>
</kw>
<kw name="Run Keyword If" owner="BuiltIn">
<kw name="Should Be True" owner="BuiltIn">
<arg>${True}</arg>
<doc>Fails if the given condition is not true.</doc>
<status status="PASS" start="2024-06-17T13:18:17.293533" elapsed="0.000143"/>
</kw>
<arg>${json_data["results"][0]["location"]["coordinates"]["latitude"]} &gt;= -90 and ${json_data["results"][0]["location"]["coordinates"]["latitude"]} &lt;= 90</arg>
<arg>Should Be True</arg>
<arg>${True}</arg>
<doc>Runs the given keyword with the given arguments, if ``condition`` is true.</doc>
<status status="PASS" start="2024-06-17T13:18:17.292655" elapsed="0.001146"/>
</kw>
<kw name="Run Keyword If" owner="BuiltIn">
<kw name="Should Be True" owner="BuiltIn">
<arg>${True}</arg>
<doc>Fails if the given condition is not true.</doc>
<status status="PASS" start="2024-06-17T13:18:17.294686" elapsed="0.000136"/>
</kw>
<arg>${json_data["results"][0]["location"]["coordinates"]["longitude"]} &gt;= -180 and ${json_data["results"][0]["location"]["coordinates"]["longitude"]} &lt;= 180</arg>
<arg>Should Be True</arg>
<arg>${True}</arg>
<doc>Runs the given keyword with the given arguments, if ``condition`` is true.</doc>
<status status="PASS" start="2024-06-17T13:18:17.293983" elapsed="0.000978"/>
</kw>
<status status="PASS" start="2024-06-17T13:18:17.188347" elapsed="0.106746"/>
</kw>
<doc>Testa o conteúdo específico dos campos retornados pela API.</doc>
<tag>testeConteudo</tag>
<status status="PASS" start="2024-06-17T13:18:17.187801" elapsed="0.107459"/>
</test>
<status status="PASS" start="2024-06-17T13:18:16.326294" elapsed="0.971041"/>
</suite>
<status status="PASS" start="2024-06-17T13:18:16.311930" elapsed="0.990540"/>
</suite>
<statistics>
<total>
<stat pass="5" fail="0" skip="0">All Tests</stat>
</total>
<tag>
<stat pass="1" fail="0" skip="0">testeConteudo</stat>
<stat pass="1" fail="0" skip="0">testeEstruturaResposta</stat>
<stat pass="1" fail="0" skip="0">testeRequisicaoBasica</stat>
<stat pass="1" fail="0" skip="0">testeTiposDados</stat>
</tag>
<suite>
<stat pass="5" fail="0" skip="0" id="s1" name="Tests">Tests</stat>
<stat pass="5" fail="0" skip="0" id="s1-s1" name="Random-User-Test">Tests.Random-User-Test</stat>
</suite>
</statistics>
<errors>
</errors>
</robot>
