<?xml version="1.0" encoding="UTF-8"?>
<robot generator="Robot 7.0 (Python 3.12.2 on linux)" generated="2024-04-06T04:16:57.919624" rpa="false" schemaversion="5">
<suite id="s1" name="Tests" source="/home/runner/work/DesafioQAItauRogerioJordao/DesafioQAItauRogerioJordao/RamdonUser/tests">
<suite id="s1-s1" name="Random-User-Test" source="/home/runner/work/DesafioQAItauRogerioJordao/DesafioQAItauRogerioJordao/RamdonUser/tests/random-user-test.robot">
<test id="s1-s1-t1" name="Conectar" line="13">
<kw name="Conectar API" owner="random-user-service">
<kw name="Create Session" owner="RequestsLibrary">
<msg time="2024-04-06T04:16:58.285243" level="INFO">Creating Session using : alias=consultarAPI, url=https://randomuser.me/, headers={},                     cookies={}, auth=None, timeout=None, proxies=None, verify=False,                     debug=0 </msg>
<arg>consultarAPI</arg>
<arg>${URL}</arg>
<doc>Create Session: create a HTTP session to a server</doc>
<status status="PASS" start="2024-04-06T04:16:58.285017" elapsed="0.000430"/>
</kw>
<status status="PASS" start="2024-04-06T04:16:58.283922" elapsed="0.001915"/>
</kw>
<status status="PASS" start="2024-04-06T04:16:58.283307" elapsed="0.002745"/>
</test>
<test id="s1-s1-t2" name="Validar retorno 200 e JSON Válido" line="16">
<kw name="Teste de Requisicao Basica" owner="random-user-service">
<kw name="GET On Session" owner="RequestsLibrary">
<msg time="2024-04-06T04:16:58.580456" level="INFO">GET Request : url=https://randomuser.me/api 
 path_url=/api 
 headers={'User-Agent': 'python-requests/2.31.0', 'Accept-Encoding': 'gzip, deflate', 'Accept': '*/*', 'Connection': 'keep-alive'} 
 body=None 
 </msg>
<msg time="2024-04-06T04:16:58.580617" level="INFO">GET Response : url=https://randomuser.me/api 
 status=200, reason=OK 
 headers={'Date': 'Sat, 06 Apr 2024 04:16:58 GMT', 'Content-Type': 'application/json; charset=utf-8', 'Transfer-Encoding': 'chunked', 'Connection': 'keep-alive', 'X-Powered-By': 'Express', 'Access-Control-Allow-Origin': '*', 'Cache-Control': 'no-cache', 'ETag': 'W/"4a3-3ObrAS7IILZFZPS6OVh6ZiuH/Q0"', 'Vary': 'Accept-Encoding', 'Content-Encoding': 'gzip', 'CF-Cache-Status': 'DYNAMIC', 'Report-To': '{"endpoints":[{"url":"https:\\/\\/a.nel.cloudflare.com\\/report\\/v4?s=XuZP8GWLMKqAvtapZRDnqqi1NayZOwRStbmDJxFN5aj9Ezyr90wTPX4%2BWzk5%2FZyDwxOn1hW4vJC%2B214E%2Fe36vKI%2FfRfB%2B18NWH33QehOfSMNvjOTHpt8Uwin0atoUAdN"}],"group":"cf-nel","max_age":604800}', 'NEL': '{"success_fraction":0,"report_to":"cf-nel","max_age":604800}', 'Server': 'cloudflare', 'CF-RAY': '86fef72cad292ef1-LAX', 'alt-svc': 'h3=":443"; ma=86400'} 
 body={"results":[{"gender":"female","name":{"title":"Miss","first":"Lorena","last":"Lopes"},"location":{"street":{"number":9670,"name":"Rua Castro Alves "},"city":"Crato","state":"Espírito Santo","country":"Brazil","postcode":77514,"coordinates":{"latitude":"-81.2556","longitude":"31.4192"},"timezone":{"offset":"-5:00","description":"Eastern Time (US &amp; Canada), Bogota, Lima"}},"email":"lorena.lopes@example.com","login":{"uuid":"9824f244-c089-42e0-b80b-0f9a55a7c81b","username":"sadbear949","password":"123457","salt":"cFMl4dQH","md5":"858c4453b67069c57f32fdc8f5c14ac6","sha1":"807dbe953d8c257a77deec1ee021237f725a4478","sha256":"4f451df233716a01557bd649f2ed5fffaf7e882a06bd336621f1055c10cd8e64"},"dob":{"date":"1977-11-01T18:00:45.441Z","age":46},"registered":{"date":"2015-04-23T06:48:51.637Z","age":8},"phone":"(36) 4750-7313","cell":"(02) 0706-5373","id":{"name":"CPF","value":"078.183.928-10"},"picture":{"large":"https://randomuser.me/api/portraits/women/32.jpg","medium":"https://randomuser.me/api/portraits/med/women/32.jpg","thumbnail":"https://randomuser.me/api/portraits/thumb/women/32.jpg"},"nat":"BR"}],"info":{"seed":"e308783d0ea4fdcc","results":1,"page":1,"version":"1.4"}} 
 </msg>
<msg time="2024-04-06T04:16:58.580744" level="INFO">/opt/hostedtoolcache/Python/3.12.2/x64/lib/python3.12/site-packages/urllib3/connectionpool.py:1103: InsecureRequestWarning: Unverified HTTPS request is being made to host 'randomuser.me'. Adding certificate verification is strongly advised. See: https://urllib3.readthedocs.io/en/latest/advanced-usage.html#tls-warnings
  warnings.warn(</msg>
<msg time="2024-04-06T04:16:58.580903" level="INFO">${response} = &lt;Response [200]&gt;</msg>
<var>${response}</var>
<arg>consultarAPI</arg>
<arg>/api</arg>
<doc>Sends a GET request on a previously created HTTP Session.</doc>
<status status="PASS" start="2024-04-06T04:16:58.288885" elapsed="0.292060"/>
</kw>
<kw name="Should Be Equal As Numbers" owner="BuiltIn">
<msg time="2024-04-06T04:16:58.582009" level="INFO">Argument types are:
&lt;class 'int'&gt;
&lt;class 'str'&gt;</msg>
<arg>${response.status_code}</arg>
<arg>200</arg>
<doc>Fails if objects are unequal after converting them to real numbers.</doc>
<status status="PASS" start="2024-04-06T04:16:58.581527" elapsed="0.000557"/>
</kw>
<kw name="Log" owner="BuiltIn">
<msg time="2024-04-06T04:16:58.582836" level="INFO">200</msg>
<arg>${response.status_code}</arg>
<doc>Logs the given message with the given level.</doc>
<status status="PASS" start="2024-04-06T04:16:58.582459" elapsed="0.000422"/>
</kw>
<kw name="Set Variable" owner="BuiltIn">
<msg time="2024-04-06T04:16:58.583746" level="INFO">${json_data} = {'results': [{'gender': 'female', 'name': {'title': 'Miss', 'first': 'Lorena', 'last': 'Lopes'}, 'location': {'street': {'number': 9670, 'name': 'Rua Castro Alves '}, 'city': 'Crato', 'state': 'Espíri...</msg>
<var>${json_data}</var>
<arg>${response.json()}</arg>
<doc>Returns the given values which can then be assigned to a variables.</doc>
<status status="PASS" start="2024-04-06T04:16:58.583273" elapsed="0.000504"/>
</kw>
<kw name="Dictionary Should Contain Key" owner="Collections">
<msg time="2024-04-06T04:16:58.584276" level="INFO">False</msg>
<arg>${json_data}</arg>
<arg>results</arg>
<doc>Fails if ``key`` is not found from ``dictionary``.</doc>
<status status="PASS" start="2024-04-06T04:16:58.584097" elapsed="0.000220"/>
</kw>
<status status="PASS" start="2024-04-06T04:16:58.288608" elapsed="0.295977"/>
</kw>
<doc>Testa se a API responde corretamente e retorna um objeto JSON válido.</doc>
<tag>testeRequisicaoBasica</tag>
<status status="PASS" start="2024-04-06T04:16:58.287989" elapsed="0.296795"/>
</test>
<test id="s1-s1-t3" name="Validar estrutura de resposta" line="22">
<kw name="Teste de Estrutura de Resposta" owner="random-user-service">
<kw name="GET On Session" owner="RequestsLibrary">
<msg time="2024-04-06T04:16:58.683931" level="INFO">GET Request : url=https://randomuser.me/api 
 path_url=/api 
 headers={'User-Agent': 'python-requests/2.31.0', 'Accept-Encoding': 'gzip, deflate', 'Accept': '*/*', 'Connection': 'keep-alive'} 
 body=None 
 </msg>
<msg time="2024-04-06T04:16:58.684035" level="INFO">GET Response : url=https://randomuser.me/api 
 status=200, reason=OK 
 headers={'Date': 'Sat, 06 Apr 2024 04:16:58 GMT', 'Content-Type': 'application/json; charset=utf-8', 'Transfer-Encoding': 'chunked', 'Connection': 'keep-alive', 'X-Powered-By': 'Express', 'Access-Control-Allow-Origin': '*', 'Cache-Control': 'no-cache', 'ETag': 'W/"4aa-Ahw9mblmCb9hagYs7+WYYNv1nDM"', 'Vary': 'Accept-Encoding', 'Content-Encoding': 'gzip', 'CF-Cache-Status': 'DYNAMIC', 'Report-To': '{"endpoints":[{"url":"https:\\/\\/a.nel.cloudflare.com\\/report\\/v4?s=V89EHUkH6aG8s0YkLJxMgM56cI3nz9FXqpMGhhC%2FJQDp3RPfDxJuqoXM9yeqIWdBik9narsdacaJPv4ozbM29shNtbHmSbc4czspSrOldQTRg55wG6sJlE5eN70177lB"}],"group":"cf-nel","max_age":604800}', 'NEL': '{"success_fraction":0,"report_to":"cf-nel","max_age":604800}', 'Server': 'cloudflare', 'CF-RAY': '86fef72e3f232ef1-LAX', 'alt-svc': 'h3=":443"; ma=86400'} 
 body={"results":[{"gender":"male","name":{"title":"Mr","first":"Ivo","last":"da Conceição"},"location":{"street":{"number":9196,"name":"Rua Primeiro de Maio "},"city":"Sinop","state":"Rio de Janeiro","country":"Brazil","postcode":21207,"coordinates":{"latitude":"-76.2491","longitude":"-175.2074"},"timezone":{"offset":"+10:00","description":"Eastern Australia, Guam, Vladivostok"}},"email":"ivo.daconceicao@example.com","login":{"uuid":"83fe8db1-7650-4c5c-8c68-025eb7dde0c2","username":"happyleopard101","password":"riddle","salt":"BxuaXwVW","md5":"2a57c199adace7547afc44c073468e1b","sha1":"515d0f5dd4d4d6a18e919d0ad05eda19aabafe16","sha256":"e9b836617560a14e856711ba608af6c78870f6320c70ceec4e5f9b2be7c84b26"},"dob":{"date":"1952-09-08T03:05:58.316Z","age":71},"registered":{"date":"2009-02-03T06:40:16.639Z","age":15},"phone":"(74) 8890-7130","cell":"(64) 3885-6796","id":{"name":"CPF","value":"580.264.460-02"},"picture":{"large":"https://randomuser.me/api/portraits/men/93.jpg","medium":"https://randomuser.me/api/portraits/med/men/93.jpg","thumbnail":"https://randomuser.me/api/portraits/thumb/men/93.jpg"},"nat":"BR"}],"info":{"seed":"5f1a44bb9b18e25f","results":1,"page":1,"version":"1.4"}} 
 </msg>
<msg time="2024-04-06T04:16:58.684188" level="INFO">/opt/hostedtoolcache/Python/3.12.2/x64/lib/python3.12/site-packages/urllib3/connectionpool.py:1103: InsecureRequestWarning: Unverified HTTPS request is being made to host 'randomuser.me'. Adding certificate verification is strongly advised. See: https://urllib3.readthedocs.io/en/latest/advanced-usage.html#tls-warnings
  warnings.warn(</msg>
<msg time="2024-04-06T04:16:58.684314" level="INFO">${response} = &lt;Response [200]&gt;</msg>
<var>${response}</var>
<arg>consultarAPI</arg>
<arg>/api</arg>
<doc>Sends a GET request on a previously created HTTP Session.</doc>
<status status="PASS" start="2024-04-06T04:16:58.587661" elapsed="0.096691"/>
</kw>
<kw name="Set Variable" owner="BuiltIn">
<msg time="2024-04-06T04:16:58.685417" level="INFO">${json_data} = {'results': [{'gender': 'male', 'name': {'title': 'Mr', 'first': 'Ivo', 'last': 'da Conceição'}, 'location': {'street': {'number': 9196, 'name': 'Rua Primeiro de Maio '}, 'city': 'Sinop', 'state': 'Ri...</msg>
<var>${json_data}</var>
<arg>${response.json()}</arg>
<doc>Returns the given values which can then be assigned to a variables.</doc>
<status status="PASS" start="2024-04-06T04:16:58.684884" elapsed="0.000562"/>
</kw>
<kw name="Log" owner="BuiltIn">
<msg time="2024-04-06T04:16:58.685927" level="INFO">{'results': [{'gender': 'male', 'name': {'title': 'Mr', 'first': 'Ivo', 'last': 'da Conceição'}, 'location': {'street': {'number': 9196, 'name': 'Rua Primeiro de Maio '}, 'city': 'Sinop', 'state': 'Rio de Janeiro', 'country': 'Brazil', 'postcode': 21207, 'coordinates': {'latitude': '-76.2491', 'longitude': '-175.2074'}, 'timezone': {'offset': '+10:00', 'description': 'Eastern Australia, Guam, Vladivostok'}}, 'email': 'ivo.daconceicao@example.com', 'login': {'uuid': '83fe8db1-7650-4c5c-8c68-025eb7dde0c2', 'username': 'happyleopard101', 'password': 'riddle', 'salt': 'BxuaXwVW', 'md5': '2a57c199adace7547afc44c073468e1b', 'sha1': '515d0f5dd4d4d6a18e919d0ad05eda19aabafe16', 'sha256': 'e9b836617560a14e856711ba608af6c78870f6320c70ceec4e5f9b2be7c84b26'}, 'dob': {'date': '1952-09-08T03:05:58.316Z', 'age': 71}, 'registered': {'date': '2009-02-03T06:40:16.639Z', 'age': 15}, 'phone': '(74) 8890-7130', 'cell': '(64) 3885-6796', 'id': {'name': 'CPF', 'value': '580.264.460-02'}, 'picture': {'large': 'https://randomuser.me/api/portraits/men/93.jpg', 'medium': 'https://randomuser.me/api/portraits/med/men/93.jpg', 'thumbnail': 'https://randomuser.me/api/portraits/thumb/men/93.jpg'}, 'nat': 'BR'}], 'info': {'seed': '5f1a44bb9b18e25f', 'results': 1, 'page': 1, 'version': '1.4'}}</msg>
<arg>${json_data}</arg>
<doc>Logs the given message with the given level.</doc>
<status status="PASS" start="2024-04-06T04:16:58.685763" elapsed="0.000213"/>
</kw>
<kw name="Dictionary Should Contain Key" owner="Collections">
<msg time="2024-04-06T04:16:58.686428" level="INFO">False</msg>
<arg>${json_data}</arg>
<arg>results</arg>
<doc>Fails if ``key`` is not found from ``dictionary``.</doc>
<status status="PASS" start="2024-04-06T04:16:58.686269" elapsed="0.000196"/>
</kw>
<kw name="Should Not Be Empty" owner="BuiltIn">
<msg time="2024-04-06T04:16:58.686889" level="INFO">Length is 2.</msg>
<arg>${json_data}</arg>
<doc>Verifies that the given item is not empty.</doc>
<status status="PASS" start="2024-04-06T04:16:58.686758" elapsed="0.000169"/>
</kw>
<kw name="Create List" owner="BuiltIn">
<msg time="2024-04-06T04:16:58.687429" level="INFO">${expected_keys} = ['gender', 'name', 'location', 'email', 'login']</msg>
<var>${expected_keys}</var>
<arg>gender</arg>
<arg>name</arg>
<arg>location</arg>
<arg>email</arg>
<arg>login</arg>
<doc>Returns a list containing given items.</doc>
<status status="PASS" start="2024-04-06T04:16:58.687274" elapsed="0.000179"/>
</kw>
<for flavor="IN">
<iter>
<kw name="Dictionary Should Contain Key" owner="Collections">
<msg time="2024-04-06T04:16:58.688442" level="INFO">False</msg>
<arg>${json_data['results'][0]}</arg>
<arg>${key}</arg>
<doc>Fails if ``key`` is not found from ``dictionary``.</doc>
<status status="PASS" start="2024-04-06T04:16:58.688047" elapsed="0.000434"/>
</kw>
<kw name="Log" owner="BuiltIn">
<msg time="2024-04-06T04:16:58.689161" level="INFO">{'gender': 'male', 'name': {'title': 'Mr', 'first': 'Ivo', 'last': 'da Conceição'}, 'location': {'street': {'number': 9196, 'name': 'Rua Primeiro de Maio '}, 'city': 'Sinop', 'state': 'Rio de Janeiro', 'country': 'Brazil', 'postcode': 21207, 'coordinates': {'latitude': '-76.2491', 'longitude': '-175.2074'}, 'timezone': {'offset': '+10:00', 'description': 'Eastern Australia, Guam, Vladivostok'}}, 'email': 'ivo.daconceicao@example.com', 'login': {'uuid': '83fe8db1-7650-4c5c-8c68-025eb7dde0c2', 'username': 'happyleopard101', 'password': 'riddle', 'salt': 'BxuaXwVW', 'md5': '2a57c199adace7547afc44c073468e1b', 'sha1': '515d0f5dd4d4d6a18e919d0ad05eda19aabafe16', 'sha256': 'e9b836617560a14e856711ba608af6c78870f6320c70ceec4e5f9b2be7c84b26'}, 'dob': {'date': '1952-09-08T03:05:58.316Z', 'age': 71}, 'registered': {'date': '2009-02-03T06:40:16.639Z', 'age': 15}, 'phone': '(74) 8890-7130', 'cell': '(64) 3885-6796', 'id': {'name': 'CPF', 'value': '580.264.460-02'}, 'picture': {'large': 'https://randomuser.me/api/portraits/men/93.jpg', 'medium': 'https://randomuser.me/api/portraits/med/men/93.jpg', 'thumbnail': 'https://randomuser.me/api/portraits/thumb/men/93.jpg'}, 'nat': 'BR'}</msg>
<arg>${json_data['results'][0]}</arg>
<doc>Logs the given message with the given level.</doc>
<status status="PASS" start="2024-04-06T04:16:58.688791" elapsed="0.000421"/>
</kw>
<kw name="Log" owner="BuiltIn">
<msg time="2024-04-06T04:16:58.689638" level="INFO">gender</msg>
<arg>${key}</arg>
<doc>Logs the given message with the given level.</doc>
<status status="PASS" start="2024-04-06T04:16:58.689509" elapsed="0.000166"/>
</kw>
<var name="${key}">gender</var>
<status status="PASS" start="2024-04-06T04:16:58.687915" elapsed="0.001980"/>
</iter>
<iter>
<kw name="Dictionary Should Contain Key" owner="Collections">
<msg time="2024-04-06T04:16:58.690580" level="INFO">False</msg>
<arg>${json_data['results'][0]}</arg>
<arg>${key}</arg>
<doc>Fails if ``key`` is not found from ``dictionary``.</doc>
<status status="PASS" start="2024-04-06T04:16:58.690197" elapsed="0.000419"/>
</kw>
<kw name="Log" owner="BuiltIn">
<msg time="2024-04-06T04:16:58.691336" level="INFO">{'gender': 'male', 'name': {'title': 'Mr', 'first': 'Ivo', 'last': 'da Conceição'}, 'location': {'street': {'number': 9196, 'name': 'Rua Primeiro de Maio '}, 'city': 'Sinop', 'state': 'Rio de Janeiro', 'country': 'Brazil', 'postcode': 21207, 'coordinates': {'latitude': '-76.2491', 'longitude': '-175.2074'}, 'timezone': {'offset': '+10:00', 'description': 'Eastern Australia, Guam, Vladivostok'}}, 'email': 'ivo.daconceicao@example.com', 'login': {'uuid': '83fe8db1-7650-4c5c-8c68-025eb7dde0c2', 'username': 'happyleopard101', 'password': 'riddle', 'salt': 'BxuaXwVW', 'md5': '2a57c199adace7547afc44c073468e1b', 'sha1': '515d0f5dd4d4d6a18e919d0ad05eda19aabafe16', 'sha256': 'e9b836617560a14e856711ba608af6c78870f6320c70ceec4e5f9b2be7c84b26'}, 'dob': {'date': '1952-09-08T03:05:58.316Z', 'age': 71}, 'registered': {'date': '2009-02-03T06:40:16.639Z', 'age': 15}, 'phone': '(74) 8890-7130', 'cell': '(64) 3885-6796', 'id': {'name': 'CPF', 'value': '580.264.460-02'}, 'picture': {'large': 'https://randomuser.me/api/portraits/men/93.jpg', 'medium': 'https://randomuser.me/api/portraits/med/men/93.jpg', 'thumbnail': 'https://randomuser.me/api/portraits/thumb/men/93.jpg'}, 'nat': 'BR'}</msg>
<arg>${json_data['results'][0]}</arg>
<doc>Logs the given message with the given level.</doc>
<status status="PASS" start="2024-04-06T04:16:58.690946" elapsed="0.000438"/>
</kw>
<kw name="Log" owner="BuiltIn">
<msg time="2024-04-06T04:16:58.691812" level="INFO">name</msg>
<arg>${key}</arg>
<doc>Logs the given message with the given level.</doc>
<status status="PASS" start="2024-04-06T04:16:58.691683" elapsed="0.000166"/>
</kw>
<var name="${key}">name</var>
<status status="PASS" start="2024-04-06T04:16:58.690082" elapsed="0.001984"/>
</iter>
<iter>
<kw name="Dictionary Should Contain Key" owner="Collections">
<msg time="2024-04-06T04:16:58.692738" level="INFO">False</msg>
<arg>${json_data['results'][0]}</arg>
<arg>${key}</arg>
<doc>Fails if ``key`` is not found from ``dictionary``.</doc>
<status status="PASS" start="2024-04-06T04:16:58.692357" elapsed="0.000419"/>
</kw>
<kw name="Log" owner="BuiltIn">
<msg time="2024-04-06T04:16:58.693434" level="INFO">{'gender': 'male', 'name': {'title': 'Mr', 'first': 'Ivo', 'last': 'da Conceição'}, 'location': {'street': {'number': 9196, 'name': 'Rua Primeiro de Maio '}, 'city': 'Sinop', 'state': 'Rio de Janeiro', 'country': 'Brazil', 'postcode': 21207, 'coordinates': {'latitude': '-76.2491', 'longitude': '-175.2074'}, 'timezone': {'offset': '+10:00', 'description': 'Eastern Australia, Guam, Vladivostok'}}, 'email': 'ivo.daconceicao@example.com', 'login': {'uuid': '83fe8db1-7650-4c5c-8c68-025eb7dde0c2', 'username': 'happyleopard101', 'password': 'riddle', 'salt': 'BxuaXwVW', 'md5': '2a57c199adace7547afc44c073468e1b', 'sha1': '515d0f5dd4d4d6a18e919d0ad05eda19aabafe16', 'sha256': 'e9b836617560a14e856711ba608af6c78870f6320c70ceec4e5f9b2be7c84b26'}, 'dob': {'date': '1952-09-08T03:05:58.316Z', 'age': 71}, 'registered': {'date': '2009-02-03T06:40:16.639Z', 'age': 15}, 'phone': '(74) 8890-7130', 'cell': '(64) 3885-6796', 'id': {'name': 'CPF', 'value': '580.264.460-02'}, 'picture': {'large': 'https://randomuser.me/api/portraits/men/93.jpg', 'medium': 'https://randomuser.me/api/portraits/med/men/93.jpg', 'thumbnail': 'https://randomuser.me/api/portraits/thumb/men/93.jpg'}, 'nat': 'BR'}</msg>
<arg>${json_data['results'][0]}</arg>
<doc>Logs the given message with the given level.</doc>
<status status="PASS" start="2024-04-06T04:16:58.693075" elapsed="0.000412"/>
</kw>
<kw name="Log" owner="BuiltIn">
<msg time="2024-04-06T04:16:58.693909" level="INFO">location</msg>
<arg>${key}</arg>
<doc>Logs the given message with the given level.</doc>
<status status="PASS" start="2024-04-06T04:16:58.693783" elapsed="0.000163"/>
</kw>
<var name="${key}">location</var>
<status status="PASS" start="2024-04-06T04:16:58.692246" elapsed="0.001915"/>
</iter>
<iter>
<kw name="Dictionary Should Contain Key" owner="Collections">
<msg time="2024-04-06T04:16:58.694816" level="INFO">False</msg>
<arg>${json_data['results'][0]}</arg>
<arg>${key}</arg>
<doc>Fails if ``key`` is not found from ``dictionary``.</doc>
<status status="PASS" start="2024-04-06T04:16:58.694444" elapsed="0.000409"/>
</kw>
<kw name="Log" owner="BuiltIn">
<msg time="2024-04-06T04:16:58.695572" level="INFO">{'gender': 'male', 'name': {'title': 'Mr', 'first': 'Ivo', 'last': 'da Conceição'}, 'location': {'street': {'number': 9196, 'name': 'Rua Primeiro de Maio '}, 'city': 'Sinop', 'state': 'Rio de Janeiro', 'country': 'Brazil', 'postcode': 21207, 'coordinates': {'latitude': '-76.2491', 'longitude': '-175.2074'}, 'timezone': {'offset': '+10:00', 'description': 'Eastern Australia, Guam, Vladivostok'}}, 'email': 'ivo.daconceicao@example.com', 'login': {'uuid': '83fe8db1-7650-4c5c-8c68-025eb7dde0c2', 'username': 'happyleopard101', 'password': 'riddle', 'salt': 'BxuaXwVW', 'md5': '2a57c199adace7547afc44c073468e1b', 'sha1': '515d0f5dd4d4d6a18e919d0ad05eda19aabafe16', 'sha256': 'e9b836617560a14e856711ba608af6c78870f6320c70ceec4e5f9b2be7c84b26'}, 'dob': {'date': '1952-09-08T03:05:58.316Z', 'age': 71}, 'registered': {'date': '2009-02-03T06:40:16.639Z', 'age': 15}, 'phone': '(74) 8890-7130', 'cell': '(64) 3885-6796', 'id': {'name': 'CPF', 'value': '580.264.460-02'}, 'picture': {'large': 'https://randomuser.me/api/portraits/men/93.jpg', 'medium': 'https://randomuser.me/api/portraits/med/men/93.jpg', 'thumbnail': 'https://randomuser.me/api/portraits/thumb/men/93.jpg'}, 'nat': 'BR'}</msg>
<arg>${json_data['results'][0]}</arg>
<doc>Logs the given message with the given level.</doc>
<status status="PASS" start="2024-04-06T04:16:58.695195" elapsed="0.000426"/>
</kw>
<kw name="Log" owner="BuiltIn">
<msg time="2024-04-06T04:16:58.696041" level="INFO">email</msg>
<arg>${key}</arg>
<doc>Logs the given message with the given level.</doc>
<status status="PASS" start="2024-04-06T04:16:58.695914" elapsed="0.000165"/>
</kw>
<var name="${key}">email</var>
<status status="PASS" start="2024-04-06T04:16:58.694332" elapsed="0.001961"/>
</iter>
<iter>
<kw name="Dictionary Should Contain Key" owner="Collections">
<msg time="2024-04-06T04:16:58.696971" level="INFO">False</msg>
<arg>${json_data['results'][0]}</arg>
<arg>${key}</arg>
<doc>Fails if ``key`` is not found from ``dictionary``.</doc>
<status status="PASS" start="2024-04-06T04:16:58.696581" elapsed="0.000428"/>
</kw>
<kw name="Log" owner="BuiltIn">
<msg time="2024-04-06T04:16:58.697665" level="INFO">{'gender': 'male', 'name': {'title': 'Mr', 'first': 'Ivo', 'last': 'da Conceição'}, 'location': {'street': {'number': 9196, 'name': 'Rua Primeiro de Maio '}, 'city': 'Sinop', 'state': 'Rio de Janeiro', 'country': 'Brazil', 'postcode': 21207, 'coordinates': {'latitude': '-76.2491', 'longitude': '-175.2074'}, 'timezone': {'offset': '+10:00', 'description': 'Eastern Australia, Guam, Vladivostok'}}, 'email': 'ivo.daconceicao@example.com', 'login': {'uuid': '83fe8db1-7650-4c5c-8c68-025eb7dde0c2', 'username': 'happyleopard101', 'password': 'riddle', 'salt': 'BxuaXwVW', 'md5': '2a57c199adace7547afc44c073468e1b', 'sha1': '515d0f5dd4d4d6a18e919d0ad05eda19aabafe16', 'sha256': 'e9b836617560a14e856711ba608af6c78870f6320c70ceec4e5f9b2be7c84b26'}, 'dob': {'date': '1952-09-08T03:05:58.316Z', 'age': 71}, 'registered': {'date': '2009-02-03T06:40:16.639Z', 'age': 15}, 'phone': '(74) 8890-7130', 'cell': '(64) 3885-6796', 'id': {'name': 'CPF', 'value': '580.264.460-02'}, 'picture': {'large': 'https://randomuser.me/api/portraits/men/93.jpg', 'medium': 'https://randomuser.me/api/portraits/med/men/93.jpg', 'thumbnail': 'https://randomuser.me/api/portraits/thumb/men/93.jpg'}, 'nat': 'BR'}</msg>
<arg>${json_data['results'][0]}</arg>
<doc>Logs the given message with the given level.</doc>
<status status="PASS" start="2024-04-06T04:16:58.697299" elapsed="0.000415"/>
</kw>
<kw name="Log" owner="BuiltIn">
<msg time="2024-04-06T04:16:58.698147" level="INFO">login</msg>
<arg>${key}</arg>
<doc>Logs the given message with the given level.</doc>
<status status="PASS" start="2024-04-06T04:16:58.698022" elapsed="0.000303"/>
</kw>
<var name="${key}">login</var>
<status status="PASS" start="2024-04-06T04:16:58.696465" elapsed="0.002087"/>
</iter>
<var>${key}</var>
<value>@{expected_keys}</value>
<status status="PASS" start="2024-04-06T04:16:58.687718" elapsed="0.010958"/>
</for>
<kw name="Create List" owner="BuiltIn">
<msg time="2024-04-06T04:16:58.699006" level="INFO">${expected_keysTwo} = ['username', 'password']</msg>
<var>${expected_keysTwo}</var>
<arg>username</arg>
<arg>password</arg>
<doc>Returns a list containing given items.</doc>
<status status="PASS" start="2024-04-06T04:16:58.698868" elapsed="0.000162"/>
</kw>
<for flavor="IN">
<iter>
<kw name="Dictionary Should Contain Key" owner="Collections">
<msg time="2024-04-06T04:16:58.699933" level="INFO">False</msg>
<arg>${json_data['results'][0]['login']}</arg>
<arg>${keyTwo}</arg>
<doc>Fails if ``key`` is not found from ``dictionary``.</doc>
<status status="PASS" start="2024-04-06T04:16:58.699559" elapsed="0.000411"/>
</kw>
<kw name="Dictionary Should Contain Key" owner="Collections">
<msg time="2024-04-06T04:16:58.700646" level="INFO">False</msg>
<arg>${json_data['results'][0]['login']}</arg>
<arg>${keyTwo}</arg>
<doc>Fails if ``key`` is not found from ``dictionary``.</doc>
<status status="PASS" start="2024-04-06T04:16:58.700272" elapsed="0.000412"/>
</kw>
<kw name="Log" owner="BuiltIn">
<msg time="2024-04-06T04:16:58.701100" level="INFO">username</msg>
<arg>${keyTwo}</arg>
<doc>Logs the given message with the given level.</doc>
<status status="PASS" start="2024-04-06T04:16:58.700974" elapsed="0.000162"/>
</kw>
<var name="${keyTwo}">username</var>
<status status="PASS" start="2024-04-06T04:16:58.699449" elapsed="0.001903"/>
</iter>
<iter>
<kw name="Dictionary Should Contain Key" owner="Collections">
<msg time="2024-04-06T04:16:58.702035" level="INFO">False</msg>
<arg>${json_data['results'][0]['login']}</arg>
<arg>${keyTwo}</arg>
<doc>Fails if ``key`` is not found from ``dictionary``.</doc>
<status status="PASS" start="2024-04-06T04:16:58.701636" elapsed="0.000454"/>
</kw>
<kw name="Dictionary Should Contain Key" owner="Collections">
<msg time="2024-04-06T04:16:58.702777" level="INFO">False</msg>
<arg>${json_data['results'][0]['login']}</arg>
<arg>${keyTwo}</arg>
<doc>Fails if ``key`` is not found from ``dictionary``.</doc>
<status status="PASS" start="2024-04-06T04:16:58.702396" elapsed="0.000429"/>
</kw>
<kw name="Log" owner="BuiltIn">
<msg time="2024-04-06T04:16:58.703283" level="INFO">password</msg>
<arg>${keyTwo}</arg>
<doc>Logs the given message with the given level.</doc>
<status status="PASS" start="2024-04-06T04:16:58.703114" elapsed="0.000208"/>
</kw>
<var name="${keyTwo}">password</var>
<status status="PASS" start="2024-04-06T04:16:58.701527" elapsed="0.002013"/>
</iter>
<var>${keyTwo}</var>
<value>@{expected_keysTwo}</value>
<status status="PASS" start="2024-04-06T04:16:58.699297" elapsed="0.004364"/>
</for>
<status status="PASS" start="2024-04-06T04:16:58.587405" elapsed="0.116397"/>
</kw>
<doc>Testa a estrutura da resposta da API.</doc>
<tag>testeEstruturaResposta</tag>
<status status="PASS" start="2024-04-06T04:16:58.586676" elapsed="0.117289"/>
</test>
<test id="s1-s1-t4" name="Validar tipos de dados" line="28">
<kw name="Teste de Tipos de Dados" owner="random-user-service">
<kw name="GET On Session" owner="RequestsLibrary">
<msg time="2024-04-06T04:16:58.812432" level="INFO">GET Request : url=https://randomuser.me/api 
 path_url=/api 
 headers={'User-Agent': 'python-requests/2.31.0', 'Accept-Encoding': 'gzip, deflate', 'Accept': '*/*', 'Connection': 'keep-alive'} 
 body=None 
 </msg>
<msg time="2024-04-06T04:16:58.812546" level="INFO">GET Response : url=https://randomuser.me/api 
 status=200, reason=OK 
 headers={'Date': 'Sat, 06 Apr 2024 04:16:58 GMT', 'Content-Type': 'application/json; charset=utf-8', 'Transfer-Encoding': 'chunked', 'Connection': 'keep-alive', 'X-Powered-By': 'Express', 'Access-Control-Allow-Origin': '*', 'Cache-Control': 'no-cache', 'ETag': 'W/"491-4eViUIQpjq+ttbhT+P7v5Ranf+g"', 'Vary': 'Accept-Encoding', 'Content-Encoding': 'gzip', 'CF-Cache-Status': 'DYNAMIC', 'Report-To': '{"endpoints":[{"url":"https:\\/\\/a.nel.cloudflare.com\\/report\\/v4?s=94JNqX4sYdMM2Kdnrk%2BObPLzOMCdM94xntE9Supb35I%2BscUwKJTlXTjYuSU83qR%2FHIhJPJhNOsNeYxy2ckEE%2FiNI38qHF%2FgYR3tBNSrHNTDM57Q%2FuyHgw%2FAOYHPzQTE7"}],"group":"cf-nel","max_age":604800}', 'NEL': '{"success_fraction":0,"report_to":"cf-nel","max_age":604800}', 'Server': 'cloudflare', 'CF-RAY': '86fef72ef82d2ef1-LAX', 'alt-svc': 'h3=":443"; ma=86400'} 
 body={"results":[{"gender":"female","name":{"title":"Ms","first":"Susan","last":"Miller"},"location":{"street":{"number":5538,"name":"George Street"},"city":"Clonmel","state":"Roscommon","country":"Ireland","postcode":44865,"coordinates":{"latitude":"3.8375","longitude":"68.9113"},"timezone":{"offset":"+5:00","description":"Ekaterinburg, Islamabad, Karachi, Tashkent"}},"email":"susan.miller@example.com","login":{"uuid":"e9db834b-618f-4c8c-be8f-939eab11609e","username":"whitemouse307","password":"kids","salt":"fG0XFX96","md5":"0b782527e7620d3c68210131b324ab61","sha1":"2b4845886abcacedfc92d463c7ac6fdf9de6f420","sha256":"42cfd40236f6e72b8ee6b2b85967b0e4e5636c9109405c18a447126d8df97b7a"},"dob":{"date":"1976-11-09T16:43:02.138Z","age":47},"registered":{"date":"2020-12-03T14:28:41.045Z","age":3},"phone":"051-004-0595","cell":"081-444-6511","id":{"name":"PPS","value":"9924612T"},"picture":{"large":"https://randomuser.me/api/portraits/women/66.jpg","medium":"https://randomuser.me/api/portraits/med/women/66.jpg","thumbnail":"https://randomuser.me/api/portraits/thumb/women/66.jpg"},"nat":"IE"}],"info":{"seed":"27330a354f59c48e","results":1,"page":1,"version":"1.4"}} 
 </msg>
<msg time="2024-04-06T04:16:58.812634" level="INFO">/opt/hostedtoolcache/Python/3.12.2/x64/lib/python3.12/site-packages/urllib3/connectionpool.py:1103: InsecureRequestWarning: Unverified HTTPS request is being made to host 'randomuser.me'. Adding certificate verification is strongly advised. See: https://urllib3.readthedocs.io/en/latest/advanced-usage.html#tls-warnings
  warnings.warn(</msg>
<msg time="2024-04-06T04:16:58.812773" level="INFO">${response} = &lt;Response [200]&gt;</msg>
<var>${response}</var>
<arg>consultarAPI</arg>
<arg>/api</arg>
<doc>Sends a GET request on a previously created HTTP Session.</doc>
<status status="PASS" start="2024-04-06T04:16:58.706525" elapsed="0.106284"/>
</kw>
<kw name="Set Variable" owner="BuiltIn">
<msg time="2024-04-06T04:16:58.813901" level="INFO">${json_data} = {'results': [{'gender': 'female', 'name': {'title': 'Ms', 'first': 'Susan', 'last': 'Miller'}, 'location': {'street': {'number': 5538, 'name': 'George Street'}, 'city': 'Clonmel', 'state': 'Roscommon'...</msg>
<var>${json_data}</var>
<arg>${response.json()}</arg>
<doc>Returns the given values which can then be assigned to a variables.</doc>
<status status="PASS" start="2024-04-06T04:16:58.813366" elapsed="0.000564"/>
</kw>
<kw name="Log" owner="BuiltIn">
<msg time="2024-04-06T04:16:58.814419" level="INFO">{'results': [{'gender': 'female', 'name': {'title': 'Ms', 'first': 'Susan', 'last': 'Miller'}, 'location': {'street': {'number': 5538, 'name': 'George Street'}, 'city': 'Clonmel', 'state': 'Roscommon', 'country': 'Ireland', 'postcode': 44865, 'coordinates': {'latitude': '3.8375', 'longitude': '68.9113'}, 'timezone': {'offset': '+5:00', 'description': 'Ekaterinburg, Islamabad, Karachi, Tashkent'}}, 'email': 'susan.miller@example.com', 'login': {'uuid': 'e9db834b-618f-4c8c-be8f-939eab11609e', 'username': 'whitemouse307', 'password': 'kids', 'salt': 'fG0XFX96', 'md5': '0b782527e7620d3c68210131b324ab61', 'sha1': '2b4845886abcacedfc92d463c7ac6fdf9de6f420', 'sha256': '42cfd40236f6e72b8ee6b2b85967b0e4e5636c9109405c18a447126d8df97b7a'}, 'dob': {'date': '1976-11-09T16:43:02.138Z', 'age': 47}, 'registered': {'date': '2020-12-03T14:28:41.045Z', 'age': 3}, 'phone': '051-004-0595', 'cell': '081-444-6511', 'id': {'name': 'PPS', 'value': '9924612T'}, 'picture': {'large': 'https://randomuser.me/api/portraits/women/66.jpg', 'medium': 'https://randomuser.me/api/portraits/med/women/66.jpg', 'thumbnail': 'https://randomuser.me/api/portraits/thumb/women/66.jpg'}, 'nat': 'IE'}], 'info': {'seed': '27330a354f59c48e', 'results': 1, 'page': 1, 'version': '1.4'}}</msg>
<arg>${json_data}</arg>
<doc>Logs the given message with the given level.</doc>
<status status="PASS" start="2024-04-06T04:16:58.814256" elapsed="0.000252"/>
</kw>
<kw name="Should Be String" owner="String">
<arg>${json_data['results'][0]['gender']}</arg>
<doc>Fails if the given ``item`` is not a string.</doc>
<status status="PASS" start="2024-04-06T04:16:58.814815" elapsed="0.000414"/>
</kw>
<kw name="Should Match Regexp" owner="BuiltIn">
<arg>${json_data['results'][0]['email']}</arg>
<arg>^[a-zA-Z0-9._%+-]+@[a-zA-Z0-9.-]+\.[a-zA-Z]{2,}$</arg>
<doc>Fails if ``string`` does not match ``pattern`` as a regular expression.</doc>
<status status="PASS" start="2024-04-06T04:16:58.815437" elapsed="0.000531"/>
</kw>
<kw name="Should Match Regexp" owner="BuiltIn">
<arg>${json_data['results'][0]['dob']['date']}</arg>
<arg>\\d{4}-\\d{2}-\\d{2}T\\d{2}:\\d{2}:\\d{2}\\.\\d{3}Z</arg>
<doc>Fails if ``string`` does not match ``pattern`` as a regular expression.</doc>
<status status="PASS" start="2024-04-06T04:16:58.816169" elapsed="0.000494"/>
</kw>
<kw name="Should Match Regexp" owner="BuiltIn">
<arg>${json_data['results'][0]['registered']['date']}</arg>
<arg>\\d{4}-\\d{2}-\\d{2}T\\d{2}:\\d{2}:\\d{2}\\.\\d{3}Z</arg>
<doc>Fails if ``string`` does not match ``pattern`` as a regular expression.</doc>
<status status="PASS" start="2024-04-06T04:16:58.816858" elapsed="0.000373"/>
</kw>
<kw name="Should Match Regexp" owner="BuiltIn">
<arg>${json_data['results'][0]['picture']['large']}</arg>
<arg>^https?://.*\.(?:png|jpe?g|gif|bmp)$</arg>
<doc>Fails if ``string`` does not match ``pattern`` as a regular expression.</doc>
<status status="PASS" start="2024-04-06T04:16:58.817422" elapsed="0.000462"/>
</kw>
<kw name="Should Match Regexp" owner="BuiltIn">
<arg>${json_data['results'][0]['picture']['medium']}</arg>
<arg>^https?://.*\.(?:png|jpe?g|gif|bmp)$</arg>
<doc>Fails if ``string`` does not match ``pattern`` as a regular expression.</doc>
<status status="PASS" start="2024-04-06T04:16:58.818081" elapsed="0.000354"/>
</kw>
<kw name="Should Match Regexp" owner="BuiltIn">
<arg>${json_data['results'][0]['picture']['thumbnail']}</arg>
<arg>^https?://.*\.(?:png|jpe?g|gif|bmp)$</arg>
<doc>Fails if ``string`` does not match ``pattern`` as a regular expression.</doc>
<status status="PASS" start="2024-04-06T04:16:58.818622" elapsed="0.000446"/>
</kw>
<kw name="Log" owner="BuiltIn">
<msg time="2024-04-06T04:16:58.819635" level="INFO">{'large': 'https://randomuser.me/api/portraits/women/66.jpg', 'medium': 'https://randomuser.me/api/portraits/med/women/66.jpg', 'thumbnail': 'https://randomuser.me/api/portraits/thumb/women/66.jpg'}</msg>
<arg>${json_data['results'][0]['picture']}</arg>
<doc>Logs the given message with the given level.</doc>
<status status="PASS" start="2024-04-06T04:16:58.819299" elapsed="0.000384"/>
</kw>
<status status="PASS" start="2024-04-06T04:16:58.706278" elapsed="0.113669"/>
</kw>
<kw name="Teste de Tipos de Dados - Postcode" owner="random-user-service">
<kw name="GET On Session" owner="RequestsLibrary">
<msg time="2024-04-06T04:16:58.915711" level="INFO">GET Request : url=https://randomuser.me/api 
 path_url=/api 
 headers={'User-Agent': 'python-requests/2.31.0', 'Accept-Encoding': 'gzip, deflate', 'Accept': '*/*', 'Connection': 'keep-alive'} 
 body=None 
 </msg>
<msg time="2024-04-06T04:16:58.915826" level="INFO">GET Response : url=https://randomuser.me/api 
 status=200, reason=OK 
 headers={'Date': 'Sat, 06 Apr 2024 04:16:58 GMT', 'Content-Type': 'application/json; charset=utf-8', 'Transfer-Encoding': 'chunked', 'Connection': 'keep-alive', 'X-Powered-By': 'Express', 'Access-Control-Allow-Origin': '*', 'Cache-Control': 'no-cache', 'ETag': 'W/"4a8-VvV1/4tiA+p5Rtn4fikp1CsTgYU"', 'Vary': 'Accept-Encoding', 'Content-Encoding': 'gzip', 'CF-Cache-Status': 'DYNAMIC', 'Report-To': '{"endpoints":[{"url":"https:\\/\\/a.nel.cloudflare.com\\/report\\/v4?s=XFT5YZ6O5VFb1j1siInF3k%2FmqBNpIGeV4C2TKVw4H1nn0nl8oy8MGriFZt8nLdQ2KeTkCgOFPVfnVsxYEPrX3svFS3aRqyhyYK6Oy9zAd12%2F5rX547kCF%2FXH0eLB6Fts"}],"group":"cf-nel","max_age":604800}', 'NEL': '{"success_fraction":0,"report_to":"cf-nel","max_age":604800}', 'Server': 'cloudflare', 'CF-RAY': '86fef72fa9142ef1-LAX', 'alt-svc': 'h3=":443"; ma=86400'} 
 body={"results":[{"gender":"female","name":{"title":"Mrs","first":"Gloria","last":"Moya"},"location":{"street":{"number":4373,"name":"Calle de Atocha"},"city":"Castellón de la Plana","state":"País Vasco","country":"Spain","postcode":52388,"coordinates":{"latitude":"-30.8393","longitude":"41.9240"},"timezone":{"offset":"0:00","description":"Western Europe Time, London, Lisbon, Casablanca"}},"email":"gloria.moya@example.com","login":{"uuid":"6987662f-74c3-408a-bf4d-9263f16fe4ef","username":"tinylion250","password":"cygnus","salt":"qWnaIPm0","md5":"e4605d3bdad7636950b1c623c9731a87","sha1":"ffe6a165c054178c2b17fff0c3db17dc9788efc9","sha256":"16816f751c8cfa48bb8b9d35e77ec6903a3e3f4078d365def0b69ad89c1a89b1"},"dob":{"date":"1966-01-19T04:32:46.732Z","age":58},"registered":{"date":"2007-03-31T17:16:52.371Z","age":17},"phone":"914-993-996","cell":"635-386-364","id":{"name":"DNI","value":"94328640-N"},"picture":{"large":"https://randomuser.me/api/portraits/women/92.jpg","medium":"https://randomuser.me/api/portraits/med/women/92.jpg","thumbnail":"https://randomuser.me/api/portraits/thumb/women/92.jpg"},"nat":"ES"}],"info":{"seed":"3825abe2fbe96e83","results":1,"page":1,"version":"1.4"}} 
 </msg>
<msg time="2024-04-06T04:16:58.915936" level="INFO">/opt/hostedtoolcache/Python/3.12.2/x64/lib/python3.12/site-packages/urllib3/connectionpool.py:1103: InsecureRequestWarning: Unverified HTTPS request is being made to host 'randomuser.me'. Adding certificate verification is strongly advised. See: https://urllib3.readthedocs.io/en/latest/advanced-usage.html#tls-warnings
  warnings.warn(</msg>
<msg time="2024-04-06T04:16:58.916060" level="INFO">${response} = &lt;Response [200]&gt;</msg>
<var>${response}</var>
<arg>consultarAPI</arg>
<arg>/api</arg>
<doc>Sends a GET request on a previously created HTTP Session.</doc>
<status status="PASS" start="2024-04-06T04:16:58.820570" elapsed="0.095531"/>
</kw>
<kw name="Set Variable" owner="BuiltIn">
<msg time="2024-04-06T04:16:58.917201" level="INFO">${json_data} = {'results': [{'gender': 'female', 'name': {'title': 'Mrs', 'first': 'Gloria', 'last': 'Moya'}, 'location': {'street': {'number': 4373, 'name': 'Calle de Atocha'}, 'city': 'Castellón de la Plana', 'sta...</msg>
<var>${json_data}</var>
<arg>${response.json()}</arg>
<doc>Returns the given values which can then be assigned to a variables.</doc>
<status status="PASS" start="2024-04-06T04:16:58.916655" elapsed="0.000574"/>
</kw>
<kw name="Log" owner="BuiltIn">
<msg time="2024-04-06T04:16:58.917701" level="INFO">{'results': [{'gender': 'female', 'name': {'title': 'Mrs', 'first': 'Gloria', 'last': 'Moya'}, 'location': {'street': {'number': 4373, 'name': 'Calle de Atocha'}, 'city': 'Castellón de la Plana', 'state': 'País Vasco', 'country': 'Spain', 'postcode': 52388, 'coordinates': {'latitude': '-30.8393', 'longitude': '41.9240'}, 'timezone': {'offset': '0:00', 'description': 'Western Europe Time, London, Lisbon, Casablanca'}}, 'email': 'gloria.moya@example.com', 'login': {'uuid': '6987662f-74c3-408a-bf4d-9263f16fe4ef', 'username': 'tinylion250', 'password': 'cygnus', 'salt': 'qWnaIPm0', 'md5': 'e4605d3bdad7636950b1c623c9731a87', 'sha1': 'ffe6a165c054178c2b17fff0c3db17dc9788efc9', 'sha256': '16816f751c8cfa48bb8b9d35e77ec6903a3e3f4078d365def0b69ad89c1a89b1'}, 'dob': {'date': '1966-01-19T04:32:46.732Z', 'age': 58}, 'registered': {'date': '2007-03-31T17:16:52.371Z', 'age': 17}, 'phone': '914-993-996', 'cell': '635-386-364', 'id': {'name': 'DNI', 'value': '94328640-N'}, 'picture': {'large': 'https://randomuser.me/api/portraits/women/92.jpg', 'medium': 'https://randomuser.me/api/portraits/med/women/92.jpg', 'thumbnail': 'https://randomuser.me/api/portraits/thumb/women/92.jpg'}, 'nat': 'ES'}], 'info': {'seed': '3825abe2fbe96e83', 'results': 1, 'page': 1, 'version': '1.4'}}</msg>
<arg>${json_data}</arg>
<doc>Logs the given message with the given level.</doc>
<status status="PASS" start="2024-04-06T04:16:58.917541" elapsed="0.000244"/>
</kw>
<kw name="Should Be Equal As Numbers" owner="BuiltIn">
<arg>${json_data['results'][0]['location']['postcode']}</arg>
<arg>${json_data['results'][0]['location']['postcode']}</arg>
<doc>Fails if objects are unequal after converting them to real numbers.</doc>
<status status="PASS" start="2024-04-06T04:16:58.918089" elapsed="0.000618"/>
</kw>
<kw name="Log" owner="BuiltIn">
<msg time="2024-04-06T04:16:58.919275" level="INFO">52388</msg>
<arg>${json_data['results'][0]['location']['postcode']}</arg>
<doc>Logs the given message with the given level.</doc>
<status status="PASS" start="2024-04-06T04:16:58.918897" elapsed="0.000419"/>
</kw>
<status status="PASS" start="2024-04-06T04:16:58.820182" elapsed="0.099394"/>
</kw>
<doc>Testa se os tipos de dados na resposta da API estão corretos.</doc>
<tag>testeTiposDados</tag>
<status status="PASS" start="2024-04-06T04:16:58.705716" elapsed="0.214029"/>
</test>
<test id="s1-s1-t5" name="Validar conteudo" line="35">
<kw name="Teste de Tipos de Conteudo" owner="random-user-service">
<kw name="GET On Session" owner="RequestsLibrary">
<msg time="2024-04-06T04:16:59.024345" level="INFO">GET Request : url=https://randomuser.me/api 
 path_url=/api 
 headers={'User-Agent': 'python-requests/2.31.0', 'Accept-Encoding': 'gzip, deflate', 'Accept': '*/*', 'Connection': 'keep-alive'} 
 body=None 
 </msg>
<msg time="2024-04-06T04:16:59.024444" level="INFO">GET Response : url=https://randomuser.me/api 
 status=200, reason=OK 
 headers={'Date': 'Sat, 06 Apr 2024 04:16:59 GMT', 'Content-Type': 'application/json; charset=utf-8', 'Transfer-Encoding': 'chunked', 'Connection': 'keep-alive', 'X-Powered-By': 'Express', 'Access-Control-Allow-Origin': '*', 'Cache-Control': 'no-cache', 'ETag': 'W/"469-5R6JHCYh9Mb9Xg4jTGsaeZBcnnY"', 'Vary': 'Accept-Encoding', 'Content-Encoding': 'gzip', 'CF-Cache-Status': 'DYNAMIC', 'Report-To': '{"endpoints":[{"url":"https:\\/\\/a.nel.cloudflare.com\\/report\\/v4?s=zAk%2FZXcZ8MwrxchRYDTR3PS3OTRK8gK62vljRajb%2FAqPX%2Bv%2BJ%2Fmhle4dHci88oagcP9RR5x4lt8R92xXic8%2BgQILjChIMShPIQnB4FZEU9OUo5ZlCDgD5LX8JNMDMptp"}],"group":"cf-nel","max_age":604800}', 'NEL': '{"success_fraction":0,"report_to":"cf-nel","max_age":604800}', 'Server': 'cloudflare', 'CF-RAY': '86fef7304a5c2ef1-LAX', 'alt-svc': 'h3=":443"; ma=86400'} 
 body={"results":[{"gender":"male","name":{"title":"Mr","first":"Noah","last":"Carr"},"location":{"street":{"number":9909,"name":"Ash Dr"},"city":"Cairns","state":"Western Australia","country":"Australia","postcode":3204,"coordinates":{"latitude":"-83.8654","longitude":"-171.3326"},"timezone":{"offset":"+5:45","description":"Kathmandu"}},"email":"noah.carr@example.com","login":{"uuid":"b2bf04fb-aa0f-4497-8259-ecd98f52743c","username":"greenlion905","password":"bernie","salt":"NOc9sLDd","md5":"673274f84eb8d874df75260e1369a369","sha1":"9b05d5768226f80affa047d32ee5cb4c72608908","sha256":"13c8db0f3c95601fc5ab756e0ae90fd436c2c9c3908c6dfe2af7e038e6f9dd76"},"dob":{"date":"1987-08-12T09:28:16.953Z","age":36},"registered":{"date":"2019-09-15T08:49:11.548Z","age":4},"phone":"05-9314-2170","cell":"0422-155-602","id":{"name":"TFN","value":"505608903"},"picture":{"large":"https://randomuser.me/api/portraits/men/56.jpg","medium":"https://randomuser.me/api/portraits/med/men/56.jpg","thumbnail":"https://randomuser.me/api/portraits/thumb/men/56.jpg"},"nat":"AU"}],"info":{"seed":"82188b80da94e7b5","results":1,"page":1,"version":"1.4"}} 
 </msg>
<msg time="2024-04-06T04:16:59.024514" level="INFO">/opt/hostedtoolcache/Python/3.12.2/x64/lib/python3.12/site-packages/urllib3/connectionpool.py:1103: InsecureRequestWarning: Unverified HTTPS request is being made to host 'randomuser.me'. Adding certificate verification is strongly advised. See: https://urllib3.readthedocs.io/en/latest/advanced-usage.html#tls-warnings
  warnings.warn(</msg>
<msg time="2024-04-06T04:16:59.024633" level="INFO">${response} = &lt;Response [200]&gt;</msg>
<var>${response}</var>
<arg>consultarAPI</arg>
<arg>/api</arg>
<doc>Sends a GET request on a previously created HTTP Session.</doc>
<status status="PASS" start="2024-04-06T04:16:58.922170" elapsed="0.102495"/>
</kw>
<kw name="Set Variable" owner="BuiltIn">
<msg time="2024-04-06T04:16:59.025731" level="INFO">${json_data} = {'results': [{'gender': 'male', 'name': {'title': 'Mr', 'first': 'Noah', 'last': 'Carr'}, 'location': {'street': {'number': 9909, 'name': 'Ash Dr'}, 'city': 'Cairns', 'state': 'Western Australia', 'co...</msg>
<var>${json_data}</var>
<arg>${response.json()}</arg>
<doc>Returns the given values which can then be assigned to a variables.</doc>
<status status="PASS" start="2024-04-06T04:16:59.025214" elapsed="0.000544"/>
</kw>
<kw name="Set Variable" owner="BuiltIn">
<msg time="2024-04-06T04:16:59.026449" level="INFO">${name_title} = Mr</msg>
<var>${name_title}</var>
<arg>${json_data["results"][0]["name"]["title"]}</arg>
<doc>Returns the given values which can then be assigned to a variables.</doc>
<status status="PASS" start="2024-04-06T04:16:59.026071" elapsed="0.000403"/>
</kw>
<kw name="Create List" owner="BuiltIn">
<msg time="2024-04-06T04:16:59.026930" level="INFO">${allowed_titles} = ['Mr', 'Ms', 'Miss', 'Mrs', 'Madame', 'Monsieur']</msg>
<var>${allowed_titles}</var>
<arg>Mr</arg>
<arg>Ms</arg>
<arg>Miss</arg>
<arg>Mrs</arg>
<arg>Madame</arg>
<arg>Monsieur</arg>
<doc>Returns a list containing given items.</doc>
<status status="PASS" start="2024-04-06T04:16:59.026779" elapsed="0.000175"/>
</kw>
<kw name="List Should Contain Value" owner="Collections">
<msg time="2024-04-06T04:16:59.027486" level="INFO">False</msg>
<arg>${allowed_titles}</arg>
<arg>${name_title}</arg>
<doc>Fails if the ``value`` is not found from ``list``.</doc>
<status status="PASS" start="2024-04-06T04:16:59.027304" elapsed="0.000219"/>
</kw>
<kw name="Set Variable" owner="BuiltIn">
<msg time="2024-04-06T04:16:59.028192" level="INFO">${name_country} = AU</msg>
<var>${name_country}</var>
<arg>${json_data["results"][0]["nat"]}</arg>
<doc>Returns the given values which can then be assigned to a variables.</doc>
<status status="PASS" start="2024-04-06T04:16:59.027817" elapsed="0.000401"/>
</kw>
<kw name="Create List" owner="BuiltIn">
<msg time="2024-04-06T04:16:59.029125" level="INFO">${list_country} = ['AD', 'AE', 'AF', 'AG', 'AI', 'AL', 'AM', 'AO', 'AQ', 'AR', 'AS', 'AT', 'AU', 'AW', 'AX', 'AZ', 'BA', 'BB', 'BD', 'BE', 'BF', 'BG', 'BH', 'BI', 'BJ', 'BL', 'BM', 'BN', 'BO', 'BQ', 'BR', 'BS', 'BT', '...</msg>
<var>${list_country}</var>
<arg>AD</arg>
<arg>AE</arg>
<arg>AF</arg>
<arg>AG</arg>
<arg>AI</arg>
<arg>AL</arg>
<arg>AM</arg>
<arg>AO</arg>
<arg>AQ</arg>
<arg>AR</arg>
<arg>AS</arg>
<arg>AT</arg>
<arg>AU</arg>
<arg>AW</arg>
<arg>AX</arg>
<arg>AZ</arg>
<arg>BA</arg>
<arg>BB</arg>
<arg>BD</arg>
<arg>BE</arg>
<arg>BF</arg>
<arg>BG</arg>
<arg>BH</arg>
<arg>BI</arg>
<arg>BJ</arg>
<arg>BL</arg>
<arg>BM</arg>
<arg>BN</arg>
<arg>BO</arg>
<arg>BQ</arg>
<arg>BR</arg>
<arg>BS</arg>
<arg>BT</arg>
<arg>BV</arg>
<arg>BW</arg>
<arg>BY</arg>
<arg>BZ</arg>
<arg>CA</arg>
<arg>CC</arg>
<arg>CD</arg>
<arg>CF</arg>
<arg>CG</arg>
<arg>CH</arg>
<arg>CI</arg>
<arg>CK</arg>
<arg>CL</arg>
<arg>CM</arg>
<arg>CN</arg>
<arg>CO</arg>
<arg>CR</arg>
<arg>CU</arg>
<arg>CV</arg>
<arg>CW</arg>
<arg>CX</arg>
<arg>CY</arg>
<arg>CZ</arg>
<arg>DE</arg>
<arg>DJ</arg>
<arg>DK</arg>
<arg>DM</arg>
<arg>DO</arg>
<arg>DZ</arg>
<arg>EC</arg>
<arg>EE</arg>
<arg>EG</arg>
<arg>EH</arg>
<arg>ER</arg>
<arg>ES</arg>
<arg>ET</arg>
<arg>FI</arg>
<arg>FJ</arg>
<arg>FK</arg>
<arg>FM</arg>
<arg>FO</arg>
<arg>FR</arg>
<arg>GA</arg>
<arg>GB</arg>
<arg>GD</arg>
<arg>GE</arg>
<arg>GF</arg>
<arg>GG</arg>
<arg>GH</arg>
<arg>GI</arg>
<arg>GL</arg>
<arg>GM</arg>
<arg>GN</arg>
<arg>GP</arg>
<arg>GQ</arg>
<arg>GR</arg>
<arg>GS</arg>
<arg>GT</arg>
<arg>GU</arg>
<arg>GW</arg>
<arg>GY</arg>
<arg>HK</arg>
<arg>HM</arg>
<arg>HN</arg>
<arg>HR</arg>
<arg>HT</arg>
<arg>HU</arg>
<arg>ID</arg>
<arg>IE</arg>
<arg>IL</arg>
<arg>IM</arg>
<arg>IN</arg>
<arg>IO</arg>
<arg>IQ</arg>
<arg>IR</arg>
<arg>IS</arg>
<arg>IT</arg>
<arg>JE</arg>
<arg>JM</arg>
<arg>JO</arg>
<arg>JP</arg>
<arg>KE</arg>
<arg>KG</arg>
<arg>KH</arg>
<arg>KI</arg>
<arg>KM</arg>
<arg>KN</arg>
<arg>KP</arg>
<arg>KR</arg>
<arg>KW</arg>
<arg>KY</arg>
<arg>KZ</arg>
<arg>LA</arg>
<arg>LB</arg>
<arg>LC</arg>
<arg>LI</arg>
<arg>LK</arg>
<arg>LR</arg>
<arg>LS</arg>
<arg>LT</arg>
<arg>LU</arg>
<arg>LV</arg>
<arg>LY</arg>
<arg>MA</arg>
<arg>MC</arg>
<arg>MD</arg>
<arg>ME</arg>
<arg>MF</arg>
<arg>MG</arg>
<arg>MH</arg>
<arg>MK</arg>
<arg>ML</arg>
<arg>MM</arg>
<arg>MN</arg>
<arg>MO</arg>
<arg>MP</arg>
<arg>MQ</arg>
<arg>MR</arg>
<arg>MS</arg>
<arg>MT</arg>
<arg>MU</arg>
<arg>MV</arg>
<arg>MW</arg>
<arg>MX</arg>
<arg>MY</arg>
<arg>MZ</arg>
<arg>NA</arg>
<arg>NC</arg>
<arg>NE</arg>
<arg>NF</arg>
<arg>NG</arg>
<arg>NI</arg>
<arg>NL</arg>
<arg>NO</arg>
<arg>NP</arg>
<arg>NR</arg>
<arg>NU</arg>
<arg>NZ</arg>
<arg>OM</arg>
<arg>PA</arg>
<arg>PE</arg>
<arg>PF</arg>
<arg>PG</arg>
<arg>PH</arg>
<arg>PK</arg>
<arg>PL</arg>
<arg>PM</arg>
<arg>PN</arg>
<arg>PR</arg>
<arg>PS</arg>
<arg>PT</arg>
<arg>PW</arg>
<arg>PY</arg>
<arg>QA</arg>
<arg>RE</arg>
<arg>RO</arg>
<arg>RS</arg>
<arg>RU</arg>
<arg>RW</arg>
<arg>SA</arg>
<arg>SB</arg>
<arg>SC</arg>
<arg>SD</arg>
<arg>SE</arg>
<arg>SG</arg>
<arg>SH</arg>
<arg>SI</arg>
<arg>SJ</arg>
<arg>SK</arg>
<arg>SL</arg>
<arg>SM</arg>
<arg>SN</arg>
<arg>SO</arg>
<arg>SR</arg>
<arg>SS</arg>
<arg>ST</arg>
<arg>SV</arg>
<arg>SX</arg>
<arg>SY</arg>
<arg>SZ</arg>
<arg>TC</arg>
<arg>TD</arg>
<arg>TF</arg>
<arg>TG</arg>
<arg>TH</arg>
<arg>TJ</arg>
<arg>TK</arg>
<arg>TL</arg>
<arg>TM</arg>
<arg>TN</arg>
<arg>TO</arg>
<arg>TR</arg>
<arg>TT</arg>
<arg>TV</arg>
<arg>TW</arg>
<arg>TZ</arg>
<arg>UA</arg>
<arg>UG</arg>
<arg>UM</arg>
<arg>US</arg>
<arg>UY</arg>
<arg>UZ</arg>
<arg>VA</arg>
<arg>VC</arg>
<arg>VE</arg>
<arg>VG</arg>
<arg>VI</arg>
<arg>VN</arg>
<arg>VU</arg>
<arg>WF</arg>
<arg>WS</arg>
<arg>XK</arg>
<arg>YE</arg>
<arg>YT</arg>
<arg>ZA</arg>
<arg>ZM</arg>
<arg>ZW</arg>
<doc>Returns a list containing given items.</doc>
<status status="PASS" start="2024-04-06T04:16:59.028526" elapsed="0.000625"/>
</kw>
<kw name="List Should Contain Value" owner="Collections">
<msg time="2024-04-06T04:16:59.030288" level="INFO">False</msg>
<arg>${list_country}</arg>
<arg>${name_country}</arg>
<doc>Fails if the ``value`` is not found from ``list``.</doc>
<status status="PASS" start="2024-04-06T04:16:59.030084" elapsed="0.000241"/>
</kw>
<kw name="Run Keyword If" owner="BuiltIn">
<kw name="Should Be True" owner="BuiltIn">
<arg>${True}</arg>
<doc>Fails if the given condition is not true.</doc>
<status status="PASS" start="2024-04-06T04:16:59.031423" elapsed="0.000147"/>
</kw>
<arg>${json_data["results"][0]["location"]["coordinates"]["latitude"]} &gt;= -90 and ${json_data["results"][0]["location"]["coordinates"]["latitude"]} &lt;= 90</arg>
<arg>Should Be True</arg>
<arg>${True}</arg>
<doc>Runs the given keyword with the given arguments, if ``condition`` is true.</doc>
<status status="PASS" start="2024-04-06T04:16:59.030640" elapsed="0.001059"/>
</kw>
<kw name="Run Keyword If" owner="BuiltIn">
<kw name="Should Be True" owner="BuiltIn">
<arg>${True}</arg>
<doc>Fails if the given condition is not true.</doc>
<status status="PASS" start="2024-04-06T04:16:59.032589" elapsed="0.000140"/>
</kw>
<arg>${json_data["results"][0]["location"]["coordinates"]["longitude"]} &gt;= -180 and ${json_data["results"][0]["location"]["coordinates"]["longitude"]} &lt;= 180</arg>
<arg>Should Be True</arg>
<arg>${True}</arg>
<doc>Runs the given keyword with the given arguments, if ``condition`` is true.</doc>
<status status="PASS" start="2024-04-06T04:16:59.031887" elapsed="0.000968"/>
</kw>
<status status="PASS" start="2024-04-06T04:16:58.921938" elapsed="0.111050"/>
</kw>
<doc>Testa o conteúdo específico dos campos retornados pela API.</doc>
<tag>testeConteudo</tag>
<status status="PASS" start="2024-04-06T04:16:58.921472" elapsed="0.111672"/>
</test>
<status status="PASS" start="2024-04-06T04:16:57.973885" elapsed="1.061190"/>
</suite>
<status status="PASS" start="2024-04-06T04:16:57.959885" elapsed="1.080564"/>
</suite>
<statistics>
<total>
<stat pass="5" fail="0" skip="0">All Tests</stat>
</total>
<tag>
<stat pass="1" fail="0" skip="0">testeConteudo</stat>
<stat pass="1" fail="0" skip="0">testeEstruturaResposta</stat>
<stat pass="1" fail="0" skip="0">testeRequisicaoBasica</stat>
<stat pass="1" fail="0" skip="0">testeTiposDados</stat>
</tag>
<suite>
<stat pass="5" fail="0" skip="0" id="s1" name="Tests">Tests</stat>
<stat pass="5" fail="0" skip="0" id="s1-s1" name="Random-User-Test">Tests.Random-User-Test</stat>
</suite>
</statistics>
<errors>
</errors>
</robot>
