<?xml version="1.0" encoding="UTF-8"?>
<robot generator="Robot 7.0.1 (Python 3.12.3 on linux)" generated="2024-06-16T03:16:49.922668" rpa="false" schemaversion="5">
<suite id="s1" name="Tests" source="/home/runner/work/ApiRandomUser/ApiRandomUser/RamdonUser/tests">
<suite id="s1-s1" name="Random-User-Test" source="/home/runner/work/ApiRandomUser/ApiRandomUser/RamdonUser/tests/random-user-test.robot">
<test id="s1-s1-t1" name="Conectar" line="13">
<kw name="Conectar API" owner="random-user-service">
<kw name="Create Session" owner="RequestsLibrary">
<msg time="2024-06-16T03:16:50.305837" level="INFO">Creating Session using : alias=consultarAPI, url=https://randomuser.me/, headers={},                     cookies={}, auth=None, timeout=None, proxies=None, verify=False,                     debug=0 </msg>
<arg>consultarAPI</arg>
<arg>${URL}</arg>
<doc>Create Session: create a HTTP session to a server</doc>
<status status="PASS" start="2024-06-16T03:16:50.305638" elapsed="0.000368"/>
</kw>
<status status="PASS" start="2024-06-16T03:16:50.304642" elapsed="0.001720"/>
</kw>
<status status="PASS" start="2024-06-16T03:16:50.304066" elapsed="0.002489"/>
</test>
<test id="s1-s1-t2" name="Validar retorno 200 e JSON Válido" line="16">
<kw name="Teste de Requisicao Basica" owner="random-user-service">
<kw name="GET On Session" owner="RequestsLibrary">
<msg time="2024-06-16T03:16:50.488339" level="INFO">GET Request : url=https://randomuser.me/api 
 path_url=/api 
 headers={'User-Agent': 'python-requests/2.32.3', 'Accept-Encoding': 'gzip, deflate', 'Accept': '*/*', 'Connection': 'keep-alive'} 
 body=None 
 </msg>
<msg time="2024-06-16T03:16:50.488502" level="INFO">GET Response : url=https://randomuser.me/api 
 status=200, reason=OK 
 headers={'Date': 'Sun, 16 Jun 2024 03:16:50 GMT', 'Content-Type': 'application/json; charset=utf-8', 'Transfer-Encoding': 'chunked', 'Connection': 'keep-alive', 'X-Powered-By': 'Express', 'Access-Control-Allow-Origin': '*', 'Cache-Control': 'no-cache', 'ETag': 'W/"48c-oLuTIcYCwm+0Vj5E6j/giqQoaKI"', 'Vary': 'Accept-Encoding', 'Content-Encoding': 'gzip', 'CF-Cache-Status': 'DYNAMIC', 'Report-To': '{"endpoints":[{"url":"https:\\/\\/a.nel.cloudflare.com\\/report\\/v4?s=Br7Fn6RtloJhcWfgsfcATylTQrpwYdjBjDSPTA9irSlhveY1DvP4JvN%2FHcW%2Bw5hT9s0tVoq6XM1WLVUvMJw3cEogJwav6y%2F8wQoZcVxpAmC8Szok6CpSJ3W0Gvlrpq7v"}],"group":"cf-nel","max_age":604800}', 'NEL': '{"success_fraction":0,"report_to":"cf-nel","max_age":604800}', 'Server': 'cloudflare', 'CF-RAY': '8947a4b75e153919-IAD', 'alt-svc': 'h3=":443"; ma=86400'} 
 body={"results":[{"gender":"male","name":{"title":"Mr","first":"Martino","last":"Nunes"},"location":{"street":{"number":524,"name":"Rua Dois"},"city":"Taboão da Serra","state":"Rio Grande do Sul","country":"Brazil","postcode":63688,"coordinates":{"latitude":"-80.4973","longitude":"-92.8500"},"timezone":{"offset":"-2:00","description":"Mid-Atlantic"}},"email":"martino.nunes@example.com","login":{"uuid":"ab604ec9-34a2-47fb-a291-43158fcd9426","username":"organicbutterfly339","password":"bunny","salt":"npOjC8Sx","md5":"7119aadc286886a835ec30aa4b2f0347","sha1":"ff15a5302833dba977f625ebd71e866aada598d2","sha256":"eeff4fc2d8f72ac1e0b1c48baa963eef2fa3dace359b0820759eb1393d6a51e5"},"dob":{"date":"1956-11-15T07:14:11.155Z","age":67},"registered":{"date":"2004-03-09T21:08:48.527Z","age":20},"phone":"(59) 7862-1340","cell":"(21) 2090-4774","id":{"name":"CPF","value":"985.588.184-87"},"picture":{"large":"https://randomuser.me/api/portraits/men/36.jpg","medium":"https://randomuser.me/api/portraits/med/men/36.jpg","thumbnail":"https://randomuser.me/api/portraits/thumb/men/36.jpg"},"nat":"BR"}],"info":{"seed":"e4a7686a676fd9ad","results":1,"page":1,"version":"1.4"}} 
 </msg>
<msg time="2024-06-16T03:16:50.488598" level="INFO">/opt/hostedtoolcache/Python/3.12.3/x64/lib/python3.12/site-packages/urllib3/connectionpool.py:1103: InsecureRequestWarning: Unverified HTTPS request is being made to host 'randomuser.me'. Adding certificate verification is strongly advised. See: https://urllib3.readthedocs.io/en/latest/advanced-usage.html#tls-warnings
  warnings.warn(</msg>
<msg time="2024-06-16T03:16:50.488790" level="INFO">${response} = &lt;Response [200]&gt;</msg>
<var>${response}</var>
<arg>consultarAPI</arg>
<arg>/api</arg>
<doc>Sends a GET request on a previously created HTTP Session.</doc>
<status status="PASS" start="2024-06-16T03:16:50.309227" elapsed="0.179595"/>
</kw>
<kw name="Should Be Equal As Numbers" owner="BuiltIn">
<msg time="2024-06-16T03:16:50.489710" level="INFO">Argument types are:
&lt;class 'int'&gt;
&lt;class 'str'&gt;</msg>
<arg>${response.status_code}</arg>
<arg>200</arg>
<doc>Fails if objects are unequal after converting them to real numbers.</doc>
<status status="PASS" start="2024-06-16T03:16:50.489284" elapsed="0.000489"/>
</kw>
<kw name="Log" owner="BuiltIn">
<msg time="2024-06-16T03:16:50.490450" level="INFO">200</msg>
<arg>${response.status_code}</arg>
<doc>Logs the given message with the given level.</doc>
<status status="PASS" start="2024-06-16T03:16:50.490111" elapsed="0.000386"/>
</kw>
<kw name="Set Variable" owner="BuiltIn">
<msg time="2024-06-16T03:16:50.491280" level="INFO">${json_data} = {'results': [{'gender': 'male', 'name': {'title': 'Mr', 'first': 'Martino', 'last': 'Nunes'}, 'location': {'street': {'number': 524, 'name': 'Rua Dois'}, 'city': 'Taboão da Serra', 'state': 'Rio Grand...</msg>
<var>${json_data}</var>
<arg>${response.json()}</arg>
<doc>Returns the given values which can then be assigned to a variables.</doc>
<status status="PASS" start="2024-06-16T03:16:50.490802" elapsed="0.000508"/>
</kw>
<kw name="Dictionary Should Contain Key" owner="Collections">
<arg>${json_data}</arg>
<arg>results</arg>
<doc>Fails if ``key`` is not found from ``dictionary``.</doc>
<status status="PASS" start="2024-06-16T03:16:50.491613" elapsed="0.000167"/>
</kw>
<status status="PASS" start="2024-06-16T03:16:50.308986" elapsed="0.182942"/>
</kw>
<doc>Testa se a API responde corretamente e retorna um objeto JSON válido.</doc>
<tag>testeRequisicaoBasica</tag>
<status status="PASS" start="2024-06-16T03:16:50.308462" elapsed="0.183638"/>
</test>
<test id="s1-s1-t3" name="Validar estrutura de resposta" line="22">
<kw name="Teste de Estrutura de Resposta" owner="random-user-service">
<kw name="GET On Session" owner="RequestsLibrary">
<msg time="2024-06-16T03:16:50.606085" level="INFO">GET Request : url=https://randomuser.me/api 
 path_url=/api 
 headers={'User-Agent': 'python-requests/2.32.3', 'Accept-Encoding': 'gzip, deflate', 'Accept': '*/*', 'Connection': 'keep-alive'} 
 body=None 
 </msg>
<msg time="2024-06-16T03:16:50.606154" level="INFO">GET Response : url=https://randomuser.me/api 
 status=200, reason=OK 
 headers={'Date': 'Sun, 16 Jun 2024 03:16:50 GMT', 'Content-Type': 'application/json; charset=utf-8', 'Transfer-Encoding': 'chunked', 'Connection': 'keep-alive', 'X-Powered-By': 'Express', 'Access-Control-Allow-Origin': '*', 'Cache-Control': 'no-cache', 'ETag': 'W/"497-qQkcnyHgwKVjW6xcBwbiiBTwvs0"', 'Vary': 'Accept-Encoding', 'Content-Encoding': 'gzip', 'CF-Cache-Status': 'DYNAMIC', 'Report-To': '{"endpoints":[{"url":"https:\\/\\/a.nel.cloudflare.com\\/report\\/v4?s=lCHfuxJVnqw97FyVnb1ozHXbm5%2Ber9UCCT8fm5zoRzN1ZWUHMPSx9IcBpGPknL1oTBZnCaQYEVGBcqmzupXMRU4192C9tLDkIwf%2Br4jcrrBSPRCO%2BMqabYPMV4l3XQy7"}],"group":"cf-nel","max_age":604800}', 'NEL': '{"success_fraction":0,"report_to":"cf-nel","max_age":604800}', 'Server': 'cloudflare', 'CF-RAY': '8947a4b79e703919-IAD', 'alt-svc': 'h3=":443"; ma=86400'} 
 body={"results":[{"gender":"female","name":{"title":"Miss","first":"Milja","last":"Løvdal"},"location":{"street":{"number":1091,"name":"Kirkehaugsveien"},"city":"Nesbyen","state":"Sør-Trøndelag","country":"Norway","postcode":"7496","coordinates":{"latitude":"43.5224","longitude":"30.9875"},"timezone":{"offset":"+5:30","description":"Bombay, Calcutta, Madras, New Delhi"}},"email":"milja.lovdal@example.com","login":{"uuid":"b83b168c-2305-49a5-a9b9-9d36f677690d","username":"organicmeercat880","password":"priest","salt":"ocwJNtPM","md5":"2e664d91e695fffcb57b327044d3cdb9","sha1":"706a56e385e32b18cc87fd9ac34658fe252bf958","sha256":"009a6b29f3117ee283083a00d4e9e27a107a44eaa06c5b3c978fe0a9d3353bf8"},"dob":{"date":"1958-06-03T05:38:29.098Z","age":66},"registered":{"date":"2010-09-13T10:41:14.175Z","age":13},"phone":"54435081","cell":"91845303","id":{"name":"FN","value":"03065807296"},"picture":{"large":"https://randomuser.me/api/portraits/women/96.jpg","medium":"https://randomuser.me/api/portraits/med/women/96.jpg","thumbnail":"https://randomuser.me/api/portraits/thumb/women/96.jpg"},"nat":"NO"}],"info":{"seed":"a179f8aeda4626ed","results":1,"page":1,"version":"1.4"}} 
 </msg>
<msg time="2024-06-16T03:16:50.606267" level="INFO">/opt/hostedtoolcache/Python/3.12.3/x64/lib/python3.12/site-packages/urllib3/connectionpool.py:1103: InsecureRequestWarning: Unverified HTTPS request is being made to host 'randomuser.me'. Adding certificate verification is strongly advised. See: https://urllib3.readthedocs.io/en/latest/advanced-usage.html#tls-warnings
  warnings.warn(</msg>
<msg time="2024-06-16T03:16:50.606383" level="INFO">${response} = &lt;Response [200]&gt;</msg>
<var>${response}</var>
<arg>consultarAPI</arg>
<arg>/api</arg>
<doc>Sends a GET request on a previously created HTTP Session.</doc>
<status status="PASS" start="2024-06-16T03:16:50.494890" elapsed="0.111528"/>
</kw>
<kw name="Set Variable" owner="BuiltIn">
<msg time="2024-06-16T03:16:50.607269" level="INFO">${json_data} = {'results': [{'gender': 'female', 'name': {'title': 'Miss', 'first': 'Milja', 'last': 'Løvdal'}, 'location': {'street': {'number': 1091, 'name': 'Kirkehaugsveien'}, 'city': 'Nesbyen', 'state': 'Sør-Tr...</msg>
<var>${json_data}</var>
<arg>${response.json()}</arg>
<doc>Returns the given values which can then be assigned to a variables.</doc>
<status status="PASS" start="2024-06-16T03:16:50.606770" elapsed="0.000532"/>
</kw>
<kw name="Log" owner="BuiltIn">
<msg time="2024-06-16T03:16:50.607770" level="INFO">{'results': [{'gender': 'female', 'name': {'title': 'Miss', 'first': 'Milja', 'last': 'Løvdal'}, 'location': {'street': {'number': 1091, 'name': 'Kirkehaugsveien'}, 'city': 'Nesbyen', 'state': 'Sør-Trøndelag', 'country': 'Norway', 'postcode': '7496', 'coordinates': {'latitude': '43.5224', 'longitude': '30.9875'}, 'timezone': {'offset': '+5:30', 'description': 'Bombay, Calcutta, Madras, New Delhi'}}, 'email': 'milja.lovdal@example.com', 'login': {'uuid': 'b83b168c-2305-49a5-a9b9-9d36f677690d', 'username': 'organicmeercat880', 'password': 'priest', 'salt': 'ocwJNtPM', 'md5': '2e664d91e695fffcb57b327044d3cdb9', 'sha1': '706a56e385e32b18cc87fd9ac34658fe252bf958', 'sha256': '009a6b29f3117ee283083a00d4e9e27a107a44eaa06c5b3c978fe0a9d3353bf8'}, 'dob': {'date': '1958-06-03T05:38:29.098Z', 'age': 66}, 'registered': {'date': '2010-09-13T10:41:14.175Z', 'age': 13}, 'phone': '54435081', 'cell': '91845303', 'id': {'name': 'FN', 'value': '03065807296'}, 'picture': {'large': 'https://randomuser.me/api/portraits/women/96.jpg', 'medium': 'https://randomuser.me/api/portraits/med/women/96.jpg', 'thumbnail': 'https://randomuser.me/api/portraits/thumb/women/96.jpg'}, 'nat': 'NO'}], 'info': {'seed': 'a179f8aeda4626ed', 'results': 1, 'page': 1, 'version': '1.4'}}</msg>
<arg>${json_data}</arg>
<doc>Logs the given message with the given level.</doc>
<status status="PASS" start="2024-06-16T03:16:50.607612" elapsed="0.000206"/>
</kw>
<kw name="Dictionary Should Contain Key" owner="Collections">
<arg>${json_data}</arg>
<arg>results</arg>
<doc>Fails if ``key`` is not found from ``dictionary``.</doc>
<status status="PASS" start="2024-06-16T03:16:50.608109" elapsed="0.000154"/>
</kw>
<kw name="Should Not Be Empty" owner="BuiltIn">
<msg time="2024-06-16T03:16:50.608571" level="INFO">Length is 2.</msg>
<arg>${json_data}</arg>
<doc>Verifies that the given item is not empty.</doc>
<status status="PASS" start="2024-06-16T03:16:50.608446" elapsed="0.000162"/>
</kw>
<kw name="Create List" owner="BuiltIn">
<msg time="2024-06-16T03:16:50.609040" level="INFO">${expected_keys} = ['gender', 'name', 'location', 'email', 'login']</msg>
<var>${expected_keys}</var>
<arg>gender</arg>
<arg>name</arg>
<arg>location</arg>
<arg>email</arg>
<arg>login</arg>
<doc>Returns a list containing given items.</doc>
<status status="PASS" start="2024-06-16T03:16:50.608893" elapsed="0.000170"/>
</kw>
<for flavor="IN">
<iter>
<kw name="Dictionary Should Contain Key" owner="Collections">
<arg>${json_data['results'][0]}</arg>
<arg>${key}</arg>
<doc>Fails if ``key`` is not found from ``dictionary``.</doc>
<status status="PASS" start="2024-06-16T03:16:50.609652" elapsed="0.000395"/>
</kw>
<kw name="Log" owner="BuiltIn">
<msg time="2024-06-16T03:16:50.610594" level="INFO">{'gender': 'female', 'name': {'title': 'Miss', 'first': 'Milja', 'last': 'Løvdal'}, 'location': {'street': {'number': 1091, 'name': 'Kirkehaugsveien'}, 'city': 'Nesbyen', 'state': 'Sør-Trøndelag', 'country': 'Norway', 'postcode': '7496', 'coordinates': {'latitude': '43.5224', 'longitude': '30.9875'}, 'timezone': {'offset': '+5:30', 'description': 'Bombay, Calcutta, Madras, New Delhi'}}, 'email': 'milja.lovdal@example.com', 'login': {'uuid': 'b83b168c-2305-49a5-a9b9-9d36f677690d', 'username': 'organicmeercat880', 'password': 'priest', 'salt': 'ocwJNtPM', 'md5': '2e664d91e695fffcb57b327044d3cdb9', 'sha1': '706a56e385e32b18cc87fd9ac34658fe252bf958', 'sha256': '009a6b29f3117ee283083a00d4e9e27a107a44eaa06c5b3c978fe0a9d3353bf8'}, 'dob': {'date': '1958-06-03T05:38:29.098Z', 'age': 66}, 'registered': {'date': '2010-09-13T10:41:14.175Z', 'age': 13}, 'phone': '54435081', 'cell': '91845303', 'id': {'name': 'FN', 'value': '03065807296'}, 'picture': {'large': 'https://randomuser.me/api/portraits/women/96.jpg', 'medium': 'https://randomuser.me/api/portraits/med/women/96.jpg', 'thumbnail': 'https://randomuser.me/api/portraits/thumb/women/96.jpg'}, 'nat': 'NO'}</msg>
<arg>${json_data['results'][0]}</arg>
<doc>Logs the given message with the given level.</doc>
<status status="PASS" start="2024-06-16T03:16:50.610238" elapsed="0.000405"/>
</kw>
<kw name="Log" owner="BuiltIn">
<msg time="2024-06-16T03:16:50.611066" level="INFO">gender</msg>
<arg>${key}</arg>
<doc>Logs the given message with the given level.</doc>
<status status="PASS" start="2024-06-16T03:16:50.610939" elapsed="0.000197"/>
</kw>
<var name="${key}">gender</var>
<status status="PASS" start="2024-06-16T03:16:50.609530" elapsed="0.001833"/>
</iter>
<iter>
<kw name="Dictionary Should Contain Key" owner="Collections">
<arg>${json_data['results'][0]}</arg>
<arg>${key}</arg>
<doc>Fails if ``key`` is not found from ``dictionary``.</doc>
<status status="PASS" start="2024-06-16T03:16:50.611657" elapsed="0.000385"/>
</kw>
<kw name="Log" owner="BuiltIn">
<msg time="2024-06-16T03:16:50.612572" level="INFO">{'gender': 'female', 'name': {'title': 'Miss', 'first': 'Milja', 'last': 'Løvdal'}, 'location': {'street': {'number': 1091, 'name': 'Kirkehaugsveien'}, 'city': 'Nesbyen', 'state': 'Sør-Trøndelag', 'country': 'Norway', 'postcode': '7496', 'coordinates': {'latitude': '43.5224', 'longitude': '30.9875'}, 'timezone': {'offset': '+5:30', 'description': 'Bombay, Calcutta, Madras, New Delhi'}}, 'email': 'milja.lovdal@example.com', 'login': {'uuid': 'b83b168c-2305-49a5-a9b9-9d36f677690d', 'username': 'organicmeercat880', 'password': 'priest', 'salt': 'ocwJNtPM', 'md5': '2e664d91e695fffcb57b327044d3cdb9', 'sha1': '706a56e385e32b18cc87fd9ac34658fe252bf958', 'sha256': '009a6b29f3117ee283083a00d4e9e27a107a44eaa06c5b3c978fe0a9d3353bf8'}, 'dob': {'date': '1958-06-03T05:38:29.098Z', 'age': 66}, 'registered': {'date': '2010-09-13T10:41:14.175Z', 'age': 13}, 'phone': '54435081', 'cell': '91845303', 'id': {'name': 'FN', 'value': '03065807296'}, 'picture': {'large': 'https://randomuser.me/api/portraits/women/96.jpg', 'medium': 'https://randomuser.me/api/portraits/med/women/96.jpg', 'thumbnail': 'https://randomuser.me/api/portraits/thumb/women/96.jpg'}, 'nat': 'NO'}</msg>
<arg>${json_data['results'][0]}</arg>
<doc>Logs the given message with the given level.</doc>
<status status="PASS" start="2024-06-16T03:16:50.612227" elapsed="0.000427"/>
</kw>
<kw name="Log" owner="BuiltIn">
<msg time="2024-06-16T03:16:50.613084" level="INFO">name</msg>
<arg>${key}</arg>
<doc>Logs the given message with the given level.</doc>
<status status="PASS" start="2024-06-16T03:16:50.612952" elapsed="0.000170"/>
</kw>
<var name="${key}">name</var>
<status status="PASS" start="2024-06-16T03:16:50.611546" elapsed="0.001794"/>
</iter>
<iter>
<kw name="Dictionary Should Contain Key" owner="Collections">
<arg>${json_data['results'][0]}</arg>
<arg>${key}</arg>
<doc>Fails if ``key`` is not found from ``dictionary``.</doc>
<status status="PASS" start="2024-06-16T03:16:50.613621" elapsed="0.000376"/>
</kw>
<kw name="Log" owner="BuiltIn">
<msg time="2024-06-16T03:16:50.614536" level="INFO">{'gender': 'female', 'name': {'title': 'Miss', 'first': 'Milja', 'last': 'Løvdal'}, 'location': {'street': {'number': 1091, 'name': 'Kirkehaugsveien'}, 'city': 'Nesbyen', 'state': 'Sør-Trøndelag', 'country': 'Norway', 'postcode': '7496', 'coordinates': {'latitude': '43.5224', 'longitude': '30.9875'}, 'timezone': {'offset': '+5:30', 'description': 'Bombay, Calcutta, Madras, New Delhi'}}, 'email': 'milja.lovdal@example.com', 'login': {'uuid': 'b83b168c-2305-49a5-a9b9-9d36f677690d', 'username': 'organicmeercat880', 'password': 'priest', 'salt': 'ocwJNtPM', 'md5': '2e664d91e695fffcb57b327044d3cdb9', 'sha1': '706a56e385e32b18cc87fd9ac34658fe252bf958', 'sha256': '009a6b29f3117ee283083a00d4e9e27a107a44eaa06c5b3c978fe0a9d3353bf8'}, 'dob': {'date': '1958-06-03T05:38:29.098Z', 'age': 66}, 'registered': {'date': '2010-09-13T10:41:14.175Z', 'age': 13}, 'phone': '54435081', 'cell': '91845303', 'id': {'name': 'FN', 'value': '03065807296'}, 'picture': {'large': 'https://randomuser.me/api/portraits/women/96.jpg', 'medium': 'https://randomuser.me/api/portraits/med/women/96.jpg', 'thumbnail': 'https://randomuser.me/api/portraits/thumb/women/96.jpg'}, 'nat': 'NO'}</msg>
<arg>${json_data['results'][0]}</arg>
<doc>Logs the given message with the given level.</doc>
<status status="PASS" start="2024-06-16T03:16:50.614190" elapsed="0.000396"/>
</kw>
<kw name="Log" owner="BuiltIn">
<msg time="2024-06-16T03:16:50.615001" level="INFO">location</msg>
<arg>${key}</arg>
<doc>Logs the given message with the given level.</doc>
<status status="PASS" start="2024-06-16T03:16:50.614878" elapsed="0.000160"/>
</kw>
<var name="${key}">location</var>
<status status="PASS" start="2024-06-16T03:16:50.613514" elapsed="0.001762"/>
</iter>
<iter>
<kw name="Dictionary Should Contain Key" owner="Collections">
<arg>${json_data['results'][0]}</arg>
<arg>${key}</arg>
<doc>Fails if ``key`` is not found from ``dictionary``.</doc>
<status status="PASS" start="2024-06-16T03:16:50.615552" elapsed="0.000373"/>
</kw>
<kw name="Log" owner="BuiltIn">
<msg time="2024-06-16T03:16:50.616456" level="INFO">{'gender': 'female', 'name': {'title': 'Miss', 'first': 'Milja', 'last': 'Løvdal'}, 'location': {'street': {'number': 1091, 'name': 'Kirkehaugsveien'}, 'city': 'Nesbyen', 'state': 'Sør-Trøndelag', 'country': 'Norway', 'postcode': '7496', 'coordinates': {'latitude': '43.5224', 'longitude': '30.9875'}, 'timezone': {'offset': '+5:30', 'description': 'Bombay, Calcutta, Madras, New Delhi'}}, 'email': 'milja.lovdal@example.com', 'login': {'uuid': 'b83b168c-2305-49a5-a9b9-9d36f677690d', 'username': 'organicmeercat880', 'password': 'priest', 'salt': 'ocwJNtPM', 'md5': '2e664d91e695fffcb57b327044d3cdb9', 'sha1': '706a56e385e32b18cc87fd9ac34658fe252bf958', 'sha256': '009a6b29f3117ee283083a00d4e9e27a107a44eaa06c5b3c978fe0a9d3353bf8'}, 'dob': {'date': '1958-06-03T05:38:29.098Z', 'age': 66}, 'registered': {'date': '2010-09-13T10:41:14.175Z', 'age': 13}, 'phone': '54435081', 'cell': '91845303', 'id': {'name': 'FN', 'value': '03065807296'}, 'picture': {'large': 'https://randomuser.me/api/portraits/women/96.jpg', 'medium': 'https://randomuser.me/api/portraits/med/women/96.jpg', 'thumbnail': 'https://randomuser.me/api/portraits/thumb/women/96.jpg'}, 'nat': 'NO'}</msg>
<arg>${json_data['results'][0]}</arg>
<doc>Logs the given message with the given level.</doc>
<status status="PASS" start="2024-06-16T03:16:50.616106" elapsed="0.000399"/>
</kw>
<kw name="Log" owner="BuiltIn">
<msg time="2024-06-16T03:16:50.616926" level="INFO">email</msg>
<arg>${key}</arg>
<doc>Logs the given message with the given level.</doc>
<status status="PASS" start="2024-06-16T03:16:50.616799" elapsed="0.000165"/>
</kw>
<var name="${key}">email</var>
<status status="PASS" start="2024-06-16T03:16:50.615445" elapsed="0.001731"/>
</iter>
<iter>
<kw name="Dictionary Should Contain Key" owner="Collections">
<arg>${json_data['results'][0]}</arg>
<arg>${key}</arg>
<doc>Fails if ``key`` is not found from ``dictionary``.</doc>
<status status="PASS" start="2024-06-16T03:16:50.617450" elapsed="0.000374"/>
</kw>
<kw name="Log" owner="BuiltIn">
<msg time="2024-06-16T03:16:50.618352" level="INFO">{'gender': 'female', 'name': {'title': 'Miss', 'first': 'Milja', 'last': 'Løvdal'}, 'location': {'street': {'number': 1091, 'name': 'Kirkehaugsveien'}, 'city': 'Nesbyen', 'state': 'Sør-Trøndelag', 'country': 'Norway', 'postcode': '7496', 'coordinates': {'latitude': '43.5224', 'longitude': '30.9875'}, 'timezone': {'offset': '+5:30', 'description': 'Bombay, Calcutta, Madras, New Delhi'}}, 'email': 'milja.lovdal@example.com', 'login': {'uuid': 'b83b168c-2305-49a5-a9b9-9d36f677690d', 'username': 'organicmeercat880', 'password': 'priest', 'salt': 'ocwJNtPM', 'md5': '2e664d91e695fffcb57b327044d3cdb9', 'sha1': '706a56e385e32b18cc87fd9ac34658fe252bf958', 'sha256': '009a6b29f3117ee283083a00d4e9e27a107a44eaa06c5b3c978fe0a9d3353bf8'}, 'dob': {'date': '1958-06-03T05:38:29.098Z', 'age': 66}, 'registered': {'date': '2010-09-13T10:41:14.175Z', 'age': 13}, 'phone': '54435081', 'cell': '91845303', 'id': {'name': 'FN', 'value': '03065807296'}, 'picture': {'large': 'https://randomuser.me/api/portraits/women/96.jpg', 'medium': 'https://randomuser.me/api/portraits/med/women/96.jpg', 'thumbnail': 'https://randomuser.me/api/portraits/thumb/women/96.jpg'}, 'nat': 'NO'}</msg>
<arg>${json_data['results'][0]}</arg>
<doc>Logs the given message with the given level.</doc>
<status status="PASS" start="2024-06-16T03:16:50.618008" elapsed="0.000412"/>
</kw>
<kw name="Log" owner="BuiltIn">
<msg time="2024-06-16T03:16:50.618935" level="INFO">login</msg>
<arg>${key}</arg>
<doc>Logs the given message with the given level.</doc>
<status status="PASS" start="2024-06-16T03:16:50.618710" elapsed="0.000262"/>
</kw>
<var name="${key}">login</var>
<status status="PASS" start="2024-06-16T03:16:50.617344" elapsed="0.001865"/>
</iter>
<var>${key}</var>
<value>@{expected_keys}</value>
<status status="PASS" start="2024-06-16T03:16:50.609342" elapsed="0.009989"/>
</for>
<kw name="Create List" owner="BuiltIn">
<msg time="2024-06-16T03:16:50.619676" level="INFO">${expected_keysTwo} = ['username', 'password']</msg>
<var>${expected_keysTwo}</var>
<arg>username</arg>
<arg>password</arg>
<doc>Returns a list containing given items.</doc>
<status status="PASS" start="2024-06-16T03:16:50.619542" elapsed="0.000188"/>
</kw>
<for flavor="IN">
<iter>
<kw name="Dictionary Should Contain Key" owner="Collections">
<arg>${json_data['results'][0]['login']}</arg>
<arg>${keyTwo}</arg>
<doc>Fails if ``key`` is not found from ``dictionary``.</doc>
<status status="PASS" start="2024-06-16T03:16:50.620228" elapsed="0.000507"/>
</kw>
<kw name="Dictionary Should Contain Key" owner="Collections">
<arg>${json_data['results'][0]['login']}</arg>
<arg>${keyTwo}</arg>
<doc>Fails if ``key`` is not found from ``dictionary``.</doc>
<status status="PASS" start="2024-06-16T03:16:50.621010" elapsed="0.000502"/>
</kw>
<kw name="Log" owner="BuiltIn">
<msg time="2024-06-16T03:16:50.621901" level="INFO">username</msg>
<arg>${keyTwo}</arg>
<doc>Logs the given message with the given level.</doc>
<status status="PASS" start="2024-06-16T03:16:50.621751" elapsed="0.000198"/>
</kw>
<var name="${keyTwo}">username</var>
<status status="PASS" start="2024-06-16T03:16:50.620122" elapsed="0.002099"/>
</iter>
<iter>
<kw name="Dictionary Should Contain Key" owner="Collections">
<arg>${json_data['results'][0]['login']}</arg>
<arg>${keyTwo}</arg>
<doc>Fails if ``key`` is not found from ``dictionary``.</doc>
<status status="PASS" start="2024-06-16T03:16:50.622586" elapsed="0.000536"/>
</kw>
<kw name="Dictionary Should Contain Key" owner="Collections">
<arg>${json_data['results'][0]['login']}</arg>
<arg>${keyTwo}</arg>
<doc>Fails if ``key`` is not found from ``dictionary``.</doc>
<status status="PASS" start="2024-06-16T03:16:50.623367" elapsed="0.000428"/>
</kw>
<kw name="Log" owner="BuiltIn">
<msg time="2024-06-16T03:16:50.624103" level="INFO">password</msg>
<arg>${keyTwo}</arg>
<doc>Logs the given message with the given level.</doc>
<status status="PASS" start="2024-06-16T03:16:50.623981" elapsed="0.000165"/>
</kw>
<var name="${keyTwo}">password</var>
<status status="PASS" start="2024-06-16T03:16:50.622446" elapsed="0.001924"/>
</iter>
<var>${keyTwo}</var>
<value>@{expected_keysTwo}</value>
<status status="PASS" start="2024-06-16T03:16:50.619976" elapsed="0.004517"/>
</for>
<status status="PASS" start="2024-06-16T03:16:50.494658" elapsed="0.129972"/>
</kw>
<doc>Testa a estrutura da resposta da API.</doc>
<tag>testeEstruturaResposta</tag>
<status status="PASS" start="2024-06-16T03:16:50.493913" elapsed="0.130868"/>
</test>
<test id="s1-s1-t4" name="Validar tipos de dados" line="28">
<kw name="Teste de Tipos de Dados" owner="random-user-service">
<kw name="GET On Session" owner="RequestsLibrary">
<msg time="2024-06-16T03:16:50.684304" level="INFO">GET Request : url=https://randomuser.me/api 
 path_url=/api 
 headers={'User-Agent': 'python-requests/2.32.3', 'Accept-Encoding': 'gzip, deflate', 'Accept': '*/*', 'Connection': 'keep-alive'} 
 body=None 
 </msg>
<msg time="2024-06-16T03:16:50.684388" level="INFO">GET Response : url=https://randomuser.me/api 
 status=200, reason=OK 
 headers={'Date': 'Sun, 16 Jun 2024 03:16:50 GMT', 'Content-Type': 'application/json; charset=utf-8', 'Transfer-Encoding': 'chunked', 'Connection': 'keep-alive', 'X-Powered-By': 'Express', 'Access-Control-Allow-Origin': '*', 'Cache-Control': 'no-cache', 'ETag': 'W/"490-gQ0fB7vDhH//KIgAnMeb1KkRxK0"', 'Vary': 'Accept-Encoding', 'Content-Encoding': 'gzip', 'CF-Cache-Status': 'DYNAMIC', 'Report-To': '{"endpoints":[{"url":"https:\\/\\/a.nel.cloudflare.com\\/report\\/v4?s=ZVJ1OCdAcRuXvzgwjCfOhYDVBh%2FXsYB4%2FPpxzb%2Fih5%2BrdgUohFl203t6dp%2FdULmhIelXeNR2OC4RINdYhLsGrpdthL7xTVnyTE0u9t6uzSM%2Bk1GcoaiNYompD%2F9ZdJsE"}],"group":"cf-nel","max_age":604800}', 'NEL': '{"success_fraction":0,"report_to":"cf-nel","max_age":604800}', 'Server': 'cloudflare', 'CF-RAY': '8947a4b86f6b3919-IAD', 'alt-svc': 'h3=":443"; ma=86400'} 
 body={"results":[{"gender":"female","name":{"title":"Mrs","first":"Erna","last":"Barros"},"location":{"street":{"number":2043,"name":"Travessa dos Açorianos"},"city":"Várzea Grande","state":"São Paulo","country":"Brazil","postcode":54455,"coordinates":{"latitude":"-76.9222","longitude":"79.3219"},"timezone":{"offset":"-10:00","description":"Hawaii"}},"email":"erna.barros@example.com","login":{"uuid":"41813ffe-7067-44f3-ac48-fb541ac95f25","username":"orangezebra719","password":"doghouse","salt":"aAEr7oOX","md5":"1e685797ceafb1d634eca8581324fbe1","sha1":"ac884c7e0ac0738b504fce0c07d34dd64d7a7813","sha256":"19d9d66e82632bf56bf6a6e87a6490663f4ae9bbb81781ad6625cbbd28ef2a33"},"dob":{"date":"1965-11-11T23:21:11.145Z","age":58},"registered":{"date":"2007-07-15T01:49:45.317Z","age":16},"phone":"(67) 6391-3427","cell":"(77) 8497-8549","id":{"name":"CPF","value":"888.970.832-23"},"picture":{"large":"https://randomuser.me/api/portraits/women/11.jpg","medium":"https://randomuser.me/api/portraits/med/women/11.jpg","thumbnail":"https://randomuser.me/api/portraits/thumb/women/11.jpg"},"nat":"BR"}],"info":{"seed":"755d46436764e27e","results":1,"page":1,"version":"1.4"}} 
 </msg>
<msg time="2024-06-16T03:16:50.684464" level="INFO">/opt/hostedtoolcache/Python/3.12.3/x64/lib/python3.12/site-packages/urllib3/connectionpool.py:1103: InsecureRequestWarning: Unverified HTTPS request is being made to host 'randomuser.me'. Adding certificate verification is strongly advised. See: https://urllib3.readthedocs.io/en/latest/advanced-usage.html#tls-warnings
  warnings.warn(</msg>
<msg time="2024-06-16T03:16:50.684602" level="INFO">${response} = &lt;Response [200]&gt;</msg>
<var>${response}</var>
<arg>consultarAPI</arg>
<arg>/api</arg>
<doc>Sends a GET request on a previously created HTTP Session.</doc>
<status status="PASS" start="2024-06-16T03:16:50.627195" elapsed="0.057448"/>
</kw>
<kw name="Set Variable" owner="BuiltIn">
<msg time="2024-06-16T03:16:50.685547" level="INFO">${json_data} = {'results': [{'gender': 'female', 'name': {'title': 'Mrs', 'first': 'Erna', 'last': 'Barros'}, 'location': {'street': {'number': 2043, 'name': 'Travessa dos Açorianos'}, 'city': 'Várzea Grande', 'stat...</msg>
<var>${json_data}</var>
<arg>${response.json()}</arg>
<doc>Returns the given values which can then be assigned to a variables.</doc>
<status status="PASS" start="2024-06-16T03:16:50.685093" elapsed="0.000484"/>
</kw>
<kw name="Log" owner="BuiltIn">
<msg time="2024-06-16T03:16:50.686039" level="INFO">{'results': [{'gender': 'female', 'name': {'title': 'Mrs', 'first': 'Erna', 'last': 'Barros'}, 'location': {'street': {'number': 2043, 'name': 'Travessa dos Açorianos'}, 'city': 'Várzea Grande', 'state': 'São Paulo', 'country': 'Brazil', 'postcode': 54455, 'coordinates': {'latitude': '-76.9222', 'longitude': '79.3219'}, 'timezone': {'offset': '-10:00', 'description': 'Hawaii'}}, 'email': 'erna.barros@example.com', 'login': {'uuid': '41813ffe-7067-44f3-ac48-fb541ac95f25', 'username': 'orangezebra719', 'password': 'doghouse', 'salt': 'aAEr7oOX', 'md5': '1e685797ceafb1d634eca8581324fbe1', 'sha1': 'ac884c7e0ac0738b504fce0c07d34dd64d7a7813', 'sha256': '19d9d66e82632bf56bf6a6e87a6490663f4ae9bbb81781ad6625cbbd28ef2a33'}, 'dob': {'date': '1965-11-11T23:21:11.145Z', 'age': 58}, 'registered': {'date': '2007-07-15T01:49:45.317Z', 'age': 16}, 'phone': '(67) 6391-3427', 'cell': '(77) 8497-8549', 'id': {'name': 'CPF', 'value': '888.970.832-23'}, 'picture': {'large': 'https://randomuser.me/api/portraits/women/11.jpg', 'medium': 'https://randomuser.me/api/portraits/med/women/11.jpg', 'thumbnail': 'https://randomuser.me/api/portraits/thumb/women/11.jpg'}, 'nat': 'BR'}], 'info': {'seed': '755d46436764e27e', 'results': 1, 'page': 1, 'version': '1.4'}}</msg>
<arg>${json_data}</arg>
<doc>Logs the given message with the given level.</doc>
<status status="PASS" start="2024-06-16T03:16:50.685885" elapsed="0.000202"/>
</kw>
<kw name="Should Be String" owner="String">
<arg>${json_data['results'][0]['gender']}</arg>
<doc>Fails if the given ``item`` is not a string.</doc>
<status status="PASS" start="2024-06-16T03:16:50.686374" elapsed="0.000357"/>
</kw>
<kw name="Should Match Regexp" owner="BuiltIn">
<arg>${json_data['results'][0]['email']}</arg>
<arg>^[a-zA-Z0-9._%+-]+@[a-zA-Z0-9.-]+\.[a-zA-Z]{2,}$</arg>
<doc>Fails if ``string`` does not match ``pattern`` as a regular expression.</doc>
<status status="PASS" start="2024-06-16T03:16:50.686918" elapsed="0.000579"/>
</kw>
<kw name="Should Match Regexp" owner="BuiltIn">
<arg>${json_data['results'][0]['dob']['date']}</arg>
<arg>\\d{4}-\\d{2}-\\d{2}T\\d{2}:\\d{2}:\\d{2}\\.\\d{3}Z</arg>
<doc>Fails if ``string`` does not match ``pattern`` as a regular expression.</doc>
<status status="PASS" start="2024-06-16T03:16:50.687702" elapsed="0.000490"/>
</kw>
<kw name="Should Match Regexp" owner="BuiltIn">
<arg>${json_data['results'][0]['registered']['date']}</arg>
<arg>\\d{4}-\\d{2}-\\d{2}T\\d{2}:\\d{2}:\\d{2}\\.\\d{3}Z</arg>
<doc>Fails if ``string`` does not match ``pattern`` as a regular expression.</doc>
<status status="PASS" start="2024-06-16T03:16:50.688384" elapsed="0.000359"/>
</kw>
<kw name="Should Match Regexp" owner="BuiltIn">
<arg>${json_data['results'][0]['picture']['large']}</arg>
<arg>^https?://.*\.(?:png|jpe?g|gif|bmp)$</arg>
<doc>Fails if ``string`` does not match ``pattern`` as a regular expression.</doc>
<status status="PASS" start="2024-06-16T03:16:50.688924" elapsed="0.000455"/>
</kw>
<kw name="Should Match Regexp" owner="BuiltIn">
<arg>${json_data['results'][0]['picture']['medium']}</arg>
<arg>^https?://.*\.(?:png|jpe?g|gif|bmp)$</arg>
<doc>Fails if ``string`` does not match ``pattern`` as a regular expression.</doc>
<status status="PASS" start="2024-06-16T03:16:50.689570" elapsed="0.000353"/>
</kw>
<kw name="Should Match Regexp" owner="BuiltIn">
<arg>${json_data['results'][0]['picture']['thumbnail']}</arg>
<arg>^https?://.*\.(?:png|jpe?g|gif|bmp)$</arg>
<doc>Fails if ``string`` does not match ``pattern`` as a regular expression.</doc>
<status status="PASS" start="2024-06-16T03:16:50.690115" elapsed="0.000347"/>
</kw>
<kw name="Log" owner="BuiltIn">
<msg time="2024-06-16T03:16:50.690973" level="INFO">{'large': 'https://randomuser.me/api/portraits/women/11.jpg', 'medium': 'https://randomuser.me/api/portraits/med/women/11.jpg', 'thumbnail': 'https://randomuser.me/api/portraits/thumb/women/11.jpg'}</msg>
<arg>${json_data['results'][0]['picture']}</arg>
<doc>Logs the given message with the given level.</doc>
<status status="PASS" start="2024-06-16T03:16:50.690644" elapsed="0.000371"/>
</kw>
<status status="PASS" start="2024-06-16T03:16:50.626942" elapsed="0.064346"/>
</kw>
<kw name="Teste de Tipos de Dados - Postcode" owner="random-user-service">
<kw name="GET On Session" owner="RequestsLibrary">
<msg time="2024-06-16T03:16:50.827789" level="INFO">GET Request : url=https://randomuser.me/api 
 path_url=/api 
 headers={'User-Agent': 'python-requests/2.32.3', 'Accept-Encoding': 'gzip, deflate', 'Accept': '*/*', 'Connection': 'keep-alive'} 
 body=None 
 </msg>
<msg time="2024-06-16T03:16:50.827874" level="INFO">GET Response : url=https://randomuser.me/api 
 status=200, reason=OK 
 headers={'Date': 'Sun, 16 Jun 2024 03:16:50 GMT', 'Content-Type': 'application/json; charset=utf-8', 'Transfer-Encoding': 'chunked', 'Connection': 'keep-alive', 'X-Powered-By': 'Express', 'Access-Control-Allow-Origin': '*', 'Cache-Control': 'no-cache', 'ETag': 'W/"490-bLrV/Pk1B9nnN09xPKNv3d8BH4k"', 'Vary': 'Accept-Encoding', 'Content-Encoding': 'gzip', 'CF-Cache-Status': 'DYNAMIC', 'Report-To': '{"endpoints":[{"url":"https:\\/\\/a.nel.cloudflare.com\\/report\\/v4?s=3oxiuexALxEETASeCvJDkKrPSiV9K90MKx%2FK4eZsLwN8za2VBkdlUI8tZA4Y%2FwsXDd%2Fxm8T%2FAyRJfiAMJnYiadQXB%2BQrl7wDQBYtnm7Z8%2FnHsJ1UBhl6i6pQCGbpXD9Q"}],"group":"cf-nel","max_age":604800}', 'NEL': '{"success_fraction":0,"report_to":"cf-nel","max_age":604800}', 'Server': 'cloudflare', 'CF-RAY': '8947a4b8dfca3919-IAD', 'alt-svc': 'h3=":443"; ma=86400'} 
 body={"results":[{"gender":"female","name":{"title":"Mrs","first":"Helene","last":"Eikås"},"location":{"street":{"number":3837,"name":"Granstuveien"},"city":"Fagerstrand","state":"Buskerud","country":"Norway","postcode":"3126","coordinates":{"latitude":"43.8896","longitude":"175.4395"},"timezone":{"offset":"-6:00","description":"Central Time (US &amp; Canada), Mexico City"}},"email":"helene.eikas@example.com","login":{"uuid":"62636422-d1f8-4b97-b212-3f908ca01615","username":"blackduck973","password":"aurora","salt":"e8HTLDnj","md5":"18cd50e1c9248c3f1a7264ec24d3de04","sha1":"45683774f8372db9a2f6ac2c79397db12053336c","sha256":"f80d5ac62e6af06a8509929ac0282e409a272058fe930c70fcc6da2c19f08ab0"},"dob":{"date":"1979-10-18T11:05:17.006Z","age":44},"registered":{"date":"2002-09-22T04:27:35.649Z","age":21},"phone":"76004035","cell":"44854084","id":{"name":"FN","value":"18107906262"},"picture":{"large":"https://randomuser.me/api/portraits/women/50.jpg","medium":"https://randomuser.me/api/portraits/med/women/50.jpg","thumbnail":"https://randomuser.me/api/portraits/thumb/women/50.jpg"},"nat":"NO"}],"info":{"seed":"8b1efd5760ac75f2","results":1,"page":1,"version":"1.4"}} 
 </msg>
<msg time="2024-06-16T03:16:50.827966" level="INFO">/opt/hostedtoolcache/Python/3.12.3/x64/lib/python3.12/site-packages/urllib3/connectionpool.py:1103: InsecureRequestWarning: Unverified HTTPS request is being made to host 'randomuser.me'. Adding certificate verification is strongly advised. See: https://urllib3.readthedocs.io/en/latest/advanced-usage.html#tls-warnings
  warnings.warn(</msg>
<msg time="2024-06-16T03:16:50.828107" level="INFO">${response} = &lt;Response [200]&gt;</msg>
<var>${response}</var>
<arg>consultarAPI</arg>
<arg>/api</arg>
<doc>Sends a GET request on a previously created HTTP Session.</doc>
<status status="PASS" start="2024-06-16T03:16:50.691720" elapsed="0.136446"/>
</kw>
<kw name="Set Variable" owner="BuiltIn">
<msg time="2024-06-16T03:16:50.829027" level="INFO">${json_data} = {'results': [{'gender': 'female', 'name': {'title': 'Mrs', 'first': 'Helene', 'last': 'Eikås'}, 'location': {'street': {'number': 3837, 'name': 'Granstuveien'}, 'city': 'Fagerstrand', 'state': 'Busker...</msg>
<var>${json_data}</var>
<arg>${response.json()}</arg>
<doc>Returns the given values which can then be assigned to a variables.</doc>
<status status="PASS" start="2024-06-16T03:16:50.828596" elapsed="0.000460"/>
</kw>
<kw name="Log" owner="BuiltIn">
<msg time="2024-06-16T03:16:50.829512" level="INFO">{'results': [{'gender': 'female', 'name': {'title': 'Mrs', 'first': 'Helene', 'last': 'Eikås'}, 'location': {'street': {'number': 3837, 'name': 'Granstuveien'}, 'city': 'Fagerstrand', 'state': 'Buskerud', 'country': 'Norway', 'postcode': '3126', 'coordinates': {'latitude': '43.8896', 'longitude': '175.4395'}, 'timezone': {'offset': '-6:00', 'description': 'Central Time (US &amp; Canada), Mexico City'}}, 'email': 'helene.eikas@example.com', 'login': {'uuid': '62636422-d1f8-4b97-b212-3f908ca01615', 'username': 'blackduck973', 'password': 'aurora', 'salt': 'e8HTLDnj', 'md5': '18cd50e1c9248c3f1a7264ec24d3de04', 'sha1': '45683774f8372db9a2f6ac2c79397db12053336c', 'sha256': 'f80d5ac62e6af06a8509929ac0282e409a272058fe930c70fcc6da2c19f08ab0'}, 'dob': {'date': '1979-10-18T11:05:17.006Z', 'age': 44}, 'registered': {'date': '2002-09-22T04:27:35.649Z', 'age': 21}, 'phone': '76004035', 'cell': '44854084', 'id': {'name': 'FN', 'value': '18107906262'}, 'picture': {'large': 'https://randomuser.me/api/portraits/women/50.jpg', 'medium': 'https://randomuser.me/api/portraits/med/women/50.jpg', 'thumbnail': 'https://randomuser.me/api/portraits/thumb/women/50.jpg'}, 'nat': 'NO'}], 'info': {'seed': '8b1efd5760ac75f2', 'results': 1, 'page': 1, 'version': '1.4'}}</msg>
<arg>${json_data}</arg>
<doc>Logs the given message with the given level.</doc>
<status status="PASS" start="2024-06-16T03:16:50.829357" elapsed="0.000207"/>
</kw>
<kw name="Should Be Equal As Numbers" owner="BuiltIn">
<arg>${json_data['results'][0]['location']['postcode']}</arg>
<arg>${json_data['results'][0]['location']['postcode']}</arg>
<doc>Fails if objects are unequal after converting them to real numbers.</doc>
<status status="PASS" start="2024-06-16T03:16:50.829860" elapsed="0.000615"/>
</kw>
<kw name="Log" owner="BuiltIn">
<msg time="2024-06-16T03:16:50.830996" level="INFO">3126</msg>
<arg>${json_data['results'][0]['location']['postcode']}</arg>
<doc>Logs the given message with the given level.</doc>
<status status="PASS" start="2024-06-16T03:16:50.830666" elapsed="0.000401"/>
</kw>
<status status="PASS" start="2024-06-16T03:16:50.691498" elapsed="0.139875"/>
</kw>
<doc>Testa se os tipos de dados na resposta da API estão corretos.</doc>
<tag>testeTiposDados</tag>
<status status="PASS" start="2024-06-16T03:16:50.626522" elapsed="0.205008"/>
</test>
<test id="s1-s1-t5" name="Validar conteudo" line="35">
<kw name="Teste de Tipos de Conteudo" owner="random-user-service">
<kw name="GET On Session" owner="RequestsLibrary">
<msg time="2024-06-16T03:16:50.892887" level="INFO">GET Request : url=https://randomuser.me/api 
 path_url=/api 
 headers={'User-Agent': 'python-requests/2.32.3', 'Accept-Encoding': 'gzip, deflate', 'Accept': '*/*', 'Connection': 'keep-alive'} 
 body=None 
 </msg>
<msg time="2024-06-16T03:16:50.892949" level="INFO">GET Response : url=https://randomuser.me/api 
 status=200, reason=OK 
 headers={'Date': 'Sun, 16 Jun 2024 03:16:50 GMT', 'Content-Type': 'application/json; charset=utf-8', 'Transfer-Encoding': 'chunked', 'Connection': 'keep-alive', 'X-Powered-By': 'Express', 'Access-Control-Allow-Origin': '*', 'Cache-Control': 'no-cache', 'ETag': 'W/"476-rZDVspmsvZJIGlxZr4BZP7NEfDM"', 'Vary': 'Accept-Encoding', 'Content-Encoding': 'gzip', 'CF-Cache-Status': 'DYNAMIC', 'Report-To': '{"endpoints":[{"url":"https:\\/\\/a.nel.cloudflare.com\\/report\\/v4?s=wNLiC6l4KrMVj%2B9blnIrsPh9qnsWaM5rBi2TJNWWTdiTsqPKCZWM%2BW0QNVDRexfBksajuNkuGbdZGlTMwZ0H2G7QYwVzWLQZKNyD19j2P908k1DEdEmhJviTe0e3tOPo"}],"group":"cf-nel","max_age":604800}', 'NEL': '{"success_fraction":0,"report_to":"cf-nel","max_age":604800}', 'Server': 'cloudflare', 'CF-RAY': '8947a4b9b8a43919-IAD', 'alt-svc': 'h3=":443"; ma=86400'} 
 body={"results":[{"gender":"female","name":{"title":"Ms","first":"Kaisa","last":"Aske"},"location":{"street":{"number":1298,"name":"Hjalmar Jordans vei"},"city":"Svennevik","state":"Description","country":"Norway","postcode":"3035","coordinates":{"latitude":"40.5178","longitude":"37.4585"},"timezone":{"offset":"+4:30","description":"Kabul"}},"email":"kaisa.aske@example.com","login":{"uuid":"70ca25c3-0837-4f6b-84c9-abd7fdd51be3","username":"organicostrich738","password":"sapphire","salt":"GmD8zSaq","md5":"da9996703393effe954da18b91b93e29","sha1":"9fea614815ceef7052c7ae4a9098913492e4d9c4","sha256":"283d23b297784ec280350058e8b270fe86fe251608209627ebbdba4c0ea76471"},"dob":{"date":"1990-12-16T07:18:41.214Z","age":33},"registered":{"date":"2012-03-27T15:01:59.508Z","age":12},"phone":"88306824","cell":"48272105","id":{"name":"FN","value":"16129027677"},"picture":{"large":"https://randomuser.me/api/portraits/women/91.jpg","medium":"https://randomuser.me/api/portraits/med/women/91.jpg","thumbnail":"https://randomuser.me/api/portraits/thumb/women/91.jpg"},"nat":"NO"}],"info":{"seed":"09f90045c5aba4ad","results":1,"page":1,"version":"1.4"}} 
 </msg>
<msg time="2024-06-16T03:16:50.893001" level="INFO">/opt/hostedtoolcache/Python/3.12.3/x64/lib/python3.12/site-packages/urllib3/connectionpool.py:1103: InsecureRequestWarning: Unverified HTTPS request is being made to host 'randomuser.me'. Adding certificate verification is strongly advised. See: https://urllib3.readthedocs.io/en/latest/advanced-usage.html#tls-warnings
  warnings.warn(</msg>
<msg time="2024-06-16T03:16:50.893103" level="INFO">${response} = &lt;Response [200]&gt;</msg>
<var>${response}</var>
<arg>consultarAPI</arg>
<arg>/api</arg>
<doc>Sends a GET request on a previously created HTTP Session.</doc>
<status status="PASS" start="2024-06-16T03:16:50.833950" elapsed="0.059193"/>
</kw>
<kw name="Set Variable" owner="BuiltIn">
<msg time="2024-06-16T03:16:50.893948" level="INFO">${json_data} = {'results': [{'gender': 'female', 'name': {'title': 'Ms', 'first': 'Kaisa', 'last': 'Aske'}, 'location': {'street': {'number': 1298, 'name': 'Hjalmar Jordans vei'}, 'city': 'Svennevik', 'state': 'Desc...</msg>
<var>${json_data}</var>
<arg>${response.json()}</arg>
<doc>Returns the given values which can then be assigned to a variables.</doc>
<status status="PASS" start="2024-06-16T03:16:50.893514" elapsed="0.000463"/>
</kw>
<kw name="Set Variable" owner="BuiltIn">
<msg time="2024-06-16T03:16:50.894645" level="INFO">${name_title} = Ms</msg>
<var>${name_title}</var>
<arg>${json_data["results"][0]["name"]["title"]}</arg>
<doc>Returns the given values which can then be assigned to a variables.</doc>
<status status="PASS" start="2024-06-16T03:16:50.894275" elapsed="0.000395"/>
</kw>
<kw name="Create List" owner="BuiltIn">
<msg time="2024-06-16T03:16:50.895152" level="INFO">${allowed_titles} = ['Mr', 'Ms', 'Miss', 'Mrs', 'Madame', 'Monsieur']</msg>
<var>${allowed_titles}</var>
<arg>Mr</arg>
<arg>Ms</arg>
<arg>Miss</arg>
<arg>Mrs</arg>
<arg>Madame</arg>
<arg>Monsieur</arg>
<doc>Returns a list containing given items.</doc>
<status status="PASS" start="2024-06-16T03:16:50.894967" elapsed="0.000210"/>
</kw>
<kw name="List Should Contain Value" owner="Collections">
<arg>${allowed_titles}</arg>
<arg>${name_title}</arg>
<doc>Fails if the ``value`` is not found from ``list``.</doc>
<status status="PASS" start="2024-06-16T03:16:50.895480" elapsed="0.000171"/>
</kw>
<kw name="Set Variable" owner="BuiltIn">
<msg time="2024-06-16T03:16:50.896199" level="INFO">${name_country} = NO</msg>
<var>${name_country}</var>
<arg>${json_data["results"][0]["nat"]}</arg>
<doc>Returns the given values which can then be assigned to a variables.</doc>
<status status="PASS" start="2024-06-16T03:16:50.895835" elapsed="0.000388"/>
</kw>
<kw name="Create List" owner="BuiltIn">
<msg time="2024-06-16T03:16:50.897104" level="INFO">${list_country} = ['AD', 'AE', 'AF', 'AG', 'AI', 'AL', 'AM', 'AO', 'AQ', 'AR', 'AS', 'AT', 'AU', 'AW', 'AX', 'AZ', 'BA', 'BB', 'BD', 'BE', 'BF', 'BG', 'BH', 'BI', 'BJ', 'BL', 'BM', 'BN', 'BO', 'BQ', 'BR', 'BS', 'BT', '...</msg>
<var>${list_country}</var>
<arg>AD</arg>
<arg>AE</arg>
<arg>AF</arg>
<arg>AG</arg>
<arg>AI</arg>
<arg>AL</arg>
<arg>AM</arg>
<arg>AO</arg>
<arg>AQ</arg>
<arg>AR</arg>
<arg>AS</arg>
<arg>AT</arg>
<arg>AU</arg>
<arg>AW</arg>
<arg>AX</arg>
<arg>AZ</arg>
<arg>BA</arg>
<arg>BB</arg>
<arg>BD</arg>
<arg>BE</arg>
<arg>BF</arg>
<arg>BG</arg>
<arg>BH</arg>
<arg>BI</arg>
<arg>BJ</arg>
<arg>BL</arg>
<arg>BM</arg>
<arg>BN</arg>
<arg>BO</arg>
<arg>BQ</arg>
<arg>BR</arg>
<arg>BS</arg>
<arg>BT</arg>
<arg>BV</arg>
<arg>BW</arg>
<arg>BY</arg>
<arg>BZ</arg>
<arg>CA</arg>
<arg>CC</arg>
<arg>CD</arg>
<arg>CF</arg>
<arg>CG</arg>
<arg>CH</arg>
<arg>CI</arg>
<arg>CK</arg>
<arg>CL</arg>
<arg>CM</arg>
<arg>CN</arg>
<arg>CO</arg>
<arg>CR</arg>
<arg>CU</arg>
<arg>CV</arg>
<arg>CW</arg>
<arg>CX</arg>
<arg>CY</arg>
<arg>CZ</arg>
<arg>DE</arg>
<arg>DJ</arg>
<arg>DK</arg>
<arg>DM</arg>
<arg>DO</arg>
<arg>DZ</arg>
<arg>EC</arg>
<arg>EE</arg>
<arg>EG</arg>
<arg>EH</arg>
<arg>ER</arg>
<arg>ES</arg>
<arg>ET</arg>
<arg>FI</arg>
<arg>FJ</arg>
<arg>FK</arg>
<arg>FM</arg>
<arg>FO</arg>
<arg>FR</arg>
<arg>GA</arg>
<arg>GB</arg>
<arg>GD</arg>
<arg>GE</arg>
<arg>GF</arg>
<arg>GG</arg>
<arg>GH</arg>
<arg>GI</arg>
<arg>GL</arg>
<arg>GM</arg>
<arg>GN</arg>
<arg>GP</arg>
<arg>GQ</arg>
<arg>GR</arg>
<arg>GS</arg>
<arg>GT</arg>
<arg>GU</arg>
<arg>GW</arg>
<arg>GY</arg>
<arg>HK</arg>
<arg>HM</arg>
<arg>HN</arg>
<arg>HR</arg>
<arg>HT</arg>
<arg>HU</arg>
<arg>ID</arg>
<arg>IE</arg>
<arg>IL</arg>
<arg>IM</arg>
<arg>IN</arg>
<arg>IO</arg>
<arg>IQ</arg>
<arg>IR</arg>
<arg>IS</arg>
<arg>IT</arg>
<arg>JE</arg>
<arg>JM</arg>
<arg>JO</arg>
<arg>JP</arg>
<arg>KE</arg>
<arg>KG</arg>
<arg>KH</arg>
<arg>KI</arg>
<arg>KM</arg>
<arg>KN</arg>
<arg>KP</arg>
<arg>KR</arg>
<arg>KW</arg>
<arg>KY</arg>
<arg>KZ</arg>
<arg>LA</arg>
<arg>LB</arg>
<arg>LC</arg>
<arg>LI</arg>
<arg>LK</arg>
<arg>LR</arg>
<arg>LS</arg>
<arg>LT</arg>
<arg>LU</arg>
<arg>LV</arg>
<arg>LY</arg>
<arg>MA</arg>
<arg>MC</arg>
<arg>MD</arg>
<arg>ME</arg>
<arg>MF</arg>
<arg>MG</arg>
<arg>MH</arg>
<arg>MK</arg>
<arg>ML</arg>
<arg>MM</arg>
<arg>MN</arg>
<arg>MO</arg>
<arg>MP</arg>
<arg>MQ</arg>
<arg>MR</arg>
<arg>MS</arg>
<arg>MT</arg>
<arg>MU</arg>
<arg>MV</arg>
<arg>MW</arg>
<arg>MX</arg>
<arg>MY</arg>
<arg>MZ</arg>
<arg>NA</arg>
<arg>NC</arg>
<arg>NE</arg>
<arg>NF</arg>
<arg>NG</arg>
<arg>NI</arg>
<arg>NL</arg>
<arg>NO</arg>
<arg>NP</arg>
<arg>NR</arg>
<arg>NU</arg>
<arg>NZ</arg>
<arg>OM</arg>
<arg>PA</arg>
<arg>PE</arg>
<arg>PF</arg>
<arg>PG</arg>
<arg>PH</arg>
<arg>PK</arg>
<arg>PL</arg>
<arg>PM</arg>
<arg>PN</arg>
<arg>PR</arg>
<arg>PS</arg>
<arg>PT</arg>
<arg>PW</arg>
<arg>PY</arg>
<arg>QA</arg>
<arg>RE</arg>
<arg>RO</arg>
<arg>RS</arg>
<arg>RU</arg>
<arg>RW</arg>
<arg>SA</arg>
<arg>SB</arg>
<arg>SC</arg>
<arg>SD</arg>
<arg>SE</arg>
<arg>SG</arg>
<arg>SH</arg>
<arg>SI</arg>
<arg>SJ</arg>
<arg>SK</arg>
<arg>SL</arg>
<arg>SM</arg>
<arg>SN</arg>
<arg>SO</arg>
<arg>SR</arg>
<arg>SS</arg>
<arg>ST</arg>
<arg>SV</arg>
<arg>SX</arg>
<arg>SY</arg>
<arg>SZ</arg>
<arg>TC</arg>
<arg>TD</arg>
<arg>TF</arg>
<arg>TG</arg>
<arg>TH</arg>
<arg>TJ</arg>
<arg>TK</arg>
<arg>TL</arg>
<arg>TM</arg>
<arg>TN</arg>
<arg>TO</arg>
<arg>TR</arg>
<arg>TT</arg>
<arg>TV</arg>
<arg>TW</arg>
<arg>TZ</arg>
<arg>UA</arg>
<arg>UG</arg>
<arg>UM</arg>
<arg>US</arg>
<arg>UY</arg>
<arg>UZ</arg>
<arg>VA</arg>
<arg>VC</arg>
<arg>VE</arg>
<arg>VG</arg>
<arg>VI</arg>
<arg>VN</arg>
<arg>VU</arg>
<arg>WF</arg>
<arg>WS</arg>
<arg>XK</arg>
<arg>YE</arg>
<arg>YT</arg>
<arg>ZA</arg>
<arg>ZM</arg>
<arg>ZW</arg>
<doc>Returns a list containing given items.</doc>
<status status="PASS" start="2024-06-16T03:16:50.896514" elapsed="0.000615"/>
</kw>
<kw name="List Should Contain Value" owner="Collections">
<arg>${list_country}</arg>
<arg>${name_country}</arg>
<doc>Fails if the ``value`` is not found from ``list``.</doc>
<status status="PASS" start="2024-06-16T03:16:50.897915" elapsed="0.000205"/>
</kw>
<kw name="Run Keyword If" owner="BuiltIn">
<kw name="Should Be True" owner="BuiltIn">
<arg>${True}</arg>
<doc>Fails if the given condition is not true.</doc>
<status status="PASS" start="2024-06-16T03:16:50.899166" elapsed="0.000143"/>
</kw>
<arg>${json_data["results"][0]["location"]["coordinates"]["latitude"]} &gt;= -90 and ${json_data["results"][0]["location"]["coordinates"]["latitude"]} &lt;= 90</arg>
<arg>Should Be True</arg>
<arg>${True}</arg>
<doc>Runs the given keyword with the given arguments, if ``condition`` is true.</doc>
<status status="PASS" start="2024-06-16T03:16:50.898317" elapsed="0.001117"/>
</kw>
<kw name="Run Keyword If" owner="BuiltIn">
<kw name="Should Be True" owner="BuiltIn">
<arg>${True}</arg>
<doc>Fails if the given condition is not true.</doc>
<status status="PASS" start="2024-06-16T03:16:50.900292" elapsed="0.000135"/>
</kw>
<arg>${json_data["results"][0]["location"]["coordinates"]["longitude"]} &gt;= -180 and ${json_data["results"][0]["location"]["coordinates"]["longitude"]} &lt;= 180</arg>
<arg>Should Be True</arg>
<arg>${True}</arg>
<doc>Runs the given keyword with the given arguments, if ``condition`` is true.</doc>
<status status="PASS" start="2024-06-16T03:16:50.899615" elapsed="0.000933"/>
</kw>
<status status="PASS" start="2024-06-16T03:16:50.833735" elapsed="0.066937"/>
</kw>
<doc>Testa o conteúdo específico dos campos retornados pela API.</doc>
<tag>testeConteudo</tag>
<status status="PASS" start="2024-06-16T03:16:50.833241" elapsed="0.067573"/>
</test>
<status status="PASS" start="2024-06-16T03:16:49.979697" elapsed="0.922961"/>
</suite>
<status status="PASS" start="2024-06-16T03:16:49.966355" elapsed="0.941237"/>
</suite>
<statistics>
<total>
<stat pass="5" fail="0" skip="0">All Tests</stat>
</total>
<tag>
<stat pass="1" fail="0" skip="0">testeConteudo</stat>
<stat pass="1" fail="0" skip="0">testeEstruturaResposta</stat>
<stat pass="1" fail="0" skip="0">testeRequisicaoBasica</stat>
<stat pass="1" fail="0" skip="0">testeTiposDados</stat>
</tag>
<suite>
<stat pass="5" fail="0" skip="0" id="s1" name="Tests">Tests</stat>
<stat pass="5" fail="0" skip="0" id="s1-s1" name="Random-User-Test">Tests.Random-User-Test</stat>
</suite>
</statistics>
<errors>
</errors>
</robot>
