<?xml version="1.0" encoding="UTF-8"?>
<robot generator="Robot 7.0.1 (Python 3.12.4 on linux)" generated="2024-07-26T07:14:10.987366" rpa="false" schemaversion="5">
<suite id="s1" name="Tests" source="/home/runner/work/ApiRandomUser/ApiRandomUser/RamdonUser/tests">
<suite id="s1-s1" name="Random-User-Test" source="/home/runner/work/ApiRandomUser/ApiRandomUser/RamdonUser/tests/random-user-test.robot">
<test id="s1-s1-t1" name="Conectar" line="13">
<kw name="Conectar API" owner="random-user-service">
<kw name="Create Session" owner="RequestsLibrary">
<msg time="2024-07-26T07:14:11.382098" level="INFO">Creating Session using : alias=consultarAPI, url=https://randomuser.me/, headers={},                     cookies={}, auth=None, timeout=None, proxies=None, verify=False,                     debug=0 </msg>
<arg>consultarAPI</arg>
<arg>${URL}</arg>
<doc>Create Session: create a HTTP session to a server</doc>
<status status="PASS" start="2024-07-26T07:14:11.381925" elapsed="0.000333"/>
</kw>
<status status="PASS" start="2024-07-26T07:14:11.381032" elapsed="0.001539"/>
</kw>
<status status="PASS" start="2024-07-26T07:14:11.380558" elapsed="0.002192"/>
</test>
<test id="s1-s1-t2" name="Validar retorno 200 e JSON Válido" line="16">
<kw name="Teste de Requisicao Basica" owner="random-user-service">
<kw name="GET On Session" owner="RequestsLibrary">
<msg time="2024-07-26T07:14:11.619584" level="INFO">GET Request : url=https://randomuser.me/api 
 path_url=/api 
 headers={'User-Agent': 'python-requests/2.32.3', 'Accept-Encoding': 'gzip, deflate', 'Accept': '*/*', 'Connection': 'keep-alive'} 
 body=None 
 </msg>
<msg time="2024-07-26T07:14:11.619736" level="INFO">GET Response : url=https://randomuser.me/api 
 status=200, reason=OK 
 headers={'Date': 'Fri, 26 Jul 2024 07:14:11 GMT', 'Content-Type': 'application/json; charset=utf-8', 'Transfer-Encoding': 'chunked', 'Connection': 'keep-alive', 'X-Powered-By': 'Express', 'Access-Control-Allow-Origin': '*', 'Cache-Control': 'no-cache', 'ETag': 'W/"48a-QJRpOjsqN9rbNUptJjtHYtASvg4"', 'Vary': 'Accept-Encoding', 'Content-Encoding': 'gzip', 'CF-Cache-Status': 'DYNAMIC', 'Report-To': '{"endpoints":[{"url":"https:\\/\\/a.nel.cloudflare.com\\/report\\/v4?s=u3TSSBpkMR%2Bn0BIFadBnRDTpfYA7kb9gIYw0x9pYucUv1hv%2BcHTl9qlvh%2BNGrh1jKtvRbKquBbD77OpNzLy485qtGw6iWl2Bc7wkz%2FLBPf%2FuNA8GsMbfIXoT9Fj4owLT"}],"group":"cf-nel","max_age":604800}', 'NEL': '{"success_fraction":0,"report_to":"cf-nel","max_age":604800}', 'Server': 'cloudflare', 'CF-RAY': '8a9297664ca16fc8-IAD', 'alt-svc': 'h3=":443"; ma=86400'} 
 body={"results":[{"gender":"male","name":{"title":"Mr","first":"رهام","last":"علیزاده"},"location":{"street":{"number":2398,"name":"دستغیب"},"city":"خمینی‌شهر","state":"خراسان جنوبی","country":"Iran","postcode":70945,"coordinates":{"latitude":"18.4063","longitude":"-26.2645"},"timezone":{"offset":"-3:30","description":"Newfoundland"}},"email":"rhm.aalyzdh@example.com","login":{"uuid":"6753454a-e468-4e12-9a4c-4c18f12d02ce","username":"crazypeacock329","password":"payday","salt":"3rxI4fkg","md5":"0312c29776f1f722f9d9feea67169ce7","sha1":"bd838e015b0f07a868fd6b0b9896cec149c00444","sha256":"e409934054f6ad75b976aad7159606358ccc40bd9f959ff8cb962d9334c43595"},"dob":{"date":"1989-12-03T13:29:35.402Z","age":34},"registered":{"date":"2004-04-29T16:24:49.331Z","age":20},"phone":"090-18018860","cell":"0989-039-0803","id":{"name":"","value":null},"picture":{"large":"https://randomuser.me/api/portraits/men/51.jpg","medium":"https://randomuser.me/api/portraits/med/men/51.jpg","thumbnail":"https://randomuser.me/api/portraits/thumb/men/51.jpg"},"nat":"IR"}],"info":{"seed":"28c8e1777e87e236","results":1,"page":1,"version":"1.4"}} 
 </msg>
<msg time="2024-07-26T07:14:11.619867" level="INFO">/opt/hostedtoolcache/Python/3.12.4/x64/lib/python3.12/site-packages/urllib3/connectionpool.py:1099: InsecureRequestWarning: Unverified HTTPS request is being made to host 'randomuser.me'. Adding certificate verification is strongly advised. See: https://urllib3.readthedocs.io/en/latest/advanced-usage.html#tls-warnings
  warnings.warn(</msg>
<msg time="2024-07-26T07:14:11.620046" level="INFO">${response} = &lt;Response [200]&gt;</msg>
<var>${response}</var>
<arg>consultarAPI</arg>
<arg>/api</arg>
<doc>Sends a GET request on a previously created HTTP Session.</doc>
<status status="PASS" start="2024-07-26T07:14:11.385208" elapsed="0.234893"/>
</kw>
<kw name="Should Be Equal As Numbers" owner="BuiltIn">
<msg time="2024-07-26T07:14:11.620950" level="INFO">Argument types are:
&lt;class 'int'&gt;
&lt;class 'str'&gt;</msg>
<arg>${response.status_code}</arg>
<arg>200</arg>
<doc>Fails if objects are unequal after converting them to real numbers.</doc>
<status status="PASS" start="2024-07-26T07:14:11.620543" elapsed="0.000469"/>
</kw>
<kw name="Log" owner="BuiltIn">
<msg time="2024-07-26T07:14:11.621641" level="INFO">200</msg>
<arg>${response.status_code}</arg>
<doc>Logs the given message with the given level.</doc>
<status status="PASS" start="2024-07-26T07:14:11.621315" elapsed="0.000365"/>
</kw>
<kw name="Set Variable" owner="BuiltIn">
<msg time="2024-07-26T07:14:11.622368" level="INFO">${json_data} = {'results': [{'gender': 'male', 'name': {'title': 'Mr', 'first': 'رهام', 'last': 'علیزاده'}, 'location': {'street': {'number': 2398, 'name': 'دستغیب'}, 'city': 'خمینی\u200cشهر', 'state': 'خراسان جنوبی...</msg>
<var>${json_data}</var>
<arg>${response.json()}</arg>
<doc>Returns the given values which can then be assigned to a variables.</doc>
<status status="PASS" start="2024-07-26T07:14:11.621960" elapsed="0.000435"/>
</kw>
<kw name="Dictionary Should Contain Key" owner="Collections">
<arg>${json_data}</arg>
<arg>results</arg>
<doc>Fails if ``key`` is not found from ``dictionary``.</doc>
<status status="PASS" start="2024-07-26T07:14:11.622681" elapsed="0.000275"/>
</kw>
<status status="PASS" start="2024-07-26T07:14:11.384966" elapsed="0.238127"/>
</kw>
<doc>Testa se a API responde corretamente e retorna um objeto JSON válido.</doc>
<tag>testeRequisicaoBasica</tag>
<status status="PASS" start="2024-07-26T07:14:11.384473" elapsed="0.238775"/>
</test>
<test id="s1-s1-t3" name="Validar estrutura de resposta" line="22">
<kw name="Teste de Estrutura de Resposta" owner="random-user-service">
<kw name="GET On Session" owner="RequestsLibrary">
<msg time="2024-07-26T07:14:11.695279" level="INFO">GET Request : url=https://randomuser.me/api 
 path_url=/api 
 headers={'User-Agent': 'python-requests/2.32.3', 'Accept-Encoding': 'gzip, deflate', 'Accept': '*/*', 'Connection': 'keep-alive'} 
 body=None 
 </msg>
<msg time="2024-07-26T07:14:11.695343" level="INFO">GET Response : url=https://randomuser.me/api 
 status=200, reason=OK 
 headers={'Date': 'Fri, 26 Jul 2024 07:14:11 GMT', 'Content-Type': 'application/json; charset=utf-8', 'Transfer-Encoding': 'chunked', 'Connection': 'keep-alive', 'X-Powered-By': 'Express', 'Access-Control-Allow-Origin': '*', 'Cache-Control': 'no-cache', 'ETag': 'W/"4a1-1fRNRFDHImY6kYx08dHAUop4dl4"', 'Vary': 'Accept-Encoding', 'Content-Encoding': 'gzip', 'CF-Cache-Status': 'DYNAMIC', 'Report-To': '{"endpoints":[{"url":"https:\\/\\/a.nel.cloudflare.com\\/report\\/v4?s=5O%2Ff6h5IuSpvXQ5Vf%2BJIGeEblmg9RulySJCva59p%2BemqmAK4kN0tQDtry6gIG6ekf4KQRwfEH6J55YcKQ0hVgXP7k6b42HSj2wTT2YmgLeELTJZFG5GpOERuv1iyDcPy"}],"group":"cf-nel","max_age":604800}', 'NEL': '{"success_fraction":0,"report_to":"cf-nel","max_age":604800}', 'Server': 'cloudflare', 'CF-RAY': '8a929766acc56fc8-IAD', 'alt-svc': 'h3=":443"; ma=86400'} 
 body={"results":[{"gender":"female","name":{"title":"Miss","first":"Lillie","last":"Lane"},"location":{"street":{"number":2113,"name":"Westheimer Rd"},"city":"Bellevue","state":"Alaska","country":"United States","postcode":70762,"coordinates":{"latitude":"89.7805","longitude":"27.3112"},"timezone":{"offset":"-6:00","description":"Central Time (US &amp; Canada), Mexico City"}},"email":"lillie.lane@example.com","login":{"uuid":"98533f10-a846-4309-a8d0-2c47b99bca5e","username":"beautifulcat783","password":"spongebo","salt":"FqAmcMyI","md5":"0207cf091b8c03063f6919c0d7c7cd2b","sha1":"223f63fbeb6169e327fe5624e409729e64d8cc62","sha256":"6033c68ef62ff3e408459c7acd68cd94b62865cced92c8648a9bdb7dfdf331c8"},"dob":{"date":"1961-10-11T15:35:59.595Z","age":62},"registered":{"date":"2011-10-05T18:15:53.541Z","age":12},"phone":"(657) 863-9567","cell":"(259) 570-0327","id":{"name":"SSN","value":"753-63-9294"},"picture":{"large":"https://randomuser.me/api/portraits/women/69.jpg","medium":"https://randomuser.me/api/portraits/med/women/69.jpg","thumbnail":"https://randomuser.me/api/portraits/thumb/women/69.jpg"},"nat":"US"}],"info":{"seed":"1be8ed3b98c60341","results":1,"page":1,"version":"1.4"}} 
 </msg>
<msg time="2024-07-26T07:14:11.695436" level="INFO">/opt/hostedtoolcache/Python/3.12.4/x64/lib/python3.12/site-packages/urllib3/connectionpool.py:1099: InsecureRequestWarning: Unverified HTTPS request is being made to host 'randomuser.me'. Adding certificate verification is strongly advised. See: https://urllib3.readthedocs.io/en/latest/advanced-usage.html#tls-warnings
  warnings.warn(</msg>
<msg time="2024-07-26T07:14:11.695530" level="INFO">${response} = &lt;Response [200]&gt;</msg>
<var>${response}</var>
<arg>consultarAPI</arg>
<arg>/api</arg>
<doc>Sends a GET request on a previously created HTTP Session.</doc>
<status status="PASS" start="2024-07-26T07:14:11.625620" elapsed="0.069951"/>
</kw>
<kw name="Set Variable" owner="BuiltIn">
<msg time="2024-07-26T07:14:11.696452" level="INFO">${json_data} = {'results': [{'gender': 'female', 'name': {'title': 'Miss', 'first': 'Lillie', 'last': 'Lane'}, 'location': {'street': {'number': 2113, 'name': 'Westheimer Rd'}, 'city': 'Bellevue', 'state': 'Alaska',...</msg>
<var>${json_data}</var>
<arg>${response.json()}</arg>
<doc>Returns the given values which can then be assigned to a variables.</doc>
<status status="PASS" start="2024-07-26T07:14:11.696018" elapsed="0.000461"/>
</kw>
<kw name="Log" owner="BuiltIn">
<msg time="2024-07-26T07:14:11.696930" level="INFO">{'results': [{'gender': 'female', 'name': {'title': 'Miss', 'first': 'Lillie', 'last': 'Lane'}, 'location': {'street': {'number': 2113, 'name': 'Westheimer Rd'}, 'city': 'Bellevue', 'state': 'Alaska', 'country': 'United States', 'postcode': 70762, 'coordinates': {'latitude': '89.7805', 'longitude': '27.3112'}, 'timezone': {'offset': '-6:00', 'description': 'Central Time (US &amp; Canada), Mexico City'}}, 'email': 'lillie.lane@example.com', 'login': {'uuid': '98533f10-a846-4309-a8d0-2c47b99bca5e', 'username': 'beautifulcat783', 'password': 'spongebo', 'salt': 'FqAmcMyI', 'md5': '0207cf091b8c03063f6919c0d7c7cd2b', 'sha1': '223f63fbeb6169e327fe5624e409729e64d8cc62', 'sha256': '6033c68ef62ff3e408459c7acd68cd94b62865cced92c8648a9bdb7dfdf331c8'}, 'dob': {'date': '1961-10-11T15:35:59.595Z', 'age': 62}, 'registered': {'date': '2011-10-05T18:15:53.541Z', 'age': 12}, 'phone': '(657) 863-9567', 'cell': '(259) 570-0327', 'id': {'name': 'SSN', 'value': '753-63-9294'}, 'picture': {'large': 'https://randomuser.me/api/portraits/women/69.jpg', 'medium': 'https://randomuser.me/api/portraits/med/women/69.jpg', 'thumbnail': 'https://randomuser.me/api/portraits/thumb/women/69.jpg'}, 'nat': 'US'}], 'info': {'seed': '1be8ed3b98c60341', 'results': 1, 'page': 1, 'version': '1.4'}}</msg>
<arg>${json_data}</arg>
<doc>Logs the given message with the given level.</doc>
<status status="PASS" start="2024-07-26T07:14:11.696774" elapsed="0.000205"/>
</kw>
<kw name="Dictionary Should Contain Key" owner="Collections">
<arg>${json_data}</arg>
<arg>results</arg>
<doc>Fails if ``key`` is not found from ``dictionary``.</doc>
<status status="PASS" start="2024-07-26T07:14:11.697262" elapsed="0.000153"/>
</kw>
<kw name="Should Not Be Empty" owner="BuiltIn">
<msg time="2024-07-26T07:14:11.697716" level="INFO">Length is 2.</msg>
<arg>${json_data}</arg>
<doc>Verifies that the given item is not empty.</doc>
<status status="PASS" start="2024-07-26T07:14:11.697595" elapsed="0.000164"/>
</kw>
<kw name="Create List" owner="BuiltIn">
<msg time="2024-07-26T07:14:11.698187" level="INFO">${expected_keys} = ['gender', 'name', 'location', 'email', 'login']</msg>
<var>${expected_keys}</var>
<arg>gender</arg>
<arg>name</arg>
<arg>location</arg>
<arg>email</arg>
<arg>login</arg>
<doc>Returns a list containing given items.</doc>
<status status="PASS" start="2024-07-26T07:14:11.698039" elapsed="0.000172"/>
</kw>
<for flavor="IN">
<iter>
<kw name="Dictionary Should Contain Key" owner="Collections">
<arg>${json_data['results'][0]}</arg>
<arg>${key}</arg>
<doc>Fails if ``key`` is not found from ``dictionary``.</doc>
<status status="PASS" start="2024-07-26T07:14:11.698764" elapsed="0.000391"/>
</kw>
<kw name="Log" owner="BuiltIn">
<msg time="2024-07-26T07:14:11.699685" level="INFO">{'gender': 'female', 'name': {'title': 'Miss', 'first': 'Lillie', 'last': 'Lane'}, 'location': {'street': {'number': 2113, 'name': 'Westheimer Rd'}, 'city': 'Bellevue', 'state': 'Alaska', 'country': 'United States', 'postcode': 70762, 'coordinates': {'latitude': '89.7805', 'longitude': '27.3112'}, 'timezone': {'offset': '-6:00', 'description': 'Central Time (US &amp; Canada), Mexico City'}}, 'email': 'lillie.lane@example.com', 'login': {'uuid': '98533f10-a846-4309-a8d0-2c47b99bca5e', 'username': 'beautifulcat783', 'password': 'spongebo', 'salt': 'FqAmcMyI', 'md5': '0207cf091b8c03063f6919c0d7c7cd2b', 'sha1': '223f63fbeb6169e327fe5624e409729e64d8cc62', 'sha256': '6033c68ef62ff3e408459c7acd68cd94b62865cced92c8648a9bdb7dfdf331c8'}, 'dob': {'date': '1961-10-11T15:35:59.595Z', 'age': 62}, 'registered': {'date': '2011-10-05T18:15:53.541Z', 'age': 12}, 'phone': '(657) 863-9567', 'cell': '(259) 570-0327', 'id': {'name': 'SSN', 'value': '753-63-9294'}, 'picture': {'large': 'https://randomuser.me/api/portraits/women/69.jpg', 'medium': 'https://randomuser.me/api/portraits/med/women/69.jpg', 'thumbnail': 'https://randomuser.me/api/portraits/thumb/women/69.jpg'}, 'nat': 'US'}</msg>
<arg>${json_data['results'][0]}</arg>
<doc>Logs the given message with the given level.</doc>
<status status="PASS" start="2024-07-26T07:14:11.699338" elapsed="0.000395"/>
</kw>
<kw name="Log" owner="BuiltIn">
<msg time="2024-07-26T07:14:11.700188" level="INFO">gender</msg>
<arg>${key}</arg>
<doc>Logs the given message with the given level.</doc>
<status status="PASS" start="2024-07-26T07:14:11.700058" elapsed="0.000166"/>
</kw>
<var name="${key}">gender</var>
<status status="PASS" start="2024-07-26T07:14:11.698641" elapsed="0.001797"/>
</iter>
<iter>
<kw name="Dictionary Should Contain Key" owner="Collections">
<arg>${json_data['results'][0]}</arg>
<arg>${key}</arg>
<doc>Fails if ``key`` is not found from ``dictionary``.</doc>
<status status="PASS" start="2024-07-26T07:14:11.700729" elapsed="0.000381"/>
</kw>
<kw name="Log" owner="BuiltIn">
<msg time="2024-07-26T07:14:11.701681" level="INFO">{'gender': 'female', 'name': {'title': 'Miss', 'first': 'Lillie', 'last': 'Lane'}, 'location': {'street': {'number': 2113, 'name': 'Westheimer Rd'}, 'city': 'Bellevue', 'state': 'Alaska', 'country': 'United States', 'postcode': 70762, 'coordinates': {'latitude': '89.7805', 'longitude': '27.3112'}, 'timezone': {'offset': '-6:00', 'description': 'Central Time (US &amp; Canada), Mexico City'}}, 'email': 'lillie.lane@example.com', 'login': {'uuid': '98533f10-a846-4309-a8d0-2c47b99bca5e', 'username': 'beautifulcat783', 'password': 'spongebo', 'salt': 'FqAmcMyI', 'md5': '0207cf091b8c03063f6919c0d7c7cd2b', 'sha1': '223f63fbeb6169e327fe5624e409729e64d8cc62', 'sha256': '6033c68ef62ff3e408459c7acd68cd94b62865cced92c8648a9bdb7dfdf331c8'}, 'dob': {'date': '1961-10-11T15:35:59.595Z', 'age': 62}, 'registered': {'date': '2011-10-05T18:15:53.541Z', 'age': 12}, 'phone': '(657) 863-9567', 'cell': '(259) 570-0327', 'id': {'name': 'SSN', 'value': '753-63-9294'}, 'picture': {'large': 'https://randomuser.me/api/portraits/women/69.jpg', 'medium': 'https://randomuser.me/api/portraits/med/women/69.jpg', 'thumbnail': 'https://randomuser.me/api/portraits/thumb/women/69.jpg'}, 'nat': 'US'}</msg>
<arg>${json_data['results'][0]}</arg>
<doc>Logs the given message with the given level.</doc>
<status status="PASS" start="2024-07-26T07:14:11.701290" elapsed="0.000440"/>
</kw>
<kw name="Log" owner="BuiltIn">
<msg time="2024-07-26T07:14:11.702149" level="INFO">name</msg>
<arg>${key}</arg>
<doc>Logs the given message with the given level.</doc>
<status status="PASS" start="2024-07-26T07:14:11.702023" elapsed="0.000163"/>
</kw>
<var name="${key}">name</var>
<status status="PASS" start="2024-07-26T07:14:11.700620" elapsed="0.001777"/>
</iter>
<iter>
<kw name="Dictionary Should Contain Key" owner="Collections">
<arg>${json_data['results'][0]}</arg>
<arg>${key}</arg>
<doc>Fails if ``key`` is not found from ``dictionary``.</doc>
<status status="PASS" start="2024-07-26T07:14:11.702678" elapsed="0.000371"/>
</kw>
<kw name="Log" owner="BuiltIn">
<msg time="2024-07-26T07:14:11.703579" level="INFO">{'gender': 'female', 'name': {'title': 'Miss', 'first': 'Lillie', 'last': 'Lane'}, 'location': {'street': {'number': 2113, 'name': 'Westheimer Rd'}, 'city': 'Bellevue', 'state': 'Alaska', 'country': 'United States', 'postcode': 70762, 'coordinates': {'latitude': '89.7805', 'longitude': '27.3112'}, 'timezone': {'offset': '-6:00', 'description': 'Central Time (US &amp; Canada), Mexico City'}}, 'email': 'lillie.lane@example.com', 'login': {'uuid': '98533f10-a846-4309-a8d0-2c47b99bca5e', 'username': 'beautifulcat783', 'password': 'spongebo', 'salt': 'FqAmcMyI', 'md5': '0207cf091b8c03063f6919c0d7c7cd2b', 'sha1': '223f63fbeb6169e327fe5624e409729e64d8cc62', 'sha256': '6033c68ef62ff3e408459c7acd68cd94b62865cced92c8648a9bdb7dfdf331c8'}, 'dob': {'date': '1961-10-11T15:35:59.595Z', 'age': 62}, 'registered': {'date': '2011-10-05T18:15:53.541Z', 'age': 12}, 'phone': '(657) 863-9567', 'cell': '(259) 570-0327', 'id': {'name': 'SSN', 'value': '753-63-9294'}, 'picture': {'large': 'https://randomuser.me/api/portraits/women/69.jpg', 'medium': 'https://randomuser.me/api/portraits/med/women/69.jpg', 'thumbnail': 'https://randomuser.me/api/portraits/thumb/women/69.jpg'}, 'nat': 'US'}</msg>
<arg>${json_data['results'][0]}</arg>
<doc>Logs the given message with the given level.</doc>
<status status="PASS" start="2024-07-26T07:14:11.703233" elapsed="0.000393"/>
</kw>
<kw name="Log" owner="BuiltIn">
<msg time="2024-07-26T07:14:11.704077" level="INFO">location</msg>
<arg>${key}</arg>
<doc>Logs the given message with the given level.</doc>
<status status="PASS" start="2024-07-26T07:14:11.703948" elapsed="0.000166"/>
</kw>
<var name="${key}">location</var>
<status status="PASS" start="2024-07-26T07:14:11.702572" elapsed="0.001755"/>
</iter>
<iter>
<kw name="Dictionary Should Contain Key" owner="Collections">
<arg>${json_data['results'][0]}</arg>
<arg>${key}</arg>
<doc>Fails if ``key`` is not found from ``dictionary``.</doc>
<status status="PASS" start="2024-07-26T07:14:11.704604" elapsed="0.000379"/>
</kw>
<kw name="Log" owner="BuiltIn">
<msg time="2024-07-26T07:14:11.705622" level="INFO">{'gender': 'female', 'name': {'title': 'Miss', 'first': 'Lillie', 'last': 'Lane'}, 'location': {'street': {'number': 2113, 'name': 'Westheimer Rd'}, 'city': 'Bellevue', 'state': 'Alaska', 'country': 'United States', 'postcode': 70762, 'coordinates': {'latitude': '89.7805', 'longitude': '27.3112'}, 'timezone': {'offset': '-6:00', 'description': 'Central Time (US &amp; Canada), Mexico City'}}, 'email': 'lillie.lane@example.com', 'login': {'uuid': '98533f10-a846-4309-a8d0-2c47b99bca5e', 'username': 'beautifulcat783', 'password': 'spongebo', 'salt': 'FqAmcMyI', 'md5': '0207cf091b8c03063f6919c0d7c7cd2b', 'sha1': '223f63fbeb6169e327fe5624e409729e64d8cc62', 'sha256': '6033c68ef62ff3e408459c7acd68cd94b62865cced92c8648a9bdb7dfdf331c8'}, 'dob': {'date': '1961-10-11T15:35:59.595Z', 'age': 62}, 'registered': {'date': '2011-10-05T18:15:53.541Z', 'age': 12}, 'phone': '(657) 863-9567', 'cell': '(259) 570-0327', 'id': {'name': 'SSN', 'value': '753-63-9294'}, 'picture': {'large': 'https://randomuser.me/api/portraits/women/69.jpg', 'medium': 'https://randomuser.me/api/portraits/med/women/69.jpg', 'thumbnail': 'https://randomuser.me/api/portraits/thumb/women/69.jpg'}, 'nat': 'US'}</msg>
<arg>${json_data['results'][0]}</arg>
<doc>Logs the given message with the given level.</doc>
<status status="PASS" start="2024-07-26T07:14:11.705274" elapsed="0.000395"/>
</kw>
<kw name="Log" owner="BuiltIn">
<msg time="2024-07-26T07:14:11.706085" level="INFO">email</msg>
<arg>${key}</arg>
<doc>Logs the given message with the given level.</doc>
<status status="PASS" start="2024-07-26T07:14:11.705958" elapsed="0.000165"/>
</kw>
<var name="${key}">email</var>
<status status="PASS" start="2024-07-26T07:14:11.704497" elapsed="0.001837"/>
</iter>
<iter>
<kw name="Dictionary Should Contain Key" owner="Collections">
<arg>${json_data['results'][0]}</arg>
<arg>${key}</arg>
<doc>Fails if ``key`` is not found from ``dictionary``.</doc>
<status status="PASS" start="2024-07-26T07:14:11.706610" elapsed="0.000369"/>
</kw>
<kw name="Log" owner="BuiltIn">
<msg time="2024-07-26T07:14:11.707499" level="INFO">{'gender': 'female', 'name': {'title': 'Miss', 'first': 'Lillie', 'last': 'Lane'}, 'location': {'street': {'number': 2113, 'name': 'Westheimer Rd'}, 'city': 'Bellevue', 'state': 'Alaska', 'country': 'United States', 'postcode': 70762, 'coordinates': {'latitude': '89.7805', 'longitude': '27.3112'}, 'timezone': {'offset': '-6:00', 'description': 'Central Time (US &amp; Canada), Mexico City'}}, 'email': 'lillie.lane@example.com', 'login': {'uuid': '98533f10-a846-4309-a8d0-2c47b99bca5e', 'username': 'beautifulcat783', 'password': 'spongebo', 'salt': 'FqAmcMyI', 'md5': '0207cf091b8c03063f6919c0d7c7cd2b', 'sha1': '223f63fbeb6169e327fe5624e409729e64d8cc62', 'sha256': '6033c68ef62ff3e408459c7acd68cd94b62865cced92c8648a9bdb7dfdf331c8'}, 'dob': {'date': '1961-10-11T15:35:59.595Z', 'age': 62}, 'registered': {'date': '2011-10-05T18:15:53.541Z', 'age': 12}, 'phone': '(657) 863-9567', 'cell': '(259) 570-0327', 'id': {'name': 'SSN', 'value': '753-63-9294'}, 'picture': {'large': 'https://randomuser.me/api/portraits/women/69.jpg', 'medium': 'https://randomuser.me/api/portraits/med/women/69.jpg', 'thumbnail': 'https://randomuser.me/api/portraits/thumb/women/69.jpg'}, 'nat': 'US'}</msg>
<arg>${json_data['results'][0]}</arg>
<doc>Logs the given message with the given level.</doc>
<status status="PASS" start="2024-07-26T07:14:11.707159" elapsed="0.000388"/>
</kw>
<kw name="Log" owner="BuiltIn">
<msg time="2024-07-26T07:14:11.707990" level="INFO">login</msg>
<arg>${key}</arg>
<doc>Logs the given message with the given level.</doc>
<status status="PASS" start="2024-07-26T07:14:11.707860" elapsed="0.000167"/>
</kw>
<var name="${key}">login</var>
<status status="PASS" start="2024-07-26T07:14:11.706503" elapsed="0.001738"/>
</iter>
<var>${key}</var>
<value>@{expected_keys}</value>
<status status="PASS" start="2024-07-26T07:14:11.698464" elapsed="0.009897"/>
</for>
<kw name="Create List" owner="BuiltIn">
<msg time="2024-07-26T07:14:11.708712" level="INFO">${expected_keysTwo} = ['username', 'password']</msg>
<var>${expected_keysTwo}</var>
<arg>username</arg>
<arg>password</arg>
<doc>Returns a list containing given items.</doc>
<status status="PASS" start="2024-07-26T07:14:11.708576" elapsed="0.000161"/>
</kw>
<for flavor="IN">
<iter>
<kw name="Dictionary Should Contain Key" owner="Collections">
<arg>${json_data['results'][0]['login']}</arg>
<arg>${keyTwo}</arg>
<doc>Fails if ``key`` is not found from ``dictionary``.</doc>
<status status="PASS" start="2024-07-26T07:14:11.709227" elapsed="0.000374"/>
</kw>
<kw name="Dictionary Should Contain Key" owner="Collections">
<arg>${json_data['results'][0]['login']}</arg>
<arg>${keyTwo}</arg>
<doc>Fails if ``key`` is not found from ``dictionary``.</doc>
<status status="PASS" start="2024-07-26T07:14:11.709778" elapsed="0.000373"/>
</kw>
<kw name="Log" owner="BuiltIn">
<msg time="2024-07-26T07:14:11.710442" level="INFO">username</msg>
<arg>${keyTwo}</arg>
<doc>Logs the given message with the given level.</doc>
<status status="PASS" start="2024-07-26T07:14:11.710325" elapsed="0.000153"/>
</kw>
<var name="${keyTwo}">username</var>
<status status="PASS" start="2024-07-26T07:14:11.709120" elapsed="0.001572"/>
</iter>
<iter>
<kw name="Dictionary Should Contain Key" owner="Collections">
<arg>${json_data['results'][0]['login']}</arg>
<arg>${keyTwo}</arg>
<doc>Fails if ``key`` is not found from ``dictionary``.</doc>
<status status="PASS" start="2024-07-26T07:14:11.710981" elapsed="0.000365"/>
</kw>
<kw name="Dictionary Should Contain Key" owner="Collections">
<arg>${json_data['results'][0]['login']}</arg>
<arg>${keyTwo}</arg>
<doc>Fails if ``key`` is not found from ``dictionary``.</doc>
<status status="PASS" start="2024-07-26T07:14:11.711518" elapsed="0.000396"/>
</kw>
<kw name="Log" owner="BuiltIn">
<msg time="2024-07-26T07:14:11.712216" level="INFO">password</msg>
<arg>${keyTwo}</arg>
<doc>Logs the given message with the given level.</doc>
<status status="PASS" start="2024-07-26T07:14:11.712091" elapsed="0.000161"/>
</kw>
<var name="${keyTwo}">password</var>
<status status="PASS" start="2024-07-26T07:14:11.710868" elapsed="0.001600"/>
</iter>
<var>${keyTwo}</var>
<value>@{expected_keysTwo}</value>
<status status="PASS" start="2024-07-26T07:14:11.708971" elapsed="0.003617"/>
</for>
<status status="PASS" start="2024-07-26T07:14:11.625402" elapsed="0.087322"/>
</kw>
<doc>Testa a estrutura da resposta da API.</doc>
<tag>testeEstruturaResposta</tag>
<status status="PASS" start="2024-07-26T07:14:11.624954" elapsed="0.087915"/>
</test>
<test id="s1-s1-t4" name="Validar tipos de dados" line="28">
<kw name="Teste de Tipos de Dados" owner="random-user-service">
<kw name="GET On Session" owner="RequestsLibrary">
<msg time="2024-07-26T07:14:11.796755" level="INFO">GET Request : url=https://randomuser.me/api 
 path_url=/api 
 headers={'User-Agent': 'python-requests/2.32.3', 'Accept-Encoding': 'gzip, deflate', 'Accept': '*/*', 'Connection': 'keep-alive'} 
 body=None 
 </msg>
<msg time="2024-07-26T07:14:11.796829" level="INFO">GET Response : url=https://randomuser.me/api 
 status=200, reason=OK 
 headers={'Date': 'Fri, 26 Jul 2024 07:14:11 GMT', 'Content-Type': 'application/json; charset=utf-8', 'Transfer-Encoding': 'chunked', 'Connection': 'keep-alive', 'X-Powered-By': 'Express', 'Access-Control-Allow-Origin': '*', 'Cache-Control': 'no-cache', 'ETag': 'W/"48e-OBHFNEUTL/FVNqrm4s2g8dgnDFM"', 'Vary': 'Accept-Encoding', 'Content-Encoding': 'gzip', 'CF-Cache-Status': 'DYNAMIC', 'Report-To': '{"endpoints":[{"url":"https:\\/\\/a.nel.cloudflare.com\\/report\\/v4?s=XcFrgF%2Bgv%2BD%2FPMaAuRFeNIK3VdXpOUKSgwnTLBep9GpHKnJiH7irw4cp22P%2FcSa8VW9uMG9cB9Xl6gPiuAvMrHtx9cDChIYygEpDrlrn20BTEJzuif2yOlyvH8U26ho3"}],"group":"cf-nel","max_age":604800}', 'NEL': '{"success_fraction":0,"report_to":"cf-nel","max_age":604800}', 'Server': 'cloudflare', 'CF-RAY': '8a9297673d226fc8-IAD', 'alt-svc': 'h3=":443"; ma=86400'} 
 body={"results":[{"gender":"male","name":{"title":"Mr","first":"Mike","last":"West"},"location":{"street":{"number":9579,"name":"Avondale Ave"},"city":"Jersey City","state":"North Carolina","country":"United States","postcode":70965,"coordinates":{"latitude":"81.5538","longitude":"-95.2150"},"timezone":{"offset":"-1:00","description":"Azores, Cape Verde Islands"}},"email":"mike.west@example.com","login":{"uuid":"bf6f07aa-3c18-4540-9f03-302b10970200","username":"angryduck274","password":"vanguard","salt":"lVhFvqcK","md5":"360449b6edba2888122876c6d2ded69e","sha1":"d2990376c6788e77eb84a3b30f394fe2cde0ef61","sha256":"9ba6f00bb499b5da41f27c8b8c907b279c755e74f7789bb17feeb0737dde0a1a"},"dob":{"date":"1947-06-17T01:43:07.794Z","age":77},"registered":{"date":"2004-11-01T04:21:09.154Z","age":19},"phone":"(205) 501-0027","cell":"(443) 913-8432","id":{"name":"SSN","value":"655-25-4115"},"picture":{"large":"https://randomuser.me/api/portraits/men/69.jpg","medium":"https://randomuser.me/api/portraits/med/men/69.jpg","thumbnail":"https://randomuser.me/api/portraits/thumb/men/69.jpg"},"nat":"US"}],"info":{"seed":"ee88aaa431af42dd","results":1,"page":1,"version":"1.4"}} 
 </msg>
<msg time="2024-07-26T07:14:11.796894" level="INFO">/opt/hostedtoolcache/Python/3.12.4/x64/lib/python3.12/site-packages/urllib3/connectionpool.py:1099: InsecureRequestWarning: Unverified HTTPS request is being made to host 'randomuser.me'. Adding certificate verification is strongly advised. See: https://urllib3.readthedocs.io/en/latest/advanced-usage.html#tls-warnings
  warnings.warn(</msg>
<msg time="2024-07-26T07:14:11.797000" level="INFO">${response} = &lt;Response [200]&gt;</msg>
<var>${response}</var>
<arg>consultarAPI</arg>
<arg>/api</arg>
<doc>Sends a GET request on a previously created HTTP Session.</doc>
<status status="PASS" start="2024-07-26T07:14:11.715223" elapsed="0.081826"/>
</kw>
<kw name="Set Variable" owner="BuiltIn">
<msg time="2024-07-26T07:14:11.798107" level="INFO">${json_data} = {'results': [{'gender': 'male', 'name': {'title': 'Mr', 'first': 'Mike', 'last': 'West'}, 'location': {'street': {'number': 9579, 'name': 'Avondale Ave'}, 'city': 'Jersey City', 'state': 'North Caroli...</msg>
<var>${json_data}</var>
<arg>${response.json()}</arg>
<doc>Returns the given values which can then be assigned to a variables.</doc>
<status status="PASS" start="2024-07-26T07:14:11.797545" elapsed="0.000590"/>
</kw>
<kw name="Log" owner="BuiltIn">
<msg time="2024-07-26T07:14:11.798582" level="INFO">{'results': [{'gender': 'male', 'name': {'title': 'Mr', 'first': 'Mike', 'last': 'West'}, 'location': {'street': {'number': 9579, 'name': 'Avondale Ave'}, 'city': 'Jersey City', 'state': 'North Carolina', 'country': 'United States', 'postcode': 70965, 'coordinates': {'latitude': '81.5538', 'longitude': '-95.2150'}, 'timezone': {'offset': '-1:00', 'description': 'Azores, Cape Verde Islands'}}, 'email': 'mike.west@example.com', 'login': {'uuid': 'bf6f07aa-3c18-4540-9f03-302b10970200', 'username': 'angryduck274', 'password': 'vanguard', 'salt': 'lVhFvqcK', 'md5': '360449b6edba2888122876c6d2ded69e', 'sha1': 'd2990376c6788e77eb84a3b30f394fe2cde0ef61', 'sha256': '9ba6f00bb499b5da41f27c8b8c907b279c755e74f7789bb17feeb0737dde0a1a'}, 'dob': {'date': '1947-06-17T01:43:07.794Z', 'age': 77}, 'registered': {'date': '2004-11-01T04:21:09.154Z', 'age': 19}, 'phone': '(205) 501-0027', 'cell': '(443) 913-8432', 'id': {'name': 'SSN', 'value': '655-25-4115'}, 'picture': {'large': 'https://randomuser.me/api/portraits/men/69.jpg', 'medium': 'https://randomuser.me/api/portraits/med/men/69.jpg', 'thumbnail': 'https://randomuser.me/api/portraits/thumb/men/69.jpg'}, 'nat': 'US'}], 'info': {'seed': 'ee88aaa431af42dd', 'results': 1, 'page': 1, 'version': '1.4'}}</msg>
<arg>${json_data}</arg>
<doc>Logs the given message with the given level.</doc>
<status status="PASS" start="2024-07-26T07:14:11.798433" elapsed="0.000195"/>
</kw>
<kw name="Should Be String" owner="String">
<arg>${json_data['results'][0]['gender']}</arg>
<doc>Fails if the given ``item`` is not a string.</doc>
<status status="PASS" start="2024-07-26T07:14:11.798910" elapsed="0.000354"/>
</kw>
<kw name="Should Match Regexp" owner="BuiltIn">
<arg>${json_data['results'][0]['email']}</arg>
<arg>^[a-zA-Z0-9._%+-]+@[a-zA-Z0-9.-]+\.[a-zA-Z]{2,}$</arg>
<doc>Fails if ``string`` does not match ``pattern`` as a regular expression.</doc>
<status status="PASS" start="2024-07-26T07:14:11.799478" elapsed="0.000551"/>
</kw>
<kw name="Should Match Regexp" owner="BuiltIn">
<arg>${json_data['results'][0]['dob']['date']}</arg>
<arg>\\d{4}-\\d{2}-\\d{2}T\\d{2}:\\d{2}:\\d{2}\\.\\d{3}Z</arg>
<doc>Fails if ``string`` does not match ``pattern`` as a regular expression.</doc>
<status status="PASS" start="2024-07-26T07:14:11.800225" elapsed="0.000591"/>
</kw>
<kw name="Should Match Regexp" owner="BuiltIn">
<arg>${json_data['results'][0]['registered']['date']}</arg>
<arg>\\d{4}-\\d{2}-\\d{2}T\\d{2}:\\d{2}:\\d{2}\\.\\d{3}Z</arg>
<doc>Fails if ``string`` does not match ``pattern`` as a regular expression.</doc>
<status status="PASS" start="2024-07-26T07:14:11.801004" elapsed="0.000364"/>
</kw>
<kw name="Should Match Regexp" owner="BuiltIn">
<arg>${json_data['results'][0]['picture']['large']}</arg>
<arg>^https?://.*\.(?:png|jpe?g|gif|bmp)$</arg>
<doc>Fails if ``string`` does not match ``pattern`` as a regular expression.</doc>
<status status="PASS" start="2024-07-26T07:14:11.801553" elapsed="0.000455"/>
</kw>
<kw name="Should Match Regexp" owner="BuiltIn">
<arg>${json_data['results'][0]['picture']['medium']}</arg>
<arg>^https?://.*\.(?:png|jpe?g|gif|bmp)$</arg>
<doc>Fails if ``string`` does not match ``pattern`` as a regular expression.</doc>
<status status="PASS" start="2024-07-26T07:14:11.802193" elapsed="0.000349"/>
</kw>
<kw name="Should Match Regexp" owner="BuiltIn">
<arg>${json_data['results'][0]['picture']['thumbnail']}</arg>
<arg>^https?://.*\.(?:png|jpe?g|gif|bmp)$</arg>
<doc>Fails if ``string`` does not match ``pattern`` as a regular expression.</doc>
<status status="PASS" start="2024-07-26T07:14:11.802723" elapsed="0.000342"/>
</kw>
<kw name="Log" owner="BuiltIn">
<msg time="2024-07-26T07:14:11.803561" level="INFO">{'large': 'https://randomuser.me/api/portraits/men/69.jpg', 'medium': 'https://randomuser.me/api/portraits/med/men/69.jpg', 'thumbnail': 'https://randomuser.me/api/portraits/thumb/men/69.jpg'}</msg>
<arg>${json_data['results'][0]['picture']}</arg>
<doc>Logs the given message with the given level.</doc>
<status status="PASS" start="2024-07-26T07:14:11.803242" elapsed="0.000362"/>
</kw>
<status status="PASS" start="2024-07-26T07:14:11.715010" elapsed="0.088905"/>
</kw>
<kw name="Teste de Tipos de Dados - Postcode" owner="random-user-service">
<kw name="GET On Session" owner="RequestsLibrary">
<msg time="2024-07-26T07:14:11.898360" level="INFO">GET Request : url=https://randomuser.me/api 
 path_url=/api 
 headers={'User-Agent': 'python-requests/2.32.3', 'Accept-Encoding': 'gzip, deflate', 'Accept': '*/*', 'Connection': 'keep-alive'} 
 body=None 
 </msg>
<msg time="2024-07-26T07:14:11.898442" level="INFO">GET Response : url=https://randomuser.me/api 
 status=200, reason=OK 
 headers={'Date': 'Fri, 26 Jul 2024 07:14:11 GMT', 'Content-Type': 'application/json; charset=utf-8', 'Transfer-Encoding': 'chunked', 'Connection': 'keep-alive', 'X-Powered-By': 'Express', 'Access-Control-Allow-Origin': '*', 'Cache-Control': 'no-cache', 'ETag': 'W/"489-PVzxpnt9+QTKwa5ai8rMK05lNEw"', 'Vary': 'Accept-Encoding', 'Content-Encoding': 'gzip', 'CF-Cache-Status': 'DYNAMIC', 'Report-To': '{"endpoints":[{"url":"https:\\/\\/a.nel.cloudflare.com\\/report\\/v4?s=ZsoUr9uVi5tVZjeBbAmipu3S0XYPjwLGVDDRgSmDIBKgITb0aVqH5uBk9dGVrrK88on8nJfn88AqiFdaobIMZiV6vKeXB%2B%2Bz02%2FaL2vUy2GBtx3rk3IVylR9hWEh%2FxDB"}],"group":"cf-nel","max_age":604800}', 'NEL': '{"success_fraction":0,"report_to":"cf-nel","max_age":604800}', 'Server': 'cloudflare', 'CF-RAY': '8a929767cd5d6fc8-IAD', 'alt-svc': 'h3=":443"; ma=86400'} 
 body={"results":[{"gender":"male","name":{"title":"Mr","first":"Aires","last":"Nogueira"},"location":{"street":{"number":1124,"name":"Rua Tiradentes "},"city":"Palmas","state":"Rio Grande do Norte","country":"Brazil","postcode":45337,"coordinates":{"latitude":"-77.2994","longitude":"-143.4316"},"timezone":{"offset":"-3:30","description":"Newfoundland"}},"email":"aires.nogueira@example.com","login":{"uuid":"0a41d9b6-8c1a-4236-874d-930a0019083b","username":"crazyswan616","password":"howell","salt":"HYeOklAq","md5":"6a22236bd5386382c14b0f2b526ea8e5","sha1":"5a675ec97a456bb766ea71ff6434925ca997ef84","sha256":"4dc9320c93df713725e5283ed40b295b055401fb0b1917cd55a0d42dc80c4b92"},"dob":{"date":"1955-06-29T12:38:59.022Z","age":69},"registered":{"date":"2002-10-22T21:56:10.273Z","age":21},"phone":"(00) 0605-1753","cell":"(38) 2296-5004","id":{"name":"CPF","value":"781.249.764-88"},"picture":{"large":"https://randomuser.me/api/portraits/men/65.jpg","medium":"https://randomuser.me/api/portraits/med/men/65.jpg","thumbnail":"https://randomuser.me/api/portraits/thumb/men/65.jpg"},"nat":"BR"}],"info":{"seed":"c609980e9462a4a7","results":1,"page":1,"version":"1.4"}} 
 </msg>
<msg time="2024-07-26T07:14:11.898512" level="INFO">/opt/hostedtoolcache/Python/3.12.4/x64/lib/python3.12/site-packages/urllib3/connectionpool.py:1099: InsecureRequestWarning: Unverified HTTPS request is being made to host 'randomuser.me'. Adding certificate verification is strongly advised. See: https://urllib3.readthedocs.io/en/latest/advanced-usage.html#tls-warnings
  warnings.warn(</msg>
<msg time="2024-07-26T07:14:11.898625" level="INFO">${response} = &lt;Response [200]&gt;</msg>
<var>${response}</var>
<arg>consultarAPI</arg>
<arg>/api</arg>
<doc>Sends a GET request on a previously created HTTP Session.</doc>
<status status="PASS" start="2024-07-26T07:14:11.804338" elapsed="0.094343"/>
</kw>
<kw name="Set Variable" owner="BuiltIn">
<msg time="2024-07-26T07:14:11.899672" level="INFO">${json_data} = {'results': [{'gender': 'male', 'name': {'title': 'Mr', 'first': 'Aires', 'last': 'Nogueira'}, 'location': {'street': {'number': 1124, 'name': 'Rua Tiradentes '}, 'city': 'Palmas', 'state': 'Rio Grand...</msg>
<var>${json_data}</var>
<arg>${response.json()}</arg>
<doc>Returns the given values which can then be assigned to a variables.</doc>
<status status="PASS" start="2024-07-26T07:14:11.899119" elapsed="0.000581"/>
</kw>
<kw name="Log" owner="BuiltIn">
<msg time="2024-07-26T07:14:11.900194" level="INFO">{'results': [{'gender': 'male', 'name': {'title': 'Mr', 'first': 'Aires', 'last': 'Nogueira'}, 'location': {'street': {'number': 1124, 'name': 'Rua Tiradentes '}, 'city': 'Palmas', 'state': 'Rio Grande do Norte', 'country': 'Brazil', 'postcode': 45337, 'coordinates': {'latitude': '-77.2994', 'longitude': '-143.4316'}, 'timezone': {'offset': '-3:30', 'description': 'Newfoundland'}}, 'email': 'aires.nogueira@example.com', 'login': {'uuid': '0a41d9b6-8c1a-4236-874d-930a0019083b', 'username': 'crazyswan616', 'password': 'howell', 'salt': 'HYeOklAq', 'md5': '6a22236bd5386382c14b0f2b526ea8e5', 'sha1': '5a675ec97a456bb766ea71ff6434925ca997ef84', 'sha256': '4dc9320c93df713725e5283ed40b295b055401fb0b1917cd55a0d42dc80c4b92'}, 'dob': {'date': '1955-06-29T12:38:59.022Z', 'age': 69}, 'registered': {'date': '2002-10-22T21:56:10.273Z', 'age': 21}, 'phone': '(00) 0605-1753', 'cell': '(38) 2296-5004', 'id': {'name': 'CPF', 'value': '781.249.764-88'}, 'picture': {'large': 'https://randomuser.me/api/portraits/men/65.jpg', 'medium': 'https://randomuser.me/api/portraits/med/men/65.jpg', 'thumbnail': 'https://randomuser.me/api/portraits/thumb/men/65.jpg'}, 'nat': 'BR'}], 'info': {'seed': 'c609980e9462a4a7', 'results': 1, 'page': 1, 'version': '1.4'}}</msg>
<arg>${json_data}</arg>
<doc>Logs the given message with the given level.</doc>
<status status="PASS" start="2024-07-26T07:14:11.900043" elapsed="0.000197"/>
</kw>
<kw name="Should Be Equal As Numbers" owner="BuiltIn">
<arg>${json_data['results'][0]['location']['postcode']}</arg>
<arg>${json_data['results'][0]['location']['postcode']}</arg>
<doc>Fails if objects are unequal after converting them to real numbers.</doc>
<status status="PASS" start="2024-07-26T07:14:11.900527" elapsed="0.000615"/>
</kw>
<kw name="Log" owner="BuiltIn">
<msg time="2024-07-26T07:14:11.901699" level="INFO">45337</msg>
<arg>${json_data['results'][0]['location']['postcode']}</arg>
<doc>Logs the given message with the given level.</doc>
<status status="PASS" start="2024-07-26T07:14:11.901334" elapsed="0.000406"/>
</kw>
<status status="PASS" start="2024-07-26T07:14:11.804124" elapsed="0.097864"/>
</kw>
<doc>Testa se os tipos de dados na resposta da API estão corretos.</doc>
<tag>testeTiposDados</tag>
<status status="PASS" start="2024-07-26T07:14:11.714583" elapsed="0.187559"/>
</test>
<test id="s1-s1-t5" name="Validar conteudo" line="35">
<kw name="Teste de Tipos de Conteudo" owner="random-user-service">
<kw name="GET On Session" owner="RequestsLibrary">
<msg time="2024-07-26T07:14:11.993270" level="INFO">GET Request : url=https://randomuser.me/api 
 path_url=/api 
 headers={'User-Agent': 'python-requests/2.32.3', 'Accept-Encoding': 'gzip, deflate', 'Accept': '*/*', 'Connection': 'keep-alive'} 
 body=None 
 </msg>
<msg time="2024-07-26T07:14:11.993333" level="INFO">GET Response : url=https://randomuser.me/api 
 status=200, reason=OK 
 headers={'Date': 'Fri, 26 Jul 2024 07:14:11 GMT', 'Content-Type': 'application/json; charset=utf-8', 'Transfer-Encoding': 'chunked', 'Connection': 'keep-alive', 'X-Powered-By': 'Express', 'Access-Control-Allow-Origin': '*', 'Cache-Control': 'no-cache', 'ETag': 'W/"486-iKleKbWenAuFzbPMbqXnaIuUCRE"', 'Vary': 'Accept-Encoding', 'Content-Encoding': 'gzip', 'CF-Cache-Status': 'DYNAMIC', 'Report-To': '{"endpoints":[{"url":"https:\\/\\/a.nel.cloudflare.com\\/report\\/v4?s=xHt%2BGRTbnjgNzi9RZYIMiFhxQiE3usFsqUG%2FDq5d2kKdTBlMMUc8BCdUFDw%2B8aqqMNVjZnM9A23Ay1UfWDCZmMz9A4p5JXzboGQDfl91QZDI6QaObib47mc09mJqvV72"}],"group":"cf-nel","max_age":604800}', 'NEL': '{"success_fraction":0,"report_to":"cf-nel","max_age":604800}', 'Server': 'cloudflare', 'CF-RAY': '8a9297686da86fc8-IAD', 'alt-svc': 'h3=":443"; ma=86400'} 
 body={"results":[{"gender":"female","name":{"title":"Ms","first":"Maja","last":"Petersen"},"location":{"street":{"number":1873,"name":"Merkurvej"},"city":"Klitmøller","state":"Midtjylland","country":"Denmark","postcode":36696,"coordinates":{"latitude":"-45.6310","longitude":"6.0339"},"timezone":{"offset":"-3:00","description":"Brazil, Buenos Aires, Georgetown"}},"email":"maja.petersen@example.com","login":{"uuid":"9ce52867-4f46-4e7e-b5c7-275aa936959d","username":"lazycat522","password":"sanity","salt":"7rz5D6Ux","md5":"01bf0a8022df828e7560531a29f89248","sha1":"722091eef4d763692dbadb13fdf5a296b0ca7c34","sha256":"884a276222911f97ea922301ae98940884daa5e21b3ae52c200cd4b2fbe9d59f"},"dob":{"date":"1965-07-06T08:10:32.179Z","age":59},"registered":{"date":"2015-07-04T07:42:32.701Z","age":9},"phone":"62453587","cell":"21635097","id":{"name":"CPR","value":"060765-3201"},"picture":{"large":"https://randomuser.me/api/portraits/women/64.jpg","medium":"https://randomuser.me/api/portraits/med/women/64.jpg","thumbnail":"https://randomuser.me/api/portraits/thumb/women/64.jpg"},"nat":"DK"}],"info":{"seed":"1631e220d2f07edc","results":1,"page":1,"version":"1.4"}} 
 </msg>
<msg time="2024-07-26T07:14:11.993388" level="INFO">/opt/hostedtoolcache/Python/3.12.4/x64/lib/python3.12/site-packages/urllib3/connectionpool.py:1099: InsecureRequestWarning: Unverified HTTPS request is being made to host 'randomuser.me'. Adding certificate verification is strongly advised. See: https://urllib3.readthedocs.io/en/latest/advanced-usage.html#tls-warnings
  warnings.warn(</msg>
<msg time="2024-07-26T07:14:11.993475" level="INFO">${response} = &lt;Response [200]&gt;</msg>
<var>${response}</var>
<arg>consultarAPI</arg>
<arg>/api</arg>
<doc>Sends a GET request on a previously created HTTP Session.</doc>
<status status="PASS" start="2024-07-26T07:14:11.904509" elapsed="0.089006"/>
</kw>
<kw name="Set Variable" owner="BuiltIn">
<msg time="2024-07-26T07:14:11.994492" level="INFO">${json_data} = {'results': [{'gender': 'female', 'name': {'title': 'Ms', 'first': 'Maja', 'last': 'Petersen'}, 'location': {'street': {'number': 1873, 'name': 'Merkurvej'}, 'city': 'Klitmøller', 'state': 'Midtjyllan...</msg>
<var>${json_data}</var>
<arg>${response.json()}</arg>
<doc>Returns the given values which can then be assigned to a variables.</doc>
<status status="PASS" start="2024-07-26T07:14:11.993942" elapsed="0.000580"/>
</kw>
<kw name="Set Variable" owner="BuiltIn">
<msg time="2024-07-26T07:14:11.995210" level="INFO">${name_title} = Ms</msg>
<var>${name_title}</var>
<arg>${json_data["results"][0]["name"]["title"]}</arg>
<doc>Returns the given values which can then be assigned to a variables.</doc>
<status status="PASS" start="2024-07-26T07:14:11.994828" elapsed="0.000407"/>
</kw>
<kw name="Create List" owner="BuiltIn">
<msg time="2024-07-26T07:14:11.995674" level="INFO">${allowed_titles} = ['Mr', 'Ms', 'Miss', 'Mrs', 'Madame', 'Monsieur']</msg>
<var>${allowed_titles}</var>
<arg>Mr</arg>
<arg>Ms</arg>
<arg>Miss</arg>
<arg>Mrs</arg>
<arg>Madame</arg>
<arg>Monsieur</arg>
<doc>Returns a list containing given items.</doc>
<status status="PASS" start="2024-07-26T07:14:11.995527" elapsed="0.000171"/>
</kw>
<kw name="List Should Contain Value" owner="Collections">
<arg>${allowed_titles}</arg>
<arg>${name_title}</arg>
<doc>Fails if the ``value`` is not found from ``list``.</doc>
<status status="PASS" start="2024-07-26T07:14:11.996027" elapsed="0.000177"/>
</kw>
<kw name="Set Variable" owner="BuiltIn">
<msg time="2024-07-26T07:14:11.996758" level="INFO">${name_country} = DK</msg>
<var>${name_country}</var>
<arg>${json_data["results"][0]["nat"]}</arg>
<doc>Returns the given values which can then be assigned to a variables.</doc>
<status status="PASS" start="2024-07-26T07:14:11.996387" elapsed="0.000396"/>
</kw>
<kw name="Create List" owner="BuiltIn">
<msg time="2024-07-26T07:14:11.997661" level="INFO">${list_country} = ['AD', 'AE', 'AF', 'AG', 'AI', 'AL', 'AM', 'AO', 'AQ', 'AR', 'AS', 'AT', 'AU', 'AW', 'AX', 'AZ', 'BA', 'BB', 'BD', 'BE', 'BF', 'BG', 'BH', 'BI', 'BJ', 'BL', 'BM', 'BN', 'BO', 'BQ', 'BR', 'BS', 'BT', '...</msg>
<var>${list_country}</var>
<arg>AD</arg>
<arg>AE</arg>
<arg>AF</arg>
<arg>AG</arg>
<arg>AI</arg>
<arg>AL</arg>
<arg>AM</arg>
<arg>AO</arg>
<arg>AQ</arg>
<arg>AR</arg>
<arg>AS</arg>
<arg>AT</arg>
<arg>AU</arg>
<arg>AW</arg>
<arg>AX</arg>
<arg>AZ</arg>
<arg>BA</arg>
<arg>BB</arg>
<arg>BD</arg>
<arg>BE</arg>
<arg>BF</arg>
<arg>BG</arg>
<arg>BH</arg>
<arg>BI</arg>
<arg>BJ</arg>
<arg>BL</arg>
<arg>BM</arg>
<arg>BN</arg>
<arg>BO</arg>
<arg>BQ</arg>
<arg>BR</arg>
<arg>BS</arg>
<arg>BT</arg>
<arg>BV</arg>
<arg>BW</arg>
<arg>BY</arg>
<arg>BZ</arg>
<arg>CA</arg>
<arg>CC</arg>
<arg>CD</arg>
<arg>CF</arg>
<arg>CG</arg>
<arg>CH</arg>
<arg>CI</arg>
<arg>CK</arg>
<arg>CL</arg>
<arg>CM</arg>
<arg>CN</arg>
<arg>CO</arg>
<arg>CR</arg>
<arg>CU</arg>
<arg>CV</arg>
<arg>CW</arg>
<arg>CX</arg>
<arg>CY</arg>
<arg>CZ</arg>
<arg>DE</arg>
<arg>DJ</arg>
<arg>DK</arg>
<arg>DM</arg>
<arg>DO</arg>
<arg>DZ</arg>
<arg>EC</arg>
<arg>EE</arg>
<arg>EG</arg>
<arg>EH</arg>
<arg>ER</arg>
<arg>ES</arg>
<arg>ET</arg>
<arg>FI</arg>
<arg>FJ</arg>
<arg>FK</arg>
<arg>FM</arg>
<arg>FO</arg>
<arg>FR</arg>
<arg>GA</arg>
<arg>GB</arg>
<arg>GD</arg>
<arg>GE</arg>
<arg>GF</arg>
<arg>GG</arg>
<arg>GH</arg>
<arg>GI</arg>
<arg>GL</arg>
<arg>GM</arg>
<arg>GN</arg>
<arg>GP</arg>
<arg>GQ</arg>
<arg>GR</arg>
<arg>GS</arg>
<arg>GT</arg>
<arg>GU</arg>
<arg>GW</arg>
<arg>GY</arg>
<arg>HK</arg>
<arg>HM</arg>
<arg>HN</arg>
<arg>HR</arg>
<arg>HT</arg>
<arg>HU</arg>
<arg>ID</arg>
<arg>IE</arg>
<arg>IL</arg>
<arg>IM</arg>
<arg>IN</arg>
<arg>IO</arg>
<arg>IQ</arg>
<arg>IR</arg>
<arg>IS</arg>
<arg>IT</arg>
<arg>JE</arg>
<arg>JM</arg>
<arg>JO</arg>
<arg>JP</arg>
<arg>KE</arg>
<arg>KG</arg>
<arg>KH</arg>
<arg>KI</arg>
<arg>KM</arg>
<arg>KN</arg>
<arg>KP</arg>
<arg>KR</arg>
<arg>KW</arg>
<arg>KY</arg>
<arg>KZ</arg>
<arg>LA</arg>
<arg>LB</arg>
<arg>LC</arg>
<arg>LI</arg>
<arg>LK</arg>
<arg>LR</arg>
<arg>LS</arg>
<arg>LT</arg>
<arg>LU</arg>
<arg>LV</arg>
<arg>LY</arg>
<arg>MA</arg>
<arg>MC</arg>
<arg>MD</arg>
<arg>ME</arg>
<arg>MF</arg>
<arg>MG</arg>
<arg>MH</arg>
<arg>MK</arg>
<arg>ML</arg>
<arg>MM</arg>
<arg>MN</arg>
<arg>MO</arg>
<arg>MP</arg>
<arg>MQ</arg>
<arg>MR</arg>
<arg>MS</arg>
<arg>MT</arg>
<arg>MU</arg>
<arg>MV</arg>
<arg>MW</arg>
<arg>MX</arg>
<arg>MY</arg>
<arg>MZ</arg>
<arg>NA</arg>
<arg>NC</arg>
<arg>NE</arg>
<arg>NF</arg>
<arg>NG</arg>
<arg>NI</arg>
<arg>NL</arg>
<arg>NO</arg>
<arg>NP</arg>
<arg>NR</arg>
<arg>NU</arg>
<arg>NZ</arg>
<arg>OM</arg>
<arg>PA</arg>
<arg>PE</arg>
<arg>PF</arg>
<arg>PG</arg>
<arg>PH</arg>
<arg>PK</arg>
<arg>PL</arg>
<arg>PM</arg>
<arg>PN</arg>
<arg>PR</arg>
<arg>PS</arg>
<arg>PT</arg>
<arg>PW</arg>
<arg>PY</arg>
<arg>QA</arg>
<arg>RE</arg>
<arg>RO</arg>
<arg>RS</arg>
<arg>RU</arg>
<arg>RW</arg>
<arg>SA</arg>
<arg>SB</arg>
<arg>SC</arg>
<arg>SD</arg>
<arg>SE</arg>
<arg>SG</arg>
<arg>SH</arg>
<arg>SI</arg>
<arg>SJ</arg>
<arg>SK</arg>
<arg>SL</arg>
<arg>SM</arg>
<arg>SN</arg>
<arg>SO</arg>
<arg>SR</arg>
<arg>SS</arg>
<arg>ST</arg>
<arg>SV</arg>
<arg>SX</arg>
<arg>SY</arg>
<arg>SZ</arg>
<arg>TC</arg>
<arg>TD</arg>
<arg>TF</arg>
<arg>TG</arg>
<arg>TH</arg>
<arg>TJ</arg>
<arg>TK</arg>
<arg>TL</arg>
<arg>TM</arg>
<arg>TN</arg>
<arg>TO</arg>
<arg>TR</arg>
<arg>TT</arg>
<arg>TV</arg>
<arg>TW</arg>
<arg>TZ</arg>
<arg>UA</arg>
<arg>UG</arg>
<arg>UM</arg>
<arg>US</arg>
<arg>UY</arg>
<arg>UZ</arg>
<arg>VA</arg>
<arg>VC</arg>
<arg>VE</arg>
<arg>VG</arg>
<arg>VI</arg>
<arg>VN</arg>
<arg>VU</arg>
<arg>WF</arg>
<arg>WS</arg>
<arg>XK</arg>
<arg>YE</arg>
<arg>YT</arg>
<arg>ZA</arg>
<arg>ZM</arg>
<arg>ZW</arg>
<doc>Returns a list containing given items.</doc>
<status status="PASS" start="2024-07-26T07:14:11.997074" elapsed="0.000615"/>
</kw>
<kw name="List Should Contain Value" owner="Collections">
<arg>${list_country}</arg>
<arg>${name_country}</arg>
<doc>Fails if the ``value`` is not found from ``list``.</doc>
<status status="PASS" start="2024-07-26T07:14:11.998607" elapsed="0.000206"/>
</kw>
<kw name="Run Keyword If" owner="BuiltIn">
<kw name="Should Be True" owner="BuiltIn">
<arg>${True}</arg>
<doc>Fails if the given condition is not true.</doc>
<status status="PASS" start="2024-07-26T07:14:11.999740" elapsed="0.000181"/>
</kw>
<arg>${json_data["results"][0]["location"]["coordinates"]["latitude"]} &gt;= -90 and ${json_data["results"][0]["location"]["coordinates"]["latitude"]} &lt;= 90</arg>
<arg>Should Be True</arg>
<arg>${True}</arg>
<doc>Runs the given keyword with the given arguments, if ``condition`` is true.</doc>
<status status="PASS" start="2024-07-26T07:14:11.999009" elapsed="0.001048"/>
</kw>
<kw name="Run Keyword If" owner="BuiltIn">
<kw name="Should Be True" owner="BuiltIn">
<arg>${True}</arg>
<doc>Fails if the given condition is not true.</doc>
<status status="PASS" start="2024-07-26T07:14:12.000937" elapsed="0.000138"/>
</kw>
<arg>${json_data["results"][0]["location"]["coordinates"]["longitude"]} &gt;= -180 and ${json_data["results"][0]["location"]["coordinates"]["longitude"]} &lt;= 180</arg>
<arg>Should Be True</arg>
<arg>${True}</arg>
<doc>Runs the given keyword with the given arguments, if ``condition`` is true.</doc>
<status status="PASS" start="2024-07-26T07:14:12.000239" elapsed="0.000959"/>
</kw>
<status status="PASS" start="2024-07-26T07:14:11.904297" elapsed="0.097026"/>
</kw>
<doc>Testa o conteúdo específico dos campos retornados pela API.</doc>
<tag>testeConteudo</tag>
<status status="PASS" start="2024-07-26T07:14:11.903889" elapsed="0.097575"/>
</test>
<status status="PASS" start="2024-07-26T07:14:11.053324" elapsed="0.949997"/>
</suite>
<status status="PASS" start="2024-07-26T07:14:11.039789" elapsed="0.968548"/>
</suite>
<statistics>
<total>
<stat pass="5" fail="0" skip="0">All Tests</stat>
</total>
<tag>
<stat pass="1" fail="0" skip="0">testeConteudo</stat>
<stat pass="1" fail="0" skip="0">testeEstruturaResposta</stat>
<stat pass="1" fail="0" skip="0">testeRequisicaoBasica</stat>
<stat pass="1" fail="0" skip="0">testeTiposDados</stat>
</tag>
<suite>
<stat pass="5" fail="0" skip="0" id="s1" name="Tests">Tests</stat>
<stat pass="5" fail="0" skip="0" id="s1-s1" name="Random-User-Test">Tests.Random-User-Test</stat>
</suite>
</statistics>
<errors>
</errors>
</robot>
