<?xml version="1.0" encoding="UTF-8"?>
<robot generator="Robot 7.0.1 (Python 3.12.4 on linux)" generated="2024-07-15T14:13:10.065188" rpa="false" schemaversion="5">
<suite id="s1" name="Tests" source="/home/runner/work/ApiRandomUser/ApiRandomUser/RamdonUser/tests">
<suite id="s1-s1" name="Random-User-Test" source="/home/runner/work/ApiRandomUser/ApiRandomUser/RamdonUser/tests/random-user-test.robot">
<test id="s1-s1-t1" name="Conectar" line="13">
<kw name="Conectar API" owner="random-user-service">
<kw name="Create Session" owner="RequestsLibrary">
<msg time="2024-07-15T14:13:10.482900" level="INFO">Creating Session using : alias=consultarAPI, url=https://randomuser.me/, headers={},                     cookies={}, auth=None, timeout=None, proxies=None, verify=False,                     debug=0 </msg>
<arg>consultarAPI</arg>
<arg>${URL}</arg>
<doc>Create Session: create a HTTP session to a server</doc>
<status status="PASS" start="2024-07-15T14:13:10.482684" elapsed="0.000404"/>
</kw>
<status status="PASS" start="2024-07-15T14:13:10.481662" elapsed="0.001794"/>
</kw>
<status status="PASS" start="2024-07-15T14:13:10.480905" elapsed="0.002746"/>
</test>
<test id="s1-s1-t2" name="Validar retorno 200 e JSON Válido" line="16">
<kw name="Teste de Requisicao Basica" owner="random-user-service">
<kw name="GET On Session" owner="RequestsLibrary">
<msg time="2024-07-15T14:13:10.602823" level="INFO">GET Request : url=https://randomuser.me/api 
 path_url=/api 
 headers={'User-Agent': 'python-requests/2.32.3', 'Accept-Encoding': 'gzip, deflate', 'Accept': '*/*', 'Connection': 'keep-alive'} 
 body=None 
 </msg>
<msg time="2024-07-15T14:13:10.602992" level="INFO">GET Response : url=https://randomuser.me/api 
 status=200, reason=OK 
 headers={'Date': 'Mon, 15 Jul 2024 14:13:10 GMT', 'Content-Type': 'application/json; charset=utf-8', 'Transfer-Encoding': 'chunked', 'Connection': 'keep-alive', 'X-Powered-By': 'Express', 'Access-Control-Allow-Origin': '*', 'Cache-Control': 'no-cache', 'ETag': 'W/"476-wDVBOb/Ke91KG3mjIUmfy4yvTnY"', 'Vary': 'Accept-Encoding', 'Content-Encoding': 'gzip', 'CF-Cache-Status': 'DYNAMIC', 'Report-To': '{"endpoints":[{"url":"https:\\/\\/a.nel.cloudflare.com\\/report\\/v4?s=6soXekdB7ECK1Hujp5RiD337N8t8ObxNiWefyvg%2FuYuCkTZsj%2Bn%2BJvKPkcNs%2BXBNZuNwOM1CLdEk1X5ow3KynQDCVrwxwgVXrNUcNHUbZXZMMJ0iqjhHUxJ3%2FHbZ3VCk"}],"group":"cf-nel","max_age":604800}', 'NEL': '{"success_fraction":0,"report_to":"cf-nel","max_age":604800}', 'Server': 'cloudflare', 'CF-RAY': '8a3a5a04cd362268-ORD', 'alt-svc': 'h3=":443"; ma=86400'} 
 body={"results":[{"gender":"male","name":{"title":"Mr","first":"Malthe","last":"Johansen"},"location":{"street":{"number":4882,"name":"Kløvervænget"},"city":"Lundby","state":"Nordjylland","country":"Denmark","postcode":39243,"coordinates":{"latitude":"-44.9678","longitude":"-34.9256"},"timezone":{"offset":"+9:30","description":"Adelaide, Darwin"}},"email":"malthe.johansen@example.com","login":{"uuid":"84e76795-2c83-41ea-9a72-91771c89638e","username":"lazycat632","password":"olivier","salt":"kVGmg5Nf","md5":"5ef0fc0c042a13eef6fa55c0c570b6be","sha1":"99a30922dbd2cb3a6d2c44bdbf25e1270a25c84e","sha256":"170a15160dacf900913e12008bdf7c911c81d263ca31128494369186d7eef667"},"dob":{"date":"1950-08-25T21:14:00.469Z","age":73},"registered":{"date":"2011-11-11T18:03:04.147Z","age":12},"phone":"18564259","cell":"26342155","id":{"name":"CPR","value":"250850-0135"},"picture":{"large":"https://randomuser.me/api/portraits/men/45.jpg","medium":"https://randomuser.me/api/portraits/med/men/45.jpg","thumbnail":"https://randomuser.me/api/portraits/thumb/men/45.jpg"},"nat":"DK"}],"info":{"seed":"6b4ded6ffe40f6c7","results":1,"page":1,"version":"1.4"}} 
 </msg>
<msg time="2024-07-15T14:13:10.603094" level="INFO">/opt/hostedtoolcache/Python/3.12.4/x64/lib/python3.12/site-packages/urllib3/connectionpool.py:1099: InsecureRequestWarning: Unverified HTTPS request is being made to host 'randomuser.me'. Adding certificate verification is strongly advised. See: https://urllib3.readthedocs.io/en/latest/advanced-usage.html#tls-warnings
  warnings.warn(</msg>
<msg time="2024-07-15T14:13:10.603252" level="INFO">${response} = &lt;Response [200]&gt;</msg>
<var>${response}</var>
<arg>consultarAPI</arg>
<arg>/api</arg>
<doc>Sends a GET request on a previously created HTTP Session.</doc>
<status status="PASS" start="2024-07-15T14:13:10.486385" elapsed="0.116910"/>
</kw>
<kw name="Should Be Equal As Numbers" owner="BuiltIn">
<msg time="2024-07-15T14:13:10.604309" level="INFO">Argument types are:
&lt;class 'int'&gt;
&lt;class 'str'&gt;</msg>
<arg>${response.status_code}</arg>
<arg>200</arg>
<doc>Fails if objects are unequal after converting them to real numbers.</doc>
<status status="PASS" start="2024-07-15T14:13:10.603842" elapsed="0.000532"/>
</kw>
<kw name="Log" owner="BuiltIn">
<msg time="2024-07-15T14:13:10.605039" level="INFO">200</msg>
<arg>${response.status_code}</arg>
<doc>Logs the given message with the given level.</doc>
<status status="PASS" start="2024-07-15T14:13:10.604692" elapsed="0.000414"/>
</kw>
<kw name="Set Variable" owner="BuiltIn">
<msg time="2024-07-15T14:13:10.605853" level="INFO">${json_data} = {'results': [{'gender': 'male', 'name': {'title': 'Mr', 'first': 'Malthe', 'last': 'Johansen'}, 'location': {'street': {'number': 4882, 'name': 'Kløvervænget'}, 'city': 'Lundby', 'state': 'Nordjylland...</msg>
<var>${json_data}</var>
<arg>${response.json()}</arg>
<doc>Returns the given values which can then be assigned to a variables.</doc>
<status status="PASS" start="2024-07-15T14:13:10.605416" elapsed="0.000466"/>
</kw>
<kw name="Dictionary Should Contain Key" owner="Collections">
<arg>${json_data}</arg>
<arg>results</arg>
<doc>Fails if ``key`` is not found from ``dictionary``.</doc>
<status status="PASS" start="2024-07-15T14:13:10.606182" elapsed="0.000172"/>
</kw>
<status status="PASS" start="2024-07-15T14:13:10.486128" elapsed="0.120376"/>
</kw>
<doc>Testa se a API responde corretamente e retorna um objeto JSON válido.</doc>
<tag>testeRequisicaoBasica</tag>
<status status="PASS" start="2024-07-15T14:13:10.485582" elapsed="0.121103"/>
</test>
<test id="s1-s1-t3" name="Validar estrutura de resposta" line="22">
<kw name="Teste de Estrutura de Resposta" owner="random-user-service">
<kw name="GET On Session" owner="RequestsLibrary">
<msg time="2024-07-15T14:13:10.682623" level="INFO">GET Request : url=https://randomuser.me/api 
 path_url=/api 
 headers={'User-Agent': 'python-requests/2.32.3', 'Accept-Encoding': 'gzip, deflate', 'Accept': '*/*', 'Connection': 'keep-alive'} 
 body=None 
 </msg>
<msg time="2024-07-15T14:13:10.682726" level="INFO">GET Response : url=https://randomuser.me/api 
 status=200, reason=OK 
 headers={'Date': 'Mon, 15 Jul 2024 14:13:10 GMT', 'Content-Type': 'application/json; charset=utf-8', 'Transfer-Encoding': 'chunked', 'Connection': 'keep-alive', 'X-Powered-By': 'Express', 'Access-Control-Allow-Origin': '*', 'Cache-Control': 'no-cache', 'ETag': 'W/"4a5-8coZ2hmpgysfW4lMVr6FaWKzlNU"', 'Vary': 'Accept-Encoding', 'Content-Encoding': 'gzip', 'CF-Cache-Status': 'DYNAMIC', 'Report-To': '{"endpoints":[{"url":"https:\\/\\/a.nel.cloudflare.com\\/report\\/v4?s=k6SqG2oXtDnQma9cMwIzrFXNEEfyA4gNQv%2FgvnFsBT%2B8Pn3acHPtQ1qbVLoq6vUGxjC%2FxYK9A%2B%2B2%2FXOVq5hhtDED%2F71ikf8e88A7KivonwK%2BjWAxUdOKKSwfNg5q9iVu"}],"group":"cf-nel","max_age":604800}', 'NEL': '{"success_fraction":0,"report_to":"cf-nel","max_age":604800}', 'Server': 'cloudflare', 'CF-RAY': '8a3a5a055dec2268-ORD', 'alt-svc': 'h3=":443"; ma=86400'} 
 body={"results":[{"gender":"female","name":{"title":"Miss","first":"Robin","last":"Gutierrez"},"location":{"street":{"number":8170,"name":"E Sandy Lake Rd"},"city":"Ballarat","state":"Northern Territory","country":"Australia","postcode":9781,"coordinates":{"latitude":"-87.5825","longitude":"16.8171"},"timezone":{"offset":"-4:00","description":"Atlantic Time (Canada), Caracas, La Paz"}},"email":"robin.gutierrez@example.com","login":{"uuid":"c514d314-7305-4f37-acd3-4f3bc5307cf3","username":"bluefish969","password":"stock","salt":"ocw8nENW","md5":"2ac3a5a1cefa5c1c30268924a425b330","sha1":"4d4dda169ca049b17cbcb6f5fffdf6c1b5b84508","sha256":"d6b483281bd79be2f3beef0696b296f42f5c197d43f29df4a6727e1b0a6d355c"},"dob":{"date":"1957-10-28T01:52:31.645Z","age":66},"registered":{"date":"2016-05-25T18:46:11.072Z","age":8},"phone":"03-1047-9154","cell":"0437-182-589","id":{"name":"TFN","value":"335033905"},"picture":{"large":"https://randomuser.me/api/portraits/women/76.jpg","medium":"https://randomuser.me/api/portraits/med/women/76.jpg","thumbnail":"https://randomuser.me/api/portraits/thumb/women/76.jpg"},"nat":"AU"}],"info":{"seed":"59849d309ad7960d","results":1,"page":1,"version":"1.4"}} 
 </msg>
<msg time="2024-07-15T14:13:10.682865" level="INFO">/opt/hostedtoolcache/Python/3.12.4/x64/lib/python3.12/site-packages/urllib3/connectionpool.py:1099: InsecureRequestWarning: Unverified HTTPS request is being made to host 'randomuser.me'. Adding certificate verification is strongly advised. See: https://urllib3.readthedocs.io/en/latest/advanced-usage.html#tls-warnings
  warnings.warn(</msg>
<msg time="2024-07-15T14:13:10.683025" level="INFO">${response} = &lt;Response [200]&gt;</msg>
<var>${response}</var>
<arg>consultarAPI</arg>
<arg>/api</arg>
<doc>Sends a GET request on a previously created HTTP Session.</doc>
<status status="PASS" start="2024-07-15T14:13:10.609416" elapsed="0.073657"/>
</kw>
<kw name="Set Variable" owner="BuiltIn">
<msg time="2024-07-15T14:13:10.684075" level="INFO">${json_data} = {'results': [{'gender': 'female', 'name': {'title': 'Miss', 'first': 'Robin', 'last': 'Gutierrez'}, 'location': {'street': {'number': 8170, 'name': 'E Sandy Lake Rd'}, 'city': 'Ballarat', 'state': 'No...</msg>
<var>${json_data}</var>
<arg>${response.json()}</arg>
<doc>Returns the given values which can then be assigned to a variables.</doc>
<status status="PASS" start="2024-07-15T14:13:10.683544" elapsed="0.000560"/>
</kw>
<kw name="Log" owner="BuiltIn">
<msg time="2024-07-15T14:13:10.684575" level="INFO">{'results': [{'gender': 'female', 'name': {'title': 'Miss', 'first': 'Robin', 'last': 'Gutierrez'}, 'location': {'street': {'number': 8170, 'name': 'E Sandy Lake Rd'}, 'city': 'Ballarat', 'state': 'Northern Territory', 'country': 'Australia', 'postcode': 9781, 'coordinates': {'latitude': '-87.5825', 'longitude': '16.8171'}, 'timezone': {'offset': '-4:00', 'description': 'Atlantic Time (Canada), Caracas, La Paz'}}, 'email': 'robin.gutierrez@example.com', 'login': {'uuid': 'c514d314-7305-4f37-acd3-4f3bc5307cf3', 'username': 'bluefish969', 'password': 'stock', 'salt': 'ocw8nENW', 'md5': '2ac3a5a1cefa5c1c30268924a425b330', 'sha1': '4d4dda169ca049b17cbcb6f5fffdf6c1b5b84508', 'sha256': 'd6b483281bd79be2f3beef0696b296f42f5c197d43f29df4a6727e1b0a6d355c'}, 'dob': {'date': '1957-10-28T01:52:31.645Z', 'age': 66}, 'registered': {'date': '2016-05-25T18:46:11.072Z', 'age': 8}, 'phone': '03-1047-9154', 'cell': '0437-182-589', 'id': {'name': 'TFN', 'value': '335033905'}, 'picture': {'large': 'https://randomuser.me/api/portraits/women/76.jpg', 'medium': 'https://randomuser.me/api/portraits/med/women/76.jpg', 'thumbnail': 'https://randomuser.me/api/portraits/thumb/women/76.jpg'}, 'nat': 'AU'}], 'info': {'seed': '59849d309ad7960d', 'results': 1, 'page': 1, 'version': '1.4'}}</msg>
<arg>${json_data}</arg>
<doc>Logs the given message with the given level.</doc>
<status status="PASS" start="2024-07-15T14:13:10.684415" elapsed="0.000208"/>
</kw>
<kw name="Dictionary Should Contain Key" owner="Collections">
<arg>${json_data}</arg>
<arg>results</arg>
<doc>Fails if ``key`` is not found from ``dictionary``.</doc>
<status status="PASS" start="2024-07-15T14:13:10.684912" elapsed="0.000165"/>
</kw>
<kw name="Should Not Be Empty" owner="BuiltIn">
<msg time="2024-07-15T14:13:10.685391" level="INFO">Length is 2.</msg>
<arg>${json_data}</arg>
<doc>Verifies that the given item is not empty.</doc>
<status status="PASS" start="2024-07-15T14:13:10.685260" elapsed="0.000169"/>
</kw>
<kw name="Create List" owner="BuiltIn">
<msg time="2024-07-15T14:13:10.686021" level="INFO">${expected_keys} = ['gender', 'name', 'location', 'email', 'login']</msg>
<var>${expected_keys}</var>
<arg>gender</arg>
<arg>name</arg>
<arg>location</arg>
<arg>email</arg>
<arg>login</arg>
<doc>Returns a list containing given items.</doc>
<status status="PASS" start="2024-07-15T14:13:10.685718" elapsed="0.000328"/>
</kw>
<for flavor="IN">
<iter>
<kw name="Dictionary Should Contain Key" owner="Collections">
<arg>${json_data['results'][0]}</arg>
<arg>${key}</arg>
<doc>Fails if ``key`` is not found from ``dictionary``.</doc>
<status status="PASS" start="2024-07-15T14:13:10.686627" elapsed="0.000400"/>
</kw>
<kw name="Log" owner="BuiltIn">
<msg time="2024-07-15T14:13:10.687562" level="INFO">{'gender': 'female', 'name': {'title': 'Miss', 'first': 'Robin', 'last': 'Gutierrez'}, 'location': {'street': {'number': 8170, 'name': 'E Sandy Lake Rd'}, 'city': 'Ballarat', 'state': 'Northern Territory', 'country': 'Australia', 'postcode': 9781, 'coordinates': {'latitude': '-87.5825', 'longitude': '16.8171'}, 'timezone': {'offset': '-4:00', 'description': 'Atlantic Time (Canada), Caracas, La Paz'}}, 'email': 'robin.gutierrez@example.com', 'login': {'uuid': 'c514d314-7305-4f37-acd3-4f3bc5307cf3', 'username': 'bluefish969', 'password': 'stock', 'salt': 'ocw8nENW', 'md5': '2ac3a5a1cefa5c1c30268924a425b330', 'sha1': '4d4dda169ca049b17cbcb6f5fffdf6c1b5b84508', 'sha256': 'd6b483281bd79be2f3beef0696b296f42f5c197d43f29df4a6727e1b0a6d355c'}, 'dob': {'date': '1957-10-28T01:52:31.645Z', 'age': 66}, 'registered': {'date': '2016-05-25T18:46:11.072Z', 'age': 8}, 'phone': '03-1047-9154', 'cell': '0437-182-589', 'id': {'name': 'TFN', 'value': '335033905'}, 'picture': {'large': 'https://randomuser.me/api/portraits/women/76.jpg', 'medium': 'https://randomuser.me/api/portraits/med/women/76.jpg', 'thumbnail': 'https://randomuser.me/api/portraits/thumb/women/76.jpg'}, 'nat': 'AU'}</msg>
<arg>${json_data['results'][0]}</arg>
<doc>Logs the given message with the given level.</doc>
<status status="PASS" start="2024-07-15T14:13:10.687213" elapsed="0.000398"/>
</kw>
<kw name="Log" owner="BuiltIn">
<msg time="2024-07-15T14:13:10.688061" level="INFO">gender</msg>
<arg>${key}</arg>
<doc>Logs the given message with the given level.</doc>
<status status="PASS" start="2024-07-15T14:13:10.687932" elapsed="0.000173"/>
</kw>
<var name="${key}">gender</var>
<status status="PASS" start="2024-07-15T14:13:10.686504" elapsed="0.001819"/>
</iter>
<iter>
<kw name="Dictionary Should Contain Key" owner="Collections">
<arg>${json_data['results'][0]}</arg>
<arg>${key}</arg>
<doc>Fails if ``key`` is not found from ``dictionary``.</doc>
<status status="PASS" start="2024-07-15T14:13:10.688616" elapsed="0.000390"/>
</kw>
<kw name="Log" owner="BuiltIn">
<msg time="2024-07-15T14:13:10.689581" level="INFO">{'gender': 'female', 'name': {'title': 'Miss', 'first': 'Robin', 'last': 'Gutierrez'}, 'location': {'street': {'number': 8170, 'name': 'E Sandy Lake Rd'}, 'city': 'Ballarat', 'state': 'Northern Territory', 'country': 'Australia', 'postcode': 9781, 'coordinates': {'latitude': '-87.5825', 'longitude': '16.8171'}, 'timezone': {'offset': '-4:00', 'description': 'Atlantic Time (Canada), Caracas, La Paz'}}, 'email': 'robin.gutierrez@example.com', 'login': {'uuid': 'c514d314-7305-4f37-acd3-4f3bc5307cf3', 'username': 'bluefish969', 'password': 'stock', 'salt': 'ocw8nENW', 'md5': '2ac3a5a1cefa5c1c30268924a425b330', 'sha1': '4d4dda169ca049b17cbcb6f5fffdf6c1b5b84508', 'sha256': 'd6b483281bd79be2f3beef0696b296f42f5c197d43f29df4a6727e1b0a6d355c'}, 'dob': {'date': '1957-10-28T01:52:31.645Z', 'age': 66}, 'registered': {'date': '2016-05-25T18:46:11.072Z', 'age': 8}, 'phone': '03-1047-9154', 'cell': '0437-182-589', 'id': {'name': 'TFN', 'value': '335033905'}, 'picture': {'large': 'https://randomuser.me/api/portraits/women/76.jpg', 'medium': 'https://randomuser.me/api/portraits/med/women/76.jpg', 'thumbnail': 'https://randomuser.me/api/portraits/thumb/women/76.jpg'}, 'nat': 'AU'}</msg>
<arg>${json_data['results'][0]}</arg>
<doc>Logs the given message with the given level.</doc>
<status status="PASS" start="2024-07-15T14:13:10.689223" elapsed="0.000407"/>
</kw>
<kw name="Log" owner="BuiltIn">
<msg time="2024-07-15T14:13:10.690063" level="INFO">name</msg>
<arg>${key}</arg>
<doc>Logs the given message with the given level.</doc>
<status status="PASS" start="2024-07-15T14:13:10.689928" elapsed="0.000182"/>
</kw>
<var name="${key}">name</var>
<status status="PASS" start="2024-07-15T14:13:10.688505" elapsed="0.001828"/>
</iter>
<iter>
<kw name="Dictionary Should Contain Key" owner="Collections">
<arg>${json_data['results'][0]}</arg>
<arg>${key}</arg>
<doc>Fails if ``key`` is not found from ``dictionary``.</doc>
<status status="PASS" start="2024-07-15T14:13:10.690613" elapsed="0.000374"/>
</kw>
<kw name="Log" owner="BuiltIn">
<msg time="2024-07-15T14:13:10.691511" level="INFO">{'gender': 'female', 'name': {'title': 'Miss', 'first': 'Robin', 'last': 'Gutierrez'}, 'location': {'street': {'number': 8170, 'name': 'E Sandy Lake Rd'}, 'city': 'Ballarat', 'state': 'Northern Territory', 'country': 'Australia', 'postcode': 9781, 'coordinates': {'latitude': '-87.5825', 'longitude': '16.8171'}, 'timezone': {'offset': '-4:00', 'description': 'Atlantic Time (Canada), Caracas, La Paz'}}, 'email': 'robin.gutierrez@example.com', 'login': {'uuid': 'c514d314-7305-4f37-acd3-4f3bc5307cf3', 'username': 'bluefish969', 'password': 'stock', 'salt': 'ocw8nENW', 'md5': '2ac3a5a1cefa5c1c30268924a425b330', 'sha1': '4d4dda169ca049b17cbcb6f5fffdf6c1b5b84508', 'sha256': 'd6b483281bd79be2f3beef0696b296f42f5c197d43f29df4a6727e1b0a6d355c'}, 'dob': {'date': '1957-10-28T01:52:31.645Z', 'age': 66}, 'registered': {'date': '2016-05-25T18:46:11.072Z', 'age': 8}, 'phone': '03-1047-9154', 'cell': '0437-182-589', 'id': {'name': 'TFN', 'value': '335033905'}, 'picture': {'large': 'https://randomuser.me/api/portraits/women/76.jpg', 'medium': 'https://randomuser.me/api/portraits/med/women/76.jpg', 'thumbnail': 'https://randomuser.me/api/portraits/thumb/women/76.jpg'}, 'nat': 'AU'}</msg>
<arg>${json_data['results'][0]}</arg>
<doc>Logs the given message with the given level.</doc>
<status status="PASS" start="2024-07-15T14:13:10.691165" elapsed="0.000392"/>
</kw>
<kw name="Log" owner="BuiltIn">
<msg time="2024-07-15T14:13:10.692001" level="INFO">location</msg>
<arg>${key}</arg>
<doc>Logs the given message with the given level.</doc>
<status status="PASS" start="2024-07-15T14:13:10.691870" elapsed="0.000168"/>
</kw>
<var name="${key}">location</var>
<status status="PASS" start="2024-07-15T14:13:10.690506" elapsed="0.001746"/>
</iter>
<iter>
<kw name="Dictionary Should Contain Key" owner="Collections">
<arg>${json_data['results'][0]}</arg>
<arg>${key}</arg>
<doc>Fails if ``key`` is not found from ``dictionary``.</doc>
<status status="PASS" start="2024-07-15T14:13:10.692529" elapsed="0.000385"/>
</kw>
<kw name="Log" owner="BuiltIn">
<msg time="2024-07-15T14:13:10.693443" level="INFO">{'gender': 'female', 'name': {'title': 'Miss', 'first': 'Robin', 'last': 'Gutierrez'}, 'location': {'street': {'number': 8170, 'name': 'E Sandy Lake Rd'}, 'city': 'Ballarat', 'state': 'Northern Territory', 'country': 'Australia', 'postcode': 9781, 'coordinates': {'latitude': '-87.5825', 'longitude': '16.8171'}, 'timezone': {'offset': '-4:00', 'description': 'Atlantic Time (Canada), Caracas, La Paz'}}, 'email': 'robin.gutierrez@example.com', 'login': {'uuid': 'c514d314-7305-4f37-acd3-4f3bc5307cf3', 'username': 'bluefish969', 'password': 'stock', 'salt': 'ocw8nENW', 'md5': '2ac3a5a1cefa5c1c30268924a425b330', 'sha1': '4d4dda169ca049b17cbcb6f5fffdf6c1b5b84508', 'sha256': 'd6b483281bd79be2f3beef0696b296f42f5c197d43f29df4a6727e1b0a6d355c'}, 'dob': {'date': '1957-10-28T01:52:31.645Z', 'age': 66}, 'registered': {'date': '2016-05-25T18:46:11.072Z', 'age': 8}, 'phone': '03-1047-9154', 'cell': '0437-182-589', 'id': {'name': 'TFN', 'value': '335033905'}, 'picture': {'large': 'https://randomuser.me/api/portraits/women/76.jpg', 'medium': 'https://randomuser.me/api/portraits/med/women/76.jpg', 'thumbnail': 'https://randomuser.me/api/portraits/thumb/women/76.jpg'}, 'nat': 'AU'}</msg>
<arg>${json_data['results'][0]}</arg>
<doc>Logs the given message with the given level.</doc>
<status status="PASS" start="2024-07-15T14:13:10.693098" elapsed="0.000393"/>
</kw>
<kw name="Log" owner="BuiltIn">
<msg time="2024-07-15T14:13:10.693921" level="INFO">email</msg>
<arg>${key}</arg>
<doc>Logs the given message with the given level.</doc>
<status status="PASS" start="2024-07-15T14:13:10.693790" elapsed="0.000169"/>
</kw>
<var name="${key}">email</var>
<status status="PASS" start="2024-07-15T14:13:10.692421" elapsed="0.001750"/>
</iter>
<iter>
<kw name="Dictionary Should Contain Key" owner="Collections">
<arg>${json_data['results'][0]}</arg>
<arg>${key}</arg>
<doc>Fails if ``key`` is not found from ``dictionary``.</doc>
<status status="PASS" start="2024-07-15T14:13:10.694455" elapsed="0.000384"/>
</kw>
<kw name="Log" owner="BuiltIn">
<msg time="2024-07-15T14:13:10.695365" level="INFO">{'gender': 'female', 'name': {'title': 'Miss', 'first': 'Robin', 'last': 'Gutierrez'}, 'location': {'street': {'number': 8170, 'name': 'E Sandy Lake Rd'}, 'city': 'Ballarat', 'state': 'Northern Territory', 'country': 'Australia', 'postcode': 9781, 'coordinates': {'latitude': '-87.5825', 'longitude': '16.8171'}, 'timezone': {'offset': '-4:00', 'description': 'Atlantic Time (Canada), Caracas, La Paz'}}, 'email': 'robin.gutierrez@example.com', 'login': {'uuid': 'c514d314-7305-4f37-acd3-4f3bc5307cf3', 'username': 'bluefish969', 'password': 'stock', 'salt': 'ocw8nENW', 'md5': '2ac3a5a1cefa5c1c30268924a425b330', 'sha1': '4d4dda169ca049b17cbcb6f5fffdf6c1b5b84508', 'sha256': 'd6b483281bd79be2f3beef0696b296f42f5c197d43f29df4a6727e1b0a6d355c'}, 'dob': {'date': '1957-10-28T01:52:31.645Z', 'age': 66}, 'registered': {'date': '2016-05-25T18:46:11.072Z', 'age': 8}, 'phone': '03-1047-9154', 'cell': '0437-182-589', 'id': {'name': 'TFN', 'value': '335033905'}, 'picture': {'large': 'https://randomuser.me/api/portraits/women/76.jpg', 'medium': 'https://randomuser.me/api/portraits/med/women/76.jpg', 'thumbnail': 'https://randomuser.me/api/portraits/thumb/women/76.jpg'}, 'nat': 'AU'}</msg>
<arg>${json_data['results'][0]}</arg>
<doc>Logs the given message with the given level.</doc>
<status status="PASS" start="2024-07-15T14:13:10.695021" elapsed="0.000393"/>
</kw>
<kw name="Log" owner="BuiltIn">
<msg time="2024-07-15T14:13:10.695851" level="INFO">login</msg>
<arg>${key}</arg>
<doc>Logs the given message with the given level.</doc>
<status status="PASS" start="2024-07-15T14:13:10.695704" elapsed="0.000185"/>
</kw>
<var name="${key}">login</var>
<status status="PASS" start="2024-07-15T14:13:10.694341" elapsed="0.001765"/>
</iter>
<var>${key}</var>
<value>@{expected_keys}</value>
<status status="PASS" start="2024-07-15T14:13:10.686313" elapsed="0.009911"/>
</for>
<kw name="Create List" owner="BuiltIn">
<msg time="2024-07-15T14:13:10.696592" level="INFO">${expected_keysTwo} = ['username', 'password']</msg>
<var>${expected_keysTwo}</var>
<arg>username</arg>
<arg>password</arg>
<doc>Returns a list containing given items.</doc>
<status status="PASS" start="2024-07-15T14:13:10.696447" elapsed="0.000169"/>
</kw>
<for flavor="IN">
<iter>
<kw name="Dictionary Should Contain Key" owner="Collections">
<arg>${json_data['results'][0]['login']}</arg>
<arg>${keyTwo}</arg>
<doc>Fails if ``key`` is not found from ``dictionary``.</doc>
<status status="PASS" start="2024-07-15T14:13:10.697110" elapsed="0.000385"/>
</kw>
<kw name="Dictionary Should Contain Key" owner="Collections">
<arg>${json_data['results'][0]['login']}</arg>
<arg>${keyTwo}</arg>
<doc>Fails if ``key`` is not found from ``dictionary``.</doc>
<status status="PASS" start="2024-07-15T14:13:10.697674" elapsed="0.000364"/>
</kw>
<kw name="Log" owner="BuiltIn">
<msg time="2024-07-15T14:13:10.698346" level="INFO">username</msg>
<arg>${keyTwo}</arg>
<doc>Logs the given message with the given level.</doc>
<status status="PASS" start="2024-07-15T14:13:10.698226" elapsed="0.000157"/>
</kw>
<var name="${keyTwo}">username</var>
<status status="PASS" start="2024-07-15T14:13:10.697003" elapsed="0.001598"/>
</iter>
<iter>
<kw name="Dictionary Should Contain Key" owner="Collections">
<arg>${json_data['results'][0]['login']}</arg>
<arg>${keyTwo}</arg>
<doc>Fails if ``key`` is not found from ``dictionary``.</doc>
<status status="PASS" start="2024-07-15T14:13:10.698874" elapsed="0.000383"/>
</kw>
<kw name="Dictionary Should Contain Key" owner="Collections">
<arg>${json_data['results'][0]['login']}</arg>
<arg>${keyTwo}</arg>
<doc>Fails if ``key`` is not found from ``dictionary``.</doc>
<status status="PASS" start="2024-07-15T14:13:10.699434" elapsed="0.000366"/>
</kw>
<kw name="Log" owner="BuiltIn">
<msg time="2024-07-15T14:13:10.700114" level="INFO">password</msg>
<arg>${keyTwo}</arg>
<doc>Logs the given message with the given level.</doc>
<status status="PASS" start="2024-07-15T14:13:10.699996" elapsed="0.000158"/>
</kw>
<var name="${keyTwo}">password</var>
<status status="PASS" start="2024-07-15T14:13:10.698768" elapsed="0.001692"/>
</iter>
<var>${keyTwo}</var>
<value>@{expected_keysTwo}</value>
<status status="PASS" start="2024-07-15T14:13:10.696853" elapsed="0.003726"/>
</for>
<status status="PASS" start="2024-07-15T14:13:10.609182" elapsed="0.091536"/>
</kw>
<doc>Testa a estrutura da resposta da API.</doc>
<tag>testeEstruturaResposta</tag>
<status status="PASS" start="2024-07-15T14:13:10.608579" elapsed="0.092288"/>
</test>
<test id="s1-s1-t4" name="Validar tipos de dados" line="28">
<kw name="Teste de Tipos de Dados" owner="random-user-service">
<kw name="GET On Session" owner="RequestsLibrary">
<msg time="2024-07-15T14:13:10.776895" level="INFO">GET Request : url=https://randomuser.me/api 
 path_url=/api 
 headers={'User-Agent': 'python-requests/2.32.3', 'Accept-Encoding': 'gzip, deflate', 'Accept': '*/*', 'Connection': 'keep-alive'} 
 body=None 
 </msg>
<msg time="2024-07-15T14:13:10.776983" level="INFO">GET Response : url=https://randomuser.me/api 
 status=200, reason=OK 
 headers={'Date': 'Mon, 15 Jul 2024 14:13:10 GMT', 'Content-Type': 'application/json; charset=utf-8', 'Transfer-Encoding': 'chunked', 'Connection': 'keep-alive', 'X-Powered-By': 'Express', 'Access-Control-Allow-Origin': '*', 'Cache-Control': 'no-cache', 'ETag': 'W/"4a6-Xd3RzsZ3jcL153KWj8qny1AGf1E"', 'Vary': 'Accept-Encoding', 'Content-Encoding': 'gzip', 'CF-Cache-Status': 'DYNAMIC', 'Report-To': '{"endpoints":[{"url":"https:\\/\\/a.nel.cloudflare.com\\/report\\/v4?s=2URnaLvuA41debSWXtj%2FDZmg3zn7M1tBhkNj4%2BSZ16XHiih2AfomdiKgT6La4zwdLewtsJJ64AcCuAiqPnpW49aDybcCKSIyO9dvfQ7YGkZzeR8vJqF9BiGWUVupeDp9"}],"group":"cf-nel","max_age":604800}', 'NEL': '{"success_fraction":0,"report_to":"cf-nel","max_age":604800}', 'Server': 'cloudflare', 'CF-RAY': '8a3a5a05eeaa2268-ORD', 'alt-svc': 'h3=":443"; ma=86400'} 
 body={"results":[{"gender":"female","name":{"title":"Ms","first":"Lyubanya","last":"Nizhankivskiy"},"location":{"street":{"number":7322,"name":"Smilivih"},"city":"Zalizne","state":"Mikolayivska","country":"Ukraine","postcode":70995,"coordinates":{"latitude":"79.7490","longitude":"164.2631"},"timezone":{"offset":"-4:00","description":"Atlantic Time (Canada), Caracas, La Paz"}},"email":"lyubanya.nizhankivskiy@example.com","login":{"uuid":"79b4bd58-a954-4d5c-b949-7912c9e829c1","username":"organicladybug649","password":"deeznuts","salt":"JxrZuWDM","md5":"13a296af7937e628298cc35bc2979296","sha1":"02bb32d39c82ac2d202ed00b8ea7ae7848ddc6f5","sha256":"81b7936bd7e4606e93d9e8f11cc732804d91fbcc635175f98f8d99e89aa66976"},"dob":{"date":"1951-06-03T03:33:56.743Z","age":73},"registered":{"date":"2004-12-28T12:22:12.243Z","age":19},"phone":"(097) X51-5818","cell":"(098) G79-8297","id":{"name":"","value":null},"picture":{"large":"https://randomuser.me/api/portraits/women/74.jpg","medium":"https://randomuser.me/api/portraits/med/women/74.jpg","thumbnail":"https://randomuser.me/api/portraits/thumb/women/74.jpg"},"nat":"UA"}],"info":{"seed":"7a25997874e7899a","results":1,"page":1,"version":"1.4"}} 
 </msg>
<msg time="2024-07-15T14:13:10.777050" level="INFO">/opt/hostedtoolcache/Python/3.12.4/x64/lib/python3.12/site-packages/urllib3/connectionpool.py:1099: InsecureRequestWarning: Unverified HTTPS request is being made to host 'randomuser.me'. Adding certificate verification is strongly advised. See: https://urllib3.readthedocs.io/en/latest/advanced-usage.html#tls-warnings
  warnings.warn(</msg>
<msg time="2024-07-15T14:13:10.777176" level="INFO">${response} = &lt;Response [200]&gt;</msg>
<var>${response}</var>
<arg>consultarAPI</arg>
<arg>/api</arg>
<doc>Sends a GET request on a previously created HTTP Session.</doc>
<status status="PASS" start="2024-07-15T14:13:10.703390" elapsed="0.073827"/>
</kw>
<kw name="Set Variable" owner="BuiltIn">
<msg time="2024-07-15T14:13:10.778201" level="INFO">${json_data} = {'results': [{'gender': 'female', 'name': {'title': 'Ms', 'first': 'Lyubanya', 'last': 'Nizhankivskiy'}, 'location': {'street': {'number': 7322, 'name': 'Smilivih'}, 'city': 'Zalizne', 'state': 'Mikol...</msg>
<var>${json_data}</var>
<arg>${response.json()}</arg>
<doc>Returns the given values which can then be assigned to a variables.</doc>
<status status="PASS" start="2024-07-15T14:13:10.777705" elapsed="0.000525"/>
</kw>
<kw name="Log" owner="BuiltIn">
<msg time="2024-07-15T14:13:10.778693" level="INFO">{'results': [{'gender': 'female', 'name': {'title': 'Ms', 'first': 'Lyubanya', 'last': 'Nizhankivskiy'}, 'location': {'street': {'number': 7322, 'name': 'Smilivih'}, 'city': 'Zalizne', 'state': 'Mikolayivska', 'country': 'Ukraine', 'postcode': 70995, 'coordinates': {'latitude': '79.7490', 'longitude': '164.2631'}, 'timezone': {'offset': '-4:00', 'description': 'Atlantic Time (Canada), Caracas, La Paz'}}, 'email': 'lyubanya.nizhankivskiy@example.com', 'login': {'uuid': '79b4bd58-a954-4d5c-b949-7912c9e829c1', 'username': 'organicladybug649', 'password': 'deeznuts', 'salt': 'JxrZuWDM', 'md5': '13a296af7937e628298cc35bc2979296', 'sha1': '02bb32d39c82ac2d202ed00b8ea7ae7848ddc6f5', 'sha256': '81b7936bd7e4606e93d9e8f11cc732804d91fbcc635175f98f8d99e89aa66976'}, 'dob': {'date': '1951-06-03T03:33:56.743Z', 'age': 73}, 'registered': {'date': '2004-12-28T12:22:12.243Z', 'age': 19}, 'phone': '(097) X51-5818', 'cell': '(098) G79-8297', 'id': {'name': '', 'value': None}, 'picture': {'large': 'https://randomuser.me/api/portraits/women/74.jpg', 'medium': 'https://randomuser.me/api/portraits/med/women/74.jpg', 'thumbnail': 'https://randomuser.me/api/portraits/thumb/women/74.jpg'}, 'nat': 'UA'}], 'info': {'seed': '7a25997874e7899a', 'results': 1, 'page': 1, 'version': '1.4'}}</msg>
<arg>${json_data}</arg>
<doc>Logs the given message with the given level.</doc>
<status status="PASS" start="2024-07-15T14:13:10.778536" elapsed="0.000208"/>
</kw>
<kw name="Should Be String" owner="String">
<arg>${json_data['results'][0]['gender']}</arg>
<doc>Fails if the given ``item`` is not a string.</doc>
<status status="PASS" start="2024-07-15T14:13:10.779032" elapsed="0.000354"/>
</kw>
<kw name="Should Match Regexp" owner="BuiltIn">
<arg>${json_data['results'][0]['email']}</arg>
<arg>^[a-zA-Z0-9._%+-]+@[a-zA-Z0-9.-]+\.[a-zA-Z]{2,}$</arg>
<doc>Fails if ``string`` does not match ``pattern`` as a regular expression.</doc>
<status status="PASS" start="2024-07-15T14:13:10.779618" elapsed="0.000575"/>
</kw>
<kw name="Should Match Regexp" owner="BuiltIn">
<arg>${json_data['results'][0]['dob']['date']}</arg>
<arg>\\d{4}-\\d{2}-\\d{2}T\\d{2}:\\d{2}:\\d{2}\\.\\d{3}Z</arg>
<doc>Fails if ``string`` does not match ``pattern`` as a regular expression.</doc>
<status status="PASS" start="2024-07-15T14:13:10.780390" elapsed="0.000480"/>
</kw>
<kw name="Should Match Regexp" owner="BuiltIn">
<arg>${json_data['results'][0]['registered']['date']}</arg>
<arg>\\d{4}-\\d{2}-\\d{2}T\\d{2}:\\d{2}:\\d{2}\\.\\d{3}Z</arg>
<doc>Fails if ``string`` does not match ``pattern`` as a regular expression.</doc>
<status status="PASS" start="2024-07-15T14:13:10.781061" elapsed="0.000363"/>
</kw>
<kw name="Should Match Regexp" owner="BuiltIn">
<arg>${json_data['results'][0]['picture']['large']}</arg>
<arg>^https?://.*\.(?:png|jpe?g|gif|bmp)$</arg>
<doc>Fails if ``string`` does not match ``pattern`` as a regular expression.</doc>
<status status="PASS" start="2024-07-15T14:13:10.781605" elapsed="0.000458"/>
</kw>
<kw name="Should Match Regexp" owner="BuiltIn">
<arg>${json_data['results'][0]['picture']['medium']}</arg>
<arg>^https?://.*\.(?:png|jpe?g|gif|bmp)$</arg>
<doc>Fails if ``string`` does not match ``pattern`` as a regular expression.</doc>
<status status="PASS" start="2024-07-15T14:13:10.782248" elapsed="0.000347"/>
</kw>
<kw name="Should Match Regexp" owner="BuiltIn">
<arg>${json_data['results'][0]['picture']['thumbnail']}</arg>
<arg>^https?://.*\.(?:png|jpe?g|gif|bmp)$</arg>
<doc>Fails if ``string`` does not match ``pattern`` as a regular expression.</doc>
<status status="PASS" start="2024-07-15T14:13:10.782774" elapsed="0.000357"/>
</kw>
<kw name="Log" owner="BuiltIn">
<msg time="2024-07-15T14:13:10.783639" level="INFO">{'large': 'https://randomuser.me/api/portraits/women/74.jpg', 'medium': 'https://randomuser.me/api/portraits/med/women/74.jpg', 'thumbnail': 'https://randomuser.me/api/portraits/thumb/women/74.jpg'}</msg>
<arg>${json_data['results'][0]['picture']}</arg>
<doc>Logs the given message with the given level.</doc>
<status status="PASS" start="2024-07-15T14:13:10.783314" elapsed="0.000369"/>
</kw>
<status status="PASS" start="2024-07-15T14:13:10.703165" elapsed="0.080808"/>
</kw>
<kw name="Teste de Tipos de Dados - Postcode" owner="random-user-service">
<kw name="GET On Session" owner="RequestsLibrary">
<msg time="2024-07-15T14:13:10.868719" level="INFO">GET Request : url=https://randomuser.me/api 
 path_url=/api 
 headers={'User-Agent': 'python-requests/2.32.3', 'Accept-Encoding': 'gzip, deflate', 'Accept': '*/*', 'Connection': 'keep-alive'} 
 body=None 
 </msg>
<msg time="2024-07-15T14:13:10.868802" level="INFO">GET Response : url=https://randomuser.me/api 
 status=200, reason=OK 
 headers={'Date': 'Mon, 15 Jul 2024 14:13:10 GMT', 'Content-Type': 'application/json; charset=utf-8', 'Transfer-Encoding': 'chunked', 'Connection': 'keep-alive', 'X-Powered-By': 'Express', 'Access-Control-Allow-Origin': '*', 'Cache-Control': 'no-cache', 'ETag': 'W/"46e-KGAiskOrXxlo1briP9gKcZmBEZ0"', 'Vary': 'Accept-Encoding', 'Content-Encoding': 'gzip', 'CF-Cache-Status': 'DYNAMIC', 'Report-To': '{"endpoints":[{"url":"https:\\/\\/a.nel.cloudflare.com\\/report\\/v4?s=8RLztmUQ3f9N1Ai183dlc3NqkPKTMYgCRNaIdMqEx67%2Bfy2t47eCSEAyWTCtWbfve8%2Bd2g%2FElcpUWsqCFo87X%2F0Yywk4uqRphyNSiJL4l0TEdL63tY8I1zIzeMSJb9aE"}],"group":"cf-nel","max_age":604800}', 'NEL': '{"success_fraction":0,"report_to":"cf-nel","max_age":604800}', 'Server': 'cloudflare', 'CF-RAY': '8a3a5a066f622268-ORD', 'alt-svc': 'h3=":443"; ma=86400'} 
 body={"results":[{"gender":"male","name":{"title":"Mr","first":"Elian","last":"Bergum"},"location":{"street":{"number":2282,"name":"Furulundtoppen"},"city":"Søvik","state":"Hordaland","country":"Norway","postcode":"7289","coordinates":{"latitude":"39.4609","longitude":"-89.6858"},"timezone":{"offset":"+9:30","description":"Adelaide, Darwin"}},"email":"elian.bergum@example.com","login":{"uuid":"30e33d5e-6a36-4a83-8337-4dd73a360f6e","username":"brownladybug377","password":"choke","salt":"APnyNHos","md5":"c52144fa0d861f5f54ab2cf862f55da3","sha1":"a7ce8433e536df092f3b2ee6770e314049da1d6c","sha256":"3bb8e1243e8ad4415711d37db38001d4d4c382d86d5e909dbe602bcca5b1fa6f"},"dob":{"date":"1991-08-06T16:23:54.905Z","age":32},"registered":{"date":"2019-06-17T22:23:35.925Z","age":5},"phone":"36240948","cell":"93408114","id":{"name":"FN","value":"06089145552"},"picture":{"large":"https://randomuser.me/api/portraits/men/46.jpg","medium":"https://randomuser.me/api/portraits/med/men/46.jpg","thumbnail":"https://randomuser.me/api/portraits/thumb/men/46.jpg"},"nat":"NO"}],"info":{"seed":"d97689167f20daf4","results":1,"page":1,"version":"1.4"}} 
 </msg>
<msg time="2024-07-15T14:13:10.868870" level="INFO">/opt/hostedtoolcache/Python/3.12.4/x64/lib/python3.12/site-packages/urllib3/connectionpool.py:1099: InsecureRequestWarning: Unverified HTTPS request is being made to host 'randomuser.me'. Adding certificate verification is strongly advised. See: https://urllib3.readthedocs.io/en/latest/advanced-usage.html#tls-warnings
  warnings.warn(</msg>
<msg time="2024-07-15T14:13:10.868978" level="INFO">${response} = &lt;Response [200]&gt;</msg>
<var>${response}</var>
<arg>consultarAPI</arg>
<arg>/api</arg>
<doc>Sends a GET request on a previously created HTTP Session.</doc>
<status status="PASS" start="2024-07-15T14:13:10.784425" elapsed="0.084595"/>
</kw>
<kw name="Set Variable" owner="BuiltIn">
<msg time="2024-07-15T14:13:10.870178" level="INFO">${json_data} = {'results': [{'gender': 'male', 'name': {'title': 'Mr', 'first': 'Elian', 'last': 'Bergum'}, 'location': {'street': {'number': 2282, 'name': 'Furulundtoppen'}, 'city': 'Søvik', 'state': 'Hordaland', '...</msg>
<var>${json_data}</var>
<arg>${response.json()}</arg>
<doc>Returns the given values which can then be assigned to a variables.</doc>
<status status="PASS" start="2024-07-15T14:13:10.869594" elapsed="0.000614"/>
</kw>
<kw name="Log" owner="BuiltIn">
<msg time="2024-07-15T14:13:10.870671" level="INFO">{'results': [{'gender': 'male', 'name': {'title': 'Mr', 'first': 'Elian', 'last': 'Bergum'}, 'location': {'street': {'number': 2282, 'name': 'Furulundtoppen'}, 'city': 'Søvik', 'state': 'Hordaland', 'country': 'Norway', 'postcode': '7289', 'coordinates': {'latitude': '39.4609', 'longitude': '-89.6858'}, 'timezone': {'offset': '+9:30', 'description': 'Adelaide, Darwin'}}, 'email': 'elian.bergum@example.com', 'login': {'uuid': '30e33d5e-6a36-4a83-8337-4dd73a360f6e', 'username': 'brownladybug377', 'password': 'choke', 'salt': 'APnyNHos', 'md5': 'c52144fa0d861f5f54ab2cf862f55da3', 'sha1': 'a7ce8433e536df092f3b2ee6770e314049da1d6c', 'sha256': '3bb8e1243e8ad4415711d37db38001d4d4c382d86d5e909dbe602bcca5b1fa6f'}, 'dob': {'date': '1991-08-06T16:23:54.905Z', 'age': 32}, 'registered': {'date': '2019-06-17T22:23:35.925Z', 'age': 5}, 'phone': '36240948', 'cell': '93408114', 'id': {'name': 'FN', 'value': '06089145552'}, 'picture': {'large': 'https://randomuser.me/api/portraits/men/46.jpg', 'medium': 'https://randomuser.me/api/portraits/med/men/46.jpg', 'thumbnail': 'https://randomuser.me/api/portraits/thumb/men/46.jpg'}, 'nat': 'NO'}], 'info': {'seed': 'd97689167f20daf4', 'results': 1, 'page': 1, 'version': '1.4'}}</msg>
<arg>${json_data}</arg>
<doc>Logs the given message with the given level.</doc>
<status status="PASS" start="2024-07-15T14:13:10.870513" elapsed="0.000207"/>
</kw>
<kw name="Should Be Equal As Numbers" owner="BuiltIn">
<arg>${json_data['results'][0]['location']['postcode']}</arg>
<arg>${json_data['results'][0]['location']['postcode']}</arg>
<doc>Fails if objects are unequal after converting them to real numbers.</doc>
<status status="PASS" start="2024-07-15T14:13:10.871010" elapsed="0.000627"/>
</kw>
<kw name="Log" owner="BuiltIn">
<msg time="2024-07-15T14:13:10.872386" level="INFO">7289</msg>
<arg>${json_data['results'][0]['location']['postcode']}</arg>
<doc>Logs the given message with the given level.</doc>
<status status="PASS" start="2024-07-15T14:13:10.871854" elapsed="0.000574"/>
</kw>
<status status="PASS" start="2024-07-15T14:13:10.784199" elapsed="0.088486"/>
</kw>
<doc>Testa se os tipos de dados na resposta da API estão corretos.</doc>
<tag>testeTiposDados</tag>
<status status="PASS" start="2024-07-15T14:13:10.702628" elapsed="0.170221"/>
</test>
<test id="s1-s1-t5" name="Validar conteudo" line="35">
<kw name="Teste de Tipos de Conteudo" owner="random-user-service">
<kw name="GET On Session" owner="RequestsLibrary">
<msg time="2024-07-15T14:13:10.978472" level="INFO">GET Request : url=https://randomuser.me/api 
 path_url=/api 
 headers={'User-Agent': 'python-requests/2.32.3', 'Accept-Encoding': 'gzip, deflate', 'Accept': '*/*', 'Connection': 'keep-alive'} 
 body=None 
 </msg>
<msg time="2024-07-15T14:13:10.978583" level="INFO">GET Response : url=https://randomuser.me/api 
 status=200, reason=OK 
 headers={'Date': 'Mon, 15 Jul 2024 14:13:10 GMT', 'Content-Type': 'application/json; charset=utf-8', 'Transfer-Encoding': 'chunked', 'Connection': 'keep-alive', 'X-Powered-By': 'Express', 'Access-Control-Allow-Origin': '*', 'Cache-Control': 'no-cache', 'ETag': 'W/"4aa-lDSSDwEN5dbZSbd7ZRo2C67aFts"', 'Vary': 'Accept-Encoding', 'Content-Encoding': 'gzip', 'CF-Cache-Status': 'DYNAMIC', 'Report-To': '{"endpoints":[{"url":"https:\\/\\/a.nel.cloudflare.com\\/report\\/v4?s=K5gRAeazF4tOa8rQdp7kLCG6m5Fl%2FX8OEiHDlCFHHmxYI%2FwnfAUDeSc4j%2F6saK0FaV6NZqppk07HtvB77SsutP7I5hhLTSZTaaRYqlNGnDATxxSq0HV%2F6evLlgLO3LtF"}],"group":"cf-nel","max_age":604800}', 'NEL': '{"success_fraction":0,"report_to":"cf-nel","max_age":604800}', 'Server': 'cloudflare', 'CF-RAY': '8a3a5a06f8022268-ORD', 'alt-svc': 'h3=":443"; ma=86400'} 
 body={"results":[{"gender":"male","name":{"title":"Mr","first":"Hans-Michael","last":"Heese"},"location":{"street":{"number":5381,"name":"Schlossstraße"},"city":"Straelen","state":"Sachsen-Anhalt","country":"Germany","postcode":88658,"coordinates":{"latitude":"-51.6520","longitude":"-177.6933"},"timezone":{"offset":"+5:30","description":"Bombay, Calcutta, Madras, New Delhi"}},"email":"hans-michael.heese@example.com","login":{"uuid":"64b8dddd-c48a-458c-8107-e44c24b215a5","username":"beautifulladybug932","password":"alpha1","salt":"XsINuIYI","md5":"bf1efb7b163ec585d274352e401809eb","sha1":"0b5255c11efb491e033a2cad061203420bd27400","sha256":"d1c7ae644243d2d538ffdc3ceb0414f593f7733739f20189f5c9bce04a405b3a"},"dob":{"date":"1959-06-18T09:12:29.079Z","age":65},"registered":{"date":"2008-06-26T06:25:45.715Z","age":16},"phone":"0127-1036351","cell":"0176-0096766","id":{"name":"SVNR","value":"13 180659 H 093"},"picture":{"large":"https://randomuser.me/api/portraits/men/78.jpg","medium":"https://randomuser.me/api/portraits/med/men/78.jpg","thumbnail":"https://randomuser.me/api/portraits/thumb/men/78.jpg"},"nat":"DE"}],"info":{"seed":"deed8c20e31eed19","results":1,"page":1,"version":"1.4"}} 
 </msg>
<msg time="2024-07-15T14:13:10.978665" level="INFO">/opt/hostedtoolcache/Python/3.12.4/x64/lib/python3.12/site-packages/urllib3/connectionpool.py:1099: InsecureRequestWarning: Unverified HTTPS request is being made to host 'randomuser.me'. Adding certificate verification is strongly advised. See: https://urllib3.readthedocs.io/en/latest/advanced-usage.html#tls-warnings
  warnings.warn(</msg>
<msg time="2024-07-15T14:13:10.978807" level="INFO">${response} = &lt;Response [200]&gt;</msg>
<var>${response}</var>
<arg>consultarAPI</arg>
<arg>/api</arg>
<doc>Sends a GET request on a previously created HTTP Session.</doc>
<status status="PASS" start="2024-07-15T14:13:10.875379" elapsed="0.103468"/>
</kw>
<kw name="Set Variable" owner="BuiltIn">
<msg time="2024-07-15T14:13:10.980112" level="INFO">${json_data} = {'results': [{'gender': 'male', 'name': {'title': 'Mr', 'first': 'Hans-Michael', 'last': 'Heese'}, 'location': {'street': {'number': 5381, 'name': 'Schlossstraße'}, 'city': 'Straelen', 'state': 'Sachs...</msg>
<var>${json_data}</var>
<arg>${response.json()}</arg>
<doc>Returns the given values which can then be assigned to a variables.</doc>
<status status="PASS" start="2024-07-15T14:13:10.979472" elapsed="0.000670"/>
</kw>
<kw name="Set Variable" owner="BuiltIn">
<msg time="2024-07-15T14:13:10.980834" level="INFO">${name_title} = Mr</msg>
<var>${name_title}</var>
<arg>${json_data["results"][0]["name"]["title"]}</arg>
<doc>Returns the given values which can then be assigned to a variables.</doc>
<status status="PASS" start="2024-07-15T14:13:10.980448" elapsed="0.000411"/>
</kw>
<kw name="Create List" owner="BuiltIn">
<msg time="2024-07-15T14:13:10.981301" level="INFO">${allowed_titles} = ['Mr', 'Ms', 'Miss', 'Mrs', 'Madame', 'Monsieur']</msg>
<var>${allowed_titles}</var>
<arg>Mr</arg>
<arg>Ms</arg>
<arg>Miss</arg>
<arg>Mrs</arg>
<arg>Madame</arg>
<arg>Monsieur</arg>
<doc>Returns a list containing given items.</doc>
<status status="PASS" start="2024-07-15T14:13:10.981153" elapsed="0.000173"/>
</kw>
<kw name="List Should Contain Value" owner="Collections">
<arg>${allowed_titles}</arg>
<arg>${name_title}</arg>
<doc>Fails if the ``value`` is not found from ``list``.</doc>
<status status="PASS" start="2024-07-15T14:13:10.981623" elapsed="0.000176"/>
</kw>
<kw name="Set Variable" owner="BuiltIn">
<msg time="2024-07-15T14:13:10.982335" level="INFO">${name_country} = DE</msg>
<var>${name_country}</var>
<arg>${json_data["results"][0]["nat"]}</arg>
<doc>Returns the given values which can then be assigned to a variables.</doc>
<status status="PASS" start="2024-07-15T14:13:10.981973" elapsed="0.000387"/>
</kw>
<kw name="Create List" owner="BuiltIn">
<msg time="2024-07-15T14:13:10.983244" level="INFO">${list_country} = ['AD', 'AE', 'AF', 'AG', 'AI', 'AL', 'AM', 'AO', 'AQ', 'AR', 'AS', 'AT', 'AU', 'AW', 'AX', 'AZ', 'BA', 'BB', 'BD', 'BE', 'BF', 'BG', 'BH', 'BI', 'BJ', 'BL', 'BM', 'BN', 'BO', 'BQ', 'BR', 'BS', 'BT', '...</msg>
<var>${list_country}</var>
<arg>AD</arg>
<arg>AE</arg>
<arg>AF</arg>
<arg>AG</arg>
<arg>AI</arg>
<arg>AL</arg>
<arg>AM</arg>
<arg>AO</arg>
<arg>AQ</arg>
<arg>AR</arg>
<arg>AS</arg>
<arg>AT</arg>
<arg>AU</arg>
<arg>AW</arg>
<arg>AX</arg>
<arg>AZ</arg>
<arg>BA</arg>
<arg>BB</arg>
<arg>BD</arg>
<arg>BE</arg>
<arg>BF</arg>
<arg>BG</arg>
<arg>BH</arg>
<arg>BI</arg>
<arg>BJ</arg>
<arg>BL</arg>
<arg>BM</arg>
<arg>BN</arg>
<arg>BO</arg>
<arg>BQ</arg>
<arg>BR</arg>
<arg>BS</arg>
<arg>BT</arg>
<arg>BV</arg>
<arg>BW</arg>
<arg>BY</arg>
<arg>BZ</arg>
<arg>CA</arg>
<arg>CC</arg>
<arg>CD</arg>
<arg>CF</arg>
<arg>CG</arg>
<arg>CH</arg>
<arg>CI</arg>
<arg>CK</arg>
<arg>CL</arg>
<arg>CM</arg>
<arg>CN</arg>
<arg>CO</arg>
<arg>CR</arg>
<arg>CU</arg>
<arg>CV</arg>
<arg>CW</arg>
<arg>CX</arg>
<arg>CY</arg>
<arg>CZ</arg>
<arg>DE</arg>
<arg>DJ</arg>
<arg>DK</arg>
<arg>DM</arg>
<arg>DO</arg>
<arg>DZ</arg>
<arg>EC</arg>
<arg>EE</arg>
<arg>EG</arg>
<arg>EH</arg>
<arg>ER</arg>
<arg>ES</arg>
<arg>ET</arg>
<arg>FI</arg>
<arg>FJ</arg>
<arg>FK</arg>
<arg>FM</arg>
<arg>FO</arg>
<arg>FR</arg>
<arg>GA</arg>
<arg>GB</arg>
<arg>GD</arg>
<arg>GE</arg>
<arg>GF</arg>
<arg>GG</arg>
<arg>GH</arg>
<arg>GI</arg>
<arg>GL</arg>
<arg>GM</arg>
<arg>GN</arg>
<arg>GP</arg>
<arg>GQ</arg>
<arg>GR</arg>
<arg>GS</arg>
<arg>GT</arg>
<arg>GU</arg>
<arg>GW</arg>
<arg>GY</arg>
<arg>HK</arg>
<arg>HM</arg>
<arg>HN</arg>
<arg>HR</arg>
<arg>HT</arg>
<arg>HU</arg>
<arg>ID</arg>
<arg>IE</arg>
<arg>IL</arg>
<arg>IM</arg>
<arg>IN</arg>
<arg>IO</arg>
<arg>IQ</arg>
<arg>IR</arg>
<arg>IS</arg>
<arg>IT</arg>
<arg>JE</arg>
<arg>JM</arg>
<arg>JO</arg>
<arg>JP</arg>
<arg>KE</arg>
<arg>KG</arg>
<arg>KH</arg>
<arg>KI</arg>
<arg>KM</arg>
<arg>KN</arg>
<arg>KP</arg>
<arg>KR</arg>
<arg>KW</arg>
<arg>KY</arg>
<arg>KZ</arg>
<arg>LA</arg>
<arg>LB</arg>
<arg>LC</arg>
<arg>LI</arg>
<arg>LK</arg>
<arg>LR</arg>
<arg>LS</arg>
<arg>LT</arg>
<arg>LU</arg>
<arg>LV</arg>
<arg>LY</arg>
<arg>MA</arg>
<arg>MC</arg>
<arg>MD</arg>
<arg>ME</arg>
<arg>MF</arg>
<arg>MG</arg>
<arg>MH</arg>
<arg>MK</arg>
<arg>ML</arg>
<arg>MM</arg>
<arg>MN</arg>
<arg>MO</arg>
<arg>MP</arg>
<arg>MQ</arg>
<arg>MR</arg>
<arg>MS</arg>
<arg>MT</arg>
<arg>MU</arg>
<arg>MV</arg>
<arg>MW</arg>
<arg>MX</arg>
<arg>MY</arg>
<arg>MZ</arg>
<arg>NA</arg>
<arg>NC</arg>
<arg>NE</arg>
<arg>NF</arg>
<arg>NG</arg>
<arg>NI</arg>
<arg>NL</arg>
<arg>NO</arg>
<arg>NP</arg>
<arg>NR</arg>
<arg>NU</arg>
<arg>NZ</arg>
<arg>OM</arg>
<arg>PA</arg>
<arg>PE</arg>
<arg>PF</arg>
<arg>PG</arg>
<arg>PH</arg>
<arg>PK</arg>
<arg>PL</arg>
<arg>PM</arg>
<arg>PN</arg>
<arg>PR</arg>
<arg>PS</arg>
<arg>PT</arg>
<arg>PW</arg>
<arg>PY</arg>
<arg>QA</arg>
<arg>RE</arg>
<arg>RO</arg>
<arg>RS</arg>
<arg>RU</arg>
<arg>RW</arg>
<arg>SA</arg>
<arg>SB</arg>
<arg>SC</arg>
<arg>SD</arg>
<arg>SE</arg>
<arg>SG</arg>
<arg>SH</arg>
<arg>SI</arg>
<arg>SJ</arg>
<arg>SK</arg>
<arg>SL</arg>
<arg>SM</arg>
<arg>SN</arg>
<arg>SO</arg>
<arg>SR</arg>
<arg>SS</arg>
<arg>ST</arg>
<arg>SV</arg>
<arg>SX</arg>
<arg>SY</arg>
<arg>SZ</arg>
<arg>TC</arg>
<arg>TD</arg>
<arg>TF</arg>
<arg>TG</arg>
<arg>TH</arg>
<arg>TJ</arg>
<arg>TK</arg>
<arg>TL</arg>
<arg>TM</arg>
<arg>TN</arg>
<arg>TO</arg>
<arg>TR</arg>
<arg>TT</arg>
<arg>TV</arg>
<arg>TW</arg>
<arg>TZ</arg>
<arg>UA</arg>
<arg>UG</arg>
<arg>UM</arg>
<arg>US</arg>
<arg>UY</arg>
<arg>UZ</arg>
<arg>VA</arg>
<arg>VC</arg>
<arg>VE</arg>
<arg>VG</arg>
<arg>VI</arg>
<arg>VN</arg>
<arg>VU</arg>
<arg>WF</arg>
<arg>WS</arg>
<arg>XK</arg>
<arg>YE</arg>
<arg>YT</arg>
<arg>ZA</arg>
<arg>ZM</arg>
<arg>ZW</arg>
<doc>Returns a list containing given items.</doc>
<status status="PASS" start="2024-07-15T14:13:10.982646" elapsed="0.000623"/>
</kw>
<kw name="List Should Contain Value" owner="Collections">
<arg>${list_country}</arg>
<arg>${name_country}</arg>
<doc>Fails if the ``value`` is not found from ``list``.</doc>
<status status="PASS" start="2024-07-15T14:13:10.984097" elapsed="0.000207"/>
</kw>
<kw name="Run Keyword If" owner="BuiltIn">
<kw name="Should Be True" owner="BuiltIn">
<arg>${True}</arg>
<doc>Fails if the given condition is not true.</doc>
<status status="PASS" start="2024-07-15T14:13:10.985240" elapsed="0.000141"/>
</kw>
<arg>${json_data["results"][0]["location"]["coordinates"]["latitude"]} &gt;= -90 and ${json_data["results"][0]["location"]["coordinates"]["latitude"]} &lt;= 90</arg>
<arg>Should Be True</arg>
<arg>${True}</arg>
<doc>Runs the given keyword with the given arguments, if ``condition`` is true.</doc>
<status status="PASS" start="2024-07-15T14:13:10.984498" elapsed="0.001007"/>
</kw>
<kw name="Run Keyword If" owner="BuiltIn">
<kw name="Should Be True" owner="BuiltIn">
<arg>${True}</arg>
<doc>Fails if the given condition is not true.</doc>
<status status="PASS" start="2024-07-15T14:13:10.986380" elapsed="0.000241"/>
</kw>
<arg>${json_data["results"][0]["location"]["coordinates"]["longitude"]} &gt;= -180 and ${json_data["results"][0]["location"]["coordinates"]["longitude"]} &lt;= 180</arg>
<arg>Should Be True</arg>
<arg>${True}</arg>
<doc>Runs the given keyword with the given arguments, if ``condition`` is true.</doc>
<status status="PASS" start="2024-07-15T14:13:10.985686" elapsed="0.001063"/>
</kw>
<status status="PASS" start="2024-07-15T14:13:10.875158" elapsed="0.111727"/>
</kw>
<doc>Testa o conteúdo específico dos campos retornados pela API.</doc>
<tag>testeConteudo</tag>
<status status="PASS" start="2024-07-15T14:13:10.874630" elapsed="0.112407"/>
</test>
<status status="PASS" start="2024-07-15T14:13:10.124798" elapsed="0.864303"/>
</suite>
<status status="PASS" start="2024-07-15T14:13:10.110237" elapsed="0.883908"/>
</suite>
<statistics>
<total>
<stat pass="5" fail="0" skip="0">All Tests</stat>
</total>
<tag>
<stat pass="1" fail="0" skip="0">testeConteudo</stat>
<stat pass="1" fail="0" skip="0">testeEstruturaResposta</stat>
<stat pass="1" fail="0" skip="0">testeRequisicaoBasica</stat>
<stat pass="1" fail="0" skip="0">testeTiposDados</stat>
</tag>
<suite>
<stat pass="5" fail="0" skip="0" id="s1" name="Tests">Tests</stat>
<stat pass="5" fail="0" skip="0" id="s1-s1" name="Random-User-Test">Tests.Random-User-Test</stat>
</suite>
</statistics>
<errors>
</errors>
</robot>
