<?xml version="1.0" encoding="UTF-8"?>
<robot generator="Robot 7.0.1 (Python 3.12.4 on linux)" generated="2024-07-16T21:15:20.262005" rpa="false" schemaversion="5">
<suite id="s1" name="Tests" source="/home/runner/work/ApiRandomUser/ApiRandomUser/RamdonUser/tests">
<suite id="s1-s1" name="Random-User-Test" source="/home/runner/work/ApiRandomUser/ApiRandomUser/RamdonUser/tests/random-user-test.robot">
<test id="s1-s1-t1" name="Conectar" line="13">
<kw name="Conectar API" owner="random-user-service">
<kw name="Create Session" owner="RequestsLibrary">
<msg time="2024-07-16T21:15:20.658141" level="INFO">Creating Session using : alias=consultarAPI, url=https://randomuser.me/, headers={},                     cookies={}, auth=None, timeout=None, proxies=None, verify=False,                     debug=0 </msg>
<arg>consultarAPI</arg>
<arg>${URL}</arg>
<doc>Create Session: create a HTTP session to a server</doc>
<status status="PASS" start="2024-07-16T21:15:20.657933" elapsed="0.000404"/>
</kw>
<status status="PASS" start="2024-07-16T21:15:20.656946" elapsed="0.001754"/>
</kw>
<status status="PASS" start="2024-07-16T21:15:20.656341" elapsed="0.002549"/>
</test>
<test id="s1-s1-t2" name="Validar retorno 200 e JSON Válido" line="16">
<kw name="Teste de Requisicao Basica" owner="random-user-service">
<kw name="GET On Session" owner="RequestsLibrary">
<msg time="2024-07-16T21:15:20.785960" level="INFO">GET Request : url=https://randomuser.me/api 
 path_url=/api 
 headers={'User-Agent': 'python-requests/2.32.3', 'Accept-Encoding': 'gzip, deflate', 'Accept': '*/*', 'Connection': 'keep-alive'} 
 body=None 
 </msg>
<msg time="2024-07-16T21:15:20.786110" level="INFO">GET Response : url=https://randomuser.me/api 
 status=200, reason=OK 
 headers={'Date': 'Tue, 16 Jul 2024 21:15:20 GMT', 'Content-Type': 'application/json; charset=utf-8', 'Transfer-Encoding': 'chunked', 'Connection': 'keep-alive', 'X-Powered-By': 'Express', 'Access-Control-Allow-Origin': '*', 'Cache-Control': 'no-cache', 'ETag': 'W/"49a-BwXQYLGW2sMVFLTZRnVvfyn1J2A"', 'Vary': 'Accept-Encoding', 'Content-Encoding': 'gzip', 'CF-Cache-Status': 'DYNAMIC', 'Report-To': '{"endpoints":[{"url":"https:\\/\\/a.nel.cloudflare.com\\/report\\/v4?s=JNjAWdqYXToyz%2FLGY2Pf%2BYR0bJPguKNOoTT%2FCEbbCzy2U2vP6LxjrarCPnNgT0UFcCM0YUAj%2FFgwAkyiy3FESuSpcV%2FSbbw989M%2B3vNtInPjm71FGPltrEi9pBhBLTE7"}],"group":"cf-nel","max_age":604800}', 'NEL': '{"success_fraction":0,"report_to":"cf-nel","max_age":604800}', 'Server': 'cloudflare', 'CF-RAY': '8a4501ce5e79cf51-SJC', 'alt-svc': 'h3=":443"; ma=86400'} 
 body={"results":[{"gender":"male","name":{"title":"Mr","first":"محمدمهدی","last":"کریمی"},"location":{"street":{"number":4950,"name":"شهید ثانی"},"city":"تبریز","state":"بوشهر","country":"Iran","postcode":83695,"coordinates":{"latitude":"15.6573","longitude":"-149.9064"},"timezone":{"offset":"+10:00","description":"Eastern Australia, Guam, Vladivostok"}},"email":"mhmdmhdy.khrymy@example.com","login":{"uuid":"dde7643d-bb0f-4ab2-900b-b4e22722dfb8","username":"angrypeacock737","password":"456654","salt":"SSd9ORie","md5":"fc92ca1f029db5ba3b17ff888d2dfb81","sha1":"a70402d3caff3a59a1d8f73ab96c80a57fb10c18","sha256":"780c0f1b1424efb32867c8bd6efcfea405798ee8eda95da556825e3ceb3f81b4"},"dob":{"date":"1959-11-28T15:30:09.676Z","age":64},"registered":{"date":"2020-06-02T01:23:57.939Z","age":4},"phone":"014-11897572","cell":"0985-834-8020","id":{"name":"","value":null},"picture":{"large":"https://randomuser.me/api/portraits/men/18.jpg","medium":"https://randomuser.me/api/portraits/med/men/18.jpg","thumbnail":"https://randomuser.me/api/portraits/thumb/men/18.jpg"},"nat":"IR"}],"info":{"seed":"449c03b06542651b","results":1,"page":1,"version":"1.4"}} 
 </msg>
<msg time="2024-07-16T21:15:20.786199" level="INFO">/opt/hostedtoolcache/Python/3.12.4/x64/lib/python3.12/site-packages/urllib3/connectionpool.py:1099: InsecureRequestWarning: Unverified HTTPS request is being made to host 'randomuser.me'. Adding certificate verification is strongly advised. See: https://urllib3.readthedocs.io/en/latest/advanced-usage.html#tls-warnings
  warnings.warn(</msg>
<msg time="2024-07-16T21:15:20.786342" level="INFO">${response} = &lt;Response [200]&gt;</msg>
<var>${response}</var>
<arg>consultarAPI</arg>
<arg>/api</arg>
<doc>Sends a GET request on a previously created HTTP Session.</doc>
<status status="PASS" start="2024-07-16T21:15:20.661521" elapsed="0.124864"/>
</kw>
<kw name="Should Be Equal As Numbers" owner="BuiltIn">
<msg time="2024-07-16T21:15:20.787568" level="INFO">Argument types are:
&lt;class 'int'&gt;
&lt;class 'str'&gt;</msg>
<arg>${response.status_code}</arg>
<arg>200</arg>
<doc>Fails if objects are unequal after converting them to real numbers.</doc>
<status status="PASS" start="2024-07-16T21:15:20.787071" elapsed="0.000564"/>
</kw>
<kw name="Log" owner="BuiltIn">
<msg time="2024-07-16T21:15:20.788348" level="INFO">200</msg>
<arg>${response.status_code}</arg>
<doc>Logs the given message with the given level.</doc>
<status status="PASS" start="2024-07-16T21:15:20.787958" elapsed="0.000434"/>
</kw>
<kw name="Set Variable" owner="BuiltIn">
<msg time="2024-07-16T21:15:20.789147" level="INFO">${json_data} = {'results': [{'gender': 'male', 'name': {'title': 'Mr', 'first': 'محمدمهدی', 'last': 'کریمی'}, 'location': {'street': {'number': 4950, 'name': 'شهید ثانی'}, 'city': 'تبریز', 'state': 'بوشهر', 'country...</msg>
<var>${json_data}</var>
<arg>${response.json()}</arg>
<doc>Returns the given values which can then be assigned to a variables.</doc>
<status status="PASS" start="2024-07-16T21:15:20.788702" elapsed="0.000476"/>
</kw>
<kw name="Dictionary Should Contain Key" owner="Collections">
<arg>${json_data}</arg>
<arg>results</arg>
<doc>Fails if ``key`` is not found from ``dictionary``.</doc>
<status status="PASS" start="2024-07-16T21:15:20.789476" elapsed="0.000168"/>
</kw>
<status status="PASS" start="2024-07-16T21:15:20.661272" elapsed="0.128523"/>
</kw>
<doc>Testa se a API responde corretamente e retorna um objeto JSON válido.</doc>
<tag>testeRequisicaoBasica</tag>
<status status="PASS" start="2024-07-16T21:15:20.660790" elapsed="0.129183"/>
</test>
<test id="s1-s1-t3" name="Validar estrutura de resposta" line="22">
<kw name="Teste de Estrutura de Resposta" owner="random-user-service">
<kw name="GET On Session" owner="RequestsLibrary">
<msg time="2024-07-16T21:15:20.883152" level="INFO">GET Request : url=https://randomuser.me/api 
 path_url=/api 
 headers={'User-Agent': 'python-requests/2.32.3', 'Accept-Encoding': 'gzip, deflate', 'Accept': '*/*', 'Connection': 'keep-alive'} 
 body=None 
 </msg>
<msg time="2024-07-16T21:15:20.883252" level="INFO">GET Response : url=https://randomuser.me/api 
 status=200, reason=OK 
 headers={'Date': 'Tue, 16 Jul 2024 21:15:20 GMT', 'Content-Type': 'application/json; charset=utf-8', 'Transfer-Encoding': 'chunked', 'Connection': 'keep-alive', 'X-Powered-By': 'Express', 'Access-Control-Allow-Origin': '*', 'Cache-Control': 'no-cache', 'ETag': 'W/"47a-chn6q4Nz1y2bleb9d7sWWPsf0sE"', 'Vary': 'Accept-Encoding', 'Content-Encoding': 'gzip', 'CF-Cache-Status': 'DYNAMIC', 'Report-To': '{"endpoints":[{"url":"https:\\/\\/a.nel.cloudflare.com\\/report\\/v4?s=y45UPSQXanjplOIoQQWvtkiTt0zt0XlrFtha8RDLRPTz8S2bNE1FeAxyWY2VoXuYH17r%2FwgkzLEQF56Zzj5reauuB4Iri9KeouoF8unN%2BnZIwWojzAbEu2ji5NWjr6kg"}],"group":"cf-nel","max_age":604800}', 'NEL': '{"success_fraction":0,"report_to":"cf-nel","max_age":604800}', 'Server': 'cloudflare', 'CF-RAY': '8a4501ceff28cf51-SJC', 'alt-svc': 'h3=":443"; ma=86400'} 
 body={"results":[{"gender":"male","name":{"title":"Mr","first":"Stepan","last":"Kolessa"},"location":{"street":{"number":5321,"name":"Savrasova"},"city":"Gorodishche","state":"Mikolayivska","country":"Ukraine","postcode":60406,"coordinates":{"latitude":"72.9343","longitude":"-132.0358"},"timezone":{"offset":"-12:00","description":"Eniwetok, Kwajalein"}},"email":"stepan.kolessa@example.com","login":{"uuid":"d608c398-369b-4f88-81ed-ad7cf4a1f8ea","username":"whiteswan673","password":"airbus","salt":"nALT8GHc","md5":"4f94ee39f6beb18b88c04694aa95b512","sha1":"2e8462cb89a902990783fca9f80b19782d212c33","sha256":"cc0f342bbb196ec3230a6e61d54fd6a954932fa4cee5ddea4c86b898c6273c50"},"dob":{"date":"1993-10-25T07:27:11.117Z","age":30},"registered":{"date":"2012-04-08T11:29:44.116Z","age":12},"phone":"(099) G61-9596","cell":"(067) D94-2940","id":{"name":"","value":null},"picture":{"large":"https://randomuser.me/api/portraits/men/78.jpg","medium":"https://randomuser.me/api/portraits/med/men/78.jpg","thumbnail":"https://randomuser.me/api/portraits/thumb/men/78.jpg"},"nat":"UA"}],"info":{"seed":"a9dfa9646d2f1fc6","results":1,"page":1,"version":"1.4"}} 
 </msg>
<msg time="2024-07-16T21:15:20.883384" level="INFO">/opt/hostedtoolcache/Python/3.12.4/x64/lib/python3.12/site-packages/urllib3/connectionpool.py:1099: InsecureRequestWarning: Unverified HTTPS request is being made to host 'randomuser.me'. Adding certificate verification is strongly advised. See: https://urllib3.readthedocs.io/en/latest/advanced-usage.html#tls-warnings
  warnings.warn(</msg>
<msg time="2024-07-16T21:15:20.883518" level="INFO">${response} = &lt;Response [200]&gt;</msg>
<var>${response}</var>
<arg>consultarAPI</arg>
<arg>/api</arg>
<doc>Sends a GET request on a previously created HTTP Session.</doc>
<status status="PASS" start="2024-07-16T21:15:20.792607" elapsed="0.090954"/>
</kw>
<kw name="Set Variable" owner="BuiltIn">
<msg time="2024-07-16T21:15:20.884850" level="INFO">${json_data} = {'results': [{'gender': 'male', 'name': {'title': 'Mr', 'first': 'Stepan', 'last': 'Kolessa'}, 'location': {'street': {'number': 5321, 'name': 'Savrasova'}, 'city': 'Gorodishche', 'state': 'Mikolayivs...</msg>
<var>${json_data}</var>
<arg>${response.json()}</arg>
<doc>Returns the given values which can then be assigned to a variables.</doc>
<status status="PASS" start="2024-07-16T21:15:20.884261" elapsed="0.000618"/>
</kw>
<kw name="Log" owner="BuiltIn">
<msg time="2024-07-16T21:15:20.885380" level="INFO">{'results': [{'gender': 'male', 'name': {'title': 'Mr', 'first': 'Stepan', 'last': 'Kolessa'}, 'location': {'street': {'number': 5321, 'name': 'Savrasova'}, 'city': 'Gorodishche', 'state': 'Mikolayivska', 'country': 'Ukraine', 'postcode': 60406, 'coordinates': {'latitude': '72.9343', 'longitude': '-132.0358'}, 'timezone': {'offset': '-12:00', 'description': 'Eniwetok, Kwajalein'}}, 'email': 'stepan.kolessa@example.com', 'login': {'uuid': 'd608c398-369b-4f88-81ed-ad7cf4a1f8ea', 'username': 'whiteswan673', 'password': 'airbus', 'salt': 'nALT8GHc', 'md5': '4f94ee39f6beb18b88c04694aa95b512', 'sha1': '2e8462cb89a902990783fca9f80b19782d212c33', 'sha256': 'cc0f342bbb196ec3230a6e61d54fd6a954932fa4cee5ddea4c86b898c6273c50'}, 'dob': {'date': '1993-10-25T07:27:11.117Z', 'age': 30}, 'registered': {'date': '2012-04-08T11:29:44.116Z', 'age': 12}, 'phone': '(099) G61-9596', 'cell': '(067) D94-2940', 'id': {'name': '', 'value': None}, 'picture': {'large': 'https://randomuser.me/api/portraits/men/78.jpg', 'medium': 'https://randomuser.me/api/portraits/med/men/78.jpg', 'thumbnail': 'https://randomuser.me/api/portraits/thumb/men/78.jpg'}, 'nat': 'UA'}], 'info': {'seed': 'a9dfa9646d2f1fc6', 'results': 1, 'page': 1, 'version': '1.4'}}</msg>
<arg>${json_data}</arg>
<doc>Logs the given message with the given level.</doc>
<status status="PASS" start="2024-07-16T21:15:20.885219" elapsed="0.000210"/>
</kw>
<kw name="Dictionary Should Contain Key" owner="Collections">
<arg>${json_data}</arg>
<arg>results</arg>
<doc>Fails if ``key`` is not found from ``dictionary``.</doc>
<status status="PASS" start="2024-07-16T21:15:20.885717" elapsed="0.000158"/>
</kw>
<kw name="Should Not Be Empty" owner="BuiltIn">
<msg time="2024-07-16T21:15:20.886198" level="INFO">Length is 2.</msg>
<arg>${json_data}</arg>
<doc>Verifies that the given item is not empty.</doc>
<status status="PASS" start="2024-07-16T21:15:20.886065" elapsed="0.000173"/>
</kw>
<kw name="Create List" owner="BuiltIn">
<msg time="2024-07-16T21:15:20.886854" level="INFO">${expected_keys} = ['gender', 'name', 'location', 'email', 'login']</msg>
<var>${expected_keys}</var>
<arg>gender</arg>
<arg>name</arg>
<arg>location</arg>
<arg>email</arg>
<arg>login</arg>
<doc>Returns a list containing given items.</doc>
<status status="PASS" start="2024-07-16T21:15:20.886538" elapsed="0.000341"/>
</kw>
<for flavor="IN">
<iter>
<kw name="Dictionary Should Contain Key" owner="Collections">
<arg>${json_data['results'][0]}</arg>
<arg>${key}</arg>
<doc>Fails if ``key`` is not found from ``dictionary``.</doc>
<status status="PASS" start="2024-07-16T21:15:20.887477" elapsed="0.000398"/>
</kw>
<kw name="Log" owner="BuiltIn">
<msg time="2024-07-16T21:15:20.888474" level="INFO">{'gender': 'male', 'name': {'title': 'Mr', 'first': 'Stepan', 'last': 'Kolessa'}, 'location': {'street': {'number': 5321, 'name': 'Savrasova'}, 'city': 'Gorodishche', 'state': 'Mikolayivska', 'country': 'Ukraine', 'postcode': 60406, 'coordinates': {'latitude': '72.9343', 'longitude': '-132.0358'}, 'timezone': {'offset': '-12:00', 'description': 'Eniwetok, Kwajalein'}}, 'email': 'stepan.kolessa@example.com', 'login': {'uuid': 'd608c398-369b-4f88-81ed-ad7cf4a1f8ea', 'username': 'whiteswan673', 'password': 'airbus', 'salt': 'nALT8GHc', 'md5': '4f94ee39f6beb18b88c04694aa95b512', 'sha1': '2e8462cb89a902990783fca9f80b19782d212c33', 'sha256': 'cc0f342bbb196ec3230a6e61d54fd6a954932fa4cee5ddea4c86b898c6273c50'}, 'dob': {'date': '1993-10-25T07:27:11.117Z', 'age': 30}, 'registered': {'date': '2012-04-08T11:29:44.116Z', 'age': 12}, 'phone': '(099) G61-9596', 'cell': '(067) D94-2940', 'id': {'name': '', 'value': None}, 'picture': {'large': 'https://randomuser.me/api/portraits/men/78.jpg', 'medium': 'https://randomuser.me/api/portraits/med/men/78.jpg', 'thumbnail': 'https://randomuser.me/api/portraits/thumb/men/78.jpg'}, 'nat': 'UA'}</msg>
<arg>${json_data['results'][0]}</arg>
<doc>Logs the given message with the given level.</doc>
<status status="PASS" start="2024-07-16T21:15:20.888094" elapsed="0.000431"/>
</kw>
<kw name="Log" owner="BuiltIn">
<msg time="2024-07-16T21:15:20.888957" level="INFO">gender</msg>
<arg>${key}</arg>
<doc>Logs the given message with the given level.</doc>
<status status="PASS" start="2024-07-16T21:15:20.888828" elapsed="0.000168"/>
</kw>
<var name="${key}">gender</var>
<status status="PASS" start="2024-07-16T21:15:20.887344" elapsed="0.001870"/>
</iter>
<iter>
<kw name="Dictionary Should Contain Key" owner="Collections">
<arg>${json_data['results'][0]}</arg>
<arg>${key}</arg>
<doc>Fails if ``key`` is not found from ``dictionary``.</doc>
<status status="PASS" start="2024-07-16T21:15:20.889513" elapsed="0.000387"/>
</kw>
<kw name="Log" owner="BuiltIn">
<msg time="2024-07-16T21:15:20.890429" level="INFO">{'gender': 'male', 'name': {'title': 'Mr', 'first': 'Stepan', 'last': 'Kolessa'}, 'location': {'street': {'number': 5321, 'name': 'Savrasova'}, 'city': 'Gorodishche', 'state': 'Mikolayivska', 'country': 'Ukraine', 'postcode': 60406, 'coordinates': {'latitude': '72.9343', 'longitude': '-132.0358'}, 'timezone': {'offset': '-12:00', 'description': 'Eniwetok, Kwajalein'}}, 'email': 'stepan.kolessa@example.com', 'login': {'uuid': 'd608c398-369b-4f88-81ed-ad7cf4a1f8ea', 'username': 'whiteswan673', 'password': 'airbus', 'salt': 'nALT8GHc', 'md5': '4f94ee39f6beb18b88c04694aa95b512', 'sha1': '2e8462cb89a902990783fca9f80b19782d212c33', 'sha256': 'cc0f342bbb196ec3230a6e61d54fd6a954932fa4cee5ddea4c86b898c6273c50'}, 'dob': {'date': '1993-10-25T07:27:11.117Z', 'age': 30}, 'registered': {'date': '2012-04-08T11:29:44.116Z', 'age': 12}, 'phone': '(099) G61-9596', 'cell': '(067) D94-2940', 'id': {'name': '', 'value': None}, 'picture': {'large': 'https://randomuser.me/api/portraits/men/78.jpg', 'medium': 'https://randomuser.me/api/portraits/med/men/78.jpg', 'thumbnail': 'https://randomuser.me/api/portraits/thumb/men/78.jpg'}, 'nat': 'UA'}</msg>
<arg>${json_data['results'][0]}</arg>
<doc>Logs the given message with the given level.</doc>
<status status="PASS" start="2024-07-16T21:15:20.890084" elapsed="0.000427"/>
</kw>
<kw name="Log" owner="BuiltIn">
<msg time="2024-07-16T21:15:20.890941" level="INFO">name</msg>
<arg>${key}</arg>
<doc>Logs the given message with the given level.</doc>
<status status="PASS" start="2024-07-16T21:15:20.890814" elapsed="0.000165"/>
</kw>
<var name="${key}">name</var>
<status status="PASS" start="2024-07-16T21:15:20.889401" elapsed="0.001794"/>
</iter>
<iter>
<kw name="Dictionary Should Contain Key" owner="Collections">
<arg>${json_data['results'][0]}</arg>
<arg>${key}</arg>
<doc>Fails if ``key`` is not found from ``dictionary``.</doc>
<status status="PASS" start="2024-07-16T21:15:20.891477" elapsed="0.000376"/>
</kw>
<kw name="Log" owner="BuiltIn">
<msg time="2024-07-16T21:15:20.892426" level="INFO">{'gender': 'male', 'name': {'title': 'Mr', 'first': 'Stepan', 'last': 'Kolessa'}, 'location': {'street': {'number': 5321, 'name': 'Savrasova'}, 'city': 'Gorodishche', 'state': 'Mikolayivska', 'country': 'Ukraine', 'postcode': 60406, 'coordinates': {'latitude': '72.9343', 'longitude': '-132.0358'}, 'timezone': {'offset': '-12:00', 'description': 'Eniwetok, Kwajalein'}}, 'email': 'stepan.kolessa@example.com', 'login': {'uuid': 'd608c398-369b-4f88-81ed-ad7cf4a1f8ea', 'username': 'whiteswan673', 'password': 'airbus', 'salt': 'nALT8GHc', 'md5': '4f94ee39f6beb18b88c04694aa95b512', 'sha1': '2e8462cb89a902990783fca9f80b19782d212c33', 'sha256': 'cc0f342bbb196ec3230a6e61d54fd6a954932fa4cee5ddea4c86b898c6273c50'}, 'dob': {'date': '1993-10-25T07:27:11.117Z', 'age': 30}, 'registered': {'date': '2012-04-08T11:29:44.116Z', 'age': 12}, 'phone': '(099) G61-9596', 'cell': '(067) D94-2940', 'id': {'name': '', 'value': None}, 'picture': {'large': 'https://randomuser.me/api/portraits/men/78.jpg', 'medium': 'https://randomuser.me/api/portraits/med/men/78.jpg', 'thumbnail': 'https://randomuser.me/api/portraits/thumb/men/78.jpg'}, 'nat': 'UA'}</msg>
<arg>${json_data['results'][0]}</arg>
<doc>Logs the given message with the given level.</doc>
<status status="PASS" start="2024-07-16T21:15:20.892034" elapsed="0.000442"/>
</kw>
<kw name="Log" owner="BuiltIn">
<msg time="2024-07-16T21:15:20.892904" level="INFO">location</msg>
<arg>${key}</arg>
<doc>Logs the given message with the given level.</doc>
<status status="PASS" start="2024-07-16T21:15:20.892776" elapsed="0.000167"/>
</kw>
<var name="${key}">location</var>
<status status="PASS" start="2024-07-16T21:15:20.891370" elapsed="0.001792"/>
</iter>
<iter>
<kw name="Dictionary Should Contain Key" owner="Collections">
<arg>${json_data['results'][0]}</arg>
<arg>${key}</arg>
<doc>Fails if ``key`` is not found from ``dictionary``.</doc>
<status status="PASS" start="2024-07-16T21:15:20.893439" elapsed="0.000387"/>
</kw>
<kw name="Log" owner="BuiltIn">
<msg time="2024-07-16T21:15:20.894364" level="INFO">{'gender': 'male', 'name': {'title': 'Mr', 'first': 'Stepan', 'last': 'Kolessa'}, 'location': {'street': {'number': 5321, 'name': 'Savrasova'}, 'city': 'Gorodishche', 'state': 'Mikolayivska', 'country': 'Ukraine', 'postcode': 60406, 'coordinates': {'latitude': '72.9343', 'longitude': '-132.0358'}, 'timezone': {'offset': '-12:00', 'description': 'Eniwetok, Kwajalein'}}, 'email': 'stepan.kolessa@example.com', 'login': {'uuid': 'd608c398-369b-4f88-81ed-ad7cf4a1f8ea', 'username': 'whiteswan673', 'password': 'airbus', 'salt': 'nALT8GHc', 'md5': '4f94ee39f6beb18b88c04694aa95b512', 'sha1': '2e8462cb89a902990783fca9f80b19782d212c33', 'sha256': 'cc0f342bbb196ec3230a6e61d54fd6a954932fa4cee5ddea4c86b898c6273c50'}, 'dob': {'date': '1993-10-25T07:27:11.117Z', 'age': 30}, 'registered': {'date': '2012-04-08T11:29:44.116Z', 'age': 12}, 'phone': '(099) G61-9596', 'cell': '(067) D94-2940', 'id': {'name': '', 'value': None}, 'picture': {'large': 'https://randomuser.me/api/portraits/men/78.jpg', 'medium': 'https://randomuser.me/api/portraits/med/men/78.jpg', 'thumbnail': 'https://randomuser.me/api/portraits/thumb/men/78.jpg'}, 'nat': 'UA'}</msg>
<arg>${json_data['results'][0]}</arg>
<doc>Logs the given message with the given level.</doc>
<status status="PASS" start="2024-07-16T21:15:20.894015" elapsed="0.000399"/>
</kw>
<kw name="Log" owner="BuiltIn">
<msg time="2024-07-16T21:15:20.894840" level="INFO">email</msg>
<arg>${key}</arg>
<doc>Logs the given message with the given level.</doc>
<status status="PASS" start="2024-07-16T21:15:20.894710" elapsed="0.000168"/>
</kw>
<var name="${key}">email</var>
<status status="PASS" start="2024-07-16T21:15:20.893332" elapsed="0.001756"/>
</iter>
<iter>
<kw name="Dictionary Should Contain Key" owner="Collections">
<arg>${json_data['results'][0]}</arg>
<arg>${key}</arg>
<doc>Fails if ``key`` is not found from ``dictionary``.</doc>
<status status="PASS" start="2024-07-16T21:15:20.895369" elapsed="0.000384"/>
</kw>
<kw name="Log" owner="BuiltIn">
<msg time="2024-07-16T21:15:20.896327" level="INFO">{'gender': 'male', 'name': {'title': 'Mr', 'first': 'Stepan', 'last': 'Kolessa'}, 'location': {'street': {'number': 5321, 'name': 'Savrasova'}, 'city': 'Gorodishche', 'state': 'Mikolayivska', 'country': 'Ukraine', 'postcode': 60406, 'coordinates': {'latitude': '72.9343', 'longitude': '-132.0358'}, 'timezone': {'offset': '-12:00', 'description': 'Eniwetok, Kwajalein'}}, 'email': 'stepan.kolessa@example.com', 'login': {'uuid': 'd608c398-369b-4f88-81ed-ad7cf4a1f8ea', 'username': 'whiteswan673', 'password': 'airbus', 'salt': 'nALT8GHc', 'md5': '4f94ee39f6beb18b88c04694aa95b512', 'sha1': '2e8462cb89a902990783fca9f80b19782d212c33', 'sha256': 'cc0f342bbb196ec3230a6e61d54fd6a954932fa4cee5ddea4c86b898c6273c50'}, 'dob': {'date': '1993-10-25T07:27:11.117Z', 'age': 30}, 'registered': {'date': '2012-04-08T11:29:44.116Z', 'age': 12}, 'phone': '(099) G61-9596', 'cell': '(067) D94-2940', 'id': {'name': '', 'value': None}, 'picture': {'large': 'https://randomuser.me/api/portraits/men/78.jpg', 'medium': 'https://randomuser.me/api/portraits/med/men/78.jpg', 'thumbnail': 'https://randomuser.me/api/portraits/thumb/men/78.jpg'}, 'nat': 'UA'}</msg>
<arg>${json_data['results'][0]}</arg>
<doc>Logs the given message with the given level.</doc>
<status status="PASS" start="2024-07-16T21:15:20.895935" elapsed="0.000443"/>
</kw>
<kw name="Log" owner="BuiltIn">
<msg time="2024-07-16T21:15:20.896823" level="INFO">login</msg>
<arg>${key}</arg>
<doc>Logs the given message with the given level.</doc>
<status status="PASS" start="2024-07-16T21:15:20.896694" elapsed="0.000167"/>
</kw>
<var name="${key}">login</var>
<status status="PASS" start="2024-07-16T21:15:20.895257" elapsed="0.001830"/>
</iter>
<var>${key}</var>
<value>@{expected_keys}</value>
<status status="PASS" start="2024-07-16T21:15:20.887146" elapsed="0.010069"/>
</for>
<kw name="Create List" owner="BuiltIn">
<msg time="2024-07-16T21:15:20.897546" level="INFO">${expected_keysTwo} = ['username', 'password']</msg>
<var>${expected_keysTwo}</var>
<arg>username</arg>
<arg>password</arg>
<doc>Returns a list containing given items.</doc>
<status status="PASS" start="2024-07-16T21:15:20.897406" elapsed="0.000164"/>
</kw>
<for flavor="IN">
<iter>
<kw name="Dictionary Should Contain Key" owner="Collections">
<arg>${json_data['results'][0]['login']}</arg>
<arg>${keyTwo}</arg>
<doc>Fails if ``key`` is not found from ``dictionary``.</doc>
<status status="PASS" start="2024-07-16T21:15:20.898097" elapsed="0.000387"/>
</kw>
<kw name="Dictionary Should Contain Key" owner="Collections">
<arg>${json_data['results'][0]['login']}</arg>
<arg>${keyTwo}</arg>
<doc>Fails if ``key`` is not found from ``dictionary``.</doc>
<status status="PASS" start="2024-07-16T21:15:20.898665" elapsed="0.000367"/>
</kw>
<kw name="Log" owner="BuiltIn">
<msg time="2024-07-16T21:15:20.899333" level="INFO">username</msg>
<arg>${keyTwo}</arg>
<doc>Logs the given message with the given level.</doc>
<status status="PASS" start="2024-07-16T21:15:20.899214" elapsed="0.000157"/>
</kw>
<var name="${keyTwo}">username</var>
<status status="PASS" start="2024-07-16T21:15:20.897990" elapsed="0.001600"/>
</iter>
<iter>
<kw name="Dictionary Should Contain Key" owner="Collections">
<arg>${json_data['results'][0]['login']}</arg>
<arg>${keyTwo}</arg>
<doc>Fails if ``key`` is not found from ``dictionary``.</doc>
<status status="PASS" start="2024-07-16T21:15:20.899863" elapsed="0.000429"/>
</kw>
<kw name="Dictionary Should Contain Key" owner="Collections">
<arg>${json_data['results'][0]['login']}</arg>
<arg>${keyTwo}</arg>
<doc>Fails if ``key`` is not found from ``dictionary``.</doc>
<status status="PASS" start="2024-07-16T21:15:20.900483" elapsed="0.000368"/>
</kw>
<kw name="Log" owner="BuiltIn">
<msg time="2024-07-16T21:15:20.901145" level="INFO">password</msg>
<arg>${keyTwo}</arg>
<doc>Logs the given message with the given level.</doc>
<status status="PASS" start="2024-07-16T21:15:20.901027" elapsed="0.000160"/>
</kw>
<var name="${keyTwo}">password</var>
<status status="PASS" start="2024-07-16T21:15:20.899758" elapsed="0.001740"/>
</iter>
<var>${keyTwo}</var>
<value>@{expected_keysTwo}</value>
<status status="PASS" start="2024-07-16T21:15:20.897834" elapsed="0.003784"/>
</for>
<status status="PASS" start="2024-07-16T21:15:20.792374" elapsed="0.109384"/>
</kw>
<doc>Testa a estrutura da resposta da API.</doc>
<tag>testeEstruturaResposta</tag>
<status status="PASS" start="2024-07-16T21:15:20.791820" elapsed="0.110093"/>
</test>
<test id="s1-s1-t4" name="Validar tipos de dados" line="28">
<kw name="Teste de Tipos de Dados" owner="random-user-service">
<kw name="GET On Session" owner="RequestsLibrary">
<msg time="2024-07-16T21:15:21.007877" level="INFO">GET Request : url=https://randomuser.me/api 
 path_url=/api 
 headers={'User-Agent': 'python-requests/2.32.3', 'Accept-Encoding': 'gzip, deflate', 'Accept': '*/*', 'Connection': 'keep-alive'} 
 body=None 
 </msg>
<msg time="2024-07-16T21:15:21.007989" level="INFO">GET Response : url=https://randomuser.me/api 
 status=200, reason=OK 
 headers={'Date': 'Tue, 16 Jul 2024 21:15:21 GMT', 'Content-Type': 'application/json; charset=utf-8', 'Transfer-Encoding': 'chunked', 'Connection': 'keep-alive', 'X-Powered-By': 'Express', 'Access-Control-Allow-Origin': '*', 'Cache-Control': 'no-cache', 'ETag': 'W/"488-nRHtjyhAxz+Z+zai5Nz7gDG0DOk"', 'Vary': 'Accept-Encoding', 'Content-Encoding': 'gzip', 'CF-Cache-Status': 'DYNAMIC', 'Report-To': '{"endpoints":[{"url":"https:\\/\\/a.nel.cloudflare.com\\/report\\/v4?s=r1QeOQn60sZmTrKis4vZzADzXU3wa3aCe%2B4LCZgisKFHr6Ml%2F5yVdkYB843%2BRV0BkhjAZtSynfNrGTrV7NqJBJ066kD7ZpqANoVH%2BILXiGypvM8NEHQ76JWR3PYwEEpi"}],"group":"cf-nel","max_age":604800}', 'NEL': '{"success_fraction":0,"report_to":"cf-nel","max_age":604800}', 'Server': 'cloudflare', 'CF-RAY': '8a4501cfafcacf51-SJC', 'alt-svc': 'h3=":443"; ma=86400'} 
 body={"results":[{"gender":"male","name":{"title":"Mr","first":"Kristupas","last":"Sletvold"},"location":{"street":{"number":1397,"name":"Filipstad Brygge"},"city":"Yli","state":"Aust-Agder","country":"Norway","postcode":"0462","coordinates":{"latitude":"40.4657","longitude":"-99.3654"},"timezone":{"offset":"+5:30","description":"Bombay, Calcutta, Madras, New Delhi"}},"email":"kristupas.sletvold@example.com","login":{"uuid":"8cb23f09-2fbe-4198-b162-6e003448401e","username":"happycat460","password":"beach1","salt":"j7T3dJFC","md5":"acdfc363d7d4aee83abb29c660a3963e","sha1":"7b7b525e65b25fb94cb8f364560ff037f3d777dc","sha256":"4c66dc5e60c7225806d2ddce1fb3317916af3ffaf405ae09f271617748f0960f"},"dob":{"date":"1996-09-05T03:45:58.752Z","age":27},"registered":{"date":"2003-02-02T14:52:56.656Z","age":21},"phone":"32252009","cell":"49351969","id":{"name":"FN","value":"05099605547"},"picture":{"large":"https://randomuser.me/api/portraits/men/2.jpg","medium":"https://randomuser.me/api/portraits/med/men/2.jpg","thumbnail":"https://randomuser.me/api/portraits/thumb/men/2.jpg"},"nat":"NO"}],"info":{"seed":"ba1c05e95ceb94c7","results":1,"page":1,"version":"1.4"}} 
 </msg>
<msg time="2024-07-16T21:15:21.008101" level="INFO">/opt/hostedtoolcache/Python/3.12.4/x64/lib/python3.12/site-packages/urllib3/connectionpool.py:1099: InsecureRequestWarning: Unverified HTTPS request is being made to host 'randomuser.me'. Adding certificate verification is strongly advised. See: https://urllib3.readthedocs.io/en/latest/advanced-usage.html#tls-warnings
  warnings.warn(</msg>
<msg time="2024-07-16T21:15:21.008285" level="INFO">${response} = &lt;Response [200]&gt;</msg>
<var>${response}</var>
<arg>consultarAPI</arg>
<arg>/api</arg>
<doc>Sends a GET request on a previously created HTTP Session.</doc>
<status status="PASS" start="2024-07-16T21:15:20.904452" elapsed="0.103880"/>
</kw>
<kw name="Set Variable" owner="BuiltIn">
<msg time="2024-07-16T21:15:21.009489" level="INFO">${json_data} = {'results': [{'gender': 'male', 'name': {'title': 'Mr', 'first': 'Kristupas', 'last': 'Sletvold'}, 'location': {'street': {'number': 1397, 'name': 'Filipstad Brygge'}, 'city': 'Yli', 'state': 'Aust-Ag...</msg>
<var>${json_data}</var>
<arg>${response.json()}</arg>
<doc>Returns the given values which can then be assigned to a variables.</doc>
<status status="PASS" start="2024-07-16T21:15:21.008947" elapsed="0.000572"/>
</kw>
<kw name="Log" owner="BuiltIn">
<msg time="2024-07-16T21:15:21.009994" level="INFO">{'results': [{'gender': 'male', 'name': {'title': 'Mr', 'first': 'Kristupas', 'last': 'Sletvold'}, 'location': {'street': {'number': 1397, 'name': 'Filipstad Brygge'}, 'city': 'Yli', 'state': 'Aust-Agder', 'country': 'Norway', 'postcode': '0462', 'coordinates': {'latitude': '40.4657', 'longitude': '-99.3654'}, 'timezone': {'offset': '+5:30', 'description': 'Bombay, Calcutta, Madras, New Delhi'}}, 'email': 'kristupas.sletvold@example.com', 'login': {'uuid': '8cb23f09-2fbe-4198-b162-6e003448401e', 'username': 'happycat460', 'password': 'beach1', 'salt': 'j7T3dJFC', 'md5': 'acdfc363d7d4aee83abb29c660a3963e', 'sha1': '7b7b525e65b25fb94cb8f364560ff037f3d777dc', 'sha256': '4c66dc5e60c7225806d2ddce1fb3317916af3ffaf405ae09f271617748f0960f'}, 'dob': {'date': '1996-09-05T03:45:58.752Z', 'age': 27}, 'registered': {'date': '2003-02-02T14:52:56.656Z', 'age': 21}, 'phone': '32252009', 'cell': '49351969', 'id': {'name': 'FN', 'value': '05099605547'}, 'picture': {'large': 'https://randomuser.me/api/portraits/men/2.jpg', 'medium': 'https://randomuser.me/api/portraits/med/men/2.jpg', 'thumbnail': 'https://randomuser.me/api/portraits/thumb/men/2.jpg'}, 'nat': 'NO'}], 'info': {'seed': 'ba1c05e95ceb94c7', 'results': 1, 'page': 1, 'version': '1.4'}}</msg>
<arg>${json_data}</arg>
<doc>Logs the given message with the given level.</doc>
<status status="PASS" start="2024-07-16T21:15:21.009840" elapsed="0.000203"/>
</kw>
<kw name="Should Be String" owner="String">
<arg>${json_data['results'][0]['gender']}</arg>
<doc>Fails if the given ``item`` is not a string.</doc>
<status status="PASS" start="2024-07-16T21:15:21.010332" elapsed="0.000363"/>
</kw>
<kw name="Should Match Regexp" owner="BuiltIn">
<arg>${json_data['results'][0]['email']}</arg>
<arg>^[a-zA-Z0-9._%+-]+@[a-zA-Z0-9.-]+\.[a-zA-Z]{2,}$</arg>
<doc>Fails if ``string`` does not match ``pattern`` as a regular expression.</doc>
<status status="PASS" start="2024-07-16T21:15:21.010885" elapsed="0.000505"/>
</kw>
<kw name="Should Match Regexp" owner="BuiltIn">
<arg>${json_data['results'][0]['dob']['date']}</arg>
<arg>\\d{4}-\\d{2}-\\d{2}T\\d{2}:\\d{2}:\\d{2}\\.\\d{3}Z</arg>
<doc>Fails if ``string`` does not match ``pattern`` as a regular expression.</doc>
<status status="PASS" start="2024-07-16T21:15:21.011621" elapsed="0.000525"/>
</kw>
<kw name="Should Match Regexp" owner="BuiltIn">
<arg>${json_data['results'][0]['registered']['date']}</arg>
<arg>\\d{4}-\\d{2}-\\d{2}T\\d{2}:\\d{2}:\\d{2}\\.\\d{3}Z</arg>
<doc>Fails if ``string`` does not match ``pattern`` as a regular expression.</doc>
<status status="PASS" start="2024-07-16T21:15:21.012342" elapsed="0.000374"/>
</kw>
<kw name="Should Match Regexp" owner="BuiltIn">
<arg>${json_data['results'][0]['picture']['large']}</arg>
<arg>^https?://.*\.(?:png|jpe?g|gif|bmp)$</arg>
<doc>Fails if ``string`` does not match ``pattern`` as a regular expression.</doc>
<status status="PASS" start="2024-07-16T21:15:21.012902" elapsed="0.000450"/>
</kw>
<kw name="Should Match Regexp" owner="BuiltIn">
<arg>${json_data['results'][0]['picture']['medium']}</arg>
<arg>^https?://.*\.(?:png|jpe?g|gif|bmp)$</arg>
<doc>Fails if ``string`` does not match ``pattern`` as a regular expression.</doc>
<status status="PASS" start="2024-07-16T21:15:21.013539" elapsed="0.000346"/>
</kw>
<kw name="Should Match Regexp" owner="BuiltIn">
<arg>${json_data['results'][0]['picture']['thumbnail']}</arg>
<arg>^https?://.*\.(?:png|jpe?g|gif|bmp)$</arg>
<doc>Fails if ``string`` does not match ``pattern`` as a regular expression.</doc>
<status status="PASS" start="2024-07-16T21:15:21.014067" elapsed="0.000348"/>
</kw>
<kw name="Log" owner="BuiltIn">
<msg time="2024-07-16T21:15:21.014933" level="INFO">{'large': 'https://randomuser.me/api/portraits/men/2.jpg', 'medium': 'https://randomuser.me/api/portraits/med/men/2.jpg', 'thumbnail': 'https://randomuser.me/api/portraits/thumb/men/2.jpg'}</msg>
<arg>${json_data['results'][0]['picture']}</arg>
<doc>Logs the given message with the given level.</doc>
<status status="PASS" start="2024-07-16T21:15:21.014601" elapsed="0.000375"/>
</kw>
<status status="PASS" start="2024-07-16T21:15:20.904215" elapsed="0.111025"/>
</kw>
<kw name="Teste de Tipos de Dados - Postcode" owner="random-user-service">
<kw name="GET On Session" owner="RequestsLibrary">
<msg time="2024-07-16T21:15:21.107638" level="INFO">GET Request : url=https://randomuser.me/api 
 path_url=/api 
 headers={'User-Agent': 'python-requests/2.32.3', 'Accept-Encoding': 'gzip, deflate', 'Accept': '*/*', 'Connection': 'keep-alive'} 
 body=None 
 </msg>
<msg time="2024-07-16T21:15:21.107733" level="INFO">GET Response : url=https://randomuser.me/api 
 status=200, reason=OK 
 headers={'Date': 'Tue, 16 Jul 2024 21:15:21 GMT', 'Content-Type': 'application/json; charset=utf-8', 'Transfer-Encoding': 'chunked', 'Connection': 'keep-alive', 'X-Powered-By': 'Express', 'Access-Control-Allow-Origin': '*', 'Cache-Control': 'no-cache', 'ETag': 'W/"471-GA1kOJTsMtjByXhF5/TifGqfutI"', 'Vary': 'Accept-Encoding', 'Content-Encoding': 'gzip', 'CF-Cache-Status': 'DYNAMIC', 'Report-To': '{"endpoints":[{"url":"https:\\/\\/a.nel.cloudflare.com\\/report\\/v4?s=sJqKFKY9fML35eK2FkJTSk3%2Bm0cwo68QCr0uWjGdZQVTemdumMR6ct%2FZavJMh7d9N%2BCVOfC14QwUbG%2F6bW4Mq7BmcziKzTPc8oh1BlO4B2B25lS5alcDivEJDCzM7CMS"}],"group":"cf-nel","max_age":604800}', 'NEL': '{"success_fraction":0,"report_to":"cf-nel","max_age":604800}', 'Server': 'cloudflare', 'CF-RAY': '8a4501d0585bcf51-SJC', 'alt-svc': 'h3=":443"; ma=86400'} 
 body={"results":[{"gender":"female","name":{"title":"Miss","first":"Janet","last":"Stevens"},"location":{"street":{"number":6177,"name":"Sunset St"},"city":"Orange","state":"Tasmania","country":"Australia","postcode":5405,"coordinates":{"latitude":"-87.5274","longitude":"8.2233"},"timezone":{"offset":"-10:00","description":"Hawaii"}},"email":"janet.stevens@example.com","login":{"uuid":"6d019cab-ba2c-4415-9d46-a4ced1579f5e","username":"happymouse339","password":"cookie","salt":"OjWphvtY","md5":"559dd07c9f3692015150cdbe2aa7c484","sha1":"71729ebc140a91a510923fc8a0ae140b122ed99a","sha256":"a35c4b44033b66fdf26afc98af7c260ed4a25b9ec85d778027fa3d8bcf2d058d"},"dob":{"date":"1987-07-27T03:12:01.650Z","age":36},"registered":{"date":"2019-11-20T17:30:59.031Z","age":4},"phone":"01-3459-3965","cell":"0412-671-973","id":{"name":"TFN","value":"980447928"},"picture":{"large":"https://randomuser.me/api/portraits/women/83.jpg","medium":"https://randomuser.me/api/portraits/med/women/83.jpg","thumbnail":"https://randomuser.me/api/portraits/thumb/women/83.jpg"},"nat":"AU"}],"info":{"seed":"fc92376d4f6c336d","results":1,"page":1,"version":"1.4"}} 
 </msg>
<msg time="2024-07-16T21:15:21.107803" level="INFO">/opt/hostedtoolcache/Python/3.12.4/x64/lib/python3.12/site-packages/urllib3/connectionpool.py:1099: InsecureRequestWarning: Unverified HTTPS request is being made to host 'randomuser.me'. Adding certificate verification is strongly advised. See: https://urllib3.readthedocs.io/en/latest/advanced-usage.html#tls-warnings
  warnings.warn(</msg>
<msg time="2024-07-16T21:15:21.107931" level="INFO">${response} = &lt;Response [200]&gt;</msg>
<var>${response}</var>
<arg>consultarAPI</arg>
<arg>/api</arg>
<doc>Sends a GET request on a previously created HTTP Session.</doc>
<status status="PASS" start="2024-07-16T21:15:21.015699" elapsed="0.092272"/>
</kw>
<kw name="Set Variable" owner="BuiltIn">
<msg time="2024-07-16T21:15:21.109173" level="INFO">${json_data} = {'results': [{'gender': 'female', 'name': {'title': 'Miss', 'first': 'Janet', 'last': 'Stevens'}, 'location': {'street': {'number': 6177, 'name': 'Sunset St'}, 'city': 'Orange', 'state': 'Tasmania', '...</msg>
<var>${json_data}</var>
<arg>${response.json()}</arg>
<doc>Returns the given values which can then be assigned to a variables.</doc>
<status status="PASS" start="2024-07-16T21:15:21.108606" elapsed="0.000596"/>
</kw>
<kw name="Log" owner="BuiltIn">
<msg time="2024-07-16T21:15:21.109671" level="INFO">{'results': [{'gender': 'female', 'name': {'title': 'Miss', 'first': 'Janet', 'last': 'Stevens'}, 'location': {'street': {'number': 6177, 'name': 'Sunset St'}, 'city': 'Orange', 'state': 'Tasmania', 'country': 'Australia', 'postcode': 5405, 'coordinates': {'latitude': '-87.5274', 'longitude': '8.2233'}, 'timezone': {'offset': '-10:00', 'description': 'Hawaii'}}, 'email': 'janet.stevens@example.com', 'login': {'uuid': '6d019cab-ba2c-4415-9d46-a4ced1579f5e', 'username': 'happymouse339', 'password': 'cookie', 'salt': 'OjWphvtY', 'md5': '559dd07c9f3692015150cdbe2aa7c484', 'sha1': '71729ebc140a91a510923fc8a0ae140b122ed99a', 'sha256': 'a35c4b44033b66fdf26afc98af7c260ed4a25b9ec85d778027fa3d8bcf2d058d'}, 'dob': {'date': '1987-07-27T03:12:01.650Z', 'age': 36}, 'registered': {'date': '2019-11-20T17:30:59.031Z', 'age': 4}, 'phone': '01-3459-3965', 'cell': '0412-671-973', 'id': {'name': 'TFN', 'value': '980447928'}, 'picture': {'large': 'https://randomuser.me/api/portraits/women/83.jpg', 'medium': 'https://randomuser.me/api/portraits/med/women/83.jpg', 'thumbnail': 'https://randomuser.me/api/portraits/thumb/women/83.jpg'}, 'nat': 'AU'}], 'info': {'seed': 'fc92376d4f6c336d', 'results': 1, 'page': 1, 'version': '1.4'}}</msg>
<arg>${json_data}</arg>
<doc>Logs the given message with the given level.</doc>
<status status="PASS" start="2024-07-16T21:15:21.109513" elapsed="0.000204"/>
</kw>
<kw name="Should Be Equal As Numbers" owner="BuiltIn">
<arg>${json_data['results'][0]['location']['postcode']}</arg>
<arg>${json_data['results'][0]['location']['postcode']}</arg>
<doc>Fails if objects are unequal after converting them to real numbers.</doc>
<status status="PASS" start="2024-07-16T21:15:21.110006" elapsed="0.000612"/>
</kw>
<kw name="Log" owner="BuiltIn">
<msg time="2024-07-16T21:15:21.111306" level="INFO">5405</msg>
<arg>${json_data['results'][0]['location']['postcode']}</arg>
<doc>Logs the given message with the given level.</doc>
<status status="PASS" start="2024-07-16T21:15:21.110803" elapsed="0.000545"/>
</kw>
<status status="PASS" start="2024-07-16T21:15:21.015469" elapsed="0.096135"/>
</kw>
<doc>Testa se os tipos de dados na resposta da API estão corretos.</doc>
<tag>testeTiposDados</tag>
<status status="PASS" start="2024-07-16T21:15:20.903722" elapsed="0.208079"/>
</test>
<test id="s1-s1-t5" name="Validar conteudo" line="35">
<kw name="Teste de Tipos de Conteudo" owner="random-user-service">
<kw name="GET On Session" owner="RequestsLibrary">
<msg time="2024-07-16T21:15:21.209841" level="INFO">GET Request : url=https://randomuser.me/api 
 path_url=/api 
 headers={'User-Agent': 'python-requests/2.32.3', 'Accept-Encoding': 'gzip, deflate', 'Accept': '*/*', 'Connection': 'keep-alive'} 
 body=None 
 </msg>
<msg time="2024-07-16T21:15:21.209938" level="INFO">GET Response : url=https://randomuser.me/api 
 status=200, reason=OK 
 headers={'Date': 'Tue, 16 Jul 2024 21:15:21 GMT', 'Content-Type': 'application/json; charset=utf-8', 'Transfer-Encoding': 'chunked', 'Connection': 'keep-alive', 'X-Powered-By': 'Express', 'Access-Control-Allow-Origin': '*', 'Cache-Control': 'no-cache', 'ETag': 'W/"460-1wApu7VSLruJTLV8BgQznEELUq0"', 'Vary': 'Accept-Encoding', 'Content-Encoding': 'gzip', 'CF-Cache-Status': 'DYNAMIC', 'Report-To': '{"endpoints":[{"url":"https:\\/\\/a.nel.cloudflare.com\\/report\\/v4?s=ximbyruUGfQEnSj%2Fa8LJ4%2FPPcsCShfKljF5E1JpfbFjfO7HXyl5copMdXYcjHNAbVOQXW5q7nkWfCDtylVD4ZeN4KLruHrvKsqjAKJNNdTHgk8%2FA%2BMypQS9PpN08xa4b"}],"group":"cf-nel","max_age":604800}', 'NEL': '{"success_fraction":0,"report_to":"cf-nel","max_age":604800}', 'Server': 'cloudflare', 'CF-RAY': '8a4501d0f8f2cf51-SJC', 'alt-svc': 'h3=":443"; ma=86400'} 
 body={"results":[{"gender":"male","name":{"title":"Mr","first":"Boyko","last":"Staruh"},"location":{"street":{"number":4474,"name":"Kostolna"},"city":"Lipovec","state":"Poltavska","country":"Ukraine","postcode":99746,"coordinates":{"latitude":"72.8737","longitude":"-85.2358"},"timezone":{"offset":"+5:45","description":"Kathmandu"}},"email":"boyko.staruh@example.com","login":{"uuid":"1cc777af-e595-40ad-80c2-f3924fe6dba6","username":"silverdog943","password":"5454","salt":"5vJtbNZI","md5":"7aec683630a99b815d5c8bc493462d1e","sha1":"dafdec3d56f57d378750d860c1989f1ff4799ad8","sha256":"190e34721fe9cf2539c7281f9cb3baafca2813164a70b4dc43e53af0d5d75753"},"dob":{"date":"1956-02-07T09:06:32.507Z","age":68},"registered":{"date":"2014-05-13T18:25:40.248Z","age":10},"phone":"(067) Y94-8764","cell":"(068) T06-1322","id":{"name":"","value":null},"picture":{"large":"https://randomuser.me/api/portraits/men/18.jpg","medium":"https://randomuser.me/api/portraits/med/men/18.jpg","thumbnail":"https://randomuser.me/api/portraits/thumb/men/18.jpg"},"nat":"UA"}],"info":{"seed":"b04bfc037e701313","results":1,"page":1,"version":"1.4"}} 
 </msg>
<msg time="2024-07-16T21:15:21.210007" level="INFO">/opt/hostedtoolcache/Python/3.12.4/x64/lib/python3.12/site-packages/urllib3/connectionpool.py:1099: InsecureRequestWarning: Unverified HTTPS request is being made to host 'randomuser.me'. Adding certificate verification is strongly advised. See: https://urllib3.readthedocs.io/en/latest/advanced-usage.html#tls-warnings
  warnings.warn(</msg>
<msg time="2024-07-16T21:15:21.210145" level="INFO">${response} = &lt;Response [200]&gt;</msg>
<var>${response}</var>
<arg>consultarAPI</arg>
<arg>/api</arg>
<doc>Sends a GET request on a previously created HTTP Session.</doc>
<status status="PASS" start="2024-07-16T21:15:21.114289" elapsed="0.095896"/>
</kw>
<kw name="Set Variable" owner="BuiltIn">
<msg time="2024-07-16T21:15:21.211359" level="INFO">${json_data} = {'results': [{'gender': 'male', 'name': {'title': 'Mr', 'first': 'Boyko', 'last': 'Staruh'}, 'location': {'street': {'number': 4474, 'name': 'Kostolna'}, 'city': 'Lipovec', 'state': 'Poltavska', 'coun...</msg>
<var>${json_data}</var>
<arg>${response.json()}</arg>
<doc>Returns the given values which can then be assigned to a variables.</doc>
<status status="PASS" start="2024-07-16T21:15:21.210800" elapsed="0.000589"/>
</kw>
<kw name="Set Variable" owner="BuiltIn">
<msg time="2024-07-16T21:15:21.212123" level="INFO">${name_title} = Mr</msg>
<var>${name_title}</var>
<arg>${json_data["results"][0]["name"]["title"]}</arg>
<doc>Returns the given values which can then be assigned to a variables.</doc>
<status status="PASS" start="2024-07-16T21:15:21.211694" elapsed="0.000456"/>
</kw>
<kw name="Create List" owner="BuiltIn">
<msg time="2024-07-16T21:15:21.212598" level="INFO">${allowed_titles} = ['Mr', 'Ms', 'Miss', 'Mrs', 'Madame', 'Monsieur']</msg>
<var>${allowed_titles}</var>
<arg>Mr</arg>
<arg>Ms</arg>
<arg>Miss</arg>
<arg>Mrs</arg>
<arg>Madame</arg>
<arg>Monsieur</arg>
<doc>Returns a list containing given items.</doc>
<status status="PASS" start="2024-07-16T21:15:21.212452" elapsed="0.000171"/>
</kw>
<kw name="List Should Contain Value" owner="Collections">
<arg>${allowed_titles}</arg>
<arg>${name_title}</arg>
<doc>Fails if the ``value`` is not found from ``list``.</doc>
<status status="PASS" start="2024-07-16T21:15:21.212920" elapsed="0.000179"/>
</kw>
<kw name="Set Variable" owner="BuiltIn">
<msg time="2024-07-16T21:15:21.213644" level="INFO">${name_country} = UA</msg>
<var>${name_country}</var>
<arg>${json_data["results"][0]["nat"]}</arg>
<doc>Returns the given values which can then be assigned to a variables.</doc>
<status status="PASS" start="2024-07-16T21:15:21.213277" elapsed="0.000392"/>
</kw>
<kw name="Create List" owner="BuiltIn">
<msg time="2024-07-16T21:15:21.214549" level="INFO">${list_country} = ['AD', 'AE', 'AF', 'AG', 'AI', 'AL', 'AM', 'AO', 'AQ', 'AR', 'AS', 'AT', 'AU', 'AW', 'AX', 'AZ', 'BA', 'BB', 'BD', 'BE', 'BF', 'BG', 'BH', 'BI', 'BJ', 'BL', 'BM', 'BN', 'BO', 'BQ', 'BR', 'BS', 'BT', '...</msg>
<var>${list_country}</var>
<arg>AD</arg>
<arg>AE</arg>
<arg>AF</arg>
<arg>AG</arg>
<arg>AI</arg>
<arg>AL</arg>
<arg>AM</arg>
<arg>AO</arg>
<arg>AQ</arg>
<arg>AR</arg>
<arg>AS</arg>
<arg>AT</arg>
<arg>AU</arg>
<arg>AW</arg>
<arg>AX</arg>
<arg>AZ</arg>
<arg>BA</arg>
<arg>BB</arg>
<arg>BD</arg>
<arg>BE</arg>
<arg>BF</arg>
<arg>BG</arg>
<arg>BH</arg>
<arg>BI</arg>
<arg>BJ</arg>
<arg>BL</arg>
<arg>BM</arg>
<arg>BN</arg>
<arg>BO</arg>
<arg>BQ</arg>
<arg>BR</arg>
<arg>BS</arg>
<arg>BT</arg>
<arg>BV</arg>
<arg>BW</arg>
<arg>BY</arg>
<arg>BZ</arg>
<arg>CA</arg>
<arg>CC</arg>
<arg>CD</arg>
<arg>CF</arg>
<arg>CG</arg>
<arg>CH</arg>
<arg>CI</arg>
<arg>CK</arg>
<arg>CL</arg>
<arg>CM</arg>
<arg>CN</arg>
<arg>CO</arg>
<arg>CR</arg>
<arg>CU</arg>
<arg>CV</arg>
<arg>CW</arg>
<arg>CX</arg>
<arg>CY</arg>
<arg>CZ</arg>
<arg>DE</arg>
<arg>DJ</arg>
<arg>DK</arg>
<arg>DM</arg>
<arg>DO</arg>
<arg>DZ</arg>
<arg>EC</arg>
<arg>EE</arg>
<arg>EG</arg>
<arg>EH</arg>
<arg>ER</arg>
<arg>ES</arg>
<arg>ET</arg>
<arg>FI</arg>
<arg>FJ</arg>
<arg>FK</arg>
<arg>FM</arg>
<arg>FO</arg>
<arg>FR</arg>
<arg>GA</arg>
<arg>GB</arg>
<arg>GD</arg>
<arg>GE</arg>
<arg>GF</arg>
<arg>GG</arg>
<arg>GH</arg>
<arg>GI</arg>
<arg>GL</arg>
<arg>GM</arg>
<arg>GN</arg>
<arg>GP</arg>
<arg>GQ</arg>
<arg>GR</arg>
<arg>GS</arg>
<arg>GT</arg>
<arg>GU</arg>
<arg>GW</arg>
<arg>GY</arg>
<arg>HK</arg>
<arg>HM</arg>
<arg>HN</arg>
<arg>HR</arg>
<arg>HT</arg>
<arg>HU</arg>
<arg>ID</arg>
<arg>IE</arg>
<arg>IL</arg>
<arg>IM</arg>
<arg>IN</arg>
<arg>IO</arg>
<arg>IQ</arg>
<arg>IR</arg>
<arg>IS</arg>
<arg>IT</arg>
<arg>JE</arg>
<arg>JM</arg>
<arg>JO</arg>
<arg>JP</arg>
<arg>KE</arg>
<arg>KG</arg>
<arg>KH</arg>
<arg>KI</arg>
<arg>KM</arg>
<arg>KN</arg>
<arg>KP</arg>
<arg>KR</arg>
<arg>KW</arg>
<arg>KY</arg>
<arg>KZ</arg>
<arg>LA</arg>
<arg>LB</arg>
<arg>LC</arg>
<arg>LI</arg>
<arg>LK</arg>
<arg>LR</arg>
<arg>LS</arg>
<arg>LT</arg>
<arg>LU</arg>
<arg>LV</arg>
<arg>LY</arg>
<arg>MA</arg>
<arg>MC</arg>
<arg>MD</arg>
<arg>ME</arg>
<arg>MF</arg>
<arg>MG</arg>
<arg>MH</arg>
<arg>MK</arg>
<arg>ML</arg>
<arg>MM</arg>
<arg>MN</arg>
<arg>MO</arg>
<arg>MP</arg>
<arg>MQ</arg>
<arg>MR</arg>
<arg>MS</arg>
<arg>MT</arg>
<arg>MU</arg>
<arg>MV</arg>
<arg>MW</arg>
<arg>MX</arg>
<arg>MY</arg>
<arg>MZ</arg>
<arg>NA</arg>
<arg>NC</arg>
<arg>NE</arg>
<arg>NF</arg>
<arg>NG</arg>
<arg>NI</arg>
<arg>NL</arg>
<arg>NO</arg>
<arg>NP</arg>
<arg>NR</arg>
<arg>NU</arg>
<arg>NZ</arg>
<arg>OM</arg>
<arg>PA</arg>
<arg>PE</arg>
<arg>PF</arg>
<arg>PG</arg>
<arg>PH</arg>
<arg>PK</arg>
<arg>PL</arg>
<arg>PM</arg>
<arg>PN</arg>
<arg>PR</arg>
<arg>PS</arg>
<arg>PT</arg>
<arg>PW</arg>
<arg>PY</arg>
<arg>QA</arg>
<arg>RE</arg>
<arg>RO</arg>
<arg>RS</arg>
<arg>RU</arg>
<arg>RW</arg>
<arg>SA</arg>
<arg>SB</arg>
<arg>SC</arg>
<arg>SD</arg>
<arg>SE</arg>
<arg>SG</arg>
<arg>SH</arg>
<arg>SI</arg>
<arg>SJ</arg>
<arg>SK</arg>
<arg>SL</arg>
<arg>SM</arg>
<arg>SN</arg>
<arg>SO</arg>
<arg>SR</arg>
<arg>SS</arg>
<arg>ST</arg>
<arg>SV</arg>
<arg>SX</arg>
<arg>SY</arg>
<arg>SZ</arg>
<arg>TC</arg>
<arg>TD</arg>
<arg>TF</arg>
<arg>TG</arg>
<arg>TH</arg>
<arg>TJ</arg>
<arg>TK</arg>
<arg>TL</arg>
<arg>TM</arg>
<arg>TN</arg>
<arg>TO</arg>
<arg>TR</arg>
<arg>TT</arg>
<arg>TV</arg>
<arg>TW</arg>
<arg>TZ</arg>
<arg>UA</arg>
<arg>UG</arg>
<arg>UM</arg>
<arg>US</arg>
<arg>UY</arg>
<arg>UZ</arg>
<arg>VA</arg>
<arg>VC</arg>
<arg>VE</arg>
<arg>VG</arg>
<arg>VI</arg>
<arg>VN</arg>
<arg>VU</arg>
<arg>WF</arg>
<arg>WS</arg>
<arg>XK</arg>
<arg>YE</arg>
<arg>YT</arg>
<arg>ZA</arg>
<arg>ZM</arg>
<arg>ZW</arg>
<doc>Returns a list containing given items.</doc>
<status status="PASS" start="2024-07-16T21:15:21.213960" elapsed="0.000615"/>
</kw>
<kw name="List Should Contain Value" owner="Collections">
<arg>${list_country}</arg>
<arg>${name_country}</arg>
<doc>Fails if the ``value`` is not found from ``list``.</doc>
<status status="PASS" start="2024-07-16T21:15:21.215366" elapsed="0.000199"/>
</kw>
<kw name="Run Keyword If" owner="BuiltIn">
<kw name="Should Be True" owner="BuiltIn">
<arg>${True}</arg>
<doc>Fails if the given condition is not true.</doc>
<status status="PASS" start="2024-07-16T21:15:21.216525" elapsed="0.000141"/>
</kw>
<arg>${json_data["results"][0]["location"]["coordinates"]["latitude"]} &gt;= -90 and ${json_data["results"][0]["location"]["coordinates"]["latitude"]} &lt;= 90</arg>
<arg>Should Be True</arg>
<arg>${True}</arg>
<doc>Runs the given keyword with the given arguments, if ``condition`` is true.</doc>
<status status="PASS" start="2024-07-16T21:15:21.215757" elapsed="0.001034"/>
</kw>
<kw name="Run Keyword If" owner="BuiltIn">
<kw name="Should Be True" owner="BuiltIn">
<arg>${True}</arg>
<doc>Fails if the given condition is not true.</doc>
<status status="PASS" start="2024-07-16T21:15:21.217662" elapsed="0.000244"/>
</kw>
<arg>${json_data["results"][0]["location"]["coordinates"]["longitude"]} &gt;= -180 and ${json_data["results"][0]["location"]["coordinates"]["longitude"]} &lt;= 180</arg>
<arg>Should Be True</arg>
<arg>${True}</arg>
<doc>Runs the given keyword with the given arguments, if ``condition`` is true.</doc>
<status status="PASS" start="2024-07-16T21:15:21.216970" elapsed="0.001064"/>
</kw>
<status status="PASS" start="2024-07-16T21:15:21.114068" elapsed="0.104098"/>
</kw>
<doc>Testa o conteúdo específico dos campos retornados pela API.</doc>
<tag>testeConteudo</tag>
<status status="PASS" start="2024-07-16T21:15:21.113620" elapsed="0.104697"/>
</test>
<status status="PASS" start="2024-07-16T21:15:20.320753" elapsed="0.899592"/>
</suite>
<status status="PASS" start="2024-07-16T21:15:20.306337" elapsed="0.919000"/>
</suite>
<statistics>
<total>
<stat pass="5" fail="0" skip="0">All Tests</stat>
</total>
<tag>
<stat pass="1" fail="0" skip="0">testeConteudo</stat>
<stat pass="1" fail="0" skip="0">testeEstruturaResposta</stat>
<stat pass="1" fail="0" skip="0">testeRequisicaoBasica</stat>
<stat pass="1" fail="0" skip="0">testeTiposDados</stat>
</tag>
<suite>
<stat pass="5" fail="0" skip="0" id="s1" name="Tests">Tests</stat>
<stat pass="5" fail="0" skip="0" id="s1-s1" name="Random-User-Test">Tests.Random-User-Test</stat>
</suite>
</statistics>
<errors>
</errors>
</robot>
