<?xml version="1.0" encoding="UTF-8"?>
<robot generator="Robot 7.0 (Python 3.12.2 on linux)" generated="2024-04-10T22:15:11.382883" rpa="false" schemaversion="5">
<suite id="s1" name="Tests" source="/home/runner/work/DesafioQAItauRogerioJordao/DesafioQAItauRogerioJordao/RamdonUser/tests">
<suite id="s1-s1" name="Random-User-Test" source="/home/runner/work/DesafioQAItauRogerioJordao/DesafioQAItauRogerioJordao/RamdonUser/tests/random-user-test.robot">
<test id="s1-s1-t1" name="Conectar" line="13">
<kw name="Conectar API" owner="random-user-service">
<kw name="Create Session" owner="RequestsLibrary">
<msg time="2024-04-10T22:15:11.745566" level="INFO">Creating Session using : alias=consultarAPI, url=https://randomuser.me/, headers={},                     cookies={}, auth=None, timeout=None, proxies=None, verify=False,                     debug=0 </msg>
<arg>consultarAPI</arg>
<arg>${URL}</arg>
<doc>Create Session: create a HTTP session to a server</doc>
<status status="PASS" start="2024-04-10T22:15:11.745349" elapsed="0.000413"/>
</kw>
<status status="PASS" start="2024-04-10T22:15:11.744221" elapsed="0.001920"/>
</kw>
<status status="PASS" start="2024-04-10T22:15:11.743555" elapsed="0.002798"/>
</test>
<test id="s1-s1-t2" name="Validar retorno 200 e JSON Válido" line="16">
<kw name="Teste de Requisicao Basica" owner="random-user-service">
<kw name="GET On Session" owner="RequestsLibrary">
<msg time="2024-04-10T22:15:11.934964" level="INFO">GET Request : url=https://randomuser.me/api 
 path_url=/api 
 headers={'User-Agent': 'python-requests/2.31.0', 'Accept-Encoding': 'gzip, deflate', 'Accept': '*/*', 'Connection': 'keep-alive'} 
 body=None 
 </msg>
<msg time="2024-04-10T22:15:11.935117" level="INFO">GET Response : url=https://randomuser.me/api 
 status=200, reason=OK 
 headers={'Date': 'Wed, 10 Apr 2024 22:15:11 GMT', 'Content-Type': 'application/json; charset=utf-8', 'Transfer-Encoding': 'chunked', 'Connection': 'keep-alive', 'X-Powered-By': 'Express', 'Access-Control-Allow-Origin': '*', 'Cache-Control': 'no-cache', 'ETag': 'W/"467-QUjqGxjgRblIezi7lRf1EQdmqq8"', 'Vary': 'Accept-Encoding', 'Content-Encoding': 'gzip', 'CF-Cache-Status': 'DYNAMIC', 'Report-To': '{"endpoints":[{"url":"https:\\/\\/a.nel.cloudflare.com\\/report\\/v4?s=I2EcSpceHaa2%2BiDe9RMl%2BLqBDItzFU9fohVKAElKzrpK75nMIrN3MRpjl2%2F%2BeYKP%2Bc0wRazGxnEA8FYNEIH4PRuPt%2BqRaSGQtWRbYrLGIozsSuIuawhwZkYX35WLL3%2Fp"}],"group":"cf-nel","max_age":604800}', 'NEL': '{"success_fraction":0,"report_to":"cf-nel","max_age":604800}', 'Server': 'cloudflare', 'CF-RAY': '8726181b59359126-ORD', 'alt-svc': 'h3=":443"; ma=86400'} 
 body={"results":[{"gender":"male","name":{"title":"Mr","first":"Todd","last":"Jordan"},"location":{"street":{"number":9486,"name":"New Road"},"city":"Mountmellick","state":"Limerick","country":"Ireland","postcode":84681,"coordinates":{"latitude":"0.6903","longitude":"-87.0909"},"timezone":{"offset":"+5:45","description":"Kathmandu"}},"email":"todd.jordan@example.com","login":{"uuid":"e7cf7a8d-5d86-4d5b-a423-3c1b3236bf1e","username":"blackduck285","password":"damon","salt":"w2Gz1vTx","md5":"e8e74bb25037d3f273718bb9567c3014","sha1":"11909d7a2e7c08c207ea94bda59b7025c611bdb8","sha256":"9a82b6ed2e9951b4b20f27719ba51d9eec1ed7e65859a0cc3813d98ea4841f56"},"dob":{"date":"1989-01-11T13:08:27.389Z","age":35},"registered":{"date":"2003-09-22T19:34:27.399Z","age":20},"phone":"021-124-7908","cell":"081-224-2308","id":{"name":"PPS","value":"1011008T"},"picture":{"large":"https://randomuser.me/api/portraits/men/70.jpg","medium":"https://randomuser.me/api/portraits/med/men/70.jpg","thumbnail":"https://randomuser.me/api/portraits/thumb/men/70.jpg"},"nat":"IE"}],"info":{"seed":"445cec30d74287cf","results":1,"page":1,"version":"1.4"}} 
 </msg>
<msg time="2024-04-10T22:15:11.935201" level="INFO">/opt/hostedtoolcache/Python/3.12.2/x64/lib/python3.12/site-packages/urllib3/connectionpool.py:1103: InsecureRequestWarning: Unverified HTTPS request is being made to host 'randomuser.me'. Adding certificate verification is strongly advised. See: https://urllib3.readthedocs.io/en/latest/advanced-usage.html#tls-warnings
  warnings.warn(</msg>
<msg time="2024-04-10T22:15:11.935348" level="INFO">${response} = &lt;Response [200]&gt;</msg>
<var>${response}</var>
<arg>consultarAPI</arg>
<arg>/api</arg>
<doc>Sends a GET request on a previously created HTTP Session.</doc>
<status status="PASS" start="2024-04-10T22:15:11.749071" elapsed="0.186318"/>
</kw>
<kw name="Should Be Equal As Numbers" owner="BuiltIn">
<msg time="2024-04-10T22:15:11.936772" level="INFO">Argument types are:
&lt;class 'int'&gt;
&lt;class 'str'&gt;</msg>
<arg>${response.status_code}</arg>
<arg>200</arg>
<doc>Fails if objects are unequal after converting them to real numbers.</doc>
<status status="PASS" start="2024-04-10T22:15:11.936097" elapsed="0.000745"/>
</kw>
<kw name="Log" owner="BuiltIn">
<msg time="2024-04-10T22:15:11.937621" level="INFO">200</msg>
<arg>${response.status_code}</arg>
<doc>Logs the given message with the given level.</doc>
<status status="PASS" start="2024-04-10T22:15:11.937225" elapsed="0.000441"/>
</kw>
<kw name="Set Variable" owner="BuiltIn">
<msg time="2024-04-10T22:15:11.938486" level="INFO">${json_data} = {'results': [{'gender': 'male', 'name': {'title': 'Mr', 'first': 'Todd', 'last': 'Jordan'}, 'location': {'street': {'number': 9486, 'name': 'New Road'}, 'city': 'Mountmellick', 'state': 'Limerick', 'c...</msg>
<var>${json_data}</var>
<arg>${response.json()}</arg>
<doc>Returns the given values which can then be assigned to a variables.</doc>
<status status="PASS" start="2024-04-10T22:15:11.938027" elapsed="0.000487"/>
</kw>
<kw name="Dictionary Should Contain Key" owner="Collections">
<msg time="2024-04-10T22:15:11.939139" level="INFO">False</msg>
<arg>${json_data}</arg>
<arg>results</arg>
<doc>Fails if ``key`` is not found from ``dictionary``.</doc>
<status status="PASS" start="2024-04-10T22:15:11.938878" elapsed="0.000310"/>
</kw>
<status status="PASS" start="2024-04-10T22:15:11.748810" elapsed="0.190653"/>
</kw>
<doc>Testa se a API responde corretamente e retorna um objeto JSON válido.</doc>
<tag>testeRequisicaoBasica</tag>
<status status="PASS" start="2024-04-10T22:15:11.748217" elapsed="0.191443"/>
</test>
<test id="s1-s1-t3" name="Validar estrutura de resposta" line="22">
<kw name="Teste de Estrutura de Resposta" owner="random-user-service">
<kw name="GET On Session" owner="RequestsLibrary">
<msg time="2024-04-10T22:15:12.042119" level="INFO">GET Request : url=https://randomuser.me/api 
 path_url=/api 
 headers={'User-Agent': 'python-requests/2.31.0', 'Accept-Encoding': 'gzip, deflate', 'Accept': '*/*', 'Connection': 'keep-alive'} 
 body=None 
 </msg>
<msg time="2024-04-10T22:15:12.042233" level="INFO">GET Response : url=https://randomuser.me/api 
 status=200, reason=OK 
 headers={'Date': 'Wed, 10 Apr 2024 22:15:12 GMT', 'Content-Type': 'application/json; charset=utf-8', 'Transfer-Encoding': 'chunked', 'Connection': 'keep-alive', 'X-Powered-By': 'Express', 'Access-Control-Allow-Origin': '*', 'Cache-Control': 'no-cache', 'ETag': 'W/"478-L0OxhVoO5dySgU9NZsiryjBYyRU"', 'Vary': 'Accept-Encoding', 'Content-Encoding': 'gzip', 'CF-Cache-Status': 'DYNAMIC', 'Report-To': '{"endpoints":[{"url":"https:\\/\\/a.nel.cloudflare.com\\/report\\/v4?s=A63%2FAtqLCnJux2fEpycxl2AdjwQIj3fjstwhniYI1cQ%2FofuAukGpTmqYejIZTNkQnVvI4jAin9rhs2k9u%2B919ntubhisd%2FeVSsire7POmYz%2BoCIBucrk6O6GrS%2FPFIul"}],"group":"cf-nel","max_age":604800}', 'NEL': '{"success_fraction":0,"report_to":"cf-nel","max_age":604800}', 'Server': 'cloudflare', 'CF-RAY': '8726181baa529126-ORD', 'alt-svc': 'h3=":443"; ma=86400'} 
 body={"results":[{"gender":"female","name":{"title":"Miss","first":"Oriyanka","last":"Leskiv"},"location":{"street":{"number":2961,"name":"Geroyiv Viyni"},"city":"Gorodok","state":"Luganska","country":"Ukraine","postcode":81475,"coordinates":{"latitude":"75.7912","longitude":"38.4560"},"timezone":{"offset":"+5:45","description":"Kathmandu"}},"email":"oriyanka.leskiv@example.com","login":{"uuid":"a81c4337-cb31-4036-b273-3023935932d4","username":"blueelephant130","password":"janice","salt":"Rmgdoz0k","md5":"884aec667e950ff3a201937b5fb32137","sha1":"6ff32544007efad7bd48de0d5e02af6ebd9122c9","sha256":"3ed4744aab4bdbbf7c66380555aeb5c3268b628d67412f74c73e9e01a907e6b7"},"dob":{"date":"1953-10-22T14:53:58.087Z","age":70},"registered":{"date":"2006-03-06T11:01:35.126Z","age":18},"phone":"(067) I52-1822","cell":"(067) Z09-3365","id":{"name":"","value":null},"picture":{"large":"https://randomuser.me/api/portraits/women/56.jpg","medium":"https://randomuser.me/api/portraits/med/women/56.jpg","thumbnail":"https://randomuser.me/api/portraits/thumb/women/56.jpg"},"nat":"UA"}],"info":{"seed":"4178eaa1fcaba7f6","results":1,"page":1,"version":"1.4"}} 
 </msg>
<msg time="2024-04-10T22:15:12.042406" level="INFO">/opt/hostedtoolcache/Python/3.12.2/x64/lib/python3.12/site-packages/urllib3/connectionpool.py:1103: InsecureRequestWarning: Unverified HTTPS request is being made to host 'randomuser.me'. Adding certificate verification is strongly advised. See: https://urllib3.readthedocs.io/en/latest/advanced-usage.html#tls-warnings
  warnings.warn(</msg>
<msg time="2024-04-10T22:15:12.042564" level="INFO">${response} = &lt;Response [200]&gt;</msg>
<var>${response}</var>
<arg>consultarAPI</arg>
<arg>/api</arg>
<doc>Sends a GET request on a previously created HTTP Session.</doc>
<status status="PASS" start="2024-04-10T22:15:11.942644" elapsed="0.099968"/>
</kw>
<kw name="Set Variable" owner="BuiltIn">
<msg time="2024-04-10T22:15:12.043837" level="INFO">${json_data} = {'results': [{'gender': 'female', 'name': {'title': 'Miss', 'first': 'Oriyanka', 'last': 'Leskiv'}, 'location': {'street': {'number': 2961, 'name': 'Geroyiv Viyni'}, 'city': 'Gorodok', 'state': 'Lugan...</msg>
<var>${json_data}</var>
<arg>${response.json()}</arg>
<doc>Returns the given values which can then be assigned to a variables.</doc>
<status status="PASS" start="2024-04-10T22:15:12.043255" elapsed="0.000611"/>
</kw>
<kw name="Log" owner="BuiltIn">
<msg time="2024-04-10T22:15:12.044400" level="INFO">{'results': [{'gender': 'female', 'name': {'title': 'Miss', 'first': 'Oriyanka', 'last': 'Leskiv'}, 'location': {'street': {'number': 2961, 'name': 'Geroyiv Viyni'}, 'city': 'Gorodok', 'state': 'Luganska', 'country': 'Ukraine', 'postcode': 81475, 'coordinates': {'latitude': '75.7912', 'longitude': '38.4560'}, 'timezone': {'offset': '+5:45', 'description': 'Kathmandu'}}, 'email': 'oriyanka.leskiv@example.com', 'login': {'uuid': 'a81c4337-cb31-4036-b273-3023935932d4', 'username': 'blueelephant130', 'password': 'janice', 'salt': 'Rmgdoz0k', 'md5': '884aec667e950ff3a201937b5fb32137', 'sha1': '6ff32544007efad7bd48de0d5e02af6ebd9122c9', 'sha256': '3ed4744aab4bdbbf7c66380555aeb5c3268b628d67412f74c73e9e01a907e6b7'}, 'dob': {'date': '1953-10-22T14:53:58.087Z', 'age': 70}, 'registered': {'date': '2006-03-06T11:01:35.126Z', 'age': 18}, 'phone': '(067) I52-1822', 'cell': '(067) Z09-3365', 'id': {'name': '', 'value': None}, 'picture': {'large': 'https://randomuser.me/api/portraits/women/56.jpg', 'medium': 'https://randomuser.me/api/portraits/med/women/56.jpg', 'thumbnail': 'https://randomuser.me/api/portraits/thumb/women/56.jpg'}, 'nat': 'UA'}], 'info': {'seed': '4178eaa1fcaba7f6', 'results': 1, 'page': 1, 'version': '1.4'}}</msg>
<arg>${json_data}</arg>
<doc>Logs the given message with the given level.</doc>
<status status="PASS" start="2024-04-10T22:15:12.044225" elapsed="0.000225"/>
</kw>
<kw name="Dictionary Should Contain Key" owner="Collections">
<msg time="2024-04-10T22:15:12.044995" level="INFO">False</msg>
<arg>${json_data}</arg>
<arg>results</arg>
<doc>Fails if ``key`` is not found from ``dictionary``.</doc>
<status status="PASS" start="2024-04-10T22:15:12.044830" elapsed="0.000204"/>
</kw>
<kw name="Should Not Be Empty" owner="BuiltIn">
<msg time="2024-04-10T22:15:12.045473" level="INFO">Length is 2.</msg>
<arg>${json_data}</arg>
<doc>Verifies that the given item is not empty.</doc>
<status status="PASS" start="2024-04-10T22:15:12.045335" elapsed="0.000177"/>
</kw>
<kw name="Create List" owner="BuiltIn">
<msg time="2024-04-10T22:15:12.045986" level="INFO">${expected_keys} = ['gender', 'name', 'location', 'email', 'login']</msg>
<var>${expected_keys}</var>
<arg>gender</arg>
<arg>name</arg>
<arg>location</arg>
<arg>email</arg>
<arg>login</arg>
<doc>Returns a list containing given items.</doc>
<status status="PASS" start="2024-04-10T22:15:12.045816" elapsed="0.000195"/>
</kw>
<for flavor="IN">
<iter>
<kw name="Dictionary Should Contain Key" owner="Collections">
<msg time="2024-04-10T22:15:12.047026" level="INFO">False</msg>
<arg>${json_data['results'][0]}</arg>
<arg>${key}</arg>
<doc>Fails if ``key`` is not found from ``dictionary``.</doc>
<status status="PASS" start="2024-04-10T22:15:12.046605" elapsed="0.000461"/>
</kw>
<kw name="Log" owner="BuiltIn">
<msg time="2024-04-10T22:15:12.047755" level="INFO">{'gender': 'female', 'name': {'title': 'Miss', 'first': 'Oriyanka', 'last': 'Leskiv'}, 'location': {'street': {'number': 2961, 'name': 'Geroyiv Viyni'}, 'city': 'Gorodok', 'state': 'Luganska', 'country': 'Ukraine', 'postcode': 81475, 'coordinates': {'latitude': '75.7912', 'longitude': '38.4560'}, 'timezone': {'offset': '+5:45', 'description': 'Kathmandu'}}, 'email': 'oriyanka.leskiv@example.com', 'login': {'uuid': 'a81c4337-cb31-4036-b273-3023935932d4', 'username': 'blueelephant130', 'password': 'janice', 'salt': 'Rmgdoz0k', 'md5': '884aec667e950ff3a201937b5fb32137', 'sha1': '6ff32544007efad7bd48de0d5e02af6ebd9122c9', 'sha256': '3ed4744aab4bdbbf7c66380555aeb5c3268b628d67412f74c73e9e01a907e6b7'}, 'dob': {'date': '1953-10-22T14:53:58.087Z', 'age': 70}, 'registered': {'date': '2006-03-06T11:01:35.126Z', 'age': 18}, 'phone': '(067) I52-1822', 'cell': '(067) Z09-3365', 'id': {'name': '', 'value': None}, 'picture': {'large': 'https://randomuser.me/api/portraits/women/56.jpg', 'medium': 'https://randomuser.me/api/portraits/med/women/56.jpg', 'thumbnail': 'https://randomuser.me/api/portraits/thumb/women/56.jpg'}, 'nat': 'UA'}</msg>
<arg>${json_data['results'][0]}</arg>
<doc>Logs the given message with the given level.</doc>
<status status="PASS" start="2024-04-10T22:15:12.047382" elapsed="0.000427"/>
</kw>
<kw name="Log" owner="BuiltIn">
<msg time="2024-04-10T22:15:12.048244" level="INFO">gender</msg>
<arg>${key}</arg>
<doc>Logs the given message with the given level.</doc>
<status status="PASS" start="2024-04-10T22:15:12.048112" elapsed="0.000171"/>
</kw>
<var name="${key}">gender</var>
<status status="PASS" start="2024-04-10T22:15:12.046475" elapsed="0.002067"/>
</iter>
<iter>
<kw name="Dictionary Should Contain Key" owner="Collections">
<msg time="2024-04-10T22:15:12.049254" level="INFO">False</msg>
<arg>${json_data['results'][0]}</arg>
<arg>${key}</arg>
<doc>Fails if ``key`` is not found from ``dictionary``.</doc>
<status status="PASS" start="2024-04-10T22:15:12.048859" elapsed="0.000434"/>
</kw>
<kw name="Log" owner="BuiltIn">
<msg time="2024-04-10T22:15:12.049995" level="INFO">{'gender': 'female', 'name': {'title': 'Miss', 'first': 'Oriyanka', 'last': 'Leskiv'}, 'location': {'street': {'number': 2961, 'name': 'Geroyiv Viyni'}, 'city': 'Gorodok', 'state': 'Luganska', 'country': 'Ukraine', 'postcode': 81475, 'coordinates': {'latitude': '75.7912', 'longitude': '38.4560'}, 'timezone': {'offset': '+5:45', 'description': 'Kathmandu'}}, 'email': 'oriyanka.leskiv@example.com', 'login': {'uuid': 'a81c4337-cb31-4036-b273-3023935932d4', 'username': 'blueelephant130', 'password': 'janice', 'salt': 'Rmgdoz0k', 'md5': '884aec667e950ff3a201937b5fb32137', 'sha1': '6ff32544007efad7bd48de0d5e02af6ebd9122c9', 'sha256': '3ed4744aab4bdbbf7c66380555aeb5c3268b628d67412f74c73e9e01a907e6b7'}, 'dob': {'date': '1953-10-22T14:53:58.087Z', 'age': 70}, 'registered': {'date': '2006-03-06T11:01:35.126Z', 'age': 18}, 'phone': '(067) I52-1822', 'cell': '(067) Z09-3365', 'id': {'name': '', 'value': None}, 'picture': {'large': 'https://randomuser.me/api/portraits/women/56.jpg', 'medium': 'https://randomuser.me/api/portraits/med/women/56.jpg', 'thumbnail': 'https://randomuser.me/api/portraits/thumb/women/56.jpg'}, 'nat': 'UA'}</msg>
<arg>${json_data['results'][0]}</arg>
<doc>Logs the given message with the given level.</doc>
<status status="PASS" start="2024-04-10T22:15:12.049626" elapsed="0.000418"/>
</kw>
<kw name="Log" owner="BuiltIn">
<msg time="2024-04-10T22:15:12.050479" level="INFO">name</msg>
<arg>${key}</arg>
<doc>Logs the given message with the given level.</doc>
<status status="PASS" start="2024-04-10T22:15:12.050348" elapsed="0.000170"/>
</kw>
<var name="${key}">name</var>
<status status="PASS" start="2024-04-10T22:15:12.048742" elapsed="0.001997"/>
</iter>
<iter>
<kw name="Dictionary Should Contain Key" owner="Collections">
<msg time="2024-04-10T22:15:12.051421" level="INFO">False</msg>
<arg>${json_data['results'][0]}</arg>
<arg>${key}</arg>
<doc>Fails if ``key`` is not found from ``dictionary``.</doc>
<status status="PASS" start="2024-04-10T22:15:12.051037" elapsed="0.000423"/>
</kw>
<kw name="Log" owner="BuiltIn">
<msg time="2024-04-10T22:15:12.052129" level="INFO">{'gender': 'female', 'name': {'title': 'Miss', 'first': 'Oriyanka', 'last': 'Leskiv'}, 'location': {'street': {'number': 2961, 'name': 'Geroyiv Viyni'}, 'city': 'Gorodok', 'state': 'Luganska', 'country': 'Ukraine', 'postcode': 81475, 'coordinates': {'latitude': '75.7912', 'longitude': '38.4560'}, 'timezone': {'offset': '+5:45', 'description': 'Kathmandu'}}, 'email': 'oriyanka.leskiv@example.com', 'login': {'uuid': 'a81c4337-cb31-4036-b273-3023935932d4', 'username': 'blueelephant130', 'password': 'janice', 'salt': 'Rmgdoz0k', 'md5': '884aec667e950ff3a201937b5fb32137', 'sha1': '6ff32544007efad7bd48de0d5e02af6ebd9122c9', 'sha256': '3ed4744aab4bdbbf7c66380555aeb5c3268b628d67412f74c73e9e01a907e6b7'}, 'dob': {'date': '1953-10-22T14:53:58.087Z', 'age': 70}, 'registered': {'date': '2006-03-06T11:01:35.126Z', 'age': 18}, 'phone': '(067) I52-1822', 'cell': '(067) Z09-3365', 'id': {'name': '', 'value': None}, 'picture': {'large': 'https://randomuser.me/api/portraits/women/56.jpg', 'medium': 'https://randomuser.me/api/portraits/med/women/56.jpg', 'thumbnail': 'https://randomuser.me/api/portraits/thumb/women/56.jpg'}, 'nat': 'UA'}</msg>
<arg>${json_data['results'][0]}</arg>
<doc>Logs the given message with the given level.</doc>
<status status="PASS" start="2024-04-10T22:15:12.051767" elapsed="0.000419"/>
</kw>
<kw name="Log" owner="BuiltIn">
<msg time="2024-04-10T22:15:12.052652" level="INFO">location</msg>
<arg>${key}</arg>
<doc>Logs the given message with the given level.</doc>
<status status="PASS" start="2024-04-10T22:15:12.052485" elapsed="0.000206"/>
</kw>
<var name="${key}">location</var>
<status status="PASS" start="2024-04-10T22:15:12.050925" elapsed="0.001985"/>
</iter>
<iter>
<kw name="Dictionary Should Contain Key" owner="Collections">
<msg time="2024-04-10T22:15:12.053589" level="INFO">False</msg>
<arg>${json_data['results'][0]}</arg>
<arg>${key}</arg>
<doc>Fails if ``key`` is not found from ``dictionary``.</doc>
<status status="PASS" start="2024-04-10T22:15:12.053203" elapsed="0.000424"/>
</kw>
<kw name="Log" owner="BuiltIn">
<msg time="2024-04-10T22:15:12.054292" level="INFO">{'gender': 'female', 'name': {'title': 'Miss', 'first': 'Oriyanka', 'last': 'Leskiv'}, 'location': {'street': {'number': 2961, 'name': 'Geroyiv Viyni'}, 'city': 'Gorodok', 'state': 'Luganska', 'country': 'Ukraine', 'postcode': 81475, 'coordinates': {'latitude': '75.7912', 'longitude': '38.4560'}, 'timezone': {'offset': '+5:45', 'description': 'Kathmandu'}}, 'email': 'oriyanka.leskiv@example.com', 'login': {'uuid': 'a81c4337-cb31-4036-b273-3023935932d4', 'username': 'blueelephant130', 'password': 'janice', 'salt': 'Rmgdoz0k', 'md5': '884aec667e950ff3a201937b5fb32137', 'sha1': '6ff32544007efad7bd48de0d5e02af6ebd9122c9', 'sha256': '3ed4744aab4bdbbf7c66380555aeb5c3268b628d67412f74c73e9e01a907e6b7'}, 'dob': {'date': '1953-10-22T14:53:58.087Z', 'age': 70}, 'registered': {'date': '2006-03-06T11:01:35.126Z', 'age': 18}, 'phone': '(067) I52-1822', 'cell': '(067) Z09-3365', 'id': {'name': '', 'value': None}, 'picture': {'large': 'https://randomuser.me/api/portraits/women/56.jpg', 'medium': 'https://randomuser.me/api/portraits/med/women/56.jpg', 'thumbnail': 'https://randomuser.me/api/portraits/thumb/women/56.jpg'}, 'nat': 'UA'}</msg>
<arg>${json_data['results'][0]}</arg>
<doc>Logs the given message with the given level.</doc>
<status status="PASS" start="2024-04-10T22:15:12.053926" elapsed="0.000413"/>
</kw>
<kw name="Log" owner="BuiltIn">
<msg time="2024-04-10T22:15:12.054766" level="INFO">email</msg>
<arg>${key}</arg>
<doc>Logs the given message with the given level.</doc>
<status status="PASS" start="2024-04-10T22:15:12.054636" elapsed="0.000168"/>
</kw>
<var name="${key}">email</var>
<status status="PASS" start="2024-04-10T22:15:12.053091" elapsed="0.001931"/>
</iter>
<iter>
<kw name="Dictionary Should Contain Key" owner="Collections">
<msg time="2024-04-10T22:15:12.055692" level="INFO">False</msg>
<arg>${json_data['results'][0]}</arg>
<arg>${key}</arg>
<doc>Fails if ``key`` is not found from ``dictionary``.</doc>
<status status="PASS" start="2024-04-10T22:15:12.055309" elapsed="0.000421"/>
</kw>
<kw name="Log" owner="BuiltIn">
<msg time="2024-04-10T22:15:12.056424" level="INFO">{'gender': 'female', 'name': {'title': 'Miss', 'first': 'Oriyanka', 'last': 'Leskiv'}, 'location': {'street': {'number': 2961, 'name': 'Geroyiv Viyni'}, 'city': 'Gorodok', 'state': 'Luganska', 'country': 'Ukraine', 'postcode': 81475, 'coordinates': {'latitude': '75.7912', 'longitude': '38.4560'}, 'timezone': {'offset': '+5:45', 'description': 'Kathmandu'}}, 'email': 'oriyanka.leskiv@example.com', 'login': {'uuid': 'a81c4337-cb31-4036-b273-3023935932d4', 'username': 'blueelephant130', 'password': 'janice', 'salt': 'Rmgdoz0k', 'md5': '884aec667e950ff3a201937b5fb32137', 'sha1': '6ff32544007efad7bd48de0d5e02af6ebd9122c9', 'sha256': '3ed4744aab4bdbbf7c66380555aeb5c3268b628d67412f74c73e9e01a907e6b7'}, 'dob': {'date': '1953-10-22T14:53:58.087Z', 'age': 70}, 'registered': {'date': '2006-03-06T11:01:35.126Z', 'age': 18}, 'phone': '(067) I52-1822', 'cell': '(067) Z09-3365', 'id': {'name': '', 'value': None}, 'picture': {'large': 'https://randomuser.me/api/portraits/women/56.jpg', 'medium': 'https://randomuser.me/api/portraits/med/women/56.jpg', 'thumbnail': 'https://randomuser.me/api/portraits/thumb/women/56.jpg'}, 'nat': 'UA'}</msg>
<arg>${json_data['results'][0]}</arg>
<doc>Logs the given message with the given level.</doc>
<status status="PASS" start="2024-04-10T22:15:12.056036" elapsed="0.000435"/>
</kw>
<kw name="Log" owner="BuiltIn">
<msg time="2024-04-10T22:15:12.056935" level="INFO">login</msg>
<arg>${key}</arg>
<doc>Logs the given message with the given level.</doc>
<status status="PASS" start="2024-04-10T22:15:12.056804" elapsed="0.000175"/>
</kw>
<var name="${key}">login</var>
<status status="PASS" start="2024-04-10T22:15:12.055198" elapsed="0.002005"/>
</iter>
<var>${key}</var>
<value>@{expected_keys}</value>
<status status="PASS" start="2024-04-10T22:15:12.046275" elapsed="0.011077"/>
</for>
<kw name="Create List" owner="BuiltIn">
<msg time="2024-04-10T22:15:12.057698" level="INFO">${expected_keysTwo} = ['username', 'password']</msg>
<var>${expected_keysTwo}</var>
<arg>username</arg>
<arg>password</arg>
<doc>Returns a list containing given items.</doc>
<status status="PASS" start="2024-04-10T22:15:12.057558" elapsed="0.000165"/>
</kw>
<for flavor="IN">
<iter>
<kw name="Dictionary Should Contain Key" owner="Collections">
<msg time="2024-04-10T22:15:12.058749" level="INFO">False</msg>
<arg>${json_data['results'][0]['login']}</arg>
<arg>${keyTwo}</arg>
<doc>Fails if ``key`` is not found from ``dictionary``.</doc>
<status status="PASS" start="2024-04-10T22:15:12.058354" elapsed="0.000433"/>
</kw>
<kw name="Dictionary Should Contain Key" owner="Collections">
<msg time="2024-04-10T22:15:12.059474" level="INFO">False</msg>
<arg>${json_data['results'][0]['login']}</arg>
<arg>${keyTwo}</arg>
<doc>Fails if ``key`` is not found from ``dictionary``.</doc>
<status status="PASS" start="2024-04-10T22:15:12.059091" elapsed="0.000421"/>
</kw>
<kw name="Log" owner="BuiltIn">
<msg time="2024-04-10T22:15:12.059940" level="INFO">username</msg>
<arg>${keyTwo}</arg>
<doc>Logs the given message with the given level.</doc>
<status status="PASS" start="2024-04-10T22:15:12.059808" elapsed="0.000169"/>
</kw>
<var name="${keyTwo}">username</var>
<status status="PASS" start="2024-04-10T22:15:12.058239" elapsed="0.001956"/>
</iter>
<iter>
<kw name="Dictionary Should Contain Key" owner="Collections">
<msg time="2024-04-10T22:15:12.060899" level="INFO">False</msg>
<arg>${json_data['results'][0]['login']}</arg>
<arg>${keyTwo}</arg>
<doc>Fails if ``key`` is not found from ``dictionary``.</doc>
<status status="PASS" start="2024-04-10T22:15:12.060483" elapsed="0.000454"/>
</kw>
<kw name="Dictionary Should Contain Key" owner="Collections">
<msg time="2024-04-10T22:15:12.061618" level="INFO">False</msg>
<arg>${json_data['results'][0]['login']}</arg>
<arg>${keyTwo}</arg>
<doc>Fails if ``key`` is not found from ``dictionary``.</doc>
<status status="PASS" start="2024-04-10T22:15:12.061237" elapsed="0.000418"/>
</kw>
<kw name="Log" owner="BuiltIn">
<msg time="2024-04-10T22:15:12.062075" level="INFO">password</msg>
<arg>${keyTwo}</arg>
<doc>Logs the given message with the given level.</doc>
<status status="PASS" start="2024-04-10T22:15:12.061946" elapsed="0.000167"/>
</kw>
<var name="${keyTwo}">password</var>
<status status="PASS" start="2024-04-10T22:15:12.060372" elapsed="0.001963"/>
</iter>
<var>${keyTwo}</var>
<value>@{expected_keysTwo}</value>
<status status="PASS" start="2024-04-10T22:15:12.057968" elapsed="0.004490"/>
</for>
<status status="PASS" start="2024-04-10T22:15:11.942394" elapsed="0.120214"/>
</kw>
<doc>Testa a estrutura da resposta da API.</doc>
<tag>testeEstruturaResposta</tag>
<status status="PASS" start="2024-04-10T22:15:11.941601" elapsed="0.121177"/>
</test>
<test id="s1-s1-t4" name="Validar tipos de dados" line="28">
<kw name="Teste de Tipos de Dados" owner="random-user-service">
<kw name="GET On Session" owner="RequestsLibrary">
<msg time="2024-04-10T22:15:12.140295" level="INFO">GET Request : url=https://randomuser.me/api 
 path_url=/api 
 headers={'User-Agent': 'python-requests/2.31.0', 'Accept-Encoding': 'gzip, deflate', 'Accept': '*/*', 'Connection': 'keep-alive'} 
 body=None 
 </msg>
<msg time="2024-04-10T22:15:12.140400" level="INFO">GET Response : url=https://randomuser.me/api 
 status=200, reason=OK 
 headers={'Date': 'Wed, 10 Apr 2024 22:15:12 GMT', 'Content-Type': 'application/json; charset=utf-8', 'Transfer-Encoding': 'chunked', 'Connection': 'keep-alive', 'X-Powered-By': 'Express', 'Access-Control-Allow-Origin': '*', 'Cache-Control': 'no-cache', 'ETag': 'W/"47f-idua3pyX7i3/HHSIfG03gY/GTdE"', 'Vary': 'Accept-Encoding', 'Content-Encoding': 'gzip', 'CF-Cache-Status': 'DYNAMIC', 'Report-To': '{"endpoints":[{"url":"https:\\/\\/a.nel.cloudflare.com\\/report\\/v4?s=c8KFZxaHtsmB93QAe9CTEktGB25I5TTU5tzlmVCmJkm9wf54UjhQmSZjHrgKX4sS3ExGwk338OxUyiPwELP7w8fPio5ln%2BxwpgPfKq42Ef02ypWiFjfczTKH1E4%2FOWMV"}],"group":"cf-nel","max_age":604800}', 'NEL': '{"success_fraction":0,"report_to":"cf-nel","max_age":604800}', 'Server': 'cloudflare', 'CF-RAY': '8726181c7cf09126-ORD', 'alt-svc': 'h3=":443"; ma=86400'} 
 body={"results":[{"gender":"female","name":{"title":"Miss","first":"Zlata","last":"Gembickiy"},"location":{"street":{"number":1577,"name":"Peredova"},"city":"Zorinsk","state":"Hmelnicka","country":"Ukraine","postcode":49241,"coordinates":{"latitude":"74.8734","longitude":"65.2190"},"timezone":{"offset":"+7:00","description":"Bangkok, Hanoi, Jakarta"}},"email":"zlata.gembickiy@example.com","login":{"uuid":"522d2a5e-6d8b-4c76-a2c9-843b5e4bd745","username":"orangelion358","password":"seneca","salt":"ZHUWCzli","md5":"c0b11aa657f49cc345476c452c0559ae","sha1":"580373cdf7a7abc4b1153b0bd151c2285f0a2a29","sha256":"8edad864b1a78fdd02db121b9572f1bb258a5dc5e0ac3797f58521ab398e8708"},"dob":{"date":"1955-05-14T17:27:15.861Z","age":68},"registered":{"date":"2016-10-30T19:22:23.152Z","age":7},"phone":"(099) H68-4235","cell":"(096) D61-0501","id":{"name":"","value":null},"picture":{"large":"https://randomuser.me/api/portraits/women/35.jpg","medium":"https://randomuser.me/api/portraits/med/women/35.jpg","thumbnail":"https://randomuser.me/api/portraits/thumb/women/35.jpg"},"nat":"UA"}],"info":{"seed":"d9531d5c04233247","results":1,"page":1,"version":"1.4"}} 
 </msg>
<msg time="2024-04-10T22:15:12.140482" level="INFO">/opt/hostedtoolcache/Python/3.12.2/x64/lib/python3.12/site-packages/urllib3/connectionpool.py:1103: InsecureRequestWarning: Unverified HTTPS request is being made to host 'randomuser.me'. Adding certificate verification is strongly advised. See: https://urllib3.readthedocs.io/en/latest/advanced-usage.html#tls-warnings
  warnings.warn(</msg>
<msg time="2024-04-10T22:15:12.140676" level="INFO">${response} = &lt;Response [200]&gt;</msg>
<var>${response}</var>
<arg>consultarAPI</arg>
<arg>/api</arg>
<doc>Sends a GET request on a previously created HTTP Session.</doc>
<status status="PASS" start="2024-04-10T22:15:12.065408" elapsed="0.075316"/>
</kw>
<kw name="Set Variable" owner="BuiltIn">
<msg time="2024-04-10T22:15:12.141935" level="INFO">${json_data} = {'results': [{'gender': 'female', 'name': {'title': 'Miss', 'first': 'Zlata', 'last': 'Gembickiy'}, 'location': {'street': {'number': 1577, 'name': 'Peredova'}, 'city': 'Zorinsk', 'state': 'Hmelnicka'...</msg>
<var>${json_data}</var>
<arg>${response.json()}</arg>
<doc>Returns the given values which can then be assigned to a variables.</doc>
<status status="PASS" start="2024-04-10T22:15:12.141350" elapsed="0.000614"/>
</kw>
<kw name="Log" owner="BuiltIn">
<msg time="2024-04-10T22:15:12.142496" level="INFO">{'results': [{'gender': 'female', 'name': {'title': 'Miss', 'first': 'Zlata', 'last': 'Gembickiy'}, 'location': {'street': {'number': 1577, 'name': 'Peredova'}, 'city': 'Zorinsk', 'state': 'Hmelnicka', 'country': 'Ukraine', 'postcode': 49241, 'coordinates': {'latitude': '74.8734', 'longitude': '65.2190'}, 'timezone': {'offset': '+7:00', 'description': 'Bangkok, Hanoi, Jakarta'}}, 'email': 'zlata.gembickiy@example.com', 'login': {'uuid': '522d2a5e-6d8b-4c76-a2c9-843b5e4bd745', 'username': 'orangelion358', 'password': 'seneca', 'salt': 'ZHUWCzli', 'md5': 'c0b11aa657f49cc345476c452c0559ae', 'sha1': '580373cdf7a7abc4b1153b0bd151c2285f0a2a29', 'sha256': '8edad864b1a78fdd02db121b9572f1bb258a5dc5e0ac3797f58521ab398e8708'}, 'dob': {'date': '1955-05-14T17:27:15.861Z', 'age': 68}, 'registered': {'date': '2016-10-30T19:22:23.152Z', 'age': 7}, 'phone': '(099) H68-4235', 'cell': '(096) D61-0501', 'id': {'name': '', 'value': None}, 'picture': {'large': 'https://randomuser.me/api/portraits/women/35.jpg', 'medium': 'https://randomuser.me/api/portraits/med/women/35.jpg', 'thumbnail': 'https://randomuser.me/api/portraits/thumb/women/35.jpg'}, 'nat': 'UA'}], 'info': {'seed': 'd9531d5c04233247', 'results': 1, 'page': 1, 'version': '1.4'}}</msg>
<arg>${json_data}</arg>
<doc>Logs the given message with the given level.</doc>
<status status="PASS" start="2024-04-10T22:15:12.142321" elapsed="0.000224"/>
</kw>
<kw name="Should Be String" owner="String">
<arg>${json_data['results'][0]['gender']}</arg>
<doc>Fails if the given ``item`` is not a string.</doc>
<status status="PASS" start="2024-04-10T22:15:12.142892" elapsed="0.000384"/>
</kw>
<kw name="Should Match Regexp" owner="BuiltIn">
<arg>${json_data['results'][0]['email']}</arg>
<arg>^[a-zA-Z0-9._%+-]+@[a-zA-Z0-9.-]+\.[a-zA-Z]{2,}$</arg>
<doc>Fails if ``string`` does not match ``pattern`` as a regular expression.</doc>
<status status="PASS" start="2024-04-10T22:15:12.143477" elapsed="0.000524"/>
</kw>
<kw name="Should Match Regexp" owner="BuiltIn">
<arg>${json_data['results'][0]['dob']['date']}</arg>
<arg>\\d{4}-\\d{2}-\\d{2}T\\d{2}:\\d{2}:\\d{2}\\.\\d{3}Z</arg>
<doc>Fails if ``string`` does not match ``pattern`` as a regular expression.</doc>
<status status="PASS" start="2024-04-10T22:15:12.144203" elapsed="0.000544"/>
</kw>
<kw name="Should Match Regexp" owner="BuiltIn">
<arg>${json_data['results'][0]['registered']['date']}</arg>
<arg>\\d{4}-\\d{2}-\\d{2}T\\d{2}:\\d{2}:\\d{2}\\.\\d{3}Z</arg>
<doc>Fails if ``string`` does not match ``pattern`` as a regular expression.</doc>
<status status="PASS" start="2024-04-10T22:15:12.144958" elapsed="0.000518"/>
</kw>
<kw name="Should Match Regexp" owner="BuiltIn">
<arg>${json_data['results'][0]['picture']['large']}</arg>
<arg>^https?://.*\.(?:png|jpe?g|gif|bmp)$</arg>
<doc>Fails if ``string`` does not match ``pattern`` as a regular expression.</doc>
<status status="PASS" start="2024-04-10T22:15:12.145709" elapsed="0.000485"/>
</kw>
<kw name="Should Match Regexp" owner="BuiltIn">
<arg>${json_data['results'][0]['picture']['medium']}</arg>
<arg>^https?://.*\.(?:png|jpe?g|gif|bmp)$</arg>
<doc>Fails if ``string`` does not match ``pattern`` as a regular expression.</doc>
<status status="PASS" start="2024-04-10T22:15:12.146404" elapsed="0.000368"/>
</kw>
<kw name="Should Match Regexp" owner="BuiltIn">
<arg>${json_data['results'][0]['picture']['thumbnail']}</arg>
<arg>^https?://.*\.(?:png|jpe?g|gif|bmp)$</arg>
<doc>Fails if ``string`` does not match ``pattern`` as a regular expression.</doc>
<status status="PASS" start="2024-04-10T22:15:12.146964" elapsed="0.000364"/>
</kw>
<kw name="Log" owner="BuiltIn">
<msg time="2024-04-10T22:15:12.147847" level="INFO">{'large': 'https://randomuser.me/api/portraits/women/35.jpg', 'medium': 'https://randomuser.me/api/portraits/med/women/35.jpg', 'thumbnail': 'https://randomuser.me/api/portraits/thumb/women/35.jpg'}</msg>
<arg>${json_data['results'][0]['picture']}</arg>
<doc>Logs the given message with the given level.</doc>
<status status="PASS" start="2024-04-10T22:15:12.147515" elapsed="0.000374"/>
</kw>
<status status="PASS" start="2024-04-10T22:15:12.065168" elapsed="0.082984"/>
</kw>
<kw name="Teste de Tipos de Dados - Postcode" owner="random-user-service">
<kw name="GET On Session" owner="RequestsLibrary">
<msg time="2024-04-10T22:15:12.243200" level="INFO">GET Request : url=https://randomuser.me/api 
 path_url=/api 
 headers={'User-Agent': 'python-requests/2.31.0', 'Accept-Encoding': 'gzip, deflate', 'Accept': '*/*', 'Connection': 'keep-alive'} 
 body=None 
 </msg>
<msg time="2024-04-10T22:15:12.243301" level="INFO">GET Response : url=https://randomuser.me/api 
 status=200, reason=OK 
 headers={'Date': 'Wed, 10 Apr 2024 22:15:12 GMT', 'Content-Type': 'application/json; charset=utf-8', 'Transfer-Encoding': 'chunked', 'Connection': 'keep-alive', 'X-Powered-By': 'Express', 'Access-Control-Allow-Origin': '*', 'Cache-Control': 'no-cache', 'ETag': 'W/"491-9szO/rNkZDjdOdKfDwBVD6kfaDA"', 'Vary': 'Accept-Encoding', 'Content-Encoding': 'gzip', 'CF-Cache-Status': 'DYNAMIC', 'Report-To': '{"endpoints":[{"url":"https:\\/\\/a.nel.cloudflare.com\\/report\\/v4?s=KVzDsxP7k3hwcsotunCF5T3%2BeXFl7nD%2Fz0JjoVgtGxdtRomvk%2BX%2FfUwkneyhVW4m1j%2F%2BO9UamN4LfaDrOujhj91IhG%2FIHaKJiheKV3Rir9mOJuwxUT4ECoZVJP46eDVL"}],"group":"cf-nel","max_age":604800}', 'NEL': '{"success_fraction":0,"report_to":"cf-nel","max_age":604800}', 'Server': 'cloudflare', 'CF-RAY': '8726181cfe419126-ORD', 'alt-svc': 'h3=":443"; ma=86400'} 
 body={"results":[{"gender":"male","name":{"title":"Mr","first":"محمدطاها","last":"زارعی"},"location":{"street":{"number":5183,"name":"30 تیر"},"city":"ایلام","state":"آذربایجان شرقی","country":"Iran","postcode":12867,"coordinates":{"latitude":"20.4006","longitude":"-133.3067"},"timezone":{"offset":"+2:00","description":"Kaliningrad, South Africa"}},"email":"mhmdth.zraay@example.com","login":{"uuid":"c3880200-213d-479b-a866-3e7bc583062d","username":"greenkoala323","password":"legs","salt":"jem2EMQ6","md5":"8f2089c68e945c1d03c1ed66b864dd95","sha1":"317e97ff54acffd1f1727e443e03fe3ee51fe07d","sha256":"c873a2251a51127a02842c5c22de7e536029b59ea08c99c30ed967414d4c8b67"},"dob":{"date":"1996-07-18T09:41:17.168Z","age":27},"registered":{"date":"2011-02-23T02:04:34.158Z","age":13},"phone":"083-52031806","cell":"0931-798-2301","id":{"name":"","value":null},"picture":{"large":"https://randomuser.me/api/portraits/men/74.jpg","medium":"https://randomuser.me/api/portraits/med/men/74.jpg","thumbnail":"https://randomuser.me/api/portraits/thumb/men/74.jpg"},"nat":"IR"}],"info":{"seed":"c1f3fd0be58673de","results":1,"page":1,"version":"1.4"}} 
 </msg>
<msg time="2024-04-10T22:15:12.243400" level="INFO">/opt/hostedtoolcache/Python/3.12.2/x64/lib/python3.12/site-packages/urllib3/connectionpool.py:1103: InsecureRequestWarning: Unverified HTTPS request is being made to host 'randomuser.me'. Adding certificate verification is strongly advised. See: https://urllib3.readthedocs.io/en/latest/advanced-usage.html#tls-warnings
  warnings.warn(</msg>
<msg time="2024-04-10T22:15:12.243519" level="INFO">${response} = &lt;Response [200]&gt;</msg>
<var>${response}</var>
<arg>consultarAPI</arg>
<arg>/api</arg>
<doc>Sends a GET request on a previously created HTTP Session.</doc>
<status status="PASS" start="2024-04-10T22:15:12.148661" elapsed="0.094894"/>
</kw>
<kw name="Set Variable" owner="BuiltIn">
<msg time="2024-04-10T22:15:12.244664" level="INFO">${json_data} = {'results': [{'gender': 'male', 'name': {'title': 'Mr', 'first': 'محمدطاها', 'last': 'زارعی'}, 'location': {'street': {'number': 5183, 'name': '30 تیر'}, 'city': 'ایلام', 'state': 'آذربایجان شرقی', 'c...</msg>
<var>${json_data}</var>
<arg>${response.json()}</arg>
<doc>Returns the given values which can then be assigned to a variables.</doc>
<status status="PASS" start="2024-04-10T22:15:12.244092" elapsed="0.000603"/>
</kw>
<kw name="Log" owner="BuiltIn">
<msg time="2024-04-10T22:15:12.245173" level="INFO">{'results': [{'gender': 'male', 'name': {'title': 'Mr', 'first': 'محمدطاها', 'last': 'زارعی'}, 'location': {'street': {'number': 5183, 'name': '30 تیر'}, 'city': 'ایلام', 'state': 'آذربایجان شرقی', 'country': 'Iran', 'postcode': 12867, 'coordinates': {'latitude': '20.4006', 'longitude': '-133.3067'}, 'timezone': {'offset': '+2:00', 'description': 'Kaliningrad, South Africa'}}, 'email': 'mhmdth.zraay@example.com', 'login': {'uuid': 'c3880200-213d-479b-a866-3e7bc583062d', 'username': 'greenkoala323', 'password': 'legs', 'salt': 'jem2EMQ6', 'md5': '8f2089c68e945c1d03c1ed66b864dd95', 'sha1': '317e97ff54acffd1f1727e443e03fe3ee51fe07d', 'sha256': 'c873a2251a51127a02842c5c22de7e536029b59ea08c99c30ed967414d4c8b67'}, 'dob': {'date': '1996-07-18T09:41:17.168Z', 'age': 27}, 'registered': {'date': '2011-02-23T02:04:34.158Z', 'age': 13}, 'phone': '083-52031806', 'cell': '0931-798-2301', 'id': {'name': '', 'value': None}, 'picture': {'large': 'https://randomuser.me/api/portraits/men/74.jpg', 'medium': 'https://randomuser.me/api/portraits/med/men/74.jpg', 'thumbnail': 'https://randomuser.me/api/portraits/thumb/men/74.jpg'}, 'nat': 'IR'}], 'info': {'seed': 'c1f3fd0be58673de', 'results': 1, 'page': 1, 'version': '1.4'}}</msg>
<arg>${json_data}</arg>
<doc>Logs the given message with the given level.</doc>
<status status="PASS" start="2024-04-10T22:15:12.245009" elapsed="0.000215"/>
</kw>
<kw name="Should Be Equal As Numbers" owner="BuiltIn">
<arg>${json_data['results'][0]['location']['postcode']}</arg>
<arg>${json_data['results'][0]['location']['postcode']}</arg>
<doc>Fails if objects are unequal after converting them to real numbers.</doc>
<status status="PASS" start="2024-04-10T22:15:12.245531" elapsed="0.000684"/>
</kw>
<kw name="Log" owner="BuiltIn">
<msg time="2024-04-10T22:15:12.246754" level="INFO">12867</msg>
<arg>${json_data['results'][0]['location']['postcode']}</arg>
<doc>Logs the given message with the given level.</doc>
<status status="PASS" start="2024-04-10T22:15:12.246412" elapsed="0.000383"/>
</kw>
<status status="PASS" start="2024-04-10T22:15:12.148387" elapsed="0.098672"/>
</kw>
<doc>Testa se os tipos de dados na resposta da API estão corretos.</doc>
<tag>testeTiposDados</tag>
<status status="PASS" start="2024-04-10T22:15:12.064579" elapsed="0.182655"/>
</test>
<test id="s1-s1-t5" name="Validar conteudo" line="35">
<kw name="Teste de Tipos de Conteudo" owner="random-user-service">
<kw name="GET On Session" owner="RequestsLibrary">
<msg time="2024-04-10T22:15:12.348459" level="INFO">GET Request : url=https://randomuser.me/api 
 path_url=/api 
 headers={'User-Agent': 'python-requests/2.31.0', 'Accept-Encoding': 'gzip, deflate', 'Accept': '*/*', 'Connection': 'keep-alive'} 
 body=None 
 </msg>
<msg time="2024-04-10T22:15:12.348588" level="INFO">GET Response : url=https://randomuser.me/api 
 status=200, reason=OK 
 headers={'Date': 'Wed, 10 Apr 2024 22:15:12 GMT', 'Content-Type': 'application/json; charset=utf-8', 'Transfer-Encoding': 'chunked', 'Connection': 'keep-alive', 'X-Powered-By': 'Express', 'Access-Control-Allow-Origin': '*', 'Cache-Control': 'no-cache', 'ETag': 'W/"4b6-h+qjJyoZn46dXrQBCeK0gE/eyDI"', 'Vary': 'Accept-Encoding', 'Content-Encoding': 'gzip', 'CF-Cache-Status': 'DYNAMIC', 'Report-To': '{"endpoints":[{"url":"https:\\/\\/a.nel.cloudflare.com\\/report\\/v4?s=Sor6APnbQgUukDOa9GsuaZFSnGyTbsRZXekBgn2uRMxABBsa3KQFBzvL7vo6GuUaTFqlDxAWpQwv179jjYIfiDuOKB2fvI3sg%2F6kz3%2Fbd0q66R1MxZaXKM4TnftKQ%2FnX"}],"group":"cf-nel","max_age":604800}', 'NEL': '{"success_fraction":0,"report_to":"cf-nel","max_age":604800}', 'Server': 'cloudflare', 'CF-RAY': '8726181d982d9126-ORD', 'alt-svc': 'h3=":443"; ma=86400'} 
 body={"results":[{"gender":"female","name":{"title":"Mrs","first":"Brigite","last":"Pires"},"location":{"street":{"number":9113,"name":"Rua Santa Luzia "},"city":"Vitória da Conquista","state":"Pernambuco","country":"Brazil","postcode":23577,"coordinates":{"latitude":"-73.4400","longitude":"55.2217"},"timezone":{"offset":"-6:00","description":"Central Time (US &amp; Canada), Mexico City"}},"email":"brigite.pires@example.com","login":{"uuid":"1ca3eaf9-21b1-4a5c-b0af-b8692361ecb4","username":"yellowpeacock605","password":"nathanie","salt":"gShNuWEa","md5":"2216bc679077dd6e18f7301d55d7a83b","sha1":"34a35f3ff0ad50d3f2ef41d868409697b2df879a","sha256":"4724edbb14b70e4f164f07a2b8ed9887b97c59c262f1ef2227810665366d319f"},"dob":{"date":"1966-10-20T18:55:03.126Z","age":57},"registered":{"date":"2013-11-03T18:41:43.769Z","age":10},"phone":"(24) 0977-2318","cell":"(63) 1745-0513","id":{"name":"CPF","value":"992.167.839-95"},"picture":{"large":"https://randomuser.me/api/portraits/women/14.jpg","medium":"https://randomuser.me/api/portraits/med/women/14.jpg","thumbnail":"https://randomuser.me/api/portraits/thumb/women/14.jpg"},"nat":"BR"}],"info":{"seed":"92c5bbd6fe85f469","results":1,"page":1,"version":"1.4"}} 
 </msg>
<msg time="2024-04-10T22:15:12.348665" level="INFO">/opt/hostedtoolcache/Python/3.12.2/x64/lib/python3.12/site-packages/urllib3/connectionpool.py:1103: InsecureRequestWarning: Unverified HTTPS request is being made to host 'randomuser.me'. Adding certificate verification is strongly advised. See: https://urllib3.readthedocs.io/en/latest/advanced-usage.html#tls-warnings
  warnings.warn(</msg>
<msg time="2024-04-10T22:15:12.348794" level="INFO">${response} = &lt;Response [200]&gt;</msg>
<var>${response}</var>
<arg>consultarAPI</arg>
<arg>/api</arg>
<doc>Sends a GET request on a previously created HTTP Session.</doc>
<status status="PASS" start="2024-04-10T22:15:12.249713" elapsed="0.099120"/>
</kw>
<kw name="Set Variable" owner="BuiltIn">
<msg time="2024-04-10T22:15:12.350017" level="INFO">${json_data} = {'results': [{'gender': 'female', 'name': {'title': 'Mrs', 'first': 'Brigite', 'last': 'Pires'}, 'location': {'street': {'number': 9113, 'name': 'Rua Santa Luzia '}, 'city': 'Vitória da Conquista', 's...</msg>
<var>${json_data}</var>
<arg>${response.json()}</arg>
<doc>Returns the given values which can then be assigned to a variables.</doc>
<status status="PASS" start="2024-04-10T22:15:12.349455" elapsed="0.000591"/>
</kw>
<kw name="Set Variable" owner="BuiltIn">
<msg time="2024-04-10T22:15:12.350746" level="INFO">${name_title} = Mrs</msg>
<var>${name_title}</var>
<arg>${json_data["results"][0]["name"]["title"]}</arg>
<doc>Returns the given values which can then be assigned to a variables.</doc>
<status status="PASS" start="2024-04-10T22:15:12.350358" elapsed="0.000414"/>
</kw>
<kw name="Create List" owner="BuiltIn">
<msg time="2024-04-10T22:15:12.351225" level="INFO">${allowed_titles} = ['Mr', 'Ms', 'Miss', 'Mrs', 'Madame', 'Monsieur']</msg>
<var>${allowed_titles}</var>
<arg>Mr</arg>
<arg>Ms</arg>
<arg>Miss</arg>
<arg>Mrs</arg>
<arg>Madame</arg>
<arg>Monsieur</arg>
<doc>Returns a list containing given items.</doc>
<status status="PASS" start="2024-04-10T22:15:12.351073" elapsed="0.000176"/>
</kw>
<kw name="List Should Contain Value" owner="Collections">
<msg time="2024-04-10T22:15:12.351733" level="INFO">False</msg>
<arg>${allowed_titles}</arg>
<arg>${name_title}</arg>
<doc>Fails if the ``value`` is not found from ``list``.</doc>
<status status="PASS" start="2024-04-10T22:15:12.351557" elapsed="0.000212"/>
</kw>
<kw name="Set Variable" owner="BuiltIn">
<msg time="2024-04-10T22:15:12.352445" level="INFO">${name_country} = BR</msg>
<var>${name_country}</var>
<arg>${json_data["results"][0]["nat"]}</arg>
<doc>Returns the given values which can then be assigned to a variables.</doc>
<status status="PASS" start="2024-04-10T22:15:12.352063" elapsed="0.000406"/>
</kw>
<kw name="Create List" owner="BuiltIn">
<msg time="2024-04-10T22:15:12.353418" level="INFO">${list_country} = ['AD', 'AE', 'AF', 'AG', 'AI', 'AL', 'AM', 'AO', 'AQ', 'AR', 'AS', 'AT', 'AU', 'AW', 'AX', 'AZ', 'BA', 'BB', 'BD', 'BE', 'BF', 'BG', 'BH', 'BI', 'BJ', 'BL', 'BM', 'BN', 'BO', 'BQ', 'BR', 'BS', 'BT', '...</msg>
<var>${list_country}</var>
<arg>AD</arg>
<arg>AE</arg>
<arg>AF</arg>
<arg>AG</arg>
<arg>AI</arg>
<arg>AL</arg>
<arg>AM</arg>
<arg>AO</arg>
<arg>AQ</arg>
<arg>AR</arg>
<arg>AS</arg>
<arg>AT</arg>
<arg>AU</arg>
<arg>AW</arg>
<arg>AX</arg>
<arg>AZ</arg>
<arg>BA</arg>
<arg>BB</arg>
<arg>BD</arg>
<arg>BE</arg>
<arg>BF</arg>
<arg>BG</arg>
<arg>BH</arg>
<arg>BI</arg>
<arg>BJ</arg>
<arg>BL</arg>
<arg>BM</arg>
<arg>BN</arg>
<arg>BO</arg>
<arg>BQ</arg>
<arg>BR</arg>
<arg>BS</arg>
<arg>BT</arg>
<arg>BV</arg>
<arg>BW</arg>
<arg>BY</arg>
<arg>BZ</arg>
<arg>CA</arg>
<arg>CC</arg>
<arg>CD</arg>
<arg>CF</arg>
<arg>CG</arg>
<arg>CH</arg>
<arg>CI</arg>
<arg>CK</arg>
<arg>CL</arg>
<arg>CM</arg>
<arg>CN</arg>
<arg>CO</arg>
<arg>CR</arg>
<arg>CU</arg>
<arg>CV</arg>
<arg>CW</arg>
<arg>CX</arg>
<arg>CY</arg>
<arg>CZ</arg>
<arg>DE</arg>
<arg>DJ</arg>
<arg>DK</arg>
<arg>DM</arg>
<arg>DO</arg>
<arg>DZ</arg>
<arg>EC</arg>
<arg>EE</arg>
<arg>EG</arg>
<arg>EH</arg>
<arg>ER</arg>
<arg>ES</arg>
<arg>ET</arg>
<arg>FI</arg>
<arg>FJ</arg>
<arg>FK</arg>
<arg>FM</arg>
<arg>FO</arg>
<arg>FR</arg>
<arg>GA</arg>
<arg>GB</arg>
<arg>GD</arg>
<arg>GE</arg>
<arg>GF</arg>
<arg>GG</arg>
<arg>GH</arg>
<arg>GI</arg>
<arg>GL</arg>
<arg>GM</arg>
<arg>GN</arg>
<arg>GP</arg>
<arg>GQ</arg>
<arg>GR</arg>
<arg>GS</arg>
<arg>GT</arg>
<arg>GU</arg>
<arg>GW</arg>
<arg>GY</arg>
<arg>HK</arg>
<arg>HM</arg>
<arg>HN</arg>
<arg>HR</arg>
<arg>HT</arg>
<arg>HU</arg>
<arg>ID</arg>
<arg>IE</arg>
<arg>IL</arg>
<arg>IM</arg>
<arg>IN</arg>
<arg>IO</arg>
<arg>IQ</arg>
<arg>IR</arg>
<arg>IS</arg>
<arg>IT</arg>
<arg>JE</arg>
<arg>JM</arg>
<arg>JO</arg>
<arg>JP</arg>
<arg>KE</arg>
<arg>KG</arg>
<arg>KH</arg>
<arg>KI</arg>
<arg>KM</arg>
<arg>KN</arg>
<arg>KP</arg>
<arg>KR</arg>
<arg>KW</arg>
<arg>KY</arg>
<arg>KZ</arg>
<arg>LA</arg>
<arg>LB</arg>
<arg>LC</arg>
<arg>LI</arg>
<arg>LK</arg>
<arg>LR</arg>
<arg>LS</arg>
<arg>LT</arg>
<arg>LU</arg>
<arg>LV</arg>
<arg>LY</arg>
<arg>MA</arg>
<arg>MC</arg>
<arg>MD</arg>
<arg>ME</arg>
<arg>MF</arg>
<arg>MG</arg>
<arg>MH</arg>
<arg>MK</arg>
<arg>ML</arg>
<arg>MM</arg>
<arg>MN</arg>
<arg>MO</arg>
<arg>MP</arg>
<arg>MQ</arg>
<arg>MR</arg>
<arg>MS</arg>
<arg>MT</arg>
<arg>MU</arg>
<arg>MV</arg>
<arg>MW</arg>
<arg>MX</arg>
<arg>MY</arg>
<arg>MZ</arg>
<arg>NA</arg>
<arg>NC</arg>
<arg>NE</arg>
<arg>NF</arg>
<arg>NG</arg>
<arg>NI</arg>
<arg>NL</arg>
<arg>NO</arg>
<arg>NP</arg>
<arg>NR</arg>
<arg>NU</arg>
<arg>NZ</arg>
<arg>OM</arg>
<arg>PA</arg>
<arg>PE</arg>
<arg>PF</arg>
<arg>PG</arg>
<arg>PH</arg>
<arg>PK</arg>
<arg>PL</arg>
<arg>PM</arg>
<arg>PN</arg>
<arg>PR</arg>
<arg>PS</arg>
<arg>PT</arg>
<arg>PW</arg>
<arg>PY</arg>
<arg>QA</arg>
<arg>RE</arg>
<arg>RO</arg>
<arg>RS</arg>
<arg>RU</arg>
<arg>RW</arg>
<arg>SA</arg>
<arg>SB</arg>
<arg>SC</arg>
<arg>SD</arg>
<arg>SE</arg>
<arg>SG</arg>
<arg>SH</arg>
<arg>SI</arg>
<arg>SJ</arg>
<arg>SK</arg>
<arg>SL</arg>
<arg>SM</arg>
<arg>SN</arg>
<arg>SO</arg>
<arg>SR</arg>
<arg>SS</arg>
<arg>ST</arg>
<arg>SV</arg>
<arg>SX</arg>
<arg>SY</arg>
<arg>SZ</arg>
<arg>TC</arg>
<arg>TD</arg>
<arg>TF</arg>
<arg>TG</arg>
<arg>TH</arg>
<arg>TJ</arg>
<arg>TK</arg>
<arg>TL</arg>
<arg>TM</arg>
<arg>TN</arg>
<arg>TO</arg>
<arg>TR</arg>
<arg>TT</arg>
<arg>TV</arg>
<arg>TW</arg>
<arg>TZ</arg>
<arg>UA</arg>
<arg>UG</arg>
<arg>UM</arg>
<arg>US</arg>
<arg>UY</arg>
<arg>UZ</arg>
<arg>VA</arg>
<arg>VC</arg>
<arg>VE</arg>
<arg>VG</arg>
<arg>VI</arg>
<arg>VN</arg>
<arg>VU</arg>
<arg>WF</arg>
<arg>WS</arg>
<arg>XK</arg>
<arg>YE</arg>
<arg>YT</arg>
<arg>ZA</arg>
<arg>ZM</arg>
<arg>ZW</arg>
<doc>Returns a list containing given items.</doc>
<status status="PASS" start="2024-04-10T22:15:12.352805" elapsed="0.000639"/>
</kw>
<kw name="List Should Contain Value" owner="Collections">
<msg time="2024-04-10T22:15:12.354440" level="INFO">False</msg>
<arg>${list_country}</arg>
<arg>${name_country}</arg>
<doc>Fails if the ``value`` is not found from ``list``.</doc>
<status status="PASS" start="2024-04-10T22:15:12.354231" elapsed="0.000247"/>
</kw>
<kw name="Run Keyword If" owner="BuiltIn">
<kw name="Should Be True" owner="BuiltIn">
<arg>${True}</arg>
<doc>Fails if the given condition is not true.</doc>
<status status="PASS" start="2024-04-10T22:15:12.355683" elapsed="0.000148"/>
</kw>
<arg>${json_data["results"][0]["location"]["coordinates"]["latitude"]} &gt;= -90 and ${json_data["results"][0]["location"]["coordinates"]["latitude"]} &lt;= 90</arg>
<arg>Should Be True</arg>
<arg>${True}</arg>
<doc>Runs the given keyword with the given arguments, if ``condition`` is true.</doc>
<status status="PASS" start="2024-04-10T22:15:12.354792" elapsed="0.001168"/>
</kw>
<kw name="Run Keyword If" owner="BuiltIn">
<kw name="Should Be True" owner="BuiltIn">
<arg>${True}</arg>
<doc>Fails if the given condition is not true.</doc>
<status status="PASS" start="2024-04-10T22:15:12.356886" elapsed="0.000141"/>
</kw>
<arg>${json_data["results"][0]["location"]["coordinates"]["longitude"]} &gt;= -180 and ${json_data["results"][0]["location"]["coordinates"]["longitude"]} &lt;= 180</arg>
<arg>Should Be True</arg>
<arg>${True}</arg>
<doc>Runs the given keyword with the given arguments, if ``condition`` is true.</doc>
<status status="PASS" start="2024-04-10T22:15:12.356147" elapsed="0.001007"/>
</kw>
<status status="PASS" start="2024-04-10T22:15:12.249480" elapsed="0.107807"/>
</kw>
<doc>Testa o conteúdo específico dos campos retornados pela API.</doc>
<tag>testeConteudo</tag>
<status status="PASS" start="2024-04-10T22:15:12.249014" elapsed="0.108427"/>
</test>
<status status="PASS" start="2024-04-10T22:15:11.437002" elapsed="0.922402"/>
</suite>
<status status="PASS" start="2024-04-10T22:15:11.422926" elapsed="0.941815"/>
</suite>
<statistics>
<total>
<stat pass="5" fail="0" skip="0">All Tests</stat>
</total>
<tag>
<stat pass="1" fail="0" skip="0">testeConteudo</stat>
<stat pass="1" fail="0" skip="0">testeEstruturaResposta</stat>
<stat pass="1" fail="0" skip="0">testeRequisicaoBasica</stat>
<stat pass="1" fail="0" skip="0">testeTiposDados</stat>
</tag>
<suite>
<stat pass="5" fail="0" skip="0" id="s1" name="Tests">Tests</stat>
<stat pass="5" fail="0" skip="0" id="s1-s1" name="Random-User-Test">Tests.Random-User-Test</stat>
</suite>
</statistics>
<errors>
</errors>
</robot>
