<?xml version="1.0" encoding="UTF-8"?>
<robot generator="Robot 7.0.1 (Python 3.12.4 on linux)" generated="2024-06-26T17:13:12.664698" rpa="false" schemaversion="5">
<suite id="s1" name="Tests" source="/home/runner/work/ApiRandomUser/ApiRandomUser/RamdonUser/tests">
<suite id="s1-s1" name="Random-User-Test" source="/home/runner/work/ApiRandomUser/ApiRandomUser/RamdonUser/tests/random-user-test.robot">
<test id="s1-s1-t1" name="Conectar" line="13">
<kw name="Conectar API" owner="random-user-service">
<kw name="Create Session" owner="RequestsLibrary">
<msg time="2024-06-26T17:13:13.069111" level="INFO">Creating Session using : alias=consultarAPI, url=https://randomuser.me/, headers={},                     cookies={}, auth=None, timeout=None, proxies=None, verify=False,                     debug=0 </msg>
<arg>consultarAPI</arg>
<arg>${URL}</arg>
<doc>Create Session: create a HTTP session to a server</doc>
<status status="PASS" start="2024-06-26T17:13:13.068892" elapsed="0.000405"/>
</kw>
<status status="PASS" start="2024-06-26T17:13:13.067866" elapsed="0.001793"/>
</kw>
<status status="PASS" start="2024-06-26T17:13:13.067323" elapsed="0.002529"/>
</test>
<test id="s1-s1-t2" name="Validar retorno 200 e JSON Válido" line="16">
<kw name="Teste de Requisicao Basica" owner="random-user-service">
<kw name="GET On Session" owner="RequestsLibrary">
<msg time="2024-06-26T17:13:13.268595" level="INFO">GET Request : url=https://randomuser.me/api 
 path_url=/api 
 headers={'User-Agent': 'python-requests/2.32.3', 'Accept-Encoding': 'gzip, deflate', 'Accept': '*/*', 'Connection': 'keep-alive'} 
 body=None 
 </msg>
<msg time="2024-06-26T17:13:13.268749" level="INFO">GET Response : url=https://randomuser.me/api 
 status=200, reason=OK 
 headers={'Date': 'Wed, 26 Jun 2024 17:13:13 GMT', 'Content-Type': 'application/json; charset=utf-8', 'Transfer-Encoding': 'chunked', 'Connection': 'keep-alive', 'X-Powered-By': 'Express', 'Access-Control-Allow-Origin': '*', 'Cache-Control': 'no-cache', 'ETag': 'W/"471-i1WfqGBwEFsk/mXlt3etbo0urTY"', 'Vary': 'Accept-Encoding', 'Content-Encoding': 'gzip', 'CF-Cache-Status': 'DYNAMIC', 'Report-To': '{"endpoints":[{"url":"https:\\/\\/a.nel.cloudflare.com\\/report\\/v4?s=1ueptrtwe9VekBiBzJ52NkdVvCqhP%2FjFqbLebDvVpluBwK2WrNUgFVbGfM0SeiHz78EyTmDxZvjkFakKJT1oVLCmQA0DJfXwImXYKr03loNwNoKTLkAX9vyzByG%2FeC3g"}],"group":"cf-nel","max_age":604800}', 'NEL': '{"success_fraction":0,"report_to":"cf-nel","max_age":604800}', 'Server': 'cloudflare', 'CF-RAY': '899ed3a199192980-ORD', 'alt-svc': 'h3=":443"; ma=86400'} 
 body={"results":[{"gender":"male","name":{"title":"Mr","first":"Leo","last":"Walker"},"location":{"street":{"number":6352,"name":"Opawa Road"},"city":"Napier","state":"Northland","country":"New Zealand","postcode":58951,"coordinates":{"latitude":"50.7803","longitude":"-69.9355"},"timezone":{"offset":"-12:00","description":"Eniwetok, Kwajalein"}},"email":"leo.walker@example.com","login":{"uuid":"9c0a9788-7d8f-4794-8fd0-57452a68e4db","username":"ticklishbear398","password":"yvonne","salt":"CYI7EJrd","md5":"70ee0eb33992346c2491bd414dae6387","sha1":"ff8815b064e6496a1fae6fb2b94cc0cbe0e6fd9b","sha256":"a809e46b45b0dbd8a1ed5c51acbd7792bd572cbe0a77954eb357ec765e329496"},"dob":{"date":"1970-11-08T07:45:01.682Z","age":53},"registered":{"date":"2007-07-12T14:26:29.063Z","age":16},"phone":"(163)-592-8751","cell":"(437)-952-1578","id":{"name":"","value":null},"picture":{"large":"https://randomuser.me/api/portraits/men/33.jpg","medium":"https://randomuser.me/api/portraits/med/men/33.jpg","thumbnail":"https://randomuser.me/api/portraits/thumb/men/33.jpg"},"nat":"NZ"}],"info":{"seed":"1eaaa3efc4a33e10","results":1,"page":1,"version":"1.4"}} 
 </msg>
<msg time="2024-06-26T17:13:13.268850" level="INFO">/opt/hostedtoolcache/Python/3.12.4/x64/lib/python3.12/site-packages/urllib3/connectionpool.py:1099: InsecureRequestWarning: Unverified HTTPS request is being made to host 'randomuser.me'. Adding certificate verification is strongly advised. See: https://urllib3.readthedocs.io/en/latest/advanced-usage.html#tls-warnings
  warnings.warn(</msg>
<msg time="2024-06-26T17:13:13.268996" level="INFO">${response} = &lt;Response [200]&gt;</msg>
<var>${response}</var>
<arg>consultarAPI</arg>
<arg>/api</arg>
<doc>Sends a GET request on a previously created HTTP Session.</doc>
<status status="PASS" start="2024-06-26T17:13:13.072554" elapsed="0.196482"/>
</kw>
<kw name="Should Be Equal As Numbers" owner="BuiltIn">
<msg time="2024-06-26T17:13:13.270066" level="INFO">Argument types are:
&lt;class 'int'&gt;
&lt;class 'str'&gt;</msg>
<arg>${response.status_code}</arg>
<arg>200</arg>
<doc>Fails if objects are unequal after converting them to real numbers.</doc>
<status status="PASS" start="2024-06-26T17:13:13.269592" elapsed="0.000538"/>
</kw>
<kw name="Log" owner="BuiltIn">
<msg time="2024-06-26T17:13:13.270792" level="INFO">200</msg>
<arg>${response.status_code}</arg>
<doc>Logs the given message with the given level.</doc>
<status status="PASS" start="2024-06-26T17:13:13.270452" elapsed="0.000380"/>
</kw>
<kw name="Set Variable" owner="BuiltIn">
<msg time="2024-06-26T17:13:13.271581" level="INFO">${json_data} = {'results': [{'gender': 'male', 'name': {'title': 'Mr', 'first': 'Leo', 'last': 'Walker'}, 'location': {'street': {'number': 6352, 'name': 'Opawa Road'}, 'city': 'Napier', 'state': 'Northland', 'count...</msg>
<var>${json_data}</var>
<arg>${response.json()}</arg>
<doc>Returns the given values which can then be assigned to a variables.</doc>
<status status="PASS" start="2024-06-26T17:13:13.271156" elapsed="0.000454"/>
</kw>
<kw name="Dictionary Should Contain Key" owner="Collections">
<arg>${json_data}</arg>
<arg>results</arg>
<doc>Fails if ``key`` is not found from ``dictionary``.</doc>
<status status="PASS" start="2024-06-26T17:13:13.271899" elapsed="0.000158"/>
</kw>
<status status="PASS" start="2024-06-26T17:13:13.072309" elapsed="0.199894"/>
</kw>
<doc>Testa se a API responde corretamente e retorna um objeto JSON válido.</doc>
<tag>testeRequisicaoBasica</tag>
<status status="PASS" start="2024-06-26T17:13:13.071776" elapsed="0.200592"/>
</test>
<test id="s1-s1-t3" name="Validar estrutura de resposta" line="22">
<kw name="Teste de Estrutura de Resposta" owner="random-user-service">
<kw name="GET On Session" owner="RequestsLibrary">
<msg time="2024-06-26T17:13:13.367196" level="INFO">GET Request : url=https://randomuser.me/api 
 path_url=/api 
 headers={'User-Agent': 'python-requests/2.32.3', 'Accept-Encoding': 'gzip, deflate', 'Accept': '*/*', 'Connection': 'keep-alive'} 
 body=None 
 </msg>
<msg time="2024-06-26T17:13:13.367281" level="INFO">GET Response : url=https://randomuser.me/api 
 status=200, reason=OK 
 headers={'Date': 'Wed, 26 Jun 2024 17:13:13 GMT', 'Content-Type': 'application/json; charset=utf-8', 'Transfer-Encoding': 'chunked', 'Connection': 'keep-alive', 'X-Powered-By': 'Express', 'Access-Control-Allow-Origin': '*', 'Cache-Control': 'no-cache', 'ETag': 'W/"482-hcyOHZ1e6LZPqi7OnRa2dzOadr4"', 'Vary': 'Accept-Encoding', 'Content-Encoding': 'gzip', 'CF-Cache-Status': 'DYNAMIC', 'Report-To': '{"endpoints":[{"url":"https:\\/\\/a.nel.cloudflare.com\\/report\\/v4?s=xJhAH4B2lbMmbBW5tGlGdGSe2mn3Y5uGoXzOIKiofj74bVVIVmryDYWJyVe4pmGK0oN8AryZvz8xqKwNW8chWWJGINi%2FHF9Y7e%2FTskHn6sJVSSTRFs4IxQ9zLx%2FA55a%2F"}],"group":"cf-nel","max_age":604800}', 'NEL': '{"success_fraction":0,"report_to":"cf-nel","max_age":604800}', 'Server': 'cloudflare', 'CF-RAY': '899ed3a1f97d2980-ORD', 'alt-svc': 'h3=":443"; ma=86400'} 
 body={"results":[{"gender":"male","name":{"title":"Mr","first":"Guiseppe","last":"Oehler"},"location":{"street":{"number":6928,"name":"Danziger Straße"},"city":"Rennerod","state":"Hamburg","country":"Germany","postcode":59246,"coordinates":{"latitude":"-48.3990","longitude":"-16.2660"},"timezone":{"offset":"+9:30","description":"Adelaide, Darwin"}},"email":"guiseppe.oehler@example.com","login":{"uuid":"5aeb3b58-4e29-4b44-b454-70f746bdc8cd","username":"goldenfish540","password":"cory","salt":"r5jMTqr0","md5":"2842c04e3ec8fbd294c7b310eea6b404","sha1":"7493462e1a3546f4c4ade0305d83c86b0d5061e3","sha256":"f2d8270eac66af1fcb516484931ebfc26cccd15bf3e971278a0353ffecdb0c1e"},"dob":{"date":"1945-04-08T01:29:37.257Z","age":79},"registered":{"date":"2021-12-19T21:42:32.267Z","age":2},"phone":"0247-8858826","cell":"0176-6618341","id":{"name":"SVNR","value":"20 070445 O 056"},"picture":{"large":"https://randomuser.me/api/portraits/men/45.jpg","medium":"https://randomuser.me/api/portraits/med/men/45.jpg","thumbnail":"https://randomuser.me/api/portraits/thumb/men/45.jpg"},"nat":"DE"}],"info":{"seed":"59391e1e04ec4644","results":1,"page":1,"version":"1.4"}} 
 </msg>
<msg time="2024-06-26T17:13:13.367402" level="INFO">/opt/hostedtoolcache/Python/3.12.4/x64/lib/python3.12/site-packages/urllib3/connectionpool.py:1099: InsecureRequestWarning: Unverified HTTPS request is being made to host 'randomuser.me'. Adding certificate verification is strongly advised. See: https://urllib3.readthedocs.io/en/latest/advanced-usage.html#tls-warnings
  warnings.warn(</msg>
<msg time="2024-06-26T17:13:13.367498" level="INFO">${response} = &lt;Response [200]&gt;</msg>
<var>${response}</var>
<arg>consultarAPI</arg>
<arg>/api</arg>
<doc>Sends a GET request on a previously created HTTP Session.</doc>
<status status="PASS" start="2024-06-26T17:13:13.275299" elapsed="0.092240"/>
</kw>
<kw name="Set Variable" owner="BuiltIn">
<msg time="2024-06-26T17:13:13.368593" level="INFO">${json_data} = {'results': [{'gender': 'male', 'name': {'title': 'Mr', 'first': 'Guiseppe', 'last': 'Oehler'}, 'location': {'street': {'number': 6928, 'name': 'Danziger Straße'}, 'city': 'Rennerod', 'state': 'Hambur...</msg>
<var>${json_data}</var>
<arg>${response.json()}</arg>
<doc>Returns the given values which can then be assigned to a variables.</doc>
<status status="PASS" start="2024-06-26T17:13:13.368018" elapsed="0.000605"/>
</kw>
<kw name="Log" owner="BuiltIn">
<msg time="2024-06-26T17:13:13.369083" level="INFO">{'results': [{'gender': 'male', 'name': {'title': 'Mr', 'first': 'Guiseppe', 'last': 'Oehler'}, 'location': {'street': {'number': 6928, 'name': 'Danziger Straße'}, 'city': 'Rennerod', 'state': 'Hamburg', 'country': 'Germany', 'postcode': 59246, 'coordinates': {'latitude': '-48.3990', 'longitude': '-16.2660'}, 'timezone': {'offset': '+9:30', 'description': 'Adelaide, Darwin'}}, 'email': 'guiseppe.oehler@example.com', 'login': {'uuid': '5aeb3b58-4e29-4b44-b454-70f746bdc8cd', 'username': 'goldenfish540', 'password': 'cory', 'salt': 'r5jMTqr0', 'md5': '2842c04e3ec8fbd294c7b310eea6b404', 'sha1': '7493462e1a3546f4c4ade0305d83c86b0d5061e3', 'sha256': 'f2d8270eac66af1fcb516484931ebfc26cccd15bf3e971278a0353ffecdb0c1e'}, 'dob': {'date': '1945-04-08T01:29:37.257Z', 'age': 79}, 'registered': {'date': '2021-12-19T21:42:32.267Z', 'age': 2}, 'phone': '0247-8858826', 'cell': '0176-6618341', 'id': {'name': 'SVNR', 'value': '20 070445 O 056'}, 'picture': {'large': 'https://randomuser.me/api/portraits/men/45.jpg', 'medium': 'https://randomuser.me/api/portraits/med/men/45.jpg', 'thumbnail': 'https://randomuser.me/api/portraits/thumb/men/45.jpg'}, 'nat': 'DE'}], 'info': {'seed': '59391e1e04ec4644', 'results': 1, 'page': 1, 'version': '1.4'}}</msg>
<arg>${json_data}</arg>
<doc>Logs the given message with the given level.</doc>
<status status="PASS" start="2024-06-26T17:13:13.368924" elapsed="0.000208"/>
</kw>
<kw name="Dictionary Should Contain Key" owner="Collections">
<arg>${json_data}</arg>
<arg>results</arg>
<doc>Fails if ``key`` is not found from ``dictionary``.</doc>
<status status="PASS" start="2024-06-26T17:13:13.369423" elapsed="0.000154"/>
</kw>
<kw name="Should Not Be Empty" owner="BuiltIn">
<msg time="2024-06-26T17:13:13.369891" level="INFO">Length is 2.</msg>
<arg>${json_data}</arg>
<doc>Verifies that the given item is not empty.</doc>
<status status="PASS" start="2024-06-26T17:13:13.369757" elapsed="0.000172"/>
</kw>
<kw name="Create List" owner="BuiltIn">
<msg time="2024-06-26T17:13:13.370359" level="INFO">${expected_keys} = ['gender', 'name', 'location', 'email', 'login']</msg>
<var>${expected_keys}</var>
<arg>gender</arg>
<arg>name</arg>
<arg>location</arg>
<arg>email</arg>
<arg>login</arg>
<doc>Returns a list containing given items.</doc>
<status status="PASS" start="2024-06-26T17:13:13.370213" elapsed="0.000170"/>
</kw>
<for flavor="IN">
<iter>
<kw name="Dictionary Should Contain Key" owner="Collections">
<arg>${json_data['results'][0]}</arg>
<arg>${key}</arg>
<doc>Fails if ``key`` is not found from ``dictionary``.</doc>
<status status="PASS" start="2024-06-26T17:13:13.371118" elapsed="0.000402"/>
</kw>
<kw name="Log" owner="BuiltIn">
<msg time="2024-06-26T17:13:13.372063" level="INFO">{'gender': 'male', 'name': {'title': 'Mr', 'first': 'Guiseppe', 'last': 'Oehler'}, 'location': {'street': {'number': 6928, 'name': 'Danziger Straße'}, 'city': 'Rennerod', 'state': 'Hamburg', 'country': 'Germany', 'postcode': 59246, 'coordinates': {'latitude': '-48.3990', 'longitude': '-16.2660'}, 'timezone': {'offset': '+9:30', 'description': 'Adelaide, Darwin'}}, 'email': 'guiseppe.oehler@example.com', 'login': {'uuid': '5aeb3b58-4e29-4b44-b454-70f746bdc8cd', 'username': 'goldenfish540', 'password': 'cory', 'salt': 'r5jMTqr0', 'md5': '2842c04e3ec8fbd294c7b310eea6b404', 'sha1': '7493462e1a3546f4c4ade0305d83c86b0d5061e3', 'sha256': 'f2d8270eac66af1fcb516484931ebfc26cccd15bf3e971278a0353ffecdb0c1e'}, 'dob': {'date': '1945-04-08T01:29:37.257Z', 'age': 79}, 'registered': {'date': '2021-12-19T21:42:32.267Z', 'age': 2}, 'phone': '0247-8858826', 'cell': '0176-6618341', 'id': {'name': 'SVNR', 'value': '20 070445 O 056'}, 'picture': {'large': 'https://randomuser.me/api/portraits/men/45.jpg', 'medium': 'https://randomuser.me/api/portraits/med/men/45.jpg', 'thumbnail': 'https://randomuser.me/api/portraits/thumb/men/45.jpg'}, 'nat': 'DE'}</msg>
<arg>${json_data['results'][0]}</arg>
<doc>Logs the given message with the given level.</doc>
<status status="PASS" start="2024-06-26T17:13:13.371705" elapsed="0.000406"/>
</kw>
<kw name="Log" owner="BuiltIn">
<msg time="2024-06-26T17:13:13.372529" level="INFO">gender</msg>
<arg>${key}</arg>
<doc>Logs the given message with the given level.</doc>
<status status="PASS" start="2024-06-26T17:13:13.372403" elapsed="0.000162"/>
</kw>
<var name="${key}">gender</var>
<status status="PASS" start="2024-06-26T17:13:13.370957" elapsed="0.001818"/>
</iter>
<iter>
<kw name="Dictionary Should Contain Key" owner="Collections">
<arg>${json_data['results'][0]}</arg>
<arg>${key}</arg>
<doc>Fails if ``key`` is not found from ``dictionary``.</doc>
<status status="PASS" start="2024-06-26T17:13:13.373062" elapsed="0.000389"/>
</kw>
<kw name="Log" owner="BuiltIn">
<msg time="2024-06-26T17:13:13.373975" level="INFO">{'gender': 'male', 'name': {'title': 'Mr', 'first': 'Guiseppe', 'last': 'Oehler'}, 'location': {'street': {'number': 6928, 'name': 'Danziger Straße'}, 'city': 'Rennerod', 'state': 'Hamburg', 'country': 'Germany', 'postcode': 59246, 'coordinates': {'latitude': '-48.3990', 'longitude': '-16.2660'}, 'timezone': {'offset': '+9:30', 'description': 'Adelaide, Darwin'}}, 'email': 'guiseppe.oehler@example.com', 'login': {'uuid': '5aeb3b58-4e29-4b44-b454-70f746bdc8cd', 'username': 'goldenfish540', 'password': 'cory', 'salt': 'r5jMTqr0', 'md5': '2842c04e3ec8fbd294c7b310eea6b404', 'sha1': '7493462e1a3546f4c4ade0305d83c86b0d5061e3', 'sha256': 'f2d8270eac66af1fcb516484931ebfc26cccd15bf3e971278a0353ffecdb0c1e'}, 'dob': {'date': '1945-04-08T01:29:37.257Z', 'age': 79}, 'registered': {'date': '2021-12-19T21:42:32.267Z', 'age': 2}, 'phone': '0247-8858826', 'cell': '0176-6618341', 'id': {'name': 'SVNR', 'value': '20 070445 O 056'}, 'picture': {'large': 'https://randomuser.me/api/portraits/men/45.jpg', 'medium': 'https://randomuser.me/api/portraits/med/men/45.jpg', 'thumbnail': 'https://randomuser.me/api/portraits/thumb/men/45.jpg'}, 'nat': 'DE'}</msg>
<arg>${json_data['results'][0]}</arg>
<doc>Logs the given message with the given level.</doc>
<status status="PASS" start="2024-06-26T17:13:13.373628" elapsed="0.000428"/>
</kw>
<kw name="Log" owner="BuiltIn">
<msg time="2024-06-26T17:13:13.374477" level="INFO">name</msg>
<arg>${key}</arg>
<doc>Logs the given message with the given level.</doc>
<status status="PASS" start="2024-06-26T17:13:13.374352" elapsed="0.000162"/>
</kw>
<var name="${key}">name</var>
<status status="PASS" start="2024-06-26T17:13:13.372953" elapsed="0.001777"/>
</iter>
<iter>
<kw name="Dictionary Should Contain Key" owner="Collections">
<arg>${json_data['results'][0]}</arg>
<arg>${key}</arg>
<doc>Fails if ``key`` is not found from ``dictionary``.</doc>
<status status="PASS" start="2024-06-26T17:13:13.375034" elapsed="0.000383"/>
</kw>
<kw name="Log" owner="BuiltIn">
<msg time="2024-06-26T17:13:13.375940" level="INFO">{'gender': 'male', 'name': {'title': 'Mr', 'first': 'Guiseppe', 'last': 'Oehler'}, 'location': {'street': {'number': 6928, 'name': 'Danziger Straße'}, 'city': 'Rennerod', 'state': 'Hamburg', 'country': 'Germany', 'postcode': 59246, 'coordinates': {'latitude': '-48.3990', 'longitude': '-16.2660'}, 'timezone': {'offset': '+9:30', 'description': 'Adelaide, Darwin'}}, 'email': 'guiseppe.oehler@example.com', 'login': {'uuid': '5aeb3b58-4e29-4b44-b454-70f746bdc8cd', 'username': 'goldenfish540', 'password': 'cory', 'salt': 'r5jMTqr0', 'md5': '2842c04e3ec8fbd294c7b310eea6b404', 'sha1': '7493462e1a3546f4c4ade0305d83c86b0d5061e3', 'sha256': 'f2d8270eac66af1fcb516484931ebfc26cccd15bf3e971278a0353ffecdb0c1e'}, 'dob': {'date': '1945-04-08T01:29:37.257Z', 'age': 79}, 'registered': {'date': '2021-12-19T21:42:32.267Z', 'age': 2}, 'phone': '0247-8858826', 'cell': '0176-6618341', 'id': {'name': 'SVNR', 'value': '20 070445 O 056'}, 'picture': {'large': 'https://randomuser.me/api/portraits/men/45.jpg', 'medium': 'https://randomuser.me/api/portraits/med/men/45.jpg', 'thumbnail': 'https://randomuser.me/api/portraits/thumb/men/45.jpg'}, 'nat': 'DE'}</msg>
<arg>${json_data['results'][0]}</arg>
<doc>Logs the given message with the given level.</doc>
<status status="PASS" start="2024-06-26T17:13:13.375594" elapsed="0.000395"/>
</kw>
<kw name="Log" owner="BuiltIn">
<msg time="2024-06-26T17:13:13.376399" level="INFO">location</msg>
<arg>${key}</arg>
<doc>Logs the given message with the given level.</doc>
<status status="PASS" start="2024-06-26T17:13:13.376276" elapsed="0.000158"/>
</kw>
<var name="${key}">location</var>
<status status="PASS" start="2024-06-26T17:13:13.374906" elapsed="0.001738"/>
</iter>
<iter>
<kw name="Dictionary Should Contain Key" owner="Collections">
<arg>${json_data['results'][0]}</arg>
<arg>${key}</arg>
<doc>Fails if ``key`` is not found from ``dictionary``.</doc>
<status status="PASS" start="2024-06-26T17:13:13.376914" elapsed="0.000386"/>
</kw>
<kw name="Log" owner="BuiltIn">
<msg time="2024-06-26T17:13:13.377825" level="INFO">{'gender': 'male', 'name': {'title': 'Mr', 'first': 'Guiseppe', 'last': 'Oehler'}, 'location': {'street': {'number': 6928, 'name': 'Danziger Straße'}, 'city': 'Rennerod', 'state': 'Hamburg', 'country': 'Germany', 'postcode': 59246, 'coordinates': {'latitude': '-48.3990', 'longitude': '-16.2660'}, 'timezone': {'offset': '+9:30', 'description': 'Adelaide, Darwin'}}, 'email': 'guiseppe.oehler@example.com', 'login': {'uuid': '5aeb3b58-4e29-4b44-b454-70f746bdc8cd', 'username': 'goldenfish540', 'password': 'cory', 'salt': 'r5jMTqr0', 'md5': '2842c04e3ec8fbd294c7b310eea6b404', 'sha1': '7493462e1a3546f4c4ade0305d83c86b0d5061e3', 'sha256': 'f2d8270eac66af1fcb516484931ebfc26cccd15bf3e971278a0353ffecdb0c1e'}, 'dob': {'date': '1945-04-08T01:29:37.257Z', 'age': 79}, 'registered': {'date': '2021-12-19T21:42:32.267Z', 'age': 2}, 'phone': '0247-8858826', 'cell': '0176-6618341', 'id': {'name': 'SVNR', 'value': '20 070445 O 056'}, 'picture': {'large': 'https://randomuser.me/api/portraits/men/45.jpg', 'medium': 'https://randomuser.me/api/portraits/med/men/45.jpg', 'thumbnail': 'https://randomuser.me/api/portraits/thumb/men/45.jpg'}, 'nat': 'DE'}</msg>
<arg>${json_data['results'][0]}</arg>
<doc>Logs the given message with the given level.</doc>
<status status="PASS" start="2024-06-26T17:13:13.377476" elapsed="0.000396"/>
</kw>
<kw name="Log" owner="BuiltIn">
<msg time="2024-06-26T17:13:13.378287" level="INFO">email</msg>
<arg>${key}</arg>
<doc>Logs the given message with the given level.</doc>
<status status="PASS" start="2024-06-26T17:13:13.378165" elapsed="0.000159"/>
</kw>
<var name="${key}">email</var>
<status status="PASS" start="2024-06-26T17:13:13.376810" elapsed="0.001725"/>
</iter>
<iter>
<kw name="Dictionary Should Contain Key" owner="Collections">
<arg>${json_data['results'][0]}</arg>
<arg>${key}</arg>
<doc>Fails if ``key`` is not found from ``dictionary``.</doc>
<status status="PASS" start="2024-06-26T17:13:13.378802" elapsed="0.000426"/>
</kw>
<kw name="Log" owner="BuiltIn">
<msg time="2024-06-26T17:13:13.379770" level="INFO">{'gender': 'male', 'name': {'title': 'Mr', 'first': 'Guiseppe', 'last': 'Oehler'}, 'location': {'street': {'number': 6928, 'name': 'Danziger Straße'}, 'city': 'Rennerod', 'state': 'Hamburg', 'country': 'Germany', 'postcode': 59246, 'coordinates': {'latitude': '-48.3990', 'longitude': '-16.2660'}, 'timezone': {'offset': '+9:30', 'description': 'Adelaide, Darwin'}}, 'email': 'guiseppe.oehler@example.com', 'login': {'uuid': '5aeb3b58-4e29-4b44-b454-70f746bdc8cd', 'username': 'goldenfish540', 'password': 'cory', 'salt': 'r5jMTqr0', 'md5': '2842c04e3ec8fbd294c7b310eea6b404', 'sha1': '7493462e1a3546f4c4ade0305d83c86b0d5061e3', 'sha256': 'f2d8270eac66af1fcb516484931ebfc26cccd15bf3e971278a0353ffecdb0c1e'}, 'dob': {'date': '1945-04-08T01:29:37.257Z', 'age': 79}, 'registered': {'date': '2021-12-19T21:42:32.267Z', 'age': 2}, 'phone': '0247-8858826', 'cell': '0176-6618341', 'id': {'name': 'SVNR', 'value': '20 070445 O 056'}, 'picture': {'large': 'https://randomuser.me/api/portraits/men/45.jpg', 'medium': 'https://randomuser.me/api/portraits/med/men/45.jpg', 'thumbnail': 'https://randomuser.me/api/portraits/thumb/men/45.jpg'}, 'nat': 'DE'}</msg>
<arg>${json_data['results'][0]}</arg>
<doc>Logs the given message with the given level.</doc>
<status status="PASS" start="2024-06-26T17:13:13.379404" elapsed="0.000414"/>
</kw>
<kw name="Log" owner="BuiltIn">
<msg time="2024-06-26T17:13:13.380244" level="INFO">login</msg>
<arg>${key}</arg>
<doc>Logs the given message with the given level.</doc>
<status status="PASS" start="2024-06-26T17:13:13.380107" elapsed="0.000174"/>
</kw>
<var name="${key}">login</var>
<status status="PASS" start="2024-06-26T17:13:13.378698" elapsed="0.001795"/>
</iter>
<var>${key}</var>
<value>@{expected_keys}</value>
<status status="PASS" start="2024-06-26T17:13:13.370768" elapsed="0.009843"/>
</for>
<kw name="Create List" owner="BuiltIn">
<msg time="2024-06-26T17:13:13.380934" level="INFO">${expected_keysTwo} = ['username', 'password']</msg>
<var>${expected_keysTwo}</var>
<arg>username</arg>
<arg>password</arg>
<doc>Returns a list containing given items.</doc>
<status status="PASS" start="2024-06-26T17:13:13.380797" elapsed="0.000161"/>
</kw>
<for flavor="IN">
<iter>
<kw name="Dictionary Should Contain Key" owner="Collections">
<arg>${json_data['results'][0]['login']}</arg>
<arg>${keyTwo}</arg>
<doc>Fails if ``key`` is not found from ``dictionary``.</doc>
<status status="PASS" start="2024-06-26T17:13:13.381469" elapsed="0.000377"/>
</kw>
<kw name="Dictionary Should Contain Key" owner="Collections">
<arg>${json_data['results'][0]['login']}</arg>
<arg>${keyTwo}</arg>
<doc>Fails if ``key`` is not found from ``dictionary``.</doc>
<status status="PASS" start="2024-06-26T17:13:13.382020" elapsed="0.000383"/>
</kw>
<kw name="Log" owner="BuiltIn">
<msg time="2024-06-26T17:13:13.382697" level="INFO">username</msg>
<arg>${keyTwo}</arg>
<doc>Logs the given message with the given level.</doc>
<status status="PASS" start="2024-06-26T17:13:13.382579" elapsed="0.000155"/>
</kw>
<var name="${keyTwo}">username</var>
<status status="PASS" start="2024-06-26T17:13:13.381364" elapsed="0.001586"/>
</iter>
<iter>
<kw name="Dictionary Should Contain Key" owner="Collections">
<arg>${json_data['results'][0]['login']}</arg>
<arg>${keyTwo}</arg>
<doc>Fails if ``key`` is not found from ``dictionary``.</doc>
<status status="PASS" start="2024-06-26T17:13:13.383267" elapsed="0.000379"/>
</kw>
<kw name="Dictionary Should Contain Key" owner="Collections">
<arg>${json_data['results'][0]['login']}</arg>
<arg>${keyTwo}</arg>
<doc>Fails if ``key`` is not found from ``dictionary``.</doc>
<status status="PASS" start="2024-06-26T17:13:13.383820" elapsed="0.000362"/>
</kw>
<kw name="Log" owner="BuiltIn">
<msg time="2024-06-26T17:13:13.384470" level="INFO">password</msg>
<arg>${keyTwo}</arg>
<doc>Logs the given message with the given level.</doc>
<status status="PASS" start="2024-06-26T17:13:13.384354" elapsed="0.000158"/>
</kw>
<var name="${keyTwo}">password</var>
<status status="PASS" start="2024-06-26T17:13:13.383156" elapsed="0.001575"/>
</iter>
<var>${keyTwo}</var>
<value>@{expected_keysTwo}</value>
<status status="PASS" start="2024-06-26T17:13:13.381215" elapsed="0.003633"/>
</for>
<status status="PASS" start="2024-06-26T17:13:13.274944" elapsed="0.110041"/>
</kw>
<doc>Testa a estrutura da resposta da API.</doc>
<tag>testeEstruturaResposta</tag>
<status status="PASS" start="2024-06-26T17:13:13.274173" elapsed="0.110957"/>
</test>
<test id="s1-s1-t4" name="Validar tipos de dados" line="28">
<kw name="Teste de Tipos de Dados" owner="random-user-service">
<kw name="GET On Session" owner="RequestsLibrary">
<msg time="2024-06-26T17:13:13.486238" level="INFO">GET Request : url=https://randomuser.me/api 
 path_url=/api 
 headers={'User-Agent': 'python-requests/2.32.3', 'Accept-Encoding': 'gzip, deflate', 'Accept': '*/*', 'Connection': 'keep-alive'} 
 body=None 
 </msg>
<msg time="2024-06-26T17:13:13.486329" level="INFO">GET Response : url=https://randomuser.me/api 
 status=200, reason=OK 
 headers={'Date': 'Wed, 26 Jun 2024 17:13:13 GMT', 'Content-Type': 'application/json; charset=utf-8', 'Transfer-Encoding': 'chunked', 'Connection': 'keep-alive', 'X-Powered-By': 'Express', 'Access-Control-Allow-Origin': '*', 'Cache-Control': 'no-cache', 'ETag': 'W/"482-pATvXBzkyq4/GQ/okq16kIrK0RM"', 'Vary': 'Accept-Encoding', 'Content-Encoding': 'gzip', 'CF-Cache-Status': 'DYNAMIC', 'Report-To': '{"endpoints":[{"url":"https:\\/\\/a.nel.cloudflare.com\\/report\\/v4?s=pZIRHd7%2BIKluHMm85C5S5bTBE9I7MGmP%2F7QTGxGIIfoVQC7f654qyPMNHyVf4xHESh08MwNAkoAKbhCPq8gfla9mU4jc82hVeKZ%2FXBmivKKMnMnHu6Eawx6GdDcBiwUa"}],"group":"cf-nel","max_age":604800}', 'NEL': '{"success_fraction":0,"report_to":"cf-nel","max_age":604800}', 'Server': 'cloudflare', 'CF-RAY': '899ed3a2aa552980-ORD', 'alt-svc': 'h3=":443"; ma=86400'} 
 body={"results":[{"gender":"male","name":{"title":"Mr","first":"Barry","last":"Groenestein"},"location":{"street":{"number":3519,"name":"Berberishage"},"city":"Bilthoven","state":"Zuid-Holland","country":"Netherlands","postcode":"9175 RL","coordinates":{"latitude":"31.3886","longitude":"-147.7805"},"timezone":{"offset":"+4:30","description":"Kabul"}},"email":"barry.groenestein@example.com","login":{"uuid":"13a521fa-3604-4510-b46a-cb0f34a04be1","username":"happymouse822","password":"donuts","salt":"nxcsvfdU","md5":"f6812c8ed30543cdd62531b1de825cb6","sha1":"d3ed2320b1c5ed15f55f1d2956b60e6ec510949e","sha256":"fa312959302018082327c0c223f4fcc4c4ea125d20bc6c321e00e4996ea673a8"},"dob":{"date":"1984-11-15T06:44:57.999Z","age":39},"registered":{"date":"2002-04-29T21:44:21.780Z","age":22},"phone":"(0803) 205169","cell":"(06) 28884747","id":{"name":"BSN","value":"69713998"},"picture":{"large":"https://randomuser.me/api/portraits/men/95.jpg","medium":"https://randomuser.me/api/portraits/med/men/95.jpg","thumbnail":"https://randomuser.me/api/portraits/thumb/men/95.jpg"},"nat":"NL"}],"info":{"seed":"b6cffc0148a2daee","results":1,"page":1,"version":"1.4"}} 
 </msg>
<msg time="2024-06-26T17:13:13.486405" level="INFO">/opt/hostedtoolcache/Python/3.12.4/x64/lib/python3.12/site-packages/urllib3/connectionpool.py:1099: InsecureRequestWarning: Unverified HTTPS request is being made to host 'randomuser.me'. Adding certificate verification is strongly advised. See: https://urllib3.readthedocs.io/en/latest/advanced-usage.html#tls-warnings
  warnings.warn(</msg>
<msg time="2024-06-26T17:13:13.486528" level="INFO">${response} = &lt;Response [200]&gt;</msg>
<var>${response}</var>
<arg>consultarAPI</arg>
<arg>/api</arg>
<doc>Sends a GET request on a previously created HTTP Session.</doc>
<status status="PASS" start="2024-06-26T17:13:13.387731" elapsed="0.098849"/>
</kw>
<kw name="Set Variable" owner="BuiltIn">
<msg time="2024-06-26T17:13:13.487745" level="INFO">${json_data} = {'results': [{'gender': 'male', 'name': {'title': 'Mr', 'first': 'Barry', 'last': 'Groenestein'}, 'location': {'street': {'number': 3519, 'name': 'Berberishage'}, 'city': 'Bilthoven', 'state': 'Zuid-H...</msg>
<var>${json_data}</var>
<arg>${response.json()}</arg>
<doc>Returns the given values which can then be assigned to a variables.</doc>
<status status="PASS" start="2024-06-26T17:13:13.487158" elapsed="0.000615"/>
</kw>
<kw name="Log" owner="BuiltIn">
<msg time="2024-06-26T17:13:13.488258" level="INFO">{'results': [{'gender': 'male', 'name': {'title': 'Mr', 'first': 'Barry', 'last': 'Groenestein'}, 'location': {'street': {'number': 3519, 'name': 'Berberishage'}, 'city': 'Bilthoven', 'state': 'Zuid-Holland', 'country': 'Netherlands', 'postcode': '9175 RL', 'coordinates': {'latitude': '31.3886', 'longitude': '-147.7805'}, 'timezone': {'offset': '+4:30', 'description': 'Kabul'}}, 'email': 'barry.groenestein@example.com', 'login': {'uuid': '13a521fa-3604-4510-b46a-cb0f34a04be1', 'username': 'happymouse822', 'password': 'donuts', 'salt': 'nxcsvfdU', 'md5': 'f6812c8ed30543cdd62531b1de825cb6', 'sha1': 'd3ed2320b1c5ed15f55f1d2956b60e6ec510949e', 'sha256': 'fa312959302018082327c0c223f4fcc4c4ea125d20bc6c321e00e4996ea673a8'}, 'dob': {'date': '1984-11-15T06:44:57.999Z', 'age': 39}, 'registered': {'date': '2002-04-29T21:44:21.780Z', 'age': 22}, 'phone': '(0803) 205169', 'cell': '(06) 28884747', 'id': {'name': 'BSN', 'value': '69713998'}, 'picture': {'large': 'https://randomuser.me/api/portraits/men/95.jpg', 'medium': 'https://randomuser.me/api/portraits/med/men/95.jpg', 'thumbnail': 'https://randomuser.me/api/portraits/thumb/men/95.jpg'}, 'nat': 'NL'}], 'info': {'seed': 'b6cffc0148a2daee', 'results': 1, 'page': 1, 'version': '1.4'}}</msg>
<arg>${json_data}</arg>
<doc>Logs the given message with the given level.</doc>
<status status="PASS" start="2024-06-26T17:13:13.488100" elapsed="0.000205"/>
</kw>
<kw name="Should Be String" owner="String">
<arg>${json_data['results'][0]['gender']}</arg>
<doc>Fails if the given ``item`` is not a string.</doc>
<status status="PASS" start="2024-06-26T17:13:13.488599" elapsed="0.000374"/>
</kw>
<kw name="Should Match Regexp" owner="BuiltIn">
<arg>${json_data['results'][0]['email']}</arg>
<arg>^[a-zA-Z0-9._%+-]+@[a-zA-Z0-9.-]+\.[a-zA-Z]{2,}$</arg>
<doc>Fails if ``string`` does not match ``pattern`` as a regular expression.</doc>
<status status="PASS" start="2024-06-26T17:13:13.489163" elapsed="0.000519"/>
</kw>
<kw name="Should Match Regexp" owner="BuiltIn">
<arg>${json_data['results'][0]['dob']['date']}</arg>
<arg>\\d{4}-\\d{2}-\\d{2}T\\d{2}:\\d{2}:\\d{2}\\.\\d{3}Z</arg>
<doc>Fails if ``string`` does not match ``pattern`` as a regular expression.</doc>
<status status="PASS" start="2024-06-26T17:13:13.489910" elapsed="0.000505"/>
</kw>
<kw name="Should Match Regexp" owner="BuiltIn">
<arg>${json_data['results'][0]['registered']['date']}</arg>
<arg>\\d{4}-\\d{2}-\\d{2}T\\d{2}:\\d{2}:\\d{2}\\.\\d{3}Z</arg>
<doc>Fails if ``string`` does not match ``pattern`` as a regular expression.</doc>
<status status="PASS" start="2024-06-26T17:13:13.490604" elapsed="0.000367"/>
</kw>
<kw name="Should Match Regexp" owner="BuiltIn">
<arg>${json_data['results'][0]['picture']['large']}</arg>
<arg>^https?://.*\.(?:png|jpe?g|gif|bmp)$</arg>
<doc>Fails if ``string`` does not match ``pattern`` as a regular expression.</doc>
<status status="PASS" start="2024-06-26T17:13:13.491201" elapsed="0.000467"/>
</kw>
<kw name="Should Match Regexp" owner="BuiltIn">
<arg>${json_data['results'][0]['picture']['medium']}</arg>
<arg>^https?://.*\.(?:png|jpe?g|gif|bmp)$</arg>
<doc>Fails if ``string`` does not match ``pattern`` as a regular expression.</doc>
<status status="PASS" start="2024-06-26T17:13:13.491855" elapsed="0.000354"/>
</kw>
<kw name="Should Match Regexp" owner="BuiltIn">
<arg>${json_data['results'][0]['picture']['thumbnail']}</arg>
<arg>^https?://.*\.(?:png|jpe?g|gif|bmp)$</arg>
<doc>Fails if ``string`` does not match ``pattern`` as a regular expression.</doc>
<status status="PASS" start="2024-06-26T17:13:13.492392" elapsed="0.000356"/>
</kw>
<kw name="Log" owner="BuiltIn">
<msg time="2024-06-26T17:13:13.493255" level="INFO">{'large': 'https://randomuser.me/api/portraits/men/95.jpg', 'medium': 'https://randomuser.me/api/portraits/med/men/95.jpg', 'thumbnail': 'https://randomuser.me/api/portraits/thumb/men/95.jpg'}</msg>
<arg>${json_data['results'][0]['picture']}</arg>
<doc>Logs the given message with the given level.</doc>
<status status="PASS" start="2024-06-26T17:13:13.492928" elapsed="0.000370"/>
</kw>
<status status="PASS" start="2024-06-26T17:13:13.387510" elapsed="0.106043"/>
</kw>
<kw name="Teste de Tipos de Dados - Postcode" owner="random-user-service">
<kw name="GET On Session" owner="RequestsLibrary">
<msg time="2024-06-26T17:13:13.589328" level="INFO">GET Request : url=https://randomuser.me/api 
 path_url=/api 
 headers={'User-Agent': 'python-requests/2.32.3', 'Accept-Encoding': 'gzip, deflate', 'Accept': '*/*', 'Connection': 'keep-alive'} 
 body=None 
 </msg>
<msg time="2024-06-26T17:13:13.589409" level="INFO">GET Response : url=https://randomuser.me/api 
 status=200, reason=OK 
 headers={'Date': 'Wed, 26 Jun 2024 17:13:13 GMT', 'Content-Type': 'application/json; charset=utf-8', 'Transfer-Encoding': 'chunked', 'Connection': 'keep-alive', 'X-Powered-By': 'Express', 'Access-Control-Allow-Origin': '*', 'Cache-Control': 'no-cache', 'ETag': 'W/"49a-ppfO70k9RZ2ynDtgRjDaj48VD/g"', 'Vary': 'Accept-Encoding', 'Content-Encoding': 'gzip', 'CF-Cache-Status': 'DYNAMIC', 'Report-To': '{"endpoints":[{"url":"https:\\/\\/a.nel.cloudflare.com\\/report\\/v4?s=YI%2FFIc3B8ybAhCWJuXD3KYBHcXKZwZDgt77conQHzTQnUc8v%2B%2FSwUJ3%2BpMpJxlH4vs%2B6oYlQlpR%2FMDGqnaIZ4v5ytr6lbA%2FGrR%2B%2BR4de7319PcDP%2F1sMDQLxCv6lX06m"}],"group":"cf-nel","max_age":604800}', 'NEL': '{"success_fraction":0,"report_to":"cf-nel","max_age":604800}', 'Server': 'cloudflare', 'CF-RAY': '899ed3a35b332980-ORD', 'alt-svc': 'h3=":443"; ma=86400'} 
 body={"results":[{"gender":"female","name":{"title":"Miss","first":"Ursula","last":"Cohrs"},"location":{"street":{"number":6143,"name":"Lindenstraße"},"city":"Hartha","state":"Hamburg","country":"Germany","postcode":59041,"coordinates":{"latitude":"-50.8454","longitude":"83.3251"},"timezone":{"offset":"+3:00","description":"Baghdad, Riyadh, Moscow, St. Petersburg"}},"email":"ursula.cohrs@example.com","login":{"uuid":"f1089955-85ba-4765-aac9-db4e83b62f4d","username":"organicswan736","password":"series","salt":"wSQEzuyN","md5":"7f619605f989d3b4cc7602709fa87007","sha1":"5bf9992b66c7b8adfe1fb4727d246e01079207bd","sha256":"c45c93ae626f57d20bd000bef6016582a63c03bd0b7a007558284f48547596aa"},"dob":{"date":"1959-10-18T00:29:14.773Z","age":64},"registered":{"date":"2020-08-13T04:16:43.387Z","age":3},"phone":"0273-1928664","cell":"0170-3271904","id":{"name":"SVNR","value":"08 171059 C 716"},"picture":{"large":"https://randomuser.me/api/portraits/women/51.jpg","medium":"https://randomuser.me/api/portraits/med/women/51.jpg","thumbnail":"https://randomuser.me/api/portraits/thumb/women/51.jpg"},"nat":"DE"}],"info":{"seed":"d25ce20ef5134c79","results":1,"page":1,"version":"1.4"}} 
 </msg>
<msg time="2024-06-26T17:13:13.589481" level="INFO">/opt/hostedtoolcache/Python/3.12.4/x64/lib/python3.12/site-packages/urllib3/connectionpool.py:1099: InsecureRequestWarning: Unverified HTTPS request is being made to host 'randomuser.me'. Adding certificate verification is strongly advised. See: https://urllib3.readthedocs.io/en/latest/advanced-usage.html#tls-warnings
  warnings.warn(</msg>
<msg time="2024-06-26T17:13:13.589591" level="INFO">${response} = &lt;Response [200]&gt;</msg>
<var>${response}</var>
<arg>consultarAPI</arg>
<arg>/api</arg>
<doc>Sends a GET request on a previously created HTTP Session.</doc>
<status status="PASS" start="2024-06-26T17:13:13.493995" elapsed="0.095645"/>
</kw>
<kw name="Set Variable" owner="BuiltIn">
<msg time="2024-06-26T17:13:13.590781" level="INFO">${json_data} = {'results': [{'gender': 'female', 'name': {'title': 'Miss', 'first': 'Ursula', 'last': 'Cohrs'}, 'location': {'street': {'number': 6143, 'name': 'Lindenstraße'}, 'city': 'Hartha', 'state': 'Hamburg', ...</msg>
<var>${json_data}</var>
<arg>${response.json()}</arg>
<doc>Returns the given values which can then be assigned to a variables.</doc>
<status status="PASS" start="2024-06-26T17:13:13.590155" elapsed="0.000655"/>
</kw>
<kw name="Log" owner="BuiltIn">
<msg time="2024-06-26T17:13:13.591316" level="INFO">{'results': [{'gender': 'female', 'name': {'title': 'Miss', 'first': 'Ursula', 'last': 'Cohrs'}, 'location': {'street': {'number': 6143, 'name': 'Lindenstraße'}, 'city': 'Hartha', 'state': 'Hamburg', 'country': 'Germany', 'postcode': 59041, 'coordinates': {'latitude': '-50.8454', 'longitude': '83.3251'}, 'timezone': {'offset': '+3:00', 'description': 'Baghdad, Riyadh, Moscow, St. Petersburg'}}, 'email': 'ursula.cohrs@example.com', 'login': {'uuid': 'f1089955-85ba-4765-aac9-db4e83b62f4d', 'username': 'organicswan736', 'password': 'series', 'salt': 'wSQEzuyN', 'md5': '7f619605f989d3b4cc7602709fa87007', 'sha1': '5bf9992b66c7b8adfe1fb4727d246e01079207bd', 'sha256': 'c45c93ae626f57d20bd000bef6016582a63c03bd0b7a007558284f48547596aa'}, 'dob': {'date': '1959-10-18T00:29:14.773Z', 'age': 64}, 'registered': {'date': '2020-08-13T04:16:43.387Z', 'age': 3}, 'phone': '0273-1928664', 'cell': '0170-3271904', 'id': {'name': 'SVNR', 'value': '08 171059 C 716'}, 'picture': {'large': 'https://randomuser.me/api/portraits/women/51.jpg', 'medium': 'https://randomuser.me/api/portraits/med/women/51.jpg', 'thumbnail': 'https://randomuser.me/api/portraits/thumb/women/51.jpg'}, 'nat': 'DE'}], 'info': {'seed': 'd25ce20ef5134c79', 'results': 1, 'page': 1, 'version': '1.4'}}</msg>
<arg>${json_data}</arg>
<doc>Logs the given message with the given level.</doc>
<status status="PASS" start="2024-06-26T17:13:13.591155" elapsed="0.000209"/>
</kw>
<kw name="Should Be Equal As Numbers" owner="BuiltIn">
<arg>${json_data['results'][0]['location']['postcode']}</arg>
<arg>${json_data['results'][0]['location']['postcode']}</arg>
<doc>Fails if objects are unequal after converting them to real numbers.</doc>
<status status="PASS" start="2024-06-26T17:13:13.591654" elapsed="0.000619"/>
</kw>
<kw name="Log" owner="BuiltIn">
<msg time="2024-06-26T17:13:13.592792" level="INFO">59041</msg>
<arg>${json_data['results'][0]['location']['postcode']}</arg>
<doc>Logs the given message with the given level.</doc>
<status status="PASS" start="2024-06-26T17:13:13.592456" elapsed="0.000375"/>
</kw>
<status status="PASS" start="2024-06-26T17:13:13.493770" elapsed="0.099332"/>
</kw>
<doc>Testa se os tipos de dados na resposta da API estão corretos.</doc>
<tag>testeTiposDados</tag>
<status status="PASS" start="2024-06-26T17:13:13.386850" elapsed="0.206410"/>
</test>
<test id="s1-s1-t5" name="Validar conteudo" line="35">
<kw name="Teste de Tipos de Conteudo" owner="random-user-service">
<kw name="GET On Session" owner="RequestsLibrary">
<msg time="2024-06-26T17:13:13.663916" level="INFO">GET Request : url=https://randomuser.me/api 
 path_url=/api 
 headers={'User-Agent': 'python-requests/2.32.3', 'Accept-Encoding': 'gzip, deflate', 'Accept': '*/*', 'Connection': 'keep-alive'} 
 body=None 
 </msg>
<msg time="2024-06-26T17:13:13.663984" level="INFO">GET Response : url=https://randomuser.me/api 
 status=200, reason=OK 
 headers={'Date': 'Wed, 26 Jun 2024 17:13:13 GMT', 'Content-Type': 'application/json; charset=utf-8', 'Transfer-Encoding': 'chunked', 'Connection': 'keep-alive', 'X-Powered-By': 'Express', 'Access-Control-Allow-Origin': '*', 'Cache-Control': 'no-cache', 'ETag': 'W/"489-GNh77Untf/X/wcEzRnIXp0MX5x4"', 'Vary': 'Accept-Encoding', 'Content-Encoding': 'gzip', 'CF-Cache-Status': 'DYNAMIC', 'Report-To': '{"endpoints":[{"url":"https:\\/\\/a.nel.cloudflare.com\\/report\\/v4?s=KBFy8cc7%2FJZCQ76b0%2BaM8irY3AGaUDU2%2FXCxwne5RoXifegtZNM1jozKjMzbyrrJl5DLGTYKHaS2loYP4Jo%2BwhywbhNGydrfsFAqs7%2BSC5fYqjfyrKn%2B8o640%2BxLWt1R"}],"group":"cf-nel","max_age":604800}', 'NEL': '{"success_fraction":0,"report_to":"cf-nel","max_age":604800}', 'Server': 'cloudflare', 'CF-RAY': '899ed3a3fc012980-ORD', 'alt-svc': 'h3=":443"; ma=86400'} 
 body={"results":[{"gender":"male","name":{"title":"Mr","first":"Félix","last":"Montero"},"location":{"street":{"number":3673,"name":"Calle de Téllez"},"city":"Elche","state":"Castilla y León","country":"Spain","postcode":89600,"coordinates":{"latitude":"-33.5907","longitude":"-33.4818"},"timezone":{"offset":"-3:00","description":"Brazil, Buenos Aires, Georgetown"}},"email":"felix.montero@example.com","login":{"uuid":"5955a45e-38d5-4e91-a0a2-9ede3a813170","username":"reddog660","password":"012345","salt":"oI2w5Kg4","md5":"900498ab25e758760a313e2f1d21f3db","sha1":"4681658c6c5e316cf4d3bd0625a4f2f5105e340d","sha256":"1fd2ea73d57ff019f0be6fc36c5f75535fc9e5d18739a25660c5e9ca67923820"},"dob":{"date":"1997-01-17T17:01:05.089Z","age":27},"registered":{"date":"2019-09-29T23:50:04.353Z","age":4},"phone":"916-512-040","cell":"674-484-233","id":{"name":"DNI","value":"37722696-U"},"picture":{"large":"https://randomuser.me/api/portraits/men/93.jpg","medium":"https://randomuser.me/api/portraits/med/men/93.jpg","thumbnail":"https://randomuser.me/api/portraits/thumb/men/93.jpg"},"nat":"ES"}],"info":{"seed":"10326ad580211b40","results":1,"page":1,"version":"1.4"}} 
 </msg>
<msg time="2024-06-26T17:13:13.664058" level="INFO">/opt/hostedtoolcache/Python/3.12.4/x64/lib/python3.12/site-packages/urllib3/connectionpool.py:1099: InsecureRequestWarning: Unverified HTTPS request is being made to host 'randomuser.me'. Adding certificate verification is strongly advised. See: https://urllib3.readthedocs.io/en/latest/advanced-usage.html#tls-warnings
  warnings.warn(</msg>
<msg time="2024-06-26T17:13:13.664148" level="INFO">${response} = &lt;Response [200]&gt;</msg>
<var>${response}</var>
<arg>consultarAPI</arg>
<arg>/api</arg>
<doc>Sends a GET request on a previously created HTTP Session.</doc>
<status status="PASS" start="2024-06-26T17:13:13.596656" elapsed="0.067517"/>
</kw>
<kw name="Set Variable" owner="BuiltIn">
<msg time="2024-06-26T17:13:13.665406" level="INFO">${json_data} = {'results': [{'gender': 'male', 'name': {'title': 'Mr', 'first': 'Félix', 'last': 'Montero'}, 'location': {'street': {'number': 3673, 'name': 'Calle de Téllez'}, 'city': 'Elche', 'state': 'Castilla y ...</msg>
<var>${json_data}</var>
<arg>${response.json()}</arg>
<doc>Returns the given values which can then be assigned to a variables.</doc>
<status status="PASS" start="2024-06-26T17:13:13.664698" elapsed="0.000753"/>
</kw>
<kw name="Set Variable" owner="BuiltIn">
<msg time="2024-06-26T17:13:13.666303" level="INFO">${name_title} = Mr</msg>
<var>${name_title}</var>
<arg>${json_data["results"][0]["name"]["title"]}</arg>
<doc>Returns the given values which can then be assigned to a variables.</doc>
<status status="PASS" start="2024-06-26T17:13:13.665878" elapsed="0.000453"/>
</kw>
<kw name="Create List" owner="BuiltIn">
<msg time="2024-06-26T17:13:13.666789" level="INFO">${allowed_titles} = ['Mr', 'Ms', 'Miss', 'Mrs', 'Madame', 'Monsieur']</msg>
<var>${allowed_titles}</var>
<arg>Mr</arg>
<arg>Ms</arg>
<arg>Miss</arg>
<arg>Mrs</arg>
<arg>Madame</arg>
<arg>Monsieur</arg>
<doc>Returns a list containing given items.</doc>
<status status="PASS" start="2024-06-26T17:13:13.666636" elapsed="0.000178"/>
</kw>
<kw name="List Should Contain Value" owner="Collections">
<arg>${allowed_titles}</arg>
<arg>${name_title}</arg>
<doc>Fails if the ``value`` is not found from ``list``.</doc>
<status status="PASS" start="2024-06-26T17:13:13.667152" elapsed="0.000180"/>
</kw>
<kw name="Set Variable" owner="BuiltIn">
<msg time="2024-06-26T17:13:13.667879" level="INFO">${name_country} = ES</msg>
<var>${name_country}</var>
<arg>${json_data["results"][0]["nat"]}</arg>
<doc>Returns the given values which can then be assigned to a variables.</doc>
<status status="PASS" start="2024-06-26T17:13:13.667514" elapsed="0.000391"/>
</kw>
<kw name="Create List" owner="BuiltIn">
<msg time="2024-06-26T17:13:13.668793" level="INFO">${list_country} = ['AD', 'AE', 'AF', 'AG', 'AI', 'AL', 'AM', 'AO', 'AQ', 'AR', 'AS', 'AT', 'AU', 'AW', 'AX', 'AZ', 'BA', 'BB', 'BD', 'BE', 'BF', 'BG', 'BH', 'BI', 'BJ', 'BL', 'BM', 'BN', 'BO', 'BQ', 'BR', 'BS', 'BT', '...</msg>
<var>${list_country}</var>
<arg>AD</arg>
<arg>AE</arg>
<arg>AF</arg>
<arg>AG</arg>
<arg>AI</arg>
<arg>AL</arg>
<arg>AM</arg>
<arg>AO</arg>
<arg>AQ</arg>
<arg>AR</arg>
<arg>AS</arg>
<arg>AT</arg>
<arg>AU</arg>
<arg>AW</arg>
<arg>AX</arg>
<arg>AZ</arg>
<arg>BA</arg>
<arg>BB</arg>
<arg>BD</arg>
<arg>BE</arg>
<arg>BF</arg>
<arg>BG</arg>
<arg>BH</arg>
<arg>BI</arg>
<arg>BJ</arg>
<arg>BL</arg>
<arg>BM</arg>
<arg>BN</arg>
<arg>BO</arg>
<arg>BQ</arg>
<arg>BR</arg>
<arg>BS</arg>
<arg>BT</arg>
<arg>BV</arg>
<arg>BW</arg>
<arg>BY</arg>
<arg>BZ</arg>
<arg>CA</arg>
<arg>CC</arg>
<arg>CD</arg>
<arg>CF</arg>
<arg>CG</arg>
<arg>CH</arg>
<arg>CI</arg>
<arg>CK</arg>
<arg>CL</arg>
<arg>CM</arg>
<arg>CN</arg>
<arg>CO</arg>
<arg>CR</arg>
<arg>CU</arg>
<arg>CV</arg>
<arg>CW</arg>
<arg>CX</arg>
<arg>CY</arg>
<arg>CZ</arg>
<arg>DE</arg>
<arg>DJ</arg>
<arg>DK</arg>
<arg>DM</arg>
<arg>DO</arg>
<arg>DZ</arg>
<arg>EC</arg>
<arg>EE</arg>
<arg>EG</arg>
<arg>EH</arg>
<arg>ER</arg>
<arg>ES</arg>
<arg>ET</arg>
<arg>FI</arg>
<arg>FJ</arg>
<arg>FK</arg>
<arg>FM</arg>
<arg>FO</arg>
<arg>FR</arg>
<arg>GA</arg>
<arg>GB</arg>
<arg>GD</arg>
<arg>GE</arg>
<arg>GF</arg>
<arg>GG</arg>
<arg>GH</arg>
<arg>GI</arg>
<arg>GL</arg>
<arg>GM</arg>
<arg>GN</arg>
<arg>GP</arg>
<arg>GQ</arg>
<arg>GR</arg>
<arg>GS</arg>
<arg>GT</arg>
<arg>GU</arg>
<arg>GW</arg>
<arg>GY</arg>
<arg>HK</arg>
<arg>HM</arg>
<arg>HN</arg>
<arg>HR</arg>
<arg>HT</arg>
<arg>HU</arg>
<arg>ID</arg>
<arg>IE</arg>
<arg>IL</arg>
<arg>IM</arg>
<arg>IN</arg>
<arg>IO</arg>
<arg>IQ</arg>
<arg>IR</arg>
<arg>IS</arg>
<arg>IT</arg>
<arg>JE</arg>
<arg>JM</arg>
<arg>JO</arg>
<arg>JP</arg>
<arg>KE</arg>
<arg>KG</arg>
<arg>KH</arg>
<arg>KI</arg>
<arg>KM</arg>
<arg>KN</arg>
<arg>KP</arg>
<arg>KR</arg>
<arg>KW</arg>
<arg>KY</arg>
<arg>KZ</arg>
<arg>LA</arg>
<arg>LB</arg>
<arg>LC</arg>
<arg>LI</arg>
<arg>LK</arg>
<arg>LR</arg>
<arg>LS</arg>
<arg>LT</arg>
<arg>LU</arg>
<arg>LV</arg>
<arg>LY</arg>
<arg>MA</arg>
<arg>MC</arg>
<arg>MD</arg>
<arg>ME</arg>
<arg>MF</arg>
<arg>MG</arg>
<arg>MH</arg>
<arg>MK</arg>
<arg>ML</arg>
<arg>MM</arg>
<arg>MN</arg>
<arg>MO</arg>
<arg>MP</arg>
<arg>MQ</arg>
<arg>MR</arg>
<arg>MS</arg>
<arg>MT</arg>
<arg>MU</arg>
<arg>MV</arg>
<arg>MW</arg>
<arg>MX</arg>
<arg>MY</arg>
<arg>MZ</arg>
<arg>NA</arg>
<arg>NC</arg>
<arg>NE</arg>
<arg>NF</arg>
<arg>NG</arg>
<arg>NI</arg>
<arg>NL</arg>
<arg>NO</arg>
<arg>NP</arg>
<arg>NR</arg>
<arg>NU</arg>
<arg>NZ</arg>
<arg>OM</arg>
<arg>PA</arg>
<arg>PE</arg>
<arg>PF</arg>
<arg>PG</arg>
<arg>PH</arg>
<arg>PK</arg>
<arg>PL</arg>
<arg>PM</arg>
<arg>PN</arg>
<arg>PR</arg>
<arg>PS</arg>
<arg>PT</arg>
<arg>PW</arg>
<arg>PY</arg>
<arg>QA</arg>
<arg>RE</arg>
<arg>RO</arg>
<arg>RS</arg>
<arg>RU</arg>
<arg>RW</arg>
<arg>SA</arg>
<arg>SB</arg>
<arg>SC</arg>
<arg>SD</arg>
<arg>SE</arg>
<arg>SG</arg>
<arg>SH</arg>
<arg>SI</arg>
<arg>SJ</arg>
<arg>SK</arg>
<arg>SL</arg>
<arg>SM</arg>
<arg>SN</arg>
<arg>SO</arg>
<arg>SR</arg>
<arg>SS</arg>
<arg>ST</arg>
<arg>SV</arg>
<arg>SX</arg>
<arg>SY</arg>
<arg>SZ</arg>
<arg>TC</arg>
<arg>TD</arg>
<arg>TF</arg>
<arg>TG</arg>
<arg>TH</arg>
<arg>TJ</arg>
<arg>TK</arg>
<arg>TL</arg>
<arg>TM</arg>
<arg>TN</arg>
<arg>TO</arg>
<arg>TR</arg>
<arg>TT</arg>
<arg>TV</arg>
<arg>TW</arg>
<arg>TZ</arg>
<arg>UA</arg>
<arg>UG</arg>
<arg>UM</arg>
<arg>US</arg>
<arg>UY</arg>
<arg>UZ</arg>
<arg>VA</arg>
<arg>VC</arg>
<arg>VE</arg>
<arg>VG</arg>
<arg>VI</arg>
<arg>VN</arg>
<arg>VU</arg>
<arg>WF</arg>
<arg>WS</arg>
<arg>XK</arg>
<arg>YE</arg>
<arg>YT</arg>
<arg>ZA</arg>
<arg>ZM</arg>
<arg>ZW</arg>
<doc>Returns a list containing given items.</doc>
<status status="PASS" start="2024-06-26T17:13:13.668198" elapsed="0.000621"/>
</kw>
<kw name="List Should Contain Value" owner="Collections">
<arg>${list_country}</arg>
<arg>${name_country}</arg>
<doc>Fails if the ``value`` is not found from ``list``.</doc>
<status status="PASS" start="2024-06-26T17:13:13.669614" elapsed="0.000205"/>
</kw>
<kw name="Run Keyword If" owner="BuiltIn">
<kw name="Should Be True" owner="BuiltIn">
<arg>${True}</arg>
<doc>Fails if the given condition is not true.</doc>
<status status="PASS" start="2024-06-26T17:13:13.670794" elapsed="0.000144"/>
</kw>
<arg>${json_data["results"][0]["location"]["coordinates"]["latitude"]} &gt;= -90 and ${json_data["results"][0]["location"]["coordinates"]["latitude"]} &lt;= 90</arg>
<arg>Should Be True</arg>
<arg>${True}</arg>
<doc>Runs the given keyword with the given arguments, if ``condition`` is true.</doc>
<status status="PASS" start="2024-06-26T17:13:13.670015" elapsed="0.001082"/>
</kw>
<kw name="Run Keyword If" owner="BuiltIn">
<kw name="Should Be True" owner="BuiltIn">
<arg>${True}</arg>
<doc>Fails if the given condition is not true.</doc>
<status status="PASS" start="2024-06-26T17:13:13.671985" elapsed="0.000143"/>
</kw>
<arg>${json_data["results"][0]["location"]["coordinates"]["longitude"]} &gt;= -180 and ${json_data["results"][0]["location"]["coordinates"]["longitude"]} &lt;= 180</arg>
<arg>Should Be True</arg>
<arg>${True}</arg>
<doc>Runs the given keyword with the given arguments, if ``condition`` is true.</doc>
<status status="PASS" start="2024-06-26T17:13:13.671287" elapsed="0.000965"/>
</kw>
<status status="PASS" start="2024-06-26T17:13:13.596098" elapsed="0.076284"/>
</kw>
<doc>Testa o conteúdo específico dos campos retornados pela API.</doc>
<tag>testeConteudo</tag>
<status status="PASS" start="2024-06-26T17:13:13.595401" elapsed="0.077129"/>
</test>
<status status="PASS" start="2024-06-26T17:13:12.723525" elapsed="0.950876"/>
</suite>
<status status="PASS" start="2024-06-26T17:13:12.709201" elapsed="0.970303"/>
</suite>
<statistics>
<total>
<stat pass="5" fail="0" skip="0">All Tests</stat>
</total>
<tag>
<stat pass="1" fail="0" skip="0">testeConteudo</stat>
<stat pass="1" fail="0" skip="0">testeEstruturaResposta</stat>
<stat pass="1" fail="0" skip="0">testeRequisicaoBasica</stat>
<stat pass="1" fail="0" skip="0">testeTiposDados</stat>
</tag>
<suite>
<stat pass="5" fail="0" skip="0" id="s1" name="Tests">Tests</stat>
<stat pass="5" fail="0" skip="0" id="s1-s1" name="Random-User-Test">Tests.Random-User-Test</stat>
</suite>
</statistics>
<errors>
</errors>
</robot>
