<?xml version="1.0" encoding="UTF-8"?>
<robot generator="Robot 7.0.1 (Python 3.12.3 on linux)" generated="2024-06-16T16:16:54.839796" rpa="false" schemaversion="5">
<suite id="s1" name="Tests" source="/home/runner/work/ApiRandomUser/ApiRandomUser/RamdonUser/tests">
<suite id="s1-s1" name="Random-User-Test" source="/home/runner/work/ApiRandomUser/ApiRandomUser/RamdonUser/tests/random-user-test.robot">
<test id="s1-s1-t1" name="Conectar" line="13">
<kw name="Conectar API" owner="random-user-service">
<kw name="Create Session" owner="RequestsLibrary">
<msg time="2024-06-16T16:16:55.243739" level="INFO">Creating Session using : alias=consultarAPI, url=https://randomuser.me/, headers={},                     cookies={}, auth=None, timeout=None, proxies=None, verify=False,                     debug=0 </msg>
<arg>consultarAPI</arg>
<arg>${URL}</arg>
<doc>Create Session: create a HTTP session to a server</doc>
<status status="PASS" start="2024-06-16T16:16:55.243545" elapsed="0.000364"/>
</kw>
<status status="PASS" start="2024-06-16T16:16:55.242617" elapsed="0.001643"/>
</kw>
<status status="PASS" start="2024-06-16T16:16:55.242095" elapsed="0.002358"/>
</test>
<test id="s1-s1-t2" name="Validar retorno 200 e JSON Válido" line="16">
<kw name="Teste de Requisicao Basica" owner="random-user-service">
<kw name="GET On Session" owner="RequestsLibrary">
<msg time="2024-06-16T16:16:55.491693" level="INFO">GET Request : url=https://randomuser.me/api 
 path_url=/api 
 headers={'User-Agent': 'python-requests/2.32.3', 'Accept-Encoding': 'gzip, deflate', 'Accept': '*/*', 'Connection': 'keep-alive'} 
 body=None 
 </msg>
<msg time="2024-06-16T16:16:55.491831" level="INFO">GET Response : url=https://randomuser.me/api 
 status=200, reason=OK 
 headers={'Date': 'Sun, 16 Jun 2024 16:16:55 GMT', 'Content-Type': 'application/json; charset=utf-8', 'Transfer-Encoding': 'chunked', 'Connection': 'keep-alive', 'X-Powered-By': 'Express', 'Access-Control-Allow-Origin': '*', 'Cache-Control': 'no-cache', 'ETag': 'W/"4a3-Xra2B9/lAN06YdCBgyubvD+UNCQ"', 'Vary': 'Accept-Encoding', 'Content-Encoding': 'gzip', 'CF-Cache-Status': 'DYNAMIC', 'Report-To': '{"endpoints":[{"url":"https:\\/\\/a.nel.cloudflare.com\\/report\\/v4?s=gIL5%2BR%2BKyJpF8M5vylGPZGJEQVRRFYK9Tc6dmysg1t1pFno3r9l1QEvFj2Jw76YIC%2FFSeSamYz9vZV9YjMtHHUiTfAeXwBXZSuQ4K2FlYfyMa%2BUqb3mdpUmJcyKn4Qrv"}],"group":"cf-nel","max_age":604800}', 'NEL': '{"success_fraction":0,"report_to":"cf-nel","max_age":604800}', 'Server': 'cloudflare', 'CF-RAY': '894c1b6a7bf52d6d-ORD', 'alt-svc': 'h3=":443"; ma=86400'} 
 body={"results":[{"gender":"female","name":{"title":"Madame","first":"Josefa","last":"Fournier"},"location":{"street":{"number":7439,"name":"Rue de L'Abbé-Rousselot"},"city":"Rüte","state":"Neuchâtel","country":"Switzerland","postcode":3692,"coordinates":{"latitude":"-61.8834","longitude":"55.8917"},"timezone":{"offset":"+6:00","description":"Almaty, Dhaka, Colombo"}},"email":"josefa.fournier@example.com","login":{"uuid":"75ecb9b7-5147-41bd-876d-8b412e46bacf","username":"smalllion724","password":"gsxr750","salt":"etEeR1sE","md5":"00b535b09fb80685f4c0eb5fbef56a92","sha1":"c1d0cd61b36f003267124799142080be467ee060","sha256":"68abb25b492bcb0b7f1f56075e7dffe926e10b291600b33bc0b39f42cd18e705"},"dob":{"date":"1960-10-08T11:32:27.943Z","age":63},"registered":{"date":"2003-07-15T05:27:54.682Z","age":20},"phone":"076 767 98 67","cell":"075 701 64 22","id":{"name":"AVS","value":"756.0826.8482.36"},"picture":{"large":"https://randomuser.me/api/portraits/women/15.jpg","medium":"https://randomuser.me/api/portraits/med/women/15.jpg","thumbnail":"https://randomuser.me/api/portraits/thumb/women/15.jpg"},"nat":"CH"}],"info":{"seed":"f0983bc26e97a7f4","results":1,"page":1,"version":"1.4"}} 
 </msg>
<msg time="2024-06-16T16:16:55.491928" level="INFO">/opt/hostedtoolcache/Python/3.12.3/x64/lib/python3.12/site-packages/urllib3/connectionpool.py:1103: InsecureRequestWarning: Unverified HTTPS request is being made to host 'randomuser.me'. Adding certificate verification is strongly advised. See: https://urllib3.readthedocs.io/en/latest/advanced-usage.html#tls-warnings
  warnings.warn(</msg>
<msg time="2024-06-16T16:16:55.492065" level="INFO">${response} = &lt;Response [200]&gt;</msg>
<var>${response}</var>
<arg>consultarAPI</arg>
<arg>/api</arg>
<doc>Sends a GET request on a previously created HTTP Session.</doc>
<status status="PASS" start="2024-06-16T16:16:55.247058" elapsed="0.245059"/>
</kw>
<kw name="Should Be Equal As Numbers" owner="BuiltIn">
<msg time="2024-06-16T16:16:55.493025" level="INFO">Argument types are:
&lt;class 'int'&gt;
&lt;class 'str'&gt;</msg>
<arg>${response.status_code}</arg>
<arg>200</arg>
<doc>Fails if objects are unequal after converting them to real numbers.</doc>
<status status="PASS" start="2024-06-16T16:16:55.492604" elapsed="0.000486"/>
</kw>
<kw name="Log" owner="BuiltIn">
<msg time="2024-06-16T16:16:55.493767" level="INFO">200</msg>
<arg>${response.status_code}</arg>
<doc>Logs the given message with the given level.</doc>
<status status="PASS" start="2024-06-16T16:16:55.493414" elapsed="0.000401"/>
</kw>
<kw name="Set Variable" owner="BuiltIn">
<msg time="2024-06-16T16:16:55.494611" level="INFO">${json_data} = {'results': [{'gender': 'female', 'name': {'title': 'Madame', 'first': 'Josefa', 'last': 'Fournier'}, 'location': {'street': {'number': 7439, 'name': "Rue de L'Abbé-Rousselot"}, 'city': 'Rüte', 'state...</msg>
<var>${json_data}</var>
<arg>${response.json()}</arg>
<doc>Returns the given values which can then be assigned to a variables.</doc>
<status status="PASS" start="2024-06-16T16:16:55.494162" elapsed="0.000479"/>
</kw>
<kw name="Dictionary Should Contain Key" owner="Collections">
<arg>${json_data}</arg>
<arg>results</arg>
<doc>Fails if ``key`` is not found from ``dictionary``.</doc>
<status status="PASS" start="2024-06-16T16:16:55.494944" elapsed="0.000163"/>
</kw>
<status status="PASS" start="2024-06-16T16:16:55.246817" elapsed="0.248436"/>
</kw>
<doc>Testa se a API responde corretamente e retorna um objeto JSON válido.</doc>
<tag>testeRequisicaoBasica</tag>
<status status="PASS" start="2024-06-16T16:16:55.246356" elapsed="0.249058"/>
</test>
<test id="s1-s1-t3" name="Validar estrutura de resposta" line="22">
<kw name="Teste de Estrutura de Resposta" owner="random-user-service">
<kw name="GET On Session" owner="RequestsLibrary">
<msg time="2024-06-16T16:16:55.585831" level="INFO">GET Request : url=https://randomuser.me/api 
 path_url=/api 
 headers={'User-Agent': 'python-requests/2.32.3', 'Accept-Encoding': 'gzip, deflate', 'Accept': '*/*', 'Connection': 'keep-alive'} 
 body=None 
 </msg>
<msg time="2024-06-16T16:16:55.585948" level="INFO">GET Response : url=https://randomuser.me/api 
 status=200, reason=OK 
 headers={'Date': 'Sun, 16 Jun 2024 16:16:55 GMT', 'Content-Type': 'application/json; charset=utf-8', 'Transfer-Encoding': 'chunked', 'Connection': 'keep-alive', 'X-Powered-By': 'Express', 'Access-Control-Allow-Origin': '*', 'Cache-Control': 'no-cache', 'ETag': 'W/"4ba-wK/wakUPeMrAOGNu0Wt3C2AwKZ0"', 'Vary': 'Accept-Encoding', 'Content-Encoding': 'gzip', 'CF-Cache-Status': 'DYNAMIC', 'Report-To': '{"endpoints":[{"url":"https:\\/\\/a.nel.cloudflare.com\\/report\\/v4?s=Q%2FBMyBJE6itvuAU2sS2YTNmbVP3e2qrDB2lBeeH6NhHmy324pNPzl3obuxjpQsoPS%2FVthCJV%2FYwSS0rM%2F5KsFGfKhQxTjKVIR%2BA1lYzp%2B5K27pk6GSjOubiBZ9gmGS9r"}],"group":"cf-nel","max_age":604800}', 'NEL': '{"success_fraction":0,"report_to":"cf-nel","max_age":604800}', 'Server': 'cloudflare', 'CF-RAY': '894c1b6adc5f2d6d-ORD', 'alt-svc': 'h3=":443"; ma=86400'} 
 body={"results":[{"gender":"female","name":{"title":"Mrs","first":"Giulia","last":"Robert"},"location":{"street":{"number":4015,"name":"Place Paul-Duquaire"},"city":"Boulogne-Billancourt","state":"Oise","country":"France","postcode":96412,"coordinates":{"latitude":"-13.0473","longitude":"34.9799"},"timezone":{"offset":"0:00","description":"Western Europe Time, London, Lisbon, Casablanca"}},"email":"giulia.robert@example.com","login":{"uuid":"6d96642b-f75e-4bd5-94c0-7219730bed06","username":"angryladybug237","password":"romance","salt":"Dw3S2vLt","md5":"fc566a4052621ac1c03258a7e96e8b26","sha1":"65be86dd38f5b20111ef53b4dd816d4e5fea3035","sha256":"1a732e4ad5063fa2daf70f898475d015e77e1c182353ff468873d43f527978cf"},"dob":{"date":"1950-05-25T10:05:49.163Z","age":74},"registered":{"date":"2014-07-25T05:10:45.911Z","age":9},"phone":"01-07-88-04-84","cell":"06-05-16-36-61","id":{"name":"INSEE","value":"2500410804680 89"},"picture":{"large":"https://randomuser.me/api/portraits/women/48.jpg","medium":"https://randomuser.me/api/portraits/med/women/48.jpg","thumbnail":"https://randomuser.me/api/portraits/thumb/women/48.jpg"},"nat":"FR"}],"info":{"seed":"9e54772306b7bf0f","results":1,"page":1,"version":"1.4"}} 
 </msg>
<msg time="2024-06-16T16:16:55.586090" level="INFO">/opt/hostedtoolcache/Python/3.12.3/x64/lib/python3.12/site-packages/urllib3/connectionpool.py:1103: InsecureRequestWarning: Unverified HTTPS request is being made to host 'randomuser.me'. Adding certificate verification is strongly advised. See: https://urllib3.readthedocs.io/en/latest/advanced-usage.html#tls-warnings
  warnings.warn(</msg>
<msg time="2024-06-16T16:16:55.586217" level="INFO">${response} = &lt;Response [200]&gt;</msg>
<var>${response}</var>
<arg>consultarAPI</arg>
<arg>/api</arg>
<doc>Sends a GET request on a previously created HTTP Session.</doc>
<status status="PASS" start="2024-06-16T16:16:55.498015" elapsed="0.088261"/>
</kw>
<kw name="Set Variable" owner="BuiltIn">
<msg time="2024-06-16T16:16:55.587396" level="INFO">${json_data} = {'results': [{'gender': 'female', 'name': {'title': 'Mrs', 'first': 'Giulia', 'last': 'Robert'}, 'location': {'street': {'number': 4015, 'name': 'Place Paul-Duquaire'}, 'city': 'Boulogne-Billancourt',...</msg>
<var>${json_data}</var>
<arg>${response.json()}</arg>
<doc>Returns the given values which can then be assigned to a variables.</doc>
<status status="PASS" start="2024-06-16T16:16:55.586769" elapsed="0.000657"/>
</kw>
<kw name="Log" owner="BuiltIn">
<msg time="2024-06-16T16:16:55.587886" level="INFO">{'results': [{'gender': 'female', 'name': {'title': 'Mrs', 'first': 'Giulia', 'last': 'Robert'}, 'location': {'street': {'number': 4015, 'name': 'Place Paul-Duquaire'}, 'city': 'Boulogne-Billancourt', 'state': 'Oise', 'country': 'France', 'postcode': 96412, 'coordinates': {'latitude': '-13.0473', 'longitude': '34.9799'}, 'timezone': {'offset': '0:00', 'description': 'Western Europe Time, London, Lisbon, Casablanca'}}, 'email': 'giulia.robert@example.com', 'login': {'uuid': '6d96642b-f75e-4bd5-94c0-7219730bed06', 'username': 'angryladybug237', 'password': 'romance', 'salt': 'Dw3S2vLt', 'md5': 'fc566a4052621ac1c03258a7e96e8b26', 'sha1': '65be86dd38f5b20111ef53b4dd816d4e5fea3035', 'sha256': '1a732e4ad5063fa2daf70f898475d015e77e1c182353ff468873d43f527978cf'}, 'dob': {'date': '1950-05-25T10:05:49.163Z', 'age': 74}, 'registered': {'date': '2014-07-25T05:10:45.911Z', 'age': 9}, 'phone': '01-07-88-04-84', 'cell': '06-05-16-36-61', 'id': {'name': 'INSEE', 'value': '2500410804680 89'}, 'picture': {'large': 'https://randomuser.me/api/portraits/women/48.jpg', 'medium': 'https://randomuser.me/api/portraits/med/women/48.jpg', 'thumbnail': 'https://randomuser.me/api/portraits/thumb/women/48.jpg'}, 'nat': 'FR'}], 'info': {'seed': '9e54772306b7bf0f', 'results': 1, 'page': 1, 'version': '1.4'}}</msg>
<arg>${json_data}</arg>
<doc>Logs the given message with the given level.</doc>
<status status="PASS" start="2024-06-16T16:16:55.587732" elapsed="0.000208"/>
</kw>
<kw name="Dictionary Should Contain Key" owner="Collections">
<arg>${json_data}</arg>
<arg>results</arg>
<doc>Fails if ``key`` is not found from ``dictionary``.</doc>
<status status="PASS" start="2024-06-16T16:16:55.588235" elapsed="0.000158"/>
</kw>
<kw name="Should Not Be Empty" owner="BuiltIn">
<msg time="2024-06-16T16:16:55.588701" level="INFO">Length is 2.</msg>
<arg>${json_data}</arg>
<doc>Verifies that the given item is not empty.</doc>
<status status="PASS" start="2024-06-16T16:16:55.588577" elapsed="0.000169"/>
</kw>
<kw name="Create List" owner="BuiltIn">
<msg time="2024-06-16T16:16:55.589191" level="INFO">${expected_keys} = ['gender', 'name', 'location', 'email', 'login']</msg>
<var>${expected_keys}</var>
<arg>gender</arg>
<arg>name</arg>
<arg>location</arg>
<arg>email</arg>
<arg>login</arg>
<doc>Returns a list containing given items.</doc>
<status status="PASS" start="2024-06-16T16:16:55.589037" elapsed="0.000178"/>
</kw>
<for flavor="IN">
<iter>
<kw name="Dictionary Should Contain Key" owner="Collections">
<arg>${json_data['results'][0]}</arg>
<arg>${key}</arg>
<doc>Fails if ``key`` is not found from ``dictionary``.</doc>
<status status="PASS" start="2024-06-16T16:16:55.589900" elapsed="0.000442"/>
</kw>
<kw name="Log" owner="BuiltIn">
<msg time="2024-06-16T16:16:55.590888" level="INFO">{'gender': 'female', 'name': {'title': 'Mrs', 'first': 'Giulia', 'last': 'Robert'}, 'location': {'street': {'number': 4015, 'name': 'Place Paul-Duquaire'}, 'city': 'Boulogne-Billancourt', 'state': 'Oise', 'country': 'France', 'postcode': 96412, 'coordinates': {'latitude': '-13.0473', 'longitude': '34.9799'}, 'timezone': {'offset': '0:00', 'description': 'Western Europe Time, London, Lisbon, Casablanca'}}, 'email': 'giulia.robert@example.com', 'login': {'uuid': '6d96642b-f75e-4bd5-94c0-7219730bed06', 'username': 'angryladybug237', 'password': 'romance', 'salt': 'Dw3S2vLt', 'md5': 'fc566a4052621ac1c03258a7e96e8b26', 'sha1': '65be86dd38f5b20111ef53b4dd816d4e5fea3035', 'sha256': '1a732e4ad5063fa2daf70f898475d015e77e1c182353ff468873d43f527978cf'}, 'dob': {'date': '1950-05-25T10:05:49.163Z', 'age': 74}, 'registered': {'date': '2014-07-25T05:10:45.911Z', 'age': 9}, 'phone': '01-07-88-04-84', 'cell': '06-05-16-36-61', 'id': {'name': 'INSEE', 'value': '2500410804680 89'}, 'picture': {'large': 'https://randomuser.me/api/portraits/women/48.jpg', 'medium': 'https://randomuser.me/api/portraits/med/women/48.jpg', 'thumbnail': 'https://randomuser.me/api/portraits/thumb/women/48.jpg'}, 'nat': 'FR'}</msg>
<arg>${json_data['results'][0]}</arg>
<doc>Logs the given message with the given level.</doc>
<status status="PASS" start="2024-06-16T16:16:55.590531" elapsed="0.000405"/>
</kw>
<kw name="Log" owner="BuiltIn">
<msg time="2024-06-16T16:16:55.591367" level="INFO">gender</msg>
<arg>${key}</arg>
<doc>Logs the given message with the given level.</doc>
<status status="PASS" start="2024-06-16T16:16:55.591238" elapsed="0.000166"/>
</kw>
<var name="${key}">gender</var>
<status status="PASS" start="2024-06-16T16:16:55.589772" elapsed="0.001849"/>
</iter>
<iter>
<kw name="Dictionary Should Contain Key" owner="Collections">
<arg>${json_data['results'][0]}</arg>
<arg>${key}</arg>
<doc>Fails if ``key`` is not found from ``dictionary``.</doc>
<status status="PASS" start="2024-06-16T16:16:55.591922" elapsed="0.000392"/>
</kw>
<kw name="Log" owner="BuiltIn">
<msg time="2024-06-16T16:16:55.592887" level="INFO">{'gender': 'female', 'name': {'title': 'Mrs', 'first': 'Giulia', 'last': 'Robert'}, 'location': {'street': {'number': 4015, 'name': 'Place Paul-Duquaire'}, 'city': 'Boulogne-Billancourt', 'state': 'Oise', 'country': 'France', 'postcode': 96412, 'coordinates': {'latitude': '-13.0473', 'longitude': '34.9799'}, 'timezone': {'offset': '0:00', 'description': 'Western Europe Time, London, Lisbon, Casablanca'}}, 'email': 'giulia.robert@example.com', 'login': {'uuid': '6d96642b-f75e-4bd5-94c0-7219730bed06', 'username': 'angryladybug237', 'password': 'romance', 'salt': 'Dw3S2vLt', 'md5': 'fc566a4052621ac1c03258a7e96e8b26', 'sha1': '65be86dd38f5b20111ef53b4dd816d4e5fea3035', 'sha256': '1a732e4ad5063fa2daf70f898475d015e77e1c182353ff468873d43f527978cf'}, 'dob': {'date': '1950-05-25T10:05:49.163Z', 'age': 74}, 'registered': {'date': '2014-07-25T05:10:45.911Z', 'age': 9}, 'phone': '01-07-88-04-84', 'cell': '06-05-16-36-61', 'id': {'name': 'INSEE', 'value': '2500410804680 89'}, 'picture': {'large': 'https://randomuser.me/api/portraits/women/48.jpg', 'medium': 'https://randomuser.me/api/portraits/med/women/48.jpg', 'thumbnail': 'https://randomuser.me/api/portraits/thumb/women/48.jpg'}, 'nat': 'FR'}</msg>
<arg>${json_data['results'][0]}</arg>
<doc>Logs the given message with the given level.</doc>
<status status="PASS" start="2024-06-16T16:16:55.592533" elapsed="0.000401"/>
</kw>
<kw name="Log" owner="BuiltIn">
<msg time="2024-06-16T16:16:55.593360" level="INFO">name</msg>
<arg>${key}</arg>
<doc>Logs the given message with the given level.</doc>
<status status="PASS" start="2024-06-16T16:16:55.593232" elapsed="0.000165"/>
</kw>
<var name="${key}">name</var>
<status status="PASS" start="2024-06-16T16:16:55.591809" elapsed="0.001802"/>
</iter>
<iter>
<kw name="Dictionary Should Contain Key" owner="Collections">
<arg>${json_data['results'][0]}</arg>
<arg>${key}</arg>
<doc>Fails if ``key`` is not found from ``dictionary``.</doc>
<status status="PASS" start="2024-06-16T16:16:55.593907" elapsed="0.000416"/>
</kw>
<kw name="Log" owner="BuiltIn">
<msg time="2024-06-16T16:16:55.594859" level="INFO">{'gender': 'female', 'name': {'title': 'Mrs', 'first': 'Giulia', 'last': 'Robert'}, 'location': {'street': {'number': 4015, 'name': 'Place Paul-Duquaire'}, 'city': 'Boulogne-Billancourt', 'state': 'Oise', 'country': 'France', 'postcode': 96412, 'coordinates': {'latitude': '-13.0473', 'longitude': '34.9799'}, 'timezone': {'offset': '0:00', 'description': 'Western Europe Time, London, Lisbon, Casablanca'}}, 'email': 'giulia.robert@example.com', 'login': {'uuid': '6d96642b-f75e-4bd5-94c0-7219730bed06', 'username': 'angryladybug237', 'password': 'romance', 'salt': 'Dw3S2vLt', 'md5': 'fc566a4052621ac1c03258a7e96e8b26', 'sha1': '65be86dd38f5b20111ef53b4dd816d4e5fea3035', 'sha256': '1a732e4ad5063fa2daf70f898475d015e77e1c182353ff468873d43f527978cf'}, 'dob': {'date': '1950-05-25T10:05:49.163Z', 'age': 74}, 'registered': {'date': '2014-07-25T05:10:45.911Z', 'age': 9}, 'phone': '01-07-88-04-84', 'cell': '06-05-16-36-61', 'id': {'name': 'INSEE', 'value': '2500410804680 89'}, 'picture': {'large': 'https://randomuser.me/api/portraits/women/48.jpg', 'medium': 'https://randomuser.me/api/portraits/med/women/48.jpg', 'thumbnail': 'https://randomuser.me/api/portraits/thumb/women/48.jpg'}, 'nat': 'FR'}</msg>
<arg>${json_data['results'][0]}</arg>
<doc>Logs the given message with the given level.</doc>
<status status="PASS" start="2024-06-16T16:16:55.594511" elapsed="0.000396"/>
</kw>
<kw name="Log" owner="BuiltIn">
<msg time="2024-06-16T16:16:55.595332" level="INFO">location</msg>
<arg>${key}</arg>
<doc>Logs the given message with the given level.</doc>
<status status="PASS" start="2024-06-16T16:16:55.595202" elapsed="0.000166"/>
</kw>
<var name="${key}">location</var>
<status status="PASS" start="2024-06-16T16:16:55.593792" elapsed="0.001792"/>
</iter>
<iter>
<kw name="Dictionary Should Contain Key" owner="Collections">
<arg>${json_data['results'][0]}</arg>
<arg>${key}</arg>
<doc>Fails if ``key`` is not found from ``dictionary``.</doc>
<status status="PASS" start="2024-06-16T16:16:55.595869" elapsed="0.000395"/>
</kw>
<kw name="Log" owner="BuiltIn">
<msg time="2024-06-16T16:16:55.596796" level="INFO">{'gender': 'female', 'name': {'title': 'Mrs', 'first': 'Giulia', 'last': 'Robert'}, 'location': {'street': {'number': 4015, 'name': 'Place Paul-Duquaire'}, 'city': 'Boulogne-Billancourt', 'state': 'Oise', 'country': 'France', 'postcode': 96412, 'coordinates': {'latitude': '-13.0473', 'longitude': '34.9799'}, 'timezone': {'offset': '0:00', 'description': 'Western Europe Time, London, Lisbon, Casablanca'}}, 'email': 'giulia.robert@example.com', 'login': {'uuid': '6d96642b-f75e-4bd5-94c0-7219730bed06', 'username': 'angryladybug237', 'password': 'romance', 'salt': 'Dw3S2vLt', 'md5': 'fc566a4052621ac1c03258a7e96e8b26', 'sha1': '65be86dd38f5b20111ef53b4dd816d4e5fea3035', 'sha256': '1a732e4ad5063fa2daf70f898475d015e77e1c182353ff468873d43f527978cf'}, 'dob': {'date': '1950-05-25T10:05:49.163Z', 'age': 74}, 'registered': {'date': '2014-07-25T05:10:45.911Z', 'age': 9}, 'phone': '01-07-88-04-84', 'cell': '06-05-16-36-61', 'id': {'name': 'INSEE', 'value': '2500410804680 89'}, 'picture': {'large': 'https://randomuser.me/api/portraits/women/48.jpg', 'medium': 'https://randomuser.me/api/portraits/med/women/48.jpg', 'thumbnail': 'https://randomuser.me/api/portraits/thumb/women/48.jpg'}, 'nat': 'FR'}</msg>
<arg>${json_data['results'][0]}</arg>
<doc>Logs the given message with the given level.</doc>
<status status="PASS" start="2024-06-16T16:16:55.596450" elapsed="0.000403"/>
</kw>
<kw name="Log" owner="BuiltIn">
<msg time="2024-06-16T16:16:55.597277" level="INFO">email</msg>
<arg>${key}</arg>
<doc>Logs the given message with the given level.</doc>
<status status="PASS" start="2024-06-16T16:16:55.597150" elapsed="0.000165"/>
</kw>
<var name="${key}">email</var>
<status status="PASS" start="2024-06-16T16:16:55.595760" elapsed="0.001769"/>
</iter>
<iter>
<kw name="Dictionary Should Contain Key" owner="Collections">
<arg>${json_data['results'][0]}</arg>
<arg>${key}</arg>
<doc>Fails if ``key`` is not found from ``dictionary``.</doc>
<status status="PASS" start="2024-06-16T16:16:55.597814" elapsed="0.000434"/>
</kw>
<kw name="Log" owner="BuiltIn">
<msg time="2024-06-16T16:16:55.598797" level="INFO">{'gender': 'female', 'name': {'title': 'Mrs', 'first': 'Giulia', 'last': 'Robert'}, 'location': {'street': {'number': 4015, 'name': 'Place Paul-Duquaire'}, 'city': 'Boulogne-Billancourt', 'state': 'Oise', 'country': 'France', 'postcode': 96412, 'coordinates': {'latitude': '-13.0473', 'longitude': '34.9799'}, 'timezone': {'offset': '0:00', 'description': 'Western Europe Time, London, Lisbon, Casablanca'}}, 'email': 'giulia.robert@example.com', 'login': {'uuid': '6d96642b-f75e-4bd5-94c0-7219730bed06', 'username': 'angryladybug237', 'password': 'romance', 'salt': 'Dw3S2vLt', 'md5': 'fc566a4052621ac1c03258a7e96e8b26', 'sha1': '65be86dd38f5b20111ef53b4dd816d4e5fea3035', 'sha256': '1a732e4ad5063fa2daf70f898475d015e77e1c182353ff468873d43f527978cf'}, 'dob': {'date': '1950-05-25T10:05:49.163Z', 'age': 74}, 'registered': {'date': '2014-07-25T05:10:45.911Z', 'age': 9}, 'phone': '01-07-88-04-84', 'cell': '06-05-16-36-61', 'id': {'name': 'INSEE', 'value': '2500410804680 89'}, 'picture': {'large': 'https://randomuser.me/api/portraits/women/48.jpg', 'medium': 'https://randomuser.me/api/portraits/med/women/48.jpg', 'thumbnail': 'https://randomuser.me/api/portraits/thumb/women/48.jpg'}, 'nat': 'FR'}</msg>
<arg>${json_data['results'][0]}</arg>
<doc>Logs the given message with the given level.</doc>
<status status="PASS" start="2024-06-16T16:16:55.598436" elapsed="0.000407"/>
</kw>
<kw name="Log" owner="BuiltIn">
<msg time="2024-06-16T16:16:55.599265" level="INFO">login</msg>
<arg>${key}</arg>
<doc>Logs the given message with the given level.</doc>
<status status="PASS" start="2024-06-16T16:16:55.599137" elapsed="0.000166"/>
</kw>
<var name="${key}">login</var>
<status status="PASS" start="2024-06-16T16:16:55.597704" elapsed="0.001815"/>
</iter>
<var>${key}</var>
<value>@{expected_keys}</value>
<status status="PASS" start="2024-06-16T16:16:55.589589" elapsed="0.010076"/>
</for>
<kw name="Create List" owner="BuiltIn">
<msg time="2024-06-16T16:16:55.600002" level="INFO">${expected_keysTwo} = ['username', 'password']</msg>
<var>${expected_keysTwo}</var>
<arg>username</arg>
<arg>password</arg>
<doc>Returns a list containing given items.</doc>
<status status="PASS" start="2024-06-16T16:16:55.599860" elapsed="0.000166"/>
</kw>
<for flavor="IN">
<iter>
<kw name="Dictionary Should Contain Key" owner="Collections">
<arg>${json_data['results'][0]['login']}</arg>
<arg>${keyTwo}</arg>
<doc>Fails if ``key`` is not found from ``dictionary``.</doc>
<status status="PASS" start="2024-06-16T16:16:55.600521" elapsed="0.000384"/>
</kw>
<kw name="Dictionary Should Contain Key" owner="Collections">
<arg>${json_data['results'][0]['login']}</arg>
<arg>${keyTwo}</arg>
<doc>Fails if ``key`` is not found from ``dictionary``.</doc>
<status status="PASS" start="2024-06-16T16:16:55.601085" elapsed="0.000373"/>
</kw>
<kw name="Log" owner="BuiltIn">
<msg time="2024-06-16T16:16:55.601752" level="INFO">username</msg>
<arg>${keyTwo}</arg>
<doc>Logs the given message with the given level.</doc>
<status status="PASS" start="2024-06-16T16:16:55.601634" elapsed="0.000163"/>
</kw>
<var name="${keyTwo}">username</var>
<status status="PASS" start="2024-06-16T16:16:55.600413" elapsed="0.001626"/>
</iter>
<iter>
<kw name="Dictionary Should Contain Key" owner="Collections">
<arg>${json_data['results'][0]['login']}</arg>
<arg>${keyTwo}</arg>
<doc>Fails if ``key`` is not found from ``dictionary``.</doc>
<status status="PASS" start="2024-06-16T16:16:55.602333" elapsed="0.000383"/>
</kw>
<kw name="Dictionary Should Contain Key" owner="Collections">
<arg>${json_data['results'][0]['login']}</arg>
<arg>${keyTwo}</arg>
<doc>Fails if ``key`` is not found from ``dictionary``.</doc>
<status status="PASS" start="2024-06-16T16:16:55.602895" elapsed="0.000370"/>
</kw>
<kw name="Log" owner="BuiltIn">
<msg time="2024-06-16T16:16:55.603560" level="INFO">password</msg>
<arg>${keyTwo}</arg>
<doc>Logs the given message with the given level.</doc>
<status status="PASS" start="2024-06-16T16:16:55.603441" elapsed="0.000155"/>
</kw>
<var name="${keyTwo}">password</var>
<status status="PASS" start="2024-06-16T16:16:55.602222" elapsed="0.001591"/>
</iter>
<var>${keyTwo}</var>
<value>@{expected_keysTwo}</value>
<status status="PASS" start="2024-06-16T16:16:55.600261" elapsed="0.003672"/>
</for>
<status status="PASS" start="2024-06-16T16:16:55.497762" elapsed="0.106304"/>
</kw>
<doc>Testa a estrutura da resposta da API.</doc>
<tag>testeEstruturaResposta</tag>
<status status="PASS" start="2024-06-16T16:16:55.497209" elapsed="0.107004"/>
</test>
<test id="s1-s1-t4" name="Validar tipos de dados" line="28">
<kw name="Teste de Tipos de Dados" owner="random-user-service">
<kw name="GET On Session" owner="RequestsLibrary">
<msg time="2024-06-16T16:16:55.684458" level="INFO">GET Request : url=https://randomuser.me/api 
 path_url=/api 
 headers={'User-Agent': 'python-requests/2.32.3', 'Accept-Encoding': 'gzip, deflate', 'Accept': '*/*', 'Connection': 'keep-alive'} 
 body=None 
 </msg>
<msg time="2024-06-16T16:16:55.684529" level="INFO">GET Response : url=https://randomuser.me/api 
 status=200, reason=OK 
 headers={'Date': 'Sun, 16 Jun 2024 16:16:55 GMT', 'Content-Type': 'application/json; charset=utf-8', 'Transfer-Encoding': 'chunked', 'Connection': 'keep-alive', 'X-Powered-By': 'Express', 'Access-Control-Allow-Origin': '*', 'Cache-Control': 'no-cache', 'ETag': 'W/"492-tfUhhX+wuAs1wZKimk4x70tETsE"', 'Vary': 'Accept-Encoding', 'Content-Encoding': 'gzip', 'CF-Cache-Status': 'DYNAMIC', 'Report-To': '{"endpoints":[{"url":"https:\\/\\/a.nel.cloudflare.com\\/report\\/v4?s=Tc4VGMulGK76DAkUKVcTW%2FWSG60HgOYkUXMgu9MHB99pLXJIYc5Ss%2BnQo9Ps0brQUc%2BlHkxpkzCUy2PJtfjqKOKDicEadmnVycn54%2ByNoa5Pb68n%2F1nUkiAJsObzHfil"}],"group":"cf-nel","max_age":604800}', 'NEL': '{"success_fraction":0,"report_to":"cf-nel","max_age":604800}', 'Server': 'cloudflare', 'CF-RAY': '894c1b6b8ce72d6d-ORD', 'alt-svc': 'h3=":443"; ma=86400'} 
 body={"results":[{"gender":"male","name":{"title":"Mr","first":"Neven","last":"Grujić"},"location":{"street":{"number":8330,"name":"Starih Ratnika"},"city":"Petrovac na Mlavi","state":"Raška","country":"Serbia","postcode":40103,"coordinates":{"latitude":"63.2755","longitude":"-44.7008"},"timezone":{"offset":"+1:00","description":"Brussels, Copenhagen, Madrid, Paris"}},"email":"neven.grujic@example.com","login":{"uuid":"927dc9b5-f0c4-4cce-9eed-e63a3ad74a61","username":"whitesnake941","password":"umbrella","salt":"0dWpVW6u","md5":"c94e0f01994dc6c1e875c44781ab7c9e","sha1":"6a12b0e1704a5bffd4f7ae65b692fc0f6f08f87a","sha256":"2124814c0660084f69ed9fe5e2d7952f9ff7a0c33b700a85db5df347c5c9dd21"},"dob":{"date":"1968-04-27T13:24:27.455Z","age":56},"registered":{"date":"2007-04-06T03:04:21.644Z","age":17},"phone":"016-8436-413","cell":"066-1208-863","id":{"name":"SID","value":"290121098"},"picture":{"large":"https://randomuser.me/api/portraits/men/62.jpg","medium":"https://randomuser.me/api/portraits/med/men/62.jpg","thumbnail":"https://randomuser.me/api/portraits/thumb/men/62.jpg"},"nat":"RS"}],"info":{"seed":"4408452d0ccd17bb","results":1,"page":1,"version":"1.4"}} 
 </msg>
<msg time="2024-06-16T16:16:55.684596" level="INFO">/opt/hostedtoolcache/Python/3.12.3/x64/lib/python3.12/site-packages/urllib3/connectionpool.py:1103: InsecureRequestWarning: Unverified HTTPS request is being made to host 'randomuser.me'. Adding certificate verification is strongly advised. See: https://urllib3.readthedocs.io/en/latest/advanced-usage.html#tls-warnings
  warnings.warn(</msg>
<msg time="2024-06-16T16:16:55.684682" level="INFO">${response} = &lt;Response [200]&gt;</msg>
<var>${response}</var>
<arg>consultarAPI</arg>
<arg>/api</arg>
<doc>Sends a GET request on a previously created HTTP Session.</doc>
<status status="PASS" start="2024-06-16T16:16:55.606783" elapsed="0.077939"/>
</kw>
<kw name="Set Variable" owner="BuiltIn">
<msg time="2024-06-16T16:16:55.685840" level="INFO">${json_data} = {'results': [{'gender': 'male', 'name': {'title': 'Mr', 'first': 'Neven', 'last': 'Grujić'}, 'location': {'street': {'number': 8330, 'name': 'Starih Ratnika'}, 'city': 'Petrovac na Mlavi', 'state': 'R...</msg>
<var>${json_data}</var>
<arg>${response.json()}</arg>
<doc>Returns the given values which can then be assigned to a variables.</doc>
<status status="PASS" start="2024-06-16T16:16:55.685210" elapsed="0.000663"/>
</kw>
<kw name="Log" owner="BuiltIn">
<msg time="2024-06-16T16:16:55.686421" level="INFO">{'results': [{'gender': 'male', 'name': {'title': 'Mr', 'first': 'Neven', 'last': 'Grujić'}, 'location': {'street': {'number': 8330, 'name': 'Starih Ratnika'}, 'city': 'Petrovac na Mlavi', 'state': 'Raška', 'country': 'Serbia', 'postcode': 40103, 'coordinates': {'latitude': '63.2755', 'longitude': '-44.7008'}, 'timezone': {'offset': '+1:00', 'description': 'Brussels, Copenhagen, Madrid, Paris'}}, 'email': 'neven.grujic@example.com', 'login': {'uuid': '927dc9b5-f0c4-4cce-9eed-e63a3ad74a61', 'username': 'whitesnake941', 'password': 'umbrella', 'salt': '0dWpVW6u', 'md5': 'c94e0f01994dc6c1e875c44781ab7c9e', 'sha1': '6a12b0e1704a5bffd4f7ae65b692fc0f6f08f87a', 'sha256': '2124814c0660084f69ed9fe5e2d7952f9ff7a0c33b700a85db5df347c5c9dd21'}, 'dob': {'date': '1968-04-27T13:24:27.455Z', 'age': 56}, 'registered': {'date': '2007-04-06T03:04:21.644Z', 'age': 17}, 'phone': '016-8436-413', 'cell': '066-1208-863', 'id': {'name': 'SID', 'value': '290121098'}, 'picture': {'large': 'https://randomuser.me/api/portraits/men/62.jpg', 'medium': 'https://randomuser.me/api/portraits/med/men/62.jpg', 'thumbnail': 'https://randomuser.me/api/portraits/thumb/men/62.jpg'}, 'nat': 'RS'}], 'info': {'seed': '4408452d0ccd17bb', 'results': 1, 'page': 1, 'version': '1.4'}}</msg>
<arg>${json_data}</arg>
<doc>Logs the given message with the given level.</doc>
<status status="PASS" start="2024-06-16T16:16:55.686260" elapsed="0.000210"/>
</kw>
<kw name="Should Be String" owner="String">
<arg>${json_data['results'][0]['gender']}</arg>
<doc>Fails if the given ``item`` is not a string.</doc>
<status status="PASS" start="2024-06-16T16:16:55.686764" elapsed="0.000392"/>
</kw>
<kw name="Should Match Regexp" owner="BuiltIn">
<arg>${json_data['results'][0]['email']}</arg>
<arg>^[a-zA-Z0-9._%+-]+@[a-zA-Z0-9.-]+\.[a-zA-Z]{2,}$</arg>
<doc>Fails if ``string`` does not match ``pattern`` as a regular expression.</doc>
<status status="PASS" start="2024-06-16T16:16:55.687353" elapsed="0.000508"/>
</kw>
<kw name="Should Match Regexp" owner="BuiltIn">
<arg>${json_data['results'][0]['dob']['date']}</arg>
<arg>\\d{4}-\\d{2}-\\d{2}T\\d{2}:\\d{2}:\\d{2}\\.\\d{3}Z</arg>
<doc>Fails if ``string`` does not match ``pattern`` as a regular expression.</doc>
<status status="PASS" start="2024-06-16T16:16:55.688055" elapsed="0.000476"/>
</kw>
<kw name="Should Match Regexp" owner="BuiltIn">
<arg>${json_data['results'][0]['registered']['date']}</arg>
<arg>\\d{4}-\\d{2}-\\d{2}T\\d{2}:\\d{2}:\\d{2}\\.\\d{3}Z</arg>
<doc>Fails if ``string`` does not match ``pattern`` as a regular expression.</doc>
<status status="PASS" start="2024-06-16T16:16:55.688728" elapsed="0.000360"/>
</kw>
<kw name="Should Match Regexp" owner="BuiltIn">
<arg>${json_data['results'][0]['picture']['large']}</arg>
<arg>^https?://.*\.(?:png|jpe?g|gif|bmp)$</arg>
<doc>Fails if ``string`` does not match ``pattern`` as a regular expression.</doc>
<status status="PASS" start="2024-06-16T16:16:55.689273" elapsed="0.000460"/>
</kw>
<kw name="Should Match Regexp" owner="BuiltIn">
<arg>${json_data['results'][0]['picture']['medium']}</arg>
<arg>^https?://.*\.(?:png|jpe?g|gif|bmp)$</arg>
<doc>Fails if ``string`` does not match ``pattern`` as a regular expression.</doc>
<status status="PASS" start="2024-06-16T16:16:55.689946" elapsed="0.000370"/>
</kw>
<kw name="Should Match Regexp" owner="BuiltIn">
<arg>${json_data['results'][0]['picture']['thumbnail']}</arg>
<arg>^https?://.*\.(?:png|jpe?g|gif|bmp)$</arg>
<doc>Fails if ``string`` does not match ``pattern`` as a regular expression.</doc>
<status status="PASS" start="2024-06-16T16:16:55.690500" elapsed="0.000344"/>
</kw>
<kw name="Log" owner="BuiltIn">
<msg time="2024-06-16T16:16:55.691339" level="INFO">{'large': 'https://randomuser.me/api/portraits/men/62.jpg', 'medium': 'https://randomuser.me/api/portraits/med/men/62.jpg', 'thumbnail': 'https://randomuser.me/api/portraits/thumb/men/62.jpg'}</msg>
<arg>${json_data['results'][0]['picture']}</arg>
<doc>Logs the given message with the given level.</doc>
<status status="PASS" start="2024-06-16T16:16:55.691022" elapsed="0.000359"/>
</kw>
<status status="PASS" start="2024-06-16T16:16:55.606559" elapsed="0.085073"/>
</kw>
<kw name="Teste de Tipos de Dados - Postcode" owner="random-user-service">
<kw name="GET On Session" owner="RequestsLibrary">
<msg time="2024-06-16T16:16:55.789356" level="INFO">GET Request : url=https://randomuser.me/api 
 path_url=/api 
 headers={'User-Agent': 'python-requests/2.32.3', 'Accept-Encoding': 'gzip, deflate', 'Accept': '*/*', 'Connection': 'keep-alive'} 
 body=None 
 </msg>
<msg time="2024-06-16T16:16:55.789441" level="INFO">GET Response : url=https://randomuser.me/api 
 status=200, reason=OK 
 headers={'Date': 'Sun, 16 Jun 2024 16:16:55 GMT', 'Content-Type': 'application/json; charset=utf-8', 'Transfer-Encoding': 'chunked', 'Connection': 'keep-alive', 'X-Powered-By': 'Express', 'Access-Control-Allow-Origin': '*', 'Cache-Control': 'no-cache', 'ETag': 'W/"486-XLoehRm1g+J22wEg5N/TQxz09Zo"', 'Vary': 'Accept-Encoding', 'Content-Encoding': 'gzip', 'CF-Cache-Status': 'DYNAMIC', 'Report-To': '{"endpoints":[{"url":"https:\\/\\/a.nel.cloudflare.com\\/report\\/v4?s=UUPol%2BUiHMEIgGJndBU8xdD%2FyI6yBUz%2Fbs4OyMCm3Cfz1KL6ldV0GKTY3cG%2BbQIEwvl7R3Oulf4jIAi9nCkt0h8SjgvFVnB%2Bz%2FAnOPRd604YHcdphxJKEIjNmAy04pdg"}],"group":"cf-nel","max_age":604800}', 'NEL': '{"success_fraction":0,"report_to":"cf-nel","max_age":604800}', 'Server': 'cloudflare', 'CF-RAY': '894c1b6c1d6a2d6d-ORD', 'alt-svc': 'h3=":443"; ma=86400'} 
 body={"results":[{"gender":"female","name":{"title":"Ms","first":"آیناز","last":"رضاییان"},"location":{"street":{"number":8662,"name":"دکتر علی شریعتی"},"city":"سنندج","state":"بوشهر","country":"Iran","postcode":19280,"coordinates":{"latitude":"16.6584","longitude":"152.8121"},"timezone":{"offset":"+3:30","description":"Tehran"}},"email":"aynz.rdyyn@example.com","login":{"uuid":"23b9d483-153a-40aa-8f12-56063bca5ecf","username":"blackfrog445","password":"baseball","salt":"tnNcPNd8","md5":"efa44f4b2dad0daef86a0418054b7748","sha1":"3fa0243f89442cb055a33dc2249e3146aeaed951","sha256":"c0fb01faf6d2dbbf0b50fb6ce88cf1312834a42538b67c2925564e14d10c1c9b"},"dob":{"date":"1946-12-14T02:05:39.808Z","age":77},"registered":{"date":"2010-02-11T12:22:30.268Z","age":14},"phone":"077-63879106","cell":"0967-916-1442","id":{"name":"","value":null},"picture":{"large":"https://randomuser.me/api/portraits/women/20.jpg","medium":"https://randomuser.me/api/portraits/med/women/20.jpg","thumbnail":"https://randomuser.me/api/portraits/thumb/women/20.jpg"},"nat":"IR"}],"info":{"seed":"e4bb6c6530b7b2be","results":1,"page":1,"version":"1.4"}} 
 </msg>
<msg time="2024-06-16T16:16:55.789521" level="INFO">/opt/hostedtoolcache/Python/3.12.3/x64/lib/python3.12/site-packages/urllib3/connectionpool.py:1103: InsecureRequestWarning: Unverified HTTPS request is being made to host 'randomuser.me'. Adding certificate verification is strongly advised. See: https://urllib3.readthedocs.io/en/latest/advanced-usage.html#tls-warnings
  warnings.warn(</msg>
<msg time="2024-06-16T16:16:55.789634" level="INFO">${response} = &lt;Response [200]&gt;</msg>
<var>${response}</var>
<arg>consultarAPI</arg>
<arg>/api</arg>
<doc>Sends a GET request on a previously created HTTP Session.</doc>
<status status="PASS" start="2024-06-16T16:16:55.692057" elapsed="0.097615"/>
</kw>
<kw name="Set Variable" owner="BuiltIn">
<msg time="2024-06-16T16:16:55.790543" level="INFO">${json_data} = {'results': [{'gender': 'female', 'name': {'title': 'Ms', 'first': 'آیناز', 'last': 'رضاییان'}, 'location': {'street': {'number': 8662, 'name': 'دکتر علی شریعتی'}, 'city': 'سنندج', 'state': 'بوشهر', '...</msg>
<var>${json_data}</var>
<arg>${response.json()}</arg>
<doc>Returns the given values which can then be assigned to a variables.</doc>
<status status="PASS" start="2024-06-16T16:16:55.790077" elapsed="0.000496"/>
</kw>
<kw name="Log" owner="BuiltIn">
<msg time="2024-06-16T16:16:55.791031" level="INFO">{'results': [{'gender': 'female', 'name': {'title': 'Ms', 'first': 'آیناز', 'last': 'رضاییان'}, 'location': {'street': {'number': 8662, 'name': 'دکتر علی شریعتی'}, 'city': 'سنندج', 'state': 'بوشهر', 'country': 'Iran', 'postcode': 19280, 'coordinates': {'latitude': '16.6584', 'longitude': '152.8121'}, 'timezone': {'offset': '+3:30', 'description': 'Tehran'}}, 'email': 'aynz.rdyyn@example.com', 'login': {'uuid': '23b9d483-153a-40aa-8f12-56063bca5ecf', 'username': 'blackfrog445', 'password': 'baseball', 'salt': 'tnNcPNd8', 'md5': 'efa44f4b2dad0daef86a0418054b7748', 'sha1': '3fa0243f89442cb055a33dc2249e3146aeaed951', 'sha256': 'c0fb01faf6d2dbbf0b50fb6ce88cf1312834a42538b67c2925564e14d10c1c9b'}, 'dob': {'date': '1946-12-14T02:05:39.808Z', 'age': 77}, 'registered': {'date': '2010-02-11T12:22:30.268Z', 'age': 14}, 'phone': '077-63879106', 'cell': '0967-916-1442', 'id': {'name': '', 'value': None}, 'picture': {'large': 'https://randomuser.me/api/portraits/women/20.jpg', 'medium': 'https://randomuser.me/api/portraits/med/women/20.jpg', 'thumbnail': 'https://randomuser.me/api/portraits/thumb/women/20.jpg'}, 'nat': 'IR'}], 'info': {'seed': 'e4bb6c6530b7b2be', 'results': 1, 'page': 1, 'version': '1.4'}}</msg>
<arg>${json_data}</arg>
<doc>Logs the given message with the given level.</doc>
<status status="PASS" start="2024-06-16T16:16:55.790876" elapsed="0.000214"/>
</kw>
<kw name="Should Be Equal As Numbers" owner="BuiltIn">
<arg>${json_data['results'][0]['location']['postcode']}</arg>
<arg>${json_data['results'][0]['location']['postcode']}</arg>
<doc>Fails if objects are unequal after converting them to real numbers.</doc>
<status status="PASS" start="2024-06-16T16:16:55.791385" elapsed="0.000613"/>
</kw>
<kw name="Log" owner="BuiltIn">
<msg time="2024-06-16T16:16:55.792559" level="INFO">19280</msg>
<arg>${json_data['results'][0]['location']['postcode']}</arg>
<doc>Logs the given message with the given level.</doc>
<status status="PASS" start="2024-06-16T16:16:55.792221" elapsed="0.000378"/>
</kw>
<status status="PASS" start="2024-06-16T16:16:55.691842" elapsed="0.101009"/>
</kw>
<doc>Testa se os tipos de dados na resposta da API estão corretos.</doc>
<tag>testeTiposDados</tag>
<status status="PASS" start="2024-06-16T16:16:55.605934" elapsed="0.187072"/>
</test>
<test id="s1-s1-t5" name="Validar conteudo" line="35">
<kw name="Teste de Tipos de Conteudo" owner="random-user-service">
<kw name="GET On Session" owner="RequestsLibrary">
<msg time="2024-06-16T16:16:55.888406" level="INFO">GET Request : url=https://randomuser.me/api 
 path_url=/api 
 headers={'User-Agent': 'python-requests/2.32.3', 'Accept-Encoding': 'gzip, deflate', 'Accept': '*/*', 'Connection': 'keep-alive'} 
 body=None 
 </msg>
<msg time="2024-06-16T16:16:55.888489" level="INFO">GET Response : url=https://randomuser.me/api 
 status=200, reason=OK 
 headers={'Date': 'Sun, 16 Jun 2024 16:16:55 GMT', 'Content-Type': 'application/json; charset=utf-8', 'Transfer-Encoding': 'chunked', 'Connection': 'keep-alive', 'X-Powered-By': 'Express', 'Access-Control-Allow-Origin': '*', 'Cache-Control': 'no-cache', 'ETag': 'W/"47c-g19Jokv2SiZzMjaI2SlSQeCwSUQ"', 'Vary': 'Accept-Encoding', 'Content-Encoding': 'gzip', 'CF-Cache-Status': 'DYNAMIC', 'Report-To': '{"endpoints":[{"url":"https:\\/\\/a.nel.cloudflare.com\\/report\\/v4?s=mz2hcpgo%2BQJPZlwMUrEP0OoeLFtKeX6lsdK9qQCfabAmDrqJt3R7q725VQ4rmbQPzWmAxvwDTLLqltypSb9px%2B7q4bspfqkmZ%2BIW4UzS0EqsoJDHJX31el4Mmh%2FhymVY"}],"group":"cf-nel","max_age":604800}', 'NEL': '{"success_fraction":0,"report_to":"cf-nel","max_age":604800}', 'Server': 'cloudflare', 'CF-RAY': '894c1b6cbe122d6d-ORD', 'alt-svc': 'h3=":443"; ma=86400'} 
 body={"results":[{"gender":"male","name":{"title":"Monsieur","first":"Joel","last":"Gerard"},"location":{"street":{"number":6382,"name":"Rue Abel"},"city":"Orges","state":"Genève","country":"Switzerland","postcode":7401,"coordinates":{"latitude":"-58.3526","longitude":"-59.9765"},"timezone":{"offset":"-2:00","description":"Mid-Atlantic"}},"email":"joel.gerard@example.com","login":{"uuid":"765a5a48-0799-43ba-898b-9d78b040dad2","username":"orangepeacock633","password":"manolo","salt":"aELLoUNa","md5":"058d2299a9f8a9623a6706e0ddce5335","sha1":"5cea61922477ac8b6282b9e1dd7f441c0e27b817","sha256":"1ce0c6ba35c399178fa2b48bbf73aba7d3d548bda4efb06d887778f72076448d"},"dob":{"date":"1991-05-12T00:16:01.187Z","age":33},"registered":{"date":"2011-02-24T12:44:58.468Z","age":13},"phone":"075 208 68 17","cell":"079 331 39 25","id":{"name":"AVS","value":"756.6611.4614.37"},"picture":{"large":"https://randomuser.me/api/portraits/men/53.jpg","medium":"https://randomuser.me/api/portraits/med/men/53.jpg","thumbnail":"https://randomuser.me/api/portraits/thumb/men/53.jpg"},"nat":"CH"}],"info":{"seed":"78dd235cf701ddf7","results":1,"page":1,"version":"1.4"}} 
 </msg>
<msg time="2024-06-16T16:16:55.888578" level="INFO">/opt/hostedtoolcache/Python/3.12.3/x64/lib/python3.12/site-packages/urllib3/connectionpool.py:1103: InsecureRequestWarning: Unverified HTTPS request is being made to host 'randomuser.me'. Adding certificate verification is strongly advised. See: https://urllib3.readthedocs.io/en/latest/advanced-usage.html#tls-warnings
  warnings.warn(</msg>
<msg time="2024-06-16T16:16:55.888710" level="INFO">${response} = &lt;Response [200]&gt;</msg>
<var>${response}</var>
<arg>consultarAPI</arg>
<arg>/api</arg>
<doc>Sends a GET request on a previously created HTTP Session.</doc>
<status status="PASS" start="2024-06-16T16:16:55.795582" elapsed="0.093182"/>
</kw>
<kw name="Set Variable" owner="BuiltIn">
<msg time="2024-06-16T16:16:55.889890" level="INFO">${json_data} = {'results': [{'gender': 'male', 'name': {'title': 'Monsieur', 'first': 'Joel', 'last': 'Gerard'}, 'location': {'street': {'number': 6382, 'name': 'Rue Abel'}, 'city': 'Orges', 'state': 'Genève', 'coun...</msg>
<var>${json_data}</var>
<arg>${response.json()}</arg>
<doc>Returns the given values which can then be assigned to a variables.</doc>
<status status="PASS" start="2024-06-16T16:16:55.889271" elapsed="0.000678"/>
</kw>
<kw name="Set Variable" owner="BuiltIn">
<msg time="2024-06-16T16:16:55.890644" level="INFO">${name_title} = Monsieur</msg>
<var>${name_title}</var>
<arg>${json_data["results"][0]["name"]["title"]}</arg>
<doc>Returns the given values which can then be assigned to a variables.</doc>
<status status="PASS" start="2024-06-16T16:16:55.890270" elapsed="0.000399"/>
</kw>
<kw name="Create List" owner="BuiltIn">
<msg time="2024-06-16T16:16:55.891110" level="INFO">${allowed_titles} = ['Mr', 'Ms', 'Miss', 'Mrs', 'Madame', 'Monsieur']</msg>
<var>${allowed_titles}</var>
<arg>Mr</arg>
<arg>Ms</arg>
<arg>Miss</arg>
<arg>Mrs</arg>
<arg>Madame</arg>
<arg>Monsieur</arg>
<doc>Returns a list containing given items.</doc>
<status status="PASS" start="2024-06-16T16:16:55.890963" elapsed="0.000171"/>
</kw>
<kw name="List Should Contain Value" owner="Collections">
<arg>${allowed_titles}</arg>
<arg>${name_title}</arg>
<doc>Fails if the ``value`` is not found from ``list``.</doc>
<status status="PASS" start="2024-06-16T16:16:55.891431" elapsed="0.000179"/>
</kw>
<kw name="Set Variable" owner="BuiltIn">
<msg time="2024-06-16T16:16:55.892147" level="INFO">${name_country} = CH</msg>
<var>${name_country}</var>
<arg>${json_data["results"][0]["nat"]}</arg>
<doc>Returns the given values which can then be assigned to a variables.</doc>
<status status="PASS" start="2024-06-16T16:16:55.891789" elapsed="0.000382"/>
</kw>
<kw name="Create List" owner="BuiltIn">
<msg time="2024-06-16T16:16:55.893063" level="INFO">${list_country} = ['AD', 'AE', 'AF', 'AG', 'AI', 'AL', 'AM', 'AO', 'AQ', 'AR', 'AS', 'AT', 'AU', 'AW', 'AX', 'AZ', 'BA', 'BB', 'BD', 'BE', 'BF', 'BG', 'BH', 'BI', 'BJ', 'BL', 'BM', 'BN', 'BO', 'BQ', 'BR', 'BS', 'BT', '...</msg>
<var>${list_country}</var>
<arg>AD</arg>
<arg>AE</arg>
<arg>AF</arg>
<arg>AG</arg>
<arg>AI</arg>
<arg>AL</arg>
<arg>AM</arg>
<arg>AO</arg>
<arg>AQ</arg>
<arg>AR</arg>
<arg>AS</arg>
<arg>AT</arg>
<arg>AU</arg>
<arg>AW</arg>
<arg>AX</arg>
<arg>AZ</arg>
<arg>BA</arg>
<arg>BB</arg>
<arg>BD</arg>
<arg>BE</arg>
<arg>BF</arg>
<arg>BG</arg>
<arg>BH</arg>
<arg>BI</arg>
<arg>BJ</arg>
<arg>BL</arg>
<arg>BM</arg>
<arg>BN</arg>
<arg>BO</arg>
<arg>BQ</arg>
<arg>BR</arg>
<arg>BS</arg>
<arg>BT</arg>
<arg>BV</arg>
<arg>BW</arg>
<arg>BY</arg>
<arg>BZ</arg>
<arg>CA</arg>
<arg>CC</arg>
<arg>CD</arg>
<arg>CF</arg>
<arg>CG</arg>
<arg>CH</arg>
<arg>CI</arg>
<arg>CK</arg>
<arg>CL</arg>
<arg>CM</arg>
<arg>CN</arg>
<arg>CO</arg>
<arg>CR</arg>
<arg>CU</arg>
<arg>CV</arg>
<arg>CW</arg>
<arg>CX</arg>
<arg>CY</arg>
<arg>CZ</arg>
<arg>DE</arg>
<arg>DJ</arg>
<arg>DK</arg>
<arg>DM</arg>
<arg>DO</arg>
<arg>DZ</arg>
<arg>EC</arg>
<arg>EE</arg>
<arg>EG</arg>
<arg>EH</arg>
<arg>ER</arg>
<arg>ES</arg>
<arg>ET</arg>
<arg>FI</arg>
<arg>FJ</arg>
<arg>FK</arg>
<arg>FM</arg>
<arg>FO</arg>
<arg>FR</arg>
<arg>GA</arg>
<arg>GB</arg>
<arg>GD</arg>
<arg>GE</arg>
<arg>GF</arg>
<arg>GG</arg>
<arg>GH</arg>
<arg>GI</arg>
<arg>GL</arg>
<arg>GM</arg>
<arg>GN</arg>
<arg>GP</arg>
<arg>GQ</arg>
<arg>GR</arg>
<arg>GS</arg>
<arg>GT</arg>
<arg>GU</arg>
<arg>GW</arg>
<arg>GY</arg>
<arg>HK</arg>
<arg>HM</arg>
<arg>HN</arg>
<arg>HR</arg>
<arg>HT</arg>
<arg>HU</arg>
<arg>ID</arg>
<arg>IE</arg>
<arg>IL</arg>
<arg>IM</arg>
<arg>IN</arg>
<arg>IO</arg>
<arg>IQ</arg>
<arg>IR</arg>
<arg>IS</arg>
<arg>IT</arg>
<arg>JE</arg>
<arg>JM</arg>
<arg>JO</arg>
<arg>JP</arg>
<arg>KE</arg>
<arg>KG</arg>
<arg>KH</arg>
<arg>KI</arg>
<arg>KM</arg>
<arg>KN</arg>
<arg>KP</arg>
<arg>KR</arg>
<arg>KW</arg>
<arg>KY</arg>
<arg>KZ</arg>
<arg>LA</arg>
<arg>LB</arg>
<arg>LC</arg>
<arg>LI</arg>
<arg>LK</arg>
<arg>LR</arg>
<arg>LS</arg>
<arg>LT</arg>
<arg>LU</arg>
<arg>LV</arg>
<arg>LY</arg>
<arg>MA</arg>
<arg>MC</arg>
<arg>MD</arg>
<arg>ME</arg>
<arg>MF</arg>
<arg>MG</arg>
<arg>MH</arg>
<arg>MK</arg>
<arg>ML</arg>
<arg>MM</arg>
<arg>MN</arg>
<arg>MO</arg>
<arg>MP</arg>
<arg>MQ</arg>
<arg>MR</arg>
<arg>MS</arg>
<arg>MT</arg>
<arg>MU</arg>
<arg>MV</arg>
<arg>MW</arg>
<arg>MX</arg>
<arg>MY</arg>
<arg>MZ</arg>
<arg>NA</arg>
<arg>NC</arg>
<arg>NE</arg>
<arg>NF</arg>
<arg>NG</arg>
<arg>NI</arg>
<arg>NL</arg>
<arg>NO</arg>
<arg>NP</arg>
<arg>NR</arg>
<arg>NU</arg>
<arg>NZ</arg>
<arg>OM</arg>
<arg>PA</arg>
<arg>PE</arg>
<arg>PF</arg>
<arg>PG</arg>
<arg>PH</arg>
<arg>PK</arg>
<arg>PL</arg>
<arg>PM</arg>
<arg>PN</arg>
<arg>PR</arg>
<arg>PS</arg>
<arg>PT</arg>
<arg>PW</arg>
<arg>PY</arg>
<arg>QA</arg>
<arg>RE</arg>
<arg>RO</arg>
<arg>RS</arg>
<arg>RU</arg>
<arg>RW</arg>
<arg>SA</arg>
<arg>SB</arg>
<arg>SC</arg>
<arg>SD</arg>
<arg>SE</arg>
<arg>SG</arg>
<arg>SH</arg>
<arg>SI</arg>
<arg>SJ</arg>
<arg>SK</arg>
<arg>SL</arg>
<arg>SM</arg>
<arg>SN</arg>
<arg>SO</arg>
<arg>SR</arg>
<arg>SS</arg>
<arg>ST</arg>
<arg>SV</arg>
<arg>SX</arg>
<arg>SY</arg>
<arg>SZ</arg>
<arg>TC</arg>
<arg>TD</arg>
<arg>TF</arg>
<arg>TG</arg>
<arg>TH</arg>
<arg>TJ</arg>
<arg>TK</arg>
<arg>TL</arg>
<arg>TM</arg>
<arg>TN</arg>
<arg>TO</arg>
<arg>TR</arg>
<arg>TT</arg>
<arg>TV</arg>
<arg>TW</arg>
<arg>TZ</arg>
<arg>UA</arg>
<arg>UG</arg>
<arg>UM</arg>
<arg>US</arg>
<arg>UY</arg>
<arg>UZ</arg>
<arg>VA</arg>
<arg>VC</arg>
<arg>VE</arg>
<arg>VG</arg>
<arg>VI</arg>
<arg>VN</arg>
<arg>VU</arg>
<arg>WF</arg>
<arg>WS</arg>
<arg>XK</arg>
<arg>YE</arg>
<arg>YT</arg>
<arg>ZA</arg>
<arg>ZM</arg>
<arg>ZW</arg>
<doc>Returns a list containing given items.</doc>
<status status="PASS" start="2024-06-16T16:16:55.892464" elapsed="0.000624"/>
</kw>
<kw name="List Should Contain Value" owner="Collections">
<arg>${list_country}</arg>
<arg>${name_country}</arg>
<doc>Fails if the ``value`` is not found from ``list``.</doc>
<status status="PASS" start="2024-06-16T16:16:55.893878" elapsed="0.000259"/>
</kw>
<kw name="Run Keyword If" owner="BuiltIn">
<kw name="Should Be True" owner="BuiltIn">
<arg>${True}</arg>
<doc>Fails if the given condition is not true.</doc>
<status status="PASS" start="2024-06-16T16:16:55.895059" elapsed="0.000142"/>
</kw>
<arg>${json_data["results"][0]["location"]["coordinates"]["latitude"]} &gt;= -90 and ${json_data["results"][0]["location"]["coordinates"]["latitude"]} &lt;= 90</arg>
<arg>Should Be True</arg>
<arg>${True}</arg>
<doc>Runs the given keyword with the given arguments, if ``condition`` is true.</doc>
<status status="PASS" start="2024-06-16T16:16:55.894339" elapsed="0.000986"/>
</kw>
<kw name="Run Keyword If" owner="BuiltIn">
<kw name="Should Be True" owner="BuiltIn">
<arg>${True}</arg>
<doc>Fails if the given condition is not true.</doc>
<status status="PASS" start="2024-06-16T16:16:55.896183" elapsed="0.000137"/>
</kw>
<arg>${json_data["results"][0]["location"]["coordinates"]["longitude"]} &gt;= -180 and ${json_data["results"][0]["location"]["coordinates"]["longitude"]} &lt;= 180</arg>
<arg>Should Be True</arg>
<arg>${True}</arg>
<doc>Runs the given keyword with the given arguments, if ``condition`` is true.</doc>
<status status="PASS" start="2024-06-16T16:16:55.895507" elapsed="0.000937"/>
</kw>
<status status="PASS" start="2024-06-16T16:16:55.795233" elapsed="0.101338"/>
</kw>
<doc>Testa o conteúdo específico dos campos retornados pela API.</doc>
<tag>testeConteudo</tag>
<status status="PASS" start="2024-06-16T16:16:55.794728" elapsed="0.101985"/>
</test>
<status status="PASS" start="2024-06-16T16:16:54.897133" elapsed="1.001539"/>
</suite>
<status status="PASS" start="2024-06-16T16:16:54.883758" elapsed="1.020041"/>
</suite>
<statistics>
<total>
<stat pass="5" fail="0" skip="0">All Tests</stat>
</total>
<tag>
<stat pass="1" fail="0" skip="0">testeConteudo</stat>
<stat pass="1" fail="0" skip="0">testeEstruturaResposta</stat>
<stat pass="1" fail="0" skip="0">testeRequisicaoBasica</stat>
<stat pass="1" fail="0" skip="0">testeTiposDados</stat>
</tag>
<suite>
<stat pass="5" fail="0" skip="0" id="s1" name="Tests">Tests</stat>
<stat pass="5" fail="0" skip="0" id="s1-s1" name="Random-User-Test">Tests.Random-User-Test</stat>
</suite>
</statistics>
<errors>
</errors>
</robot>
