<?xml version="1.0" encoding="UTF-8"?>
<robot generator="Robot 7.0 (Python 3.12.2 on linux)" generated="2024-04-05T02:20:46.338689" rpa="false" schemaversion="5">
<suite id="s1" name="Tests" source="/home/runner/work/DesafioQAItauRogerioJordao/DesafioQAItauRogerioJordao/RamdonUser/tests">
<suite id="s1-s1" name="Random-User-Test" source="/home/runner/work/DesafioQAItauRogerioJordao/DesafioQAItauRogerioJordao/RamdonUser/tests/random-user-test.robot">
<test id="s1-s1-t1" name="Conectar" line="13">
<kw name="Conectar API" owner="random-user-service">
<kw name="Create Session" owner="RequestsLibrary">
<msg time="2024-04-05T02:20:46.699201" level="INFO">Creating Session using : alias=consultarAPI, url=https://randomuser.me/, headers={},                     cookies={}, auth=None, timeout=None, proxies=None, verify=False,                     debug=0 </msg>
<arg>consultarAPI</arg>
<arg>${URL}</arg>
<doc>Create Session: create a HTTP session to a server</doc>
<status status="PASS" start="2024-04-05T02:20:46.698987" elapsed="0.000399"/>
</kw>
<status status="PASS" start="2024-04-05T02:20:46.697916" elapsed="0.001840"/>
</kw>
<status status="PASS" start="2024-04-05T02:20:46.697369" elapsed="0.002593"/>
</test>
<test id="s1-s1-t2" name="Validar retorno 200 e JSON Válido" line="16">
<kw name="Teste de Requisicao Basica" owner="random-user-service">
<kw name="GET On Session" owner="RequestsLibrary">
<msg time="2024-04-05T02:20:46.877130" level="INFO">GET Request : url=https://randomuser.me/api 
 path_url=/api 
 headers={'User-Agent': 'python-requests/2.31.0', 'Accept-Encoding': 'gzip, deflate', 'Accept': '*/*', 'Connection': 'keep-alive'} 
 body=None 
 </msg>
<msg time="2024-04-05T02:20:46.877294" level="INFO">GET Response : url=https://randomuser.me/api 
 status=200, reason=OK 
 headers={'Date': 'Fri, 05 Apr 2024 02:20:46 GMT', 'Content-Type': 'application/json; charset=utf-8', 'Transfer-Encoding': 'chunked', 'Connection': 'keep-alive', 'X-Powered-By': 'Express', 'Access-Control-Allow-Origin': '*', 'Cache-Control': 'no-cache', 'ETag': 'W/"489-IRC+tSdJLUOmcJ3iykaMTqlAag0"', 'Vary': 'Accept-Encoding', 'Content-Encoding': 'gzip', 'CF-Cache-Status': 'DYNAMIC', 'Report-To': '{"endpoints":[{"url":"https:\\/\\/a.nel.cloudflare.com\\/report\\/v4?s=iHZEvZumN1vAAGV%2FmRfownkSWCbi67AaKB5mg9ogrVIGsIymTYsggDo4mUDBbpPZfoRrGPkLn1LzxF0thW7q9C35GlqZGxdtdArbWrkYRmtAY5wI3xnaYXU11%2BQxg1qx"}],"group":"cf-nel","max_age":604800}', 'NEL': '{"success_fraction":0,"report_to":"cf-nel","max_age":604800}', 'Server': 'cloudflare', 'CF-RAY': '86f60f98396c2f17-LAX', 'alt-svc': 'h3=":443"; ma=86400'} 
 body={"results":[{"gender":"male","name":{"title":"Mr","first":"Jackson","last":"Wang"},"location":{"street":{"number":9793,"name":"Bealey Avenue"},"city":"Porirua","state":"Canterbury","country":"New Zealand","postcode":84061,"coordinates":{"latitude":"54.3799","longitude":"-168.0668"},"timezone":{"offset":"+9:00","description":"Tokyo, Seoul, Osaka, Sapporo, Yakutsk"}},"email":"jackson.wang@example.com","login":{"uuid":"7def1a2d-64c0-479f-97bc-77c7cb29d381","username":"sadpeacock542","password":"hooper","salt":"ysVbBL0K","md5":"fd4548d29cf6db69260d4bb0af188409","sha1":"b9a86aeab92e5dcea341255fefcf0c84c1cc02b5","sha256":"1cd992a46ab5134ea605e7afe77915185a78975ae5d8f183affa11695aac7a90"},"dob":{"date":"1971-09-27T16:24:52.399Z","age":52},"registered":{"date":"2018-01-03T02:14:31.283Z","age":6},"phone":"(771)-582-5003","cell":"(324)-368-3383","id":{"name":"","value":null},"picture":{"large":"https://randomuser.me/api/portraits/men/45.jpg","medium":"https://randomuser.me/api/portraits/med/men/45.jpg","thumbnail":"https://randomuser.me/api/portraits/thumb/men/45.jpg"},"nat":"NZ"}],"info":{"seed":"082a504f534759ca","results":1,"page":1,"version":"1.4"}} 
 </msg>
<msg time="2024-04-05T02:20:46.877452" level="INFO">/opt/hostedtoolcache/Python/3.12.2/x64/lib/python3.12/site-packages/urllib3/connectionpool.py:1103: InsecureRequestWarning: Unverified HTTPS request is being made to host 'randomuser.me'. Adding certificate verification is strongly advised. See: https://urllib3.readthedocs.io/en/latest/advanced-usage.html#tls-warnings
  warnings.warn(</msg>
<msg time="2024-04-05T02:20:46.877619" level="INFO">${response} = &lt;Response [200]&gt;</msg>
<var>${response}</var>
<arg>consultarAPI</arg>
<arg>/api</arg>
<doc>Sends a GET request on a previously created HTTP Session.</doc>
<status status="PASS" start="2024-04-05T02:20:46.702543" elapsed="0.175119"/>
</kw>
<kw name="Should Be Equal As Numbers" owner="BuiltIn">
<msg time="2024-04-05T02:20:46.878671" level="INFO">Argument types are:
&lt;class 'int'&gt;
&lt;class 'str'&gt;</msg>
<arg>${response.status_code}</arg>
<arg>200</arg>
<doc>Fails if objects are unequal after converting them to real numbers.</doc>
<status status="PASS" start="2024-04-05T02:20:46.878211" elapsed="0.000525"/>
</kw>
<kw name="Log" owner="BuiltIn">
<msg time="2024-04-05T02:20:46.879406" level="INFO">200</msg>
<arg>${response.status_code}</arg>
<doc>Logs the given message with the given level.</doc>
<status status="PASS" start="2024-04-05T02:20:46.879054" elapsed="0.000394"/>
</kw>
<kw name="Set Variable" owner="BuiltIn">
<msg time="2024-04-05T02:20:46.880221" level="INFO">${json_data} = {'results': [{'gender': 'male', 'name': {'title': 'Mr', 'first': 'Jackson', 'last': 'Wang'}, 'location': {'street': {'number': 9793, 'name': 'Bealey Avenue'}, 'city': 'Porirua', 'state': 'Canterbury',...</msg>
<var>${json_data}</var>
<arg>${response.json()}</arg>
<doc>Returns the given values which can then be assigned to a variables.</doc>
<status status="PASS" start="2024-04-05T02:20:46.879788" elapsed="0.000460"/>
</kw>
<kw name="Dictionary Should Contain Key" owner="Collections">
<msg time="2024-04-05T02:20:46.880723" level="INFO">False</msg>
<arg>${json_data}</arg>
<arg>results</arg>
<doc>Fails if ``key`` is not found from ``dictionary``.</doc>
<status status="PASS" start="2024-04-05T02:20:46.880557" elapsed="0.000203"/>
</kw>
<status status="PASS" start="2024-04-05T02:20:46.702295" elapsed="0.178719"/>
</kw>
<doc>Testa se a API responde corretamente e retorna um objeto JSON válido.</doc>
<tag>testeRequisicaoBasica</tag>
<status status="PASS" start="2024-04-05T02:20:46.701846" elapsed="0.179354"/>
</test>
<test id="s1-s1-t3" name="Validar estrutura de resposta" line="22">
<kw name="Teste de Estrutura de Resposta" owner="random-user-service">
<kw name="GET On Session" owner="RequestsLibrary">
<msg time="2024-04-05T02:20:46.984212" level="INFO">GET Request : url=https://randomuser.me/api 
 path_url=/api 
 headers={'User-Agent': 'python-requests/2.31.0', 'Accept-Encoding': 'gzip, deflate', 'Accept': '*/*', 'Connection': 'keep-alive'} 
 body=None 
 </msg>
<msg time="2024-04-05T02:20:46.984310" level="INFO">GET Response : url=https://randomuser.me/api 
 status=200, reason=OK 
 headers={'Date': 'Fri, 05 Apr 2024 02:20:46 GMT', 'Content-Type': 'application/json; charset=utf-8', 'Transfer-Encoding': 'chunked', 'Connection': 'keep-alive', 'X-Powered-By': 'Express', 'Access-Control-Allow-Origin': '*', 'Cache-Control': 'no-cache', 'ETag': 'W/"4a0-gLh2Ibej1RfDqNqzFYWtGW+/ikw"', 'Vary': 'Accept-Encoding', 'Content-Encoding': 'gzip', 'CF-Cache-Status': 'DYNAMIC', 'Report-To': '{"endpoints":[{"url":"https:\\/\\/a.nel.cloudflare.com\\/report\\/v4?s=NLWC4Z%2B6HMLNfTscRT19EjCnemguqkkvDbWGdRt8wF5zz4QHgTcQubsPUycUw1GHPNE2gm7oG1xMnRcJ8sTeUf0aNrX6TUn588Yu6QVqmFWI5QoXfQBbzEGZbb7qnvzH"}],"group":"cf-nel","max_age":604800}', 'NEL': '{"success_fraction":0,"report_to":"cf-nel","max_age":604800}', 'Server': 'cloudflare', 'CF-RAY': '86f60f990a4d2f17-LAX', 'alt-svc': 'h3=":443"; ma=86400'} 
 body={"results":[{"gender":"female","name":{"title":"Ms","first":"Letícia","last":"da Mata"},"location":{"street":{"number":2094,"name":"Rua Vinte E Quatro de Outubro"},"city":"Salvador","state":"Rio Grande do Norte","country":"Brazil","postcode":73673,"coordinates":{"latitude":"-73.5609","longitude":"105.4516"},"timezone":{"offset":"-2:00","description":"Mid-Atlantic"}},"email":"leticia.damata@example.com","login":{"uuid":"84f63fcb-ba37-4608-82ca-ee8e085e6c8d","username":"purpleswan941","password":"sabbath","salt":"PnExcFYl","md5":"071bf9458997246cbbdcd40d662023e3","sha1":"6a35f22a112e29c26a704b9d2b8ab3566e453d95","sha256":"b4ff072729b107dfe58677d4c217e3cd455156a8d52beb152ac5a1c9e8908afd"},"dob":{"date":"1975-09-04T02:34:40.482Z","age":48},"registered":{"date":"2019-11-20T21:40:29.523Z","age":4},"phone":"(53) 9375-8746","cell":"(66) 2024-7818","id":{"name":"CPF","value":"170.222.461-63"},"picture":{"large":"https://randomuser.me/api/portraits/women/0.jpg","medium":"https://randomuser.me/api/portraits/med/women/0.jpg","thumbnail":"https://randomuser.me/api/portraits/thumb/women/0.jpg"},"nat":"BR"}],"info":{"seed":"d58c42702c142442","results":1,"page":1,"version":"1.4"}} 
 </msg>
<msg time="2024-04-05T02:20:46.984460" level="INFO">/opt/hostedtoolcache/Python/3.12.2/x64/lib/python3.12/site-packages/urllib3/connectionpool.py:1103: InsecureRequestWarning: Unverified HTTPS request is being made to host 'randomuser.me'. Adding certificate verification is strongly advised. See: https://urllib3.readthedocs.io/en/latest/advanced-usage.html#tls-warnings
  warnings.warn(</msg>
<msg time="2024-04-05T02:20:46.984609" level="INFO">${response} = &lt;Response [200]&gt;</msg>
<var>${response}</var>
<arg>consultarAPI</arg>
<arg>/api</arg>
<doc>Sends a GET request on a previously created HTTP Session.</doc>
<status status="PASS" start="2024-04-05T02:20:46.883895" elapsed="0.100755"/>
</kw>
<kw name="Set Variable" owner="BuiltIn">
<msg time="2024-04-05T02:20:46.985643" level="INFO">${json_data} = {'results': [{'gender': 'female', 'name': {'title': 'Ms', 'first': 'Letícia', 'last': 'da Mata'}, 'location': {'street': {'number': 2094, 'name': 'Rua Vinte E Quatro de Outubro'}, 'city': 'Salvador', ...</msg>
<var>${json_data}</var>
<arg>${response.json()}</arg>
<doc>Returns the given values which can then be assigned to a variables.</doc>
<status status="PASS" start="2024-04-05T02:20:46.985091" elapsed="0.000582"/>
</kw>
<kw name="Log" owner="BuiltIn">
<msg time="2024-04-05T02:20:46.986148" level="INFO">{'results': [{'gender': 'female', 'name': {'title': 'Ms', 'first': 'Letícia', 'last': 'da Mata'}, 'location': {'street': {'number': 2094, 'name': 'Rua Vinte E Quatro de Outubro'}, 'city': 'Salvador', 'state': 'Rio Grande do Norte', 'country': 'Brazil', 'postcode': 73673, 'coordinates': {'latitude': '-73.5609', 'longitude': '105.4516'}, 'timezone': {'offset': '-2:00', 'description': 'Mid-Atlantic'}}, 'email': 'leticia.damata@example.com', 'login': {'uuid': '84f63fcb-ba37-4608-82ca-ee8e085e6c8d', 'username': 'purpleswan941', 'password': 'sabbath', 'salt': 'PnExcFYl', 'md5': '071bf9458997246cbbdcd40d662023e3', 'sha1': '6a35f22a112e29c26a704b9d2b8ab3566e453d95', 'sha256': 'b4ff072729b107dfe58677d4c217e3cd455156a8d52beb152ac5a1c9e8908afd'}, 'dob': {'date': '1975-09-04T02:34:40.482Z', 'age': 48}, 'registered': {'date': '2019-11-20T21:40:29.523Z', 'age': 4}, 'phone': '(53) 9375-8746', 'cell': '(66) 2024-7818', 'id': {'name': 'CPF', 'value': '170.222.461-63'}, 'picture': {'large': 'https://randomuser.me/api/portraits/women/0.jpg', 'medium': 'https://randomuser.me/api/portraits/med/women/0.jpg', 'thumbnail': 'https://randomuser.me/api/portraits/thumb/women/0.jpg'}, 'nat': 'BR'}], 'info': {'seed': 'd58c42702c142442', 'results': 1, 'page': 1, 'version': '1.4'}}</msg>
<arg>${json_data}</arg>
<doc>Logs the given message with the given level.</doc>
<status status="PASS" start="2024-04-05T02:20:46.985983" elapsed="0.000214"/>
</kw>
<kw name="Dictionary Should Contain Key" owner="Collections">
<msg time="2024-04-05T02:20:46.986648" level="INFO">False</msg>
<arg>${json_data}</arg>
<arg>results</arg>
<doc>Fails if ``key`` is not found from ``dictionary``.</doc>
<status status="PASS" start="2024-04-05T02:20:46.986491" elapsed="0.000193"/>
</kw>
<kw name="Should Not Be Empty" owner="BuiltIn">
<msg time="2024-04-05T02:20:46.987108" level="INFO">Length is 2.</msg>
<arg>${json_data}</arg>
<doc>Verifies that the given item is not empty.</doc>
<status status="PASS" start="2024-04-05T02:20:46.986975" elapsed="0.000171"/>
</kw>
<kw name="Create List" owner="BuiltIn">
<msg time="2024-04-05T02:20:46.987583" level="INFO">${expected_keys} = ['gender', 'name', 'location', 'email', 'login']</msg>
<var>${expected_keys}</var>
<arg>gender</arg>
<arg>name</arg>
<arg>location</arg>
<arg>email</arg>
<arg>login</arg>
<doc>Returns a list containing given items.</doc>
<status status="PASS" start="2024-04-05T02:20:46.987433" elapsed="0.000174"/>
</kw>
<for flavor="IN">
<iter>
<kw name="Dictionary Should Contain Key" owner="Collections">
<msg time="2024-04-05T02:20:46.988601" level="INFO">False</msg>
<arg>${json_data['results'][0]}</arg>
<arg>${key}</arg>
<doc>Fails if ``key`` is not found from ``dictionary``.</doc>
<status status="PASS" start="2024-04-05T02:20:46.988190" elapsed="0.000450"/>
</kw>
<kw name="Log" owner="BuiltIn">
<msg time="2024-04-05T02:20:46.989339" level="INFO">{'gender': 'female', 'name': {'title': 'Ms', 'first': 'Letícia', 'last': 'da Mata'}, 'location': {'street': {'number': 2094, 'name': 'Rua Vinte E Quatro de Outubro'}, 'city': 'Salvador', 'state': 'Rio Grande do Norte', 'country': 'Brazil', 'postcode': 73673, 'coordinates': {'latitude': '-73.5609', 'longitude': '105.4516'}, 'timezone': {'offset': '-2:00', 'description': 'Mid-Atlantic'}}, 'email': 'leticia.damata@example.com', 'login': {'uuid': '84f63fcb-ba37-4608-82ca-ee8e085e6c8d', 'username': 'purpleswan941', 'password': 'sabbath', 'salt': 'PnExcFYl', 'md5': '071bf9458997246cbbdcd40d662023e3', 'sha1': '6a35f22a112e29c26a704b9d2b8ab3566e453d95', 'sha256': 'b4ff072729b107dfe58677d4c217e3cd455156a8d52beb152ac5a1c9e8908afd'}, 'dob': {'date': '1975-09-04T02:34:40.482Z', 'age': 48}, 'registered': {'date': '2019-11-20T21:40:29.523Z', 'age': 4}, 'phone': '(53) 9375-8746', 'cell': '(66) 2024-7818', 'id': {'name': 'CPF', 'value': '170.222.461-63'}, 'picture': {'large': 'https://randomuser.me/api/portraits/women/0.jpg', 'medium': 'https://randomuser.me/api/portraits/med/women/0.jpg', 'thumbnail': 'https://randomuser.me/api/portraits/thumb/women/0.jpg'}, 'nat': 'BR'}</msg>
<arg>${json_data['results'][0]}</arg>
<doc>Logs the given message with the given level.</doc>
<status status="PASS" start="2024-04-05T02:20:46.988943" elapsed="0.000463"/>
</kw>
<kw name="Log" owner="BuiltIn">
<msg time="2024-04-05T02:20:46.989847" level="INFO">gender</msg>
<arg>${key}</arg>
<doc>Logs the given message with the given level.</doc>
<status status="PASS" start="2024-04-05T02:20:46.989715" elapsed="0.000170"/>
</kw>
<var name="${key}">gender</var>
<status status="PASS" start="2024-04-05T02:20:46.988055" elapsed="0.002050"/>
</iter>
<iter>
<kw name="Dictionary Should Contain Key" owner="Collections">
<msg time="2024-04-05T02:20:46.990781" level="INFO">False</msg>
<arg>${json_data['results'][0]}</arg>
<arg>${key}</arg>
<doc>Fails if ``key`` is not found from ``dictionary``.</doc>
<status status="PASS" start="2024-04-05T02:20:46.990405" elapsed="0.000414"/>
</kw>
<kw name="Log" owner="BuiltIn">
<msg time="2024-04-05T02:20:46.991506" level="INFO">{'gender': 'female', 'name': {'title': 'Ms', 'first': 'Letícia', 'last': 'da Mata'}, 'location': {'street': {'number': 2094, 'name': 'Rua Vinte E Quatro de Outubro'}, 'city': 'Salvador', 'state': 'Rio Grande do Norte', 'country': 'Brazil', 'postcode': 73673, 'coordinates': {'latitude': '-73.5609', 'longitude': '105.4516'}, 'timezone': {'offset': '-2:00', 'description': 'Mid-Atlantic'}}, 'email': 'leticia.damata@example.com', 'login': {'uuid': '84f63fcb-ba37-4608-82ca-ee8e085e6c8d', 'username': 'purpleswan941', 'password': 'sabbath', 'salt': 'PnExcFYl', 'md5': '071bf9458997246cbbdcd40d662023e3', 'sha1': '6a35f22a112e29c26a704b9d2b8ab3566e453d95', 'sha256': 'b4ff072729b107dfe58677d4c217e3cd455156a8d52beb152ac5a1c9e8908afd'}, 'dob': {'date': '1975-09-04T02:34:40.482Z', 'age': 48}, 'registered': {'date': '2019-11-20T21:40:29.523Z', 'age': 4}, 'phone': '(53) 9375-8746', 'cell': '(66) 2024-7818', 'id': {'name': 'CPF', 'value': '170.222.461-63'}, 'picture': {'large': 'https://randomuser.me/api/portraits/women/0.jpg', 'medium': 'https://randomuser.me/api/portraits/med/women/0.jpg', 'thumbnail': 'https://randomuser.me/api/portraits/thumb/women/0.jpg'}, 'nat': 'BR'}</msg>
<arg>${json_data['results'][0]}</arg>
<doc>Logs the given message with the given level.</doc>
<status status="PASS" start="2024-04-05T02:20:46.991146" elapsed="0.000409"/>
</kw>
<kw name="Log" owner="BuiltIn">
<msg time="2024-04-05T02:20:46.991984" level="INFO">name</msg>
<arg>${key}</arg>
<doc>Logs the given message with the given level.</doc>
<status status="PASS" start="2024-04-05T02:20:46.991855" elapsed="0.000167"/>
</kw>
<var name="${key}">name</var>
<status status="PASS" start="2024-04-05T02:20:46.990291" elapsed="0.001944"/>
</iter>
<iter>
<kw name="Dictionary Should Contain Key" owner="Collections">
<msg time="2024-04-05T02:20:46.992901" level="INFO">False</msg>
<arg>${json_data['results'][0]}</arg>
<arg>${key}</arg>
<doc>Fails if ``key`` is not found from ``dictionary``.</doc>
<status status="PASS" start="2024-04-05T02:20:46.992523" elapsed="0.000416"/>
</kw>
<kw name="Log" owner="BuiltIn">
<msg time="2024-04-05T02:20:46.993634" level="INFO">{'gender': 'female', 'name': {'title': 'Ms', 'first': 'Letícia', 'last': 'da Mata'}, 'location': {'street': {'number': 2094, 'name': 'Rua Vinte E Quatro de Outubro'}, 'city': 'Salvador', 'state': 'Rio Grande do Norte', 'country': 'Brazil', 'postcode': 73673, 'coordinates': {'latitude': '-73.5609', 'longitude': '105.4516'}, 'timezone': {'offset': '-2:00', 'description': 'Mid-Atlantic'}}, 'email': 'leticia.damata@example.com', 'login': {'uuid': '84f63fcb-ba37-4608-82ca-ee8e085e6c8d', 'username': 'purpleswan941', 'password': 'sabbath', 'salt': 'PnExcFYl', 'md5': '071bf9458997246cbbdcd40d662023e3', 'sha1': '6a35f22a112e29c26a704b9d2b8ab3566e453d95', 'sha256': 'b4ff072729b107dfe58677d4c217e3cd455156a8d52beb152ac5a1c9e8908afd'}, 'dob': {'date': '1975-09-04T02:34:40.482Z', 'age': 48}, 'registered': {'date': '2019-11-20T21:40:29.523Z', 'age': 4}, 'phone': '(53) 9375-8746', 'cell': '(66) 2024-7818', 'id': {'name': 'CPF', 'value': '170.222.461-63'}, 'picture': {'large': 'https://randomuser.me/api/portraits/women/0.jpg', 'medium': 'https://randomuser.me/api/portraits/med/women/0.jpg', 'thumbnail': 'https://randomuser.me/api/portraits/thumb/women/0.jpg'}, 'nat': 'BR'}</msg>
<arg>${json_data['results'][0]}</arg>
<doc>Logs the given message with the given level.</doc>
<status status="PASS" start="2024-04-05T02:20:46.993240" elapsed="0.000447"/>
</kw>
<kw name="Log" owner="BuiltIn">
<msg time="2024-04-05T02:20:46.994130" level="INFO">location</msg>
<arg>${key}</arg>
<doc>Logs the given message with the given level.</doc>
<status status="PASS" start="2024-04-05T02:20:46.993989" elapsed="0.000178"/>
</kw>
<var name="${key}">location</var>
<status status="PASS" start="2024-04-05T02:20:46.992411" elapsed="0.001971"/>
</iter>
<iter>
<kw name="Dictionary Should Contain Key" owner="Collections">
<msg time="2024-04-05T02:20:46.995037" level="INFO">False</msg>
<arg>${json_data['results'][0]}</arg>
<arg>${key}</arg>
<doc>Fails if ``key`` is not found from ``dictionary``.</doc>
<status status="PASS" start="2024-04-05T02:20:46.994664" elapsed="0.000410"/>
</kw>
<kw name="Log" owner="BuiltIn">
<msg time="2024-04-05T02:20:46.995728" level="INFO">{'gender': 'female', 'name': {'title': 'Ms', 'first': 'Letícia', 'last': 'da Mata'}, 'location': {'street': {'number': 2094, 'name': 'Rua Vinte E Quatro de Outubro'}, 'city': 'Salvador', 'state': 'Rio Grande do Norte', 'country': 'Brazil', 'postcode': 73673, 'coordinates': {'latitude': '-73.5609', 'longitude': '105.4516'}, 'timezone': {'offset': '-2:00', 'description': 'Mid-Atlantic'}}, 'email': 'leticia.damata@example.com', 'login': {'uuid': '84f63fcb-ba37-4608-82ca-ee8e085e6c8d', 'username': 'purpleswan941', 'password': 'sabbath', 'salt': 'PnExcFYl', 'md5': '071bf9458997246cbbdcd40d662023e3', 'sha1': '6a35f22a112e29c26a704b9d2b8ab3566e453d95', 'sha256': 'b4ff072729b107dfe58677d4c217e3cd455156a8d52beb152ac5a1c9e8908afd'}, 'dob': {'date': '1975-09-04T02:34:40.482Z', 'age': 48}, 'registered': {'date': '2019-11-20T21:40:29.523Z', 'age': 4}, 'phone': '(53) 9375-8746', 'cell': '(66) 2024-7818', 'id': {'name': 'CPF', 'value': '170.222.461-63'}, 'picture': {'large': 'https://randomuser.me/api/portraits/women/0.jpg', 'medium': 'https://randomuser.me/api/portraits/med/women/0.jpg', 'thumbnail': 'https://randomuser.me/api/portraits/thumb/women/0.jpg'}, 'nat': 'BR'}</msg>
<arg>${json_data['results'][0]}</arg>
<doc>Logs the given message with the given level.</doc>
<status status="PASS" start="2024-04-05T02:20:46.995371" elapsed="0.000406"/>
</kw>
<kw name="Log" owner="BuiltIn">
<msg time="2024-04-05T02:20:46.996192" level="INFO">email</msg>
<arg>${key}</arg>
<doc>Logs the given message with the given level.</doc>
<status status="PASS" start="2024-04-05T02:20:46.996067" elapsed="0.000163"/>
</kw>
<var name="${key}">email</var>
<status status="PASS" start="2024-04-05T02:20:46.994555" elapsed="0.001885"/>
</iter>
<iter>
<kw name="Dictionary Should Contain Key" owner="Collections">
<msg time="2024-04-05T02:20:46.997097" level="INFO">False</msg>
<arg>${json_data['results'][0]}</arg>
<arg>${key}</arg>
<doc>Fails if ``key`` is not found from ``dictionary``.</doc>
<status status="PASS" start="2024-04-05T02:20:46.996723" elapsed="0.000412"/>
</kw>
<kw name="Log" owner="BuiltIn">
<msg time="2024-04-05T02:20:46.997813" level="INFO">{'gender': 'female', 'name': {'title': 'Ms', 'first': 'Letícia', 'last': 'da Mata'}, 'location': {'street': {'number': 2094, 'name': 'Rua Vinte E Quatro de Outubro'}, 'city': 'Salvador', 'state': 'Rio Grande do Norte', 'country': 'Brazil', 'postcode': 73673, 'coordinates': {'latitude': '-73.5609', 'longitude': '105.4516'}, 'timezone': {'offset': '-2:00', 'description': 'Mid-Atlantic'}}, 'email': 'leticia.damata@example.com', 'login': {'uuid': '84f63fcb-ba37-4608-82ca-ee8e085e6c8d', 'username': 'purpleswan941', 'password': 'sabbath', 'salt': 'PnExcFYl', 'md5': '071bf9458997246cbbdcd40d662023e3', 'sha1': '6a35f22a112e29c26a704b9d2b8ab3566e453d95', 'sha256': 'b4ff072729b107dfe58677d4c217e3cd455156a8d52beb152ac5a1c9e8908afd'}, 'dob': {'date': '1975-09-04T02:34:40.482Z', 'age': 48}, 'registered': {'date': '2019-11-20T21:40:29.523Z', 'age': 4}, 'phone': '(53) 9375-8746', 'cell': '(66) 2024-7818', 'id': {'name': 'CPF', 'value': '170.222.461-63'}, 'picture': {'large': 'https://randomuser.me/api/portraits/women/0.jpg', 'medium': 'https://randomuser.me/api/portraits/med/women/0.jpg', 'thumbnail': 'https://randomuser.me/api/portraits/thumb/women/0.jpg'}, 'nat': 'BR'}</msg>
<arg>${json_data['results'][0]}</arg>
<doc>Logs the given message with the given level.</doc>
<status status="PASS" start="2024-04-05T02:20:46.997445" elapsed="0.000415"/>
</kw>
<kw name="Log" owner="BuiltIn">
<msg time="2024-04-05T02:20:46.998285" level="INFO">login</msg>
<arg>${key}</arg>
<doc>Logs the given message with the given level.</doc>
<status status="PASS" start="2024-04-05T02:20:46.998149" elapsed="0.000276"/>
</kw>
<var name="${key}">login</var>
<status status="PASS" start="2024-04-05T02:20:46.996609" elapsed="0.002077"/>
</iter>
<var>${key}</var>
<value>@{expected_keys}</value>
<status status="PASS" start="2024-04-05T02:20:46.987868" elapsed="0.010944"/>
</for>
<kw name="Create List" owner="BuiltIn">
<msg time="2024-04-05T02:20:46.999141" level="INFO">${expected_keysTwo} = ['username', 'password']</msg>
<var>${expected_keysTwo}</var>
<arg>username</arg>
<arg>password</arg>
<doc>Returns a list containing given items.</doc>
<status status="PASS" start="2024-04-05T02:20:46.999004" elapsed="0.000161"/>
</kw>
<for flavor="IN">
<iter>
<kw name="Dictionary Should Contain Key" owner="Collections">
<msg time="2024-04-05T02:20:47.000043" level="INFO">False</msg>
<arg>${json_data['results'][0]['login']}</arg>
<arg>${keyTwo}</arg>
<doc>Fails if ``key`` is not found from ``dictionary``.</doc>
<status status="PASS" start="2024-04-05T02:20:46.999657" elapsed="0.000423"/>
</kw>
<kw name="Dictionary Should Contain Key" owner="Collections">
<msg time="2024-04-05T02:20:47.000749" level="INFO">False</msg>
<arg>${json_data['results'][0]['login']}</arg>
<arg>${keyTwo}</arg>
<doc>Fails if ``key`` is not found from ``dictionary``.</doc>
<status status="PASS" start="2024-04-05T02:20:47.000374" elapsed="0.000412"/>
</kw>
<kw name="Log" owner="BuiltIn">
<msg time="2024-04-05T02:20:47.001202" level="INFO">username</msg>
<arg>${keyTwo}</arg>
<doc>Logs the given message with the given level.</doc>
<status status="PASS" start="2024-04-05T02:20:47.001076" elapsed="0.000163"/>
</kw>
<var name="${keyTwo}">username</var>
<status status="PASS" start="2024-04-05T02:20:46.999548" elapsed="0.001934"/>
</iter>
<iter>
<kw name="Dictionary Should Contain Key" owner="Collections">
<msg time="2024-04-05T02:20:47.002135" level="INFO">False</msg>
<arg>${json_data['results'][0]['login']}</arg>
<arg>${keyTwo}</arg>
<doc>Fails if ``key`` is not found from ``dictionary``.</doc>
<status status="PASS" start="2024-04-05T02:20:47.001763" elapsed="0.000409"/>
</kw>
<kw name="Dictionary Should Contain Key" owner="Collections">
<msg time="2024-04-05T02:20:47.002848" level="INFO">False</msg>
<arg>${json_data['results'][0]['login']}</arg>
<arg>${keyTwo}</arg>
<doc>Fails if ``key`` is not found from ``dictionary``.</doc>
<status status="PASS" start="2024-04-05T02:20:47.002465" elapsed="0.000420"/>
</kw>
<kw name="Log" owner="BuiltIn">
<msg time="2024-04-05T02:20:47.003305" level="INFO">password</msg>
<arg>${keyTwo}</arg>
<doc>Logs the given message with the given level.</doc>
<status status="PASS" start="2024-04-05T02:20:47.003176" elapsed="0.000167"/>
</kw>
<var name="${keyTwo}">password</var>
<status status="PASS" start="2024-04-05T02:20:47.001653" elapsed="0.001903"/>
</iter>
<var>${keyTwo}</var>
<value>@{expected_keysTwo}</value>
<status status="PASS" start="2024-04-05T02:20:46.999399" elapsed="0.004276"/>
</for>
<status status="PASS" start="2024-04-05T02:20:46.883660" elapsed="0.120154"/>
</kw>
<doc>Testa a estrutura da resposta da API.</doc>
<tag>testeEstruturaResposta</tag>
<status status="PASS" start="2024-04-05T02:20:46.883019" elapsed="0.120973"/>
</test>
<test id="s1-s1-t4" name="Validar tipos de dados" line="28">
<kw name="Teste de Tipos de Dados" owner="random-user-service">
<kw name="GET On Session" owner="RequestsLibrary">
<msg time="2024-04-05T02:20:47.106161" level="INFO">GET Request : url=https://randomuser.me/api 
 path_url=/api 
 headers={'User-Agent': 'python-requests/2.31.0', 'Accept-Encoding': 'gzip, deflate', 'Accept': '*/*', 'Connection': 'keep-alive'} 
 body=None 
 </msg>
<msg time="2024-04-05T02:20:47.106268" level="INFO">GET Response : url=https://randomuser.me/api 
 status=200, reason=OK 
 headers={'Date': 'Fri, 05 Apr 2024 02:20:47 GMT', 'Content-Type': 'application/json; charset=utf-8', 'Transfer-Encoding': 'chunked', 'Connection': 'keep-alive', 'X-Powered-By': 'Express', 'Access-Control-Allow-Origin': '*', 'Cache-Control': 'no-cache', 'ETag': 'W/"498-YtMhWIUHyAFTI1n4rOFdTOti1wc"', 'Vary': 'Accept-Encoding', 'Content-Encoding': 'gzip', 'CF-Cache-Status': 'DYNAMIC', 'Report-To': '{"endpoints":[{"url":"https:\\/\\/a.nel.cloudflare.com\\/report\\/v4?s=5BHa%2Bn1Gdu9ePfdCORV3dOfjBiN%2FG33SJ%2FLJEHSml%2Bwuoc8WRhCmWdk5hrSzXL9QYzUIYHDbGmyvaaQhKM30uyet%2ByfiZ9NdhtoxTa7mhB8KnsD4yqifh%2BanJP49H3YX"}],"group":"cf-nel","max_age":604800}', 'NEL': '{"success_fraction":0,"report_to":"cf-nel","max_age":604800}', 'Server': 'cloudflare', 'CF-RAY': '86f60f99cb272f17-LAX', 'alt-svc': 'h3=":443"; ma=86400'} 
 body={"results":[{"gender":"female","name":{"title":"Ms","first":"Celia","last":"Peña"},"location":{"street":{"number":6698,"name":"Avenida de Andalucía"},"city":"Barcelona","state":"Andalucía","country":"Spain","postcode":73266,"coordinates":{"latitude":"-38.3586","longitude":"26.0110"},"timezone":{"offset":"+3:00","description":"Baghdad, Riyadh, Moscow, St. Petersburg"}},"email":"celia.pena@example.com","login":{"uuid":"3bb8a010-bcf3-4ebb-ae0f-18105e63cd1c","username":"whitebird588","password":"369369","salt":"U8o5SRO6","md5":"0d3b79572843c899cc34203d7f0882d7","sha1":"058a09f35e67f76b1d5e7d7c92b15e9209b08f73","sha256":"3fbce21db19758ba352155e3e3e7cb4cb3b60807c397e1bb5b8a69ec59529531"},"dob":{"date":"1950-02-03T12:06:37.913Z","age":74},"registered":{"date":"2002-09-10T04:55:16.112Z","age":21},"phone":"983-178-179","cell":"680-939-557","id":{"name":"DNI","value":"80496402-O"},"picture":{"large":"https://randomuser.me/api/portraits/women/33.jpg","medium":"https://randomuser.me/api/portraits/med/women/33.jpg","thumbnail":"https://randomuser.me/api/portraits/thumb/women/33.jpg"},"nat":"ES"}],"info":{"seed":"e2c0f701a0966606","results":1,"page":1,"version":"1.4"}} 
 </msg>
<msg time="2024-04-05T02:20:47.106341" level="INFO">/opt/hostedtoolcache/Python/3.12.2/x64/lib/python3.12/site-packages/urllib3/connectionpool.py:1103: InsecureRequestWarning: Unverified HTTPS request is being made to host 'randomuser.me'. Adding certificate verification is strongly advised. See: https://urllib3.readthedocs.io/en/latest/advanced-usage.html#tls-warnings
  warnings.warn(</msg>
<msg time="2024-04-05T02:20:47.106486" level="INFO">${response} = &lt;Response [200]&gt;</msg>
<var>${response}</var>
<arg>consultarAPI</arg>
<arg>/api</arg>
<doc>Sends a GET request on a previously created HTTP Session.</doc>
<status status="PASS" start="2024-04-05T02:20:47.006564" elapsed="0.099967"/>
</kw>
<kw name="Set Variable" owner="BuiltIn">
<msg time="2024-04-05T02:20:47.107569" level="INFO">${json_data} = {'results': [{'gender': 'female', 'name': {'title': 'Ms', 'first': 'Celia', 'last': 'Peña'}, 'location': {'street': {'number': 6698, 'name': 'Avenida de Andalucía'}, 'city': 'Barcelona', 'state': 'And...</msg>
<var>${json_data}</var>
<arg>${response.json()}</arg>
<doc>Returns the given values which can then be assigned to a variables.</doc>
<status status="PASS" start="2024-04-05T02:20:47.107032" elapsed="0.000566"/>
</kw>
<kw name="Log" owner="BuiltIn">
<msg time="2024-04-05T02:20:47.108066" level="INFO">{'results': [{'gender': 'female', 'name': {'title': 'Ms', 'first': 'Celia', 'last': 'Peña'}, 'location': {'street': {'number': 6698, 'name': 'Avenida de Andalucía'}, 'city': 'Barcelona', 'state': 'Andalucía', 'country': 'Spain', 'postcode': 73266, 'coordinates': {'latitude': '-38.3586', 'longitude': '26.0110'}, 'timezone': {'offset': '+3:00', 'description': 'Baghdad, Riyadh, Moscow, St. Petersburg'}}, 'email': 'celia.pena@example.com', 'login': {'uuid': '3bb8a010-bcf3-4ebb-ae0f-18105e63cd1c', 'username': 'whitebird588', 'password': '369369', 'salt': 'U8o5SRO6', 'md5': '0d3b79572843c899cc34203d7f0882d7', 'sha1': '058a09f35e67f76b1d5e7d7c92b15e9209b08f73', 'sha256': '3fbce21db19758ba352155e3e3e7cb4cb3b60807c397e1bb5b8a69ec59529531'}, 'dob': {'date': '1950-02-03T12:06:37.913Z', 'age': 74}, 'registered': {'date': '2002-09-10T04:55:16.112Z', 'age': 21}, 'phone': '983-178-179', 'cell': '680-939-557', 'id': {'name': 'DNI', 'value': '80496402-O'}, 'picture': {'large': 'https://randomuser.me/api/portraits/women/33.jpg', 'medium': 'https://randomuser.me/api/portraits/med/women/33.jpg', 'thumbnail': 'https://randomuser.me/api/portraits/thumb/women/33.jpg'}, 'nat': 'ES'}], 'info': {'seed': 'e2c0f701a0966606', 'results': 1, 'page': 1, 'version': '1.4'}}</msg>
<arg>${json_data}</arg>
<doc>Logs the given message with the given level.</doc>
<status status="PASS" start="2024-04-05T02:20:47.107905" elapsed="0.000248"/>
</kw>
<kw name="Should Be String" owner="String">
<arg>${json_data['results'][0]['gender']}</arg>
<doc>Fails if the given ``item`` is not a string.</doc>
<status status="PASS" start="2024-04-05T02:20:47.108455" elapsed="0.000367"/>
</kw>
<kw name="Should Match Regexp" owner="BuiltIn">
<arg>${json_data['results'][0]['email']}</arg>
<arg>^[a-zA-Z0-9._%+-]+@[a-zA-Z0-9.-]+\.[a-zA-Z]{2,}$</arg>
<doc>Fails if ``string`` does not match ``pattern`` as a regular expression.</doc>
<status status="PASS" start="2024-04-05T02:20:47.109015" elapsed="0.000567"/>
</kw>
<kw name="Should Match Regexp" owner="BuiltIn">
<arg>${json_data['results'][0]['dob']['date']}</arg>
<arg>\\d{4}-\\d{2}-\\d{2}T\\d{2}:\\d{2}:\\d{2}\\.\\d{3}Z</arg>
<doc>Fails if ``string`` does not match ``pattern`` as a regular expression.</doc>
<status status="PASS" start="2024-04-05T02:20:47.109781" elapsed="0.000477"/>
</kw>
<kw name="Should Match Regexp" owner="BuiltIn">
<arg>${json_data['results'][0]['registered']['date']}</arg>
<arg>\\d{4}-\\d{2}-\\d{2}T\\d{2}:\\d{2}:\\d{2}\\.\\d{3}Z</arg>
<doc>Fails if ``string`` does not match ``pattern`` as a regular expression.</doc>
<status status="PASS" start="2024-04-05T02:20:47.110446" elapsed="0.000388"/>
</kw>
<kw name="Should Match Regexp" owner="BuiltIn">
<arg>${json_data['results'][0]['picture']['large']}</arg>
<arg>^https?://.*\.(?:png|jpe?g|gif|bmp)$</arg>
<doc>Fails if ``string`` does not match ``pattern`` as a regular expression.</doc>
<status status="PASS" start="2024-04-05T02:20:47.111019" elapsed="0.000450"/>
</kw>
<kw name="Should Match Regexp" owner="BuiltIn">
<arg>${json_data['results'][0]['picture']['medium']}</arg>
<arg>^https?://.*\.(?:png|jpe?g|gif|bmp)$</arg>
<doc>Fails if ``string`` does not match ``pattern`` as a regular expression.</doc>
<status status="PASS" start="2024-04-05T02:20:47.111654" elapsed="0.000359"/>
</kw>
<kw name="Should Match Regexp" owner="BuiltIn">
<arg>${json_data['results'][0]['picture']['thumbnail']}</arg>
<arg>^https?://.*\.(?:png|jpe?g|gif|bmp)$</arg>
<doc>Fails if ``string`` does not match ``pattern`` as a regular expression.</doc>
<status status="PASS" start="2024-04-05T02:20:47.112195" elapsed="0.000344"/>
</kw>
<kw name="Log" owner="BuiltIn">
<msg time="2024-04-05T02:20:47.113042" level="INFO">{'large': 'https://randomuser.me/api/portraits/women/33.jpg', 'medium': 'https://randomuser.me/api/portraits/med/women/33.jpg', 'thumbnail': 'https://randomuser.me/api/portraits/thumb/women/33.jpg'}</msg>
<arg>${json_data['results'][0]['picture']}</arg>
<doc>Logs the given message with the given level.</doc>
<status status="PASS" start="2024-04-05T02:20:47.112718" elapsed="0.000374"/>
</kw>
<status status="PASS" start="2024-04-05T02:20:47.006336" elapsed="0.107043"/>
</kw>
<kw name="Teste de Tipos de Dados - Postcode" owner="random-user-service">
<kw name="GET On Session" owner="RequestsLibrary">
<msg time="2024-04-05T02:20:47.216110" level="INFO">GET Request : url=https://randomuser.me/api 
 path_url=/api 
 headers={'User-Agent': 'python-requests/2.31.0', 'Accept-Encoding': 'gzip, deflate', 'Accept': '*/*', 'Connection': 'keep-alive'} 
 body=None 
 </msg>
<msg time="2024-04-05T02:20:47.216209" level="INFO">GET Response : url=https://randomuser.me/api 
 status=200, reason=OK 
 headers={'Date': 'Fri, 05 Apr 2024 02:20:47 GMT', 'Content-Type': 'application/json; charset=utf-8', 'Transfer-Encoding': 'chunked', 'Connection': 'keep-alive', 'X-Powered-By': 'Express', 'Access-Control-Allow-Origin': '*', 'Cache-Control': 'no-cache', 'ETag': 'W/"48f-jnhiNC9h26RflFuM7I7MmWaAigc"', 'Vary': 'Accept-Encoding', 'Content-Encoding': 'gzip', 'CF-Cache-Status': 'DYNAMIC', 'Report-To': '{"endpoints":[{"url":"https:\\/\\/a.nel.cloudflare.com\\/report\\/v4?s=fiVlmUDXtvSVddNTschV%2FdLqQbJpTpQsWMC7dVkF7bR6j%2B7BFHctur4WMzxBAYkDOl0YGmaroZ6mYgDq932OjtplXgBXYxvwWVGEhP6OF6IKcAIPIVoq6CkDK8iIXFN%2B"}],"group":"cf-nel","max_age":604800}', 'NEL': '{"success_fraction":0,"report_to":"cf-nel","max_age":604800}', 'Server': 'cloudflare', 'CF-RAY': '86f60f9a7bdf2f17-LAX', 'alt-svc': 'h3=":443"; ma=86400'} 
 body={"results":[{"gender":"female","name":{"title":"Mrs","first":"Diocléia","last":"Sales"},"location":{"street":{"number":2941,"name":"Rua São Sebastiao "},"city":"Ribeirão Pires","state":"Maranhão","country":"Brazil","postcode":76587,"coordinates":{"latitude":"-79.9406","longitude":"88.2538"},"timezone":{"offset":"+3:30","description":"Tehran"}},"email":"diocleia.sales@example.com","login":{"uuid":"3e994db5-bdee-4b1c-aeaa-11755982d099","username":"purplebird204","password":"nurses","salt":"Z56SfXk6","md5":"874e1fc8ff4b387598282847c8c20baa","sha1":"3706cb703aeaec1783e91055d11aeaeb5ff1b1aa","sha256":"110469d458bb3b6d507221b49b06bcb20126d8f0b34a9eb0131975763f4419e0"},"dob":{"date":"1970-04-09T07:22:10.393Z","age":53},"registered":{"date":"2009-09-27T12:41:13.481Z","age":14},"phone":"(65) 1805-5097","cell":"(33) 5825-9859","id":{"name":"CPF","value":"428.293.178-93"},"picture":{"large":"https://randomuser.me/api/portraits/women/35.jpg","medium":"https://randomuser.me/api/portraits/med/women/35.jpg","thumbnail":"https://randomuser.me/api/portraits/thumb/women/35.jpg"},"nat":"BR"}],"info":{"seed":"7252512b292cb9dd","results":1,"page":1,"version":"1.4"}} 
 </msg>
<msg time="2024-04-05T02:20:47.216302" level="INFO">/opt/hostedtoolcache/Python/3.12.2/x64/lib/python3.12/site-packages/urllib3/connectionpool.py:1103: InsecureRequestWarning: Unverified HTTPS request is being made to host 'randomuser.me'. Adding certificate verification is strongly advised. See: https://urllib3.readthedocs.io/en/latest/advanced-usage.html#tls-warnings
  warnings.warn(</msg>
<msg time="2024-04-05T02:20:47.216445" level="INFO">${response} = &lt;Response [200]&gt;</msg>
<var>${response}</var>
<arg>consultarAPI</arg>
<arg>/api</arg>
<doc>Sends a GET request on a previously created HTTP Session.</doc>
<status status="PASS" start="2024-04-05T02:20:47.113984" elapsed="0.102492"/>
</kw>
<kw name="Set Variable" owner="BuiltIn">
<msg time="2024-04-05T02:20:47.217504" level="INFO">${json_data} = {'results': [{'gender': 'female', 'name': {'title': 'Mrs', 'first': 'Diocléia', 'last': 'Sales'}, 'location': {'street': {'number': 2941, 'name': 'Rua São Sebastiao '}, 'city': 'Ribeirão Pires', 'stat...</msg>
<var>${json_data}</var>
<arg>${response.json()}</arg>
<doc>Returns the given values which can then be assigned to a variables.</doc>
<status status="PASS" start="2024-04-05T02:20:47.216967" elapsed="0.000566"/>
</kw>
<kw name="Log" owner="BuiltIn">
<msg time="2024-04-05T02:20:47.218013" level="INFO">{'results': [{'gender': 'female', 'name': {'title': 'Mrs', 'first': 'Diocléia', 'last': 'Sales'}, 'location': {'street': {'number': 2941, 'name': 'Rua São Sebastiao '}, 'city': 'Ribeirão Pires', 'state': 'Maranhão', 'country': 'Brazil', 'postcode': 76587, 'coordinates': {'latitude': '-79.9406', 'longitude': '88.2538'}, 'timezone': {'offset': '+3:30', 'description': 'Tehran'}}, 'email': 'diocleia.sales@example.com', 'login': {'uuid': '3e994db5-bdee-4b1c-aeaa-11755982d099', 'username': 'purplebird204', 'password': 'nurses', 'salt': 'Z56SfXk6', 'md5': '874e1fc8ff4b387598282847c8c20baa', 'sha1': '3706cb703aeaec1783e91055d11aeaeb5ff1b1aa', 'sha256': '110469d458bb3b6d507221b49b06bcb20126d8f0b34a9eb0131975763f4419e0'}, 'dob': {'date': '1970-04-09T07:22:10.393Z', 'age': 53}, 'registered': {'date': '2009-09-27T12:41:13.481Z', 'age': 14}, 'phone': '(65) 1805-5097', 'cell': '(33) 5825-9859', 'id': {'name': 'CPF', 'value': '428.293.178-93'}, 'picture': {'large': 'https://randomuser.me/api/portraits/women/35.jpg', 'medium': 'https://randomuser.me/api/portraits/med/women/35.jpg', 'thumbnail': 'https://randomuser.me/api/portraits/thumb/women/35.jpg'}, 'nat': 'BR'}], 'info': {'seed': '7252512b292cb9dd', 'results': 1, 'page': 1, 'version': '1.4'}}</msg>
<arg>${json_data}</arg>
<doc>Logs the given message with the given level.</doc>
<status status="PASS" start="2024-04-05T02:20:47.217850" elapsed="0.000250"/>
</kw>
<kw name="Should Be Equal As Numbers" owner="BuiltIn">
<arg>${json_data['results'][0]['location']['postcode']}</arg>
<arg>${json_data['results'][0]['location']['postcode']}</arg>
<doc>Fails if objects are unequal after converting them to real numbers.</doc>
<status status="PASS" start="2024-04-05T02:20:47.218443" elapsed="0.000702"/>
</kw>
<kw name="Log" owner="BuiltIn">
<msg time="2024-04-05T02:20:47.219683" level="INFO">76587</msg>
<arg>${json_data['results'][0]['location']['postcode']}</arg>
<doc>Logs the given message with the given level.</doc>
<status status="PASS" start="2024-04-05T02:20:47.219343" elapsed="0.000381"/>
</kw>
<status status="PASS" start="2024-04-05T02:20:47.113610" elapsed="0.106377"/>
</kw>
<doc>Testa se os tipos de dados na resposta da API estão corretos.</doc>
<tag>testeTiposDados</tag>
<status status="PASS" start="2024-04-05T02:20:47.005866" elapsed="0.214296"/>
</test>
<test id="s1-s1-t5" name="Validar conteudo" line="35">
<kw name="Teste de Tipos de Conteudo" owner="random-user-service">
<kw name="GET On Session" owner="RequestsLibrary">
<msg time="2024-04-05T02:20:47.319695" level="INFO">GET Request : url=https://randomuser.me/api 
 path_url=/api 
 headers={'User-Agent': 'python-requests/2.31.0', 'Accept-Encoding': 'gzip, deflate', 'Accept': '*/*', 'Connection': 'keep-alive'} 
 body=None 
 </msg>
<msg time="2024-04-05T02:20:47.319796" level="INFO">GET Response : url=https://randomuser.me/api 
 status=200, reason=OK 
 headers={'Date': 'Fri, 05 Apr 2024 02:20:47 GMT', 'Content-Type': 'application/json; charset=utf-8', 'Transfer-Encoding': 'chunked', 'Connection': 'keep-alive', 'X-Powered-By': 'Express', 'Access-Control-Allow-Origin': '*', 'Cache-Control': 'no-cache', 'ETag': 'W/"48d-jndBZRZ6KYgyQJv4ORmwf+FeqIo"', 'Vary': 'Accept-Encoding', 'Content-Encoding': 'gzip', 'CF-Cache-Status': 'DYNAMIC', 'Report-To': '{"endpoints":[{"url":"https:\\/\\/a.nel.cloudflare.com\\/report\\/v4?s=ZYMEYTzuuPUbCcXMbBghACYafT0AgYJTVZ4YQ6wpfpr%2BAlx8oJfDcrtptSyhHJ9vC37O7FLO5rZNn4LbpXrOg%2FhYcYiZsIvLV%2F8hUuYboryNpwNBB2iGttuAuP7SjyXl"}],"group":"cf-nel","max_age":604800}', 'NEL': '{"success_fraction":0,"report_to":"cf-nel","max_age":604800}', 'Server': 'cloudflare', 'CF-RAY': '86f60f9b2c932f17-LAX', 'alt-svc': 'h3=":443"; ma=86400'} 
 body={"results":[{"gender":"male","name":{"title":"Mr","first":"Rogerio","last":"Holguín"},"location":{"street":{"number":7677,"name":"Peatonal Jalisco"},"city":"Guaymas","state":"Baja California Sur","country":"Mexico","postcode":96526,"coordinates":{"latitude":"22.8426","longitude":"-140.4709"},"timezone":{"offset":"+5:45","description":"Kathmandu"}},"email":"rogerio.holguin@example.com","login":{"uuid":"d6ccb51f-5784-4b8a-b549-3a13b7b38d54","username":"crazymeercat304","password":"eddie","salt":"wEIrSFOD","md5":"da60a7efe35801b06b695b831a6875a1","sha1":"567fbb7b175e3be9bc564dc7c61faa05f3ff4de8","sha256":"946c159c3878362a20e7fd7d6240689df4d10ad10f636dfbb744d366d07a248b"},"dob":{"date":"1980-05-19T06:01:03.657Z","age":43},"registered":{"date":"2004-07-01T01:59:22.216Z","age":19},"phone":"(664) 725 8325","cell":"(623) 600 4965","id":{"name":"NSS","value":"93 08 66 8304 2"},"picture":{"large":"https://randomuser.me/api/portraits/men/19.jpg","medium":"https://randomuser.me/api/portraits/med/men/19.jpg","thumbnail":"https://randomuser.me/api/portraits/thumb/men/19.jpg"},"nat":"MX"}],"info":{"seed":"0874403c76bdd47b","results":1,"page":1,"version":"1.4"}} 
 </msg>
<msg time="2024-04-05T02:20:47.319876" level="INFO">/opt/hostedtoolcache/Python/3.12.2/x64/lib/python3.12/site-packages/urllib3/connectionpool.py:1103: InsecureRequestWarning: Unverified HTTPS request is being made to host 'randomuser.me'. Adding certificate verification is strongly advised. See: https://urllib3.readthedocs.io/en/latest/advanced-usage.html#tls-warnings
  warnings.warn(</msg>
<msg time="2024-04-05T02:20:47.320025" level="INFO">${response} = &lt;Response [200]&gt;</msg>
<var>${response}</var>
<arg>consultarAPI</arg>
<arg>/api</arg>
<doc>Sends a GET request on a previously created HTTP Session.</doc>
<status status="PASS" start="2024-04-05T02:20:47.222624" elapsed="0.097454"/>
</kw>
<kw name="Set Variable" owner="BuiltIn">
<msg time="2024-04-05T02:20:47.321073" level="INFO">${json_data} = {'results': [{'gender': 'male', 'name': {'title': 'Mr', 'first': 'Rogerio', 'last': 'Holguín'}, 'location': {'street': {'number': 7677, 'name': 'Peatonal Jalisco'}, 'city': 'Guaymas', 'state': 'Baja C...</msg>
<var>${json_data}</var>
<arg>${response.json()}</arg>
<doc>Returns the given values which can then be assigned to a variables.</doc>
<status status="PASS" start="2024-04-05T02:20:47.320573" elapsed="0.000529"/>
</kw>
<kw name="Set Variable" owner="BuiltIn">
<msg time="2024-04-05T02:20:47.321820" level="INFO">${name_title} = Mr</msg>
<var>${name_title}</var>
<arg>${json_data["results"][0]["name"]["title"]}</arg>
<doc>Returns the given values which can then be assigned to a variables.</doc>
<status status="PASS" start="2024-04-05T02:20:47.321437" elapsed="0.000407"/>
</kw>
<kw name="Create List" owner="BuiltIn">
<msg time="2024-04-05T02:20:47.322295" level="INFO">${allowed_titles} = ['Mr', 'Ms', 'Miss', 'Mrs', 'Madame', 'Monsieur']</msg>
<var>${allowed_titles}</var>
<arg>Mr</arg>
<arg>Ms</arg>
<arg>Miss</arg>
<arg>Mrs</arg>
<arg>Madame</arg>
<arg>Monsieur</arg>
<doc>Returns a list containing given items.</doc>
<status status="PASS" start="2024-04-05T02:20:47.322144" elapsed="0.000175"/>
</kw>
<kw name="List Should Contain Value" owner="Collections">
<msg time="2024-04-05T02:20:47.322809" level="INFO">False</msg>
<arg>${allowed_titles}</arg>
<arg>${name_title}</arg>
<doc>Fails if the ``value`` is not found from ``list``.</doc>
<status status="PASS" start="2024-04-05T02:20:47.322627" elapsed="0.000218"/>
</kw>
<kw name="Set Variable" owner="BuiltIn">
<msg time="2024-04-05T02:20:47.323571" level="INFO">${name_country} = MX</msg>
<var>${name_country}</var>
<arg>${json_data["results"][0]["nat"]}</arg>
<doc>Returns the given values which can then be assigned to a variables.</doc>
<status status="PASS" start="2024-04-05T02:20:47.323141" elapsed="0.000467"/>
</kw>
<kw name="Create List" owner="BuiltIn">
<msg time="2024-04-05T02:20:47.324693" level="INFO">${list_country} = ['AD', 'AE', 'AF', 'AG', 'AI', 'AL', 'AM', 'AO', 'AQ', 'AR', 'AS', 'AT', 'AU', 'AW', 'AX', 'AZ', 'BA', 'BB', 'BD', 'BE', 'BF', 'BG', 'BH', 'BI', 'BJ', 'BL', 'BM', 'BN', 'BO', 'BQ', 'BR', 'BS', 'BT', '...</msg>
<var>${list_country}</var>
<arg>AD</arg>
<arg>AE</arg>
<arg>AF</arg>
<arg>AG</arg>
<arg>AI</arg>
<arg>AL</arg>
<arg>AM</arg>
<arg>AO</arg>
<arg>AQ</arg>
<arg>AR</arg>
<arg>AS</arg>
<arg>AT</arg>
<arg>AU</arg>
<arg>AW</arg>
<arg>AX</arg>
<arg>AZ</arg>
<arg>BA</arg>
<arg>BB</arg>
<arg>BD</arg>
<arg>BE</arg>
<arg>BF</arg>
<arg>BG</arg>
<arg>BH</arg>
<arg>BI</arg>
<arg>BJ</arg>
<arg>BL</arg>
<arg>BM</arg>
<arg>BN</arg>
<arg>BO</arg>
<arg>BQ</arg>
<arg>BR</arg>
<arg>BS</arg>
<arg>BT</arg>
<arg>BV</arg>
<arg>BW</arg>
<arg>BY</arg>
<arg>BZ</arg>
<arg>CA</arg>
<arg>CC</arg>
<arg>CD</arg>
<arg>CF</arg>
<arg>CG</arg>
<arg>CH</arg>
<arg>CI</arg>
<arg>CK</arg>
<arg>CL</arg>
<arg>CM</arg>
<arg>CN</arg>
<arg>CO</arg>
<arg>CR</arg>
<arg>CU</arg>
<arg>CV</arg>
<arg>CW</arg>
<arg>CX</arg>
<arg>CY</arg>
<arg>CZ</arg>
<arg>DE</arg>
<arg>DJ</arg>
<arg>DK</arg>
<arg>DM</arg>
<arg>DO</arg>
<arg>DZ</arg>
<arg>EC</arg>
<arg>EE</arg>
<arg>EG</arg>
<arg>EH</arg>
<arg>ER</arg>
<arg>ES</arg>
<arg>ET</arg>
<arg>FI</arg>
<arg>FJ</arg>
<arg>FK</arg>
<arg>FM</arg>
<arg>FO</arg>
<arg>FR</arg>
<arg>GA</arg>
<arg>GB</arg>
<arg>GD</arg>
<arg>GE</arg>
<arg>GF</arg>
<arg>GG</arg>
<arg>GH</arg>
<arg>GI</arg>
<arg>GL</arg>
<arg>GM</arg>
<arg>GN</arg>
<arg>GP</arg>
<arg>GQ</arg>
<arg>GR</arg>
<arg>GS</arg>
<arg>GT</arg>
<arg>GU</arg>
<arg>GW</arg>
<arg>GY</arg>
<arg>HK</arg>
<arg>HM</arg>
<arg>HN</arg>
<arg>HR</arg>
<arg>HT</arg>
<arg>HU</arg>
<arg>ID</arg>
<arg>IE</arg>
<arg>IL</arg>
<arg>IM</arg>
<arg>IN</arg>
<arg>IO</arg>
<arg>IQ</arg>
<arg>IR</arg>
<arg>IS</arg>
<arg>IT</arg>
<arg>JE</arg>
<arg>JM</arg>
<arg>JO</arg>
<arg>JP</arg>
<arg>KE</arg>
<arg>KG</arg>
<arg>KH</arg>
<arg>KI</arg>
<arg>KM</arg>
<arg>KN</arg>
<arg>KP</arg>
<arg>KR</arg>
<arg>KW</arg>
<arg>KY</arg>
<arg>KZ</arg>
<arg>LA</arg>
<arg>LB</arg>
<arg>LC</arg>
<arg>LI</arg>
<arg>LK</arg>
<arg>LR</arg>
<arg>LS</arg>
<arg>LT</arg>
<arg>LU</arg>
<arg>LV</arg>
<arg>LY</arg>
<arg>MA</arg>
<arg>MC</arg>
<arg>MD</arg>
<arg>ME</arg>
<arg>MF</arg>
<arg>MG</arg>
<arg>MH</arg>
<arg>MK</arg>
<arg>ML</arg>
<arg>MM</arg>
<arg>MN</arg>
<arg>MO</arg>
<arg>MP</arg>
<arg>MQ</arg>
<arg>MR</arg>
<arg>MS</arg>
<arg>MT</arg>
<arg>MU</arg>
<arg>MV</arg>
<arg>MW</arg>
<arg>MX</arg>
<arg>MY</arg>
<arg>MZ</arg>
<arg>NA</arg>
<arg>NC</arg>
<arg>NE</arg>
<arg>NF</arg>
<arg>NG</arg>
<arg>NI</arg>
<arg>NL</arg>
<arg>NO</arg>
<arg>NP</arg>
<arg>NR</arg>
<arg>NU</arg>
<arg>NZ</arg>
<arg>OM</arg>
<arg>PA</arg>
<arg>PE</arg>
<arg>PF</arg>
<arg>PG</arg>
<arg>PH</arg>
<arg>PK</arg>
<arg>PL</arg>
<arg>PM</arg>
<arg>PN</arg>
<arg>PR</arg>
<arg>PS</arg>
<arg>PT</arg>
<arg>PW</arg>
<arg>PY</arg>
<arg>QA</arg>
<arg>RE</arg>
<arg>RO</arg>
<arg>RS</arg>
<arg>RU</arg>
<arg>RW</arg>
<arg>SA</arg>
<arg>SB</arg>
<arg>SC</arg>
<arg>SD</arg>
<arg>SE</arg>
<arg>SG</arg>
<arg>SH</arg>
<arg>SI</arg>
<arg>SJ</arg>
<arg>SK</arg>
<arg>SL</arg>
<arg>SM</arg>
<arg>SN</arg>
<arg>SO</arg>
<arg>SR</arg>
<arg>SS</arg>
<arg>ST</arg>
<arg>SV</arg>
<arg>SX</arg>
<arg>SY</arg>
<arg>SZ</arg>
<arg>TC</arg>
<arg>TD</arg>
<arg>TF</arg>
<arg>TG</arg>
<arg>TH</arg>
<arg>TJ</arg>
<arg>TK</arg>
<arg>TL</arg>
<arg>TM</arg>
<arg>TN</arg>
<arg>TO</arg>
<arg>TR</arg>
<arg>TT</arg>
<arg>TV</arg>
<arg>TW</arg>
<arg>TZ</arg>
<arg>UA</arg>
<arg>UG</arg>
<arg>UM</arg>
<arg>US</arg>
<arg>UY</arg>
<arg>UZ</arg>
<arg>VA</arg>
<arg>VC</arg>
<arg>VE</arg>
<arg>VG</arg>
<arg>VI</arg>
<arg>VN</arg>
<arg>VU</arg>
<arg>WF</arg>
<arg>WS</arg>
<arg>XK</arg>
<arg>YE</arg>
<arg>YT</arg>
<arg>ZA</arg>
<arg>ZM</arg>
<arg>ZW</arg>
<doc>Returns a list containing given items.</doc>
<status status="PASS" start="2024-04-05T02:20:47.323975" elapsed="0.000753"/>
</kw>
<kw name="List Should Contain Value" owner="Collections">
<msg time="2024-04-05T02:20:47.326080" level="INFO">False</msg>
<arg>${list_country}</arg>
<arg>${name_country}</arg>
<doc>Fails if the ``value`` is not found from ``list``.</doc>
<status status="PASS" start="2024-04-05T02:20:47.325833" elapsed="0.000299"/>
</kw>
<kw name="Run Keyword If" owner="BuiltIn">
<kw name="Should Be True" owner="BuiltIn">
<arg>${True}</arg>
<doc>Fails if the given condition is not true.</doc>
<status status="PASS" start="2024-04-05T02:20:47.327211" elapsed="0.000147"/>
</kw>
<arg>${json_data["results"][0]["location"]["coordinates"]["latitude"]} &gt;= -90 and ${json_data["results"][0]["location"]["coordinates"]["latitude"]} &lt;= 90</arg>
<arg>Should Be True</arg>
<arg>${True}</arg>
<doc>Runs the given keyword with the given arguments, if ``condition`` is true.</doc>
<status status="PASS" start="2024-04-05T02:20:47.326454" elapsed="0.001033"/>
</kw>
<kw name="Run Keyword If" owner="BuiltIn">
<kw name="Should Be True" owner="BuiltIn">
<arg>${True}</arg>
<doc>Fails if the given condition is not true.</doc>
<status status="PASS" start="2024-04-05T02:20:47.328364" elapsed="0.000137"/>
</kw>
<arg>${json_data["results"][0]["location"]["coordinates"]["longitude"]} &gt;= -180 and ${json_data["results"][0]["location"]["coordinates"]["longitude"]} &lt;= 180</arg>
<arg>Should Be True</arg>
<arg>${True}</arg>
<doc>Runs the given keyword with the given arguments, if ``condition`` is true.</doc>
<status status="PASS" start="2024-04-05T02:20:47.327671" elapsed="0.000954"/>
</kw>
<status status="PASS" start="2024-04-05T02:20:47.222393" elapsed="0.106366"/>
</kw>
<doc>Testa o conteúdo específico dos campos retornados pela API.</doc>
<tag>testeConteudo</tag>
<status status="PASS" start="2024-04-05T02:20:47.221944" elapsed="0.106970"/>
</test>
<status status="PASS" start="2024-04-05T02:20:46.391635" elapsed="0.939189"/>
</suite>
<status status="PASS" start="2024-04-05T02:20:46.377810" elapsed="0.958324"/>
</suite>
<statistics>
<total>
<stat pass="5" fail="0" skip="0">All Tests</stat>
</total>
<tag>
<stat pass="1" fail="0" skip="0">testeConteudo</stat>
<stat pass="1" fail="0" skip="0">testeEstruturaResposta</stat>
<stat pass="1" fail="0" skip="0">testeRequisicaoBasica</stat>
<stat pass="1" fail="0" skip="0">testeTiposDados</stat>
</tag>
<suite>
<stat pass="5" fail="0" skip="0" id="s1" name="Tests">Tests</stat>
<stat pass="5" fail="0" skip="0" id="s1-s1" name="Random-User-Test">Tests.Random-User-Test</stat>
</suite>
</statistics>
<errors>
</errors>
</robot>
