<?xml version="1.0" encoding="UTF-8"?>
<robot generator="Robot 7.0 (Python 3.12.3 on linux)" generated="2024-06-01T13:14:37.084979" rpa="false" schemaversion="5">
<suite id="s1" name="Tests" source="/home/runner/work/ApiRandomUser/ApiRandomUser/RamdonUser/tests">
<suite id="s1-s1" name="Random-User-Test" source="/home/runner/work/ApiRandomUser/ApiRandomUser/RamdonUser/tests/random-user-test.robot">
<test id="s1-s1-t1" name="Conectar" line="13">
<kw name="Conectar API" owner="random-user-service">
<kw name="Create Session" owner="RequestsLibrary">
<msg time="2024-06-01T13:14:37.502176" level="INFO">Creating Session using : alias=consultarAPI, url=https://randomuser.me/, headers={},                     cookies={}, auth=None, timeout=None, proxies=None, verify=False,                     debug=0 </msg>
<arg>consultarAPI</arg>
<arg>${URL}</arg>
<doc>Create Session: create a HTTP session to a server</doc>
<status status="PASS" start="2024-06-01T13:14:37.501963" elapsed="0.000403"/>
</kw>
<status status="PASS" start="2024-06-01T13:14:37.500851" elapsed="0.001881"/>
</kw>
<status status="PASS" start="2024-06-01T13:14:37.500276" elapsed="0.002653"/>
</test>
<test id="s1-s1-t2" name="Validar retorno 200 e JSON Válido" line="16">
<kw name="Teste de Requisicao Basica" owner="random-user-service">
<kw name="GET On Session" owner="RequestsLibrary">
<msg time="2024-06-01T13:14:37.614672" level="INFO">GET Request : url=https://randomuser.me/api 
 path_url=/api 
 headers={'User-Agent': 'python-requests/2.32.3', 'Accept-Encoding': 'gzip, deflate', 'Accept': '*/*', 'Connection': 'keep-alive'} 
 body=None 
 </msg>
<msg time="2024-06-01T13:14:37.614848" level="INFO">GET Response : url=https://randomuser.me/api 
 status=200, reason=OK 
 headers={'Date': 'Sat, 01 Jun 2024 13:14:37 GMT', 'Content-Type': 'application/json; charset=utf-8', 'Transfer-Encoding': 'chunked', 'Connection': 'keep-alive', 'X-Powered-By': 'Express', 'Access-Control-Allow-Origin': '*', 'Cache-Control': 'no-cache', 'ETag': 'W/"4aa-h1Tw+P/rnrR830jk/S81vEwQGm4"', 'Vary': 'Accept-Encoding', 'Content-Encoding': 'gzip', 'CF-Cache-Status': 'DYNAMIC', 'Report-To': '{"endpoints":[{"url":"https:\\/\\/a.nel.cloudflare.com\\/report\\/v4?s=COdXnXcLbCMugwcLBM38gxq4Zx3%2FauHBfEZyt0Plm8gYvnifz7YFBZyF5T3eLf%2FFhzcf6Px0g%2BlN3SqQKlm%2Flyr%2FnfOD48H7EgriBPi7m7mburfg%2B%2F0OwqiY7emfRXKY"}],"group":"cf-nel","max_age":604800}', 'NEL': '{"success_fraction":0,"report_to":"cf-nel","max_age":604800}', 'Server': 'cloudflare', 'CF-RAY': '88cf77c08979cfc4-SJC', 'alt-svc': 'h3=":443"; ma=86400'} 
 body={"results":[{"gender":"female","name":{"title":"Miss","first":"Reneé","last":"Van der Pluijm"},"location":{"street":{"number":5793,"name":"Galderie"},"city":"Wons","state":"Noord-Holland","country":"Netherlands","postcode":"6144 BU","coordinates":{"latitude":"31.0967","longitude":"16.1338"},"timezone":{"offset":"-6:00","description":"Central Time (US &amp; Canada), Mexico City"}},"email":"renee.vanderpluijm@example.com","login":{"uuid":"cc1399fa-27f4-4d60-bcdb-89ca7136f523","username":"sadleopard652","password":"sundance","salt":"E0sZzc9U","md5":"def120a86d4fa0184111894ad5e95eda","sha1":"5c981933070ed92e2139b5b2f567164029582173","sha256":"e04c113550779daf933189210886a5bcbb54accb4d44b4619f1670af94039caf"},"dob":{"date":"1987-08-09T10:37:01.950Z","age":36},"registered":{"date":"2015-08-30T12:00:09.156Z","age":8},"phone":"(0258) 048955","cell":"(06) 67241248","id":{"name":"BSN","value":"15959271"},"picture":{"large":"https://randomuser.me/api/portraits/women/44.jpg","medium":"https://randomuser.me/api/portraits/med/women/44.jpg","thumbnail":"https://randomuser.me/api/portraits/thumb/women/44.jpg"},"nat":"NL"}],"info":{"seed":"228679fe19c75b12","results":1,"page":1,"version":"1.4"}} 
 </msg>
<msg time="2024-06-01T13:14:37.614936" level="INFO">/opt/hostedtoolcache/Python/3.12.3/x64/lib/python3.12/site-packages/urllib3/connectionpool.py:1103: InsecureRequestWarning: Unverified HTTPS request is being made to host 'randomuser.me'. Adding certificate verification is strongly advised. See: https://urllib3.readthedocs.io/en/latest/advanced-usage.html#tls-warnings
  warnings.warn(</msg>
<msg time="2024-06-01T13:14:37.615086" level="INFO">${response} = &lt;Response [200]&gt;</msg>
<var>${response}</var>
<arg>consultarAPI</arg>
<arg>/api</arg>
<doc>Sends a GET request on a previously created HTTP Session.</doc>
<status status="PASS" start="2024-06-01T13:14:37.505590" elapsed="0.109545"/>
</kw>
<kw name="Should Be Equal As Numbers" owner="BuiltIn">
<msg time="2024-06-01T13:14:37.616273" level="INFO">Argument types are:
&lt;class 'int'&gt;
&lt;class 'str'&gt;</msg>
<arg>${response.status_code}</arg>
<arg>200</arg>
<doc>Fails if objects are unequal after converting them to real numbers.</doc>
<status status="PASS" start="2024-06-01T13:14:37.615785" elapsed="0.000558"/>
</kw>
<kw name="Log" owner="BuiltIn">
<msg time="2024-06-01T13:14:37.617083" level="INFO">200</msg>
<arg>${response.status_code}</arg>
<doc>Logs the given message with the given level.</doc>
<status status="PASS" start="2024-06-01T13:14:37.616722" elapsed="0.000411"/>
</kw>
<kw name="Set Variable" owner="BuiltIn">
<msg time="2024-06-01T13:14:37.617981" level="INFO">${json_data} = {'results': [{'gender': 'female', 'name': {'title': 'Miss', 'first': 'Reneé', 'last': 'Van der Pluijm'}, 'location': {'street': {'number': 5793, 'name': 'Galderie'}, 'city': 'Wons', 'state': 'Noord-Ho...</msg>
<var>${json_data}</var>
<arg>${response.json()}</arg>
<doc>Returns the given values which can then be assigned to a variables.</doc>
<status status="PASS" start="2024-06-01T13:14:37.617524" elapsed="0.000489"/>
</kw>
<kw name="Dictionary Should Contain Key" owner="Collections">
<msg time="2024-06-01T13:14:37.618502" level="INFO">False</msg>
<arg>${json_data}</arg>
<arg>results</arg>
<doc>Fails if ``key`` is not found from ``dictionary``.</doc>
<status status="PASS" start="2024-06-01T13:14:37.618326" elapsed="0.000392"/>
</kw>
<status status="PASS" start="2024-06-01T13:14:37.505326" elapsed="0.113665"/>
</kw>
<doc>Testa se a API responde corretamente e retorna um objeto JSON válido.</doc>
<tag>testeRequisicaoBasica</tag>
<status status="PASS" start="2024-06-01T13:14:37.504827" elapsed="0.114354"/>
</test>
<test id="s1-s1-t3" name="Validar estrutura de resposta" line="22">
<kw name="Teste de Estrutura de Resposta" owner="random-user-service">
<kw name="GET On Session" owner="RequestsLibrary">
<msg time="2024-06-01T13:14:37.717123" level="INFO">GET Request : url=https://randomuser.me/api 
 path_url=/api 
 headers={'User-Agent': 'python-requests/2.32.3', 'Accept-Encoding': 'gzip, deflate', 'Accept': '*/*', 'Connection': 'keep-alive'} 
 body=None 
 </msg>
<msg time="2024-06-01T13:14:37.717280" level="INFO">GET Response : url=https://randomuser.me/api 
 status=200, reason=OK 
 headers={'Date': 'Sat, 01 Jun 2024 13:14:37 GMT', 'Content-Type': 'application/json; charset=utf-8', 'Transfer-Encoding': 'chunked', 'Connection': 'keep-alive', 'X-Powered-By': 'Express', 'Access-Control-Allow-Origin': '*', 'Cache-Control': 'no-cache', 'ETag': 'W/"49d-eM/K7CgohKQ3iyM2btO/lXxKEyw"', 'Vary': 'Accept-Encoding', 'Content-Encoding': 'gzip', 'CF-Cache-Status': 'DYNAMIC', 'Report-To': '{"endpoints":[{"url":"https:\\/\\/a.nel.cloudflare.com\\/report\\/v4?s=tfA6%2F3bdJwlDJyPGFRx2EzbLKIQO0sOUDK75gzuNdEPDZ3F9uIRXWcQE4CRi6XRMv6Uulb%2BRik29GxiwvrYiD5%2BX1jgNPv1xdIfEaUYg80mBQGWB1jwvfkm7ZMZ6zTrJ"}],"group":"cf-nel","max_age":604800}', 'NEL': '{"success_fraction":0,"report_to":"cf-nel","max_age":604800}', 'Server': 'cloudflare', 'CF-RAY': '88cf77c129eccfc4-SJC', 'alt-svc': 'h3=":443"; ma=86400'} 
 body={"results":[{"gender":"male","name":{"title":"Mr","first":"رضا","last":"موسوی"},"location":{"street":{"number":7550,"name":"شهید استاد حسن بنا"},"city":"اهواز","state":"اصفهان","country":"Iran","postcode":54210,"coordinates":{"latitude":"15.5608","longitude":"-173.2506"},"timezone":{"offset":"+9:00","description":"Tokyo, Seoul, Osaka, Sapporo, Yakutsk"}},"email":"rd.mwswy@example.com","login":{"uuid":"6aec6217-94e3-4836-9bcc-4187c3f11c8e","username":"silverrabbit348","password":"prelude","salt":"Ks4pFpxt","md5":"79dffc805f952b3032dcc42b1eaeca66","sha1":"67c98ebf9868577dfaeefdfbf5a609df01d6caba","sha256":"b55ab42e166254b4e9c8f118ef6619903067a19790b3485c595307c5911050e5"},"dob":{"date":"1948-08-30T19:17:09.661Z","age":75},"registered":{"date":"2012-07-29T15:29:38.778Z","age":11},"phone":"072-90075828","cell":"0909-521-6265","id":{"name":"","value":null},"picture":{"large":"https://randomuser.me/api/portraits/men/45.jpg","medium":"https://randomuser.me/api/portraits/med/men/45.jpg","thumbnail":"https://randomuser.me/api/portraits/thumb/men/45.jpg"},"nat":"IR"}],"info":{"seed":"7cb2420367e61cae","results":1,"page":1,"version":"1.4"}} 
 </msg>
<msg time="2024-06-01T13:14:37.717460" level="INFO">/opt/hostedtoolcache/Python/3.12.3/x64/lib/python3.12/site-packages/urllib3/connectionpool.py:1103: InsecureRequestWarning: Unverified HTTPS request is being made to host 'randomuser.me'. Adding certificate verification is strongly advised. See: https://urllib3.readthedocs.io/en/latest/advanced-usage.html#tls-warnings
  warnings.warn(</msg>
<msg time="2024-06-01T13:14:37.717812" level="INFO">${response} = &lt;Response [200]&gt;</msg>
<var>${response}</var>
<arg>consultarAPI</arg>
<arg>/api</arg>
<doc>Sends a GET request on a previously created HTTP Session.</doc>
<status status="PASS" start="2024-06-01T13:14:37.621859" elapsed="0.095996"/>
</kw>
<kw name="Set Variable" owner="BuiltIn">
<msg time="2024-06-01T13:14:37.718998" level="INFO">${json_data} = {'results': [{'gender': 'male', 'name': {'title': 'Mr', 'first': 'رضا', 'last': 'موسوی'}, 'location': {'street': {'number': 7550, 'name': 'شهید استاد حسن بنا'}, 'city': 'اهواز', 'state': 'اصفهان', 'co...</msg>
<var>${json_data}</var>
<arg>${response.json()}</arg>
<doc>Returns the given values which can then be assigned to a variables.</doc>
<status status="PASS" start="2024-06-01T13:14:37.718454" elapsed="0.000578"/>
</kw>
<kw name="Log" owner="BuiltIn">
<msg time="2024-06-01T13:14:37.719520" level="INFO">{'results': [{'gender': 'male', 'name': {'title': 'Mr', 'first': 'رضا', 'last': 'موسوی'}, 'location': {'street': {'number': 7550, 'name': 'شهید استاد حسن بنا'}, 'city': 'اهواز', 'state': 'اصفهان', 'country': 'Iran', 'postcode': 54210, 'coordinates': {'latitude': '15.5608', 'longitude': '-173.2506'}, 'timezone': {'offset': '+9:00', 'description': 'Tokyo, Seoul, Osaka, Sapporo, Yakutsk'}}, 'email': 'rd.mwswy@example.com', 'login': {'uuid': '6aec6217-94e3-4836-9bcc-4187c3f11c8e', 'username': 'silverrabbit348', 'password': 'prelude', 'salt': 'Ks4pFpxt', 'md5': '79dffc805f952b3032dcc42b1eaeca66', 'sha1': '67c98ebf9868577dfaeefdfbf5a609df01d6caba', 'sha256': 'b55ab42e166254b4e9c8f118ef6619903067a19790b3485c595307c5911050e5'}, 'dob': {'date': '1948-08-30T19:17:09.661Z', 'age': 75}, 'registered': {'date': '2012-07-29T15:29:38.778Z', 'age': 11}, 'phone': '072-90075828', 'cell': '0909-521-6265', 'id': {'name': '', 'value': None}, 'picture': {'large': 'https://randomuser.me/api/portraits/men/45.jpg', 'medium': 'https://randomuser.me/api/portraits/med/men/45.jpg', 'thumbnail': 'https://randomuser.me/api/portraits/thumb/men/45.jpg'}, 'nat': 'IR'}], 'info': {'seed': '7cb2420367e61cae', 'results': 1, 'page': 1, 'version': '1.4'}}</msg>
<arg>${json_data}</arg>
<doc>Logs the given message with the given level.</doc>
<status status="PASS" start="2024-06-01T13:14:37.719355" elapsed="0.000229"/>
</kw>
<kw name="Dictionary Should Contain Key" owner="Collections">
<msg time="2024-06-01T13:14:37.720048" level="INFO">False</msg>
<arg>${json_data}</arg>
<arg>results</arg>
<doc>Fails if ``key`` is not found from ``dictionary``.</doc>
<status status="PASS" start="2024-06-01T13:14:37.719884" elapsed="0.000201"/>
</kw>
<kw name="Should Not Be Empty" owner="BuiltIn">
<msg time="2024-06-01T13:14:37.720512" level="INFO">Length is 2.</msg>
<arg>${json_data}</arg>
<doc>Verifies that the given item is not empty.</doc>
<status status="PASS" start="2024-06-01T13:14:37.720380" elapsed="0.000171"/>
</kw>
<kw name="Create List" owner="BuiltIn">
<msg time="2024-06-01T13:14:37.720995" level="INFO">${expected_keys} = ['gender', 'name', 'location', 'email', 'login']</msg>
<var>${expected_keys}</var>
<arg>gender</arg>
<arg>name</arg>
<arg>location</arg>
<arg>email</arg>
<arg>login</arg>
<doc>Returns a list containing given items.</doc>
<status status="PASS" start="2024-06-01T13:14:37.720844" elapsed="0.000175"/>
</kw>
<for flavor="IN">
<iter>
<kw name="Dictionary Should Contain Key" owner="Collections">
<msg time="2024-06-01T13:14:37.722077" level="INFO">False</msg>
<arg>${json_data['results'][0]}</arg>
<arg>${key}</arg>
<doc>Fails if ``key`` is not found from ``dictionary``.</doc>
<status status="PASS" start="2024-06-01T13:14:37.721664" elapsed="0.000458"/>
</kw>
<kw name="Log" owner="BuiltIn">
<msg time="2024-06-01T13:14:37.722802" level="INFO">{'gender': 'male', 'name': {'title': 'Mr', 'first': 'رضا', 'last': 'موسوی'}, 'location': {'street': {'number': 7550, 'name': 'شهید استاد حسن بنا'}, 'city': 'اهواز', 'state': 'اصفهان', 'country': 'Iran', 'postcode': 54210, 'coordinates': {'latitude': '15.5608', 'longitude': '-173.2506'}, 'timezone': {'offset': '+9:00', 'description': 'Tokyo, Seoul, Osaka, Sapporo, Yakutsk'}}, 'email': 'rd.mwswy@example.com', 'login': {'uuid': '6aec6217-94e3-4836-9bcc-4187c3f11c8e', 'username': 'silverrabbit348', 'password': 'prelude', 'salt': 'Ks4pFpxt', 'md5': '79dffc805f952b3032dcc42b1eaeca66', 'sha1': '67c98ebf9868577dfaeefdfbf5a609df01d6caba', 'sha256': 'b55ab42e166254b4e9c8f118ef6619903067a19790b3485c595307c5911050e5'}, 'dob': {'date': '1948-08-30T19:17:09.661Z', 'age': 75}, 'registered': {'date': '2012-07-29T15:29:38.778Z', 'age': 11}, 'phone': '072-90075828', 'cell': '0909-521-6265', 'id': {'name': '', 'value': None}, 'picture': {'large': 'https://randomuser.me/api/portraits/men/45.jpg', 'medium': 'https://randomuser.me/api/portraits/med/men/45.jpg', 'thumbnail': 'https://randomuser.me/api/portraits/thumb/men/45.jpg'}, 'nat': 'IR'}</msg>
<arg>${json_data['results'][0]}</arg>
<doc>Logs the given message with the given level.</doc>
<status status="PASS" start="2024-06-01T13:14:37.722427" elapsed="0.000428"/>
</kw>
<kw name="Log" owner="BuiltIn">
<msg time="2024-06-01T13:14:37.723290" level="INFO">gender</msg>
<arg>${key}</arg>
<doc>Logs the given message with the given level.</doc>
<status status="PASS" start="2024-06-01T13:14:37.723160" elapsed="0.000168"/>
</kw>
<var name="${key}">gender</var>
<status status="PASS" start="2024-06-01T13:14:37.721533" elapsed="0.002010"/>
</iter>
<iter>
<kw name="Dictionary Should Contain Key" owner="Collections">
<msg time="2024-06-01T13:14:37.724241" level="INFO">False</msg>
<arg>${json_data['results'][0]}</arg>
<arg>${key}</arg>
<doc>Fails if ``key`` is not found from ``dictionary``.</doc>
<status status="PASS" start="2024-06-01T13:14:37.723850" elapsed="0.000429"/>
</kw>
<kw name="Log" owner="BuiltIn">
<msg time="2024-06-01T13:14:37.724960" level="INFO">{'gender': 'male', 'name': {'title': 'Mr', 'first': 'رضا', 'last': 'موسوی'}, 'location': {'street': {'number': 7550, 'name': 'شهید استاد حسن بنا'}, 'city': 'اهواز', 'state': 'اصفهان', 'country': 'Iran', 'postcode': 54210, 'coordinates': {'latitude': '15.5608', 'longitude': '-173.2506'}, 'timezone': {'offset': '+9:00', 'description': 'Tokyo, Seoul, Osaka, Sapporo, Yakutsk'}}, 'email': 'rd.mwswy@example.com', 'login': {'uuid': '6aec6217-94e3-4836-9bcc-4187c3f11c8e', 'username': 'silverrabbit348', 'password': 'prelude', 'salt': 'Ks4pFpxt', 'md5': '79dffc805f952b3032dcc42b1eaeca66', 'sha1': '67c98ebf9868577dfaeefdfbf5a609df01d6caba', 'sha256': 'b55ab42e166254b4e9c8f118ef6619903067a19790b3485c595307c5911050e5'}, 'dob': {'date': '1948-08-30T19:17:09.661Z', 'age': 75}, 'registered': {'date': '2012-07-29T15:29:38.778Z', 'age': 11}, 'phone': '072-90075828', 'cell': '0909-521-6265', 'id': {'name': '', 'value': None}, 'picture': {'large': 'https://randomuser.me/api/portraits/men/45.jpg', 'medium': 'https://randomuser.me/api/portraits/med/men/45.jpg', 'thumbnail': 'https://randomuser.me/api/portraits/thumb/men/45.jpg'}, 'nat': 'IR'}</msg>
<arg>${json_data['results'][0]}</arg>
<doc>Logs the given message with the given level.</doc>
<status status="PASS" start="2024-06-01T13:14:37.724601" elapsed="0.000412"/>
</kw>
<kw name="Log" owner="BuiltIn">
<msg time="2024-06-01T13:14:37.725481" level="INFO">name</msg>
<arg>${key}</arg>
<doc>Logs the given message with the given level.</doc>
<status status="PASS" start="2024-06-01T13:14:37.725351" elapsed="0.000167"/>
</kw>
<var name="${key}">name</var>
<status status="PASS" start="2024-06-01T13:14:37.723728" elapsed="0.002014"/>
</iter>
<iter>
<kw name="Dictionary Should Contain Key" owner="Collections">
<msg time="2024-06-01T13:14:37.726417" level="INFO">False</msg>
<arg>${json_data['results'][0]}</arg>
<arg>${key}</arg>
<doc>Fails if ``key`` is not found from ``dictionary``.</doc>
<status status="PASS" start="2024-06-01T13:14:37.726035" elapsed="0.000421"/>
</kw>
<kw name="Log" owner="BuiltIn">
<msg time="2024-06-01T13:14:37.727127" level="INFO">{'gender': 'male', 'name': {'title': 'Mr', 'first': 'رضا', 'last': 'موسوی'}, 'location': {'street': {'number': 7550, 'name': 'شهید استاد حسن بنا'}, 'city': 'اهواز', 'state': 'اصفهان', 'country': 'Iran', 'postcode': 54210, 'coordinates': {'latitude': '15.5608', 'longitude': '-173.2506'}, 'timezone': {'offset': '+9:00', 'description': 'Tokyo, Seoul, Osaka, Sapporo, Yakutsk'}}, 'email': 'rd.mwswy@example.com', 'login': {'uuid': '6aec6217-94e3-4836-9bcc-4187c3f11c8e', 'username': 'silverrabbit348', 'password': 'prelude', 'salt': 'Ks4pFpxt', 'md5': '79dffc805f952b3032dcc42b1eaeca66', 'sha1': '67c98ebf9868577dfaeefdfbf5a609df01d6caba', 'sha256': 'b55ab42e166254b4e9c8f118ef6619903067a19790b3485c595307c5911050e5'}, 'dob': {'date': '1948-08-30T19:17:09.661Z', 'age': 75}, 'registered': {'date': '2012-07-29T15:29:38.778Z', 'age': 11}, 'phone': '072-90075828', 'cell': '0909-521-6265', 'id': {'name': '', 'value': None}, 'picture': {'large': 'https://randomuser.me/api/portraits/men/45.jpg', 'medium': 'https://randomuser.me/api/portraits/med/men/45.jpg', 'thumbnail': 'https://randomuser.me/api/portraits/thumb/men/45.jpg'}, 'nat': 'IR'}</msg>
<arg>${json_data['results'][0]}</arg>
<doc>Logs the given message with the given level.</doc>
<status status="PASS" start="2024-06-01T13:14:37.726757" elapsed="0.000423"/>
</kw>
<kw name="Log" owner="BuiltIn">
<msg time="2024-06-01T13:14:37.727631" level="INFO">location</msg>
<arg>${key}</arg>
<doc>Logs the given message with the given level.</doc>
<status status="PASS" start="2024-06-01T13:14:37.727493" elapsed="0.000176"/>
</kw>
<var name="${key}">location</var>
<status status="PASS" start="2024-06-01T13:14:37.725922" elapsed="0.001961"/>
</iter>
<iter>
<kw name="Dictionary Should Contain Key" owner="Collections">
<msg time="2024-06-01T13:14:37.728663" level="INFO">False</msg>
<arg>${json_data['results'][0]}</arg>
<arg>${key}</arg>
<doc>Fails if ``key`` is not found from ``dictionary``.</doc>
<status status="PASS" start="2024-06-01T13:14:37.728168" elapsed="0.000534"/>
</kw>
<kw name="Log" owner="BuiltIn">
<msg time="2024-06-01T13:14:37.729407" level="INFO">{'gender': 'male', 'name': {'title': 'Mr', 'first': 'رضا', 'last': 'موسوی'}, 'location': {'street': {'number': 7550, 'name': 'شهید استاد حسن بنا'}, 'city': 'اهواز', 'state': 'اصفهان', 'country': 'Iran', 'postcode': 54210, 'coordinates': {'latitude': '15.5608', 'longitude': '-173.2506'}, 'timezone': {'offset': '+9:00', 'description': 'Tokyo, Seoul, Osaka, Sapporo, Yakutsk'}}, 'email': 'rd.mwswy@example.com', 'login': {'uuid': '6aec6217-94e3-4836-9bcc-4187c3f11c8e', 'username': 'silverrabbit348', 'password': 'prelude', 'salt': 'Ks4pFpxt', 'md5': '79dffc805f952b3032dcc42b1eaeca66', 'sha1': '67c98ebf9868577dfaeefdfbf5a609df01d6caba', 'sha256': 'b55ab42e166254b4e9c8f118ef6619903067a19790b3485c595307c5911050e5'}, 'dob': {'date': '1948-08-30T19:17:09.661Z', 'age': 75}, 'registered': {'date': '2012-07-29T15:29:38.778Z', 'age': 11}, 'phone': '072-90075828', 'cell': '0909-521-6265', 'id': {'name': '', 'value': None}, 'picture': {'large': 'https://randomuser.me/api/portraits/men/45.jpg', 'medium': 'https://randomuser.me/api/portraits/med/men/45.jpg', 'thumbnail': 'https://randomuser.me/api/portraits/thumb/men/45.jpg'}, 'nat': 'IR'}</msg>
<arg>${json_data['results'][0]}</arg>
<doc>Logs the given message with the given level.</doc>
<status status="PASS" start="2024-06-01T13:14:37.729000" elapsed="0.000461"/>
</kw>
<kw name="Log" owner="BuiltIn">
<msg time="2024-06-01T13:14:37.729893" level="INFO">email</msg>
<arg>${key}</arg>
<doc>Logs the given message with the given level.</doc>
<status status="PASS" start="2024-06-01T13:14:37.729763" elapsed="0.000170"/>
</kw>
<var name="${key}">email</var>
<status status="PASS" start="2024-06-01T13:14:37.728056" elapsed="0.002094"/>
</iter>
<iter>
<kw name="Dictionary Should Contain Key" owner="Collections">
<msg time="2024-06-01T13:14:37.730820" level="INFO">False</msg>
<arg>${json_data['results'][0]}</arg>
<arg>${key}</arg>
<doc>Fails if ``key`` is not found from ``dictionary``.</doc>
<status status="PASS" start="2024-06-01T13:14:37.730439" elapsed="0.000419"/>
</kw>
<kw name="Log" owner="BuiltIn">
<msg time="2024-06-01T13:14:37.731532" level="INFO">{'gender': 'male', 'name': {'title': 'Mr', 'first': 'رضا', 'last': 'موسوی'}, 'location': {'street': {'number': 7550, 'name': 'شهید استاد حسن بنا'}, 'city': 'اهواز', 'state': 'اصفهان', 'country': 'Iran', 'postcode': 54210, 'coordinates': {'latitude': '15.5608', 'longitude': '-173.2506'}, 'timezone': {'offset': '+9:00', 'description': 'Tokyo, Seoul, Osaka, Sapporo, Yakutsk'}}, 'email': 'rd.mwswy@example.com', 'login': {'uuid': '6aec6217-94e3-4836-9bcc-4187c3f11c8e', 'username': 'silverrabbit348', 'password': 'prelude', 'salt': 'Ks4pFpxt', 'md5': '79dffc805f952b3032dcc42b1eaeca66', 'sha1': '67c98ebf9868577dfaeefdfbf5a609df01d6caba', 'sha256': 'b55ab42e166254b4e9c8f118ef6619903067a19790b3485c595307c5911050e5'}, 'dob': {'date': '1948-08-30T19:17:09.661Z', 'age': 75}, 'registered': {'date': '2012-07-29T15:29:38.778Z', 'age': 11}, 'phone': '072-90075828', 'cell': '0909-521-6265', 'id': {'name': '', 'value': None}, 'picture': {'large': 'https://randomuser.me/api/portraits/men/45.jpg', 'medium': 'https://randomuser.me/api/portraits/med/men/45.jpg', 'thumbnail': 'https://randomuser.me/api/portraits/thumb/men/45.jpg'}, 'nat': 'IR'}</msg>
<arg>${json_data['results'][0]}</arg>
<doc>Logs the given message with the given level.</doc>
<status status="PASS" start="2024-06-01T13:14:37.731159" elapsed="0.000423"/>
</kw>
<kw name="Log" owner="BuiltIn">
<msg time="2024-06-01T13:14:37.732001" level="INFO">login</msg>
<arg>${key}</arg>
<doc>Logs the given message with the given level.</doc>
<status status="PASS" start="2024-06-01T13:14:37.731876" elapsed="0.000164"/>
</kw>
<var name="${key}">login</var>
<status status="PASS" start="2024-06-01T13:14:37.730325" elapsed="0.001958"/>
</iter>
<var>${key}</var>
<value>@{expected_keys}</value>
<status status="PASS" start="2024-06-01T13:14:37.721326" elapsed="0.011086"/>
</for>
<kw name="Create List" owner="BuiltIn">
<msg time="2024-06-01T13:14:37.732745" level="INFO">${expected_keysTwo} = ['username', 'password']</msg>
<var>${expected_keysTwo}</var>
<arg>username</arg>
<arg>password</arg>
<doc>Returns a list containing given items.</doc>
<status status="PASS" start="2024-06-01T13:14:37.732607" elapsed="0.000162"/>
</kw>
<for flavor="IN">
<iter>
<kw name="Dictionary Should Contain Key" owner="Collections">
<msg time="2024-06-01T13:14:37.733690" level="INFO">False</msg>
<arg>${json_data['results'][0]['login']}</arg>
<arg>${keyTwo}</arg>
<doc>Fails if ``key`` is not found from ``dictionary``.</doc>
<status status="PASS" start="2024-06-01T13:14:37.733306" elapsed="0.000422"/>
</kw>
<kw name="Dictionary Should Contain Key" owner="Collections">
<msg time="2024-06-01T13:14:37.734401" level="INFO">False</msg>
<arg>${json_data['results'][0]['login']}</arg>
<arg>${keyTwo}</arg>
<doc>Fails if ``key`` is not found from ``dictionary``.</doc>
<status status="PASS" start="2024-06-01T13:14:37.734029" elapsed="0.000410"/>
</kw>
<kw name="Log" owner="BuiltIn">
<msg time="2024-06-01T13:14:37.734856" level="INFO">username</msg>
<arg>${keyTwo}</arg>
<doc>Logs the given message with the given level.</doc>
<status status="PASS" start="2024-06-01T13:14:37.734729" elapsed="0.000164"/>
</kw>
<var name="${keyTwo}">username</var>
<status status="PASS" start="2024-06-01T13:14:37.733154" elapsed="0.001952"/>
</iter>
<iter>
<kw name="Dictionary Should Contain Key" owner="Collections">
<msg time="2024-06-01T13:14:37.735766" level="INFO">False</msg>
<arg>${json_data['results'][0]['login']}</arg>
<arg>${keyTwo}</arg>
<doc>Fails if ``key`` is not found from ``dictionary``.</doc>
<status status="PASS" start="2024-06-01T13:14:37.735387" elapsed="0.000416"/>
</kw>
<kw name="Dictionary Should Contain Key" owner="Collections">
<msg time="2024-06-01T13:14:37.736468" level="INFO">False</msg>
<arg>${json_data['results'][0]['login']}</arg>
<arg>${keyTwo}</arg>
<doc>Fails if ``key`` is not found from ``dictionary``.</doc>
<status status="PASS" start="2024-06-01T13:14:37.736092" elapsed="0.000412"/>
</kw>
<kw name="Log" owner="BuiltIn">
<msg time="2024-06-01T13:14:37.736915" level="INFO">password</msg>
<arg>${keyTwo}</arg>
<doc>Logs the given message with the given level.</doc>
<status status="PASS" start="2024-06-01T13:14:37.736792" elapsed="0.000160"/>
</kw>
<var name="${keyTwo}">password</var>
<status status="PASS" start="2024-06-01T13:14:37.735277" elapsed="0.001889"/>
</iter>
<var>${keyTwo}</var>
<value>@{expected_keysTwo}</value>
<status status="PASS" start="2024-06-01T13:14:37.733003" elapsed="0.004327"/>
</for>
<status status="PASS" start="2024-06-01T13:14:37.621607" elapsed="0.115866"/>
</kw>
<doc>Testa a estrutura da resposta da API.</doc>
<tag>testeEstruturaResposta</tag>
<status status="PASS" start="2024-06-01T13:14:37.621040" elapsed="0.116589"/>
</test>
<test id="s1-s1-t4" name="Validar tipos de dados" line="28">
<kw name="Teste de Tipos de Dados" owner="random-user-service">
<kw name="GET On Session" owner="RequestsLibrary">
<msg time="2024-06-01T13:14:37.847396" level="INFO">GET Request : url=https://randomuser.me/api 
 path_url=/api 
 headers={'User-Agent': 'python-requests/2.32.3', 'Accept-Encoding': 'gzip, deflate', 'Accept': '*/*', 'Connection': 'keep-alive'} 
 body=None 
 </msg>
<msg time="2024-06-01T13:14:37.847491" level="INFO">GET Response : url=https://randomuser.me/api 
 status=200, reason=OK 
 headers={'Date': 'Sat, 01 Jun 2024 13:14:37 GMT', 'Content-Type': 'application/json; charset=utf-8', 'Transfer-Encoding': 'chunked', 'Connection': 'keep-alive', 'X-Powered-By': 'Express', 'Access-Control-Allow-Origin': '*', 'Cache-Control': 'no-cache', 'ETag': 'W/"486-aJx1mfdkyINvjNMHYjDtxJMtIh0"', 'Vary': 'Accept-Encoding', 'Content-Encoding': 'gzip', 'CF-Cache-Status': 'DYNAMIC', 'Report-To': '{"endpoints":[{"url":"https:\\/\\/a.nel.cloudflare.com\\/report\\/v4?s=ms10AhE%2B3qdcNvtCIcjoJOvnFOFxaJpmJ29%2FEOOF4UncoUA7JSyoUGa5fXuWGrvxSsf%2FFF788yxYCn106AyTp%2BdxJ6xCbuklugwlu171PvcwMyMV938srbHnDJWuRs2s"}],"group":"cf-nel","max_age":604800}', 'NEL': '{"success_fraction":0,"report_to":"cf-nel","max_age":604800}', 'Server': 'cloudflare', 'CF-RAY': '88cf77c1ea6ecfc4-SJC', 'alt-svc': 'h3=":443"; ma=86400'} 
 body={"results":[{"gender":"male","name":{"title":"Mr","first":"Albertino","last":"Novaes"},"location":{"street":{"number":4368,"name":"Rua Um"},"city":"São José dos Pinhais","state":"Roraima","country":"Brazil","postcode":94497,"coordinates":{"latitude":"-80.3522","longitude":"-49.9416"},"timezone":{"offset":"-9:00","description":"Alaska"}},"email":"albertino.novaes@example.com","login":{"uuid":"0b16eddf-0c4a-4c8a-add5-e526b3b8c16d","username":"ticklishfrog925","password":"software","salt":"cXpMWFPk","md5":"98ee3437bd33c8066d08994b2674dee2","sha1":"c5e637d8e38713b15a29fb9659fa02d34cd7fe80","sha256":"5a45f30df442b1b9ef58b9ae8ef19205bbfe17f290684540b90c9a363c1e2917"},"dob":{"date":"1963-12-13T13:06:08.240Z","age":60},"registered":{"date":"2004-10-13T00:36:12.524Z","age":19},"phone":"(72) 7581-3890","cell":"(61) 5367-3609","id":{"name":"CPF","value":"153.627.714-84"},"picture":{"large":"https://randomuser.me/api/portraits/men/39.jpg","medium":"https://randomuser.me/api/portraits/med/men/39.jpg","thumbnail":"https://randomuser.me/api/portraits/thumb/men/39.jpg"},"nat":"BR"}],"info":{"seed":"fd7bba9ce29a60e9","results":1,"page":1,"version":"1.4"}} 
 </msg>
<msg time="2024-06-01T13:14:37.847563" level="INFO">/opt/hostedtoolcache/Python/3.12.3/x64/lib/python3.12/site-packages/urllib3/connectionpool.py:1103: InsecureRequestWarning: Unverified HTTPS request is being made to host 'randomuser.me'. Adding certificate verification is strongly advised. See: https://urllib3.readthedocs.io/en/latest/advanced-usage.html#tls-warnings
  warnings.warn(</msg>
<msg time="2024-06-01T13:14:37.847693" level="INFO">${response} = &lt;Response [200]&gt;</msg>
<var>${response}</var>
<arg>consultarAPI</arg>
<arg>/api</arg>
<doc>Sends a GET request on a previously created HTTP Session.</doc>
<status status="PASS" start="2024-06-01T13:14:37.740157" elapsed="0.107575"/>
</kw>
<kw name="Set Variable" owner="BuiltIn">
<msg time="2024-06-01T13:14:37.848919" level="INFO">${json_data} = {'results': [{'gender': 'male', 'name': {'title': 'Mr', 'first': 'Albertino', 'last': 'Novaes'}, 'location': {'street': {'number': 4368, 'name': 'Rua Um'}, 'city': 'São José dos Pinhais', 'state': 'Ro...</msg>
<var>${json_data}</var>
<arg>${response.json()}</arg>
<doc>Returns the given values which can then be assigned to a variables.</doc>
<status status="PASS" start="2024-06-01T13:14:37.848358" elapsed="0.000592"/>
</kw>
<kw name="Log" owner="BuiltIn">
<msg time="2024-06-01T13:14:37.849518" level="INFO">{'results': [{'gender': 'male', 'name': {'title': 'Mr', 'first': 'Albertino', 'last': 'Novaes'}, 'location': {'street': {'number': 4368, 'name': 'Rua Um'}, 'city': 'São José dos Pinhais', 'state': 'Roraima', 'country': 'Brazil', 'postcode': 94497, 'coordinates': {'latitude': '-80.3522', 'longitude': '-49.9416'}, 'timezone': {'offset': '-9:00', 'description': 'Alaska'}}, 'email': 'albertino.novaes@example.com', 'login': {'uuid': '0b16eddf-0c4a-4c8a-add5-e526b3b8c16d', 'username': 'ticklishfrog925', 'password': 'software', 'salt': 'cXpMWFPk', 'md5': '98ee3437bd33c8066d08994b2674dee2', 'sha1': 'c5e637d8e38713b15a29fb9659fa02d34cd7fe80', 'sha256': '5a45f30df442b1b9ef58b9ae8ef19205bbfe17f290684540b90c9a363c1e2917'}, 'dob': {'date': '1963-12-13T13:06:08.240Z', 'age': 60}, 'registered': {'date': '2004-10-13T00:36:12.524Z', 'age': 19}, 'phone': '(72) 7581-3890', 'cell': '(61) 5367-3609', 'id': {'name': 'CPF', 'value': '153.627.714-84'}, 'picture': {'large': 'https://randomuser.me/api/portraits/men/39.jpg', 'medium': 'https://randomuser.me/api/portraits/med/men/39.jpg', 'thumbnail': 'https://randomuser.me/api/portraits/thumb/men/39.jpg'}, 'nat': 'BR'}], 'info': {'seed': 'fd7bba9ce29a60e9', 'results': 1, 'page': 1, 'version': '1.4'}}</msg>
<arg>${json_data}</arg>
<doc>Logs the given message with the given level.</doc>
<status status="PASS" start="2024-06-01T13:14:37.849343" elapsed="0.000266"/>
</kw>
<kw name="Should Be String" owner="String">
<arg>${json_data['results'][0]['gender']}</arg>
<doc>Fails if the given ``item`` is not a string.</doc>
<status status="PASS" start="2024-06-01T13:14:37.849934" elapsed="0.000376"/>
</kw>
<kw name="Should Match Regexp" owner="BuiltIn">
<arg>${json_data['results'][0]['email']}</arg>
<arg>^[a-zA-Z0-9._%+-]+@[a-zA-Z0-9.-]+\.[a-zA-Z]{2,}$</arg>
<doc>Fails if ``string`` does not match ``pattern`` as a regular expression.</doc>
<status status="PASS" start="2024-06-01T13:14:37.850507" elapsed="0.000683"/>
</kw>
<kw name="Should Match Regexp" owner="BuiltIn">
<arg>${json_data['results'][0]['dob']['date']}</arg>
<arg>\\d{4}-\\d{2}-\\d{2}T\\d{2}:\\d{2}:\\d{2}\\.\\d{3}Z</arg>
<doc>Fails if ``string`` does not match ``pattern`` as a regular expression.</doc>
<status status="PASS" start="2024-06-01T13:14:37.851405" elapsed="0.000485"/>
</kw>
<kw name="Should Match Regexp" owner="BuiltIn">
<arg>${json_data['results'][0]['registered']['date']}</arg>
<arg>\\d{4}-\\d{2}-\\d{2}T\\d{2}:\\d{2}:\\d{2}\\.\\d{3}Z</arg>
<doc>Fails if ``string`` does not match ``pattern`` as a regular expression.</doc>
<status status="PASS" start="2024-06-01T13:14:37.852088" elapsed="0.000366"/>
</kw>
<kw name="Should Match Regexp" owner="BuiltIn">
<arg>${json_data['results'][0]['picture']['large']}</arg>
<arg>^https?://.*\.(?:png|jpe?g|gif|bmp)$</arg>
<doc>Fails if ``string`` does not match ``pattern`` as a regular expression.</doc>
<status status="PASS" start="2024-06-01T13:14:37.852650" elapsed="0.000458"/>
</kw>
<kw name="Should Match Regexp" owner="BuiltIn">
<arg>${json_data['results'][0]['picture']['medium']}</arg>
<arg>^https?://.*\.(?:png|jpe?g|gif|bmp)$</arg>
<doc>Fails if ``string`` does not match ``pattern`` as a regular expression.</doc>
<status status="PASS" start="2024-06-01T13:14:37.853338" elapsed="0.000357"/>
</kw>
<kw name="Should Match Regexp" owner="BuiltIn">
<arg>${json_data['results'][0]['picture']['thumbnail']}</arg>
<arg>^https?://.*\.(?:png|jpe?g|gif|bmp)$</arg>
<doc>Fails if ``string`` does not match ``pattern`` as a regular expression.</doc>
<status status="PASS" start="2024-06-01T13:14:37.853884" elapsed="0.000346"/>
</kw>
<kw name="Log" owner="BuiltIn">
<msg time="2024-06-01T13:14:37.854734" level="INFO">{'large': 'https://randomuser.me/api/portraits/men/39.jpg', 'medium': 'https://randomuser.me/api/portraits/med/men/39.jpg', 'thumbnail': 'https://randomuser.me/api/portraits/thumb/men/39.jpg'}</msg>
<arg>${json_data['results'][0]['picture']}</arg>
<doc>Logs the given message with the given level.</doc>
<status status="PASS" start="2024-06-01T13:14:37.854412" elapsed="0.000363"/>
</kw>
<status status="PASS" start="2024-06-01T13:14:37.739921" elapsed="0.115119"/>
</kw>
<kw name="Teste de Tipos de Dados - Postcode" owner="random-user-service">
<kw name="GET On Session" owner="RequestsLibrary">
<msg time="2024-06-01T13:14:37.938949" level="INFO">GET Request : url=https://randomuser.me/api 
 path_url=/api 
 headers={'User-Agent': 'python-requests/2.32.3', 'Accept-Encoding': 'gzip, deflate', 'Accept': '*/*', 'Connection': 'keep-alive'} 
 body=None 
 </msg>
<msg time="2024-06-01T13:14:37.939063" level="INFO">GET Response : url=https://randomuser.me/api 
 status=200, reason=OK 
 headers={'Date': 'Sat, 01 Jun 2024 13:14:37 GMT', 'Content-Type': 'application/json; charset=utf-8', 'Transfer-Encoding': 'chunked', 'Connection': 'keep-alive', 'X-Powered-By': 'Express', 'Access-Control-Allow-Origin': '*', 'Cache-Control': 'no-cache', 'ETag': 'W/"479-ueRQr5AgKeuKt05ISpeg/v3LBYo"', 'Vary': 'Accept-Encoding', 'Content-Encoding': 'gzip', 'CF-Cache-Status': 'DYNAMIC', 'Report-To': '{"endpoints":[{"url":"https:\\/\\/a.nel.cloudflare.com\\/report\\/v4?s=92yECGwPaL3uPff6p5rgtLHq8D6%2BXYPXEuVyGxDSbNA0VMOtyIObdDuYPeHgCXwM%2FWz1bJhcnxDkFV5b3RIwwseEtQ8kDKiC4%2F3Jd7t5qLbVtA2jwNPzYmR5IYjpPLON"}],"group":"cf-nel","max_age":604800}', 'NEL': '{"success_fraction":0,"report_to":"cf-nel","max_age":604800}', 'Server': 'cloudflare', 'CF-RAY': '88cf77c29ad2cfc4-SJC', 'alt-svc': 'h3=":443"; ma=86400'} 
 body={"results":[{"gender":"male","name":{"title":"Mr","first":"Walter","last":"Lowe"},"location":{"street":{"number":849,"name":"W Campbell Ave"},"city":"Mobile","state":"Nevada","country":"United States","postcode":75496,"coordinates":{"latitude":"81.9071","longitude":"-145.4020"},"timezone":{"offset":"-3:30","description":"Newfoundland"}},"email":"walter.lowe@example.com","login":{"uuid":"f841e98b-1d7d-4fd1-96c7-ac3e20d84d20","username":"silverkoala711","password":"harbor","salt":"e1B281eh","md5":"1b764728b622574772dbf1e72014d785","sha1":"d120fdf5b5665cfa6f4263b3d07cfdae4f076df1","sha256":"c6d043bd7b58ade440025ca16da70dfcd6f6b34108d24fd3d055d879885da79e"},"dob":{"date":"1990-04-10T09:50:59.842Z","age":34},"registered":{"date":"2006-12-30T04:51:58.669Z","age":17},"phone":"(308) 628-1071","cell":"(738) 706-7755","id":{"name":"SSN","value":"414-44-9993"},"picture":{"large":"https://randomuser.me/api/portraits/men/90.jpg","medium":"https://randomuser.me/api/portraits/med/men/90.jpg","thumbnail":"https://randomuser.me/api/portraits/thumb/men/90.jpg"},"nat":"US"}],"info":{"seed":"48f94bdeb7b27756","results":1,"page":1,"version":"1.4"}} 
 </msg>
<msg time="2024-06-01T13:14:37.939142" level="INFO">/opt/hostedtoolcache/Python/3.12.3/x64/lib/python3.12/site-packages/urllib3/connectionpool.py:1103: InsecureRequestWarning: Unverified HTTPS request is being made to host 'randomuser.me'. Adding certificate verification is strongly advised. See: https://urllib3.readthedocs.io/en/latest/advanced-usage.html#tls-warnings
  warnings.warn(</msg>
<msg time="2024-06-01T13:14:37.939287" level="INFO">${response} = &lt;Response [200]&gt;</msg>
<var>${response}</var>
<arg>consultarAPI</arg>
<arg>/api</arg>
<doc>Sends a GET request on a previously created HTTP Session.</doc>
<status status="PASS" start="2024-06-01T13:14:37.855510" elapsed="0.083837"/>
</kw>
<kw name="Set Variable" owner="BuiltIn">
<msg time="2024-06-01T13:14:37.940527" level="INFO">${json_data} = {'results': [{'gender': 'male', 'name': {'title': 'Mr', 'first': 'Walter', 'last': 'Lowe'}, 'location': {'street': {'number': 849, 'name': 'W Campbell Ave'}, 'city': 'Mobile', 'state': 'Nevada', 'coun...</msg>
<var>${json_data}</var>
<arg>${response.json()}</arg>
<doc>Returns the given values which can then be assigned to a variables.</doc>
<status status="PASS" start="2024-06-01T13:14:37.939940" elapsed="0.000616"/>
</kw>
<kw name="Log" owner="BuiltIn">
<msg time="2024-06-01T13:14:37.941036" level="INFO">{'results': [{'gender': 'male', 'name': {'title': 'Mr', 'first': 'Walter', 'last': 'Lowe'}, 'location': {'street': {'number': 849, 'name': 'W Campbell Ave'}, 'city': 'Mobile', 'state': 'Nevada', 'country': 'United States', 'postcode': 75496, 'coordinates': {'latitude': '81.9071', 'longitude': '-145.4020'}, 'timezone': {'offset': '-3:30', 'description': 'Newfoundland'}}, 'email': 'walter.lowe@example.com', 'login': {'uuid': 'f841e98b-1d7d-4fd1-96c7-ac3e20d84d20', 'username': 'silverkoala711', 'password': 'harbor', 'salt': 'e1B281eh', 'md5': '1b764728b622574772dbf1e72014d785', 'sha1': 'd120fdf5b5665cfa6f4263b3d07cfdae4f076df1', 'sha256': 'c6d043bd7b58ade440025ca16da70dfcd6f6b34108d24fd3d055d879885da79e'}, 'dob': {'date': '1990-04-10T09:50:59.842Z', 'age': 34}, 'registered': {'date': '2006-12-30T04:51:58.669Z', 'age': 17}, 'phone': '(308) 628-1071', 'cell': '(738) 706-7755', 'id': {'name': 'SSN', 'value': '414-44-9993'}, 'picture': {'large': 'https://randomuser.me/api/portraits/men/90.jpg', 'medium': 'https://randomuser.me/api/portraits/med/men/90.jpg', 'thumbnail': 'https://randomuser.me/api/portraits/thumb/men/90.jpg'}, 'nat': 'US'}], 'info': {'seed': '48f94bdeb7b27756', 'results': 1, 'page': 1, 'version': '1.4'}}</msg>
<arg>${json_data}</arg>
<doc>Logs the given message with the given level.</doc>
<status status="PASS" start="2024-06-01T13:14:37.940876" elapsed="0.000246"/>
</kw>
<kw name="Should Be Equal As Numbers" owner="BuiltIn">
<arg>${json_data['results'][0]['location']['postcode']}</arg>
<arg>${json_data['results'][0]['location']['postcode']}</arg>
<doc>Fails if objects are unequal after converting them to real numbers.</doc>
<status status="PASS" start="2024-06-01T13:14:37.941486" elapsed="0.000640"/>
</kw>
<kw name="Log" owner="BuiltIn">
<msg time="2024-06-01T13:14:37.942673" level="INFO">75496</msg>
<arg>${json_data['results'][0]['location']['postcode']}</arg>
<doc>Logs the given message with the given level.</doc>
<status status="PASS" start="2024-06-01T13:14:37.942328" elapsed="0.000386"/>
</kw>
<status status="PASS" start="2024-06-01T13:14:37.855271" elapsed="0.087707"/>
</kw>
<doc>Testa se os tipos de dados na resposta da API estão corretos.</doc>
<tag>testeTiposDados</tag>
<status status="PASS" start="2024-06-01T13:14:37.739417" elapsed="0.203739"/>
</test>
<test id="s1-s1-t5" name="Validar conteudo" line="35">
<kw name="Teste de Tipos de Conteudo" owner="random-user-service">
<kw name="GET On Session" owner="RequestsLibrary">
<msg time="2024-06-01T13:14:38.037618" level="INFO">GET Request : url=https://randomuser.me/api 
 path_url=/api 
 headers={'User-Agent': 'python-requests/2.32.3', 'Accept-Encoding': 'gzip, deflate', 'Accept': '*/*', 'Connection': 'keep-alive'} 
 body=None 
 </msg>
<msg time="2024-06-01T13:14:38.037711" level="INFO">GET Response : url=https://randomuser.me/api 
 status=200, reason=OK 
 headers={'Date': 'Sat, 01 Jun 2024 13:14:38 GMT', 'Content-Type': 'application/json; charset=utf-8', 'Transfer-Encoding': 'chunked', 'Connection': 'keep-alive', 'X-Powered-By': 'Express', 'Access-Control-Allow-Origin': '*', 'Cache-Control': 'no-cache', 'ETag': 'W/"49e-iPhgUU7Jzu4BF8AG5gGSa2mWv/I"', 'Vary': 'Accept-Encoding', 'Content-Encoding': 'gzip', 'CF-Cache-Status': 'DYNAMIC', 'Report-To': '{"endpoints":[{"url":"https:\\/\\/a.nel.cloudflare.com\\/report\\/v4?s=oL3cg8cQ5lK3HVvPHFOgI5YHYDVfyeH%2FjZl96xV12pIlxEj9rhXMgPUZnCxBuy%2BQtXH5ruXwz5cwX67pNP4xFEA9nTODBryexvRnyqs4P%2FCzVBqermOROzXjBJX1lmID"}],"group":"cf-nel","max_age":604800}', 'NEL': '{"success_fraction":0,"report_to":"cf-nel","max_age":604800}', 'Server': 'cloudflare', 'CF-RAY': '88cf77c32b50cfc4-SJC', 'alt-svc': 'h3=":443"; ma=86400'} 
 body={"results":[{"gender":"female","name":{"title":"Mrs","first":"Elli","last":"Lehtonen"},"location":{"street":{"number":5301,"name":"Nordenskiöldinkatu"},"city":"Loviisa","state":"Kainuu","country":"Finland","postcode":26112,"coordinates":{"latitude":"-23.7730","longitude":"161.8058"},"timezone":{"offset":"+1:00","description":"Brussels, Copenhagen, Madrid, Paris"}},"email":"elli.lehtonen@example.com","login":{"uuid":"27778773-2be1-4103-8e67-53cd5ee83194","username":"heavyfrog278","password":"highway","salt":"S7ffbot4","md5":"d6331bfcaf89ad88c31b8cbf7a460589","sha1":"14439972424bf6b7ccdab3cc5044cf99591bac27","sha256":"206c6bc50db36bb492c383b865783b021b10fb270d7b65389fa8cc723f65ef39"},"dob":{"date":"1988-10-23T04:12:42.651Z","age":35},"registered":{"date":"2019-11-04T12:56:08.402Z","age":4},"phone":"09-852-163","cell":"046-614-04-69","id":{"name":"HETU","value":"NaNNA176undefined"},"picture":{"large":"https://randomuser.me/api/portraits/women/36.jpg","medium":"https://randomuser.me/api/portraits/med/women/36.jpg","thumbnail":"https://randomuser.me/api/portraits/thumb/women/36.jpg"},"nat":"FI"}],"info":{"seed":"c7f4179f4b56b0e4","results":1,"page":1,"version":"1.4"}} 
 </msg>
<msg time="2024-06-01T13:14:38.037778" level="INFO">/opt/hostedtoolcache/Python/3.12.3/x64/lib/python3.12/site-packages/urllib3/connectionpool.py:1103: InsecureRequestWarning: Unverified HTTPS request is being made to host 'randomuser.me'. Adding certificate verification is strongly advised. See: https://urllib3.readthedocs.io/en/latest/advanced-usage.html#tls-warnings
  warnings.warn(</msg>
<msg time="2024-06-01T13:14:38.037893" level="INFO">${response} = &lt;Response [200]&gt;</msg>
<var>${response}</var>
<arg>consultarAPI</arg>
<arg>/api</arg>
<doc>Sends a GET request on a previously created HTTP Session.</doc>
<status status="PASS" start="2024-06-01T13:14:37.946077" elapsed="0.091844"/>
</kw>
<kw name="Set Variable" owner="BuiltIn">
<msg time="2024-06-01T13:14:38.038951" level="INFO">${json_data} = {'results': [{'gender': 'female', 'name': {'title': 'Mrs', 'first': 'Elli', 'last': 'Lehtonen'}, 'location': {'street': {'number': 5301, 'name': 'Nordenskiöldinkatu'}, 'city': 'Loviisa', 'state': 'Kai...</msg>
<var>${json_data}</var>
<arg>${response.json()}</arg>
<doc>Returns the given values which can then be assigned to a variables.</doc>
<status status="PASS" start="2024-06-01T13:14:38.038443" elapsed="0.000541"/>
</kw>
<kw name="Set Variable" owner="BuiltIn">
<msg time="2024-06-01T13:14:38.039678" level="INFO">${name_title} = Mrs</msg>
<var>${name_title}</var>
<arg>${json_data["results"][0]["name"]["title"]}</arg>
<doc>Returns the given values which can then be assigned to a variables.</doc>
<status status="PASS" start="2024-06-01T13:14:38.039292" elapsed="0.000411"/>
</kw>
<kw name="Create List" owner="BuiltIn">
<msg time="2024-06-01T13:14:38.040161" level="INFO">${allowed_titles} = ['Mr', 'Ms', 'Miss', 'Mrs', 'Madame', 'Monsieur']</msg>
<var>${allowed_titles}</var>
<arg>Mr</arg>
<arg>Ms</arg>
<arg>Miss</arg>
<arg>Mrs</arg>
<arg>Madame</arg>
<arg>Monsieur</arg>
<doc>Returns a list containing given items.</doc>
<status status="PASS" start="2024-06-01T13:14:38.040012" elapsed="0.000174"/>
</kw>
<kw name="List Should Contain Value" owner="Collections">
<msg time="2024-06-01T13:14:38.040672" level="INFO">False</msg>
<arg>${allowed_titles}</arg>
<arg>${name_title}</arg>
<doc>Fails if the ``value`` is not found from ``list``.</doc>
<status status="PASS" start="2024-06-01T13:14:38.040497" elapsed="0.000212"/>
</kw>
<kw name="Set Variable" owner="BuiltIn">
<msg time="2024-06-01T13:14:38.041596" level="INFO">${name_country} = FI</msg>
<var>${name_country}</var>
<arg>${json_data["results"][0]["nat"]}</arg>
<doc>Returns the given values which can then be assigned to a variables.</doc>
<status status="PASS" start="2024-06-01T13:14:38.041001" elapsed="0.000630"/>
</kw>
<kw name="Create List" owner="BuiltIn">
<msg time="2024-06-01T13:14:38.042555" level="INFO">${list_country} = ['AD', 'AE', 'AF', 'AG', 'AI', 'AL', 'AM', 'AO', 'AQ', 'AR', 'AS', 'AT', 'AU', 'AW', 'AX', 'AZ', 'BA', 'BB', 'BD', 'BE', 'BF', 'BG', 'BH', 'BI', 'BJ', 'BL', 'BM', 'BN', 'BO', 'BQ', 'BR', 'BS', 'BT', '...</msg>
<var>${list_country}</var>
<arg>AD</arg>
<arg>AE</arg>
<arg>AF</arg>
<arg>AG</arg>
<arg>AI</arg>
<arg>AL</arg>
<arg>AM</arg>
<arg>AO</arg>
<arg>AQ</arg>
<arg>AR</arg>
<arg>AS</arg>
<arg>AT</arg>
<arg>AU</arg>
<arg>AW</arg>
<arg>AX</arg>
<arg>AZ</arg>
<arg>BA</arg>
<arg>BB</arg>
<arg>BD</arg>
<arg>BE</arg>
<arg>BF</arg>
<arg>BG</arg>
<arg>BH</arg>
<arg>BI</arg>
<arg>BJ</arg>
<arg>BL</arg>
<arg>BM</arg>
<arg>BN</arg>
<arg>BO</arg>
<arg>BQ</arg>
<arg>BR</arg>
<arg>BS</arg>
<arg>BT</arg>
<arg>BV</arg>
<arg>BW</arg>
<arg>BY</arg>
<arg>BZ</arg>
<arg>CA</arg>
<arg>CC</arg>
<arg>CD</arg>
<arg>CF</arg>
<arg>CG</arg>
<arg>CH</arg>
<arg>CI</arg>
<arg>CK</arg>
<arg>CL</arg>
<arg>CM</arg>
<arg>CN</arg>
<arg>CO</arg>
<arg>CR</arg>
<arg>CU</arg>
<arg>CV</arg>
<arg>CW</arg>
<arg>CX</arg>
<arg>CY</arg>
<arg>CZ</arg>
<arg>DE</arg>
<arg>DJ</arg>
<arg>DK</arg>
<arg>DM</arg>
<arg>DO</arg>
<arg>DZ</arg>
<arg>EC</arg>
<arg>EE</arg>
<arg>EG</arg>
<arg>EH</arg>
<arg>ER</arg>
<arg>ES</arg>
<arg>ET</arg>
<arg>FI</arg>
<arg>FJ</arg>
<arg>FK</arg>
<arg>FM</arg>
<arg>FO</arg>
<arg>FR</arg>
<arg>GA</arg>
<arg>GB</arg>
<arg>GD</arg>
<arg>GE</arg>
<arg>GF</arg>
<arg>GG</arg>
<arg>GH</arg>
<arg>GI</arg>
<arg>GL</arg>
<arg>GM</arg>
<arg>GN</arg>
<arg>GP</arg>
<arg>GQ</arg>
<arg>GR</arg>
<arg>GS</arg>
<arg>GT</arg>
<arg>GU</arg>
<arg>GW</arg>
<arg>GY</arg>
<arg>HK</arg>
<arg>HM</arg>
<arg>HN</arg>
<arg>HR</arg>
<arg>HT</arg>
<arg>HU</arg>
<arg>ID</arg>
<arg>IE</arg>
<arg>IL</arg>
<arg>IM</arg>
<arg>IN</arg>
<arg>IO</arg>
<arg>IQ</arg>
<arg>IR</arg>
<arg>IS</arg>
<arg>IT</arg>
<arg>JE</arg>
<arg>JM</arg>
<arg>JO</arg>
<arg>JP</arg>
<arg>KE</arg>
<arg>KG</arg>
<arg>KH</arg>
<arg>KI</arg>
<arg>KM</arg>
<arg>KN</arg>
<arg>KP</arg>
<arg>KR</arg>
<arg>KW</arg>
<arg>KY</arg>
<arg>KZ</arg>
<arg>LA</arg>
<arg>LB</arg>
<arg>LC</arg>
<arg>LI</arg>
<arg>LK</arg>
<arg>LR</arg>
<arg>LS</arg>
<arg>LT</arg>
<arg>LU</arg>
<arg>LV</arg>
<arg>LY</arg>
<arg>MA</arg>
<arg>MC</arg>
<arg>MD</arg>
<arg>ME</arg>
<arg>MF</arg>
<arg>MG</arg>
<arg>MH</arg>
<arg>MK</arg>
<arg>ML</arg>
<arg>MM</arg>
<arg>MN</arg>
<arg>MO</arg>
<arg>MP</arg>
<arg>MQ</arg>
<arg>MR</arg>
<arg>MS</arg>
<arg>MT</arg>
<arg>MU</arg>
<arg>MV</arg>
<arg>MW</arg>
<arg>MX</arg>
<arg>MY</arg>
<arg>MZ</arg>
<arg>NA</arg>
<arg>NC</arg>
<arg>NE</arg>
<arg>NF</arg>
<arg>NG</arg>
<arg>NI</arg>
<arg>NL</arg>
<arg>NO</arg>
<arg>NP</arg>
<arg>NR</arg>
<arg>NU</arg>
<arg>NZ</arg>
<arg>OM</arg>
<arg>PA</arg>
<arg>PE</arg>
<arg>PF</arg>
<arg>PG</arg>
<arg>PH</arg>
<arg>PK</arg>
<arg>PL</arg>
<arg>PM</arg>
<arg>PN</arg>
<arg>PR</arg>
<arg>PS</arg>
<arg>PT</arg>
<arg>PW</arg>
<arg>PY</arg>
<arg>QA</arg>
<arg>RE</arg>
<arg>RO</arg>
<arg>RS</arg>
<arg>RU</arg>
<arg>RW</arg>
<arg>SA</arg>
<arg>SB</arg>
<arg>SC</arg>
<arg>SD</arg>
<arg>SE</arg>
<arg>SG</arg>
<arg>SH</arg>
<arg>SI</arg>
<arg>SJ</arg>
<arg>SK</arg>
<arg>SL</arg>
<arg>SM</arg>
<arg>SN</arg>
<arg>SO</arg>
<arg>SR</arg>
<arg>SS</arg>
<arg>ST</arg>
<arg>SV</arg>
<arg>SX</arg>
<arg>SY</arg>
<arg>SZ</arg>
<arg>TC</arg>
<arg>TD</arg>
<arg>TF</arg>
<arg>TG</arg>
<arg>TH</arg>
<arg>TJ</arg>
<arg>TK</arg>
<arg>TL</arg>
<arg>TM</arg>
<arg>TN</arg>
<arg>TO</arg>
<arg>TR</arg>
<arg>TT</arg>
<arg>TV</arg>
<arg>TW</arg>
<arg>TZ</arg>
<arg>UA</arg>
<arg>UG</arg>
<arg>UM</arg>
<arg>US</arg>
<arg>UY</arg>
<arg>UZ</arg>
<arg>VA</arg>
<arg>VC</arg>
<arg>VE</arg>
<arg>VG</arg>
<arg>VI</arg>
<arg>VN</arg>
<arg>VU</arg>
<arg>WF</arg>
<arg>WS</arg>
<arg>XK</arg>
<arg>YE</arg>
<arg>YT</arg>
<arg>ZA</arg>
<arg>ZM</arg>
<arg>ZW</arg>
<doc>Returns a list containing given items.</doc>
<status status="PASS" start="2024-06-01T13:14:38.041956" elapsed="0.000624"/>
</kw>
<kw name="List Should Contain Value" owner="Collections">
<msg time="2024-06-01T13:14:38.043567" level="INFO">False</msg>
<arg>${list_country}</arg>
<arg>${name_country}</arg>
<doc>Fails if the ``value`` is not found from ``list``.</doc>
<status status="PASS" start="2024-06-01T13:14:38.043364" elapsed="0.000240"/>
</kw>
<kw name="Run Keyword If" owner="BuiltIn">
<kw name="Should Be True" owner="BuiltIn">
<arg>${True}</arg>
<doc>Fails if the given condition is not true.</doc>
<status status="PASS" start="2024-06-01T13:14:38.044690" elapsed="0.000147"/>
</kw>
<arg>${json_data["results"][0]["location"]["coordinates"]["latitude"]} &gt;= -90 and ${json_data["results"][0]["location"]["coordinates"]["latitude"]} &lt;= 90</arg>
<arg>Should Be True</arg>
<arg>${True}</arg>
<doc>Runs the given keyword with the given arguments, if ``condition`` is true.</doc>
<status status="PASS" start="2024-06-01T13:14:38.043925" elapsed="0.001039"/>
</kw>
<kw name="Run Keyword If" owner="BuiltIn">
<kw name="Should Be True" owner="BuiltIn">
<arg>${True}</arg>
<doc>Fails if the given condition is not true.</doc>
<status status="PASS" start="2024-06-01T13:14:38.045877" elapsed="0.000138"/>
</kw>
<arg>${json_data["results"][0]["location"]["coordinates"]["longitude"]} &gt;= -180 and ${json_data["results"][0]["location"]["coordinates"]["longitude"]} &lt;= 180</arg>
<arg>Should Be True</arg>
<arg>${True}</arg>
<doc>Runs the given keyword with the given arguments, if ``condition`` is true.</doc>
<status status="PASS" start="2024-06-01T13:14:38.045154" elapsed="0.000982"/>
</kw>
<status status="PASS" start="2024-06-01T13:14:37.945686" elapsed="0.100582"/>
</kw>
<doc>Testa o conteúdo específico dos campos retornados pela API.</doc>
<tag>testeConteudo</tag>
<status status="PASS" start="2024-06-01T13:14:37.944956" elapsed="0.101464"/>
</test>
<status status="PASS" start="2024-06-01T13:14:37.142850" elapsed="0.905561"/>
</suite>
<status status="PASS" start="2024-06-01T13:14:37.129263" elapsed="0.924592"/>
</suite>
<statistics>
<total>
<stat pass="5" fail="0" skip="0">All Tests</stat>
</total>
<tag>
<stat pass="1" fail="0" skip="0">testeConteudo</stat>
<stat pass="1" fail="0" skip="0">testeEstruturaResposta</stat>
<stat pass="1" fail="0" skip="0">testeRequisicaoBasica</stat>
<stat pass="1" fail="0" skip="0">testeTiposDados</stat>
</tag>
<suite>
<stat pass="5" fail="0" skip="0" id="s1" name="Tests">Tests</stat>
<stat pass="5" fail="0" skip="0" id="s1-s1" name="Random-User-Test">Tests.Random-User-Test</stat>
</suite>
</statistics>
<errors>
</errors>
</robot>
