<?xml version="1.0" encoding="UTF-8"?>
<robot generator="Robot 7.0.1 (Python 3.12.4 on linux)" generated="2024-07-02T17:16:41.509054" rpa="false" schemaversion="5">
<suite id="s1" name="Tests" source="/home/runner/work/ApiRandomUser/ApiRandomUser/RamdonUser/tests">
<suite id="s1-s1" name="Random-User-Test" source="/home/runner/work/ApiRandomUser/ApiRandomUser/RamdonUser/tests/random-user-test.robot">
<test id="s1-s1-t1" name="Conectar" line="13">
<kw name="Conectar API" owner="random-user-service">
<kw name="Create Session" owner="RequestsLibrary">
<msg time="2024-07-02T17:16:41.928176" level="INFO">Creating Session using : alias=consultarAPI, url=https://randomuser.me/, headers={},                     cookies={}, auth=None, timeout=None, proxies=None, verify=False,                     debug=0 </msg>
<arg>consultarAPI</arg>
<arg>${URL}</arg>
<doc>Create Session: create a HTTP session to a server</doc>
<status status="PASS" start="2024-07-02T17:16:41.927950" elapsed="0.000423"/>
</kw>
<status status="PASS" start="2024-07-02T17:16:41.926913" elapsed="0.001842"/>
</kw>
<status status="PASS" start="2024-07-02T17:16:41.926247" elapsed="0.002706"/>
</test>
<test id="s1-s1-t2" name="Validar retorno 200 e JSON Válido" line="16">
<kw name="Teste de Requisicao Basica" owner="random-user-service">
<kw name="GET On Session" owner="RequestsLibrary">
<msg time="2024-07-02T17:16:42.161102" level="INFO">GET Request : url=https://randomuser.me/api 
 path_url=/api 
 headers={'User-Agent': 'python-requests/2.32.3', 'Accept-Encoding': 'gzip, deflate', 'Accept': '*/*', 'Connection': 'keep-alive'} 
 body=None 
 </msg>
<msg time="2024-07-02T17:16:42.161260" level="INFO">GET Response : url=https://randomuser.me/api 
 status=200, reason=OK 
 headers={'Date': 'Tue, 02 Jul 2024 17:16:42 GMT', 'Content-Type': 'application/json; charset=utf-8', 'Transfer-Encoding': 'chunked', 'Connection': 'keep-alive', 'X-Powered-By': 'Express', 'Access-Control-Allow-Origin': '*', 'Cache-Control': 'no-cache', 'ETag': 'W/"4b6-HxdtvJ9aChmxt3qx/4IU1NPAFrw"', 'Vary': 'Accept-Encoding', 'Content-Encoding': 'gzip', 'CF-Cache-Status': 'DYNAMIC', 'Report-To': '{"endpoints":[{"url":"https:\\/\\/a.nel.cloudflare.com\\/report\\/v4?s=WII3Z0D%2BZC552zwJ14lVLS9rY1%2Fzp8MVPc%2B24mzbXDPHL5Ln4I5YUv9Zjb0iLtmAp48acW1NGnp%2BaX7jKzR6QJLVQkFTSiNRcD10dR%2F9XFcQT3Nr4AxJjSlF6D0WKhR8"}],"group":"cf-nel","max_age":604800}', 'NEL': '{"success_fraction":0,"report_to":"cf-nel","max_age":604800}', 'Server': 'cloudflare', 'CF-RAY': '89d048fb5f654314-EWR', 'alt-svc': 'h3=":443"; ma=86400'} 
 body={"results":[{"gender":"female","name":{"title":"Mrs","first":"Lilja","last":"Perko"},"location":{"street":{"number":1569,"name":"Aleksanterinkatu"},"city":"Lappajärvi","state":"Central Ostrobothnia","country":"Finland","postcode":24985,"coordinates":{"latitude":"-29.1862","longitude":"49.1961"},"timezone":{"offset":"0:00","description":"Western Europe Time, London, Lisbon, Casablanca"}},"email":"lilja.perko@example.com","login":{"uuid":"7b572061-204e-438d-a715-1a9daf951ee2","username":"greenbutterfly687","password":"audio","salt":"as6pG26C","md5":"8f63b9e1b8516cb744f93df7937bb65c","sha1":"15b181be622898c6666f0532cde1945e7af94d52","sha256":"00357bff5be1df3e445230f5a3c6dfdad4417b0b6f14129f5061a65f0384b47e"},"dob":{"date":"1978-05-04T11:25:24.963Z","age":46},"registered":{"date":"2018-10-28T09:28:27.940Z","age":5},"phone":"09-631-981","cell":"044-198-67-00","id":{"name":"HETU","value":"NaNNA532undefined"},"picture":{"large":"https://randomuser.me/api/portraits/women/66.jpg","medium":"https://randomuser.me/api/portraits/med/women/66.jpg","thumbnail":"https://randomuser.me/api/portraits/thumb/women/66.jpg"},"nat":"FI"}],"info":{"seed":"866e3e319680ab35","results":1,"page":1,"version":"1.4"}} 
 </msg>
<msg time="2024-07-02T17:16:42.161353" level="INFO">/opt/hostedtoolcache/Python/3.12.4/x64/lib/python3.12/site-packages/urllib3/connectionpool.py:1099: InsecureRequestWarning: Unverified HTTPS request is being made to host 'randomuser.me'. Adding certificate verification is strongly advised. See: https://urllib3.readthedocs.io/en/latest/advanced-usage.html#tls-warnings
  warnings.warn(</msg>
<msg time="2024-07-02T17:16:42.161508" level="INFO">${response} = &lt;Response [200]&gt;</msg>
<var>${response}</var>
<arg>consultarAPI</arg>
<arg>/api</arg>
<doc>Sends a GET request on a previously created HTTP Session.</doc>
<status status="PASS" start="2024-07-02T17:16:41.931630" elapsed="0.229924"/>
</kw>
<kw name="Should Be Equal As Numbers" owner="BuiltIn">
<msg time="2024-07-02T17:16:42.162620" level="INFO">Argument types are:
&lt;class 'int'&gt;
&lt;class 'str'&gt;</msg>
<arg>${response.status_code}</arg>
<arg>200</arg>
<doc>Fails if objects are unequal after converting them to real numbers.</doc>
<status status="PASS" start="2024-07-02T17:16:42.162126" elapsed="0.000567"/>
</kw>
<kw name="Log" owner="BuiltIn">
<msg time="2024-07-02T17:16:42.163368" level="INFO">200</msg>
<arg>${response.status_code}</arg>
<doc>Logs the given message with the given level.</doc>
<status status="PASS" start="2024-07-02T17:16:42.163018" elapsed="0.000393"/>
</kw>
<kw name="Set Variable" owner="BuiltIn">
<msg time="2024-07-02T17:16:42.164205" level="INFO">${json_data} = {'results': [{'gender': 'female', 'name': {'title': 'Mrs', 'first': 'Lilja', 'last': 'Perko'}, 'location': {'street': {'number': 1569, 'name': 'Aleksanterinkatu'}, 'city': 'Lappajärvi', 'state': 'Cent...</msg>
<var>${json_data}</var>
<arg>${response.json()}</arg>
<doc>Returns the given values which can then be assigned to a variables.</doc>
<status status="PASS" start="2024-07-02T17:16:42.163715" elapsed="0.000520"/>
</kw>
<kw name="Dictionary Should Contain Key" owner="Collections">
<arg>${json_data}</arg>
<arg>results</arg>
<doc>Fails if ``key`` is not found from ``dictionary``.</doc>
<status status="PASS" start="2024-07-02T17:16:42.164540" elapsed="0.000167"/>
</kw>
<status status="PASS" start="2024-07-02T17:16:41.931380" elapsed="0.233481"/>
</kw>
<doc>Testa se a API responde corretamente e retorna um objeto JSON válido.</doc>
<tag>testeRequisicaoBasica</tag>
<status status="PASS" start="2024-07-02T17:16:41.930852" elapsed="0.234191"/>
</test>
<test id="s1-s1-t3" name="Validar estrutura de resposta" line="22">
<kw name="Teste de Estrutura de Resposta" owner="random-user-service">
<kw name="GET On Session" owner="RequestsLibrary">
<msg time="2024-07-02T17:16:42.260769" level="INFO">GET Request : url=https://randomuser.me/api 
 path_url=/api 
 headers={'User-Agent': 'python-requests/2.32.3', 'Accept-Encoding': 'gzip, deflate', 'Accept': '*/*', 'Connection': 'keep-alive'} 
 body=None 
 </msg>
<msg time="2024-07-02T17:16:42.260875" level="INFO">GET Response : url=https://randomuser.me/api 
 status=200, reason=OK 
 headers={'Date': 'Tue, 02 Jul 2024 17:16:42 GMT', 'Content-Type': 'application/json; charset=utf-8', 'Transfer-Encoding': 'chunked', 'Connection': 'keep-alive', 'X-Powered-By': 'Express', 'Access-Control-Allow-Origin': '*', 'Cache-Control': 'no-cache', 'ETag': 'W/"4b3-LZjfrKhYmEUqaL3a9LRaPutGAgQ"', 'Vary': 'Accept-Encoding', 'Content-Encoding': 'gzip', 'CF-Cache-Status': 'DYNAMIC', 'Report-To': '{"endpoints":[{"url":"https:\\/\\/a.nel.cloudflare.com\\/report\\/v4?s=8RVgsfdls7UA3Lm7dLvgK2Y9z8uxeOppTwoJXbdyJMcTBsd3m3Y4R6AVv9E5qi4E33PST%2BQeiyNxyF3pqymLd54qGWmJ3TIYKyvuhld0fg9QsnzQiD0Z1UvQ7hj5HZUP"}],"group":"cf-nel","max_age":604800}', 'NEL': '{"success_fraction":0,"report_to":"cf-nel","max_age":604800}', 'Server': 'cloudflare', 'CF-RAY': '89d048fb9fa74314-EWR', 'alt-svc': 'h3=":443"; ma=86400'} 
 body={"results":[{"gender":"female","name":{"title":"Miss","first":"Milla","last":"Karjala"},"location":{"street":{"number":9290,"name":"Nordenskiöldinkatu"},"city":"Kärkölä","state":"Southern Savonia","country":"Finland","postcode":53732,"coordinates":{"latitude":"-26.6567","longitude":"67.3226"},"timezone":{"offset":"+3:00","description":"Baghdad, Riyadh, Moscow, St. Petersburg"}},"email":"milla.karjala@example.com","login":{"uuid":"9438e76d-794b-4fda-b47d-cd197519da79","username":"ticklishsnake855","password":"hockey","salt":"JpT01Q8r","md5":"d4a18066ad724ece82ed6cb45fd532f0","sha1":"b7aba270e8105ef7b4014bf9121cc6fdf65ed95a","sha256":"b94f57047278cd1c6abf50c17cdf0b45606de1ea473b7bd092439fc0b838c746"},"dob":{"date":"1951-04-11T17:08:08.002Z","age":73},"registered":{"date":"2013-09-25T17:30:22.216Z","age":10},"phone":"04-058-645","cell":"044-646-45-94","id":{"name":"HETU","value":"NaNNA508undefined"},"picture":{"large":"https://randomuser.me/api/portraits/women/43.jpg","medium":"https://randomuser.me/api/portraits/med/women/43.jpg","thumbnail":"https://randomuser.me/api/portraits/thumb/women/43.jpg"},"nat":"FI"}],"info":{"seed":"3cb29a65b97555cb","results":1,"page":1,"version":"1.4"}} 
 </msg>
<msg time="2024-07-02T17:16:42.261035" level="INFO">/opt/hostedtoolcache/Python/3.12.4/x64/lib/python3.12/site-packages/urllib3/connectionpool.py:1099: InsecureRequestWarning: Unverified HTTPS request is being made to host 'randomuser.me'. Adding certificate verification is strongly advised. See: https://urllib3.readthedocs.io/en/latest/advanced-usage.html#tls-warnings
  warnings.warn(</msg>
<msg time="2024-07-02T17:16:42.261204" level="INFO">${response} = &lt;Response [200]&gt;</msg>
<var>${response}</var>
<arg>consultarAPI</arg>
<arg>/api</arg>
<doc>Sends a GET request on a previously created HTTP Session.</doc>
<status status="PASS" start="2024-07-02T17:16:42.167705" elapsed="0.093544"/>
</kw>
<kw name="Set Variable" owner="BuiltIn">
<msg time="2024-07-02T17:16:42.262423" level="INFO">${json_data} = {'results': [{'gender': 'female', 'name': {'title': 'Miss', 'first': 'Milla', 'last': 'Karjala'}, 'location': {'street': {'number': 9290, 'name': 'Nordenskiöldinkatu'}, 'city': 'Kärkölä', 'state': 'So...</msg>
<var>${json_data}</var>
<arg>${response.json()}</arg>
<doc>Returns the given values which can then be assigned to a variables.</doc>
<status status="PASS" start="2024-07-02T17:16:42.261858" elapsed="0.000595"/>
</kw>
<kw name="Log" owner="BuiltIn">
<msg time="2024-07-02T17:16:42.262931" level="INFO">{'results': [{'gender': 'female', 'name': {'title': 'Miss', 'first': 'Milla', 'last': 'Karjala'}, 'location': {'street': {'number': 9290, 'name': 'Nordenskiöldinkatu'}, 'city': 'Kärkölä', 'state': 'Southern Savonia', 'country': 'Finland', 'postcode': 53732, 'coordinates': {'latitude': '-26.6567', 'longitude': '67.3226'}, 'timezone': {'offset': '+3:00', 'description': 'Baghdad, Riyadh, Moscow, St. Petersburg'}}, 'email': 'milla.karjala@example.com', 'login': {'uuid': '9438e76d-794b-4fda-b47d-cd197519da79', 'username': 'ticklishsnake855', 'password': 'hockey', 'salt': 'JpT01Q8r', 'md5': 'd4a18066ad724ece82ed6cb45fd532f0', 'sha1': 'b7aba270e8105ef7b4014bf9121cc6fdf65ed95a', 'sha256': 'b94f57047278cd1c6abf50c17cdf0b45606de1ea473b7bd092439fc0b838c746'}, 'dob': {'date': '1951-04-11T17:08:08.002Z', 'age': 73}, 'registered': {'date': '2013-09-25T17:30:22.216Z', 'age': 10}, 'phone': '04-058-645', 'cell': '044-646-45-94', 'id': {'name': 'HETU', 'value': 'NaNNA508undefined'}, 'picture': {'large': 'https://randomuser.me/api/portraits/women/43.jpg', 'medium': 'https://randomuser.me/api/portraits/med/women/43.jpg', 'thumbnail': 'https://randomuser.me/api/portraits/thumb/women/43.jpg'}, 'nat': 'FI'}], 'info': {'seed': '3cb29a65b97555cb', 'results': 1, 'page': 1, 'version': '1.4'}}</msg>
<arg>${json_data}</arg>
<doc>Logs the given message with the given level.</doc>
<status status="PASS" start="2024-07-02T17:16:42.262768" elapsed="0.000214"/>
</kw>
<kw name="Dictionary Should Contain Key" owner="Collections">
<arg>${json_data}</arg>
<arg>results</arg>
<doc>Fails if ``key`` is not found from ``dictionary``.</doc>
<status status="PASS" start="2024-07-02T17:16:42.263279" elapsed="0.000166"/>
</kw>
<kw name="Should Not Be Empty" owner="BuiltIn">
<msg time="2024-07-02T17:16:42.263765" level="INFO">Length is 2.</msg>
<arg>${json_data}</arg>
<doc>Verifies that the given item is not empty.</doc>
<status status="PASS" start="2024-07-02T17:16:42.263632" elapsed="0.000173"/>
</kw>
<kw name="Create List" owner="BuiltIn">
<msg time="2024-07-02T17:16:42.264327" level="INFO">${expected_keys} = ['gender', 'name', 'location', 'email', 'login']</msg>
<var>${expected_keys}</var>
<arg>gender</arg>
<arg>name</arg>
<arg>location</arg>
<arg>email</arg>
<arg>login</arg>
<doc>Returns a list containing given items.</doc>
<status status="PASS" start="2024-07-02T17:16:42.264172" elapsed="0.000181"/>
</kw>
<for flavor="IN">
<iter>
<kw name="Dictionary Should Contain Key" owner="Collections">
<arg>${json_data['results'][0]}</arg>
<arg>${key}</arg>
<doc>Fails if ``key`` is not found from ``dictionary``.</doc>
<status status="PASS" start="2024-07-02T17:16:42.265106" elapsed="0.000405"/>
</kw>
<kw name="Log" owner="BuiltIn">
<msg time="2024-07-02T17:16:42.266065" level="INFO">{'gender': 'female', 'name': {'title': 'Miss', 'first': 'Milla', 'last': 'Karjala'}, 'location': {'street': {'number': 9290, 'name': 'Nordenskiöldinkatu'}, 'city': 'Kärkölä', 'state': 'Southern Savonia', 'country': 'Finland', 'postcode': 53732, 'coordinates': {'latitude': '-26.6567', 'longitude': '67.3226'}, 'timezone': {'offset': '+3:00', 'description': 'Baghdad, Riyadh, Moscow, St. Petersburg'}}, 'email': 'milla.karjala@example.com', 'login': {'uuid': '9438e76d-794b-4fda-b47d-cd197519da79', 'username': 'ticklishsnake855', 'password': 'hockey', 'salt': 'JpT01Q8r', 'md5': 'd4a18066ad724ece82ed6cb45fd532f0', 'sha1': 'b7aba270e8105ef7b4014bf9121cc6fdf65ed95a', 'sha256': 'b94f57047278cd1c6abf50c17cdf0b45606de1ea473b7bd092439fc0b838c746'}, 'dob': {'date': '1951-04-11T17:08:08.002Z', 'age': 73}, 'registered': {'date': '2013-09-25T17:30:22.216Z', 'age': 10}, 'phone': '04-058-645', 'cell': '044-646-45-94', 'id': {'name': 'HETU', 'value': 'NaNNA508undefined'}, 'picture': {'large': 'https://randomuser.me/api/portraits/women/43.jpg', 'medium': 'https://randomuser.me/api/portraits/med/women/43.jpg', 'thumbnail': 'https://randomuser.me/api/portraits/thumb/women/43.jpg'}, 'nat': 'FI'}</msg>
<arg>${json_data['results'][0]}</arg>
<doc>Logs the given message with the given level.</doc>
<status status="PASS" start="2024-07-02T17:16:42.265702" elapsed="0.000414"/>
</kw>
<kw name="Log" owner="BuiltIn">
<msg time="2024-07-02T17:16:42.266550" level="INFO">gender</msg>
<arg>${key}</arg>
<doc>Logs the given message with the given level.</doc>
<status status="PASS" start="2024-07-02T17:16:42.266420" elapsed="0.000170"/>
</kw>
<var name="${key}">gender</var>
<status status="PASS" start="2024-07-02T17:16:42.264979" elapsed="0.001831"/>
</iter>
<iter>
<kw name="Dictionary Should Contain Key" owner="Collections">
<arg>${json_data['results'][0]}</arg>
<arg>${key}</arg>
<doc>Fails if ``key`` is not found from ``dictionary``.</doc>
<status status="PASS" start="2024-07-02T17:16:42.267109" elapsed="0.000390"/>
</kw>
<kw name="Log" owner="BuiltIn">
<msg time="2024-07-02T17:16:42.268135" level="INFO">{'gender': 'female', 'name': {'title': 'Miss', 'first': 'Milla', 'last': 'Karjala'}, 'location': {'street': {'number': 9290, 'name': 'Nordenskiöldinkatu'}, 'city': 'Kärkölä', 'state': 'Southern Savonia', 'country': 'Finland', 'postcode': 53732, 'coordinates': {'latitude': '-26.6567', 'longitude': '67.3226'}, 'timezone': {'offset': '+3:00', 'description': 'Baghdad, Riyadh, Moscow, St. Petersburg'}}, 'email': 'milla.karjala@example.com', 'login': {'uuid': '9438e76d-794b-4fda-b47d-cd197519da79', 'username': 'ticklishsnake855', 'password': 'hockey', 'salt': 'JpT01Q8r', 'md5': 'd4a18066ad724ece82ed6cb45fd532f0', 'sha1': 'b7aba270e8105ef7b4014bf9121cc6fdf65ed95a', 'sha256': 'b94f57047278cd1c6abf50c17cdf0b45606de1ea473b7bd092439fc0b838c746'}, 'dob': {'date': '1951-04-11T17:08:08.002Z', 'age': 73}, 'registered': {'date': '2013-09-25T17:30:22.216Z', 'age': 10}, 'phone': '04-058-645', 'cell': '044-646-45-94', 'id': {'name': 'HETU', 'value': 'NaNNA508undefined'}, 'picture': {'large': 'https://randomuser.me/api/portraits/women/43.jpg', 'medium': 'https://randomuser.me/api/portraits/med/women/43.jpg', 'thumbnail': 'https://randomuser.me/api/portraits/thumb/women/43.jpg'}, 'nat': 'FI'}</msg>
<arg>${json_data['results'][0]}</arg>
<doc>Logs the given message with the given level.</doc>
<status status="PASS" start="2024-07-02T17:16:42.267716" elapsed="0.000471"/>
</kw>
<kw name="Log" owner="BuiltIn">
<msg time="2024-07-02T17:16:42.268618" level="INFO">name</msg>
<arg>${key}</arg>
<doc>Logs the given message with the given level.</doc>
<status status="PASS" start="2024-07-02T17:16:42.268490" elapsed="0.000166"/>
</kw>
<var name="${key}">name</var>
<status status="PASS" start="2024-07-02T17:16:42.266999" elapsed="0.001874"/>
</iter>
<iter>
<kw name="Dictionary Should Contain Key" owner="Collections">
<arg>${json_data['results'][0]}</arg>
<arg>${key}</arg>
<doc>Fails if ``key`` is not found from ``dictionary``.</doc>
<status status="PASS" start="2024-07-02T17:16:42.269166" elapsed="0.000380"/>
</kw>
<kw name="Log" owner="BuiltIn">
<msg time="2024-07-02T17:16:42.270079" level="INFO">{'gender': 'female', 'name': {'title': 'Miss', 'first': 'Milla', 'last': 'Karjala'}, 'location': {'street': {'number': 9290, 'name': 'Nordenskiöldinkatu'}, 'city': 'Kärkölä', 'state': 'Southern Savonia', 'country': 'Finland', 'postcode': 53732, 'coordinates': {'latitude': '-26.6567', 'longitude': '67.3226'}, 'timezone': {'offset': '+3:00', 'description': 'Baghdad, Riyadh, Moscow, St. Petersburg'}}, 'email': 'milla.karjala@example.com', 'login': {'uuid': '9438e76d-794b-4fda-b47d-cd197519da79', 'username': 'ticklishsnake855', 'password': 'hockey', 'salt': 'JpT01Q8r', 'md5': 'd4a18066ad724ece82ed6cb45fd532f0', 'sha1': 'b7aba270e8105ef7b4014bf9121cc6fdf65ed95a', 'sha256': 'b94f57047278cd1c6abf50c17cdf0b45606de1ea473b7bd092439fc0b838c746'}, 'dob': {'date': '1951-04-11T17:08:08.002Z', 'age': 73}, 'registered': {'date': '2013-09-25T17:30:22.216Z', 'age': 10}, 'phone': '04-058-645', 'cell': '044-646-45-94', 'id': {'name': 'HETU', 'value': 'NaNNA508undefined'}, 'picture': {'large': 'https://randomuser.me/api/portraits/women/43.jpg', 'medium': 'https://randomuser.me/api/portraits/med/women/43.jpg', 'thumbnail': 'https://randomuser.me/api/portraits/thumb/women/43.jpg'}, 'nat': 'FI'}</msg>
<arg>${json_data['results'][0]}</arg>
<doc>Logs the given message with the given level.</doc>
<status status="PASS" start="2024-07-02T17:16:42.269729" elapsed="0.000399"/>
</kw>
<kw name="Log" owner="BuiltIn">
<msg time="2024-07-02T17:16:42.270556" level="INFO">location</msg>
<arg>${key}</arg>
<doc>Logs the given message with the given level.</doc>
<status status="PASS" start="2024-07-02T17:16:42.270428" elapsed="0.000166"/>
</kw>
<var name="${key}">location</var>
<status status="PASS" start="2024-07-02T17:16:42.269050" elapsed="0.001758"/>
</iter>
<iter>
<kw name="Dictionary Should Contain Key" owner="Collections">
<arg>${json_data['results'][0]}</arg>
<arg>${key}</arg>
<doc>Fails if ``key`` is not found from ``dictionary``.</doc>
<status status="PASS" start="2024-07-02T17:16:42.271085" elapsed="0.000385"/>
</kw>
<kw name="Log" owner="BuiltIn">
<msg time="2024-07-02T17:16:42.272055" level="INFO">{'gender': 'female', 'name': {'title': 'Miss', 'first': 'Milla', 'last': 'Karjala'}, 'location': {'street': {'number': 9290, 'name': 'Nordenskiöldinkatu'}, 'city': 'Kärkölä', 'state': 'Southern Savonia', 'country': 'Finland', 'postcode': 53732, 'coordinates': {'latitude': '-26.6567', 'longitude': '67.3226'}, 'timezone': {'offset': '+3:00', 'description': 'Baghdad, Riyadh, Moscow, St. Petersburg'}}, 'email': 'milla.karjala@example.com', 'login': {'uuid': '9438e76d-794b-4fda-b47d-cd197519da79', 'username': 'ticklishsnake855', 'password': 'hockey', 'salt': 'JpT01Q8r', 'md5': 'd4a18066ad724ece82ed6cb45fd532f0', 'sha1': 'b7aba270e8105ef7b4014bf9121cc6fdf65ed95a', 'sha256': 'b94f57047278cd1c6abf50c17cdf0b45606de1ea473b7bd092439fc0b838c746'}, 'dob': {'date': '1951-04-11T17:08:08.002Z', 'age': 73}, 'registered': {'date': '2013-09-25T17:30:22.216Z', 'age': 10}, 'phone': '04-058-645', 'cell': '044-646-45-94', 'id': {'name': 'HETU', 'value': 'NaNNA508undefined'}, 'picture': {'large': 'https://randomuser.me/api/portraits/women/43.jpg', 'medium': 'https://randomuser.me/api/portraits/med/women/43.jpg', 'thumbnail': 'https://randomuser.me/api/portraits/thumb/women/43.jpg'}, 'nat': 'FI'}</msg>
<arg>${json_data['results'][0]}</arg>
<doc>Logs the given message with the given level.</doc>
<status status="PASS" start="2024-07-02T17:16:42.271652" elapsed="0.000454"/>
</kw>
<kw name="Log" owner="BuiltIn">
<msg time="2024-07-02T17:16:42.272539" level="INFO">email</msg>
<arg>${key}</arg>
<doc>Logs the given message with the given level.</doc>
<status status="PASS" start="2024-07-02T17:16:42.272412" elapsed="0.000167"/>
</kw>
<var name="${key}">email</var>
<status status="PASS" start="2024-07-02T17:16:42.270979" elapsed="0.001821"/>
</iter>
<iter>
<kw name="Dictionary Should Contain Key" owner="Collections">
<arg>${json_data['results'][0]}</arg>
<arg>${key}</arg>
<doc>Fails if ``key`` is not found from ``dictionary``.</doc>
<status status="PASS" start="2024-07-02T17:16:42.273085" elapsed="0.000385"/>
</kw>
<kw name="Log" owner="BuiltIn">
<msg time="2024-07-02T17:16:42.274014" level="INFO">{'gender': 'female', 'name': {'title': 'Miss', 'first': 'Milla', 'last': 'Karjala'}, 'location': {'street': {'number': 9290, 'name': 'Nordenskiöldinkatu'}, 'city': 'Kärkölä', 'state': 'Southern Savonia', 'country': 'Finland', 'postcode': 53732, 'coordinates': {'latitude': '-26.6567', 'longitude': '67.3226'}, 'timezone': {'offset': '+3:00', 'description': 'Baghdad, Riyadh, Moscow, St. Petersburg'}}, 'email': 'milla.karjala@example.com', 'login': {'uuid': '9438e76d-794b-4fda-b47d-cd197519da79', 'username': 'ticklishsnake855', 'password': 'hockey', 'salt': 'JpT01Q8r', 'md5': 'd4a18066ad724ece82ed6cb45fd532f0', 'sha1': 'b7aba270e8105ef7b4014bf9121cc6fdf65ed95a', 'sha256': 'b94f57047278cd1c6abf50c17cdf0b45606de1ea473b7bd092439fc0b838c746'}, 'dob': {'date': '1951-04-11T17:08:08.002Z', 'age': 73}, 'registered': {'date': '2013-09-25T17:30:22.216Z', 'age': 10}, 'phone': '04-058-645', 'cell': '044-646-45-94', 'id': {'name': 'HETU', 'value': 'NaNNA508undefined'}, 'picture': {'large': 'https://randomuser.me/api/portraits/women/43.jpg', 'medium': 'https://randomuser.me/api/portraits/med/women/43.jpg', 'thumbnail': 'https://randomuser.me/api/portraits/thumb/women/43.jpg'}, 'nat': 'FI'}</msg>
<arg>${json_data['results'][0]}</arg>
<doc>Logs the given message with the given level.</doc>
<status status="PASS" start="2024-07-02T17:16:42.273652" elapsed="0.000413"/>
</kw>
<kw name="Log" owner="BuiltIn">
<msg time="2024-07-02T17:16:42.274488" level="INFO">login</msg>
<arg>${key}</arg>
<doc>Logs the given message with the given level.</doc>
<status status="PASS" start="2024-07-02T17:16:42.274361" elapsed="0.000165"/>
</kw>
<var name="${key}">login</var>
<status status="PASS" start="2024-07-02T17:16:42.272971" elapsed="0.001777"/>
</iter>
<var>${key}</var>
<value>@{expected_keys}</value>
<status status="PASS" start="2024-07-02T17:16:42.264778" elapsed="0.010117"/>
</for>
<kw name="Create List" owner="BuiltIn">
<msg time="2024-07-02T17:16:42.275229" level="INFO">${expected_keysTwo} = ['username', 'password']</msg>
<var>${expected_keysTwo}</var>
<arg>username</arg>
<arg>password</arg>
<doc>Returns a list containing given items.</doc>
<status status="PASS" start="2024-07-02T17:16:42.275092" elapsed="0.000161"/>
</kw>
<for flavor="IN">
<iter>
<kw name="Dictionary Should Contain Key" owner="Collections">
<arg>${json_data['results'][0]['login']}</arg>
<arg>${keyTwo}</arg>
<doc>Fails if ``key`` is not found from ``dictionary``.</doc>
<status status="PASS" start="2024-07-02T17:16:42.275756" elapsed="0.000424"/>
</kw>
<kw name="Dictionary Should Contain Key" owner="Collections">
<arg>${json_data['results'][0]['login']}</arg>
<arg>${keyTwo}</arg>
<doc>Fails if ``key`` is not found from ``dictionary``.</doc>
<status status="PASS" start="2024-07-02T17:16:42.276361" elapsed="0.000373"/>
</kw>
<kw name="Log" owner="BuiltIn">
<msg time="2024-07-02T17:16:42.277048" level="INFO">username</msg>
<arg>${keyTwo}</arg>
<doc>Logs the given message with the given level.</doc>
<status status="PASS" start="2024-07-02T17:16:42.276921" elapsed="0.000165"/>
</kw>
<var name="${keyTwo}">username</var>
<status status="PASS" start="2024-07-02T17:16:42.275648" elapsed="0.001662"/>
</iter>
<iter>
<kw name="Dictionary Should Contain Key" owner="Collections">
<arg>${json_data['results'][0]['login']}</arg>
<arg>${keyTwo}</arg>
<doc>Fails if ``key`` is not found from ``dictionary``.</doc>
<status status="PASS" start="2024-07-02T17:16:42.277585" elapsed="0.000382"/>
</kw>
<kw name="Dictionary Should Contain Key" owner="Collections">
<arg>${json_data['results'][0]['login']}</arg>
<arg>${keyTwo}</arg>
<doc>Fails if ``key`` is not found from ``dictionary``.</doc>
<status status="PASS" start="2024-07-02T17:16:42.278144" elapsed="0.000366"/>
</kw>
<kw name="Log" owner="BuiltIn">
<msg time="2024-07-02T17:16:42.278806" level="INFO">password</msg>
<arg>${keyTwo}</arg>
<doc>Logs the given message with the given level.</doc>
<status status="PASS" start="2024-07-02T17:16:42.278686" elapsed="0.000163"/>
</kw>
<var name="${keyTwo}">password</var>
<status status="PASS" start="2024-07-02T17:16:42.277480" elapsed="0.001591"/>
</iter>
<var>${keyTwo}</var>
<value>@{expected_keysTwo}</value>
<status status="PASS" start="2024-07-02T17:16:42.275493" elapsed="0.003703"/>
</for>
<status status="PASS" start="2024-07-02T17:16:42.167466" elapsed="0.111875"/>
</kw>
<doc>Testa a estrutura da resposta da API.</doc>
<tag>testeEstruturaResposta</tag>
<status status="PASS" start="2024-07-02T17:16:42.166908" elapsed="0.112590"/>
</test>
<test id="s1-s1-t4" name="Validar tipos de dados" line="28">
<kw name="Teste de Tipos de Dados" owner="random-user-service">
<kw name="GET On Session" owner="RequestsLibrary">
<msg time="2024-07-02T17:16:42.365368" level="INFO">GET Request : url=https://randomuser.me/api 
 path_url=/api 
 headers={'User-Agent': 'python-requests/2.32.3', 'Accept-Encoding': 'gzip, deflate', 'Accept': '*/*', 'Connection': 'keep-alive'} 
 body=None 
 </msg>
<msg time="2024-07-02T17:16:42.365443" level="INFO">GET Response : url=https://randomuser.me/api 
 status=200, reason=OK 
 headers={'Date': 'Tue, 02 Jul 2024 17:16:42 GMT', 'Content-Type': 'application/json; charset=utf-8', 'Transfer-Encoding': 'chunked', 'Connection': 'keep-alive', 'X-Powered-By': 'Express', 'Access-Control-Allow-Origin': '*', 'Cache-Control': 'no-cache', 'ETag': 'W/"499-aGJillZK6qQgeAzj4+JvGEtloMg"', 'Vary': 'Accept-Encoding', 'Content-Encoding': 'gzip', 'CF-Cache-Status': 'DYNAMIC', 'Report-To': '{"endpoints":[{"url":"https:\\/\\/a.nel.cloudflare.com\\/report\\/v4?s=fLbwGOFz8JLvyQcAt1wJ%2FKte32gGRxA8m%2B8l2Ti6ShnACqByMOpEUbXcwchkEnoiS0XeVV7fhisZLbgZsF8zmmKHQco3dgoMbknq9DGWoJ49yGdF4kLB6u1jbklMYxwy"}],"group":"cf-nel","max_age":604800}', 'NEL': '{"success_fraction":0,"report_to":"cf-nel","max_age":604800}', 'Server': 'cloudflare', 'CF-RAY': '89d048fc48864314-EWR', 'alt-svc': 'h3=":443"; ma=86400'} 
 body={"results":[{"gender":"male","name":{"title":"Mr","first":"Keith","last":"Clark"},"location":{"street":{"number":7764,"name":"Westheimer Rd"},"city":"Melbourne","state":"Northern Territory","country":"Australia","postcode":7133,"coordinates":{"latitude":"-85.3683","longitude":"-34.9370"},"timezone":{"offset":"+5:00","description":"Ekaterinburg, Islamabad, Karachi, Tashkent"}},"email":"keith.clark@example.com","login":{"uuid":"92bcf940-6b9b-439b-8d04-b9ebd66d1020","username":"angryfish728","password":"skeeter","salt":"zTJTmJSp","md5":"bfb10d0832878fae92619fdb70e11905","sha1":"ee0b345f562ca6163eea2b9336c4cc1e6028efc1","sha256":"b688d6b07fb0a7f3672e4b94723fdbc29d3d3475a8b088067cab1abde3f82361"},"dob":{"date":"1977-10-28T00:50:03.346Z","age":46},"registered":{"date":"2020-06-19T02:09:25.536Z","age":4},"phone":"08-4380-0108","cell":"0413-586-130","id":{"name":"TFN","value":"150344860"},"picture":{"large":"https://randomuser.me/api/portraits/men/71.jpg","medium":"https://randomuser.me/api/portraits/med/men/71.jpg","thumbnail":"https://randomuser.me/api/portraits/thumb/men/71.jpg"},"nat":"AU"}],"info":{"seed":"7245740c21f60d4c","results":1,"page":1,"version":"1.4"}} 
 </msg>
<msg time="2024-07-02T17:16:42.365511" level="INFO">/opt/hostedtoolcache/Python/3.12.4/x64/lib/python3.12/site-packages/urllib3/connectionpool.py:1099: InsecureRequestWarning: Unverified HTTPS request is being made to host 'randomuser.me'. Adding certificate verification is strongly advised. See: https://urllib3.readthedocs.io/en/latest/advanced-usage.html#tls-warnings
  warnings.warn(</msg>
<msg time="2024-07-02T17:16:42.365609" level="INFO">${response} = &lt;Response [200]&gt;</msg>
<var>${response}</var>
<arg>consultarAPI</arg>
<arg>/api</arg>
<doc>Sends a GET request on a previously created HTTP Session.</doc>
<status status="PASS" start="2024-07-02T17:16:42.282095" elapsed="0.083545"/>
</kw>
<kw name="Set Variable" owner="BuiltIn">
<msg time="2024-07-02T17:16:42.366567" level="INFO">${json_data} = {'results': [{'gender': 'male', 'name': {'title': 'Mr', 'first': 'Keith', 'last': 'Clark'}, 'location': {'street': {'number': 7764, 'name': 'Westheimer Rd'}, 'city': 'Melbourne', 'state': 'Northern Te...</msg>
<var>${json_data}</var>
<arg>${response.json()}</arg>
<doc>Returns the given values which can then be assigned to a variables.</doc>
<status status="PASS" start="2024-07-02T17:16:42.366068" elapsed="0.000528"/>
</kw>
<kw name="Log" owner="BuiltIn">
<msg time="2024-07-02T17:16:42.367062" level="INFO">{'results': [{'gender': 'male', 'name': {'title': 'Mr', 'first': 'Keith', 'last': 'Clark'}, 'location': {'street': {'number': 7764, 'name': 'Westheimer Rd'}, 'city': 'Melbourne', 'state': 'Northern Territory', 'country': 'Australia', 'postcode': 7133, 'coordinates': {'latitude': '-85.3683', 'longitude': '-34.9370'}, 'timezone': {'offset': '+5:00', 'description': 'Ekaterinburg, Islamabad, Karachi, Tashkent'}}, 'email': 'keith.clark@example.com', 'login': {'uuid': '92bcf940-6b9b-439b-8d04-b9ebd66d1020', 'username': 'angryfish728', 'password': 'skeeter', 'salt': 'zTJTmJSp', 'md5': 'bfb10d0832878fae92619fdb70e11905', 'sha1': 'ee0b345f562ca6163eea2b9336c4cc1e6028efc1', 'sha256': 'b688d6b07fb0a7f3672e4b94723fdbc29d3d3475a8b088067cab1abde3f82361'}, 'dob': {'date': '1977-10-28T00:50:03.346Z', 'age': 46}, 'registered': {'date': '2020-06-19T02:09:25.536Z', 'age': 4}, 'phone': '08-4380-0108', 'cell': '0413-586-130', 'id': {'name': 'TFN', 'value': '150344860'}, 'picture': {'large': 'https://randomuser.me/api/portraits/men/71.jpg', 'medium': 'https://randomuser.me/api/portraits/med/men/71.jpg', 'thumbnail': 'https://randomuser.me/api/portraits/thumb/men/71.jpg'}, 'nat': 'AU'}], 'info': {'seed': '7245740c21f60d4c', 'results': 1, 'page': 1, 'version': '1.4'}}</msg>
<arg>${json_data}</arg>
<doc>Logs the given message with the given level.</doc>
<status status="PASS" start="2024-07-02T17:16:42.366909" elapsed="0.000202"/>
</kw>
<kw name="Should Be String" owner="String">
<arg>${json_data['results'][0]['gender']}</arg>
<doc>Fails if the given ``item`` is not a string.</doc>
<status status="PASS" start="2024-07-02T17:16:42.367410" elapsed="0.000394"/>
</kw>
<kw name="Should Match Regexp" owner="BuiltIn">
<arg>${json_data['results'][0]['email']}</arg>
<arg>^[a-zA-Z0-9._%+-]+@[a-zA-Z0-9.-]+\.[a-zA-Z]{2,}$</arg>
<doc>Fails if ``string`` does not match ``pattern`` as a regular expression.</doc>
<status status="PASS" start="2024-07-02T17:16:42.368048" elapsed="0.000537"/>
</kw>
<kw name="Should Match Regexp" owner="BuiltIn">
<arg>${json_data['results'][0]['dob']['date']}</arg>
<arg>\\d{4}-\\d{2}-\\d{2}T\\d{2}:\\d{2}:\\d{2}\\.\\d{3}Z</arg>
<doc>Fails if ``string`` does not match ``pattern`` as a regular expression.</doc>
<status status="PASS" start="2024-07-02T17:16:42.368779" elapsed="0.000487"/>
</kw>
<kw name="Should Match Regexp" owner="BuiltIn">
<arg>${json_data['results'][0]['registered']['date']}</arg>
<arg>\\d{4}-\\d{2}-\\d{2}T\\d{2}:\\d{2}:\\d{2}\\.\\d{3}Z</arg>
<doc>Fails if ``string`` does not match ``pattern`` as a regular expression.</doc>
<status status="PASS" start="2024-07-02T17:16:42.369456" elapsed="0.000376"/>
</kw>
<kw name="Should Match Regexp" owner="BuiltIn">
<arg>${json_data['results'][0]['picture']['large']}</arg>
<arg>^https?://.*\.(?:png|jpe?g|gif|bmp)$</arg>
<doc>Fails if ``string`` does not match ``pattern`` as a regular expression.</doc>
<status status="PASS" start="2024-07-02T17:16:42.370017" elapsed="0.000452"/>
</kw>
<kw name="Should Match Regexp" owner="BuiltIn">
<arg>${json_data['results'][0]['picture']['medium']}</arg>
<arg>^https?://.*\.(?:png|jpe?g|gif|bmp)$</arg>
<doc>Fails if ``string`` does not match ``pattern`` as a regular expression.</doc>
<status status="PASS" start="2024-07-02T17:16:42.370658" elapsed="0.000356"/>
</kw>
<kw name="Should Match Regexp" owner="BuiltIn">
<arg>${json_data['results'][0]['picture']['thumbnail']}</arg>
<arg>^https?://.*\.(?:png|jpe?g|gif|bmp)$</arg>
<doc>Fails if ``string`` does not match ``pattern`` as a regular expression.</doc>
<status status="PASS" start="2024-07-02T17:16:42.371201" elapsed="0.000352"/>
</kw>
<kw name="Log" owner="BuiltIn">
<msg time="2024-07-02T17:16:42.372094" level="INFO">{'large': 'https://randomuser.me/api/portraits/men/71.jpg', 'medium': 'https://randomuser.me/api/portraits/med/men/71.jpg', 'thumbnail': 'https://randomuser.me/api/portraits/thumb/men/71.jpg'}</msg>
<arg>${json_data['results'][0]['picture']}</arg>
<doc>Logs the given message with the given level.</doc>
<status status="PASS" start="2024-07-02T17:16:42.371738" elapsed="0.000399"/>
</kw>
<status status="PASS" start="2024-07-02T17:16:42.281866" elapsed="0.090529"/>
</kw>
<kw name="Teste de Tipos de Dados - Postcode" owner="random-user-service">
<kw name="GET On Session" owner="RequestsLibrary">
<msg time="2024-07-02T17:16:42.461331" level="INFO">GET Request : url=https://randomuser.me/api 
 path_url=/api 
 headers={'User-Agent': 'python-requests/2.32.3', 'Accept-Encoding': 'gzip, deflate', 'Accept': '*/*', 'Connection': 'keep-alive'} 
 body=None 
 </msg>
<msg time="2024-07-02T17:16:42.461412" level="INFO">GET Response : url=https://randomuser.me/api 
 status=200, reason=OK 
 headers={'Date': 'Tue, 02 Jul 2024 17:16:42 GMT', 'Content-Type': 'application/json; charset=utf-8', 'Transfer-Encoding': 'chunked', 'Connection': 'keep-alive', 'X-Powered-By': 'Express', 'Access-Control-Allow-Origin': '*', 'Cache-Control': 'no-cache', 'ETag': 'W/"47f-8s5gFLn2yPKitseRu1oofNShnIU"', 'Vary': 'Accept-Encoding', 'Content-Encoding': 'gzip', 'CF-Cache-Status': 'DYNAMIC', 'Report-To': '{"endpoints":[{"url":"https:\\/\\/a.nel.cloudflare.com\\/report\\/v4?s=3W8EjSJdcBKq%2Bh0UNjcyUG6aflUM2VWsqI9au62hZ%2B7EhvuKJnoJTa9EIChxYm1Ir%2BXxqOB8FjD2ugpe1CxW4fg%2B7n%2B9zE8ZSEerIHxKRgxJA3NJsMBq3arIGBBpUWDH"}],"group":"cf-nel","max_age":604800}', 'NEL': '{"success_fraction":0,"report_to":"cf-nel","max_age":604800}', 'Server': 'cloudflare', 'CF-RAY': '89d048fcd93b4314-EWR', 'alt-svc': 'h3=":443"; ma=86400'} 
 body={"results":[{"gender":"female","name":{"title":"Miss","first":"Ülkü","last":"Keseroğlu"},"location":{"street":{"number":7287,"name":"Atatürk Sk"},"city":"Ağrı","state":"Aydın","country":"Turkey","postcode":32996,"coordinates":{"latitude":"65.7349","longitude":"94.5964"},"timezone":{"offset":"+6:00","description":"Almaty, Dhaka, Colombo"}},"email":"ulku.keseroglu@example.com","login":{"uuid":"e70cb001-4e27-4133-85ba-13e862284da4","username":"redbutterfly288","password":"piper","salt":"4kBfnmtt","md5":"acbec490c8d425d6928ec346f4ccaf99","sha1":"b48d97e64f2d2497afb5590e2c607b929ed651a4","sha256":"dd0db81d3fc922c8e2951aed5be8143f6d462ad37310571d0458f4311b1fb783"},"dob":{"date":"1996-04-07T06:34:30.353Z","age":28},"registered":{"date":"2013-06-30T00:17:31.928Z","age":11},"phone":"(115)-286-2002","cell":"(199)-955-8244","id":{"name":"","value":null},"picture":{"large":"https://randomuser.me/api/portraits/women/37.jpg","medium":"https://randomuser.me/api/portraits/med/women/37.jpg","thumbnail":"https://randomuser.me/api/portraits/thumb/women/37.jpg"},"nat":"TR"}],"info":{"seed":"5bd44cb217291bc0","results":1,"page":1,"version":"1.4"}} 
 </msg>
<msg time="2024-07-02T17:16:42.461483" level="INFO">/opt/hostedtoolcache/Python/3.12.4/x64/lib/python3.12/site-packages/urllib3/connectionpool.py:1099: InsecureRequestWarning: Unverified HTTPS request is being made to host 'randomuser.me'. Adding certificate verification is strongly advised. See: https://urllib3.readthedocs.io/en/latest/advanced-usage.html#tls-warnings
  warnings.warn(</msg>
<msg time="2024-07-02T17:16:42.461589" level="INFO">${response} = &lt;Response [200]&gt;</msg>
<var>${response}</var>
<arg>consultarAPI</arg>
<arg>/api</arg>
<doc>Sends a GET request on a previously created HTTP Session.</doc>
<status status="PASS" start="2024-07-02T17:16:42.372838" elapsed="0.088792"/>
</kw>
<kw name="Set Variable" owner="BuiltIn">
<msg time="2024-07-02T17:16:42.462878" level="INFO">${json_data} = {'results': [{'gender': 'female', 'name': {'title': 'Miss', 'first': 'Ülkü', 'last': 'Keseroğlu'}, 'location': {'street': {'number': 7287, 'name': 'Atatürk Sk'}, 'city': 'Ağrı', 'state': 'Aydın', 'cou...</msg>
<var>${json_data}</var>
<arg>${response.json()}</arg>
<doc>Returns the given values which can then be assigned to a variables.</doc>
<status status="PASS" start="2024-07-02T17:16:42.462213" elapsed="0.000697"/>
</kw>
<kw name="Log" owner="BuiltIn">
<msg time="2024-07-02T17:16:42.463389" level="INFO">{'results': [{'gender': 'female', 'name': {'title': 'Miss', 'first': 'Ülkü', 'last': 'Keseroğlu'}, 'location': {'street': {'number': 7287, 'name': 'Atatürk Sk'}, 'city': 'Ağrı', 'state': 'Aydın', 'country': 'Turkey', 'postcode': 32996, 'coordinates': {'latitude': '65.7349', 'longitude': '94.5964'}, 'timezone': {'offset': '+6:00', 'description': 'Almaty, Dhaka, Colombo'}}, 'email': 'ulku.keseroglu@example.com', 'login': {'uuid': 'e70cb001-4e27-4133-85ba-13e862284da4', 'username': 'redbutterfly288', 'password': 'piper', 'salt': '4kBfnmtt', 'md5': 'acbec490c8d425d6928ec346f4ccaf99', 'sha1': 'b48d97e64f2d2497afb5590e2c607b929ed651a4', 'sha256': 'dd0db81d3fc922c8e2951aed5be8143f6d462ad37310571d0458f4311b1fb783'}, 'dob': {'date': '1996-04-07T06:34:30.353Z', 'age': 28}, 'registered': {'date': '2013-06-30T00:17:31.928Z', 'age': 11}, 'phone': '(115)-286-2002', 'cell': '(199)-955-8244', 'id': {'name': '', 'value': None}, 'picture': {'large': 'https://randomuser.me/api/portraits/women/37.jpg', 'medium': 'https://randomuser.me/api/portraits/med/women/37.jpg', 'thumbnail': 'https://randomuser.me/api/portraits/thumb/women/37.jpg'}, 'nat': 'TR'}], 'info': {'seed': '5bd44cb217291bc0', 'results': 1, 'page': 1, 'version': '1.4'}}</msg>
<arg>${json_data}</arg>
<doc>Logs the given message with the given level.</doc>
<status status="PASS" start="2024-07-02T17:16:42.463224" elapsed="0.000217"/>
</kw>
<kw name="Should Be Equal As Numbers" owner="BuiltIn">
<arg>${json_data['results'][0]['location']['postcode']}</arg>
<arg>${json_data['results'][0]['location']['postcode']}</arg>
<doc>Fails if objects are unequal after converting them to real numbers.</doc>
<status status="PASS" start="2024-07-02T17:16:42.463741" elapsed="0.000666"/>
</kw>
<kw name="Log" owner="BuiltIn">
<msg time="2024-07-02T17:16:42.464974" level="INFO">32996</msg>
<arg>${json_data['results'][0]['location']['postcode']}</arg>
<doc>Logs the given message with the given level.</doc>
<status status="PASS" start="2024-07-02T17:16:42.464634" elapsed="0.000381"/>
</kw>
<status status="PASS" start="2024-07-02T17:16:42.372613" elapsed="0.092654"/>
</kw>
<doc>Testa se os tipos de dados na resposta da API estão corretos.</doc>
<tag>testeTiposDados</tag>
<status status="PASS" start="2024-07-02T17:16:42.281295" elapsed="0.184135"/>
</test>
<test id="s1-s1-t5" name="Validar conteudo" line="35">
<kw name="Teste de Tipos de Conteudo" owner="random-user-service">
<kw name="GET On Session" owner="RequestsLibrary">
<msg time="2024-07-02T17:16:42.568163" level="INFO">GET Request : url=https://randomuser.me/api 
 path_url=/api 
 headers={'User-Agent': 'python-requests/2.32.3', 'Accept-Encoding': 'gzip, deflate', 'Accept': '*/*', 'Connection': 'keep-alive'} 
 body=None 
 </msg>
<msg time="2024-07-02T17:16:42.568284" level="INFO">GET Response : url=https://randomuser.me/api 
 status=200, reason=OK 
 headers={'Date': 'Tue, 02 Jul 2024 17:16:42 GMT', 'Content-Type': 'application/json; charset=utf-8', 'Transfer-Encoding': 'chunked', 'Connection': 'keep-alive', 'X-Powered-By': 'Express', 'Access-Control-Allow-Origin': '*', 'Cache-Control': 'no-cache', 'ETag': 'W/"488-Jg5/kvje2MpIDEZmCe0CtbyOqv0"', 'Vary': 'Accept-Encoding', 'Content-Encoding': 'gzip', 'CF-Cache-Status': 'DYNAMIC', 'Report-To': '{"endpoints":[{"url":"https:\\/\\/a.nel.cloudflare.com\\/report\\/v4?s=KfRJ6Or2wmrbgpK%2B0Vnx31o7Y1Z7qz2baJjzGst%2B%2F2XCltD9MxDRfKElOxJ9IfoGG3VZJMpIe8GAKYVwda5IXdOFBfo6IYHPUi%2BtYqEcKJrDtJY%2Bi38Utlwer43U43KQ"}],"group":"cf-nel","max_age":604800}', 'NEL': '{"success_fraction":0,"report_to":"cf-nel","max_age":604800}', 'Server': 'cloudflare', 'CF-RAY': '89d048fd79dc4314-EWR', 'alt-svc': 'h3=":443"; ma=86400'} 
 body={"results":[{"gender":"male","name":{"title":"Mr","first":"Luis","last":"Siefert"},"location":{"street":{"number":3688,"name":"Kirchplatz"},"city":"Neustadt In Sachsen","state":"Sachsen-Anhalt","country":"Germany","postcode":13457,"coordinates":{"latitude":"-53.7203","longitude":"-12.7935"},"timezone":{"offset":"+9:30","description":"Adelaide, Darwin"}},"email":"luis.siefert@example.com","login":{"uuid":"ade589d0-61e5-4d17-9412-452732b7f9e9","username":"bigdog376","password":"cookies","salt":"Be3wZeCZ","md5":"d3007ef4e5fb66f628b7ed00f6d374a7","sha1":"1197a431b0ce6ca5629e93baeec4512dba83478e","sha256":"82b52432a962a6ccfb02d700b7c6bb0db857499889c001d1858a2f1201e4e124"},"dob":{"date":"1965-07-01T03:55:55.062Z","age":59},"registered":{"date":"2005-07-10T04:30:32.055Z","age":18},"phone":"0217-4969619","cell":"0172-3574774","id":{"name":"SVNR","value":"54 300665 S 113"},"picture":{"large":"https://randomuser.me/api/portraits/men/48.jpg","medium":"https://randomuser.me/api/portraits/med/men/48.jpg","thumbnail":"https://randomuser.me/api/portraits/thumb/men/48.jpg"},"nat":"DE"}],"info":{"seed":"0355617e07da47fe","results":1,"page":1,"version":"1.4"}} 
 </msg>
<msg time="2024-07-02T17:16:42.568416" level="INFO">/opt/hostedtoolcache/Python/3.12.4/x64/lib/python3.12/site-packages/urllib3/connectionpool.py:1099: InsecureRequestWarning: Unverified HTTPS request is being made to host 'randomuser.me'. Adding certificate verification is strongly advised. See: https://urllib3.readthedocs.io/en/latest/advanced-usage.html#tls-warnings
  warnings.warn(</msg>
<msg time="2024-07-02T17:16:42.568575" level="INFO">${response} = &lt;Response [200]&gt;</msg>
<var>${response}</var>
<arg>consultarAPI</arg>
<arg>/api</arg>
<doc>Sends a GET request on a previously created HTTP Session.</doc>
<status status="PASS" start="2024-07-02T17:16:42.468127" elapsed="0.100500"/>
</kw>
<kw name="Set Variable" owner="BuiltIn">
<msg time="2024-07-02T17:16:42.569676" level="INFO">${json_data} = {'results': [{'gender': 'male', 'name': {'title': 'Mr', 'first': 'Luis', 'last': 'Siefert'}, 'location': {'street': {'number': 3688, 'name': 'Kirchplatz'}, 'city': 'Neustadt In Sachsen', 'state': 'Sac...</msg>
<var>${json_data}</var>
<arg>${response.json()}</arg>
<doc>Returns the given values which can then be assigned to a variables.</doc>
<status status="PASS" start="2024-07-02T17:16:42.569180" elapsed="0.000524"/>
</kw>
<kw name="Set Variable" owner="BuiltIn">
<msg time="2024-07-02T17:16:42.570385" level="INFO">${name_title} = Mr</msg>
<var>${name_title}</var>
<arg>${json_data["results"][0]["name"]["title"]}</arg>
<doc>Returns the given values which can then be assigned to a variables.</doc>
<status status="PASS" start="2024-07-02T17:16:42.570010" elapsed="0.000400"/>
</kw>
<kw name="Create List" owner="BuiltIn">
<msg time="2024-07-02T17:16:42.570856" level="INFO">${allowed_titles} = ['Mr', 'Ms', 'Miss', 'Mrs', 'Madame', 'Monsieur']</msg>
<var>${allowed_titles}</var>
<arg>Mr</arg>
<arg>Ms</arg>
<arg>Miss</arg>
<arg>Mrs</arg>
<arg>Madame</arg>
<arg>Monsieur</arg>
<doc>Returns a list containing given items.</doc>
<status status="PASS" start="2024-07-02T17:16:42.570707" elapsed="0.000173"/>
</kw>
<kw name="List Should Contain Value" owner="Collections">
<arg>${allowed_titles}</arg>
<arg>${name_title}</arg>
<doc>Fails if the ``value`` is not found from ``list``.</doc>
<status status="PASS" start="2024-07-02T17:16:42.571182" elapsed="0.000178"/>
</kw>
<kw name="Set Variable" owner="BuiltIn">
<msg time="2024-07-02T17:16:42.571940" level="INFO">${name_country} = DE</msg>
<var>${name_country}</var>
<arg>${json_data["results"][0]["nat"]}</arg>
<doc>Returns the given values which can then be assigned to a variables.</doc>
<status status="PASS" start="2024-07-02T17:16:42.571537" elapsed="0.000429"/>
</kw>
<kw name="Create List" owner="BuiltIn">
<msg time="2024-07-02T17:16:42.572854" level="INFO">${list_country} = ['AD', 'AE', 'AF', 'AG', 'AI', 'AL', 'AM', 'AO', 'AQ', 'AR', 'AS', 'AT', 'AU', 'AW', 'AX', 'AZ', 'BA', 'BB', 'BD', 'BE', 'BF', 'BG', 'BH', 'BI', 'BJ', 'BL', 'BM', 'BN', 'BO', 'BQ', 'BR', 'BS', 'BT', '...</msg>
<var>${list_country}</var>
<arg>AD</arg>
<arg>AE</arg>
<arg>AF</arg>
<arg>AG</arg>
<arg>AI</arg>
<arg>AL</arg>
<arg>AM</arg>
<arg>AO</arg>
<arg>AQ</arg>
<arg>AR</arg>
<arg>AS</arg>
<arg>AT</arg>
<arg>AU</arg>
<arg>AW</arg>
<arg>AX</arg>
<arg>AZ</arg>
<arg>BA</arg>
<arg>BB</arg>
<arg>BD</arg>
<arg>BE</arg>
<arg>BF</arg>
<arg>BG</arg>
<arg>BH</arg>
<arg>BI</arg>
<arg>BJ</arg>
<arg>BL</arg>
<arg>BM</arg>
<arg>BN</arg>
<arg>BO</arg>
<arg>BQ</arg>
<arg>BR</arg>
<arg>BS</arg>
<arg>BT</arg>
<arg>BV</arg>
<arg>BW</arg>
<arg>BY</arg>
<arg>BZ</arg>
<arg>CA</arg>
<arg>CC</arg>
<arg>CD</arg>
<arg>CF</arg>
<arg>CG</arg>
<arg>CH</arg>
<arg>CI</arg>
<arg>CK</arg>
<arg>CL</arg>
<arg>CM</arg>
<arg>CN</arg>
<arg>CO</arg>
<arg>CR</arg>
<arg>CU</arg>
<arg>CV</arg>
<arg>CW</arg>
<arg>CX</arg>
<arg>CY</arg>
<arg>CZ</arg>
<arg>DE</arg>
<arg>DJ</arg>
<arg>DK</arg>
<arg>DM</arg>
<arg>DO</arg>
<arg>DZ</arg>
<arg>EC</arg>
<arg>EE</arg>
<arg>EG</arg>
<arg>EH</arg>
<arg>ER</arg>
<arg>ES</arg>
<arg>ET</arg>
<arg>FI</arg>
<arg>FJ</arg>
<arg>FK</arg>
<arg>FM</arg>
<arg>FO</arg>
<arg>FR</arg>
<arg>GA</arg>
<arg>GB</arg>
<arg>GD</arg>
<arg>GE</arg>
<arg>GF</arg>
<arg>GG</arg>
<arg>GH</arg>
<arg>GI</arg>
<arg>GL</arg>
<arg>GM</arg>
<arg>GN</arg>
<arg>GP</arg>
<arg>GQ</arg>
<arg>GR</arg>
<arg>GS</arg>
<arg>GT</arg>
<arg>GU</arg>
<arg>GW</arg>
<arg>GY</arg>
<arg>HK</arg>
<arg>HM</arg>
<arg>HN</arg>
<arg>HR</arg>
<arg>HT</arg>
<arg>HU</arg>
<arg>ID</arg>
<arg>IE</arg>
<arg>IL</arg>
<arg>IM</arg>
<arg>IN</arg>
<arg>IO</arg>
<arg>IQ</arg>
<arg>IR</arg>
<arg>IS</arg>
<arg>IT</arg>
<arg>JE</arg>
<arg>JM</arg>
<arg>JO</arg>
<arg>JP</arg>
<arg>KE</arg>
<arg>KG</arg>
<arg>KH</arg>
<arg>KI</arg>
<arg>KM</arg>
<arg>KN</arg>
<arg>KP</arg>
<arg>KR</arg>
<arg>KW</arg>
<arg>KY</arg>
<arg>KZ</arg>
<arg>LA</arg>
<arg>LB</arg>
<arg>LC</arg>
<arg>LI</arg>
<arg>LK</arg>
<arg>LR</arg>
<arg>LS</arg>
<arg>LT</arg>
<arg>LU</arg>
<arg>LV</arg>
<arg>LY</arg>
<arg>MA</arg>
<arg>MC</arg>
<arg>MD</arg>
<arg>ME</arg>
<arg>MF</arg>
<arg>MG</arg>
<arg>MH</arg>
<arg>MK</arg>
<arg>ML</arg>
<arg>MM</arg>
<arg>MN</arg>
<arg>MO</arg>
<arg>MP</arg>
<arg>MQ</arg>
<arg>MR</arg>
<arg>MS</arg>
<arg>MT</arg>
<arg>MU</arg>
<arg>MV</arg>
<arg>MW</arg>
<arg>MX</arg>
<arg>MY</arg>
<arg>MZ</arg>
<arg>NA</arg>
<arg>NC</arg>
<arg>NE</arg>
<arg>NF</arg>
<arg>NG</arg>
<arg>NI</arg>
<arg>NL</arg>
<arg>NO</arg>
<arg>NP</arg>
<arg>NR</arg>
<arg>NU</arg>
<arg>NZ</arg>
<arg>OM</arg>
<arg>PA</arg>
<arg>PE</arg>
<arg>PF</arg>
<arg>PG</arg>
<arg>PH</arg>
<arg>PK</arg>
<arg>PL</arg>
<arg>PM</arg>
<arg>PN</arg>
<arg>PR</arg>
<arg>PS</arg>
<arg>PT</arg>
<arg>PW</arg>
<arg>PY</arg>
<arg>QA</arg>
<arg>RE</arg>
<arg>RO</arg>
<arg>RS</arg>
<arg>RU</arg>
<arg>RW</arg>
<arg>SA</arg>
<arg>SB</arg>
<arg>SC</arg>
<arg>SD</arg>
<arg>SE</arg>
<arg>SG</arg>
<arg>SH</arg>
<arg>SI</arg>
<arg>SJ</arg>
<arg>SK</arg>
<arg>SL</arg>
<arg>SM</arg>
<arg>SN</arg>
<arg>SO</arg>
<arg>SR</arg>
<arg>SS</arg>
<arg>ST</arg>
<arg>SV</arg>
<arg>SX</arg>
<arg>SY</arg>
<arg>SZ</arg>
<arg>TC</arg>
<arg>TD</arg>
<arg>TF</arg>
<arg>TG</arg>
<arg>TH</arg>
<arg>TJ</arg>
<arg>TK</arg>
<arg>TL</arg>
<arg>TM</arg>
<arg>TN</arg>
<arg>TO</arg>
<arg>TR</arg>
<arg>TT</arg>
<arg>TV</arg>
<arg>TW</arg>
<arg>TZ</arg>
<arg>UA</arg>
<arg>UG</arg>
<arg>UM</arg>
<arg>US</arg>
<arg>UY</arg>
<arg>UZ</arg>
<arg>VA</arg>
<arg>VC</arg>
<arg>VE</arg>
<arg>VG</arg>
<arg>VI</arg>
<arg>VN</arg>
<arg>VU</arg>
<arg>WF</arg>
<arg>WS</arg>
<arg>XK</arg>
<arg>YE</arg>
<arg>YT</arg>
<arg>ZA</arg>
<arg>ZM</arg>
<arg>ZW</arg>
<doc>Returns a list containing given items.</doc>
<status status="PASS" start="2024-07-02T17:16:42.572261" elapsed="0.000618"/>
</kw>
<kw name="List Should Contain Value" owner="Collections">
<arg>${list_country}</arg>
<arg>${name_country}</arg>
<doc>Fails if the ``value`` is not found from ``list``.</doc>
<status status="PASS" start="2024-07-02T17:16:42.573682" elapsed="0.000203"/>
</kw>
<kw name="Run Keyword If" owner="BuiltIn">
<kw name="Should Be True" owner="BuiltIn">
<arg>${True}</arg>
<doc>Fails if the given condition is not true.</doc>
<status status="PASS" start="2024-07-02T17:16:42.574818" elapsed="0.000143"/>
</kw>
<arg>${json_data["results"][0]["location"]["coordinates"]["latitude"]} &gt;= -90 and ${json_data["results"][0]["location"]["coordinates"]["latitude"]} &lt;= 90</arg>
<arg>Should Be True</arg>
<arg>${True}</arg>
<doc>Runs the given keyword with the given arguments, if ``condition`` is true.</doc>
<status status="PASS" start="2024-07-02T17:16:42.574081" elapsed="0.001005"/>
</kw>
<kw name="Run Keyword If" owner="BuiltIn">
<kw name="Should Be True" owner="BuiltIn">
<arg>${True}</arg>
<doc>Fails if the given condition is not true.</doc>
<status status="PASS" start="2024-07-02T17:16:42.575973" elapsed="0.000137"/>
</kw>
<arg>${json_data["results"][0]["location"]["coordinates"]["longitude"]} &gt;= -180 and ${json_data["results"][0]["location"]["coordinates"]["longitude"]} &lt;= 180</arg>
<arg>Should Be True</arg>
<arg>${True}</arg>
<doc>Runs the given keyword with the given arguments, if ``condition`` is true.</doc>
<status status="PASS" start="2024-07-02T17:16:42.575264" elapsed="0.000970"/>
</kw>
<status status="PASS" start="2024-07-02T17:16:42.467708" elapsed="0.108656"/>
</kw>
<doc>Testa o conteúdo específico dos campos retornados pela API.</doc>
<tag>testeConteudo</tag>
<status status="PASS" start="2024-07-02T17:16:42.467167" elapsed="0.109351"/>
</test>
<status status="PASS" start="2024-07-02T17:16:41.567332" elapsed="1.011079"/>
</suite>
<status status="PASS" start="2024-07-02T17:16:41.552933" elapsed="1.030658"/>
</suite>
<statistics>
<total>
<stat pass="5" fail="0" skip="0">All Tests</stat>
</total>
<tag>
<stat pass="1" fail="0" skip="0">testeConteudo</stat>
<stat pass="1" fail="0" skip="0">testeEstruturaResposta</stat>
<stat pass="1" fail="0" skip="0">testeRequisicaoBasica</stat>
<stat pass="1" fail="0" skip="0">testeTiposDados</stat>
</tag>
<suite>
<stat pass="5" fail="0" skip="0" id="s1" name="Tests">Tests</stat>
<stat pass="5" fail="0" skip="0" id="s1-s1" name="Random-User-Test">Tests.Random-User-Test</stat>
</suite>
</statistics>
<errors>
</errors>
</robot>
