<?xml version="1.0" encoding="UTF-8"?>
<robot generator="Robot 7.0.1 (Python 3.12.3 on linux)" generated="2024-06-12T20:16:34.942181" rpa="false" schemaversion="5">
<suite id="s1" name="Tests" source="/home/runner/work/ApiRandomUser/ApiRandomUser/RamdonUser/tests">
<suite id="s1-s1" name="Random-User-Test" source="/home/runner/work/ApiRandomUser/ApiRandomUser/RamdonUser/tests/random-user-test.robot">
<test id="s1-s1-t1" name="Conectar" line="13">
<kw name="Conectar API" owner="random-user-service">
<kw name="Create Session" owner="RequestsLibrary">
<msg time="2024-06-12T20:16:35.377397" level="INFO">Creating Session using : alias=consultarAPI, url=https://randomuser.me/, headers={},                     cookies={}, auth=None, timeout=None, proxies=None, verify=False,                     debug=0 </msg>
<arg>consultarAPI</arg>
<arg>${URL}</arg>
<doc>Create Session: create a HTTP session to a server</doc>
<status status="PASS" start="2024-06-12T20:16:35.377169" elapsed="0.000442"/>
</kw>
<status status="PASS" start="2024-06-12T20:16:35.375982" elapsed="0.002022"/>
</kw>
<status status="PASS" start="2024-06-12T20:16:35.375372" elapsed="0.002835"/>
</test>
<test id="s1-s1-t2" name="Validar retorno 200 e JSON Válido" line="16">
<kw name="Teste de Requisicao Basica" owner="random-user-service">
<kw name="GET On Session" owner="RequestsLibrary">
<msg time="2024-06-12T20:16:35.507062" level="INFO">GET Request : url=https://randomuser.me/api 
 path_url=/api 
 headers={'User-Agent': 'python-requests/2.32.3', 'Accept-Encoding': 'gzip, deflate', 'Accept': '*/*', 'Connection': 'keep-alive'} 
 body=None 
 </msg>
<msg time="2024-06-12T20:16:35.507260" level="INFO">GET Response : url=https://randomuser.me/api 
 status=200, reason=OK 
 headers={'Date': 'Wed, 12 Jun 2024 20:16:35 GMT', 'Content-Type': 'application/json; charset=utf-8', 'Transfer-Encoding': 'chunked', 'Connection': 'keep-alive', 'X-Powered-By': 'Express', 'Access-Control-Allow-Origin': '*', 'Cache-Control': 'no-cache', 'ETag': 'W/"496-GUJe0Jag5DP9X5CzFczQOH9r00Q"', 'Vary': 'Accept-Encoding', 'Content-Encoding': 'gzip', 'CF-Cache-Status': 'DYNAMIC', 'Report-To': '{"endpoints":[{"url":"https:\\/\\/a.nel.cloudflare.com\\/report\\/v4?s=vYbg%2F3jF6ZCBMafrN2cI2F24GB4mHSE3AkBCToWU4%2Bo7kLIqufT395VVga64jDtHGJSiAdmvC3MP9EBiMiChzgwCN3yMpley%2BnGyXtBLx2O18Qttado4JeDhz2z5tcy0"}],"group":"cf-nel","max_age":604800}', 'NEL': '{"success_fraction":0,"report_to":"cf-nel","max_age":604800}', 'Server': 'cloudflare', 'CF-RAY': '892c84fd6f0c9459-SJC', 'alt-svc': 'h3=":443"; ma=86400'} 
 body={"results":[{"gender":"male","name":{"title":"Mr","first":"Dale","last":"Elliott"},"location":{"street":{"number":4620,"name":"Groveland Terrace"},"city":"Geraldton","state":"Australian Capital Territory","country":"Australia","postcode":9511,"coordinates":{"latitude":"-84.7432","longitude":"-98.6350"},"timezone":{"offset":"+2:00","description":"Kaliningrad, South Africa"}},"email":"dale.elliott@example.com","login":{"uuid":"3387561b-883d-428e-9925-d27b5565a97d","username":"blackfrog882","password":"mail","salt":"HFn2iH4g","md5":"509e8826adc17da8f8f2e2ebb3fab482","sha1":"5c6ba0e82877808af4bfb0cd47b2df82b65905c9","sha256":"72ee8b951c10f83122848789d4ac9334ba7a6a34bc542c2eebf88085f7aadf32"},"dob":{"date":"1954-06-12T14:36:21.898Z","age":70},"registered":{"date":"2011-04-21T08:15:47.254Z","age":13},"phone":"03-3336-6486","cell":"0480-957-782","id":{"name":"TFN","value":"656347853"},"picture":{"large":"https://randomuser.me/api/portraits/men/70.jpg","medium":"https://randomuser.me/api/portraits/med/men/70.jpg","thumbnail":"https://randomuser.me/api/portraits/thumb/men/70.jpg"},"nat":"AU"}],"info":{"seed":"e0ef7c34645fde20","results":1,"page":1,"version":"1.4"}} 
 </msg>
<msg time="2024-06-12T20:16:35.507361" level="INFO">/opt/hostedtoolcache/Python/3.12.3/x64/lib/python3.12/site-packages/urllib3/connectionpool.py:1103: InsecureRequestWarning: Unverified HTTPS request is being made to host 'randomuser.me'. Adding certificate verification is strongly advised. See: https://urllib3.readthedocs.io/en/latest/advanced-usage.html#tls-warnings
  warnings.warn(</msg>
<msg time="2024-06-12T20:16:35.507519" level="INFO">${response} = &lt;Response [200]&gt;</msg>
<var>${response}</var>
<arg>consultarAPI</arg>
<arg>/api</arg>
<doc>Sends a GET request on a previously created HTTP Session.</doc>
<status status="PASS" start="2024-06-12T20:16:35.380899" elapsed="0.126664"/>
</kw>
<kw name="Should Be Equal As Numbers" owner="BuiltIn">
<msg time="2024-06-12T20:16:35.508958" level="INFO">Argument types are:
&lt;class 'int'&gt;
&lt;class 'str'&gt;</msg>
<arg>${response.status_code}</arg>
<arg>200</arg>
<doc>Fails if objects are unequal after converting them to real numbers.</doc>
<status status="PASS" start="2024-06-12T20:16:35.508376" elapsed="0.000654"/>
</kw>
<kw name="Log" owner="BuiltIn">
<msg time="2024-06-12T20:16:35.509751" level="INFO">200</msg>
<arg>${response.status_code}</arg>
<doc>Logs the given message with the given level.</doc>
<status status="PASS" start="2024-06-12T20:16:35.509401" elapsed="0.000399"/>
</kw>
<kw name="Set Variable" owner="BuiltIn">
<msg time="2024-06-12T20:16:35.510562" level="INFO">${json_data} = {'results': [{'gender': 'male', 'name': {'title': 'Mr', 'first': 'Dale', 'last': 'Elliott'}, 'location': {'street': {'number': 4620, 'name': 'Groveland Terrace'}, 'city': 'Geraldton', 'state': 'Austra...</msg>
<var>${json_data}</var>
<arg>${response.json()}</arg>
<doc>Returns the given values which can then be assigned to a variables.</doc>
<status status="PASS" start="2024-06-12T20:16:35.510112" elapsed="0.000478"/>
</kw>
<kw name="Dictionary Should Contain Key" owner="Collections">
<arg>${json_data}</arg>
<arg>results</arg>
<doc>Fails if ``key`` is not found from ``dictionary``.</doc>
<status status="PASS" start="2024-06-12T20:16:35.510893" elapsed="0.000167"/>
</kw>
<status status="PASS" start="2024-06-12T20:16:35.380612" elapsed="0.130605"/>
</kw>
<doc>Testa se a API responde corretamente e retorna um objeto JSON válido.</doc>
<tag>testeRequisicaoBasica</tag>
<status status="PASS" start="2024-06-12T20:16:35.380132" elapsed="0.131272"/>
</test>
<test id="s1-s1-t3" name="Validar estrutura de resposta" line="22">
<kw name="Teste de Estrutura de Resposta" owner="random-user-service">
<kw name="GET On Session" owner="RequestsLibrary">
<msg time="2024-06-12T20:16:35.606900" level="INFO">GET Request : url=https://randomuser.me/api 
 path_url=/api 
 headers={'User-Agent': 'python-requests/2.32.3', 'Accept-Encoding': 'gzip, deflate', 'Accept': '*/*', 'Connection': 'keep-alive'} 
 body=None 
 </msg>
<msg time="2024-06-12T20:16:35.607016" level="INFO">GET Response : url=https://randomuser.me/api 
 status=200, reason=OK 
 headers={'Date': 'Wed, 12 Jun 2024 20:16:35 GMT', 'Content-Type': 'application/json; charset=utf-8', 'Transfer-Encoding': 'chunked', 'Connection': 'keep-alive', 'X-Powered-By': 'Express', 'Access-Control-Allow-Origin': '*', 'Cache-Control': 'no-cache', 'ETag': 'W/"4b6-Pdcoiud3rwif3OlYqJyVXpA6W8w"', 'Vary': 'Accept-Encoding', 'Content-Encoding': 'gzip', 'CF-Cache-Status': 'DYNAMIC', 'Report-To': '{"endpoints":[{"url":"https:\\/\\/a.nel.cloudflare.com\\/report\\/v4?s=CoFDYNuFxTRxhcIQgDLU04WkH5mGPcNLkHllyU5fPOaX%2B87Rv%2BzcAj7lFWzcspWYP%2B2yGQDDDs90GeN1SyJUaUR0lxpvQubbzgMVWvBqRUl0RjFoDQ4CpQ22aVrY9tl%2B"}],"group":"cf-nel","max_age":604800}', 'NEL': '{"success_fraction":0,"report_to":"cf-nel","max_age":604800}', 'Server': 'cloudflare', 'CF-RAY': '892c84fdff6d9459-SJC', 'alt-svc': 'h3=":443"; ma=86400'} 
 body={"results":[{"gender":"female","name":{"title":"Madame","first":"Hermine","last":"Bourgeois"},"location":{"street":{"number":8206,"name":"Rue des Chartreux"},"city":"Niederbuchsiten","state":"Aargau","country":"Switzerland","postcode":1418,"coordinates":{"latitude":"-60.1451","longitude":"101.7850"},"timezone":{"offset":"-6:00","description":"Central Time (US &amp; Canada), Mexico City"}},"email":"hermine.bourgeois@example.com","login":{"uuid":"6113db90-f5f8-4cc0-816c-0b8c3d019328","username":"smallbear763","password":"gratis","salt":"v9FXWaFg","md5":"81383295f41876ac950d0d2ea32f785b","sha1":"8aa0dcea7a8bb3f8409991463ec65cbe9dee5f6f","sha256":"6444c42fcce255e458352160474843f8be39f5b12131bc0709328737efa0865d"},"dob":{"date":"1974-12-24T13:47:15.492Z","age":49},"registered":{"date":"2018-02-16T19:26:16.688Z","age":6},"phone":"075 521 55 04","cell":"075 914 59 09","id":{"name":"AVS","value":"756.2886.7912.53"},"picture":{"large":"https://randomuser.me/api/portraits/women/24.jpg","medium":"https://randomuser.me/api/portraits/med/women/24.jpg","thumbnail":"https://randomuser.me/api/portraits/thumb/women/24.jpg"},"nat":"CH"}],"info":{"seed":"7a2d6b81df568e05","results":1,"page":1,"version":"1.4"}} 
 </msg>
<msg time="2024-06-12T20:16:35.607194" level="INFO">/opt/hostedtoolcache/Python/3.12.3/x64/lib/python3.12/site-packages/urllib3/connectionpool.py:1103: InsecureRequestWarning: Unverified HTTPS request is being made to host 'randomuser.me'. Adding certificate verification is strongly advised. See: https://urllib3.readthedocs.io/en/latest/advanced-usage.html#tls-warnings
  warnings.warn(</msg>
<msg time="2024-06-12T20:16:35.607351" level="INFO">${response} = &lt;Response [200]&gt;</msg>
<var>${response}</var>
<arg>consultarAPI</arg>
<arg>/api</arg>
<doc>Sends a GET request on a previously created HTTP Session.</doc>
<status status="PASS" start="2024-06-12T20:16:35.514320" elapsed="0.093080"/>
</kw>
<kw name="Set Variable" owner="BuiltIn">
<msg time="2024-06-12T20:16:35.608757" level="INFO">${json_data} = {'results': [{'gender': 'female', 'name': {'title': 'Madame', 'first': 'Hermine', 'last': 'Bourgeois'}, 'location': {'street': {'number': 8206, 'name': 'Rue des Chartreux'}, 'city': 'Niederbuchsiten',...</msg>
<var>${json_data}</var>
<arg>${response.json()}</arg>
<doc>Returns the given values which can then be assigned to a variables.</doc>
<status status="PASS" start="2024-06-12T20:16:35.608107" elapsed="0.000680"/>
</kw>
<kw name="Log" owner="BuiltIn">
<msg time="2024-06-12T20:16:35.609329" level="INFO">{'results': [{'gender': 'female', 'name': {'title': 'Madame', 'first': 'Hermine', 'last': 'Bourgeois'}, 'location': {'street': {'number': 8206, 'name': 'Rue des Chartreux'}, 'city': 'Niederbuchsiten', 'state': 'Aargau', 'country': 'Switzerland', 'postcode': 1418, 'coordinates': {'latitude': '-60.1451', 'longitude': '101.7850'}, 'timezone': {'offset': '-6:00', 'description': 'Central Time (US &amp; Canada), Mexico City'}}, 'email': 'hermine.bourgeois@example.com', 'login': {'uuid': '6113db90-f5f8-4cc0-816c-0b8c3d019328', 'username': 'smallbear763', 'password': 'gratis', 'salt': 'v9FXWaFg', 'md5': '81383295f41876ac950d0d2ea32f785b', 'sha1': '8aa0dcea7a8bb3f8409991463ec65cbe9dee5f6f', 'sha256': '6444c42fcce255e458352160474843f8be39f5b12131bc0709328737efa0865d'}, 'dob': {'date': '1974-12-24T13:47:15.492Z', 'age': 49}, 'registered': {'date': '2018-02-16T19:26:16.688Z', 'age': 6}, 'phone': '075 521 55 04', 'cell': '075 914 59 09', 'id': {'name': 'AVS', 'value': '756.2886.7912.53'}, 'picture': {'large': 'https://randomuser.me/api/portraits/women/24.jpg', 'medium': 'https://randomuser.me/api/portraits/med/women/24.jpg', 'thumbnail': 'https://randomuser.me/api/portraits/thumb/women/24.jpg'}, 'nat': 'CH'}], 'info': {'seed': '7a2d6b81df568e05', 'results': 1, 'page': 1, 'version': '1.4'}}</msg>
<arg>${json_data}</arg>
<doc>Logs the given message with the given level.</doc>
<status status="PASS" start="2024-06-12T20:16:35.609162" elapsed="0.000219"/>
</kw>
<kw name="Dictionary Should Contain Key" owner="Collections">
<arg>${json_data}</arg>
<arg>results</arg>
<doc>Fails if ``key`` is not found from ``dictionary``.</doc>
<status status="PASS" start="2024-06-12T20:16:35.609684" elapsed="0.000165"/>
</kw>
<kw name="Should Not Be Empty" owner="BuiltIn">
<msg time="2024-06-12T20:16:35.610162" level="INFO">Length is 2.</msg>
<arg>${json_data}</arg>
<doc>Verifies that the given item is not empty.</doc>
<status status="PASS" start="2024-06-12T20:16:35.610036" elapsed="0.000165"/>
</kw>
<kw name="Create List" owner="BuiltIn">
<msg time="2024-06-12T20:16:35.610652" level="INFO">${expected_keys} = ['gender', 'name', 'location', 'email', 'login']</msg>
<var>${expected_keys}</var>
<arg>gender</arg>
<arg>name</arg>
<arg>location</arg>
<arg>email</arg>
<arg>login</arg>
<doc>Returns a list containing given items.</doc>
<status status="PASS" start="2024-06-12T20:16:35.610499" elapsed="0.000178"/>
</kw>
<for flavor="IN">
<iter>
<kw name="Dictionary Should Contain Key" owner="Collections">
<arg>${json_data['results'][0]}</arg>
<arg>${key}</arg>
<doc>Fails if ``key`` is not found from ``dictionary``.</doc>
<status status="PASS" start="2024-06-12T20:16:35.611287" elapsed="0.000415"/>
</kw>
<kw name="Log" owner="BuiltIn">
<msg time="2024-06-12T20:16:35.612277" level="INFO">{'gender': 'female', 'name': {'title': 'Madame', 'first': 'Hermine', 'last': 'Bourgeois'}, 'location': {'street': {'number': 8206, 'name': 'Rue des Chartreux'}, 'city': 'Niederbuchsiten', 'state': 'Aargau', 'country': 'Switzerland', 'postcode': 1418, 'coordinates': {'latitude': '-60.1451', 'longitude': '101.7850'}, 'timezone': {'offset': '-6:00', 'description': 'Central Time (US &amp; Canada), Mexico City'}}, 'email': 'hermine.bourgeois@example.com', 'login': {'uuid': '6113db90-f5f8-4cc0-816c-0b8c3d019328', 'username': 'smallbear763', 'password': 'gratis', 'salt': 'v9FXWaFg', 'md5': '81383295f41876ac950d0d2ea32f785b', 'sha1': '8aa0dcea7a8bb3f8409991463ec65cbe9dee5f6f', 'sha256': '6444c42fcce255e458352160474843f8be39f5b12131bc0709328737efa0865d'}, 'dob': {'date': '1974-12-24T13:47:15.492Z', 'age': 49}, 'registered': {'date': '2018-02-16T19:26:16.688Z', 'age': 6}, 'phone': '075 521 55 04', 'cell': '075 914 59 09', 'id': {'name': 'AVS', 'value': '756.2886.7912.53'}, 'picture': {'large': 'https://randomuser.me/api/portraits/women/24.jpg', 'medium': 'https://randomuser.me/api/portraits/med/women/24.jpg', 'thumbnail': 'https://randomuser.me/api/portraits/thumb/women/24.jpg'}, 'nat': 'CH'}</msg>
<arg>${json_data['results'][0]}</arg>
<doc>Logs the given message with the given level.</doc>
<status status="PASS" start="2024-06-12T20:16:35.611903" elapsed="0.000427"/>
</kw>
<kw name="Log" owner="BuiltIn">
<msg time="2024-06-12T20:16:35.612771" level="INFO">gender</msg>
<arg>${key}</arg>
<doc>Logs the given message with the given level.</doc>
<status status="PASS" start="2024-06-12T20:16:35.612638" elapsed="0.000212"/>
</kw>
<var name="${key}">gender</var>
<status status="PASS" start="2024-06-12T20:16:35.611158" elapsed="0.001938"/>
</iter>
<iter>
<kw name="Dictionary Should Contain Key" owner="Collections">
<arg>${json_data['results'][0]}</arg>
<arg>${key}</arg>
<doc>Fails if ``key`` is not found from ``dictionary``.</doc>
<status status="PASS" start="2024-06-12T20:16:35.613417" elapsed="0.000399"/>
</kw>
<kw name="Log" owner="BuiltIn">
<msg time="2024-06-12T20:16:35.614404" level="INFO">{'gender': 'female', 'name': {'title': 'Madame', 'first': 'Hermine', 'last': 'Bourgeois'}, 'location': {'street': {'number': 8206, 'name': 'Rue des Chartreux'}, 'city': 'Niederbuchsiten', 'state': 'Aargau', 'country': 'Switzerland', 'postcode': 1418, 'coordinates': {'latitude': '-60.1451', 'longitude': '101.7850'}, 'timezone': {'offset': '-6:00', 'description': 'Central Time (US &amp; Canada), Mexico City'}}, 'email': 'hermine.bourgeois@example.com', 'login': {'uuid': '6113db90-f5f8-4cc0-816c-0b8c3d019328', 'username': 'smallbear763', 'password': 'gratis', 'salt': 'v9FXWaFg', 'md5': '81383295f41876ac950d0d2ea32f785b', 'sha1': '8aa0dcea7a8bb3f8409991463ec65cbe9dee5f6f', 'sha256': '6444c42fcce255e458352160474843f8be39f5b12131bc0709328737efa0865d'}, 'dob': {'date': '1974-12-24T13:47:15.492Z', 'age': 49}, 'registered': {'date': '2018-02-16T19:26:16.688Z', 'age': 6}, 'phone': '075 521 55 04', 'cell': '075 914 59 09', 'id': {'name': 'AVS', 'value': '756.2886.7912.53'}, 'picture': {'large': 'https://randomuser.me/api/portraits/women/24.jpg', 'medium': 'https://randomuser.me/api/portraits/med/women/24.jpg', 'thumbnail': 'https://randomuser.me/api/portraits/thumb/women/24.jpg'}, 'nat': 'CH'}</msg>
<arg>${json_data['results'][0]}</arg>
<doc>Logs the given message with the given level.</doc>
<status status="PASS" start="2024-06-12T20:16:35.614042" elapsed="0.000414"/>
</kw>
<kw name="Log" owner="BuiltIn">
<msg time="2024-06-12T20:16:35.614902" level="INFO">name</msg>
<arg>${key}</arg>
<doc>Logs the given message with the given level.</doc>
<status status="PASS" start="2024-06-12T20:16:35.614765" elapsed="0.000177"/>
</kw>
<var name="${key}">name</var>
<status status="PASS" start="2024-06-12T20:16:35.613301" elapsed="0.001863"/>
</iter>
<iter>
<kw name="Dictionary Should Contain Key" owner="Collections">
<arg>${json_data['results'][0]}</arg>
<arg>${key}</arg>
<doc>Fails if ``key`` is not found from ``dictionary``.</doc>
<status status="PASS" start="2024-06-12T20:16:35.615460" elapsed="0.000382"/>
</kw>
<kw name="Log" owner="BuiltIn">
<msg time="2024-06-12T20:16:35.616398" level="INFO">{'gender': 'female', 'name': {'title': 'Madame', 'first': 'Hermine', 'last': 'Bourgeois'}, 'location': {'street': {'number': 8206, 'name': 'Rue des Chartreux'}, 'city': 'Niederbuchsiten', 'state': 'Aargau', 'country': 'Switzerland', 'postcode': 1418, 'coordinates': {'latitude': '-60.1451', 'longitude': '101.7850'}, 'timezone': {'offset': '-6:00', 'description': 'Central Time (US &amp; Canada), Mexico City'}}, 'email': 'hermine.bourgeois@example.com', 'login': {'uuid': '6113db90-f5f8-4cc0-816c-0b8c3d019328', 'username': 'smallbear763', 'password': 'gratis', 'salt': 'v9FXWaFg', 'md5': '81383295f41876ac950d0d2ea32f785b', 'sha1': '8aa0dcea7a8bb3f8409991463ec65cbe9dee5f6f', 'sha256': '6444c42fcce255e458352160474843f8be39f5b12131bc0709328737efa0865d'}, 'dob': {'date': '1974-12-24T13:47:15.492Z', 'age': 49}, 'registered': {'date': '2018-02-16T19:26:16.688Z', 'age': 6}, 'phone': '075 521 55 04', 'cell': '075 914 59 09', 'id': {'name': 'AVS', 'value': '756.2886.7912.53'}, 'picture': {'large': 'https://randomuser.me/api/portraits/women/24.jpg', 'medium': 'https://randomuser.me/api/portraits/med/women/24.jpg', 'thumbnail': 'https://randomuser.me/api/portraits/thumb/women/24.jpg'}, 'nat': 'CH'}</msg>
<arg>${json_data['results'][0]}</arg>
<doc>Logs the given message with the given level.</doc>
<status status="PASS" start="2024-06-12T20:16:35.616038" elapsed="0.000420"/>
</kw>
<kw name="Log" owner="BuiltIn">
<msg time="2024-06-12T20:16:35.616933" level="INFO">location</msg>
<arg>${key}</arg>
<doc>Logs the given message with the given level.</doc>
<status status="PASS" start="2024-06-12T20:16:35.616765" elapsed="0.000209"/>
</kw>
<var name="${key}">location</var>
<status status="PASS" start="2024-06-12T20:16:35.615349" elapsed="0.001860"/>
</iter>
<iter>
<kw name="Dictionary Should Contain Key" owner="Collections">
<arg>${json_data['results'][0]}</arg>
<arg>${key}</arg>
<doc>Fails if ``key`` is not found from ``dictionary``.</doc>
<status status="PASS" start="2024-06-12T20:16:35.617502" elapsed="0.000385"/>
</kw>
<kw name="Log" owner="BuiltIn">
<msg time="2024-06-12T20:16:35.618429" level="INFO">{'gender': 'female', 'name': {'title': 'Madame', 'first': 'Hermine', 'last': 'Bourgeois'}, 'location': {'street': {'number': 8206, 'name': 'Rue des Chartreux'}, 'city': 'Niederbuchsiten', 'state': 'Aargau', 'country': 'Switzerland', 'postcode': 1418, 'coordinates': {'latitude': '-60.1451', 'longitude': '101.7850'}, 'timezone': {'offset': '-6:00', 'description': 'Central Time (US &amp; Canada), Mexico City'}}, 'email': 'hermine.bourgeois@example.com', 'login': {'uuid': '6113db90-f5f8-4cc0-816c-0b8c3d019328', 'username': 'smallbear763', 'password': 'gratis', 'salt': 'v9FXWaFg', 'md5': '81383295f41876ac950d0d2ea32f785b', 'sha1': '8aa0dcea7a8bb3f8409991463ec65cbe9dee5f6f', 'sha256': '6444c42fcce255e458352160474843f8be39f5b12131bc0709328737efa0865d'}, 'dob': {'date': '1974-12-24T13:47:15.492Z', 'age': 49}, 'registered': {'date': '2018-02-16T19:26:16.688Z', 'age': 6}, 'phone': '075 521 55 04', 'cell': '075 914 59 09', 'id': {'name': 'AVS', 'value': '756.2886.7912.53'}, 'picture': {'large': 'https://randomuser.me/api/portraits/women/24.jpg', 'medium': 'https://randomuser.me/api/portraits/med/women/24.jpg', 'thumbnail': 'https://randomuser.me/api/portraits/thumb/women/24.jpg'}, 'nat': 'CH'}</msg>
<arg>${json_data['results'][0]}</arg>
<doc>Logs the given message with the given level.</doc>
<status status="PASS" start="2024-06-12T20:16:35.618075" elapsed="0.000404"/>
</kw>
<kw name="Log" owner="BuiltIn">
<msg time="2024-06-12T20:16:35.618916" level="INFO">email</msg>
<arg>${key}</arg>
<doc>Logs the given message with the given level.</doc>
<status status="PASS" start="2024-06-12T20:16:35.618786" elapsed="0.000168"/>
</kw>
<var name="${key}">email</var>
<status status="PASS" start="2024-06-12T20:16:35.617390" elapsed="0.001785"/>
</iter>
<iter>
<kw name="Dictionary Should Contain Key" owner="Collections">
<arg>${json_data['results'][0]}</arg>
<arg>${key}</arg>
<doc>Fails if ``key`` is not found from ``dictionary``.</doc>
<status status="PASS" start="2024-06-12T20:16:35.619463" elapsed="0.000389"/>
</kw>
<kw name="Log" owner="BuiltIn">
<msg time="2024-06-12T20:16:35.620386" level="INFO">{'gender': 'female', 'name': {'title': 'Madame', 'first': 'Hermine', 'last': 'Bourgeois'}, 'location': {'street': {'number': 8206, 'name': 'Rue des Chartreux'}, 'city': 'Niederbuchsiten', 'state': 'Aargau', 'country': 'Switzerland', 'postcode': 1418, 'coordinates': {'latitude': '-60.1451', 'longitude': '101.7850'}, 'timezone': {'offset': '-6:00', 'description': 'Central Time (US &amp; Canada), Mexico City'}}, 'email': 'hermine.bourgeois@example.com', 'login': {'uuid': '6113db90-f5f8-4cc0-816c-0b8c3d019328', 'username': 'smallbear763', 'password': 'gratis', 'salt': 'v9FXWaFg', 'md5': '81383295f41876ac950d0d2ea32f785b', 'sha1': '8aa0dcea7a8bb3f8409991463ec65cbe9dee5f6f', 'sha256': '6444c42fcce255e458352160474843f8be39f5b12131bc0709328737efa0865d'}, 'dob': {'date': '1974-12-24T13:47:15.492Z', 'age': 49}, 'registered': {'date': '2018-02-16T19:26:16.688Z', 'age': 6}, 'phone': '075 521 55 04', 'cell': '075 914 59 09', 'id': {'name': 'AVS', 'value': '756.2886.7912.53'}, 'picture': {'large': 'https://randomuser.me/api/portraits/women/24.jpg', 'medium': 'https://randomuser.me/api/portraits/med/women/24.jpg', 'thumbnail': 'https://randomuser.me/api/portraits/thumb/women/24.jpg'}, 'nat': 'CH'}</msg>
<arg>${json_data['results'][0]}</arg>
<doc>Logs the given message with the given level.</doc>
<status status="PASS" start="2024-06-12T20:16:35.620041" elapsed="0.000395"/>
</kw>
<kw name="Log" owner="BuiltIn">
<msg time="2024-06-12T20:16:35.621020" level="INFO">login</msg>
<arg>${key}</arg>
<doc>Logs the given message with the given level.</doc>
<status status="PASS" start="2024-06-12T20:16:35.620731" elapsed="0.000331"/>
</kw>
<var name="${key}">login</var>
<status status="PASS" start="2024-06-12T20:16:35.619353" elapsed="0.001941"/>
</iter>
<var>${key}</var>
<value>@{expected_keys}</value>
<status status="PASS" start="2024-06-12T20:16:35.610954" elapsed="0.010495"/>
</for>
<kw name="Create List" owner="BuiltIn">
<msg time="2024-06-12T20:16:35.621795" level="INFO">${expected_keysTwo} = ['username', 'password']</msg>
<var>${expected_keysTwo}</var>
<arg>username</arg>
<arg>password</arg>
<doc>Returns a list containing given items.</doc>
<status status="PASS" start="2024-06-12T20:16:35.621656" elapsed="0.000164"/>
</kw>
<for flavor="IN">
<iter>
<kw name="Dictionary Should Contain Key" owner="Collections">
<arg>${json_data['results'][0]['login']}</arg>
<arg>${keyTwo}</arg>
<doc>Fails if ``key`` is not found from ``dictionary``.</doc>
<status status="PASS" start="2024-06-12T20:16:35.622339" elapsed="0.000388"/>
</kw>
<kw name="Dictionary Should Contain Key" owner="Collections">
<arg>${json_data['results'][0]['login']}</arg>
<arg>${keyTwo}</arg>
<doc>Fails if ``key`` is not found from ``dictionary``.</doc>
<status status="PASS" start="2024-06-12T20:16:35.622914" elapsed="0.000396"/>
</kw>
<kw name="Log" owner="BuiltIn">
<msg time="2024-06-12T20:16:35.623622" level="INFO">username</msg>
<arg>${keyTwo}</arg>
<doc>Logs the given message with the given level.</doc>
<status status="PASS" start="2024-06-12T20:16:35.623495" elapsed="0.000166"/>
</kw>
<var name="${keyTwo}">username</var>
<status status="PASS" start="2024-06-12T20:16:35.622229" elapsed="0.001659"/>
</iter>
<iter>
<kw name="Dictionary Should Contain Key" owner="Collections">
<arg>${json_data['results'][0]['login']}</arg>
<arg>${keyTwo}</arg>
<doc>Fails if ``key`` is not found from ``dictionary``.</doc>
<status status="PASS" start="2024-06-12T20:16:35.624184" elapsed="0.000378"/>
</kw>
<kw name="Dictionary Should Contain Key" owner="Collections">
<arg>${json_data['results'][0]['login']}</arg>
<arg>${keyTwo}</arg>
<doc>Fails if ``key`` is not found from ``dictionary``.</doc>
<status status="PASS" start="2024-06-12T20:16:35.624745" elapsed="0.000411"/>
</kw>
<kw name="Log" owner="BuiltIn">
<msg time="2024-06-12T20:16:35.625462" level="INFO">password</msg>
<arg>${keyTwo}</arg>
<doc>Logs the given message with the given level.</doc>
<status status="PASS" start="2024-06-12T20:16:35.625340" elapsed="0.000160"/>
</kw>
<var name="${keyTwo}">password</var>
<status status="PASS" start="2024-06-12T20:16:35.624073" elapsed="0.001654"/>
</iter>
<var>${keyTwo}</var>
<value>@{expected_keysTwo}</value>
<status status="PASS" start="2024-06-12T20:16:35.622068" elapsed="0.003784"/>
</for>
<status status="PASS" start="2024-06-12T20:16:35.514072" elapsed="0.111927"/>
</kw>
<doc>Testa a estrutura da resposta da API.</doc>
<tag>testeEstruturaResposta</tag>
<status status="PASS" start="2024-06-12T20:16:35.513343" elapsed="0.112826"/>
</test>
<test id="s1-s1-t4" name="Validar tipos de dados" line="28">
<kw name="Teste de Tipos de Dados" owner="random-user-service">
<kw name="GET On Session" owner="RequestsLibrary">
<msg time="2024-06-12T20:16:35.721264" level="INFO">GET Request : url=https://randomuser.me/api 
 path_url=/api 
 headers={'User-Agent': 'python-requests/2.32.3', 'Accept-Encoding': 'gzip, deflate', 'Accept': '*/*', 'Connection': 'keep-alive'} 
 body=None 
 </msg>
<msg time="2024-06-12T20:16:35.721384" level="INFO">GET Response : url=https://randomuser.me/api 
 status=200, reason=OK 
 headers={'Date': 'Wed, 12 Jun 2024 20:16:35 GMT', 'Content-Type': 'application/json; charset=utf-8', 'Transfer-Encoding': 'chunked', 'Connection': 'keep-alive', 'X-Powered-By': 'Express', 'Access-Control-Allow-Origin': '*', 'Cache-Control': 'no-cache', 'ETag': 'W/"47f-J7YN8W3syg2US7OlAboIChtEJow"', 'Vary': 'Accept-Encoding', 'Content-Encoding': 'gzip', 'CF-Cache-Status': 'DYNAMIC', 'Report-To': '{"endpoints":[{"url":"https:\\/\\/a.nel.cloudflare.com\\/report\\/v4?s=uO2QEwcEqvIim1jH6c69uuKCj6iMVpZDPr9pbsJ1Fkyje8Q8jluaNgsyf6XAtxy0RHkmYILE8Nc8s%2B4e3Q1t3tfLxLVL%2Bku3W76hG0BSKSSmTrCsylZyW5iRPx%2FzgeNR"}],"group":"cf-nel","max_age":604800}', 'NEL': '{"success_fraction":0,"report_to":"cf-nel","max_age":604800}', 'Server': 'cloudflare', 'CF-RAY': '892c84febfef9459-SJC', 'alt-svc': 'h3=":443"; ma=86400'} 
 body={"results":[{"gender":"male","name":{"title":"Mr","first":"Roger","last":"Sims"},"location":{"street":{"number":246,"name":"York Road"},"city":"Newcastle upon Tyne","state":"Norfolk","country":"United Kingdom","postcode":"IV5 2EB","coordinates":{"latitude":"-11.5966","longitude":"-159.8484"},"timezone":{"offset":"+4:30","description":"Kabul"}},"email":"roger.sims@example.com","login":{"uuid":"dda0f8af-4a4c-4e70-9029-d543c7936f2c","username":"blackmouse832","password":"33333333","salt":"rQrV5Ddx","md5":"7dabe9103e15c7065afb872b2ab4e46b","sha1":"c1f9792a7674e22878358671b0357cb3e3e11594","sha256":"b35a3df8233d1312b59c195593bc6339e3f17d93d2e8d1190561bc675faf0693"},"dob":{"date":"1964-12-13T06:57:55.608Z","age":59},"registered":{"date":"2008-05-28T00:17:00.754Z","age":16},"phone":"015242 94323","cell":"07200 999863","id":{"name":"NINO","value":"SR 41 26 69 Y"},"picture":{"large":"https://randomuser.me/api/portraits/men/24.jpg","medium":"https://randomuser.me/api/portraits/med/men/24.jpg","thumbnail":"https://randomuser.me/api/portraits/thumb/men/24.jpg"},"nat":"GB"}],"info":{"seed":"5e114c65c1d6f6d1","results":1,"page":1,"version":"1.4"}} 
 </msg>
<msg time="2024-06-12T20:16:35.721471" level="INFO">/opt/hostedtoolcache/Python/3.12.3/x64/lib/python3.12/site-packages/urllib3/connectionpool.py:1103: InsecureRequestWarning: Unverified HTTPS request is being made to host 'randomuser.me'. Adding certificate verification is strongly advised. See: https://urllib3.readthedocs.io/en/latest/advanced-usage.html#tls-warnings
  warnings.warn(</msg>
<msg time="2024-06-12T20:16:35.721624" level="INFO">${response} = &lt;Response [200]&gt;</msg>
<var>${response}</var>
<arg>consultarAPI</arg>
<arg>/api</arg>
<doc>Sends a GET request on a previously created HTTP Session.</doc>
<status status="PASS" start="2024-06-12T20:16:35.628715" elapsed="0.092960"/>
</kw>
<kw name="Set Variable" owner="BuiltIn">
<msg time="2024-06-12T20:16:35.723187" level="INFO">${json_data} = {'results': [{'gender': 'male', 'name': {'title': 'Mr', 'first': 'Roger', 'last': 'Sims'}, 'location': {'street': {'number': 246, 'name': 'York Road'}, 'city': 'Newcastle upon Tyne', 'state': 'Norfolk...</msg>
<var>${json_data}</var>
<arg>${response.json()}</arg>
<doc>Returns the given values which can then be assigned to a variables.</doc>
<status status="PASS" start="2024-06-12T20:16:35.722435" elapsed="0.000782"/>
</kw>
<kw name="Log" owner="BuiltIn">
<msg time="2024-06-12T20:16:35.723716" level="INFO">{'results': [{'gender': 'male', 'name': {'title': 'Mr', 'first': 'Roger', 'last': 'Sims'}, 'location': {'street': {'number': 246, 'name': 'York Road'}, 'city': 'Newcastle upon Tyne', 'state': 'Norfolk', 'country': 'United Kingdom', 'postcode': 'IV5 2EB', 'coordinates': {'latitude': '-11.5966', 'longitude': '-159.8484'}, 'timezone': {'offset': '+4:30', 'description': 'Kabul'}}, 'email': 'roger.sims@example.com', 'login': {'uuid': 'dda0f8af-4a4c-4e70-9029-d543c7936f2c', 'username': 'blackmouse832', 'password': '33333333', 'salt': 'rQrV5Ddx', 'md5': '7dabe9103e15c7065afb872b2ab4e46b', 'sha1': 'c1f9792a7674e22878358671b0357cb3e3e11594', 'sha256': 'b35a3df8233d1312b59c195593bc6339e3f17d93d2e8d1190561bc675faf0693'}, 'dob': {'date': '1964-12-13T06:57:55.608Z', 'age': 59}, 'registered': {'date': '2008-05-28T00:17:00.754Z', 'age': 16}, 'phone': '015242 94323', 'cell': '07200 999863', 'id': {'name': 'NINO', 'value': 'SR 41 26 69 Y'}, 'picture': {'large': 'https://randomuser.me/api/portraits/men/24.jpg', 'medium': 'https://randomuser.me/api/portraits/med/men/24.jpg', 'thumbnail': 'https://randomuser.me/api/portraits/thumb/men/24.jpg'}, 'nat': 'GB'}], 'info': {'seed': '5e114c65c1d6f6d1', 'results': 1, 'page': 1, 'version': '1.4'}}</msg>
<arg>${json_data}</arg>
<doc>Logs the given message with the given level.</doc>
<status status="PASS" start="2024-06-12T20:16:35.723551" elapsed="0.000221"/>
</kw>
<kw name="Should Be String" owner="String">
<arg>${json_data['results'][0]['gender']}</arg>
<doc>Fails if the given ``item`` is not a string.</doc>
<status status="PASS" start="2024-06-12T20:16:35.724082" elapsed="0.000372"/>
</kw>
<kw name="Should Match Regexp" owner="BuiltIn">
<arg>${json_data['results'][0]['email']}</arg>
<arg>^[a-zA-Z0-9._%+-]+@[a-zA-Z0-9.-]+\.[a-zA-Z]{2,}$</arg>
<doc>Fails if ``string`` does not match ``pattern`` as a regular expression.</doc>
<status status="PASS" start="2024-06-12T20:16:35.724696" elapsed="0.000588"/>
</kw>
<kw name="Should Match Regexp" owner="BuiltIn">
<arg>${json_data['results'][0]['dob']['date']}</arg>
<arg>\\d{4}-\\d{2}-\\d{2}T\\d{2}:\\d{2}:\\d{2}\\.\\d{3}Z</arg>
<doc>Fails if ``string`` does not match ``pattern`` as a regular expression.</doc>
<status status="PASS" start="2024-06-12T20:16:35.725490" elapsed="0.000506"/>
</kw>
<kw name="Should Match Regexp" owner="BuiltIn">
<arg>${json_data['results'][0]['registered']['date']}</arg>
<arg>\\d{4}-\\d{2}-\\d{2}T\\d{2}:\\d{2}:\\d{2}\\.\\d{3}Z</arg>
<doc>Fails if ``string`` does not match ``pattern`` as a regular expression.</doc>
<status status="PASS" start="2024-06-12T20:16:35.726195" elapsed="0.000371"/>
</kw>
<kw name="Should Match Regexp" owner="BuiltIn">
<arg>${json_data['results'][0]['picture']['large']}</arg>
<arg>^https?://.*\.(?:png|jpe?g|gif|bmp)$</arg>
<doc>Fails if ``string`` does not match ``pattern`` as a regular expression.</doc>
<status status="PASS" start="2024-06-12T20:16:35.726757" elapsed="0.000470"/>
</kw>
<kw name="Should Match Regexp" owner="BuiltIn">
<arg>${json_data['results'][0]['picture']['medium']}</arg>
<arg>^https?://.*\.(?:png|jpe?g|gif|bmp)$</arg>
<doc>Fails if ``string`` does not match ``pattern`` as a regular expression.</doc>
<status status="PASS" start="2024-06-12T20:16:35.727425" elapsed="0.000354"/>
</kw>
<kw name="Should Match Regexp" owner="BuiltIn">
<arg>${json_data['results'][0]['picture']['thumbnail']}</arg>
<arg>^https?://.*\.(?:png|jpe?g|gif|bmp)$</arg>
<doc>Fails if ``string`` does not match ``pattern`` as a regular expression.</doc>
<status status="PASS" start="2024-06-12T20:16:35.727971" elapsed="0.000353"/>
</kw>
<kw name="Log" owner="BuiltIn">
<msg time="2024-06-12T20:16:35.728866" level="INFO">{'large': 'https://randomuser.me/api/portraits/men/24.jpg', 'medium': 'https://randomuser.me/api/portraits/med/men/24.jpg', 'thumbnail': 'https://randomuser.me/api/portraits/thumb/men/24.jpg'}</msg>
<arg>${json_data['results'][0]['picture']}</arg>
<doc>Logs the given message with the given level.</doc>
<status status="PASS" start="2024-06-12T20:16:35.728510" elapsed="0.000403"/>
</kw>
<status status="PASS" start="2024-06-12T20:16:35.628472" elapsed="0.100711"/>
</kw>
<kw name="Teste de Tipos de Dados - Postcode" owner="random-user-service">
<kw name="GET On Session" owner="RequestsLibrary">
<msg time="2024-06-12T20:16:35.830856" level="INFO">GET Request : url=https://randomuser.me/api 
 path_url=/api 
 headers={'User-Agent': 'python-requests/2.32.3', 'Accept-Encoding': 'gzip, deflate', 'Accept': '*/*', 'Connection': 'keep-alive'} 
 body=None 
 </msg>
<msg time="2024-06-12T20:16:35.830972" level="INFO">GET Response : url=https://randomuser.me/api 
 status=200, reason=OK 
 headers={'Date': 'Wed, 12 Jun 2024 20:16:35 GMT', 'Content-Type': 'application/json; charset=utf-8', 'Transfer-Encoding': 'chunked', 'Connection': 'keep-alive', 'X-Powered-By': 'Express', 'Access-Control-Allow-Origin': '*', 'Cache-Control': 'no-cache', 'ETag': 'W/"4a5-jlSuxNJ0lgOVqZlBK51uAcAwr70"', 'Vary': 'Accept-Encoding', 'Content-Encoding': 'gzip', 'CF-Cache-Status': 'DYNAMIC', 'Report-To': '{"endpoints":[{"url":"https:\\/\\/a.nel.cloudflare.com\\/report\\/v4?s=OwD0OMK8sziPWJVWayVjKFmzOpch1Oes4LriCHL6Hm55nB8BXOAjDWbKmP5%2FtKStaRYT%2FfF7GGQJEJgGOUqVcsROsNIPyUtTfzWxJLCkvgEp%2Bt3pQH8mBSvNSn7GCA31"}],"group":"cf-nel","max_age":604800}', 'NEL': '{"success_fraction":0,"report_to":"cf-nel","max_age":604800}', 'Server': 'cloudflare', 'CF-RAY': '892c84ff583e9459-SJC', 'alt-svc': 'h3=":443"; ma=86400'} 
 body={"results":[{"gender":"female","name":{"title":"Mrs","first":"Antonia","last":"Cornejo"},"location":{"street":{"number":8929,"name":"Circuito Durango"},"city":"Los Globos","state":"Tabasco","country":"Mexico","postcode":78843,"coordinates":{"latitude":"22.4353","longitude":"146.9887"},"timezone":{"offset":"+3:00","description":"Baghdad, Riyadh, Moscow, St. Petersburg"}},"email":"antonia.cornejo@example.com","login":{"uuid":"1468e57d-c257-49e1-8b11-671c7e228da7","username":"bigkoala533","password":"anakin","salt":"ivEJ5eaT","md5":"4e6848419a6aee536434be8d27522f2a","sha1":"882df317e4dcdb6f93695000d58ef8b8f200dbbf","sha256":"cc434a8e70a14d062dc8908f0293be0277e70db99309477a85324cd3893c3441"},"dob":{"date":"1949-09-22T01:12:41.257Z","age":74},"registered":{"date":"2017-10-05T17:53:43.203Z","age":6},"phone":"(691) 158 6426","cell":"(655) 891 8902","id":{"name":"NSS","value":"94 04 99 3997 9"},"picture":{"large":"https://randomuser.me/api/portraits/women/47.jpg","medium":"https://randomuser.me/api/portraits/med/women/47.jpg","thumbnail":"https://randomuser.me/api/portraits/thumb/women/47.jpg"},"nat":"MX"}],"info":{"seed":"a1a464994b78a179","results":1,"page":1,"version":"1.4"}} 
 </msg>
<msg time="2024-06-12T20:16:35.831076" level="INFO">/opt/hostedtoolcache/Python/3.12.3/x64/lib/python3.12/site-packages/urllib3/connectionpool.py:1103: InsecureRequestWarning: Unverified HTTPS request is being made to host 'randomuser.me'. Adding certificate verification is strongly advised. See: https://urllib3.readthedocs.io/en/latest/advanced-usage.html#tls-warnings
  warnings.warn(</msg>
<msg time="2024-06-12T20:16:35.831213" level="INFO">${response} = &lt;Response [200]&gt;</msg>
<var>${response}</var>
<arg>consultarAPI</arg>
<arg>/api</arg>
<doc>Sends a GET request on a previously created HTTP Session.</doc>
<status status="PASS" start="2024-06-12T20:16:35.729681" elapsed="0.101575"/>
</kw>
<kw name="Set Variable" owner="BuiltIn">
<msg time="2024-06-12T20:16:35.832657" level="INFO">${json_data} = {'results': [{'gender': 'female', 'name': {'title': 'Mrs', 'first': 'Antonia', 'last': 'Cornejo'}, 'location': {'street': {'number': 8929, 'name': 'Circuito Durango'}, 'city': 'Los Globos', 'state': '...</msg>
<var>${json_data}</var>
<arg>${response.json()}</arg>
<doc>Returns the given values which can then be assigned to a variables.</doc>
<status status="PASS" start="2024-06-12T20:16:35.832018" elapsed="0.000669"/>
</kw>
<kw name="Log" owner="BuiltIn">
<msg time="2024-06-12T20:16:35.833221" level="INFO">{'results': [{'gender': 'female', 'name': {'title': 'Mrs', 'first': 'Antonia', 'last': 'Cornejo'}, 'location': {'street': {'number': 8929, 'name': 'Circuito Durango'}, 'city': 'Los Globos', 'state': 'Tabasco', 'country': 'Mexico', 'postcode': 78843, 'coordinates': {'latitude': '22.4353', 'longitude': '146.9887'}, 'timezone': {'offset': '+3:00', 'description': 'Baghdad, Riyadh, Moscow, St. Petersburg'}}, 'email': 'antonia.cornejo@example.com', 'login': {'uuid': '1468e57d-c257-49e1-8b11-671c7e228da7', 'username': 'bigkoala533', 'password': 'anakin', 'salt': 'ivEJ5eaT', 'md5': '4e6848419a6aee536434be8d27522f2a', 'sha1': '882df317e4dcdb6f93695000d58ef8b8f200dbbf', 'sha256': 'cc434a8e70a14d062dc8908f0293be0277e70db99309477a85324cd3893c3441'}, 'dob': {'date': '1949-09-22T01:12:41.257Z', 'age': 74}, 'registered': {'date': '2017-10-05T17:53:43.203Z', 'age': 6}, 'phone': '(691) 158 6426', 'cell': '(655) 891 8902', 'id': {'name': 'NSS', 'value': '94 04 99 3997 9'}, 'picture': {'large': 'https://randomuser.me/api/portraits/women/47.jpg', 'medium': 'https://randomuser.me/api/portraits/med/women/47.jpg', 'thumbnail': 'https://randomuser.me/api/portraits/thumb/women/47.jpg'}, 'nat': 'MX'}], 'info': {'seed': 'a1a464994b78a179', 'results': 1, 'page': 1, 'version': '1.4'}}</msg>
<arg>${json_data}</arg>
<doc>Logs the given message with the given level.</doc>
<status status="PASS" start="2024-06-12T20:16:35.833056" elapsed="0.000215"/>
</kw>
<kw name="Should Be Equal As Numbers" owner="BuiltIn">
<arg>${json_data['results'][0]['location']['postcode']}</arg>
<arg>${json_data['results'][0]['location']['postcode']}</arg>
<doc>Fails if objects are unequal after converting them to real numbers.</doc>
<status status="PASS" start="2024-06-12T20:16:35.833584" elapsed="0.000630"/>
</kw>
<kw name="Log" owner="BuiltIn">
<msg time="2024-06-12T20:16:35.834786" level="INFO">78843</msg>
<arg>${json_data['results'][0]['location']['postcode']}</arg>
<doc>Logs the given message with the given level.</doc>
<status status="PASS" start="2024-06-12T20:16:35.834445" elapsed="0.000382"/>
</kw>
<status status="PASS" start="2024-06-12T20:16:35.729429" elapsed="0.105663"/>
</kw>
<doc>Testa se os tipos de dados na resposta da API estão corretos.</doc>
<tag>testeTiposDados</tag>
<status status="PASS" start="2024-06-12T20:16:35.627983" elapsed="0.207287"/>
</test>
<test id="s1-s1-t5" name="Validar conteudo" line="35">
<kw name="Teste de Tipos de Conteudo" owner="random-user-service">
<kw name="GET On Session" owner="RequestsLibrary">
<msg time="2024-06-12T20:16:35.934981" level="INFO">GET Request : url=https://randomuser.me/api 
 path_url=/api 
 headers={'User-Agent': 'python-requests/2.32.3', 'Accept-Encoding': 'gzip, deflate', 'Accept': '*/*', 'Connection': 'keep-alive'} 
 body=None 
 </msg>
<msg time="2024-06-12T20:16:35.935112" level="INFO">GET Response : url=https://randomuser.me/api 
 status=200, reason=OK 
 headers={'Date': 'Wed, 12 Jun 2024 20:16:35 GMT', 'Content-Type': 'application/json; charset=utf-8', 'Transfer-Encoding': 'chunked', 'Connection': 'keep-alive', 'X-Powered-By': 'Express', 'Access-Control-Allow-Origin': '*', 'Cache-Control': 'no-cache', 'ETag': 'W/"483-hQFkyGawSwr9Z88D2YRXBbOZC7Y"', 'Vary': 'Accept-Encoding', 'Content-Encoding': 'gzip', 'CF-Cache-Status': 'DYNAMIC', 'Report-To': '{"endpoints":[{"url":"https:\\/\\/a.nel.cloudflare.com\\/report\\/v4?s=%2BgHx4kVbC1BiFEXu%2FO%2B1IWPDOe2L4x3FKXo7FATzrXSo3DbtHhNGOgglBHAhxsOPnnge9aqvNk8V8Bw%2FRaOzzh1sRKUwyYkjFgbA7uqunA%2B3x09j4lkYGsNqLBH4uFwg"}],"group":"cf-nel","max_age":604800}', 'NEL': '{"success_fraction":0,"report_to":"cf-nel","max_age":604800}', 'Server': 'cloudflare', 'CF-RAY': '892c850008a79459-SJC', 'alt-svc': 'h3=":443"; ma=86400'} 
 body={"results":[{"gender":"male","name":{"title":"Mr","first":"Brent","last":"Henry"},"location":{"street":{"number":2435,"name":"James St"},"city":"Richardson","state":"Wisconsin","country":"United States","postcode":24963,"coordinates":{"latitude":"86.8872","longitude":"-132.6458"},"timezone":{"offset":"+7:00","description":"Bangkok, Hanoi, Jakarta"}},"email":"brent.henry@example.com","login":{"uuid":"16d36bf2-c161-49d1-b742-b7e8be3a1cc2","username":"crazycat744","password":"junior1","salt":"XgxeI2g7","md5":"b78e4025a9df1b33dc06348f2bcc7f27","sha1":"746d2e180c08b56745e3c869203ec4baf772cd73","sha256":"bf8a7e7e626ffaefde7759ed3ea2cce0793e307ec44b37fa3a060a7f2881e8a6"},"dob":{"date":"1971-02-22T10:31:26.294Z","age":53},"registered":{"date":"2021-01-21T05:59:46.959Z","age":3},"phone":"(792) 717-7115","cell":"(248) 379-7870","id":{"name":"SSN","value":"678-02-5415"},"picture":{"large":"https://randomuser.me/api/portraits/men/51.jpg","medium":"https://randomuser.me/api/portraits/med/men/51.jpg","thumbnail":"https://randomuser.me/api/portraits/thumb/men/51.jpg"},"nat":"US"}],"info":{"seed":"ae6f46ab67f8ac8c","results":1,"page":1,"version":"1.4"}} 
 </msg>
<msg time="2024-06-12T20:16:35.935193" level="INFO">/opt/hostedtoolcache/Python/3.12.3/x64/lib/python3.12/site-packages/urllib3/connectionpool.py:1103: InsecureRequestWarning: Unverified HTTPS request is being made to host 'randomuser.me'. Adding certificate verification is strongly advised. See: https://urllib3.readthedocs.io/en/latest/advanced-usage.html#tls-warnings
  warnings.warn(</msg>
<msg time="2024-06-12T20:16:35.935328" level="INFO">${response} = &lt;Response [200]&gt;</msg>
<var>${response}</var>
<arg>consultarAPI</arg>
<arg>/api</arg>
<doc>Sends a GET request on a previously created HTTP Session.</doc>
<status status="PASS" start="2024-06-12T20:16:35.837926" elapsed="0.097444"/>
</kw>
<kw name="Set Variable" owner="BuiltIn">
<msg time="2024-06-12T20:16:35.936769" level="INFO">${json_data} = {'results': [{'gender': 'male', 'name': {'title': 'Mr', 'first': 'Brent', 'last': 'Henry'}, 'location': {'street': {'number': 2435, 'name': 'James St'}, 'city': 'Richardson', 'state': 'Wisconsin', 'co...</msg>
<var>${json_data}</var>
<arg>${response.json()}</arg>
<doc>Returns the given values which can then be assigned to a variables.</doc>
<status status="PASS" start="2024-06-12T20:16:35.936123" elapsed="0.000714"/>
</kw>
<kw name="Set Variable" owner="BuiltIn">
<msg time="2024-06-12T20:16:35.937571" level="INFO">${name_title} = Mr</msg>
<var>${name_title}</var>
<arg>${json_data["results"][0]["name"]["title"]}</arg>
<doc>Returns the given values which can then be assigned to a variables.</doc>
<status status="PASS" start="2024-06-12T20:16:35.937179" elapsed="0.000418"/>
</kw>
<kw name="Create List" owner="BuiltIn">
<msg time="2024-06-12T20:16:35.938059" level="INFO">${allowed_titles} = ['Mr', 'Ms', 'Miss', 'Mrs', 'Madame', 'Monsieur']</msg>
<var>${allowed_titles}</var>
<arg>Mr</arg>
<arg>Ms</arg>
<arg>Miss</arg>
<arg>Mrs</arg>
<arg>Madame</arg>
<arg>Monsieur</arg>
<doc>Returns a list containing given items.</doc>
<status status="PASS" start="2024-06-12T20:16:35.937907" elapsed="0.000176"/>
</kw>
<kw name="List Should Contain Value" owner="Collections">
<arg>${allowed_titles}</arg>
<arg>${name_title}</arg>
<doc>Fails if the ``value`` is not found from ``list``.</doc>
<status status="PASS" start="2024-06-12T20:16:35.938393" elapsed="0.000196"/>
</kw>
<kw name="Set Variable" owner="BuiltIn">
<msg time="2024-06-12T20:16:35.939151" level="INFO">${name_country} = US</msg>
<var>${name_country}</var>
<arg>${json_data["results"][0]["nat"]}</arg>
<doc>Returns the given values which can then be assigned to a variables.</doc>
<status status="PASS" start="2024-06-12T20:16:35.938776" elapsed="0.000400"/>
</kw>
<kw name="Create List" owner="BuiltIn">
<msg time="2024-06-12T20:16:35.940072" level="INFO">${list_country} = ['AD', 'AE', 'AF', 'AG', 'AI', 'AL', 'AM', 'AO', 'AQ', 'AR', 'AS', 'AT', 'AU', 'AW', 'AX', 'AZ', 'BA', 'BB', 'BD', 'BE', 'BF', 'BG', 'BH', 'BI', 'BJ', 'BL', 'BM', 'BN', 'BO', 'BQ', 'BR', 'BS', 'BT', '...</msg>
<var>${list_country}</var>
<arg>AD</arg>
<arg>AE</arg>
<arg>AF</arg>
<arg>AG</arg>
<arg>AI</arg>
<arg>AL</arg>
<arg>AM</arg>
<arg>AO</arg>
<arg>AQ</arg>
<arg>AR</arg>
<arg>AS</arg>
<arg>AT</arg>
<arg>AU</arg>
<arg>AW</arg>
<arg>AX</arg>
<arg>AZ</arg>
<arg>BA</arg>
<arg>BB</arg>
<arg>BD</arg>
<arg>BE</arg>
<arg>BF</arg>
<arg>BG</arg>
<arg>BH</arg>
<arg>BI</arg>
<arg>BJ</arg>
<arg>BL</arg>
<arg>BM</arg>
<arg>BN</arg>
<arg>BO</arg>
<arg>BQ</arg>
<arg>BR</arg>
<arg>BS</arg>
<arg>BT</arg>
<arg>BV</arg>
<arg>BW</arg>
<arg>BY</arg>
<arg>BZ</arg>
<arg>CA</arg>
<arg>CC</arg>
<arg>CD</arg>
<arg>CF</arg>
<arg>CG</arg>
<arg>CH</arg>
<arg>CI</arg>
<arg>CK</arg>
<arg>CL</arg>
<arg>CM</arg>
<arg>CN</arg>
<arg>CO</arg>
<arg>CR</arg>
<arg>CU</arg>
<arg>CV</arg>
<arg>CW</arg>
<arg>CX</arg>
<arg>CY</arg>
<arg>CZ</arg>
<arg>DE</arg>
<arg>DJ</arg>
<arg>DK</arg>
<arg>DM</arg>
<arg>DO</arg>
<arg>DZ</arg>
<arg>EC</arg>
<arg>EE</arg>
<arg>EG</arg>
<arg>EH</arg>
<arg>ER</arg>
<arg>ES</arg>
<arg>ET</arg>
<arg>FI</arg>
<arg>FJ</arg>
<arg>FK</arg>
<arg>FM</arg>
<arg>FO</arg>
<arg>FR</arg>
<arg>GA</arg>
<arg>GB</arg>
<arg>GD</arg>
<arg>GE</arg>
<arg>GF</arg>
<arg>GG</arg>
<arg>GH</arg>
<arg>GI</arg>
<arg>GL</arg>
<arg>GM</arg>
<arg>GN</arg>
<arg>GP</arg>
<arg>GQ</arg>
<arg>GR</arg>
<arg>GS</arg>
<arg>GT</arg>
<arg>GU</arg>
<arg>GW</arg>
<arg>GY</arg>
<arg>HK</arg>
<arg>HM</arg>
<arg>HN</arg>
<arg>HR</arg>
<arg>HT</arg>
<arg>HU</arg>
<arg>ID</arg>
<arg>IE</arg>
<arg>IL</arg>
<arg>IM</arg>
<arg>IN</arg>
<arg>IO</arg>
<arg>IQ</arg>
<arg>IR</arg>
<arg>IS</arg>
<arg>IT</arg>
<arg>JE</arg>
<arg>JM</arg>
<arg>JO</arg>
<arg>JP</arg>
<arg>KE</arg>
<arg>KG</arg>
<arg>KH</arg>
<arg>KI</arg>
<arg>KM</arg>
<arg>KN</arg>
<arg>KP</arg>
<arg>KR</arg>
<arg>KW</arg>
<arg>KY</arg>
<arg>KZ</arg>
<arg>LA</arg>
<arg>LB</arg>
<arg>LC</arg>
<arg>LI</arg>
<arg>LK</arg>
<arg>LR</arg>
<arg>LS</arg>
<arg>LT</arg>
<arg>LU</arg>
<arg>LV</arg>
<arg>LY</arg>
<arg>MA</arg>
<arg>MC</arg>
<arg>MD</arg>
<arg>ME</arg>
<arg>MF</arg>
<arg>MG</arg>
<arg>MH</arg>
<arg>MK</arg>
<arg>ML</arg>
<arg>MM</arg>
<arg>MN</arg>
<arg>MO</arg>
<arg>MP</arg>
<arg>MQ</arg>
<arg>MR</arg>
<arg>MS</arg>
<arg>MT</arg>
<arg>MU</arg>
<arg>MV</arg>
<arg>MW</arg>
<arg>MX</arg>
<arg>MY</arg>
<arg>MZ</arg>
<arg>NA</arg>
<arg>NC</arg>
<arg>NE</arg>
<arg>NF</arg>
<arg>NG</arg>
<arg>NI</arg>
<arg>NL</arg>
<arg>NO</arg>
<arg>NP</arg>
<arg>NR</arg>
<arg>NU</arg>
<arg>NZ</arg>
<arg>OM</arg>
<arg>PA</arg>
<arg>PE</arg>
<arg>PF</arg>
<arg>PG</arg>
<arg>PH</arg>
<arg>PK</arg>
<arg>PL</arg>
<arg>PM</arg>
<arg>PN</arg>
<arg>PR</arg>
<arg>PS</arg>
<arg>PT</arg>
<arg>PW</arg>
<arg>PY</arg>
<arg>QA</arg>
<arg>RE</arg>
<arg>RO</arg>
<arg>RS</arg>
<arg>RU</arg>
<arg>RW</arg>
<arg>SA</arg>
<arg>SB</arg>
<arg>SC</arg>
<arg>SD</arg>
<arg>SE</arg>
<arg>SG</arg>
<arg>SH</arg>
<arg>SI</arg>
<arg>SJ</arg>
<arg>SK</arg>
<arg>SL</arg>
<arg>SM</arg>
<arg>SN</arg>
<arg>SO</arg>
<arg>SR</arg>
<arg>SS</arg>
<arg>ST</arg>
<arg>SV</arg>
<arg>SX</arg>
<arg>SY</arg>
<arg>SZ</arg>
<arg>TC</arg>
<arg>TD</arg>
<arg>TF</arg>
<arg>TG</arg>
<arg>TH</arg>
<arg>TJ</arg>
<arg>TK</arg>
<arg>TL</arg>
<arg>TM</arg>
<arg>TN</arg>
<arg>TO</arg>
<arg>TR</arg>
<arg>TT</arg>
<arg>TV</arg>
<arg>TW</arg>
<arg>TZ</arg>
<arg>UA</arg>
<arg>UG</arg>
<arg>UM</arg>
<arg>US</arg>
<arg>UY</arg>
<arg>UZ</arg>
<arg>VA</arg>
<arg>VC</arg>
<arg>VE</arg>
<arg>VG</arg>
<arg>VI</arg>
<arg>VN</arg>
<arg>VU</arg>
<arg>WF</arg>
<arg>WS</arg>
<arg>XK</arg>
<arg>YE</arg>
<arg>YT</arg>
<arg>ZA</arg>
<arg>ZM</arg>
<arg>ZW</arg>
<doc>Returns a list containing given items.</doc>
<status status="PASS" start="2024-06-12T20:16:35.939476" elapsed="0.000622"/>
</kw>
<kw name="List Should Contain Value" owner="Collections">
<arg>${list_country}</arg>
<arg>${name_country}</arg>
<doc>Fails if the ``value`` is not found from ``list``.</doc>
<status status="PASS" start="2024-06-12T20:16:35.940933" elapsed="0.000213"/>
</kw>
<kw name="Run Keyword If" owner="BuiltIn">
<kw name="Should Be True" owner="BuiltIn">
<arg>${True}</arg>
<doc>Fails if the given condition is not true.</doc>
<status status="PASS" start="2024-06-12T20:16:35.942253" elapsed="0.000145"/>
</kw>
<arg>${json_data["results"][0]["location"]["coordinates"]["latitude"]} &gt;= -90 and ${json_data["results"][0]["location"]["coordinates"]["latitude"]} &lt;= 90</arg>
<arg>Should Be True</arg>
<arg>${True}</arg>
<doc>Runs the given keyword with the given arguments, if ``condition`` is true.</doc>
<status status="PASS" start="2024-06-12T20:16:35.941356" elapsed="0.001171"/>
</kw>
<kw name="Run Keyword If" owner="BuiltIn">
<kw name="Should Be True" owner="BuiltIn">
<arg>${True}</arg>
<doc>Fails if the given condition is not true.</doc>
<status status="PASS" start="2024-06-12T20:16:35.943407" elapsed="0.000141"/>
</kw>
<arg>${json_data["results"][0]["location"]["coordinates"]["longitude"]} &gt;= -180 and ${json_data["results"][0]["location"]["coordinates"]["longitude"]} &lt;= 180</arg>
<arg>Should Be True</arg>
<arg>${True}</arg>
<doc>Runs the given keyword with the given arguments, if ``condition`` is true.</doc>
<status status="PASS" start="2024-06-12T20:16:35.942723" elapsed="0.000951"/>
</kw>
<status status="PASS" start="2024-06-12T20:16:35.837659" elapsed="0.106149"/>
</kw>
<doc>Testa o conteúdo específico dos campos retornados pela API.</doc>
<tag>testeConteudo</tag>
<status status="PASS" start="2024-06-12T20:16:35.837178" elapsed="0.106788"/>
</test>
<status status="PASS" start="2024-06-12T20:16:35.003061" elapsed="0.942949"/>
</suite>
<status status="PASS" start="2024-06-12T20:16:34.988054" elapsed="0.963168"/>
</suite>
<statistics>
<total>
<stat pass="5" fail="0" skip="0">All Tests</stat>
</total>
<tag>
<stat pass="1" fail="0" skip="0">testeConteudo</stat>
<stat pass="1" fail="0" skip="0">testeEstruturaResposta</stat>
<stat pass="1" fail="0" skip="0">testeRequisicaoBasica</stat>
<stat pass="1" fail="0" skip="0">testeTiposDados</stat>
</tag>
<suite>
<stat pass="5" fail="0" skip="0" id="s1" name="Tests">Tests</stat>
<stat pass="5" fail="0" skip="0" id="s1-s1" name="Random-User-Test">Tests.Random-User-Test</stat>
</suite>
</statistics>
<errors>
</errors>
</robot>
