<?xml version="1.0" encoding="UTF-8"?>
<robot generator="Robot 7.0.1 (Python 3.12.4 on linux)" generated="2024-08-04T03:16:51.469427" rpa="false" schemaversion="5">
<suite id="s1" name="Tests" source="/home/runner/work/ApiRandomUser/ApiRandomUser/RamdonUser/tests">
<suite id="s1-s1" name="Random-User-Test" source="/home/runner/work/ApiRandomUser/ApiRandomUser/RamdonUser/tests/random-user-test.robot">
<test id="s1-s1-t1" name="Conectar" line="13">
<kw name="Conectar API" owner="random-user-service">
<kw name="Create Session" owner="RequestsLibrary">
<msg time="2024-08-04T03:16:51.838533" level="INFO">Creating Session using : alias=consultarAPI, url=https://randomuser.me/, headers={},                     cookies={}, auth=None, timeout=None, proxies=None, verify=False,                     debug=0 </msg>
<arg>consultarAPI</arg>
<arg>${URL}</arg>
<doc>Create Session: create a HTTP session to a server</doc>
<status status="PASS" start="2024-08-04T03:16:51.838281" elapsed="0.000495"/>
</kw>
<status status="PASS" start="2024-08-04T03:16:51.836618" elapsed="0.002663"/>
</kw>
<status status="PASS" start="2024-08-04T03:16:51.835878" elapsed="0.003668"/>
</test>
<test id="s1-s1-t2" name="Validar retorno 200 e JSON Válido" line="16">
<kw name="Teste de Requisicao Basica" owner="random-user-service">
<kw name="GET On Session" owner="RequestsLibrary">
<msg time="2024-08-04T03:16:52.061834" level="INFO">GET Request : url=https://randomuser.me/api 
 path_url=/api 
 headers={'User-Agent': 'python-requests/2.32.3', 'Accept-Encoding': 'gzip, deflate', 'Accept': '*/*', 'Connection': 'keep-alive'} 
 body=None 
 </msg>
<msg time="2024-08-04T03:16:52.061976" level="INFO">GET Response : url=https://randomuser.me/api 
 status=200, reason=OK 
 headers={'Date': 'Sun, 04 Aug 2024 03:16:52 GMT', 'Content-Type': 'application/json; charset=utf-8', 'Transfer-Encoding': 'chunked', 'Connection': 'keep-alive', 'X-Powered-By': 'Express', 'Access-Control-Allow-Origin': '*', 'Cache-Control': 'no-cache', 'ETag': 'W/"468-0GaWptwgYpuuHeKGj8qDNHDv7ik"', 'Vary': 'Accept-Encoding', 'Content-Encoding': 'gzip', 'CF-Cache-Status': 'DYNAMIC', 'Report-To': '{"endpoints":[{"url":"https:\\/\\/a.nel.cloudflare.com\\/report\\/v4?s=K%2BNtmYq3atbjiz6I%2FBU1IIC9xFdZJBFbENjr2vEYUy%2Bd7067ETNl2JOr8ZbzKCqXcE77Afnf1FJYnZCrgjK4y6pBpk0enCMEOJ%2FC4JN6c7YK4GxkXgsfAtp4CMc2ZDb4"}],"group":"cf-nel","max_age":604800}', 'NEL': '{"success_fraction":0,"report_to":"cf-nel","max_age":604800}', 'Server': 'cloudflare', 'CF-RAY': '8adb6420c93e1746-SJC', 'alt-svc': 'h3=":443"; ma=86400'} 
 body={"results":[{"gender":"male","name":{"title":"Mr","first":"Ashton","last":"Green"},"location":{"street":{"number":3735,"name":"Elles Road"},"city":"Nelson","state":"Nelson","country":"New Zealand","postcode":35502,"coordinates":{"latitude":"53.9052","longitude":"-161.5347"},"timezone":{"offset":"-3:30","description":"Newfoundland"}},"email":"ashton.green@example.com","login":{"uuid":"23453874-1081-4b53-bb31-a4ea57abea37","username":"bluebird669","password":"progress","salt":"haFfSvmS","md5":"9e165bda5a8f93bcd73bb98dee18eaac","sha1":"e9d86107edfb16113b713e0464adffb2ecbdb70f","sha256":"f631848c5e94cd78305beb8010521b342fc1767aecf5695a83725b22daecdbf3"},"dob":{"date":"1961-11-11T19:48:11.918Z","age":62},"registered":{"date":"2020-01-04T09:44:32.661Z","age":4},"phone":"(346)-796-1479","cell":"(841)-842-1309","id":{"name":"","value":null},"picture":{"large":"https://randomuser.me/api/portraits/men/66.jpg","medium":"https://randomuser.me/api/portraits/med/men/66.jpg","thumbnail":"https://randomuser.me/api/portraits/thumb/men/66.jpg"},"nat":"NZ"}],"info":{"seed":"823752324e81dcb0","results":1,"page":1,"version":"1.4"}} 
 </msg>
<msg time="2024-08-04T03:16:52.062074" level="INFO">/opt/hostedtoolcache/Python/3.12.4/x64/lib/python3.12/site-packages/urllib3/connectionpool.py:1099: InsecureRequestWarning: Unverified HTTPS request is being made to host 'randomuser.me'. Adding certificate verification is strongly advised. See: https://urllib3.readthedocs.io/en/latest/advanced-usage.html#tls-warnings
  warnings.warn(</msg>
<msg time="2024-08-04T03:16:52.062236" level="INFO">${response} = &lt;Response [200]&gt;</msg>
<var>${response}</var>
<arg>consultarAPI</arg>
<arg>/api</arg>
<doc>Sends a GET request on a previously created HTTP Session.</doc>
<status status="PASS" start="2024-08-04T03:16:51.843340" elapsed="0.218935"/>
</kw>
<kw name="Should Be Equal As Numbers" owner="BuiltIn">
<msg time="2024-08-04T03:16:52.063290" level="INFO">Argument types are:
&lt;class 'int'&gt;
&lt;class 'str'&gt;</msg>
<arg>${response.status_code}</arg>
<arg>200</arg>
<doc>Fails if objects are unequal after converting them to real numbers.</doc>
<status status="PASS" start="2024-08-04T03:16:52.062770" elapsed="0.000579"/>
</kw>
<kw name="Log" owner="BuiltIn">
<msg time="2024-08-04T03:16:52.063963" level="INFO">200</msg>
<arg>${response.status_code}</arg>
<doc>Logs the given message with the given level.</doc>
<status status="PASS" start="2024-08-04T03:16:52.063635" elapsed="0.000370"/>
</kw>
<kw name="Set Variable" owner="BuiltIn">
<msg time="2024-08-04T03:16:52.064734" level="INFO">${json_data} = {'results': [{'gender': 'male', 'name': {'title': 'Mr', 'first': 'Ashton', 'last': 'Green'}, 'location': {'street': {'number': 3735, 'name': 'Elles Road'}, 'city': 'Nelson', 'state': 'Nelson', 'countr...</msg>
<var>${json_data}</var>
<arg>${response.json()}</arg>
<doc>Returns the given values which can then be assigned to a variables.</doc>
<status status="PASS" start="2024-08-04T03:16:52.064305" elapsed="0.000456"/>
</kw>
<kw name="Dictionary Should Contain Key" owner="Collections">
<arg>${json_data}</arg>
<arg>results</arg>
<doc>Fails if ``key`` is not found from ``dictionary``.</doc>
<status status="PASS" start="2024-08-04T03:16:52.065055" elapsed="0.000288"/>
</kw>
<status status="PASS" start="2024-08-04T03:16:51.843101" elapsed="0.222390"/>
</kw>
<doc>Testa se a API responde corretamente e retorna um objeto JSON válido.</doc>
<tag>testeRequisicaoBasica</tag>
<status status="PASS" start="2024-08-04T03:16:51.842631" elapsed="0.223021"/>
</test>
<test id="s1-s1-t3" name="Validar estrutura de resposta" line="22">
<kw name="Teste de Estrutura de Resposta" owner="random-user-service">
<kw name="GET On Session" owner="RequestsLibrary">
<msg time="2024-08-04T03:16:52.178840" level="INFO">GET Request : url=https://randomuser.me/api 
 path_url=/api 
 headers={'User-Agent': 'python-requests/2.32.3', 'Accept-Encoding': 'gzip, deflate', 'Accept': '*/*', 'Connection': 'keep-alive'} 
 body=None 
 </msg>
<msg time="2024-08-04T03:16:52.178928" level="INFO">GET Response : url=https://randomuser.me/api 
 status=200, reason=OK 
 headers={'Date': 'Sun, 04 Aug 2024 03:16:52 GMT', 'Content-Type': 'application/json; charset=utf-8', 'Transfer-Encoding': 'chunked', 'Connection': 'keep-alive', 'X-Powered-By': 'Express', 'Access-Control-Allow-Origin': '*', 'Cache-Control': 'no-cache', 'ETag': 'W/"4a3-f1EJys9rEI13A5sVAX1WFRSbNH4"', 'Vary': 'Accept-Encoding', 'Content-Encoding': 'gzip', 'CF-Cache-Status': 'DYNAMIC', 'Report-To': '{"endpoints":[{"url":"https:\\/\\/a.nel.cloudflare.com\\/report\\/v4?s=TiEH9vdN0llrH7BfUTJglAMwiqf997k8TilrIfXf7r%2Fk%2BIOGZICZPY2g0LZBJ%2B8AM7lOXmcWkimkdLQdtYkkqHHwgzK0w9ecfj9wcocBRifp4tBjShxDET5%2ByGlsq90d"}],"group":"cf-nel","max_age":604800}', 'NEL': '{"success_fraction":0,"report_to":"cf-nel","max_age":604800}', 'Server': 'cloudflare', 'CF-RAY': '8adb642169f31746-SJC', 'alt-svc': 'h3=":443"; ma=86400'} 
 body={"results":[{"gender":"female","name":{"title":"Miss","first":"Vickie","last":"Fleming"},"location":{"street":{"number":2169,"name":"Stevens Creek Blvd"},"city":"Pueblo","state":"Rhode Island","country":"United States","postcode":63961,"coordinates":{"latitude":"89.5562","longitude":"80.4562"},"timezone":{"offset":"+5:30","description":"Bombay, Calcutta, Madras, New Delhi"}},"email":"vickie.fleming@example.com","login":{"uuid":"f41b3cbc-9292-4d54-b143-283aefb6705d","username":"browncat572","password":"deng","salt":"kLj2wpDg","md5":"24df88014d207771d901824f3380893a","sha1":"7b123ada8ed6882683611c49958bd42c563be8db","sha256":"d84628dcdd3a378edb2a4ef120c7dee04734f396ba820e0f0b888bf54d56f8b0"},"dob":{"date":"1958-10-11T23:17:13.346Z","age":65},"registered":{"date":"2015-03-26T18:24:23.315Z","age":9},"phone":"(974) 503-8654","cell":"(467) 977-2199","id":{"name":"SSN","value":"260-83-2762"},"picture":{"large":"https://randomuser.me/api/portraits/women/90.jpg","medium":"https://randomuser.me/api/portraits/med/women/90.jpg","thumbnail":"https://randomuser.me/api/portraits/thumb/women/90.jpg"},"nat":"US"}],"info":{"seed":"d9a10d71bc0b6c5b","results":1,"page":1,"version":"1.4"}} 
 </msg>
<msg time="2024-08-04T03:16:52.179083" level="INFO">/opt/hostedtoolcache/Python/3.12.4/x64/lib/python3.12/site-packages/urllib3/connectionpool.py:1099: InsecureRequestWarning: Unverified HTTPS request is being made to host 'randomuser.me'. Adding certificate verification is strongly advised. See: https://urllib3.readthedocs.io/en/latest/advanced-usage.html#tls-warnings
  warnings.warn(</msg>
<msg time="2024-08-04T03:16:52.179226" level="INFO">${response} = &lt;Response [200]&gt;</msg>
<var>${response}</var>
<arg>consultarAPI</arg>
<arg>/api</arg>
<doc>Sends a GET request on a previously created HTTP Session.</doc>
<status status="PASS" start="2024-08-04T03:16:52.068249" elapsed="0.111028"/>
</kw>
<kw name="Set Variable" owner="BuiltIn">
<msg time="2024-08-04T03:16:52.180354" level="INFO">${json_data} = {'results': [{'gender': 'female', 'name': {'title': 'Miss', 'first': 'Vickie', 'last': 'Fleming'}, 'location': {'street': {'number': 2169, 'name': 'Stevens Creek Blvd'}, 'city': 'Pueblo', 'state': 'Rh...</msg>
<var>${json_data}</var>
<arg>${response.json()}</arg>
<doc>Returns the given values which can then be assigned to a variables.</doc>
<status status="PASS" start="2024-08-04T03:16:52.179815" elapsed="0.000568"/>
</kw>
<kw name="Log" owner="BuiltIn">
<msg time="2024-08-04T03:16:52.180839" level="INFO">{'results': [{'gender': 'female', 'name': {'title': 'Miss', 'first': 'Vickie', 'last': 'Fleming'}, 'location': {'street': {'number': 2169, 'name': 'Stevens Creek Blvd'}, 'city': 'Pueblo', 'state': 'Rhode Island', 'country': 'United States', 'postcode': 63961, 'coordinates': {'latitude': '89.5562', 'longitude': '80.4562'}, 'timezone': {'offset': '+5:30', 'description': 'Bombay, Calcutta, Madras, New Delhi'}}, 'email': 'vickie.fleming@example.com', 'login': {'uuid': 'f41b3cbc-9292-4d54-b143-283aefb6705d', 'username': 'browncat572', 'password': 'deng', 'salt': 'kLj2wpDg', 'md5': '24df88014d207771d901824f3380893a', 'sha1': '7b123ada8ed6882683611c49958bd42c563be8db', 'sha256': 'd84628dcdd3a378edb2a4ef120c7dee04734f396ba820e0f0b888bf54d56f8b0'}, 'dob': {'date': '1958-10-11T23:17:13.346Z', 'age': 65}, 'registered': {'date': '2015-03-26T18:24:23.315Z', 'age': 9}, 'phone': '(974) 503-8654', 'cell': '(467) 977-2199', 'id': {'name': 'SSN', 'value': '260-83-2762'}, 'picture': {'large': 'https://randomuser.me/api/portraits/women/90.jpg', 'medium': 'https://randomuser.me/api/portraits/med/women/90.jpg', 'thumbnail': 'https://randomuser.me/api/portraits/thumb/women/90.jpg'}, 'nat': 'US'}], 'info': {'seed': 'd9a10d71bc0b6c5b', 'results': 1, 'page': 1, 'version': '1.4'}}</msg>
<arg>${json_data}</arg>
<doc>Logs the given message with the given level.</doc>
<status status="PASS" start="2024-08-04T03:16:52.180685" elapsed="0.000200"/>
</kw>
<kw name="Dictionary Should Contain Key" owner="Collections">
<arg>${json_data}</arg>
<arg>results</arg>
<doc>Fails if ``key`` is not found from ``dictionary``.</doc>
<status status="PASS" start="2024-08-04T03:16:52.181169" elapsed="0.000161"/>
</kw>
<kw name="Should Not Be Empty" owner="BuiltIn">
<msg time="2024-08-04T03:16:52.181628" level="INFO">Length is 2.</msg>
<arg>${json_data}</arg>
<doc>Verifies that the given item is not empty.</doc>
<status status="PASS" start="2024-08-04T03:16:52.181506" elapsed="0.000158"/>
</kw>
<kw name="Create List" owner="BuiltIn">
<msg time="2024-08-04T03:16:52.182057" level="INFO">${expected_keys} = ['gender', 'name', 'location', 'email', 'login']</msg>
<var>${expected_keys}</var>
<arg>gender</arg>
<arg>name</arg>
<arg>location</arg>
<arg>email</arg>
<arg>login</arg>
<doc>Returns a list containing given items.</doc>
<status status="PASS" start="2024-08-04T03:16:52.181925" elapsed="0.000153"/>
</kw>
<for flavor="IN">
<iter>
<kw name="Dictionary Should Contain Key" owner="Collections">
<arg>${json_data['results'][0]}</arg>
<arg>${key}</arg>
<doc>Fails if ``key`` is not found from ``dictionary``.</doc>
<status status="PASS" start="2024-08-04T03:16:52.182586" elapsed="0.000363"/>
</kw>
<kw name="Log" owner="BuiltIn">
<msg time="2024-08-04T03:16:52.183496" level="INFO">{'gender': 'female', 'name': {'title': 'Miss', 'first': 'Vickie', 'last': 'Fleming'}, 'location': {'street': {'number': 2169, 'name': 'Stevens Creek Blvd'}, 'city': 'Pueblo', 'state': 'Rhode Island', 'country': 'United States', 'postcode': 63961, 'coordinates': {'latitude': '89.5562', 'longitude': '80.4562'}, 'timezone': {'offset': '+5:30', 'description': 'Bombay, Calcutta, Madras, New Delhi'}}, 'email': 'vickie.fleming@example.com', 'login': {'uuid': 'f41b3cbc-9292-4d54-b143-283aefb6705d', 'username': 'browncat572', 'password': 'deng', 'salt': 'kLj2wpDg', 'md5': '24df88014d207771d901824f3380893a', 'sha1': '7b123ada8ed6882683611c49958bd42c563be8db', 'sha256': 'd84628dcdd3a378edb2a4ef120c7dee04734f396ba820e0f0b888bf54d56f8b0'}, 'dob': {'date': '1958-10-11T23:17:13.346Z', 'age': 65}, 'registered': {'date': '2015-03-26T18:24:23.315Z', 'age': 9}, 'phone': '(974) 503-8654', 'cell': '(467) 977-2199', 'id': {'name': 'SSN', 'value': '260-83-2762'}, 'picture': {'large': 'https://randomuser.me/api/portraits/women/90.jpg', 'medium': 'https://randomuser.me/api/portraits/med/women/90.jpg', 'thumbnail': 'https://randomuser.me/api/portraits/thumb/women/90.jpg'}, 'nat': 'US'}</msg>
<arg>${json_data['results'][0]}</arg>
<doc>Logs the given message with the given level.</doc>
<status status="PASS" start="2024-08-04T03:16:52.183159" elapsed="0.000386"/>
</kw>
<kw name="Log" owner="BuiltIn">
<msg time="2024-08-04T03:16:52.183971" level="INFO">gender</msg>
<arg>${key}</arg>
<doc>Logs the given message with the given level.</doc>
<status status="PASS" start="2024-08-04T03:16:52.183842" elapsed="0.000166"/>
</kw>
<var name="${key}">gender</var>
<status status="PASS" start="2024-08-04T03:16:52.182477" elapsed="0.001745"/>
</iter>
<iter>
<kw name="Dictionary Should Contain Key" owner="Collections">
<arg>${json_data['results'][0]}</arg>
<arg>${key}</arg>
<doc>Fails if ``key`` is not found from ``dictionary``.</doc>
<status status="PASS" start="2024-08-04T03:16:52.184517" elapsed="0.000370"/>
</kw>
<kw name="Log" owner="BuiltIn">
<msg time="2024-08-04T03:16:52.185409" level="INFO">{'gender': 'female', 'name': {'title': 'Miss', 'first': 'Vickie', 'last': 'Fleming'}, 'location': {'street': {'number': 2169, 'name': 'Stevens Creek Blvd'}, 'city': 'Pueblo', 'state': 'Rhode Island', 'country': 'United States', 'postcode': 63961, 'coordinates': {'latitude': '89.5562', 'longitude': '80.4562'}, 'timezone': {'offset': '+5:30', 'description': 'Bombay, Calcutta, Madras, New Delhi'}}, 'email': 'vickie.fleming@example.com', 'login': {'uuid': 'f41b3cbc-9292-4d54-b143-283aefb6705d', 'username': 'browncat572', 'password': 'deng', 'salt': 'kLj2wpDg', 'md5': '24df88014d207771d901824f3380893a', 'sha1': '7b123ada8ed6882683611c49958bd42c563be8db', 'sha256': 'd84628dcdd3a378edb2a4ef120c7dee04734f396ba820e0f0b888bf54d56f8b0'}, 'dob': {'date': '1958-10-11T23:17:13.346Z', 'age': 65}, 'registered': {'date': '2015-03-26T18:24:23.315Z', 'age': 9}, 'phone': '(974) 503-8654', 'cell': '(467) 977-2199', 'id': {'name': 'SSN', 'value': '260-83-2762'}, 'picture': {'large': 'https://randomuser.me/api/portraits/women/90.jpg', 'medium': 'https://randomuser.me/api/portraits/med/women/90.jpg', 'thumbnail': 'https://randomuser.me/api/portraits/thumb/women/90.jpg'}, 'nat': 'US'}</msg>
<arg>${json_data['results'][0]}</arg>
<doc>Logs the given message with the given level.</doc>
<status status="PASS" start="2024-08-04T03:16:52.185051" elapsed="0.000402"/>
</kw>
<kw name="Log" owner="BuiltIn">
<msg time="2024-08-04T03:16:52.185848" level="INFO">name</msg>
<arg>${key}</arg>
<doc>Logs the given message with the given level.</doc>
<status status="PASS" start="2024-08-04T03:16:52.185728" elapsed="0.000154"/>
</kw>
<var name="${key}">name</var>
<status status="PASS" start="2024-08-04T03:16:52.184403" elapsed="0.001675"/>
</iter>
<iter>
<kw name="Dictionary Should Contain Key" owner="Collections">
<arg>${json_data['results'][0]}</arg>
<arg>${key}</arg>
<doc>Fails if ``key`` is not found from ``dictionary``.</doc>
<status status="PASS" start="2024-08-04T03:16:52.186337" elapsed="0.000343"/>
</kw>
<kw name="Log" owner="BuiltIn">
<msg time="2024-08-04T03:16:52.187200" level="INFO">{'gender': 'female', 'name': {'title': 'Miss', 'first': 'Vickie', 'last': 'Fleming'}, 'location': {'street': {'number': 2169, 'name': 'Stevens Creek Blvd'}, 'city': 'Pueblo', 'state': 'Rhode Island', 'country': 'United States', 'postcode': 63961, 'coordinates': {'latitude': '89.5562', 'longitude': '80.4562'}, 'timezone': {'offset': '+5:30', 'description': 'Bombay, Calcutta, Madras, New Delhi'}}, 'email': 'vickie.fleming@example.com', 'login': {'uuid': 'f41b3cbc-9292-4d54-b143-283aefb6705d', 'username': 'browncat572', 'password': 'deng', 'salt': 'kLj2wpDg', 'md5': '24df88014d207771d901824f3380893a', 'sha1': '7b123ada8ed6882683611c49958bd42c563be8db', 'sha256': 'd84628dcdd3a378edb2a4ef120c7dee04734f396ba820e0f0b888bf54d56f8b0'}, 'dob': {'date': '1958-10-11T23:17:13.346Z', 'age': 65}, 'registered': {'date': '2015-03-26T18:24:23.315Z', 'age': 9}, 'phone': '(974) 503-8654', 'cell': '(467) 977-2199', 'id': {'name': 'SSN', 'value': '260-83-2762'}, 'picture': {'large': 'https://randomuser.me/api/portraits/women/90.jpg', 'medium': 'https://randomuser.me/api/portraits/med/women/90.jpg', 'thumbnail': 'https://randomuser.me/api/portraits/thumb/women/90.jpg'}, 'nat': 'US'}</msg>
<arg>${json_data['results'][0]}</arg>
<doc>Logs the given message with the given level.</doc>
<status status="PASS" start="2024-08-04T03:16:52.186844" elapsed="0.000399"/>
</kw>
<kw name="Log" owner="BuiltIn">
<msg time="2024-08-04T03:16:52.187659" level="INFO">location</msg>
<arg>${key}</arg>
<doc>Logs the given message with the given level.</doc>
<status status="PASS" start="2024-08-04T03:16:52.187528" elapsed="0.000167"/>
</kw>
<var name="${key}">location</var>
<status status="PASS" start="2024-08-04T03:16:52.186238" elapsed="0.001680"/>
</iter>
<iter>
<kw name="Dictionary Should Contain Key" owner="Collections">
<arg>${json_data['results'][0]}</arg>
<arg>${key}</arg>
<doc>Fails if ``key`` is not found from ``dictionary``.</doc>
<status status="PASS" start="2024-08-04T03:16:52.188195" elapsed="0.000376"/>
</kw>
<kw name="Log" owner="BuiltIn">
<msg time="2024-08-04T03:16:52.189200" level="INFO">{'gender': 'female', 'name': {'title': 'Miss', 'first': 'Vickie', 'last': 'Fleming'}, 'location': {'street': {'number': 2169, 'name': 'Stevens Creek Blvd'}, 'city': 'Pueblo', 'state': 'Rhode Island', 'country': 'United States', 'postcode': 63961, 'coordinates': {'latitude': '89.5562', 'longitude': '80.4562'}, 'timezone': {'offset': '+5:30', 'description': 'Bombay, Calcutta, Madras, New Delhi'}}, 'email': 'vickie.fleming@example.com', 'login': {'uuid': 'f41b3cbc-9292-4d54-b143-283aefb6705d', 'username': 'browncat572', 'password': 'deng', 'salt': 'kLj2wpDg', 'md5': '24df88014d207771d901824f3380893a', 'sha1': '7b123ada8ed6882683611c49958bd42c563be8db', 'sha256': 'd84628dcdd3a378edb2a4ef120c7dee04734f396ba820e0f0b888bf54d56f8b0'}, 'dob': {'date': '1958-10-11T23:17:13.346Z', 'age': 65}, 'registered': {'date': '2015-03-26T18:24:23.315Z', 'age': 9}, 'phone': '(974) 503-8654', 'cell': '(467) 977-2199', 'id': {'name': 'SSN', 'value': '260-83-2762'}, 'picture': {'large': 'https://randomuser.me/api/portraits/women/90.jpg', 'medium': 'https://randomuser.me/api/portraits/med/women/90.jpg', 'thumbnail': 'https://randomuser.me/api/portraits/thumb/women/90.jpg'}, 'nat': 'US'}</msg>
<arg>${json_data['results'][0]}</arg>
<doc>Logs the given message with the given level.</doc>
<status status="PASS" start="2024-08-04T03:16:52.188877" elapsed="0.000366"/>
</kw>
<kw name="Log" owner="BuiltIn">
<msg time="2024-08-04T03:16:52.189634" level="INFO">email</msg>
<arg>${key}</arg>
<doc>Logs the given message with the given level.</doc>
<status status="PASS" start="2024-08-04T03:16:52.189515" elapsed="0.000153"/>
</kw>
<var name="${key}">email</var>
<status status="PASS" start="2024-08-04T03:16:52.188088" elapsed="0.001779"/>
</iter>
<iter>
<kw name="Dictionary Should Contain Key" owner="Collections">
<arg>${json_data['results'][0]}</arg>
<arg>${key}</arg>
<doc>Fails if ``key`` is not found from ``dictionary``.</doc>
<status status="PASS" start="2024-08-04T03:16:52.190158" elapsed="0.000377"/>
</kw>
<kw name="Log" owner="BuiltIn">
<msg time="2024-08-04T03:16:52.191074" level="INFO">{'gender': 'female', 'name': {'title': 'Miss', 'first': 'Vickie', 'last': 'Fleming'}, 'location': {'street': {'number': 2169, 'name': 'Stevens Creek Blvd'}, 'city': 'Pueblo', 'state': 'Rhode Island', 'country': 'United States', 'postcode': 63961, 'coordinates': {'latitude': '89.5562', 'longitude': '80.4562'}, 'timezone': {'offset': '+5:30', 'description': 'Bombay, Calcutta, Madras, New Delhi'}}, 'email': 'vickie.fleming@example.com', 'login': {'uuid': 'f41b3cbc-9292-4d54-b143-283aefb6705d', 'username': 'browncat572', 'password': 'deng', 'salt': 'kLj2wpDg', 'md5': '24df88014d207771d901824f3380893a', 'sha1': '7b123ada8ed6882683611c49958bd42c563be8db', 'sha256': 'd84628dcdd3a378edb2a4ef120c7dee04734f396ba820e0f0b888bf54d56f8b0'}, 'dob': {'date': '1958-10-11T23:17:13.346Z', 'age': 65}, 'registered': {'date': '2015-03-26T18:24:23.315Z', 'age': 9}, 'phone': '(974) 503-8654', 'cell': '(467) 977-2199', 'id': {'name': 'SSN', 'value': '260-83-2762'}, 'picture': {'large': 'https://randomuser.me/api/portraits/women/90.jpg', 'medium': 'https://randomuser.me/api/portraits/med/women/90.jpg', 'thumbnail': 'https://randomuser.me/api/portraits/thumb/women/90.jpg'}, 'nat': 'US'}</msg>
<arg>${json_data['results'][0]}</arg>
<doc>Logs the given message with the given level.</doc>
<status status="PASS" start="2024-08-04T03:16:52.190701" elapsed="0.000417"/>
</kw>
<kw name="Log" owner="BuiltIn">
<msg time="2024-08-04T03:16:52.191509" level="INFO">login</msg>
<arg>${key}</arg>
<doc>Logs the given message with the given level.</doc>
<status status="PASS" start="2024-08-04T03:16:52.191390" elapsed="0.000153"/>
</kw>
<var name="${key}">login</var>
<status status="PASS" start="2024-08-04T03:16:52.190028" elapsed="0.001718"/>
</iter>
<var>${key}</var>
<value>@{expected_keys}</value>
<status status="PASS" start="2024-08-04T03:16:52.182308" elapsed="0.009548"/>
</for>
<kw name="Create List" owner="BuiltIn">
<msg time="2024-08-04T03:16:52.192195" level="INFO">${expected_keysTwo} = ['username', 'password']</msg>
<var>${expected_keysTwo}</var>
<arg>username</arg>
<arg>password</arg>
<doc>Returns a list containing given items.</doc>
<status status="PASS" start="2024-08-04T03:16:52.192056" elapsed="0.000179"/>
</kw>
<for flavor="IN">
<iter>
<kw name="Dictionary Should Contain Key" owner="Collections">
<arg>${json_data['results'][0]['login']}</arg>
<arg>${keyTwo}</arg>
<doc>Fails if ``key`` is not found from ``dictionary``.</doc>
<status status="PASS" start="2024-08-04T03:16:52.192756" elapsed="0.000386"/>
</kw>
<kw name="Dictionary Should Contain Key" owner="Collections">
<arg>${json_data['results'][0]['login']}</arg>
<arg>${keyTwo}</arg>
<doc>Fails if ``key`` is not found from ``dictionary``.</doc>
<status status="PASS" start="2024-08-04T03:16:52.193322" elapsed="0.000376"/>
</kw>
<kw name="Log" owner="BuiltIn">
<msg time="2024-08-04T03:16:52.193974" level="INFO">username</msg>
<arg>${keyTwo}</arg>
<doc>Logs the given message with the given level.</doc>
<status status="PASS" start="2024-08-04T03:16:52.193863" elapsed="0.000146"/>
</kw>
<var name="${keyTwo}">username</var>
<status status="PASS" start="2024-08-04T03:16:52.192648" elapsed="0.001564"/>
</iter>
<iter>
<kw name="Dictionary Should Contain Key" owner="Collections">
<arg>${json_data['results'][0]['login']}</arg>
<arg>${keyTwo}</arg>
<doc>Fails if ``key`` is not found from ``dictionary``.</doc>
<status status="PASS" start="2024-08-04T03:16:52.194465" elapsed="0.000350"/>
</kw>
<kw name="Dictionary Should Contain Key" owner="Collections">
<arg>${json_data['results'][0]['login']}</arg>
<arg>${keyTwo}</arg>
<doc>Fails if ``key`` is not found from ``dictionary``.</doc>
<status status="PASS" start="2024-08-04T03:16:52.194977" elapsed="0.000377"/>
</kw>
<kw name="Log" owner="BuiltIn">
<msg time="2024-08-04T03:16:52.195627" level="INFO">password</msg>
<arg>${keyTwo}</arg>
<doc>Logs the given message with the given level.</doc>
<status status="PASS" start="2024-08-04T03:16:52.195517" elapsed="0.000144"/>
</kw>
<var name="${keyTwo}">password</var>
<status status="PASS" start="2024-08-04T03:16:52.194368" elapsed="0.001496"/>
</iter>
<var>${keyTwo}</var>
<value>@{expected_keysTwo}</value>
<status status="PASS" start="2024-08-04T03:16:52.192498" elapsed="0.003478"/>
</for>
<status status="PASS" start="2024-08-04T03:16:52.068012" elapsed="0.128089"/>
</kw>
<doc>Testa a estrutura da resposta da API.</doc>
<tag>testeEstruturaResposta</tag>
<status status="PASS" start="2024-08-04T03:16:52.067430" elapsed="0.128804"/>
</test>
<test id="s1-s1-t4" name="Validar tipos de dados" line="28">
<kw name="Teste de Tipos de Dados" owner="random-user-service">
<kw name="GET On Session" owner="RequestsLibrary">
<msg time="2024-08-04T03:16:52.293793" level="INFO">GET Request : url=https://randomuser.me/api 
 path_url=/api 
 headers={'User-Agent': 'python-requests/2.32.3', 'Accept-Encoding': 'gzip, deflate', 'Accept': '*/*', 'Connection': 'keep-alive'} 
 body=None 
 </msg>
<msg time="2024-08-04T03:16:52.293876" level="INFO">GET Response : url=https://randomuser.me/api 
 status=200, reason=OK 
 headers={'Date': 'Sun, 04 Aug 2024 03:16:52 GMT', 'Content-Type': 'application/json; charset=utf-8', 'Transfer-Encoding': 'chunked', 'Connection': 'keep-alive', 'X-Powered-By': 'Express', 'Access-Control-Allow-Origin': '*', 'Cache-Control': 'no-cache', 'ETag': 'W/"482-89oDtRvxBHWchh+wkrIOtlhgHik"', 'Vary': 'Accept-Encoding', 'Content-Encoding': 'gzip', 'CF-Cache-Status': 'DYNAMIC', 'Report-To': '{"endpoints":[{"url":"https:\\/\\/a.nel.cloudflare.com\\/report\\/v4?s=yEzWRKNVnaiSrCfPIoOW2OFxLjnCqSZHwzUnr%2FEuTMgjpuk%2BoYWF50NTdTASGeIiHELMiHXMn0EyhL6Fo1enV2G2AHmyaxO8Lvzhaa4%2FVV%2FuMWrnFBNDS9qXMWnDDlh6"}],"group":"cf-nel","max_age":604800}', 'NEL': '{"success_fraction":0,"report_to":"cf-nel","max_age":604800}', 'Server': 'cloudflare', 'CF-RAY': '8adb64224ae21746-SJC', 'alt-svc': 'h3=":443"; ma=86400'} 
 body={"results":[{"gender":"male","name":{"title":"Mr","first":"Abdullahi","last":"Prestegård"},"location":{"street":{"number":1552,"name":"Blåbærsvingen"},"city":"Svene","state":"Akershus","country":"Norway","postcode":"9185","coordinates":{"latitude":"43.8483","longitude":"-20.8786"},"timezone":{"offset":"-1:00","description":"Azores, Cape Verde Islands"}},"email":"abdullahi.prestegard@example.com","login":{"uuid":"0a621c07-a6f4-481e-a8a7-8ff14db5c905","username":"redkoala575","password":"leanne","salt":"NA9tGf6k","md5":"acdee755b396ced10e32bc326ed03532","sha1":"d4b4afa5d5785ba19cecf62f8c74544b11a6f5e6","sha256":"ed747bf557b937beac84f694859a93d562670d7035c9b95057912b46535ff16c"},"dob":{"date":"2001-04-26T04:50:53.486Z","age":23},"registered":{"date":"2021-02-28T00:09:14.963Z","age":3},"phone":"38738503","cell":"98934563","id":{"name":"FN","value":"26040150586"},"picture":{"large":"https://randomuser.me/api/portraits/men/6.jpg","medium":"https://randomuser.me/api/portraits/med/men/6.jpg","thumbnail":"https://randomuser.me/api/portraits/thumb/men/6.jpg"},"nat":"NO"}],"info":{"seed":"5df98c7948c65f5e","results":1,"page":1,"version":"1.4"}} 
 </msg>
<msg time="2024-08-04T03:16:52.293947" level="INFO">/opt/hostedtoolcache/Python/3.12.4/x64/lib/python3.12/site-packages/urllib3/connectionpool.py:1099: InsecureRequestWarning: Unverified HTTPS request is being made to host 'randomuser.me'. Adding certificate verification is strongly advised. See: https://urllib3.readthedocs.io/en/latest/advanced-usage.html#tls-warnings
  warnings.warn(</msg>
<msg time="2024-08-04T03:16:52.294026" level="INFO">${response} = &lt;Response [200]&gt;</msg>
<var>${response}</var>
<arg>consultarAPI</arg>
<arg>/api</arg>
<doc>Sends a GET request on a previously created HTTP Session.</doc>
<status status="PASS" start="2024-08-04T03:16:52.198539" elapsed="0.095520"/>
</kw>
<kw name="Set Variable" owner="BuiltIn">
<msg time="2024-08-04T03:16:52.294995" level="INFO">${json_data} = {'results': [{'gender': 'male', 'name': {'title': 'Mr', 'first': 'Abdullahi', 'last': 'Prestegård'}, 'location': {'street': {'number': 1552, 'name': 'Blåbærsvingen'}, 'city': 'Svene', 'state': 'Akersh...</msg>
<var>${json_data}</var>
<arg>${response.json()}</arg>
<doc>Returns the given values which can then be assigned to a variables.</doc>
<status status="PASS" start="2024-08-04T03:16:52.294479" elapsed="0.000580"/>
</kw>
<kw name="Log" owner="BuiltIn">
<msg time="2024-08-04T03:16:52.295501" level="INFO">{'results': [{'gender': 'male', 'name': {'title': 'Mr', 'first': 'Abdullahi', 'last': 'Prestegård'}, 'location': {'street': {'number': 1552, 'name': 'Blåbærsvingen'}, 'city': 'Svene', 'state': 'Akershus', 'country': 'Norway', 'postcode': '9185', 'coordinates': {'latitude': '43.8483', 'longitude': '-20.8786'}, 'timezone': {'offset': '-1:00', 'description': 'Azores, Cape Verde Islands'}}, 'email': 'abdullahi.prestegard@example.com', 'login': {'uuid': '0a621c07-a6f4-481e-a8a7-8ff14db5c905', 'username': 'redkoala575', 'password': 'leanne', 'salt': 'NA9tGf6k', 'md5': 'acdee755b396ced10e32bc326ed03532', 'sha1': 'd4b4afa5d5785ba19cecf62f8c74544b11a6f5e6', 'sha256': 'ed747bf557b937beac84f694859a93d562670d7035c9b95057912b46535ff16c'}, 'dob': {'date': '2001-04-26T04:50:53.486Z', 'age': 23}, 'registered': {'date': '2021-02-28T00:09:14.963Z', 'age': 3}, 'phone': '38738503', 'cell': '98934563', 'id': {'name': 'FN', 'value': '26040150586'}, 'picture': {'large': 'https://randomuser.me/api/portraits/men/6.jpg', 'medium': 'https://randomuser.me/api/portraits/med/men/6.jpg', 'thumbnail': 'https://randomuser.me/api/portraits/thumb/men/6.jpg'}, 'nat': 'NO'}], 'info': {'seed': '5df98c7948c65f5e', 'results': 1, 'page': 1, 'version': '1.4'}}</msg>
<arg>${json_data}</arg>
<doc>Logs the given message with the given level.</doc>
<status status="PASS" start="2024-08-04T03:16:52.295355" elapsed="0.000191"/>
</kw>
<kw name="Should Be String" owner="String">
<arg>${json_data['results'][0]['gender']}</arg>
<doc>Fails if the given ``item`` is not a string.</doc>
<status status="PASS" start="2024-08-04T03:16:52.295821" elapsed="0.000337"/>
</kw>
<kw name="Should Match Regexp" owner="BuiltIn">
<arg>${json_data['results'][0]['email']}</arg>
<arg>^[a-zA-Z0-9._%+-]+@[a-zA-Z0-9.-]+\.[a-zA-Z]{2,}$</arg>
<doc>Fails if ``string`` does not match ``pattern`` as a regular expression.</doc>
<status status="PASS" start="2024-08-04T03:16:52.296365" elapsed="0.000461"/>
</kw>
<kw name="Should Match Regexp" owner="BuiltIn">
<arg>${json_data['results'][0]['dob']['date']}</arg>
<arg>\\d{4}-\\d{2}-\\d{2}T\\d{2}:\\d{2}:\\d{2}\\.\\d{3}Z</arg>
<doc>Fails if ``string`` does not match ``pattern`` as a regular expression.</doc>
<status status="PASS" start="2024-08-04T03:16:52.297007" elapsed="0.000552"/>
</kw>
<kw name="Should Match Regexp" owner="BuiltIn">
<arg>${json_data['results'][0]['registered']['date']}</arg>
<arg>\\d{4}-\\d{2}-\\d{2}T\\d{2}:\\d{2}:\\d{2}\\.\\d{3}Z</arg>
<doc>Fails if ``string`` does not match ``pattern`` as a regular expression.</doc>
<status status="PASS" start="2024-08-04T03:16:52.297737" elapsed="0.000343"/>
</kw>
<kw name="Should Match Regexp" owner="BuiltIn">
<arg>${json_data['results'][0]['picture']['large']}</arg>
<arg>^https?://.*\.(?:png|jpe?g|gif|bmp)$</arg>
<doc>Fails if ``string`` does not match ``pattern`` as a regular expression.</doc>
<status status="PASS" start="2024-08-04T03:16:52.298250" elapsed="0.000420"/>
</kw>
<kw name="Should Match Regexp" owner="BuiltIn">
<arg>${json_data['results'][0]['picture']['medium']}</arg>
<arg>^https?://.*\.(?:png|jpe?g|gif|bmp)$</arg>
<doc>Fails if ``string`` does not match ``pattern`` as a regular expression.</doc>
<status status="PASS" start="2024-08-04T03:16:52.298841" elapsed="0.000358"/>
</kw>
<kw name="Should Match Regexp" owner="BuiltIn">
<arg>${json_data['results'][0]['picture']['thumbnail']}</arg>
<arg>^https?://.*\.(?:png|jpe?g|gif|bmp)$</arg>
<doc>Fails if ``string`` does not match ``pattern`` as a regular expression.</doc>
<status status="PASS" start="2024-08-04T03:16:52.299368" elapsed="0.000323"/>
</kw>
<kw name="Log" owner="BuiltIn">
<msg time="2024-08-04T03:16:52.300155" level="INFO">{'large': 'https://randomuser.me/api/portraits/men/6.jpg', 'medium': 'https://randomuser.me/api/portraits/med/men/6.jpg', 'thumbnail': 'https://randomuser.me/api/portraits/thumb/men/6.jpg'}</msg>
<arg>${json_data['results'][0]['picture']}</arg>
<doc>Logs the given message with the given level.</doc>
<status status="PASS" start="2024-08-04T03:16:52.299855" elapsed="0.000340"/>
</kw>
<status status="PASS" start="2024-08-04T03:16:52.198324" elapsed="0.102107"/>
</kw>
<kw name="Teste de Tipos de Dados - Postcode" owner="random-user-service">
<kw name="GET On Session" owner="RequestsLibrary">
<msg time="2024-08-04T03:16:52.393652" level="INFO">GET Request : url=https://randomuser.me/api 
 path_url=/api 
 headers={'User-Agent': 'python-requests/2.32.3', 'Accept-Encoding': 'gzip, deflate', 'Accept': '*/*', 'Connection': 'keep-alive'} 
 body=None 
 </msg>
<msg time="2024-08-04T03:16:52.393735" level="INFO">GET Response : url=https://randomuser.me/api 
 status=200, reason=OK 
 headers={'Date': 'Sun, 04 Aug 2024 03:16:52 GMT', 'Content-Type': 'application/json; charset=utf-8', 'Transfer-Encoding': 'chunked', 'Connection': 'keep-alive', 'X-Powered-By': 'Express', 'Access-Control-Allow-Origin': '*', 'Cache-Control': 'no-cache', 'ETag': 'W/"491-g3cbye3RVgRqPSdRRZPoF1I7NXI"', 'Vary': 'Accept-Encoding', 'Content-Encoding': 'gzip', 'CF-Cache-Status': 'DYNAMIC', 'Report-To': '{"endpoints":[{"url":"https:\\/\\/a.nel.cloudflare.com\\/report\\/v4?s=HSe7R1uKy1W0O5jQiffVQlNOZIrHVadEg8Ez%2FPukpzDG7hEL8eLxKlKVn2wty1H1Iw8S0MhtQ7%2BOkHG5n5udm2WWFpiqxIbTBs5Y3Ldw5QkBrWgX9artiGyOZGwDfJV4"}],"group":"cf-nel","max_age":604800}', 'NEL': '{"success_fraction":0,"report_to":"cf-nel","max_age":604800}', 'Server': 'cloudflare', 'CF-RAY': '8adb6422eb801746-SJC', 'alt-svc': 'h3=":443"; ma=86400'} 
 body={"results":[{"gender":"female","name":{"title":"Mrs","first":"Elisa","last":"Francois"},"location":{"street":{"number":5446,"name":"Place du 8 Février 1962"},"city":"Metz","state":"Haute-Vienne","country":"France","postcode":30033,"coordinates":{"latitude":"-19.3792","longitude":"4.2823"},"timezone":{"offset":"-10:00","description":"Hawaii"}},"email":"elisa.francois@example.com","login":{"uuid":"45618476-31bb-42e6-a4dd-b13b539b9496","username":"ticklishpanda160","password":"sowhat","salt":"gSRl6yNs","md5":"51d0c1134bc9a64006760b23587fa6e4","sha1":"294e15cb4c01ce9c6f3e23f2cb5a308d63048a5d","sha256":"a739df4ec4ee7239eac180e9566a9c28ed60faef67f92c368c932d434b837ecc"},"dob":{"date":"1956-04-15T19:29:38.523Z","age":68},"registered":{"date":"2016-02-20T04:37:56.228Z","age":8},"phone":"02-57-52-64-75","cell":"06-82-40-39-40","id":{"name":"INSEE","value":"2560321724825 88"},"picture":{"large":"https://randomuser.me/api/portraits/women/32.jpg","medium":"https://randomuser.me/api/portraits/med/women/32.jpg","thumbnail":"https://randomuser.me/api/portraits/thumb/women/32.jpg"},"nat":"FR"}],"info":{"seed":"01b6b31fa762b7dc","results":1,"page":1,"version":"1.4"}} 
 </msg>
<msg time="2024-08-04T03:16:52.393808" level="INFO">/opt/hostedtoolcache/Python/3.12.4/x64/lib/python3.12/site-packages/urllib3/connectionpool.py:1099: InsecureRequestWarning: Unverified HTTPS request is being made to host 'randomuser.me'. Adding certificate verification is strongly advised. See: https://urllib3.readthedocs.io/en/latest/advanced-usage.html#tls-warnings
  warnings.warn(</msg>
<msg time="2024-08-04T03:16:52.393924" level="INFO">${response} = &lt;Response [200]&gt;</msg>
<var>${response}</var>
<arg>consultarAPI</arg>
<arg>/api</arg>
<doc>Sends a GET request on a previously created HTTP Session.</doc>
<status status="PASS" start="2024-08-04T03:16:52.300820" elapsed="0.093158"/>
</kw>
<kw name="Set Variable" owner="BuiltIn">
<msg time="2024-08-04T03:16:52.395116" level="INFO">${json_data} = {'results': [{'gender': 'female', 'name': {'title': 'Mrs', 'first': 'Elisa', 'last': 'Francois'}, 'location': {'street': {'number': 5446, 'name': 'Place du 8 Février 1962'}, 'city': 'Metz', 'state': '...</msg>
<var>${json_data}</var>
<arg>${response.json()}</arg>
<doc>Returns the given values which can then be assigned to a variables.</doc>
<status status="PASS" start="2024-08-04T03:16:52.394567" elapsed="0.000577"/>
</kw>
<kw name="Log" owner="BuiltIn">
<msg time="2024-08-04T03:16:52.395576" level="INFO">{'results': [{'gender': 'female', 'name': {'title': 'Mrs', 'first': 'Elisa', 'last': 'Francois'}, 'location': {'street': {'number': 5446, 'name': 'Place du 8 Février 1962'}, 'city': 'Metz', 'state': 'Haute-Vienne', 'country': 'France', 'postcode': 30033, 'coordinates': {'latitude': '-19.3792', 'longitude': '4.2823'}, 'timezone': {'offset': '-10:00', 'description': 'Hawaii'}}, 'email': 'elisa.francois@example.com', 'login': {'uuid': '45618476-31bb-42e6-a4dd-b13b539b9496', 'username': 'ticklishpanda160', 'password': 'sowhat', 'salt': 'gSRl6yNs', 'md5': '51d0c1134bc9a64006760b23587fa6e4', 'sha1': '294e15cb4c01ce9c6f3e23f2cb5a308d63048a5d', 'sha256': 'a739df4ec4ee7239eac180e9566a9c28ed60faef67f92c368c932d434b837ecc'}, 'dob': {'date': '1956-04-15T19:29:38.523Z', 'age': 68}, 'registered': {'date': '2016-02-20T04:37:56.228Z', 'age': 8}, 'phone': '02-57-52-64-75', 'cell': '06-82-40-39-40', 'id': {'name': 'INSEE', 'value': '2560321724825 88'}, 'picture': {'large': 'https://randomuser.me/api/portraits/women/32.jpg', 'medium': 'https://randomuser.me/api/portraits/med/women/32.jpg', 'thumbnail': 'https://randomuser.me/api/portraits/thumb/women/32.jpg'}, 'nat': 'FR'}], 'info': {'seed': '01b6b31fa762b7dc', 'results': 1, 'page': 1, 'version': '1.4'}}</msg>
<arg>${json_data}</arg>
<doc>Logs the given message with the given level.</doc>
<status status="PASS" start="2024-08-04T03:16:52.395423" elapsed="0.000198"/>
</kw>
<kw name="Should Be Equal As Numbers" owner="BuiltIn">
<arg>${json_data['results'][0]['location']['postcode']}</arg>
<arg>${json_data['results'][0]['location']['postcode']}</arg>
<doc>Fails if objects are unequal after converting them to real numbers.</doc>
<status status="PASS" start="2024-08-04T03:16:52.395890" elapsed="0.000562"/>
</kw>
<kw name="Log" owner="BuiltIn">
<msg time="2024-08-04T03:16:52.396965" level="INFO">30033</msg>
<arg>${json_data['results'][0]['location']['postcode']}</arg>
<doc>Logs the given message with the given level.</doc>
<status status="PASS" start="2024-08-04T03:16:52.396652" elapsed="0.000351"/>
</kw>
<status status="PASS" start="2024-08-04T03:16:52.300623" elapsed="0.096613"/>
</kw>
<doc>Testa se os tipos de dados na resposta da API estão corretos.</doc>
<tag>testeTiposDados</tag>
<status status="PASS" start="2024-08-04T03:16:52.197827" elapsed="0.199552"/>
</test>
<test id="s1-s1-t5" name="Validar conteudo" line="35">
<kw name="Teste de Tipos de Conteudo" owner="random-user-service">
<kw name="GET On Session" owner="RequestsLibrary">
<msg time="2024-08-04T03:16:52.491539" level="INFO">GET Request : url=https://randomuser.me/api 
 path_url=/api 
 headers={'User-Agent': 'python-requests/2.32.3', 'Accept-Encoding': 'gzip, deflate', 'Accept': '*/*', 'Connection': 'keep-alive'} 
 body=None 
 </msg>
<msg time="2024-08-04T03:16:52.491636" level="INFO">GET Response : url=https://randomuser.me/api 
 status=200, reason=OK 
 headers={'Date': 'Sun, 04 Aug 2024 03:16:52 GMT', 'Content-Type': 'application/json; charset=utf-8', 'Transfer-Encoding': 'chunked', 'Connection': 'keep-alive', 'X-Powered-By': 'Express', 'Access-Control-Allow-Origin': '*', 'Cache-Control': 'no-cache', 'ETag': 'W/"48e-zYVBsL9n6qAS9CCFMhohdWqsGJo"', 'Vary': 'Accept-Encoding', 'Content-Encoding': 'gzip', 'CF-Cache-Status': 'DYNAMIC', 'Report-To': '{"endpoints":[{"url":"https:\\/\\/a.nel.cloudflare.com\\/report\\/v4?s=85c1QjP%2F%2FTbPoKubke7h%2B02frYSvHLVSi15ndela9rnj8iIiKUTevaGuc7XhYfxSnr8AinthncjQIDjsfPG0mB6bd%2Bt3eLQRKK32p52ofryn64GddkgA14W5W9mNKXPY"}],"group":"cf-nel","max_age":604800}', 'NEL': '{"success_fraction":0,"report_to":"cf-nel","max_age":604800}', 'Server': 'cloudflare', 'CF-RAY': '8adb64238c261746-SJC', 'alt-svc': 'h3=":443"; ma=86400'} 
 body={"results":[{"gender":"female","name":{"title":"Miss","first":"Johanne","last":"Feragen"},"location":{"street":{"number":7135,"name":"Holmenhaugen"},"city":"Myra","state":"Buskerud","country":"Norway","postcode":"5515","coordinates":{"latitude":"44.1291","longitude":"36.2636"},"timezone":{"offset":"+10:00","description":"Eastern Australia, Guam, Vladivostok"}},"email":"johanne.feragen@example.com","login":{"uuid":"730fb582-d487-4003-8150-a8318ae40e13","username":"angrymouse573","password":"feather","salt":"rGCdbnsg","md5":"0203d74725b4d4d4b9ec3bb2ad36ea43","sha1":"db2534376e1d1d2834aad42b8f848b70a3a32acf","sha256":"a5e7504a781a3f4db358855a4d5ffc6ee3aa948f32666208918507bda85c38e1"},"dob":{"date":"1956-08-27T05:07:20.551Z","age":67},"registered":{"date":"2003-09-05T17:02:37.780Z","age":20},"phone":"78209023","cell":"90519471","id":{"name":"FN","value":"27085643695"},"picture":{"large":"https://randomuser.me/api/portraits/women/52.jpg","medium":"https://randomuser.me/api/portraits/med/women/52.jpg","thumbnail":"https://randomuser.me/api/portraits/thumb/women/52.jpg"},"nat":"NO"}],"info":{"seed":"e723e88ab4fe31b1","results":1,"page":1,"version":"1.4"}} 
 </msg>
<msg time="2024-08-04T03:16:52.491708" level="INFO">/opt/hostedtoolcache/Python/3.12.4/x64/lib/python3.12/site-packages/urllib3/connectionpool.py:1099: InsecureRequestWarning: Unverified HTTPS request is being made to host 'randomuser.me'. Adding certificate verification is strongly advised. See: https://urllib3.readthedocs.io/en/latest/advanced-usage.html#tls-warnings
  warnings.warn(</msg>
<msg time="2024-08-04T03:16:52.491817" level="INFO">${response} = &lt;Response [200]&gt;</msg>
<var>${response}</var>
<arg>consultarAPI</arg>
<arg>/api</arg>
<doc>Sends a GET request on a previously created HTTP Session.</doc>
<status status="PASS" start="2024-08-04T03:16:52.399661" elapsed="0.092195"/>
</kw>
<kw name="Set Variable" owner="BuiltIn">
<msg time="2024-08-04T03:16:52.492757" level="INFO">${json_data} = {'results': [{'gender': 'female', 'name': {'title': 'Miss', 'first': 'Johanne', 'last': 'Feragen'}, 'location': {'street': {'number': 7135, 'name': 'Holmenhaugen'}, 'city': 'Myra', 'state': 'Buskerud'...</msg>
<var>${json_data}</var>
<arg>${response.json()}</arg>
<doc>Returns the given values which can then be assigned to a variables.</doc>
<status status="PASS" start="2024-08-04T03:16:52.492348" elapsed="0.000435"/>
</kw>
<kw name="Set Variable" owner="BuiltIn">
<msg time="2024-08-04T03:16:52.493402" level="INFO">${name_title} = Miss</msg>
<var>${name_title}</var>
<arg>${json_data["results"][0]["name"]["title"]}</arg>
<doc>Returns the given values which can then be assigned to a variables.</doc>
<status status="PASS" start="2024-08-04T03:16:52.493058" elapsed="0.000367"/>
</kw>
<kw name="Create List" owner="BuiltIn">
<msg time="2024-08-04T03:16:52.493829" level="INFO">${allowed_titles} = ['Mr', 'Ms', 'Miss', 'Mrs', 'Madame', 'Monsieur']</msg>
<var>${allowed_titles}</var>
<arg>Mr</arg>
<arg>Ms</arg>
<arg>Miss</arg>
<arg>Mrs</arg>
<arg>Madame</arg>
<arg>Monsieur</arg>
<doc>Returns a list containing given items.</doc>
<status status="PASS" start="2024-08-04T03:16:52.493691" elapsed="0.000160"/>
</kw>
<kw name="List Should Contain Value" owner="Collections">
<arg>${allowed_titles}</arg>
<arg>${name_title}</arg>
<doc>Fails if the ``value`` is not found from ``list``.</doc>
<status status="PASS" start="2024-08-04T03:16:52.494130" elapsed="0.000163"/>
</kw>
<kw name="Set Variable" owner="BuiltIn">
<msg time="2024-08-04T03:16:52.494796" level="INFO">${name_country} = NO</msg>
<var>${name_country}</var>
<arg>${json_data["results"][0]["nat"]}</arg>
<doc>Returns the given values which can then be assigned to a variables.</doc>
<status status="PASS" start="2024-08-04T03:16:52.494458" elapsed="0.000360"/>
</kw>
<kw name="Create List" owner="BuiltIn">
<msg time="2024-08-04T03:16:52.495681" level="INFO">${list_country} = ['AD', 'AE', 'AF', 'AG', 'AI', 'AL', 'AM', 'AO', 'AQ', 'AR', 'AS', 'AT', 'AU', 'AW', 'AX', 'AZ', 'BA', 'BB', 'BD', 'BE', 'BF', 'BG', 'BH', 'BI', 'BJ', 'BL', 'BM', 'BN', 'BO', 'BQ', 'BR', 'BS', 'BT', '...</msg>
<var>${list_country}</var>
<arg>AD</arg>
<arg>AE</arg>
<arg>AF</arg>
<arg>AG</arg>
<arg>AI</arg>
<arg>AL</arg>
<arg>AM</arg>
<arg>AO</arg>
<arg>AQ</arg>
<arg>AR</arg>
<arg>AS</arg>
<arg>AT</arg>
<arg>AU</arg>
<arg>AW</arg>
<arg>AX</arg>
<arg>AZ</arg>
<arg>BA</arg>
<arg>BB</arg>
<arg>BD</arg>
<arg>BE</arg>
<arg>BF</arg>
<arg>BG</arg>
<arg>BH</arg>
<arg>BI</arg>
<arg>BJ</arg>
<arg>BL</arg>
<arg>BM</arg>
<arg>BN</arg>
<arg>BO</arg>
<arg>BQ</arg>
<arg>BR</arg>
<arg>BS</arg>
<arg>BT</arg>
<arg>BV</arg>
<arg>BW</arg>
<arg>BY</arg>
<arg>BZ</arg>
<arg>CA</arg>
<arg>CC</arg>
<arg>CD</arg>
<arg>CF</arg>
<arg>CG</arg>
<arg>CH</arg>
<arg>CI</arg>
<arg>CK</arg>
<arg>CL</arg>
<arg>CM</arg>
<arg>CN</arg>
<arg>CO</arg>
<arg>CR</arg>
<arg>CU</arg>
<arg>CV</arg>
<arg>CW</arg>
<arg>CX</arg>
<arg>CY</arg>
<arg>CZ</arg>
<arg>DE</arg>
<arg>DJ</arg>
<arg>DK</arg>
<arg>DM</arg>
<arg>DO</arg>
<arg>DZ</arg>
<arg>EC</arg>
<arg>EE</arg>
<arg>EG</arg>
<arg>EH</arg>
<arg>ER</arg>
<arg>ES</arg>
<arg>ET</arg>
<arg>FI</arg>
<arg>FJ</arg>
<arg>FK</arg>
<arg>FM</arg>
<arg>FO</arg>
<arg>FR</arg>
<arg>GA</arg>
<arg>GB</arg>
<arg>GD</arg>
<arg>GE</arg>
<arg>GF</arg>
<arg>GG</arg>
<arg>GH</arg>
<arg>GI</arg>
<arg>GL</arg>
<arg>GM</arg>
<arg>GN</arg>
<arg>GP</arg>
<arg>GQ</arg>
<arg>GR</arg>
<arg>GS</arg>
<arg>GT</arg>
<arg>GU</arg>
<arg>GW</arg>
<arg>GY</arg>
<arg>HK</arg>
<arg>HM</arg>
<arg>HN</arg>
<arg>HR</arg>
<arg>HT</arg>
<arg>HU</arg>
<arg>ID</arg>
<arg>IE</arg>
<arg>IL</arg>
<arg>IM</arg>
<arg>IN</arg>
<arg>IO</arg>
<arg>IQ</arg>
<arg>IR</arg>
<arg>IS</arg>
<arg>IT</arg>
<arg>JE</arg>
<arg>JM</arg>
<arg>JO</arg>
<arg>JP</arg>
<arg>KE</arg>
<arg>KG</arg>
<arg>KH</arg>
<arg>KI</arg>
<arg>KM</arg>
<arg>KN</arg>
<arg>KP</arg>
<arg>KR</arg>
<arg>KW</arg>
<arg>KY</arg>
<arg>KZ</arg>
<arg>LA</arg>
<arg>LB</arg>
<arg>LC</arg>
<arg>LI</arg>
<arg>LK</arg>
<arg>LR</arg>
<arg>LS</arg>
<arg>LT</arg>
<arg>LU</arg>
<arg>LV</arg>
<arg>LY</arg>
<arg>MA</arg>
<arg>MC</arg>
<arg>MD</arg>
<arg>ME</arg>
<arg>MF</arg>
<arg>MG</arg>
<arg>MH</arg>
<arg>MK</arg>
<arg>ML</arg>
<arg>MM</arg>
<arg>MN</arg>
<arg>MO</arg>
<arg>MP</arg>
<arg>MQ</arg>
<arg>MR</arg>
<arg>MS</arg>
<arg>MT</arg>
<arg>MU</arg>
<arg>MV</arg>
<arg>MW</arg>
<arg>MX</arg>
<arg>MY</arg>
<arg>MZ</arg>
<arg>NA</arg>
<arg>NC</arg>
<arg>NE</arg>
<arg>NF</arg>
<arg>NG</arg>
<arg>NI</arg>
<arg>NL</arg>
<arg>NO</arg>
<arg>NP</arg>
<arg>NR</arg>
<arg>NU</arg>
<arg>NZ</arg>
<arg>OM</arg>
<arg>PA</arg>
<arg>PE</arg>
<arg>PF</arg>
<arg>PG</arg>
<arg>PH</arg>
<arg>PK</arg>
<arg>PL</arg>
<arg>PM</arg>
<arg>PN</arg>
<arg>PR</arg>
<arg>PS</arg>
<arg>PT</arg>
<arg>PW</arg>
<arg>PY</arg>
<arg>QA</arg>
<arg>RE</arg>
<arg>RO</arg>
<arg>RS</arg>
<arg>RU</arg>
<arg>RW</arg>
<arg>SA</arg>
<arg>SB</arg>
<arg>SC</arg>
<arg>SD</arg>
<arg>SE</arg>
<arg>SG</arg>
<arg>SH</arg>
<arg>SI</arg>
<arg>SJ</arg>
<arg>SK</arg>
<arg>SL</arg>
<arg>SM</arg>
<arg>SN</arg>
<arg>SO</arg>
<arg>SR</arg>
<arg>SS</arg>
<arg>ST</arg>
<arg>SV</arg>
<arg>SX</arg>
<arg>SY</arg>
<arg>SZ</arg>
<arg>TC</arg>
<arg>TD</arg>
<arg>TF</arg>
<arg>TG</arg>
<arg>TH</arg>
<arg>TJ</arg>
<arg>TK</arg>
<arg>TL</arg>
<arg>TM</arg>
<arg>TN</arg>
<arg>TO</arg>
<arg>TR</arg>
<arg>TT</arg>
<arg>TV</arg>
<arg>TW</arg>
<arg>TZ</arg>
<arg>UA</arg>
<arg>UG</arg>
<arg>UM</arg>
<arg>US</arg>
<arg>UY</arg>
<arg>UZ</arg>
<arg>VA</arg>
<arg>VC</arg>
<arg>VE</arg>
<arg>VG</arg>
<arg>VI</arg>
<arg>VN</arg>
<arg>VU</arg>
<arg>WF</arg>
<arg>WS</arg>
<arg>XK</arg>
<arg>YE</arg>
<arg>YT</arg>
<arg>ZA</arg>
<arg>ZM</arg>
<arg>ZW</arg>
<doc>Returns a list containing given items.</doc>
<status status="PASS" start="2024-08-04T03:16:52.495129" elapsed="0.000576"/>
</kw>
<kw name="List Should Contain Value" owner="Collections">
<arg>${list_country}</arg>
<arg>${name_country}</arg>
<doc>Fails if the ``value`` is not found from ``list``.</doc>
<status status="PASS" start="2024-08-04T03:16:52.496555" elapsed="0.000194"/>
</kw>
<kw name="Run Keyword If" owner="BuiltIn">
<kw name="Should Be True" owner="BuiltIn">
<arg>${True}</arg>
<doc>Fails if the given condition is not true.</doc>
<status status="PASS" start="2024-08-04T03:16:52.497602" elapsed="0.000131"/>
</kw>
<arg>${json_data["results"][0]["location"]["coordinates"]["latitude"]} &gt;= -90 and ${json_data["results"][0]["location"]["coordinates"]["latitude"]} &lt;= 90</arg>
<arg>Should Be True</arg>
<arg>${True}</arg>
<doc>Runs the given keyword with the given arguments, if ``condition`` is true.</doc>
<status status="PASS" start="2024-08-04T03:16:52.496930" elapsed="0.000918"/>
</kw>
<kw name="Run Keyword If" owner="BuiltIn">
<kw name="Should Be True" owner="BuiltIn">
<arg>${True}</arg>
<doc>Fails if the given condition is not true.</doc>
<status status="PASS" start="2024-08-04T03:16:52.498641" elapsed="0.000125"/>
</kw>
<arg>${json_data["results"][0]["location"]["coordinates"]["longitude"]} &gt;= -180 and ${json_data["results"][0]["location"]["coordinates"]["longitude"]} &lt;= 180</arg>
<arg>Should Be True</arg>
<arg>${True}</arg>
<doc>Runs the given keyword with the given arguments, if ``condition`` is true.</doc>
<status status="PASS" start="2024-08-04T03:16:52.498012" elapsed="0.000865"/>
</kw>
<status status="PASS" start="2024-08-04T03:16:52.399458" elapsed="0.099536"/>
</kw>
<doc>Testa o conteúdo específico dos campos retornados pela API.</doc>
<tag>testeConteudo</tag>
<status status="PASS" start="2024-08-04T03:16:52.398967" elapsed="0.100184"/>
</test>
<status status="PASS" start="2024-08-04T03:16:51.524476" elapsed="0.976363"/>
</suite>
<status status="PASS" start="2024-08-04T03:16:51.510938" elapsed="0.994520"/>
</suite>
<statistics>
<total>
<stat pass="5" fail="0" skip="0">All Tests</stat>
</total>
<tag>
<stat pass="1" fail="0" skip="0">testeConteudo</stat>
<stat pass="1" fail="0" skip="0">testeEstruturaResposta</stat>
<stat pass="1" fail="0" skip="0">testeRequisicaoBasica</stat>
<stat pass="1" fail="0" skip="0">testeTiposDados</stat>
</tag>
<suite>
<stat pass="5" fail="0" skip="0" id="s1" name="Tests">Tests</stat>
<stat pass="5" fail="0" skip="0" id="s1-s1" name="Random-User-Test">Tests.Random-User-Test</stat>
</suite>
</statistics>
<errors>
</errors>
</robot>
