<?xml version="1.0" encoding="UTF-8"?>
<robot generator="Robot 7.0.1 (Python 3.12.4 on linux)" generated="2024-07-15T18:20:06.126529" rpa="false" schemaversion="5">
<suite id="s1" name="Tests" source="/home/runner/work/ApiRandomUser/ApiRandomUser/RamdonUser/tests">
<suite id="s1-s1" name="Random-User-Test" source="/home/runner/work/ApiRandomUser/ApiRandomUser/RamdonUser/tests/random-user-test.robot">
<test id="s1-s1-t1" name="Conectar" line="13">
<kw name="Conectar API" owner="random-user-service">
<kw name="Create Session" owner="RequestsLibrary">
<msg time="2024-07-15T18:20:06.539308" level="INFO">Creating Session using : alias=consultarAPI, url=https://randomuser.me/, headers={},                     cookies={}, auth=None, timeout=None, proxies=None, verify=False,                     debug=0 </msg>
<arg>consultarAPI</arg>
<arg>${URL}</arg>
<doc>Create Session: create a HTTP session to a server</doc>
<status status="PASS" start="2024-07-15T18:20:06.539103" elapsed="0.000391"/>
</kw>
<status status="PASS" start="2024-07-15T18:20:06.538111" elapsed="0.001781"/>
</kw>
<status status="PASS" start="2024-07-15T18:20:06.537442" elapsed="0.002649"/>
</test>
<test id="s1-s1-t2" name="Validar retorno 200 e JSON Válido" line="16">
<kw name="Teste de Requisicao Basica" owner="random-user-service">
<kw name="GET On Session" owner="RequestsLibrary">
<msg time="2024-07-15T18:20:06.852824" level="INFO">GET Request : url=https://randomuser.me/api 
 path_url=/api 
 headers={'User-Agent': 'python-requests/2.32.3', 'Accept-Encoding': 'gzip, deflate', 'Accept': '*/*', 'Connection': 'keep-alive'} 
 body=None 
 </msg>
<msg time="2024-07-15T18:20:06.852973" level="INFO">GET Response : url=https://randomuser.me/api 
 status=200, reason=OK 
 headers={'Date': 'Mon, 15 Jul 2024 18:20:06 GMT', 'Content-Type': 'application/json; charset=utf-8', 'Transfer-Encoding': 'chunked', 'Connection': 'keep-alive', 'X-Powered-By': 'Express', 'Access-Control-Allow-Origin': '*', 'Cache-Control': 'no-cache', 'ETag': 'W/"4ab-0GB3DvxTub0r91mfdjoNytUgmxo"', 'Vary': 'Accept-Encoding', 'Content-Encoding': 'gzip', 'CF-Cache-Status': 'DYNAMIC', 'Report-To': '{"endpoints":[{"url":"https:\\/\\/a.nel.cloudflare.com\\/report\\/v4?s=SBKUHl8ZaO5Czj8IHHmQLrmcowxT%2FDwOsyJ4FFbTJc5dsNPPZPzZOTjzRwPo86aGky1Jj5SB35bYzuLAMaulI9xB%2Fcm63TiUQl0rc6PvuSjjFc5p6gah%2BMTEj6gYweED"}],"group":"cf-nel","max_age":604800}', 'NEL': '{"success_fraction":0,"report_to":"cf-nel","max_age":604800}', 'Server': 'cloudflare', 'CF-RAY': '8a3bc3bd0cc056ec-IAD', 'alt-svc': 'h3=":443"; ma=86400'} 
 body={"results":[{"gender":"male","name":{"title":"Monsieur","first":"Filip","last":"Petit"},"location":{"street":{"number":5250,"name":"Avenue de la Libération"},"city":"Pierrafortscha","state":"Aargau","country":"Switzerland","postcode":5347,"coordinates":{"latitude":"-57.6261","longitude":"-94.6483"},"timezone":{"offset":"-4:00","description":"Atlantic Time (Canada), Caracas, La Paz"}},"email":"filip.petit@example.com","login":{"uuid":"4c480a07-aa6d-424c-9761-7ad376bcbd74","username":"happybird517","password":"inferno","salt":"ONx2lrVL","md5":"16292c0991ebf4aed4d27673f2d14a6b","sha1":"96d55976068069971e35d26a9a19933434170550","sha256":"a36cf459a71b7575ed53d795b3d5bb1888481d8a4549403e281e5aee91acb348"},"dob":{"date":"1981-05-18T17:13:16.200Z","age":43},"registered":{"date":"2019-05-07T06:16:02.067Z","age":5},"phone":"076 777 84 28","cell":"077 778 70 45","id":{"name":"AVS","value":"756.4445.4203.41"},"picture":{"large":"https://randomuser.me/api/portraits/men/22.jpg","medium":"https://randomuser.me/api/portraits/med/men/22.jpg","thumbnail":"https://randomuser.me/api/portraits/thumb/men/22.jpg"},"nat":"CH"}],"info":{"seed":"af6e389f79837aa6","results":1,"page":1,"version":"1.4"}} 
 </msg>
<msg time="2024-07-15T18:20:06.853060" level="INFO">/opt/hostedtoolcache/Python/3.12.4/x64/lib/python3.12/site-packages/urllib3/connectionpool.py:1099: InsecureRequestWarning: Unverified HTTPS request is being made to host 'randomuser.me'. Adding certificate verification is strongly advised. See: https://urllib3.readthedocs.io/en/latest/advanced-usage.html#tls-warnings
  warnings.warn(</msg>
<msg time="2024-07-15T18:20:06.853223" level="INFO">${response} = &lt;Response [200]&gt;</msg>
<var>${response}</var>
<arg>consultarAPI</arg>
<arg>/api</arg>
<doc>Sends a GET request on a previously created HTTP Session.</doc>
<status status="PASS" start="2024-07-15T18:20:06.542751" elapsed="0.310527"/>
</kw>
<kw name="Should Be Equal As Numbers" owner="BuiltIn">
<msg time="2024-07-15T18:20:06.854267" level="INFO">Argument types are:
&lt;class 'int'&gt;
&lt;class 'str'&gt;</msg>
<arg>${response.status_code}</arg>
<arg>200</arg>
<doc>Fails if objects are unequal after converting them to real numbers.</doc>
<status status="PASS" start="2024-07-15T18:20:06.853814" elapsed="0.000517"/>
</kw>
<kw name="Log" owner="BuiltIn">
<msg time="2024-07-15T18:20:06.854987" level="INFO">200</msg>
<arg>${response.status_code}</arg>
<doc>Logs the given message with the given level.</doc>
<status status="PASS" start="2024-07-15T18:20:06.854642" elapsed="0.000387"/>
</kw>
<kw name="Set Variable" owner="BuiltIn">
<msg time="2024-07-15T18:20:06.855793" level="INFO">${json_data} = {'results': [{'gender': 'male', 'name': {'title': 'Monsieur', 'first': 'Filip', 'last': 'Petit'}, 'location': {'street': {'number': 5250, 'name': 'Avenue de la Libération'}, 'city': 'Pierrafortscha', ...</msg>
<var>${json_data}</var>
<arg>${response.json()}</arg>
<doc>Returns the given values which can then be assigned to a variables.</doc>
<status status="PASS" start="2024-07-15T18:20:06.855327" elapsed="0.000498"/>
</kw>
<kw name="Dictionary Should Contain Key" owner="Collections">
<arg>${json_data}</arg>
<arg>results</arg>
<doc>Fails if ``key`` is not found from ``dictionary``.</doc>
<status status="PASS" start="2024-07-15T18:20:06.856121" elapsed="0.000163"/>
</kw>
<status status="PASS" start="2024-07-15T18:20:06.542496" elapsed="0.313941"/>
</kw>
<doc>Testa se a API responde corretamente e retorna um objeto JSON válido.</doc>
<tag>testeRequisicaoBasica</tag>
<status status="PASS" start="2024-07-15T18:20:06.541972" elapsed="0.314647"/>
</test>
<test id="s1-s1-t3" name="Validar estrutura de resposta" line="22">
<kw name="Teste de Estrutura de Resposta" owner="random-user-service">
<kw name="GET On Session" owner="RequestsLibrary">
<msg time="2024-07-15T18:20:07.040341" level="INFO">GET Request : url=https://randomuser.me/api 
 path_url=/api 
 headers={'User-Agent': 'python-requests/2.32.3', 'Accept-Encoding': 'gzip, deflate', 'Accept': '*/*', 'Connection': 'keep-alive'} 
 body=None 
 </msg>
<msg time="2024-07-15T18:20:07.040466" level="INFO">GET Response : url=https://randomuser.me/api 
 status=200, reason=OK 
 headers={'Date': 'Mon, 15 Jul 2024 18:20:07 GMT', 'Content-Type': 'application/json; charset=utf-8', 'Transfer-Encoding': 'chunked', 'Connection': 'keep-alive', 'X-Powered-By': 'Express', 'Access-Control-Allow-Origin': '*', 'Cache-Control': 'no-cache', 'ETag': 'W/"496-i41RUtQg7PGdE0s5QOqhdf2GzQg"', 'Vary': 'Accept-Encoding', 'Content-Encoding': 'gzip', 'CF-Cache-Status': 'DYNAMIC', 'Report-To': '{"endpoints":[{"url":"https:\\/\\/a.nel.cloudflare.com\\/report\\/v4?s=tEpsUf8ooyE3LBbwqvl39KLolyqYPsI8vulGMQ117GUrw96CU49aHReMK5nvQu3FI0ocIBapvNxoOFvR%2BUA35ayF7J5lEWyDNQC5sHpT%2BXs1Kkzu%2B0%2BZVNlg91IlSI32"}],"group":"cf-nel","max_age":604800}', 'NEL': '{"success_fraction":0,"report_to":"cf-nel","max_age":604800}', 'Server': 'cloudflare', 'CF-RAY': '8a3bc3beeeb856ec-IAD', 'alt-svc': 'h3=":443"; ma=86400'} 
 body={"results":[{"gender":"male","name":{"title":"Mr","first":"Valentin","last":"Leyva"},"location":{"street":{"number":4877,"name":"Corredor Sevilla"},"city":"Pinos","state":"Ciudad de Mexico","country":"Mexico","postcode":94158,"coordinates":{"latitude":"24.9476","longitude":"-11.3869"},"timezone":{"offset":"+5:30","description":"Bombay, Calcutta, Madras, New Delhi"}},"email":"valentin.leyva@example.com","login":{"uuid":"f7b7893e-17a8-4ccf-babf-5c1197a2803c","username":"sadzebra396","password":"page","salt":"hCPHUV9m","md5":"8fe267d5ff44e7a4f6ddbcbd2f56fe7f","sha1":"0f421617418e7322bc7259686d8a740afe7ec7d9","sha256":"4c843ef77b0a78e6574e83c90e4d4a2bf12d8fb8bf28fb17575f59182b81a772"},"dob":{"date":"1989-01-17T11:02:00.872Z","age":35},"registered":{"date":"2003-12-08T11:25:57.769Z","age":20},"phone":"(654) 615 0273","cell":"(688) 146 5579","id":{"name":"NSS","value":"35 55 72 8899 6"},"picture":{"large":"https://randomuser.me/api/portraits/men/6.jpg","medium":"https://randomuser.me/api/portraits/med/men/6.jpg","thumbnail":"https://randomuser.me/api/portraits/thumb/men/6.jpg"},"nat":"MX"}],"info":{"seed":"59c1a5b9eae979df","results":1,"page":1,"version":"1.4"}} 
 </msg>
<msg time="2024-07-15T18:20:07.040624" level="INFO">/opt/hostedtoolcache/Python/3.12.4/x64/lib/python3.12/site-packages/urllib3/connectionpool.py:1099: InsecureRequestWarning: Unverified HTTPS request is being made to host 'randomuser.me'. Adding certificate verification is strongly advised. See: https://urllib3.readthedocs.io/en/latest/advanced-usage.html#tls-warnings
  warnings.warn(</msg>
<msg time="2024-07-15T18:20:07.040770" level="INFO">${response} = &lt;Response [200]&gt;</msg>
<var>${response}</var>
<arg>consultarAPI</arg>
<arg>/api</arg>
<doc>Sends a GET request on a previously created HTTP Session.</doc>
<status status="PASS" start="2024-07-15T18:20:06.859178" elapsed="0.181637"/>
</kw>
<kw name="Set Variable" owner="BuiltIn">
<msg time="2024-07-15T18:20:07.041837" level="INFO">${json_data} = {'results': [{'gender': 'male', 'name': {'title': 'Mr', 'first': 'Valentin', 'last': 'Leyva'}, 'location': {'street': {'number': 4877, 'name': 'Corredor Sevilla'}, 'city': 'Pinos', 'state': 'Ciudad de...</msg>
<var>${json_data}</var>
<arg>${response.json()}</arg>
<doc>Returns the given values which can then be assigned to a variables.</doc>
<status status="PASS" start="2024-07-15T18:20:07.041324" elapsed="0.000541"/>
</kw>
<kw name="Log" owner="BuiltIn">
<msg time="2024-07-15T18:20:07.042343" level="INFO">{'results': [{'gender': 'male', 'name': {'title': 'Mr', 'first': 'Valentin', 'last': 'Leyva'}, 'location': {'street': {'number': 4877, 'name': 'Corredor Sevilla'}, 'city': 'Pinos', 'state': 'Ciudad de Mexico', 'country': 'Mexico', 'postcode': 94158, 'coordinates': {'latitude': '24.9476', 'longitude': '-11.3869'}, 'timezone': {'offset': '+5:30', 'description': 'Bombay, Calcutta, Madras, New Delhi'}}, 'email': 'valentin.leyva@example.com', 'login': {'uuid': 'f7b7893e-17a8-4ccf-babf-5c1197a2803c', 'username': 'sadzebra396', 'password': 'page', 'salt': 'hCPHUV9m', 'md5': '8fe267d5ff44e7a4f6ddbcbd2f56fe7f', 'sha1': '0f421617418e7322bc7259686d8a740afe7ec7d9', 'sha256': '4c843ef77b0a78e6574e83c90e4d4a2bf12d8fb8bf28fb17575f59182b81a772'}, 'dob': {'date': '1989-01-17T11:02:00.872Z', 'age': 35}, 'registered': {'date': '2003-12-08T11:25:57.769Z', 'age': 20}, 'phone': '(654) 615 0273', 'cell': '(688) 146 5579', 'id': {'name': 'NSS', 'value': '35 55 72 8899 6'}, 'picture': {'large': 'https://randomuser.me/api/portraits/men/6.jpg', 'medium': 'https://randomuser.me/api/portraits/med/men/6.jpg', 'thumbnail': 'https://randomuser.me/api/portraits/thumb/men/6.jpg'}, 'nat': 'MX'}], 'info': {'seed': '59c1a5b9eae979df', 'results': 1, 'page': 1, 'version': '1.4'}}</msg>
<arg>${json_data}</arg>
<doc>Logs the given message with the given level.</doc>
<status status="PASS" start="2024-07-15T18:20:07.042181" elapsed="0.000209"/>
</kw>
<kw name="Dictionary Should Contain Key" owner="Collections">
<arg>${json_data}</arg>
<arg>results</arg>
<doc>Fails if ``key`` is not found from ``dictionary``.</doc>
<status status="PASS" start="2024-07-15T18:20:07.042696" elapsed="0.000156"/>
</kw>
<kw name="Should Not Be Empty" owner="BuiltIn">
<msg time="2024-07-15T18:20:07.043175" level="INFO">Length is 2.</msg>
<arg>${json_data}</arg>
<doc>Verifies that the given item is not empty.</doc>
<status status="PASS" start="2024-07-15T18:20:07.043043" elapsed="0.000171"/>
</kw>
<kw name="Create List" owner="BuiltIn">
<msg time="2024-07-15T18:20:07.043846" level="INFO">${expected_keys} = ['gender', 'name', 'location', 'email', 'login']</msg>
<var>${expected_keys}</var>
<arg>gender</arg>
<arg>name</arg>
<arg>location</arg>
<arg>email</arg>
<arg>login</arg>
<doc>Returns a list containing given items.</doc>
<status status="PASS" start="2024-07-15T18:20:07.043499" elapsed="0.000373"/>
</kw>
<for flavor="IN">
<iter>
<kw name="Dictionary Should Contain Key" owner="Collections">
<arg>${json_data['results'][0]}</arg>
<arg>${key}</arg>
<doc>Fails if ``key`` is not found from ``dictionary``.</doc>
<status status="PASS" start="2024-07-15T18:20:07.044464" elapsed="0.000405"/>
</kw>
<kw name="Log" owner="BuiltIn">
<msg time="2024-07-15T18:20:07.045413" level="INFO">{'gender': 'male', 'name': {'title': 'Mr', 'first': 'Valentin', 'last': 'Leyva'}, 'location': {'street': {'number': 4877, 'name': 'Corredor Sevilla'}, 'city': 'Pinos', 'state': 'Ciudad de Mexico', 'country': 'Mexico', 'postcode': 94158, 'coordinates': {'latitude': '24.9476', 'longitude': '-11.3869'}, 'timezone': {'offset': '+5:30', 'description': 'Bombay, Calcutta, Madras, New Delhi'}}, 'email': 'valentin.leyva@example.com', 'login': {'uuid': 'f7b7893e-17a8-4ccf-babf-5c1197a2803c', 'username': 'sadzebra396', 'password': 'page', 'salt': 'hCPHUV9m', 'md5': '8fe267d5ff44e7a4f6ddbcbd2f56fe7f', 'sha1': '0f421617418e7322bc7259686d8a740afe7ec7d9', 'sha256': '4c843ef77b0a78e6574e83c90e4d4a2bf12d8fb8bf28fb17575f59182b81a772'}, 'dob': {'date': '1989-01-17T11:02:00.872Z', 'age': 35}, 'registered': {'date': '2003-12-08T11:25:57.769Z', 'age': 20}, 'phone': '(654) 615 0273', 'cell': '(688) 146 5579', 'id': {'name': 'NSS', 'value': '35 55 72 8899 6'}, 'picture': {'large': 'https://randomuser.me/api/portraits/men/6.jpg', 'medium': 'https://randomuser.me/api/portraits/med/men/6.jpg', 'thumbnail': 'https://randomuser.me/api/portraits/thumb/men/6.jpg'}, 'nat': 'MX'}</msg>
<arg>${json_data['results'][0]}</arg>
<doc>Logs the given message with the given level.</doc>
<status status="PASS" start="2024-07-15T18:20:07.045054" elapsed="0.000408"/>
</kw>
<kw name="Log" owner="BuiltIn">
<msg time="2024-07-15T18:20:07.045891" level="INFO">gender</msg>
<arg>${key}</arg>
<doc>Logs the given message with the given level.</doc>
<status status="PASS" start="2024-07-15T18:20:07.045761" elapsed="0.000168"/>
</kw>
<var name="${key}">gender</var>
<status status="PASS" start="2024-07-15T18:20:07.044340" elapsed="0.001808"/>
</iter>
<iter>
<kw name="Dictionary Should Contain Key" owner="Collections">
<arg>${json_data['results'][0]}</arg>
<arg>${key}</arg>
<doc>Fails if ``key`` is not found from ``dictionary``.</doc>
<status status="PASS" start="2024-07-15T18:20:07.046442" elapsed="0.000398"/>
</kw>
<kw name="Log" owner="BuiltIn">
<msg time="2024-07-15T18:20:07.047364" level="INFO">{'gender': 'male', 'name': {'title': 'Mr', 'first': 'Valentin', 'last': 'Leyva'}, 'location': {'street': {'number': 4877, 'name': 'Corredor Sevilla'}, 'city': 'Pinos', 'state': 'Ciudad de Mexico', 'country': 'Mexico', 'postcode': 94158, 'coordinates': {'latitude': '24.9476', 'longitude': '-11.3869'}, 'timezone': {'offset': '+5:30', 'description': 'Bombay, Calcutta, Madras, New Delhi'}}, 'email': 'valentin.leyva@example.com', 'login': {'uuid': 'f7b7893e-17a8-4ccf-babf-5c1197a2803c', 'username': 'sadzebra396', 'password': 'page', 'salt': 'hCPHUV9m', 'md5': '8fe267d5ff44e7a4f6ddbcbd2f56fe7f', 'sha1': '0f421617418e7322bc7259686d8a740afe7ec7d9', 'sha256': '4c843ef77b0a78e6574e83c90e4d4a2bf12d8fb8bf28fb17575f59182b81a772'}, 'dob': {'date': '1989-01-17T11:02:00.872Z', 'age': 35}, 'registered': {'date': '2003-12-08T11:25:57.769Z', 'age': 20}, 'phone': '(654) 615 0273', 'cell': '(688) 146 5579', 'id': {'name': 'NSS', 'value': '35 55 72 8899 6'}, 'picture': {'large': 'https://randomuser.me/api/portraits/men/6.jpg', 'medium': 'https://randomuser.me/api/portraits/med/men/6.jpg', 'thumbnail': 'https://randomuser.me/api/portraits/thumb/men/6.jpg'}, 'nat': 'MX'}</msg>
<arg>${json_data['results'][0]}</arg>
<doc>Logs the given message with the given level.</doc>
<status status="PASS" start="2024-07-15T18:20:07.047019" elapsed="0.000424"/>
</kw>
<kw name="Log" owner="BuiltIn">
<msg time="2024-07-15T18:20:07.047898" level="INFO">name</msg>
<arg>${key}</arg>
<doc>Logs the given message with the given level.</doc>
<status status="PASS" start="2024-07-15T18:20:07.047759" elapsed="0.000176"/>
</kw>
<var name="${key}">name</var>
<status status="PASS" start="2024-07-15T18:20:07.046331" elapsed="0.001821"/>
</iter>
<iter>
<kw name="Dictionary Should Contain Key" owner="Collections">
<arg>${json_data['results'][0]}</arg>
<arg>${key}</arg>
<doc>Fails if ``key`` is not found from ``dictionary``.</doc>
<status status="PASS" start="2024-07-15T18:20:07.048435" elapsed="0.000375"/>
</kw>
<kw name="Log" owner="BuiltIn">
<msg time="2024-07-15T18:20:07.049335" level="INFO">{'gender': 'male', 'name': {'title': 'Mr', 'first': 'Valentin', 'last': 'Leyva'}, 'location': {'street': {'number': 4877, 'name': 'Corredor Sevilla'}, 'city': 'Pinos', 'state': 'Ciudad de Mexico', 'country': 'Mexico', 'postcode': 94158, 'coordinates': {'latitude': '24.9476', 'longitude': '-11.3869'}, 'timezone': {'offset': '+5:30', 'description': 'Bombay, Calcutta, Madras, New Delhi'}}, 'email': 'valentin.leyva@example.com', 'login': {'uuid': 'f7b7893e-17a8-4ccf-babf-5c1197a2803c', 'username': 'sadzebra396', 'password': 'page', 'salt': 'hCPHUV9m', 'md5': '8fe267d5ff44e7a4f6ddbcbd2f56fe7f', 'sha1': '0f421617418e7322bc7259686d8a740afe7ec7d9', 'sha256': '4c843ef77b0a78e6574e83c90e4d4a2bf12d8fb8bf28fb17575f59182b81a772'}, 'dob': {'date': '1989-01-17T11:02:00.872Z', 'age': 35}, 'registered': {'date': '2003-12-08T11:25:57.769Z', 'age': 20}, 'phone': '(654) 615 0273', 'cell': '(688) 146 5579', 'id': {'name': 'NSS', 'value': '35 55 72 8899 6'}, 'picture': {'large': 'https://randomuser.me/api/portraits/men/6.jpg', 'medium': 'https://randomuser.me/api/portraits/med/men/6.jpg', 'thumbnail': 'https://randomuser.me/api/portraits/thumb/men/6.jpg'}, 'nat': 'MX'}</msg>
<arg>${json_data['results'][0]}</arg>
<doc>Logs the given message with the given level.</doc>
<status status="PASS" start="2024-07-15T18:20:07.048989" elapsed="0.000393"/>
</kw>
<kw name="Log" owner="BuiltIn">
<msg time="2024-07-15T18:20:07.049804" level="INFO">location</msg>
<arg>${key}</arg>
<doc>Logs the given message with the given level.</doc>
<status status="PASS" start="2024-07-15T18:20:07.049676" elapsed="0.000165"/>
</kw>
<var name="${key}">location</var>
<status status="PASS" start="2024-07-15T18:20:07.048328" elapsed="0.001728"/>
</iter>
<iter>
<kw name="Dictionary Should Contain Key" owner="Collections">
<arg>${json_data['results'][0]}</arg>
<arg>${key}</arg>
<doc>Fails if ``key`` is not found from ``dictionary``.</doc>
<status status="PASS" start="2024-07-15T18:20:07.050341" elapsed="0.000394"/>
</kw>
<kw name="Log" owner="BuiltIn">
<msg time="2024-07-15T18:20:07.051281" level="INFO">{'gender': 'male', 'name': {'title': 'Mr', 'first': 'Valentin', 'last': 'Leyva'}, 'location': {'street': {'number': 4877, 'name': 'Corredor Sevilla'}, 'city': 'Pinos', 'state': 'Ciudad de Mexico', 'country': 'Mexico', 'postcode': 94158, 'coordinates': {'latitude': '24.9476', 'longitude': '-11.3869'}, 'timezone': {'offset': '+5:30', 'description': 'Bombay, Calcutta, Madras, New Delhi'}}, 'email': 'valentin.leyva@example.com', 'login': {'uuid': 'f7b7893e-17a8-4ccf-babf-5c1197a2803c', 'username': 'sadzebra396', 'password': 'page', 'salt': 'hCPHUV9m', 'md5': '8fe267d5ff44e7a4f6ddbcbd2f56fe7f', 'sha1': '0f421617418e7322bc7259686d8a740afe7ec7d9', 'sha256': '4c843ef77b0a78e6574e83c90e4d4a2bf12d8fb8bf28fb17575f59182b81a772'}, 'dob': {'date': '1989-01-17T11:02:00.872Z', 'age': 35}, 'registered': {'date': '2003-12-08T11:25:57.769Z', 'age': 20}, 'phone': '(654) 615 0273', 'cell': '(688) 146 5579', 'id': {'name': 'NSS', 'value': '35 55 72 8899 6'}, 'picture': {'large': 'https://randomuser.me/api/portraits/men/6.jpg', 'medium': 'https://randomuser.me/api/portraits/med/men/6.jpg', 'thumbnail': 'https://randomuser.me/api/portraits/thumb/men/6.jpg'}, 'nat': 'MX'}</msg>
<arg>${json_data['results'][0]}</arg>
<doc>Logs the given message with the given level.</doc>
<status status="PASS" start="2024-07-15T18:20:07.050924" elapsed="0.000406"/>
</kw>
<kw name="Log" owner="BuiltIn">
<msg time="2024-07-15T18:20:07.051795" level="INFO">email</msg>
<arg>${key}</arg>
<doc>Logs the given message with the given level.</doc>
<status status="PASS" start="2024-07-15T18:20:07.051631" elapsed="0.000211"/>
</kw>
<var name="${key}">email</var>
<status status="PASS" start="2024-07-15T18:20:07.050228" elapsed="0.001844"/>
</iter>
<iter>
<kw name="Dictionary Should Contain Key" owner="Collections">
<arg>${json_data['results'][0]}</arg>
<arg>${key}</arg>
<doc>Fails if ``key`` is not found from ``dictionary``.</doc>
<status status="PASS" start="2024-07-15T18:20:07.052364" elapsed="0.000387"/>
</kw>
<kw name="Log" owner="BuiltIn">
<msg time="2024-07-15T18:20:07.053278" level="INFO">{'gender': 'male', 'name': {'title': 'Mr', 'first': 'Valentin', 'last': 'Leyva'}, 'location': {'street': {'number': 4877, 'name': 'Corredor Sevilla'}, 'city': 'Pinos', 'state': 'Ciudad de Mexico', 'country': 'Mexico', 'postcode': 94158, 'coordinates': {'latitude': '24.9476', 'longitude': '-11.3869'}, 'timezone': {'offset': '+5:30', 'description': 'Bombay, Calcutta, Madras, New Delhi'}}, 'email': 'valentin.leyva@example.com', 'login': {'uuid': 'f7b7893e-17a8-4ccf-babf-5c1197a2803c', 'username': 'sadzebra396', 'password': 'page', 'salt': 'hCPHUV9m', 'md5': '8fe267d5ff44e7a4f6ddbcbd2f56fe7f', 'sha1': '0f421617418e7322bc7259686d8a740afe7ec7d9', 'sha256': '4c843ef77b0a78e6574e83c90e4d4a2bf12d8fb8bf28fb17575f59182b81a772'}, 'dob': {'date': '1989-01-17T11:02:00.872Z', 'age': 35}, 'registered': {'date': '2003-12-08T11:25:57.769Z', 'age': 20}, 'phone': '(654) 615 0273', 'cell': '(688) 146 5579', 'id': {'name': 'NSS', 'value': '35 55 72 8899 6'}, 'picture': {'large': 'https://randomuser.me/api/portraits/men/6.jpg', 'medium': 'https://randomuser.me/api/portraits/med/men/6.jpg', 'thumbnail': 'https://randomuser.me/api/portraits/thumb/men/6.jpg'}, 'nat': 'MX'}</msg>
<arg>${json_data['results'][0]}</arg>
<doc>Logs the given message with the given level.</doc>
<status status="PASS" start="2024-07-15T18:20:07.052932" elapsed="0.000394"/>
</kw>
<kw name="Log" owner="BuiltIn">
<msg time="2024-07-15T18:20:07.053742" level="INFO">login</msg>
<arg>${key}</arg>
<doc>Logs the given message with the given level.</doc>
<status status="PASS" start="2024-07-15T18:20:07.053616" elapsed="0.000163"/>
</kw>
<var name="${key}">login</var>
<status status="PASS" start="2024-07-15T18:20:07.052252" elapsed="0.001740"/>
</iter>
<var>${key}</var>
<value>@{expected_keys}</value>
<status status="PASS" start="2024-07-15T18:20:07.044145" elapsed="0.009966"/>
</for>
<kw name="Create List" owner="BuiltIn">
<msg time="2024-07-15T18:20:07.054437" level="INFO">${expected_keysTwo} = ['username', 'password']</msg>
<var>${expected_keysTwo}</var>
<arg>username</arg>
<arg>password</arg>
<doc>Returns a list containing given items.</doc>
<status status="PASS" start="2024-07-15T18:20:07.054299" elapsed="0.000189"/>
</kw>
<for flavor="IN">
<iter>
<kw name="Dictionary Should Contain Key" owner="Collections">
<arg>${json_data['results'][0]['login']}</arg>
<arg>${keyTwo}</arg>
<doc>Fails if ``key`` is not found from ``dictionary``.</doc>
<status status="PASS" start="2024-07-15T18:20:07.054997" elapsed="0.000392"/>
</kw>
<kw name="Dictionary Should Contain Key" owner="Collections">
<arg>${json_data['results'][0]['login']}</arg>
<arg>${keyTwo}</arg>
<doc>Fails if ``key`` is not found from ``dictionary``.</doc>
<status status="PASS" start="2024-07-15T18:20:07.055571" elapsed="0.000412"/>
</kw>
<kw name="Log" owner="BuiltIn">
<msg time="2024-07-15T18:20:07.056287" level="INFO">username</msg>
<arg>${keyTwo}</arg>
<doc>Logs the given message with the given level.</doc>
<status status="PASS" start="2024-07-15T18:20:07.056167" elapsed="0.000158"/>
</kw>
<var name="${keyTwo}">username</var>
<status status="PASS" start="2024-07-15T18:20:07.054882" elapsed="0.001660"/>
</iter>
<iter>
<kw name="Dictionary Should Contain Key" owner="Collections">
<arg>${json_data['results'][0]['login']}</arg>
<arg>${keyTwo}</arg>
<doc>Fails if ``key`` is not found from ``dictionary``.</doc>
<status status="PASS" start="2024-07-15T18:20:07.056817" elapsed="0.000390"/>
</kw>
<kw name="Dictionary Should Contain Key" owner="Collections">
<arg>${json_data['results'][0]['login']}</arg>
<arg>${keyTwo}</arg>
<doc>Fails if ``key`` is not found from ``dictionary``.</doc>
<status status="PASS" start="2024-07-15T18:20:07.057384" elapsed="0.000370"/>
</kw>
<kw name="Log" owner="BuiltIn">
<msg time="2024-07-15T18:20:07.058050" level="INFO">password</msg>
<arg>${keyTwo}</arg>
<doc>Logs the given message with the given level.</doc>
<status status="PASS" start="2024-07-15T18:20:07.057931" elapsed="0.000160"/>
</kw>
<var name="${keyTwo}">password</var>
<status status="PASS" start="2024-07-15T18:20:07.056711" elapsed="0.001688"/>
</iter>
<var>${keyTwo}</var>
<value>@{expected_keysTwo}</value>
<status status="PASS" start="2024-07-15T18:20:07.054731" elapsed="0.003789"/>
</for>
<status status="PASS" start="2024-07-15T18:20:06.858942" elapsed="0.199721"/>
</kw>
<doc>Testa a estrutura da resposta da API.</doc>
<tag>testeEstruturaResposta</tag>
<status status="PASS" start="2024-07-15T18:20:06.858417" elapsed="0.200402"/>
</test>
<test id="s1-s1-t4" name="Validar tipos de dados" line="28">
<kw name="Teste de Tipos de Dados" owner="random-user-service">
<kw name="GET On Session" owner="RequestsLibrary">
<msg time="2024-07-15T18:20:07.139665" level="INFO">GET Request : url=https://randomuser.me/api 
 path_url=/api 
 headers={'User-Agent': 'python-requests/2.32.3', 'Accept-Encoding': 'gzip, deflate', 'Accept': '*/*', 'Connection': 'keep-alive'} 
 body=None 
 </msg>
<msg time="2024-07-15T18:20:07.139814" level="INFO">GET Response : url=https://randomuser.me/api 
 status=200, reason=OK 
 headers={'Date': 'Mon, 15 Jul 2024 18:20:07 GMT', 'Content-Type': 'application/json; charset=utf-8', 'Transfer-Encoding': 'chunked', 'Connection': 'keep-alive', 'X-Powered-By': 'Express', 'Access-Control-Allow-Origin': '*', 'Cache-Control': 'no-cache', 'ETag': 'W/"49d-XueaKY7IuoAyKyQWtpgD7TE6dEQ"', 'Vary': 'Accept-Encoding', 'Content-Encoding': 'gzip', 'CF-Cache-Status': 'DYNAMIC', 'Report-To': '{"endpoints":[{"url":"https:\\/\\/a.nel.cloudflare.com\\/report\\/v4?s=LEWjC1DpRmhwZ8XLOuL7cXq4beShia5x%2Fh4OOzpxo06O38TnqD3MRSv7lUiiXncssP15%2FBLD3HQjZiHduFYkMiXAOk5udAJv0Zm9Cknm3nU2EYKlZlYRbaF%2Fdw0MUYbc"}],"group":"cf-nel","max_age":604800}', 'NEL': '{"success_fraction":0,"report_to":"cf-nel","max_age":604800}', 'Server': 'cloudflare', 'CF-RAY': '8a3bc3c0282956ec-IAD', 'alt-svc': 'h3=":443"; ma=86400'} 
 body={"results":[{"gender":"male","name":{"title":"Mr","first":"Lubbertus","last":"Hout"},"location":{"street":{"number":5975,"name":"Laag Gubbelstraat"},"city":"Spier","state":"Flevoland","country":"Netherlands","postcode":"8653 YN","coordinates":{"latitude":"31.8614","longitude":"-127.4482"},"timezone":{"offset":"-4:00","description":"Atlantic Time (Canada), Caracas, La Paz"}},"email":"lubbertus.hout@example.com","login":{"uuid":"8549fc2a-c273-4f98-872b-cf189611c364","username":"blackpanda804","password":"huskers","salt":"XjDn0JGW","md5":"d98c7e18307535ccbee0067afeb5898c","sha1":"219196a6eefac247abd98f124d185bd3e7f5f0f1","sha256":"38e76c083f14fc4ee6d3df991226901728baa7a0bdd3b45d010a5c14311309ac"},"dob":{"date":"1999-07-14T15:03:33.690Z","age":25},"registered":{"date":"2004-09-10T14:30:24.748Z","age":19},"phone":"(054) 0171329","cell":"(06) 38265695","id":{"name":"BSN","value":"27372345"},"picture":{"large":"https://randomuser.me/api/portraits/men/54.jpg","medium":"https://randomuser.me/api/portraits/med/men/54.jpg","thumbnail":"https://randomuser.me/api/portraits/thumb/men/54.jpg"},"nat":"NL"}],"info":{"seed":"c42696692022c12b","results":1,"page":1,"version":"1.4"}} 
 </msg>
<msg time="2024-07-15T18:20:07.139904" level="INFO">/opt/hostedtoolcache/Python/3.12.4/x64/lib/python3.12/site-packages/urllib3/connectionpool.py:1099: InsecureRequestWarning: Unverified HTTPS request is being made to host 'randomuser.me'. Adding certificate verification is strongly advised. See: https://urllib3.readthedocs.io/en/latest/advanced-usage.html#tls-warnings
  warnings.warn(</msg>
<msg time="2024-07-15T18:20:07.140051" level="INFO">${response} = &lt;Response [200]&gt;</msg>
<var>${response}</var>
<arg>consultarAPI</arg>
<arg>/api</arg>
<doc>Sends a GET request on a previously created HTTP Session.</doc>
<status status="PASS" start="2024-07-15T18:20:07.061358" elapsed="0.078737"/>
</kw>
<kw name="Set Variable" owner="BuiltIn">
<msg time="2024-07-15T18:20:07.141200" level="INFO">${json_data} = {'results': [{'gender': 'male', 'name': {'title': 'Mr', 'first': 'Lubbertus', 'last': 'Hout'}, 'location': {'street': {'number': 5975, 'name': 'Laag Gubbelstraat'}, 'city': 'Spier', 'state': 'Flevolan...</msg>
<var>${json_data}</var>
<arg>${response.json()}</arg>
<doc>Returns the given values which can then be assigned to a variables.</doc>
<status status="PASS" start="2024-07-15T18:20:07.140647" elapsed="0.000582"/>
</kw>
<kw name="Log" owner="BuiltIn">
<msg time="2024-07-15T18:20:07.141776" level="INFO">{'results': [{'gender': 'male', 'name': {'title': 'Mr', 'first': 'Lubbertus', 'last': 'Hout'}, 'location': {'street': {'number': 5975, 'name': 'Laag Gubbelstraat'}, 'city': 'Spier', 'state': 'Flevoland', 'country': 'Netherlands', 'postcode': '8653 YN', 'coordinates': {'latitude': '31.8614', 'longitude': '-127.4482'}, 'timezone': {'offset': '-4:00', 'description': 'Atlantic Time (Canada), Caracas, La Paz'}}, 'email': 'lubbertus.hout@example.com', 'login': {'uuid': '8549fc2a-c273-4f98-872b-cf189611c364', 'username': 'blackpanda804', 'password': 'huskers', 'salt': 'XjDn0JGW', 'md5': 'd98c7e18307535ccbee0067afeb5898c', 'sha1': '219196a6eefac247abd98f124d185bd3e7f5f0f1', 'sha256': '38e76c083f14fc4ee6d3df991226901728baa7a0bdd3b45d010a5c14311309ac'}, 'dob': {'date': '1999-07-14T15:03:33.690Z', 'age': 25}, 'registered': {'date': '2004-09-10T14:30:24.748Z', 'age': 19}, 'phone': '(054) 0171329', 'cell': '(06) 38265695', 'id': {'name': 'BSN', 'value': '27372345'}, 'picture': {'large': 'https://randomuser.me/api/portraits/men/54.jpg', 'medium': 'https://randomuser.me/api/portraits/med/men/54.jpg', 'thumbnail': 'https://randomuser.me/api/portraits/thumb/men/54.jpg'}, 'nat': 'NL'}], 'info': {'seed': 'c42696692022c12b', 'results': 1, 'page': 1, 'version': '1.4'}}</msg>
<arg>${json_data}</arg>
<doc>Logs the given message with the given level.</doc>
<status status="PASS" start="2024-07-15T18:20:07.141601" elapsed="0.000225"/>
</kw>
<kw name="Should Be String" owner="String">
<arg>${json_data['results'][0]['gender']}</arg>
<doc>Fails if the given ``item`` is not a string.</doc>
<status status="PASS" start="2024-07-15T18:20:07.142132" elapsed="0.000382"/>
</kw>
<kw name="Should Match Regexp" owner="BuiltIn">
<arg>${json_data['results'][0]['email']}</arg>
<arg>^[a-zA-Z0-9._%+-]+@[a-zA-Z0-9.-]+\.[a-zA-Z]{2,}$</arg>
<doc>Fails if ``string`` does not match ``pattern`` as a regular expression.</doc>
<status status="PASS" start="2024-07-15T18:20:07.142709" elapsed="0.000567"/>
</kw>
<kw name="Should Match Regexp" owner="BuiltIn">
<arg>${json_data['results'][0]['dob']['date']}</arg>
<arg>\\d{4}-\\d{2}-\\d{2}T\\d{2}:\\d{2}:\\d{2}\\.\\d{3}Z</arg>
<doc>Fails if ``string`` does not match ``pattern`` as a regular expression.</doc>
<status status="PASS" start="2024-07-15T18:20:07.143478" elapsed="0.000533"/>
</kw>
<kw name="Should Match Regexp" owner="BuiltIn">
<arg>${json_data['results'][0]['registered']['date']}</arg>
<arg>\\d{4}-\\d{2}-\\d{2}T\\d{2}:\\d{2}:\\d{2}\\.\\d{3}Z</arg>
<doc>Fails if ``string`` does not match ``pattern`` as a regular expression.</doc>
<status status="PASS" start="2024-07-15T18:20:07.144206" elapsed="0.000372"/>
</kw>
<kw name="Should Match Regexp" owner="BuiltIn">
<arg>${json_data['results'][0]['picture']['large']}</arg>
<arg>^https?://.*\.(?:png|jpe?g|gif|bmp)$</arg>
<doc>Fails if ``string`` does not match ``pattern`` as a regular expression.</doc>
<status status="PASS" start="2024-07-15T18:20:07.144769" elapsed="0.000464"/>
</kw>
<kw name="Should Match Regexp" owner="BuiltIn">
<arg>${json_data['results'][0]['picture']['medium']}</arg>
<arg>^https?://.*\.(?:png|jpe?g|gif|bmp)$</arg>
<doc>Fails if ``string`` does not match ``pattern`` as a regular expression.</doc>
<status status="PASS" start="2024-07-15T18:20:07.145442" elapsed="0.000364"/>
</kw>
<kw name="Should Match Regexp" owner="BuiltIn">
<arg>${json_data['results'][0]['picture']['thumbnail']}</arg>
<arg>^https?://.*\.(?:png|jpe?g|gif|bmp)$</arg>
<doc>Fails if ``string`` does not match ``pattern`` as a regular expression.</doc>
<status status="PASS" start="2024-07-15T18:20:07.145991" elapsed="0.000349"/>
</kw>
<kw name="Log" owner="BuiltIn">
<msg time="2024-07-15T18:20:07.146855" level="INFO">{'large': 'https://randomuser.me/api/portraits/men/54.jpg', 'medium': 'https://randomuser.me/api/portraits/med/men/54.jpg', 'thumbnail': 'https://randomuser.me/api/portraits/thumb/men/54.jpg'}</msg>
<arg>${json_data['results'][0]['picture']}</arg>
<doc>Logs the given message with the given level.</doc>
<status status="PASS" start="2024-07-15T18:20:07.146525" elapsed="0.000373"/>
</kw>
<status status="PASS" start="2024-07-15T18:20:07.061130" elapsed="0.086035"/>
</kw>
<kw name="Teste de Tipos de Dados - Postcode" owner="random-user-service">
<kw name="GET On Session" owner="RequestsLibrary">
<msg time="2024-07-15T18:20:07.246905" level="INFO">GET Request : url=https://randomuser.me/api 
 path_url=/api 
 headers={'User-Agent': 'python-requests/2.32.3', 'Accept-Encoding': 'gzip, deflate', 'Accept': '*/*', 'Connection': 'keep-alive'} 
 body=None 
 </msg>
<msg time="2024-07-15T18:20:07.247016" level="INFO">GET Response : url=https://randomuser.me/api 
 status=200, reason=OK 
 headers={'Date': 'Mon, 15 Jul 2024 18:20:07 GMT', 'Content-Type': 'application/json; charset=utf-8', 'Transfer-Encoding': 'chunked', 'Connection': 'keep-alive', 'X-Powered-By': 'Express', 'Access-Control-Allow-Origin': '*', 'Cache-Control': 'no-cache', 'ETag': 'W/"47a-f8ROd8XeQpVJZAoF3ds2roEXVuM"', 'Vary': 'Accept-Encoding', 'Content-Encoding': 'gzip', 'CF-Cache-Status': 'DYNAMIC', 'Report-To': '{"endpoints":[{"url":"https:\\/\\/a.nel.cloudflare.com\\/report\\/v4?s=ZQnDPnfcsed227SzHx2Wld3V4OD6Fu7ZL27Oddy%2B2mu09k99cwl7laMNidWLamDYggAz4O7OgXNmDEFV3hvpg5p1VnfbWA5AD8nRGFINRzj9RDvPGKQw5%2BEfXI%2FKAzbM"}],"group":"cf-nel","max_age":604800}', 'NEL': '{"success_fraction":0,"report_to":"cf-nel","max_age":604800}', 'Server': 'cloudflare', 'CF-RAY': '8a3bc3c0b8b356ec-IAD', 'alt-svc': 'h3=":443"; ma=86400'} 
 body={"results":[{"gender":"female","name":{"title":"Miss","first":"Todora","last":"Makovey"},"location":{"street":{"number":6672,"name":"Druzhbi"},"city":"Dubno","state":"Kiyivska","country":"Ukraine","postcode":26560,"coordinates":{"latitude":"76.3720","longitude":"61.5380"},"timezone":{"offset":"+7:00","description":"Bangkok, Hanoi, Jakarta"}},"email":"todora.makovey@example.com","login":{"uuid":"e85da246-2fab-4715-a236-bcd0de40a0f1","username":"happypanda802","password":"ceasar","salt":"8OSBdxPi","md5":"78f74c3890956875f0d968ca3ce4268c","sha1":"0436f6865f3a3eee0a53b9652ef894eaa8b4aa99","sha256":"b44eb15a060e309ec0def8bb1018631f6eea1510cf4c3f7b0a37f953f860100b"},"dob":{"date":"1993-01-12T06:42:35.236Z","age":31},"registered":{"date":"2002-06-24T10:25:26.723Z","age":22},"phone":"(099) I06-0909","cell":"(097) H72-6893","id":{"name":"","value":null},"picture":{"large":"https://randomuser.me/api/portraits/women/81.jpg","medium":"https://randomuser.me/api/portraits/med/women/81.jpg","thumbnail":"https://randomuser.me/api/portraits/thumb/women/81.jpg"},"nat":"UA"}],"info":{"seed":"998401eefeb30775","results":1,"page":1,"version":"1.4"}} 
 </msg>
<msg time="2024-07-15T18:20:07.247088" level="INFO">/opt/hostedtoolcache/Python/3.12.4/x64/lib/python3.12/site-packages/urllib3/connectionpool.py:1099: InsecureRequestWarning: Unverified HTTPS request is being made to host 'randomuser.me'. Adding certificate verification is strongly advised. See: https://urllib3.readthedocs.io/en/latest/advanced-usage.html#tls-warnings
  warnings.warn(</msg>
<msg time="2024-07-15T18:20:07.247227" level="INFO">${response} = &lt;Response [200]&gt;</msg>
<var>${response}</var>
<arg>consultarAPI</arg>
<arg>/api</arg>
<doc>Sends a GET request on a previously created HTTP Session.</doc>
<status status="PASS" start="2024-07-15T18:20:07.147629" elapsed="0.099639"/>
</kw>
<kw name="Set Variable" owner="BuiltIn">
<msg time="2024-07-15T18:20:07.248310" level="INFO">${json_data} = {'results': [{'gender': 'female', 'name': {'title': 'Miss', 'first': 'Todora', 'last': 'Makovey'}, 'location': {'street': {'number': 6672, 'name': 'Druzhbi'}, 'city': 'Dubno', 'state': 'Kiyivska', 'co...</msg>
<var>${json_data}</var>
<arg>${response.json()}</arg>
<doc>Returns the given values which can then be assigned to a variables.</doc>
<status status="PASS" start="2024-07-15T18:20:07.247795" elapsed="0.000544"/>
</kw>
<kw name="Log" owner="BuiltIn">
<msg time="2024-07-15T18:20:07.248807" level="INFO">{'results': [{'gender': 'female', 'name': {'title': 'Miss', 'first': 'Todora', 'last': 'Makovey'}, 'location': {'street': {'number': 6672, 'name': 'Druzhbi'}, 'city': 'Dubno', 'state': 'Kiyivska', 'country': 'Ukraine', 'postcode': 26560, 'coordinates': {'latitude': '76.3720', 'longitude': '61.5380'}, 'timezone': {'offset': '+7:00', 'description': 'Bangkok, Hanoi, Jakarta'}}, 'email': 'todora.makovey@example.com', 'login': {'uuid': 'e85da246-2fab-4715-a236-bcd0de40a0f1', 'username': 'happypanda802', 'password': 'ceasar', 'salt': '8OSBdxPi', 'md5': '78f74c3890956875f0d968ca3ce4268c', 'sha1': '0436f6865f3a3eee0a53b9652ef894eaa8b4aa99', 'sha256': 'b44eb15a060e309ec0def8bb1018631f6eea1510cf4c3f7b0a37f953f860100b'}, 'dob': {'date': '1993-01-12T06:42:35.236Z', 'age': 31}, 'registered': {'date': '2002-06-24T10:25:26.723Z', 'age': 22}, 'phone': '(099) I06-0909', 'cell': '(097) H72-6893', 'id': {'name': '', 'value': None}, 'picture': {'large': 'https://randomuser.me/api/portraits/women/81.jpg', 'medium': 'https://randomuser.me/api/portraits/med/women/81.jpg', 'thumbnail': 'https://randomuser.me/api/portraits/thumb/women/81.jpg'}, 'nat': 'UA'}], 'info': {'seed': '998401eefeb30775', 'results': 1, 'page': 1, 'version': '1.4'}}</msg>
<arg>${json_data}</arg>
<doc>Logs the given message with the given level.</doc>
<status status="PASS" start="2024-07-15T18:20:07.248646" elapsed="0.000213"/>
</kw>
<kw name="Should Be Equal As Numbers" owner="BuiltIn">
<arg>${json_data['results'][0]['location']['postcode']}</arg>
<arg>${json_data['results'][0]['location']['postcode']}</arg>
<doc>Fails if objects are unequal after converting them to real numbers.</doc>
<status status="PASS" start="2024-07-15T18:20:07.249151" elapsed="0.000616"/>
</kw>
<kw name="Log" owner="BuiltIn">
<msg time="2024-07-15T18:20:07.250475" level="INFO">26560</msg>
<arg>${json_data['results'][0]['location']['postcode']}</arg>
<doc>Logs the given message with the given level.</doc>
<status status="PASS" start="2024-07-15T18:20:07.249954" elapsed="0.000563"/>
</kw>
<status status="PASS" start="2024-07-15T18:20:07.147398" elapsed="0.103404"/>
</kw>
<doc>Testa se os tipos de dados na resposta da API estão corretos.</doc>
<tag>testeTiposDados</tag>
<status status="PASS" start="2024-07-15T18:20:07.060650" elapsed="0.190320"/>
</test>
<test id="s1-s1-t5" name="Validar conteudo" line="35">
<kw name="Teste de Tipos de Conteudo" owner="random-user-service">
<kw name="GET On Session" owner="RequestsLibrary">
<msg time="2024-07-15T18:20:07.360466" level="INFO">GET Request : url=https://randomuser.me/api 
 path_url=/api 
 headers={'User-Agent': 'python-requests/2.32.3', 'Accept-Encoding': 'gzip, deflate', 'Accept': '*/*', 'Connection': 'keep-alive'} 
 body=None 
 </msg>
<msg time="2024-07-15T18:20:07.360568" level="INFO">GET Response : url=https://randomuser.me/api 
 status=200, reason=OK 
 headers={'Date': 'Mon, 15 Jul 2024 18:20:07 GMT', 'Content-Type': 'application/json; charset=utf-8', 'Transfer-Encoding': 'chunked', 'Connection': 'keep-alive', 'X-Powered-By': 'Express', 'Access-Control-Allow-Origin': '*', 'Cache-Control': 'no-cache', 'ETag': 'W/"47f-oL9d+2j3INr8xSRDcfm6O/h0uWE"', 'Vary': 'Accept-Encoding', 'Content-Encoding': 'gzip', 'CF-Cache-Status': 'DYNAMIC', 'Report-To': '{"endpoints":[{"url":"https:\\/\\/a.nel.cloudflare.com\\/report\\/v4?s=6fPNoQfvqt1HtaAuF2oyl6Jy3QfgzopZgtL8mVMvAWnSiPIs97krmW9Gh3KPBXHLl%2FkhpHm3fQWJ%2FpsB2PmhNC84gY9JvoQlzeiHDXaMoCjrWoPr9Op0wu4Y0%2FheB4nn"}],"group":"cf-nel","max_age":604800}', 'NEL': '{"success_fraction":0,"report_to":"cf-nel","max_age":604800}', 'Server': 'cloudflare', 'CF-RAY': '8a3bc3c159c556ec-IAD', 'alt-svc': 'h3=":443"; ma=86400'} 
 body={"results":[{"gender":"male","name":{"title":"Mr","first":"Tobias","last":"Thomsen"},"location":{"street":{"number":1253,"name":"Ellemosevej"},"city":"Branderup J","state":"Syddanmark","country":"Denmark","postcode":95085,"coordinates":{"latitude":"-45.7017","longitude":"-158.2943"},"timezone":{"offset":"+7:00","description":"Bangkok, Hanoi, Jakarta"}},"email":"tobias.thomsen@example.com","login":{"uuid":"efc222df-2494-4578-a639-b079e4b6b7b9","username":"bluelion749","password":"goldberg","salt":"jqKruEHA","md5":"f2418ddffc0a6192b4ebd6e0593dd51f","sha1":"f4e7a9a92746b624719caad82ebccd141cdeec02","sha256":"724836d0ee14dca3aa0e4f2c94bc1644a9de1705fe5f8e1b49c709d841471622"},"dob":{"date":"1944-11-08T14:29:29.539Z","age":79},"registered":{"date":"2011-09-25T01:36:58.521Z","age":12},"phone":"92747476","cell":"35673135","id":{"name":"CPR","value":"081144-8660"},"picture":{"large":"https://randomuser.me/api/portraits/men/58.jpg","medium":"https://randomuser.me/api/portraits/med/men/58.jpg","thumbnail":"https://randomuser.me/api/portraits/thumb/men/58.jpg"},"nat":"DK"}],"info":{"seed":"63c20ab8b4dcb817","results":1,"page":1,"version":"1.4"}} 
 </msg>
<msg time="2024-07-15T18:20:07.360639" level="INFO">/opt/hostedtoolcache/Python/3.12.4/x64/lib/python3.12/site-packages/urllib3/connectionpool.py:1099: InsecureRequestWarning: Unverified HTTPS request is being made to host 'randomuser.me'. Adding certificate verification is strongly advised. See: https://urllib3.readthedocs.io/en/latest/advanced-usage.html#tls-warnings
  warnings.warn(</msg>
<msg time="2024-07-15T18:20:07.360781" level="INFO">${response} = &lt;Response [200]&gt;</msg>
<var>${response}</var>
<arg>consultarAPI</arg>
<arg>/api</arg>
<doc>Sends a GET request on a previously created HTTP Session.</doc>
<status status="PASS" start="2024-07-15T18:20:07.253457" elapsed="0.107369"/>
</kw>
<kw name="Set Variable" owner="BuiltIn">
<msg time="2024-07-15T18:20:07.361841" level="INFO">${json_data} = {'results': [{'gender': 'male', 'name': {'title': 'Mr', 'first': 'Tobias', 'last': 'Thomsen'}, 'location': {'street': {'number': 1253, 'name': 'Ellemosevej'}, 'city': 'Branderup J', 'state': 'Syddanma...</msg>
<var>${json_data}</var>
<arg>${response.json()}</arg>
<doc>Returns the given values which can then be assigned to a variables.</doc>
<status status="PASS" start="2024-07-15T18:20:07.361330" elapsed="0.000539"/>
</kw>
<kw name="Set Variable" owner="BuiltIn">
<msg time="2024-07-15T18:20:07.362566" level="INFO">${name_title} = Mr</msg>
<var>${name_title}</var>
<arg>${json_data["results"][0]["name"]["title"]}</arg>
<doc>Returns the given values which can then be assigned to a variables.</doc>
<status status="PASS" start="2024-07-15T18:20:07.362172" elapsed="0.000419"/>
</kw>
<kw name="Create List" owner="BuiltIn">
<msg time="2024-07-15T18:20:07.363033" level="INFO">${allowed_titles} = ['Mr', 'Ms', 'Miss', 'Mrs', 'Madame', 'Monsieur']</msg>
<var>${allowed_titles}</var>
<arg>Mr</arg>
<arg>Ms</arg>
<arg>Miss</arg>
<arg>Mrs</arg>
<arg>Madame</arg>
<arg>Monsieur</arg>
<doc>Returns a list containing given items.</doc>
<status status="PASS" start="2024-07-15T18:20:07.362884" elapsed="0.000172"/>
</kw>
<kw name="List Should Contain Value" owner="Collections">
<arg>${allowed_titles}</arg>
<arg>${name_title}</arg>
<doc>Fails if the ``value`` is not found from ``list``.</doc>
<status status="PASS" start="2024-07-15T18:20:07.363351" elapsed="0.000182"/>
</kw>
<kw name="Set Variable" owner="BuiltIn">
<msg time="2024-07-15T18:20:07.364120" level="INFO">${name_country} = DK</msg>
<var>${name_country}</var>
<arg>${json_data["results"][0]["nat"]}</arg>
<doc>Returns the given values which can then be assigned to a variables.</doc>
<status status="PASS" start="2024-07-15T18:20:07.363711" elapsed="0.000435"/>
</kw>
<kw name="Create List" owner="BuiltIn">
<msg time="2024-07-15T18:20:07.365055" level="INFO">${list_country} = ['AD', 'AE', 'AF', 'AG', 'AI', 'AL', 'AM', 'AO', 'AQ', 'AR', 'AS', 'AT', 'AU', 'AW', 'AX', 'AZ', 'BA', 'BB', 'BD', 'BE', 'BF', 'BG', 'BH', 'BI', 'BJ', 'BL', 'BM', 'BN', 'BO', 'BQ', 'BR', 'BS', 'BT', '...</msg>
<var>${list_country}</var>
<arg>AD</arg>
<arg>AE</arg>
<arg>AF</arg>
<arg>AG</arg>
<arg>AI</arg>
<arg>AL</arg>
<arg>AM</arg>
<arg>AO</arg>
<arg>AQ</arg>
<arg>AR</arg>
<arg>AS</arg>
<arg>AT</arg>
<arg>AU</arg>
<arg>AW</arg>
<arg>AX</arg>
<arg>AZ</arg>
<arg>BA</arg>
<arg>BB</arg>
<arg>BD</arg>
<arg>BE</arg>
<arg>BF</arg>
<arg>BG</arg>
<arg>BH</arg>
<arg>BI</arg>
<arg>BJ</arg>
<arg>BL</arg>
<arg>BM</arg>
<arg>BN</arg>
<arg>BO</arg>
<arg>BQ</arg>
<arg>BR</arg>
<arg>BS</arg>
<arg>BT</arg>
<arg>BV</arg>
<arg>BW</arg>
<arg>BY</arg>
<arg>BZ</arg>
<arg>CA</arg>
<arg>CC</arg>
<arg>CD</arg>
<arg>CF</arg>
<arg>CG</arg>
<arg>CH</arg>
<arg>CI</arg>
<arg>CK</arg>
<arg>CL</arg>
<arg>CM</arg>
<arg>CN</arg>
<arg>CO</arg>
<arg>CR</arg>
<arg>CU</arg>
<arg>CV</arg>
<arg>CW</arg>
<arg>CX</arg>
<arg>CY</arg>
<arg>CZ</arg>
<arg>DE</arg>
<arg>DJ</arg>
<arg>DK</arg>
<arg>DM</arg>
<arg>DO</arg>
<arg>DZ</arg>
<arg>EC</arg>
<arg>EE</arg>
<arg>EG</arg>
<arg>EH</arg>
<arg>ER</arg>
<arg>ES</arg>
<arg>ET</arg>
<arg>FI</arg>
<arg>FJ</arg>
<arg>FK</arg>
<arg>FM</arg>
<arg>FO</arg>
<arg>FR</arg>
<arg>GA</arg>
<arg>GB</arg>
<arg>GD</arg>
<arg>GE</arg>
<arg>GF</arg>
<arg>GG</arg>
<arg>GH</arg>
<arg>GI</arg>
<arg>GL</arg>
<arg>GM</arg>
<arg>GN</arg>
<arg>GP</arg>
<arg>GQ</arg>
<arg>GR</arg>
<arg>GS</arg>
<arg>GT</arg>
<arg>GU</arg>
<arg>GW</arg>
<arg>GY</arg>
<arg>HK</arg>
<arg>HM</arg>
<arg>HN</arg>
<arg>HR</arg>
<arg>HT</arg>
<arg>HU</arg>
<arg>ID</arg>
<arg>IE</arg>
<arg>IL</arg>
<arg>IM</arg>
<arg>IN</arg>
<arg>IO</arg>
<arg>IQ</arg>
<arg>IR</arg>
<arg>IS</arg>
<arg>IT</arg>
<arg>JE</arg>
<arg>JM</arg>
<arg>JO</arg>
<arg>JP</arg>
<arg>KE</arg>
<arg>KG</arg>
<arg>KH</arg>
<arg>KI</arg>
<arg>KM</arg>
<arg>KN</arg>
<arg>KP</arg>
<arg>KR</arg>
<arg>KW</arg>
<arg>KY</arg>
<arg>KZ</arg>
<arg>LA</arg>
<arg>LB</arg>
<arg>LC</arg>
<arg>LI</arg>
<arg>LK</arg>
<arg>LR</arg>
<arg>LS</arg>
<arg>LT</arg>
<arg>LU</arg>
<arg>LV</arg>
<arg>LY</arg>
<arg>MA</arg>
<arg>MC</arg>
<arg>MD</arg>
<arg>ME</arg>
<arg>MF</arg>
<arg>MG</arg>
<arg>MH</arg>
<arg>MK</arg>
<arg>ML</arg>
<arg>MM</arg>
<arg>MN</arg>
<arg>MO</arg>
<arg>MP</arg>
<arg>MQ</arg>
<arg>MR</arg>
<arg>MS</arg>
<arg>MT</arg>
<arg>MU</arg>
<arg>MV</arg>
<arg>MW</arg>
<arg>MX</arg>
<arg>MY</arg>
<arg>MZ</arg>
<arg>NA</arg>
<arg>NC</arg>
<arg>NE</arg>
<arg>NF</arg>
<arg>NG</arg>
<arg>NI</arg>
<arg>NL</arg>
<arg>NO</arg>
<arg>NP</arg>
<arg>NR</arg>
<arg>NU</arg>
<arg>NZ</arg>
<arg>OM</arg>
<arg>PA</arg>
<arg>PE</arg>
<arg>PF</arg>
<arg>PG</arg>
<arg>PH</arg>
<arg>PK</arg>
<arg>PL</arg>
<arg>PM</arg>
<arg>PN</arg>
<arg>PR</arg>
<arg>PS</arg>
<arg>PT</arg>
<arg>PW</arg>
<arg>PY</arg>
<arg>QA</arg>
<arg>RE</arg>
<arg>RO</arg>
<arg>RS</arg>
<arg>RU</arg>
<arg>RW</arg>
<arg>SA</arg>
<arg>SB</arg>
<arg>SC</arg>
<arg>SD</arg>
<arg>SE</arg>
<arg>SG</arg>
<arg>SH</arg>
<arg>SI</arg>
<arg>SJ</arg>
<arg>SK</arg>
<arg>SL</arg>
<arg>SM</arg>
<arg>SN</arg>
<arg>SO</arg>
<arg>SR</arg>
<arg>SS</arg>
<arg>ST</arg>
<arg>SV</arg>
<arg>SX</arg>
<arg>SY</arg>
<arg>SZ</arg>
<arg>TC</arg>
<arg>TD</arg>
<arg>TF</arg>
<arg>TG</arg>
<arg>TH</arg>
<arg>TJ</arg>
<arg>TK</arg>
<arg>TL</arg>
<arg>TM</arg>
<arg>TN</arg>
<arg>TO</arg>
<arg>TR</arg>
<arg>TT</arg>
<arg>TV</arg>
<arg>TW</arg>
<arg>TZ</arg>
<arg>UA</arg>
<arg>UG</arg>
<arg>UM</arg>
<arg>US</arg>
<arg>UY</arg>
<arg>UZ</arg>
<arg>VA</arg>
<arg>VC</arg>
<arg>VE</arg>
<arg>VG</arg>
<arg>VI</arg>
<arg>VN</arg>
<arg>VU</arg>
<arg>WF</arg>
<arg>WS</arg>
<arg>XK</arg>
<arg>YE</arg>
<arg>YT</arg>
<arg>ZA</arg>
<arg>ZM</arg>
<arg>ZW</arg>
<doc>Returns a list containing given items.</doc>
<status status="PASS" start="2024-07-15T18:20:07.364437" elapsed="0.000644"/>
</kw>
<kw name="List Should Contain Value" owner="Collections">
<arg>${list_country}</arg>
<arg>${name_country}</arg>
<doc>Fails if the ``value`` is not found from ``list``.</doc>
<status status="PASS" start="2024-07-15T18:20:07.365880" elapsed="0.000202"/>
</kw>
<kw name="Run Keyword If" owner="BuiltIn">
<kw name="Should Be True" owner="BuiltIn">
<arg>${True}</arg>
<doc>Fails if the given condition is not true.</doc>
<status status="PASS" start="2024-07-15T18:20:07.367011" elapsed="0.000141"/>
</kw>
<arg>${json_data["results"][0]["location"]["coordinates"]["latitude"]} &gt;= -90 and ${json_data["results"][0]["location"]["coordinates"]["latitude"]} &lt;= 90</arg>
<arg>Should Be True</arg>
<arg>${True}</arg>
<doc>Runs the given keyword with the given arguments, if ``condition`` is true.</doc>
<status status="PASS" start="2024-07-15T18:20:07.366281" elapsed="0.000997"/>
</kw>
<kw name="Run Keyword If" owner="BuiltIn">
<kw name="Should Be True" owner="BuiltIn">
<arg>${True}</arg>
<doc>Fails if the given condition is not true.</doc>
<status status="PASS" start="2024-07-15T18:20:07.368178" elapsed="0.000247"/>
</kw>
<arg>${json_data["results"][0]["location"]["coordinates"]["longitude"]} &gt;= -180 and ${json_data["results"][0]["location"]["coordinates"]["longitude"]} &lt;= 180</arg>
<arg>Should Be True</arg>
<arg>${True}</arg>
<doc>Runs the given keyword with the given arguments, if ``condition`` is true.</doc>
<status status="PASS" start="2024-07-15T18:20:07.367461" elapsed="0.001095"/>
</kw>
<status status="PASS" start="2024-07-15T18:20:07.253232" elapsed="0.115461"/>
</kw>
<doc>Testa o conteúdo específico dos campos retornados pela API.</doc>
<tag>testeConteudo</tag>
<status status="PASS" start="2024-07-15T18:20:07.252766" elapsed="0.116082"/>
</test>
<status status="PASS" start="2024-07-15T18:20:06.195908" elapsed="1.174902"/>
</suite>
<status status="PASS" start="2024-07-15T18:20:06.181239" elapsed="1.194661"/>
</suite>
<statistics>
<total>
<stat pass="5" fail="0" skip="0">All Tests</stat>
</total>
<tag>
<stat pass="1" fail="0" skip="0">testeConteudo</stat>
<stat pass="1" fail="0" skip="0">testeEstruturaResposta</stat>
<stat pass="1" fail="0" skip="0">testeRequisicaoBasica</stat>
<stat pass="1" fail="0" skip="0">testeTiposDados</stat>
</tag>
<suite>
<stat pass="5" fail="0" skip="0" id="s1" name="Tests">Tests</stat>
<stat pass="5" fail="0" skip="0" id="s1-s1" name="Random-User-Test">Tests.Random-User-Test</stat>
</suite>
</statistics>
<errors>
</errors>
</robot>
