<?xml version="1.0" encoding="UTF-8"?>
<robot generator="Robot 7.0 (Python 3.12.3 on linux)" generated="2024-05-24T14:14:16.171362" rpa="false" schemaversion="5">
<suite id="s1" name="Tests" source="/home/runner/work/DesafioQAItauRogerioJordao/DesafioQAItauRogerioJordao/RamdonUser/tests">
<suite id="s1-s1" name="Random-User-Test" source="/home/runner/work/DesafioQAItauRogerioJordao/DesafioQAItauRogerioJordao/RamdonUser/tests/random-user-test.robot">
<test id="s1-s1-t1" name="Conectar" line="13">
<kw name="Conectar API" owner="random-user-service">
<kw name="Create Session" owner="RequestsLibrary">
<msg time="2024-05-24T14:14:16.585557" level="INFO">Creating Session using : alias=consultarAPI, url=https://randomuser.me/, headers={},                     cookies={}, auth=None, timeout=None, proxies=None, verify=False,                     debug=0 </msg>
<arg>consultarAPI</arg>
<arg>${URL}</arg>
<doc>Create Session: create a HTTP session to a server</doc>
<status status="PASS" start="2024-05-24T14:14:16.585352" elapsed="0.000400"/>
</kw>
<status status="PASS" start="2024-05-24T14:14:16.584265" elapsed="0.001856"/>
</kw>
<status status="PASS" start="2024-05-24T14:14:16.583608" elapsed="0.002708"/>
</test>
<test id="s1-s1-t2" name="Validar retorno 200 e JSON Válido" line="16">
<kw name="Teste de Requisicao Basica" owner="random-user-service">
<kw name="GET On Session" owner="RequestsLibrary">
<msg time="2024-05-24T14:14:16.701399" level="INFO">GET Request : url=https://randomuser.me/api 
 path_url=/api 
 headers={'User-Agent': 'python-requests/2.32.2', 'Accept-Encoding': 'gzip, deflate', 'Accept': '*/*', 'Connection': 'keep-alive'} 
 body=None 
 </msg>
<msg time="2024-05-24T14:14:16.701578" level="INFO">GET Response : url=https://randomuser.me/api 
 status=200, reason=OK 
 headers={'Date': 'Fri, 24 May 2024 14:14:16 GMT', 'Content-Type': 'application/json; charset=utf-8', 'Transfer-Encoding': 'chunked', 'Connection': 'keep-alive', 'X-Powered-By': 'Express', 'Access-Control-Allow-Origin': '*', 'Cache-Control': 'no-cache', 'ETag': 'W/"4a9-Yb3nZYvozv0ysWG8JQrrPrN62rc"', 'Vary': 'Accept-Encoding', 'Content-Encoding': 'gzip', 'CF-Cache-Status': 'DYNAMIC', 'Report-To': '{"endpoints":[{"url":"https:\\/\\/a.nel.cloudflare.com\\/report\\/v4?s=yvFPR1kGjKkjoIrBpop6Nx8dGvIsIos%2BXfgCbre8huX2CXE5b264hkSkUTHuLuIjagFdxbYzpXZiKyZpX48EmrnRYQZw6XXDkCm17qbCYhsiOZGdUWkGMilaGi6XH0AD"}],"group":"cf-nel","max_age":604800}', 'NEL': '{"success_fraction":0,"report_to":"cf-nel","max_age":604800}', 'Server': 'cloudflare', 'CF-RAY': '888de421cf241754-SJC', 'alt-svc': 'h3=":443"; ma=86400'} 
 body={"results":[{"gender":"male","name":{"title":"Mr","first":"Lindorfo","last":"Vieira"},"location":{"street":{"number":7287,"name":"Rua Onze "},"city":"Praia Grande","state":"Mato Grosso","country":"Brazil","postcode":25170,"coordinates":{"latitude":"-81.1481","longitude":"-119.0489"},"timezone":{"offset":"0:00","description":"Western Europe Time, London, Lisbon, Casablanca"}},"email":"lindorfo.vieira@example.com","login":{"uuid":"9f7b7b52-5ef3-4cfe-83bd-d6290951cc52","username":"silversnake854","password":"callisto","salt":"w47nV97X","md5":"c26c2d14c72b75d674776a710e5ae8f9","sha1":"cc4ea5b84aa849f9df96795831165e6b6acd65c0","sha256":"779230b6d1f987540f11c518c5b2bab7344a24030e8d1beaf7cb62b1f5ada202"},"dob":{"date":"1966-07-14T23:30:16.978Z","age":57},"registered":{"date":"2005-07-06T16:52:30.599Z","age":18},"phone":"(05) 3078-3110","cell":"(31) 2707-8846","id":{"name":"CPF","value":"084.649.452-94"},"picture":{"large":"https://randomuser.me/api/portraits/men/59.jpg","medium":"https://randomuser.me/api/portraits/med/men/59.jpg","thumbnail":"https://randomuser.me/api/portraits/thumb/men/59.jpg"},"nat":"BR"}],"info":{"seed":"50f6bece10df855f","results":1,"page":1,"version":"1.4"}} 
 </msg>
<msg time="2024-05-24T14:14:16.701670" level="INFO">/opt/hostedtoolcache/Python/3.12.3/x64/lib/python3.12/site-packages/urllib3/connectionpool.py:1103: InsecureRequestWarning: Unverified HTTPS request is being made to host 'randomuser.me'. Adding certificate verification is strongly advised. See: https://urllib3.readthedocs.io/en/latest/advanced-usage.html#tls-warnings
  warnings.warn(</msg>
<msg time="2024-05-24T14:14:16.701826" level="INFO">${response} = &lt;Response [200]&gt;</msg>
<var>${response}</var>
<arg>consultarAPI</arg>
<arg>/api</arg>
<doc>Sends a GET request on a previously created HTTP Session.</doc>
<status status="PASS" start="2024-05-24T14:14:16.589089" elapsed="0.112778"/>
</kw>
<kw name="Should Be Equal As Numbers" owner="BuiltIn">
<msg time="2024-05-24T14:14:16.702950" level="INFO">Argument types are:
&lt;class 'int'&gt;
&lt;class 'str'&gt;</msg>
<arg>${response.status_code}</arg>
<arg>200</arg>
<doc>Fails if objects are unequal after converting them to real numbers.</doc>
<status status="PASS" start="2024-05-24T14:14:16.702473" elapsed="0.000544"/>
</kw>
<kw name="Log" owner="BuiltIn">
<msg time="2024-05-24T14:14:16.703718" level="INFO">200</msg>
<arg>${response.status_code}</arg>
<doc>Logs the given message with the given level.</doc>
<status status="PASS" start="2024-05-24T14:14:16.703366" elapsed="0.000400"/>
</kw>
<kw name="Set Variable" owner="BuiltIn">
<msg time="2024-05-24T14:14:16.704509" level="INFO">${json_data} = {'results': [{'gender': 'male', 'name': {'title': 'Mr', 'first': 'Lindorfo', 'last': 'Vieira'}, 'location': {'street': {'number': 7287, 'name': 'Rua Onze '}, 'city': 'Praia Grande', 'state': 'Mato Gro...</msg>
<var>${json_data}</var>
<arg>${response.json()}</arg>
<doc>Returns the given values which can then be assigned to a variables.</doc>
<status status="PASS" start="2024-05-24T14:14:16.704079" elapsed="0.000459"/>
</kw>
<kw name="Dictionary Should Contain Key" owner="Collections">
<msg time="2024-05-24T14:14:16.705017" level="INFO">False</msg>
<arg>${json_data}</arg>
<arg>results</arg>
<doc>Fails if ``key`` is not found from ``dictionary``.</doc>
<status status="PASS" start="2024-05-24T14:14:16.704843" elapsed="0.000377"/>
</kw>
<status status="PASS" start="2024-05-24T14:14:16.588803" elapsed="0.116689"/>
</kw>
<doc>Testa se a API responde corretamente e retorna um objeto JSON válido.</doc>
<tag>testeRequisicaoBasica</tag>
<status status="PASS" start="2024-05-24T14:14:16.588238" elapsed="0.117452"/>
</test>
<test id="s1-s1-t3" name="Validar estrutura de resposta" line="22">
<kw name="Teste de Estrutura de Resposta" owner="random-user-service">
<kw name="GET On Session" owner="RequestsLibrary">
<msg time="2024-05-24T14:14:16.799496" level="INFO">GET Request : url=https://randomuser.me/api 
 path_url=/api 
 headers={'User-Agent': 'python-requests/2.32.2', 'Accept-Encoding': 'gzip, deflate', 'Accept': '*/*', 'Connection': 'keep-alive'} 
 body=None 
 </msg>
<msg time="2024-05-24T14:14:16.799603" level="INFO">GET Response : url=https://randomuser.me/api 
 status=200, reason=OK 
 headers={'Date': 'Fri, 24 May 2024 14:14:16 GMT', 'Content-Type': 'application/json; charset=utf-8', 'Transfer-Encoding': 'chunked', 'Connection': 'keep-alive', 'X-Powered-By': 'Express', 'Access-Control-Allow-Origin': '*', 'Cache-Control': 'no-cache', 'ETag': 'W/"499-j082yL+j4qMBGKYgXAhCj2d0Edw"', 'Vary': 'Accept-Encoding', 'Content-Encoding': 'gzip', 'CF-Cache-Status': 'DYNAMIC', 'Report-To': '{"endpoints":[{"url":"https:\\/\\/a.nel.cloudflare.com\\/report\\/v4?s=u%2BmjhARrgjF3XL5wZSDg%2BYqaWE4GvYlCMUnVbP6ItxFVbHmx6ihoM4ra1UFNZL8%2FnQsKnGEYrF7sJgPU4IVfHjEDP%2BgkVwigrxH7knDTcalA2tqJn9BgQTO7K947fDpv"}],"group":"cf-nel","max_age":604800}', 'NEL': '{"success_fraction":0,"report_to":"cf-nel","max_age":604800}', 'Server': 'cloudflare', 'CF-RAY': '888de4226fdb1754-SJC', 'alt-svc': 'h3=":443"; ma=86400'} 
 body={"results":[{"gender":"female","name":{"title":"Mrs","first":"Albenise","last":"da Paz"},"location":{"street":{"number":9753,"name":"Rua Piauí "},"city":"Recife","state":"São Paulo","country":"Brazil","postcode":51040,"coordinates":{"latitude":"-76.9249","longitude":"37.5286"},"timezone":{"offset":"+4:00","description":"Abu Dhabi, Muscat, Baku, Tbilisi"}},"email":"albenise.dapaz@example.com","login":{"uuid":"04a9f8bf-797b-44c2-a990-2c089901da92","username":"angrycat814","password":"mcdonald","salt":"JDTqVi3K","md5":"52b8dc3c8aa03519e66553e71ef66da0","sha1":"0faf19c3a00911ae7997417b1f47850bc407fdaf","sha256":"1f993d2dd6936fde137b05134d2edd639edb07fd09d4dc55bff23150f8c7c180"},"dob":{"date":"1945-07-19T16:23:14.611Z","age":78},"registered":{"date":"2012-12-29T11:40:42.726Z","age":11},"phone":"(60) 0865-1111","cell":"(35) 2791-9647","id":{"name":"CPF","value":"273.395.668-81"},"picture":{"large":"https://randomuser.me/api/portraits/women/54.jpg","medium":"https://randomuser.me/api/portraits/med/women/54.jpg","thumbnail":"https://randomuser.me/api/portraits/thumb/women/54.jpg"},"nat":"BR"}],"info":{"seed":"0a62853bf754d5c9","results":1,"page":1,"version":"1.4"}} 
 </msg>
<msg time="2024-05-24T14:14:16.799735" level="INFO">/opt/hostedtoolcache/Python/3.12.3/x64/lib/python3.12/site-packages/urllib3/connectionpool.py:1103: InsecureRequestWarning: Unverified HTTPS request is being made to host 'randomuser.me'. Adding certificate verification is strongly advised. See: https://urllib3.readthedocs.io/en/latest/advanced-usage.html#tls-warnings
  warnings.warn(</msg>
<msg time="2024-05-24T14:14:16.799876" level="INFO">${response} = &lt;Response [200]&gt;</msg>
<var>${response}</var>
<arg>consultarAPI</arg>
<arg>/api</arg>
<doc>Sends a GET request on a previously created HTTP Session.</doc>
<status status="PASS" start="2024-05-24T14:14:16.708410" elapsed="0.091505"/>
</kw>
<kw name="Set Variable" owner="BuiltIn">
<msg time="2024-05-24T14:14:16.801132" level="INFO">${json_data} = {'results': [{'gender': 'female', 'name': {'title': 'Mrs', 'first': 'Albenise', 'last': 'da Paz'}, 'location': {'street': {'number': 9753, 'name': 'Rua Piauí '}, 'city': 'Recife', 'state': 'São Paulo'...</msg>
<var>${json_data}</var>
<arg>${response.json()}</arg>
<doc>Returns the given values which can then be assigned to a variables.</doc>
<status status="PASS" start="2024-05-24T14:14:16.800550" elapsed="0.000612"/>
</kw>
<kw name="Log" owner="BuiltIn">
<msg time="2024-05-24T14:14:16.801656" level="INFO">{'results': [{'gender': 'female', 'name': {'title': 'Mrs', 'first': 'Albenise', 'last': 'da Paz'}, 'location': {'street': {'number': 9753, 'name': 'Rua Piauí '}, 'city': 'Recife', 'state': 'São Paulo', 'country': 'Brazil', 'postcode': 51040, 'coordinates': {'latitude': '-76.9249', 'longitude': '37.5286'}, 'timezone': {'offset': '+4:00', 'description': 'Abu Dhabi, Muscat, Baku, Tbilisi'}}, 'email': 'albenise.dapaz@example.com', 'login': {'uuid': '04a9f8bf-797b-44c2-a990-2c089901da92', 'username': 'angrycat814', 'password': 'mcdonald', 'salt': 'JDTqVi3K', 'md5': '52b8dc3c8aa03519e66553e71ef66da0', 'sha1': '0faf19c3a00911ae7997417b1f47850bc407fdaf', 'sha256': '1f993d2dd6936fde137b05134d2edd639edb07fd09d4dc55bff23150f8c7c180'}, 'dob': {'date': '1945-07-19T16:23:14.611Z', 'age': 78}, 'registered': {'date': '2012-12-29T11:40:42.726Z', 'age': 11}, 'phone': '(60) 0865-1111', 'cell': '(35) 2791-9647', 'id': {'name': 'CPF', 'value': '273.395.668-81'}, 'picture': {'large': 'https://randomuser.me/api/portraits/women/54.jpg', 'medium': 'https://randomuser.me/api/portraits/med/women/54.jpg', 'thumbnail': 'https://randomuser.me/api/portraits/thumb/women/54.jpg'}, 'nat': 'BR'}], 'info': {'seed': '0a62853bf754d5c9', 'results': 1, 'page': 1, 'version': '1.4'}}</msg>
<arg>${json_data}</arg>
<doc>Logs the given message with the given level.</doc>
<status status="PASS" start="2024-05-24T14:14:16.801490" elapsed="0.000216"/>
</kw>
<kw name="Dictionary Should Contain Key" owner="Collections">
<msg time="2024-05-24T14:14:16.802169" level="INFO">False</msg>
<arg>${json_data}</arg>
<arg>results</arg>
<doc>Fails if ``key`` is not found from ``dictionary``.</doc>
<status status="PASS" start="2024-05-24T14:14:16.802008" elapsed="0.000198"/>
</kw>
<kw name="Should Not Be Empty" owner="BuiltIn">
<msg time="2024-05-24T14:14:16.802689" level="INFO">Length is 2.</msg>
<arg>${json_data}</arg>
<doc>Verifies that the given item is not empty.</doc>
<status status="PASS" start="2024-05-24T14:14:16.802548" elapsed="0.000181"/>
</kw>
<kw name="Create List" owner="BuiltIn">
<msg time="2024-05-24T14:14:16.803184" level="INFO">${expected_keys} = ['gender', 'name', 'location', 'email', 'login']</msg>
<var>${expected_keys}</var>
<arg>gender</arg>
<arg>name</arg>
<arg>location</arg>
<arg>email</arg>
<arg>login</arg>
<doc>Returns a list containing given items.</doc>
<status status="PASS" start="2024-05-24T14:14:16.803031" elapsed="0.000177"/>
</kw>
<for flavor="IN">
<iter>
<kw name="Dictionary Should Contain Key" owner="Collections">
<msg time="2024-05-24T14:14:16.804212" level="INFO">False</msg>
<arg>${json_data['results'][0]}</arg>
<arg>${key}</arg>
<doc>Fails if ``key`` is not found from ``dictionary``.</doc>
<status status="PASS" start="2024-05-24T14:14:16.803798" elapsed="0.000457"/>
</kw>
<kw name="Log" owner="BuiltIn">
<msg time="2024-05-24T14:14:16.804928" level="INFO">{'gender': 'female', 'name': {'title': 'Mrs', 'first': 'Albenise', 'last': 'da Paz'}, 'location': {'street': {'number': 9753, 'name': 'Rua Piauí '}, 'city': 'Recife', 'state': 'São Paulo', 'country': 'Brazil', 'postcode': 51040, 'coordinates': {'latitude': '-76.9249', 'longitude': '37.5286'}, 'timezone': {'offset': '+4:00', 'description': 'Abu Dhabi, Muscat, Baku, Tbilisi'}}, 'email': 'albenise.dapaz@example.com', 'login': {'uuid': '04a9f8bf-797b-44c2-a990-2c089901da92', 'username': 'angrycat814', 'password': 'mcdonald', 'salt': 'JDTqVi3K', 'md5': '52b8dc3c8aa03519e66553e71ef66da0', 'sha1': '0faf19c3a00911ae7997417b1f47850bc407fdaf', 'sha256': '1f993d2dd6936fde137b05134d2edd639edb07fd09d4dc55bff23150f8c7c180'}, 'dob': {'date': '1945-07-19T16:23:14.611Z', 'age': 78}, 'registered': {'date': '2012-12-29T11:40:42.726Z', 'age': 11}, 'phone': '(60) 0865-1111', 'cell': '(35) 2791-9647', 'id': {'name': 'CPF', 'value': '273.395.668-81'}, 'picture': {'large': 'https://randomuser.me/api/portraits/women/54.jpg', 'medium': 'https://randomuser.me/api/portraits/med/women/54.jpg', 'thumbnail': 'https://randomuser.me/api/portraits/thumb/women/54.jpg'}, 'nat': 'BR'}</msg>
<arg>${json_data['results'][0]}</arg>
<doc>Logs the given message with the given level.</doc>
<status status="PASS" start="2024-05-24T14:14:16.804552" elapsed="0.000427"/>
</kw>
<kw name="Log" owner="BuiltIn">
<msg time="2024-05-24T14:14:16.805440" level="INFO">gender</msg>
<arg>${key}</arg>
<doc>Logs the given message with the given level.</doc>
<status status="PASS" start="2024-05-24T14:14:16.805312" elapsed="0.000165"/>
</kw>
<var name="${key}">gender</var>
<status status="PASS" start="2024-05-24T14:14:16.803666" elapsed="0.002038"/>
</iter>
<iter>
<kw name="Dictionary Should Contain Key" owner="Collections">
<msg time="2024-05-24T14:14:16.806396" level="INFO">False</msg>
<arg>${json_data['results'][0]}</arg>
<arg>${key}</arg>
<doc>Fails if ``key`` is not found from ``dictionary``.</doc>
<status status="PASS" start="2024-05-24T14:14:16.806011" elapsed="0.000446"/>
</kw>
<kw name="Log" owner="BuiltIn">
<msg time="2024-05-24T14:14:16.807143" level="INFO">{'gender': 'female', 'name': {'title': 'Mrs', 'first': 'Albenise', 'last': 'da Paz'}, 'location': {'street': {'number': 9753, 'name': 'Rua Piauí '}, 'city': 'Recife', 'state': 'São Paulo', 'country': 'Brazil', 'postcode': 51040, 'coordinates': {'latitude': '-76.9249', 'longitude': '37.5286'}, 'timezone': {'offset': '+4:00', 'description': 'Abu Dhabi, Muscat, Baku, Tbilisi'}}, 'email': 'albenise.dapaz@example.com', 'login': {'uuid': '04a9f8bf-797b-44c2-a990-2c089901da92', 'username': 'angrycat814', 'password': 'mcdonald', 'salt': 'JDTqVi3K', 'md5': '52b8dc3c8aa03519e66553e71ef66da0', 'sha1': '0faf19c3a00911ae7997417b1f47850bc407fdaf', 'sha256': '1f993d2dd6936fde137b05134d2edd639edb07fd09d4dc55bff23150f8c7c180'}, 'dob': {'date': '1945-07-19T16:23:14.611Z', 'age': 78}, 'registered': {'date': '2012-12-29T11:40:42.726Z', 'age': 11}, 'phone': '(60) 0865-1111', 'cell': '(35) 2791-9647', 'id': {'name': 'CPF', 'value': '273.395.668-81'}, 'picture': {'large': 'https://randomuser.me/api/portraits/women/54.jpg', 'medium': 'https://randomuser.me/api/portraits/med/women/54.jpg', 'thumbnail': 'https://randomuser.me/api/portraits/thumb/women/54.jpg'}, 'nat': 'BR'}</msg>
<arg>${json_data['results'][0]}</arg>
<doc>Logs the given message with the given level.</doc>
<status status="PASS" start="2024-05-24T14:14:16.806784" elapsed="0.000409"/>
</kw>
<kw name="Log" owner="BuiltIn">
<msg time="2024-05-24T14:14:16.807622" level="INFO">name</msg>
<arg>${key}</arg>
<doc>Logs the given message with the given level.</doc>
<status status="PASS" start="2024-05-24T14:14:16.807496" elapsed="0.000164"/>
</kw>
<var name="${key}">name</var>
<status status="PASS" start="2024-05-24T14:14:16.805897" elapsed="0.001983"/>
</iter>
<iter>
<kw name="Dictionary Should Contain Key" owner="Collections">
<msg time="2024-05-24T14:14:16.808591" level="INFO">False</msg>
<arg>${json_data['results'][0]}</arg>
<arg>${key}</arg>
<doc>Fails if ``key`` is not found from ``dictionary``.</doc>
<status status="PASS" start="2024-05-24T14:14:16.808210" elapsed="0.000419"/>
</kw>
<kw name="Log" owner="BuiltIn">
<msg time="2024-05-24T14:14:16.809284" level="INFO">{'gender': 'female', 'name': {'title': 'Mrs', 'first': 'Albenise', 'last': 'da Paz'}, 'location': {'street': {'number': 9753, 'name': 'Rua Piauí '}, 'city': 'Recife', 'state': 'São Paulo', 'country': 'Brazil', 'postcode': 51040, 'coordinates': {'latitude': '-76.9249', 'longitude': '37.5286'}, 'timezone': {'offset': '+4:00', 'description': 'Abu Dhabi, Muscat, Baku, Tbilisi'}}, 'email': 'albenise.dapaz@example.com', 'login': {'uuid': '04a9f8bf-797b-44c2-a990-2c089901da92', 'username': 'angrycat814', 'password': 'mcdonald', 'salt': 'JDTqVi3K', 'md5': '52b8dc3c8aa03519e66553e71ef66da0', 'sha1': '0faf19c3a00911ae7997417b1f47850bc407fdaf', 'sha256': '1f993d2dd6936fde137b05134d2edd639edb07fd09d4dc55bff23150f8c7c180'}, 'dob': {'date': '1945-07-19T16:23:14.611Z', 'age': 78}, 'registered': {'date': '2012-12-29T11:40:42.726Z', 'age': 11}, 'phone': '(60) 0865-1111', 'cell': '(35) 2791-9647', 'id': {'name': 'CPF', 'value': '273.395.668-81'}, 'picture': {'large': 'https://randomuser.me/api/portraits/women/54.jpg', 'medium': 'https://randomuser.me/api/portraits/med/women/54.jpg', 'thumbnail': 'https://randomuser.me/api/portraits/thumb/women/54.jpg'}, 'nat': 'BR'}</msg>
<arg>${json_data['results'][0]}</arg>
<doc>Logs the given message with the given level.</doc>
<status status="PASS" start="2024-05-24T14:14:16.808922" elapsed="0.000411"/>
</kw>
<kw name="Log" owner="BuiltIn">
<msg time="2024-05-24T14:14:16.809764" level="INFO">location</msg>
<arg>${key}</arg>
<doc>Logs the given message with the given level.</doc>
<status status="PASS" start="2024-05-24T14:14:16.809626" elapsed="0.000176"/>
</kw>
<var name="${key}">location</var>
<status status="PASS" start="2024-05-24T14:14:16.808092" elapsed="0.001940"/>
</iter>
<iter>
<kw name="Dictionary Should Contain Key" owner="Collections">
<msg time="2024-05-24T14:14:16.810916" level="INFO">False</msg>
<arg>${json_data['results'][0]}</arg>
<arg>${key}</arg>
<doc>Fails if ``key`` is not found from ``dictionary``.</doc>
<status status="PASS" start="2024-05-24T14:14:16.810351" elapsed="0.000603"/>
</kw>
<kw name="Log" owner="BuiltIn">
<msg time="2024-05-24T14:14:16.811610" level="INFO">{'gender': 'female', 'name': {'title': 'Mrs', 'first': 'Albenise', 'last': 'da Paz'}, 'location': {'street': {'number': 9753, 'name': 'Rua Piauí '}, 'city': 'Recife', 'state': 'São Paulo', 'country': 'Brazil', 'postcode': 51040, 'coordinates': {'latitude': '-76.9249', 'longitude': '37.5286'}, 'timezone': {'offset': '+4:00', 'description': 'Abu Dhabi, Muscat, Baku, Tbilisi'}}, 'email': 'albenise.dapaz@example.com', 'login': {'uuid': '04a9f8bf-797b-44c2-a990-2c089901da92', 'username': 'angrycat814', 'password': 'mcdonald', 'salt': 'JDTqVi3K', 'md5': '52b8dc3c8aa03519e66553e71ef66da0', 'sha1': '0faf19c3a00911ae7997417b1f47850bc407fdaf', 'sha256': '1f993d2dd6936fde137b05134d2edd639edb07fd09d4dc55bff23150f8c7c180'}, 'dob': {'date': '1945-07-19T16:23:14.611Z', 'age': 78}, 'registered': {'date': '2012-12-29T11:40:42.726Z', 'age': 11}, 'phone': '(60) 0865-1111', 'cell': '(35) 2791-9647', 'id': {'name': 'CPF', 'value': '273.395.668-81'}, 'picture': {'large': 'https://randomuser.me/api/portraits/women/54.jpg', 'medium': 'https://randomuser.me/api/portraits/med/women/54.jpg', 'thumbnail': 'https://randomuser.me/api/portraits/thumb/women/54.jpg'}, 'nat': 'BR'}</msg>
<arg>${json_data['results'][0]}</arg>
<doc>Logs the given message with the given level.</doc>
<status status="PASS" start="2024-05-24T14:14:16.811250" elapsed="0.000420"/>
</kw>
<kw name="Log" owner="BuiltIn">
<msg time="2024-05-24T14:14:16.812099" level="INFO">email</msg>
<arg>${key}</arg>
<doc>Logs the given message with the given level.</doc>
<status status="PASS" start="2024-05-24T14:14:16.811969" elapsed="0.000167"/>
</kw>
<var name="${key}">email</var>
<status status="PASS" start="2024-05-24T14:14:16.810221" elapsed="0.002129"/>
</iter>
<iter>
<kw name="Dictionary Should Contain Key" owner="Collections">
<msg time="2024-05-24T14:14:16.813009" level="INFO">False</msg>
<arg>${json_data['results'][0]}</arg>
<arg>${key}</arg>
<doc>Fails if ``key`` is not found from ``dictionary``.</doc>
<status status="PASS" start="2024-05-24T14:14:16.812635" elapsed="0.000411"/>
</kw>
<kw name="Log" owner="BuiltIn">
<msg time="2024-05-24T14:14:16.813736" level="INFO">{'gender': 'female', 'name': {'title': 'Mrs', 'first': 'Albenise', 'last': 'da Paz'}, 'location': {'street': {'number': 9753, 'name': 'Rua Piauí '}, 'city': 'Recife', 'state': 'São Paulo', 'country': 'Brazil', 'postcode': 51040, 'coordinates': {'latitude': '-76.9249', 'longitude': '37.5286'}, 'timezone': {'offset': '+4:00', 'description': 'Abu Dhabi, Muscat, Baku, Tbilisi'}}, 'email': 'albenise.dapaz@example.com', 'login': {'uuid': '04a9f8bf-797b-44c2-a990-2c089901da92', 'username': 'angrycat814', 'password': 'mcdonald', 'salt': 'JDTqVi3K', 'md5': '52b8dc3c8aa03519e66553e71ef66da0', 'sha1': '0faf19c3a00911ae7997417b1f47850bc407fdaf', 'sha256': '1f993d2dd6936fde137b05134d2edd639edb07fd09d4dc55bff23150f8c7c180'}, 'dob': {'date': '1945-07-19T16:23:14.611Z', 'age': 78}, 'registered': {'date': '2012-12-29T11:40:42.726Z', 'age': 11}, 'phone': '(60) 0865-1111', 'cell': '(35) 2791-9647', 'id': {'name': 'CPF', 'value': '273.395.668-81'}, 'picture': {'large': 'https://randomuser.me/api/portraits/women/54.jpg', 'medium': 'https://randomuser.me/api/portraits/med/women/54.jpg', 'thumbnail': 'https://randomuser.me/api/portraits/thumb/women/54.jpg'}, 'nat': 'BR'}</msg>
<arg>${json_data['results'][0]}</arg>
<doc>Logs the given message with the given level.</doc>
<status status="PASS" start="2024-05-24T14:14:16.813347" elapsed="0.000439"/>
</kw>
<kw name="Log" owner="BuiltIn">
<msg time="2024-05-24T14:14:16.814260" level="INFO">login</msg>
<arg>${key}</arg>
<doc>Logs the given message with the given level.</doc>
<status status="PASS" start="2024-05-24T14:14:16.814133" elapsed="0.000164"/>
</kw>
<var name="${key}">login</var>
<status status="PASS" start="2024-05-24T14:14:16.812525" elapsed="0.002058"/>
</iter>
<var>${key}</var>
<value>@{expected_keys}</value>
<status status="PASS" start="2024-05-24T14:14:16.803470" elapsed="0.011242"/>
</for>
<kw name="Create List" owner="BuiltIn">
<msg time="2024-05-24T14:14:16.815058" level="INFO">${expected_keysTwo} = ['username', 'password']</msg>
<var>${expected_keysTwo}</var>
<arg>username</arg>
<arg>password</arg>
<doc>Returns a list containing given items.</doc>
<status status="PASS" start="2024-05-24T14:14:16.814919" elapsed="0.000162"/>
</kw>
<for flavor="IN">
<iter>
<kw name="Dictionary Should Contain Key" owner="Collections">
<msg time="2024-05-24T14:14:16.816005" level="INFO">False</msg>
<arg>${json_data['results'][0]['login']}</arg>
<arg>${keyTwo}</arg>
<doc>Fails if ``key`` is not found from ``dictionary``.</doc>
<status status="PASS" start="2024-05-24T14:14:16.815602" elapsed="0.000441"/>
</kw>
<kw name="Dictionary Should Contain Key" owner="Collections">
<msg time="2024-05-24T14:14:16.816748" level="INFO">False</msg>
<arg>${json_data['results'][0]['login']}</arg>
<arg>${keyTwo}</arg>
<doc>Fails if ``key`` is not found from ``dictionary``.</doc>
<status status="PASS" start="2024-05-24T14:14:16.816343" elapsed="0.000454"/>
</kw>
<kw name="Log" owner="BuiltIn">
<msg time="2024-05-24T14:14:16.817289" level="INFO">username</msg>
<arg>${keyTwo}</arg>
<doc>Logs the given message with the given level.</doc>
<status status="PASS" start="2024-05-24T14:14:16.817157" elapsed="0.000169"/>
</kw>
<var name="${keyTwo}">username</var>
<status status="PASS" start="2024-05-24T14:14:16.815488" elapsed="0.002054"/>
</iter>
<iter>
<kw name="Dictionary Should Contain Key" owner="Collections">
<msg time="2024-05-24T14:14:16.818209" level="INFO">False</msg>
<arg>${json_data['results'][0]['login']}</arg>
<arg>${keyTwo}</arg>
<doc>Fails if ``key`` is not found from ``dictionary``.</doc>
<status status="PASS" start="2024-05-24T14:14:16.817825" elapsed="0.000421"/>
</kw>
<kw name="Dictionary Should Contain Key" owner="Collections">
<msg time="2024-05-24T14:14:16.818948" level="INFO">False</msg>
<arg>${json_data['results'][0]['login']}</arg>
<arg>${keyTwo}</arg>
<doc>Fails if ``key`` is not found from ``dictionary``.</doc>
<status status="PASS" start="2024-05-24T14:14:16.818573" elapsed="0.000412"/>
</kw>
<kw name="Log" owner="BuiltIn">
<msg time="2024-05-24T14:14:16.819403" level="INFO">password</msg>
<arg>${keyTwo}</arg>
<doc>Logs the given message with the given level.</doc>
<status status="PASS" start="2024-05-24T14:14:16.819276" elapsed="0.000164"/>
</kw>
<var name="${keyTwo}">password</var>
<status status="PASS" start="2024-05-24T14:14:16.817715" elapsed="0.001939"/>
</iter>
<var>${keyTwo}</var>
<value>@{expected_keysTwo}</value>
<status status="PASS" start="2024-05-24T14:14:16.815320" elapsed="0.004452"/>
</for>
<status status="PASS" start="2024-05-24T14:14:16.708159" elapsed="0.111757"/>
</kw>
<doc>Testa a estrutura da resposta da API.</doc>
<tag>testeEstruturaResposta</tag>
<status status="PASS" start="2024-05-24T14:14:16.707608" elapsed="0.112469"/>
</test>
<test id="s1-s1-t4" name="Validar tipos de dados" line="28">
<kw name="Teste de Tipos de Dados" owner="random-user-service">
<kw name="GET On Session" owner="RequestsLibrary">
<msg time="2024-05-24T14:14:16.916907" level="INFO">GET Request : url=https://randomuser.me/api 
 path_url=/api 
 headers={'User-Agent': 'python-requests/2.32.2', 'Accept-Encoding': 'gzip, deflate', 'Accept': '*/*', 'Connection': 'keep-alive'} 
 body=None 
 </msg>
<msg time="2024-05-24T14:14:16.917008" level="INFO">GET Response : url=https://randomuser.me/api 
 status=200, reason=OK 
 headers={'Date': 'Fri, 24 May 2024 14:14:16 GMT', 'Content-Type': 'application/json; charset=utf-8', 'Transfer-Encoding': 'chunked', 'Connection': 'keep-alive', 'X-Powered-By': 'Express', 'Access-Control-Allow-Origin': '*', 'Cache-Control': 'no-cache', 'ETag': 'W/"4a0-Y2gIbfjf3iNIkgFjJZvVWtL4XUA"', 'Vary': 'Accept-Encoding', 'Content-Encoding': 'gzip', 'CF-Cache-Status': 'DYNAMIC', 'Report-To': '{"endpoints":[{"url":"https:\\/\\/a.nel.cloudflare.com\\/report\\/v4?s=NokzaVxpH5Ay0qaPR57Pa8hb50iXNYBKggbh2iwJZn49hvjbDBBD9XT1VujRwbn3VxH1m8i3NNl6yyW7pk%2FAd%2Fe0eHfybzxFw3Jvcs1sgLvH6fbXiT5i7e4ZAljMxX8N"}],"group":"cf-nel","max_age":604800}', 'NEL': '{"success_fraction":0,"report_to":"cf-nel","max_age":604800}', 'Server': 'cloudflare', 'CF-RAY': '888de42328651754-SJC', 'alt-svc': 'h3=":443"; ma=86400'} 
 body={"results":[{"gender":"male","name":{"title":"Mr","first":"Edson","last":"Van den Eijnden"},"location":{"street":{"number":4364,"name":"Canisvlietstraat"},"city":"Texel","state":"Overijssel","country":"Netherlands","postcode":"2188 OP","coordinates":{"latitude":"37.8350","longitude":"-80.1493"},"timezone":{"offset":"+4:00","description":"Abu Dhabi, Muscat, Baku, Tbilisi"}},"email":"edson.vandeneijnden@example.com","login":{"uuid":"3c964db2-ce32-41a4-a122-546c4961c334","username":"blackcat434","password":"architec","salt":"W4mkeQq6","md5":"65c243fef94511f2a42282790e833ab8","sha1":"6d2d9ef55a4b43a6fc648cd20a365ae8b93846fb","sha256":"63bdbe6941910b6000705866315c3ab425edf28c415ffe4c9a3e5e4933a6d911"},"dob":{"date":"1961-02-26T15:41:14.655Z","age":63},"registered":{"date":"2010-08-05T06:06:11.260Z","age":13},"phone":"(025) 4082228","cell":"(06) 69514035","id":{"name":"BSN","value":"27634163"},"picture":{"large":"https://randomuser.me/api/portraits/men/80.jpg","medium":"https://randomuser.me/api/portraits/med/men/80.jpg","thumbnail":"https://randomuser.me/api/portraits/thumb/men/80.jpg"},"nat":"NL"}],"info":{"seed":"421a49b1760b106a","results":1,"page":1,"version":"1.4"}} 
 </msg>
<msg time="2024-05-24T14:14:16.917076" level="INFO">/opt/hostedtoolcache/Python/3.12.3/x64/lib/python3.12/site-packages/urllib3/connectionpool.py:1103: InsecureRequestWarning: Unverified HTTPS request is being made to host 'randomuser.me'. Adding certificate verification is strongly advised. See: https://urllib3.readthedocs.io/en/latest/advanced-usage.html#tls-warnings
  warnings.warn(</msg>
<msg time="2024-05-24T14:14:16.917200" level="INFO">${response} = &lt;Response [200]&gt;</msg>
<var>${response}</var>
<arg>consultarAPI</arg>
<arg>/api</arg>
<doc>Sends a GET request on a previously created HTTP Session.</doc>
<status status="PASS" start="2024-05-24T14:14:16.822757" elapsed="0.094485"/>
</kw>
<kw name="Set Variable" owner="BuiltIn">
<msg time="2024-05-24T14:14:16.918293" level="INFO">${json_data} = {'results': [{'gender': 'male', 'name': {'title': 'Mr', 'first': 'Edson', 'last': 'Van den Eijnden'}, 'location': {'street': {'number': 4364, 'name': 'Canisvlietstraat'}, 'city': 'Texel', 'state': 'Ov...</msg>
<var>${json_data}</var>
<arg>${response.json()}</arg>
<doc>Returns the given values which can then be assigned to a variables.</doc>
<status status="PASS" start="2024-05-24T14:14:16.917777" elapsed="0.000544"/>
</kw>
<kw name="Log" owner="BuiltIn">
<msg time="2024-05-24T14:14:16.918849" level="INFO">{'results': [{'gender': 'male', 'name': {'title': 'Mr', 'first': 'Edson', 'last': 'Van den Eijnden'}, 'location': {'street': {'number': 4364, 'name': 'Canisvlietstraat'}, 'city': 'Texel', 'state': 'Overijssel', 'country': 'Netherlands', 'postcode': '2188 OP', 'coordinates': {'latitude': '37.8350', 'longitude': '-80.1493'}, 'timezone': {'offset': '+4:00', 'description': 'Abu Dhabi, Muscat, Baku, Tbilisi'}}, 'email': 'edson.vandeneijnden@example.com', 'login': {'uuid': '3c964db2-ce32-41a4-a122-546c4961c334', 'username': 'blackcat434', 'password': 'architec', 'salt': 'W4mkeQq6', 'md5': '65c243fef94511f2a42282790e833ab8', 'sha1': '6d2d9ef55a4b43a6fc648cd20a365ae8b93846fb', 'sha256': '63bdbe6941910b6000705866315c3ab425edf28c415ffe4c9a3e5e4933a6d911'}, 'dob': {'date': '1961-02-26T15:41:14.655Z', 'age': 63}, 'registered': {'date': '2010-08-05T06:06:11.260Z', 'age': 13}, 'phone': '(025) 4082228', 'cell': '(06) 69514035', 'id': {'name': 'BSN', 'value': '27634163'}, 'picture': {'large': 'https://randomuser.me/api/portraits/men/80.jpg', 'medium': 'https://randomuser.me/api/portraits/med/men/80.jpg', 'thumbnail': 'https://randomuser.me/api/portraits/thumb/men/80.jpg'}, 'nat': 'NL'}], 'info': {'seed': '421a49b1760b106a', 'results': 1, 'page': 1, 'version': '1.4'}}</msg>
<arg>${json_data}</arg>
<doc>Logs the given message with the given level.</doc>
<status status="PASS" start="2024-05-24T14:14:16.918687" elapsed="0.000248"/>
</kw>
<kw name="Should Be String" owner="String">
<arg>${json_data['results'][0]['gender']}</arg>
<doc>Fails if the given ``item`` is not a string.</doc>
<status status="PASS" start="2024-05-24T14:14:16.919242" elapsed="0.000369"/>
</kw>
<kw name="Should Match Regexp" owner="BuiltIn">
<arg>${json_data['results'][0]['email']}</arg>
<arg>^[a-zA-Z0-9._%+-]+@[a-zA-Z0-9.-]+\.[a-zA-Z]{2,}$</arg>
<doc>Fails if ``string`` does not match ``pattern`` as a regular expression.</doc>
<status status="PASS" start="2024-05-24T14:14:16.919808" elapsed="0.000682"/>
</kw>
<kw name="Should Match Regexp" owner="BuiltIn">
<arg>${json_data['results'][0]['dob']['date']}</arg>
<arg>\\d{4}-\\d{2}-\\d{2}T\\d{2}:\\d{2}:\\d{2}\\.\\d{3}Z</arg>
<doc>Fails if ``string`` does not match ``pattern`` as a regular expression.</doc>
<status status="PASS" start="2024-05-24T14:14:16.920691" elapsed="0.000492"/>
</kw>
<kw name="Should Match Regexp" owner="BuiltIn">
<arg>${json_data['results'][0]['registered']['date']}</arg>
<arg>\\d{4}-\\d{2}-\\d{2}T\\d{2}:\\d{2}:\\d{2}\\.\\d{3}Z</arg>
<doc>Fails if ``string`` does not match ``pattern`` as a regular expression.</doc>
<status status="PASS" start="2024-05-24T14:14:16.921377" elapsed="0.000371"/>
</kw>
<kw name="Should Match Regexp" owner="BuiltIn">
<arg>${json_data['results'][0]['picture']['large']}</arg>
<arg>^https?://.*\.(?:png|jpe?g|gif|bmp)$</arg>
<doc>Fails if ``string`` does not match ``pattern`` as a regular expression.</doc>
<status status="PASS" start="2024-05-24T14:14:16.921936" elapsed="0.000460"/>
</kw>
<kw name="Should Match Regexp" owner="BuiltIn">
<arg>${json_data['results'][0]['picture']['medium']}</arg>
<arg>^https?://.*\.(?:png|jpe?g|gif|bmp)$</arg>
<doc>Fails if ``string`` does not match ``pattern`` as a regular expression.</doc>
<status status="PASS" start="2024-05-24T14:14:16.922619" elapsed="0.000353"/>
</kw>
<kw name="Should Match Regexp" owner="BuiltIn">
<arg>${json_data['results'][0]['picture']['thumbnail']}</arg>
<arg>^https?://.*\.(?:png|jpe?g|gif|bmp)$</arg>
<doc>Fails if ``string`` does not match ``pattern`` as a regular expression.</doc>
<status status="PASS" start="2024-05-24T14:14:16.923160" elapsed="0.000342"/>
</kw>
<kw name="Log" owner="BuiltIn">
<msg time="2024-05-24T14:14:16.924004" level="INFO">{'large': 'https://randomuser.me/api/portraits/men/80.jpg', 'medium': 'https://randomuser.me/api/portraits/med/men/80.jpg', 'thumbnail': 'https://randomuser.me/api/portraits/thumb/men/80.jpg'}</msg>
<arg>${json_data['results'][0]['picture']}</arg>
<doc>Logs the given message with the given level.</doc>
<status status="PASS" start="2024-05-24T14:14:16.923684" elapsed="0.000362"/>
</kw>
<status status="PASS" start="2024-05-24T14:14:16.822498" elapsed="0.101807"/>
</kw>
<kw name="Teste de Tipos de Dados - Postcode" owner="random-user-service">
<kw name="GET On Session" owner="RequestsLibrary">
<msg time="2024-05-24T14:14:17.022027" level="INFO">GET Request : url=https://randomuser.me/api 
 path_url=/api 
 headers={'User-Agent': 'python-requests/2.32.2', 'Accept-Encoding': 'gzip, deflate', 'Accept': '*/*', 'Connection': 'keep-alive'} 
 body=None 
 </msg>
<msg time="2024-05-24T14:14:17.022127" level="INFO">GET Response : url=https://randomuser.me/api 
 status=200, reason=OK 
 headers={'Date': 'Fri, 24 May 2024 14:14:17 GMT', 'Content-Type': 'application/json; charset=utf-8', 'Transfer-Encoding': 'chunked', 'Connection': 'keep-alive', 'X-Powered-By': 'Express', 'Access-Control-Allow-Origin': '*', 'Cache-Control': 'no-cache', 'ETag': 'W/"494-BDeW4U256gHRyaMB72ZhxYW4saw"', 'Vary': 'Accept-Encoding', 'Content-Encoding': 'gzip', 'CF-Cache-Status': 'DYNAMIC', 'Report-To': '{"endpoints":[{"url":"https:\\/\\/a.nel.cloudflare.com\\/report\\/v4?s=cqg78opuICK2yPPEMaHBZK7JCRxwaRPiOjtay2lDbSh3C4B6IB%2FzIRaNO1wibDaqIbQqCDSsYYffgU7%2Bk%2FVvIwaszvlPOnrBqvltskTX5r0%2BECYqabzFdXP04MyIzDua"}],"group":"cf-nel","max_age":604800}', 'NEL': '{"success_fraction":0,"report_to":"cf-nel","max_age":604800}', 'Server': 'cloudflare', 'CF-RAY': '888de423c8ed1754-SJC', 'alt-svc': 'h3=":443"; ma=86400'} 
 body={"results":[{"gender":"male","name":{"title":"Monsieur","first":"Steffen","last":"Blanc"},"location":{"street":{"number":565,"name":"Rue de L'Abbé-Groult"},"city":"Krattigen","state":"Valais","country":"Switzerland","postcode":5992,"coordinates":{"latitude":"-61.9181","longitude":"-52.3317"},"timezone":{"offset":"-12:00","description":"Eniwetok, Kwajalein"}},"email":"steffen.blanc@example.com","login":{"uuid":"e10087e7-87a5-4253-9f45-77c385dafef2","username":"goldengoose534","password":"widget","salt":"GEQvlvnZ","md5":"e7ac9f3e8e483fb6d86a25ab4dd7b5f9","sha1":"e90d0230fcde5dd2a5ef31b1e0f38ea71a1527bf","sha256":"d13748c2ccb52fe4f3d579f9f2a47f762288dcd8ee26a09c58d2c4f7e8d358be"},"dob":{"date":"1970-12-02T18:13:04.959Z","age":53},"registered":{"date":"2018-02-16T23:40:59.062Z","age":6},"phone":"076 869 99 14","cell":"078 854 92 42","id":{"name":"AVS","value":"756.0138.4014.29"},"picture":{"large":"https://randomuser.me/api/portraits/men/18.jpg","medium":"https://randomuser.me/api/portraits/med/men/18.jpg","thumbnail":"https://randomuser.me/api/portraits/thumb/men/18.jpg"},"nat":"CH"}],"info":{"seed":"1952f5a89761e9d9","results":1,"page":1,"version":"1.4"}} 
 </msg>
<msg time="2024-05-24T14:14:17.022198" level="INFO">/opt/hostedtoolcache/Python/3.12.3/x64/lib/python3.12/site-packages/urllib3/connectionpool.py:1103: InsecureRequestWarning: Unverified HTTPS request is being made to host 'randomuser.me'. Adding certificate verification is strongly advised. See: https://urllib3.readthedocs.io/en/latest/advanced-usage.html#tls-warnings
  warnings.warn(</msg>
<msg time="2024-05-24T14:14:17.022317" level="INFO">${response} = &lt;Response [200]&gt;</msg>
<var>${response}</var>
<arg>consultarAPI</arg>
<arg>/api</arg>
<doc>Sends a GET request on a previously created HTTP Session.</doc>
<status status="PASS" start="2024-05-24T14:14:16.924774" elapsed="0.097569"/>
</kw>
<kw name="Set Variable" owner="BuiltIn">
<msg time="2024-05-24T14:14:17.023538" level="INFO">${json_data} = {'results': [{'gender': 'male', 'name': {'title': 'Monsieur', 'first': 'Steffen', 'last': 'Blanc'}, 'location': {'street': {'number': 565, 'name': "Rue de L'Abbé-Groult"}, 'city': 'Krattigen', 'state'...</msg>
<var>${json_data}</var>
<arg>${response.json()}</arg>
<doc>Returns the given values which can then be assigned to a variables.</doc>
<status status="PASS" start="2024-05-24T14:14:17.022992" elapsed="0.000579"/>
</kw>
<kw name="Log" owner="BuiltIn">
<msg time="2024-05-24T14:14:17.024058" level="INFO">{'results': [{'gender': 'male', 'name': {'title': 'Monsieur', 'first': 'Steffen', 'last': 'Blanc'}, 'location': {'street': {'number': 565, 'name': "Rue de L'Abbé-Groult"}, 'city': 'Krattigen', 'state': 'Valais', 'country': 'Switzerland', 'postcode': 5992, 'coordinates': {'latitude': '-61.9181', 'longitude': '-52.3317'}, 'timezone': {'offset': '-12:00', 'description': 'Eniwetok, Kwajalein'}}, 'email': 'steffen.blanc@example.com', 'login': {'uuid': 'e10087e7-87a5-4253-9f45-77c385dafef2', 'username': 'goldengoose534', 'password': 'widget', 'salt': 'GEQvlvnZ', 'md5': 'e7ac9f3e8e483fb6d86a25ab4dd7b5f9', 'sha1': 'e90d0230fcde5dd2a5ef31b1e0f38ea71a1527bf', 'sha256': 'd13748c2ccb52fe4f3d579f9f2a47f762288dcd8ee26a09c58d2c4f7e8d358be'}, 'dob': {'date': '1970-12-02T18:13:04.959Z', 'age': 53}, 'registered': {'date': '2018-02-16T23:40:59.062Z', 'age': 6}, 'phone': '076 869 99 14', 'cell': '078 854 92 42', 'id': {'name': 'AVS', 'value': '756.0138.4014.29'}, 'picture': {'large': 'https://randomuser.me/api/portraits/men/18.jpg', 'medium': 'https://randomuser.me/api/portraits/med/men/18.jpg', 'thumbnail': 'https://randomuser.me/api/portraits/thumb/men/18.jpg'}, 'nat': 'CH'}], 'info': {'seed': '1952f5a89761e9d9', 'results': 1, 'page': 1, 'version': '1.4'}}</msg>
<arg>${json_data}</arg>
<doc>Logs the given message with the given level.</doc>
<status status="PASS" start="2024-05-24T14:14:17.023894" elapsed="0.000252"/>
</kw>
<kw name="Should Be Equal As Numbers" owner="BuiltIn">
<arg>${json_data['results'][0]['location']['postcode']}</arg>
<arg>${json_data['results'][0]['location']['postcode']}</arg>
<doc>Fails if objects are unequal after converting them to real numbers.</doc>
<status status="PASS" start="2024-05-24T14:14:17.024454" elapsed="0.000637"/>
</kw>
<kw name="Log" owner="BuiltIn">
<msg time="2024-05-24T14:14:17.025634" level="INFO">5992</msg>
<arg>${json_data['results'][0]['location']['postcode']}</arg>
<doc>Logs the given message with the given level.</doc>
<status status="PASS" start="2024-05-24T14:14:17.025289" elapsed="0.000395"/>
</kw>
<status status="PASS" start="2024-05-24T14:14:16.924540" elapsed="0.101448"/>
</kw>
<doc>Testa se os tipos de dados na resposta da API estão corretos.</doc>
<tag>testeTiposDados</tag>
<status status="PASS" start="2024-05-24T14:14:16.821876" elapsed="0.204287"/>
</test>
<test id="s1-s1-t5" name="Validar conteudo" line="35">
<kw name="Teste de Tipos de Conteudo" owner="random-user-service">
<kw name="GET On Session" owner="RequestsLibrary">
<msg time="2024-05-24T14:14:17.129695" level="INFO">GET Request : url=https://randomuser.me/api 
 path_url=/api 
 headers={'User-Agent': 'python-requests/2.32.2', 'Accept-Encoding': 'gzip, deflate', 'Accept': '*/*', 'Connection': 'keep-alive'} 
 body=None 
 </msg>
<msg time="2024-05-24T14:14:17.129809" level="INFO">GET Response : url=https://randomuser.me/api 
 status=200, reason=OK 
 headers={'Date': 'Fri, 24 May 2024 14:14:17 GMT', 'Content-Type': 'application/json; charset=utf-8', 'Transfer-Encoding': 'chunked', 'Connection': 'keep-alive', 'X-Powered-By': 'Express', 'Access-Control-Allow-Origin': '*', 'Cache-Control': 'no-cache', 'ETag': 'W/"48e-RXICMl8EnpAA0LeUiRLois0cpZI"', 'Vary': 'Accept-Encoding', 'Content-Encoding': 'gzip', 'CF-Cache-Status': 'DYNAMIC', 'Report-To': '{"endpoints":[{"url":"https:\\/\\/a.nel.cloudflare.com\\/report\\/v4?s=aiB1ZgCVOLfoNJxDdi3FcvRHET0LmMinBbEqnTVHpITf%2BDeAomToilZsm1qXPCY3eO3yiHfyzEga%2FS1V0fj4cyS19Eu7lEoDI1CAWJPp5kvqrihbyUwKugZjeFL83ONa"}],"group":"cf-nel","max_age":604800}', 'NEL': '{"success_fraction":0,"report_to":"cf-nel","max_age":604800}', 'Server': 'cloudflare', 'CF-RAY': '888de42469831754-SJC', 'alt-svc': 'h3=":443"; ma=86400'} 
 body={"results":[{"gender":"male","name":{"title":"Mr","first":"Flynn","last":"Evans"},"location":{"street":{"number":4404,"name":"Great King Street"},"city":"Lower Hutt","state":"Canterbury","country":"New Zealand","postcode":47220,"coordinates":{"latitude":"52.9803","longitude":"-54.2308"},"timezone":{"offset":"-5:00","description":"Eastern Time (US &amp; Canada), Bogota, Lima"}},"email":"flynn.evans@example.com","login":{"uuid":"63475626-a4c8-42a2-9883-e61561f9dd1c","username":"orangedog899","password":"king","salt":"NqVGlMl1","md5":"fb1cd473433e6dd2f511a349919a286e","sha1":"0723989fc50e6314d9042d2421e2e79d1f7d0a88","sha256":"6ce50d559e81535dee35011354c288acd277e4c2cacda0418cd9cff60983add5"},"dob":{"date":"1967-08-05T20:51:26.993Z","age":56},"registered":{"date":"2004-07-29T14:10:20.991Z","age":19},"phone":"(419)-688-0762","cell":"(693)-901-4813","id":{"name":"","value":null},"picture":{"large":"https://randomuser.me/api/portraits/men/31.jpg","medium":"https://randomuser.me/api/portraits/med/men/31.jpg","thumbnail":"https://randomuser.me/api/portraits/thumb/men/31.jpg"},"nat":"NZ"}],"info":{"seed":"2c5cb4de1bdfebfb","results":1,"page":1,"version":"1.4"}} 
 </msg>
<msg time="2024-05-24T14:14:17.129894" level="INFO">/opt/hostedtoolcache/Python/3.12.3/x64/lib/python3.12/site-packages/urllib3/connectionpool.py:1103: InsecureRequestWarning: Unverified HTTPS request is being made to host 'randomuser.me'. Adding certificate verification is strongly advised. See: https://urllib3.readthedocs.io/en/latest/advanced-usage.html#tls-warnings
  warnings.warn(</msg>
<msg time="2024-05-24T14:14:17.130063" level="INFO">${response} = &lt;Response [200]&gt;</msg>
<var>${response}</var>
<arg>consultarAPI</arg>
<arg>/api</arg>
<doc>Sends a GET request on a previously created HTTP Session.</doc>
<status status="PASS" start="2024-05-24T14:14:17.028697" elapsed="0.101414"/>
</kw>
<kw name="Set Variable" owner="BuiltIn">
<msg time="2024-05-24T14:14:17.131360" level="INFO">${json_data} = {'results': [{'gender': 'male', 'name': {'title': 'Mr', 'first': 'Flynn', 'last': 'Evans'}, 'location': {'street': {'number': 4404, 'name': 'Great King Street'}, 'city': 'Lower Hutt', 'state': 'Canter...</msg>
<var>${json_data}</var>
<arg>${response.json()}</arg>
<doc>Returns the given values which can then be assigned to a variables.</doc>
<status status="PASS" start="2024-05-24T14:14:17.130796" elapsed="0.000594"/>
</kw>
<kw name="Set Variable" owner="BuiltIn">
<msg time="2024-05-24T14:14:17.132082" level="INFO">${name_title} = Mr</msg>
<var>${name_title}</var>
<arg>${json_data["results"][0]["name"]["title"]}</arg>
<doc>Returns the given values which can then be assigned to a variables.</doc>
<status status="PASS" start="2024-05-24T14:14:17.131699" elapsed="0.000408"/>
</kw>
<kw name="Create List" owner="BuiltIn">
<msg time="2024-05-24T14:14:17.132561" level="INFO">${allowed_titles} = ['Mr', 'Ms', 'Miss', 'Mrs', 'Madame', 'Monsieur']</msg>
<var>${allowed_titles}</var>
<arg>Mr</arg>
<arg>Ms</arg>
<arg>Miss</arg>
<arg>Mrs</arg>
<arg>Madame</arg>
<arg>Monsieur</arg>
<doc>Returns a list containing given items.</doc>
<status status="PASS" start="2024-05-24T14:14:17.132411" elapsed="0.000174"/>
</kw>
<kw name="List Should Contain Value" owner="Collections">
<msg time="2024-05-24T14:14:17.133067" level="INFO">False</msg>
<arg>${allowed_titles}</arg>
<arg>${name_title}</arg>
<doc>Fails if the ``value`` is not found from ``list``.</doc>
<status status="PASS" start="2024-05-24T14:14:17.132887" elapsed="0.000217"/>
</kw>
<kw name="Set Variable" owner="BuiltIn">
<msg time="2024-05-24T14:14:17.133969" level="INFO">${name_country} = NZ</msg>
<var>${name_country}</var>
<arg>${json_data["results"][0]["nat"]}</arg>
<doc>Returns the given values which can then be assigned to a variables.</doc>
<status status="PASS" start="2024-05-24T14:14:17.133394" elapsed="0.000600"/>
</kw>
<kw name="Create List" owner="BuiltIn">
<msg time="2024-05-24T14:14:17.134961" level="INFO">${list_country} = ['AD', 'AE', 'AF', 'AG', 'AI', 'AL', 'AM', 'AO', 'AQ', 'AR', 'AS', 'AT', 'AU', 'AW', 'AX', 'AZ', 'BA', 'BB', 'BD', 'BE', 'BF', 'BG', 'BH', 'BI', 'BJ', 'BL', 'BM', 'BN', 'BO', 'BQ', 'BR', 'BS', 'BT', '...</msg>
<var>${list_country}</var>
<arg>AD</arg>
<arg>AE</arg>
<arg>AF</arg>
<arg>AG</arg>
<arg>AI</arg>
<arg>AL</arg>
<arg>AM</arg>
<arg>AO</arg>
<arg>AQ</arg>
<arg>AR</arg>
<arg>AS</arg>
<arg>AT</arg>
<arg>AU</arg>
<arg>AW</arg>
<arg>AX</arg>
<arg>AZ</arg>
<arg>BA</arg>
<arg>BB</arg>
<arg>BD</arg>
<arg>BE</arg>
<arg>BF</arg>
<arg>BG</arg>
<arg>BH</arg>
<arg>BI</arg>
<arg>BJ</arg>
<arg>BL</arg>
<arg>BM</arg>
<arg>BN</arg>
<arg>BO</arg>
<arg>BQ</arg>
<arg>BR</arg>
<arg>BS</arg>
<arg>BT</arg>
<arg>BV</arg>
<arg>BW</arg>
<arg>BY</arg>
<arg>BZ</arg>
<arg>CA</arg>
<arg>CC</arg>
<arg>CD</arg>
<arg>CF</arg>
<arg>CG</arg>
<arg>CH</arg>
<arg>CI</arg>
<arg>CK</arg>
<arg>CL</arg>
<arg>CM</arg>
<arg>CN</arg>
<arg>CO</arg>
<arg>CR</arg>
<arg>CU</arg>
<arg>CV</arg>
<arg>CW</arg>
<arg>CX</arg>
<arg>CY</arg>
<arg>CZ</arg>
<arg>DE</arg>
<arg>DJ</arg>
<arg>DK</arg>
<arg>DM</arg>
<arg>DO</arg>
<arg>DZ</arg>
<arg>EC</arg>
<arg>EE</arg>
<arg>EG</arg>
<arg>EH</arg>
<arg>ER</arg>
<arg>ES</arg>
<arg>ET</arg>
<arg>FI</arg>
<arg>FJ</arg>
<arg>FK</arg>
<arg>FM</arg>
<arg>FO</arg>
<arg>FR</arg>
<arg>GA</arg>
<arg>GB</arg>
<arg>GD</arg>
<arg>GE</arg>
<arg>GF</arg>
<arg>GG</arg>
<arg>GH</arg>
<arg>GI</arg>
<arg>GL</arg>
<arg>GM</arg>
<arg>GN</arg>
<arg>GP</arg>
<arg>GQ</arg>
<arg>GR</arg>
<arg>GS</arg>
<arg>GT</arg>
<arg>GU</arg>
<arg>GW</arg>
<arg>GY</arg>
<arg>HK</arg>
<arg>HM</arg>
<arg>HN</arg>
<arg>HR</arg>
<arg>HT</arg>
<arg>HU</arg>
<arg>ID</arg>
<arg>IE</arg>
<arg>IL</arg>
<arg>IM</arg>
<arg>IN</arg>
<arg>IO</arg>
<arg>IQ</arg>
<arg>IR</arg>
<arg>IS</arg>
<arg>IT</arg>
<arg>JE</arg>
<arg>JM</arg>
<arg>JO</arg>
<arg>JP</arg>
<arg>KE</arg>
<arg>KG</arg>
<arg>KH</arg>
<arg>KI</arg>
<arg>KM</arg>
<arg>KN</arg>
<arg>KP</arg>
<arg>KR</arg>
<arg>KW</arg>
<arg>KY</arg>
<arg>KZ</arg>
<arg>LA</arg>
<arg>LB</arg>
<arg>LC</arg>
<arg>LI</arg>
<arg>LK</arg>
<arg>LR</arg>
<arg>LS</arg>
<arg>LT</arg>
<arg>LU</arg>
<arg>LV</arg>
<arg>LY</arg>
<arg>MA</arg>
<arg>MC</arg>
<arg>MD</arg>
<arg>ME</arg>
<arg>MF</arg>
<arg>MG</arg>
<arg>MH</arg>
<arg>MK</arg>
<arg>ML</arg>
<arg>MM</arg>
<arg>MN</arg>
<arg>MO</arg>
<arg>MP</arg>
<arg>MQ</arg>
<arg>MR</arg>
<arg>MS</arg>
<arg>MT</arg>
<arg>MU</arg>
<arg>MV</arg>
<arg>MW</arg>
<arg>MX</arg>
<arg>MY</arg>
<arg>MZ</arg>
<arg>NA</arg>
<arg>NC</arg>
<arg>NE</arg>
<arg>NF</arg>
<arg>NG</arg>
<arg>NI</arg>
<arg>NL</arg>
<arg>NO</arg>
<arg>NP</arg>
<arg>NR</arg>
<arg>NU</arg>
<arg>NZ</arg>
<arg>OM</arg>
<arg>PA</arg>
<arg>PE</arg>
<arg>PF</arg>
<arg>PG</arg>
<arg>PH</arg>
<arg>PK</arg>
<arg>PL</arg>
<arg>PM</arg>
<arg>PN</arg>
<arg>PR</arg>
<arg>PS</arg>
<arg>PT</arg>
<arg>PW</arg>
<arg>PY</arg>
<arg>QA</arg>
<arg>RE</arg>
<arg>RO</arg>
<arg>RS</arg>
<arg>RU</arg>
<arg>RW</arg>
<arg>SA</arg>
<arg>SB</arg>
<arg>SC</arg>
<arg>SD</arg>
<arg>SE</arg>
<arg>SG</arg>
<arg>SH</arg>
<arg>SI</arg>
<arg>SJ</arg>
<arg>SK</arg>
<arg>SL</arg>
<arg>SM</arg>
<arg>SN</arg>
<arg>SO</arg>
<arg>SR</arg>
<arg>SS</arg>
<arg>ST</arg>
<arg>SV</arg>
<arg>SX</arg>
<arg>SY</arg>
<arg>SZ</arg>
<arg>TC</arg>
<arg>TD</arg>
<arg>TF</arg>
<arg>TG</arg>
<arg>TH</arg>
<arg>TJ</arg>
<arg>TK</arg>
<arg>TL</arg>
<arg>TM</arg>
<arg>TN</arg>
<arg>TO</arg>
<arg>TR</arg>
<arg>TT</arg>
<arg>TV</arg>
<arg>TW</arg>
<arg>TZ</arg>
<arg>UA</arg>
<arg>UG</arg>
<arg>UM</arg>
<arg>US</arg>
<arg>UY</arg>
<arg>UZ</arg>
<arg>VA</arg>
<arg>VC</arg>
<arg>VE</arg>
<arg>VG</arg>
<arg>VI</arg>
<arg>VN</arg>
<arg>VU</arg>
<arg>WF</arg>
<arg>WS</arg>
<arg>XK</arg>
<arg>YE</arg>
<arg>YT</arg>
<arg>ZA</arg>
<arg>ZM</arg>
<arg>ZW</arg>
<doc>Returns a list containing given items.</doc>
<status status="PASS" start="2024-05-24T14:14:17.134323" elapsed="0.000665"/>
</kw>
<kw name="List Should Contain Value" owner="Collections">
<msg time="2024-05-24T14:14:17.135993" level="INFO">False</msg>
<arg>${list_country}</arg>
<arg>${name_country}</arg>
<doc>Fails if the ``value`` is not found from ``list``.</doc>
<status status="PASS" start="2024-05-24T14:14:17.135785" elapsed="0.000245"/>
</kw>
<kw name="Run Keyword If" owner="BuiltIn">
<kw name="Should Be True" owner="BuiltIn">
<arg>${True}</arg>
<doc>Fails if the given condition is not true.</doc>
<status status="PASS" start="2024-05-24T14:14:17.137096" elapsed="0.000144"/>
</kw>
<arg>${json_data["results"][0]["location"]["coordinates"]["latitude"]} &gt;= -90 and ${json_data["results"][0]["location"]["coordinates"]["latitude"]} &lt;= 90</arg>
<arg>Should Be True</arg>
<arg>${True}</arg>
<doc>Runs the given keyword with the given arguments, if ``condition`` is true.</doc>
<status status="PASS" start="2024-05-24T14:14:17.136343" elapsed="0.001025"/>
</kw>
<kw name="Run Keyword If" owner="BuiltIn">
<kw name="Should Be True" owner="BuiltIn">
<arg>${True}</arg>
<doc>Fails if the given condition is not true.</doc>
<status status="PASS" start="2024-05-24T14:14:17.138234" elapsed="0.000137"/>
</kw>
<arg>${json_data["results"][0]["location"]["coordinates"]["longitude"]} &gt;= -180 and ${json_data["results"][0]["location"]["coordinates"]["longitude"]} &lt;= 180</arg>
<arg>Should Be True</arg>
<arg>${True}</arg>
<doc>Runs the given keyword with the given arguments, if ``condition`` is true.</doc>
<status status="PASS" start="2024-05-24T14:14:17.137553" elapsed="0.000983"/>
</kw>
<status status="PASS" start="2024-05-24T14:14:17.028460" elapsed="0.110212"/>
</kw>
<doc>Testa o conteúdo específico dos campos retornados pela API.</doc>
<tag>testeConteudo</tag>
<status status="PASS" start="2024-05-24T14:14:17.027975" elapsed="0.110851"/>
</test>
<status status="PASS" start="2024-05-24T14:14:16.231578" elapsed="0.909214"/>
</suite>
<status status="PASS" start="2024-05-24T14:14:16.217488" elapsed="0.928642"/>
</suite>
<statistics>
<total>
<stat pass="5" fail="0" skip="0">All Tests</stat>
</total>
<tag>
<stat pass="1" fail="0" skip="0">testeConteudo</stat>
<stat pass="1" fail="0" skip="0">testeEstruturaResposta</stat>
<stat pass="1" fail="0" skip="0">testeRequisicaoBasica</stat>
<stat pass="1" fail="0" skip="0">testeTiposDados</stat>
</tag>
<suite>
<stat pass="5" fail="0" skip="0" id="s1" name="Tests">Tests</stat>
<stat pass="5" fail="0" skip="0" id="s1-s1" name="Random-User-Test">Tests.Random-User-Test</stat>
</suite>
</statistics>
<errors>
</errors>
</robot>
