<?xml version="1.0" encoding="UTF-8"?>
<robot generator="Robot 7.0.1 (Python 3.12.4 on linux)" generated="2024-07-18T17:14:26.324933" rpa="false" schemaversion="5">
<suite id="s1" name="Tests" source="/home/runner/work/ApiRandomUser/ApiRandomUser/RamdonUser/tests">
<suite id="s1-s1" name="Random-User-Test" source="/home/runner/work/ApiRandomUser/ApiRandomUser/RamdonUser/tests/random-user-test.robot">
<test id="s1-s1-t1" name="Conectar" line="13">
<kw name="Conectar API" owner="random-user-service">
<kw name="Create Session" owner="RequestsLibrary">
<msg time="2024-07-18T17:14:26.729232" level="INFO">Creating Session using : alias=consultarAPI, url=https://randomuser.me/, headers={},                     cookies={}, auth=None, timeout=None, proxies=None, verify=False,                     debug=0 </msg>
<arg>consultarAPI</arg>
<arg>${URL}</arg>
<doc>Create Session: create a HTTP session to a server</doc>
<status status="PASS" start="2024-07-18T17:14:26.729021" elapsed="0.000410"/>
</kw>
<status status="PASS" start="2024-07-18T17:14:26.727890" elapsed="0.001915"/>
</kw>
<status status="PASS" start="2024-07-18T17:14:26.727304" elapsed="0.002699"/>
</test>
<test id="s1-s1-t2" name="Validar retorno 200 e JSON Válido" line="16">
<kw name="Teste de Requisicao Basica" owner="random-user-service">
<kw name="GET On Session" owner="RequestsLibrary">
<msg time="2024-07-18T17:14:26.852345" level="INFO">GET Request : url=https://randomuser.me/api 
 path_url=/api 
 headers={'User-Agent': 'python-requests/2.32.3', 'Accept-Encoding': 'gzip, deflate', 'Accept': '*/*', 'Connection': 'keep-alive'} 
 body=None 
 </msg>
<msg time="2024-07-18T17:14:26.852530" level="INFO">GET Response : url=https://randomuser.me/api 
 status=200, reason=OK 
 headers={'Date': 'Thu, 18 Jul 2024 17:14:26 GMT', 'Content-Type': 'application/json; charset=utf-8', 'Transfer-Encoding': 'chunked', 'Connection': 'keep-alive', 'X-Powered-By': 'Express', 'Access-Control-Allow-Origin': '*', 'Cache-Control': 'no-cache', 'ETag': 'W/"476-35lmUPeEfdWjUalERBoY7YD2xHI"', 'Vary': 'Accept-Encoding', 'Content-Encoding': 'gzip', 'CF-Cache-Status': 'DYNAMIC', 'Report-To': '{"endpoints":[{"url":"https:\\/\\/a.nel.cloudflare.com\\/report\\/v4?s=brKxY3An6rG7xIao9IfS4ruR%2BUKnUlM4HbiDQ2tfTmoje5qefyg1jwtz9xjc8ByDM5ettswXRvJ%2FEXUGroX5wzdYokH4vKhGIlvsMVHBc%2FQoaYHu8i75DEC6vhDzktAT"}],"group":"cf-nel","max_age":604800}', 'NEL': '{"success_fraction":0,"report_to":"cf-nel","max_age":604800}', 'Server': 'cloudflare', 'CF-RAY': '8a541bad4dde252d-SJC', 'alt-svc': 'h3=":443"; ma=86400'} 
 body={"results":[{"gender":"female","name":{"title":"Ms","first":"Vildan","last":"Kuday"},"location":{"street":{"number":7442,"name":"Atatürk Sk"},"city":"Tunceli","state":"Burdur","country":"Turkey","postcode":93378,"coordinates":{"latitude":"70.4595","longitude":"104.1347"},"timezone":{"offset":"-11:00","description":"Midway Island, Samoa"}},"email":"vildan.kuday@example.com","login":{"uuid":"f8b0b0c2-ee5c-4694-86c7-c7b09862411f","username":"heavyrabbit529","password":"shang","salt":"6wWxJqWA","md5":"27a1f7caea8e0cdc41de8f47c6f1abc9","sha1":"64c09ed4f86f8afdc5d82a27c1943c7379e5535c","sha256":"071c7e6ae43af55d5d731383f37281bd29319f82eafd3c94fe55c55b6dc75abe"},"dob":{"date":"1985-02-04T10:11:13.393Z","age":39},"registered":{"date":"2003-02-05T16:30:35.574Z","age":21},"phone":"(531)-201-9780","cell":"(142)-542-7626","id":{"name":"","value":null},"picture":{"large":"https://randomuser.me/api/portraits/women/56.jpg","medium":"https://randomuser.me/api/portraits/med/women/56.jpg","thumbnail":"https://randomuser.me/api/portraits/thumb/women/56.jpg"},"nat":"TR"}],"info":{"seed":"45242a5c410299f7","results":1,"page":1,"version":"1.4"}} 
 </msg>
<msg time="2024-07-18T17:14:26.852619" level="INFO">/opt/hostedtoolcache/Python/3.12.4/x64/lib/python3.12/site-packages/urllib3/connectionpool.py:1099: InsecureRequestWarning: Unverified HTTPS request is being made to host 'randomuser.me'. Adding certificate verification is strongly advised. See: https://urllib3.readthedocs.io/en/latest/advanced-usage.html#tls-warnings
  warnings.warn(</msg>
<msg time="2024-07-18T17:14:26.852792" level="INFO">${response} = &lt;Response [200]&gt;</msg>
<var>${response}</var>
<arg>consultarAPI</arg>
<arg>/api</arg>
<doc>Sends a GET request on a previously created HTTP Session.</doc>
<status status="PASS" start="2024-07-18T17:14:26.732621" elapsed="0.120219"/>
</kw>
<kw name="Should Be Equal As Numbers" owner="BuiltIn">
<msg time="2024-07-18T17:14:26.853903" level="INFO">Argument types are:
&lt;class 'int'&gt;
&lt;class 'str'&gt;</msg>
<arg>${response.status_code}</arg>
<arg>200</arg>
<doc>Fails if objects are unequal after converting them to real numbers.</doc>
<status status="PASS" start="2024-07-18T17:14:26.853427" elapsed="0.000544"/>
</kw>
<kw name="Log" owner="BuiltIn">
<msg time="2024-07-18T17:14:26.854711" level="INFO">200</msg>
<arg>${response.status_code}</arg>
<doc>Logs the given message with the given level.</doc>
<status status="PASS" start="2024-07-18T17:14:26.854340" elapsed="0.000417"/>
</kw>
<kw name="Set Variable" owner="BuiltIn">
<msg time="2024-07-18T17:14:26.855530" level="INFO">${json_data} = {'results': [{'gender': 'female', 'name': {'title': 'Ms', 'first': 'Vildan', 'last': 'Kuday'}, 'location': {'street': {'number': 7442, 'name': 'Atatürk Sk'}, 'city': 'Tunceli', 'state': 'Burdur', 'cou...</msg>
<var>${json_data}</var>
<arg>${response.json()}</arg>
<doc>Returns the given values which can then be assigned to a variables.</doc>
<status status="PASS" start="2024-07-18T17:14:26.855076" elapsed="0.000485"/>
</kw>
<kw name="Dictionary Should Contain Key" owner="Collections">
<arg>${json_data}</arg>
<arg>results</arg>
<doc>Fails if ``key`` is not found from ``dictionary``.</doc>
<status status="PASS" start="2024-07-18T17:14:26.855867" elapsed="0.000346"/>
</kw>
<status status="PASS" start="2024-07-18T17:14:26.732371" elapsed="0.124001"/>
</kw>
<doc>Testa se a API responde corretamente e retorna um objeto JSON válido.</doc>
<tag>testeRequisicaoBasica</tag>
<status status="PASS" start="2024-07-18T17:14:26.731902" elapsed="0.124652"/>
</test>
<test id="s1-s1-t3" name="Validar estrutura de resposta" line="22">
<kw name="Teste de Estrutura de Resposta" owner="random-user-service">
<kw name="GET On Session" owner="RequestsLibrary">
<msg time="2024-07-18T17:14:26.964133" level="INFO">GET Request : url=https://randomuser.me/api 
 path_url=/api 
 headers={'User-Agent': 'python-requests/2.32.3', 'Accept-Encoding': 'gzip, deflate', 'Accept': '*/*', 'Connection': 'keep-alive'} 
 body=None 
 </msg>
<msg time="2024-07-18T17:14:26.964235" level="INFO">GET Response : url=https://randomuser.me/api 
 status=200, reason=OK 
 headers={'Date': 'Thu, 18 Jul 2024 17:14:26 GMT', 'Content-Type': 'application/json; charset=utf-8', 'Transfer-Encoding': 'chunked', 'Connection': 'keep-alive', 'X-Powered-By': 'Express', 'Access-Control-Allow-Origin': '*', 'Cache-Control': 'no-cache', 'ETag': 'W/"48d-d6mz1I+uzizZwf6XH0L5gDs/22c"', 'Vary': 'Accept-Encoding', 'Content-Encoding': 'gzip', 'CF-Cache-Status': 'DYNAMIC', 'Report-To': '{"endpoints":[{"url":"https:\\/\\/a.nel.cloudflare.com\\/report\\/v4?s=qI8R5Lg10G7HuvkP8gf3fL%2Be%2FQjoi9GWk%2B5XVtiof%2FL59b%2B61O8%2Bi%2FtCYCzcZjbSuY5w%2BJEUIuq%2B2iIhQBvaOjMZePgefcY5vnDd9UA2g6JDEif4qpi1veDv9rziNE9N"}],"group":"cf-nel","max_age":604800}', 'NEL': '{"success_fraction":0,"report_to":"cf-nel","max_age":604800}', 'Server': 'cloudflare', 'CF-RAY': '8a541badee54252d-SJC', 'alt-svc': 'h3=":443"; ma=86400'} 
 body={"results":[{"gender":"male","name":{"title":"Mr","first":"Dennis","last":"Lee"},"location":{"street":{"number":6679,"name":"Saddle Dr"},"city":"Tweed","state":"Western Australia","country":"Australia","postcode":3540,"coordinates":{"latitude":"-87.2301","longitude":"-166.1158"},"timezone":{"offset":"+3:00","description":"Baghdad, Riyadh, Moscow, St. Petersburg"}},"email":"dennis.lee@example.com","login":{"uuid":"388abee5-98db-4e33-bb31-567e644235eb","username":"brownbird406","password":"rampage","salt":"IH1R5nm8","md5":"9b48803d17d794d6b7b003365a3c881f","sha1":"a862e007fb9b01bd13fedbf0cd71b29a77cb142f","sha256":"f02056f435bc7dff1ce5d00d962a2f5c69ee264a5a48ab00bcda377a1ac6e3c5"},"dob":{"date":"1967-07-31T16:03:59.038Z","age":56},"registered":{"date":"2012-04-06T02:44:02.457Z","age":12},"phone":"04-3212-3879","cell":"0463-411-218","id":{"name":"TFN","value":"406119412"},"picture":{"large":"https://randomuser.me/api/portraits/men/93.jpg","medium":"https://randomuser.me/api/portraits/med/men/93.jpg","thumbnail":"https://randomuser.me/api/portraits/thumb/men/93.jpg"},"nat":"AU"}],"info":{"seed":"34afe8a291a5c52a","results":1,"page":1,"version":"1.4"}} 
 </msg>
<msg time="2024-07-18T17:14:26.964374" level="INFO">/opt/hostedtoolcache/Python/3.12.4/x64/lib/python3.12/site-packages/urllib3/connectionpool.py:1099: InsecureRequestWarning: Unverified HTTPS request is being made to host 'randomuser.me'. Adding certificate verification is strongly advised. See: https://urllib3.readthedocs.io/en/latest/advanced-usage.html#tls-warnings
  warnings.warn(</msg>
<msg time="2024-07-18T17:14:26.964505" level="INFO">${response} = &lt;Response [200]&gt;</msg>
<var>${response}</var>
<arg>consultarAPI</arg>
<arg>/api</arg>
<doc>Sends a GET request on a previously created HTTP Session.</doc>
<status status="PASS" start="2024-07-18T17:14:26.859211" elapsed="0.105322"/>
</kw>
<kw name="Set Variable" owner="BuiltIn">
<msg time="2024-07-18T17:14:26.965661" level="INFO">${json_data} = {'results': [{'gender': 'male', 'name': {'title': 'Mr', 'first': 'Dennis', 'last': 'Lee'}, 'location': {'street': {'number': 6679, 'name': 'Saddle Dr'}, 'city': 'Tweed', 'state': 'Western Australia', ...</msg>
<var>${json_data}</var>
<arg>${response.json()}</arg>
<doc>Returns the given values which can then be assigned to a variables.</doc>
<status status="PASS" start="2024-07-18T17:14:26.965127" elapsed="0.000564"/>
</kw>
<kw name="Log" owner="BuiltIn">
<msg time="2024-07-18T17:14:26.966174" level="INFO">{'results': [{'gender': 'male', 'name': {'title': 'Mr', 'first': 'Dennis', 'last': 'Lee'}, 'location': {'street': {'number': 6679, 'name': 'Saddle Dr'}, 'city': 'Tweed', 'state': 'Western Australia', 'country': 'Australia', 'postcode': 3540, 'coordinates': {'latitude': '-87.2301', 'longitude': '-166.1158'}, 'timezone': {'offset': '+3:00', 'description': 'Baghdad, Riyadh, Moscow, St. Petersburg'}}, 'email': 'dennis.lee@example.com', 'login': {'uuid': '388abee5-98db-4e33-bb31-567e644235eb', 'username': 'brownbird406', 'password': 'rampage', 'salt': 'IH1R5nm8', 'md5': '9b48803d17d794d6b7b003365a3c881f', 'sha1': 'a862e007fb9b01bd13fedbf0cd71b29a77cb142f', 'sha256': 'f02056f435bc7dff1ce5d00d962a2f5c69ee264a5a48ab00bcda377a1ac6e3c5'}, 'dob': {'date': '1967-07-31T16:03:59.038Z', 'age': 56}, 'registered': {'date': '2012-04-06T02:44:02.457Z', 'age': 12}, 'phone': '04-3212-3879', 'cell': '0463-411-218', 'id': {'name': 'TFN', 'value': '406119412'}, 'picture': {'large': 'https://randomuser.me/api/portraits/men/93.jpg', 'medium': 'https://randomuser.me/api/portraits/med/men/93.jpg', 'thumbnail': 'https://randomuser.me/api/portraits/thumb/men/93.jpg'}, 'nat': 'AU'}], 'info': {'seed': '34afe8a291a5c52a', 'results': 1, 'page': 1, 'version': '1.4'}}</msg>
<arg>${json_data}</arg>
<doc>Logs the given message with the given level.</doc>
<status status="PASS" start="2024-07-18T17:14:26.966010" elapsed="0.000251"/>
</kw>
<kw name="Dictionary Should Contain Key" owner="Collections">
<arg>${json_data}</arg>
<arg>results</arg>
<doc>Fails if ``key`` is not found from ``dictionary``.</doc>
<status status="PASS" start="2024-07-18T17:14:26.966572" elapsed="0.000173"/>
</kw>
<kw name="Should Not Be Empty" owner="BuiltIn">
<msg time="2024-07-18T17:14:26.967060" level="INFO">Length is 2.</msg>
<arg>${json_data}</arg>
<doc>Verifies that the given item is not empty.</doc>
<status status="PASS" start="2024-07-18T17:14:26.966934" elapsed="0.000164"/>
</kw>
<kw name="Create List" owner="BuiltIn">
<msg time="2024-07-18T17:14:26.967545" level="INFO">${expected_keys} = ['gender', 'name', 'location', 'email', 'login']</msg>
<var>${expected_keys}</var>
<arg>gender</arg>
<arg>name</arg>
<arg>location</arg>
<arg>email</arg>
<arg>login</arg>
<doc>Returns a list containing given items.</doc>
<status status="PASS" start="2024-07-18T17:14:26.967393" elapsed="0.000177"/>
</kw>
<for flavor="IN">
<iter>
<kw name="Dictionary Should Contain Key" owner="Collections">
<arg>${json_data['results'][0]}</arg>
<arg>${key}</arg>
<doc>Fails if ``key`` is not found from ``dictionary``.</doc>
<status status="PASS" start="2024-07-18T17:14:26.968170" elapsed="0.000411"/>
</kw>
<kw name="Log" owner="BuiltIn">
<msg time="2024-07-18T17:14:26.969130" level="INFO">{'gender': 'male', 'name': {'title': 'Mr', 'first': 'Dennis', 'last': 'Lee'}, 'location': {'street': {'number': 6679, 'name': 'Saddle Dr'}, 'city': 'Tweed', 'state': 'Western Australia', 'country': 'Australia', 'postcode': 3540, 'coordinates': {'latitude': '-87.2301', 'longitude': '-166.1158'}, 'timezone': {'offset': '+3:00', 'description': 'Baghdad, Riyadh, Moscow, St. Petersburg'}}, 'email': 'dennis.lee@example.com', 'login': {'uuid': '388abee5-98db-4e33-bb31-567e644235eb', 'username': 'brownbird406', 'password': 'rampage', 'salt': 'IH1R5nm8', 'md5': '9b48803d17d794d6b7b003365a3c881f', 'sha1': 'a862e007fb9b01bd13fedbf0cd71b29a77cb142f', 'sha256': 'f02056f435bc7dff1ce5d00d962a2f5c69ee264a5a48ab00bcda377a1ac6e3c5'}, 'dob': {'date': '1967-07-31T16:03:59.038Z', 'age': 56}, 'registered': {'date': '2012-04-06T02:44:02.457Z', 'age': 12}, 'phone': '04-3212-3879', 'cell': '0463-411-218', 'id': {'name': 'TFN', 'value': '406119412'}, 'picture': {'large': 'https://randomuser.me/api/portraits/men/93.jpg', 'medium': 'https://randomuser.me/api/portraits/med/men/93.jpg', 'thumbnail': 'https://randomuser.me/api/portraits/thumb/men/93.jpg'}, 'nat': 'AU'}</msg>
<arg>${json_data['results'][0]}</arg>
<doc>Logs the given message with the given level.</doc>
<status status="PASS" start="2024-07-18T17:14:26.968772" elapsed="0.000410"/>
</kw>
<kw name="Log" owner="BuiltIn">
<msg time="2024-07-18T17:14:26.969616" level="INFO">gender</msg>
<arg>${key}</arg>
<doc>Logs the given message with the given level.</doc>
<status status="PASS" start="2024-07-18T17:14:26.969487" elapsed="0.000168"/>
</kw>
<var name="${key}">gender</var>
<status status="PASS" start="2024-07-18T17:14:26.968036" elapsed="0.001836"/>
</iter>
<iter>
<kw name="Dictionary Should Contain Key" owner="Collections">
<arg>${json_data['results'][0]}</arg>
<arg>${key}</arg>
<doc>Fails if ``key`` is not found from ``dictionary``.</doc>
<status status="PASS" start="2024-07-18T17:14:26.970179" elapsed="0.000469"/>
</kw>
<kw name="Log" owner="BuiltIn">
<msg time="2024-07-18T17:14:26.971204" level="INFO">{'gender': 'male', 'name': {'title': 'Mr', 'first': 'Dennis', 'last': 'Lee'}, 'location': {'street': {'number': 6679, 'name': 'Saddle Dr'}, 'city': 'Tweed', 'state': 'Western Australia', 'country': 'Australia', 'postcode': 3540, 'coordinates': {'latitude': '-87.2301', 'longitude': '-166.1158'}, 'timezone': {'offset': '+3:00', 'description': 'Baghdad, Riyadh, Moscow, St. Petersburg'}}, 'email': 'dennis.lee@example.com', 'login': {'uuid': '388abee5-98db-4e33-bb31-567e644235eb', 'username': 'brownbird406', 'password': 'rampage', 'salt': 'IH1R5nm8', 'md5': '9b48803d17d794d6b7b003365a3c881f', 'sha1': 'a862e007fb9b01bd13fedbf0cd71b29a77cb142f', 'sha256': 'f02056f435bc7dff1ce5d00d962a2f5c69ee264a5a48ab00bcda377a1ac6e3c5'}, 'dob': {'date': '1967-07-31T16:03:59.038Z', 'age': 56}, 'registered': {'date': '2012-04-06T02:44:02.457Z', 'age': 12}, 'phone': '04-3212-3879', 'cell': '0463-411-218', 'id': {'name': 'TFN', 'value': '406119412'}, 'picture': {'large': 'https://randomuser.me/api/portraits/men/93.jpg', 'medium': 'https://randomuser.me/api/portraits/med/men/93.jpg', 'thumbnail': 'https://randomuser.me/api/portraits/thumb/men/93.jpg'}, 'nat': 'AU'}</msg>
<arg>${json_data['results'][0]}</arg>
<doc>Logs the given message with the given level.</doc>
<status status="PASS" start="2024-07-18T17:14:26.970838" elapsed="0.000448"/>
</kw>
<kw name="Log" owner="BuiltIn">
<msg time="2024-07-18T17:14:26.971716" level="INFO">name</msg>
<arg>${key}</arg>
<doc>Logs the given message with the given level.</doc>
<status status="PASS" start="2024-07-18T17:14:26.971587" elapsed="0.000169"/>
</kw>
<var name="${key}">name</var>
<status status="PASS" start="2024-07-18T17:14:26.970062" elapsed="0.001909"/>
</iter>
<iter>
<kw name="Dictionary Should Contain Key" owner="Collections">
<arg>${json_data['results'][0]}</arg>
<arg>${key}</arg>
<doc>Fails if ``key`` is not found from ``dictionary``.</doc>
<status status="PASS" start="2024-07-18T17:14:26.972253" elapsed="0.000386"/>
</kw>
<kw name="Log" owner="BuiltIn">
<msg time="2024-07-18T17:14:26.973186" level="INFO">{'gender': 'male', 'name': {'title': 'Mr', 'first': 'Dennis', 'last': 'Lee'}, 'location': {'street': {'number': 6679, 'name': 'Saddle Dr'}, 'city': 'Tweed', 'state': 'Western Australia', 'country': 'Australia', 'postcode': 3540, 'coordinates': {'latitude': '-87.2301', 'longitude': '-166.1158'}, 'timezone': {'offset': '+3:00', 'description': 'Baghdad, Riyadh, Moscow, St. Petersburg'}}, 'email': 'dennis.lee@example.com', 'login': {'uuid': '388abee5-98db-4e33-bb31-567e644235eb', 'username': 'brownbird406', 'password': 'rampage', 'salt': 'IH1R5nm8', 'md5': '9b48803d17d794d6b7b003365a3c881f', 'sha1': 'a862e007fb9b01bd13fedbf0cd71b29a77cb142f', 'sha256': 'f02056f435bc7dff1ce5d00d962a2f5c69ee264a5a48ab00bcda377a1ac6e3c5'}, 'dob': {'date': '1967-07-31T16:03:59.038Z', 'age': 56}, 'registered': {'date': '2012-04-06T02:44:02.457Z', 'age': 12}, 'phone': '04-3212-3879', 'cell': '0463-411-218', 'id': {'name': 'TFN', 'value': '406119412'}, 'picture': {'large': 'https://randomuser.me/api/portraits/men/93.jpg', 'medium': 'https://randomuser.me/api/portraits/med/men/93.jpg', 'thumbnail': 'https://randomuser.me/api/portraits/thumb/men/93.jpg'}, 'nat': 'AU'}</msg>
<arg>${json_data['results'][0]}</arg>
<doc>Logs the given message with the given level.</doc>
<status status="PASS" start="2024-07-18T17:14:26.972829" elapsed="0.000406"/>
</kw>
<kw name="Log" owner="BuiltIn">
<msg time="2024-07-18T17:14:26.973681" level="INFO">location</msg>
<arg>${key}</arg>
<doc>Logs the given message with the given level.</doc>
<status status="PASS" start="2024-07-18T17:14:26.973534" elapsed="0.000187"/>
</kw>
<var name="${key}">location</var>
<status status="PASS" start="2024-07-18T17:14:26.972146" elapsed="0.001809"/>
</iter>
<iter>
<kw name="Dictionary Should Contain Key" owner="Collections">
<arg>${json_data['results'][0]}</arg>
<arg>${key}</arg>
<doc>Fails if ``key`` is not found from ``dictionary``.</doc>
<status status="PASS" start="2024-07-18T17:14:26.974276" elapsed="0.000406"/>
</kw>
<kw name="Log" owner="BuiltIn">
<msg time="2024-07-18T17:14:26.975356" level="INFO">{'gender': 'male', 'name': {'title': 'Mr', 'first': 'Dennis', 'last': 'Lee'}, 'location': {'street': {'number': 6679, 'name': 'Saddle Dr'}, 'city': 'Tweed', 'state': 'Western Australia', 'country': 'Australia', 'postcode': 3540, 'coordinates': {'latitude': '-87.2301', 'longitude': '-166.1158'}, 'timezone': {'offset': '+3:00', 'description': 'Baghdad, Riyadh, Moscow, St. Petersburg'}}, 'email': 'dennis.lee@example.com', 'login': {'uuid': '388abee5-98db-4e33-bb31-567e644235eb', 'username': 'brownbird406', 'password': 'rampage', 'salt': 'IH1R5nm8', 'md5': '9b48803d17d794d6b7b003365a3c881f', 'sha1': 'a862e007fb9b01bd13fedbf0cd71b29a77cb142f', 'sha256': 'f02056f435bc7dff1ce5d00d962a2f5c69ee264a5a48ab00bcda377a1ac6e3c5'}, 'dob': {'date': '1967-07-31T16:03:59.038Z', 'age': 56}, 'registered': {'date': '2012-04-06T02:44:02.457Z', 'age': 12}, 'phone': '04-3212-3879', 'cell': '0463-411-218', 'id': {'name': 'TFN', 'value': '406119412'}, 'picture': {'large': 'https://randomuser.me/api/portraits/men/93.jpg', 'medium': 'https://randomuser.me/api/portraits/med/men/93.jpg', 'thumbnail': 'https://randomuser.me/api/portraits/thumb/men/93.jpg'}, 'nat': 'AU'}</msg>
<arg>${json_data['results'][0]}</arg>
<doc>Logs the given message with the given level.</doc>
<status status="PASS" start="2024-07-18T17:14:26.975001" elapsed="0.000406"/>
</kw>
<kw name="Log" owner="BuiltIn">
<msg time="2024-07-18T17:14:26.975835" level="INFO">email</msg>
<arg>${key}</arg>
<doc>Logs the given message with the given level.</doc>
<status status="PASS" start="2024-07-18T17:14:26.975705" elapsed="0.000169"/>
</kw>
<var name="${key}">email</var>
<status status="PASS" start="2024-07-18T17:14:26.974145" elapsed="0.001943"/>
</iter>
<iter>
<kw name="Dictionary Should Contain Key" owner="Collections">
<arg>${json_data['results'][0]}</arg>
<arg>${key}</arg>
<doc>Fails if ``key`` is not found from ``dictionary``.</doc>
<status status="PASS" start="2024-07-18T17:14:26.976374" elapsed="0.000379"/>
</kw>
<kw name="Log" owner="BuiltIn">
<msg time="2024-07-18T17:14:26.977285" level="INFO">{'gender': 'male', 'name': {'title': 'Mr', 'first': 'Dennis', 'last': 'Lee'}, 'location': {'street': {'number': 6679, 'name': 'Saddle Dr'}, 'city': 'Tweed', 'state': 'Western Australia', 'country': 'Australia', 'postcode': 3540, 'coordinates': {'latitude': '-87.2301', 'longitude': '-166.1158'}, 'timezone': {'offset': '+3:00', 'description': 'Baghdad, Riyadh, Moscow, St. Petersburg'}}, 'email': 'dennis.lee@example.com', 'login': {'uuid': '388abee5-98db-4e33-bb31-567e644235eb', 'username': 'brownbird406', 'password': 'rampage', 'salt': 'IH1R5nm8', 'md5': '9b48803d17d794d6b7b003365a3c881f', 'sha1': 'a862e007fb9b01bd13fedbf0cd71b29a77cb142f', 'sha256': 'f02056f435bc7dff1ce5d00d962a2f5c69ee264a5a48ab00bcda377a1ac6e3c5'}, 'dob': {'date': '1967-07-31T16:03:59.038Z', 'age': 56}, 'registered': {'date': '2012-04-06T02:44:02.457Z', 'age': 12}, 'phone': '04-3212-3879', 'cell': '0463-411-218', 'id': {'name': 'TFN', 'value': '406119412'}, 'picture': {'large': 'https://randomuser.me/api/portraits/men/93.jpg', 'medium': 'https://randomuser.me/api/portraits/med/men/93.jpg', 'thumbnail': 'https://randomuser.me/api/portraits/thumb/men/93.jpg'}, 'nat': 'AU'}</msg>
<arg>${json_data['results'][0]}</arg>
<doc>Logs the given message with the given level.</doc>
<status status="PASS" start="2024-07-18T17:14:26.976940" elapsed="0.000394"/>
</kw>
<kw name="Log" owner="BuiltIn">
<msg time="2024-07-18T17:14:26.977754" level="INFO">login</msg>
<arg>${key}</arg>
<doc>Logs the given message with the given level.</doc>
<status status="PASS" start="2024-07-18T17:14:26.977627" elapsed="0.000166"/>
</kw>
<var name="${key}">login</var>
<status status="PASS" start="2024-07-18T17:14:26.976265" elapsed="0.001744"/>
</iter>
<var>${key}</var>
<value>@{expected_keys}</value>
<status status="PASS" start="2024-07-18T17:14:26.967839" elapsed="0.010293"/>
</for>
<kw name="Create List" owner="BuiltIn">
<msg time="2024-07-18T17:14:26.978498" level="INFO">${expected_keysTwo} = ['username', 'password']</msg>
<var>${expected_keysTwo}</var>
<arg>username</arg>
<arg>password</arg>
<doc>Returns a list containing given items.</doc>
<status status="PASS" start="2024-07-18T17:14:26.978361" elapsed="0.000192"/>
</kw>
<for flavor="IN">
<iter>
<kw name="Dictionary Should Contain Key" owner="Collections">
<arg>${json_data['results'][0]['login']}</arg>
<arg>${keyTwo}</arg>
<doc>Fails if ``key`` is not found from ``dictionary``.</doc>
<status status="PASS" start="2024-07-18T17:14:26.979066" elapsed="0.000381"/>
</kw>
<kw name="Dictionary Should Contain Key" owner="Collections">
<arg>${json_data['results'][0]['login']}</arg>
<arg>${keyTwo}</arg>
<doc>Fails if ``key`` is not found from ``dictionary``.</doc>
<status status="PASS" start="2024-07-18T17:14:26.979631" elapsed="0.000378"/>
</kw>
<kw name="Log" owner="BuiltIn">
<msg time="2024-07-18T17:14:26.980310" level="INFO">username</msg>
<arg>${keyTwo}</arg>
<doc>Logs the given message with the given level.</doc>
<status status="PASS" start="2024-07-18T17:14:26.980189" elapsed="0.000159"/>
</kw>
<var name="${keyTwo}">username</var>
<status status="PASS" start="2024-07-18T17:14:26.978959" elapsed="0.001609"/>
</iter>
<iter>
<kw name="Dictionary Should Contain Key" owner="Collections">
<arg>${json_data['results'][0]['login']}</arg>
<arg>${keyTwo}</arg>
<doc>Fails if ``key`` is not found from ``dictionary``.</doc>
<status status="PASS" start="2024-07-18T17:14:26.980858" elapsed="0.000388"/>
</kw>
<kw name="Dictionary Should Contain Key" owner="Collections">
<arg>${json_data['results'][0]['login']}</arg>
<arg>${keyTwo}</arg>
<doc>Fails if ``key`` is not found from ``dictionary``.</doc>
<status status="PASS" start="2024-07-18T17:14:26.981428" elapsed="0.000369"/>
</kw>
<kw name="Log" owner="BuiltIn">
<msg time="2024-07-18T17:14:26.982102" level="INFO">password</msg>
<arg>${keyTwo}</arg>
<doc>Logs the given message with the given level.</doc>
<status status="PASS" start="2024-07-18T17:14:26.981976" elapsed="0.000165"/>
</kw>
<var name="${keyTwo}">password</var>
<status status="PASS" start="2024-07-18T17:14:26.980743" elapsed="0.001652"/>
</iter>
<var>${keyTwo}</var>
<value>@{expected_keysTwo}</value>
<status status="PASS" start="2024-07-18T17:14:26.978805" elapsed="0.003713"/>
</for>
<status status="PASS" start="2024-07-18T17:14:26.858961" elapsed="0.123699"/>
</kw>
<doc>Testa a estrutura da resposta da API.</doc>
<tag>testeEstruturaResposta</tag>
<status status="PASS" start="2024-07-18T17:14:26.858434" elapsed="0.124389"/>
</test>
<test id="s1-s1-t4" name="Validar tipos de dados" line="28">
<kw name="Teste de Tipos de Dados" owner="random-user-service">
<kw name="GET On Session" owner="RequestsLibrary">
<msg time="2024-07-18T17:14:27.107992" level="INFO">GET Request : url=https://randomuser.me/api 
 path_url=/api 
 headers={'User-Agent': 'python-requests/2.32.3', 'Accept-Encoding': 'gzip, deflate', 'Accept': '*/*', 'Connection': 'keep-alive'} 
 body=None 
 </msg>
<msg time="2024-07-18T17:14:27.108094" level="INFO">GET Response : url=https://randomuser.me/api 
 status=200, reason=OK 
 headers={'Date': 'Thu, 18 Jul 2024 17:14:27 GMT', 'Content-Type': 'application/json; charset=utf-8', 'Transfer-Encoding': 'chunked', 'Connection': 'keep-alive', 'X-Powered-By': 'Express', 'Access-Control-Allow-Origin': '*', 'Cache-Control': 'no-cache', 'ETag': 'W/"4aa-TnLH9nu0XMClrKVKiy0MS8nK+6A"', 'Vary': 'Accept-Encoding', 'Content-Encoding': 'gzip', 'CF-Cache-Status': 'DYNAMIC', 'Report-To': '{"endpoints":[{"url":"https:\\/\\/a.nel.cloudflare.com\\/report\\/v4?s=MjyPvxbWdPmZjgSipkf4jsXrlYE%2Fu66he1MSJA%2FNuqcJkNNDAsh2F9QWHCr24U719cHGBk1tF5bE5XSOc0iCAZKgb6SgIGHUXWsykMwCjjXYwX6PIY%2F6%2FdW5cjy5QWvh"}],"group":"cf-nel","max_age":604800}', 'NEL': '{"success_fraction":0,"report_to":"cf-nel","max_age":604800}', 'Server': 'cloudflare', 'CF-RAY': '8a541baeaed4252d-SJC', 'alt-svc': 'h3=":443"; ma=86400'} 
 body={"results":[{"gender":"male","name":{"title":"Mr","first":"Adán","last":"Amador"},"location":{"street":{"number":5945,"name":"Boulevard Colima"},"city":"Culiacancito","state":"Baja California Sur","country":"Mexico","postcode":38390,"coordinates":{"latitude":"28.4627","longitude":"-155.7705"},"timezone":{"offset":"-6:00","description":"Central Time (US &amp; Canada), Mexico City"}},"email":"adan.amador@example.com","login":{"uuid":"00392315-0234-4ca7-b9dc-a53fb6a2c153","username":"smallrabbit666","password":"mandingo","salt":"dlosUQB0","md5":"d159ce4c153c679bd0d02c594d9b8da6","sha1":"e11b2ab3d2c9cee44eeff106da367b41549dca82","sha256":"d0f11aef64532f4b403872218147c8edca6d4e6c1b83c9c83631646e6d457530"},"dob":{"date":"1963-08-14T08:08:33.208Z","age":60},"registered":{"date":"2006-10-07T12:50:02.040Z","age":17},"phone":"(663) 617 0325","cell":"(698) 651 2126","id":{"name":"NSS","value":"90 29 23 7202 2"},"picture":{"large":"https://randomuser.me/api/portraits/men/97.jpg","medium":"https://randomuser.me/api/portraits/med/men/97.jpg","thumbnail":"https://randomuser.me/api/portraits/thumb/men/97.jpg"},"nat":"MX"}],"info":{"seed":"b494621f3017ad01","results":1,"page":1,"version":"1.4"}} 
 </msg>
<msg time="2024-07-18T17:14:27.108169" level="INFO">/opt/hostedtoolcache/Python/3.12.4/x64/lib/python3.12/site-packages/urllib3/connectionpool.py:1099: InsecureRequestWarning: Unverified HTTPS request is being made to host 'randomuser.me'. Adding certificate verification is strongly advised. See: https://urllib3.readthedocs.io/en/latest/advanced-usage.html#tls-warnings
  warnings.warn(</msg>
<msg time="2024-07-18T17:14:27.108297" level="INFO">${response} = &lt;Response [200]&gt;</msg>
<var>${response}</var>
<arg>consultarAPI</arg>
<arg>/api</arg>
<doc>Sends a GET request on a previously created HTTP Session.</doc>
<status status="PASS" start="2024-07-18T17:14:26.985330" elapsed="0.123008"/>
</kw>
<kw name="Set Variable" owner="BuiltIn">
<msg time="2024-07-18T17:14:27.109415" level="INFO">${json_data} = {'results': [{'gender': 'male', 'name': {'title': 'Mr', 'first': 'Adán', 'last': 'Amador'}, 'location': {'street': {'number': 5945, 'name': 'Boulevard Colima'}, 'city': 'Culiacancito', 'state': 'Baja ...</msg>
<var>${json_data}</var>
<arg>${response.json()}</arg>
<doc>Returns the given values which can then be assigned to a variables.</doc>
<status status="PASS" start="2024-07-18T17:14:27.108865" elapsed="0.000581"/>
</kw>
<kw name="Log" owner="BuiltIn">
<msg time="2024-07-18T17:14:27.109929" level="INFO">{'results': [{'gender': 'male', 'name': {'title': 'Mr', 'first': 'Adán', 'last': 'Amador'}, 'location': {'street': {'number': 5945, 'name': 'Boulevard Colima'}, 'city': 'Culiacancito', 'state': 'Baja California Sur', 'country': 'Mexico', 'postcode': 38390, 'coordinates': {'latitude': '28.4627', 'longitude': '-155.7705'}, 'timezone': {'offset': '-6:00', 'description': 'Central Time (US &amp; Canada), Mexico City'}}, 'email': 'adan.amador@example.com', 'login': {'uuid': '00392315-0234-4ca7-b9dc-a53fb6a2c153', 'username': 'smallrabbit666', 'password': 'mandingo', 'salt': 'dlosUQB0', 'md5': 'd159ce4c153c679bd0d02c594d9b8da6', 'sha1': 'e11b2ab3d2c9cee44eeff106da367b41549dca82', 'sha256': 'd0f11aef64532f4b403872218147c8edca6d4e6c1b83c9c83631646e6d457530'}, 'dob': {'date': '1963-08-14T08:08:33.208Z', 'age': 60}, 'registered': {'date': '2006-10-07T12:50:02.040Z', 'age': 17}, 'phone': '(663) 617 0325', 'cell': '(698) 651 2126', 'id': {'name': 'NSS', 'value': '90 29 23 7202 2'}, 'picture': {'large': 'https://randomuser.me/api/portraits/men/97.jpg', 'medium': 'https://randomuser.me/api/portraits/med/men/97.jpg', 'thumbnail': 'https://randomuser.me/api/portraits/thumb/men/97.jpg'}, 'nat': 'MX'}], 'info': {'seed': 'b494621f3017ad01', 'results': 1, 'page': 1, 'version': '1.4'}}</msg>
<arg>${json_data}</arg>
<doc>Logs the given message with the given level.</doc>
<status status="PASS" start="2024-07-18T17:14:27.109764" elapsed="0.000218"/>
</kw>
<kw name="Should Be String" owner="String">
<arg>${json_data['results'][0]['gender']}</arg>
<doc>Fails if the given ``item`` is not a string.</doc>
<status status="PASS" start="2024-07-18T17:14:27.110315" elapsed="0.000384"/>
</kw>
<kw name="Should Match Regexp" owner="BuiltIn">
<arg>${json_data['results'][0]['email']}</arg>
<arg>^[a-zA-Z0-9._%+-]+@[a-zA-Z0-9.-]+\.[a-zA-Z]{2,}$</arg>
<doc>Fails if ``string`` does not match ``pattern`` as a regular expression.</doc>
<status status="PASS" start="2024-07-18T17:14:27.110935" elapsed="0.000541"/>
</kw>
<kw name="Should Match Regexp" owner="BuiltIn">
<arg>${json_data['results'][0]['dob']['date']}</arg>
<arg>\\d{4}-\\d{2}-\\d{2}T\\d{2}:\\d{2}:\\d{2}\\.\\d{3}Z</arg>
<doc>Fails if ``string`` does not match ``pattern`` as a regular expression.</doc>
<status status="PASS" start="2024-07-18T17:14:27.111678" elapsed="0.000642"/>
</kw>
<kw name="Should Match Regexp" owner="BuiltIn">
<arg>${json_data['results'][0]['registered']['date']}</arg>
<arg>\\d{4}-\\d{2}-\\d{2}T\\d{2}:\\d{2}:\\d{2}\\.\\d{3}Z</arg>
<doc>Fails if ``string`` does not match ``pattern`` as a regular expression.</doc>
<status status="PASS" start="2024-07-18T17:14:27.112519" elapsed="0.000379"/>
</kw>
<kw name="Should Match Regexp" owner="BuiltIn">
<arg>${json_data['results'][0]['picture']['large']}</arg>
<arg>^https?://.*\.(?:png|jpe?g|gif|bmp)$</arg>
<doc>Fails if ``string`` does not match ``pattern`` as a regular expression.</doc>
<status status="PASS" start="2024-07-18T17:14:27.113098" elapsed="0.000467"/>
</kw>
<kw name="Should Match Regexp" owner="BuiltIn">
<arg>${json_data['results'][0]['picture']['medium']}</arg>
<arg>^https?://.*\.(?:png|jpe?g|gif|bmp)$</arg>
<doc>Fails if ``string`` does not match ``pattern`` as a regular expression.</doc>
<status status="PASS" start="2024-07-18T17:14:27.113756" elapsed="0.000364"/>
</kw>
<kw name="Should Match Regexp" owner="BuiltIn">
<arg>${json_data['results'][0]['picture']['thumbnail']}</arg>
<arg>^https?://.*\.(?:png|jpe?g|gif|bmp)$</arg>
<doc>Fails if ``string`` does not match ``pattern`` as a regular expression.</doc>
<status status="PASS" start="2024-07-18T17:14:27.114354" elapsed="0.000366"/>
</kw>
<kw name="Log" owner="BuiltIn">
<msg time="2024-07-18T17:14:27.115234" level="INFO">{'large': 'https://randomuser.me/api/portraits/men/97.jpg', 'medium': 'https://randomuser.me/api/portraits/med/men/97.jpg', 'thumbnail': 'https://randomuser.me/api/portraits/thumb/men/97.jpg'}</msg>
<arg>${json_data['results'][0]['picture']}</arg>
<doc>Logs the given message with the given level.</doc>
<status status="PASS" start="2024-07-18T17:14:27.114905" elapsed="0.000373"/>
</kw>
<status status="PASS" start="2024-07-18T17:14:26.985099" elapsed="0.130442"/>
</kw>
<kw name="Teste de Tipos de Dados - Postcode" owner="random-user-service">
<kw name="GET On Session" owner="RequestsLibrary">
<msg time="2024-07-18T17:14:27.208707" level="INFO">GET Request : url=https://randomuser.me/api 
 path_url=/api 
 headers={'User-Agent': 'python-requests/2.32.3', 'Accept-Encoding': 'gzip, deflate', 'Accept': '*/*', 'Connection': 'keep-alive'} 
 body=None 
 </msg>
<msg time="2024-07-18T17:14:27.208826" level="INFO">GET Response : url=https://randomuser.me/api 
 status=200, reason=OK 
 headers={'Date': 'Thu, 18 Jul 2024 17:14:27 GMT', 'Content-Type': 'application/json; charset=utf-8', 'Transfer-Encoding': 'chunked', 'Connection': 'keep-alive', 'X-Powered-By': 'Express', 'Access-Control-Allow-Origin': '*', 'Cache-Control': 'no-cache', 'ETag': 'W/"494-29NhRXe+qe39gvGuI3Kn1ZHJiiI"', 'Vary': 'Accept-Encoding', 'Content-Encoding': 'gzip', 'CF-Cache-Status': 'DYNAMIC', 'Report-To': '{"endpoints":[{"url":"https:\\/\\/a.nel.cloudflare.com\\/report\\/v4?s=cweIF9TCh4EMPlUzckahWjfsb7wF5%2ByWhI0h76%2BkIcpXxRa0HSf5kG%2FkwXecuLdMCF%2FcQcNl686mB7U3HUv26T3XM5NaCExPAGSR0%2BG1bQqBxRqSbfQ8Miu8t7ecXfYP"}],"group":"cf-nel","max_age":604800}', 'NEL': '{"success_fraction":0,"report_to":"cf-nel","max_age":604800}', 'Server': 'cloudflare', 'CF-RAY': '8a541baf7fa0252d-SJC', 'alt-svc': 'h3=":443"; ma=86400'} 
 body={"results":[{"gender":"female","name":{"title":"Ms","first":"Perica","last":"Živanović"},"location":{"street":{"number":5673,"name":"Miroslava Pavlovića"},"city":"Kula","state":"Central Banat","country":"Serbia","postcode":90760,"coordinates":{"latitude":"56.8922","longitude":"164.9918"},"timezone":{"offset":"-12:00","description":"Eniwetok, Kwajalein"}},"email":"perica.zivanovic@example.com","login":{"uuid":"bfe09861-e511-4f2c-b789-2d8081cd05e5","username":"organicdog854","password":"lighting","salt":"vfg7kX9E","md5":"89c413cb04d3e8062e28c2a4d695ceb2","sha1":"202a576b5d1d447ae7b3f7fc11c052dbf01d492f","sha256":"94b35dad1646bb62e1ba5d3a26ccdd823815007845034beb224a43c2a91813d1"},"dob":{"date":"1975-02-11T11:32:54.983Z","age":49},"registered":{"date":"2003-02-25T17:50:22.286Z","age":21},"phone":"017-8039-354","cell":"067-6508-994","id":{"name":"SID","value":"534406517"},"picture":{"large":"https://randomuser.me/api/portraits/women/50.jpg","medium":"https://randomuser.me/api/portraits/med/women/50.jpg","thumbnail":"https://randomuser.me/api/portraits/thumb/women/50.jpg"},"nat":"RS"}],"info":{"seed":"7d3d91e67a05ad4e","results":1,"page":1,"version":"1.4"}} 
 </msg>
<msg time="2024-07-18T17:14:27.208921" level="INFO">/opt/hostedtoolcache/Python/3.12.4/x64/lib/python3.12/site-packages/urllib3/connectionpool.py:1099: InsecureRequestWarning: Unverified HTTPS request is being made to host 'randomuser.me'. Adding certificate verification is strongly advised. See: https://urllib3.readthedocs.io/en/latest/advanced-usage.html#tls-warnings
  warnings.warn(</msg>
<msg time="2024-07-18T17:14:27.209068" level="INFO">${response} = &lt;Response [200]&gt;</msg>
<var>${response}</var>
<arg>consultarAPI</arg>
<arg>/api</arg>
<doc>Sends a GET request on a previously created HTTP Session.</doc>
<status status="PASS" start="2024-07-18T17:14:27.116004" elapsed="0.093114"/>
</kw>
<kw name="Set Variable" owner="BuiltIn">
<msg time="2024-07-18T17:14:27.210511" level="INFO">${json_data} = {'results': [{'gender': 'female', 'name': {'title': 'Ms', 'first': 'Perica', 'last': 'Živanović'}, 'location': {'street': {'number': 5673, 'name': 'Miroslava Pavlovića'}, 'city': 'Kula', 'state': 'Cen...</msg>
<var>${json_data}</var>
<arg>${response.json()}</arg>
<doc>Returns the given values which can then be assigned to a variables.</doc>
<status status="PASS" start="2024-07-18T17:14:27.209806" elapsed="0.000737"/>
</kw>
<kw name="Log" owner="BuiltIn">
<msg time="2024-07-18T17:14:27.211052" level="INFO">{'results': [{'gender': 'female', 'name': {'title': 'Ms', 'first': 'Perica', 'last': 'Živanović'}, 'location': {'street': {'number': 5673, 'name': 'Miroslava Pavlovića'}, 'city': 'Kula', 'state': 'Central Banat', 'country': 'Serbia', 'postcode': 90760, 'coordinates': {'latitude': '56.8922', 'longitude': '164.9918'}, 'timezone': {'offset': '-12:00', 'description': 'Eniwetok, Kwajalein'}}, 'email': 'perica.zivanovic@example.com', 'login': {'uuid': 'bfe09861-e511-4f2c-b789-2d8081cd05e5', 'username': 'organicdog854', 'password': 'lighting', 'salt': 'vfg7kX9E', 'md5': '89c413cb04d3e8062e28c2a4d695ceb2', 'sha1': '202a576b5d1d447ae7b3f7fc11c052dbf01d492f', 'sha256': '94b35dad1646bb62e1ba5d3a26ccdd823815007845034beb224a43c2a91813d1'}, 'dob': {'date': '1975-02-11T11:32:54.983Z', 'age': 49}, 'registered': {'date': '2003-02-25T17:50:22.286Z', 'age': 21}, 'phone': '017-8039-354', 'cell': '067-6508-994', 'id': {'name': 'SID', 'value': '534406517'}, 'picture': {'large': 'https://randomuser.me/api/portraits/women/50.jpg', 'medium': 'https://randomuser.me/api/portraits/med/women/50.jpg', 'thumbnail': 'https://randomuser.me/api/portraits/thumb/women/50.jpg'}, 'nat': 'RS'}], 'info': {'seed': '7d3d91e67a05ad4e', 'results': 1, 'page': 1, 'version': '1.4'}}</msg>
<arg>${json_data}</arg>
<doc>Logs the given message with the given level.</doc>
<status status="PASS" start="2024-07-18T17:14:27.210883" elapsed="0.000223"/>
</kw>
<kw name="Should Be Equal As Numbers" owner="BuiltIn">
<arg>${json_data['results'][0]['location']['postcode']}</arg>
<arg>${json_data['results'][0]['location']['postcode']}</arg>
<doc>Fails if objects are unequal after converting them to real numbers.</doc>
<status status="PASS" start="2024-07-18T17:14:27.211410" elapsed="0.000640"/>
</kw>
<kw name="Log" owner="BuiltIn">
<msg time="2024-07-18T17:14:27.212633" level="INFO">90760</msg>
<arg>${json_data['results'][0]['location']['postcode']}</arg>
<doc>Logs the given message with the given level.</doc>
<status status="PASS" start="2024-07-18T17:14:27.212285" elapsed="0.000392"/>
</kw>
<status status="PASS" start="2024-07-18T17:14:27.115773" elapsed="0.097169"/>
</kw>
<doc>Testa se os tipos de dados na resposta da API estão corretos.</doc>
<tag>testeTiposDados</tag>
<status status="PASS" start="2024-07-18T17:14:26.984623" elapsed="0.228496"/>
</test>
<test id="s1-s1-t5" name="Validar conteudo" line="35">
<kw name="Teste de Tipos de Conteudo" owner="random-user-service">
<kw name="GET On Session" owner="RequestsLibrary">
<msg time="2024-07-18T17:14:27.313903" level="INFO">GET Request : url=https://randomuser.me/api 
 path_url=/api 
 headers={'User-Agent': 'python-requests/2.32.3', 'Accept-Encoding': 'gzip, deflate', 'Accept': '*/*', 'Connection': 'keep-alive'} 
 body=None 
 </msg>
<msg time="2024-07-18T17:14:27.314016" level="INFO">GET Response : url=https://randomuser.me/api 
 status=200, reason=OK 
 headers={'Date': 'Thu, 18 Jul 2024 17:14:27 GMT', 'Content-Type': 'application/json; charset=utf-8', 'Transfer-Encoding': 'chunked', 'Connection': 'keep-alive', 'X-Powered-By': 'Express', 'Access-Control-Allow-Origin': '*', 'Cache-Control': 'no-cache', 'ETag': 'W/"473-uTf2zRbtPNZq9ELlbIoDp9Z0zvQ"', 'Vary': 'Accept-Encoding', 'Content-Encoding': 'gzip', 'CF-Cache-Status': 'DYNAMIC', 'Report-To': '{"endpoints":[{"url":"https:\\/\\/a.nel.cloudflare.com\\/report\\/v4?s=2F4rCHyDj6xpRuHqm6aTiG7CYmFUhbpj6uVYdZsaVZQwW8dBLy1rnGjxGFVQRJTJxnQ5D7OYuZSoO6dfLxEeFCAgytZy8f7Tg1uIfc818m8lJdIat6gPORP5THPJCSKZ"}],"group":"cf-nel","max_age":604800}', 'NEL': '{"success_fraction":0,"report_to":"cf-nel","max_age":604800}', 'Server': 'cloudflare', 'CF-RAY': '8a541bb0180c252d-SJC', 'alt-svc': 'h3=":443"; ma=86400'} 
 body={"results":[{"gender":"female","name":{"title":"Miss","first":"Anujna","last":"Shukla"},"location":{"street":{"number":3230,"name":"Linking Rd"},"city":"Rourkela","state":"Manipur","country":"India","postcode":53034,"coordinates":{"latitude":"8.6803","longitude":"72.6517"},"timezone":{"offset":"-9:00","description":"Alaska"}},"email":"anujna.shukla@example.com","login":{"uuid":"1e4257c9-7c25-422e-9979-42786ec49431","username":"organicfish267","password":"jjjjjjjj","salt":"Wjtil5uK","md5":"6ec883f575917bcb0b1c3969e6f2e7d6","sha1":"2783aa985c5fba90aec1a0b23f24954974a1a5ac","sha256":"f5fdadf00befd3638c6dfd916d08451cbf3ee4d08e8c1df5606bdd56542a56dd"},"dob":{"date":"1972-05-01T00:41:34.624Z","age":52},"registered":{"date":"2013-04-26T02:14:41.742Z","age":11},"phone":"9725321740","cell":"9844337450","id":{"name":"UIDAI","value":"599875406442"},"picture":{"large":"https://randomuser.me/api/portraits/women/38.jpg","medium":"https://randomuser.me/api/portraits/med/women/38.jpg","thumbnail":"https://randomuser.me/api/portraits/thumb/women/38.jpg"},"nat":"IN"}],"info":{"seed":"0b83a615f360c3f0","results":1,"page":1,"version":"1.4"}} 
 </msg>
<msg time="2024-07-18T17:14:27.314103" level="INFO">/opt/hostedtoolcache/Python/3.12.4/x64/lib/python3.12/site-packages/urllib3/connectionpool.py:1099: InsecureRequestWarning: Unverified HTTPS request is being made to host 'randomuser.me'. Adding certificate verification is strongly advised. See: https://urllib3.readthedocs.io/en/latest/advanced-usage.html#tls-warnings
  warnings.warn(</msg>
<msg time="2024-07-18T17:14:27.314271" level="INFO">${response} = &lt;Response [200]&gt;</msg>
<var>${response}</var>
<arg>consultarAPI</arg>
<arg>/api</arg>
<doc>Sends a GET request on a previously created HTTP Session.</doc>
<status status="PASS" start="2024-07-18T17:14:27.215766" elapsed="0.098556"/>
</kw>
<kw name="Set Variable" owner="BuiltIn">
<msg time="2024-07-18T17:14:27.315611" level="INFO">${json_data} = {'results': [{'gender': 'female', 'name': {'title': 'Miss', 'first': 'Anujna', 'last': 'Shukla'}, 'location': {'street': {'number': 3230, 'name': 'Linking Rd'}, 'city': 'Rourkela', 'state': 'Manipur',...</msg>
<var>${json_data}</var>
<arg>${response.json()}</arg>
<doc>Returns the given values which can then be assigned to a variables.</doc>
<status status="PASS" start="2024-07-18T17:14:27.314983" elapsed="0.000658"/>
</kw>
<kw name="Set Variable" owner="BuiltIn">
<msg time="2024-07-18T17:14:27.316351" level="INFO">${name_title} = Miss</msg>
<var>${name_title}</var>
<arg>${json_data["results"][0]["name"]["title"]}</arg>
<doc>Returns the given values which can then be assigned to a variables.</doc>
<status status="PASS" start="2024-07-18T17:14:27.315960" elapsed="0.000418"/>
</kw>
<kw name="Create List" owner="BuiltIn">
<msg time="2024-07-18T17:14:27.316829" level="INFO">${allowed_titles} = ['Mr', 'Ms', 'Miss', 'Mrs', 'Madame', 'Monsieur']</msg>
<var>${allowed_titles}</var>
<arg>Mr</arg>
<arg>Ms</arg>
<arg>Miss</arg>
<arg>Mrs</arg>
<arg>Madame</arg>
<arg>Monsieur</arg>
<doc>Returns a list containing given items.</doc>
<status status="PASS" start="2024-07-18T17:14:27.316680" elapsed="0.000174"/>
</kw>
<kw name="List Should Contain Value" owner="Collections">
<arg>${allowed_titles}</arg>
<arg>${name_title}</arg>
<doc>Fails if the ``value`` is not found from ``list``.</doc>
<status status="PASS" start="2024-07-18T17:14:27.317157" elapsed="0.000185"/>
</kw>
<kw name="Set Variable" owner="BuiltIn">
<msg time="2024-07-18T17:14:27.317900" level="INFO">${name_country} = IN</msg>
<var>${name_country}</var>
<arg>${json_data["results"][0]["nat"]}</arg>
<doc>Returns the given values which can then be assigned to a variables.</doc>
<status status="PASS" start="2024-07-18T17:14:27.317524" elapsed="0.000402"/>
</kw>
<kw name="Create List" owner="BuiltIn">
<msg time="2024-07-18T17:14:27.318864" level="INFO">${list_country} = ['AD', 'AE', 'AF', 'AG', 'AI', 'AL', 'AM', 'AO', 'AQ', 'AR', 'AS', 'AT', 'AU', 'AW', 'AX', 'AZ', 'BA', 'BB', 'BD', 'BE', 'BF', 'BG', 'BH', 'BI', 'BJ', 'BL', 'BM', 'BN', 'BO', 'BQ', 'BR', 'BS', 'BT', '...</msg>
<var>${list_country}</var>
<arg>AD</arg>
<arg>AE</arg>
<arg>AF</arg>
<arg>AG</arg>
<arg>AI</arg>
<arg>AL</arg>
<arg>AM</arg>
<arg>AO</arg>
<arg>AQ</arg>
<arg>AR</arg>
<arg>AS</arg>
<arg>AT</arg>
<arg>AU</arg>
<arg>AW</arg>
<arg>AX</arg>
<arg>AZ</arg>
<arg>BA</arg>
<arg>BB</arg>
<arg>BD</arg>
<arg>BE</arg>
<arg>BF</arg>
<arg>BG</arg>
<arg>BH</arg>
<arg>BI</arg>
<arg>BJ</arg>
<arg>BL</arg>
<arg>BM</arg>
<arg>BN</arg>
<arg>BO</arg>
<arg>BQ</arg>
<arg>BR</arg>
<arg>BS</arg>
<arg>BT</arg>
<arg>BV</arg>
<arg>BW</arg>
<arg>BY</arg>
<arg>BZ</arg>
<arg>CA</arg>
<arg>CC</arg>
<arg>CD</arg>
<arg>CF</arg>
<arg>CG</arg>
<arg>CH</arg>
<arg>CI</arg>
<arg>CK</arg>
<arg>CL</arg>
<arg>CM</arg>
<arg>CN</arg>
<arg>CO</arg>
<arg>CR</arg>
<arg>CU</arg>
<arg>CV</arg>
<arg>CW</arg>
<arg>CX</arg>
<arg>CY</arg>
<arg>CZ</arg>
<arg>DE</arg>
<arg>DJ</arg>
<arg>DK</arg>
<arg>DM</arg>
<arg>DO</arg>
<arg>DZ</arg>
<arg>EC</arg>
<arg>EE</arg>
<arg>EG</arg>
<arg>EH</arg>
<arg>ER</arg>
<arg>ES</arg>
<arg>ET</arg>
<arg>FI</arg>
<arg>FJ</arg>
<arg>FK</arg>
<arg>FM</arg>
<arg>FO</arg>
<arg>FR</arg>
<arg>GA</arg>
<arg>GB</arg>
<arg>GD</arg>
<arg>GE</arg>
<arg>GF</arg>
<arg>GG</arg>
<arg>GH</arg>
<arg>GI</arg>
<arg>GL</arg>
<arg>GM</arg>
<arg>GN</arg>
<arg>GP</arg>
<arg>GQ</arg>
<arg>GR</arg>
<arg>GS</arg>
<arg>GT</arg>
<arg>GU</arg>
<arg>GW</arg>
<arg>GY</arg>
<arg>HK</arg>
<arg>HM</arg>
<arg>HN</arg>
<arg>HR</arg>
<arg>HT</arg>
<arg>HU</arg>
<arg>ID</arg>
<arg>IE</arg>
<arg>IL</arg>
<arg>IM</arg>
<arg>IN</arg>
<arg>IO</arg>
<arg>IQ</arg>
<arg>IR</arg>
<arg>IS</arg>
<arg>IT</arg>
<arg>JE</arg>
<arg>JM</arg>
<arg>JO</arg>
<arg>JP</arg>
<arg>KE</arg>
<arg>KG</arg>
<arg>KH</arg>
<arg>KI</arg>
<arg>KM</arg>
<arg>KN</arg>
<arg>KP</arg>
<arg>KR</arg>
<arg>KW</arg>
<arg>KY</arg>
<arg>KZ</arg>
<arg>LA</arg>
<arg>LB</arg>
<arg>LC</arg>
<arg>LI</arg>
<arg>LK</arg>
<arg>LR</arg>
<arg>LS</arg>
<arg>LT</arg>
<arg>LU</arg>
<arg>LV</arg>
<arg>LY</arg>
<arg>MA</arg>
<arg>MC</arg>
<arg>MD</arg>
<arg>ME</arg>
<arg>MF</arg>
<arg>MG</arg>
<arg>MH</arg>
<arg>MK</arg>
<arg>ML</arg>
<arg>MM</arg>
<arg>MN</arg>
<arg>MO</arg>
<arg>MP</arg>
<arg>MQ</arg>
<arg>MR</arg>
<arg>MS</arg>
<arg>MT</arg>
<arg>MU</arg>
<arg>MV</arg>
<arg>MW</arg>
<arg>MX</arg>
<arg>MY</arg>
<arg>MZ</arg>
<arg>NA</arg>
<arg>NC</arg>
<arg>NE</arg>
<arg>NF</arg>
<arg>NG</arg>
<arg>NI</arg>
<arg>NL</arg>
<arg>NO</arg>
<arg>NP</arg>
<arg>NR</arg>
<arg>NU</arg>
<arg>NZ</arg>
<arg>OM</arg>
<arg>PA</arg>
<arg>PE</arg>
<arg>PF</arg>
<arg>PG</arg>
<arg>PH</arg>
<arg>PK</arg>
<arg>PL</arg>
<arg>PM</arg>
<arg>PN</arg>
<arg>PR</arg>
<arg>PS</arg>
<arg>PT</arg>
<arg>PW</arg>
<arg>PY</arg>
<arg>QA</arg>
<arg>RE</arg>
<arg>RO</arg>
<arg>RS</arg>
<arg>RU</arg>
<arg>RW</arg>
<arg>SA</arg>
<arg>SB</arg>
<arg>SC</arg>
<arg>SD</arg>
<arg>SE</arg>
<arg>SG</arg>
<arg>SH</arg>
<arg>SI</arg>
<arg>SJ</arg>
<arg>SK</arg>
<arg>SL</arg>
<arg>SM</arg>
<arg>SN</arg>
<arg>SO</arg>
<arg>SR</arg>
<arg>SS</arg>
<arg>ST</arg>
<arg>SV</arg>
<arg>SX</arg>
<arg>SY</arg>
<arg>SZ</arg>
<arg>TC</arg>
<arg>TD</arg>
<arg>TF</arg>
<arg>TG</arg>
<arg>TH</arg>
<arg>TJ</arg>
<arg>TK</arg>
<arg>TL</arg>
<arg>TM</arg>
<arg>TN</arg>
<arg>TO</arg>
<arg>TR</arg>
<arg>TT</arg>
<arg>TV</arg>
<arg>TW</arg>
<arg>TZ</arg>
<arg>UA</arg>
<arg>UG</arg>
<arg>UM</arg>
<arg>US</arg>
<arg>UY</arg>
<arg>UZ</arg>
<arg>VA</arg>
<arg>VC</arg>
<arg>VE</arg>
<arg>VG</arg>
<arg>VI</arg>
<arg>VN</arg>
<arg>VU</arg>
<arg>WF</arg>
<arg>WS</arg>
<arg>XK</arg>
<arg>YE</arg>
<arg>YT</arg>
<arg>ZA</arg>
<arg>ZM</arg>
<arg>ZW</arg>
<doc>Returns a list containing given items.</doc>
<status status="PASS" start="2024-07-18T17:14:27.318260" elapsed="0.000630"/>
</kw>
<kw name="List Should Contain Value" owner="Collections">
<arg>${list_country}</arg>
<arg>${name_country}</arg>
<doc>Fails if the ``value`` is not found from ``list``.</doc>
<status status="PASS" start="2024-07-18T17:14:27.319885" elapsed="0.000211"/>
</kw>
<kw name="Run Keyword If" owner="BuiltIn">
<kw name="Should Be True" owner="BuiltIn">
<arg>${True}</arg>
<doc>Fails if the given condition is not true.</doc>
<status status="PASS" start="2024-07-18T17:14:27.321053" elapsed="0.000144"/>
</kw>
<arg>${json_data["results"][0]["location"]["coordinates"]["latitude"]} &gt;= -90 and ${json_data["results"][0]["location"]["coordinates"]["latitude"]} &lt;= 90</arg>
<arg>Should Be True</arg>
<arg>${True}</arg>
<doc>Runs the given keyword with the given arguments, if ``condition`` is true.</doc>
<status status="PASS" start="2024-07-18T17:14:27.320298" elapsed="0.001028"/>
</kw>
<kw name="Run Keyword If" owner="BuiltIn">
<kw name="Should Be True" owner="BuiltIn">
<arg>${True}</arg>
<doc>Fails if the given condition is not true.</doc>
<status status="PASS" start="2024-07-18T17:14:27.322235" elapsed="0.000146"/>
</kw>
<arg>${json_data["results"][0]["location"]["coordinates"]["longitude"]} &gt;= -180 and ${json_data["results"][0]["location"]["coordinates"]["longitude"]} &lt;= 180</arg>
<arg>Should Be True</arg>
<arg>${True}</arg>
<doc>Runs the given keyword with the given arguments, if ``condition`` is true.</doc>
<status status="PASS" start="2024-07-18T17:14:27.321510" elapsed="0.000997"/>
</kw>
<status status="PASS" start="2024-07-18T17:14:27.215533" elapsed="0.107112"/>
</kw>
<doc>Testa o conteúdo específico dos campos retornados pela API.</doc>
<tag>testeConteudo</tag>
<status status="PASS" start="2024-07-18T17:14:27.214978" elapsed="0.107825"/>
</test>
<status status="PASS" start="2024-07-18T17:14:26.384894" elapsed="0.939911"/>
</suite>
<status status="PASS" start="2024-07-18T17:14:26.370492" elapsed="0.959458"/>
</suite>
<statistics>
<total>
<stat pass="5" fail="0" skip="0">All Tests</stat>
</total>
<tag>
<stat pass="1" fail="0" skip="0">testeConteudo</stat>
<stat pass="1" fail="0" skip="0">testeEstruturaResposta</stat>
<stat pass="1" fail="0" skip="0">testeRequisicaoBasica</stat>
<stat pass="1" fail="0" skip="0">testeTiposDados</stat>
</tag>
<suite>
<stat pass="5" fail="0" skip="0" id="s1" name="Tests">Tests</stat>
<stat pass="5" fail="0" skip="0" id="s1-s1" name="Random-User-Test">Tests.Random-User-Test</stat>
</suite>
</statistics>
<errors>
</errors>
</robot>
