<?xml version="1.0" encoding="UTF-8"?>
<robot generator="Robot 7.0 (Python 3.12.3 on linux)" generated="2024-05-17T10:14:55.478228" rpa="false" schemaversion="5">
<suite id="s1" name="Tests" source="/home/runner/work/DesafioQAItauRogerioJordao/DesafioQAItauRogerioJordao/RamdonUser/tests">
<suite id="s1-s1" name="Random-User-Test" source="/home/runner/work/DesafioQAItauRogerioJordao/DesafioQAItauRogerioJordao/RamdonUser/tests/random-user-test.robot">
<test id="s1-s1-t1" name="Conectar" line="13">
<kw name="Conectar API" owner="random-user-service">
<kw name="Create Session" owner="RequestsLibrary">
<msg time="2024-05-17T10:14:55.860242" level="INFO">Creating Session using : alias=consultarAPI, url=https://randomuser.me/, headers={},                     cookies={}, auth=None, timeout=None, proxies=None, verify=False,                     debug=0 </msg>
<arg>consultarAPI</arg>
<arg>${URL}</arg>
<doc>Create Session: create a HTTP session to a server</doc>
<status status="PASS" start="2024-05-17T10:14:55.860045" elapsed="0.000363"/>
</kw>
<status status="PASS" start="2024-05-17T10:14:55.859136" elapsed="0.001618"/>
</kw>
<status status="PASS" start="2024-05-17T10:14:55.858535" elapsed="0.002413"/>
</test>
<test id="s1-s1-t2" name="Validar retorno 200 e JSON Válido" line="16">
<kw name="Teste de Requisicao Basica" owner="random-user-service">
<kw name="GET On Session" owner="RequestsLibrary">
<msg time="2024-05-17T10:14:56.005272" level="INFO">GET Request : url=https://randomuser.me/api 
 path_url=/api 
 headers={'User-Agent': 'python-requests/2.31.0', 'Accept-Encoding': 'gzip, deflate', 'Accept': '*/*', 'Connection': 'keep-alive'} 
 body=None 
 </msg>
<msg time="2024-05-17T10:14:56.005385" level="INFO">GET Response : url=https://randomuser.me/api 
 status=200, reason=OK 
 headers={'Date': 'Fri, 17 May 2024 10:14:56 GMT', 'Content-Type': 'application/json; charset=utf-8', 'Transfer-Encoding': 'chunked', 'Connection': 'keep-alive', 'X-Powered-By': 'Express', 'Access-Control-Allow-Origin': '*', 'Cache-Control': 'no-cache', 'ETag': 'W/"4b4-tEaXstCiKjIPsYameZ83/IgQ2V0"', 'Vary': 'Accept-Encoding', 'Content-Encoding': 'gzip', 'CF-Cache-Status': 'DYNAMIC', 'Report-To': '{"endpoints":[{"url":"https:\\/\\/a.nel.cloudflare.com\\/report\\/v4?s=MT4QW5EbtPFiaAcmUYITR7q66BqD%2BcNe2b%2FaAMu6ajbh8cQuU3CaX%2BR7xTc%2BQvNuQav2swbVyMOWmtchvDP1AuJOuPneQRFnnzfwKgdH4%2BIQcXlxSMxef0rRu8Q%2FFZWu"}],"group":"cf-nel","max_age":604800}', 'NEL': '{"success_fraction":0,"report_to":"cf-nel","max_age":604800}', 'Server': 'cloudflare', 'CF-RAY': '8852d7e75ce89e6e-SJC', 'alt-svc': 'h3=":443"; ma=86400'} 
 body={"results":[{"gender":"male","name":{"title":"Monsieur","first":"Liam","last":"Lacroix"},"location":{"street":{"number":1528,"name":"Quai Charles-De-Gaulle"},"city":"Bremgarten bei Bern","state":"Genève","country":"Switzerland","postcode":6620,"coordinates":{"latitude":"-61.9037","longitude":"-118.6176"},"timezone":{"offset":"+3:00","description":"Baghdad, Riyadh, Moscow, St. Petersburg"}},"email":"liam.lacroix@example.com","login":{"uuid":"97825142-29a1-4c75-86d5-1ae3924c91fc","username":"ticklishfrog166","password":"hamish","salt":"jKPgVCvV","md5":"4ee8899df47b2cd877e2e3a69b7fc9e5","sha1":"b3b9c1f446e62606282f558ae3c0bbc6eca7cc36","sha256":"eca7f29c11944dc66b84927249e90c182fc5ef5580bf0e1155168bf88b4b96b7"},"dob":{"date":"1982-03-23T20:25:23.915Z","age":42},"registered":{"date":"2020-03-26T05:07:58.670Z","age":4},"phone":"075 276 19 77","cell":"075 214 32 35","id":{"name":"AVS","value":"756.5720.3344.43"},"picture":{"large":"https://randomuser.me/api/portraits/men/22.jpg","medium":"https://randomuser.me/api/portraits/med/men/22.jpg","thumbnail":"https://randomuser.me/api/portraits/thumb/men/22.jpg"},"nat":"CH"}],"info":{"seed":"0e3aa330c6c499e8","results":1,"page":1,"version":"1.4"}} 
 </msg>
<msg time="2024-05-17T10:14:56.005462" level="INFO">/opt/hostedtoolcache/Python/3.12.3/x64/lib/python3.12/site-packages/urllib3/connectionpool.py:1103: InsecureRequestWarning: Unverified HTTPS request is being made to host 'randomuser.me'. Adding certificate verification is strongly advised. See: https://urllib3.readthedocs.io/en/latest/advanced-usage.html#tls-warnings
  warnings.warn(</msg>
<msg time="2024-05-17T10:14:56.005623" level="INFO">${response} = &lt;Response [200]&gt;</msg>
<var>${response}</var>
<arg>consultarAPI</arg>
<arg>/api</arg>
<doc>Sends a GET request on a previously created HTTP Session.</doc>
<status status="PASS" start="2024-05-17T10:14:55.863639" elapsed="0.142024"/>
</kw>
<kw name="Should Be Equal As Numbers" owner="BuiltIn">
<msg time="2024-05-17T10:14:56.006508" level="INFO">Argument types are:
&lt;class 'int'&gt;
&lt;class 'str'&gt;</msg>
<arg>${response.status_code}</arg>
<arg>200</arg>
<doc>Fails if objects are unequal after converting them to real numbers.</doc>
<status status="PASS" start="2024-05-17T10:14:56.006095" elapsed="0.000479"/>
</kw>
<kw name="Log" owner="BuiltIn">
<msg time="2024-05-17T10:14:56.007287" level="INFO">200</msg>
<arg>${response.status_code}</arg>
<doc>Logs the given message with the given level.</doc>
<status status="PASS" start="2024-05-17T10:14:56.006926" elapsed="0.000404"/>
</kw>
<kw name="Set Variable" owner="BuiltIn">
<msg time="2024-05-17T10:14:56.008082" level="INFO">${json_data} = {'results': [{'gender': 'male', 'name': {'title': 'Monsieur', 'first': 'Liam', 'last': 'Lacroix'}, 'location': {'street': {'number': 1528, 'name': 'Quai Charles-De-Gaulle'}, 'city': 'Bremgarten bei Be...</msg>
<var>${json_data}</var>
<arg>${response.json()}</arg>
<doc>Returns the given values which can then be assigned to a variables.</doc>
<status status="PASS" start="2024-05-17T10:14:56.007644" elapsed="0.000467"/>
</kw>
<kw name="Dictionary Should Contain Key" owner="Collections">
<msg time="2024-05-17T10:14:56.008586" level="INFO">False</msg>
<arg>${json_data}</arg>
<arg>results</arg>
<doc>Fails if ``key`` is not found from ``dictionary``.</doc>
<status status="PASS" start="2024-05-17T10:14:56.008416" elapsed="0.000211"/>
</kw>
<status status="PASS" start="2024-05-17T10:14:55.863398" elapsed="0.145484"/>
</kw>
<doc>Testa se a API responde corretamente e retorna um objeto JSON válido.</doc>
<tag>testeRequisicaoBasica</tag>
<status status="PASS" start="2024-05-17T10:14:55.862856" elapsed="0.146204"/>
</test>
<test id="s1-s1-t3" name="Validar estrutura de resposta" line="22">
<kw name="Teste de Estrutura de Resposta" owner="random-user-service">
<kw name="GET On Session" owner="RequestsLibrary">
<msg time="2024-05-17T10:14:56.197355" level="INFO">GET Request : url=https://randomuser.me/api 
 path_url=/api 
 headers={'User-Agent': 'python-requests/2.31.0', 'Accept-Encoding': 'gzip, deflate', 'Accept': '*/*', 'Connection': 'keep-alive'} 
 body=None 
 </msg>
<msg time="2024-05-17T10:14:56.197458" level="INFO">GET Response : url=https://randomuser.me/api 
 status=200, reason=OK 
 headers={'Date': 'Fri, 17 May 2024 10:14:56 GMT', 'Content-Type': 'application/json; charset=utf-8', 'Transfer-Encoding': 'chunked', 'Connection': 'keep-alive', 'X-Powered-By': 'Express', 'Access-Control-Allow-Origin': '*', 'Cache-Control': 'no-cache', 'ETag': 'W/"482-iA1zQDLaH8EMhgdQ298za7Zrv/s"', 'Vary': 'Accept-Encoding', 'Content-Encoding': 'gzip', 'CF-Cache-Status': 'DYNAMIC', 'Report-To': '{"endpoints":[{"url":"https:\\/\\/a.nel.cloudflare.com\\/report\\/v4?s=ChfGq5uZVVj5POHgCI2tPgjpwPeIv0Qm403vdkclp3%2BkOfEFwAqfJ1VooF6fPTWbJZaxrjSVs5fFj16Jb77a23kCcN%2FA1mIk9uUciSbjYBHyPGwcvNsl61yujy%2BgTzYQ"}],"group":"cf-nel","max_age":604800}', 'NEL': '{"success_fraction":0,"report_to":"cf-nel","max_age":604800}', 'Server': 'cloudflare', 'CF-RAY': '8852d7e81d579e6e-SJC', 'alt-svc': 'h3=":443"; ma=86400'} 
 body={"results":[{"gender":"male","name":{"title":"Mr","first":"Eemil","last":"Lammi"},"location":{"street":{"number":2187,"name":"Otavalankatu"},"city":"Saarijärvi","state":"South Karelia","country":"Finland","postcode":76215,"coordinates":{"latitude":"-23.5381","longitude":"-15.8849"},"timezone":{"offset":"-3:30","description":"Newfoundland"}},"email":"eemil.lammi@example.com","login":{"uuid":"37438cbb-41a6-4c51-93dd-9abfaeb2915c","username":"ticklishswan639","password":"chevrole","salt":"rfQAWueg","md5":"56811c0a36898631ee2cfa29c93e40ef","sha1":"0cf014f3e6b9b9984a8c9b262f22e51def0360b0","sha256":"91ee32afde1cf73341da6da0173ca590942b43cf03b25d6ba2bd6d1de79da7fb"},"dob":{"date":"1980-09-17T02:38:59.939Z","age":43},"registered":{"date":"2016-04-12T21:19:23.486Z","age":8},"phone":"07-971-603","cell":"047-525-31-63","id":{"name":"HETU","value":"NaNNA947undefined"},"picture":{"large":"https://randomuser.me/api/portraits/men/96.jpg","medium":"https://randomuser.me/api/portraits/med/men/96.jpg","thumbnail":"https://randomuser.me/api/portraits/thumb/men/96.jpg"},"nat":"FI"}],"info":{"seed":"034c62a4bc0e1ac4","results":1,"page":1,"version":"1.4"}} 
 </msg>
<msg time="2024-05-17T10:14:56.197600" level="INFO">/opt/hostedtoolcache/Python/3.12.3/x64/lib/python3.12/site-packages/urllib3/connectionpool.py:1103: InsecureRequestWarning: Unverified HTTPS request is being made to host 'randomuser.me'. Adding certificate verification is strongly advised. See: https://urllib3.readthedocs.io/en/latest/advanced-usage.html#tls-warnings
  warnings.warn(</msg>
<msg time="2024-05-17T10:14:56.197731" level="INFO">${response} = &lt;Response [200]&gt;</msg>
<var>${response}</var>
<arg>consultarAPI</arg>
<arg>/api</arg>
<doc>Sends a GET request on a previously created HTTP Session.</doc>
<status status="PASS" start="2024-05-17T10:14:56.011719" elapsed="0.186054"/>
</kw>
<kw name="Set Variable" owner="BuiltIn">
<msg time="2024-05-17T10:14:56.198715" level="INFO">${json_data} = {'results': [{'gender': 'male', 'name': {'title': 'Mr', 'first': 'Eemil', 'last': 'Lammi'}, 'location': {'street': {'number': 2187, 'name': 'Otavalankatu'}, 'city': 'Saarijärvi', 'state': 'South Karel...</msg>
<var>${json_data}</var>
<arg>${response.json()}</arg>
<doc>Returns the given values which can then be assigned to a variables.</doc>
<status status="PASS" start="2024-05-17T10:14:56.198199" elapsed="0.000547"/>
</kw>
<kw name="Log" owner="BuiltIn">
<msg time="2024-05-17T10:14:56.199243" level="INFO">{'results': [{'gender': 'male', 'name': {'title': 'Mr', 'first': 'Eemil', 'last': 'Lammi'}, 'location': {'street': {'number': 2187, 'name': 'Otavalankatu'}, 'city': 'Saarijärvi', 'state': 'South Karelia', 'country': 'Finland', 'postcode': 76215, 'coordinates': {'latitude': '-23.5381', 'longitude': '-15.8849'}, 'timezone': {'offset': '-3:30', 'description': 'Newfoundland'}}, 'email': 'eemil.lammi@example.com', 'login': {'uuid': '37438cbb-41a6-4c51-93dd-9abfaeb2915c', 'username': 'ticklishswan639', 'password': 'chevrole', 'salt': 'rfQAWueg', 'md5': '56811c0a36898631ee2cfa29c93e40ef', 'sha1': '0cf014f3e6b9b9984a8c9b262f22e51def0360b0', 'sha256': '91ee32afde1cf73341da6da0173ca590942b43cf03b25d6ba2bd6d1de79da7fb'}, 'dob': {'date': '1980-09-17T02:38:59.939Z', 'age': 43}, 'registered': {'date': '2016-04-12T21:19:23.486Z', 'age': 8}, 'phone': '07-971-603', 'cell': '047-525-31-63', 'id': {'name': 'HETU', 'value': 'NaNNA947undefined'}, 'picture': {'large': 'https://randomuser.me/api/portraits/men/96.jpg', 'medium': 'https://randomuser.me/api/portraits/med/men/96.jpg', 'thumbnail': 'https://randomuser.me/api/portraits/thumb/men/96.jpg'}, 'nat': 'FI'}], 'info': {'seed': '034c62a4bc0e1ac4', 'results': 1, 'page': 1, 'version': '1.4'}}</msg>
<arg>${json_data}</arg>
<doc>Logs the given message with the given level.</doc>
<status status="PASS" start="2024-05-17T10:14:56.199078" elapsed="0.000215"/>
</kw>
<kw name="Dictionary Should Contain Key" owner="Collections">
<msg time="2024-05-17T10:14:56.199757" level="INFO">False</msg>
<arg>${json_data}</arg>
<arg>results</arg>
<doc>Fails if ``key`` is not found from ``dictionary``.</doc>
<status status="PASS" start="2024-05-17T10:14:56.199596" elapsed="0.000199"/>
</kw>
<kw name="Should Not Be Empty" owner="BuiltIn">
<msg time="2024-05-17T10:14:56.200230" level="INFO">Length is 2.</msg>
<arg>${json_data}</arg>
<doc>Verifies that the given item is not empty.</doc>
<status status="PASS" start="2024-05-17T10:14:56.200092" elapsed="0.000318"/>
</kw>
<kw name="Create List" owner="BuiltIn">
<msg time="2024-05-17T10:14:56.200870" level="INFO">${expected_keys} = ['gender', 'name', 'location', 'email', 'login']</msg>
<var>${expected_keys}</var>
<arg>gender</arg>
<arg>name</arg>
<arg>location</arg>
<arg>email</arg>
<arg>login</arg>
<doc>Returns a list containing given items.</doc>
<status status="PASS" start="2024-05-17T10:14:56.200714" elapsed="0.000180"/>
</kw>
<for flavor="IN">
<iter>
<kw name="Dictionary Should Contain Key" owner="Collections">
<msg time="2024-05-17T10:14:56.201938" level="INFO">False</msg>
<arg>${json_data['results'][0]}</arg>
<arg>${key}</arg>
<doc>Fails if ``key`` is not found from ``dictionary``.</doc>
<status status="PASS" start="2024-05-17T10:14:56.201472" elapsed="0.000505"/>
</kw>
<kw name="Log" owner="BuiltIn">
<msg time="2024-05-17T10:14:56.202648" level="INFO">{'gender': 'male', 'name': {'title': 'Mr', 'first': 'Eemil', 'last': 'Lammi'}, 'location': {'street': {'number': 2187, 'name': 'Otavalankatu'}, 'city': 'Saarijärvi', 'state': 'South Karelia', 'country': 'Finland', 'postcode': 76215, 'coordinates': {'latitude': '-23.5381', 'longitude': '-15.8849'}, 'timezone': {'offset': '-3:30', 'description': 'Newfoundland'}}, 'email': 'eemil.lammi@example.com', 'login': {'uuid': '37438cbb-41a6-4c51-93dd-9abfaeb2915c', 'username': 'ticklishswan639', 'password': 'chevrole', 'salt': 'rfQAWueg', 'md5': '56811c0a36898631ee2cfa29c93e40ef', 'sha1': '0cf014f3e6b9b9984a8c9b262f22e51def0360b0', 'sha256': '91ee32afde1cf73341da6da0173ca590942b43cf03b25d6ba2bd6d1de79da7fb'}, 'dob': {'date': '1980-09-17T02:38:59.939Z', 'age': 43}, 'registered': {'date': '2016-04-12T21:19:23.486Z', 'age': 8}, 'phone': '07-971-603', 'cell': '047-525-31-63', 'id': {'name': 'HETU', 'value': 'NaNNA947undefined'}, 'picture': {'large': 'https://randomuser.me/api/portraits/men/96.jpg', 'medium': 'https://randomuser.me/api/portraits/med/men/96.jpg', 'thumbnail': 'https://randomuser.me/api/portraits/thumb/men/96.jpg'}, 'nat': 'FI'}</msg>
<arg>${json_data['results'][0]}</arg>
<doc>Logs the given message with the given level.</doc>
<status status="PASS" start="2024-05-17T10:14:56.202278" elapsed="0.000420"/>
</kw>
<kw name="Log" owner="BuiltIn">
<msg time="2024-05-17T10:14:56.203130" level="INFO">gender</msg>
<arg>${key}</arg>
<doc>Logs the given message with the given level.</doc>
<status status="PASS" start="2024-05-17T10:14:56.203001" elapsed="0.000166"/>
</kw>
<var name="${key}">gender</var>
<status status="PASS" start="2024-05-17T10:14:56.201344" elapsed="0.002038"/>
</iter>
<iter>
<kw name="Dictionary Should Contain Key" owner="Collections">
<msg time="2024-05-17T10:14:56.204073" level="INFO">False</msg>
<arg>${json_data['results'][0]}</arg>
<arg>${key}</arg>
<doc>Fails if ``key`` is not found from ``dictionary``.</doc>
<status status="PASS" start="2024-05-17T10:14:56.203689" elapsed="0.000421"/>
</kw>
<kw name="Log" owner="BuiltIn">
<msg time="2024-05-17T10:14:56.204803" level="INFO">{'gender': 'male', 'name': {'title': 'Mr', 'first': 'Eemil', 'last': 'Lammi'}, 'location': {'street': {'number': 2187, 'name': 'Otavalankatu'}, 'city': 'Saarijärvi', 'state': 'South Karelia', 'country': 'Finland', 'postcode': 76215, 'coordinates': {'latitude': '-23.5381', 'longitude': '-15.8849'}, 'timezone': {'offset': '-3:30', 'description': 'Newfoundland'}}, 'email': 'eemil.lammi@example.com', 'login': {'uuid': '37438cbb-41a6-4c51-93dd-9abfaeb2915c', 'username': 'ticklishswan639', 'password': 'chevrole', 'salt': 'rfQAWueg', 'md5': '56811c0a36898631ee2cfa29c93e40ef', 'sha1': '0cf014f3e6b9b9984a8c9b262f22e51def0360b0', 'sha256': '91ee32afde1cf73341da6da0173ca590942b43cf03b25d6ba2bd6d1de79da7fb'}, 'dob': {'date': '1980-09-17T02:38:59.939Z', 'age': 43}, 'registered': {'date': '2016-04-12T21:19:23.486Z', 'age': 8}, 'phone': '07-971-603', 'cell': '047-525-31-63', 'id': {'name': 'HETU', 'value': 'NaNNA947undefined'}, 'picture': {'large': 'https://randomuser.me/api/portraits/men/96.jpg', 'medium': 'https://randomuser.me/api/portraits/med/men/96.jpg', 'thumbnail': 'https://randomuser.me/api/portraits/thumb/men/96.jpg'}, 'nat': 'FI'}</msg>
<arg>${json_data['results'][0]}</arg>
<doc>Logs the given message with the given level.</doc>
<status status="PASS" start="2024-05-17T10:14:56.204436" elapsed="0.000418"/>
</kw>
<kw name="Log" owner="BuiltIn">
<msg time="2024-05-17T10:14:56.205279" level="INFO">name</msg>
<arg>${key}</arg>
<doc>Logs the given message with the given level.</doc>
<status status="PASS" start="2024-05-17T10:14:56.205150" elapsed="0.000166"/>
</kw>
<var name="${key}">name</var>
<status status="PASS" start="2024-05-17T10:14:56.203571" elapsed="0.001994"/>
</iter>
<iter>
<kw name="Dictionary Should Contain Key" owner="Collections">
<msg time="2024-05-17T10:14:56.206242" level="INFO">False</msg>
<arg>${json_data['results'][0]}</arg>
<arg>${key}</arg>
<doc>Fails if ``key`` is not found from ``dictionary``.</doc>
<status status="PASS" start="2024-05-17T10:14:56.205862" elapsed="0.000417"/>
</kw>
<kw name="Log" owner="BuiltIn">
<msg time="2024-05-17T10:14:56.206940" level="INFO">{'gender': 'male', 'name': {'title': 'Mr', 'first': 'Eemil', 'last': 'Lammi'}, 'location': {'street': {'number': 2187, 'name': 'Otavalankatu'}, 'city': 'Saarijärvi', 'state': 'South Karelia', 'country': 'Finland', 'postcode': 76215, 'coordinates': {'latitude': '-23.5381', 'longitude': '-15.8849'}, 'timezone': {'offset': '-3:30', 'description': 'Newfoundland'}}, 'email': 'eemil.lammi@example.com', 'login': {'uuid': '37438cbb-41a6-4c51-93dd-9abfaeb2915c', 'username': 'ticklishswan639', 'password': 'chevrole', 'salt': 'rfQAWueg', 'md5': '56811c0a36898631ee2cfa29c93e40ef', 'sha1': '0cf014f3e6b9b9984a8c9b262f22e51def0360b0', 'sha256': '91ee32afde1cf73341da6da0173ca590942b43cf03b25d6ba2bd6d1de79da7fb'}, 'dob': {'date': '1980-09-17T02:38:59.939Z', 'age': 43}, 'registered': {'date': '2016-04-12T21:19:23.486Z', 'age': 8}, 'phone': '07-971-603', 'cell': '047-525-31-63', 'id': {'name': 'HETU', 'value': 'NaNNA947undefined'}, 'picture': {'large': 'https://randomuser.me/api/portraits/men/96.jpg', 'medium': 'https://randomuser.me/api/portraits/med/men/96.jpg', 'thumbnail': 'https://randomuser.me/api/portraits/thumb/men/96.jpg'}, 'nat': 'FI'}</msg>
<arg>${json_data['results'][0]}</arg>
<doc>Logs the given message with the given level.</doc>
<status status="PASS" start="2024-05-17T10:14:56.206577" elapsed="0.000414"/>
</kw>
<kw name="Log" owner="BuiltIn">
<msg time="2024-05-17T10:14:56.207409" level="INFO">location</msg>
<arg>${key}</arg>
<doc>Logs the given message with the given level.</doc>
<status status="PASS" start="2024-05-17T10:14:56.207285" elapsed="0.000161"/>
</kw>
<var name="${key}">location</var>
<status status="PASS" start="2024-05-17T10:14:56.205750" elapsed="0.001911"/>
</iter>
<iter>
<kw name="Dictionary Should Contain Key" owner="Collections">
<msg time="2024-05-17T10:14:56.208324" level="INFO">False</msg>
<arg>${json_data['results'][0]}</arg>
<arg>${key}</arg>
<doc>Fails if ``key`` is not found from ``dictionary``.</doc>
<status status="PASS" start="2024-05-17T10:14:56.207946" elapsed="0.000415"/>
</kw>
<kw name="Log" owner="BuiltIn">
<msg time="2024-05-17T10:14:56.209041" level="INFO">{'gender': 'male', 'name': {'title': 'Mr', 'first': 'Eemil', 'last': 'Lammi'}, 'location': {'street': {'number': 2187, 'name': 'Otavalankatu'}, 'city': 'Saarijärvi', 'state': 'South Karelia', 'country': 'Finland', 'postcode': 76215, 'coordinates': {'latitude': '-23.5381', 'longitude': '-15.8849'}, 'timezone': {'offset': '-3:30', 'description': 'Newfoundland'}}, 'email': 'eemil.lammi@example.com', 'login': {'uuid': '37438cbb-41a6-4c51-93dd-9abfaeb2915c', 'username': 'ticklishswan639', 'password': 'chevrole', 'salt': 'rfQAWueg', 'md5': '56811c0a36898631ee2cfa29c93e40ef', 'sha1': '0cf014f3e6b9b9984a8c9b262f22e51def0360b0', 'sha256': '91ee32afde1cf73341da6da0173ca590942b43cf03b25d6ba2bd6d1de79da7fb'}, 'dob': {'date': '1980-09-17T02:38:59.939Z', 'age': 43}, 'registered': {'date': '2016-04-12T21:19:23.486Z', 'age': 8}, 'phone': '07-971-603', 'cell': '047-525-31-63', 'id': {'name': 'HETU', 'value': 'NaNNA947undefined'}, 'picture': {'large': 'https://randomuser.me/api/portraits/men/96.jpg', 'medium': 'https://randomuser.me/api/portraits/med/men/96.jpg', 'thumbnail': 'https://randomuser.me/api/portraits/thumb/men/96.jpg'}, 'nat': 'FI'}</msg>
<arg>${json_data['results'][0]}</arg>
<doc>Logs the given message with the given level.</doc>
<status status="PASS" start="2024-05-17T10:14:56.208660" elapsed="0.000430"/>
</kw>
<kw name="Log" owner="BuiltIn">
<msg time="2024-05-17T10:14:56.209507" level="INFO">email</msg>
<arg>${key}</arg>
<doc>Logs the given message with the given level.</doc>
<status status="PASS" start="2024-05-17T10:14:56.209381" elapsed="0.000185"/>
</kw>
<var name="${key}">email</var>
<status status="PASS" start="2024-05-17T10:14:56.207836" elapsed="0.001953"/>
</iter>
<iter>
<kw name="Dictionary Should Contain Key" owner="Collections">
<msg time="2024-05-17T10:14:56.210455" level="INFO">False</msg>
<arg>${json_data['results'][0]}</arg>
<arg>${key}</arg>
<doc>Fails if ``key`` is not found from ``dictionary``.</doc>
<status status="PASS" start="2024-05-17T10:14:56.210068" elapsed="0.000425"/>
</kw>
<kw name="Log" owner="BuiltIn">
<msg time="2024-05-17T10:14:56.211150" level="INFO">{'gender': 'male', 'name': {'title': 'Mr', 'first': 'Eemil', 'last': 'Lammi'}, 'location': {'street': {'number': 2187, 'name': 'Otavalankatu'}, 'city': 'Saarijärvi', 'state': 'South Karelia', 'country': 'Finland', 'postcode': 76215, 'coordinates': {'latitude': '-23.5381', 'longitude': '-15.8849'}, 'timezone': {'offset': '-3:30', 'description': 'Newfoundland'}}, 'email': 'eemil.lammi@example.com', 'login': {'uuid': '37438cbb-41a6-4c51-93dd-9abfaeb2915c', 'username': 'ticklishswan639', 'password': 'chevrole', 'salt': 'rfQAWueg', 'md5': '56811c0a36898631ee2cfa29c93e40ef', 'sha1': '0cf014f3e6b9b9984a8c9b262f22e51def0360b0', 'sha256': '91ee32afde1cf73341da6da0173ca590942b43cf03b25d6ba2bd6d1de79da7fb'}, 'dob': {'date': '1980-09-17T02:38:59.939Z', 'age': 43}, 'registered': {'date': '2016-04-12T21:19:23.486Z', 'age': 8}, 'phone': '07-971-603', 'cell': '047-525-31-63', 'id': {'name': 'HETU', 'value': 'NaNNA947undefined'}, 'picture': {'large': 'https://randomuser.me/api/portraits/men/96.jpg', 'medium': 'https://randomuser.me/api/portraits/med/men/96.jpg', 'thumbnail': 'https://randomuser.me/api/portraits/thumb/men/96.jpg'}, 'nat': 'FI'}</msg>
<arg>${json_data['results'][0]}</arg>
<doc>Logs the given message with the given level.</doc>
<status status="PASS" start="2024-05-17T10:14:56.210787" elapsed="0.000421"/>
</kw>
<kw name="Log" owner="BuiltIn">
<msg time="2024-05-17T10:14:56.211631" level="INFO">login</msg>
<arg>${key}</arg>
<doc>Logs the given message with the given level.</doc>
<status status="PASS" start="2024-05-17T10:14:56.211506" elapsed="0.000161"/>
</kw>
<var name="${key}">login</var>
<status status="PASS" start="2024-05-17T10:14:56.209957" elapsed="0.001930"/>
</iter>
<var>${key}</var>
<value>@{expected_keys}</value>
<status status="PASS" start="2024-05-17T10:14:56.201154" elapsed="0.010879"/>
</for>
<kw name="Create List" owner="BuiltIn">
<msg time="2024-05-17T10:14:56.212370" level="INFO">${expected_keysTwo} = ['username', 'password']</msg>
<var>${expected_keysTwo}</var>
<arg>username</arg>
<arg>password</arg>
<doc>Returns a list containing given items.</doc>
<status status="PASS" start="2024-05-17T10:14:56.212233" elapsed="0.000161"/>
</kw>
<for flavor="IN">
<iter>
<kw name="Dictionary Should Contain Key" owner="Collections">
<msg time="2024-05-17T10:14:56.213276" level="INFO">False</msg>
<arg>${json_data['results'][0]['login']}</arg>
<arg>${keyTwo}</arg>
<doc>Fails if ``key`` is not found from ``dictionary``.</doc>
<status status="PASS" start="2024-05-17T10:14:56.212888" elapsed="0.000424"/>
</kw>
<kw name="Dictionary Should Contain Key" owner="Collections">
<msg time="2024-05-17T10:14:56.214108" level="INFO">False</msg>
<arg>${json_data['results'][0]['login']}</arg>
<arg>${keyTwo}</arg>
<doc>Fails if ``key`` is not found from ``dictionary``.</doc>
<status status="PASS" start="2024-05-17T10:14:56.213662" elapsed="0.000485"/>
</kw>
<kw name="Log" owner="BuiltIn">
<msg time="2024-05-17T10:14:56.214580" level="INFO">username</msg>
<arg>${keyTwo}</arg>
<doc>Logs the given message with the given level.</doc>
<status status="PASS" start="2024-05-17T10:14:56.214450" elapsed="0.000172"/>
</kw>
<var name="${keyTwo}">username</var>
<status status="PASS" start="2024-05-17T10:14:56.212779" elapsed="0.002060"/>
</iter>
<iter>
<kw name="Dictionary Should Contain Key" owner="Collections">
<msg time="2024-05-17T10:14:56.215590" level="INFO">False</msg>
<arg>${json_data['results'][0]['login']}</arg>
<arg>${keyTwo}</arg>
<doc>Fails if ``key`` is not found from ``dictionary``.</doc>
<status status="PASS" start="2024-05-17T10:14:56.215120" elapsed="0.000510"/>
</kw>
<kw name="Dictionary Should Contain Key" owner="Collections">
<msg time="2024-05-17T10:14:56.216306" level="INFO">False</msg>
<arg>${json_data['results'][0]['login']}</arg>
<arg>${keyTwo}</arg>
<doc>Fails if ``key`` is not found from ``dictionary``.</doc>
<status status="PASS" start="2024-05-17T10:14:56.215928" elapsed="0.000414"/>
</kw>
<kw name="Log" owner="BuiltIn">
<msg time="2024-05-17T10:14:56.216761" level="INFO">password</msg>
<arg>${keyTwo}</arg>
<doc>Logs the given message with the given level.</doc>
<status status="PASS" start="2024-05-17T10:14:56.216634" elapsed="0.000163"/>
</kw>
<var name="${keyTwo}">password</var>
<status status="PASS" start="2024-05-17T10:14:56.215011" elapsed="0.002013"/>
</iter>
<var>${keyTwo}</var>
<value>@{expected_keysTwo}</value>
<status status="PASS" start="2024-05-17T10:14:56.212628" elapsed="0.004526"/>
</for>
<status status="PASS" start="2024-05-17T10:14:56.011488" elapsed="0.205805"/>
</kw>
<doc>Testa a estrutura da resposta da API.</doc>
<tag>testeEstruturaResposta</tag>
<status status="PASS" start="2024-05-17T10:14:56.010993" elapsed="0.206461"/>
</test>
<test id="s1-s1-t4" name="Validar tipos de dados" line="28">
<kw name="Teste de Tipos de Dados" owner="random-user-service">
<kw name="GET On Session" owner="RequestsLibrary">
<msg time="2024-05-17T10:14:56.319589" level="INFO">GET Request : url=https://randomuser.me/api 
 path_url=/api 
 headers={'User-Agent': 'python-requests/2.31.0', 'Accept-Encoding': 'gzip, deflate', 'Accept': '*/*', 'Connection': 'keep-alive'} 
 body=None 
 </msg>
<msg time="2024-05-17T10:14:56.319675" level="INFO">GET Response : url=https://randomuser.me/api 
 status=200, reason=OK 
 headers={'Date': 'Fri, 17 May 2024 10:14:56 GMT', 'Content-Type': 'application/json; charset=utf-8', 'Transfer-Encoding': 'chunked', 'Connection': 'keep-alive', 'X-Powered-By': 'Express', 'Access-Control-Allow-Origin': '*', 'Cache-Control': 'no-cache', 'ETag': 'W/"478-tlfp0uNJ3gi8UbBZ+r+h5x2z5X0"', 'Vary': 'Accept-Encoding', 'Content-Encoding': 'gzip', 'CF-Cache-Status': 'DYNAMIC', 'Report-To': '{"endpoints":[{"url":"https:\\/\\/a.nel.cloudflare.com\\/report\\/v4?s=qF6QqPQSor%2BXuWk3pckNiRn2IIoav8btq0wqMhThtIAHL5vaicmT3yIyUi%2F%2BtnSHnt7pVNNYIrL%2F2C%2FGNjQ26QHGafYljppml5YB9qskJrxL%2B%2BYMuArup1AY1Yt089gi"}],"group":"cf-nel","max_age":604800}', 'NEL': '{"success_fraction":0,"report_to":"cf-nel","max_age":604800}', 'Server': 'cloudflare', 'CF-RAY': '8852d7e96e189e6e-SJC', 'alt-svc': 'h3=":443"; ma=86400'} 
 body={"results":[{"gender":"male","name":{"title":"Mr","first":"پرهام","last":"مرادی"},"location":{"street":{"number":6094,"name":"میدان امام خمینی"},"city":"اهواز","state":"ایلام","country":"Iran","postcode":17693,"coordinates":{"latitude":"13.4552","longitude":"-37.2120"},"timezone":{"offset":"-9:00","description":"Alaska"}},"email":"prhm.mrdy@example.com","login":{"uuid":"f929a221-a162-4ba6-aff2-6b07e2c1fdee","username":"whitedog456","password":"wallet","salt":"NgyiSPx6","md5":"8c1a31e7dfa291e10b354e362b645b70","sha1":"953617675ddd60720d3f2588c959114dceddbd67","sha256":"ef7331ffa11ce087ac70a3f0b0e799e80267b48ce8fb96634a4d846f9346beb4"},"dob":{"date":"1985-05-05T17:37:44.840Z","age":39},"registered":{"date":"2002-09-16T06:35:31.871Z","age":21},"phone":"081-71989953","cell":"0971-513-7555","id":{"name":"","value":null},"picture":{"large":"https://randomuser.me/api/portraits/men/48.jpg","medium":"https://randomuser.me/api/portraits/med/men/48.jpg","thumbnail":"https://randomuser.me/api/portraits/thumb/men/48.jpg"},"nat":"IR"}],"info":{"seed":"16c886828d45a5f3","results":1,"page":1,"version":"1.4"}} 
 </msg>
<msg time="2024-05-17T10:14:56.319747" level="INFO">/opt/hostedtoolcache/Python/3.12.3/x64/lib/python3.12/site-packages/urllib3/connectionpool.py:1103: InsecureRequestWarning: Unverified HTTPS request is being made to host 'randomuser.me'. Adding certificate verification is strongly advised. See: https://urllib3.readthedocs.io/en/latest/advanced-usage.html#tls-warnings
  warnings.warn(</msg>
<msg time="2024-05-17T10:14:56.319872" level="INFO">${response} = &lt;Response [200]&gt;</msg>
<var>${response}</var>
<arg>consultarAPI</arg>
<arg>/api</arg>
<doc>Sends a GET request on a previously created HTTP Session.</doc>
<status status="PASS" start="2024-05-17T10:14:56.219993" elapsed="0.099944"/>
</kw>
<kw name="Set Variable" owner="BuiltIn">
<msg time="2024-05-17T10:14:56.320859" level="INFO">${json_data} = {'results': [{'gender': 'male', 'name': {'title': 'Mr', 'first': 'پرهام', 'last': 'مرادی'}, 'location': {'street': {'number': 6094, 'name': 'میدان امام خمینی'}, 'city': 'اهواز', 'state': 'ایلام', 'cou...</msg>
<var>${json_data}</var>
<arg>${response.json()}</arg>
<doc>Returns the given values which can then be assigned to a variables.</doc>
<status status="PASS" start="2024-05-17T10:14:56.320366" elapsed="0.000525"/>
</kw>
<kw name="Log" owner="BuiltIn">
<msg time="2024-05-17T10:14:56.321363" level="INFO">{'results': [{'gender': 'male', 'name': {'title': 'Mr', 'first': 'پرهام', 'last': 'مرادی'}, 'location': {'street': {'number': 6094, 'name': 'میدان امام خمینی'}, 'city': 'اهواز', 'state': 'ایلام', 'country': 'Iran', 'postcode': 17693, 'coordinates': {'latitude': '13.4552', 'longitude': '-37.2120'}, 'timezone': {'offset': '-9:00', 'description': 'Alaska'}}, 'email': 'prhm.mrdy@example.com', 'login': {'uuid': 'f929a221-a162-4ba6-aff2-6b07e2c1fdee', 'username': 'whitedog456', 'password': 'wallet', 'salt': 'NgyiSPx6', 'md5': '8c1a31e7dfa291e10b354e362b645b70', 'sha1': '953617675ddd60720d3f2588c959114dceddbd67', 'sha256': 'ef7331ffa11ce087ac70a3f0b0e799e80267b48ce8fb96634a4d846f9346beb4'}, 'dob': {'date': '1985-05-05T17:37:44.840Z', 'age': 39}, 'registered': {'date': '2002-09-16T06:35:31.871Z', 'age': 21}, 'phone': '081-71989953', 'cell': '0971-513-7555', 'id': {'name': '', 'value': None}, 'picture': {'large': 'https://randomuser.me/api/portraits/men/48.jpg', 'medium': 'https://randomuser.me/api/portraits/med/men/48.jpg', 'thumbnail': 'https://randomuser.me/api/portraits/thumb/men/48.jpg'}, 'nat': 'IR'}], 'info': {'seed': '16c886828d45a5f3', 'results': 1, 'page': 1, 'version': '1.4'}}</msg>
<arg>${json_data}</arg>
<doc>Logs the given message with the given level.</doc>
<status status="PASS" start="2024-05-17T10:14:56.321203" elapsed="0.000244"/>
</kw>
<kw name="Should Be String" owner="String">
<arg>${json_data['results'][0]['gender']}</arg>
<doc>Fails if the given ``item`` is not a string.</doc>
<status status="PASS" start="2024-05-17T10:14:56.321789" elapsed="0.000363"/>
</kw>
<kw name="Should Match Regexp" owner="BuiltIn">
<arg>${json_data['results'][0]['email']}</arg>
<arg>^[a-zA-Z0-9._%+-]+@[a-zA-Z0-9.-]+\.[a-zA-Z]{2,}$</arg>
<doc>Fails if ``string`` does not match ``pattern`` as a regular expression.</doc>
<status status="PASS" start="2024-05-17T10:14:56.322344" elapsed="0.000519"/>
</kw>
<kw name="Should Match Regexp" owner="BuiltIn">
<arg>${json_data['results'][0]['dob']['date']}</arg>
<arg>\\d{4}-\\d{2}-\\d{2}T\\d{2}:\\d{2}:\\d{2}\\.\\d{3}Z</arg>
<doc>Fails if ``string`` does not match ``pattern`` as a regular expression.</doc>
<status status="PASS" start="2024-05-17T10:14:56.323064" elapsed="0.000489"/>
</kw>
<kw name="Should Match Regexp" owner="BuiltIn">
<arg>${json_data['results'][0]['registered']['date']}</arg>
<arg>\\d{4}-\\d{2}-\\d{2}T\\d{2}:\\d{2}:\\d{2}\\.\\d{3}Z</arg>
<doc>Fails if ``string`` does not match ``pattern`` as a regular expression.</doc>
<status status="PASS" start="2024-05-17T10:14:56.323747" elapsed="0.000363"/>
</kw>
<kw name="Should Match Regexp" owner="BuiltIn">
<arg>${json_data['results'][0]['picture']['large']}</arg>
<arg>^https?://.*\.(?:png|jpe?g|gif|bmp)$</arg>
<doc>Fails if ``string`` does not match ``pattern`` as a regular expression.</doc>
<status status="PASS" start="2024-05-17T10:14:56.324303" elapsed="0.000463"/>
</kw>
<kw name="Should Match Regexp" owner="BuiltIn">
<arg>${json_data['results'][0]['picture']['medium']}</arg>
<arg>^https?://.*\.(?:png|jpe?g|gif|bmp)$</arg>
<doc>Fails if ``string`` does not match ``pattern`` as a regular expression.</doc>
<status status="PASS" start="2024-05-17T10:14:56.324955" elapsed="0.000362"/>
</kw>
<kw name="Should Match Regexp" owner="BuiltIn">
<arg>${json_data['results'][0]['picture']['thumbnail']}</arg>
<arg>^https?://.*\.(?:png|jpe?g|gif|bmp)$</arg>
<doc>Fails if ``string`` does not match ``pattern`` as a regular expression.</doc>
<status status="PASS" start="2024-05-17T10:14:56.325510" elapsed="0.000391"/>
</kw>
<kw name="Log" owner="BuiltIn">
<msg time="2024-05-17T10:14:56.326406" level="INFO">{'large': 'https://randomuser.me/api/portraits/men/48.jpg', 'medium': 'https://randomuser.me/api/portraits/med/men/48.jpg', 'thumbnail': 'https://randomuser.me/api/portraits/thumb/men/48.jpg'}</msg>
<arg>${json_data['results'][0]['picture']}</arg>
<doc>Logs the given message with the given level.</doc>
<status status="PASS" start="2024-05-17T10:14:56.326084" elapsed="0.000363"/>
</kw>
<status status="PASS" start="2024-05-17T10:14:56.219767" elapsed="0.106934"/>
</kw>
<kw name="Teste de Tipos de Dados - Postcode" owner="random-user-service">
<kw name="GET On Session" owner="RequestsLibrary">
<msg time="2024-05-17T10:14:56.410895" level="INFO">GET Request : url=https://randomuser.me/api 
 path_url=/api 
 headers={'User-Agent': 'python-requests/2.31.0', 'Accept-Encoding': 'gzip, deflate', 'Accept': '*/*', 'Connection': 'keep-alive'} 
 body=None 
 </msg>
<msg time="2024-05-17T10:14:56.410963" level="INFO">GET Response : url=https://randomuser.me/api 
 status=200, reason=OK 
 headers={'Date': 'Fri, 17 May 2024 10:14:56 GMT', 'Content-Type': 'application/json; charset=utf-8', 'Transfer-Encoding': 'chunked', 'Connection': 'keep-alive', 'X-Powered-By': 'Express', 'Access-Control-Allow-Origin': '*', 'Cache-Control': 'no-cache', 'ETag': 'W/"488-r1T80k2GUVf49o+cNOnxdztr06k"', 'Vary': 'Accept-Encoding', 'Content-Encoding': 'gzip', 'CF-Cache-Status': 'DYNAMIC', 'Report-To': '{"endpoints":[{"url":"https:\\/\\/a.nel.cloudflare.com\\/report\\/v4?s=u4cUowxag2Q835Hs1GrWGodowYm9e3vXwGT2PEJXf7JDAKcbUXsSKsnCMDljVvmfa3%2Bfey64YdSPttwdvS%2Ft7IjcPsSH75ZSzXha7tp5JzTpR0AuuoN3jVSoVAVRh37n"}],"group":"cf-nel","max_age":604800}', 'NEL': '{"success_fraction":0,"report_to":"cf-nel","max_age":604800}', 'Server': 'cloudflare', 'CF-RAY': '8852d7ea1e839e6e-SJC', 'alt-svc': 'h3=":443"; ma=86400'} 
 body={"results":[{"gender":"female","name":{"title":"Mrs","first":"Catalina","last":"Rodríguez"},"location":{"street":{"number":8300,"name":"Calle de Argumosa"},"city":"Lugo","state":"Castilla la Mancha","country":"Spain","postcode":48189,"coordinates":{"latitude":"-34.1488","longitude":"179.3338"},"timezone":{"offset":"+4:30","description":"Kabul"}},"email":"catalina.rodriguez@example.com","login":{"uuid":"3c8ad574-6145-4ab9-b176-b9c73123a13f","username":"happypanda655","password":"jimmys","salt":"esuNSM8f","md5":"2b6fe56505dfa49affc3f87737b7ecaa","sha1":"6a684b40cab1c4f6901c99daf46ddf95a7f38bcc","sha256":"8cbf1dc27ed1ff0d24979f2932ee403b4aad7d47ee14dbf5610baf6b5de8c0a8"},"dob":{"date":"1987-03-29T03:44:57.514Z","age":37},"registered":{"date":"2012-03-05T01:30:03.456Z","age":12},"phone":"911-261-299","cell":"603-676-184","id":{"name":"DNI","value":"35365887-B"},"picture":{"large":"https://randomuser.me/api/portraits/women/21.jpg","medium":"https://randomuser.me/api/portraits/med/women/21.jpg","thumbnail":"https://randomuser.me/api/portraits/thumb/women/21.jpg"},"nat":"ES"}],"info":{"seed":"adf93c3d95452a9f","results":1,"page":1,"version":"1.4"}} 
 </msg>
<msg time="2024-05-17T10:14:56.411023" level="INFO">/opt/hostedtoolcache/Python/3.12.3/x64/lib/python3.12/site-packages/urllib3/connectionpool.py:1103: InsecureRequestWarning: Unverified HTTPS request is being made to host 'randomuser.me'. Adding certificate verification is strongly advised. See: https://urllib3.readthedocs.io/en/latest/advanced-usage.html#tls-warnings
  warnings.warn(</msg>
<msg time="2024-05-17T10:14:56.411134" level="INFO">${response} = &lt;Response [200]&gt;</msg>
<var>${response}</var>
<arg>consultarAPI</arg>
<arg>/api</arg>
<doc>Sends a GET request on a previously created HTTP Session.</doc>
<status status="PASS" start="2024-05-17T10:14:56.327146" elapsed="0.084026"/>
</kw>
<kw name="Set Variable" owner="BuiltIn">
<msg time="2024-05-17T10:14:56.412027" level="INFO">${json_data} = {'results': [{'gender': 'female', 'name': {'title': 'Mrs', 'first': 'Catalina', 'last': 'Rodríguez'}, 'location': {'street': {'number': 8300, 'name': 'Calle de Argumosa'}, 'city': 'Lugo', 'state': 'Ca...</msg>
<var>${json_data}</var>
<arg>${response.json()}</arg>
<doc>Returns the given values which can then be assigned to a variables.</doc>
<status status="PASS" start="2024-05-17T10:14:56.411550" elapsed="0.000507"/>
</kw>
<kw name="Log" owner="BuiltIn">
<msg time="2024-05-17T10:14:56.412530" level="INFO">{'results': [{'gender': 'female', 'name': {'title': 'Mrs', 'first': 'Catalina', 'last': 'Rodríguez'}, 'location': {'street': {'number': 8300, 'name': 'Calle de Argumosa'}, 'city': 'Lugo', 'state': 'Castilla la Mancha', 'country': 'Spain', 'postcode': 48189, 'coordinates': {'latitude': '-34.1488', 'longitude': '179.3338'}, 'timezone': {'offset': '+4:30', 'description': 'Kabul'}}, 'email': 'catalina.rodriguez@example.com', 'login': {'uuid': '3c8ad574-6145-4ab9-b176-b9c73123a13f', 'username': 'happypanda655', 'password': 'jimmys', 'salt': 'esuNSM8f', 'md5': '2b6fe56505dfa49affc3f87737b7ecaa', 'sha1': '6a684b40cab1c4f6901c99daf46ddf95a7f38bcc', 'sha256': '8cbf1dc27ed1ff0d24979f2932ee403b4aad7d47ee14dbf5610baf6b5de8c0a8'}, 'dob': {'date': '1987-03-29T03:44:57.514Z', 'age': 37}, 'registered': {'date': '2012-03-05T01:30:03.456Z', 'age': 12}, 'phone': '911-261-299', 'cell': '603-676-184', 'id': {'name': 'DNI', 'value': '35365887-B'}, 'picture': {'large': 'https://randomuser.me/api/portraits/women/21.jpg', 'medium': 'https://randomuser.me/api/portraits/med/women/21.jpg', 'thumbnail': 'https://randomuser.me/api/portraits/thumb/women/21.jpg'}, 'nat': 'ES'}], 'info': {'seed': 'adf93c3d95452a9f', 'results': 1, 'page': 1, 'version': '1.4'}}</msg>
<arg>${json_data}</arg>
<doc>Logs the given message with the given level.</doc>
<status status="PASS" start="2024-05-17T10:14:56.412370" elapsed="0.000240"/>
</kw>
<kw name="Should Be Equal As Numbers" owner="BuiltIn">
<arg>${json_data['results'][0]['location']['postcode']}</arg>
<arg>${json_data['results'][0]['location']['postcode']}</arg>
<doc>Fails if objects are unequal after converting them to real numbers.</doc>
<status status="PASS" start="2024-05-17T10:14:56.413063" elapsed="0.000670"/>
</kw>
<kw name="Log" owner="BuiltIn">
<msg time="2024-05-17T10:14:56.414269" level="INFO">48189</msg>
<arg>${json_data['results'][0]['location']['postcode']}</arg>
<doc>Logs the given message with the given level.</doc>
<status status="PASS" start="2024-05-17T10:14:56.413929" elapsed="0.000381"/>
</kw>
<status status="PASS" start="2024-05-17T10:14:56.326921" elapsed="0.087649"/>
</kw>
<doc>Testa se os tipos de dados na resposta da API estão corretos.</doc>
<tag>testeTiposDados</tag>
<status status="PASS" start="2024-05-17T10:14:56.219233" elapsed="0.195506"/>
</test>
<test id="s1-s1-t5" name="Validar conteudo" line="35">
<kw name="Teste de Tipos de Conteudo" owner="random-user-service">
<kw name="GET On Session" owner="RequestsLibrary">
<msg time="2024-05-17T10:14:56.511292" level="INFO">GET Request : url=https://randomuser.me/api 
 path_url=/api 
 headers={'User-Agent': 'python-requests/2.31.0', 'Accept-Encoding': 'gzip, deflate', 'Accept': '*/*', 'Connection': 'keep-alive'} 
 body=None 
 </msg>
<msg time="2024-05-17T10:14:56.511373" level="INFO">GET Response : url=https://randomuser.me/api 
 status=200, reason=OK 
 headers={'Date': 'Fri, 17 May 2024 10:14:56 GMT', 'Content-Type': 'application/json; charset=utf-8', 'Transfer-Encoding': 'chunked', 'Connection': 'keep-alive', 'X-Powered-By': 'Express', 'Access-Control-Allow-Origin': '*', 'Cache-Control': 'no-cache', 'ETag': 'W/"495-V4+UwQHTdMVdlz2quVW4vVYMegY"', 'Vary': 'Accept-Encoding', 'Content-Encoding': 'gzip', 'CF-Cache-Status': 'DYNAMIC', 'Report-To': '{"endpoints":[{"url":"https:\\/\\/a.nel.cloudflare.com\\/report\\/v4?s=%2BtDbSZ7iNZyROKZvPV63S9m4ADYYZGdqcjnUyrr8dFqXNMtLafsmqX9Cg7WSLd9nz%2FwnpS4f5XsY8VWv3QDw594V3P%2FdG%2Fk%2B%2FSrGD3TyCXdHEbP6Cto1MONit387z6yz"}],"group":"cf-nel","max_age":604800}', 'NEL': '{"success_fraction":0,"report_to":"cf-nel","max_age":604800}', 'Server': 'cloudflare', 'CF-RAY': '8852d7eaaecd9e6e-SJC', 'alt-svc': 'h3=":443"; ma=86400'} 
 body={"results":[{"gender":"female","name":{"title":"Ms","first":"Vlasta","last":"Gulyak"},"location":{"street":{"number":7835,"name":"Ulasa Samchuka"},"city":"Petrovo-Krasnosillya","state":"Vinnicka","country":"Ukraine","postcode":91057,"coordinates":{"latitude":"79.5272","longitude":"70.0340"},"timezone":{"offset":"+4:00","description":"Abu Dhabi, Muscat, Baku, Tbilisi"}},"email":"vlasta.gulyak@example.com","login":{"uuid":"33bacca0-ee36-4e87-864f-dd645cb0074c","username":"yellowswan872","password":"deanna","salt":"7oz6HEdz","md5":"d9e9dcfdeb22d6e5775af5acc397d36d","sha1":"a27a451588f9955ea75d18c98a05fde2fac4d325","sha256":"d7b46d910eb54ddbad67a76efb59638e7cbc0338a017b8772808c0199d1722db"},"dob":{"date":"1966-08-06T09:40:29.514Z","age":57},"registered":{"date":"2007-04-29T17:32:01.488Z","age":17},"phone":"(098) S00-4272","cell":"(098) Q98-0128","id":{"name":"","value":null},"picture":{"large":"https://randomuser.me/api/portraits/women/32.jpg","medium":"https://randomuser.me/api/portraits/med/women/32.jpg","thumbnail":"https://randomuser.me/api/portraits/thumb/women/32.jpg"},"nat":"UA"}],"info":{"seed":"6ee41e82e8debabf","results":1,"page":1,"version":"1.4"}} 
 </msg>
<msg time="2024-05-17T10:14:56.511442" level="INFO">/opt/hostedtoolcache/Python/3.12.3/x64/lib/python3.12/site-packages/urllib3/connectionpool.py:1103: InsecureRequestWarning: Unverified HTTPS request is being made to host 'randomuser.me'. Adding certificate verification is strongly advised. See: https://urllib3.readthedocs.io/en/latest/advanced-usage.html#tls-warnings
  warnings.warn(</msg>
<msg time="2024-05-17T10:14:56.511572" level="INFO">${response} = &lt;Response [200]&gt;</msg>
<var>${response}</var>
<arg>consultarAPI</arg>
<arg>/api</arg>
<doc>Sends a GET request on a previously created HTTP Session.</doc>
<status status="PASS" start="2024-05-17T10:14:56.417263" elapsed="0.094358"/>
</kw>
<kw name="Set Variable" owner="BuiltIn">
<msg time="2024-05-17T10:14:56.512562" level="INFO">${json_data} = {'results': [{'gender': 'female', 'name': {'title': 'Ms', 'first': 'Vlasta', 'last': 'Gulyak'}, 'location': {'street': {'number': 7835, 'name': 'Ulasa Samchuka'}, 'city': 'Petrovo-Krasnosillya', 'stat...</msg>
<var>${json_data}</var>
<arg>${response.json()}</arg>
<doc>Returns the given values which can then be assigned to a variables.</doc>
<status status="PASS" start="2024-05-17T10:14:56.512108" elapsed="0.000481"/>
</kw>
<kw name="Set Variable" owner="BuiltIn">
<msg time="2024-05-17T10:14:56.513272" level="INFO">${name_title} = Ms</msg>
<var>${name_title}</var>
<arg>${json_data["results"][0]["name"]["title"]}</arg>
<doc>Returns the given values which can then be assigned to a variables.</doc>
<status status="PASS" start="2024-05-17T10:14:56.512894" elapsed="0.000403"/>
</kw>
<kw name="Create List" owner="BuiltIn">
<msg time="2024-05-17T10:14:56.513792" level="INFO">${allowed_titles} = ['Mr', 'Ms', 'Miss', 'Mrs', 'Madame', 'Monsieur']</msg>
<var>${allowed_titles}</var>
<arg>Mr</arg>
<arg>Ms</arg>
<arg>Miss</arg>
<arg>Mrs</arg>
<arg>Madame</arg>
<arg>Monsieur</arg>
<doc>Returns a list containing given items.</doc>
<status status="PASS" start="2024-05-17T10:14:56.513642" elapsed="0.000175"/>
</kw>
<kw name="List Should Contain Value" owner="Collections">
<msg time="2024-05-17T10:14:56.514286" level="INFO">False</msg>
<arg>${allowed_titles}</arg>
<arg>${name_title}</arg>
<doc>Fails if the ``value`` is not found from ``list``.</doc>
<status status="PASS" start="2024-05-17T10:14:56.514114" elapsed="0.000207"/>
</kw>
<kw name="Set Variable" owner="BuiltIn">
<msg time="2024-05-17T10:14:56.514991" level="INFO">${name_country} = UA</msg>
<var>${name_country}</var>
<arg>${json_data["results"][0]["nat"]}</arg>
<doc>Returns the given values which can then be assigned to a variables.</doc>
<status status="PASS" start="2024-05-17T10:14:56.514612" elapsed="0.000403"/>
</kw>
<kw name="Create List" owner="BuiltIn">
<msg time="2024-05-17T10:14:56.515913" level="INFO">${list_country} = ['AD', 'AE', 'AF', 'AG', 'AI', 'AL', 'AM', 'AO', 'AQ', 'AR', 'AS', 'AT', 'AU', 'AW', 'AX', 'AZ', 'BA', 'BB', 'BD', 'BE', 'BF', 'BG', 'BH', 'BI', 'BJ', 'BL', 'BM', 'BN', 'BO', 'BQ', 'BR', 'BS', 'BT', '...</msg>
<var>${list_country}</var>
<arg>AD</arg>
<arg>AE</arg>
<arg>AF</arg>
<arg>AG</arg>
<arg>AI</arg>
<arg>AL</arg>
<arg>AM</arg>
<arg>AO</arg>
<arg>AQ</arg>
<arg>AR</arg>
<arg>AS</arg>
<arg>AT</arg>
<arg>AU</arg>
<arg>AW</arg>
<arg>AX</arg>
<arg>AZ</arg>
<arg>BA</arg>
<arg>BB</arg>
<arg>BD</arg>
<arg>BE</arg>
<arg>BF</arg>
<arg>BG</arg>
<arg>BH</arg>
<arg>BI</arg>
<arg>BJ</arg>
<arg>BL</arg>
<arg>BM</arg>
<arg>BN</arg>
<arg>BO</arg>
<arg>BQ</arg>
<arg>BR</arg>
<arg>BS</arg>
<arg>BT</arg>
<arg>BV</arg>
<arg>BW</arg>
<arg>BY</arg>
<arg>BZ</arg>
<arg>CA</arg>
<arg>CC</arg>
<arg>CD</arg>
<arg>CF</arg>
<arg>CG</arg>
<arg>CH</arg>
<arg>CI</arg>
<arg>CK</arg>
<arg>CL</arg>
<arg>CM</arg>
<arg>CN</arg>
<arg>CO</arg>
<arg>CR</arg>
<arg>CU</arg>
<arg>CV</arg>
<arg>CW</arg>
<arg>CX</arg>
<arg>CY</arg>
<arg>CZ</arg>
<arg>DE</arg>
<arg>DJ</arg>
<arg>DK</arg>
<arg>DM</arg>
<arg>DO</arg>
<arg>DZ</arg>
<arg>EC</arg>
<arg>EE</arg>
<arg>EG</arg>
<arg>EH</arg>
<arg>ER</arg>
<arg>ES</arg>
<arg>ET</arg>
<arg>FI</arg>
<arg>FJ</arg>
<arg>FK</arg>
<arg>FM</arg>
<arg>FO</arg>
<arg>FR</arg>
<arg>GA</arg>
<arg>GB</arg>
<arg>GD</arg>
<arg>GE</arg>
<arg>GF</arg>
<arg>GG</arg>
<arg>GH</arg>
<arg>GI</arg>
<arg>GL</arg>
<arg>GM</arg>
<arg>GN</arg>
<arg>GP</arg>
<arg>GQ</arg>
<arg>GR</arg>
<arg>GS</arg>
<arg>GT</arg>
<arg>GU</arg>
<arg>GW</arg>
<arg>GY</arg>
<arg>HK</arg>
<arg>HM</arg>
<arg>HN</arg>
<arg>HR</arg>
<arg>HT</arg>
<arg>HU</arg>
<arg>ID</arg>
<arg>IE</arg>
<arg>IL</arg>
<arg>IM</arg>
<arg>IN</arg>
<arg>IO</arg>
<arg>IQ</arg>
<arg>IR</arg>
<arg>IS</arg>
<arg>IT</arg>
<arg>JE</arg>
<arg>JM</arg>
<arg>JO</arg>
<arg>JP</arg>
<arg>KE</arg>
<arg>KG</arg>
<arg>KH</arg>
<arg>KI</arg>
<arg>KM</arg>
<arg>KN</arg>
<arg>KP</arg>
<arg>KR</arg>
<arg>KW</arg>
<arg>KY</arg>
<arg>KZ</arg>
<arg>LA</arg>
<arg>LB</arg>
<arg>LC</arg>
<arg>LI</arg>
<arg>LK</arg>
<arg>LR</arg>
<arg>LS</arg>
<arg>LT</arg>
<arg>LU</arg>
<arg>LV</arg>
<arg>LY</arg>
<arg>MA</arg>
<arg>MC</arg>
<arg>MD</arg>
<arg>ME</arg>
<arg>MF</arg>
<arg>MG</arg>
<arg>MH</arg>
<arg>MK</arg>
<arg>ML</arg>
<arg>MM</arg>
<arg>MN</arg>
<arg>MO</arg>
<arg>MP</arg>
<arg>MQ</arg>
<arg>MR</arg>
<arg>MS</arg>
<arg>MT</arg>
<arg>MU</arg>
<arg>MV</arg>
<arg>MW</arg>
<arg>MX</arg>
<arg>MY</arg>
<arg>MZ</arg>
<arg>NA</arg>
<arg>NC</arg>
<arg>NE</arg>
<arg>NF</arg>
<arg>NG</arg>
<arg>NI</arg>
<arg>NL</arg>
<arg>NO</arg>
<arg>NP</arg>
<arg>NR</arg>
<arg>NU</arg>
<arg>NZ</arg>
<arg>OM</arg>
<arg>PA</arg>
<arg>PE</arg>
<arg>PF</arg>
<arg>PG</arg>
<arg>PH</arg>
<arg>PK</arg>
<arg>PL</arg>
<arg>PM</arg>
<arg>PN</arg>
<arg>PR</arg>
<arg>PS</arg>
<arg>PT</arg>
<arg>PW</arg>
<arg>PY</arg>
<arg>QA</arg>
<arg>RE</arg>
<arg>RO</arg>
<arg>RS</arg>
<arg>RU</arg>
<arg>RW</arg>
<arg>SA</arg>
<arg>SB</arg>
<arg>SC</arg>
<arg>SD</arg>
<arg>SE</arg>
<arg>SG</arg>
<arg>SH</arg>
<arg>SI</arg>
<arg>SJ</arg>
<arg>SK</arg>
<arg>SL</arg>
<arg>SM</arg>
<arg>SN</arg>
<arg>SO</arg>
<arg>SR</arg>
<arg>SS</arg>
<arg>ST</arg>
<arg>SV</arg>
<arg>SX</arg>
<arg>SY</arg>
<arg>SZ</arg>
<arg>TC</arg>
<arg>TD</arg>
<arg>TF</arg>
<arg>TG</arg>
<arg>TH</arg>
<arg>TJ</arg>
<arg>TK</arg>
<arg>TL</arg>
<arg>TM</arg>
<arg>TN</arg>
<arg>TO</arg>
<arg>TR</arg>
<arg>TT</arg>
<arg>TV</arg>
<arg>TW</arg>
<arg>TZ</arg>
<arg>UA</arg>
<arg>UG</arg>
<arg>UM</arg>
<arg>US</arg>
<arg>UY</arg>
<arg>UZ</arg>
<arg>VA</arg>
<arg>VC</arg>
<arg>VE</arg>
<arg>VG</arg>
<arg>VI</arg>
<arg>VN</arg>
<arg>VU</arg>
<arg>WF</arg>
<arg>WS</arg>
<arg>XK</arg>
<arg>YE</arg>
<arg>YT</arg>
<arg>ZA</arg>
<arg>ZM</arg>
<arg>ZW</arg>
<doc>Returns a list containing given items.</doc>
<status status="PASS" start="2024-05-17T10:14:56.515314" elapsed="0.000623"/>
</kw>
<kw name="List Should Contain Value" owner="Collections">
<msg time="2024-05-17T10:14:56.516921" level="INFO">False</msg>
<arg>${list_country}</arg>
<arg>${name_country}</arg>
<doc>Fails if the ``value`` is not found from ``list``.</doc>
<status status="PASS" start="2024-05-17T10:14:56.516721" elapsed="0.000235"/>
</kw>
<kw name="Run Keyword If" owner="BuiltIn">
<kw name="Should Be True" owner="BuiltIn">
<arg>${True}</arg>
<doc>Fails if the given condition is not true.</doc>
<status status="PASS" start="2024-05-17T10:14:56.518059" elapsed="0.000245"/>
</kw>
<arg>${json_data["results"][0]["location"]["coordinates"]["latitude"]} &gt;= -90 and ${json_data["results"][0]["location"]["coordinates"]["latitude"]} &lt;= 90</arg>
<arg>Should Be True</arg>
<arg>${True}</arg>
<doc>Runs the given keyword with the given arguments, if ``condition`` is true.</doc>
<status status="PASS" start="2024-05-17T10:14:56.517273" elapsed="0.001164"/>
</kw>
<kw name="Run Keyword If" owner="BuiltIn">
<kw name="Should Be True" owner="BuiltIn">
<arg>${True}</arg>
<doc>Fails if the given condition is not true.</doc>
<status status="PASS" start="2024-05-17T10:14:56.519329" elapsed="0.000137"/>
</kw>
<arg>${json_data["results"][0]["location"]["coordinates"]["longitude"]} &gt;= -180 and ${json_data["results"][0]["location"]["coordinates"]["longitude"]} &lt;= 180</arg>
<arg>Should Be True</arg>
<arg>${True}</arg>
<doc>Runs the given keyword with the given arguments, if ``condition`` is true.</doc>
<status status="PASS" start="2024-05-17T10:14:56.518624" elapsed="0.000964"/>
</kw>
<status status="PASS" start="2024-05-17T10:14:56.417037" elapsed="0.102678"/>
</kw>
<doc>Testa o conteúdo específico dos campos retornados pela API.</doc>
<tag>testeConteudo</tag>
<status status="PASS" start="2024-05-17T10:14:56.416498" elapsed="0.103362"/>
</test>
<status status="PASS" start="2024-05-17T10:14:55.535445" elapsed="0.986380"/>
</suite>
<status status="PASS" start="2024-05-17T10:14:55.521834" elapsed="1.005207"/>
</suite>
<statistics>
<total>
<stat pass="5" fail="0" skip="0">All Tests</stat>
</total>
<tag>
<stat pass="1" fail="0" skip="0">testeConteudo</stat>
<stat pass="1" fail="0" skip="0">testeEstruturaResposta</stat>
<stat pass="1" fail="0" skip="0">testeRequisicaoBasica</stat>
<stat pass="1" fail="0" skip="0">testeTiposDados</stat>
</tag>
<suite>
<stat pass="5" fail="0" skip="0" id="s1" name="Tests">Tests</stat>
<stat pass="5" fail="0" skip="0" id="s1-s1" name="Random-User-Test">Tests.Random-User-Test</stat>
</suite>
</statistics>
<errors>
</errors>
</robot>
