<?xml version="1.0" encoding="UTF-8"?>
<robot generator="Robot 7.0 (Python 3.12.2 on linux)" generated="2024-03-28T23:13:49.256062" rpa="false" schemaversion="5">
<suite id="s1" name="Tests" source="/home/runner/work/DesafioQAItauRogerioJordao/DesafioQAItauRogerioJordao/RamdonUser/tests">
<suite id="s1-s1" name="Random-User-Test" source="/home/runner/work/DesafioQAItauRogerioJordao/DesafioQAItauRogerioJordao/RamdonUser/tests/random-user-test.robot">
<test id="s1-s1-t1" name="Conectar" line="13">
<kw name="Conectar API" owner="random-user-service">
<kw name="Create Session" owner="RequestsLibrary">
<msg time="2024-03-28T23:13:49.676229" level="INFO">Creating Session using : alias=consultarAPI, url=https://randomuser.me/, headers={},                     cookies={}, auth=None, timeout=None, proxies=None, verify=False,                     debug=0 </msg>
<arg>consultarAPI</arg>
<arg>${URL}</arg>
<doc>Create Session: create a HTTP session to a server</doc>
<status status="PASS" start="2024-03-28T23:13:49.675973" elapsed="0.000470"/>
</kw>
<status status="PASS" start="2024-03-28T23:13:49.674837" elapsed="0.002010"/>
</kw>
<status status="PASS" start="2024-03-28T23:13:49.674137" elapsed="0.002933"/>
</test>
<test id="s1-s1-t2" name="Validar retorno 200 e JSON Válido" line="16">
<kw name="Teste de Requisicao Basica" owner="random-user-service">
<kw name="GET On Session" owner="RequestsLibrary">
<msg time="2024-03-28T23:13:50.456291" level="INFO">GET Request : url=https://randomuser.me/api 
 path_url=/api 
 headers={'User-Agent': 'python-requests/2.31.0', 'Accept-Encoding': 'gzip, deflate', 'Accept': '*/*', 'Connection': 'keep-alive'} 
 body=None 
 </msg>
<msg time="2024-03-28T23:13:50.456472" level="INFO">GET Response : url=https://randomuser.me/api 
 status=200, reason=OK 
 headers={'Date': 'Thu, 28 Mar 2024 23:13:50 GMT', 'Content-Type': 'application/json; charset=utf-8', 'Transfer-Encoding': 'chunked', 'Connection': 'keep-alive', 'X-Powered-By': 'Express', 'Access-Control-Allow-Origin': '*', 'Cache-Control': 'no-cache', 'ETag': 'W/"49e-2XlbltcLIxMHiXv8JfKWCtRUPfY"', 'Vary': 'Accept-Encoding', 'Content-Encoding': 'gzip', 'CF-Cache-Status': 'DYNAMIC', 'Report-To': '{"endpoints":[{"url":"https:\\/\\/a.nel.cloudflare.com\\/report\\/v4?s=fyyZUQ1Av4JQ%2BtGH%2B6JgKlWlu0QmIDsMhnA%2BpT6YtC%2BowAsWY%2FVcHC29q1bKqfvbMhgvB5qa79ttyZiprSoGBGs6UGdx9DviDHogLuYuu25siA4nw9LRLjWwWMI2O6ic"}],"group":"cf-nel","max_age":604800}', 'NEL': '{"success_fraction":0,"report_to":"cf-nel","max_age":604800}', 'Server': 'cloudflare', 'CF-RAY': '86bb501e589867b3-SJC', 'alt-svc': 'h3=":443"; ma=86400'} 
 body={"results":[{"gender":"male","name":{"title":"Mr","first":"Jesús","last":"Gamboa"},"location":{"street":{"number":9345,"name":"Circuito Rwanda"},"city":"Jocotepec","state":"Quintana Roo","country":"Mexico","postcode":47635,"coordinates":{"latitude":"29.0701","longitude":"-115.6114"},"timezone":{"offset":"+8:00","description":"Beijing, Perth, Singapore, Hong Kong"}},"email":"jesus.gamboa@example.com","login":{"uuid":"75de56b6-3c40-4597-88d6-50c6c5ffc76f","username":"ticklishkoala431","password":"kenneth","salt":"nUrbvLEs","md5":"9c165f2d47b113c8a8a46ba6e4165e18","sha1":"45f7050e5c31a89c5639ea066c84cba3f2a86623","sha256":"39cf416843268ac6b02bfd520b6248d3e647eaa008f54de0d5d66e2b3434aa73"},"dob":{"date":"1947-01-07T02:47:33.685Z","age":77},"registered":{"date":"2017-12-07T10:22:31.643Z","age":6},"phone":"(673) 997 4393","cell":"(656) 323 8417","id":{"name":"NSS","value":"72 64 12 1985 3"},"picture":{"large":"https://randomuser.me/api/portraits/men/43.jpg","medium":"https://randomuser.me/api/portraits/med/men/43.jpg","thumbnail":"https://randomuser.me/api/portraits/thumb/men/43.jpg"},"nat":"MX"}],"info":{"seed":"a9c09f83c31e7833","results":1,"page":1,"version":"1.4"}} 
 </msg>
<msg time="2024-03-28T23:13:50.456594" level="INFO">/opt/hostedtoolcache/Python/3.12.2/x64/lib/python3.12/site-packages/urllib3/connectionpool.py:1103: InsecureRequestWarning: Unverified HTTPS request is being made to host 'randomuser.me'. Adding certificate verification is strongly advised. See: https://urllib3.readthedocs.io/en/latest/advanced-usage.html#tls-warnings
  warnings.warn(</msg>
<msg time="2024-03-28T23:13:50.456758" level="INFO">${response} = &lt;Response [200]&gt;</msg>
<var>${response}</var>
<arg>consultarAPI</arg>
<arg>/api</arg>
<doc>Sends a GET request on a previously created HTTP Session.</doc>
<status status="PASS" start="2024-03-28T23:13:49.679940" elapsed="0.776859"/>
</kw>
<kw name="Should Be Equal As Numbers" owner="BuiltIn">
<msg time="2024-03-28T23:13:50.457967" level="INFO">Argument types are:
&lt;class 'int'&gt;
&lt;class 'str'&gt;</msg>
<arg>${response.status_code}</arg>
<arg>200</arg>
<doc>Fails if objects are unequal after converting them to real numbers.</doc>
<status status="PASS" start="2024-03-28T23:13:50.457481" elapsed="0.000554"/>
</kw>
<kw name="Log" owner="BuiltIn">
<msg time="2024-03-28T23:13:50.458733" level="INFO">200</msg>
<arg>${response.status_code}</arg>
<doc>Logs the given message with the given level.</doc>
<status status="PASS" start="2024-03-28T23:13:50.458371" elapsed="0.000405"/>
</kw>
<kw name="Set Variable" owner="BuiltIn">
<msg time="2024-03-28T23:13:50.459572" level="INFO">${json_data} = {'results': [{'gender': 'male', 'name': {'title': 'Mr', 'first': 'Jesús', 'last': 'Gamboa'}, 'location': {'street': {'number': 9345, 'name': 'Circuito Rwanda'}, 'city': 'Jocotepec', 'state': 'Quintana...</msg>
<var>${json_data}</var>
<arg>${response.json()}</arg>
<doc>Returns the given values which can then be assigned to a variables.</doc>
<status status="PASS" start="2024-03-28T23:13:50.459114" elapsed="0.000487"/>
</kw>
<kw name="Dictionary Should Contain Key" owner="Collections">
<msg time="2024-03-28T23:13:50.460117" level="INFO">False</msg>
<arg>${json_data}</arg>
<arg>results</arg>
<doc>Fails if ``key`` is not found from ``dictionary``.</doc>
<status status="PASS" start="2024-03-28T23:13:50.459912" elapsed="0.000255"/>
</kw>
<status status="PASS" start="2024-03-28T23:13:49.679660" elapsed="0.780793"/>
</kw>
<doc>Testa se a API responde corretamente e retorna um objeto JSON válido.</doc>
<tag>testeRequisicaoBasica</tag>
<status status="PASS" start="2024-03-28T23:13:49.679089" elapsed="0.781555"/>
</test>
<test id="s1-s1-t3" name="Validar estrutura de resposta" line="22">
<kw name="Teste de Estrutura de Resposta" owner="random-user-service">
<kw name="GET On Session" owner="RequestsLibrary">
<msg time="2024-03-28T23:13:50.549885" level="INFO">GET Request : url=https://randomuser.me/api 
 path_url=/api 
 headers={'User-Agent': 'python-requests/2.31.0', 'Accept-Encoding': 'gzip, deflate', 'Accept': '*/*', 'Connection': 'keep-alive'} 
 body=None 
 </msg>
<msg time="2024-03-28T23:13:50.550002" level="INFO">GET Response : url=https://randomuser.me/api 
 status=200, reason=OK 
 headers={'Date': 'Thu, 28 Mar 2024 23:13:50 GMT', 'Content-Type': 'application/json; charset=utf-8', 'Transfer-Encoding': 'chunked', 'Connection': 'keep-alive', 'X-Powered-By': 'Express', 'Access-Control-Allow-Origin': '*', 'Cache-Control': 'no-cache', 'ETag': 'W/"480-CSP8SOaXBa8Nee/W194gvW6/l7g"', 'Vary': 'Accept-Encoding', 'Content-Encoding': 'gzip', 'CF-Cache-Status': 'DYNAMIC', 'Report-To': '{"endpoints":[{"url":"https:\\/\\/a.nel.cloudflare.com\\/report\\/v4?s=Orp%2FzfKT3r9hEiUvk9QjHMkHc%2BUeuMVRe5nS3XO48eNkUqI%2BXNw2yWMlc5wmfhnUNtUovDmGNza0hxgi8Zys9DrzjGMi8u%2BXBusYKIByvlELQiNYfrHuF%2F%2BTfD%2FzVKdU"}],"group":"cf-nel","max_age":604800}', 'NEL': '{"success_fraction":0,"report_to":"cf-nel","max_age":604800}', 'Server': 'cloudflare', 'CF-RAY': '86bb50226c4967b3-SJC', 'alt-svc': 'h3=":443"; ma=86400'} 
 body={"results":[{"gender":"female","name":{"title":"Ms","first":"Zahra","last":"Skøien"},"location":{"street":{"number":6984,"name":"Kristoffer Robins vei"},"city":"Dale","state":"Aust-Agder","country":"Norway","postcode":"3402","coordinates":{"latitude":"40.7654","longitude":"43.9414"},"timezone":{"offset":"-12:00","description":"Eniwetok, Kwajalein"}},"email":"zahra.skoien@example.com","login":{"uuid":"fcd0b711-6325-40e2-96b4-b02a94a45909","username":"crazypanda143","password":"phrases","salt":"mhvc4kJA","md5":"5baeadcc9c7cd77a118ae55ca7ac708a","sha1":"78aa6ce3b15285ed3110ac409901d743e85c5b51","sha256":"9dc4f476ff24bea918a1f3adaa046d61e883235657cec1875ae85d5b177bedbc"},"dob":{"date":"1952-01-11T09:09:26.517Z","age":72},"registered":{"date":"2015-06-23T08:12:00.290Z","age":8},"phone":"36235060","cell":"99551231","id":{"name":"FN","value":"11015235049"},"picture":{"large":"https://randomuser.me/api/portraits/women/58.jpg","medium":"https://randomuser.me/api/portraits/med/women/58.jpg","thumbnail":"https://randomuser.me/api/portraits/thumb/women/58.jpg"},"nat":"NO"}],"info":{"seed":"c8c3cef6c959ceac","results":1,"page":1,"version":"1.4"}} 
 </msg>
<msg time="2024-03-28T23:13:50.550156" level="INFO">/opt/hostedtoolcache/Python/3.12.2/x64/lib/python3.12/site-packages/urllib3/connectionpool.py:1103: InsecureRequestWarning: Unverified HTTPS request is being made to host 'randomuser.me'. Adding certificate verification is strongly advised. See: https://urllib3.readthedocs.io/en/latest/advanced-usage.html#tls-warnings
  warnings.warn(</msg>
<msg time="2024-03-28T23:13:50.550321" level="INFO">${response} = &lt;Response [200]&gt;</msg>
<var>${response}</var>
<arg>consultarAPI</arg>
<arg>/api</arg>
<doc>Sends a GET request on a previously created HTTP Session.</doc>
<status status="PASS" start="2024-03-28T23:13:50.463569" elapsed="0.086802"/>
</kw>
<kw name="Set Variable" owner="BuiltIn">
<msg time="2024-03-28T23:13:50.551536" level="INFO">${json_data} = {'results': [{'gender': 'female', 'name': {'title': 'Ms', 'first': 'Zahra', 'last': 'Skøien'}, 'location': {'street': {'number': 6984, 'name': 'Kristoffer Robins vei'}, 'city': 'Dale', 'state': 'Aust-...</msg>
<var>${json_data}</var>
<arg>${response.json()}</arg>
<doc>Returns the given values which can then be assigned to a variables.</doc>
<status status="PASS" start="2024-03-28T23:13:50.550986" elapsed="0.000582"/>
</kw>
<kw name="Log" owner="BuiltIn">
<msg time="2024-03-28T23:13:50.552070" level="INFO">{'results': [{'gender': 'female', 'name': {'title': 'Ms', 'first': 'Zahra', 'last': 'Skøien'}, 'location': {'street': {'number': 6984, 'name': 'Kristoffer Robins vei'}, 'city': 'Dale', 'state': 'Aust-Agder', 'country': 'Norway', 'postcode': '3402', 'coordinates': {'latitude': '40.7654', 'longitude': '43.9414'}, 'timezone': {'offset': '-12:00', 'description': 'Eniwetok, Kwajalein'}}, 'email': 'zahra.skoien@example.com', 'login': {'uuid': 'fcd0b711-6325-40e2-96b4-b02a94a45909', 'username': 'crazypanda143', 'password': 'phrases', 'salt': 'mhvc4kJA', 'md5': '5baeadcc9c7cd77a118ae55ca7ac708a', 'sha1': '78aa6ce3b15285ed3110ac409901d743e85c5b51', 'sha256': '9dc4f476ff24bea918a1f3adaa046d61e883235657cec1875ae85d5b177bedbc'}, 'dob': {'date': '1952-01-11T09:09:26.517Z', 'age': 72}, 'registered': {'date': '2015-06-23T08:12:00.290Z', 'age': 8}, 'phone': '36235060', 'cell': '99551231', 'id': {'name': 'FN', 'value': '11015235049'}, 'picture': {'large': 'https://randomuser.me/api/portraits/women/58.jpg', 'medium': 'https://randomuser.me/api/portraits/med/women/58.jpg', 'thumbnail': 'https://randomuser.me/api/portraits/thumb/women/58.jpg'}, 'nat': 'NO'}], 'info': {'seed': 'c8c3cef6c959ceac', 'results': 1, 'page': 1, 'version': '1.4'}}</msg>
<arg>${json_data}</arg>
<doc>Logs the given message with the given level.</doc>
<status status="PASS" start="2024-03-28T23:13:50.551903" elapsed="0.000258"/>
</kw>
<kw name="Dictionary Should Contain Key" owner="Collections">
<msg time="2024-03-28T23:13:50.552640" level="INFO">False</msg>
<arg>${json_data}</arg>
<arg>results</arg>
<doc>Fails if ``key`` is not found from ``dictionary``.</doc>
<status status="PASS" start="2024-03-28T23:13:50.552475" elapsed="0.000203"/>
</kw>
<kw name="Should Not Be Empty" owner="BuiltIn">
<msg time="2024-03-28T23:13:50.553116" level="INFO">Length is 2.</msg>
<arg>${json_data}</arg>
<doc>Verifies that the given item is not empty.</doc>
<status status="PASS" start="2024-03-28T23:13:50.552979" elapsed="0.000182"/>
</kw>
<kw name="Create List" owner="BuiltIn">
<msg time="2024-03-28T23:13:50.553620" level="INFO">${expected_keys} = ['gender', 'name', 'location', 'email', 'login']</msg>
<var>${expected_keys}</var>
<arg>gender</arg>
<arg>name</arg>
<arg>location</arg>
<arg>email</arg>
<arg>login</arg>
<doc>Returns a list containing given items.</doc>
<status status="PASS" start="2024-03-28T23:13:50.553463" elapsed="0.000182"/>
</kw>
<for flavor="IN">
<iter>
<kw name="Dictionary Should Contain Key" owner="Collections">
<msg time="2024-03-28T23:13:50.554661" level="INFO">False</msg>
<arg>${json_data['results'][0]}</arg>
<arg>${key}</arg>
<doc>Fails if ``key`` is not found from ``dictionary``.</doc>
<status status="PASS" start="2024-03-28T23:13:50.554245" elapsed="0.000458"/>
</kw>
<kw name="Log" owner="BuiltIn">
<msg time="2024-03-28T23:13:50.555405" level="INFO">{'gender': 'female', 'name': {'title': 'Ms', 'first': 'Zahra', 'last': 'Skøien'}, 'location': {'street': {'number': 6984, 'name': 'Kristoffer Robins vei'}, 'city': 'Dale', 'state': 'Aust-Agder', 'country': 'Norway', 'postcode': '3402', 'coordinates': {'latitude': '40.7654', 'longitude': '43.9414'}, 'timezone': {'offset': '-12:00', 'description': 'Eniwetok, Kwajalein'}}, 'email': 'zahra.skoien@example.com', 'login': {'uuid': 'fcd0b711-6325-40e2-96b4-b02a94a45909', 'username': 'crazypanda143', 'password': 'phrases', 'salt': 'mhvc4kJA', 'md5': '5baeadcc9c7cd77a118ae55ca7ac708a', 'sha1': '78aa6ce3b15285ed3110ac409901d743e85c5b51', 'sha256': '9dc4f476ff24bea918a1f3adaa046d61e883235657cec1875ae85d5b177bedbc'}, 'dob': {'date': '1952-01-11T09:09:26.517Z', 'age': 72}, 'registered': {'date': '2015-06-23T08:12:00.290Z', 'age': 8}, 'phone': '36235060', 'cell': '99551231', 'id': {'name': 'FN', 'value': '11015235049'}, 'picture': {'large': 'https://randomuser.me/api/portraits/women/58.jpg', 'medium': 'https://randomuser.me/api/portraits/med/women/58.jpg', 'thumbnail': 'https://randomuser.me/api/portraits/thumb/women/58.jpg'}, 'nat': 'NO'}</msg>
<arg>${json_data['results'][0]}</arg>
<doc>Logs the given message with the given level.</doc>
<status status="PASS" start="2024-03-28T23:13:50.555025" elapsed="0.000438"/>
</kw>
<kw name="Log" owner="BuiltIn">
<msg time="2024-03-28T23:13:50.555922" level="INFO">gender</msg>
<arg>${key}</arg>
<doc>Logs the given message with the given level.</doc>
<status status="PASS" start="2024-03-28T23:13:50.555779" elapsed="0.000183"/>
</kw>
<var name="${key}">gender</var>
<status status="PASS" start="2024-03-28T23:13:50.554119" elapsed="0.002113"/>
</iter>
<iter>
<kw name="Dictionary Should Contain Key" owner="Collections">
<msg time="2024-03-28T23:13:50.556937" level="INFO">False</msg>
<arg>${json_data['results'][0]}</arg>
<arg>${key}</arg>
<doc>Fails if ``key`` is not found from ``dictionary``.</doc>
<status status="PASS" start="2024-03-28T23:13:50.556550" elapsed="0.000425"/>
</kw>
<kw name="Log" owner="BuiltIn">
<msg time="2024-03-28T23:13:50.557679" level="INFO">{'gender': 'female', 'name': {'title': 'Ms', 'first': 'Zahra', 'last': 'Skøien'}, 'location': {'street': {'number': 6984, 'name': 'Kristoffer Robins vei'}, 'city': 'Dale', 'state': 'Aust-Agder', 'country': 'Norway', 'postcode': '3402', 'coordinates': {'latitude': '40.7654', 'longitude': '43.9414'}, 'timezone': {'offset': '-12:00', 'description': 'Eniwetok, Kwajalein'}}, 'email': 'zahra.skoien@example.com', 'login': {'uuid': 'fcd0b711-6325-40e2-96b4-b02a94a45909', 'username': 'crazypanda143', 'password': 'phrases', 'salt': 'mhvc4kJA', 'md5': '5baeadcc9c7cd77a118ae55ca7ac708a', 'sha1': '78aa6ce3b15285ed3110ac409901d743e85c5b51', 'sha256': '9dc4f476ff24bea918a1f3adaa046d61e883235657cec1875ae85d5b177bedbc'}, 'dob': {'date': '1952-01-11T09:09:26.517Z', 'age': 72}, 'registered': {'date': '2015-06-23T08:12:00.290Z', 'age': 8}, 'phone': '36235060', 'cell': '99551231', 'id': {'name': 'FN', 'value': '11015235049'}, 'picture': {'large': 'https://randomuser.me/api/portraits/women/58.jpg', 'medium': 'https://randomuser.me/api/portraits/med/women/58.jpg', 'thumbnail': 'https://randomuser.me/api/portraits/thumb/women/58.jpg'}, 'nat': 'NO'}</msg>
<arg>${json_data['results'][0]}</arg>
<doc>Logs the given message with the given level.</doc>
<status status="PASS" start="2024-03-28T23:13:50.557312" elapsed="0.000416"/>
</kw>
<kw name="Log" owner="BuiltIn">
<msg time="2024-03-28T23:13:50.558183" level="INFO">name</msg>
<arg>${key}</arg>
<doc>Logs the given message with the given level.</doc>
<status status="PASS" start="2024-03-28T23:13:50.558039" elapsed="0.000182"/>
</kw>
<var name="${key}">name</var>
<status status="PASS" start="2024-03-28T23:13:50.556432" elapsed="0.002010"/>
</iter>
<iter>
<kw name="Dictionary Should Contain Key" owner="Collections">
<msg time="2024-03-28T23:13:50.559129" level="INFO">False</msg>
<arg>${json_data['results'][0]}</arg>
<arg>${key}</arg>
<doc>Fails if ``key`` is not found from ``dictionary``.</doc>
<status status="PASS" start="2024-03-28T23:13:50.558734" elapsed="0.000434"/>
</kw>
<kw name="Log" owner="BuiltIn">
<msg time="2024-03-28T23:13:50.559849" level="INFO">{'gender': 'female', 'name': {'title': 'Ms', 'first': 'Zahra', 'last': 'Skøien'}, 'location': {'street': {'number': 6984, 'name': 'Kristoffer Robins vei'}, 'city': 'Dale', 'state': 'Aust-Agder', 'country': 'Norway', 'postcode': '3402', 'coordinates': {'latitude': '40.7654', 'longitude': '43.9414'}, 'timezone': {'offset': '-12:00', 'description': 'Eniwetok, Kwajalein'}}, 'email': 'zahra.skoien@example.com', 'login': {'uuid': 'fcd0b711-6325-40e2-96b4-b02a94a45909', 'username': 'crazypanda143', 'password': 'phrases', 'salt': 'mhvc4kJA', 'md5': '5baeadcc9c7cd77a118ae55ca7ac708a', 'sha1': '78aa6ce3b15285ed3110ac409901d743e85c5b51', 'sha256': '9dc4f476ff24bea918a1f3adaa046d61e883235657cec1875ae85d5b177bedbc'}, 'dob': {'date': '1952-01-11T09:09:26.517Z', 'age': 72}, 'registered': {'date': '2015-06-23T08:12:00.290Z', 'age': 8}, 'phone': '36235060', 'cell': '99551231', 'id': {'name': 'FN', 'value': '11015235049'}, 'picture': {'large': 'https://randomuser.me/api/portraits/women/58.jpg', 'medium': 'https://randomuser.me/api/portraits/med/women/58.jpg', 'thumbnail': 'https://randomuser.me/api/portraits/thumb/women/58.jpg'}, 'nat': 'NO'}</msg>
<arg>${json_data['results'][0]}</arg>
<doc>Logs the given message with the given level.</doc>
<status status="PASS" start="2024-03-28T23:13:50.559485" elapsed="0.000419"/>
</kw>
<kw name="Log" owner="BuiltIn">
<msg time="2024-03-28T23:13:50.560369" level="INFO">location</msg>
<arg>${key}</arg>
<doc>Logs the given message with the given level.</doc>
<status status="PASS" start="2024-03-28T23:13:50.560238" elapsed="0.000169"/>
</kw>
<var name="${key}">location</var>
<status status="PASS" start="2024-03-28T23:13:50.558623" elapsed="0.002004"/>
</iter>
<iter>
<kw name="Dictionary Should Contain Key" owner="Collections">
<msg time="2024-03-28T23:13:50.561303" level="INFO">False</msg>
<arg>${json_data['results'][0]}</arg>
<arg>${key}</arg>
<doc>Fails if ``key`` is not found from ``dictionary``.</doc>
<status status="PASS" start="2024-03-28T23:13:50.560912" elapsed="0.000428"/>
</kw>
<kw name="Log" owner="BuiltIn">
<msg time="2024-03-28T23:13:50.562013" level="INFO">{'gender': 'female', 'name': {'title': 'Ms', 'first': 'Zahra', 'last': 'Skøien'}, 'location': {'street': {'number': 6984, 'name': 'Kristoffer Robins vei'}, 'city': 'Dale', 'state': 'Aust-Agder', 'country': 'Norway', 'postcode': '3402', 'coordinates': {'latitude': '40.7654', 'longitude': '43.9414'}, 'timezone': {'offset': '-12:00', 'description': 'Eniwetok, Kwajalein'}}, 'email': 'zahra.skoien@example.com', 'login': {'uuid': 'fcd0b711-6325-40e2-96b4-b02a94a45909', 'username': 'crazypanda143', 'password': 'phrases', 'salt': 'mhvc4kJA', 'md5': '5baeadcc9c7cd77a118ae55ca7ac708a', 'sha1': '78aa6ce3b15285ed3110ac409901d743e85c5b51', 'sha256': '9dc4f476ff24bea918a1f3adaa046d61e883235657cec1875ae85d5b177bedbc'}, 'dob': {'date': '1952-01-11T09:09:26.517Z', 'age': 72}, 'registered': {'date': '2015-06-23T08:12:00.290Z', 'age': 8}, 'phone': '36235060', 'cell': '99551231', 'id': {'name': 'FN', 'value': '11015235049'}, 'picture': {'large': 'https://randomuser.me/api/portraits/women/58.jpg', 'medium': 'https://randomuser.me/api/portraits/med/women/58.jpg', 'thumbnail': 'https://randomuser.me/api/portraits/thumb/women/58.jpg'}, 'nat': 'NO'}</msg>
<arg>${json_data['results'][0]}</arg>
<doc>Logs the given message with the given level.</doc>
<status status="PASS" start="2024-03-28T23:13:50.561646" elapsed="0.000416"/>
</kw>
<kw name="Log" owner="BuiltIn">
<msg time="2024-03-28T23:13:50.562488" level="INFO">email</msg>
<arg>${key}</arg>
<doc>Logs the given message with the given level.</doc>
<status status="PASS" start="2024-03-28T23:13:50.562360" elapsed="0.000167"/>
</kw>
<var name="${key}">email</var>
<status status="PASS" start="2024-03-28T23:13:50.560800" elapsed="0.001943"/>
</iter>
<iter>
<kw name="Dictionary Should Contain Key" owner="Collections">
<msg time="2024-03-28T23:13:50.563415" level="INFO">False</msg>
<arg>${json_data['results'][0]}</arg>
<arg>${key}</arg>
<doc>Fails if ``key`` is not found from ``dictionary``.</doc>
<status status="PASS" start="2024-03-28T23:13:50.563028" elapsed="0.000425"/>
</kw>
<kw name="Log" owner="BuiltIn">
<msg time="2024-03-28T23:13:50.564149" level="INFO">{'gender': 'female', 'name': {'title': 'Ms', 'first': 'Zahra', 'last': 'Skøien'}, 'location': {'street': {'number': 6984, 'name': 'Kristoffer Robins vei'}, 'city': 'Dale', 'state': 'Aust-Agder', 'country': 'Norway', 'postcode': '3402', 'coordinates': {'latitude': '40.7654', 'longitude': '43.9414'}, 'timezone': {'offset': '-12:00', 'description': 'Eniwetok, Kwajalein'}}, 'email': 'zahra.skoien@example.com', 'login': {'uuid': 'fcd0b711-6325-40e2-96b4-b02a94a45909', 'username': 'crazypanda143', 'password': 'phrases', 'salt': 'mhvc4kJA', 'md5': '5baeadcc9c7cd77a118ae55ca7ac708a', 'sha1': '78aa6ce3b15285ed3110ac409901d743e85c5b51', 'sha256': '9dc4f476ff24bea918a1f3adaa046d61e883235657cec1875ae85d5b177bedbc'}, 'dob': {'date': '1952-01-11T09:09:26.517Z', 'age': 72}, 'registered': {'date': '2015-06-23T08:12:00.290Z', 'age': 8}, 'phone': '36235060', 'cell': '99551231', 'id': {'name': 'FN', 'value': '11015235049'}, 'picture': {'large': 'https://randomuser.me/api/portraits/women/58.jpg', 'medium': 'https://randomuser.me/api/portraits/med/women/58.jpg', 'thumbnail': 'https://randomuser.me/api/portraits/thumb/women/58.jpg'}, 'nat': 'NO'}</msg>
<arg>${json_data['results'][0]}</arg>
<doc>Logs the given message with the given level.</doc>
<status status="PASS" start="2024-03-28T23:13:50.563751" elapsed="0.000451"/>
</kw>
<kw name="Log" owner="BuiltIn">
<msg time="2024-03-28T23:13:50.564630" level="INFO">login</msg>
<arg>${key}</arg>
<doc>Logs the given message with the given level.</doc>
<status status="PASS" start="2024-03-28T23:13:50.564502" elapsed="0.000286"/>
</kw>
<var name="${key}">login</var>
<status status="PASS" start="2024-03-28T23:13:50.562917" elapsed="0.002103"/>
</iter>
<var>${key}</var>
<value>@{expected_keys}</value>
<status status="PASS" start="2024-03-28T23:13:50.553917" elapsed="0.011260"/>
</for>
<kw name="Create List" owner="BuiltIn">
<msg time="2024-03-28T23:13:50.565533" level="INFO">${expected_keysTwo} = ['username', 'password']</msg>
<var>${expected_keysTwo}</var>
<arg>username</arg>
<arg>password</arg>
<doc>Returns a list containing given items.</doc>
<status status="PASS" start="2024-03-28T23:13:50.565389" elapsed="0.000167"/>
</kw>
<for flavor="IN">
<iter>
<kw name="Dictionary Should Contain Key" owner="Collections">
<msg time="2024-03-28T23:13:50.566446" level="INFO">False</msg>
<arg>${json_data['results'][0]['login']}</arg>
<arg>${keyTwo}</arg>
<doc>Fails if ``key`` is not found from ``dictionary``.</doc>
<status status="PASS" start="2024-03-28T23:13:50.566066" elapsed="0.000418"/>
</kw>
<kw name="Dictionary Should Contain Key" owner="Collections">
<msg time="2024-03-28T23:13:50.567165" level="INFO">False</msg>
<arg>${json_data['results'][0]['login']}</arg>
<arg>${keyTwo}</arg>
<doc>Fails if ``key`` is not found from ``dictionary``.</doc>
<status status="PASS" start="2024-03-28T23:13:50.566784" elapsed="0.000418"/>
</kw>
<kw name="Log" owner="BuiltIn">
<msg time="2024-03-28T23:13:50.567637" level="INFO">username</msg>
<arg>${keyTwo}</arg>
<doc>Logs the given message with the given level.</doc>
<status status="PASS" start="2024-03-28T23:13:50.567503" elapsed="0.000171"/>
</kw>
<var name="${keyTwo}">username</var>
<status status="PASS" start="2024-03-28T23:13:50.565955" elapsed="0.001943"/>
</iter>
<iter>
<kw name="Dictionary Should Contain Key" owner="Collections">
<msg time="2024-03-28T23:13:50.568611" level="INFO">False</msg>
<arg>${json_data['results'][0]['login']}</arg>
<arg>${keyTwo}</arg>
<doc>Fails if ``key`` is not found from ``dictionary``.</doc>
<status status="PASS" start="2024-03-28T23:13:50.568224" elapsed="0.000425"/>
</kw>
<kw name="Dictionary Should Contain Key" owner="Collections">
<msg time="2024-03-28T23:13:50.569333" level="INFO">False</msg>
<arg>${json_data['results'][0]['login']}</arg>
<arg>${keyTwo}</arg>
<doc>Fails if ``key`` is not found from ``dictionary``.</doc>
<status status="PASS" start="2024-03-28T23:13:50.568950" elapsed="0.000420"/>
</kw>
<kw name="Log" owner="BuiltIn">
<msg time="2024-03-28T23:13:50.569795" level="INFO">password</msg>
<arg>${keyTwo}</arg>
<doc>Logs the given message with the given level.</doc>
<status status="PASS" start="2024-03-28T23:13:50.569667" elapsed="0.000165"/>
</kw>
<var name="${keyTwo}">password</var>
<status status="PASS" start="2024-03-28T23:13:50.568075" elapsed="0.001976"/>
</iter>
<var>${keyTwo}</var>
<value>@{expected_keysTwo}</value>
<status status="PASS" start="2024-03-28T23:13:50.565799" elapsed="0.004374"/>
</for>
<status status="PASS" start="2024-03-28T23:13:50.463314" elapsed="0.107005"/>
</kw>
<doc>Testa a estrutura da resposta da API.</doc>
<tag>testeEstruturaResposta</tag>
<status status="PASS" start="2024-03-28T23:13:50.462502" elapsed="0.107985"/>
</test>
<test id="s1-s1-t4" name="Validar tipos de dados" line="28">
<kw name="Teste de Tipos de Dados" owner="random-user-service">
<kw name="GET On Session" owner="RequestsLibrary">
<msg time="2024-03-28T23:13:50.671545" level="INFO">GET Request : url=https://randomuser.me/api 
 path_url=/api 
 headers={'User-Agent': 'python-requests/2.31.0', 'Accept-Encoding': 'gzip, deflate', 'Accept': '*/*', 'Connection': 'keep-alive'} 
 body=None 
 </msg>
<msg time="2024-03-28T23:13:50.671665" level="INFO">GET Response : url=https://randomuser.me/api 
 status=200, reason=OK 
 headers={'Date': 'Thu, 28 Mar 2024 23:13:50 GMT', 'Content-Type': 'application/json; charset=utf-8', 'Transfer-Encoding': 'chunked', 'Connection': 'keep-alive', 'X-Powered-By': 'Express', 'Access-Control-Allow-Origin': '*', 'Cache-Control': 'no-cache', 'ETag': 'W/"4a8-WHMCp5TdPmBPgWORXIoO0X/LWaE"', 'Vary': 'Accept-Encoding', 'Content-Encoding': 'gzip', 'CF-Cache-Status': 'DYNAMIC', 'Report-To': '{"endpoints":[{"url":"https:\\/\\/a.nel.cloudflare.com\\/report\\/v4?s=kVWCtpr29c%2Ft92TKDSumyha0B1nDtAh3Ml%2FA8SKY9K3XiVGYoPo0qWAS74pApyukaFgOUJpFJX%2FDE6tir%2BIejrmMWKy9D2fZwER6AXi4XKRqhdgV%2Bw%2BDw7n8GWM1LmXh"}],"group":"cf-nel","max_age":604800}', 'NEL': '{"success_fraction":0,"report_to":"cf-nel","max_age":604800}', 'Server': 'cloudflare', 'CF-RAY': '86bb50231cee67b3-SJC', 'alt-svc': 'h3=":443"; ma=86400'} 
 body={"results":[{"gender":"female","name":{"title":"Mrs","first":"Zora","last":"Ninković"},"location":{"street":{"number":2569,"name":"Milice Stojadinović Srpkinje "},"city":"Žabalj","state":"Raška","country":"Serbia","postcode":46191,"coordinates":{"latitude":"60.4437","longitude":"173.0662"},"timezone":{"offset":"+1:00","description":"Brussels, Copenhagen, Madrid, Paris"}},"email":"zora.ninkovic@example.com","login":{"uuid":"f75748fb-640a-4496-92d0-ab0a21126026","username":"beautifulostrich721","password":"supernov","salt":"raNqLzej","md5":"fb12289d571ddf0fa861a5b9226a5021","sha1":"6fb916181eb70ffac733560dd50e62d667b77eae","sha256":"208ea3473d9d3cf2fbc264d7a3cd1af28ccefe25da547fff0041a33090b2d030"},"dob":{"date":"1945-10-26T13:00:30.613Z","age":78},"registered":{"date":"2015-01-31T23:28:42.754Z","age":9},"phone":"010-1301-498","cell":"060-2452-329","id":{"name":"SID","value":"739502492"},"picture":{"large":"https://randomuser.me/api/portraits/women/15.jpg","medium":"https://randomuser.me/api/portraits/med/women/15.jpg","thumbnail":"https://randomuser.me/api/portraits/thumb/women/15.jpg"},"nat":"RS"}],"info":{"seed":"1fd21f77ff520426","results":1,"page":1,"version":"1.4"}} 
 </msg>
<msg time="2024-03-28T23:13:50.671750" level="INFO">/opt/hostedtoolcache/Python/3.12.2/x64/lib/python3.12/site-packages/urllib3/connectionpool.py:1103: InsecureRequestWarning: Unverified HTTPS request is being made to host 'randomuser.me'. Adding certificate verification is strongly advised. See: https://urllib3.readthedocs.io/en/latest/advanced-usage.html#tls-warnings
  warnings.warn(</msg>
<msg time="2024-03-28T23:13:50.671913" level="INFO">${response} = &lt;Response [200]&gt;</msg>
<var>${response}</var>
<arg>consultarAPI</arg>
<arg>/api</arg>
<doc>Sends a GET request on a previously created HTTP Session.</doc>
<status status="PASS" start="2024-03-28T23:13:50.573128" elapsed="0.098830"/>
</kw>
<kw name="Set Variable" owner="BuiltIn">
<msg time="2024-03-28T23:13:50.673142" level="INFO">${json_data} = {'results': [{'gender': 'female', 'name': {'title': 'Mrs', 'first': 'Zora', 'last': 'Ninković'}, 'location': {'street': {'number': 2569, 'name': 'Milice Stojadinović Srpkinje '}, 'city': 'Žabalj', 'st...</msg>
<var>${json_data}</var>
<arg>${response.json()}</arg>
<doc>Returns the given values which can then be assigned to a variables.</doc>
<status status="PASS" start="2024-03-28T23:13:50.672581" elapsed="0.000595"/>
</kw>
<kw name="Log" owner="BuiltIn">
<msg time="2024-03-28T23:13:50.673705" level="INFO">{'results': [{'gender': 'female', 'name': {'title': 'Mrs', 'first': 'Zora', 'last': 'Ninković'}, 'location': {'street': {'number': 2569, 'name': 'Milice Stojadinović Srpkinje '}, 'city': 'Žabalj', 'state': 'Raška', 'country': 'Serbia', 'postcode': 46191, 'coordinates': {'latitude': '60.4437', 'longitude': '173.0662'}, 'timezone': {'offset': '+1:00', 'description': 'Brussels, Copenhagen, Madrid, Paris'}}, 'email': 'zora.ninkovic@example.com', 'login': {'uuid': 'f75748fb-640a-4496-92d0-ab0a21126026', 'username': 'beautifulostrich721', 'password': 'supernov', 'salt': 'raNqLzej', 'md5': 'fb12289d571ddf0fa861a5b9226a5021', 'sha1': '6fb916181eb70ffac733560dd50e62d667b77eae', 'sha256': '208ea3473d9d3cf2fbc264d7a3cd1af28ccefe25da547fff0041a33090b2d030'}, 'dob': {'date': '1945-10-26T13:00:30.613Z', 'age': 78}, 'registered': {'date': '2015-01-31T23:28:42.754Z', 'age': 9}, 'phone': '010-1301-498', 'cell': '060-2452-329', 'id': {'name': 'SID', 'value': '739502492'}, 'picture': {'large': 'https://randomuser.me/api/portraits/women/15.jpg', 'medium': 'https://randomuser.me/api/portraits/med/women/15.jpg', 'thumbnail': 'https://randomuser.me/api/portraits/thumb/women/15.jpg'}, 'nat': 'RS'}], 'info': {'seed': '1fd21f77ff520426', 'results': 1, 'page': 1, 'version': '1.4'}}</msg>
<arg>${json_data}</arg>
<doc>Logs the given message with the given level.</doc>
<status status="PASS" start="2024-03-28T23:13:50.673536" elapsed="0.000263"/>
</kw>
<kw name="Should Be String" owner="String">
<arg>${json_data['results'][0]['gender']}</arg>
<doc>Fails if the given ``item`` is not a string.</doc>
<status status="PASS" start="2024-03-28T23:13:50.674113" elapsed="0.000381"/>
</kw>
<kw name="Should Match Regexp" owner="BuiltIn">
<arg>${json_data['results'][0]['email']}</arg>
<arg>^[a-zA-Z0-9._%+-]+@[a-zA-Z0-9.-]+\.[a-zA-Z]{2,}$</arg>
<doc>Fails if ``string`` does not match ``pattern`` as a regular expression.</doc>
<status status="PASS" start="2024-03-28T23:13:50.674690" elapsed="0.000528"/>
</kw>
<kw name="Should Match Regexp" owner="BuiltIn">
<arg>${json_data['results'][0]['dob']['date']}</arg>
<arg>\\d{4}-\\d{2}-\\d{2}T\\d{2}:\\d{2}:\\d{2}\\.\\d{3}Z</arg>
<doc>Fails if ``string`` does not match ``pattern`` as a regular expression.</doc>
<status status="PASS" start="2024-03-28T23:13:50.675421" elapsed="0.000484"/>
</kw>
<kw name="Should Match Regexp" owner="BuiltIn">
<arg>${json_data['results'][0]['registered']['date']}</arg>
<arg>\\d{4}-\\d{2}-\\d{2}T\\d{2}:\\d{2}:\\d{2}\\.\\d{3}Z</arg>
<doc>Fails if ``string`` does not match ``pattern`` as a regular expression.</doc>
<status status="PASS" start="2024-03-28T23:13:50.676141" elapsed="0.000388"/>
</kw>
<kw name="Should Match Regexp" owner="BuiltIn">
<arg>${json_data['results'][0]['picture']['large']}</arg>
<arg>^https?://.*\.(?:png|jpe?g|gif|bmp)$</arg>
<doc>Fails if ``string`` does not match ``pattern`` as a regular expression.</doc>
<status status="PASS" start="2024-03-28T23:13:50.676718" elapsed="0.000461"/>
</kw>
<kw name="Should Match Regexp" owner="BuiltIn">
<arg>${json_data['results'][0]['picture']['medium']}</arg>
<arg>^https?://.*\.(?:png|jpe?g|gif|bmp)$</arg>
<doc>Fails if ``string`` does not match ``pattern`` as a regular expression.</doc>
<status status="PASS" start="2024-03-28T23:13:50.677372" elapsed="0.000363"/>
</kw>
<kw name="Should Match Regexp" owner="BuiltIn">
<arg>${json_data['results'][0]['picture']['thumbnail']}</arg>
<arg>^https?://.*\.(?:png|jpe?g|gif|bmp)$</arg>
<doc>Fails if ``string`` does not match ``pattern`` as a regular expression.</doc>
<status status="PASS" start="2024-03-28T23:13:50.677918" elapsed="0.000346"/>
</kw>
<kw name="Log" owner="BuiltIn">
<msg time="2024-03-28T23:13:50.678772" level="INFO">{'large': 'https://randomuser.me/api/portraits/women/15.jpg', 'medium': 'https://randomuser.me/api/portraits/med/women/15.jpg', 'thumbnail': 'https://randomuser.me/api/portraits/thumb/women/15.jpg'}</msg>
<arg>${json_data['results'][0]['picture']}</arg>
<doc>Logs the given message with the given level.</doc>
<status status="PASS" start="2024-03-28T23:13:50.678444" elapsed="0.000375"/>
</kw>
<status status="PASS" start="2024-03-28T23:13:50.572891" elapsed="0.106214"/>
</kw>
<kw name="Teste de Tipos de Dados - Postcode" owner="random-user-service">
<kw name="GET On Session" owner="RequestsLibrary">
<msg time="2024-03-28T23:13:50.768570" level="INFO">GET Request : url=https://randomuser.me/api 
 path_url=/api 
 headers={'User-Agent': 'python-requests/2.31.0', 'Accept-Encoding': 'gzip, deflate', 'Accept': '*/*', 'Connection': 'keep-alive'} 
 body=None 
 </msg>
<msg time="2024-03-28T23:13:50.768689" level="INFO">GET Response : url=https://randomuser.me/api 
 status=200, reason=OK 
 headers={'Date': 'Thu, 28 Mar 2024 23:13:50 GMT', 'Content-Type': 'application/json; charset=utf-8', 'Transfer-Encoding': 'chunked', 'Connection': 'keep-alive', 'X-Powered-By': 'Express', 'Access-Control-Allow-Origin': '*', 'Cache-Control': 'no-cache', 'ETag': 'W/"48b-gkNKepCGzwce8caeFZVaGIw72LY"', 'Vary': 'Accept-Encoding', 'Content-Encoding': 'gzip', 'CF-Cache-Status': 'DYNAMIC', 'Report-To': '{"endpoints":[{"url":"https:\\/\\/a.nel.cloudflare.com\\/report\\/v4?s=OU3GYbPZchqog7nelzK4o3AimOiE75PGIKKlOXodlvjH%2Fg%2FBRYCJkN6O1ob1%2F3gdenH2Tuj%2BratUeNDXQ9g7iTGWKCa4W3IvhbBnqHSFz%2Bb7TM13Jn%2B9dCTVkEiq6Kuk"}],"group":"cf-nel","max_age":604800}', 'NEL': '{"success_fraction":0,"report_to":"cf-nel","max_age":604800}', 'Server': 'cloudflare', 'CF-RAY': '86bb5023cd6867b3-SJC', 'alt-svc': 'h3=":443"; ma=86400'} 
 body={"results":[{"gender":"female","name":{"title":"Ms","first":"Frøya","last":"Gussiås"},"location":{"street":{"number":6694,"name":"Østbakken"},"city":"Tangen","state":"Vestfold","country":"Norway","postcode":"4059","coordinates":{"latitude":"41.3263","longitude":"41.0851"},"timezone":{"offset":"+10:00","description":"Eastern Australia, Guam, Vladivostok"}},"email":"froya.gussias@example.com","login":{"uuid":"54dfafdf-5472-4c51-9455-95b22140b910","username":"greenmeercat413","password":"frodo1","salt":"rEiUwggq","md5":"059d954e6c4b0ad5cbabd35ef9a75cb5","sha1":"072945ea52c59f455f409ac7e89c281ede586e81","sha256":"79e5e86195382a281be36855fbb918d0e5e1350f6c1ce419420d9f3e3bb69fdd"},"dob":{"date":"1985-01-07T20:14:13.488Z","age":39},"registered":{"date":"2005-04-01T01:04:39.048Z","age":18},"phone":"22065004","cell":"45613766","id":{"name":"FN","value":"07018502822"},"picture":{"large":"https://randomuser.me/api/portraits/women/16.jpg","medium":"https://randomuser.me/api/portraits/med/women/16.jpg","thumbnail":"https://randomuser.me/api/portraits/thumb/women/16.jpg"},"nat":"NO"}],"info":{"seed":"dab98ac2a16fcec8","results":1,"page":1,"version":"1.4"}} 
 </msg>
<msg time="2024-03-28T23:13:50.768789" level="INFO">/opt/hostedtoolcache/Python/3.12.2/x64/lib/python3.12/site-packages/urllib3/connectionpool.py:1103: InsecureRequestWarning: Unverified HTTPS request is being made to host 'randomuser.me'. Adding certificate verification is strongly advised. See: https://urllib3.readthedocs.io/en/latest/advanced-usage.html#tls-warnings
  warnings.warn(</msg>
<msg time="2024-03-28T23:13:50.768956" level="INFO">${response} = &lt;Response [200]&gt;</msg>
<var>${response}</var>
<arg>consultarAPI</arg>
<arg>/api</arg>
<doc>Sends a GET request on a previously created HTTP Session.</doc>
<status status="PASS" start="2024-03-28T23:13:50.679762" elapsed="0.089244"/>
</kw>
<kw name="Set Variable" owner="BuiltIn">
<msg time="2024-03-28T23:13:50.770034" level="INFO">${json_data} = {'results': [{'gender': 'female', 'name': {'title': 'Ms', 'first': 'Frøya', 'last': 'Gussiås'}, 'location': {'street': {'number': 6694, 'name': 'Østbakken'}, 'city': 'Tangen', 'state': 'Vestfold', 'co...</msg>
<var>${json_data}</var>
<arg>${response.json()}</arg>
<doc>Returns the given values which can then be assigned to a variables.</doc>
<status status="PASS" start="2024-03-28T23:13:50.769518" elapsed="0.000545"/>
</kw>
<kw name="Log" owner="BuiltIn">
<msg time="2024-03-28T23:13:50.770539" level="INFO">{'results': [{'gender': 'female', 'name': {'title': 'Ms', 'first': 'Frøya', 'last': 'Gussiås'}, 'location': {'street': {'number': 6694, 'name': 'Østbakken'}, 'city': 'Tangen', 'state': 'Vestfold', 'country': 'Norway', 'postcode': '4059', 'coordinates': {'latitude': '41.3263', 'longitude': '41.0851'}, 'timezone': {'offset': '+10:00', 'description': 'Eastern Australia, Guam, Vladivostok'}}, 'email': 'froya.gussias@example.com', 'login': {'uuid': '54dfafdf-5472-4c51-9455-95b22140b910', 'username': 'greenmeercat413', 'password': 'frodo1', 'salt': 'rEiUwggq', 'md5': '059d954e6c4b0ad5cbabd35ef9a75cb5', 'sha1': '072945ea52c59f455f409ac7e89c281ede586e81', 'sha256': '79e5e86195382a281be36855fbb918d0e5e1350f6c1ce419420d9f3e3bb69fdd'}, 'dob': {'date': '1985-01-07T20:14:13.488Z', 'age': 39}, 'registered': {'date': '2005-04-01T01:04:39.048Z', 'age': 18}, 'phone': '22065004', 'cell': '45613766', 'id': {'name': 'FN', 'value': '07018502822'}, 'picture': {'large': 'https://randomuser.me/api/portraits/women/16.jpg', 'medium': 'https://randomuser.me/api/portraits/med/women/16.jpg', 'thumbnail': 'https://randomuser.me/api/portraits/thumb/women/16.jpg'}, 'nat': 'NO'}], 'info': {'seed': 'dab98ac2a16fcec8', 'results': 1, 'page': 1, 'version': '1.4'}}</msg>
<arg>${json_data}</arg>
<doc>Logs the given message with the given level.</doc>
<status status="PASS" start="2024-03-28T23:13:50.770379" elapsed="0.000244"/>
</kw>
<kw name="Should Be Equal As Numbers" owner="BuiltIn">
<arg>${json_data['results'][0]['location']['postcode']}</arg>
<arg>${json_data['results'][0]['location']['postcode']}</arg>
<doc>Fails if objects are unequal after converting them to real numbers.</doc>
<status status="PASS" start="2024-03-28T23:13:50.770935" elapsed="0.000634"/>
</kw>
<kw name="Log" owner="BuiltIn">
<msg time="2024-03-28T23:13:50.772127" level="INFO">4059</msg>
<arg>${json_data['results'][0]['location']['postcode']}</arg>
<doc>Logs the given message with the given level.</doc>
<status status="PASS" start="2024-03-28T23:13:50.771765" elapsed="0.000406"/>
</kw>
<status status="PASS" start="2024-03-28T23:13:50.679353" elapsed="0.093091"/>
</kw>
<doc>Testa se os tipos de dados na resposta da API estão corretos.</doc>
<tag>testeTiposDados</tag>
<status status="PASS" start="2024-03-28T23:13:50.572309" elapsed="0.200310"/>
</test>
<test id="s1-s1-t5" name="Validar conteudo" line="35">
<kw name="Teste de Tipos de Conteudo" owner="random-user-service">
<kw name="GET On Session" owner="RequestsLibrary">
<msg time="2024-03-28T23:13:50.871110" level="INFO">GET Request : url=https://randomuser.me/api 
 path_url=/api 
 headers={'User-Agent': 'python-requests/2.31.0', 'Accept-Encoding': 'gzip, deflate', 'Accept': '*/*', 'Connection': 'keep-alive'} 
 body=None 
 </msg>
<msg time="2024-03-28T23:13:50.871227" level="INFO">GET Response : url=https://randomuser.me/api 
 status=200, reason=OK 
 headers={'Date': 'Thu, 28 Mar 2024 23:13:50 GMT', 'Content-Type': 'application/json; charset=utf-8', 'Transfer-Encoding': 'chunked', 'Connection': 'keep-alive', 'X-Powered-By': 'Express', 'Access-Control-Allow-Origin': '*', 'Cache-Control': 'no-cache', 'ETag': 'W/"47b-TNIi7TgO7bWKnXD7INBJ7tH52P4"', 'Vary': 'Accept-Encoding', 'Content-Encoding': 'gzip', 'CF-Cache-Status': 'DYNAMIC', 'Report-To': '{"endpoints":[{"url":"https:\\/\\/a.nel.cloudflare.com\\/report\\/v4?s=Pr2QNk2OFvo2BEBxsOFqduc%2FfdXRMGjEZiVGIGpMEdjKakzxfw1o9lapqMn2yzRWoScc5l2Td9SBiTkqRC4MqZXkYAuxlsVRUI46G9bvioRCa20bXQrpfPAeViw3b1r7"}],"group":"cf-nel","max_age":604800}', 'NEL': '{"success_fraction":0,"report_to":"cf-nel","max_age":604800}', 'Server': 'cloudflare', 'CF-RAY': '86bb50245dd967b3-SJC', 'alt-svc': 'h3=":443"; ma=86400'} 
 body={"results":[{"gender":"male","name":{"title":"Mr","first":"Aaron","last":"Ward"},"location":{"street":{"number":6014,"name":"West Street"},"city":"Newcastle West","state":"Offaly","country":"Ireland","postcode":11105,"coordinates":{"latitude":"2.5266","longitude":"-48.6974"},"timezone":{"offset":"+2:00","description":"Kaliningrad, South Africa"}},"email":"aaron.ward@example.com","login":{"uuid":"0e89ebb0-0cc0-428e-9e83-e7bb0dbf95a8","username":"orangeelephant928","password":"talk","salt":"cWXbjH4h","md5":"9af54065dfb45f0d486a3f20b2747960","sha1":"1ac6124b30eb00cfca1a48e59c6971aabed1635f","sha256":"0df03a164034e651103d46c1375ed292ffe5ff8309578d94f253f85b0f885554"},"dob":{"date":"1972-10-30T13:36:25.505Z","age":51},"registered":{"date":"2016-04-24T09:08:59.639Z","age":7},"phone":"011-869-5365","cell":"081-780-4527","id":{"name":"PPS","value":"3892553T"},"picture":{"large":"https://randomuser.me/api/portraits/men/70.jpg","medium":"https://randomuser.me/api/portraits/med/men/70.jpg","thumbnail":"https://randomuser.me/api/portraits/thumb/men/70.jpg"},"nat":"IE"}],"info":{"seed":"e27f5d0b73638698","results":1,"page":1,"version":"1.4"}} 
 </msg>
<msg time="2024-03-28T23:13:50.871301" level="INFO">/opt/hostedtoolcache/Python/3.12.2/x64/lib/python3.12/site-packages/urllib3/connectionpool.py:1103: InsecureRequestWarning: Unverified HTTPS request is being made to host 'randomuser.me'. Adding certificate verification is strongly advised. See: https://urllib3.readthedocs.io/en/latest/advanced-usage.html#tls-warnings
  warnings.warn(</msg>
<msg time="2024-03-28T23:13:50.871449" level="INFO">${response} = &lt;Response [200]&gt;</msg>
<var>${response}</var>
<arg>consultarAPI</arg>
<arg>/api</arg>
<doc>Sends a GET request on a previously created HTTP Session.</doc>
<status status="PASS" start="2024-03-28T23:13:50.775167" elapsed="0.096326"/>
</kw>
<kw name="Set Variable" owner="BuiltIn">
<msg time="2024-03-28T23:13:50.872640" level="INFO">${json_data} = {'results': [{'gender': 'male', 'name': {'title': 'Mr', 'first': 'Aaron', 'last': 'Ward'}, 'location': {'street': {'number': 6014, 'name': 'West Street'}, 'city': 'Newcastle West', 'state': 'Offaly', ...</msg>
<var>${json_data}</var>
<arg>${response.json()}</arg>
<doc>Returns the given values which can then be assigned to a variables.</doc>
<status status="PASS" start="2024-03-28T23:13:50.872062" elapsed="0.000608"/>
</kw>
<kw name="Set Variable" owner="BuiltIn">
<msg time="2024-03-28T23:13:50.873391" level="INFO">${name_title} = Mr</msg>
<var>${name_title}</var>
<arg>${json_data["results"][0]["name"]["title"]}</arg>
<doc>Returns the given values which can then be assigned to a variables.</doc>
<status status="PASS" start="2024-03-28T23:13:50.872996" elapsed="0.000420"/>
</kw>
<kw name="Create List" owner="BuiltIn">
<msg time="2024-03-28T23:13:50.873878" level="INFO">${allowed_titles} = ['Mr', 'Ms', 'Miss', 'Mrs', 'Madame', 'Monsieur']</msg>
<var>${allowed_titles}</var>
<arg>Mr</arg>
<arg>Ms</arg>
<arg>Miss</arg>
<arg>Mrs</arg>
<arg>Madame</arg>
<arg>Monsieur</arg>
<doc>Returns a list containing given items.</doc>
<status status="PASS" start="2024-03-28T23:13:50.873724" elapsed="0.000179"/>
</kw>
<kw name="List Should Contain Value" owner="Collections">
<msg time="2024-03-28T23:13:50.874406" level="INFO">False</msg>
<arg>${allowed_titles}</arg>
<arg>${name_title}</arg>
<doc>Fails if the ``value`` is not found from ``list``.</doc>
<status status="PASS" start="2024-03-28T23:13:50.874222" elapsed="0.000223"/>
</kw>
<kw name="Set Variable" owner="BuiltIn">
<msg time="2024-03-28T23:13:50.875125" level="INFO">${name_country} = IE</msg>
<var>${name_country}</var>
<arg>${json_data["results"][0]["nat"]}</arg>
<doc>Returns the given values which can then be assigned to a variables.</doc>
<status status="PASS" start="2024-03-28T23:13:50.874747" elapsed="0.000404"/>
</kw>
<kw name="Create List" owner="BuiltIn">
<msg time="2024-03-28T23:13:50.876069" level="INFO">${list_country} = ['AD', 'AE', 'AF', 'AG', 'AI', 'AL', 'AM', 'AO', 'AQ', 'AR', 'AS', 'AT', 'AU', 'AW', 'AX', 'AZ', 'BA', 'BB', 'BD', 'BE', 'BF', 'BG', 'BH', 'BI', 'BJ', 'BL', 'BM', 'BN', 'BO', 'BQ', 'BR', 'BS', 'BT', '...</msg>
<var>${list_country}</var>
<arg>AD</arg>
<arg>AE</arg>
<arg>AF</arg>
<arg>AG</arg>
<arg>AI</arg>
<arg>AL</arg>
<arg>AM</arg>
<arg>AO</arg>
<arg>AQ</arg>
<arg>AR</arg>
<arg>AS</arg>
<arg>AT</arg>
<arg>AU</arg>
<arg>AW</arg>
<arg>AX</arg>
<arg>AZ</arg>
<arg>BA</arg>
<arg>BB</arg>
<arg>BD</arg>
<arg>BE</arg>
<arg>BF</arg>
<arg>BG</arg>
<arg>BH</arg>
<arg>BI</arg>
<arg>BJ</arg>
<arg>BL</arg>
<arg>BM</arg>
<arg>BN</arg>
<arg>BO</arg>
<arg>BQ</arg>
<arg>BR</arg>
<arg>BS</arg>
<arg>BT</arg>
<arg>BV</arg>
<arg>BW</arg>
<arg>BY</arg>
<arg>BZ</arg>
<arg>CA</arg>
<arg>CC</arg>
<arg>CD</arg>
<arg>CF</arg>
<arg>CG</arg>
<arg>CH</arg>
<arg>CI</arg>
<arg>CK</arg>
<arg>CL</arg>
<arg>CM</arg>
<arg>CN</arg>
<arg>CO</arg>
<arg>CR</arg>
<arg>CU</arg>
<arg>CV</arg>
<arg>CW</arg>
<arg>CX</arg>
<arg>CY</arg>
<arg>CZ</arg>
<arg>DE</arg>
<arg>DJ</arg>
<arg>DK</arg>
<arg>DM</arg>
<arg>DO</arg>
<arg>DZ</arg>
<arg>EC</arg>
<arg>EE</arg>
<arg>EG</arg>
<arg>EH</arg>
<arg>ER</arg>
<arg>ES</arg>
<arg>ET</arg>
<arg>FI</arg>
<arg>FJ</arg>
<arg>FK</arg>
<arg>FM</arg>
<arg>FO</arg>
<arg>FR</arg>
<arg>GA</arg>
<arg>GB</arg>
<arg>GD</arg>
<arg>GE</arg>
<arg>GF</arg>
<arg>GG</arg>
<arg>GH</arg>
<arg>GI</arg>
<arg>GL</arg>
<arg>GM</arg>
<arg>GN</arg>
<arg>GP</arg>
<arg>GQ</arg>
<arg>GR</arg>
<arg>GS</arg>
<arg>GT</arg>
<arg>GU</arg>
<arg>GW</arg>
<arg>GY</arg>
<arg>HK</arg>
<arg>HM</arg>
<arg>HN</arg>
<arg>HR</arg>
<arg>HT</arg>
<arg>HU</arg>
<arg>ID</arg>
<arg>IE</arg>
<arg>IL</arg>
<arg>IM</arg>
<arg>IN</arg>
<arg>IO</arg>
<arg>IQ</arg>
<arg>IR</arg>
<arg>IS</arg>
<arg>IT</arg>
<arg>JE</arg>
<arg>JM</arg>
<arg>JO</arg>
<arg>JP</arg>
<arg>KE</arg>
<arg>KG</arg>
<arg>KH</arg>
<arg>KI</arg>
<arg>KM</arg>
<arg>KN</arg>
<arg>KP</arg>
<arg>KR</arg>
<arg>KW</arg>
<arg>KY</arg>
<arg>KZ</arg>
<arg>LA</arg>
<arg>LB</arg>
<arg>LC</arg>
<arg>LI</arg>
<arg>LK</arg>
<arg>LR</arg>
<arg>LS</arg>
<arg>LT</arg>
<arg>LU</arg>
<arg>LV</arg>
<arg>LY</arg>
<arg>MA</arg>
<arg>MC</arg>
<arg>MD</arg>
<arg>ME</arg>
<arg>MF</arg>
<arg>MG</arg>
<arg>MH</arg>
<arg>MK</arg>
<arg>ML</arg>
<arg>MM</arg>
<arg>MN</arg>
<arg>MO</arg>
<arg>MP</arg>
<arg>MQ</arg>
<arg>MR</arg>
<arg>MS</arg>
<arg>MT</arg>
<arg>MU</arg>
<arg>MV</arg>
<arg>MW</arg>
<arg>MX</arg>
<arg>MY</arg>
<arg>MZ</arg>
<arg>NA</arg>
<arg>NC</arg>
<arg>NE</arg>
<arg>NF</arg>
<arg>NG</arg>
<arg>NI</arg>
<arg>NL</arg>
<arg>NO</arg>
<arg>NP</arg>
<arg>NR</arg>
<arg>NU</arg>
<arg>NZ</arg>
<arg>OM</arg>
<arg>PA</arg>
<arg>PE</arg>
<arg>PF</arg>
<arg>PG</arg>
<arg>PH</arg>
<arg>PK</arg>
<arg>PL</arg>
<arg>PM</arg>
<arg>PN</arg>
<arg>PR</arg>
<arg>PS</arg>
<arg>PT</arg>
<arg>PW</arg>
<arg>PY</arg>
<arg>QA</arg>
<arg>RE</arg>
<arg>RO</arg>
<arg>RS</arg>
<arg>RU</arg>
<arg>RW</arg>
<arg>SA</arg>
<arg>SB</arg>
<arg>SC</arg>
<arg>SD</arg>
<arg>SE</arg>
<arg>SG</arg>
<arg>SH</arg>
<arg>SI</arg>
<arg>SJ</arg>
<arg>SK</arg>
<arg>SL</arg>
<arg>SM</arg>
<arg>SN</arg>
<arg>SO</arg>
<arg>SR</arg>
<arg>SS</arg>
<arg>ST</arg>
<arg>SV</arg>
<arg>SX</arg>
<arg>SY</arg>
<arg>SZ</arg>
<arg>TC</arg>
<arg>TD</arg>
<arg>TF</arg>
<arg>TG</arg>
<arg>TH</arg>
<arg>TJ</arg>
<arg>TK</arg>
<arg>TL</arg>
<arg>TM</arg>
<arg>TN</arg>
<arg>TO</arg>
<arg>TR</arg>
<arg>TT</arg>
<arg>TV</arg>
<arg>TW</arg>
<arg>TZ</arg>
<arg>UA</arg>
<arg>UG</arg>
<arg>UM</arg>
<arg>US</arg>
<arg>UY</arg>
<arg>UZ</arg>
<arg>VA</arg>
<arg>VC</arg>
<arg>VE</arg>
<arg>VG</arg>
<arg>VI</arg>
<arg>VN</arg>
<arg>VU</arg>
<arg>WF</arg>
<arg>WS</arg>
<arg>XK</arg>
<arg>YE</arg>
<arg>YT</arg>
<arg>ZA</arg>
<arg>ZM</arg>
<arg>ZW</arg>
<doc>Returns a list containing given items.</doc>
<status status="PASS" start="2024-03-28T23:13:50.875463" elapsed="0.000670"/>
</kw>
<kw name="List Should Contain Value" owner="Collections">
<msg time="2024-03-28T23:13:50.877308" level="INFO">False</msg>
<arg>${list_country}</arg>
<arg>${name_country}</arg>
<doc>Fails if the ``value`` is not found from ``list``.</doc>
<status status="PASS" start="2024-03-28T23:13:50.877103" elapsed="0.000244"/>
</kw>
<kw name="Run Keyword If" owner="BuiltIn">
<kw name="Should Be True" owner="BuiltIn">
<arg>${True}</arg>
<doc>Fails if the given condition is not true.</doc>
<status status="PASS" start="2024-03-28T23:13:50.878434" elapsed="0.000146"/>
</kw>
<arg>${json_data["results"][0]["location"]["coordinates"]["latitude"]} &gt;= -90 and ${json_data["results"][0]["location"]["coordinates"]["latitude"]} &lt;= 90</arg>
<arg>Should Be True</arg>
<arg>${True}</arg>
<doc>Runs the given keyword with the given arguments, if ``condition`` is true.</doc>
<status status="PASS" start="2024-03-28T23:13:50.877667" elapsed="0.001042"/>
</kw>
<kw name="Run Keyword If" owner="BuiltIn">
<kw name="Should Be True" owner="BuiltIn">
<arg>${True}</arg>
<doc>Fails if the given condition is not true.</doc>
<status status="PASS" start="2024-03-28T23:13:50.879603" elapsed="0.000142"/>
</kw>
<arg>${json_data["results"][0]["location"]["coordinates"]["longitude"]} &gt;= -180 and ${json_data["results"][0]["location"]["coordinates"]["longitude"]} &lt;= 180</arg>
<arg>Should Be True</arg>
<arg>${True}</arg>
<doc>Runs the given keyword with the given arguments, if ``condition`` is true.</doc>
<status status="PASS" start="2024-03-28T23:13:50.878896" elapsed="0.000977"/>
</kw>
<status status="PASS" start="2024-03-28T23:13:50.774935" elapsed="0.105075"/>
</kw>
<doc>Testa o conteúdo específico dos campos retornados pela API.</doc>
<tag>testeConteudo</tag>
<status status="PASS" start="2024-03-28T23:13:50.774357" elapsed="0.105843"/>
</test>
<status status="PASS" start="2024-03-28T23:13:49.311798" elapsed="1.570388"/>
</suite>
<status status="PASS" start="2024-03-28T23:13:49.297767" elapsed="1.589855"/>
</suite>
<statistics>
<total>
<stat pass="5" fail="0" skip="0">All Tests</stat>
</total>
<tag>
<stat pass="1" fail="0" skip="0">testeConteudo</stat>
<stat pass="1" fail="0" skip="0">testeEstruturaResposta</stat>
<stat pass="1" fail="0" skip="0">testeRequisicaoBasica</stat>
<stat pass="1" fail="0" skip="0">testeTiposDados</stat>
</tag>
<suite>
<stat pass="5" fail="0" skip="0" id="s1" name="Tests">Tests</stat>
<stat pass="5" fail="0" skip="0" id="s1-s1" name="Random-User-Test">Tests.Random-User-Test</stat>
</suite>
</statistics>
<errors>
</errors>
</robot>
