<?xml version="1.0" encoding="UTF-8"?>
<robot generator="Robot 7.0 (Python 3.12.2 on linux)" generated="2024-04-02T22:15:12.762471" rpa="false" schemaversion="5">
<suite id="s1" name="Tests" source="/home/runner/work/DesafioQAItauRogerioJordao/DesafioQAItauRogerioJordao/RamdonUser/tests">
<suite id="s1-s1" name="Random-User-Test" source="/home/runner/work/DesafioQAItauRogerioJordao/DesafioQAItauRogerioJordao/RamdonUser/tests/random-user-test.robot">
<test id="s1-s1-t1" name="Conectar" line="13">
<kw name="Conectar API" owner="random-user-service">
<kw name="Create Session" owner="RequestsLibrary">
<msg time="2024-04-02T22:15:13.144093" level="INFO">Creating Session using : alias=consultarAPI, url=https://randomuser.me/, headers={},                     cookies={}, auth=None, timeout=None, proxies=None, verify=False,                     debug=0 </msg>
<arg>consultarAPI</arg>
<arg>${URL}</arg>
<doc>Create Session: create a HTTP session to a server</doc>
<status status="PASS" start="2024-04-02T22:15:13.143868" elapsed="0.000416"/>
</kw>
<status status="PASS" start="2024-04-02T22:15:13.142744" elapsed="0.001914"/>
</kw>
<status status="PASS" start="2024-04-02T22:15:13.142088" elapsed="0.002782"/>
</test>
<test id="s1-s1-t2" name="Validar retorno 200 e JSON Válido" line="16">
<kw name="Teste de Requisicao Basica" owner="random-user-service">
<kw name="GET On Session" owner="RequestsLibrary">
<msg time="2024-04-02T22:15:13.237344" level="INFO">GET Request : url=https://randomuser.me/api 
 path_url=/api 
 headers={'User-Agent': 'python-requests/2.31.0', 'Accept-Encoding': 'gzip, deflate', 'Accept': '*/*', 'Connection': 'keep-alive'} 
 body=None 
 </msg>
<msg time="2024-04-02T22:15:13.237517" level="INFO">GET Response : url=https://randomuser.me/api 
 status=200, reason=OK 
 headers={'Date': 'Tue, 02 Apr 2024 22:15:13 GMT', 'Content-Type': 'application/json; charset=utf-8', 'Transfer-Encoding': 'chunked', 'Connection': 'keep-alive', 'X-Powered-By': 'Express', 'Access-Control-Allow-Origin': '*', 'Cache-Control': 'no-cache', 'ETag': 'W/"471-3MWPRNh0sd6lRaUZKvI12YcQNnM"', 'Vary': 'Accept-Encoding', 'Content-Encoding': 'gzip', 'CF-Cache-Status': 'DYNAMIC', 'Report-To': '{"endpoints":[{"url":"https:\\/\\/a.nel.cloudflare.com\\/report\\/v4?s=ogT3sg0qVhEEByJQ66q7a6s%2FzE0TWWuWzCAfg7LR7z4xRqyEcLgRv5k4kH3wr%2B0E1QzIRt6LXFtetDOr9j50Tc1zn%2BPdMhPnkIvU2fcAUq74G4HMBpzyFeSel2iQWmSN"}],"group":"cf-nel","max_age":604800}', 'NEL': '{"success_fraction":0,"report_to":"cf-nel","max_age":604800}', 'Server': 'cloudflare', 'CF-RAY': '86e42d237b163b2c-IAD', 'alt-svc': 'h3=":443"; ma=86400'} 
 body={"results":[{"gender":"male","name":{"title":"Mr","first":"Srećko","last":"Rakić"},"location":{"street":{"number":5982,"name":"Kotlinska"},"city":"Sremska Mitrovica","state":"Pirot","country":"Serbia","postcode":84941,"coordinates":{"latitude":"59.6543","longitude":"-88.2213"},"timezone":{"offset":"+3:30","description":"Tehran"}},"email":"srecko.rakic@example.com","login":{"uuid":"b9996c8d-e5e2-4510-85f6-d14b53740fb1","username":"yellowgorilla856","password":"fruity","salt":"4u4iueda","md5":"60b1b412f6e619b45db7253db09112b4","sha1":"d556ca266d7f83581475d09de0a78283c2fb302f","sha256":"d3bcc5bb5b0f9029fee3ab38148ff2ac30a5e6fd044c9193cd0030f185ae0f22"},"dob":{"date":"1950-05-25T00:15:46.649Z","age":73},"registered":{"date":"2007-05-16T04:41:59.460Z","age":16},"phone":"022-4209-708","cell":"069-6930-758","id":{"name":"SID","value":"319055928"},"picture":{"large":"https://randomuser.me/api/portraits/men/72.jpg","medium":"https://randomuser.me/api/portraits/med/men/72.jpg","thumbnail":"https://randomuser.me/api/portraits/thumb/men/72.jpg"},"nat":"RS"}],"info":{"seed":"5d2f23497d17ff60","results":1,"page":1,"version":"1.4"}} 
 </msg>
<msg time="2024-04-02T22:15:13.237646" level="INFO">/opt/hostedtoolcache/Python/3.12.2/x64/lib/python3.12/site-packages/urllib3/connectionpool.py:1103: InsecureRequestWarning: Unverified HTTPS request is being made to host 'randomuser.me'. Adding certificate verification is strongly advised. See: https://urllib3.readthedocs.io/en/latest/advanced-usage.html#tls-warnings
  warnings.warn(</msg>
<msg time="2024-04-02T22:15:13.237823" level="INFO">${response} = &lt;Response [200]&gt;</msg>
<var>${response}</var>
<arg>consultarAPI</arg>
<arg>/api</arg>
<doc>Sends a GET request on a previously created HTTP Session.</doc>
<status status="PASS" start="2024-04-02T22:15:13.147448" elapsed="0.090418"/>
</kw>
<kw name="Should Be Equal As Numbers" owner="BuiltIn">
<msg time="2024-04-02T22:15:13.238925" level="INFO">Argument types are:
&lt;class 'int'&gt;
&lt;class 'str'&gt;</msg>
<arg>${response.status_code}</arg>
<arg>200</arg>
<doc>Fails if objects are unequal after converting them to real numbers.</doc>
<status status="PASS" start="2024-04-02T22:15:13.238428" elapsed="0.000568"/>
</kw>
<kw name="Log" owner="BuiltIn">
<msg time="2024-04-02T22:15:13.239819" level="INFO">200</msg>
<arg>${response.status_code}</arg>
<doc>Logs the given message with the given level.</doc>
<status status="PASS" start="2024-04-02T22:15:13.239386" elapsed="0.000485"/>
</kw>
<kw name="Set Variable" owner="BuiltIn">
<msg time="2024-04-02T22:15:13.240736" level="INFO">${json_data} = {'results': [{'gender': 'male', 'name': {'title': 'Mr', 'first': 'Srećko', 'last': 'Rakić'}, 'location': {'street': {'number': 5982, 'name': 'Kotlinska'}, 'city': 'Sremska Mitrovica', 'state': 'Pirot'...</msg>
<var>${json_data}</var>
<arg>${response.json()}</arg>
<doc>Returns the given values which can then be assigned to a variables.</doc>
<status status="PASS" start="2024-04-02T22:15:13.240244" elapsed="0.000524"/>
</kw>
<kw name="Dictionary Should Contain Key" owner="Collections">
<msg time="2024-04-02T22:15:13.241280" level="INFO">False</msg>
<arg>${json_data}</arg>
<arg>results</arg>
<doc>Fails if ``key`` is not found from ``dictionary``.</doc>
<status status="PASS" start="2024-04-02T22:15:13.241101" elapsed="0.000220"/>
</kw>
<status status="PASS" start="2024-04-02T22:15:13.147191" elapsed="0.094399"/>
</kw>
<doc>Testa se a API responde corretamente e retorna um objeto JSON válido.</doc>
<tag>testeRequisicaoBasica</tag>
<status status="PASS" start="2024-04-02T22:15:13.146723" elapsed="0.095065"/>
</test>
<test id="s1-s1-t3" name="Validar estrutura de resposta" line="22">
<kw name="Teste de Estrutura de Resposta" owner="random-user-service">
<kw name="GET On Session" owner="RequestsLibrary">
<msg time="2024-04-02T22:15:13.329872" level="INFO">GET Request : url=https://randomuser.me/api 
 path_url=/api 
 headers={'User-Agent': 'python-requests/2.31.0', 'Accept-Encoding': 'gzip, deflate', 'Accept': '*/*', 'Connection': 'keep-alive'} 
 body=None 
 </msg>
<msg time="2024-04-02T22:15:13.329991" level="INFO">GET Response : url=https://randomuser.me/api 
 status=200, reason=OK 
 headers={'Date': 'Tue, 02 Apr 2024 22:15:13 GMT', 'Content-Type': 'application/json; charset=utf-8', 'Transfer-Encoding': 'chunked', 'Connection': 'keep-alive', 'X-Powered-By': 'Express', 'Access-Control-Allow-Origin': '*', 'Cache-Control': 'no-cache', 'ETag': 'W/"486-271Fae04MJpHWxDWNhQ6UsMSiGc"', 'Vary': 'Accept-Encoding', 'Content-Encoding': 'gzip', 'CF-Cache-Status': 'DYNAMIC', 'Report-To': '{"endpoints":[{"url":"https:\\/\\/a.nel.cloudflare.com\\/report\\/v4?s=g%2B6zWfKlUuPK1w50eEh34YQL9qaZIhhmqsIR30SP1BWMW0SaZr72YIEvu8Bt2UlSBxFrgd0JPjpsuyylf4BW6fJYM85YZrRwB16PyceaZ5hDRbje4UHmO%2BpcGDbGMS9g"}],"group":"cf-nel","max_age":604800}', 'NEL': '{"success_fraction":0,"report_to":"cf-nel","max_age":604800}', 'Server': 'cloudflare', 'CF-RAY': '86e42d23cb783b2c-IAD', 'alt-svc': 'h3=":443"; ma=86400'} 
 body={"results":[{"gender":"female","name":{"title":"Ms","first":"Alcina","last":"Vieira"},"location":{"street":{"number":3299,"name":"Rua Pará "},"city":"Gravataí","state":"Piauí","country":"Brazil","postcode":73901,"coordinates":{"latitude":"-75.5268","longitude":"178.8367"},"timezone":{"offset":"-11:00","description":"Midway Island, Samoa"}},"email":"alcina.vieira@example.com","login":{"uuid":"0fb0575a-b131-44ec-ba31-879941d1be1c","username":"biglion532","password":"carolyn","salt":"gnes3V0O","md5":"a3c3cbacb0f454432694ddaac70c843b","sha1":"eee33ef2efb7c84a3427dbf6edc9fc094ade0f7d","sha256":"a18e4b4a714a021721b20f0f5e52219bcb71a7afe7c2f7d319e2e0fd0d364ad0"},"dob":{"date":"1976-08-29T15:17:14.621Z","age":47},"registered":{"date":"2014-09-22T20:58:35.600Z","age":9},"phone":"(18) 1781-7625","cell":"(26) 7476-1051","id":{"name":"CPF","value":"560.275.651-50"},"picture":{"large":"https://randomuser.me/api/portraits/women/26.jpg","medium":"https://randomuser.me/api/portraits/med/women/26.jpg","thumbnail":"https://randomuser.me/api/portraits/thumb/women/26.jpg"},"nat":"BR"}],"info":{"seed":"fc1309723636201f","results":1,"page":1,"version":"1.4"}} 
 </msg>
<msg time="2024-04-02T22:15:13.330149" level="INFO">/opt/hostedtoolcache/Python/3.12.2/x64/lib/python3.12/site-packages/urllib3/connectionpool.py:1103: InsecureRequestWarning: Unverified HTTPS request is being made to host 'randomuser.me'. Adding certificate verification is strongly advised. See: https://urllib3.readthedocs.io/en/latest/advanced-usage.html#tls-warnings
  warnings.warn(</msg>
<msg time="2024-04-02T22:15:13.330306" level="INFO">${response} = &lt;Response [200]&gt;</msg>
<var>${response}</var>
<arg>consultarAPI</arg>
<arg>/api</arg>
<doc>Sends a GET request on a previously created HTTP Session.</doc>
<status status="PASS" start="2024-04-02T22:15:13.244654" elapsed="0.085696"/>
</kw>
<kw name="Set Variable" owner="BuiltIn">
<msg time="2024-04-02T22:15:13.331516" level="INFO">${json_data} = {'results': [{'gender': 'female', 'name': {'title': 'Ms', 'first': 'Alcina', 'last': 'Vieira'}, 'location': {'street': {'number': 3299, 'name': 'Rua Pará '}, 'city': 'Gravataí', 'state': 'Piauí', 'cou...</msg>
<var>${json_data}</var>
<arg>${response.json()}</arg>
<doc>Returns the given values which can then be assigned to a variables.</doc>
<status status="PASS" start="2024-04-02T22:15:13.330954" elapsed="0.000593"/>
</kw>
<kw name="Log" owner="BuiltIn">
<msg time="2024-04-02T22:15:13.332151" level="INFO">{'results': [{'gender': 'female', 'name': {'title': 'Ms', 'first': 'Alcina', 'last': 'Vieira'}, 'location': {'street': {'number': 3299, 'name': 'Rua Pará '}, 'city': 'Gravataí', 'state': 'Piauí', 'country': 'Brazil', 'postcode': 73901, 'coordinates': {'latitude': '-75.5268', 'longitude': '178.8367'}, 'timezone': {'offset': '-11:00', 'description': 'Midway Island, Samoa'}}, 'email': 'alcina.vieira@example.com', 'login': {'uuid': '0fb0575a-b131-44ec-ba31-879941d1be1c', 'username': 'biglion532', 'password': 'carolyn', 'salt': 'gnes3V0O', 'md5': 'a3c3cbacb0f454432694ddaac70c843b', 'sha1': 'eee33ef2efb7c84a3427dbf6edc9fc094ade0f7d', 'sha256': 'a18e4b4a714a021721b20f0f5e52219bcb71a7afe7c2f7d319e2e0fd0d364ad0'}, 'dob': {'date': '1976-08-29T15:17:14.621Z', 'age': 47}, 'registered': {'date': '2014-09-22T20:58:35.600Z', 'age': 9}, 'phone': '(18) 1781-7625', 'cell': '(26) 7476-1051', 'id': {'name': 'CPF', 'value': '560.275.651-50'}, 'picture': {'large': 'https://randomuser.me/api/portraits/women/26.jpg', 'medium': 'https://randomuser.me/api/portraits/med/women/26.jpg', 'thumbnail': 'https://randomuser.me/api/portraits/thumb/women/26.jpg'}, 'nat': 'BR'}], 'info': {'seed': 'fc1309723636201f', 'results': 1, 'page': 1, 'version': '1.4'}}</msg>
<arg>${json_data}</arg>
<doc>Logs the given message with the given level.</doc>
<status status="PASS" start="2024-04-02T22:15:13.331959" elapsed="0.000245"/>
</kw>
<kw name="Dictionary Should Contain Key" owner="Collections">
<msg time="2024-04-02T22:15:13.332711" level="INFO">False</msg>
<arg>${json_data}</arg>
<arg>results</arg>
<doc>Fails if ``key`` is not found from ``dictionary``.</doc>
<status status="PASS" start="2024-04-02T22:15:13.332539" elapsed="0.000211"/>
</kw>
<kw name="Should Not Be Empty" owner="BuiltIn">
<msg time="2024-04-02T22:15:13.333212" level="INFO">Length is 2.</msg>
<arg>${json_data}</arg>
<doc>Verifies that the given item is not empty.</doc>
<status status="PASS" start="2024-04-02T22:15:13.333067" elapsed="0.000187"/>
</kw>
<kw name="Create List" owner="BuiltIn">
<msg time="2024-04-02T22:15:13.333742" level="INFO">${expected_keys} = ['gender', 'name', 'location', 'email', 'login']</msg>
<var>${expected_keys}</var>
<arg>gender</arg>
<arg>name</arg>
<arg>location</arg>
<arg>email</arg>
<arg>login</arg>
<doc>Returns a list containing given items.</doc>
<status status="PASS" start="2024-04-02T22:15:13.333569" elapsed="0.000199"/>
</kw>
<for flavor="IN">
<iter>
<kw name="Dictionary Should Contain Key" owner="Collections">
<msg time="2024-04-02T22:15:13.334828" level="INFO">False</msg>
<arg>${json_data['results'][0]}</arg>
<arg>${key}</arg>
<doc>Fails if ``key`` is not found from ``dictionary``.</doc>
<status status="PASS" start="2024-04-02T22:15:13.334390" elapsed="0.000479"/>
</kw>
<kw name="Log" owner="BuiltIn">
<msg time="2024-04-02T22:15:13.335577" level="INFO">{'gender': 'female', 'name': {'title': 'Ms', 'first': 'Alcina', 'last': 'Vieira'}, 'location': {'street': {'number': 3299, 'name': 'Rua Pará '}, 'city': 'Gravataí', 'state': 'Piauí', 'country': 'Brazil', 'postcode': 73901, 'coordinates': {'latitude': '-75.5268', 'longitude': '178.8367'}, 'timezone': {'offset': '-11:00', 'description': 'Midway Island, Samoa'}}, 'email': 'alcina.vieira@example.com', 'login': {'uuid': '0fb0575a-b131-44ec-ba31-879941d1be1c', 'username': 'biglion532', 'password': 'carolyn', 'salt': 'gnes3V0O', 'md5': 'a3c3cbacb0f454432694ddaac70c843b', 'sha1': 'eee33ef2efb7c84a3427dbf6edc9fc094ade0f7d', 'sha256': 'a18e4b4a714a021721b20f0f5e52219bcb71a7afe7c2f7d319e2e0fd0d364ad0'}, 'dob': {'date': '1976-08-29T15:17:14.621Z', 'age': 47}, 'registered': {'date': '2014-09-22T20:58:35.600Z', 'age': 9}, 'phone': '(18) 1781-7625', 'cell': '(26) 7476-1051', 'id': {'name': 'CPF', 'value': '560.275.651-50'}, 'picture': {'large': 'https://randomuser.me/api/portraits/women/26.jpg', 'medium': 'https://randomuser.me/api/portraits/med/women/26.jpg', 'thumbnail': 'https://randomuser.me/api/portraits/thumb/women/26.jpg'}, 'nat': 'BR'}</msg>
<arg>${json_data['results'][0]}</arg>
<doc>Logs the given message with the given level.</doc>
<status status="PASS" start="2024-04-02T22:15:13.335186" elapsed="0.000455"/>
</kw>
<kw name="Log" owner="BuiltIn">
<msg time="2024-04-02T22:15:13.336129" level="INFO">gender</msg>
<arg>${key}</arg>
<doc>Logs the given message with the given level.</doc>
<status status="PASS" start="2024-04-02T22:15:13.335991" elapsed="0.000178"/>
</kw>
<var name="${key}">gender</var>
<status status="PASS" start="2024-04-02T22:15:13.334258" elapsed="0.002137"/>
</iter>
<iter>
<kw name="Dictionary Should Contain Key" owner="Collections">
<msg time="2024-04-02T22:15:13.337116" level="INFO">False</msg>
<arg>${json_data['results'][0]}</arg>
<arg>${key}</arg>
<doc>Fails if ``key`` is not found from ``dictionary``.</doc>
<status status="PASS" start="2024-04-02T22:15:13.336715" elapsed="0.000440"/>
</kw>
<kw name="Log" owner="BuiltIn">
<msg time="2024-04-02T22:15:13.337876" level="INFO">{'gender': 'female', 'name': {'title': 'Ms', 'first': 'Alcina', 'last': 'Vieira'}, 'location': {'street': {'number': 3299, 'name': 'Rua Pará '}, 'city': 'Gravataí', 'state': 'Piauí', 'country': 'Brazil', 'postcode': 73901, 'coordinates': {'latitude': '-75.5268', 'longitude': '178.8367'}, 'timezone': {'offset': '-11:00', 'description': 'Midway Island, Samoa'}}, 'email': 'alcina.vieira@example.com', 'login': {'uuid': '0fb0575a-b131-44ec-ba31-879941d1be1c', 'username': 'biglion532', 'password': 'carolyn', 'salt': 'gnes3V0O', 'md5': 'a3c3cbacb0f454432694ddaac70c843b', 'sha1': 'eee33ef2efb7c84a3427dbf6edc9fc094ade0f7d', 'sha256': 'a18e4b4a714a021721b20f0f5e52219bcb71a7afe7c2f7d319e2e0fd0d364ad0'}, 'dob': {'date': '1976-08-29T15:17:14.621Z', 'age': 47}, 'registered': {'date': '2014-09-22T20:58:35.600Z', 'age': 9}, 'phone': '(18) 1781-7625', 'cell': '(26) 7476-1051', 'id': {'name': 'CPF', 'value': '560.275.651-50'}, 'picture': {'large': 'https://randomuser.me/api/portraits/women/26.jpg', 'medium': 'https://randomuser.me/api/portraits/med/women/26.jpg', 'thumbnail': 'https://randomuser.me/api/portraits/thumb/women/26.jpg'}, 'nat': 'BR'}</msg>
<arg>${json_data['results'][0]}</arg>
<doc>Logs the given message with the given level.</doc>
<status status="PASS" start="2024-04-02T22:15:13.337498" elapsed="0.000427"/>
</kw>
<kw name="Log" owner="BuiltIn">
<msg time="2024-04-02T22:15:13.338367" level="INFO">name</msg>
<arg>${key}</arg>
<doc>Logs the given message with the given level.</doc>
<status status="PASS" start="2024-04-02T22:15:13.338235" elapsed="0.000170"/>
</kw>
<var name="${key}">name</var>
<status status="PASS" start="2024-04-02T22:15:13.336595" elapsed="0.002031"/>
</iter>
<iter>
<kw name="Dictionary Should Contain Key" owner="Collections">
<msg time="2024-04-02T22:15:13.339321" level="INFO">False</msg>
<arg>${json_data['results'][0]}</arg>
<arg>${key}</arg>
<doc>Fails if ``key`` is not found from ``dictionary``.</doc>
<status status="PASS" start="2024-04-02T22:15:13.338932" elapsed="0.000428"/>
</kw>
<kw name="Log" owner="BuiltIn">
<msg time="2024-04-02T22:15:13.340087" level="INFO">{'gender': 'female', 'name': {'title': 'Ms', 'first': 'Alcina', 'last': 'Vieira'}, 'location': {'street': {'number': 3299, 'name': 'Rua Pará '}, 'city': 'Gravataí', 'state': 'Piauí', 'country': 'Brazil', 'postcode': 73901, 'coordinates': {'latitude': '-75.5268', 'longitude': '178.8367'}, 'timezone': {'offset': '-11:00', 'description': 'Midway Island, Samoa'}}, 'email': 'alcina.vieira@example.com', 'login': {'uuid': '0fb0575a-b131-44ec-ba31-879941d1be1c', 'username': 'biglion532', 'password': 'carolyn', 'salt': 'gnes3V0O', 'md5': 'a3c3cbacb0f454432694ddaac70c843b', 'sha1': 'eee33ef2efb7c84a3427dbf6edc9fc094ade0f7d', 'sha256': 'a18e4b4a714a021721b20f0f5e52219bcb71a7afe7c2f7d319e2e0fd0d364ad0'}, 'dob': {'date': '1976-08-29T15:17:14.621Z', 'age': 47}, 'registered': {'date': '2014-09-22T20:58:35.600Z', 'age': 9}, 'phone': '(18) 1781-7625', 'cell': '(26) 7476-1051', 'id': {'name': 'CPF', 'value': '560.275.651-50'}, 'picture': {'large': 'https://randomuser.me/api/portraits/women/26.jpg', 'medium': 'https://randomuser.me/api/portraits/med/women/26.jpg', 'thumbnail': 'https://randomuser.me/api/portraits/thumb/women/26.jpg'}, 'nat': 'BR'}</msg>
<arg>${json_data['results'][0]}</arg>
<doc>Logs the given message with the given level.</doc>
<status status="PASS" start="2024-04-02T22:15:13.339672" elapsed="0.000472"/>
</kw>
<kw name="Log" owner="BuiltIn">
<msg time="2024-04-02T22:15:13.340591" level="INFO">location</msg>
<arg>${key}</arg>
<doc>Logs the given message with the given level.</doc>
<status status="PASS" start="2024-04-02T22:15:13.340460" elapsed="0.000169"/>
</kw>
<var name="${key}">location</var>
<status status="PASS" start="2024-04-02T22:15:13.338817" elapsed="0.002036"/>
</iter>
<iter>
<kw name="Dictionary Should Contain Key" owner="Collections">
<msg time="2024-04-02T22:15:13.341539" level="INFO">False</msg>
<arg>${json_data['results'][0]}</arg>
<arg>${key}</arg>
<doc>Fails if ``key`` is not found from ``dictionary``.</doc>
<status status="PASS" start="2024-04-02T22:15:13.341150" elapsed="0.000428"/>
</kw>
<kw name="Log" owner="BuiltIn">
<msg time="2024-04-02T22:15:13.342247" level="INFO">{'gender': 'female', 'name': {'title': 'Ms', 'first': 'Alcina', 'last': 'Vieira'}, 'location': {'street': {'number': 3299, 'name': 'Rua Pará '}, 'city': 'Gravataí', 'state': 'Piauí', 'country': 'Brazil', 'postcode': 73901, 'coordinates': {'latitude': '-75.5268', 'longitude': '178.8367'}, 'timezone': {'offset': '-11:00', 'description': 'Midway Island, Samoa'}}, 'email': 'alcina.vieira@example.com', 'login': {'uuid': '0fb0575a-b131-44ec-ba31-879941d1be1c', 'username': 'biglion532', 'password': 'carolyn', 'salt': 'gnes3V0O', 'md5': 'a3c3cbacb0f454432694ddaac70c843b', 'sha1': 'eee33ef2efb7c84a3427dbf6edc9fc094ade0f7d', 'sha256': 'a18e4b4a714a021721b20f0f5e52219bcb71a7afe7c2f7d319e2e0fd0d364ad0'}, 'dob': {'date': '1976-08-29T15:17:14.621Z', 'age': 47}, 'registered': {'date': '2014-09-22T20:58:35.600Z', 'age': 9}, 'phone': '(18) 1781-7625', 'cell': '(26) 7476-1051', 'id': {'name': 'CPF', 'value': '560.275.651-50'}, 'picture': {'large': 'https://randomuser.me/api/portraits/women/26.jpg', 'medium': 'https://randomuser.me/api/portraits/med/women/26.jpg', 'thumbnail': 'https://randomuser.me/api/portraits/thumb/women/26.jpg'}, 'nat': 'BR'}</msg>
<arg>${json_data['results'][0]}</arg>
<doc>Logs the given message with the given level.</doc>
<status status="PASS" start="2024-04-02T22:15:13.341883" elapsed="0.000415"/>
</kw>
<kw name="Log" owner="BuiltIn">
<msg time="2024-04-02T22:15:13.342726" level="INFO">email</msg>
<arg>${key}</arg>
<doc>Logs the given message with the given level.</doc>
<status status="PASS" start="2024-04-02T22:15:13.342596" elapsed="0.000169"/>
</kw>
<var name="${key}">email</var>
<status status="PASS" start="2024-04-02T22:15:13.341037" elapsed="0.001959"/>
</iter>
<iter>
<kw name="Dictionary Should Contain Key" owner="Collections">
<msg time="2024-04-02T22:15:13.343697" level="INFO">False</msg>
<arg>${json_data['results'][0]}</arg>
<arg>${key}</arg>
<doc>Fails if ``key`` is not found from ``dictionary``.</doc>
<status status="PASS" start="2024-04-02T22:15:13.343293" elapsed="0.000443"/>
</kw>
<kw name="Log" owner="BuiltIn">
<msg time="2024-04-02T22:15:13.344431" level="INFO">{'gender': 'female', 'name': {'title': 'Ms', 'first': 'Alcina', 'last': 'Vieira'}, 'location': {'street': {'number': 3299, 'name': 'Rua Pará '}, 'city': 'Gravataí', 'state': 'Piauí', 'country': 'Brazil', 'postcode': 73901, 'coordinates': {'latitude': '-75.5268', 'longitude': '178.8367'}, 'timezone': {'offset': '-11:00', 'description': 'Midway Island, Samoa'}}, 'email': 'alcina.vieira@example.com', 'login': {'uuid': '0fb0575a-b131-44ec-ba31-879941d1be1c', 'username': 'biglion532', 'password': 'carolyn', 'salt': 'gnes3V0O', 'md5': 'a3c3cbacb0f454432694ddaac70c843b', 'sha1': 'eee33ef2efb7c84a3427dbf6edc9fc094ade0f7d', 'sha256': 'a18e4b4a714a021721b20f0f5e52219bcb71a7afe7c2f7d319e2e0fd0d364ad0'}, 'dob': {'date': '1976-08-29T15:17:14.621Z', 'age': 47}, 'registered': {'date': '2014-09-22T20:58:35.600Z', 'age': 9}, 'phone': '(18) 1781-7625', 'cell': '(26) 7476-1051', 'id': {'name': 'CPF', 'value': '560.275.651-50'}, 'picture': {'large': 'https://randomuser.me/api/portraits/women/26.jpg', 'medium': 'https://randomuser.me/api/portraits/med/women/26.jpg', 'thumbnail': 'https://randomuser.me/api/portraits/thumb/women/26.jpg'}, 'nat': 'BR'}</msg>
<arg>${json_data['results'][0]}</arg>
<doc>Logs the given message with the given level.</doc>
<status status="PASS" start="2024-04-02T22:15:13.344067" elapsed="0.000414"/>
</kw>
<kw name="Log" owner="BuiltIn">
<msg time="2024-04-02T22:15:13.344918" level="INFO">login</msg>
<arg>${key}</arg>
<doc>Logs the given message with the given level.</doc>
<status status="PASS" start="2024-04-02T22:15:13.344787" elapsed="0.000293"/>
</kw>
<var name="${key}">login</var>
<status status="PASS" start="2024-04-02T22:15:13.343177" elapsed="0.002134"/>
</iter>
<var>${key}</var>
<value>@{expected_keys}</value>
<status status="PASS" start="2024-04-02T22:15:13.334041" elapsed="0.011425"/>
</for>
<kw name="Create List" owner="BuiltIn">
<msg time="2024-04-02T22:15:13.345831" level="INFO">${expected_keysTwo} = ['username', 'password']</msg>
<var>${expected_keysTwo}</var>
<arg>username</arg>
<arg>password</arg>
<doc>Returns a list containing given items.</doc>
<status status="PASS" start="2024-04-02T22:15:13.345677" elapsed="0.000179"/>
</kw>
<for flavor="IN">
<iter>
<kw name="Dictionary Should Contain Key" owner="Collections">
<msg time="2024-04-02T22:15:13.346773" level="INFO">False</msg>
<arg>${json_data['results'][0]['login']}</arg>
<arg>${keyTwo}</arg>
<doc>Fails if ``key`` is not found from ``dictionary``.</doc>
<status status="PASS" start="2024-04-02T22:15:13.346379" elapsed="0.000433"/>
</kw>
<kw name="Dictionary Should Contain Key" owner="Collections">
<msg time="2024-04-02T22:15:13.347501" level="INFO">False</msg>
<arg>${json_data['results'][0]['login']}</arg>
<arg>${keyTwo}</arg>
<doc>Fails if ``key`` is not found from ``dictionary``.</doc>
<status status="PASS" start="2024-04-02T22:15:13.347116" elapsed="0.000424"/>
</kw>
<kw name="Log" owner="BuiltIn">
<msg time="2024-04-02T22:15:13.348010" level="INFO">username</msg>
<arg>${keyTwo}</arg>
<doc>Logs the given message with the given level.</doc>
<status status="PASS" start="2024-04-02T22:15:13.347874" elapsed="0.000174"/>
</kw>
<var name="${keyTwo}">username</var>
<status status="PASS" start="2024-04-02T22:15:13.346269" elapsed="0.002001"/>
</iter>
<iter>
<kw name="Dictionary Should Contain Key" owner="Collections">
<msg time="2024-04-02T22:15:13.348945" level="INFO">False</msg>
<arg>${json_data['results'][0]['login']}</arg>
<arg>${keyTwo}</arg>
<doc>Fails if ``key`` is not found from ``dictionary``.</doc>
<status status="PASS" start="2024-04-02T22:15:13.348566" elapsed="0.000418"/>
</kw>
<kw name="Dictionary Should Contain Key" owner="Collections">
<msg time="2024-04-02T22:15:13.349668" level="INFO">False</msg>
<arg>${json_data['results'][0]['login']}</arg>
<arg>${keyTwo}</arg>
<doc>Fails if ``key`` is not found from ``dictionary``.</doc>
<status status="PASS" start="2024-04-02T22:15:13.349284" elapsed="0.000423"/>
</kw>
<kw name="Log" owner="BuiltIn">
<msg time="2024-04-02T22:15:13.350133" level="INFO">password</msg>
<arg>${keyTwo}</arg>
<doc>Logs the given message with the given level.</doc>
<status status="PASS" start="2024-04-02T22:15:13.350002" elapsed="0.000170"/>
</kw>
<var name="${keyTwo}">password</var>
<status status="PASS" start="2024-04-02T22:15:13.348456" elapsed="0.001936"/>
</iter>
<var>${keyTwo}</var>
<value>@{expected_keysTwo}</value>
<status status="PASS" start="2024-04-02T22:15:13.346102" elapsed="0.004415"/>
</for>
<status status="PASS" start="2024-04-02T22:15:13.244407" elapsed="0.106259"/>
</kw>
<doc>Testa a estrutura da resposta da API.</doc>
<tag>testeEstruturaResposta</tag>
<status status="PASS" start="2024-04-02T22:15:13.243651" elapsed="0.107185"/>
</test>
<test id="s1-s1-t4" name="Validar tipos de dados" line="28">
<kw name="Teste de Tipos de Dados" owner="random-user-service">
<kw name="GET On Session" owner="RequestsLibrary">
<msg time="2024-04-02T22:15:13.432129" level="INFO">GET Request : url=https://randomuser.me/api 
 path_url=/api 
 headers={'User-Agent': 'python-requests/2.31.0', 'Accept-Encoding': 'gzip, deflate', 'Accept': '*/*', 'Connection': 'keep-alive'} 
 body=None 
 </msg>
<msg time="2024-04-02T22:15:13.432232" level="INFO">GET Response : url=https://randomuser.me/api 
 status=200, reason=OK 
 headers={'Date': 'Tue, 02 Apr 2024 22:15:13 GMT', 'Content-Type': 'application/json; charset=utf-8', 'Transfer-Encoding': 'chunked', 'Connection': 'keep-alive', 'X-Powered-By': 'Express', 'Access-Control-Allow-Origin': '*', 'Cache-Control': 'no-cache', 'ETag': 'W/"49b-2qqnOpYnxSBPpZh2AM7WcQtl3qs"', 'Vary': 'Accept-Encoding', 'Content-Encoding': 'gzip', 'CF-Cache-Status': 'DYNAMIC', 'Report-To': '{"endpoints":[{"url":"https:\\/\\/a.nel.cloudflare.com\\/report\\/v4?s=oQda0Mcj5E7abj3okfIlXW7OCIceuNgOblfeEFNVMEuRONKUHUH9FaO%2FjlKl2MPdYVBlPKXq703x%2BG9yUmdoD2p2OGirCKAY6MbvBTglmNtOd%2FAgMIurLTH35rxXNN3I"}],"group":"cf-nel","max_age":604800}', 'NEL': '{"success_fraction":0,"report_to":"cf-nel","max_age":604800}', 'Server': 'cloudflare', 'CF-RAY': '86e42d247ca63b2c-IAD', 'alt-svc': 'h3=":443"; ma=86400'} 
 body={"results":[{"gender":"male","name":{"title":"Mr","first":"Dorian","last":"Lopez"},"location":{"street":{"number":7227,"name":"Rue du Bât-D'Argent"},"city":"Nancy","state":"Bas-Rhin","country":"France","postcode":46403,"coordinates":{"latitude":"-14.5962","longitude":"-165.6060"},"timezone":{"offset":"+1:00","description":"Brussels, Copenhagen, Madrid, Paris"}},"email":"dorian.lopez@example.com","login":{"uuid":"397bc816-4106-4a6b-8a29-84d863633fae","username":"blackmeercat583","password":"nimitz","salt":"thcANzTb","md5":"79ff14efd3f0f42153dc6ab99bbab8c3","sha1":"d5e52fea3f12d39d9c6bd3b563fc96230f24ce40","sha256":"08673d4d10948c387b7b9a44a9d79197d62fc59da0409186edfe1b017b4f5efc"},"dob":{"date":"1961-03-16T22:32:52.840Z","age":63},"registered":{"date":"2019-01-31T03:48:21.839Z","age":5},"phone":"03-23-12-96-98","cell":"06-83-89-26-07","id":{"name":"INSEE","value":"1610255498015 50"},"picture":{"large":"https://randomuser.me/api/portraits/men/54.jpg","medium":"https://randomuser.me/api/portraits/med/men/54.jpg","thumbnail":"https://randomuser.me/api/portraits/thumb/men/54.jpg"},"nat":"FR"}],"info":{"seed":"d245dedb8a6ace32","results":1,"page":1,"version":"1.4"}} 
 </msg>
<msg time="2024-04-02T22:15:13.432309" level="INFO">/opt/hostedtoolcache/Python/3.12.2/x64/lib/python3.12/site-packages/urllib3/connectionpool.py:1103: InsecureRequestWarning: Unverified HTTPS request is being made to host 'randomuser.me'. Adding certificate verification is strongly advised. See: https://urllib3.readthedocs.io/en/latest/advanced-usage.html#tls-warnings
  warnings.warn(</msg>
<msg time="2024-04-02T22:15:13.432455" level="INFO">${response} = &lt;Response [200]&gt;</msg>
<var>${response}</var>
<arg>consultarAPI</arg>
<arg>/api</arg>
<doc>Sends a GET request on a previously created HTTP Session.</doc>
<status status="PASS" start="2024-04-02T22:15:13.353530" elapsed="0.078970"/>
</kw>
<kw name="Set Variable" owner="BuiltIn">
<msg time="2024-04-02T22:15:13.433576" level="INFO">${json_data} = {'results': [{'gender': 'male', 'name': {'title': 'Mr', 'first': 'Dorian', 'last': 'Lopez'}, 'location': {'street': {'number': 7227, 'name': "Rue du Bât-D'Argent"}, 'city': 'Nancy', 'state': 'Bas-Rhin...</msg>
<var>${json_data}</var>
<arg>${response.json()}</arg>
<doc>Returns the given values which can then be assigned to a variables.</doc>
<status status="PASS" start="2024-04-02T22:15:13.433030" elapsed="0.000576"/>
</kw>
<kw name="Log" owner="BuiltIn">
<msg time="2024-04-02T22:15:13.434164" level="INFO">{'results': [{'gender': 'male', 'name': {'title': 'Mr', 'first': 'Dorian', 'last': 'Lopez'}, 'location': {'street': {'number': 7227, 'name': "Rue du Bât-D'Argent"}, 'city': 'Nancy', 'state': 'Bas-Rhin', 'country': 'France', 'postcode': 46403, 'coordinates': {'latitude': '-14.5962', 'longitude': '-165.6060'}, 'timezone': {'offset': '+1:00', 'description': 'Brussels, Copenhagen, Madrid, Paris'}}, 'email': 'dorian.lopez@example.com', 'login': {'uuid': '397bc816-4106-4a6b-8a29-84d863633fae', 'username': 'blackmeercat583', 'password': 'nimitz', 'salt': 'thcANzTb', 'md5': '79ff14efd3f0f42153dc6ab99bbab8c3', 'sha1': 'd5e52fea3f12d39d9c6bd3b563fc96230f24ce40', 'sha256': '08673d4d10948c387b7b9a44a9d79197d62fc59da0409186edfe1b017b4f5efc'}, 'dob': {'date': '1961-03-16T22:32:52.840Z', 'age': 63}, 'registered': {'date': '2019-01-31T03:48:21.839Z', 'age': 5}, 'phone': '03-23-12-96-98', 'cell': '06-83-89-26-07', 'id': {'name': 'INSEE', 'value': '1610255498015 50'}, 'picture': {'large': 'https://randomuser.me/api/portraits/men/54.jpg', 'medium': 'https://randomuser.me/api/portraits/med/men/54.jpg', 'thumbnail': 'https://randomuser.me/api/portraits/thumb/men/54.jpg'}, 'nat': 'FR'}], 'info': {'seed': 'd245dedb8a6ace32', 'results': 1, 'page': 1, 'version': '1.4'}}</msg>
<arg>${json_data}</arg>
<doc>Logs the given message with the given level.</doc>
<status status="PASS" start="2024-04-02T22:15:13.433983" elapsed="0.000273"/>
</kw>
<kw name="Should Be String" owner="String">
<arg>${json_data['results'][0]['gender']}</arg>
<doc>Fails if the given ``item`` is not a string.</doc>
<status status="PASS" start="2024-04-02T22:15:13.434595" elapsed="0.000393"/>
</kw>
<kw name="Should Match Regexp" owner="BuiltIn">
<arg>${json_data['results'][0]['email']}</arg>
<arg>^[a-zA-Z0-9._%+-]+@[a-zA-Z0-9.-]+\.[a-zA-Z]{2,}$</arg>
<doc>Fails if ``string`` does not match ``pattern`` as a regular expression.</doc>
<status status="PASS" start="2024-04-02T22:15:13.435195" elapsed="0.000549"/>
</kw>
<kw name="Should Match Regexp" owner="BuiltIn">
<arg>${json_data['results'][0]['dob']['date']}</arg>
<arg>\\d{4}-\\d{2}-\\d{2}T\\d{2}:\\d{2}:\\d{2}\\.\\d{3}Z</arg>
<doc>Fails if ``string`` does not match ``pattern`` as a regular expression.</doc>
<status status="PASS" start="2024-04-02T22:15:13.435973" elapsed="0.000525"/>
</kw>
<kw name="Should Match Regexp" owner="BuiltIn">
<arg>${json_data['results'][0]['registered']['date']}</arg>
<arg>\\d{4}-\\d{2}-\\d{2}T\\d{2}:\\d{2}:\\d{2}\\.\\d{3}Z</arg>
<doc>Fails if ``string`` does not match ``pattern`` as a regular expression.</doc>
<status status="PASS" start="2024-04-02T22:15:13.436697" elapsed="0.000381"/>
</kw>
<kw name="Should Match Regexp" owner="BuiltIn">
<arg>${json_data['results'][0]['picture']['large']}</arg>
<arg>^https?://.*\.(?:png|jpe?g|gif|bmp)$</arg>
<doc>Fails if ``string`` does not match ``pattern`` as a regular expression.</doc>
<status status="PASS" start="2024-04-02T22:15:13.437271" elapsed="0.000470"/>
</kw>
<kw name="Should Match Regexp" owner="BuiltIn">
<arg>${json_data['results'][0]['picture']['medium']}</arg>
<arg>^https?://.*\.(?:png|jpe?g|gif|bmp)$</arg>
<doc>Fails if ``string`` does not match ``pattern`` as a regular expression.</doc>
<status status="PASS" start="2024-04-02T22:15:13.437934" elapsed="0.000370"/>
</kw>
<kw name="Should Match Regexp" owner="BuiltIn">
<arg>${json_data['results'][0]['picture']['thumbnail']}</arg>
<arg>^https?://.*\.(?:png|jpe?g|gif|bmp)$</arg>
<doc>Fails if ``string`` does not match ``pattern`` as a regular expression.</doc>
<status status="PASS" start="2024-04-02T22:15:13.438492" elapsed="0.000360"/>
</kw>
<kw name="Log" owner="BuiltIn">
<msg time="2024-04-02T22:15:13.439373" level="INFO">{'large': 'https://randomuser.me/api/portraits/men/54.jpg', 'medium': 'https://randomuser.me/api/portraits/med/men/54.jpg', 'thumbnail': 'https://randomuser.me/api/portraits/thumb/men/54.jpg'}</msg>
<arg>${json_data['results'][0]['picture']}</arg>
<doc>Logs the given message with the given level.</doc>
<status status="PASS" start="2024-04-02T22:15:13.439035" elapsed="0.000384"/>
</kw>
<status status="PASS" start="2024-04-02T22:15:13.353286" elapsed="0.086402"/>
</kw>
<kw name="Teste de Tipos de Dados - Postcode" owner="random-user-service">
<kw name="GET On Session" owner="RequestsLibrary">
<msg time="2024-04-02T22:15:13.529539" level="INFO">GET Request : url=https://randomuser.me/api 
 path_url=/api 
 headers={'User-Agent': 'python-requests/2.31.0', 'Accept-Encoding': 'gzip, deflate', 'Accept': '*/*', 'Connection': 'keep-alive'} 
 body=None 
 </msg>
<msg time="2024-04-02T22:15:13.529640" level="INFO">GET Response : url=https://randomuser.me/api 
 status=200, reason=OK 
 headers={'Date': 'Tue, 02 Apr 2024 22:15:13 GMT', 'Content-Type': 'application/json; charset=utf-8', 'Transfer-Encoding': 'chunked', 'Connection': 'keep-alive', 'X-Powered-By': 'Express', 'Access-Control-Allow-Origin': '*', 'Cache-Control': 'no-cache', 'ETag': 'W/"48d-MTDjSMA7Vy0Y/sGkmT7tbiZvjPU"', 'Vary': 'Accept-Encoding', 'Content-Encoding': 'gzip', 'CF-Cache-Status': 'DYNAMIC', 'Report-To': '{"endpoints":[{"url":"https:\\/\\/a.nel.cloudflare.com\\/report\\/v4?s=y0ErM%2FQ4JkxhjDyQ3xEx0IPr2RKlRrLcHI5%2BcmkZG%2BFoPCDzeLjpqLNd7FqhL39gWf5U4mJ91TPDNP0azjYAapY5vl6aDqhs1rTL41kXjQTiSvgdb1HkT%2BHfkxjyKQHo"}],"group":"cf-nel","max_age":604800}', 'NEL': '{"success_fraction":0,"report_to":"cf-nel","max_age":604800}', 'Server': 'cloudflare', 'CF-RAY': '86e42d250d753b2c-IAD', 'alt-svc': 'h3=":443"; ma=86400'} 
 body={"results":[{"gender":"male","name":{"title":"Mr","first":"Matthew","last":"Walker"},"location":{"street":{"number":6211,"name":"Mt Albert Road"},"city":"Tauranga","state":"Nelson","country":"New Zealand","postcode":22787,"coordinates":{"latitude":"52.8201","longitude":"-111.2767"},"timezone":{"offset":"+11:00","description":"Magadan, Solomon Islands, New Caledonia"}},"email":"matthew.walker@example.com","login":{"uuid":"bcf98c72-9f49-4816-8e5f-adf6da918470","username":"goldenwolf670","password":"tuscl","salt":"J0tMGhAb","md5":"c04855262165690d9f2c381d1e289e75","sha1":"0152562fea336ccd0ecb92ec58cc52831f9545fe","sha256":"b52cf355f6b3513b0e5c167b80e013cbb2748e87910d760d3aa4a1a0c97a2250"},"dob":{"date":"1993-02-16T03:59:24.429Z","age":31},"registered":{"date":"2021-09-07T10:10:39.454Z","age":2},"phone":"(866)-052-4064","cell":"(899)-809-6973","id":{"name":"","value":null},"picture":{"large":"https://randomuser.me/api/portraits/men/43.jpg","medium":"https://randomuser.me/api/portraits/med/men/43.jpg","thumbnail":"https://randomuser.me/api/portraits/thumb/men/43.jpg"},"nat":"NZ"}],"info":{"seed":"6ccbca50a38980a0","results":1,"page":1,"version":"1.4"}} 
 </msg>
<msg time="2024-04-02T22:15:13.529728" level="INFO">/opt/hostedtoolcache/Python/3.12.2/x64/lib/python3.12/site-packages/urllib3/connectionpool.py:1103: InsecureRequestWarning: Unverified HTTPS request is being made to host 'randomuser.me'. Adding certificate verification is strongly advised. See: https://urllib3.readthedocs.io/en/latest/advanced-usage.html#tls-warnings
  warnings.warn(</msg>
<msg time="2024-04-02T22:15:13.529875" level="INFO">${response} = &lt;Response [200]&gt;</msg>
<var>${response}</var>
<arg>consultarAPI</arg>
<arg>/api</arg>
<doc>Sends a GET request on a previously created HTTP Session.</doc>
<status status="PASS" start="2024-04-02T22:15:13.440361" elapsed="0.089561"/>
</kw>
<kw name="Set Variable" owner="BuiltIn">
<msg time="2024-04-02T22:15:13.531037" level="INFO">${json_data} = {'results': [{'gender': 'male', 'name': {'title': 'Mr', 'first': 'Matthew', 'last': 'Walker'}, 'location': {'street': {'number': 6211, 'name': 'Mt Albert Road'}, 'city': 'Tauranga', 'state': 'Nelson',...</msg>
<var>${json_data}</var>
<arg>${response.json()}</arg>
<doc>Returns the given values which can then be assigned to a variables.</doc>
<status status="PASS" start="2024-04-02T22:15:13.530488" elapsed="0.000578"/>
</kw>
<kw name="Log" owner="BuiltIn">
<msg time="2024-04-02T22:15:13.531600" level="INFO">{'results': [{'gender': 'male', 'name': {'title': 'Mr', 'first': 'Matthew', 'last': 'Walker'}, 'location': {'street': {'number': 6211, 'name': 'Mt Albert Road'}, 'city': 'Tauranga', 'state': 'Nelson', 'country': 'New Zealand', 'postcode': 22787, 'coordinates': {'latitude': '52.8201', 'longitude': '-111.2767'}, 'timezone': {'offset': '+11:00', 'description': 'Magadan, Solomon Islands, New Caledonia'}}, 'email': 'matthew.walker@example.com', 'login': {'uuid': 'bcf98c72-9f49-4816-8e5f-adf6da918470', 'username': 'goldenwolf670', 'password': 'tuscl', 'salt': 'J0tMGhAb', 'md5': 'c04855262165690d9f2c381d1e289e75', 'sha1': '0152562fea336ccd0ecb92ec58cc52831f9545fe', 'sha256': 'b52cf355f6b3513b0e5c167b80e013cbb2748e87910d760d3aa4a1a0c97a2250'}, 'dob': {'date': '1993-02-16T03:59:24.429Z', 'age': 31}, 'registered': {'date': '2021-09-07T10:10:39.454Z', 'age': 2}, 'phone': '(866)-052-4064', 'cell': '(899)-809-6973', 'id': {'name': '', 'value': None}, 'picture': {'large': 'https://randomuser.me/api/portraits/men/43.jpg', 'medium': 'https://randomuser.me/api/portraits/med/men/43.jpg', 'thumbnail': 'https://randomuser.me/api/portraits/thumb/men/43.jpg'}, 'nat': 'NZ'}], 'info': {'seed': '6ccbca50a38980a0', 'results': 1, 'page': 1, 'version': '1.4'}}</msg>
<arg>${json_data}</arg>
<doc>Logs the given message with the given level.</doc>
<status status="PASS" start="2024-04-02T22:15:13.531426" elapsed="0.000259"/>
</kw>
<kw name="Should Be Equal As Numbers" owner="BuiltIn">
<arg>${json_data['results'][0]['location']['postcode']}</arg>
<arg>${json_data['results'][0]['location']['postcode']}</arg>
<doc>Fails if objects are unequal after converting them to real numbers.</doc>
<status status="PASS" start="2024-04-02T22:15:13.532065" elapsed="0.000660"/>
</kw>
<kw name="Log" owner="BuiltIn">
<msg time="2024-04-02T22:15:13.533270" level="INFO">22787</msg>
<arg>${json_data['results'][0]['location']['postcode']}</arg>
<doc>Logs the given message with the given level.</doc>
<status status="PASS" start="2024-04-02T22:15:13.532929" elapsed="0.000383"/>
</kw>
<status status="PASS" start="2024-04-02T22:15:13.439953" elapsed="0.093624"/>
</kw>
<doc>Testa se os tipos de dados na resposta da API estão corretos.</doc>
<tag>testeTiposDados</tag>
<status status="PASS" start="2024-04-02T22:15:13.352707" elapsed="0.181049"/>
</test>
<test id="s1-s1-t5" name="Validar conteudo" line="35">
<kw name="Teste de Tipos de Conteudo" owner="random-user-service">
<kw name="GET On Session" owner="RequestsLibrary">
<msg time="2024-04-02T22:15:13.631715" level="INFO">GET Request : url=https://randomuser.me/api 
 path_url=/api 
 headers={'User-Agent': 'python-requests/2.31.0', 'Accept-Encoding': 'gzip, deflate', 'Accept': '*/*', 'Connection': 'keep-alive'} 
 body=None 
 </msg>
<msg time="2024-04-02T22:15:13.631849" level="INFO">GET Response : url=https://randomuser.me/api 
 status=200, reason=OK 
 headers={'Date': 'Tue, 02 Apr 2024 22:15:13 GMT', 'Content-Type': 'application/json; charset=utf-8', 'Transfer-Encoding': 'chunked', 'Connection': 'keep-alive', 'X-Powered-By': 'Express', 'Access-Control-Allow-Origin': '*', 'Cache-Control': 'no-cache', 'ETag': 'W/"481-F9XuNdD4fdrO2uGw5CQUjVu+s74"', 'Vary': 'Accept-Encoding', 'Content-Encoding': 'gzip', 'CF-Cache-Status': 'DYNAMIC', 'Report-To': '{"endpoints":[{"url":"https:\\/\\/a.nel.cloudflare.com\\/report\\/v4?s=LapuBlsjvpbTHeLbHGmNf1iGLRlYJansC17jTo7MVMnDvEicE9NBtuZkmgb0c6VDClR4w66dXij9PcY0pw0VdrEAkPbipieEWNI2lrxFosrnFFI1PbPlWgNhubQppo1g"}],"group":"cf-nel","max_age":604800}', 'NEL': '{"success_fraction":0,"report_to":"cf-nel","max_age":604800}', 'Server': 'cloudflare', 'CF-RAY': '86e42d25ae933b2c-IAD', 'alt-svc': 'h3=":443"; ma=86400'} 
 body={"results":[{"gender":"male","name":{"title":"Mr","first":"Branislav","last":"Filipović"},"location":{"street":{"number":4765,"name":"Tatjane Bošnjak"},"city":"Veliko Gradište","state":"Bor","country":"Serbia","postcode":86804,"coordinates":{"latitude":"59.4442","longitude":"-105.9159"},"timezone":{"offset":"-9:00","description":"Alaska"}},"email":"branislav.filipovic@example.com","login":{"uuid":"1217de0d-6618-47c7-9081-a582d3df1e2f","username":"lazybutterfly672","password":"9999","salt":"xAeICWBv","md5":"f95cac09828cb10529888912d7a588c3","sha1":"38a44066a8aa827910fe539adf4bbd8776ad3cd6","sha256":"334115280f9f4f89b05c933d841b971b013f9fc2a398a1b7a2456a31e4d2d225"},"dob":{"date":"1963-10-08T07:20:09.486Z","age":60},"registered":{"date":"2012-08-04T17:31:23.275Z","age":11},"phone":"031-8909-193","cell":"064-7622-672","id":{"name":"SID","value":"678504746"},"picture":{"large":"https://randomuser.me/api/portraits/men/13.jpg","medium":"https://randomuser.me/api/portraits/med/men/13.jpg","thumbnail":"https://randomuser.me/api/portraits/thumb/men/13.jpg"},"nat":"RS"}],"info":{"seed":"5f0cd3dc20cfb04a","results":1,"page":1,"version":"1.4"}} 
 </msg>
<msg time="2024-04-02T22:15:13.631923" level="INFO">/opt/hostedtoolcache/Python/3.12.2/x64/lib/python3.12/site-packages/urllib3/connectionpool.py:1103: InsecureRequestWarning: Unverified HTTPS request is being made to host 'randomuser.me'. Adding certificate verification is strongly advised. See: https://urllib3.readthedocs.io/en/latest/advanced-usage.html#tls-warnings
  warnings.warn(</msg>
<msg time="2024-04-02T22:15:13.632043" level="INFO">${response} = &lt;Response [200]&gt;</msg>
<var>${response}</var>
<arg>consultarAPI</arg>
<arg>/api</arg>
<doc>Sends a GET request on a previously created HTTP Session.</doc>
<status status="PASS" start="2024-04-02T22:15:13.536720" elapsed="0.095349"/>
</kw>
<kw name="Set Variable" owner="BuiltIn">
<msg time="2024-04-02T22:15:13.633152" level="INFO">${json_data} = {'results': [{'gender': 'male', 'name': {'title': 'Mr', 'first': 'Branislav', 'last': 'Filipović'}, 'location': {'street': {'number': 4765, 'name': 'Tatjane Bošnjak'}, 'city': 'Veliko Gradište', 'stat...</msg>
<var>${json_data}</var>
<arg>${response.json()}</arg>
<doc>Returns the given values which can then be assigned to a variables.</doc>
<status status="PASS" start="2024-04-02T22:15:13.632619" elapsed="0.000564"/>
</kw>
<kw name="Set Variable" owner="BuiltIn">
<msg time="2024-04-02T22:15:13.633875" level="INFO">${name_title} = Mr</msg>
<var>${name_title}</var>
<arg>${json_data["results"][0]["name"]["title"]}</arg>
<doc>Returns the given values which can then be assigned to a variables.</doc>
<status status="PASS" start="2024-04-02T22:15:13.633496" elapsed="0.000404"/>
</kw>
<kw name="Create List" owner="BuiltIn">
<msg time="2024-04-02T22:15:13.634351" level="INFO">${allowed_titles} = ['Mr', 'Ms', 'Miss', 'Mrs', 'Madame', 'Monsieur']</msg>
<var>${allowed_titles}</var>
<arg>Mr</arg>
<arg>Ms</arg>
<arg>Miss</arg>
<arg>Mrs</arg>
<arg>Madame</arg>
<arg>Monsieur</arg>
<doc>Returns a list containing given items.</doc>
<status status="PASS" start="2024-04-02T22:15:13.634201" elapsed="0.000174"/>
</kw>
<kw name="List Should Contain Value" owner="Collections">
<msg time="2024-04-02T22:15:13.634859" level="INFO">False</msg>
<arg>${allowed_titles}</arg>
<arg>${name_title}</arg>
<doc>Fails if the ``value`` is not found from ``list``.</doc>
<status status="PASS" start="2024-04-02T22:15:13.634679" elapsed="0.000217"/>
</kw>
<kw name="Set Variable" owner="BuiltIn">
<msg time="2024-04-02T22:15:13.635570" level="INFO">${name_country} = RS</msg>
<var>${name_country}</var>
<arg>${json_data["results"][0]["nat"]}</arg>
<doc>Returns the given values which can then be assigned to a variables.</doc>
<status status="PASS" start="2024-04-02T22:15:13.635192" elapsed="0.000403"/>
</kw>
<kw name="Create List" owner="BuiltIn">
<msg time="2024-04-02T22:15:13.636533" level="INFO">${list_country} = ['AD', 'AE', 'AF', 'AG', 'AI', 'AL', 'AM', 'AO', 'AQ', 'AR', 'AS', 'AT', 'AU', 'AW', 'AX', 'AZ', 'BA', 'BB', 'BD', 'BE', 'BF', 'BG', 'BH', 'BI', 'BJ', 'BL', 'BM', 'BN', 'BO', 'BQ', 'BR', 'BS', 'BT', '...</msg>
<var>${list_country}</var>
<arg>AD</arg>
<arg>AE</arg>
<arg>AF</arg>
<arg>AG</arg>
<arg>AI</arg>
<arg>AL</arg>
<arg>AM</arg>
<arg>AO</arg>
<arg>AQ</arg>
<arg>AR</arg>
<arg>AS</arg>
<arg>AT</arg>
<arg>AU</arg>
<arg>AW</arg>
<arg>AX</arg>
<arg>AZ</arg>
<arg>BA</arg>
<arg>BB</arg>
<arg>BD</arg>
<arg>BE</arg>
<arg>BF</arg>
<arg>BG</arg>
<arg>BH</arg>
<arg>BI</arg>
<arg>BJ</arg>
<arg>BL</arg>
<arg>BM</arg>
<arg>BN</arg>
<arg>BO</arg>
<arg>BQ</arg>
<arg>BR</arg>
<arg>BS</arg>
<arg>BT</arg>
<arg>BV</arg>
<arg>BW</arg>
<arg>BY</arg>
<arg>BZ</arg>
<arg>CA</arg>
<arg>CC</arg>
<arg>CD</arg>
<arg>CF</arg>
<arg>CG</arg>
<arg>CH</arg>
<arg>CI</arg>
<arg>CK</arg>
<arg>CL</arg>
<arg>CM</arg>
<arg>CN</arg>
<arg>CO</arg>
<arg>CR</arg>
<arg>CU</arg>
<arg>CV</arg>
<arg>CW</arg>
<arg>CX</arg>
<arg>CY</arg>
<arg>CZ</arg>
<arg>DE</arg>
<arg>DJ</arg>
<arg>DK</arg>
<arg>DM</arg>
<arg>DO</arg>
<arg>DZ</arg>
<arg>EC</arg>
<arg>EE</arg>
<arg>EG</arg>
<arg>EH</arg>
<arg>ER</arg>
<arg>ES</arg>
<arg>ET</arg>
<arg>FI</arg>
<arg>FJ</arg>
<arg>FK</arg>
<arg>FM</arg>
<arg>FO</arg>
<arg>FR</arg>
<arg>GA</arg>
<arg>GB</arg>
<arg>GD</arg>
<arg>GE</arg>
<arg>GF</arg>
<arg>GG</arg>
<arg>GH</arg>
<arg>GI</arg>
<arg>GL</arg>
<arg>GM</arg>
<arg>GN</arg>
<arg>GP</arg>
<arg>GQ</arg>
<arg>GR</arg>
<arg>GS</arg>
<arg>GT</arg>
<arg>GU</arg>
<arg>GW</arg>
<arg>GY</arg>
<arg>HK</arg>
<arg>HM</arg>
<arg>HN</arg>
<arg>HR</arg>
<arg>HT</arg>
<arg>HU</arg>
<arg>ID</arg>
<arg>IE</arg>
<arg>IL</arg>
<arg>IM</arg>
<arg>IN</arg>
<arg>IO</arg>
<arg>IQ</arg>
<arg>IR</arg>
<arg>IS</arg>
<arg>IT</arg>
<arg>JE</arg>
<arg>JM</arg>
<arg>JO</arg>
<arg>JP</arg>
<arg>KE</arg>
<arg>KG</arg>
<arg>KH</arg>
<arg>KI</arg>
<arg>KM</arg>
<arg>KN</arg>
<arg>KP</arg>
<arg>KR</arg>
<arg>KW</arg>
<arg>KY</arg>
<arg>KZ</arg>
<arg>LA</arg>
<arg>LB</arg>
<arg>LC</arg>
<arg>LI</arg>
<arg>LK</arg>
<arg>LR</arg>
<arg>LS</arg>
<arg>LT</arg>
<arg>LU</arg>
<arg>LV</arg>
<arg>LY</arg>
<arg>MA</arg>
<arg>MC</arg>
<arg>MD</arg>
<arg>ME</arg>
<arg>MF</arg>
<arg>MG</arg>
<arg>MH</arg>
<arg>MK</arg>
<arg>ML</arg>
<arg>MM</arg>
<arg>MN</arg>
<arg>MO</arg>
<arg>MP</arg>
<arg>MQ</arg>
<arg>MR</arg>
<arg>MS</arg>
<arg>MT</arg>
<arg>MU</arg>
<arg>MV</arg>
<arg>MW</arg>
<arg>MX</arg>
<arg>MY</arg>
<arg>MZ</arg>
<arg>NA</arg>
<arg>NC</arg>
<arg>NE</arg>
<arg>NF</arg>
<arg>NG</arg>
<arg>NI</arg>
<arg>NL</arg>
<arg>NO</arg>
<arg>NP</arg>
<arg>NR</arg>
<arg>NU</arg>
<arg>NZ</arg>
<arg>OM</arg>
<arg>PA</arg>
<arg>PE</arg>
<arg>PF</arg>
<arg>PG</arg>
<arg>PH</arg>
<arg>PK</arg>
<arg>PL</arg>
<arg>PM</arg>
<arg>PN</arg>
<arg>PR</arg>
<arg>PS</arg>
<arg>PT</arg>
<arg>PW</arg>
<arg>PY</arg>
<arg>QA</arg>
<arg>RE</arg>
<arg>RO</arg>
<arg>RS</arg>
<arg>RU</arg>
<arg>RW</arg>
<arg>SA</arg>
<arg>SB</arg>
<arg>SC</arg>
<arg>SD</arg>
<arg>SE</arg>
<arg>SG</arg>
<arg>SH</arg>
<arg>SI</arg>
<arg>SJ</arg>
<arg>SK</arg>
<arg>SL</arg>
<arg>SM</arg>
<arg>SN</arg>
<arg>SO</arg>
<arg>SR</arg>
<arg>SS</arg>
<arg>ST</arg>
<arg>SV</arg>
<arg>SX</arg>
<arg>SY</arg>
<arg>SZ</arg>
<arg>TC</arg>
<arg>TD</arg>
<arg>TF</arg>
<arg>TG</arg>
<arg>TH</arg>
<arg>TJ</arg>
<arg>TK</arg>
<arg>TL</arg>
<arg>TM</arg>
<arg>TN</arg>
<arg>TO</arg>
<arg>TR</arg>
<arg>TT</arg>
<arg>TV</arg>
<arg>TW</arg>
<arg>TZ</arg>
<arg>UA</arg>
<arg>UG</arg>
<arg>UM</arg>
<arg>US</arg>
<arg>UY</arg>
<arg>UZ</arg>
<arg>VA</arg>
<arg>VC</arg>
<arg>VE</arg>
<arg>VG</arg>
<arg>VI</arg>
<arg>VN</arg>
<arg>VU</arg>
<arg>WF</arg>
<arg>WS</arg>
<arg>XK</arg>
<arg>YE</arg>
<arg>YT</arg>
<arg>ZA</arg>
<arg>ZM</arg>
<arg>ZW</arg>
<doc>Returns a list containing given items.</doc>
<status status="PASS" start="2024-04-02T22:15:13.635935" elapsed="0.000624"/>
</kw>
<kw name="List Should Contain Value" owner="Collections">
<msg time="2024-04-02T22:15:13.637682" level="INFO">False</msg>
<arg>${list_country}</arg>
<arg>${name_country}</arg>
<doc>Fails if the ``value`` is not found from ``list``.</doc>
<status status="PASS" start="2024-04-02T22:15:13.637476" elapsed="0.000243"/>
</kw>
<kw name="Run Keyword If" owner="BuiltIn">
<kw name="Should Be True" owner="BuiltIn">
<arg>${True}</arg>
<doc>Fails if the given condition is not true.</doc>
<status status="PASS" start="2024-04-02T22:15:13.638805" elapsed="0.000148"/>
</kw>
<arg>${json_data["results"][0]["location"]["coordinates"]["latitude"]} &gt;= -90 and ${json_data["results"][0]["location"]["coordinates"]["latitude"]} &lt;= 90</arg>
<arg>Should Be True</arg>
<arg>${True}</arg>
<doc>Runs the given keyword with the given arguments, if ``condition`` is true.</doc>
<status status="PASS" start="2024-04-02T22:15:13.638031" elapsed="0.001051"/>
</kw>
<kw name="Run Keyword If" owner="BuiltIn">
<kw name="Should Be True" owner="BuiltIn">
<arg>${True}</arg>
<doc>Fails if the given condition is not true.</doc>
<status status="PASS" start="2024-04-02T22:15:13.640004" elapsed="0.000141"/>
</kw>
<arg>${json_data["results"][0]["location"]["coordinates"]["longitude"]} &gt;= -180 and ${json_data["results"][0]["location"]["coordinates"]["longitude"]} &lt;= 180</arg>
<arg>Should Be True</arg>
<arg>${True}</arg>
<doc>Runs the given keyword with the given arguments, if ``condition`` is true.</doc>
<status status="PASS" start="2024-04-02T22:15:13.639269" elapsed="0.001001"/>
</kw>
<status status="PASS" start="2024-04-02T22:15:13.536326" elapsed="0.104075"/>
</kw>
<doc>Testa o conteúdo específico dos campos retornados pela API.</doc>
<tag>testeConteudo</tag>
<status status="PASS" start="2024-04-02T22:15:13.535593" elapsed="0.104965"/>
</test>
<status status="PASS" start="2024-04-02T22:15:12.815737" elapsed="0.826800"/>
</suite>
<status status="PASS" start="2024-04-02T22:15:12.801905" elapsed="0.846018"/>
</suite>
<statistics>
<total>
<stat pass="5" fail="0" skip="0">All Tests</stat>
</total>
<tag>
<stat pass="1" fail="0" skip="0">testeConteudo</stat>
<stat pass="1" fail="0" skip="0">testeEstruturaResposta</stat>
<stat pass="1" fail="0" skip="0">testeRequisicaoBasica</stat>
<stat pass="1" fail="0" skip="0">testeTiposDados</stat>
</tag>
<suite>
<stat pass="5" fail="0" skip="0" id="s1" name="Tests">Tests</stat>
<stat pass="5" fail="0" skip="0" id="s1-s1" name="Random-User-Test">Tests.Random-User-Test</stat>
</suite>
</statistics>
<errors>
</errors>
</robot>
