<?xml version="1.0" encoding="UTF-8"?>
<robot generator="Robot 7.0.1 (Python 3.12.3 on linux)" generated="2024-06-12T15:14:51.367297" rpa="false" schemaversion="5">
<suite id="s1" name="Tests" source="/home/runner/work/ApiRandomUser/ApiRandomUser/RamdonUser/tests">
<suite id="s1-s1" name="Random-User-Test" source="/home/runner/work/ApiRandomUser/ApiRandomUser/RamdonUser/tests/random-user-test.robot">
<test id="s1-s1-t1" name="Conectar" line="13">
<kw name="Conectar API" owner="random-user-service">
<kw name="Create Session" owner="RequestsLibrary">
<msg time="2024-06-12T15:14:51.771223" level="INFO">Creating Session using : alias=consultarAPI, url=https://randomuser.me/, headers={},                     cookies={}, auth=None, timeout=None, proxies=None, verify=False,                     debug=0 </msg>
<arg>consultarAPI</arg>
<arg>${URL}</arg>
<doc>Create Session: create a HTTP session to a server</doc>
<status status="PASS" start="2024-06-12T15:14:51.771015" elapsed="0.000404"/>
</kw>
<status status="PASS" start="2024-06-12T15:14:51.769909" elapsed="0.001873"/>
</kw>
<status status="PASS" start="2024-06-12T15:14:51.769288" elapsed="0.002688"/>
</test>
<test id="s1-s1-t2" name="Validar retorno 200 e JSON Válido" line="16">
<kw name="Teste de Requisicao Basica" owner="random-user-service">
<kw name="GET On Session" owner="RequestsLibrary">
<msg time="2024-06-12T15:14:52.099408" level="INFO">GET Request : url=https://randomuser.me/api 
 path_url=/api 
 headers={'User-Agent': 'python-requests/2.32.3', 'Accept-Encoding': 'gzip, deflate', 'Accept': '*/*', 'Connection': 'keep-alive'} 
 body=None 
 </msg>
<msg time="2024-06-12T15:14:52.099564" level="INFO">GET Response : url=https://randomuser.me/api 
 status=200, reason=OK 
 headers={'Date': 'Wed, 12 Jun 2024 15:14:52 GMT', 'Content-Type': 'application/json; charset=utf-8', 'Transfer-Encoding': 'chunked', 'Connection': 'keep-alive', 'X-Powered-By': 'Express', 'Access-Control-Allow-Origin': '*', 'Cache-Control': 'no-cache', 'ETag': 'W/"4b3-668q9kRUF8vCvlrbuGXTKH2fpJs"', 'Vary': 'Accept-Encoding', 'Content-Encoding': 'gzip', 'CF-Cache-Status': 'DYNAMIC', 'Report-To': '{"endpoints":[{"url":"https:\\/\\/a.nel.cloudflare.com\\/report\\/v4?s=ci7nA%2BH6Rpl%2FhMHPslaMnSdjXLyI9bT4fizpjPwUWwlijUAX%2Bf%2BtJ5UEq4mRX19S83%2Byf7OKvxDNY0j%2FyvfUkX68dIqsUSZkgNi6pGMfL1ajpZjsuRM5%2F%2FMShECakyDu"}],"group":"cf-nel","max_age":604800}', 'NEL': '{"success_fraction":0,"report_to":"cf-nel","max_age":604800}', 'Server': 'cloudflare', 'CF-RAY': '892acb01de93618a-ORD', 'alt-svc': 'h3=":443"; ma=86400'} 
 body={"results":[{"gender":"female","name":{"title":"Mrs","first":"Ana Luisa","last":"Villagómez"},"location":{"street":{"number":2152,"name":"Retorno Malta"},"city":"Tuxtepec","state":"San Luis Potosí","country":"Mexico","postcode":70733,"coordinates":{"latitude":"29.8303","longitude":"56.2563"},"timezone":{"offset":"+10:00","description":"Eastern Australia, Guam, Vladivostok"}},"email":"analuisa.villagomez@example.com","login":{"uuid":"1f5f3eeb-a88b-49ef-adec-3d2a00531ceb","username":"silverelephant886","password":"tipper","salt":"IIRL40kY","md5":"fe87b6dc6e6b5bc8f8ba65f0948a757f","sha1":"bcbcb489d907cf08b74d4e49d0cd03b611fd2e1b","sha256":"f5a1648aed1356bcebccab90a6dfec9b1e7621ce4da3b7e931b96f977ae126c8"},"dob":{"date":"1955-04-15T06:13:17.333Z","age":69},"registered":{"date":"2015-03-28T19:48:59.610Z","age":9},"phone":"(603) 207 9799","cell":"(689) 078 0998","id":{"name":"NSS","value":"33 88 16 2231 7"},"picture":{"large":"https://randomuser.me/api/portraits/women/5.jpg","medium":"https://randomuser.me/api/portraits/med/women/5.jpg","thumbnail":"https://randomuser.me/api/portraits/thumb/women/5.jpg"},"nat":"MX"}],"info":{"seed":"6c87359c3a27a1f4","results":1,"page":1,"version":"1.4"}} 
 </msg>
<msg time="2024-06-12T15:14:52.099647" level="INFO">/opt/hostedtoolcache/Python/3.12.3/x64/lib/python3.12/site-packages/urllib3/connectionpool.py:1103: InsecureRequestWarning: Unverified HTTPS request is being made to host 'randomuser.me'. Adding certificate verification is strongly advised. See: https://urllib3.readthedocs.io/en/latest/advanced-usage.html#tls-warnings
  warnings.warn(</msg>
<msg time="2024-06-12T15:14:52.099799" level="INFO">${response} = &lt;Response [200]&gt;</msg>
<var>${response}</var>
<arg>consultarAPI</arg>
<arg>/api</arg>
<doc>Sends a GET request on a previously created HTTP Session.</doc>
<status status="PASS" start="2024-06-12T15:14:51.774640" elapsed="0.325199"/>
</kw>
<kw name="Should Be Equal As Numbers" owner="BuiltIn">
<msg time="2024-06-12T15:14:52.101106" level="INFO">Argument types are:
&lt;class 'int'&gt;
&lt;class 'str'&gt;</msg>
<arg>${response.status_code}</arg>
<arg>200</arg>
<doc>Fails if objects are unequal after converting them to real numbers.</doc>
<status status="PASS" start="2024-06-12T15:14:52.100502" elapsed="0.000699"/>
</kw>
<kw name="Log" owner="BuiltIn">
<msg time="2024-06-12T15:14:52.101951" level="INFO">200</msg>
<arg>${response.status_code}</arg>
<doc>Logs the given message with the given level.</doc>
<status status="PASS" start="2024-06-12T15:14:52.101604" elapsed="0.000395"/>
</kw>
<kw name="Set Variable" owner="BuiltIn">
<msg time="2024-06-12T15:14:52.102795" level="INFO">${json_data} = {'results': [{'gender': 'female', 'name': {'title': 'Mrs', 'first': 'Ana Luisa', 'last': 'Villagómez'}, 'location': {'street': {'number': 2152, 'name': 'Retorno Malta'}, 'city': 'Tuxtepec', 'state': '...</msg>
<var>${json_data}</var>
<arg>${response.json()}</arg>
<doc>Returns the given values which can then be assigned to a variables.</doc>
<status status="PASS" start="2024-06-12T15:14:52.102312" elapsed="0.000513"/>
</kw>
<kw name="Dictionary Should Contain Key" owner="Collections">
<arg>${json_data}</arg>
<arg>results</arg>
<doc>Fails if ``key`` is not found from ``dictionary``.</doc>
<status status="PASS" start="2024-06-12T15:14:52.103125" elapsed="0.000172"/>
</kw>
<status status="PASS" start="2024-06-12T15:14:51.774367" elapsed="0.329081"/>
</kw>
<doc>Testa se a API responde corretamente e retorna um objeto JSON válido.</doc>
<tag>testeRequisicaoBasica</tag>
<status status="PASS" start="2024-06-12T15:14:51.773848" elapsed="0.329779"/>
</test>
<test id="s1-s1-t3" name="Validar estrutura de resposta" line="22">
<kw name="Teste de Estrutura de Resposta" owner="random-user-service">
<kw name="GET On Session" owner="RequestsLibrary">
<msg time="2024-06-12T15:14:52.172876" level="INFO">GET Request : url=https://randomuser.me/api 
 path_url=/api 
 headers={'User-Agent': 'python-requests/2.32.3', 'Accept-Encoding': 'gzip, deflate', 'Accept': '*/*', 'Connection': 'keep-alive'} 
 body=None 
 </msg>
<msg time="2024-06-12T15:14:52.172971" level="INFO">GET Response : url=https://randomuser.me/api 
 status=200, reason=OK 
 headers={'Date': 'Wed, 12 Jun 2024 15:14:52 GMT', 'Content-Type': 'application/json; charset=utf-8', 'Transfer-Encoding': 'chunked', 'Connection': 'keep-alive', 'X-Powered-By': 'Express', 'Access-Control-Allow-Origin': '*', 'Cache-Control': 'no-cache', 'ETag': 'W/"48b-gd34CVsGKP0jDaNLsabllPsV1mg"', 'Vary': 'Accept-Encoding', 'Content-Encoding': 'gzip', 'CF-Cache-Status': 'DYNAMIC', 'Report-To': '{"endpoints":[{"url":"https:\\/\\/a.nel.cloudflare.com\\/report\\/v4?s=JoaKB4nykOxofurX0zci4ti0rSbK5nFag4csbZmkRuRShvixRWvuhktJM43dIyh49xVy2MacWjBxwUemqT%2BoHQ7RLO0sYTxrGnJnuXuyQpIiaDAoPrf47jJe%2B3NRxj4Q"}],"group":"cf-nel","max_age":604800}', 'NEL': '{"success_fraction":0,"report_to":"cf-nel","max_age":604800}', 'Server': 'cloudflare', 'CF-RAY': '892acb03a8fc618a-ORD', 'alt-svc': 'h3=":443"; ma=86400'} 
 body={"results":[{"gender":"male","name":{"title":"Mr","first":"Ajith","last":"Mardhekar"},"location":{"street":{"number":63,"name":"Gandhi Maidan Marg"},"city":"Raichur","state":"Bihar","country":"India","postcode":17732,"coordinates":{"latitude":"9.1422","longitude":"-87.9169"},"timezone":{"offset":"+5:30","description":"Bombay, Calcutta, Madras, New Delhi"}},"email":"ajith.mardhekar@example.com","login":{"uuid":"17b05c21-10d3-4fea-ab2e-f97ac88eaf79","username":"bluetiger993","password":"please1","salt":"gcYl76Ox","md5":"ee3e4a7306e68b8349d16d0b35243668","sha1":"8b762f7ab05a185556e53010f4703f60fd1f0235","sha256":"9cd73dda59debb4b4d86a1faa10fbfc107122f63f7013fcef8a9850d809c79bd"},"dob":{"date":"1978-08-02T01:25:14.417Z","age":45},"registered":{"date":"2011-10-19T21:31:36.063Z","age":12},"phone":"9559694546","cell":"7919103874","id":{"name":"UIDAI","value":"682316053935"},"picture":{"large":"https://randomuser.me/api/portraits/men/65.jpg","medium":"https://randomuser.me/api/portraits/med/men/65.jpg","thumbnail":"https://randomuser.me/api/portraits/thumb/men/65.jpg"},"nat":"IN"}],"info":{"seed":"eca2a0ad8e624d7c","results":1,"page":1,"version":"1.4"}} 
 </msg>
<msg time="2024-06-12T15:14:52.173124" level="INFO">/opt/hostedtoolcache/Python/3.12.3/x64/lib/python3.12/site-packages/urllib3/connectionpool.py:1103: InsecureRequestWarning: Unverified HTTPS request is being made to host 'randomuser.me'. Adding certificate verification is strongly advised. See: https://urllib3.readthedocs.io/en/latest/advanced-usage.html#tls-warnings
  warnings.warn(</msg>
<msg time="2024-06-12T15:14:52.173239" level="INFO">${response} = &lt;Response [200]&gt;</msg>
<var>${response}</var>
<arg>consultarAPI</arg>
<arg>/api</arg>
<doc>Sends a GET request on a previously created HTTP Session.</doc>
<status status="PASS" start="2024-06-12T15:14:52.106352" elapsed="0.066916"/>
</kw>
<kw name="Set Variable" owner="BuiltIn">
<msg time="2024-06-12T15:14:52.174279" level="INFO">${json_data} = {'results': [{'gender': 'male', 'name': {'title': 'Mr', 'first': 'Ajith', 'last': 'Mardhekar'}, 'location': {'street': {'number': 63, 'name': 'Gandhi Maidan Marg'}, 'city': 'Raichur', 'state': 'Bihar'...</msg>
<var>${json_data}</var>
<arg>${response.json()}</arg>
<doc>Returns the given values which can then be assigned to a variables.</doc>
<status status="PASS" start="2024-06-12T15:14:52.173795" elapsed="0.000514"/>
</kw>
<kw name="Log" owner="BuiltIn">
<msg time="2024-06-12T15:14:52.174830" level="INFO">{'results': [{'gender': 'male', 'name': {'title': 'Mr', 'first': 'Ajith', 'last': 'Mardhekar'}, 'location': {'street': {'number': 63, 'name': 'Gandhi Maidan Marg'}, 'city': 'Raichur', 'state': 'Bihar', 'country': 'India', 'postcode': 17732, 'coordinates': {'latitude': '9.1422', 'longitude': '-87.9169'}, 'timezone': {'offset': '+5:30', 'description': 'Bombay, Calcutta, Madras, New Delhi'}}, 'email': 'ajith.mardhekar@example.com', 'login': {'uuid': '17b05c21-10d3-4fea-ab2e-f97ac88eaf79', 'username': 'bluetiger993', 'password': 'please1', 'salt': 'gcYl76Ox', 'md5': 'ee3e4a7306e68b8349d16d0b35243668', 'sha1': '8b762f7ab05a185556e53010f4703f60fd1f0235', 'sha256': '9cd73dda59debb4b4d86a1faa10fbfc107122f63f7013fcef8a9850d809c79bd'}, 'dob': {'date': '1978-08-02T01:25:14.417Z', 'age': 45}, 'registered': {'date': '2011-10-19T21:31:36.063Z', 'age': 12}, 'phone': '9559694546', 'cell': '7919103874', 'id': {'name': 'UIDAI', 'value': '682316053935'}, 'picture': {'large': 'https://randomuser.me/api/portraits/men/65.jpg', 'medium': 'https://randomuser.me/api/portraits/med/men/65.jpg', 'thumbnail': 'https://randomuser.me/api/portraits/thumb/men/65.jpg'}, 'nat': 'IN'}], 'info': {'seed': 'eca2a0ad8e624d7c', 'results': 1, 'page': 1, 'version': '1.4'}}</msg>
<arg>${json_data}</arg>
<doc>Logs the given message with the given level.</doc>
<status status="PASS" start="2024-06-12T15:14:52.174672" elapsed="0.000205"/>
</kw>
<kw name="Dictionary Should Contain Key" owner="Collections">
<arg>${json_data}</arg>
<arg>results</arg>
<doc>Fails if ``key`` is not found from ``dictionary``.</doc>
<status status="PASS" start="2024-06-12T15:14:52.175170" elapsed="0.000161"/>
</kw>
<kw name="Should Not Be Empty" owner="BuiltIn">
<msg time="2024-06-12T15:14:52.175690" level="INFO">Length is 2.</msg>
<arg>${json_data}</arg>
<doc>Verifies that the given item is not empty.</doc>
<status status="PASS" start="2024-06-12T15:14:52.175514" elapsed="0.000241"/>
</kw>
<kw name="Create List" owner="BuiltIn">
<msg time="2024-06-12T15:14:52.176468" level="INFO">${expected_keys} = ['gender', 'name', 'location', 'email', 'login']</msg>
<var>${expected_keys}</var>
<arg>gender</arg>
<arg>name</arg>
<arg>location</arg>
<arg>email</arg>
<arg>login</arg>
<doc>Returns a list containing given items.</doc>
<status status="PASS" start="2024-06-12T15:14:52.176215" elapsed="0.000297"/>
</kw>
<for flavor="IN">
<iter>
<kw name="Dictionary Should Contain Key" owner="Collections">
<arg>${json_data['results'][0]}</arg>
<arg>${key}</arg>
<doc>Fails if ``key`` is not found from ``dictionary``.</doc>
<status status="PASS" start="2024-06-12T15:14:52.177389" elapsed="0.000615"/>
</kw>
<kw name="Log" owner="BuiltIn">
<msg time="2024-06-12T15:14:52.178861" level="INFO">{'gender': 'male', 'name': {'title': 'Mr', 'first': 'Ajith', 'last': 'Mardhekar'}, 'location': {'street': {'number': 63, 'name': 'Gandhi Maidan Marg'}, 'city': 'Raichur', 'state': 'Bihar', 'country': 'India', 'postcode': 17732, 'coordinates': {'latitude': '9.1422', 'longitude': '-87.9169'}, 'timezone': {'offset': '+5:30', 'description': 'Bombay, Calcutta, Madras, New Delhi'}}, 'email': 'ajith.mardhekar@example.com', 'login': {'uuid': '17b05c21-10d3-4fea-ab2e-f97ac88eaf79', 'username': 'bluetiger993', 'password': 'please1', 'salt': 'gcYl76Ox', 'md5': 'ee3e4a7306e68b8349d16d0b35243668', 'sha1': '8b762f7ab05a185556e53010f4703f60fd1f0235', 'sha256': '9cd73dda59debb4b4d86a1faa10fbfc107122f63f7013fcef8a9850d809c79bd'}, 'dob': {'date': '1978-08-02T01:25:14.417Z', 'age': 45}, 'registered': {'date': '2011-10-19T21:31:36.063Z', 'age': 12}, 'phone': '9559694546', 'cell': '7919103874', 'id': {'name': 'UIDAI', 'value': '682316053935'}, 'picture': {'large': 'https://randomuser.me/api/portraits/men/65.jpg', 'medium': 'https://randomuser.me/api/portraits/med/men/65.jpg', 'thumbnail': 'https://randomuser.me/api/portraits/thumb/men/65.jpg'}, 'nat': 'IN'}</msg>
<arg>${json_data['results'][0]}</arg>
<doc>Logs the given message with the given level.</doc>
<status status="PASS" start="2024-06-12T15:14:52.178292" elapsed="0.000620"/>
</kw>
<kw name="Log" owner="BuiltIn">
<msg time="2024-06-12T15:14:52.179365" level="INFO">gender</msg>
<arg>${key}</arg>
<doc>Logs the given message with the given level.</doc>
<status status="PASS" start="2024-06-12T15:14:52.179230" elapsed="0.000175"/>
</kw>
<var name="${key}">gender</var>
<status status="PASS" start="2024-06-12T15:14:52.177213" elapsed="0.002417"/>
</iter>
<iter>
<kw name="Dictionary Should Contain Key" owner="Collections">
<arg>${json_data['results'][0]}</arg>
<arg>${key}</arg>
<doc>Fails if ``key`` is not found from ``dictionary``.</doc>
<status status="PASS" start="2024-06-12T15:14:52.179937" elapsed="0.000393"/>
</kw>
<kw name="Log" owner="BuiltIn">
<msg time="2024-06-12T15:14:52.180875" level="INFO">{'gender': 'male', 'name': {'title': 'Mr', 'first': 'Ajith', 'last': 'Mardhekar'}, 'location': {'street': {'number': 63, 'name': 'Gandhi Maidan Marg'}, 'city': 'Raichur', 'state': 'Bihar', 'country': 'India', 'postcode': 17732, 'coordinates': {'latitude': '9.1422', 'longitude': '-87.9169'}, 'timezone': {'offset': '+5:30', 'description': 'Bombay, Calcutta, Madras, New Delhi'}}, 'email': 'ajith.mardhekar@example.com', 'login': {'uuid': '17b05c21-10d3-4fea-ab2e-f97ac88eaf79', 'username': 'bluetiger993', 'password': 'please1', 'salt': 'gcYl76Ox', 'md5': 'ee3e4a7306e68b8349d16d0b35243668', 'sha1': '8b762f7ab05a185556e53010f4703f60fd1f0235', 'sha256': '9cd73dda59debb4b4d86a1faa10fbfc107122f63f7013fcef8a9850d809c79bd'}, 'dob': {'date': '1978-08-02T01:25:14.417Z', 'age': 45}, 'registered': {'date': '2011-10-19T21:31:36.063Z', 'age': 12}, 'phone': '9559694546', 'cell': '7919103874', 'id': {'name': 'UIDAI', 'value': '682316053935'}, 'picture': {'large': 'https://randomuser.me/api/portraits/men/65.jpg', 'medium': 'https://randomuser.me/api/portraits/med/men/65.jpg', 'thumbnail': 'https://randomuser.me/api/portraits/thumb/men/65.jpg'}, 'nat': 'IN'}</msg>
<arg>${json_data['results'][0]}</arg>
<doc>Logs the given message with the given level.</doc>
<status status="PASS" start="2024-06-12T15:14:52.180516" elapsed="0.000440"/>
</kw>
<kw name="Log" owner="BuiltIn">
<msg time="2024-06-12T15:14:52.181399" level="INFO">name</msg>
<arg>${key}</arg>
<doc>Logs the given message with the given level.</doc>
<status status="PASS" start="2024-06-12T15:14:52.181266" elapsed="0.000171"/>
</kw>
<var name="${key}">name</var>
<status status="PASS" start="2024-06-12T15:14:52.179820" elapsed="0.001845"/>
</iter>
<iter>
<kw name="Dictionary Should Contain Key" owner="Collections">
<arg>${json_data['results'][0]}</arg>
<arg>${key}</arg>
<doc>Fails if ``key`` is not found from ``dictionary``.</doc>
<status status="PASS" start="2024-06-12T15:14:52.181948" elapsed="0.000378"/>
</kw>
<kw name="Log" owner="BuiltIn">
<msg time="2024-06-12T15:14:52.182888" level="INFO">{'gender': 'male', 'name': {'title': 'Mr', 'first': 'Ajith', 'last': 'Mardhekar'}, 'location': {'street': {'number': 63, 'name': 'Gandhi Maidan Marg'}, 'city': 'Raichur', 'state': 'Bihar', 'country': 'India', 'postcode': 17732, 'coordinates': {'latitude': '9.1422', 'longitude': '-87.9169'}, 'timezone': {'offset': '+5:30', 'description': 'Bombay, Calcutta, Madras, New Delhi'}}, 'email': 'ajith.mardhekar@example.com', 'login': {'uuid': '17b05c21-10d3-4fea-ab2e-f97ac88eaf79', 'username': 'bluetiger993', 'password': 'please1', 'salt': 'gcYl76Ox', 'md5': 'ee3e4a7306e68b8349d16d0b35243668', 'sha1': '8b762f7ab05a185556e53010f4703f60fd1f0235', 'sha256': '9cd73dda59debb4b4d86a1faa10fbfc107122f63f7013fcef8a9850d809c79bd'}, 'dob': {'date': '1978-08-02T01:25:14.417Z', 'age': 45}, 'registered': {'date': '2011-10-19T21:31:36.063Z', 'age': 12}, 'phone': '9559694546', 'cell': '7919103874', 'id': {'name': 'UIDAI', 'value': '682316053935'}, 'picture': {'large': 'https://randomuser.me/api/portraits/men/65.jpg', 'medium': 'https://randomuser.me/api/portraits/med/men/65.jpg', 'thumbnail': 'https://randomuser.me/api/portraits/thumb/men/65.jpg'}, 'nat': 'IN'}</msg>
<arg>${json_data['results'][0]}</arg>
<doc>Logs the given message with the given level.</doc>
<status status="PASS" start="2024-06-12T15:14:52.182543" elapsed="0.000394"/>
</kw>
<kw name="Log" owner="BuiltIn">
<msg time="2024-06-12T15:14:52.183354" level="INFO">location</msg>
<arg>${key}</arg>
<doc>Logs the given message with the given level.</doc>
<status status="PASS" start="2024-06-12T15:14:52.183228" elapsed="0.000162"/>
</kw>
<var name="${key}">location</var>
<status status="PASS" start="2024-06-12T15:14:52.181841" elapsed="0.001769"/>
</iter>
<iter>
<kw name="Dictionary Should Contain Key" owner="Collections">
<arg>${json_data['results'][0]}</arg>
<arg>${key}</arg>
<doc>Fails if ``key`` is not found from ``dictionary``.</doc>
<status status="PASS" start="2024-06-12T15:14:52.183883" elapsed="0.000379"/>
</kw>
<kw name="Log" owner="BuiltIn">
<msg time="2024-06-12T15:14:52.184795" level="INFO">{'gender': 'male', 'name': {'title': 'Mr', 'first': 'Ajith', 'last': 'Mardhekar'}, 'location': {'street': {'number': 63, 'name': 'Gandhi Maidan Marg'}, 'city': 'Raichur', 'state': 'Bihar', 'country': 'India', 'postcode': 17732, 'coordinates': {'latitude': '9.1422', 'longitude': '-87.9169'}, 'timezone': {'offset': '+5:30', 'description': 'Bombay, Calcutta, Madras, New Delhi'}}, 'email': 'ajith.mardhekar@example.com', 'login': {'uuid': '17b05c21-10d3-4fea-ab2e-f97ac88eaf79', 'username': 'bluetiger993', 'password': 'please1', 'salt': 'gcYl76Ox', 'md5': 'ee3e4a7306e68b8349d16d0b35243668', 'sha1': '8b762f7ab05a185556e53010f4703f60fd1f0235', 'sha256': '9cd73dda59debb4b4d86a1faa10fbfc107122f63f7013fcef8a9850d809c79bd'}, 'dob': {'date': '1978-08-02T01:25:14.417Z', 'age': 45}, 'registered': {'date': '2011-10-19T21:31:36.063Z', 'age': 12}, 'phone': '9559694546', 'cell': '7919103874', 'id': {'name': 'UIDAI', 'value': '682316053935'}, 'picture': {'large': 'https://randomuser.me/api/portraits/men/65.jpg', 'medium': 'https://randomuser.me/api/portraits/med/men/65.jpg', 'thumbnail': 'https://randomuser.me/api/portraits/thumb/men/65.jpg'}, 'nat': 'IN'}</msg>
<arg>${json_data['results'][0]}</arg>
<doc>Logs the given message with the given level.</doc>
<status status="PASS" start="2024-06-12T15:14:52.184441" elapsed="0.000411"/>
</kw>
<kw name="Log" owner="BuiltIn">
<msg time="2024-06-12T15:14:52.185267" level="INFO">email</msg>
<arg>${key}</arg>
<doc>Logs the given message with the given level.</doc>
<status status="PASS" start="2024-06-12T15:14:52.185144" elapsed="0.000159"/>
</kw>
<var name="${key}">email</var>
<status status="PASS" start="2024-06-12T15:14:52.183779" elapsed="0.001735"/>
</iter>
<iter>
<kw name="Dictionary Should Contain Key" owner="Collections">
<arg>${json_data['results'][0]}</arg>
<arg>${key}</arg>
<doc>Fails if ``key`` is not found from ``dictionary``.</doc>
<status status="PASS" start="2024-06-12T15:14:52.185786" elapsed="0.000372"/>
</kw>
<kw name="Log" owner="BuiltIn">
<msg time="2024-06-12T15:14:52.186721" level="INFO">{'gender': 'male', 'name': {'title': 'Mr', 'first': 'Ajith', 'last': 'Mardhekar'}, 'location': {'street': {'number': 63, 'name': 'Gandhi Maidan Marg'}, 'city': 'Raichur', 'state': 'Bihar', 'country': 'India', 'postcode': 17732, 'coordinates': {'latitude': '9.1422', 'longitude': '-87.9169'}, 'timezone': {'offset': '+5:30', 'description': 'Bombay, Calcutta, Madras, New Delhi'}}, 'email': 'ajith.mardhekar@example.com', 'login': {'uuid': '17b05c21-10d3-4fea-ab2e-f97ac88eaf79', 'username': 'bluetiger993', 'password': 'please1', 'salt': 'gcYl76Ox', 'md5': 'ee3e4a7306e68b8349d16d0b35243668', 'sha1': '8b762f7ab05a185556e53010f4703f60fd1f0235', 'sha256': '9cd73dda59debb4b4d86a1faa10fbfc107122f63f7013fcef8a9850d809c79bd'}, 'dob': {'date': '1978-08-02T01:25:14.417Z', 'age': 45}, 'registered': {'date': '2011-10-19T21:31:36.063Z', 'age': 12}, 'phone': '9559694546', 'cell': '7919103874', 'id': {'name': 'UIDAI', 'value': '682316053935'}, 'picture': {'large': 'https://randomuser.me/api/portraits/men/65.jpg', 'medium': 'https://randomuser.me/api/portraits/med/men/65.jpg', 'thumbnail': 'https://randomuser.me/api/portraits/thumb/men/65.jpg'}, 'nat': 'IN'}</msg>
<arg>${json_data['results'][0]}</arg>
<doc>Logs the given message with the given level.</doc>
<status status="PASS" start="2024-06-12T15:14:52.186343" elapsed="0.000435"/>
</kw>
<kw name="Log" owner="BuiltIn">
<msg time="2024-06-12T15:14:52.187303" level="INFO">login</msg>
<arg>${key}</arg>
<doc>Logs the given message with the given level.</doc>
<status status="PASS" start="2024-06-12T15:14:52.187068" elapsed="0.000274"/>
</kw>
<var name="${key}">login</var>
<status status="PASS" start="2024-06-12T15:14:52.185680" elapsed="0.001878"/>
</iter>
<var>${key}</var>
<value>@{expected_keys}</value>
<status status="PASS" start="2024-06-12T15:14:52.176934" elapsed="0.010746"/>
</for>
<kw name="Create List" owner="BuiltIn">
<msg time="2024-06-12T15:14:52.188000" level="INFO">${expected_keysTwo} = ['username', 'password']</msg>
<var>${expected_keysTwo}</var>
<arg>username</arg>
<arg>password</arg>
<doc>Returns a list containing given items.</doc>
<status status="PASS" start="2024-06-12T15:14:52.187867" elapsed="0.000157"/>
</kw>
<for flavor="IN">
<iter>
<kw name="Dictionary Should Contain Key" owner="Collections">
<arg>${json_data['results'][0]['login']}</arg>
<arg>${keyTwo}</arg>
<doc>Fails if ``key`` is not found from ``dictionary``.</doc>
<status status="PASS" start="2024-06-12T15:14:52.188541" elapsed="0.000386"/>
</kw>
<kw name="Dictionary Should Contain Key" owner="Collections">
<arg>${json_data['results'][0]['login']}</arg>
<arg>${keyTwo}</arg>
<doc>Fails if ``key`` is not found from ``dictionary``.</doc>
<status status="PASS" start="2024-06-12T15:14:52.189111" elapsed="0.000371"/>
</kw>
<kw name="Log" owner="BuiltIn">
<msg time="2024-06-12T15:14:52.189783" level="INFO">username</msg>
<arg>${keyTwo}</arg>
<doc>Logs the given message with the given level.</doc>
<status status="PASS" start="2024-06-12T15:14:52.189661" elapsed="0.000160"/>
</kw>
<var name="${keyTwo}">username</var>
<status status="PASS" start="2024-06-12T15:14:52.188435" elapsed="0.001622"/>
</iter>
<iter>
<kw name="Dictionary Should Contain Key" owner="Collections">
<arg>${json_data['results'][0]['login']}</arg>
<arg>${keyTwo}</arg>
<doc>Fails if ``key`` is not found from ``dictionary``.</doc>
<status status="PASS" start="2024-06-12T15:14:52.190350" elapsed="0.000413"/>
</kw>
<kw name="Dictionary Should Contain Key" owner="Collections">
<arg>${json_data['results'][0]['login']}</arg>
<arg>${keyTwo}</arg>
<doc>Fails if ``key`` is not found from ``dictionary``.</doc>
<status status="PASS" start="2024-06-12T15:14:52.190943" elapsed="0.000364"/>
</kw>
<kw name="Log" owner="BuiltIn">
<msg time="2024-06-12T15:14:52.191600" level="INFO">password</msg>
<arg>${keyTwo}</arg>
<doc>Logs the given message with the given level.</doc>
<status status="PASS" start="2024-06-12T15:14:52.191483" elapsed="0.000154"/>
</kw>
<var name="${keyTwo}">password</var>
<status status="PASS" start="2024-06-12T15:14:52.190243" elapsed="0.001618"/>
</iter>
<var>${keyTwo}</var>
<value>@{expected_keysTwo}</value>
<status status="PASS" start="2024-06-12T15:14:52.188285" elapsed="0.003696"/>
</for>
<status status="PASS" start="2024-06-12T15:14:52.106122" elapsed="0.085997"/>
</kw>
<doc>Testa a estrutura da resposta da API.</doc>
<tag>testeEstruturaResposta</tag>
<status status="PASS" start="2024-06-12T15:14:52.105451" elapsed="0.086824"/>
</test>
<test id="s1-s1-t4" name="Validar tipos de dados" line="28">
<kw name="Teste de Tipos de Dados" owner="random-user-service">
<kw name="GET On Session" owner="RequestsLibrary">
<msg time="2024-06-12T15:14:52.264034" level="INFO">GET Request : url=https://randomuser.me/api 
 path_url=/api 
 headers={'User-Agent': 'python-requests/2.32.3', 'Accept-Encoding': 'gzip, deflate', 'Accept': '*/*', 'Connection': 'keep-alive'} 
 body=None 
 </msg>
<msg time="2024-06-12T15:14:52.264117" level="INFO">GET Response : url=https://randomuser.me/api 
 status=200, reason=OK 
 headers={'Date': 'Wed, 12 Jun 2024 15:14:52 GMT', 'Content-Type': 'application/json; charset=utf-8', 'Transfer-Encoding': 'chunked', 'Connection': 'keep-alive', 'X-Powered-By': 'Express', 'Access-Control-Allow-Origin': '*', 'Cache-Control': 'no-cache', 'ETag': 'W/"49b-Z80Y0ChAt9C5pwSROsZEe3KzPkY"', 'Vary': 'Accept-Encoding', 'Content-Encoding': 'gzip', 'CF-Cache-Status': 'DYNAMIC', 'Report-To': '{"endpoints":[{"url":"https:\\/\\/a.nel.cloudflare.com\\/report\\/v4?s=yPDupo1kqP%2B3CuIEki1z2hLek3uWVT%2Fea9gz01%2B5aAvv9VSWdmEe7f7rtcVmgbiu%2FjITSv2Zbx6jMD8jklgPLcArWUosJFK844fH%2FYUWrATLfPXyDR3i%2FT2aYrceydVr"}],"group":"cf-nel","max_age":604800}', 'NEL': '{"success_fraction":0,"report_to":"cf-nel","max_age":604800}', 'Server': 'cloudflare', 'CF-RAY': '892acb0439bb618a-ORD', 'alt-svc': 'h3=":443"; ma=86400'} 
 body={"results":[{"gender":"male","name":{"title":"Monsieur","first":"Robin","last":"Da Silva"},"location":{"street":{"number":8041,"name":"Rue du Moulin"},"city":"Chavannes-sur-Moudon","state":"Neuchâtel","country":"Switzerland","postcode":6827,"coordinates":{"latitude":"-56.3283","longitude":"-30.1898"},"timezone":{"offset":"+9:30","description":"Adelaide, Darwin"}},"email":"robin.dasilva@example.com","login":{"uuid":"d2ecd273-5130-4c2d-91f5-6f5da2efb5f6","username":"yellowfrog482","password":"bangbang","salt":"uencUk1K","md5":"11c678af0b11c527353f282cc9b70e76","sha1":"577d60d5235d79a29b9fa193378d70db402b4c3a","sha256":"7d2043d78f64f06a3c827356ef41bba5f8b38750c88abc03f570a787184aae54"},"dob":{"date":"1998-09-24T04:26:33.259Z","age":25},"registered":{"date":"2008-12-01T04:59:36.262Z","age":15},"phone":"075 997 39 47","cell":"077 702 19 60","id":{"name":"AVS","value":"756.8644.2193.74"},"picture":{"large":"https://randomuser.me/api/portraits/men/84.jpg","medium":"https://randomuser.me/api/portraits/med/men/84.jpg","thumbnail":"https://randomuser.me/api/portraits/thumb/men/84.jpg"},"nat":"CH"}],"info":{"seed":"94edf19266bf8045","results":1,"page":1,"version":"1.4"}} 
 </msg>
<msg time="2024-06-12T15:14:52.264194" level="INFO">/opt/hostedtoolcache/Python/3.12.3/x64/lib/python3.12/site-packages/urllib3/connectionpool.py:1103: InsecureRequestWarning: Unverified HTTPS request is being made to host 'randomuser.me'. Adding certificate verification is strongly advised. See: https://urllib3.readthedocs.io/en/latest/advanced-usage.html#tls-warnings
  warnings.warn(</msg>
<msg time="2024-06-12T15:14:52.264305" level="INFO">${response} = &lt;Response [200]&gt;</msg>
<var>${response}</var>
<arg>consultarAPI</arg>
<arg>/api</arg>
<doc>Sends a GET request on a previously created HTTP Session.</doc>
<status status="PASS" start="2024-06-12T15:14:52.194743" elapsed="0.069603"/>
</kw>
<kw name="Set Variable" owner="BuiltIn">
<msg time="2024-06-12T15:14:52.265217" level="INFO">${json_data} = {'results': [{'gender': 'male', 'name': {'title': 'Monsieur', 'first': 'Robin', 'last': 'Da Silva'}, 'location': {'street': {'number': 8041, 'name': 'Rue du Moulin'}, 'city': 'Chavannes-sur-Moudon', '...</msg>
<var>${json_data}</var>
<arg>${response.json()}</arg>
<doc>Returns the given values which can then be assigned to a variables.</doc>
<status status="PASS" start="2024-06-12T15:14:52.264751" elapsed="0.000494"/>
</kw>
<kw name="Log" owner="BuiltIn">
<msg time="2024-06-12T15:14:52.265696" level="INFO">{'results': [{'gender': 'male', 'name': {'title': 'Monsieur', 'first': 'Robin', 'last': 'Da Silva'}, 'location': {'street': {'number': 8041, 'name': 'Rue du Moulin'}, 'city': 'Chavannes-sur-Moudon', 'state': 'Neuchâtel', 'country': 'Switzerland', 'postcode': 6827, 'coordinates': {'latitude': '-56.3283', 'longitude': '-30.1898'}, 'timezone': {'offset': '+9:30', 'description': 'Adelaide, Darwin'}}, 'email': 'robin.dasilva@example.com', 'login': {'uuid': 'd2ecd273-5130-4c2d-91f5-6f5da2efb5f6', 'username': 'yellowfrog482', 'password': 'bangbang', 'salt': 'uencUk1K', 'md5': '11c678af0b11c527353f282cc9b70e76', 'sha1': '577d60d5235d79a29b9fa193378d70db402b4c3a', 'sha256': '7d2043d78f64f06a3c827356ef41bba5f8b38750c88abc03f570a787184aae54'}, 'dob': {'date': '1998-09-24T04:26:33.259Z', 'age': 25}, 'registered': {'date': '2008-12-01T04:59:36.262Z', 'age': 15}, 'phone': '075 997 39 47', 'cell': '077 702 19 60', 'id': {'name': 'AVS', 'value': '756.8644.2193.74'}, 'picture': {'large': 'https://randomuser.me/api/portraits/men/84.jpg', 'medium': 'https://randomuser.me/api/portraits/med/men/84.jpg', 'thumbnail': 'https://randomuser.me/api/portraits/thumb/men/84.jpg'}, 'nat': 'CH'}], 'info': {'seed': '94edf19266bf8045', 'results': 1, 'page': 1, 'version': '1.4'}}</msg>
<arg>${json_data}</arg>
<doc>Logs the given message with the given level.</doc>
<status status="PASS" start="2024-06-12T15:14:52.265545" elapsed="0.000200"/>
</kw>
<kw name="Should Be String" owner="String">
<arg>${json_data['results'][0]['gender']}</arg>
<doc>Fails if the given ``item`` is not a string.</doc>
<status status="PASS" start="2024-06-12T15:14:52.266035" elapsed="0.000384"/>
</kw>
<kw name="Should Match Regexp" owner="BuiltIn">
<arg>${json_data['results'][0]['email']}</arg>
<arg>^[a-zA-Z0-9._%+-]+@[a-zA-Z0-9.-]+\.[a-zA-Z]{2,}$</arg>
<doc>Fails if ``string`` does not match ``pattern`` as a regular expression.</doc>
<status status="PASS" start="2024-06-12T15:14:52.266624" elapsed="0.000504"/>
</kw>
<kw name="Should Match Regexp" owner="BuiltIn">
<arg>${json_data['results'][0]['dob']['date']}</arg>
<arg>\\d{4}-\\d{2}-\\d{2}T\\d{2}:\\d{2}:\\d{2}\\.\\d{3}Z</arg>
<doc>Fails if ``string`` does not match ``pattern`` as a regular expression.</doc>
<status status="PASS" start="2024-06-12T15:14:52.267360" elapsed="0.000498"/>
</kw>
<kw name="Should Match Regexp" owner="BuiltIn">
<arg>${json_data['results'][0]['registered']['date']}</arg>
<arg>\\d{4}-\\d{2}-\\d{2}T\\d{2}:\\d{2}:\\d{2}\\.\\d{3}Z</arg>
<doc>Fails if ``string`` does not match ``pattern`` as a regular expression.</doc>
<status status="PASS" start="2024-06-12T15:14:52.268048" elapsed="0.000369"/>
</kw>
<kw name="Should Match Regexp" owner="BuiltIn">
<arg>${json_data['results'][0]['picture']['large']}</arg>
<arg>^https?://.*\.(?:png|jpe?g|gif|bmp)$</arg>
<doc>Fails if ``string`` does not match ``pattern`` as a regular expression.</doc>
<status status="PASS" start="2024-06-12T15:14:52.268600" elapsed="0.000445"/>
</kw>
<kw name="Should Match Regexp" owner="BuiltIn">
<arg>${json_data['results'][0]['picture']['medium']}</arg>
<arg>^https?://.*\.(?:png|jpe?g|gif|bmp)$</arg>
<doc>Fails if ``string`` does not match ``pattern`` as a regular expression.</doc>
<status status="PASS" start="2024-06-12T15:14:52.269238" elapsed="0.000349"/>
</kw>
<kw name="Should Match Regexp" owner="BuiltIn">
<arg>${json_data['results'][0]['picture']['thumbnail']}</arg>
<arg>^https?://.*\.(?:png|jpe?g|gif|bmp)$</arg>
<doc>Fails if ``string`` does not match ``pattern`` as a regular expression.</doc>
<status status="PASS" start="2024-06-12T15:14:52.269774" elapsed="0.000343"/>
</kw>
<kw name="Log" owner="BuiltIn">
<msg time="2024-06-12T15:14:52.270647" level="INFO">{'large': 'https://randomuser.me/api/portraits/men/84.jpg', 'medium': 'https://randomuser.me/api/portraits/med/men/84.jpg', 'thumbnail': 'https://randomuser.me/api/portraits/thumb/men/84.jpg'}</msg>
<arg>${json_data['results'][0]['picture']}</arg>
<doc>Logs the given message with the given level.</doc>
<status status="PASS" start="2024-06-12T15:14:52.270293" elapsed="0.000396"/>
</kw>
<status status="PASS" start="2024-06-12T15:14:52.194509" elapsed="0.076428"/>
</kw>
<kw name="Teste de Tipos de Dados - Postcode" owner="random-user-service">
<kw name="GET On Session" owner="RequestsLibrary">
<msg time="2024-06-12T15:14:52.354250" level="INFO">GET Request : url=https://randomuser.me/api 
 path_url=/api 
 headers={'User-Agent': 'python-requests/2.32.3', 'Accept-Encoding': 'gzip, deflate', 'Accept': '*/*', 'Connection': 'keep-alive'} 
 body=None 
 </msg>
<msg time="2024-06-12T15:14:52.354343" level="INFO">GET Response : url=https://randomuser.me/api 
 status=200, reason=OK 
 headers={'Date': 'Wed, 12 Jun 2024 15:14:52 GMT', 'Content-Type': 'application/json; charset=utf-8', 'Transfer-Encoding': 'chunked', 'Connection': 'keep-alive', 'X-Powered-By': 'Express', 'Access-Control-Allow-Origin': '*', 'Cache-Control': 'no-cache', 'ETag': 'W/"45a-vqmQ1R+P/4s66QfGfwaEpeltOuk"', 'Vary': 'Accept-Encoding', 'Content-Encoding': 'gzip', 'CF-Cache-Status': 'DYNAMIC', 'Report-To': '{"endpoints":[{"url":"https:\\/\\/a.nel.cloudflare.com\\/report\\/v4?s=Vz1aEIVAD4Gb1LTI7c6rdNCuQ5JYTNv5XrqX39YbqkX2tOlUdOePqO%2BRL1hiAcOiYm9hxPSuurkWcD0E%2Fzg5c8dd1JWVYCzvO4s7%2FDbpk2j9KZBHvgiAstyCmK6GNqM5"}],"group":"cf-nel","max_age":604800}', 'NEL': '{"success_fraction":0,"report_to":"cf-nel","max_age":604800}', 'Server': 'cloudflare', 'CF-RAY': '892acb04ba58618a-ORD', 'alt-svc': 'h3=":443"; ma=86400'} 
 body={"results":[{"gender":"male","name":{"title":"Mr","first":"Mitesh","last":"Gupta"},"location":{"street":{"number":778,"name":"Camac St"},"city":"Tenali","state":"Goa","country":"India","postcode":45762,"coordinates":{"latitude":"5.6685","longitude":"-53.4344"},"timezone":{"offset":"-9:00","description":"Alaska"}},"email":"mitesh.gupta@example.com","login":{"uuid":"95111e46-f43e-4928-bab5-da85ae7500ea","username":"sadfrog856","password":"pasword","salt":"0sn5KjG0","md5":"dd965883d38cc363916724099451ad46","sha1":"f1cb2d69329157d6e2092da9688cd560f83e5796","sha256":"10f50117d3da004beedaf24402e83bf4c5a7116ab5e57aff3c5adf6ecf9928ea"},"dob":{"date":"1982-10-02T12:05:05.679Z","age":41},"registered":{"date":"2012-12-27T08:07:23.495Z","age":11},"phone":"8843009615","cell":"9751102674","id":{"name":"UIDAI","value":"996393850629"},"picture":{"large":"https://randomuser.me/api/portraits/men/35.jpg","medium":"https://randomuser.me/api/portraits/med/men/35.jpg","thumbnail":"https://randomuser.me/api/portraits/thumb/men/35.jpg"},"nat":"IN"}],"info":{"seed":"23eadf6eedac00d3","results":1,"page":1,"version":"1.4"}} 
 </msg>
<msg time="2024-06-12T15:14:52.354468" level="INFO">/opt/hostedtoolcache/Python/3.12.3/x64/lib/python3.12/site-packages/urllib3/connectionpool.py:1103: InsecureRequestWarning: Unverified HTTPS request is being made to host 'randomuser.me'. Adding certificate verification is strongly advised. See: https://urllib3.readthedocs.io/en/latest/advanced-usage.html#tls-warnings
  warnings.warn(</msg>
<msg time="2024-06-12T15:14:52.354588" level="INFO">${response} = &lt;Response [200]&gt;</msg>
<var>${response}</var>
<arg>consultarAPI</arg>
<arg>/api</arg>
<doc>Sends a GET request on a previously created HTTP Session.</doc>
<status status="PASS" start="2024-06-12T15:14:52.271367" elapsed="0.083247"/>
</kw>
<kw name="Set Variable" owner="BuiltIn">
<msg time="2024-06-12T15:14:52.355489" level="INFO">${json_data} = {'results': [{'gender': 'male', 'name': {'title': 'Mr', 'first': 'Mitesh', 'last': 'Gupta'}, 'location': {'street': {'number': 778, 'name': 'Camac St'}, 'city': 'Tenali', 'state': 'Goa', 'country': 'I...</msg>
<var>${json_data}</var>
<arg>${response.json()}</arg>
<doc>Returns the given values which can then be assigned to a variables.</doc>
<status status="PASS" start="2024-06-12T15:14:52.355032" elapsed="0.000486"/>
</kw>
<kw name="Log" owner="BuiltIn">
<msg time="2024-06-12T15:14:52.355981" level="INFO">{'results': [{'gender': 'male', 'name': {'title': 'Mr', 'first': 'Mitesh', 'last': 'Gupta'}, 'location': {'street': {'number': 778, 'name': 'Camac St'}, 'city': 'Tenali', 'state': 'Goa', 'country': 'India', 'postcode': 45762, 'coordinates': {'latitude': '5.6685', 'longitude': '-53.4344'}, 'timezone': {'offset': '-9:00', 'description': 'Alaska'}}, 'email': 'mitesh.gupta@example.com', 'login': {'uuid': '95111e46-f43e-4928-bab5-da85ae7500ea', 'username': 'sadfrog856', 'password': 'pasword', 'salt': '0sn5KjG0', 'md5': 'dd965883d38cc363916724099451ad46', 'sha1': 'f1cb2d69329157d6e2092da9688cd560f83e5796', 'sha256': '10f50117d3da004beedaf24402e83bf4c5a7116ab5e57aff3c5adf6ecf9928ea'}, 'dob': {'date': '1982-10-02T12:05:05.679Z', 'age': 41}, 'registered': {'date': '2012-12-27T08:07:23.495Z', 'age': 11}, 'phone': '8843009615', 'cell': '9751102674', 'id': {'name': 'UIDAI', 'value': '996393850629'}, 'picture': {'large': 'https://randomuser.me/api/portraits/men/35.jpg', 'medium': 'https://randomuser.me/api/portraits/med/men/35.jpg', 'thumbnail': 'https://randomuser.me/api/portraits/thumb/men/35.jpg'}, 'nat': 'IN'}], 'info': {'seed': '23eadf6eedac00d3', 'results': 1, 'page': 1, 'version': '1.4'}}</msg>
<arg>${json_data}</arg>
<doc>Logs the given message with the given level.</doc>
<status status="PASS" start="2024-06-12T15:14:52.355827" elapsed="0.000201"/>
</kw>
<kw name="Should Be Equal As Numbers" owner="BuiltIn">
<arg>${json_data['results'][0]['location']['postcode']}</arg>
<arg>${json_data['results'][0]['location']['postcode']}</arg>
<doc>Fails if objects are unequal after converting them to real numbers.</doc>
<status status="PASS" start="2024-06-12T15:14:52.356321" elapsed="0.000622"/>
</kw>
<kw name="Log" owner="BuiltIn">
<msg time="2024-06-12T15:14:52.357461" level="INFO">45762</msg>
<arg>${json_data['results'][0]['location']['postcode']}</arg>
<doc>Logs the given message with the given level.</doc>
<status status="PASS" start="2024-06-12T15:14:52.357132" elapsed="0.000369"/>
</kw>
<status status="PASS" start="2024-06-12T15:14:52.271144" elapsed="0.086643"/>
</kw>
<doc>Testa se os tipos de dados na resposta da API estão corretos.</doc>
<tag>testeTiposDados</tag>
<status status="PASS" start="2024-06-12T15:14:52.194024" elapsed="0.163934"/>
</test>
<test id="s1-s1-t5" name="Validar conteudo" line="35">
<kw name="Teste de Tipos de Conteudo" owner="random-user-service">
<kw name="GET On Session" owner="RequestsLibrary">
<msg time="2024-06-12T15:14:52.455242" level="INFO">GET Request : url=https://randomuser.me/api 
 path_url=/api 
 headers={'User-Agent': 'python-requests/2.32.3', 'Accept-Encoding': 'gzip, deflate', 'Accept': '*/*', 'Connection': 'keep-alive'} 
 body=None 
 </msg>
<msg time="2024-06-12T15:14:52.455333" level="INFO">GET Response : url=https://randomuser.me/api 
 status=200, reason=OK 
 headers={'Date': 'Wed, 12 Jun 2024 15:14:52 GMT', 'Content-Type': 'application/json; charset=utf-8', 'Transfer-Encoding': 'chunked', 'Connection': 'keep-alive', 'X-Powered-By': 'Express', 'Access-Control-Allow-Origin': '*', 'Cache-Control': 'no-cache', 'ETag': 'W/"4a9-XfrMfOtmDmjUUg1QyKWuDpMtHSI"', 'Vary': 'Accept-Encoding', 'Content-Encoding': 'gzip', 'CF-Cache-Status': 'DYNAMIC', 'Report-To': '{"endpoints":[{"url":"https:\\/\\/a.nel.cloudflare.com\\/report\\/v4?s=z%2BjtbIIN%2BQ7jPKxfCQyLJuBwkje9TLLnhp%2Bp4l90cqVD5qbpnmr4bbr%2FbTs87h9YJB7%2FycntiN6pVg23rVzNI1DqKZrJoalDdhgiNf9T9K3HCxkA0HIvWyu1edzPpLOT"}],"group":"cf-nel","max_age":604800}', 'NEL': '{"success_fraction":0,"report_to":"cf-nel","max_age":604800}', 'Server': 'cloudflare', 'CF-RAY': '892acb054b29618a-ORD', 'alt-svc': 'h3=":443"; ma=86400'} 
 body={"results":[{"gender":"female","name":{"title":"Mrs","first":"Bojana","last":"Breebaart"},"location":{"street":{"number":7235,"name":"Hogebierenweg"},"city":"Oudemolen Dr","state":"Utrecht","country":"Netherlands","postcode":"8689 VT","coordinates":{"latitude":"32.3648","longitude":"127.5117"},"timezone":{"offset":"+3:00","description":"Baghdad, Riyadh, Moscow, St. Petersburg"}},"email":"bojana.breebaart@example.com","login":{"uuid":"1188bbac-e3bb-4b17-9c71-c0c76e1aaaa5","username":"bigrabbit148","password":"jeffrey","salt":"pSSUhBKY","md5":"afe82ddb0e0ca06afa38239f57186b53","sha1":"cf18dec7130b03f847647b732bd11775a0ad5899","sha256":"ce29b4c3f0208533d79c779f8c9e76c3518926be639bc9d8a5e47fe9da2d017b"},"dob":{"date":"1988-12-06T13:10:04.227Z","age":35},"registered":{"date":"2012-02-03T08:37:17.321Z","age":12},"phone":"(081) 6666383","cell":"(06) 18887793","id":{"name":"BSN","value":"39296901"},"picture":{"large":"https://randomuser.me/api/portraits/women/37.jpg","medium":"https://randomuser.me/api/portraits/med/women/37.jpg","thumbnail":"https://randomuser.me/api/portraits/thumb/women/37.jpg"},"nat":"NL"}],"info":{"seed":"a6a42f1e4ed85535","results":1,"page":1,"version":"1.4"}} 
 </msg>
<msg time="2024-06-12T15:14:52.455420" level="INFO">/opt/hostedtoolcache/Python/3.12.3/x64/lib/python3.12/site-packages/urllib3/connectionpool.py:1103: InsecureRequestWarning: Unverified HTTPS request is being made to host 'randomuser.me'. Adding certificate verification is strongly advised. See: https://urllib3.readthedocs.io/en/latest/advanced-usage.html#tls-warnings
  warnings.warn(</msg>
<msg time="2024-06-12T15:14:52.455546" level="INFO">${response} = &lt;Response [200]&gt;</msg>
<var>${response}</var>
<arg>consultarAPI</arg>
<arg>/api</arg>
<doc>Sends a GET request on a previously created HTTP Session.</doc>
<status status="PASS" start="2024-06-12T15:14:52.360406" elapsed="0.095183"/>
</kw>
<kw name="Set Variable" owner="BuiltIn">
<msg time="2024-06-12T15:14:52.456528" level="INFO">${json_data} = {'results': [{'gender': 'female', 'name': {'title': 'Mrs', 'first': 'Bojana', 'last': 'Breebaart'}, 'location': {'street': {'number': 7235, 'name': 'Hogebierenweg'}, 'city': 'Oudemolen Dr', 'state': '...</msg>
<var>${json_data}</var>
<arg>${response.json()}</arg>
<doc>Returns the given values which can then be assigned to a variables.</doc>
<status status="PASS" start="2024-06-12T15:14:52.456056" elapsed="0.000503"/>
</kw>
<kw name="Set Variable" owner="BuiltIn">
<msg time="2024-06-12T15:14:52.457262" level="INFO">${name_title} = Mrs</msg>
<var>${name_title}</var>
<arg>${json_data["results"][0]["name"]["title"]}</arg>
<doc>Returns the given values which can then be assigned to a variables.</doc>
<status status="PASS" start="2024-06-12T15:14:52.456873" elapsed="0.000414"/>
</kw>
<kw name="Create List" owner="BuiltIn">
<msg time="2024-06-12T15:14:52.457751" level="INFO">${allowed_titles} = ['Mr', 'Ms', 'Miss', 'Mrs', 'Madame', 'Monsieur']</msg>
<var>${allowed_titles}</var>
<arg>Mr</arg>
<arg>Ms</arg>
<arg>Miss</arg>
<arg>Mrs</arg>
<arg>Madame</arg>
<arg>Monsieur</arg>
<doc>Returns a list containing given items.</doc>
<status status="PASS" start="2024-06-12T15:14:52.457596" elapsed="0.000180"/>
</kw>
<kw name="List Should Contain Value" owner="Collections">
<arg>${allowed_titles}</arg>
<arg>${name_title}</arg>
<doc>Fails if the ``value`` is not found from ``list``.</doc>
<status status="PASS" start="2024-06-12T15:14:52.458076" elapsed="0.000178"/>
</kw>
<kw name="Set Variable" owner="BuiltIn">
<msg time="2024-06-12T15:14:52.458856" level="INFO">${name_country} = NL</msg>
<var>${name_country}</var>
<arg>${json_data["results"][0]["nat"]}</arg>
<doc>Returns the given values which can then be assigned to a variables.</doc>
<status status="PASS" start="2024-06-12T15:14:52.458480" elapsed="0.000401"/>
</kw>
<kw name="Create List" owner="BuiltIn">
<msg time="2024-06-12T15:14:52.459775" level="INFO">${list_country} = ['AD', 'AE', 'AF', 'AG', 'AI', 'AL', 'AM', 'AO', 'AQ', 'AR', 'AS', 'AT', 'AU', 'AW', 'AX', 'AZ', 'BA', 'BB', 'BD', 'BE', 'BF', 'BG', 'BH', 'BI', 'BJ', 'BL', 'BM', 'BN', 'BO', 'BQ', 'BR', 'BS', 'BT', '...</msg>
<var>${list_country}</var>
<arg>AD</arg>
<arg>AE</arg>
<arg>AF</arg>
<arg>AG</arg>
<arg>AI</arg>
<arg>AL</arg>
<arg>AM</arg>
<arg>AO</arg>
<arg>AQ</arg>
<arg>AR</arg>
<arg>AS</arg>
<arg>AT</arg>
<arg>AU</arg>
<arg>AW</arg>
<arg>AX</arg>
<arg>AZ</arg>
<arg>BA</arg>
<arg>BB</arg>
<arg>BD</arg>
<arg>BE</arg>
<arg>BF</arg>
<arg>BG</arg>
<arg>BH</arg>
<arg>BI</arg>
<arg>BJ</arg>
<arg>BL</arg>
<arg>BM</arg>
<arg>BN</arg>
<arg>BO</arg>
<arg>BQ</arg>
<arg>BR</arg>
<arg>BS</arg>
<arg>BT</arg>
<arg>BV</arg>
<arg>BW</arg>
<arg>BY</arg>
<arg>BZ</arg>
<arg>CA</arg>
<arg>CC</arg>
<arg>CD</arg>
<arg>CF</arg>
<arg>CG</arg>
<arg>CH</arg>
<arg>CI</arg>
<arg>CK</arg>
<arg>CL</arg>
<arg>CM</arg>
<arg>CN</arg>
<arg>CO</arg>
<arg>CR</arg>
<arg>CU</arg>
<arg>CV</arg>
<arg>CW</arg>
<arg>CX</arg>
<arg>CY</arg>
<arg>CZ</arg>
<arg>DE</arg>
<arg>DJ</arg>
<arg>DK</arg>
<arg>DM</arg>
<arg>DO</arg>
<arg>DZ</arg>
<arg>EC</arg>
<arg>EE</arg>
<arg>EG</arg>
<arg>EH</arg>
<arg>ER</arg>
<arg>ES</arg>
<arg>ET</arg>
<arg>FI</arg>
<arg>FJ</arg>
<arg>FK</arg>
<arg>FM</arg>
<arg>FO</arg>
<arg>FR</arg>
<arg>GA</arg>
<arg>GB</arg>
<arg>GD</arg>
<arg>GE</arg>
<arg>GF</arg>
<arg>GG</arg>
<arg>GH</arg>
<arg>GI</arg>
<arg>GL</arg>
<arg>GM</arg>
<arg>GN</arg>
<arg>GP</arg>
<arg>GQ</arg>
<arg>GR</arg>
<arg>GS</arg>
<arg>GT</arg>
<arg>GU</arg>
<arg>GW</arg>
<arg>GY</arg>
<arg>HK</arg>
<arg>HM</arg>
<arg>HN</arg>
<arg>HR</arg>
<arg>HT</arg>
<arg>HU</arg>
<arg>ID</arg>
<arg>IE</arg>
<arg>IL</arg>
<arg>IM</arg>
<arg>IN</arg>
<arg>IO</arg>
<arg>IQ</arg>
<arg>IR</arg>
<arg>IS</arg>
<arg>IT</arg>
<arg>JE</arg>
<arg>JM</arg>
<arg>JO</arg>
<arg>JP</arg>
<arg>KE</arg>
<arg>KG</arg>
<arg>KH</arg>
<arg>KI</arg>
<arg>KM</arg>
<arg>KN</arg>
<arg>KP</arg>
<arg>KR</arg>
<arg>KW</arg>
<arg>KY</arg>
<arg>KZ</arg>
<arg>LA</arg>
<arg>LB</arg>
<arg>LC</arg>
<arg>LI</arg>
<arg>LK</arg>
<arg>LR</arg>
<arg>LS</arg>
<arg>LT</arg>
<arg>LU</arg>
<arg>LV</arg>
<arg>LY</arg>
<arg>MA</arg>
<arg>MC</arg>
<arg>MD</arg>
<arg>ME</arg>
<arg>MF</arg>
<arg>MG</arg>
<arg>MH</arg>
<arg>MK</arg>
<arg>ML</arg>
<arg>MM</arg>
<arg>MN</arg>
<arg>MO</arg>
<arg>MP</arg>
<arg>MQ</arg>
<arg>MR</arg>
<arg>MS</arg>
<arg>MT</arg>
<arg>MU</arg>
<arg>MV</arg>
<arg>MW</arg>
<arg>MX</arg>
<arg>MY</arg>
<arg>MZ</arg>
<arg>NA</arg>
<arg>NC</arg>
<arg>NE</arg>
<arg>NF</arg>
<arg>NG</arg>
<arg>NI</arg>
<arg>NL</arg>
<arg>NO</arg>
<arg>NP</arg>
<arg>NR</arg>
<arg>NU</arg>
<arg>NZ</arg>
<arg>OM</arg>
<arg>PA</arg>
<arg>PE</arg>
<arg>PF</arg>
<arg>PG</arg>
<arg>PH</arg>
<arg>PK</arg>
<arg>PL</arg>
<arg>PM</arg>
<arg>PN</arg>
<arg>PR</arg>
<arg>PS</arg>
<arg>PT</arg>
<arg>PW</arg>
<arg>PY</arg>
<arg>QA</arg>
<arg>RE</arg>
<arg>RO</arg>
<arg>RS</arg>
<arg>RU</arg>
<arg>RW</arg>
<arg>SA</arg>
<arg>SB</arg>
<arg>SC</arg>
<arg>SD</arg>
<arg>SE</arg>
<arg>SG</arg>
<arg>SH</arg>
<arg>SI</arg>
<arg>SJ</arg>
<arg>SK</arg>
<arg>SL</arg>
<arg>SM</arg>
<arg>SN</arg>
<arg>SO</arg>
<arg>SR</arg>
<arg>SS</arg>
<arg>ST</arg>
<arg>SV</arg>
<arg>SX</arg>
<arg>SY</arg>
<arg>SZ</arg>
<arg>TC</arg>
<arg>TD</arg>
<arg>TF</arg>
<arg>TG</arg>
<arg>TH</arg>
<arg>TJ</arg>
<arg>TK</arg>
<arg>TL</arg>
<arg>TM</arg>
<arg>TN</arg>
<arg>TO</arg>
<arg>TR</arg>
<arg>TT</arg>
<arg>TV</arg>
<arg>TW</arg>
<arg>TZ</arg>
<arg>UA</arg>
<arg>UG</arg>
<arg>UM</arg>
<arg>US</arg>
<arg>UY</arg>
<arg>UZ</arg>
<arg>VA</arg>
<arg>VC</arg>
<arg>VE</arg>
<arg>VG</arg>
<arg>VI</arg>
<arg>VN</arg>
<arg>VU</arg>
<arg>WF</arg>
<arg>WS</arg>
<arg>XK</arg>
<arg>YE</arg>
<arg>YT</arg>
<arg>ZA</arg>
<arg>ZM</arg>
<arg>ZW</arg>
<doc>Returns a list containing given items.</doc>
<status status="PASS" start="2024-06-12T15:14:52.459181" elapsed="0.000620"/>
</kw>
<kw name="List Should Contain Value" owner="Collections">
<arg>${list_country}</arg>
<arg>${name_country}</arg>
<doc>Fails if the ``value`` is not found from ``list``.</doc>
<status status="PASS" start="2024-06-12T15:14:52.460600" elapsed="0.000208"/>
</kw>
<kw name="Run Keyword If" owner="BuiltIn">
<kw name="Should Be True" owner="BuiltIn">
<arg>${True}</arg>
<doc>Fails if the given condition is not true.</doc>
<status status="PASS" start="2024-06-12T15:14:52.461864" elapsed="0.000143"/>
</kw>
<arg>${json_data["results"][0]["location"]["coordinates"]["latitude"]} &gt;= -90 and ${json_data["results"][0]["location"]["coordinates"]["latitude"]} &lt;= 90</arg>
<arg>Should Be True</arg>
<arg>${True}</arg>
<doc>Runs the given keyword with the given arguments, if ``condition`` is true.</doc>
<status status="PASS" start="2024-06-12T15:14:52.461007" elapsed="0.001125"/>
</kw>
<kw name="Run Keyword If" owner="BuiltIn">
<kw name="Should Be True" owner="BuiltIn">
<arg>${True}</arg>
<doc>Fails if the given condition is not true.</doc>
<status status="PASS" start="2024-06-12T15:14:52.463065" elapsed="0.000141"/>
</kw>
<arg>${json_data["results"][0]["location"]["coordinates"]["longitude"]} &gt;= -180 and ${json_data["results"][0]["location"]["coordinates"]["longitude"]} &lt;= 180</arg>
<arg>Should Be True</arg>
<arg>${True}</arg>
<doc>Runs the given keyword with the given arguments, if ``condition`` is true.</doc>
<status status="PASS" start="2024-06-12T15:14:52.462317" elapsed="0.001012"/>
</kw>
<status status="PASS" start="2024-06-12T15:14:52.360187" elapsed="0.103270"/>
</kw>
<doc>Testa o conteúdo específico dos campos retornados pela API.</doc>
<tag>testeConteudo</tag>
<status status="PASS" start="2024-06-12T15:14:52.359750" elapsed="0.103853"/>
</test>
<status status="PASS" start="2024-06-12T15:14:51.424864" elapsed="1.040635"/>
</suite>
<status status="PASS" start="2024-06-12T15:14:51.411410" elapsed="1.059195"/>
</suite>
<statistics>
<total>
<stat pass="5" fail="0" skip="0">All Tests</stat>
</total>
<tag>
<stat pass="1" fail="0" skip="0">testeConteudo</stat>
<stat pass="1" fail="0" skip="0">testeEstruturaResposta</stat>
<stat pass="1" fail="0" skip="0">testeRequisicaoBasica</stat>
<stat pass="1" fail="0" skip="0">testeTiposDados</stat>
</tag>
<suite>
<stat pass="5" fail="0" skip="0" id="s1" name="Tests">Tests</stat>
<stat pass="5" fail="0" skip="0" id="s1-s1" name="Random-User-Test">Tests.Random-User-Test</stat>
</suite>
</statistics>
<errors>
</errors>
</robot>
