<?xml version="1.0" encoding="UTF-8"?>
<robot generator="Robot 7.0 (Python 3.12.2 on linux)" generated="2024-03-30T18:17:24.529392" rpa="false" schemaversion="5">
<suite id="s1" name="Tests" source="/home/runner/work/DesafioQAItauRogerioJordao/DesafioQAItauRogerioJordao/RamdonUser/tests">
<suite id="s1-s1" name="Random-User-Test" source="/home/runner/work/DesafioQAItauRogerioJordao/DesafioQAItauRogerioJordao/RamdonUser/tests/random-user-test.robot">
<test id="s1-s1-t1" name="Conectar" line="13">
<kw name="Conectar API" owner="random-user-service">
<kw name="Create Session" owner="RequestsLibrary">
<msg time="2024-03-30T18:17:24.858136" level="INFO">Creating Session using : alias=consultarAPI, url=https://randomuser.me/, headers={},                     cookies={}, auth=None, timeout=None, proxies=None, verify=False,                     debug=0 </msg>
<arg>consultarAPI</arg>
<arg>${URL}</arg>
<doc>Create Session: create a HTTP session to a server</doc>
<status status="PASS" start="2024-03-30T18:17:24.857960" elapsed="0.000316"/>
</kw>
<status status="PASS" start="2024-03-30T18:17:24.857066" elapsed="0.001530"/>
</kw>
<status status="PASS" start="2024-03-30T18:17:24.856570" elapsed="0.002212"/>
</test>
<test id="s1-s1-t2" name="Validar retorno 200 e JSON Válido" line="16">
<kw name="Teste de Requisicao Basica" owner="random-user-service">
<kw name="GET On Session" owner="RequestsLibrary">
<msg time="2024-03-30T18:17:24.947213" level="INFO">GET Request : url=https://randomuser.me/api 
 path_url=/api 
 headers={'User-Agent': 'python-requests/2.31.0', 'Accept-Encoding': 'gzip, deflate', 'Accept': '*/*', 'Connection': 'keep-alive'} 
 body=None 
 </msg>
<msg time="2024-03-30T18:17:24.947332" level="INFO">GET Response : url=https://randomuser.me/api 
 status=200, reason=OK 
 headers={'Date': 'Sat, 30 Mar 2024 18:17:24 GMT', 'Content-Type': 'application/json; charset=utf-8', 'Transfer-Encoding': 'chunked', 'Connection': 'keep-alive', 'X-Powered-By': 'Express', 'Access-Control-Allow-Origin': '*', 'Cache-Control': 'no-cache', 'ETag': 'W/"484-7UZJb3Lgdly7y/TzIOYWfIptC+o"', 'Vary': 'Accept-Encoding', 'Content-Encoding': 'gzip', 'CF-Cache-Status': 'DYNAMIC', 'Report-To': '{"endpoints":[{"url":"https:\\/\\/a.nel.cloudflare.com\\/report\\/v4?s=DeOBvDN7upd7ezYhXdZUZgR2Ql4X6PXe074udPqAQhMv5KPb88%2BfTzxaVd3Xl7BAmVYGf231RzRKbr6bcwFSFCtrSBOBpRR%2BRx9mVHCw37QKVAEhNDtjHd6x7HZx6TRk"}],"group":"cf-nel","max_age":604800}', 'NEL': '{"success_fraction":0,"report_to":"cf-nel","max_age":604800}', 'Server': 'cloudflare', 'CF-RAY': '86ca18aa982e38ac-IAD', 'alt-svc': 'h3=":443"; ma=86400'} 
 body={"results":[{"gender":"male","name":{"title":"Mr","first":"Otto","last":"Pulli"},"location":{"street":{"number":6025,"name":"Suvantokatu"},"city":"Kyyjärvi","state":"North Karelia","country":"Finland","postcode":65998,"coordinates":{"latitude":"-22.1464","longitude":"-24.5628"},"timezone":{"offset":"-12:00","description":"Eniwetok, Kwajalein"}},"email":"otto.pulli@example.com","login":{"uuid":"cb09d659-0bf0-41cc-a2df-2f25db1d56d1","username":"ticklishwolf245","password":"beatle","salt":"bS9bfUYO","md5":"df6834d8da349d06b39e7f9c5adbfcb3","sha1":"f0d9c640cddf76ab0b40b567353247f9a3f7d950","sha256":"19cce9ee1829344ba715be951ec41d803f91ebccf7ba8e71283ac64f200253c9"},"dob":{"date":"1998-06-05T07:10:19.193Z","age":25},"registered":{"date":"2005-01-16T05:08:29.817Z","age":19},"phone":"08-718-338","cell":"040-050-49-05","id":{"name":"HETU","value":"NaNNA215undefined"},"picture":{"large":"https://randomuser.me/api/portraits/men/32.jpg","medium":"https://randomuser.me/api/portraits/med/men/32.jpg","thumbnail":"https://randomuser.me/api/portraits/thumb/men/32.jpg"},"nat":"FI"}],"info":{"seed":"bfd8d5c586b7a6fa","results":1,"page":1,"version":"1.4"}} 
 </msg>
<msg time="2024-03-30T18:17:24.947438" level="INFO">/opt/hostedtoolcache/Python/3.12.2/x64/lib/python3.12/site-packages/urllib3/connectionpool.py:1103: InsecureRequestWarning: Unverified HTTPS request is being made to host 'randomuser.me'. Adding certificate verification is strongly advised. See: https://urllib3.readthedocs.io/en/latest/advanced-usage.html#tls-warnings
  warnings.warn(</msg>
<msg time="2024-03-30T18:17:24.947580" level="INFO">${response} = &lt;Response [200]&gt;</msg>
<var>${response}</var>
<arg>consultarAPI</arg>
<arg>/api</arg>
<doc>Sends a GET request on a previously created HTTP Session.</doc>
<status status="PASS" start="2024-03-30T18:17:24.861166" elapsed="0.086451"/>
</kw>
<kw name="Should Be Equal As Numbers" owner="BuiltIn">
<msg time="2024-03-30T18:17:24.948383" level="INFO">Argument types are:
&lt;class 'int'&gt;
&lt;class 'str'&gt;</msg>
<arg>${response.status_code}</arg>
<arg>200</arg>
<doc>Fails if objects are unequal after converting them to real numbers.</doc>
<status status="PASS" start="2024-03-30T18:17:24.947999" elapsed="0.000449"/>
</kw>
<kw name="Log" owner="BuiltIn">
<msg time="2024-03-30T18:17:24.949118" level="INFO">200</msg>
<arg>${response.status_code}</arg>
<doc>Logs the given message with the given level.</doc>
<status status="PASS" start="2024-03-30T18:17:24.948752" elapsed="0.000408"/>
</kw>
<kw name="Set Variable" owner="BuiltIn">
<msg time="2024-03-30T18:17:24.949885" level="INFO">${json_data} = {'results': [{'gender': 'male', 'name': {'title': 'Mr', 'first': 'Otto', 'last': 'Pulli'}, 'location': {'street': {'number': 6025, 'name': 'Suvantokatu'}, 'city': 'Kyyjärvi', 'state': 'North Karelia',...</msg>
<var>${json_data}</var>
<arg>${response.json()}</arg>
<doc>Returns the given values which can then be assigned to a variables.</doc>
<status status="PASS" start="2024-03-30T18:17:24.949474" elapsed="0.000438"/>
</kw>
<kw name="Dictionary Should Contain Key" owner="Collections">
<msg time="2024-03-30T18:17:24.950349" level="INFO">False</msg>
<arg>${json_data}</arg>
<arg>results</arg>
<doc>Fails if ``key`` is not found from ``dictionary``.</doc>
<status status="PASS" start="2024-03-30T18:17:24.950196" elapsed="0.000190"/>
</kw>
<status status="PASS" start="2024-03-30T18:17:24.860879" elapsed="0.089795"/>
</kw>
<doc>Testa se a API responde corretamente e retorna um objeto JSON válido.</doc>
<tag>testeRequisicaoBasica</tag>
<status status="PASS" start="2024-03-30T18:17:24.860444" elapsed="0.090394"/>
</test>
<test id="s1-s1-t3" name="Validar estrutura de resposta" line="22">
<kw name="Teste de Estrutura de Resposta" owner="random-user-service">
<kw name="GET On Session" owner="RequestsLibrary">
<msg time="2024-03-30T18:17:25.042869" level="INFO">GET Request : url=https://randomuser.me/api 
 path_url=/api 
 headers={'User-Agent': 'python-requests/2.31.0', 'Accept-Encoding': 'gzip, deflate', 'Accept': '*/*', 'Connection': 'keep-alive'} 
 body=None 
 </msg>
<msg time="2024-03-30T18:17:25.042957" level="INFO">GET Response : url=https://randomuser.me/api 
 status=200, reason=OK 
 headers={'Date': 'Sat, 30 Mar 2024 18:17:25 GMT', 'Content-Type': 'application/json; charset=utf-8', 'Transfer-Encoding': 'chunked', 'Connection': 'keep-alive', 'X-Powered-By': 'Express', 'Access-Control-Allow-Origin': '*', 'Cache-Control': 'no-cache', 'ETag': 'W/"4a1-HK8p+W/A99EA3rAkjB4mHQZSsZI"', 'Vary': 'Accept-Encoding', 'Content-Encoding': 'gzip', 'CF-Cache-Status': 'DYNAMIC', 'Report-To': '{"endpoints":[{"url":"https:\\/\\/a.nel.cloudflare.com\\/report\\/v4?s=K50LPlQJja1V5OYCHDsnxvbT1JyAnSQfL6%2FV%2Fk0BGCAmzbNA%2FzCAwhyZw41yyw2rqELw5WkFRoTAgv%2Br%2BvFaOXQ0bjNVM456SmaPhG0ftBUf1WT4X3lz6nrXkvbayVY6"}],"group":"cf-nel","max_age":604800}', 'NEL': '{"success_fraction":0,"report_to":"cf-nel","max_age":604800}', 'Server': 'cloudflare', 'CF-RAY': '86ca18aaf8a938ac-IAD', 'alt-svc': 'h3=":443"; ma=86400'} 
 body={"results":[{"gender":"male","name":{"title":"Mr","first":"Pelaio","last":"da Cunha"},"location":{"street":{"number":9980,"name":"Rua Alagoas "},"city":"Piracicaba","state":"Mato Grosso do Sul","country":"Brazil","postcode":15588,"coordinates":{"latitude":"-74.6786","longitude":"-144.8595"},"timezone":{"offset":"+4:00","description":"Abu Dhabi, Muscat, Baku, Tbilisi"}},"email":"pelaio.dacunha@example.com","login":{"uuid":"c39f1a60-9fa8-4009-9bfc-493b805bfb8c","username":"yellowrabbit362","password":"pisces","salt":"M8PFbcKY","md5":"40f68e6f55e634b8d52f839d996fcd89","sha1":"499b3fbb50b38c6dbea5990b407dba233b068c32","sha256":"8def24390b1e36af7dbf018928a47c9ad028d8cae218e13f77d3de2db5b343a5"},"dob":{"date":"1977-12-15T23:54:48.943Z","age":46},"registered":{"date":"2006-03-02T06:45:14.213Z","age":18},"phone":"(50) 3697-5739","cell":"(44) 3660-9143","id":{"name":"CPF","value":"575.191.385-63"},"picture":{"large":"https://randomuser.me/api/portraits/men/74.jpg","medium":"https://randomuser.me/api/portraits/med/men/74.jpg","thumbnail":"https://randomuser.me/api/portraits/thumb/men/74.jpg"},"nat":"BR"}],"info":{"seed":"5c3319ed8dc2370b","results":1,"page":1,"version":"1.4"}} 
 </msg>
<msg time="2024-03-30T18:17:25.043107" level="INFO">/opt/hostedtoolcache/Python/3.12.2/x64/lib/python3.12/site-packages/urllib3/connectionpool.py:1103: InsecureRequestWarning: Unverified HTTPS request is being made to host 'randomuser.me'. Adding certificate verification is strongly advised. See: https://urllib3.readthedocs.io/en/latest/advanced-usage.html#tls-warnings
  warnings.warn(</msg>
<msg time="2024-03-30T18:17:25.043288" level="INFO">${response} = &lt;Response [200]&gt;</msg>
<var>${response}</var>
<arg>consultarAPI</arg>
<arg>/api</arg>
<doc>Sends a GET request on a previously created HTTP Session.</doc>
<status status="PASS" start="2024-03-30T18:17:24.953532" elapsed="0.089806"/>
</kw>
<kw name="Set Variable" owner="BuiltIn">
<msg time="2024-03-30T18:17:25.044145" level="INFO">${json_data} = {'results': [{'gender': 'male', 'name': {'title': 'Mr', 'first': 'Pelaio', 'last': 'da Cunha'}, 'location': {'street': {'number': 9980, 'name': 'Rua Alagoas '}, 'city': 'Piracicaba', 'state': 'Mato Gr...</msg>
<var>${json_data}</var>
<arg>${response.json()}</arg>
<doc>Returns the given values which can then be assigned to a variables.</doc>
<status status="PASS" start="2024-03-30T18:17:25.043696" elapsed="0.000477"/>
</kw>
<kw name="Log" owner="BuiltIn">
<msg time="2024-03-30T18:17:25.044640" level="INFO">{'results': [{'gender': 'male', 'name': {'title': 'Mr', 'first': 'Pelaio', 'last': 'da Cunha'}, 'location': {'street': {'number': 9980, 'name': 'Rua Alagoas '}, 'city': 'Piracicaba', 'state': 'Mato Grosso do Sul', 'country': 'Brazil', 'postcode': 15588, 'coordinates': {'latitude': '-74.6786', 'longitude': '-144.8595'}, 'timezone': {'offset': '+4:00', 'description': 'Abu Dhabi, Muscat, Baku, Tbilisi'}}, 'email': 'pelaio.dacunha@example.com', 'login': {'uuid': 'c39f1a60-9fa8-4009-9bfc-493b805bfb8c', 'username': 'yellowrabbit362', 'password': 'pisces', 'salt': 'M8PFbcKY', 'md5': '40f68e6f55e634b8d52f839d996fcd89', 'sha1': '499b3fbb50b38c6dbea5990b407dba233b068c32', 'sha256': '8def24390b1e36af7dbf018928a47c9ad028d8cae218e13f77d3de2db5b343a5'}, 'dob': {'date': '1977-12-15T23:54:48.943Z', 'age': 46}, 'registered': {'date': '2006-03-02T06:45:14.213Z', 'age': 18}, 'phone': '(50) 3697-5739', 'cell': '(44) 3660-9143', 'id': {'name': 'CPF', 'value': '575.191.385-63'}, 'picture': {'large': 'https://randomuser.me/api/portraits/men/74.jpg', 'medium': 'https://randomuser.me/api/portraits/med/men/74.jpg', 'thumbnail': 'https://randomuser.me/api/portraits/thumb/men/74.jpg'}, 'nat': 'BR'}], 'info': {'seed': '5c3319ed8dc2370b', 'results': 1, 'page': 1, 'version': '1.4'}}</msg>
<arg>${json_data}</arg>
<doc>Logs the given message with the given level.</doc>
<status status="PASS" start="2024-03-30T18:17:25.044482" elapsed="0.000207"/>
</kw>
<kw name="Dictionary Should Contain Key" owner="Collections">
<msg time="2024-03-30T18:17:25.045151" level="INFO">False</msg>
<arg>${json_data}</arg>
<arg>results</arg>
<doc>Fails if ``key`` is not found from ``dictionary``.</doc>
<status status="PASS" start="2024-03-30T18:17:25.045001" elapsed="0.000184"/>
</kw>
<kw name="Should Not Be Empty" owner="BuiltIn">
<msg time="2024-03-30T18:17:25.045588" level="INFO">Length is 2.</msg>
<arg>${json_data}</arg>
<doc>Verifies that the given item is not empty.</doc>
<status status="PASS" start="2024-03-30T18:17:25.045464" elapsed="0.000161"/>
</kw>
<kw name="Create List" owner="BuiltIn">
<msg time="2024-03-30T18:17:25.046034" level="INFO">${expected_keys} = ['gender', 'name', 'location', 'email', 'login']</msg>
<var>${expected_keys}</var>
<arg>gender</arg>
<arg>name</arg>
<arg>location</arg>
<arg>email</arg>
<arg>login</arg>
<doc>Returns a list containing given items.</doc>
<status status="PASS" start="2024-03-30T18:17:25.045896" elapsed="0.000160"/>
</kw>
<for flavor="IN">
<iter>
<kw name="Dictionary Should Contain Key" owner="Collections">
<msg time="2024-03-30T18:17:25.046964" level="INFO">False</msg>
<arg>${json_data['results'][0]}</arg>
<arg>${key}</arg>
<doc>Fails if ``key`` is not found from ``dictionary``.</doc>
<status status="PASS" start="2024-03-30T18:17:25.046576" elapsed="0.000424"/>
</kw>
<kw name="Log" owner="BuiltIn">
<msg time="2024-03-30T18:17:25.047621" level="INFO">{'gender': 'male', 'name': {'title': 'Mr', 'first': 'Pelaio', 'last': 'da Cunha'}, 'location': {'street': {'number': 9980, 'name': 'Rua Alagoas '}, 'city': 'Piracicaba', 'state': 'Mato Grosso do Sul', 'country': 'Brazil', 'postcode': 15588, 'coordinates': {'latitude': '-74.6786', 'longitude': '-144.8595'}, 'timezone': {'offset': '+4:00', 'description': 'Abu Dhabi, Muscat, Baku, Tbilisi'}}, 'email': 'pelaio.dacunha@example.com', 'login': {'uuid': 'c39f1a60-9fa8-4009-9bfc-493b805bfb8c', 'username': 'yellowrabbit362', 'password': 'pisces', 'salt': 'M8PFbcKY', 'md5': '40f68e6f55e634b8d52f839d996fcd89', 'sha1': '499b3fbb50b38c6dbea5990b407dba233b068c32', 'sha256': '8def24390b1e36af7dbf018928a47c9ad028d8cae218e13f77d3de2db5b343a5'}, 'dob': {'date': '1977-12-15T23:54:48.943Z', 'age': 46}, 'registered': {'date': '2006-03-02T06:45:14.213Z', 'age': 18}, 'phone': '(50) 3697-5739', 'cell': '(44) 3660-9143', 'id': {'name': 'CPF', 'value': '575.191.385-63'}, 'picture': {'large': 'https://randomuser.me/api/portraits/men/74.jpg', 'medium': 'https://randomuser.me/api/portraits/med/men/74.jpg', 'thumbnail': 'https://randomuser.me/api/portraits/thumb/men/74.jpg'}, 'nat': 'BR'}</msg>
<arg>${json_data['results'][0]}</arg>
<doc>Logs the given message with the given level.</doc>
<status status="PASS" start="2024-03-30T18:17:25.047284" elapsed="0.000387"/>
</kw>
<kw name="Log" owner="BuiltIn">
<msg time="2024-03-30T18:17:25.048072" level="INFO">gender</msg>
<arg>${key}</arg>
<doc>Logs the given message with the given level.</doc>
<status status="PASS" start="2024-03-30T18:17:25.047951" elapsed="0.000157"/>
</kw>
<var name="${key}">gender</var>
<status status="PASS" start="2024-03-30T18:17:25.046462" elapsed="0.001851"/>
</iter>
<iter>
<kw name="Dictionary Should Contain Key" owner="Collections">
<msg time="2024-03-30T18:17:25.048973" level="INFO">False</msg>
<arg>${json_data['results'][0]}</arg>
<arg>${key}</arg>
<doc>Fails if ``key`` is not found from ``dictionary``.</doc>
<status status="PASS" start="2024-03-30T18:17:25.048596" elapsed="0.000414"/>
</kw>
<kw name="Log" owner="BuiltIn">
<msg time="2024-03-30T18:17:25.049655" level="INFO">{'gender': 'male', 'name': {'title': 'Mr', 'first': 'Pelaio', 'last': 'da Cunha'}, 'location': {'street': {'number': 9980, 'name': 'Rua Alagoas '}, 'city': 'Piracicaba', 'state': 'Mato Grosso do Sul', 'country': 'Brazil', 'postcode': 15588, 'coordinates': {'latitude': '-74.6786', 'longitude': '-144.8595'}, 'timezone': {'offset': '+4:00', 'description': 'Abu Dhabi, Muscat, Baku, Tbilisi'}}, 'email': 'pelaio.dacunha@example.com', 'login': {'uuid': 'c39f1a60-9fa8-4009-9bfc-493b805bfb8c', 'username': 'yellowrabbit362', 'password': 'pisces', 'salt': 'M8PFbcKY', 'md5': '40f68e6f55e634b8d52f839d996fcd89', 'sha1': '499b3fbb50b38c6dbea5990b407dba233b068c32', 'sha256': '8def24390b1e36af7dbf018928a47c9ad028d8cae218e13f77d3de2db5b343a5'}, 'dob': {'date': '1977-12-15T23:54:48.943Z', 'age': 46}, 'registered': {'date': '2006-03-02T06:45:14.213Z', 'age': 18}, 'phone': '(50) 3697-5739', 'cell': '(44) 3660-9143', 'id': {'name': 'CPF', 'value': '575.191.385-63'}, 'picture': {'large': 'https://randomuser.me/api/portraits/men/74.jpg', 'medium': 'https://randomuser.me/api/portraits/med/men/74.jpg', 'thumbnail': 'https://randomuser.me/api/portraits/thumb/men/74.jpg'}, 'nat': 'BR'}</msg>
<arg>${json_data['results'][0]}</arg>
<doc>Logs the given message with the given level.</doc>
<status status="PASS" start="2024-03-30T18:17:25.049320" elapsed="0.000380"/>
</kw>
<kw name="Log" owner="BuiltIn">
<msg time="2024-03-30T18:17:25.050098" level="INFO">name</msg>
<arg>${key}</arg>
<doc>Logs the given message with the given level.</doc>
<status status="PASS" start="2024-03-30T18:17:25.049978" elapsed="0.000155"/>
</kw>
<var name="${key}">name</var>
<status status="PASS" start="2024-03-30T18:17:25.048489" elapsed="0.001854"/>
</iter>
<iter>
<kw name="Dictionary Should Contain Key" owner="Collections">
<msg time="2024-03-30T18:17:25.050966" level="INFO">False</msg>
<arg>${json_data['results'][0]}</arg>
<arg>${key}</arg>
<doc>Fails if ``key`` is not found from ``dictionary``.</doc>
<status status="PASS" start="2024-03-30T18:17:25.050618" elapsed="0.000384"/>
</kw>
<kw name="Log" owner="BuiltIn">
<msg time="2024-03-30T18:17:25.051616" level="INFO">{'gender': 'male', 'name': {'title': 'Mr', 'first': 'Pelaio', 'last': 'da Cunha'}, 'location': {'street': {'number': 9980, 'name': 'Rua Alagoas '}, 'city': 'Piracicaba', 'state': 'Mato Grosso do Sul', 'country': 'Brazil', 'postcode': 15588, 'coordinates': {'latitude': '-74.6786', 'longitude': '-144.8595'}, 'timezone': {'offset': '+4:00', 'description': 'Abu Dhabi, Muscat, Baku, Tbilisi'}}, 'email': 'pelaio.dacunha@example.com', 'login': {'uuid': 'c39f1a60-9fa8-4009-9bfc-493b805bfb8c', 'username': 'yellowrabbit362', 'password': 'pisces', 'salt': 'M8PFbcKY', 'md5': '40f68e6f55e634b8d52f839d996fcd89', 'sha1': '499b3fbb50b38c6dbea5990b407dba233b068c32', 'sha256': '8def24390b1e36af7dbf018928a47c9ad028d8cae218e13f77d3de2db5b343a5'}, 'dob': {'date': '1977-12-15T23:54:48.943Z', 'age': 46}, 'registered': {'date': '2006-03-02T06:45:14.213Z', 'age': 18}, 'phone': '(50) 3697-5739', 'cell': '(44) 3660-9143', 'id': {'name': 'CPF', 'value': '575.191.385-63'}, 'picture': {'large': 'https://randomuser.me/api/portraits/men/74.jpg', 'medium': 'https://randomuser.me/api/portraits/med/men/74.jpg', 'thumbnail': 'https://randomuser.me/api/portraits/thumb/men/74.jpg'}, 'nat': 'BR'}</msg>
<arg>${json_data['results'][0]}</arg>
<doc>Logs the given message with the given level.</doc>
<status status="PASS" start="2024-03-30T18:17:25.051281" elapsed="0.000382"/>
</kw>
<kw name="Log" owner="BuiltIn">
<msg time="2024-03-30T18:17:25.052053" level="INFO">location</msg>
<arg>${key}</arg>
<doc>Logs the given message with the given level.</doc>
<status status="PASS" start="2024-03-30T18:17:25.051936" elapsed="0.000152"/>
</kw>
<var name="${key}">location</var>
<status status="PASS" start="2024-03-30T18:17:25.050513" elapsed="0.001776"/>
</iter>
<iter>
<kw name="Dictionary Should Contain Key" owner="Collections">
<msg time="2024-03-30T18:17:25.052927" level="INFO">False</msg>
<arg>${json_data['results'][0]}</arg>
<arg>${key}</arg>
<doc>Fails if ``key`` is not found from ``dictionary``.</doc>
<status status="PASS" start="2024-03-30T18:17:25.052554" elapsed="0.000445"/>
</kw>
<kw name="Log" owner="BuiltIn">
<msg time="2024-03-30T18:17:25.053672" level="INFO">{'gender': 'male', 'name': {'title': 'Mr', 'first': 'Pelaio', 'last': 'da Cunha'}, 'location': {'street': {'number': 9980, 'name': 'Rua Alagoas '}, 'city': 'Piracicaba', 'state': 'Mato Grosso do Sul', 'country': 'Brazil', 'postcode': 15588, 'coordinates': {'latitude': '-74.6786', 'longitude': '-144.8595'}, 'timezone': {'offset': '+4:00', 'description': 'Abu Dhabi, Muscat, Baku, Tbilisi'}}, 'email': 'pelaio.dacunha@example.com', 'login': {'uuid': 'c39f1a60-9fa8-4009-9bfc-493b805bfb8c', 'username': 'yellowrabbit362', 'password': 'pisces', 'salt': 'M8PFbcKY', 'md5': '40f68e6f55e634b8d52f839d996fcd89', 'sha1': '499b3fbb50b38c6dbea5990b407dba233b068c32', 'sha256': '8def24390b1e36af7dbf018928a47c9ad028d8cae218e13f77d3de2db5b343a5'}, 'dob': {'date': '1977-12-15T23:54:48.943Z', 'age': 46}, 'registered': {'date': '2006-03-02T06:45:14.213Z', 'age': 18}, 'phone': '(50) 3697-5739', 'cell': '(44) 3660-9143', 'id': {'name': 'CPF', 'value': '575.191.385-63'}, 'picture': {'large': 'https://randomuser.me/api/portraits/men/74.jpg', 'medium': 'https://randomuser.me/api/portraits/med/men/74.jpg', 'thumbnail': 'https://randomuser.me/api/portraits/thumb/men/74.jpg'}, 'nat': 'BR'}</msg>
<arg>${json_data['results'][0]}</arg>
<doc>Logs the given message with the given level.</doc>
<status status="PASS" start="2024-03-30T18:17:25.053309" elapsed="0.000411"/>
</kw>
<kw name="Log" owner="BuiltIn">
<msg time="2024-03-30T18:17:25.054142" level="INFO">email</msg>
<arg>${key}</arg>
<doc>Logs the given message with the given level.</doc>
<status status="PASS" start="2024-03-30T18:17:25.054015" elapsed="0.000165"/>
</kw>
<var name="${key}">email</var>
<status status="PASS" start="2024-03-30T18:17:25.052452" elapsed="0.001942"/>
</iter>
<iter>
<kw name="Dictionary Should Contain Key" owner="Collections">
<msg time="2024-03-30T18:17:25.055066" level="INFO">False</msg>
<arg>${json_data['results'][0]}</arg>
<arg>${key}</arg>
<doc>Fails if ``key`` is not found from ``dictionary``.</doc>
<status status="PASS" start="2024-03-30T18:17:25.054685" elapsed="0.000418"/>
</kw>
<kw name="Log" owner="BuiltIn">
<msg time="2024-03-30T18:17:25.055755" level="INFO">{'gender': 'male', 'name': {'title': 'Mr', 'first': 'Pelaio', 'last': 'da Cunha'}, 'location': {'street': {'number': 9980, 'name': 'Rua Alagoas '}, 'city': 'Piracicaba', 'state': 'Mato Grosso do Sul', 'country': 'Brazil', 'postcode': 15588, 'coordinates': {'latitude': '-74.6786', 'longitude': '-144.8595'}, 'timezone': {'offset': '+4:00', 'description': 'Abu Dhabi, Muscat, Baku, Tbilisi'}}, 'email': 'pelaio.dacunha@example.com', 'login': {'uuid': 'c39f1a60-9fa8-4009-9bfc-493b805bfb8c', 'username': 'yellowrabbit362', 'password': 'pisces', 'salt': 'M8PFbcKY', 'md5': '40f68e6f55e634b8d52f839d996fcd89', 'sha1': '499b3fbb50b38c6dbea5990b407dba233b068c32', 'sha256': '8def24390b1e36af7dbf018928a47c9ad028d8cae218e13f77d3de2db5b343a5'}, 'dob': {'date': '1977-12-15T23:54:48.943Z', 'age': 46}, 'registered': {'date': '2006-03-02T06:45:14.213Z', 'age': 18}, 'phone': '(50) 3697-5739', 'cell': '(44) 3660-9143', 'id': {'name': 'CPF', 'value': '575.191.385-63'}, 'picture': {'large': 'https://randomuser.me/api/portraits/men/74.jpg', 'medium': 'https://randomuser.me/api/portraits/med/men/74.jpg', 'thumbnail': 'https://randomuser.me/api/portraits/thumb/men/74.jpg'}, 'nat': 'BR'}</msg>
<arg>${json_data['results'][0]}</arg>
<doc>Logs the given message with the given level.</doc>
<status status="PASS" start="2024-03-30T18:17:25.055396" elapsed="0.000405"/>
</kw>
<kw name="Log" owner="BuiltIn">
<msg time="2024-03-30T18:17:25.056223" level="INFO">login</msg>
<arg>${key}</arg>
<doc>Logs the given message with the given level.</doc>
<status status="PASS" start="2024-03-30T18:17:25.056095" elapsed="0.000302"/>
</kw>
<var name="${key}">login</var>
<status status="PASS" start="2024-03-30T18:17:25.054568" elapsed="0.002061"/>
</iter>
<var>${key}</var>
<value>@{expected_keys}</value>
<status status="PASS" start="2024-03-30T18:17:25.046295" elapsed="0.010458"/>
</for>
<kw name="Create List" owner="BuiltIn">
<msg time="2024-03-30T18:17:25.057114" level="INFO">${expected_keysTwo} = ['username', 'password']</msg>
<var>${expected_keysTwo}</var>
<arg>username</arg>
<arg>password</arg>
<doc>Returns a list containing given items.</doc>
<status status="PASS" start="2024-03-30T18:17:25.056971" elapsed="0.000167"/>
</kw>
<for flavor="IN">
<iter>
<kw name="Dictionary Should Contain Key" owner="Collections">
<msg time="2024-03-30T18:17:25.058031" level="INFO">False</msg>
<arg>${json_data['results'][0]['login']}</arg>
<arg>${keyTwo}</arg>
<doc>Fails if ``key`` is not found from ``dictionary``.</doc>
<status status="PASS" start="2024-03-30T18:17:25.057640" elapsed="0.000429"/>
</kw>
<kw name="Dictionary Should Contain Key" owner="Collections">
<msg time="2024-03-30T18:17:25.058753" level="INFO">False</msg>
<arg>${json_data['results'][0]['login']}</arg>
<arg>${keyTwo}</arg>
<doc>Fails if ``key`` is not found from ``dictionary``.</doc>
<status status="PASS" start="2024-03-30T18:17:25.058371" elapsed="0.000420"/>
</kw>
<kw name="Log" owner="BuiltIn">
<msg time="2024-03-30T18:17:25.059218" level="INFO">username</msg>
<arg>${keyTwo}</arg>
<doc>Logs the given message with the given level.</doc>
<status status="PASS" start="2024-03-30T18:17:25.059089" elapsed="0.000166"/>
</kw>
<var name="${keyTwo}">username</var>
<status status="PASS" start="2024-03-30T18:17:25.057529" elapsed="0.001943"/>
</iter>
<iter>
<kw name="Dictionary Should Contain Key" owner="Collections">
<msg time="2024-03-30T18:17:25.060134" level="INFO">False</msg>
<arg>${json_data['results'][0]['login']}</arg>
<arg>${keyTwo}</arg>
<doc>Fails if ``key`` is not found from ``dictionary``.</doc>
<status status="PASS" start="2024-03-30T18:17:25.059757" elapsed="0.000421"/>
</kw>
<kw name="Dictionary Should Contain Key" owner="Collections">
<msg time="2024-03-30T18:17:25.060855" level="INFO">False</msg>
<arg>${json_data['results'][0]['login']}</arg>
<arg>${keyTwo}</arg>
<doc>Fails if ``key`` is not found from ``dictionary``.</doc>
<status status="PASS" start="2024-03-30T18:17:25.060475" elapsed="0.000416"/>
</kw>
<kw name="Log" owner="BuiltIn">
<msg time="2024-03-30T18:17:25.061356" level="INFO">password</msg>
<arg>${keyTwo}</arg>
<doc>Logs the given message with the given level.</doc>
<status status="PASS" start="2024-03-30T18:17:25.061228" elapsed="0.000166"/>
</kw>
<var name="${keyTwo}">password</var>
<status status="PASS" start="2024-03-30T18:17:25.059646" elapsed="0.001965"/>
</iter>
<var>${keyTwo}</var>
<value>@{expected_keysTwo}</value>
<status status="PASS" start="2024-03-30T18:17:25.057376" elapsed="0.004356"/>
</for>
<status status="PASS" start="2024-03-30T18:17:24.953291" elapsed="0.108582"/>
</kw>
<doc>Testa a estrutura da resposta da API.</doc>
<tag>testeEstruturaResposta</tag>
<status status="PASS" start="2024-03-30T18:17:24.952536" elapsed="0.109488"/>
</test>
<test id="s1-s1-t4" name="Validar tipos de dados" line="28">
<kw name="Teste de Tipos de Dados" owner="random-user-service">
<kw name="GET On Session" owner="RequestsLibrary">
<msg time="2024-03-30T18:17:25.136362" level="INFO">GET Request : url=https://randomuser.me/api 
 path_url=/api 
 headers={'User-Agent': 'python-requests/2.31.0', 'Accept-Encoding': 'gzip, deflate', 'Accept': '*/*', 'Connection': 'keep-alive'} 
 body=None 
 </msg>
<msg time="2024-03-30T18:17:25.136447" level="INFO">GET Response : url=https://randomuser.me/api 
 status=200, reason=OK 
 headers={'Date': 'Sat, 30 Mar 2024 18:17:25 GMT', 'Content-Type': 'application/json; charset=utf-8', 'Transfer-Encoding': 'chunked', 'Connection': 'keep-alive', 'X-Powered-By': 'Express', 'Access-Control-Allow-Origin': '*', 'Cache-Control': 'no-cache', 'ETag': 'W/"492-upGR9LjSAFB9JKhqwXZgfj6Yd5o"', 'Vary': 'Accept-Encoding', 'Content-Encoding': 'gzip', 'CF-Cache-Status': 'DYNAMIC', 'Report-To': '{"endpoints":[{"url":"https:\\/\\/a.nel.cloudflare.com\\/report\\/v4?s=k9jLS%2F%2FkPq5CcCYh%2Fo7GFcBLi9kBg4r%2BQFwuUIty7qAyWXMAG44RrJ8UBY3mEDGdnA9thWYo23OZviJsTPpbiHjPILAT49Q1YCApzboyp%2BuPdXu97l27lGMvdw79niHs"}],"group":"cf-nel","max_age":604800}', 'NEL': '{"success_fraction":0,"report_to":"cf-nel","max_age":604800}', 'Server': 'cloudflare', 'CF-RAY': '86ca18aba95f38ac-IAD', 'alt-svc': 'h3=":443"; ma=86400'} 
 body={"results":[{"gender":"female","name":{"title":"Miss","first":"Diná","last":"Martins"},"location":{"street":{"number":498,"name":"Rua Onze "},"city":"Palmas","state":"Bahia","country":"Brazil","postcode":58932,"coordinates":{"latitude":"-80.3349","longitude":"159.6875"},"timezone":{"offset":"+8:00","description":"Beijing, Perth, Singapore, Hong Kong"}},"email":"dina.martins@example.com","login":{"uuid":"382d0792-8e63-405d-9774-92dd736a01a0","username":"brownlion243","password":"janelle","salt":"3zldw2KC","md5":"d0fe515bdaca8aeaa14a44bedea61e61","sha1":"e50e466d7c49774bf59d9c9f1e5281e8b995a305","sha256":"3ce7eaca66b028dff2ae93a45d4426db47881b6d59df99dc8ab72287fba49809"},"dob":{"date":"1994-03-15T16:02:22.214Z","age":30},"registered":{"date":"2019-01-16T14:23:52.936Z","age":5},"phone":"(23) 6006-0186","cell":"(94) 6547-1411","id":{"name":"CPF","value":"432.675.888-91"},"picture":{"large":"https://randomuser.me/api/portraits/women/45.jpg","medium":"https://randomuser.me/api/portraits/med/women/45.jpg","thumbnail":"https://randomuser.me/api/portraits/thumb/women/45.jpg"},"nat":"BR"}],"info":{"seed":"2fecdce0b78d9ae1","results":1,"page":1,"version":"1.4"}} 
 </msg>
<msg time="2024-03-30T18:17:25.136520" level="INFO">/opt/hostedtoolcache/Python/3.12.2/x64/lib/python3.12/site-packages/urllib3/connectionpool.py:1103: InsecureRequestWarning: Unverified HTTPS request is being made to host 'randomuser.me'. Adding certificate verification is strongly advised. See: https://urllib3.readthedocs.io/en/latest/advanced-usage.html#tls-warnings
  warnings.warn(</msg>
<msg time="2024-03-30T18:17:25.136659" level="INFO">${response} = &lt;Response [200]&gt;</msg>
<var>${response}</var>
<arg>consultarAPI</arg>
<arg>/api</arg>
<doc>Sends a GET request on a previously created HTTP Session.</doc>
<status status="PASS" start="2024-03-30T18:17:25.064586" elapsed="0.072112"/>
</kw>
<kw name="Set Variable" owner="BuiltIn">
<msg time="2024-03-30T18:17:25.137554" level="INFO">${json_data} = {'results': [{'gender': 'female', 'name': {'title': 'Miss', 'first': 'Diná', 'last': 'Martins'}, 'location': {'street': {'number': 498, 'name': 'Rua Onze '}, 'city': 'Palmas', 'state': 'Bahia', 'count...</msg>
<var>${json_data}</var>
<arg>${response.json()}</arg>
<doc>Returns the given values which can then be assigned to a variables.</doc>
<status status="PASS" start="2024-03-30T18:17:25.137113" elapsed="0.000470"/>
</kw>
<kw name="Log" owner="BuiltIn">
<msg time="2024-03-30T18:17:25.138054" level="INFO">{'results': [{'gender': 'female', 'name': {'title': 'Miss', 'first': 'Diná', 'last': 'Martins'}, 'location': {'street': {'number': 498, 'name': 'Rua Onze '}, 'city': 'Palmas', 'state': 'Bahia', 'country': 'Brazil', 'postcode': 58932, 'coordinates': {'latitude': '-80.3349', 'longitude': '159.6875'}, 'timezone': {'offset': '+8:00', 'description': 'Beijing, Perth, Singapore, Hong Kong'}}, 'email': 'dina.martins@example.com', 'login': {'uuid': '382d0792-8e63-405d-9774-92dd736a01a0', 'username': 'brownlion243', 'password': 'janelle', 'salt': '3zldw2KC', 'md5': 'd0fe515bdaca8aeaa14a44bedea61e61', 'sha1': 'e50e466d7c49774bf59d9c9f1e5281e8b995a305', 'sha256': '3ce7eaca66b028dff2ae93a45d4426db47881b6d59df99dc8ab72287fba49809'}, 'dob': {'date': '1994-03-15T16:02:22.214Z', 'age': 30}, 'registered': {'date': '2019-01-16T14:23:52.936Z', 'age': 5}, 'phone': '(23) 6006-0186', 'cell': '(94) 6547-1411', 'id': {'name': 'CPF', 'value': '432.675.888-91'}, 'picture': {'large': 'https://randomuser.me/api/portraits/women/45.jpg', 'medium': 'https://randomuser.me/api/portraits/med/women/45.jpg', 'thumbnail': 'https://randomuser.me/api/portraits/thumb/women/45.jpg'}, 'nat': 'BR'}], 'info': {'seed': '2fecdce0b78d9ae1', 'results': 1, 'page': 1, 'version': '1.4'}}</msg>
<arg>${json_data}</arg>
<doc>Logs the given message with the given level.</doc>
<status status="PASS" start="2024-03-30T18:17:25.137895" elapsed="0.000240"/>
</kw>
<kw name="Should Be String" owner="String">
<arg>${json_data['results'][0]['gender']}</arg>
<doc>Fails if the given ``item`` is not a string.</doc>
<status status="PASS" start="2024-03-30T18:17:25.138441" elapsed="0.000361"/>
</kw>
<kw name="Should Match Regexp" owner="BuiltIn">
<arg>${json_data['results'][0]['email']}</arg>
<arg>^[a-zA-Z0-9._%+-]+@[a-zA-Z0-9.-]+\.[a-zA-Z]{2,}$</arg>
<doc>Fails if ``string`` does not match ``pattern`` as a regular expression.</doc>
<status status="PASS" start="2024-03-30T18:17:25.138995" elapsed="0.000503"/>
</kw>
<kw name="Should Match Regexp" owner="BuiltIn">
<arg>${json_data['results'][0]['dob']['date']}</arg>
<arg>\\d{4}-\\d{2}-\\d{2}T\\d{2}:\\d{2}:\\d{2}\\.\\d{3}Z</arg>
<doc>Fails if ``string`` does not match ``pattern`` as a regular expression.</doc>
<status status="PASS" start="2024-03-30T18:17:25.139696" elapsed="0.000492"/>
</kw>
<kw name="Should Match Regexp" owner="BuiltIn">
<arg>${json_data['results'][0]['registered']['date']}</arg>
<arg>\\d{4}-\\d{2}-\\d{2}T\\d{2}:\\d{2}:\\d{2}\\.\\d{3}Z</arg>
<doc>Fails if ``string`` does not match ``pattern`` as a regular expression.</doc>
<status status="PASS" start="2024-03-30T18:17:25.140384" elapsed="0.000378"/>
</kw>
<kw name="Should Match Regexp" owner="BuiltIn">
<arg>${json_data['results'][0]['picture']['large']}</arg>
<arg>^https?://.*\.(?:png|jpe?g|gif|bmp)$</arg>
<doc>Fails if ``string`` does not match ``pattern`` as a regular expression.</doc>
<status status="PASS" start="2024-03-30T18:17:25.140989" elapsed="0.000474"/>
</kw>
<kw name="Should Match Regexp" owner="BuiltIn">
<arg>${json_data['results'][0]['picture']['medium']}</arg>
<arg>^https?://.*\.(?:png|jpe?g|gif|bmp)$</arg>
<doc>Fails if ``string`` does not match ``pattern`` as a regular expression.</doc>
<status status="PASS" start="2024-03-30T18:17:25.141656" elapsed="0.000363"/>
</kw>
<kw name="Should Match Regexp" owner="BuiltIn">
<arg>${json_data['results'][0]['picture']['thumbnail']}</arg>
<arg>^https?://.*\.(?:png|jpe?g|gif|bmp)$</arg>
<doc>Fails if ``string`` does not match ``pattern`` as a regular expression.</doc>
<status status="PASS" start="2024-03-30T18:17:25.142205" elapsed="0.000347"/>
</kw>
<kw name="Log" owner="BuiltIn">
<msg time="2024-03-30T18:17:25.143062" level="INFO">{'large': 'https://randomuser.me/api/portraits/women/45.jpg', 'medium': 'https://randomuser.me/api/portraits/med/women/45.jpg', 'thumbnail': 'https://randomuser.me/api/portraits/thumb/women/45.jpg'}</msg>
<arg>${json_data['results'][0]['picture']}</arg>
<doc>Logs the given message with the given level.</doc>
<status status="PASS" start="2024-03-30T18:17:25.142733" elapsed="0.000376"/>
</kw>
<status status="PASS" start="2024-03-30T18:17:25.064353" elapsed="0.079010"/>
</kw>
<kw name="Teste de Tipos de Dados - Postcode" owner="random-user-service">
<kw name="GET On Session" owner="RequestsLibrary">
<msg time="2024-03-30T18:17:25.247706" level="INFO">GET Request : url=https://randomuser.me/api 
 path_url=/api 
 headers={'User-Agent': 'python-requests/2.31.0', 'Accept-Encoding': 'gzip, deflate', 'Accept': '*/*', 'Connection': 'keep-alive'} 
 body=None 
 </msg>
<msg time="2024-03-30T18:17:25.247791" level="INFO">GET Response : url=https://randomuser.me/api 
 status=200, reason=OK 
 headers={'Date': 'Sat, 30 Mar 2024 18:17:25 GMT', 'Content-Type': 'application/json; charset=utf-8', 'Transfer-Encoding': 'chunked', 'Connection': 'keep-alive', 'X-Powered-By': 'Express', 'Access-Control-Allow-Origin': '*', 'Cache-Control': 'no-cache', 'ETag': 'W/"496-pBA6yvYvyb/GCInVoyL+bdwqvuQ"', 'Vary': 'Accept-Encoding', 'Content-Encoding': 'gzip', 'CF-Cache-Status': 'DYNAMIC', 'Report-To': '{"endpoints":[{"url":"https:\\/\\/a.nel.cloudflare.com\\/report\\/v4?s=chR14w1BdN64Bi2Eo2fkMLQMOvmuRPfMZSqsgqnQ%2BFzXxedqCkNfbMdC4%2BdghdQpiuGT6d%2BuHq4cbarsIvsnPixWTFCU20fJ0g%2BlgO6oIi4n5moxdapzeXoPoGnUIvY4"}],"group":"cf-nel","max_age":604800}', 'NEL': '{"success_fraction":0,"report_to":"cf-nel","max_age":604800}', 'Server': 'cloudflare', 'CF-RAY': '86ca18ac29f538ac-IAD', 'alt-svc': 'h3=":443"; ma=86400'} 
 body={"results":[{"gender":"male","name":{"title":"Mr","first":"Sebastián","last":"Rubio"},"location":{"street":{"number":2270,"name":"Calle de Arturo Soria"},"city":"Valladolid","state":"Castilla la Mancha","country":"Spain","postcode":74676,"coordinates":{"latitude":"-31.5872","longitude":"-178.2118"},"timezone":{"offset":"-8:00","description":"Pacific Time (US &amp; Canada)"}},"email":"sebastian.rubio@example.com","login":{"uuid":"ec235f4b-d32a-4019-8cbe-d726e05198fe","username":"sadtiger850","password":"shuan","salt":"2ljOcfKH","md5":"5b32c2576162d583af271f25dc0242f2","sha1":"eaa5dfe281f9e9357b3fd2a9224e98b906c9dc0c","sha256":"7be2128124af784f667ff56f24f826f97b375d11e168bd7074538734b3c16b98"},"dob":{"date":"1971-02-01T19:02:00.270Z","age":53},"registered":{"date":"2005-09-27T03:25:15.529Z","age":18},"phone":"980-316-598","cell":"679-760-766","id":{"name":"DNI","value":"02253034-F"},"picture":{"large":"https://randomuser.me/api/portraits/men/37.jpg","medium":"https://randomuser.me/api/portraits/med/men/37.jpg","thumbnail":"https://randomuser.me/api/portraits/thumb/men/37.jpg"},"nat":"ES"}],"info":{"seed":"b82a6ce275335453","results":1,"page":1,"version":"1.4"}} 
 </msg>
<msg time="2024-03-30T18:17:25.247887" level="INFO">/opt/hostedtoolcache/Python/3.12.2/x64/lib/python3.12/site-packages/urllib3/connectionpool.py:1103: InsecureRequestWarning: Unverified HTTPS request is being made to host 'randomuser.me'. Adding certificate verification is strongly advised. See: https://urllib3.readthedocs.io/en/latest/advanced-usage.html#tls-warnings
  warnings.warn(</msg>
<msg time="2024-03-30T18:17:25.248030" level="INFO">${response} = &lt;Response [200]&gt;</msg>
<var>${response}</var>
<arg>consultarAPI</arg>
<arg>/api</arg>
<doc>Sends a GET request on a previously created HTTP Session.</doc>
<status status="PASS" start="2024-03-30T18:17:25.143917" elapsed="0.104168"/>
</kw>
<kw name="Set Variable" owner="BuiltIn">
<msg time="2024-03-30T18:17:25.249008" level="INFO">${json_data} = {'results': [{'gender': 'male', 'name': {'title': 'Mr', 'first': 'Sebastián', 'last': 'Rubio'}, 'location': {'street': {'number': 2270, 'name': 'Calle de Arturo Soria'}, 'city': 'Valladolid', 'state':...</msg>
<var>${json_data}</var>
<arg>${response.json()}</arg>
<doc>Returns the given values which can then be assigned to a variables.</doc>
<status status="PASS" start="2024-03-30T18:17:25.248535" elapsed="0.000512"/>
</kw>
<kw name="Log" owner="BuiltIn">
<msg time="2024-03-30T18:17:25.249476" level="INFO">{'results': [{'gender': 'male', 'name': {'title': 'Mr', 'first': 'Sebastián', 'last': 'Rubio'}, 'location': {'street': {'number': 2270, 'name': 'Calle de Arturo Soria'}, 'city': 'Valladolid', 'state': 'Castilla la Mancha', 'country': 'Spain', 'postcode': 74676, 'coordinates': {'latitude': '-31.5872', 'longitude': '-178.2118'}, 'timezone': {'offset': '-8:00', 'description': 'Pacific Time (US &amp; Canada)'}}, 'email': 'sebastian.rubio@example.com', 'login': {'uuid': 'ec235f4b-d32a-4019-8cbe-d726e05198fe', 'username': 'sadtiger850', 'password': 'shuan', 'salt': '2ljOcfKH', 'md5': '5b32c2576162d583af271f25dc0242f2', 'sha1': 'eaa5dfe281f9e9357b3fd2a9224e98b906c9dc0c', 'sha256': '7be2128124af784f667ff56f24f826f97b375d11e168bd7074538734b3c16b98'}, 'dob': {'date': '1971-02-01T19:02:00.270Z', 'age': 53}, 'registered': {'date': '2005-09-27T03:25:15.529Z', 'age': 18}, 'phone': '980-316-598', 'cell': '679-760-766', 'id': {'name': 'DNI', 'value': '02253034-F'}, 'picture': {'large': 'https://randomuser.me/api/portraits/men/37.jpg', 'medium': 'https://randomuser.me/api/portraits/med/men/37.jpg', 'thumbnail': 'https://randomuser.me/api/portraits/thumb/men/37.jpg'}, 'nat': 'ES'}], 'info': {'seed': 'b82a6ce275335453', 'results': 1, 'page': 1, 'version': '1.4'}}</msg>
<arg>${json_data}</arg>
<doc>Logs the given message with the given level.</doc>
<status status="PASS" start="2024-03-30T18:17:25.249334" elapsed="0.000215"/>
</kw>
<kw name="Should Be Equal As Numbers" owner="BuiltIn">
<arg>${json_data['results'][0]['location']['postcode']}</arg>
<arg>${json_data['results'][0]['location']['postcode']}</arg>
<doc>Fails if objects are unequal after converting them to real numbers.</doc>
<status status="PASS" start="2024-03-30T18:17:25.249825" elapsed="0.000578"/>
</kw>
<kw name="Log" owner="BuiltIn">
<msg time="2024-03-30T18:17:25.250886" level="INFO">74676</msg>
<arg>${json_data['results'][0]['location']['postcode']}</arg>
<doc>Logs the given message with the given level.</doc>
<status status="PASS" start="2024-03-30T18:17:25.250580" elapsed="0.000343"/>
</kw>
<status status="PASS" start="2024-03-30T18:17:25.143577" elapsed="0.107576"/>
</kw>
<doc>Testa se os tipos de dados na resposta da API estão corretos.</doc>
<tag>testeTiposDados</tag>
<status status="PASS" start="2024-03-30T18:17:25.063883" elapsed="0.187417"/>
</test>
<test id="s1-s1-t5" name="Validar conteudo" line="35">
<kw name="Teste de Tipos de Conteudo" owner="random-user-service">
<kw name="GET On Session" owner="RequestsLibrary">
<msg time="2024-03-30T18:17:25.340364" level="INFO">GET Request : url=https://randomuser.me/api 
 path_url=/api 
 headers={'User-Agent': 'python-requests/2.31.0', 'Accept-Encoding': 'gzip, deflate', 'Accept': '*/*', 'Connection': 'keep-alive'} 
 body=None 
 </msg>
<msg time="2024-03-30T18:17:25.340446" level="INFO">GET Response : url=https://randomuser.me/api 
 status=200, reason=OK 
 headers={'Date': 'Sat, 30 Mar 2024 18:17:25 GMT', 'Content-Type': 'application/json; charset=utf-8', 'Transfer-Encoding': 'chunked', 'Connection': 'keep-alive', 'X-Powered-By': 'Express', 'Access-Control-Allow-Origin': '*', 'Cache-Control': 'no-cache', 'ETag': 'W/"496-5WmnWS7ORVdpkvCDO0yJhdCq+gY"', 'Vary': 'Accept-Encoding', 'Content-Encoding': 'gzip', 'CF-Cache-Status': 'DYNAMIC', 'Report-To': '{"endpoints":[{"url":"https:\\/\\/a.nel.cloudflare.com\\/report\\/v4?s=bKsZsKWYV%2FmR2ln%2F3t2WeGqH%2FtV%2FUp7EjVq6KUEJ%2Ff%2FeYGfb6b%2Fsi2wo%2FTyVtL1DqZ3ypCoAFEUxh2EIe6kNelTqHIatMjUNchO%2B%2BtwSrIK3m0sT1LJP7IF0WyqwzsMl"}],"group":"cf-nel","max_age":604800}', 'NEL': '{"success_fraction":0,"report_to":"cf-nel","max_age":604800}', 'Server': 'cloudflare', 'CF-RAY': '86ca18acdae038ac-IAD', 'alt-svc': 'h3=":443"; ma=86400'} 
 body={"results":[{"gender":"female","name":{"title":"Mrs","first":"Molly","last":"Surdal"},"location":{"street":{"number":599,"name":"Kingos gate"},"city":"Buskogen","state":"Sogn og Fjordane","country":"Norway","postcode":"3185","coordinates":{"latitude":"41.5033","longitude":"17.7466"},"timezone":{"offset":"0:00","description":"Western Europe Time, London, Lisbon, Casablanca"}},"email":"molly.surdal@example.com","login":{"uuid":"bd57061a-4617-4838-8eef-ac810f4934cc","username":"yellowmouse793","password":"tammy","salt":"xfEHoGU3","md5":"94ee5cbf194d4125860f5f4bc64f1df2","sha1":"3ffc6e1fb3af72b96a07817d648e5276b0284ca4","sha256":"e05ace105c56d82fdb678a91708f92889506096ecb4ed7f3d1d468540547c9d5"},"dob":{"date":"1975-08-30T22:27:15.730Z","age":48},"registered":{"date":"2003-07-16T10:03:15.644Z","age":20},"phone":"82523774","cell":"96678236","id":{"name":"FN","value":"30087518465"},"picture":{"large":"https://randomuser.me/api/portraits/women/5.jpg","medium":"https://randomuser.me/api/portraits/med/women/5.jpg","thumbnail":"https://randomuser.me/api/portraits/thumb/women/5.jpg"},"nat":"NO"}],"info":{"seed":"ae4d634fa52ee613","results":1,"page":1,"version":"1.4"}} 
 </msg>
<msg time="2024-03-30T18:17:25.340515" level="INFO">/opt/hostedtoolcache/Python/3.12.2/x64/lib/python3.12/site-packages/urllib3/connectionpool.py:1103: InsecureRequestWarning: Unverified HTTPS request is being made to host 'randomuser.me'. Adding certificate verification is strongly advised. See: https://urllib3.readthedocs.io/en/latest/advanced-usage.html#tls-warnings
  warnings.warn(</msg>
<msg time="2024-03-30T18:17:25.340654" level="INFO">${response} = &lt;Response [200]&gt;</msg>
<var>${response}</var>
<arg>consultarAPI</arg>
<arg>/api</arg>
<doc>Sends a GET request on a previously created HTTP Session.</doc>
<status status="PASS" start="2024-03-30T18:17:25.253601" elapsed="0.087110"/>
</kw>
<kw name="Set Variable" owner="BuiltIn">
<msg time="2024-03-30T18:17:25.341553" level="INFO">${json_data} = {'results': [{'gender': 'female', 'name': {'title': 'Mrs', 'first': 'Molly', 'last': 'Surdal'}, 'location': {'street': {'number': 599, 'name': 'Kingos gate'}, 'city': 'Buskogen', 'state': 'Sogn og Fjo...</msg>
<var>${json_data}</var>
<arg>${response.json()}</arg>
<doc>Returns the given values which can then be assigned to a variables.</doc>
<status status="PASS" start="2024-03-30T18:17:25.341148" elapsed="0.000430"/>
</kw>
<kw name="Set Variable" owner="BuiltIn">
<msg time="2024-03-30T18:17:25.342197" level="INFO">${name_title} = Mrs</msg>
<var>${name_title}</var>
<arg>${json_data["results"][0]["name"]["title"]}</arg>
<doc>Returns the given values which can then be assigned to a variables.</doc>
<status status="PASS" start="2024-03-30T18:17:25.341856" elapsed="0.000364"/>
</kw>
<kw name="Create List" owner="BuiltIn">
<msg time="2024-03-30T18:17:25.342628" level="INFO">${allowed_titles} = ['Mr', 'Ms', 'Miss', 'Mrs', 'Madame', 'Monsieur']</msg>
<var>${allowed_titles}</var>
<arg>Mr</arg>
<arg>Ms</arg>
<arg>Miss</arg>
<arg>Mrs</arg>
<arg>Madame</arg>
<arg>Monsieur</arg>
<doc>Returns a list containing given items.</doc>
<status status="PASS" start="2024-03-30T18:17:25.342492" elapsed="0.000158"/>
</kw>
<kw name="List Should Contain Value" owner="Collections">
<msg time="2024-03-30T18:17:25.343089" level="INFO">False</msg>
<arg>${allowed_titles}</arg>
<arg>${name_title}</arg>
<doc>Fails if the ``value`` is not found from ``list``.</doc>
<status status="PASS" start="2024-03-30T18:17:25.342935" elapsed="0.000187"/>
</kw>
<kw name="Set Variable" owner="BuiltIn">
<msg time="2024-03-30T18:17:25.343733" level="INFO">${name_country} = NO</msg>
<var>${name_country}</var>
<arg>${json_data["results"][0]["nat"]}</arg>
<doc>Returns the given values which can then be assigned to a variables.</doc>
<status status="PASS" start="2024-03-30T18:17:25.343388" elapsed="0.000368"/>
</kw>
<kw name="Create List" owner="BuiltIn">
<msg time="2024-03-30T18:17:25.344589" level="INFO">${list_country} = ['AD', 'AE', 'AF', 'AG', 'AI', 'AL', 'AM', 'AO', 'AQ', 'AR', 'AS', 'AT', 'AU', 'AW', 'AX', 'AZ', 'BA', 'BB', 'BD', 'BE', 'BF', 'BG', 'BH', 'BI', 'BJ', 'BL', 'BM', 'BN', 'BO', 'BQ', 'BR', 'BS', 'BT', '...</msg>
<var>${list_country}</var>
<arg>AD</arg>
<arg>AE</arg>
<arg>AF</arg>
<arg>AG</arg>
<arg>AI</arg>
<arg>AL</arg>
<arg>AM</arg>
<arg>AO</arg>
<arg>AQ</arg>
<arg>AR</arg>
<arg>AS</arg>
<arg>AT</arg>
<arg>AU</arg>
<arg>AW</arg>
<arg>AX</arg>
<arg>AZ</arg>
<arg>BA</arg>
<arg>BB</arg>
<arg>BD</arg>
<arg>BE</arg>
<arg>BF</arg>
<arg>BG</arg>
<arg>BH</arg>
<arg>BI</arg>
<arg>BJ</arg>
<arg>BL</arg>
<arg>BM</arg>
<arg>BN</arg>
<arg>BO</arg>
<arg>BQ</arg>
<arg>BR</arg>
<arg>BS</arg>
<arg>BT</arg>
<arg>BV</arg>
<arg>BW</arg>
<arg>BY</arg>
<arg>BZ</arg>
<arg>CA</arg>
<arg>CC</arg>
<arg>CD</arg>
<arg>CF</arg>
<arg>CG</arg>
<arg>CH</arg>
<arg>CI</arg>
<arg>CK</arg>
<arg>CL</arg>
<arg>CM</arg>
<arg>CN</arg>
<arg>CO</arg>
<arg>CR</arg>
<arg>CU</arg>
<arg>CV</arg>
<arg>CW</arg>
<arg>CX</arg>
<arg>CY</arg>
<arg>CZ</arg>
<arg>DE</arg>
<arg>DJ</arg>
<arg>DK</arg>
<arg>DM</arg>
<arg>DO</arg>
<arg>DZ</arg>
<arg>EC</arg>
<arg>EE</arg>
<arg>EG</arg>
<arg>EH</arg>
<arg>ER</arg>
<arg>ES</arg>
<arg>ET</arg>
<arg>FI</arg>
<arg>FJ</arg>
<arg>FK</arg>
<arg>FM</arg>
<arg>FO</arg>
<arg>FR</arg>
<arg>GA</arg>
<arg>GB</arg>
<arg>GD</arg>
<arg>GE</arg>
<arg>GF</arg>
<arg>GG</arg>
<arg>GH</arg>
<arg>GI</arg>
<arg>GL</arg>
<arg>GM</arg>
<arg>GN</arg>
<arg>GP</arg>
<arg>GQ</arg>
<arg>GR</arg>
<arg>GS</arg>
<arg>GT</arg>
<arg>GU</arg>
<arg>GW</arg>
<arg>GY</arg>
<arg>HK</arg>
<arg>HM</arg>
<arg>HN</arg>
<arg>HR</arg>
<arg>HT</arg>
<arg>HU</arg>
<arg>ID</arg>
<arg>IE</arg>
<arg>IL</arg>
<arg>IM</arg>
<arg>IN</arg>
<arg>IO</arg>
<arg>IQ</arg>
<arg>IR</arg>
<arg>IS</arg>
<arg>IT</arg>
<arg>JE</arg>
<arg>JM</arg>
<arg>JO</arg>
<arg>JP</arg>
<arg>KE</arg>
<arg>KG</arg>
<arg>KH</arg>
<arg>KI</arg>
<arg>KM</arg>
<arg>KN</arg>
<arg>KP</arg>
<arg>KR</arg>
<arg>KW</arg>
<arg>KY</arg>
<arg>KZ</arg>
<arg>LA</arg>
<arg>LB</arg>
<arg>LC</arg>
<arg>LI</arg>
<arg>LK</arg>
<arg>LR</arg>
<arg>LS</arg>
<arg>LT</arg>
<arg>LU</arg>
<arg>LV</arg>
<arg>LY</arg>
<arg>MA</arg>
<arg>MC</arg>
<arg>MD</arg>
<arg>ME</arg>
<arg>MF</arg>
<arg>MG</arg>
<arg>MH</arg>
<arg>MK</arg>
<arg>ML</arg>
<arg>MM</arg>
<arg>MN</arg>
<arg>MO</arg>
<arg>MP</arg>
<arg>MQ</arg>
<arg>MR</arg>
<arg>MS</arg>
<arg>MT</arg>
<arg>MU</arg>
<arg>MV</arg>
<arg>MW</arg>
<arg>MX</arg>
<arg>MY</arg>
<arg>MZ</arg>
<arg>NA</arg>
<arg>NC</arg>
<arg>NE</arg>
<arg>NF</arg>
<arg>NG</arg>
<arg>NI</arg>
<arg>NL</arg>
<arg>NO</arg>
<arg>NP</arg>
<arg>NR</arg>
<arg>NU</arg>
<arg>NZ</arg>
<arg>OM</arg>
<arg>PA</arg>
<arg>PE</arg>
<arg>PF</arg>
<arg>PG</arg>
<arg>PH</arg>
<arg>PK</arg>
<arg>PL</arg>
<arg>PM</arg>
<arg>PN</arg>
<arg>PR</arg>
<arg>PS</arg>
<arg>PT</arg>
<arg>PW</arg>
<arg>PY</arg>
<arg>QA</arg>
<arg>RE</arg>
<arg>RO</arg>
<arg>RS</arg>
<arg>RU</arg>
<arg>RW</arg>
<arg>SA</arg>
<arg>SB</arg>
<arg>SC</arg>
<arg>SD</arg>
<arg>SE</arg>
<arg>SG</arg>
<arg>SH</arg>
<arg>SI</arg>
<arg>SJ</arg>
<arg>SK</arg>
<arg>SL</arg>
<arg>SM</arg>
<arg>SN</arg>
<arg>SO</arg>
<arg>SR</arg>
<arg>SS</arg>
<arg>ST</arg>
<arg>SV</arg>
<arg>SX</arg>
<arg>SY</arg>
<arg>SZ</arg>
<arg>TC</arg>
<arg>TD</arg>
<arg>TF</arg>
<arg>TG</arg>
<arg>TH</arg>
<arg>TJ</arg>
<arg>TK</arg>
<arg>TL</arg>
<arg>TM</arg>
<arg>TN</arg>
<arg>TO</arg>
<arg>TR</arg>
<arg>TT</arg>
<arg>TV</arg>
<arg>TW</arg>
<arg>TZ</arg>
<arg>UA</arg>
<arg>UG</arg>
<arg>UM</arg>
<arg>US</arg>
<arg>UY</arg>
<arg>UZ</arg>
<arg>VA</arg>
<arg>VC</arg>
<arg>VE</arg>
<arg>VG</arg>
<arg>VI</arg>
<arg>VN</arg>
<arg>VU</arg>
<arg>WF</arg>
<arg>WS</arg>
<arg>XK</arg>
<arg>YE</arg>
<arg>YT</arg>
<arg>ZA</arg>
<arg>ZM</arg>
<arg>ZW</arg>
<doc>Returns a list containing given items.</doc>
<status status="PASS" start="2024-03-30T18:17:25.344037" elapsed="0.000575"/>
</kw>
<kw name="List Should Contain Value" owner="Collections">
<msg time="2024-03-30T18:17:25.345696" level="INFO">False</msg>
<arg>${list_country}</arg>
<arg>${name_country}</arg>
<doc>Fails if the ``value`` is not found from ``list``.</doc>
<status status="PASS" start="2024-03-30T18:17:25.345489" elapsed="0.000244"/>
</kw>
<kw name="Run Keyword If" owner="BuiltIn">
<kw name="Should Be True" owner="BuiltIn">
<arg>${True}</arg>
<doc>Fails if the given condition is not true.</doc>
<status status="PASS" start="2024-03-30T18:17:25.346791" elapsed="0.000145"/>
</kw>
<arg>${json_data["results"][0]["location"]["coordinates"]["latitude"]} &gt;= -90 and ${json_data["results"][0]["location"]["coordinates"]["latitude"]} &lt;= 90</arg>
<arg>Should Be True</arg>
<arg>${True}</arg>
<doc>Runs the given keyword with the given arguments, if ``condition`` is true.</doc>
<status status="PASS" start="2024-03-30T18:17:25.346047" elapsed="0.001016"/>
</kw>
<kw name="Run Keyword If" owner="BuiltIn">
<kw name="Should Be True" owner="BuiltIn">
<arg>${True}</arg>
<doc>Fails if the given condition is not true.</doc>
<status status="PASS" start="2024-03-30T18:17:25.347970" elapsed="0.000149"/>
</kw>
<arg>${json_data["results"][0]["location"]["coordinates"]["longitude"]} &gt;= -180 and ${json_data["results"][0]["location"]["coordinates"]["longitude"]} &lt;= 180</arg>
<arg>Should Be True</arg>
<arg>${True}</arg>
<doc>Runs the given keyword with the given arguments, if ``condition`` is true.</doc>
<status status="PASS" start="2024-03-30T18:17:25.347249" elapsed="0.001003"/>
</kw>
<status status="PASS" start="2024-03-30T18:17:25.253382" elapsed="0.094999"/>
</kw>
<doc>Testa o conteúdo específico dos campos retornados pela API.</doc>
<tag>testeConteudo</tag>
<status status="PASS" start="2024-03-30T18:17:25.252877" elapsed="0.095649"/>
</test>
<status status="PASS" start="2024-03-30T18:17:24.578069" elapsed="0.773066"/>
</suite>
<status status="PASS" start="2024-03-30T18:17:24.565440" elapsed="0.790919"/>
</suite>
<statistics>
<total>
<stat pass="5" fail="0" skip="0">All Tests</stat>
</total>
<tag>
<stat pass="1" fail="0" skip="0">testeConteudo</stat>
<stat pass="1" fail="0" skip="0">testeEstruturaResposta</stat>
<stat pass="1" fail="0" skip="0">testeRequisicaoBasica</stat>
<stat pass="1" fail="0" skip="0">testeTiposDados</stat>
</tag>
<suite>
<stat pass="5" fail="0" skip="0" id="s1" name="Tests">Tests</stat>
<stat pass="5" fail="0" skip="0" id="s1-s1" name="Random-User-Test">Tests.Random-User-Test</stat>
</suite>
</statistics>
<errors>
</errors>
</robot>
