<?xml version="1.0" encoding="UTF-8"?>
<robot generator="Robot 7.0 (Python 3.12.3 on linux)" generated="2024-06-06T02:30:10.704090" rpa="false" schemaversion="5">
<suite id="s1" name="Tests" source="/home/runner/work/ApiRandomUser/ApiRandomUser/RamdonUser/tests">
<suite id="s1-s1" name="Random-User-Test" source="/home/runner/work/ApiRandomUser/ApiRandomUser/RamdonUser/tests/random-user-test.robot">
<test id="s1-s1-t1" name="Conectar" line="13">
<kw name="Conectar API" owner="random-user-service">
<kw name="Create Session" owner="RequestsLibrary">
<msg time="2024-06-06T02:30:11.106572" level="INFO">Creating Session using : alias=consultarAPI, url=https://randomuser.me/, headers={},                     cookies={}, auth=None, timeout=None, proxies=None, verify=False,                     debug=0 </msg>
<arg>consultarAPI</arg>
<arg>${URL}</arg>
<doc>Create Session: create a HTTP session to a server</doc>
<status status="PASS" start="2024-06-06T02:30:11.106308" elapsed="0.000537"/>
</kw>
<status status="PASS" start="2024-06-06T02:30:11.105248" elapsed="0.002056"/>
</kw>
<status status="PASS" start="2024-06-06T02:30:11.104697" elapsed="0.002853"/>
</test>
<test id="s1-s1-t2" name="Validar retorno 200 e JSON Válido" line="16">
<kw name="Teste de Requisicao Basica" owner="random-user-service">
<kw name="GET On Session" owner="RequestsLibrary">
<msg time="2024-06-06T02:30:11.223290" level="INFO">GET Request : url=https://randomuser.me/api 
 path_url=/api 
 headers={'User-Agent': 'python-requests/2.32.3', 'Accept-Encoding': 'gzip, deflate', 'Accept': '*/*', 'Connection': 'keep-alive'} 
 body=None 
 </msg>
<msg time="2024-06-06T02:30:11.223454" level="INFO">GET Response : url=https://randomuser.me/api 
 status=200, reason=OK 
 headers={'Date': 'Thu, 06 Jun 2024 02:30:11 GMT', 'Content-Type': 'application/json; charset=utf-8', 'Transfer-Encoding': 'chunked', 'Connection': 'keep-alive', 'X-Powered-By': 'Express', 'Access-Control-Allow-Origin': '*', 'Cache-Control': 'no-cache', 'ETag': 'W/"48b-+smhNBbHj7kbt2Lke/PlyRexXiQ"', 'Vary': 'Accept-Encoding', 'Content-Encoding': 'gzip', 'CF-Cache-Status': 'DYNAMIC', 'Report-To': '{"endpoints":[{"url":"https:\\/\\/a.nel.cloudflare.com\\/report\\/v4?s=B05i%2BTVAp4BSmPzpMgLRPoi5yGXSdCdiV24XJwVMFtUMeCI%2B8Pf45ShRHNbbSjjcj10awPv2dWozkFMwouyf8E9yG208oeA8TuQkoVaKrznSN8gi3hg0DSAlYko5hZpS"}],"group":"cf-nel","max_age":604800}', 'NEL': '{"success_fraction":0,"report_to":"cf-nel","max_age":604800}', 'Server': 'cloudflare', 'CF-RAY': '88f4fa9f98e07acd-SJC', 'alt-svc': 'h3=":443"; ma=86400'} 
 body={"results":[{"gender":"male","name":{"title":"Mr","first":"Đorđe","last":"Stošić"},"location":{"street":{"number":4450,"name":"Bresnička"},"city":"Tutin","state":"Prizren","country":"Serbia","postcode":43817,"coordinates":{"latitude":"61.8118","longitude":"-110.9739"},"timezone":{"offset":"-4:00","description":"Atlantic Time (Canada), Caracas, La Paz"}},"email":"dorde.stosic@example.com","login":{"uuid":"3c471d96-11b3-456a-b246-62de5341d288","username":"crazygorilla489","password":"blaster","salt":"hgUluxOB","md5":"6cc2fd861a20e42e0733708db7eb79d8","sha1":"b5dc813f24651ea3d5c94b572a04886ae551804f","sha256":"8465cec58b5b6ecc62eb99c7e2e8b295350df950e4069ff6aef9c4d2cfc4ede3"},"dob":{"date":"1954-06-28T07:43:46.657Z","age":69},"registered":{"date":"2019-02-28T06:29:46.098Z","age":5},"phone":"022-2081-551","cell":"067-3057-118","id":{"name":"SID","value":"144882981"},"picture":{"large":"https://randomuser.me/api/portraits/men/93.jpg","medium":"https://randomuser.me/api/portraits/med/men/93.jpg","thumbnail":"https://randomuser.me/api/portraits/thumb/men/93.jpg"},"nat":"RS"}],"info":{"seed":"09568f116ae4da8f","results":1,"page":1,"version":"1.4"}} 
 </msg>
<msg time="2024-06-06T02:30:11.223544" level="INFO">/opt/hostedtoolcache/Python/3.12.3/x64/lib/python3.12/site-packages/urllib3/connectionpool.py:1103: InsecureRequestWarning: Unverified HTTPS request is being made to host 'randomuser.me'. Adding certificate verification is strongly advised. See: https://urllib3.readthedocs.io/en/latest/advanced-usage.html#tls-warnings
  warnings.warn(</msg>
<msg time="2024-06-06T02:30:11.223685" level="INFO">${response} = &lt;Response [200]&gt;</msg>
<var>${response}</var>
<arg>consultarAPI</arg>
<arg>/api</arg>
<doc>Sends a GET request on a previously created HTTP Session.</doc>
<status status="PASS" start="2024-06-06T02:30:11.110382" elapsed="0.113347"/>
</kw>
<kw name="Should Be Equal As Numbers" owner="BuiltIn">
<msg time="2024-06-06T02:30:11.224783" level="INFO">Argument types are:
&lt;class 'int'&gt;
&lt;class 'str'&gt;</msg>
<arg>${response.status_code}</arg>
<arg>200</arg>
<doc>Fails if objects are unequal after converting them to real numbers.</doc>
<status status="PASS" start="2024-06-06T02:30:11.224302" elapsed="0.000551"/>
</kw>
<kw name="Log" owner="BuiltIn">
<msg time="2024-06-06T02:30:11.225614" level="INFO">200</msg>
<arg>${response.status_code}</arg>
<doc>Logs the given message with the given level.</doc>
<status status="PASS" start="2024-06-06T02:30:11.225234" elapsed="0.000429"/>
</kw>
<kw name="Set Variable" owner="BuiltIn">
<msg time="2024-06-06T02:30:11.226444" level="INFO">${json_data} = {'results': [{'gender': 'male', 'name': {'title': 'Mr', 'first': 'Đorđe', 'last': 'Stošić'}, 'location': {'street': {'number': 4450, 'name': 'Bresnička'}, 'city': 'Tutin', 'state': 'Prizren', 'country...</msg>
<var>${json_data}</var>
<arg>${response.json()}</arg>
<doc>Returns the given values which can then be assigned to a variables.</doc>
<status status="PASS" start="2024-06-06T02:30:11.225985" elapsed="0.000491"/>
</kw>
<kw name="Dictionary Should Contain Key" owner="Collections">
<msg time="2024-06-06T02:30:11.226999" level="INFO">False</msg>
<arg>${json_data}</arg>
<arg>results</arg>
<doc>Fails if ``key`` is not found from ``dictionary``.</doc>
<status status="PASS" start="2024-06-06T02:30:11.226814" elapsed="0.000226"/>
</kw>
<status status="PASS" start="2024-06-06T02:30:11.110104" elapsed="0.117203"/>
</kw>
<doc>Testa se a API responde corretamente e retorna um objeto JSON válido.</doc>
<tag>testeRequisicaoBasica</tag>
<status status="PASS" start="2024-06-06T02:30:11.109591" elapsed="0.117908"/>
</test>
<test id="s1-s1-t3" name="Validar estrutura de resposta" line="22">
<kw name="Teste de Estrutura de Resposta" owner="random-user-service">
<kw name="GET On Session" owner="RequestsLibrary">
<msg time="2024-06-06T02:30:11.340079" level="INFO">GET Request : url=https://randomuser.me/api 
 path_url=/api 
 headers={'User-Agent': 'python-requests/2.32.3', 'Accept-Encoding': 'gzip, deflate', 'Accept': '*/*', 'Connection': 'keep-alive'} 
 body=None 
 </msg>
<msg time="2024-06-06T02:30:11.340201" level="INFO">GET Response : url=https://randomuser.me/api 
 status=200, reason=OK 
 headers={'Date': 'Thu, 06 Jun 2024 02:30:11 GMT', 'Content-Type': 'application/json; charset=utf-8', 'Transfer-Encoding': 'chunked', 'Connection': 'keep-alive', 'X-Powered-By': 'Express', 'Access-Control-Allow-Origin': '*', 'Cache-Control': 'no-cache', 'ETag': 'W/"49e-UOpqYMnJ3LXVQFcLGZGmISuJWMw"', 'Vary': 'Accept-Encoding', 'Content-Encoding': 'gzip', 'CF-Cache-Status': 'DYNAMIC', 'Report-To': '{"endpoints":[{"url":"https:\\/\\/a.nel.cloudflare.com\\/report\\/v4?s=Bkw%2B5PbDIV4HJea67Of6Z3gvPmH%2FWSIcN96WMWwD7QeTBaYW65HOePF1WPS0kmn4D0fls7nV5oJgnEJazjGhnY%2BdZBZR4iWjMJzZfJedy11EDKjfqgqL%2FM79efpBg0oP"}],"group":"cf-nel","max_age":604800}', 'NEL': '{"success_fraction":0,"report_to":"cf-nel","max_age":604800}', 'Server': 'cloudflare', 'CF-RAY': '88f4faa0397a7acd-SJC', 'alt-svc': 'h3=":443"; ma=86400'} 
 body={"results":[{"gender":"male","name":{"title":"Mr","first":"Assis","last":"Fernandes"},"location":{"street":{"number":7056,"name":"Rua Dezessete "},"city":"Rio Branco","state":"Mato Grosso do Sul","country":"Brazil","postcode":44784,"coordinates":{"latitude":"-78.0165","longitude":"-23.7114"},"timezone":{"offset":"-1:00","description":"Azores, Cape Verde Islands"}},"email":"assis.fernandes@example.com","login":{"uuid":"266b4b76-47e1-40bc-bc5c-651f3558a646","username":"goldenpeacock441","password":"robert","salt":"sD5faSWp","md5":"83385e7995eaa1524bfcb680066108f8","sha1":"71fad43f062e6f62d73bfc58282145833a136c67","sha256":"1f4977cfd8888a3fcd5cf37402432e4e8957c851029e54fef7862ae528284eb1"},"dob":{"date":"1965-03-12T06:25:19.016Z","age":59},"registered":{"date":"2003-09-27T22:08:25.641Z","age":20},"phone":"(23) 3564-3319","cell":"(31) 1556-6591","id":{"name":"CPF","value":"833.545.782-43"},"picture":{"large":"https://randomuser.me/api/portraits/men/99.jpg","medium":"https://randomuser.me/api/portraits/med/men/99.jpg","thumbnail":"https://randomuser.me/api/portraits/thumb/men/99.jpg"},"nat":"BR"}],"info":{"seed":"4cd35e9e44cc1453","results":1,"page":1,"version":"1.4"}} 
 </msg>
<msg time="2024-06-06T02:30:11.340350" level="INFO">/opt/hostedtoolcache/Python/3.12.3/x64/lib/python3.12/site-packages/urllib3/connectionpool.py:1103: InsecureRequestWarning: Unverified HTTPS request is being made to host 'randomuser.me'. Adding certificate verification is strongly advised. See: https://urllib3.readthedocs.io/en/latest/advanced-usage.html#tls-warnings
  warnings.warn(</msg>
<msg time="2024-06-06T02:30:11.340488" level="INFO">${response} = &lt;Response [200]&gt;</msg>
<var>${response}</var>
<arg>consultarAPI</arg>
<arg>/api</arg>
<doc>Sends a GET request on a previously created HTTP Session.</doc>
<status status="PASS" start="2024-06-06T02:30:11.230115" elapsed="0.110403"/>
</kw>
<kw name="Set Variable" owner="BuiltIn">
<msg time="2024-06-06T02:30:11.341664" level="INFO">${json_data} = {'results': [{'gender': 'male', 'name': {'title': 'Mr', 'first': 'Assis', 'last': 'Fernandes'}, 'location': {'street': {'number': 7056, 'name': 'Rua Dezessete '}, 'city': 'Rio Branco', 'state': 'Mato ...</msg>
<var>${json_data}</var>
<arg>${response.json()}</arg>
<doc>Returns the given values which can then be assigned to a variables.</doc>
<status status="PASS" start="2024-06-06T02:30:11.341094" elapsed="0.000601"/>
</kw>
<kw name="Log" owner="BuiltIn">
<msg time="2024-06-06T02:30:11.342292" level="INFO">{'results': [{'gender': 'male', 'name': {'title': 'Mr', 'first': 'Assis', 'last': 'Fernandes'}, 'location': {'street': {'number': 7056, 'name': 'Rua Dezessete '}, 'city': 'Rio Branco', 'state': 'Mato Grosso do Sul', 'country': 'Brazil', 'postcode': 44784, 'coordinates': {'latitude': '-78.0165', 'longitude': '-23.7114'}, 'timezone': {'offset': '-1:00', 'description': 'Azores, Cape Verde Islands'}}, 'email': 'assis.fernandes@example.com', 'login': {'uuid': '266b4b76-47e1-40bc-bc5c-651f3558a646', 'username': 'goldenpeacock441', 'password': 'robert', 'salt': 'sD5faSWp', 'md5': '83385e7995eaa1524bfcb680066108f8', 'sha1': '71fad43f062e6f62d73bfc58282145833a136c67', 'sha256': '1f4977cfd8888a3fcd5cf37402432e4e8957c851029e54fef7862ae528284eb1'}, 'dob': {'date': '1965-03-12T06:25:19.016Z', 'age': 59}, 'registered': {'date': '2003-09-27T22:08:25.641Z', 'age': 20}, 'phone': '(23) 3564-3319', 'cell': '(31) 1556-6591', 'id': {'name': 'CPF', 'value': '833.545.782-43'}, 'picture': {'large': 'https://randomuser.me/api/portraits/men/99.jpg', 'medium': 'https://randomuser.me/api/portraits/med/men/99.jpg', 'thumbnail': 'https://randomuser.me/api/portraits/thumb/men/99.jpg'}, 'nat': 'BR'}], 'info': {'seed': '4cd35e9e44cc1453', 'results': 1, 'page': 1, 'version': '1.4'}}</msg>
<arg>${json_data}</arg>
<doc>Logs the given message with the given level.</doc>
<status status="PASS" start="2024-06-06T02:30:11.342096" elapsed="0.000254"/>
</kw>
<kw name="Dictionary Should Contain Key" owner="Collections">
<msg time="2024-06-06T02:30:11.342988" level="INFO">False</msg>
<arg>${json_data}</arg>
<arg>results</arg>
<doc>Fails if ``key`` is not found from ``dictionary``.</doc>
<status status="PASS" start="2024-06-06T02:30:11.342740" elapsed="0.000291"/>
</kw>
<kw name="Should Not Be Empty" owner="BuiltIn">
<msg time="2024-06-06T02:30:11.343554" level="INFO">Length is 2.</msg>
<arg>${json_data}</arg>
<doc>Verifies that the given item is not empty.</doc>
<status status="PASS" start="2024-06-06T02:30:11.343390" elapsed="0.000207"/>
</kw>
<kw name="Create List" owner="BuiltIn">
<msg time="2024-06-06T02:30:11.344288" level="INFO">${expected_keys} = ['gender', 'name', 'location', 'email', 'login']</msg>
<var>${expected_keys}</var>
<arg>gender</arg>
<arg>name</arg>
<arg>location</arg>
<arg>email</arg>
<arg>login</arg>
<doc>Returns a list containing given items.</doc>
<status status="PASS" start="2024-06-06T02:30:11.343930" elapsed="0.000384"/>
</kw>
<for flavor="IN">
<iter>
<kw name="Dictionary Should Contain Key" owner="Collections">
<msg time="2024-06-06T02:30:11.345482" level="INFO">False</msg>
<arg>${json_data['results'][0]}</arg>
<arg>${key}</arg>
<doc>Fails if ``key`` is not found from ``dictionary``.</doc>
<status status="PASS" start="2024-06-06T02:30:11.345032" elapsed="0.000490"/>
</kw>
<kw name="Log" owner="BuiltIn">
<msg time="2024-06-06T02:30:11.346251" level="INFO">{'gender': 'male', 'name': {'title': 'Mr', 'first': 'Assis', 'last': 'Fernandes'}, 'location': {'street': {'number': 7056, 'name': 'Rua Dezessete '}, 'city': 'Rio Branco', 'state': 'Mato Grosso do Sul', 'country': 'Brazil', 'postcode': 44784, 'coordinates': {'latitude': '-78.0165', 'longitude': '-23.7114'}, 'timezone': {'offset': '-1:00', 'description': 'Azores, Cape Verde Islands'}}, 'email': 'assis.fernandes@example.com', 'login': {'uuid': '266b4b76-47e1-40bc-bc5c-651f3558a646', 'username': 'goldenpeacock441', 'password': 'robert', 'salt': 'sD5faSWp', 'md5': '83385e7995eaa1524bfcb680066108f8', 'sha1': '71fad43f062e6f62d73bfc58282145833a136c67', 'sha256': '1f4977cfd8888a3fcd5cf37402432e4e8957c851029e54fef7862ae528284eb1'}, 'dob': {'date': '1965-03-12T06:25:19.016Z', 'age': 59}, 'registered': {'date': '2003-09-27T22:08:25.641Z', 'age': 20}, 'phone': '(23) 3564-3319', 'cell': '(31) 1556-6591', 'id': {'name': 'CPF', 'value': '833.545.782-43'}, 'picture': {'large': 'https://randomuser.me/api/portraits/men/99.jpg', 'medium': 'https://randomuser.me/api/portraits/med/men/99.jpg', 'thumbnail': 'https://randomuser.me/api/portraits/thumb/men/99.jpg'}, 'nat': 'BR'}</msg>
<arg>${json_data['results'][0]}</arg>
<doc>Logs the given message with the given level.</doc>
<status status="PASS" start="2024-06-06T02:30:11.345852" elapsed="0.000450"/>
</kw>
<kw name="Log" owner="BuiltIn">
<msg time="2024-06-06T02:30:11.346759" level="INFO">gender</msg>
<arg>${key}</arg>
<doc>Logs the given message with the given level.</doc>
<status status="PASS" start="2024-06-06T02:30:11.346621" elapsed="0.000202"/>
</kw>
<var name="${key}">gender</var>
<status status="PASS" start="2024-06-06T02:30:11.344883" elapsed="0.002179"/>
</iter>
<iter>
<kw name="Dictionary Should Contain Key" owner="Collections">
<msg time="2024-06-06T02:30:11.347816" level="INFO">False</msg>
<arg>${json_data['results'][0]}</arg>
<arg>${key}</arg>
<doc>Fails if ``key`` is not found from ``dictionary``.</doc>
<status status="PASS" start="2024-06-06T02:30:11.347398" elapsed="0.000456"/>
</kw>
<kw name="Log" owner="BuiltIn">
<msg time="2024-06-06T02:30:11.348577" level="INFO">{'gender': 'male', 'name': {'title': 'Mr', 'first': 'Assis', 'last': 'Fernandes'}, 'location': {'street': {'number': 7056, 'name': 'Rua Dezessete '}, 'city': 'Rio Branco', 'state': 'Mato Grosso do Sul', 'country': 'Brazil', 'postcode': 44784, 'coordinates': {'latitude': '-78.0165', 'longitude': '-23.7114'}, 'timezone': {'offset': '-1:00', 'description': 'Azores, Cape Verde Islands'}}, 'email': 'assis.fernandes@example.com', 'login': {'uuid': '266b4b76-47e1-40bc-bc5c-651f3558a646', 'username': 'goldenpeacock441', 'password': 'robert', 'salt': 'sD5faSWp', 'md5': '83385e7995eaa1524bfcb680066108f8', 'sha1': '71fad43f062e6f62d73bfc58282145833a136c67', 'sha256': '1f4977cfd8888a3fcd5cf37402432e4e8957c851029e54fef7862ae528284eb1'}, 'dob': {'date': '1965-03-12T06:25:19.016Z', 'age': 59}, 'registered': {'date': '2003-09-27T22:08:25.641Z', 'age': 20}, 'phone': '(23) 3564-3319', 'cell': '(31) 1556-6591', 'id': {'name': 'CPF', 'value': '833.545.782-43'}, 'picture': {'large': 'https://randomuser.me/api/portraits/men/99.jpg', 'medium': 'https://randomuser.me/api/portraits/med/men/99.jpg', 'thumbnail': 'https://randomuser.me/api/portraits/thumb/men/99.jpg'}, 'nat': 'BR'}</msg>
<arg>${json_data['results'][0]}</arg>
<doc>Logs the given message with the given level.</doc>
<status status="PASS" start="2024-06-06T02:30:11.348199" elapsed="0.000428"/>
</kw>
<kw name="Log" owner="BuiltIn">
<msg time="2024-06-06T02:30:11.349072" level="INFO">name</msg>
<arg>${key}</arg>
<doc>Logs the given message with the given level.</doc>
<status status="PASS" start="2024-06-06T02:30:11.348939" elapsed="0.000174"/>
</kw>
<var name="${key}">name</var>
<status status="PASS" start="2024-06-06T02:30:11.347271" elapsed="0.002060"/>
</iter>
<iter>
<kw name="Dictionary Should Contain Key" owner="Collections">
<msg time="2024-06-06T02:30:11.350045" level="INFO">False</msg>
<arg>${json_data['results'][0]}</arg>
<arg>${key}</arg>
<doc>Fails if ``key`` is not found from ``dictionary``.</doc>
<status status="PASS" start="2024-06-06T02:30:11.349645" elapsed="0.000438"/>
</kw>
<kw name="Log" owner="BuiltIn">
<msg time="2024-06-06T02:30:11.350764" level="INFO">{'gender': 'male', 'name': {'title': 'Mr', 'first': 'Assis', 'last': 'Fernandes'}, 'location': {'street': {'number': 7056, 'name': 'Rua Dezessete '}, 'city': 'Rio Branco', 'state': 'Mato Grosso do Sul', 'country': 'Brazil', 'postcode': 44784, 'coordinates': {'latitude': '-78.0165', 'longitude': '-23.7114'}, 'timezone': {'offset': '-1:00', 'description': 'Azores, Cape Verde Islands'}}, 'email': 'assis.fernandes@example.com', 'login': {'uuid': '266b4b76-47e1-40bc-bc5c-651f3558a646', 'username': 'goldenpeacock441', 'password': 'robert', 'salt': 'sD5faSWp', 'md5': '83385e7995eaa1524bfcb680066108f8', 'sha1': '71fad43f062e6f62d73bfc58282145833a136c67', 'sha256': '1f4977cfd8888a3fcd5cf37402432e4e8957c851029e54fef7862ae528284eb1'}, 'dob': {'date': '1965-03-12T06:25:19.016Z', 'age': 59}, 'registered': {'date': '2003-09-27T22:08:25.641Z', 'age': 20}, 'phone': '(23) 3564-3319', 'cell': '(31) 1556-6591', 'id': {'name': 'CPF', 'value': '833.545.782-43'}, 'picture': {'large': 'https://randomuser.me/api/portraits/men/99.jpg', 'medium': 'https://randomuser.me/api/portraits/med/men/99.jpg', 'thumbnail': 'https://randomuser.me/api/portraits/thumb/men/99.jpg'}, 'nat': 'BR'}</msg>
<arg>${json_data['results'][0]}</arg>
<doc>Logs the given message with the given level.</doc>
<status status="PASS" start="2024-06-06T02:30:11.350395" elapsed="0.000447"/>
</kw>
<kw name="Log" owner="BuiltIn">
<msg time="2024-06-06T02:30:11.351297" level="INFO">location</msg>
<arg>${key}</arg>
<doc>Logs the given message with the given level.</doc>
<status status="PASS" start="2024-06-06T02:30:11.351167" elapsed="0.000170"/>
</kw>
<var name="${key}">location</var>
<status status="PASS" start="2024-06-06T02:30:11.349523" elapsed="0.002033"/>
</iter>
<iter>
<kw name="Dictionary Should Contain Key" owner="Collections">
<msg time="2024-06-06T02:30:11.352254" level="INFO">False</msg>
<arg>${json_data['results'][0]}</arg>
<arg>${key}</arg>
<doc>Fails if ``key`` is not found from ``dictionary``.</doc>
<status status="PASS" start="2024-06-06T02:30:11.351860" elapsed="0.000432"/>
</kw>
<kw name="Log" owner="BuiltIn">
<msg time="2024-06-06T02:30:11.353004" level="INFO">{'gender': 'male', 'name': {'title': 'Mr', 'first': 'Assis', 'last': 'Fernandes'}, 'location': {'street': {'number': 7056, 'name': 'Rua Dezessete '}, 'city': 'Rio Branco', 'state': 'Mato Grosso do Sul', 'country': 'Brazil', 'postcode': 44784, 'coordinates': {'latitude': '-78.0165', 'longitude': '-23.7114'}, 'timezone': {'offset': '-1:00', 'description': 'Azores, Cape Verde Islands'}}, 'email': 'assis.fernandes@example.com', 'login': {'uuid': '266b4b76-47e1-40bc-bc5c-651f3558a646', 'username': 'goldenpeacock441', 'password': 'robert', 'salt': 'sD5faSWp', 'md5': '83385e7995eaa1524bfcb680066108f8', 'sha1': '71fad43f062e6f62d73bfc58282145833a136c67', 'sha256': '1f4977cfd8888a3fcd5cf37402432e4e8957c851029e54fef7862ae528284eb1'}, 'dob': {'date': '1965-03-12T06:25:19.016Z', 'age': 59}, 'registered': {'date': '2003-09-27T22:08:25.641Z', 'age': 20}, 'phone': '(23) 3564-3319', 'cell': '(31) 1556-6591', 'id': {'name': 'CPF', 'value': '833.545.782-43'}, 'picture': {'large': 'https://randomuser.me/api/portraits/men/99.jpg', 'medium': 'https://randomuser.me/api/portraits/med/men/99.jpg', 'thumbnail': 'https://randomuser.me/api/portraits/thumb/men/99.jpg'}, 'nat': 'BR'}</msg>
<arg>${json_data['results'][0]}</arg>
<doc>Logs the given message with the given level.</doc>
<status status="PASS" start="2024-06-06T02:30:11.352602" elapsed="0.000454"/>
</kw>
<kw name="Log" owner="BuiltIn">
<msg time="2024-06-06T02:30:11.353516" level="INFO">email</msg>
<arg>${key}</arg>
<doc>Logs the given message with the given level.</doc>
<status status="PASS" start="2024-06-06T02:30:11.353364" elapsed="0.000194"/>
</kw>
<var name="${key}">email</var>
<status status="PASS" start="2024-06-06T02:30:11.351739" elapsed="0.002044"/>
</iter>
<iter>
<kw name="Dictionary Should Contain Key" owner="Collections">
<msg time="2024-06-06T02:30:11.354535" level="INFO">False</msg>
<arg>${json_data['results'][0]}</arg>
<arg>${key}</arg>
<doc>Fails if ``key`` is not found from ``dictionary``.</doc>
<status status="PASS" start="2024-06-06T02:30:11.354129" elapsed="0.000447"/>
</kw>
<kw name="Log" owner="BuiltIn">
<msg time="2024-06-06T02:30:11.355292" level="INFO">{'gender': 'male', 'name': {'title': 'Mr', 'first': 'Assis', 'last': 'Fernandes'}, 'location': {'street': {'number': 7056, 'name': 'Rua Dezessete '}, 'city': 'Rio Branco', 'state': 'Mato Grosso do Sul', 'country': 'Brazil', 'postcode': 44784, 'coordinates': {'latitude': '-78.0165', 'longitude': '-23.7114'}, 'timezone': {'offset': '-1:00', 'description': 'Azores, Cape Verde Islands'}}, 'email': 'assis.fernandes@example.com', 'login': {'uuid': '266b4b76-47e1-40bc-bc5c-651f3558a646', 'username': 'goldenpeacock441', 'password': 'robert', 'salt': 'sD5faSWp', 'md5': '83385e7995eaa1524bfcb680066108f8', 'sha1': '71fad43f062e6f62d73bfc58282145833a136c67', 'sha256': '1f4977cfd8888a3fcd5cf37402432e4e8957c851029e54fef7862ae528284eb1'}, 'dob': {'date': '1965-03-12T06:25:19.016Z', 'age': 59}, 'registered': {'date': '2003-09-27T22:08:25.641Z', 'age': 20}, 'phone': '(23) 3564-3319', 'cell': '(31) 1556-6591', 'id': {'name': 'CPF', 'value': '833.545.782-43'}, 'picture': {'large': 'https://randomuser.me/api/portraits/men/99.jpg', 'medium': 'https://randomuser.me/api/portraits/med/men/99.jpg', 'thumbnail': 'https://randomuser.me/api/portraits/thumb/men/99.jpg'}, 'nat': 'BR'}</msg>
<arg>${json_data['results'][0]}</arg>
<doc>Logs the given message with the given level.</doc>
<status status="PASS" start="2024-06-06T02:30:11.354917" elapsed="0.000431"/>
</kw>
<kw name="Log" owner="BuiltIn">
<msg time="2024-06-06T02:30:11.355798" level="INFO">login</msg>
<arg>${key}</arg>
<doc>Logs the given message with the given level.</doc>
<status status="PASS" start="2024-06-06T02:30:11.355663" elapsed="0.000177"/>
</kw>
<var name="${key}">login</var>
<status status="PASS" start="2024-06-06T02:30:11.354002" elapsed="0.002102"/>
</iter>
<var>${key}</var>
<value>@{expected_keys}</value>
<status status="PASS" start="2024-06-06T02:30:11.344635" elapsed="0.011602"/>
</for>
<kw name="Create List" owner="BuiltIn">
<msg time="2024-06-06T02:30:11.356598" level="INFO">${expected_keysTwo} = ['username', 'password']</msg>
<var>${expected_keysTwo}</var>
<arg>username</arg>
<arg>password</arg>
<doc>Returns a list containing given items.</doc>
<status status="PASS" start="2024-06-06T02:30:11.356451" elapsed="0.000171"/>
</kw>
<for flavor="IN">
<iter>
<kw name="Dictionary Should Contain Key" owner="Collections">
<msg time="2024-06-06T02:30:11.357589" level="INFO">False</msg>
<arg>${json_data['results'][0]['login']}</arg>
<arg>${keyTwo}</arg>
<doc>Fails if ``key`` is not found from ``dictionary``.</doc>
<status status="PASS" start="2024-06-06T02:30:11.357177" elapsed="0.000450"/>
</kw>
<kw name="Dictionary Should Contain Key" owner="Collections">
<msg time="2024-06-06T02:30:11.358317" level="INFO">False</msg>
<arg>${json_data['results'][0]['login']}</arg>
<arg>${keyTwo}</arg>
<doc>Fails if ``key`` is not found from ``dictionary``.</doc>
<status status="PASS" start="2024-06-06T02:30:11.357925" elapsed="0.000430"/>
</kw>
<kw name="Log" owner="BuiltIn">
<msg time="2024-06-06T02:30:11.358775" level="INFO">username</msg>
<arg>${keyTwo}</arg>
<doc>Logs the given message with the given level.</doc>
<status status="PASS" start="2024-06-06T02:30:11.358648" elapsed="0.000203"/>
</kw>
<var name="${keyTwo}">username</var>
<status status="PASS" start="2024-06-06T02:30:11.357039" elapsed="0.002048"/>
</iter>
<iter>
<kw name="Dictionary Should Contain Key" owner="Collections">
<msg time="2024-06-06T02:30:11.359754" level="INFO">False</msg>
<arg>${json_data['results'][0]['login']}</arg>
<arg>${keyTwo}</arg>
<doc>Fails if ``key`` is not found from ``dictionary``.</doc>
<status status="PASS" start="2024-06-06T02:30:11.359379" elapsed="0.000412"/>
</kw>
<kw name="Dictionary Should Contain Key" owner="Collections">
<msg time="2024-06-06T02:30:11.360557" level="INFO">False</msg>
<arg>${json_data['results'][0]['login']}</arg>
<arg>${keyTwo}</arg>
<doc>Fails if ``key`` is not found from ``dictionary``.</doc>
<status status="PASS" start="2024-06-06T02:30:11.360083" elapsed="0.000513"/>
</kw>
<kw name="Log" owner="BuiltIn">
<msg time="2024-06-06T02:30:11.361024" level="INFO">password</msg>
<arg>${keyTwo}</arg>
<doc>Logs the given message with the given level.</doc>
<status status="PASS" start="2024-06-06T02:30:11.360898" elapsed="0.000163"/>
</kw>
<var name="${keyTwo}">password</var>
<status status="PASS" start="2024-06-06T02:30:11.359262" elapsed="0.002027"/>
</iter>
<var>${keyTwo}</var>
<value>@{expected_keysTwo}</value>
<status status="PASS" start="2024-06-06T02:30:11.356875" elapsed="0.004566"/>
</for>
<status status="PASS" start="2024-06-06T02:30:11.229876" elapsed="0.131715"/>
</kw>
<doc>Testa a estrutura da resposta da API.</doc>
<tag>testeEstruturaResposta</tag>
<status status="PASS" start="2024-06-06T02:30:11.229360" elapsed="0.132389"/>
</test>
<test id="s1-s1-t4" name="Validar tipos de dados" line="28">
<kw name="Teste de Tipos de Dados" owner="random-user-service">
<kw name="GET On Session" owner="RequestsLibrary">
<msg time="2024-06-06T02:30:11.457069" level="INFO">GET Request : url=https://randomuser.me/api 
 path_url=/api 
 headers={'User-Agent': 'python-requests/2.32.3', 'Accept-Encoding': 'gzip, deflate', 'Accept': '*/*', 'Connection': 'keep-alive'} 
 body=None 
 </msg>
<msg time="2024-06-06T02:30:11.457180" level="INFO">GET Response : url=https://randomuser.me/api 
 status=200, reason=OK 
 headers={'Date': 'Thu, 06 Jun 2024 02:30:11 GMT', 'Content-Type': 'application/json; charset=utf-8', 'Transfer-Encoding': 'chunked', 'Connection': 'keep-alive', 'X-Powered-By': 'Express', 'Access-Control-Allow-Origin': '*', 'Cache-Control': 'no-cache', 'ETag': 'W/"49e-KMXouJhT3xBzF6qxFwoW81UrMAA"', 'Vary': 'Accept-Encoding', 'Content-Encoding': 'gzip', 'CF-Cache-Status': 'DYNAMIC', 'Report-To': '{"endpoints":[{"url":"https:\\/\\/a.nel.cloudflare.com\\/report\\/v4?s=chQrcTAFxY42ZBa6lcX1fHgBHBYosrBHmZNAQVZeRnTBo9e8Q%2BkPNE1dCPlMuXDbcTWMLyvfmhL7t%2FVEtLhbca0bLmn1T7LKFXJOV0ilhSBYngijRQDCnZ9K97du05vy"}],"group":"cf-nel","max_age":604800}', 'NEL': '{"success_fraction":0,"report_to":"cf-nel","max_age":604800}', 'Server': 'cloudflare', 'CF-RAY': '88f4faa10a2e7acd-SJC', 'alt-svc': 'h3=":443"; ma=86400'} 
 body={"results":[{"gender":"female","name":{"title":"Ms","first":"Bojana","last":"Anđelić"},"location":{"street":{"number":6280,"name":"Jakova Serskog"},"city":"Kula","state":"Kosovska Mitrovica","country":"Serbia","postcode":32465,"coordinates":{"latitude":"59.9882","longitude":"7.2480"},"timezone":{"offset":"-6:00","description":"Central Time (US &amp; Canada), Mexico City"}},"email":"bojana.andelic@example.com","login":{"uuid":"10a3a464-3619-4a62-831e-7c7f316d8041","username":"tinykoala820","password":"babycake","salt":"AeIPxiIn","md5":"5c325a9f2da64b19364a23a9b7d41c5c","sha1":"29f229a4e2143f88a3c15d63aa629a0d263009e1","sha256":"21918644a0f01412b772b48afc1688a868c871ab513c2bc309a5ba3400118c53"},"dob":{"date":"1970-07-24T21:04:51.722Z","age":53},"registered":{"date":"2022-04-26T14:41:30.469Z","age":2},"phone":"013-8502-195","cell":"063-8646-191","id":{"name":"SID","value":"171837228"},"picture":{"large":"https://randomuser.me/api/portraits/women/22.jpg","medium":"https://randomuser.me/api/portraits/med/women/22.jpg","thumbnail":"https://randomuser.me/api/portraits/thumb/women/22.jpg"},"nat":"RS"}],"info":{"seed":"c03aea67bddbf7ec","results":1,"page":1,"version":"1.4"}} 
 </msg>
<msg time="2024-06-06T02:30:11.457269" level="INFO">/opt/hostedtoolcache/Python/3.12.3/x64/lib/python3.12/site-packages/urllib3/connectionpool.py:1103: InsecureRequestWarning: Unverified HTTPS request is being made to host 'randomuser.me'. Adding certificate verification is strongly advised. See: https://urllib3.readthedocs.io/en/latest/advanced-usage.html#tls-warnings
  warnings.warn(</msg>
<msg time="2024-06-06T02:30:11.457415" level="INFO">${response} = &lt;Response [200]&gt;</msg>
<var>${response}</var>
<arg>consultarAPI</arg>
<arg>/api</arg>
<doc>Sends a GET request on a previously created HTTP Session.</doc>
<status status="PASS" start="2024-06-06T02:30:11.364663" elapsed="0.092796"/>
</kw>
<kw name="Set Variable" owner="BuiltIn">
<msg time="2024-06-06T02:30:11.458684" level="INFO">${json_data} = {'results': [{'gender': 'female', 'name': {'title': 'Ms', 'first': 'Bojana', 'last': 'Anđelić'}, 'location': {'street': {'number': 6280, 'name': 'Jakova Serskog'}, 'city': 'Kula', 'state': 'Kosovska M...</msg>
<var>${json_data}</var>
<arg>${response.json()}</arg>
<doc>Returns the given values which can then be assigned to a variables.</doc>
<status status="PASS" start="2024-06-06T02:30:11.458098" elapsed="0.000618"/>
</kw>
<kw name="Log" owner="BuiltIn">
<msg time="2024-06-06T02:30:11.459281" level="INFO">{'results': [{'gender': 'female', 'name': {'title': 'Ms', 'first': 'Bojana', 'last': 'Anđelić'}, 'location': {'street': {'number': 6280, 'name': 'Jakova Serskog'}, 'city': 'Kula', 'state': 'Kosovska Mitrovica', 'country': 'Serbia', 'postcode': 32465, 'coordinates': {'latitude': '59.9882', 'longitude': '7.2480'}, 'timezone': {'offset': '-6:00', 'description': 'Central Time (US &amp; Canada), Mexico City'}}, 'email': 'bojana.andelic@example.com', 'login': {'uuid': '10a3a464-3619-4a62-831e-7c7f316d8041', 'username': 'tinykoala820', 'password': 'babycake', 'salt': 'AeIPxiIn', 'md5': '5c325a9f2da64b19364a23a9b7d41c5c', 'sha1': '29f229a4e2143f88a3c15d63aa629a0d263009e1', 'sha256': '21918644a0f01412b772b48afc1688a868c871ab513c2bc309a5ba3400118c53'}, 'dob': {'date': '1970-07-24T21:04:51.722Z', 'age': 53}, 'registered': {'date': '2022-04-26T14:41:30.469Z', 'age': 2}, 'phone': '013-8502-195', 'cell': '063-8646-191', 'id': {'name': 'SID', 'value': '171837228'}, 'picture': {'large': 'https://randomuser.me/api/portraits/women/22.jpg', 'medium': 'https://randomuser.me/api/portraits/med/women/22.jpg', 'thumbnail': 'https://randomuser.me/api/portraits/thumb/women/22.jpg'}, 'nat': 'RS'}], 'info': {'seed': 'c03aea67bddbf7ec', 'results': 1, 'page': 1, 'version': '1.4'}}</msg>
<arg>${json_data}</arg>
<doc>Logs the given message with the given level.</doc>
<status status="PASS" start="2024-06-06T02:30:11.459107" elapsed="0.000267"/>
</kw>
<kw name="Should Be String" owner="String">
<arg>${json_data['results'][0]['gender']}</arg>
<doc>Fails if the given ``item`` is not a string.</doc>
<status status="PASS" start="2024-06-06T02:30:11.459691" elapsed="0.000377"/>
</kw>
<kw name="Should Match Regexp" owner="BuiltIn">
<arg>${json_data['results'][0]['email']}</arg>
<arg>^[a-zA-Z0-9._%+-]+@[a-zA-Z0-9.-]+\.[a-zA-Z]{2,}$</arg>
<doc>Fails if ``string`` does not match ``pattern`` as a regular expression.</doc>
<status status="PASS" start="2024-06-06T02:30:11.460266" elapsed="0.000533"/>
</kw>
<kw name="Should Match Regexp" owner="BuiltIn">
<arg>${json_data['results'][0]['dob']['date']}</arg>
<arg>\\d{4}-\\d{2}-\\d{2}T\\d{2}:\\d{2}:\\d{2}\\.\\d{3}Z</arg>
<doc>Fails if ``string`` does not match ``pattern`` as a regular expression.</doc>
<status status="PASS" start="2024-06-06T02:30:11.461003" elapsed="0.000487"/>
</kw>
<kw name="Should Match Regexp" owner="BuiltIn">
<arg>${json_data['results'][0]['registered']['date']}</arg>
<arg>\\d{4}-\\d{2}-\\d{2}T\\d{2}:\\d{2}:\\d{2}\\.\\d{3}Z</arg>
<doc>Fails if ``string`` does not match ``pattern`` as a regular expression.</doc>
<status status="PASS" start="2024-06-06T02:30:11.461682" elapsed="0.000370"/>
</kw>
<kw name="Should Match Regexp" owner="BuiltIn">
<arg>${json_data['results'][0]['picture']['large']}</arg>
<arg>^https?://.*\.(?:png|jpe?g|gif|bmp)$</arg>
<doc>Fails if ``string`` does not match ``pattern`` as a regular expression.</doc>
<status status="PASS" start="2024-06-06T02:30:11.462241" elapsed="0.000464"/>
</kw>
<kw name="Should Match Regexp" owner="BuiltIn">
<arg>${json_data['results'][0]['picture']['medium']}</arg>
<arg>^https?://.*\.(?:png|jpe?g|gif|bmp)$</arg>
<doc>Fails if ``string`` does not match ``pattern`` as a regular expression.</doc>
<status status="PASS" start="2024-06-06T02:30:11.462917" elapsed="0.000362"/>
</kw>
<kw name="Should Match Regexp" owner="BuiltIn">
<arg>${json_data['results'][0]['picture']['thumbnail']}</arg>
<arg>^https?://.*\.(?:png|jpe?g|gif|bmp)$</arg>
<doc>Fails if ``string`` does not match ``pattern`` as a regular expression.</doc>
<status status="PASS" start="2024-06-06T02:30:11.463465" elapsed="0.000346"/>
</kw>
<kw name="Log" owner="BuiltIn">
<msg time="2024-06-06T02:30:11.464327" level="INFO">{'large': 'https://randomuser.me/api/portraits/women/22.jpg', 'medium': 'https://randomuser.me/api/portraits/med/women/22.jpg', 'thumbnail': 'https://randomuser.me/api/portraits/thumb/women/22.jpg'}</msg>
<arg>${json_data['results'][0]['picture']}</arg>
<doc>Logs the given message with the given level.</doc>
<status status="PASS" start="2024-06-06T02:30:11.464001" elapsed="0.000369"/>
</kw>
<status status="PASS" start="2024-06-06T02:30:11.364384" elapsed="0.100246"/>
</kw>
<kw name="Teste de Tipos de Dados - Postcode" owner="random-user-service">
<kw name="GET On Session" owner="RequestsLibrary">
<msg time="2024-06-06T02:30:11.556078" level="INFO">GET Request : url=https://randomuser.me/api 
 path_url=/api 
 headers={'User-Agent': 'python-requests/2.32.3', 'Accept-Encoding': 'gzip, deflate', 'Accept': '*/*', 'Connection': 'keep-alive'} 
 body=None 
 </msg>
<msg time="2024-06-06T02:30:11.556190" level="INFO">GET Response : url=https://randomuser.me/api 
 status=200, reason=OK 
 headers={'Date': 'Thu, 06 Jun 2024 02:30:11 GMT', 'Content-Type': 'application/json; charset=utf-8', 'Transfer-Encoding': 'chunked', 'Connection': 'keep-alive', 'X-Powered-By': 'Express', 'Access-Control-Allow-Origin': '*', 'Cache-Control': 'no-cache', 'ETag': 'W/"466-YmYj35ZnBN8L4SXEikHZvDUzqDo"', 'Vary': 'Accept-Encoding', 'Content-Encoding': 'gzip', 'CF-Cache-Status': 'DYNAMIC', 'Report-To': '{"endpoints":[{"url":"https:\\/\\/a.nel.cloudflare.com\\/report\\/v4?s=M9Uncy4X3MFEdMPQs99W%2BrFK7CIcazYtnF4dbWOGa%2Fv18iXLOuEXGYaZZ8yOJZ9vN89wec9q9l6Akm160wuFL2dhatyyr3s1fMxdr9ctHr%2BM6xY5AkuCXO9Z4sIdbWiC"}],"group":"cf-nel","max_age":604800}', 'NEL': '{"success_fraction":0,"report_to":"cf-nel","max_age":604800}', 'Server': 'cloudflare', 'CF-RAY': '88f4faa1aabc7acd-SJC', 'alt-svc': 'h3=":443"; ma=86400'} 
 body={"results":[{"gender":"male","name":{"title":"Mr","first":"Matas","last":"Fjellvang"},"location":{"street":{"number":7157,"name":"Trestegveien"},"city":"Krossberg","state":"Hordaland","country":"Norway","postcode":"4372","coordinates":{"latitude":"45.0664","longitude":"-25.7330"},"timezone":{"offset":"-9:00","description":"Alaska"}},"email":"matas.fjellvang@example.com","login":{"uuid":"931be65d-d49f-4840-9fb3-0114a4740704","username":"redduck147","password":"zhan","salt":"2rK0Grch","md5":"923722b35efbc83f20edec579128cff6","sha1":"c5d64f12dbb812579cc44fc84dbd04376c6b848a","sha256":"25ed2af453d7452383748fcc178e3322666412087c2d663f4a616d713f08bc62"},"dob":{"date":"1948-12-23T11:29:03.745Z","age":75},"registered":{"date":"2004-06-01T10:04:48.848Z","age":20},"phone":"63430402","cell":"48977072","id":{"name":"FN","value":"23124827728"},"picture":{"large":"https://randomuser.me/api/portraits/men/25.jpg","medium":"https://randomuser.me/api/portraits/med/men/25.jpg","thumbnail":"https://randomuser.me/api/portraits/thumb/men/25.jpg"},"nat":"NO"}],"info":{"seed":"6a6ddd977cfd2733","results":1,"page":1,"version":"1.4"}} 
 </msg>
<msg time="2024-06-06T02:30:11.556273" level="INFO">/opt/hostedtoolcache/Python/3.12.3/x64/lib/python3.12/site-packages/urllib3/connectionpool.py:1103: InsecureRequestWarning: Unverified HTTPS request is being made to host 'randomuser.me'. Adding certificate verification is strongly advised. See: https://urllib3.readthedocs.io/en/latest/advanced-usage.html#tls-warnings
  warnings.warn(</msg>
<msg time="2024-06-06T02:30:11.556415" level="INFO">${response} = &lt;Response [200]&gt;</msg>
<var>${response}</var>
<arg>consultarAPI</arg>
<arg>/api</arg>
<doc>Sends a GET request on a previously created HTTP Session.</doc>
<status status="PASS" start="2024-06-06T02:30:11.465096" elapsed="0.091370"/>
</kw>
<kw name="Set Variable" owner="BuiltIn">
<msg time="2024-06-06T02:30:11.557776" level="INFO">${json_data} = {'results': [{'gender': 'male', 'name': {'title': 'Mr', 'first': 'Matas', 'last': 'Fjellvang'}, 'location': {'street': {'number': 7157, 'name': 'Trestegveien'}, 'city': 'Krossberg', 'state': 'Hordalan...</msg>
<var>${json_data}</var>
<arg>${response.json()}</arg>
<doc>Returns the given values which can then be assigned to a variables.</doc>
<status status="PASS" start="2024-06-06T02:30:11.557129" elapsed="0.000678"/>
</kw>
<kw name="Log" owner="BuiltIn">
<msg time="2024-06-06T02:30:11.558342" level="INFO">{'results': [{'gender': 'male', 'name': {'title': 'Mr', 'first': 'Matas', 'last': 'Fjellvang'}, 'location': {'street': {'number': 7157, 'name': 'Trestegveien'}, 'city': 'Krossberg', 'state': 'Hordaland', 'country': 'Norway', 'postcode': '4372', 'coordinates': {'latitude': '45.0664', 'longitude': '-25.7330'}, 'timezone': {'offset': '-9:00', 'description': 'Alaska'}}, 'email': 'matas.fjellvang@example.com', 'login': {'uuid': '931be65d-d49f-4840-9fb3-0114a4740704', 'username': 'redduck147', 'password': 'zhan', 'salt': '2rK0Grch', 'md5': '923722b35efbc83f20edec579128cff6', 'sha1': 'c5d64f12dbb812579cc44fc84dbd04376c6b848a', 'sha256': '25ed2af453d7452383748fcc178e3322666412087c2d663f4a616d713f08bc62'}, 'dob': {'date': '1948-12-23T11:29:03.745Z', 'age': 75}, 'registered': {'date': '2004-06-01T10:04:48.848Z', 'age': 20}, 'phone': '63430402', 'cell': '48977072', 'id': {'name': 'FN', 'value': '23124827728'}, 'picture': {'large': 'https://randomuser.me/api/portraits/men/25.jpg', 'medium': 'https://randomuser.me/api/portraits/med/men/25.jpg', 'thumbnail': 'https://randomuser.me/api/portraits/thumb/men/25.jpg'}, 'nat': 'NO'}], 'info': {'seed': '6a6ddd977cfd2733', 'results': 1, 'page': 1, 'version': '1.4'}}</msg>
<arg>${json_data}</arg>
<doc>Logs the given message with the given level.</doc>
<status status="PASS" start="2024-06-06T02:30:11.558173" elapsed="0.000251"/>
</kw>
<kw name="Should Be Equal As Numbers" owner="BuiltIn">
<arg>${json_data['results'][0]['location']['postcode']}</arg>
<arg>${json_data['results'][0]['location']['postcode']}</arg>
<doc>Fails if objects are unequal after converting them to real numbers.</doc>
<status status="PASS" start="2024-06-06T02:30:11.558744" elapsed="0.000874"/>
</kw>
<kw name="Log" owner="BuiltIn">
<msg time="2024-06-06T02:30:11.560157" level="INFO">4372</msg>
<arg>${json_data['results'][0]['location']['postcode']}</arg>
<doc>Logs the given message with the given level.</doc>
<status status="PASS" start="2024-06-06T02:30:11.559818" elapsed="0.000380"/>
</kw>
<status status="PASS" start="2024-06-06T02:30:11.464863" elapsed="0.095597"/>
</kw>
<doc>Testa se os tipos de dados na resposta da API estão corretos.</doc>
<tag>testeTiposDados</tag>
<status status="PASS" start="2024-06-06T02:30:11.363640" elapsed="0.196992"/>
</test>
<test id="s1-s1-t5" name="Validar conteudo" line="35">
<kw name="Teste de Tipos de Conteudo" owner="random-user-service">
<kw name="GET On Session" owner="RequestsLibrary">
<msg time="2024-06-06T02:30:11.658135" level="INFO">GET Request : url=https://randomuser.me/api 
 path_url=/api 
 headers={'User-Agent': 'python-requests/2.32.3', 'Accept-Encoding': 'gzip, deflate', 'Accept': '*/*', 'Connection': 'keep-alive'} 
 body=None 
 </msg>
<msg time="2024-06-06T02:30:11.658236" level="INFO">GET Response : url=https://randomuser.me/api 
 status=200, reason=OK 
 headers={'Date': 'Thu, 06 Jun 2024 02:30:11 GMT', 'Content-Type': 'application/json; charset=utf-8', 'Transfer-Encoding': 'chunked', 'Connection': 'keep-alive', 'X-Powered-By': 'Express', 'Access-Control-Allow-Origin': '*', 'Cache-Control': 'no-cache', 'ETag': 'W/"497-DKRM4FWaEqeFMk5UaDxINv7Rleo"', 'Vary': 'Accept-Encoding', 'Content-Encoding': 'gzip', 'CF-Cache-Status': 'DYNAMIC', 'Report-To': '{"endpoints":[{"url":"https:\\/\\/a.nel.cloudflare.com\\/report\\/v4?s=dFeU7mLYBhcfZHRAPycq87IiWuz4Hx%2BOIpsRfB0GZPZYmXg5CPnw977h0jG56yZWOIsCV0Asfcq2kUph3ajLomtjyaGIb0U17HZ6P5RBwwABc2wAfUODSjUr1%2FLeyzad"}],"group":"cf-nel","max_age":604800}', 'NEL': '{"success_fraction":0,"report_to":"cf-nel","max_age":604800}', 'Server': 'cloudflare', 'CF-RAY': '88f4faa24b317acd-SJC', 'alt-svc': 'h3=":443"; ma=86400'} 
 body={"results":[{"gender":"female","name":{"title":"Miss","first":"Kristin","last":"Kahl"},"location":{"street":{"number":9754,"name":"Eichenweg"},"city":"Ummerstadt","state":"Hessen","country":"Germany","postcode":32549,"coordinates":{"latitude":"-55.2191","longitude":"38.7809"},"timezone":{"offset":"+9:00","description":"Tokyo, Seoul, Osaka, Sapporo, Yakutsk"}},"email":"kristin.kahl@example.com","login":{"uuid":"960ef4e6-4de2-40a0-8730-fa3acc3b1264","username":"angrywolf680","password":"chickens","salt":"35lbMatB","md5":"73fdcb6ad5a24a79d858f10d1dba663e","sha1":"619327ba1626007abe8eb83e6b14ffb8c8154d59","sha256":"8217a50045deb06528ab35df44ade56005f77fc07a5e295dff8091bc0f56ff0f"},"dob":{"date":"1958-07-12T02:12:48.295Z","age":65},"registered":{"date":"2015-01-28T16:36:32.001Z","age":9},"phone":"0717-0132662","cell":"0174-4077789","id":{"name":"SVNR","value":"18 110758 K 835"},"picture":{"large":"https://randomuser.me/api/portraits/women/75.jpg","medium":"https://randomuser.me/api/portraits/med/women/75.jpg","thumbnail":"https://randomuser.me/api/portraits/thumb/women/75.jpg"},"nat":"DE"}],"info":{"seed":"ad9e4e831162335d","results":1,"page":1,"version":"1.4"}} 
 </msg>
<msg time="2024-06-06T02:30:11.658307" level="INFO">/opt/hostedtoolcache/Python/3.12.3/x64/lib/python3.12/site-packages/urllib3/connectionpool.py:1103: InsecureRequestWarning: Unverified HTTPS request is being made to host 'randomuser.me'. Adding certificate verification is strongly advised. See: https://urllib3.readthedocs.io/en/latest/advanced-usage.html#tls-warnings
  warnings.warn(</msg>
<msg time="2024-06-06T02:30:11.658433" level="INFO">${response} = &lt;Response [200]&gt;</msg>
<var>${response}</var>
<arg>consultarAPI</arg>
<arg>/api</arg>
<doc>Sends a GET request on a previously created HTTP Session.</doc>
<status status="PASS" start="2024-06-06T02:30:11.563299" elapsed="0.095174"/>
</kw>
<kw name="Set Variable" owner="BuiltIn">
<msg time="2024-06-06T02:30:11.659733" level="INFO">${json_data} = {'results': [{'gender': 'female', 'name': {'title': 'Miss', 'first': 'Kristin', 'last': 'Kahl'}, 'location': {'street': {'number': 9754, 'name': 'Eichenweg'}, 'city': 'Ummerstadt', 'state': 'Hessen', ...</msg>
<var>${json_data}</var>
<arg>${response.json()}</arg>
<doc>Returns the given values which can then be assigned to a variables.</doc>
<status status="PASS" start="2024-06-06T02:30:11.659161" elapsed="0.000604"/>
</kw>
<kw name="Set Variable" owner="BuiltIn">
<msg time="2024-06-06T02:30:11.660474" level="INFO">${name_title} = Miss</msg>
<var>${name_title}</var>
<arg>${json_data["results"][0]["name"]["title"]}</arg>
<doc>Returns the given values which can then be assigned to a variables.</doc>
<status status="PASS" start="2024-06-06T02:30:11.660073" elapsed="0.000433"/>
</kw>
<kw name="Create List" owner="BuiltIn">
<msg time="2024-06-06T02:30:11.660974" level="INFO">${allowed_titles} = ['Mr', 'Ms', 'Miss', 'Mrs', 'Madame', 'Monsieur']</msg>
<var>${allowed_titles}</var>
<arg>Mr</arg>
<arg>Ms</arg>
<arg>Miss</arg>
<arg>Mrs</arg>
<arg>Madame</arg>
<arg>Monsieur</arg>
<doc>Returns a list containing given items.</doc>
<status status="PASS" start="2024-06-06T02:30:11.660825" elapsed="0.000173"/>
</kw>
<kw name="List Should Contain Value" owner="Collections">
<msg time="2024-06-06T02:30:11.661478" level="INFO">False</msg>
<arg>${allowed_titles}</arg>
<arg>${name_title}</arg>
<doc>Fails if the ``value`` is not found from ``list``.</doc>
<status status="PASS" start="2024-06-06T02:30:11.661299" elapsed="0.000215"/>
</kw>
<kw name="Set Variable" owner="BuiltIn">
<msg time="2024-06-06T02:30:11.662171" level="INFO">${name_country} = DE</msg>
<var>${name_country}</var>
<arg>${json_data["results"][0]["nat"]}</arg>
<doc>Returns the given values which can then be assigned to a variables.</doc>
<status status="PASS" start="2024-06-06T02:30:11.661799" elapsed="0.000396"/>
</kw>
<kw name="Create List" owner="BuiltIn">
<msg time="2024-06-06T02:30:11.663137" level="INFO">${list_country} = ['AD', 'AE', 'AF', 'AG', 'AI', 'AL', 'AM', 'AO', 'AQ', 'AR', 'AS', 'AT', 'AU', 'AW', 'AX', 'AZ', 'BA', 'BB', 'BD', 'BE', 'BF', 'BG', 'BH', 'BI', 'BJ', 'BL', 'BM', 'BN', 'BO', 'BQ', 'BR', 'BS', 'BT', '...</msg>
<var>${list_country}</var>
<arg>AD</arg>
<arg>AE</arg>
<arg>AF</arg>
<arg>AG</arg>
<arg>AI</arg>
<arg>AL</arg>
<arg>AM</arg>
<arg>AO</arg>
<arg>AQ</arg>
<arg>AR</arg>
<arg>AS</arg>
<arg>AT</arg>
<arg>AU</arg>
<arg>AW</arg>
<arg>AX</arg>
<arg>AZ</arg>
<arg>BA</arg>
<arg>BB</arg>
<arg>BD</arg>
<arg>BE</arg>
<arg>BF</arg>
<arg>BG</arg>
<arg>BH</arg>
<arg>BI</arg>
<arg>BJ</arg>
<arg>BL</arg>
<arg>BM</arg>
<arg>BN</arg>
<arg>BO</arg>
<arg>BQ</arg>
<arg>BR</arg>
<arg>BS</arg>
<arg>BT</arg>
<arg>BV</arg>
<arg>BW</arg>
<arg>BY</arg>
<arg>BZ</arg>
<arg>CA</arg>
<arg>CC</arg>
<arg>CD</arg>
<arg>CF</arg>
<arg>CG</arg>
<arg>CH</arg>
<arg>CI</arg>
<arg>CK</arg>
<arg>CL</arg>
<arg>CM</arg>
<arg>CN</arg>
<arg>CO</arg>
<arg>CR</arg>
<arg>CU</arg>
<arg>CV</arg>
<arg>CW</arg>
<arg>CX</arg>
<arg>CY</arg>
<arg>CZ</arg>
<arg>DE</arg>
<arg>DJ</arg>
<arg>DK</arg>
<arg>DM</arg>
<arg>DO</arg>
<arg>DZ</arg>
<arg>EC</arg>
<arg>EE</arg>
<arg>EG</arg>
<arg>EH</arg>
<arg>ER</arg>
<arg>ES</arg>
<arg>ET</arg>
<arg>FI</arg>
<arg>FJ</arg>
<arg>FK</arg>
<arg>FM</arg>
<arg>FO</arg>
<arg>FR</arg>
<arg>GA</arg>
<arg>GB</arg>
<arg>GD</arg>
<arg>GE</arg>
<arg>GF</arg>
<arg>GG</arg>
<arg>GH</arg>
<arg>GI</arg>
<arg>GL</arg>
<arg>GM</arg>
<arg>GN</arg>
<arg>GP</arg>
<arg>GQ</arg>
<arg>GR</arg>
<arg>GS</arg>
<arg>GT</arg>
<arg>GU</arg>
<arg>GW</arg>
<arg>GY</arg>
<arg>HK</arg>
<arg>HM</arg>
<arg>HN</arg>
<arg>HR</arg>
<arg>HT</arg>
<arg>HU</arg>
<arg>ID</arg>
<arg>IE</arg>
<arg>IL</arg>
<arg>IM</arg>
<arg>IN</arg>
<arg>IO</arg>
<arg>IQ</arg>
<arg>IR</arg>
<arg>IS</arg>
<arg>IT</arg>
<arg>JE</arg>
<arg>JM</arg>
<arg>JO</arg>
<arg>JP</arg>
<arg>KE</arg>
<arg>KG</arg>
<arg>KH</arg>
<arg>KI</arg>
<arg>KM</arg>
<arg>KN</arg>
<arg>KP</arg>
<arg>KR</arg>
<arg>KW</arg>
<arg>KY</arg>
<arg>KZ</arg>
<arg>LA</arg>
<arg>LB</arg>
<arg>LC</arg>
<arg>LI</arg>
<arg>LK</arg>
<arg>LR</arg>
<arg>LS</arg>
<arg>LT</arg>
<arg>LU</arg>
<arg>LV</arg>
<arg>LY</arg>
<arg>MA</arg>
<arg>MC</arg>
<arg>MD</arg>
<arg>ME</arg>
<arg>MF</arg>
<arg>MG</arg>
<arg>MH</arg>
<arg>MK</arg>
<arg>ML</arg>
<arg>MM</arg>
<arg>MN</arg>
<arg>MO</arg>
<arg>MP</arg>
<arg>MQ</arg>
<arg>MR</arg>
<arg>MS</arg>
<arg>MT</arg>
<arg>MU</arg>
<arg>MV</arg>
<arg>MW</arg>
<arg>MX</arg>
<arg>MY</arg>
<arg>MZ</arg>
<arg>NA</arg>
<arg>NC</arg>
<arg>NE</arg>
<arg>NF</arg>
<arg>NG</arg>
<arg>NI</arg>
<arg>NL</arg>
<arg>NO</arg>
<arg>NP</arg>
<arg>NR</arg>
<arg>NU</arg>
<arg>NZ</arg>
<arg>OM</arg>
<arg>PA</arg>
<arg>PE</arg>
<arg>PF</arg>
<arg>PG</arg>
<arg>PH</arg>
<arg>PK</arg>
<arg>PL</arg>
<arg>PM</arg>
<arg>PN</arg>
<arg>PR</arg>
<arg>PS</arg>
<arg>PT</arg>
<arg>PW</arg>
<arg>PY</arg>
<arg>QA</arg>
<arg>RE</arg>
<arg>RO</arg>
<arg>RS</arg>
<arg>RU</arg>
<arg>RW</arg>
<arg>SA</arg>
<arg>SB</arg>
<arg>SC</arg>
<arg>SD</arg>
<arg>SE</arg>
<arg>SG</arg>
<arg>SH</arg>
<arg>SI</arg>
<arg>SJ</arg>
<arg>SK</arg>
<arg>SL</arg>
<arg>SM</arg>
<arg>SN</arg>
<arg>SO</arg>
<arg>SR</arg>
<arg>SS</arg>
<arg>ST</arg>
<arg>SV</arg>
<arg>SX</arg>
<arg>SY</arg>
<arg>SZ</arg>
<arg>TC</arg>
<arg>TD</arg>
<arg>TF</arg>
<arg>TG</arg>
<arg>TH</arg>
<arg>TJ</arg>
<arg>TK</arg>
<arg>TL</arg>
<arg>TM</arg>
<arg>TN</arg>
<arg>TO</arg>
<arg>TR</arg>
<arg>TT</arg>
<arg>TV</arg>
<arg>TW</arg>
<arg>TZ</arg>
<arg>UA</arg>
<arg>UG</arg>
<arg>UM</arg>
<arg>US</arg>
<arg>UY</arg>
<arg>UZ</arg>
<arg>VA</arg>
<arg>VC</arg>
<arg>VE</arg>
<arg>VG</arg>
<arg>VI</arg>
<arg>VN</arg>
<arg>VU</arg>
<arg>WF</arg>
<arg>WS</arg>
<arg>XK</arg>
<arg>YE</arg>
<arg>YT</arg>
<arg>ZA</arg>
<arg>ZM</arg>
<arg>ZW</arg>
<doc>Returns a list containing given items.</doc>
<status status="PASS" start="2024-06-06T02:30:11.662504" elapsed="0.000659"/>
</kw>
<kw name="List Should Contain Value" owner="Collections">
<msg time="2024-06-06T02:30:11.664180" level="INFO">False</msg>
<arg>${list_country}</arg>
<arg>${name_country}</arg>
<doc>Fails if the ``value`` is not found from ``list``.</doc>
<status status="PASS" start="2024-06-06T02:30:11.663968" elapsed="0.000249"/>
</kw>
<kw name="Run Keyword If" owner="BuiltIn">
<kw name="Should Be True" owner="BuiltIn">
<arg>${True}</arg>
<doc>Fails if the given condition is not true.</doc>
<status status="PASS" start="2024-06-06T02:30:11.665263" elapsed="0.000142"/>
</kw>
<arg>${json_data["results"][0]["location"]["coordinates"]["latitude"]} &gt;= -90 and ${json_data["results"][0]["location"]["coordinates"]["latitude"]} &lt;= 90</arg>
<arg>Should Be True</arg>
<arg>${True}</arg>
<doc>Runs the given keyword with the given arguments, if ``condition`` is true.</doc>
<status status="PASS" start="2024-06-06T02:30:11.664530" elapsed="0.000998"/>
</kw>
<kw name="Run Keyword If" owner="BuiltIn">
<kw name="Should Be True" owner="BuiltIn">
<arg>${True}</arg>
<doc>Fails if the given condition is not true.</doc>
<status status="PASS" start="2024-06-06T02:30:11.666403" elapsed="0.000259"/>
</kw>
<arg>${json_data["results"][0]["location"]["coordinates"]["longitude"]} &gt;= -180 and ${json_data["results"][0]["location"]["coordinates"]["longitude"]} &lt;= 180</arg>
<arg>Should Be True</arg>
<arg>${True}</arg>
<doc>Runs the given keyword with the given arguments, if ``condition`` is true.</doc>
<status status="PASS" start="2024-06-06T02:30:11.665710" elapsed="0.001104"/>
</kw>
<status status="PASS" start="2024-06-06T02:30:11.563045" elapsed="0.103921"/>
</kw>
<doc>Testa o conteúdo específico dos campos retornados pela API.</doc>
<tag>testeConteudo</tag>
<status status="PASS" start="2024-06-06T02:30:11.562413" elapsed="0.104704"/>
</test>
<status status="PASS" start="2024-06-06T02:30:10.762714" elapsed="0.906374"/>
</suite>
<status status="PASS" start="2024-06-06T02:30:10.748310" elapsed="0.926011"/>
</suite>
<statistics>
<total>
<stat pass="5" fail="0" skip="0">All Tests</stat>
</total>
<tag>
<stat pass="1" fail="0" skip="0">testeConteudo</stat>
<stat pass="1" fail="0" skip="0">testeEstruturaResposta</stat>
<stat pass="1" fail="0" skip="0">testeRequisicaoBasica</stat>
<stat pass="1" fail="0" skip="0">testeTiposDados</stat>
</tag>
<suite>
<stat pass="5" fail="0" skip="0" id="s1" name="Tests">Tests</stat>
<stat pass="5" fail="0" skip="0" id="s1-s1" name="Random-User-Test">Tests.Random-User-Test</stat>
</suite>
</statistics>
<errors>
</errors>
</robot>
