<?xml version="1.0" encoding="UTF-8"?>
<robot generator="Robot 7.0 (Python 3.12.3 on linux)" generated="2024-06-07T01:07:07.651649" rpa="false" schemaversion="5">
<suite id="s1" name="Tests" source="/home/runner/work/ApiRandomUser/ApiRandomUser/RamdonUser/tests">
<suite id="s1-s1" name="Random-User-Test" source="/home/runner/work/ApiRandomUser/ApiRandomUser/RamdonUser/tests/random-user-test.robot">
<test id="s1-s1-t1" name="Conectar" line="13">
<kw name="Conectar API" owner="random-user-service">
<kw name="Create Session" owner="RequestsLibrary">
<msg time="2024-06-07T01:07:08.037078" level="INFO">Creating Session using : alias=consultarAPI, url=https://randomuser.me/, headers={},                     cookies={}, auth=None, timeout=None, proxies=None, verify=False,                     debug=0 </msg>
<arg>consultarAPI</arg>
<arg>${URL}</arg>
<doc>Create Session: create a HTTP session to a server</doc>
<status status="PASS" start="2024-06-07T01:07:08.036880" elapsed="0.000367"/>
</kw>
<status status="PASS" start="2024-06-07T01:07:08.035877" elapsed="0.001713"/>
</kw>
<status status="PASS" start="2024-06-07T01:07:08.035255" elapsed="0.002526"/>
</test>
<test id="s1-s1-t2" name="Validar retorno 200 e JSON Válido" line="16">
<kw name="Teste de Requisicao Basica" owner="random-user-service">
<kw name="GET On Session" owner="RequestsLibrary">
<msg time="2024-06-07T01:07:08.231222" level="INFO">GET Request : url=https://randomuser.me/api 
 path_url=/api 
 headers={'User-Agent': 'python-requests/2.32.3', 'Accept-Encoding': 'gzip, deflate', 'Accept': '*/*', 'Connection': 'keep-alive'} 
 body=None 
 </msg>
<msg time="2024-06-07T01:07:08.231364" level="INFO">GET Response : url=https://randomuser.me/api 
 status=200, reason=OK 
 headers={'Date': 'Fri, 07 Jun 2024 01:07:08 GMT', 'Content-Type': 'application/json; charset=utf-8', 'Transfer-Encoding': 'chunked', 'Connection': 'keep-alive', 'X-Powered-By': 'Express', 'Access-Control-Allow-Origin': '*', 'Cache-Control': 'no-cache', 'ETag': 'W/"489-KK9AmesoUSgRcai8qrr+xH/bfTs"', 'Vary': 'Accept-Encoding', 'Content-Encoding': 'gzip', 'CF-Cache-Status': 'DYNAMIC', 'Report-To': '{"endpoints":[{"url":"https:\\/\\/a.nel.cloudflare.com\\/report\\/v4?s=Uyic5aCtAL4yZcMvW6oZd45gNy8epzhpKoKsS1rzBj9nHwoYYSkbyP64DAwUpiwtNRoH09J37fHufB0raaKx7BzurWczYlBZds3jWis4sEPrpakkxasCk17uhkzSsat4"}],"group":"cf-nel","max_age":604800}', 'NEL': '{"success_fraction":0,"report_to":"cf-nel","max_age":604800}', 'Server': 'cloudflare', 'CF-RAY': '88fcbe5828321771-IAD', 'alt-svc': 'h3=":443"; ma=86400'} 
 body={"results":[{"gender":"female","name":{"title":"Miss","first":"Nevaeh","last":"Hawkins"},"location":{"street":{"number":3753,"name":"Woodland St"},"city":"Tweed","state":"Queensland","country":"Australia","postcode":5911,"coordinates":{"latitude":"-83.6830","longitude":"45.8935"},"timezone":{"offset":"-12:00","description":"Eniwetok, Kwajalein"}},"email":"nevaeh.hawkins@example.com","login":{"uuid":"b6306fe7-9e78-440e-9dd1-766bd1ff9f93","username":"beautifulkoala450","password":"staples","salt":"3BFsd313","md5":"10c619375a483f839e7b4852f237d27e","sha1":"05624484570a7310cb72ed4b40b382b9d462a554","sha256":"fb11897c73e2a825d132c645e987c9e3e05dfc9d73ec7b6f71d628a2201dab72"},"dob":{"date":"1967-06-22T12:47:33.970Z","age":56},"registered":{"date":"2017-04-25T23:50:39.070Z","age":7},"phone":"01-9969-5299","cell":"0496-881-117","id":{"name":"TFN","value":"300807681"},"picture":{"large":"https://randomuser.me/api/portraits/women/79.jpg","medium":"https://randomuser.me/api/portraits/med/women/79.jpg","thumbnail":"https://randomuser.me/api/portraits/thumb/women/79.jpg"},"nat":"AU"}],"info":{"seed":"df78e4bdacfd773c","results":1,"page":1,"version":"1.4"}} 
 </msg>
<msg time="2024-06-07T01:07:08.231438" level="INFO">/opt/hostedtoolcache/Python/3.12.3/x64/lib/python3.12/site-packages/urllib3/connectionpool.py:1103: InsecureRequestWarning: Unverified HTTPS request is being made to host 'randomuser.me'. Adding certificate verification is strongly advised. See: https://urllib3.readthedocs.io/en/latest/advanced-usage.html#tls-warnings
  warnings.warn(</msg>
<msg time="2024-06-07T01:07:08.231608" level="INFO">${response} = &lt;Response [200]&gt;</msg>
<var>${response}</var>
<arg>consultarAPI</arg>
<arg>/api</arg>
<doc>Sends a GET request on a previously created HTTP Session.</doc>
<status status="PASS" start="2024-06-07T01:07:08.040477" elapsed="0.191175"/>
</kw>
<kw name="Should Be Equal As Numbers" owner="BuiltIn">
<msg time="2024-06-07T01:07:08.232568" level="INFO">Argument types are:
&lt;class 'int'&gt;
&lt;class 'str'&gt;</msg>
<arg>${response.status_code}</arg>
<arg>200</arg>
<doc>Fails if objects are unequal after converting them to real numbers.</doc>
<status status="PASS" start="2024-06-07T01:07:08.232130" elapsed="0.000503"/>
</kw>
<kw name="Log" owner="BuiltIn">
<msg time="2024-06-07T01:07:08.233312" level="INFO">200</msg>
<arg>${response.status_code}</arg>
<doc>Logs the given message with the given level.</doc>
<status status="PASS" start="2024-06-07T01:07:08.232968" elapsed="0.000393"/>
</kw>
<kw name="Set Variable" owner="BuiltIn">
<msg time="2024-06-07T01:07:08.234087" level="INFO">${json_data} = {'results': [{'gender': 'female', 'name': {'title': 'Miss', 'first': 'Nevaeh', 'last': 'Hawkins'}, 'location': {'street': {'number': 3753, 'name': 'Woodland St'}, 'city': 'Tweed', 'state': 'Queensland...</msg>
<var>${json_data}</var>
<arg>${response.json()}</arg>
<doc>Returns the given values which can then be assigned to a variables.</doc>
<status status="PASS" start="2024-06-07T01:07:08.233660" elapsed="0.000454"/>
</kw>
<kw name="Dictionary Should Contain Key" owner="Collections">
<msg time="2024-06-07T01:07:08.234599" level="INFO">False</msg>
<arg>${json_data}</arg>
<arg>results</arg>
<doc>Fails if ``key`` is not found from ``dictionary``.</doc>
<status status="PASS" start="2024-06-07T01:07:08.234408" elapsed="0.000378"/>
</kw>
<status status="PASS" start="2024-06-07T01:07:08.040235" elapsed="0.194813"/>
</kw>
<doc>Testa se a API responde corretamente e retorna um objeto JSON válido.</doc>
<tag>testeRequisicaoBasica</tag>
<status status="PASS" start="2024-06-07T01:07:08.039681" elapsed="0.195545"/>
</test>
<test id="s1-s1-t3" name="Validar estrutura de resposta" line="22">
<kw name="Teste de Estrutura de Resposta" owner="random-user-service">
<kw name="GET On Session" owner="RequestsLibrary">
<msg time="2024-06-07T01:07:08.331742" level="INFO">GET Request : url=https://randomuser.me/api 
 path_url=/api 
 headers={'User-Agent': 'python-requests/2.32.3', 'Accept-Encoding': 'gzip, deflate', 'Accept': '*/*', 'Connection': 'keep-alive'} 
 body=None 
 </msg>
<msg time="2024-06-07T01:07:08.331812" level="INFO">GET Response : url=https://randomuser.me/api 
 status=200, reason=OK 
 headers={'Date': 'Fri, 07 Jun 2024 01:07:08 GMT', 'Content-Type': 'application/json; charset=utf-8', 'Transfer-Encoding': 'chunked', 'Connection': 'keep-alive', 'X-Powered-By': 'Express', 'Access-Control-Allow-Origin': '*', 'Cache-Control': 'no-cache', 'ETag': 'W/"4bb-NAFAn+AcYXioa+j43LTUXT21ejc"', 'Vary': 'Accept-Encoding', 'Content-Encoding': 'gzip', 'CF-Cache-Status': 'DYNAMIC', 'Report-To': '{"endpoints":[{"url":"https:\\/\\/a.nel.cloudflare.com\\/report\\/v4?s=ogVwjUUm2jKl56rZ1T9j%2By50Ahoe6grIYxAdV%2Fe%2FU%2FAdsRQTveHpnvD71TSzvNGdd4%2Bt8x7YSLjh2%2FD64IEVhT49VHZ%2F5r4E4G0jEa1pJaXxZBkINiNfG6zmoUBh%2BbEf"}],"group":"cf-nel","max_age":604800}', 'NEL': '{"success_fraction":0,"report_to":"cf-nel","max_age":604800}', 'Server': 'cloudflare', 'CF-RAY': '88fcbe5888681771-IAD', 'alt-svc': 'h3=":443"; ma=86400'} 
 body={"results":[{"gender":"female","name":{"title":"Madame","first":"Margaritha","last":"Renaud"},"location":{"street":{"number":4260,"name":"Boulevard de la Duchère"},"city":"Urdorf","state":"St. Gallen","country":"Switzerland","postcode":3486,"coordinates":{"latitude":"-60.5469","longitude":"126.6065"},"timezone":{"offset":"+9:00","description":"Tokyo, Seoul, Osaka, Sapporo, Yakutsk"}},"email":"margaritha.renaud@example.com","login":{"uuid":"ad5e62eb-4c35-4caa-bd84-81a54c417d1d","username":"crazyleopard205","password":"loretta","salt":"XlwYQOm2","md5":"8452165493bdc64dd4eba9961a6334ba","sha1":"57ffb305ce9d2c9c9c8354689f37f25a7b5a79a5","sha256":"942529a135b60e421e03fdee3de8e3ab92803d05f4bc7d8b10905f2986825656"},"dob":{"date":"1981-03-24T11:08:43.917Z","age":43},"registered":{"date":"2008-09-23T18:10:56.960Z","age":15},"phone":"075 480 88 51","cell":"078 089 35 93","id":{"name":"AVS","value":"756.7931.3371.92"},"picture":{"large":"https://randomuser.me/api/portraits/women/29.jpg","medium":"https://randomuser.me/api/portraits/med/women/29.jpg","thumbnail":"https://randomuser.me/api/portraits/thumb/women/29.jpg"},"nat":"CH"}],"info":{"seed":"b528dcaf555cb951","results":1,"page":1,"version":"1.4"}} 
 </msg>
<msg time="2024-06-07T01:07:08.331910" level="INFO">/opt/hostedtoolcache/Python/3.12.3/x64/lib/python3.12/site-packages/urllib3/connectionpool.py:1103: InsecureRequestWarning: Unverified HTTPS request is being made to host 'randomuser.me'. Adding certificate verification is strongly advised. See: https://urllib3.readthedocs.io/en/latest/advanced-usage.html#tls-warnings
  warnings.warn(</msg>
<msg time="2024-06-07T01:07:08.332041" level="INFO">${response} = &lt;Response [200]&gt;</msg>
<var>${response}</var>
<arg>consultarAPI</arg>
<arg>/api</arg>
<doc>Sends a GET request on a previously created HTTP Session.</doc>
<status status="PASS" start="2024-06-07T01:07:08.238107" elapsed="0.093973"/>
</kw>
<kw name="Set Variable" owner="BuiltIn">
<msg time="2024-06-07T01:07:08.332922" level="INFO">${json_data} = {'results': [{'gender': 'female', 'name': {'title': 'Madame', 'first': 'Margaritha', 'last': 'Renaud'}, 'location': {'street': {'number': 4260, 'name': 'Boulevard de la Duchère'}, 'city': 'Urdorf', 's...</msg>
<var>${json_data}</var>
<arg>${response.json()}</arg>
<doc>Returns the given values which can then be assigned to a variables.</doc>
<status status="PASS" start="2024-06-07T01:07:08.332461" elapsed="0.000492"/>
</kw>
<kw name="Log" owner="BuiltIn">
<msg time="2024-06-07T01:07:08.333430" level="INFO">{'results': [{'gender': 'female', 'name': {'title': 'Madame', 'first': 'Margaritha', 'last': 'Renaud'}, 'location': {'street': {'number': 4260, 'name': 'Boulevard de la Duchère'}, 'city': 'Urdorf', 'state': 'St. Gallen', 'country': 'Switzerland', 'postcode': 3486, 'coordinates': {'latitude': '-60.5469', 'longitude': '126.6065'}, 'timezone': {'offset': '+9:00', 'description': 'Tokyo, Seoul, Osaka, Sapporo, Yakutsk'}}, 'email': 'margaritha.renaud@example.com', 'login': {'uuid': 'ad5e62eb-4c35-4caa-bd84-81a54c417d1d', 'username': 'crazyleopard205', 'password': 'loretta', 'salt': 'XlwYQOm2', 'md5': '8452165493bdc64dd4eba9961a6334ba', 'sha1': '57ffb305ce9d2c9c9c8354689f37f25a7b5a79a5', 'sha256': '942529a135b60e421e03fdee3de8e3ab92803d05f4bc7d8b10905f2986825656'}, 'dob': {'date': '1981-03-24T11:08:43.917Z', 'age': 43}, 'registered': {'date': '2008-09-23T18:10:56.960Z', 'age': 15}, 'phone': '075 480 88 51', 'cell': '078 089 35 93', 'id': {'name': 'AVS', 'value': '756.7931.3371.92'}, 'picture': {'large': 'https://randomuser.me/api/portraits/women/29.jpg', 'medium': 'https://randomuser.me/api/portraits/med/women/29.jpg', 'thumbnail': 'https://randomuser.me/api/portraits/thumb/women/29.jpg'}, 'nat': 'CH'}], 'info': {'seed': 'b528dcaf555cb951', 'results': 1, 'page': 1, 'version': '1.4'}}</msg>
<arg>${json_data}</arg>
<doc>Logs the given message with the given level.</doc>
<status status="PASS" start="2024-06-07T01:07:08.333257" elapsed="0.000223"/>
</kw>
<kw name="Dictionary Should Contain Key" owner="Collections">
<msg time="2024-06-07T01:07:08.333945" level="INFO">False</msg>
<arg>${json_data}</arg>
<arg>results</arg>
<doc>Fails if ``key`` is not found from ``dictionary``.</doc>
<status status="PASS" start="2024-06-07T01:07:08.333780" elapsed="0.000201"/>
</kw>
<kw name="Should Not Be Empty" owner="BuiltIn">
<msg time="2024-06-07T01:07:08.334398" level="INFO">Length is 2.</msg>
<arg>${json_data}</arg>
<doc>Verifies that the given item is not empty.</doc>
<status status="PASS" start="2024-06-07T01:07:08.334269" elapsed="0.000166"/>
</kw>
<kw name="Create List" owner="BuiltIn">
<msg time="2024-06-07T01:07:08.334894" level="INFO">${expected_keys} = ['gender', 'name', 'location', 'email', 'login']</msg>
<var>${expected_keys}</var>
<arg>gender</arg>
<arg>name</arg>
<arg>location</arg>
<arg>email</arg>
<arg>login</arg>
<doc>Returns a list containing given items.</doc>
<status status="PASS" start="2024-06-07T01:07:08.334749" elapsed="0.000168"/>
</kw>
<for flavor="IN">
<iter>
<kw name="Dictionary Should Contain Key" owner="Collections">
<msg time="2024-06-07T01:07:08.335884" level="INFO">False</msg>
<arg>${json_data['results'][0]}</arg>
<arg>${key}</arg>
<doc>Fails if ``key`` is not found from ``dictionary``.</doc>
<status status="PASS" start="2024-06-07T01:07:08.335485" elapsed="0.000443"/>
</kw>
<kw name="Log" owner="BuiltIn">
<msg time="2024-06-07T01:07:08.336585" level="INFO">{'gender': 'female', 'name': {'title': 'Madame', 'first': 'Margaritha', 'last': 'Renaud'}, 'location': {'street': {'number': 4260, 'name': 'Boulevard de la Duchère'}, 'city': 'Urdorf', 'state': 'St. Gallen', 'country': 'Switzerland', 'postcode': 3486, 'coordinates': {'latitude': '-60.5469', 'longitude': '126.6065'}, 'timezone': {'offset': '+9:00', 'description': 'Tokyo, Seoul, Osaka, Sapporo, Yakutsk'}}, 'email': 'margaritha.renaud@example.com', 'login': {'uuid': 'ad5e62eb-4c35-4caa-bd84-81a54c417d1d', 'username': 'crazyleopard205', 'password': 'loretta', 'salt': 'XlwYQOm2', 'md5': '8452165493bdc64dd4eba9961a6334ba', 'sha1': '57ffb305ce9d2c9c9c8354689f37f25a7b5a79a5', 'sha256': '942529a135b60e421e03fdee3de8e3ab92803d05f4bc7d8b10905f2986825656'}, 'dob': {'date': '1981-03-24T11:08:43.917Z', 'age': 43}, 'registered': {'date': '2008-09-23T18:10:56.960Z', 'age': 15}, 'phone': '075 480 88 51', 'cell': '078 089 35 93', 'id': {'name': 'AVS', 'value': '756.7931.3371.92'}, 'picture': {'large': 'https://randomuser.me/api/portraits/women/29.jpg', 'medium': 'https://randomuser.me/api/portraits/med/women/29.jpg', 'thumbnail': 'https://randomuser.me/api/portraits/thumb/women/29.jpg'}, 'nat': 'CH'}</msg>
<arg>${json_data['results'][0]}</arg>
<doc>Logs the given message with the given level.</doc>
<status status="PASS" start="2024-06-07T01:07:08.336225" elapsed="0.000411"/>
</kw>
<kw name="Log" owner="BuiltIn">
<msg time="2024-06-07T01:07:08.337062" level="INFO">gender</msg>
<arg>${key}</arg>
<doc>Logs the given message with the given level.</doc>
<status status="PASS" start="2024-06-07T01:07:08.336933" elapsed="0.000165"/>
</kw>
<var name="${key}">gender</var>
<status status="PASS" start="2024-06-07T01:07:08.335354" elapsed="0.001957"/>
</iter>
<iter>
<kw name="Dictionary Should Contain Key" owner="Collections">
<msg time="2024-06-07T01:07:08.337991" level="INFO">False</msg>
<arg>${json_data['results'][0]}</arg>
<arg>${key}</arg>
<doc>Fails if ``key`` is not found from ``dictionary``.</doc>
<status status="PASS" start="2024-06-07T01:07:08.337609" elapsed="0.000452"/>
</kw>
<kw name="Log" owner="BuiltIn">
<msg time="2024-06-07T01:07:08.338768" level="INFO">{'gender': 'female', 'name': {'title': 'Madame', 'first': 'Margaritha', 'last': 'Renaud'}, 'location': {'street': {'number': 4260, 'name': 'Boulevard de la Duchère'}, 'city': 'Urdorf', 'state': 'St. Gallen', 'country': 'Switzerland', 'postcode': 3486, 'coordinates': {'latitude': '-60.5469', 'longitude': '126.6065'}, 'timezone': {'offset': '+9:00', 'description': 'Tokyo, Seoul, Osaka, Sapporo, Yakutsk'}}, 'email': 'margaritha.renaud@example.com', 'login': {'uuid': 'ad5e62eb-4c35-4caa-bd84-81a54c417d1d', 'username': 'crazyleopard205', 'password': 'loretta', 'salt': 'XlwYQOm2', 'md5': '8452165493bdc64dd4eba9961a6334ba', 'sha1': '57ffb305ce9d2c9c9c8354689f37f25a7b5a79a5', 'sha256': '942529a135b60e421e03fdee3de8e3ab92803d05f4bc7d8b10905f2986825656'}, 'dob': {'date': '1981-03-24T11:08:43.917Z', 'age': 43}, 'registered': {'date': '2008-09-23T18:10:56.960Z', 'age': 15}, 'phone': '075 480 88 51', 'cell': '078 089 35 93', 'id': {'name': 'AVS', 'value': '756.7931.3371.92'}, 'picture': {'large': 'https://randomuser.me/api/portraits/women/29.jpg', 'medium': 'https://randomuser.me/api/portraits/med/women/29.jpg', 'thumbnail': 'https://randomuser.me/api/portraits/thumb/women/29.jpg'}, 'nat': 'CH'}</msg>
<arg>${json_data['results'][0]}</arg>
<doc>Logs the given message with the given level.</doc>
<status status="PASS" start="2024-06-07T01:07:08.338356" elapsed="0.000463"/>
</kw>
<kw name="Log" owner="BuiltIn">
<msg time="2024-06-07T01:07:08.339243" level="INFO">name</msg>
<arg>${key}</arg>
<doc>Logs the given message with the given level.</doc>
<status status="PASS" start="2024-06-07T01:07:08.339115" elapsed="0.000165"/>
</kw>
<var name="${key}">name</var>
<status status="PASS" start="2024-06-07T01:07:08.337495" elapsed="0.002006"/>
</iter>
<iter>
<kw name="Dictionary Should Contain Key" owner="Collections">
<msg time="2024-06-07T01:07:08.340170" level="INFO">False</msg>
<arg>${json_data['results'][0]}</arg>
<arg>${key}</arg>
<doc>Fails if ``key`` is not found from ``dictionary``.</doc>
<status status="PASS" start="2024-06-07T01:07:08.339791" elapsed="0.000414"/>
</kw>
<kw name="Log" owner="BuiltIn">
<msg time="2024-06-07T01:07:08.340870" level="INFO">{'gender': 'female', 'name': {'title': 'Madame', 'first': 'Margaritha', 'last': 'Renaud'}, 'location': {'street': {'number': 4260, 'name': 'Boulevard de la Duchère'}, 'city': 'Urdorf', 'state': 'St. Gallen', 'country': 'Switzerland', 'postcode': 3486, 'coordinates': {'latitude': '-60.5469', 'longitude': '126.6065'}, 'timezone': {'offset': '+9:00', 'description': 'Tokyo, Seoul, Osaka, Sapporo, Yakutsk'}}, 'email': 'margaritha.renaud@example.com', 'login': {'uuid': 'ad5e62eb-4c35-4caa-bd84-81a54c417d1d', 'username': 'crazyleopard205', 'password': 'loretta', 'salt': 'XlwYQOm2', 'md5': '8452165493bdc64dd4eba9961a6334ba', 'sha1': '57ffb305ce9d2c9c9c8354689f37f25a7b5a79a5', 'sha256': '942529a135b60e421e03fdee3de8e3ab92803d05f4bc7d8b10905f2986825656'}, 'dob': {'date': '1981-03-24T11:08:43.917Z', 'age': 43}, 'registered': {'date': '2008-09-23T18:10:56.960Z', 'age': 15}, 'phone': '075 480 88 51', 'cell': '078 089 35 93', 'id': {'name': 'AVS', 'value': '756.7931.3371.92'}, 'picture': {'large': 'https://randomuser.me/api/portraits/women/29.jpg', 'medium': 'https://randomuser.me/api/portraits/med/women/29.jpg', 'thumbnail': 'https://randomuser.me/api/portraits/thumb/women/29.jpg'}, 'nat': 'CH'}</msg>
<arg>${json_data['results'][0]}</arg>
<doc>Logs the given message with the given level.</doc>
<status status="PASS" start="2024-06-07T01:07:08.340500" elapsed="0.000421"/>
</kw>
<kw name="Log" owner="BuiltIn">
<msg time="2024-06-07T01:07:08.341343" level="INFO">location</msg>
<arg>${key}</arg>
<doc>Logs the given message with the given level.</doc>
<status status="PASS" start="2024-06-07T01:07:08.341216" elapsed="0.000164"/>
</kw>
<var name="${key}">location</var>
<status status="PASS" start="2024-06-07T01:07:08.339677" elapsed="0.001916"/>
</iter>
<iter>
<kw name="Dictionary Should Contain Key" owner="Collections">
<msg time="2024-06-07T01:07:08.342425" level="INFO">False</msg>
<arg>${json_data['results'][0]}</arg>
<arg>${key}</arg>
<doc>Fails if ``key`` is not found from ``dictionary``.</doc>
<status status="PASS" start="2024-06-07T01:07:08.341874" elapsed="0.000590"/>
</kw>
<kw name="Log" owner="BuiltIn">
<msg time="2024-06-07T01:07:08.343161" level="INFO">{'gender': 'female', 'name': {'title': 'Madame', 'first': 'Margaritha', 'last': 'Renaud'}, 'location': {'street': {'number': 4260, 'name': 'Boulevard de la Duchère'}, 'city': 'Urdorf', 'state': 'St. Gallen', 'country': 'Switzerland', 'postcode': 3486, 'coordinates': {'latitude': '-60.5469', 'longitude': '126.6065'}, 'timezone': {'offset': '+9:00', 'description': 'Tokyo, Seoul, Osaka, Sapporo, Yakutsk'}}, 'email': 'margaritha.renaud@example.com', 'login': {'uuid': 'ad5e62eb-4c35-4caa-bd84-81a54c417d1d', 'username': 'crazyleopard205', 'password': 'loretta', 'salt': 'XlwYQOm2', 'md5': '8452165493bdc64dd4eba9961a6334ba', 'sha1': '57ffb305ce9d2c9c9c8354689f37f25a7b5a79a5', 'sha256': '942529a135b60e421e03fdee3de8e3ab92803d05f4bc7d8b10905f2986825656'}, 'dob': {'date': '1981-03-24T11:08:43.917Z', 'age': 43}, 'registered': {'date': '2008-09-23T18:10:56.960Z', 'age': 15}, 'phone': '075 480 88 51', 'cell': '078 089 35 93', 'id': {'name': 'AVS', 'value': '756.7931.3371.92'}, 'picture': {'large': 'https://randomuser.me/api/portraits/women/29.jpg', 'medium': 'https://randomuser.me/api/portraits/med/women/29.jpg', 'thumbnail': 'https://randomuser.me/api/portraits/thumb/women/29.jpg'}, 'nat': 'CH'}</msg>
<arg>${json_data['results'][0]}</arg>
<doc>Logs the given message with the given level.</doc>
<status status="PASS" start="2024-06-07T01:07:08.342795" elapsed="0.000417"/>
</kw>
<kw name="Log" owner="BuiltIn">
<msg time="2024-06-07T01:07:08.343663" level="INFO">email</msg>
<arg>${key}</arg>
<doc>Logs the given message with the given level.</doc>
<status status="PASS" start="2024-06-07T01:07:08.343532" elapsed="0.000168"/>
</kw>
<var name="${key}">email</var>
<status status="PASS" start="2024-06-07T01:07:08.341764" elapsed="0.002159"/>
</iter>
<iter>
<kw name="Dictionary Should Contain Key" owner="Collections">
<msg time="2024-06-07T01:07:08.344586" level="INFO">False</msg>
<arg>${json_data['results'][0]}</arg>
<arg>${key}</arg>
<doc>Fails if ``key`` is not found from ``dictionary``.</doc>
<status status="PASS" start="2024-06-07T01:07:08.344208" elapsed="0.000413"/>
</kw>
<kw name="Log" owner="BuiltIn">
<msg time="2024-06-07T01:07:08.345327" level="INFO">{'gender': 'female', 'name': {'title': 'Madame', 'first': 'Margaritha', 'last': 'Renaud'}, 'location': {'street': {'number': 4260, 'name': 'Boulevard de la Duchère'}, 'city': 'Urdorf', 'state': 'St. Gallen', 'country': 'Switzerland', 'postcode': 3486, 'coordinates': {'latitude': '-60.5469', 'longitude': '126.6065'}, 'timezone': {'offset': '+9:00', 'description': 'Tokyo, Seoul, Osaka, Sapporo, Yakutsk'}}, 'email': 'margaritha.renaud@example.com', 'login': {'uuid': 'ad5e62eb-4c35-4caa-bd84-81a54c417d1d', 'username': 'crazyleopard205', 'password': 'loretta', 'salt': 'XlwYQOm2', 'md5': '8452165493bdc64dd4eba9961a6334ba', 'sha1': '57ffb305ce9d2c9c9c8354689f37f25a7b5a79a5', 'sha256': '942529a135b60e421e03fdee3de8e3ab92803d05f4bc7d8b10905f2986825656'}, 'dob': {'date': '1981-03-24T11:08:43.917Z', 'age': 43}, 'registered': {'date': '2008-09-23T18:10:56.960Z', 'age': 15}, 'phone': '075 480 88 51', 'cell': '078 089 35 93', 'id': {'name': 'AVS', 'value': '756.7931.3371.92'}, 'picture': {'large': 'https://randomuser.me/api/portraits/women/29.jpg', 'medium': 'https://randomuser.me/api/portraits/med/women/29.jpg', 'thumbnail': 'https://randomuser.me/api/portraits/thumb/women/29.jpg'}, 'nat': 'CH'}</msg>
<arg>${json_data['results'][0]}</arg>
<doc>Logs the given message with the given level.</doc>
<status status="PASS" start="2024-06-07T01:07:08.344911" elapsed="0.000467"/>
</kw>
<kw name="Log" owner="BuiltIn">
<msg time="2024-06-07T01:07:08.345834" level="INFO">login</msg>
<arg>${key}</arg>
<doc>Logs the given message with the given level.</doc>
<status status="PASS" start="2024-06-07T01:07:08.345703" elapsed="0.000169"/>
</kw>
<var name="${key}">login</var>
<status status="PASS" start="2024-06-07T01:07:08.344096" elapsed="0.001992"/>
</iter>
<var>${key}</var>
<value>@{expected_keys}</value>
<status status="PASS" start="2024-06-07T01:07:08.335171" elapsed="0.011038"/>
</for>
<kw name="Create List" owner="BuiltIn">
<msg time="2024-06-07T01:07:08.346572" level="INFO">${expected_keysTwo} = ['username', 'password']</msg>
<var>${expected_keysTwo}</var>
<arg>username</arg>
<arg>password</arg>
<doc>Returns a list containing given items.</doc>
<status status="PASS" start="2024-06-07T01:07:08.346395" elapsed="0.000203"/>
</kw>
<for flavor="IN">
<iter>
<kw name="Dictionary Should Contain Key" owner="Collections">
<msg time="2024-06-07T01:07:08.347477" level="INFO">False</msg>
<arg>${json_data['results'][0]['login']}</arg>
<arg>${keyTwo}</arg>
<doc>Fails if ``key`` is not found from ``dictionary``.</doc>
<status status="PASS" start="2024-06-07T01:07:08.347094" elapsed="0.000419"/>
</kw>
<kw name="Dictionary Should Contain Key" owner="Collections">
<msg time="2024-06-07T01:07:08.348188" level="INFO">False</msg>
<arg>${json_data['results'][0]['login']}</arg>
<arg>${keyTwo}</arg>
<doc>Fails if ``key`` is not found from ``dictionary``.</doc>
<status status="PASS" start="2024-06-07T01:07:08.347801" elapsed="0.000423"/>
</kw>
<kw name="Log" owner="BuiltIn">
<msg time="2024-06-07T01:07:08.348641" level="INFO">username</msg>
<arg>${keyTwo}</arg>
<doc>Logs the given message with the given level.</doc>
<status status="PASS" start="2024-06-07T01:07:08.348515" elapsed="0.000162"/>
</kw>
<var name="${keyTwo}">username</var>
<status status="PASS" start="2024-06-07T01:07:08.346985" elapsed="0.001903"/>
</iter>
<iter>
<kw name="Dictionary Should Contain Key" owner="Collections">
<msg time="2024-06-07T01:07:08.349568" level="INFO">False</msg>
<arg>${json_data['results'][0]['login']}</arg>
<arg>${keyTwo}</arg>
<doc>Fails if ``key`` is not found from ``dictionary``.</doc>
<status status="PASS" start="2024-06-07T01:07:08.349200" elapsed="0.000405"/>
</kw>
<kw name="Dictionary Should Contain Key" owner="Collections">
<msg time="2024-06-07T01:07:08.350267" level="INFO">False</msg>
<arg>${json_data['results'][0]['login']}</arg>
<arg>${keyTwo}</arg>
<doc>Fails if ``key`` is not found from ``dictionary``.</doc>
<status status="PASS" start="2024-06-07T01:07:08.349889" elapsed="0.000414"/>
</kw>
<kw name="Log" owner="BuiltIn">
<msg time="2024-06-07T01:07:08.350739" level="INFO">password</msg>
<arg>${keyTwo}</arg>
<doc>Logs the given message with the given level.</doc>
<status status="PASS" start="2024-06-07T01:07:08.350612" elapsed="0.000163"/>
</kw>
<var name="${keyTwo}">password</var>
<status status="PASS" start="2024-06-07T01:07:08.349089" elapsed="0.001897"/>
</iter>
<var>${keyTwo}</var>
<value>@{expected_keysTwo}</value>
<status status="PASS" start="2024-06-07T01:07:08.346836" elapsed="0.004269"/>
</for>
<status status="PASS" start="2024-06-07T01:07:08.237768" elapsed="0.113473"/>
</kw>
<doc>Testa a estrutura da resposta da API.</doc>
<tag>testeEstruturaResposta</tag>
<status status="PASS" start="2024-06-07T01:07:08.237000" elapsed="0.114391"/>
</test>
<test id="s1-s1-t4" name="Validar tipos de dados" line="28">
<kw name="Teste de Tipos de Dados" owner="random-user-service">
<kw name="GET On Session" owner="RequestsLibrary">
<msg time="2024-06-07T01:07:08.430217" level="INFO">GET Request : url=https://randomuser.me/api 
 path_url=/api 
 headers={'User-Agent': 'python-requests/2.32.3', 'Accept-Encoding': 'gzip, deflate', 'Accept': '*/*', 'Connection': 'keep-alive'} 
 body=None 
 </msg>
<msg time="2024-06-07T01:07:08.430303" level="INFO">GET Response : url=https://randomuser.me/api 
 status=200, reason=OK 
 headers={'Date': 'Fri, 07 Jun 2024 01:07:08 GMT', 'Content-Type': 'application/json; charset=utf-8', 'Transfer-Encoding': 'chunked', 'Connection': 'keep-alive', 'X-Powered-By': 'Express', 'Access-Control-Allow-Origin': '*', 'Cache-Control': 'no-cache', 'ETag': 'W/"48c-tnkPwGr5LN7xzaq1ZEoDDMR0Xx4"', 'Vary': 'Accept-Encoding', 'Content-Encoding': 'gzip', 'CF-Cache-Status': 'DYNAMIC', 'Report-To': '{"endpoints":[{"url":"https:\\/\\/a.nel.cloudflare.com\\/report\\/v4?s=iCbv4ZEYONOnu5517O50s08MMv%2Ba9JcEzLeV6o61rAyubT42FZCRNB2L03OFQF32uCfMtbCM%2BIDwnoD4e0wvBLaDMZWKSgqEhzdSGduKNtrkj7OYzhRCa5H8oRr1V%2FnY"}],"group":"cf-nel","max_age":604800}', 'NEL': '{"success_fraction":0,"report_to":"cf-nel","max_age":604800}', 'Server': 'cloudflare', 'CF-RAY': '88fcbe5939001771-IAD', 'alt-svc': 'h3=":443"; ma=86400'} 
 body={"results":[{"gender":"male","name":{"title":"Mr","first":"Slavuta","last":"Kozickiy"},"location":{"street":{"number":2780,"name":"Listyaniy provulok"},"city":"Borshchiv","state":"Zakarpatska","country":"Ukraine","postcode":93232,"coordinates":{"latitude":"78.0916","longitude":"-158.7740"},"timezone":{"offset":"-1:00","description":"Azores, Cape Verde Islands"}},"email":"slavuta.kozickiy@example.com","login":{"uuid":"d664814e-fcbb-4ff8-b39b-43f8b6175158","username":"organicpanda373","password":"chevy1","salt":"7XTS89HD","md5":"ced1b86d03107e56677780cd562996b0","sha1":"2b6b3af4e10a913c7108a8d424ed72faf1db4053","sha256":"61699b5659da6dbde55f612651ab58e66775a1c2ab6c850d9a90bc29c5eea703"},"dob":{"date":"1957-01-16T03:40:00.499Z","age":67},"registered":{"date":"2022-01-31T11:36:12.445Z","age":2},"phone":"(098) K14-3035","cell":"(068) F17-8851","id":{"name":"","value":null},"picture":{"large":"https://randomuser.me/api/portraits/men/52.jpg","medium":"https://randomuser.me/api/portraits/med/men/52.jpg","thumbnail":"https://randomuser.me/api/portraits/thumb/men/52.jpg"},"nat":"UA"}],"info":{"seed":"e8eefeb6af6b60e0","results":1,"page":1,"version":"1.4"}} 
 </msg>
<msg time="2024-06-07T01:07:08.430376" level="INFO">/opt/hostedtoolcache/Python/3.12.3/x64/lib/python3.12/site-packages/urllib3/connectionpool.py:1103: InsecureRequestWarning: Unverified HTTPS request is being made to host 'randomuser.me'. Adding certificate verification is strongly advised. See: https://urllib3.readthedocs.io/en/latest/advanced-usage.html#tls-warnings
  warnings.warn(</msg>
<msg time="2024-06-07T01:07:08.430523" level="INFO">${response} = &lt;Response [200]&gt;</msg>
<var>${response}</var>
<arg>consultarAPI</arg>
<arg>/api</arg>
<doc>Sends a GET request on a previously created HTTP Session.</doc>
<status status="PASS" start="2024-06-07T01:07:08.353880" elapsed="0.076685"/>
</kw>
<kw name="Set Variable" owner="BuiltIn">
<msg time="2024-06-07T01:07:08.431518" level="INFO">${json_data} = {'results': [{'gender': 'male', 'name': {'title': 'Mr', 'first': 'Slavuta', 'last': 'Kozickiy'}, 'location': {'street': {'number': 2780, 'name': 'Listyaniy provulok'}, 'city': 'Borshchiv', 'state': 'Z...</msg>
<var>${json_data}</var>
<arg>${response.json()}</arg>
<doc>Returns the given values which can then be assigned to a variables.</doc>
<status status="PASS" start="2024-06-07T01:07:08.431043" elapsed="0.000503"/>
</kw>
<kw name="Log" owner="BuiltIn">
<msg time="2024-06-07T01:07:08.432010" level="INFO">{'results': [{'gender': 'male', 'name': {'title': 'Mr', 'first': 'Slavuta', 'last': 'Kozickiy'}, 'location': {'street': {'number': 2780, 'name': 'Listyaniy provulok'}, 'city': 'Borshchiv', 'state': 'Zakarpatska', 'country': 'Ukraine', 'postcode': 93232, 'coordinates': {'latitude': '78.0916', 'longitude': '-158.7740'}, 'timezone': {'offset': '-1:00', 'description': 'Azores, Cape Verde Islands'}}, 'email': 'slavuta.kozickiy@example.com', 'login': {'uuid': 'd664814e-fcbb-4ff8-b39b-43f8b6175158', 'username': 'organicpanda373', 'password': 'chevy1', 'salt': '7XTS89HD', 'md5': 'ced1b86d03107e56677780cd562996b0', 'sha1': '2b6b3af4e10a913c7108a8d424ed72faf1db4053', 'sha256': '61699b5659da6dbde55f612651ab58e66775a1c2ab6c850d9a90bc29c5eea703'}, 'dob': {'date': '1957-01-16T03:40:00.499Z', 'age': 67}, 'registered': {'date': '2022-01-31T11:36:12.445Z', 'age': 2}, 'phone': '(098) K14-3035', 'cell': '(068) F17-8851', 'id': {'name': '', 'value': None}, 'picture': {'large': 'https://randomuser.me/api/portraits/men/52.jpg', 'medium': 'https://randomuser.me/api/portraits/med/men/52.jpg', 'thumbnail': 'https://randomuser.me/api/portraits/thumb/men/52.jpg'}, 'nat': 'UA'}], 'info': {'seed': 'e8eefeb6af6b60e0', 'results': 1, 'page': 1, 'version': '1.4'}}</msg>
<arg>${json_data}</arg>
<doc>Logs the given message with the given level.</doc>
<status status="PASS" start="2024-06-07T01:07:08.431854" elapsed="0.000239"/>
</kw>
<kw name="Should Be String" owner="String">
<arg>${json_data['results'][0]['gender']}</arg>
<doc>Fails if the given ``item`` is not a string.</doc>
<status status="PASS" start="2024-06-07T01:07:08.432389" elapsed="0.000365"/>
</kw>
<kw name="Should Match Regexp" owner="BuiltIn">
<arg>${json_data['results'][0]['email']}</arg>
<arg>^[a-zA-Z0-9._%+-]+@[a-zA-Z0-9.-]+\.[a-zA-Z]{2,}$</arg>
<doc>Fails if ``string`` does not match ``pattern`` as a regular expression.</doc>
<status status="PASS" start="2024-06-07T01:07:08.432947" elapsed="0.000641"/>
</kw>
<kw name="Should Match Regexp" owner="BuiltIn">
<arg>${json_data['results'][0]['dob']['date']}</arg>
<arg>\\d{4}-\\d{2}-\\d{2}T\\d{2}:\\d{2}:\\d{2}\\.\\d{3}Z</arg>
<doc>Fails if ``string`` does not match ``pattern`` as a regular expression.</doc>
<status status="PASS" start="2024-06-07T01:07:08.433789" elapsed="0.000487"/>
</kw>
<kw name="Should Match Regexp" owner="BuiltIn">
<arg>${json_data['results'][0]['registered']['date']}</arg>
<arg>\\d{4}-\\d{2}-\\d{2}T\\d{2}:\\d{2}:\\d{2}\\.\\d{3}Z</arg>
<doc>Fails if ``string`` does not match ``pattern`` as a regular expression.</doc>
<status status="PASS" start="2024-06-07T01:07:08.434472" elapsed="0.000419"/>
</kw>
<kw name="Should Match Regexp" owner="BuiltIn">
<arg>${json_data['results'][0]['picture']['large']}</arg>
<arg>^https?://.*\.(?:png|jpe?g|gif|bmp)$</arg>
<doc>Fails if ``string`` does not match ``pattern`` as a regular expression.</doc>
<status status="PASS" start="2024-06-07T01:07:08.435085" elapsed="0.000472"/>
</kw>
<kw name="Should Match Regexp" owner="BuiltIn">
<arg>${json_data['results'][0]['picture']['medium']}</arg>
<arg>^https?://.*\.(?:png|jpe?g|gif|bmp)$</arg>
<doc>Fails if ``string`` does not match ``pattern`` as a regular expression.</doc>
<status status="PASS" start="2024-06-07T01:07:08.435751" elapsed="0.000354"/>
</kw>
<kw name="Should Match Regexp" owner="BuiltIn">
<arg>${json_data['results'][0]['picture']['thumbnail']}</arg>
<arg>^https?://.*\.(?:png|jpe?g|gif|bmp)$</arg>
<doc>Fails if ``string`` does not match ``pattern`` as a regular expression.</doc>
<status status="PASS" start="2024-06-07T01:07:08.436293" elapsed="0.000349"/>
</kw>
<kw name="Log" owner="BuiltIn">
<msg time="2024-06-07T01:07:08.437153" level="INFO">{'large': 'https://randomuser.me/api/portraits/men/52.jpg', 'medium': 'https://randomuser.me/api/portraits/med/men/52.jpg', 'thumbnail': 'https://randomuser.me/api/portraits/thumb/men/52.jpg'}</msg>
<arg>${json_data['results'][0]['picture']}</arg>
<doc>Logs the given message with the given level.</doc>
<status status="PASS" start="2024-06-07T01:07:08.436824" elapsed="0.000371"/>
</kw>
<status status="PASS" start="2024-06-07T01:07:08.353636" elapsed="0.083810"/>
</kw>
<kw name="Teste de Tipos de Dados - Postcode" owner="random-user-service">
<kw name="GET On Session" owner="RequestsLibrary">
<msg time="2024-06-07T01:07:08.536353" level="INFO">GET Request : url=https://randomuser.me/api 
 path_url=/api 
 headers={'User-Agent': 'python-requests/2.32.3', 'Accept-Encoding': 'gzip, deflate', 'Accept': '*/*', 'Connection': 'keep-alive'} 
 body=None 
 </msg>
<msg time="2024-06-07T01:07:08.536438" level="INFO">GET Response : url=https://randomuser.me/api 
 status=200, reason=OK 
 headers={'Date': 'Fri, 07 Jun 2024 01:07:08 GMT', 'Content-Type': 'application/json; charset=utf-8', 'Transfer-Encoding': 'chunked', 'Connection': 'keep-alive', 'X-Powered-By': 'Express', 'Access-Control-Allow-Origin': '*', 'Cache-Control': 'no-cache', 'ETag': 'W/"49d-qhVLpyLRmotY52ZBWkLlDjyxZug"', 'Vary': 'Accept-Encoding', 'Content-Encoding': 'gzip', 'CF-Cache-Status': 'DYNAMIC', 'Report-To': '{"endpoints":[{"url":"https:\\/\\/a.nel.cloudflare.com\\/report\\/v4?s=uPsWwclHmAPUD775Darbtb6z66rBrpia5bg9qoK2ieW%2BNaDhj4XxzNdFwfmOkquyWa4NSoxesGLPFCgAUL4A14NWeDi1OJ3N%2BZYMTfLohFaJHrkKzEugb6x3BgQXjwM7"}],"group":"cf-nel","max_age":604800}', 'NEL': '{"success_fraction":0,"report_to":"cf-nel","max_age":604800}', 'Server': 'cloudflare', 'CF-RAY': '88fcbe59c94e1771-IAD', 'alt-svc': 'h3=":443"; ma=86400'} 
 body={"results":[{"gender":"male","name":{"title":"Mr","first":"Fabien","last":"Dubois"},"location":{"street":{"number":1169,"name":"Rue Paul Bert"},"city":"Asnières-sur-Seine","state":"Côtes-D'Armor","country":"France","postcode":71241,"coordinates":{"latitude":"-17.9700","longitude":"-177.6858"},"timezone":{"offset":"+6:00","description":"Almaty, Dhaka, Colombo"}},"email":"fabien.dubois@example.com","login":{"uuid":"43c1f13a-5035-44b3-9951-3b81fea8047c","username":"greenbutterfly304","password":"mandy1","salt":"wcowpSmY","md5":"8a1e41991764e0160bc5d1f35a8af55f","sha1":"3487a01d471de3b24cc73831d09b25873fecc634","sha256":"499bc9398b6f0ec5c93daf2c74b6124ee6fff628692afd3615306e60d6eb9a43"},"dob":{"date":"1986-02-16T06:41:28.736Z","age":38},"registered":{"date":"2013-01-10T05:39:07.541Z","age":11},"phone":"05-96-50-24-77","cell":"06-24-43-16-83","id":{"name":"INSEE","value":"1860175963784 40"},"picture":{"large":"https://randomuser.me/api/portraits/men/7.jpg","medium":"https://randomuser.me/api/portraits/med/men/7.jpg","thumbnail":"https://randomuser.me/api/portraits/thumb/men/7.jpg"},"nat":"FR"}],"info":{"seed":"b7ec87b361041ab7","results":1,"page":1,"version":"1.4"}} 
 </msg>
<msg time="2024-06-07T01:07:08.536505" level="INFO">/opt/hostedtoolcache/Python/3.12.3/x64/lib/python3.12/site-packages/urllib3/connectionpool.py:1103: InsecureRequestWarning: Unverified HTTPS request is being made to host 'randomuser.me'. Adding certificate verification is strongly advised. See: https://urllib3.readthedocs.io/en/latest/advanced-usage.html#tls-warnings
  warnings.warn(</msg>
<msg time="2024-06-07T01:07:08.536608" level="INFO">${response} = &lt;Response [200]&gt;</msg>
<var>${response}</var>
<arg>consultarAPI</arg>
<arg>/api</arg>
<doc>Sends a GET request on a previously created HTTP Session.</doc>
<status status="PASS" start="2024-06-07T01:07:08.437880" elapsed="0.098759"/>
</kw>
<kw name="Set Variable" owner="BuiltIn">
<msg time="2024-06-07T01:07:08.537472" level="INFO">${json_data} = {'results': [{'gender': 'male', 'name': {'title': 'Mr', 'first': 'Fabien', 'last': 'Dubois'}, 'location': {'street': {'number': 1169, 'name': 'Rue Paul Bert'}, 'city': 'Asnières-sur-Seine', 'state': "...</msg>
<var>${json_data}</var>
<arg>${response.json()}</arg>
<doc>Returns the given values which can then be assigned to a variables.</doc>
<status status="PASS" start="2024-06-07T01:07:08.537018" elapsed="0.000482"/>
</kw>
<kw name="Log" owner="BuiltIn">
<msg time="2024-06-07T01:07:08.537958" level="INFO">{'results': [{'gender': 'male', 'name': {'title': 'Mr', 'first': 'Fabien', 'last': 'Dubois'}, 'location': {'street': {'number': 1169, 'name': 'Rue Paul Bert'}, 'city': 'Asnières-sur-Seine', 'state': "Côtes-D'Armor", 'country': 'France', 'postcode': 71241, 'coordinates': {'latitude': '-17.9700', 'longitude': '-177.6858'}, 'timezone': {'offset': '+6:00', 'description': 'Almaty, Dhaka, Colombo'}}, 'email': 'fabien.dubois@example.com', 'login': {'uuid': '43c1f13a-5035-44b3-9951-3b81fea8047c', 'username': 'greenbutterfly304', 'password': 'mandy1', 'salt': 'wcowpSmY', 'md5': '8a1e41991764e0160bc5d1f35a8af55f', 'sha1': '3487a01d471de3b24cc73831d09b25873fecc634', 'sha256': '499bc9398b6f0ec5c93daf2c74b6124ee6fff628692afd3615306e60d6eb9a43'}, 'dob': {'date': '1986-02-16T06:41:28.736Z', 'age': 38}, 'registered': {'date': '2013-01-10T05:39:07.541Z', 'age': 11}, 'phone': '05-96-50-24-77', 'cell': '06-24-43-16-83', 'id': {'name': 'INSEE', 'value': '1860175963784 40'}, 'picture': {'large': 'https://randomuser.me/api/portraits/men/7.jpg', 'medium': 'https://randomuser.me/api/portraits/med/men/7.jpg', 'thumbnail': 'https://randomuser.me/api/portraits/thumb/men/7.jpg'}, 'nat': 'FR'}], 'info': {'seed': 'b7ec87b361041ab7', 'results': 1, 'page': 1, 'version': '1.4'}}</msg>
<arg>${json_data}</arg>
<doc>Logs the given message with the given level.</doc>
<status status="PASS" start="2024-06-07T01:07:08.537804" elapsed="0.000231"/>
</kw>
<kw name="Should Be Equal As Numbers" owner="BuiltIn">
<arg>${json_data['results'][0]['location']['postcode']}</arg>
<arg>${json_data['results'][0]['location']['postcode']}</arg>
<doc>Fails if objects are unequal after converting them to real numbers.</doc>
<status status="PASS" start="2024-06-07T01:07:08.538332" elapsed="0.000660"/>
</kw>
<kw name="Log" owner="BuiltIn">
<msg time="2024-06-07T01:07:08.539517" level="INFO">71241</msg>
<arg>${json_data['results'][0]['location']['postcode']}</arg>
<doc>Logs the given message with the given level.</doc>
<status status="PASS" start="2024-06-07T01:07:08.539184" elapsed="0.000373"/>
</kw>
<status status="PASS" start="2024-06-07T01:07:08.437660" elapsed="0.102145"/>
</kw>
<doc>Testa se os tipos de dados na resposta da API estão corretos.</doc>
<tag>testeTiposDados</tag>
<status status="PASS" start="2024-06-07T01:07:08.353102" elapsed="0.186863"/>
</test>
<test id="s1-s1-t5" name="Validar conteudo" line="35">
<kw name="Teste de Tipos de Conteudo" owner="random-user-service">
<kw name="GET On Session" owner="RequestsLibrary">
<msg time="2024-06-07T01:07:08.631361" level="INFO">GET Request : url=https://randomuser.me/api 
 path_url=/api 
 headers={'User-Agent': 'python-requests/2.32.3', 'Accept-Encoding': 'gzip, deflate', 'Accept': '*/*', 'Connection': 'keep-alive'} 
 body=None 
 </msg>
<msg time="2024-06-07T01:07:08.631452" level="INFO">GET Response : url=https://randomuser.me/api 
 status=200, reason=OK 
 headers={'Date': 'Fri, 07 Jun 2024 01:07:08 GMT', 'Content-Type': 'application/json; charset=utf-8', 'Transfer-Encoding': 'chunked', 'Connection': 'keep-alive', 'X-Powered-By': 'Express', 'Access-Control-Allow-Origin': '*', 'Cache-Control': 'no-cache', 'ETag': 'W/"498-Ezd43V/tdt/9YH+FV08ckW6wsX8"', 'Vary': 'Accept-Encoding', 'Content-Encoding': 'gzip', 'CF-Cache-Status': 'DYNAMIC', 'Report-To': '{"endpoints":[{"url":"https:\\/\\/a.nel.cloudflare.com\\/report\\/v4?s=FdQiKumLsMLC0eUTLpLpwvKixAdiSYRWeBYtyXW2rATpWwfl5wJUDVvMvQ0ZYXPZEYcmPdG%2BeV6uBlPjlUckSBJU%2BNMs%2BxhqmJJd1gBh5kiacnwKVp4Wo4eHDAffrBvO"}],"group":"cf-nel","max_age":604800}', 'NEL': '{"success_fraction":0,"report_to":"cf-nel","max_age":604800}', 'Server': 'cloudflare', 'CF-RAY': '88fcbe5a69bc1771-IAD', 'alt-svc': 'h3=":443"; ma=86400'} 
 body={"results":[{"gender":"female","name":{"title":"Mrs","first":"Feliksa","last":"Durdinec"},"location":{"street":{"number":8954,"name":"Demnyanska"},"city":"Pershotravensk","state":"Sumska","country":"Ukraine","postcode":28893,"coordinates":{"latitude":"77.5479","longitude":"73.7092"},"timezone":{"offset":"-4:00","description":"Atlantic Time (Canada), Caracas, La Paz"}},"email":"feliksa.durdinec@example.com","login":{"uuid":"e494e4ab-3229-4960-9b7d-8f40f79ab406","username":"ticklishlion985","password":"jerry","salt":"jiLLAaxR","md5":"2dcab965c5f32bf8421dd17944663251","sha1":"57b21d18e411c8a87c9e15837f2f168ac4a114f7","sha256":"9eb567a77f31c4b5b4f5e5d5e07cf307c2c6ac465b504ced985e22aefb780466"},"dob":{"date":"1959-04-24T16:02:42.873Z","age":65},"registered":{"date":"2002-12-14T20:48:03.730Z","age":21},"phone":"(096) P67-2032","cell":"(098) V66-8175","id":{"name":"","value":null},"picture":{"large":"https://randomuser.me/api/portraits/women/96.jpg","medium":"https://randomuser.me/api/portraits/med/women/96.jpg","thumbnail":"https://randomuser.me/api/portraits/thumb/women/96.jpg"},"nat":"UA"}],"info":{"seed":"db6c9c5f9acc2a05","results":1,"page":1,"version":"1.4"}} 
 </msg>
<msg time="2024-06-07T01:07:08.631525" level="INFO">/opt/hostedtoolcache/Python/3.12.3/x64/lib/python3.12/site-packages/urllib3/connectionpool.py:1103: InsecureRequestWarning: Unverified HTTPS request is being made to host 'randomuser.me'. Adding certificate verification is strongly advised. See: https://urllib3.readthedocs.io/en/latest/advanced-usage.html#tls-warnings
  warnings.warn(</msg>
<msg time="2024-06-07T01:07:08.631652" level="INFO">${response} = &lt;Response [200]&gt;</msg>
<var>${response}</var>
<arg>consultarAPI</arg>
<arg>/api</arg>
<doc>Sends a GET request on a previously created HTTP Session.</doc>
<status status="PASS" start="2024-06-07T01:07:08.542324" elapsed="0.089374"/>
</kw>
<kw name="Set Variable" owner="BuiltIn">
<msg time="2024-06-07T01:07:08.632641" level="INFO">${json_data} = {'results': [{'gender': 'female', 'name': {'title': 'Mrs', 'first': 'Feliksa', 'last': 'Durdinec'}, 'location': {'street': {'number': 8954, 'name': 'Demnyanska'}, 'city': 'Pershotravensk', 'state': 'S...</msg>
<var>${json_data}</var>
<arg>${response.json()}</arg>
<doc>Returns the given values which can then be assigned to a variables.</doc>
<status status="PASS" start="2024-06-07T01:07:08.632151" elapsed="0.000521"/>
</kw>
<kw name="Set Variable" owner="BuiltIn">
<msg time="2024-06-07T01:07:08.633392" level="INFO">${name_title} = Mrs</msg>
<var>${name_title}</var>
<arg>${json_data["results"][0]["name"]["title"]}</arg>
<doc>Returns the given values which can then be assigned to a variables.</doc>
<status status="PASS" start="2024-06-07T01:07:08.632996" elapsed="0.000422"/>
</kw>
<kw name="Create List" owner="BuiltIn">
<msg time="2024-06-07T01:07:08.633880" level="INFO">${allowed_titles} = ['Mr', 'Ms', 'Miss', 'Mrs', 'Madame', 'Monsieur']</msg>
<var>${allowed_titles}</var>
<arg>Mr</arg>
<arg>Ms</arg>
<arg>Miss</arg>
<arg>Mrs</arg>
<arg>Madame</arg>
<arg>Monsieur</arg>
<doc>Returns a list containing given items.</doc>
<status status="PASS" start="2024-06-07T01:07:08.633725" elapsed="0.000180"/>
</kw>
<kw name="List Should Contain Value" owner="Collections">
<msg time="2024-06-07T01:07:08.634400" level="INFO">False</msg>
<arg>${allowed_titles}</arg>
<arg>${name_title}</arg>
<doc>Fails if the ``value`` is not found from ``list``.</doc>
<status status="PASS" start="2024-06-07T01:07:08.634214" elapsed="0.000224"/>
</kw>
<kw name="Set Variable" owner="BuiltIn">
<msg time="2024-06-07T01:07:08.635333" level="INFO">${name_country} = UA</msg>
<var>${name_country}</var>
<arg>${json_data["results"][0]["nat"]}</arg>
<doc>Returns the given values which can then be assigned to a variables.</doc>
<status status="PASS" start="2024-06-07T01:07:08.634790" elapsed="0.000569"/>
</kw>
<kw name="Create List" owner="BuiltIn">
<msg time="2024-06-07T01:07:08.636263" level="INFO">${list_country} = ['AD', 'AE', 'AF', 'AG', 'AI', 'AL', 'AM', 'AO', 'AQ', 'AR', 'AS', 'AT', 'AU', 'AW', 'AX', 'AZ', 'BA', 'BB', 'BD', 'BE', 'BF', 'BG', 'BH', 'BI', 'BJ', 'BL', 'BM', 'BN', 'BO', 'BQ', 'BR', 'BS', 'BT', '...</msg>
<var>${list_country}</var>
<arg>AD</arg>
<arg>AE</arg>
<arg>AF</arg>
<arg>AG</arg>
<arg>AI</arg>
<arg>AL</arg>
<arg>AM</arg>
<arg>AO</arg>
<arg>AQ</arg>
<arg>AR</arg>
<arg>AS</arg>
<arg>AT</arg>
<arg>AU</arg>
<arg>AW</arg>
<arg>AX</arg>
<arg>AZ</arg>
<arg>BA</arg>
<arg>BB</arg>
<arg>BD</arg>
<arg>BE</arg>
<arg>BF</arg>
<arg>BG</arg>
<arg>BH</arg>
<arg>BI</arg>
<arg>BJ</arg>
<arg>BL</arg>
<arg>BM</arg>
<arg>BN</arg>
<arg>BO</arg>
<arg>BQ</arg>
<arg>BR</arg>
<arg>BS</arg>
<arg>BT</arg>
<arg>BV</arg>
<arg>BW</arg>
<arg>BY</arg>
<arg>BZ</arg>
<arg>CA</arg>
<arg>CC</arg>
<arg>CD</arg>
<arg>CF</arg>
<arg>CG</arg>
<arg>CH</arg>
<arg>CI</arg>
<arg>CK</arg>
<arg>CL</arg>
<arg>CM</arg>
<arg>CN</arg>
<arg>CO</arg>
<arg>CR</arg>
<arg>CU</arg>
<arg>CV</arg>
<arg>CW</arg>
<arg>CX</arg>
<arg>CY</arg>
<arg>CZ</arg>
<arg>DE</arg>
<arg>DJ</arg>
<arg>DK</arg>
<arg>DM</arg>
<arg>DO</arg>
<arg>DZ</arg>
<arg>EC</arg>
<arg>EE</arg>
<arg>EG</arg>
<arg>EH</arg>
<arg>ER</arg>
<arg>ES</arg>
<arg>ET</arg>
<arg>FI</arg>
<arg>FJ</arg>
<arg>FK</arg>
<arg>FM</arg>
<arg>FO</arg>
<arg>FR</arg>
<arg>GA</arg>
<arg>GB</arg>
<arg>GD</arg>
<arg>GE</arg>
<arg>GF</arg>
<arg>GG</arg>
<arg>GH</arg>
<arg>GI</arg>
<arg>GL</arg>
<arg>GM</arg>
<arg>GN</arg>
<arg>GP</arg>
<arg>GQ</arg>
<arg>GR</arg>
<arg>GS</arg>
<arg>GT</arg>
<arg>GU</arg>
<arg>GW</arg>
<arg>GY</arg>
<arg>HK</arg>
<arg>HM</arg>
<arg>HN</arg>
<arg>HR</arg>
<arg>HT</arg>
<arg>HU</arg>
<arg>ID</arg>
<arg>IE</arg>
<arg>IL</arg>
<arg>IM</arg>
<arg>IN</arg>
<arg>IO</arg>
<arg>IQ</arg>
<arg>IR</arg>
<arg>IS</arg>
<arg>IT</arg>
<arg>JE</arg>
<arg>JM</arg>
<arg>JO</arg>
<arg>JP</arg>
<arg>KE</arg>
<arg>KG</arg>
<arg>KH</arg>
<arg>KI</arg>
<arg>KM</arg>
<arg>KN</arg>
<arg>KP</arg>
<arg>KR</arg>
<arg>KW</arg>
<arg>KY</arg>
<arg>KZ</arg>
<arg>LA</arg>
<arg>LB</arg>
<arg>LC</arg>
<arg>LI</arg>
<arg>LK</arg>
<arg>LR</arg>
<arg>LS</arg>
<arg>LT</arg>
<arg>LU</arg>
<arg>LV</arg>
<arg>LY</arg>
<arg>MA</arg>
<arg>MC</arg>
<arg>MD</arg>
<arg>ME</arg>
<arg>MF</arg>
<arg>MG</arg>
<arg>MH</arg>
<arg>MK</arg>
<arg>ML</arg>
<arg>MM</arg>
<arg>MN</arg>
<arg>MO</arg>
<arg>MP</arg>
<arg>MQ</arg>
<arg>MR</arg>
<arg>MS</arg>
<arg>MT</arg>
<arg>MU</arg>
<arg>MV</arg>
<arg>MW</arg>
<arg>MX</arg>
<arg>MY</arg>
<arg>MZ</arg>
<arg>NA</arg>
<arg>NC</arg>
<arg>NE</arg>
<arg>NF</arg>
<arg>NG</arg>
<arg>NI</arg>
<arg>NL</arg>
<arg>NO</arg>
<arg>NP</arg>
<arg>NR</arg>
<arg>NU</arg>
<arg>NZ</arg>
<arg>OM</arg>
<arg>PA</arg>
<arg>PE</arg>
<arg>PF</arg>
<arg>PG</arg>
<arg>PH</arg>
<arg>PK</arg>
<arg>PL</arg>
<arg>PM</arg>
<arg>PN</arg>
<arg>PR</arg>
<arg>PS</arg>
<arg>PT</arg>
<arg>PW</arg>
<arg>PY</arg>
<arg>QA</arg>
<arg>RE</arg>
<arg>RO</arg>
<arg>RS</arg>
<arg>RU</arg>
<arg>RW</arg>
<arg>SA</arg>
<arg>SB</arg>
<arg>SC</arg>
<arg>SD</arg>
<arg>SE</arg>
<arg>SG</arg>
<arg>SH</arg>
<arg>SI</arg>
<arg>SJ</arg>
<arg>SK</arg>
<arg>SL</arg>
<arg>SM</arg>
<arg>SN</arg>
<arg>SO</arg>
<arg>SR</arg>
<arg>SS</arg>
<arg>ST</arg>
<arg>SV</arg>
<arg>SX</arg>
<arg>SY</arg>
<arg>SZ</arg>
<arg>TC</arg>
<arg>TD</arg>
<arg>TF</arg>
<arg>TG</arg>
<arg>TH</arg>
<arg>TJ</arg>
<arg>TK</arg>
<arg>TL</arg>
<arg>TM</arg>
<arg>TN</arg>
<arg>TO</arg>
<arg>TR</arg>
<arg>TT</arg>
<arg>TV</arg>
<arg>TW</arg>
<arg>TZ</arg>
<arg>UA</arg>
<arg>UG</arg>
<arg>UM</arg>
<arg>US</arg>
<arg>UY</arg>
<arg>UZ</arg>
<arg>VA</arg>
<arg>VC</arg>
<arg>VE</arg>
<arg>VG</arg>
<arg>VI</arg>
<arg>VN</arg>
<arg>VU</arg>
<arg>WF</arg>
<arg>WS</arg>
<arg>XK</arg>
<arg>YE</arg>
<arg>YT</arg>
<arg>ZA</arg>
<arg>ZM</arg>
<arg>ZW</arg>
<doc>Returns a list containing given items.</doc>
<status status="PASS" start="2024-06-07T01:07:08.635669" elapsed="0.000619"/>
</kw>
<kw name="List Should Contain Value" owner="Collections">
<msg time="2024-06-07T01:07:08.637277" level="INFO">False</msg>
<arg>${list_country}</arg>
<arg>${name_country}</arg>
<doc>Fails if the ``value`` is not found from ``list``.</doc>
<status status="PASS" start="2024-06-07T01:07:08.637067" elapsed="0.000247"/>
</kw>
<kw name="Run Keyword If" owner="BuiltIn">
<kw name="Should Be True" owner="BuiltIn">
<arg>${True}</arg>
<doc>Fails if the given condition is not true.</doc>
<status status="PASS" start="2024-06-07T01:07:08.638381" elapsed="0.000182"/>
</kw>
<arg>${json_data["results"][0]["location"]["coordinates"]["latitude"]} &gt;= -90 and ${json_data["results"][0]["location"]["coordinates"]["latitude"]} &lt;= 90</arg>
<arg>Should Be True</arg>
<arg>${True}</arg>
<doc>Runs the given keyword with the given arguments, if ``condition`` is true.</doc>
<status status="PASS" start="2024-06-07T01:07:08.637631" elapsed="0.001074"/>
</kw>
<kw name="Run Keyword If" owner="BuiltIn">
<kw name="Should Be True" owner="BuiltIn">
<arg>${True}</arg>
<doc>Fails if the given condition is not true.</doc>
<status status="PASS" start="2024-06-07T01:07:08.639613" elapsed="0.000142"/>
</kw>
<arg>${json_data["results"][0]["location"]["coordinates"]["longitude"]} &gt;= -180 and ${json_data["results"][0]["location"]["coordinates"]["longitude"]} &lt;= 180</arg>
<arg>Should Be True</arg>
<arg>${True}</arg>
<doc>Runs the given keyword with the given arguments, if ``condition`` is true.</doc>
<status status="PASS" start="2024-06-07T01:07:08.638897" elapsed="0.000981"/>
</kw>
<status status="PASS" start="2024-06-07T01:07:08.542103" elapsed="0.097906"/>
</kw>
<doc>Testa o conteúdo específico dos campos retornados pela API.</doc>
<tag>testeConteudo</tag>
<status status="PASS" start="2024-06-07T01:07:08.541660" elapsed="0.098498"/>
</test>
<status status="PASS" start="2024-06-07T01:07:07.708830" elapsed="0.933215"/>
</suite>
<status status="PASS" start="2024-06-07T01:07:07.695357" elapsed="0.951858"/>
</suite>
<statistics>
<total>
<stat pass="5" fail="0" skip="0">All Tests</stat>
</total>
<tag>
<stat pass="1" fail="0" skip="0">testeConteudo</stat>
<stat pass="1" fail="0" skip="0">testeEstruturaResposta</stat>
<stat pass="1" fail="0" skip="0">testeRequisicaoBasica</stat>
<stat pass="1" fail="0" skip="0">testeTiposDados</stat>
</tag>
<suite>
<stat pass="5" fail="0" skip="0" id="s1" name="Tests">Tests</stat>
<stat pass="5" fail="0" skip="0" id="s1-s1" name="Random-User-Test">Tests.Random-User-Test</stat>
</suite>
</statistics>
<errors>
</errors>
</robot>
