<?xml version="1.0" encoding="UTF-8"?>
<robot generator="Robot 7.0.1 (Python 3.12.4 on linux)" generated="2024-07-21T13:15:49.545440" rpa="false" schemaversion="5">
<suite id="s1" name="Tests" source="/home/runner/work/ApiRandomUser/ApiRandomUser/RamdonUser/tests">
<suite id="s1-s1" name="Random-User-Test" source="/home/runner/work/ApiRandomUser/ApiRandomUser/RamdonUser/tests/random-user-test.robot">
<test id="s1-s1-t1" name="Conectar" line="13">
<kw name="Conectar API" owner="random-user-service">
<kw name="Create Session" owner="RequestsLibrary">
<msg time="2024-07-21T13:15:49.933008" level="INFO">Creating Session using : alias=consultarAPI, url=https://randomuser.me/, headers={},                     cookies={}, auth=None, timeout=None, proxies=None, verify=False,                     debug=0 </msg>
<arg>consultarAPI</arg>
<arg>${URL}</arg>
<doc>Create Session: create a HTTP session to a server</doc>
<status status="PASS" start="2024-07-21T13:15:49.932817" elapsed="0.000361"/>
</kw>
<status status="PASS" start="2024-07-21T13:15:49.931847" elapsed="0.001715"/>
</kw>
<status status="PASS" start="2024-07-21T13:15:49.931265" elapsed="0.002487"/>
</test>
<test id="s1-s1-t2" name="Validar retorno 200 e JSON Válido" line="16">
<kw name="Teste de Requisicao Basica" owner="random-user-service">
<kw name="GET On Session" owner="RequestsLibrary">
<msg time="2024-07-21T13:15:50.115731" level="INFO">GET Request : url=https://randomuser.me/api 
 path_url=/api 
 headers={'User-Agent': 'python-requests/2.32.3', 'Accept-Encoding': 'gzip, deflate', 'Accept': '*/*', 'Connection': 'keep-alive'} 
 body=None 
 </msg>
<msg time="2024-07-21T13:15:50.115842" level="INFO">GET Response : url=https://randomuser.me/api 
 status=200, reason=OK 
 headers={'Date': 'Sun, 21 Jul 2024 13:15:50 GMT', 'Content-Type': 'application/json; charset=utf-8', 'Transfer-Encoding': 'chunked', 'Connection': 'keep-alive', 'X-Powered-By': 'Express', 'Access-Control-Allow-Origin': '*', 'Cache-Control': 'no-cache', 'ETag': 'W/"499-bl8V/wfraBzwiegexR8PguE2SUg"', 'Vary': 'Accept-Encoding', 'Content-Encoding': 'gzip', 'CF-Cache-Status': 'DYNAMIC', 'Report-To': '{"endpoints":[{"url":"https:\\/\\/a.nel.cloudflare.com\\/report\\/v4?s=NnLt8Pvv%2B7zo%2Fd4i9h6NKUy3AnXLDo9aPjfC5Jiy%2FXWPjIpTGH0NR5kH0tMfeUzgQapTaGpHOz8DSfGac5BO9MC8SJUhnrNgxiIqILA7ibKrsMvdP%2B%2FRlIDLqNTI4iHg"}],"group":"cf-nel","max_age":604800}', 'NEL': '{"success_fraction":0,"report_to":"cf-nel","max_age":604800}', 'Server': 'cloudflare', 'CF-RAY': '8a6b76460dc58790-IAD', 'alt-svc': 'h3=":443"; ma=86400'} 
 body={"results":[{"gender":"female","name":{"title":"Ms","first":"Milana","last":"Zbarazka"},"location":{"street":{"number":1034,"name":"Mayakovskogo"},"city":"Vilkove","state":"Zhitomirska","country":"Ukraine","postcode":89460,"coordinates":{"latitude":"77.3724","longitude":"74.7607"},"timezone":{"offset":"-5:00","description":"Eastern Time (US &amp; Canada), Bogota, Lima"}},"email":"milana.zbarazka@example.com","login":{"uuid":"85e31823-e1d6-4617-9683-8ba08cead670","username":"brownleopard751","password":"kamikaze","salt":"h3zAfCgA","md5":"cbd1b38756099eb4f0076e878807b962","sha1":"42320241501e7b4c294739ffd498f852863009c6","sha256":"471fa2aa0e4465abcae361f712a3762f33e5666fd46e8a45b0c51b9a79e8bd1d"},"dob":{"date":"1982-03-27T16:34:48.101Z","age":42},"registered":{"date":"2002-03-30T20:31:21.685Z","age":22},"phone":"(098) W68-4407","cell":"(099) A47-2034","id":{"name":"","value":null},"picture":{"large":"https://randomuser.me/api/portraits/women/52.jpg","medium":"https://randomuser.me/api/portraits/med/women/52.jpg","thumbnail":"https://randomuser.me/api/portraits/thumb/women/52.jpg"},"nat":"UA"}],"info":{"seed":"a37fada36d6ef958","results":1,"page":1,"version":"1.4"}} 
 </msg>
<msg time="2024-07-21T13:15:50.115914" level="INFO">/opt/hostedtoolcache/Python/3.12.4/x64/lib/python3.12/site-packages/urllib3/connectionpool.py:1099: InsecureRequestWarning: Unverified HTTPS request is being made to host 'randomuser.me'. Adding certificate verification is strongly advised. See: https://urllib3.readthedocs.io/en/latest/advanced-usage.html#tls-warnings
  warnings.warn(</msg>
<msg time="2024-07-21T13:15:50.116029" level="INFO">${response} = &lt;Response [200]&gt;</msg>
<var>${response}</var>
<arg>consultarAPI</arg>
<arg>/api</arg>
<doc>Sends a GET request on a previously created HTTP Session.</doc>
<status status="PASS" start="2024-07-21T13:15:49.936359" elapsed="0.179709"/>
</kw>
<kw name="Should Be Equal As Numbers" owner="BuiltIn">
<msg time="2024-07-21T13:15:50.116893" level="INFO">Argument types are:
&lt;class 'int'&gt;
&lt;class 'str'&gt;</msg>
<arg>${response.status_code}</arg>
<arg>200</arg>
<doc>Fails if objects are unequal after converting them to real numbers.</doc>
<status status="PASS" start="2024-07-21T13:15:50.116476" elapsed="0.000483"/>
</kw>
<kw name="Log" owner="BuiltIn">
<msg time="2024-07-21T13:15:50.117677" level="INFO">200</msg>
<arg>${response.status_code}</arg>
<doc>Logs the given message with the given level.</doc>
<status status="PASS" start="2024-07-21T13:15:50.117309" elapsed="0.000413"/>
</kw>
<kw name="Set Variable" owner="BuiltIn">
<msg time="2024-07-21T13:15:50.118472" level="INFO">${json_data} = {'results': [{'gender': 'female', 'name': {'title': 'Ms', 'first': 'Milana', 'last': 'Zbarazka'}, 'location': {'street': {'number': 1034, 'name': 'Mayakovskogo'}, 'city': 'Vilkove', 'state': 'Zhitomir...</msg>
<var>${json_data}</var>
<arg>${response.json()}</arg>
<doc>Returns the given values which can then be assigned to a variables.</doc>
<status status="PASS" start="2024-07-21T13:15:50.118033" elapsed="0.000467"/>
</kw>
<kw name="Dictionary Should Contain Key" owner="Collections">
<arg>${json_data}</arg>
<arg>results</arg>
<doc>Fails if ``key`` is not found from ``dictionary``.</doc>
<status status="PASS" start="2024-07-21T13:15:50.118799" elapsed="0.000299"/>
</kw>
<status status="PASS" start="2024-07-21T13:15:49.936115" elapsed="0.183132"/>
</kw>
<doc>Testa se a API responde corretamente e retorna um objeto JSON válido.</doc>
<tag>testeRequisicaoBasica</tag>
<status status="PASS" start="2024-07-21T13:15:49.935586" elapsed="0.183825"/>
</test>
<test id="s1-s1-t3" name="Validar estrutura de resposta" line="22">
<kw name="Teste de Estrutura de Resposta" owner="random-user-service">
<kw name="GET On Session" owner="RequestsLibrary">
<msg time="2024-07-21T13:15:50.213756" level="INFO">GET Request : url=https://randomuser.me/api 
 path_url=/api 
 headers={'User-Agent': 'python-requests/2.32.3', 'Accept-Encoding': 'gzip, deflate', 'Accept': '*/*', 'Connection': 'keep-alive'} 
 body=None 
 </msg>
<msg time="2024-07-21T13:15:50.213833" level="INFO">GET Response : url=https://randomuser.me/api 
 status=200, reason=OK 
 headers={'Date': 'Sun, 21 Jul 2024 13:15:50 GMT', 'Content-Type': 'application/json; charset=utf-8', 'Transfer-Encoding': 'chunked', 'Connection': 'keep-alive', 'X-Powered-By': 'Express', 'Access-Control-Allow-Origin': '*', 'Cache-Control': 'no-cache', 'ETag': 'W/"489-qj7xLYZ/luqdtFYgClfBIPr+MLQ"', 'Vary': 'Accept-Encoding', 'Content-Encoding': 'gzip', 'CF-Cache-Status': 'DYNAMIC', 'Report-To': '{"endpoints":[{"url":"https:\\/\\/a.nel.cloudflare.com\\/report\\/v4?s=8%2FV0XZM8xepCdw7TQmmNGvokGbhKE1Rdn2kT8gEuYFyYWvNByXSFiOzhQqspcPNauqvllmkawVUmerrg8qp2MJeyE1L%2Fph9b0wSqIVh7nwkRkp9P8jUZnIwWTYkaLgdp"}],"group":"cf-nel","max_age":604800}', 'NEL': '{"success_fraction":0,"report_to":"cf-nel","max_age":604800}', 'Server': 'cloudflare', 'CF-RAY': '8a6b76464e118790-IAD', 'alt-svc': 'h3=":443"; ma=86400'} 
 body={"results":[{"gender":"male","name":{"title":"Mr","first":"Rewien","last":"Kremer"},"location":{"street":{"number":3252,"name":"Gerard Douplein"},"city":"Ezinge","state":"Zuid-Holland","country":"Netherlands","postcode":"4532 AC","coordinates":{"latitude":"30.9437","longitude":"-68.3325"},"timezone":{"offset":"-8:00","description":"Pacific Time (US &amp; Canada)"}},"email":"rewien.kremer@example.com","login":{"uuid":"c62593eb-27c2-455f-8290-dc30a111bfbd","username":"purplebear838","password":"big1","salt":"jEWjww8H","md5":"f58a1d585133f02e153baaf75a5bbd18","sha1":"6bc8e72ab6be2befac9df28feca65bbdadb66f61","sha256":"bfb990d16896e37c2fd2f499d3c159a5be1897c0b5d8a583450676b4eb139a11"},"dob":{"date":"1987-04-25T09:52:47.303Z","age":37},"registered":{"date":"2006-07-29T19:27:31.929Z","age":17},"phone":"(0484) 060446","cell":"(06) 72789080","id":{"name":"BSN","value":"84727787"},"picture":{"large":"https://randomuser.me/api/portraits/men/4.jpg","medium":"https://randomuser.me/api/portraits/med/men/4.jpg","thumbnail":"https://randomuser.me/api/portraits/thumb/men/4.jpg"},"nat":"NL"}],"info":{"seed":"dd5e66bf93ffedbe","results":1,"page":1,"version":"1.4"}} 
 </msg>
<msg time="2024-07-21T13:15:50.213927" level="INFO">/opt/hostedtoolcache/Python/3.12.4/x64/lib/python3.12/site-packages/urllib3/connectionpool.py:1099: InsecureRequestWarning: Unverified HTTPS request is being made to host 'randomuser.me'. Adding certificate verification is strongly advised. See: https://urllib3.readthedocs.io/en/latest/advanced-usage.html#tls-warnings
  warnings.warn(</msg>
<msg time="2024-07-21T13:15:50.214022" level="INFO">${response} = &lt;Response [200]&gt;</msg>
<var>${response}</var>
<arg>consultarAPI</arg>
<arg>/api</arg>
<doc>Sends a GET request on a previously created HTTP Session.</doc>
<status status="PASS" start="2024-07-21T13:15:50.121942" elapsed="0.092118"/>
</kw>
<kw name="Set Variable" owner="BuiltIn">
<msg time="2024-07-21T13:15:50.214867" level="INFO">${json_data} = {'results': [{'gender': 'male', 'name': {'title': 'Mr', 'first': 'Rewien', 'last': 'Kremer'}, 'location': {'street': {'number': 3252, 'name': 'Gerard Douplein'}, 'city': 'Ezinge', 'state': 'Zuid-Holla...</msg>
<var>${json_data}</var>
<arg>${response.json()}</arg>
<doc>Returns the given values which can then be assigned to a variables.</doc>
<status status="PASS" start="2024-07-21T13:15:50.214428" elapsed="0.000468"/>
</kw>
<kw name="Log" owner="BuiltIn">
<msg time="2024-07-21T13:15:50.215359" level="INFO">{'results': [{'gender': 'male', 'name': {'title': 'Mr', 'first': 'Rewien', 'last': 'Kremer'}, 'location': {'street': {'number': 3252, 'name': 'Gerard Douplein'}, 'city': 'Ezinge', 'state': 'Zuid-Holland', 'country': 'Netherlands', 'postcode': '4532 AC', 'coordinates': {'latitude': '30.9437', 'longitude': '-68.3325'}, 'timezone': {'offset': '-8:00', 'description': 'Pacific Time (US &amp; Canada)'}}, 'email': 'rewien.kremer@example.com', 'login': {'uuid': 'c62593eb-27c2-455f-8290-dc30a111bfbd', 'username': 'purplebear838', 'password': 'big1', 'salt': 'jEWjww8H', 'md5': 'f58a1d585133f02e153baaf75a5bbd18', 'sha1': '6bc8e72ab6be2befac9df28feca65bbdadb66f61', 'sha256': 'bfb990d16896e37c2fd2f499d3c159a5be1897c0b5d8a583450676b4eb139a11'}, 'dob': {'date': '1987-04-25T09:52:47.303Z', 'age': 37}, 'registered': {'date': '2006-07-29T19:27:31.929Z', 'age': 17}, 'phone': '(0484) 060446', 'cell': '(06) 72789080', 'id': {'name': 'BSN', 'value': '84727787'}, 'picture': {'large': 'https://randomuser.me/api/portraits/men/4.jpg', 'medium': 'https://randomuser.me/api/portraits/med/men/4.jpg', 'thumbnail': 'https://randomuser.me/api/portraits/thumb/men/4.jpg'}, 'nat': 'NL'}], 'info': {'seed': 'dd5e66bf93ffedbe', 'results': 1, 'page': 1, 'version': '1.4'}}</msg>
<arg>${json_data}</arg>
<doc>Logs the given message with the given level.</doc>
<status status="PASS" start="2024-07-21T13:15:50.215200" elapsed="0.000208"/>
</kw>
<kw name="Dictionary Should Contain Key" owner="Collections">
<arg>${json_data}</arg>
<arg>results</arg>
<doc>Fails if ``key`` is not found from ``dictionary``.</doc>
<status status="PASS" start="2024-07-21T13:15:50.215698" elapsed="0.000162"/>
</kw>
<kw name="Should Not Be Empty" owner="BuiltIn">
<msg time="2024-07-21T13:15:50.216170" level="INFO">Length is 2.</msg>
<arg>${json_data}</arg>
<doc>Verifies that the given item is not empty.</doc>
<status status="PASS" start="2024-07-21T13:15:50.216043" elapsed="0.000166"/>
</kw>
<kw name="Create List" owner="BuiltIn">
<msg time="2024-07-21T13:15:50.216643" level="INFO">${expected_keys} = ['gender', 'name', 'location', 'email', 'login']</msg>
<var>${expected_keys}</var>
<arg>gender</arg>
<arg>name</arg>
<arg>location</arg>
<arg>email</arg>
<arg>login</arg>
<doc>Returns a list containing given items.</doc>
<status status="PASS" start="2024-07-21T13:15:50.216495" elapsed="0.000171"/>
</kw>
<for flavor="IN">
<iter>
<kw name="Dictionary Should Contain Key" owner="Collections">
<arg>${json_data['results'][0]}</arg>
<arg>${key}</arg>
<doc>Fails if ``key`` is not found from ``dictionary``.</doc>
<status status="PASS" start="2024-07-21T13:15:50.217227" elapsed="0.000437"/>
</kw>
<kw name="Log" owner="BuiltIn">
<msg time="2024-07-21T13:15:50.218202" level="INFO">{'gender': 'male', 'name': {'title': 'Mr', 'first': 'Rewien', 'last': 'Kremer'}, 'location': {'street': {'number': 3252, 'name': 'Gerard Douplein'}, 'city': 'Ezinge', 'state': 'Zuid-Holland', 'country': 'Netherlands', 'postcode': '4532 AC', 'coordinates': {'latitude': '30.9437', 'longitude': '-68.3325'}, 'timezone': {'offset': '-8:00', 'description': 'Pacific Time (US &amp; Canada)'}}, 'email': 'rewien.kremer@example.com', 'login': {'uuid': 'c62593eb-27c2-455f-8290-dc30a111bfbd', 'username': 'purplebear838', 'password': 'big1', 'salt': 'jEWjww8H', 'md5': 'f58a1d585133f02e153baaf75a5bbd18', 'sha1': '6bc8e72ab6be2befac9df28feca65bbdadb66f61', 'sha256': 'bfb990d16896e37c2fd2f499d3c159a5be1897c0b5d8a583450676b4eb139a11'}, 'dob': {'date': '1987-04-25T09:52:47.303Z', 'age': 37}, 'registered': {'date': '2006-07-29T19:27:31.929Z', 'age': 17}, 'phone': '(0484) 060446', 'cell': '(06) 72789080', 'id': {'name': 'BSN', 'value': '84727787'}, 'picture': {'large': 'https://randomuser.me/api/portraits/men/4.jpg', 'medium': 'https://randomuser.me/api/portraits/med/men/4.jpg', 'thumbnail': 'https://randomuser.me/api/portraits/thumb/men/4.jpg'}, 'nat': 'NL'}</msg>
<arg>${json_data['results'][0]}</arg>
<doc>Logs the given message with the given level.</doc>
<status status="PASS" start="2024-07-21T13:15:50.217851" elapsed="0.000401"/>
</kw>
<kw name="Log" owner="BuiltIn">
<msg time="2024-07-21T13:15:50.218679" level="INFO">gender</msg>
<arg>${key}</arg>
<doc>Logs the given message with the given level.</doc>
<status status="PASS" start="2024-07-21T13:15:50.218551" elapsed="0.000165"/>
</kw>
<var name="${key}">gender</var>
<status status="PASS" start="2024-07-21T13:15:50.217103" elapsed="0.001826"/>
</iter>
<iter>
<kw name="Dictionary Should Contain Key" owner="Collections">
<arg>${json_data['results'][0]}</arg>
<arg>${key}</arg>
<doc>Fails if ``key`` is not found from ``dictionary``.</doc>
<status status="PASS" start="2024-07-21T13:15:50.219220" elapsed="0.000384"/>
</kw>
<kw name="Log" owner="BuiltIn">
<msg time="2024-07-21T13:15:50.220144" level="INFO">{'gender': 'male', 'name': {'title': 'Mr', 'first': 'Rewien', 'last': 'Kremer'}, 'location': {'street': {'number': 3252, 'name': 'Gerard Douplein'}, 'city': 'Ezinge', 'state': 'Zuid-Holland', 'country': 'Netherlands', 'postcode': '4532 AC', 'coordinates': {'latitude': '30.9437', 'longitude': '-68.3325'}, 'timezone': {'offset': '-8:00', 'description': 'Pacific Time (US &amp; Canada)'}}, 'email': 'rewien.kremer@example.com', 'login': {'uuid': 'c62593eb-27c2-455f-8290-dc30a111bfbd', 'username': 'purplebear838', 'password': 'big1', 'salt': 'jEWjww8H', 'md5': 'f58a1d585133f02e153baaf75a5bbd18', 'sha1': '6bc8e72ab6be2befac9df28feca65bbdadb66f61', 'sha256': 'bfb990d16896e37c2fd2f499d3c159a5be1897c0b5d8a583450676b4eb139a11'}, 'dob': {'date': '1987-04-25T09:52:47.303Z', 'age': 37}, 'registered': {'date': '2006-07-29T19:27:31.929Z', 'age': 17}, 'phone': '(0484) 060446', 'cell': '(06) 72789080', 'id': {'name': 'BSN', 'value': '84727787'}, 'picture': {'large': 'https://randomuser.me/api/portraits/men/4.jpg', 'medium': 'https://randomuser.me/api/portraits/med/men/4.jpg', 'thumbnail': 'https://randomuser.me/api/portraits/thumb/men/4.jpg'}, 'nat': 'NL'}</msg>
<arg>${json_data['results'][0]}</arg>
<doc>Logs the given message with the given level.</doc>
<status status="PASS" start="2024-07-21T13:15:50.219786" elapsed="0.000440"/>
</kw>
<kw name="Log" owner="BuiltIn">
<msg time="2024-07-21T13:15:50.220653" level="INFO">name</msg>
<arg>${key}</arg>
<doc>Logs the given message with the given level.</doc>
<status status="PASS" start="2024-07-21T13:15:50.220524" elapsed="0.000166"/>
</kw>
<var name="${key}">name</var>
<status status="PASS" start="2024-07-21T13:15:50.219110" elapsed="0.001796"/>
</iter>
<iter>
<kw name="Dictionary Should Contain Key" owner="Collections">
<arg>${json_data['results'][0]}</arg>
<arg>${key}</arg>
<doc>Fails if ``key`` is not found from ``dictionary``.</doc>
<status status="PASS" start="2024-07-21T13:15:50.221187" elapsed="0.000401"/>
</kw>
<kw name="Log" owner="BuiltIn">
<msg time="2024-07-21T13:15:50.222125" level="INFO">{'gender': 'male', 'name': {'title': 'Mr', 'first': 'Rewien', 'last': 'Kremer'}, 'location': {'street': {'number': 3252, 'name': 'Gerard Douplein'}, 'city': 'Ezinge', 'state': 'Zuid-Holland', 'country': 'Netherlands', 'postcode': '4532 AC', 'coordinates': {'latitude': '30.9437', 'longitude': '-68.3325'}, 'timezone': {'offset': '-8:00', 'description': 'Pacific Time (US &amp; Canada)'}}, 'email': 'rewien.kremer@example.com', 'login': {'uuid': 'c62593eb-27c2-455f-8290-dc30a111bfbd', 'username': 'purplebear838', 'password': 'big1', 'salt': 'jEWjww8H', 'md5': 'f58a1d585133f02e153baaf75a5bbd18', 'sha1': '6bc8e72ab6be2befac9df28feca65bbdadb66f61', 'sha256': 'bfb990d16896e37c2fd2f499d3c159a5be1897c0b5d8a583450676b4eb139a11'}, 'dob': {'date': '1987-04-25T09:52:47.303Z', 'age': 37}, 'registered': {'date': '2006-07-29T19:27:31.929Z', 'age': 17}, 'phone': '(0484) 060446', 'cell': '(06) 72789080', 'id': {'name': 'BSN', 'value': '84727787'}, 'picture': {'large': 'https://randomuser.me/api/portraits/men/4.jpg', 'medium': 'https://randomuser.me/api/portraits/med/men/4.jpg', 'thumbnail': 'https://randomuser.me/api/portraits/thumb/men/4.jpg'}, 'nat': 'NL'}</msg>
<arg>${json_data['results'][0]}</arg>
<doc>Logs the given message with the given level.</doc>
<status status="PASS" start="2024-07-21T13:15:50.221778" elapsed="0.000406"/>
</kw>
<kw name="Log" owner="BuiltIn">
<msg time="2024-07-21T13:15:50.222599" level="INFO">location</msg>
<arg>${key}</arg>
<doc>Logs the given message with the given level.</doc>
<status status="PASS" start="2024-07-21T13:15:50.222474" elapsed="0.000162"/>
</kw>
<var name="${key}">location</var>
<status status="PASS" start="2024-07-21T13:15:50.221080" elapsed="0.001765"/>
</iter>
<iter>
<kw name="Dictionary Should Contain Key" owner="Collections">
<arg>${json_data['results'][0]}</arg>
<arg>${key}</arg>
<doc>Fails if ``key`` is not found from ``dictionary``.</doc>
<status status="PASS" start="2024-07-21T13:15:50.223120" elapsed="0.000383"/>
</kw>
<kw name="Log" owner="BuiltIn">
<msg time="2024-07-21T13:15:50.224155" level="INFO">{'gender': 'male', 'name': {'title': 'Mr', 'first': 'Rewien', 'last': 'Kremer'}, 'location': {'street': {'number': 3252, 'name': 'Gerard Douplein'}, 'city': 'Ezinge', 'state': 'Zuid-Holland', 'country': 'Netherlands', 'postcode': '4532 AC', 'coordinates': {'latitude': '30.9437', 'longitude': '-68.3325'}, 'timezone': {'offset': '-8:00', 'description': 'Pacific Time (US &amp; Canada)'}}, 'email': 'rewien.kremer@example.com', 'login': {'uuid': 'c62593eb-27c2-455f-8290-dc30a111bfbd', 'username': 'purplebear838', 'password': 'big1', 'salt': 'jEWjww8H', 'md5': 'f58a1d585133f02e153baaf75a5bbd18', 'sha1': '6bc8e72ab6be2befac9df28feca65bbdadb66f61', 'sha256': 'bfb990d16896e37c2fd2f499d3c159a5be1897c0b5d8a583450676b4eb139a11'}, 'dob': {'date': '1987-04-25T09:52:47.303Z', 'age': 37}, 'registered': {'date': '2006-07-29T19:27:31.929Z', 'age': 17}, 'phone': '(0484) 060446', 'cell': '(06) 72789080', 'id': {'name': 'BSN', 'value': '84727787'}, 'picture': {'large': 'https://randomuser.me/api/portraits/men/4.jpg', 'medium': 'https://randomuser.me/api/portraits/med/men/4.jpg', 'thumbnail': 'https://randomuser.me/api/portraits/thumb/men/4.jpg'}, 'nat': 'NL'}</msg>
<arg>${json_data['results'][0]}</arg>
<doc>Logs the given message with the given level.</doc>
<status status="PASS" start="2024-07-21T13:15:50.223796" elapsed="0.000408"/>
</kw>
<kw name="Log" owner="BuiltIn">
<msg time="2024-07-21T13:15:50.224626" level="INFO">email</msg>
<arg>${key}</arg>
<doc>Logs the given message with the given level.</doc>
<status status="PASS" start="2024-07-21T13:15:50.224499" elapsed="0.000165"/>
</kw>
<var name="${key}">email</var>
<status status="PASS" start="2024-07-21T13:15:50.223014" elapsed="0.001862"/>
</iter>
<iter>
<kw name="Dictionary Should Contain Key" owner="Collections">
<arg>${json_data['results'][0]}</arg>
<arg>${key}</arg>
<doc>Fails if ``key`` is not found from ``dictionary``.</doc>
<status status="PASS" start="2024-07-21T13:15:50.225154" elapsed="0.000406"/>
</kw>
<kw name="Log" owner="BuiltIn">
<msg time="2024-07-21T13:15:50.226088" level="INFO">{'gender': 'male', 'name': {'title': 'Mr', 'first': 'Rewien', 'last': 'Kremer'}, 'location': {'street': {'number': 3252, 'name': 'Gerard Douplein'}, 'city': 'Ezinge', 'state': 'Zuid-Holland', 'country': 'Netherlands', 'postcode': '4532 AC', 'coordinates': {'latitude': '30.9437', 'longitude': '-68.3325'}, 'timezone': {'offset': '-8:00', 'description': 'Pacific Time (US &amp; Canada)'}}, 'email': 'rewien.kremer@example.com', 'login': {'uuid': 'c62593eb-27c2-455f-8290-dc30a111bfbd', 'username': 'purplebear838', 'password': 'big1', 'salt': 'jEWjww8H', 'md5': 'f58a1d585133f02e153baaf75a5bbd18', 'sha1': '6bc8e72ab6be2befac9df28feca65bbdadb66f61', 'sha256': 'bfb990d16896e37c2fd2f499d3c159a5be1897c0b5d8a583450676b4eb139a11'}, 'dob': {'date': '1987-04-25T09:52:47.303Z', 'age': 37}, 'registered': {'date': '2006-07-29T19:27:31.929Z', 'age': 17}, 'phone': '(0484) 060446', 'cell': '(06) 72789080', 'id': {'name': 'BSN', 'value': '84727787'}, 'picture': {'large': 'https://randomuser.me/api/portraits/men/4.jpg', 'medium': 'https://randomuser.me/api/portraits/med/men/4.jpg', 'thumbnail': 'https://randomuser.me/api/portraits/thumb/men/4.jpg'}, 'nat': 'NL'}</msg>
<arg>${json_data['results'][0]}</arg>
<doc>Logs the given message with the given level.</doc>
<status status="PASS" start="2024-07-21T13:15:50.225739" elapsed="0.000397"/>
</kw>
<kw name="Log" owner="BuiltIn">
<msg time="2024-07-21T13:15:50.226558" level="INFO">login</msg>
<arg>${key}</arg>
<doc>Logs the given message with the given level.</doc>
<status status="PASS" start="2024-07-21T13:15:50.226430" elapsed="0.000166"/>
</kw>
<var name="${key}">login</var>
<status status="PASS" start="2024-07-21T13:15:50.225046" elapsed="0.001761"/>
</iter>
<var>${key}</var>
<value>@{expected_keys}</value>
<status status="PASS" start="2024-07-21T13:15:50.216924" elapsed="0.010000"/>
</for>
<kw name="Create List" owner="BuiltIn">
<msg time="2024-07-21T13:15:50.227240" level="INFO">${expected_keysTwo} = ['username', 'password']</msg>
<var>${expected_keysTwo}</var>
<arg>username</arg>
<arg>password</arg>
<doc>Returns a list containing given items.</doc>
<status status="PASS" start="2024-07-21T13:15:50.227108" elapsed="0.000182"/>
</kw>
<for flavor="IN">
<iter>
<kw name="Dictionary Should Contain Key" owner="Collections">
<arg>${json_data['results'][0]['login']}</arg>
<arg>${keyTwo}</arg>
<doc>Fails if ``key`` is not found from ``dictionary``.</doc>
<status status="PASS" start="2024-07-21T13:15:50.227790" elapsed="0.000374"/>
</kw>
<kw name="Dictionary Should Contain Key" owner="Collections">
<arg>${json_data['results'][0]['login']}</arg>
<arg>${keyTwo}</arg>
<doc>Fails if ``key`` is not found from ``dictionary``.</doc>
<status status="PASS" start="2024-07-21T13:15:50.228342" elapsed="0.000370"/>
</kw>
<kw name="Log" owner="BuiltIn">
<msg time="2024-07-21T13:15:50.229004" level="INFO">username</msg>
<arg>${keyTwo}</arg>
<doc>Logs the given message with the given level.</doc>
<status status="PASS" start="2024-07-21T13:15:50.228886" elapsed="0.000155"/>
</kw>
<var name="${keyTwo}">username</var>
<status status="PASS" start="2024-07-21T13:15:50.227684" elapsed="0.001573"/>
</iter>
<iter>
<kw name="Dictionary Should Contain Key" owner="Collections">
<arg>${json_data['results'][0]['login']}</arg>
<arg>${keyTwo}</arg>
<doc>Fails if ``key`` is not found from ``dictionary``.</doc>
<status status="PASS" start="2024-07-21T13:15:50.229563" elapsed="0.000378"/>
</kw>
<kw name="Dictionary Should Contain Key" owner="Collections">
<arg>${json_data['results'][0]['login']}</arg>
<arg>${keyTwo}</arg>
<doc>Fails if ``key`` is not found from ``dictionary``.</doc>
<status status="PASS" start="2024-07-21T13:15:50.230118" elapsed="0.000362"/>
</kw>
<kw name="Log" owner="BuiltIn">
<msg time="2024-07-21T13:15:50.230778" level="INFO">password</msg>
<arg>${keyTwo}</arg>
<doc>Logs the given message with the given level.</doc>
<status status="PASS" start="2024-07-21T13:15:50.230652" elapsed="0.000164"/>
</kw>
<var name="${keyTwo}">password</var>
<status status="PASS" start="2024-07-21T13:15:50.229453" elapsed="0.001579"/>
</iter>
<var>${keyTwo}</var>
<value>@{expected_keysTwo}</value>
<status status="PASS" start="2024-07-21T13:15:50.227534" elapsed="0.003618"/>
</for>
<status status="PASS" start="2024-07-21T13:15:50.121709" elapsed="0.109578"/>
</kw>
<doc>Testa a estrutura da resposta da API.</doc>
<tag>testeEstruturaResposta</tag>
<status status="PASS" start="2024-07-21T13:15:50.121222" elapsed="0.110210"/>
</test>
<test id="s1-s1-t4" name="Validar tipos de dados" line="28">
<kw name="Teste de Tipos de Dados" owner="random-user-service">
<kw name="GET On Session" owner="RequestsLibrary">
<msg time="2024-07-21T13:15:50.313774" level="INFO">GET Request : url=https://randomuser.me/api 
 path_url=/api 
 headers={'User-Agent': 'python-requests/2.32.3', 'Accept-Encoding': 'gzip, deflate', 'Accept': '*/*', 'Connection': 'keep-alive'} 
 body=None 
 </msg>
<msg time="2024-07-21T13:15:50.313837" level="INFO">GET Response : url=https://randomuser.me/api 
 status=200, reason=OK 
 headers={'Date': 'Sun, 21 Jul 2024 13:15:50 GMT', 'Content-Type': 'application/json; charset=utf-8', 'Transfer-Encoding': 'chunked', 'Connection': 'keep-alive', 'X-Powered-By': 'Express', 'Access-Control-Allow-Origin': '*', 'Cache-Control': 'no-cache', 'ETag': 'W/"468-uZATavPN2uYGu76U4nTCCUpA/no"', 'Vary': 'Accept-Encoding', 'Content-Encoding': 'gzip', 'CF-Cache-Status': 'DYNAMIC', 'Report-To': '{"endpoints":[{"url":"https:\\/\\/a.nel.cloudflare.com\\/report\\/v4?s=OnJDUJYLlHSedwJ6bmQY1XWI6i8AkIzQd4CKxvx08fyG77ZqYI6ZXhVHEjIzrlZJ55TzdO%2FGoo%2BiVfTjJRxC%2FCxDneQ717gAXFY0t6ZLgRdXcBgtBVnjVvZK3OUaPKxh"}],"group":"cf-nel","max_age":604800}', 'NEL': '{"success_fraction":0,"report_to":"cf-nel","max_age":604800}', 'Server': 'cloudflare', 'CF-RAY': '8a6b76470e9d8790-IAD', 'alt-svc': 'h3=":443"; ma=86400'} 
 body={"results":[{"gender":"male","name":{"title":"Mr","first":"Markus","last":"Sandal"},"location":{"street":{"number":8453,"name":"Tokeruddalen"},"city":"Havøysund","state":"Oppland","country":"Norway","postcode":"9692","coordinates":{"latitude":"40.7040","longitude":"-100.6329"},"timezone":{"offset":"+3:30","description":"Tehran"}},"email":"markus.sandal@example.com","login":{"uuid":"9b9de485-7b7d-4b45-b726-6aca5ac11a4f","username":"blackgorilla452","password":"iamgod","salt":"BSEYQrtD","md5":"1cc07e4910c98bc55fd05dda0bb3b520","sha1":"46a6c6a75cf9b82f12f1325eb9fb3462d22f017c","sha256":"bfe05fda43a30f1911531287d9eeb7b4ab56110d63d0269ca8308fd6563383ef"},"dob":{"date":"1981-02-25T18:32:47.093Z","age":43},"registered":{"date":"2018-07-22T00:31:05.239Z","age":5},"phone":"56801629","cell":"97254114","id":{"name":"FN","value":"25028140781"},"picture":{"large":"https://randomuser.me/api/portraits/men/66.jpg","medium":"https://randomuser.me/api/portraits/med/men/66.jpg","thumbnail":"https://randomuser.me/api/portraits/thumb/men/66.jpg"},"nat":"NO"}],"info":{"seed":"252d7d1e5e9dbb7c","results":1,"page":1,"version":"1.4"}} 
 </msg>
<msg time="2024-07-21T13:15:50.313895" level="INFO">/opt/hostedtoolcache/Python/3.12.4/x64/lib/python3.12/site-packages/urllib3/connectionpool.py:1099: InsecureRequestWarning: Unverified HTTPS request is being made to host 'randomuser.me'. Adding certificate verification is strongly advised. See: https://urllib3.readthedocs.io/en/latest/advanced-usage.html#tls-warnings
  warnings.warn(</msg>
<msg time="2024-07-21T13:15:50.313993" level="INFO">${response} = &lt;Response [200]&gt;</msg>
<var>${response}</var>
<arg>consultarAPI</arg>
<arg>/api</arg>
<doc>Sends a GET request on a previously created HTTP Session.</doc>
<status status="PASS" start="2024-07-21T13:15:50.233821" elapsed="0.080212"/>
</kw>
<kw name="Set Variable" owner="BuiltIn">
<msg time="2024-07-21T13:15:50.315071" level="INFO">${json_data} = {'results': [{'gender': 'male', 'name': {'title': 'Mr', 'first': 'Markus', 'last': 'Sandal'}, 'location': {'street': {'number': 8453, 'name': 'Tokeruddalen'}, 'city': 'Havøysund', 'state': 'Oppland', ...</msg>
<var>${json_data}</var>
<arg>${response.json()}</arg>
<doc>Returns the given values which can then be assigned to a variables.</doc>
<status status="PASS" start="2024-07-21T13:15:50.314486" elapsed="0.000615"/>
</kw>
<kw name="Log" owner="BuiltIn">
<msg time="2024-07-21T13:15:50.315584" level="INFO">{'results': [{'gender': 'male', 'name': {'title': 'Mr', 'first': 'Markus', 'last': 'Sandal'}, 'location': {'street': {'number': 8453, 'name': 'Tokeruddalen'}, 'city': 'Havøysund', 'state': 'Oppland', 'country': 'Norway', 'postcode': '9692', 'coordinates': {'latitude': '40.7040', 'longitude': '-100.6329'}, 'timezone': {'offset': '+3:30', 'description': 'Tehran'}}, 'email': 'markus.sandal@example.com', 'login': {'uuid': '9b9de485-7b7d-4b45-b726-6aca5ac11a4f', 'username': 'blackgorilla452', 'password': 'iamgod', 'salt': 'BSEYQrtD', 'md5': '1cc07e4910c98bc55fd05dda0bb3b520', 'sha1': '46a6c6a75cf9b82f12f1325eb9fb3462d22f017c', 'sha256': 'bfe05fda43a30f1911531287d9eeb7b4ab56110d63d0269ca8308fd6563383ef'}, 'dob': {'date': '1981-02-25T18:32:47.093Z', 'age': 43}, 'registered': {'date': '2018-07-22T00:31:05.239Z', 'age': 5}, 'phone': '56801629', 'cell': '97254114', 'id': {'name': 'FN', 'value': '25028140781'}, 'picture': {'large': 'https://randomuser.me/api/portraits/men/66.jpg', 'medium': 'https://randomuser.me/api/portraits/med/men/66.jpg', 'thumbnail': 'https://randomuser.me/api/portraits/thumb/men/66.jpg'}, 'nat': 'NO'}], 'info': {'seed': '252d7d1e5e9dbb7c', 'results': 1, 'page': 1, 'version': '1.4'}}</msg>
<arg>${json_data}</arg>
<doc>Logs the given message with the given level.</doc>
<status status="PASS" start="2024-07-21T13:15:50.315423" elapsed="0.000211"/>
</kw>
<kw name="Should Be String" owner="String">
<arg>${json_data['results'][0]['gender']}</arg>
<doc>Fails if the given ``item`` is not a string.</doc>
<status status="PASS" start="2024-07-21T13:15:50.315928" elapsed="0.000363"/>
</kw>
<kw name="Should Match Regexp" owner="BuiltIn">
<arg>${json_data['results'][0]['email']}</arg>
<arg>^[a-zA-Z0-9._%+-]+@[a-zA-Z0-9.-]+\.[a-zA-Z]{2,}$</arg>
<doc>Fails if ``string`` does not match ``pattern`` as a regular expression.</doc>
<status status="PASS" start="2024-07-21T13:15:50.316477" elapsed="0.000512"/>
</kw>
<kw name="Should Match Regexp" owner="BuiltIn">
<arg>${json_data['results'][0]['dob']['date']}</arg>
<arg>\\d{4}-\\d{2}-\\d{2}T\\d{2}:\\d{2}:\\d{2}\\.\\d{3}Z</arg>
<doc>Fails if ``string`` does not match ``pattern`` as a regular expression.</doc>
<status status="PASS" start="2024-07-21T13:15:50.317215" elapsed="0.000624"/>
</kw>
<kw name="Should Match Regexp" owner="BuiltIn">
<arg>${json_data['results'][0]['registered']['date']}</arg>
<arg>\\d{4}-\\d{2}-\\d{2}T\\d{2}:\\d{2}:\\d{2}\\.\\d{3}Z</arg>
<doc>Fails if ``string`` does not match ``pattern`` as a regular expression.</doc>
<status status="PASS" start="2024-07-21T13:15:50.318034" elapsed="0.000374"/>
</kw>
<kw name="Should Match Regexp" owner="BuiltIn">
<arg>${json_data['results'][0]['picture']['large']}</arg>
<arg>^https?://.*\.(?:png|jpe?g|gif|bmp)$</arg>
<doc>Fails if ``string`` does not match ``pattern`` as a regular expression.</doc>
<status status="PASS" start="2024-07-21T13:15:50.318590" elapsed="0.000454"/>
</kw>
<kw name="Should Match Regexp" owner="BuiltIn">
<arg>${json_data['results'][0]['picture']['medium']}</arg>
<arg>^https?://.*\.(?:png|jpe?g|gif|bmp)$</arg>
<doc>Fails if ``string`` does not match ``pattern`` as a regular expression.</doc>
<status status="PASS" start="2024-07-21T13:15:50.319239" elapsed="0.000352"/>
</kw>
<kw name="Should Match Regexp" owner="BuiltIn">
<arg>${json_data['results'][0]['picture']['thumbnail']}</arg>
<arg>^https?://.*\.(?:png|jpe?g|gif|bmp)$</arg>
<doc>Fails if ``string`` does not match ``pattern`` as a regular expression.</doc>
<status status="PASS" start="2024-07-21T13:15:50.319772" elapsed="0.000344"/>
</kw>
<kw name="Log" owner="BuiltIn">
<msg time="2024-07-21T13:15:50.320616" level="INFO">{'large': 'https://randomuser.me/api/portraits/men/66.jpg', 'medium': 'https://randomuser.me/api/portraits/med/men/66.jpg', 'thumbnail': 'https://randomuser.me/api/portraits/thumb/men/66.jpg'}</msg>
<arg>${json_data['results'][0]['picture']}</arg>
<doc>Logs the given message with the given level.</doc>
<status status="PASS" start="2024-07-21T13:15:50.320294" elapsed="0.000363"/>
</kw>
<status status="PASS" start="2024-07-21T13:15:50.233606" elapsed="0.087302"/>
</kw>
<kw name="Teste de Tipos de Dados - Postcode" owner="random-user-service">
<kw name="GET On Session" owner="RequestsLibrary">
<msg time="2024-07-21T13:15:50.415900" level="INFO">GET Request : url=https://randomuser.me/api 
 path_url=/api 
 headers={'User-Agent': 'python-requests/2.32.3', 'Accept-Encoding': 'gzip, deflate', 'Accept': '*/*', 'Connection': 'keep-alive'} 
 body=None 
 </msg>
<msg time="2024-07-21T13:15:50.415974" level="INFO">GET Response : url=https://randomuser.me/api 
 status=200, reason=OK 
 headers={'Date': 'Sun, 21 Jul 2024 13:15:50 GMT', 'Content-Type': 'application/json; charset=utf-8', 'Transfer-Encoding': 'chunked', 'Connection': 'keep-alive', 'X-Powered-By': 'Express', 'Access-Control-Allow-Origin': '*', 'Cache-Control': 'no-cache', 'ETag': 'W/"4a5-txo5tXDVeElmz+CTsr8kr8k2J3k"', 'Vary': 'Accept-Encoding', 'Content-Encoding': 'gzip', 'CF-Cache-Status': 'DYNAMIC', 'Report-To': '{"endpoints":[{"url":"https:\\/\\/a.nel.cloudflare.com\\/report\\/v4?s=JsWZqozbrloTgEaF26aOFnMasz6HMza41RfBWXRG9uvAixd3YV9mJCAAUdY0o7l1jm9MHkQWDCCxLmMwc%2FwxSKxd3b8N%2BLrSeolhuAVk6IkS2IiLvRhCmxA%2FA5xMSpRh"}],"group":"cf-nel","max_age":604800}', 'NEL': '{"success_fraction":0,"report_to":"cf-nel","max_age":604800}', 'Server': 'cloudflare', 'CF-RAY': '8a6b76478f188790-IAD', 'alt-svc': 'h3=":443"; ma=86400'} 
 body={"results":[{"gender":"female","name":{"title":"Miss","first":"Ilariya","last":"Zaluzhniy"},"location":{"street":{"number":2990,"name":"Provulok Generala Dovatora"},"city":"Rzhishchiv","state":"Zaporizka","country":"Ukraine","postcode":19196,"coordinates":{"latitude":"76.3014","longitude":"129.4740"},"timezone":{"offset":"+5:30","description":"Bombay, Calcutta, Madras, New Delhi"}},"email":"ilariya.zaluzhniy@example.com","login":{"uuid":"554b44b5-1c08-4e12-913f-d7d222d89b24","username":"yellowsnake535","password":"coke","salt":"VbG4hi2f","md5":"292ef5229d9a2c6560ed86afb647ebfa","sha1":"4ffd0cce018a044ad9fc24a5c53263ee799d5d48","sha256":"7f1d9b8661c501c4940ee8b8177a8d71c029f235a256c55362e12b5bc78c707f"},"dob":{"date":"1993-07-31T20:52:31.349Z","age":30},"registered":{"date":"2005-04-09T13:32:22.277Z","age":19},"phone":"(067) V55-7128","cell":"(099) X02-2527","id":{"name":"","value":null},"picture":{"large":"https://randomuser.me/api/portraits/women/12.jpg","medium":"https://randomuser.me/api/portraits/med/women/12.jpg","thumbnail":"https://randomuser.me/api/portraits/thumb/women/12.jpg"},"nat":"UA"}],"info":{"seed":"e9e99fbe150606b2","results":1,"page":1,"version":"1.4"}} 
 </msg>
<msg time="2024-07-21T13:15:50.416040" level="INFO">/opt/hostedtoolcache/Python/3.12.4/x64/lib/python3.12/site-packages/urllib3/connectionpool.py:1099: InsecureRequestWarning: Unverified HTTPS request is being made to host 'randomuser.me'. Adding certificate verification is strongly advised. See: https://urllib3.readthedocs.io/en/latest/advanced-usage.html#tls-warnings
  warnings.warn(</msg>
<msg time="2024-07-21T13:15:50.416146" level="INFO">${response} = &lt;Response [200]&gt;</msg>
<var>${response}</var>
<arg>consultarAPI</arg>
<arg>/api</arg>
<doc>Sends a GET request on a previously created HTTP Session.</doc>
<status status="PASS" start="2024-07-21T13:15:50.321369" elapsed="0.094818"/>
</kw>
<kw name="Set Variable" owner="BuiltIn">
<msg time="2024-07-21T13:15:50.417203" level="INFO">${json_data} = {'results': [{'gender': 'female', 'name': {'title': 'Miss', 'first': 'Ilariya', 'last': 'Zaluzhniy'}, 'location': {'street': {'number': 2990, 'name': 'Provulok Generala Dovatora'}, 'city': 'Rzhishchiv...</msg>
<var>${json_data}</var>
<arg>${response.json()}</arg>
<doc>Returns the given values which can then be assigned to a variables.</doc>
<status status="PASS" start="2024-07-21T13:15:50.416620" elapsed="0.000612"/>
</kw>
<kw name="Log" owner="BuiltIn">
<msg time="2024-07-21T13:15:50.417735" level="INFO">{'results': [{'gender': 'female', 'name': {'title': 'Miss', 'first': 'Ilariya', 'last': 'Zaluzhniy'}, 'location': {'street': {'number': 2990, 'name': 'Provulok Generala Dovatora'}, 'city': 'Rzhishchiv', 'state': 'Zaporizka', 'country': 'Ukraine', 'postcode': 19196, 'coordinates': {'latitude': '76.3014', 'longitude': '129.4740'}, 'timezone': {'offset': '+5:30', 'description': 'Bombay, Calcutta, Madras, New Delhi'}}, 'email': 'ilariya.zaluzhniy@example.com', 'login': {'uuid': '554b44b5-1c08-4e12-913f-d7d222d89b24', 'username': 'yellowsnake535', 'password': 'coke', 'salt': 'VbG4hi2f', 'md5': '292ef5229d9a2c6560ed86afb647ebfa', 'sha1': '4ffd0cce018a044ad9fc24a5c53263ee799d5d48', 'sha256': '7f1d9b8661c501c4940ee8b8177a8d71c029f235a256c55362e12b5bc78c707f'}, 'dob': {'date': '1993-07-31T20:52:31.349Z', 'age': 30}, 'registered': {'date': '2005-04-09T13:32:22.277Z', 'age': 19}, 'phone': '(067) V55-7128', 'cell': '(099) X02-2527', 'id': {'name': '', 'value': None}, 'picture': {'large': 'https://randomuser.me/api/portraits/women/12.jpg', 'medium': 'https://randomuser.me/api/portraits/med/women/12.jpg', 'thumbnail': 'https://randomuser.me/api/portraits/thumb/women/12.jpg'}, 'nat': 'UA'}], 'info': {'seed': 'e9e99fbe150606b2', 'results': 1, 'page': 1, 'version': '1.4'}}</msg>
<arg>${json_data}</arg>
<doc>Logs the given message with the given level.</doc>
<status status="PASS" start="2024-07-21T13:15:50.417578" elapsed="0.000217"/>
</kw>
<kw name="Should Be Equal As Numbers" owner="BuiltIn">
<arg>${json_data['results'][0]['location']['postcode']}</arg>
<arg>${json_data['results'][0]['location']['postcode']}</arg>
<doc>Fails if objects are unequal after converting them to real numbers.</doc>
<status status="PASS" start="2024-07-21T13:15:50.418091" elapsed="0.000609"/>
</kw>
<kw name="Log" owner="BuiltIn">
<msg time="2024-07-21T13:15:50.419230" level="INFO">19196</msg>
<arg>${json_data['results'][0]['location']['postcode']}</arg>
<doc>Logs the given message with the given level.</doc>
<status status="PASS" start="2024-07-21T13:15:50.418890" elapsed="0.000380"/>
</kw>
<status status="PASS" start="2024-07-21T13:15:50.321116" elapsed="0.098428"/>
</kw>
<doc>Testa se os tipos de dados na resposta da API estão corretos.</doc>
<tag>testeTiposDados</tag>
<status status="PASS" start="2024-07-21T13:15:50.233127" elapsed="0.186574"/>
</test>
<test id="s1-s1-t5" name="Validar conteudo" line="35">
<kw name="Teste de Tipos de Conteudo" owner="random-user-service">
<kw name="GET On Session" owner="RequestsLibrary">
<msg time="2024-07-21T13:15:50.516714" level="INFO">GET Request : url=https://randomuser.me/api 
 path_url=/api 
 headers={'User-Agent': 'python-requests/2.32.3', 'Accept-Encoding': 'gzip, deflate', 'Accept': '*/*', 'Connection': 'keep-alive'} 
 body=None 
 </msg>
<msg time="2024-07-21T13:15:50.516790" level="INFO">GET Response : url=https://randomuser.me/api 
 status=200, reason=OK 
 headers={'Date': 'Sun, 21 Jul 2024 13:15:50 GMT', 'Content-Type': 'application/json; charset=utf-8', 'Transfer-Encoding': 'chunked', 'Connection': 'keep-alive', 'X-Powered-By': 'Express', 'Access-Control-Allow-Origin': '*', 'Cache-Control': 'no-cache', 'ETag': 'W/"490-ZkvgsXCD/wVK72yOQFN1VyE6HpY"', 'Vary': 'Accept-Encoding', 'Content-Encoding': 'gzip', 'CF-Cache-Status': 'DYNAMIC', 'Report-To': '{"endpoints":[{"url":"https:\\/\\/a.nel.cloudflare.com\\/report\\/v4?s=vSmoaKz0f731ujtTvNxxU1vVJxvR2h5g8SnRfW51IHB8Ynhbo8dGbi6MeBf6zZv4pOofLt8cd0qa2cYxYirKs6YjAI%2FIKGcWVi5hm45nKLoaNSLlDSnsSgazjVC0maEG"}],"group":"cf-nel","max_age":604800}', 'NEL': '{"success_fraction":0,"report_to":"cf-nel","max_age":604800}', 'Server': 'cloudflare', 'CF-RAY': '8a6b76482fc88790-IAD', 'alt-svc': 'h3=":443"; ma=86400'} 
 body={"results":[{"gender":"male","name":{"title":"Mr","first":"Bhuv","last":"Andrade"},"location":{"street":{"number":9447,"name":"Kasba Peth"},"city":"Kozhikode","state":"Kerala","country":"India","postcode":77716,"coordinates":{"latitude":"10.2384","longitude":"-90.6697"},"timezone":{"offset":"0:00","description":"Western Europe Time, London, Lisbon, Casablanca"}},"email":"bhuv.andrade@example.com","login":{"uuid":"307f687c-444e-48e9-b029-d92838431881","username":"blackmeercat867","password":"898989","salt":"pqs3H3J8","md5":"c762344f9ad34c0508c27b20ef1a3cbb","sha1":"d733c92750bfbe2a991c6d982dd31b36a66d9a82","sha256":"6be7da4070c50cc91abf54a8f34505aaa07234089e5341fc624b5dd6111297ff"},"dob":{"date":"1979-10-06T23:05:42.989Z","age":44},"registered":{"date":"2005-03-24T14:21:05.423Z","age":19},"phone":"7532055146","cell":"9917719840","id":{"name":"UIDAI","value":"510747691204"},"picture":{"large":"https://randomuser.me/api/portraits/men/50.jpg","medium":"https://randomuser.me/api/portraits/med/men/50.jpg","thumbnail":"https://randomuser.me/api/portraits/thumb/men/50.jpg"},"nat":"IN"}],"info":{"seed":"a63aa9d6cc558e74","results":1,"page":1,"version":"1.4"}} 
 </msg>
<msg time="2024-07-21T13:15:50.516856" level="INFO">/opt/hostedtoolcache/Python/3.12.4/x64/lib/python3.12/site-packages/urllib3/connectionpool.py:1099: InsecureRequestWarning: Unverified HTTPS request is being made to host 'randomuser.me'. Adding certificate verification is strongly advised. See: https://urllib3.readthedocs.io/en/latest/advanced-usage.html#tls-warnings
  warnings.warn(</msg>
<msg time="2024-07-21T13:15:50.516968" level="INFO">${response} = &lt;Response [200]&gt;</msg>
<var>${response}</var>
<arg>consultarAPI</arg>
<arg>/api</arg>
<doc>Sends a GET request on a previously created HTTP Session.</doc>
<status status="PASS" start="2024-07-21T13:15:50.422170" elapsed="0.094846"/>
</kw>
<kw name="Set Variable" owner="BuiltIn">
<msg time="2024-07-21T13:15:50.518112" level="INFO">${json_data} = {'results': [{'gender': 'male', 'name': {'title': 'Mr', 'first': 'Bhuv', 'last': 'Andrade'}, 'location': {'street': {'number': 9447, 'name': 'Kasba Peth'}, 'city': 'Kozhikode', 'state': 'Kerala', 'cou...</msg>
<var>${json_data}</var>
<arg>${response.json()}</arg>
<doc>Returns the given values which can then be assigned to a variables.</doc>
<status status="PASS" start="2024-07-21T13:15:50.517538" elapsed="0.000602"/>
</kw>
<kw name="Set Variable" owner="BuiltIn">
<msg time="2024-07-21T13:15:50.518835" level="INFO">${name_title} = Mr</msg>
<var>${name_title}</var>
<arg>${json_data["results"][0]["name"]["title"]}</arg>
<doc>Returns the given values which can then be assigned to a variables.</doc>
<status status="PASS" start="2024-07-21T13:15:50.518454" elapsed="0.000406"/>
</kw>
<kw name="Create List" owner="BuiltIn">
<msg time="2024-07-21T13:15:50.519297" level="INFO">${allowed_titles} = ['Mr', 'Ms', 'Miss', 'Mrs', 'Madame', 'Monsieur']</msg>
<var>${allowed_titles}</var>
<arg>Mr</arg>
<arg>Ms</arg>
<arg>Miss</arg>
<arg>Mrs</arg>
<arg>Madame</arg>
<arg>Monsieur</arg>
<doc>Returns a list containing given items.</doc>
<status status="PASS" start="2024-07-21T13:15:50.519150" elapsed="0.000171"/>
</kw>
<kw name="List Should Contain Value" owner="Collections">
<arg>${allowed_titles}</arg>
<arg>${name_title}</arg>
<doc>Fails if the ``value`` is not found from ``list``.</doc>
<status status="PASS" start="2024-07-21T13:15:50.519620" elapsed="0.000170"/>
</kw>
<kw name="Set Variable" owner="BuiltIn">
<msg time="2024-07-21T13:15:50.520343" level="INFO">${name_country} = IN</msg>
<var>${name_country}</var>
<arg>${json_data["results"][0]["nat"]}</arg>
<doc>Returns the given values which can then be assigned to a variables.</doc>
<status status="PASS" start="2024-07-21T13:15:50.519971" elapsed="0.000397"/>
</kw>
<kw name="Create List" owner="BuiltIn">
<msg time="2024-07-21T13:15:50.521252" level="INFO">${list_country} = ['AD', 'AE', 'AF', 'AG', 'AI', 'AL', 'AM', 'AO', 'AQ', 'AR', 'AS', 'AT', 'AU', 'AW', 'AX', 'AZ', 'BA', 'BB', 'BD', 'BE', 'BF', 'BG', 'BH', 'BI', 'BJ', 'BL', 'BM', 'BN', 'BO', 'BQ', 'BR', 'BS', 'BT', '...</msg>
<var>${list_country}</var>
<arg>AD</arg>
<arg>AE</arg>
<arg>AF</arg>
<arg>AG</arg>
<arg>AI</arg>
<arg>AL</arg>
<arg>AM</arg>
<arg>AO</arg>
<arg>AQ</arg>
<arg>AR</arg>
<arg>AS</arg>
<arg>AT</arg>
<arg>AU</arg>
<arg>AW</arg>
<arg>AX</arg>
<arg>AZ</arg>
<arg>BA</arg>
<arg>BB</arg>
<arg>BD</arg>
<arg>BE</arg>
<arg>BF</arg>
<arg>BG</arg>
<arg>BH</arg>
<arg>BI</arg>
<arg>BJ</arg>
<arg>BL</arg>
<arg>BM</arg>
<arg>BN</arg>
<arg>BO</arg>
<arg>BQ</arg>
<arg>BR</arg>
<arg>BS</arg>
<arg>BT</arg>
<arg>BV</arg>
<arg>BW</arg>
<arg>BY</arg>
<arg>BZ</arg>
<arg>CA</arg>
<arg>CC</arg>
<arg>CD</arg>
<arg>CF</arg>
<arg>CG</arg>
<arg>CH</arg>
<arg>CI</arg>
<arg>CK</arg>
<arg>CL</arg>
<arg>CM</arg>
<arg>CN</arg>
<arg>CO</arg>
<arg>CR</arg>
<arg>CU</arg>
<arg>CV</arg>
<arg>CW</arg>
<arg>CX</arg>
<arg>CY</arg>
<arg>CZ</arg>
<arg>DE</arg>
<arg>DJ</arg>
<arg>DK</arg>
<arg>DM</arg>
<arg>DO</arg>
<arg>DZ</arg>
<arg>EC</arg>
<arg>EE</arg>
<arg>EG</arg>
<arg>EH</arg>
<arg>ER</arg>
<arg>ES</arg>
<arg>ET</arg>
<arg>FI</arg>
<arg>FJ</arg>
<arg>FK</arg>
<arg>FM</arg>
<arg>FO</arg>
<arg>FR</arg>
<arg>GA</arg>
<arg>GB</arg>
<arg>GD</arg>
<arg>GE</arg>
<arg>GF</arg>
<arg>GG</arg>
<arg>GH</arg>
<arg>GI</arg>
<arg>GL</arg>
<arg>GM</arg>
<arg>GN</arg>
<arg>GP</arg>
<arg>GQ</arg>
<arg>GR</arg>
<arg>GS</arg>
<arg>GT</arg>
<arg>GU</arg>
<arg>GW</arg>
<arg>GY</arg>
<arg>HK</arg>
<arg>HM</arg>
<arg>HN</arg>
<arg>HR</arg>
<arg>HT</arg>
<arg>HU</arg>
<arg>ID</arg>
<arg>IE</arg>
<arg>IL</arg>
<arg>IM</arg>
<arg>IN</arg>
<arg>IO</arg>
<arg>IQ</arg>
<arg>IR</arg>
<arg>IS</arg>
<arg>IT</arg>
<arg>JE</arg>
<arg>JM</arg>
<arg>JO</arg>
<arg>JP</arg>
<arg>KE</arg>
<arg>KG</arg>
<arg>KH</arg>
<arg>KI</arg>
<arg>KM</arg>
<arg>KN</arg>
<arg>KP</arg>
<arg>KR</arg>
<arg>KW</arg>
<arg>KY</arg>
<arg>KZ</arg>
<arg>LA</arg>
<arg>LB</arg>
<arg>LC</arg>
<arg>LI</arg>
<arg>LK</arg>
<arg>LR</arg>
<arg>LS</arg>
<arg>LT</arg>
<arg>LU</arg>
<arg>LV</arg>
<arg>LY</arg>
<arg>MA</arg>
<arg>MC</arg>
<arg>MD</arg>
<arg>ME</arg>
<arg>MF</arg>
<arg>MG</arg>
<arg>MH</arg>
<arg>MK</arg>
<arg>ML</arg>
<arg>MM</arg>
<arg>MN</arg>
<arg>MO</arg>
<arg>MP</arg>
<arg>MQ</arg>
<arg>MR</arg>
<arg>MS</arg>
<arg>MT</arg>
<arg>MU</arg>
<arg>MV</arg>
<arg>MW</arg>
<arg>MX</arg>
<arg>MY</arg>
<arg>MZ</arg>
<arg>NA</arg>
<arg>NC</arg>
<arg>NE</arg>
<arg>NF</arg>
<arg>NG</arg>
<arg>NI</arg>
<arg>NL</arg>
<arg>NO</arg>
<arg>NP</arg>
<arg>NR</arg>
<arg>NU</arg>
<arg>NZ</arg>
<arg>OM</arg>
<arg>PA</arg>
<arg>PE</arg>
<arg>PF</arg>
<arg>PG</arg>
<arg>PH</arg>
<arg>PK</arg>
<arg>PL</arg>
<arg>PM</arg>
<arg>PN</arg>
<arg>PR</arg>
<arg>PS</arg>
<arg>PT</arg>
<arg>PW</arg>
<arg>PY</arg>
<arg>QA</arg>
<arg>RE</arg>
<arg>RO</arg>
<arg>RS</arg>
<arg>RU</arg>
<arg>RW</arg>
<arg>SA</arg>
<arg>SB</arg>
<arg>SC</arg>
<arg>SD</arg>
<arg>SE</arg>
<arg>SG</arg>
<arg>SH</arg>
<arg>SI</arg>
<arg>SJ</arg>
<arg>SK</arg>
<arg>SL</arg>
<arg>SM</arg>
<arg>SN</arg>
<arg>SO</arg>
<arg>SR</arg>
<arg>SS</arg>
<arg>ST</arg>
<arg>SV</arg>
<arg>SX</arg>
<arg>SY</arg>
<arg>SZ</arg>
<arg>TC</arg>
<arg>TD</arg>
<arg>TF</arg>
<arg>TG</arg>
<arg>TH</arg>
<arg>TJ</arg>
<arg>TK</arg>
<arg>TL</arg>
<arg>TM</arg>
<arg>TN</arg>
<arg>TO</arg>
<arg>TR</arg>
<arg>TT</arg>
<arg>TV</arg>
<arg>TW</arg>
<arg>TZ</arg>
<arg>UA</arg>
<arg>UG</arg>
<arg>UM</arg>
<arg>US</arg>
<arg>UY</arg>
<arg>UZ</arg>
<arg>VA</arg>
<arg>VC</arg>
<arg>VE</arg>
<arg>VG</arg>
<arg>VI</arg>
<arg>VN</arg>
<arg>VU</arg>
<arg>WF</arg>
<arg>WS</arg>
<arg>XK</arg>
<arg>YE</arg>
<arg>YT</arg>
<arg>ZA</arg>
<arg>ZM</arg>
<arg>ZW</arg>
<doc>Returns a list containing given items.</doc>
<status status="PASS" start="2024-07-21T13:15:50.520661" elapsed="0.000641"/>
</kw>
<kw name="List Should Contain Value" owner="Collections">
<arg>${list_country}</arg>
<arg>${name_country}</arg>
<doc>Fails if the ``value`` is not found from ``list``.</doc>
<status status="PASS" start="2024-07-21T13:15:50.522248" elapsed="0.000209"/>
</kw>
<kw name="Run Keyword If" owner="BuiltIn">
<kw name="Should Be True" owner="BuiltIn">
<arg>${True}</arg>
<doc>Fails if the given condition is not true.</doc>
<status status="PASS" start="2024-07-21T13:15:50.523403" elapsed="0.000144"/>
</kw>
<arg>${json_data["results"][0]["location"]["coordinates"]["latitude"]} &gt;= -90 and ${json_data["results"][0]["location"]["coordinates"]["latitude"]} &lt;= 90</arg>
<arg>Should Be True</arg>
<arg>${True}</arg>
<doc>Runs the given keyword with the given arguments, if ``condition`` is true.</doc>
<status status="PASS" start="2024-07-21T13:15:50.522656" elapsed="0.001016"/>
</kw>
<kw name="Run Keyword If" owner="BuiltIn">
<kw name="Should Be True" owner="BuiltIn">
<arg>${True}</arg>
<doc>Fails if the given condition is not true.</doc>
<status status="PASS" start="2024-07-21T13:15:50.524551" elapsed="0.000136"/>
</kw>
<arg>${json_data["results"][0]["location"]["coordinates"]["longitude"]} &gt;= -180 and ${json_data["results"][0]["location"]["coordinates"]["longitude"]} &lt;= 180</arg>
<arg>Should Be True</arg>
<arg>${True}</arg>
<doc>Runs the given keyword with the given arguments, if ``condition`` is true.</doc>
<status status="PASS" start="2024-07-21T13:15:50.523856" elapsed="0.000955"/>
</kw>
<status status="PASS" start="2024-07-21T13:15:50.421955" elapsed="0.102981"/>
</kw>
<doc>Testa o conteúdo específico dos campos retornados pela API.</doc>
<tag>testeConteudo</tag>
<status status="PASS" start="2024-07-21T13:15:50.421457" elapsed="0.103636"/>
</test>
<status status="PASS" start="2024-07-21T13:15:49.606046" elapsed="0.921009"/>
</suite>
<status status="PASS" start="2024-07-21T13:15:49.592037" elapsed="0.939983"/>
</suite>
<statistics>
<total>
<stat pass="5" fail="0" skip="0">All Tests</stat>
</total>
<tag>
<stat pass="1" fail="0" skip="0">testeConteudo</stat>
<stat pass="1" fail="0" skip="0">testeEstruturaResposta</stat>
<stat pass="1" fail="0" skip="0">testeRequisicaoBasica</stat>
<stat pass="1" fail="0" skip="0">testeTiposDados</stat>
</tag>
<suite>
<stat pass="5" fail="0" skip="0" id="s1" name="Tests">Tests</stat>
<stat pass="5" fail="0" skip="0" id="s1-s1" name="Random-User-Test">Tests.Random-User-Test</stat>
</suite>
</statistics>
<errors>
</errors>
</robot>
