<?xml version="1.0" encoding="UTF-8"?>
<robot generator="Robot 7.0 (Python 3.12.3 on linux)" generated="2024-05-18T19:10:48.596191" rpa="false" schemaversion="5">
<suite id="s1" name="Tests" source="/home/runner/work/DesafioQAItauRogerioJordao/DesafioQAItauRogerioJordao/RamdonUser/tests">
<suite id="s1-s1" name="Random-User-Test" source="/home/runner/work/DesafioQAItauRogerioJordao/DesafioQAItauRogerioJordao/RamdonUser/tests/random-user-test.robot">
<test id="s1-s1-t1" name="Conectar" line="13">
<kw name="Conectar API" owner="random-user-service">
<kw name="Create Session" owner="RequestsLibrary">
<msg time="2024-05-18T19:10:48.959969" level="INFO">Creating Session using : alias=consultarAPI, url=https://randomuser.me/, headers={},                     cookies={}, auth=None, timeout=None, proxies=None, verify=False,                     debug=0 </msg>
<arg>consultarAPI</arg>
<arg>${URL}</arg>
<doc>Create Session: create a HTTP session to a server</doc>
<status status="PASS" start="2024-05-18T19:10:48.959760" elapsed="0.000400"/>
</kw>
<status status="PASS" start="2024-05-18T19:10:48.958724" elapsed="0.001807"/>
</kw>
<status status="PASS" start="2024-05-18T19:10:48.958138" elapsed="0.002593"/>
</test>
<test id="s1-s1-t2" name="Validar retorno 200 e JSON Válido" line="16">
<kw name="Teste de Requisicao Basica" owner="random-user-service">
<kw name="GET On Session" owner="RequestsLibrary">
<msg time="2024-05-18T19:10:49.037242" level="INFO">GET Request : url=https://randomuser.me/api 
 path_url=/api 
 headers={'User-Agent': 'python-requests/2.31.0', 'Accept-Encoding': 'gzip, deflate', 'Accept': '*/*', 'Connection': 'keep-alive'} 
 body=None 
 </msg>
<msg time="2024-05-18T19:10:49.037377" level="INFO">GET Response : url=https://randomuser.me/api 
 status=200, reason=OK 
 headers={'Date': 'Sat, 18 May 2024 19:10:49 GMT', 'Content-Type': 'application/json; charset=utf-8', 'Transfer-Encoding': 'chunked', 'Connection': 'keep-alive', 'X-Powered-By': 'Express', 'Access-Control-Allow-Origin': '*', 'Cache-Control': 'no-cache', 'ETag': 'W/"471-9+g729+Z65snlJhUMgMDM4Ix6/E"', 'Vary': 'Accept-Encoding', 'Content-Encoding': 'gzip', 'CF-Cache-Status': 'DYNAMIC', 'Report-To': '{"endpoints":[{"url":"https:\\/\\/a.nel.cloudflare.com\\/report\\/v4?s=xOqXc3boPS15OFU%2Bh4RA%2BX0An%2B0cMiC0j%2BFzJFR152chL8qPHauggCTDmt9%2Fld5Runt77v3MnDOwTKhNdk%2BY3gdLezTwnnawA8%2FWrRg2YNahZedC0lgBd6NMXcAfpEbK"}],"group":"cf-nel","max_age":604800}', 'NEL': '{"success_fraction":0,"report_to":"cf-nel","max_age":604800}', 'Server': 'cloudflare', 'CF-RAY': '885e2644497838a4-IAD', 'alt-svc': 'h3=":443"; ma=86400'} 
 body={"results":[{"gender":"male","name":{"title":"Mr","first":"Noham","last":"Leroux"},"location":{"street":{"number":8476,"name":"Rue Baraban"},"city":"Le Mans","state":"Manche","country":"France","postcode":42395,"coordinates":{"latitude":"-17.7523","longitude":"-29.3893"},"timezone":{"offset":"+3:30","description":"Tehran"}},"email":"noham.leroux@example.com","login":{"uuid":"c99d6695-3597-4170-a2ee-fc4576f214f0","username":"tinyswan985","password":"bonita","salt":"owJEfEd4","md5":"38cfca650c4c347484b2cb55333a951e","sha1":"67d6be5a02349f6b78412a2fac73c85c2e33bf02","sha256":"97d2873e7fc23a25c98c4a60ddcea6dd5afea1db88e4c53748f5287a762d73af"},"dob":{"date":"1987-06-28T20:43:37.564Z","age":36},"registered":{"date":"2007-09-27T15:20:41.768Z","age":16},"phone":"03-39-10-29-07","cell":"06-46-21-03-47","id":{"name":"INSEE","value":"1870549302152 73"},"picture":{"large":"https://randomuser.me/api/portraits/men/32.jpg","medium":"https://randomuser.me/api/portraits/med/men/32.jpg","thumbnail":"https://randomuser.me/api/portraits/thumb/men/32.jpg"},"nat":"FR"}],"info":{"seed":"dcfd2d8dac8ef80b","results":1,"page":1,"version":"1.4"}} 
 </msg>
<msg time="2024-05-18T19:10:49.037453" level="INFO">/opt/hostedtoolcache/Python/3.12.3/x64/lib/python3.12/site-packages/urllib3/connectionpool.py:1103: InsecureRequestWarning: Unverified HTTPS request is being made to host 'randomuser.me'. Adding certificate verification is strongly advised. See: https://urllib3.readthedocs.io/en/latest/advanced-usage.html#tls-warnings
  warnings.warn(</msg>
<msg time="2024-05-18T19:10:49.037577" level="INFO">${response} = &lt;Response [200]&gt;</msg>
<var>${response}</var>
<arg>consultarAPI</arg>
<arg>/api</arg>
<doc>Sends a GET request on a previously created HTTP Session.</doc>
<status status="PASS" start="2024-05-18T19:10:48.963405" elapsed="0.074215"/>
</kw>
<kw name="Should Be Equal As Numbers" owner="BuiltIn">
<msg time="2024-05-18T19:10:49.038577" level="INFO">Argument types are:
&lt;class 'int'&gt;
&lt;class 'str'&gt;</msg>
<arg>${response.status_code}</arg>
<arg>200</arg>
<doc>Fails if objects are unequal after converting them to real numbers.</doc>
<status status="PASS" start="2024-05-18T19:10:49.038121" elapsed="0.000522"/>
</kw>
<kw name="Log" owner="BuiltIn">
<msg time="2024-05-18T19:10:49.039393" level="INFO">200</msg>
<arg>${response.status_code}</arg>
<doc>Logs the given message with the given level.</doc>
<status status="PASS" start="2024-05-18T19:10:49.039028" elapsed="0.000409"/>
</kw>
<kw name="Set Variable" owner="BuiltIn">
<msg time="2024-05-18T19:10:49.040178" level="INFO">${json_data} = {'results': [{'gender': 'male', 'name': {'title': 'Mr', 'first': 'Noham', 'last': 'Leroux'}, 'location': {'street': {'number': 8476, 'name': 'Rue Baraban'}, 'city': 'Le Mans', 'state': 'Manche', 'coun...</msg>
<var>${json_data}</var>
<arg>${response.json()}</arg>
<doc>Returns the given values which can then be assigned to a variables.</doc>
<status status="PASS" start="2024-05-18T19:10:49.039747" elapsed="0.000461"/>
</kw>
<kw name="Dictionary Should Contain Key" owner="Collections">
<msg time="2024-05-18T19:10:49.040684" level="INFO">False</msg>
<arg>${json_data}</arg>
<arg>results</arg>
<doc>Fails if ``key`` is not found from ``dictionary``.</doc>
<status status="PASS" start="2024-05-18T19:10:49.040513" elapsed="0.000221"/>
</kw>
<status status="PASS" start="2024-05-18T19:10:48.963160" elapsed="0.077834"/>
</kw>
<doc>Testa se a API responde corretamente e retorna um objeto JSON válido.</doc>
<tag>testeRequisicaoBasica</tag>
<status status="PASS" start="2024-05-18T19:10:48.962670" elapsed="0.078508"/>
</test>
<test id="s1-s1-t3" name="Validar estrutura de resposta" line="22">
<kw name="Teste de Estrutura de Resposta" owner="random-user-service">
<kw name="GET On Session" owner="RequestsLibrary">
<msg time="2024-05-18T19:10:49.143241" level="INFO">GET Request : url=https://randomuser.me/api 
 path_url=/api 
 headers={'User-Agent': 'python-requests/2.31.0', 'Accept-Encoding': 'gzip, deflate', 'Accept': '*/*', 'Connection': 'keep-alive'} 
 body=None 
 </msg>
<msg time="2024-05-18T19:10:49.143345" level="INFO">GET Response : url=https://randomuser.me/api 
 status=200, reason=OK 
 headers={'Date': 'Sat, 18 May 2024 19:10:49 GMT', 'Content-Type': 'application/json; charset=utf-8', 'Transfer-Encoding': 'chunked', 'Connection': 'keep-alive', 'X-Powered-By': 'Express', 'Access-Control-Allow-Origin': '*', 'Cache-Control': 'no-cache', 'ETag': 'W/"482-KojZQvd5xNIeHp2Cz8vQiaF4aLA"', 'Vary': 'Accept-Encoding', 'Content-Encoding': 'gzip', 'CF-Cache-Status': 'DYNAMIC', 'Report-To': '{"endpoints":[{"url":"https:\\/\\/a.nel.cloudflare.com\\/report\\/v4?s=dcrd2wB3ZOfgX7P7tH%2BkGir95%2FlnCc1%2BxM4CHaVyv6lZceM5O8I4TnQFj3dBrf5zGOLtYBNkzgDtHsKm%2FNZedxlfY8ECzXbkm231jdGMW2TRbKFvM%2FcdWcce%2BEdO37BX"}],"group":"cf-nel","max_age":604800}', 'NEL': '{"success_fraction":0,"report_to":"cf-nel","max_age":604800}', 'Server': 'cloudflare', 'CF-RAY': '885e264489cd38a4-IAD', 'alt-svc': 'h3=":443"; ma=86400'} 
 body={"results":[{"gender":"male","name":{"title":"Mr","first":"Hotimir","last":"Radeckiy"},"location":{"street":{"number":6297,"name":"Sortuvalna"},"city":"Almazna","state":"Avtonomna Respublika Krim","country":"Ukraine","postcode":64374,"coordinates":{"latitude":"77.7371","longitude":"-150.2480"},"timezone":{"offset":"-2:00","description":"Mid-Atlantic"}},"email":"hotimir.radeckiy@example.com","login":{"uuid":"eb6ad009-8ce4-412f-8d42-369f5cfd54d1","username":"goldencat288","password":"starfire","salt":"FV4qej0a","md5":"0ccb8c5e7fc4a04bb4c68518268c82e9","sha1":"662cd9ca486f48aa2792df0d249d08b351bf7e88","sha256":"a717ad676362f5bab745e0b5c972d3e492d7213451ff73b2b29fe09aba17192f"},"dob":{"date":"1967-04-29T18:23:52.254Z","age":57},"registered":{"date":"2013-11-21T18:00:07.442Z","age":10},"phone":"(068) U98-3380","cell":"(099) K49-4916","id":{"name":"","value":null},"picture":{"large":"https://randomuser.me/api/portraits/men/99.jpg","medium":"https://randomuser.me/api/portraits/med/men/99.jpg","thumbnail":"https://randomuser.me/api/portraits/thumb/men/99.jpg"},"nat":"UA"}],"info":{"seed":"b08de05829f58a82","results":1,"page":1,"version":"1.4"}} 
 </msg>
<msg time="2024-05-18T19:10:49.143477" level="INFO">/opt/hostedtoolcache/Python/3.12.3/x64/lib/python3.12/site-packages/urllib3/connectionpool.py:1103: InsecureRequestWarning: Unverified HTTPS request is being made to host 'randomuser.me'. Adding certificate verification is strongly advised. See: https://urllib3.readthedocs.io/en/latest/advanced-usage.html#tls-warnings
  warnings.warn(</msg>
<msg time="2024-05-18T19:10:49.143603" level="INFO">${response} = &lt;Response [200]&gt;</msg>
<var>${response}</var>
<arg>consultarAPI</arg>
<arg>/api</arg>
<doc>Sends a GET request on a previously created HTTP Session.</doc>
<status status="PASS" start="2024-05-18T19:10:49.044192" elapsed="0.099449"/>
</kw>
<kw name="Set Variable" owner="BuiltIn">
<msg time="2024-05-18T19:10:49.144715" level="INFO">${json_data} = {'results': [{'gender': 'male', 'name': {'title': 'Mr', 'first': 'Hotimir', 'last': 'Radeckiy'}, 'location': {'street': {'number': 6297, 'name': 'Sortuvalna'}, 'city': 'Almazna', 'state': 'Avtonomna R...</msg>
<var>${json_data}</var>
<arg>${response.json()}</arg>
<doc>Returns the given values which can then be assigned to a variables.</doc>
<status status="PASS" start="2024-05-18T19:10:49.144178" elapsed="0.000567"/>
</kw>
<kw name="Log" owner="BuiltIn">
<msg time="2024-05-18T19:10:49.145222" level="INFO">{'results': [{'gender': 'male', 'name': {'title': 'Mr', 'first': 'Hotimir', 'last': 'Radeckiy'}, 'location': {'street': {'number': 6297, 'name': 'Sortuvalna'}, 'city': 'Almazna', 'state': 'Avtonomna Respublika Krim', 'country': 'Ukraine', 'postcode': 64374, 'coordinates': {'latitude': '77.7371', 'longitude': '-150.2480'}, 'timezone': {'offset': '-2:00', 'description': 'Mid-Atlantic'}}, 'email': 'hotimir.radeckiy@example.com', 'login': {'uuid': 'eb6ad009-8ce4-412f-8d42-369f5cfd54d1', 'username': 'goldencat288', 'password': 'starfire', 'salt': 'FV4qej0a', 'md5': '0ccb8c5e7fc4a04bb4c68518268c82e9', 'sha1': '662cd9ca486f48aa2792df0d249d08b351bf7e88', 'sha256': 'a717ad676362f5bab745e0b5c972d3e492d7213451ff73b2b29fe09aba17192f'}, 'dob': {'date': '1967-04-29T18:23:52.254Z', 'age': 57}, 'registered': {'date': '2013-11-21T18:00:07.442Z', 'age': 10}, 'phone': '(068) U98-3380', 'cell': '(099) K49-4916', 'id': {'name': '', 'value': None}, 'picture': {'large': 'https://randomuser.me/api/portraits/men/99.jpg', 'medium': 'https://randomuser.me/api/portraits/med/men/99.jpg', 'thumbnail': 'https://randomuser.me/api/portraits/thumb/men/99.jpg'}, 'nat': 'UA'}], 'info': {'seed': 'b08de05829f58a82', 'results': 1, 'page': 1, 'version': '1.4'}}</msg>
<arg>${json_data}</arg>
<doc>Logs the given message with the given level.</doc>
<status status="PASS" start="2024-05-18T19:10:49.145062" elapsed="0.000209"/>
</kw>
<kw name="Dictionary Should Contain Key" owner="Collections">
<msg time="2024-05-18T19:10:49.145752" level="INFO">False</msg>
<arg>${json_data}</arg>
<arg>results</arg>
<doc>Fails if ``key`` is not found from ``dictionary``.</doc>
<status status="PASS" start="2024-05-18T19:10:49.145579" elapsed="0.000211"/>
</kw>
<kw name="Should Not Be Empty" owner="BuiltIn">
<msg time="2024-05-18T19:10:49.146229" level="INFO">Length is 2.</msg>
<arg>${json_data}</arg>
<doc>Verifies that the given item is not empty.</doc>
<status status="PASS" start="2024-05-18T19:10:49.146088" elapsed="0.000363"/>
</kw>
<kw name="Create List" owner="BuiltIn">
<msg time="2024-05-18T19:10:49.147000" level="INFO">${expected_keys} = ['gender', 'name', 'location', 'email', 'login']</msg>
<var>${expected_keys}</var>
<arg>gender</arg>
<arg>name</arg>
<arg>location</arg>
<arg>email</arg>
<arg>login</arg>
<doc>Returns a list containing given items.</doc>
<status status="PASS" start="2024-05-18T19:10:49.146834" elapsed="0.000191"/>
</kw>
<for flavor="IN">
<iter>
<kw name="Dictionary Should Contain Key" owner="Collections">
<msg time="2024-05-18T19:10:49.148037" level="INFO">False</msg>
<arg>${json_data['results'][0]}</arg>
<arg>${key}</arg>
<doc>Fails if ``key`` is not found from ``dictionary``.</doc>
<status status="PASS" start="2024-05-18T19:10:49.147630" elapsed="0.000446"/>
</kw>
<kw name="Log" owner="BuiltIn">
<msg time="2024-05-18T19:10:49.148750" level="INFO">{'gender': 'male', 'name': {'title': 'Mr', 'first': 'Hotimir', 'last': 'Radeckiy'}, 'location': {'street': {'number': 6297, 'name': 'Sortuvalna'}, 'city': 'Almazna', 'state': 'Avtonomna Respublika Krim', 'country': 'Ukraine', 'postcode': 64374, 'coordinates': {'latitude': '77.7371', 'longitude': '-150.2480'}, 'timezone': {'offset': '-2:00', 'description': 'Mid-Atlantic'}}, 'email': 'hotimir.radeckiy@example.com', 'login': {'uuid': 'eb6ad009-8ce4-412f-8d42-369f5cfd54d1', 'username': 'goldencat288', 'password': 'starfire', 'salt': 'FV4qej0a', 'md5': '0ccb8c5e7fc4a04bb4c68518268c82e9', 'sha1': '662cd9ca486f48aa2792df0d249d08b351bf7e88', 'sha256': 'a717ad676362f5bab745e0b5c972d3e492d7213451ff73b2b29fe09aba17192f'}, 'dob': {'date': '1967-04-29T18:23:52.254Z', 'age': 57}, 'registered': {'date': '2013-11-21T18:00:07.442Z', 'age': 10}, 'phone': '(068) U98-3380', 'cell': '(099) K49-4916', 'id': {'name': '', 'value': None}, 'picture': {'large': 'https://randomuser.me/api/portraits/men/99.jpg', 'medium': 'https://randomuser.me/api/portraits/med/men/99.jpg', 'thumbnail': 'https://randomuser.me/api/portraits/thumb/men/99.jpg'}, 'nat': 'UA'}</msg>
<arg>${json_data['results'][0]}</arg>
<doc>Logs the given message with the given level.</doc>
<status status="PASS" start="2024-05-18T19:10:49.148382" elapsed="0.000418"/>
</kw>
<kw name="Log" owner="BuiltIn">
<msg time="2024-05-18T19:10:49.149240" level="INFO">gender</msg>
<arg>${key}</arg>
<doc>Logs the given message with the given level.</doc>
<status status="PASS" start="2024-05-18T19:10:49.149110" elapsed="0.000169"/>
</kw>
<var name="${key}">gender</var>
<status status="PASS" start="2024-05-18T19:10:49.147502" elapsed="0.001998"/>
</iter>
<iter>
<kw name="Dictionary Should Contain Key" owner="Collections">
<msg time="2024-05-18T19:10:49.150191" level="INFO">False</msg>
<arg>${json_data['results'][0]}</arg>
<arg>${key}</arg>
<doc>Fails if ``key`` is not found from ``dictionary``.</doc>
<status status="PASS" start="2024-05-18T19:10:49.149809" elapsed="0.000419"/>
</kw>
<kw name="Log" owner="BuiltIn">
<msg time="2024-05-18T19:10:49.150950" level="INFO">{'gender': 'male', 'name': {'title': 'Mr', 'first': 'Hotimir', 'last': 'Radeckiy'}, 'location': {'street': {'number': 6297, 'name': 'Sortuvalna'}, 'city': 'Almazna', 'state': 'Avtonomna Respublika Krim', 'country': 'Ukraine', 'postcode': 64374, 'coordinates': {'latitude': '77.7371', 'longitude': '-150.2480'}, 'timezone': {'offset': '-2:00', 'description': 'Mid-Atlantic'}}, 'email': 'hotimir.radeckiy@example.com', 'login': {'uuid': 'eb6ad009-8ce4-412f-8d42-369f5cfd54d1', 'username': 'goldencat288', 'password': 'starfire', 'salt': 'FV4qej0a', 'md5': '0ccb8c5e7fc4a04bb4c68518268c82e9', 'sha1': '662cd9ca486f48aa2792df0d249d08b351bf7e88', 'sha256': 'a717ad676362f5bab745e0b5c972d3e492d7213451ff73b2b29fe09aba17192f'}, 'dob': {'date': '1967-04-29T18:23:52.254Z', 'age': 57}, 'registered': {'date': '2013-11-21T18:00:07.442Z', 'age': 10}, 'phone': '(068) U98-3380', 'cell': '(099) K49-4916', 'id': {'name': '', 'value': None}, 'picture': {'large': 'https://randomuser.me/api/portraits/men/99.jpg', 'medium': 'https://randomuser.me/api/portraits/med/men/99.jpg', 'thumbnail': 'https://randomuser.me/api/portraits/thumb/men/99.jpg'}, 'nat': 'UA'}</msg>
<arg>${json_data['results'][0]}</arg>
<doc>Logs the given message with the given level.</doc>
<status status="PASS" start="2024-05-18T19:10:49.150554" elapsed="0.000446"/>
</kw>
<kw name="Log" owner="BuiltIn">
<msg time="2024-05-18T19:10:49.151430" level="INFO">name</msg>
<arg>${key}</arg>
<doc>Logs the given message with the given level.</doc>
<status status="PASS" start="2024-05-18T19:10:49.151302" elapsed="0.000166"/>
</kw>
<var name="${key}">name</var>
<status status="PASS" start="2024-05-18T19:10:49.149691" elapsed="0.001997"/>
</iter>
<iter>
<kw name="Dictionary Should Contain Key" owner="Collections">
<msg time="2024-05-18T19:10:49.152362" level="INFO">False</msg>
<arg>${json_data['results'][0]}</arg>
<arg>${key}</arg>
<doc>Fails if ``key`` is not found from ``dictionary``.</doc>
<status status="PASS" start="2024-05-18T19:10:49.151980" elapsed="0.000419"/>
</kw>
<kw name="Log" owner="BuiltIn">
<msg time="2024-05-18T19:10:49.153059" level="INFO">{'gender': 'male', 'name': {'title': 'Mr', 'first': 'Hotimir', 'last': 'Radeckiy'}, 'location': {'street': {'number': 6297, 'name': 'Sortuvalna'}, 'city': 'Almazna', 'state': 'Avtonomna Respublika Krim', 'country': 'Ukraine', 'postcode': 64374, 'coordinates': {'latitude': '77.7371', 'longitude': '-150.2480'}, 'timezone': {'offset': '-2:00', 'description': 'Mid-Atlantic'}}, 'email': 'hotimir.radeckiy@example.com', 'login': {'uuid': 'eb6ad009-8ce4-412f-8d42-369f5cfd54d1', 'username': 'goldencat288', 'password': 'starfire', 'salt': 'FV4qej0a', 'md5': '0ccb8c5e7fc4a04bb4c68518268c82e9', 'sha1': '662cd9ca486f48aa2792df0d249d08b351bf7e88', 'sha256': 'a717ad676362f5bab745e0b5c972d3e492d7213451ff73b2b29fe09aba17192f'}, 'dob': {'date': '1967-04-29T18:23:52.254Z', 'age': 57}, 'registered': {'date': '2013-11-21T18:00:07.442Z', 'age': 10}, 'phone': '(068) U98-3380', 'cell': '(099) K49-4916', 'id': {'name': '', 'value': None}, 'picture': {'large': 'https://randomuser.me/api/portraits/men/99.jpg', 'medium': 'https://randomuser.me/api/portraits/med/men/99.jpg', 'thumbnail': 'https://randomuser.me/api/portraits/thumb/men/99.jpg'}, 'nat': 'UA'}</msg>
<arg>${json_data['results'][0]}</arg>
<doc>Logs the given message with the given level.</doc>
<status status="PASS" start="2024-05-18T19:10:49.152700" elapsed="0.000408"/>
</kw>
<kw name="Log" owner="BuiltIn">
<msg time="2024-05-18T19:10:49.153529" level="INFO">location</msg>
<arg>${key}</arg>
<doc>Logs the given message with the given level.</doc>
<status status="PASS" start="2024-05-18T19:10:49.153403" elapsed="0.000164"/>
</kw>
<var name="${key}">location</var>
<status status="PASS" start="2024-05-18T19:10:49.151868" elapsed="0.001915"/>
</iter>
<iter>
<kw name="Dictionary Should Contain Key" owner="Collections">
<msg time="2024-05-18T19:10:49.154443" level="INFO">False</msg>
<arg>${json_data['results'][0]}</arg>
<arg>${key}</arg>
<doc>Fails if ``key`` is not found from ``dictionary``.</doc>
<status status="PASS" start="2024-05-18T19:10:49.154068" elapsed="0.000412"/>
</kw>
<kw name="Log" owner="BuiltIn">
<msg time="2024-05-18T19:10:49.155165" level="INFO">{'gender': 'male', 'name': {'title': 'Mr', 'first': 'Hotimir', 'last': 'Radeckiy'}, 'location': {'street': {'number': 6297, 'name': 'Sortuvalna'}, 'city': 'Almazna', 'state': 'Avtonomna Respublika Krim', 'country': 'Ukraine', 'postcode': 64374, 'coordinates': {'latitude': '77.7371', 'longitude': '-150.2480'}, 'timezone': {'offset': '-2:00', 'description': 'Mid-Atlantic'}}, 'email': 'hotimir.radeckiy@example.com', 'login': {'uuid': 'eb6ad009-8ce4-412f-8d42-369f5cfd54d1', 'username': 'goldencat288', 'password': 'starfire', 'salt': 'FV4qej0a', 'md5': '0ccb8c5e7fc4a04bb4c68518268c82e9', 'sha1': '662cd9ca486f48aa2792df0d249d08b351bf7e88', 'sha256': 'a717ad676362f5bab745e0b5c972d3e492d7213451ff73b2b29fe09aba17192f'}, 'dob': {'date': '1967-04-29T18:23:52.254Z', 'age': 57}, 'registered': {'date': '2013-11-21T18:00:07.442Z', 'age': 10}, 'phone': '(068) U98-3380', 'cell': '(099) K49-4916', 'id': {'name': '', 'value': None}, 'picture': {'large': 'https://randomuser.me/api/portraits/men/99.jpg', 'medium': 'https://randomuser.me/api/portraits/med/men/99.jpg', 'thumbnail': 'https://randomuser.me/api/portraits/thumb/men/99.jpg'}, 'nat': 'UA'}</msg>
<arg>${json_data['results'][0]}</arg>
<doc>Logs the given message with the given level.</doc>
<status status="PASS" start="2024-05-18T19:10:49.154797" elapsed="0.000417"/>
</kw>
<kw name="Log" owner="BuiltIn">
<msg time="2024-05-18T19:10:49.155646" level="INFO">email</msg>
<arg>${key}</arg>
<doc>Logs the given message with the given level.</doc>
<status status="PASS" start="2024-05-18T19:10:49.155517" elapsed="0.000166"/>
</kw>
<var name="${key}">email</var>
<status status="PASS" start="2024-05-18T19:10:49.153957" elapsed="0.001942"/>
</iter>
<iter>
<kw name="Dictionary Should Contain Key" owner="Collections">
<msg time="2024-05-18T19:10:49.156566" level="INFO">False</msg>
<arg>${json_data['results'][0]}</arg>
<arg>${key}</arg>
<doc>Fails if ``key`` is not found from ``dictionary``.</doc>
<status status="PASS" start="2024-05-18T19:10:49.156181" elapsed="0.000422"/>
</kw>
<kw name="Log" owner="BuiltIn">
<msg time="2024-05-18T19:10:49.157260" level="INFO">{'gender': 'male', 'name': {'title': 'Mr', 'first': 'Hotimir', 'last': 'Radeckiy'}, 'location': {'street': {'number': 6297, 'name': 'Sortuvalna'}, 'city': 'Almazna', 'state': 'Avtonomna Respublika Krim', 'country': 'Ukraine', 'postcode': 64374, 'coordinates': {'latitude': '77.7371', 'longitude': '-150.2480'}, 'timezone': {'offset': '-2:00', 'description': 'Mid-Atlantic'}}, 'email': 'hotimir.radeckiy@example.com', 'login': {'uuid': 'eb6ad009-8ce4-412f-8d42-369f5cfd54d1', 'username': 'goldencat288', 'password': 'starfire', 'salt': 'FV4qej0a', 'md5': '0ccb8c5e7fc4a04bb4c68518268c82e9', 'sha1': '662cd9ca486f48aa2792df0d249d08b351bf7e88', 'sha256': 'a717ad676362f5bab745e0b5c972d3e492d7213451ff73b2b29fe09aba17192f'}, 'dob': {'date': '1967-04-29T18:23:52.254Z', 'age': 57}, 'registered': {'date': '2013-11-21T18:00:07.442Z', 'age': 10}, 'phone': '(068) U98-3380', 'cell': '(099) K49-4916', 'id': {'name': '', 'value': None}, 'picture': {'large': 'https://randomuser.me/api/portraits/men/99.jpg', 'medium': 'https://randomuser.me/api/portraits/med/men/99.jpg', 'thumbnail': 'https://randomuser.me/api/portraits/thumb/men/99.jpg'}, 'nat': 'UA'}</msg>
<arg>${json_data['results'][0]}</arg>
<doc>Logs the given message with the given level.</doc>
<status status="PASS" start="2024-05-18T19:10:49.156896" elapsed="0.000411"/>
</kw>
<kw name="Log" owner="BuiltIn">
<msg time="2024-05-18T19:10:49.157731" level="INFO">login</msg>
<arg>${key}</arg>
<doc>Logs the given message with the given level.</doc>
<status status="PASS" start="2024-05-18T19:10:49.157604" elapsed="0.000165"/>
</kw>
<var name="${key}">login</var>
<status status="PASS" start="2024-05-18T19:10:49.156071" elapsed="0.001922"/>
</iter>
<var>${key}</var>
<value>@{expected_keys}</value>
<status status="PASS" start="2024-05-18T19:10:49.147294" elapsed="0.010847"/>
</for>
<kw name="Create List" owner="BuiltIn">
<msg time="2024-05-18T19:10:49.158480" level="INFO">${expected_keysTwo} = ['username', 'password']</msg>
<var>${expected_keysTwo}</var>
<arg>username</arg>
<arg>password</arg>
<doc>Returns a list containing given items.</doc>
<status status="PASS" start="2024-05-18T19:10:49.158345" elapsed="0.000158"/>
</kw>
<for flavor="IN">
<iter>
<kw name="Dictionary Should Contain Key" owner="Collections">
<msg time="2024-05-18T19:10:49.159429" level="INFO">False</msg>
<arg>${json_data['results'][0]['login']}</arg>
<arg>${keyTwo}</arg>
<doc>Fails if ``key`` is not found from ``dictionary``.</doc>
<status status="PASS" start="2024-05-18T19:10:49.159035" elapsed="0.000435"/>
</kw>
<kw name="Dictionary Should Contain Key" owner="Collections">
<msg time="2024-05-18T19:10:49.160145" level="INFO">False</msg>
<arg>${json_data['results'][0]['login']}</arg>
<arg>${keyTwo}</arg>
<doc>Fails if ``key`` is not found from ``dictionary``.</doc>
<status status="PASS" start="2024-05-18T19:10:49.159769" elapsed="0.000414"/>
</kw>
<kw name="Log" owner="BuiltIn">
<msg time="2024-05-18T19:10:49.160603" level="INFO">username</msg>
<arg>${keyTwo}</arg>
<doc>Logs the given message with the given level.</doc>
<status status="PASS" start="2024-05-18T19:10:49.160478" elapsed="0.000168"/>
</kw>
<var name="${keyTwo}">username</var>
<status status="PASS" start="2024-05-18T19:10:49.158924" elapsed="0.001938"/>
</iter>
<iter>
<kw name="Dictionary Should Contain Key" owner="Collections">
<msg time="2024-05-18T19:10:49.161612" level="INFO">False</msg>
<arg>${json_data['results'][0]['login']}</arg>
<arg>${keyTwo}</arg>
<doc>Fails if ``key`` is not found from ``dictionary``.</doc>
<status status="PASS" start="2024-05-18T19:10:49.161148" elapsed="0.000504"/>
</kw>
<kw name="Dictionary Should Contain Key" owner="Collections">
<msg time="2024-05-18T19:10:49.162330" level="INFO">False</msg>
<arg>${json_data['results'][0]['login']}</arg>
<arg>${keyTwo}</arg>
<doc>Fails if ``key`` is not found from ``dictionary``.</doc>
<status status="PASS" start="2024-05-18T19:10:49.161955" elapsed="0.000412"/>
</kw>
<kw name="Log" owner="BuiltIn">
<msg time="2024-05-18T19:10:49.162804" level="INFO">password</msg>
<arg>${keyTwo}</arg>
<doc>Logs the given message with the given level.</doc>
<status status="PASS" start="2024-05-18T19:10:49.162659" elapsed="0.000185"/>
</kw>
<var name="${keyTwo}">password</var>
<status status="PASS" start="2024-05-18T19:10:49.161037" elapsed="0.002038"/>
</iter>
<var>${keyTwo}</var>
<value>@{expected_keysTwo}</value>
<status status="PASS" start="2024-05-18T19:10:49.158740" elapsed="0.004457"/>
</for>
<status status="PASS" start="2024-05-18T19:10:49.043853" elapsed="0.119486"/>
</kw>
<doc>Testa a estrutura da resposta da API.</doc>
<tag>testeEstruturaResposta</tag>
<status status="PASS" start="2024-05-18T19:10:49.043074" elapsed="0.120427"/>
</test>
<test id="s1-s1-t4" name="Validar tipos de dados" line="28">
<kw name="Teste de Tipos de Dados" owner="random-user-service">
<kw name="GET On Session" owner="RequestsLibrary">
<msg time="2024-05-18T19:10:49.243791" level="INFO">GET Request : url=https://randomuser.me/api 
 path_url=/api 
 headers={'User-Agent': 'python-requests/2.31.0', 'Accept-Encoding': 'gzip, deflate', 'Accept': '*/*', 'Connection': 'keep-alive'} 
 body=None 
 </msg>
<msg time="2024-05-18T19:10:49.243879" level="INFO">GET Response : url=https://randomuser.me/api 
 status=200, reason=OK 
 headers={'Date': 'Sat, 18 May 2024 19:10:49 GMT', 'Content-Type': 'application/json; charset=utf-8', 'Transfer-Encoding': 'chunked', 'Connection': 'keep-alive', 'X-Powered-By': 'Express', 'Access-Control-Allow-Origin': '*', 'Cache-Control': 'no-cache', 'ETag': 'W/"484-hemJNt9YM7fKA0jBF42BV/la//A"', 'Vary': 'Accept-Encoding', 'Content-Encoding': 'gzip', 'CF-Cache-Status': 'DYNAMIC', 'Report-To': '{"endpoints":[{"url":"https:\\/\\/a.nel.cloudflare.com\\/report\\/v4?s=jrRcZ%2FnngoxaFiOfYzf4dCcUlNrpw8cMctleckm9z0VailA31a7yvI2%2BBAsogM%2BB%2FjzcFDo5E27wPxRcs65fGs%2BoRdjEzLdIdM%2B04%2B%2BFJZNoxEGDMipi2hmmSTiQCMF5"}],"group":"cf-nel","max_age":604800}', 'NEL': '{"success_fraction":0,"report_to":"cf-nel","max_age":604800}', 'Server': 'cloudflare', 'CF-RAY': '885e26455abe38a4-IAD', 'alt-svc': 'h3=":443"; ma=86400'} 
 body={"results":[{"gender":"female","name":{"title":"Mrs","first":"Sedef","last":"Kuday"},"location":{"street":{"number":5994,"name":"Abanoz Sk"},"city":"Balıkesir","state":"Adıyaman","country":"Turkey","postcode":89750,"coordinates":{"latitude":"68.6281","longitude":"52.0220"},"timezone":{"offset":"+4:00","description":"Abu Dhabi, Muscat, Baku, Tbilisi"}},"email":"sedef.kuday@example.com","login":{"uuid":"e8999610-e3d4-4727-8da3-8ad59210d840","username":"brownleopard677","password":"panda","salt":"n2pCjCW2","md5":"e34b8d76960f3af3b9f679a6edd901d8","sha1":"d2bb08c32c8149b0d8652983929796794428dfe6","sha256":"3f8c8998651957ed84feafeef62a4fc1b21277798ee541a29bac8d2f4888c7d2"},"dob":{"date":"1992-11-24T23:38:04.734Z","age":31},"registered":{"date":"2008-08-13T04:03:14.179Z","age":15},"phone":"(110)-852-0661","cell":"(025)-411-4719","id":{"name":"","value":null},"picture":{"large":"https://randomuser.me/api/portraits/women/55.jpg","medium":"https://randomuser.me/api/portraits/med/women/55.jpg","thumbnail":"https://randomuser.me/api/portraits/thumb/women/55.jpg"},"nat":"TR"}],"info":{"seed":"7410a8887e2518c6","results":1,"page":1,"version":"1.4"}} 
 </msg>
<msg time="2024-05-18T19:10:49.243955" level="INFO">/opt/hostedtoolcache/Python/3.12.3/x64/lib/python3.12/site-packages/urllib3/connectionpool.py:1103: InsecureRequestWarning: Unverified HTTPS request is being made to host 'randomuser.me'. Adding certificate verification is strongly advised. See: https://urllib3.readthedocs.io/en/latest/advanced-usage.html#tls-warnings
  warnings.warn(</msg>
<msg time="2024-05-18T19:10:49.244081" level="INFO">${response} = &lt;Response [200]&gt;</msg>
<var>${response}</var>
<arg>consultarAPI</arg>
<arg>/api</arg>
<doc>Sends a GET request on a previously created HTTP Session.</doc>
<status status="PASS" start="2024-05-18T19:10:49.165990" elapsed="0.078129"/>
</kw>
<kw name="Set Variable" owner="BuiltIn">
<msg time="2024-05-18T19:10:49.245022" level="INFO">${json_data} = {'results': [{'gender': 'female', 'name': {'title': 'Mrs', 'first': 'Sedef', 'last': 'Kuday'}, 'location': {'street': {'number': 5994, 'name': 'Abanoz Sk'}, 'city': 'Balıkesir', 'state': 'Adıyaman', '...</msg>
<var>${json_data}</var>
<arg>${response.json()}</arg>
<doc>Returns the given values which can then be assigned to a variables.</doc>
<status status="PASS" start="2024-05-18T19:10:49.244536" elapsed="0.000519"/>
</kw>
<kw name="Log" owner="BuiltIn">
<msg time="2024-05-18T19:10:49.245521" level="INFO">{'results': [{'gender': 'female', 'name': {'title': 'Mrs', 'first': 'Sedef', 'last': 'Kuday'}, 'location': {'street': {'number': 5994, 'name': 'Abanoz Sk'}, 'city': 'Balıkesir', 'state': 'Adıyaman', 'country': 'Turkey', 'postcode': 89750, 'coordinates': {'latitude': '68.6281', 'longitude': '52.0220'}, 'timezone': {'offset': '+4:00', 'description': 'Abu Dhabi, Muscat, Baku, Tbilisi'}}, 'email': 'sedef.kuday@example.com', 'login': {'uuid': 'e8999610-e3d4-4727-8da3-8ad59210d840', 'username': 'brownleopard677', 'password': 'panda', 'salt': 'n2pCjCW2', 'md5': 'e34b8d76960f3af3b9f679a6edd901d8', 'sha1': 'd2bb08c32c8149b0d8652983929796794428dfe6', 'sha256': '3f8c8998651957ed84feafeef62a4fc1b21277798ee541a29bac8d2f4888c7d2'}, 'dob': {'date': '1992-11-24T23:38:04.734Z', 'age': 31}, 'registered': {'date': '2008-08-13T04:03:14.179Z', 'age': 15}, 'phone': '(110)-852-0661', 'cell': '(025)-411-4719', 'id': {'name': '', 'value': None}, 'picture': {'large': 'https://randomuser.me/api/portraits/women/55.jpg', 'medium': 'https://randomuser.me/api/portraits/med/women/55.jpg', 'thumbnail': 'https://randomuser.me/api/portraits/thumb/women/55.jpg'}, 'nat': 'TR'}], 'info': {'seed': '7410a8887e2518c6', 'results': 1, 'page': 1, 'version': '1.4'}}</msg>
<arg>${json_data}</arg>
<doc>Logs the given message with the given level.</doc>
<status status="PASS" start="2024-05-18T19:10:49.245363" elapsed="0.000246"/>
</kw>
<kw name="Should Be String" owner="String">
<arg>${json_data['results'][0]['gender']}</arg>
<doc>Fails if the given ``item`` is not a string.</doc>
<status status="PASS" start="2024-05-18T19:10:49.245915" elapsed="0.000362"/>
</kw>
<kw name="Should Match Regexp" owner="BuiltIn">
<arg>${json_data['results'][0]['email']}</arg>
<arg>^[a-zA-Z0-9._%+-]+@[a-zA-Z0-9.-]+\.[a-zA-Z]{2,}$</arg>
<doc>Fails if ``string`` does not match ``pattern`` as a regular expression.</doc>
<status status="PASS" start="2024-05-18T19:10:49.246475" elapsed="0.000558"/>
</kw>
<kw name="Should Match Regexp" owner="BuiltIn">
<arg>${json_data['results'][0]['dob']['date']}</arg>
<arg>\\d{4}-\\d{2}-\\d{2}T\\d{2}:\\d{2}:\\d{2}\\.\\d{3}Z</arg>
<doc>Fails if ``string`` does not match ``pattern`` as a regular expression.</doc>
<status status="PASS" start="2024-05-18T19:10:49.247237" elapsed="0.000493"/>
</kw>
<kw name="Should Match Regexp" owner="BuiltIn">
<arg>${json_data['results'][0]['registered']['date']}</arg>
<arg>\\d{4}-\\d{2}-\\d{2}T\\d{2}:\\d{2}:\\d{2}\\.\\d{3}Z</arg>
<doc>Fails if ``string`` does not match ``pattern`` as a regular expression.</doc>
<status status="PASS" start="2024-05-18T19:10:49.247928" elapsed="0.000376"/>
</kw>
<kw name="Should Match Regexp" owner="BuiltIn">
<arg>${json_data['results'][0]['picture']['large']}</arg>
<arg>^https?://.*\.(?:png|jpe?g|gif|bmp)$</arg>
<doc>Fails if ``string`` does not match ``pattern`` as a regular expression.</doc>
<status status="PASS" start="2024-05-18T19:10:49.248501" elapsed="0.000458"/>
</kw>
<kw name="Should Match Regexp" owner="BuiltIn">
<arg>${json_data['results'][0]['picture']['medium']}</arg>
<arg>^https?://.*\.(?:png|jpe?g|gif|bmp)$</arg>
<doc>Fails if ``string`` does not match ``pattern`` as a regular expression.</doc>
<status status="PASS" start="2024-05-18T19:10:49.249151" elapsed="0.000358"/>
</kw>
<kw name="Should Match Regexp" owner="BuiltIn">
<arg>${json_data['results'][0]['picture']['thumbnail']}</arg>
<arg>^https?://.*\.(?:png|jpe?g|gif|bmp)$</arg>
<doc>Fails if ``string`` does not match ``pattern`` as a regular expression.</doc>
<status status="PASS" start="2024-05-18T19:10:49.249702" elapsed="0.000346"/>
</kw>
<kw name="Log" owner="BuiltIn">
<msg time="2024-05-18T19:10:49.250553" level="INFO">{'large': 'https://randomuser.me/api/portraits/women/55.jpg', 'medium': 'https://randomuser.me/api/portraits/med/women/55.jpg', 'thumbnail': 'https://randomuser.me/api/portraits/thumb/women/55.jpg'}</msg>
<arg>${json_data['results'][0]['picture']}</arg>
<doc>Logs the given message with the given level.</doc>
<status status="PASS" start="2024-05-18T19:10:49.250231" elapsed="0.000365"/>
</kw>
<status status="PASS" start="2024-05-18T19:10:49.165762" elapsed="0.085118"/>
</kw>
<kw name="Teste de Tipos de Dados - Postcode" owner="random-user-service">
<kw name="GET On Session" owner="RequestsLibrary">
<msg time="2024-05-18T19:10:49.340875" level="INFO">GET Request : url=https://randomuser.me/api 
 path_url=/api 
 headers={'User-Agent': 'python-requests/2.31.0', 'Accept-Encoding': 'gzip, deflate', 'Accept': '*/*', 'Connection': 'keep-alive'} 
 body=None 
 </msg>
<msg time="2024-05-18T19:10:49.340988" level="INFO">GET Response : url=https://randomuser.me/api 
 status=200, reason=OK 
 headers={'Date': 'Sat, 18 May 2024 19:10:49 GMT', 'Content-Type': 'application/json; charset=utf-8', 'Transfer-Encoding': 'chunked', 'Connection': 'keep-alive', 'X-Powered-By': 'Express', 'Access-Control-Allow-Origin': '*', 'Cache-Control': 'no-cache', 'ETag': 'W/"4a9-Ju2b8t0P9782bRl10zHuSzFD+qU"', 'Vary': 'Accept-Encoding', 'Content-Encoding': 'gzip', 'CF-Cache-Status': 'DYNAMIC', 'Report-To': '{"endpoints":[{"url":"https:\\/\\/a.nel.cloudflare.com\\/report\\/v4?s=2RTsLly%2B%2F%2BFInfhjjZ1KciZZensefR1yR1EtqWE%2Flt4FDzFst7sfYpFYqnQ4%2Fjd8N5uD%2B91FHlHYUVbuocQQIG%2FKneN%2B8AsfDD7jo%2BVQczANJDpk9B8ufbU6MZ6dn6aO"}],"group":"cf-nel","max_age":604800}', 'NEL': '{"success_fraction":0,"report_to":"cf-nel","max_age":604800}', 'Server': 'cloudflare', 'CF-RAY': '885e2645db7638a4-IAD', 'alt-svc': 'h3=":443"; ma=86400'} 
 body={"results":[{"gender":"male","name":{"title":"Mr","first":"Luca","last":"Lambert"},"location":{"street":{"number":4004,"name":"Montée Saint-Barthélémy"},"city":"Clermont-Ferrand","state":"Mayotte","country":"France","postcode":68952,"coordinates":{"latitude":"-13.5563","longitude":"-27.3798"},"timezone":{"offset":"+9:00","description":"Tokyo, Seoul, Osaka, Sapporo, Yakutsk"}},"email":"luca.lambert@example.com","login":{"uuid":"87d633aa-6750-4d5a-aa3b-3440713da0a6","username":"brownpeacock322","password":"patty","salt":"ABvc3wQO","md5":"423cf0146fde346a50581ee01669031f","sha1":"107c58362370ede1c77db92d0b176bba9d92d05a","sha256":"5c670271c612ed4c58e82fadb5c66a3c6943f0d001b93b3122b3d54cd931b396"},"dob":{"date":"1960-10-21T05:34:01.958Z","age":63},"registered":{"date":"2007-09-30T18:53:24.785Z","age":16},"phone":"03-02-86-06-37","cell":"06-08-78-16-75","id":{"name":"INSEE","value":"1600914112279 24"},"picture":{"large":"https://randomuser.me/api/portraits/men/1.jpg","medium":"https://randomuser.me/api/portraits/med/men/1.jpg","thumbnail":"https://randomuser.me/api/portraits/thumb/men/1.jpg"},"nat":"FR"}],"info":{"seed":"e139cbc44c7edd2b","results":1,"page":1,"version":"1.4"}} 
 </msg>
<msg time="2024-05-18T19:10:49.341067" level="INFO">/opt/hostedtoolcache/Python/3.12.3/x64/lib/python3.12/site-packages/urllib3/connectionpool.py:1103: InsecureRequestWarning: Unverified HTTPS request is being made to host 'randomuser.me'. Adding certificate verification is strongly advised. See: https://urllib3.readthedocs.io/en/latest/advanced-usage.html#tls-warnings
  warnings.warn(</msg>
<msg time="2024-05-18T19:10:49.341200" level="INFO">${response} = &lt;Response [200]&gt;</msg>
<var>${response}</var>
<arg>consultarAPI</arg>
<arg>/api</arg>
<doc>Sends a GET request on a previously created HTTP Session.</doc>
<status status="PASS" start="2024-05-18T19:10:49.251345" elapsed="0.089903"/>
</kw>
<kw name="Set Variable" owner="BuiltIn">
<msg time="2024-05-18T19:10:49.342292" level="INFO">${json_data} = {'results': [{'gender': 'male', 'name': {'title': 'Mr', 'first': 'Luca', 'last': 'Lambert'}, 'location': {'street': {'number': 4004, 'name': 'Montée Saint-Barthélémy'}, 'city': 'Clermont-Ferrand', 'st...</msg>
<var>${json_data}</var>
<arg>${response.json()}</arg>
<doc>Returns the given values which can then be assigned to a variables.</doc>
<status status="PASS" start="2024-05-18T19:10:49.341768" elapsed="0.000553"/>
</kw>
<kw name="Log" owner="BuiltIn">
<msg time="2024-05-18T19:10:49.342810" level="INFO">{'results': [{'gender': 'male', 'name': {'title': 'Mr', 'first': 'Luca', 'last': 'Lambert'}, 'location': {'street': {'number': 4004, 'name': 'Montée Saint-Barthélémy'}, 'city': 'Clermont-Ferrand', 'state': 'Mayotte', 'country': 'France', 'postcode': 68952, 'coordinates': {'latitude': '-13.5563', 'longitude': '-27.3798'}, 'timezone': {'offset': '+9:00', 'description': 'Tokyo, Seoul, Osaka, Sapporo, Yakutsk'}}, 'email': 'luca.lambert@example.com', 'login': {'uuid': '87d633aa-6750-4d5a-aa3b-3440713da0a6', 'username': 'brownpeacock322', 'password': 'patty', 'salt': 'ABvc3wQO', 'md5': '423cf0146fde346a50581ee01669031f', 'sha1': '107c58362370ede1c77db92d0b176bba9d92d05a', 'sha256': '5c670271c612ed4c58e82fadb5c66a3c6943f0d001b93b3122b3d54cd931b396'}, 'dob': {'date': '1960-10-21T05:34:01.958Z', 'age': 63}, 'registered': {'date': '2007-09-30T18:53:24.785Z', 'age': 16}, 'phone': '03-02-86-06-37', 'cell': '06-08-78-16-75', 'id': {'name': 'INSEE', 'value': '1600914112279 24'}, 'picture': {'large': 'https://randomuser.me/api/portraits/men/1.jpg', 'medium': 'https://randomuser.me/api/portraits/med/men/1.jpg', 'thumbnail': 'https://randomuser.me/api/portraits/thumb/men/1.jpg'}, 'nat': 'FR'}], 'info': {'seed': 'e139cbc44c7edd2b', 'results': 1, 'page': 1, 'version': '1.4'}}</msg>
<arg>${json_data}</arg>
<doc>Logs the given message with the given level.</doc>
<status status="PASS" start="2024-05-18T19:10:49.342630" elapsed="0.000276"/>
</kw>
<kw name="Should Be Equal As Numbers" owner="BuiltIn">
<arg>${json_data['results'][0]['location']['postcode']}</arg>
<arg>${json_data['results'][0]['location']['postcode']}</arg>
<doc>Fails if objects are unequal after converting them to real numbers.</doc>
<status status="PASS" start="2024-05-18T19:10:49.343403" elapsed="0.000621"/>
</kw>
<kw name="Log" owner="BuiltIn">
<msg time="2024-05-18T19:10:49.344553" level="INFO">68952</msg>
<arg>${json_data['results'][0]['location']['postcode']}</arg>
<doc>Logs the given message with the given level.</doc>
<status status="PASS" start="2024-05-18T19:10:49.344216" elapsed="0.000377"/>
</kw>
<status status="PASS" start="2024-05-18T19:10:49.251109" elapsed="0.093742"/>
</kw>
<doc>Testa se os tipos de dados na resposta da API estão corretos.</doc>
<tag>testeTiposDados</tag>
<status status="PASS" start="2024-05-18T19:10:49.165290" elapsed="0.179732"/>
</test>
<test id="s1-s1-t5" name="Validar conteudo" line="35">
<kw name="Teste de Tipos de Conteudo" owner="random-user-service">
<kw name="GET On Session" owner="RequestsLibrary">
<msg time="2024-05-18T19:10:49.435649" level="INFO">GET Request : url=https://randomuser.me/api 
 path_url=/api 
 headers={'User-Agent': 'python-requests/2.31.0', 'Accept-Encoding': 'gzip, deflate', 'Accept': '*/*', 'Connection': 'keep-alive'} 
 body=None 
 </msg>
<msg time="2024-05-18T19:10:49.435733" level="INFO">GET Response : url=https://randomuser.me/api 
 status=200, reason=OK 
 headers={'Date': 'Sat, 18 May 2024 19:10:49 GMT', 'Content-Type': 'application/json; charset=utf-8', 'Transfer-Encoding': 'chunked', 'Connection': 'keep-alive', 'X-Powered-By': 'Express', 'Access-Control-Allow-Origin': '*', 'Cache-Control': 'no-cache', 'ETag': 'W/"48c-d6b+g1sGJSDRjP8T29NnBnNhFxQ"', 'Vary': 'Accept-Encoding', 'Content-Encoding': 'gzip', 'CF-Cache-Status': 'DYNAMIC', 'Report-To': '{"endpoints":[{"url":"https:\\/\\/a.nel.cloudflare.com\\/report\\/v4?s=MqGHvA8jV%2FzCnpM0YtwMkTRCmi3Q6KvRjRd6lbpgbbT74zXJhRmjgo8HwGnB9fIbzeHUjCgbpSyfovWhc%2Bjy2eAdsNeAhDDTLF%2BU%2Fn9ljxAFTn85bLPoUkg4gG5IJrg0"}],"group":"cf-nel","max_age":604800}', 'NEL': '{"success_fraction":0,"report_to":"cf-nel","max_age":604800}', 'Server': 'cloudflare', 'CF-RAY': '885e26467c0738a4-IAD', 'alt-svc': 'h3=":443"; ma=86400'} 
 body={"results":[{"gender":"male","name":{"title":"Mr","first":"Jaime","last":"Moreno"},"location":{"street":{"number":1725,"name":"Avenida de Burgos"},"city":"Pozuelo de Alarcón","state":"Ceuta","country":"Spain","postcode":91970,"coordinates":{"latitude":"-37.4945","longitude":"-162.1919"},"timezone":{"offset":"-8:00","description":"Pacific Time (US &amp; Canada)"}},"email":"jaime.moreno@example.com","login":{"uuid":"89221b6e-97c7-46eb-ba31-80f4374f277b","username":"bluebutterfly600","password":"nympho","salt":"MEVCx6SS","md5":"2c42fdb610b3864fdee337f9adb00999","sha1":"79d949c359ed6b6fb9765354b1e5937aee649e74","sha256":"11fae112c3241bcd05a29bbdad3dc914957d7bbc60ecfce5387e9bbe082092ad"},"dob":{"date":"1946-01-27T10:37:42.248Z","age":78},"registered":{"date":"2022-04-27T18:14:48.413Z","age":2},"phone":"924-291-447","cell":"690-706-045","id":{"name":"DNI","value":"15543394-T"},"picture":{"large":"https://randomuser.me/api/portraits/men/28.jpg","medium":"https://randomuser.me/api/portraits/med/men/28.jpg","thumbnail":"https://randomuser.me/api/portraits/thumb/men/28.jpg"},"nat":"ES"}],"info":{"seed":"4b9888bae974ddee","results":1,"page":1,"version":"1.4"}} 
 </msg>
<msg time="2024-05-18T19:10:49.435800" level="INFO">/opt/hostedtoolcache/Python/3.12.3/x64/lib/python3.12/site-packages/urllib3/connectionpool.py:1103: InsecureRequestWarning: Unverified HTTPS request is being made to host 'randomuser.me'. Adding certificate verification is strongly advised. See: https://urllib3.readthedocs.io/en/latest/advanced-usage.html#tls-warnings
  warnings.warn(</msg>
<msg time="2024-05-18T19:10:49.435914" level="INFO">${response} = &lt;Response [200]&gt;</msg>
<var>${response}</var>
<arg>consultarAPI</arg>
<arg>/api</arg>
<doc>Sends a GET request on a previously created HTTP Session.</doc>
<status status="PASS" start="2024-05-18T19:10:49.347822" elapsed="0.088134"/>
</kw>
<kw name="Set Variable" owner="BuiltIn">
<msg time="2024-05-18T19:10:49.437035" level="INFO">${json_data} = {'results': [{'gender': 'male', 'name': {'title': 'Mr', 'first': 'Jaime', 'last': 'Moreno'}, 'location': {'street': {'number': 1725, 'name': 'Avenida de Burgos'}, 'city': 'Pozuelo de Alarcón', 'state'...</msg>
<var>${json_data}</var>
<arg>${response.json()}</arg>
<doc>Returns the given values which can then be assigned to a variables.</doc>
<status status="PASS" start="2024-05-18T19:10:49.436487" elapsed="0.000579"/>
</kw>
<kw name="Set Variable" owner="BuiltIn">
<msg time="2024-05-18T19:10:49.437790" level="INFO">${name_title} = Mr</msg>
<var>${name_title}</var>
<arg>${json_data["results"][0]["name"]["title"]}</arg>
<doc>Returns the given values which can then be assigned to a variables.</doc>
<status status="PASS" start="2024-05-18T19:10:49.437395" elapsed="0.000422"/>
</kw>
<kw name="Create List" owner="BuiltIn">
<msg time="2024-05-18T19:10:49.438277" level="INFO">${allowed_titles} = ['Mr', 'Ms', 'Miss', 'Mrs', 'Madame', 'Monsieur']</msg>
<var>${allowed_titles}</var>
<arg>Mr</arg>
<arg>Ms</arg>
<arg>Miss</arg>
<arg>Mrs</arg>
<arg>Madame</arg>
<arg>Monsieur</arg>
<doc>Returns a list containing given items.</doc>
<status status="PASS" start="2024-05-18T19:10:49.438125" elapsed="0.000176"/>
</kw>
<kw name="List Should Contain Value" owner="Collections">
<msg time="2024-05-18T19:10:49.438806" level="INFO">False</msg>
<arg>${allowed_titles}</arg>
<arg>${name_title}</arg>
<doc>Fails if the ``value`` is not found from ``list``.</doc>
<status status="PASS" start="2024-05-18T19:10:49.438603" elapsed="0.000244"/>
</kw>
<kw name="Set Variable" owner="BuiltIn">
<msg time="2024-05-18T19:10:49.439532" level="INFO">${name_country} = ES</msg>
<var>${name_country}</var>
<arg>${json_data["results"][0]["nat"]}</arg>
<doc>Returns the given values which can then be assigned to a variables.</doc>
<status status="PASS" start="2024-05-18T19:10:49.439154" elapsed="0.000403"/>
</kw>
<kw name="Create List" owner="BuiltIn">
<msg time="2024-05-18T19:10:49.440453" level="INFO">${list_country} = ['AD', 'AE', 'AF', 'AG', 'AI', 'AL', 'AM', 'AO', 'AQ', 'AR', 'AS', 'AT', 'AU', 'AW', 'AX', 'AZ', 'BA', 'BB', 'BD', 'BE', 'BF', 'BG', 'BH', 'BI', 'BJ', 'BL', 'BM', 'BN', 'BO', 'BQ', 'BR', 'BS', 'BT', '...</msg>
<var>${list_country}</var>
<arg>AD</arg>
<arg>AE</arg>
<arg>AF</arg>
<arg>AG</arg>
<arg>AI</arg>
<arg>AL</arg>
<arg>AM</arg>
<arg>AO</arg>
<arg>AQ</arg>
<arg>AR</arg>
<arg>AS</arg>
<arg>AT</arg>
<arg>AU</arg>
<arg>AW</arg>
<arg>AX</arg>
<arg>AZ</arg>
<arg>BA</arg>
<arg>BB</arg>
<arg>BD</arg>
<arg>BE</arg>
<arg>BF</arg>
<arg>BG</arg>
<arg>BH</arg>
<arg>BI</arg>
<arg>BJ</arg>
<arg>BL</arg>
<arg>BM</arg>
<arg>BN</arg>
<arg>BO</arg>
<arg>BQ</arg>
<arg>BR</arg>
<arg>BS</arg>
<arg>BT</arg>
<arg>BV</arg>
<arg>BW</arg>
<arg>BY</arg>
<arg>BZ</arg>
<arg>CA</arg>
<arg>CC</arg>
<arg>CD</arg>
<arg>CF</arg>
<arg>CG</arg>
<arg>CH</arg>
<arg>CI</arg>
<arg>CK</arg>
<arg>CL</arg>
<arg>CM</arg>
<arg>CN</arg>
<arg>CO</arg>
<arg>CR</arg>
<arg>CU</arg>
<arg>CV</arg>
<arg>CW</arg>
<arg>CX</arg>
<arg>CY</arg>
<arg>CZ</arg>
<arg>DE</arg>
<arg>DJ</arg>
<arg>DK</arg>
<arg>DM</arg>
<arg>DO</arg>
<arg>DZ</arg>
<arg>EC</arg>
<arg>EE</arg>
<arg>EG</arg>
<arg>EH</arg>
<arg>ER</arg>
<arg>ES</arg>
<arg>ET</arg>
<arg>FI</arg>
<arg>FJ</arg>
<arg>FK</arg>
<arg>FM</arg>
<arg>FO</arg>
<arg>FR</arg>
<arg>GA</arg>
<arg>GB</arg>
<arg>GD</arg>
<arg>GE</arg>
<arg>GF</arg>
<arg>GG</arg>
<arg>GH</arg>
<arg>GI</arg>
<arg>GL</arg>
<arg>GM</arg>
<arg>GN</arg>
<arg>GP</arg>
<arg>GQ</arg>
<arg>GR</arg>
<arg>GS</arg>
<arg>GT</arg>
<arg>GU</arg>
<arg>GW</arg>
<arg>GY</arg>
<arg>HK</arg>
<arg>HM</arg>
<arg>HN</arg>
<arg>HR</arg>
<arg>HT</arg>
<arg>HU</arg>
<arg>ID</arg>
<arg>IE</arg>
<arg>IL</arg>
<arg>IM</arg>
<arg>IN</arg>
<arg>IO</arg>
<arg>IQ</arg>
<arg>IR</arg>
<arg>IS</arg>
<arg>IT</arg>
<arg>JE</arg>
<arg>JM</arg>
<arg>JO</arg>
<arg>JP</arg>
<arg>KE</arg>
<arg>KG</arg>
<arg>KH</arg>
<arg>KI</arg>
<arg>KM</arg>
<arg>KN</arg>
<arg>KP</arg>
<arg>KR</arg>
<arg>KW</arg>
<arg>KY</arg>
<arg>KZ</arg>
<arg>LA</arg>
<arg>LB</arg>
<arg>LC</arg>
<arg>LI</arg>
<arg>LK</arg>
<arg>LR</arg>
<arg>LS</arg>
<arg>LT</arg>
<arg>LU</arg>
<arg>LV</arg>
<arg>LY</arg>
<arg>MA</arg>
<arg>MC</arg>
<arg>MD</arg>
<arg>ME</arg>
<arg>MF</arg>
<arg>MG</arg>
<arg>MH</arg>
<arg>MK</arg>
<arg>ML</arg>
<arg>MM</arg>
<arg>MN</arg>
<arg>MO</arg>
<arg>MP</arg>
<arg>MQ</arg>
<arg>MR</arg>
<arg>MS</arg>
<arg>MT</arg>
<arg>MU</arg>
<arg>MV</arg>
<arg>MW</arg>
<arg>MX</arg>
<arg>MY</arg>
<arg>MZ</arg>
<arg>NA</arg>
<arg>NC</arg>
<arg>NE</arg>
<arg>NF</arg>
<arg>NG</arg>
<arg>NI</arg>
<arg>NL</arg>
<arg>NO</arg>
<arg>NP</arg>
<arg>NR</arg>
<arg>NU</arg>
<arg>NZ</arg>
<arg>OM</arg>
<arg>PA</arg>
<arg>PE</arg>
<arg>PF</arg>
<arg>PG</arg>
<arg>PH</arg>
<arg>PK</arg>
<arg>PL</arg>
<arg>PM</arg>
<arg>PN</arg>
<arg>PR</arg>
<arg>PS</arg>
<arg>PT</arg>
<arg>PW</arg>
<arg>PY</arg>
<arg>QA</arg>
<arg>RE</arg>
<arg>RO</arg>
<arg>RS</arg>
<arg>RU</arg>
<arg>RW</arg>
<arg>SA</arg>
<arg>SB</arg>
<arg>SC</arg>
<arg>SD</arg>
<arg>SE</arg>
<arg>SG</arg>
<arg>SH</arg>
<arg>SI</arg>
<arg>SJ</arg>
<arg>SK</arg>
<arg>SL</arg>
<arg>SM</arg>
<arg>SN</arg>
<arg>SO</arg>
<arg>SR</arg>
<arg>SS</arg>
<arg>ST</arg>
<arg>SV</arg>
<arg>SX</arg>
<arg>SY</arg>
<arg>SZ</arg>
<arg>TC</arg>
<arg>TD</arg>
<arg>TF</arg>
<arg>TG</arg>
<arg>TH</arg>
<arg>TJ</arg>
<arg>TK</arg>
<arg>TL</arg>
<arg>TM</arg>
<arg>TN</arg>
<arg>TO</arg>
<arg>TR</arg>
<arg>TT</arg>
<arg>TV</arg>
<arg>TW</arg>
<arg>TZ</arg>
<arg>UA</arg>
<arg>UG</arg>
<arg>UM</arg>
<arg>US</arg>
<arg>UY</arg>
<arg>UZ</arg>
<arg>VA</arg>
<arg>VC</arg>
<arg>VE</arg>
<arg>VG</arg>
<arg>VI</arg>
<arg>VN</arg>
<arg>VU</arg>
<arg>WF</arg>
<arg>WS</arg>
<arg>XK</arg>
<arg>YE</arg>
<arg>YT</arg>
<arg>ZA</arg>
<arg>ZM</arg>
<arg>ZW</arg>
<doc>Returns a list containing given items.</doc>
<status status="PASS" start="2024-05-18T19:10:49.439863" elapsed="0.000616"/>
</kw>
<kw name="List Should Contain Value" owner="Collections">
<msg time="2024-05-18T19:10:49.441469" level="INFO">False</msg>
<arg>${list_country}</arg>
<arg>${name_country}</arg>
<doc>Fails if the ``value`` is not found from ``list``.</doc>
<status status="PASS" start="2024-05-18T19:10:49.441261" elapsed="0.000245"/>
</kw>
<kw name="Run Keyword If" owner="BuiltIn">
<kw name="Should Be True" owner="BuiltIn">
<arg>${True}</arg>
<doc>Fails if the given condition is not true.</doc>
<status status="PASS" start="2024-05-18T19:10:49.442581" elapsed="0.000283"/>
</kw>
<arg>${json_data["results"][0]["location"]["coordinates"]["latitude"]} &gt;= -90 and ${json_data["results"][0]["location"]["coordinates"]["latitude"]} &lt;= 90</arg>
<arg>Should Be True</arg>
<arg>${True}</arg>
<doc>Runs the given keyword with the given arguments, if ``condition`` is true.</doc>
<status status="PASS" start="2024-05-18T19:10:49.441823" elapsed="0.001182"/>
</kw>
<kw name="Run Keyword If" owner="BuiltIn">
<kw name="Should Be True" owner="BuiltIn">
<arg>${True}</arg>
<doc>Fails if the given condition is not true.</doc>
<status status="PASS" start="2024-05-18T19:10:49.443907" elapsed="0.000140"/>
</kw>
<arg>${json_data["results"][0]["location"]["coordinates"]["longitude"]} &gt;= -180 and ${json_data["results"][0]["location"]["coordinates"]["longitude"]} &lt;= 180</arg>
<arg>Should Be True</arg>
<arg>${True}</arg>
<doc>Runs the given keyword with the given arguments, if ``condition`` is true.</doc>
<status status="PASS" start="2024-05-18T19:10:49.443197" elapsed="0.000974"/>
</kw>
<status status="PASS" start="2024-05-18T19:10:49.347444" elapsed="0.096861"/>
</kw>
<doc>Testa o conteúdo específico dos campos retornados pela API.</doc>
<tag>testeConteudo</tag>
<status status="PASS" start="2024-05-18T19:10:49.346799" elapsed="0.097658"/>
</test>
<status status="PASS" start="2024-05-18T19:10:48.653924" elapsed="0.792524"/>
</suite>
<status status="PASS" start="2024-05-18T19:10:48.640380" elapsed="0.811386"/>
</suite>
<statistics>
<total>
<stat pass="5" fail="0" skip="0">All Tests</stat>
</total>
<tag>
<stat pass="1" fail="0" skip="0">testeConteudo</stat>
<stat pass="1" fail="0" skip="0">testeEstruturaResposta</stat>
<stat pass="1" fail="0" skip="0">testeRequisicaoBasica</stat>
<stat pass="1" fail="0" skip="0">testeTiposDados</stat>
</tag>
<suite>
<stat pass="5" fail="0" skip="0" id="s1" name="Tests">Tests</stat>
<stat pass="5" fail="0" skip="0" id="s1-s1" name="Random-User-Test">Tests.Random-User-Test</stat>
</suite>
</statistics>
<errors>
</errors>
</robot>
