<?xml version="1.0" encoding="UTF-8"?>
<robot generator="Robot 7.0 (Python 3.12.3 on linux)" generated="2024-05-06T19:12:13.697393" rpa="false" schemaversion="5">
<suite id="s1" name="Tests" source="/home/runner/work/DesafioQAItauRogerioJordao/DesafioQAItauRogerioJordao/RamdonUser/tests">
<suite id="s1-s1" name="Random-User-Test" source="/home/runner/work/DesafioQAItauRogerioJordao/DesafioQAItauRogerioJordao/RamdonUser/tests/random-user-test.robot">
<test id="s1-s1-t1" name="Conectar" line="13">
<kw name="Conectar API" owner="random-user-service">
<kw name="Create Session" owner="RequestsLibrary">
<msg time="2024-05-06T19:12:14.052377" level="INFO">Creating Session using : alias=consultarAPI, url=https://randomuser.me/, headers={},                     cookies={}, auth=None, timeout=None, proxies=None, verify=False,                     debug=0 </msg>
<arg>consultarAPI</arg>
<arg>${URL}</arg>
<doc>Create Session: create a HTTP session to a server</doc>
<status status="PASS" start="2024-05-06T19:12:14.052180" elapsed="0.000369"/>
</kw>
<status status="PASS" start="2024-05-06T19:12:14.051187" elapsed="0.001722"/>
</kw>
<status status="PASS" start="2024-05-06T19:12:14.050627" elapsed="0.002473"/>
</test>
<test id="s1-s1-t2" name="Validar retorno 200 e JSON Válido" line="16">
<kw name="Teste de Requisicao Basica" owner="random-user-service">
<kw name="GET On Session" owner="RequestsLibrary">
<msg time="2024-05-06T19:12:14.208887" level="INFO">GET Request : url=https://randomuser.me/api 
 path_url=/api 
 headers={'User-Agent': 'python-requests/2.31.0', 'Accept-Encoding': 'gzip, deflate', 'Accept': '*/*', 'Connection': 'keep-alive'} 
 body=None 
 </msg>
<msg time="2024-05-06T19:12:14.209036" level="INFO">GET Response : url=https://randomuser.me/api 
 status=200, reason=OK 
 headers={'Date': 'Mon, 06 May 2024 19:12:14 GMT', 'Content-Type': 'application/json; charset=utf-8', 'Transfer-Encoding': 'chunked', 'Connection': 'keep-alive', 'X-Powered-By': 'Express', 'Access-Control-Allow-Origin': '*', 'Cache-Control': 'no-cache', 'ETag': 'W/"4a4-2LpViF8X/kyWB77Q2ThVdNjcN7U"', 'Vary': 'Accept-Encoding', 'Content-Encoding': 'gzip', 'CF-Cache-Status': 'DYNAMIC', 'Report-To': '{"endpoints":[{"url":"https:\\/\\/a.nel.cloudflare.com\\/report\\/v4?s=jqPuZNvcSkHUDBlxO96rZm1md%2BE%2BsuasmG9xT6sjLuUQ0sRjkmP5clU2vQsYChBVTPzvf15U0qrvQV%2FxoHo%2F3n0%2FpsZy%2FCDQkItcNxz%2BFCW2eyzmAI%2B%2BpqVVTWLrll0a"}],"group":"cf-nel","max_age":604800}', 'NEL': '{"success_fraction":0,"report_to":"cf-nel","max_age":604800}', 'Server': 'cloudflare', 'CF-RAY': '87fb47d82fc32af3-LAX', 'alt-svc': 'h3=":443"; ma=86400'} 
 body={"results":[{"gender":"female","name":{"title":"Ms","first":"Lily","last":"Wood"},"location":{"street":{"number":7822,"name":"Bridge Road"},"city":"Wakefield","state":"County Fermanagh","country":"United Kingdom","postcode":"GD56 5TN","coordinates":{"latitude":"-11.5518","longitude":"39.7907"},"timezone":{"offset":"+3:00","description":"Baghdad, Riyadh, Moscow, St. Petersburg"}},"email":"lily.wood@example.com","login":{"uuid":"9fe8c1e3-37eb-4551-ab52-209128275021","username":"blackdog129","password":"farmer","salt":"C5UvvgzR","md5":"6810b6f64a2c76f1f8cd28384861b392","sha1":"a4ee67aecd5423eb738c943596d84b741183fb3b","sha256":"e53027f9294468533b8bb920a2c3a7ca8cc512db7abbc3f9690b7a89cc562a23"},"dob":{"date":"1979-03-31T23:36:59.949Z","age":45},"registered":{"date":"2003-07-08T07:02:12.758Z","age":20},"phone":"017683 65213","cell":"07500 280487","id":{"name":"NINO","value":"PA 44 66 59 L"},"picture":{"large":"https://randomuser.me/api/portraits/women/16.jpg","medium":"https://randomuser.me/api/portraits/med/women/16.jpg","thumbnail":"https://randomuser.me/api/portraits/thumb/women/16.jpg"},"nat":"GB"}],"info":{"seed":"77747fec4f4f1769","results":1,"page":1,"version":"1.4"}} 
 </msg>
<msg time="2024-05-06T19:12:14.209124" level="INFO">/opt/hostedtoolcache/Python/3.12.3/x64/lib/python3.12/site-packages/urllib3/connectionpool.py:1103: InsecureRequestWarning: Unverified HTTPS request is being made to host 'randomuser.me'. Adding certificate verification is strongly advised. See: https://urllib3.readthedocs.io/en/latest/advanced-usage.html#tls-warnings
  warnings.warn(</msg>
<msg time="2024-05-06T19:12:14.209259" level="INFO">${response} = &lt;Response [200]&gt;</msg>
<var>${response}</var>
<arg>consultarAPI</arg>
<arg>/api</arg>
<doc>Sends a GET request on a previously created HTTP Session.</doc>
<status status="PASS" start="2024-05-06T19:12:14.055725" elapsed="0.153576"/>
</kw>
<kw name="Should Be Equal As Numbers" owner="BuiltIn">
<msg time="2024-05-06T19:12:14.210241" level="INFO">Argument types are:
&lt;class 'int'&gt;
&lt;class 'str'&gt;</msg>
<arg>${response.status_code}</arg>
<arg>200</arg>
<doc>Fails if objects are unequal after converting them to real numbers.</doc>
<status status="PASS" start="2024-05-06T19:12:14.209791" elapsed="0.000514"/>
</kw>
<kw name="Log" owner="BuiltIn">
<msg time="2024-05-06T19:12:14.210991" level="INFO">200</msg>
<arg>${response.status_code}</arg>
<doc>Logs the given message with the given level.</doc>
<status status="PASS" start="2024-05-06T19:12:14.210635" elapsed="0.000398"/>
</kw>
<kw name="Set Variable" owner="BuiltIn">
<msg time="2024-05-06T19:12:14.211829" level="INFO">${json_data} = {'results': [{'gender': 'female', 'name': {'title': 'Ms', 'first': 'Lily', 'last': 'Wood'}, 'location': {'street': {'number': 7822, 'name': 'Bridge Road'}, 'city': 'Wakefield', 'state': 'County Ferman...</msg>
<var>${json_data}</var>
<arg>${response.json()}</arg>
<doc>Returns the given values which can then be assigned to a variables.</doc>
<status status="PASS" start="2024-05-06T19:12:14.211349" elapsed="0.000508"/>
</kw>
<kw name="Dictionary Should Contain Key" owner="Collections">
<msg time="2024-05-06T19:12:14.212330" level="INFO">False</msg>
<arg>${json_data}</arg>
<arg>results</arg>
<doc>Fails if ``key`` is not found from ``dictionary``.</doc>
<status status="PASS" start="2024-05-06T19:12:14.212161" elapsed="0.000209"/>
</kw>
<status status="PASS" start="2024-05-06T19:12:14.055452" elapsed="0.157185"/>
</kw>
<doc>Testa se a API responde corretamente e retorna um objeto JSON válido.</doc>
<tag>testeRequisicaoBasica</tag>
<status status="PASS" start="2024-05-06T19:12:14.054988" elapsed="0.157833"/>
</test>
<test id="s1-s1-t3" name="Validar estrutura de resposta" line="22">
<kw name="Teste de Estrutura de Resposta" owner="random-user-service">
<kw name="GET On Session" owner="RequestsLibrary">
<msg time="2024-05-06T19:12:14.315273" level="INFO">GET Request : url=https://randomuser.me/api 
 path_url=/api 
 headers={'User-Agent': 'python-requests/2.31.0', 'Accept-Encoding': 'gzip, deflate', 'Accept': '*/*', 'Connection': 'keep-alive'} 
 body=None 
 </msg>
<msg time="2024-05-06T19:12:14.315361" level="INFO">GET Response : url=https://randomuser.me/api 
 status=200, reason=OK 
 headers={'Date': 'Mon, 06 May 2024 19:12:14 GMT', 'Content-Type': 'application/json; charset=utf-8', 'Transfer-Encoding': 'chunked', 'Connection': 'keep-alive', 'X-Powered-By': 'Express', 'Access-Control-Allow-Origin': '*', 'Cache-Control': 'no-cache', 'ETag': 'W/"47a-YC+KL5yvt5eYTmJcZy0biEaiHt8"', 'Vary': 'Accept-Encoding', 'Content-Encoding': 'gzip', 'CF-Cache-Status': 'DYNAMIC', 'Report-To': '{"endpoints":[{"url":"https:\\/\\/a.nel.cloudflare.com\\/report\\/v4?s=m1lH7JTY7QH7%2FAGNDC2k8ZsyMFXnLrkdgHIZWp3D6zqNlA1io9L1T%2BA3%2FAAKU67xA0OyVLKObwrvZy3kk%2Bi4%2BCuZXcTu04EnGqG2OfC1blJVa2Mdj9%2BuIgbZK7u8%2ByOJ"}],"group":"cf-nel","max_age":604800}', 'NEL': '{"success_fraction":0,"report_to":"cf-nel","max_age":604800}', 'Server': 'cloudflare', 'CF-RAY': '87fb47d8d89c2af3-LAX', 'alt-svc': 'h3=":443"; ma=86400'} 
 body={"results":[{"gender":"male","name":{"title":"Mr","first":"Ronnie","last":"Boyd"},"location":{"street":{"number":1507,"name":"Henry Street"},"city":"Greystones","state":"Laois","country":"Ireland","postcode":89700,"coordinates":{"latitude":"-3.6586","longitude":"-14.0554"},"timezone":{"offset":"-1:00","description":"Azores, Cape Verde Islands"}},"email":"ronnie.boyd@example.com","login":{"uuid":"d162467e-5a37-4703-ba92-e35fbedff08d","username":"organiccat940","password":"pancho","salt":"vPlEBdn9","md5":"d4c51080e0781e45aa21bc5b176dc1ec","sha1":"34ce047f061864f4485e4d5c12a9b7ddbca24c38","sha256":"a987c987546e1f1e762eff5773c5b021de034cd5ba98c00d0de7d39745c05912"},"dob":{"date":"1958-05-18T12:10:57.065Z","age":65},"registered":{"date":"2009-09-22T08:18:09.419Z","age":14},"phone":"051-989-9058","cell":"081-073-5772","id":{"name":"PPS","value":"3632062T"},"picture":{"large":"https://randomuser.me/api/portraits/men/94.jpg","medium":"https://randomuser.me/api/portraits/med/men/94.jpg","thumbnail":"https://randomuser.me/api/portraits/thumb/men/94.jpg"},"nat":"IE"}],"info":{"seed":"bb822ed50f77f2cd","results":1,"page":1,"version":"1.4"}} 
 </msg>
<msg time="2024-05-06T19:12:14.315454" level="INFO">/opt/hostedtoolcache/Python/3.12.3/x64/lib/python3.12/site-packages/urllib3/connectionpool.py:1103: InsecureRequestWarning: Unverified HTTPS request is being made to host 'randomuser.me'. Adding certificate verification is strongly advised. See: https://urllib3.readthedocs.io/en/latest/advanced-usage.html#tls-warnings
  warnings.warn(</msg>
<msg time="2024-05-06T19:12:14.315574" level="INFO">${response} = &lt;Response [200]&gt;</msg>
<var>${response}</var>
<arg>consultarAPI</arg>
<arg>/api</arg>
<doc>Sends a GET request on a previously created HTTP Session.</doc>
<status status="PASS" start="2024-05-06T19:12:14.215412" elapsed="0.100201"/>
</kw>
<kw name="Set Variable" owner="BuiltIn">
<msg time="2024-05-06T19:12:14.316449" level="INFO">${json_data} = {'results': [{'gender': 'male', 'name': {'title': 'Mr', 'first': 'Ronnie', 'last': 'Boyd'}, 'location': {'street': {'number': 1507, 'name': 'Henry Street'}, 'city': 'Greystones', 'state': 'Laois', 'co...</msg>
<var>${json_data}</var>
<arg>${response.json()}</arg>
<doc>Returns the given values which can then be assigned to a variables.</doc>
<status status="PASS" start="2024-05-06T19:12:14.315985" elapsed="0.000492"/>
</kw>
<kw name="Log" owner="BuiltIn">
<msg time="2024-05-06T19:12:14.316949" level="INFO">{'results': [{'gender': 'male', 'name': {'title': 'Mr', 'first': 'Ronnie', 'last': 'Boyd'}, 'location': {'street': {'number': 1507, 'name': 'Henry Street'}, 'city': 'Greystones', 'state': 'Laois', 'country': 'Ireland', 'postcode': 89700, 'coordinates': {'latitude': '-3.6586', 'longitude': '-14.0554'}, 'timezone': {'offset': '-1:00', 'description': 'Azores, Cape Verde Islands'}}, 'email': 'ronnie.boyd@example.com', 'login': {'uuid': 'd162467e-5a37-4703-ba92-e35fbedff08d', 'username': 'organiccat940', 'password': 'pancho', 'salt': 'vPlEBdn9', 'md5': 'd4c51080e0781e45aa21bc5b176dc1ec', 'sha1': '34ce047f061864f4485e4d5c12a9b7ddbca24c38', 'sha256': 'a987c987546e1f1e762eff5773c5b021de034cd5ba98c00d0de7d39745c05912'}, 'dob': {'date': '1958-05-18T12:10:57.065Z', 'age': 65}, 'registered': {'date': '2009-09-22T08:18:09.419Z', 'age': 14}, 'phone': '051-989-9058', 'cell': '081-073-5772', 'id': {'name': 'PPS', 'value': '3632062T'}, 'picture': {'large': 'https://randomuser.me/api/portraits/men/94.jpg', 'medium': 'https://randomuser.me/api/portraits/med/men/94.jpg', 'thumbnail': 'https://randomuser.me/api/portraits/thumb/men/94.jpg'}, 'nat': 'IE'}], 'info': {'seed': 'bb822ed50f77f2cd', 'results': 1, 'page': 1, 'version': '1.4'}}</msg>
<arg>${json_data}</arg>
<doc>Logs the given message with the given level.</doc>
<status status="PASS" start="2024-05-06T19:12:14.316794" elapsed="0.000201"/>
</kw>
<kw name="Dictionary Should Contain Key" owner="Collections">
<msg time="2024-05-06T19:12:14.317444" level="INFO">False</msg>
<arg>${json_data}</arg>
<arg>results</arg>
<doc>Fails if ``key`` is not found from ``dictionary``.</doc>
<status status="PASS" start="2024-05-06T19:12:14.317288" elapsed="0.000193"/>
</kw>
<kw name="Should Not Be Empty" owner="BuiltIn">
<msg time="2024-05-06T19:12:14.317900" level="INFO">Length is 2.</msg>
<arg>${json_data}</arg>
<doc>Verifies that the given item is not empty.</doc>
<status status="PASS" start="2024-05-06T19:12:14.317771" elapsed="0.000306"/>
</kw>
<kw name="Create List" owner="BuiltIn">
<msg time="2024-05-06T19:12:14.318525" level="INFO">${expected_keys} = ['gender', 'name', 'location', 'email', 'login']</msg>
<var>${expected_keys}</var>
<arg>gender</arg>
<arg>name</arg>
<arg>location</arg>
<arg>email</arg>
<arg>login</arg>
<doc>Returns a list containing given items.</doc>
<status status="PASS" start="2024-05-06T19:12:14.318372" elapsed="0.000177"/>
</kw>
<for flavor="IN">
<iter>
<kw name="Dictionary Should Contain Key" owner="Collections">
<msg time="2024-05-06T19:12:14.319527" level="INFO">False</msg>
<arg>${json_data['results'][0]}</arg>
<arg>${key}</arg>
<doc>Fails if ``key`` is not found from ``dictionary``.</doc>
<status status="PASS" start="2024-05-06T19:12:14.319124" elapsed="0.000474"/>
</kw>
<kw name="Log" owner="BuiltIn">
<msg time="2024-05-06T19:12:14.320260" level="INFO">{'gender': 'male', 'name': {'title': 'Mr', 'first': 'Ronnie', 'last': 'Boyd'}, 'location': {'street': {'number': 1507, 'name': 'Henry Street'}, 'city': 'Greystones', 'state': 'Laois', 'country': 'Ireland', 'postcode': 89700, 'coordinates': {'latitude': '-3.6586', 'longitude': '-14.0554'}, 'timezone': {'offset': '-1:00', 'description': 'Azores, Cape Verde Islands'}}, 'email': 'ronnie.boyd@example.com', 'login': {'uuid': 'd162467e-5a37-4703-ba92-e35fbedff08d', 'username': 'organiccat940', 'password': 'pancho', 'salt': 'vPlEBdn9', 'md5': 'd4c51080e0781e45aa21bc5b176dc1ec', 'sha1': '34ce047f061864f4485e4d5c12a9b7ddbca24c38', 'sha256': 'a987c987546e1f1e762eff5773c5b021de034cd5ba98c00d0de7d39745c05912'}, 'dob': {'date': '1958-05-18T12:10:57.065Z', 'age': 65}, 'registered': {'date': '2009-09-22T08:18:09.419Z', 'age': 14}, 'phone': '051-989-9058', 'cell': '081-073-5772', 'id': {'name': 'PPS', 'value': '3632062T'}, 'picture': {'large': 'https://randomuser.me/api/portraits/men/94.jpg', 'medium': 'https://randomuser.me/api/portraits/med/men/94.jpg', 'thumbnail': 'https://randomuser.me/api/portraits/thumb/men/94.jpg'}, 'nat': 'IE'}</msg>
<arg>${json_data['results'][0]}</arg>
<doc>Logs the given message with the given level.</doc>
<status status="PASS" start="2024-05-06T19:12:14.319896" elapsed="0.000412"/>
</kw>
<kw name="Log" owner="BuiltIn">
<msg time="2024-05-06T19:12:14.320732" level="INFO">gender</msg>
<arg>${key}</arg>
<doc>Logs the given message with the given level.</doc>
<status status="PASS" start="2024-05-06T19:12:14.320606" elapsed="0.000164"/>
</kw>
<var name="${key}">gender</var>
<status status="PASS" start="2024-05-06T19:12:14.319000" elapsed="0.001981"/>
</iter>
<iter>
<kw name="Dictionary Should Contain Key" owner="Collections">
<msg time="2024-05-06T19:12:14.321674" level="INFO">False</msg>
<arg>${json_data['results'][0]}</arg>
<arg>${key}</arg>
<doc>Fails if ``key`` is not found from ``dictionary``.</doc>
<status status="PASS" start="2024-05-06T19:12:14.321282" elapsed="0.000430"/>
</kw>
<kw name="Log" owner="BuiltIn">
<msg time="2024-05-06T19:12:14.322390" level="INFO">{'gender': 'male', 'name': {'title': 'Mr', 'first': 'Ronnie', 'last': 'Boyd'}, 'location': {'street': {'number': 1507, 'name': 'Henry Street'}, 'city': 'Greystones', 'state': 'Laois', 'country': 'Ireland', 'postcode': 89700, 'coordinates': {'latitude': '-3.6586', 'longitude': '-14.0554'}, 'timezone': {'offset': '-1:00', 'description': 'Azores, Cape Verde Islands'}}, 'email': 'ronnie.boyd@example.com', 'login': {'uuid': 'd162467e-5a37-4703-ba92-e35fbedff08d', 'username': 'organiccat940', 'password': 'pancho', 'salt': 'vPlEBdn9', 'md5': 'd4c51080e0781e45aa21bc5b176dc1ec', 'sha1': '34ce047f061864f4485e4d5c12a9b7ddbca24c38', 'sha256': 'a987c987546e1f1e762eff5773c5b021de034cd5ba98c00d0de7d39745c05912'}, 'dob': {'date': '1958-05-18T12:10:57.065Z', 'age': 65}, 'registered': {'date': '2009-09-22T08:18:09.419Z', 'age': 14}, 'phone': '051-989-9058', 'cell': '081-073-5772', 'id': {'name': 'PPS', 'value': '3632062T'}, 'picture': {'large': 'https://randomuser.me/api/portraits/men/94.jpg', 'medium': 'https://randomuser.me/api/portraits/med/men/94.jpg', 'thumbnail': 'https://randomuser.me/api/portraits/thumb/men/94.jpg'}, 'nat': 'IE'}</msg>
<arg>${json_data['results'][0]}</arg>
<doc>Logs the given message with the given level.</doc>
<status status="PASS" start="2024-05-06T19:12:14.322029" elapsed="0.000409"/>
</kw>
<kw name="Log" owner="BuiltIn">
<msg time="2024-05-06T19:12:14.322863" level="INFO">name</msg>
<arg>${key}</arg>
<doc>Logs the given message with the given level.</doc>
<status status="PASS" start="2024-05-06T19:12:14.322731" elapsed="0.000170"/>
</kw>
<var name="${key}">name</var>
<status status="PASS" start="2024-05-06T19:12:14.321168" elapsed="0.001943"/>
</iter>
<iter>
<kw name="Dictionary Should Contain Key" owner="Collections">
<msg time="2024-05-06T19:12:14.323814" level="INFO">False</msg>
<arg>${json_data['results'][0]}</arg>
<arg>${key}</arg>
<doc>Fails if ``key`` is not found from ``dictionary``.</doc>
<status status="PASS" start="2024-05-06T19:12:14.323397" elapsed="0.000454"/>
</kw>
<kw name="Log" owner="BuiltIn">
<msg time="2024-05-06T19:12:14.324514" level="INFO">{'gender': 'male', 'name': {'title': 'Mr', 'first': 'Ronnie', 'last': 'Boyd'}, 'location': {'street': {'number': 1507, 'name': 'Henry Street'}, 'city': 'Greystones', 'state': 'Laois', 'country': 'Ireland', 'postcode': 89700, 'coordinates': {'latitude': '-3.6586', 'longitude': '-14.0554'}, 'timezone': {'offset': '-1:00', 'description': 'Azores, Cape Verde Islands'}}, 'email': 'ronnie.boyd@example.com', 'login': {'uuid': 'd162467e-5a37-4703-ba92-e35fbedff08d', 'username': 'organiccat940', 'password': 'pancho', 'salt': 'vPlEBdn9', 'md5': 'd4c51080e0781e45aa21bc5b176dc1ec', 'sha1': '34ce047f061864f4485e4d5c12a9b7ddbca24c38', 'sha256': 'a987c987546e1f1e762eff5773c5b021de034cd5ba98c00d0de7d39745c05912'}, 'dob': {'date': '1958-05-18T12:10:57.065Z', 'age': 65}, 'registered': {'date': '2009-09-22T08:18:09.419Z', 'age': 14}, 'phone': '051-989-9058', 'cell': '081-073-5772', 'id': {'name': 'PPS', 'value': '3632062T'}, 'picture': {'large': 'https://randomuser.me/api/portraits/men/94.jpg', 'medium': 'https://randomuser.me/api/portraits/med/men/94.jpg', 'thumbnail': 'https://randomuser.me/api/portraits/thumb/men/94.jpg'}, 'nat': 'IE'}</msg>
<arg>${json_data['results'][0]}</arg>
<doc>Logs the given message with the given level.</doc>
<status status="PASS" start="2024-05-06T19:12:14.324149" elapsed="0.000412"/>
</kw>
<kw name="Log" owner="BuiltIn">
<msg time="2024-05-06T19:12:14.324988" level="INFO">location</msg>
<arg>${key}</arg>
<doc>Logs the given message with the given level.</doc>
<status status="PASS" start="2024-05-06T19:12:14.324855" elapsed="0.000171"/>
</kw>
<var name="${key}">location</var>
<status status="PASS" start="2024-05-06T19:12:14.323288" elapsed="0.001949"/>
</iter>
<iter>
<kw name="Dictionary Should Contain Key" owner="Collections">
<msg time="2024-05-06T19:12:14.325895" level="INFO">False</msg>
<arg>${json_data['results'][0]}</arg>
<arg>${key}</arg>
<doc>Fails if ``key`` is not found from ``dictionary``.</doc>
<status status="PASS" start="2024-05-06T19:12:14.325519" elapsed="0.000413"/>
</kw>
<kw name="Log" owner="BuiltIn">
<msg time="2024-05-06T19:12:14.326582" level="INFO">{'gender': 'male', 'name': {'title': 'Mr', 'first': 'Ronnie', 'last': 'Boyd'}, 'location': {'street': {'number': 1507, 'name': 'Henry Street'}, 'city': 'Greystones', 'state': 'Laois', 'country': 'Ireland', 'postcode': 89700, 'coordinates': {'latitude': '-3.6586', 'longitude': '-14.0554'}, 'timezone': {'offset': '-1:00', 'description': 'Azores, Cape Verde Islands'}}, 'email': 'ronnie.boyd@example.com', 'login': {'uuid': 'd162467e-5a37-4703-ba92-e35fbedff08d', 'username': 'organiccat940', 'password': 'pancho', 'salt': 'vPlEBdn9', 'md5': 'd4c51080e0781e45aa21bc5b176dc1ec', 'sha1': '34ce047f061864f4485e4d5c12a9b7ddbca24c38', 'sha256': 'a987c987546e1f1e762eff5773c5b021de034cd5ba98c00d0de7d39745c05912'}, 'dob': {'date': '1958-05-18T12:10:57.065Z', 'age': 65}, 'registered': {'date': '2009-09-22T08:18:09.419Z', 'age': 14}, 'phone': '051-989-9058', 'cell': '081-073-5772', 'id': {'name': 'PPS', 'value': '3632062T'}, 'picture': {'large': 'https://randomuser.me/api/portraits/men/94.jpg', 'medium': 'https://randomuser.me/api/portraits/med/men/94.jpg', 'thumbnail': 'https://randomuser.me/api/portraits/thumb/men/94.jpg'}, 'nat': 'IE'}</msg>
<arg>${json_data['results'][0]}</arg>
<doc>Logs the given message with the given level.</doc>
<status status="PASS" start="2024-05-06T19:12:14.326229" elapsed="0.000400"/>
</kw>
<kw name="Log" owner="BuiltIn">
<msg time="2024-05-06T19:12:14.327044" level="INFO">email</msg>
<arg>${key}</arg>
<doc>Logs the given message with the given level.</doc>
<status status="PASS" start="2024-05-06T19:12:14.326918" elapsed="0.000163"/>
</kw>
<var name="${key}">email</var>
<status status="PASS" start="2024-05-06T19:12:14.325409" elapsed="0.001883"/>
</iter>
<iter>
<kw name="Dictionary Should Contain Key" owner="Collections">
<msg time="2024-05-06T19:12:14.327993" level="INFO">False</msg>
<arg>${json_data['results'][0]}</arg>
<arg>${key}</arg>
<doc>Fails if ``key`` is not found from ``dictionary``.</doc>
<status status="PASS" start="2024-05-06T19:12:14.327606" elapsed="0.000423"/>
</kw>
<kw name="Log" owner="BuiltIn">
<msg time="2024-05-06T19:12:14.328680" level="INFO">{'gender': 'male', 'name': {'title': 'Mr', 'first': 'Ronnie', 'last': 'Boyd'}, 'location': {'street': {'number': 1507, 'name': 'Henry Street'}, 'city': 'Greystones', 'state': 'Laois', 'country': 'Ireland', 'postcode': 89700, 'coordinates': {'latitude': '-3.6586', 'longitude': '-14.0554'}, 'timezone': {'offset': '-1:00', 'description': 'Azores, Cape Verde Islands'}}, 'email': 'ronnie.boyd@example.com', 'login': {'uuid': 'd162467e-5a37-4703-ba92-e35fbedff08d', 'username': 'organiccat940', 'password': 'pancho', 'salt': 'vPlEBdn9', 'md5': 'd4c51080e0781e45aa21bc5b176dc1ec', 'sha1': '34ce047f061864f4485e4d5c12a9b7ddbca24c38', 'sha256': 'a987c987546e1f1e762eff5773c5b021de034cd5ba98c00d0de7d39745c05912'}, 'dob': {'date': '1958-05-18T12:10:57.065Z', 'age': 65}, 'registered': {'date': '2009-09-22T08:18:09.419Z', 'age': 14}, 'phone': '051-989-9058', 'cell': '081-073-5772', 'id': {'name': 'PPS', 'value': '3632062T'}, 'picture': {'large': 'https://randomuser.me/api/portraits/men/94.jpg', 'medium': 'https://randomuser.me/api/portraits/med/men/94.jpg', 'thumbnail': 'https://randomuser.me/api/portraits/thumb/men/94.jpg'}, 'nat': 'IE'}</msg>
<arg>${json_data['results'][0]}</arg>
<doc>Logs the given message with the given level.</doc>
<status status="PASS" start="2024-05-06T19:12:14.328320" elapsed="0.000406"/>
</kw>
<kw name="Log" owner="BuiltIn">
<msg time="2024-05-06T19:12:14.329141" level="INFO">login</msg>
<arg>${key}</arg>
<doc>Logs the given message with the given level.</doc>
<status status="PASS" start="2024-05-06T19:12:14.329016" elapsed="0.000162"/>
</kw>
<var name="${key}">login</var>
<status status="PASS" start="2024-05-06T19:12:14.327459" elapsed="0.001940"/>
</iter>
<var>${key}</var>
<value>@{expected_keys}</value>
<status status="PASS" start="2024-05-06T19:12:14.318813" elapsed="0.010730"/>
</for>
<kw name="Create List" owner="BuiltIn">
<msg time="2024-05-06T19:12:14.329876" level="INFO">${expected_keysTwo} = ['username', 'password']</msg>
<var>${expected_keysTwo}</var>
<arg>username</arg>
<arg>password</arg>
<doc>Returns a list containing given items.</doc>
<status status="PASS" start="2024-05-06T19:12:14.329741" elapsed="0.000159"/>
</kw>
<for flavor="IN">
<iter>
<kw name="Dictionary Should Contain Key" owner="Collections">
<msg time="2024-05-06T19:12:14.330822" level="INFO">False</msg>
<arg>${json_data['results'][0]['login']}</arg>
<arg>${keyTwo}</arg>
<doc>Fails if ``key`` is not found from ``dictionary``.</doc>
<status status="PASS" start="2024-05-06T19:12:14.330422" elapsed="0.000436"/>
</kw>
<kw name="Dictionary Should Contain Key" owner="Collections">
<msg time="2024-05-06T19:12:14.331526" level="INFO">False</msg>
<arg>${json_data['results'][0]['login']}</arg>
<arg>${keyTwo}</arg>
<doc>Fails if ``key`` is not found from ``dictionary``.</doc>
<status status="PASS" start="2024-05-06T19:12:14.331151" elapsed="0.000449"/>
</kw>
<kw name="Log" owner="BuiltIn">
<msg time="2024-05-06T19:12:14.332022" level="INFO">username</msg>
<arg>${keyTwo}</arg>
<doc>Logs the given message with the given level.</doc>
<status status="PASS" start="2024-05-06T19:12:14.331895" elapsed="0.000169"/>
</kw>
<var name="${keyTwo}">username</var>
<status status="PASS" start="2024-05-06T19:12:14.330310" elapsed="0.001977"/>
</iter>
<iter>
<kw name="Dictionary Should Contain Key" owner="Collections">
<msg time="2024-05-06T19:12:14.333029" level="INFO">False</msg>
<arg>${json_data['results'][0]['login']}</arg>
<arg>${keyTwo}</arg>
<doc>Fails if ``key`` is not found from ``dictionary``.</doc>
<status status="PASS" start="2024-05-06T19:12:14.332563" elapsed="0.000505"/>
</kw>
<kw name="Dictionary Should Contain Key" owner="Collections">
<msg time="2024-05-06T19:12:14.333737" level="INFO">False</msg>
<arg>${json_data['results'][0]['login']}</arg>
<arg>${keyTwo}</arg>
<doc>Fails if ``key`` is not found from ``dictionary``.</doc>
<status status="PASS" start="2024-05-06T19:12:14.333362" elapsed="0.000410"/>
</kw>
<kw name="Log" owner="BuiltIn">
<msg time="2024-05-06T19:12:14.334188" level="INFO">password</msg>
<arg>${keyTwo}</arg>
<doc>Logs the given message with the given level.</doc>
<status status="PASS" start="2024-05-06T19:12:14.334061" elapsed="0.000163"/>
</kw>
<var name="${keyTwo}">password</var>
<status status="PASS" start="2024-05-06T19:12:14.332455" elapsed="0.001982"/>
</iter>
<var>${keyTwo}</var>
<value>@{expected_keysTwo}</value>
<status status="PASS" start="2024-05-06T19:12:14.330139" elapsed="0.004419"/>
</for>
<status status="PASS" start="2024-05-06T19:12:14.215179" elapsed="0.119514"/>
</kw>
<doc>Testa a estrutura da resposta da API.</doc>
<tag>testeEstruturaResposta</tag>
<status status="PASS" start="2024-05-06T19:12:14.214666" elapsed="0.120175"/>
</test>
<test id="s1-s1-t4" name="Validar tipos de dados" line="28">
<kw name="Teste de Tipos de Dados" owner="random-user-service">
<kw name="GET On Session" owner="RequestsLibrary">
<msg time="2024-05-06T19:12:14.435398" level="INFO">GET Request : url=https://randomuser.me/api 
 path_url=/api 
 headers={'User-Agent': 'python-requests/2.31.0', 'Accept-Encoding': 'gzip, deflate', 'Accept': '*/*', 'Connection': 'keep-alive'} 
 body=None 
 </msg>
<msg time="2024-05-06T19:12:14.435482" level="INFO">GET Response : url=https://randomuser.me/api 
 status=200, reason=OK 
 headers={'Date': 'Mon, 06 May 2024 19:12:14 GMT', 'Content-Type': 'application/json; charset=utf-8', 'Transfer-Encoding': 'chunked', 'Connection': 'keep-alive', 'X-Powered-By': 'Express', 'Access-Control-Allow-Origin': '*', 'Cache-Control': 'no-cache', 'ETag': 'W/"499-96YwLjlUnLi+IDlz0yuE+glfz2U"', 'Vary': 'Accept-Encoding', 'Content-Encoding': 'gzip', 'CF-Cache-Status': 'DYNAMIC', 'Report-To': '{"endpoints":[{"url":"https:\\/\\/a.nel.cloudflare.com\\/report\\/v4?s=xev4I%2BAEDiaLa2Yc3AGoaG8pmzhE4wnFHKix6y8hO%2BqHn8%2FH%2B0BgjHolOB47Gk10mckv2qgnSbGUIuRbWE5Y8tAvi9HZS9UfY3XcFUMIl%2Fo6l0xb6r9pBGh2AHvZnuem"}],"group":"cf-nel","max_age":604800}', 'NEL': '{"success_fraction":0,"report_to":"cf-nel","max_age":604800}', 'Server': 'cloudflare', 'CF-RAY': '87fb47d9999d2af3-LAX', 'alt-svc': 'h3=":443"; ma=86400'} 
 body={"results":[{"gender":"female","name":{"title":"Mademoiselle","first":"Giuseppa","last":"Michel"},"location":{"street":{"number":6944,"name":"Rue Chazière"},"city":"Diepflingen","state":"Zürich","country":"Switzerland","postcode":3907,"coordinates":{"latitude":"-63.7444","longitude":"92.7561"},"timezone":{"offset":"+5:45","description":"Kathmandu"}},"email":"giuseppa.michel@example.com","login":{"uuid":"6bdbb73f-e2e9-4fed-b3b1-b4e8415df752","username":"beautifulpanda372","password":"phyllis","salt":"j3J062Rp","md5":"626ff9a3661796f8ccc4f5d36c2826ce","sha1":"ff0251d5e121fdbaf606de0edb953fc43580563a","sha256":"bca59e464640d55a208020109197a58242eedca7f78a4872eec896f3d1750b57"},"dob":{"date":"1997-08-28T08:50:07.740Z","age":26},"registered":{"date":"2013-02-04T22:18:58.351Z","age":11},"phone":"079 943 17 32","cell":"076 083 95 26","id":{"name":"AVS","value":"756.0596.0544.79"},"picture":{"large":"https://randomuser.me/api/portraits/women/29.jpg","medium":"https://randomuser.me/api/portraits/med/women/29.jpg","thumbnail":"https://randomuser.me/api/portraits/thumb/women/29.jpg"},"nat":"CH"}],"info":{"seed":"d3d7a6fb5082fecc","results":1,"page":1,"version":"1.4"}} 
 </msg>
<msg time="2024-05-06T19:12:14.435584" level="INFO">/opt/hostedtoolcache/Python/3.12.3/x64/lib/python3.12/site-packages/urllib3/connectionpool.py:1103: InsecureRequestWarning: Unverified HTTPS request is being made to host 'randomuser.me'. Adding certificate verification is strongly advised. See: https://urllib3.readthedocs.io/en/latest/advanced-usage.html#tls-warnings
  warnings.warn(</msg>
<msg time="2024-05-06T19:12:14.435678" level="INFO">${response} = &lt;Response [200]&gt;</msg>
<var>${response}</var>
<arg>consultarAPI</arg>
<arg>/api</arg>
<doc>Sends a GET request on a previously created HTTP Session.</doc>
<status status="PASS" start="2024-05-06T19:12:14.337313" elapsed="0.098399"/>
</kw>
<kw name="Set Variable" owner="BuiltIn">
<msg time="2024-05-06T19:12:14.436594" level="INFO">${json_data} = {'results': [{'gender': 'female', 'name': {'title': 'Mademoiselle', 'first': 'Giuseppa', 'last': 'Michel'}, 'location': {'street': {'number': 6944, 'name': 'Rue Chazière'}, 'city': 'Diepflingen', 'sta...</msg>
<var>${json_data}</var>
<arg>${response.json()}</arg>
<doc>Returns the given values which can then be assigned to a variables.</doc>
<status status="PASS" start="2024-05-06T19:12:14.436116" elapsed="0.000508"/>
</kw>
<kw name="Log" owner="BuiltIn">
<msg time="2024-05-06T19:12:14.437093" level="INFO">{'results': [{'gender': 'female', 'name': {'title': 'Mademoiselle', 'first': 'Giuseppa', 'last': 'Michel'}, 'location': {'street': {'number': 6944, 'name': 'Rue Chazière'}, 'city': 'Diepflingen', 'state': 'Zürich', 'country': 'Switzerland', 'postcode': 3907, 'coordinates': {'latitude': '-63.7444', 'longitude': '92.7561'}, 'timezone': {'offset': '+5:45', 'description': 'Kathmandu'}}, 'email': 'giuseppa.michel@example.com', 'login': {'uuid': '6bdbb73f-e2e9-4fed-b3b1-b4e8415df752', 'username': 'beautifulpanda372', 'password': 'phyllis', 'salt': 'j3J062Rp', 'md5': '626ff9a3661796f8ccc4f5d36c2826ce', 'sha1': 'ff0251d5e121fdbaf606de0edb953fc43580563a', 'sha256': 'bca59e464640d55a208020109197a58242eedca7f78a4872eec896f3d1750b57'}, 'dob': {'date': '1997-08-28T08:50:07.740Z', 'age': 26}, 'registered': {'date': '2013-02-04T22:18:58.351Z', 'age': 11}, 'phone': '079 943 17 32', 'cell': '076 083 95 26', 'id': {'name': 'AVS', 'value': '756.0596.0544.79'}, 'picture': {'large': 'https://randomuser.me/api/portraits/women/29.jpg', 'medium': 'https://randomuser.me/api/portraits/med/women/29.jpg', 'thumbnail': 'https://randomuser.me/api/portraits/thumb/women/29.jpg'}, 'nat': 'CH'}], 'info': {'seed': 'd3d7a6fb5082fecc', 'results': 1, 'page': 1, 'version': '1.4'}}</msg>
<arg>${json_data}</arg>
<doc>Logs the given message with the given level.</doc>
<status status="PASS" start="2024-05-06T19:12:14.436935" elapsed="0.000240"/>
</kw>
<kw name="Should Be String" owner="String">
<arg>${json_data['results'][0]['gender']}</arg>
<doc>Fails if the given ``item`` is not a string.</doc>
<status status="PASS" start="2024-05-06T19:12:14.437479" elapsed="0.000360"/>
</kw>
<kw name="Should Match Regexp" owner="BuiltIn">
<arg>${json_data['results'][0]['email']}</arg>
<arg>^[a-zA-Z0-9._%+-]+@[a-zA-Z0-9.-]+\.[a-zA-Z]{2,}$</arg>
<doc>Fails if ``string`` does not match ``pattern`` as a regular expression.</doc>
<status status="PASS" start="2024-05-06T19:12:14.438032" elapsed="0.000510"/>
</kw>
<kw name="Should Match Regexp" owner="BuiltIn">
<arg>${json_data['results'][0]['dob']['date']}</arg>
<arg>\\d{4}-\\d{2}-\\d{2}T\\d{2}:\\d{2}:\\d{2}\\.\\d{3}Z</arg>
<doc>Fails if ``string`` does not match ``pattern`` as a regular expression.</doc>
<status status="PASS" start="2024-05-06T19:12:14.438739" elapsed="0.000483"/>
</kw>
<kw name="Should Match Regexp" owner="BuiltIn">
<arg>${json_data['results'][0]['registered']['date']}</arg>
<arg>\\d{4}-\\d{2}-\\d{2}T\\d{2}:\\d{2}:\\d{2}\\.\\d{3}Z</arg>
<doc>Fails if ``string`` does not match ``pattern`` as a regular expression.</doc>
<status status="PASS" start="2024-05-06T19:12:14.439409" elapsed="0.000414"/>
</kw>
<kw name="Should Match Regexp" owner="BuiltIn">
<arg>${json_data['results'][0]['picture']['large']}</arg>
<arg>^https?://.*\.(?:png|jpe?g|gif|bmp)$</arg>
<doc>Fails if ``string`` does not match ``pattern`` as a regular expression.</doc>
<status status="PASS" start="2024-05-06T19:12:14.440016" elapsed="0.000458"/>
</kw>
<kw name="Should Match Regexp" owner="BuiltIn">
<arg>${json_data['results'][0]['picture']['medium']}</arg>
<arg>^https?://.*\.(?:png|jpe?g|gif|bmp)$</arg>
<doc>Fails if ``string`` does not match ``pattern`` as a regular expression.</doc>
<status status="PASS" start="2024-05-06T19:12:14.440662" elapsed="0.000357"/>
</kw>
<kw name="Should Match Regexp" owner="BuiltIn">
<arg>${json_data['results'][0]['picture']['thumbnail']}</arg>
<arg>^https?://.*\.(?:png|jpe?g|gif|bmp)$</arg>
<doc>Fails if ``string`` does not match ``pattern`` as a regular expression.</doc>
<status status="PASS" start="2024-05-06T19:12:14.441208" elapsed="0.000353"/>
</kw>
<kw name="Log" owner="BuiltIn">
<msg time="2024-05-06T19:12:14.442065" level="INFO">{'large': 'https://randomuser.me/api/portraits/women/29.jpg', 'medium': 'https://randomuser.me/api/portraits/med/women/29.jpg', 'thumbnail': 'https://randomuser.me/api/portraits/thumb/women/29.jpg'}</msg>
<arg>${json_data['results'][0]['picture']}</arg>
<doc>Logs the given message with the given level.</doc>
<status status="PASS" start="2024-05-06T19:12:14.441743" elapsed="0.000363"/>
</kw>
<status status="PASS" start="2024-05-06T19:12:14.337089" elapsed="0.105270"/>
</kw>
<kw name="Teste de Tipos de Dados - Postcode" owner="random-user-service">
<kw name="GET On Session" owner="RequestsLibrary">
<msg time="2024-05-06T19:12:14.545598" level="INFO">GET Request : url=https://randomuser.me/api 
 path_url=/api 
 headers={'User-Agent': 'python-requests/2.31.0', 'Accept-Encoding': 'gzip, deflate', 'Accept': '*/*', 'Connection': 'keep-alive'} 
 body=None 
 </msg>
<msg time="2024-05-06T19:12:14.545702" level="INFO">GET Response : url=https://randomuser.me/api 
 status=200, reason=OK 
 headers={'Date': 'Mon, 06 May 2024 19:12:14 GMT', 'Content-Type': 'application/json; charset=utf-8', 'Transfer-Encoding': 'chunked', 'Connection': 'keep-alive', 'X-Powered-By': 'Express', 'Access-Control-Allow-Origin': '*', 'Cache-Control': 'no-cache', 'ETag': 'W/"47b-kF1Hru3s0/pfqQ11H0EgtZkO2B8"', 'Vary': 'Accept-Encoding', 'Content-Encoding': 'gzip', 'CF-Cache-Status': 'DYNAMIC', 'Report-To': '{"endpoints":[{"url":"https:\\/\\/a.nel.cloudflare.com\\/report\\/v4?s=rYqfJdcMPsj70HMfA5rGHZCkbG%2BegwcAUZGdyNgpJrF5g%2Ffij8iEPg2Yd1xH6IBACc2yv76z%2FcMlMGYWYVTq0TuO5v9dIQX61GrSRMbH%2BE%2FwWLejJj0PdjQ0KMOxujYH"}],"group":"cf-nel","max_age":604800}', 'NEL': '{"success_fraction":0,"report_to":"cf-nel","max_age":604800}', 'Server': 'cloudflare', 'CF-RAY': '87fb47da4a5d2af3-LAX', 'alt-svc': 'h3=":443"; ma=86400'} 
 body={"results":[{"gender":"male","name":{"title":"Mr","first":"Torje","last":"Kongsvik"},"location":{"street":{"number":838,"name":"Guldberglia"},"city":"Håkvik","state":"Trøndelag","country":"Norway","postcode":"4318","coordinates":{"latitude":"46.5371","longitude":"-161.5451"},"timezone":{"offset":"-1:00","description":"Azores, Cape Verde Islands"}},"email":"torje.kongsvik@example.com","login":{"uuid":"e76145e6-fb41-4682-a4b9-401fb342d688","username":"redmeercat326","password":"delete","salt":"8RtgzHiQ","md5":"f33a95e9b8781cfa3a3344d6f8d44d6b","sha1":"8ef3d4e887427a9fe6e5dda157c1c1fe43700b6d","sha256":"8a308e5fbb58a21f9e20e2fcc69685b7a4ada924ba69d47f30b9b096a182a3e1"},"dob":{"date":"1945-12-19T14:52:45.980Z","age":78},"registered":{"date":"2004-09-17T15:17:37.159Z","age":19},"phone":"72318355","cell":"49744338","id":{"name":"FN","value":"19124506576"},"picture":{"large":"https://randomuser.me/api/portraits/men/96.jpg","medium":"https://randomuser.me/api/portraits/med/men/96.jpg","thumbnail":"https://randomuser.me/api/portraits/thumb/men/96.jpg"},"nat":"NO"}],"info":{"seed":"be5d7b11e633b7a1","results":1,"page":1,"version":"1.4"}} 
 </msg>
<msg time="2024-05-06T19:12:14.545801" level="INFO">/opt/hostedtoolcache/Python/3.12.3/x64/lib/python3.12/site-packages/urllib3/connectionpool.py:1103: InsecureRequestWarning: Unverified HTTPS request is being made to host 'randomuser.me'. Adding certificate verification is strongly advised. See: https://urllib3.readthedocs.io/en/latest/advanced-usage.html#tls-warnings
  warnings.warn(</msg>
<msg time="2024-05-06T19:12:14.546361" level="INFO">${response} = &lt;Response [200]&gt;</msg>
<var>${response}</var>
<arg>consultarAPI</arg>
<arg>/api</arg>
<doc>Sends a GET request on a previously created HTTP Session.</doc>
<status status="PASS" start="2024-05-06T19:12:14.442797" elapsed="0.103612"/>
</kw>
<kw name="Set Variable" owner="BuiltIn">
<msg time="2024-05-06T19:12:14.547633" level="INFO">${json_data} = {'results': [{'gender': 'male', 'name': {'title': 'Mr', 'first': 'Torje', 'last': 'Kongsvik'}, 'location': {'street': {'number': 838, 'name': 'Guldberglia'}, 'city': 'Håkvik', 'state': 'Trøndelag', 'c...</msg>
<var>${json_data}</var>
<arg>${response.json()}</arg>
<doc>Returns the given values which can then be assigned to a variables.</doc>
<status status="PASS" start="2024-05-06T19:12:14.546895" elapsed="0.000787"/>
</kw>
<kw name="Log" owner="BuiltIn">
<msg time="2024-05-06T19:12:14.548402" level="INFO">{'results': [{'gender': 'male', 'name': {'title': 'Mr', 'first': 'Torje', 'last': 'Kongsvik'}, 'location': {'street': {'number': 838, 'name': 'Guldberglia'}, 'city': 'Håkvik', 'state': 'Trøndelag', 'country': 'Norway', 'postcode': '4318', 'coordinates': {'latitude': '46.5371', 'longitude': '-161.5451'}, 'timezone': {'offset': '-1:00', 'description': 'Azores, Cape Verde Islands'}}, 'email': 'torje.kongsvik@example.com', 'login': {'uuid': 'e76145e6-fb41-4682-a4b9-401fb342d688', 'username': 'redmeercat326', 'password': 'delete', 'salt': '8RtgzHiQ', 'md5': 'f33a95e9b8781cfa3a3344d6f8d44d6b', 'sha1': '8ef3d4e887427a9fe6e5dda157c1c1fe43700b6d', 'sha256': '8a308e5fbb58a21f9e20e2fcc69685b7a4ada924ba69d47f30b9b096a182a3e1'}, 'dob': {'date': '1945-12-19T14:52:45.980Z', 'age': 78}, 'registered': {'date': '2004-09-17T15:17:37.159Z', 'age': 19}, 'phone': '72318355', 'cell': '49744338', 'id': {'name': 'FN', 'value': '19124506576'}, 'picture': {'large': 'https://randomuser.me/api/portraits/men/96.jpg', 'medium': 'https://randomuser.me/api/portraits/med/men/96.jpg', 'thumbnail': 'https://randomuser.me/api/portraits/thumb/men/96.jpg'}, 'nat': 'NO'}], 'info': {'seed': 'be5d7b11e633b7a1', 'results': 1, 'page': 1, 'version': '1.4'}}</msg>
<arg>${json_data}</arg>
<doc>Logs the given message with the given level.</doc>
<status status="PASS" start="2024-05-06T19:12:14.548161" elapsed="0.000375"/>
</kw>
<kw name="Should Be Equal As Numbers" owner="BuiltIn">
<arg>${json_data['results'][0]['location']['postcode']}</arg>
<arg>${json_data['results'][0]['location']['postcode']}</arg>
<doc>Fails if objects are unequal after converting them to real numbers.</doc>
<status status="PASS" start="2024-05-06T19:12:14.549196" elapsed="0.001050"/>
</kw>
<kw name="Log" owner="BuiltIn">
<msg time="2024-05-06T19:12:14.551159" level="INFO">4318</msg>
<arg>${json_data['results'][0]['location']['postcode']}</arg>
<doc>Logs the given message with the given level.</doc>
<status status="PASS" start="2024-05-06T19:12:14.550565" elapsed="0.000656"/>
</kw>
<status status="PASS" start="2024-05-06T19:12:14.442575" elapsed="0.109029"/>
</kw>
<doc>Testa se os tipos de dados na resposta da API estão corretos.</doc>
<tag>testeTiposDados</tag>
<status status="PASS" start="2024-05-06T19:12:14.336653" elapsed="0.215214"/>
</test>
<test id="s1-s1-t5" name="Validar conteudo" line="35">
<kw name="Teste de Tipos de Conteudo" owner="random-user-service">
<kw name="GET On Session" owner="RequestsLibrary">
<msg time="2024-05-06T19:12:14.686943" level="INFO">GET Request : url=https://randomuser.me/api 
 path_url=/api 
 headers={'User-Agent': 'python-requests/2.31.0', 'Accept-Encoding': 'gzip, deflate', 'Accept': '*/*', 'Connection': 'keep-alive'} 
 body=None 
 </msg>
<msg time="2024-05-06T19:12:14.687025" level="INFO">GET Response : url=https://randomuser.me/api 
 status=200, reason=OK 
 headers={'Date': 'Mon, 06 May 2024 19:12:14 GMT', 'Content-Type': 'application/json; charset=utf-8', 'Transfer-Encoding': 'chunked', 'Connection': 'keep-alive', 'X-Powered-By': 'Express', 'Access-Control-Allow-Origin': '*', 'Cache-Control': 'no-cache', 'ETag': 'W/"484-Cq0OUo0eSEOrkJpYA2+12emayhU"', 'Vary': 'Accept-Encoding', 'Content-Encoding': 'gzip', 'CF-Cache-Status': 'DYNAMIC', 'Report-To': '{"endpoints":[{"url":"https:\\/\\/a.nel.cloudflare.com\\/report\\/v4?s=Kt7y9dy87PR0A29i2wnfiY%2BIXK9BNXPy95fGS4gb8SenCSlt8vLEnNDKFiS3nFZJAUUzNXVQJBDhguLK3vjgDcGOZXZBzZwGspSVf9Trgm0406Lj%2Bns4upkI%2B6M0ekAW"}],"group":"cf-nel","max_age":604800}', 'NEL': '{"success_fraction":0,"report_to":"cf-nel","max_age":604800}', 'Server': 'cloudflare', 'CF-RAY': '87fb47dafb992af3-LAX', 'alt-svc': 'h3=":443"; ma=86400'} 
 body={"results":[{"gender":"male","name":{"title":"Mr","first":"Adam","last":"Mathieu"},"location":{"street":{"number":4130,"name":"Rue de la Mairie"},"city":"Caen","state":"Haute-Savoie","country":"France","postcode":56530,"coordinates":{"latitude":"-16.6865","longitude":"-159.8907"},"timezone":{"offset":"-2:00","description":"Mid-Atlantic"}},"email":"adam.mathieu@example.com","login":{"uuid":"0a66a368-f648-4033-ae97-34c55773c482","username":"organicladybug304","password":"terry","salt":"0AtGcnmA","md5":"e48177ef6affcb4d1e7c19e12d501484","sha1":"7c550a421c7bd6d6e9b9fdae7a5781fb9d1964e6","sha256":"7757123a88ebe826b911269fcf6f009f1686620e0e644afcbadb329a70f1c7ad"},"dob":{"date":"1959-08-21T12:44:42.445Z","age":64},"registered":{"date":"2018-06-07T23:22:33.049Z","age":5},"phone":"02-44-27-25-15","cell":"06-07-51-51-90","id":{"name":"INSEE","value":"1590755750558 79"},"picture":{"large":"https://randomuser.me/api/portraits/men/35.jpg","medium":"https://randomuser.me/api/portraits/med/men/35.jpg","thumbnail":"https://randomuser.me/api/portraits/thumb/men/35.jpg"},"nat":"FR"}],"info":{"seed":"a33db8cc076c0874","results":1,"page":1,"version":"1.4"}} 
 </msg>
<msg time="2024-05-06T19:12:14.687081" level="INFO">/opt/hostedtoolcache/Python/3.12.3/x64/lib/python3.12/site-packages/urllib3/connectionpool.py:1103: InsecureRequestWarning: Unverified HTTPS request is being made to host 'randomuser.me'. Adding certificate verification is strongly advised. See: https://urllib3.readthedocs.io/en/latest/advanced-usage.html#tls-warnings
  warnings.warn(</msg>
<msg time="2024-05-06T19:12:14.687172" level="INFO">${response} = &lt;Response [200]&gt;</msg>
<var>${response}</var>
<arg>consultarAPI</arg>
<arg>/api</arg>
<doc>Sends a GET request on a previously created HTTP Session.</doc>
<status status="PASS" start="2024-05-06T19:12:14.556217" elapsed="0.130990"/>
</kw>
<kw name="Set Variable" owner="BuiltIn">
<msg time="2024-05-06T19:12:14.688258" level="INFO">${json_data} = {'results': [{'gender': 'male', 'name': {'title': 'Mr', 'first': 'Adam', 'last': 'Mathieu'}, 'location': {'street': {'number': 4130, 'name': 'Rue de la Mairie'}, 'city': 'Caen', 'state': 'Haute-Savoie...</msg>
<var>${json_data}</var>
<arg>${response.json()}</arg>
<doc>Returns the given values which can then be assigned to a variables.</doc>
<status status="PASS" start="2024-05-06T19:12:14.687720" elapsed="0.000567"/>
</kw>
<kw name="Set Variable" owner="BuiltIn">
<msg time="2024-05-06T19:12:14.689002" level="INFO">${name_title} = Mr</msg>
<var>${name_title}</var>
<arg>${json_data["results"][0]["name"]["title"]}</arg>
<doc>Returns the given values which can then be assigned to a variables.</doc>
<status status="PASS" start="2024-05-06T19:12:14.688608" elapsed="0.000420"/>
</kw>
<kw name="Create List" owner="BuiltIn">
<msg time="2024-05-06T19:12:14.689471" level="INFO">${allowed_titles} = ['Mr', 'Ms', 'Miss', 'Mrs', 'Madame', 'Monsieur']</msg>
<var>${allowed_titles}</var>
<arg>Mr</arg>
<arg>Ms</arg>
<arg>Miss</arg>
<arg>Mrs</arg>
<arg>Madame</arg>
<arg>Monsieur</arg>
<doc>Returns a list containing given items.</doc>
<status status="PASS" start="2024-05-06T19:12:14.689324" elapsed="0.000171"/>
</kw>
<kw name="List Should Contain Value" owner="Collections">
<msg time="2024-05-06T19:12:14.689957" level="INFO">False</msg>
<arg>${allowed_titles}</arg>
<arg>${name_title}</arg>
<doc>Fails if the ``value`` is not found from ``list``.</doc>
<status status="PASS" start="2024-05-06T19:12:14.689787" elapsed="0.000206"/>
</kw>
<kw name="Set Variable" owner="BuiltIn">
<msg time="2024-05-06T19:12:14.690658" level="INFO">${name_country} = FR</msg>
<var>${name_country}</var>
<arg>${json_data["results"][0]["nat"]}</arg>
<doc>Returns the given values which can then be assigned to a variables.</doc>
<status status="PASS" start="2024-05-06T19:12:14.690282" elapsed="0.000400"/>
</kw>
<kw name="Create List" owner="BuiltIn">
<msg time="2024-05-06T19:12:14.691616" level="INFO">${list_country} = ['AD', 'AE', 'AF', 'AG', 'AI', 'AL', 'AM', 'AO', 'AQ', 'AR', 'AS', 'AT', 'AU', 'AW', 'AX', 'AZ', 'BA', 'BB', 'BD', 'BE', 'BF', 'BG', 'BH', 'BI', 'BJ', 'BL', 'BM', 'BN', 'BO', 'BQ', 'BR', 'BS', 'BT', '...</msg>
<var>${list_country}</var>
<arg>AD</arg>
<arg>AE</arg>
<arg>AF</arg>
<arg>AG</arg>
<arg>AI</arg>
<arg>AL</arg>
<arg>AM</arg>
<arg>AO</arg>
<arg>AQ</arg>
<arg>AR</arg>
<arg>AS</arg>
<arg>AT</arg>
<arg>AU</arg>
<arg>AW</arg>
<arg>AX</arg>
<arg>AZ</arg>
<arg>BA</arg>
<arg>BB</arg>
<arg>BD</arg>
<arg>BE</arg>
<arg>BF</arg>
<arg>BG</arg>
<arg>BH</arg>
<arg>BI</arg>
<arg>BJ</arg>
<arg>BL</arg>
<arg>BM</arg>
<arg>BN</arg>
<arg>BO</arg>
<arg>BQ</arg>
<arg>BR</arg>
<arg>BS</arg>
<arg>BT</arg>
<arg>BV</arg>
<arg>BW</arg>
<arg>BY</arg>
<arg>BZ</arg>
<arg>CA</arg>
<arg>CC</arg>
<arg>CD</arg>
<arg>CF</arg>
<arg>CG</arg>
<arg>CH</arg>
<arg>CI</arg>
<arg>CK</arg>
<arg>CL</arg>
<arg>CM</arg>
<arg>CN</arg>
<arg>CO</arg>
<arg>CR</arg>
<arg>CU</arg>
<arg>CV</arg>
<arg>CW</arg>
<arg>CX</arg>
<arg>CY</arg>
<arg>CZ</arg>
<arg>DE</arg>
<arg>DJ</arg>
<arg>DK</arg>
<arg>DM</arg>
<arg>DO</arg>
<arg>DZ</arg>
<arg>EC</arg>
<arg>EE</arg>
<arg>EG</arg>
<arg>EH</arg>
<arg>ER</arg>
<arg>ES</arg>
<arg>ET</arg>
<arg>FI</arg>
<arg>FJ</arg>
<arg>FK</arg>
<arg>FM</arg>
<arg>FO</arg>
<arg>FR</arg>
<arg>GA</arg>
<arg>GB</arg>
<arg>GD</arg>
<arg>GE</arg>
<arg>GF</arg>
<arg>GG</arg>
<arg>GH</arg>
<arg>GI</arg>
<arg>GL</arg>
<arg>GM</arg>
<arg>GN</arg>
<arg>GP</arg>
<arg>GQ</arg>
<arg>GR</arg>
<arg>GS</arg>
<arg>GT</arg>
<arg>GU</arg>
<arg>GW</arg>
<arg>GY</arg>
<arg>HK</arg>
<arg>HM</arg>
<arg>HN</arg>
<arg>HR</arg>
<arg>HT</arg>
<arg>HU</arg>
<arg>ID</arg>
<arg>IE</arg>
<arg>IL</arg>
<arg>IM</arg>
<arg>IN</arg>
<arg>IO</arg>
<arg>IQ</arg>
<arg>IR</arg>
<arg>IS</arg>
<arg>IT</arg>
<arg>JE</arg>
<arg>JM</arg>
<arg>JO</arg>
<arg>JP</arg>
<arg>KE</arg>
<arg>KG</arg>
<arg>KH</arg>
<arg>KI</arg>
<arg>KM</arg>
<arg>KN</arg>
<arg>KP</arg>
<arg>KR</arg>
<arg>KW</arg>
<arg>KY</arg>
<arg>KZ</arg>
<arg>LA</arg>
<arg>LB</arg>
<arg>LC</arg>
<arg>LI</arg>
<arg>LK</arg>
<arg>LR</arg>
<arg>LS</arg>
<arg>LT</arg>
<arg>LU</arg>
<arg>LV</arg>
<arg>LY</arg>
<arg>MA</arg>
<arg>MC</arg>
<arg>MD</arg>
<arg>ME</arg>
<arg>MF</arg>
<arg>MG</arg>
<arg>MH</arg>
<arg>MK</arg>
<arg>ML</arg>
<arg>MM</arg>
<arg>MN</arg>
<arg>MO</arg>
<arg>MP</arg>
<arg>MQ</arg>
<arg>MR</arg>
<arg>MS</arg>
<arg>MT</arg>
<arg>MU</arg>
<arg>MV</arg>
<arg>MW</arg>
<arg>MX</arg>
<arg>MY</arg>
<arg>MZ</arg>
<arg>NA</arg>
<arg>NC</arg>
<arg>NE</arg>
<arg>NF</arg>
<arg>NG</arg>
<arg>NI</arg>
<arg>NL</arg>
<arg>NO</arg>
<arg>NP</arg>
<arg>NR</arg>
<arg>NU</arg>
<arg>NZ</arg>
<arg>OM</arg>
<arg>PA</arg>
<arg>PE</arg>
<arg>PF</arg>
<arg>PG</arg>
<arg>PH</arg>
<arg>PK</arg>
<arg>PL</arg>
<arg>PM</arg>
<arg>PN</arg>
<arg>PR</arg>
<arg>PS</arg>
<arg>PT</arg>
<arg>PW</arg>
<arg>PY</arg>
<arg>QA</arg>
<arg>RE</arg>
<arg>RO</arg>
<arg>RS</arg>
<arg>RU</arg>
<arg>RW</arg>
<arg>SA</arg>
<arg>SB</arg>
<arg>SC</arg>
<arg>SD</arg>
<arg>SE</arg>
<arg>SG</arg>
<arg>SH</arg>
<arg>SI</arg>
<arg>SJ</arg>
<arg>SK</arg>
<arg>SL</arg>
<arg>SM</arg>
<arg>SN</arg>
<arg>SO</arg>
<arg>SR</arg>
<arg>SS</arg>
<arg>ST</arg>
<arg>SV</arg>
<arg>SX</arg>
<arg>SY</arg>
<arg>SZ</arg>
<arg>TC</arg>
<arg>TD</arg>
<arg>TF</arg>
<arg>TG</arg>
<arg>TH</arg>
<arg>TJ</arg>
<arg>TK</arg>
<arg>TL</arg>
<arg>TM</arg>
<arg>TN</arg>
<arg>TO</arg>
<arg>TR</arg>
<arg>TT</arg>
<arg>TV</arg>
<arg>TW</arg>
<arg>TZ</arg>
<arg>UA</arg>
<arg>UG</arg>
<arg>UM</arg>
<arg>US</arg>
<arg>UY</arg>
<arg>UZ</arg>
<arg>VA</arg>
<arg>VC</arg>
<arg>VE</arg>
<arg>VG</arg>
<arg>VI</arg>
<arg>VN</arg>
<arg>VU</arg>
<arg>WF</arg>
<arg>WS</arg>
<arg>XK</arg>
<arg>YE</arg>
<arg>YT</arg>
<arg>ZA</arg>
<arg>ZM</arg>
<arg>ZW</arg>
<doc>Returns a list containing given items.</doc>
<status status="PASS" start="2024-05-06T19:12:14.690984" elapsed="0.000666"/>
</kw>
<kw name="List Should Contain Value" owner="Collections">
<msg time="2024-05-06T19:12:14.692650" level="INFO">False</msg>
<arg>${list_country}</arg>
<arg>${name_country}</arg>
<doc>Fails if the ``value`` is not found from ``list``.</doc>
<status status="PASS" start="2024-05-06T19:12:14.692446" elapsed="0.000240"/>
</kw>
<kw name="Run Keyword If" owner="BuiltIn">
<kw name="Should Be True" owner="BuiltIn">
<arg>${True}</arg>
<doc>Fails if the given condition is not true.</doc>
<status status="PASS" start="2024-05-06T19:12:14.693750" elapsed="0.000247"/>
</kw>
<arg>${json_data["results"][0]["location"]["coordinates"]["latitude"]} &gt;= -90 and ${json_data["results"][0]["location"]["coordinates"]["latitude"]} &lt;= 90</arg>
<arg>Should Be True</arg>
<arg>${True}</arg>
<doc>Runs the given keyword with the given arguments, if ``condition`` is true.</doc>
<status status="PASS" start="2024-05-06T19:12:14.692993" elapsed="0.001135"/>
</kw>
<kw name="Run Keyword If" owner="BuiltIn">
<kw name="Should Be True" owner="BuiltIn">
<arg>${True}</arg>
<doc>Fails if the given condition is not true.</doc>
<status status="PASS" start="2024-05-06T19:12:14.695027" elapsed="0.000140"/>
</kw>
<arg>${json_data["results"][0]["location"]["coordinates"]["longitude"]} &gt;= -180 and ${json_data["results"][0]["location"]["coordinates"]["longitude"]} &lt;= 180</arg>
<arg>Should Be True</arg>
<arg>${True}</arg>
<doc>Runs the given keyword with the given arguments, if ``condition`` is true.</doc>
<status status="PASS" start="2024-05-06T19:12:14.694315" elapsed="0.000974"/>
</kw>
<status status="PASS" start="2024-05-06T19:12:14.555862" elapsed="0.139556"/>
</kw>
<doc>Testa o conteúdo específico dos campos retornados pela API.</doc>
<tag>testeConteudo</tag>
<status status="PASS" start="2024-05-06T19:12:14.555202" elapsed="0.140397"/>
</test>
<status status="PASS" start="2024-05-06T19:12:13.754776" elapsed="0.942733"/>
</suite>
<status status="PASS" start="2024-05-06T19:12:13.741207" elapsed="0.961396"/>
</suite>
<statistics>
<total>
<stat pass="5" fail="0" skip="0">All Tests</stat>
</total>
<tag>
<stat pass="1" fail="0" skip="0">testeConteudo</stat>
<stat pass="1" fail="0" skip="0">testeEstruturaResposta</stat>
<stat pass="1" fail="0" skip="0">testeRequisicaoBasica</stat>
<stat pass="1" fail="0" skip="0">testeTiposDados</stat>
</tag>
<suite>
<stat pass="5" fail="0" skip="0" id="s1" name="Tests">Tests</stat>
<stat pass="5" fail="0" skip="0" id="s1-s1" name="Random-User-Test">Tests.Random-User-Test</stat>
</suite>
</statistics>
<errors>
</errors>
</robot>
