<?xml version="1.0" encoding="UTF-8"?>
<robot generator="Robot 7.0.1 (Python 3.12.4 on linux)" generated="2024-07-08T03:18:11.815899" rpa="false" schemaversion="5">
<suite id="s1" name="Tests" source="/home/runner/work/ApiRandomUser/ApiRandomUser/RamdonUser/tests">
<suite id="s1-s1" name="Random-User-Test" source="/home/runner/work/ApiRandomUser/ApiRandomUser/RamdonUser/tests/random-user-test.robot">
<test id="s1-s1-t1" name="Conectar" line="13">
<kw name="Conectar API" owner="random-user-service">
<kw name="Create Session" owner="RequestsLibrary">
<msg time="2024-07-08T03:18:12.239310" level="INFO">Creating Session using : alias=consultarAPI, url=https://randomuser.me/, headers={},                     cookies={}, auth=None, timeout=None, proxies=None, verify=False,                     debug=0 </msg>
<arg>consultarAPI</arg>
<arg>${URL}</arg>
<doc>Create Session: create a HTTP session to a server</doc>
<status status="PASS" start="2024-07-08T03:18:12.239064" elapsed="0.000432"/>
</kw>
<status status="PASS" start="2024-07-08T03:18:12.238015" elapsed="0.001862"/>
</kw>
<status status="PASS" start="2024-07-08T03:18:12.237400" elapsed="0.002676"/>
</test>
<test id="s1-s1-t2" name="Validar retorno 200 e JSON Válido" line="16">
<kw name="Teste de Requisicao Basica" owner="random-user-service">
<kw name="GET On Session" owner="RequestsLibrary">
<msg time="2024-07-08T03:18:12.363996" level="INFO">GET Request : url=https://randomuser.me/api 
 path_url=/api 
 headers={'User-Agent': 'python-requests/2.32.3', 'Accept-Encoding': 'gzip, deflate', 'Accept': '*/*', 'Connection': 'keep-alive'} 
 body=None 
 </msg>
<msg time="2024-07-08T03:18:12.364179" level="INFO">GET Response : url=https://randomuser.me/api 
 status=200, reason=OK 
 headers={'Date': 'Mon, 08 Jul 2024 03:18:12 GMT', 'Content-Type': 'application/json; charset=utf-8', 'Transfer-Encoding': 'chunked', 'Connection': 'keep-alive', 'X-Powered-By': 'Express', 'Access-Control-Allow-Origin': '*', 'Cache-Control': 'no-cache', 'ETag': 'W/"493-7YoB0mchWD5khr7JNOBNTYixKA4"', 'Vary': 'Accept-Encoding', 'Content-Encoding': 'gzip', 'CF-Cache-Status': 'DYNAMIC', 'Report-To': '{"endpoints":[{"url":"https:\\/\\/a.nel.cloudflare.com\\/report\\/v4?s=pyXZnd3As5Ujl49NRkZk%2F3PUg5YBEVSReF8kBNhPZpdcd72uEpcS4VwrWYlmGT94wiIlJW%2B1n729vRKvf3nbKpjfNOaPvPP%2FSfyxBvqnM9X2Y8NtZRYqa6hUAFu5UE9E"}],"group":"cf-nel","max_age":604800}', 'NEL': '{"success_fraction":0,"report_to":"cf-nel","max_age":604800}', 'Server': 'cloudflare', 'CF-RAY': '89fcecf6b8da7e25-SJC', 'alt-svc': 'h3=":443"; ma=86400'} 
 body={"results":[{"gender":"male","name":{"title":"Mr","first":"Toivo","last":"Mattila"},"location":{"street":{"number":7048,"name":"Tehtaankatu"},"city":"Pyhäjärvi","state":"North Karelia","country":"Finland","postcode":97099,"coordinates":{"latitude":"-27.1580","longitude":"-75.4341"},"timezone":{"offset":"-7:00","description":"Mountain Time (US &amp; Canada)"}},"email":"toivo.mattila@example.com","login":{"uuid":"d92beb5f-c85c-454b-bbeb-df16eeefcdfe","username":"tinyostrich872","password":"pinhead","salt":"XIuVwqSU","md5":"56e93a9fbe93f87c7bd3be0f0d78e2bb","sha1":"f2928afdbcf4ea682c75d48593c60c04c5f9c85c","sha256":"9248279be8ac48fec8d9159b8312bb9ec525aecf4908ebf0e78dce9d7d42e71a"},"dob":{"date":"2000-10-24T10:40:17.043Z","age":23},"registered":{"date":"2004-03-28T03:32:42.067Z","age":20},"phone":"09-999-789","cell":"049-897-67-58","id":{"name":"HETU","value":"NaNNA421undefined"},"picture":{"large":"https://randomuser.me/api/portraits/men/39.jpg","medium":"https://randomuser.me/api/portraits/med/men/39.jpg","thumbnail":"https://randomuser.me/api/portraits/thumb/men/39.jpg"},"nat":"FI"}],"info":{"seed":"64ae5738d8898414","results":1,"page":1,"version":"1.4"}} 
 </msg>
<msg time="2024-07-08T03:18:12.364295" level="INFO">/opt/hostedtoolcache/Python/3.12.4/x64/lib/python3.12/site-packages/urllib3/connectionpool.py:1099: InsecureRequestWarning: Unverified HTTPS request is being made to host 'randomuser.me'. Adding certificate verification is strongly advised. See: https://urllib3.readthedocs.io/en/latest/advanced-usage.html#tls-warnings
  warnings.warn(</msg>
<msg time="2024-07-08T03:18:12.364474" level="INFO">${response} = &lt;Response [200]&gt;</msg>
<var>${response}</var>
<arg>consultarAPI</arg>
<arg>/api</arg>
<doc>Sends a GET request on a previously created HTTP Session.</doc>
<status status="PASS" start="2024-07-08T03:18:12.242815" elapsed="0.121722"/>
</kw>
<kw name="Should Be Equal As Numbers" owner="BuiltIn">
<msg time="2024-07-08T03:18:12.366160" level="INFO">Argument types are:
&lt;class 'int'&gt;
&lt;class 'str'&gt;</msg>
<arg>${response.status_code}</arg>
<arg>200</arg>
<doc>Fails if objects are unequal after converting them to real numbers.</doc>
<status status="PASS" start="2024-07-08T03:18:12.365457" elapsed="0.000771"/>
</kw>
<kw name="Log" owner="BuiltIn">
<msg time="2024-07-08T03:18:12.366947" level="INFO">200</msg>
<arg>${response.status_code}</arg>
<doc>Logs the given message with the given level.</doc>
<status status="PASS" start="2024-07-08T03:18:12.366562" elapsed="0.000429"/>
</kw>
<kw name="Set Variable" owner="BuiltIn">
<msg time="2024-07-08T03:18:12.367790" level="INFO">${json_data} = {'results': [{'gender': 'male', 'name': {'title': 'Mr', 'first': 'Toivo', 'last': 'Mattila'}, 'location': {'street': {'number': 7048, 'name': 'Tehtaankatu'}, 'city': 'Pyhäjärvi', 'state': 'North Karel...</msg>
<var>${json_data}</var>
<arg>${response.json()}</arg>
<doc>Returns the given values which can then be assigned to a variables.</doc>
<status status="PASS" start="2024-07-08T03:18:12.367307" elapsed="0.000514"/>
</kw>
<kw name="Dictionary Should Contain Key" owner="Collections">
<arg>${json_data}</arg>
<arg>results</arg>
<doc>Fails if ``key`` is not found from ``dictionary``.</doc>
<status status="PASS" start="2024-07-08T03:18:12.368121" elapsed="0.000173"/>
</kw>
<status status="PASS" start="2024-07-08T03:18:12.242570" elapsed="0.125882"/>
</kw>
<doc>Testa se a API responde corretamente e retorna um objeto JSON válido.</doc>
<tag>testeRequisicaoBasica</tag>
<status status="PASS" start="2024-07-08T03:18:12.242031" elapsed="0.126608"/>
</test>
<test id="s1-s1-t3" name="Validar estrutura de resposta" line="22">
<kw name="Teste de Estrutura de Resposta" owner="random-user-service">
<kw name="GET On Session" owner="RequestsLibrary">
<msg time="2024-07-08T03:18:12.655521" level="INFO">GET Request : url=https://randomuser.me/api 
 path_url=/api 
 headers={'User-Agent': 'python-requests/2.32.3', 'Accept-Encoding': 'gzip, deflate', 'Accept': '*/*', 'Connection': 'keep-alive'} 
 body=None 
 </msg>
<msg time="2024-07-08T03:18:12.655662" level="INFO">GET Response : url=https://randomuser.me/api 
 status=200, reason=OK 
 headers={'Date': 'Mon, 08 Jul 2024 03:18:12 GMT', 'Content-Type': 'application/json; charset=utf-8', 'Transfer-Encoding': 'chunked', 'Connection': 'keep-alive', 'X-Powered-By': 'Express', 'Access-Control-Allow-Origin': '*', 'Cache-Control': 'no-cache', 'ETag': 'W/"48e-IpGyUExwJuNMoVKJmpjr/a8hZeg"', 'Vary': 'Accept-Encoding', 'Content-Encoding': 'gzip', 'CF-Cache-Status': 'DYNAMIC', 'Report-To': '{"endpoints":[{"url":"https:\\/\\/a.nel.cloudflare.com\\/report\\/v4?s=JDid%2BKYuO8oj5RP6s8PcEThcvh%2B0yUSv2nF%2BCBl0tM8ZocbU1eYIl4nAv1%2BRxnV25oB418D3qx2uJ8VTn5lsn3zBfPOFAMuc975MxY7gBZQf2TGrwFtMcxnQx%2FA3%2BgiB"}],"group":"cf-nel","max_age":604800}', 'NEL': '{"success_fraction":0,"report_to":"cf-nel","max_age":604800}', 'Server': 'cloudflare', 'CF-RAY': '89fcecf759ad7e25-SJC', 'alt-svc': 'h3=":443"; ma=86400'} 
 body={"results":[{"gender":"female","name":{"title":"Mrs","first":"Lesya","last":"Dobryanska"},"location":{"street":{"number":2986,"name":"Batumskiy provulok"},"city":"Starobilsk","state":"Cherkaska","country":"Ukraine","postcode":42516,"coordinates":{"latitude":"76.3665","longitude":"45.2926"},"timezone":{"offset":"+7:00","description":"Bangkok, Hanoi, Jakarta"}},"email":"lesya.dobryanska@example.com","login":{"uuid":"745c40de-575e-48e0-895d-dd788d3f22cc","username":"smallswan873","password":"frogman","salt":"Du3F5bbJ","md5":"a14a721dea0ae780f9febe29b24e89f4","sha1":"6d1663597623c699c2904f3b8d6ccd5d730d8fe6","sha256":"d47ae20ff8a0fee939883e09e0017e130329ed28595561785f211bdc862ebe29"},"dob":{"date":"1970-08-17T15:20:31.368Z","age":53},"registered":{"date":"2013-06-24T19:55:54.732Z","age":11},"phone":"(098) G91-1770","cell":"(098) X26-4680","id":{"name":"","value":null},"picture":{"large":"https://randomuser.me/api/portraits/women/50.jpg","medium":"https://randomuser.me/api/portraits/med/women/50.jpg","thumbnail":"https://randomuser.me/api/portraits/thumb/women/50.jpg"},"nat":"UA"}],"info":{"seed":"0306a6bce62358e7","results":1,"page":1,"version":"1.4"}} 
 </msg>
<msg time="2024-07-08T03:18:12.655843" level="INFO">/opt/hostedtoolcache/Python/3.12.4/x64/lib/python3.12/site-packages/urllib3/connectionpool.py:1099: InsecureRequestWarning: Unverified HTTPS request is being made to host 'randomuser.me'. Adding certificate verification is strongly advised. See: https://urllib3.readthedocs.io/en/latest/advanced-usage.html#tls-warnings
  warnings.warn(</msg>
<msg time="2024-07-08T03:18:12.656018" level="INFO">${response} = &lt;Response [200]&gt;</msg>
<var>${response}</var>
<arg>consultarAPI</arg>
<arg>/api</arg>
<doc>Sends a GET request on a previously created HTTP Session.</doc>
<status status="PASS" start="2024-07-08T03:18:12.371439" elapsed="0.284628"/>
</kw>
<kw name="Set Variable" owner="BuiltIn">
<msg time="2024-07-08T03:18:12.658054" level="INFO">${json_data} = {'results': [{'gender': 'female', 'name': {'title': 'Mrs', 'first': 'Lesya', 'last': 'Dobryanska'}, 'location': {'street': {'number': 2986, 'name': 'Batumskiy provulok'}, 'city': 'Starobilsk', 'state'...</msg>
<var>${json_data}</var>
<arg>${response.json()}</arg>
<doc>Returns the given values which can then be assigned to a variables.</doc>
<status status="PASS" start="2024-07-08T03:18:12.656985" elapsed="0.001109"/>
</kw>
<kw name="Log" owner="BuiltIn">
<msg time="2024-07-08T03:18:12.658638" level="INFO">{'results': [{'gender': 'female', 'name': {'title': 'Mrs', 'first': 'Lesya', 'last': 'Dobryanska'}, 'location': {'street': {'number': 2986, 'name': 'Batumskiy provulok'}, 'city': 'Starobilsk', 'state': 'Cherkaska', 'country': 'Ukraine', 'postcode': 42516, 'coordinates': {'latitude': '76.3665', 'longitude': '45.2926'}, 'timezone': {'offset': '+7:00', 'description': 'Bangkok, Hanoi, Jakarta'}}, 'email': 'lesya.dobryanska@example.com', 'login': {'uuid': '745c40de-575e-48e0-895d-dd788d3f22cc', 'username': 'smallswan873', 'password': 'frogman', 'salt': 'Du3F5bbJ', 'md5': 'a14a721dea0ae780f9febe29b24e89f4', 'sha1': '6d1663597623c699c2904f3b8d6ccd5d730d8fe6', 'sha256': 'd47ae20ff8a0fee939883e09e0017e130329ed28595561785f211bdc862ebe29'}, 'dob': {'date': '1970-08-17T15:20:31.368Z', 'age': 53}, 'registered': {'date': '2013-06-24T19:55:54.732Z', 'age': 11}, 'phone': '(098) G91-1770', 'cell': '(098) X26-4680', 'id': {'name': '', 'value': None}, 'picture': {'large': 'https://randomuser.me/api/portraits/women/50.jpg', 'medium': 'https://randomuser.me/api/portraits/med/women/50.jpg', 'thumbnail': 'https://randomuser.me/api/portraits/thumb/women/50.jpg'}, 'nat': 'UA'}], 'info': {'seed': '0306a6bce62358e7', 'results': 1, 'page': 1, 'version': '1.4'}}</msg>
<arg>${json_data}</arg>
<doc>Logs the given message with the given level.</doc>
<status status="PASS" start="2024-07-08T03:18:12.658456" elapsed="0.000241"/>
</kw>
<kw name="Dictionary Should Contain Key" owner="Collections">
<arg>${json_data}</arg>
<arg>results</arg>
<doc>Fails if ``key`` is not found from ``dictionary``.</doc>
<status status="PASS" start="2024-07-08T03:18:12.659023" elapsed="0.000175"/>
</kw>
<kw name="Should Not Be Empty" owner="BuiltIn">
<msg time="2024-07-08T03:18:12.659525" level="INFO">Length is 2.</msg>
<arg>${json_data}</arg>
<doc>Verifies that the given item is not empty.</doc>
<status status="PASS" start="2024-07-08T03:18:12.659394" elapsed="0.000175"/>
</kw>
<kw name="Create List" owner="BuiltIn">
<msg time="2024-07-08T03:18:12.660205" level="INFO">${expected_keys} = ['gender', 'name', 'location', 'email', 'login']</msg>
<var>${expected_keys}</var>
<arg>gender</arg>
<arg>name</arg>
<arg>location</arg>
<arg>email</arg>
<arg>login</arg>
<doc>Returns a list containing given items.</doc>
<status status="PASS" start="2024-07-08T03:18:12.659872" elapsed="0.000358"/>
</kw>
<for flavor="IN">
<iter>
<kw name="Dictionary Should Contain Key" owner="Collections">
<arg>${json_data['results'][0]}</arg>
<arg>${key}</arg>
<doc>Fails if ``key`` is not found from ``dictionary``.</doc>
<status status="PASS" start="2024-07-08T03:18:12.660823" elapsed="0.000455"/>
</kw>
<kw name="Log" owner="BuiltIn">
<msg time="2024-07-08T03:18:12.661877" level="INFO">{'gender': 'female', 'name': {'title': 'Mrs', 'first': 'Lesya', 'last': 'Dobryanska'}, 'location': {'street': {'number': 2986, 'name': 'Batumskiy provulok'}, 'city': 'Starobilsk', 'state': 'Cherkaska', 'country': 'Ukraine', 'postcode': 42516, 'coordinates': {'latitude': '76.3665', 'longitude': '45.2926'}, 'timezone': {'offset': '+7:00', 'description': 'Bangkok, Hanoi, Jakarta'}}, 'email': 'lesya.dobryanska@example.com', 'login': {'uuid': '745c40de-575e-48e0-895d-dd788d3f22cc', 'username': 'smallswan873', 'password': 'frogman', 'salt': 'Du3F5bbJ', 'md5': 'a14a721dea0ae780f9febe29b24e89f4', 'sha1': '6d1663597623c699c2904f3b8d6ccd5d730d8fe6', 'sha256': 'd47ae20ff8a0fee939883e09e0017e130329ed28595561785f211bdc862ebe29'}, 'dob': {'date': '1970-08-17T15:20:31.368Z', 'age': 53}, 'registered': {'date': '2013-06-24T19:55:54.732Z', 'age': 11}, 'phone': '(098) G91-1770', 'cell': '(098) X26-4680', 'id': {'name': '', 'value': None}, 'picture': {'large': 'https://randomuser.me/api/portraits/women/50.jpg', 'medium': 'https://randomuser.me/api/portraits/med/women/50.jpg', 'thumbnail': 'https://randomuser.me/api/portraits/thumb/women/50.jpg'}, 'nat': 'UA'}</msg>
<arg>${json_data['results'][0]}</arg>
<doc>Logs the given message with the given level.</doc>
<status status="PASS" start="2024-07-08T03:18:12.661477" elapsed="0.000453"/>
</kw>
<kw name="Log" owner="BuiltIn">
<msg time="2024-07-08T03:18:12.662360" level="INFO">gender</msg>
<arg>${key}</arg>
<doc>Logs the given message with the given level.</doc>
<status status="PASS" start="2024-07-08T03:18:12.662234" elapsed="0.000166"/>
</kw>
<var name="${key}">gender</var>
<status status="PASS" start="2024-07-08T03:18:12.660699" elapsed="0.001918"/>
</iter>
<iter>
<kw name="Dictionary Should Contain Key" owner="Collections">
<arg>${json_data['results'][0]}</arg>
<arg>${key}</arg>
<doc>Fails if ``key`` is not found from ``dictionary``.</doc>
<status status="PASS" start="2024-07-08T03:18:12.662955" elapsed="0.000609"/>
</kw>
<kw name="Log" owner="BuiltIn">
<msg time="2024-07-08T03:18:12.664437" level="INFO">{'gender': 'female', 'name': {'title': 'Mrs', 'first': 'Lesya', 'last': 'Dobryanska'}, 'location': {'street': {'number': 2986, 'name': 'Batumskiy provulok'}, 'city': 'Starobilsk', 'state': 'Cherkaska', 'country': 'Ukraine', 'postcode': 42516, 'coordinates': {'latitude': '76.3665', 'longitude': '45.2926'}, 'timezone': {'offset': '+7:00', 'description': 'Bangkok, Hanoi, Jakarta'}}, 'email': 'lesya.dobryanska@example.com', 'login': {'uuid': '745c40de-575e-48e0-895d-dd788d3f22cc', 'username': 'smallswan873', 'password': 'frogman', 'salt': 'Du3F5bbJ', 'md5': 'a14a721dea0ae780f9febe29b24e89f4', 'sha1': '6d1663597623c699c2904f3b8d6ccd5d730d8fe6', 'sha256': 'd47ae20ff8a0fee939883e09e0017e130329ed28595561785f211bdc862ebe29'}, 'dob': {'date': '1970-08-17T15:20:31.368Z', 'age': 53}, 'registered': {'date': '2013-06-24T19:55:54.732Z', 'age': 11}, 'phone': '(098) G91-1770', 'cell': '(098) X26-4680', 'id': {'name': '', 'value': None}, 'picture': {'large': 'https://randomuser.me/api/portraits/women/50.jpg', 'medium': 'https://randomuser.me/api/portraits/med/women/50.jpg', 'thumbnail': 'https://randomuser.me/api/portraits/thumb/women/50.jpg'}, 'nat': 'UA'}</msg>
<arg>${json_data['results'][0]}</arg>
<doc>Logs the given message with the given level.</doc>
<status status="PASS" start="2024-07-08T03:18:12.663870" elapsed="0.000676"/>
</kw>
<kw name="Log" owner="BuiltIn">
<msg time="2024-07-08T03:18:12.665003" level="INFO">name</msg>
<arg>${key}</arg>
<doc>Logs the given message with the given level.</doc>
<status status="PASS" start="2024-07-08T03:18:12.664858" elapsed="0.000183"/>
</kw>
<var name="${key}">name</var>
<status status="PASS" start="2024-07-08T03:18:12.662801" elapsed="0.002500"/>
</iter>
<iter>
<kw name="Dictionary Should Contain Key" owner="Collections">
<arg>${json_data['results'][0]}</arg>
<arg>${key}</arg>
<doc>Fails if ``key`` is not found from ``dictionary``.</doc>
<status status="PASS" start="2024-07-08T03:18:12.665588" elapsed="0.000381"/>
</kw>
<kw name="Log" owner="BuiltIn">
<msg time="2024-07-08T03:18:12.666518" level="INFO">{'gender': 'female', 'name': {'title': 'Mrs', 'first': 'Lesya', 'last': 'Dobryanska'}, 'location': {'street': {'number': 2986, 'name': 'Batumskiy provulok'}, 'city': 'Starobilsk', 'state': 'Cherkaska', 'country': 'Ukraine', 'postcode': 42516, 'coordinates': {'latitude': '76.3665', 'longitude': '45.2926'}, 'timezone': {'offset': '+7:00', 'description': 'Bangkok, Hanoi, Jakarta'}}, 'email': 'lesya.dobryanska@example.com', 'login': {'uuid': '745c40de-575e-48e0-895d-dd788d3f22cc', 'username': 'smallswan873', 'password': 'frogman', 'salt': 'Du3F5bbJ', 'md5': 'a14a721dea0ae780f9febe29b24e89f4', 'sha1': '6d1663597623c699c2904f3b8d6ccd5d730d8fe6', 'sha256': 'd47ae20ff8a0fee939883e09e0017e130329ed28595561785f211bdc862ebe29'}, 'dob': {'date': '1970-08-17T15:20:31.368Z', 'age': 53}, 'registered': {'date': '2013-06-24T19:55:54.732Z', 'age': 11}, 'phone': '(098) G91-1770', 'cell': '(098) X26-4680', 'id': {'name': '', 'value': None}, 'picture': {'large': 'https://randomuser.me/api/portraits/women/50.jpg', 'medium': 'https://randomuser.me/api/portraits/med/women/50.jpg', 'thumbnail': 'https://randomuser.me/api/portraits/thumb/women/50.jpg'}, 'nat': 'UA'}</msg>
<arg>${json_data['results'][0]}</arg>
<doc>Logs the given message with the given level.</doc>
<status status="PASS" start="2024-07-08T03:18:12.666155" elapsed="0.000415"/>
</kw>
<kw name="Log" owner="BuiltIn">
<msg time="2024-07-08T03:18:12.667005" level="INFO">location</msg>
<arg>${key}</arg>
<doc>Logs the given message with the given level.</doc>
<status status="PASS" start="2024-07-08T03:18:12.666877" elapsed="0.000165"/>
</kw>
<var name="${key}">location</var>
<status status="PASS" start="2024-07-08T03:18:12.665479" elapsed="0.001779"/>
</iter>
<iter>
<kw name="Dictionary Should Contain Key" owner="Collections">
<arg>${json_data['results'][0]}</arg>
<arg>${key}</arg>
<doc>Fails if ``key`` is not found from ``dictionary``.</doc>
<status status="PASS" start="2024-07-08T03:18:12.667540" elapsed="0.000403"/>
</kw>
<kw name="Log" owner="BuiltIn">
<msg time="2024-07-08T03:18:12.668506" level="INFO">{'gender': 'female', 'name': {'title': 'Mrs', 'first': 'Lesya', 'last': 'Dobryanska'}, 'location': {'street': {'number': 2986, 'name': 'Batumskiy provulok'}, 'city': 'Starobilsk', 'state': 'Cherkaska', 'country': 'Ukraine', 'postcode': 42516, 'coordinates': {'latitude': '76.3665', 'longitude': '45.2926'}, 'timezone': {'offset': '+7:00', 'description': 'Bangkok, Hanoi, Jakarta'}}, 'email': 'lesya.dobryanska@example.com', 'login': {'uuid': '745c40de-575e-48e0-895d-dd788d3f22cc', 'username': 'smallswan873', 'password': 'frogman', 'salt': 'Du3F5bbJ', 'md5': 'a14a721dea0ae780f9febe29b24e89f4', 'sha1': '6d1663597623c699c2904f3b8d6ccd5d730d8fe6', 'sha256': 'd47ae20ff8a0fee939883e09e0017e130329ed28595561785f211bdc862ebe29'}, 'dob': {'date': '1970-08-17T15:20:31.368Z', 'age': 53}, 'registered': {'date': '2013-06-24T19:55:54.732Z', 'age': 11}, 'phone': '(098) G91-1770', 'cell': '(098) X26-4680', 'id': {'name': '', 'value': None}, 'picture': {'large': 'https://randomuser.me/api/portraits/women/50.jpg', 'medium': 'https://randomuser.me/api/portraits/med/women/50.jpg', 'thumbnail': 'https://randomuser.me/api/portraits/thumb/women/50.jpg'}, 'nat': 'UA'}</msg>
<arg>${json_data['results'][0]}</arg>
<doc>Logs the given message with the given level.</doc>
<status status="PASS" start="2024-07-08T03:18:12.668134" elapsed="0.000425"/>
</kw>
<kw name="Log" owner="BuiltIn">
<msg time="2024-07-08T03:18:12.668982" level="INFO">email</msg>
<arg>${key}</arg>
<doc>Logs the given message with the given level.</doc>
<status status="PASS" start="2024-07-08T03:18:12.668857" elapsed="0.000164"/>
</kw>
<var name="${key}">email</var>
<status status="PASS" start="2024-07-08T03:18:12.667431" elapsed="0.001844"/>
</iter>
<iter>
<kw name="Dictionary Should Contain Key" owner="Collections">
<arg>${json_data['results'][0]}</arg>
<arg>${key}</arg>
<doc>Fails if ``key`` is not found from ``dictionary``.</doc>
<status status="PASS" start="2024-07-08T03:18:12.669561" elapsed="0.000403"/>
</kw>
<kw name="Log" owner="BuiltIn">
<msg time="2024-07-08T03:18:12.670514" level="INFO">{'gender': 'female', 'name': {'title': 'Mrs', 'first': 'Lesya', 'last': 'Dobryanska'}, 'location': {'street': {'number': 2986, 'name': 'Batumskiy provulok'}, 'city': 'Starobilsk', 'state': 'Cherkaska', 'country': 'Ukraine', 'postcode': 42516, 'coordinates': {'latitude': '76.3665', 'longitude': '45.2926'}, 'timezone': {'offset': '+7:00', 'description': 'Bangkok, Hanoi, Jakarta'}}, 'email': 'lesya.dobryanska@example.com', 'login': {'uuid': '745c40de-575e-48e0-895d-dd788d3f22cc', 'username': 'smallswan873', 'password': 'frogman', 'salt': 'Du3F5bbJ', 'md5': 'a14a721dea0ae780f9febe29b24e89f4', 'sha1': '6d1663597623c699c2904f3b8d6ccd5d730d8fe6', 'sha256': 'd47ae20ff8a0fee939883e09e0017e130329ed28595561785f211bdc862ebe29'}, 'dob': {'date': '1970-08-17T15:20:31.368Z', 'age': 53}, 'registered': {'date': '2013-06-24T19:55:54.732Z', 'age': 11}, 'phone': '(098) G91-1770', 'cell': '(098) X26-4680', 'id': {'name': '', 'value': None}, 'picture': {'large': 'https://randomuser.me/api/portraits/women/50.jpg', 'medium': 'https://randomuser.me/api/portraits/med/women/50.jpg', 'thumbnail': 'https://randomuser.me/api/portraits/thumb/women/50.jpg'}, 'nat': 'UA'}</msg>
<arg>${json_data['results'][0]}</arg>
<doc>Logs the given message with the given level.</doc>
<status status="PASS" start="2024-07-08T03:18:12.670151" elapsed="0.000414"/>
</kw>
<kw name="Log" owner="BuiltIn">
<msg time="2024-07-08T03:18:12.670990" level="INFO">login</msg>
<arg>${key}</arg>
<doc>Logs the given message with the given level.</doc>
<status status="PASS" start="2024-07-08T03:18:12.670863" elapsed="0.000165"/>
</kw>
<var name="${key}">login</var>
<status status="PASS" start="2024-07-08T03:18:12.669447" elapsed="0.001795"/>
</iter>
<var>${key}</var>
<value>@{expected_keys}</value>
<status status="PASS" start="2024-07-08T03:18:12.660497" elapsed="0.010866"/>
</for>
<kw name="Create List" owner="BuiltIn">
<msg time="2024-07-08T03:18:12.671695" level="INFO">${expected_keysTwo} = ['username', 'password']</msg>
<var>${expected_keysTwo}</var>
<arg>username</arg>
<arg>password</arg>
<doc>Returns a list containing given items.</doc>
<status status="PASS" start="2024-07-08T03:18:12.671554" elapsed="0.000193"/>
</kw>
<for flavor="IN">
<iter>
<kw name="Dictionary Should Contain Key" owner="Collections">
<arg>${json_data['results'][0]['login']}</arg>
<arg>${keyTwo}</arg>
<doc>Fails if ``key`` is not found from ``dictionary``.</doc>
<status status="PASS" start="2024-07-08T03:18:12.672255" elapsed="0.000402"/>
</kw>
<kw name="Dictionary Should Contain Key" owner="Collections">
<arg>${json_data['results'][0]['login']}</arg>
<arg>${keyTwo}</arg>
<doc>Fails if ``key`` is not found from ``dictionary``.</doc>
<status status="PASS" start="2024-07-08T03:18:12.672843" elapsed="0.000430"/>
</kw>
<kw name="Log" owner="BuiltIn">
<msg time="2024-07-08T03:18:12.673590" level="INFO">username</msg>
<arg>${keyTwo}</arg>
<doc>Logs the given message with the given level.</doc>
<status status="PASS" start="2024-07-08T03:18:12.673467" elapsed="0.000161"/>
</kw>
<var name="${keyTwo}">username</var>
<status status="PASS" start="2024-07-08T03:18:12.672147" elapsed="0.001706"/>
</iter>
<iter>
<kw name="Dictionary Should Contain Key" owner="Collections">
<arg>${json_data['results'][0]['login']}</arg>
<arg>${keyTwo}</arg>
<doc>Fails if ``key`` is not found from ``dictionary``.</doc>
<status status="PASS" start="2024-07-08T03:18:12.674134" elapsed="0.000396"/>
</kw>
<kw name="Dictionary Should Contain Key" owner="Collections">
<arg>${json_data['results'][0]['login']}</arg>
<arg>${keyTwo}</arg>
<doc>Fails if ``key`` is not found from ``dictionary``.</doc>
<status status="PASS" start="2024-07-08T03:18:12.674709" elapsed="0.000378"/>
</kw>
<kw name="Log" owner="BuiltIn">
<msg time="2024-07-08T03:18:12.675382" level="INFO">password</msg>
<arg>${keyTwo}</arg>
<doc>Logs the given message with the given level.</doc>
<status status="PASS" start="2024-07-08T03:18:12.675266" elapsed="0.000159"/>
</kw>
<var name="${keyTwo}">password</var>
<status status="PASS" start="2024-07-08T03:18:12.674026" elapsed="0.001729"/>
</iter>
<var>${keyTwo}</var>
<value>@{expected_keysTwo}</value>
<status status="PASS" start="2024-07-08T03:18:12.671994" elapsed="0.003884"/>
</for>
<status status="PASS" start="2024-07-08T03:18:12.371203" elapsed="0.304821"/>
</kw>
<doc>Testa a estrutura da resposta da API.</doc>
<tag>testeEstruturaResposta</tag>
<status status="PASS" start="2024-07-08T03:18:12.370662" elapsed="0.305522"/>
</test>
<test id="s1-s1-t4" name="Validar tipos de dados" line="28">
<kw name="Teste de Tipos de Dados" owner="random-user-service">
<kw name="GET On Session" owner="RequestsLibrary">
<msg time="2024-07-08T03:18:12.767913" level="INFO">GET Request : url=https://randomuser.me/api 
 path_url=/api 
 headers={'User-Agent': 'python-requests/2.32.3', 'Accept-Encoding': 'gzip, deflate', 'Accept': '*/*', 'Connection': 'keep-alive'} 
 body=None 
 </msg>
<msg time="2024-07-08T03:18:12.768062" level="INFO">GET Response : url=https://randomuser.me/api 
 status=200, reason=OK 
 headers={'Date': 'Mon, 08 Jul 2024 03:18:12 GMT', 'Content-Type': 'application/json; charset=utf-8', 'Transfer-Encoding': 'chunked', 'Connection': 'keep-alive', 'X-Powered-By': 'Express', 'Access-Control-Allow-Origin': '*', 'Cache-Control': 'no-cache', 'ETag': 'W/"4ab-ZMaDc7uAOvCQYdOoLd/tZvCN2VU"', 'Vary': 'Accept-Encoding', 'Content-Encoding': 'gzip', 'CF-Cache-Status': 'DYNAMIC', 'Report-To': '{"endpoints":[{"url":"https:\\/\\/a.nel.cloudflare.com\\/report\\/v4?s=rm0n8KeX%2Bn3s1MHX0B5YOe86oGz%2FxCFYaa0JM0c3GN%2FmJssfT1I6Q6Bs0lRiLRdtyRu3dOZLY6ymET0T2W775DgCqICFqzKLR3xUpHqVahF7kLaGuuXAQj6ikL0CRpXi"}],"group":"cf-nel","max_age":604800}', 'NEL': '{"success_fraction":0,"report_to":"cf-nel","max_age":604800}', 'Server': 'cloudflare', 'CF-RAY': '89fcecf94b4c7e25-SJC', 'alt-svc': 'h3=":443"; ma=86400'} 
 body={"results":[{"gender":"male","name":{"title":"Mr","first":"Anielo","last":"Campos"},"location":{"street":{"number":2436,"name":"Rua Espirito Santo "},"city":"Santana de Parnaíba","state":"Ceará","country":"Brazil","postcode":35803,"coordinates":{"latitude":"-74.7028","longitude":"-160.4776"},"timezone":{"offset":"+11:00","description":"Magadan, Solomon Islands, New Caledonia"}},"email":"anielo.campos@example.com","login":{"uuid":"11f35c34-e480-4c64-bd86-21df45f61175","username":"lazygorilla266","password":"standard","salt":"4tGcVxsE","md5":"151307a1cb3cca94b2061592505756d3","sha1":"0ae0eac786e0a8d12da6c46998ef414453a21791","sha256":"1f4d01bac19f63615c211f826f845c50e12ebbe08ca958dec3fb006a91330ab3"},"dob":{"date":"1948-05-28T04:41:03.363Z","age":76},"registered":{"date":"2019-02-28T12:14:17.926Z","age":5},"phone":"(33) 9300-4398","cell":"(50) 4224-1484","id":{"name":"CPF","value":"255.708.096-31"},"picture":{"large":"https://randomuser.me/api/portraits/men/99.jpg","medium":"https://randomuser.me/api/portraits/med/men/99.jpg","thumbnail":"https://randomuser.me/api/portraits/thumb/men/99.jpg"},"nat":"BR"}],"info":{"seed":"e356ba3863317eb3","results":1,"page":1,"version":"1.4"}} 
 </msg>
<msg time="2024-07-08T03:18:12.768197" level="INFO">/opt/hostedtoolcache/Python/3.12.4/x64/lib/python3.12/site-packages/urllib3/connectionpool.py:1099: InsecureRequestWarning: Unverified HTTPS request is being made to host 'randomuser.me'. Adding certificate verification is strongly advised. See: https://urllib3.readthedocs.io/en/latest/advanced-usage.html#tls-warnings
  warnings.warn(</msg>
<msg time="2024-07-08T03:18:12.768389" level="INFO">${response} = &lt;Response [200]&gt;</msg>
<var>${response}</var>
<arg>consultarAPI</arg>
<arg>/api</arg>
<doc>Sends a GET request on a previously created HTTP Session.</doc>
<status status="PASS" start="2024-07-08T03:18:12.678894" elapsed="0.089554"/>
</kw>
<kw name="Set Variable" owner="BuiltIn">
<msg time="2024-07-08T03:18:12.770435" level="INFO">${json_data} = {'results': [{'gender': 'male', 'name': {'title': 'Mr', 'first': 'Anielo', 'last': 'Campos'}, 'location': {'street': {'number': 2436, 'name': 'Rua Espirito Santo '}, 'city': 'Santana de Parnaíba', 'st...</msg>
<var>${json_data}</var>
<arg>${response.json()}</arg>
<doc>Returns the given values which can then be assigned to a variables.</doc>
<status status="PASS" start="2024-07-08T03:18:12.769417" elapsed="0.001053"/>
</kw>
<kw name="Log" owner="BuiltIn">
<msg time="2024-07-08T03:18:12.771060" level="INFO">{'results': [{'gender': 'male', 'name': {'title': 'Mr', 'first': 'Anielo', 'last': 'Campos'}, 'location': {'street': {'number': 2436, 'name': 'Rua Espirito Santo '}, 'city': 'Santana de Parnaíba', 'state': 'Ceará', 'country': 'Brazil', 'postcode': 35803, 'coordinates': {'latitude': '-74.7028', 'longitude': '-160.4776'}, 'timezone': {'offset': '+11:00', 'description': 'Magadan, Solomon Islands, New Caledonia'}}, 'email': 'anielo.campos@example.com', 'login': {'uuid': '11f35c34-e480-4c64-bd86-21df45f61175', 'username': 'lazygorilla266', 'password': 'standard', 'salt': '4tGcVxsE', 'md5': '151307a1cb3cca94b2061592505756d3', 'sha1': '0ae0eac786e0a8d12da6c46998ef414453a21791', 'sha256': '1f4d01bac19f63615c211f826f845c50e12ebbe08ca958dec3fb006a91330ab3'}, 'dob': {'date': '1948-05-28T04:41:03.363Z', 'age': 76}, 'registered': {'date': '2019-02-28T12:14:17.926Z', 'age': 5}, 'phone': '(33) 9300-4398', 'cell': '(50) 4224-1484', 'id': {'name': 'CPF', 'value': '255.708.096-31'}, 'picture': {'large': 'https://randomuser.me/api/portraits/men/99.jpg', 'medium': 'https://randomuser.me/api/portraits/med/men/99.jpg', 'thumbnail': 'https://randomuser.me/api/portraits/thumb/men/99.jpg'}, 'nat': 'BR'}], 'info': {'seed': 'e356ba3863317eb3', 'results': 1, 'page': 1, 'version': '1.4'}}</msg>
<arg>${json_data}</arg>
<doc>Logs the given message with the given level.</doc>
<status status="PASS" start="2024-07-08T03:18:12.770863" elapsed="0.000261"/>
</kw>
<kw name="Should Be String" owner="String">
<arg>${json_data['results'][0]['gender']}</arg>
<doc>Fails if the given ``item`` is not a string.</doc>
<status status="PASS" start="2024-07-08T03:18:12.771462" elapsed="0.000404"/>
</kw>
<kw name="Should Match Regexp" owner="BuiltIn">
<arg>${json_data['results'][0]['email']}</arg>
<arg>^[a-zA-Z0-9._%+-]+@[a-zA-Z0-9.-]+\.[a-zA-Z]{2,}$</arg>
<doc>Fails if ``string`` does not match ``pattern`` as a regular expression.</doc>
<status status="PASS" start="2024-07-08T03:18:12.772108" elapsed="0.000568"/>
</kw>
<kw name="Should Match Regexp" owner="BuiltIn">
<arg>${json_data['results'][0]['dob']['date']}</arg>
<arg>\\d{4}-\\d{2}-\\d{2}T\\d{2}:\\d{2}:\\d{2}\\.\\d{3}Z</arg>
<doc>Fails if ``string`` does not match ``pattern`` as a regular expression.</doc>
<status status="PASS" start="2024-07-08T03:18:12.772875" elapsed="0.000545"/>
</kw>
<kw name="Should Match Regexp" owner="BuiltIn">
<arg>${json_data['results'][0]['registered']['date']}</arg>
<arg>\\d{4}-\\d{2}-\\d{2}T\\d{2}:\\d{2}:\\d{2}\\.\\d{3}Z</arg>
<doc>Fails if ``string`` does not match ``pattern`` as a regular expression.</doc>
<status status="PASS" start="2024-07-08T03:18:12.773616" elapsed="0.000383"/>
</kw>
<kw name="Should Match Regexp" owner="BuiltIn">
<arg>${json_data['results'][0]['picture']['large']}</arg>
<arg>^https?://.*\.(?:png|jpe?g|gif|bmp)$</arg>
<doc>Fails if ``string`` does not match ``pattern`` as a regular expression.</doc>
<status status="PASS" start="2024-07-08T03:18:12.774189" elapsed="0.000498"/>
</kw>
<kw name="Should Match Regexp" owner="BuiltIn">
<arg>${json_data['results'][0]['picture']['medium']}</arg>
<arg>^https?://.*\.(?:png|jpe?g|gif|bmp)$</arg>
<doc>Fails if ``string`` does not match ``pattern`` as a regular expression.</doc>
<status status="PASS" start="2024-07-08T03:18:12.774878" elapsed="0.000375"/>
</kw>
<kw name="Should Match Regexp" owner="BuiltIn">
<arg>${json_data['results'][0]['picture']['thumbnail']}</arg>
<arg>^https?://.*\.(?:png|jpe?g|gif|bmp)$</arg>
<doc>Fails if ``string`` does not match ``pattern`` as a regular expression.</doc>
<status status="PASS" start="2024-07-08T03:18:12.775442" elapsed="0.000365"/>
</kw>
<kw name="Log" owner="BuiltIn">
<msg time="2024-07-08T03:18:12.776346" level="INFO">{'large': 'https://randomuser.me/api/portraits/men/99.jpg', 'medium': 'https://randomuser.me/api/portraits/med/men/99.jpg', 'thumbnail': 'https://randomuser.me/api/portraits/thumb/men/99.jpg'}</msg>
<arg>${json_data['results'][0]['picture']}</arg>
<doc>Logs the given message with the given level.</doc>
<status status="PASS" start="2024-07-08T03:18:12.775997" elapsed="0.000393"/>
</kw>
<status status="PASS" start="2024-07-08T03:18:12.678657" elapsed="0.097998"/>
</kw>
<kw name="Teste de Tipos de Dados - Postcode" owner="random-user-service">
<kw name="GET On Session" owner="RequestsLibrary">
<msg time="2024-07-08T03:18:12.878451" level="INFO">GET Request : url=https://randomuser.me/api 
 path_url=/api 
 headers={'User-Agent': 'python-requests/2.32.3', 'Accept-Encoding': 'gzip, deflate', 'Accept': '*/*', 'Connection': 'keep-alive'} 
 body=None 
 </msg>
<msg time="2024-07-08T03:18:12.878608" level="INFO">GET Response : url=https://randomuser.me/api 
 status=200, reason=OK 
 headers={'Date': 'Mon, 08 Jul 2024 03:18:12 GMT', 'Content-Type': 'application/json; charset=utf-8', 'Transfer-Encoding': 'chunked', 'Connection': 'keep-alive', 'X-Powered-By': 'Express', 'Access-Control-Allow-Origin': '*', 'Cache-Control': 'no-cache', 'ETag': 'W/"49c-F5XvOvATUVwvDLR8mbnrphRNmyE"', 'Vary': 'Accept-Encoding', 'Content-Encoding': 'gzip', 'CF-Cache-Status': 'DYNAMIC', 'Report-To': '{"endpoints":[{"url":"https:\\/\\/a.nel.cloudflare.com\\/report\\/v4?s=5LTbFLVKAOmSmaN3aDdqkdZEMwpGb8f8r1reGEh%2FooBnt6yXjSECygfMtIdi0IX07zRhBzn6bKiP4uTIJS0XmSbKqALV4czrHFM0aFMR3i8S1CFttxOUIlm2wxSYLMRQ"}],"group":"cf-nel","max_age":604800}', 'NEL': '{"success_fraction":0,"report_to":"cf-nel","max_age":604800}', 'Server': 'cloudflare', 'CF-RAY': '89fcecf9ebd97e25-SJC', 'alt-svc': 'h3=":443"; ma=86400'} 
 body={"results":[{"gender":"female","name":{"title":"Miss","first":"Mila","last":"Jelačić"},"location":{"street":{"number":1497,"name":"Milice Stojadinović Srpkinje "},"city":"Dimitrovgrad","state":"Kosovo-Pomoravlje","country":"Serbia","postcode":14521,"coordinates":{"latitude":"55.7235","longitude":"24.9412"},"timezone":{"offset":"-2:00","description":"Mid-Atlantic"}},"email":"mila.jelacic@example.com","login":{"uuid":"83262833-0111-4aa9-a0a5-f52693644a48","username":"goldenzebra395","password":"pathfind","salt":"efgPQL5b","md5":"04ecb78c3022581071f76091d6924713","sha1":"b1d47cc68646138e05a55a53dea300d28d6a7e33","sha256":"428bc0baa34a0192a472d8ab96ca1ac199a85998b017d9f4d3493e8b2b52e353"},"dob":{"date":"1955-03-30T08:05:00.602Z","age":69},"registered":{"date":"2010-01-30T22:33:53.881Z","age":14},"phone":"014-2263-588","cell":"069-2878-279","id":{"name":"SID","value":"624232247"},"picture":{"large":"https://randomuser.me/api/portraits/women/55.jpg","medium":"https://randomuser.me/api/portraits/med/women/55.jpg","thumbnail":"https://randomuser.me/api/portraits/thumb/women/55.jpg"},"nat":"RS"}],"info":{"seed":"745f1fe136947a0f","results":1,"page":1,"version":"1.4"}} 
 </msg>
<msg time="2024-07-08T03:18:12.878732" level="INFO">/opt/hostedtoolcache/Python/3.12.4/x64/lib/python3.12/site-packages/urllib3/connectionpool.py:1099: InsecureRequestWarning: Unverified HTTPS request is being made to host 'randomuser.me'. Adding certificate verification is strongly advised. See: https://urllib3.readthedocs.io/en/latest/advanced-usage.html#tls-warnings
  warnings.warn(</msg>
<msg time="2024-07-08T03:18:12.878909" level="INFO">${response} = &lt;Response [200]&gt;</msg>
<var>${response}</var>
<arg>consultarAPI</arg>
<arg>/api</arg>
<doc>Sends a GET request on a previously created HTTP Session.</doc>
<status status="PASS" start="2024-07-08T03:18:12.777142" elapsed="0.101822"/>
</kw>
<kw name="Set Variable" owner="BuiltIn">
<msg time="2024-07-08T03:18:12.880861" level="INFO">${json_data} = {'results': [{'gender': 'female', 'name': {'title': 'Miss', 'first': 'Mila', 'last': 'Jelačić'}, 'location': {'street': {'number': 1497, 'name': 'Milice Stojadinović Srpkinje '}, 'city': 'Dimitrovgrad...</msg>
<var>${json_data}</var>
<arg>${response.json()}</arg>
<doc>Returns the given values which can then be assigned to a variables.</doc>
<status status="PASS" start="2024-07-08T03:18:12.879886" elapsed="0.001012"/>
</kw>
<kw name="Log" owner="BuiltIn">
<msg time="2024-07-08T03:18:12.881562" level="INFO">{'results': [{'gender': 'female', 'name': {'title': 'Miss', 'first': 'Mila', 'last': 'Jelačić'}, 'location': {'street': {'number': 1497, 'name': 'Milice Stojadinović Srpkinje '}, 'city': 'Dimitrovgrad', 'state': 'Kosovo-Pomoravlje', 'country': 'Serbia', 'postcode': 14521, 'coordinates': {'latitude': '55.7235', 'longitude': '24.9412'}, 'timezone': {'offset': '-2:00', 'description': 'Mid-Atlantic'}}, 'email': 'mila.jelacic@example.com', 'login': {'uuid': '83262833-0111-4aa9-a0a5-f52693644a48', 'username': 'goldenzebra395', 'password': 'pathfind', 'salt': 'efgPQL5b', 'md5': '04ecb78c3022581071f76091d6924713', 'sha1': 'b1d47cc68646138e05a55a53dea300d28d6a7e33', 'sha256': '428bc0baa34a0192a472d8ab96ca1ac199a85998b017d9f4d3493e8b2b52e353'}, 'dob': {'date': '1955-03-30T08:05:00.602Z', 'age': 69}, 'registered': {'date': '2010-01-30T22:33:53.881Z', 'age': 14}, 'phone': '014-2263-588', 'cell': '069-2878-279', 'id': {'name': 'SID', 'value': '624232247'}, 'picture': {'large': 'https://randomuser.me/api/portraits/women/55.jpg', 'medium': 'https://randomuser.me/api/portraits/med/women/55.jpg', 'thumbnail': 'https://randomuser.me/api/portraits/thumb/women/55.jpg'}, 'nat': 'RS'}], 'info': {'seed': '745f1fe136947a0f', 'results': 1, 'page': 1, 'version': '1.4'}}</msg>
<arg>${json_data}</arg>
<doc>Logs the given message with the given level.</doc>
<status status="PASS" start="2024-07-08T03:18:12.881355" elapsed="0.000272"/>
</kw>
<kw name="Should Be Equal As Numbers" owner="BuiltIn">
<arg>${json_data['results'][0]['location']['postcode']}</arg>
<arg>${json_data['results'][0]['location']['postcode']}</arg>
<doc>Fails if objects are unequal after converting them to real numbers.</doc>
<status status="PASS" start="2024-07-08T03:18:12.881954" elapsed="0.000722"/>
</kw>
<kw name="Log" owner="BuiltIn">
<msg time="2024-07-08T03:18:12.883502" level="INFO">14521</msg>
<arg>${json_data['results'][0]['location']['postcode']}</arg>
<doc>Logs the given message with the given level.</doc>
<status status="PASS" start="2024-07-08T03:18:12.882923" elapsed="0.000625"/>
</kw>
<status status="PASS" start="2024-07-08T03:18:12.776887" elapsed="0.106936"/>
</kw>
<doc>Testa se os tipos de dados na resposta da API estão corretos.</doc>
<tag>testeTiposDados</tag>
<status status="PASS" start="2024-07-08T03:18:12.678173" elapsed="0.205834"/>
</test>
<test id="s1-s1-t5" name="Validar conteudo" line="35">
<kw name="Teste de Tipos de Conteudo" owner="random-user-service">
<kw name="GET On Session" owner="RequestsLibrary">
<msg time="2024-07-08T03:18:12.974843" level="INFO">GET Request : url=https://randomuser.me/api 
 path_url=/api 
 headers={'User-Agent': 'python-requests/2.32.3', 'Accept-Encoding': 'gzip, deflate', 'Accept': '*/*', 'Connection': 'keep-alive'} 
 body=None 
 </msg>
<msg time="2024-07-08T03:18:12.974954" level="INFO">GET Response : url=https://randomuser.me/api 
 status=200, reason=OK 
 headers={'Date': 'Mon, 08 Jul 2024 03:18:12 GMT', 'Content-Type': 'application/json; charset=utf-8', 'Transfer-Encoding': 'chunked', 'Connection': 'keep-alive', 'X-Powered-By': 'Express', 'Access-Control-Allow-Origin': '*', 'Cache-Control': 'no-cache', 'ETag': 'W/"4b6-mSRLxB7GfG6g/JxjdNAMUdNpprA"', 'Vary': 'Accept-Encoding', 'Content-Encoding': 'gzip', 'CF-Cache-Status': 'DYNAMIC', 'Report-To': '{"endpoints":[{"url":"https:\\/\\/a.nel.cloudflare.com\\/report\\/v4?s=mj1cvSZuJGAQ0IwfddPv2xNOARQrnLYsIY85vcnCM5seLlZebBLwplX8jrGTKKfMAfM%2BRl2t%2BikMgRbwoP0Fb%2BohnKMxzqKKHblYR9Neo1RBAE%2BmLqZ%2FJUx3UomQABYi"}],"group":"cf-nel","max_age":604800}', 'NEL': '{"success_fraction":0,"report_to":"cf-nel","max_age":604800}', 'Server': 'cloudflare', 'CF-RAY': '89fcecfa9c897e25-SJC', 'alt-svc': 'h3=":443"; ma=86400'} 
 body={"results":[{"gender":"female","name":{"title":"Miss","first":"Snežana","last":"Tomašević"},"location":{"street":{"number":3002,"name":"Jelene Mrnjavčević "},"city":"Bačka Topola","state":"Kosovska Mitrovica","country":"Serbia","postcode":96975,"coordinates":{"latitude":"63.2710","longitude":"132.3153"},"timezone":{"offset":"+5:30","description":"Bombay, Calcutta, Madras, New Delhi"}},"email":"snezana.tomasevic@example.com","login":{"uuid":"cd1b4514-ffd1-45d6-9f0a-2f1544ab31d2","username":"purplecat989","password":"33333333","salt":"0ZguZz39","md5":"b2a15d9d7e7a1311309a6b4aaa44934d","sha1":"04b4b9fce019ae904a8ff9eed2cdeb4628bb6759","sha256":"f67c8f9ed732aef86412bd35a0842d5b46beb05400d2a5378ee030f7817def2b"},"dob":{"date":"1950-09-05T08:28:33.947Z","age":73},"registered":{"date":"2008-07-24T12:06:12.417Z","age":15},"phone":"016-7218-115","cell":"065-5179-958","id":{"name":"SID","value":"248110885"},"picture":{"large":"https://randomuser.me/api/portraits/women/27.jpg","medium":"https://randomuser.me/api/portraits/med/women/27.jpg","thumbnail":"https://randomuser.me/api/portraits/thumb/women/27.jpg"},"nat":"RS"}],"info":{"seed":"0261b0cc656d4dbd","results":1,"page":1,"version":"1.4"}} 
 </msg>
<msg time="2024-07-08T03:18:12.975066" level="INFO">/opt/hostedtoolcache/Python/3.12.4/x64/lib/python3.12/site-packages/urllib3/connectionpool.py:1099: InsecureRequestWarning: Unverified HTTPS request is being made to host 'randomuser.me'. Adding certificate verification is strongly advised. See: https://urllib3.readthedocs.io/en/latest/advanced-usage.html#tls-warnings
  warnings.warn(</msg>
<msg time="2024-07-08T03:18:12.975202" level="INFO">${response} = &lt;Response [200]&gt;</msg>
<var>${response}</var>
<arg>consultarAPI</arg>
<arg>/api</arg>
<doc>Sends a GET request on a previously created HTTP Session.</doc>
<status status="PASS" start="2024-07-08T03:18:12.887411" elapsed="0.087853"/>
</kw>
<kw name="Set Variable" owner="BuiltIn">
<msg time="2024-07-08T03:18:12.976536" level="INFO">${json_data} = {'results': [{'gender': 'female', 'name': {'title': 'Miss', 'first': 'Snežana', 'last': 'Tomašević'}, 'location': {'street': {'number': 3002, 'name': 'Jelene Mrnjavčević '}, 'city': 'Bačka Topola', 's...</msg>
<var>${json_data}</var>
<arg>${response.json()}</arg>
<doc>Returns the given values which can then be assigned to a variables.</doc>
<status status="PASS" start="2024-07-08T03:18:12.975866" elapsed="0.000711"/>
</kw>
<kw name="Set Variable" owner="BuiltIn">
<msg time="2024-07-08T03:18:12.977466" level="INFO">${name_title} = Miss</msg>
<var>${name_title}</var>
<arg>${json_data["results"][0]["name"]["title"]}</arg>
<doc>Returns the given values which can then be assigned to a variables.</doc>
<status status="PASS" start="2024-07-08T03:18:12.976960" elapsed="0.000537"/>
</kw>
<kw name="Create List" owner="BuiltIn">
<msg time="2024-07-08T03:18:12.978013" level="INFO">${allowed_titles} = ['Mr', 'Ms', 'Miss', 'Mrs', 'Madame', 'Monsieur']</msg>
<var>${allowed_titles}</var>
<arg>Mr</arg>
<arg>Ms</arg>
<arg>Miss</arg>
<arg>Mrs</arg>
<arg>Madame</arg>
<arg>Monsieur</arg>
<doc>Returns a list containing given items.</doc>
<status status="PASS" start="2024-07-08T03:18:12.977840" elapsed="0.000202"/>
</kw>
<kw name="List Should Contain Value" owner="Collections">
<arg>${allowed_titles}</arg>
<arg>${name_title}</arg>
<doc>Fails if the ``value`` is not found from ``list``.</doc>
<status status="PASS" start="2024-07-08T03:18:12.978399" elapsed="0.000203"/>
</kw>
<kw name="Set Variable" owner="BuiltIn">
<msg time="2024-07-08T03:18:12.979227" level="INFO">${name_country} = RS</msg>
<var>${name_country}</var>
<arg>${json_data["results"][0]["nat"]}</arg>
<doc>Returns the given values which can then be assigned to a variables.</doc>
<status status="PASS" start="2024-07-08T03:18:12.978818" elapsed="0.000435"/>
</kw>
<kw name="Create List" owner="BuiltIn">
<msg time="2024-07-08T03:18:12.980346" level="INFO">${list_country} = ['AD', 'AE', 'AF', 'AG', 'AI', 'AL', 'AM', 'AO', 'AQ', 'AR', 'AS', 'AT', 'AU', 'AW', 'AX', 'AZ', 'BA', 'BB', 'BD', 'BE', 'BF', 'BG', 'BH', 'BI', 'BJ', 'BL', 'BM', 'BN', 'BO', 'BQ', 'BR', 'BS', 'BT', '...</msg>
<var>${list_country}</var>
<arg>AD</arg>
<arg>AE</arg>
<arg>AF</arg>
<arg>AG</arg>
<arg>AI</arg>
<arg>AL</arg>
<arg>AM</arg>
<arg>AO</arg>
<arg>AQ</arg>
<arg>AR</arg>
<arg>AS</arg>
<arg>AT</arg>
<arg>AU</arg>
<arg>AW</arg>
<arg>AX</arg>
<arg>AZ</arg>
<arg>BA</arg>
<arg>BB</arg>
<arg>BD</arg>
<arg>BE</arg>
<arg>BF</arg>
<arg>BG</arg>
<arg>BH</arg>
<arg>BI</arg>
<arg>BJ</arg>
<arg>BL</arg>
<arg>BM</arg>
<arg>BN</arg>
<arg>BO</arg>
<arg>BQ</arg>
<arg>BR</arg>
<arg>BS</arg>
<arg>BT</arg>
<arg>BV</arg>
<arg>BW</arg>
<arg>BY</arg>
<arg>BZ</arg>
<arg>CA</arg>
<arg>CC</arg>
<arg>CD</arg>
<arg>CF</arg>
<arg>CG</arg>
<arg>CH</arg>
<arg>CI</arg>
<arg>CK</arg>
<arg>CL</arg>
<arg>CM</arg>
<arg>CN</arg>
<arg>CO</arg>
<arg>CR</arg>
<arg>CU</arg>
<arg>CV</arg>
<arg>CW</arg>
<arg>CX</arg>
<arg>CY</arg>
<arg>CZ</arg>
<arg>DE</arg>
<arg>DJ</arg>
<arg>DK</arg>
<arg>DM</arg>
<arg>DO</arg>
<arg>DZ</arg>
<arg>EC</arg>
<arg>EE</arg>
<arg>EG</arg>
<arg>EH</arg>
<arg>ER</arg>
<arg>ES</arg>
<arg>ET</arg>
<arg>FI</arg>
<arg>FJ</arg>
<arg>FK</arg>
<arg>FM</arg>
<arg>FO</arg>
<arg>FR</arg>
<arg>GA</arg>
<arg>GB</arg>
<arg>GD</arg>
<arg>GE</arg>
<arg>GF</arg>
<arg>GG</arg>
<arg>GH</arg>
<arg>GI</arg>
<arg>GL</arg>
<arg>GM</arg>
<arg>GN</arg>
<arg>GP</arg>
<arg>GQ</arg>
<arg>GR</arg>
<arg>GS</arg>
<arg>GT</arg>
<arg>GU</arg>
<arg>GW</arg>
<arg>GY</arg>
<arg>HK</arg>
<arg>HM</arg>
<arg>HN</arg>
<arg>HR</arg>
<arg>HT</arg>
<arg>HU</arg>
<arg>ID</arg>
<arg>IE</arg>
<arg>IL</arg>
<arg>IM</arg>
<arg>IN</arg>
<arg>IO</arg>
<arg>IQ</arg>
<arg>IR</arg>
<arg>IS</arg>
<arg>IT</arg>
<arg>JE</arg>
<arg>JM</arg>
<arg>JO</arg>
<arg>JP</arg>
<arg>KE</arg>
<arg>KG</arg>
<arg>KH</arg>
<arg>KI</arg>
<arg>KM</arg>
<arg>KN</arg>
<arg>KP</arg>
<arg>KR</arg>
<arg>KW</arg>
<arg>KY</arg>
<arg>KZ</arg>
<arg>LA</arg>
<arg>LB</arg>
<arg>LC</arg>
<arg>LI</arg>
<arg>LK</arg>
<arg>LR</arg>
<arg>LS</arg>
<arg>LT</arg>
<arg>LU</arg>
<arg>LV</arg>
<arg>LY</arg>
<arg>MA</arg>
<arg>MC</arg>
<arg>MD</arg>
<arg>ME</arg>
<arg>MF</arg>
<arg>MG</arg>
<arg>MH</arg>
<arg>MK</arg>
<arg>ML</arg>
<arg>MM</arg>
<arg>MN</arg>
<arg>MO</arg>
<arg>MP</arg>
<arg>MQ</arg>
<arg>MR</arg>
<arg>MS</arg>
<arg>MT</arg>
<arg>MU</arg>
<arg>MV</arg>
<arg>MW</arg>
<arg>MX</arg>
<arg>MY</arg>
<arg>MZ</arg>
<arg>NA</arg>
<arg>NC</arg>
<arg>NE</arg>
<arg>NF</arg>
<arg>NG</arg>
<arg>NI</arg>
<arg>NL</arg>
<arg>NO</arg>
<arg>NP</arg>
<arg>NR</arg>
<arg>NU</arg>
<arg>NZ</arg>
<arg>OM</arg>
<arg>PA</arg>
<arg>PE</arg>
<arg>PF</arg>
<arg>PG</arg>
<arg>PH</arg>
<arg>PK</arg>
<arg>PL</arg>
<arg>PM</arg>
<arg>PN</arg>
<arg>PR</arg>
<arg>PS</arg>
<arg>PT</arg>
<arg>PW</arg>
<arg>PY</arg>
<arg>QA</arg>
<arg>RE</arg>
<arg>RO</arg>
<arg>RS</arg>
<arg>RU</arg>
<arg>RW</arg>
<arg>SA</arg>
<arg>SB</arg>
<arg>SC</arg>
<arg>SD</arg>
<arg>SE</arg>
<arg>SG</arg>
<arg>SH</arg>
<arg>SI</arg>
<arg>SJ</arg>
<arg>SK</arg>
<arg>SL</arg>
<arg>SM</arg>
<arg>SN</arg>
<arg>SO</arg>
<arg>SR</arg>
<arg>SS</arg>
<arg>ST</arg>
<arg>SV</arg>
<arg>SX</arg>
<arg>SY</arg>
<arg>SZ</arg>
<arg>TC</arg>
<arg>TD</arg>
<arg>TF</arg>
<arg>TG</arg>
<arg>TH</arg>
<arg>TJ</arg>
<arg>TK</arg>
<arg>TL</arg>
<arg>TM</arg>
<arg>TN</arg>
<arg>TO</arg>
<arg>TR</arg>
<arg>TT</arg>
<arg>TV</arg>
<arg>TW</arg>
<arg>TZ</arg>
<arg>UA</arg>
<arg>UG</arg>
<arg>UM</arg>
<arg>US</arg>
<arg>UY</arg>
<arg>UZ</arg>
<arg>VA</arg>
<arg>VC</arg>
<arg>VE</arg>
<arg>VG</arg>
<arg>VI</arg>
<arg>VN</arg>
<arg>VU</arg>
<arg>WF</arg>
<arg>WS</arg>
<arg>XK</arg>
<arg>YE</arg>
<arg>YT</arg>
<arg>ZA</arg>
<arg>ZM</arg>
<arg>ZW</arg>
<doc>Returns a list containing given items.</doc>
<status status="PASS" start="2024-07-08T03:18:12.979559" elapsed="0.000815"/>
</kw>
<kw name="List Should Contain Value" owner="Collections">
<arg>${list_country}</arg>
<arg>${name_country}</arg>
<doc>Fails if the ``value`` is not found from ``list``.</doc>
<status status="PASS" start="2024-07-08T03:18:12.981385" elapsed="0.000236"/>
</kw>
<kw name="Run Keyword If" owner="BuiltIn">
<kw name="Should Be True" owner="BuiltIn">
<arg>${True}</arg>
<doc>Fails if the given condition is not true.</doc>
<status status="PASS" start="2024-07-08T03:18:12.982677" elapsed="0.000149"/>
</kw>
<arg>${json_data["results"][0]["location"]["coordinates"]["latitude"]} &gt;= -90 and ${json_data["results"][0]["location"]["coordinates"]["latitude"]} &lt;= 90</arg>
<arg>Should Be True</arg>
<arg>${True}</arg>
<doc>Runs the given keyword with the given arguments, if ``condition`` is true.</doc>
<status status="PASS" start="2024-07-08T03:18:12.981835" elapsed="0.001126"/>
</kw>
<kw name="Run Keyword If" owner="BuiltIn">
<kw name="Should Be True" owner="BuiltIn">
<arg>${True}</arg>
<doc>Fails if the given condition is not true.</doc>
<status status="PASS" start="2024-07-08T03:18:12.983952" elapsed="0.000257"/>
</kw>
<arg>${json_data["results"][0]["location"]["coordinates"]["longitude"]} &gt;= -180 and ${json_data["results"][0]["location"]["coordinates"]["longitude"]} &lt;= 180</arg>
<arg>Should Be True</arg>
<arg>${True}</arg>
<doc>Runs the given keyword with the given arguments, if ``condition`` is true.</doc>
<status status="PASS" start="2024-07-08T03:18:12.983161" elapsed="0.001188"/>
</kw>
<status status="PASS" start="2024-07-08T03:18:12.886983" elapsed="0.097514"/>
</kw>
<doc>Testa o conteúdo específico dos campos retornados pela API.</doc>
<tag>testeConteudo</tag>
<status status="PASS" start="2024-07-08T03:18:12.886206" elapsed="0.098451"/>
</test>
<status status="PASS" start="2024-07-08T03:18:11.889822" elapsed="1.097154"/>
</suite>
<status status="PASS" start="2024-07-08T03:18:11.875002" elapsed="1.117934"/>
</suite>
<statistics>
<total>
<stat pass="5" fail="0" skip="0">All Tests</stat>
</total>
<tag>
<stat pass="1" fail="0" skip="0">testeConteudo</stat>
<stat pass="1" fail="0" skip="0">testeEstruturaResposta</stat>
<stat pass="1" fail="0" skip="0">testeRequisicaoBasica</stat>
<stat pass="1" fail="0" skip="0">testeTiposDados</stat>
</tag>
<suite>
<stat pass="5" fail="0" skip="0" id="s1" name="Tests">Tests</stat>
<stat pass="5" fail="0" skip="0" id="s1-s1" name="Random-User-Test">Tests.Random-User-Test</stat>
</suite>
</statistics>
<errors>
</errors>
</robot>
