<?xml version="1.0" encoding="UTF-8"?>
<robot generator="Robot 7.0.1 (Python 3.12.4 on linux)" generated="2024-07-18T14:14:53.353469" rpa="false" schemaversion="5">
<suite id="s1" name="Tests" source="/home/runner/work/ApiRandomUser/ApiRandomUser/RamdonUser/tests">
<suite id="s1-s1" name="Random-User-Test" source="/home/runner/work/ApiRandomUser/ApiRandomUser/RamdonUser/tests/random-user-test.robot">
<test id="s1-s1-t1" name="Conectar" line="13">
<kw name="Conectar API" owner="random-user-service">
<kw name="Create Session" owner="RequestsLibrary">
<msg time="2024-07-18T14:14:53.755424" level="INFO">Creating Session using : alias=consultarAPI, url=https://randomuser.me/, headers={},                     cookies={}, auth=None, timeout=None, proxies=None, verify=False,                     debug=0 </msg>
<arg>consultarAPI</arg>
<arg>${URL}</arg>
<doc>Create Session: create a HTTP session to a server</doc>
<status status="PASS" start="2024-07-18T14:14:53.755224" elapsed="0.000380"/>
</kw>
<status status="PASS" start="2024-07-18T14:14:53.754176" elapsed="0.001787"/>
</kw>
<status status="PASS" start="2024-07-18T14:14:53.753573" elapsed="0.002582"/>
</test>
<test id="s1-s1-t2" name="Validar retorno 200 e JSON Válido" line="16">
<kw name="Teste de Requisicao Basica" owner="random-user-service">
<kw name="GET On Session" owner="RequestsLibrary">
<msg time="2024-07-18T14:14:54.029219" level="INFO">GET Request : url=https://randomuser.me/api 
 path_url=/api 
 headers={'User-Agent': 'python-requests/2.32.3', 'Accept-Encoding': 'gzip, deflate', 'Accept': '*/*', 'Connection': 'keep-alive'} 
 body=None 
 </msg>
<msg time="2024-07-18T14:14:54.029399" level="INFO">GET Response : url=https://randomuser.me/api 
 status=200, reason=OK 
 headers={'Date': 'Thu, 18 Jul 2024 14:14:54 GMT', 'Content-Type': 'application/json; charset=utf-8', 'Transfer-Encoding': 'chunked', 'Connection': 'keep-alive', 'X-Powered-By': 'Express', 'Access-Control-Allow-Origin': '*', 'Cache-Control': 'no-cache', 'ETag': 'W/"47e-hpgs7f9yqMlKgFUCTnhJeEeizaY"', 'Vary': 'Accept-Encoding', 'Content-Encoding': 'gzip', 'CF-Cache-Status': 'DYNAMIC', 'Report-To': '{"endpoints":[{"url":"https:\\/\\/a.nel.cloudflare.com\\/report\\/v4?s=Yc8PUGVhmrOM7vTBhZ4g0SUicCTbQwrz8Ab97e0o6Yh%2FCluxfKjJDPey7oCDJ%2BMrF4m5w9Y6US1K2ONLQ5S6oYClQA1h0L8o3fBfcCSy1j94pa7eC%2BpH18OJaMGwiDb0"}],"group":"cf-nel","max_age":604800}', 'NEL': '{"success_fraction":0,"report_to":"cf-nel","max_age":604800}', 'Server': 'cloudflare', 'CF-RAY': '8a5314ab1c0d7bce-LAX', 'alt-svc': 'h3=":443"; ma=86400'} 
 body={"results":[{"gender":"male","name":{"title":"Mr","first":"Mason","last":"Lévesque"},"location":{"street":{"number":7623,"name":"Tecumseh Rd"},"city":"Carleton","state":"Alberta","country":"Canada","postcode":"Z6K 2J2","coordinates":{"latitude":"-66.1672","longitude":"-50.6183"},"timezone":{"offset":"+6:00","description":"Almaty, Dhaka, Colombo"}},"email":"mason.levesque@example.com","login":{"uuid":"99cce215-9872-4c9a-a2a5-f761fa0247f2","username":"redgoose984","password":"blueball","salt":"KGDiXJON","md5":"7b9fcaac1d273ddaf61ed5b6f918155d","sha1":"b1c660e576dd0cf5d23bf11c628a7af6053f0dab","sha256":"e4945411f5b92a2a6cf89457bc606e6ab3eb4f493b32eea9a878c8c8d161e107"},"dob":{"date":"1971-02-27T09:27:22.201Z","age":53},"registered":{"date":"2010-11-04T21:29:14.781Z","age":13},"phone":"Y60 D24-9152","cell":"A70 T50-9060","id":{"name":"SIN","value":"449735737"},"picture":{"large":"https://randomuser.me/api/portraits/men/7.jpg","medium":"https://randomuser.me/api/portraits/med/men/7.jpg","thumbnail":"https://randomuser.me/api/portraits/thumb/men/7.jpg"},"nat":"CA"}],"info":{"seed":"b34991b5e0606799","results":1,"page":1,"version":"1.4"}} 
 </msg>
<msg time="2024-07-18T14:14:54.029490" level="INFO">/opt/hostedtoolcache/Python/3.12.4/x64/lib/python3.12/site-packages/urllib3/connectionpool.py:1099: InsecureRequestWarning: Unverified HTTPS request is being made to host 'randomuser.me'. Adding certificate verification is strongly advised. See: https://urllib3.readthedocs.io/en/latest/advanced-usage.html#tls-warnings
  warnings.warn(</msg>
<msg time="2024-07-18T14:14:54.029649" level="INFO">${response} = &lt;Response [200]&gt;</msg>
<var>${response}</var>
<arg>consultarAPI</arg>
<arg>/api</arg>
<doc>Sends a GET request on a previously created HTTP Session.</doc>
<status status="PASS" start="2024-07-18T14:14:53.758830" elapsed="0.270864"/>
</kw>
<kw name="Should Be Equal As Numbers" owner="BuiltIn">
<msg time="2024-07-18T14:14:54.030687" level="INFO">Argument types are:
&lt;class 'int'&gt;
&lt;class 'str'&gt;</msg>
<arg>${response.status_code}</arg>
<arg>200</arg>
<doc>Fails if objects are unequal after converting them to real numbers.</doc>
<status status="PASS" start="2024-07-18T14:14:54.030229" elapsed="0.000522"/>
</kw>
<kw name="Log" owner="BuiltIn">
<msg time="2024-07-18T14:14:54.031416" level="INFO">200</msg>
<arg>${response.status_code}</arg>
<doc>Logs the given message with the given level.</doc>
<status status="PASS" start="2024-07-18T14:14:54.031063" elapsed="0.000396"/>
</kw>
<kw name="Set Variable" owner="BuiltIn">
<msg time="2024-07-18T14:14:54.032203" level="INFO">${json_data} = {'results': [{'gender': 'male', 'name': {'title': 'Mr', 'first': 'Mason', 'last': 'Lévesque'}, 'location': {'street': {'number': 7623, 'name': 'Tecumseh Rd'}, 'city': 'Carleton', 'state': 'Alberta', '...</msg>
<var>${json_data}</var>
<arg>${response.json()}</arg>
<doc>Returns the given values which can then be assigned to a variables.</doc>
<status status="PASS" start="2024-07-18T14:14:54.031771" elapsed="0.000461"/>
</kw>
<kw name="Dictionary Should Contain Key" owner="Collections">
<arg>${json_data}</arg>
<arg>results</arg>
<doc>Fails if ``key`` is not found from ``dictionary``.</doc>
<status status="PASS" start="2024-07-18T14:14:54.032529" elapsed="0.000361"/>
</kw>
<status status="PASS" start="2024-07-18T14:14:53.758587" elapsed="0.274461"/>
</kw>
<doc>Testa se a API responde corretamente e retorna um objeto JSON válido.</doc>
<tag>testeRequisicaoBasica</tag>
<status status="PASS" start="2024-07-18T14:14:53.758087" elapsed="0.275133"/>
</test>
<test id="s1-s1-t3" name="Validar estrutura de resposta" line="22">
<kw name="Teste de Estrutura de Resposta" owner="random-user-service">
<kw name="GET On Session" owner="RequestsLibrary">
<msg time="2024-07-18T14:14:54.134622" level="INFO">GET Request : url=https://randomuser.me/api 
 path_url=/api 
 headers={'User-Agent': 'python-requests/2.32.3', 'Accept-Encoding': 'gzip, deflate', 'Accept': '*/*', 'Connection': 'keep-alive'} 
 body=None 
 </msg>
<msg time="2024-07-18T14:14:54.134722" level="INFO">GET Response : url=https://randomuser.me/api 
 status=200, reason=OK 
 headers={'Date': 'Thu, 18 Jul 2024 14:14:54 GMT', 'Content-Type': 'application/json; charset=utf-8', 'Transfer-Encoding': 'chunked', 'Connection': 'keep-alive', 'X-Powered-By': 'Express', 'Access-Control-Allow-Origin': '*', 'Cache-Control': 'no-cache', 'ETag': 'W/"478-Yji+5GlMfZkew/A9Aw2ksVifr7Q"', 'Vary': 'Accept-Encoding', 'Content-Encoding': 'gzip', 'CF-Cache-Status': 'DYNAMIC', 'Report-To': '{"endpoints":[{"url":"https:\\/\\/a.nel.cloudflare.com\\/report\\/v4?s=Ok0IZWa%2Be0e8q%2BupcRkzsGaqrMUTUn%2BbWrSU09gPUxuJC7SNg422QVZs7JeNZRy0WUE369w4zJTTXZSGrAuue%2BnmUrFKPutLWohVlXxho9H3yQNCVOyF1eY2CLVCohWu"}],"group":"cf-nel","max_age":604800}', 'NEL': '{"success_fraction":0,"report_to":"cf-nel","max_age":604800}', 'Server': 'cloudflare', 'CF-RAY': '8a5314abbcb17bce-LAX', 'alt-svc': 'h3=":443"; ma=86400'} 
 body={"results":[{"gender":"male","name":{"title":"Mr","first":"Akseli","last":"Wiita"},"location":{"street":{"number":5043,"name":"Rotuaari"},"city":"Vihti","state":"Northern Ostrobothnia","country":"Finland","postcode":81541,"coordinates":{"latitude":"-23.5083","longitude":"-83.3987"},"timezone":{"offset":"+4:30","description":"Kabul"}},"email":"akseli.wiita@example.com","login":{"uuid":"0fa8bf6c-89de-4f4a-843c-30bfe2a3aa83","username":"bluerabbit272","password":"depeche","salt":"GLY59rNI","md5":"786d1673c5cd43cbd7148c958ec7a4df","sha1":"e471a36991d5a63155100ab5eaed92ef6b961d95","sha256":"e9af0bfe219874ac54c932501609e18104edd1aa04bc72f881f697aab06b157c"},"dob":{"date":"1945-05-17T03:02:46.655Z","age":79},"registered":{"date":"2017-04-26T13:18:16.278Z","age":7},"phone":"09-162-665","cell":"041-349-49-78","id":{"name":"HETU","value":"NaNNA601undefined"},"picture":{"large":"https://randomuser.me/api/portraits/men/96.jpg","medium":"https://randomuser.me/api/portraits/med/men/96.jpg","thumbnail":"https://randomuser.me/api/portraits/thumb/men/96.jpg"},"nat":"FI"}],"info":{"seed":"651daf54639929a8","results":1,"page":1,"version":"1.4"}} 
 </msg>
<msg time="2024-07-18T14:14:54.134848" level="INFO">/opt/hostedtoolcache/Python/3.12.4/x64/lib/python3.12/site-packages/urllib3/connectionpool.py:1099: InsecureRequestWarning: Unverified HTTPS request is being made to host 'randomuser.me'. Adding certificate verification is strongly advised. See: https://urllib3.readthedocs.io/en/latest/advanced-usage.html#tls-warnings
  warnings.warn(</msg>
<msg time="2024-07-18T14:14:54.135042" level="INFO">${response} = &lt;Response [200]&gt;</msg>
<var>${response}</var>
<arg>consultarAPI</arg>
<arg>/api</arg>
<doc>Sends a GET request on a previously created HTTP Session.</doc>
<status status="PASS" start="2024-07-18T14:14:54.035895" elapsed="0.099193"/>
</kw>
<kw name="Set Variable" owner="BuiltIn">
<msg time="2024-07-18T14:14:54.136171" level="INFO">${json_data} = {'results': [{'gender': 'male', 'name': {'title': 'Mr', 'first': 'Akseli', 'last': 'Wiita'}, 'location': {'street': {'number': 5043, 'name': 'Rotuaari'}, 'city': 'Vihti', 'state': 'Northern Ostrobothn...</msg>
<var>${json_data}</var>
<arg>${response.json()}</arg>
<doc>Returns the given values which can then be assigned to a variables.</doc>
<status status="PASS" start="2024-07-18T14:14:54.135646" elapsed="0.000554"/>
</kw>
<kw name="Log" owner="BuiltIn">
<msg time="2024-07-18T14:14:54.136687" level="INFO">{'results': [{'gender': 'male', 'name': {'title': 'Mr', 'first': 'Akseli', 'last': 'Wiita'}, 'location': {'street': {'number': 5043, 'name': 'Rotuaari'}, 'city': 'Vihti', 'state': 'Northern Ostrobothnia', 'country': 'Finland', 'postcode': 81541, 'coordinates': {'latitude': '-23.5083', 'longitude': '-83.3987'}, 'timezone': {'offset': '+4:30', 'description': 'Kabul'}}, 'email': 'akseli.wiita@example.com', 'login': {'uuid': '0fa8bf6c-89de-4f4a-843c-30bfe2a3aa83', 'username': 'bluerabbit272', 'password': 'depeche', 'salt': 'GLY59rNI', 'md5': '786d1673c5cd43cbd7148c958ec7a4df', 'sha1': 'e471a36991d5a63155100ab5eaed92ef6b961d95', 'sha256': 'e9af0bfe219874ac54c932501609e18104edd1aa04bc72f881f697aab06b157c'}, 'dob': {'date': '1945-05-17T03:02:46.655Z', 'age': 79}, 'registered': {'date': '2017-04-26T13:18:16.278Z', 'age': 7}, 'phone': '09-162-665', 'cell': '041-349-49-78', 'id': {'name': 'HETU', 'value': 'NaNNA601undefined'}, 'picture': {'large': 'https://randomuser.me/api/portraits/men/96.jpg', 'medium': 'https://randomuser.me/api/portraits/med/men/96.jpg', 'thumbnail': 'https://randomuser.me/api/portraits/thumb/men/96.jpg'}, 'nat': 'FI'}], 'info': {'seed': '651daf54639929a8', 'results': 1, 'page': 1, 'version': '1.4'}}</msg>
<arg>${json_data}</arg>
<doc>Logs the given message with the given level.</doc>
<status status="PASS" start="2024-07-18T14:14:54.136520" elapsed="0.000218"/>
</kw>
<kw name="Dictionary Should Contain Key" owner="Collections">
<arg>${json_data}</arg>
<arg>results</arg>
<doc>Fails if ``key`` is not found from ``dictionary``.</doc>
<status status="PASS" start="2024-07-18T14:14:54.137073" elapsed="0.000163"/>
</kw>
<kw name="Should Not Be Empty" owner="BuiltIn">
<msg time="2024-07-18T14:14:54.137554" level="INFO">Length is 2.</msg>
<arg>${json_data}</arg>
<doc>Verifies that the given item is not empty.</doc>
<status status="PASS" start="2024-07-18T14:14:54.137428" elapsed="0.000169"/>
</kw>
<kw name="Create List" owner="BuiltIn">
<msg time="2024-07-18T14:14:54.138038" level="INFO">${expected_keys} = ['gender', 'name', 'location', 'email', 'login']</msg>
<var>${expected_keys}</var>
<arg>gender</arg>
<arg>name</arg>
<arg>location</arg>
<arg>email</arg>
<arg>login</arg>
<doc>Returns a list containing given items.</doc>
<status status="PASS" start="2024-07-18T14:14:54.137887" elapsed="0.000174"/>
</kw>
<for flavor="IN">
<iter>
<kw name="Dictionary Should Contain Key" owner="Collections">
<arg>${json_data['results'][0]}</arg>
<arg>${key}</arg>
<doc>Fails if ``key`` is not found from ``dictionary``.</doc>
<status status="PASS" start="2024-07-18T14:14:54.138649" elapsed="0.000404"/>
</kw>
<kw name="Log" owner="BuiltIn">
<msg time="2024-07-18T14:14:54.139599" level="INFO">{'gender': 'male', 'name': {'title': 'Mr', 'first': 'Akseli', 'last': 'Wiita'}, 'location': {'street': {'number': 5043, 'name': 'Rotuaari'}, 'city': 'Vihti', 'state': 'Northern Ostrobothnia', 'country': 'Finland', 'postcode': 81541, 'coordinates': {'latitude': '-23.5083', 'longitude': '-83.3987'}, 'timezone': {'offset': '+4:30', 'description': 'Kabul'}}, 'email': 'akseli.wiita@example.com', 'login': {'uuid': '0fa8bf6c-89de-4f4a-843c-30bfe2a3aa83', 'username': 'bluerabbit272', 'password': 'depeche', 'salt': 'GLY59rNI', 'md5': '786d1673c5cd43cbd7148c958ec7a4df', 'sha1': 'e471a36991d5a63155100ab5eaed92ef6b961d95', 'sha256': 'e9af0bfe219874ac54c932501609e18104edd1aa04bc72f881f697aab06b157c'}, 'dob': {'date': '1945-05-17T03:02:46.655Z', 'age': 79}, 'registered': {'date': '2017-04-26T13:18:16.278Z', 'age': 7}, 'phone': '09-162-665', 'cell': '041-349-49-78', 'id': {'name': 'HETU', 'value': 'NaNNA601undefined'}, 'picture': {'large': 'https://randomuser.me/api/portraits/men/96.jpg', 'medium': 'https://randomuser.me/api/portraits/med/men/96.jpg', 'thumbnail': 'https://randomuser.me/api/portraits/thumb/men/96.jpg'}, 'nat': 'FI'}</msg>
<arg>${json_data['results'][0]}</arg>
<doc>Logs the given message with the given level.</doc>
<status status="PASS" start="2024-07-18T14:14:54.139239" elapsed="0.000411"/>
</kw>
<kw name="Log" owner="BuiltIn">
<msg time="2024-07-18T14:14:54.140078" level="INFO">gender</msg>
<arg>${key}</arg>
<doc>Logs the given message with the given level.</doc>
<status status="PASS" start="2024-07-18T14:14:54.139950" elapsed="0.000166"/>
</kw>
<var name="${key}">gender</var>
<status status="PASS" start="2024-07-18T14:14:54.138518" elapsed="0.001811"/>
</iter>
<iter>
<kw name="Dictionary Should Contain Key" owner="Collections">
<arg>${json_data['results'][0]}</arg>
<arg>${key}</arg>
<doc>Fails if ``key`` is not found from ``dictionary``.</doc>
<status status="PASS" start="2024-07-18T14:14:54.140622" elapsed="0.000417"/>
</kw>
<kw name="Log" owner="BuiltIn">
<msg time="2024-07-18T14:14:54.141581" level="INFO">{'gender': 'male', 'name': {'title': 'Mr', 'first': 'Akseli', 'last': 'Wiita'}, 'location': {'street': {'number': 5043, 'name': 'Rotuaari'}, 'city': 'Vihti', 'state': 'Northern Ostrobothnia', 'country': 'Finland', 'postcode': 81541, 'coordinates': {'latitude': '-23.5083', 'longitude': '-83.3987'}, 'timezone': {'offset': '+4:30', 'description': 'Kabul'}}, 'email': 'akseli.wiita@example.com', 'login': {'uuid': '0fa8bf6c-89de-4f4a-843c-30bfe2a3aa83', 'username': 'bluerabbit272', 'password': 'depeche', 'salt': 'GLY59rNI', 'md5': '786d1673c5cd43cbd7148c958ec7a4df', 'sha1': 'e471a36991d5a63155100ab5eaed92ef6b961d95', 'sha256': 'e9af0bfe219874ac54c932501609e18104edd1aa04bc72f881f697aab06b157c'}, 'dob': {'date': '1945-05-17T03:02:46.655Z', 'age': 79}, 'registered': {'date': '2017-04-26T13:18:16.278Z', 'age': 7}, 'phone': '09-162-665', 'cell': '041-349-49-78', 'id': {'name': 'HETU', 'value': 'NaNNA601undefined'}, 'picture': {'large': 'https://randomuser.me/api/portraits/men/96.jpg', 'medium': 'https://randomuser.me/api/portraits/med/men/96.jpg', 'thumbnail': 'https://randomuser.me/api/portraits/thumb/men/96.jpg'}, 'nat': 'FI'}</msg>
<arg>${json_data['results'][0]}</arg>
<doc>Logs the given message with the given level.</doc>
<status status="PASS" start="2024-07-18T14:14:54.141222" elapsed="0.000439"/>
</kw>
<kw name="Log" owner="BuiltIn">
<msg time="2024-07-18T14:14:54.142087" level="INFO">name</msg>
<arg>${key}</arg>
<doc>Logs the given message with the given level.</doc>
<status status="PASS" start="2024-07-18T14:14:54.141958" elapsed="0.000166"/>
</kw>
<var name="${key}">name</var>
<status status="PASS" start="2024-07-18T14:14:54.140512" elapsed="0.001830"/>
</iter>
<iter>
<kw name="Dictionary Should Contain Key" owner="Collections">
<arg>${json_data['results'][0]}</arg>
<arg>${key}</arg>
<doc>Fails if ``key`` is not found from ``dictionary``.</doc>
<status status="PASS" start="2024-07-18T14:14:54.142624" elapsed="0.000383"/>
</kw>
<kw name="Log" owner="BuiltIn">
<msg time="2024-07-18T14:14:54.143540" level="INFO">{'gender': 'male', 'name': {'title': 'Mr', 'first': 'Akseli', 'last': 'Wiita'}, 'location': {'street': {'number': 5043, 'name': 'Rotuaari'}, 'city': 'Vihti', 'state': 'Northern Ostrobothnia', 'country': 'Finland', 'postcode': 81541, 'coordinates': {'latitude': '-23.5083', 'longitude': '-83.3987'}, 'timezone': {'offset': '+4:30', 'description': 'Kabul'}}, 'email': 'akseli.wiita@example.com', 'login': {'uuid': '0fa8bf6c-89de-4f4a-843c-30bfe2a3aa83', 'username': 'bluerabbit272', 'password': 'depeche', 'salt': 'GLY59rNI', 'md5': '786d1673c5cd43cbd7148c958ec7a4df', 'sha1': 'e471a36991d5a63155100ab5eaed92ef6b961d95', 'sha256': 'e9af0bfe219874ac54c932501609e18104edd1aa04bc72f881f697aab06b157c'}, 'dob': {'date': '1945-05-17T03:02:46.655Z', 'age': 79}, 'registered': {'date': '2017-04-26T13:18:16.278Z', 'age': 7}, 'phone': '09-162-665', 'cell': '041-349-49-78', 'id': {'name': 'HETU', 'value': 'NaNNA601undefined'}, 'picture': {'large': 'https://randomuser.me/api/portraits/men/96.jpg', 'medium': 'https://randomuser.me/api/portraits/med/men/96.jpg', 'thumbnail': 'https://randomuser.me/api/portraits/thumb/men/96.jpg'}, 'nat': 'FI'}</msg>
<arg>${json_data['results'][0]}</arg>
<doc>Logs the given message with the given level.</doc>
<status status="PASS" start="2024-07-18T14:14:54.143195" elapsed="0.000393"/>
</kw>
<kw name="Log" owner="BuiltIn">
<msg time="2024-07-18T14:14:54.144005" level="INFO">location</msg>
<arg>${key}</arg>
<doc>Logs the given message with the given level.</doc>
<status status="PASS" start="2024-07-18T14:14:54.143878" elapsed="0.000164"/>
</kw>
<var name="${key}">location</var>
<status status="PASS" start="2024-07-18T14:14:54.142518" elapsed="0.001734"/>
</iter>
<iter>
<kw name="Dictionary Should Contain Key" owner="Collections">
<arg>${json_data['results'][0]}</arg>
<arg>${key}</arg>
<doc>Fails if ``key`` is not found from ``dictionary``.</doc>
<status status="PASS" start="2024-07-18T14:14:54.144525" elapsed="0.000409"/>
</kw>
<kw name="Log" owner="BuiltIn">
<msg time="2024-07-18T14:14:54.145596" level="INFO">{'gender': 'male', 'name': {'title': 'Mr', 'first': 'Akseli', 'last': 'Wiita'}, 'location': {'street': {'number': 5043, 'name': 'Rotuaari'}, 'city': 'Vihti', 'state': 'Northern Ostrobothnia', 'country': 'Finland', 'postcode': 81541, 'coordinates': {'latitude': '-23.5083', 'longitude': '-83.3987'}, 'timezone': {'offset': '+4:30', 'description': 'Kabul'}}, 'email': 'akseli.wiita@example.com', 'login': {'uuid': '0fa8bf6c-89de-4f4a-843c-30bfe2a3aa83', 'username': 'bluerabbit272', 'password': 'depeche', 'salt': 'GLY59rNI', 'md5': '786d1673c5cd43cbd7148c958ec7a4df', 'sha1': 'e471a36991d5a63155100ab5eaed92ef6b961d95', 'sha256': 'e9af0bfe219874ac54c932501609e18104edd1aa04bc72f881f697aab06b157c'}, 'dob': {'date': '1945-05-17T03:02:46.655Z', 'age': 79}, 'registered': {'date': '2017-04-26T13:18:16.278Z', 'age': 7}, 'phone': '09-162-665', 'cell': '041-349-49-78', 'id': {'name': 'HETU', 'value': 'NaNNA601undefined'}, 'picture': {'large': 'https://randomuser.me/api/portraits/men/96.jpg', 'medium': 'https://randomuser.me/api/portraits/med/men/96.jpg', 'thumbnail': 'https://randomuser.me/api/portraits/thumb/men/96.jpg'}, 'nat': 'FI'}</msg>
<arg>${json_data['results'][0]}</arg>
<doc>Logs the given message with the given level.</doc>
<status status="PASS" start="2024-07-18T14:14:54.145242" elapsed="0.000403"/>
</kw>
<kw name="Log" owner="BuiltIn">
<msg time="2024-07-18T14:14:54.146064" level="INFO">email</msg>
<arg>${key}</arg>
<doc>Logs the given message with the given level.</doc>
<status status="PASS" start="2024-07-18T14:14:54.145938" elapsed="0.000164"/>
</kw>
<var name="${key}">email</var>
<status status="PASS" start="2024-07-18T14:14:54.144420" elapsed="0.001895"/>
</iter>
<iter>
<kw name="Dictionary Should Contain Key" owner="Collections">
<arg>${json_data['results'][0]}</arg>
<arg>${key}</arg>
<doc>Fails if ``key`` is not found from ``dictionary``.</doc>
<status status="PASS" start="2024-07-18T14:14:54.146592" elapsed="0.000375"/>
</kw>
<kw name="Log" owner="BuiltIn">
<msg time="2024-07-18T14:14:54.147494" level="INFO">{'gender': 'male', 'name': {'title': 'Mr', 'first': 'Akseli', 'last': 'Wiita'}, 'location': {'street': {'number': 5043, 'name': 'Rotuaari'}, 'city': 'Vihti', 'state': 'Northern Ostrobothnia', 'country': 'Finland', 'postcode': 81541, 'coordinates': {'latitude': '-23.5083', 'longitude': '-83.3987'}, 'timezone': {'offset': '+4:30', 'description': 'Kabul'}}, 'email': 'akseli.wiita@example.com', 'login': {'uuid': '0fa8bf6c-89de-4f4a-843c-30bfe2a3aa83', 'username': 'bluerabbit272', 'password': 'depeche', 'salt': 'GLY59rNI', 'md5': '786d1673c5cd43cbd7148c958ec7a4df', 'sha1': 'e471a36991d5a63155100ab5eaed92ef6b961d95', 'sha256': 'e9af0bfe219874ac54c932501609e18104edd1aa04bc72f881f697aab06b157c'}, 'dob': {'date': '1945-05-17T03:02:46.655Z', 'age': 79}, 'registered': {'date': '2017-04-26T13:18:16.278Z', 'age': 7}, 'phone': '09-162-665', 'cell': '041-349-49-78', 'id': {'name': 'HETU', 'value': 'NaNNA601undefined'}, 'picture': {'large': 'https://randomuser.me/api/portraits/men/96.jpg', 'medium': 'https://randomuser.me/api/portraits/med/men/96.jpg', 'thumbnail': 'https://randomuser.me/api/portraits/thumb/men/96.jpg'}, 'nat': 'FI'}</msg>
<arg>${json_data['results'][0]}</arg>
<doc>Logs the given message with the given level.</doc>
<status status="PASS" start="2024-07-18T14:14:54.147144" elapsed="0.000397"/>
</kw>
<kw name="Log" owner="BuiltIn">
<msg time="2024-07-18T14:14:54.147955" level="INFO">login</msg>
<arg>${key}</arg>
<doc>Logs the given message with the given level.</doc>
<status status="PASS" start="2024-07-18T14:14:54.147831" elapsed="0.000160"/>
</kw>
<var name="${key}">login</var>
<status status="PASS" start="2024-07-18T14:14:54.146486" elapsed="0.001723"/>
</iter>
<var>${key}</var>
<value>@{expected_keys}</value>
<status status="PASS" start="2024-07-18T14:14:54.138326" elapsed="0.010001"/>
</for>
<kw name="Create List" owner="BuiltIn">
<msg time="2024-07-18T14:14:54.148644" level="INFO">${expected_keysTwo} = ['username', 'password']</msg>
<var>${expected_keysTwo}</var>
<arg>username</arg>
<arg>password</arg>
<doc>Returns a list containing given items.</doc>
<status status="PASS" start="2024-07-18T14:14:54.148511" elapsed="0.000156"/>
</kw>
<for flavor="IN">
<iter>
<kw name="Dictionary Should Contain Key" owner="Collections">
<arg>${json_data['results'][0]['login']}</arg>
<arg>${keyTwo}</arg>
<doc>Fails if ``key`` is not found from ``dictionary``.</doc>
<status status="PASS" start="2024-07-18T14:14:54.149210" elapsed="0.000384"/>
</kw>
<kw name="Dictionary Should Contain Key" owner="Collections">
<arg>${json_data['results'][0]['login']}</arg>
<arg>${keyTwo}</arg>
<doc>Fails if ``key`` is not found from ``dictionary``.</doc>
<status status="PASS" start="2024-07-18T14:14:54.149772" elapsed="0.000370"/>
</kw>
<kw name="Log" owner="BuiltIn">
<msg time="2024-07-18T14:14:54.150437" level="INFO">username</msg>
<arg>${keyTwo}</arg>
<doc>Logs the given message with the given level.</doc>
<status status="PASS" start="2024-07-18T14:14:54.150318" elapsed="0.000157"/>
</kw>
<var name="${keyTwo}">username</var>
<status status="PASS" start="2024-07-18T14:14:54.149105" elapsed="0.001588"/>
</iter>
<iter>
<kw name="Dictionary Should Contain Key" owner="Collections">
<arg>${json_data['results'][0]['login']}</arg>
<arg>${keyTwo}</arg>
<doc>Fails if ``key`` is not found from ``dictionary``.</doc>
<status status="PASS" start="2024-07-18T14:14:54.150977" elapsed="0.000382"/>
</kw>
<kw name="Dictionary Should Contain Key" owner="Collections">
<arg>${json_data['results'][0]['login']}</arg>
<arg>${keyTwo}</arg>
<doc>Fails if ``key`` is not found from ``dictionary``.</doc>
<status status="PASS" start="2024-07-18T14:14:54.151537" elapsed="0.000363"/>
</kw>
<kw name="Log" owner="BuiltIn">
<msg time="2024-07-18T14:14:54.152198" level="INFO">password</msg>
<arg>${keyTwo}</arg>
<doc>Logs the given message with the given level.</doc>
<status status="PASS" start="2024-07-18T14:14:54.152073" elapsed="0.000162"/>
</kw>
<var name="${keyTwo}">password</var>
<status status="PASS" start="2024-07-18T14:14:54.150864" elapsed="0.001588"/>
</iter>
<var>${keyTwo}</var>
<value>@{expected_keysTwo}</value>
<status status="PASS" start="2024-07-18T14:14:54.148954" elapsed="0.003616"/>
</for>
<status status="PASS" start="2024-07-18T14:14:54.035661" elapsed="0.117049"/>
</kw>
<doc>Testa a estrutura da resposta da API.</doc>
<tag>testeEstruturaResposta</tag>
<status status="PASS" start="2024-07-18T14:14:54.035044" elapsed="0.117854"/>
</test>
<test id="s1-s1-t4" name="Validar tipos de dados" line="28">
<kw name="Teste de Tipos de Dados" owner="random-user-service">
<kw name="GET On Session" owner="RequestsLibrary">
<msg time="2024-07-18T14:14:54.251379" level="INFO">GET Request : url=https://randomuser.me/api 
 path_url=/api 
 headers={'User-Agent': 'python-requests/2.32.3', 'Accept-Encoding': 'gzip, deflate', 'Accept': '*/*', 'Connection': 'keep-alive'} 
 body=None 
 </msg>
<msg time="2024-07-18T14:14:54.251470" level="INFO">GET Response : url=https://randomuser.me/api 
 status=200, reason=OK 
 headers={'Date': 'Thu, 18 Jul 2024 14:14:54 GMT', 'Content-Type': 'application/json; charset=utf-8', 'Transfer-Encoding': 'chunked', 'Connection': 'keep-alive', 'X-Powered-By': 'Express', 'Access-Control-Allow-Origin': '*', 'Cache-Control': 'no-cache', 'ETag': 'W/"4a3-3qBF01r0nHa7Mfkrp5aX5DJQZB8"', 'Vary': 'Accept-Encoding', 'Content-Encoding': 'gzip', 'CF-Cache-Status': 'DYNAMIC', 'Report-To': '{"endpoints":[{"url":"https:\\/\\/a.nel.cloudflare.com\\/report\\/v4?s=JTY40I%2F%2BI4pDKU%2FSKcQi3MPkoPCS%2BdZpdQqRafhqCU1gaJ3QC6H%2BJAEhrbMj3C1VaWqoe12K32hvVX8PjxHPlaATi0FrJnMZ911t9xHALbQDgFgw06o%2FHXqE%2F7d4Tf8v"}],"group":"cf-nel","max_age":604800}', 'NEL': '{"success_fraction":0,"report_to":"cf-nel","max_age":604800}', 'Server': 'cloudflare', 'CF-RAY': '8a5314ac7d677bce-LAX', 'alt-svc': 'h3=":443"; ma=86400'} 
 body={"results":[{"gender":"male","name":{"title":"Monsieur","first":"Ryan","last":"Roche"},"location":{"street":{"number":6361,"name":"Place de L'Abbé-Franz-Stock"},"city":"Hergiswil bei Willisau","state":"Schwyz","country":"Switzerland","postcode":2974,"coordinates":{"latitude":"-60.9831","longitude":"-20.2640"},"timezone":{"offset":"-12:00","description":"Eniwetok, Kwajalein"}},"email":"ryan.roche@example.com","login":{"uuid":"de0a36ae-a52f-46b9-9470-029d36517bee","username":"heavybear100","password":"daniela","salt":"Oti9zTKZ","md5":"2b6e209916f35555a02c010281ba0c5f","sha1":"8703c32126dffbc040ac1f8f1bff0e76ec9c2b54","sha256":"822f7f7bb09341a4eb88659f02793ab098ddf36fa57e3586616783862ff4abb7"},"dob":{"date":"1953-10-23T15:49:00.386Z","age":70},"registered":{"date":"2014-06-29T19:12:15.250Z","age":10},"phone":"076 314 79 93","cell":"078 601 77 90","id":{"name":"AVS","value":"756.5258.3015.91"},"picture":{"large":"https://randomuser.me/api/portraits/men/82.jpg","medium":"https://randomuser.me/api/portraits/med/men/82.jpg","thumbnail":"https://randomuser.me/api/portraits/thumb/men/82.jpg"},"nat":"CH"}],"info":{"seed":"f5c2eadd543fd3ca","results":1,"page":1,"version":"1.4"}} 
 </msg>
<msg time="2024-07-18T14:14:54.251539" level="INFO">/opt/hostedtoolcache/Python/3.12.4/x64/lib/python3.12/site-packages/urllib3/connectionpool.py:1099: InsecureRequestWarning: Unverified HTTPS request is being made to host 'randomuser.me'. Adding certificate verification is strongly advised. See: https://urllib3.readthedocs.io/en/latest/advanced-usage.html#tls-warnings
  warnings.warn(</msg>
<msg time="2024-07-18T14:14:54.251664" level="INFO">${response} = &lt;Response [200]&gt;</msg>
<var>${response}</var>
<arg>consultarAPI</arg>
<arg>/api</arg>
<doc>Sends a GET request on a previously created HTTP Session.</doc>
<status status="PASS" start="2024-07-18T14:14:54.155420" elapsed="0.096285"/>
</kw>
<kw name="Set Variable" owner="BuiltIn">
<msg time="2024-07-18T14:14:54.252865" level="INFO">${json_data} = {'results': [{'gender': 'male', 'name': {'title': 'Monsieur', 'first': 'Ryan', 'last': 'Roche'}, 'location': {'street': {'number': 6361, 'name': "Place de L'Abbé-Franz-Stock"}, 'city': 'Hergiswil bei ...</msg>
<var>${json_data}</var>
<arg>${response.json()}</arg>
<doc>Returns the given values which can then be assigned to a variables.</doc>
<status status="PASS" start="2024-07-18T14:14:54.252268" elapsed="0.000629"/>
</kw>
<kw name="Log" owner="BuiltIn">
<msg time="2024-07-18T14:14:54.253365" level="INFO">{'results': [{'gender': 'male', 'name': {'title': 'Monsieur', 'first': 'Ryan', 'last': 'Roche'}, 'location': {'street': {'number': 6361, 'name': "Place de L'Abbé-Franz-Stock"}, 'city': 'Hergiswil bei Willisau', 'state': 'Schwyz', 'country': 'Switzerland', 'postcode': 2974, 'coordinates': {'latitude': '-60.9831', 'longitude': '-20.2640'}, 'timezone': {'offset': '-12:00', 'description': 'Eniwetok, Kwajalein'}}, 'email': 'ryan.roche@example.com', 'login': {'uuid': 'de0a36ae-a52f-46b9-9470-029d36517bee', 'username': 'heavybear100', 'password': 'daniela', 'salt': 'Oti9zTKZ', 'md5': '2b6e209916f35555a02c010281ba0c5f', 'sha1': '8703c32126dffbc040ac1f8f1bff0e76ec9c2b54', 'sha256': '822f7f7bb09341a4eb88659f02793ab098ddf36fa57e3586616783862ff4abb7'}, 'dob': {'date': '1953-10-23T15:49:00.386Z', 'age': 70}, 'registered': {'date': '2014-06-29T19:12:15.250Z', 'age': 10}, 'phone': '076 314 79 93', 'cell': '078 601 77 90', 'id': {'name': 'AVS', 'value': '756.5258.3015.91'}, 'picture': {'large': 'https://randomuser.me/api/portraits/men/82.jpg', 'medium': 'https://randomuser.me/api/portraits/med/men/82.jpg', 'thumbnail': 'https://randomuser.me/api/portraits/thumb/men/82.jpg'}, 'nat': 'CH'}], 'info': {'seed': 'f5c2eadd543fd3ca', 'results': 1, 'page': 1, 'version': '1.4'}}</msg>
<arg>${json_data}</arg>
<doc>Logs the given message with the given level.</doc>
<status status="PASS" start="2024-07-18T14:14:54.253206" elapsed="0.000221"/>
</kw>
<kw name="Should Be String" owner="String">
<arg>${json_data['results'][0]['gender']}</arg>
<doc>Fails if the given ``item`` is not a string.</doc>
<status status="PASS" start="2024-07-18T14:14:54.253717" elapsed="0.000372"/>
</kw>
<kw name="Should Match Regexp" owner="BuiltIn">
<arg>${json_data['results'][0]['email']}</arg>
<arg>^[a-zA-Z0-9._%+-]+@[a-zA-Z0-9.-]+\.[a-zA-Z]{2,}$</arg>
<doc>Fails if ``string`` does not match ``pattern`` as a regular expression.</doc>
<status status="PASS" start="2024-07-18T14:14:54.254279" elapsed="0.000524"/>
</kw>
<kw name="Should Match Regexp" owner="BuiltIn">
<arg>${json_data['results'][0]['dob']['date']}</arg>
<arg>\\d{4}-\\d{2}-\\d{2}T\\d{2}:\\d{2}:\\d{2}\\.\\d{3}Z</arg>
<doc>Fails if ``string`` does not match ``pattern`` as a regular expression.</doc>
<status status="PASS" start="2024-07-18T14:14:54.255035" elapsed="0.000629"/>
</kw>
<kw name="Should Match Regexp" owner="BuiltIn">
<arg>${json_data['results'][0]['registered']['date']}</arg>
<arg>\\d{4}-\\d{2}-\\d{2}T\\d{2}:\\d{2}:\\d{2}\\.\\d{3}Z</arg>
<doc>Fails if ``string`` does not match ``pattern`` as a regular expression.</doc>
<status status="PASS" start="2024-07-18T14:14:54.255855" elapsed="0.000374"/>
</kw>
<kw name="Should Match Regexp" owner="BuiltIn">
<arg>${json_data['results'][0]['picture']['large']}</arg>
<arg>^https?://.*\.(?:png|jpe?g|gif|bmp)$</arg>
<doc>Fails if ``string`` does not match ``pattern`` as a regular expression.</doc>
<status status="PASS" start="2024-07-18T14:14:54.256412" elapsed="0.000489"/>
</kw>
<kw name="Should Match Regexp" owner="BuiltIn">
<arg>${json_data['results'][0]['picture']['medium']}</arg>
<arg>^https?://.*\.(?:png|jpe?g|gif|bmp)$</arg>
<doc>Fails if ``string`` does not match ``pattern`` as a regular expression.</doc>
<status status="PASS" start="2024-07-18T14:14:54.257089" elapsed="0.000353"/>
</kw>
<kw name="Should Match Regexp" owner="BuiltIn">
<arg>${json_data['results'][0]['picture']['thumbnail']}</arg>
<arg>^https?://.*\.(?:png|jpe?g|gif|bmp)$</arg>
<doc>Fails if ``string`` does not match ``pattern`` as a regular expression.</doc>
<status status="PASS" start="2024-07-18T14:14:54.257624" elapsed="0.000349"/>
</kw>
<kw name="Log" owner="BuiltIn">
<msg time="2024-07-18T14:14:54.258470" level="INFO">{'large': 'https://randomuser.me/api/portraits/men/82.jpg', 'medium': 'https://randomuser.me/api/portraits/med/men/82.jpg', 'thumbnail': 'https://randomuser.me/api/portraits/thumb/men/82.jpg'}</msg>
<arg>${json_data['results'][0]['picture']}</arg>
<doc>Logs the given message with the given level.</doc>
<status status="PASS" start="2024-07-18T14:14:54.258148" elapsed="0.000364"/>
</kw>
<status status="PASS" start="2024-07-18T14:14:54.155198" elapsed="0.103570"/>
</kw>
<kw name="Teste de Tipos de Dados - Postcode" owner="random-user-service">
<kw name="GET On Session" owner="RequestsLibrary">
<msg time="2024-07-18T14:14:54.435906" level="INFO">GET Request : url=https://randomuser.me/api 
 path_url=/api 
 headers={'User-Agent': 'python-requests/2.32.3', 'Accept-Encoding': 'gzip, deflate', 'Accept': '*/*', 'Connection': 'keep-alive'} 
 body=None 
 </msg>
<msg time="2024-07-18T14:14:54.435993" level="INFO">GET Response : url=https://randomuser.me/api 
 status=200, reason=OK 
 headers={'Date': 'Thu, 18 Jul 2024 14:14:54 GMT', 'Content-Type': 'application/json; charset=utf-8', 'Transfer-Encoding': 'chunked', 'Connection': 'keep-alive', 'X-Powered-By': 'Express', 'Access-Control-Allow-Origin': '*', 'Cache-Control': 'no-cache', 'ETag': 'W/"49c-IKCB4gocV+CW6578ZGiVS5fRD3s"', 'Vary': 'Accept-Encoding', 'Content-Encoding': 'gzip', 'CF-Cache-Status': 'DYNAMIC', 'Report-To': '{"endpoints":[{"url":"https:\\/\\/a.nel.cloudflare.com\\/report\\/v4?s=EZ5TZrC4s%2F88xw%2FwmMqc1KayYO8NBXsjtF0L6KTLeEFrcqDL7Str8g920Deg0DOHlPn6QoSG46G2lckUud0LuuWUIyM2kLRbCM%2BPTBFKz9Zl8kmUYiPO3C4OxAvgrDQK"}],"group":"cf-nel","max_age":604800}', 'NEL': '{"success_fraction":0,"report_to":"cf-nel","max_age":604800}', 'Server': 'cloudflare', 'CF-RAY': '8a5314ad2e0c7bce-LAX', 'alt-svc': 'h3=":443"; ma=86400'} 
 body={"results":[{"gender":"male","name":{"title":"Monsieur","first":"Hans-Ulrich","last":"Louis"},"location":{"street":{"number":3754,"name":"Rue Jean-Baldassini"},"city":"Raron","state":"Aargau","country":"Switzerland","postcode":3924,"coordinates":{"latitude":"-57.5110","longitude":"-17.4723"},"timezone":{"offset":"-7:00","description":"Mountain Time (US &amp; Canada)"}},"email":"hans-ulrich.louis@example.com","login":{"uuid":"6926eb0c-8f72-457f-a085-e58b5c789d57","username":"orangefrog923","password":"2002","salt":"G8DkvD03","md5":"aa2c08560ac58068ec38003ae2a7dc3b","sha1":"5b9d070797826782887436a8ef2fd851d39d48d9","sha256":"6bc412946c9360c2e19f0c3791e1a30da2c83444e38b1d544a9b18339bbd0f68"},"dob":{"date":"1963-09-27T07:19:27.453Z","age":60},"registered":{"date":"2012-06-13T03:30:54.581Z","age":12},"phone":"078 455 83 49","cell":"076 420 18 81","id":{"name":"AVS","value":"756.3881.1008.75"},"picture":{"large":"https://randomuser.me/api/portraits/men/69.jpg","medium":"https://randomuser.me/api/portraits/med/men/69.jpg","thumbnail":"https://randomuser.me/api/portraits/thumb/men/69.jpg"},"nat":"CH"}],"info":{"seed":"1af59002bb48c0bc","results":1,"page":1,"version":"1.4"}} 
 </msg>
<msg time="2024-07-18T14:14:54.436069" level="INFO">/opt/hostedtoolcache/Python/3.12.4/x64/lib/python3.12/site-packages/urllib3/connectionpool.py:1099: InsecureRequestWarning: Unverified HTTPS request is being made to host 'randomuser.me'. Adding certificate verification is strongly advised. See: https://urllib3.readthedocs.io/en/latest/advanced-usage.html#tls-warnings
  warnings.warn(</msg>
<msg time="2024-07-18T14:14:54.436188" level="INFO">${response} = &lt;Response [200]&gt;</msg>
<var>${response}</var>
<arg>consultarAPI</arg>
<arg>/api</arg>
<doc>Sends a GET request on a previously created HTTP Session.</doc>
<status status="PASS" start="2024-07-18T14:14:54.259229" elapsed="0.177009"/>
</kw>
<kw name="Set Variable" owner="BuiltIn">
<msg time="2024-07-18T14:14:54.437491" level="INFO">${json_data} = {'results': [{'gender': 'male', 'name': {'title': 'Monsieur', 'first': 'Hans-Ulrich', 'last': 'Louis'}, 'location': {'street': {'number': 3754, 'name': 'Rue Jean-Baldassini'}, 'city': 'Raron', 'state'...</msg>
<var>${json_data}</var>
<arg>${response.json()}</arg>
<doc>Returns the given values which can then be assigned to a variables.</doc>
<status status="PASS" start="2024-07-18T14:14:54.436875" elapsed="0.000645"/>
</kw>
<kw name="Log" owner="BuiltIn">
<msg time="2024-07-18T14:14:54.437986" level="INFO">{'results': [{'gender': 'male', 'name': {'title': 'Monsieur', 'first': 'Hans-Ulrich', 'last': 'Louis'}, 'location': {'street': {'number': 3754, 'name': 'Rue Jean-Baldassini'}, 'city': 'Raron', 'state': 'Aargau', 'country': 'Switzerland', 'postcode': 3924, 'coordinates': {'latitude': '-57.5110', 'longitude': '-17.4723'}, 'timezone': {'offset': '-7:00', 'description': 'Mountain Time (US &amp; Canada)'}}, 'email': 'hans-ulrich.louis@example.com', 'login': {'uuid': '6926eb0c-8f72-457f-a085-e58b5c789d57', 'username': 'orangefrog923', 'password': '2002', 'salt': 'G8DkvD03', 'md5': 'aa2c08560ac58068ec38003ae2a7dc3b', 'sha1': '5b9d070797826782887436a8ef2fd851d39d48d9', 'sha256': '6bc412946c9360c2e19f0c3791e1a30da2c83444e38b1d544a9b18339bbd0f68'}, 'dob': {'date': '1963-09-27T07:19:27.453Z', 'age': 60}, 'registered': {'date': '2012-06-13T03:30:54.581Z', 'age': 12}, 'phone': '078 455 83 49', 'cell': '076 420 18 81', 'id': {'name': 'AVS', 'value': '756.3881.1008.75'}, 'picture': {'large': 'https://randomuser.me/api/portraits/men/69.jpg', 'medium': 'https://randomuser.me/api/portraits/med/men/69.jpg', 'thumbnail': 'https://randomuser.me/api/portraits/thumb/men/69.jpg'}, 'nat': 'CH'}], 'info': {'seed': '1af59002bb48c0bc', 'results': 1, 'page': 1, 'version': '1.4'}}</msg>
<arg>${json_data}</arg>
<doc>Logs the given message with the given level.</doc>
<status status="PASS" start="2024-07-18T14:14:54.437823" elapsed="0.000210"/>
</kw>
<kw name="Should Be Equal As Numbers" owner="BuiltIn">
<arg>${json_data['results'][0]['location']['postcode']}</arg>
<arg>${json_data['results'][0]['location']['postcode']}</arg>
<doc>Fails if objects are unequal after converting them to real numbers.</doc>
<status status="PASS" start="2024-07-18T14:14:54.438326" elapsed="0.000624"/>
</kw>
<kw name="Log" owner="BuiltIn">
<msg time="2024-07-18T14:14:54.439481" level="INFO">3924</msg>
<arg>${json_data['results'][0]['location']['postcode']}</arg>
<doc>Logs the given message with the given level.</doc>
<status status="PASS" start="2024-07-18T14:14:54.439142" elapsed="0.000379"/>
</kw>
<status status="PASS" start="2024-07-18T14:14:54.258999" elapsed="0.180799"/>
</kw>
<doc>Testa se os tipos de dados na resposta da API estão corretos.</doc>
<tag>testeTiposDados</tag>
<status status="PASS" start="2024-07-18T14:14:54.154661" elapsed="0.285300"/>
</test>
<test id="s1-s1-t5" name="Validar conteudo" line="35">
<kw name="Teste de Tipos de Conteudo" owner="random-user-service">
<kw name="GET On Session" owner="RequestsLibrary">
<msg time="2024-07-18T14:14:54.538568" level="INFO">GET Request : url=https://randomuser.me/api 
 path_url=/api 
 headers={'User-Agent': 'python-requests/2.32.3', 'Accept-Encoding': 'gzip, deflate', 'Accept': '*/*', 'Connection': 'keep-alive'} 
 body=None 
 </msg>
<msg time="2024-07-18T14:14:54.538654" level="INFO">GET Response : url=https://randomuser.me/api 
 status=200, reason=OK 
 headers={'Date': 'Thu, 18 Jul 2024 14:14:54 GMT', 'Content-Type': 'application/json; charset=utf-8', 'Transfer-Encoding': 'chunked', 'Connection': 'keep-alive', 'X-Powered-By': 'Express', 'Access-Control-Allow-Origin': '*', 'Cache-Control': 'no-cache', 'ETag': 'W/"47e-m9z/RvZsVFPIsdKDqB2L1BdASIE"', 'Vary': 'Accept-Encoding', 'Content-Encoding': 'gzip', 'CF-Cache-Status': 'DYNAMIC', 'Report-To': '{"endpoints":[{"url":"https:\\/\\/a.nel.cloudflare.com\\/report\\/v4?s=UmlOqHuguGUzI1bP7m8c8egR2yPEhzxFosfRoP8%2BL6UFoYQL51S11G51MTmDDHsumekym7YYygeit%2BAb6LpvYSjqjlowUhww2cYPlK1i86I%2FqGR81Kd7t3RbLgObk4Gz"}],"group":"cf-nel","max_age":604800}', 'NEL': '{"success_fraction":0,"report_to":"cf-nel","max_age":604800}', 'Server': 'cloudflare', 'CF-RAY': '8a5314ae4f4b7bce-LAX', 'alt-svc': 'h3=":443"; ma=86400'} 
 body={"results":[{"gender":"male","name":{"title":"Mr","first":"Eli","last":"Wilson"},"location":{"street":{"number":2424,"name":"Colombo Street"},"city":"Gisborne","state":"Gisborne","country":"New Zealand","postcode":26847,"coordinates":{"latitude":"53.1248","longitude":"-20.7021"},"timezone":{"offset":"-7:00","description":"Mountain Time (US &amp; Canada)"}},"email":"eli.wilson@example.com","login":{"uuid":"4e332332-f235-4edd-8fde-4e88e9de698d","username":"ticklishtiger333","password":"vipers","salt":"7lnv512s","md5":"458c132c5d2e70cf25c6bf4fbba311d7","sha1":"ccb460dab5939074cdd4c111e0194069a5e595ac","sha256":"147847eb46ecdcd319cbdf37511ed3a5a5b13fcfd1ef707bff23d0b0e29bcae7"},"dob":{"date":"1997-02-22T06:08:13.873Z","age":27},"registered":{"date":"2013-03-01T03:36:29.930Z","age":11},"phone":"(958)-836-5833","cell":"(149)-468-8144","id":{"name":"","value":null},"picture":{"large":"https://randomuser.me/api/portraits/men/52.jpg","medium":"https://randomuser.me/api/portraits/med/men/52.jpg","thumbnail":"https://randomuser.me/api/portraits/thumb/men/52.jpg"},"nat":"NZ"}],"info":{"seed":"c79329225dd0a3e7","results":1,"page":1,"version":"1.4"}} 
 </msg>
<msg time="2024-07-18T14:14:54.538730" level="INFO">/opt/hostedtoolcache/Python/3.12.4/x64/lib/python3.12/site-packages/urllib3/connectionpool.py:1099: InsecureRequestWarning: Unverified HTTPS request is being made to host 'randomuser.me'. Adding certificate verification is strongly advised. See: https://urllib3.readthedocs.io/en/latest/advanced-usage.html#tls-warnings
  warnings.warn(</msg>
<msg time="2024-07-18T14:14:54.538856" level="INFO">${response} = &lt;Response [200]&gt;</msg>
<var>${response}</var>
<arg>consultarAPI</arg>
<arg>/api</arg>
<doc>Sends a GET request on a previously created HTTP Session.</doc>
<status status="PASS" start="2024-07-18T14:14:54.442503" elapsed="0.096404"/>
</kw>
<kw name="Set Variable" owner="BuiltIn">
<msg time="2024-07-18T14:14:54.540058" level="INFO">${json_data} = {'results': [{'gender': 'male', 'name': {'title': 'Mr', 'first': 'Eli', 'last': 'Wilson'}, 'location': {'street': {'number': 2424, 'name': 'Colombo Street'}, 'city': 'Gisborne', 'state': 'Gisborne', '...</msg>
<var>${json_data}</var>
<arg>${response.json()}</arg>
<doc>Returns the given values which can then be assigned to a variables.</doc>
<status status="PASS" start="2024-07-18T14:14:54.539487" elapsed="0.000600"/>
</kw>
<kw name="Set Variable" owner="BuiltIn">
<msg time="2024-07-18T14:14:54.540809" level="INFO">${name_title} = Mr</msg>
<var>${name_title}</var>
<arg>${json_data["results"][0]["name"]["title"]}</arg>
<doc>Returns the given values which can then be assigned to a variables.</doc>
<status status="PASS" start="2024-07-18T14:14:54.540392" elapsed="0.000447"/>
</kw>
<kw name="Create List" owner="BuiltIn">
<msg time="2024-07-18T14:14:54.541293" level="INFO">${allowed_titles} = ['Mr', 'Ms', 'Miss', 'Mrs', 'Madame', 'Monsieur']</msg>
<var>${allowed_titles}</var>
<arg>Mr</arg>
<arg>Ms</arg>
<arg>Miss</arg>
<arg>Mrs</arg>
<arg>Madame</arg>
<arg>Monsieur</arg>
<doc>Returns a list containing given items.</doc>
<status status="PASS" start="2024-07-18T14:14:54.541145" elapsed="0.000172"/>
</kw>
<kw name="List Should Contain Value" owner="Collections">
<arg>${allowed_titles}</arg>
<arg>${name_title}</arg>
<doc>Fails if the ``value`` is not found from ``list``.</doc>
<status status="PASS" start="2024-07-18T14:14:54.541613" elapsed="0.000172"/>
</kw>
<kw name="Set Variable" owner="BuiltIn">
<msg time="2024-07-18T14:14:54.542341" level="INFO">${name_country} = NZ</msg>
<var>${name_country}</var>
<arg>${json_data["results"][0]["nat"]}</arg>
<doc>Returns the given values which can then be assigned to a variables.</doc>
<status status="PASS" start="2024-07-18T14:14:54.541965" elapsed="0.000401"/>
</kw>
<kw name="Create List" owner="BuiltIn">
<msg time="2024-07-18T14:14:54.543242" level="INFO">${list_country} = ['AD', 'AE', 'AF', 'AG', 'AI', 'AL', 'AM', 'AO', 'AQ', 'AR', 'AS', 'AT', 'AU', 'AW', 'AX', 'AZ', 'BA', 'BB', 'BD', 'BE', 'BF', 'BG', 'BH', 'BI', 'BJ', 'BL', 'BM', 'BN', 'BO', 'BQ', 'BR', 'BS', 'BT', '...</msg>
<var>${list_country}</var>
<arg>AD</arg>
<arg>AE</arg>
<arg>AF</arg>
<arg>AG</arg>
<arg>AI</arg>
<arg>AL</arg>
<arg>AM</arg>
<arg>AO</arg>
<arg>AQ</arg>
<arg>AR</arg>
<arg>AS</arg>
<arg>AT</arg>
<arg>AU</arg>
<arg>AW</arg>
<arg>AX</arg>
<arg>AZ</arg>
<arg>BA</arg>
<arg>BB</arg>
<arg>BD</arg>
<arg>BE</arg>
<arg>BF</arg>
<arg>BG</arg>
<arg>BH</arg>
<arg>BI</arg>
<arg>BJ</arg>
<arg>BL</arg>
<arg>BM</arg>
<arg>BN</arg>
<arg>BO</arg>
<arg>BQ</arg>
<arg>BR</arg>
<arg>BS</arg>
<arg>BT</arg>
<arg>BV</arg>
<arg>BW</arg>
<arg>BY</arg>
<arg>BZ</arg>
<arg>CA</arg>
<arg>CC</arg>
<arg>CD</arg>
<arg>CF</arg>
<arg>CG</arg>
<arg>CH</arg>
<arg>CI</arg>
<arg>CK</arg>
<arg>CL</arg>
<arg>CM</arg>
<arg>CN</arg>
<arg>CO</arg>
<arg>CR</arg>
<arg>CU</arg>
<arg>CV</arg>
<arg>CW</arg>
<arg>CX</arg>
<arg>CY</arg>
<arg>CZ</arg>
<arg>DE</arg>
<arg>DJ</arg>
<arg>DK</arg>
<arg>DM</arg>
<arg>DO</arg>
<arg>DZ</arg>
<arg>EC</arg>
<arg>EE</arg>
<arg>EG</arg>
<arg>EH</arg>
<arg>ER</arg>
<arg>ES</arg>
<arg>ET</arg>
<arg>FI</arg>
<arg>FJ</arg>
<arg>FK</arg>
<arg>FM</arg>
<arg>FO</arg>
<arg>FR</arg>
<arg>GA</arg>
<arg>GB</arg>
<arg>GD</arg>
<arg>GE</arg>
<arg>GF</arg>
<arg>GG</arg>
<arg>GH</arg>
<arg>GI</arg>
<arg>GL</arg>
<arg>GM</arg>
<arg>GN</arg>
<arg>GP</arg>
<arg>GQ</arg>
<arg>GR</arg>
<arg>GS</arg>
<arg>GT</arg>
<arg>GU</arg>
<arg>GW</arg>
<arg>GY</arg>
<arg>HK</arg>
<arg>HM</arg>
<arg>HN</arg>
<arg>HR</arg>
<arg>HT</arg>
<arg>HU</arg>
<arg>ID</arg>
<arg>IE</arg>
<arg>IL</arg>
<arg>IM</arg>
<arg>IN</arg>
<arg>IO</arg>
<arg>IQ</arg>
<arg>IR</arg>
<arg>IS</arg>
<arg>IT</arg>
<arg>JE</arg>
<arg>JM</arg>
<arg>JO</arg>
<arg>JP</arg>
<arg>KE</arg>
<arg>KG</arg>
<arg>KH</arg>
<arg>KI</arg>
<arg>KM</arg>
<arg>KN</arg>
<arg>KP</arg>
<arg>KR</arg>
<arg>KW</arg>
<arg>KY</arg>
<arg>KZ</arg>
<arg>LA</arg>
<arg>LB</arg>
<arg>LC</arg>
<arg>LI</arg>
<arg>LK</arg>
<arg>LR</arg>
<arg>LS</arg>
<arg>LT</arg>
<arg>LU</arg>
<arg>LV</arg>
<arg>LY</arg>
<arg>MA</arg>
<arg>MC</arg>
<arg>MD</arg>
<arg>ME</arg>
<arg>MF</arg>
<arg>MG</arg>
<arg>MH</arg>
<arg>MK</arg>
<arg>ML</arg>
<arg>MM</arg>
<arg>MN</arg>
<arg>MO</arg>
<arg>MP</arg>
<arg>MQ</arg>
<arg>MR</arg>
<arg>MS</arg>
<arg>MT</arg>
<arg>MU</arg>
<arg>MV</arg>
<arg>MW</arg>
<arg>MX</arg>
<arg>MY</arg>
<arg>MZ</arg>
<arg>NA</arg>
<arg>NC</arg>
<arg>NE</arg>
<arg>NF</arg>
<arg>NG</arg>
<arg>NI</arg>
<arg>NL</arg>
<arg>NO</arg>
<arg>NP</arg>
<arg>NR</arg>
<arg>NU</arg>
<arg>NZ</arg>
<arg>OM</arg>
<arg>PA</arg>
<arg>PE</arg>
<arg>PF</arg>
<arg>PG</arg>
<arg>PH</arg>
<arg>PK</arg>
<arg>PL</arg>
<arg>PM</arg>
<arg>PN</arg>
<arg>PR</arg>
<arg>PS</arg>
<arg>PT</arg>
<arg>PW</arg>
<arg>PY</arg>
<arg>QA</arg>
<arg>RE</arg>
<arg>RO</arg>
<arg>RS</arg>
<arg>RU</arg>
<arg>RW</arg>
<arg>SA</arg>
<arg>SB</arg>
<arg>SC</arg>
<arg>SD</arg>
<arg>SE</arg>
<arg>SG</arg>
<arg>SH</arg>
<arg>SI</arg>
<arg>SJ</arg>
<arg>SK</arg>
<arg>SL</arg>
<arg>SM</arg>
<arg>SN</arg>
<arg>SO</arg>
<arg>SR</arg>
<arg>SS</arg>
<arg>ST</arg>
<arg>SV</arg>
<arg>SX</arg>
<arg>SY</arg>
<arg>SZ</arg>
<arg>TC</arg>
<arg>TD</arg>
<arg>TF</arg>
<arg>TG</arg>
<arg>TH</arg>
<arg>TJ</arg>
<arg>TK</arg>
<arg>TL</arg>
<arg>TM</arg>
<arg>TN</arg>
<arg>TO</arg>
<arg>TR</arg>
<arg>TT</arg>
<arg>TV</arg>
<arg>TW</arg>
<arg>TZ</arg>
<arg>UA</arg>
<arg>UG</arg>
<arg>UM</arg>
<arg>US</arg>
<arg>UY</arg>
<arg>UZ</arg>
<arg>VA</arg>
<arg>VC</arg>
<arg>VE</arg>
<arg>VG</arg>
<arg>VI</arg>
<arg>VN</arg>
<arg>VU</arg>
<arg>WF</arg>
<arg>WS</arg>
<arg>XK</arg>
<arg>YE</arg>
<arg>YT</arg>
<arg>ZA</arg>
<arg>ZM</arg>
<arg>ZW</arg>
<doc>Returns a list containing given items.</doc>
<status status="PASS" start="2024-07-18T14:14:54.542650" elapsed="0.000617"/>
</kw>
<kw name="List Should Contain Value" owner="Collections">
<arg>${list_country}</arg>
<arg>${name_country}</arg>
<doc>Fails if the ``value`` is not found from ``list``.</doc>
<status status="PASS" start="2024-07-18T14:14:54.544219" elapsed="0.000207"/>
</kw>
<kw name="Run Keyword If" owner="BuiltIn">
<kw name="Should Be True" owner="BuiltIn">
<arg>${True}</arg>
<doc>Fails if the given condition is not true.</doc>
<status status="PASS" start="2024-07-18T14:14:54.545409" elapsed="0.000143"/>
</kw>
<arg>${json_data["results"][0]["location"]["coordinates"]["latitude"]} &gt;= -90 and ${json_data["results"][0]["location"]["coordinates"]["latitude"]} &lt;= 90</arg>
<arg>Should Be True</arg>
<arg>${True}</arg>
<doc>Runs the given keyword with the given arguments, if ``condition`` is true.</doc>
<status status="PASS" start="2024-07-18T14:14:54.544626" elapsed="0.001052"/>
</kw>
<kw name="Run Keyword If" owner="BuiltIn">
<kw name="Should Be True" owner="BuiltIn">
<arg>${True}</arg>
<doc>Fails if the given condition is not true.</doc>
<status status="PASS" start="2024-07-18T14:14:54.546546" elapsed="0.000133"/>
</kw>
<arg>${json_data["results"][0]["location"]["coordinates"]["longitude"]} &gt;= -180 and ${json_data["results"][0]["location"]["coordinates"]["longitude"]} &lt;= 180</arg>
<arg>Should Be True</arg>
<arg>${True}</arg>
<doc>Runs the given keyword with the given arguments, if ``condition`` is true.</doc>
<status status="PASS" start="2024-07-18T14:14:54.545859" elapsed="0.000942"/>
</kw>
<status status="PASS" start="2024-07-18T14:14:54.442285" elapsed="0.104645"/>
</kw>
<doc>Testa o conteúdo específico dos campos retornados pela API.</doc>
<tag>testeConteudo</tag>
<status status="PASS" start="2024-07-18T14:14:54.441753" elapsed="0.105321"/>
</test>
<status status="PASS" start="2024-07-18T14:14:53.411523" elapsed="1.137554"/>
</suite>
<status status="PASS" start="2024-07-18T14:14:53.397309" elapsed="1.156760"/>
</suite>
<statistics>
<total>
<stat pass="5" fail="0" skip="0">All Tests</stat>
</total>
<tag>
<stat pass="1" fail="0" skip="0">testeConteudo</stat>
<stat pass="1" fail="0" skip="0">testeEstruturaResposta</stat>
<stat pass="1" fail="0" skip="0">testeRequisicaoBasica</stat>
<stat pass="1" fail="0" skip="0">testeTiposDados</stat>
</tag>
<suite>
<stat pass="5" fail="0" skip="0" id="s1" name="Tests">Tests</stat>
<stat pass="5" fail="0" skip="0" id="s1-s1" name="Random-User-Test">Tests.Random-User-Test</stat>
</suite>
</statistics>
<errors>
</errors>
</robot>
