<?xml version="1.0" encoding="UTF-8"?>
<robot generator="Robot 7.0.1 (Python 3.12.4 on linux)" generated="2024-07-01T08:19:46.525280" rpa="false" schemaversion="5">
<suite id="s1" name="Tests" source="/home/runner/work/ApiRandomUser/ApiRandomUser/RamdonUser/tests">
<suite id="s1-s1" name="Random-User-Test" source="/home/runner/work/ApiRandomUser/ApiRandomUser/RamdonUser/tests/random-user-test.robot">
<test id="s1-s1-t1" name="Conectar" line="13">
<kw name="Conectar API" owner="random-user-service">
<kw name="Create Session" owner="RequestsLibrary">
<msg time="2024-07-01T08:19:46.921005" level="INFO">Creating Session using : alias=consultarAPI, url=https://randomuser.me/, headers={},                     cookies={}, auth=None, timeout=None, proxies=None, verify=False,                     debug=0 </msg>
<arg>consultarAPI</arg>
<arg>${URL}</arg>
<doc>Create Session: create a HTTP session to a server</doc>
<status status="PASS" start="2024-07-01T08:19:46.920798" elapsed="0.000402"/>
</kw>
<status status="PASS" start="2024-07-01T08:19:46.919733" elapsed="0.001830"/>
</kw>
<status status="PASS" start="2024-07-01T08:19:46.919009" elapsed="0.002744"/>
</test>
<test id="s1-s1-t2" name="Validar retorno 200 e JSON Válido" line="16">
<kw name="Teste de Requisicao Basica" owner="random-user-service">
<kw name="GET On Session" owner="RequestsLibrary">
<msg time="2024-07-01T08:19:47.037805" level="INFO">GET Request : url=https://randomuser.me/api 
 path_url=/api 
 headers={'User-Agent': 'python-requests/2.32.3', 'Accept-Encoding': 'gzip, deflate', 'Accept': '*/*', 'Connection': 'keep-alive'} 
 body=None 
 </msg>
<msg time="2024-07-01T08:19:47.038021" level="INFO">GET Response : url=https://randomuser.me/api 
 status=200, reason=OK 
 headers={'Date': 'Mon, 01 Jul 2024 08:19:47 GMT', 'Content-Type': 'application/json; charset=utf-8', 'Transfer-Encoding': 'chunked', 'Connection': 'keep-alive', 'X-Powered-By': 'Express', 'Access-Control-Allow-Origin': '*', 'Cache-Control': 'no-cache', 'ETag': 'W/"46e-WW6Iu6pjWrBtu6iF+RKwccdHyqE"', 'Vary': 'Accept-Encoding', 'Content-Encoding': 'gzip', 'CF-Cache-Status': 'DYNAMIC', 'Report-To': '{"endpoints":[{"url":"https:\\/\\/a.nel.cloudflare.com\\/report\\/v4?s=kciGeh54ajA3heIftmZlc2FL9VwveezKK%2BTzE%2FsMx%2F29vQJw7Z%2BN0mtlZ7eY3a5mBSqXHnqqD6qIU1AzfA5JKOZL6IvpFcBTfdGMz5TV%2BWm5e0EjV89HxRCo7SxhUVnZ"}],"group":"cf-nel","max_age":604800}', 'NEL': '{"success_fraction":0,"report_to":"cf-nel","max_age":604800}', 'Server': 'cloudflare', 'CF-RAY': '89c4f91a6eeffaf4-SJC', 'alt-svc': 'h3=":443"; ma=86400'} 
 body={"results":[{"gender":"male","name":{"title":"Mr","first":"Krish","last":"Rajesh"},"location":{"street":{"number":1506,"name":"Kasturba Rd"},"city":"Alwar","state":"Rajasthan","country":"India","postcode":78186,"coordinates":{"latitude":"4.8508","longitude":"-107.1916"},"timezone":{"offset":"-2:00","description":"Mid-Atlantic"}},"email":"krish.rajesh@example.com","login":{"uuid":"8b6260dc-5b67-4641-a4dc-76285ecf30ff","username":"ticklishsnake522","password":"dingo","salt":"vUxCyqfy","md5":"6a2944f7f91b567173817693eefd5eb4","sha1":"79a3cb8781253fbd1f94869ee6377cdb03218e21","sha256":"38143e58f4fe3bd3dac5fb6768a1f83f0dec0ddc9b8fc71664d8c6afe81f2733"},"dob":{"date":"1968-03-28T06:36:53.396Z","age":56},"registered":{"date":"2005-10-16T08:55:58.012Z","age":18},"phone":"8979209920","cell":"9495630401","id":{"name":"UIDAI","value":"296963942428"},"picture":{"large":"https://randomuser.me/api/portraits/men/55.jpg","medium":"https://randomuser.me/api/portraits/med/men/55.jpg","thumbnail":"https://randomuser.me/api/portraits/thumb/men/55.jpg"},"nat":"IN"}],"info":{"seed":"f817053c9ac33a11","results":1,"page":1,"version":"1.4"}} 
 </msg>
<msg time="2024-07-01T08:19:47.038129" level="INFO">/opt/hostedtoolcache/Python/3.12.4/x64/lib/python3.12/site-packages/urllib3/connectionpool.py:1099: InsecureRequestWarning: Unverified HTTPS request is being made to host 'randomuser.me'. Adding certificate verification is strongly advised. See: https://urllib3.readthedocs.io/en/latest/advanced-usage.html#tls-warnings
  warnings.warn(</msg>
<msg time="2024-07-01T08:19:47.038307" level="INFO">${response} = &lt;Response [200]&gt;</msg>
<var>${response}</var>
<arg>consultarAPI</arg>
<arg>/api</arg>
<doc>Sends a GET request on a previously created HTTP Session.</doc>
<status status="PASS" start="2024-07-01T08:19:46.924735" elapsed="0.113629"/>
</kw>
<kw name="Should Be Equal As Numbers" owner="BuiltIn">
<msg time="2024-07-01T08:19:47.039450" level="INFO">Argument types are:
&lt;class 'int'&gt;
&lt;class 'str'&gt;</msg>
<arg>${response.status_code}</arg>
<arg>200</arg>
<doc>Fails if objects are unequal after converting them to real numbers.</doc>
<status status="PASS" start="2024-07-01T08:19:47.038939" elapsed="0.000578"/>
</kw>
<kw name="Log" owner="BuiltIn">
<msg time="2024-07-01T08:19:47.040225" level="INFO">200</msg>
<arg>${response.status_code}</arg>
<doc>Logs the given message with the given level.</doc>
<status status="PASS" start="2024-07-01T08:19:47.039844" elapsed="0.000424"/>
</kw>
<kw name="Set Variable" owner="BuiltIn">
<msg time="2024-07-01T08:19:47.041032" level="INFO">${json_data} = {'results': [{'gender': 'male', 'name': {'title': 'Mr', 'first': 'Krish', 'last': 'Rajesh'}, 'location': {'street': {'number': 1506, 'name': 'Kasturba Rd'}, 'city': 'Alwar', 'state': 'Rajasthan', 'cou...</msg>
<var>${json_data}</var>
<arg>${response.json()}</arg>
<doc>Returns the given values which can then be assigned to a variables.</doc>
<status status="PASS" start="2024-07-01T08:19:47.040573" elapsed="0.000487"/>
</kw>
<kw name="Dictionary Should Contain Key" owner="Collections">
<arg>${json_data}</arg>
<arg>results</arg>
<doc>Fails if ``key`` is not found from ``dictionary``.</doc>
<status status="PASS" start="2024-07-01T08:19:47.041355" elapsed="0.000166"/>
</kw>
<status status="PASS" start="2024-07-01T08:19:46.924370" elapsed="0.117303"/>
</kw>
<doc>Testa se a API responde corretamente e retorna um objeto JSON válido.</doc>
<tag>testeRequisicaoBasica</tag>
<status status="PASS" start="2024-07-01T08:19:46.923709" elapsed="0.118142"/>
</test>
<test id="s1-s1-t3" name="Validar estrutura de resposta" line="22">
<kw name="Teste de Estrutura de Resposta" owner="random-user-service">
<kw name="GET On Session" owner="RequestsLibrary">
<msg time="2024-07-01T08:19:47.141949" level="INFO">GET Request : url=https://randomuser.me/api 
 path_url=/api 
 headers={'User-Agent': 'python-requests/2.32.3', 'Accept-Encoding': 'gzip, deflate', 'Accept': '*/*', 'Connection': 'keep-alive'} 
 body=None 
 </msg>
<msg time="2024-07-01T08:19:47.142088" level="INFO">GET Response : url=https://randomuser.me/api 
 status=200, reason=OK 
 headers={'Date': 'Mon, 01 Jul 2024 08:19:47 GMT', 'Content-Type': 'application/json; charset=utf-8', 'Transfer-Encoding': 'chunked', 'Connection': 'keep-alive', 'X-Powered-By': 'Express', 'Access-Control-Allow-Origin': '*', 'Cache-Control': 'no-cache', 'ETag': 'W/"496-zYd6pQimzsmNplqzd1J9djeuw6o"', 'Vary': 'Accept-Encoding', 'Content-Encoding': 'gzip', 'CF-Cache-Status': 'DYNAMIC', 'Report-To': '{"endpoints":[{"url":"https:\\/\\/a.nel.cloudflare.com\\/report\\/v4?s=e5Hykqsa0hQud3nZHRLjg%2F6wMfSKXx5lUt0P2vu%2BjndzAf6DatP6yfUXa8lU5bDrW8uL4RNYjTnaOSf0vfGOHV7vFKSOKxardc8Je2G8xkoRqMSK3B274xs67gKok7W1"}],"group":"cf-nel","max_age":604800}', 'NEL': '{"success_fraction":0,"report_to":"cf-nel","max_age":604800}', 'Server': 'cloudflare', 'CF-RAY': '89c4f91b0f65faf4-SJC', 'alt-svc': 'h3=":443"; ma=86400'} 
 body={"results":[{"gender":"male","name":{"title":"Mr","first":"Brian","last":"Adams"},"location":{"street":{"number":508,"name":"Main Road"},"city":"Wolverhampton","state":"Dorset","country":"United Kingdom","postcode":"RJ84 5WN","coordinates":{"latitude":"-8.5807","longitude":"-83.3667"},"timezone":{"offset":"+9:00","description":"Tokyo, Seoul, Osaka, Sapporo, Yakutsk"}},"email":"brian.adams@example.com","login":{"uuid":"10e06f4b-a436-4cab-8c8d-c21c0a32ad5c","username":"lazyswan775","password":"shemale","salt":"OqozXOTV","md5":"2983daeacd775a0ee3a2f6b873f8850f","sha1":"1a4c7f03fc7578af750790a2a1aedf0a229e65c9","sha256":"275ed06608e6ba6ad3bae241bfd11f8c671f470691dd475c1dbcf6f05460ee9b"},"dob":{"date":"1953-05-20T04:42:52.865Z","age":71},"registered":{"date":"2004-08-18T17:21:29.008Z","age":19},"phone":"017687 47646","cell":"07071 306923","id":{"name":"NINO","value":"MB 12 02 99 P"},"picture":{"large":"https://randomuser.me/api/portraits/men/80.jpg","medium":"https://randomuser.me/api/portraits/med/men/80.jpg","thumbnail":"https://randomuser.me/api/portraits/thumb/men/80.jpg"},"nat":"GB"}],"info":{"seed":"2d6b4461b7065986","results":1,"page":1,"version":"1.4"}} 
 </msg>
<msg time="2024-07-01T08:19:47.142263" level="INFO">/opt/hostedtoolcache/Python/3.12.4/x64/lib/python3.12/site-packages/urllib3/connectionpool.py:1099: InsecureRequestWarning: Unverified HTTPS request is being made to host 'randomuser.me'. Adding certificate verification is strongly advised. See: https://urllib3.readthedocs.io/en/latest/advanced-usage.html#tls-warnings
  warnings.warn(</msg>
<msg time="2024-07-01T08:19:47.142412" level="INFO">${response} = &lt;Response [200]&gt;</msg>
<var>${response}</var>
<arg>consultarAPI</arg>
<arg>/api</arg>
<doc>Sends a GET request on a previously created HTTP Session.</doc>
<status status="PASS" start="2024-07-01T08:19:47.044521" elapsed="0.097934"/>
</kw>
<kw name="Set Variable" owner="BuiltIn">
<msg time="2024-07-01T08:19:47.143602" level="INFO">${json_data} = {'results': [{'gender': 'male', 'name': {'title': 'Mr', 'first': 'Brian', 'last': 'Adams'}, 'location': {'street': {'number': 508, 'name': 'Main Road'}, 'city': 'Wolverhampton', 'state': 'Dorset', 'co...</msg>
<var>${json_data}</var>
<arg>${response.json()}</arg>
<doc>Returns the given values which can then be assigned to a variables.</doc>
<status status="PASS" start="2024-07-01T08:19:47.142957" elapsed="0.000675"/>
</kw>
<kw name="Log" owner="BuiltIn">
<msg time="2024-07-01T08:19:47.144116" level="INFO">{'results': [{'gender': 'male', 'name': {'title': 'Mr', 'first': 'Brian', 'last': 'Adams'}, 'location': {'street': {'number': 508, 'name': 'Main Road'}, 'city': 'Wolverhampton', 'state': 'Dorset', 'country': 'United Kingdom', 'postcode': 'RJ84 5WN', 'coordinates': {'latitude': '-8.5807', 'longitude': '-83.3667'}, 'timezone': {'offset': '+9:00', 'description': 'Tokyo, Seoul, Osaka, Sapporo, Yakutsk'}}, 'email': 'brian.adams@example.com', 'login': {'uuid': '10e06f4b-a436-4cab-8c8d-c21c0a32ad5c', 'username': 'lazyswan775', 'password': 'shemale', 'salt': 'OqozXOTV', 'md5': '2983daeacd775a0ee3a2f6b873f8850f', 'sha1': '1a4c7f03fc7578af750790a2a1aedf0a229e65c9', 'sha256': '275ed06608e6ba6ad3bae241bfd11f8c671f470691dd475c1dbcf6f05460ee9b'}, 'dob': {'date': '1953-05-20T04:42:52.865Z', 'age': 71}, 'registered': {'date': '2004-08-18T17:21:29.008Z', 'age': 19}, 'phone': '017687 47646', 'cell': '07071 306923', 'id': {'name': 'NINO', 'value': 'MB 12 02 99 P'}, 'picture': {'large': 'https://randomuser.me/api/portraits/men/80.jpg', 'medium': 'https://randomuser.me/api/portraits/med/men/80.jpg', 'thumbnail': 'https://randomuser.me/api/portraits/thumb/men/80.jpg'}, 'nat': 'GB'}], 'info': {'seed': '2d6b4461b7065986', 'results': 1, 'page': 1, 'version': '1.4'}}</msg>
<arg>${json_data}</arg>
<doc>Logs the given message with the given level.</doc>
<status status="PASS" start="2024-07-01T08:19:47.143953" elapsed="0.000216"/>
</kw>
<kw name="Dictionary Should Contain Key" owner="Collections">
<arg>${json_data}</arg>
<arg>results</arg>
<doc>Fails if ``key`` is not found from ``dictionary``.</doc>
<status status="PASS" start="2024-07-01T08:19:47.144464" elapsed="0.000156"/>
</kw>
<kw name="Should Not Be Empty" owner="BuiltIn">
<msg time="2024-07-01T08:19:47.144932" level="INFO">Length is 2.</msg>
<arg>${json_data}</arg>
<doc>Verifies that the given item is not empty.</doc>
<status status="PASS" start="2024-07-01T08:19:47.144799" elapsed="0.000171"/>
</kw>
<kw name="Create List" owner="BuiltIn">
<msg time="2024-07-01T08:19:47.145572" level="INFO">${expected_keys} = ['gender', 'name', 'location', 'email', 'login']</msg>
<var>${expected_keys}</var>
<arg>gender</arg>
<arg>name</arg>
<arg>location</arg>
<arg>email</arg>
<arg>login</arg>
<doc>Returns a list containing given items.</doc>
<status status="PASS" start="2024-07-01T08:19:47.145266" elapsed="0.000331"/>
</kw>
<for flavor="IN">
<iter>
<kw name="Dictionary Should Contain Key" owner="Collections">
<arg>${json_data['results'][0]}</arg>
<arg>${key}</arg>
<doc>Fails if ``key`` is not found from ``dictionary``.</doc>
<status status="PASS" start="2024-07-01T08:19:47.146200" elapsed="0.000394"/>
</kw>
<kw name="Log" owner="BuiltIn">
<msg time="2024-07-01T08:19:47.147138" level="INFO">{'gender': 'male', 'name': {'title': 'Mr', 'first': 'Brian', 'last': 'Adams'}, 'location': {'street': {'number': 508, 'name': 'Main Road'}, 'city': 'Wolverhampton', 'state': 'Dorset', 'country': 'United Kingdom', 'postcode': 'RJ84 5WN', 'coordinates': {'latitude': '-8.5807', 'longitude': '-83.3667'}, 'timezone': {'offset': '+9:00', 'description': 'Tokyo, Seoul, Osaka, Sapporo, Yakutsk'}}, 'email': 'brian.adams@example.com', 'login': {'uuid': '10e06f4b-a436-4cab-8c8d-c21c0a32ad5c', 'username': 'lazyswan775', 'password': 'shemale', 'salt': 'OqozXOTV', 'md5': '2983daeacd775a0ee3a2f6b873f8850f', 'sha1': '1a4c7f03fc7578af750790a2a1aedf0a229e65c9', 'sha256': '275ed06608e6ba6ad3bae241bfd11f8c671f470691dd475c1dbcf6f05460ee9b'}, 'dob': {'date': '1953-05-20T04:42:52.865Z', 'age': 71}, 'registered': {'date': '2004-08-18T17:21:29.008Z', 'age': 19}, 'phone': '017687 47646', 'cell': '07071 306923', 'id': {'name': 'NINO', 'value': 'MB 12 02 99 P'}, 'picture': {'large': 'https://randomuser.me/api/portraits/men/80.jpg', 'medium': 'https://randomuser.me/api/portraits/med/men/80.jpg', 'thumbnail': 'https://randomuser.me/api/portraits/thumb/men/80.jpg'}, 'nat': 'GB'}</msg>
<arg>${json_data['results'][0]}</arg>
<doc>Logs the given message with the given level.</doc>
<status status="PASS" start="2024-07-01T08:19:47.146778" elapsed="0.000409"/>
</kw>
<kw name="Log" owner="BuiltIn">
<msg time="2024-07-01T08:19:47.147610" level="INFO">gender</msg>
<arg>${key}</arg>
<doc>Logs the given message with the given level.</doc>
<status status="PASS" start="2024-07-01T08:19:47.147482" elapsed="0.000165"/>
</kw>
<var name="${key}">gender</var>
<status status="PASS" start="2024-07-01T08:19:47.146075" elapsed="0.001786"/>
</iter>
<iter>
<kw name="Dictionary Should Contain Key" owner="Collections">
<arg>${json_data['results'][0]}</arg>
<arg>${key}</arg>
<doc>Fails if ``key`` is not found from ``dictionary``.</doc>
<status status="PASS" start="2024-07-01T08:19:47.148153" elapsed="0.000389"/>
</kw>
<kw name="Log" owner="BuiltIn">
<msg time="2024-07-01T08:19:47.149079" level="INFO">{'gender': 'male', 'name': {'title': 'Mr', 'first': 'Brian', 'last': 'Adams'}, 'location': {'street': {'number': 508, 'name': 'Main Road'}, 'city': 'Wolverhampton', 'state': 'Dorset', 'country': 'United Kingdom', 'postcode': 'RJ84 5WN', 'coordinates': {'latitude': '-8.5807', 'longitude': '-83.3667'}, 'timezone': {'offset': '+9:00', 'description': 'Tokyo, Seoul, Osaka, Sapporo, Yakutsk'}}, 'email': 'brian.adams@example.com', 'login': {'uuid': '10e06f4b-a436-4cab-8c8d-c21c0a32ad5c', 'username': 'lazyswan775', 'password': 'shemale', 'salt': 'OqozXOTV', 'md5': '2983daeacd775a0ee3a2f6b873f8850f', 'sha1': '1a4c7f03fc7578af750790a2a1aedf0a229e65c9', 'sha256': '275ed06608e6ba6ad3bae241bfd11f8c671f470691dd475c1dbcf6f05460ee9b'}, 'dob': {'date': '1953-05-20T04:42:52.865Z', 'age': 71}, 'registered': {'date': '2004-08-18T17:21:29.008Z', 'age': 19}, 'phone': '017687 47646', 'cell': '07071 306923', 'id': {'name': 'NINO', 'value': 'MB 12 02 99 P'}, 'picture': {'large': 'https://randomuser.me/api/portraits/men/80.jpg', 'medium': 'https://randomuser.me/api/portraits/med/men/80.jpg', 'thumbnail': 'https://randomuser.me/api/portraits/thumb/men/80.jpg'}, 'nat': 'GB'}</msg>
<arg>${json_data['results'][0]}</arg>
<doc>Logs the given message with the given level.</doc>
<status status="PASS" start="2024-07-01T08:19:47.148721" elapsed="0.000438"/>
</kw>
<kw name="Log" owner="BuiltIn">
<msg time="2024-07-01T08:19:47.149582" level="INFO">name</msg>
<arg>${key}</arg>
<doc>Logs the given message with the given level.</doc>
<status status="PASS" start="2024-07-01T08:19:47.149455" elapsed="0.000164"/>
</kw>
<var name="${key}">name</var>
<status status="PASS" start="2024-07-01T08:19:47.148042" elapsed="0.001791"/>
</iter>
<iter>
<kw name="Dictionary Should Contain Key" owner="Collections">
<arg>${json_data['results'][0]}</arg>
<arg>${key}</arg>
<doc>Fails if ``key`` is not found from ``dictionary``.</doc>
<status status="PASS" start="2024-07-01T08:19:47.150137" elapsed="0.000375"/>
</kw>
<kw name="Log" owner="BuiltIn">
<msg time="2024-07-01T08:19:47.151073" level="INFO">{'gender': 'male', 'name': {'title': 'Mr', 'first': 'Brian', 'last': 'Adams'}, 'location': {'street': {'number': 508, 'name': 'Main Road'}, 'city': 'Wolverhampton', 'state': 'Dorset', 'country': 'United Kingdom', 'postcode': 'RJ84 5WN', 'coordinates': {'latitude': '-8.5807', 'longitude': '-83.3667'}, 'timezone': {'offset': '+9:00', 'description': 'Tokyo, Seoul, Osaka, Sapporo, Yakutsk'}}, 'email': 'brian.adams@example.com', 'login': {'uuid': '10e06f4b-a436-4cab-8c8d-c21c0a32ad5c', 'username': 'lazyswan775', 'password': 'shemale', 'salt': 'OqozXOTV', 'md5': '2983daeacd775a0ee3a2f6b873f8850f', 'sha1': '1a4c7f03fc7578af750790a2a1aedf0a229e65c9', 'sha256': '275ed06608e6ba6ad3bae241bfd11f8c671f470691dd475c1dbcf6f05460ee9b'}, 'dob': {'date': '1953-05-20T04:42:52.865Z', 'age': 71}, 'registered': {'date': '2004-08-18T17:21:29.008Z', 'age': 19}, 'phone': '017687 47646', 'cell': '07071 306923', 'id': {'name': 'NINO', 'value': 'MB 12 02 99 P'}, 'picture': {'large': 'https://randomuser.me/api/portraits/men/80.jpg', 'medium': 'https://randomuser.me/api/portraits/med/men/80.jpg', 'thumbnail': 'https://randomuser.me/api/portraits/thumb/men/80.jpg'}, 'nat': 'GB'}</msg>
<arg>${json_data['results'][0]}</arg>
<doc>Logs the given message with the given level.</doc>
<status status="PASS" start="2024-07-01T08:19:47.150690" elapsed="0.000455"/>
</kw>
<kw name="Log" owner="BuiltIn">
<msg time="2024-07-01T08:19:47.151589" level="INFO">location</msg>
<arg>${key}</arg>
<doc>Logs the given message with the given level.</doc>
<status status="PASS" start="2024-07-01T08:19:47.151461" elapsed="0.000165"/>
</kw>
<var name="${key}">location</var>
<status status="PASS" start="2024-07-01T08:19:47.150029" elapsed="0.001810"/>
</iter>
<iter>
<kw name="Dictionary Should Contain Key" owner="Collections">
<arg>${json_data['results'][0]}</arg>
<arg>${key}</arg>
<doc>Fails if ``key`` is not found from ``dictionary``.</doc>
<status status="PASS" start="2024-07-01T08:19:47.152112" elapsed="0.000386"/>
</kw>
<kw name="Log" owner="BuiltIn">
<msg time="2024-07-01T08:19:47.153024" level="INFO">{'gender': 'male', 'name': {'title': 'Mr', 'first': 'Brian', 'last': 'Adams'}, 'location': {'street': {'number': 508, 'name': 'Main Road'}, 'city': 'Wolverhampton', 'state': 'Dorset', 'country': 'United Kingdom', 'postcode': 'RJ84 5WN', 'coordinates': {'latitude': '-8.5807', 'longitude': '-83.3667'}, 'timezone': {'offset': '+9:00', 'description': 'Tokyo, Seoul, Osaka, Sapporo, Yakutsk'}}, 'email': 'brian.adams@example.com', 'login': {'uuid': '10e06f4b-a436-4cab-8c8d-c21c0a32ad5c', 'username': 'lazyswan775', 'password': 'shemale', 'salt': 'OqozXOTV', 'md5': '2983daeacd775a0ee3a2f6b873f8850f', 'sha1': '1a4c7f03fc7578af750790a2a1aedf0a229e65c9', 'sha256': '275ed06608e6ba6ad3bae241bfd11f8c671f470691dd475c1dbcf6f05460ee9b'}, 'dob': {'date': '1953-05-20T04:42:52.865Z', 'age': 71}, 'registered': {'date': '2004-08-18T17:21:29.008Z', 'age': 19}, 'phone': '017687 47646', 'cell': '07071 306923', 'id': {'name': 'NINO', 'value': 'MB 12 02 99 P'}, 'picture': {'large': 'https://randomuser.me/api/portraits/men/80.jpg', 'medium': 'https://randomuser.me/api/portraits/med/men/80.jpg', 'thumbnail': 'https://randomuser.me/api/portraits/thumb/men/80.jpg'}, 'nat': 'GB'}</msg>
<arg>${json_data['results'][0]}</arg>
<doc>Logs the given message with the given level.</doc>
<status status="PASS" start="2024-07-01T08:19:47.152678" elapsed="0.000394"/>
</kw>
<kw name="Log" owner="BuiltIn">
<msg time="2024-07-01T08:19:47.153489" level="INFO">email</msg>
<arg>${key}</arg>
<doc>Logs the given message with the given level.</doc>
<status status="PASS" start="2024-07-01T08:19:47.153366" elapsed="0.000162"/>
</kw>
<var name="${key}">email</var>
<status status="PASS" start="2024-07-01T08:19:47.152006" elapsed="0.001737"/>
</iter>
<iter>
<kw name="Dictionary Should Contain Key" owner="Collections">
<arg>${json_data['results'][0]}</arg>
<arg>${key}</arg>
<doc>Fails if ``key`` is not found from ``dictionary``.</doc>
<status status="PASS" start="2024-07-01T08:19:47.154047" elapsed="0.000375"/>
</kw>
<kw name="Log" owner="BuiltIn">
<msg time="2024-07-01T08:19:47.154950" level="INFO">{'gender': 'male', 'name': {'title': 'Mr', 'first': 'Brian', 'last': 'Adams'}, 'location': {'street': {'number': 508, 'name': 'Main Road'}, 'city': 'Wolverhampton', 'state': 'Dorset', 'country': 'United Kingdom', 'postcode': 'RJ84 5WN', 'coordinates': {'latitude': '-8.5807', 'longitude': '-83.3667'}, 'timezone': {'offset': '+9:00', 'description': 'Tokyo, Seoul, Osaka, Sapporo, Yakutsk'}}, 'email': 'brian.adams@example.com', 'login': {'uuid': '10e06f4b-a436-4cab-8c8d-c21c0a32ad5c', 'username': 'lazyswan775', 'password': 'shemale', 'salt': 'OqozXOTV', 'md5': '2983daeacd775a0ee3a2f6b873f8850f', 'sha1': '1a4c7f03fc7578af750790a2a1aedf0a229e65c9', 'sha256': '275ed06608e6ba6ad3bae241bfd11f8c671f470691dd475c1dbcf6f05460ee9b'}, 'dob': {'date': '1953-05-20T04:42:52.865Z', 'age': 71}, 'registered': {'date': '2004-08-18T17:21:29.008Z', 'age': 19}, 'phone': '017687 47646', 'cell': '07071 306923', 'id': {'name': 'NINO', 'value': 'MB 12 02 99 P'}, 'picture': {'large': 'https://randomuser.me/api/portraits/men/80.jpg', 'medium': 'https://randomuser.me/api/portraits/med/men/80.jpg', 'thumbnail': 'https://randomuser.me/api/portraits/thumb/men/80.jpg'}, 'nat': 'GB'}</msg>
<arg>${json_data['results'][0]}</arg>
<doc>Logs the given message with the given level.</doc>
<status status="PASS" start="2024-07-01T08:19:47.154600" elapsed="0.000396"/>
</kw>
<kw name="Log" owner="BuiltIn">
<msg time="2024-07-01T08:19:47.155409" level="INFO">login</msg>
<arg>${key}</arg>
<doc>Logs the given message with the given level.</doc>
<status status="PASS" start="2024-07-01T08:19:47.155284" elapsed="0.000162"/>
</kw>
<var name="${key}">login</var>
<status status="PASS" start="2024-07-01T08:19:47.153929" elapsed="0.001729"/>
</iter>
<var>${key}</var>
<value>@{expected_keys}</value>
<status status="PASS" start="2024-07-01T08:19:47.145857" elapsed="0.009921"/>
</for>
<kw name="Create List" owner="BuiltIn">
<msg time="2024-07-01T08:19:47.156098" level="INFO">${expected_keysTwo} = ['username', 'password']</msg>
<var>${expected_keysTwo}</var>
<arg>username</arg>
<arg>password</arg>
<doc>Returns a list containing given items.</doc>
<status status="PASS" start="2024-07-01T08:19:47.155962" elapsed="0.000187"/>
</kw>
<for flavor="IN">
<iter>
<kw name="Dictionary Should Contain Key" owner="Collections">
<arg>${json_data['results'][0]['login']}</arg>
<arg>${keyTwo}</arg>
<doc>Fails if ``key`` is not found from ``dictionary``.</doc>
<status status="PASS" start="2024-07-01T08:19:47.156657" elapsed="0.000384"/>
</kw>
<kw name="Dictionary Should Contain Key" owner="Collections">
<arg>${json_data['results'][0]['login']}</arg>
<arg>${keyTwo}</arg>
<doc>Fails if ``key`` is not found from ``dictionary``.</doc>
<status status="PASS" start="2024-07-01T08:19:47.157221" elapsed="0.000382"/>
</kw>
<kw name="Log" owner="BuiltIn">
<msg time="2024-07-01T08:19:47.157900" level="INFO">username</msg>
<arg>${keyTwo}</arg>
<doc>Logs the given message with the given level.</doc>
<status status="PASS" start="2024-07-01T08:19:47.157781" elapsed="0.000178"/>
</kw>
<var name="${keyTwo}">username</var>
<status status="PASS" start="2024-07-01T08:19:47.156552" elapsed="0.001629"/>
</iter>
<iter>
<kw name="Dictionary Should Contain Key" owner="Collections">
<arg>${json_data['results'][0]['login']}</arg>
<arg>${keyTwo}</arg>
<doc>Fails if ``key`` is not found from ``dictionary``.</doc>
<status status="PASS" start="2024-07-01T08:19:47.158455" elapsed="0.000392"/>
</kw>
<kw name="Dictionary Should Contain Key" owner="Collections">
<arg>${json_data['results'][0]['login']}</arg>
<arg>${keyTwo}</arg>
<doc>Fails if ``key`` is not found from ``dictionary``.</doc>
<status status="PASS" start="2024-07-01T08:19:47.159022" elapsed="0.000366"/>
</kw>
<kw name="Log" owner="BuiltIn">
<msg time="2024-07-01T08:19:47.159677" level="INFO">password</msg>
<arg>${keyTwo}</arg>
<doc>Logs the given message with the given level.</doc>
<status status="PASS" start="2024-07-01T08:19:47.159561" elapsed="0.000157"/>
</kw>
<var name="${keyTwo}">password</var>
<status status="PASS" start="2024-07-01T08:19:47.158350" elapsed="0.001678"/>
</iter>
<var>${keyTwo}</var>
<value>@{expected_keysTwo}</value>
<status status="PASS" start="2024-07-01T08:19:47.156403" elapsed="0.003746"/>
</for>
<status status="PASS" start="2024-07-01T08:19:47.044283" elapsed="0.116003"/>
</kw>
<doc>Testa a estrutura da resposta da API.</doc>
<tag>testeEstruturaResposta</tag>
<status status="PASS" start="2024-07-01T08:19:47.043743" elapsed="0.116697"/>
</test>
<test id="s1-s1-t4" name="Validar tipos de dados" line="28">
<kw name="Teste de Tipos de Dados" owner="random-user-service">
<kw name="GET On Session" owner="RequestsLibrary">
<msg time="2024-07-01T08:19:47.251124" level="INFO">GET Request : url=https://randomuser.me/api 
 path_url=/api 
 headers={'User-Agent': 'python-requests/2.32.3', 'Accept-Encoding': 'gzip, deflate', 'Accept': '*/*', 'Connection': 'keep-alive'} 
 body=None 
 </msg>
<msg time="2024-07-01T08:19:47.251208" level="INFO">GET Response : url=https://randomuser.me/api 
 status=200, reason=OK 
 headers={'Date': 'Mon, 01 Jul 2024 08:19:47 GMT', 'Content-Type': 'application/json; charset=utf-8', 'Transfer-Encoding': 'chunked', 'Connection': 'keep-alive', 'X-Powered-By': 'Express', 'Access-Control-Allow-Origin': '*', 'Cache-Control': 'no-cache', 'ETag': 'W/"479-d2/NVA1XtY+xzssJiuYkAI4XcOo"', 'Vary': 'Accept-Encoding', 'Content-Encoding': 'gzip', 'CF-Cache-Status': 'DYNAMIC', 'Report-To': '{"endpoints":[{"url":"https:\\/\\/a.nel.cloudflare.com\\/report\\/v4?s=79Kesx%2F18bbtEOm0QKegmqxbuzFyg8FYEOqeTIhuJ2nsE%2FqPFojFMEu3at8hkFsR8Qql7BLwnx%2F55w0V%2BKzGYLkI3ebDgHX%2FpL7Lb1%2BeW63E%2FxhGX5sh5j6jijzKb%2F8z"}],"group":"cf-nel","max_age":604800}', 'NEL': '{"success_fraction":0,"report_to":"cf-nel","max_age":604800}', 'Server': 'cloudflare', 'CF-RAY': '89c4f91bcff7faf4-SJC', 'alt-svc': 'h3=":443"; ma=86400'} 
 body={"results":[{"gender":"male","name":{"title":"Mr","first":"Omar","last":"Murillo"},"location":{"street":{"number":5122,"name":"Callejón Sur Pulido"},"city":"Nextlalpan","state":"Campeche","country":"Mexico","postcode":30981,"coordinates":{"latitude":"25.8267","longitude":"-81.2134"},"timezone":{"offset":"+3:30","description":"Tehran"}},"email":"omar.murillo@example.com","login":{"uuid":"b9983813-fa6e-4eab-887d-918047e68e1c","username":"heavyswan659","password":"kilroy","salt":"7PA36NUq","md5":"3d05ca01a519ec88472797f9c7c34250","sha1":"1caa40181b50d8033501270f2cb49a4fbc7c0a45","sha256":"fd91e87cefaa8abdc36970ee4d82a0fd890793a17ebf6c59cc49414a614b897c"},"dob":{"date":"1951-03-07T10:38:15.676Z","age":73},"registered":{"date":"2013-04-07T23:20:46.226Z","age":11},"phone":"(624) 945 9172","cell":"(650) 147 6686","id":{"name":"NSS","value":"13 98 93 6520 7"},"picture":{"large":"https://randomuser.me/api/portraits/men/0.jpg","medium":"https://randomuser.me/api/portraits/med/men/0.jpg","thumbnail":"https://randomuser.me/api/portraits/thumb/men/0.jpg"},"nat":"MX"}],"info":{"seed":"75d312d6daba8a50","results":1,"page":1,"version":"1.4"}} 
 </msg>
<msg time="2024-07-01T08:19:47.251282" level="INFO">/opt/hostedtoolcache/Python/3.12.4/x64/lib/python3.12/site-packages/urllib3/connectionpool.py:1099: InsecureRequestWarning: Unverified HTTPS request is being made to host 'randomuser.me'. Adding certificate verification is strongly advised. See: https://urllib3.readthedocs.io/en/latest/advanced-usage.html#tls-warnings
  warnings.warn(</msg>
<msg time="2024-07-01T08:19:47.251405" level="INFO">${response} = &lt;Response [200]&gt;</msg>
<var>${response}</var>
<arg>consultarAPI</arg>
<arg>/api</arg>
<doc>Sends a GET request on a previously created HTTP Session.</doc>
<status status="PASS" start="2024-07-01T08:19:47.163046" elapsed="0.088403"/>
</kw>
<kw name="Set Variable" owner="BuiltIn">
<msg time="2024-07-01T08:19:47.252405" level="INFO">${json_data} = {'results': [{'gender': 'male', 'name': {'title': 'Mr', 'first': 'Omar', 'last': 'Murillo'}, 'location': {'street': {'number': 5122, 'name': 'Callejón Sur Pulido'}, 'city': 'Nextlalpan', 'state': 'Cam...</msg>
<var>${json_data}</var>
<arg>${response.json()}</arg>
<doc>Returns the given values which can then be assigned to a variables.</doc>
<status status="PASS" start="2024-07-01T08:19:47.251874" elapsed="0.000562"/>
</kw>
<kw name="Log" owner="BuiltIn">
<msg time="2024-07-01T08:19:47.252896" level="INFO">{'results': [{'gender': 'male', 'name': {'title': 'Mr', 'first': 'Omar', 'last': 'Murillo'}, 'location': {'street': {'number': 5122, 'name': 'Callejón Sur Pulido'}, 'city': 'Nextlalpan', 'state': 'Campeche', 'country': 'Mexico', 'postcode': 30981, 'coordinates': {'latitude': '25.8267', 'longitude': '-81.2134'}, 'timezone': {'offset': '+3:30', 'description': 'Tehran'}}, 'email': 'omar.murillo@example.com', 'login': {'uuid': 'b9983813-fa6e-4eab-887d-918047e68e1c', 'username': 'heavyswan659', 'password': 'kilroy', 'salt': '7PA36NUq', 'md5': '3d05ca01a519ec88472797f9c7c34250', 'sha1': '1caa40181b50d8033501270f2cb49a4fbc7c0a45', 'sha256': 'fd91e87cefaa8abdc36970ee4d82a0fd890793a17ebf6c59cc49414a614b897c'}, 'dob': {'date': '1951-03-07T10:38:15.676Z', 'age': 73}, 'registered': {'date': '2013-04-07T23:20:46.226Z', 'age': 11}, 'phone': '(624) 945 9172', 'cell': '(650) 147 6686', 'id': {'name': 'NSS', 'value': '13 98 93 6520 7'}, 'picture': {'large': 'https://randomuser.me/api/portraits/men/0.jpg', 'medium': 'https://randomuser.me/api/portraits/med/men/0.jpg', 'thumbnail': 'https://randomuser.me/api/portraits/thumb/men/0.jpg'}, 'nat': 'MX'}], 'info': {'seed': '75d312d6daba8a50', 'results': 1, 'page': 1, 'version': '1.4'}}</msg>
<arg>${json_data}</arg>
<doc>Logs the given message with the given level.</doc>
<status status="PASS" start="2024-07-01T08:19:47.252739" elapsed="0.000205"/>
</kw>
<kw name="Should Be String" owner="String">
<arg>${json_data['results'][0]['gender']}</arg>
<doc>Fails if the given ``item`` is not a string.</doc>
<status status="PASS" start="2024-07-01T08:19:47.253231" elapsed="0.000362"/>
</kw>
<kw name="Should Match Regexp" owner="BuiltIn">
<arg>${json_data['results'][0]['email']}</arg>
<arg>^[a-zA-Z0-9._%+-]+@[a-zA-Z0-9.-]+\.[a-zA-Z]{2,}$</arg>
<doc>Fails if ``string`` does not match ``pattern`` as a regular expression.</doc>
<status status="PASS" start="2024-07-01T08:19:47.253776" elapsed="0.000538"/>
</kw>
<kw name="Should Match Regexp" owner="BuiltIn">
<arg>${json_data['results'][0]['dob']['date']}</arg>
<arg>\\d{4}-\\d{2}-\\d{2}T\\d{2}:\\d{2}:\\d{2}\\.\\d{3}Z</arg>
<doc>Fails if ``string`` does not match ``pattern`` as a regular expression.</doc>
<status status="PASS" start="2024-07-01T08:19:47.254541" elapsed="0.000489"/>
</kw>
<kw name="Should Match Regexp" owner="BuiltIn">
<arg>${json_data['results'][0]['registered']['date']}</arg>
<arg>\\d{4}-\\d{2}-\\d{2}T\\d{2}:\\d{2}:\\d{2}\\.\\d{3}Z</arg>
<doc>Fails if ``string`` does not match ``pattern`` as a regular expression.</doc>
<status status="PASS" start="2024-07-01T08:19:47.255217" elapsed="0.000362"/>
</kw>
<kw name="Should Match Regexp" owner="BuiltIn">
<arg>${json_data['results'][0]['picture']['large']}</arg>
<arg>^https?://.*\.(?:png|jpe?g|gif|bmp)$</arg>
<doc>Fails if ``string`` does not match ``pattern`` as a regular expression.</doc>
<status status="PASS" start="2024-07-01T08:19:47.255760" elapsed="0.000449"/>
</kw>
<kw name="Should Match Regexp" owner="BuiltIn">
<arg>${json_data['results'][0]['picture']['medium']}</arg>
<arg>^https?://.*\.(?:png|jpe?g|gif|bmp)$</arg>
<doc>Fails if ``string`` does not match ``pattern`` as a regular expression.</doc>
<status status="PASS" start="2024-07-01T08:19:47.256392" elapsed="0.000345"/>
</kw>
<kw name="Should Match Regexp" owner="BuiltIn">
<arg>${json_data['results'][0]['picture']['thumbnail']}</arg>
<arg>^https?://.*\.(?:png|jpe?g|gif|bmp)$</arg>
<doc>Fails if ``string`` does not match ``pattern`` as a regular expression.</doc>
<status status="PASS" start="2024-07-01T08:19:47.256914" elapsed="0.000341"/>
</kw>
<kw name="Log" owner="BuiltIn">
<msg time="2024-07-01T08:19:47.257758" level="INFO">{'large': 'https://randomuser.me/api/portraits/men/0.jpg', 'medium': 'https://randomuser.me/api/portraits/med/men/0.jpg', 'thumbnail': 'https://randomuser.me/api/portraits/thumb/men/0.jpg'}</msg>
<arg>${json_data['results'][0]['picture']}</arg>
<doc>Logs the given message with the given level.</doc>
<status status="PASS" start="2024-07-01T08:19:47.257434" elapsed="0.000365"/>
</kw>
<status status="PASS" start="2024-07-01T08:19:47.162825" elapsed="0.095245"/>
</kw>
<kw name="Teste de Tipos de Dados - Postcode" owner="random-user-service">
<kw name="GET On Session" owner="RequestsLibrary">
<msg time="2024-07-01T08:19:47.551594" level="INFO">GET Request : url=https://randomuser.me/api 
 path_url=/api 
 headers={'User-Agent': 'python-requests/2.32.3', 'Accept-Encoding': 'gzip, deflate', 'Accept': '*/*', 'Connection': 'keep-alive'} 
 body=None 
 </msg>
<msg time="2024-07-01T08:19:47.551714" level="INFO">GET Response : url=https://randomuser.me/api 
 status=200, reason=OK 
 headers={'Date': 'Mon, 01 Jul 2024 08:19:47 GMT', 'Content-Type': 'application/json; charset=utf-8', 'Transfer-Encoding': 'chunked', 'Connection': 'keep-alive', 'X-Powered-By': 'Express', 'Access-Control-Allow-Origin': '*', 'Cache-Control': 'no-cache', 'ETag': 'W/"497-f8U4M2GFKipoOuY44xd8iMGeePw"', 'Vary': 'Accept-Encoding', 'Content-Encoding': 'gzip', 'CF-Cache-Status': 'DYNAMIC', 'Report-To': '{"endpoints":[{"url":"https:\\/\\/a.nel.cloudflare.com\\/report\\/v4?s=U5VG%2BHRy2SiAwZUSDlKNjfEd6fxzSDRE2h2LjV5V%2B1caN8G4387bXjC%2BkNQwdy7%2BDFagf7IsZE9FCHD2O9r1vXrFdhd9T3aq1hWtoY5aQfsLU2Zw9UsF7a3Kw56uVrwq"}],"group":"cf-nel","max_age":604800}', 'NEL': '{"success_fraction":0,"report_to":"cf-nel","max_age":604800}', 'Server': 'cloudflare', 'CF-RAY': '89c4f91c685bfaf4-SJC', 'alt-svc': 'h3=":443"; ma=86400'} 
 body={"results":[{"gender":"male","name":{"title":"Mr","first":"Jesús","last":"Chavarría"},"location":{"street":{"number":3444,"name":"Avenida Yucatán"},"city":"Belén del Refugio","state":"San Luis Potosí","country":"Mexico","postcode":83025,"coordinates":{"latitude":"26.4666","longitude":"-174.7954"},"timezone":{"offset":"-10:00","description":"Hawaii"}},"email":"jesus.chavarria@example.com","login":{"uuid":"731521bc-1843-4998-aa46-065829f91ac7","username":"browngorilla114","password":"notredam","salt":"eHqpJLHy","md5":"84b0355d8de168c0d981d725b9d0faa3","sha1":"1296db2adfc539f577c2767d08857d4489cc11b4","sha256":"aea502bbb25b0a039d8bce1732bf453509f16fe82a54b5e60d6e7fdf73ef93b8"},"dob":{"date":"1967-01-19T07:56:14.931Z","age":57},"registered":{"date":"2009-09-02T21:26:40.368Z","age":14},"phone":"(616) 950 6744","cell":"(695) 065 0215","id":{"name":"NSS","value":"03 90 48 9345 4"},"picture":{"large":"https://randomuser.me/api/portraits/men/55.jpg","medium":"https://randomuser.me/api/portraits/med/men/55.jpg","thumbnail":"https://randomuser.me/api/portraits/thumb/men/55.jpg"},"nat":"MX"}],"info":{"seed":"29b2eb5229b530bd","results":1,"page":1,"version":"1.4"}} 
 </msg>
<msg time="2024-07-01T08:19:47.551817" level="INFO">/opt/hostedtoolcache/Python/3.12.4/x64/lib/python3.12/site-packages/urllib3/connectionpool.py:1099: InsecureRequestWarning: Unverified HTTPS request is being made to host 'randomuser.me'. Adding certificate verification is strongly advised. See: https://urllib3.readthedocs.io/en/latest/advanced-usage.html#tls-warnings
  warnings.warn(</msg>
<msg time="2024-07-01T08:19:47.551988" level="INFO">${response} = &lt;Response [200]&gt;</msg>
<var>${response}</var>
<arg>consultarAPI</arg>
<arg>/api</arg>
<doc>Sends a GET request on a previously created HTTP Session.</doc>
<status status="PASS" start="2024-07-01T08:19:47.258514" elapsed="0.293523"/>
</kw>
<kw name="Set Variable" owner="BuiltIn">
<msg time="2024-07-01T08:19:47.553185" level="INFO">${json_data} = {'results': [{'gender': 'male', 'name': {'title': 'Mr', 'first': 'Jesús', 'last': 'Chavarría'}, 'location': {'street': {'number': 3444, 'name': 'Avenida Yucatán'}, 'city': 'Belén del Refugio', 'state'...</msg>
<var>${json_data}</var>
<arg>${response.json()}</arg>
<doc>Returns the given values which can then be assigned to a variables.</doc>
<status status="PASS" start="2024-07-01T08:19:47.552593" elapsed="0.000621"/>
</kw>
<kw name="Log" owner="BuiltIn">
<msg time="2024-07-01T08:19:47.553686" level="INFO">{'results': [{'gender': 'male', 'name': {'title': 'Mr', 'first': 'Jesús', 'last': 'Chavarría'}, 'location': {'street': {'number': 3444, 'name': 'Avenida Yucatán'}, 'city': 'Belén del Refugio', 'state': 'San Luis Potosí', 'country': 'Mexico', 'postcode': 83025, 'coordinates': {'latitude': '26.4666', 'longitude': '-174.7954'}, 'timezone': {'offset': '-10:00', 'description': 'Hawaii'}}, 'email': 'jesus.chavarria@example.com', 'login': {'uuid': '731521bc-1843-4998-aa46-065829f91ac7', 'username': 'browngorilla114', 'password': 'notredam', 'salt': 'eHqpJLHy', 'md5': '84b0355d8de168c0d981d725b9d0faa3', 'sha1': '1296db2adfc539f577c2767d08857d4489cc11b4', 'sha256': 'aea502bbb25b0a039d8bce1732bf453509f16fe82a54b5e60d6e7fdf73ef93b8'}, 'dob': {'date': '1967-01-19T07:56:14.931Z', 'age': 57}, 'registered': {'date': '2009-09-02T21:26:40.368Z', 'age': 14}, 'phone': '(616) 950 6744', 'cell': '(695) 065 0215', 'id': {'name': 'NSS', 'value': '03 90 48 9345 4'}, 'picture': {'large': 'https://randomuser.me/api/portraits/men/55.jpg', 'medium': 'https://randomuser.me/api/portraits/med/men/55.jpg', 'thumbnail': 'https://randomuser.me/api/portraits/thumb/men/55.jpg'}, 'nat': 'MX'}], 'info': {'seed': '29b2eb5229b530bd', 'results': 1, 'page': 1, 'version': '1.4'}}</msg>
<arg>${json_data}</arg>
<doc>Logs the given message with the given level.</doc>
<status status="PASS" start="2024-07-01T08:19:47.553524" elapsed="0.000214"/>
</kw>
<kw name="Should Be Equal As Numbers" owner="BuiltIn">
<arg>${json_data['results'][0]['location']['postcode']}</arg>
<arg>${json_data['results'][0]['location']['postcode']}</arg>
<doc>Fails if objects are unequal after converting them to real numbers.</doc>
<status status="PASS" start="2024-07-01T08:19:47.554067" elapsed="0.000639"/>
</kw>
<kw name="Log" owner="BuiltIn">
<msg time="2024-07-01T08:19:47.555408" level="INFO">83025</msg>
<arg>${json_data['results'][0]['location']['postcode']}</arg>
<doc>Logs the given message with the given level.</doc>
<status status="PASS" start="2024-07-01T08:19:47.554896" elapsed="0.000554"/>
</kw>
<status status="PASS" start="2024-07-01T08:19:47.258291" elapsed="0.297443"/>
</kw>
<doc>Testa se os tipos de dados na resposta da API estão corretos.</doc>
<tag>testeTiposDados</tag>
<status status="PASS" start="2024-07-01T08:19:47.162258" elapsed="0.393640"/>
</test>
<test id="s1-s1-t5" name="Validar conteudo" line="35">
<kw name="Teste de Tipos de Conteudo" owner="random-user-service">
<kw name="GET On Session" owner="RequestsLibrary">
<msg time="2024-07-01T08:19:47.651870" level="INFO">GET Request : url=https://randomuser.me/api 
 path_url=/api 
 headers={'User-Agent': 'python-requests/2.32.3', 'Accept-Encoding': 'gzip, deflate', 'Accept': '*/*', 'Connection': 'keep-alive'} 
 body=None 
 </msg>
<msg time="2024-07-01T08:19:47.651962" level="INFO">GET Response : url=https://randomuser.me/api 
 status=200, reason=OK 
 headers={'Date': 'Mon, 01 Jul 2024 08:19:47 GMT', 'Content-Type': 'application/json; charset=utf-8', 'Transfer-Encoding': 'chunked', 'Connection': 'keep-alive', 'X-Powered-By': 'Express', 'Access-Control-Allow-Origin': '*', 'Cache-Control': 'no-cache', 'ETag': 'W/"4a3-+xd4e/vCLG3OQ4JUfQ8HQIUqGUk"', 'Vary': 'Accept-Encoding', 'Content-Encoding': 'gzip', 'CF-Cache-Status': 'DYNAMIC', 'Report-To': '{"endpoints":[{"url":"https:\\/\\/a.nel.cloudflare.com\\/report\\/v4?s=4Anx5CbG6SlgM%2FBqQNCsoVyoszt1AGGsKwPkGipdgf%2B8PTqjY%2F7M2G6g1Fd036GOQ41DESibyX4yYqIGFv%2FKjJscQXHt7IMQaB4Rdpr5RLm70XHjMwIkalYy4Utc6EkF"}],"group":"cf-nel","max_age":604800}', 'NEL': '{"success_fraction":0,"report_to":"cf-nel","max_age":604800}', 'Server': 'cloudflare', 'CF-RAY': '89c4f91e49a2faf4-SJC', 'alt-svc': 'h3=":443"; ma=86400'} 
 body={"results":[{"gender":"female","name":{"title":"Mrs","first":"Apolloniya","last":"Babat"},"location":{"street":{"number":1865,"name":"Svitlogorska"},"city":"Zhovti Vodi","state":"Rivnenska","country":"Ukraine","postcode":56619,"coordinates":{"latitude":"78.5336","longitude":"176.7274"},"timezone":{"offset":"0:00","description":"Western Europe Time, London, Lisbon, Casablanca"}},"email":"apolloniya.babat@example.com","login":{"uuid":"10672c4a-8be2-4b7f-8178-71d429483531","username":"orangekoala174","password":"huskies","salt":"Q3hSD8af","md5":"54eaea0886e8b520becc457251ac1b32","sha1":"9b14f6f3a655e22eefbdff46c38318946c1a3f54","sha256":"74ae390f23bba1710413f773a8ecc249c822394deaa9c83abe804df910350fb7"},"dob":{"date":"1994-01-23T19:47:30.843Z","age":30},"registered":{"date":"2008-01-24T15:19:55.106Z","age":16},"phone":"(097) I51-3214","cell":"(099) J42-9721","id":{"name":"","value":null},"picture":{"large":"https://randomuser.me/api/portraits/women/13.jpg","medium":"https://randomuser.me/api/portraits/med/women/13.jpg","thumbnail":"https://randomuser.me/api/portraits/thumb/women/13.jpg"},"nat":"UA"}],"info":{"seed":"49a88166497aeb25","results":1,"page":1,"version":"1.4"}} 
 </msg>
<msg time="2024-07-01T08:19:47.652049" level="INFO">/opt/hostedtoolcache/Python/3.12.4/x64/lib/python3.12/site-packages/urllib3/connectionpool.py:1099: InsecureRequestWarning: Unverified HTTPS request is being made to host 'randomuser.me'. Adding certificate verification is strongly advised. See: https://urllib3.readthedocs.io/en/latest/advanced-usage.html#tls-warnings
  warnings.warn(</msg>
<msg time="2024-07-01T08:19:47.652201" level="INFO">${response} = &lt;Response [200]&gt;</msg>
<var>${response}</var>
<arg>consultarAPI</arg>
<arg>/api</arg>
<doc>Sends a GET request on a previously created HTTP Session.</doc>
<status status="PASS" start="2024-07-01T08:19:47.558432" elapsed="0.093824"/>
</kw>
<kw name="Set Variable" owner="BuiltIn">
<msg time="2024-07-01T08:19:47.653190" level="INFO">${json_data} = {'results': [{'gender': 'female', 'name': {'title': 'Mrs', 'first': 'Apolloniya', 'last': 'Babat'}, 'location': {'street': {'number': 1865, 'name': 'Svitlogorska'}, 'city': 'Zhovti Vodi', 'state': 'Ri...</msg>
<var>${json_data}</var>
<arg>${response.json()}</arg>
<doc>Returns the given values which can then be assigned to a variables.</doc>
<status status="PASS" start="2024-07-01T08:19:47.652647" elapsed="0.000575"/>
</kw>
<kw name="Set Variable" owner="BuiltIn">
<msg time="2024-07-01T08:19:47.653940" level="INFO">${name_title} = Mrs</msg>
<var>${name_title}</var>
<arg>${json_data["results"][0]["name"]["title"]}</arg>
<doc>Returns the given values which can then be assigned to a variables.</doc>
<status status="PASS" start="2024-07-01T08:19:47.653524" elapsed="0.000446"/>
</kw>
<kw name="Create List" owner="BuiltIn">
<msg time="2024-07-01T08:19:47.654421" level="INFO">${allowed_titles} = ['Mr', 'Ms', 'Miss', 'Mrs', 'Madame', 'Monsieur']</msg>
<var>${allowed_titles}</var>
<arg>Mr</arg>
<arg>Ms</arg>
<arg>Miss</arg>
<arg>Mrs</arg>
<arg>Madame</arg>
<arg>Monsieur</arg>
<doc>Returns a list containing given items.</doc>
<status status="PASS" start="2024-07-01T08:19:47.654273" elapsed="0.000172"/>
</kw>
<kw name="List Should Contain Value" owner="Collections">
<arg>${allowed_titles}</arg>
<arg>${name_title}</arg>
<doc>Fails if the ``value`` is not found from ``list``.</doc>
<status status="PASS" start="2024-07-01T08:19:47.654739" elapsed="0.000179"/>
</kw>
<kw name="Set Variable" owner="BuiltIn">
<msg time="2024-07-01T08:19:47.655461" level="INFO">${name_country} = UA</msg>
<var>${name_country}</var>
<arg>${json_data["results"][0]["nat"]}</arg>
<doc>Returns the given values which can then be assigned to a variables.</doc>
<status status="PASS" start="2024-07-01T08:19:47.655099" elapsed="0.000387"/>
</kw>
<kw name="Create List" owner="BuiltIn">
<msg time="2024-07-01T08:19:47.656392" level="INFO">${list_country} = ['AD', 'AE', 'AF', 'AG', 'AI', 'AL', 'AM', 'AO', 'AQ', 'AR', 'AS', 'AT', 'AU', 'AW', 'AX', 'AZ', 'BA', 'BB', 'BD', 'BE', 'BF', 'BG', 'BH', 'BI', 'BJ', 'BL', 'BM', 'BN', 'BO', 'BQ', 'BR', 'BS', 'BT', '...</msg>
<var>${list_country}</var>
<arg>AD</arg>
<arg>AE</arg>
<arg>AF</arg>
<arg>AG</arg>
<arg>AI</arg>
<arg>AL</arg>
<arg>AM</arg>
<arg>AO</arg>
<arg>AQ</arg>
<arg>AR</arg>
<arg>AS</arg>
<arg>AT</arg>
<arg>AU</arg>
<arg>AW</arg>
<arg>AX</arg>
<arg>AZ</arg>
<arg>BA</arg>
<arg>BB</arg>
<arg>BD</arg>
<arg>BE</arg>
<arg>BF</arg>
<arg>BG</arg>
<arg>BH</arg>
<arg>BI</arg>
<arg>BJ</arg>
<arg>BL</arg>
<arg>BM</arg>
<arg>BN</arg>
<arg>BO</arg>
<arg>BQ</arg>
<arg>BR</arg>
<arg>BS</arg>
<arg>BT</arg>
<arg>BV</arg>
<arg>BW</arg>
<arg>BY</arg>
<arg>BZ</arg>
<arg>CA</arg>
<arg>CC</arg>
<arg>CD</arg>
<arg>CF</arg>
<arg>CG</arg>
<arg>CH</arg>
<arg>CI</arg>
<arg>CK</arg>
<arg>CL</arg>
<arg>CM</arg>
<arg>CN</arg>
<arg>CO</arg>
<arg>CR</arg>
<arg>CU</arg>
<arg>CV</arg>
<arg>CW</arg>
<arg>CX</arg>
<arg>CY</arg>
<arg>CZ</arg>
<arg>DE</arg>
<arg>DJ</arg>
<arg>DK</arg>
<arg>DM</arg>
<arg>DO</arg>
<arg>DZ</arg>
<arg>EC</arg>
<arg>EE</arg>
<arg>EG</arg>
<arg>EH</arg>
<arg>ER</arg>
<arg>ES</arg>
<arg>ET</arg>
<arg>FI</arg>
<arg>FJ</arg>
<arg>FK</arg>
<arg>FM</arg>
<arg>FO</arg>
<arg>FR</arg>
<arg>GA</arg>
<arg>GB</arg>
<arg>GD</arg>
<arg>GE</arg>
<arg>GF</arg>
<arg>GG</arg>
<arg>GH</arg>
<arg>GI</arg>
<arg>GL</arg>
<arg>GM</arg>
<arg>GN</arg>
<arg>GP</arg>
<arg>GQ</arg>
<arg>GR</arg>
<arg>GS</arg>
<arg>GT</arg>
<arg>GU</arg>
<arg>GW</arg>
<arg>GY</arg>
<arg>HK</arg>
<arg>HM</arg>
<arg>HN</arg>
<arg>HR</arg>
<arg>HT</arg>
<arg>HU</arg>
<arg>ID</arg>
<arg>IE</arg>
<arg>IL</arg>
<arg>IM</arg>
<arg>IN</arg>
<arg>IO</arg>
<arg>IQ</arg>
<arg>IR</arg>
<arg>IS</arg>
<arg>IT</arg>
<arg>JE</arg>
<arg>JM</arg>
<arg>JO</arg>
<arg>JP</arg>
<arg>KE</arg>
<arg>KG</arg>
<arg>KH</arg>
<arg>KI</arg>
<arg>KM</arg>
<arg>KN</arg>
<arg>KP</arg>
<arg>KR</arg>
<arg>KW</arg>
<arg>KY</arg>
<arg>KZ</arg>
<arg>LA</arg>
<arg>LB</arg>
<arg>LC</arg>
<arg>LI</arg>
<arg>LK</arg>
<arg>LR</arg>
<arg>LS</arg>
<arg>LT</arg>
<arg>LU</arg>
<arg>LV</arg>
<arg>LY</arg>
<arg>MA</arg>
<arg>MC</arg>
<arg>MD</arg>
<arg>ME</arg>
<arg>MF</arg>
<arg>MG</arg>
<arg>MH</arg>
<arg>MK</arg>
<arg>ML</arg>
<arg>MM</arg>
<arg>MN</arg>
<arg>MO</arg>
<arg>MP</arg>
<arg>MQ</arg>
<arg>MR</arg>
<arg>MS</arg>
<arg>MT</arg>
<arg>MU</arg>
<arg>MV</arg>
<arg>MW</arg>
<arg>MX</arg>
<arg>MY</arg>
<arg>MZ</arg>
<arg>NA</arg>
<arg>NC</arg>
<arg>NE</arg>
<arg>NF</arg>
<arg>NG</arg>
<arg>NI</arg>
<arg>NL</arg>
<arg>NO</arg>
<arg>NP</arg>
<arg>NR</arg>
<arg>NU</arg>
<arg>NZ</arg>
<arg>OM</arg>
<arg>PA</arg>
<arg>PE</arg>
<arg>PF</arg>
<arg>PG</arg>
<arg>PH</arg>
<arg>PK</arg>
<arg>PL</arg>
<arg>PM</arg>
<arg>PN</arg>
<arg>PR</arg>
<arg>PS</arg>
<arg>PT</arg>
<arg>PW</arg>
<arg>PY</arg>
<arg>QA</arg>
<arg>RE</arg>
<arg>RO</arg>
<arg>RS</arg>
<arg>RU</arg>
<arg>RW</arg>
<arg>SA</arg>
<arg>SB</arg>
<arg>SC</arg>
<arg>SD</arg>
<arg>SE</arg>
<arg>SG</arg>
<arg>SH</arg>
<arg>SI</arg>
<arg>SJ</arg>
<arg>SK</arg>
<arg>SL</arg>
<arg>SM</arg>
<arg>SN</arg>
<arg>SO</arg>
<arg>SR</arg>
<arg>SS</arg>
<arg>ST</arg>
<arg>SV</arg>
<arg>SX</arg>
<arg>SY</arg>
<arg>SZ</arg>
<arg>TC</arg>
<arg>TD</arg>
<arg>TF</arg>
<arg>TG</arg>
<arg>TH</arg>
<arg>TJ</arg>
<arg>TK</arg>
<arg>TL</arg>
<arg>TM</arg>
<arg>TN</arg>
<arg>TO</arg>
<arg>TR</arg>
<arg>TT</arg>
<arg>TV</arg>
<arg>TW</arg>
<arg>TZ</arg>
<arg>UA</arg>
<arg>UG</arg>
<arg>UM</arg>
<arg>US</arg>
<arg>UY</arg>
<arg>UZ</arg>
<arg>VA</arg>
<arg>VC</arg>
<arg>VE</arg>
<arg>VG</arg>
<arg>VI</arg>
<arg>VN</arg>
<arg>VU</arg>
<arg>WF</arg>
<arg>WS</arg>
<arg>XK</arg>
<arg>YE</arg>
<arg>YT</arg>
<arg>ZA</arg>
<arg>ZM</arg>
<arg>ZW</arg>
<doc>Returns a list containing given items.</doc>
<status status="PASS" start="2024-07-01T08:19:47.655770" elapsed="0.000647"/>
</kw>
<kw name="List Should Contain Value" owner="Collections">
<arg>${list_country}</arg>
<arg>${name_country}</arg>
<doc>Fails if the ``value`` is not found from ``list``.</doc>
<status status="PASS" start="2024-07-01T08:19:47.657225" elapsed="0.000206"/>
</kw>
<kw name="Run Keyword If" owner="BuiltIn">
<kw name="Should Be True" owner="BuiltIn">
<arg>${True}</arg>
<doc>Fails if the given condition is not true.</doc>
<status status="PASS" start="2024-07-01T08:19:47.658397" elapsed="0.000144"/>
</kw>
<arg>${json_data["results"][0]["location"]["coordinates"]["latitude"]} &gt;= -90 and ${json_data["results"][0]["location"]["coordinates"]["latitude"]} &lt;= 90</arg>
<arg>Should Be True</arg>
<arg>${True}</arg>
<doc>Runs the given keyword with the given arguments, if ``condition`` is true.</doc>
<status status="PASS" start="2024-07-01T08:19:47.657624" elapsed="0.001041"/>
</kw>
<kw name="Run Keyword If" owner="BuiltIn">
<kw name="Should Be True" owner="BuiltIn">
<arg>${True}</arg>
<doc>Fails if the given condition is not true.</doc>
<status status="PASS" start="2024-07-01T08:19:47.659529" elapsed="0.000229"/>
</kw>
<arg>${json_data["results"][0]["location"]["coordinates"]["longitude"]} &gt;= -180 and ${json_data["results"][0]["location"]["coordinates"]["longitude"]} &lt;= 180</arg>
<arg>Should Be True</arg>
<arg>${True}</arg>
<doc>Runs the given keyword with the given arguments, if ``condition`` is true.</doc>
<status status="PASS" start="2024-07-01T08:19:47.658842" elapsed="0.001044"/>
</kw>
<status status="PASS" start="2024-07-01T08:19:47.558206" elapsed="0.101807"/>
</kw>
<doc>Testa o conteúdo específico dos campos retornados pela API.</doc>
<tag>testeConteudo</tag>
<status status="PASS" start="2024-07-01T08:19:47.557633" elapsed="0.102520"/>
</test>
<status status="PASS" start="2024-07-01T08:19:46.584706" elapsed="1.077441"/>
</suite>
<status status="PASS" start="2024-07-01T08:19:46.570435" elapsed="1.096801"/>
</suite>
<statistics>
<total>
<stat pass="5" fail="0" skip="0">All Tests</stat>
</total>
<tag>
<stat pass="1" fail="0" skip="0">testeConteudo</stat>
<stat pass="1" fail="0" skip="0">testeEstruturaResposta</stat>
<stat pass="1" fail="0" skip="0">testeRequisicaoBasica</stat>
<stat pass="1" fail="0" skip="0">testeTiposDados</stat>
</tag>
<suite>
<stat pass="5" fail="0" skip="0" id="s1" name="Tests">Tests</stat>
<stat pass="5" fail="0" skip="0" id="s1-s1" name="Random-User-Test">Tests.Random-User-Test</stat>
</suite>
</statistics>
<errors>
</errors>
</robot>
