<?xml version="1.0" encoding="UTF-8"?>
<robot generator="Robot 7.0 (Python 3.12.2 on linux)" generated="2024-03-21T11:12:25.145190" rpa="false" schemaversion="5">
<suite id="s1" name="Tests" source="/home/runner/work/DesafioQA---Itau---Rogerio-Jordao/DesafioQA---Itau---Rogerio-Jordao/DesafioQA - Itau - Rogerio Jordao/tests">
<suite id="s1-s1" name="Random-User-Test" source="/home/runner/work/DesafioQA---Itau---Rogerio-Jordao/DesafioQA---Itau---Rogerio-Jordao/DesafioQA - Itau - Rogerio Jordao/tests/random-user-test.robot">
<test id="s1-s1-t1" name="Conectar" line="24">
<kw name="Conectar API">
<kw name="Create Session" owner="RequestsLibrary">
<msg time="2024-03-21T11:12:25.487485" level="INFO">Creating Session using : alias=consultarAPI, url=https://randomuser.me/, headers={},                     cookies={}, auth=None, timeout=None, proxies=None, verify=False,                     debug=0 </msg>
<arg>consultarAPI</arg>
<arg>${URL}</arg>
<doc>Create Session: create a HTTP session to a server</doc>
<status status="PASS" start="2024-03-21T11:12:25.487255" elapsed="0.000435"/>
</kw>
<status status="PASS" start="2024-03-21T11:12:25.486265" elapsed="0.001850"/>
</kw>
<status status="PASS" start="2024-03-21T11:12:25.485651" elapsed="0.002677"/>
</test>
<test id="s1-s1-t2" name="Validar retorno 200 e JSON Válido" line="27">
<kw name="Teste de Requisicao Basica">
<kw name="GET On Session" owner="RequestsLibrary">
<msg time="2024-03-21T11:12:25.585282" level="INFO">GET Request : url=https://randomuser.me/api 
 path_url=/api 
 headers={'User-Agent': 'python-requests/2.31.0', 'Accept-Encoding': 'gzip, deflate', 'Accept': '*/*', 'Connection': 'keep-alive'} 
 body=None 
 </msg>
<msg time="2024-03-21T11:12:25.585452" level="INFO">GET Response : url=https://randomuser.me/api 
 status=200, reason=OK 
 headers={'Date': 'Thu, 21 Mar 2024 11:12:25 GMT', 'Content-Type': 'application/json; charset=utf-8', 'Transfer-Encoding': 'chunked', 'Connection': 'keep-alive', 'X-Powered-By': 'Express', 'Access-Control-Allow-Origin': '*', 'Cache-Control': 'no-cache', 'ETag': 'W/"48f-Oke2s5TMLbfxjWSsCu6P7f0IAcg"', 'Vary': 'Accept-Encoding', 'Content-Encoding': 'gzip', 'CF-Cache-Status': 'DYNAMIC', 'Report-To': '{"endpoints":[{"url":"https:\\/\\/a.nel.cloudflare.com\\/report\\/v4?s=fVUHuj0sUmYMarGv9iDk9vcsOTYfzohuxhpgUT8tgXVVw61P6pYA%2BE2nwZHpldYCCyyeLYh95NJBFohYEq1lbpoQDmU84nExZcsXYQiodMNtaLEW7b5553%2Bvxk1MvCbN"}],"group":"cf-nel","max_age":604800}', 'NEL': '{"success_fraction":0,"report_to":"cf-nel","max_age":604800}', 'Server': 'cloudflare', 'CF-RAY': '867d81bfabd7083a-IAD', 'alt-svc': 'h3=":443"; ma=86400'} 
 body={"results":[{"gender":"female","name":{"title":"Mrs","first":"Eve","last":"Dubois"},"location":{"street":{"number":6115,"name":"Avenue Joliot Curie"},"city":"Amiens","state":"Yonne","country":"France","postcode":63960,"coordinates":{"latitude":"-13.7386","longitude":"172.0064"},"timezone":{"offset":"+7:00","description":"Bangkok, Hanoi, Jakarta"}},"email":"eve.dubois@example.com","login":{"uuid":"63ac910f-9839-4dc4-adf9-018442092074","username":"orangebear197","password":"wasted","salt":"GoK2Xs6Y","md5":"22cc0554c8db8466c9df81fd8e76d197","sha1":"d4f5262da3ab7e38089a1a695482b13f79d94ed6","sha256":"c13a98ada0ac1b0356b867036dc6f70704a3096f8ab60e4919db1ed6d3c163ab"},"dob":{"date":"1975-08-14T20:32:38.736Z","age":48},"registered":{"date":"2008-05-19T07:40:14.309Z","age":15},"phone":"01-06-10-42-33","cell":"06-59-85-44-71","id":{"name":"INSEE","value":"2750713611542 06"},"picture":{"large":"https://randomuser.me/api/portraits/women/28.jpg","medium":"https://randomuser.me/api/portraits/med/women/28.jpg","thumbnail":"https://randomuser.me/api/portraits/thumb/women/28.jpg"},"nat":"FR"}],"info":{"seed":"9b943e1bbdcb3770","results":1,"page":1,"version":"1.4"}} 
 </msg>
<msg time="2024-03-21T11:12:25.585753" level="INFO">/opt/hostedtoolcache/Python/3.12.2/x64/lib/python3.12/site-packages/urllib3/connectionpool.py:1103: InsecureRequestWarning: Unverified HTTPS request is being made to host 'randomuser.me'. Adding certificate verification is strongly advised. See: https://urllib3.readthedocs.io/en/latest/advanced-usage.html#tls-warnings
  warnings.warn(</msg>
<msg time="2024-03-21T11:12:25.585913" level="INFO">${response} = &lt;Response [200]&gt;</msg>
<var>${response}</var>
<arg>consultarAPI</arg>
<arg>/api</arg>
<doc>Sends a GET request on a previously created HTTP Session.</doc>
<status status="PASS" start="2024-03-21T11:12:25.491007" elapsed="0.094941"/>
</kw>
<kw name="Should Be Equal As Numbers" owner="BuiltIn">
<msg time="2024-03-21T11:12:25.586901" level="INFO">Argument types are:
&lt;class 'int'&gt;
&lt;class 'str'&gt;</msg>
<arg>${response.status_code}</arg>
<arg>200</arg>
<doc>Fails if objects are unequal after converting them to real numbers.</doc>
<status status="PASS" start="2024-03-21T11:12:25.586439" elapsed="0.000539"/>
</kw>
<kw name="Log" owner="BuiltIn">
<msg time="2024-03-21T11:12:25.587675" level="INFO">200</msg>
<arg>${response.status_code}</arg>
<doc>Logs the given message with the given level.</doc>
<status status="PASS" start="2024-03-21T11:12:25.587314" elapsed="0.000407"/>
</kw>
<kw name="Set Variable" owner="BuiltIn">
<msg time="2024-03-21T11:12:25.588532" level="INFO">${json_data} = {'results': [{'gender': 'female', 'name': {'title': 'Mrs', 'first': 'Eve', 'last': 'Dubois'}, 'location': {'street': {'number': 6115, 'name': 'Avenue Joliot Curie'}, 'city': 'Amiens', 'state': 'Yonne'...</msg>
<var>${json_data}</var>
<arg>${response.json()}</arg>
<doc>Returns the given values which can then be assigned to a variables.</doc>
<status status="PASS" start="2024-03-21T11:12:25.588054" elapsed="0.000508"/>
</kw>
<kw name="Dictionary Should Contain Key" owner="Collections">
<msg time="2024-03-21T11:12:25.589079" level="INFO">False</msg>
<arg>${json_data}</arg>
<arg>results</arg>
<doc>Fails if ``key`` is not found from ``dictionary``.</doc>
<status status="PASS" start="2024-03-21T11:12:25.588904" elapsed="0.000225"/>
</kw>
<status status="PASS" start="2024-03-21T11:12:25.490748" elapsed="0.098689"/>
</kw>
<doc>Testa se a API responde corretamente e retorna um objeto JSON válido.</doc>
<tag>testeRequisicaoBasica</tag>
<status status="PASS" start="2024-03-21T11:12:25.490273" elapsed="0.099360"/>
</test>
<test id="s1-s1-t3" name="Validar estrutura de resposta" line="33">
<kw name="Teste de Estrutura de Resposta">
<kw name="GET On Session" owner="RequestsLibrary">
<msg time="2024-03-21T11:12:25.681846" level="INFO">GET Request : url=https://randomuser.me/api 
 path_url=/api 
 headers={'User-Agent': 'python-requests/2.31.0', 'Accept-Encoding': 'gzip, deflate', 'Accept': '*/*', 'Connection': 'keep-alive'} 
 body=None 
 </msg>
<msg time="2024-03-21T11:12:25.681965" level="INFO">GET Response : url=https://randomuser.me/api 
 status=200, reason=OK 
 headers={'Date': 'Thu, 21 Mar 2024 11:12:25 GMT', 'Content-Type': 'application/json; charset=utf-8', 'Transfer-Encoding': 'chunked', 'Connection': 'keep-alive', 'X-Powered-By': 'Express', 'Access-Control-Allow-Origin': '*', 'Cache-Control': 'no-cache', 'ETag': 'W/"46a-QxumkBYsBh8XZTwnJ+TE1u09Kng"', 'Vary': 'Accept-Encoding', 'Content-Encoding': 'gzip', 'CF-Cache-Status': 'DYNAMIC', 'Report-To': '{"endpoints":[{"url":"https:\\/\\/a.nel.cloudflare.com\\/report\\/v4?s=FvmfaMZKSQ1GuGeCGoQYUVe%2FyjipjY3omDx%2BcMOiyIKhoDYZLcOW4M1f63Wiory%2BBPnwKRTnliaGwVtHuRZFQbdIJBPAzKeRzRAIiEl1ItQrFConYTFfTuZonu5TBUuT"}],"group":"cf-nel","max_age":604800}', 'NEL': '{"success_fraction":0,"report_to":"cf-nel","max_age":604800}', 'Server': 'cloudflare', 'CF-RAY': '867d81bffc2f083a-IAD', 'alt-svc': 'h3=":443"; ma=86400'} 
 body={"results":[{"gender":"male","name":{"title":"Mr","first":"Charles","last":"Fortin"},"location":{"street":{"number":7572,"name":"15th St"},"city":"Flatrock","state":"Yukon","country":"Canada","postcode":"K1X 4Q8","coordinates":{"latitude":"-66.8730","longitude":"-9.6512"},"timezone":{"offset":"+5:45","description":"Kathmandu"}},"email":"charles.fortin@example.com","login":{"uuid":"34cc05fd-65a5-42fd-8679-03505e07d935","username":"heavymouse124","password":"grendel","salt":"ztOxj73q","md5":"00b4ac4d9639142947c2228cbbf056e7","sha1":"a670ada64a4b5bcaf6cfed6a24bca505d60b63f1","sha256":"828d70fe5d9c3af5b95e0610b053e7851a28eaedec1c647fe3ba4d06872b3a9f"},"dob":{"date":"1956-12-30T01:38:52.006Z","age":67},"registered":{"date":"2008-07-11T10:05:56.587Z","age":15},"phone":"J80 L86-2326","cell":"J26 F95-5367","id":{"name":"SIN","value":"916416795"},"picture":{"large":"https://randomuser.me/api/portraits/men/4.jpg","medium":"https://randomuser.me/api/portraits/med/men/4.jpg","thumbnail":"https://randomuser.me/api/portraits/thumb/men/4.jpg"},"nat":"CA"}],"info":{"seed":"5f5b9928f486d9c8","results":1,"page":1,"version":"1.4"}} 
 </msg>
<msg time="2024-03-21T11:12:25.682114" level="INFO">/opt/hostedtoolcache/Python/3.12.2/x64/lib/python3.12/site-packages/urllib3/connectionpool.py:1103: InsecureRequestWarning: Unverified HTTPS request is being made to host 'randomuser.me'. Adding certificate verification is strongly advised. See: https://urllib3.readthedocs.io/en/latest/advanced-usage.html#tls-warnings
  warnings.warn(</msg>
<msg time="2024-03-21T11:12:25.682283" level="INFO">${response} = &lt;Response [200]&gt;</msg>
<var>${response}</var>
<arg>consultarAPI</arg>
<arg>/api</arg>
<doc>Sends a GET request on a previously created HTTP Session.</doc>
<status status="PASS" start="2024-03-21T11:12:25.592652" elapsed="0.089679"/>
</kw>
<kw name="Set Variable" owner="BuiltIn">
<msg time="2024-03-21T11:12:25.683405" level="INFO">${json_data} = {'results': [{'gender': 'male', 'name': {'title': 'Mr', 'first': 'Charles', 'last': 'Fortin'}, 'location': {'street': {'number': 7572, 'name': '15th St'}, 'city': 'Flatrock', 'state': 'Yukon', 'countr...</msg>
<var>${json_data}</var>
<arg>${response.json()}</arg>
<doc>Returns the given values which can then be assigned to a variables.</doc>
<status status="PASS" start="2024-03-21T11:12:25.682854" elapsed="0.000581"/>
</kw>
<kw name="Log" owner="BuiltIn">
<msg time="2024-03-21T11:12:25.683916" level="INFO">{'results': [{'gender': 'male', 'name': {'title': 'Mr', 'first': 'Charles', 'last': 'Fortin'}, 'location': {'street': {'number': 7572, 'name': '15th St'}, 'city': 'Flatrock', 'state': 'Yukon', 'country': 'Canada', 'postcode': 'K1X 4Q8', 'coordinates': {'latitude': '-66.8730', 'longitude': '-9.6512'}, 'timezone': {'offset': '+5:45', 'description': 'Kathmandu'}}, 'email': 'charles.fortin@example.com', 'login': {'uuid': '34cc05fd-65a5-42fd-8679-03505e07d935', 'username': 'heavymouse124', 'password': 'grendel', 'salt': 'ztOxj73q', 'md5': '00b4ac4d9639142947c2228cbbf056e7', 'sha1': 'a670ada64a4b5bcaf6cfed6a24bca505d60b63f1', 'sha256': '828d70fe5d9c3af5b95e0610b053e7851a28eaedec1c647fe3ba4d06872b3a9f'}, 'dob': {'date': '1956-12-30T01:38:52.006Z', 'age': 67}, 'registered': {'date': '2008-07-11T10:05:56.587Z', 'age': 15}, 'phone': 'J80 L86-2326', 'cell': 'J26 F95-5367', 'id': {'name': 'SIN', 'value': '916416795'}, 'picture': {'large': 'https://randomuser.me/api/portraits/men/4.jpg', 'medium': 'https://randomuser.me/api/portraits/med/men/4.jpg', 'thumbnail': 'https://randomuser.me/api/portraits/thumb/men/4.jpg'}, 'nat': 'CA'}], 'info': {'seed': '5f5b9928f486d9c8', 'results': 1, 'page': 1, 'version': '1.4'}}</msg>
<arg>${json_data}</arg>
<doc>Logs the given message with the given level.</doc>
<status status="PASS" start="2024-03-21T11:12:25.683751" elapsed="0.000215"/>
</kw>
<kw name="Dictionary Should Contain Key" owner="Collections">
<msg time="2024-03-21T11:12:25.684447" level="INFO">False</msg>
<arg>${json_data}</arg>
<arg>results</arg>
<doc>Fails if ``key`` is not found from ``dictionary``.</doc>
<status status="PASS" start="2024-03-21T11:12:25.684280" elapsed="0.000213"/>
</kw>
<kw name="Should Not Be Empty" owner="BuiltIn">
<msg time="2024-03-21T11:12:25.684930" level="INFO">Length is 2.</msg>
<arg>${json_data}</arg>
<doc>Verifies that the given item is not empty.</doc>
<status status="PASS" start="2024-03-21T11:12:25.684794" elapsed="0.000176"/>
</kw>
<kw name="Create List" owner="BuiltIn">
<msg time="2024-03-21T11:12:25.685474" level="INFO">${expected_keys} = ['gender', 'name', 'location', 'email', 'login']</msg>
<var>${expected_keys}</var>
<arg>gender</arg>
<arg>name</arg>
<arg>location</arg>
<arg>email</arg>
<arg>login</arg>
<doc>Returns a list containing given items.</doc>
<status status="PASS" start="2024-03-21T11:12:25.685265" elapsed="0.000243"/>
</kw>
<for flavor="IN">
<iter>
<kw name="Dictionary Should Contain Key" owner="Collections">
<msg time="2024-03-21T11:12:25.686541" level="INFO">False</msg>
<arg>${json_data['results'][0]}</arg>
<arg>${key}</arg>
<doc>Fails if ``key`` is not found from ``dictionary``.</doc>
<status status="PASS" start="2024-03-21T11:12:25.686124" elapsed="0.000459"/>
</kw>
<kw name="Log" owner="BuiltIn">
<msg time="2024-03-21T11:12:25.687264" level="INFO">{'gender': 'male', 'name': {'title': 'Mr', 'first': 'Charles', 'last': 'Fortin'}, 'location': {'street': {'number': 7572, 'name': '15th St'}, 'city': 'Flatrock', 'state': 'Yukon', 'country': 'Canada', 'postcode': 'K1X 4Q8', 'coordinates': {'latitude': '-66.8730', 'longitude': '-9.6512'}, 'timezone': {'offset': '+5:45', 'description': 'Kathmandu'}}, 'email': 'charles.fortin@example.com', 'login': {'uuid': '34cc05fd-65a5-42fd-8679-03505e07d935', 'username': 'heavymouse124', 'password': 'grendel', 'salt': 'ztOxj73q', 'md5': '00b4ac4d9639142947c2228cbbf056e7', 'sha1': 'a670ada64a4b5bcaf6cfed6a24bca505d60b63f1', 'sha256': '828d70fe5d9c3af5b95e0610b053e7851a28eaedec1c647fe3ba4d06872b3a9f'}, 'dob': {'date': '1956-12-30T01:38:52.006Z', 'age': 67}, 'registered': {'date': '2008-07-11T10:05:56.587Z', 'age': 15}, 'phone': 'J80 L86-2326', 'cell': 'J26 F95-5367', 'id': {'name': 'SIN', 'value': '916416795'}, 'picture': {'large': 'https://randomuser.me/api/portraits/men/4.jpg', 'medium': 'https://randomuser.me/api/portraits/med/men/4.jpg', 'thumbnail': 'https://randomuser.me/api/portraits/thumb/men/4.jpg'}, 'nat': 'CA'}</msg>
<arg>${json_data['results'][0]}</arg>
<doc>Logs the given message with the given level.</doc>
<status status="PASS" start="2024-03-21T11:12:25.686885" elapsed="0.000430"/>
</kw>
<kw name="Log" owner="BuiltIn">
<msg time="2024-03-21T11:12:25.687754" level="INFO">gender</msg>
<arg>${key}</arg>
<doc>Logs the given message with the given level.</doc>
<status status="PASS" start="2024-03-21T11:12:25.687621" elapsed="0.000174"/>
</kw>
<var name="${key}">gender</var>
<status status="PASS" start="2024-03-21T11:12:25.686001" elapsed="0.002016"/>
</iter>
<iter>
<kw name="Dictionary Should Contain Key" owner="Collections">
<msg time="2024-03-21T11:12:25.688709" level="INFO">False</msg>
<arg>${json_data['results'][0]}</arg>
<arg>${key}</arg>
<doc>Fails if ``key`` is not found from ``dictionary``.</doc>
<status status="PASS" start="2024-03-21T11:12:25.688319" elapsed="0.000430"/>
</kw>
<kw name="Log" owner="BuiltIn">
<msg time="2024-03-21T11:12:25.689475" level="INFO">{'gender': 'male', 'name': {'title': 'Mr', 'first': 'Charles', 'last': 'Fortin'}, 'location': {'street': {'number': 7572, 'name': '15th St'}, 'city': 'Flatrock', 'state': 'Yukon', 'country': 'Canada', 'postcode': 'K1X 4Q8', 'coordinates': {'latitude': '-66.8730', 'longitude': '-9.6512'}, 'timezone': {'offset': '+5:45', 'description': 'Kathmandu'}}, 'email': 'charles.fortin@example.com', 'login': {'uuid': '34cc05fd-65a5-42fd-8679-03505e07d935', 'username': 'heavymouse124', 'password': 'grendel', 'salt': 'ztOxj73q', 'md5': '00b4ac4d9639142947c2228cbbf056e7', 'sha1': 'a670ada64a4b5bcaf6cfed6a24bca505d60b63f1', 'sha256': '828d70fe5d9c3af5b95e0610b053e7851a28eaedec1c647fe3ba4d06872b3a9f'}, 'dob': {'date': '1956-12-30T01:38:52.006Z', 'age': 67}, 'registered': {'date': '2008-07-11T10:05:56.587Z', 'age': 15}, 'phone': 'J80 L86-2326', 'cell': 'J26 F95-5367', 'id': {'name': 'SIN', 'value': '916416795'}, 'picture': {'large': 'https://randomuser.me/api/portraits/men/4.jpg', 'medium': 'https://randomuser.me/api/portraits/med/men/4.jpg', 'thumbnail': 'https://randomuser.me/api/portraits/thumb/men/4.jpg'}, 'nat': 'CA'}</msg>
<arg>${json_data['results'][0]}</arg>
<doc>Logs the given message with the given level.</doc>
<status status="PASS" start="2024-03-21T11:12:25.689079" elapsed="0.000446"/>
</kw>
<kw name="Log" owner="BuiltIn">
<msg time="2024-03-21T11:12:25.689954" level="INFO">name</msg>
<arg>${key}</arg>
<doc>Logs the given message with the given level.</doc>
<status status="PASS" start="2024-03-21T11:12:25.689823" elapsed="0.000170"/>
</kw>
<var name="${key}">name</var>
<status status="PASS" start="2024-03-21T11:12:25.688210" elapsed="0.002005"/>
</iter>
<iter>
<kw name="Dictionary Should Contain Key" owner="Collections">
<msg time="2024-03-21T11:12:25.690896" level="INFO">False</msg>
<arg>${json_data['results'][0]}</arg>
<arg>${key}</arg>
<doc>Fails if ``key`` is not found from ``dictionary``.</doc>
<status status="PASS" start="2024-03-21T11:12:25.690507" elapsed="0.000563"/>
</kw>
<kw name="Log" owner="BuiltIn">
<msg time="2024-03-21T11:12:25.691740" level="INFO">{'gender': 'male', 'name': {'title': 'Mr', 'first': 'Charles', 'last': 'Fortin'}, 'location': {'street': {'number': 7572, 'name': '15th St'}, 'city': 'Flatrock', 'state': 'Yukon', 'country': 'Canada', 'postcode': 'K1X 4Q8', 'coordinates': {'latitude': '-66.8730', 'longitude': '-9.6512'}, 'timezone': {'offset': '+5:45', 'description': 'Kathmandu'}}, 'email': 'charles.fortin@example.com', 'login': {'uuid': '34cc05fd-65a5-42fd-8679-03505e07d935', 'username': 'heavymouse124', 'password': 'grendel', 'salt': 'ztOxj73q', 'md5': '00b4ac4d9639142947c2228cbbf056e7', 'sha1': 'a670ada64a4b5bcaf6cfed6a24bca505d60b63f1', 'sha256': '828d70fe5d9c3af5b95e0610b053e7851a28eaedec1c647fe3ba4d06872b3a9f'}, 'dob': {'date': '1956-12-30T01:38:52.006Z', 'age': 67}, 'registered': {'date': '2008-07-11T10:05:56.587Z', 'age': 15}, 'phone': 'J80 L86-2326', 'cell': 'J26 F95-5367', 'id': {'name': 'SIN', 'value': '916416795'}, 'picture': {'large': 'https://randomuser.me/api/portraits/men/4.jpg', 'medium': 'https://randomuser.me/api/portraits/med/men/4.jpg', 'thumbnail': 'https://randomuser.me/api/portraits/thumb/men/4.jpg'}, 'nat': 'CA'}</msg>
<arg>${json_data['results'][0]}</arg>
<doc>Logs the given message with the given level.</doc>
<status status="PASS" start="2024-03-21T11:12:25.691371" elapsed="0.000419"/>
</kw>
<kw name="Log" owner="BuiltIn">
<msg time="2024-03-21T11:12:25.692216" level="INFO">location</msg>
<arg>${key}</arg>
<doc>Logs the given message with the given level.</doc>
<status status="PASS" start="2024-03-21T11:12:25.692085" elapsed="0.000172"/>
</kw>
<var name="${key}">location</var>
<status status="PASS" start="2024-03-21T11:12:25.690397" elapsed="0.002083"/>
</iter>
<iter>
<kw name="Dictionary Should Contain Key" owner="Collections">
<msg time="2024-03-21T11:12:25.693151" level="INFO">False</msg>
<arg>${json_data['results'][0]}</arg>
<arg>${key}</arg>
<doc>Fails if ``key`` is not found from ``dictionary``.</doc>
<status status="PASS" start="2024-03-21T11:12:25.692767" elapsed="0.000423"/>
</kw>
<kw name="Log" owner="BuiltIn">
<msg time="2024-03-21T11:12:25.693896" level="INFO">{'gender': 'male', 'name': {'title': 'Mr', 'first': 'Charles', 'last': 'Fortin'}, 'location': {'street': {'number': 7572, 'name': '15th St'}, 'city': 'Flatrock', 'state': 'Yukon', 'country': 'Canada', 'postcode': 'K1X 4Q8', 'coordinates': {'latitude': '-66.8730', 'longitude': '-9.6512'}, 'timezone': {'offset': '+5:45', 'description': 'Kathmandu'}}, 'email': 'charles.fortin@example.com', 'login': {'uuid': '34cc05fd-65a5-42fd-8679-03505e07d935', 'username': 'heavymouse124', 'password': 'grendel', 'salt': 'ztOxj73q', 'md5': '00b4ac4d9639142947c2228cbbf056e7', 'sha1': 'a670ada64a4b5bcaf6cfed6a24bca505d60b63f1', 'sha256': '828d70fe5d9c3af5b95e0610b053e7851a28eaedec1c647fe3ba4d06872b3a9f'}, 'dob': {'date': '1956-12-30T01:38:52.006Z', 'age': 67}, 'registered': {'date': '2008-07-11T10:05:56.587Z', 'age': 15}, 'phone': 'J80 L86-2326', 'cell': 'J26 F95-5367', 'id': {'name': 'SIN', 'value': '916416795'}, 'picture': {'large': 'https://randomuser.me/api/portraits/men/4.jpg', 'medium': 'https://randomuser.me/api/portraits/med/men/4.jpg', 'thumbnail': 'https://randomuser.me/api/portraits/thumb/men/4.jpg'}, 'nat': 'CA'}</msg>
<arg>${json_data['results'][0]}</arg>
<doc>Logs the given message with the given level.</doc>
<status status="PASS" start="2024-03-21T11:12:25.693529" elapsed="0.000415"/>
</kw>
<kw name="Log" owner="BuiltIn">
<msg time="2024-03-21T11:12:25.694377" level="INFO">email</msg>
<arg>${key}</arg>
<doc>Logs the given message with the given level.</doc>
<status status="PASS" start="2024-03-21T11:12:25.694247" elapsed="0.000169"/>
</kw>
<var name="${key}">email</var>
<status status="PASS" start="2024-03-21T11:12:25.692660" elapsed="0.001976"/>
</iter>
<iter>
<kw name="Dictionary Should Contain Key" owner="Collections">
<msg time="2024-03-21T11:12:25.695307" level="INFO">False</msg>
<arg>${json_data['results'][0]}</arg>
<arg>${key}</arg>
<doc>Fails if ``key`` is not found from ``dictionary``.</doc>
<status status="PASS" start="2024-03-21T11:12:25.694916" elapsed="0.000430"/>
</kw>
<kw name="Log" owner="BuiltIn">
<msg time="2024-03-21T11:12:25.696001" level="INFO">{'gender': 'male', 'name': {'title': 'Mr', 'first': 'Charles', 'last': 'Fortin'}, 'location': {'street': {'number': 7572, 'name': '15th St'}, 'city': 'Flatrock', 'state': 'Yukon', 'country': 'Canada', 'postcode': 'K1X 4Q8', 'coordinates': {'latitude': '-66.8730', 'longitude': '-9.6512'}, 'timezone': {'offset': '+5:45', 'description': 'Kathmandu'}}, 'email': 'charles.fortin@example.com', 'login': {'uuid': '34cc05fd-65a5-42fd-8679-03505e07d935', 'username': 'heavymouse124', 'password': 'grendel', 'salt': 'ztOxj73q', 'md5': '00b4ac4d9639142947c2228cbbf056e7', 'sha1': 'a670ada64a4b5bcaf6cfed6a24bca505d60b63f1', 'sha256': '828d70fe5d9c3af5b95e0610b053e7851a28eaedec1c647fe3ba4d06872b3a9f'}, 'dob': {'date': '1956-12-30T01:38:52.006Z', 'age': 67}, 'registered': {'date': '2008-07-11T10:05:56.587Z', 'age': 15}, 'phone': 'J80 L86-2326', 'cell': 'J26 F95-5367', 'id': {'name': 'SIN', 'value': '916416795'}, 'picture': {'large': 'https://randomuser.me/api/portraits/men/4.jpg', 'medium': 'https://randomuser.me/api/portraits/med/men/4.jpg', 'thumbnail': 'https://randomuser.me/api/portraits/thumb/men/4.jpg'}, 'nat': 'CA'}</msg>
<arg>${json_data['results'][0]}</arg>
<doc>Logs the given message with the given level.</doc>
<status status="PASS" start="2024-03-21T11:12:25.695643" elapsed="0.000406"/>
</kw>
<kw name="Log" owner="BuiltIn">
<msg time="2024-03-21T11:12:25.696475" level="INFO">login</msg>
<arg>${key}</arg>
<doc>Logs the given message with the given level.</doc>
<status status="PASS" start="2024-03-21T11:12:25.696347" elapsed="0.000167"/>
</kw>
<var name="${key}">login</var>
<status status="PASS" start="2024-03-21T11:12:25.694812" elapsed="0.001921"/>
</iter>
<var>${key}</var>
<value>@{expected_keys}</value>
<status status="PASS" start="2024-03-21T11:12:25.685784" elapsed="0.011074"/>
</for>
<kw name="Create List" owner="BuiltIn">
<msg time="2024-03-21T11:12:25.697218" level="INFO">${expected_keysTwo} = ['username', 'password']</msg>
<var>${expected_keysTwo}</var>
<arg>username</arg>
<arg>password</arg>
<doc>Returns a list containing given items.</doc>
<status status="PASS" start="2024-03-21T11:12:25.697075" elapsed="0.000167"/>
</kw>
<for flavor="IN">
<iter>
<kw name="Dictionary Should Contain Key" owner="Collections">
<msg time="2024-03-21T11:12:25.698183" level="INFO">False</msg>
<arg>${json_data['results'][0]['login']}</arg>
<arg>${keyTwo}</arg>
<doc>Fails if ``key`` is not found from ``dictionary``.</doc>
<status status="PASS" start="2024-03-21T11:12:25.697791" elapsed="0.000432"/>
</kw>
<kw name="Dictionary Should Contain Key" owner="Collections">
<msg time="2024-03-21T11:12:25.698907" level="INFO">False</msg>
<arg>${json_data['results'][0]['login']}</arg>
<arg>${keyTwo}</arg>
<doc>Fails if ``key`` is not found from ``dictionary``.</doc>
<status status="PASS" start="2024-03-21T11:12:25.698524" elapsed="0.000432"/>
</kw>
<kw name="Log" owner="BuiltIn">
<msg time="2024-03-21T11:12:25.699377" level="INFO">username</msg>
<arg>${keyTwo}</arg>
<doc>Logs the given message with the given level.</doc>
<status status="PASS" start="2024-03-21T11:12:25.699249" elapsed="0.000167"/>
</kw>
<var name="${keyTwo}">username</var>
<status status="PASS" start="2024-03-21T11:12:25.697689" elapsed="0.001953"/>
</iter>
<iter>
<kw name="Dictionary Should Contain Key" owner="Collections">
<msg time="2024-03-21T11:12:25.700317" level="INFO">False</msg>
<arg>${json_data['results'][0]['login']}</arg>
<arg>${keyTwo}</arg>
<doc>Fails if ``key`` is not found from ``dictionary``.</doc>
<status status="PASS" start="2024-03-21T11:12:25.699924" elapsed="0.000433"/>
</kw>
<kw name="Dictionary Should Contain Key" owner="Collections">
<msg time="2024-03-21T11:12:25.701024" level="INFO">False</msg>
<arg>${json_data['results'][0]['login']}</arg>
<arg>${keyTwo}</arg>
<doc>Fails if ``key`` is not found from ``dictionary``.</doc>
<status status="PASS" start="2024-03-21T11:12:25.700648" elapsed="0.000414"/>
</kw>
<kw name="Log" owner="BuiltIn">
<msg time="2024-03-21T11:12:25.701530" level="INFO">password</msg>
<arg>${keyTwo}</arg>
<doc>Logs the given message with the given level.</doc>
<status status="PASS" start="2024-03-21T11:12:25.701388" elapsed="0.000181"/>
</kw>
<var name="${keyTwo}">password</var>
<status status="PASS" start="2024-03-21T11:12:25.699819" elapsed="0.001973"/>
</iter>
<var>${keyTwo}</var>
<value>@{expected_keysTwo}</value>
<status status="PASS" start="2024-03-21T11:12:25.697533" elapsed="0.004382"/>
</for>
<status status="PASS" start="2024-03-21T11:12:25.592299" elapsed="0.109761"/>
</kw>
<doc>Testa a estrutura da resposta da API.</doc>
<tag>testeEstruturaResposta</tag>
<status status="PASS" start="2024-03-21T11:12:25.591493" elapsed="0.110731"/>
</test>
<test id="s1-s1-t4" name="Validar tipos de dados" line="39">
<kw name="Teste de Tipos de Dados">
<kw name="GET On Session" owner="RequestsLibrary">
<msg time="2024-03-21T11:12:25.782473" level="INFO">GET Request : url=https://randomuser.me/api 
 path_url=/api 
 headers={'User-Agent': 'python-requests/2.31.0', 'Accept-Encoding': 'gzip, deflate', 'Accept': '*/*', 'Connection': 'keep-alive'} 
 body=None 
 </msg>
<msg time="2024-03-21T11:12:25.782552" level="INFO">GET Response : url=https://randomuser.me/api 
 status=200, reason=OK 
 headers={'Date': 'Thu, 21 Mar 2024 11:12:25 GMT', 'Content-Type': 'application/json; charset=utf-8', 'Transfer-Encoding': 'chunked', 'Connection': 'keep-alive', 'X-Powered-By': 'Express', 'Access-Control-Allow-Origin': '*', 'Cache-Control': 'no-cache', 'ETag': 'W/"498-8UBDvaSIB05pm3ebiKJ0FQMGZc8"', 'Vary': 'Accept-Encoding', 'Content-Encoding': 'gzip', 'CF-Cache-Status': 'DYNAMIC', 'Report-To': '{"endpoints":[{"url":"https:\\/\\/a.nel.cloudflare.com\\/report\\/v4?s=tpBlcQmFLBgBkKQolBFuhQIoHZnvZJOpko71qP0pMx44rpg03cPE3qXZBGqYNs4sDQBmfCGkbNHgHYO6BDQDqq01bvXL0pTdlGr4OgcimG5dGb2oHWnKBiWbuv6XwMQG"}],"group":"cf-nel","max_age":604800}', 'NEL': '{"success_fraction":0,"report_to":"cf-nel","max_age":604800}', 'Server': 'cloudflare', 'CF-RAY': '867d81c0acef083a-IAD', 'alt-svc': 'h3=":443"; ma=86400'} 
 body={"results":[{"gender":"female","name":{"title":"Mrs","first":"Jade","last":"Clark"},"location":{"street":{"number":1480,"name":"Regent Ave"},"city":"Cochrane","state":"Manitoba","country":"Canada","postcode":"K2N 7E7","coordinates":{"latitude":"-67.4362","longitude":"65.5978"},"timezone":{"offset":"0:00","description":"Western Europe Time, London, Lisbon, Casablanca"}},"email":"jade.clark@example.com","login":{"uuid":"83872c33-4736-43b7-8ce2-71f89f7dc173","username":"blackkoala158","password":"tartar","salt":"BnznTBUX","md5":"ac07dc605b99897c0ff0837528c4016e","sha1":"2d2f99c32c2094e549e4bab06324d5be0f393567","sha256":"10ca903dbe0004afd902f5529d45608ee1f45def15ad5ded2eaa5260ca60ca8e"},"dob":{"date":"1999-10-12T12:12:52.074Z","age":24},"registered":{"date":"2013-07-09T05:15:29.301Z","age":10},"phone":"Z48 T04-1999","cell":"P82 N06-1426","id":{"name":"SIN","value":"195881313"},"picture":{"large":"https://randomuser.me/api/portraits/women/55.jpg","medium":"https://randomuser.me/api/portraits/med/women/55.jpg","thumbnail":"https://randomuser.me/api/portraits/thumb/women/55.jpg"},"nat":"CA"}],"info":{"seed":"7294fa71b71d17fe","results":1,"page":1,"version":"1.4"}} 
 </msg>
<msg time="2024-03-21T11:12:25.782614" level="INFO">/opt/hostedtoolcache/Python/3.12.2/x64/lib/python3.12/site-packages/urllib3/connectionpool.py:1103: InsecureRequestWarning: Unverified HTTPS request is being made to host 'randomuser.me'. Adding certificate verification is strongly advised. See: https://urllib3.readthedocs.io/en/latest/advanced-usage.html#tls-warnings
  warnings.warn(</msg>
<msg time="2024-03-21T11:12:25.782735" level="INFO">${response} = &lt;Response [200]&gt;</msg>
<var>${response}</var>
<arg>consultarAPI</arg>
<arg>/api</arg>
<doc>Sends a GET request on a previously created HTTP Session.</doc>
<status status="PASS" start="2024-03-21T11:12:25.704831" elapsed="0.077946"/>
</kw>
<kw name="Set Variable" owner="BuiltIn">
<msg time="2024-03-21T11:12:25.783676" level="INFO">${json_data} = {'results': [{'gender': 'female', 'name': {'title': 'Mrs', 'first': 'Jade', 'last': 'Clark'}, 'location': {'street': {'number': 1480, 'name': 'Regent Ave'}, 'city': 'Cochrane', 'state': 'Manitoba', 'c...</msg>
<var>${json_data}</var>
<arg>${response.json()}</arg>
<doc>Returns the given values which can then be assigned to a variables.</doc>
<status status="PASS" start="2024-03-21T11:12:25.783197" elapsed="0.000508"/>
</kw>
<kw name="Log" owner="BuiltIn">
<msg time="2024-03-21T11:12:25.784170" level="INFO">{'results': [{'gender': 'female', 'name': {'title': 'Mrs', 'first': 'Jade', 'last': 'Clark'}, 'location': {'street': {'number': 1480, 'name': 'Regent Ave'}, 'city': 'Cochrane', 'state': 'Manitoba', 'country': 'Canada', 'postcode': 'K2N 7E7', 'coordinates': {'latitude': '-67.4362', 'longitude': '65.5978'}, 'timezone': {'offset': '0:00', 'description': 'Western Europe Time, London, Lisbon, Casablanca'}}, 'email': 'jade.clark@example.com', 'login': {'uuid': '83872c33-4736-43b7-8ce2-71f89f7dc173', 'username': 'blackkoala158', 'password': 'tartar', 'salt': 'BnznTBUX', 'md5': 'ac07dc605b99897c0ff0837528c4016e', 'sha1': '2d2f99c32c2094e549e4bab06324d5be0f393567', 'sha256': '10ca903dbe0004afd902f5529d45608ee1f45def15ad5ded2eaa5260ca60ca8e'}, 'dob': {'date': '1999-10-12T12:12:52.074Z', 'age': 24}, 'registered': {'date': '2013-07-09T05:15:29.301Z', 'age': 10}, 'phone': 'Z48 T04-1999', 'cell': 'P82 N06-1426', 'id': {'name': 'SIN', 'value': '195881313'}, 'picture': {'large': 'https://randomuser.me/api/portraits/women/55.jpg', 'medium': 'https://randomuser.me/api/portraits/med/women/55.jpg', 'thumbnail': 'https://randomuser.me/api/portraits/thumb/women/55.jpg'}, 'nat': 'CA'}], 'info': {'seed': '7294fa71b71d17fe', 'results': 1, 'page': 1, 'version': '1.4'}}</msg>
<arg>${json_data}</arg>
<doc>Logs the given message with the given level.</doc>
<status status="PASS" start="2024-03-21T11:12:25.784015" elapsed="0.000201"/>
</kw>
<kw name="Should Be String" owner="String">
<arg>${json_data['results'][0]['gender']}</arg>
<doc>Fails if the given ``item`` is not a string.</doc>
<status status="PASS" start="2024-03-21T11:12:25.784536" elapsed="0.000372"/>
</kw>
<kw name="Should Match Regexp" owner="BuiltIn">
<arg>${json_data['results'][0]['email']}</arg>
<arg>^[a-zA-Z0-9._%+-]+@[a-zA-Z0-9.-]+\.[a-zA-Z]{2,}$</arg>
<doc>Fails if ``string`` does not match ``pattern`` as a regular expression.</doc>
<status status="PASS" start="2024-03-21T11:12:25.785096" elapsed="0.000734"/>
</kw>
<kw name="Should Match Regexp" owner="BuiltIn">
<arg>${json_data['results'][0]['dob']['date']}</arg>
<arg>\\d{4}-\\d{2}-\\d{2}T\\d{2}:\\d{2}:\\d{2}\\.\\d{3}Z</arg>
<doc>Fails if ``string`` does not match ``pattern`` as a regular expression.</doc>
<status status="PASS" start="2024-03-21T11:12:25.786026" elapsed="0.000494"/>
</kw>
<kw name="Should Match Regexp" owner="BuiltIn">
<arg>${json_data['results'][0]['registered']['date']}</arg>
<arg>\\d{4}-\\d{2}-\\d{2}T\\d{2}:\\d{2}:\\d{2}\\.\\d{3}Z</arg>
<doc>Fails if ``string`` does not match ``pattern`` as a regular expression.</doc>
<status status="PASS" start="2024-03-21T11:12:25.786709" elapsed="0.000371"/>
</kw>
<kw name="Should Match Regexp" owner="BuiltIn">
<arg>${json_data['results'][0]['picture']['large']}</arg>
<arg>^https?://.*\.(?:png|jpe?g|gif|bmp)$</arg>
<doc>Fails if ``string`` does not match ``pattern`` as a regular expression.</doc>
<status status="PASS" start="2024-03-21T11:12:25.787264" elapsed="0.000459"/>
</kw>
<kw name="Should Match Regexp" owner="BuiltIn">
<arg>${json_data['results'][0]['picture']['medium']}</arg>
<arg>^https?://.*\.(?:png|jpe?g|gif|bmp)$</arg>
<doc>Fails if ``string`` does not match ``pattern`` as a regular expression.</doc>
<status status="PASS" start="2024-03-21T11:12:25.787905" elapsed="0.000353"/>
</kw>
<kw name="Should Match Regexp" owner="BuiltIn">
<arg>${json_data['results'][0]['picture']['thumbnail']}</arg>
<arg>^https?://.*\.(?:png|jpe?g|gif|bmp)$</arg>
<doc>Fails if ``string`` does not match ``pattern`` as a regular expression.</doc>
<status status="PASS" start="2024-03-21T11:12:25.788436" elapsed="0.000344"/>
</kw>
<kw name="Log" owner="BuiltIn">
<msg time="2024-03-21T11:12:25.789274" level="INFO">{'large': 'https://randomuser.me/api/portraits/women/55.jpg', 'medium': 'https://randomuser.me/api/portraits/med/women/55.jpg', 'thumbnail': 'https://randomuser.me/api/portraits/thumb/women/55.jpg'}</msg>
<arg>${json_data['results'][0]['picture']}</arg>
<doc>Logs the given message with the given level.</doc>
<status status="PASS" start="2024-03-21T11:12:25.788953" elapsed="0.000364"/>
</kw>
<status status="PASS" start="2024-03-21T11:12:25.704600" elapsed="0.085005"/>
</kw>
<kw name="Teste de Tipos de Dados - Postcode">
<kw name="GET On Session" owner="RequestsLibrary">
<msg time="2024-03-21T11:12:25.891108" level="INFO">GET Request : url=https://randomuser.me/api 
 path_url=/api 
 headers={'User-Agent': 'python-requests/2.31.0', 'Accept-Encoding': 'gzip, deflate', 'Accept': '*/*', 'Connection': 'keep-alive'} 
 body=None 
 </msg>
<msg time="2024-03-21T11:12:25.891225" level="INFO">GET Response : url=https://randomuser.me/api 
 status=200, reason=OK 
 headers={'Date': 'Thu, 21 Mar 2024 11:12:25 GMT', 'Content-Type': 'application/json; charset=utf-8', 'Transfer-Encoding': 'chunked', 'Connection': 'keep-alive', 'X-Powered-By': 'Express', 'Access-Control-Allow-Origin': '*', 'Cache-Control': 'no-cache', 'ETag': 'W/"480-zYsy7IE9FtPmaKZt5/6067DAQ5I"', 'Vary': 'Accept-Encoding', 'Content-Encoding': 'gzip', 'CF-Cache-Status': 'DYNAMIC', 'Report-To': '{"endpoints":[{"url":"https:\\/\\/a.nel.cloudflare.com\\/report\\/v4?s=Zm3JVkAF4G0gF7GadIqSrJcScZV9UpQgUcKnopsorW%2FiYYcBSd4PPLAgfMCvk8llhRt%2FN7DiZRhMk8VlZfmXm0tQjWJF351PeqPg7aKaigGso%2FcqnbnwkB0Z49kfNtfA"}],"group":"cf-nel","max_age":604800}', 'NEL': '{"success_fraction":0,"report_to":"cf-nel","max_age":604800}', 'Server': 'cloudflare', 'CF-RAY': '867d81c13d65083a-IAD', 'alt-svc': 'h3=":443"; ma=86400'} 
 body={"results":[{"gender":"male","name":{"title":"Mr","first":"محمدعلی","last":"کریمی"},"location":{"street":{"number":2431,"name":"فلسطین"},"city":"کاشان","state":"اصفهان","country":"Iran","postcode":40079,"coordinates":{"latitude":"13.2717","longitude":"-91.7954"},"timezone":{"offset":"+6:00","description":"Almaty, Dhaka, Colombo"}},"email":"mhmdaaly.khrymy@example.com","login":{"uuid":"cdc39d25-d47e-4cf8-aee3-4edb6d6f2e41","username":"whiteduck344","password":"tito","salt":"ZsD7V0IQ","md5":"defc2f5ac03eb97d194cb4be06f3e18a","sha1":"35a61ee97840f193718114f539549fe4c99bc19f","sha256":"419339f6d94ced9f8b7abcf341858be98834072bf7860053485e514c0f5f93cc"},"dob":{"date":"1996-03-30T20:25:21.618Z","age":27},"registered":{"date":"2019-09-02T11:54:50.517Z","age":4},"phone":"038-39182161","cell":"0960-272-9933","id":{"name":"","value":null},"picture":{"large":"https://randomuser.me/api/portraits/men/69.jpg","medium":"https://randomuser.me/api/portraits/med/men/69.jpg","thumbnail":"https://randomuser.me/api/portraits/thumb/men/69.jpg"},"nat":"IR"}],"info":{"seed":"ac4eb378916561c0","results":1,"page":1,"version":"1.4"}} 
 </msg>
<msg time="2024-03-21T11:12:25.891313" level="INFO">/opt/hostedtoolcache/Python/3.12.2/x64/lib/python3.12/site-packages/urllib3/connectionpool.py:1103: InsecureRequestWarning: Unverified HTTPS request is being made to host 'randomuser.me'. Adding certificate verification is strongly advised. See: https://urllib3.readthedocs.io/en/latest/advanced-usage.html#tls-warnings
  warnings.warn(</msg>
<msg time="2024-03-21T11:12:25.891478" level="INFO">${response} = &lt;Response [200]&gt;</msg>
<var>${response}</var>
<arg>consultarAPI</arg>
<arg>/api</arg>
<doc>Sends a GET request on a previously created HTTP Session.</doc>
<status status="PASS" start="2024-03-21T11:12:25.790062" elapsed="0.101465"/>
</kw>
<kw name="Set Variable" owner="BuiltIn">
<msg time="2024-03-21T11:12:25.892606" level="INFO">${json_data} = {'results': [{'gender': 'male', 'name': {'title': 'Mr', 'first': 'محمدعلی', 'last': 'کریمی'}, 'location': {'street': {'number': 2431, 'name': 'فلسطین'}, 'city': 'کاشان', 'state': 'اصفهان', 'country': ...</msg>
<var>${json_data}</var>
<arg>${response.json()}</arg>
<doc>Returns the given values which can then be assigned to a variables.</doc>
<status status="PASS" start="2024-03-21T11:12:25.892061" elapsed="0.000577"/>
</kw>
<kw name="Log" owner="BuiltIn">
<msg time="2024-03-21T11:12:25.893107" level="INFO">{'results': [{'gender': 'male', 'name': {'title': 'Mr', 'first': 'محمدعلی', 'last': 'کریمی'}, 'location': {'street': {'number': 2431, 'name': 'فلسطین'}, 'city': 'کاشان', 'state': 'اصفهان', 'country': 'Iran', 'postcode': 40079, 'coordinates': {'latitude': '13.2717', 'longitude': '-91.7954'}, 'timezone': {'offset': '+6:00', 'description': 'Almaty, Dhaka, Colombo'}}, 'email': 'mhmdaaly.khrymy@example.com', 'login': {'uuid': 'cdc39d25-d47e-4cf8-aee3-4edb6d6f2e41', 'username': 'whiteduck344', 'password': 'tito', 'salt': 'ZsD7V0IQ', 'md5': 'defc2f5ac03eb97d194cb4be06f3e18a', 'sha1': '35a61ee97840f193718114f539549fe4c99bc19f', 'sha256': '419339f6d94ced9f8b7abcf341858be98834072bf7860053485e514c0f5f93cc'}, 'dob': {'date': '1996-03-30T20:25:21.618Z', 'age': 27}, 'registered': {'date': '2019-09-02T11:54:50.517Z', 'age': 4}, 'phone': '038-39182161', 'cell': '0960-272-9933', 'id': {'name': '', 'value': None}, 'picture': {'large': 'https://randomuser.me/api/portraits/men/69.jpg', 'medium': 'https://randomuser.me/api/portraits/med/men/69.jpg', 'thumbnail': 'https://randomuser.me/api/portraits/thumb/men/69.jpg'}, 'nat': 'IR'}], 'info': {'seed': 'ac4eb378916561c0', 'results': 1, 'page': 1, 'version': '1.4'}}</msg>
<arg>${json_data}</arg>
<doc>Logs the given message with the given level.</doc>
<status status="PASS" start="2024-03-21T11:12:25.892944" elapsed="0.000215"/>
</kw>
<kw name="Should Be Equal As Numbers" owner="BuiltIn">
<arg>${json_data['results'][0]['location']['postcode']}</arg>
<arg>${json_data['results'][0]['location']['postcode']}</arg>
<doc>Fails if objects are unequal after converting them to real numbers.</doc>
<status status="PASS" start="2024-03-21T11:12:25.893505" elapsed="0.000645"/>
</kw>
<kw name="Log" owner="BuiltIn">
<msg time="2024-03-21T11:12:25.894716" level="INFO">40079</msg>
<arg>${json_data['results'][0]['location']['postcode']}</arg>
<doc>Logs the given message with the given level.</doc>
<status status="PASS" start="2024-03-21T11:12:25.894373" elapsed="0.000386"/>
</kw>
<status status="PASS" start="2024-03-21T11:12:25.789829" elapsed="0.105195"/>
</kw>
<doc>Testa se os tipos de dados na resposta da API estão corretos.</doc>
<tag>testeTiposDados</tag>
<status status="PASS" start="2024-03-21T11:12:25.704018" elapsed="0.191187"/>
</test>
<test id="s1-s1-t5" name="Validar conteudo" line="46">
<kw name="Teste de Tipos de Conteudo">
<kw name="GET On Session" owner="RequestsLibrary">
<msg time="2024-03-21T11:12:25.982315" level="INFO">GET Request : url=https://randomuser.me/api 
 path_url=/api 
 headers={'User-Agent': 'python-requests/2.31.0', 'Accept-Encoding': 'gzip, deflate', 'Accept': '*/*', 'Connection': 'keep-alive'} 
 body=None 
 </msg>
<msg time="2024-03-21T11:12:25.982429" level="INFO">GET Response : url=https://randomuser.me/api 
 status=200, reason=OK 
 headers={'Date': 'Thu, 21 Mar 2024 11:12:25 GMT', 'Content-Type': 'application/json; charset=utf-8', 'Transfer-Encoding': 'chunked', 'Connection': 'keep-alive', 'X-Powered-By': 'Express', 'Access-Control-Allow-Origin': '*', 'Cache-Control': 'no-cache', 'ETag': 'W/"4c2-hniGQrqYgK/yHIlGErfUiFj3Lko"', 'Vary': 'Accept-Encoding', 'Content-Encoding': 'gzip', 'CF-Cache-Status': 'DYNAMIC', 'Report-To': '{"endpoints":[{"url":"https:\\/\\/a.nel.cloudflare.com\\/report\\/v4?s=HLnqrhWakIfNLTlU56dXwl0rozK7%2BezcmepqhLkWNgZDOVDZcF3QbTqYvwdcwr2%2BGV1joOBxLAakV2QCdsDy49Hi6iLZQqF68uJUWCWcX1WuRQfAfziwI0%2FP9fHOxWNo"}],"group":"cf-nel","max_age":604800}', 'NEL': '{"success_fraction":0,"report_to":"cf-nel","max_age":604800}', 'Server': 'cloudflare', 'CF-RAY': '867d81c1ee62083a-IAD', 'alt-svc': 'h3=":443"; ma=86400'} 
 body={"results":[{"gender":"female","name":{"title":"Ms","first":"María Luisa","last":"Jimínez"},"location":{"street":{"number":8096,"name":"Boulevard Norte Trejo"},"city":"San Miguel Ajusco","state":"Quintana Roo","country":"Mexico","postcode":93339,"coordinates":{"latitude":"22.3013","longitude":"119.0391"},"timezone":{"offset":"+5:00","description":"Ekaterinburg, Islamabad, Karachi, Tashkent"}},"email":"marialuisa.jiminez@example.com","login":{"uuid":"a7eac2bb-ebe4-483c-9c44-fcb7b387cdba","username":"crazyzebra795","password":"doug","salt":"R6tFoY2Y","md5":"96abd89b97ed948fd3c5e32412d7f9b6","sha1":"92ec8b09f42b99f77318f1d8845ee97eb3f4acb2","sha256":"2bc5a3a6ef33f0e3e9a5ef6ee69ea7b613e60b0f88ff79ad48efab2d6bb13694"},"dob":{"date":"1986-04-29T23:42:55.515Z","age":37},"registered":{"date":"2011-04-20T18:36:14.675Z","age":12},"phone":"(625) 478 7612","cell":"(662) 280 5456","id":{"name":"NSS","value":"03 25 30 4480 1"},"picture":{"large":"https://randomuser.me/api/portraits/women/71.jpg","medium":"https://randomuser.me/api/portraits/med/women/71.jpg","thumbnail":"https://randomuser.me/api/portraits/thumb/women/71.jpg"},"nat":"MX"}],"info":{"seed":"a8b4bc2e412049d0","results":1,"page":1,"version":"1.4"}} 
 </msg>
<msg time="2024-03-21T11:12:25.982518" level="INFO">/opt/hostedtoolcache/Python/3.12.2/x64/lib/python3.12/site-packages/urllib3/connectionpool.py:1103: InsecureRequestWarning: Unverified HTTPS request is being made to host 'randomuser.me'. Adding certificate verification is strongly advised. See: https://urllib3.readthedocs.io/en/latest/advanced-usage.html#tls-warnings
  warnings.warn(</msg>
<msg time="2024-03-21T11:12:25.982685" level="INFO">${response} = &lt;Response [200]&gt;</msg>
<var>${response}</var>
<arg>consultarAPI</arg>
<arg>/api</arg>
<doc>Sends a GET request on a previously created HTTP Session.</doc>
<status status="PASS" start="2024-03-21T11:12:25.897711" elapsed="0.085020"/>
</kw>
<kw name="Set Variable" owner="BuiltIn">
<msg time="2024-03-21T11:12:25.983781" level="INFO">${json_data} = {'results': [{'gender': 'female', 'name': {'title': 'Ms', 'first': 'María Luisa', 'last': 'Jimínez'}, 'location': {'street': {'number': 8096, 'name': 'Boulevard Norte Trejo'}, 'city': 'San Miguel Ajus...</msg>
<var>${json_data}</var>
<arg>${response.json()}</arg>
<doc>Returns the given values which can then be assigned to a variables.</doc>
<status status="PASS" start="2024-03-21T11:12:25.983268" elapsed="0.000542"/>
</kw>
<kw name="Set Variable" owner="BuiltIn">
<msg time="2024-03-21T11:12:25.984493" level="INFO">${name_title} = Ms</msg>
<var>${name_title}</var>
<arg>${json_data["results"][0]["name"]["title"]}</arg>
<doc>Returns the given values which can then be assigned to a variables.</doc>
<status status="PASS" start="2024-03-21T11:12:25.984109" elapsed="0.000409"/>
</kw>
<kw name="Create List" owner="BuiltIn">
<msg time="2024-03-21T11:12:25.984955" level="INFO">${allowed_titles} = ['Mr', 'Ms', 'Miss', 'Mrs', 'Madame', 'Monsieur']</msg>
<var>${allowed_titles}</var>
<arg>Mr</arg>
<arg>Ms</arg>
<arg>Miss</arg>
<arg>Mrs</arg>
<arg>Madame</arg>
<arg>Monsieur</arg>
<doc>Returns a list containing given items.</doc>
<status status="PASS" start="2024-03-21T11:12:25.984805" elapsed="0.000174"/>
</kw>
<kw name="List Should Contain Value" owner="Collections">
<msg time="2024-03-21T11:12:25.985498" level="INFO">False</msg>
<arg>${allowed_titles}</arg>
<arg>${name_title}</arg>
<doc>Fails if the ``value`` is not found from ``list``.</doc>
<status status="PASS" start="2024-03-21T11:12:25.985276" elapsed="0.000261"/>
</kw>
<kw name="Set Variable" owner="BuiltIn">
<msg time="2024-03-21T11:12:25.986217" level="INFO">${name_country} = MX</msg>
<var>${name_country}</var>
<arg>${json_data["results"][0]["nat"]}</arg>
<doc>Returns the given values which can then be assigned to a variables.</doc>
<status status="PASS" start="2024-03-21T11:12:25.985833" elapsed="0.000409"/>
</kw>
<kw name="Create List" owner="BuiltIn">
<msg time="2024-03-21T11:12:25.987135" level="INFO">${list_country} = ['AD', 'AE', 'AF', 'AG', 'AI', 'AL', 'AM', 'AO', 'AQ', 'AR', 'AS', 'AT', 'AU', 'AW', 'AX', 'AZ', 'BA', 'BB', 'BD', 'BE', 'BF', 'BG', 'BH', 'BI', 'BJ', 'BL', 'BM', 'BN', 'BO', 'BQ', 'BR', 'BS', 'BT', '...</msg>
<var>${list_country}</var>
<arg>AD</arg>
<arg>AE</arg>
<arg>AF</arg>
<arg>AG</arg>
<arg>AI</arg>
<arg>AL</arg>
<arg>AM</arg>
<arg>AO</arg>
<arg>AQ</arg>
<arg>AR</arg>
<arg>AS</arg>
<arg>AT</arg>
<arg>AU</arg>
<arg>AW</arg>
<arg>AX</arg>
<arg>AZ</arg>
<arg>BA</arg>
<arg>BB</arg>
<arg>BD</arg>
<arg>BE</arg>
<arg>BF</arg>
<arg>BG</arg>
<arg>BH</arg>
<arg>BI</arg>
<arg>BJ</arg>
<arg>BL</arg>
<arg>BM</arg>
<arg>BN</arg>
<arg>BO</arg>
<arg>BQ</arg>
<arg>BR</arg>
<arg>BS</arg>
<arg>BT</arg>
<arg>BV</arg>
<arg>BW</arg>
<arg>BY</arg>
<arg>BZ</arg>
<arg>CA</arg>
<arg>CC</arg>
<arg>CD</arg>
<arg>CF</arg>
<arg>CG</arg>
<arg>CH</arg>
<arg>CI</arg>
<arg>CK</arg>
<arg>CL</arg>
<arg>CM</arg>
<arg>CN</arg>
<arg>CO</arg>
<arg>CR</arg>
<arg>CU</arg>
<arg>CV</arg>
<arg>CW</arg>
<arg>CX</arg>
<arg>CY</arg>
<arg>CZ</arg>
<arg>DE</arg>
<arg>DJ</arg>
<arg>DK</arg>
<arg>DM</arg>
<arg>DO</arg>
<arg>DZ</arg>
<arg>EC</arg>
<arg>EE</arg>
<arg>EG</arg>
<arg>EH</arg>
<arg>ER</arg>
<arg>ES</arg>
<arg>ET</arg>
<arg>FI</arg>
<arg>FJ</arg>
<arg>FK</arg>
<arg>FM</arg>
<arg>FO</arg>
<arg>FR</arg>
<arg>GA</arg>
<arg>GB</arg>
<arg>GD</arg>
<arg>GE</arg>
<arg>GF</arg>
<arg>GG</arg>
<arg>GH</arg>
<arg>GI</arg>
<arg>GL</arg>
<arg>GM</arg>
<arg>GN</arg>
<arg>GP</arg>
<arg>GQ</arg>
<arg>GR</arg>
<arg>GS</arg>
<arg>GT</arg>
<arg>GU</arg>
<arg>GW</arg>
<arg>GY</arg>
<arg>HK</arg>
<arg>HM</arg>
<arg>HN</arg>
<arg>HR</arg>
<arg>HT</arg>
<arg>HU</arg>
<arg>ID</arg>
<arg>IE</arg>
<arg>IL</arg>
<arg>IM</arg>
<arg>IN</arg>
<arg>IO</arg>
<arg>IQ</arg>
<arg>IR</arg>
<arg>IS</arg>
<arg>IT</arg>
<arg>JE</arg>
<arg>JM</arg>
<arg>JO</arg>
<arg>JP</arg>
<arg>KE</arg>
<arg>KG</arg>
<arg>KH</arg>
<arg>KI</arg>
<arg>KM</arg>
<arg>KN</arg>
<arg>KP</arg>
<arg>KR</arg>
<arg>KW</arg>
<arg>KY</arg>
<arg>KZ</arg>
<arg>LA</arg>
<arg>LB</arg>
<arg>LC</arg>
<arg>LI</arg>
<arg>LK</arg>
<arg>LR</arg>
<arg>LS</arg>
<arg>LT</arg>
<arg>LU</arg>
<arg>LV</arg>
<arg>LY</arg>
<arg>MA</arg>
<arg>MC</arg>
<arg>MD</arg>
<arg>ME</arg>
<arg>MF</arg>
<arg>MG</arg>
<arg>MH</arg>
<arg>MK</arg>
<arg>ML</arg>
<arg>MM</arg>
<arg>MN</arg>
<arg>MO</arg>
<arg>MP</arg>
<arg>MQ</arg>
<arg>MR</arg>
<arg>MS</arg>
<arg>MT</arg>
<arg>MU</arg>
<arg>MV</arg>
<arg>MW</arg>
<arg>MX</arg>
<arg>MY</arg>
<arg>MZ</arg>
<arg>NA</arg>
<arg>NC</arg>
<arg>NE</arg>
<arg>NF</arg>
<arg>NG</arg>
<arg>NI</arg>
<arg>NL</arg>
<arg>NO</arg>
<arg>NP</arg>
<arg>NR</arg>
<arg>NU</arg>
<arg>NZ</arg>
<arg>OM</arg>
<arg>PA</arg>
<arg>PE</arg>
<arg>PF</arg>
<arg>PG</arg>
<arg>PH</arg>
<arg>PK</arg>
<arg>PL</arg>
<arg>PM</arg>
<arg>PN</arg>
<arg>PR</arg>
<arg>PS</arg>
<arg>PT</arg>
<arg>PW</arg>
<arg>PY</arg>
<arg>QA</arg>
<arg>RE</arg>
<arg>RO</arg>
<arg>RS</arg>
<arg>RU</arg>
<arg>RW</arg>
<arg>SA</arg>
<arg>SB</arg>
<arg>SC</arg>
<arg>SD</arg>
<arg>SE</arg>
<arg>SG</arg>
<arg>SH</arg>
<arg>SI</arg>
<arg>SJ</arg>
<arg>SK</arg>
<arg>SL</arg>
<arg>SM</arg>
<arg>SN</arg>
<arg>SO</arg>
<arg>SR</arg>
<arg>SS</arg>
<arg>ST</arg>
<arg>SV</arg>
<arg>SX</arg>
<arg>SY</arg>
<arg>SZ</arg>
<arg>TC</arg>
<arg>TD</arg>
<arg>TF</arg>
<arg>TG</arg>
<arg>TH</arg>
<arg>TJ</arg>
<arg>TK</arg>
<arg>TL</arg>
<arg>TM</arg>
<arg>TN</arg>
<arg>TO</arg>
<arg>TR</arg>
<arg>TT</arg>
<arg>TV</arg>
<arg>TW</arg>
<arg>TZ</arg>
<arg>UA</arg>
<arg>UG</arg>
<arg>UM</arg>
<arg>US</arg>
<arg>UY</arg>
<arg>UZ</arg>
<arg>VA</arg>
<arg>VC</arg>
<arg>VE</arg>
<arg>VG</arg>
<arg>VI</arg>
<arg>VN</arg>
<arg>VU</arg>
<arg>WF</arg>
<arg>WS</arg>
<arg>XK</arg>
<arg>YE</arg>
<arg>YT</arg>
<arg>ZA</arg>
<arg>ZM</arg>
<arg>ZW</arg>
<doc>Returns a list containing given items.</doc>
<status status="PASS" start="2024-03-21T11:12:25.986533" elapsed="0.000628"/>
</kw>
<kw name="List Should Contain Value" owner="Collections">
<msg time="2024-03-21T11:12:25.988347" level="INFO">False</msg>
<arg>${list_country}</arg>
<arg>${name_country}</arg>
<doc>Fails if the ``value`` is not found from ``list``.</doc>
<status status="PASS" start="2024-03-21T11:12:25.988140" elapsed="0.000246"/>
</kw>
<kw name="Run Keyword If" owner="BuiltIn">
<kw name="Should Be True" owner="BuiltIn">
<arg>${True}</arg>
<doc>Fails if the given condition is not true.</doc>
<status status="PASS" start="2024-03-21T11:12:25.989459" elapsed="0.000155"/>
</kw>
<arg>${json_data["results"][0]["location"]["coordinates"]["latitude"]} &gt;= -90 and ${json_data["results"][0]["location"]["coordinates"]["latitude"]} &lt;= 90</arg>
<arg>Should Be True</arg>
<arg>${True}</arg>
<doc>Runs the given keyword with the given arguments, if ``condition`` is true.</doc>
<status status="PASS" start="2024-03-21T11:12:25.988692" elapsed="0.001050"/>
</kw>
<kw name="Run Keyword If" owner="BuiltIn">
<kw name="Should Be True" owner="BuiltIn">
<arg>${True}</arg>
<doc>Fails if the given condition is not true.</doc>
<status status="PASS" start="2024-03-21T11:12:25.990602" elapsed="0.000138"/>
</kw>
<arg>${json_data["results"][0]["location"]["coordinates"]["longitude"]} &gt;= -180 and ${json_data["results"][0]["location"]["coordinates"]["longitude"]} &lt;= 180</arg>
<arg>Should Be True</arg>
<arg>${True}</arg>
<doc>Runs the given keyword with the given arguments, if ``condition`` is true.</doc>
<status status="PASS" start="2024-03-21T11:12:25.989920" elapsed="0.000945"/>
</kw>
<status status="PASS" start="2024-03-21T11:12:25.897476" elapsed="0.093520"/>
</kw>
<doc>Testa o conteúdo específico dos campos retornados pela API.</doc>
<tag>testeConteudo</tag>
<status status="PASS" start="2024-03-21T11:12:25.896998" elapsed="0.094151"/>
</test>
<status status="PASS" start="2024-03-21T11:12:25.198004" elapsed="0.795047"/>
</suite>
<status status="PASS" start="2024-03-21T11:12:25.184284" elapsed="0.814065"/>
</suite>
<statistics>
<total>
<stat pass="5" fail="0" skip="0">All Tests</stat>
</total>
<tag>
<stat pass="1" fail="0" skip="0">testeConteudo</stat>
<stat pass="1" fail="0" skip="0">testeEstruturaResposta</stat>
<stat pass="1" fail="0" skip="0">testeRequisicaoBasica</stat>
<stat pass="1" fail="0" skip="0">testeTiposDados</stat>
</tag>
<suite>
<stat pass="5" fail="0" skip="0" id="s1" name="Tests">Tests</stat>
<stat pass="5" fail="0" skip="0" id="s1-s1" name="Random-User-Test">Tests.Random-User-Test</stat>
</suite>
</statistics>
<errors>
</errors>
</robot>
