<?xml version="1.0" encoding="UTF-8"?>
<robot generator="Robot 7.0 (Python 3.12.2 on linux)" generated="2024-04-09T09:14:43.245733" rpa="false" schemaversion="5">
<suite id="s1" name="Tests" source="/home/runner/work/DesafioQAItauRogerioJordao/DesafioQAItauRogerioJordao/RamdonUser/tests">
<suite id="s1-s1" name="Random-User-Test" source="/home/runner/work/DesafioQAItauRogerioJordao/DesafioQAItauRogerioJordao/RamdonUser/tests/random-user-test.robot">
<test id="s1-s1-t1" name="Conectar" line="13">
<kw name="Conectar API" owner="random-user-service">
<kw name="Create Session" owner="RequestsLibrary">
<msg time="2024-04-09T09:14:43.610481" level="INFO">Creating Session using : alias=consultarAPI, url=https://randomuser.me/, headers={},                     cookies={}, auth=None, timeout=None, proxies=None, verify=False,                     debug=0 </msg>
<arg>consultarAPI</arg>
<arg>${URL}</arg>
<doc>Create Session: create a HTTP session to a server</doc>
<status status="PASS" start="2024-04-09T09:14:43.610285" elapsed="0.000370"/>
</kw>
<status status="PASS" start="2024-04-09T09:14:43.609281" elapsed="0.001737"/>
</kw>
<status status="PASS" start="2024-04-09T09:14:43.608709" elapsed="0.002540"/>
</test>
<test id="s1-s1-t2" name="Validar retorno 200 e JSON Válido" line="16">
<kw name="Teste de Requisicao Basica" owner="random-user-service">
<kw name="GET On Session" owner="RequestsLibrary">
<msg time="2024-04-09T09:14:43.828639" level="INFO">GET Request : url=https://randomuser.me/api 
 path_url=/api 
 headers={'User-Agent': 'python-requests/2.31.0', 'Accept-Encoding': 'gzip, deflate', 'Accept': '*/*', 'Connection': 'keep-alive'} 
 body=None 
 </msg>
<msg time="2024-04-09T09:14:43.828771" level="INFO">GET Response : url=https://randomuser.me/api 
 status=200, reason=OK 
 headers={'Date': 'Tue, 09 Apr 2024 09:14:43 GMT', 'Content-Type': 'application/json; charset=utf-8', 'Transfer-Encoding': 'chunked', 'Connection': 'keep-alive', 'X-Powered-By': 'Express', 'Access-Control-Allow-Origin': '*', 'Cache-Control': 'no-cache', 'ETag': 'W/"4ab-eNMF9MrRS1Wj56TqLNXj7isF78I"', 'Vary': 'Accept-Encoding', 'Content-Encoding': 'gzip', 'CF-Cache-Status': 'DYNAMIC', 'Report-To': '{"endpoints":[{"url":"https:\\/\\/a.nel.cloudflare.com\\/report\\/v4?s=Y0UQM0eZi95b79LacV1TYG0fjsTeP57iSaRl9b7EYizAWGuSTJouMCtqwiKb0n6DUGs1P6u4GhdraX6l5p6II8n3wGAinI51nMLiscaDFvGpeRdNA63u4sHPeI7Hdghh"}],"group":"cf-nel","max_age":604800}', 'NEL': '{"success_fraction":0,"report_to":"cf-nel","max_age":604800}', 'Server': 'cloudflare', 'CF-RAY': '871963776ce57ad6-SJC', 'alt-svc': 'h3=":443"; ma=86400'} 
 body={"results":[{"gender":"female","name":{"title":"Miss","first":"Emilie","last":"Fernandez"},"location":{"street":{"number":5637,"name":"Rue Louis-Blanqui"},"city":"Villeurbanne","state":"Essonne","country":"France","postcode":88626,"coordinates":{"latitude":"-19.9919","longitude":"111.0631"},"timezone":{"offset":"+4:00","description":"Abu Dhabi, Muscat, Baku, Tbilisi"}},"email":"emilie.fernandez@example.com","login":{"uuid":"54199ef4-d4f0-4ca0-868c-62fcac5dab09","username":"silvergoose236","password":"laurel","salt":"q7cXOdqA","md5":"87295d14f9775d391b93b578bc16b603","sha1":"59e42f4ee7040f48373b4a182684809a5cbe6c11","sha256":"9cefc00b6a0a61bded62519f24f4c1270a7f4d72465754fd5401e924caf97547"},"dob":{"date":"1998-05-13T11:00:05.719Z","age":25},"registered":{"date":"2017-08-05T17:55:29.317Z","age":6},"phone":"04-38-67-06-35","cell":"06-10-42-38-56","id":{"name":"INSEE","value":"2980483879931 55"},"picture":{"large":"https://randomuser.me/api/portraits/women/65.jpg","medium":"https://randomuser.me/api/portraits/med/women/65.jpg","thumbnail":"https://randomuser.me/api/portraits/thumb/women/65.jpg"},"nat":"FR"}],"info":{"seed":"0b83214bf28caf6c","results":1,"page":1,"version":"1.4"}} 
 </msg>
<msg time="2024-04-09T09:14:43.828849" level="INFO">/opt/hostedtoolcache/Python/3.12.2/x64/lib/python3.12/site-packages/urllib3/connectionpool.py:1103: InsecureRequestWarning: Unverified HTTPS request is being made to host 'randomuser.me'. Adding certificate verification is strongly advised. See: https://urllib3.readthedocs.io/en/latest/advanced-usage.html#tls-warnings
  warnings.warn(</msg>
<msg time="2024-04-09T09:14:43.828982" level="INFO">${response} = &lt;Response [200]&gt;</msg>
<var>${response}</var>
<arg>consultarAPI</arg>
<arg>/api</arg>
<doc>Sends a GET request on a previously created HTTP Session.</doc>
<status status="PASS" start="2024-04-09T09:14:43.613793" elapsed="0.215232"/>
</kw>
<kw name="Should Be Equal As Numbers" owner="BuiltIn">
<msg time="2024-04-09T09:14:43.830126" level="INFO">Argument types are:
&lt;class 'int'&gt;
&lt;class 'str'&gt;</msg>
<arg>${response.status_code}</arg>
<arg>200</arg>
<doc>Fails if objects are unequal after converting them to real numbers.</doc>
<status status="PASS" start="2024-04-09T09:14:43.829632" elapsed="0.000560"/>
</kw>
<kw name="Log" owner="BuiltIn">
<msg time="2024-04-09T09:14:43.830876" level="INFO">200</msg>
<arg>${response.status_code}</arg>
<doc>Logs the given message with the given level.</doc>
<status status="PASS" start="2024-04-09T09:14:43.830519" elapsed="0.000401"/>
</kw>
<kw name="Set Variable" owner="BuiltIn">
<msg time="2024-04-09T09:14:43.831742" level="INFO">${json_data} = {'results': [{'gender': 'female', 'name': {'title': 'Miss', 'first': 'Emilie', 'last': 'Fernandez'}, 'location': {'street': {'number': 5637, 'name': 'Rue Louis-Blanqui'}, 'city': 'Villeurbanne', 'stat...</msg>
<var>${json_data}</var>
<arg>${response.json()}</arg>
<doc>Returns the given values which can then be assigned to a variables.</doc>
<status status="PASS" start="2024-04-09T09:14:43.831299" elapsed="0.000471"/>
</kw>
<kw name="Dictionary Should Contain Key" owner="Collections">
<msg time="2024-04-09T09:14:43.832240" level="INFO">False</msg>
<arg>${json_data}</arg>
<arg>results</arg>
<doc>Fails if ``key`` is not found from ``dictionary``.</doc>
<status status="PASS" start="2024-04-09T09:14:43.832072" elapsed="0.000207"/>
</kw>
<status status="PASS" start="2024-04-09T09:14:43.613544" elapsed="0.218995"/>
</kw>
<doc>Testa se a API responde corretamente e retorna um objeto JSON válido.</doc>
<tag>testeRequisicaoBasica</tag>
<status status="PASS" start="2024-04-09T09:14:43.613086" elapsed="0.219641"/>
</test>
<test id="s1-s1-t3" name="Validar estrutura de resposta" line="22">
<kw name="Teste de Estrutura de Resposta" owner="random-user-service">
<kw name="GET On Session" owner="RequestsLibrary">
<msg time="2024-04-09T09:14:43.927876" level="INFO">GET Request : url=https://randomuser.me/api 
 path_url=/api 
 headers={'User-Agent': 'python-requests/2.31.0', 'Accept-Encoding': 'gzip, deflate', 'Accept': '*/*', 'Connection': 'keep-alive'} 
 body=None 
 </msg>
<msg time="2024-04-09T09:14:43.927941" level="INFO">GET Response : url=https://randomuser.me/api 
 status=200, reason=OK 
 headers={'Date': 'Tue, 09 Apr 2024 09:14:43 GMT', 'Content-Type': 'application/json; charset=utf-8', 'Transfer-Encoding': 'chunked', 'Connection': 'keep-alive', 'X-Powered-By': 'Express', 'Access-Control-Allow-Origin': '*', 'Cache-Control': 'no-cache', 'ETag': 'W/"48e-Rd5D1Dy6k0H+6UvXSZPWTbDRU0s"', 'Vary': 'Accept-Encoding', 'Content-Encoding': 'gzip', 'CF-Cache-Status': 'DYNAMIC', 'Report-To': '{"endpoints":[{"url":"https:\\/\\/a.nel.cloudflare.com\\/report\\/v4?s=egl%2Be4pHwgby6ZE%2F9S8H456RSl5i6mq%2Fsv%2FNUtBCJUuzMZ6ksnyPnF%2Bf4rebXgr%2Fn6OUzdz%2FPVE6NPYmQYk0Jt6wJrixziCWmBjkTY7m54eb3wF%2F1V%2FGWAljyKxdCwBT"}],"group":"cf-nel","max_age":604800}', 'NEL': '{"success_fraction":0,"report_to":"cf-nel","max_age":604800}', 'Server': 'cloudflare', 'CF-RAY': '87196377fdbf7ad6-SJC', 'alt-svc': 'h3=":443"; ma=86400'} 
 body={"results":[{"gender":"male","name":{"title":"Mr","first":"Cameron","last":"Johnson"},"location":{"street":{"number":3713,"name":"Courtenay Place"},"city":"Dunedin","state":"Northland","country":"New Zealand","postcode":17350,"coordinates":{"latitude":"51.0022","longitude":"-154.6964"},"timezone":{"offset":"+5:30","description":"Bombay, Calcutta, Madras, New Delhi"}},"email":"cameron.johnson@example.com","login":{"uuid":"35b52281-9118-4a99-ac64-8acb0f53b340","username":"happyfish603","password":"rrpass1","salt":"KefGOMKz","md5":"fe52adf90c7832ed2b8d9506ba34ebab","sha1":"4bf4e4a821c5616ab683071b12a8af2b98c071aa","sha256":"4edb409e3affd13831c755c1eccce837abd8adf4d0b4182f461121b11bb78b49"},"dob":{"date":"1982-11-30T19:09:24.002Z","age":41},"registered":{"date":"2017-10-22T16:05:06.252Z","age":6},"phone":"(093)-272-2096","cell":"(598)-871-5718","id":{"name":"","value":null},"picture":{"large":"https://randomuser.me/api/portraits/men/69.jpg","medium":"https://randomuser.me/api/portraits/med/men/69.jpg","thumbnail":"https://randomuser.me/api/portraits/thumb/men/69.jpg"},"nat":"NZ"}],"info":{"seed":"e6773169dfd7f045","results":1,"page":1,"version":"1.4"}} 
 </msg>
<msg time="2024-04-09T09:14:43.928045" level="INFO">/opt/hostedtoolcache/Python/3.12.2/x64/lib/python3.12/site-packages/urllib3/connectionpool.py:1103: InsecureRequestWarning: Unverified HTTPS request is being made to host 'randomuser.me'. Adding certificate verification is strongly advised. See: https://urllib3.readthedocs.io/en/latest/advanced-usage.html#tls-warnings
  warnings.warn(</msg>
<msg time="2024-04-09T09:14:43.928140" level="INFO">${response} = &lt;Response [200]&gt;</msg>
<var>${response}</var>
<arg>consultarAPI</arg>
<arg>/api</arg>
<doc>Sends a GET request on a previously created HTTP Session.</doc>
<status status="PASS" start="2024-04-09T09:14:43.835530" elapsed="0.092638"/>
</kw>
<kw name="Set Variable" owner="BuiltIn">
<msg time="2024-04-09T09:14:43.929005" level="INFO">${json_data} = {'results': [{'gender': 'male', 'name': {'title': 'Mr', 'first': 'Cameron', 'last': 'Johnson'}, 'location': {'street': {'number': 3713, 'name': 'Courtenay Place'}, 'city': 'Dunedin', 'state': 'Northla...</msg>
<var>${json_data}</var>
<arg>${response.json()}</arg>
<doc>Returns the given values which can then be assigned to a variables.</doc>
<status status="PASS" start="2024-04-09T09:14:43.928552" elapsed="0.000481"/>
</kw>
<kw name="Log" owner="BuiltIn">
<msg time="2024-04-09T09:14:43.929501" level="INFO">{'results': [{'gender': 'male', 'name': {'title': 'Mr', 'first': 'Cameron', 'last': 'Johnson'}, 'location': {'street': {'number': 3713, 'name': 'Courtenay Place'}, 'city': 'Dunedin', 'state': 'Northland', 'country': 'New Zealand', 'postcode': 17350, 'coordinates': {'latitude': '51.0022', 'longitude': '-154.6964'}, 'timezone': {'offset': '+5:30', 'description': 'Bombay, Calcutta, Madras, New Delhi'}}, 'email': 'cameron.johnson@example.com', 'login': {'uuid': '35b52281-9118-4a99-ac64-8acb0f53b340', 'username': 'happyfish603', 'password': 'rrpass1', 'salt': 'KefGOMKz', 'md5': 'fe52adf90c7832ed2b8d9506ba34ebab', 'sha1': '4bf4e4a821c5616ab683071b12a8af2b98c071aa', 'sha256': '4edb409e3affd13831c755c1eccce837abd8adf4d0b4182f461121b11bb78b49'}, 'dob': {'date': '1982-11-30T19:09:24.002Z', 'age': 41}, 'registered': {'date': '2017-10-22T16:05:06.252Z', 'age': 6}, 'phone': '(093)-272-2096', 'cell': '(598)-871-5718', 'id': {'name': '', 'value': None}, 'picture': {'large': 'https://randomuser.me/api/portraits/men/69.jpg', 'medium': 'https://randomuser.me/api/portraits/med/men/69.jpg', 'thumbnail': 'https://randomuser.me/api/portraits/thumb/men/69.jpg'}, 'nat': 'NZ'}], 'info': {'seed': 'e6773169dfd7f045', 'results': 1, 'page': 1, 'version': '1.4'}}</msg>
<arg>${json_data}</arg>
<doc>Logs the given message with the given level.</doc>
<status status="PASS" start="2024-04-09T09:14:43.929343" elapsed="0.000206"/>
</kw>
<kw name="Dictionary Should Contain Key" owner="Collections">
<msg time="2024-04-09T09:14:43.930002" level="INFO">False</msg>
<arg>${json_data}</arg>
<arg>results</arg>
<doc>Fails if ``key`` is not found from ``dictionary``.</doc>
<status status="PASS" start="2024-04-09T09:14:43.929849" elapsed="0.000191"/>
</kw>
<kw name="Should Not Be Empty" owner="BuiltIn">
<msg time="2024-04-09T09:14:43.930468" level="INFO">Length is 2.</msg>
<arg>${json_data}</arg>
<doc>Verifies that the given item is not empty.</doc>
<status status="PASS" start="2024-04-09T09:14:43.930335" elapsed="0.000172"/>
</kw>
<kw name="Create List" owner="BuiltIn">
<msg time="2024-04-09T09:14:43.930947" level="INFO">${expected_keys} = ['gender', 'name', 'location', 'email', 'login']</msg>
<var>${expected_keys}</var>
<arg>gender</arg>
<arg>name</arg>
<arg>location</arg>
<arg>email</arg>
<arg>login</arg>
<doc>Returns a list containing given items.</doc>
<status status="PASS" start="2024-04-09T09:14:43.930797" elapsed="0.000174"/>
</kw>
<for flavor="IN">
<iter>
<kw name="Dictionary Should Contain Key" owner="Collections">
<msg time="2024-04-09T09:14:43.932051" level="INFO">False</msg>
<arg>${json_data['results'][0]}</arg>
<arg>${key}</arg>
<doc>Fails if ``key`` is not found from ``dictionary``.</doc>
<status status="PASS" start="2024-04-09T09:14:43.931589" elapsed="0.000502"/>
</kw>
<kw name="Log" owner="BuiltIn">
<msg time="2024-04-09T09:14:43.932784" level="INFO">{'gender': 'male', 'name': {'title': 'Mr', 'first': 'Cameron', 'last': 'Johnson'}, 'location': {'street': {'number': 3713, 'name': 'Courtenay Place'}, 'city': 'Dunedin', 'state': 'Northland', 'country': 'New Zealand', 'postcode': 17350, 'coordinates': {'latitude': '51.0022', 'longitude': '-154.6964'}, 'timezone': {'offset': '+5:30', 'description': 'Bombay, Calcutta, Madras, New Delhi'}}, 'email': 'cameron.johnson@example.com', 'login': {'uuid': '35b52281-9118-4a99-ac64-8acb0f53b340', 'username': 'happyfish603', 'password': 'rrpass1', 'salt': 'KefGOMKz', 'md5': 'fe52adf90c7832ed2b8d9506ba34ebab', 'sha1': '4bf4e4a821c5616ab683071b12a8af2b98c071aa', 'sha256': '4edb409e3affd13831c755c1eccce837abd8adf4d0b4182f461121b11bb78b49'}, 'dob': {'date': '1982-11-30T19:09:24.002Z', 'age': 41}, 'registered': {'date': '2017-10-22T16:05:06.252Z', 'age': 6}, 'phone': '(093)-272-2096', 'cell': '(598)-871-5718', 'id': {'name': '', 'value': None}, 'picture': {'large': 'https://randomuser.me/api/portraits/men/69.jpg', 'medium': 'https://randomuser.me/api/portraits/med/men/69.jpg', 'thumbnail': 'https://randomuser.me/api/portraits/thumb/men/69.jpg'}, 'nat': 'NZ'}</msg>
<arg>${json_data['results'][0]}</arg>
<doc>Logs the given message with the given level.</doc>
<status status="PASS" start="2024-04-09T09:14:43.932406" elapsed="0.000433"/>
</kw>
<kw name="Log" owner="BuiltIn">
<msg time="2024-04-09T09:14:43.933273" level="INFO">gender</msg>
<arg>${key}</arg>
<doc>Logs the given message with the given level.</doc>
<status status="PASS" start="2024-04-09T09:14:43.933144" elapsed="0.000167"/>
</kw>
<var name="${key}">gender</var>
<status status="PASS" start="2024-04-09T09:14:43.931463" elapsed="0.002070"/>
</iter>
<iter>
<kw name="Dictionary Should Contain Key" owner="Collections">
<msg time="2024-04-09T09:14:43.934228" level="INFO">False</msg>
<arg>${json_data['results'][0]}</arg>
<arg>${key}</arg>
<doc>Fails if ``key`` is not found from ``dictionary``.</doc>
<status status="PASS" start="2024-04-09T09:14:43.933837" elapsed="0.000429"/>
</kw>
<kw name="Log" owner="BuiltIn">
<msg time="2024-04-09T09:14:43.934949" level="INFO">{'gender': 'male', 'name': {'title': 'Mr', 'first': 'Cameron', 'last': 'Johnson'}, 'location': {'street': {'number': 3713, 'name': 'Courtenay Place'}, 'city': 'Dunedin', 'state': 'Northland', 'country': 'New Zealand', 'postcode': 17350, 'coordinates': {'latitude': '51.0022', 'longitude': '-154.6964'}, 'timezone': {'offset': '+5:30', 'description': 'Bombay, Calcutta, Madras, New Delhi'}}, 'email': 'cameron.johnson@example.com', 'login': {'uuid': '35b52281-9118-4a99-ac64-8acb0f53b340', 'username': 'happyfish603', 'password': 'rrpass1', 'salt': 'KefGOMKz', 'md5': 'fe52adf90c7832ed2b8d9506ba34ebab', 'sha1': '4bf4e4a821c5616ab683071b12a8af2b98c071aa', 'sha256': '4edb409e3affd13831c755c1eccce837abd8adf4d0b4182f461121b11bb78b49'}, 'dob': {'date': '1982-11-30T19:09:24.002Z', 'age': 41}, 'registered': {'date': '2017-10-22T16:05:06.252Z', 'age': 6}, 'phone': '(093)-272-2096', 'cell': '(598)-871-5718', 'id': {'name': '', 'value': None}, 'picture': {'large': 'https://randomuser.me/api/portraits/men/69.jpg', 'medium': 'https://randomuser.me/api/portraits/med/men/69.jpg', 'thumbnail': 'https://randomuser.me/api/portraits/thumb/men/69.jpg'}, 'nat': 'NZ'}</msg>
<arg>${json_data['results'][0]}</arg>
<doc>Logs the given message with the given level.</doc>
<status status="PASS" start="2024-04-09T09:14:43.934591" elapsed="0.000404"/>
</kw>
<kw name="Log" owner="BuiltIn">
<msg time="2024-04-09T09:14:43.935504" level="INFO">name</msg>
<arg>${key}</arg>
<doc>Logs the given message with the given level.</doc>
<status status="PASS" start="2024-04-09T09:14:43.935374" elapsed="0.000167"/>
</kw>
<var name="${key}">name</var>
<status status="PASS" start="2024-04-09T09:14:43.933722" elapsed="0.002037"/>
</iter>
<iter>
<kw name="Dictionary Should Contain Key" owner="Collections">
<msg time="2024-04-09T09:14:43.936423" level="INFO">False</msg>
<arg>${json_data['results'][0]}</arg>
<arg>${key}</arg>
<doc>Fails if ``key`` is not found from ``dictionary``.</doc>
<status status="PASS" start="2024-04-09T09:14:43.936049" elapsed="0.000411"/>
</kw>
<kw name="Log" owner="BuiltIn">
<msg time="2024-04-09T09:14:43.937119" level="INFO">{'gender': 'male', 'name': {'title': 'Mr', 'first': 'Cameron', 'last': 'Johnson'}, 'location': {'street': {'number': 3713, 'name': 'Courtenay Place'}, 'city': 'Dunedin', 'state': 'Northland', 'country': 'New Zealand', 'postcode': 17350, 'coordinates': {'latitude': '51.0022', 'longitude': '-154.6964'}, 'timezone': {'offset': '+5:30', 'description': 'Bombay, Calcutta, Madras, New Delhi'}}, 'email': 'cameron.johnson@example.com', 'login': {'uuid': '35b52281-9118-4a99-ac64-8acb0f53b340', 'username': 'happyfish603', 'password': 'rrpass1', 'salt': 'KefGOMKz', 'md5': 'fe52adf90c7832ed2b8d9506ba34ebab', 'sha1': '4bf4e4a821c5616ab683071b12a8af2b98c071aa', 'sha256': '4edb409e3affd13831c755c1eccce837abd8adf4d0b4182f461121b11bb78b49'}, 'dob': {'date': '1982-11-30T19:09:24.002Z', 'age': 41}, 'registered': {'date': '2017-10-22T16:05:06.252Z', 'age': 6}, 'phone': '(093)-272-2096', 'cell': '(598)-871-5718', 'id': {'name': '', 'value': None}, 'picture': {'large': 'https://randomuser.me/api/portraits/men/69.jpg', 'medium': 'https://randomuser.me/api/portraits/med/men/69.jpg', 'thumbnail': 'https://randomuser.me/api/portraits/thumb/men/69.jpg'}, 'nat': 'NZ'}</msg>
<arg>${json_data['results'][0]}</arg>
<doc>Logs the given message with the given level.</doc>
<status status="PASS" start="2024-04-09T09:14:43.936761" elapsed="0.000409"/>
</kw>
<kw name="Log" owner="BuiltIn">
<msg time="2024-04-09T09:14:43.937593" level="INFO">location</msg>
<arg>${key}</arg>
<doc>Logs the given message with the given level.</doc>
<status status="PASS" start="2024-04-09T09:14:43.937464" elapsed="0.000167"/>
</kw>
<var name="${key}">location</var>
<status status="PASS" start="2024-04-09T09:14:43.935938" elapsed="0.001909"/>
</iter>
<iter>
<kw name="Dictionary Should Contain Key" owner="Collections">
<msg time="2024-04-09T09:14:43.938498" level="INFO">False</msg>
<arg>${json_data['results'][0]}</arg>
<arg>${key}</arg>
<doc>Fails if ``key`` is not found from ``dictionary``.</doc>
<status status="PASS" start="2024-04-09T09:14:43.938128" elapsed="0.000406"/>
</kw>
<kw name="Log" owner="BuiltIn">
<msg time="2024-04-09T09:14:43.939232" level="INFO">{'gender': 'male', 'name': {'title': 'Mr', 'first': 'Cameron', 'last': 'Johnson'}, 'location': {'street': {'number': 3713, 'name': 'Courtenay Place'}, 'city': 'Dunedin', 'state': 'Northland', 'country': 'New Zealand', 'postcode': 17350, 'coordinates': {'latitude': '51.0022', 'longitude': '-154.6964'}, 'timezone': {'offset': '+5:30', 'description': 'Bombay, Calcutta, Madras, New Delhi'}}, 'email': 'cameron.johnson@example.com', 'login': {'uuid': '35b52281-9118-4a99-ac64-8acb0f53b340', 'username': 'happyfish603', 'password': 'rrpass1', 'salt': 'KefGOMKz', 'md5': 'fe52adf90c7832ed2b8d9506ba34ebab', 'sha1': '4bf4e4a821c5616ab683071b12a8af2b98c071aa', 'sha256': '4edb409e3affd13831c755c1eccce837abd8adf4d0b4182f461121b11bb78b49'}, 'dob': {'date': '1982-11-30T19:09:24.002Z', 'age': 41}, 'registered': {'date': '2017-10-22T16:05:06.252Z', 'age': 6}, 'phone': '(093)-272-2096', 'cell': '(598)-871-5718', 'id': {'name': '', 'value': None}, 'picture': {'large': 'https://randomuser.me/api/portraits/men/69.jpg', 'medium': 'https://randomuser.me/api/portraits/med/men/69.jpg', 'thumbnail': 'https://randomuser.me/api/portraits/thumb/men/69.jpg'}, 'nat': 'NZ'}</msg>
<arg>${json_data['results'][0]}</arg>
<doc>Logs the given message with the given level.</doc>
<status status="PASS" start="2024-04-09T09:14:43.938832" elapsed="0.000448"/>
</kw>
<kw name="Log" owner="BuiltIn">
<msg time="2024-04-09T09:14:43.939710" level="INFO">email</msg>
<arg>${key}</arg>
<doc>Logs the given message with the given level.</doc>
<status status="PASS" start="2024-04-09T09:14:43.939582" elapsed="0.000165"/>
</kw>
<var name="${key}">email</var>
<status status="PASS" start="2024-04-09T09:14:43.938017" elapsed="0.001944"/>
</iter>
<iter>
<kw name="Dictionary Should Contain Key" owner="Collections">
<msg time="2024-04-09T09:14:43.940646" level="INFO">False</msg>
<arg>${json_data['results'][0]}</arg>
<arg>${key}</arg>
<doc>Fails if ``key`` is not found from ``dictionary``.</doc>
<status status="PASS" start="2024-04-09T09:14:43.940254" elapsed="0.000429"/>
</kw>
<kw name="Log" owner="BuiltIn">
<msg time="2024-04-09T09:14:43.941337" level="INFO">{'gender': 'male', 'name': {'title': 'Mr', 'first': 'Cameron', 'last': 'Johnson'}, 'location': {'street': {'number': 3713, 'name': 'Courtenay Place'}, 'city': 'Dunedin', 'state': 'Northland', 'country': 'New Zealand', 'postcode': 17350, 'coordinates': {'latitude': '51.0022', 'longitude': '-154.6964'}, 'timezone': {'offset': '+5:30', 'description': 'Bombay, Calcutta, Madras, New Delhi'}}, 'email': 'cameron.johnson@example.com', 'login': {'uuid': '35b52281-9118-4a99-ac64-8acb0f53b340', 'username': 'happyfish603', 'password': 'rrpass1', 'salt': 'KefGOMKz', 'md5': 'fe52adf90c7832ed2b8d9506ba34ebab', 'sha1': '4bf4e4a821c5616ab683071b12a8af2b98c071aa', 'sha256': '4edb409e3affd13831c755c1eccce837abd8adf4d0b4182f461121b11bb78b49'}, 'dob': {'date': '1982-11-30T19:09:24.002Z', 'age': 41}, 'registered': {'date': '2017-10-22T16:05:06.252Z', 'age': 6}, 'phone': '(093)-272-2096', 'cell': '(598)-871-5718', 'id': {'name': '', 'value': None}, 'picture': {'large': 'https://randomuser.me/api/portraits/men/69.jpg', 'medium': 'https://randomuser.me/api/portraits/med/men/69.jpg', 'thumbnail': 'https://randomuser.me/api/portraits/thumb/men/69.jpg'}, 'nat': 'NZ'}</msg>
<arg>${json_data['results'][0]}</arg>
<doc>Logs the given message with the given level.</doc>
<status status="PASS" start="2024-04-09T09:14:43.940977" elapsed="0.000406"/>
</kw>
<kw name="Log" owner="BuiltIn">
<msg time="2024-04-09T09:14:43.941814" level="INFO">login</msg>
<arg>${key}</arg>
<doc>Logs the given message with the given level.</doc>
<status status="PASS" start="2024-04-09T09:14:43.941690" elapsed="0.000167"/>
</kw>
<var name="${key}">login</var>
<status status="PASS" start="2024-04-09T09:14:43.940144" elapsed="0.001959"/>
</iter>
<var>${key}</var>
<value>@{expected_keys}</value>
<status status="PASS" start="2024-04-09T09:14:43.931275" elapsed="0.010953"/>
</for>
<kw name="Create List" owner="BuiltIn">
<msg time="2024-04-09T09:14:43.942553" level="INFO">${expected_keysTwo} = ['username', 'password']</msg>
<var>${expected_keysTwo}</var>
<arg>username</arg>
<arg>password</arg>
<doc>Returns a list containing given items.</doc>
<status status="PASS" start="2024-04-09T09:14:43.942416" elapsed="0.000160"/>
</kw>
<for flavor="IN">
<iter>
<kw name="Dictionary Should Contain Key" owner="Collections">
<msg time="2024-04-09T09:14:43.943603" level="INFO">False</msg>
<arg>${json_data['results'][0]['login']}</arg>
<arg>${keyTwo}</arg>
<doc>Fails if ``key`` is not found from ``dictionary``.</doc>
<status status="PASS" start="2024-04-09T09:14:43.943213" elapsed="0.000427"/>
</kw>
<kw name="Dictionary Should Contain Key" owner="Collections">
<msg time="2024-04-09T09:14:43.944315" level="INFO">False</msg>
<arg>${json_data['results'][0]['login']}</arg>
<arg>${keyTwo}</arg>
<doc>Fails if ``key`` is not found from ``dictionary``.</doc>
<status status="PASS" start="2024-04-09T09:14:43.943937" elapsed="0.000414"/>
</kw>
<kw name="Log" owner="BuiltIn">
<msg time="2024-04-09T09:14:43.944772" level="INFO">username</msg>
<arg>${keyTwo}</arg>
<doc>Logs the given message with the given level.</doc>
<status status="PASS" start="2024-04-09T09:14:43.944647" elapsed="0.000162"/>
</kw>
<var name="${keyTwo}">username</var>
<status status="PASS" start="2024-04-09T09:14:43.943089" elapsed="0.001933"/>
</iter>
<iter>
<kw name="Dictionary Should Contain Key" owner="Collections">
<msg time="2024-04-09T09:14:43.945677" level="INFO">False</msg>
<arg>${json_data['results'][0]['login']}</arg>
<arg>${keyTwo}</arg>
<doc>Fails if ``key`` is not found from ``dictionary``.</doc>
<status status="PASS" start="2024-04-09T09:14:43.945302" elapsed="0.000411"/>
</kw>
<kw name="Dictionary Should Contain Key" owner="Collections">
<msg time="2024-04-09T09:14:43.946374" level="INFO">False</msg>
<arg>${json_data['results'][0]['login']}</arg>
<arg>${keyTwo}</arg>
<doc>Fails if ``key`` is not found from ``dictionary``.</doc>
<status status="PASS" start="2024-04-09T09:14:43.946003" elapsed="0.000406"/>
</kw>
<kw name="Log" owner="BuiltIn">
<msg time="2024-04-09T09:14:43.946822" level="INFO">password</msg>
<arg>${keyTwo}</arg>
<doc>Logs the given message with the given level.</doc>
<status status="PASS" start="2024-04-09T09:14:43.946697" elapsed="0.000162"/>
</kw>
<var name="${keyTwo}">password</var>
<status status="PASS" start="2024-04-09T09:14:43.945193" elapsed="0.001903"/>
</iter>
<var>${keyTwo}</var>
<value>@{expected_keysTwo}</value>
<status status="PASS" start="2024-04-09T09:14:43.942815" elapsed="0.004415"/>
</for>
<status status="PASS" start="2024-04-09T09:14:43.835290" elapsed="0.112076"/>
</kw>
<doc>Testa a estrutura da resposta da API.</doc>
<tag>testeEstruturaResposta</tag>
<status status="PASS" start="2024-04-09T09:14:43.834603" elapsed="0.112915"/>
</test>
<test id="s1-s1-t4" name="Validar tipos de dados" line="28">
<kw name="Teste de Tipos de Dados" owner="random-user-service">
<kw name="GET On Session" owner="RequestsLibrary">
<msg time="2024-04-09T09:14:44.044910" level="INFO">GET Request : url=https://randomuser.me/api 
 path_url=/api 
 headers={'User-Agent': 'python-requests/2.31.0', 'Accept-Encoding': 'gzip, deflate', 'Accept': '*/*', 'Connection': 'keep-alive'} 
 body=None 
 </msg>
<msg time="2024-04-09T09:14:44.044990" level="INFO">GET Response : url=https://randomuser.me/api 
 status=200, reason=OK 
 headers={'Date': 'Tue, 09 Apr 2024 09:14:44 GMT', 'Content-Type': 'application/json; charset=utf-8', 'Transfer-Encoding': 'chunked', 'Connection': 'keep-alive', 'X-Powered-By': 'Express', 'Access-Control-Allow-Origin': '*', 'Cache-Control': 'no-cache', 'ETag': 'W/"48c-GVZZ9OtuYniePXdFb5qr/eOhe1c"', 'Vary': 'Accept-Encoding', 'Content-Encoding': 'gzip', 'CF-Cache-Status': 'DYNAMIC', 'Report-To': '{"endpoints":[{"url":"https:\\/\\/a.nel.cloudflare.com\\/report\\/v4?s=ZtRlNFWa6A76R8n1CUcrb5uag%2FyCOxxXKW7vc3nzqsfYrbK7%2BA0hEiuM%2BtHCLk5S3I%2Fsrad6M4OukMOxZLyjjTe0keWgtyOIQlYvGBgUnMg06R%2BXi2AGOCgCmeCDM5SW"}],"group":"cf-nel","max_age":604800}', 'NEL': '{"success_fraction":0,"report_to":"cf-nel","max_age":604800}', 'Server': 'cloudflare', 'CF-RAY': '87196378be8b7ad6-SJC', 'alt-svc': 'h3=":443"; ma=86400'} 
 body={"results":[{"gender":"female","name":{"title":"Madame","first":"Melina","last":"Clement"},"location":{"street":{"number":5350,"name":"Avenue du Château"},"city":"Clavaleyres","state":"Ticino","country":"Switzerland","postcode":5922,"coordinates":{"latitude":"-62.8915","longitude":"23.8333"},"timezone":{"offset":"+5:45","description":"Kathmandu"}},"email":"melina.clement@example.com","login":{"uuid":"b2ac802c-0b47-4a35-bacb-499f4a8d1b20","username":"sadfish635","password":"sergio","salt":"RtBPpv8P","md5":"6166c867a61141431b762b398ae4c4d5","sha1":"b0b50d802238c4273dd23117b60c6a61041ed9bc","sha256":"ddeb8ea8f5fee700954eb893ce683f597e2658967bfe5322749f773385b3f6c3"},"dob":{"date":"1977-03-28T21:58:52.428Z","age":47},"registered":{"date":"2022-03-06T22:10:39.632Z","age":2},"phone":"079 071 04 18","cell":"076 127 68 43","id":{"name":"AVS","value":"756.2677.4862.29"},"picture":{"large":"https://randomuser.me/api/portraits/women/27.jpg","medium":"https://randomuser.me/api/portraits/med/women/27.jpg","thumbnail":"https://randomuser.me/api/portraits/thumb/women/27.jpg"},"nat":"CH"}],"info":{"seed":"9cb8554407809d1b","results":1,"page":1,"version":"1.4"}} 
 </msg>
<msg time="2024-04-09T09:14:44.045061" level="INFO">/opt/hostedtoolcache/Python/3.12.2/x64/lib/python3.12/site-packages/urllib3/connectionpool.py:1103: InsecureRequestWarning: Unverified HTTPS request is being made to host 'randomuser.me'. Adding certificate verification is strongly advised. See: https://urllib3.readthedocs.io/en/latest/advanced-usage.html#tls-warnings
  warnings.warn(</msg>
<msg time="2024-04-09T09:14:44.045164" level="INFO">${response} = &lt;Response [200]&gt;</msg>
<var>${response}</var>
<arg>consultarAPI</arg>
<arg>/api</arg>
<doc>Sends a GET request on a previously created HTTP Session.</doc>
<status status="PASS" start="2024-04-09T09:14:43.949908" elapsed="0.095294"/>
</kw>
<kw name="Set Variable" owner="BuiltIn">
<msg time="2024-04-09T09:14:44.046160" level="INFO">${json_data} = {'results': [{'gender': 'female', 'name': {'title': 'Madame', 'first': 'Melina', 'last': 'Clement'}, 'location': {'street': {'number': 5350, 'name': 'Avenue du Château'}, 'city': 'Clavaleyres', 'state...</msg>
<var>${json_data}</var>
<arg>${response.json()}</arg>
<doc>Returns the given values which can then be assigned to a variables.</doc>
<status status="PASS" start="2024-04-09T09:14:44.045680" elapsed="0.000510"/>
</kw>
<kw name="Log" owner="BuiltIn">
<msg time="2024-04-09T09:14:44.046655" level="INFO">{'results': [{'gender': 'female', 'name': {'title': 'Madame', 'first': 'Melina', 'last': 'Clement'}, 'location': {'street': {'number': 5350, 'name': 'Avenue du Château'}, 'city': 'Clavaleyres', 'state': 'Ticino', 'country': 'Switzerland', 'postcode': 5922, 'coordinates': {'latitude': '-62.8915', 'longitude': '23.8333'}, 'timezone': {'offset': '+5:45', 'description': 'Kathmandu'}}, 'email': 'melina.clement@example.com', 'login': {'uuid': 'b2ac802c-0b47-4a35-bacb-499f4a8d1b20', 'username': 'sadfish635', 'password': 'sergio', 'salt': 'RtBPpv8P', 'md5': '6166c867a61141431b762b398ae4c4d5', 'sha1': 'b0b50d802238c4273dd23117b60c6a61041ed9bc', 'sha256': 'ddeb8ea8f5fee700954eb893ce683f597e2658967bfe5322749f773385b3f6c3'}, 'dob': {'date': '1977-03-28T21:58:52.428Z', 'age': 47}, 'registered': {'date': '2022-03-06T22:10:39.632Z', 'age': 2}, 'phone': '079 071 04 18', 'cell': '076 127 68 43', 'id': {'name': 'AVS', 'value': '756.2677.4862.29'}, 'picture': {'large': 'https://randomuser.me/api/portraits/women/27.jpg', 'medium': 'https://randomuser.me/api/portraits/med/women/27.jpg', 'thumbnail': 'https://randomuser.me/api/portraits/thumb/women/27.jpg'}, 'nat': 'CH'}], 'info': {'seed': '9cb8554407809d1b', 'results': 1, 'page': 1, 'version': '1.4'}}</msg>
<arg>${json_data}</arg>
<doc>Logs the given message with the given level.</doc>
<status status="PASS" start="2024-04-09T09:14:44.046501" elapsed="0.000239"/>
</kw>
<kw name="Should Be String" owner="String">
<arg>${json_data['results'][0]['gender']}</arg>
<doc>Fails if the given ``item`` is not a string.</doc>
<status status="PASS" start="2024-04-09T09:14:44.047088" elapsed="0.000380"/>
</kw>
<kw name="Should Match Regexp" owner="BuiltIn">
<arg>${json_data['results'][0]['email']}</arg>
<arg>^[a-zA-Z0-9._%+-]+@[a-zA-Z0-9.-]+\.[a-zA-Z]{2,}$</arg>
<doc>Fails if ``string`` does not match ``pattern`` as a regular expression.</doc>
<status status="PASS" start="2024-04-09T09:14:44.047661" elapsed="0.000509"/>
</kw>
<kw name="Should Match Regexp" owner="BuiltIn">
<arg>${json_data['results'][0]['dob']['date']}</arg>
<arg>\\d{4}-\\d{2}-\\d{2}T\\d{2}:\\d{2}:\\d{2}\\.\\d{3}Z</arg>
<doc>Fails if ``string`` does not match ``pattern`` as a regular expression.</doc>
<status status="PASS" start="2024-04-09T09:14:44.048366" elapsed="0.000495"/>
</kw>
<kw name="Should Match Regexp" owner="BuiltIn">
<arg>${json_data['results'][0]['registered']['date']}</arg>
<arg>\\d{4}-\\d{2}-\\d{2}T\\d{2}:\\d{2}:\\d{2}\\.\\d{3}Z</arg>
<doc>Fails if ``string`` does not match ``pattern`` as a regular expression.</doc>
<status status="PASS" start="2024-04-09T09:14:44.049058" elapsed="0.000372"/>
</kw>
<kw name="Should Match Regexp" owner="BuiltIn">
<arg>${json_data['results'][0]['picture']['large']}</arg>
<arg>^https?://.*\.(?:png|jpe?g|gif|bmp)$</arg>
<doc>Fails if ``string`` does not match ``pattern`` as a regular expression.</doc>
<status status="PASS" start="2024-04-09T09:14:44.049615" elapsed="0.000456"/>
</kw>
<kw name="Should Match Regexp" owner="BuiltIn">
<arg>${json_data['results'][0]['picture']['medium']}</arg>
<arg>^https?://.*\.(?:png|jpe?g|gif|bmp)$</arg>
<doc>Fails if ``string`` does not match ``pattern`` as a regular expression.</doc>
<status status="PASS" start="2024-04-09T09:14:44.050261" elapsed="0.000367"/>
</kw>
<kw name="Should Match Regexp" owner="BuiltIn">
<arg>${json_data['results'][0]['picture']['thumbnail']}</arg>
<arg>^https?://.*\.(?:png|jpe?g|gif|bmp)$</arg>
<doc>Fails if ``string`` does not match ``pattern`` as a regular expression.</doc>
<status status="PASS" start="2024-04-09T09:14:44.050850" elapsed="0.000444"/>
</kw>
<kw name="Log" owner="BuiltIn">
<msg time="2024-04-09T09:14:44.051831" level="INFO">{'large': 'https://randomuser.me/api/portraits/women/27.jpg', 'medium': 'https://randomuser.me/api/portraits/med/women/27.jpg', 'thumbnail': 'https://randomuser.me/api/portraits/thumb/women/27.jpg'}</msg>
<arg>${json_data['results'][0]['picture']}</arg>
<doc>Logs the given message with the given level.</doc>
<status status="PASS" start="2024-04-09T09:14:44.051482" elapsed="0.000391"/>
</kw>
<status status="PASS" start="2024-04-09T09:14:43.949678" elapsed="0.102449"/>
</kw>
<kw name="Teste de Tipos de Dados - Postcode" owner="random-user-service">
<kw name="GET On Session" owner="RequestsLibrary">
<msg time="2024-04-09T09:14:44.163370" level="INFO">GET Request : url=https://randomuser.me/api 
 path_url=/api 
 headers={'User-Agent': 'python-requests/2.31.0', 'Accept-Encoding': 'gzip, deflate', 'Accept': '*/*', 'Connection': 'keep-alive'} 
 body=None 
 </msg>
<msg time="2024-04-09T09:14:44.163484" level="INFO">GET Response : url=https://randomuser.me/api 
 status=200, reason=OK 
 headers={'Date': 'Tue, 09 Apr 2024 09:14:44 GMT', 'Content-Type': 'application/json; charset=utf-8', 'Transfer-Encoding': 'chunked', 'Connection': 'keep-alive', 'X-Powered-By': 'Express', 'Access-Control-Allow-Origin': '*', 'Cache-Control': 'no-cache', 'ETag': 'W/"46d-XtTIktMDJspSpaN14uZFJtZ42K4"', 'Vary': 'Accept-Encoding', 'Content-Encoding': 'gzip', 'CF-Cache-Status': 'DYNAMIC', 'Report-To': '{"endpoints":[{"url":"https:\\/\\/a.nel.cloudflare.com\\/report\\/v4?s=STOtgnm4OvKt8zpcYIZxV0n%2Fl9i0CtfF8BHeqDDNhh0h%2BGJOCtpdWwTNt5cbxi6lqjLRNTW22UhaVhhSMK0JnRnWzdh5faBI6YQ8K%2B6D%2BO3SEmrglXYZuT6xYboUuvzd"}],"group":"cf-nel","max_age":604800}', 'NEL': '{"success_fraction":0,"report_to":"cf-nel","max_age":604800}', 'Server': 'cloudflare', 'CF-RAY': '871963795f557ad6-SJC', 'alt-svc': 'h3=":443"; ma=86400'} 
 body={"results":[{"gender":"male","name":{"title":"Mr","first":"Alexander","last":"Andersen"},"location":{"street":{"number":1284,"name":"Sofievej"},"city":"Sommersted","state":"Danmark","country":"Denmark","postcode":16352,"coordinates":{"latitude":"-39.1192","longitude":"-52.5091"},"timezone":{"offset":"+4:30","description":"Kabul"}},"email":"alexander.andersen@example.com","login":{"uuid":"00a2cc01-fcc4-461b-995e-65bc2b83d1eb","username":"greenswan486","password":"marshall","salt":"7XYsAgTM","md5":"a5dd43b11969d366d1fa9d421428142c","sha1":"47577a2a4525290a945ede0206c367d31f902f77","sha256":"9a6496b5a3b632163445532f19d45df10d9a71059391dcd3212a48ef7257efbc"},"dob":{"date":"1965-03-16T17:53:30.355Z","age":59},"registered":{"date":"2016-10-01T10:08:43.992Z","age":7},"phone":"17528196","cell":"27156673","id":{"name":"CPR","value":"160365-1112"},"picture":{"large":"https://randomuser.me/api/portraits/men/76.jpg","medium":"https://randomuser.me/api/portraits/med/men/76.jpg","thumbnail":"https://randomuser.me/api/portraits/thumb/men/76.jpg"},"nat":"DK"}],"info":{"seed":"2c8aef0ceeeb803c","results":1,"page":1,"version":"1.4"}} 
 </msg>
<msg time="2024-04-09T09:14:44.163590" level="INFO">/opt/hostedtoolcache/Python/3.12.2/x64/lib/python3.12/site-packages/urllib3/connectionpool.py:1103: InsecureRequestWarning: Unverified HTTPS request is being made to host 'randomuser.me'. Adding certificate verification is strongly advised. See: https://urllib3.readthedocs.io/en/latest/advanced-usage.html#tls-warnings
  warnings.warn(</msg>
<msg time="2024-04-09T09:14:44.163726" level="INFO">${response} = &lt;Response [200]&gt;</msg>
<var>${response}</var>
<arg>consultarAPI</arg>
<arg>/api</arg>
<doc>Sends a GET request on a previously created HTTP Session.</doc>
<status status="PASS" start="2024-04-09T09:14:44.052578" elapsed="0.111197"/>
</kw>
<kw name="Set Variable" owner="BuiltIn">
<msg time="2024-04-09T09:14:44.164860" level="INFO">${json_data} = {'results': [{'gender': 'male', 'name': {'title': 'Mr', 'first': 'Alexander', 'last': 'Andersen'}, 'location': {'street': {'number': 1284, 'name': 'Sofievej'}, 'city': 'Sommersted', 'state': 'Danmark'...</msg>
<var>${json_data}</var>
<arg>${response.json()}</arg>
<doc>Returns the given values which can then be assigned to a variables.</doc>
<status status="PASS" start="2024-04-09T09:14:44.164357" elapsed="0.000530"/>
</kw>
<kw name="Log" owner="BuiltIn">
<msg time="2024-04-09T09:14:44.165349" level="INFO">{'results': [{'gender': 'male', 'name': {'title': 'Mr', 'first': 'Alexander', 'last': 'Andersen'}, 'location': {'street': {'number': 1284, 'name': 'Sofievej'}, 'city': 'Sommersted', 'state': 'Danmark', 'country': 'Denmark', 'postcode': 16352, 'coordinates': {'latitude': '-39.1192', 'longitude': '-52.5091'}, 'timezone': {'offset': '+4:30', 'description': 'Kabul'}}, 'email': 'alexander.andersen@example.com', 'login': {'uuid': '00a2cc01-fcc4-461b-995e-65bc2b83d1eb', 'username': 'greenswan486', 'password': 'marshall', 'salt': '7XYsAgTM', 'md5': 'a5dd43b11969d366d1fa9d421428142c', 'sha1': '47577a2a4525290a945ede0206c367d31f902f77', 'sha256': '9a6496b5a3b632163445532f19d45df10d9a71059391dcd3212a48ef7257efbc'}, 'dob': {'date': '1965-03-16T17:53:30.355Z', 'age': 59}, 'registered': {'date': '2016-10-01T10:08:43.992Z', 'age': 7}, 'phone': '17528196', 'cell': '27156673', 'id': {'name': 'CPR', 'value': '160365-1112'}, 'picture': {'large': 'https://randomuser.me/api/portraits/men/76.jpg', 'medium': 'https://randomuser.me/api/portraits/med/men/76.jpg', 'thumbnail': 'https://randomuser.me/api/portraits/thumb/men/76.jpg'}, 'nat': 'DK'}], 'info': {'seed': '2c8aef0ceeeb803c', 'results': 1, 'page': 1, 'version': '1.4'}}</msg>
<arg>${json_data}</arg>
<doc>Logs the given message with the given level.</doc>
<status status="PASS" start="2024-04-09T09:14:44.165193" elapsed="0.000240"/>
</kw>
<kw name="Should Be Equal As Numbers" owner="BuiltIn">
<arg>${json_data['results'][0]['location']['postcode']}</arg>
<arg>${json_data['results'][0]['location']['postcode']}</arg>
<doc>Fails if objects are unequal after converting them to real numbers.</doc>
<status status="PASS" start="2024-04-09T09:14:44.165736" elapsed="0.000624"/>
</kw>
<kw name="Log" owner="BuiltIn">
<msg time="2024-04-09T09:14:44.166884" level="INFO">16352</msg>
<arg>${json_data['results'][0]['location']['postcode']}</arg>
<doc>Logs the given message with the given level.</doc>
<status status="PASS" start="2024-04-09T09:14:44.166552" elapsed="0.000373"/>
</kw>
<status status="PASS" start="2024-04-09T09:14:44.052345" elapsed="0.114882"/>
</kw>
<doc>Testa se os tipos de dados na resposta da API estão corretos.</doc>
<tag>testeTiposDados</tag>
<status status="PASS" start="2024-04-09T09:14:43.949247" elapsed="0.218156"/>
</test>
<test id="s1-s1-t5" name="Validar conteudo" line="35">
<kw name="Teste de Tipos de Conteudo" owner="random-user-service">
<kw name="GET On Session" owner="RequestsLibrary">
<msg time="2024-04-09T09:14:44.254264" level="INFO">GET Request : url=https://randomuser.me/api 
 path_url=/api 
 headers={'User-Agent': 'python-requests/2.31.0', 'Accept-Encoding': 'gzip, deflate', 'Accept': '*/*', 'Connection': 'keep-alive'} 
 body=None 
 </msg>
<msg time="2024-04-09T09:14:44.254328" level="INFO">GET Response : url=https://randomuser.me/api 
 status=200, reason=OK 
 headers={'Date': 'Tue, 09 Apr 2024 09:14:44 GMT', 'Content-Type': 'application/json; charset=utf-8', 'Transfer-Encoding': 'chunked', 'Connection': 'keep-alive', 'X-Powered-By': 'Express', 'Access-Control-Allow-Origin': '*', 'Cache-Control': 'no-cache', 'ETag': 'W/"481-XYQhr/i9y41+/ohg8y8x/AJqjk0"', 'Vary': 'Accept-Encoding', 'Content-Encoding': 'gzip', 'CF-Cache-Status': 'DYNAMIC', 'Report-To': '{"endpoints":[{"url":"https:\\/\\/a.nel.cloudflare.com\\/report\\/v4?s=V3C1Pv7jdv1TxDZO4pOCujhQRCiSl3s4ntT4%2BDeSP3ljydmq4dxfTTQr5y4YHanVvjF1anC5WAfP3OWHelYud0kQ3oKAYwW3BQIa59ty4laOVKsV8dMRG8DEDwEbvABw"}],"group":"cf-nel","max_age":604800}', 'NEL': '{"success_fraction":0,"report_to":"cf-nel","max_age":604800}', 'Server': 'cloudflare', 'CF-RAY': '8719637a185b7ad6-SJC', 'alt-svc': 'h3=":443"; ma=86400'} 
 body={"results":[{"gender":"male","name":{"title":"Mr","first":"Theodore","last":"Clarke"},"location":{"street":{"number":5857,"name":"Pt Chevalier Road"},"city":"Upper Hutt","state":"Nelson","country":"New Zealand","postcode":39162,"coordinates":{"latitude":"51.0693","longitude":"-59.2593"},"timezone":{"offset":"-12:00","description":"Eniwetok, Kwajalein"}},"email":"theodore.clarke@example.com","login":{"uuid":"e109bd75-b70e-4dfc-95b6-51c79e68d25f","username":"sadgorilla419","password":"flyfish","salt":"RBb427WZ","md5":"67adc35dd5065a9b8f2988892790b210","sha1":"7c88e4441cd24de44ab3f28b9fe591165d210853","sha256":"437825ad467a9ed19848f7153ac72530446cf07ad73c1f3b17dc687d961884da"},"dob":{"date":"1950-04-16T18:37:44.294Z","age":73},"registered":{"date":"2017-06-27T09:51:03.954Z","age":6},"phone":"(593)-581-3963","cell":"(454)-040-8258","id":{"name":"","value":null},"picture":{"large":"https://randomuser.me/api/portraits/men/46.jpg","medium":"https://randomuser.me/api/portraits/med/men/46.jpg","thumbnail":"https://randomuser.me/api/portraits/thumb/men/46.jpg"},"nat":"NZ"}],"info":{"seed":"8be4a27310ea2d38","results":1,"page":1,"version":"1.4"}} 
 </msg>
<msg time="2024-04-09T09:14:44.254385" level="INFO">/opt/hostedtoolcache/Python/3.12.2/x64/lib/python3.12/site-packages/urllib3/connectionpool.py:1103: InsecureRequestWarning: Unverified HTTPS request is being made to host 'randomuser.me'. Adding certificate verification is strongly advised. See: https://urllib3.readthedocs.io/en/latest/advanced-usage.html#tls-warnings
  warnings.warn(</msg>
<msg time="2024-04-09T09:14:44.254476" level="INFO">${response} = &lt;Response [200]&gt;</msg>
<var>${response}</var>
<arg>consultarAPI</arg>
<arg>/api</arg>
<doc>Sends a GET request on a previously created HTTP Session.</doc>
<status status="PASS" start="2024-04-09T09:14:44.169876" elapsed="0.084641"/>
</kw>
<kw name="Set Variable" owner="BuiltIn">
<msg time="2024-04-09T09:14:44.255572" level="INFO">${json_data} = {'results': [{'gender': 'male', 'name': {'title': 'Mr', 'first': 'Theodore', 'last': 'Clarke'}, 'location': {'street': {'number': 5857, 'name': 'Pt Chevalier Road'}, 'city': 'Upper Hutt', 'state': 'Ne...</msg>
<var>${json_data}</var>
<arg>${response.json()}</arg>
<doc>Returns the given values which can then be assigned to a variables.</doc>
<status status="PASS" start="2024-04-09T09:14:44.254971" elapsed="0.000630"/>
</kw>
<kw name="Set Variable" owner="BuiltIn">
<msg time="2024-04-09T09:14:44.256305" level="INFO">${name_title} = Mr</msg>
<var>${name_title}</var>
<arg>${json_data["results"][0]["name"]["title"]}</arg>
<doc>Returns the given values which can then be assigned to a variables.</doc>
<status status="PASS" start="2024-04-09T09:14:44.255912" elapsed="0.000418"/>
</kw>
<kw name="Create List" owner="BuiltIn">
<msg time="2024-04-09T09:14:44.256789" level="INFO">${allowed_titles} = ['Mr', 'Ms', 'Miss', 'Mrs', 'Madame', 'Monsieur']</msg>
<var>${allowed_titles}</var>
<arg>Mr</arg>
<arg>Ms</arg>
<arg>Miss</arg>
<arg>Mrs</arg>
<arg>Madame</arg>
<arg>Monsieur</arg>
<doc>Returns a list containing given items.</doc>
<status status="PASS" start="2024-04-09T09:14:44.256638" elapsed="0.000176"/>
</kw>
<kw name="List Should Contain Value" owner="Collections">
<msg time="2024-04-09T09:14:44.257300" level="INFO">False</msg>
<arg>${allowed_titles}</arg>
<arg>${name_title}</arg>
<doc>Fails if the ``value`` is not found from ``list``.</doc>
<status status="PASS" start="2024-04-09T09:14:44.257117" elapsed="0.000221"/>
</kw>
<kw name="Set Variable" owner="BuiltIn">
<msg time="2024-04-09T09:14:44.258020" level="INFO">${name_country} = NZ</msg>
<var>${name_country}</var>
<arg>${json_data["results"][0]["nat"]}</arg>
<doc>Returns the given values which can then be assigned to a variables.</doc>
<status status="PASS" start="2024-04-09T09:14:44.257632" elapsed="0.000413"/>
</kw>
<kw name="Create List" owner="BuiltIn">
<msg time="2024-04-09T09:14:44.258953" level="INFO">${list_country} = ['AD', 'AE', 'AF', 'AG', 'AI', 'AL', 'AM', 'AO', 'AQ', 'AR', 'AS', 'AT', 'AU', 'AW', 'AX', 'AZ', 'BA', 'BB', 'BD', 'BE', 'BF', 'BG', 'BH', 'BI', 'BJ', 'BL', 'BM', 'BN', 'BO', 'BQ', 'BR', 'BS', 'BT', '...</msg>
<var>${list_country}</var>
<arg>AD</arg>
<arg>AE</arg>
<arg>AF</arg>
<arg>AG</arg>
<arg>AI</arg>
<arg>AL</arg>
<arg>AM</arg>
<arg>AO</arg>
<arg>AQ</arg>
<arg>AR</arg>
<arg>AS</arg>
<arg>AT</arg>
<arg>AU</arg>
<arg>AW</arg>
<arg>AX</arg>
<arg>AZ</arg>
<arg>BA</arg>
<arg>BB</arg>
<arg>BD</arg>
<arg>BE</arg>
<arg>BF</arg>
<arg>BG</arg>
<arg>BH</arg>
<arg>BI</arg>
<arg>BJ</arg>
<arg>BL</arg>
<arg>BM</arg>
<arg>BN</arg>
<arg>BO</arg>
<arg>BQ</arg>
<arg>BR</arg>
<arg>BS</arg>
<arg>BT</arg>
<arg>BV</arg>
<arg>BW</arg>
<arg>BY</arg>
<arg>BZ</arg>
<arg>CA</arg>
<arg>CC</arg>
<arg>CD</arg>
<arg>CF</arg>
<arg>CG</arg>
<arg>CH</arg>
<arg>CI</arg>
<arg>CK</arg>
<arg>CL</arg>
<arg>CM</arg>
<arg>CN</arg>
<arg>CO</arg>
<arg>CR</arg>
<arg>CU</arg>
<arg>CV</arg>
<arg>CW</arg>
<arg>CX</arg>
<arg>CY</arg>
<arg>CZ</arg>
<arg>DE</arg>
<arg>DJ</arg>
<arg>DK</arg>
<arg>DM</arg>
<arg>DO</arg>
<arg>DZ</arg>
<arg>EC</arg>
<arg>EE</arg>
<arg>EG</arg>
<arg>EH</arg>
<arg>ER</arg>
<arg>ES</arg>
<arg>ET</arg>
<arg>FI</arg>
<arg>FJ</arg>
<arg>FK</arg>
<arg>FM</arg>
<arg>FO</arg>
<arg>FR</arg>
<arg>GA</arg>
<arg>GB</arg>
<arg>GD</arg>
<arg>GE</arg>
<arg>GF</arg>
<arg>GG</arg>
<arg>GH</arg>
<arg>GI</arg>
<arg>GL</arg>
<arg>GM</arg>
<arg>GN</arg>
<arg>GP</arg>
<arg>GQ</arg>
<arg>GR</arg>
<arg>GS</arg>
<arg>GT</arg>
<arg>GU</arg>
<arg>GW</arg>
<arg>GY</arg>
<arg>HK</arg>
<arg>HM</arg>
<arg>HN</arg>
<arg>HR</arg>
<arg>HT</arg>
<arg>HU</arg>
<arg>ID</arg>
<arg>IE</arg>
<arg>IL</arg>
<arg>IM</arg>
<arg>IN</arg>
<arg>IO</arg>
<arg>IQ</arg>
<arg>IR</arg>
<arg>IS</arg>
<arg>IT</arg>
<arg>JE</arg>
<arg>JM</arg>
<arg>JO</arg>
<arg>JP</arg>
<arg>KE</arg>
<arg>KG</arg>
<arg>KH</arg>
<arg>KI</arg>
<arg>KM</arg>
<arg>KN</arg>
<arg>KP</arg>
<arg>KR</arg>
<arg>KW</arg>
<arg>KY</arg>
<arg>KZ</arg>
<arg>LA</arg>
<arg>LB</arg>
<arg>LC</arg>
<arg>LI</arg>
<arg>LK</arg>
<arg>LR</arg>
<arg>LS</arg>
<arg>LT</arg>
<arg>LU</arg>
<arg>LV</arg>
<arg>LY</arg>
<arg>MA</arg>
<arg>MC</arg>
<arg>MD</arg>
<arg>ME</arg>
<arg>MF</arg>
<arg>MG</arg>
<arg>MH</arg>
<arg>MK</arg>
<arg>ML</arg>
<arg>MM</arg>
<arg>MN</arg>
<arg>MO</arg>
<arg>MP</arg>
<arg>MQ</arg>
<arg>MR</arg>
<arg>MS</arg>
<arg>MT</arg>
<arg>MU</arg>
<arg>MV</arg>
<arg>MW</arg>
<arg>MX</arg>
<arg>MY</arg>
<arg>MZ</arg>
<arg>NA</arg>
<arg>NC</arg>
<arg>NE</arg>
<arg>NF</arg>
<arg>NG</arg>
<arg>NI</arg>
<arg>NL</arg>
<arg>NO</arg>
<arg>NP</arg>
<arg>NR</arg>
<arg>NU</arg>
<arg>NZ</arg>
<arg>OM</arg>
<arg>PA</arg>
<arg>PE</arg>
<arg>PF</arg>
<arg>PG</arg>
<arg>PH</arg>
<arg>PK</arg>
<arg>PL</arg>
<arg>PM</arg>
<arg>PN</arg>
<arg>PR</arg>
<arg>PS</arg>
<arg>PT</arg>
<arg>PW</arg>
<arg>PY</arg>
<arg>QA</arg>
<arg>RE</arg>
<arg>RO</arg>
<arg>RS</arg>
<arg>RU</arg>
<arg>RW</arg>
<arg>SA</arg>
<arg>SB</arg>
<arg>SC</arg>
<arg>SD</arg>
<arg>SE</arg>
<arg>SG</arg>
<arg>SH</arg>
<arg>SI</arg>
<arg>SJ</arg>
<arg>SK</arg>
<arg>SL</arg>
<arg>SM</arg>
<arg>SN</arg>
<arg>SO</arg>
<arg>SR</arg>
<arg>SS</arg>
<arg>ST</arg>
<arg>SV</arg>
<arg>SX</arg>
<arg>SY</arg>
<arg>SZ</arg>
<arg>TC</arg>
<arg>TD</arg>
<arg>TF</arg>
<arg>TG</arg>
<arg>TH</arg>
<arg>TJ</arg>
<arg>TK</arg>
<arg>TL</arg>
<arg>TM</arg>
<arg>TN</arg>
<arg>TO</arg>
<arg>TR</arg>
<arg>TT</arg>
<arg>TV</arg>
<arg>TW</arg>
<arg>TZ</arg>
<arg>UA</arg>
<arg>UG</arg>
<arg>UM</arg>
<arg>US</arg>
<arg>UY</arg>
<arg>UZ</arg>
<arg>VA</arg>
<arg>VC</arg>
<arg>VE</arg>
<arg>VG</arg>
<arg>VI</arg>
<arg>VN</arg>
<arg>VU</arg>
<arg>WF</arg>
<arg>WS</arg>
<arg>XK</arg>
<arg>YE</arg>
<arg>YT</arg>
<arg>ZA</arg>
<arg>ZM</arg>
<arg>ZW</arg>
<doc>Returns a list containing given items.</doc>
<status status="PASS" start="2024-04-09T09:14:44.258358" elapsed="0.000621"/>
</kw>
<kw name="List Should Contain Value" owner="Collections">
<msg time="2024-04-09T09:14:44.260016" level="INFO">False</msg>
<arg>${list_country}</arg>
<arg>${name_country}</arg>
<doc>Fails if the ``value`` is not found from ``list``.</doc>
<status status="PASS" start="2024-04-09T09:14:44.259806" elapsed="0.000247"/>
</kw>
<kw name="Run Keyword If" owner="BuiltIn">
<kw name="Should Be True" owner="BuiltIn">
<arg>${True}</arg>
<doc>Fails if the given condition is not true.</doc>
<status status="PASS" start="2024-04-09T09:14:44.261249" elapsed="0.000149"/>
</kw>
<arg>${json_data["results"][0]["location"]["coordinates"]["latitude"]} &gt;= -90 and ${json_data["results"][0]["location"]["coordinates"]["latitude"]} &lt;= 90</arg>
<arg>Should Be True</arg>
<arg>${True}</arg>
<doc>Runs the given keyword with the given arguments, if ``condition`` is true.</doc>
<status status="PASS" start="2024-04-09T09:14:44.260375" elapsed="0.001154"/>
</kw>
<kw name="Run Keyword If" owner="BuiltIn">
<kw name="Should Be True" owner="BuiltIn">
<arg>${True}</arg>
<doc>Fails if the given condition is not true.</doc>
<status status="PASS" start="2024-04-09T09:14:44.262423" elapsed="0.000140"/>
</kw>
<arg>${json_data["results"][0]["location"]["coordinates"]["longitude"]} &gt;= -180 and ${json_data["results"][0]["location"]["coordinates"]["longitude"]} &lt;= 180</arg>
<arg>Should Be True</arg>
<arg>${True}</arg>
<doc>Runs the given keyword with the given arguments, if ``condition`` is true.</doc>
<status status="PASS" start="2024-04-09T09:14:44.261719" elapsed="0.000971"/>
</kw>
<status status="PASS" start="2024-04-09T09:14:44.169650" elapsed="0.093174"/>
</kw>
<doc>Testa o conteúdo específico dos campos retornados pela API.</doc>
<tag>testeConteudo</tag>
<status status="PASS" start="2024-04-09T09:14:44.169115" elapsed="0.093861"/>
</test>
<status status="PASS" start="2024-04-09T09:14:43.297804" elapsed="0.967170"/>
</suite>
<status status="PASS" start="2024-04-09T09:14:43.284210" elapsed="0.986120"/>
</suite>
<statistics>
<total>
<stat pass="5" fail="0" skip="0">All Tests</stat>
</total>
<tag>
<stat pass="1" fail="0" skip="0">testeConteudo</stat>
<stat pass="1" fail="0" skip="0">testeEstruturaResposta</stat>
<stat pass="1" fail="0" skip="0">testeRequisicaoBasica</stat>
<stat pass="1" fail="0" skip="0">testeTiposDados</stat>
</tag>
<suite>
<stat pass="5" fail="0" skip="0" id="s1" name="Tests">Tests</stat>
<stat pass="5" fail="0" skip="0" id="s1-s1" name="Random-User-Test">Tests.Random-User-Test</stat>
</suite>
</statistics>
<errors>
</errors>
</robot>
