<?xml version="1.0" encoding="UTF-8"?>
<robot generator="Robot 7.0 (Python 3.12.3 on linux)" generated="2024-05-04T07:13:13.119682" rpa="false" schemaversion="5">
<suite id="s1" name="Tests" source="/home/runner/work/DesafioQAItauRogerioJordao/DesafioQAItauRogerioJordao/RamdonUser/tests">
<suite id="s1-s1" name="Random-User-Test" source="/home/runner/work/DesafioQAItauRogerioJordao/DesafioQAItauRogerioJordao/RamdonUser/tests/random-user-test.robot">
<test id="s1-s1-t1" name="Conectar" line="13">
<kw name="Conectar API" owner="random-user-service">
<kw name="Create Session" owner="RequestsLibrary">
<msg time="2024-05-04T07:13:13.461373" level="INFO">Creating Session using : alias=consultarAPI, url=https://randomuser.me/, headers={},                     cookies={}, auth=None, timeout=None, proxies=None, verify=False,                     debug=0 </msg>
<arg>consultarAPI</arg>
<arg>${URL}</arg>
<doc>Create Session: create a HTTP session to a server</doc>
<status status="PASS" start="2024-05-04T07:13:13.461190" elapsed="0.000340"/>
</kw>
<status status="PASS" start="2024-05-04T07:13:13.460337" elapsed="0.001514"/>
</kw>
<status status="PASS" start="2024-05-04T07:13:13.459771" elapsed="0.002259"/>
</test>
<test id="s1-s1-t2" name="Validar retorno 200 e JSON Válido" line="16">
<kw name="Teste de Requisicao Basica" owner="random-user-service">
<kw name="GET On Session" owner="RequestsLibrary">
<msg time="2024-05-04T07:13:13.611414" level="INFO">GET Request : url=https://randomuser.me/api 
 path_url=/api 
 headers={'User-Agent': 'python-requests/2.31.0', 'Accept-Encoding': 'gzip, deflate', 'Accept': '*/*', 'Connection': 'keep-alive'} 
 body=None 
 </msg>
<msg time="2024-05-04T07:13:13.611528" level="INFO">GET Response : url=https://randomuser.me/api 
 status=200, reason=OK 
 headers={'Date': 'Sat, 04 May 2024 07:13:13 GMT', 'Content-Type': 'application/json; charset=utf-8', 'Transfer-Encoding': 'chunked', 'Connection': 'keep-alive', 'X-Powered-By': 'Express', 'Access-Control-Allow-Origin': '*', 'Cache-Control': 'no-cache', 'ETag': 'W/"478-3yv93mtcEel021Lxx3zVoLUfi90"', 'Vary': 'Accept-Encoding', 'Content-Encoding': 'gzip', 'CF-Cache-Status': 'DYNAMIC', 'Report-To': '{"endpoints":[{"url":"https:\\/\\/a.nel.cloudflare.com\\/report\\/v4?s=3LlYS1Hht3HsgCKq9ZFeu4CqjhI02ecVb7%2FlTMnN%2Fl%2Fz8R8FQQTt4u4phnj61qIMtWjwHNAg1wuM%2Bw36epHFLoaZPpRa2NkyQDu9aU%2BJdBpturTHRIWrEpq%2Fyavt0jVN"}],"group":"cf-nel","max_age":604800}', 'NEL': '{"success_fraction":0,"report_to":"cf-nel","max_age":604800}', 'Server': 'cloudflare', 'CF-RAY': '87e6afdb78ef2ab3-LAX', 'alt-svc': 'h3=":443"; ma=86400'} 
 body={"results":[{"gender":"female","name":{"title":"Miss","first":"Becky","last":"Hill"},"location":{"street":{"number":1826,"name":"Richmond Park"},"city":"Greystones","state":"Mayo","country":"Ireland","postcode":97899,"coordinates":{"latitude":"0.7936","longitude":"96.4649"},"timezone":{"offset":"+6:00","description":"Almaty, Dhaka, Colombo"}},"email":"becky.hill@example.com","login":{"uuid":"264c2a6a-f087-4668-a8ee-f98614b370f3","username":"tinyzebra640","password":"thanks","salt":"dHDyyHAF","md5":"97bef925dd39e3dfa0f59a9cd7cbf3de","sha1":"3c30fbe2a6d1ba4685f4c2a2a88952db079a9b6a","sha256":"d94a40ac797206672a3374cd5f67c5d0bf16b022740b47a67ef61f81f41d1c28"},"dob":{"date":"1976-05-02T23:43:27.810Z","age":48},"registered":{"date":"2009-12-31T06:52:27.379Z","age":14},"phone":"021-714-0910","cell":"081-882-0257","id":{"name":"PPS","value":"3850268T"},"picture":{"large":"https://randomuser.me/api/portraits/women/9.jpg","medium":"https://randomuser.me/api/portraits/med/women/9.jpg","thumbnail":"https://randomuser.me/api/portraits/thumb/women/9.jpg"},"nat":"IE"}],"info":{"seed":"998059f408fe5a8f","results":1,"page":1,"version":"1.4"}} 
 </msg>
<msg time="2024-05-04T07:13:13.611595" level="INFO">/opt/hostedtoolcache/Python/3.12.3/x64/lib/python3.12/site-packages/urllib3/connectionpool.py:1103: InsecureRequestWarning: Unverified HTTPS request is being made to host 'randomuser.me'. Adding certificate verification is strongly advised. See: https://urllib3.readthedocs.io/en/latest/advanced-usage.html#tls-warnings
  warnings.warn(</msg>
<msg time="2024-05-04T07:13:13.611704" level="INFO">${response} = &lt;Response [200]&gt;</msg>
<var>${response}</var>
<arg>consultarAPI</arg>
<arg>/api</arg>
<doc>Sends a GET request on a previously created HTTP Session.</doc>
<status status="PASS" start="2024-05-04T07:13:13.464504" elapsed="0.147240"/>
</kw>
<kw name="Should Be Equal As Numbers" owner="BuiltIn">
<msg time="2024-05-04T07:13:13.612756" level="INFO">Argument types are:
&lt;class 'int'&gt;
&lt;class 'str'&gt;</msg>
<arg>${response.status_code}</arg>
<arg>200</arg>
<doc>Fails if objects are unequal after converting them to real numbers.</doc>
<status status="PASS" start="2024-05-04T07:13:13.612268" elapsed="0.000548"/>
</kw>
<kw name="Log" owner="BuiltIn">
<msg time="2024-05-04T07:13:13.613457" level="INFO">200</msg>
<arg>${response.status_code}</arg>
<doc>Logs the given message with the given level.</doc>
<status status="PASS" start="2024-05-04T07:13:13.613128" elapsed="0.000368"/>
</kw>
<kw name="Set Variable" owner="BuiltIn">
<msg time="2024-05-04T07:13:13.614170" level="INFO">${json_data} = {'results': [{'gender': 'female', 'name': {'title': 'Miss', 'first': 'Becky', 'last': 'Hill'}, 'location': {'street': {'number': 1826, 'name': 'Richmond Park'}, 'city': 'Greystones', 'state': 'Mayo', ...</msg>
<var>${json_data}</var>
<arg>${response.json()}</arg>
<doc>Returns the given values which can then be assigned to a variables.</doc>
<status status="PASS" start="2024-05-04T07:13:13.613777" elapsed="0.000419"/>
</kw>
<kw name="Dictionary Should Contain Key" owner="Collections">
<msg time="2024-05-04T07:13:13.614629" level="INFO">False</msg>
<arg>${json_data}</arg>
<arg>results</arg>
<doc>Fails if ``key`` is not found from ``dictionary``.</doc>
<status status="PASS" start="2024-05-04T07:13:13.614474" elapsed="0.000192"/>
</kw>
<status status="PASS" start="2024-05-04T07:13:13.464282" elapsed="0.150613"/>
</kw>
<doc>Testa se a API responde corretamente e retorna um objeto JSON válido.</doc>
<tag>testeRequisicaoBasica</tag>
<status status="PASS" start="2024-05-04T07:13:13.463776" elapsed="0.151274"/>
</test>
<test id="s1-s1-t3" name="Validar estrutura de resposta" line="22">
<kw name="Teste de Estrutura de Resposta" owner="random-user-service">
<kw name="GET On Session" owner="RequestsLibrary">
<msg time="2024-05-04T07:13:13.731561" level="INFO">GET Request : url=https://randomuser.me/api 
 path_url=/api 
 headers={'User-Agent': 'python-requests/2.31.0', 'Accept-Encoding': 'gzip, deflate', 'Accept': '*/*', 'Connection': 'keep-alive'} 
 body=None 
 </msg>
<msg time="2024-05-04T07:13:13.731648" level="INFO">GET Response : url=https://randomuser.me/api 
 status=200, reason=OK 
 headers={'Date': 'Sat, 04 May 2024 07:13:13 GMT', 'Content-Type': 'application/json; charset=utf-8', 'Transfer-Encoding': 'chunked', 'Connection': 'keep-alive', 'X-Powered-By': 'Express', 'Access-Control-Allow-Origin': '*', 'Cache-Control': 'no-cache', 'ETag': 'W/"499-jlhLScJ7i7FIsOf6ZaaN1GmtS0Q"', 'Vary': 'Accept-Encoding', 'Content-Encoding': 'gzip', 'CF-Cache-Status': 'DYNAMIC', 'Report-To': '{"endpoints":[{"url":"https:\\/\\/a.nel.cloudflare.com\\/report\\/v4?s=Hm5hepVsTwM4pjOyjnppz%2FxezOTDuRg22jzsDR8rbR0ZIHA8Ga5Y3bII3bAceCDMnafXo0sVInDNYfj3qjLeYnkNh0LgWCw064AIn2QjkvOmCebu6R7UoXhtwdd5jUqk"}],"group":"cf-nel","max_age":604800}', 'NEL': '{"success_fraction":0,"report_to":"cf-nel","max_age":604800}', 'Server': 'cloudflare', 'CF-RAY': '87e6afdc29c12ab3-LAX', 'alt-svc': 'h3=":443"; ma=86400'} 
 body={"results":[{"gender":"male","name":{"title":"Mr","first":"Gereon","last":"Pesch"},"location":{"street":{"number":9488,"name":"Meisenweg"},"city":"Vechta","state":"Baden-Württemberg","country":"Germany","postcode":78619,"coordinates":{"latitude":"-52.0390","longitude":"-0.2208"},"timezone":{"offset":"+11:00","description":"Magadan, Solomon Islands, New Caledonia"}},"email":"gereon.pesch@example.com","login":{"uuid":"4affae0c-1f0a-4e45-a95d-067640464d50","username":"goldensnake102","password":"marian","salt":"e0aO3rwx","md5":"866658d38f6fd9c1b1702cd800b932a4","sha1":"d9a0ece788ee181f461e2989c55bee5bbf1b7ff7","sha256":"a726750de5aaae274bd2c6a7549a81a337d179d24babe939bd914fbe6971f82d"},"dob":{"date":"1967-08-04T15:53:01.062Z","age":56},"registered":{"date":"2011-03-30T19:33:30.639Z","age":13},"phone":"0302-4283043","cell":"0172-7651101","id":{"name":"SVNR","value":"50 040867 P 436"},"picture":{"large":"https://randomuser.me/api/portraits/men/37.jpg","medium":"https://randomuser.me/api/portraits/med/men/37.jpg","thumbnail":"https://randomuser.me/api/portraits/thumb/men/37.jpg"},"nat":"DE"}],"info":{"seed":"6b4f322e834e9c2e","results":1,"page":1,"version":"1.4"}} 
 </msg>
<msg time="2024-05-04T07:13:13.731771" level="INFO">/opt/hostedtoolcache/Python/3.12.3/x64/lib/python3.12/site-packages/urllib3/connectionpool.py:1103: InsecureRequestWarning: Unverified HTTPS request is being made to host 'randomuser.me'. Adding certificate verification is strongly advised. See: https://urllib3.readthedocs.io/en/latest/advanced-usage.html#tls-warnings
  warnings.warn(</msg>
<msg time="2024-05-04T07:13:13.731899" level="INFO">${response} = &lt;Response [200]&gt;</msg>
<var>${response}</var>
<arg>consultarAPI</arg>
<arg>/api</arg>
<doc>Sends a GET request on a previously created HTTP Session.</doc>
<status status="PASS" start="2024-05-04T07:13:13.617566" elapsed="0.114386"/>
</kw>
<kw name="Set Variable" owner="BuiltIn">
<msg time="2024-05-04T07:13:13.733165" level="INFO">${json_data} = {'results': [{'gender': 'male', 'name': {'title': 'Mr', 'first': 'Gereon', 'last': 'Pesch'}, 'location': {'street': {'number': 9488, 'name': 'Meisenweg'}, 'city': 'Vechta', 'state': 'Baden-Württemberg...</msg>
<var>${json_data}</var>
<arg>${response.json()}</arg>
<doc>Returns the given values which can then be assigned to a variables.</doc>
<status status="PASS" start="2024-05-04T07:13:13.732638" elapsed="0.000554"/>
</kw>
<kw name="Log" owner="BuiltIn">
<msg time="2024-05-04T07:13:13.733622" level="INFO">{'results': [{'gender': 'male', 'name': {'title': 'Mr', 'first': 'Gereon', 'last': 'Pesch'}, 'location': {'street': {'number': 9488, 'name': 'Meisenweg'}, 'city': 'Vechta', 'state': 'Baden-Württemberg', 'country': 'Germany', 'postcode': 78619, 'coordinates': {'latitude': '-52.0390', 'longitude': '-0.2208'}, 'timezone': {'offset': '+11:00', 'description': 'Magadan, Solomon Islands, New Caledonia'}}, 'email': 'gereon.pesch@example.com', 'login': {'uuid': '4affae0c-1f0a-4e45-a95d-067640464d50', 'username': 'goldensnake102', 'password': 'marian', 'salt': 'e0aO3rwx', 'md5': '866658d38f6fd9c1b1702cd800b932a4', 'sha1': 'd9a0ece788ee181f461e2989c55bee5bbf1b7ff7', 'sha256': 'a726750de5aaae274bd2c6a7549a81a337d179d24babe939bd914fbe6971f82d'}, 'dob': {'date': '1967-08-04T15:53:01.062Z', 'age': 56}, 'registered': {'date': '2011-03-30T19:33:30.639Z', 'age': 13}, 'phone': '0302-4283043', 'cell': '0172-7651101', 'id': {'name': 'SVNR', 'value': '50 040867 P 436'}, 'picture': {'large': 'https://randomuser.me/api/portraits/men/37.jpg', 'medium': 'https://randomuser.me/api/portraits/med/men/37.jpg', 'thumbnail': 'https://randomuser.me/api/portraits/thumb/men/37.jpg'}, 'nat': 'DE'}], 'info': {'seed': '6b4f322e834e9c2e', 'results': 1, 'page': 1, 'version': '1.4'}}</msg>
<arg>${json_data}</arg>
<doc>Logs the given message with the given level.</doc>
<status status="PASS" start="2024-05-04T07:13:13.733476" elapsed="0.000191"/>
</kw>
<kw name="Dictionary Should Contain Key" owner="Collections">
<msg time="2024-05-04T07:13:13.734076" level="INFO">False</msg>
<arg>${json_data}</arg>
<arg>results</arg>
<doc>Fails if ``key`` is not found from ``dictionary``.</doc>
<status status="PASS" start="2024-05-04T07:13:13.733936" elapsed="0.000175"/>
</kw>
<kw name="Should Not Be Empty" owner="BuiltIn">
<msg time="2024-05-04T07:13:13.734503" level="INFO">Length is 2.</msg>
<arg>${json_data}</arg>
<doc>Verifies that the given item is not empty.</doc>
<status status="PASS" start="2024-05-04T07:13:13.734379" elapsed="0.000271"/>
</kw>
<kw name="Create List" owner="BuiltIn">
<msg time="2024-05-04T07:13:13.735058" level="INFO">${expected_keys} = ['gender', 'name', 'location', 'email', 'login']</msg>
<var>${expected_keys}</var>
<arg>gender</arg>
<arg>name</arg>
<arg>location</arg>
<arg>email</arg>
<arg>login</arg>
<doc>Returns a list containing given items.</doc>
<status status="PASS" start="2024-05-04T07:13:13.734918" elapsed="0.000162"/>
</kw>
<for flavor="IN">
<iter>
<kw name="Dictionary Should Contain Key" owner="Collections">
<msg time="2024-05-04T07:13:13.735957" level="INFO">False</msg>
<arg>${json_data['results'][0]}</arg>
<arg>${key}</arg>
<doc>Fails if ``key`` is not found from ``dictionary``.</doc>
<status status="PASS" start="2024-05-04T07:13:13.735589" elapsed="0.000403"/>
</kw>
<kw name="Log" owner="BuiltIn">
<msg time="2024-05-04T07:13:13.736644" level="INFO">{'gender': 'male', 'name': {'title': 'Mr', 'first': 'Gereon', 'last': 'Pesch'}, 'location': {'street': {'number': 9488, 'name': 'Meisenweg'}, 'city': 'Vechta', 'state': 'Baden-Württemberg', 'country': 'Germany', 'postcode': 78619, 'coordinates': {'latitude': '-52.0390', 'longitude': '-0.2208'}, 'timezone': {'offset': '+11:00', 'description': 'Magadan, Solomon Islands, New Caledonia'}}, 'email': 'gereon.pesch@example.com', 'login': {'uuid': '4affae0c-1f0a-4e45-a95d-067640464d50', 'username': 'goldensnake102', 'password': 'marian', 'salt': 'e0aO3rwx', 'md5': '866658d38f6fd9c1b1702cd800b932a4', 'sha1': 'd9a0ece788ee181f461e2989c55bee5bbf1b7ff7', 'sha256': 'a726750de5aaae274bd2c6a7549a81a337d179d24babe939bd914fbe6971f82d'}, 'dob': {'date': '1967-08-04T15:53:01.062Z', 'age': 56}, 'registered': {'date': '2011-03-30T19:33:30.639Z', 'age': 13}, 'phone': '0302-4283043', 'cell': '0172-7651101', 'id': {'name': 'SVNR', 'value': '50 040867 P 436'}, 'picture': {'large': 'https://randomuser.me/api/portraits/men/37.jpg', 'medium': 'https://randomuser.me/api/portraits/med/men/37.jpg', 'thumbnail': 'https://randomuser.me/api/portraits/thumb/men/37.jpg'}, 'nat': 'DE'}</msg>
<arg>${json_data['results'][0]}</arg>
<doc>Logs the given message with the given level.</doc>
<status status="PASS" start="2024-05-04T07:13:13.736307" elapsed="0.000383"/>
</kw>
<kw name="Log" owner="BuiltIn">
<msg time="2024-05-04T07:13:13.737085" level="INFO">gender</msg>
<arg>${key}</arg>
<doc>Logs the given message with the given level.</doc>
<status status="PASS" start="2024-05-04T07:13:13.736968" elapsed="0.000152"/>
</kw>
<var name="${key}">gender</var>
<status status="PASS" start="2024-05-04T07:13:13.735477" elapsed="0.001841"/>
</iter>
<iter>
<kw name="Dictionary Should Contain Key" owner="Collections">
<msg time="2024-05-04T07:13:13.737943" level="INFO">False</msg>
<arg>${json_data['results'][0]}</arg>
<arg>${key}</arg>
<doc>Fails if ``key`` is not found from ``dictionary``.</doc>
<status status="PASS" start="2024-05-04T07:13:13.737594" elapsed="0.000383"/>
</kw>
<kw name="Log" owner="BuiltIn">
<msg time="2024-05-04T07:13:13.738633" level="INFO">{'gender': 'male', 'name': {'title': 'Mr', 'first': 'Gereon', 'last': 'Pesch'}, 'location': {'street': {'number': 9488, 'name': 'Meisenweg'}, 'city': 'Vechta', 'state': 'Baden-Württemberg', 'country': 'Germany', 'postcode': 78619, 'coordinates': {'latitude': '-52.0390', 'longitude': '-0.2208'}, 'timezone': {'offset': '+11:00', 'description': 'Magadan, Solomon Islands, New Caledonia'}}, 'email': 'gereon.pesch@example.com', 'login': {'uuid': '4affae0c-1f0a-4e45-a95d-067640464d50', 'username': 'goldensnake102', 'password': 'marian', 'salt': 'e0aO3rwx', 'md5': '866658d38f6fd9c1b1702cd800b932a4', 'sha1': 'd9a0ece788ee181f461e2989c55bee5bbf1b7ff7', 'sha256': 'a726750de5aaae274bd2c6a7549a81a337d179d24babe939bd914fbe6971f82d'}, 'dob': {'date': '1967-08-04T15:53:01.062Z', 'age': 56}, 'registered': {'date': '2011-03-30T19:33:30.639Z', 'age': 13}, 'phone': '0302-4283043', 'cell': '0172-7651101', 'id': {'name': 'SVNR', 'value': '50 040867 P 436'}, 'picture': {'large': 'https://randomuser.me/api/portraits/men/37.jpg', 'medium': 'https://randomuser.me/api/portraits/med/men/37.jpg', 'thumbnail': 'https://randomuser.me/api/portraits/thumb/men/37.jpg'}, 'nat': 'DE'}</msg>
<arg>${json_data['results'][0]}</arg>
<doc>Logs the given message with the given level.</doc>
<status status="PASS" start="2024-05-04T07:13:13.738296" elapsed="0.000382"/>
</kw>
<kw name="Log" owner="BuiltIn">
<msg time="2024-05-04T07:13:13.739066" level="INFO">name</msg>
<arg>${key}</arg>
<doc>Logs the given message with the given level.</doc>
<status status="PASS" start="2024-05-04T07:13:13.738951" elapsed="0.000150"/>
</kw>
<var name="${key}">name</var>
<status status="PASS" start="2024-05-04T07:13:13.737490" elapsed="0.001805"/>
</iter>
<iter>
<kw name="Dictionary Should Contain Key" owner="Collections">
<msg time="2024-05-04T07:13:13.739906" level="INFO">False</msg>
<arg>${json_data['results'][0]}</arg>
<arg>${key}</arg>
<doc>Fails if ``key`` is not found from ``dictionary``.</doc>
<status status="PASS" start="2024-05-04T07:13:13.739558" elapsed="0.000382"/>
</kw>
<kw name="Log" owner="BuiltIn">
<msg time="2024-05-04T07:13:13.740568" level="INFO">{'gender': 'male', 'name': {'title': 'Mr', 'first': 'Gereon', 'last': 'Pesch'}, 'location': {'street': {'number': 9488, 'name': 'Meisenweg'}, 'city': 'Vechta', 'state': 'Baden-Württemberg', 'country': 'Germany', 'postcode': 78619, 'coordinates': {'latitude': '-52.0390', 'longitude': '-0.2208'}, 'timezone': {'offset': '+11:00', 'description': 'Magadan, Solomon Islands, New Caledonia'}}, 'email': 'gereon.pesch@example.com', 'login': {'uuid': '4affae0c-1f0a-4e45-a95d-067640464d50', 'username': 'goldensnake102', 'password': 'marian', 'salt': 'e0aO3rwx', 'md5': '866658d38f6fd9c1b1702cd800b932a4', 'sha1': 'd9a0ece788ee181f461e2989c55bee5bbf1b7ff7', 'sha256': 'a726750de5aaae274bd2c6a7549a81a337d179d24babe939bd914fbe6971f82d'}, 'dob': {'date': '1967-08-04T15:53:01.062Z', 'age': 56}, 'registered': {'date': '2011-03-30T19:33:30.639Z', 'age': 13}, 'phone': '0302-4283043', 'cell': '0172-7651101', 'id': {'name': 'SVNR', 'value': '50 040867 P 436'}, 'picture': {'large': 'https://randomuser.me/api/portraits/men/37.jpg', 'medium': 'https://randomuser.me/api/portraits/med/men/37.jpg', 'thumbnail': 'https://randomuser.me/api/portraits/thumb/men/37.jpg'}, 'nat': 'DE'}</msg>
<arg>${json_data['results'][0]}</arg>
<doc>Logs the given message with the given level.</doc>
<status status="PASS" start="2024-05-04T07:13:13.740236" elapsed="0.000376"/>
</kw>
<kw name="Log" owner="BuiltIn">
<msg time="2024-05-04T07:13:13.740994" level="INFO">location</msg>
<arg>${key}</arg>
<doc>Logs the given message with the given level.</doc>
<status status="PASS" start="2024-05-04T07:13:13.740880" elapsed="0.000149"/>
</kw>
<var name="${key}">location</var>
<status status="PASS" start="2024-05-04T07:13:13.739458" elapsed="0.001766"/>
</iter>
<iter>
<kw name="Dictionary Should Contain Key" owner="Collections">
<msg time="2024-05-04T07:13:13.741834" level="INFO">False</msg>
<arg>${json_data['results'][0]}</arg>
<arg>${key}</arg>
<doc>Fails if ``key`` is not found from ``dictionary``.</doc>
<status status="PASS" start="2024-05-04T07:13:13.741484" elapsed="0.000385"/>
</kw>
<kw name="Log" owner="BuiltIn">
<msg time="2024-05-04T07:13:13.742467" level="INFO">{'gender': 'male', 'name': {'title': 'Mr', 'first': 'Gereon', 'last': 'Pesch'}, 'location': {'street': {'number': 9488, 'name': 'Meisenweg'}, 'city': 'Vechta', 'state': 'Baden-Württemberg', 'country': 'Germany', 'postcode': 78619, 'coordinates': {'latitude': '-52.0390', 'longitude': '-0.2208'}, 'timezone': {'offset': '+11:00', 'description': 'Magadan, Solomon Islands, New Caledonia'}}, 'email': 'gereon.pesch@example.com', 'login': {'uuid': '4affae0c-1f0a-4e45-a95d-067640464d50', 'username': 'goldensnake102', 'password': 'marian', 'salt': 'e0aO3rwx', 'md5': '866658d38f6fd9c1b1702cd800b932a4', 'sha1': 'd9a0ece788ee181f461e2989c55bee5bbf1b7ff7', 'sha256': 'a726750de5aaae274bd2c6a7549a81a337d179d24babe939bd914fbe6971f82d'}, 'dob': {'date': '1967-08-04T15:53:01.062Z', 'age': 56}, 'registered': {'date': '2011-03-30T19:33:30.639Z', 'age': 13}, 'phone': '0302-4283043', 'cell': '0172-7651101', 'id': {'name': 'SVNR', 'value': '50 040867 P 436'}, 'picture': {'large': 'https://randomuser.me/api/portraits/men/37.jpg', 'medium': 'https://randomuser.me/api/portraits/med/men/37.jpg', 'thumbnail': 'https://randomuser.me/api/portraits/thumb/men/37.jpg'}, 'nat': 'DE'}</msg>
<arg>${json_data['results'][0]}</arg>
<doc>Logs the given message with the given level.</doc>
<status status="PASS" start="2024-05-04T07:13:13.742139" elapsed="0.000373"/>
</kw>
<kw name="Log" owner="BuiltIn">
<msg time="2024-05-04T07:13:13.742897" level="INFO">email</msg>
<arg>${key}</arg>
<doc>Logs the given message with the given level.</doc>
<status status="PASS" start="2024-05-04T07:13:13.742781" elapsed="0.000151"/>
</kw>
<var name="${key}">email</var>
<status status="PASS" start="2024-05-04T07:13:13.741383" elapsed="0.001748"/>
</iter>
<iter>
<kw name="Dictionary Should Contain Key" owner="Collections">
<msg time="2024-05-04T07:13:13.743749" level="INFO">False</msg>
<arg>${json_data['results'][0]}</arg>
<arg>${key}</arg>
<doc>Fails if ``key`` is not found from ``dictionary``.</doc>
<status status="PASS" start="2024-05-04T07:13:13.743393" elapsed="0.000391"/>
</kw>
<kw name="Log" owner="BuiltIn">
<msg time="2024-05-04T07:13:13.744426" level="INFO">{'gender': 'male', 'name': {'title': 'Mr', 'first': 'Gereon', 'last': 'Pesch'}, 'location': {'street': {'number': 9488, 'name': 'Meisenweg'}, 'city': 'Vechta', 'state': 'Baden-Württemberg', 'country': 'Germany', 'postcode': 78619, 'coordinates': {'latitude': '-52.0390', 'longitude': '-0.2208'}, 'timezone': {'offset': '+11:00', 'description': 'Magadan, Solomon Islands, New Caledonia'}}, 'email': 'gereon.pesch@example.com', 'login': {'uuid': '4affae0c-1f0a-4e45-a95d-067640464d50', 'username': 'goldensnake102', 'password': 'marian', 'salt': 'e0aO3rwx', 'md5': '866658d38f6fd9c1b1702cd800b932a4', 'sha1': 'd9a0ece788ee181f461e2989c55bee5bbf1b7ff7', 'sha256': 'a726750de5aaae274bd2c6a7549a81a337d179d24babe939bd914fbe6971f82d'}, 'dob': {'date': '1967-08-04T15:53:01.062Z', 'age': 56}, 'registered': {'date': '2011-03-30T19:33:30.639Z', 'age': 13}, 'phone': '0302-4283043', 'cell': '0172-7651101', 'id': {'name': 'SVNR', 'value': '50 040867 P 436'}, 'picture': {'large': 'https://randomuser.me/api/portraits/men/37.jpg', 'medium': 'https://randomuser.me/api/portraits/med/men/37.jpg', 'thumbnail': 'https://randomuser.me/api/portraits/thumb/men/37.jpg'}, 'nat': 'DE'}</msg>
<arg>${json_data['results'][0]}</arg>
<doc>Logs the given message with the given level.</doc>
<status status="PASS" start="2024-05-04T07:13:13.744084" elapsed="0.000387"/>
</kw>
<kw name="Log" owner="BuiltIn">
<msg time="2024-05-04T07:13:13.744862" level="INFO">login</msg>
<arg>${key}</arg>
<doc>Logs the given message with the given level.</doc>
<status status="PASS" start="2024-05-04T07:13:13.744744" elapsed="0.000152"/>
</kw>
<var name="${key}">login</var>
<status status="PASS" start="2024-05-04T07:13:13.743292" elapsed="0.001828"/>
</iter>
<var>${key}</var>
<value>@{expected_keys}</value>
<status status="PASS" start="2024-05-04T07:13:13.735311" elapsed="0.009924"/>
</for>
<kw name="Create List" owner="BuiltIn">
<msg time="2024-05-04T07:13:13.745536" level="INFO">${expected_keysTwo} = ['username', 'password']</msg>
<var>${expected_keysTwo}</var>
<arg>username</arg>
<arg>password</arg>
<doc>Returns a list containing given items.</doc>
<status status="PASS" start="2024-05-04T07:13:13.745411" elapsed="0.000147"/>
</kw>
<for flavor="IN">
<iter>
<kw name="Dictionary Should Contain Key" owner="Collections">
<msg time="2024-05-04T07:13:13.746365" level="INFO">False</msg>
<arg>${json_data['results'][0]['login']}</arg>
<arg>${keyTwo}</arg>
<doc>Fails if ``key`` is not found from ``dictionary``.</doc>
<status status="PASS" start="2024-05-04T07:13:13.746011" elapsed="0.000389"/>
</kw>
<kw name="Dictionary Should Contain Key" owner="Collections">
<msg time="2024-05-04T07:13:13.747018" level="INFO">False</msg>
<arg>${json_data['results'][0]['login']}</arg>
<arg>${keyTwo}</arg>
<doc>Fails if ``key`` is not found from ``dictionary``.</doc>
<status status="PASS" start="2024-05-04T07:13:13.746668" elapsed="0.000384"/>
</kw>
<kw name="Log" owner="BuiltIn">
<msg time="2024-05-04T07:13:13.747431" level="INFO">username</msg>
<arg>${keyTwo}</arg>
<doc>Logs the given message with the given level.</doc>
<status status="PASS" start="2024-05-04T07:13:13.747317" elapsed="0.000152"/>
</kw>
<var name="${keyTwo}">username</var>
<status status="PASS" start="2024-05-04T07:13:13.745911" elapsed="0.001754"/>
</iter>
<iter>
<kw name="Dictionary Should Contain Key" owner="Collections">
<msg time="2024-05-04T07:13:13.748368" level="INFO">False</msg>
<arg>${json_data['results'][0]['login']}</arg>
<arg>${keyTwo}</arg>
<doc>Fails if ``key`` is not found from ``dictionary``.</doc>
<status status="PASS" start="2024-05-04T07:13:13.747928" elapsed="0.000477"/>
</kw>
<kw name="Dictionary Should Contain Key" owner="Collections">
<msg time="2024-05-04T07:13:13.749028" level="INFO">False</msg>
<arg>${json_data['results'][0]['login']}</arg>
<arg>${keyTwo}</arg>
<doc>Fails if ``key`` is not found from ``dictionary``.</doc>
<status status="PASS" start="2024-05-04T07:13:13.748680" elapsed="0.000382"/>
</kw>
<kw name="Log" owner="BuiltIn">
<msg time="2024-05-04T07:13:13.749442" level="INFO">password</msg>
<arg>${keyTwo}</arg>
<doc>Logs the given message with the given level.</doc>
<status status="PASS" start="2024-05-04T07:13:13.749326" elapsed="0.000150"/>
</kw>
<var name="${keyTwo}">password</var>
<status status="PASS" start="2024-05-04T07:13:13.747823" elapsed="0.001849"/>
</iter>
<var>${keyTwo}</var>
<value>@{expected_keysTwo}</value>
<status status="PASS" start="2024-05-04T07:13:13.745771" elapsed="0.004011"/>
</for>
<status status="PASS" start="2024-05-04T07:13:13.617336" elapsed="0.132572"/>
</kw>
<doc>Testa a estrutura da resposta da API.</doc>
<tag>testeEstruturaResposta</tag>
<status status="PASS" start="2024-05-04T07:13:13.616771" elapsed="0.133272"/>
</test>
<test id="s1-s1-t4" name="Validar tipos de dados" line="28">
<kw name="Teste de Tipos de Dados" owner="random-user-service">
<kw name="GET On Session" owner="RequestsLibrary">
<msg time="2024-05-04T07:13:13.854764" level="INFO">GET Request : url=https://randomuser.me/api 
 path_url=/api 
 headers={'User-Agent': 'python-requests/2.31.0', 'Accept-Encoding': 'gzip, deflate', 'Accept': '*/*', 'Connection': 'keep-alive'} 
 body=None 
 </msg>
<msg time="2024-05-04T07:13:13.854848" level="INFO">GET Response : url=https://randomuser.me/api 
 status=200, reason=OK 
 headers={'Date': 'Sat, 04 May 2024 07:13:13 GMT', 'Content-Type': 'application/json; charset=utf-8', 'Transfer-Encoding': 'chunked', 'Connection': 'keep-alive', 'X-Powered-By': 'Express', 'Access-Control-Allow-Origin': '*', 'Cache-Control': 'no-cache', 'ETag': 'W/"493-rAEkxqeI1eRyeFRQGKPGQfS0cRs"', 'Vary': 'Accept-Encoding', 'Content-Encoding': 'gzip', 'CF-Cache-Status': 'DYNAMIC', 'Report-To': '{"endpoints":[{"url":"https:\\/\\/a.nel.cloudflare.com\\/report\\/v4?s=duzMaVleq2B%2Bs8p%2B%2BXgB%2Bep6j%2B0kZeHM8ch5%2FYRODmZ3iWjFZDlyEXTLkzgx8058Jc47EJ2byktVkZNZnNOfN4%2Fuj1OcHZIaMW0KWFFpKUOp2diTKFdDFv8FrjujgvQN"}],"group":"cf-nel","max_age":604800}', 'NEL': '{"success_fraction":0,"report_to":"cf-nel","max_age":604800}', 'Server': 'cloudflare', 'CF-RAY': '87e6afdcfa942ab3-LAX', 'alt-svc': 'h3=":443"; ma=86400'} 
 body={"results":[{"gender":"female","name":{"title":"Miss","first":"Eevi","last":"Rintala"},"location":{"street":{"number":9823,"name":"Pirkankatu"},"city":"Suomussalmi","state":"Central Finland","country":"Finland","postcode":27488,"coordinates":{"latitude":"-24.7188","longitude":"115.9196"},"timezone":{"offset":"+9:30","description":"Adelaide, Darwin"}},"email":"eevi.rintala@example.com","login":{"uuid":"1c2ef8d0-3353-4b9a-b580-650175697ad3","username":"beautifulgorilla419","password":"kurt","salt":"mwpRKM0u","md5":"3a47d8c19632d11eb3fb0f1fc0642240","sha1":"f119b44210873a1f94ea1161e69f022099715cb7","sha256":"ee01b5cc7b8fcb75348da91d075cd9419cec0a28df212568d0716acb4d3d52d4"},"dob":{"date":"1947-06-30T03:57:21.036Z","age":76},"registered":{"date":"2003-08-28T08:04:45.162Z","age":20},"phone":"04-454-682","cell":"042-985-00-70","id":{"name":"HETU","value":"NaNNA754undefined"},"picture":{"large":"https://randomuser.me/api/portraits/women/44.jpg","medium":"https://randomuser.me/api/portraits/med/women/44.jpg","thumbnail":"https://randomuser.me/api/portraits/thumb/women/44.jpg"},"nat":"FI"}],"info":{"seed":"36dd24cadf80aed4","results":1,"page":1,"version":"1.4"}} 
 </msg>
<msg time="2024-05-04T07:13:13.854921" level="INFO">/opt/hostedtoolcache/Python/3.12.3/x64/lib/python3.12/site-packages/urllib3/connectionpool.py:1103: InsecureRequestWarning: Unverified HTTPS request is being made to host 'randomuser.me'. Adding certificate verification is strongly advised. See: https://urllib3.readthedocs.io/en/latest/advanced-usage.html#tls-warnings
  warnings.warn(</msg>
<msg time="2024-05-04T07:13:13.855039" level="INFO">${response} = &lt;Response [200]&gt;</msg>
<var>${response}</var>
<arg>consultarAPI</arg>
<arg>/api</arg>
<doc>Sends a GET request on a previously created HTTP Session.</doc>
<status status="PASS" start="2024-05-04T07:13:13.752382" elapsed="0.102714"/>
</kw>
<kw name="Set Variable" owner="BuiltIn">
<msg time="2024-05-04T07:13:13.856050" level="INFO">${json_data} = {'results': [{'gender': 'female', 'name': {'title': 'Miss', 'first': 'Eevi', 'last': 'Rintala'}, 'location': {'street': {'number': 9823, 'name': 'Pirkankatu'}, 'city': 'Suomussalmi', 'state': 'Central...</msg>
<var>${json_data}</var>
<arg>${response.json()}</arg>
<doc>Returns the given values which can then be assigned to a variables.</doc>
<status status="PASS" start="2024-05-04T07:13:13.855519" elapsed="0.000561"/>
</kw>
<kw name="Log" owner="BuiltIn">
<msg time="2024-05-04T07:13:13.856512" level="INFO">{'results': [{'gender': 'female', 'name': {'title': 'Miss', 'first': 'Eevi', 'last': 'Rintala'}, 'location': {'street': {'number': 9823, 'name': 'Pirkankatu'}, 'city': 'Suomussalmi', 'state': 'Central Finland', 'country': 'Finland', 'postcode': 27488, 'coordinates': {'latitude': '-24.7188', 'longitude': '115.9196'}, 'timezone': {'offset': '+9:30', 'description': 'Adelaide, Darwin'}}, 'email': 'eevi.rintala@example.com', 'login': {'uuid': '1c2ef8d0-3353-4b9a-b580-650175697ad3', 'username': 'beautifulgorilla419', 'password': 'kurt', 'salt': 'mwpRKM0u', 'md5': '3a47d8c19632d11eb3fb0f1fc0642240', 'sha1': 'f119b44210873a1f94ea1161e69f022099715cb7', 'sha256': 'ee01b5cc7b8fcb75348da91d075cd9419cec0a28df212568d0716acb4d3d52d4'}, 'dob': {'date': '1947-06-30T03:57:21.036Z', 'age': 76}, 'registered': {'date': '2003-08-28T08:04:45.162Z', 'age': 20}, 'phone': '04-454-682', 'cell': '042-985-00-70', 'id': {'name': 'HETU', 'value': 'NaNNA754undefined'}, 'picture': {'large': 'https://randomuser.me/api/portraits/women/44.jpg', 'medium': 'https://randomuser.me/api/portraits/med/women/44.jpg', 'thumbnail': 'https://randomuser.me/api/portraits/thumb/women/44.jpg'}, 'nat': 'FI'}], 'info': {'seed': '36dd24cadf80aed4', 'results': 1, 'page': 1, 'version': '1.4'}}</msg>
<arg>${json_data}</arg>
<doc>Logs the given message with the given level.</doc>
<status status="PASS" start="2024-05-04T07:13:13.856373" elapsed="0.000212"/>
</kw>
<kw name="Should Be String" owner="String">
<arg>${json_data['results'][0]['gender']}</arg>
<doc>Fails if the given ``item`` is not a string.</doc>
<status status="PASS" start="2024-05-04T07:13:13.856858" elapsed="0.000331"/>
</kw>
<kw name="Should Match Regexp" owner="BuiltIn">
<arg>${json_data['results'][0]['email']}</arg>
<arg>^[a-zA-Z0-9._%+-]+@[a-zA-Z0-9.-]+\.[a-zA-Z]{2,}$</arg>
<doc>Fails if ``string`` does not match ``pattern`` as a regular expression.</doc>
<status status="PASS" start="2024-05-04T07:13:13.857365" elapsed="0.000453"/>
</kw>
<kw name="Should Match Regexp" owner="BuiltIn">
<arg>${json_data['results'][0]['dob']['date']}</arg>
<arg>\\d{4}-\\d{2}-\\d{2}T\\d{2}:\\d{2}:\\d{2}\\.\\d{3}Z</arg>
<doc>Fails if ``string`` does not match ``pattern`` as a regular expression.</doc>
<status status="PASS" start="2024-05-04T07:13:13.857997" elapsed="0.000453"/>
</kw>
<kw name="Should Match Regexp" owner="BuiltIn">
<arg>${json_data['results'][0]['registered']['date']}</arg>
<arg>\\d{4}-\\d{2}-\\d{2}T\\d{2}:\\d{2}:\\d{2}\\.\\d{3}Z</arg>
<doc>Fails if ``string`` does not match ``pattern`` as a regular expression.</doc>
<status status="PASS" start="2024-05-04T07:13:13.858625" elapsed="0.000335"/>
</kw>
<kw name="Should Match Regexp" owner="BuiltIn">
<arg>${json_data['results'][0]['picture']['large']}</arg>
<arg>^https?://.*\.(?:png|jpe?g|gif|bmp)$</arg>
<doc>Fails if ``string`` does not match ``pattern`` as a regular expression.</doc>
<status status="PASS" start="2024-05-04T07:13:13.859132" elapsed="0.000423"/>
</kw>
<kw name="Should Match Regexp" owner="BuiltIn">
<arg>${json_data['results'][0]['picture']['medium']}</arg>
<arg>^https?://.*\.(?:png|jpe?g|gif|bmp)$</arg>
<doc>Fails if ``string`` does not match ``pattern`` as a regular expression.</doc>
<status status="PASS" start="2024-05-04T07:13:13.859726" elapsed="0.000356"/>
</kw>
<kw name="Should Match Regexp" owner="BuiltIn">
<arg>${json_data['results'][0]['picture']['thumbnail']}</arg>
<arg>^https?://.*\.(?:png|jpe?g|gif|bmp)$</arg>
<doc>Fails if ``string`` does not match ``pattern`` as a regular expression.</doc>
<status status="PASS" start="2024-05-04T07:13:13.860261" elapsed="0.000328"/>
</kw>
<kw name="Log" owner="BuiltIn">
<msg time="2024-05-04T07:13:13.861047" level="INFO">{'large': 'https://randomuser.me/api/portraits/women/44.jpg', 'medium': 'https://randomuser.me/api/portraits/med/women/44.jpg', 'thumbnail': 'https://randomuser.me/api/portraits/thumb/women/44.jpg'}</msg>
<arg>${json_data['results'][0]['picture']}</arg>
<doc>Logs the given message with the given level.</doc>
<status status="PASS" start="2024-05-04T07:13:13.860755" elapsed="0.000330"/>
</kw>
<status status="PASS" start="2024-05-04T07:13:13.752175" elapsed="0.109141"/>
</kw>
<kw name="Teste de Tipos de Dados - Postcode" owner="random-user-service">
<kw name="GET On Session" owner="RequestsLibrary">
<msg time="2024-05-04T07:13:13.961846" level="INFO">GET Request : url=https://randomuser.me/api 
 path_url=/api 
 headers={'User-Agent': 'python-requests/2.31.0', 'Accept-Encoding': 'gzip, deflate', 'Accept': '*/*', 'Connection': 'keep-alive'} 
 body=None 
 </msg>
<msg time="2024-05-04T07:13:13.961928" level="INFO">GET Response : url=https://randomuser.me/api 
 status=200, reason=OK 
 headers={'Date': 'Sat, 04 May 2024 07:13:13 GMT', 'Content-Type': 'application/json; charset=utf-8', 'Transfer-Encoding': 'chunked', 'Connection': 'keep-alive', 'X-Powered-By': 'Express', 'Access-Control-Allow-Origin': '*', 'Cache-Control': 'no-cache', 'ETag': 'W/"496-wRfe/tK8lKJ1LwiBM8OD96FXWns"', 'Vary': 'Accept-Encoding', 'Content-Encoding': 'gzip', 'CF-Cache-Status': 'DYNAMIC', 'Report-To': '{"endpoints":[{"url":"https:\\/\\/a.nel.cloudflare.com\\/report\\/v4?s=L%2F3KWuM77vu1A1371cK9JHshMv6%2F3gXbUkwVBct0ivCT3RlKzjzrWsvaUzcUmko4%2Fef69KwDnTerF%2FwhpyzfDbEWIXROi%2FP9Ekj834B%2BLqEpWdN4csM0CplXT0YYS7Ng"}],"group":"cf-nel","max_age":604800}', 'NEL': '{"success_fraction":0,"report_to":"cf-nel","max_age":604800}', 'Server': 'cloudflare', 'CF-RAY': '87e6afddab362ab3-LAX', 'alt-svc': 'h3=":443"; ma=86400'} 
 body={"results":[{"gender":"female","name":{"title":"Mrs","first":"Nicoline","last":"Madsen"},"location":{"street":{"number":6751,"name":"Lergravsvej"},"city":"Stenderup","state":"Danmark","country":"Denmark","postcode":86227,"coordinates":{"latitude":"-40.4897","longitude":"127.7195"},"timezone":{"offset":"+1:00","description":"Brussels, Copenhagen, Madrid, Paris"}},"email":"nicoline.madsen@example.com","login":{"uuid":"b787a7c1-d349-4a7d-8031-92dba6d97f90","username":"beautifulmeercat239","password":"cheese1","salt":"pqLQEZWc","md5":"21cf81fff92755cf61dd9bb4fef4fb3f","sha1":"d0a54543bef81a97953587d215e977115f24e199","sha256":"ebef50086f5b302f3c1c97d4e2a2082f21663a8c896fe5c5065dd736986e2fff"},"dob":{"date":"1993-03-26T17:00:02.631Z","age":31},"registered":{"date":"2016-09-30T13:27:05.811Z","age":7},"phone":"38649504","cell":"36772926","id":{"name":"CPR","value":"260393-2621"},"picture":{"large":"https://randomuser.me/api/portraits/women/65.jpg","medium":"https://randomuser.me/api/portraits/med/women/65.jpg","thumbnail":"https://randomuser.me/api/portraits/thumb/women/65.jpg"},"nat":"DK"}],"info":{"seed":"ac896858c2435604","results":1,"page":1,"version":"1.4"}} 
 </msg>
<msg time="2024-05-04T07:13:13.961998" level="INFO">/opt/hostedtoolcache/Python/3.12.3/x64/lib/python3.12/site-packages/urllib3/connectionpool.py:1103: InsecureRequestWarning: Unverified HTTPS request is being made to host 'randomuser.me'. Adding certificate verification is strongly advised. See: https://urllib3.readthedocs.io/en/latest/advanced-usage.html#tls-warnings
  warnings.warn(</msg>
<msg time="2024-05-04T07:13:13.962107" level="INFO">${response} = &lt;Response [200]&gt;</msg>
<var>${response}</var>
<arg>consultarAPI</arg>
<arg>/api</arg>
<doc>Sends a GET request on a previously created HTTP Session.</doc>
<status status="PASS" start="2024-05-04T07:13:13.861708" elapsed="0.100448"/>
</kw>
<kw name="Set Variable" owner="BuiltIn">
<msg time="2024-05-04T07:13:13.962886" level="INFO">${json_data} = {'results': [{'gender': 'female', 'name': {'title': 'Mrs', 'first': 'Nicoline', 'last': 'Madsen'}, 'location': {'street': {'number': 6751, 'name': 'Lergravsvej'}, 'city': 'Stenderup', 'state': 'Danmar...</msg>
<var>${json_data}</var>
<arg>${response.json()}</arg>
<doc>Returns the given values which can then be assigned to a variables.</doc>
<status status="PASS" start="2024-05-04T07:13:13.962476" elapsed="0.000434"/>
</kw>
<kw name="Log" owner="BuiltIn">
<msg time="2024-05-04T07:13:13.963328" level="INFO">{'results': [{'gender': 'female', 'name': {'title': 'Mrs', 'first': 'Nicoline', 'last': 'Madsen'}, 'location': {'street': {'number': 6751, 'name': 'Lergravsvej'}, 'city': 'Stenderup', 'state': 'Danmark', 'country': 'Denmark', 'postcode': 86227, 'coordinates': {'latitude': '-40.4897', 'longitude': '127.7195'}, 'timezone': {'offset': '+1:00', 'description': 'Brussels, Copenhagen, Madrid, Paris'}}, 'email': 'nicoline.madsen@example.com', 'login': {'uuid': 'b787a7c1-d349-4a7d-8031-92dba6d97f90', 'username': 'beautifulmeercat239', 'password': 'cheese1', 'salt': 'pqLQEZWc', 'md5': '21cf81fff92755cf61dd9bb4fef4fb3f', 'sha1': 'd0a54543bef81a97953587d215e977115f24e199', 'sha256': 'ebef50086f5b302f3c1c97d4e2a2082f21663a8c896fe5c5065dd736986e2fff'}, 'dob': {'date': '1993-03-26T17:00:02.631Z', 'age': 31}, 'registered': {'date': '2016-09-30T13:27:05.811Z', 'age': 7}, 'phone': '38649504', 'cell': '36772926', 'id': {'name': 'CPR', 'value': '260393-2621'}, 'picture': {'large': 'https://randomuser.me/api/portraits/women/65.jpg', 'medium': 'https://randomuser.me/api/portraits/med/women/65.jpg', 'thumbnail': 'https://randomuser.me/api/portraits/thumb/women/65.jpg'}, 'nat': 'DK'}], 'info': {'seed': 'ac896858c2435604', 'results': 1, 'page': 1, 'version': '1.4'}}</msg>
<arg>${json_data}</arg>
<doc>Logs the given message with the given level.</doc>
<status status="PASS" start="2024-05-04T07:13:13.963187" elapsed="0.000211"/>
</kw>
<kw name="Should Be Equal As Numbers" owner="BuiltIn">
<arg>${json_data['results'][0]['location']['postcode']}</arg>
<arg>${json_data['results'][0]['location']['postcode']}</arg>
<doc>Fails if objects are unequal after converting them to real numbers.</doc>
<status status="PASS" start="2024-05-04T07:13:13.963781" elapsed="0.000610"/>
</kw>
<kw name="Log" owner="BuiltIn">
<msg time="2024-05-04T07:13:13.964876" level="INFO">86227</msg>
<arg>${json_data['results'][0]['location']['postcode']}</arg>
<doc>Logs the given message with the given level.</doc>
<status status="PASS" start="2024-05-04T07:13:13.964568" elapsed="0.000344"/>
</kw>
<status status="PASS" start="2024-05-04T07:13:13.861509" elapsed="0.103631"/>
</kw>
<doc>Testa se os tipos de dados na resposta da API estão corretos.</doc>
<tag>testeTiposDados</tag>
<status status="PASS" start="2024-05-04T07:13:13.751654" elapsed="0.213628"/>
</test>
<test id="s1-s1-t5" name="Validar conteudo" line="35">
<kw name="Teste de Tipos de Conteudo" owner="random-user-service">
<kw name="GET On Session" owner="RequestsLibrary">
<msg time="2024-05-04T07:13:14.062778" level="INFO">GET Request : url=https://randomuser.me/api 
 path_url=/api 
 headers={'User-Agent': 'python-requests/2.31.0', 'Accept-Encoding': 'gzip, deflate', 'Accept': '*/*', 'Connection': 'keep-alive'} 
 body=None 
 </msg>
<msg time="2024-05-04T07:13:14.062869" level="INFO">GET Response : url=https://randomuser.me/api 
 status=200, reason=OK 
 headers={'Date': 'Sat, 04 May 2024 07:13:14 GMT', 'Content-Type': 'application/json; charset=utf-8', 'Transfer-Encoding': 'chunked', 'Connection': 'keep-alive', 'X-Powered-By': 'Express', 'Access-Control-Allow-Origin': '*', 'Cache-Control': 'no-cache', 'ETag': 'W/"4b7-QC2qIbRnN9aIMMP8awNm9QALNGA"', 'Vary': 'Accept-Encoding', 'Content-Encoding': 'gzip', 'CF-Cache-Status': 'DYNAMIC', 'Report-To': '{"endpoints":[{"url":"https:\\/\\/a.nel.cloudflare.com\\/report\\/v4?s=56LDfYK%2FQtRc0m%2BgCjLiql%2F2o8awdFUjSrakvIiQBQ1pBXWgoWgxjkNPGKX%2BqRDJy9KBSV3Zlmg9cuw3vT%2BALLyc5Zcqt7M5gynwHGUOIIFWFZU8wP7WvYFSviM6JHSg"}],"group":"cf-nel","max_age":604800}', 'NEL': '{"success_fraction":0,"report_to":"cf-nel","max_age":604800}', 'Server': 'cloudflare', 'CF-RAY': '87e6afde5bd62ab3-LAX', 'alt-svc': 'h3=":443"; ma=86400'} 
 body={"results":[{"gender":"female","name":{"title":"Mrs","first":"آرمیتا","last":"رضایی"},"location":{"street":{"number":4000,"name":"اجاره دار"},"city":"قائم‌شهر","state":"سیستان و بلوچستان","country":"Iran","postcode":23242,"coordinates":{"latitude":"17.9042","longitude":"63.1039"},"timezone":{"offset":"+9:00","description":"Tokyo, Seoul, Osaka, Sapporo, Yakutsk"}},"email":"armyt.rdyy@example.com","login":{"uuid":"039e61a7-2ecd-4866-ae8c-e1e32979e044","username":"silvertiger162","password":"klondike","salt":"6WYGyzO3","md5":"6c5b8ba9433bd62380f74e592d6b3c3a","sha1":"64a8bf85527a339a73c29b841c281e177807f7b0","sha256":"3cf5860816e54ab05c6bbeacc0c1b0ee9ad9b8ee009283c44f8912032d112e50"},"dob":{"date":"1996-04-19T20:41:38.276Z","age":28},"registered":{"date":"2007-02-17T16:22:07.229Z","age":17},"phone":"054-59032126","cell":"0995-576-8674","id":{"name":"","value":null},"picture":{"large":"https://randomuser.me/api/portraits/women/12.jpg","medium":"https://randomuser.me/api/portraits/med/women/12.jpg","thumbnail":"https://randomuser.me/api/portraits/thumb/women/12.jpg"},"nat":"IR"}],"info":{"seed":"c8b678cad197c7da","results":1,"page":1,"version":"1.4"}} 
 </msg>
<msg time="2024-05-04T07:13:14.062943" level="INFO">/opt/hostedtoolcache/Python/3.12.3/x64/lib/python3.12/site-packages/urllib3/connectionpool.py:1103: InsecureRequestWarning: Unverified HTTPS request is being made to host 'randomuser.me'. Adding certificate verification is strongly advised. See: https://urllib3.readthedocs.io/en/latest/advanced-usage.html#tls-warnings
  warnings.warn(</msg>
<msg time="2024-05-04T07:13:14.063054" level="INFO">${response} = &lt;Response [200]&gt;</msg>
<var>${response}</var>
<arg>consultarAPI</arg>
<arg>/api</arg>
<doc>Sends a GET request on a previously created HTTP Session.</doc>
<status status="PASS" start="2024-05-04T07:13:13.967429" elapsed="0.095658"/>
</kw>
<kw name="Set Variable" owner="BuiltIn">
<msg time="2024-05-04T07:13:14.064075" level="INFO">${json_data} = {'results': [{'gender': 'female', 'name': {'title': 'Mrs', 'first': 'آرمیتا', 'last': 'رضایی'}, 'location': {'street': {'number': 4000, 'name': 'اجاره دار'}, 'city': 'قائم\u200cشهر', 'state': 'سیستان ...</msg>
<var>${json_data}</var>
<arg>${response.json()}</arg>
<doc>Returns the given values which can then be assigned to a variables.</doc>
<status status="PASS" start="2024-05-04T07:13:14.063586" elapsed="0.000531"/>
</kw>
<kw name="Set Variable" owner="BuiltIn">
<msg time="2024-05-04T07:13:14.064808" level="INFO">${name_title} = Mrs</msg>
<var>${name_title}</var>
<arg>${json_data["results"][0]["name"]["title"]}</arg>
<doc>Returns the given values which can then be assigned to a variables.</doc>
<status status="PASS" start="2024-05-04T07:13:14.064423" elapsed="0.000412"/>
</kw>
<kw name="Create List" owner="BuiltIn">
<msg time="2024-05-04T07:13:14.065326" level="INFO">${allowed_titles} = ['Mr', 'Ms', 'Miss', 'Mrs', 'Madame', 'Monsieur']</msg>
<var>${allowed_titles}</var>
<arg>Mr</arg>
<arg>Ms</arg>
<arg>Miss</arg>
<arg>Mrs</arg>
<arg>Madame</arg>
<arg>Monsieur</arg>
<doc>Returns a list containing given items.</doc>
<status status="PASS" start="2024-05-04T07:13:14.065180" elapsed="0.000170"/>
</kw>
<kw name="List Should Contain Value" owner="Collections">
<msg time="2024-05-04T07:13:14.065809" level="INFO">False</msg>
<arg>${allowed_titles}</arg>
<arg>${name_title}</arg>
<doc>Fails if the ``value`` is not found from ``list``.</doc>
<status status="PASS" start="2024-05-04T07:13:14.065643" elapsed="0.000201"/>
</kw>
<kw name="Set Variable" owner="BuiltIn">
<msg time="2024-05-04T07:13:14.066495" level="INFO">${name_country} = IR</msg>
<var>${name_country}</var>
<arg>${json_data["results"][0]["nat"]}</arg>
<doc>Returns the given values which can then be assigned to a variables.</doc>
<status status="PASS" start="2024-05-04T07:13:14.066134" elapsed="0.000384"/>
</kw>
<kw name="Create List" owner="BuiltIn">
<msg time="2024-05-04T07:13:14.067321" level="INFO">${list_country} = ['AD', 'AE', 'AF', 'AG', 'AI', 'AL', 'AM', 'AO', 'AQ', 'AR', 'AS', 'AT', 'AU', 'AW', 'AX', 'AZ', 'BA', 'BB', 'BD', 'BE', 'BF', 'BG', 'BH', 'BI', 'BJ', 'BL', 'BM', 'BN', 'BO', 'BQ', 'BR', 'BS', 'BT', '...</msg>
<var>${list_country}</var>
<arg>AD</arg>
<arg>AE</arg>
<arg>AF</arg>
<arg>AG</arg>
<arg>AI</arg>
<arg>AL</arg>
<arg>AM</arg>
<arg>AO</arg>
<arg>AQ</arg>
<arg>AR</arg>
<arg>AS</arg>
<arg>AT</arg>
<arg>AU</arg>
<arg>AW</arg>
<arg>AX</arg>
<arg>AZ</arg>
<arg>BA</arg>
<arg>BB</arg>
<arg>BD</arg>
<arg>BE</arg>
<arg>BF</arg>
<arg>BG</arg>
<arg>BH</arg>
<arg>BI</arg>
<arg>BJ</arg>
<arg>BL</arg>
<arg>BM</arg>
<arg>BN</arg>
<arg>BO</arg>
<arg>BQ</arg>
<arg>BR</arg>
<arg>BS</arg>
<arg>BT</arg>
<arg>BV</arg>
<arg>BW</arg>
<arg>BY</arg>
<arg>BZ</arg>
<arg>CA</arg>
<arg>CC</arg>
<arg>CD</arg>
<arg>CF</arg>
<arg>CG</arg>
<arg>CH</arg>
<arg>CI</arg>
<arg>CK</arg>
<arg>CL</arg>
<arg>CM</arg>
<arg>CN</arg>
<arg>CO</arg>
<arg>CR</arg>
<arg>CU</arg>
<arg>CV</arg>
<arg>CW</arg>
<arg>CX</arg>
<arg>CY</arg>
<arg>CZ</arg>
<arg>DE</arg>
<arg>DJ</arg>
<arg>DK</arg>
<arg>DM</arg>
<arg>DO</arg>
<arg>DZ</arg>
<arg>EC</arg>
<arg>EE</arg>
<arg>EG</arg>
<arg>EH</arg>
<arg>ER</arg>
<arg>ES</arg>
<arg>ET</arg>
<arg>FI</arg>
<arg>FJ</arg>
<arg>FK</arg>
<arg>FM</arg>
<arg>FO</arg>
<arg>FR</arg>
<arg>GA</arg>
<arg>GB</arg>
<arg>GD</arg>
<arg>GE</arg>
<arg>GF</arg>
<arg>GG</arg>
<arg>GH</arg>
<arg>GI</arg>
<arg>GL</arg>
<arg>GM</arg>
<arg>GN</arg>
<arg>GP</arg>
<arg>GQ</arg>
<arg>GR</arg>
<arg>GS</arg>
<arg>GT</arg>
<arg>GU</arg>
<arg>GW</arg>
<arg>GY</arg>
<arg>HK</arg>
<arg>HM</arg>
<arg>HN</arg>
<arg>HR</arg>
<arg>HT</arg>
<arg>HU</arg>
<arg>ID</arg>
<arg>IE</arg>
<arg>IL</arg>
<arg>IM</arg>
<arg>IN</arg>
<arg>IO</arg>
<arg>IQ</arg>
<arg>IR</arg>
<arg>IS</arg>
<arg>IT</arg>
<arg>JE</arg>
<arg>JM</arg>
<arg>JO</arg>
<arg>JP</arg>
<arg>KE</arg>
<arg>KG</arg>
<arg>KH</arg>
<arg>KI</arg>
<arg>KM</arg>
<arg>KN</arg>
<arg>KP</arg>
<arg>KR</arg>
<arg>KW</arg>
<arg>KY</arg>
<arg>KZ</arg>
<arg>LA</arg>
<arg>LB</arg>
<arg>LC</arg>
<arg>LI</arg>
<arg>LK</arg>
<arg>LR</arg>
<arg>LS</arg>
<arg>LT</arg>
<arg>LU</arg>
<arg>LV</arg>
<arg>LY</arg>
<arg>MA</arg>
<arg>MC</arg>
<arg>MD</arg>
<arg>ME</arg>
<arg>MF</arg>
<arg>MG</arg>
<arg>MH</arg>
<arg>MK</arg>
<arg>ML</arg>
<arg>MM</arg>
<arg>MN</arg>
<arg>MO</arg>
<arg>MP</arg>
<arg>MQ</arg>
<arg>MR</arg>
<arg>MS</arg>
<arg>MT</arg>
<arg>MU</arg>
<arg>MV</arg>
<arg>MW</arg>
<arg>MX</arg>
<arg>MY</arg>
<arg>MZ</arg>
<arg>NA</arg>
<arg>NC</arg>
<arg>NE</arg>
<arg>NF</arg>
<arg>NG</arg>
<arg>NI</arg>
<arg>NL</arg>
<arg>NO</arg>
<arg>NP</arg>
<arg>NR</arg>
<arg>NU</arg>
<arg>NZ</arg>
<arg>OM</arg>
<arg>PA</arg>
<arg>PE</arg>
<arg>PF</arg>
<arg>PG</arg>
<arg>PH</arg>
<arg>PK</arg>
<arg>PL</arg>
<arg>PM</arg>
<arg>PN</arg>
<arg>PR</arg>
<arg>PS</arg>
<arg>PT</arg>
<arg>PW</arg>
<arg>PY</arg>
<arg>QA</arg>
<arg>RE</arg>
<arg>RO</arg>
<arg>RS</arg>
<arg>RU</arg>
<arg>RW</arg>
<arg>SA</arg>
<arg>SB</arg>
<arg>SC</arg>
<arg>SD</arg>
<arg>SE</arg>
<arg>SG</arg>
<arg>SH</arg>
<arg>SI</arg>
<arg>SJ</arg>
<arg>SK</arg>
<arg>SL</arg>
<arg>SM</arg>
<arg>SN</arg>
<arg>SO</arg>
<arg>SR</arg>
<arg>SS</arg>
<arg>ST</arg>
<arg>SV</arg>
<arg>SX</arg>
<arg>SY</arg>
<arg>SZ</arg>
<arg>TC</arg>
<arg>TD</arg>
<arg>TF</arg>
<arg>TG</arg>
<arg>TH</arg>
<arg>TJ</arg>
<arg>TK</arg>
<arg>TL</arg>
<arg>TM</arg>
<arg>TN</arg>
<arg>TO</arg>
<arg>TR</arg>
<arg>TT</arg>
<arg>TV</arg>
<arg>TW</arg>
<arg>TZ</arg>
<arg>UA</arg>
<arg>UG</arg>
<arg>UM</arg>
<arg>US</arg>
<arg>UY</arg>
<arg>UZ</arg>
<arg>VA</arg>
<arg>VC</arg>
<arg>VE</arg>
<arg>VG</arg>
<arg>VI</arg>
<arg>VN</arg>
<arg>VU</arg>
<arg>WF</arg>
<arg>WS</arg>
<arg>XK</arg>
<arg>YE</arg>
<arg>YT</arg>
<arg>ZA</arg>
<arg>ZM</arg>
<arg>ZW</arg>
<doc>Returns a list containing given items.</doc>
<status status="PASS" start="2024-05-04T07:13:14.066788" elapsed="0.000556"/>
</kw>
<kw name="List Should Contain Value" owner="Collections">
<msg time="2024-05-04T07:13:14.068270" level="INFO">False</msg>
<arg>${list_country}</arg>
<arg>${name_country}</arg>
<doc>Fails if the ``value`` is not found from ``list``.</doc>
<status status="PASS" start="2024-05-04T07:13:14.068084" elapsed="0.000225"/>
</kw>
<kw name="Run Keyword If" owner="BuiltIn">
<kw name="Should Be True" owner="BuiltIn">
<arg>${True}</arg>
<doc>Fails if the given condition is not true.</doc>
<status status="PASS" start="2024-05-04T07:13:14.069346" elapsed="0.000237"/>
</kw>
<arg>${json_data["results"][0]["location"]["coordinates"]["latitude"]} &gt;= -90 and ${json_data["results"][0]["location"]["coordinates"]["latitude"]} &lt;= 90</arg>
<arg>Should Be True</arg>
<arg>${True}</arg>
<doc>Runs the given keyword with the given arguments, if ``condition`` is true.</doc>
<status status="PASS" start="2024-05-04T07:13:14.068619" elapsed="0.001094"/>
</kw>
<kw name="Run Keyword If" owner="BuiltIn">
<kw name="Should Be True" owner="BuiltIn">
<arg>${True}</arg>
<doc>Fails if the given condition is not true.</doc>
<status status="PASS" start="2024-05-04T07:13:14.070568" elapsed="0.000124"/>
</kw>
<arg>${json_data["results"][0]["location"]["coordinates"]["longitude"]} &gt;= -180 and ${json_data["results"][0]["location"]["coordinates"]["longitude"]} &lt;= 180</arg>
<arg>Should Be True</arg>
<arg>${True}</arg>
<doc>Runs the given keyword with the given arguments, if ``condition`` is true.</doc>
<status status="PASS" start="2024-05-04T07:13:14.069899" elapsed="0.000903"/>
</kw>
<status status="PASS" start="2024-05-04T07:13:13.967217" elapsed="0.103701"/>
</kw>
<doc>Testa o conteúdo específico dos campos retornados pela API.</doc>
<tag>testeConteudo</tag>
<status status="PASS" start="2024-05-04T07:13:13.966828" elapsed="0.104218"/>
</test>
<status status="PASS" start="2024-05-04T07:13:13.184758" elapsed="0.888114"/>
</suite>
<status status="PASS" start="2024-05-04T07:13:13.172190" elapsed="0.905663"/>
</suite>
<statistics>
<total>
<stat pass="5" fail="0" skip="0">All Tests</stat>
</total>
<tag>
<stat pass="1" fail="0" skip="0">testeConteudo</stat>
<stat pass="1" fail="0" skip="0">testeEstruturaResposta</stat>
<stat pass="1" fail="0" skip="0">testeRequisicaoBasica</stat>
<stat pass="1" fail="0" skip="0">testeTiposDados</stat>
</tag>
<suite>
<stat pass="5" fail="0" skip="0" id="s1" name="Tests">Tests</stat>
<stat pass="5" fail="0" skip="0" id="s1-s1" name="Random-User-Test">Tests.Random-User-Test</stat>
</suite>
</statistics>
<errors>
</errors>
</robot>
