<?xml version="1.0" encoding="UTF-8"?>
<robot generator="Robot 7.0 (Python 3.12.2 on linux)" generated="2024-04-07T13:16:07.262298" rpa="false" schemaversion="5">
<suite id="s1" name="Tests" source="/home/runner/work/DesafioQAItauRogerioJordao/DesafioQAItauRogerioJordao/RamdonUser/tests">
<suite id="s1-s1" name="Random-User-Test" source="/home/runner/work/DesafioQAItauRogerioJordao/DesafioQAItauRogerioJordao/RamdonUser/tests/random-user-test.robot">
<test id="s1-s1-t1" name="Conectar" line="13">
<kw name="Conectar API" owner="random-user-service">
<kw name="Create Session" owner="RequestsLibrary">
<msg time="2024-04-07T13:16:07.650004" level="INFO">Creating Session using : alias=consultarAPI, url=https://randomuser.me/, headers={},                     cookies={}, auth=None, timeout=None, proxies=None, verify=False,                     debug=0 </msg>
<arg>consultarAPI</arg>
<arg>${URL}</arg>
<doc>Create Session: create a HTTP session to a server</doc>
<status status="PASS" start="2024-04-07T13:16:07.649809" elapsed="0.000351"/>
</kw>
<status status="PASS" start="2024-04-07T13:16:07.648825" elapsed="0.001686"/>
</kw>
<status status="PASS" start="2024-04-07T13:16:07.648302" elapsed="0.002415"/>
</test>
<test id="s1-s1-t2" name="Validar retorno 200 e JSON Válido" line="16">
<kw name="Teste de Requisicao Basica" owner="random-user-service">
<kw name="GET On Session" owner="RequestsLibrary">
<msg time="2024-04-07T13:16:07.889950" level="INFO">GET Request : url=https://randomuser.me/api 
 path_url=/api 
 headers={'User-Agent': 'python-requests/2.31.0', 'Accept-Encoding': 'gzip, deflate', 'Accept': '*/*', 'Connection': 'keep-alive'} 
 body=None 
 </msg>
<msg time="2024-04-07T13:16:07.890106" level="INFO">GET Response : url=https://randomuser.me/api 
 status=200, reason=OK 
 headers={'Date': 'Sun, 07 Apr 2024 13:16:07 GMT', 'Content-Type': 'application/json; charset=utf-8', 'Transfer-Encoding': 'chunked', 'Connection': 'keep-alive', 'X-Powered-By': 'Express', 'Access-Control-Allow-Origin': '*', 'Cache-Control': 'no-cache', 'ETag': 'W/"48d-CUSSxAOcSu+3jKPYYgXvQYPCGXM"', 'Vary': 'Accept-Encoding', 'Content-Encoding': 'gzip', 'CF-Cache-Status': 'DYNAMIC', 'Report-To': '{"endpoints":[{"url":"https:\\/\\/a.nel.cloudflare.com\\/report\\/v4?s=TjdU%2FElTcvvgGaOxKzIi4QuE60qzYSTktWLPmlSdivfwlBtp9LxZ7wJTsO7Z50zySYIB4er8clVCz5yyuk3zaconRgswV8qTBRC%2Fhla0eeVVuxoUudxyM8QdirdQn2G2"}],"group":"cf-nel","max_age":604800}', 'NEL': '{"success_fraction":0,"report_to":"cf-nel","max_age":604800}', 'Server': 'cloudflare', 'CF-RAY': '870a4a54f92d9126-ORD', 'alt-svc': 'h3=":443"; ma=86400'} 
 body={"results":[{"gender":"male","name":{"title":"Mr","first":"Istvan","last":"Rahm"},"location":{"street":{"number":7043,"name":"Am Bahnhof"},"city":"Miltenberg","state":"Hamburg","country":"Germany","postcode":84351,"coordinates":{"latitude":"-54.0623","longitude":"-8.0138"},"timezone":{"offset":"+10:00","description":"Eastern Australia, Guam, Vladivostok"}},"email":"istvan.rahm@example.com","login":{"uuid":"8afb095d-1dc1-4c03-84b6-d98b67196ce7","username":"sadgorilla862","password":"dhip6a","salt":"g2WeWdmV","md5":"da09ac23bd4752922906402aaceed9d8","sha1":"2f23c2d19bd283ab569c34be14273ec42a16c4f7","sha256":"610249609e1715bc4c682e9b7c885b7eba47e3c70257c4a295dcf4bae51f5c12"},"dob":{"date":"1979-10-11T16:20:50.309Z","age":44},"registered":{"date":"2013-03-03T07:19:33.793Z","age":11},"phone":"0440-6378484","cell":"0171-9025065","id":{"name":"SVNR","value":"67 111079 R 093"},"picture":{"large":"https://randomuser.me/api/portraits/men/70.jpg","medium":"https://randomuser.me/api/portraits/med/men/70.jpg","thumbnail":"https://randomuser.me/api/portraits/thumb/men/70.jpg"},"nat":"DE"}],"info":{"seed":"bd28b0b371c0099b","results":1,"page":1,"version":"1.4"}} 
 </msg>
<msg time="2024-04-07T13:16:07.890231" level="INFO">/opt/hostedtoolcache/Python/3.12.2/x64/lib/python3.12/site-packages/urllib3/connectionpool.py:1103: InsecureRequestWarning: Unverified HTTPS request is being made to host 'randomuser.me'. Adding certificate verification is strongly advised. See: https://urllib3.readthedocs.io/en/latest/advanced-usage.html#tls-warnings
  warnings.warn(</msg>
<msg time="2024-04-07T13:16:07.890380" level="INFO">${response} = &lt;Response [200]&gt;</msg>
<var>${response}</var>
<arg>consultarAPI</arg>
<arg>/api</arg>
<doc>Sends a GET request on a previously created HTTP Session.</doc>
<status status="PASS" start="2024-04-07T13:16:07.653320" elapsed="0.237103"/>
</kw>
<kw name="Should Be Equal As Numbers" owner="BuiltIn">
<msg time="2024-04-07T13:16:07.891620" level="INFO">Argument types are:
&lt;class 'int'&gt;
&lt;class 'str'&gt;</msg>
<arg>${response.status_code}</arg>
<arg>200</arg>
<doc>Fails if objects are unequal after converting them to real numbers.</doc>
<status status="PASS" start="2024-04-07T13:16:07.891018" elapsed="0.000675"/>
</kw>
<kw name="Log" owner="BuiltIn">
<msg time="2024-04-07T13:16:07.892434" level="INFO">200</msg>
<arg>${response.status_code}</arg>
<doc>Logs the given message with the given level.</doc>
<status status="PASS" start="2024-04-07T13:16:07.892066" elapsed="0.000413"/>
</kw>
<kw name="Set Variable" owner="BuiltIn">
<msg time="2024-04-07T13:16:07.893257" level="INFO">${json_data} = {'results': [{'gender': 'male', 'name': {'title': 'Mr', 'first': 'Istvan', 'last': 'Rahm'}, 'location': {'street': {'number': 7043, 'name': 'Am Bahnhof'}, 'city': 'Miltenberg', 'state': 'Hamburg', 'co...</msg>
<var>${json_data}</var>
<arg>${response.json()}</arg>
<doc>Returns the given values which can then be assigned to a variables.</doc>
<status status="PASS" start="2024-04-07T13:16:07.892813" elapsed="0.000473"/>
</kw>
<kw name="Dictionary Should Contain Key" owner="Collections">
<msg time="2024-04-07T13:16:07.893768" level="INFO">False</msg>
<arg>${json_data}</arg>
<arg>results</arg>
<doc>Fails if ``key`` is not found from ``dictionary``.</doc>
<status status="PASS" start="2024-04-07T13:16:07.893597" elapsed="0.000213"/>
</kw>
<status status="PASS" start="2024-04-07T13:16:07.653066" elapsed="0.241007"/>
</kw>
<doc>Testa se a API responde corretamente e retorna um objeto JSON válido.</doc>
<tag>testeRequisicaoBasica</tag>
<status status="PASS" start="2024-04-07T13:16:07.652595" elapsed="0.241665"/>
</test>
<test id="s1-s1-t3" name="Validar estrutura de resposta" line="22">
<kw name="Teste de Estrutura de Resposta" owner="random-user-service">
<kw name="GET On Session" owner="RequestsLibrary">
<msg time="2024-04-07T13:16:07.983172" level="INFO">GET Request : url=https://randomuser.me/api 
 path_url=/api 
 headers={'User-Agent': 'python-requests/2.31.0', 'Accept-Encoding': 'gzip, deflate', 'Accept': '*/*', 'Connection': 'keep-alive'} 
 body=None 
 </msg>
<msg time="2024-04-07T13:16:07.983262" level="INFO">GET Response : url=https://randomuser.me/api 
 status=200, reason=OK 
 headers={'Date': 'Sun, 07 Apr 2024 13:16:07 GMT', 'Content-Type': 'application/json; charset=utf-8', 'Transfer-Encoding': 'chunked', 'Connection': 'keep-alive', 'X-Powered-By': 'Express', 'Access-Control-Allow-Origin': '*', 'Cache-Control': 'no-cache', 'ETag': 'W/"49b-w16oDqoma+T3QSaHPZ7Ob8KYORs"', 'Vary': 'Accept-Encoding', 'Content-Encoding': 'gzip', 'CF-Cache-Status': 'DYNAMIC', 'Report-To': '{"endpoints":[{"url":"https:\\/\\/a.nel.cloudflare.com\\/report\\/v4?s=H46pN3ieR81iToQCG8oej0VWz9qxUdRfO4tcUhkLhKyb03Efh20x6PBNfaDdPENsOMoauJqWkDIchajCwR2C2WyrZBQOKBhtOAqfXzYaXtdHy%2BLYyLhH4PjZmDSIRJcR"}],"group":"cf-nel","max_age":604800}', 'NEL': '{"success_fraction":0,"report_to":"cf-nel","max_age":604800}', 'Server': 'cloudflare', 'CF-RAY': '870a4a5559e79126-ORD', 'alt-svc': 'h3=":443"; ma=86400'} 
 body={"results":[{"gender":"female","name":{"title":"Mrs","first":"Teodora","last":"Vrhovac"},"location":{"street":{"number":8066,"name":"Svete Stankovića-francuza"},"city":"Kovačica","state":"Prizren","country":"Serbia","postcode":56882,"coordinates":{"latitude":"58.9965","longitude":"43.7829"},"timezone":{"offset":"-8:00","description":"Pacific Time (US &amp; Canada)"}},"email":"teodora.vrhovac@example.com","login":{"uuid":"de72cd5a-8535-492b-a871-ffe932935908","username":"beautifulzebra967","password":"iiii","salt":"voxLjQ3I","md5":"0ccdfbf08848c23cdca811d58f117bda","sha1":"49a5cf979eef03f2e25a63faca88c20c05d4b628","sha256":"72617c69791467e86d6cd2d68aead1a2a5bfac2705cef60da3d8a38b443b4e72"},"dob":{"date":"1995-11-17T03:51:20.163Z","age":28},"registered":{"date":"2013-09-20T03:28:37.696Z","age":10},"phone":"015-2350-570","cell":"067-3054-390","id":{"name":"SID","value":"680955098"},"picture":{"large":"https://randomuser.me/api/portraits/women/22.jpg","medium":"https://randomuser.me/api/portraits/med/women/22.jpg","thumbnail":"https://randomuser.me/api/portraits/thumb/women/22.jpg"},"nat":"RS"}],"info":{"seed":"d2bc2a463bf35ac0","results":1,"page":1,"version":"1.4"}} 
 </msg>
<msg time="2024-04-07T13:16:07.983407" level="INFO">/opt/hostedtoolcache/Python/3.12.2/x64/lib/python3.12/site-packages/urllib3/connectionpool.py:1103: InsecureRequestWarning: Unverified HTTPS request is being made to host 'randomuser.me'. Adding certificate verification is strongly advised. See: https://urllib3.readthedocs.io/en/latest/advanced-usage.html#tls-warnings
  warnings.warn(</msg>
<msg time="2024-04-07T13:16:07.983527" level="INFO">${response} = &lt;Response [200]&gt;</msg>
<var>${response}</var>
<arg>consultarAPI</arg>
<arg>/api</arg>
<doc>Sends a GET request on a previously created HTTP Session.</doc>
<status status="PASS" start="2024-04-07T13:16:07.897450" elapsed="0.086112"/>
</kw>
<kw name="Set Variable" owner="BuiltIn">
<msg time="2024-04-07T13:16:07.984463" level="INFO">${json_data} = {'results': [{'gender': 'female', 'name': {'title': 'Mrs', 'first': 'Teodora', 'last': 'Vrhovac'}, 'location': {'street': {'number': 8066, 'name': 'Svete Stankovića-francuza'}, 'city': 'Kovačica', 'st...</msg>
<var>${json_data}</var>
<arg>${response.json()}</arg>
<doc>Returns the given values which can then be assigned to a variables.</doc>
<status status="PASS" start="2024-04-07T13:16:07.983994" elapsed="0.000501"/>
</kw>
<kw name="Log" owner="BuiltIn">
<msg time="2024-04-07T13:16:07.984977" level="INFO">{'results': [{'gender': 'female', 'name': {'title': 'Mrs', 'first': 'Teodora', 'last': 'Vrhovac'}, 'location': {'street': {'number': 8066, 'name': 'Svete Stankovića-francuza'}, 'city': 'Kovačica', 'state': 'Prizren', 'country': 'Serbia', 'postcode': 56882, 'coordinates': {'latitude': '58.9965', 'longitude': '43.7829'}, 'timezone': {'offset': '-8:00', 'description': 'Pacific Time (US &amp; Canada)'}}, 'email': 'teodora.vrhovac@example.com', 'login': {'uuid': 'de72cd5a-8535-492b-a871-ffe932935908', 'username': 'beautifulzebra967', 'password': 'iiii', 'salt': 'voxLjQ3I', 'md5': '0ccdfbf08848c23cdca811d58f117bda', 'sha1': '49a5cf979eef03f2e25a63faca88c20c05d4b628', 'sha256': '72617c69791467e86d6cd2d68aead1a2a5bfac2705cef60da3d8a38b443b4e72'}, 'dob': {'date': '1995-11-17T03:51:20.163Z', 'age': 28}, 'registered': {'date': '2013-09-20T03:28:37.696Z', 'age': 10}, 'phone': '015-2350-570', 'cell': '067-3054-390', 'id': {'name': 'SID', 'value': '680955098'}, 'picture': {'large': 'https://randomuser.me/api/portraits/women/22.jpg', 'medium': 'https://randomuser.me/api/portraits/med/women/22.jpg', 'thumbnail': 'https://randomuser.me/api/portraits/thumb/women/22.jpg'}, 'nat': 'RS'}], 'info': {'seed': 'd2bc2a463bf35ac0', 'results': 1, 'page': 1, 'version': '1.4'}}</msg>
<arg>${json_data}</arg>
<doc>Logs the given message with the given level.</doc>
<status status="PASS" start="2024-04-07T13:16:07.984814" elapsed="0.000216"/>
</kw>
<kw name="Dictionary Should Contain Key" owner="Collections">
<msg time="2024-04-07T13:16:07.985489" level="INFO">False</msg>
<arg>${json_data}</arg>
<arg>results</arg>
<doc>Fails if ``key`` is not found from ``dictionary``.</doc>
<status status="PASS" start="2024-04-07T13:16:07.985336" elapsed="0.000191"/>
</kw>
<kw name="Should Not Be Empty" owner="BuiltIn">
<msg time="2024-04-07T13:16:07.985968" level="INFO">Length is 2.</msg>
<arg>${json_data}</arg>
<doc>Verifies that the given item is not empty.</doc>
<status status="PASS" start="2024-04-07T13:16:07.985829" elapsed="0.000179"/>
</kw>
<kw name="Create List" owner="BuiltIn">
<msg time="2024-04-07T13:16:07.986459" level="INFO">${expected_keys} = ['gender', 'name', 'location', 'email', 'login']</msg>
<var>${expected_keys}</var>
<arg>gender</arg>
<arg>name</arg>
<arg>location</arg>
<arg>email</arg>
<arg>login</arg>
<doc>Returns a list containing given items.</doc>
<status status="PASS" start="2024-04-07T13:16:07.986306" elapsed="0.000178"/>
</kw>
<for flavor="IN">
<iter>
<kw name="Dictionary Should Contain Key" owner="Collections">
<msg time="2024-04-07T13:16:07.987455" level="INFO">False</msg>
<arg>${json_data['results'][0]}</arg>
<arg>${key}</arg>
<doc>Fails if ``key`` is not found from ``dictionary``.</doc>
<status status="PASS" start="2024-04-07T13:16:07.987053" elapsed="0.000442"/>
</kw>
<kw name="Log" owner="BuiltIn">
<msg time="2024-04-07T13:16:07.988216" level="INFO">{'gender': 'female', 'name': {'title': 'Mrs', 'first': 'Teodora', 'last': 'Vrhovac'}, 'location': {'street': {'number': 8066, 'name': 'Svete Stankovića-francuza'}, 'city': 'Kovačica', 'state': 'Prizren', 'country': 'Serbia', 'postcode': 56882, 'coordinates': {'latitude': '58.9965', 'longitude': '43.7829'}, 'timezone': {'offset': '-8:00', 'description': 'Pacific Time (US &amp; Canada)'}}, 'email': 'teodora.vrhovac@example.com', 'login': {'uuid': 'de72cd5a-8535-492b-a871-ffe932935908', 'username': 'beautifulzebra967', 'password': 'iiii', 'salt': 'voxLjQ3I', 'md5': '0ccdfbf08848c23cdca811d58f117bda', 'sha1': '49a5cf979eef03f2e25a63faca88c20c05d4b628', 'sha256': '72617c69791467e86d6cd2d68aead1a2a5bfac2705cef60da3d8a38b443b4e72'}, 'dob': {'date': '1995-11-17T03:51:20.163Z', 'age': 28}, 'registered': {'date': '2013-09-20T03:28:37.696Z', 'age': 10}, 'phone': '015-2350-570', 'cell': '067-3054-390', 'id': {'name': 'SID', 'value': '680955098'}, 'picture': {'large': 'https://randomuser.me/api/portraits/women/22.jpg', 'medium': 'https://randomuser.me/api/portraits/med/women/22.jpg', 'thumbnail': 'https://randomuser.me/api/portraits/thumb/women/22.jpg'}, 'nat': 'RS'}</msg>
<arg>${json_data['results'][0]}</arg>
<doc>Logs the given message with the given level.</doc>
<status status="PASS" start="2024-04-07T13:16:07.987827" elapsed="0.000443"/>
</kw>
<kw name="Log" owner="BuiltIn">
<msg time="2024-04-07T13:16:07.988710" level="INFO">gender</msg>
<arg>${key}</arg>
<doc>Logs the given message with the given level.</doc>
<status status="PASS" start="2024-04-07T13:16:07.988577" elapsed="0.000173"/>
</kw>
<var name="${key}">gender</var>
<status status="PASS" start="2024-04-07T13:16:07.986928" elapsed="0.002059"/>
</iter>
<iter>
<kw name="Dictionary Should Contain Key" owner="Collections">
<msg time="2024-04-07T13:16:07.989687" level="INFO">False</msg>
<arg>${json_data['results'][0]}</arg>
<arg>${key}</arg>
<doc>Fails if ``key`` is not found from ``dictionary``.</doc>
<status status="PASS" start="2024-04-07T13:16:07.989298" elapsed="0.000428"/>
</kw>
<kw name="Log" owner="BuiltIn">
<msg time="2024-04-07T13:16:07.990428" level="INFO">{'gender': 'female', 'name': {'title': 'Mrs', 'first': 'Teodora', 'last': 'Vrhovac'}, 'location': {'street': {'number': 8066, 'name': 'Svete Stankovića-francuza'}, 'city': 'Kovačica', 'state': 'Prizren', 'country': 'Serbia', 'postcode': 56882, 'coordinates': {'latitude': '58.9965', 'longitude': '43.7829'}, 'timezone': {'offset': '-8:00', 'description': 'Pacific Time (US &amp; Canada)'}}, 'email': 'teodora.vrhovac@example.com', 'login': {'uuid': 'de72cd5a-8535-492b-a871-ffe932935908', 'username': 'beautifulzebra967', 'password': 'iiii', 'salt': 'voxLjQ3I', 'md5': '0ccdfbf08848c23cdca811d58f117bda', 'sha1': '49a5cf979eef03f2e25a63faca88c20c05d4b628', 'sha256': '72617c69791467e86d6cd2d68aead1a2a5bfac2705cef60da3d8a38b443b4e72'}, 'dob': {'date': '1995-11-17T03:51:20.163Z', 'age': 28}, 'registered': {'date': '2013-09-20T03:28:37.696Z', 'age': 10}, 'phone': '015-2350-570', 'cell': '067-3054-390', 'id': {'name': 'SID', 'value': '680955098'}, 'picture': {'large': 'https://randomuser.me/api/portraits/women/22.jpg', 'medium': 'https://randomuser.me/api/portraits/med/women/22.jpg', 'thumbnail': 'https://randomuser.me/api/portraits/thumb/women/22.jpg'}, 'nat': 'RS'}</msg>
<arg>${json_data['results'][0]}</arg>
<doc>Logs the given message with the given level.</doc>
<status status="PASS" start="2024-04-07T13:16:07.990063" elapsed="0.000418"/>
</kw>
<kw name="Log" owner="BuiltIn">
<msg time="2024-04-07T13:16:07.990918" level="INFO">name</msg>
<arg>${key}</arg>
<doc>Logs the given message with the given level.</doc>
<status status="PASS" start="2024-04-07T13:16:07.990787" elapsed="0.000170"/>
</kw>
<var name="${key}">name</var>
<status status="PASS" start="2024-04-07T13:16:07.989180" elapsed="0.001996"/>
</iter>
<iter>
<kw name="Dictionary Should Contain Key" owner="Collections">
<msg time="2024-04-07T13:16:07.991884" level="INFO">False</msg>
<arg>${json_data['results'][0]}</arg>
<arg>${key}</arg>
<doc>Fails if ``key`` is not found from ``dictionary``.</doc>
<status status="PASS" start="2024-04-07T13:16:07.991473" elapsed="0.000457"/>
</kw>
<kw name="Log" owner="BuiltIn">
<msg time="2024-04-07T13:16:07.992603" level="INFO">{'gender': 'female', 'name': {'title': 'Mrs', 'first': 'Teodora', 'last': 'Vrhovac'}, 'location': {'street': {'number': 8066, 'name': 'Svete Stankovića-francuza'}, 'city': 'Kovačica', 'state': 'Prizren', 'country': 'Serbia', 'postcode': 56882, 'coordinates': {'latitude': '58.9965', 'longitude': '43.7829'}, 'timezone': {'offset': '-8:00', 'description': 'Pacific Time (US &amp; Canada)'}}, 'email': 'teodora.vrhovac@example.com', 'login': {'uuid': 'de72cd5a-8535-492b-a871-ffe932935908', 'username': 'beautifulzebra967', 'password': 'iiii', 'salt': 'voxLjQ3I', 'md5': '0ccdfbf08848c23cdca811d58f117bda', 'sha1': '49a5cf979eef03f2e25a63faca88c20c05d4b628', 'sha256': '72617c69791467e86d6cd2d68aead1a2a5bfac2705cef60da3d8a38b443b4e72'}, 'dob': {'date': '1995-11-17T03:51:20.163Z', 'age': 28}, 'registered': {'date': '2013-09-20T03:28:37.696Z', 'age': 10}, 'phone': '015-2350-570', 'cell': '067-3054-390', 'id': {'name': 'SID', 'value': '680955098'}, 'picture': {'large': 'https://randomuser.me/api/portraits/women/22.jpg', 'medium': 'https://randomuser.me/api/portraits/med/women/22.jpg', 'thumbnail': 'https://randomuser.me/api/portraits/thumb/women/22.jpg'}, 'nat': 'RS'}</msg>
<arg>${json_data['results'][0]}</arg>
<doc>Logs the given message with the given level.</doc>
<status status="PASS" start="2024-04-07T13:16:07.992238" elapsed="0.000421"/>
</kw>
<kw name="Log" owner="BuiltIn">
<msg time="2024-04-07T13:16:07.993093" level="INFO">location</msg>
<arg>${key}</arg>
<doc>Logs the given message with the given level.</doc>
<status status="PASS" start="2024-04-07T13:16:07.992962" elapsed="0.000171"/>
</kw>
<var name="${key}">location</var>
<status status="PASS" start="2024-04-07T13:16:07.991359" elapsed="0.001995"/>
</iter>
<iter>
<kw name="Dictionary Should Contain Key" owner="Collections">
<msg time="2024-04-07T13:16:07.994039" level="INFO">False</msg>
<arg>${json_data['results'][0]}</arg>
<arg>${key}</arg>
<doc>Fails if ``key`` is not found from ``dictionary``.</doc>
<status status="PASS" start="2024-04-07T13:16:07.993644" elapsed="0.000433"/>
</kw>
<kw name="Log" owner="BuiltIn">
<msg time="2024-04-07T13:16:07.994746" level="INFO">{'gender': 'female', 'name': {'title': 'Mrs', 'first': 'Teodora', 'last': 'Vrhovac'}, 'location': {'street': {'number': 8066, 'name': 'Svete Stankovića-francuza'}, 'city': 'Kovačica', 'state': 'Prizren', 'country': 'Serbia', 'postcode': 56882, 'coordinates': {'latitude': '58.9965', 'longitude': '43.7829'}, 'timezone': {'offset': '-8:00', 'description': 'Pacific Time (US &amp; Canada)'}}, 'email': 'teodora.vrhovac@example.com', 'login': {'uuid': 'de72cd5a-8535-492b-a871-ffe932935908', 'username': 'beautifulzebra967', 'password': 'iiii', 'salt': 'voxLjQ3I', 'md5': '0ccdfbf08848c23cdca811d58f117bda', 'sha1': '49a5cf979eef03f2e25a63faca88c20c05d4b628', 'sha256': '72617c69791467e86d6cd2d68aead1a2a5bfac2705cef60da3d8a38b443b4e72'}, 'dob': {'date': '1995-11-17T03:51:20.163Z', 'age': 28}, 'registered': {'date': '2013-09-20T03:28:37.696Z', 'age': 10}, 'phone': '015-2350-570', 'cell': '067-3054-390', 'id': {'name': 'SID', 'value': '680955098'}, 'picture': {'large': 'https://randomuser.me/api/portraits/women/22.jpg', 'medium': 'https://randomuser.me/api/portraits/med/women/22.jpg', 'thumbnail': 'https://randomuser.me/api/portraits/thumb/women/22.jpg'}, 'nat': 'RS'}</msg>
<arg>${json_data['results'][0]}</arg>
<doc>Logs the given message with the given level.</doc>
<status status="PASS" start="2024-04-07T13:16:07.994381" elapsed="0.000417"/>
</kw>
<kw name="Log" owner="BuiltIn">
<msg time="2024-04-07T13:16:07.995234" level="INFO">email</msg>
<arg>${key}</arg>
<doc>Logs the given message with the given level.</doc>
<status status="PASS" start="2024-04-07T13:16:07.995102" elapsed="0.000172"/>
</kw>
<var name="${key}">email</var>
<status status="PASS" start="2024-04-07T13:16:07.993532" elapsed="0.001962"/>
</iter>
<iter>
<kw name="Dictionary Should Contain Key" owner="Collections">
<msg time="2024-04-07T13:16:07.996208" level="INFO">False</msg>
<arg>${json_data['results'][0]}</arg>
<arg>${key}</arg>
<doc>Fails if ``key`` is not found from ``dictionary``.</doc>
<status status="PASS" start="2024-04-07T13:16:07.995813" elapsed="0.000433"/>
</kw>
<kw name="Log" owner="BuiltIn">
<msg time="2024-04-07T13:16:07.996913" level="INFO">{'gender': 'female', 'name': {'title': 'Mrs', 'first': 'Teodora', 'last': 'Vrhovac'}, 'location': {'street': {'number': 8066, 'name': 'Svete Stankovića-francuza'}, 'city': 'Kovačica', 'state': 'Prizren', 'country': 'Serbia', 'postcode': 56882, 'coordinates': {'latitude': '58.9965', 'longitude': '43.7829'}, 'timezone': {'offset': '-8:00', 'description': 'Pacific Time (US &amp; Canada)'}}, 'email': 'teodora.vrhovac@example.com', 'login': {'uuid': 'de72cd5a-8535-492b-a871-ffe932935908', 'username': 'beautifulzebra967', 'password': 'iiii', 'salt': 'voxLjQ3I', 'md5': '0ccdfbf08848c23cdca811d58f117bda', 'sha1': '49a5cf979eef03f2e25a63faca88c20c05d4b628', 'sha256': '72617c69791467e86d6cd2d68aead1a2a5bfac2705cef60da3d8a38b443b4e72'}, 'dob': {'date': '1995-11-17T03:51:20.163Z', 'age': 28}, 'registered': {'date': '2013-09-20T03:28:37.696Z', 'age': 10}, 'phone': '015-2350-570', 'cell': '067-3054-390', 'id': {'name': 'SID', 'value': '680955098'}, 'picture': {'large': 'https://randomuser.me/api/portraits/women/22.jpg', 'medium': 'https://randomuser.me/api/portraits/med/women/22.jpg', 'thumbnail': 'https://randomuser.me/api/portraits/thumb/women/22.jpg'}, 'nat': 'RS'}</msg>
<arg>${json_data['results'][0]}</arg>
<doc>Logs the given message with the given level.</doc>
<status status="PASS" start="2024-04-07T13:16:07.996543" elapsed="0.000422"/>
</kw>
<kw name="Log" owner="BuiltIn">
<msg time="2024-04-07T13:16:07.997398" level="INFO">login</msg>
<arg>${key}</arg>
<doc>Logs the given message with the given level.</doc>
<status status="PASS" start="2024-04-07T13:16:07.997267" elapsed="0.000269"/>
</kw>
<var name="${key}">login</var>
<status status="PASS" start="2024-04-07T13:16:07.995671" elapsed="0.002123"/>
</iter>
<var>${key}</var>
<value>@{expected_keys}</value>
<status status="PASS" start="2024-04-07T13:16:07.986743" elapsed="0.011182"/>
</for>
<kw name="Create List" owner="BuiltIn">
<msg time="2024-04-07T13:16:07.998269" level="INFO">${expected_keysTwo} = ['username', 'password']</msg>
<var>${expected_keysTwo}</var>
<arg>username</arg>
<arg>password</arg>
<doc>Returns a list containing given items.</doc>
<status status="PASS" start="2024-04-07T13:16:07.998126" elapsed="0.000169"/>
</kw>
<for flavor="IN">
<iter>
<kw name="Dictionary Should Contain Key" owner="Collections">
<msg time="2024-04-07T13:16:07.999178" level="INFO">False</msg>
<arg>${json_data['results'][0]['login']}</arg>
<arg>${keyTwo}</arg>
<doc>Fails if ``key`` is not found from ``dictionary``.</doc>
<status status="PASS" start="2024-04-07T13:16:07.998800" elapsed="0.000416"/>
</kw>
<kw name="Dictionary Should Contain Key" owner="Collections">
<msg time="2024-04-07T13:16:07.999942" level="INFO">False</msg>
<arg>${json_data['results'][0]['login']}</arg>
<arg>${keyTwo}</arg>
<doc>Fails if ``key`` is not found from ``dictionary``.</doc>
<status status="PASS" start="2024-04-07T13:16:07.999514" elapsed="0.000468"/>
</kw>
<kw name="Log" owner="BuiltIn">
<msg time="2024-04-07T13:16:08.000412" level="INFO">username</msg>
<arg>${keyTwo}</arg>
<doc>Logs the given message with the given level.</doc>
<status status="PASS" start="2024-04-07T13:16:08.000281" elapsed="0.000169"/>
</kw>
<var name="${keyTwo}">username</var>
<status status="PASS" start="2024-04-07T13:16:07.998688" elapsed="0.001980"/>
</iter>
<iter>
<kw name="Dictionary Should Contain Key" owner="Collections">
<msg time="2024-04-07T13:16:08.001335" level="INFO">False</msg>
<arg>${json_data['results'][0]['login']}</arg>
<arg>${keyTwo}</arg>
<doc>Fails if ``key`` is not found from ``dictionary``.</doc>
<status status="PASS" start="2024-04-07T13:16:08.000955" elapsed="0.000418"/>
</kw>
<kw name="Dictionary Should Contain Key" owner="Collections">
<msg time="2024-04-07T13:16:08.002050" level="INFO">False</msg>
<arg>${json_data['results'][0]['login']}</arg>
<arg>${keyTwo}</arg>
<doc>Fails if ``key`` is not found from ``dictionary``.</doc>
<status status="PASS" start="2024-04-07T13:16:08.001672" elapsed="0.000417"/>
</kw>
<kw name="Log" owner="BuiltIn">
<msg time="2024-04-07T13:16:08.002516" level="INFO">password</msg>
<arg>${keyTwo}</arg>
<doc>Logs the given message with the given level.</doc>
<status status="PASS" start="2024-04-07T13:16:08.002386" elapsed="0.000168"/>
</kw>
<var name="${keyTwo}">password</var>
<status status="PASS" start="2024-04-07T13:16:08.000845" elapsed="0.001928"/>
</iter>
<var>${keyTwo}</var>
<value>@{expected_keysTwo}</value>
<status status="PASS" start="2024-04-07T13:16:07.998535" elapsed="0.004363"/>
</for>
<status status="PASS" start="2024-04-07T13:16:07.897121" elapsed="0.105918"/>
</kw>
<doc>Testa a estrutura da resposta da API.</doc>
<tag>testeEstruturaResposta</tag>
<status status="PASS" start="2024-04-07T13:16:07.896153" elapsed="0.107039"/>
</test>
<test id="s1-s1-t4" name="Validar tipos de dados" line="28">
<kw name="Teste de Tipos de Dados" owner="random-user-service">
<kw name="GET On Session" owner="RequestsLibrary">
<msg time="2024-04-07T13:16:08.252797" level="INFO">GET Request : url=https://randomuser.me/api 
 path_url=/api 
 headers={'User-Agent': 'python-requests/2.31.0', 'Accept-Encoding': 'gzip, deflate', 'Accept': '*/*', 'Connection': 'keep-alive'} 
 body=None 
 </msg>
<msg time="2024-04-07T13:16:08.252872" level="INFO">GET Response : url=https://randomuser.me/api 
 status=200, reason=OK 
 headers={'Date': 'Sun, 07 Apr 2024 13:16:08 GMT', 'Content-Type': 'application/json; charset=utf-8', 'Transfer-Encoding': 'chunked', 'Connection': 'keep-alive', 'X-Powered-By': 'Express', 'Access-Control-Allow-Origin': '*', 'Cache-Control': 'no-cache', 'ETag': 'W/"4a2-evoBFpiLpuxgoBi5MdEnrely5xg"', 'Vary': 'Accept-Encoding', 'Content-Encoding': 'gzip', 'CF-Cache-Status': 'DYNAMIC', 'Report-To': '{"endpoints":[{"url":"https:\\/\\/a.nel.cloudflare.com\\/report\\/v4?s=4MSIo1bFP9lmA%2BTHrhAT7G1zoEu3jwtcQ%2FEFuoPIytd4waAcCSP9MY3RFrTDdh8zhmAJZvw60vOmfPFkGCAzdESmSSO5R%2FrHoUXtLxUnm0KI%2F3O0jt%2F75zzJpfNMqSXn"}],"group":"cf-nel","max_age":604800}', 'NEL': '{"success_fraction":0,"report_to":"cf-nel","max_age":604800}', 'Server': 'cloudflare', 'CF-RAY': '870a4a560b2b9126-ORD', 'alt-svc': 'h3=":443"; ma=86400'} 
 body={"results":[{"gender":"male","name":{"title":"Mr","first":"Alberto","last":"Carter"},"location":{"street":{"number":4020,"name":"Pecan Acres Ln"},"city":"Chattanooga","state":"West Virginia","country":"United States","postcode":77012,"coordinates":{"latitude":"83.4913","longitude":"-153.2324"},"timezone":{"offset":"+9:00","description":"Tokyo, Seoul, Osaka, Sapporo, Yakutsk"}},"email":"alberto.carter@example.com","login":{"uuid":"02d692fb-dc4b-435a-96a3-13f7d7ed4a71","username":"redelephant180","password":"hand","salt":"2WrUmwNd","md5":"63dcb9d4a1f818eca21ba1f70f8a3856","sha1":"c4b518a65ef94984ae9959ce9697b7dd1a1d9235","sha256":"589c4e2b28eb83217ff8617f502e93e45f3811df1c3120cc80e70ca30f29dfd0"},"dob":{"date":"1958-01-07T06:08:04.964Z","age":66},"registered":{"date":"2022-05-01T23:25:47.054Z","age":1},"phone":"(849) 826-4076","cell":"(671) 660-4463","id":{"name":"SSN","value":"385-76-9577"},"picture":{"large":"https://randomuser.me/api/portraits/men/47.jpg","medium":"https://randomuser.me/api/portraits/med/men/47.jpg","thumbnail":"https://randomuser.me/api/portraits/thumb/men/47.jpg"},"nat":"US"}],"info":{"seed":"d43a7384ebd60a1e","results":1,"page":1,"version":"1.4"}} 
 </msg>
<msg time="2024-04-07T13:16:08.252930" level="INFO">/opt/hostedtoolcache/Python/3.12.2/x64/lib/python3.12/site-packages/urllib3/connectionpool.py:1103: InsecureRequestWarning: Unverified HTTPS request is being made to host 'randomuser.me'. Adding certificate verification is strongly advised. See: https://urllib3.readthedocs.io/en/latest/advanced-usage.html#tls-warnings
  warnings.warn(</msg>
<msg time="2024-04-07T13:16:08.253030" level="INFO">${response} = &lt;Response [200]&gt;</msg>
<var>${response}</var>
<arg>consultarAPI</arg>
<arg>/api</arg>
<doc>Sends a GET request on a previously created HTTP Session.</doc>
<status status="PASS" start="2024-04-07T13:16:08.005620" elapsed="0.247449"/>
</kw>
<kw name="Set Variable" owner="BuiltIn">
<msg time="2024-04-07T13:16:08.253978" level="INFO">${json_data} = {'results': [{'gender': 'male', 'name': {'title': 'Mr', 'first': 'Alberto', 'last': 'Carter'}, 'location': {'street': {'number': 4020, 'name': 'Pecan Acres Ln'}, 'city': 'Chattanooga', 'state': 'West ...</msg>
<var>${json_data}</var>
<arg>${response.json()}</arg>
<doc>Returns the given values which can then be assigned to a variables.</doc>
<status status="PASS" start="2024-04-07T13:16:08.253490" elapsed="0.000517"/>
</kw>
<kw name="Log" owner="BuiltIn">
<msg time="2024-04-07T13:16:08.254484" level="INFO">{'results': [{'gender': 'male', 'name': {'title': 'Mr', 'first': 'Alberto', 'last': 'Carter'}, 'location': {'street': {'number': 4020, 'name': 'Pecan Acres Ln'}, 'city': 'Chattanooga', 'state': 'West Virginia', 'country': 'United States', 'postcode': 77012, 'coordinates': {'latitude': '83.4913', 'longitude': '-153.2324'}, 'timezone': {'offset': '+9:00', 'description': 'Tokyo, Seoul, Osaka, Sapporo, Yakutsk'}}, 'email': 'alberto.carter@example.com', 'login': {'uuid': '02d692fb-dc4b-435a-96a3-13f7d7ed4a71', 'username': 'redelephant180', 'password': 'hand', 'salt': '2WrUmwNd', 'md5': '63dcb9d4a1f818eca21ba1f70f8a3856', 'sha1': 'c4b518a65ef94984ae9959ce9697b7dd1a1d9235', 'sha256': '589c4e2b28eb83217ff8617f502e93e45f3811df1c3120cc80e70ca30f29dfd0'}, 'dob': {'date': '1958-01-07T06:08:04.964Z', 'age': 66}, 'registered': {'date': '2022-05-01T23:25:47.054Z', 'age': 1}, 'phone': '(849) 826-4076', 'cell': '(671) 660-4463', 'id': {'name': 'SSN', 'value': '385-76-9577'}, 'picture': {'large': 'https://randomuser.me/api/portraits/men/47.jpg', 'medium': 'https://randomuser.me/api/portraits/med/men/47.jpg', 'thumbnail': 'https://randomuser.me/api/portraits/thumb/men/47.jpg'}, 'nat': 'US'}], 'info': {'seed': 'd43a7384ebd60a1e', 'results': 1, 'page': 1, 'version': '1.4'}}</msg>
<arg>${json_data}</arg>
<doc>Logs the given message with the given level.</doc>
<status status="PASS" start="2024-04-07T13:16:08.254326" elapsed="0.000255"/>
</kw>
<kw name="Should Be String" owner="String">
<arg>${json_data['results'][0]['gender']}</arg>
<doc>Fails if the given ``item`` is not a string.</doc>
<status status="PASS" start="2024-04-07T13:16:08.254889" elapsed="0.000370"/>
</kw>
<kw name="Should Match Regexp" owner="BuiltIn">
<arg>${json_data['results'][0]['email']}</arg>
<arg>^[a-zA-Z0-9._%+-]+@[a-zA-Z0-9.-]+\.[a-zA-Z]{2,}$</arg>
<doc>Fails if ``string`` does not match ``pattern`` as a regular expression.</doc>
<status status="PASS" start="2024-04-07T13:16:08.255452" elapsed="0.000545"/>
</kw>
<kw name="Should Match Regexp" owner="BuiltIn">
<arg>${json_data['results'][0]['dob']['date']}</arg>
<arg>\\d{4}-\\d{2}-\\d{2}T\\d{2}:\\d{2}:\\d{2}\\.\\d{3}Z</arg>
<doc>Fails if ``string`` does not match ``pattern`` as a regular expression.</doc>
<status status="PASS" start="2024-04-07T13:16:08.256198" elapsed="0.000494"/>
</kw>
<kw name="Should Match Regexp" owner="BuiltIn">
<arg>${json_data['results'][0]['registered']['date']}</arg>
<arg>\\d{4}-\\d{2}-\\d{2}T\\d{2}:\\d{2}:\\d{2}\\.\\d{3}Z</arg>
<doc>Fails if ``string`` does not match ``pattern`` as a regular expression.</doc>
<status status="PASS" start="2024-04-07T13:16:08.256887" elapsed="0.000371"/>
</kw>
<kw name="Should Match Regexp" owner="BuiltIn">
<arg>${json_data['results'][0]['picture']['large']}</arg>
<arg>^https?://.*\.(?:png|jpe?g|gif|bmp)$</arg>
<doc>Fails if ``string`` does not match ``pattern`` as a regular expression.</doc>
<status status="PASS" start="2024-04-07T13:16:08.257447" elapsed="0.000462"/>
</kw>
<kw name="Should Match Regexp" owner="BuiltIn">
<arg>${json_data['results'][0]['picture']['medium']}</arg>
<arg>^https?://.*\.(?:png|jpe?g|gif|bmp)$</arg>
<doc>Fails if ``string`` does not match ``pattern`` as a regular expression.</doc>
<status status="PASS" start="2024-04-07T13:16:08.258107" elapsed="0.000356"/>
</kw>
<kw name="Should Match Regexp" owner="BuiltIn">
<arg>${json_data['results'][0]['picture']['thumbnail']}</arg>
<arg>^https?://.*\.(?:png|jpe?g|gif|bmp)$</arg>
<doc>Fails if ``string`` does not match ``pattern`` as a regular expression.</doc>
<status status="PASS" start="2024-04-07T13:16:08.258648" elapsed="0.000358"/>
</kw>
<kw name="Log" owner="BuiltIn">
<msg time="2024-04-07T13:16:08.259516" level="INFO">{'large': 'https://randomuser.me/api/portraits/men/47.jpg', 'medium': 'https://randomuser.me/api/portraits/med/men/47.jpg', 'thumbnail': 'https://randomuser.me/api/portraits/thumb/men/47.jpg'}</msg>
<arg>${json_data['results'][0]['picture']}</arg>
<doc>Logs the given message with the given level.</doc>
<status status="PASS" start="2024-04-07T13:16:08.259187" elapsed="0.000370"/>
</kw>
<status status="PASS" start="2024-04-07T13:16:08.005399" elapsed="0.254433"/>
</kw>
<kw name="Teste de Tipos de Dados - Postcode" owner="random-user-service">
<kw name="GET On Session" owner="RequestsLibrary">
<msg time="2024-04-07T13:16:08.425066" level="INFO">GET Request : url=https://randomuser.me/api 
 path_url=/api 
 headers={'User-Agent': 'python-requests/2.31.0', 'Accept-Encoding': 'gzip, deflate', 'Accept': '*/*', 'Connection': 'keep-alive'} 
 body=None 
 </msg>
<msg time="2024-04-07T13:16:08.425156" level="INFO">GET Response : url=https://randomuser.me/api 
 status=200, reason=OK 
 headers={'Date': 'Sun, 07 Apr 2024 13:16:08 GMT', 'Content-Type': 'application/json; charset=utf-8', 'Transfer-Encoding': 'chunked', 'Connection': 'keep-alive', 'X-Powered-By': 'Express', 'Access-Control-Allow-Origin': '*', 'Cache-Control': 'no-cache', 'ETag': 'W/"48d-FM14zJ/sx0IaDeYtqf2Q3lk11H0"', 'Vary': 'Accept-Encoding', 'Content-Encoding': 'gzip', 'CF-Cache-Status': 'DYNAMIC', 'Report-To': '{"endpoints":[{"url":"https:\\/\\/a.nel.cloudflare.com\\/report\\/v4?s=S5A0FuvvJWD0LCRBF011oYpjVntlo2LNpfdA7ay3UZH9kZErj8ZpLbheWXh83AvD0t6Dcp6IauGNxS7gHAelZgmm0ESkvdaGePSoAC%2BgoGZd3T6E89tPPLaW1AnZ6RMg"}],"group":"cf-nel","max_age":604800}', 'NEL': '{"success_fraction":0,"report_to":"cf-nel","max_age":604800}', 'Server': 'cloudflare', 'CF-RAY': '870a4a57ae479126-ORD', 'alt-svc': 'h3=":443"; ma=86400'} 
 body={"results":[{"gender":"female","name":{"title":"Mrs","first":"Peyton","last":"Arnold"},"location":{"street":{"number":2388,"name":"Rolling Green Rd"},"city":"Springfield","state":"Missouri","country":"United States","postcode":87553,"coordinates":{"latitude":"83.8254","longitude":"174.2261"},"timezone":{"offset":"-3:30","description":"Newfoundland"}},"email":"peyton.arnold@example.com","login":{"uuid":"c0743bd7-daba-423a-b4b5-47fa3fb08bbf","username":"goldenfish535","password":"queens","salt":"PSNioQmq","md5":"478ee9f527cc2c4561b8bf68573c00b6","sha1":"c7b8384424740c931f78bee1c3f5a871770eadb0","sha256":"20fa72f45b75adcff864eacc8e822a804d674af13fb2a8e4ae2c314aca412471"},"dob":{"date":"1999-06-24T08:37:18.630Z","age":24},"registered":{"date":"2014-11-22T11:42:02.737Z","age":9},"phone":"(970) 677-9334","cell":"(787) 210-3242","id":{"name":"SSN","value":"393-33-9401"},"picture":{"large":"https://randomuser.me/api/portraits/women/20.jpg","medium":"https://randomuser.me/api/portraits/med/women/20.jpg","thumbnail":"https://randomuser.me/api/portraits/thumb/women/20.jpg"},"nat":"US"}],"info":{"seed":"a4cff1b713c312ac","results":1,"page":1,"version":"1.4"}} 
 </msg>
<msg time="2024-04-07T13:16:08.425244" level="INFO">/opt/hostedtoolcache/Python/3.12.2/x64/lib/python3.12/site-packages/urllib3/connectionpool.py:1103: InsecureRequestWarning: Unverified HTTPS request is being made to host 'randomuser.me'. Adding certificate verification is strongly advised. See: https://urllib3.readthedocs.io/en/latest/advanced-usage.html#tls-warnings
  warnings.warn(</msg>
<msg time="2024-04-07T13:16:08.425353" level="INFO">${response} = &lt;Response [200]&gt;</msg>
<var>${response}</var>
<arg>consultarAPI</arg>
<arg>/api</arg>
<doc>Sends a GET request on a previously created HTTP Session.</doc>
<status status="PASS" start="2024-04-07T13:16:08.260414" elapsed="0.164975"/>
</kw>
<kw name="Set Variable" owner="BuiltIn">
<msg time="2024-04-07T13:16:08.426219" level="INFO">${json_data} = {'results': [{'gender': 'female', 'name': {'title': 'Mrs', 'first': 'Peyton', 'last': 'Arnold'}, 'location': {'street': {'number': 2388, 'name': 'Rolling Green Rd'}, 'city': 'Springfield', 'state': 'M...</msg>
<var>${json_data}</var>
<arg>${response.json()}</arg>
<doc>Returns the given values which can then be assigned to a variables.</doc>
<status status="PASS" start="2024-04-07T13:16:08.425774" elapsed="0.000473"/>
</kw>
<kw name="Log" owner="BuiltIn">
<msg time="2024-04-07T13:16:08.426702" level="INFO">{'results': [{'gender': 'female', 'name': {'title': 'Mrs', 'first': 'Peyton', 'last': 'Arnold'}, 'location': {'street': {'number': 2388, 'name': 'Rolling Green Rd'}, 'city': 'Springfield', 'state': 'Missouri', 'country': 'United States', 'postcode': 87553, 'coordinates': {'latitude': '83.8254', 'longitude': '174.2261'}, 'timezone': {'offset': '-3:30', 'description': 'Newfoundland'}}, 'email': 'peyton.arnold@example.com', 'login': {'uuid': 'c0743bd7-daba-423a-b4b5-47fa3fb08bbf', 'username': 'goldenfish535', 'password': 'queens', 'salt': 'PSNioQmq', 'md5': '478ee9f527cc2c4561b8bf68573c00b6', 'sha1': 'c7b8384424740c931f78bee1c3f5a871770eadb0', 'sha256': '20fa72f45b75adcff864eacc8e822a804d674af13fb2a8e4ae2c314aca412471'}, 'dob': {'date': '1999-06-24T08:37:18.630Z', 'age': 24}, 'registered': {'date': '2014-11-22T11:42:02.737Z', 'age': 9}, 'phone': '(970) 677-9334', 'cell': '(787) 210-3242', 'id': {'name': 'SSN', 'value': '393-33-9401'}, 'picture': {'large': 'https://randomuser.me/api/portraits/women/20.jpg', 'medium': 'https://randomuser.me/api/portraits/med/women/20.jpg', 'thumbnail': 'https://randomuser.me/api/portraits/thumb/women/20.jpg'}, 'nat': 'US'}], 'info': {'seed': 'a4cff1b713c312ac', 'results': 1, 'page': 1, 'version': '1.4'}}</msg>
<arg>${json_data}</arg>
<doc>Logs the given message with the given level.</doc>
<status status="PASS" start="2024-04-07T13:16:08.426548" elapsed="0.000235"/>
</kw>
<kw name="Should Be Equal As Numbers" owner="BuiltIn">
<arg>${json_data['results'][0]['location']['postcode']}</arg>
<arg>${json_data['results'][0]['location']['postcode']}</arg>
<doc>Fails if objects are unequal after converting them to real numbers.</doc>
<status status="PASS" start="2024-04-07T13:16:08.427085" elapsed="0.000632"/>
</kw>
<kw name="Log" owner="BuiltIn">
<msg time="2024-04-07T13:16:08.428299" level="INFO">87553</msg>
<arg>${json_data['results'][0]['location']['postcode']}</arg>
<doc>Logs the given message with the given level.</doc>
<status status="PASS" start="2024-04-07T13:16:08.427962" elapsed="0.000380"/>
</kw>
<status status="PASS" start="2024-04-07T13:16:08.260064" elapsed="0.168531"/>
</kw>
<doc>Testa se os tipos de dados na resposta da API estão corretos.</doc>
<tag>testeTiposDados</tag>
<status status="PASS" start="2024-04-07T13:16:08.004964" elapsed="0.423798"/>
</test>
<test id="s1-s1-t5" name="Validar conteudo" line="35">
<kw name="Teste de Tipos de Conteudo" owner="random-user-service">
<kw name="GET On Session" owner="RequestsLibrary">
<msg time="2024-04-07T13:16:08.507725" level="INFO">GET Request : url=https://randomuser.me/api 
 path_url=/api 
 headers={'User-Agent': 'python-requests/2.31.0', 'Accept-Encoding': 'gzip, deflate', 'Accept': '*/*', 'Connection': 'keep-alive'} 
 body=None 
 </msg>
<msg time="2024-04-07T13:16:08.507850" level="INFO">GET Response : url=https://randomuser.me/api 
 status=200, reason=OK 
 headers={'Date': 'Sun, 07 Apr 2024 13:16:08 GMT', 'Content-Type': 'application/json; charset=utf-8', 'Transfer-Encoding': 'chunked', 'Connection': 'keep-alive', 'X-Powered-By': 'Express', 'Access-Control-Allow-Origin': '*', 'Cache-Control': 'no-cache', 'ETag': 'W/"4aa-41DpcfvOmqec6A63QbTxv8VemN4"', 'Vary': 'Accept-Encoding', 'Content-Encoding': 'gzip', 'CF-Cache-Status': 'DYNAMIC', 'Report-To': '{"endpoints":[{"url":"https:\\/\\/a.nel.cloudflare.com\\/report\\/v4?s=BBC%2B7498Uv3Q6PKjr0py%2FytKA9kPMMBxLYPdx4BK9RzGBS05povaPtRELpI21FjpwnVbmduf16X1xqzRw0Rs9uA1SRjM9ZLxQdo51vFQcG7OrsrrTH4hi3W0nHUNnvIp"}],"group":"cf-nel","max_age":604800}', 'NEL': '{"success_fraction":0,"report_to":"cf-nel","max_age":604800}', 'Server': 'cloudflare', 'CF-RAY': '870a4a58b8419126-ORD', 'alt-svc': 'h3=":443"; ma=86400'} 
 body={"results":[{"gender":"female","name":{"title":"Madame","first":"Meret","last":"Marchand"},"location":{"street":{"number":4451,"name":"Rue du Moulin"},"city":"Crémines","state":"Nidwalden","country":"Switzerland","postcode":6301,"coordinates":{"latitude":"-62.5740","longitude":"46.1815"},"timezone":{"offset":"+10:00","description":"Eastern Australia, Guam, Vladivostok"}},"email":"meret.marchand@example.com","login":{"uuid":"b9ef7d38-c483-45ef-89df-73406c949565","username":"whiteladybug284","password":"sophia","salt":"sFlv40cM","md5":"3f0ec62cf319283284df51c8e7d0b912","sha1":"89b3cd6fcbacdcfbb462a7640fcf6515d2c76e0a","sha256":"6115d9e9672b70f0bca525ea7d7f58ca02f665c387f06e45d3439be777c810b5"},"dob":{"date":"1960-07-31T20:14:04.823Z","age":63},"registered":{"date":"2002-04-26T15:00:15.600Z","age":21},"phone":"076 534 33 62","cell":"079 766 38 29","id":{"name":"AVS","value":"756.0449.2190.38"},"picture":{"large":"https://randomuser.me/api/portraits/women/36.jpg","medium":"https://randomuser.me/api/portraits/med/women/36.jpg","thumbnail":"https://randomuser.me/api/portraits/thumb/women/36.jpg"},"nat":"CH"}],"info":{"seed":"30971791490f8751","results":1,"page":1,"version":"1.4"}} 
 </msg>
<msg time="2024-04-07T13:16:08.507929" level="INFO">/opt/hostedtoolcache/Python/3.12.2/x64/lib/python3.12/site-packages/urllib3/connectionpool.py:1103: InsecureRequestWarning: Unverified HTTPS request is being made to host 'randomuser.me'. Adding certificate verification is strongly advised. See: https://urllib3.readthedocs.io/en/latest/advanced-usage.html#tls-warnings
  warnings.warn(</msg>
<msg time="2024-04-07T13:16:08.508042" level="INFO">${response} = &lt;Response [200]&gt;</msg>
<var>${response}</var>
<arg>consultarAPI</arg>
<arg>/api</arg>
<doc>Sends a GET request on a previously created HTTP Session.</doc>
<status status="PASS" start="2024-04-07T13:16:08.431145" elapsed="0.076943"/>
</kw>
<kw name="Set Variable" owner="BuiltIn">
<msg time="2024-04-07T13:16:08.509003" level="INFO">${json_data} = {'results': [{'gender': 'female', 'name': {'title': 'Madame', 'first': 'Meret', 'last': 'Marchand'}, 'location': {'street': {'number': 4451, 'name': 'Rue du Moulin'}, 'city': 'Crémines', 'state': 'Nid...</msg>
<var>${json_data}</var>
<arg>${response.json()}</arg>
<doc>Returns the given values which can then be assigned to a variables.</doc>
<status status="PASS" start="2024-04-07T13:16:08.508551" elapsed="0.000481"/>
</kw>
<kw name="Set Variable" owner="BuiltIn">
<msg time="2024-04-07T13:16:08.509722" level="INFO">${name_title} = Madame</msg>
<var>${name_title}</var>
<arg>${json_data["results"][0]["name"]["title"]}</arg>
<doc>Returns the given values which can then be assigned to a variables.</doc>
<status status="PASS" start="2024-04-07T13:16:08.509343" elapsed="0.000405"/>
</kw>
<kw name="Create List" owner="BuiltIn">
<msg time="2024-04-07T13:16:08.510211" level="INFO">${allowed_titles} = ['Mr', 'Ms', 'Miss', 'Mrs', 'Madame', 'Monsieur']</msg>
<var>${allowed_titles}</var>
<arg>Mr</arg>
<arg>Ms</arg>
<arg>Miss</arg>
<arg>Mrs</arg>
<arg>Madame</arg>
<arg>Monsieur</arg>
<doc>Returns a list containing given items.</doc>
<status status="PASS" start="2024-04-07T13:16:08.510051" elapsed="0.000185"/>
</kw>
<kw name="List Should Contain Value" owner="Collections">
<msg time="2024-04-07T13:16:08.510719" level="INFO">False</msg>
<arg>${allowed_titles}</arg>
<arg>${name_title}</arg>
<doc>Fails if the ``value`` is not found from ``list``.</doc>
<status status="PASS" start="2024-04-07T13:16:08.510547" elapsed="0.000210"/>
</kw>
<kw name="Set Variable" owner="BuiltIn">
<msg time="2024-04-07T13:16:08.511480" level="INFO">${name_country} = CH</msg>
<var>${name_country}</var>
<arg>${json_data["results"][0]["nat"]}</arg>
<doc>Returns the given values which can then be assigned to a variables.</doc>
<status status="PASS" start="2024-04-07T13:16:08.511067" elapsed="0.000439"/>
</kw>
<kw name="Create List" owner="BuiltIn">
<msg time="2024-04-07T13:16:08.512453" level="INFO">${list_country} = ['AD', 'AE', 'AF', 'AG', 'AI', 'AL', 'AM', 'AO', 'AQ', 'AR', 'AS', 'AT', 'AU', 'AW', 'AX', 'AZ', 'BA', 'BB', 'BD', 'BE', 'BF', 'BG', 'BH', 'BI', 'BJ', 'BL', 'BM', 'BN', 'BO', 'BQ', 'BR', 'BS', 'BT', '...</msg>
<var>${list_country}</var>
<arg>AD</arg>
<arg>AE</arg>
<arg>AF</arg>
<arg>AG</arg>
<arg>AI</arg>
<arg>AL</arg>
<arg>AM</arg>
<arg>AO</arg>
<arg>AQ</arg>
<arg>AR</arg>
<arg>AS</arg>
<arg>AT</arg>
<arg>AU</arg>
<arg>AW</arg>
<arg>AX</arg>
<arg>AZ</arg>
<arg>BA</arg>
<arg>BB</arg>
<arg>BD</arg>
<arg>BE</arg>
<arg>BF</arg>
<arg>BG</arg>
<arg>BH</arg>
<arg>BI</arg>
<arg>BJ</arg>
<arg>BL</arg>
<arg>BM</arg>
<arg>BN</arg>
<arg>BO</arg>
<arg>BQ</arg>
<arg>BR</arg>
<arg>BS</arg>
<arg>BT</arg>
<arg>BV</arg>
<arg>BW</arg>
<arg>BY</arg>
<arg>BZ</arg>
<arg>CA</arg>
<arg>CC</arg>
<arg>CD</arg>
<arg>CF</arg>
<arg>CG</arg>
<arg>CH</arg>
<arg>CI</arg>
<arg>CK</arg>
<arg>CL</arg>
<arg>CM</arg>
<arg>CN</arg>
<arg>CO</arg>
<arg>CR</arg>
<arg>CU</arg>
<arg>CV</arg>
<arg>CW</arg>
<arg>CX</arg>
<arg>CY</arg>
<arg>CZ</arg>
<arg>DE</arg>
<arg>DJ</arg>
<arg>DK</arg>
<arg>DM</arg>
<arg>DO</arg>
<arg>DZ</arg>
<arg>EC</arg>
<arg>EE</arg>
<arg>EG</arg>
<arg>EH</arg>
<arg>ER</arg>
<arg>ES</arg>
<arg>ET</arg>
<arg>FI</arg>
<arg>FJ</arg>
<arg>FK</arg>
<arg>FM</arg>
<arg>FO</arg>
<arg>FR</arg>
<arg>GA</arg>
<arg>GB</arg>
<arg>GD</arg>
<arg>GE</arg>
<arg>GF</arg>
<arg>GG</arg>
<arg>GH</arg>
<arg>GI</arg>
<arg>GL</arg>
<arg>GM</arg>
<arg>GN</arg>
<arg>GP</arg>
<arg>GQ</arg>
<arg>GR</arg>
<arg>GS</arg>
<arg>GT</arg>
<arg>GU</arg>
<arg>GW</arg>
<arg>GY</arg>
<arg>HK</arg>
<arg>HM</arg>
<arg>HN</arg>
<arg>HR</arg>
<arg>HT</arg>
<arg>HU</arg>
<arg>ID</arg>
<arg>IE</arg>
<arg>IL</arg>
<arg>IM</arg>
<arg>IN</arg>
<arg>IO</arg>
<arg>IQ</arg>
<arg>IR</arg>
<arg>IS</arg>
<arg>IT</arg>
<arg>JE</arg>
<arg>JM</arg>
<arg>JO</arg>
<arg>JP</arg>
<arg>KE</arg>
<arg>KG</arg>
<arg>KH</arg>
<arg>KI</arg>
<arg>KM</arg>
<arg>KN</arg>
<arg>KP</arg>
<arg>KR</arg>
<arg>KW</arg>
<arg>KY</arg>
<arg>KZ</arg>
<arg>LA</arg>
<arg>LB</arg>
<arg>LC</arg>
<arg>LI</arg>
<arg>LK</arg>
<arg>LR</arg>
<arg>LS</arg>
<arg>LT</arg>
<arg>LU</arg>
<arg>LV</arg>
<arg>LY</arg>
<arg>MA</arg>
<arg>MC</arg>
<arg>MD</arg>
<arg>ME</arg>
<arg>MF</arg>
<arg>MG</arg>
<arg>MH</arg>
<arg>MK</arg>
<arg>ML</arg>
<arg>MM</arg>
<arg>MN</arg>
<arg>MO</arg>
<arg>MP</arg>
<arg>MQ</arg>
<arg>MR</arg>
<arg>MS</arg>
<arg>MT</arg>
<arg>MU</arg>
<arg>MV</arg>
<arg>MW</arg>
<arg>MX</arg>
<arg>MY</arg>
<arg>MZ</arg>
<arg>NA</arg>
<arg>NC</arg>
<arg>NE</arg>
<arg>NF</arg>
<arg>NG</arg>
<arg>NI</arg>
<arg>NL</arg>
<arg>NO</arg>
<arg>NP</arg>
<arg>NR</arg>
<arg>NU</arg>
<arg>NZ</arg>
<arg>OM</arg>
<arg>PA</arg>
<arg>PE</arg>
<arg>PF</arg>
<arg>PG</arg>
<arg>PH</arg>
<arg>PK</arg>
<arg>PL</arg>
<arg>PM</arg>
<arg>PN</arg>
<arg>PR</arg>
<arg>PS</arg>
<arg>PT</arg>
<arg>PW</arg>
<arg>PY</arg>
<arg>QA</arg>
<arg>RE</arg>
<arg>RO</arg>
<arg>RS</arg>
<arg>RU</arg>
<arg>RW</arg>
<arg>SA</arg>
<arg>SB</arg>
<arg>SC</arg>
<arg>SD</arg>
<arg>SE</arg>
<arg>SG</arg>
<arg>SH</arg>
<arg>SI</arg>
<arg>SJ</arg>
<arg>SK</arg>
<arg>SL</arg>
<arg>SM</arg>
<arg>SN</arg>
<arg>SO</arg>
<arg>SR</arg>
<arg>SS</arg>
<arg>ST</arg>
<arg>SV</arg>
<arg>SX</arg>
<arg>SY</arg>
<arg>SZ</arg>
<arg>TC</arg>
<arg>TD</arg>
<arg>TF</arg>
<arg>TG</arg>
<arg>TH</arg>
<arg>TJ</arg>
<arg>TK</arg>
<arg>TL</arg>
<arg>TM</arg>
<arg>TN</arg>
<arg>TO</arg>
<arg>TR</arg>
<arg>TT</arg>
<arg>TV</arg>
<arg>TW</arg>
<arg>TZ</arg>
<arg>UA</arg>
<arg>UG</arg>
<arg>UM</arg>
<arg>US</arg>
<arg>UY</arg>
<arg>UZ</arg>
<arg>VA</arg>
<arg>VC</arg>
<arg>VE</arg>
<arg>VG</arg>
<arg>VI</arg>
<arg>VN</arg>
<arg>VU</arg>
<arg>WF</arg>
<arg>WS</arg>
<arg>XK</arg>
<arg>YE</arg>
<arg>YT</arg>
<arg>ZA</arg>
<arg>ZM</arg>
<arg>ZW</arg>
<doc>Returns a list containing given items.</doc>
<status status="PASS" start="2024-04-07T13:16:08.511841" elapsed="0.000639"/>
</kw>
<kw name="List Should Contain Value" owner="Collections">
<msg time="2024-04-07T13:16:08.513590" level="INFO">False</msg>
<arg>${list_country}</arg>
<arg>${name_country}</arg>
<doc>Fails if the ``value`` is not found from ``list``.</doc>
<status status="PASS" start="2024-04-07T13:16:08.513382" elapsed="0.000247"/>
</kw>
<kw name="Run Keyword If" owner="BuiltIn">
<kw name="Should Be True" owner="BuiltIn">
<arg>${True}</arg>
<doc>Fails if the given condition is not true.</doc>
<status status="PASS" start="2024-04-07T13:16:08.514706" elapsed="0.000146"/>
</kw>
<arg>${json_data["results"][0]["location"]["coordinates"]["latitude"]} &gt;= -90 and ${json_data["results"][0]["location"]["coordinates"]["latitude"]} &lt;= 90</arg>
<arg>Should Be True</arg>
<arg>${True}</arg>
<doc>Runs the given keyword with the given arguments, if ``condition`` is true.</doc>
<status status="PASS" start="2024-04-07T13:16:08.513950" elapsed="0.001032"/>
</kw>
<kw name="Run Keyword If" owner="BuiltIn">
<kw name="Should Be True" owner="BuiltIn">
<arg>${True}</arg>
<doc>Fails if the given condition is not true.</doc>
<status status="PASS" start="2024-04-07T13:16:08.515899" elapsed="0.000142"/>
</kw>
<arg>${json_data["results"][0]["location"]["coordinates"]["longitude"]} &gt;= -180 and ${json_data["results"][0]["location"]["coordinates"]["longitude"]} &lt;= 180</arg>
<arg>Should Be True</arg>
<arg>${True}</arg>
<doc>Runs the given keyword with the given arguments, if ``condition`` is true.</doc>
<status status="PASS" start="2024-04-07T13:16:08.515170" elapsed="0.000996"/>
</kw>
<status status="PASS" start="2024-04-07T13:16:08.430924" elapsed="0.085370"/>
</kw>
<doc>Testa o conteúdo específico dos campos retornados pela API.</doc>
<tag>testeConteudo</tag>
<status status="PASS" start="2024-04-07T13:16:08.430477" elapsed="0.085962"/>
</test>
<status status="PASS" start="2024-04-07T13:16:07.315630" elapsed="1.202687"/>
</suite>
<status status="PASS" start="2024-04-07T13:16:07.301924" elapsed="1.221703"/>
</suite>
<statistics>
<total>
<stat pass="5" fail="0" skip="0">All Tests</stat>
</total>
<tag>
<stat pass="1" fail="0" skip="0">testeConteudo</stat>
<stat pass="1" fail="0" skip="0">testeEstruturaResposta</stat>
<stat pass="1" fail="0" skip="0">testeRequisicaoBasica</stat>
<stat pass="1" fail="0" skip="0">testeTiposDados</stat>
</tag>
<suite>
<stat pass="5" fail="0" skip="0" id="s1" name="Tests">Tests</stat>
<stat pass="5" fail="0" skip="0" id="s1-s1" name="Random-User-Test">Tests.Random-User-Test</stat>
</suite>
</statistics>
<errors>
</errors>
</robot>
