<?xml version="1.0" encoding="UTF-8"?>
<robot generator="Robot 7.0.1 (Python 3.12.4 on linux)" generated="2024-07-13T07:13:50.271253" rpa="false" schemaversion="5">
<suite id="s1" name="Tests" source="/home/runner/work/ApiRandomUser/ApiRandomUser/RamdonUser/tests">
<suite id="s1-s1" name="Random-User-Test" source="/home/runner/work/ApiRandomUser/ApiRandomUser/RamdonUser/tests/random-user-test.robot">
<test id="s1-s1-t1" name="Conectar" line="13">
<kw name="Conectar API" owner="random-user-service">
<kw name="Create Session" owner="RequestsLibrary">
<msg time="2024-07-13T07:13:50.716854" level="INFO">Creating Session using : alias=consultarAPI, url=https://randomuser.me/, headers={},                     cookies={}, auth=None, timeout=None, proxies=None, verify=False,                     debug=0 </msg>
<arg>consultarAPI</arg>
<arg>${URL}</arg>
<doc>Create Session: create a HTTP session to a server</doc>
<status status="PASS" start="2024-07-13T07:13:50.716654" elapsed="0.000376"/>
</kw>
<status status="PASS" start="2024-07-13T07:13:50.715690" elapsed="0.001695"/>
</kw>
<status status="PASS" start="2024-07-13T07:13:50.715151" elapsed="0.002464"/>
</test>
<test id="s1-s1-t2" name="Validar retorno 200 e JSON Válido" line="16">
<kw name="Teste de Requisicao Basica" owner="random-user-service">
<kw name="GET On Session" owner="RequestsLibrary">
<msg time="2024-07-13T07:13:50.791966" level="INFO">GET Request : url=https://randomuser.me/api 
 path_url=/api 
 headers={'User-Agent': 'python-requests/2.32.3', 'Accept-Encoding': 'gzip, deflate', 'Accept': '*/*', 'Connection': 'keep-alive'} 
 body=None 
 </msg>
<msg time="2024-07-13T07:13:50.792113" level="INFO">GET Response : url=https://randomuser.me/api 
 status=200, reason=OK 
 headers={'Date': 'Sat, 13 Jul 2024 07:13:50 GMT', 'Content-Type': 'application/json; charset=utf-8', 'Transfer-Encoding': 'chunked', 'Connection': 'keep-alive', 'X-Powered-By': 'Express', 'Access-Control-Allow-Origin': '*', 'Cache-Control': 'no-cache', 'ETag': 'W/"47d-Ed9ZVlR2pWcQmZ9N/8M1OXRQr/k"', 'Vary': 'Accept-Encoding', 'Content-Encoding': 'gzip', 'CF-Cache-Status': 'DYNAMIC', 'Report-To': '{"endpoints":[{"url":"https:\\/\\/a.nel.cloudflare.com\\/report\\/v4?s=RPYcU0DX93IbjcyAPuFeiHfKIjtbKS%2BS1OXshc0orCYnY35FYPOMsuJUJK8yEyAzFUWms2xz%2FkzFAFFjxPpmNr6RcIqfbqhOqHxrfuQ5J9Xzi6Slslb6HWJhJcvH4bVo"}],"group":"cf-nel","max_age":604800}', 'NEL': '{"success_fraction":0,"report_to":"cf-nel","max_age":604800}', 'Server': 'cloudflare', 'CF-RAY': '8a2779044c990774-IAD', 'alt-svc': 'h3=":443"; ma=86400'} 
 body={"results":[{"gender":"female","name":{"title":"Mrs","first":"Afşar","last":"Saygıner"},"location":{"street":{"number":1361,"name":"Fatih Sultan Mehmet Cd"},"city":"Muğla","state":"Bingöl","country":"Turkey","postcode":76413,"coordinates":{"latitude":"72.2078","longitude":"175.7507"},"timezone":{"offset":"-10:00","description":"Hawaii"}},"email":"afsar.sayginer@example.com","login":{"uuid":"1b712c92-b6a4-40d7-bef7-c9924498b2d6","username":"lazypeacock620","password":"wildbill","salt":"xPqcZDU4","md5":"37aab3696ca1efaf6e6c7b74a53a42f3","sha1":"cf24eef9d686d7cc8f1f8a427dfdb39349abb649","sha256":"2197f816cdf0ae76b61d1164b30413c5dceaccd024cd41d47cb013851bdb994e"},"dob":{"date":"1978-06-20T08:17:57.335Z","age":46},"registered":{"date":"2005-08-12T18:08:34.479Z","age":18},"phone":"(365)-718-4955","cell":"(390)-279-7152","id":{"name":"","value":null},"picture":{"large":"https://randomuser.me/api/portraits/women/27.jpg","medium":"https://randomuser.me/api/portraits/med/women/27.jpg","thumbnail":"https://randomuser.me/api/portraits/thumb/women/27.jpg"},"nat":"TR"}],"info":{"seed":"404c799560909f42","results":1,"page":1,"version":"1.4"}} 
 </msg>
<msg time="2024-07-13T07:13:50.792202" level="INFO">/opt/hostedtoolcache/Python/3.12.4/x64/lib/python3.12/site-packages/urllib3/connectionpool.py:1099: InsecureRequestWarning: Unverified HTTPS request is being made to host 'randomuser.me'. Adding certificate verification is strongly advised. See: https://urllib3.readthedocs.io/en/latest/advanced-usage.html#tls-warnings
  warnings.warn(</msg>
<msg time="2024-07-13T07:13:50.792360" level="INFO">${response} = &lt;Response [200]&gt;</msg>
<var>${response}</var>
<arg>consultarAPI</arg>
<arg>/api</arg>
<doc>Sends a GET request on a previously created HTTP Session.</doc>
<status status="PASS" start="2024-07-13T07:13:50.720167" elapsed="0.072237"/>
</kw>
<kw name="Should Be Equal As Numbers" owner="BuiltIn">
<msg time="2024-07-13T07:13:50.793413" level="INFO">Argument types are:
&lt;class 'int'&gt;
&lt;class 'str'&gt;</msg>
<arg>${response.status_code}</arg>
<arg>200</arg>
<doc>Fails if objects are unequal after converting them to real numbers.</doc>
<status status="PASS" start="2024-07-13T07:13:50.792940" elapsed="0.000583"/>
</kw>
<kw name="Log" owner="BuiltIn">
<msg time="2024-07-13T07:13:50.794204" level="INFO">200</msg>
<arg>${response.status_code}</arg>
<doc>Logs the given message with the given level.</doc>
<status status="PASS" start="2024-07-13T07:13:50.793847" elapsed="0.000399"/>
</kw>
<kw name="Set Variable" owner="BuiltIn">
<msg time="2024-07-13T07:13:50.795006" level="INFO">${json_data} = {'results': [{'gender': 'female', 'name': {'title': 'Mrs', 'first': 'Afşar', 'last': 'Saygıner'}, 'location': {'street': {'number': 1361, 'name': 'Fatih Sultan Mehmet Cd'}, 'city': 'Muğla', 'state': '...</msg>
<var>${json_data}</var>
<arg>${response.json()}</arg>
<doc>Returns the given values which can then be assigned to a variables.</doc>
<status status="PASS" start="2024-07-13T07:13:50.794551" elapsed="0.000486"/>
</kw>
<kw name="Dictionary Should Contain Key" owner="Collections">
<arg>${json_data}</arg>
<arg>results</arg>
<doc>Fails if ``key`` is not found from ``dictionary``.</doc>
<status status="PASS" start="2024-07-13T07:13:50.795336" elapsed="0.000164"/>
</kw>
<status status="PASS" start="2024-07-13T07:13:50.719925" elapsed="0.075732"/>
</kw>
<doc>Testa se a API responde corretamente e retorna um objeto JSON válido.</doc>
<tag>testeRequisicaoBasica</tag>
<status status="PASS" start="2024-07-13T07:13:50.719471" elapsed="0.076370"/>
</test>
<test id="s1-s1-t3" name="Validar estrutura de resposta" line="22">
<kw name="Teste de Estrutura de Resposta" owner="random-user-service">
<kw name="GET On Session" owner="RequestsLibrary">
<msg time="2024-07-13T07:13:50.895591" level="INFO">GET Request : url=https://randomuser.me/api 
 path_url=/api 
 headers={'User-Agent': 'python-requests/2.32.3', 'Accept-Encoding': 'gzip, deflate', 'Accept': '*/*', 'Connection': 'keep-alive'} 
 body=None 
 </msg>
<msg time="2024-07-13T07:13:50.895691" level="INFO">GET Response : url=https://randomuser.me/api 
 status=200, reason=OK 
 headers={'Date': 'Sat, 13 Jul 2024 07:13:50 GMT', 'Content-Type': 'application/json; charset=utf-8', 'Transfer-Encoding': 'chunked', 'Connection': 'keep-alive', 'X-Powered-By': 'Express', 'Access-Control-Allow-Origin': '*', 'Cache-Control': 'no-cache', 'ETag': 'W/"465-3VQN4rhFVW6QRvMq7rUej+tnQgc"', 'Vary': 'Accept-Encoding', 'Content-Encoding': 'gzip', 'CF-Cache-Status': 'DYNAMIC', 'Report-To': '{"endpoints":[{"url":"https:\\/\\/a.nel.cloudflare.com\\/report\\/v4?s=GoF%2BTapHLrlTHVYGkvpm%2FxlMjuHlgnXp7IWqyDiHqiBABt%2FOpL0opZ%2BvYbGpEqZy6EhpNiU3CjB78JEjqfcDbvXCsNsIj9yBXjpDi%2B%2Fzz%2BUUnrY6QOtqRpFNQFzkFcYE"}],"group":"cf-nel","max_age":604800}', 'NEL': '{"success_fraction":0,"report_to":"cf-nel","max_age":604800}', 'Server': 'cloudflare', 'CF-RAY': '8a2779048cd20774-IAD', 'alt-svc': 'h3=":443"; ma=86400'} 
 body={"results":[{"gender":"female","name":{"title":"Mrs","first":"Vildan","last":"Balcı"},"location":{"street":{"number":5277,"name":"Atatürk Sk"},"city":"Bursa","state":"Bursa","country":"Turkey","postcode":52575,"coordinates":{"latitude":"71.8285","longitude":"169.1490"},"timezone":{"offset":"+5:45","description":"Kathmandu"}},"email":"vildan.balci@example.com","login":{"uuid":"e37b8033-77ea-48f6-9bca-0143d26f53f9","username":"redbear202","password":"sharp","salt":"E5QG9AxT","md5":"81a77d5ff05f4336833c2b84a786e3ef","sha1":"e64106226b343ae8d17cd7683e07f5b6549686d9","sha256":"41812285fba10aa5fbbebc29a90378dc338e12071b98b88fb270dd6c6ec189fd"},"dob":{"date":"1958-12-06T01:31:12.651Z","age":65},"registered":{"date":"2006-07-30T23:20:24.470Z","age":17},"phone":"(149)-329-5415","cell":"(904)-857-8992","id":{"name":"","value":null},"picture":{"large":"https://randomuser.me/api/portraits/women/81.jpg","medium":"https://randomuser.me/api/portraits/med/women/81.jpg","thumbnail":"https://randomuser.me/api/portraits/thumb/women/81.jpg"},"nat":"TR"}],"info":{"seed":"6cf88c3cdc0fdc8e","results":1,"page":1,"version":"1.4"}} 
 </msg>
<msg time="2024-07-13T07:13:50.895823" level="INFO">/opt/hostedtoolcache/Python/3.12.4/x64/lib/python3.12/site-packages/urllib3/connectionpool.py:1099: InsecureRequestWarning: Unverified HTTPS request is being made to host 'randomuser.me'. Adding certificate verification is strongly advised. See: https://urllib3.readthedocs.io/en/latest/advanced-usage.html#tls-warnings
  warnings.warn(</msg>
<msg time="2024-07-13T07:13:50.895947" level="INFO">${response} = &lt;Response [200]&gt;</msg>
<var>${response}</var>
<arg>consultarAPI</arg>
<arg>/api</arg>
<doc>Sends a GET request on a previously created HTTP Session.</doc>
<status status="PASS" start="2024-07-13T07:13:50.798462" elapsed="0.097530"/>
</kw>
<kw name="Set Variable" owner="BuiltIn">
<msg time="2024-07-13T07:13:50.897037" level="INFO">${json_data} = {'results': [{'gender': 'female', 'name': {'title': 'Mrs', 'first': 'Vildan', 'last': 'Balcı'}, 'location': {'street': {'number': 5277, 'name': 'Atatürk Sk'}, 'city': 'Bursa', 'state': 'Bursa', 'count...</msg>
<var>${json_data}</var>
<arg>${response.json()}</arg>
<doc>Returns the given values which can then be assigned to a variables.</doc>
<status status="PASS" start="2024-07-13T07:13:50.896500" elapsed="0.000570"/>
</kw>
<kw name="Log" owner="BuiltIn">
<msg time="2024-07-13T07:13:50.897627" level="INFO">{'results': [{'gender': 'female', 'name': {'title': 'Mrs', 'first': 'Vildan', 'last': 'Balcı'}, 'location': {'street': {'number': 5277, 'name': 'Atatürk Sk'}, 'city': 'Bursa', 'state': 'Bursa', 'country': 'Turkey', 'postcode': 52575, 'coordinates': {'latitude': '71.8285', 'longitude': '169.1490'}, 'timezone': {'offset': '+5:45', 'description': 'Kathmandu'}}, 'email': 'vildan.balci@example.com', 'login': {'uuid': 'e37b8033-77ea-48f6-9bca-0143d26f53f9', 'username': 'redbear202', 'password': 'sharp', 'salt': 'E5QG9AxT', 'md5': '81a77d5ff05f4336833c2b84a786e3ef', 'sha1': 'e64106226b343ae8d17cd7683e07f5b6549686d9', 'sha256': '41812285fba10aa5fbbebc29a90378dc338e12071b98b88fb270dd6c6ec189fd'}, 'dob': {'date': '1958-12-06T01:31:12.651Z', 'age': 65}, 'registered': {'date': '2006-07-30T23:20:24.470Z', 'age': 17}, 'phone': '(149)-329-5415', 'cell': '(904)-857-8992', 'id': {'name': '', 'value': None}, 'picture': {'large': 'https://randomuser.me/api/portraits/women/81.jpg', 'medium': 'https://randomuser.me/api/portraits/med/women/81.jpg', 'thumbnail': 'https://randomuser.me/api/portraits/thumb/women/81.jpg'}, 'nat': 'TR'}], 'info': {'seed': '6cf88c3cdc0fdc8e', 'results': 1, 'page': 1, 'version': '1.4'}}</msg>
<arg>${json_data}</arg>
<doc>Logs the given message with the given level.</doc>
<status status="PASS" start="2024-07-13T07:13:50.897388" elapsed="0.000294"/>
</kw>
<kw name="Dictionary Should Contain Key" owner="Collections">
<arg>${json_data}</arg>
<arg>results</arg>
<doc>Fails if ``key`` is not found from ``dictionary``.</doc>
<status status="PASS" start="2024-07-13T07:13:50.897992" elapsed="0.000164"/>
</kw>
<kw name="Should Not Be Empty" owner="BuiltIn">
<msg time="2024-07-13T07:13:50.898484" level="INFO">Length is 2.</msg>
<arg>${json_data}</arg>
<doc>Verifies that the given item is not empty.</doc>
<status status="PASS" start="2024-07-13T07:13:50.898354" elapsed="0.000170"/>
</kw>
<kw name="Create List" owner="BuiltIn">
<msg time="2024-07-13T07:13:50.899123" level="INFO">${expected_keys} = ['gender', 'name', 'location', 'email', 'login']</msg>
<var>${expected_keys}</var>
<arg>gender</arg>
<arg>name</arg>
<arg>location</arg>
<arg>email</arg>
<arg>login</arg>
<doc>Returns a list containing given items.</doc>
<status status="PASS" start="2024-07-13T07:13:50.898816" elapsed="0.000333"/>
</kw>
<for flavor="IN">
<iter>
<kw name="Dictionary Should Contain Key" owner="Collections">
<arg>${json_data['results'][0]}</arg>
<arg>${key}</arg>
<doc>Fails if ``key`` is not found from ``dictionary``.</doc>
<status status="PASS" start="2024-07-13T07:13:50.899743" elapsed="0.000398"/>
</kw>
<kw name="Log" owner="BuiltIn">
<msg time="2024-07-13T07:13:50.900699" level="INFO">{'gender': 'female', 'name': {'title': 'Mrs', 'first': 'Vildan', 'last': 'Balcı'}, 'location': {'street': {'number': 5277, 'name': 'Atatürk Sk'}, 'city': 'Bursa', 'state': 'Bursa', 'country': 'Turkey', 'postcode': 52575, 'coordinates': {'latitude': '71.8285', 'longitude': '169.1490'}, 'timezone': {'offset': '+5:45', 'description': 'Kathmandu'}}, 'email': 'vildan.balci@example.com', 'login': {'uuid': 'e37b8033-77ea-48f6-9bca-0143d26f53f9', 'username': 'redbear202', 'password': 'sharp', 'salt': 'E5QG9AxT', 'md5': '81a77d5ff05f4336833c2b84a786e3ef', 'sha1': 'e64106226b343ae8d17cd7683e07f5b6549686d9', 'sha256': '41812285fba10aa5fbbebc29a90378dc338e12071b98b88fb270dd6c6ec189fd'}, 'dob': {'date': '1958-12-06T01:31:12.651Z', 'age': 65}, 'registered': {'date': '2006-07-30T23:20:24.470Z', 'age': 17}, 'phone': '(149)-329-5415', 'cell': '(904)-857-8992', 'id': {'name': '', 'value': None}, 'picture': {'large': 'https://randomuser.me/api/portraits/women/81.jpg', 'medium': 'https://randomuser.me/api/portraits/med/women/81.jpg', 'thumbnail': 'https://randomuser.me/api/portraits/thumb/women/81.jpg'}, 'nat': 'TR'}</msg>
<arg>${json_data['results'][0]}</arg>
<doc>Logs the given message with the given level.</doc>
<status status="PASS" start="2024-07-13T07:13:50.900330" elapsed="0.000424"/>
</kw>
<kw name="Log" owner="BuiltIn">
<msg time="2024-07-13T07:13:50.901195" level="INFO">gender</msg>
<arg>${key}</arg>
<doc>Logs the given message with the given level.</doc>
<status status="PASS" start="2024-07-13T07:13:50.901059" elapsed="0.000175"/>
</kw>
<var name="${key}">gender</var>
<status status="PASS" start="2024-07-13T07:13:50.899615" elapsed="0.001858"/>
</iter>
<iter>
<kw name="Dictionary Should Contain Key" owner="Collections">
<arg>${json_data['results'][0]}</arg>
<arg>${key}</arg>
<doc>Fails if ``key`` is not found from ``dictionary``.</doc>
<status status="PASS" start="2024-07-13T07:13:50.901775" elapsed="0.000390"/>
</kw>
<kw name="Log" owner="BuiltIn">
<msg time="2024-07-13T07:13:50.902712" level="INFO">{'gender': 'female', 'name': {'title': 'Mrs', 'first': 'Vildan', 'last': 'Balcı'}, 'location': {'street': {'number': 5277, 'name': 'Atatürk Sk'}, 'city': 'Bursa', 'state': 'Bursa', 'country': 'Turkey', 'postcode': 52575, 'coordinates': {'latitude': '71.8285', 'longitude': '169.1490'}, 'timezone': {'offset': '+5:45', 'description': 'Kathmandu'}}, 'email': 'vildan.balci@example.com', 'login': {'uuid': 'e37b8033-77ea-48f6-9bca-0143d26f53f9', 'username': 'redbear202', 'password': 'sharp', 'salt': 'E5QG9AxT', 'md5': '81a77d5ff05f4336833c2b84a786e3ef', 'sha1': 'e64106226b343ae8d17cd7683e07f5b6549686d9', 'sha256': '41812285fba10aa5fbbebc29a90378dc338e12071b98b88fb270dd6c6ec189fd'}, 'dob': {'date': '1958-12-06T01:31:12.651Z', 'age': 65}, 'registered': {'date': '2006-07-30T23:20:24.470Z', 'age': 17}, 'phone': '(149)-329-5415', 'cell': '(904)-857-8992', 'id': {'name': '', 'value': None}, 'picture': {'large': 'https://randomuser.me/api/portraits/women/81.jpg', 'medium': 'https://randomuser.me/api/portraits/med/women/81.jpg', 'thumbnail': 'https://randomuser.me/api/portraits/thumb/women/81.jpg'}, 'nat': 'TR'}</msg>
<arg>${json_data['results'][0]}</arg>
<doc>Logs the given message with the given level.</doc>
<status status="PASS" start="2024-07-13T07:13:50.902354" elapsed="0.000444"/>
</kw>
<kw name="Log" owner="BuiltIn">
<msg time="2024-07-13T07:13:50.903234" level="INFO">name</msg>
<arg>${key}</arg>
<doc>Logs the given message with the given level.</doc>
<status status="PASS" start="2024-07-13T07:13:50.903106" elapsed="0.000166"/>
</kw>
<var name="${key}">name</var>
<status status="PASS" start="2024-07-13T07:13:50.901664" elapsed="0.001826"/>
</iter>
<iter>
<kw name="Dictionary Should Contain Key" owner="Collections">
<arg>${json_data['results'][0]}</arg>
<arg>${key}</arg>
<doc>Fails if ``key`` is not found from ``dictionary``.</doc>
<status status="PASS" start="2024-07-13T07:13:50.903776" elapsed="0.000377"/>
</kw>
<kw name="Log" owner="BuiltIn">
<msg time="2024-07-13T07:13:50.904688" level="INFO">{'gender': 'female', 'name': {'title': 'Mrs', 'first': 'Vildan', 'last': 'Balcı'}, 'location': {'street': {'number': 5277, 'name': 'Atatürk Sk'}, 'city': 'Bursa', 'state': 'Bursa', 'country': 'Turkey', 'postcode': 52575, 'coordinates': {'latitude': '71.8285', 'longitude': '169.1490'}, 'timezone': {'offset': '+5:45', 'description': 'Kathmandu'}}, 'email': 'vildan.balci@example.com', 'login': {'uuid': 'e37b8033-77ea-48f6-9bca-0143d26f53f9', 'username': 'redbear202', 'password': 'sharp', 'salt': 'E5QG9AxT', 'md5': '81a77d5ff05f4336833c2b84a786e3ef', 'sha1': 'e64106226b343ae8d17cd7683e07f5b6549686d9', 'sha256': '41812285fba10aa5fbbebc29a90378dc338e12071b98b88fb270dd6c6ec189fd'}, 'dob': {'date': '1958-12-06T01:31:12.651Z', 'age': 65}, 'registered': {'date': '2006-07-30T23:20:24.470Z', 'age': 17}, 'phone': '(149)-329-5415', 'cell': '(904)-857-8992', 'id': {'name': '', 'value': None}, 'picture': {'large': 'https://randomuser.me/api/portraits/women/81.jpg', 'medium': 'https://randomuser.me/api/portraits/med/women/81.jpg', 'thumbnail': 'https://randomuser.me/api/portraits/thumb/women/81.jpg'}, 'nat': 'TR'}</msg>
<arg>${json_data['results'][0]}</arg>
<doc>Logs the given message with the given level.</doc>
<status status="PASS" start="2024-07-13T07:13:50.904336" elapsed="0.000403"/>
</kw>
<kw name="Log" owner="BuiltIn">
<msg time="2024-07-13T07:13:50.905168" level="INFO">location</msg>
<arg>${key}</arg>
<doc>Logs the given message with the given level.</doc>
<status status="PASS" start="2024-07-13T07:13:50.905039" elapsed="0.000167"/>
</kw>
<var name="${key}">location</var>
<status status="PASS" start="2024-07-13T07:13:50.903668" elapsed="0.001778"/>
</iter>
<iter>
<kw name="Dictionary Should Contain Key" owner="Collections">
<arg>${json_data['results'][0]}</arg>
<arg>${key}</arg>
<doc>Fails if ``key`` is not found from ``dictionary``.</doc>
<status status="PASS" start="2024-07-13T07:13:50.905744" elapsed="0.000392"/>
</kw>
<kw name="Log" owner="BuiltIn">
<msg time="2024-07-13T07:13:50.906681" level="INFO">{'gender': 'female', 'name': {'title': 'Mrs', 'first': 'Vildan', 'last': 'Balcı'}, 'location': {'street': {'number': 5277, 'name': 'Atatürk Sk'}, 'city': 'Bursa', 'state': 'Bursa', 'country': 'Turkey', 'postcode': 52575, 'coordinates': {'latitude': '71.8285', 'longitude': '169.1490'}, 'timezone': {'offset': '+5:45', 'description': 'Kathmandu'}}, 'email': 'vildan.balci@example.com', 'login': {'uuid': 'e37b8033-77ea-48f6-9bca-0143d26f53f9', 'username': 'redbear202', 'password': 'sharp', 'salt': 'E5QG9AxT', 'md5': '81a77d5ff05f4336833c2b84a786e3ef', 'sha1': 'e64106226b343ae8d17cd7683e07f5b6549686d9', 'sha256': '41812285fba10aa5fbbebc29a90378dc338e12071b98b88fb270dd6c6ec189fd'}, 'dob': {'date': '1958-12-06T01:31:12.651Z', 'age': 65}, 'registered': {'date': '2006-07-30T23:20:24.470Z', 'age': 17}, 'phone': '(149)-329-5415', 'cell': '(904)-857-8992', 'id': {'name': '', 'value': None}, 'picture': {'large': 'https://randomuser.me/api/portraits/women/81.jpg', 'medium': 'https://randomuser.me/api/portraits/med/women/81.jpg', 'thumbnail': 'https://randomuser.me/api/portraits/thumb/women/81.jpg'}, 'nat': 'TR'}</msg>
<arg>${json_data['results'][0]}</arg>
<doc>Logs the given message with the given level.</doc>
<status status="PASS" start="2024-07-13T07:13:50.906327" elapsed="0.000406"/>
</kw>
<kw name="Log" owner="BuiltIn">
<msg time="2024-07-13T07:13:50.907165" level="INFO">email</msg>
<arg>${key}</arg>
<doc>Logs the given message with the given level.</doc>
<status status="PASS" start="2024-07-13T07:13:50.907036" elapsed="0.000168"/>
</kw>
<var name="${key}">email</var>
<status status="PASS" start="2024-07-13T07:13:50.905635" elapsed="0.001786"/>
</iter>
<iter>
<kw name="Dictionary Should Contain Key" owner="Collections">
<arg>${json_data['results'][0]}</arg>
<arg>${key}</arg>
<doc>Fails if ``key`` is not found from ``dictionary``.</doc>
<status status="PASS" start="2024-07-13T07:13:50.907708" elapsed="0.000387"/>
</kw>
<kw name="Log" owner="BuiltIn">
<msg time="2024-07-13T07:13:50.908629" level="INFO">{'gender': 'female', 'name': {'title': 'Mrs', 'first': 'Vildan', 'last': 'Balcı'}, 'location': {'street': {'number': 5277, 'name': 'Atatürk Sk'}, 'city': 'Bursa', 'state': 'Bursa', 'country': 'Turkey', 'postcode': 52575, 'coordinates': {'latitude': '71.8285', 'longitude': '169.1490'}, 'timezone': {'offset': '+5:45', 'description': 'Kathmandu'}}, 'email': 'vildan.balci@example.com', 'login': {'uuid': 'e37b8033-77ea-48f6-9bca-0143d26f53f9', 'username': 'redbear202', 'password': 'sharp', 'salt': 'E5QG9AxT', 'md5': '81a77d5ff05f4336833c2b84a786e3ef', 'sha1': 'e64106226b343ae8d17cd7683e07f5b6549686d9', 'sha256': '41812285fba10aa5fbbebc29a90378dc338e12071b98b88fb270dd6c6ec189fd'}, 'dob': {'date': '1958-12-06T01:31:12.651Z', 'age': 65}, 'registered': {'date': '2006-07-30T23:20:24.470Z', 'age': 17}, 'phone': '(149)-329-5415', 'cell': '(904)-857-8992', 'id': {'name': '', 'value': None}, 'picture': {'large': 'https://randomuser.me/api/portraits/women/81.jpg', 'medium': 'https://randomuser.me/api/portraits/med/women/81.jpg', 'thumbnail': 'https://randomuser.me/api/portraits/thumb/women/81.jpg'}, 'nat': 'TR'}</msg>
<arg>${json_data['results'][0]}</arg>
<doc>Logs the given message with the given level.</doc>
<status status="PASS" start="2024-07-13T07:13:50.908277" elapsed="0.000405"/>
</kw>
<kw name="Log" owner="BuiltIn">
<msg time="2024-07-13T07:13:50.909104" level="INFO">login</msg>
<arg>${key}</arg>
<doc>Logs the given message with the given level.</doc>
<status status="PASS" start="2024-07-13T07:13:50.908981" elapsed="0.000159"/>
</kw>
<var name="${key}">login</var>
<status status="PASS" start="2024-07-13T07:13:50.907594" elapsed="0.001761"/>
</iter>
<var>${key}</var>
<value>@{expected_keys}</value>
<status status="PASS" start="2024-07-13T07:13:50.899419" elapsed="0.010081"/>
</for>
<kw name="Create List" owner="BuiltIn">
<msg time="2024-07-13T07:13:50.909828" level="INFO">${expected_keysTwo} = ['username', 'password']</msg>
<var>${expected_keysTwo}</var>
<arg>username</arg>
<arg>password</arg>
<doc>Returns a list containing given items.</doc>
<status status="PASS" start="2024-07-13T07:13:50.909690" elapsed="0.000161"/>
</kw>
<for flavor="IN">
<iter>
<kw name="Dictionary Should Contain Key" owner="Collections">
<arg>${json_data['results'][0]['login']}</arg>
<arg>${keyTwo}</arg>
<doc>Fails if ``key`` is not found from ``dictionary``.</doc>
<status status="PASS" start="2024-07-13T07:13:50.910371" elapsed="0.000386"/>
</kw>
<kw name="Dictionary Should Contain Key" owner="Collections">
<arg>${json_data['results'][0]['login']}</arg>
<arg>${keyTwo}</arg>
<doc>Fails if ``key`` is not found from ``dictionary``.</doc>
<status status="PASS" start="2024-07-13T07:13:50.910939" elapsed="0.000386"/>
</kw>
<kw name="Log" owner="BuiltIn">
<msg time="2024-07-13T07:13:50.911627" level="INFO">username</msg>
<arg>${keyTwo}</arg>
<doc>Logs the given message with the given level.</doc>
<status status="PASS" start="2024-07-13T07:13:50.911508" elapsed="0.000158"/>
</kw>
<var name="${keyTwo}">username</var>
<status status="PASS" start="2024-07-13T07:13:50.910265" elapsed="0.001618"/>
</iter>
<iter>
<kw name="Dictionary Should Contain Key" owner="Collections">
<arg>${json_data['results'][0]['login']}</arg>
<arg>${keyTwo}</arg>
<doc>Fails if ``key`` is not found from ``dictionary``.</doc>
<status status="PASS" start="2024-07-13T07:13:50.912158" elapsed="0.000382"/>
</kw>
<kw name="Dictionary Should Contain Key" owner="Collections">
<arg>${json_data['results'][0]['login']}</arg>
<arg>${keyTwo}</arg>
<doc>Fails if ``key`` is not found from ``dictionary``.</doc>
<status status="PASS" start="2024-07-13T07:13:50.912717" elapsed="0.000363"/>
</kw>
<kw name="Log" owner="BuiltIn">
<msg time="2024-07-13T07:13:50.913371" level="INFO">password</msg>
<arg>${keyTwo}</arg>
<doc>Logs the given message with the given level.</doc>
<status status="PASS" start="2024-07-13T07:13:50.913256" elapsed="0.000157"/>
</kw>
<var name="${keyTwo}">password</var>
<status status="PASS" start="2024-07-13T07:13:50.912053" elapsed="0.001710"/>
</iter>
<var>${keyTwo}</var>
<value>@{expected_keysTwo}</value>
<status status="PASS" start="2024-07-13T07:13:50.910111" elapsed="0.003773"/>
</for>
<status status="PASS" start="2024-07-13T07:13:50.798226" elapsed="0.115799"/>
</kw>
<doc>Testa a estrutura da resposta da API.</doc>
<tag>testeEstruturaResposta</tag>
<status status="PASS" start="2024-07-13T07:13:50.797714" elapsed="0.116465"/>
</test>
<test id="s1-s1-t4" name="Validar tipos de dados" line="28">
<kw name="Teste de Tipos de Dados" owner="random-user-service">
<kw name="GET On Session" owner="RequestsLibrary">
<msg time="2024-07-13T07:13:50.991365" level="INFO">GET Request : url=https://randomuser.me/api 
 path_url=/api 
 headers={'User-Agent': 'python-requests/2.32.3', 'Accept-Encoding': 'gzip, deflate', 'Accept': '*/*', 'Connection': 'keep-alive'} 
 body=None 
 </msg>
<msg time="2024-07-13T07:13:50.991459" level="INFO">GET Response : url=https://randomuser.me/api 
 status=200, reason=OK 
 headers={'Date': 'Sat, 13 Jul 2024 07:13:50 GMT', 'Content-Type': 'application/json; charset=utf-8', 'Transfer-Encoding': 'chunked', 'Connection': 'keep-alive', 'X-Powered-By': 'Express', 'Access-Control-Allow-Origin': '*', 'Cache-Control': 'no-cache', 'ETag': 'W/"49c-K1VZ7QxxA6wG9MYAdPU6M/GyU/s"', 'Vary': 'Accept-Encoding', 'Content-Encoding': 'gzip', 'CF-Cache-Status': 'DYNAMIC', 'Report-To': '{"endpoints":[{"url":"https:\\/\\/a.nel.cloudflare.com\\/report\\/v4?s=1WreKBZSrxOgVg4KLJZ8%2Fanb5a3OTtmC1Dm6GHS%2Bl6wQkiqYBhakMksZqG4j6dfodG8DmacvI%2BjjaCm9iig1NdRZiZacJhS0HHUIbtg6nX6ECGVU3Q9%2F0tWRgIGZhQ47"}],"group":"cf-nel","max_age":604800}', 'NEL': '{"success_fraction":0,"report_to":"cf-nel","max_age":604800}', 'Server': 'cloudflare', 'CF-RAY': '8a2779053d540774-IAD', 'alt-svc': 'h3=":443"; ma=86400'} 
 body={"results":[{"gender":"male","name":{"title":"Mr","first":"Leonel","last":"Gamboa"},"location":{"street":{"number":5678,"name":"Continuación Mares"},"city":"Las Esperanzas (El Ranchito)","state":"Hidalgo","country":"Mexico","postcode":39151,"coordinates":{"latitude":"29.9819","longitude":"-169.7208"},"timezone":{"offset":"-11:00","description":"Midway Island, Samoa"}},"email":"leonel.gamboa@example.com","login":{"uuid":"95097765-a0c6-48c0-b630-83436e8689fc","username":"bluebear566","password":"grass","salt":"NaVyIWao","md5":"1dbce5d2dcfb5e27bb6c664b8ec268d0","sha1":"4800e4d30cd041f476408261df27b8582eecfecb","sha256":"bc1a7df6cc791ae74292bcd3a43fd0d4608ede134c7096e273357a2b502562d0"},"dob":{"date":"1955-04-20T15:33:03.306Z","age":69},"registered":{"date":"2008-05-10T00:10:56.185Z","age":16},"phone":"(639) 545 6978","cell":"(683) 586 9512","id":{"name":"NSS","value":"63 66 97 1225 9"},"picture":{"large":"https://randomuser.me/api/portraits/men/24.jpg","medium":"https://randomuser.me/api/portraits/med/men/24.jpg","thumbnail":"https://randomuser.me/api/portraits/thumb/men/24.jpg"},"nat":"MX"}],"info":{"seed":"bff1e9ef36005601","results":1,"page":1,"version":"1.4"}} 
 </msg>
<msg time="2024-07-13T07:13:50.991530" level="INFO">/opt/hostedtoolcache/Python/3.12.4/x64/lib/python3.12/site-packages/urllib3/connectionpool.py:1099: InsecureRequestWarning: Unverified HTTPS request is being made to host 'randomuser.me'. Adding certificate verification is strongly advised. See: https://urllib3.readthedocs.io/en/latest/advanced-usage.html#tls-warnings
  warnings.warn(</msg>
<msg time="2024-07-13T07:13:50.991648" level="INFO">${response} = &lt;Response [200]&gt;</msg>
<var>${response}</var>
<arg>consultarAPI</arg>
<arg>/api</arg>
<doc>Sends a GET request on a previously created HTTP Session.</doc>
<status status="PASS" start="2024-07-13T07:13:50.916600" elapsed="0.075075"/>
</kw>
<kw name="Set Variable" owner="BuiltIn">
<msg time="2024-07-13T07:13:50.992726" level="INFO">${json_data} = {'results': [{'gender': 'male', 'name': {'title': 'Mr', 'first': 'Leonel', 'last': 'Gamboa'}, 'location': {'street': {'number': 5678, 'name': 'Continuación Mares'}, 'city': 'Las Esperanzas (El Ranchit...</msg>
<var>${json_data}</var>
<arg>${response.json()}</arg>
<doc>Returns the given values which can then be assigned to a variables.</doc>
<status status="PASS" start="2024-07-13T07:13:50.992201" elapsed="0.000555"/>
</kw>
<kw name="Log" owner="BuiltIn">
<msg time="2024-07-13T07:13:50.993226" level="INFO">{'results': [{'gender': 'male', 'name': {'title': 'Mr', 'first': 'Leonel', 'last': 'Gamboa'}, 'location': {'street': {'number': 5678, 'name': 'Continuación Mares'}, 'city': 'Las Esperanzas (El Ranchito)', 'state': 'Hidalgo', 'country': 'Mexico', 'postcode': 39151, 'coordinates': {'latitude': '29.9819', 'longitude': '-169.7208'}, 'timezone': {'offset': '-11:00', 'description': 'Midway Island, Samoa'}}, 'email': 'leonel.gamboa@example.com', 'login': {'uuid': '95097765-a0c6-48c0-b630-83436e8689fc', 'username': 'bluebear566', 'password': 'grass', 'salt': 'NaVyIWao', 'md5': '1dbce5d2dcfb5e27bb6c664b8ec268d0', 'sha1': '4800e4d30cd041f476408261df27b8582eecfecb', 'sha256': 'bc1a7df6cc791ae74292bcd3a43fd0d4608ede134c7096e273357a2b502562d0'}, 'dob': {'date': '1955-04-20T15:33:03.306Z', 'age': 69}, 'registered': {'date': '2008-05-10T00:10:56.185Z', 'age': 16}, 'phone': '(639) 545 6978', 'cell': '(683) 586 9512', 'id': {'name': 'NSS', 'value': '63 66 97 1225 9'}, 'picture': {'large': 'https://randomuser.me/api/portraits/men/24.jpg', 'medium': 'https://randomuser.me/api/portraits/med/men/24.jpg', 'thumbnail': 'https://randomuser.me/api/portraits/thumb/men/24.jpg'}, 'nat': 'MX'}], 'info': {'seed': 'bff1e9ef36005601', 'results': 1, 'page': 1, 'version': '1.4'}}</msg>
<arg>${json_data}</arg>
<doc>Logs the given message with the given level.</doc>
<status status="PASS" start="2024-07-13T07:13:50.993070" elapsed="0.000209"/>
</kw>
<kw name="Should Be String" owner="String">
<arg>${json_data['results'][0]['gender']}</arg>
<doc>Fails if the given ``item`` is not a string.</doc>
<status status="PASS" start="2024-07-13T07:13:50.993625" elapsed="0.000376"/>
</kw>
<kw name="Should Match Regexp" owner="BuiltIn">
<arg>${json_data['results'][0]['email']}</arg>
<arg>^[a-zA-Z0-9._%+-]+@[a-zA-Z0-9.-]+\.[a-zA-Z]{2,}$</arg>
<doc>Fails if ``string`` does not match ``pattern`` as a regular expression.</doc>
<status status="PASS" start="2024-07-13T07:13:50.994196" elapsed="0.000511"/>
</kw>
<kw name="Should Match Regexp" owner="BuiltIn">
<arg>${json_data['results'][0]['dob']['date']}</arg>
<arg>\\d{4}-\\d{2}-\\d{2}T\\d{2}:\\d{2}:\\d{2}\\.\\d{3}Z</arg>
<doc>Fails if ``string`` does not match ``pattern`` as a regular expression.</doc>
<status status="PASS" start="2024-07-13T07:13:50.994946" elapsed="0.000487"/>
</kw>
<kw name="Should Match Regexp" owner="BuiltIn">
<arg>${json_data['results'][0]['registered']['date']}</arg>
<arg>\\d{4}-\\d{2}-\\d{2}T\\d{2}:\\d{2}:\\d{2}\\.\\d{3}Z</arg>
<doc>Fails if ``string`` does not match ``pattern`` as a regular expression.</doc>
<status status="PASS" start="2024-07-13T07:13:50.995625" elapsed="0.000366"/>
</kw>
<kw name="Should Match Regexp" owner="BuiltIn">
<arg>${json_data['results'][0]['picture']['large']}</arg>
<arg>^https?://.*\.(?:png|jpe?g|gif|bmp)$</arg>
<doc>Fails if ``string`` does not match ``pattern`` as a regular expression.</doc>
<status status="PASS" start="2024-07-13T07:13:50.996176" elapsed="0.000461"/>
</kw>
<kw name="Should Match Regexp" owner="BuiltIn">
<arg>${json_data['results'][0]['picture']['medium']}</arg>
<arg>^https?://.*\.(?:png|jpe?g|gif|bmp)$</arg>
<doc>Fails if ``string`` does not match ``pattern`` as a regular expression.</doc>
<status status="PASS" start="2024-07-13T07:13:50.996824" elapsed="0.000355"/>
</kw>
<kw name="Should Match Regexp" owner="BuiltIn">
<arg>${json_data['results'][0]['picture']['thumbnail']}</arg>
<arg>^https?://.*\.(?:png|jpe?g|gif|bmp)$</arg>
<doc>Fails if ``string`` does not match ``pattern`` as a regular expression.</doc>
<status status="PASS" start="2024-07-13T07:13:50.997362" elapsed="0.000380"/>
</kw>
<kw name="Log" owner="BuiltIn">
<msg time="2024-07-13T07:13:50.998269" level="INFO">{'large': 'https://randomuser.me/api/portraits/men/24.jpg', 'medium': 'https://randomuser.me/api/portraits/med/men/24.jpg', 'thumbnail': 'https://randomuser.me/api/portraits/thumb/men/24.jpg'}</msg>
<arg>${json_data['results'][0]['picture']}</arg>
<doc>Logs the given message with the given level.</doc>
<status status="PASS" start="2024-07-13T07:13:50.997934" elapsed="0.000379"/>
</kw>
<status status="PASS" start="2024-07-13T07:13:50.916380" elapsed="0.082198"/>
</kw>
<kw name="Teste de Tipos de Dados - Postcode" owner="random-user-service">
<kw name="GET On Session" owner="RequestsLibrary">
<msg time="2024-07-13T07:13:51.109620" level="INFO">GET Request : url=https://randomuser.me/api 
 path_url=/api 
 headers={'User-Agent': 'python-requests/2.32.3', 'Accept-Encoding': 'gzip, deflate', 'Accept': '*/*', 'Connection': 'keep-alive'} 
 body=None 
 </msg>
<msg time="2024-07-13T07:13:51.109716" level="INFO">GET Response : url=https://randomuser.me/api 
 status=200, reason=OK 
 headers={'Date': 'Sat, 13 Jul 2024 07:13:51 GMT', 'Content-Type': 'application/json; charset=utf-8', 'Transfer-Encoding': 'chunked', 'Connection': 'keep-alive', 'X-Powered-By': 'Express', 'Access-Control-Allow-Origin': '*', 'Cache-Control': 'no-cache', 'ETag': 'W/"481-OfzMKhE5S4g3rjjBKQvsPQk4wq8"', 'Vary': 'Accept-Encoding', 'Content-Encoding': 'gzip', 'CF-Cache-Status': 'DYNAMIC', 'Report-To': '{"endpoints":[{"url":"https:\\/\\/a.nel.cloudflare.com\\/report\\/v4?s=aRPCu2jlqAyZPi9QAqDNBrYku81qAmLyZbrBLLuYTsnNuEwbs9ZwWmzY9Zq2dIP1EMoVRhUW0TFDYLg2cu6Qj7jTchAw0QQuX86orucLEGDvnCfoKcm%2FAUU4Biq9QdCJ"}],"group":"cf-nel","max_age":604800}', 'NEL': '{"success_fraction":0,"report_to":"cf-nel","max_age":604800}', 'Server': 'cloudflare', 'CF-RAY': '8a277905cdbc0774-IAD', 'alt-svc': 'h3=":443"; ma=86400'} 
 body={"results":[{"gender":"male","name":{"title":"Mr","first":"Théo","last":"Jean"},"location":{"street":{"number":5799,"name":"Route de Genas"},"city":"Vitry-sur-Seine","state":"Ille-et-Vilaine","country":"France","postcode":10163,"coordinates":{"latitude":"-17.6160","longitude":"-94.8953"},"timezone":{"offset":"+4:30","description":"Kabul"}},"email":"theo.jean@example.com","login":{"uuid":"e7a95f70-7ee1-4527-97ce-84b2afcc6969","username":"silvertiger598","password":"iguana","salt":"B35guiBu","md5":"48da853988052e761b2a33ab1287d2a3","sha1":"48853b447c8eb61b949491327af840fef10204fe","sha256":"72988087c63215d284a27287663ed3dd4eb647e473d16e3be122cb0cdc3bf2cb"},"dob":{"date":"1961-05-26T14:28:11.005Z","age":63},"registered":{"date":"2016-06-30T08:03:22.466Z","age":8},"phone":"04-97-74-54-50","cell":"06-92-01-49-69","id":{"name":"INSEE","value":"1610484078450 18"},"picture":{"large":"https://randomuser.me/api/portraits/men/17.jpg","medium":"https://randomuser.me/api/portraits/med/men/17.jpg","thumbnail":"https://randomuser.me/api/portraits/thumb/men/17.jpg"},"nat":"FR"}],"info":{"seed":"e9a676d1ee9277bb","results":1,"page":1,"version":"1.4"}} 
 </msg>
<msg time="2024-07-13T07:13:51.109787" level="INFO">/opt/hostedtoolcache/Python/3.12.4/x64/lib/python3.12/site-packages/urllib3/connectionpool.py:1099: InsecureRequestWarning: Unverified HTTPS request is being made to host 'randomuser.me'. Adding certificate verification is strongly advised. See: https://urllib3.readthedocs.io/en/latest/advanced-usage.html#tls-warnings
  warnings.warn(</msg>
<msg time="2024-07-13T07:13:51.109902" level="INFO">${response} = &lt;Response [200]&gt;</msg>
<var>${response}</var>
<arg>consultarAPI</arg>
<arg>/api</arg>
<doc>Sends a GET request on a previously created HTTP Session.</doc>
<status status="PASS" start="2024-07-13T07:13:50.999045" elapsed="0.110886"/>
</kw>
<kw name="Set Variable" owner="BuiltIn">
<msg time="2024-07-13T07:13:51.110966" level="INFO">${json_data} = {'results': [{'gender': 'male', 'name': {'title': 'Mr', 'first': 'Théo', 'last': 'Jean'}, 'location': {'street': {'number': 5799, 'name': 'Route de Genas'}, 'city': 'Vitry-sur-Seine', 'state': 'Ille-e...</msg>
<var>${json_data}</var>
<arg>${response.json()}</arg>
<doc>Returns the given values which can then be assigned to a variables.</doc>
<status status="PASS" start="2024-07-13T07:13:51.110462" elapsed="0.000534"/>
</kw>
<kw name="Log" owner="BuiltIn">
<msg time="2024-07-13T07:13:51.111461" level="INFO">{'results': [{'gender': 'male', 'name': {'title': 'Mr', 'first': 'Théo', 'last': 'Jean'}, 'location': {'street': {'number': 5799, 'name': 'Route de Genas'}, 'city': 'Vitry-sur-Seine', 'state': 'Ille-et-Vilaine', 'country': 'France', 'postcode': 10163, 'coordinates': {'latitude': '-17.6160', 'longitude': '-94.8953'}, 'timezone': {'offset': '+4:30', 'description': 'Kabul'}}, 'email': 'theo.jean@example.com', 'login': {'uuid': 'e7a95f70-7ee1-4527-97ce-84b2afcc6969', 'username': 'silvertiger598', 'password': 'iguana', 'salt': 'B35guiBu', 'md5': '48da853988052e761b2a33ab1287d2a3', 'sha1': '48853b447c8eb61b949491327af840fef10204fe', 'sha256': '72988087c63215d284a27287663ed3dd4eb647e473d16e3be122cb0cdc3bf2cb'}, 'dob': {'date': '1961-05-26T14:28:11.005Z', 'age': 63}, 'registered': {'date': '2016-06-30T08:03:22.466Z', 'age': 8}, 'phone': '04-97-74-54-50', 'cell': '06-92-01-49-69', 'id': {'name': 'INSEE', 'value': '1610484078450 18'}, 'picture': {'large': 'https://randomuser.me/api/portraits/men/17.jpg', 'medium': 'https://randomuser.me/api/portraits/med/men/17.jpg', 'thumbnail': 'https://randomuser.me/api/portraits/thumb/men/17.jpg'}, 'nat': 'FR'}], 'info': {'seed': 'e9a676d1ee9277bb', 'results': 1, 'page': 1, 'version': '1.4'}}</msg>
<arg>${json_data}</arg>
<doc>Logs the given message with the given level.</doc>
<status status="PASS" start="2024-07-13T07:13:51.111301" elapsed="0.000209"/>
</kw>
<kw name="Should Be Equal As Numbers" owner="BuiltIn">
<arg>${json_data['results'][0]['location']['postcode']}</arg>
<arg>${json_data['results'][0]['location']['postcode']}</arg>
<doc>Fails if objects are unequal after converting them to real numbers.</doc>
<status status="PASS" start="2024-07-13T07:13:51.111805" elapsed="0.000617"/>
</kw>
<kw name="Log" owner="BuiltIn">
<msg time="2024-07-13T07:13:51.113127" level="INFO">10163</msg>
<arg>${json_data['results'][0]['location']['postcode']}</arg>
<doc>Logs the given message with the given level.</doc>
<status status="PASS" start="2024-07-13T07:13:51.112609" elapsed="0.000559"/>
</kw>
<status status="PASS" start="2024-07-13T07:13:50.998811" elapsed="0.114647"/>
</kw>
<doc>Testa se os tipos de dados na resposta da API estão corretos.</doc>
<tag>testeTiposDados</tag>
<status status="PASS" start="2024-07-13T07:13:50.915925" elapsed="0.197752"/>
</test>
<test id="s1-s1-t5" name="Validar conteudo" line="35">
<kw name="Teste de Tipos de Conteudo" owner="random-user-service">
<kw name="GET On Session" owner="RequestsLibrary">
<msg time="2024-07-13T07:13:51.191190" level="INFO">GET Request : url=https://randomuser.me/api 
 path_url=/api 
 headers={'User-Agent': 'python-requests/2.32.3', 'Accept-Encoding': 'gzip, deflate', 'Accept': '*/*', 'Connection': 'keep-alive'} 
 body=None 
 </msg>
<msg time="2024-07-13T07:13:51.191283" level="INFO">GET Response : url=https://randomuser.me/api 
 status=200, reason=OK 
 headers={'Date': 'Sat, 13 Jul 2024 07:13:51 GMT', 'Content-Type': 'application/json; charset=utf-8', 'Transfer-Encoding': 'chunked', 'Connection': 'keep-alive', 'X-Powered-By': 'Express', 'Access-Control-Allow-Origin': '*', 'Cache-Control': 'no-cache', 'ETag': 'W/"48b-NuOWbqtdSTlyXI32vu+SsKZ8leM"', 'Vary': 'Accept-Encoding', 'Content-Encoding': 'gzip', 'CF-Cache-Status': 'DYNAMIC', 'Report-To': '{"endpoints":[{"url":"https:\\/\\/a.nel.cloudflare.com\\/report\\/v4?s=DdIrKVAAtXIAfJNDowKRz5nx1niaU9Pg4EPqXBbVb4bzBGF4N1SHsheza5P3dfLckTYGFBFCs7tC4lPYVQCDDiuSrxyr5GimCenvGmGc5qxR%2FppPVcYeXloz177n42l2"}],"group":"cf-nel","max_age":604800}', 'NEL': '{"success_fraction":0,"report_to":"cf-nel","max_age":604800}', 'Server': 'cloudflare', 'CF-RAY': '8a2779067e450774-IAD', 'alt-svc': 'h3=":443"; ma=86400'} 
 body={"results":[{"gender":"male","name":{"title":"Mr","first":"Miloš","last":"Ognjanović"},"location":{"street":{"number":833,"name":"Komoranska"},"city":"Sokobanja","state":"Moravica","country":"Serbia","postcode":87399,"coordinates":{"latitude":"60.6707","longitude":"-139.8190"},"timezone":{"offset":"-3:00","description":"Brazil, Buenos Aires, Georgetown"}},"email":"milos.ognjanovic@example.com","login":{"uuid":"77516c5d-2c64-4f2b-aab7-9cf7b4c3e596","username":"sadkoala660","password":"passpass","salt":"jWzt8jQ4","md5":"661c4740d5bede7830b5c34ce72d683b","sha1":"fbc359378fce2638143a994aa9fcd1b0b7cc0bb0","sha256":"f3edddfdebbd421b425051023ccfb8cf961c4b08088eccd59860e861811c8bfa"},"dob":{"date":"1989-12-16T15:26:09.830Z","age":34},"registered":{"date":"2022-01-05T03:20:17.204Z","age":2},"phone":"032-7293-536","cell":"061-7076-551","id":{"name":"SID","value":"987344843"},"picture":{"large":"https://randomuser.me/api/portraits/men/44.jpg","medium":"https://randomuser.me/api/portraits/med/men/44.jpg","thumbnail":"https://randomuser.me/api/portraits/thumb/men/44.jpg"},"nat":"RS"}],"info":{"seed":"c8b523fc51cf0d7a","results":1,"page":1,"version":"1.4"}} 
 </msg>
<msg time="2024-07-13T07:13:51.191352" level="INFO">/opt/hostedtoolcache/Python/3.12.4/x64/lib/python3.12/site-packages/urllib3/connectionpool.py:1099: InsecureRequestWarning: Unverified HTTPS request is being made to host 'randomuser.me'. Adding certificate verification is strongly advised. See: https://urllib3.readthedocs.io/en/latest/advanced-usage.html#tls-warnings
  warnings.warn(</msg>
<msg time="2024-07-13T07:13:51.191459" level="INFO">${response} = &lt;Response [200]&gt;</msg>
<var>${response}</var>
<arg>consultarAPI</arg>
<arg>/api</arg>
<doc>Sends a GET request on a previously created HTTP Session.</doc>
<status status="PASS" start="2024-07-13T07:13:51.116443" elapsed="0.075048"/>
</kw>
<kw name="Set Variable" owner="BuiltIn">
<msg time="2024-07-13T07:13:51.192486" level="INFO">${json_data} = {'results': [{'gender': 'male', 'name': {'title': 'Mr', 'first': 'Miloš', 'last': 'Ognjanović'}, 'location': {'street': {'number': 833, 'name': 'Komoranska'}, 'city': 'Sokobanja', 'state': 'Moravica',...</msg>
<var>${json_data}</var>
<arg>${response.json()}</arg>
<doc>Returns the given values which can then be assigned to a variables.</doc>
<status status="PASS" start="2024-07-13T07:13:51.191968" elapsed="0.000548"/>
</kw>
<kw name="Set Variable" owner="BuiltIn">
<msg time="2024-07-13T07:13:51.193213" level="INFO">${name_title} = Mr</msg>
<var>${name_title}</var>
<arg>${json_data["results"][0]["name"]["title"]}</arg>
<doc>Returns the given values which can then be assigned to a variables.</doc>
<status status="PASS" start="2024-07-13T07:13:51.192825" elapsed="0.000414"/>
</kw>
<kw name="Create List" owner="BuiltIn">
<msg time="2024-07-13T07:13:51.193731" level="INFO">${allowed_titles} = ['Mr', 'Ms', 'Miss', 'Mrs', 'Madame', 'Monsieur']</msg>
<var>${allowed_titles}</var>
<arg>Mr</arg>
<arg>Ms</arg>
<arg>Miss</arg>
<arg>Mrs</arg>
<arg>Madame</arg>
<arg>Monsieur</arg>
<doc>Returns a list containing given items.</doc>
<status status="PASS" start="2024-07-13T07:13:51.193580" elapsed="0.000175"/>
</kw>
<kw name="List Should Contain Value" owner="Collections">
<arg>${allowed_titles}</arg>
<arg>${name_title}</arg>
<doc>Fails if the ``value`` is not found from ``list``.</doc>
<status status="PASS" start="2024-07-13T07:13:51.194053" elapsed="0.000181"/>
</kw>
<kw name="Set Variable" owner="BuiltIn">
<msg time="2024-07-13T07:13:51.194775" level="INFO">${name_country} = RS</msg>
<var>${name_country}</var>
<arg>${json_data["results"][0]["nat"]}</arg>
<doc>Returns the given values which can then be assigned to a variables.</doc>
<status status="PASS" start="2024-07-13T07:13:51.194413" elapsed="0.000387"/>
</kw>
<kw name="Create List" owner="BuiltIn">
<msg time="2024-07-13T07:13:51.195680" level="INFO">${list_country} = ['AD', 'AE', 'AF', 'AG', 'AI', 'AL', 'AM', 'AO', 'AQ', 'AR', 'AS', 'AT', 'AU', 'AW', 'AX', 'AZ', 'BA', 'BB', 'BD', 'BE', 'BF', 'BG', 'BH', 'BI', 'BJ', 'BL', 'BM', 'BN', 'BO', 'BQ', 'BR', 'BS', 'BT', '...</msg>
<var>${list_country}</var>
<arg>AD</arg>
<arg>AE</arg>
<arg>AF</arg>
<arg>AG</arg>
<arg>AI</arg>
<arg>AL</arg>
<arg>AM</arg>
<arg>AO</arg>
<arg>AQ</arg>
<arg>AR</arg>
<arg>AS</arg>
<arg>AT</arg>
<arg>AU</arg>
<arg>AW</arg>
<arg>AX</arg>
<arg>AZ</arg>
<arg>BA</arg>
<arg>BB</arg>
<arg>BD</arg>
<arg>BE</arg>
<arg>BF</arg>
<arg>BG</arg>
<arg>BH</arg>
<arg>BI</arg>
<arg>BJ</arg>
<arg>BL</arg>
<arg>BM</arg>
<arg>BN</arg>
<arg>BO</arg>
<arg>BQ</arg>
<arg>BR</arg>
<arg>BS</arg>
<arg>BT</arg>
<arg>BV</arg>
<arg>BW</arg>
<arg>BY</arg>
<arg>BZ</arg>
<arg>CA</arg>
<arg>CC</arg>
<arg>CD</arg>
<arg>CF</arg>
<arg>CG</arg>
<arg>CH</arg>
<arg>CI</arg>
<arg>CK</arg>
<arg>CL</arg>
<arg>CM</arg>
<arg>CN</arg>
<arg>CO</arg>
<arg>CR</arg>
<arg>CU</arg>
<arg>CV</arg>
<arg>CW</arg>
<arg>CX</arg>
<arg>CY</arg>
<arg>CZ</arg>
<arg>DE</arg>
<arg>DJ</arg>
<arg>DK</arg>
<arg>DM</arg>
<arg>DO</arg>
<arg>DZ</arg>
<arg>EC</arg>
<arg>EE</arg>
<arg>EG</arg>
<arg>EH</arg>
<arg>ER</arg>
<arg>ES</arg>
<arg>ET</arg>
<arg>FI</arg>
<arg>FJ</arg>
<arg>FK</arg>
<arg>FM</arg>
<arg>FO</arg>
<arg>FR</arg>
<arg>GA</arg>
<arg>GB</arg>
<arg>GD</arg>
<arg>GE</arg>
<arg>GF</arg>
<arg>GG</arg>
<arg>GH</arg>
<arg>GI</arg>
<arg>GL</arg>
<arg>GM</arg>
<arg>GN</arg>
<arg>GP</arg>
<arg>GQ</arg>
<arg>GR</arg>
<arg>GS</arg>
<arg>GT</arg>
<arg>GU</arg>
<arg>GW</arg>
<arg>GY</arg>
<arg>HK</arg>
<arg>HM</arg>
<arg>HN</arg>
<arg>HR</arg>
<arg>HT</arg>
<arg>HU</arg>
<arg>ID</arg>
<arg>IE</arg>
<arg>IL</arg>
<arg>IM</arg>
<arg>IN</arg>
<arg>IO</arg>
<arg>IQ</arg>
<arg>IR</arg>
<arg>IS</arg>
<arg>IT</arg>
<arg>JE</arg>
<arg>JM</arg>
<arg>JO</arg>
<arg>JP</arg>
<arg>KE</arg>
<arg>KG</arg>
<arg>KH</arg>
<arg>KI</arg>
<arg>KM</arg>
<arg>KN</arg>
<arg>KP</arg>
<arg>KR</arg>
<arg>KW</arg>
<arg>KY</arg>
<arg>KZ</arg>
<arg>LA</arg>
<arg>LB</arg>
<arg>LC</arg>
<arg>LI</arg>
<arg>LK</arg>
<arg>LR</arg>
<arg>LS</arg>
<arg>LT</arg>
<arg>LU</arg>
<arg>LV</arg>
<arg>LY</arg>
<arg>MA</arg>
<arg>MC</arg>
<arg>MD</arg>
<arg>ME</arg>
<arg>MF</arg>
<arg>MG</arg>
<arg>MH</arg>
<arg>MK</arg>
<arg>ML</arg>
<arg>MM</arg>
<arg>MN</arg>
<arg>MO</arg>
<arg>MP</arg>
<arg>MQ</arg>
<arg>MR</arg>
<arg>MS</arg>
<arg>MT</arg>
<arg>MU</arg>
<arg>MV</arg>
<arg>MW</arg>
<arg>MX</arg>
<arg>MY</arg>
<arg>MZ</arg>
<arg>NA</arg>
<arg>NC</arg>
<arg>NE</arg>
<arg>NF</arg>
<arg>NG</arg>
<arg>NI</arg>
<arg>NL</arg>
<arg>NO</arg>
<arg>NP</arg>
<arg>NR</arg>
<arg>NU</arg>
<arg>NZ</arg>
<arg>OM</arg>
<arg>PA</arg>
<arg>PE</arg>
<arg>PF</arg>
<arg>PG</arg>
<arg>PH</arg>
<arg>PK</arg>
<arg>PL</arg>
<arg>PM</arg>
<arg>PN</arg>
<arg>PR</arg>
<arg>PS</arg>
<arg>PT</arg>
<arg>PW</arg>
<arg>PY</arg>
<arg>QA</arg>
<arg>RE</arg>
<arg>RO</arg>
<arg>RS</arg>
<arg>RU</arg>
<arg>RW</arg>
<arg>SA</arg>
<arg>SB</arg>
<arg>SC</arg>
<arg>SD</arg>
<arg>SE</arg>
<arg>SG</arg>
<arg>SH</arg>
<arg>SI</arg>
<arg>SJ</arg>
<arg>SK</arg>
<arg>SL</arg>
<arg>SM</arg>
<arg>SN</arg>
<arg>SO</arg>
<arg>SR</arg>
<arg>SS</arg>
<arg>ST</arg>
<arg>SV</arg>
<arg>SX</arg>
<arg>SY</arg>
<arg>SZ</arg>
<arg>TC</arg>
<arg>TD</arg>
<arg>TF</arg>
<arg>TG</arg>
<arg>TH</arg>
<arg>TJ</arg>
<arg>TK</arg>
<arg>TL</arg>
<arg>TM</arg>
<arg>TN</arg>
<arg>TO</arg>
<arg>TR</arg>
<arg>TT</arg>
<arg>TV</arg>
<arg>TW</arg>
<arg>TZ</arg>
<arg>UA</arg>
<arg>UG</arg>
<arg>UM</arg>
<arg>US</arg>
<arg>UY</arg>
<arg>UZ</arg>
<arg>VA</arg>
<arg>VC</arg>
<arg>VE</arg>
<arg>VG</arg>
<arg>VI</arg>
<arg>VN</arg>
<arg>VU</arg>
<arg>WF</arg>
<arg>WS</arg>
<arg>XK</arg>
<arg>YE</arg>
<arg>YT</arg>
<arg>ZA</arg>
<arg>ZM</arg>
<arg>ZW</arg>
<doc>Returns a list containing given items.</doc>
<status status="PASS" start="2024-07-13T07:13:51.195091" elapsed="0.000613"/>
</kw>
<kw name="List Should Contain Value" owner="Collections">
<arg>${list_country}</arg>
<arg>${name_country}</arg>
<doc>Fails if the ``value`` is not found from ``list``.</doc>
<status status="PASS" start="2024-07-13T07:13:51.196497" elapsed="0.000203"/>
</kw>
<kw name="Run Keyword If" owner="BuiltIn">
<kw name="Should Be True" owner="BuiltIn">
<arg>${True}</arg>
<doc>Fails if the given condition is not true.</doc>
<status status="PASS" start="2024-07-13T07:13:51.197651" elapsed="0.000140"/>
</kw>
<arg>${json_data["results"][0]["location"]["coordinates"]["latitude"]} &gt;= -90 and ${json_data["results"][0]["location"]["coordinates"]["latitude"]} &lt;= 90</arg>
<arg>Should Be True</arg>
<arg>${True}</arg>
<doc>Runs the given keyword with the given arguments, if ``condition`` is true.</doc>
<status status="PASS" start="2024-07-13T07:13:51.196896" elapsed="0.001019"/>
</kw>
<kw name="Run Keyword If" owner="BuiltIn">
<kw name="Should Be True" owner="BuiltIn">
<arg>${True}</arg>
<doc>Fails if the given condition is not true.</doc>
<status status="PASS" start="2024-07-13T07:13:51.198783" elapsed="0.000239"/>
</kw>
<arg>${json_data["results"][0]["location"]["coordinates"]["longitude"]} &gt;= -180 and ${json_data["results"][0]["location"]["coordinates"]["longitude"]} &lt;= 180</arg>
<arg>Should Be True</arg>
<arg>${True}</arg>
<doc>Runs the given keyword with the given arguments, if ``condition`` is true.</doc>
<status status="PASS" start="2024-07-13T07:13:51.198092" elapsed="0.001058"/>
</kw>
<status status="PASS" start="2024-07-13T07:13:51.116074" elapsed="0.083209"/>
</kw>
<doc>Testa o conteúdo específico dos campos retornados pela API.</doc>
<tag>testeConteudo</tag>
<status status="PASS" start="2024-07-13T07:13:51.115402" elapsed="0.084031"/>
</test>
<status status="PASS" start="2024-07-13T07:13:50.330537" elapsed="0.870810"/>
</suite>
<status status="PASS" start="2024-07-13T07:13:50.316262" elapsed="0.890128"/>
</suite>
<statistics>
<total>
<stat pass="5" fail="0" skip="0">All Tests</stat>
</total>
<tag>
<stat pass="1" fail="0" skip="0">testeConteudo</stat>
<stat pass="1" fail="0" skip="0">testeEstruturaResposta</stat>
<stat pass="1" fail="0" skip="0">testeRequisicaoBasica</stat>
<stat pass="1" fail="0" skip="0">testeTiposDados</stat>
</tag>
<suite>
<stat pass="5" fail="0" skip="0" id="s1" name="Tests">Tests</stat>
<stat pass="5" fail="0" skip="0" id="s1-s1" name="Random-User-Test">Tests.Random-User-Test</stat>
</suite>
</statistics>
<errors>
</errors>
</robot>
