<?xml version="1.0" encoding="UTF-8"?>
<robot generator="Robot 7.0.1 (Python 3.12.4 on linux)" generated="2024-07-04T02:32:15.755949" rpa="false" schemaversion="5">
<suite id="s1" name="Tests" source="/home/runner/work/ApiRandomUser/ApiRandomUser/RamdonUser/tests">
<suite id="s1-s1" name="Random-User-Test" source="/home/runner/work/ApiRandomUser/ApiRandomUser/RamdonUser/tests/random-user-test.robot">
<test id="s1-s1-t1" name="Conectar" line="13">
<kw name="Conectar API" owner="random-user-service">
<kw name="Create Session" owner="RequestsLibrary">
<msg time="2024-07-04T02:32:16.162072" level="INFO">Creating Session using : alias=consultarAPI, url=https://randomuser.me/, headers={},                     cookies={}, auth=None, timeout=None, proxies=None, verify=False,                     debug=0 </msg>
<arg>consultarAPI</arg>
<arg>${URL}</arg>
<doc>Create Session: create a HTTP session to a server</doc>
<status status="PASS" start="2024-07-04T02:32:16.161875" elapsed="0.000383"/>
</kw>
<status status="PASS" start="2024-07-04T02:32:16.160925" elapsed="0.001684"/>
</kw>
<status status="PASS" start="2024-07-04T02:32:16.160398" elapsed="0.002400"/>
</test>
<test id="s1-s1-t2" name="Validar retorno 200 e JSON Válido" line="16">
<kw name="Teste de Requisicao Basica" owner="random-user-service">
<kw name="GET On Session" owner="RequestsLibrary">
<msg time="2024-07-04T02:32:16.251176" level="INFO">GET Request : url=https://randomuser.me/api 
 path_url=/api 
 headers={'User-Agent': 'python-requests/2.32.3', 'Accept-Encoding': 'gzip, deflate', 'Accept': '*/*', 'Connection': 'keep-alive'} 
 body=None 
 </msg>
<msg time="2024-07-04T02:32:16.251321" level="INFO">GET Response : url=https://randomuser.me/api 
 status=200, reason=OK 
 headers={'Date': 'Thu, 04 Jul 2024 02:32:16 GMT', 'Content-Type': 'application/json; charset=utf-8', 'Transfer-Encoding': 'chunked', 'Connection': 'keep-alive', 'X-Powered-By': 'Express', 'Access-Control-Allow-Origin': '*', 'Cache-Control': 'no-cache', 'ETag': 'W/"4a7-csQCD3ILyh24lYaRrnQrdvmpMTw"', 'Vary': 'Accept-Encoding', 'Content-Encoding': 'gzip', 'CF-Cache-Status': 'DYNAMIC', 'Report-To': '{"endpoints":[{"url":"https:\\/\\/a.nel.cloudflare.com\\/report\\/v4?s=SMXlcE61AdNT%2FojuM4h17bwZ91WTnLaWT%2BP2m%2FfxC1z36W7QmbS5f3Y85ypFFrsQ7XBCl0P5j3wa2PaA2%2Bq5ogqsIqedgABiSoOhoiIfpIrLuUDnB48kUN4viTPlbCz3"}],"group":"cf-nel","max_age":604800}', 'NEL': '{"success_fraction":0,"report_to":"cf-nel","max_age":604800}', 'Server': 'cloudflare', 'CF-RAY': '89dbb42d4d079c76-IAD', 'alt-svc': 'h3=":443"; ma=86400'} 
 body={"results":[{"gender":"female","name":{"title":"Miss","first":"سارینا","last":"رضایی"},"location":{"street":{"number":7657,"name":"شهید علی باستانی"},"city":"گرگان","state":"همدان","country":"Iran","postcode":98235,"coordinates":{"latitude":"18.9960","longitude":"61.3800"},"timezone":{"offset":"-4:00","description":"Atlantic Time (Canada), Caracas, La Paz"}},"email":"sryn.rdyy@example.com","login":{"uuid":"7224c7fb-f1a0-4a4c-8def-f52ce2305f6c","username":"whitezebra396","password":"thedoors","salt":"eNaOqVdY","md5":"652d4758cf223ce2191de9e28236b3fb","sha1":"3e81094afdaf3375bd22112ff640eb75838bf454","sha256":"90f0953053e897e326e11db38674dc4c5c3da252b68894208d832d109cc112fb"},"dob":{"date":"1953-12-28T20:11:07.791Z","age":70},"registered":{"date":"2018-03-18T05:39:31.821Z","age":6},"phone":"012-03937506","cell":"0912-819-5145","id":{"name":"","value":null},"picture":{"large":"https://randomuser.me/api/portraits/women/86.jpg","medium":"https://randomuser.me/api/portraits/med/women/86.jpg","thumbnail":"https://randomuser.me/api/portraits/thumb/women/86.jpg"},"nat":"IR"}],"info":{"seed":"3a2d7e56e1babedd","results":1,"page":1,"version":"1.4"}} 
 </msg>
<msg time="2024-07-04T02:32:16.251408" level="INFO">/opt/hostedtoolcache/Python/3.12.4/x64/lib/python3.12/site-packages/urllib3/connectionpool.py:1099: InsecureRequestWarning: Unverified HTTPS request is being made to host 'randomuser.me'. Adding certificate verification is strongly advised. See: https://urllib3.readthedocs.io/en/latest/advanced-usage.html#tls-warnings
  warnings.warn(</msg>
<msg time="2024-07-04T02:32:16.251564" level="INFO">${response} = &lt;Response [200]&gt;</msg>
<var>${response}</var>
<arg>consultarAPI</arg>
<arg>/api</arg>
<doc>Sends a GET request on a previously created HTTP Session.</doc>
<status status="PASS" start="2024-07-04T02:32:16.165379" elapsed="0.086230"/>
</kw>
<kw name="Should Be Equal As Numbers" owner="BuiltIn">
<msg time="2024-07-04T02:32:16.252588" level="INFO">Argument types are:
&lt;class 'int'&gt;
&lt;class 'str'&gt;</msg>
<arg>${response.status_code}</arg>
<arg>200</arg>
<doc>Fails if objects are unequal after converting them to real numbers.</doc>
<status status="PASS" start="2024-07-04T02:32:16.252104" elapsed="0.000548"/>
</kw>
<kw name="Log" owner="BuiltIn">
<msg time="2024-07-04T02:32:16.253322" level="INFO">200</msg>
<arg>${response.status_code}</arg>
<doc>Logs the given message with the given level.</doc>
<status status="PASS" start="2024-07-04T02:32:16.252970" elapsed="0.000394"/>
</kw>
<kw name="Set Variable" owner="BuiltIn">
<msg time="2024-07-04T02:32:16.254112" level="INFO">${json_data} = {'results': [{'gender': 'female', 'name': {'title': 'Miss', 'first': 'سارینا', 'last': 'رضایی'}, 'location': {'street': {'number': 7657, 'name': 'شهید علی باستانی'}, 'city': 'گرگان', 'state': 'همدان',...</msg>
<var>${json_data}</var>
<arg>${response.json()}</arg>
<doc>Returns the given values which can then be assigned to a variables.</doc>
<status status="PASS" start="2024-07-04T02:32:16.253665" elapsed="0.000478"/>
</kw>
<kw name="Dictionary Should Contain Key" owner="Collections">
<arg>${json_data}</arg>
<arg>results</arg>
<doc>Fails if ``key`` is not found from ``dictionary``.</doc>
<status status="PASS" start="2024-07-04T02:32:16.254441" elapsed="0.000163"/>
</kw>
<status status="PASS" start="2024-07-04T02:32:16.165137" elapsed="0.089615"/>
</kw>
<doc>Testa se a API responde corretamente e retorna um objeto JSON válido.</doc>
<tag>testeRequisicaoBasica</tag>
<status status="PASS" start="2024-07-04T02:32:16.164691" elapsed="0.090230"/>
</test>
<test id="s1-s1-t3" name="Validar estrutura de resposta" line="22">
<kw name="Teste de Estrutura de Resposta" owner="random-user-service">
<kw name="GET On Session" owner="RequestsLibrary">
<msg time="2024-07-04T02:32:16.333110" level="INFO">GET Request : url=https://randomuser.me/api 
 path_url=/api 
 headers={'User-Agent': 'python-requests/2.32.3', 'Accept-Encoding': 'gzip, deflate', 'Accept': '*/*', 'Connection': 'keep-alive'} 
 body=None 
 </msg>
<msg time="2024-07-04T02:32:16.333188" level="INFO">GET Response : url=https://randomuser.me/api 
 status=200, reason=OK 
 headers={'Date': 'Thu, 04 Jul 2024 02:32:16 GMT', 'Content-Type': 'application/json; charset=utf-8', 'Transfer-Encoding': 'chunked', 'Connection': 'keep-alive', 'X-Powered-By': 'Express', 'Access-Control-Allow-Origin': '*', 'Cache-Control': 'no-cache', 'ETag': 'W/"4a8-UDcTguNkLDwU+4LadMUkzoq0x44"', 'Vary': 'Accept-Encoding', 'Content-Encoding': 'gzip', 'CF-Cache-Status': 'DYNAMIC', 'Report-To': '{"endpoints":[{"url":"https:\\/\\/a.nel.cloudflare.com\\/report\\/v4?s=S9FhKNUSnD4iXSB9GRsMUFI4iEkY8D%2FhhZ%2FYf1KM8JK8JtSAoZW3ixqjU3%2FISMv6VXMWB9UuE3vdcBxt%2Fedny0%2Fp76FCokOcOZ86DxirKYcse0PRV%2B%2FMQNuWXwTcVhZj"}],"group":"cf-nel","max_age":604800}', 'NEL': '{"success_fraction":0,"report_to":"cf-nel","max_age":604800}', 'Server': 'cloudflare', 'CF-RAY': '89dbb42dad619c76-IAD', 'alt-svc': 'h3=":443"; ma=86400'} 
 body={"results":[{"gender":"female","name":{"title":"Mrs","first":"Ris","last":"Rezende"},"location":{"street":{"number":6911,"name":"Rua Dom Pedro Ii "},"city":"Ribeirão Preto","state":"Santa Catarina","country":"Brazil","postcode":57718,"coordinates":{"latitude":"-79.4014","longitude":"88.7678"},"timezone":{"offset":"+1:00","description":"Brussels, Copenhagen, Madrid, Paris"}},"email":"ris.rezende@example.com","login":{"uuid":"cd77b4bd-8898-4403-b707-b038ddd657c2","username":"heavypanda136","password":"444444","salt":"IMIsboEC","md5":"5e6850293b4564ba14524f4af27ec097","sha1":"ee6b8ddf9a767859e2cdbe38a83286f995669116","sha256":"2c80b5ec2c2b314a4bb611356dbafeb5f67b191cdbdfa8879981e2504d35f265"},"dob":{"date":"1958-10-10T22:55:18.148Z","age":65},"registered":{"date":"2013-05-20T00:45:57.004Z","age":11},"phone":"(88) 4347-1386","cell":"(55) 4284-9515","id":{"name":"CPF","value":"573.662.801-75"},"picture":{"large":"https://randomuser.me/api/portraits/women/79.jpg","medium":"https://randomuser.me/api/portraits/med/women/79.jpg","thumbnail":"https://randomuser.me/api/portraits/thumb/women/79.jpg"},"nat":"BR"}],"info":{"seed":"93b5bcf2d87bb2dd","results":1,"page":1,"version":"1.4"}} 
 </msg>
<msg time="2024-07-04T02:32:16.333298" level="INFO">/opt/hostedtoolcache/Python/3.12.4/x64/lib/python3.12/site-packages/urllib3/connectionpool.py:1099: InsecureRequestWarning: Unverified HTTPS request is being made to host 'randomuser.me'. Adding certificate verification is strongly advised. See: https://urllib3.readthedocs.io/en/latest/advanced-usage.html#tls-warnings
  warnings.warn(</msg>
<msg time="2024-07-04T02:32:16.333421" level="INFO">${response} = &lt;Response [200]&gt;</msg>
<var>${response}</var>
<arg>consultarAPI</arg>
<arg>/api</arg>
<doc>Sends a GET request on a previously created HTTP Session.</doc>
<status status="PASS" start="2024-07-04T02:32:16.257784" elapsed="0.075677"/>
</kw>
<kw name="Set Variable" owner="BuiltIn">
<msg time="2024-07-04T02:32:16.334364" level="INFO">${json_data} = {'results': [{'gender': 'female', 'name': {'title': 'Mrs', 'first': 'Ris', 'last': 'Rezende'}, 'location': {'street': {'number': 6911, 'name': 'Rua Dom Pedro Ii '}, 'city': 'Ribeirão Preto', 'state': ...</msg>
<var>${json_data}</var>
<arg>${response.json()}</arg>
<doc>Returns the given values which can then be assigned to a variables.</doc>
<status status="PASS" start="2024-07-04T02:32:16.333869" elapsed="0.000524"/>
</kw>
<kw name="Log" owner="BuiltIn">
<msg time="2024-07-04T02:32:16.334865" level="INFO">{'results': [{'gender': 'female', 'name': {'title': 'Mrs', 'first': 'Ris', 'last': 'Rezende'}, 'location': {'street': {'number': 6911, 'name': 'Rua Dom Pedro Ii '}, 'city': 'Ribeirão Preto', 'state': 'Santa Catarina', 'country': 'Brazil', 'postcode': 57718, 'coordinates': {'latitude': '-79.4014', 'longitude': '88.7678'}, 'timezone': {'offset': '+1:00', 'description': 'Brussels, Copenhagen, Madrid, Paris'}}, 'email': 'ris.rezende@example.com', 'login': {'uuid': 'cd77b4bd-8898-4403-b707-b038ddd657c2', 'username': 'heavypanda136', 'password': '444444', 'salt': 'IMIsboEC', 'md5': '5e6850293b4564ba14524f4af27ec097', 'sha1': 'ee6b8ddf9a767859e2cdbe38a83286f995669116', 'sha256': '2c80b5ec2c2b314a4bb611356dbafeb5f67b191cdbdfa8879981e2504d35f265'}, 'dob': {'date': '1958-10-10T22:55:18.148Z', 'age': 65}, 'registered': {'date': '2013-05-20T00:45:57.004Z', 'age': 11}, 'phone': '(88) 4347-1386', 'cell': '(55) 4284-9515', 'id': {'name': 'CPF', 'value': '573.662.801-75'}, 'picture': {'large': 'https://randomuser.me/api/portraits/women/79.jpg', 'medium': 'https://randomuser.me/api/portraits/med/women/79.jpg', 'thumbnail': 'https://randomuser.me/api/portraits/thumb/women/79.jpg'}, 'nat': 'BR'}], 'info': {'seed': '93b5bcf2d87bb2dd', 'results': 1, 'page': 1, 'version': '1.4'}}</msg>
<arg>${json_data}</arg>
<doc>Logs the given message with the given level.</doc>
<status status="PASS" start="2024-07-04T02:32:16.334705" elapsed="0.000210"/>
</kw>
<kw name="Dictionary Should Contain Key" owner="Collections">
<arg>${json_data}</arg>
<arg>results</arg>
<doc>Fails if ``key`` is not found from ``dictionary``.</doc>
<status status="PASS" start="2024-07-04T02:32:16.335204" elapsed="0.000155"/>
</kw>
<kw name="Should Not Be Empty" owner="BuiltIn">
<msg time="2024-07-04T02:32:16.335674" level="INFO">Length is 2.</msg>
<arg>${json_data}</arg>
<doc>Verifies that the given item is not empty.</doc>
<status status="PASS" start="2024-07-04T02:32:16.335543" elapsed="0.000169"/>
</kw>
<kw name="Create List" owner="BuiltIn">
<msg time="2024-07-04T02:32:16.336296" level="INFO">${expected_keys} = ['gender', 'name', 'location', 'email', 'login']</msg>
<var>${expected_keys}</var>
<arg>gender</arg>
<arg>name</arg>
<arg>location</arg>
<arg>email</arg>
<arg>login</arg>
<doc>Returns a list containing given items.</doc>
<status status="PASS" start="2024-07-04T02:32:16.336003" elapsed="0.000350"/>
</kw>
<for flavor="IN">
<iter>
<kw name="Dictionary Should Contain Key" owner="Collections">
<arg>${json_data['results'][0]}</arg>
<arg>${key}</arg>
<doc>Fails if ``key`` is not found from ``dictionary``.</doc>
<status status="PASS" start="2024-07-04T02:32:16.336947" elapsed="0.000408"/>
</kw>
<kw name="Log" owner="BuiltIn">
<msg time="2024-07-04T02:32:16.337905" level="INFO">{'gender': 'female', 'name': {'title': 'Mrs', 'first': 'Ris', 'last': 'Rezende'}, 'location': {'street': {'number': 6911, 'name': 'Rua Dom Pedro Ii '}, 'city': 'Ribeirão Preto', 'state': 'Santa Catarina', 'country': 'Brazil', 'postcode': 57718, 'coordinates': {'latitude': '-79.4014', 'longitude': '88.7678'}, 'timezone': {'offset': '+1:00', 'description': 'Brussels, Copenhagen, Madrid, Paris'}}, 'email': 'ris.rezende@example.com', 'login': {'uuid': 'cd77b4bd-8898-4403-b707-b038ddd657c2', 'username': 'heavypanda136', 'password': '444444', 'salt': 'IMIsboEC', 'md5': '5e6850293b4564ba14524f4af27ec097', 'sha1': 'ee6b8ddf9a767859e2cdbe38a83286f995669116', 'sha256': '2c80b5ec2c2b314a4bb611356dbafeb5f67b191cdbdfa8879981e2504d35f265'}, 'dob': {'date': '1958-10-10T22:55:18.148Z', 'age': 65}, 'registered': {'date': '2013-05-20T00:45:57.004Z', 'age': 11}, 'phone': '(88) 4347-1386', 'cell': '(55) 4284-9515', 'id': {'name': 'CPF', 'value': '573.662.801-75'}, 'picture': {'large': 'https://randomuser.me/api/portraits/women/79.jpg', 'medium': 'https://randomuser.me/api/portraits/med/women/79.jpg', 'thumbnail': 'https://randomuser.me/api/portraits/thumb/women/79.jpg'}, 'nat': 'BR'}</msg>
<arg>${json_data['results'][0]}</arg>
<doc>Logs the given message with the given level.</doc>
<status status="PASS" start="2024-07-04T02:32:16.337541" elapsed="0.000415"/>
</kw>
<kw name="Log" owner="BuiltIn">
<msg time="2024-07-04T02:32:16.338389" level="INFO">gender</msg>
<arg>${key}</arg>
<doc>Logs the given message with the given level.</doc>
<status status="PASS" start="2024-07-04T02:32:16.338260" elapsed="0.000167"/>
</kw>
<var name="${key}">gender</var>
<status status="PASS" start="2024-07-04T02:32:16.336824" elapsed="0.001820"/>
</iter>
<iter>
<kw name="Dictionary Should Contain Key" owner="Collections">
<arg>${json_data['results'][0]}</arg>
<arg>${key}</arg>
<doc>Fails if ``key`` is not found from ``dictionary``.</doc>
<status status="PASS" start="2024-07-04T02:32:16.338938" elapsed="0.000390"/>
</kw>
<kw name="Log" owner="BuiltIn">
<msg time="2024-07-04T02:32:16.339908" level="INFO">{'gender': 'female', 'name': {'title': 'Mrs', 'first': 'Ris', 'last': 'Rezende'}, 'location': {'street': {'number': 6911, 'name': 'Rua Dom Pedro Ii '}, 'city': 'Ribeirão Preto', 'state': 'Santa Catarina', 'country': 'Brazil', 'postcode': 57718, 'coordinates': {'latitude': '-79.4014', 'longitude': '88.7678'}, 'timezone': {'offset': '+1:00', 'description': 'Brussels, Copenhagen, Madrid, Paris'}}, 'email': 'ris.rezende@example.com', 'login': {'uuid': 'cd77b4bd-8898-4403-b707-b038ddd657c2', 'username': 'heavypanda136', 'password': '444444', 'salt': 'IMIsboEC', 'md5': '5e6850293b4564ba14524f4af27ec097', 'sha1': 'ee6b8ddf9a767859e2cdbe38a83286f995669116', 'sha256': '2c80b5ec2c2b314a4bb611356dbafeb5f67b191cdbdfa8879981e2504d35f265'}, 'dob': {'date': '1958-10-10T22:55:18.148Z', 'age': 65}, 'registered': {'date': '2013-05-20T00:45:57.004Z', 'age': 11}, 'phone': '(88) 4347-1386', 'cell': '(55) 4284-9515', 'id': {'name': 'CPF', 'value': '573.662.801-75'}, 'picture': {'large': 'https://randomuser.me/api/portraits/women/79.jpg', 'medium': 'https://randomuser.me/api/portraits/med/women/79.jpg', 'thumbnail': 'https://randomuser.me/api/portraits/thumb/women/79.jpg'}, 'nat': 'BR'}</msg>
<arg>${json_data['results'][0]}</arg>
<doc>Logs the given message with the given level.</doc>
<status status="PASS" start="2024-07-04T02:32:16.339546" elapsed="0.000417"/>
</kw>
<kw name="Log" owner="BuiltIn">
<msg time="2024-07-04T02:32:16.340427" level="INFO">name</msg>
<arg>${key}</arg>
<doc>Logs the given message with the given level.</doc>
<status status="PASS" start="2024-07-04T02:32:16.340265" elapsed="0.000201"/>
</kw>
<var name="${key}">name</var>
<status status="PASS" start="2024-07-04T02:32:16.338827" elapsed="0.001861"/>
</iter>
<iter>
<kw name="Dictionary Should Contain Key" owner="Collections">
<arg>${json_data['results'][0]}</arg>
<arg>${key}</arg>
<doc>Fails if ``key`` is not found from ``dictionary``.</doc>
<status status="PASS" start="2024-07-04T02:32:16.340974" elapsed="0.000378"/>
</kw>
<kw name="Log" owner="BuiltIn">
<msg time="2024-07-04T02:32:16.341879" level="INFO">{'gender': 'female', 'name': {'title': 'Mrs', 'first': 'Ris', 'last': 'Rezende'}, 'location': {'street': {'number': 6911, 'name': 'Rua Dom Pedro Ii '}, 'city': 'Ribeirão Preto', 'state': 'Santa Catarina', 'country': 'Brazil', 'postcode': 57718, 'coordinates': {'latitude': '-79.4014', 'longitude': '88.7678'}, 'timezone': {'offset': '+1:00', 'description': 'Brussels, Copenhagen, Madrid, Paris'}}, 'email': 'ris.rezende@example.com', 'login': {'uuid': 'cd77b4bd-8898-4403-b707-b038ddd657c2', 'username': 'heavypanda136', 'password': '444444', 'salt': 'IMIsboEC', 'md5': '5e6850293b4564ba14524f4af27ec097', 'sha1': 'ee6b8ddf9a767859e2cdbe38a83286f995669116', 'sha256': '2c80b5ec2c2b314a4bb611356dbafeb5f67b191cdbdfa8879981e2504d35f265'}, 'dob': {'date': '1958-10-10T22:55:18.148Z', 'age': 65}, 'registered': {'date': '2013-05-20T00:45:57.004Z', 'age': 11}, 'phone': '(88) 4347-1386', 'cell': '(55) 4284-9515', 'id': {'name': 'CPF', 'value': '573.662.801-75'}, 'picture': {'large': 'https://randomuser.me/api/portraits/women/79.jpg', 'medium': 'https://randomuser.me/api/portraits/med/women/79.jpg', 'thumbnail': 'https://randomuser.me/api/portraits/thumb/women/79.jpg'}, 'nat': 'BR'}</msg>
<arg>${json_data['results'][0]}</arg>
<doc>Logs the given message with the given level.</doc>
<status status="PASS" start="2024-07-04T02:32:16.341531" elapsed="0.000396"/>
</kw>
<kw name="Log" owner="BuiltIn">
<msg time="2024-07-04T02:32:16.342355" level="INFO">location</msg>
<arg>${key}</arg>
<doc>Logs the given message with the given level.</doc>
<status status="PASS" start="2024-07-04T02:32:16.342227" elapsed="0.000165"/>
</kw>
<var name="${key}">location</var>
<status status="PASS" start="2024-07-04T02:32:16.340866" elapsed="0.001741"/>
</iter>
<iter>
<kw name="Dictionary Should Contain Key" owner="Collections">
<arg>${json_data['results'][0]}</arg>
<arg>${key}</arg>
<doc>Fails if ``key`` is not found from ``dictionary``.</doc>
<status status="PASS" start="2024-07-04T02:32:16.342879" elapsed="0.000382"/>
</kw>
<kw name="Log" owner="BuiltIn">
<msg time="2024-07-04T02:32:16.343786" level="INFO">{'gender': 'female', 'name': {'title': 'Mrs', 'first': 'Ris', 'last': 'Rezende'}, 'location': {'street': {'number': 6911, 'name': 'Rua Dom Pedro Ii '}, 'city': 'Ribeirão Preto', 'state': 'Santa Catarina', 'country': 'Brazil', 'postcode': 57718, 'coordinates': {'latitude': '-79.4014', 'longitude': '88.7678'}, 'timezone': {'offset': '+1:00', 'description': 'Brussels, Copenhagen, Madrid, Paris'}}, 'email': 'ris.rezende@example.com', 'login': {'uuid': 'cd77b4bd-8898-4403-b707-b038ddd657c2', 'username': 'heavypanda136', 'password': '444444', 'salt': 'IMIsboEC', 'md5': '5e6850293b4564ba14524f4af27ec097', 'sha1': 'ee6b8ddf9a767859e2cdbe38a83286f995669116', 'sha256': '2c80b5ec2c2b314a4bb611356dbafeb5f67b191cdbdfa8879981e2504d35f265'}, 'dob': {'date': '1958-10-10T22:55:18.148Z', 'age': 65}, 'registered': {'date': '2013-05-20T00:45:57.004Z', 'age': 11}, 'phone': '(88) 4347-1386', 'cell': '(55) 4284-9515', 'id': {'name': 'CPF', 'value': '573.662.801-75'}, 'picture': {'large': 'https://randomuser.me/api/portraits/women/79.jpg', 'medium': 'https://randomuser.me/api/portraits/med/women/79.jpg', 'thumbnail': 'https://randomuser.me/api/portraits/thumb/women/79.jpg'}, 'nat': 'BR'}</msg>
<arg>${json_data['results'][0]}</arg>
<doc>Logs the given message with the given level.</doc>
<status status="PASS" start="2024-07-04T02:32:16.343439" elapsed="0.000394"/>
</kw>
<kw name="Log" owner="BuiltIn">
<msg time="2024-07-04T02:32:16.344246" level="INFO">email</msg>
<arg>${key}</arg>
<doc>Logs the given message with the given level.</doc>
<status status="PASS" start="2024-07-04T02:32:16.344122" elapsed="0.000160"/>
</kw>
<var name="${key}">email</var>
<status status="PASS" start="2024-07-04T02:32:16.342774" elapsed="0.001767"/>
</iter>
<iter>
<kw name="Dictionary Should Contain Key" owner="Collections">
<arg>${json_data['results'][0]}</arg>
<arg>${key}</arg>
<doc>Fails if ``key`` is not found from ``dictionary``.</doc>
<status status="PASS" start="2024-07-04T02:32:16.344830" elapsed="0.000383"/>
</kw>
<kw name="Log" owner="BuiltIn">
<msg time="2024-07-04T02:32:16.345742" level="INFO">{'gender': 'female', 'name': {'title': 'Mrs', 'first': 'Ris', 'last': 'Rezende'}, 'location': {'street': {'number': 6911, 'name': 'Rua Dom Pedro Ii '}, 'city': 'Ribeirão Preto', 'state': 'Santa Catarina', 'country': 'Brazil', 'postcode': 57718, 'coordinates': {'latitude': '-79.4014', 'longitude': '88.7678'}, 'timezone': {'offset': '+1:00', 'description': 'Brussels, Copenhagen, Madrid, Paris'}}, 'email': 'ris.rezende@example.com', 'login': {'uuid': 'cd77b4bd-8898-4403-b707-b038ddd657c2', 'username': 'heavypanda136', 'password': '444444', 'salt': 'IMIsboEC', 'md5': '5e6850293b4564ba14524f4af27ec097', 'sha1': 'ee6b8ddf9a767859e2cdbe38a83286f995669116', 'sha256': '2c80b5ec2c2b314a4bb611356dbafeb5f67b191cdbdfa8879981e2504d35f265'}, 'dob': {'date': '1958-10-10T22:55:18.148Z', 'age': 65}, 'registered': {'date': '2013-05-20T00:45:57.004Z', 'age': 11}, 'phone': '(88) 4347-1386', 'cell': '(55) 4284-9515', 'id': {'name': 'CPF', 'value': '573.662.801-75'}, 'picture': {'large': 'https://randomuser.me/api/portraits/women/79.jpg', 'medium': 'https://randomuser.me/api/portraits/med/women/79.jpg', 'thumbnail': 'https://randomuser.me/api/portraits/thumb/women/79.jpg'}, 'nat': 'BR'}</msg>
<arg>${json_data['results'][0]}</arg>
<doc>Logs the given message with the given level.</doc>
<status status="PASS" start="2024-07-04T02:32:16.345391" elapsed="0.000401"/>
</kw>
<kw name="Log" owner="BuiltIn">
<msg time="2024-07-04T02:32:16.346207" level="INFO">login</msg>
<arg>${key}</arg>
<doc>Logs the given message with the given level.</doc>
<status status="PASS" start="2024-07-04T02:32:16.346083" elapsed="0.000161"/>
</kw>
<var name="${key}">login</var>
<status status="PASS" start="2024-07-04T02:32:16.344711" elapsed="0.001745"/>
</iter>
<var>${key}</var>
<value>@{expected_keys}</value>
<status status="PASS" start="2024-07-04T02:32:16.336632" elapsed="0.009977"/>
</for>
<kw name="Create List" owner="BuiltIn">
<msg time="2024-07-04T02:32:16.346942" level="INFO">${expected_keysTwo} = ['username', 'password']</msg>
<var>${expected_keysTwo}</var>
<arg>username</arg>
<arg>password</arg>
<doc>Returns a list containing given items.</doc>
<status status="PASS" start="2024-07-04T02:32:16.346802" elapsed="0.000164"/>
</kw>
<for flavor="IN">
<iter>
<kw name="Dictionary Should Contain Key" owner="Collections">
<arg>${json_data['results'][0]['login']}</arg>
<arg>${keyTwo}</arg>
<doc>Fails if ``key`` is not found from ``dictionary``.</doc>
<status status="PASS" start="2024-07-04T02:32:16.347454" elapsed="0.000378"/>
</kw>
<kw name="Dictionary Should Contain Key" owner="Collections">
<arg>${json_data['results'][0]['login']}</arg>
<arg>${keyTwo}</arg>
<doc>Fails if ``key`` is not found from ``dictionary``.</doc>
<status status="PASS" start="2024-07-04T02:32:16.348011" elapsed="0.000410"/>
</kw>
<kw name="Log" owner="BuiltIn">
<msg time="2024-07-04T02:32:16.348735" level="INFO">username</msg>
<arg>${keyTwo}</arg>
<doc>Logs the given message with the given level.</doc>
<status status="PASS" start="2024-07-04T02:32:16.348610" elapsed="0.000162"/>
</kw>
<var name="${keyTwo}">username</var>
<status status="PASS" start="2024-07-04T02:32:16.347349" elapsed="0.001647"/>
</iter>
<iter>
<kw name="Dictionary Should Contain Key" owner="Collections">
<arg>${json_data['results'][0]['login']}</arg>
<arg>${keyTwo}</arg>
<doc>Fails if ``key`` is not found from ``dictionary``.</doc>
<status status="PASS" start="2024-07-04T02:32:16.349271" elapsed="0.000390"/>
</kw>
<kw name="Dictionary Should Contain Key" owner="Collections">
<arg>${json_data['results'][0]['login']}</arg>
<arg>${keyTwo}</arg>
<doc>Fails if ``key`` is not found from ``dictionary``.</doc>
<status status="PASS" start="2024-07-04T02:32:16.349852" elapsed="0.000369"/>
</kw>
<kw name="Log" owner="BuiltIn">
<msg time="2024-07-04T02:32:16.350510" level="INFO">password</msg>
<arg>${keyTwo}</arg>
<doc>Logs the given message with the given level.</doc>
<status status="PASS" start="2024-07-04T02:32:16.350393" elapsed="0.000159"/>
</kw>
<var name="${keyTwo}">password</var>
<status status="PASS" start="2024-07-04T02:32:16.349167" elapsed="0.001696"/>
</iter>
<var>${keyTwo}</var>
<value>@{expected_keysTwo}</value>
<status status="PASS" start="2024-07-04T02:32:16.347198" elapsed="0.003784"/>
</for>
<status status="PASS" start="2024-07-04T02:32:16.257428" elapsed="0.093692"/>
</kw>
<doc>Testa a estrutura da resposta da API.</doc>
<tag>testeEstruturaResposta</tag>
<status status="PASS" start="2024-07-04T02:32:16.256772" elapsed="0.094496"/>
</test>
<test id="s1-s1-t4" name="Validar tipos de dados" line="28">
<kw name="Teste de Tipos de Dados" owner="random-user-service">
<kw name="GET On Session" owner="RequestsLibrary">
<msg time="2024-07-04T02:32:16.660564" level="INFO">GET Request : url=https://randomuser.me/api 
 path_url=/api 
 headers={'User-Agent': 'python-requests/2.32.3', 'Accept-Encoding': 'gzip, deflate', 'Accept': '*/*', 'Connection': 'keep-alive'} 
 body=None 
 </msg>
<msg time="2024-07-04T02:32:16.660630" level="INFO">GET Response : url=https://randomuser.me/api 
 status=200, reason=OK 
 headers={'Date': 'Thu, 04 Jul 2024 02:32:16 GMT', 'Content-Type': 'application/json; charset=utf-8', 'Transfer-Encoding': 'chunked', 'Connection': 'keep-alive', 'X-Powered-By': 'Express', 'Access-Control-Allow-Origin': '*', 'Cache-Control': 'no-cache', 'ETag': 'W/"49d-l7dmg2SRH0YlwkDswlWIkQYRX1Q"', 'Vary': 'Accept-Encoding', 'Content-Encoding': 'gzip', 'CF-Cache-Status': 'DYNAMIC', 'Report-To': '{"endpoints":[{"url":"https:\\/\\/a.nel.cloudflare.com\\/report\\/v4?s=IKs0rwoXVWJXgPgfGURyNR%2F5Bap9VyeSIYNWyZiWVgrdXiDXddt3uQL%2BQQBiFXp%2FbA0CkuO0CTCB%2BCWYTVzitmJH9o5YSL3YhTKfbjjFfehLxaZHMAASoBMqVG8mmV5h"}],"group":"cf-nel","max_age":604800}', 'NEL': '{"success_fraction":0,"report_to":"cf-nel","max_age":604800}', 'Server': 'cloudflare', 'CF-RAY': '89dbb42e3de69c76-IAD', 'alt-svc': 'h3=":443"; ma=86400'} 
 body={"results":[{"gender":"female","name":{"title":"Miss","first":"Enni","last":"Sippola"},"location":{"street":{"number":6352,"name":"Esplanadi"},"city":"Köyliö","state":"Southern Ostrobothnia","country":"Finland","postcode":72987,"coordinates":{"latitude":"-28.4396","longitude":"134.7011"},"timezone":{"offset":"-8:00","description":"Pacific Time (US &amp; Canada)"}},"email":"enni.sippola@example.com","login":{"uuid":"4d12a16c-bbc6-4c63-8cac-d8dcf9e30b20","username":"silversnake578","password":"patriots","salt":"QVyWxmsU","md5":"6c8e46fa7f54f408ac6d58db175e43a8","sha1":"6a3dd755eb48ebb6042629a880ec862d83a9c530","sha256":"1b79b3951f799776609ec53841b64e56fc3d8efa83f284500ca1542e56d97ac0"},"dob":{"date":"1993-05-23T15:46:27.794Z","age":31},"registered":{"date":"2017-12-12T17:44:36.221Z","age":6},"phone":"06-910-610","cell":"047-480-80-18","id":{"name":"HETU","value":"NaNNA228undefined"},"picture":{"large":"https://randomuser.me/api/portraits/women/95.jpg","medium":"https://randomuser.me/api/portraits/med/women/95.jpg","thumbnail":"https://randomuser.me/api/portraits/thumb/women/95.jpg"},"nat":"FI"}],"info":{"seed":"9fe84e78e6e5ce51","results":1,"page":1,"version":"1.4"}} 
 </msg>
<msg time="2024-07-04T02:32:16.660688" level="INFO">/opt/hostedtoolcache/Python/3.12.4/x64/lib/python3.12/site-packages/urllib3/connectionpool.py:1099: InsecureRequestWarning: Unverified HTTPS request is being made to host 'randomuser.me'. Adding certificate verification is strongly advised. See: https://urllib3.readthedocs.io/en/latest/advanced-usage.html#tls-warnings
  warnings.warn(</msg>
<msg time="2024-07-04T02:32:16.660790" level="INFO">${response} = &lt;Response [200]&gt;</msg>
<var>${response}</var>
<arg>consultarAPI</arg>
<arg>/api</arg>
<doc>Sends a GET request on a previously created HTTP Session.</doc>
<status status="PASS" start="2024-07-04T02:32:16.353707" elapsed="0.307119"/>
</kw>
<kw name="Set Variable" owner="BuiltIn">
<msg time="2024-07-04T02:32:16.661757" level="INFO">${json_data} = {'results': [{'gender': 'female', 'name': {'title': 'Miss', 'first': 'Enni', 'last': 'Sippola'}, 'location': {'street': {'number': 6352, 'name': 'Esplanadi'}, 'city': 'Köyliö', 'state': 'Southern Ostr...</msg>
<var>${json_data}</var>
<arg>${response.json()}</arg>
<doc>Returns the given values which can then be assigned to a variables.</doc>
<status status="PASS" start="2024-07-04T02:32:16.661284" elapsed="0.000505"/>
</kw>
<kw name="Log" owner="BuiltIn">
<msg time="2024-07-04T02:32:16.662547" level="INFO">{'results': [{'gender': 'female', 'name': {'title': 'Miss', 'first': 'Enni', 'last': 'Sippola'}, 'location': {'street': {'number': 6352, 'name': 'Esplanadi'}, 'city': 'Köyliö', 'state': 'Southern Ostrobothnia', 'country': 'Finland', 'postcode': 72987, 'coordinates': {'latitude': '-28.4396', 'longitude': '134.7011'}, 'timezone': {'offset': '-8:00', 'description': 'Pacific Time (US &amp; Canada)'}}, 'email': 'enni.sippola@example.com', 'login': {'uuid': '4d12a16c-bbc6-4c63-8cac-d8dcf9e30b20', 'username': 'silversnake578', 'password': 'patriots', 'salt': 'QVyWxmsU', 'md5': '6c8e46fa7f54f408ac6d58db175e43a8', 'sha1': '6a3dd755eb48ebb6042629a880ec862d83a9c530', 'sha256': '1b79b3951f799776609ec53841b64e56fc3d8efa83f284500ca1542e56d97ac0'}, 'dob': {'date': '1993-05-23T15:46:27.794Z', 'age': 31}, 'registered': {'date': '2017-12-12T17:44:36.221Z', 'age': 6}, 'phone': '06-910-610', 'cell': '047-480-80-18', 'id': {'name': 'HETU', 'value': 'NaNNA228undefined'}, 'picture': {'large': 'https://randomuser.me/api/portraits/women/95.jpg', 'medium': 'https://randomuser.me/api/portraits/med/women/95.jpg', 'thumbnail': 'https://randomuser.me/api/portraits/thumb/women/95.jpg'}, 'nat': 'FI'}], 'info': {'seed': '9fe84e78e6e5ce51', 'results': 1, 'page': 1, 'version': '1.4'}}</msg>
<arg>${json_data}</arg>
<doc>Logs the given message with the given level.</doc>
<status status="PASS" start="2024-07-04T02:32:16.662363" elapsed="0.000234"/>
</kw>
<kw name="Should Be String" owner="String">
<arg>${json_data['results'][0]['gender']}</arg>
<doc>Fails if the given ``item`` is not a string.</doc>
<status status="PASS" start="2024-07-04T02:32:16.662893" elapsed="0.000402"/>
</kw>
<kw name="Should Match Regexp" owner="BuiltIn">
<arg>${json_data['results'][0]['email']}</arg>
<arg>^[a-zA-Z0-9._%+-]+@[a-zA-Z0-9.-]+\.[a-zA-Z]{2,}$</arg>
<doc>Fails if ``string`` does not match ``pattern`` as a regular expression.</doc>
<status status="PASS" start="2024-07-04T02:32:16.663512" elapsed="0.000507"/>
</kw>
<kw name="Should Match Regexp" owner="BuiltIn">
<arg>${json_data['results'][0]['dob']['date']}</arg>
<arg>\\d{4}-\\d{2}-\\d{2}T\\d{2}:\\d{2}:\\d{2}\\.\\d{3}Z</arg>
<doc>Fails if ``string`` does not match ``pattern`` as a regular expression.</doc>
<status status="PASS" start="2024-07-04T02:32:16.664209" elapsed="0.000628"/>
</kw>
<kw name="Should Match Regexp" owner="BuiltIn">
<arg>${json_data['results'][0]['registered']['date']}</arg>
<arg>\\d{4}-\\d{2}-\\d{2}T\\d{2}:\\d{2}:\\d{2}\\.\\d{3}Z</arg>
<doc>Fails if ``string`` does not match ``pattern`` as a regular expression.</doc>
<status status="PASS" start="2024-07-04T02:32:16.665025" elapsed="0.000363"/>
</kw>
<kw name="Should Match Regexp" owner="BuiltIn">
<arg>${json_data['results'][0]['picture']['large']}</arg>
<arg>^https?://.*\.(?:png|jpe?g|gif|bmp)$</arg>
<doc>Fails if ``string`` does not match ``pattern`` as a regular expression.</doc>
<status status="PASS" start="2024-07-04T02:32:16.665563" elapsed="0.000542"/>
</kw>
<kw name="Should Match Regexp" owner="BuiltIn">
<arg>${json_data['results'][0]['picture']['medium']}</arg>
<arg>^https?://.*\.(?:png|jpe?g|gif|bmp)$</arg>
<doc>Fails if ``string`` does not match ``pattern`` as a regular expression.</doc>
<status status="PASS" start="2024-07-04T02:32:16.666286" elapsed="0.000344"/>
</kw>
<kw name="Should Match Regexp" owner="BuiltIn">
<arg>${json_data['results'][0]['picture']['thumbnail']}</arg>
<arg>^https?://.*\.(?:png|jpe?g|gif|bmp)$</arg>
<doc>Fails if ``string`` does not match ``pattern`` as a regular expression.</doc>
<status status="PASS" start="2024-07-04T02:32:16.666805" elapsed="0.000338"/>
</kw>
<kw name="Log" owner="BuiltIn">
<msg time="2024-07-04T02:32:16.667826" level="INFO">{'large': 'https://randomuser.me/api/portraits/women/95.jpg', 'medium': 'https://randomuser.me/api/portraits/med/women/95.jpg', 'thumbnail': 'https://randomuser.me/api/portraits/thumb/women/95.jpg'}</msg>
<arg>${json_data['results'][0]['picture']}</arg>
<doc>Logs the given message with the given level.</doc>
<status status="PASS" start="2024-07-04T02:32:16.667319" elapsed="0.000547"/>
</kw>
<status status="PASS" start="2024-07-04T02:32:16.353487" elapsed="0.314629"/>
</kw>
<kw name="Teste de Tipos de Dados - Postcode" owner="random-user-service">
<kw name="GET On Session" owner="RequestsLibrary">
<msg time="2024-07-04T02:32:16.770510" level="INFO">GET Request : url=https://randomuser.me/api 
 path_url=/api 
 headers={'User-Agent': 'python-requests/2.32.3', 'Accept-Encoding': 'gzip, deflate', 'Accept': '*/*', 'Connection': 'keep-alive'} 
 body=None 
 </msg>
<msg time="2024-07-04T02:32:16.770597" level="INFO">GET Response : url=https://randomuser.me/api 
 status=200, reason=OK 
 headers={'Date': 'Thu, 04 Jul 2024 02:32:16 GMT', 'Content-Type': 'application/json; charset=utf-8', 'Transfer-Encoding': 'chunked', 'Connection': 'keep-alive', 'X-Powered-By': 'Express', 'Access-Control-Allow-Origin': '*', 'Cache-Control': 'no-cache', 'ETag': 'W/"486-pGuY/LnRoPR+199Ntfhasm9evrk"', 'Vary': 'Accept-Encoding', 'Content-Encoding': 'gzip', 'CF-Cache-Status': 'DYNAMIC', 'Report-To': '{"endpoints":[{"url":"https:\\/\\/a.nel.cloudflare.com\\/report\\/v4?s=0chIrLZml%2BIG%2BHPUsYCyOnJCE%2BfBU%2Bl%2B9HEd%2FgNF4dHRPVsTedeTHWjyC%2F0WW4tiz9TCJvWPqfGYQa6Rc18jbSMtvPDtIbR8jNlP4%2B3QMO3WRkMd%2F5NA823ucfhUZ3ih"}],"group":"cf-nel","max_age":604800}', 'NEL': '{"success_fraction":0,"report_to":"cf-nel","max_age":604800}', 'Server': 'cloudflare', 'CF-RAY': '89dbb4303fdf9c76-IAD', 'alt-svc': 'h3=":443"; ma=86400'} 
 body={"results":[{"gender":"male","name":{"title":"Mr","first":"Johnny","last":"Phillips"},"location":{"street":{"number":5654,"name":"Valley View Ln"},"city":"Maitland","state":"Queensland","country":"Australia","postcode":7291,"coordinates":{"latitude":"-88.8203","longitude":"-2.3747"},"timezone":{"offset":"-8:00","description":"Pacific Time (US &amp; Canada)"}},"email":"johnny.phillips@example.com","login":{"uuid":"8b29d96d-d676-4161-8c5e-8391842e15ef","username":"greentiger604","password":"romans","salt":"YzDxfygX","md5":"dead88a523547ed398bc236ba3d57548","sha1":"4bcac080b5b91aeaa2e635bea5fb018d8cabeec5","sha256":"0ec6188cf6db2941dbc7a42c70b1347452229aff33cc20d92f85c26fb3e083f3"},"dob":{"date":"1958-03-08T03:23:24.493Z","age":66},"registered":{"date":"2014-04-14T15:32:04.950Z","age":10},"phone":"05-3181-3990","cell":"0469-603-299","id":{"name":"TFN","value":"393142625"},"picture":{"large":"https://randomuser.me/api/portraits/men/6.jpg","medium":"https://randomuser.me/api/portraits/med/men/6.jpg","thumbnail":"https://randomuser.me/api/portraits/thumb/men/6.jpg"},"nat":"AU"}],"info":{"seed":"4f480fb626eefc23","results":1,"page":1,"version":"1.4"}} 
 </msg>
<msg time="2024-07-04T02:32:16.770671" level="INFO">/opt/hostedtoolcache/Python/3.12.4/x64/lib/python3.12/site-packages/urllib3/connectionpool.py:1099: InsecureRequestWarning: Unverified HTTPS request is being made to host 'randomuser.me'. Adding certificate verification is strongly advised. See: https://urllib3.readthedocs.io/en/latest/advanced-usage.html#tls-warnings
  warnings.warn(</msg>
<msg time="2024-07-04T02:32:16.770812" level="INFO">${response} = &lt;Response [200]&gt;</msg>
<var>${response}</var>
<arg>consultarAPI</arg>
<arg>/api</arg>
<doc>Sends a GET request on a previously created HTTP Session.</doc>
<status status="PASS" start="2024-07-04T02:32:16.668832" elapsed="0.102040"/>
</kw>
<kw name="Set Variable" owner="BuiltIn">
<msg time="2024-07-04T02:32:16.771659" level="INFO">${json_data} = {'results': [{'gender': 'male', 'name': {'title': 'Mr', 'first': 'Johnny', 'last': 'Phillips'}, 'location': {'street': {'number': 5654, 'name': 'Valley View Ln'}, 'city': 'Maitland', 'state': 'Queensl...</msg>
<var>${json_data}</var>
<arg>${response.json()}</arg>
<doc>Returns the given values which can then be assigned to a variables.</doc>
<status status="PASS" start="2024-07-04T02:32:16.771226" elapsed="0.000460"/>
</kw>
<kw name="Log" owner="BuiltIn">
<msg time="2024-07-04T02:32:16.772137" level="INFO">{'results': [{'gender': 'male', 'name': {'title': 'Mr', 'first': 'Johnny', 'last': 'Phillips'}, 'location': {'street': {'number': 5654, 'name': 'Valley View Ln'}, 'city': 'Maitland', 'state': 'Queensland', 'country': 'Australia', 'postcode': 7291, 'coordinates': {'latitude': '-88.8203', 'longitude': '-2.3747'}, 'timezone': {'offset': '-8:00', 'description': 'Pacific Time (US &amp; Canada)'}}, 'email': 'johnny.phillips@example.com', 'login': {'uuid': '8b29d96d-d676-4161-8c5e-8391842e15ef', 'username': 'greentiger604', 'password': 'romans', 'salt': 'YzDxfygX', 'md5': 'dead88a523547ed398bc236ba3d57548', 'sha1': '4bcac080b5b91aeaa2e635bea5fb018d8cabeec5', 'sha256': '0ec6188cf6db2941dbc7a42c70b1347452229aff33cc20d92f85c26fb3e083f3'}, 'dob': {'date': '1958-03-08T03:23:24.493Z', 'age': 66}, 'registered': {'date': '2014-04-14T15:32:04.950Z', 'age': 10}, 'phone': '05-3181-3990', 'cell': '0469-603-299', 'id': {'name': 'TFN', 'value': '393142625'}, 'picture': {'large': 'https://randomuser.me/api/portraits/men/6.jpg', 'medium': 'https://randomuser.me/api/portraits/med/men/6.jpg', 'thumbnail': 'https://randomuser.me/api/portraits/thumb/men/6.jpg'}, 'nat': 'AU'}], 'info': {'seed': '4f480fb626eefc23', 'results': 1, 'page': 1, 'version': '1.4'}}</msg>
<arg>${json_data}</arg>
<doc>Logs the given message with the given level.</doc>
<status status="PASS" start="2024-07-04T02:32:16.771983" elapsed="0.000200"/>
</kw>
<kw name="Should Be Equal As Numbers" owner="BuiltIn">
<arg>${json_data['results'][0]['location']['postcode']}</arg>
<arg>${json_data['results'][0]['location']['postcode']}</arg>
<doc>Fails if objects are unequal after converting them to real numbers.</doc>
<status status="PASS" start="2024-07-04T02:32:16.772517" elapsed="0.000622"/>
</kw>
<kw name="Log" owner="BuiltIn">
<msg time="2024-07-04T02:32:16.773814" level="INFO">7291</msg>
<arg>${json_data['results'][0]['location']['postcode']}</arg>
<doc>Logs the given message with the given level.</doc>
<status status="PASS" start="2024-07-04T02:32:16.773356" elapsed="0.000499"/>
</kw>
<status status="PASS" start="2024-07-04T02:32:16.668551" elapsed="0.105556"/>
</kw>
<doc>Testa se os tipos de dados na resposta da API estão corretos.</doc>
<tag>testeTiposDados</tag>
<status status="PASS" start="2024-07-04T02:32:16.353058" elapsed="0.421206"/>
</test>
<test id="s1-s1-t5" name="Validar conteudo" line="35">
<kw name="Teste de Tipos de Conteudo" owner="random-user-service">
<kw name="GET On Session" owner="RequestsLibrary">
<msg time="2024-07-04T02:32:16.827618" level="INFO">GET Request : url=https://randomuser.me/api 
 path_url=/api 
 headers={'User-Agent': 'python-requests/2.32.3', 'Accept-Encoding': 'gzip, deflate', 'Accept': '*/*', 'Connection': 'keep-alive'} 
 body=None 
 </msg>
<msg time="2024-07-04T02:32:16.827704" level="INFO">GET Response : url=https://randomuser.me/api 
 status=200, reason=OK 
 headers={'Date': 'Thu, 04 Jul 2024 02:32:16 GMT', 'Content-Type': 'application/json; charset=utf-8', 'Transfer-Encoding': 'chunked', 'Connection': 'keep-alive', 'X-Powered-By': 'Express', 'Access-Control-Allow-Origin': '*', 'Cache-Control': 'no-cache', 'ETag': 'W/"495-pe9cWuGjRm6FUA1+8Agj02Nkn+U"', 'Vary': 'Accept-Encoding', 'Content-Encoding': 'gzip', 'CF-Cache-Status': 'DYNAMIC', 'Report-To': '{"endpoints":[{"url":"https:\\/\\/a.nel.cloudflare.com\\/report\\/v4?s=YAVx0PjlKUfDVkqlB5pLMccSlELe%2FsrRLbqUvrA%2Feu7EPVj782MqdXrhBzxsMMnYyPF8FfSrKIkjMKp5bEUodpytZMQOstk2hhFLwiD%2F0MNDsVyDLUljAN1xDp%2BoeMy8"}],"group":"cf-nel","max_age":604800}', 'NEL': '{"success_fraction":0,"report_to":"cf-nel","max_age":604800}', 'Server': 'cloudflare', 'CF-RAY': '89dbb430e89c9c76-IAD', 'alt-svc': 'h3=":443"; ma=86400'} 
 body={"results":[{"gender":"female","name":{"title":"Miss","first":"هستی","last":"كامياران"},"location":{"street":{"number":7733,"name":"بلوار کشاورز"},"city":"مشهد","state":"چهارمحال و بختیاری","country":"Iran","postcode":85660,"coordinates":{"latitude":"14.4571","longitude":"150.1408"},"timezone":{"offset":"+5:45","description":"Kathmandu"}},"email":"hsty.kmyrn@example.com","login":{"uuid":"c82bc2bc-da96-4e9f-bb62-d878022c4b26","username":"blackswan566","password":"hang","salt":"OMy3L7BR","md5":"8bb0b5cfbda455f09fe6a3c50e33ea32","sha1":"d6bf1f211b13212570a580c1ecf45ed5eaa071b6","sha256":"87b8a42e0d05090899f01997e688c3d07c40c689878515049535784b37ae24b1"},"dob":{"date":"1971-06-14T15:55:21.333Z","age":53},"registered":{"date":"2012-09-02T03:53:42.469Z","age":11},"phone":"011-73714000","cell":"0929-472-0123","id":{"name":"","value":null},"picture":{"large":"https://randomuser.me/api/portraits/women/3.jpg","medium":"https://randomuser.me/api/portraits/med/women/3.jpg","thumbnail":"https://randomuser.me/api/portraits/thumb/women/3.jpg"},"nat":"IR"}],"info":{"seed":"6dbd72ae89773fac","results":1,"page":1,"version":"1.4"}} 
 </msg>
<msg time="2024-07-04T02:32:16.827780" level="INFO">/opt/hostedtoolcache/Python/3.12.4/x64/lib/python3.12/site-packages/urllib3/connectionpool.py:1099: InsecureRequestWarning: Unverified HTTPS request is being made to host 'randomuser.me'. Adding certificate verification is strongly advised. See: https://urllib3.readthedocs.io/en/latest/advanced-usage.html#tls-warnings
  warnings.warn(</msg>
<msg time="2024-07-04T02:32:16.827920" level="INFO">${response} = &lt;Response [200]&gt;</msg>
<var>${response}</var>
<arg>consultarAPI</arg>
<arg>/api</arg>
<doc>Sends a GET request on a previously created HTTP Session.</doc>
<status status="PASS" start="2024-07-04T02:32:16.776666" elapsed="0.051312"/>
</kw>
<kw name="Set Variable" owner="BuiltIn">
<msg time="2024-07-04T02:32:16.828854" level="INFO">${json_data} = {'results': [{'gender': 'female', 'name': {'title': 'Miss', 'first': 'هستی', 'last': 'كامياران'}, 'location': {'street': {'number': 7733, 'name': 'بلوار کشاورز'}, 'city': 'مشهد', 'state': 'چهارمحال و ...</msg>
<var>${json_data}</var>
<arg>${response.json()}</arg>
<doc>Returns the given values which can then be assigned to a variables.</doc>
<status status="PASS" start="2024-07-04T02:32:16.828397" elapsed="0.000488"/>
</kw>
<kw name="Set Variable" owner="BuiltIn">
<msg time="2024-07-04T02:32:16.829562" level="INFO">${name_title} = Miss</msg>
<var>${name_title}</var>
<arg>${json_data["results"][0]["name"]["title"]}</arg>
<doc>Returns the given values which can then be assigned to a variables.</doc>
<status status="PASS" start="2024-07-04T02:32:16.829190" elapsed="0.000398"/>
</kw>
<kw name="Create List" owner="BuiltIn">
<msg time="2024-07-04T02:32:16.830025" level="INFO">${allowed_titles} = ['Mr', 'Ms', 'Miss', 'Mrs', 'Madame', 'Monsieur']</msg>
<var>${allowed_titles}</var>
<arg>Mr</arg>
<arg>Ms</arg>
<arg>Miss</arg>
<arg>Mrs</arg>
<arg>Madame</arg>
<arg>Monsieur</arg>
<doc>Returns a list containing given items.</doc>
<status status="PASS" start="2024-07-04T02:32:16.829878" elapsed="0.000170"/>
</kw>
<kw name="List Should Contain Value" owner="Collections">
<arg>${allowed_titles}</arg>
<arg>${name_title}</arg>
<doc>Fails if the ``value`` is not found from ``list``.</doc>
<status status="PASS" start="2024-07-04T02:32:16.830344" elapsed="0.000175"/>
</kw>
<kw name="Set Variable" owner="BuiltIn">
<msg time="2024-07-04T02:32:16.831054" level="INFO">${name_country} = IR</msg>
<var>${name_country}</var>
<arg>${json_data["results"][0]["nat"]}</arg>
<doc>Returns the given values which can then be assigned to a variables.</doc>
<status status="PASS" start="2024-07-04T02:32:16.830695" elapsed="0.000383"/>
</kw>
<kw name="Create List" owner="BuiltIn">
<msg time="2024-07-04T02:32:16.831953" level="INFO">${list_country} = ['AD', 'AE', 'AF', 'AG', 'AI', 'AL', 'AM', 'AO', 'AQ', 'AR', 'AS', 'AT', 'AU', 'AW', 'AX', 'AZ', 'BA', 'BB', 'BD', 'BE', 'BF', 'BG', 'BH', 'BI', 'BJ', 'BL', 'BM', 'BN', 'BO', 'BQ', 'BR', 'BS', 'BT', '...</msg>
<var>${list_country}</var>
<arg>AD</arg>
<arg>AE</arg>
<arg>AF</arg>
<arg>AG</arg>
<arg>AI</arg>
<arg>AL</arg>
<arg>AM</arg>
<arg>AO</arg>
<arg>AQ</arg>
<arg>AR</arg>
<arg>AS</arg>
<arg>AT</arg>
<arg>AU</arg>
<arg>AW</arg>
<arg>AX</arg>
<arg>AZ</arg>
<arg>BA</arg>
<arg>BB</arg>
<arg>BD</arg>
<arg>BE</arg>
<arg>BF</arg>
<arg>BG</arg>
<arg>BH</arg>
<arg>BI</arg>
<arg>BJ</arg>
<arg>BL</arg>
<arg>BM</arg>
<arg>BN</arg>
<arg>BO</arg>
<arg>BQ</arg>
<arg>BR</arg>
<arg>BS</arg>
<arg>BT</arg>
<arg>BV</arg>
<arg>BW</arg>
<arg>BY</arg>
<arg>BZ</arg>
<arg>CA</arg>
<arg>CC</arg>
<arg>CD</arg>
<arg>CF</arg>
<arg>CG</arg>
<arg>CH</arg>
<arg>CI</arg>
<arg>CK</arg>
<arg>CL</arg>
<arg>CM</arg>
<arg>CN</arg>
<arg>CO</arg>
<arg>CR</arg>
<arg>CU</arg>
<arg>CV</arg>
<arg>CW</arg>
<arg>CX</arg>
<arg>CY</arg>
<arg>CZ</arg>
<arg>DE</arg>
<arg>DJ</arg>
<arg>DK</arg>
<arg>DM</arg>
<arg>DO</arg>
<arg>DZ</arg>
<arg>EC</arg>
<arg>EE</arg>
<arg>EG</arg>
<arg>EH</arg>
<arg>ER</arg>
<arg>ES</arg>
<arg>ET</arg>
<arg>FI</arg>
<arg>FJ</arg>
<arg>FK</arg>
<arg>FM</arg>
<arg>FO</arg>
<arg>FR</arg>
<arg>GA</arg>
<arg>GB</arg>
<arg>GD</arg>
<arg>GE</arg>
<arg>GF</arg>
<arg>GG</arg>
<arg>GH</arg>
<arg>GI</arg>
<arg>GL</arg>
<arg>GM</arg>
<arg>GN</arg>
<arg>GP</arg>
<arg>GQ</arg>
<arg>GR</arg>
<arg>GS</arg>
<arg>GT</arg>
<arg>GU</arg>
<arg>GW</arg>
<arg>GY</arg>
<arg>HK</arg>
<arg>HM</arg>
<arg>HN</arg>
<arg>HR</arg>
<arg>HT</arg>
<arg>HU</arg>
<arg>ID</arg>
<arg>IE</arg>
<arg>IL</arg>
<arg>IM</arg>
<arg>IN</arg>
<arg>IO</arg>
<arg>IQ</arg>
<arg>IR</arg>
<arg>IS</arg>
<arg>IT</arg>
<arg>JE</arg>
<arg>JM</arg>
<arg>JO</arg>
<arg>JP</arg>
<arg>KE</arg>
<arg>KG</arg>
<arg>KH</arg>
<arg>KI</arg>
<arg>KM</arg>
<arg>KN</arg>
<arg>KP</arg>
<arg>KR</arg>
<arg>KW</arg>
<arg>KY</arg>
<arg>KZ</arg>
<arg>LA</arg>
<arg>LB</arg>
<arg>LC</arg>
<arg>LI</arg>
<arg>LK</arg>
<arg>LR</arg>
<arg>LS</arg>
<arg>LT</arg>
<arg>LU</arg>
<arg>LV</arg>
<arg>LY</arg>
<arg>MA</arg>
<arg>MC</arg>
<arg>MD</arg>
<arg>ME</arg>
<arg>MF</arg>
<arg>MG</arg>
<arg>MH</arg>
<arg>MK</arg>
<arg>ML</arg>
<arg>MM</arg>
<arg>MN</arg>
<arg>MO</arg>
<arg>MP</arg>
<arg>MQ</arg>
<arg>MR</arg>
<arg>MS</arg>
<arg>MT</arg>
<arg>MU</arg>
<arg>MV</arg>
<arg>MW</arg>
<arg>MX</arg>
<arg>MY</arg>
<arg>MZ</arg>
<arg>NA</arg>
<arg>NC</arg>
<arg>NE</arg>
<arg>NF</arg>
<arg>NG</arg>
<arg>NI</arg>
<arg>NL</arg>
<arg>NO</arg>
<arg>NP</arg>
<arg>NR</arg>
<arg>NU</arg>
<arg>NZ</arg>
<arg>OM</arg>
<arg>PA</arg>
<arg>PE</arg>
<arg>PF</arg>
<arg>PG</arg>
<arg>PH</arg>
<arg>PK</arg>
<arg>PL</arg>
<arg>PM</arg>
<arg>PN</arg>
<arg>PR</arg>
<arg>PS</arg>
<arg>PT</arg>
<arg>PW</arg>
<arg>PY</arg>
<arg>QA</arg>
<arg>RE</arg>
<arg>RO</arg>
<arg>RS</arg>
<arg>RU</arg>
<arg>RW</arg>
<arg>SA</arg>
<arg>SB</arg>
<arg>SC</arg>
<arg>SD</arg>
<arg>SE</arg>
<arg>SG</arg>
<arg>SH</arg>
<arg>SI</arg>
<arg>SJ</arg>
<arg>SK</arg>
<arg>SL</arg>
<arg>SM</arg>
<arg>SN</arg>
<arg>SO</arg>
<arg>SR</arg>
<arg>SS</arg>
<arg>ST</arg>
<arg>SV</arg>
<arg>SX</arg>
<arg>SY</arg>
<arg>SZ</arg>
<arg>TC</arg>
<arg>TD</arg>
<arg>TF</arg>
<arg>TG</arg>
<arg>TH</arg>
<arg>TJ</arg>
<arg>TK</arg>
<arg>TL</arg>
<arg>TM</arg>
<arg>TN</arg>
<arg>TO</arg>
<arg>TR</arg>
<arg>TT</arg>
<arg>TV</arg>
<arg>TW</arg>
<arg>TZ</arg>
<arg>UA</arg>
<arg>UG</arg>
<arg>UM</arg>
<arg>US</arg>
<arg>UY</arg>
<arg>UZ</arg>
<arg>VA</arg>
<arg>VC</arg>
<arg>VE</arg>
<arg>VG</arg>
<arg>VI</arg>
<arg>VN</arg>
<arg>VU</arg>
<arg>WF</arg>
<arg>WS</arg>
<arg>XK</arg>
<arg>YE</arg>
<arg>YT</arg>
<arg>ZA</arg>
<arg>ZM</arg>
<arg>ZW</arg>
<doc>Returns a list containing given items.</doc>
<status status="PASS" start="2024-07-04T02:32:16.831366" elapsed="0.000612"/>
</kw>
<kw name="List Should Contain Value" owner="Collections">
<arg>${list_country}</arg>
<arg>${name_country}</arg>
<doc>Fails if the ``value`` is not found from ``list``.</doc>
<status status="PASS" start="2024-07-04T02:32:16.832797" elapsed="0.000201"/>
</kw>
<kw name="Run Keyword If" owner="BuiltIn">
<kw name="Should Be True" owner="BuiltIn">
<arg>${True}</arg>
<doc>Fails if the given condition is not true.</doc>
<status status="PASS" start="2024-07-04T02:32:16.833917" elapsed="0.000140"/>
</kw>
<arg>${json_data["results"][0]["location"]["coordinates"]["latitude"]} &gt;= -90 and ${json_data["results"][0]["location"]["coordinates"]["latitude"]} &lt;= 90</arg>
<arg>Should Be True</arg>
<arg>${True}</arg>
<doc>Runs the given keyword with the given arguments, if ``condition`` is true.</doc>
<status status="PASS" start="2024-07-04T02:32:16.833190" elapsed="0.000990"/>
</kw>
<kw name="Run Keyword If" owner="BuiltIn">
<kw name="Should Be True" owner="BuiltIn">
<arg>${True}</arg>
<doc>Fails if the given condition is not true.</doc>
<status status="PASS" start="2024-07-04T02:32:16.835048" elapsed="0.000226"/>
</kw>
<arg>${json_data["results"][0]["location"]["coordinates"]["longitude"]} &gt;= -180 and ${json_data["results"][0]["location"]["coordinates"]["longitude"]} &lt;= 180</arg>
<arg>Should Be True</arg>
<arg>${True}</arg>
<doc>Runs the given keyword with the given arguments, if ``condition`` is true.</doc>
<status status="PASS" start="2024-07-04T02:32:16.834357" elapsed="0.001045"/>
</kw>
<status status="PASS" start="2024-07-04T02:32:16.776451" elapsed="0.059078"/>
</kw>
<doc>Testa o conteúdo específico dos campos retornados pela API.</doc>
<tag>testeConteudo</tag>
<status status="PASS" start="2024-07-04T02:32:16.775997" elapsed="0.059670"/>
</test>
<status status="PASS" start="2024-07-04T02:32:15.813838" elapsed="1.023812"/>
</suite>
<status status="PASS" start="2024-07-04T02:32:15.799640" elapsed="1.042915"/>
</suite>
<statistics>
<total>
<stat pass="5" fail="0" skip="0">All Tests</stat>
</total>
<tag>
<stat pass="1" fail="0" skip="0">testeConteudo</stat>
<stat pass="1" fail="0" skip="0">testeEstruturaResposta</stat>
<stat pass="1" fail="0" skip="0">testeRequisicaoBasica</stat>
<stat pass="1" fail="0" skip="0">testeTiposDados</stat>
</tag>
<suite>
<stat pass="5" fail="0" skip="0" id="s1" name="Tests">Tests</stat>
<stat pass="5" fail="0" skip="0" id="s1-s1" name="Random-User-Test">Tests.Random-User-Test</stat>
</suite>
</statistics>
<errors>
</errors>
</robot>
