<?xml version="1.0" encoding="UTF-8"?>
<robot generator="Robot 7.0.1 (Python 3.12.4 on linux)" generated="2024-07-10T08:20:19.067062" rpa="false" schemaversion="5">
<suite id="s1" name="Tests" source="/home/runner/work/ApiRandomUser/ApiRandomUser/RamdonUser/tests">
<suite id="s1-s1" name="Random-User-Test" source="/home/runner/work/ApiRandomUser/ApiRandomUser/RamdonUser/tests/random-user-test.robot">
<test id="s1-s1-t1" name="Conectar" line="13">
<kw name="Conectar API" owner="random-user-service">
<kw name="Create Session" owner="RequestsLibrary">
<msg time="2024-07-10T08:20:19.463943" level="INFO">Creating Session using : alias=consultarAPI, url=https://randomuser.me/, headers={},                     cookies={}, auth=None, timeout=None, proxies=None, verify=False,                     debug=0 </msg>
<arg>consultarAPI</arg>
<arg>${URL}</arg>
<doc>Create Session: create a HTTP session to a server</doc>
<status status="PASS" start="2024-07-10T08:20:19.463746" elapsed="0.000374"/>
</kw>
<status status="PASS" start="2024-07-10T08:20:19.462781" elapsed="0.001696"/>
</kw>
<status status="PASS" start="2024-07-10T08:20:19.462179" elapsed="0.002487"/>
</test>
<test id="s1-s1-t2" name="Validar retorno 200 e JSON Válido" line="16">
<kw name="Teste de Requisicao Basica" owner="random-user-service">
<kw name="GET On Session" owner="RequestsLibrary">
<msg time="2024-07-10T08:20:19.669437" level="INFO">GET Request : url=https://randomuser.me/api 
 path_url=/api 
 headers={'User-Agent': 'python-requests/2.32.3', 'Accept-Encoding': 'gzip, deflate', 'Accept': '*/*', 'Connection': 'keep-alive'} 
 body=None 
 </msg>
<msg time="2024-07-10T08:20:19.669579" level="INFO">GET Response : url=https://randomuser.me/api 
 status=200, reason=OK 
 headers={'Date': 'Wed, 10 Jul 2024 08:20:19 GMT', 'Content-Type': 'application/json; charset=utf-8', 'Transfer-Encoding': 'chunked', 'Connection': 'keep-alive', 'X-Powered-By': 'Express', 'Access-Control-Allow-Origin': '*', 'Cache-Control': 'no-cache', 'ETag': 'W/"4a7-7uWZpzlKWACuYlMeXQCkNhORrSE"', 'Vary': 'Accept-Encoding', 'Content-Encoding': 'gzip', 'CF-Cache-Status': 'DYNAMIC', 'Report-To': '{"endpoints":[{"url":"https:\\/\\/a.nel.cloudflare.com\\/report\\/v4?s=Hk2WOjSzn0qQQIaeSpB2iKDizLbb4IV5s2chQfj4TeS3v4K2dnMsPj9U49wItwqGfD3oH8CaZGmzXf8wWDIwbFhrgf5%2FOw19iYNtDYaaegA%2BJmhrh3Rn8sRflI%2FbiX%2B%2F"}],"group":"cf-nel","max_age":604800}', 'NEL': '{"success_fraction":0,"report_to":"cf-nel","max_age":604800}', 'Server': 'cloudflare', 'CF-RAY': '8a0f22469ce4208e-IAD', 'alt-svc': 'h3=":443"; ma=86400'} 
 body={"results":[{"gender":"female","name":{"title":"Ms","first":"Gabriela","last":"Hernádez"},"location":{"street":{"number":1182,"name":"Boulevard Morelos"},"city":"Tangancícuaro","state":"Tamaulipas","country":"Mexico","postcode":65552,"coordinates":{"latitude":"28.1219","longitude":"57.8172"},"timezone":{"offset":"+7:00","description":"Bangkok, Hanoi, Jakarta"}},"email":"gabriela.hernadez@example.com","login":{"uuid":"66fd12dd-97ea-4b5c-9c35-8481d9712683","username":"greenleopard346","password":"care1839","salt":"C6ORuV2V","md5":"89a07af4c048279d41905b8ea17ecde7","sha1":"3bf4a3ea0a9d64fc94b596298924d734a91caefd","sha256":"cac0cb5c6ee3df35864c53db7960520717b11d883d3b1ace580c1a600bf2c116"},"dob":{"date":"1973-06-05T11:03:24.097Z","age":51},"registered":{"date":"2004-02-23T01:21:16.001Z","age":20},"phone":"(654) 013 5269","cell":"(608) 578 9327","id":{"name":"NSS","value":"90 52 65 1605 8"},"picture":{"large":"https://randomuser.me/api/portraits/women/79.jpg","medium":"https://randomuser.me/api/portraits/med/women/79.jpg","thumbnail":"https://randomuser.me/api/portraits/thumb/women/79.jpg"},"nat":"MX"}],"info":{"seed":"cb6be984d7eaa10f","results":1,"page":1,"version":"1.4"}} 
 </msg>
<msg time="2024-07-10T08:20:19.669664" level="INFO">/opt/hostedtoolcache/Python/3.12.4/x64/lib/python3.12/site-packages/urllib3/connectionpool.py:1099: InsecureRequestWarning: Unverified HTTPS request is being made to host 'randomuser.me'. Adding certificate verification is strongly advised. See: https://urllib3.readthedocs.io/en/latest/advanced-usage.html#tls-warnings
  warnings.warn(</msg>
<msg time="2024-07-10T08:20:19.669817" level="INFO">${response} = &lt;Response [200]&gt;</msg>
<var>${response}</var>
<arg>consultarAPI</arg>
<arg>/api</arg>
<doc>Sends a GET request on a previously created HTTP Session.</doc>
<status status="PASS" start="2024-07-10T08:20:19.467323" elapsed="0.202536"/>
</kw>
<kw name="Should Be Equal As Numbers" owner="BuiltIn">
<msg time="2024-07-10T08:20:19.670966" level="INFO">Argument types are:
&lt;class 'int'&gt;
&lt;class 'str'&gt;</msg>
<arg>${response.status_code}</arg>
<arg>200</arg>
<doc>Fails if objects are unequal after converting them to real numbers.</doc>
<status status="PASS" start="2024-07-10T08:20:19.670487" elapsed="0.000544"/>
</kw>
<kw name="Log" owner="BuiltIn">
<msg time="2024-07-10T08:20:19.671700" level="INFO">200</msg>
<arg>${response.status_code}</arg>
<doc>Logs the given message with the given level.</doc>
<status status="PASS" start="2024-07-10T08:20:19.671353" elapsed="0.000389"/>
</kw>
<kw name="Set Variable" owner="BuiltIn">
<msg time="2024-07-10T08:20:19.672484" level="INFO">${json_data} = {'results': [{'gender': 'female', 'name': {'title': 'Ms', 'first': 'Gabriela', 'last': 'Hernádez'}, 'location': {'street': {'number': 1182, 'name': 'Boulevard Morelos'}, 'city': 'Tangancícuaro', 'stat...</msg>
<var>${json_data}</var>
<arg>${response.json()}</arg>
<doc>Returns the given values which can then be assigned to a variables.</doc>
<status status="PASS" start="2024-07-10T08:20:19.672045" elapsed="0.000468"/>
</kw>
<kw name="Dictionary Should Contain Key" owner="Collections">
<arg>${json_data}</arg>
<arg>results</arg>
<doc>Fails if ``key`` is not found from ``dictionary``.</doc>
<status status="PASS" start="2024-07-10T08:20:19.672810" elapsed="0.000194"/>
</kw>
<status status="PASS" start="2024-07-10T08:20:19.467071" elapsed="0.206087"/>
</kw>
<doc>Testa se a API responde corretamente e retorna um objeto JSON válido.</doc>
<tag>testeRequisicaoBasica</tag>
<status status="PASS" start="2024-07-10T08:20:19.466558" elapsed="0.206782"/>
</test>
<test id="s1-s1-t3" name="Validar estrutura de resposta" line="22">
<kw name="Teste de Estrutura de Resposta" owner="random-user-service">
<kw name="GET On Session" owner="RequestsLibrary">
<msg time="2024-07-10T08:20:19.744277" level="INFO">GET Request : url=https://randomuser.me/api 
 path_url=/api 
 headers={'User-Agent': 'python-requests/2.32.3', 'Accept-Encoding': 'gzip, deflate', 'Accept': '*/*', 'Connection': 'keep-alive'} 
 body=None 
 </msg>
<msg time="2024-07-10T08:20:19.744354" level="INFO">GET Response : url=https://randomuser.me/api 
 status=200, reason=OK 
 headers={'Date': 'Wed, 10 Jul 2024 08:20:19 GMT', 'Content-Type': 'application/json; charset=utf-8', 'Transfer-Encoding': 'chunked', 'Connection': 'keep-alive', 'X-Powered-By': 'Express', 'Access-Control-Allow-Origin': '*', 'Cache-Control': 'no-cache', 'ETag': 'W/"494-zR2vvK445d+CEedS/PO9rbrgZ/4"', 'Vary': 'Accept-Encoding', 'Content-Encoding': 'gzip', 'CF-Cache-Status': 'DYNAMIC', 'Report-To': '{"endpoints":[{"url":"https:\\/\\/a.nel.cloudflare.com\\/report\\/v4?s=N2uFnjPn%2B8zgjHd4hjGwtJBBn2Zjn2mdZAKnWstbImLYUoeCKoiDY5%2BTOYP%2FNAb1%2BYZLxjXB8bi0cg3%2B09iEDhsihyQrsI80cIW9JzXbvLhLCtr8qVNk7BuQFOBtGa68"}],"group":"cf-nel","max_age":604800}', 'NEL': '{"success_fraction":0,"report_to":"cf-nel","max_age":604800}', 'Server': 'cloudflare', 'CF-RAY': '8a0f22470d26208e-IAD', 'alt-svc': 'h3=":443"; ma=86400'} 
 body={"results":[{"gender":"female","name":{"title":"Miss","first":"Charlene","last":"Carpenter"},"location":{"street":{"number":6069,"name":"Ranchview Dr"},"city":"Charlotte","state":"Mississippi","country":"United States","postcode":86058,"coordinates":{"latitude":"81.6903","longitude":"120.4305"},"timezone":{"offset":"-2:00","description":"Mid-Atlantic"}},"email":"charlene.carpenter@example.com","login":{"uuid":"21269a27-dca3-4851-a9fe-7a881dc8b770","username":"tinyladybug714","password":"ziggy1","salt":"VQnGtePJ","md5":"48f930c138d9f93604205f0276c6a153","sha1":"ca5d2d9ffa6f83e240b443ba3b2c907ea2ca97e4","sha256":"3d6ddd6ca86e9ce3d2a3c3c7520cfc47f5a1e7a18b428511e45bfa45023b4376"},"dob":{"date":"1975-05-29T13:37:31.551Z","age":49},"registered":{"date":"2012-10-10T23:13:31.508Z","age":11},"phone":"(875) 744-0460","cell":"(741) 354-3211","id":{"name":"SSN","value":"337-64-8552"},"picture":{"large":"https://randomuser.me/api/portraits/women/9.jpg","medium":"https://randomuser.me/api/portraits/med/women/9.jpg","thumbnail":"https://randomuser.me/api/portraits/thumb/women/9.jpg"},"nat":"US"}],"info":{"seed":"9671b326592c72fd","results":1,"page":1,"version":"1.4"}} 
 </msg>
<msg time="2024-07-10T08:20:19.744464" level="INFO">/opt/hostedtoolcache/Python/3.12.4/x64/lib/python3.12/site-packages/urllib3/connectionpool.py:1099: InsecureRequestWarning: Unverified HTTPS request is being made to host 'randomuser.me'. Adding certificate verification is strongly advised. See: https://urllib3.readthedocs.io/en/latest/advanced-usage.html#tls-warnings
  warnings.warn(</msg>
<msg time="2024-07-10T08:20:19.744574" level="INFO">${response} = &lt;Response [200]&gt;</msg>
<var>${response}</var>
<arg>consultarAPI</arg>
<arg>/api</arg>
<doc>Sends a GET request on a previously created HTTP Session.</doc>
<status status="PASS" start="2024-07-10T08:20:19.676002" elapsed="0.068615"/>
</kw>
<kw name="Set Variable" owner="BuiltIn">
<msg time="2024-07-10T08:20:19.745724" level="INFO">${json_data} = {'results': [{'gender': 'female', 'name': {'title': 'Miss', 'first': 'Charlene', 'last': 'Carpenter'}, 'location': {'street': {'number': 6069, 'name': 'Ranchview Dr'}, 'city': 'Charlotte', 'state': 'M...</msg>
<var>${json_data}</var>
<arg>${response.json()}</arg>
<doc>Returns the given values which can then be assigned to a variables.</doc>
<status status="PASS" start="2024-07-10T08:20:19.745160" elapsed="0.000593"/>
</kw>
<kw name="Log" owner="BuiltIn">
<msg time="2024-07-10T08:20:19.746225" level="INFO">{'results': [{'gender': 'female', 'name': {'title': 'Miss', 'first': 'Charlene', 'last': 'Carpenter'}, 'location': {'street': {'number': 6069, 'name': 'Ranchview Dr'}, 'city': 'Charlotte', 'state': 'Mississippi', 'country': 'United States', 'postcode': 86058, 'coordinates': {'latitude': '81.6903', 'longitude': '120.4305'}, 'timezone': {'offset': '-2:00', 'description': 'Mid-Atlantic'}}, 'email': 'charlene.carpenter@example.com', 'login': {'uuid': '21269a27-dca3-4851-a9fe-7a881dc8b770', 'username': 'tinyladybug714', 'password': 'ziggy1', 'salt': 'VQnGtePJ', 'md5': '48f930c138d9f93604205f0276c6a153', 'sha1': 'ca5d2d9ffa6f83e240b443ba3b2c907ea2ca97e4', 'sha256': '3d6ddd6ca86e9ce3d2a3c3c7520cfc47f5a1e7a18b428511e45bfa45023b4376'}, 'dob': {'date': '1975-05-29T13:37:31.551Z', 'age': 49}, 'registered': {'date': '2012-10-10T23:13:31.508Z', 'age': 11}, 'phone': '(875) 744-0460', 'cell': '(741) 354-3211', 'id': {'name': 'SSN', 'value': '337-64-8552'}, 'picture': {'large': 'https://randomuser.me/api/portraits/women/9.jpg', 'medium': 'https://randomuser.me/api/portraits/med/women/9.jpg', 'thumbnail': 'https://randomuser.me/api/portraits/thumb/women/9.jpg'}, 'nat': 'US'}], 'info': {'seed': '9671b326592c72fd', 'results': 1, 'page': 1, 'version': '1.4'}}</msg>
<arg>${json_data}</arg>
<doc>Logs the given message with the given level.</doc>
<status status="PASS" start="2024-07-10T08:20:19.746066" elapsed="0.000209"/>
</kw>
<kw name="Dictionary Should Contain Key" owner="Collections">
<arg>${json_data}</arg>
<arg>results</arg>
<doc>Fails if ``key`` is not found from ``dictionary``.</doc>
<status status="PASS" start="2024-07-10T08:20:19.746569" elapsed="0.000160"/>
</kw>
<kw name="Should Not Be Empty" owner="BuiltIn">
<msg time="2024-07-10T08:20:19.747051" level="INFO">Length is 2.</msg>
<arg>${json_data}</arg>
<doc>Verifies that the given item is not empty.</doc>
<status status="PASS" start="2024-07-10T08:20:19.746921" elapsed="0.000169"/>
</kw>
<kw name="Create List" owner="BuiltIn">
<msg time="2024-07-10T08:20:19.747675" level="INFO">${expected_keys} = ['gender', 'name', 'location', 'email', 'login']</msg>
<var>${expected_keys}</var>
<arg>gender</arg>
<arg>name</arg>
<arg>location</arg>
<arg>email</arg>
<arg>login</arg>
<doc>Returns a list containing given items.</doc>
<status status="PASS" start="2024-07-10T08:20:19.747380" elapsed="0.000320"/>
</kw>
<for flavor="IN">
<iter>
<kw name="Dictionary Should Contain Key" owner="Collections">
<arg>${json_data['results'][0]}</arg>
<arg>${key}</arg>
<doc>Fails if ``key`` is not found from ``dictionary``.</doc>
<status status="PASS" start="2024-07-10T08:20:19.748296" elapsed="0.000400"/>
</kw>
<kw name="Log" owner="BuiltIn">
<msg time="2024-07-10T08:20:19.749277" level="INFO">{'gender': 'female', 'name': {'title': 'Miss', 'first': 'Charlene', 'last': 'Carpenter'}, 'location': {'street': {'number': 6069, 'name': 'Ranchview Dr'}, 'city': 'Charlotte', 'state': 'Mississippi', 'country': 'United States', 'postcode': 86058, 'coordinates': {'latitude': '81.6903', 'longitude': '120.4305'}, 'timezone': {'offset': '-2:00', 'description': 'Mid-Atlantic'}}, 'email': 'charlene.carpenter@example.com', 'login': {'uuid': '21269a27-dca3-4851-a9fe-7a881dc8b770', 'username': 'tinyladybug714', 'password': 'ziggy1', 'salt': 'VQnGtePJ', 'md5': '48f930c138d9f93604205f0276c6a153', 'sha1': 'ca5d2d9ffa6f83e240b443ba3b2c907ea2ca97e4', 'sha256': '3d6ddd6ca86e9ce3d2a3c3c7520cfc47f5a1e7a18b428511e45bfa45023b4376'}, 'dob': {'date': '1975-05-29T13:37:31.551Z', 'age': 49}, 'registered': {'date': '2012-10-10T23:13:31.508Z', 'age': 11}, 'phone': '(875) 744-0460', 'cell': '(741) 354-3211', 'id': {'name': 'SSN', 'value': '337-64-8552'}, 'picture': {'large': 'https://randomuser.me/api/portraits/women/9.jpg', 'medium': 'https://randomuser.me/api/portraits/med/women/9.jpg', 'thumbnail': 'https://randomuser.me/api/portraits/thumb/women/9.jpg'}, 'nat': 'US'}</msg>
<arg>${json_data['results'][0]}</arg>
<doc>Logs the given message with the given level.</doc>
<status status="PASS" start="2024-07-10T08:20:19.748881" elapsed="0.000446"/>
</kw>
<kw name="Log" owner="BuiltIn">
<msg time="2024-07-10T08:20:19.749759" level="INFO">gender</msg>
<arg>${key}</arg>
<doc>Logs the given message with the given level.</doc>
<status status="PASS" start="2024-07-10T08:20:19.749630" elapsed="0.000168"/>
</kw>
<var name="${key}">gender</var>
<status status="PASS" start="2024-07-10T08:20:19.748169" elapsed="0.001922"/>
</iter>
<iter>
<kw name="Dictionary Should Contain Key" owner="Collections">
<arg>${json_data['results'][0]}</arg>
<arg>${key}</arg>
<doc>Fails if ``key`` is not found from ``dictionary``.</doc>
<status status="PASS" start="2024-07-10T08:20:19.750459" elapsed="0.000399"/>
</kw>
<kw name="Log" owner="BuiltIn">
<msg time="2024-07-10T08:20:19.751386" level="INFO">{'gender': 'female', 'name': {'title': 'Miss', 'first': 'Charlene', 'last': 'Carpenter'}, 'location': {'street': {'number': 6069, 'name': 'Ranchview Dr'}, 'city': 'Charlotte', 'state': 'Mississippi', 'country': 'United States', 'postcode': 86058, 'coordinates': {'latitude': '81.6903', 'longitude': '120.4305'}, 'timezone': {'offset': '-2:00', 'description': 'Mid-Atlantic'}}, 'email': 'charlene.carpenter@example.com', 'login': {'uuid': '21269a27-dca3-4851-a9fe-7a881dc8b770', 'username': 'tinyladybug714', 'password': 'ziggy1', 'salt': 'VQnGtePJ', 'md5': '48f930c138d9f93604205f0276c6a153', 'sha1': 'ca5d2d9ffa6f83e240b443ba3b2c907ea2ca97e4', 'sha256': '3d6ddd6ca86e9ce3d2a3c3c7520cfc47f5a1e7a18b428511e45bfa45023b4376'}, 'dob': {'date': '1975-05-29T13:37:31.551Z', 'age': 49}, 'registered': {'date': '2012-10-10T23:13:31.508Z', 'age': 11}, 'phone': '(875) 744-0460', 'cell': '(741) 354-3211', 'id': {'name': 'SSN', 'value': '337-64-8552'}, 'picture': {'large': 'https://randomuser.me/api/portraits/women/9.jpg', 'medium': 'https://randomuser.me/api/portraits/med/women/9.jpg', 'thumbnail': 'https://randomuser.me/api/portraits/thumb/women/9.jpg'}, 'nat': 'US'}</msg>
<arg>${json_data['results'][0]}</arg>
<doc>Logs the given message with the given level.</doc>
<status status="PASS" start="2024-07-10T08:20:19.751040" elapsed="0.000429"/>
</kw>
<kw name="Log" owner="BuiltIn">
<msg time="2024-07-10T08:20:19.751897" level="INFO">name</msg>
<arg>${key}</arg>
<doc>Logs the given message with the given level.</doc>
<status status="PASS" start="2024-07-10T08:20:19.751769" elapsed="0.000166"/>
</kw>
<var name="${key}">name</var>
<status status="PASS" start="2024-07-10T08:20:19.750343" elapsed="0.001808"/>
</iter>
<iter>
<kw name="Dictionary Should Contain Key" owner="Collections">
<arg>${json_data['results'][0]}</arg>
<arg>${key}</arg>
<doc>Fails if ``key`` is not found from ``dictionary``.</doc>
<status status="PASS" start="2024-07-10T08:20:19.752437" elapsed="0.000381"/>
</kw>
<kw name="Log" owner="BuiltIn">
<msg time="2024-07-10T08:20:19.753383" level="INFO">{'gender': 'female', 'name': {'title': 'Miss', 'first': 'Charlene', 'last': 'Carpenter'}, 'location': {'street': {'number': 6069, 'name': 'Ranchview Dr'}, 'city': 'Charlotte', 'state': 'Mississippi', 'country': 'United States', 'postcode': 86058, 'coordinates': {'latitude': '81.6903', 'longitude': '120.4305'}, 'timezone': {'offset': '-2:00', 'description': 'Mid-Atlantic'}}, 'email': 'charlene.carpenter@example.com', 'login': {'uuid': '21269a27-dca3-4851-a9fe-7a881dc8b770', 'username': 'tinyladybug714', 'password': 'ziggy1', 'salt': 'VQnGtePJ', 'md5': '48f930c138d9f93604205f0276c6a153', 'sha1': 'ca5d2d9ffa6f83e240b443ba3b2c907ea2ca97e4', 'sha256': '3d6ddd6ca86e9ce3d2a3c3c7520cfc47f5a1e7a18b428511e45bfa45023b4376'}, 'dob': {'date': '1975-05-29T13:37:31.551Z', 'age': 49}, 'registered': {'date': '2012-10-10T23:13:31.508Z', 'age': 11}, 'phone': '(875) 744-0460', 'cell': '(741) 354-3211', 'id': {'name': 'SSN', 'value': '337-64-8552'}, 'picture': {'large': 'https://randomuser.me/api/portraits/women/9.jpg', 'medium': 'https://randomuser.me/api/portraits/med/women/9.jpg', 'thumbnail': 'https://randomuser.me/api/portraits/thumb/women/9.jpg'}, 'nat': 'US'}</msg>
<arg>${json_data['results'][0]}</arg>
<doc>Logs the given message with the given level.</doc>
<status status="PASS" start="2024-07-10T08:20:19.753029" elapsed="0.000401"/>
</kw>
<kw name="Log" owner="BuiltIn">
<msg time="2024-07-10T08:20:19.753864" level="INFO">location</msg>
<arg>${key}</arg>
<doc>Logs the given message with the given level.</doc>
<status status="PASS" start="2024-07-10T08:20:19.753727" elapsed="0.000173"/>
</kw>
<var name="${key}">location</var>
<status status="PASS" start="2024-07-10T08:20:19.752328" elapsed="0.001795"/>
</iter>
<iter>
<kw name="Dictionary Should Contain Key" owner="Collections">
<arg>${json_data['results'][0]}</arg>
<arg>${key}</arg>
<doc>Fails if ``key`` is not found from ``dictionary``.</doc>
<status status="PASS" start="2024-07-10T08:20:19.754402" elapsed="0.000383"/>
</kw>
<kw name="Log" owner="BuiltIn">
<msg time="2024-07-10T08:20:19.755319" level="INFO">{'gender': 'female', 'name': {'title': 'Miss', 'first': 'Charlene', 'last': 'Carpenter'}, 'location': {'street': {'number': 6069, 'name': 'Ranchview Dr'}, 'city': 'Charlotte', 'state': 'Mississippi', 'country': 'United States', 'postcode': 86058, 'coordinates': {'latitude': '81.6903', 'longitude': '120.4305'}, 'timezone': {'offset': '-2:00', 'description': 'Mid-Atlantic'}}, 'email': 'charlene.carpenter@example.com', 'login': {'uuid': '21269a27-dca3-4851-a9fe-7a881dc8b770', 'username': 'tinyladybug714', 'password': 'ziggy1', 'salt': 'VQnGtePJ', 'md5': '48f930c138d9f93604205f0276c6a153', 'sha1': 'ca5d2d9ffa6f83e240b443ba3b2c907ea2ca97e4', 'sha256': '3d6ddd6ca86e9ce3d2a3c3c7520cfc47f5a1e7a18b428511e45bfa45023b4376'}, 'dob': {'date': '1975-05-29T13:37:31.551Z', 'age': 49}, 'registered': {'date': '2012-10-10T23:13:31.508Z', 'age': 11}, 'phone': '(875) 744-0460', 'cell': '(741) 354-3211', 'id': {'name': 'SSN', 'value': '337-64-8552'}, 'picture': {'large': 'https://randomuser.me/api/portraits/women/9.jpg', 'medium': 'https://randomuser.me/api/portraits/med/women/9.jpg', 'thumbnail': 'https://randomuser.me/api/portraits/thumb/women/9.jpg'}, 'nat': 'US'}</msg>
<arg>${json_data['results'][0]}</arg>
<doc>Logs the given message with the given level.</doc>
<status status="PASS" start="2024-07-10T08:20:19.754970" elapsed="0.000396"/>
</kw>
<kw name="Log" owner="BuiltIn">
<msg time="2024-07-10T08:20:19.755805" level="INFO">email</msg>
<arg>${key}</arg>
<doc>Logs the given message with the given level.</doc>
<status status="PASS" start="2024-07-10T08:20:19.755674" elapsed="0.000169"/>
</kw>
<var name="${key}">email</var>
<status status="PASS" start="2024-07-10T08:20:19.754294" elapsed="0.001769"/>
</iter>
<iter>
<kw name="Dictionary Should Contain Key" owner="Collections">
<arg>${json_data['results'][0]}</arg>
<arg>${key}</arg>
<doc>Fails if ``key`` is not found from ``dictionary``.</doc>
<status status="PASS" start="2024-07-10T08:20:19.756343" elapsed="0.000376"/>
</kw>
<kw name="Log" owner="BuiltIn">
<msg time="2024-07-10T08:20:19.757279" level="INFO">{'gender': 'female', 'name': {'title': 'Miss', 'first': 'Charlene', 'last': 'Carpenter'}, 'location': {'street': {'number': 6069, 'name': 'Ranchview Dr'}, 'city': 'Charlotte', 'state': 'Mississippi', 'country': 'United States', 'postcode': 86058, 'coordinates': {'latitude': '81.6903', 'longitude': '120.4305'}, 'timezone': {'offset': '-2:00', 'description': 'Mid-Atlantic'}}, 'email': 'charlene.carpenter@example.com', 'login': {'uuid': '21269a27-dca3-4851-a9fe-7a881dc8b770', 'username': 'tinyladybug714', 'password': 'ziggy1', 'salt': 'VQnGtePJ', 'md5': '48f930c138d9f93604205f0276c6a153', 'sha1': 'ca5d2d9ffa6f83e240b443ba3b2c907ea2ca97e4', 'sha256': '3d6ddd6ca86e9ce3d2a3c3c7520cfc47f5a1e7a18b428511e45bfa45023b4376'}, 'dob': {'date': '1975-05-29T13:37:31.551Z', 'age': 49}, 'registered': {'date': '2012-10-10T23:13:31.508Z', 'age': 11}, 'phone': '(875) 744-0460', 'cell': '(741) 354-3211', 'id': {'name': 'SSN', 'value': '337-64-8552'}, 'picture': {'large': 'https://randomuser.me/api/portraits/women/9.jpg', 'medium': 'https://randomuser.me/api/portraits/med/women/9.jpg', 'thumbnail': 'https://randomuser.me/api/portraits/thumb/women/9.jpg'}, 'nat': 'US'}</msg>
<arg>${json_data['results'][0]}</arg>
<doc>Logs the given message with the given level.</doc>
<status status="PASS" start="2024-07-10T08:20:19.756898" elapsed="0.000428"/>
</kw>
<kw name="Log" owner="BuiltIn">
<msg time="2024-07-10T08:20:19.757738" level="INFO">login</msg>
<arg>${key}</arg>
<doc>Logs the given message with the given level.</doc>
<status status="PASS" start="2024-07-10T08:20:19.757612" elapsed="0.000162"/>
</kw>
<var name="${key}">login</var>
<status status="PASS" start="2024-07-10T08:20:19.756230" elapsed="0.001759"/>
</iter>
<var>${key}</var>
<value>@{expected_keys}</value>
<status status="PASS" start="2024-07-10T08:20:19.747975" elapsed="0.010131"/>
</for>
<kw name="Create List" owner="BuiltIn">
<msg time="2024-07-10T08:20:19.758435" level="INFO">${expected_keysTwo} = ['username', 'password']</msg>
<var>${expected_keysTwo}</var>
<arg>username</arg>
<arg>password</arg>
<doc>Returns a list containing given items.</doc>
<status status="PASS" start="2024-07-10T08:20:19.758296" elapsed="0.000190"/>
</kw>
<for flavor="IN">
<iter>
<kw name="Dictionary Should Contain Key" owner="Collections">
<arg>${json_data['results'][0]['login']}</arg>
<arg>${keyTwo}</arg>
<doc>Fails if ``key`` is not found from ``dictionary``.</doc>
<status status="PASS" start="2024-07-10T08:20:19.758980" elapsed="0.000387"/>
</kw>
<kw name="Dictionary Should Contain Key" owner="Collections">
<arg>${json_data['results'][0]['login']}</arg>
<arg>${keyTwo}</arg>
<doc>Fails if ``key`` is not found from ``dictionary``.</doc>
<status status="PASS" start="2024-07-10T08:20:19.759548" elapsed="0.000377"/>
</kw>
<kw name="Log" owner="BuiltIn">
<msg time="2024-07-10T08:20:19.760226" level="INFO">username</msg>
<arg>${keyTwo}</arg>
<doc>Logs the given message with the given level.</doc>
<status status="PASS" start="2024-07-10T08:20:19.760106" elapsed="0.000158"/>
</kw>
<var name="${keyTwo}">username</var>
<status status="PASS" start="2024-07-10T08:20:19.758874" elapsed="0.001603"/>
</iter>
<iter>
<kw name="Dictionary Should Contain Key" owner="Collections">
<arg>${json_data['results'][0]['login']}</arg>
<arg>${keyTwo}</arg>
<doc>Fails if ``key`` is not found from ``dictionary``.</doc>
<status status="PASS" start="2024-07-10T08:20:19.760760" elapsed="0.000434"/>
</kw>
<kw name="Dictionary Should Contain Key" owner="Collections">
<arg>${json_data['results'][0]['login']}</arg>
<arg>${keyTwo}</arg>
<doc>Fails if ``key`` is not found from ``dictionary``.</doc>
<status status="PASS" start="2024-07-10T08:20:19.761374" elapsed="0.000368"/>
</kw>
<kw name="Log" owner="BuiltIn">
<msg time="2024-07-10T08:20:19.762037" level="INFO">password</msg>
<arg>${keyTwo}</arg>
<doc>Logs the given message with the given level.</doc>
<status status="PASS" start="2024-07-10T08:20:19.761916" elapsed="0.000163"/>
</kw>
<var name="${keyTwo}">password</var>
<status status="PASS" start="2024-07-10T08:20:19.760654" elapsed="0.001738"/>
</iter>
<var>${keyTwo}</var>
<value>@{expected_keysTwo}</value>
<status status="PASS" start="2024-07-10T08:20:19.758726" elapsed="0.003788"/>
</for>
<status status="PASS" start="2024-07-10T08:20:19.675769" elapsed="0.086881"/>
</kw>
<doc>Testa a estrutura da resposta da API.</doc>
<tag>testeEstruturaResposta</tag>
<status status="PASS" start="2024-07-10T08:20:19.675184" elapsed="0.087613"/>
</test>
<test id="s1-s1-t4" name="Validar tipos de dados" line="28">
<kw name="Teste de Tipos de Dados" owner="random-user-service">
<kw name="GET On Session" owner="RequestsLibrary">
<msg time="2024-07-10T08:20:19.845819" level="INFO">GET Request : url=https://randomuser.me/api 
 path_url=/api 
 headers={'User-Agent': 'python-requests/2.32.3', 'Accept-Encoding': 'gzip, deflate', 'Accept': '*/*', 'Connection': 'keep-alive'} 
 body=None 
 </msg>
<msg time="2024-07-10T08:20:19.845905" level="INFO">GET Response : url=https://randomuser.me/api 
 status=200, reason=OK 
 headers={'Date': 'Wed, 10 Jul 2024 08:20:19 GMT', 'Content-Type': 'application/json; charset=utf-8', 'Transfer-Encoding': 'chunked', 'Connection': 'keep-alive', 'X-Powered-By': 'Express', 'Access-Control-Allow-Origin': '*', 'Cache-Control': 'no-cache', 'ETag': 'W/"492-r1oW3oQFJwgkL3hD9Zxw46bu0mQ"', 'Vary': 'Accept-Encoding', 'Content-Encoding': 'gzip', 'CF-Cache-Status': 'DYNAMIC', 'Report-To': '{"endpoints":[{"url":"https:\\/\\/a.nel.cloudflare.com\\/report\\/v4?s=ZxNuh03bfRuWe0Uh9oqWnd%2Bh2wUexg%2BP6Fu6rR46bsgWaqAKJIRoJC3%2BhimidKivkxriqBbFUg5TSxH%2BnshGfqFu%2F%2FAjORvfsLC5qxgRbUm5gNznsZ%2FsSZhYmVe3vGi5"}],"group":"cf-nel","max_age":604800}', 'NEL': '{"success_fraction":0,"report_to":"cf-nel","max_age":604800}', 'Server': 'cloudflare', 'CF-RAY': '8a0f22478d7d208e-IAD', 'alt-svc': 'h3=":443"; ma=86400'} 
 body={"results":[{"gender":"male","name":{"title":"Mr","first":"Jason","last":"Franklin"},"location":{"street":{"number":2698,"name":"Queens Road"},"city":"Cambridge","state":"Highlands and Islands","country":"United Kingdom","postcode":"N6 4BS","coordinates":{"latitude":"-10.7325","longitude":"-61.0706"},"timezone":{"offset":"+9:30","description":"Adelaide, Darwin"}},"email":"jason.franklin@example.com","login":{"uuid":"74e4a28a-4a88-4511-bd73-537ac6435c0b","username":"lazydog409","password":"sticks","salt":"sNGGvefT","md5":"203227c10facb86960cf842785786d1d","sha1":"04ee06587bfdada8fb6ef8dc2f22374afa2865ac","sha256":"607759589622a059fbfba97dec53e5e5d53975a169eb42e7a45908c7d8a4e819"},"dob":{"date":"1956-01-28T18:54:18.657Z","age":68},"registered":{"date":"2011-01-29T15:40:38.578Z","age":13},"phone":"015396 44305","cell":"07342 617671","id":{"name":"NINO","value":"ZW 66 89 99 M"},"picture":{"large":"https://randomuser.me/api/portraits/men/67.jpg","medium":"https://randomuser.me/api/portraits/med/men/67.jpg","thumbnail":"https://randomuser.me/api/portraits/thumb/men/67.jpg"},"nat":"GB"}],"info":{"seed":"2bf8ce2541c727b3","results":1,"page":1,"version":"1.4"}} 
 </msg>
<msg time="2024-07-10T08:20:19.845978" level="INFO">/opt/hostedtoolcache/Python/3.12.4/x64/lib/python3.12/site-packages/urllib3/connectionpool.py:1099: InsecureRequestWarning: Unverified HTTPS request is being made to host 'randomuser.me'. Adding certificate verification is strongly advised. See: https://urllib3.readthedocs.io/en/latest/advanced-usage.html#tls-warnings
  warnings.warn(</msg>
<msg time="2024-07-10T08:20:19.846093" level="INFO">${response} = &lt;Response [200]&gt;</msg>
<var>${response}</var>
<arg>consultarAPI</arg>
<arg>/api</arg>
<doc>Sends a GET request on a previously created HTTP Session.</doc>
<status status="PASS" start="2024-07-10T08:20:19.765351" elapsed="0.080794"/>
</kw>
<kw name="Set Variable" owner="BuiltIn">
<msg time="2024-07-10T08:20:19.847255" level="INFO">${json_data} = {'results': [{'gender': 'male', 'name': {'title': 'Mr', 'first': 'Jason', 'last': 'Franklin'}, 'location': {'street': {'number': 2698, 'name': 'Queens Road'}, 'city': 'Cambridge', 'state': 'Highlands ...</msg>
<var>${json_data}</var>
<arg>${response.json()}</arg>
<doc>Returns the given values which can then be assigned to a variables.</doc>
<status status="PASS" start="2024-07-10T08:20:19.846687" elapsed="0.000596"/>
</kw>
<kw name="Log" owner="BuiltIn">
<msg time="2024-07-10T08:20:19.847742" level="INFO">{'results': [{'gender': 'male', 'name': {'title': 'Mr', 'first': 'Jason', 'last': 'Franklin'}, 'location': {'street': {'number': 2698, 'name': 'Queens Road'}, 'city': 'Cambridge', 'state': 'Highlands and Islands', 'country': 'United Kingdom', 'postcode': 'N6 4BS', 'coordinates': {'latitude': '-10.7325', 'longitude': '-61.0706'}, 'timezone': {'offset': '+9:30', 'description': 'Adelaide, Darwin'}}, 'email': 'jason.franklin@example.com', 'login': {'uuid': '74e4a28a-4a88-4511-bd73-537ac6435c0b', 'username': 'lazydog409', 'password': 'sticks', 'salt': 'sNGGvefT', 'md5': '203227c10facb86960cf842785786d1d', 'sha1': '04ee06587bfdada8fb6ef8dc2f22374afa2865ac', 'sha256': '607759589622a059fbfba97dec53e5e5d53975a169eb42e7a45908c7d8a4e819'}, 'dob': {'date': '1956-01-28T18:54:18.657Z', 'age': 68}, 'registered': {'date': '2011-01-29T15:40:38.578Z', 'age': 13}, 'phone': '015396 44305', 'cell': '07342 617671', 'id': {'name': 'NINO', 'value': 'ZW 66 89 99 M'}, 'picture': {'large': 'https://randomuser.me/api/portraits/men/67.jpg', 'medium': 'https://randomuser.me/api/portraits/med/men/67.jpg', 'thumbnail': 'https://randomuser.me/api/portraits/thumb/men/67.jpg'}, 'nat': 'GB'}], 'info': {'seed': '2bf8ce2541c727b3', 'results': 1, 'page': 1, 'version': '1.4'}}</msg>
<arg>${json_data}</arg>
<doc>Logs the given message with the given level.</doc>
<status status="PASS" start="2024-07-10T08:20:19.847591" elapsed="0.000200"/>
</kw>
<kw name="Should Be String" owner="String">
<arg>${json_data['results'][0]['gender']}</arg>
<doc>Fails if the given ``item`` is not a string.</doc>
<status status="PASS" start="2024-07-10T08:20:19.848080" elapsed="0.000364"/>
</kw>
<kw name="Should Match Regexp" owner="BuiltIn">
<arg>${json_data['results'][0]['email']}</arg>
<arg>^[a-zA-Z0-9._%+-]+@[a-zA-Z0-9.-]+\.[a-zA-Z]{2,}$</arg>
<doc>Fails if ``string`` does not match ``pattern`` as a regular expression.</doc>
<status status="PASS" start="2024-07-10T08:20:19.848633" elapsed="0.000607"/>
</kw>
<kw name="Should Match Regexp" owner="BuiltIn">
<arg>${json_data['results'][0]['dob']['date']}</arg>
<arg>\\d{4}-\\d{2}-\\d{2}T\\d{2}:\\d{2}:\\d{2}\\.\\d{3}Z</arg>
<doc>Fails if ``string`` does not match ``pattern`` as a regular expression.</doc>
<status status="PASS" start="2024-07-10T08:20:19.849445" elapsed="0.000489"/>
</kw>
<kw name="Should Match Regexp" owner="BuiltIn">
<arg>${json_data['results'][0]['registered']['date']}</arg>
<arg>\\d{4}-\\d{2}-\\d{2}T\\d{2}:\\d{2}:\\d{2}\\.\\d{3}Z</arg>
<doc>Fails if ``string`` does not match ``pattern`` as a regular expression.</doc>
<status status="PASS" start="2024-07-10T08:20:19.850124" elapsed="0.000365"/>
</kw>
<kw name="Should Match Regexp" owner="BuiltIn">
<arg>${json_data['results'][0]['picture']['large']}</arg>
<arg>^https?://.*\.(?:png|jpe?g|gif|bmp)$</arg>
<doc>Fails if ``string`` does not match ``pattern`` as a regular expression.</doc>
<status status="PASS" start="2024-07-10T08:20:19.850671" elapsed="0.000451"/>
</kw>
<kw name="Should Match Regexp" owner="BuiltIn">
<arg>${json_data['results'][0]['picture']['medium']}</arg>
<arg>^https?://.*\.(?:png|jpe?g|gif|bmp)$</arg>
<doc>Fails if ``string`` does not match ``pattern`` as a regular expression.</doc>
<status status="PASS" start="2024-07-10T08:20:19.851309" elapsed="0.000357"/>
</kw>
<kw name="Should Match Regexp" owner="BuiltIn">
<arg>${json_data['results'][0]['picture']['thumbnail']}</arg>
<arg>^https?://.*\.(?:png|jpe?g|gif|bmp)$</arg>
<doc>Fails if ``string`` does not match ``pattern`` as a regular expression.</doc>
<status status="PASS" start="2024-07-10T08:20:19.851849" elapsed="0.000350"/>
</kw>
<kw name="Log" owner="BuiltIn">
<msg time="2024-07-10T08:20:19.852715" level="INFO">{'large': 'https://randomuser.me/api/portraits/men/67.jpg', 'medium': 'https://randomuser.me/api/portraits/med/men/67.jpg', 'thumbnail': 'https://randomuser.me/api/portraits/thumb/men/67.jpg'}</msg>
<arg>${json_data['results'][0]['picture']}</arg>
<doc>Logs the given message with the given level.</doc>
<status status="PASS" start="2024-07-10T08:20:19.852383" elapsed="0.000375"/>
</kw>
<status status="PASS" start="2024-07-10T08:20:19.765123" elapsed="0.087919"/>
</kw>
<kw name="Teste de Tipos de Dados - Postcode" owner="random-user-service">
<kw name="GET On Session" owner="RequestsLibrary">
<msg time="2024-07-10T08:20:19.950337" level="INFO">GET Request : url=https://randomuser.me/api 
 path_url=/api 
 headers={'User-Agent': 'python-requests/2.32.3', 'Accept-Encoding': 'gzip, deflate', 'Accept': '*/*', 'Connection': 'keep-alive'} 
 body=None 
 </msg>
<msg time="2024-07-10T08:20:19.950417" level="INFO">GET Response : url=https://randomuser.me/api 
 status=200, reason=OK 
 headers={'Date': 'Wed, 10 Jul 2024 08:20:19 GMT', 'Content-Type': 'application/json; charset=utf-8', 'Transfer-Encoding': 'chunked', 'Connection': 'keep-alive', 'X-Powered-By': 'Express', 'Access-Control-Allow-Origin': '*', 'Cache-Control': 'no-cache', 'ETag': 'W/"49a-nXUnWV2QWqbHORAe8e7LHWPBNK4"', 'Vary': 'Accept-Encoding', 'Content-Encoding': 'gzip', 'CF-Cache-Status': 'DYNAMIC', 'Report-To': '{"endpoints":[{"url":"https:\\/\\/a.nel.cloudflare.com\\/report\\/v4?s=SDCU8ePYg1OwZz0OwoaGwS%2FVeRA%2BVGNj7Js8hdKmlyJtYPXeup6H3q%2BoP9KvWmrzfRollZMWcukipUu80in3zxOafL9CHpY8ttR6DioY%2BiLSdNMuYEazOjUdqgZQS9iO"}],"group":"cf-nel","max_age":604800}', 'NEL': '{"success_fraction":0,"report_to":"cf-nel","max_age":604800}', 'Server': 'cloudflare', 'CF-RAY': '8a0f22481dea208e-IAD', 'alt-svc': 'h3=":443"; ma=86400'} 
 body={"results":[{"gender":"female","name":{"title":"Ms","first":"Sabrina","last":"Christ"},"location":{"street":{"number":3676,"name":"Feldstraße"},"city":"Bautzen","state":"Hamburg","country":"Germany","postcode":83032,"coordinates":{"latitude":"-48.8141","longitude":"125.2297"},"timezone":{"offset":"+9:00","description":"Tokyo, Seoul, Osaka, Sapporo, Yakutsk"}},"email":"sabrina.christ@example.com","login":{"uuid":"d1bd5415-cc9d-43ea-9a45-d1a348ec8aef","username":"goldenswan162","password":"county","salt":"WL2o6P1O","md5":"b8cd0d57bef9226209aa1b610bc6c1f5","sha1":"51bdaea798d6cedba1993bcd2760245976725229","sha256":"99d1537404604ce70b862bd0530a6164235e65543d277f14407d0f7035540f0e"},"dob":{"date":"1983-01-03T22:41:20.276Z","age":41},"registered":{"date":"2006-09-03T00:44:13.494Z","age":17},"phone":"0598-5699758","cell":"0172-7646519","id":{"name":"SVNR","value":"04 030183 C 828"},"picture":{"large":"https://randomuser.me/api/portraits/women/28.jpg","medium":"https://randomuser.me/api/portraits/med/women/28.jpg","thumbnail":"https://randomuser.me/api/portraits/thumb/women/28.jpg"},"nat":"DE"}],"info":{"seed":"7c64a92efc1f2b12","results":1,"page":1,"version":"1.4"}} 
 </msg>
<msg time="2024-07-10T08:20:19.950483" level="INFO">/opt/hostedtoolcache/Python/3.12.4/x64/lib/python3.12/site-packages/urllib3/connectionpool.py:1099: InsecureRequestWarning: Unverified HTTPS request is being made to host 'randomuser.me'. Adding certificate verification is strongly advised. See: https://urllib3.readthedocs.io/en/latest/advanced-usage.html#tls-warnings
  warnings.warn(</msg>
<msg time="2024-07-10T08:20:19.950592" level="INFO">${response} = &lt;Response [200]&gt;</msg>
<var>${response}</var>
<arg>consultarAPI</arg>
<arg>/api</arg>
<doc>Sends a GET request on a previously created HTTP Session.</doc>
<status status="PASS" start="2024-07-10T08:20:19.853477" elapsed="0.097156"/>
</kw>
<kw name="Set Variable" owner="BuiltIn">
<msg time="2024-07-10T08:20:19.951735" level="INFO">${json_data} = {'results': [{'gender': 'female', 'name': {'title': 'Ms', 'first': 'Sabrina', 'last': 'Christ'}, 'location': {'street': {'number': 3676, 'name': 'Feldstraße'}, 'city': 'Bautzen', 'state': 'Hamburg', '...</msg>
<var>${json_data}</var>
<arg>${response.json()}</arg>
<doc>Returns the given values which can then be assigned to a variables.</doc>
<status status="PASS" start="2024-07-10T08:20:19.951173" elapsed="0.000591"/>
</kw>
<kw name="Log" owner="BuiltIn">
<msg time="2024-07-10T08:20:19.952230" level="INFO">{'results': [{'gender': 'female', 'name': {'title': 'Ms', 'first': 'Sabrina', 'last': 'Christ'}, 'location': {'street': {'number': 3676, 'name': 'Feldstraße'}, 'city': 'Bautzen', 'state': 'Hamburg', 'country': 'Germany', 'postcode': 83032, 'coordinates': {'latitude': '-48.8141', 'longitude': '125.2297'}, 'timezone': {'offset': '+9:00', 'description': 'Tokyo, Seoul, Osaka, Sapporo, Yakutsk'}}, 'email': 'sabrina.christ@example.com', 'login': {'uuid': 'd1bd5415-cc9d-43ea-9a45-d1a348ec8aef', 'username': 'goldenswan162', 'password': 'county', 'salt': 'WL2o6P1O', 'md5': 'b8cd0d57bef9226209aa1b610bc6c1f5', 'sha1': '51bdaea798d6cedba1993bcd2760245976725229', 'sha256': '99d1537404604ce70b862bd0530a6164235e65543d277f14407d0f7035540f0e'}, 'dob': {'date': '1983-01-03T22:41:20.276Z', 'age': 41}, 'registered': {'date': '2006-09-03T00:44:13.494Z', 'age': 17}, 'phone': '0598-5699758', 'cell': '0172-7646519', 'id': {'name': 'SVNR', 'value': '04 030183 C 828'}, 'picture': {'large': 'https://randomuser.me/api/portraits/women/28.jpg', 'medium': 'https://randomuser.me/api/portraits/med/women/28.jpg', 'thumbnail': 'https://randomuser.me/api/portraits/thumb/women/28.jpg'}, 'nat': 'DE'}], 'info': {'seed': '7c64a92efc1f2b12', 'results': 1, 'page': 1, 'version': '1.4'}}</msg>
<arg>${json_data}</arg>
<doc>Logs the given message with the given level.</doc>
<status status="PASS" start="2024-07-10T08:20:19.952070" elapsed="0.000211"/>
</kw>
<kw name="Should Be Equal As Numbers" owner="BuiltIn">
<arg>${json_data['results'][0]['location']['postcode']}</arg>
<arg>${json_data['results'][0]['location']['postcode']}</arg>
<doc>Fails if objects are unequal after converting them to real numbers.</doc>
<status status="PASS" start="2024-07-10T08:20:19.952569" elapsed="0.000682"/>
</kw>
<kw name="Log" owner="BuiltIn">
<msg time="2024-07-10T08:20:19.953936" level="INFO">83032</msg>
<arg>${json_data['results'][0]['location']['postcode']}</arg>
<doc>Logs the given message with the given level.</doc>
<status status="PASS" start="2024-07-10T08:20:19.953442" elapsed="0.000573"/>
</kw>
<status status="PASS" start="2024-07-10T08:20:19.853258" elapsed="0.101016"/>
</kw>
<doc>Testa se os tipos de dados na resposta da API estão corretos.</doc>
<tag>testeTiposDados</tag>
<status status="PASS" start="2024-07-10T08:20:19.764548" elapsed="0.189892"/>
</test>
<test id="s1-s1-t5" name="Validar conteudo" line="35">
<kw name="Teste de Tipos de Conteudo" owner="random-user-service">
<kw name="GET On Session" owner="RequestsLibrary">
<msg time="2024-07-10T08:20:20.065109" level="INFO">GET Request : url=https://randomuser.me/api 
 path_url=/api 
 headers={'User-Agent': 'python-requests/2.32.3', 'Accept-Encoding': 'gzip, deflate', 'Accept': '*/*', 'Connection': 'keep-alive'} 
 body=None 
 </msg>
<msg time="2024-07-10T08:20:20.065199" level="INFO">GET Response : url=https://randomuser.me/api 
 status=200, reason=OK 
 headers={'Date': 'Wed, 10 Jul 2024 08:20:20 GMT', 'Content-Type': 'application/json; charset=utf-8', 'Transfer-Encoding': 'chunked', 'Connection': 'keep-alive', 'X-Powered-By': 'Express', 'Access-Control-Allow-Origin': '*', 'Cache-Control': 'no-cache', 'ETag': 'W/"488-hNTD5TzwMVH/jiLTl2AAu1HuH2A"', 'Vary': 'Accept-Encoding', 'Content-Encoding': 'gzip', 'CF-Cache-Status': 'DYNAMIC', 'Report-To': '{"endpoints":[{"url":"https:\\/\\/a.nel.cloudflare.com\\/report\\/v4?s=jYw%2B4PTQqIryIHUMG7iPMl9hEYFCnelq%2F11p6Gh6ohMCBOs1mCD5fzkYrxLu711YcRMyL%2FoQpVGjmws4UWatcKEbcoaVHvdWkhI5jyOcdNGv79eMeGX5c3EocfXKb4yb"}],"group":"cf-nel","max_age":604800}', 'NEL': '{"success_fraction":0,"report_to":"cf-nel","max_age":604800}', 'Server': 'cloudflare', 'CF-RAY': '8a0f2248ce7a208e-IAD', 'alt-svc': 'h3=":443"; ma=86400'} 
 body={"results":[{"gender":"male","name":{"title":"Mr","first":"Alberto","last":"Kelly"},"location":{"street":{"number":1586,"name":"Oak Lawn Ave"},"city":"Midland","state":"Washington","country":"United States","postcode":34710,"coordinates":{"latitude":"82.1055","longitude":"-135.9526"},"timezone":{"offset":"+2:00","description":"Kaliningrad, South Africa"}},"email":"alberto.kelly@example.com","login":{"uuid":"078298e4-c954-42fe-9d1f-bed237876f08","username":"bigwolf726","password":"store","salt":"YJwsk86g","md5":"c2b28d2657191589d79d6699e5b4139a","sha1":"f21b6c00ad8e37948506abd9005eb76caa14c2fb","sha256":"ce240fc8eddfe4cb0a98c0a5243a6c8bc44c7fbba178f21c8d2c56f41f1fdd2c"},"dob":{"date":"1996-03-31T16:50:06.002Z","age":28},"registered":{"date":"2018-11-12T22:35:05.962Z","age":5},"phone":"(345) 539-0515","cell":"(562) 491-1608","id":{"name":"SSN","value":"032-81-2003"},"picture":{"large":"https://randomuser.me/api/portraits/men/18.jpg","medium":"https://randomuser.me/api/portraits/med/men/18.jpg","thumbnail":"https://randomuser.me/api/portraits/thumb/men/18.jpg"},"nat":"US"}],"info":{"seed":"90873abe8cf03587","results":1,"page":1,"version":"1.4"}} 
 </msg>
<msg time="2024-07-10T08:20:20.065265" level="INFO">/opt/hostedtoolcache/Python/3.12.4/x64/lib/python3.12/site-packages/urllib3/connectionpool.py:1099: InsecureRequestWarning: Unverified HTTPS request is being made to host 'randomuser.me'. Adding certificate verification is strongly advised. See: https://urllib3.readthedocs.io/en/latest/advanced-usage.html#tls-warnings
  warnings.warn(</msg>
<msg time="2024-07-10T08:20:20.065382" level="INFO">${response} = &lt;Response [200]&gt;</msg>
<var>${response}</var>
<arg>consultarAPI</arg>
<arg>/api</arg>
<doc>Sends a GET request on a previously created HTTP Session.</doc>
<status status="PASS" start="2024-07-10T08:20:19.956967" elapsed="0.108455"/>
</kw>
<kw name="Set Variable" owner="BuiltIn">
<msg time="2024-07-10T08:20:20.066573" level="INFO">${json_data} = {'results': [{'gender': 'male', 'name': {'title': 'Mr', 'first': 'Alberto', 'last': 'Kelly'}, 'location': {'street': {'number': 1586, 'name': 'Oak Lawn Ave'}, 'city': 'Midland', 'state': 'Washington',...</msg>
<var>${json_data}</var>
<arg>${response.json()}</arg>
<doc>Returns the given values which can then be assigned to a variables.</doc>
<status status="PASS" start="2024-07-10T08:20:20.066013" elapsed="0.000589"/>
</kw>
<kw name="Set Variable" owner="BuiltIn">
<msg time="2024-07-10T08:20:20.067293" level="INFO">${name_title} = Mr</msg>
<var>${name_title}</var>
<arg>${json_data["results"][0]["name"]["title"]}</arg>
<doc>Returns the given values which can then be assigned to a variables.</doc>
<status status="PASS" start="2024-07-10T08:20:20.066907" elapsed="0.000411"/>
</kw>
<kw name="Create List" owner="BuiltIn">
<msg time="2024-07-10T08:20:20.067765" level="INFO">${allowed_titles} = ['Mr', 'Ms', 'Miss', 'Mrs', 'Madame', 'Monsieur']</msg>
<var>${allowed_titles}</var>
<arg>Mr</arg>
<arg>Ms</arg>
<arg>Miss</arg>
<arg>Mrs</arg>
<arg>Madame</arg>
<arg>Monsieur</arg>
<doc>Returns a list containing given items.</doc>
<status status="PASS" start="2024-07-10T08:20:20.067616" elapsed="0.000173"/>
</kw>
<kw name="List Should Contain Value" owner="Collections">
<arg>${allowed_titles}</arg>
<arg>${name_title}</arg>
<doc>Fails if the ``value`` is not found from ``list``.</doc>
<status status="PASS" start="2024-07-10T08:20:20.068086" elapsed="0.000179"/>
</kw>
<kw name="Set Variable" owner="BuiltIn">
<msg time="2024-07-10T08:20:20.068806" level="INFO">${name_country} = US</msg>
<var>${name_country}</var>
<arg>${json_data["results"][0]["nat"]}</arg>
<doc>Returns the given values which can then be assigned to a variables.</doc>
<status status="PASS" start="2024-07-10T08:20:20.068441" elapsed="0.000390"/>
</kw>
<kw name="Create List" owner="BuiltIn">
<msg time="2024-07-10T08:20:20.069766" level="INFO">${list_country} = ['AD', 'AE', 'AF', 'AG', 'AI', 'AL', 'AM', 'AO', 'AQ', 'AR', 'AS', 'AT', 'AU', 'AW', 'AX', 'AZ', 'BA', 'BB', 'BD', 'BE', 'BF', 'BG', 'BH', 'BI', 'BJ', 'BL', 'BM', 'BN', 'BO', 'BQ', 'BR', 'BS', 'BT', '...</msg>
<var>${list_country}</var>
<arg>AD</arg>
<arg>AE</arg>
<arg>AF</arg>
<arg>AG</arg>
<arg>AI</arg>
<arg>AL</arg>
<arg>AM</arg>
<arg>AO</arg>
<arg>AQ</arg>
<arg>AR</arg>
<arg>AS</arg>
<arg>AT</arg>
<arg>AU</arg>
<arg>AW</arg>
<arg>AX</arg>
<arg>AZ</arg>
<arg>BA</arg>
<arg>BB</arg>
<arg>BD</arg>
<arg>BE</arg>
<arg>BF</arg>
<arg>BG</arg>
<arg>BH</arg>
<arg>BI</arg>
<arg>BJ</arg>
<arg>BL</arg>
<arg>BM</arg>
<arg>BN</arg>
<arg>BO</arg>
<arg>BQ</arg>
<arg>BR</arg>
<arg>BS</arg>
<arg>BT</arg>
<arg>BV</arg>
<arg>BW</arg>
<arg>BY</arg>
<arg>BZ</arg>
<arg>CA</arg>
<arg>CC</arg>
<arg>CD</arg>
<arg>CF</arg>
<arg>CG</arg>
<arg>CH</arg>
<arg>CI</arg>
<arg>CK</arg>
<arg>CL</arg>
<arg>CM</arg>
<arg>CN</arg>
<arg>CO</arg>
<arg>CR</arg>
<arg>CU</arg>
<arg>CV</arg>
<arg>CW</arg>
<arg>CX</arg>
<arg>CY</arg>
<arg>CZ</arg>
<arg>DE</arg>
<arg>DJ</arg>
<arg>DK</arg>
<arg>DM</arg>
<arg>DO</arg>
<arg>DZ</arg>
<arg>EC</arg>
<arg>EE</arg>
<arg>EG</arg>
<arg>EH</arg>
<arg>ER</arg>
<arg>ES</arg>
<arg>ET</arg>
<arg>FI</arg>
<arg>FJ</arg>
<arg>FK</arg>
<arg>FM</arg>
<arg>FO</arg>
<arg>FR</arg>
<arg>GA</arg>
<arg>GB</arg>
<arg>GD</arg>
<arg>GE</arg>
<arg>GF</arg>
<arg>GG</arg>
<arg>GH</arg>
<arg>GI</arg>
<arg>GL</arg>
<arg>GM</arg>
<arg>GN</arg>
<arg>GP</arg>
<arg>GQ</arg>
<arg>GR</arg>
<arg>GS</arg>
<arg>GT</arg>
<arg>GU</arg>
<arg>GW</arg>
<arg>GY</arg>
<arg>HK</arg>
<arg>HM</arg>
<arg>HN</arg>
<arg>HR</arg>
<arg>HT</arg>
<arg>HU</arg>
<arg>ID</arg>
<arg>IE</arg>
<arg>IL</arg>
<arg>IM</arg>
<arg>IN</arg>
<arg>IO</arg>
<arg>IQ</arg>
<arg>IR</arg>
<arg>IS</arg>
<arg>IT</arg>
<arg>JE</arg>
<arg>JM</arg>
<arg>JO</arg>
<arg>JP</arg>
<arg>KE</arg>
<arg>KG</arg>
<arg>KH</arg>
<arg>KI</arg>
<arg>KM</arg>
<arg>KN</arg>
<arg>KP</arg>
<arg>KR</arg>
<arg>KW</arg>
<arg>KY</arg>
<arg>KZ</arg>
<arg>LA</arg>
<arg>LB</arg>
<arg>LC</arg>
<arg>LI</arg>
<arg>LK</arg>
<arg>LR</arg>
<arg>LS</arg>
<arg>LT</arg>
<arg>LU</arg>
<arg>LV</arg>
<arg>LY</arg>
<arg>MA</arg>
<arg>MC</arg>
<arg>MD</arg>
<arg>ME</arg>
<arg>MF</arg>
<arg>MG</arg>
<arg>MH</arg>
<arg>MK</arg>
<arg>ML</arg>
<arg>MM</arg>
<arg>MN</arg>
<arg>MO</arg>
<arg>MP</arg>
<arg>MQ</arg>
<arg>MR</arg>
<arg>MS</arg>
<arg>MT</arg>
<arg>MU</arg>
<arg>MV</arg>
<arg>MW</arg>
<arg>MX</arg>
<arg>MY</arg>
<arg>MZ</arg>
<arg>NA</arg>
<arg>NC</arg>
<arg>NE</arg>
<arg>NF</arg>
<arg>NG</arg>
<arg>NI</arg>
<arg>NL</arg>
<arg>NO</arg>
<arg>NP</arg>
<arg>NR</arg>
<arg>NU</arg>
<arg>NZ</arg>
<arg>OM</arg>
<arg>PA</arg>
<arg>PE</arg>
<arg>PF</arg>
<arg>PG</arg>
<arg>PH</arg>
<arg>PK</arg>
<arg>PL</arg>
<arg>PM</arg>
<arg>PN</arg>
<arg>PR</arg>
<arg>PS</arg>
<arg>PT</arg>
<arg>PW</arg>
<arg>PY</arg>
<arg>QA</arg>
<arg>RE</arg>
<arg>RO</arg>
<arg>RS</arg>
<arg>RU</arg>
<arg>RW</arg>
<arg>SA</arg>
<arg>SB</arg>
<arg>SC</arg>
<arg>SD</arg>
<arg>SE</arg>
<arg>SG</arg>
<arg>SH</arg>
<arg>SI</arg>
<arg>SJ</arg>
<arg>SK</arg>
<arg>SL</arg>
<arg>SM</arg>
<arg>SN</arg>
<arg>SO</arg>
<arg>SR</arg>
<arg>SS</arg>
<arg>ST</arg>
<arg>SV</arg>
<arg>SX</arg>
<arg>SY</arg>
<arg>SZ</arg>
<arg>TC</arg>
<arg>TD</arg>
<arg>TF</arg>
<arg>TG</arg>
<arg>TH</arg>
<arg>TJ</arg>
<arg>TK</arg>
<arg>TL</arg>
<arg>TM</arg>
<arg>TN</arg>
<arg>TO</arg>
<arg>TR</arg>
<arg>TT</arg>
<arg>TV</arg>
<arg>TW</arg>
<arg>TZ</arg>
<arg>UA</arg>
<arg>UG</arg>
<arg>UM</arg>
<arg>US</arg>
<arg>UY</arg>
<arg>UZ</arg>
<arg>VA</arg>
<arg>VC</arg>
<arg>VE</arg>
<arg>VG</arg>
<arg>VI</arg>
<arg>VN</arg>
<arg>VU</arg>
<arg>WF</arg>
<arg>WS</arg>
<arg>XK</arg>
<arg>YE</arg>
<arg>YT</arg>
<arg>ZA</arg>
<arg>ZM</arg>
<arg>ZW</arg>
<doc>Returns a list containing given items.</doc>
<status status="PASS" start="2024-07-10T08:20:20.069167" elapsed="0.000625"/>
</kw>
<kw name="List Should Contain Value" owner="Collections">
<arg>${list_country}</arg>
<arg>${name_country}</arg>
<doc>Fails if the ``value`` is not found from ``list``.</doc>
<status status="PASS" start="2024-07-10T08:20:20.070595" elapsed="0.000203"/>
</kw>
<kw name="Run Keyword If" owner="BuiltIn">
<kw name="Should Be True" owner="BuiltIn">
<arg>${True}</arg>
<doc>Fails if the given condition is not true.</doc>
<status status="PASS" start="2024-07-10T08:20:20.071726" elapsed="0.000139"/>
</kw>
<arg>${json_data["results"][0]["location"]["coordinates"]["latitude"]} &gt;= -90 and ${json_data["results"][0]["location"]["coordinates"]["latitude"]} &lt;= 90</arg>
<arg>Should Be True</arg>
<arg>${True}</arg>
<doc>Runs the given keyword with the given arguments, if ``condition`` is true.</doc>
<status status="PASS" start="2024-07-10T08:20:20.070993" elapsed="0.000995"/>
</kw>
<kw name="Run Keyword If" owner="BuiltIn">
<kw name="Should Be True" owner="BuiltIn">
<arg>${True}</arg>
<doc>Fails if the given condition is not true.</doc>
<status status="PASS" start="2024-07-10T08:20:20.072865" elapsed="0.000270"/>
</kw>
<arg>${json_data["results"][0]["location"]["coordinates"]["longitude"]} &gt;= -180 and ${json_data["results"][0]["location"]["coordinates"]["longitude"]} &lt;= 180</arg>
<arg>Should Be True</arg>
<arg>${True}</arg>
<doc>Runs the given keyword with the given arguments, if ``condition`` is true.</doc>
<status status="PASS" start="2024-07-10T08:20:20.072169" elapsed="0.001097"/>
</kw>
<status status="PASS" start="2024-07-10T08:20:19.956724" elapsed="0.116676"/>
</kw>
<doc>Testa o conteúdo específico dos campos retornados pela API.</doc>
<tag>testeConteudo</tag>
<status status="PASS" start="2024-07-10T08:20:19.956196" elapsed="0.117354"/>
</test>
<status status="PASS" start="2024-07-10T08:20:19.128768" elapsed="0.946776"/>
</suite>
<status status="PASS" start="2024-07-10T08:20:19.113183" elapsed="0.967397"/>
</suite>
<statistics>
<total>
<stat pass="5" fail="0" skip="0">All Tests</stat>
</total>
<tag>
<stat pass="1" fail="0" skip="0">testeConteudo</stat>
<stat pass="1" fail="0" skip="0">testeEstruturaResposta</stat>
<stat pass="1" fail="0" skip="0">testeRequisicaoBasica</stat>
<stat pass="1" fail="0" skip="0">testeTiposDados</stat>
</tag>
<suite>
<stat pass="5" fail="0" skip="0" id="s1" name="Tests">Tests</stat>
<stat pass="5" fail="0" skip="0" id="s1-s1" name="Random-User-Test">Tests.Random-User-Test</stat>
</suite>
</statistics>
<errors>
</errors>
</robot>
