<?xml version="1.0" encoding="UTF-8"?>
<robot generator="Robot 7.0 (Python 3.12.2 on linux)" generated="2024-03-24T09:14:19.635417" rpa="false" schemaversion="5">
<suite id="s1" name="Tests" source="/home/runner/work/DesafioQAItauRogerioJordao/DesafioQAItauRogerioJordao/RamdonUser/tests">
<suite id="s1-s1" name="Random-User-Test" source="/home/runner/work/DesafioQAItauRogerioJordao/DesafioQAItauRogerioJordao/RamdonUser/tests/random-user-test.robot">
<test id="s1-s1-t1" name="Conectar" line="13">
<kw name="Conectar API" owner="random-user-service">
<kw name="Create Session" owner="RequestsLibrary">
<msg time="2024-03-24T09:14:20.010716" level="INFO">Creating Session using : alias=consultarAPI, url=https://randomuser.me/, headers={},                     cookies={}, auth=None, timeout=None, proxies=None, verify=False,                     debug=0 </msg>
<arg>consultarAPI</arg>
<arg>${URL}</arg>
<doc>Create Session: create a HTTP session to a server</doc>
<status status="PASS" start="2024-03-24T09:14:20.010508" elapsed="0.000394"/>
</kw>
<status status="PASS" start="2024-03-24T09:14:20.009412" elapsed="0.001868"/>
</kw>
<status status="PASS" start="2024-03-24T09:14:20.008799" elapsed="0.002693"/>
</test>
<test id="s1-s1-t2" name="Validar retorno 200 e JSON Válido" line="16">
<kw name="Teste de Requisicao Basica" owner="random-user-service">
<kw name="GET On Session" owner="RequestsLibrary">
<msg time="2024-03-24T09:14:20.057377" level="INFO">GET Request : url=https://randomuser.me/api 
 path_url=/api 
 headers={'User-Agent': 'python-requests/2.31.0', 'Accept-Encoding': 'gzip, deflate', 'Accept': '*/*', 'Connection': 'keep-alive'} 
 body=None 
 </msg>
<msg time="2024-03-24T09:14:20.057528" level="INFO">GET Response : url=https://randomuser.me/api 
 status=200, reason=OK 
 headers={'Date': 'Sun, 24 Mar 2024 09:14:20 GMT', 'Content-Type': 'application/json; charset=utf-8', 'Transfer-Encoding': 'chunked', 'Connection': 'keep-alive', 'X-Powered-By': 'Express', 'Access-Control-Allow-Origin': '*', 'Cache-Control': 'no-cache', 'ETag': 'W/"48d-JOzHYqpVU8a3VUxe9o4BJX8cdKI"', 'Vary': 'Accept-Encoding', 'Content-Encoding': 'gzip', 'CF-Cache-Status': 'DYNAMIC', 'Report-To': '{"endpoints":[{"url":"https:\\/\\/a.nel.cloudflare.com\\/report\\/v4?s=UjvYPVI4u0k0wXuyNk9%2B3j4F8gLjwef0Ld3j0WmkN%2Fif5K2XDvyhL20AbGNvMwoZh3eRwTcH4IivHc32ulH3v42v6NGJkDOtl%2B6Bout8xej507uKF25Onm%2F4Z3neGXpb"}],"group":"cf-nel","max_age":604800}', 'NEL': '{"success_fraction":0,"report_to":"cf-nel","max_age":604800}', 'Server': 'cloudflare', 'CF-RAY': '86958ce33fc75980-IAD', 'alt-svc': 'h3=":443"; ma=86400'} 
 body={"results":[{"gender":"male","name":{"title":"Mr","first":"Kyle","last":"Cox"},"location":{"street":{"number":602,"name":"Daisy Dr"},"city":"Vancouver","state":"South Dakota","country":"United States","postcode":47370,"coordinates":{"latitude":"85.9708","longitude":"-2.8095"},"timezone":{"offset":"-5:00","description":"Eastern Time (US &amp; Canada), Bogota, Lima"}},"email":"kyle.cox@example.com","login":{"uuid":"92302ec6-3592-4796-b4ac-9f4663df5cf1","username":"redrabbit650","password":"danny","salt":"ovLlBMAT","md5":"0acb35b819375a8fa0e3f386db07bd5d","sha1":"9f8be4d996663888faab4c880e34adf59f9b7f86","sha256":"477e0976c14ee488f3266ca0f048354c5cc560825ee90a004b47318c0646f013"},"dob":{"date":"2000-02-01T02:30:13.915Z","age":24},"registered":{"date":"2008-03-13T06:36:55.796Z","age":16},"phone":"(528) 937-9064","cell":"(338) 667-3204","id":{"name":"SSN","value":"879-82-9860"},"picture":{"large":"https://randomuser.me/api/portraits/men/39.jpg","medium":"https://randomuser.me/api/portraits/med/men/39.jpg","thumbnail":"https://randomuser.me/api/portraits/thumb/men/39.jpg"},"nat":"US"}],"info":{"seed":"41ea881b79611cfd","results":1,"page":1,"version":"1.4"}} 
 </msg>
<msg time="2024-03-24T09:14:20.057693" level="INFO">/opt/hostedtoolcache/Python/3.12.2/x64/lib/python3.12/site-packages/urllib3/connectionpool.py:1103: InsecureRequestWarning: Unverified HTTPS request is being made to host 'randomuser.me'. Adding certificate verification is strongly advised. See: https://urllib3.readthedocs.io/en/latest/advanced-usage.html#tls-warnings
  warnings.warn(</msg>
<msg time="2024-03-24T09:14:20.057897" level="INFO">${response} = &lt;Response [200]&gt;</msg>
<var>${response}</var>
<arg>consultarAPI</arg>
<arg>/api</arg>
<doc>Sends a GET request on a previously created HTTP Session.</doc>
<status status="PASS" start="2024-03-24T09:14:20.014134" elapsed="0.043827"/>
</kw>
<kw name="Should Be Equal As Numbers" owner="BuiltIn">
<msg time="2024-03-24T09:14:20.059089" level="INFO">Argument types are:
&lt;class 'int'&gt;
&lt;class 'str'&gt;</msg>
<arg>${response.status_code}</arg>
<arg>200</arg>
<doc>Fails if objects are unequal after converting them to real numbers.</doc>
<status status="PASS" start="2024-03-24T09:14:20.058594" elapsed="0.000564"/>
</kw>
<kw name="Log" owner="BuiltIn">
<msg time="2024-03-24T09:14:20.059850" level="INFO">200</msg>
<arg>${response.status_code}</arg>
<doc>Logs the given message with the given level.</doc>
<status status="PASS" start="2024-03-24T09:14:20.059487" elapsed="0.000407"/>
</kw>
<kw name="Set Variable" owner="BuiltIn">
<msg time="2024-03-24T09:14:20.060675" level="INFO">${json_data} = {'results': [{'gender': 'male', 'name': {'title': 'Mr', 'first': 'Kyle', 'last': 'Cox'}, 'location': {'street': {'number': 602, 'name': 'Daisy Dr'}, 'city': 'Vancouver', 'state': 'South Dakota', 'coun...</msg>
<var>${json_data}</var>
<arg>${response.json()}</arg>
<doc>Returns the given values which can then be assigned to a variables.</doc>
<status status="PASS" start="2024-03-24T09:14:20.060220" elapsed="0.000483"/>
</kw>
<kw name="Dictionary Should Contain Key" owner="Collections">
<msg time="2024-03-24T09:14:20.061186" level="INFO">False</msg>
<arg>${json_data}</arg>
<arg>results</arg>
<doc>Fails if ``key`` is not found from ``dictionary``.</doc>
<status status="PASS" start="2024-03-24T09:14:20.061010" elapsed="0.000216"/>
</kw>
<status status="PASS" start="2024-03-24T09:14:20.013883" elapsed="0.047605"/>
</kw>
<doc>Testa se a API responde corretamente e retorna um objeto JSON válido.</doc>
<tag>testeRequisicaoBasica</tag>
<status status="PASS" start="2024-03-24T09:14:20.013334" elapsed="0.048393"/>
</test>
<test id="s1-s1-t3" name="Validar estrutura de resposta" line="22">
<kw name="Teste de Estrutura de Resposta" owner="random-user-service">
<kw name="GET On Session" owner="RequestsLibrary">
<msg time="2024-03-24T09:14:20.161642" level="INFO">GET Request : url=https://randomuser.me/api 
 path_url=/api 
 headers={'User-Agent': 'python-requests/2.31.0', 'Accept-Encoding': 'gzip, deflate', 'Accept': '*/*', 'Connection': 'keep-alive'} 
 body=None 
 </msg>
<msg time="2024-03-24T09:14:20.161753" level="INFO">GET Response : url=https://randomuser.me/api 
 status=200, reason=OK 
 headers={'Date': 'Sun, 24 Mar 2024 09:14:20 GMT', 'Content-Type': 'application/json; charset=utf-8', 'Transfer-Encoding': 'chunked', 'Connection': 'keep-alive', 'X-Powered-By': 'Express', 'Access-Control-Allow-Origin': '*', 'Cache-Control': 'no-cache', 'ETag': 'W/"484-y0ygDitC0vn28EPwQVYkulEp10Y"', 'Vary': 'Accept-Encoding', 'Content-Encoding': 'gzip', 'CF-Cache-Status': 'DYNAMIC', 'Report-To': '{"endpoints":[{"url":"https:\\/\\/a.nel.cloudflare.com\\/report\\/v4?s=oIvlJ7jWPZmn17KWF1gEtyYaTDubJ0C6LYql4U4O1zfdpYH9%2BZCWgjFS70r6J%2F25qos%2BhmvP3YnyNSh4NXOYbA5B1v%2BN5Jtqo%2FlUTHjD%2FBwUIxkh2NDE6HSqhpt1s7Mq"}],"group":"cf-nel","max_age":604800}', 'NEL': '{"success_fraction":0,"report_to":"cf-nel","max_age":604800}', 'Server': 'cloudflare', 'CF-RAY': '86958ce36fda5980-IAD', 'alt-svc': 'h3=":443"; ma=86400'} 
 body={"results":[{"gender":"male","name":{"title":"Mr","first":"Nabil","last":"Te Winkel"},"location":{"street":{"number":2020,"name":"De Cranestraat"},"city":"Bodegraven","state":"Noord-Brabant","country":"Netherlands","postcode":"7965 AT","coordinates":{"latitude":"34.9028","longitude":"-57.8859"},"timezone":{"offset":"+3:30","description":"Tehran"}},"email":"nabil.tewinkel@example.com","login":{"uuid":"ab935195-501f-401b-a6b4-fb75e96504fc","username":"sadelephant985","password":"halflife","salt":"udf9dgSP","md5":"491871d6bb8f0887903db607423ea422","sha1":"d8e99e8a5ba5daabed9c616f68dcc7612600cafa","sha256":"4d99f622a354d9c17261ddbfba56722804ffb999a5dcff028c3cef845609beac"},"dob":{"date":"1984-12-16T00:54:57.606Z","age":39},"registered":{"date":"2011-07-06T10:34:41.135Z","age":12},"phone":"(0413) 780972","cell":"(06) 42278023","id":{"name":"BSN","value":"85777462"},"picture":{"large":"https://randomuser.me/api/portraits/men/35.jpg","medium":"https://randomuser.me/api/portraits/med/men/35.jpg","thumbnail":"https://randomuser.me/api/portraits/thumb/men/35.jpg"},"nat":"NL"}],"info":{"seed":"6efacf24129404aa","results":1,"page":1,"version":"1.4"}} 
 </msg>
<msg time="2024-03-24T09:14:20.161911" level="INFO">/opt/hostedtoolcache/Python/3.12.2/x64/lib/python3.12/site-packages/urllib3/connectionpool.py:1103: InsecureRequestWarning: Unverified HTTPS request is being made to host 'randomuser.me'. Adding certificate verification is strongly advised. See: https://urllib3.readthedocs.io/en/latest/advanced-usage.html#tls-warnings
  warnings.warn(</msg>
<msg time="2024-03-24T09:14:20.162053" level="INFO">${response} = &lt;Response [200]&gt;</msg>
<var>${response}</var>
<arg>consultarAPI</arg>
<arg>/api</arg>
<doc>Sends a GET request on a previously created HTTP Session.</doc>
<status status="PASS" start="2024-03-24T09:14:20.064628" elapsed="0.097466"/>
</kw>
<kw name="Set Variable" owner="BuiltIn">
<msg time="2024-03-24T09:14:20.163373" level="INFO">${json_data} = {'results': [{'gender': 'male', 'name': {'title': 'Mr', 'first': 'Nabil', 'last': 'Te Winkel'}, 'location': {'street': {'number': 2020, 'name': 'De Cranestraat'}, 'city': 'Bodegraven', 'state': 'Noord...</msg>
<var>${json_data}</var>
<arg>${response.json()}</arg>
<doc>Returns the given values which can then be assigned to a variables.</doc>
<status status="PASS" start="2024-03-24T09:14:20.162791" elapsed="0.000612"/>
</kw>
<kw name="Log" owner="BuiltIn">
<msg time="2024-03-24T09:14:20.163881" level="INFO">{'results': [{'gender': 'male', 'name': {'title': 'Mr', 'first': 'Nabil', 'last': 'Te Winkel'}, 'location': {'street': {'number': 2020, 'name': 'De Cranestraat'}, 'city': 'Bodegraven', 'state': 'Noord-Brabant', 'country': 'Netherlands', 'postcode': '7965 AT', 'coordinates': {'latitude': '34.9028', 'longitude': '-57.8859'}, 'timezone': {'offset': '+3:30', 'description': 'Tehran'}}, 'email': 'nabil.tewinkel@example.com', 'login': {'uuid': 'ab935195-501f-401b-a6b4-fb75e96504fc', 'username': 'sadelephant985', 'password': 'halflife', 'salt': 'udf9dgSP', 'md5': '491871d6bb8f0887903db607423ea422', 'sha1': 'd8e99e8a5ba5daabed9c616f68dcc7612600cafa', 'sha256': '4d99f622a354d9c17261ddbfba56722804ffb999a5dcff028c3cef845609beac'}, 'dob': {'date': '1984-12-16T00:54:57.606Z', 'age': 39}, 'registered': {'date': '2011-07-06T10:34:41.135Z', 'age': 12}, 'phone': '(0413) 780972', 'cell': '(06) 42278023', 'id': {'name': 'BSN', 'value': '85777462'}, 'picture': {'large': 'https://randomuser.me/api/portraits/men/35.jpg', 'medium': 'https://randomuser.me/api/portraits/med/men/35.jpg', 'thumbnail': 'https://randomuser.me/api/portraits/thumb/men/35.jpg'}, 'nat': 'NL'}], 'info': {'seed': '6efacf24129404aa', 'results': 1, 'page': 1, 'version': '1.4'}}</msg>
<arg>${json_data}</arg>
<doc>Logs the given message with the given level.</doc>
<status status="PASS" start="2024-03-24T09:14:20.163717" elapsed="0.000214"/>
</kw>
<kw name="Dictionary Should Contain Key" owner="Collections">
<msg time="2024-03-24T09:14:20.164392" level="INFO">False</msg>
<arg>${json_data}</arg>
<arg>results</arg>
<doc>Fails if ``key`` is not found from ``dictionary``.</doc>
<status status="PASS" start="2024-03-24T09:14:20.164232" elapsed="0.000198"/>
</kw>
<kw name="Should Not Be Empty" owner="BuiltIn">
<msg time="2024-03-24T09:14:20.164857" level="INFO">Length is 2.</msg>
<arg>${json_data}</arg>
<doc>Verifies that the given item is not empty.</doc>
<status status="PASS" start="2024-03-24T09:14:20.164723" elapsed="0.000172"/>
</kw>
<kw name="Create List" owner="BuiltIn">
<msg time="2024-03-24T09:14:20.165337" level="INFO">${expected_keys} = ['gender', 'name', 'location', 'email', 'login']</msg>
<var>${expected_keys}</var>
<arg>gender</arg>
<arg>name</arg>
<arg>location</arg>
<arg>email</arg>
<arg>login</arg>
<doc>Returns a list containing given items.</doc>
<status status="PASS" start="2024-03-24T09:14:20.165186" elapsed="0.000178"/>
</kw>
<for flavor="IN">
<iter>
<kw name="Dictionary Should Contain Key" owner="Collections">
<msg time="2024-03-24T09:14:20.166469" level="INFO">False</msg>
<arg>${json_data['results'][0]}</arg>
<arg>${key}</arg>
<doc>Fails if ``key`` is not found from ``dictionary``.</doc>
<status status="PASS" start="2024-03-24T09:14:20.166042" elapsed="0.000475"/>
</kw>
<kw name="Log" owner="BuiltIn">
<msg time="2024-03-24T09:14:20.167229" level="INFO">{'gender': 'male', 'name': {'title': 'Mr', 'first': 'Nabil', 'last': 'Te Winkel'}, 'location': {'street': {'number': 2020, 'name': 'De Cranestraat'}, 'city': 'Bodegraven', 'state': 'Noord-Brabant', 'country': 'Netherlands', 'postcode': '7965 AT', 'coordinates': {'latitude': '34.9028', 'longitude': '-57.8859'}, 'timezone': {'offset': '+3:30', 'description': 'Tehran'}}, 'email': 'nabil.tewinkel@example.com', 'login': {'uuid': 'ab935195-501f-401b-a6b4-fb75e96504fc', 'username': 'sadelephant985', 'password': 'halflife', 'salt': 'udf9dgSP', 'md5': '491871d6bb8f0887903db607423ea422', 'sha1': 'd8e99e8a5ba5daabed9c616f68dcc7612600cafa', 'sha256': '4d99f622a354d9c17261ddbfba56722804ffb999a5dcff028c3cef845609beac'}, 'dob': {'date': '1984-12-16T00:54:57.606Z', 'age': 39}, 'registered': {'date': '2011-07-06T10:34:41.135Z', 'age': 12}, 'phone': '(0413) 780972', 'cell': '(06) 42278023', 'id': {'name': 'BSN', 'value': '85777462'}, 'picture': {'large': 'https://randomuser.me/api/portraits/men/35.jpg', 'medium': 'https://randomuser.me/api/portraits/med/men/35.jpg', 'thumbnail': 'https://randomuser.me/api/portraits/thumb/men/35.jpg'}, 'nat': 'NL'}</msg>
<arg>${json_data['results'][0]}</arg>
<doc>Logs the given message with the given level.</doc>
<status status="PASS" start="2024-03-24T09:14:20.166854" elapsed="0.000430"/>
</kw>
<kw name="Log" owner="BuiltIn">
<msg time="2024-03-24T09:14:20.167720" level="INFO">gender</msg>
<arg>${key}</arg>
<doc>Logs the given message with the given level.</doc>
<status status="PASS" start="2024-03-24T09:14:20.167588" elapsed="0.000172"/>
</kw>
<var name="${key}">gender</var>
<status status="PASS" start="2024-03-24T09:14:20.165909" elapsed="0.002075"/>
</iter>
<iter>
<kw name="Dictionary Should Contain Key" owner="Collections">
<msg time="2024-03-24T09:14:20.168674" level="INFO">False</msg>
<arg>${json_data['results'][0]}</arg>
<arg>${key}</arg>
<doc>Fails if ``key`` is not found from ``dictionary``.</doc>
<status status="PASS" start="2024-03-24T09:14:20.168289" elapsed="0.000423"/>
</kw>
<kw name="Log" owner="BuiltIn">
<msg time="2024-03-24T09:14:20.169400" level="INFO">{'gender': 'male', 'name': {'title': 'Mr', 'first': 'Nabil', 'last': 'Te Winkel'}, 'location': {'street': {'number': 2020, 'name': 'De Cranestraat'}, 'city': 'Bodegraven', 'state': 'Noord-Brabant', 'country': 'Netherlands', 'postcode': '7965 AT', 'coordinates': {'latitude': '34.9028', 'longitude': '-57.8859'}, 'timezone': {'offset': '+3:30', 'description': 'Tehran'}}, 'email': 'nabil.tewinkel@example.com', 'login': {'uuid': 'ab935195-501f-401b-a6b4-fb75e96504fc', 'username': 'sadelephant985', 'password': 'halflife', 'salt': 'udf9dgSP', 'md5': '491871d6bb8f0887903db607423ea422', 'sha1': 'd8e99e8a5ba5daabed9c616f68dcc7612600cafa', 'sha256': '4d99f622a354d9c17261ddbfba56722804ffb999a5dcff028c3cef845609beac'}, 'dob': {'date': '1984-12-16T00:54:57.606Z', 'age': 39}, 'registered': {'date': '2011-07-06T10:34:41.135Z', 'age': 12}, 'phone': '(0413) 780972', 'cell': '(06) 42278023', 'id': {'name': 'BSN', 'value': '85777462'}, 'picture': {'large': 'https://randomuser.me/api/portraits/men/35.jpg', 'medium': 'https://randomuser.me/api/portraits/med/men/35.jpg', 'thumbnail': 'https://randomuser.me/api/portraits/thumb/men/35.jpg'}, 'nat': 'NL'}</msg>
<arg>${json_data['results'][0]}</arg>
<doc>Logs the given message with the given level.</doc>
<status status="PASS" start="2024-03-24T09:14:20.169043" elapsed="0.000406"/>
</kw>
<kw name="Log" owner="BuiltIn">
<msg time="2024-03-24T09:14:20.169907" level="INFO">name</msg>
<arg>${key}</arg>
<doc>Logs the given message with the given level.</doc>
<status status="PASS" start="2024-03-24T09:14:20.169776" elapsed="0.000170"/>
</kw>
<var name="${key}">name</var>
<status status="PASS" start="2024-03-24T09:14:20.168174" elapsed="0.001989"/>
</iter>
<iter>
<kw name="Dictionary Should Contain Key" owner="Collections">
<msg time="2024-03-24T09:14:20.170833" level="INFO">False</msg>
<arg>${json_data['results'][0]}</arg>
<arg>${key}</arg>
<doc>Fails if ``key`` is not found from ``dictionary``.</doc>
<status status="PASS" start="2024-03-24T09:14:20.170456" elapsed="0.000415"/>
</kw>
<kw name="Log" owner="BuiltIn">
<msg time="2024-03-24T09:14:20.171533" level="INFO">{'gender': 'male', 'name': {'title': 'Mr', 'first': 'Nabil', 'last': 'Te Winkel'}, 'location': {'street': {'number': 2020, 'name': 'De Cranestraat'}, 'city': 'Bodegraven', 'state': 'Noord-Brabant', 'country': 'Netherlands', 'postcode': '7965 AT', 'coordinates': {'latitude': '34.9028', 'longitude': '-57.8859'}, 'timezone': {'offset': '+3:30', 'description': 'Tehran'}}, 'email': 'nabil.tewinkel@example.com', 'login': {'uuid': 'ab935195-501f-401b-a6b4-fb75e96504fc', 'username': 'sadelephant985', 'password': 'halflife', 'salt': 'udf9dgSP', 'md5': '491871d6bb8f0887903db607423ea422', 'sha1': 'd8e99e8a5ba5daabed9c616f68dcc7612600cafa', 'sha256': '4d99f622a354d9c17261ddbfba56722804ffb999a5dcff028c3cef845609beac'}, 'dob': {'date': '1984-12-16T00:54:57.606Z', 'age': 39}, 'registered': {'date': '2011-07-06T10:34:41.135Z', 'age': 12}, 'phone': '(0413) 780972', 'cell': '(06) 42278023', 'id': {'name': 'BSN', 'value': '85777462'}, 'picture': {'large': 'https://randomuser.me/api/portraits/men/35.jpg', 'medium': 'https://randomuser.me/api/portraits/med/men/35.jpg', 'thumbnail': 'https://randomuser.me/api/portraits/thumb/men/35.jpg'}, 'nat': 'NL'}</msg>
<arg>${json_data['results'][0]}</arg>
<doc>Logs the given message with the given level.</doc>
<status status="PASS" start="2024-03-24T09:14:20.171173" elapsed="0.000412"/>
</kw>
<kw name="Log" owner="BuiltIn">
<msg time="2024-03-24T09:14:20.172003" level="INFO">location</msg>
<arg>${key}</arg>
<doc>Logs the given message with the given level.</doc>
<status status="PASS" start="2024-03-24T09:14:20.171877" elapsed="0.000165"/>
</kw>
<var name="${key}">location</var>
<status status="PASS" start="2024-03-24T09:14:20.170343" elapsed="0.001921"/>
</iter>
<iter>
<kw name="Dictionary Should Contain Key" owner="Collections">
<msg time="2024-03-24T09:14:20.172947" level="INFO">False</msg>
<arg>${json_data['results'][0]}</arg>
<arg>${key}</arg>
<doc>Fails if ``key`` is not found from ``dictionary``.</doc>
<status status="PASS" start="2024-03-24T09:14:20.172553" elapsed="0.000432"/>
</kw>
<kw name="Log" owner="BuiltIn">
<msg time="2024-03-24T09:14:20.173669" level="INFO">{'gender': 'male', 'name': {'title': 'Mr', 'first': 'Nabil', 'last': 'Te Winkel'}, 'location': {'street': {'number': 2020, 'name': 'De Cranestraat'}, 'city': 'Bodegraven', 'state': 'Noord-Brabant', 'country': 'Netherlands', 'postcode': '7965 AT', 'coordinates': {'latitude': '34.9028', 'longitude': '-57.8859'}, 'timezone': {'offset': '+3:30', 'description': 'Tehran'}}, 'email': 'nabil.tewinkel@example.com', 'login': {'uuid': 'ab935195-501f-401b-a6b4-fb75e96504fc', 'username': 'sadelephant985', 'password': 'halflife', 'salt': 'udf9dgSP', 'md5': '491871d6bb8f0887903db607423ea422', 'sha1': 'd8e99e8a5ba5daabed9c616f68dcc7612600cafa', 'sha256': '4d99f622a354d9c17261ddbfba56722804ffb999a5dcff028c3cef845609beac'}, 'dob': {'date': '1984-12-16T00:54:57.606Z', 'age': 39}, 'registered': {'date': '2011-07-06T10:34:41.135Z', 'age': 12}, 'phone': '(0413) 780972', 'cell': '(06) 42278023', 'id': {'name': 'BSN', 'value': '85777462'}, 'picture': {'large': 'https://randomuser.me/api/portraits/men/35.jpg', 'medium': 'https://randomuser.me/api/portraits/med/men/35.jpg', 'thumbnail': 'https://randomuser.me/api/portraits/thumb/men/35.jpg'}, 'nat': 'NL'}</msg>
<arg>${json_data['results'][0]}</arg>
<doc>Logs the given message with the given level.</doc>
<status status="PASS" start="2024-03-24T09:14:20.173285" elapsed="0.000434"/>
</kw>
<kw name="Log" owner="BuiltIn">
<msg time="2024-03-24T09:14:20.174154" level="INFO">email</msg>
<arg>${key}</arg>
<doc>Logs the given message with the given level.</doc>
<status status="PASS" start="2024-03-24T09:14:20.174024" elapsed="0.000168"/>
</kw>
<var name="${key}">email</var>
<status status="PASS" start="2024-03-24T09:14:20.172442" elapsed="0.001968"/>
</iter>
<iter>
<kw name="Dictionary Should Contain Key" owner="Collections">
<msg time="2024-03-24T09:14:20.175092" level="INFO">False</msg>
<arg>${json_data['results'][0]}</arg>
<arg>${key}</arg>
<doc>Fails if ``key`` is not found from ``dictionary``.</doc>
<status status="PASS" start="2024-03-24T09:14:20.174702" elapsed="0.000428"/>
</kw>
<kw name="Log" owner="BuiltIn">
<msg time="2024-03-24T09:14:20.175786" level="INFO">{'gender': 'male', 'name': {'title': 'Mr', 'first': 'Nabil', 'last': 'Te Winkel'}, 'location': {'street': {'number': 2020, 'name': 'De Cranestraat'}, 'city': 'Bodegraven', 'state': 'Noord-Brabant', 'country': 'Netherlands', 'postcode': '7965 AT', 'coordinates': {'latitude': '34.9028', 'longitude': '-57.8859'}, 'timezone': {'offset': '+3:30', 'description': 'Tehran'}}, 'email': 'nabil.tewinkel@example.com', 'login': {'uuid': 'ab935195-501f-401b-a6b4-fb75e96504fc', 'username': 'sadelephant985', 'password': 'halflife', 'salt': 'udf9dgSP', 'md5': '491871d6bb8f0887903db607423ea422', 'sha1': 'd8e99e8a5ba5daabed9c616f68dcc7612600cafa', 'sha256': '4d99f622a354d9c17261ddbfba56722804ffb999a5dcff028c3cef845609beac'}, 'dob': {'date': '1984-12-16T00:54:57.606Z', 'age': 39}, 'registered': {'date': '2011-07-06T10:34:41.135Z', 'age': 12}, 'phone': '(0413) 780972', 'cell': '(06) 42278023', 'id': {'name': 'BSN', 'value': '85777462'}, 'picture': {'large': 'https://randomuser.me/api/portraits/men/35.jpg', 'medium': 'https://randomuser.me/api/portraits/med/men/35.jpg', 'thumbnail': 'https://randomuser.me/api/portraits/thumb/men/35.jpg'}, 'nat': 'NL'}</msg>
<arg>${json_data['results'][0]}</arg>
<doc>Logs the given message with the given level.</doc>
<status status="PASS" start="2024-03-24T09:14:20.175429" elapsed="0.000404"/>
</kw>
<kw name="Log" owner="BuiltIn">
<msg time="2024-03-24T09:14:20.176251" level="INFO">login</msg>
<arg>${key}</arg>
<doc>Logs the given message with the given level.</doc>
<status status="PASS" start="2024-03-24T09:14:20.176123" elapsed="0.000277"/>
</kw>
<var name="${key}">login</var>
<status status="PASS" start="2024-03-24T09:14:20.174583" elapsed="0.002039"/>
</iter>
<var>${key}</var>
<value>@{expected_keys}</value>
<status status="PASS" start="2024-03-24T09:14:20.165698" elapsed="0.011074"/>
</for>
<kw name="Create List" owner="BuiltIn">
<msg time="2024-03-24T09:14:20.177111" level="INFO">${expected_keysTwo} = ['username', 'password']</msg>
<var>${expected_keysTwo}</var>
<arg>username</arg>
<arg>password</arg>
<doc>Returns a list containing given items.</doc>
<status status="PASS" start="2024-03-24T09:14:20.176972" elapsed="0.000162"/>
</kw>
<for flavor="IN">
<iter>
<kw name="Dictionary Should Contain Key" owner="Collections">
<msg time="2024-03-24T09:14:20.178069" level="INFO">False</msg>
<arg>${json_data['results'][0]['login']}</arg>
<arg>${keyTwo}</arg>
<doc>Fails if ``key`` is not found from ``dictionary``.</doc>
<status status="PASS" start="2024-03-24T09:14:20.177664" elapsed="0.000444"/>
</kw>
<kw name="Dictionary Should Contain Key" owner="Collections">
<msg time="2024-03-24T09:14:20.178783" level="INFO">False</msg>
<arg>${json_data['results'][0]['login']}</arg>
<arg>${keyTwo}</arg>
<doc>Fails if ``key`` is not found from ``dictionary``.</doc>
<status status="PASS" start="2024-03-24T09:14:20.178404" elapsed="0.000417"/>
</kw>
<kw name="Log" owner="BuiltIn">
<msg time="2024-03-24T09:14:20.179243" level="INFO">username</msg>
<arg>${keyTwo}</arg>
<doc>Logs the given message with the given level.</doc>
<status status="PASS" start="2024-03-24T09:14:20.179113" elapsed="0.000167"/>
</kw>
<var name="${keyTwo}">username</var>
<status status="PASS" start="2024-03-24T09:14:20.177523" elapsed="0.001972"/>
</iter>
<iter>
<kw name="Dictionary Should Contain Key" owner="Collections">
<msg time="2024-03-24T09:14:20.180153" level="INFO">False</msg>
<arg>${json_data['results'][0]['login']}</arg>
<arg>${keyTwo}</arg>
<doc>Fails if ``key`` is not found from ``dictionary``.</doc>
<status status="PASS" start="2024-03-24T09:14:20.179778" elapsed="0.000413"/>
</kw>
<kw name="Dictionary Should Contain Key" owner="Collections">
<msg time="2024-03-24T09:14:20.180863" level="INFO">False</msg>
<arg>${json_data['results'][0]['login']}</arg>
<arg>${keyTwo}</arg>
<doc>Fails if ``key`` is not found from ``dictionary``.</doc>
<status status="PASS" start="2024-03-24T09:14:20.180481" elapsed="0.000419"/>
</kw>
<kw name="Log" owner="BuiltIn">
<msg time="2024-03-24T09:14:20.181323" level="INFO">password</msg>
<arg>${keyTwo}</arg>
<doc>Logs the given message with the given level.</doc>
<status status="PASS" start="2024-03-24T09:14:20.181194" elapsed="0.000167"/>
</kw>
<var name="${keyTwo}">password</var>
<status status="PASS" start="2024-03-24T09:14:20.179668" elapsed="0.001929"/>
</iter>
<var>${keyTwo}</var>
<value>@{expected_keysTwo}</value>
<status status="PASS" start="2024-03-24T09:14:20.177373" elapsed="0.004358"/>
</for>
<status status="PASS" start="2024-03-24T09:14:20.064382" elapsed="0.117494"/>
</kw>
<doc>Testa a estrutura da resposta da API.</doc>
<tag>testeEstruturaResposta</tag>
<status status="PASS" start="2024-03-24T09:14:20.063587" elapsed="0.118458"/>
</test>
<test id="s1-s1-t4" name="Validar tipos de dados" line="28">
<kw name="Teste de Tipos de Dados" owner="random-user-service">
<kw name="GET On Session" owner="RequestsLibrary">
<msg time="2024-03-24T09:14:20.259308" level="INFO">GET Request : url=https://randomuser.me/api 
 path_url=/api 
 headers={'User-Agent': 'python-requests/2.31.0', 'Accept-Encoding': 'gzip, deflate', 'Accept': '*/*', 'Connection': 'keep-alive'} 
 body=None 
 </msg>
<msg time="2024-03-24T09:14:20.259423" level="INFO">GET Response : url=https://randomuser.me/api 
 status=200, reason=OK 
 headers={'Date': 'Sun, 24 Mar 2024 09:14:20 GMT', 'Content-Type': 'application/json; charset=utf-8', 'Transfer-Encoding': 'chunked', 'Connection': 'keep-alive', 'X-Powered-By': 'Express', 'Access-Control-Allow-Origin': '*', 'Cache-Control': 'no-cache', 'ETag': 'W/"47e-HDmXfdrSILuiNiLilA80ay07FEw"', 'Vary': 'Accept-Encoding', 'Content-Encoding': 'gzip', 'CF-Cache-Status': 'DYNAMIC', 'Report-To': '{"endpoints":[{"url":"https:\\/\\/a.nel.cloudflare.com\\/report\\/v4?s=0yW03ewiUdXz0Ayx5f4Z046hwk%2FBzC8TW3tBjQ4sgV1gOUvox2cz%2F4XbhA3lvS1xtHjfe38%2Fvmz0Js0TOfCLVnpbEDBdmJ%2Bzg%2BlPRXEDs%2FAMFwCQmWnNefYKMBOmSB8f"}],"group":"cf-nel","max_age":604800}', 'NEL': '{"success_fraction":0,"report_to":"cf-nel","max_age":604800}', 'Server': 'cloudflare', 'CF-RAY': '86958ce428325980-IAD', 'alt-svc': 'h3=":443"; ma=86400'} 
 body={"results":[{"gender":"female","name":{"title":"Miss","first":"Poppy","last":"Li"},"location":{"street":{"number":6108,"name":"Fraser Street"},"city":"Invercargill","state":"Southland","country":"New Zealand","postcode":71782,"coordinates":{"latitude":"54.1413","longitude":"162.2159"},"timezone":{"offset":"-12:00","description":"Eniwetok, Kwajalein"}},"email":"poppy.li@example.com","login":{"uuid":"c710945a-a3ce-4da3-bf5f-d69685f6d7cd","username":"yellowswan459","password":"easton","salt":"nX32Nno0","md5":"dae8b94c80b4d1ba97f0a574de66152a","sha1":"c20564703fa9cf1bd79649138f3bf845cb530517","sha256":"b08aa036a6aea1cacea343b793fdb5940f29a50d284212090a411179f7fc22fa"},"dob":{"date":"1977-02-14T15:32:10.432Z","age":47},"registered":{"date":"2010-01-24T05:37:20.590Z","age":14},"phone":"(393)-847-8311","cell":"(126)-236-6888","id":{"name":"","value":null},"picture":{"large":"https://randomuser.me/api/portraits/women/53.jpg","medium":"https://randomuser.me/api/portraits/med/women/53.jpg","thumbnail":"https://randomuser.me/api/portraits/thumb/women/53.jpg"},"nat":"NZ"}],"info":{"seed":"066da97966d361ef","results":1,"page":1,"version":"1.4"}} 
 </msg>
<msg time="2024-03-24T09:14:20.259504" level="INFO">/opt/hostedtoolcache/Python/3.12.2/x64/lib/python3.12/site-packages/urllib3/connectionpool.py:1103: InsecureRequestWarning: Unverified HTTPS request is being made to host 'randomuser.me'. Adding certificate verification is strongly advised. See: https://urllib3.readthedocs.io/en/latest/advanced-usage.html#tls-warnings
  warnings.warn(</msg>
<msg time="2024-03-24T09:14:20.259649" level="INFO">${response} = &lt;Response [200]&gt;</msg>
<var>${response}</var>
<arg>consultarAPI</arg>
<arg>/api</arg>
<doc>Sends a GET request on a previously created HTTP Session.</doc>
<status status="PASS" start="2024-03-24T09:14:20.184642" elapsed="0.075048"/>
</kw>
<kw name="Set Variable" owner="BuiltIn">
<msg time="2024-03-24T09:14:20.260955" level="INFO">${json_data} = {'results': [{'gender': 'female', 'name': {'title': 'Miss', 'first': 'Poppy', 'last': 'Li'}, 'location': {'street': {'number': 6108, 'name': 'Fraser Street'}, 'city': 'Invercargill', 'state': 'Southla...</msg>
<var>${json_data}</var>
<arg>${response.json()}</arg>
<doc>Returns the given values which can then be assigned to a variables.</doc>
<status status="PASS" start="2024-03-24T09:14:20.260380" elapsed="0.000605"/>
</kw>
<kw name="Log" owner="BuiltIn">
<msg time="2024-03-24T09:14:20.261473" level="INFO">{'results': [{'gender': 'female', 'name': {'title': 'Miss', 'first': 'Poppy', 'last': 'Li'}, 'location': {'street': {'number': 6108, 'name': 'Fraser Street'}, 'city': 'Invercargill', 'state': 'Southland', 'country': 'New Zealand', 'postcode': 71782, 'coordinates': {'latitude': '54.1413', 'longitude': '162.2159'}, 'timezone': {'offset': '-12:00', 'description': 'Eniwetok, Kwajalein'}}, 'email': 'poppy.li@example.com', 'login': {'uuid': 'c710945a-a3ce-4da3-bf5f-d69685f6d7cd', 'username': 'yellowswan459', 'password': 'easton', 'salt': 'nX32Nno0', 'md5': 'dae8b94c80b4d1ba97f0a574de66152a', 'sha1': 'c20564703fa9cf1bd79649138f3bf845cb530517', 'sha256': 'b08aa036a6aea1cacea343b793fdb5940f29a50d284212090a411179f7fc22fa'}, 'dob': {'date': '1977-02-14T15:32:10.432Z', 'age': 47}, 'registered': {'date': '2010-01-24T05:37:20.590Z', 'age': 14}, 'phone': '(393)-847-8311', 'cell': '(126)-236-6888', 'id': {'name': '', 'value': None}, 'picture': {'large': 'https://randomuser.me/api/portraits/women/53.jpg', 'medium': 'https://randomuser.me/api/portraits/med/women/53.jpg', 'thumbnail': 'https://randomuser.me/api/portraits/thumb/women/53.jpg'}, 'nat': 'NZ'}], 'info': {'seed': '066da97966d361ef', 'results': 1, 'page': 1, 'version': '1.4'}}</msg>
<arg>${json_data}</arg>
<doc>Logs the given message with the given level.</doc>
<status status="PASS" start="2024-03-24T09:14:20.261310" elapsed="0.000305"/>
</kw>
<kw name="Should Be String" owner="String">
<arg>${json_data['results'][0]['gender']}</arg>
<doc>Fails if the given ``item`` is not a string.</doc>
<status status="PASS" start="2024-03-24T09:14:20.261959" elapsed="0.000368"/>
</kw>
<kw name="Should Match Regexp" owner="BuiltIn">
<arg>${json_data['results'][0]['email']}</arg>
<arg>^[a-zA-Z0-9._%+-]+@[a-zA-Z0-9.-]+\.[a-zA-Z]{2,}$</arg>
<doc>Fails if ``string`` does not match ``pattern`` as a regular expression.</doc>
<status status="PASS" start="2024-03-24T09:14:20.262525" elapsed="0.000535"/>
</kw>
<kw name="Should Match Regexp" owner="BuiltIn">
<arg>${json_data['results'][0]['dob']['date']}</arg>
<arg>\\d{4}-\\d{2}-\\d{2}T\\d{2}:\\d{2}:\\d{2}\\.\\d{3}Z</arg>
<doc>Fails if ``string`` does not match ``pattern`` as a regular expression.</doc>
<status status="PASS" start="2024-03-24T09:14:20.263276" elapsed="0.000509"/>
</kw>
<kw name="Should Match Regexp" owner="BuiltIn">
<arg>${json_data['results'][0]['registered']['date']}</arg>
<arg>\\d{4}-\\d{2}-\\d{2}T\\d{2}:\\d{2}:\\d{2}\\.\\d{3}Z</arg>
<doc>Fails if ``string`` does not match ``pattern`` as a regular expression.</doc>
<status status="PASS" start="2024-03-24T09:14:20.263981" elapsed="0.000381"/>
</kw>
<kw name="Should Match Regexp" owner="BuiltIn">
<arg>${json_data['results'][0]['picture']['large']}</arg>
<arg>^https?://.*\.(?:png|jpe?g|gif|bmp)$</arg>
<doc>Fails if ``string`` does not match ``pattern`` as a regular expression.</doc>
<status status="PASS" start="2024-03-24T09:14:20.264554" elapsed="0.000467"/>
</kw>
<kw name="Should Match Regexp" owner="BuiltIn">
<arg>${json_data['results'][0]['picture']['medium']}</arg>
<arg>^https?://.*\.(?:png|jpe?g|gif|bmp)$</arg>
<doc>Fails if ``string`` does not match ``pattern`` as a regular expression.</doc>
<status status="PASS" start="2024-03-24T09:14:20.265212" elapsed="0.000399"/>
</kw>
<kw name="Should Match Regexp" owner="BuiltIn">
<arg>${json_data['results'][0]['picture']['thumbnail']}</arg>
<arg>^https?://.*\.(?:png|jpe?g|gif|bmp)$</arg>
<doc>Fails if ``string`` does not match ``pattern`` as a regular expression.</doc>
<status status="PASS" start="2024-03-24T09:14:20.265807" elapsed="0.000353"/>
</kw>
<kw name="Log" owner="BuiltIn">
<msg time="2024-03-24T09:14:20.266680" level="INFO">{'large': 'https://randomuser.me/api/portraits/women/53.jpg', 'medium': 'https://randomuser.me/api/portraits/med/women/53.jpg', 'thumbnail': 'https://randomuser.me/api/portraits/thumb/women/53.jpg'}</msg>
<arg>${json_data['results'][0]['picture']}</arg>
<doc>Logs the given message with the given level.</doc>
<status status="PASS" start="2024-03-24T09:14:20.266345" elapsed="0.000383"/>
</kw>
<status status="PASS" start="2024-03-24T09:14:20.184410" elapsed="0.082579"/>
</kw>
<kw name="Teste de Tipos de Dados - Postcode" owner="random-user-service">
<kw name="GET On Session" owner="RequestsLibrary">
<msg time="2024-03-24T09:14:20.357477" level="INFO">GET Request : url=https://randomuser.me/api 
 path_url=/api 
 headers={'User-Agent': 'python-requests/2.31.0', 'Accept-Encoding': 'gzip, deflate', 'Accept': '*/*', 'Connection': 'keep-alive'} 
 body=None 
 </msg>
<msg time="2024-03-24T09:14:20.357632" level="INFO">GET Response : url=https://randomuser.me/api 
 status=200, reason=OK 
 headers={'Date': 'Sun, 24 Mar 2024 09:14:20 GMT', 'Content-Type': 'application/json; charset=utf-8', 'Transfer-Encoding': 'chunked', 'Connection': 'keep-alive', 'X-Powered-By': 'Express', 'Access-Control-Allow-Origin': '*', 'Cache-Control': 'no-cache', 'ETag': 'W/"48b-CBut1hA3Q+SJzwpzgs3jZ7AOjok"', 'Vary': 'Accept-Encoding', 'Content-Encoding': 'gzip', 'CF-Cache-Status': 'DYNAMIC', 'Report-To': '{"endpoints":[{"url":"https:\\/\\/a.nel.cloudflare.com\\/report\\/v4?s=qnQ7%2FikW2rTBADyqyp%2FGBk7ZF6XtU4XH38Er60P2nPWVSdSm7oVZyB3YtytkfNcobYnpscOjbNG3r2NTsDt1Gzo2xfbMvlN%2FkDl4Svk20%2FEl4HN0JH5Me%2BD7diAq%2BfeQ"}],"group":"cf-nel","max_age":604800}', 'NEL': '{"success_fraction":0,"report_to":"cf-nel","max_age":604800}', 'Server': 'cloudflare', 'CF-RAY': '86958ce4a8a35980-IAD', 'alt-svc': 'h3=":443"; ma=86400'} 
 body={"results":[{"gender":"male","name":{"title":"Mr","first":"Gopal","last":"Saldanha"},"location":{"street":{"number":1258,"name":"Camac St"},"city":"Bharatpur","state":"Odisha","country":"India","postcode":15994,"coordinates":{"latitude":"7.2392","longitude":"-80.1643"},"timezone":{"offset":"-5:00","description":"Eastern Time (US &amp; Canada), Bogota, Lima"}},"email":"gopal.saldanha@example.com","login":{"uuid":"6c4212b1-f0b2-4605-b656-6254ec75c9ce","username":"greengorilla476","password":"googoo","salt":"8aUhzdt7","md5":"e4e3d8934627f16d80d366f835c261bc","sha1":"db7d242b4c5d67a78d7d2c9ed8b24d81750ee0c7","sha256":"f8f239e4f036d2dbf701e6285ca14d86c97412eb6edd72b38540096e72afcbf2"},"dob":{"date":"1953-03-01T21:46:51.634Z","age":71},"registered":{"date":"2008-10-17T01:42:27.258Z","age":15},"phone":"9743757931","cell":"7437940951","id":{"name":"UIDAI","value":"958397573323"},"picture":{"large":"https://randomuser.me/api/portraits/men/25.jpg","medium":"https://randomuser.me/api/portraits/med/men/25.jpg","thumbnail":"https://randomuser.me/api/portraits/thumb/men/25.jpg"},"nat":"IN"}],"info":{"seed":"8a2ef17130b053a1","results":1,"page":1,"version":"1.4"}} 
 </msg>
<msg time="2024-03-24T09:14:20.357750" level="INFO">/opt/hostedtoolcache/Python/3.12.2/x64/lib/python3.12/site-packages/urllib3/connectionpool.py:1103: InsecureRequestWarning: Unverified HTTPS request is being made to host 'randomuser.me'. Adding certificate verification is strongly advised. See: https://urllib3.readthedocs.io/en/latest/advanced-usage.html#tls-warnings
  warnings.warn(</msg>
<msg time="2024-03-24T09:14:20.357900" level="INFO">${response} = &lt;Response [200]&gt;</msg>
<var>${response}</var>
<arg>consultarAPI</arg>
<arg>/api</arg>
<doc>Sends a GET request on a previously created HTTP Session.</doc>
<status status="PASS" start="2024-03-24T09:14:20.267624" elapsed="0.090320"/>
</kw>
<kw name="Set Variable" owner="BuiltIn">
<msg time="2024-03-24T09:14:20.359241" level="INFO">${json_data} = {'results': [{'gender': 'male', 'name': {'title': 'Mr', 'first': 'Gopal', 'last': 'Saldanha'}, 'location': {'street': {'number': 1258, 'name': 'Camac St'}, 'city': 'Bharatpur', 'state': 'Odisha', 'cou...</msg>
<var>${json_data}</var>
<arg>${response.json()}</arg>
<doc>Returns the given values which can then be assigned to a variables.</doc>
<status status="PASS" start="2024-03-24T09:14:20.358648" elapsed="0.000622"/>
</kw>
<kw name="Log" owner="BuiltIn">
<msg time="2024-03-24T09:14:20.359806" level="INFO">{'results': [{'gender': 'male', 'name': {'title': 'Mr', 'first': 'Gopal', 'last': 'Saldanha'}, 'location': {'street': {'number': 1258, 'name': 'Camac St'}, 'city': 'Bharatpur', 'state': 'Odisha', 'country': 'India', 'postcode': 15994, 'coordinates': {'latitude': '7.2392', 'longitude': '-80.1643'}, 'timezone': {'offset': '-5:00', 'description': 'Eastern Time (US &amp; Canada), Bogota, Lima'}}, 'email': 'gopal.saldanha@example.com', 'login': {'uuid': '6c4212b1-f0b2-4605-b656-6254ec75c9ce', 'username': 'greengorilla476', 'password': 'googoo', 'salt': '8aUhzdt7', 'md5': 'e4e3d8934627f16d80d366f835c261bc', 'sha1': 'db7d242b4c5d67a78d7d2c9ed8b24d81750ee0c7', 'sha256': 'f8f239e4f036d2dbf701e6285ca14d86c97412eb6edd72b38540096e72afcbf2'}, 'dob': {'date': '1953-03-01T21:46:51.634Z', 'age': 71}, 'registered': {'date': '2008-10-17T01:42:27.258Z', 'age': 15}, 'phone': '9743757931', 'cell': '7437940951', 'id': {'name': 'UIDAI', 'value': '958397573323'}, 'picture': {'large': 'https://randomuser.me/api/portraits/men/25.jpg', 'medium': 'https://randomuser.me/api/portraits/med/men/25.jpg', 'thumbnail': 'https://randomuser.me/api/portraits/thumb/men/25.jpg'}, 'nat': 'IN'}], 'info': {'seed': '8a2ef17130b053a1', 'results': 1, 'page': 1, 'version': '1.4'}}</msg>
<arg>${json_data}</arg>
<doc>Logs the given message with the given level.</doc>
<status status="PASS" start="2024-03-24T09:14:20.359637" elapsed="0.000257"/>
</kw>
<kw name="Should Be Equal As Numbers" owner="BuiltIn">
<arg>${json_data['results'][0]['location']['postcode']}</arg>
<arg>${json_data['results'][0]['location']['postcode']}</arg>
<doc>Fails if objects are unequal after converting them to real numbers.</doc>
<status status="PASS" start="2024-03-24T09:14:20.360208" elapsed="0.000680"/>
</kw>
<kw name="Log" owner="BuiltIn">
<msg time="2024-03-24T09:14:20.361433" level="INFO">15994</msg>
<arg>${json_data['results'][0]['location']['postcode']}</arg>
<doc>Logs the given message with the given level.</doc>
<status status="PASS" start="2024-03-24T09:14:20.361090" elapsed="0.000387"/>
</kw>
<status status="PASS" start="2024-03-24T09:14:20.267232" elapsed="0.094581"/>
</kw>
<doc>Testa se os tipos de dados na resposta da API estão corretos.</doc>
<tag>testeTiposDados</tag>
<status status="PASS" start="2024-03-24T09:14:20.183839" elapsed="0.178155"/>
</test>
<test id="s1-s1-t5" name="Validar conteudo" line="35">
<kw name="Teste de Tipos de Conteudo" owner="random-user-service">
<kw name="GET On Session" owner="RequestsLibrary">
<msg time="2024-03-24T09:14:20.456539" level="INFO">GET Request : url=https://randomuser.me/api 
 path_url=/api 
 headers={'User-Agent': 'python-requests/2.31.0', 'Accept-Encoding': 'gzip, deflate', 'Accept': '*/*', 'Connection': 'keep-alive'} 
 body=None 
 </msg>
<msg time="2024-03-24T09:14:20.456653" level="INFO">GET Response : url=https://randomuser.me/api 
 status=200, reason=OK 
 headers={'Date': 'Sun, 24 Mar 2024 09:14:20 GMT', 'Content-Type': 'application/json; charset=utf-8', 'Transfer-Encoding': 'chunked', 'Connection': 'keep-alive', 'X-Powered-By': 'Express', 'Access-Control-Allow-Origin': '*', 'Cache-Control': 'no-cache', 'ETag': 'W/"487-wvH8HYwRBuvNPSfx/scbBhLJMWc"', 'Vary': 'Accept-Encoding', 'Content-Encoding': 'gzip', 'CF-Cache-Status': 'DYNAMIC', 'Report-To': '{"endpoints":[{"url":"https:\\/\\/a.nel.cloudflare.com\\/report\\/v4?s=RnvbWPpci5smC3jMxvY9jpJ5J86QTKMcLXh4XCTCvJ%2F5rp2NY81IBbTJql24RmM1tfUYXK7oQSGwN1F0CJy7Fm1wACY7JU0mGsMlKpO78h7DpQjk37tmsJ3JORCrm7n6"}],"group":"cf-nel","max_age":604800}', 'NEL': '{"success_fraction":0,"report_to":"cf-nel","max_age":604800}', 'Server': 'cloudflare', 'CF-RAY': '86958ce549215980-IAD', 'alt-svc': 'h3=":443"; ma=86400'} 
 body={"results":[{"gender":"male","name":{"title":"Mr","first":"Craig","last":"Watson"},"location":{"street":{"number":6747,"name":"Highfield Road"},"city":"Dundalk","state":"Mayo","country":"Ireland","postcode":10413,"coordinates":{"latitude":"-2.9225","longitude":"-110.8035"},"timezone":{"offset":"-6:00","description":"Central Time (US &amp; Canada), Mexico City"}},"email":"craig.watson@example.com","login":{"uuid":"3f3a55a0-8c31-4625-9352-753736157232","username":"greendog528","password":"catch22","salt":"GXlhAiww","md5":"d8a88ceec7a9454ad5507a207afcf1da","sha1":"5d3c8b5391efef9fa4ff9eff298b3a1240cb2461","sha256":"dfa237e507fab96526e5f3258cca52a9977c498dee3f1cb4c99e3221ac81c936"},"dob":{"date":"1962-07-17T09:10:16.255Z","age":61},"registered":{"date":"2006-12-29T21:22:59.255Z","age":17},"phone":"021-403-4121","cell":"081-315-1429","id":{"name":"PPS","value":"4463076T"},"picture":{"large":"https://randomuser.me/api/portraits/men/49.jpg","medium":"https://randomuser.me/api/portraits/med/men/49.jpg","thumbnail":"https://randomuser.me/api/portraits/thumb/men/49.jpg"},"nat":"IE"}],"info":{"seed":"7272de45f0287dbf","results":1,"page":1,"version":"1.4"}} 
 </msg>
<msg time="2024-03-24T09:14:20.456737" level="INFO">/opt/hostedtoolcache/Python/3.12.2/x64/lib/python3.12/site-packages/urllib3/connectionpool.py:1103: InsecureRequestWarning: Unverified HTTPS request is being made to host 'randomuser.me'. Adding certificate verification is strongly advised. See: https://urllib3.readthedocs.io/en/latest/advanced-usage.html#tls-warnings
  warnings.warn(</msg>
<msg time="2024-03-24T09:14:20.456887" level="INFO">${response} = &lt;Response [200]&gt;</msg>
<var>${response}</var>
<arg>consultarAPI</arg>
<arg>/api</arg>
<doc>Sends a GET request on a previously created HTTP Session.</doc>
<status status="PASS" start="2024-03-24T09:14:20.364671" elapsed="0.092262"/>
</kw>
<kw name="Set Variable" owner="BuiltIn">
<msg time="2024-03-24T09:14:20.458195" level="INFO">${json_data} = {'results': [{'gender': 'male', 'name': {'title': 'Mr', 'first': 'Craig', 'last': 'Watson'}, 'location': {'street': {'number': 6747, 'name': 'Highfield Road'}, 'city': 'Dundalk', 'state': 'Mayo', 'cou...</msg>
<var>${json_data}</var>
<arg>${response.json()}</arg>
<doc>Returns the given values which can then be assigned to a variables.</doc>
<status status="PASS" start="2024-03-24T09:14:20.457604" elapsed="0.000621"/>
</kw>
<kw name="Set Variable" owner="BuiltIn">
<msg time="2024-03-24T09:14:20.458914" level="INFO">${name_title} = Mr</msg>
<var>${name_title}</var>
<arg>${json_data["results"][0]["name"]["title"]}</arg>
<doc>Returns the given values which can then be assigned to a variables.</doc>
<status status="PASS" start="2024-03-24T09:14:20.458531" elapsed="0.000410"/>
</kw>
<kw name="Create List" owner="BuiltIn">
<msg time="2024-03-24T09:14:20.459395" level="INFO">${allowed_titles} = ['Mr', 'Ms', 'Miss', 'Mrs', 'Madame', 'Monsieur']</msg>
<var>${allowed_titles}</var>
<arg>Mr</arg>
<arg>Ms</arg>
<arg>Miss</arg>
<arg>Mrs</arg>
<arg>Madame</arg>
<arg>Monsieur</arg>
<doc>Returns a list containing given items.</doc>
<status status="PASS" start="2024-03-24T09:14:20.459245" elapsed="0.000174"/>
</kw>
<kw name="List Should Contain Value" owner="Collections">
<msg time="2024-03-24T09:14:20.459902" level="INFO">False</msg>
<arg>${allowed_titles}</arg>
<arg>${name_title}</arg>
<doc>Fails if the ``value`` is not found from ``list``.</doc>
<status status="PASS" start="2024-03-24T09:14:20.459726" elapsed="0.000214"/>
</kw>
<kw name="Set Variable" owner="BuiltIn">
<msg time="2024-03-24T09:14:20.460611" level="INFO">${name_country} = IE</msg>
<var>${name_country}</var>
<arg>${json_data["results"][0]["nat"]}</arg>
<doc>Returns the given values which can then be assigned to a variables.</doc>
<status status="PASS" start="2024-03-24T09:14:20.460226" elapsed="0.000411"/>
</kw>
<kw name="Create List" owner="BuiltIn">
<msg time="2024-03-24T09:14:20.461551" level="INFO">${list_country} = ['AD', 'AE', 'AF', 'AG', 'AI', 'AL', 'AM', 'AO', 'AQ', 'AR', 'AS', 'AT', 'AU', 'AW', 'AX', 'AZ', 'BA', 'BB', 'BD', 'BE', 'BF', 'BG', 'BH', 'BI', 'BJ', 'BL', 'BM', 'BN', 'BO', 'BQ', 'BR', 'BS', 'BT', '...</msg>
<var>${list_country}</var>
<arg>AD</arg>
<arg>AE</arg>
<arg>AF</arg>
<arg>AG</arg>
<arg>AI</arg>
<arg>AL</arg>
<arg>AM</arg>
<arg>AO</arg>
<arg>AQ</arg>
<arg>AR</arg>
<arg>AS</arg>
<arg>AT</arg>
<arg>AU</arg>
<arg>AW</arg>
<arg>AX</arg>
<arg>AZ</arg>
<arg>BA</arg>
<arg>BB</arg>
<arg>BD</arg>
<arg>BE</arg>
<arg>BF</arg>
<arg>BG</arg>
<arg>BH</arg>
<arg>BI</arg>
<arg>BJ</arg>
<arg>BL</arg>
<arg>BM</arg>
<arg>BN</arg>
<arg>BO</arg>
<arg>BQ</arg>
<arg>BR</arg>
<arg>BS</arg>
<arg>BT</arg>
<arg>BV</arg>
<arg>BW</arg>
<arg>BY</arg>
<arg>BZ</arg>
<arg>CA</arg>
<arg>CC</arg>
<arg>CD</arg>
<arg>CF</arg>
<arg>CG</arg>
<arg>CH</arg>
<arg>CI</arg>
<arg>CK</arg>
<arg>CL</arg>
<arg>CM</arg>
<arg>CN</arg>
<arg>CO</arg>
<arg>CR</arg>
<arg>CU</arg>
<arg>CV</arg>
<arg>CW</arg>
<arg>CX</arg>
<arg>CY</arg>
<arg>CZ</arg>
<arg>DE</arg>
<arg>DJ</arg>
<arg>DK</arg>
<arg>DM</arg>
<arg>DO</arg>
<arg>DZ</arg>
<arg>EC</arg>
<arg>EE</arg>
<arg>EG</arg>
<arg>EH</arg>
<arg>ER</arg>
<arg>ES</arg>
<arg>ET</arg>
<arg>FI</arg>
<arg>FJ</arg>
<arg>FK</arg>
<arg>FM</arg>
<arg>FO</arg>
<arg>FR</arg>
<arg>GA</arg>
<arg>GB</arg>
<arg>GD</arg>
<arg>GE</arg>
<arg>GF</arg>
<arg>GG</arg>
<arg>GH</arg>
<arg>GI</arg>
<arg>GL</arg>
<arg>GM</arg>
<arg>GN</arg>
<arg>GP</arg>
<arg>GQ</arg>
<arg>GR</arg>
<arg>GS</arg>
<arg>GT</arg>
<arg>GU</arg>
<arg>GW</arg>
<arg>GY</arg>
<arg>HK</arg>
<arg>HM</arg>
<arg>HN</arg>
<arg>HR</arg>
<arg>HT</arg>
<arg>HU</arg>
<arg>ID</arg>
<arg>IE</arg>
<arg>IL</arg>
<arg>IM</arg>
<arg>IN</arg>
<arg>IO</arg>
<arg>IQ</arg>
<arg>IR</arg>
<arg>IS</arg>
<arg>IT</arg>
<arg>JE</arg>
<arg>JM</arg>
<arg>JO</arg>
<arg>JP</arg>
<arg>KE</arg>
<arg>KG</arg>
<arg>KH</arg>
<arg>KI</arg>
<arg>KM</arg>
<arg>KN</arg>
<arg>KP</arg>
<arg>KR</arg>
<arg>KW</arg>
<arg>KY</arg>
<arg>KZ</arg>
<arg>LA</arg>
<arg>LB</arg>
<arg>LC</arg>
<arg>LI</arg>
<arg>LK</arg>
<arg>LR</arg>
<arg>LS</arg>
<arg>LT</arg>
<arg>LU</arg>
<arg>LV</arg>
<arg>LY</arg>
<arg>MA</arg>
<arg>MC</arg>
<arg>MD</arg>
<arg>ME</arg>
<arg>MF</arg>
<arg>MG</arg>
<arg>MH</arg>
<arg>MK</arg>
<arg>ML</arg>
<arg>MM</arg>
<arg>MN</arg>
<arg>MO</arg>
<arg>MP</arg>
<arg>MQ</arg>
<arg>MR</arg>
<arg>MS</arg>
<arg>MT</arg>
<arg>MU</arg>
<arg>MV</arg>
<arg>MW</arg>
<arg>MX</arg>
<arg>MY</arg>
<arg>MZ</arg>
<arg>NA</arg>
<arg>NC</arg>
<arg>NE</arg>
<arg>NF</arg>
<arg>NG</arg>
<arg>NI</arg>
<arg>NL</arg>
<arg>NO</arg>
<arg>NP</arg>
<arg>NR</arg>
<arg>NU</arg>
<arg>NZ</arg>
<arg>OM</arg>
<arg>PA</arg>
<arg>PE</arg>
<arg>PF</arg>
<arg>PG</arg>
<arg>PH</arg>
<arg>PK</arg>
<arg>PL</arg>
<arg>PM</arg>
<arg>PN</arg>
<arg>PR</arg>
<arg>PS</arg>
<arg>PT</arg>
<arg>PW</arg>
<arg>PY</arg>
<arg>QA</arg>
<arg>RE</arg>
<arg>RO</arg>
<arg>RS</arg>
<arg>RU</arg>
<arg>RW</arg>
<arg>SA</arg>
<arg>SB</arg>
<arg>SC</arg>
<arg>SD</arg>
<arg>SE</arg>
<arg>SG</arg>
<arg>SH</arg>
<arg>SI</arg>
<arg>SJ</arg>
<arg>SK</arg>
<arg>SL</arg>
<arg>SM</arg>
<arg>SN</arg>
<arg>SO</arg>
<arg>SR</arg>
<arg>SS</arg>
<arg>ST</arg>
<arg>SV</arg>
<arg>SX</arg>
<arg>SY</arg>
<arg>SZ</arg>
<arg>TC</arg>
<arg>TD</arg>
<arg>TF</arg>
<arg>TG</arg>
<arg>TH</arg>
<arg>TJ</arg>
<arg>TK</arg>
<arg>TL</arg>
<arg>TM</arg>
<arg>TN</arg>
<arg>TO</arg>
<arg>TR</arg>
<arg>TT</arg>
<arg>TV</arg>
<arg>TW</arg>
<arg>TZ</arg>
<arg>UA</arg>
<arg>UG</arg>
<arg>UM</arg>
<arg>US</arg>
<arg>UY</arg>
<arg>UZ</arg>
<arg>VA</arg>
<arg>VC</arg>
<arg>VE</arg>
<arg>VG</arg>
<arg>VI</arg>
<arg>VN</arg>
<arg>VU</arg>
<arg>WF</arg>
<arg>WS</arg>
<arg>XK</arg>
<arg>YE</arg>
<arg>YT</arg>
<arg>ZA</arg>
<arg>ZM</arg>
<arg>ZW</arg>
<doc>Returns a list containing given items.</doc>
<status status="PASS" start="2024-03-24T09:14:20.460947" elapsed="0.000660"/>
</kw>
<kw name="List Should Contain Value" owner="Collections">
<msg time="2024-03-24T09:14:20.462781" level="INFO">False</msg>
<arg>${list_country}</arg>
<arg>${name_country}</arg>
<doc>Fails if the ``value`` is not found from ``list``.</doc>
<status status="PASS" start="2024-03-24T09:14:20.462575" elapsed="0.000245"/>
</kw>
<kw name="Run Keyword If" owner="BuiltIn">
<kw name="Should Be True" owner="BuiltIn">
<arg>${True}</arg>
<doc>Fails if the given condition is not true.</doc>
<status status="PASS" start="2024-03-24T09:14:20.463905" elapsed="0.000147"/>
</kw>
<arg>${json_data["results"][0]["location"]["coordinates"]["latitude"]} &gt;= -90 and ${json_data["results"][0]["location"]["coordinates"]["latitude"]} &lt;= 90</arg>
<arg>Should Be True</arg>
<arg>${True}</arg>
<doc>Runs the given keyword with the given arguments, if ``condition`` is true.</doc>
<status status="PASS" start="2024-03-24T09:14:20.463142" elapsed="0.001038"/>
</kw>
<kw name="Run Keyword If" owner="BuiltIn">
<kw name="Should Be True" owner="BuiltIn">
<arg>${True}</arg>
<doc>Fails if the given condition is not true.</doc>
<status status="PASS" start="2024-03-24T09:14:20.465075" elapsed="0.000141"/>
</kw>
<arg>${json_data["results"][0]["location"]["coordinates"]["longitude"]} &gt;= -180 and ${json_data["results"][0]["location"]["coordinates"]["longitude"]} &lt;= 180</arg>
<arg>Should Be True</arg>
<arg>${True}</arg>
<doc>Runs the given keyword with the given arguments, if ``condition`` is true.</doc>
<status status="PASS" start="2024-03-24T09:14:20.464372" elapsed="0.000970"/>
</kw>
<status status="PASS" start="2024-03-24T09:14:20.364409" elapsed="0.101069"/>
</kw>
<doc>Testa o conteúdo específico dos campos retornados pela API.</doc>
<tag>testeConteudo</tag>
<status status="PASS" start="2024-03-24T09:14:20.363788" elapsed="0.101884"/>
</test>
<status status="PASS" start="2024-03-24T09:14:19.689238" elapsed="0.778664"/>
</suite>
<status status="PASS" start="2024-03-24T09:14:19.675093" elapsed="0.798217"/>
</suite>
<statistics>
<total>
<stat pass="5" fail="0" skip="0">All Tests</stat>
</total>
<tag>
<stat pass="1" fail="0" skip="0">testeConteudo</stat>
<stat pass="1" fail="0" skip="0">testeEstruturaResposta</stat>
<stat pass="1" fail="0" skip="0">testeRequisicaoBasica</stat>
<stat pass="1" fail="0" skip="0">testeTiposDados</stat>
</tag>
<suite>
<stat pass="5" fail="0" skip="0" id="s1" name="Tests">Tests</stat>
<stat pass="5" fail="0" skip="0" id="s1-s1" name="Random-User-Test">Tests.Random-User-Test</stat>
</suite>
</statistics>
<errors>
</errors>
</robot>
