<?xml version="1.0" encoding="UTF-8"?>
<robot generator="Robot 7.0 (Python 3.12.2 on linux)" generated="2024-04-03T12:25:03.125279" rpa="false" schemaversion="5">
<suite id="s1" name="Tests" source="/home/runner/work/DesafioQAItauRogerioJordao/DesafioQAItauRogerioJordao/RamdonUser/tests">
<suite id="s1-s1" name="Random-User-Test" source="/home/runner/work/DesafioQAItauRogerioJordao/DesafioQAItauRogerioJordao/RamdonUser/tests/random-user-test.robot">
<test id="s1-s1-t1" name="Conectar" line="13">
<kw name="Conectar API" owner="random-user-service">
<kw name="Create Session" owner="RequestsLibrary">
<msg time="2024-04-03T12:25:03.533445" level="INFO">Creating Session using : alias=consultarAPI, url=https://randomuser.me/, headers={},                     cookies={}, auth=None, timeout=None, proxies=None, verify=False,                     debug=0 </msg>
<arg>consultarAPI</arg>
<arg>${URL}</arg>
<doc>Create Session: create a HTTP session to a server</doc>
<status status="PASS" start="2024-04-03T12:25:03.533242" elapsed="0.000368"/>
</kw>
<status status="PASS" start="2024-04-03T12:25:03.532237" elapsed="0.001730"/>
</kw>
<status status="PASS" start="2024-04-03T12:25:03.531704" elapsed="0.002467"/>
</test>
<test id="s1-s1-t2" name="Validar retorno 200 e JSON Válido" line="16">
<kw name="Teste de Requisicao Basica" owner="random-user-service">
<kw name="GET On Session" owner="RequestsLibrary">
<msg time="2024-04-03T12:25:03.756993" level="INFO">GET Request : url=https://randomuser.me/api 
 path_url=/api 
 headers={'User-Agent': 'python-requests/2.31.0', 'Accept-Encoding': 'gzip, deflate', 'Accept': '*/*', 'Connection': 'keep-alive'} 
 body=None 
 </msg>
<msg time="2024-04-03T12:25:03.757152" level="INFO">GET Response : url=https://randomuser.me/api 
 status=200, reason=OK 
 headers={'Date': 'Wed, 03 Apr 2024 12:25:03 GMT', 'Content-Type': 'application/json; charset=utf-8', 'Transfer-Encoding': 'chunked', 'Connection': 'keep-alive', 'X-Powered-By': 'Express', 'Access-Control-Allow-Origin': '*', 'Cache-Control': 'no-cache', 'ETag': 'W/"499-wyyLkAedrGZUv/YlNO+7JFXdaWg"', 'Vary': 'Accept-Encoding', 'Content-Encoding': 'gzip', 'CF-Cache-Status': 'DYNAMIC', 'Report-To': '{"endpoints":[{"url":"https:\\/\\/a.nel.cloudflare.com\\/report\\/v4?s=9qwzk%2BQOawp9pe0QSEuqizBOWloWzsvZZKKUmALI5ksSr1ht8YhAxJQGFAFgnTJJe3fGLIspRu4f5lWzzO7fqFloAjL18kTDucS9TW5gF6X%2FhwvZ5IoXu5Y5ZclFnZyV"}],"group":"cf-nel","max_age":604800}', 'NEL': '{"success_fraction":0,"report_to":"cf-nel","max_age":604800}', 'Server': 'cloudflare', 'CF-RAY': '86e90a055f767fae-IAD', 'alt-svc': 'h3=":443"; ma=86400'} 
 body={"results":[{"gender":"male","name":{"title":"Mr","first":"اميرحسين","last":"احمدی"},"location":{"street":{"number":1173,"name":"آیت الله مدرس"},"city":"تبریز","state":"کهگیلویه و بویراحمد","country":"Iran","postcode":80474,"coordinates":{"latitude":"18.0800","longitude":"-50.8812"},"timezone":{"offset":"-9:00","description":"Alaska"}},"email":"myrhsyn.hmdy@example.com","login":{"uuid":"201105ec-270a-47ce-89d5-d511e925c1b8","username":"ticklishfrog865","password":"maxxxx","salt":"iDaODW5V","md5":"365918c2cafc5781be490ddba19ccf57","sha1":"58d406cbcff1c0a4353f022cbaf872af621ef224","sha256":"0bde918449d39b4e99fd5ea1d0e6fabc26a7b1ed390d22db273354572a2aba9c"},"dob":{"date":"1963-06-22T18:48:17.677Z","age":60},"registered":{"date":"2004-09-20T11:59:46.822Z","age":19},"phone":"095-13817554","cell":"0999-535-9478","id":{"name":"","value":null},"picture":{"large":"https://randomuser.me/api/portraits/men/11.jpg","medium":"https://randomuser.me/api/portraits/med/men/11.jpg","thumbnail":"https://randomuser.me/api/portraits/thumb/men/11.jpg"},"nat":"IR"}],"info":{"seed":"65a7bf884097800a","results":1,"page":1,"version":"1.4"}} 
 </msg>
<msg time="2024-04-03T12:25:03.757289" level="INFO">/opt/hostedtoolcache/Python/3.12.2/x64/lib/python3.12/site-packages/urllib3/connectionpool.py:1103: InsecureRequestWarning: Unverified HTTPS request is being made to host 'randomuser.me'. Adding certificate verification is strongly advised. See: https://urllib3.readthedocs.io/en/latest/advanced-usage.html#tls-warnings
  warnings.warn(</msg>
<msg time="2024-04-03T12:25:03.757438" level="INFO">${response} = &lt;Response [200]&gt;</msg>
<var>${response}</var>
<arg>consultarAPI</arg>
<arg>/api</arg>
<doc>Sends a GET request on a previously created HTTP Session.</doc>
<status status="PASS" start="2024-04-03T12:25:03.536824" elapsed="0.220659"/>
</kw>
<kw name="Should Be Equal As Numbers" owner="BuiltIn">
<msg time="2024-04-03T12:25:03.758413" level="INFO">Argument types are:
&lt;class 'int'&gt;
&lt;class 'str'&gt;</msg>
<arg>${response.status_code}</arg>
<arg>200</arg>
<doc>Fails if objects are unequal after converting them to real numbers.</doc>
<status status="PASS" start="2024-04-03T12:25:03.757958" elapsed="0.000522"/>
</kw>
<kw name="Log" owner="BuiltIn">
<msg time="2024-04-03T12:25:03.759230" level="INFO">200</msg>
<arg>${response.status_code}</arg>
<doc>Logs the given message with the given level.</doc>
<status status="PASS" start="2024-04-03T12:25:03.758818" elapsed="0.000458"/>
</kw>
<kw name="Set Variable" owner="BuiltIn">
<msg time="2024-04-03T12:25:03.760114" level="INFO">${json_data} = {'results': [{'gender': 'male', 'name': {'title': 'Mr', 'first': 'اميرحسين', 'last': 'احمدی'}, 'location': {'street': {'number': 1173, 'name': 'آیت الله مدرس'}, 'city': 'تبریز', 'state': 'کهگیلویه و ب...</msg>
<var>${json_data}</var>
<arg>${response.json()}</arg>
<doc>Returns the given values which can then be assigned to a variables.</doc>
<status status="PASS" start="2024-04-03T12:25:03.759646" elapsed="0.000499"/>
</kw>
<kw name="Dictionary Should Contain Key" owner="Collections">
<msg time="2024-04-03T12:25:03.760629" level="INFO">False</msg>
<arg>${json_data}</arg>
<arg>results</arg>
<doc>Fails if ``key`` is not found from ``dictionary``.</doc>
<status status="PASS" start="2024-04-03T12:25:03.760458" elapsed="0.000211"/>
</kw>
<status status="PASS" start="2024-04-03T12:25:03.536571" elapsed="0.224356"/>
</kw>
<doc>Testa se a API responde corretamente e retorna um objeto JSON válido.</doc>
<tag>testeRequisicaoBasica</tag>
<status status="PASS" start="2024-04-03T12:25:03.536037" elapsed="0.225077"/>
</test>
<test id="s1-s1-t3" name="Validar estrutura de resposta" line="22">
<kw name="Teste de Estrutura de Resposta" owner="random-user-service">
<kw name="GET On Session" owner="RequestsLibrary">
<msg time="2024-04-03T12:25:03.839513" level="INFO">GET Request : url=https://randomuser.me/api 
 path_url=/api 
 headers={'User-Agent': 'python-requests/2.31.0', 'Accept-Encoding': 'gzip, deflate', 'Accept': '*/*', 'Connection': 'keep-alive'} 
 body=None 
 </msg>
<msg time="2024-04-03T12:25:03.839578" level="INFO">GET Response : url=https://randomuser.me/api 
 status=200, reason=OK 
 headers={'Date': 'Wed, 03 Apr 2024 12:25:03 GMT', 'Content-Type': 'application/json; charset=utf-8', 'Transfer-Encoding': 'chunked', 'Connection': 'keep-alive', 'X-Powered-By': 'Express', 'Access-Control-Allow-Origin': '*', 'Cache-Control': 'no-cache', 'ETag': 'W/"470-9YZFikfzIp8nVcsH2SmsdbUy+ko"', 'Vary': 'Accept-Encoding', 'Content-Encoding': 'gzip', 'CF-Cache-Status': 'DYNAMIC', 'Report-To': '{"endpoints":[{"url":"https:\\/\\/a.nel.cloudflare.com\\/report\\/v4?s=H0SLzdK9UR4KKlpAQE57n6fCoIgyp1Eoxzn0pgdwBe1f1jSg5k7wYC%2FVUOqDPurOwlIx79KMQzLLVfdlzkGkCO7wmTjLDKV2lkhkKCptabxYczf%2B1oDiccZSoD5j9pW7"}],"group":"cf-nel","max_age":604800}', 'NEL': '{"success_fraction":0,"report_to":"cf-nel","max_age":604800}', 'Server': 'cloudflare', 'CF-RAY': '86e90a0688d77fae-IAD', 'alt-svc': 'h3=":443"; ma=86400'} 
 body={"results":[{"gender":"female","name":{"title":"Miss","first":"Caroline","last":"Roberts"},"location":{"street":{"number":9621,"name":"Mill Lane"},"city":"Dublin","state":"Clare","country":"Ireland","postcode":16139,"coordinates":{"latitude":"-2.6648","longitude":"125.2788"},"timezone":{"offset":"+4:30","description":"Kabul"}},"email":"caroline.roberts@example.com","login":{"uuid":"3c0af651-1eab-4ab1-b02f-d8bdd655ac78","username":"whitesnake574","password":"bruce","salt":"4QRNReoa","md5":"c6beedc49067947e3ed1d4b1e642344f","sha1":"d4b4ba8dfee37c307e60dce21780b493a8467e15","sha256":"b37ca454c2448151d77082d37499af59ed4d534a804533e29f8b90acdf88a076"},"dob":{"date":"1985-05-22T02:29:32.638Z","age":38},"registered":{"date":"2018-12-07T06:11:31.347Z","age":5},"phone":"031-336-7454","cell":"081-930-1702","id":{"name":"PPS","value":"5090499T"},"picture":{"large":"https://randomuser.me/api/portraits/women/82.jpg","medium":"https://randomuser.me/api/portraits/med/women/82.jpg","thumbnail":"https://randomuser.me/api/portraits/thumb/women/82.jpg"},"nat":"IE"}],"info":{"seed":"30813a68852466b6","results":1,"page":1,"version":"1.4"}} 
 </msg>
<msg time="2024-04-03T12:25:03.839683" level="INFO">/opt/hostedtoolcache/Python/3.12.2/x64/lib/python3.12/site-packages/urllib3/connectionpool.py:1103: InsecureRequestWarning: Unverified HTTPS request is being made to host 'randomuser.me'. Adding certificate verification is strongly advised. See: https://urllib3.readthedocs.io/en/latest/advanced-usage.html#tls-warnings
  warnings.warn(</msg>
<msg time="2024-04-03T12:25:03.839797" level="INFO">${response} = &lt;Response [200]&gt;</msg>
<var>${response}</var>
<arg>consultarAPI</arg>
<arg>/api</arg>
<doc>Sends a GET request on a previously created HTTP Session.</doc>
<status status="PASS" start="2024-04-03T12:25:03.763859" elapsed="0.075977"/>
</kw>
<kw name="Set Variable" owner="BuiltIn">
<msg time="2024-04-03T12:25:03.840664" level="INFO">${json_data} = {'results': [{'gender': 'female', 'name': {'title': 'Miss', 'first': 'Caroline', 'last': 'Roberts'}, 'location': {'street': {'number': 9621, 'name': 'Mill Lane'}, 'city': 'Dublin', 'state': 'Clare', '...</msg>
<var>${json_data}</var>
<arg>${response.json()}</arg>
<doc>Returns the given values which can then be assigned to a variables.</doc>
<status status="PASS" start="2024-04-03T12:25:03.840209" elapsed="0.000483"/>
</kw>
<kw name="Log" owner="BuiltIn">
<msg time="2024-04-03T12:25:03.841154" level="INFO">{'results': [{'gender': 'female', 'name': {'title': 'Miss', 'first': 'Caroline', 'last': 'Roberts'}, 'location': {'street': {'number': 9621, 'name': 'Mill Lane'}, 'city': 'Dublin', 'state': 'Clare', 'country': 'Ireland', 'postcode': 16139, 'coordinates': {'latitude': '-2.6648', 'longitude': '125.2788'}, 'timezone': {'offset': '+4:30', 'description': 'Kabul'}}, 'email': 'caroline.roberts@example.com', 'login': {'uuid': '3c0af651-1eab-4ab1-b02f-d8bdd655ac78', 'username': 'whitesnake574', 'password': 'bruce', 'salt': '4QRNReoa', 'md5': 'c6beedc49067947e3ed1d4b1e642344f', 'sha1': 'd4b4ba8dfee37c307e60dce21780b493a8467e15', 'sha256': 'b37ca454c2448151d77082d37499af59ed4d534a804533e29f8b90acdf88a076'}, 'dob': {'date': '1985-05-22T02:29:32.638Z', 'age': 38}, 'registered': {'date': '2018-12-07T06:11:31.347Z', 'age': 5}, 'phone': '031-336-7454', 'cell': '081-930-1702', 'id': {'name': 'PPS', 'value': '5090499T'}, 'picture': {'large': 'https://randomuser.me/api/portraits/women/82.jpg', 'medium': 'https://randomuser.me/api/portraits/med/women/82.jpg', 'thumbnail': 'https://randomuser.me/api/portraits/thumb/women/82.jpg'}, 'nat': 'IE'}], 'info': {'seed': '30813a68852466b6', 'results': 1, 'page': 1, 'version': '1.4'}}</msg>
<arg>${json_data}</arg>
<doc>Logs the given message with the given level.</doc>
<status status="PASS" start="2024-04-03T12:25:03.840999" elapsed="0.000203"/>
</kw>
<kw name="Dictionary Should Contain Key" owner="Collections">
<msg time="2024-04-03T12:25:03.841648" level="INFO">False</msg>
<arg>${json_data}</arg>
<arg>results</arg>
<doc>Fails if ``key`` is not found from ``dictionary``.</doc>
<status status="PASS" start="2024-04-03T12:25:03.841494" elapsed="0.000191"/>
</kw>
<kw name="Should Not Be Empty" owner="BuiltIn">
<msg time="2024-04-03T12:25:03.842104" level="INFO">Length is 2.</msg>
<arg>${json_data}</arg>
<doc>Verifies that the given item is not empty.</doc>
<status status="PASS" start="2024-04-03T12:25:03.841974" elapsed="0.000167"/>
</kw>
<kw name="Create List" owner="BuiltIn">
<msg time="2024-04-03T12:25:03.842582" level="INFO">${expected_keys} = ['gender', 'name', 'location', 'email', 'login']</msg>
<var>${expected_keys}</var>
<arg>gender</arg>
<arg>name</arg>
<arg>location</arg>
<arg>email</arg>
<arg>login</arg>
<doc>Returns a list containing given items.</doc>
<status status="PASS" start="2024-04-03T12:25:03.842429" elapsed="0.000177"/>
</kw>
<for flavor="IN">
<iter>
<kw name="Dictionary Should Contain Key" owner="Collections">
<msg time="2024-04-03T12:25:03.843627" level="INFO">False</msg>
<arg>${json_data['results'][0]}</arg>
<arg>${key}</arg>
<doc>Fails if ``key`` is not found from ``dictionary``.</doc>
<status status="PASS" start="2024-04-03T12:25:03.843225" elapsed="0.000441"/>
</kw>
<kw name="Log" owner="BuiltIn">
<msg time="2024-04-03T12:25:03.844336" level="INFO">{'gender': 'female', 'name': {'title': 'Miss', 'first': 'Caroline', 'last': 'Roberts'}, 'location': {'street': {'number': 9621, 'name': 'Mill Lane'}, 'city': 'Dublin', 'state': 'Clare', 'country': 'Ireland', 'postcode': 16139, 'coordinates': {'latitude': '-2.6648', 'longitude': '125.2788'}, 'timezone': {'offset': '+4:30', 'description': 'Kabul'}}, 'email': 'caroline.roberts@example.com', 'login': {'uuid': '3c0af651-1eab-4ab1-b02f-d8bdd655ac78', 'username': 'whitesnake574', 'password': 'bruce', 'salt': '4QRNReoa', 'md5': 'c6beedc49067947e3ed1d4b1e642344f', 'sha1': 'd4b4ba8dfee37c307e60dce21780b493a8467e15', 'sha256': 'b37ca454c2448151d77082d37499af59ed4d534a804533e29f8b90acdf88a076'}, 'dob': {'date': '1985-05-22T02:29:32.638Z', 'age': 38}, 'registered': {'date': '2018-12-07T06:11:31.347Z', 'age': 5}, 'phone': '031-336-7454', 'cell': '081-930-1702', 'id': {'name': 'PPS', 'value': '5090499T'}, 'picture': {'large': 'https://randomuser.me/api/portraits/women/82.jpg', 'medium': 'https://randomuser.me/api/portraits/med/women/82.jpg', 'thumbnail': 'https://randomuser.me/api/portraits/thumb/women/82.jpg'}, 'nat': 'IE'}</msg>
<arg>${json_data['results'][0]}</arg>
<doc>Logs the given message with the given level.</doc>
<status status="PASS" start="2024-04-03T12:25:03.843974" elapsed="0.000414"/>
</kw>
<kw name="Log" owner="BuiltIn">
<msg time="2024-04-03T12:25:03.844820" level="INFO">gender</msg>
<arg>${key}</arg>
<doc>Logs the given message with the given level.</doc>
<status status="PASS" start="2024-04-03T12:25:03.844690" elapsed="0.000168"/>
</kw>
<var name="${key}">gender</var>
<status status="PASS" start="2024-04-03T12:25:03.843099" elapsed="0.001981"/>
</iter>
<iter>
<kw name="Dictionary Should Contain Key" owner="Collections">
<msg time="2024-04-03T12:25:03.845772" level="INFO">False</msg>
<arg>${json_data['results'][0]}</arg>
<arg>${key}</arg>
<doc>Fails if ``key`` is not found from ``dictionary``.</doc>
<status status="PASS" start="2024-04-03T12:25:03.845384" elapsed="0.000427"/>
</kw>
<kw name="Log" owner="BuiltIn">
<msg time="2024-04-03T12:25:03.846508" level="INFO">{'gender': 'female', 'name': {'title': 'Miss', 'first': 'Caroline', 'last': 'Roberts'}, 'location': {'street': {'number': 9621, 'name': 'Mill Lane'}, 'city': 'Dublin', 'state': 'Clare', 'country': 'Ireland', 'postcode': 16139, 'coordinates': {'latitude': '-2.6648', 'longitude': '125.2788'}, 'timezone': {'offset': '+4:30', 'description': 'Kabul'}}, 'email': 'caroline.roberts@example.com', 'login': {'uuid': '3c0af651-1eab-4ab1-b02f-d8bdd655ac78', 'username': 'whitesnake574', 'password': 'bruce', 'salt': '4QRNReoa', 'md5': 'c6beedc49067947e3ed1d4b1e642344f', 'sha1': 'd4b4ba8dfee37c307e60dce21780b493a8467e15', 'sha256': 'b37ca454c2448151d77082d37499af59ed4d534a804533e29f8b90acdf88a076'}, 'dob': {'date': '1985-05-22T02:29:32.638Z', 'age': 38}, 'registered': {'date': '2018-12-07T06:11:31.347Z', 'age': 5}, 'phone': '031-336-7454', 'cell': '081-930-1702', 'id': {'name': 'PPS', 'value': '5090499T'}, 'picture': {'large': 'https://randomuser.me/api/portraits/women/82.jpg', 'medium': 'https://randomuser.me/api/portraits/med/women/82.jpg', 'thumbnail': 'https://randomuser.me/api/portraits/thumb/women/82.jpg'}, 'nat': 'IE'}</msg>
<arg>${json_data['results'][0]}</arg>
<doc>Logs the given message with the given level.</doc>
<status status="PASS" start="2024-04-03T12:25:03.846148" elapsed="0.000407"/>
</kw>
<kw name="Log" owner="BuiltIn">
<msg time="2024-04-03T12:25:03.847012" level="INFO">name</msg>
<arg>${key}</arg>
<doc>Logs the given message with the given level.</doc>
<status status="PASS" start="2024-04-03T12:25:03.846856" elapsed="0.000198"/>
</kw>
<var name="${key}">name</var>
<status status="PASS" start="2024-04-03T12:25:03.845268" elapsed="0.002002"/>
</iter>
<iter>
<kw name="Dictionary Should Contain Key" owner="Collections">
<msg time="2024-04-03T12:25:03.847934" level="INFO">False</msg>
<arg>${json_data['results'][0]}</arg>
<arg>${key}</arg>
<doc>Fails if ``key`` is not found from ``dictionary``.</doc>
<status status="PASS" start="2024-04-03T12:25:03.847560" elapsed="0.000412"/>
</kw>
<kw name="Log" owner="BuiltIn">
<msg time="2024-04-03T12:25:03.848630" level="INFO">{'gender': 'female', 'name': {'title': 'Miss', 'first': 'Caroline', 'last': 'Roberts'}, 'location': {'street': {'number': 9621, 'name': 'Mill Lane'}, 'city': 'Dublin', 'state': 'Clare', 'country': 'Ireland', 'postcode': 16139, 'coordinates': {'latitude': '-2.6648', 'longitude': '125.2788'}, 'timezone': {'offset': '+4:30', 'description': 'Kabul'}}, 'email': 'caroline.roberts@example.com', 'login': {'uuid': '3c0af651-1eab-4ab1-b02f-d8bdd655ac78', 'username': 'whitesnake574', 'password': 'bruce', 'salt': '4QRNReoa', 'md5': 'c6beedc49067947e3ed1d4b1e642344f', 'sha1': 'd4b4ba8dfee37c307e60dce21780b493a8467e15', 'sha256': 'b37ca454c2448151d77082d37499af59ed4d534a804533e29f8b90acdf88a076'}, 'dob': {'date': '1985-05-22T02:29:32.638Z', 'age': 38}, 'registered': {'date': '2018-12-07T06:11:31.347Z', 'age': 5}, 'phone': '031-336-7454', 'cell': '081-930-1702', 'id': {'name': 'PPS', 'value': '5090499T'}, 'picture': {'large': 'https://randomuser.me/api/portraits/women/82.jpg', 'medium': 'https://randomuser.me/api/portraits/med/women/82.jpg', 'thumbnail': 'https://randomuser.me/api/portraits/thumb/women/82.jpg'}, 'nat': 'IE'}</msg>
<arg>${json_data['results'][0]}</arg>
<doc>Logs the given message with the given level.</doc>
<status status="PASS" start="2024-04-03T12:25:03.848268" elapsed="0.000414"/>
</kw>
<kw name="Log" owner="BuiltIn">
<msg time="2024-04-03T12:25:03.849107" level="INFO">location</msg>
<arg>${key}</arg>
<doc>Logs the given message with the given level.</doc>
<status status="PASS" start="2024-04-03T12:25:03.848980" elapsed="0.000166"/>
</kw>
<var name="${key}">location</var>
<status status="PASS" start="2024-04-03T12:25:03.847448" elapsed="0.001914"/>
</iter>
<iter>
<kw name="Dictionary Should Contain Key" owner="Collections">
<msg time="2024-04-03T12:25:03.850022" level="INFO">False</msg>
<arg>${json_data['results'][0]}</arg>
<arg>${key}</arg>
<doc>Fails if ``key`` is not found from ``dictionary``.</doc>
<status status="PASS" start="2024-04-03T12:25:03.849647" elapsed="0.000413"/>
</kw>
<kw name="Log" owner="BuiltIn">
<msg time="2024-04-03T12:25:03.850714" level="INFO">{'gender': 'female', 'name': {'title': 'Miss', 'first': 'Caroline', 'last': 'Roberts'}, 'location': {'street': {'number': 9621, 'name': 'Mill Lane'}, 'city': 'Dublin', 'state': 'Clare', 'country': 'Ireland', 'postcode': 16139, 'coordinates': {'latitude': '-2.6648', 'longitude': '125.2788'}, 'timezone': {'offset': '+4:30', 'description': 'Kabul'}}, 'email': 'caroline.roberts@example.com', 'login': {'uuid': '3c0af651-1eab-4ab1-b02f-d8bdd655ac78', 'username': 'whitesnake574', 'password': 'bruce', 'salt': '4QRNReoa', 'md5': 'c6beedc49067947e3ed1d4b1e642344f', 'sha1': 'd4b4ba8dfee37c307e60dce21780b493a8467e15', 'sha256': 'b37ca454c2448151d77082d37499af59ed4d534a804533e29f8b90acdf88a076'}, 'dob': {'date': '1985-05-22T02:29:32.638Z', 'age': 38}, 'registered': {'date': '2018-12-07T06:11:31.347Z', 'age': 5}, 'phone': '031-336-7454', 'cell': '081-930-1702', 'id': {'name': 'PPS', 'value': '5090499T'}, 'picture': {'large': 'https://randomuser.me/api/portraits/women/82.jpg', 'medium': 'https://randomuser.me/api/portraits/med/women/82.jpg', 'thumbnail': 'https://randomuser.me/api/portraits/thumb/women/82.jpg'}, 'nat': 'IE'}</msg>
<arg>${json_data['results'][0]}</arg>
<doc>Logs the given message with the given level.</doc>
<status status="PASS" start="2024-04-03T12:25:03.850360" elapsed="0.000403"/>
</kw>
<kw name="Log" owner="BuiltIn">
<msg time="2024-04-03T12:25:03.851214" level="INFO">email</msg>
<arg>${key}</arg>
<doc>Logs the given message with the given level.</doc>
<status status="PASS" start="2024-04-03T12:25:03.851084" elapsed="0.000168"/>
</kw>
<var name="${key}">email</var>
<status status="PASS" start="2024-04-03T12:25:03.849537" elapsed="0.001934"/>
</iter>
<iter>
<kw name="Dictionary Should Contain Key" owner="Collections">
<msg time="2024-04-03T12:25:03.852180" level="INFO">False</msg>
<arg>${json_data['results'][0]}</arg>
<arg>${key}</arg>
<doc>Fails if ``key`` is not found from ``dictionary``.</doc>
<status status="PASS" start="2024-04-03T12:25:03.851776" elapsed="0.000442"/>
</kw>
<kw name="Log" owner="BuiltIn">
<msg time="2024-04-03T12:25:03.852871" level="INFO">{'gender': 'female', 'name': {'title': 'Miss', 'first': 'Caroline', 'last': 'Roberts'}, 'location': {'street': {'number': 9621, 'name': 'Mill Lane'}, 'city': 'Dublin', 'state': 'Clare', 'country': 'Ireland', 'postcode': 16139, 'coordinates': {'latitude': '-2.6648', 'longitude': '125.2788'}, 'timezone': {'offset': '+4:30', 'description': 'Kabul'}}, 'email': 'caroline.roberts@example.com', 'login': {'uuid': '3c0af651-1eab-4ab1-b02f-d8bdd655ac78', 'username': 'whitesnake574', 'password': 'bruce', 'salt': '4QRNReoa', 'md5': 'c6beedc49067947e3ed1d4b1e642344f', 'sha1': 'd4b4ba8dfee37c307e60dce21780b493a8467e15', 'sha256': 'b37ca454c2448151d77082d37499af59ed4d534a804533e29f8b90acdf88a076'}, 'dob': {'date': '1985-05-22T02:29:32.638Z', 'age': 38}, 'registered': {'date': '2018-12-07T06:11:31.347Z', 'age': 5}, 'phone': '031-336-7454', 'cell': '081-930-1702', 'id': {'name': 'PPS', 'value': '5090499T'}, 'picture': {'large': 'https://randomuser.me/api/portraits/women/82.jpg', 'medium': 'https://randomuser.me/api/portraits/med/women/82.jpg', 'thumbnail': 'https://randomuser.me/api/portraits/thumb/women/82.jpg'}, 'nat': 'IE'}</msg>
<arg>${json_data['results'][0]}</arg>
<doc>Logs the given message with the given level.</doc>
<status status="PASS" start="2024-04-03T12:25:03.852514" elapsed="0.000419"/>
</kw>
<kw name="Log" owner="BuiltIn">
<msg time="2024-04-03T12:25:03.853356" level="INFO">login</msg>
<arg>${key}</arg>
<doc>Logs the given message with the given level.</doc>
<status status="PASS" start="2024-04-03T12:25:03.853226" elapsed="0.000275"/>
</kw>
<var name="${key}">login</var>
<status status="PASS" start="2024-04-03T12:25:03.851647" elapsed="0.002082"/>
</iter>
<var>${key}</var>
<value>@{expected_keys}</value>
<status status="PASS" start="2024-04-03T12:25:03.842867" elapsed="0.010987"/>
</for>
<kw name="Create List" owner="BuiltIn">
<msg time="2024-04-03T12:25:03.854220" level="INFO">${expected_keysTwo} = ['username', 'password']</msg>
<var>${expected_keysTwo}</var>
<arg>username</arg>
<arg>password</arg>
<doc>Returns a list containing given items.</doc>
<status status="PASS" start="2024-04-03T12:25:03.854078" elapsed="0.000166"/>
</kw>
<for flavor="IN">
<iter>
<kw name="Dictionary Should Contain Key" owner="Collections">
<msg time="2024-04-03T12:25:03.855165" level="INFO">False</msg>
<arg>${json_data['results'][0]['login']}</arg>
<arg>${keyTwo}</arg>
<doc>Fails if ``key`` is not found from ``dictionary``.</doc>
<status status="PASS" start="2024-04-03T12:25:03.854748" elapsed="0.000455"/>
</kw>
<kw name="Dictionary Should Contain Key" owner="Collections">
<msg time="2024-04-03T12:25:03.855887" level="INFO">False</msg>
<arg>${json_data['results'][0]['login']}</arg>
<arg>${keyTwo}</arg>
<doc>Fails if ``key`` is not found from ``dictionary``.</doc>
<status status="PASS" start="2024-04-03T12:25:03.855502" elapsed="0.000423"/>
</kw>
<kw name="Log" owner="BuiltIn">
<msg time="2024-04-03T12:25:03.856346" level="INFO">username</msg>
<arg>${keyTwo}</arg>
<doc>Logs the given message with the given level.</doc>
<status status="PASS" start="2024-04-03T12:25:03.856219" elapsed="0.000165"/>
</kw>
<var name="${keyTwo}">username</var>
<status status="PASS" start="2024-04-03T12:25:03.854636" elapsed="0.001962"/>
</iter>
<iter>
<kw name="Dictionary Should Contain Key" owner="Collections">
<msg time="2024-04-03T12:25:03.857264" level="INFO">False</msg>
<arg>${json_data['results'][0]['login']}</arg>
<arg>${keyTwo}</arg>
<doc>Fails if ``key`` is not found from ``dictionary``.</doc>
<status status="PASS" start="2024-04-03T12:25:03.856887" elapsed="0.000416"/>
</kw>
<kw name="Dictionary Should Contain Key" owner="Collections">
<msg time="2024-04-03T12:25:03.857984" level="INFO">False</msg>
<arg>${json_data['results'][0]['login']}</arg>
<arg>${keyTwo}</arg>
<doc>Fails if ``key`` is not found from ``dictionary``.</doc>
<status status="PASS" start="2024-04-03T12:25:03.857601" elapsed="0.000420"/>
</kw>
<kw name="Log" owner="BuiltIn">
<msg time="2024-04-03T12:25:03.858441" level="INFO">password</msg>
<arg>${keyTwo}</arg>
<doc>Logs the given message with the given level.</doc>
<status status="PASS" start="2024-04-03T12:25:03.858314" elapsed="0.000166"/>
</kw>
<var name="${keyTwo}">password</var>
<status status="PASS" start="2024-04-03T12:25:03.856775" elapsed="0.001920"/>
</iter>
<var>${keyTwo}</var>
<value>@{expected_keysTwo}</value>
<status status="PASS" start="2024-04-03T12:25:03.854483" elapsed="0.004336"/>
</for>
<status status="PASS" start="2024-04-03T12:25:03.763620" elapsed="0.095366"/>
</kw>
<doc>Testa a estrutura da resposta da API.</doc>
<tag>testeEstruturaResposta</tag>
<status status="PASS" start="2024-04-03T12:25:03.762959" elapsed="0.096193"/>
</test>
<test id="s1-s1-t4" name="Validar tipos de dados" line="28">
<kw name="Teste de Tipos de Dados" owner="random-user-service">
<kw name="GET On Session" owner="RequestsLibrary">
<msg time="2024-04-03T12:25:03.935908" level="INFO">GET Request : url=https://randomuser.me/api 
 path_url=/api 
 headers={'User-Agent': 'python-requests/2.31.0', 'Accept-Encoding': 'gzip, deflate', 'Accept': '*/*', 'Connection': 'keep-alive'} 
 body=None 
 </msg>
<msg time="2024-04-03T12:25:03.935998" level="INFO">GET Response : url=https://randomuser.me/api 
 status=200, reason=OK 
 headers={'Date': 'Wed, 03 Apr 2024 12:25:03 GMT', 'Content-Type': 'application/json; charset=utf-8', 'Transfer-Encoding': 'chunked', 'Connection': 'keep-alive', 'X-Powered-By': 'Express', 'Access-Control-Allow-Origin': '*', 'Cache-Control': 'no-cache', 'ETag': 'W/"499-FLvvjoOoHtQf+kkV5r3ADQ+tI3A"', 'Vary': 'Accept-Encoding', 'Content-Encoding': 'gzip', 'CF-Cache-Status': 'DYNAMIC', 'Report-To': '{"endpoints":[{"url":"https:\\/\\/a.nel.cloudflare.com\\/report\\/v4?s=moPMfKgnfiRMZ5xdRTYUiRiY4%2Bxx6oco7UvRWXlCkjve0RIKAxeU2Hf%2BRvUjMlEJyH4EvJ74dRBnXI6OiHrFKEURJIgBl8Ia137%2BwhEf6PzRYejTM2Y9u9s5cAYxZNBD"}],"group":"cf-nel","max_age":604800}', 'NEL': '{"success_fraction":0,"report_to":"cf-nel","max_age":604800}', 'Server': 'cloudflare', 'CF-RAY': '86e90a0729837fae-IAD', 'alt-svc': 'h3=":443"; ma=86400'} 
 body={"results":[{"gender":"female","name":{"title":"Miss","first":"Anka","last":"Živojinović"},"location":{"street":{"number":6690,"name":"Oblačinska"},"city":"Kuršumlija","state":"Peć","country":"Serbia","postcode":78794,"coordinates":{"latitude":"58.5690","longitude":"59.1292"},"timezone":{"offset":"+3:00","description":"Baghdad, Riyadh, Moscow, St. Petersburg"}},"email":"anka.zivojinovic@example.com","login":{"uuid":"1f18a967-c331-4eee-a237-314c8cb34f02","username":"heavyduck157","password":"candle","salt":"lmh554kl","md5":"fd553043e497fb97781727739393b1b4","sha1":"d95a93b31ecbf47cae4136c2e92a33173ccbcbd4","sha256":"fafbae6678e907f3f1ebdec9e0f1adc54c5267d75ee35cfdaa4da43538767ef7"},"dob":{"date":"1960-01-06T05:09:26.511Z","age":64},"registered":{"date":"2018-02-25T12:50:59.150Z","age":6},"phone":"036-1290-103","cell":"065-5034-667","id":{"name":"SID","value":"804175378"},"picture":{"large":"https://randomuser.me/api/portraits/women/51.jpg","medium":"https://randomuser.me/api/portraits/med/women/51.jpg","thumbnail":"https://randomuser.me/api/portraits/thumb/women/51.jpg"},"nat":"RS"}],"info":{"seed":"d574a594d86806e0","results":1,"page":1,"version":"1.4"}} 
 </msg>
<msg time="2024-04-03T12:25:03.936077" level="INFO">/opt/hostedtoolcache/Python/3.12.2/x64/lib/python3.12/site-packages/urllib3/connectionpool.py:1103: InsecureRequestWarning: Unverified HTTPS request is being made to host 'randomuser.me'. Adding certificate verification is strongly advised. See: https://urllib3.readthedocs.io/en/latest/advanced-usage.html#tls-warnings
  warnings.warn(</msg>
<msg time="2024-04-03T12:25:03.936221" level="INFO">${response} = &lt;Response [200]&gt;</msg>
<var>${response}</var>
<arg>consultarAPI</arg>
<arg>/api</arg>
<doc>Sends a GET request on a previously created HTTP Session.</doc>
<status status="PASS" start="2024-04-03T12:25:03.861643" elapsed="0.074636"/>
</kw>
<kw name="Set Variable" owner="BuiltIn">
<msg time="2024-04-03T12:25:03.937190" level="INFO">${json_data} = {'results': [{'gender': 'female', 'name': {'title': 'Miss', 'first': 'Anka', 'last': 'Živojinović'}, 'location': {'street': {'number': 6690, 'name': 'Oblačinska'}, 'city': 'Kuršumlija', 'state': 'Peć'...</msg>
<var>${json_data}</var>
<arg>${response.json()}</arg>
<doc>Returns the given values which can then be assigned to a variables.</doc>
<status status="PASS" start="2024-04-03T12:25:03.936723" elapsed="0.000497"/>
</kw>
<kw name="Log" owner="BuiltIn">
<msg time="2024-04-03T12:25:03.937694" level="INFO">{'results': [{'gender': 'female', 'name': {'title': 'Miss', 'first': 'Anka', 'last': 'Živojinović'}, 'location': {'street': {'number': 6690, 'name': 'Oblačinska'}, 'city': 'Kuršumlija', 'state': 'Peć', 'country': 'Serbia', 'postcode': 78794, 'coordinates': {'latitude': '58.5690', 'longitude': '59.1292'}, 'timezone': {'offset': '+3:00', 'description': 'Baghdad, Riyadh, Moscow, St. Petersburg'}}, 'email': 'anka.zivojinovic@example.com', 'login': {'uuid': '1f18a967-c331-4eee-a237-314c8cb34f02', 'username': 'heavyduck157', 'password': 'candle', 'salt': 'lmh554kl', 'md5': 'fd553043e497fb97781727739393b1b4', 'sha1': 'd95a93b31ecbf47cae4136c2e92a33173ccbcbd4', 'sha256': 'fafbae6678e907f3f1ebdec9e0f1adc54c5267d75ee35cfdaa4da43538767ef7'}, 'dob': {'date': '1960-01-06T05:09:26.511Z', 'age': 64}, 'registered': {'date': '2018-02-25T12:50:59.150Z', 'age': 6}, 'phone': '036-1290-103', 'cell': '065-5034-667', 'id': {'name': 'SID', 'value': '804175378'}, 'picture': {'large': 'https://randomuser.me/api/portraits/women/51.jpg', 'medium': 'https://randomuser.me/api/portraits/med/women/51.jpg', 'thumbnail': 'https://randomuser.me/api/portraits/thumb/women/51.jpg'}, 'nat': 'RS'}], 'info': {'seed': 'd574a594d86806e0', 'results': 1, 'page': 1, 'version': '1.4'}}</msg>
<arg>${json_data}</arg>
<doc>Logs the given message with the given level.</doc>
<status status="PASS" start="2024-04-03T12:25:03.937535" elapsed="0.000209"/>
</kw>
<kw name="Should Be String" owner="String">
<arg>${json_data['results'][0]['gender']}</arg>
<doc>Fails if the given ``item`` is not a string.</doc>
<status status="PASS" start="2024-04-03T12:25:03.938074" elapsed="0.000365"/>
</kw>
<kw name="Should Match Regexp" owner="BuiltIn">
<arg>${json_data['results'][0]['email']}</arg>
<arg>^[a-zA-Z0-9._%+-]+@[a-zA-Z0-9.-]+\.[a-zA-Z]{2,}$</arg>
<doc>Fails if ``string`` does not match ``pattern`` as a regular expression.</doc>
<status status="PASS" start="2024-04-03T12:25:03.938642" elapsed="0.000571"/>
</kw>
<kw name="Should Match Regexp" owner="BuiltIn">
<arg>${json_data['results'][0]['dob']['date']}</arg>
<arg>\\d{4}-\\d{2}-\\d{2}T\\d{2}:\\d{2}:\\d{2}\\.\\d{3}Z</arg>
<doc>Fails if ``string`` does not match ``pattern`` as a regular expression.</doc>
<status status="PASS" start="2024-04-03T12:25:03.939415" elapsed="0.000492"/>
</kw>
<kw name="Should Match Regexp" owner="BuiltIn">
<arg>${json_data['results'][0]['registered']['date']}</arg>
<arg>\\d{4}-\\d{2}-\\d{2}T\\d{2}:\\d{2}:\\d{2}\\.\\d{3}Z</arg>
<doc>Fails if ``string`` does not match ``pattern`` as a regular expression.</doc>
<status status="PASS" start="2024-04-03T12:25:03.940104" elapsed="0.000368"/>
</kw>
<kw name="Should Match Regexp" owner="BuiltIn">
<arg>${json_data['results'][0]['picture']['large']}</arg>
<arg>^https?://.*\.(?:png|jpe?g|gif|bmp)$</arg>
<doc>Fails if ``string`` does not match ``pattern`` as a regular expression.</doc>
<status status="PASS" start="2024-04-03T12:25:03.940661" elapsed="0.000466"/>
</kw>
<kw name="Should Match Regexp" owner="BuiltIn">
<arg>${json_data['results'][0]['picture']['medium']}</arg>
<arg>^https?://.*\.(?:png|jpe?g|gif|bmp)$</arg>
<doc>Fails if ``string`` does not match ``pattern`` as a regular expression.</doc>
<status status="PASS" start="2024-04-03T12:25:03.941317" elapsed="0.000362"/>
</kw>
<kw name="Should Match Regexp" owner="BuiltIn">
<arg>${json_data['results'][0]['picture']['thumbnail']}</arg>
<arg>^https?://.*\.(?:png|jpe?g|gif|bmp)$</arg>
<doc>Fails if ``string`` does not match ``pattern`` as a regular expression.</doc>
<status status="PASS" start="2024-04-03T12:25:03.941864" elapsed="0.000348"/>
</kw>
<kw name="Log" owner="BuiltIn">
<msg time="2024-04-03T12:25:03.942721" level="INFO">{'large': 'https://randomuser.me/api/portraits/women/51.jpg', 'medium': 'https://randomuser.me/api/portraits/med/women/51.jpg', 'thumbnail': 'https://randomuser.me/api/portraits/thumb/women/51.jpg'}</msg>
<arg>${json_data['results'][0]['picture']}</arg>
<doc>Logs the given message with the given level.</doc>
<status status="PASS" start="2024-04-03T12:25:03.942393" elapsed="0.000375"/>
</kw>
<status status="PASS" start="2024-04-03T12:25:03.861415" elapsed="0.081651"/>
</kw>
<kw name="Teste de Tipos de Dados - Postcode" owner="random-user-service">
<kw name="GET On Session" owner="RequestsLibrary">
<msg time="2024-04-03T12:25:04.031931" level="INFO">GET Request : url=https://randomuser.me/api 
 path_url=/api 
 headers={'User-Agent': 'python-requests/2.31.0', 'Accept-Encoding': 'gzip, deflate', 'Accept': '*/*', 'Connection': 'keep-alive'} 
 body=None 
 </msg>
<msg time="2024-04-03T12:25:04.031997" level="INFO">GET Response : url=https://randomuser.me/api 
 status=200, reason=OK 
 headers={'Date': 'Wed, 03 Apr 2024 12:25:04 GMT', 'Content-Type': 'application/json; charset=utf-8', 'Transfer-Encoding': 'chunked', 'Connection': 'keep-alive', 'X-Powered-By': 'Express', 'Access-Control-Allow-Origin': '*', 'Cache-Control': 'no-cache', 'ETag': 'W/"486-coXfkPUbA/CQ1F1vVeskHUCZfCA"', 'Vary': 'Accept-Encoding', 'Content-Encoding': 'gzip', 'CF-Cache-Status': 'DYNAMIC', 'Report-To': '{"endpoints":[{"url":"https:\\/\\/a.nel.cloudflare.com\\/report\\/v4?s=qxTc6fVysrGOIM6I1YDxK2nnZzW%2BVZa9zc6SSAyr5Fe1Hb2OgMn9FeRpzrEnjf2CNN%2F3k0Q6ETZg1SJETnJJHntB0dnPmoUUIVrLFhOwvedPnP8yNl%2BKyjp0V2D68XOJ"}],"group":"cf-nel","max_age":604800}', 'NEL': '{"success_fraction":0,"report_to":"cf-nel","max_age":604800}', 'Server': 'cloudflare', 'CF-RAY': '86e90a07aa327fae-IAD', 'alt-svc': 'h3=":443"; ma=86400'} 
 body={"results":[{"gender":"female","name":{"title":"Ms","first":"Neea","last":"Haataja"},"location":{"street":{"number":5033,"name":"Rautatienkatu"},"city":"Imatra","state":"Southern Savonia","country":"Finland","postcode":79833,"coordinates":{"latitude":"-21.5346","longitude":"76.5685"},"timezone":{"offset":"-10:00","description":"Hawaii"}},"email":"neea.haataja@example.com","login":{"uuid":"a1e18a2d-ca65-4160-8608-1040840093fb","username":"lazybutterfly153","password":"4runner","salt":"OyxhzbHz","md5":"cd7e47baeffa002b5c51dd1df54bec8b","sha1":"9bedb1a9845722a9130d082cb705c93b93387169","sha256":"da8b4f48e5f9f06b932f9b6cd8ac6de34fbff3bfed2fa6dbc9d0f819c1a8dc09"},"dob":{"date":"1961-01-08T03:42:48.035Z","age":63},"registered":{"date":"2002-09-30T23:37:34.466Z","age":21},"phone":"04-005-297","cell":"047-706-16-88","id":{"name":"HETU","value":"NaNNA648undefined"},"picture":{"large":"https://randomuser.me/api/portraits/women/49.jpg","medium":"https://randomuser.me/api/portraits/med/women/49.jpg","thumbnail":"https://randomuser.me/api/portraits/thumb/women/49.jpg"},"nat":"FI"}],"info":{"seed":"dd7ec7023e8292ea","results":1,"page":1,"version":"1.4"}} 
 </msg>
<msg time="2024-04-03T12:25:04.032064" level="INFO">/opt/hostedtoolcache/Python/3.12.2/x64/lib/python3.12/site-packages/urllib3/connectionpool.py:1103: InsecureRequestWarning: Unverified HTTPS request is being made to host 'randomuser.me'. Adding certificate verification is strongly advised. See: https://urllib3.readthedocs.io/en/latest/advanced-usage.html#tls-warnings
  warnings.warn(</msg>
<msg time="2024-04-03T12:25:04.032183" level="INFO">${response} = &lt;Response [200]&gt;</msg>
<var>${response}</var>
<arg>consultarAPI</arg>
<arg>/api</arg>
<doc>Sends a GET request on a previously created HTTP Session.</doc>
<status status="PASS" start="2024-04-03T12:25:03.943646" elapsed="0.088582"/>
</kw>
<kw name="Set Variable" owner="BuiltIn">
<msg time="2024-04-03T12:25:04.033098" level="INFO">${json_data} = {'results': [{'gender': 'female', 'name': {'title': 'Ms', 'first': 'Neea', 'last': 'Haataja'}, 'location': {'street': {'number': 5033, 'name': 'Rautatienkatu'}, 'city': 'Imatra', 'state': 'Southern Sa...</msg>
<var>${json_data}</var>
<arg>${response.json()}</arg>
<doc>Returns the given values which can then be assigned to a variables.</doc>
<status status="PASS" start="2024-04-03T12:25:04.032654" elapsed="0.000473"/>
</kw>
<kw name="Log" owner="BuiltIn">
<msg time="2024-04-03T12:25:04.033659" level="INFO">{'results': [{'gender': 'female', 'name': {'title': 'Ms', 'first': 'Neea', 'last': 'Haataja'}, 'location': {'street': {'number': 5033, 'name': 'Rautatienkatu'}, 'city': 'Imatra', 'state': 'Southern Savonia', 'country': 'Finland', 'postcode': 79833, 'coordinates': {'latitude': '-21.5346', 'longitude': '76.5685'}, 'timezone': {'offset': '-10:00', 'description': 'Hawaii'}}, 'email': 'neea.haataja@example.com', 'login': {'uuid': 'a1e18a2d-ca65-4160-8608-1040840093fb', 'username': 'lazybutterfly153', 'password': '4runner', 'salt': 'OyxhzbHz', 'md5': 'cd7e47baeffa002b5c51dd1df54bec8b', 'sha1': '9bedb1a9845722a9130d082cb705c93b93387169', 'sha256': 'da8b4f48e5f9f06b932f9b6cd8ac6de34fbff3bfed2fa6dbc9d0f819c1a8dc09'}, 'dob': {'date': '1961-01-08T03:42:48.035Z', 'age': 63}, 'registered': {'date': '2002-09-30T23:37:34.466Z', 'age': 21}, 'phone': '04-005-297', 'cell': '047-706-16-88', 'id': {'name': 'HETU', 'value': 'NaNNA648undefined'}, 'picture': {'large': 'https://randomuser.me/api/portraits/women/49.jpg', 'medium': 'https://randomuser.me/api/portraits/med/women/49.jpg', 'thumbnail': 'https://randomuser.me/api/portraits/thumb/women/49.jpg'}, 'nat': 'FI'}], 'info': {'seed': 'dd7ec7023e8292ea', 'results': 1, 'page': 1, 'version': '1.4'}}</msg>
<arg>${json_data}</arg>
<doc>Logs the given message with the given level.</doc>
<status status="PASS" start="2024-04-03T12:25:04.033505" elapsed="0.000236"/>
</kw>
<kw name="Should Be Equal As Numbers" owner="BuiltIn">
<arg>${json_data['results'][0]['location']['postcode']}</arg>
<arg>${json_data['results'][0]['location']['postcode']}</arg>
<doc>Fails if objects are unequal after converting them to real numbers.</doc>
<status status="PASS" start="2024-04-03T12:25:04.034115" elapsed="0.000759"/>
</kw>
<kw name="Log" owner="BuiltIn">
<msg time="2024-04-03T12:25:04.035592" level="INFO">79833</msg>
<arg>${json_data['results'][0]['location']['postcode']}</arg>
<doc>Logs the given message with the given level.</doc>
<status status="PASS" start="2024-04-03T12:25:04.035112" elapsed="0.000522"/>
</kw>
<status status="PASS" start="2024-04-03T12:25:03.943290" elapsed="0.092608"/>
</kw>
<doc>Testa se os tipos de dados na resposta da API estão corretos.</doc>
<tag>testeTiposDados</tag>
<status status="PASS" start="2024-04-03T12:25:03.860879" elapsed="0.175381"/>
</test>
<test id="s1-s1-t5" name="Validar conteudo" line="35">
<kw name="Teste de Tipos de Conteudo" owner="random-user-service">
<kw name="GET On Session" owner="RequestsLibrary">
<msg time="2024-04-03T12:25:04.118211" level="INFO">GET Request : url=https://randomuser.me/api 
 path_url=/api 
 headers={'User-Agent': 'python-requests/2.31.0', 'Accept-Encoding': 'gzip, deflate', 'Accept': '*/*', 'Connection': 'keep-alive'} 
 body=None 
 </msg>
<msg time="2024-04-03T12:25:04.118293" level="INFO">GET Response : url=https://randomuser.me/api 
 status=200, reason=OK 
 headers={'Date': 'Wed, 03 Apr 2024 12:25:04 GMT', 'Content-Type': 'application/json; charset=utf-8', 'Transfer-Encoding': 'chunked', 'Connection': 'keep-alive', 'X-Powered-By': 'Express', 'Access-Control-Allow-Origin': '*', 'Cache-Control': 'no-cache', 'ETag': 'W/"486-zHP1dGqWeH79G+1C5KI9hXAhptA"', 'Vary': 'Accept-Encoding', 'Content-Encoding': 'gzip', 'CF-Cache-Status': 'DYNAMIC', 'Report-To': '{"endpoints":[{"url":"https:\\/\\/a.nel.cloudflare.com\\/report\\/v4?s=llkRL2lvFRfQitoosNR1lodI1mxxK1ibkUmMxigKKG3iEg7pDCTpxwIHpiWlAdPpt2CGkMYJb5tBwg4Kjf8yz%2B%2B0LxriHKtt9VO%2FoYBAUP74xNzksSSnaInTwqu5kfoo"}],"group":"cf-nel","max_age":604800}', 'NEL': '{"success_fraction":0,"report_to":"cf-nel","max_age":604800}', 'Server': 'cloudflare', 'CF-RAY': '86e90a084ae87fae-IAD', 'alt-svc': 'h3=":443"; ma=86400'} 
 body={"results":[{"gender":"female","name":{"title":"Ms","first":"Veronika","last":"Plassen"},"location":{"street":{"number":1164,"name":"Enebostubben"},"city":"Tyristrand","state":"Sogn og Fjordane","country":"Norway","postcode":"7808","coordinates":{"latitude":"44.7982","longitude":"173.7796"},"timezone":{"offset":"+9:30","description":"Adelaide, Darwin"}},"email":"veronika.plassen@example.com","login":{"uuid":"faae12ea-d326-43f0-a549-ffe638ccfc23","username":"organicwolf992","password":"deer","salt":"lhAo0azu","md5":"c296d2661aead4703c39e5e10e5923b5","sha1":"048e88a3e44f38cf512e37e05dc880e0ee04b530","sha256":"63b878cf30735ae2a748c88f466c565418372f1720fbe7578f26c5f7cac31eb1"},"dob":{"date":"1997-08-18T04:33:54.709Z","age":26},"registered":{"date":"2009-11-03T13:49:58.888Z","age":14},"phone":"67797129","cell":"45201666","id":{"name":"FN","value":"18089714644"},"picture":{"large":"https://randomuser.me/api/portraits/women/22.jpg","medium":"https://randomuser.me/api/portraits/med/women/22.jpg","thumbnail":"https://randomuser.me/api/portraits/thumb/women/22.jpg"},"nat":"NO"}],"info":{"seed":"34d81cc8d02f2019","results":1,"page":1,"version":"1.4"}} 
 </msg>
<msg time="2024-04-03T12:25:04.118361" level="INFO">/opt/hostedtoolcache/Python/3.12.2/x64/lib/python3.12/site-packages/urllib3/connectionpool.py:1103: InsecureRequestWarning: Unverified HTTPS request is being made to host 'randomuser.me'. Adding certificate verification is strongly advised. See: https://urllib3.readthedocs.io/en/latest/advanced-usage.html#tls-warnings
  warnings.warn(</msg>
<msg time="2024-04-03T12:25:04.118493" level="INFO">${response} = &lt;Response [200]&gt;</msg>
<var>${response}</var>
<arg>consultarAPI</arg>
<arg>/api</arg>
<doc>Sends a GET request on a previously created HTTP Session.</doc>
<status status="PASS" start="2024-04-03T12:25:04.039146" elapsed="0.079409"/>
</kw>
<kw name="Set Variable" owner="BuiltIn">
<msg time="2024-04-03T12:25:04.119483" level="INFO">${json_data} = {'results': [{'gender': 'female', 'name': {'title': 'Ms', 'first': 'Veronika', 'last': 'Plassen'}, 'location': {'street': {'number': 1164, 'name': 'Enebostubben'}, 'city': 'Tyristrand', 'state': 'Sogn...</msg>
<var>${json_data}</var>
<arg>${response.json()}</arg>
<doc>Returns the given values which can then be assigned to a variables.</doc>
<status status="PASS" start="2024-04-03T12:25:04.119023" elapsed="0.000488"/>
</kw>
<kw name="Set Variable" owner="BuiltIn">
<msg time="2024-04-03T12:25:04.120207" level="INFO">${name_title} = Ms</msg>
<var>${name_title}</var>
<arg>${json_data["results"][0]["name"]["title"]}</arg>
<doc>Returns the given values which can then be assigned to a variables.</doc>
<status status="PASS" start="2024-04-03T12:25:04.119823" elapsed="0.000410"/>
</kw>
<kw name="Create List" owner="BuiltIn">
<msg time="2024-04-03T12:25:04.120690" level="INFO">${allowed_titles} = ['Mr', 'Ms', 'Miss', 'Mrs', 'Madame', 'Monsieur']</msg>
<var>${allowed_titles}</var>
<arg>Mr</arg>
<arg>Ms</arg>
<arg>Miss</arg>
<arg>Mrs</arg>
<arg>Madame</arg>
<arg>Monsieur</arg>
<doc>Returns a list containing given items.</doc>
<status status="PASS" start="2024-04-03T12:25:04.120539" elapsed="0.000176"/>
</kw>
<kw name="List Should Contain Value" owner="Collections">
<msg time="2024-04-03T12:25:04.121197" level="INFO">False</msg>
<arg>${allowed_titles}</arg>
<arg>${name_title}</arg>
<doc>Fails if the ``value`` is not found from ``list``.</doc>
<status status="PASS" start="2024-04-03T12:25:04.121023" elapsed="0.000218"/>
</kw>
<kw name="Set Variable" owner="BuiltIn">
<msg time="2024-04-03T12:25:04.121917" level="INFO">${name_country} = NO</msg>
<var>${name_country}</var>
<arg>${json_data["results"][0]["nat"]}</arg>
<doc>Returns the given values which can then be assigned to a variables.</doc>
<status status="PASS" start="2024-04-03T12:25:04.121540" elapsed="0.000403"/>
</kw>
<kw name="Create List" owner="BuiltIn">
<msg time="2024-04-03T12:25:04.122860" level="INFO">${list_country} = ['AD', 'AE', 'AF', 'AG', 'AI', 'AL', 'AM', 'AO', 'AQ', 'AR', 'AS', 'AT', 'AU', 'AW', 'AX', 'AZ', 'BA', 'BB', 'BD', 'BE', 'BF', 'BG', 'BH', 'BI', 'BJ', 'BL', 'BM', 'BN', 'BO', 'BQ', 'BR', 'BS', 'BT', '...</msg>
<var>${list_country}</var>
<arg>AD</arg>
<arg>AE</arg>
<arg>AF</arg>
<arg>AG</arg>
<arg>AI</arg>
<arg>AL</arg>
<arg>AM</arg>
<arg>AO</arg>
<arg>AQ</arg>
<arg>AR</arg>
<arg>AS</arg>
<arg>AT</arg>
<arg>AU</arg>
<arg>AW</arg>
<arg>AX</arg>
<arg>AZ</arg>
<arg>BA</arg>
<arg>BB</arg>
<arg>BD</arg>
<arg>BE</arg>
<arg>BF</arg>
<arg>BG</arg>
<arg>BH</arg>
<arg>BI</arg>
<arg>BJ</arg>
<arg>BL</arg>
<arg>BM</arg>
<arg>BN</arg>
<arg>BO</arg>
<arg>BQ</arg>
<arg>BR</arg>
<arg>BS</arg>
<arg>BT</arg>
<arg>BV</arg>
<arg>BW</arg>
<arg>BY</arg>
<arg>BZ</arg>
<arg>CA</arg>
<arg>CC</arg>
<arg>CD</arg>
<arg>CF</arg>
<arg>CG</arg>
<arg>CH</arg>
<arg>CI</arg>
<arg>CK</arg>
<arg>CL</arg>
<arg>CM</arg>
<arg>CN</arg>
<arg>CO</arg>
<arg>CR</arg>
<arg>CU</arg>
<arg>CV</arg>
<arg>CW</arg>
<arg>CX</arg>
<arg>CY</arg>
<arg>CZ</arg>
<arg>DE</arg>
<arg>DJ</arg>
<arg>DK</arg>
<arg>DM</arg>
<arg>DO</arg>
<arg>DZ</arg>
<arg>EC</arg>
<arg>EE</arg>
<arg>EG</arg>
<arg>EH</arg>
<arg>ER</arg>
<arg>ES</arg>
<arg>ET</arg>
<arg>FI</arg>
<arg>FJ</arg>
<arg>FK</arg>
<arg>FM</arg>
<arg>FO</arg>
<arg>FR</arg>
<arg>GA</arg>
<arg>GB</arg>
<arg>GD</arg>
<arg>GE</arg>
<arg>GF</arg>
<arg>GG</arg>
<arg>GH</arg>
<arg>GI</arg>
<arg>GL</arg>
<arg>GM</arg>
<arg>GN</arg>
<arg>GP</arg>
<arg>GQ</arg>
<arg>GR</arg>
<arg>GS</arg>
<arg>GT</arg>
<arg>GU</arg>
<arg>GW</arg>
<arg>GY</arg>
<arg>HK</arg>
<arg>HM</arg>
<arg>HN</arg>
<arg>HR</arg>
<arg>HT</arg>
<arg>HU</arg>
<arg>ID</arg>
<arg>IE</arg>
<arg>IL</arg>
<arg>IM</arg>
<arg>IN</arg>
<arg>IO</arg>
<arg>IQ</arg>
<arg>IR</arg>
<arg>IS</arg>
<arg>IT</arg>
<arg>JE</arg>
<arg>JM</arg>
<arg>JO</arg>
<arg>JP</arg>
<arg>KE</arg>
<arg>KG</arg>
<arg>KH</arg>
<arg>KI</arg>
<arg>KM</arg>
<arg>KN</arg>
<arg>KP</arg>
<arg>KR</arg>
<arg>KW</arg>
<arg>KY</arg>
<arg>KZ</arg>
<arg>LA</arg>
<arg>LB</arg>
<arg>LC</arg>
<arg>LI</arg>
<arg>LK</arg>
<arg>LR</arg>
<arg>LS</arg>
<arg>LT</arg>
<arg>LU</arg>
<arg>LV</arg>
<arg>LY</arg>
<arg>MA</arg>
<arg>MC</arg>
<arg>MD</arg>
<arg>ME</arg>
<arg>MF</arg>
<arg>MG</arg>
<arg>MH</arg>
<arg>MK</arg>
<arg>ML</arg>
<arg>MM</arg>
<arg>MN</arg>
<arg>MO</arg>
<arg>MP</arg>
<arg>MQ</arg>
<arg>MR</arg>
<arg>MS</arg>
<arg>MT</arg>
<arg>MU</arg>
<arg>MV</arg>
<arg>MW</arg>
<arg>MX</arg>
<arg>MY</arg>
<arg>MZ</arg>
<arg>NA</arg>
<arg>NC</arg>
<arg>NE</arg>
<arg>NF</arg>
<arg>NG</arg>
<arg>NI</arg>
<arg>NL</arg>
<arg>NO</arg>
<arg>NP</arg>
<arg>NR</arg>
<arg>NU</arg>
<arg>NZ</arg>
<arg>OM</arg>
<arg>PA</arg>
<arg>PE</arg>
<arg>PF</arg>
<arg>PG</arg>
<arg>PH</arg>
<arg>PK</arg>
<arg>PL</arg>
<arg>PM</arg>
<arg>PN</arg>
<arg>PR</arg>
<arg>PS</arg>
<arg>PT</arg>
<arg>PW</arg>
<arg>PY</arg>
<arg>QA</arg>
<arg>RE</arg>
<arg>RO</arg>
<arg>RS</arg>
<arg>RU</arg>
<arg>RW</arg>
<arg>SA</arg>
<arg>SB</arg>
<arg>SC</arg>
<arg>SD</arg>
<arg>SE</arg>
<arg>SG</arg>
<arg>SH</arg>
<arg>SI</arg>
<arg>SJ</arg>
<arg>SK</arg>
<arg>SL</arg>
<arg>SM</arg>
<arg>SN</arg>
<arg>SO</arg>
<arg>SR</arg>
<arg>SS</arg>
<arg>ST</arg>
<arg>SV</arg>
<arg>SX</arg>
<arg>SY</arg>
<arg>SZ</arg>
<arg>TC</arg>
<arg>TD</arg>
<arg>TF</arg>
<arg>TG</arg>
<arg>TH</arg>
<arg>TJ</arg>
<arg>TK</arg>
<arg>TL</arg>
<arg>TM</arg>
<arg>TN</arg>
<arg>TO</arg>
<arg>TR</arg>
<arg>TT</arg>
<arg>TV</arg>
<arg>TW</arg>
<arg>TZ</arg>
<arg>UA</arg>
<arg>UG</arg>
<arg>UM</arg>
<arg>US</arg>
<arg>UY</arg>
<arg>UZ</arg>
<arg>VA</arg>
<arg>VC</arg>
<arg>VE</arg>
<arg>VG</arg>
<arg>VI</arg>
<arg>VN</arg>
<arg>VU</arg>
<arg>WF</arg>
<arg>WS</arg>
<arg>XK</arg>
<arg>YE</arg>
<arg>YT</arg>
<arg>ZA</arg>
<arg>ZM</arg>
<arg>ZW</arg>
<doc>Returns a list containing given items.</doc>
<status status="PASS" start="2024-04-03T12:25:04.122255" elapsed="0.000632"/>
</kw>
<kw name="List Should Contain Value" owner="Collections">
<msg time="2024-04-03T12:25:04.124032" level="INFO">False</msg>
<arg>${list_country}</arg>
<arg>${name_country}</arg>
<doc>Fails if the ``value`` is not found from ``list``.</doc>
<status status="PASS" start="2024-04-03T12:25:04.123825" elapsed="0.000246"/>
</kw>
<kw name="Run Keyword If" owner="BuiltIn">
<kw name="Should Be True" owner="BuiltIn">
<arg>${True}</arg>
<doc>Fails if the given condition is not true.</doc>
<status status="PASS" start="2024-04-03T12:25:04.125144" elapsed="0.000149"/>
</kw>
<arg>${json_data["results"][0]["location"]["coordinates"]["latitude"]} &gt;= -90 and ${json_data["results"][0]["location"]["coordinates"]["latitude"]} &lt;= 90</arg>
<arg>Should Be True</arg>
<arg>${True}</arg>
<doc>Runs the given keyword with the given arguments, if ``condition`` is true.</doc>
<status status="PASS" start="2024-04-03T12:25:04.124388" elapsed="0.001038"/>
</kw>
<kw name="Run Keyword If" owner="BuiltIn">
<kw name="Should Be True" owner="BuiltIn">
<arg>${True}</arg>
<doc>Fails if the given condition is not true.</doc>
<status status="PASS" start="2024-04-03T12:25:04.126325" elapsed="0.000140"/>
</kw>
<arg>${json_data["results"][0]["location"]["coordinates"]["longitude"]} &gt;= -180 and ${json_data["results"][0]["location"]["coordinates"]["longitude"]} &lt;= 180</arg>
<arg>Should Be True</arg>
<arg>${True}</arg>
<doc>Runs the given keyword with the given arguments, if ``condition`` is true.</doc>
<status status="PASS" start="2024-04-03T12:25:04.125614" elapsed="0.000978"/>
</kw>
<status status="PASS" start="2024-04-03T12:25:04.038865" elapsed="0.087858"/>
</kw>
<doc>Testa o conteúdo específico dos campos retornados pela API.</doc>
<tag>testeConteudo</tag>
<status status="PASS" start="2024-04-03T12:25:04.038427" elapsed="0.088448"/>
</test>
<status status="PASS" start="2024-04-03T12:25:03.182015" elapsed="0.946800"/>
</suite>
<status status="PASS" start="2024-04-03T12:25:03.168140" elapsed="0.965980"/>
</suite>
<statistics>
<total>
<stat pass="5" fail="0" skip="0">All Tests</stat>
</total>
<tag>
<stat pass="1" fail="0" skip="0">testeConteudo</stat>
<stat pass="1" fail="0" skip="0">testeEstruturaResposta</stat>
<stat pass="1" fail="0" skip="0">testeRequisicaoBasica</stat>
<stat pass="1" fail="0" skip="0">testeTiposDados</stat>
</tag>
<suite>
<stat pass="5" fail="0" skip="0" id="s1" name="Tests">Tests</stat>
<stat pass="5" fail="0" skip="0" id="s1-s1" name="Random-User-Test">Tests.Random-User-Test</stat>
</suite>
</statistics>
<errors>
</errors>
</robot>
