<?xml version="1.0" encoding="UTF-8"?>
<robot generator="Robot 7.0.1 (Python 3.12.4 on linux)" generated="2024-08-09T09:17:53.419190" rpa="false" schemaversion="5">
<suite id="s1" name="Tests" source="/home/runner/work/ApiRandomUser/ApiRandomUser/RamdonUser/tests">
<suite id="s1-s1" name="Random-User-Test" source="/home/runner/work/ApiRandomUser/ApiRandomUser/RamdonUser/tests/random-user-test.robot">
<test id="s1-s1-t1" name="Conectar" line="13">
<kw name="Conectar API" owner="random-user-service">
<kw name="Create Session" owner="RequestsLibrary">
<msg time="2024-08-09T09:17:53.845921" level="INFO">Creating Session using : alias=consultarAPI, url=https://randomuser.me/, headers={},                     cookies={}, auth=None, timeout=None, proxies=None, verify=False,                     debug=0 </msg>
<arg>consultarAPI</arg>
<arg>${URL}</arg>
<doc>Create Session: create a HTTP session to a server</doc>
<status status="PASS" start="2024-08-09T09:17:53.845721" elapsed="0.000376"/>
</kw>
<status status="PASS" start="2024-08-09T09:17:53.844679" elapsed="0.001772"/>
</kw>
<status status="PASS" start="2024-08-09T09:17:53.844151" elapsed="0.002496"/>
</test>
<test id="s1-s1-t2" name="Validar retorno 200 e JSON Válido" line="16">
<kw name="Teste de Requisicao Basica" owner="random-user-service">
<kw name="GET On Session" owner="RequestsLibrary">
<msg time="2024-08-09T09:17:54.396298" level="INFO">GET Request : url=https://randomuser.me/api 
 path_url=/api 
 headers={'User-Agent': 'python-requests/2.32.3', 'Accept-Encoding': 'gzip, deflate', 'Accept': '*/*', 'Connection': 'keep-alive'} 
 body=None 
 </msg>
<msg time="2024-08-09T09:17:54.396467" level="INFO">GET Response : url=https://randomuser.me/api 
 status=200, reason=OK 
 headers={'Date': 'Fri, 09 Aug 2024 09:17:54 GMT', 'Content-Type': 'application/json; charset=utf-8', 'Transfer-Encoding': 'chunked', 'Connection': 'keep-alive', 'X-Powered-By': 'Express', 'Access-Control-Allow-Origin': '*', 'Cache-Control': 'no-cache', 'ETag': 'W/"479-wYaDoCENTpw2jw4adMHDSyGNnM8"', 'Vary': 'Accept-Encoding', 'Content-Encoding': 'gzip', 'CF-Cache-Status': 'DYNAMIC', 'Report-To': '{"endpoints":[{"url":"https:\\/\\/a.nel.cloudflare.com\\/report\\/v4?s=ZDtK%2FYP68Ndt0vEMrMEeDNtO4%2Bh9yC1T7vdnI0d4ZSnG6NAHZq%2BcFiur5NXqTQyQNVr8bzHd%2BBtAwGA1KD%2BZI74VXLSXq8ROSONJCd97tLDluhlCroXR0aZJ6R7dHVvS"}],"group":"cf-nel","max_age":604800}', 'NEL': '{"success_fraction":0,"report_to":"cf-nel","max_age":604800}', 'Server': 'cloudflare', 'CF-RAY': '8b06a7dc6bb8390e-IAD', 'alt-svc': 'h3=":443"; ma=86400'} 
 body={"results":[{"gender":"female","name":{"title":"Ms","first":"Surabhi","last":"Kouser"},"location":{"street":{"number":1577,"name":"College St"},"city":"Ramagundam","state":"Assam","country":"India","postcode":94609,"coordinates":{"latitude":"12.5084","longitude":"34.1992"},"timezone":{"offset":"-3:30","description":"Newfoundland"}},"email":"surabhi.kouser@example.com","login":{"uuid":"e7b423c1-f8aa-4bed-ad65-ba96b0b78155","username":"goldenpanda692","password":"highway","salt":"HQNU3161","md5":"3629a6e094ab3791651ff6a4a5b7fd95","sha1":"f323bcc26936ca97693a1f163c8086e5b74d23fd","sha256":"138114746c408411e2f4a19649a834a034a01a91743c787730af8a10ad3229c6"},"dob":{"date":"1977-03-22T09:09:43.804Z","age":47},"registered":{"date":"2010-01-10T18:42:53.829Z","age":14},"phone":"7745133559","cell":"9662203420","id":{"name":"UIDAI","value":"918162426571"},"picture":{"large":"https://randomuser.me/api/portraits/women/70.jpg","medium":"https://randomuser.me/api/portraits/med/women/70.jpg","thumbnail":"https://randomuser.me/api/portraits/thumb/women/70.jpg"},"nat":"IN"}],"info":{"seed":"a3e2c50a83fdd465","results":1,"page":1,"version":"1.4"}} 
 </msg>
<msg time="2024-08-09T09:17:54.396558" level="INFO">/opt/hostedtoolcache/Python/3.12.4/x64/lib/python3.12/site-packages/urllib3/connectionpool.py:1099: InsecureRequestWarning: Unverified HTTPS request is being made to host 'randomuser.me'. Adding certificate verification is strongly advised. See: https://urllib3.readthedocs.io/en/latest/advanced-usage.html#tls-warnings
  warnings.warn(</msg>
<msg time="2024-08-09T09:17:54.396717" level="INFO">${response} = &lt;Response [200]&gt;</msg>
<var>${response}</var>
<arg>consultarAPI</arg>
<arg>/api</arg>
<doc>Sends a GET request on a previously created HTTP Session.</doc>
<status status="PASS" start="2024-08-09T09:17:53.849226" elapsed="0.547535"/>
</kw>
<kw name="Should Be Equal As Numbers" owner="BuiltIn">
<msg time="2024-08-09T09:17:54.397736" level="INFO">Argument types are:
&lt;class 'int'&gt;
&lt;class 'str'&gt;</msg>
<arg>${response.status_code}</arg>
<arg>200</arg>
<doc>Fails if objects are unequal after converting them to real numbers.</doc>
<status status="PASS" start="2024-08-09T09:17:54.397288" elapsed="0.000510"/>
</kw>
<kw name="Log" owner="BuiltIn">
<msg time="2024-08-09T09:17:54.398467" level="INFO">200</msg>
<arg>${response.status_code}</arg>
<doc>Logs the given message with the given level.</doc>
<status status="PASS" start="2024-08-09T09:17:54.398106" elapsed="0.000402"/>
</kw>
<kw name="Set Variable" owner="BuiltIn">
<msg time="2024-08-09T09:17:54.399279" level="INFO">${json_data} = {'results': [{'gender': 'female', 'name': {'title': 'Ms', 'first': 'Surabhi', 'last': 'Kouser'}, 'location': {'street': {'number': 1577, 'name': 'College St'}, 'city': 'Ramagundam', 'state': 'Assam', ...</msg>
<var>${json_data}</var>
<arg>${response.json()}</arg>
<doc>Returns the given values which can then be assigned to a variables.</doc>
<status status="PASS" start="2024-08-09T09:17:54.398812" elapsed="0.000495"/>
</kw>
<kw name="Dictionary Should Contain Key" owner="Collections">
<arg>${json_data}</arg>
<arg>results</arg>
<doc>Fails if ``key`` is not found from ``dictionary``.</doc>
<status status="PASS" start="2024-08-09T09:17:54.399607" elapsed="0.000323"/>
</kw>
<status status="PASS" start="2024-08-09T09:17:53.848983" elapsed="0.551101"/>
</kw>
<doc>Testa se a API responde corretamente e retorna um objeto JSON válido.</doc>
<tag>testeRequisicaoBasica</tag>
<status status="PASS" start="2024-08-09T09:17:53.848536" elapsed="0.551724"/>
</test>
<test id="s1-s1-t3" name="Validar estrutura de resposta" line="22">
<kw name="Teste de Estrutura de Resposta" owner="random-user-service">
<kw name="GET On Session" owner="RequestsLibrary">
<msg time="2024-08-09T09:17:54.568091" level="INFO">GET Request : url=https://randomuser.me/api 
 path_url=/api 
 headers={'User-Agent': 'python-requests/2.32.3', 'Accept-Encoding': 'gzip, deflate', 'Accept': '*/*', 'Connection': 'keep-alive'} 
 body=None 
 </msg>
<msg time="2024-08-09T09:17:54.568192" level="INFO">GET Response : url=https://randomuser.me/api 
 status=200, reason=OK 
 headers={'Date': 'Fri, 09 Aug 2024 09:17:54 GMT', 'Content-Type': 'application/json; charset=utf-8', 'Transfer-Encoding': 'chunked', 'Connection': 'keep-alive', 'X-Powered-By': 'Express', 'Access-Control-Allow-Origin': '*', 'Cache-Control': 'no-cache', 'ETag': 'W/"493-wtSUIU+vEAWwMz+eDbt7ivm8ob0"', 'Vary': 'Accept-Encoding', 'Content-Encoding': 'gzip', 'CF-Cache-Status': 'DYNAMIC', 'Report-To': '{"endpoints":[{"url":"https:\\/\\/a.nel.cloudflare.com\\/report\\/v4?s=OUz5Ikk%2Fyo7Bt0B0BWdxfHL5gjQYork9lEgwvSznQPb7T%2FV%2FwEAxB1QE9gHq89EkC%2FoS95C5QoIWcFFZB2WQHt%2Beln13mABKEl1LKQLq9WTLFJSrgahT6n4hbuzvBGuF"}],"group":"cf-nel","max_age":604800}', 'NEL': '{"success_fraction":0,"report_to":"cf-nel","max_age":604800}', 'Server': 'cloudflare', 'CF-RAY': '8b06a7df0db0390e-IAD', 'alt-svc': 'h3=":443"; ma=86400'} 
 body={"results":[{"gender":"male","name":{"title":"Mr","first":"Jorge Luis","last":"Cepeda"},"location":{"street":{"number":9678,"name":"Callejón Zamora"},"city":"Rancho Nuevo de San Andrés","state":"Chihuahua","country":"Mexico","postcode":57294,"coordinates":{"latitude":"26.5992","longitude":"-3.0523"},"timezone":{"offset":"+4:30","description":"Kabul"}},"email":"jorgeluis.cepeda@example.com","login":{"uuid":"83af4a28-fb9f-406e-90bc-ca76ce786285","username":"sadrabbit830","password":"12345678","salt":"9TK0cz4t","md5":"72cac7c49a349ae5570d56c63f7420cd","sha1":"a5965611107cdcd852afdc6229da3b8ded43b191","sha256":"6bea85ff96f562cdf580d7101bae1298fbcfbfa35b2db85422bdb904121533de"},"dob":{"date":"1981-05-13T19:16:44.982Z","age":43},"registered":{"date":"2011-08-18T20:10:09.292Z","age":12},"phone":"(678) 454 1531","cell":"(680) 524 7590","id":{"name":"NSS","value":"73 19 47 6119 6"},"picture":{"large":"https://randomuser.me/api/portraits/men/39.jpg","medium":"https://randomuser.me/api/portraits/med/men/39.jpg","thumbnail":"https://randomuser.me/api/portraits/thumb/men/39.jpg"},"nat":"MX"}],"info":{"seed":"74317bf0ca59c93e","results":1,"page":1,"version":"1.4"}} 
 </msg>
<msg time="2024-08-09T09:17:54.568317" level="INFO">/opt/hostedtoolcache/Python/3.12.4/x64/lib/python3.12/site-packages/urllib3/connectionpool.py:1099: InsecureRequestWarning: Unverified HTTPS request is being made to host 'randomuser.me'. Adding certificate verification is strongly advised. See: https://urllib3.readthedocs.io/en/latest/advanced-usage.html#tls-warnings
  warnings.warn(</msg>
<msg time="2024-08-09T09:17:54.568464" level="INFO">${response} = &lt;Response [200]&gt;</msg>
<var>${response}</var>
<arg>consultarAPI</arg>
<arg>/api</arg>
<doc>Sends a GET request on a previously created HTTP Session.</doc>
<status status="PASS" start="2024-08-09T09:17:54.402905" elapsed="0.165604"/>
</kw>
<kw name="Set Variable" owner="BuiltIn">
<msg time="2024-08-09T09:17:54.569527" level="INFO">${json_data} = {'results': [{'gender': 'male', 'name': {'title': 'Mr', 'first': 'Jorge Luis', 'last': 'Cepeda'}, 'location': {'street': {'number': 9678, 'name': 'Callejón Zamora'}, 'city': 'Rancho Nuevo de San André...</msg>
<var>${json_data}</var>
<arg>${response.json()}</arg>
<doc>Returns the given values which can then be assigned to a variables.</doc>
<status status="PASS" start="2024-08-09T09:17:54.569009" elapsed="0.000547"/>
</kw>
<kw name="Log" owner="BuiltIn">
<msg time="2024-08-09T09:17:54.570021" level="INFO">{'results': [{'gender': 'male', 'name': {'title': 'Mr', 'first': 'Jorge Luis', 'last': 'Cepeda'}, 'location': {'street': {'number': 9678, 'name': 'Callejón Zamora'}, 'city': 'Rancho Nuevo de San Andrés', 'state': 'Chihuahua', 'country': 'Mexico', 'postcode': 57294, 'coordinates': {'latitude': '26.5992', 'longitude': '-3.0523'}, 'timezone': {'offset': '+4:30', 'description': 'Kabul'}}, 'email': 'jorgeluis.cepeda@example.com', 'login': {'uuid': '83af4a28-fb9f-406e-90bc-ca76ce786285', 'username': 'sadrabbit830', 'password': '12345678', 'salt': '9TK0cz4t', 'md5': '72cac7c49a349ae5570d56c63f7420cd', 'sha1': 'a5965611107cdcd852afdc6229da3b8ded43b191', 'sha256': '6bea85ff96f562cdf580d7101bae1298fbcfbfa35b2db85422bdb904121533de'}, 'dob': {'date': '1981-05-13T19:16:44.982Z', 'age': 43}, 'registered': {'date': '2011-08-18T20:10:09.292Z', 'age': 12}, 'phone': '(678) 454 1531', 'cell': '(680) 524 7590', 'id': {'name': 'NSS', 'value': '73 19 47 6119 6'}, 'picture': {'large': 'https://randomuser.me/api/portraits/men/39.jpg', 'medium': 'https://randomuser.me/api/portraits/med/men/39.jpg', 'thumbnail': 'https://randomuser.me/api/portraits/thumb/men/39.jpg'}, 'nat': 'MX'}], 'info': {'seed': '74317bf0ca59c93e', 'results': 1, 'page': 1, 'version': '1.4'}}</msg>
<arg>${json_data}</arg>
<doc>Logs the given message with the given level.</doc>
<status status="PASS" start="2024-08-09T09:17:54.569859" elapsed="0.000209"/>
</kw>
<kw name="Dictionary Should Contain Key" owner="Collections">
<arg>${json_data}</arg>
<arg>results</arg>
<doc>Fails if ``key`` is not found from ``dictionary``.</doc>
<status status="PASS" start="2024-08-09T09:17:54.570358" elapsed="0.000164"/>
</kw>
<kw name="Should Not Be Empty" owner="BuiltIn">
<msg time="2024-08-09T09:17:54.570829" level="INFO">Length is 2.</msg>
<arg>${json_data}</arg>
<doc>Verifies that the given item is not empty.</doc>
<status status="PASS" start="2024-08-09T09:17:54.570704" elapsed="0.000161"/>
</kw>
<kw name="Create List" owner="BuiltIn">
<msg time="2024-08-09T09:17:54.571351" level="INFO">${expected_keys} = ['gender', 'name', 'location', 'email', 'login']</msg>
<var>${expected_keys}</var>
<arg>gender</arg>
<arg>name</arg>
<arg>location</arg>
<arg>email</arg>
<arg>login</arg>
<doc>Returns a list containing given items.</doc>
<status status="PASS" start="2024-08-09T09:17:54.571193" elapsed="0.000182"/>
</kw>
<for flavor="IN">
<iter>
<kw name="Dictionary Should Contain Key" owner="Collections">
<arg>${json_data['results'][0]}</arg>
<arg>${key}</arg>
<doc>Fails if ``key`` is not found from ``dictionary``.</doc>
<status status="PASS" start="2024-08-09T09:17:54.571960" elapsed="0.000411"/>
</kw>
<kw name="Log" owner="BuiltIn">
<msg time="2024-08-09T09:17:54.572930" level="INFO">{'gender': 'male', 'name': {'title': 'Mr', 'first': 'Jorge Luis', 'last': 'Cepeda'}, 'location': {'street': {'number': 9678, 'name': 'Callejón Zamora'}, 'city': 'Rancho Nuevo de San Andrés', 'state': 'Chihuahua', 'country': 'Mexico', 'postcode': 57294, 'coordinates': {'latitude': '26.5992', 'longitude': '-3.0523'}, 'timezone': {'offset': '+4:30', 'description': 'Kabul'}}, 'email': 'jorgeluis.cepeda@example.com', 'login': {'uuid': '83af4a28-fb9f-406e-90bc-ca76ce786285', 'username': 'sadrabbit830', 'password': '12345678', 'salt': '9TK0cz4t', 'md5': '72cac7c49a349ae5570d56c63f7420cd', 'sha1': 'a5965611107cdcd852afdc6229da3b8ded43b191', 'sha256': '6bea85ff96f562cdf580d7101bae1298fbcfbfa35b2db85422bdb904121533de'}, 'dob': {'date': '1981-05-13T19:16:44.982Z', 'age': 43}, 'registered': {'date': '2011-08-18T20:10:09.292Z', 'age': 12}, 'phone': '(678) 454 1531', 'cell': '(680) 524 7590', 'id': {'name': 'NSS', 'value': '73 19 47 6119 6'}, 'picture': {'large': 'https://randomuser.me/api/portraits/men/39.jpg', 'medium': 'https://randomuser.me/api/portraits/med/men/39.jpg', 'thumbnail': 'https://randomuser.me/api/portraits/thumb/men/39.jpg'}, 'nat': 'MX'}</msg>
<arg>${json_data['results'][0]}</arg>
<doc>Logs the given message with the given level.</doc>
<status status="PASS" start="2024-08-09T09:17:54.572569" elapsed="0.000411"/>
</kw>
<kw name="Log" owner="BuiltIn">
<msg time="2024-08-09T09:17:54.573406" level="INFO">gender</msg>
<arg>${key}</arg>
<doc>Logs the given message with the given level.</doc>
<status status="PASS" start="2024-08-09T09:17:54.573278" elapsed="0.000165"/>
</kw>
<var name="${key}">gender</var>
<status status="PASS" start="2024-08-09T09:17:54.571838" elapsed="0.001819"/>
</iter>
<iter>
<kw name="Dictionary Should Contain Key" owner="Collections">
<arg>${json_data['results'][0]}</arg>
<arg>${key}</arg>
<doc>Fails if ``key`` is not found from ``dictionary``.</doc>
<status status="PASS" start="2024-08-09T09:17:54.573953" elapsed="0.000394"/>
</kw>
<kw name="Log" owner="BuiltIn">
<msg time="2024-08-09T09:17:54.574888" level="INFO">{'gender': 'male', 'name': {'title': 'Mr', 'first': 'Jorge Luis', 'last': 'Cepeda'}, 'location': {'street': {'number': 9678, 'name': 'Callejón Zamora'}, 'city': 'Rancho Nuevo de San Andrés', 'state': 'Chihuahua', 'country': 'Mexico', 'postcode': 57294, 'coordinates': {'latitude': '26.5992', 'longitude': '-3.0523'}, 'timezone': {'offset': '+4:30', 'description': 'Kabul'}}, 'email': 'jorgeluis.cepeda@example.com', 'login': {'uuid': '83af4a28-fb9f-406e-90bc-ca76ce786285', 'username': 'sadrabbit830', 'password': '12345678', 'salt': '9TK0cz4t', 'md5': '72cac7c49a349ae5570d56c63f7420cd', 'sha1': 'a5965611107cdcd852afdc6229da3b8ded43b191', 'sha256': '6bea85ff96f562cdf580d7101bae1298fbcfbfa35b2db85422bdb904121533de'}, 'dob': {'date': '1981-05-13T19:16:44.982Z', 'age': 43}, 'registered': {'date': '2011-08-18T20:10:09.292Z', 'age': 12}, 'phone': '(678) 454 1531', 'cell': '(680) 524 7590', 'id': {'name': 'NSS', 'value': '73 19 47 6119 6'}, 'picture': {'large': 'https://randomuser.me/api/portraits/men/39.jpg', 'medium': 'https://randomuser.me/api/portraits/med/men/39.jpg', 'thumbnail': 'https://randomuser.me/api/portraits/thumb/men/39.jpg'}, 'nat': 'MX'}</msg>
<arg>${json_data['results'][0]}</arg>
<doc>Logs the given message with the given level.</doc>
<status status="PASS" start="2024-08-09T09:17:54.574530" elapsed="0.000449"/>
</kw>
<kw name="Log" owner="BuiltIn">
<msg time="2024-08-09T09:17:54.575457" level="INFO">name</msg>
<arg>${key}</arg>
<doc>Logs the given message with the given level.</doc>
<status status="PASS" start="2024-08-09T09:17:54.575328" elapsed="0.000165"/>
</kw>
<var name="${key}">name</var>
<status status="PASS" start="2024-08-09T09:17:54.573839" elapsed="0.001917"/>
</iter>
<iter>
<kw name="Dictionary Should Contain Key" owner="Collections">
<arg>${json_data['results'][0]}</arg>
<arg>${key}</arg>
<doc>Fails if ``key`` is not found from ``dictionary``.</doc>
<status status="PASS" start="2024-08-09T09:17:54.576056" elapsed="0.000376"/>
</kw>
<kw name="Log" owner="BuiltIn">
<msg time="2024-08-09T09:17:54.576979" level="INFO">{'gender': 'male', 'name': {'title': 'Mr', 'first': 'Jorge Luis', 'last': 'Cepeda'}, 'location': {'street': {'number': 9678, 'name': 'Callejón Zamora'}, 'city': 'Rancho Nuevo de San Andrés', 'state': 'Chihuahua', 'country': 'Mexico', 'postcode': 57294, 'coordinates': {'latitude': '26.5992', 'longitude': '-3.0523'}, 'timezone': {'offset': '+4:30', 'description': 'Kabul'}}, 'email': 'jorgeluis.cepeda@example.com', 'login': {'uuid': '83af4a28-fb9f-406e-90bc-ca76ce786285', 'username': 'sadrabbit830', 'password': '12345678', 'salt': '9TK0cz4t', 'md5': '72cac7c49a349ae5570d56c63f7420cd', 'sha1': 'a5965611107cdcd852afdc6229da3b8ded43b191', 'sha256': '6bea85ff96f562cdf580d7101bae1298fbcfbfa35b2db85422bdb904121533de'}, 'dob': {'date': '1981-05-13T19:16:44.982Z', 'age': 43}, 'registered': {'date': '2011-08-18T20:10:09.292Z', 'age': 12}, 'phone': '(678) 454 1531', 'cell': '(680) 524 7590', 'id': {'name': 'NSS', 'value': '73 19 47 6119 6'}, 'picture': {'large': 'https://randomuser.me/api/portraits/men/39.jpg', 'medium': 'https://randomuser.me/api/portraits/med/men/39.jpg', 'thumbnail': 'https://randomuser.me/api/portraits/thumb/men/39.jpg'}, 'nat': 'MX'}</msg>
<arg>${json_data['results'][0]}</arg>
<doc>Logs the given message with the given level.</doc>
<status status="PASS" start="2024-08-09T09:17:54.576623" elapsed="0.000403"/>
</kw>
<kw name="Log" owner="BuiltIn">
<msg time="2024-08-09T09:17:54.577459" level="INFO">location</msg>
<arg>${key}</arg>
<doc>Logs the given message with the given level.</doc>
<status status="PASS" start="2024-08-09T09:17:54.577330" elapsed="0.000164"/>
</kw>
<var name="${key}">location</var>
<status status="PASS" start="2024-08-09T09:17:54.575945" elapsed="0.001764"/>
</iter>
<iter>
<kw name="Dictionary Should Contain Key" owner="Collections">
<arg>${json_data['results'][0]}</arg>
<arg>${key}</arg>
<doc>Fails if ``key`` is not found from ``dictionary``.</doc>
<status status="PASS" start="2024-08-09T09:17:54.577986" elapsed="0.000383"/>
</kw>
<kw name="Log" owner="BuiltIn">
<msg time="2024-08-09T09:17:54.579048" level="INFO">{'gender': 'male', 'name': {'title': 'Mr', 'first': 'Jorge Luis', 'last': 'Cepeda'}, 'location': {'street': {'number': 9678, 'name': 'Callejón Zamora'}, 'city': 'Rancho Nuevo de San Andrés', 'state': 'Chihuahua', 'country': 'Mexico', 'postcode': 57294, 'coordinates': {'latitude': '26.5992', 'longitude': '-3.0523'}, 'timezone': {'offset': '+4:30', 'description': 'Kabul'}}, 'email': 'jorgeluis.cepeda@example.com', 'login': {'uuid': '83af4a28-fb9f-406e-90bc-ca76ce786285', 'username': 'sadrabbit830', 'password': '12345678', 'salt': '9TK0cz4t', 'md5': '72cac7c49a349ae5570d56c63f7420cd', 'sha1': 'a5965611107cdcd852afdc6229da3b8ded43b191', 'sha256': '6bea85ff96f562cdf580d7101bae1298fbcfbfa35b2db85422bdb904121533de'}, 'dob': {'date': '1981-05-13T19:16:44.982Z', 'age': 43}, 'registered': {'date': '2011-08-18T20:10:09.292Z', 'age': 12}, 'phone': '(678) 454 1531', 'cell': '(680) 524 7590', 'id': {'name': 'NSS', 'value': '73 19 47 6119 6'}, 'picture': {'large': 'https://randomuser.me/api/portraits/men/39.jpg', 'medium': 'https://randomuser.me/api/portraits/med/men/39.jpg', 'thumbnail': 'https://randomuser.me/api/portraits/thumb/men/39.jpg'}, 'nat': 'MX'}</msg>
<arg>${json_data['results'][0]}</arg>
<doc>Logs the given message with the given level.</doc>
<status status="PASS" start="2024-08-09T09:17:54.578670" elapsed="0.000441"/>
</kw>
<kw name="Log" owner="BuiltIn">
<msg time="2024-08-09T09:17:54.579549" level="INFO">email</msg>
<arg>${key}</arg>
<doc>Logs the given message with the given level.</doc>
<status status="PASS" start="2024-08-09T09:17:54.579421" elapsed="0.000166"/>
</kw>
<var name="${key}">email</var>
<status status="PASS" start="2024-08-09T09:17:54.577878" elapsed="0.001926"/>
</iter>
<iter>
<kw name="Dictionary Should Contain Key" owner="Collections">
<arg>${json_data['results'][0]}</arg>
<arg>${key}</arg>
<doc>Fails if ``key`` is not found from ``dictionary``.</doc>
<status status="PASS" start="2024-08-09T09:17:54.580087" elapsed="0.000376"/>
</kw>
<kw name="Log" owner="BuiltIn">
<msg time="2024-08-09T09:17:54.580991" level="INFO">{'gender': 'male', 'name': {'title': 'Mr', 'first': 'Jorge Luis', 'last': 'Cepeda'}, 'location': {'street': {'number': 9678, 'name': 'Callejón Zamora'}, 'city': 'Rancho Nuevo de San Andrés', 'state': 'Chihuahua', 'country': 'Mexico', 'postcode': 57294, 'coordinates': {'latitude': '26.5992', 'longitude': '-3.0523'}, 'timezone': {'offset': '+4:30', 'description': 'Kabul'}}, 'email': 'jorgeluis.cepeda@example.com', 'login': {'uuid': '83af4a28-fb9f-406e-90bc-ca76ce786285', 'username': 'sadrabbit830', 'password': '12345678', 'salt': '9TK0cz4t', 'md5': '72cac7c49a349ae5570d56c63f7420cd', 'sha1': 'a5965611107cdcd852afdc6229da3b8ded43b191', 'sha256': '6bea85ff96f562cdf580d7101bae1298fbcfbfa35b2db85422bdb904121533de'}, 'dob': {'date': '1981-05-13T19:16:44.982Z', 'age': 43}, 'registered': {'date': '2011-08-18T20:10:09.292Z', 'age': 12}, 'phone': '(678) 454 1531', 'cell': '(680) 524 7590', 'id': {'name': 'NSS', 'value': '73 19 47 6119 6'}, 'picture': {'large': 'https://randomuser.me/api/portraits/men/39.jpg', 'medium': 'https://randomuser.me/api/portraits/med/men/39.jpg', 'thumbnail': 'https://randomuser.me/api/portraits/thumb/men/39.jpg'}, 'nat': 'MX'}</msg>
<arg>${json_data['results'][0]}</arg>
<doc>Logs the given message with the given level.</doc>
<status status="PASS" start="2024-08-09T09:17:54.580644" elapsed="0.000404"/>
</kw>
<kw name="Log" owner="BuiltIn">
<msg time="2024-08-09T09:17:54.581474" level="INFO">login</msg>
<arg>${key}</arg>
<doc>Logs the given message with the given level.</doc>
<status status="PASS" start="2024-08-09T09:17:54.581347" elapsed="0.000163"/>
</kw>
<var name="${key}">login</var>
<status status="PASS" start="2024-08-09T09:17:54.579979" elapsed="0.001752"/>
</iter>
<var>${key}</var>
<value>@{expected_keys}</value>
<status status="PASS" start="2024-08-09T09:17:54.571637" elapsed="0.010216"/>
</for>
<kw name="Create List" owner="BuiltIn">
<msg time="2024-08-09T09:17:54.582177" level="INFO">${expected_keysTwo} = ['username', 'password']</msg>
<var>${expected_keysTwo}</var>
<arg>username</arg>
<arg>password</arg>
<doc>Returns a list containing given items.</doc>
<status status="PASS" start="2024-08-09T09:17:54.582043" elapsed="0.000191"/>
</kw>
<for flavor="IN">
<iter>
<kw name="Dictionary Should Contain Key" owner="Collections">
<arg>${json_data['results'][0]['login']}</arg>
<arg>${keyTwo}</arg>
<doc>Fails if ``key`` is not found from ``dictionary``.</doc>
<status status="PASS" start="2024-08-09T09:17:54.582742" elapsed="0.000424"/>
</kw>
<kw name="Dictionary Should Contain Key" owner="Collections">
<arg>${json_data['results'][0]['login']}</arg>
<arg>${keyTwo}</arg>
<doc>Fails if ``key`` is not found from ``dictionary``.</doc>
<status status="PASS" start="2024-08-09T09:17:54.583348" elapsed="0.000376"/>
</kw>
<kw name="Log" owner="BuiltIn">
<msg time="2024-08-09T09:17:54.584018" level="INFO">username</msg>
<arg>${keyTwo}</arg>
<doc>Logs the given message with the given level.</doc>
<status status="PASS" start="2024-08-09T09:17:54.583899" elapsed="0.000156"/>
</kw>
<var name="${keyTwo}">username</var>
<status status="PASS" start="2024-08-09T09:17:54.582634" elapsed="0.001639"/>
</iter>
<iter>
<kw name="Dictionary Should Contain Key" owner="Collections">
<arg>${json_data['results'][0]['login']}</arg>
<arg>${keyTwo}</arg>
<doc>Fails if ``key`` is not found from ``dictionary``.</doc>
<status status="PASS" start="2024-08-09T09:17:54.584549" elapsed="0.000384"/>
</kw>
<kw name="Dictionary Should Contain Key" owner="Collections">
<arg>${json_data['results'][0]['login']}</arg>
<arg>${keyTwo}</arg>
<doc>Fails if ``key`` is not found from ``dictionary``.</doc>
<status status="PASS" start="2024-08-09T09:17:54.585111" elapsed="0.000373"/>
</kw>
<kw name="Log" owner="BuiltIn">
<msg time="2024-08-09T09:17:54.585789" level="INFO">password</msg>
<arg>${keyTwo}</arg>
<doc>Logs the given message with the given level.</doc>
<status status="PASS" start="2024-08-09T09:17:54.585658" elapsed="0.000167"/>
</kw>
<var name="${keyTwo}">password</var>
<status status="PASS" start="2024-08-09T09:17:54.584443" elapsed="0.001599"/>
</iter>
<var>${keyTwo}</var>
<value>@{expected_keysTwo}</value>
<status status="PASS" start="2024-08-09T09:17:54.582482" elapsed="0.003678"/>
</for>
<status status="PASS" start="2024-08-09T09:17:54.402672" elapsed="0.183628"/>
</kw>
<doc>Testa a estrutura da resposta da API.</doc>
<tag>testeEstruturaResposta</tag>
<status status="PASS" start="2024-08-09T09:17:54.402060" elapsed="0.184395"/>
</test>
<test id="s1-s1-t4" name="Validar tipos de dados" line="28">
<kw name="Teste de Tipos de Dados" owner="random-user-service">
<kw name="GET On Session" owner="RequestsLibrary">
<msg time="2024-08-09T09:17:54.616253" level="INFO">GET Request : url=https://randomuser.me/api 
 path_url=/api 
 headers={'User-Agent': 'python-requests/2.32.3', 'Accept-Encoding': 'gzip, deflate', 'Accept': '*/*', 'Connection': 'keep-alive'} 
 body=None 
 </msg>
<msg time="2024-08-09T09:17:54.616327" level="INFO">GET Response : url=https://randomuser.me/api 
 status=200, reason=OK 
 headers={'Date': 'Fri, 09 Aug 2024 09:17:54 GMT', 'Content-Type': 'application/json; charset=utf-8', 'Transfer-Encoding': 'chunked', 'Connection': 'keep-alive', 'X-Powered-By': 'Express', 'Access-Control-Allow-Origin': '*', 'Cache-Control': 'no-cache', 'ETag': 'W/"480-Z5QuDEDZ07Gd5KG89bwfwTGXSnI"', 'Vary': 'Accept-Encoding', 'Content-Encoding': 'gzip', 'CF-Cache-Status': 'DYNAMIC', 'Report-To': '{"endpoints":[{"url":"https:\\/\\/a.nel.cloudflare.com\\/report\\/v4?s=7FIbgtaQk%2BfK9F4mwiMX7zyCgOl2geSmMdQEYbPqwb%2BB9RftUx3PVDYboHVW60bDNcBt51UiAK5%2Fa8QyJxhILxX5ojAFL76RhdEv0YEIHcQQ0ZYsyyEFMPl9GQkTRbsR"}],"group":"cf-nel","max_age":604800}', 'NEL': '{"success_fraction":0,"report_to":"cf-nel","max_age":604800}', 'Server': 'cloudflare', 'CF-RAY': '8b06a7e03e93390e-IAD', 'alt-svc': 'h3=":443"; ma=86400'} 
 body={"results":[{"gender":"male","name":{"title":"Mr","first":"Ezra","last":"King"},"location":{"street":{"number":4318,"name":"Theodosia Street"},"city":"Auckland","state":"Gisborne","country":"New Zealand","postcode":15321,"coordinates":{"latitude":"49.5019","longitude":"-4.6308"},"timezone":{"offset":"+5:30","description":"Bombay, Calcutta, Madras, New Delhi"}},"email":"ezra.king@example.com","login":{"uuid":"56b6e030-9102-419b-8273-15848b44c9b5","username":"heavyduck192","password":"blond","salt":"MecjeMUY","md5":"2996bf529519bdb91dabe3d58a454b44","sha1":"98081f458f1587550ec448283eb0c5d2624ddb45","sha256":"396a3005b73b28e3851a3be93066781b30b265886ec23ac1d45793194152849e"},"dob":{"date":"1963-08-28T15:40:55.884Z","age":60},"registered":{"date":"2012-11-17T07:53:40.263Z","age":11},"phone":"(572)-276-6322","cell":"(800)-997-3230","id":{"name":"","value":null},"picture":{"large":"https://randomuser.me/api/portraits/men/28.jpg","medium":"https://randomuser.me/api/portraits/med/men/28.jpg","thumbnail":"https://randomuser.me/api/portraits/thumb/men/28.jpg"},"nat":"NZ"}],"info":{"seed":"51dd86ea2502bef2","results":1,"page":1,"version":"1.4"}} 
 </msg>
<msg time="2024-08-09T09:17:54.616393" level="INFO">/opt/hostedtoolcache/Python/3.12.4/x64/lib/python3.12/site-packages/urllib3/connectionpool.py:1099: InsecureRequestWarning: Unverified HTTPS request is being made to host 'randomuser.me'. Adding certificate verification is strongly advised. See: https://urllib3.readthedocs.io/en/latest/advanced-usage.html#tls-warnings
  warnings.warn(</msg>
<msg time="2024-08-09T09:17:54.616515" level="INFO">${response} = &lt;Response [200]&gt;</msg>
<var>${response}</var>
<arg>consultarAPI</arg>
<arg>/api</arg>
<doc>Sends a GET request on a previously created HTTP Session.</doc>
<status status="PASS" start="2024-08-09T09:17:54.589019" elapsed="0.027545"/>
</kw>
<kw name="Set Variable" owner="BuiltIn">
<msg time="2024-08-09T09:17:54.617514" level="INFO">${json_data} = {'results': [{'gender': 'male', 'name': {'title': 'Mr', 'first': 'Ezra', 'last': 'King'}, 'location': {'street': {'number': 4318, 'name': 'Theodosia Street'}, 'city': 'Auckland', 'state': 'Gisborne', ...</msg>
<var>${json_data}</var>
<arg>${response.json()}</arg>
<doc>Returns the given values which can then be assigned to a variables.</doc>
<status status="PASS" start="2024-08-09T09:17:54.617042" elapsed="0.000501"/>
</kw>
<kw name="Log" owner="BuiltIn">
<msg time="2024-08-09T09:17:54.617993" level="INFO">{'results': [{'gender': 'male', 'name': {'title': 'Mr', 'first': 'Ezra', 'last': 'King'}, 'location': {'street': {'number': 4318, 'name': 'Theodosia Street'}, 'city': 'Auckland', 'state': 'Gisborne', 'country': 'New Zealand', 'postcode': 15321, 'coordinates': {'latitude': '49.5019', 'longitude': '-4.6308'}, 'timezone': {'offset': '+5:30', 'description': 'Bombay, Calcutta, Madras, New Delhi'}}, 'email': 'ezra.king@example.com', 'login': {'uuid': '56b6e030-9102-419b-8273-15848b44c9b5', 'username': 'heavyduck192', 'password': 'blond', 'salt': 'MecjeMUY', 'md5': '2996bf529519bdb91dabe3d58a454b44', 'sha1': '98081f458f1587550ec448283eb0c5d2624ddb45', 'sha256': '396a3005b73b28e3851a3be93066781b30b265886ec23ac1d45793194152849e'}, 'dob': {'date': '1963-08-28T15:40:55.884Z', 'age': 60}, 'registered': {'date': '2012-11-17T07:53:40.263Z', 'age': 11}, 'phone': '(572)-276-6322', 'cell': '(800)-997-3230', 'id': {'name': '', 'value': None}, 'picture': {'large': 'https://randomuser.me/api/portraits/men/28.jpg', 'medium': 'https://randomuser.me/api/portraits/med/men/28.jpg', 'thumbnail': 'https://randomuser.me/api/portraits/thumb/men/28.jpg'}, 'nat': 'NZ'}], 'info': {'seed': '51dd86ea2502bef2', 'results': 1, 'page': 1, 'version': '1.4'}}</msg>
<arg>${json_data}</arg>
<doc>Logs the given message with the given level.</doc>
<status status="PASS" start="2024-08-09T09:17:54.617843" elapsed="0.000198"/>
</kw>
<kw name="Should Be String" owner="String">
<arg>${json_data['results'][0]['gender']}</arg>
<doc>Fails if the given ``item`` is not a string.</doc>
<status status="PASS" start="2024-08-09T09:17:54.618329" elapsed="0.000361"/>
</kw>
<kw name="Should Match Regexp" owner="BuiltIn">
<arg>${json_data['results'][0]['email']}</arg>
<arg>^[a-zA-Z0-9._%+-]+@[a-zA-Z0-9.-]+\.[a-zA-Z]{2,}$</arg>
<doc>Fails if ``string`` does not match ``pattern`` as a regular expression.</doc>
<status status="PASS" start="2024-08-09T09:17:54.618884" elapsed="0.000541"/>
</kw>
<kw name="Should Match Regexp" owner="BuiltIn">
<arg>${json_data['results'][0]['dob']['date']}</arg>
<arg>\\d{4}-\\d{2}-\\d{2}T\\d{2}:\\d{2}:\\d{2}\\.\\d{3}Z</arg>
<doc>Fails if ``string`` does not match ``pattern`` as a regular expression.</doc>
<status status="PASS" start="2024-08-09T09:17:54.619655" elapsed="0.000667"/>
</kw>
<kw name="Should Match Regexp" owner="BuiltIn">
<arg>${json_data['results'][0]['registered']['date']}</arg>
<arg>\\d{4}-\\d{2}-\\d{2}T\\d{2}:\\d{2}:\\d{2}\\.\\d{3}Z</arg>
<doc>Fails if ``string`` does not match ``pattern`` as a regular expression.</doc>
<status status="PASS" start="2024-08-09T09:17:54.620519" elapsed="0.000374"/>
</kw>
<kw name="Should Match Regexp" owner="BuiltIn">
<arg>${json_data['results'][0]['picture']['large']}</arg>
<arg>^https?://.*\.(?:png|jpe?g|gif|bmp)$</arg>
<doc>Fails if ``string`` does not match ``pattern`` as a regular expression.</doc>
<status status="PASS" start="2024-08-09T09:17:54.621081" elapsed="0.000459"/>
</kw>
<kw name="Should Match Regexp" owner="BuiltIn">
<arg>${json_data['results'][0]['picture']['medium']}</arg>
<arg>^https?://.*\.(?:png|jpe?g|gif|bmp)$</arg>
<doc>Fails if ``string`` does not match ``pattern`` as a regular expression.</doc>
<status status="PASS" start="2024-08-09T09:17:54.621729" elapsed="0.000354"/>
</kw>
<kw name="Should Match Regexp" owner="BuiltIn">
<arg>${json_data['results'][0]['picture']['thumbnail']}</arg>
<arg>^https?://.*\.(?:png|jpe?g|gif|bmp)$</arg>
<doc>Fails if ``string`` does not match ``pattern`` as a regular expression.</doc>
<status status="PASS" start="2024-08-09T09:17:54.622263" elapsed="0.000349"/>
</kw>
<kw name="Log" owner="BuiltIn">
<msg time="2024-08-09T09:17:54.623151" level="INFO">{'large': 'https://randomuser.me/api/portraits/men/28.jpg', 'medium': 'https://randomuser.me/api/portraits/med/men/28.jpg', 'thumbnail': 'https://randomuser.me/api/portraits/thumb/men/28.jpg'}</msg>
<arg>${json_data['results'][0]['picture']}</arg>
<doc>Logs the given message with the given level.</doc>
<status status="PASS" start="2024-08-09T09:17:54.622791" elapsed="0.000403"/>
</kw>
<status status="PASS" start="2024-08-09T09:17:54.588796" elapsed="0.034655"/>
</kw>
<kw name="Teste de Tipos de Dados - Postcode" owner="random-user-service">
<kw name="GET On Session" owner="RequestsLibrary">
<msg time="2024-08-09T09:17:54.719197" level="INFO">GET Request : url=https://randomuser.me/api 
 path_url=/api 
 headers={'User-Agent': 'python-requests/2.32.3', 'Accept-Encoding': 'gzip, deflate', 'Accept': '*/*', 'Connection': 'keep-alive'} 
 body=None 
 </msg>
<msg time="2024-08-09T09:17:54.719261" level="INFO">GET Response : url=https://randomuser.me/api 
 status=200, reason=OK 
 headers={'Date': 'Fri, 09 Aug 2024 09:17:54 GMT', 'Content-Type': 'application/json; charset=utf-8', 'Transfer-Encoding': 'chunked', 'Connection': 'keep-alive', 'X-Powered-By': 'Express', 'Access-Control-Allow-Origin': '*', 'Cache-Control': 'no-cache', 'ETag': 'W/"48f-kyRfwD8XE1Dj14opY2JNll4IShU"', 'Vary': 'Accept-Encoding', 'Content-Encoding': 'gzip', 'CF-Cache-Status': 'DYNAMIC', 'Report-To': '{"endpoints":[{"url":"https:\\/\\/a.nel.cloudflare.com\\/report\\/v4?s=9k2KA%2FRZZBUXlaVZ%2F7bWaStOjDQuPxOI0QSj7XeWJh07U8q5SRQOE6yqg61pG%2F%2BWHOx%2BtRMseD3nbuLSa1lt1gGq5WgwlFLQaIO4zKJacVXI6OP%2FcqHSTy1s9lz8475k"}],"group":"cf-nel","max_age":604800}', 'NEL': '{"success_fraction":0,"report_to":"cf-nel","max_age":604800}', 'Server': 'cloudflare', 'CF-RAY': '8b06a7e06ec4390e-IAD', 'alt-svc': 'h3=":443"; ma=86400'} 
 body={"results":[{"gender":"male","name":{"title":"Mr","first":"Konsta","last":"Hokkanen"},"location":{"street":{"number":9103,"name":"Aleksanterinkatu"},"city":"Kajaani","state":"Pirkanmaa","country":"Finland","postcode":72061,"coordinates":{"latitude":"-26.2537","longitude":"-170.6961"},"timezone":{"offset":"-7:00","description":"Mountain Time (US &amp; Canada)"}},"email":"konsta.hokkanen@example.com","login":{"uuid":"722e038b-b598-4c0f-ba1d-ee6c867e652e","username":"bigswan891","password":"patch","salt":"RuKIVd0m","md5":"8b54fc742e65601fe29a4b48af6dc315","sha1":"bc58da59570e30f1166c6f5047665ba3fbdd56df","sha256":"ed61e00e03b3f8dfd3e6affa21012e1999314e2574c0d1f197a16cf5a5f2dcf6"},"dob":{"date":"1996-03-29T17:24:21.244Z","age":28},"registered":{"date":"2010-10-15T07:17:33.717Z","age":13},"phone":"06-449-431","cell":"049-414-11-74","id":{"name":"HETU","value":"NaNNA597undefined"},"picture":{"large":"https://randomuser.me/api/portraits/men/78.jpg","medium":"https://randomuser.me/api/portraits/med/men/78.jpg","thumbnail":"https://randomuser.me/api/portraits/thumb/men/78.jpg"},"nat":"FI"}],"info":{"seed":"fbda3adf103bca00","results":1,"page":1,"version":"1.4"}} 
 </msg>
<msg time="2024-08-09T09:17:54.719319" level="INFO">/opt/hostedtoolcache/Python/3.12.4/x64/lib/python3.12/site-packages/urllib3/connectionpool.py:1099: InsecureRequestWarning: Unverified HTTPS request is being made to host 'randomuser.me'. Adding certificate verification is strongly advised. See: https://urllib3.readthedocs.io/en/latest/advanced-usage.html#tls-warnings
  warnings.warn(</msg>
<msg time="2024-08-09T09:17:54.719410" level="INFO">${response} = &lt;Response [200]&gt;</msg>
<var>${response}</var>
<arg>consultarAPI</arg>
<arg>/api</arg>
<doc>Sends a GET request on a previously created HTTP Session.</doc>
<status status="PASS" start="2024-08-09T09:17:54.623884" elapsed="0.095555"/>
</kw>
<kw name="Set Variable" owner="BuiltIn">
<msg time="2024-08-09T09:17:54.720339" level="INFO">${json_data} = {'results': [{'gender': 'male', 'name': {'title': 'Mr', 'first': 'Konsta', 'last': 'Hokkanen'}, 'location': {'street': {'number': 9103, 'name': 'Aleksanterinkatu'}, 'city': 'Kajaani', 'state': 'Pirkan...</msg>
<var>${json_data}</var>
<arg>${response.json()}</arg>
<doc>Returns the given values which can then be assigned to a variables.</doc>
<status status="PASS" start="2024-08-09T09:17:54.719882" elapsed="0.000485"/>
</kw>
<kw name="Log" owner="BuiltIn">
<msg time="2024-08-09T09:17:54.720821" level="INFO">{'results': [{'gender': 'male', 'name': {'title': 'Mr', 'first': 'Konsta', 'last': 'Hokkanen'}, 'location': {'street': {'number': 9103, 'name': 'Aleksanterinkatu'}, 'city': 'Kajaani', 'state': 'Pirkanmaa', 'country': 'Finland', 'postcode': 72061, 'coordinates': {'latitude': '-26.2537', 'longitude': '-170.6961'}, 'timezone': {'offset': '-7:00', 'description': 'Mountain Time (US &amp; Canada)'}}, 'email': 'konsta.hokkanen@example.com', 'login': {'uuid': '722e038b-b598-4c0f-ba1d-ee6c867e652e', 'username': 'bigswan891', 'password': 'patch', 'salt': 'RuKIVd0m', 'md5': '8b54fc742e65601fe29a4b48af6dc315', 'sha1': 'bc58da59570e30f1166c6f5047665ba3fbdd56df', 'sha256': 'ed61e00e03b3f8dfd3e6affa21012e1999314e2574c0d1f197a16cf5a5f2dcf6'}, 'dob': {'date': '1996-03-29T17:24:21.244Z', 'age': 28}, 'registered': {'date': '2010-10-15T07:17:33.717Z', 'age': 13}, 'phone': '06-449-431', 'cell': '049-414-11-74', 'id': {'name': 'HETU', 'value': 'NaNNA597undefined'}, 'picture': {'large': 'https://randomuser.me/api/portraits/men/78.jpg', 'medium': 'https://randomuser.me/api/portraits/med/men/78.jpg', 'thumbnail': 'https://randomuser.me/api/portraits/thumb/men/78.jpg'}, 'nat': 'FI'}], 'info': {'seed': 'fbda3adf103bca00', 'results': 1, 'page': 1, 'version': '1.4'}}</msg>
<arg>${json_data}</arg>
<doc>Logs the given message with the given level.</doc>
<status status="PASS" start="2024-08-09T09:17:54.720670" elapsed="0.000199"/>
</kw>
<kw name="Should Be Equal As Numbers" owner="BuiltIn">
<arg>${json_data['results'][0]['location']['postcode']}</arg>
<arg>${json_data['results'][0]['location']['postcode']}</arg>
<doc>Fails if objects are unequal after converting them to real numbers.</doc>
<status status="PASS" start="2024-08-09T09:17:54.721164" elapsed="0.000618"/>
</kw>
<kw name="Log" owner="BuiltIn">
<msg time="2024-08-09T09:17:54.722313" level="INFO">72061</msg>
<arg>${json_data['results'][0]['location']['postcode']}</arg>
<doc>Logs the given message with the given level.</doc>
<status status="PASS" start="2024-08-09T09:17:54.721973" elapsed="0.000382"/>
</kw>
<status status="PASS" start="2024-08-09T09:17:54.623669" elapsed="0.098961"/>
</kw>
<doc>Testa se os tipos de dados na resposta da API estão corretos.</doc>
<tag>testeTiposDados</tag>
<status status="PASS" start="2024-08-09T09:17:54.588247" elapsed="0.134543"/>
</test>
<test id="s1-s1-t5" name="Validar conteudo" line="35">
<kw name="Teste de Tipos de Conteudo" owner="random-user-service">
<kw name="GET On Session" owner="RequestsLibrary">
<msg time="2024-08-09T09:17:54.816891" level="INFO">GET Request : url=https://randomuser.me/api 
 path_url=/api 
 headers={'User-Agent': 'python-requests/2.32.3', 'Accept-Encoding': 'gzip, deflate', 'Accept': '*/*', 'Connection': 'keep-alive'} 
 body=None 
 </msg>
<msg time="2024-08-09T09:17:54.816985" level="INFO">GET Response : url=https://randomuser.me/api 
 status=200, reason=OK 
 headers={'Date': 'Fri, 09 Aug 2024 09:17:54 GMT', 'Content-Type': 'application/json; charset=utf-8', 'Transfer-Encoding': 'chunked', 'Connection': 'keep-alive', 'X-Powered-By': 'Express', 'Access-Control-Allow-Origin': '*', 'Cache-Control': 'no-cache', 'ETag': 'W/"47b-9GgCMEZLYkQt1fBbezxbXZvxO04"', 'Vary': 'Accept-Encoding', 'Content-Encoding': 'gzip', 'CF-Cache-Status': 'DYNAMIC', 'Report-To': '{"endpoints":[{"url":"https:\\/\\/a.nel.cloudflare.com\\/report\\/v4?s=u68kQ2Ozm0Y2C53uX%2FdFR9Fzba1WDIRujeaqMsNzZaLjSPkKY3q1Reoplp8YB04HLG8cY82kBSascf1BLCZY7lvX2%2FaRfHTp4yKOUz6eY19kl6MeGdLfJTA8Ufr5iphi"}],"group":"cf-nel","max_age":604800}', 'NEL': '{"success_fraction":0,"report_to":"cf-nel","max_age":604800}', 'Server': 'cloudflare', 'CF-RAY': '8b06a7e10f3a390e-IAD', 'alt-svc': 'h3=":443"; ma=86400'} 
 body={"results":[{"gender":"male","name":{"title":"Mr","first":"Valdemar","last":"Olsen"},"location":{"street":{"number":4216,"name":"Skivevej"},"city":"Vesterborg","state":"Midtjylland","country":"Denmark","postcode":65720,"coordinates":{"latitude":"-42.8336","longitude":"-114.5279"},"timezone":{"offset":"+2:00","description":"Kaliningrad, South Africa"}},"email":"valdemar.olsen@example.com","login":{"uuid":"fa86be59-041b-4462-9e6d-0141c3433f08","username":"happyswan135","password":"sweetie","salt":"apgSqzkt","md5":"fb07845a9e0a6c8e838ad6a4c7aff158","sha1":"1ffc20614a271cbbb43fe18320a9eb037dbdfb63","sha256":"83d41f935331c3b1eb803e384ce26a95af356ea7ab413db6f521957b68eb43a0"},"dob":{"date":"1951-03-18T02:08:49.260Z","age":73},"registered":{"date":"2007-10-11T07:33:16.487Z","age":16},"phone":"72212905","cell":"48715848","id":{"name":"CPR","value":"170351-7818"},"picture":{"large":"https://randomuser.me/api/portraits/men/7.jpg","medium":"https://randomuser.me/api/portraits/med/men/7.jpg","thumbnail":"https://randomuser.me/api/portraits/thumb/men/7.jpg"},"nat":"DK"}],"info":{"seed":"fdc3cb60aecb1e23","results":1,"page":1,"version":"1.4"}} 
 </msg>
<msg time="2024-08-09T09:17:54.817059" level="INFO">/opt/hostedtoolcache/Python/3.12.4/x64/lib/python3.12/site-packages/urllib3/connectionpool.py:1099: InsecureRequestWarning: Unverified HTTPS request is being made to host 'randomuser.me'. Adding certificate verification is strongly advised. See: https://urllib3.readthedocs.io/en/latest/advanced-usage.html#tls-warnings
  warnings.warn(</msg>
<msg time="2024-08-09T09:17:54.817170" level="INFO">${response} = &lt;Response [200]&gt;</msg>
<var>${response}</var>
<arg>consultarAPI</arg>
<arg>/api</arg>
<doc>Sends a GET request on a previously created HTTP Session.</doc>
<status status="PASS" start="2024-08-09T09:17:54.725304" elapsed="0.091909"/>
</kw>
<kw name="Set Variable" owner="BuiltIn">
<msg time="2024-08-09T09:17:54.818029" level="INFO">${json_data} = {'results': [{'gender': 'male', 'name': {'title': 'Mr', 'first': 'Valdemar', 'last': 'Olsen'}, 'location': {'street': {'number': 4216, 'name': 'Skivevej'}, 'city': 'Vesterborg', 'state': 'Midtjylland'...</msg>
<var>${json_data}</var>
<arg>${response.json()}</arg>
<doc>Returns the given values which can then be assigned to a variables.</doc>
<status status="PASS" start="2024-08-09T09:17:54.817576" elapsed="0.000481"/>
</kw>
<kw name="Set Variable" owner="BuiltIn">
<msg time="2024-08-09T09:17:54.818736" level="INFO">${name_title} = Mr</msg>
<var>${name_title}</var>
<arg>${json_data["results"][0]["name"]["title"]}</arg>
<doc>Returns the given values which can then be assigned to a variables.</doc>
<status status="PASS" start="2024-08-09T09:17:54.818356" elapsed="0.000406"/>
</kw>
<kw name="Create List" owner="BuiltIn">
<msg time="2024-08-09T09:17:54.819242" level="INFO">${allowed_titles} = ['Mr', 'Ms', 'Miss', 'Mrs', 'Madame', 'Monsieur']</msg>
<var>${allowed_titles}</var>
<arg>Mr</arg>
<arg>Ms</arg>
<arg>Miss</arg>
<arg>Mrs</arg>
<arg>Madame</arg>
<arg>Monsieur</arg>
<doc>Returns a list containing given items.</doc>
<status status="PASS" start="2024-08-09T09:17:54.819089" elapsed="0.000178"/>
</kw>
<kw name="List Should Contain Value" owner="Collections">
<arg>${allowed_titles}</arg>
<arg>${name_title}</arg>
<doc>Fails if the ``value`` is not found from ``list``.</doc>
<status status="PASS" start="2024-08-09T09:17:54.819562" elapsed="0.000173"/>
</kw>
<kw name="Set Variable" owner="BuiltIn">
<msg time="2024-08-09T09:17:54.820296" level="INFO">${name_country} = DK</msg>
<var>${name_country}</var>
<arg>${json_data["results"][0]["nat"]}</arg>
<doc>Returns the given values which can then be assigned to a variables.</doc>
<status status="PASS" start="2024-08-09T09:17:54.819918" elapsed="0.000402"/>
</kw>
<kw name="Create List" owner="BuiltIn">
<msg time="2024-08-09T09:17:54.821209" level="INFO">${list_country} = ['AD', 'AE', 'AF', 'AG', 'AI', 'AL', 'AM', 'AO', 'AQ', 'AR', 'AS', 'AT', 'AU', 'AW', 'AX', 'AZ', 'BA', 'BB', 'BD', 'BE', 'BF', 'BG', 'BH', 'BI', 'BJ', 'BL', 'BM', 'BN', 'BO', 'BQ', 'BR', 'BS', 'BT', '...</msg>
<var>${list_country}</var>
<arg>AD</arg>
<arg>AE</arg>
<arg>AF</arg>
<arg>AG</arg>
<arg>AI</arg>
<arg>AL</arg>
<arg>AM</arg>
<arg>AO</arg>
<arg>AQ</arg>
<arg>AR</arg>
<arg>AS</arg>
<arg>AT</arg>
<arg>AU</arg>
<arg>AW</arg>
<arg>AX</arg>
<arg>AZ</arg>
<arg>BA</arg>
<arg>BB</arg>
<arg>BD</arg>
<arg>BE</arg>
<arg>BF</arg>
<arg>BG</arg>
<arg>BH</arg>
<arg>BI</arg>
<arg>BJ</arg>
<arg>BL</arg>
<arg>BM</arg>
<arg>BN</arg>
<arg>BO</arg>
<arg>BQ</arg>
<arg>BR</arg>
<arg>BS</arg>
<arg>BT</arg>
<arg>BV</arg>
<arg>BW</arg>
<arg>BY</arg>
<arg>BZ</arg>
<arg>CA</arg>
<arg>CC</arg>
<arg>CD</arg>
<arg>CF</arg>
<arg>CG</arg>
<arg>CH</arg>
<arg>CI</arg>
<arg>CK</arg>
<arg>CL</arg>
<arg>CM</arg>
<arg>CN</arg>
<arg>CO</arg>
<arg>CR</arg>
<arg>CU</arg>
<arg>CV</arg>
<arg>CW</arg>
<arg>CX</arg>
<arg>CY</arg>
<arg>CZ</arg>
<arg>DE</arg>
<arg>DJ</arg>
<arg>DK</arg>
<arg>DM</arg>
<arg>DO</arg>
<arg>DZ</arg>
<arg>EC</arg>
<arg>EE</arg>
<arg>EG</arg>
<arg>EH</arg>
<arg>ER</arg>
<arg>ES</arg>
<arg>ET</arg>
<arg>FI</arg>
<arg>FJ</arg>
<arg>FK</arg>
<arg>FM</arg>
<arg>FO</arg>
<arg>FR</arg>
<arg>GA</arg>
<arg>GB</arg>
<arg>GD</arg>
<arg>GE</arg>
<arg>GF</arg>
<arg>GG</arg>
<arg>GH</arg>
<arg>GI</arg>
<arg>GL</arg>
<arg>GM</arg>
<arg>GN</arg>
<arg>GP</arg>
<arg>GQ</arg>
<arg>GR</arg>
<arg>GS</arg>
<arg>GT</arg>
<arg>GU</arg>
<arg>GW</arg>
<arg>GY</arg>
<arg>HK</arg>
<arg>HM</arg>
<arg>HN</arg>
<arg>HR</arg>
<arg>HT</arg>
<arg>HU</arg>
<arg>ID</arg>
<arg>IE</arg>
<arg>IL</arg>
<arg>IM</arg>
<arg>IN</arg>
<arg>IO</arg>
<arg>IQ</arg>
<arg>IR</arg>
<arg>IS</arg>
<arg>IT</arg>
<arg>JE</arg>
<arg>JM</arg>
<arg>JO</arg>
<arg>JP</arg>
<arg>KE</arg>
<arg>KG</arg>
<arg>KH</arg>
<arg>KI</arg>
<arg>KM</arg>
<arg>KN</arg>
<arg>KP</arg>
<arg>KR</arg>
<arg>KW</arg>
<arg>KY</arg>
<arg>KZ</arg>
<arg>LA</arg>
<arg>LB</arg>
<arg>LC</arg>
<arg>LI</arg>
<arg>LK</arg>
<arg>LR</arg>
<arg>LS</arg>
<arg>LT</arg>
<arg>LU</arg>
<arg>LV</arg>
<arg>LY</arg>
<arg>MA</arg>
<arg>MC</arg>
<arg>MD</arg>
<arg>ME</arg>
<arg>MF</arg>
<arg>MG</arg>
<arg>MH</arg>
<arg>MK</arg>
<arg>ML</arg>
<arg>MM</arg>
<arg>MN</arg>
<arg>MO</arg>
<arg>MP</arg>
<arg>MQ</arg>
<arg>MR</arg>
<arg>MS</arg>
<arg>MT</arg>
<arg>MU</arg>
<arg>MV</arg>
<arg>MW</arg>
<arg>MX</arg>
<arg>MY</arg>
<arg>MZ</arg>
<arg>NA</arg>
<arg>NC</arg>
<arg>NE</arg>
<arg>NF</arg>
<arg>NG</arg>
<arg>NI</arg>
<arg>NL</arg>
<arg>NO</arg>
<arg>NP</arg>
<arg>NR</arg>
<arg>NU</arg>
<arg>NZ</arg>
<arg>OM</arg>
<arg>PA</arg>
<arg>PE</arg>
<arg>PF</arg>
<arg>PG</arg>
<arg>PH</arg>
<arg>PK</arg>
<arg>PL</arg>
<arg>PM</arg>
<arg>PN</arg>
<arg>PR</arg>
<arg>PS</arg>
<arg>PT</arg>
<arg>PW</arg>
<arg>PY</arg>
<arg>QA</arg>
<arg>RE</arg>
<arg>RO</arg>
<arg>RS</arg>
<arg>RU</arg>
<arg>RW</arg>
<arg>SA</arg>
<arg>SB</arg>
<arg>SC</arg>
<arg>SD</arg>
<arg>SE</arg>
<arg>SG</arg>
<arg>SH</arg>
<arg>SI</arg>
<arg>SJ</arg>
<arg>SK</arg>
<arg>SL</arg>
<arg>SM</arg>
<arg>SN</arg>
<arg>SO</arg>
<arg>SR</arg>
<arg>SS</arg>
<arg>ST</arg>
<arg>SV</arg>
<arg>SX</arg>
<arg>SY</arg>
<arg>SZ</arg>
<arg>TC</arg>
<arg>TD</arg>
<arg>TF</arg>
<arg>TG</arg>
<arg>TH</arg>
<arg>TJ</arg>
<arg>TK</arg>
<arg>TL</arg>
<arg>TM</arg>
<arg>TN</arg>
<arg>TO</arg>
<arg>TR</arg>
<arg>TT</arg>
<arg>TV</arg>
<arg>TW</arg>
<arg>TZ</arg>
<arg>UA</arg>
<arg>UG</arg>
<arg>UM</arg>
<arg>US</arg>
<arg>UY</arg>
<arg>UZ</arg>
<arg>VA</arg>
<arg>VC</arg>
<arg>VE</arg>
<arg>VG</arg>
<arg>VI</arg>
<arg>VN</arg>
<arg>VU</arg>
<arg>WF</arg>
<arg>WS</arg>
<arg>XK</arg>
<arg>YE</arg>
<arg>YT</arg>
<arg>ZA</arg>
<arg>ZM</arg>
<arg>ZW</arg>
<doc>Returns a list containing given items.</doc>
<status status="PASS" start="2024-08-09T09:17:54.820616" elapsed="0.000619"/>
</kw>
<kw name="List Should Contain Value" owner="Collections">
<arg>${list_country}</arg>
<arg>${name_country}</arg>
<doc>Fails if the ``value`` is not found from ``list``.</doc>
<status status="PASS" start="2024-08-09T09:17:54.822173" elapsed="0.000208"/>
</kw>
<kw name="Run Keyword If" owner="BuiltIn">
<kw name="Should Be True" owner="BuiltIn">
<arg>${True}</arg>
<doc>Fails if the given condition is not true.</doc>
<status status="PASS" start="2024-08-09T09:17:54.823335" elapsed="0.000144"/>
</kw>
<arg>${json_data["results"][0]["location"]["coordinates"]["latitude"]} &gt;= -90 and ${json_data["results"][0]["location"]["coordinates"]["latitude"]} &lt;= 90</arg>
<arg>Should Be True</arg>
<arg>${True}</arg>
<doc>Runs the given keyword with the given arguments, if ``condition`` is true.</doc>
<status status="PASS" start="2024-08-09T09:17:54.822579" elapsed="0.001026"/>
</kw>
<kw name="Run Keyword If" owner="BuiltIn">
<kw name="Should Be True" owner="BuiltIn">
<arg>${True}</arg>
<doc>Fails if the given condition is not true.</doc>
<status status="PASS" start="2024-08-09T09:17:54.824477" elapsed="0.000136"/>
</kw>
<arg>${json_data["results"][0]["location"]["coordinates"]["longitude"]} &gt;= -180 and ${json_data["results"][0]["location"]["coordinates"]["longitude"]} &lt;= 180</arg>
<arg>Should Be True</arg>
<arg>${True}</arg>
<doc>Runs the given keyword with the given arguments, if ``condition`` is true.</doc>
<status status="PASS" start="2024-08-09T09:17:54.823785" elapsed="0.000953"/>
</kw>
<status status="PASS" start="2024-08-09T09:17:54.725086" elapsed="0.099778"/>
</kw>
<doc>Testa o conteúdo específico dos campos retornados pela API.</doc>
<tag>testeConteudo</tag>
<status status="PASS" start="2024-08-09T09:17:54.724557" elapsed="0.100447"/>
</test>
<status status="PASS" start="2024-08-09T09:17:53.477901" elapsed="1.349008"/>
</suite>
<status status="PASS" start="2024-08-09T09:17:53.463584" elapsed="1.368361"/>
</suite>
<statistics>
<total>
<stat pass="5" fail="0" skip="0">All Tests</stat>
</total>
<tag>
<stat pass="1" fail="0" skip="0">testeConteudo</stat>
<stat pass="1" fail="0" skip="0">testeEstruturaResposta</stat>
<stat pass="1" fail="0" skip="0">testeRequisicaoBasica</stat>
<stat pass="1" fail="0" skip="0">testeTiposDados</stat>
</tag>
<suite>
<stat pass="5" fail="0" skip="0" id="s1" name="Tests">Tests</stat>
<stat pass="5" fail="0" skip="0" id="s1-s1" name="Random-User-Test">Tests.Random-User-Test</stat>
</suite>
</statistics>
<errors>
</errors>
</robot>
