<?xml version="1.0" encoding="UTF-8"?>
<robot generator="Robot 7.0.1 (Python 3.12.4 on linux)" generated="2024-08-09T07:14:30.856389" rpa="false" schemaversion="5">
<suite id="s1" name="Tests" source="/home/runner/work/ApiRandomUser/ApiRandomUser/RamdonUser/tests">
<suite id="s1-s1" name="Random-User-Test" source="/home/runner/work/ApiRandomUser/ApiRandomUser/RamdonUser/tests/random-user-test.robot">
<test id="s1-s1-t1" name="Conectar" line="13">
<kw name="Conectar API" owner="random-user-service">
<kw name="Create Session" owner="RequestsLibrary">
<msg time="2024-08-09T07:14:31.275975" level="INFO">Creating Session using : alias=consultarAPI, url=https://randomuser.me/, headers={},                     cookies={}, auth=None, timeout=None, proxies=None, verify=False,                     debug=0 </msg>
<arg>consultarAPI</arg>
<arg>${URL}</arg>
<doc>Create Session: create a HTTP session to a server</doc>
<status status="PASS" start="2024-08-09T07:14:31.275782" elapsed="0.000360"/>
</kw>
<status status="PASS" start="2024-08-09T07:14:31.274757" elapsed="0.001731"/>
</kw>
<status status="PASS" start="2024-08-09T07:14:31.274142" elapsed="0.002537"/>
</test>
<test id="s1-s1-t2" name="Validar retorno 200 e JSON Válido" line="16">
<kw name="Teste de Requisicao Basica" owner="random-user-service">
<kw name="GET On Session" owner="RequestsLibrary">
<msg time="2024-08-09T07:14:31.495533" level="INFO">GET Request : url=https://randomuser.me/api 
 path_url=/api 
 headers={'User-Agent': 'python-requests/2.32.3', 'Accept-Encoding': 'gzip, deflate', 'Accept': '*/*', 'Connection': 'keep-alive'} 
 body=None 
 </msg>
<msg time="2024-08-09T07:14:31.495675" level="INFO">GET Response : url=https://randomuser.me/api 
 status=200, reason=OK 
 headers={'Date': 'Fri, 09 Aug 2024 07:14:31 GMT', 'Content-Type': 'application/json; charset=utf-8', 'Transfer-Encoding': 'chunked', 'Connection': 'keep-alive', 'X-Powered-By': 'Express', 'Access-Control-Allow-Origin': '*', 'Cache-Control': 'no-cache', 'ETag': 'W/"488-m+d6OtEmyvGyXGzDU6ukjeQsECg"', 'Vary': 'Accept-Encoding', 'Content-Encoding': 'gzip', 'CF-Cache-Status': 'DYNAMIC', 'Report-To': '{"endpoints":[{"url":"https:\\/\\/a.nel.cloudflare.com\\/report\\/v4?s=y2rnOv%2FePzvBvIRi8AGTXJsXXqUC3Jv5f7MwSNCP0sWJ%2FpUhDlMHQ2bil4yCC1cw3OuTqJTblV%2FUrmfs%2BvPkZWClI5C%2FriA7dtgZhdCUrhrQkwj6PCth7tDUi8TGgwNX"}],"group":"cf-nel","max_age":604800}', 'NEL': '{"success_fraction":0,"report_to":"cf-nel","max_age":604800}', 'Server': 'cloudflare', 'CF-RAY': '8b05f3226c683950-IAD', 'alt-svc': 'h3=":443"; ma=86400'} 
 body={"results":[{"gender":"male","name":{"title":"Mr","first":"Emil","last":"Mortensen"},"location":{"street":{"number":7280,"name":"Slåenvej"},"city":"Rødvig Stevns","state":"Nordjylland","country":"Denmark","postcode":59559,"coordinates":{"latitude":"-41.8686","longitude":"-139.8704"},"timezone":{"offset":"+4:00","description":"Abu Dhabi, Muscat, Baku, Tbilisi"}},"email":"emil.mortensen@example.com","login":{"uuid":"48abbb98-6546-4e1f-9204-667592df2f31","username":"angryfish440","password":"blues","salt":"Avqy4h9d","md5":"cb26dac50fa1e1e8ae284b4903709a02","sha1":"0dae26bf8c7f569b8083f87cd4a9e53c263b4758","sha256":"d2cd31699e39ac64ab067b7ed04e443d6b7dd2f9ae58d2c2e41337e0dee86be7"},"dob":{"date":"1968-09-21T20:44:52.581Z","age":55},"registered":{"date":"2011-04-11T09:26:55.784Z","age":13},"phone":"51891920","cell":"22993260","id":{"name":"CPR","value":"210968-3508"},"picture":{"large":"https://randomuser.me/api/portraits/men/37.jpg","medium":"https://randomuser.me/api/portraits/med/men/37.jpg","thumbnail":"https://randomuser.me/api/portraits/thumb/men/37.jpg"},"nat":"DK"}],"info":{"seed":"5645520a3f23b187","results":1,"page":1,"version":"1.4"}} 
 </msg>
<msg time="2024-08-09T07:14:31.495754" level="INFO">/opt/hostedtoolcache/Python/3.12.4/x64/lib/python3.12/site-packages/urllib3/connectionpool.py:1099: InsecureRequestWarning: Unverified HTTPS request is being made to host 'randomuser.me'. Adding certificate verification is strongly advised. See: https://urllib3.readthedocs.io/en/latest/advanced-usage.html#tls-warnings
  warnings.warn(</msg>
<msg time="2024-08-09T07:14:31.495979" level="INFO">${response} = &lt;Response [200]&gt;</msg>
<var>${response}</var>
<arg>consultarAPI</arg>
<arg>/api</arg>
<doc>Sends a GET request on a previously created HTTP Session.</doc>
<status status="PASS" start="2024-08-09T07:14:31.279256" elapsed="0.216765"/>
</kw>
<kw name="Should Be Equal As Numbers" owner="BuiltIn">
<msg time="2024-08-09T07:14:31.496968" level="INFO">Argument types are:
&lt;class 'int'&gt;
&lt;class 'str'&gt;</msg>
<arg>${response.status_code}</arg>
<arg>200</arg>
<doc>Fails if objects are unequal after converting them to real numbers.</doc>
<status status="PASS" start="2024-08-09T07:14:31.496491" elapsed="0.000542"/>
</kw>
<kw name="Log" owner="BuiltIn">
<msg time="2024-08-09T07:14:31.497704" level="INFO">200</msg>
<arg>${response.status_code}</arg>
<doc>Logs the given message with the given level.</doc>
<status status="PASS" start="2024-08-09T07:14:31.497347" elapsed="0.000400"/>
</kw>
<kw name="Set Variable" owner="BuiltIn">
<msg time="2024-08-09T07:14:31.498490" level="INFO">${json_data} = {'results': [{'gender': 'male', 'name': {'title': 'Mr', 'first': 'Emil', 'last': 'Mortensen'}, 'location': {'street': {'number': 7280, 'name': 'Slåenvej'}, 'city': 'Rødvig Stevns', 'state': 'Nordjylla...</msg>
<var>${json_data}</var>
<arg>${response.json()}</arg>
<doc>Returns the given values which can then be assigned to a variables.</doc>
<status status="PASS" start="2024-08-09T07:14:31.498053" elapsed="0.000467"/>
</kw>
<kw name="Dictionary Should Contain Key" owner="Collections">
<arg>${json_data}</arg>
<arg>results</arg>
<doc>Fails if ``key`` is not found from ``dictionary``.</doc>
<status status="PASS" start="2024-08-09T07:14:31.498825" elapsed="0.000312"/>
</kw>
<status status="PASS" start="2024-08-09T07:14:31.279014" elapsed="0.220278"/>
</kw>
<doc>Testa se a API responde corretamente e retorna um objeto JSON válido.</doc>
<tag>testeRequisicaoBasica</tag>
<status status="PASS" start="2024-08-09T07:14:31.278566" elapsed="0.220900"/>
</test>
<test id="s1-s1-t3" name="Validar estrutura de resposta" line="22">
<kw name="Teste de Estrutura de Resposta" owner="random-user-service">
<kw name="GET On Session" owner="RequestsLibrary">
<msg time="2024-08-09T07:14:31.801794" level="INFO">GET Request : url=https://randomuser.me/api 
 path_url=/api 
 headers={'User-Agent': 'python-requests/2.32.3', 'Accept-Encoding': 'gzip, deflate', 'Accept': '*/*', 'Connection': 'keep-alive'} 
 body=None 
 </msg>
<msg time="2024-08-09T07:14:31.801884" level="INFO">GET Response : url=https://randomuser.me/api 
 status=200, reason=OK 
 headers={'Date': 'Fri, 09 Aug 2024 07:14:31 GMT', 'Content-Type': 'application/json; charset=utf-8', 'Transfer-Encoding': 'chunked', 'Connection': 'keep-alive', 'X-Powered-By': 'Express', 'Access-Control-Allow-Origin': '*', 'Cache-Control': 'no-cache', 'ETag': 'W/"490-31CoLJ4+qg3+jkDYxARMDpBMrkI"', 'Vary': 'Accept-Encoding', 'Content-Encoding': 'gzip', 'CF-Cache-Status': 'DYNAMIC', 'Report-To': '{"endpoints":[{"url":"https:\\/\\/a.nel.cloudflare.com\\/report\\/v4?s=OrdDfWVHThJWb8inLsDHWgAsUymdNqtc3ABqR0xqY%2BkaqYnHdzI4DU8DQ5%2Fj360iFfY7Dh5gExJmo110KJE50sCAFHIUzZOu9VPXvxgsNd2%2BpOaGuhatXse35Qf3geIT"}],"group":"cf-nel","max_age":604800}', 'NEL': '{"success_fraction":0,"report_to":"cf-nel","max_age":604800}', 'Server': 'cloudflare', 'CF-RAY': '8b05f322ece23950-IAD', 'alt-svc': 'h3=":443"; ma=86400'} 
 body={"results":[{"gender":"female","name":{"title":"Ms","first":"Lilja","last":"Wirta"},"location":{"street":{"number":4335,"name":"Suvantokatu"},"city":"Suomenniemi","state":"Pirkanmaa","country":"Finland","postcode":44575,"coordinates":{"latitude":"-23.1494","longitude":"12.9067"},"timezone":{"offset":"-7:00","description":"Mountain Time (US &amp; Canada)"}},"email":"lilja.wirta@example.com","login":{"uuid":"7fe26dd8-6a67-4fbd-9db5-d66d554555f6","username":"greensnake445","password":"redwing","salt":"OAE7Q1uY","md5":"9544ed3ea6422e0b3bf44bdba4f7cc48","sha1":"a28b68f3c9dc7da629ac29243460e5bf77426c9a","sha256":"b3c364908b5d4c148756055cc900a57b5f6715e359fabc7059ef2c61d2cda9c1"},"dob":{"date":"1966-05-05T14:28:48.198Z","age":58},"registered":{"date":"2018-11-17T13:35:53.444Z","age":5},"phone":"04-333-394","cell":"047-051-69-98","id":{"name":"HETU","value":"NaNNA556undefined"},"picture":{"large":"https://randomuser.me/api/portraits/women/33.jpg","medium":"https://randomuser.me/api/portraits/med/women/33.jpg","thumbnail":"https://randomuser.me/api/portraits/thumb/women/33.jpg"},"nat":"FI"}],"info":{"seed":"e586eb46be178c53","results":1,"page":1,"version":"1.4"}} 
 </msg>
<msg time="2024-08-09T07:14:31.802013" level="INFO">/opt/hostedtoolcache/Python/3.12.4/x64/lib/python3.12/site-packages/urllib3/connectionpool.py:1099: InsecureRequestWarning: Unverified HTTPS request is being made to host 'randomuser.me'. Adding certificate verification is strongly advised. See: https://urllib3.readthedocs.io/en/latest/advanced-usage.html#tls-warnings
  warnings.warn(</msg>
<msg time="2024-08-09T07:14:31.802132" level="INFO">${response} = &lt;Response [200]&gt;</msg>
<var>${response}</var>
<arg>consultarAPI</arg>
<arg>/api</arg>
<doc>Sends a GET request on a previously created HTTP Session.</doc>
<status status="PASS" start="2024-08-09T07:14:31.502014" elapsed="0.300158"/>
</kw>
<kw name="Set Variable" owner="BuiltIn">
<msg time="2024-08-09T07:14:31.803070" level="INFO">${json_data} = {'results': [{'gender': 'female', 'name': {'title': 'Ms', 'first': 'Lilja', 'last': 'Wirta'}, 'location': {'street': {'number': 4335, 'name': 'Suvantokatu'}, 'city': 'Suomenniemi', 'state': 'Pirkanmaa...</msg>
<var>${json_data}</var>
<arg>${response.json()}</arg>
<doc>Returns the given values which can then be assigned to a variables.</doc>
<status status="PASS" start="2024-08-09T07:14:31.802595" elapsed="0.000504"/>
</kw>
<kw name="Log" owner="BuiltIn">
<msg time="2024-08-09T07:14:31.803549" level="INFO">{'results': [{'gender': 'female', 'name': {'title': 'Ms', 'first': 'Lilja', 'last': 'Wirta'}, 'location': {'street': {'number': 4335, 'name': 'Suvantokatu'}, 'city': 'Suomenniemi', 'state': 'Pirkanmaa', 'country': 'Finland', 'postcode': 44575, 'coordinates': {'latitude': '-23.1494', 'longitude': '12.9067'}, 'timezone': {'offset': '-7:00', 'description': 'Mountain Time (US &amp; Canada)'}}, 'email': 'lilja.wirta@example.com', 'login': {'uuid': '7fe26dd8-6a67-4fbd-9db5-d66d554555f6', 'username': 'greensnake445', 'password': 'redwing', 'salt': 'OAE7Q1uY', 'md5': '9544ed3ea6422e0b3bf44bdba4f7cc48', 'sha1': 'a28b68f3c9dc7da629ac29243460e5bf77426c9a', 'sha256': 'b3c364908b5d4c148756055cc900a57b5f6715e359fabc7059ef2c61d2cda9c1'}, 'dob': {'date': '1966-05-05T14:28:48.198Z', 'age': 58}, 'registered': {'date': '2018-11-17T13:35:53.444Z', 'age': 5}, 'phone': '04-333-394', 'cell': '047-051-69-98', 'id': {'name': 'HETU', 'value': 'NaNNA556undefined'}, 'picture': {'large': 'https://randomuser.me/api/portraits/women/33.jpg', 'medium': 'https://randomuser.me/api/portraits/med/women/33.jpg', 'thumbnail': 'https://randomuser.me/api/portraits/thumb/women/33.jpg'}, 'nat': 'FI'}], 'info': {'seed': 'e586eb46be178c53', 'results': 1, 'page': 1, 'version': '1.4'}}</msg>
<arg>${json_data}</arg>
<doc>Logs the given message with the given level.</doc>
<status status="PASS" start="2024-08-09T07:14:31.803395" elapsed="0.000203"/>
</kw>
<kw name="Dictionary Should Contain Key" owner="Collections">
<arg>${json_data}</arg>
<arg>results</arg>
<doc>Fails if ``key`` is not found from ``dictionary``.</doc>
<status status="PASS" start="2024-08-09T07:14:31.803883" elapsed="0.000162"/>
</kw>
<kw name="Should Not Be Empty" owner="BuiltIn">
<msg time="2024-08-09T07:14:31.804351" level="INFO">Length is 2.</msg>
<arg>${json_data}</arg>
<doc>Verifies that the given item is not empty.</doc>
<status status="PASS" start="2024-08-09T07:14:31.804225" elapsed="0.000166"/>
</kw>
<kw name="Create List" owner="BuiltIn">
<msg time="2024-08-09T07:14:31.804826" level="INFO">${expected_keys} = ['gender', 'name', 'location', 'email', 'login']</msg>
<var>${expected_keys}</var>
<arg>gender</arg>
<arg>name</arg>
<arg>location</arg>
<arg>email</arg>
<arg>login</arg>
<doc>Returns a list containing given items.</doc>
<status status="PASS" start="2024-08-09T07:14:31.804679" elapsed="0.000170"/>
</kw>
<for flavor="IN">
<iter>
<kw name="Dictionary Should Contain Key" owner="Collections">
<arg>${json_data['results'][0]}</arg>
<arg>${key}</arg>
<doc>Fails if ``key`` is not found from ``dictionary``.</doc>
<status status="PASS" start="2024-08-09T07:14:31.805467" elapsed="0.000406"/>
</kw>
<kw name="Log" owner="BuiltIn">
<msg time="2024-08-09T07:14:31.806439" level="INFO">{'gender': 'female', 'name': {'title': 'Ms', 'first': 'Lilja', 'last': 'Wirta'}, 'location': {'street': {'number': 4335, 'name': 'Suvantokatu'}, 'city': 'Suomenniemi', 'state': 'Pirkanmaa', 'country': 'Finland', 'postcode': 44575, 'coordinates': {'latitude': '-23.1494', 'longitude': '12.9067'}, 'timezone': {'offset': '-7:00', 'description': 'Mountain Time (US &amp; Canada)'}}, 'email': 'lilja.wirta@example.com', 'login': {'uuid': '7fe26dd8-6a67-4fbd-9db5-d66d554555f6', 'username': 'greensnake445', 'password': 'redwing', 'salt': 'OAE7Q1uY', 'md5': '9544ed3ea6422e0b3bf44bdba4f7cc48', 'sha1': 'a28b68f3c9dc7da629ac29243460e5bf77426c9a', 'sha256': 'b3c364908b5d4c148756055cc900a57b5f6715e359fabc7059ef2c61d2cda9c1'}, 'dob': {'date': '1966-05-05T14:28:48.198Z', 'age': 58}, 'registered': {'date': '2018-11-17T13:35:53.444Z', 'age': 5}, 'phone': '04-333-394', 'cell': '047-051-69-98', 'id': {'name': 'HETU', 'value': 'NaNNA556undefined'}, 'picture': {'large': 'https://randomuser.me/api/portraits/women/33.jpg', 'medium': 'https://randomuser.me/api/portraits/med/women/33.jpg', 'thumbnail': 'https://randomuser.me/api/portraits/thumb/women/33.jpg'}, 'nat': 'FI'}</msg>
<arg>${json_data['results'][0]}</arg>
<doc>Logs the given message with the given level.</doc>
<status status="PASS" start="2024-08-09T07:14:31.806077" elapsed="0.000410"/>
</kw>
<kw name="Log" owner="BuiltIn">
<msg time="2024-08-09T07:14:31.806928" level="INFO">gender</msg>
<arg>${key}</arg>
<doc>Logs the given message with the given level.</doc>
<status status="PASS" start="2024-08-09T07:14:31.806797" elapsed="0.000168"/>
</kw>
<var name="${key}">gender</var>
<status status="PASS" start="2024-08-09T07:14:31.805346" elapsed="0.001837"/>
</iter>
<iter>
<kw name="Dictionary Should Contain Key" owner="Collections">
<arg>${json_data['results'][0]}</arg>
<arg>${key}</arg>
<doc>Fails if ``key`` is not found from ``dictionary``.</doc>
<status status="PASS" start="2024-08-09T07:14:31.807477" elapsed="0.000383"/>
</kw>
<kw name="Log" owner="BuiltIn">
<msg time="2024-08-09T07:14:31.808390" level="INFO">{'gender': 'female', 'name': {'title': 'Ms', 'first': 'Lilja', 'last': 'Wirta'}, 'location': {'street': {'number': 4335, 'name': 'Suvantokatu'}, 'city': 'Suomenniemi', 'state': 'Pirkanmaa', 'country': 'Finland', 'postcode': 44575, 'coordinates': {'latitude': '-23.1494', 'longitude': '12.9067'}, 'timezone': {'offset': '-7:00', 'description': 'Mountain Time (US &amp; Canada)'}}, 'email': 'lilja.wirta@example.com', 'login': {'uuid': '7fe26dd8-6a67-4fbd-9db5-d66d554555f6', 'username': 'greensnake445', 'password': 'redwing', 'salt': 'OAE7Q1uY', 'md5': '9544ed3ea6422e0b3bf44bdba4f7cc48', 'sha1': 'a28b68f3c9dc7da629ac29243460e5bf77426c9a', 'sha256': 'b3c364908b5d4c148756055cc900a57b5f6715e359fabc7059ef2c61d2cda9c1'}, 'dob': {'date': '1966-05-05T14:28:48.198Z', 'age': 58}, 'registered': {'date': '2018-11-17T13:35:53.444Z', 'age': 5}, 'phone': '04-333-394', 'cell': '047-051-69-98', 'id': {'name': 'HETU', 'value': 'NaNNA556undefined'}, 'picture': {'large': 'https://randomuser.me/api/portraits/women/33.jpg', 'medium': 'https://randomuser.me/api/portraits/med/women/33.jpg', 'thumbnail': 'https://randomuser.me/api/portraits/thumb/women/33.jpg'}, 'nat': 'FI'}</msg>
<arg>${json_data['results'][0]}</arg>
<doc>Logs the given message with the given level.</doc>
<status status="PASS" start="2024-08-09T07:14:31.808042" elapsed="0.000426"/>
</kw>
<kw name="Log" owner="BuiltIn">
<msg time="2024-08-09T07:14:31.808945" level="INFO">name</msg>
<arg>${key}</arg>
<doc>Logs the given message with the given level.</doc>
<status status="PASS" start="2024-08-09T07:14:31.808786" elapsed="0.000197"/>
</kw>
<var name="${key}">name</var>
<status status="PASS" start="2024-08-09T07:14:31.807362" elapsed="0.001841"/>
</iter>
<iter>
<kw name="Dictionary Should Contain Key" owner="Collections">
<arg>${json_data['results'][0]}</arg>
<arg>${key}</arg>
<doc>Fails if ``key`` is not found from ``dictionary``.</doc>
<status status="PASS" start="2024-08-09T07:14:31.809485" elapsed="0.000379"/>
</kw>
<kw name="Log" owner="BuiltIn">
<msg time="2024-08-09T07:14:31.810396" level="INFO">{'gender': 'female', 'name': {'title': 'Ms', 'first': 'Lilja', 'last': 'Wirta'}, 'location': {'street': {'number': 4335, 'name': 'Suvantokatu'}, 'city': 'Suomenniemi', 'state': 'Pirkanmaa', 'country': 'Finland', 'postcode': 44575, 'coordinates': {'latitude': '-23.1494', 'longitude': '12.9067'}, 'timezone': {'offset': '-7:00', 'description': 'Mountain Time (US &amp; Canada)'}}, 'email': 'lilja.wirta@example.com', 'login': {'uuid': '7fe26dd8-6a67-4fbd-9db5-d66d554555f6', 'username': 'greensnake445', 'password': 'redwing', 'salt': 'OAE7Q1uY', 'md5': '9544ed3ea6422e0b3bf44bdba4f7cc48', 'sha1': 'a28b68f3c9dc7da629ac29243460e5bf77426c9a', 'sha256': 'b3c364908b5d4c148756055cc900a57b5f6715e359fabc7059ef2c61d2cda9c1'}, 'dob': {'date': '1966-05-05T14:28:48.198Z', 'age': 58}, 'registered': {'date': '2018-11-17T13:35:53.444Z', 'age': 5}, 'phone': '04-333-394', 'cell': '047-051-69-98', 'id': {'name': 'HETU', 'value': 'NaNNA556undefined'}, 'picture': {'large': 'https://randomuser.me/api/portraits/women/33.jpg', 'medium': 'https://randomuser.me/api/portraits/med/women/33.jpg', 'thumbnail': 'https://randomuser.me/api/portraits/thumb/women/33.jpg'}, 'nat': 'FI'}</msg>
<arg>${json_data['results'][0]}</arg>
<doc>Logs the given message with the given level.</doc>
<status status="PASS" start="2024-08-09T07:14:31.810045" elapsed="0.000398"/>
</kw>
<kw name="Log" owner="BuiltIn">
<msg time="2024-08-09T07:14:31.810901" level="INFO">location</msg>
<arg>${key}</arg>
<doc>Logs the given message with the given level.</doc>
<status status="PASS" start="2024-08-09T07:14:31.810741" elapsed="0.000213"/>
</kw>
<var name="${key}">location</var>
<status status="PASS" start="2024-08-09T07:14:31.809377" elapsed="0.001820"/>
</iter>
<iter>
<kw name="Dictionary Should Contain Key" owner="Collections">
<arg>${json_data['results'][0]}</arg>
<arg>${key}</arg>
<doc>Fails if ``key`` is not found from ``dictionary``.</doc>
<status status="PASS" start="2024-08-09T07:14:31.811473" elapsed="0.000379"/>
</kw>
<kw name="Log" owner="BuiltIn">
<msg time="2024-08-09T07:14:31.812489" level="INFO">{'gender': 'female', 'name': {'title': 'Ms', 'first': 'Lilja', 'last': 'Wirta'}, 'location': {'street': {'number': 4335, 'name': 'Suvantokatu'}, 'city': 'Suomenniemi', 'state': 'Pirkanmaa', 'country': 'Finland', 'postcode': 44575, 'coordinates': {'latitude': '-23.1494', 'longitude': '12.9067'}, 'timezone': {'offset': '-7:00', 'description': 'Mountain Time (US &amp; Canada)'}}, 'email': 'lilja.wirta@example.com', 'login': {'uuid': '7fe26dd8-6a67-4fbd-9db5-d66d554555f6', 'username': 'greensnake445', 'password': 'redwing', 'salt': 'OAE7Q1uY', 'md5': '9544ed3ea6422e0b3bf44bdba4f7cc48', 'sha1': 'a28b68f3c9dc7da629ac29243460e5bf77426c9a', 'sha256': 'b3c364908b5d4c148756055cc900a57b5f6715e359fabc7059ef2c61d2cda9c1'}, 'dob': {'date': '1966-05-05T14:28:48.198Z', 'age': 58}, 'registered': {'date': '2018-11-17T13:35:53.444Z', 'age': 5}, 'phone': '04-333-394', 'cell': '047-051-69-98', 'id': {'name': 'HETU', 'value': 'NaNNA556undefined'}, 'picture': {'large': 'https://randomuser.me/api/portraits/women/33.jpg', 'medium': 'https://randomuser.me/api/portraits/med/women/33.jpg', 'thumbnail': 'https://randomuser.me/api/portraits/thumb/women/33.jpg'}, 'nat': 'FI'}</msg>
<arg>${json_data['results'][0]}</arg>
<doc>Logs the given message with the given level.</doc>
<status status="PASS" start="2024-08-09T07:14:31.812140" elapsed="0.000396"/>
</kw>
<kw name="Log" owner="BuiltIn">
<msg time="2024-08-09T07:14:31.812998" level="INFO">email</msg>
<arg>${key}</arg>
<doc>Logs the given message with the given level.</doc>
<status status="PASS" start="2024-08-09T07:14:31.812827" elapsed="0.000210"/>
</kw>
<var name="${key}">email</var>
<status status="PASS" start="2024-08-09T07:14:31.811365" elapsed="0.001887"/>
</iter>
<iter>
<kw name="Dictionary Should Contain Key" owner="Collections">
<arg>${json_data['results'][0]}</arg>
<arg>${key}</arg>
<doc>Fails if ``key`` is not found from ``dictionary``.</doc>
<status status="PASS" start="2024-08-09T07:14:31.813534" elapsed="0.000369"/>
</kw>
<kw name="Log" owner="BuiltIn">
<msg time="2024-08-09T07:14:31.814424" level="INFO">{'gender': 'female', 'name': {'title': 'Ms', 'first': 'Lilja', 'last': 'Wirta'}, 'location': {'street': {'number': 4335, 'name': 'Suvantokatu'}, 'city': 'Suomenniemi', 'state': 'Pirkanmaa', 'country': 'Finland', 'postcode': 44575, 'coordinates': {'latitude': '-23.1494', 'longitude': '12.9067'}, 'timezone': {'offset': '-7:00', 'description': 'Mountain Time (US &amp; Canada)'}}, 'email': 'lilja.wirta@example.com', 'login': {'uuid': '7fe26dd8-6a67-4fbd-9db5-d66d554555f6', 'username': 'greensnake445', 'password': 'redwing', 'salt': 'OAE7Q1uY', 'md5': '9544ed3ea6422e0b3bf44bdba4f7cc48', 'sha1': 'a28b68f3c9dc7da629ac29243460e5bf77426c9a', 'sha256': 'b3c364908b5d4c148756055cc900a57b5f6715e359fabc7059ef2c61d2cda9c1'}, 'dob': {'date': '1966-05-05T14:28:48.198Z', 'age': 58}, 'registered': {'date': '2018-11-17T13:35:53.444Z', 'age': 5}, 'phone': '04-333-394', 'cell': '047-051-69-98', 'id': {'name': 'HETU', 'value': 'NaNNA556undefined'}, 'picture': {'large': 'https://randomuser.me/api/portraits/women/33.jpg', 'medium': 'https://randomuser.me/api/portraits/med/women/33.jpg', 'thumbnail': 'https://randomuser.me/api/portraits/thumb/women/33.jpg'}, 'nat': 'FI'}</msg>
<arg>${json_data['results'][0]}</arg>
<doc>Logs the given message with the given level.</doc>
<status status="PASS" start="2024-08-09T07:14:31.814080" elapsed="0.000391"/>
</kw>
<kw name="Log" owner="BuiltIn">
<msg time="2024-08-09T07:14:31.814883" level="INFO">login</msg>
<arg>${key}</arg>
<doc>Logs the given message with the given level.</doc>
<status status="PASS" start="2024-08-09T07:14:31.814758" elapsed="0.000161"/>
</kw>
<var name="${key}">login</var>
<status status="PASS" start="2024-08-09T07:14:31.813425" elapsed="0.001704"/>
</iter>
<var>${key}</var>
<value>@{expected_keys}</value>
<status status="PASS" start="2024-08-09T07:14:31.805159" elapsed="0.010087"/>
</for>
<kw name="Create List" owner="BuiltIn">
<msg time="2024-08-09T07:14:31.815562" level="INFO">${expected_keysTwo} = ['username', 'password']</msg>
<var>${expected_keysTwo}</var>
<arg>username</arg>
<arg>password</arg>
<doc>Returns a list containing given items.</doc>
<status status="PASS" start="2024-08-09T07:14:31.815431" elapsed="0.000181"/>
</kw>
<for flavor="IN">
<iter>
<kw name="Dictionary Should Contain Key" owner="Collections">
<arg>${json_data['results'][0]['login']}</arg>
<arg>${keyTwo}</arg>
<doc>Fails if ``key`` is not found from ``dictionary``.</doc>
<status status="PASS" start="2024-08-09T07:14:31.816102" elapsed="0.000400"/>
</kw>
<kw name="Dictionary Should Contain Key" owner="Collections">
<arg>${json_data['results'][0]['login']}</arg>
<arg>${keyTwo}</arg>
<doc>Fails if ``key`` is not found from ``dictionary``.</doc>
<status status="PASS" start="2024-08-09T07:14:31.816684" elapsed="0.000406"/>
</kw>
<kw name="Log" owner="BuiltIn">
<msg time="2024-08-09T07:14:31.817392" level="INFO">username</msg>
<arg>${keyTwo}</arg>
<doc>Logs the given message with the given level.</doc>
<status status="PASS" start="2024-08-09T07:14:31.817271" elapsed="0.000159"/>
</kw>
<var name="${keyTwo}">username</var>
<status status="PASS" start="2024-08-09T07:14:31.815997" elapsed="0.001654"/>
</iter>
<iter>
<kw name="Dictionary Should Contain Key" owner="Collections">
<arg>${json_data['results'][0]['login']}</arg>
<arg>${keyTwo}</arg>
<doc>Fails if ``key`` is not found from ``dictionary``.</doc>
<status status="PASS" start="2024-08-09T07:14:31.817927" elapsed="0.000390"/>
</kw>
<kw name="Dictionary Should Contain Key" owner="Collections">
<arg>${json_data['results'][0]['login']}</arg>
<arg>${keyTwo}</arg>
<doc>Fails if ``key`` is not found from ``dictionary``.</doc>
<status status="PASS" start="2024-08-09T07:14:31.818495" elapsed="0.000372"/>
</kw>
<kw name="Log" owner="BuiltIn">
<msg time="2024-08-09T07:14:31.819157" level="INFO">password</msg>
<arg>${keyTwo}</arg>
<doc>Logs the given message with the given level.</doc>
<status status="PASS" start="2024-08-09T07:14:31.819040" elapsed="0.000153"/>
</kw>
<var name="${keyTwo}">password</var>
<status status="PASS" start="2024-08-09T07:14:31.817821" elapsed="0.001590"/>
</iter>
<var>${keyTwo}</var>
<value>@{expected_keysTwo}</value>
<status status="PASS" start="2024-08-09T07:14:31.815850" elapsed="0.003682"/>
</for>
<status status="PASS" start="2024-08-09T07:14:31.501787" elapsed="0.317883"/>
</kw>
<doc>Testa a estrutura da resposta da API.</doc>
<tag>testeEstruturaResposta</tag>
<status status="PASS" start="2024-08-09T07:14:31.501302" elapsed="0.318517"/>
</test>
<test id="s1-s1-t4" name="Validar tipos de dados" line="28">
<kw name="Teste de Tipos de Dados" owner="random-user-service">
<kw name="GET On Session" owner="RequestsLibrary">
<msg time="2024-08-09T07:14:31.921775" level="INFO">GET Request : url=https://randomuser.me/api 
 path_url=/api 
 headers={'User-Agent': 'python-requests/2.32.3', 'Accept-Encoding': 'gzip, deflate', 'Accept': '*/*', 'Connection': 'keep-alive'} 
 body=None 
 </msg>
<msg time="2024-08-09T07:14:31.921861" level="INFO">GET Response : url=https://randomuser.me/api 
 status=200, reason=OK 
 headers={'Date': 'Fri, 09 Aug 2024 07:14:31 GMT', 'Content-Type': 'application/json; charset=utf-8', 'Transfer-Encoding': 'chunked', 'Connection': 'keep-alive', 'X-Powered-By': 'Express', 'Access-Control-Allow-Origin': '*', 'Cache-Control': 'no-cache', 'ETag': 'W/"46e-1LDuR9Tgyu2z1R5ZwOqZXGwUoPw"', 'Vary': 'Accept-Encoding', 'Content-Encoding': 'gzip', 'CF-Cache-Status': 'DYNAMIC', 'Report-To': '{"endpoints":[{"url":"https:\\/\\/a.nel.cloudflare.com\\/report\\/v4?s=MHUfMKJ05kYcH0v3la8fKzuzmqCE8mv0SOkkKH9kFISW4VwinhEGYYXoHFO%2BKX6r2wqDj97GnMgox2f6qrnAtDoHkluRq9o3mtlXLmGex49H%2BsvP6ifHSjM8tT0V0ExJ"}],"group":"cf-nel","max_age":604800}', 'NEL': '{"success_fraction":0,"report_to":"cf-nel","max_age":604800}', 'Server': 'cloudflare', 'CF-RAY': '8b05f324ee753950-IAD', 'alt-svc': 'h3=":443"; ma=86400'} 
 body={"results":[{"gender":"male","name":{"title":"Mr","first":"رهام","last":"مرادی"},"location":{"street":{"number":5987,"name":"پیروزی"},"city":"ملارد","state":"گلستان","country":"Iran","postcode":91790,"coordinates":{"latitude":"15.0322","longitude":"-153.5915"},"timezone":{"offset":"-2:00","description":"Mid-Atlantic"}},"email":"rhm.mrdy@example.com","login":{"uuid":"6969fcee-dc7a-4f71-8467-5995130c8947","username":"greenkoala397","password":"divine","salt":"2WCO8Cds","md5":"e840b524542e2c953d28faded53aeccf","sha1":"7daf5fefe0dd7c5fe718b5837fcc848092ccf3fb","sha256":"eb9c4ce133b69577f8233febcde0df1d0c94a404bc63beb745b25d8730390c28"},"dob":{"date":"1979-09-14T23:05:26.062Z","age":44},"registered":{"date":"2014-02-06T04:07:12.655Z","age":10},"phone":"012-07562434","cell":"0910-703-1478","id":{"name":"","value":null},"picture":{"large":"https://randomuser.me/api/portraits/men/37.jpg","medium":"https://randomuser.me/api/portraits/med/men/37.jpg","thumbnail":"https://randomuser.me/api/portraits/thumb/men/37.jpg"},"nat":"IR"}],"info":{"seed":"c34d5abf77476ebf","results":1,"page":1,"version":"1.4"}} 
 </msg>
<msg time="2024-08-09T07:14:31.921937" level="INFO">/opt/hostedtoolcache/Python/3.12.4/x64/lib/python3.12/site-packages/urllib3/connectionpool.py:1099: InsecureRequestWarning: Unverified HTTPS request is being made to host 'randomuser.me'. Adding certificate verification is strongly advised. See: https://urllib3.readthedocs.io/en/latest/advanced-usage.html#tls-warnings
  warnings.warn(</msg>
<msg time="2024-08-09T07:14:31.922047" level="INFO">${response} = &lt;Response [200]&gt;</msg>
<var>${response}</var>
<arg>consultarAPI</arg>
<arg>/api</arg>
<doc>Sends a GET request on a previously created HTTP Session.</doc>
<status status="PASS" start="2024-08-09T07:14:31.822247" elapsed="0.099852"/>
</kw>
<kw name="Set Variable" owner="BuiltIn">
<msg time="2024-08-09T07:14:31.923016" level="INFO">${json_data} = {'results': [{'gender': 'male', 'name': {'title': 'Mr', 'first': 'رهام', 'last': 'مرادی'}, 'location': {'street': {'number': 5987, 'name': 'پیروزی'}, 'city': 'ملارد', 'state': 'گلستان', 'country': 'Ir...</msg>
<var>${json_data}</var>
<arg>${response.json()}</arg>
<doc>Returns the given values which can then be assigned to a variables.</doc>
<status status="PASS" start="2024-08-09T07:14:31.922565" elapsed="0.000481"/>
</kw>
<kw name="Log" owner="BuiltIn">
<msg time="2024-08-09T07:14:31.923502" level="INFO">{'results': [{'gender': 'male', 'name': {'title': 'Mr', 'first': 'رهام', 'last': 'مرادی'}, 'location': {'street': {'number': 5987, 'name': 'پیروزی'}, 'city': 'ملارد', 'state': 'گلستان', 'country': 'Iran', 'postcode': 91790, 'coordinates': {'latitude': '15.0322', 'longitude': '-153.5915'}, 'timezone': {'offset': '-2:00', 'description': 'Mid-Atlantic'}}, 'email': 'rhm.mrdy@example.com', 'login': {'uuid': '6969fcee-dc7a-4f71-8467-5995130c8947', 'username': 'greenkoala397', 'password': 'divine', 'salt': '2WCO8Cds', 'md5': 'e840b524542e2c953d28faded53aeccf', 'sha1': '7daf5fefe0dd7c5fe718b5837fcc848092ccf3fb', 'sha256': 'eb9c4ce133b69577f8233febcde0df1d0c94a404bc63beb745b25d8730390c28'}, 'dob': {'date': '1979-09-14T23:05:26.062Z', 'age': 44}, 'registered': {'date': '2014-02-06T04:07:12.655Z', 'age': 10}, 'phone': '012-07562434', 'cell': '0910-703-1478', 'id': {'name': '', 'value': None}, 'picture': {'large': 'https://randomuser.me/api/portraits/men/37.jpg', 'medium': 'https://randomuser.me/api/portraits/med/men/37.jpg', 'thumbnail': 'https://randomuser.me/api/portraits/thumb/men/37.jpg'}, 'nat': 'IR'}], 'info': {'seed': 'c34d5abf77476ebf', 'results': 1, 'page': 1, 'version': '1.4'}}</msg>
<arg>${json_data}</arg>
<doc>Logs the given message with the given level.</doc>
<status status="PASS" start="2024-08-09T07:14:31.923346" elapsed="0.000205"/>
</kw>
<kw name="Should Be String" owner="String">
<arg>${json_data['results'][0]['gender']}</arg>
<doc>Fails if the given ``item`` is not a string.</doc>
<status status="PASS" start="2024-08-09T07:14:31.923847" elapsed="0.000360"/>
</kw>
<kw name="Should Match Regexp" owner="BuiltIn">
<arg>${json_data['results'][0]['email']}</arg>
<arg>^[a-zA-Z0-9._%+-]+@[a-zA-Z0-9.-]+\.[a-zA-Z]{2,}$</arg>
<doc>Fails if ``string`` does not match ``pattern`` as a regular expression.</doc>
<status status="PASS" start="2024-08-09T07:14:31.924399" elapsed="0.000563"/>
</kw>
<kw name="Should Match Regexp" owner="BuiltIn">
<arg>${json_data['results'][0]['dob']['date']}</arg>
<arg>\\d{4}-\\d{2}-\\d{2}T\\d{2}:\\d{2}:\\d{2}\\.\\d{3}Z</arg>
<doc>Fails if ``string`` does not match ``pattern`` as a regular expression.</doc>
<status status="PASS" start="2024-08-09T07:14:31.925192" elapsed="0.000604"/>
</kw>
<kw name="Should Match Regexp" owner="BuiltIn">
<arg>${json_data['results'][0]['registered']['date']}</arg>
<arg>\\d{4}-\\d{2}-\\d{2}T\\d{2}:\\d{2}:\\d{2}\\.\\d{3}Z</arg>
<doc>Fails if ``string`` does not match ``pattern`` as a regular expression.</doc>
<status status="PASS" start="2024-08-09T07:14:31.925986" elapsed="0.000379"/>
</kw>
<kw name="Should Match Regexp" owner="BuiltIn">
<arg>${json_data['results'][0]['picture']['large']}</arg>
<arg>^https?://.*\.(?:png|jpe?g|gif|bmp)$</arg>
<doc>Fails if ``string`` does not match ``pattern`` as a regular expression.</doc>
<status status="PASS" start="2024-08-09T07:14:31.926546" elapsed="0.000454"/>
</kw>
<kw name="Should Match Regexp" owner="BuiltIn">
<arg>${json_data['results'][0]['picture']['medium']}</arg>
<arg>^https?://.*\.(?:png|jpe?g|gif|bmp)$</arg>
<doc>Fails if ``string`` does not match ``pattern`` as a regular expression.</doc>
<status status="PASS" start="2024-08-09T07:14:31.927188" elapsed="0.000354"/>
</kw>
<kw name="Should Match Regexp" owner="BuiltIn">
<arg>${json_data['results'][0]['picture']['thumbnail']}</arg>
<arg>^https?://.*\.(?:png|jpe?g|gif|bmp)$</arg>
<doc>Fails if ``string`` does not match ``pattern`` as a regular expression.</doc>
<status status="PASS" start="2024-08-09T07:14:31.927724" elapsed="0.000351"/>
</kw>
<kw name="Log" owner="BuiltIn">
<msg time="2024-08-09T07:14:31.928586" level="INFO">{'large': 'https://randomuser.me/api/portraits/men/37.jpg', 'medium': 'https://randomuser.me/api/portraits/med/men/37.jpg', 'thumbnail': 'https://randomuser.me/api/portraits/thumb/men/37.jpg'}</msg>
<arg>${json_data['results'][0]['picture']}</arg>
<doc>Logs the given message with the given level.</doc>
<status status="PASS" start="2024-08-09T07:14:31.928260" elapsed="0.000367"/>
</kw>
<status status="PASS" start="2024-08-09T07:14:31.822022" elapsed="0.106877"/>
</kw>
<kw name="Teste de Tipos de Dados - Postcode" owner="random-user-service">
<kw name="GET On Session" owner="RequestsLibrary">
<msg time="2024-08-09T07:14:31.959294" level="INFO">GET Request : url=https://randomuser.me/api 
 path_url=/api 
 headers={'User-Agent': 'python-requests/2.32.3', 'Accept-Encoding': 'gzip, deflate', 'Accept': '*/*', 'Connection': 'keep-alive'} 
 body=None 
 </msg>
<msg time="2024-08-09T07:14:31.959374" level="INFO">GET Response : url=https://randomuser.me/api 
 status=200, reason=OK 
 headers={'Date': 'Fri, 09 Aug 2024 07:14:31 GMT', 'Content-Type': 'application/json; charset=utf-8', 'Transfer-Encoding': 'chunked', 'Connection': 'keep-alive', 'X-Powered-By': 'Express', 'Access-Control-Allow-Origin': '*', 'Cache-Control': 'no-cache', 'ETag': 'W/"477-ynKzeM/qxNvDCs237xqtYbVmhxg"', 'Vary': 'Accept-Encoding', 'Content-Encoding': 'gzip', 'CF-Cache-Status': 'DYNAMIC', 'Report-To': '{"endpoints":[{"url":"https:\\/\\/a.nel.cloudflare.com\\/report\\/v4?s=sbP7DViwrGWjbfYYENITkZZ8Q2kfB1yqNfaqKq5cHTtz5%2F%2BM4Mh3eZNNDqWtSgwHPqw2yA3HtM7l%2FM8r7BRtXJhVLfSLKlL19U8hk%2BMElG%2FyYKO117%2FyEyUg%2B49wUoyg"}],"group":"cf-nel","max_age":604800}', 'NEL': '{"success_fraction":0,"report_to":"cf-nel","max_age":604800}', 'Server': 'cloudflare', 'CF-RAY': '8b05f3259ee43950-IAD', 'alt-svc': 'h3=":443"; ma=86400'} 
 body={"results":[{"gender":"male","name":{"title":"Mr","first":"Nagesh","last":"Bhat"},"location":{"street":{"number":1048,"name":"Shivajinagar"},"city":"Chandigarh","state":"Maharashtra","country":"India","postcode":82942,"coordinates":{"latitude":"6.0608","longitude":"-136.8805"},"timezone":{"offset":"+9:30","description":"Adelaide, Darwin"}},"email":"nagesh.bhat@example.com","login":{"uuid":"92e1e39c-5ea7-426f-9e94-d607b4eae658","username":"organicfish839","password":"tracey","salt":"w3OEkx9J","md5":"bc9040d6cd7607d3dc8fb123bdc1a5ba","sha1":"51895ab0c4f8ebe8eae4169a32ba829314e8d746","sha256":"ea7622648d46442d2fcfa70359642d4619936e68fbef9571166bbdfc824d1243"},"dob":{"date":"1967-04-29T16:11:13.006Z","age":57},"registered":{"date":"2003-04-04T19:11:54.308Z","age":21},"phone":"9296943530","cell":"9398611728","id":{"name":"UIDAI","value":"680093102415"},"picture":{"large":"https://randomuser.me/api/portraits/men/48.jpg","medium":"https://randomuser.me/api/portraits/med/men/48.jpg","thumbnail":"https://randomuser.me/api/portraits/thumb/men/48.jpg"},"nat":"IN"}],"info":{"seed":"f479e9188fd4ffff","results":1,"page":1,"version":"1.4"}} 
 </msg>
<msg time="2024-08-09T07:14:31.959428" level="INFO">/opt/hostedtoolcache/Python/3.12.4/x64/lib/python3.12/site-packages/urllib3/connectionpool.py:1099: InsecureRequestWarning: Unverified HTTPS request is being made to host 'randomuser.me'. Adding certificate verification is strongly advised. See: https://urllib3.readthedocs.io/en/latest/advanced-usage.html#tls-warnings
  warnings.warn(</msg>
<msg time="2024-08-09T07:14:31.959506" level="INFO">${response} = &lt;Response [200]&gt;</msg>
<var>${response}</var>
<arg>consultarAPI</arg>
<arg>/api</arg>
<doc>Sends a GET request on a previously created HTTP Session.</doc>
<status status="PASS" start="2024-08-09T07:14:31.929330" elapsed="0.030207"/>
</kw>
<kw name="Set Variable" owner="BuiltIn">
<msg time="2024-08-09T07:14:31.960337" level="INFO">${json_data} = {'results': [{'gender': 'male', 'name': {'title': 'Mr', 'first': 'Nagesh', 'last': 'Bhat'}, 'location': {'street': {'number': 1048, 'name': 'Shivajinagar'}, 'city': 'Chandigarh', 'state': 'Maharashtra...</msg>
<var>${json_data}</var>
<arg>${response.json()}</arg>
<doc>Returns the given values which can then be assigned to a variables.</doc>
<status status="PASS" start="2024-08-09T07:14:31.959904" elapsed="0.000460"/>
</kw>
<kw name="Log" owner="BuiltIn">
<msg time="2024-08-09T07:14:31.960803" level="INFO">{'results': [{'gender': 'male', 'name': {'title': 'Mr', 'first': 'Nagesh', 'last': 'Bhat'}, 'location': {'street': {'number': 1048, 'name': 'Shivajinagar'}, 'city': 'Chandigarh', 'state': 'Maharashtra', 'country': 'India', 'postcode': 82942, 'coordinates': {'latitude': '6.0608', 'longitude': '-136.8805'}, 'timezone': {'offset': '+9:30', 'description': 'Adelaide, Darwin'}}, 'email': 'nagesh.bhat@example.com', 'login': {'uuid': '92e1e39c-5ea7-426f-9e94-d607b4eae658', 'username': 'organicfish839', 'password': 'tracey', 'salt': 'w3OEkx9J', 'md5': 'bc9040d6cd7607d3dc8fb123bdc1a5ba', 'sha1': '51895ab0c4f8ebe8eae4169a32ba829314e8d746', 'sha256': 'ea7622648d46442d2fcfa70359642d4619936e68fbef9571166bbdfc824d1243'}, 'dob': {'date': '1967-04-29T16:11:13.006Z', 'age': 57}, 'registered': {'date': '2003-04-04T19:11:54.308Z', 'age': 21}, 'phone': '9296943530', 'cell': '9398611728', 'id': {'name': 'UIDAI', 'value': '680093102415'}, 'picture': {'large': 'https://randomuser.me/api/portraits/men/48.jpg', 'medium': 'https://randomuser.me/api/portraits/med/men/48.jpg', 'thumbnail': 'https://randomuser.me/api/portraits/thumb/men/48.jpg'}, 'nat': 'IN'}], 'info': {'seed': 'f479e9188fd4ffff', 'results': 1, 'page': 1, 'version': '1.4'}}</msg>
<arg>${json_data}</arg>
<doc>Logs the given message with the given level.</doc>
<status status="PASS" start="2024-08-09T07:14:31.960656" elapsed="0.000192"/>
</kw>
<kw name="Should Be Equal As Numbers" owner="BuiltIn">
<arg>${json_data['results'][0]['location']['postcode']}</arg>
<arg>${json_data['results'][0]['location']['postcode']}</arg>
<doc>Fails if objects are unequal after converting them to real numbers.</doc>
<status status="PASS" start="2024-08-09T07:14:31.961190" elapsed="0.000612"/>
</kw>
<kw name="Log" owner="BuiltIn">
<msg time="2024-08-09T07:14:31.962333" level="INFO">82942</msg>
<arg>${json_data['results'][0]['location']['postcode']}</arg>
<doc>Logs the given message with the given level.</doc>
<status status="PASS" start="2024-08-09T07:14:31.961995" elapsed="0.000377"/>
</kw>
<status status="PASS" start="2024-08-09T07:14:31.929116" elapsed="0.033526"/>
</kw>
<doc>Testa se os tipos de dados na resposta da API estão corretos.</doc>
<tag>testeTiposDados</tag>
<status status="PASS" start="2024-08-09T07:14:31.821578" elapsed="0.141222"/>
</test>
<test id="s1-s1-t5" name="Validar conteudo" line="35">
<kw name="Teste de Tipos de Conteudo" owner="random-user-service">
<kw name="GET On Session" owner="RequestsLibrary">
<msg time="2024-08-09T07:14:32.067182" level="INFO">GET Request : url=https://randomuser.me/api 
 path_url=/api 
 headers={'User-Agent': 'python-requests/2.32.3', 'Accept-Encoding': 'gzip, deflate', 'Accept': '*/*', 'Connection': 'keep-alive'} 
 body=None 
 </msg>
<msg time="2024-08-09T07:14:32.067244" level="INFO">GET Response : url=https://randomuser.me/api 
 status=200, reason=OK 
 headers={'Date': 'Fri, 09 Aug 2024 07:14:32 GMT', 'Content-Type': 'application/json; charset=utf-8', 'Transfer-Encoding': 'chunked', 'Connection': 'keep-alive', 'X-Powered-By': 'Express', 'Access-Control-Allow-Origin': '*', 'Cache-Control': 'no-cache', 'ETag': 'W/"490-b3rZ13yvSXeL4LLI1xg/N5SJ9x4"', 'Vary': 'Accept-Encoding', 'Content-Encoding': 'gzip', 'CF-Cache-Status': 'DYNAMIC', 'Report-To': '{"endpoints":[{"url":"https:\\/\\/a.nel.cloudflare.com\\/report\\/v4?s=ae6SLE0gAaUYV9%2Bd9swjPCgqK85oYiSMIJ22%2BhgeyWwIJFe%2BPmjfobkQThiAxrhtL2N9bl4sdf3W7N2K2aFNN9yYJiLaCSBies1Kft6QxQuwnDLDTk2RQ%2FECPFgfelzW"}],"group":"cf-nel","max_age":604800}', 'NEL': '{"success_fraction":0,"report_to":"cf-nel","max_age":604800}', 'Server': 'cloudflare', 'CF-RAY': '8b05f325df0e3950-IAD', 'alt-svc': 'h3=":443"; ma=86400'} 
 body={"results":[{"gender":"male","name":{"title":"Mr","first":"Thomas","last":"Roberts"},"location":{"street":{"number":9383,"name":"Riccarton Road"},"city":"Tauranga","state":"Gisborne","country":"New Zealand","postcode":14025,"coordinates":{"latitude":"51.0696","longitude":"-140.9798"},"timezone":{"offset":"+8:00","description":"Beijing, Perth, Singapore, Hong Kong"}},"email":"thomas.roberts@example.com","login":{"uuid":"e9dfcc30-0c1a-496a-9a51-200f4e971e79","username":"goldenbutterfly227","password":"nate","salt":"bYhOLyO1","md5":"5c1851066334d4ba2848bc6dc7fcaebe","sha1":"86fda4eeba9f8b9be871180c1a391fd81e94e510","sha256":"4afe10b5502bd27a7c9575a1795945197532bbc5dd936c63e321890fa1a3940c"},"dob":{"date":"1944-11-13T06:28:35.075Z","age":79},"registered":{"date":"2003-05-13T03:35:45.717Z","age":21},"phone":"(395)-409-4631","cell":"(889)-640-9170","id":{"name":"","value":null},"picture":{"large":"https://randomuser.me/api/portraits/men/98.jpg","medium":"https://randomuser.me/api/portraits/med/men/98.jpg","thumbnail":"https://randomuser.me/api/portraits/thumb/men/98.jpg"},"nat":"NZ"}],"info":{"seed":"236929f6d9db62b6","results":1,"page":1,"version":"1.4"}} 
 </msg>
<msg time="2024-08-09T07:14:32.067297" level="INFO">/opt/hostedtoolcache/Python/3.12.4/x64/lib/python3.12/site-packages/urllib3/connectionpool.py:1099: InsecureRequestWarning: Unverified HTTPS request is being made to host 'randomuser.me'. Adding certificate verification is strongly advised. See: https://urllib3.readthedocs.io/en/latest/advanced-usage.html#tls-warnings
  warnings.warn(</msg>
<msg time="2024-08-09T07:14:32.067380" level="INFO">${response} = &lt;Response [200]&gt;</msg>
<var>${response}</var>
<arg>consultarAPI</arg>
<arg>/api</arg>
<doc>Sends a GET request on a previously created HTTP Session.</doc>
<status status="PASS" start="2024-08-09T07:14:31.965664" elapsed="0.101739"/>
</kw>
<kw name="Set Variable" owner="BuiltIn">
<msg time="2024-08-09T07:14:32.068291" level="INFO">${json_data} = {'results': [{'gender': 'male', 'name': {'title': 'Mr', 'first': 'Thomas', 'last': 'Roberts'}, 'location': {'street': {'number': 9383, 'name': 'Riccarton Road'}, 'city': 'Tauranga', 'state': 'Gisborne...</msg>
<var>${json_data}</var>
<arg>${response.json()}</arg>
<doc>Returns the given values which can then be assigned to a variables.</doc>
<status status="PASS" start="2024-08-09T07:14:32.067856" elapsed="0.000465"/>
</kw>
<kw name="Set Variable" owner="BuiltIn">
<msg time="2024-08-09T07:14:32.069036" level="INFO">${name_title} = Mr</msg>
<var>${name_title}</var>
<arg>${json_data["results"][0]["name"]["title"]}</arg>
<doc>Returns the given values which can then be assigned to a variables.</doc>
<status status="PASS" start="2024-08-09T07:14:32.068619" elapsed="0.000442"/>
</kw>
<kw name="Create List" owner="BuiltIn">
<msg time="2024-08-09T07:14:32.069496" level="INFO">${allowed_titles} = ['Mr', 'Ms', 'Miss', 'Mrs', 'Madame', 'Monsieur']</msg>
<var>${allowed_titles}</var>
<arg>Mr</arg>
<arg>Ms</arg>
<arg>Miss</arg>
<arg>Mrs</arg>
<arg>Madame</arg>
<arg>Monsieur</arg>
<doc>Returns a list containing given items.</doc>
<status status="PASS" start="2024-08-09T07:14:32.069350" elapsed="0.000177"/>
</kw>
<kw name="List Should Contain Value" owner="Collections">
<arg>${allowed_titles}</arg>
<arg>${name_title}</arg>
<doc>Fails if the ``value`` is not found from ``list``.</doc>
<status status="PASS" start="2024-08-09T07:14:32.069816" elapsed="0.000183"/>
</kw>
<kw name="Set Variable" owner="BuiltIn">
<msg time="2024-08-09T07:14:32.070555" level="INFO">${name_country} = NZ</msg>
<var>${name_country}</var>
<arg>${json_data["results"][0]["nat"]}</arg>
<doc>Returns the given values which can then be assigned to a variables.</doc>
<status status="PASS" start="2024-08-09T07:14:32.070185" elapsed="0.000395"/>
</kw>
<kw name="Create List" owner="BuiltIn">
<msg time="2024-08-09T07:14:32.071456" level="INFO">${list_country} = ['AD', 'AE', 'AF', 'AG', 'AI', 'AL', 'AM', 'AO', 'AQ', 'AR', 'AS', 'AT', 'AU', 'AW', 'AX', 'AZ', 'BA', 'BB', 'BD', 'BE', 'BF', 'BG', 'BH', 'BI', 'BJ', 'BL', 'BM', 'BN', 'BO', 'BQ', 'BR', 'BS', 'BT', '...</msg>
<var>${list_country}</var>
<arg>AD</arg>
<arg>AE</arg>
<arg>AF</arg>
<arg>AG</arg>
<arg>AI</arg>
<arg>AL</arg>
<arg>AM</arg>
<arg>AO</arg>
<arg>AQ</arg>
<arg>AR</arg>
<arg>AS</arg>
<arg>AT</arg>
<arg>AU</arg>
<arg>AW</arg>
<arg>AX</arg>
<arg>AZ</arg>
<arg>BA</arg>
<arg>BB</arg>
<arg>BD</arg>
<arg>BE</arg>
<arg>BF</arg>
<arg>BG</arg>
<arg>BH</arg>
<arg>BI</arg>
<arg>BJ</arg>
<arg>BL</arg>
<arg>BM</arg>
<arg>BN</arg>
<arg>BO</arg>
<arg>BQ</arg>
<arg>BR</arg>
<arg>BS</arg>
<arg>BT</arg>
<arg>BV</arg>
<arg>BW</arg>
<arg>BY</arg>
<arg>BZ</arg>
<arg>CA</arg>
<arg>CC</arg>
<arg>CD</arg>
<arg>CF</arg>
<arg>CG</arg>
<arg>CH</arg>
<arg>CI</arg>
<arg>CK</arg>
<arg>CL</arg>
<arg>CM</arg>
<arg>CN</arg>
<arg>CO</arg>
<arg>CR</arg>
<arg>CU</arg>
<arg>CV</arg>
<arg>CW</arg>
<arg>CX</arg>
<arg>CY</arg>
<arg>CZ</arg>
<arg>DE</arg>
<arg>DJ</arg>
<arg>DK</arg>
<arg>DM</arg>
<arg>DO</arg>
<arg>DZ</arg>
<arg>EC</arg>
<arg>EE</arg>
<arg>EG</arg>
<arg>EH</arg>
<arg>ER</arg>
<arg>ES</arg>
<arg>ET</arg>
<arg>FI</arg>
<arg>FJ</arg>
<arg>FK</arg>
<arg>FM</arg>
<arg>FO</arg>
<arg>FR</arg>
<arg>GA</arg>
<arg>GB</arg>
<arg>GD</arg>
<arg>GE</arg>
<arg>GF</arg>
<arg>GG</arg>
<arg>GH</arg>
<arg>GI</arg>
<arg>GL</arg>
<arg>GM</arg>
<arg>GN</arg>
<arg>GP</arg>
<arg>GQ</arg>
<arg>GR</arg>
<arg>GS</arg>
<arg>GT</arg>
<arg>GU</arg>
<arg>GW</arg>
<arg>GY</arg>
<arg>HK</arg>
<arg>HM</arg>
<arg>HN</arg>
<arg>HR</arg>
<arg>HT</arg>
<arg>HU</arg>
<arg>ID</arg>
<arg>IE</arg>
<arg>IL</arg>
<arg>IM</arg>
<arg>IN</arg>
<arg>IO</arg>
<arg>IQ</arg>
<arg>IR</arg>
<arg>IS</arg>
<arg>IT</arg>
<arg>JE</arg>
<arg>JM</arg>
<arg>JO</arg>
<arg>JP</arg>
<arg>KE</arg>
<arg>KG</arg>
<arg>KH</arg>
<arg>KI</arg>
<arg>KM</arg>
<arg>KN</arg>
<arg>KP</arg>
<arg>KR</arg>
<arg>KW</arg>
<arg>KY</arg>
<arg>KZ</arg>
<arg>LA</arg>
<arg>LB</arg>
<arg>LC</arg>
<arg>LI</arg>
<arg>LK</arg>
<arg>LR</arg>
<arg>LS</arg>
<arg>LT</arg>
<arg>LU</arg>
<arg>LV</arg>
<arg>LY</arg>
<arg>MA</arg>
<arg>MC</arg>
<arg>MD</arg>
<arg>ME</arg>
<arg>MF</arg>
<arg>MG</arg>
<arg>MH</arg>
<arg>MK</arg>
<arg>ML</arg>
<arg>MM</arg>
<arg>MN</arg>
<arg>MO</arg>
<arg>MP</arg>
<arg>MQ</arg>
<arg>MR</arg>
<arg>MS</arg>
<arg>MT</arg>
<arg>MU</arg>
<arg>MV</arg>
<arg>MW</arg>
<arg>MX</arg>
<arg>MY</arg>
<arg>MZ</arg>
<arg>NA</arg>
<arg>NC</arg>
<arg>NE</arg>
<arg>NF</arg>
<arg>NG</arg>
<arg>NI</arg>
<arg>NL</arg>
<arg>NO</arg>
<arg>NP</arg>
<arg>NR</arg>
<arg>NU</arg>
<arg>NZ</arg>
<arg>OM</arg>
<arg>PA</arg>
<arg>PE</arg>
<arg>PF</arg>
<arg>PG</arg>
<arg>PH</arg>
<arg>PK</arg>
<arg>PL</arg>
<arg>PM</arg>
<arg>PN</arg>
<arg>PR</arg>
<arg>PS</arg>
<arg>PT</arg>
<arg>PW</arg>
<arg>PY</arg>
<arg>QA</arg>
<arg>RE</arg>
<arg>RO</arg>
<arg>RS</arg>
<arg>RU</arg>
<arg>RW</arg>
<arg>SA</arg>
<arg>SB</arg>
<arg>SC</arg>
<arg>SD</arg>
<arg>SE</arg>
<arg>SG</arg>
<arg>SH</arg>
<arg>SI</arg>
<arg>SJ</arg>
<arg>SK</arg>
<arg>SL</arg>
<arg>SM</arg>
<arg>SN</arg>
<arg>SO</arg>
<arg>SR</arg>
<arg>SS</arg>
<arg>ST</arg>
<arg>SV</arg>
<arg>SX</arg>
<arg>SY</arg>
<arg>SZ</arg>
<arg>TC</arg>
<arg>TD</arg>
<arg>TF</arg>
<arg>TG</arg>
<arg>TH</arg>
<arg>TJ</arg>
<arg>TK</arg>
<arg>TL</arg>
<arg>TM</arg>
<arg>TN</arg>
<arg>TO</arg>
<arg>TR</arg>
<arg>TT</arg>
<arg>TV</arg>
<arg>TW</arg>
<arg>TZ</arg>
<arg>UA</arg>
<arg>UG</arg>
<arg>UM</arg>
<arg>US</arg>
<arg>UY</arg>
<arg>UZ</arg>
<arg>VA</arg>
<arg>VC</arg>
<arg>VE</arg>
<arg>VG</arg>
<arg>VI</arg>
<arg>VN</arg>
<arg>VU</arg>
<arg>WF</arg>
<arg>WS</arg>
<arg>XK</arg>
<arg>YE</arg>
<arg>YT</arg>
<arg>ZA</arg>
<arg>ZM</arg>
<arg>ZW</arg>
<doc>Returns a list containing given items.</doc>
<status status="PASS" start="2024-08-09T07:14:32.070864" elapsed="0.000618"/>
</kw>
<kw name="List Should Contain Value" owner="Collections">
<arg>${list_country}</arg>
<arg>${name_country}</arg>
<doc>Fails if the ``value`` is not found from ``list``.</doc>
<status status="PASS" start="2024-08-09T07:14:32.072397" elapsed="0.000208"/>
</kw>
<kw name="Run Keyword If" owner="BuiltIn">
<kw name="Should Be True" owner="BuiltIn">
<arg>${True}</arg>
<doc>Fails if the given condition is not true.</doc>
<status status="PASS" start="2024-08-09T07:14:32.073550" elapsed="0.000152"/>
</kw>
<arg>${json_data["results"][0]["location"]["coordinates"]["latitude"]} &gt;= -90 and ${json_data["results"][0]["location"]["coordinates"]["latitude"]} &lt;= 90</arg>
<arg>Should Be True</arg>
<arg>${True}</arg>
<doc>Runs the given keyword with the given arguments, if ``condition`` is true.</doc>
<status status="PASS" start="2024-08-09T07:14:32.072799" elapsed="0.001028"/>
</kw>
<kw name="Run Keyword If" owner="BuiltIn">
<kw name="Should Be True" owner="BuiltIn">
<arg>${True}</arg>
<doc>Fails if the given condition is not true.</doc>
<status status="PASS" start="2024-08-09T07:14:32.074702" elapsed="0.000134"/>
</kw>
<arg>${json_data["results"][0]["location"]["coordinates"]["longitude"]} &gt;= -180 and ${json_data["results"][0]["location"]["coordinates"]["longitude"]} &lt;= 180</arg>
<arg>Should Be True</arg>
<arg>${True}</arg>
<doc>Runs the given keyword with the given arguments, if ``condition`` is true.</doc>
<status status="PASS" start="2024-08-09T07:14:32.074010" elapsed="0.000948"/>
</kw>
<status status="PASS" start="2024-08-09T07:14:31.965291" elapsed="0.109801"/>
</kw>
<doc>Testa o conteúdo específico dos campos retornados pela API.</doc>
<tag>testeConteudo</tag>
<status status="PASS" start="2024-08-09T07:14:31.964598" elapsed="0.110634"/>
</test>
<status status="PASS" start="2024-08-09T07:14:30.914904" elapsed="1.162258"/>
</suite>
<status status="PASS" start="2024-08-09T07:14:30.900530" elapsed="1.181567"/>
</suite>
<statistics>
<total>
<stat pass="5" fail="0" skip="0">All Tests</stat>
</total>
<tag>
<stat pass="1" fail="0" skip="0">testeConteudo</stat>
<stat pass="1" fail="0" skip="0">testeEstruturaResposta</stat>
<stat pass="1" fail="0" skip="0">testeRequisicaoBasica</stat>
<stat pass="1" fail="0" skip="0">testeTiposDados</stat>
</tag>
<suite>
<stat pass="5" fail="0" skip="0" id="s1" name="Tests">Tests</stat>
<stat pass="5" fail="0" skip="0" id="s1-s1" name="Random-User-Test">Tests.Random-User-Test</stat>
</suite>
</statistics>
<errors>
</errors>
</robot>
