<?xml version="1.0" encoding="UTF-8"?>
<robot generator="Robot 7.0.1 (Python 3.12.4 on linux)" generated="2024-06-26T14:13:39.661313" rpa="false" schemaversion="5">
<suite id="s1" name="Tests" source="/home/runner/work/ApiRandomUser/ApiRandomUser/RamdonUser/tests">
<suite id="s1-s1" name="Random-User-Test" source="/home/runner/work/ApiRandomUser/ApiRandomUser/RamdonUser/tests/random-user-test.robot">
<test id="s1-s1-t1" name="Conectar" line="13">
<kw name="Conectar API" owner="random-user-service">
<kw name="Create Session" owner="RequestsLibrary">
<msg time="2024-06-26T14:13:40.075202" level="INFO">Creating Session using : alias=consultarAPI, url=https://randomuser.me/, headers={},                     cookies={}, auth=None, timeout=None, proxies=None, verify=False,                     debug=0 </msg>
<arg>consultarAPI</arg>
<arg>${URL}</arg>
<doc>Create Session: create a HTTP session to a server</doc>
<status status="PASS" start="2024-06-26T14:13:40.074999" elapsed="0.000388"/>
</kw>
<status status="PASS" start="2024-06-26T14:13:40.074013" elapsed="0.001734"/>
</kw>
<status status="PASS" start="2024-06-26T14:13:40.073361" elapsed="0.002579"/>
</test>
<test id="s1-s1-t2" name="Validar retorno 200 e JSON Válido" line="16">
<kw name="Teste de Requisicao Basica" owner="random-user-service">
<kw name="GET On Session" owner="RequestsLibrary">
<msg time="2024-06-26T14:13:40.269983" level="INFO">GET Request : url=https://randomuser.me/api 
 path_url=/api 
 headers={'User-Agent': 'python-requests/2.32.3', 'Accept-Encoding': 'gzip, deflate', 'Accept': '*/*', 'Connection': 'keep-alive'} 
 body=None 
 </msg>
<msg time="2024-06-26T14:13:40.270130" level="INFO">GET Response : url=https://randomuser.me/api 
 status=200, reason=OK 
 headers={'Date': 'Wed, 26 Jun 2024 14:13:40 GMT', 'Content-Type': 'application/json; charset=utf-8', 'Transfer-Encoding': 'chunked', 'Connection': 'keep-alive', 'X-Powered-By': 'Express', 'Access-Control-Allow-Origin': '*', 'Cache-Control': 'no-cache', 'ETag': 'W/"47c-b7Y11EyyjpT21VmyWX0S1Enp9dw"', 'Vary': 'Accept-Encoding', 'Content-Encoding': 'gzip', 'CF-Cache-Status': 'DYNAMIC', 'Report-To': '{"endpoints":[{"url":"https:\\/\\/a.nel.cloudflare.com\\/report\\/v4?s=Mvq9ejJujl1v%2BbFbH7nblyiGixi2bAklOYTjH3Ak%2F4NaSYEyTeTPM32%2BP1Nd87kOYTCWdg0E8YUrZuzsS%2BMcX%2BcUhEZQsjqWAdM5DBuxlhv74Ij20vr%2FdHM1H3jUgxEw"}],"group":"cf-nel","max_age":604800}', 'NEL': '{"success_fraction":0,"report_to":"cf-nel","max_age":604800}', 'Server': 'cloudflare', 'CF-RAY': '899dcc9e5e655974-IAD', 'alt-svc': 'h3=":443"; ma=86400'} 
 body={"results":[{"gender":"female","name":{"title":"Mrs","first":"Oriyana","last":"Babat"},"location":{"street":{"number":6697,"name":"Barvista"},"city":"Kiyiv","state":"Kirovogradska","country":"Ukraine","postcode":56879,"coordinates":{"latitude":"80.2714","longitude":"169.7876"},"timezone":{"offset":"+6:00","description":"Almaty, Dhaka, Colombo"}},"email":"oriyana.babat@example.com","login":{"uuid":"a08ca067-8e0f-46f4-9001-2e2ef9a99bb4","username":"beautifulcat936","password":"1948","salt":"6d9y8rKa","md5":"2f614936461bd2901512bcec37f7d020","sha1":"78eefe8705cb2d8f0fa094af02d18c77918c3e2d","sha256":"f67b0c30b80f823e455969c6c99da8b482c048452a4182cd7bd2eaac96fef4a3"},"dob":{"date":"1953-09-19T14:08:26.027Z","age":70},"registered":{"date":"2019-11-27T04:27:58.200Z","age":4},"phone":"(097) R66-6727","cell":"(096) A66-5769","id":{"name":"","value":null},"picture":{"large":"https://randomuser.me/api/portraits/women/91.jpg","medium":"https://randomuser.me/api/portraits/med/women/91.jpg","thumbnail":"https://randomuser.me/api/portraits/thumb/women/91.jpg"},"nat":"UA"}],"info":{"seed":"8152292f9e1508e7","results":1,"page":1,"version":"1.4"}} 
 </msg>
<msg time="2024-06-26T14:13:40.270217" level="INFO">/opt/hostedtoolcache/Python/3.12.4/x64/lib/python3.12/site-packages/urllib3/connectionpool.py:1099: InsecureRequestWarning: Unverified HTTPS request is being made to host 'randomuser.me'. Adding certificate verification is strongly advised. See: https://urllib3.readthedocs.io/en/latest/advanced-usage.html#tls-warnings
  warnings.warn(</msg>
<msg time="2024-06-26T14:13:40.270461" level="INFO">${response} = &lt;Response [200]&gt;</msg>
<var>${response}</var>
<arg>consultarAPI</arg>
<arg>/api</arg>
<doc>Sends a GET request on a previously created HTTP Session.</doc>
<status status="PASS" start="2024-06-26T14:13:40.078609" elapsed="0.191887"/>
</kw>
<kw name="Should Be Equal As Numbers" owner="BuiltIn">
<msg time="2024-06-26T14:13:40.271445" level="INFO">Argument types are:
&lt;class 'int'&gt;
&lt;class 'str'&gt;</msg>
<arg>${response.status_code}</arg>
<arg>200</arg>
<doc>Fails if objects are unequal after converting them to real numbers.</doc>
<status status="PASS" start="2024-06-26T14:13:40.270993" elapsed="0.000516"/>
</kw>
<kw name="Log" owner="BuiltIn">
<msg time="2024-06-26T14:13:40.272178" level="INFO">200</msg>
<arg>${response.status_code}</arg>
<doc>Logs the given message with the given level.</doc>
<status status="PASS" start="2024-06-26T14:13:40.271825" elapsed="0.000394"/>
</kw>
<kw name="Set Variable" owner="BuiltIn">
<msg time="2024-06-26T14:13:40.272949" level="INFO">${json_data} = {'results': [{'gender': 'female', 'name': {'title': 'Mrs', 'first': 'Oriyana', 'last': 'Babat'}, 'location': {'street': {'number': 6697, 'name': 'Barvista'}, 'city': 'Kiyiv', 'state': 'Kirovogradska',...</msg>
<var>${json_data}</var>
<arg>${response.json()}</arg>
<doc>Returns the given values which can then be assigned to a variables.</doc>
<status status="PASS" start="2024-06-26T14:13:40.272518" elapsed="0.000459"/>
</kw>
<kw name="Dictionary Should Contain Key" owner="Collections">
<arg>${json_data}</arg>
<arg>results</arg>
<doc>Fails if ``key`` is not found from ``dictionary``.</doc>
<status status="PASS" start="2024-06-26T14:13:40.273271" elapsed="0.000165"/>
</kw>
<status status="PASS" start="2024-06-26T14:13:40.078365" elapsed="0.195241"/>
</kw>
<doc>Testa se a API responde corretamente e retorna um objeto JSON válido.</doc>
<tag>testeRequisicaoBasica</tag>
<status status="PASS" start="2024-06-26T14:13:40.077854" elapsed="0.195932"/>
</test>
<test id="s1-s1-t3" name="Validar estrutura de resposta" line="22">
<kw name="Teste de Estrutura de Resposta" owner="random-user-service">
<kw name="GET On Session" owner="RequestsLibrary">
<msg time="2024-06-26T14:13:40.364312" level="INFO">GET Request : url=https://randomuser.me/api 
 path_url=/api 
 headers={'User-Agent': 'python-requests/2.32.3', 'Accept-Encoding': 'gzip, deflate', 'Accept': '*/*', 'Connection': 'keep-alive'} 
 body=None 
 </msg>
<msg time="2024-06-26T14:13:40.364409" level="INFO">GET Response : url=https://randomuser.me/api 
 status=200, reason=OK 
 headers={'Date': 'Wed, 26 Jun 2024 14:13:40 GMT', 'Content-Type': 'application/json; charset=utf-8', 'Transfer-Encoding': 'chunked', 'Connection': 'keep-alive', 'X-Powered-By': 'Express', 'Access-Control-Allow-Origin': '*', 'Cache-Control': 'no-cache', 'ETag': 'W/"474-iYtxSYLRd3EB03pQyAS/mQU7bZ8"', 'Vary': 'Accept-Encoding', 'Content-Encoding': 'gzip', 'CF-Cache-Status': 'DYNAMIC', 'Report-To': '{"endpoints":[{"url":"https:\\/\\/a.nel.cloudflare.com\\/report\\/v4?s=0lbRmQRRpF%2F46NnR8bCwwGFPWJd7mmWxXsfT0iOCTEMJHBCOguM%2Fo%2BieL1lSQM5hB1Gvf10L5KOdynDaZYLMvxSupapSM7f1jSdCmMOHAlsddAgLWNfG7jcnpiaX9Gpa"}],"group":"cf-nel","max_age":604800}', 'NEL': '{"success_fraction":0,"report_to":"cf-nel","max_age":604800}', 'Server': 'cloudflare', 'CF-RAY': '899dcc9ebebf5974-IAD', 'alt-svc': 'h3=":443"; ma=86400'} 
 body={"results":[{"gender":"male","name":{"title":"Mr","first":"Mehmet","last":"Öymen"},"location":{"street":{"number":1150,"name":"Maçka Cd"},"city":"Muğla","state":"Hakkâri","country":"Turkey","postcode":29011,"coordinates":{"latitude":"64.4327","longitude":"-152.2704"},"timezone":{"offset":"-7:00","description":"Mountain Time (US &amp; Canada)"}},"email":"mehmet.oymen@example.com","login":{"uuid":"af21b953-669f-4788-bf79-aa796670fdad","username":"heavylion700","password":"winner","salt":"xAL9EHG0","md5":"2de69df4288fb77c670c5176bf0aea52","sha1":"4160ca9ea2cc48e4cfa153da14c201133e9274f7","sha256":"101f209cbfb14ce02dbb4a891d7dc64ad32cdc866fe872cee67e8e015252b71b"},"dob":{"date":"1982-04-27T22:40:52.049Z","age":42},"registered":{"date":"2012-04-11T02:05:42.986Z","age":12},"phone":"(344)-098-6803","cell":"(540)-681-6156","id":{"name":"","value":null},"picture":{"large":"https://randomuser.me/api/portraits/men/60.jpg","medium":"https://randomuser.me/api/portraits/med/men/60.jpg","thumbnail":"https://randomuser.me/api/portraits/thumb/men/60.jpg"},"nat":"TR"}],"info":{"seed":"d706cc6110562a11","results":1,"page":1,"version":"1.4"}} 
 </msg>
<msg time="2024-06-26T14:13:40.364556" level="INFO">/opt/hostedtoolcache/Python/3.12.4/x64/lib/python3.12/site-packages/urllib3/connectionpool.py:1099: InsecureRequestWarning: Unverified HTTPS request is being made to host 'randomuser.me'. Adding certificate verification is strongly advised. See: https://urllib3.readthedocs.io/en/latest/advanced-usage.html#tls-warnings
  warnings.warn(</msg>
<msg time="2024-06-26T14:13:40.364679" level="INFO">${response} = &lt;Response [200]&gt;</msg>
<var>${response}</var>
<arg>consultarAPI</arg>
<arg>/api</arg>
<doc>Sends a GET request on a previously created HTTP Session.</doc>
<status status="PASS" start="2024-06-26T14:13:40.276373" elapsed="0.088351"/>
</kw>
<kw name="Set Variable" owner="BuiltIn">
<msg time="2024-06-26T14:13:40.365754" level="INFO">${json_data} = {'results': [{'gender': 'male', 'name': {'title': 'Mr', 'first': 'Mehmet', 'last': 'Öymen'}, 'location': {'street': {'number': 1150, 'name': 'Maçka Cd'}, 'city': 'Muğla', 'state': 'Hakkâri', 'country'...</msg>
<var>${json_data}</var>
<arg>${response.json()}</arg>
<doc>Returns the given values which can then be assigned to a variables.</doc>
<status status="PASS" start="2024-06-26T14:13:40.365175" elapsed="0.000612"/>
</kw>
<kw name="Log" owner="BuiltIn">
<msg time="2024-06-26T14:13:40.366297" level="INFO">{'results': [{'gender': 'male', 'name': {'title': 'Mr', 'first': 'Mehmet', 'last': 'Öymen'}, 'location': {'street': {'number': 1150, 'name': 'Maçka Cd'}, 'city': 'Muğla', 'state': 'Hakkâri', 'country': 'Turkey', 'postcode': 29011, 'coordinates': {'latitude': '64.4327', 'longitude': '-152.2704'}, 'timezone': {'offset': '-7:00', 'description': 'Mountain Time (US &amp; Canada)'}}, 'email': 'mehmet.oymen@example.com', 'login': {'uuid': 'af21b953-669f-4788-bf79-aa796670fdad', 'username': 'heavylion700', 'password': 'winner', 'salt': 'xAL9EHG0', 'md5': '2de69df4288fb77c670c5176bf0aea52', 'sha1': '4160ca9ea2cc48e4cfa153da14c201133e9274f7', 'sha256': '101f209cbfb14ce02dbb4a891d7dc64ad32cdc866fe872cee67e8e015252b71b'}, 'dob': {'date': '1982-04-27T22:40:52.049Z', 'age': 42}, 'registered': {'date': '2012-04-11T02:05:42.986Z', 'age': 12}, 'phone': '(344)-098-6803', 'cell': '(540)-681-6156', 'id': {'name': '', 'value': None}, 'picture': {'large': 'https://randomuser.me/api/portraits/men/60.jpg', 'medium': 'https://randomuser.me/api/portraits/med/men/60.jpg', 'thumbnail': 'https://randomuser.me/api/portraits/thumb/men/60.jpg'}, 'nat': 'TR'}], 'info': {'seed': 'd706cc6110562a11', 'results': 1, 'page': 1, 'version': '1.4'}}</msg>
<arg>${json_data}</arg>
<doc>Logs the given message with the given level.</doc>
<status status="PASS" start="2024-06-26T14:13:40.366104" elapsed="0.000247"/>
</kw>
<kw name="Dictionary Should Contain Key" owner="Collections">
<arg>${json_data}</arg>
<arg>results</arg>
<doc>Fails if ``key`` is not found from ``dictionary``.</doc>
<status status="PASS" start="2024-06-26T14:13:40.366651" elapsed="0.000156"/>
</kw>
<kw name="Should Not Be Empty" owner="BuiltIn">
<msg time="2024-06-26T14:13:40.367121" level="INFO">Length is 2.</msg>
<arg>${json_data}</arg>
<doc>Verifies that the given item is not empty.</doc>
<status status="PASS" start="2024-06-26T14:13:40.366986" elapsed="0.000177"/>
</kw>
<kw name="Create List" owner="BuiltIn">
<msg time="2024-06-26T14:13:40.367754" level="INFO">${expected_keys} = ['gender', 'name', 'location', 'email', 'login']</msg>
<var>${expected_keys}</var>
<arg>gender</arg>
<arg>name</arg>
<arg>location</arg>
<arg>email</arg>
<arg>login</arg>
<doc>Returns a list containing given items.</doc>
<status status="PASS" start="2024-06-26T14:13:40.367457" elapsed="0.000321"/>
</kw>
<for flavor="IN">
<iter>
<kw name="Dictionary Should Contain Key" owner="Collections">
<arg>${json_data['results'][0]}</arg>
<arg>${key}</arg>
<doc>Fails if ``key`` is not found from ``dictionary``.</doc>
<status status="PASS" start="2024-06-26T14:13:40.368357" elapsed="0.000397"/>
</kw>
<kw name="Log" owner="BuiltIn">
<msg time="2024-06-26T14:13:40.369301" level="INFO">{'gender': 'male', 'name': {'title': 'Mr', 'first': 'Mehmet', 'last': 'Öymen'}, 'location': {'street': {'number': 1150, 'name': 'Maçka Cd'}, 'city': 'Muğla', 'state': 'Hakkâri', 'country': 'Turkey', 'postcode': 29011, 'coordinates': {'latitude': '64.4327', 'longitude': '-152.2704'}, 'timezone': {'offset': '-7:00', 'description': 'Mountain Time (US &amp; Canada)'}}, 'email': 'mehmet.oymen@example.com', 'login': {'uuid': 'af21b953-669f-4788-bf79-aa796670fdad', 'username': 'heavylion700', 'password': 'winner', 'salt': 'xAL9EHG0', 'md5': '2de69df4288fb77c670c5176bf0aea52', 'sha1': '4160ca9ea2cc48e4cfa153da14c201133e9274f7', 'sha256': '101f209cbfb14ce02dbb4a891d7dc64ad32cdc866fe872cee67e8e015252b71b'}, 'dob': {'date': '1982-04-27T22:40:52.049Z', 'age': 42}, 'registered': {'date': '2012-04-11T02:05:42.986Z', 'age': 12}, 'phone': '(344)-098-6803', 'cell': '(540)-681-6156', 'id': {'name': '', 'value': None}, 'picture': {'large': 'https://randomuser.me/api/portraits/men/60.jpg', 'medium': 'https://randomuser.me/api/portraits/med/men/60.jpg', 'thumbnail': 'https://randomuser.me/api/portraits/thumb/men/60.jpg'}, 'nat': 'TR'}</msg>
<arg>${json_data['results'][0]}</arg>
<doc>Logs the given message with the given level.</doc>
<status status="PASS" start="2024-06-26T14:13:40.368940" elapsed="0.000412"/>
</kw>
<kw name="Log" owner="BuiltIn">
<msg time="2024-06-26T14:13:40.369808" level="INFO">gender</msg>
<arg>${key}</arg>
<doc>Logs the given message with the given level.</doc>
<status status="PASS" start="2024-06-26T14:13:40.369678" elapsed="0.000168"/>
</kw>
<var name="${key}">gender</var>
<status status="PASS" start="2024-06-26T14:13:40.368234" elapsed="0.001832"/>
</iter>
<iter>
<kw name="Dictionary Should Contain Key" owner="Collections">
<arg>${json_data['results'][0]}</arg>
<arg>${key}</arg>
<doc>Fails if ``key`` is not found from ``dictionary``.</doc>
<status status="PASS" start="2024-06-26T14:13:40.370355" elapsed="0.000386"/>
</kw>
<kw name="Log" owner="BuiltIn">
<msg time="2024-06-26T14:13:40.371272" level="INFO">{'gender': 'male', 'name': {'title': 'Mr', 'first': 'Mehmet', 'last': 'Öymen'}, 'location': {'street': {'number': 1150, 'name': 'Maçka Cd'}, 'city': 'Muğla', 'state': 'Hakkâri', 'country': 'Turkey', 'postcode': 29011, 'coordinates': {'latitude': '64.4327', 'longitude': '-152.2704'}, 'timezone': {'offset': '-7:00', 'description': 'Mountain Time (US &amp; Canada)'}}, 'email': 'mehmet.oymen@example.com', 'login': {'uuid': 'af21b953-669f-4788-bf79-aa796670fdad', 'username': 'heavylion700', 'password': 'winner', 'salt': 'xAL9EHG0', 'md5': '2de69df4288fb77c670c5176bf0aea52', 'sha1': '4160ca9ea2cc48e4cfa153da14c201133e9274f7', 'sha256': '101f209cbfb14ce02dbb4a891d7dc64ad32cdc866fe872cee67e8e015252b71b'}, 'dob': {'date': '1982-04-27T22:40:52.049Z', 'age': 42}, 'registered': {'date': '2012-04-11T02:05:42.986Z', 'age': 12}, 'phone': '(344)-098-6803', 'cell': '(540)-681-6156', 'id': {'name': '', 'value': None}, 'picture': {'large': 'https://randomuser.me/api/portraits/men/60.jpg', 'medium': 'https://randomuser.me/api/portraits/med/men/60.jpg', 'thumbnail': 'https://randomuser.me/api/portraits/thumb/men/60.jpg'}, 'nat': 'TR'}</msg>
<arg>${json_data['results'][0]}</arg>
<doc>Logs the given message with the given level.</doc>
<status status="PASS" start="2024-06-26T14:13:40.370919" elapsed="0.000435"/>
</kw>
<kw name="Log" owner="BuiltIn">
<msg time="2024-06-26T14:13:40.371783" level="INFO">name</msg>
<arg>${key}</arg>
<doc>Logs the given message with the given level.</doc>
<status status="PASS" start="2024-06-26T14:13:40.371654" elapsed="0.000165"/>
</kw>
<var name="${key}">name</var>
<status status="PASS" start="2024-06-26T14:13:40.370246" elapsed="0.001789"/>
</iter>
<iter>
<kw name="Dictionary Should Contain Key" owner="Collections">
<arg>${json_data['results'][0]}</arg>
<arg>${key}</arg>
<doc>Fails if ``key`` is not found from ``dictionary``.</doc>
<status status="PASS" start="2024-06-26T14:13:40.372316" elapsed="0.000370"/>
</kw>
<kw name="Log" owner="BuiltIn">
<msg time="2024-06-26T14:13:40.373218" level="INFO">{'gender': 'male', 'name': {'title': 'Mr', 'first': 'Mehmet', 'last': 'Öymen'}, 'location': {'street': {'number': 1150, 'name': 'Maçka Cd'}, 'city': 'Muğla', 'state': 'Hakkâri', 'country': 'Turkey', 'postcode': 29011, 'coordinates': {'latitude': '64.4327', 'longitude': '-152.2704'}, 'timezone': {'offset': '-7:00', 'description': 'Mountain Time (US &amp; Canada)'}}, 'email': 'mehmet.oymen@example.com', 'login': {'uuid': 'af21b953-669f-4788-bf79-aa796670fdad', 'username': 'heavylion700', 'password': 'winner', 'salt': 'xAL9EHG0', 'md5': '2de69df4288fb77c670c5176bf0aea52', 'sha1': '4160ca9ea2cc48e4cfa153da14c201133e9274f7', 'sha256': '101f209cbfb14ce02dbb4a891d7dc64ad32cdc866fe872cee67e8e015252b71b'}, 'dob': {'date': '1982-04-27T22:40:52.049Z', 'age': 42}, 'registered': {'date': '2012-04-11T02:05:42.986Z', 'age': 12}, 'phone': '(344)-098-6803', 'cell': '(540)-681-6156', 'id': {'name': '', 'value': None}, 'picture': {'large': 'https://randomuser.me/api/portraits/men/60.jpg', 'medium': 'https://randomuser.me/api/portraits/med/men/60.jpg', 'thumbnail': 'https://randomuser.me/api/portraits/thumb/men/60.jpg'}, 'nat': 'TR'}</msg>
<arg>${json_data['results'][0]}</arg>
<doc>Logs the given message with the given level.</doc>
<status status="PASS" start="2024-06-26T14:13:40.372867" elapsed="0.000403"/>
</kw>
<kw name="Log" owner="BuiltIn">
<msg time="2024-06-26T14:13:40.373737" level="INFO">location</msg>
<arg>${key}</arg>
<doc>Logs the given message with the given level.</doc>
<status status="PASS" start="2024-06-26T14:13:40.373601" elapsed="0.000173"/>
</kw>
<var name="${key}">location</var>
<status status="PASS" start="2024-06-26T14:13:40.372209" elapsed="0.001782"/>
</iter>
<iter>
<kw name="Dictionary Should Contain Key" owner="Collections">
<arg>${json_data['results'][0]}</arg>
<arg>${key}</arg>
<doc>Fails if ``key`` is not found from ``dictionary``.</doc>
<status status="PASS" start="2024-06-26T14:13:40.374264" elapsed="0.000385"/>
</kw>
<kw name="Log" owner="BuiltIn">
<msg time="2024-06-26T14:13:40.375179" level="INFO">{'gender': 'male', 'name': {'title': 'Mr', 'first': 'Mehmet', 'last': 'Öymen'}, 'location': {'street': {'number': 1150, 'name': 'Maçka Cd'}, 'city': 'Muğla', 'state': 'Hakkâri', 'country': 'Turkey', 'postcode': 29011, 'coordinates': {'latitude': '64.4327', 'longitude': '-152.2704'}, 'timezone': {'offset': '-7:00', 'description': 'Mountain Time (US &amp; Canada)'}}, 'email': 'mehmet.oymen@example.com', 'login': {'uuid': 'af21b953-669f-4788-bf79-aa796670fdad', 'username': 'heavylion700', 'password': 'winner', 'salt': 'xAL9EHG0', 'md5': '2de69df4288fb77c670c5176bf0aea52', 'sha1': '4160ca9ea2cc48e4cfa153da14c201133e9274f7', 'sha256': '101f209cbfb14ce02dbb4a891d7dc64ad32cdc866fe872cee67e8e015252b71b'}, 'dob': {'date': '1982-04-27T22:40:52.049Z', 'age': 42}, 'registered': {'date': '2012-04-11T02:05:42.986Z', 'age': 12}, 'phone': '(344)-098-6803', 'cell': '(540)-681-6156', 'id': {'name': '', 'value': None}, 'picture': {'large': 'https://randomuser.me/api/portraits/men/60.jpg', 'medium': 'https://randomuser.me/api/portraits/med/men/60.jpg', 'thumbnail': 'https://randomuser.me/api/portraits/thumb/men/60.jpg'}, 'nat': 'TR'}</msg>
<arg>${json_data['results'][0]}</arg>
<doc>Logs the given message with the given level.</doc>
<status status="PASS" start="2024-06-26T14:13:40.374828" elapsed="0.000403"/>
</kw>
<kw name="Log" owner="BuiltIn">
<msg time="2024-06-26T14:13:40.375656" level="INFO">email</msg>
<arg>${key}</arg>
<doc>Logs the given message with the given level.</doc>
<status status="PASS" start="2024-06-26T14:13:40.375528" elapsed="0.000165"/>
</kw>
<var name="${key}">email</var>
<status status="PASS" start="2024-06-26T14:13:40.374158" elapsed="0.001748"/>
</iter>
<iter>
<kw name="Dictionary Should Contain Key" owner="Collections">
<arg>${json_data['results'][0]}</arg>
<arg>${key}</arg>
<doc>Fails if ``key`` is not found from ``dictionary``.</doc>
<status status="PASS" start="2024-06-26T14:13:40.376177" elapsed="0.000392"/>
</kw>
<kw name="Log" owner="BuiltIn">
<msg time="2024-06-26T14:13:40.377107" level="INFO">{'gender': 'male', 'name': {'title': 'Mr', 'first': 'Mehmet', 'last': 'Öymen'}, 'location': {'street': {'number': 1150, 'name': 'Maçka Cd'}, 'city': 'Muğla', 'state': 'Hakkâri', 'country': 'Turkey', 'postcode': 29011, 'coordinates': {'latitude': '64.4327', 'longitude': '-152.2704'}, 'timezone': {'offset': '-7:00', 'description': 'Mountain Time (US &amp; Canada)'}}, 'email': 'mehmet.oymen@example.com', 'login': {'uuid': 'af21b953-669f-4788-bf79-aa796670fdad', 'username': 'heavylion700', 'password': 'winner', 'salt': 'xAL9EHG0', 'md5': '2de69df4288fb77c670c5176bf0aea52', 'sha1': '4160ca9ea2cc48e4cfa153da14c201133e9274f7', 'sha256': '101f209cbfb14ce02dbb4a891d7dc64ad32cdc866fe872cee67e8e015252b71b'}, 'dob': {'date': '1982-04-27T22:40:52.049Z', 'age': 42}, 'registered': {'date': '2012-04-11T02:05:42.986Z', 'age': 12}, 'phone': '(344)-098-6803', 'cell': '(540)-681-6156', 'id': {'name': '', 'value': None}, 'picture': {'large': 'https://randomuser.me/api/portraits/men/60.jpg', 'medium': 'https://randomuser.me/api/portraits/med/men/60.jpg', 'thumbnail': 'https://randomuser.me/api/portraits/thumb/men/60.jpg'}, 'nat': 'TR'}</msg>
<arg>${json_data['results'][0]}</arg>
<doc>Logs the given message with the given level.</doc>
<status status="PASS" start="2024-06-26T14:13:40.376749" elapsed="0.000408"/>
</kw>
<kw name="Log" owner="BuiltIn">
<msg time="2024-06-26T14:13:40.377611" level="INFO">login</msg>
<arg>${key}</arg>
<doc>Logs the given message with the given level.</doc>
<status status="PASS" start="2024-06-26T14:13:40.377449" elapsed="0.000203"/>
</kw>
<var name="${key}">login</var>
<status status="PASS" start="2024-06-26T14:13:40.376072" elapsed="0.001801"/>
</iter>
<var>${key}</var>
<value>@{expected_keys}</value>
<status status="PASS" start="2024-06-26T14:13:40.368041" elapsed="0.009951"/>
</for>
<kw name="Create List" owner="BuiltIn">
<msg time="2024-06-26T14:13:40.378311" level="INFO">${expected_keysTwo} = ['username', 'password']</msg>
<var>${expected_keysTwo}</var>
<arg>username</arg>
<arg>password</arg>
<doc>Returns a list containing given items.</doc>
<status status="PASS" start="2024-06-26T14:13:40.378178" elapsed="0.000157"/>
</kw>
<for flavor="IN">
<iter>
<kw name="Dictionary Should Contain Key" owner="Collections">
<arg>${json_data['results'][0]['login']}</arg>
<arg>${keyTwo}</arg>
<doc>Fails if ``key`` is not found from ``dictionary``.</doc>
<status status="PASS" start="2024-06-26T14:13:40.378855" elapsed="0.000413"/>
</kw>
<kw name="Dictionary Should Contain Key" owner="Collections">
<arg>${json_data['results'][0]['login']}</arg>
<arg>${keyTwo}</arg>
<doc>Fails if ``key`` is not found from ``dictionary``.</doc>
<status status="PASS" start="2024-06-26T14:13:40.379450" elapsed="0.000402"/>
</kw>
<kw name="Log" owner="BuiltIn">
<msg time="2024-06-26T14:13:40.380149" level="INFO">username</msg>
<arg>${keyTwo}</arg>
<doc>Logs the given message with the given level.</doc>
<status status="PASS" start="2024-06-26T14:13:40.380029" elapsed="0.000156"/>
</kw>
<var name="${keyTwo}">username</var>
<status status="PASS" start="2024-06-26T14:13:40.378747" elapsed="0.001666"/>
</iter>
<iter>
<kw name="Dictionary Should Contain Key" owner="Collections">
<arg>${json_data['results'][0]['login']}</arg>
<arg>${keyTwo}</arg>
<doc>Fails if ``key`` is not found from ``dictionary``.</doc>
<status status="PASS" start="2024-06-26T14:13:40.380702" elapsed="0.000379"/>
</kw>
<kw name="Dictionary Should Contain Key" owner="Collections">
<arg>${json_data['results'][0]['login']}</arg>
<arg>${keyTwo}</arg>
<doc>Fails if ``key`` is not found from ``dictionary``.</doc>
<status status="PASS" start="2024-06-26T14:13:40.381256" elapsed="0.000410"/>
</kw>
<kw name="Log" owner="BuiltIn">
<msg time="2024-06-26T14:13:40.381969" level="INFO">password</msg>
<arg>${keyTwo}</arg>
<doc>Logs the given message with the given level.</doc>
<status status="PASS" start="2024-06-26T14:13:40.381847" elapsed="0.000157"/>
</kw>
<var name="${keyTwo}">password</var>
<status status="PASS" start="2024-06-26T14:13:40.380592" elapsed="0.001722"/>
</iter>
<var>${keyTwo}</var>
<value>@{expected_keysTwo}</value>
<status status="PASS" start="2024-06-26T14:13:40.378590" elapsed="0.003844"/>
</for>
<status status="PASS" start="2024-06-26T14:13:40.276137" elapsed="0.106436"/>
</kw>
<doc>Testa a estrutura da resposta da API.</doc>
<tag>testeEstruturaResposta</tag>
<status status="PASS" start="2024-06-26T14:13:40.275645" elapsed="0.107076"/>
</test>
<test id="s1-s1-t4" name="Validar tipos de dados" line="28">
<kw name="Teste de Tipos de Dados" owner="random-user-service">
<kw name="GET On Session" owner="RequestsLibrary">
<msg time="2024-06-26T14:13:40.490001" level="INFO">GET Request : url=https://randomuser.me/api 
 path_url=/api 
 headers={'User-Agent': 'python-requests/2.32.3', 'Accept-Encoding': 'gzip, deflate', 'Accept': '*/*', 'Connection': 'keep-alive'} 
 body=None 
 </msg>
<msg time="2024-06-26T14:13:40.490089" level="INFO">GET Response : url=https://randomuser.me/api 
 status=200, reason=OK 
 headers={'Date': 'Wed, 26 Jun 2024 14:13:40 GMT', 'Content-Type': 'application/json; charset=utf-8', 'Transfer-Encoding': 'chunked', 'Connection': 'keep-alive', 'X-Powered-By': 'Express', 'Access-Control-Allow-Origin': '*', 'Cache-Control': 'no-cache', 'ETag': 'W/"496-zxbAoTnf+4bfbgERfMev1Nkb2FY"', 'Vary': 'Accept-Encoding', 'Content-Encoding': 'gzip', 'CF-Cache-Status': 'DYNAMIC', 'Report-To': '{"endpoints":[{"url":"https:\\/\\/a.nel.cloudflare.com\\/report\\/v4?s=3aRM1wB6x0hf8jHeiR0GHuptny84mapO7%2FkFHGJjhDradxAKqq1%2BwAd8uAYdFZq9RIZxW6tdw5tm7t0ZExCfFsUPvu4gplGY4jv%2Bg0S44zKnYtNvoGpxFJ%2FSg0Hr5Eu5"}],"group":"cf-nel","max_age":604800}', 'NEL': '{"success_fraction":0,"report_to":"cf-nel","max_age":604800}', 'Server': 'cloudflare', 'CF-RAY': '899dcc9f6f5a5974-IAD', 'alt-svc': 'h3=":443"; ma=86400'} 
 body={"results":[{"gender":"male","name":{"title":"Mr","first":"Estanislau","last":"Rocha"},"location":{"street":{"number":7753,"name":"Rua São Paulo "},"city":"Magé","state":"Amapá","country":"Brazil","postcode":52136,"coordinates":{"latitude":"-75.8692","longitude":"-41.0164"},"timezone":{"offset":"-4:00","description":"Atlantic Time (Canada), Caracas, La Paz"}},"email":"estanislau.rocha@example.com","login":{"uuid":"5d4cc817-5268-4c67-802d-b845b53e63b7","username":"bigsnake768","password":"3333","salt":"vkzFYxCI","md5":"e4fb9af45394703c60ef5dad8d621bdc","sha1":"7044a58ddb8d94b9f4d0d860902a542f0d951a43","sha256":"d2c64bdd5005e932ffadeb6cfcd4750d12b3d566e3a6d0d28f93204e779b09de"},"dob":{"date":"1973-09-11T11:05:08.917Z","age":50},"registered":{"date":"2007-07-20T23:15:19.593Z","age":16},"phone":"(63) 2842-7425","cell":"(36) 2415-6482","id":{"name":"CPF","value":"398.218.811-16"},"picture":{"large":"https://randomuser.me/api/portraits/men/37.jpg","medium":"https://randomuser.me/api/portraits/med/men/37.jpg","thumbnail":"https://randomuser.me/api/portraits/thumb/men/37.jpg"},"nat":"BR"}],"info":{"seed":"09e5aaabd71d749c","results":1,"page":1,"version":"1.4"}} 
 </msg>
<msg time="2024-06-26T14:13:40.490162" level="INFO">/opt/hostedtoolcache/Python/3.12.4/x64/lib/python3.12/site-packages/urllib3/connectionpool.py:1099: InsecureRequestWarning: Unverified HTTPS request is being made to host 'randomuser.me'. Adding certificate verification is strongly advised. See: https://urllib3.readthedocs.io/en/latest/advanced-usage.html#tls-warnings
  warnings.warn(</msg>
<msg time="2024-06-26T14:13:40.490272" level="INFO">${response} = &lt;Response [200]&gt;</msg>
<var>${response}</var>
<arg>consultarAPI</arg>
<arg>/api</arg>
<doc>Sends a GET request on a previously created HTTP Session.</doc>
<status status="PASS" start="2024-06-26T14:13:40.385166" elapsed="0.105139"/>
</kw>
<kw name="Set Variable" owner="BuiltIn">
<msg time="2024-06-26T14:13:40.491325" level="INFO">${json_data} = {'results': [{'gender': 'male', 'name': {'title': 'Mr', 'first': 'Estanislau', 'last': 'Rocha'}, 'location': {'street': {'number': 7753, 'name': 'Rua São Paulo '}, 'city': 'Magé', 'state': 'Amapá', 'c...</msg>
<var>${json_data}</var>
<arg>${response.json()}</arg>
<doc>Returns the given values which can then be assigned to a variables.</doc>
<status status="PASS" start="2024-06-26T14:13:40.490798" elapsed="0.000557"/>
</kw>
<kw name="Log" owner="BuiltIn">
<msg time="2024-06-26T14:13:40.491821" level="INFO">{'results': [{'gender': 'male', 'name': {'title': 'Mr', 'first': 'Estanislau', 'last': 'Rocha'}, 'location': {'street': {'number': 7753, 'name': 'Rua São Paulo '}, 'city': 'Magé', 'state': 'Amapá', 'country': 'Brazil', 'postcode': 52136, 'coordinates': {'latitude': '-75.8692', 'longitude': '-41.0164'}, 'timezone': {'offset': '-4:00', 'description': 'Atlantic Time (Canada), Caracas, La Paz'}}, 'email': 'estanislau.rocha@example.com', 'login': {'uuid': '5d4cc817-5268-4c67-802d-b845b53e63b7', 'username': 'bigsnake768', 'password': '3333', 'salt': 'vkzFYxCI', 'md5': 'e4fb9af45394703c60ef5dad8d621bdc', 'sha1': '7044a58ddb8d94b9f4d0d860902a542f0d951a43', 'sha256': 'd2c64bdd5005e932ffadeb6cfcd4750d12b3d566e3a6d0d28f93204e779b09de'}, 'dob': {'date': '1973-09-11T11:05:08.917Z', 'age': 50}, 'registered': {'date': '2007-07-20T23:15:19.593Z', 'age': 16}, 'phone': '(63) 2842-7425', 'cell': '(36) 2415-6482', 'id': {'name': 'CPF', 'value': '398.218.811-16'}, 'picture': {'large': 'https://randomuser.me/api/portraits/men/37.jpg', 'medium': 'https://randomuser.me/api/portraits/med/men/37.jpg', 'thumbnail': 'https://randomuser.me/api/portraits/thumb/men/37.jpg'}, 'nat': 'BR'}], 'info': {'seed': '09e5aaabd71d749c', 'results': 1, 'page': 1, 'version': '1.4'}}</msg>
<arg>${json_data}</arg>
<doc>Logs the given message with the given level.</doc>
<status status="PASS" start="2024-06-26T14:13:40.491662" elapsed="0.000208"/>
</kw>
<kw name="Should Be String" owner="String">
<arg>${json_data['results'][0]['gender']}</arg>
<doc>Fails if the given ``item`` is not a string.</doc>
<status status="PASS" start="2024-06-26T14:13:40.492205" elapsed="0.000372"/>
</kw>
<kw name="Should Match Regexp" owner="BuiltIn">
<arg>${json_data['results'][0]['email']}</arg>
<arg>^[a-zA-Z0-9._%+-]+@[a-zA-Z0-9.-]+\.[a-zA-Z]{2,}$</arg>
<doc>Fails if ``string`` does not match ``pattern`` as a regular expression.</doc>
<status status="PASS" start="2024-06-26T14:13:40.492771" elapsed="0.000518"/>
</kw>
<kw name="Should Match Regexp" owner="BuiltIn">
<arg>${json_data['results'][0]['dob']['date']}</arg>
<arg>\\d{4}-\\d{2}-\\d{2}T\\d{2}:\\d{2}:\\d{2}\\.\\d{3}Z</arg>
<doc>Fails if ``string`` does not match ``pattern`` as a regular expression.</doc>
<status status="PASS" start="2024-06-26T14:13:40.493532" elapsed="0.000524"/>
</kw>
<kw name="Should Match Regexp" owner="BuiltIn">
<arg>${json_data['results'][0]['registered']['date']}</arg>
<arg>\\d{4}-\\d{2}-\\d{2}T\\d{2}:\\d{2}:\\d{2}\\.\\d{3}Z</arg>
<doc>Fails if ``string`` does not match ``pattern`` as a regular expression.</doc>
<status status="PASS" start="2024-06-26T14:13:40.494247" elapsed="0.000365"/>
</kw>
<kw name="Should Match Regexp" owner="BuiltIn">
<arg>${json_data['results'][0]['picture']['large']}</arg>
<arg>^https?://.*\.(?:png|jpe?g|gif|bmp)$</arg>
<doc>Fails if ``string`` does not match ``pattern`` as a regular expression.</doc>
<status status="PASS" start="2024-06-26T14:13:40.494797" elapsed="0.000454"/>
</kw>
<kw name="Should Match Regexp" owner="BuiltIn">
<arg>${json_data['results'][0]['picture']['medium']}</arg>
<arg>^https?://.*\.(?:png|jpe?g|gif|bmp)$</arg>
<doc>Fails if ``string`` does not match ``pattern`` as a regular expression.</doc>
<status status="PASS" start="2024-06-26T14:13:40.495435" elapsed="0.000350"/>
</kw>
<kw name="Should Match Regexp" owner="BuiltIn">
<arg>${json_data['results'][0]['picture']['thumbnail']}</arg>
<arg>^https?://.*\.(?:png|jpe?g|gif|bmp)$</arg>
<doc>Fails if ``string`` does not match ``pattern`` as a regular expression.</doc>
<status status="PASS" start="2024-06-26T14:13:40.495970" elapsed="0.000351"/>
</kw>
<kw name="Log" owner="BuiltIn">
<msg time="2024-06-26T14:13:40.496823" level="INFO">{'large': 'https://randomuser.me/api/portraits/men/37.jpg', 'medium': 'https://randomuser.me/api/portraits/med/men/37.jpg', 'thumbnail': 'https://randomuser.me/api/portraits/thumb/men/37.jpg'}</msg>
<arg>${json_data['results'][0]['picture']}</arg>
<doc>Logs the given message with the given level.</doc>
<status status="PASS" start="2024-06-26T14:13:40.496503" elapsed="0.000362"/>
</kw>
<status status="PASS" start="2024-06-26T14:13:40.384947" elapsed="0.112174"/>
</kw>
<kw name="Teste de Tipos de Dados - Postcode" owner="random-user-service">
<kw name="GET On Session" owner="RequestsLibrary">
<msg time="2024-06-26T14:13:40.565622" level="INFO">GET Request : url=https://randomuser.me/api 
 path_url=/api 
 headers={'User-Agent': 'python-requests/2.32.3', 'Accept-Encoding': 'gzip, deflate', 'Accept': '*/*', 'Connection': 'keep-alive'} 
 body=None 
 </msg>
<msg time="2024-06-26T14:13:40.565738" level="INFO">GET Response : url=https://randomuser.me/api 
 status=200, reason=OK 
 headers={'Date': 'Wed, 26 Jun 2024 14:13:40 GMT', 'Content-Type': 'application/json; charset=utf-8', 'Transfer-Encoding': 'chunked', 'Connection': 'keep-alive', 'X-Powered-By': 'Express', 'Access-Control-Allow-Origin': '*', 'Cache-Control': 'no-cache', 'ETag': 'W/"482-/6sdsBe1ONu/m4EAJEa3BgtsbN4"', 'Vary': 'Accept-Encoding', 'Content-Encoding': 'gzip', 'CF-Cache-Status': 'DYNAMIC', 'Report-To': '{"endpoints":[{"url":"https:\\/\\/a.nel.cloudflare.com\\/report\\/v4?s=G3LdBPRUPJ0gsXKnIVHCv0ITXxP1pnWSHLX2Z%2BBM%2BPgkPXzXz6RnAfHMRtlhR55jUBpAnFMIDpI7p7P%2BRtYxLHO8CVhiGBRKn%2Bo81F0jjtwVs0F7RIy2aQ5d2NYAINzk"}],"group":"cf-nel","max_age":604800}', 'NEL': '{"success_fraction":0,"report_to":"cf-nel","max_age":604800}', 'Server': 'cloudflare', 'CF-RAY': '899dcca018075974-IAD', 'alt-svc': 'h3=":443"; ma=86400'} 
 body={"results":[{"gender":"male","name":{"title":"Mr","first":"Jaxon","last":"Williams"},"location":{"street":{"number":4422,"name":"Collingwood Street"},"city":"Timaru","state":"Waikato","country":"New Zealand","postcode":94087,"coordinates":{"latitude":"50.5183","longitude":"-16.5809"},"timezone":{"offset":"-8:00","description":"Pacific Time (US &amp; Canada)"}},"email":"jaxon.williams@example.com","login":{"uuid":"8e272dde-9644-48e9-97ae-086499a7ed70","username":"redtiger127","password":"johnny1","salt":"LxppI5Lg","md5":"ddd5802113776afb456c497edc6154de","sha1":"3b0fc092a6b0d6a9aeffe4b542dff4a63ec16701","sha256":"e6d9036c8d6ec0c2cff3c2dff8e84f27851c883478cd7cbaf15b64a76cead2fa"},"dob":{"date":"1974-04-03T12:31:51.290Z","age":50},"registered":{"date":"2011-01-09T15:30:23.883Z","age":13},"phone":"(656)-488-4097","cell":"(244)-136-4113","id":{"name":"","value":null},"picture":{"large":"https://randomuser.me/api/portraits/men/26.jpg","medium":"https://randomuser.me/api/portraits/med/men/26.jpg","thumbnail":"https://randomuser.me/api/portraits/thumb/men/26.jpg"},"nat":"NZ"}],"info":{"seed":"105ce7ef46bc7685","results":1,"page":1,"version":"1.4"}} 
 </msg>
<msg time="2024-06-26T14:13:40.565826" level="INFO">/opt/hostedtoolcache/Python/3.12.4/x64/lib/python3.12/site-packages/urllib3/connectionpool.py:1099: InsecureRequestWarning: Unverified HTTPS request is being made to host 'randomuser.me'. Adding certificate verification is strongly advised. See: https://urllib3.readthedocs.io/en/latest/advanced-usage.html#tls-warnings
  warnings.warn(</msg>
<msg time="2024-06-26T14:13:40.565961" level="INFO">${response} = &lt;Response [200]&gt;</msg>
<var>${response}</var>
<arg>consultarAPI</arg>
<arg>/api</arg>
<doc>Sends a GET request on a previously created HTTP Session.</doc>
<status status="PASS" start="2024-06-26T14:13:40.497632" elapsed="0.068379"/>
</kw>
<kw name="Set Variable" owner="BuiltIn">
<msg time="2024-06-26T14:13:40.567091" level="INFO">${json_data} = {'results': [{'gender': 'male', 'name': {'title': 'Mr', 'first': 'Jaxon', 'last': 'Williams'}, 'location': {'street': {'number': 4422, 'name': 'Collingwood Street'}, 'city': 'Timaru', 'state': 'Waikat...</msg>
<var>${json_data}</var>
<arg>${response.json()}</arg>
<doc>Returns the given values which can then be assigned to a variables.</doc>
<status status="PASS" start="2024-06-26T14:13:40.566568" elapsed="0.000563"/>
</kw>
<kw name="Log" owner="BuiltIn">
<msg time="2024-06-26T14:13:40.567605" level="INFO">{'results': [{'gender': 'male', 'name': {'title': 'Mr', 'first': 'Jaxon', 'last': 'Williams'}, 'location': {'street': {'number': 4422, 'name': 'Collingwood Street'}, 'city': 'Timaru', 'state': 'Waikato', 'country': 'New Zealand', 'postcode': 94087, 'coordinates': {'latitude': '50.5183', 'longitude': '-16.5809'}, 'timezone': {'offset': '-8:00', 'description': 'Pacific Time (US &amp; Canada)'}}, 'email': 'jaxon.williams@example.com', 'login': {'uuid': '8e272dde-9644-48e9-97ae-086499a7ed70', 'username': 'redtiger127', 'password': 'johnny1', 'salt': 'LxppI5Lg', 'md5': 'ddd5802113776afb456c497edc6154de', 'sha1': '3b0fc092a6b0d6a9aeffe4b542dff4a63ec16701', 'sha256': 'e6d9036c8d6ec0c2cff3c2dff8e84f27851c883478cd7cbaf15b64a76cead2fa'}, 'dob': {'date': '1974-04-03T12:31:51.290Z', 'age': 50}, 'registered': {'date': '2011-01-09T15:30:23.883Z', 'age': 13}, 'phone': '(656)-488-4097', 'cell': '(244)-136-4113', 'id': {'name': '', 'value': None}, 'picture': {'large': 'https://randomuser.me/api/portraits/men/26.jpg', 'medium': 'https://randomuser.me/api/portraits/med/men/26.jpg', 'thumbnail': 'https://randomuser.me/api/portraits/thumb/men/26.jpg'}, 'nat': 'NZ'}], 'info': {'seed': '105ce7ef46bc7685', 'results': 1, 'page': 1, 'version': '1.4'}}</msg>
<arg>${json_data}</arg>
<doc>Logs the given message with the given level.</doc>
<status status="PASS" start="2024-06-26T14:13:40.567446" elapsed="0.000207"/>
</kw>
<kw name="Should Be Equal As Numbers" owner="BuiltIn">
<arg>${json_data['results'][0]['location']['postcode']}</arg>
<arg>${json_data['results'][0]['location']['postcode']}</arg>
<doc>Fails if objects are unequal after converting them to real numbers.</doc>
<status status="PASS" start="2024-06-26T14:13:40.567948" elapsed="0.000635"/>
</kw>
<kw name="Log" owner="BuiltIn">
<msg time="2024-06-26T14:13:40.569294" level="INFO">94087</msg>
<arg>${json_data['results'][0]['location']['postcode']}</arg>
<doc>Logs the given message with the given level.</doc>
<status status="PASS" start="2024-06-26T14:13:40.568771" elapsed="0.000565"/>
</kw>
<status status="PASS" start="2024-06-26T14:13:40.497365" elapsed="0.072281"/>
</kw>
<doc>Testa se os tipos de dados na resposta da API estão corretos.</doc>
<tag>testeTiposDados</tag>
<status status="PASS" start="2024-06-26T14:13:40.384517" elapsed="0.185302"/>
</test>
<test id="s1-s1-t5" name="Validar conteudo" line="35">
<kw name="Teste de Tipos de Conteudo" owner="random-user-service">
<kw name="GET On Session" owner="RequestsLibrary">
<msg time="2024-06-26T14:13:40.679086" level="INFO">GET Request : url=https://randomuser.me/api 
 path_url=/api 
 headers={'User-Agent': 'python-requests/2.32.3', 'Accept-Encoding': 'gzip, deflate', 'Accept': '*/*', 'Connection': 'keep-alive'} 
 body=None 
 </msg>
<msg time="2024-06-26T14:13:40.679202" level="INFO">GET Response : url=https://randomuser.me/api 
 status=200, reason=OK 
 headers={'Date': 'Wed, 26 Jun 2024 14:13:40 GMT', 'Content-Type': 'application/json; charset=utf-8', 'Transfer-Encoding': 'chunked', 'Connection': 'keep-alive', 'X-Powered-By': 'Express', 'Access-Control-Allow-Origin': '*', 'Cache-Control': 'no-cache', 'ETag': 'W/"48a-RBE7PaLMU7JxgzhJiPvSnLmJV+I"', 'Vary': 'Accept-Encoding', 'Content-Encoding': 'gzip', 'CF-Cache-Status': 'DYNAMIC', 'Report-To': '{"endpoints":[{"url":"https:\\/\\/a.nel.cloudflare.com\\/report\\/v4?s=QIRhnWscc3Cs3wPThPigpDpaPEBoJ1%2B095nKs1BcODCFchiMqS8%2BepWwITf2yWGSqHUZsCpq29ZXiK8XD%2B1eHpkWEDYO%2FLH9I%2BMy1FB%2FKIjEnDDU7%2BSHWdVQjIiaMKDK"}],"group":"cf-nel","max_age":604800}', 'NEL': '{"success_fraction":0,"report_to":"cf-nel","max_age":604800}', 'Server': 'cloudflare', 'CF-RAY': '899dcca0987f5974-IAD', 'alt-svc': 'h3=":443"; ma=86400'} 
 body={"results":[{"gender":"male","name":{"title":"Mr","first":"Eemil","last":"Ahola"},"location":{"street":{"number":8107,"name":"Tahmelantie"},"city":"Myrskylä","state":"Northern Ostrobothnia","country":"Finland","postcode":14964,"coordinates":{"latitude":"-29.6349","longitude":"-126.5813"},"timezone":{"offset":"+7:00","description":"Bangkok, Hanoi, Jakarta"}},"email":"eemil.ahola@example.com","login":{"uuid":"30cce860-24d6-44a1-884f-8b20bdd08ead","username":"crazywolf574","password":"loki","salt":"js1yqNhX","md5":"1a261e64ea3959af3de2b90b31e2d334","sha1":"00d5a4c29fa30850ab189130595df90a29cbb35b","sha256":"ad7f888ff50cec97f6fe458f15566eeff7c0f09ecdd2343160506bf4fd0a5020"},"dob":{"date":"1984-09-21T04:45:18.173Z","age":39},"registered":{"date":"2005-01-18T21:44:49.115Z","age":19},"phone":"07-880-596","cell":"048-569-15-81","id":{"name":"HETU","value":"NaNNA969undefined"},"picture":{"large":"https://randomuser.me/api/portraits/men/1.jpg","medium":"https://randomuser.me/api/portraits/med/men/1.jpg","thumbnail":"https://randomuser.me/api/portraits/thumb/men/1.jpg"},"nat":"FI"}],"info":{"seed":"82c29c4d3c71a76f","results":1,"page":1,"version":"1.4"}} 
 </msg>
<msg time="2024-06-26T14:13:40.679290" level="INFO">/opt/hostedtoolcache/Python/3.12.4/x64/lib/python3.12/site-packages/urllib3/connectionpool.py:1099: InsecureRequestWarning: Unverified HTTPS request is being made to host 'randomuser.me'. Adding certificate verification is strongly advised. See: https://urllib3.readthedocs.io/en/latest/advanced-usage.html#tls-warnings
  warnings.warn(</msg>
<msg time="2024-06-26T14:13:40.679423" level="INFO">${response} = &lt;Response [200]&gt;</msg>
<var>${response}</var>
<arg>consultarAPI</arg>
<arg>/api</arg>
<doc>Sends a GET request on a previously created HTTP Session.</doc>
<status status="PASS" start="2024-06-26T14:13:40.572299" elapsed="0.107166"/>
</kw>
<kw name="Set Variable" owner="BuiltIn">
<msg time="2024-06-26T14:13:40.680514" level="INFO">${json_data} = {'results': [{'gender': 'male', 'name': {'title': 'Mr', 'first': 'Eemil', 'last': 'Ahola'}, 'location': {'street': {'number': 8107, 'name': 'Tahmelantie'}, 'city': 'Myrskylä', 'state': 'Northern Ostro...</msg>
<var>${json_data}</var>
<arg>${response.json()}</arg>
<doc>Returns the given values which can then be assigned to a variables.</doc>
<status status="PASS" start="2024-06-26T14:13:40.679996" elapsed="0.000548"/>
</kw>
<kw name="Set Variable" owner="BuiltIn">
<msg time="2024-06-26T14:13:40.681240" level="INFO">${name_title} = Mr</msg>
<var>${name_title}</var>
<arg>${json_data["results"][0]["name"]["title"]}</arg>
<doc>Returns the given values which can then be assigned to a variables.</doc>
<status status="PASS" start="2024-06-26T14:13:40.680855" elapsed="0.000411"/>
</kw>
<kw name="Create List" owner="BuiltIn">
<msg time="2024-06-26T14:13:40.681766" level="INFO">${allowed_titles} = ['Mr', 'Ms', 'Miss', 'Mrs', 'Madame', 'Monsieur']</msg>
<var>${allowed_titles}</var>
<arg>Mr</arg>
<arg>Ms</arg>
<arg>Miss</arg>
<arg>Mrs</arg>
<arg>Madame</arg>
<arg>Monsieur</arg>
<doc>Returns a list containing given items.</doc>
<status status="PASS" start="2024-06-26T14:13:40.681604" elapsed="0.000187"/>
</kw>
<kw name="List Should Contain Value" owner="Collections">
<arg>${allowed_titles}</arg>
<arg>${name_title}</arg>
<doc>Fails if the ``value`` is not found from ``list``.</doc>
<status status="PASS" start="2024-06-26T14:13:40.682109" elapsed="0.000178"/>
</kw>
<kw name="Set Variable" owner="BuiltIn">
<msg time="2024-06-26T14:13:40.682835" level="INFO">${name_country} = FI</msg>
<var>${name_country}</var>
<arg>${json_data["results"][0]["nat"]}</arg>
<doc>Returns the given values which can then be assigned to a variables.</doc>
<status status="PASS" start="2024-06-26T14:13:40.682472" elapsed="0.000387"/>
</kw>
<kw name="Create List" owner="BuiltIn">
<msg time="2024-06-26T14:13:40.683745" level="INFO">${list_country} = ['AD', 'AE', 'AF', 'AG', 'AI', 'AL', 'AM', 'AO', 'AQ', 'AR', 'AS', 'AT', 'AU', 'AW', 'AX', 'AZ', 'BA', 'BB', 'BD', 'BE', 'BF', 'BG', 'BH', 'BI', 'BJ', 'BL', 'BM', 'BN', 'BO', 'BQ', 'BR', 'BS', 'BT', '...</msg>
<var>${list_country}</var>
<arg>AD</arg>
<arg>AE</arg>
<arg>AF</arg>
<arg>AG</arg>
<arg>AI</arg>
<arg>AL</arg>
<arg>AM</arg>
<arg>AO</arg>
<arg>AQ</arg>
<arg>AR</arg>
<arg>AS</arg>
<arg>AT</arg>
<arg>AU</arg>
<arg>AW</arg>
<arg>AX</arg>
<arg>AZ</arg>
<arg>BA</arg>
<arg>BB</arg>
<arg>BD</arg>
<arg>BE</arg>
<arg>BF</arg>
<arg>BG</arg>
<arg>BH</arg>
<arg>BI</arg>
<arg>BJ</arg>
<arg>BL</arg>
<arg>BM</arg>
<arg>BN</arg>
<arg>BO</arg>
<arg>BQ</arg>
<arg>BR</arg>
<arg>BS</arg>
<arg>BT</arg>
<arg>BV</arg>
<arg>BW</arg>
<arg>BY</arg>
<arg>BZ</arg>
<arg>CA</arg>
<arg>CC</arg>
<arg>CD</arg>
<arg>CF</arg>
<arg>CG</arg>
<arg>CH</arg>
<arg>CI</arg>
<arg>CK</arg>
<arg>CL</arg>
<arg>CM</arg>
<arg>CN</arg>
<arg>CO</arg>
<arg>CR</arg>
<arg>CU</arg>
<arg>CV</arg>
<arg>CW</arg>
<arg>CX</arg>
<arg>CY</arg>
<arg>CZ</arg>
<arg>DE</arg>
<arg>DJ</arg>
<arg>DK</arg>
<arg>DM</arg>
<arg>DO</arg>
<arg>DZ</arg>
<arg>EC</arg>
<arg>EE</arg>
<arg>EG</arg>
<arg>EH</arg>
<arg>ER</arg>
<arg>ES</arg>
<arg>ET</arg>
<arg>FI</arg>
<arg>FJ</arg>
<arg>FK</arg>
<arg>FM</arg>
<arg>FO</arg>
<arg>FR</arg>
<arg>GA</arg>
<arg>GB</arg>
<arg>GD</arg>
<arg>GE</arg>
<arg>GF</arg>
<arg>GG</arg>
<arg>GH</arg>
<arg>GI</arg>
<arg>GL</arg>
<arg>GM</arg>
<arg>GN</arg>
<arg>GP</arg>
<arg>GQ</arg>
<arg>GR</arg>
<arg>GS</arg>
<arg>GT</arg>
<arg>GU</arg>
<arg>GW</arg>
<arg>GY</arg>
<arg>HK</arg>
<arg>HM</arg>
<arg>HN</arg>
<arg>HR</arg>
<arg>HT</arg>
<arg>HU</arg>
<arg>ID</arg>
<arg>IE</arg>
<arg>IL</arg>
<arg>IM</arg>
<arg>IN</arg>
<arg>IO</arg>
<arg>IQ</arg>
<arg>IR</arg>
<arg>IS</arg>
<arg>IT</arg>
<arg>JE</arg>
<arg>JM</arg>
<arg>JO</arg>
<arg>JP</arg>
<arg>KE</arg>
<arg>KG</arg>
<arg>KH</arg>
<arg>KI</arg>
<arg>KM</arg>
<arg>KN</arg>
<arg>KP</arg>
<arg>KR</arg>
<arg>KW</arg>
<arg>KY</arg>
<arg>KZ</arg>
<arg>LA</arg>
<arg>LB</arg>
<arg>LC</arg>
<arg>LI</arg>
<arg>LK</arg>
<arg>LR</arg>
<arg>LS</arg>
<arg>LT</arg>
<arg>LU</arg>
<arg>LV</arg>
<arg>LY</arg>
<arg>MA</arg>
<arg>MC</arg>
<arg>MD</arg>
<arg>ME</arg>
<arg>MF</arg>
<arg>MG</arg>
<arg>MH</arg>
<arg>MK</arg>
<arg>ML</arg>
<arg>MM</arg>
<arg>MN</arg>
<arg>MO</arg>
<arg>MP</arg>
<arg>MQ</arg>
<arg>MR</arg>
<arg>MS</arg>
<arg>MT</arg>
<arg>MU</arg>
<arg>MV</arg>
<arg>MW</arg>
<arg>MX</arg>
<arg>MY</arg>
<arg>MZ</arg>
<arg>NA</arg>
<arg>NC</arg>
<arg>NE</arg>
<arg>NF</arg>
<arg>NG</arg>
<arg>NI</arg>
<arg>NL</arg>
<arg>NO</arg>
<arg>NP</arg>
<arg>NR</arg>
<arg>NU</arg>
<arg>NZ</arg>
<arg>OM</arg>
<arg>PA</arg>
<arg>PE</arg>
<arg>PF</arg>
<arg>PG</arg>
<arg>PH</arg>
<arg>PK</arg>
<arg>PL</arg>
<arg>PM</arg>
<arg>PN</arg>
<arg>PR</arg>
<arg>PS</arg>
<arg>PT</arg>
<arg>PW</arg>
<arg>PY</arg>
<arg>QA</arg>
<arg>RE</arg>
<arg>RO</arg>
<arg>RS</arg>
<arg>RU</arg>
<arg>RW</arg>
<arg>SA</arg>
<arg>SB</arg>
<arg>SC</arg>
<arg>SD</arg>
<arg>SE</arg>
<arg>SG</arg>
<arg>SH</arg>
<arg>SI</arg>
<arg>SJ</arg>
<arg>SK</arg>
<arg>SL</arg>
<arg>SM</arg>
<arg>SN</arg>
<arg>SO</arg>
<arg>SR</arg>
<arg>SS</arg>
<arg>ST</arg>
<arg>SV</arg>
<arg>SX</arg>
<arg>SY</arg>
<arg>SZ</arg>
<arg>TC</arg>
<arg>TD</arg>
<arg>TF</arg>
<arg>TG</arg>
<arg>TH</arg>
<arg>TJ</arg>
<arg>TK</arg>
<arg>TL</arg>
<arg>TM</arg>
<arg>TN</arg>
<arg>TO</arg>
<arg>TR</arg>
<arg>TT</arg>
<arg>TV</arg>
<arg>TW</arg>
<arg>TZ</arg>
<arg>UA</arg>
<arg>UG</arg>
<arg>UM</arg>
<arg>US</arg>
<arg>UY</arg>
<arg>UZ</arg>
<arg>VA</arg>
<arg>VC</arg>
<arg>VE</arg>
<arg>VG</arg>
<arg>VI</arg>
<arg>VN</arg>
<arg>VU</arg>
<arg>WF</arg>
<arg>WS</arg>
<arg>XK</arg>
<arg>YE</arg>
<arg>YT</arg>
<arg>ZA</arg>
<arg>ZM</arg>
<arg>ZW</arg>
<doc>Returns a list containing given items.</doc>
<status status="PASS" start="2024-06-26T14:13:40.683147" elapsed="0.000622"/>
</kw>
<kw name="List Should Contain Value" owner="Collections">
<arg>${list_country}</arg>
<arg>${name_country}</arg>
<doc>Fails if the ``value`` is not found from ``list``.</doc>
<status status="PASS" start="2024-06-26T14:13:40.684570" elapsed="0.000201"/>
</kw>
<kw name="Run Keyword If" owner="BuiltIn">
<kw name="Should Be True" owner="BuiltIn">
<arg>${True}</arg>
<doc>Fails if the given condition is not true.</doc>
<status status="PASS" start="2024-06-26T14:13:40.685728" elapsed="0.000143"/>
</kw>
<arg>${json_data["results"][0]["location"]["coordinates"]["latitude"]} &gt;= -90 and ${json_data["results"][0]["location"]["coordinates"]["latitude"]} &lt;= 90</arg>
<arg>Should Be True</arg>
<arg>${True}</arg>
<doc>Runs the given keyword with the given arguments, if ``condition`` is true.</doc>
<status status="PASS" start="2024-06-26T14:13:40.684963" elapsed="0.001033"/>
</kw>
<kw name="Run Keyword If" owner="BuiltIn">
<kw name="Should Be True" owner="BuiltIn">
<arg>${True}</arg>
<doc>Fails if the given condition is not true.</doc>
<status status="PASS" start="2024-06-26T14:13:40.686854" elapsed="0.000249"/>
</kw>
<arg>${json_data["results"][0]["location"]["coordinates"]["longitude"]} &gt;= -180 and ${json_data["results"][0]["location"]["coordinates"]["longitude"]} &lt;= 180</arg>
<arg>Should Be True</arg>
<arg>${True}</arg>
<doc>Runs the given keyword with the given arguments, if ``condition`` is true.</doc>
<status status="PASS" start="2024-06-26T14:13:40.686177" elapsed="0.001053"/>
</kw>
<status status="PASS" start="2024-06-26T14:13:40.572075" elapsed="0.115289"/>
</kw>
<doc>Testa o conteúdo específico dos campos retornados pela API.</doc>
<tag>testeConteudo</tag>
<status status="PASS" start="2024-06-26T14:13:40.571589" elapsed="0.115925"/>
</test>
<status status="PASS" start="2024-06-26T14:13:39.719285" elapsed="0.970173"/>
</suite>
<status status="PASS" start="2024-06-26T14:13:39.705020" elapsed="0.989583"/>
</suite>
<statistics>
<total>
<stat pass="5" fail="0" skip="0">All Tests</stat>
</total>
<tag>
<stat pass="1" fail="0" skip="0">testeConteudo</stat>
<stat pass="1" fail="0" skip="0">testeEstruturaResposta</stat>
<stat pass="1" fail="0" skip="0">testeRequisicaoBasica</stat>
<stat pass="1" fail="0" skip="0">testeTiposDados</stat>
</tag>
<suite>
<stat pass="5" fail="0" skip="0" id="s1" name="Tests">Tests</stat>
<stat pass="5" fail="0" skip="0" id="s1-s1" name="Random-User-Test">Tests.Random-User-Test</stat>
</suite>
</statistics>
<errors>
</errors>
</robot>
