<?xml version="1.0" encoding="UTF-8"?>
<robot generator="Robot 7.0 (Python 3.12.3 on linux)" generated="2024-06-01T01:07:51.690824" rpa="false" schemaversion="5">
<suite id="s1" name="Tests" source="/home/runner/work/ApiRandomUser/ApiRandomUser/RamdonUser/tests">
<suite id="s1-s1" name="Random-User-Test" source="/home/runner/work/ApiRandomUser/ApiRandomUser/RamdonUser/tests/random-user-test.robot">
<test id="s1-s1-t1" name="Conectar" line="13">
<kw name="Conectar API" owner="random-user-service">
<kw name="Create Session" owner="RequestsLibrary">
<msg time="2024-06-01T01:07:52.076690" level="INFO">Creating Session using : alias=consultarAPI, url=https://randomuser.me/, headers={},                     cookies={}, auth=None, timeout=None, proxies=None, verify=False,                     debug=0 </msg>
<arg>consultarAPI</arg>
<arg>${URL}</arg>
<doc>Create Session: create a HTTP session to a server</doc>
<status status="PASS" start="2024-06-01T01:07:52.076486" elapsed="0.000381"/>
</kw>
<status status="PASS" start="2024-06-01T01:07:52.075487" elapsed="0.001740"/>
</kw>
<status status="PASS" start="2024-06-01T01:07:52.074901" elapsed="0.002520"/>
</test>
<test id="s1-s1-t2" name="Validar retorno 200 e JSON Válido" line="16">
<kw name="Teste de Requisicao Basica" owner="random-user-service">
<kw name="GET On Session" owner="RequestsLibrary">
<msg time="2024-06-01T01:07:52.251081" level="INFO">GET Request : url=https://randomuser.me/api 
 path_url=/api 
 headers={'User-Agent': 'python-requests/2.32.3', 'Accept-Encoding': 'gzip, deflate', 'Accept': '*/*', 'Connection': 'keep-alive'} 
 body=None 
 </msg>
<msg time="2024-06-01T01:07:52.251235" level="INFO">GET Response : url=https://randomuser.me/api 
 status=200, reason=OK 
 headers={'Date': 'Sat, 01 Jun 2024 01:07:52 GMT', 'Content-Type': 'application/json; charset=utf-8', 'Transfer-Encoding': 'chunked', 'Connection': 'keep-alive', 'X-Powered-By': 'Express', 'Access-Control-Allow-Origin': '*', 'Cache-Control': 'no-cache', 'ETag': 'W/"484-mqbQGGta+OgkB/hz5GzygVhXwEo"', 'Vary': 'Accept-Encoding', 'Content-Encoding': 'gzip', 'CF-Cache-Status': 'DYNAMIC', 'Report-To': '{"endpoints":[{"url":"https:\\/\\/a.nel.cloudflare.com\\/report\\/v4?s=C0IUhOf3jMKoWPRJD5lf66jf1XwrpCDUcSjPgAiWVZNKYDeVzo3e8MDyxfFg06l4rIFADL6i%2FuCT9fqDiusi9ASGoMlNsD97akHESYlccyX973Ol2Lz5ERdzwidamy6D"}],"group":"cf-nel","max_age":604800}', 'NEL': '{"success_fraction":0,"report_to":"cf-nel","max_age":604800}', 'Server': 'cloudflare', 'CF-RAY': '88cb4f2b5e2a5908-IAD', 'alt-svc': 'h3=":443"; ma=86400'} 
 body={"results":[{"gender":"male","name":{"title":"Mr","first":"Carl","last":"Niemeier"},"location":{"street":{"number":7483,"name":"Waldstraße"},"city":"Ochsenhausen","state":"Mecklenburg-Vorpommern","country":"Germany","postcode":44894,"coordinates":{"latitude":"-50.7628","longitude":"-94.9312"},"timezone":{"offset":"+5:45","description":"Kathmandu"}},"email":"carl.niemeier@example.com","login":{"uuid":"29bbfa76-eef7-43c3-add2-1dccaf16549a","username":"tinydog175","password":"squeak","salt":"648ClXoy","md5":"16a66ee54536f02ea57d7e0f5a2b96d5","sha1":"71cf704712fbf56bc3d53579d935227d0d0dae1a","sha256":"e9f180c4c37c8ac9e05721a03c1dd864a2a93da9f4ce04f887a22c3e1d4bf189"},"dob":{"date":"1993-09-14T13:38:14.250Z","age":30},"registered":{"date":"2018-04-04T00:55:37.592Z","age":6},"phone":"0690-4335664","cell":"0172-7340267","id":{"name":"SVNR","value":"12 140993 N 035"},"picture":{"large":"https://randomuser.me/api/portraits/men/81.jpg","medium":"https://randomuser.me/api/portraits/med/men/81.jpg","thumbnail":"https://randomuser.me/api/portraits/thumb/men/81.jpg"},"nat":"DE"}],"info":{"seed":"aa883e67618d47af","results":1,"page":1,"version":"1.4"}} 
 </msg>
<msg time="2024-06-01T01:07:52.251323" level="INFO">/opt/hostedtoolcache/Python/3.12.3/x64/lib/python3.12/site-packages/urllib3/connectionpool.py:1103: InsecureRequestWarning: Unverified HTTPS request is being made to host 'randomuser.me'. Adding certificate verification is strongly advised. See: https://urllib3.readthedocs.io/en/latest/advanced-usage.html#tls-warnings
  warnings.warn(</msg>
<msg time="2024-06-01T01:07:52.251478" level="INFO">${response} = &lt;Response [200]&gt;</msg>
<var>${response}</var>
<arg>consultarAPI</arg>
<arg>/api</arg>
<doc>Sends a GET request on a previously created HTTP Session.</doc>
<status status="PASS" start="2024-06-01T01:07:52.080117" elapsed="0.171406"/>
</kw>
<kw name="Should Be Equal As Numbers" owner="BuiltIn">
<msg time="2024-06-01T01:07:52.252676" level="INFO">Argument types are:
&lt;class 'int'&gt;
&lt;class 'str'&gt;</msg>
<arg>${response.status_code}</arg>
<arg>200</arg>
<doc>Fails if objects are unequal after converting them to real numbers.</doc>
<status status="PASS" start="2024-06-01T01:07:52.252171" elapsed="0.000575"/>
</kw>
<kw name="Log" owner="BuiltIn">
<msg time="2024-06-01T01:07:52.253516" level="INFO">200</msg>
<arg>${response.status_code}</arg>
<doc>Logs the given message with the given level.</doc>
<status status="PASS" start="2024-06-01T01:07:52.253129" elapsed="0.000434"/>
</kw>
<kw name="Set Variable" owner="BuiltIn">
<msg time="2024-06-01T01:07:52.254351" level="INFO">${json_data} = {'results': [{'gender': 'male', 'name': {'title': 'Mr', 'first': 'Carl', 'last': 'Niemeier'}, 'location': {'street': {'number': 7483, 'name': 'Waldstraße'}, 'city': 'Ochsenhausen', 'state': 'Mecklenbu...</msg>
<var>${json_data}</var>
<arg>${response.json()}</arg>
<doc>Returns the given values which can then be assigned to a variables.</doc>
<status status="PASS" start="2024-06-01T01:07:52.253893" elapsed="0.000487"/>
</kw>
<kw name="Dictionary Should Contain Key" owner="Collections">
<msg time="2024-06-01T01:07:52.254906" level="INFO">False</msg>
<arg>${json_data}</arg>
<arg>results</arg>
<doc>Fails if ``key`` is not found from ``dictionary``.</doc>
<status status="PASS" start="2024-06-01T01:07:52.254725" elapsed="0.000220"/>
</kw>
<status status="PASS" start="2024-06-01T01:07:52.079876" elapsed="0.175341"/>
</kw>
<doc>Testa se a API responde corretamente e retorna um objeto JSON válido.</doc>
<tag>testeRequisicaoBasica</tag>
<status status="PASS" start="2024-06-01T01:07:52.079357" elapsed="0.176050"/>
</test>
<test id="s1-s1-t3" name="Validar estrutura de resposta" line="22">
<kw name="Teste de Estrutura de Resposta" owner="random-user-service">
<kw name="GET On Session" owner="RequestsLibrary">
<msg time="2024-06-01T01:07:52.353016" level="INFO">GET Request : url=https://randomuser.me/api 
 path_url=/api 
 headers={'User-Agent': 'python-requests/2.32.3', 'Accept-Encoding': 'gzip, deflate', 'Accept': '*/*', 'Connection': 'keep-alive'} 
 body=None 
 </msg>
<msg time="2024-06-01T01:07:52.353104" level="INFO">GET Response : url=https://randomuser.me/api 
 status=200, reason=OK 
 headers={'Date': 'Sat, 01 Jun 2024 01:07:52 GMT', 'Content-Type': 'application/json; charset=utf-8', 'Transfer-Encoding': 'chunked', 'Connection': 'keep-alive', 'X-Powered-By': 'Express', 'Access-Control-Allow-Origin': '*', 'Cache-Control': 'no-cache', 'ETag': 'W/"477-SGmepUH/dzln0vIm1Pw+GmYjTqM"', 'Vary': 'Accept-Encoding', 'Content-Encoding': 'gzip', 'CF-Cache-Status': 'DYNAMIC', 'Report-To': '{"endpoints":[{"url":"https:\\/\\/a.nel.cloudflare.com\\/report\\/v4?s=y1c3iKV9JUDDdT21NjwyJT9cS4n3cjZOlnQDoZthzKWJI0sBxRdTr5tgZ6%2BGnILxHFZXkTzjB%2BjL7EE39NthwUTGdo1C4h6IG2p2jekGeg%2Bz8s%2F7%2FDx6jcMX%2Bg8THEYN"}],"group":"cf-nel","max_age":604800}', 'NEL': '{"success_fraction":0,"report_to":"cf-nel","max_age":604800}', 'Server': 'cloudflare', 'CF-RAY': '88cb4f2b9e905908-IAD', 'alt-svc': 'h3=":443"; ma=86400'} 
 body={"results":[{"gender":"male","name":{"title":"Mr","first":"Ashwan","last":"Derix"},"location":{"street":{"number":9445,"name":"Appeltuin"},"city":"Schoonhoven","state":"Noord-Holland","country":"Netherlands","postcode":"7650 FF","coordinates":{"latitude":"32.3945","longitude":"-34.9684"},"timezone":{"offset":"-10:00","description":"Hawaii"}},"email":"ashwan.derix@example.com","login":{"uuid":"121f1c9e-24b8-4f9b-a2c2-73c7afc4ebf2","username":"silvercat496","password":"blue99","salt":"lqSF8LR4","md5":"8fdac4c1175aa9c4803ba950283eedb8","sha1":"c65ef299124aa20927cff310a346e5a19ff3a4fc","sha256":"a9290c0aeff80010ab3774a3748ff28de0dac3d40ea9143b68400763f78ae7f2"},"dob":{"date":"1956-12-16T11:49:38.828Z","age":67},"registered":{"date":"2017-07-02T07:19:49.348Z","age":6},"phone":"(069) 8297912","cell":"(06) 18734344","id":{"name":"BSN","value":"52717450"},"picture":{"large":"https://randomuser.me/api/portraits/men/46.jpg","medium":"https://randomuser.me/api/portraits/med/men/46.jpg","thumbnail":"https://randomuser.me/api/portraits/thumb/men/46.jpg"},"nat":"NL"}],"info":{"seed":"1264aba05b102f56","results":1,"page":1,"version":"1.4"}} 
 </msg>
<msg time="2024-06-01T01:07:52.353219" level="INFO">/opt/hostedtoolcache/Python/3.12.3/x64/lib/python3.12/site-packages/urllib3/connectionpool.py:1103: InsecureRequestWarning: Unverified HTTPS request is being made to host 'randomuser.me'. Adding certificate verification is strongly advised. See: https://urllib3.readthedocs.io/en/latest/advanced-usage.html#tls-warnings
  warnings.warn(</msg>
<msg time="2024-06-01T01:07:52.353349" level="INFO">${response} = &lt;Response [200]&gt;</msg>
<var>${response}</var>
<arg>consultarAPI</arg>
<arg>/api</arg>
<doc>Sends a GET request on a previously created HTTP Session.</doc>
<status status="PASS" start="2024-06-01T01:07:52.257973" elapsed="0.095419"/>
</kw>
<kw name="Set Variable" owner="BuiltIn">
<msg time="2024-06-01T01:07:52.354559" level="INFO">${json_data} = {'results': [{'gender': 'male', 'name': {'title': 'Mr', 'first': 'Ashwan', 'last': 'Derix'}, 'location': {'street': {'number': 9445, 'name': 'Appeltuin'}, 'city': 'Schoonhoven', 'state': 'Noord-Hollan...</msg>
<var>${json_data}</var>
<arg>${response.json()}</arg>
<doc>Returns the given values which can then be assigned to a variables.</doc>
<status status="PASS" start="2024-06-01T01:07:52.353987" elapsed="0.000604"/>
</kw>
<kw name="Log" owner="BuiltIn">
<msg time="2024-06-01T01:07:52.355129" level="INFO">{'results': [{'gender': 'male', 'name': {'title': 'Mr', 'first': 'Ashwan', 'last': 'Derix'}, 'location': {'street': {'number': 9445, 'name': 'Appeltuin'}, 'city': 'Schoonhoven', 'state': 'Noord-Holland', 'country': 'Netherlands', 'postcode': '7650 FF', 'coordinates': {'latitude': '32.3945', 'longitude': '-34.9684'}, 'timezone': {'offset': '-10:00', 'description': 'Hawaii'}}, 'email': 'ashwan.derix@example.com', 'login': {'uuid': '121f1c9e-24b8-4f9b-a2c2-73c7afc4ebf2', 'username': 'silvercat496', 'password': 'blue99', 'salt': 'lqSF8LR4', 'md5': '8fdac4c1175aa9c4803ba950283eedb8', 'sha1': 'c65ef299124aa20927cff310a346e5a19ff3a4fc', 'sha256': 'a9290c0aeff80010ab3774a3748ff28de0dac3d40ea9143b68400763f78ae7f2'}, 'dob': {'date': '1956-12-16T11:49:38.828Z', 'age': 67}, 'registered': {'date': '2017-07-02T07:19:49.348Z', 'age': 6}, 'phone': '(069) 8297912', 'cell': '(06) 18734344', 'id': {'name': 'BSN', 'value': '52717450'}, 'picture': {'large': 'https://randomuser.me/api/portraits/men/46.jpg', 'medium': 'https://randomuser.me/api/portraits/med/men/46.jpg', 'thumbnail': 'https://randomuser.me/api/portraits/thumb/men/46.jpg'}, 'nat': 'NL'}], 'info': {'seed': '1264aba05b102f56', 'results': 1, 'page': 1, 'version': '1.4'}}</msg>
<arg>${json_data}</arg>
<doc>Logs the given message with the given level.</doc>
<status status="PASS" start="2024-06-01T01:07:52.354962" elapsed="0.000221"/>
</kw>
<kw name="Dictionary Should Contain Key" owner="Collections">
<msg time="2024-06-01T01:07:52.355645" level="INFO">False</msg>
<arg>${json_data}</arg>
<arg>results</arg>
<doc>Fails if ``key`` is not found from ``dictionary``.</doc>
<status status="PASS" start="2024-06-01T01:07:52.355486" elapsed="0.000195"/>
</kw>
<kw name="Should Not Be Empty" owner="BuiltIn">
<msg time="2024-06-01T01:07:52.356107" level="INFO">Length is 2.</msg>
<arg>${json_data}</arg>
<doc>Verifies that the given item is not empty.</doc>
<status status="PASS" start="2024-06-01T01:07:52.355975" elapsed="0.000170"/>
</kw>
<kw name="Create List" owner="BuiltIn">
<msg time="2024-06-01T01:07:52.356749" level="INFO">${expected_keys} = ['gender', 'name', 'location', 'email', 'login']</msg>
<var>${expected_keys}</var>
<arg>gender</arg>
<arg>name</arg>
<arg>location</arg>
<arg>email</arg>
<arg>login</arg>
<doc>Returns a list containing given items.</doc>
<status status="PASS" start="2024-06-01T01:07:52.356444" elapsed="0.000330"/>
</kw>
<for flavor="IN">
<iter>
<kw name="Dictionary Should Contain Key" owner="Collections">
<msg time="2024-06-01T01:07:52.357771" level="INFO">False</msg>
<arg>${json_data['results'][0]}</arg>
<arg>${key}</arg>
<doc>Fails if ``key`` is not found from ``dictionary``.</doc>
<status status="PASS" start="2024-06-01T01:07:52.357372" elapsed="0.000437"/>
</kw>
<kw name="Log" owner="BuiltIn">
<msg time="2024-06-01T01:07:52.358496" level="INFO">{'gender': 'male', 'name': {'title': 'Mr', 'first': 'Ashwan', 'last': 'Derix'}, 'location': {'street': {'number': 9445, 'name': 'Appeltuin'}, 'city': 'Schoonhoven', 'state': 'Noord-Holland', 'country': 'Netherlands', 'postcode': '7650 FF', 'coordinates': {'latitude': '32.3945', 'longitude': '-34.9684'}, 'timezone': {'offset': '-10:00', 'description': 'Hawaii'}}, 'email': 'ashwan.derix@example.com', 'login': {'uuid': '121f1c9e-24b8-4f9b-a2c2-73c7afc4ebf2', 'username': 'silvercat496', 'password': 'blue99', 'salt': 'lqSF8LR4', 'md5': '8fdac4c1175aa9c4803ba950283eedb8', 'sha1': 'c65ef299124aa20927cff310a346e5a19ff3a4fc', 'sha256': 'a9290c0aeff80010ab3774a3748ff28de0dac3d40ea9143b68400763f78ae7f2'}, 'dob': {'date': '1956-12-16T11:49:38.828Z', 'age': 67}, 'registered': {'date': '2017-07-02T07:19:49.348Z', 'age': 6}, 'phone': '(069) 8297912', 'cell': '(06) 18734344', 'id': {'name': 'BSN', 'value': '52717450'}, 'picture': {'large': 'https://randomuser.me/api/portraits/men/46.jpg', 'medium': 'https://randomuser.me/api/portraits/med/men/46.jpg', 'thumbnail': 'https://randomuser.me/api/portraits/thumb/men/46.jpg'}, 'nat': 'NL'}</msg>
<arg>${json_data['results'][0]}</arg>
<doc>Logs the given message with the given level.</doc>
<status status="PASS" start="2024-06-01T01:07:52.358115" elapsed="0.000429"/>
</kw>
<kw name="Log" owner="BuiltIn">
<msg time="2024-06-01T01:07:52.359003" level="INFO">gender</msg>
<arg>${key}</arg>
<doc>Logs the given message with the given level.</doc>
<status status="PASS" start="2024-06-01T01:07:52.358873" elapsed="0.000167"/>
</kw>
<var name="${key}">gender</var>
<status status="PASS" start="2024-06-01T01:07:52.357244" elapsed="0.002011"/>
</iter>
<iter>
<kw name="Dictionary Should Contain Key" owner="Collections">
<msg time="2024-06-01T01:07:52.359973" level="INFO">False</msg>
<arg>${json_data['results'][0]}</arg>
<arg>${key}</arg>
<doc>Fails if ``key`` is not found from ``dictionary``.</doc>
<status status="PASS" start="2024-06-01T01:07:52.359557" elapsed="0.000454"/>
</kw>
<kw name="Log" owner="BuiltIn">
<msg time="2024-06-01T01:07:52.360991" level="INFO">{'gender': 'male', 'name': {'title': 'Mr', 'first': 'Ashwan', 'last': 'Derix'}, 'location': {'street': {'number': 9445, 'name': 'Appeltuin'}, 'city': 'Schoonhoven', 'state': 'Noord-Holland', 'country': 'Netherlands', 'postcode': '7650 FF', 'coordinates': {'latitude': '32.3945', 'longitude': '-34.9684'}, 'timezone': {'offset': '-10:00', 'description': 'Hawaii'}}, 'email': 'ashwan.derix@example.com', 'login': {'uuid': '121f1c9e-24b8-4f9b-a2c2-73c7afc4ebf2', 'username': 'silvercat496', 'password': 'blue99', 'salt': 'lqSF8LR4', 'md5': '8fdac4c1175aa9c4803ba950283eedb8', 'sha1': 'c65ef299124aa20927cff310a346e5a19ff3a4fc', 'sha256': 'a9290c0aeff80010ab3774a3748ff28de0dac3d40ea9143b68400763f78ae7f2'}, 'dob': {'date': '1956-12-16T11:49:38.828Z', 'age': 67}, 'registered': {'date': '2017-07-02T07:19:49.348Z', 'age': 6}, 'phone': '(069) 8297912', 'cell': '(06) 18734344', 'id': {'name': 'BSN', 'value': '52717450'}, 'picture': {'large': 'https://randomuser.me/api/portraits/men/46.jpg', 'medium': 'https://randomuser.me/api/portraits/med/men/46.jpg', 'thumbnail': 'https://randomuser.me/api/portraits/thumb/men/46.jpg'}, 'nat': 'NL'}</msg>
<arg>${json_data['results'][0]}</arg>
<doc>Logs the given message with the given level.</doc>
<status status="PASS" start="2024-06-01T01:07:52.360435" elapsed="0.000626"/>
</kw>
<kw name="Log" owner="BuiltIn">
<msg time="2024-06-01T01:07:52.361776" level="INFO">name</msg>
<arg>${key}</arg>
<doc>Logs the given message with the given level.</doc>
<status status="PASS" start="2024-06-01T01:07:52.361581" elapsed="0.000254"/>
</kw>
<var name="${key}">name</var>
<status status="PASS" start="2024-06-01T01:07:52.359439" elapsed="0.002737"/>
</iter>
<iter>
<kw name="Dictionary Should Contain Key" owner="Collections">
<msg time="2024-06-01T01:07:52.362952" level="INFO">False</msg>
<arg>${json_data['results'][0]}</arg>
<arg>${key}</arg>
<doc>Fails if ``key`` is not found from ``dictionary``.</doc>
<status status="PASS" start="2024-06-01T01:07:52.362541" elapsed="0.000449"/>
</kw>
<kw name="Log" owner="BuiltIn">
<msg time="2024-06-01T01:07:52.363654" level="INFO">{'gender': 'male', 'name': {'title': 'Mr', 'first': 'Ashwan', 'last': 'Derix'}, 'location': {'street': {'number': 9445, 'name': 'Appeltuin'}, 'city': 'Schoonhoven', 'state': 'Noord-Holland', 'country': 'Netherlands', 'postcode': '7650 FF', 'coordinates': {'latitude': '32.3945', 'longitude': '-34.9684'}, 'timezone': {'offset': '-10:00', 'description': 'Hawaii'}}, 'email': 'ashwan.derix@example.com', 'login': {'uuid': '121f1c9e-24b8-4f9b-a2c2-73c7afc4ebf2', 'username': 'silvercat496', 'password': 'blue99', 'salt': 'lqSF8LR4', 'md5': '8fdac4c1175aa9c4803ba950283eedb8', 'sha1': 'c65ef299124aa20927cff310a346e5a19ff3a4fc', 'sha256': 'a9290c0aeff80010ab3774a3748ff28de0dac3d40ea9143b68400763f78ae7f2'}, 'dob': {'date': '1956-12-16T11:49:38.828Z', 'age': 67}, 'registered': {'date': '2017-07-02T07:19:49.348Z', 'age': 6}, 'phone': '(069) 8297912', 'cell': '(06) 18734344', 'id': {'name': 'BSN', 'value': '52717450'}, 'picture': {'large': 'https://randomuser.me/api/portraits/men/46.jpg', 'medium': 'https://randomuser.me/api/portraits/med/men/46.jpg', 'thumbnail': 'https://randomuser.me/api/portraits/thumb/men/46.jpg'}, 'nat': 'NL'}</msg>
<arg>${json_data['results'][0]}</arg>
<doc>Logs the given message with the given level.</doc>
<status status="PASS" start="2024-06-01T01:07:52.363291" elapsed="0.000412"/>
</kw>
<kw name="Log" owner="BuiltIn">
<msg time="2024-06-01T01:07:52.364159" level="INFO">location</msg>
<arg>${key}</arg>
<doc>Logs the given message with the given level.</doc>
<status status="PASS" start="2024-06-01T01:07:52.364030" elapsed="0.000166"/>
</kw>
<var name="${key}">location</var>
<status status="PASS" start="2024-06-01T01:07:52.362415" elapsed="0.001997"/>
</iter>
<iter>
<kw name="Dictionary Should Contain Key" owner="Collections">
<msg time="2024-06-01T01:07:52.365100" level="INFO">False</msg>
<arg>${json_data['results'][0]}</arg>
<arg>${key}</arg>
<doc>Fails if ``key`` is not found from ``dictionary``.</doc>
<status status="PASS" start="2024-06-01T01:07:52.364711" elapsed="0.000426"/>
</kw>
<kw name="Log" owner="BuiltIn">
<msg time="2024-06-01T01:07:52.365833" level="INFO">{'gender': 'male', 'name': {'title': 'Mr', 'first': 'Ashwan', 'last': 'Derix'}, 'location': {'street': {'number': 9445, 'name': 'Appeltuin'}, 'city': 'Schoonhoven', 'state': 'Noord-Holland', 'country': 'Netherlands', 'postcode': '7650 FF', 'coordinates': {'latitude': '32.3945', 'longitude': '-34.9684'}, 'timezone': {'offset': '-10:00', 'description': 'Hawaii'}}, 'email': 'ashwan.derix@example.com', 'login': {'uuid': '121f1c9e-24b8-4f9b-a2c2-73c7afc4ebf2', 'username': 'silvercat496', 'password': 'blue99', 'salt': 'lqSF8LR4', 'md5': '8fdac4c1175aa9c4803ba950283eedb8', 'sha1': 'c65ef299124aa20927cff310a346e5a19ff3a4fc', 'sha256': 'a9290c0aeff80010ab3774a3748ff28de0dac3d40ea9143b68400763f78ae7f2'}, 'dob': {'date': '1956-12-16T11:49:38.828Z', 'age': 67}, 'registered': {'date': '2017-07-02T07:19:49.348Z', 'age': 6}, 'phone': '(069) 8297912', 'cell': '(06) 18734344', 'id': {'name': 'BSN', 'value': '52717450'}, 'picture': {'large': 'https://randomuser.me/api/portraits/men/46.jpg', 'medium': 'https://randomuser.me/api/portraits/med/men/46.jpg', 'thumbnail': 'https://randomuser.me/api/portraits/thumb/men/46.jpg'}, 'nat': 'NL'}</msg>
<arg>${json_data['results'][0]}</arg>
<doc>Logs the given message with the given level.</doc>
<status status="PASS" start="2024-06-01T01:07:52.365450" elapsed="0.000431"/>
</kw>
<kw name="Log" owner="BuiltIn">
<msg time="2024-06-01T01:07:52.366336" level="INFO">email</msg>
<arg>${key}</arg>
<doc>Logs the given message with the given level.</doc>
<status status="PASS" start="2024-06-01T01:07:52.366197" elapsed="0.000175"/>
</kw>
<var name="${key}">email</var>
<status status="PASS" start="2024-06-01T01:07:52.364585" elapsed="0.002015"/>
</iter>
<iter>
<kw name="Dictionary Should Contain Key" owner="Collections">
<msg time="2024-06-01T01:07:52.367369" level="INFO">False</msg>
<arg>${json_data['results'][0]}</arg>
<arg>${key}</arg>
<doc>Fails if ``key`` is not found from ``dictionary``.</doc>
<status status="PASS" start="2024-06-01T01:07:52.366935" elapsed="0.000472"/>
</kw>
<kw name="Log" owner="BuiltIn">
<msg time="2024-06-01T01:07:52.368075" level="INFO">{'gender': 'male', 'name': {'title': 'Mr', 'first': 'Ashwan', 'last': 'Derix'}, 'location': {'street': {'number': 9445, 'name': 'Appeltuin'}, 'city': 'Schoonhoven', 'state': 'Noord-Holland', 'country': 'Netherlands', 'postcode': '7650 FF', 'coordinates': {'latitude': '32.3945', 'longitude': '-34.9684'}, 'timezone': {'offset': '-10:00', 'description': 'Hawaii'}}, 'email': 'ashwan.derix@example.com', 'login': {'uuid': '121f1c9e-24b8-4f9b-a2c2-73c7afc4ebf2', 'username': 'silvercat496', 'password': 'blue99', 'salt': 'lqSF8LR4', 'md5': '8fdac4c1175aa9c4803ba950283eedb8', 'sha1': 'c65ef299124aa20927cff310a346e5a19ff3a4fc', 'sha256': 'a9290c0aeff80010ab3774a3748ff28de0dac3d40ea9143b68400763f78ae7f2'}, 'dob': {'date': '1956-12-16T11:49:38.828Z', 'age': 67}, 'registered': {'date': '2017-07-02T07:19:49.348Z', 'age': 6}, 'phone': '(069) 8297912', 'cell': '(06) 18734344', 'id': {'name': 'BSN', 'value': '52717450'}, 'picture': {'large': 'https://randomuser.me/api/portraits/men/46.jpg', 'medium': 'https://randomuser.me/api/portraits/med/men/46.jpg', 'thumbnail': 'https://randomuser.me/api/portraits/thumb/men/46.jpg'}, 'nat': 'NL'}</msg>
<arg>${json_data['results'][0]}</arg>
<doc>Logs the given message with the given level.</doc>
<status status="PASS" start="2024-06-01T01:07:52.367706" elapsed="0.000419"/>
</kw>
<kw name="Log" owner="BuiltIn">
<msg time="2024-06-01T01:07:52.368577" level="INFO">login</msg>
<arg>${key}</arg>
<doc>Logs the given message with the given level.</doc>
<status status="PASS" start="2024-06-01T01:07:52.368448" elapsed="0.000166"/>
</kw>
<var name="${key}">login</var>
<status status="PASS" start="2024-06-01T01:07:52.366823" elapsed="0.002010"/>
</iter>
<var>${key}</var>
<value>@{expected_keys}</value>
<status status="PASS" start="2024-06-01T01:07:52.357043" elapsed="0.011911"/>
</for>
<kw name="Create List" owner="BuiltIn">
<msg time="2024-06-01T01:07:52.369335" level="INFO">${expected_keysTwo} = ['username', 'password']</msg>
<var>${expected_keysTwo}</var>
<arg>username</arg>
<arg>password</arg>
<doc>Returns a list containing given items.</doc>
<status status="PASS" start="2024-06-01T01:07:52.369191" elapsed="0.000168"/>
</kw>
<for flavor="IN">
<iter>
<kw name="Dictionary Should Contain Key" owner="Collections">
<msg time="2024-06-01T01:07:52.370259" level="INFO">False</msg>
<arg>${json_data['results'][0]['login']}</arg>
<arg>${keyTwo}</arg>
<doc>Fails if ``key`` is not found from ``dictionary``.</doc>
<status status="PASS" start="2024-06-01T01:07:52.369865" elapsed="0.000432"/>
</kw>
<kw name="Dictionary Should Contain Key" owner="Collections">
<msg time="2024-06-01T01:07:52.371002" level="INFO">False</msg>
<arg>${json_data['results'][0]['login']}</arg>
<arg>${keyTwo}</arg>
<doc>Fails if ``key`` is not found from ``dictionary``.</doc>
<status status="PASS" start="2024-06-01T01:07:52.370590" elapsed="0.000450"/>
</kw>
<kw name="Log" owner="BuiltIn">
<msg time="2024-06-01T01:07:52.371464" level="INFO">username</msg>
<arg>${keyTwo}</arg>
<doc>Logs the given message with the given level.</doc>
<status status="PASS" start="2024-06-01T01:07:52.371337" elapsed="0.000164"/>
</kw>
<var name="${keyTwo}">username</var>
<status status="PASS" start="2024-06-01T01:07:52.369756" elapsed="0.001958"/>
</iter>
<iter>
<kw name="Dictionary Should Contain Key" owner="Collections">
<msg time="2024-06-01T01:07:52.372371" level="INFO">False</msg>
<arg>${json_data['results'][0]['login']}</arg>
<arg>${keyTwo}</arg>
<doc>Fails if ``key`` is not found from ``dictionary``.</doc>
<status status="PASS" start="2024-06-01T01:07:52.371996" elapsed="0.000412"/>
</kw>
<kw name="Dictionary Should Contain Key" owner="Collections">
<msg time="2024-06-01T01:07:52.373155" level="INFO">False</msg>
<arg>${json_data['results'][0]['login']}</arg>
<arg>${keyTwo}</arg>
<doc>Fails if ``key`` is not found from ``dictionary``.</doc>
<status status="PASS" start="2024-06-01T01:07:52.372696" elapsed="0.000498"/>
</kw>
<kw name="Log" owner="BuiltIn">
<msg time="2024-06-01T01:07:52.373618" level="INFO">password</msg>
<arg>${keyTwo}</arg>
<doc>Logs the given message with the given level.</doc>
<status status="PASS" start="2024-06-01T01:07:52.373491" elapsed="0.000163"/>
</kw>
<var name="${keyTwo}">password</var>
<status status="PASS" start="2024-06-01T01:07:52.371883" elapsed="0.001986"/>
</iter>
<var>${keyTwo}</var>
<value>@{expected_keysTwo}</value>
<status status="PASS" start="2024-06-01T01:07:52.369600" elapsed="0.004389"/>
</for>
<status status="PASS" start="2024-06-01T01:07:52.257732" elapsed="0.116396"/>
</kw>
<doc>Testa a estrutura da resposta da API.</doc>
<tag>testeEstruturaResposta</tag>
<status status="PASS" start="2024-06-01T01:07:52.257234" elapsed="0.117050"/>
</test>
<test id="s1-s1-t4" name="Validar tipos de dados" line="28">
<kw name="Teste de Tipos de Dados" owner="random-user-service">
<kw name="GET On Session" owner="RequestsLibrary">
<msg time="2024-06-01T01:07:52.452568" level="INFO">GET Request : url=https://randomuser.me/api 
 path_url=/api 
 headers={'User-Agent': 'python-requests/2.32.3', 'Accept-Encoding': 'gzip, deflate', 'Accept': '*/*', 'Connection': 'keep-alive'} 
 body=None 
 </msg>
<msg time="2024-06-01T01:07:52.452658" level="INFO">GET Response : url=https://randomuser.me/api 
 status=200, reason=OK 
 headers={'Date': 'Sat, 01 Jun 2024 01:07:52 GMT', 'Content-Type': 'application/json; charset=utf-8', 'Transfer-Encoding': 'chunked', 'Connection': 'keep-alive', 'X-Powered-By': 'Express', 'Access-Control-Allow-Origin': '*', 'Cache-Control': 'no-cache', 'ETag': 'W/"49b-WScDFRhfmAggngDaGL1HfX2Fdqg"', 'Vary': 'Accept-Encoding', 'Content-Encoding': 'gzip', 'CF-Cache-Status': 'DYNAMIC', 'Report-To': '{"endpoints":[{"url":"https:\\/\\/a.nel.cloudflare.com\\/report\\/v4?s=OmMI6ahnA9DD33a5%2BRLKgxlmzYffad2b3VOUGJ9jmb0DnoMv7IT189zEowUC1LwYbKqfGTvY%2Bcc2tRwH6RzrCCzbhYY6OA7nraZb4dgBkoZ92XRVcEqQr4avYjX4Q6HF"}],"group":"cf-nel","max_age":604800}', 'NEL': '{"success_fraction":0,"report_to":"cf-nel","max_age":604800}', 'Server': 'cloudflare', 'CF-RAY': '88cb4f2c5f685908-IAD', 'alt-svc': 'h3=":443"; ma=86400'} 
 body={"results":[{"gender":"male","name":{"title":"Mr","first":"Josep","last":"Román"},"location":{"street":{"number":5405,"name":"Avenida de Salamanca"},"city":"Zaragoza","state":"Castilla y León","country":"Spain","postcode":76994,"coordinates":{"latitude":"-38.4328","longitude":"-50.8722"},"timezone":{"offset":"0:00","description":"Western Europe Time, London, Lisbon, Casablanca"}},"email":"josep.roman@example.com","login":{"uuid":"ac782f5b-bd3d-4b0b-8726-4db13ea2b9dd","username":"blackkoala331","password":"hrfzlz","salt":"RYm2TbTF","md5":"5a38de72045e1187a05966120bc2f2e7","sha1":"a35b1f1f182ac08da3d83a0b2db213d44524c14f","sha256":"ad1637b976493d30f8061cc60fd2acb3a9f02f0af213939b9f14a1f206349a4f"},"dob":{"date":"1993-07-15T04:16:07.418Z","age":30},"registered":{"date":"2016-11-22T10:53:04.466Z","age":7},"phone":"929-617-588","cell":"636-648-302","id":{"name":"DNI","value":"27762603-T"},"picture":{"large":"https://randomuser.me/api/portraits/men/8.jpg","medium":"https://randomuser.me/api/portraits/med/men/8.jpg","thumbnail":"https://randomuser.me/api/portraits/thumb/men/8.jpg"},"nat":"ES"}],"info":{"seed":"83bf88266074d0e9","results":1,"page":1,"version":"1.4"}} 
 </msg>
<msg time="2024-06-01T01:07:52.452740" level="INFO">/opt/hostedtoolcache/Python/3.12.3/x64/lib/python3.12/site-packages/urllib3/connectionpool.py:1103: InsecureRequestWarning: Unverified HTTPS request is being made to host 'randomuser.me'. Adding certificate verification is strongly advised. See: https://urllib3.readthedocs.io/en/latest/advanced-usage.html#tls-warnings
  warnings.warn(</msg>
<msg time="2024-06-01T01:07:52.452861" level="INFO">${response} = &lt;Response [200]&gt;</msg>
<var>${response}</var>
<arg>consultarAPI</arg>
<arg>/api</arg>
<doc>Sends a GET request on a previously created HTTP Session.</doc>
<status status="PASS" start="2024-06-01T01:07:52.376777" elapsed="0.076139"/>
</kw>
<kw name="Set Variable" owner="BuiltIn">
<msg time="2024-06-01T01:07:52.454114" level="INFO">${json_data} = {'results': [{'gender': 'male', 'name': {'title': 'Mr', 'first': 'Josep', 'last': 'Román'}, 'location': {'street': {'number': 5405, 'name': 'Avenida de Salamanca'}, 'city': 'Zaragoza', 'state': 'Casti...</msg>
<var>${json_data}</var>
<arg>${response.json()}</arg>
<doc>Returns the given values which can then be assigned to a variables.</doc>
<status status="PASS" start="2024-06-01T01:07:52.453466" elapsed="0.000678"/>
</kw>
<kw name="Log" owner="BuiltIn">
<msg time="2024-06-01T01:07:52.454616" level="INFO">{'results': [{'gender': 'male', 'name': {'title': 'Mr', 'first': 'Josep', 'last': 'Román'}, 'location': {'street': {'number': 5405, 'name': 'Avenida de Salamanca'}, 'city': 'Zaragoza', 'state': 'Castilla y León', 'country': 'Spain', 'postcode': 76994, 'coordinates': {'latitude': '-38.4328', 'longitude': '-50.8722'}, 'timezone': {'offset': '0:00', 'description': 'Western Europe Time, London, Lisbon, Casablanca'}}, 'email': 'josep.roman@example.com', 'login': {'uuid': 'ac782f5b-bd3d-4b0b-8726-4db13ea2b9dd', 'username': 'blackkoala331', 'password': 'hrfzlz', 'salt': 'RYm2TbTF', 'md5': '5a38de72045e1187a05966120bc2f2e7', 'sha1': 'a35b1f1f182ac08da3d83a0b2db213d44524c14f', 'sha256': 'ad1637b976493d30f8061cc60fd2acb3a9f02f0af213939b9f14a1f206349a4f'}, 'dob': {'date': '1993-07-15T04:16:07.418Z', 'age': 30}, 'registered': {'date': '2016-11-22T10:53:04.466Z', 'age': 7}, 'phone': '929-617-588', 'cell': '636-648-302', 'id': {'name': 'DNI', 'value': '27762603-T'}, 'picture': {'large': 'https://randomuser.me/api/portraits/men/8.jpg', 'medium': 'https://randomuser.me/api/portraits/med/men/8.jpg', 'thumbnail': 'https://randomuser.me/api/portraits/thumb/men/8.jpg'}, 'nat': 'ES'}], 'info': {'seed': '83bf88266074d0e9', 'results': 1, 'page': 1, 'version': '1.4'}}</msg>
<arg>${json_data}</arg>
<doc>Logs the given message with the given level.</doc>
<status status="PASS" start="2024-06-01T01:07:52.454457" elapsed="0.000279"/>
</kw>
<kw name="Should Be String" owner="String">
<arg>${json_data['results'][0]['gender']}</arg>
<doc>Fails if the given ``item`` is not a string.</doc>
<status status="PASS" start="2024-06-01T01:07:52.455048" elapsed="0.000364"/>
</kw>
<kw name="Should Match Regexp" owner="BuiltIn">
<arg>${json_data['results'][0]['email']}</arg>
<arg>^[a-zA-Z0-9._%+-]+@[a-zA-Z0-9.-]+\.[a-zA-Z]{2,}$</arg>
<doc>Fails if ``string`` does not match ``pattern`` as a regular expression.</doc>
<status status="PASS" start="2024-06-01T01:07:52.455606" elapsed="0.000517"/>
</kw>
<kw name="Should Match Regexp" owner="BuiltIn">
<arg>${json_data['results'][0]['dob']['date']}</arg>
<arg>\\d{4}-\\d{2}-\\d{2}T\\d{2}:\\d{2}:\\d{2}\\.\\d{3}Z</arg>
<doc>Fails if ``string`` does not match ``pattern`` as a regular expression.</doc>
<status status="PASS" start="2024-06-01T01:07:52.456322" elapsed="0.000485"/>
</kw>
<kw name="Should Match Regexp" owner="BuiltIn">
<arg>${json_data['results'][0]['registered']['date']}</arg>
<arg>\\d{4}-\\d{2}-\\d{2}T\\d{2}:\\d{2}:\\d{2}\\.\\d{3}Z</arg>
<doc>Fails if ``string`` does not match ``pattern`` as a regular expression.</doc>
<status status="PASS" start="2024-06-01T01:07:52.456999" elapsed="0.000374"/>
</kw>
<kw name="Should Match Regexp" owner="BuiltIn">
<arg>${json_data['results'][0]['picture']['large']}</arg>
<arg>^https?://.*\.(?:png|jpe?g|gif|bmp)$</arg>
<doc>Fails if ``string`` does not match ``pattern`` as a regular expression.</doc>
<status status="PASS" start="2024-06-01T01:07:52.457577" elapsed="0.000477"/>
</kw>
<kw name="Should Match Regexp" owner="BuiltIn">
<arg>${json_data['results'][0]['picture']['medium']}</arg>
<arg>^https?://.*\.(?:png|jpe?g|gif|bmp)$</arg>
<doc>Fails if ``string`` does not match ``pattern`` as a regular expression.</doc>
<status status="PASS" start="2024-06-01T01:07:52.458252" elapsed="0.000359"/>
</kw>
<kw name="Should Match Regexp" owner="BuiltIn">
<arg>${json_data['results'][0]['picture']['thumbnail']}</arg>
<arg>^https?://.*\.(?:png|jpe?g|gif|bmp)$</arg>
<doc>Fails if ``string`` does not match ``pattern`` as a regular expression.</doc>
<status status="PASS" start="2024-06-01T01:07:52.458834" elapsed="0.000364"/>
</kw>
<kw name="Log" owner="BuiltIn">
<msg time="2024-06-01T01:07:52.459726" level="INFO">{'large': 'https://randomuser.me/api/portraits/men/8.jpg', 'medium': 'https://randomuser.me/api/portraits/med/men/8.jpg', 'thumbnail': 'https://randomuser.me/api/portraits/thumb/men/8.jpg'}</msg>
<arg>${json_data['results'][0]['picture']}</arg>
<doc>Logs the given message with the given level.</doc>
<status status="PASS" start="2024-06-01T01:07:52.459392" elapsed="0.000377"/>
</kw>
<status status="PASS" start="2024-06-01T01:07:52.376543" elapsed="0.083484"/>
</kw>
<kw name="Teste de Tipos de Dados - Postcode" owner="random-user-service">
<kw name="GET On Session" owner="RequestsLibrary">
<msg time="2024-06-01T01:07:52.551417" level="INFO">GET Request : url=https://randomuser.me/api 
 path_url=/api 
 headers={'User-Agent': 'python-requests/2.32.3', 'Accept-Encoding': 'gzip, deflate', 'Accept': '*/*', 'Connection': 'keep-alive'} 
 body=None 
 </msg>
<msg time="2024-06-01T01:07:52.551499" level="INFO">GET Response : url=https://randomuser.me/api 
 status=200, reason=OK 
 headers={'Date': 'Sat, 01 Jun 2024 01:07:52 GMT', 'Content-Type': 'application/json; charset=utf-8', 'Transfer-Encoding': 'chunked', 'Connection': 'keep-alive', 'X-Powered-By': 'Express', 'Access-Control-Allow-Origin': '*', 'Cache-Control': 'no-cache', 'ETag': 'W/"496-insUx0Z68x7Zt3ahH6+4H/+AcSQ"', 'Vary': 'Accept-Encoding', 'Content-Encoding': 'gzip', 'CF-Cache-Status': 'DYNAMIC', 'Report-To': '{"endpoints":[{"url":"https:\\/\\/a.nel.cloudflare.com\\/report\\/v4?s=4OtNWXvXvMVqRoDl126BtJ4ZbOX6Gwu0mD2370UOMOjKAjLl1WSGxftqB1agZGd5Y6lhrAGmjq3wi6fI5dZCww4WawAnrumEn73wv8Z6%2BOtgVtQfyUKzWsJOknjx4gZV"}],"group":"cf-nel","max_age":604800}', 'NEL': '{"success_fraction":0,"report_to":"cf-nel","max_age":604800}', 'Server': 'cloudflare', 'CF-RAY': '88cb4f2ce8075908-IAD', 'alt-svc': 'h3=":443"; ma=86400'} 
 body={"results":[{"gender":"male","name":{"title":"Monsieur","first":"Anton","last":"Pierre"},"location":{"street":{"number":8891,"name":"Rue de L'Abbaye"},"city":"Büttikon","state":"Nidwalden","country":"Switzerland","postcode":8076,"coordinates":{"latitude":"-59.5703","longitude":"-143.1787"},"timezone":{"offset":"+7:00","description":"Bangkok, Hanoi, Jakarta"}},"email":"anton.pierre@example.com","login":{"uuid":"1dce828f-56b6-4408-a8c6-1964cf61cf45","username":"smallgorilla206","password":"loaded","salt":"vARzqcFz","md5":"3b65c7384155e40ca8aa436c54b20620","sha1":"cccc09a92e7bcddd7f668bc09ce84960d3ec50da","sha256":"a4bec6060c197d251bb67e82f2aea3b801ac21ec41aeae2441d8cebdc3166d08"},"dob":{"date":"1979-02-01T20:04:39.825Z","age":45},"registered":{"date":"2010-05-09T13:08:37.200Z","age":14},"phone":"079 417 92 33","cell":"078 611 24 81","id":{"name":"AVS","value":"756.9667.1291.91"},"picture":{"large":"https://randomuser.me/api/portraits/men/31.jpg","medium":"https://randomuser.me/api/portraits/med/men/31.jpg","thumbnail":"https://randomuser.me/api/portraits/thumb/men/31.jpg"},"nat":"CH"}],"info":{"seed":"cdcdac49f73cb2b8","results":1,"page":1,"version":"1.4"}} 
 </msg>
<msg time="2024-06-01T01:07:52.551569" level="INFO">/opt/hostedtoolcache/Python/3.12.3/x64/lib/python3.12/site-packages/urllib3/connectionpool.py:1103: InsecureRequestWarning: Unverified HTTPS request is being made to host 'randomuser.me'. Adding certificate verification is strongly advised. See: https://urllib3.readthedocs.io/en/latest/advanced-usage.html#tls-warnings
  warnings.warn(</msg>
<msg time="2024-06-01T01:07:52.551684" level="INFO">${response} = &lt;Response [200]&gt;</msg>
<var>${response}</var>
<arg>consultarAPI</arg>
<arg>/api</arg>
<doc>Sends a GET request on a previously created HTTP Session.</doc>
<status status="PASS" start="2024-06-01T01:07:52.460475" elapsed="0.091250"/>
</kw>
<kw name="Set Variable" owner="BuiltIn">
<msg time="2024-06-01T01:07:52.552887" level="INFO">${json_data} = {'results': [{'gender': 'male', 'name': {'title': 'Monsieur', 'first': 'Anton', 'last': 'Pierre'}, 'location': {'street': {'number': 8891, 'name': "Rue de L'Abbaye"}, 'city': 'Büttikon', 'state': 'Nid...</msg>
<var>${json_data}</var>
<arg>${response.json()}</arg>
<doc>Returns the given values which can then be assigned to a variables.</doc>
<status status="PASS" start="2024-06-01T01:07:52.552285" elapsed="0.000634"/>
</kw>
<kw name="Log" owner="BuiltIn">
<msg time="2024-06-01T01:07:52.553464" level="INFO">{'results': [{'gender': 'male', 'name': {'title': 'Monsieur', 'first': 'Anton', 'last': 'Pierre'}, 'location': {'street': {'number': 8891, 'name': "Rue de L'Abbaye"}, 'city': 'Büttikon', 'state': 'Nidwalden', 'country': 'Switzerland', 'postcode': 8076, 'coordinates': {'latitude': '-59.5703', 'longitude': '-143.1787'}, 'timezone': {'offset': '+7:00', 'description': 'Bangkok, Hanoi, Jakarta'}}, 'email': 'anton.pierre@example.com', 'login': {'uuid': '1dce828f-56b6-4408-a8c6-1964cf61cf45', 'username': 'smallgorilla206', 'password': 'loaded', 'salt': 'vARzqcFz', 'md5': '3b65c7384155e40ca8aa436c54b20620', 'sha1': 'cccc09a92e7bcddd7f668bc09ce84960d3ec50da', 'sha256': 'a4bec6060c197d251bb67e82f2aea3b801ac21ec41aeae2441d8cebdc3166d08'}, 'dob': {'date': '1979-02-01T20:04:39.825Z', 'age': 45}, 'registered': {'date': '2010-05-09T13:08:37.200Z', 'age': 14}, 'phone': '079 417 92 33', 'cell': '078 611 24 81', 'id': {'name': 'AVS', 'value': '756.9667.1291.91'}, 'picture': {'large': 'https://randomuser.me/api/portraits/men/31.jpg', 'medium': 'https://randomuser.me/api/portraits/med/men/31.jpg', 'thumbnail': 'https://randomuser.me/api/portraits/thumb/men/31.jpg'}, 'nat': 'CH'}], 'info': {'seed': 'cdcdac49f73cb2b8', 'results': 1, 'page': 1, 'version': '1.4'}}</msg>
<arg>${json_data}</arg>
<doc>Logs the given message with the given level.</doc>
<status status="PASS" start="2024-06-01T01:07:52.553278" elapsed="0.000273"/>
</kw>
<kw name="Should Be Equal As Numbers" owner="BuiltIn">
<arg>${json_data['results'][0]['location']['postcode']}</arg>
<arg>${json_data['results'][0]['location']['postcode']}</arg>
<doc>Fails if objects are unequal after converting them to real numbers.</doc>
<status status="PASS" start="2024-06-01T01:07:52.553872" elapsed="0.000795"/>
</kw>
<kw name="Log" owner="BuiltIn">
<msg time="2024-06-01T01:07:52.555273" level="INFO">8076</msg>
<arg>${json_data['results'][0]['location']['postcode']}</arg>
<doc>Logs the given message with the given level.</doc>
<status status="PASS" start="2024-06-01T01:07:52.554925" elapsed="0.000390"/>
</kw>
<status status="PASS" start="2024-06-01T01:07:52.460248" elapsed="0.095329"/>
</kw>
<doc>Testa se os tipos de dados na resposta da API estão corretos.</doc>
<tag>testeTiposDados</tag>
<status status="PASS" start="2024-06-01T01:07:52.376089" elapsed="0.179660"/>
</test>
<test id="s1-s1-t5" name="Validar conteudo" line="35">
<kw name="Teste de Tipos de Conteudo" owner="random-user-service">
<kw name="GET On Session" owner="RequestsLibrary">
<msg time="2024-06-01T01:07:52.659648" level="INFO">GET Request : url=https://randomuser.me/api 
 path_url=/api 
 headers={'User-Agent': 'python-requests/2.32.3', 'Accept-Encoding': 'gzip, deflate', 'Accept': '*/*', 'Connection': 'keep-alive'} 
 body=None 
 </msg>
<msg time="2024-06-01T01:07:52.659730" level="INFO">GET Response : url=https://randomuser.me/api 
 status=200, reason=OK 
 headers={'Date': 'Sat, 01 Jun 2024 01:07:52 GMT', 'Content-Type': 'application/json; charset=utf-8', 'Transfer-Encoding': 'chunked', 'Connection': 'keep-alive', 'X-Powered-By': 'Express', 'Access-Control-Allow-Origin': '*', 'Cache-Control': 'no-cache', 'ETag': 'W/"47b-mSvfbuPh66aJEkDxWpesp61ZIx8"', 'Vary': 'Accept-Encoding', 'Content-Encoding': 'gzip', 'CF-Cache-Status': 'DYNAMIC', 'Report-To': '{"endpoints":[{"url":"https:\\/\\/a.nel.cloudflare.com\\/report\\/v4?s=iJETT5ylCgDnRAwjiv%2FaeDH0I2VnP7kSp3ALqLidR8nSCVDOqyXSU6Gbtp0e%2FF9WR7h8wMpplF14zDc%2BVcDto6cLnYO0xmTpwi6K1GAvUDZ98hOpLdKE%2B5%2FdLpt2HVol"}],"group":"cf-nel","max_age":604800}', 'NEL': '{"success_fraction":0,"report_to":"cf-nel","max_age":604800}', 'Server': 'cloudflare', 'CF-RAY': '88cb4f2d790a5908-IAD', 'alt-svc': 'h3=":443"; ma=86400'} 
 body={"results":[{"gender":"female","name":{"title":"Miss","first":"Karoline","last":"Hov"},"location":{"street":{"number":5324,"name":"Hellerudfaret"},"city":"Mesnali","state":"Sør-Trøndelag","country":"Norway","postcode":"2080","coordinates":{"latitude":"46.0968","longitude":"160.0743"},"timezone":{"offset":"+9:30","description":"Adelaide, Darwin"}},"email":"karoline.hov@example.com","login":{"uuid":"750e858c-6387-4917-9802-0c915d2a78fb","username":"bigbear815","password":"636363","salt":"nIBMgEuI","md5":"6c8fec597227cf108a120d5074778572","sha1":"a003141162eaeb1c72b300ffc734d460d372e388","sha256":"5ed5afeba74915e12d1186500eb7b82c4b026ed5ed1f3f9da6a7164ac67bb338"},"dob":{"date":"1978-07-29T12:24:57.059Z","age":45},"registered":{"date":"2004-05-23T07:00:45.015Z","age":20},"phone":"71645973","cell":"94990218","id":{"name":"FN","value":"29077838838"},"picture":{"large":"https://randomuser.me/api/portraits/women/32.jpg","medium":"https://randomuser.me/api/portraits/med/women/32.jpg","thumbnail":"https://randomuser.me/api/portraits/thumb/women/32.jpg"},"nat":"NO"}],"info":{"seed":"a5b47a502ecf966f","results":1,"page":1,"version":"1.4"}} 
 </msg>
<msg time="2024-06-01T01:07:52.659809" level="INFO">/opt/hostedtoolcache/Python/3.12.3/x64/lib/python3.12/site-packages/urllib3/connectionpool.py:1103: InsecureRequestWarning: Unverified HTTPS request is being made to host 'randomuser.me'. Adding certificate verification is strongly advised. See: https://urllib3.readthedocs.io/en/latest/advanced-usage.html#tls-warnings
  warnings.warn(</msg>
<msg time="2024-06-01T01:07:52.659915" level="INFO">${response} = &lt;Response [200]&gt;</msg>
<var>${response}</var>
<arg>consultarAPI</arg>
<arg>/api</arg>
<doc>Sends a GET request on a previously created HTTP Session.</doc>
<status status="PASS" start="2024-06-01T01:07:52.558250" elapsed="0.101709"/>
</kw>
<kw name="Set Variable" owner="BuiltIn">
<msg time="2024-06-01T01:07:52.660901" level="INFO">${json_data} = {'results': [{'gender': 'female', 'name': {'title': 'Miss', 'first': 'Karoline', 'last': 'Hov'}, 'location': {'street': {'number': 5324, 'name': 'Hellerudfaret'}, 'city': 'Mesnali', 'state': 'Sør-Trøn...</msg>
<var>${json_data}</var>
<arg>${response.json()}</arg>
<doc>Returns the given values which can then be assigned to a variables.</doc>
<status status="PASS" start="2024-06-01T01:07:52.660433" elapsed="0.000498"/>
</kw>
<kw name="Set Variable" owner="BuiltIn">
<msg time="2024-06-01T01:07:52.661637" level="INFO">${name_title} = Miss</msg>
<var>${name_title}</var>
<arg>${json_data["results"][0]["name"]["title"]}</arg>
<doc>Returns the given values which can then be assigned to a variables.</doc>
<status status="PASS" start="2024-06-01T01:07:52.661239" elapsed="0.000424"/>
</kw>
<kw name="Create List" owner="BuiltIn">
<msg time="2024-06-01T01:07:52.662115" level="INFO">${allowed_titles} = ['Mr', 'Ms', 'Miss', 'Mrs', 'Madame', 'Monsieur']</msg>
<var>${allowed_titles}</var>
<arg>Mr</arg>
<arg>Ms</arg>
<arg>Miss</arg>
<arg>Mrs</arg>
<arg>Madame</arg>
<arg>Monsieur</arg>
<doc>Returns a list containing given items.</doc>
<status status="PASS" start="2024-06-01T01:07:52.661967" elapsed="0.000172"/>
</kw>
<kw name="List Should Contain Value" owner="Collections">
<msg time="2024-06-01T01:07:52.662641" level="INFO">False</msg>
<arg>${allowed_titles}</arg>
<arg>${name_title}</arg>
<doc>Fails if the ``value`` is not found from ``list``.</doc>
<status status="PASS" start="2024-06-01T01:07:52.662466" elapsed="0.000252"/>
</kw>
<kw name="Set Variable" owner="BuiltIn">
<msg time="2024-06-01T01:07:52.663436" level="INFO">${name_country} = NO</msg>
<var>${name_country}</var>
<arg>${json_data["results"][0]["nat"]}</arg>
<doc>Returns the given values which can then be assigned to a variables.</doc>
<status status="PASS" start="2024-06-01T01:07:52.663052" elapsed="0.000410"/>
</kw>
<kw name="Create List" owner="BuiltIn">
<msg time="2024-06-01T01:07:52.664367" level="INFO">${list_country} = ['AD', 'AE', 'AF', 'AG', 'AI', 'AL', 'AM', 'AO', 'AQ', 'AR', 'AS', 'AT', 'AU', 'AW', 'AX', 'AZ', 'BA', 'BB', 'BD', 'BE', 'BF', 'BG', 'BH', 'BI', 'BJ', 'BL', 'BM', 'BN', 'BO', 'BQ', 'BR', 'BS', 'BT', '...</msg>
<var>${list_country}</var>
<arg>AD</arg>
<arg>AE</arg>
<arg>AF</arg>
<arg>AG</arg>
<arg>AI</arg>
<arg>AL</arg>
<arg>AM</arg>
<arg>AO</arg>
<arg>AQ</arg>
<arg>AR</arg>
<arg>AS</arg>
<arg>AT</arg>
<arg>AU</arg>
<arg>AW</arg>
<arg>AX</arg>
<arg>AZ</arg>
<arg>BA</arg>
<arg>BB</arg>
<arg>BD</arg>
<arg>BE</arg>
<arg>BF</arg>
<arg>BG</arg>
<arg>BH</arg>
<arg>BI</arg>
<arg>BJ</arg>
<arg>BL</arg>
<arg>BM</arg>
<arg>BN</arg>
<arg>BO</arg>
<arg>BQ</arg>
<arg>BR</arg>
<arg>BS</arg>
<arg>BT</arg>
<arg>BV</arg>
<arg>BW</arg>
<arg>BY</arg>
<arg>BZ</arg>
<arg>CA</arg>
<arg>CC</arg>
<arg>CD</arg>
<arg>CF</arg>
<arg>CG</arg>
<arg>CH</arg>
<arg>CI</arg>
<arg>CK</arg>
<arg>CL</arg>
<arg>CM</arg>
<arg>CN</arg>
<arg>CO</arg>
<arg>CR</arg>
<arg>CU</arg>
<arg>CV</arg>
<arg>CW</arg>
<arg>CX</arg>
<arg>CY</arg>
<arg>CZ</arg>
<arg>DE</arg>
<arg>DJ</arg>
<arg>DK</arg>
<arg>DM</arg>
<arg>DO</arg>
<arg>DZ</arg>
<arg>EC</arg>
<arg>EE</arg>
<arg>EG</arg>
<arg>EH</arg>
<arg>ER</arg>
<arg>ES</arg>
<arg>ET</arg>
<arg>FI</arg>
<arg>FJ</arg>
<arg>FK</arg>
<arg>FM</arg>
<arg>FO</arg>
<arg>FR</arg>
<arg>GA</arg>
<arg>GB</arg>
<arg>GD</arg>
<arg>GE</arg>
<arg>GF</arg>
<arg>GG</arg>
<arg>GH</arg>
<arg>GI</arg>
<arg>GL</arg>
<arg>GM</arg>
<arg>GN</arg>
<arg>GP</arg>
<arg>GQ</arg>
<arg>GR</arg>
<arg>GS</arg>
<arg>GT</arg>
<arg>GU</arg>
<arg>GW</arg>
<arg>GY</arg>
<arg>HK</arg>
<arg>HM</arg>
<arg>HN</arg>
<arg>HR</arg>
<arg>HT</arg>
<arg>HU</arg>
<arg>ID</arg>
<arg>IE</arg>
<arg>IL</arg>
<arg>IM</arg>
<arg>IN</arg>
<arg>IO</arg>
<arg>IQ</arg>
<arg>IR</arg>
<arg>IS</arg>
<arg>IT</arg>
<arg>JE</arg>
<arg>JM</arg>
<arg>JO</arg>
<arg>JP</arg>
<arg>KE</arg>
<arg>KG</arg>
<arg>KH</arg>
<arg>KI</arg>
<arg>KM</arg>
<arg>KN</arg>
<arg>KP</arg>
<arg>KR</arg>
<arg>KW</arg>
<arg>KY</arg>
<arg>KZ</arg>
<arg>LA</arg>
<arg>LB</arg>
<arg>LC</arg>
<arg>LI</arg>
<arg>LK</arg>
<arg>LR</arg>
<arg>LS</arg>
<arg>LT</arg>
<arg>LU</arg>
<arg>LV</arg>
<arg>LY</arg>
<arg>MA</arg>
<arg>MC</arg>
<arg>MD</arg>
<arg>ME</arg>
<arg>MF</arg>
<arg>MG</arg>
<arg>MH</arg>
<arg>MK</arg>
<arg>ML</arg>
<arg>MM</arg>
<arg>MN</arg>
<arg>MO</arg>
<arg>MP</arg>
<arg>MQ</arg>
<arg>MR</arg>
<arg>MS</arg>
<arg>MT</arg>
<arg>MU</arg>
<arg>MV</arg>
<arg>MW</arg>
<arg>MX</arg>
<arg>MY</arg>
<arg>MZ</arg>
<arg>NA</arg>
<arg>NC</arg>
<arg>NE</arg>
<arg>NF</arg>
<arg>NG</arg>
<arg>NI</arg>
<arg>NL</arg>
<arg>NO</arg>
<arg>NP</arg>
<arg>NR</arg>
<arg>NU</arg>
<arg>NZ</arg>
<arg>OM</arg>
<arg>PA</arg>
<arg>PE</arg>
<arg>PF</arg>
<arg>PG</arg>
<arg>PH</arg>
<arg>PK</arg>
<arg>PL</arg>
<arg>PM</arg>
<arg>PN</arg>
<arg>PR</arg>
<arg>PS</arg>
<arg>PT</arg>
<arg>PW</arg>
<arg>PY</arg>
<arg>QA</arg>
<arg>RE</arg>
<arg>RO</arg>
<arg>RS</arg>
<arg>RU</arg>
<arg>RW</arg>
<arg>SA</arg>
<arg>SB</arg>
<arg>SC</arg>
<arg>SD</arg>
<arg>SE</arg>
<arg>SG</arg>
<arg>SH</arg>
<arg>SI</arg>
<arg>SJ</arg>
<arg>SK</arg>
<arg>SL</arg>
<arg>SM</arg>
<arg>SN</arg>
<arg>SO</arg>
<arg>SR</arg>
<arg>SS</arg>
<arg>ST</arg>
<arg>SV</arg>
<arg>SX</arg>
<arg>SY</arg>
<arg>SZ</arg>
<arg>TC</arg>
<arg>TD</arg>
<arg>TF</arg>
<arg>TG</arg>
<arg>TH</arg>
<arg>TJ</arg>
<arg>TK</arg>
<arg>TL</arg>
<arg>TM</arg>
<arg>TN</arg>
<arg>TO</arg>
<arg>TR</arg>
<arg>TT</arg>
<arg>TV</arg>
<arg>TW</arg>
<arg>TZ</arg>
<arg>UA</arg>
<arg>UG</arg>
<arg>UM</arg>
<arg>US</arg>
<arg>UY</arg>
<arg>UZ</arg>
<arg>VA</arg>
<arg>VC</arg>
<arg>VE</arg>
<arg>VG</arg>
<arg>VI</arg>
<arg>VN</arg>
<arg>VU</arg>
<arg>WF</arg>
<arg>WS</arg>
<arg>XK</arg>
<arg>YE</arg>
<arg>YT</arg>
<arg>ZA</arg>
<arg>ZM</arg>
<arg>ZW</arg>
<doc>Returns a list containing given items.</doc>
<status status="PASS" start="2024-06-01T01:07:52.663771" elapsed="0.000622"/>
</kw>
<kw name="List Should Contain Value" owner="Collections">
<msg time="2024-06-01T01:07:52.665385" level="INFO">False</msg>
<arg>${list_country}</arg>
<arg>${name_country}</arg>
<doc>Fails if the ``value`` is not found from ``list``.</doc>
<status status="PASS" start="2024-06-01T01:07:52.665176" elapsed="0.000246"/>
</kw>
<kw name="Run Keyword If" owner="BuiltIn">
<kw name="Should Be True" owner="BuiltIn">
<arg>${True}</arg>
<doc>Fails if the given condition is not true.</doc>
<status status="PASS" start="2024-06-01T01:07:52.666477" elapsed="0.000143"/>
</kw>
<arg>${json_data["results"][0]["location"]["coordinates"]["latitude"]} &gt;= -90 and ${json_data["results"][0]["location"]["coordinates"]["latitude"]} &lt;= 90</arg>
<arg>Should Be True</arg>
<arg>${True}</arg>
<doc>Runs the given keyword with the given arguments, if ``condition`` is true.</doc>
<status status="PASS" start="2024-06-01T01:07:52.665731" elapsed="0.001044"/>
</kw>
<kw name="Run Keyword If" owner="BuiltIn">
<kw name="Should Be True" owner="BuiltIn">
<arg>${True}</arg>
<doc>Fails if the given condition is not true.</doc>
<status status="PASS" start="2024-06-01T01:07:52.667662" elapsed="0.000250"/>
</kw>
<arg>${json_data["results"][0]["location"]["coordinates"]["longitude"]} &gt;= -180 and ${json_data["results"][0]["location"]["coordinates"]["longitude"]} &lt;= 180</arg>
<arg>Should Be True</arg>
<arg>${True}</arg>
<doc>Runs the given keyword with the given arguments, if ``condition`` is true.</doc>
<status status="PASS" start="2024-06-01T01:07:52.666964" elapsed="0.001075"/>
</kw>
<status status="PASS" start="2024-06-01T01:07:52.558019" elapsed="0.110152"/>
</kw>
<doc>Testa o conteúdo específico dos campos retornados pela API.</doc>
<tag>testeConteudo</tag>
<status status="PASS" start="2024-06-01T01:07:52.557561" elapsed="0.110757"/>
</test>
<status status="PASS" start="2024-06-01T01:07:51.748522" elapsed="0.921717"/>
</suite>
<status status="PASS" start="2024-06-01T01:07:51.734957" elapsed="0.940434"/>
</suite>
<statistics>
<total>
<stat pass="5" fail="0" skip="0">All Tests</stat>
</total>
<tag>
<stat pass="1" fail="0" skip="0">testeConteudo</stat>
<stat pass="1" fail="0" skip="0">testeEstruturaResposta</stat>
<stat pass="1" fail="0" skip="0">testeRequisicaoBasica</stat>
<stat pass="1" fail="0" skip="0">testeTiposDados</stat>
</tag>
<suite>
<stat pass="5" fail="0" skip="0" id="s1" name="Tests">Tests</stat>
<stat pass="5" fail="0" skip="0" id="s1-s1" name="Random-User-Test">Tests.Random-User-Test</stat>
</suite>
</statistics>
<errors>
</errors>
</robot>
