<?xml version="1.0" encoding="UTF-8"?>
<robot generator="Robot 7.0 (Python 3.12.2 on linux)" generated="2024-03-31T23:12:46.171116" rpa="false" schemaversion="5">
<suite id="s1" name="Tests" source="/home/runner/work/DesafioQAItauRogerioJordao/DesafioQAItauRogerioJordao/RamdonUser/tests">
<suite id="s1-s1" name="Random-User-Test" source="/home/runner/work/DesafioQAItauRogerioJordao/DesafioQAItauRogerioJordao/RamdonUser/tests/random-user-test.robot">
<test id="s1-s1-t1" name="Conectar" line="13">
<kw name="Conectar API" owner="random-user-service">
<kw name="Create Session" owner="RequestsLibrary">
<msg time="2024-03-31T23:12:46.545137" level="INFO">Creating Session using : alias=consultarAPI, url=https://randomuser.me/, headers={},                     cookies={}, auth=None, timeout=None, proxies=None, verify=False,                     debug=0 </msg>
<arg>consultarAPI</arg>
<arg>${URL}</arg>
<doc>Create Session: create a HTTP session to a server</doc>
<status status="PASS" start="2024-03-31T23:12:46.544931" elapsed="0.000427"/>
</kw>
<status status="PASS" start="2024-03-31T23:12:46.543870" elapsed="0.001870"/>
</kw>
<status status="PASS" start="2024-03-31T23:12:46.543295" elapsed="0.002653"/>
</test>
<test id="s1-s1-t2" name="Validar retorno 200 e JSON Válido" line="16">
<kw name="Teste de Requisicao Basica" owner="random-user-service">
<kw name="GET On Session" owner="RequestsLibrary">
<msg time="2024-03-31T23:12:46.661941" level="INFO">GET Request : url=https://randomuser.me/api 
 path_url=/api 
 headers={'User-Agent': 'python-requests/2.31.0', 'Accept-Encoding': 'gzip, deflate', 'Accept': '*/*', 'Connection': 'keep-alive'} 
 body=None 
 </msg>
<msg time="2024-03-31T23:12:46.662094" level="INFO">GET Response : url=https://randomuser.me/api 
 status=200, reason=OK 
 headers={'Date': 'Sun, 31 Mar 2024 23:12:46 GMT', 'Content-Type': 'application/json; charset=utf-8', 'Transfer-Encoding': 'chunked', 'Connection': 'keep-alive', 'X-Powered-By': 'Express', 'Access-Control-Allow-Origin': '*', 'Cache-Control': 'no-cache', 'ETag': 'W/"48e-uAQ2YuAjXMfuIxzsnXtUy9PAGts"', 'Vary': 'Accept-Encoding', 'Content-Encoding': 'gzip', 'CF-Cache-Status': 'DYNAMIC', 'Report-To': '{"endpoints":[{"url":"https:\\/\\/a.nel.cloudflare.com\\/report\\/v4?s=qGQa1qd%2B4M5VMNwN3USow8t92rNs1%2Bzgx3gRvgfXLMha75a4JnLQA4JRVMEOtFG2fQwkyPiWt%2BBV1Uzu8DqjcSNhLKZHjSQ863EHh0ziLgGORx%2BXdSb6UWTv5kNcWL55"}],"group":"cf-nel","max_age":604800}', 'NEL': '{"success_fraction":0,"report_to":"cf-nel","max_age":604800}', 'Server': 'cloudflare', 'CF-RAY': '86d406b31af6251e-SJC', 'alt-svc': 'h3=":443"; ma=86400'} 
 body={"results":[{"gender":"male","name":{"title":"Mr","first":"Franz-Xaver","last":"Görgen"},"location":{"street":{"number":2735,"name":"Poststraße"},"city":"Tann (Rhön)","state":"Berlin","country":"Germany","postcode":38095,"coordinates":{"latitude":"-54.5097","longitude":"-34.0454"},"timezone":{"offset":"-11:00","description":"Midway Island, Samoa"}},"email":"franz-xaver.gorgen@example.com","login":{"uuid":"4404cd24-90a0-4c69-9822-2f37ad696872","username":"blackcat220","password":"lighter","salt":"IcPdVyJh","md5":"3e31583ad5695954b5f4b1f32e5e4eee","sha1":"a23946370136da5ddecdb3e9a2b4417853b1d767","sha256":"677b7ae14064bce1a8cf1aa883b8aef373f93641b95f95d818b8ba78d73b3eb9"},"dob":{"date":"1998-02-25T15:07:06.799Z","age":26},"registered":{"date":"2007-02-08T01:27:11.881Z","age":17},"phone":"0683-5354181","cell":"0176-4761624","id":{"name":"SVNR","value":"82 250298 G 219"},"picture":{"large":"https://randomuser.me/api/portraits/men/46.jpg","medium":"https://randomuser.me/api/portraits/med/men/46.jpg","thumbnail":"https://randomuser.me/api/portraits/thumb/men/46.jpg"},"nat":"DE"}],"info":{"seed":"005a534530739cca","results":1,"page":1,"version":"1.4"}} 
 </msg>
<msg time="2024-03-31T23:12:46.662213" level="INFO">/opt/hostedtoolcache/Python/3.12.2/x64/lib/python3.12/site-packages/urllib3/connectionpool.py:1103: InsecureRequestWarning: Unverified HTTPS request is being made to host 'randomuser.me'. Adding certificate verification is strongly advised. See: https://urllib3.readthedocs.io/en/latest/advanced-usage.html#tls-warnings
  warnings.warn(</msg>
<msg time="2024-03-31T23:12:46.662353" level="INFO">${response} = &lt;Response [200]&gt;</msg>
<var>${response}</var>
<arg>consultarAPI</arg>
<arg>/api</arg>
<doc>Sends a GET request on a previously created HTTP Session.</doc>
<status status="PASS" start="2024-03-31T23:12:46.548576" elapsed="0.113819"/>
</kw>
<kw name="Should Be Equal As Numbers" owner="BuiltIn">
<msg time="2024-03-31T23:12:46.663456" level="INFO">Argument types are:
&lt;class 'int'&gt;
&lt;class 'str'&gt;</msg>
<arg>${response.status_code}</arg>
<arg>200</arg>
<doc>Fails if objects are unequal after converting them to real numbers.</doc>
<status status="PASS" start="2024-03-31T23:12:46.662979" elapsed="0.000547"/>
</kw>
<kw name="Log" owner="BuiltIn">
<msg time="2024-03-31T23:12:46.664262" level="INFO">200</msg>
<arg>${response.status_code}</arg>
<doc>Logs the given message with the given level.</doc>
<status status="PASS" start="2024-03-31T23:12:46.663881" elapsed="0.000425"/>
</kw>
<kw name="Set Variable" owner="BuiltIn">
<msg time="2024-03-31T23:12:46.665114" level="INFO">${json_data} = {'results': [{'gender': 'male', 'name': {'title': 'Mr', 'first': 'Franz-Xaver', 'last': 'Görgen'}, 'location': {'street': {'number': 2735, 'name': 'Poststraße'}, 'city': 'Tann (Rhön)', 'state': 'Berli...</msg>
<var>${json_data}</var>
<arg>${response.json()}</arg>
<doc>Returns the given values which can then be assigned to a variables.</doc>
<status status="PASS" start="2024-03-31T23:12:46.664652" elapsed="0.000491"/>
</kw>
<kw name="Dictionary Should Contain Key" owner="Collections">
<msg time="2024-03-31T23:12:46.665668" level="INFO">False</msg>
<arg>${json_data}</arg>
<arg>results</arg>
<doc>Fails if ``key`` is not found from ``dictionary``.</doc>
<status status="PASS" start="2024-03-31T23:12:46.665494" elapsed="0.000214"/>
</kw>
<status status="PASS" start="2024-03-31T23:12:46.548318" elapsed="0.117658"/>
</kw>
<doc>Testa se a API responde corretamente e retorna um objeto JSON válido.</doc>
<tag>testeRequisicaoBasica</tag>
<status status="PASS" start="2024-03-31T23:12:46.547815" elapsed="0.118351"/>
</test>
<test id="s1-s1-t3" name="Validar estrutura de resposta" line="22">
<kw name="Teste de Estrutura de Resposta" owner="random-user-service">
<kw name="GET On Session" owner="RequestsLibrary">
<msg time="2024-03-31T23:12:46.763624" level="INFO">GET Request : url=https://randomuser.me/api 
 path_url=/api 
 headers={'User-Agent': 'python-requests/2.31.0', 'Accept-Encoding': 'gzip, deflate', 'Accept': '*/*', 'Connection': 'keep-alive'} 
 body=None 
 </msg>
<msg time="2024-03-31T23:12:46.763728" level="INFO">GET Response : url=https://randomuser.me/api 
 status=200, reason=OK 
 headers={'Date': 'Sun, 31 Mar 2024 23:12:46 GMT', 'Content-Type': 'application/json; charset=utf-8', 'Transfer-Encoding': 'chunked', 'Connection': 'keep-alive', 'X-Powered-By': 'Express', 'Access-Control-Allow-Origin': '*', 'Cache-Control': 'no-cache', 'ETag': 'W/"491-kyVgYeXMNiDr0z0uQbmcZHa1+g0"', 'Vary': 'Accept-Encoding', 'Content-Encoding': 'gzip', 'CF-Cache-Status': 'DYNAMIC', 'Report-To': '{"endpoints":[{"url":"https:\\/\\/a.nel.cloudflare.com\\/report\\/v4?s=NARcUo853BhHjqcDqQJjz5iBGLDq4TZwE9N1lc5Zq9YraaCkpg2m5wiAZ%2FzOP5BcCqrVazRqwBowJZEYl8h2MmiK%2BARNCBbm45Yv9BhGDvAM0NKw4oDAEYvLzsCJbZX8"}],"group":"cf-nel","max_age":604800}', 'NEL': '{"success_fraction":0,"report_to":"cf-nel","max_age":604800}', 'Server': 'cloudflare', 'CF-RAY': '86d406b3bb29251e-SJC', 'alt-svc': 'h3=":443"; ma=86400'} 
 body={"results":[{"gender":"male","name":{"title":"Mr","first":"Billy","last":"Mortensen"},"location":{"street":{"number":178,"name":"Sagveien"},"city":"Nesjestranda","state":"Nordland","country":"Norway","postcode":"4624","coordinates":{"latitude":"40.8760","longitude":"-14.0077"},"timezone":{"offset":"0:00","description":"Western Europe Time, London, Lisbon, Casablanca"}},"email":"billy.mortensen@example.com","login":{"uuid":"2970b887-7ee6-4e78-922a-9a5ba0307ecc","username":"blackmouse656","password":"birdman","salt":"D64z3DGe","md5":"fb1909b87053db03509c239a81a7fc36","sha1":"3243311cf69f81a9caf6caf16cb51f105059b2b8","sha256":"4a7a6ba5e5cf1f8dcb34bb6fbe1afb60222d46b23dfeda7647ee39735d0797d4"},"dob":{"date":"1982-07-20T22:45:08.167Z","age":41},"registered":{"date":"2009-08-11T17:46:24.333Z","age":14},"phone":"60204877","cell":"40388907","id":{"name":"FN","value":"20078226502"},"picture":{"large":"https://randomuser.me/api/portraits/men/72.jpg","medium":"https://randomuser.me/api/portraits/med/men/72.jpg","thumbnail":"https://randomuser.me/api/portraits/thumb/men/72.jpg"},"nat":"NO"}],"info":{"seed":"888ee71c8c94a8dd","results":1,"page":1,"version":"1.4"}} 
 </msg>
<msg time="2024-03-31T23:12:46.763869" level="INFO">/opt/hostedtoolcache/Python/3.12.2/x64/lib/python3.12/site-packages/urllib3/connectionpool.py:1103: InsecureRequestWarning: Unverified HTTPS request is being made to host 'randomuser.me'. Adding certificate verification is strongly advised. See: https://urllib3.readthedocs.io/en/latest/advanced-usage.html#tls-warnings
  warnings.warn(</msg>
<msg time="2024-03-31T23:12:46.763997" level="INFO">${response} = &lt;Response [200]&gt;</msg>
<var>${response}</var>
<arg>consultarAPI</arg>
<arg>/api</arg>
<doc>Sends a GET request on a previously created HTTP Session.</doc>
<status status="PASS" start="2024-03-31T23:12:46.668934" elapsed="0.095091"/>
</kw>
<kw name="Set Variable" owner="BuiltIn">
<msg time="2024-03-31T23:12:46.765138" level="INFO">${json_data} = {'results': [{'gender': 'male', 'name': {'title': 'Mr', 'first': 'Billy', 'last': 'Mortensen'}, 'location': {'street': {'number': 178, 'name': 'Sagveien'}, 'city': 'Nesjestranda', 'state': 'Nordland',...</msg>
<var>${json_data}</var>
<arg>${response.json()}</arg>
<doc>Returns the given values which can then be assigned to a variables.</doc>
<status status="PASS" start="2024-03-31T23:12:46.764577" elapsed="0.000590"/>
</kw>
<kw name="Log" owner="BuiltIn">
<msg time="2024-03-31T23:12:46.765747" level="INFO">{'results': [{'gender': 'male', 'name': {'title': 'Mr', 'first': 'Billy', 'last': 'Mortensen'}, 'location': {'street': {'number': 178, 'name': 'Sagveien'}, 'city': 'Nesjestranda', 'state': 'Nordland', 'country': 'Norway', 'postcode': '4624', 'coordinates': {'latitude': '40.8760', 'longitude': '-14.0077'}, 'timezone': {'offset': '0:00', 'description': 'Western Europe Time, London, Lisbon, Casablanca'}}, 'email': 'billy.mortensen@example.com', 'login': {'uuid': '2970b887-7ee6-4e78-922a-9a5ba0307ecc', 'username': 'blackmouse656', 'password': 'birdman', 'salt': 'D64z3DGe', 'md5': 'fb1909b87053db03509c239a81a7fc36', 'sha1': '3243311cf69f81a9caf6caf16cb51f105059b2b8', 'sha256': '4a7a6ba5e5cf1f8dcb34bb6fbe1afb60222d46b23dfeda7647ee39735d0797d4'}, 'dob': {'date': '1982-07-20T22:45:08.167Z', 'age': 41}, 'registered': {'date': '2009-08-11T17:46:24.333Z', 'age': 14}, 'phone': '60204877', 'cell': '40388907', 'id': {'name': 'FN', 'value': '20078226502'}, 'picture': {'large': 'https://randomuser.me/api/portraits/men/72.jpg', 'medium': 'https://randomuser.me/api/portraits/med/men/72.jpg', 'thumbnail': 'https://randomuser.me/api/portraits/thumb/men/72.jpg'}, 'nat': 'NO'}], 'info': {'seed': '888ee71c8c94a8dd', 'results': 1, 'page': 1, 'version': '1.4'}}</msg>
<arg>${json_data}</arg>
<doc>Logs the given message with the given level.</doc>
<status status="PASS" start="2024-03-31T23:12:46.765568" elapsed="0.000230"/>
</kw>
<kw name="Dictionary Should Contain Key" owner="Collections">
<msg time="2024-03-31T23:12:46.766293" level="INFO">False</msg>
<arg>${json_data}</arg>
<arg>results</arg>
<doc>Fails if ``key`` is not found from ``dictionary``.</doc>
<status status="PASS" start="2024-03-31T23:12:46.766119" elapsed="0.000213"/>
</kw>
<kw name="Should Not Be Empty" owner="BuiltIn">
<msg time="2024-03-31T23:12:46.766776" level="INFO">Length is 2.</msg>
<arg>${json_data}</arg>
<doc>Verifies that the given item is not empty.</doc>
<status status="PASS" start="2024-03-31T23:12:46.766638" elapsed="0.000177"/>
</kw>
<kw name="Create List" owner="BuiltIn">
<msg time="2024-03-31T23:12:46.767268" level="INFO">${expected_keys} = ['gender', 'name', 'location', 'email', 'login']</msg>
<var>${expected_keys}</var>
<arg>gender</arg>
<arg>name</arg>
<arg>location</arg>
<arg>email</arg>
<arg>login</arg>
<doc>Returns a list containing given items.</doc>
<status status="PASS" start="2024-03-31T23:12:46.767115" elapsed="0.000178"/>
</kw>
<for flavor="IN">
<iter>
<kw name="Dictionary Should Contain Key" owner="Collections">
<msg time="2024-03-31T23:12:46.768322" level="INFO">False</msg>
<arg>${json_data['results'][0]}</arg>
<arg>${key}</arg>
<doc>Fails if ``key`` is not found from ``dictionary``.</doc>
<status status="PASS" start="2024-03-31T23:12:46.767890" elapsed="0.000472"/>
</kw>
<kw name="Log" owner="BuiltIn">
<msg time="2024-03-31T23:12:46.769060" level="INFO">{'gender': 'male', 'name': {'title': 'Mr', 'first': 'Billy', 'last': 'Mortensen'}, 'location': {'street': {'number': 178, 'name': 'Sagveien'}, 'city': 'Nesjestranda', 'state': 'Nordland', 'country': 'Norway', 'postcode': '4624', 'coordinates': {'latitude': '40.8760', 'longitude': '-14.0077'}, 'timezone': {'offset': '0:00', 'description': 'Western Europe Time, London, Lisbon, Casablanca'}}, 'email': 'billy.mortensen@example.com', 'login': {'uuid': '2970b887-7ee6-4e78-922a-9a5ba0307ecc', 'username': 'blackmouse656', 'password': 'birdman', 'salt': 'D64z3DGe', 'md5': 'fb1909b87053db03509c239a81a7fc36', 'sha1': '3243311cf69f81a9caf6caf16cb51f105059b2b8', 'sha256': '4a7a6ba5e5cf1f8dcb34bb6fbe1afb60222d46b23dfeda7647ee39735d0797d4'}, 'dob': {'date': '1982-07-20T22:45:08.167Z', 'age': 41}, 'registered': {'date': '2009-08-11T17:46:24.333Z', 'age': 14}, 'phone': '60204877', 'cell': '40388907', 'id': {'name': 'FN', 'value': '20078226502'}, 'picture': {'large': 'https://randomuser.me/api/portraits/men/72.jpg', 'medium': 'https://randomuser.me/api/portraits/med/men/72.jpg', 'thumbnail': 'https://randomuser.me/api/portraits/thumb/men/72.jpg'}, 'nat': 'NO'}</msg>
<arg>${json_data['results'][0]}</arg>
<doc>Logs the given message with the given level.</doc>
<status status="PASS" start="2024-03-31T23:12:46.768681" elapsed="0.000434"/>
</kw>
<kw name="Log" owner="BuiltIn">
<msg time="2024-03-31T23:12:46.769589" level="INFO">gender</msg>
<arg>${key}</arg>
<doc>Logs the given message with the given level.</doc>
<status status="PASS" start="2024-03-31T23:12:46.769457" elapsed="0.000171"/>
</kw>
<var name="${key}">gender</var>
<status status="PASS" start="2024-03-31T23:12:46.767761" elapsed="0.002088"/>
</iter>
<iter>
<kw name="Dictionary Should Contain Key" owner="Collections">
<msg time="2024-03-31T23:12:46.770555" level="INFO">False</msg>
<arg>${json_data['results'][0]}</arg>
<arg>${key}</arg>
<doc>Fails if ``key`` is not found from ``dictionary``.</doc>
<status status="PASS" start="2024-03-31T23:12:46.770163" elapsed="0.000429"/>
</kw>
<kw name="Log" owner="BuiltIn">
<msg time="2024-03-31T23:12:46.771290" level="INFO">{'gender': 'male', 'name': {'title': 'Mr', 'first': 'Billy', 'last': 'Mortensen'}, 'location': {'street': {'number': 178, 'name': 'Sagveien'}, 'city': 'Nesjestranda', 'state': 'Nordland', 'country': 'Norway', 'postcode': '4624', 'coordinates': {'latitude': '40.8760', 'longitude': '-14.0077'}, 'timezone': {'offset': '0:00', 'description': 'Western Europe Time, London, Lisbon, Casablanca'}}, 'email': 'billy.mortensen@example.com', 'login': {'uuid': '2970b887-7ee6-4e78-922a-9a5ba0307ecc', 'username': 'blackmouse656', 'password': 'birdman', 'salt': 'D64z3DGe', 'md5': 'fb1909b87053db03509c239a81a7fc36', 'sha1': '3243311cf69f81a9caf6caf16cb51f105059b2b8', 'sha256': '4a7a6ba5e5cf1f8dcb34bb6fbe1afb60222d46b23dfeda7647ee39735d0797d4'}, 'dob': {'date': '1982-07-20T22:45:08.167Z', 'age': 41}, 'registered': {'date': '2009-08-11T17:46:24.333Z', 'age': 14}, 'phone': '60204877', 'cell': '40388907', 'id': {'name': 'FN', 'value': '20078226502'}, 'picture': {'large': 'https://randomuser.me/api/portraits/men/72.jpg', 'medium': 'https://randomuser.me/api/portraits/med/men/72.jpg', 'thumbnail': 'https://randomuser.me/api/portraits/thumb/men/72.jpg'}, 'nat': 'NO'}</msg>
<arg>${json_data['results'][0]}</arg>
<doc>Logs the given message with the given level.</doc>
<status status="PASS" start="2024-03-31T23:12:46.770925" elapsed="0.000412"/>
</kw>
<kw name="Log" owner="BuiltIn">
<msg time="2024-03-31T23:12:46.771764" level="INFO">name</msg>
<arg>${key}</arg>
<doc>Logs the given message with the given level.</doc>
<status status="PASS" start="2024-03-31T23:12:46.771635" elapsed="0.000167"/>
</kw>
<var name="${key}">name</var>
<status status="PASS" start="2024-03-31T23:12:46.770044" elapsed="0.001973"/>
</iter>
<iter>
<kw name="Dictionary Should Contain Key" owner="Collections">
<msg time="2024-03-31T23:12:46.772702" level="INFO">False</msg>
<arg>${json_data['results'][0]}</arg>
<arg>${key}</arg>
<doc>Fails if ``key`` is not found from ``dictionary``.</doc>
<status status="PASS" start="2024-03-31T23:12:46.772313" elapsed="0.000427"/>
</kw>
<kw name="Log" owner="BuiltIn">
<msg time="2024-03-31T23:12:46.773430" level="INFO">{'gender': 'male', 'name': {'title': 'Mr', 'first': 'Billy', 'last': 'Mortensen'}, 'location': {'street': {'number': 178, 'name': 'Sagveien'}, 'city': 'Nesjestranda', 'state': 'Nordland', 'country': 'Norway', 'postcode': '4624', 'coordinates': {'latitude': '40.8760', 'longitude': '-14.0077'}, 'timezone': {'offset': '0:00', 'description': 'Western Europe Time, London, Lisbon, Casablanca'}}, 'email': 'billy.mortensen@example.com', 'login': {'uuid': '2970b887-7ee6-4e78-922a-9a5ba0307ecc', 'username': 'blackmouse656', 'password': 'birdman', 'salt': 'D64z3DGe', 'md5': 'fb1909b87053db03509c239a81a7fc36', 'sha1': '3243311cf69f81a9caf6caf16cb51f105059b2b8', 'sha256': '4a7a6ba5e5cf1f8dcb34bb6fbe1afb60222d46b23dfeda7647ee39735d0797d4'}, 'dob': {'date': '1982-07-20T22:45:08.167Z', 'age': 41}, 'registered': {'date': '2009-08-11T17:46:24.333Z', 'age': 14}, 'phone': '60204877', 'cell': '40388907', 'id': {'name': 'FN', 'value': '20078226502'}, 'picture': {'large': 'https://randomuser.me/api/portraits/men/72.jpg', 'medium': 'https://randomuser.me/api/portraits/med/men/72.jpg', 'thumbnail': 'https://randomuser.me/api/portraits/thumb/men/72.jpg'}, 'nat': 'NO'}</msg>
<arg>${json_data['results'][0]}</arg>
<doc>Logs the given message with the given level.</doc>
<status status="PASS" start="2024-03-31T23:12:46.773040" elapsed="0.000442"/>
</kw>
<kw name="Log" owner="BuiltIn">
<msg time="2024-03-31T23:12:46.773907" level="INFO">location</msg>
<arg>${key}</arg>
<doc>Logs the given message with the given level.</doc>
<status status="PASS" start="2024-03-31T23:12:46.773780" elapsed="0.000174"/>
</kw>
<var name="${key}">location</var>
<status status="PASS" start="2024-03-31T23:12:46.772200" elapsed="0.001970"/>
</iter>
<iter>
<kw name="Dictionary Should Contain Key" owner="Collections">
<msg time="2024-03-31T23:12:46.774829" level="INFO">False</msg>
<arg>${json_data['results'][0]}</arg>
<arg>${key}</arg>
<doc>Fails if ``key`` is not found from ``dictionary``.</doc>
<status status="PASS" start="2024-03-31T23:12:46.774454" elapsed="0.000413"/>
</kw>
<kw name="Log" owner="BuiltIn">
<msg time="2024-03-31T23:12:46.775535" level="INFO">{'gender': 'male', 'name': {'title': 'Mr', 'first': 'Billy', 'last': 'Mortensen'}, 'location': {'street': {'number': 178, 'name': 'Sagveien'}, 'city': 'Nesjestranda', 'state': 'Nordland', 'country': 'Norway', 'postcode': '4624', 'coordinates': {'latitude': '40.8760', 'longitude': '-14.0077'}, 'timezone': {'offset': '0:00', 'description': 'Western Europe Time, London, Lisbon, Casablanca'}}, 'email': 'billy.mortensen@example.com', 'login': {'uuid': '2970b887-7ee6-4e78-922a-9a5ba0307ecc', 'username': 'blackmouse656', 'password': 'birdman', 'salt': 'D64z3DGe', 'md5': 'fb1909b87053db03509c239a81a7fc36', 'sha1': '3243311cf69f81a9caf6caf16cb51f105059b2b8', 'sha256': '4a7a6ba5e5cf1f8dcb34bb6fbe1afb60222d46b23dfeda7647ee39735d0797d4'}, 'dob': {'date': '1982-07-20T22:45:08.167Z', 'age': 41}, 'registered': {'date': '2009-08-11T17:46:24.333Z', 'age': 14}, 'phone': '60204877', 'cell': '40388907', 'id': {'name': 'FN', 'value': '20078226502'}, 'picture': {'large': 'https://randomuser.me/api/portraits/men/72.jpg', 'medium': 'https://randomuser.me/api/portraits/med/men/72.jpg', 'thumbnail': 'https://randomuser.me/api/portraits/thumb/men/72.jpg'}, 'nat': 'NO'}</msg>
<arg>${json_data['results'][0]}</arg>
<doc>Logs the given message with the given level.</doc>
<status status="PASS" start="2024-03-31T23:12:46.775168" elapsed="0.000416"/>
</kw>
<kw name="Log" owner="BuiltIn">
<msg time="2024-03-31T23:12:46.776005" level="INFO">email</msg>
<arg>${key}</arg>
<doc>Logs the given message with the given level.</doc>
<status status="PASS" start="2024-03-31T23:12:46.775877" elapsed="0.000167"/>
</kw>
<var name="${key}">email</var>
<status status="PASS" start="2024-03-31T23:12:46.774343" elapsed="0.001920"/>
</iter>
<iter>
<kw name="Dictionary Should Contain Key" owner="Collections">
<msg time="2024-03-31T23:12:46.776942" level="INFO">False</msg>
<arg>${json_data['results'][0]}</arg>
<arg>${key}</arg>
<doc>Fails if ``key`` is not found from ``dictionary``.</doc>
<status status="PASS" start="2024-03-31T23:12:46.776554" elapsed="0.000425"/>
</kw>
<kw name="Log" owner="BuiltIn">
<msg time="2024-03-31T23:12:46.777671" level="INFO">{'gender': 'male', 'name': {'title': 'Mr', 'first': 'Billy', 'last': 'Mortensen'}, 'location': {'street': {'number': 178, 'name': 'Sagveien'}, 'city': 'Nesjestranda', 'state': 'Nordland', 'country': 'Norway', 'postcode': '4624', 'coordinates': {'latitude': '40.8760', 'longitude': '-14.0077'}, 'timezone': {'offset': '0:00', 'description': 'Western Europe Time, London, Lisbon, Casablanca'}}, 'email': 'billy.mortensen@example.com', 'login': {'uuid': '2970b887-7ee6-4e78-922a-9a5ba0307ecc', 'username': 'blackmouse656', 'password': 'birdman', 'salt': 'D64z3DGe', 'md5': 'fb1909b87053db03509c239a81a7fc36', 'sha1': '3243311cf69f81a9caf6caf16cb51f105059b2b8', 'sha256': '4a7a6ba5e5cf1f8dcb34bb6fbe1afb60222d46b23dfeda7647ee39735d0797d4'}, 'dob': {'date': '1982-07-20T22:45:08.167Z', 'age': 41}, 'registered': {'date': '2009-08-11T17:46:24.333Z', 'age': 14}, 'phone': '60204877', 'cell': '40388907', 'id': {'name': 'FN', 'value': '20078226502'}, 'picture': {'large': 'https://randomuser.me/api/portraits/men/72.jpg', 'medium': 'https://randomuser.me/api/portraits/med/men/72.jpg', 'thumbnail': 'https://randomuser.me/api/portraits/thumb/men/72.jpg'}, 'nat': 'NO'}</msg>
<arg>${json_data['results'][0]}</arg>
<doc>Logs the given message with the given level.</doc>
<status status="PASS" start="2024-03-31T23:12:46.777296" elapsed="0.000422"/>
</kw>
<kw name="Log" owner="BuiltIn">
<msg time="2024-03-31T23:12:46.778153" level="INFO">login</msg>
<arg>${key}</arg>
<doc>Logs the given message with the given level.</doc>
<status status="PASS" start="2024-03-31T23:12:46.778023" elapsed="0.000307"/>
</kw>
<var name="${key}">login</var>
<status status="PASS" start="2024-03-31T23:12:46.776440" elapsed="0.002160"/>
</iter>
<var>${key}</var>
<value>@{expected_keys}</value>
<status status="PASS" start="2024-03-31T23:12:46.767565" elapsed="0.011166"/>
</for>
<kw name="Create List" owner="BuiltIn">
<msg time="2024-03-31T23:12:46.779080" level="INFO">${expected_keysTwo} = ['username', 'password']</msg>
<var>${expected_keysTwo}</var>
<arg>username</arg>
<arg>password</arg>
<doc>Returns a list containing given items.</doc>
<status status="PASS" start="2024-03-31T23:12:46.778942" elapsed="0.000162"/>
</kw>
<for flavor="IN">
<iter>
<kw name="Dictionary Should Contain Key" owner="Collections">
<msg time="2024-03-31T23:12:46.779995" level="INFO">False</msg>
<arg>${json_data['results'][0]['login']}</arg>
<arg>${keyTwo}</arg>
<doc>Fails if ``key`` is not found from ``dictionary``.</doc>
<status status="PASS" start="2024-03-31T23:12:46.779609" elapsed="0.000423"/>
</kw>
<kw name="Dictionary Should Contain Key" owner="Collections">
<msg time="2024-03-31T23:12:46.780708" level="INFO">False</msg>
<arg>${json_data['results'][0]['login']}</arg>
<arg>${keyTwo}</arg>
<doc>Fails if ``key`` is not found from ``dictionary``.</doc>
<status status="PASS" start="2024-03-31T23:12:46.780328" elapsed="0.000418"/>
</kw>
<kw name="Log" owner="BuiltIn">
<msg time="2024-03-31T23:12:46.781169" level="INFO">username</msg>
<arg>${keyTwo}</arg>
<doc>Logs the given message with the given level.</doc>
<status status="PASS" start="2024-03-31T23:12:46.781041" elapsed="0.000187"/>
</kw>
<var name="${keyTwo}">username</var>
<status status="PASS" start="2024-03-31T23:12:46.779497" elapsed="0.001959"/>
</iter>
<iter>
<kw name="Dictionary Should Contain Key" owner="Collections">
<msg time="2024-03-31T23:12:46.782117" level="INFO">False</msg>
<arg>${json_data['results'][0]['login']}</arg>
<arg>${keyTwo}</arg>
<doc>Fails if ``key`` is not found from ``dictionary``.</doc>
<status status="PASS" start="2024-03-31T23:12:46.781737" elapsed="0.000417"/>
</kw>
<kw name="Dictionary Should Contain Key" owner="Collections">
<msg time="2024-03-31T23:12:46.782817" level="INFO">False</msg>
<arg>${json_data['results'][0]['login']}</arg>
<arg>${keyTwo}</arg>
<doc>Fails if ``key`` is not found from ``dictionary``.</doc>
<status status="PASS" start="2024-03-31T23:12:46.782445" elapsed="0.000408"/>
</kw>
<kw name="Log" owner="BuiltIn">
<msg time="2024-03-31T23:12:46.783271" level="INFO">password</msg>
<arg>${keyTwo}</arg>
<doc>Logs the given message with the given level.</doc>
<status status="PASS" start="2024-03-31T23:12:46.783143" elapsed="0.000165"/>
</kw>
<var name="${keyTwo}">password</var>
<status status="PASS" start="2024-03-31T23:12:46.781627" elapsed="0.001894"/>
</iter>
<var>${keyTwo}</var>
<value>@{expected_keysTwo}</value>
<status status="PASS" start="2024-03-31T23:12:46.779345" elapsed="0.004296"/>
</for>
<status status="PASS" start="2024-03-31T23:12:46.668692" elapsed="0.115091"/>
</kw>
<doc>Testa a estrutura da resposta da API.</doc>
<tag>testeEstruturaResposta</tag>
<status status="PASS" start="2024-03-31T23:12:46.668013" elapsed="0.115931"/>
</test>
<test id="s1-s1-t4" name="Validar tipos de dados" line="28">
<kw name="Teste de Tipos de Dados" owner="random-user-service">
<kw name="GET On Session" owner="RequestsLibrary">
<msg time="2024-03-31T23:12:46.870154" level="INFO">GET Request : url=https://randomuser.me/api 
 path_url=/api 
 headers={'User-Agent': 'python-requests/2.31.0', 'Accept-Encoding': 'gzip, deflate', 'Accept': '*/*', 'Connection': 'keep-alive'} 
 body=None 
 </msg>
<msg time="2024-03-31T23:12:46.870241" level="INFO">GET Response : url=https://randomuser.me/api 
 status=200, reason=OK 
 headers={'Date': 'Sun, 31 Mar 2024 23:12:46 GMT', 'Content-Type': 'application/json; charset=utf-8', 'Transfer-Encoding': 'chunked', 'Connection': 'keep-alive', 'X-Powered-By': 'Express', 'Access-Control-Allow-Origin': '*', 'Cache-Control': 'no-cache', 'ETag': 'W/"465-YxhF7iA2TwAZb3J4ssCTLIgjlxU"', 'Vary': 'Accept-Encoding', 'Content-Encoding': 'gzip', 'CF-Cache-Status': 'DYNAMIC', 'Report-To': '{"endpoints":[{"url":"https:\\/\\/a.nel.cloudflare.com\\/report\\/v4?s=XQ%2BwQbkvSndmj4QA0%2FD4Jln3KptR%2Bhntk763gCYY1xA5E%2FjsWEEhCXB4U%2BabdqpjJlKTyF7Bvk9WtT%2FVrd1o10hgTSskgKVvvXpou2imbJMDLtfJDg5bpG1oQXev2KtM"}],"group":"cf-nel","max_age":604800}', 'NEL': '{"success_fraction":0,"report_to":"cf-nel","max_age":604800}', 'Server': 'cloudflare', 'CF-RAY': '86d406b47b5d251e-SJC', 'alt-svc': 'h3=":443"; ma=86400'} 
 body={"results":[{"gender":"male","name":{"title":"Mr","first":"Mario","last":"Gil"},"location":{"street":{"number":7557,"name":"Ronda de Toledo"},"city":"Ferrol","state":"Melilla","country":"Spain","postcode":48568,"coordinates":{"latitude":"-34.5261","longitude":"-86.5706"},"timezone":{"offset":"-9:00","description":"Alaska"}},"email":"mario.gil@example.com","login":{"uuid":"c51cf4c6-f1c2-4ba0-9217-1622645bbf02","username":"beautifulkoala181","password":"block","salt":"8fWhSNdg","md5":"6325613fab4de183934a70b74d7086e9","sha1":"3efb5a0b04481b7dbd7562943b5d7bc8c8eb8493","sha256":"e25e0a5fcb67737a816f285147711078a4479322a11547fa92294e092f1d0bc9"},"dob":{"date":"1968-08-08T09:20:38.951Z","age":55},"registered":{"date":"2005-10-31T10:24:01.089Z","age":18},"phone":"942-377-901","cell":"673-177-739","id":{"name":"DNI","value":"76160091-A"},"picture":{"large":"https://randomuser.me/api/portraits/men/14.jpg","medium":"https://randomuser.me/api/portraits/med/men/14.jpg","thumbnail":"https://randomuser.me/api/portraits/thumb/men/14.jpg"},"nat":"ES"}],"info":{"seed":"e566de2b59655d1c","results":1,"page":1,"version":"1.4"}} 
 </msg>
<msg time="2024-03-31T23:12:46.870312" level="INFO">/opt/hostedtoolcache/Python/3.12.2/x64/lib/python3.12/site-packages/urllib3/connectionpool.py:1103: InsecureRequestWarning: Unverified HTTPS request is being made to host 'randomuser.me'. Adding certificate verification is strongly advised. See: https://urllib3.readthedocs.io/en/latest/advanced-usage.html#tls-warnings
  warnings.warn(</msg>
<msg time="2024-03-31T23:12:46.870425" level="INFO">${response} = &lt;Response [200]&gt;</msg>
<var>${response}</var>
<arg>consultarAPI</arg>
<arg>/api</arg>
<doc>Sends a GET request on a previously created HTTP Session.</doc>
<status status="PASS" start="2024-03-31T23:12:46.786979" elapsed="0.083484"/>
</kw>
<kw name="Set Variable" owner="BuiltIn">
<msg time="2024-03-31T23:12:46.871411" level="INFO">${json_data} = {'results': [{'gender': 'male', 'name': {'title': 'Mr', 'first': 'Mario', 'last': 'Gil'}, 'location': {'street': {'number': 7557, 'name': 'Ronda de Toledo'}, 'city': 'Ferrol', 'state': 'Melilla', 'cou...</msg>
<var>${json_data}</var>
<arg>${response.json()}</arg>
<doc>Returns the given values which can then be assigned to a variables.</doc>
<status status="PASS" start="2024-03-31T23:12:46.870938" elapsed="0.000502"/>
</kw>
<kw name="Log" owner="BuiltIn">
<msg time="2024-03-31T23:12:46.871927" level="INFO">{'results': [{'gender': 'male', 'name': {'title': 'Mr', 'first': 'Mario', 'last': 'Gil'}, 'location': {'street': {'number': 7557, 'name': 'Ronda de Toledo'}, 'city': 'Ferrol', 'state': 'Melilla', 'country': 'Spain', 'postcode': 48568, 'coordinates': {'latitude': '-34.5261', 'longitude': '-86.5706'}, 'timezone': {'offset': '-9:00', 'description': 'Alaska'}}, 'email': 'mario.gil@example.com', 'login': {'uuid': 'c51cf4c6-f1c2-4ba0-9217-1622645bbf02', 'username': 'beautifulkoala181', 'password': 'block', 'salt': '8fWhSNdg', 'md5': '6325613fab4de183934a70b74d7086e9', 'sha1': '3efb5a0b04481b7dbd7562943b5d7bc8c8eb8493', 'sha256': 'e25e0a5fcb67737a816f285147711078a4479322a11547fa92294e092f1d0bc9'}, 'dob': {'date': '1968-08-08T09:20:38.951Z', 'age': 55}, 'registered': {'date': '2005-10-31T10:24:01.089Z', 'age': 18}, 'phone': '942-377-901', 'cell': '673-177-739', 'id': {'name': 'DNI', 'value': '76160091-A'}, 'picture': {'large': 'https://randomuser.me/api/portraits/men/14.jpg', 'medium': 'https://randomuser.me/api/portraits/med/men/14.jpg', 'thumbnail': 'https://randomuser.me/api/portraits/thumb/men/14.jpg'}, 'nat': 'ES'}], 'info': {'seed': 'e566de2b59655d1c', 'results': 1, 'page': 1, 'version': '1.4'}}</msg>
<arg>${json_data}</arg>
<doc>Logs the given message with the given level.</doc>
<status status="PASS" start="2024-03-31T23:12:46.871769" elapsed="0.000241"/>
</kw>
<kw name="Should Be String" owner="String">
<arg>${json_data['results'][0]['gender']}</arg>
<doc>Fails if the given ``item`` is not a string.</doc>
<status status="PASS" start="2024-03-31T23:12:46.872317" elapsed="0.000374"/>
</kw>
<kw name="Should Match Regexp" owner="BuiltIn">
<arg>${json_data['results'][0]['email']}</arg>
<arg>^[a-zA-Z0-9._%+-]+@[a-zA-Z0-9.-]+\.[a-zA-Z]{2,}$</arg>
<doc>Fails if ``string`` does not match ``pattern`` as a regular expression.</doc>
<status status="PASS" start="2024-03-31T23:12:46.872893" elapsed="0.000565"/>
</kw>
<kw name="Should Match Regexp" owner="BuiltIn">
<arg>${json_data['results'][0]['dob']['date']}</arg>
<arg>\\d{4}-\\d{2}-\\d{2}T\\d{2}:\\d{2}:\\d{2}\\.\\d{3}Z</arg>
<doc>Fails if ``string`` does not match ``pattern`` as a regular expression.</doc>
<status status="PASS" start="2024-03-31T23:12:46.873658" elapsed="0.000491"/>
</kw>
<kw name="Should Match Regexp" owner="BuiltIn">
<arg>${json_data['results'][0]['registered']['date']}</arg>
<arg>\\d{4}-\\d{2}-\\d{2}T\\d{2}:\\d{2}:\\d{2}\\.\\d{3}Z</arg>
<doc>Fails if ``string`` does not match ``pattern`` as a regular expression.</doc>
<status status="PASS" start="2024-03-31T23:12:46.874344" elapsed="0.000376"/>
</kw>
<kw name="Should Match Regexp" owner="BuiltIn">
<arg>${json_data['results'][0]['picture']['large']}</arg>
<arg>^https?://.*\.(?:png|jpe?g|gif|bmp)$</arg>
<doc>Fails if ``string`` does not match ``pattern`` as a regular expression.</doc>
<status status="PASS" start="2024-03-31T23:12:46.874907" elapsed="0.000454"/>
</kw>
<kw name="Should Match Regexp" owner="BuiltIn">
<arg>${json_data['results'][0]['picture']['medium']}</arg>
<arg>^https?://.*\.(?:png|jpe?g|gif|bmp)$</arg>
<doc>Fails if ``string`` does not match ``pattern`` as a regular expression.</doc>
<status status="PASS" start="2024-03-31T23:12:46.875551" elapsed="0.000360"/>
</kw>
<kw name="Should Match Regexp" owner="BuiltIn">
<arg>${json_data['results'][0]['picture']['thumbnail']}</arg>
<arg>^https?://.*\.(?:png|jpe?g|gif|bmp)$</arg>
<doc>Fails if ``string`` does not match ``pattern`` as a regular expression.</doc>
<status status="PASS" start="2024-03-31T23:12:46.876097" elapsed="0.000350"/>
</kw>
<kw name="Log" owner="BuiltIn">
<msg time="2024-03-31T23:12:46.876951" level="INFO">{'large': 'https://randomuser.me/api/portraits/men/14.jpg', 'medium': 'https://randomuser.me/api/portraits/med/men/14.jpg', 'thumbnail': 'https://randomuser.me/api/portraits/thumb/men/14.jpg'}</msg>
<arg>${json_data['results'][0]['picture']}</arg>
<doc>Logs the given message with the given level.</doc>
<status status="PASS" start="2024-03-31T23:12:46.876629" elapsed="0.000369"/>
</kw>
<status status="PASS" start="2024-03-31T23:12:46.786736" elapsed="0.090542"/>
</kw>
<kw name="Teste de Tipos de Dados - Postcode" owner="random-user-service">
<kw name="GET On Session" owner="RequestsLibrary">
<msg time="2024-03-31T23:12:46.974110" level="INFO">GET Request : url=https://randomuser.me/api 
 path_url=/api 
 headers={'User-Agent': 'python-requests/2.31.0', 'Accept-Encoding': 'gzip, deflate', 'Accept': '*/*', 'Connection': 'keep-alive'} 
 body=None 
 </msg>
<msg time="2024-03-31T23:12:46.974213" level="INFO">GET Response : url=https://randomuser.me/api 
 status=200, reason=OK 
 headers={'Date': 'Sun, 31 Mar 2024 23:12:46 GMT', 'Content-Type': 'application/json; charset=utf-8', 'Transfer-Encoding': 'chunked', 'Connection': 'keep-alive', 'X-Powered-By': 'Express', 'Access-Control-Allow-Origin': '*', 'Cache-Control': 'no-cache', 'ETag': 'W/"477-bS+uISJSq1ljE1PC0SQdEhdr1UM"', 'Vary': 'Accept-Encoding', 'Content-Encoding': 'gzip', 'CF-Cache-Status': 'DYNAMIC', 'Report-To': '{"endpoints":[{"url":"https:\\/\\/a.nel.cloudflare.com\\/report\\/v4?s=sPoACQJeWqoSmpqfUkpZ6jraUvlD%2BlWwC8wloYgxpJj7PBI8yxgzcxf4XlrwOZ99M8pdr7VQczfyeu%2B2MPkEoGdAAHB2SbgbtJGYe7t0GaAuEdl9YcpOSSv1IQgRpLea"}],"group":"cf-nel","max_age":604800}', 'NEL': '{"success_fraction":0,"report_to":"cf-nel","max_age":604800}', 'Server': 'cloudflare', 'CF-RAY': '86d406b50b8e251e-SJC', 'alt-svc': 'h3=":443"; ma=86400'} 
 body={"results":[{"gender":"female","name":{"title":"Mrs","first":"Marie","last":"Sørensen"},"location":{"street":{"number":3038,"name":"Strandvejen"},"city":"Hammel","state":"Danmark","country":"Denmark","postcode":27514,"coordinates":{"latitude":"-41.4311","longitude":"176.0014"},"timezone":{"offset":"+9:30","description":"Adelaide, Darwin"}},"email":"marie.sorensen@example.com","login":{"uuid":"afae4c42-31a3-4dba-8b44-76bcff9e5ff0","username":"crazykoala456","password":"devon","salt":"gPnZTNrR","md5":"c146dbc6397034418874c042b22a2152","sha1":"72e141a64faeb13e57e4afbc6508cbc988156dff","sha256":"bf0c63e81faa986b5b7feb8476175edb26a80d2dee4b8431ec376275e04ad9f6"},"dob":{"date":"1985-10-09T00:46:21.530Z","age":38},"registered":{"date":"2017-12-01T00:38:19.418Z","age":6},"phone":"95939901","cell":"07890279","id":{"name":"CPR","value":"081085-8334"},"picture":{"large":"https://randomuser.me/api/portraits/women/91.jpg","medium":"https://randomuser.me/api/portraits/med/women/91.jpg","thumbnail":"https://randomuser.me/api/portraits/thumb/women/91.jpg"},"nat":"DK"}],"info":{"seed":"096b9f5addb03bc3","results":1,"page":1,"version":"1.4"}} 
 </msg>
<msg time="2024-03-31T23:12:46.974305" level="INFO">/opt/hostedtoolcache/Python/3.12.2/x64/lib/python3.12/site-packages/urllib3/connectionpool.py:1103: InsecureRequestWarning: Unverified HTTPS request is being made to host 'randomuser.me'. Adding certificate verification is strongly advised. See: https://urllib3.readthedocs.io/en/latest/advanced-usage.html#tls-warnings
  warnings.warn(</msg>
<msg time="2024-03-31T23:12:46.974441" level="INFO">${response} = &lt;Response [200]&gt;</msg>
<var>${response}</var>
<arg>consultarAPI</arg>
<arg>/api</arg>
<doc>Sends a GET request on a previously created HTTP Session.</doc>
<status status="PASS" start="2024-03-31T23:12:46.877883" elapsed="0.096599"/>
</kw>
<kw name="Set Variable" owner="BuiltIn">
<msg time="2024-03-31T23:12:46.975684" level="INFO">${json_data} = {'results': [{'gender': 'female', 'name': {'title': 'Mrs', 'first': 'Marie', 'last': 'Sørensen'}, 'location': {'street': {'number': 3038, 'name': 'Strandvejen'}, 'city': 'Hammel', 'state': 'Danmark', ...</msg>
<var>${json_data}</var>
<arg>${response.json()}</arg>
<doc>Returns the given values which can then be assigned to a variables.</doc>
<status status="PASS" start="2024-03-31T23:12:46.975114" elapsed="0.000600"/>
</kw>
<kw name="Log" owner="BuiltIn">
<msg time="2024-03-31T23:12:46.976256" level="INFO">{'results': [{'gender': 'female', 'name': {'title': 'Mrs', 'first': 'Marie', 'last': 'Sørensen'}, 'location': {'street': {'number': 3038, 'name': 'Strandvejen'}, 'city': 'Hammel', 'state': 'Danmark', 'country': 'Denmark', 'postcode': 27514, 'coordinates': {'latitude': '-41.4311', 'longitude': '176.0014'}, 'timezone': {'offset': '+9:30', 'description': 'Adelaide, Darwin'}}, 'email': 'marie.sorensen@example.com', 'login': {'uuid': 'afae4c42-31a3-4dba-8b44-76bcff9e5ff0', 'username': 'crazykoala456', 'password': 'devon', 'salt': 'gPnZTNrR', 'md5': 'c146dbc6397034418874c042b22a2152', 'sha1': '72e141a64faeb13e57e4afbc6508cbc988156dff', 'sha256': 'bf0c63e81faa986b5b7feb8476175edb26a80d2dee4b8431ec376275e04ad9f6'}, 'dob': {'date': '1985-10-09T00:46:21.530Z', 'age': 38}, 'registered': {'date': '2017-12-01T00:38:19.418Z', 'age': 6}, 'phone': '95939901', 'cell': '07890279', 'id': {'name': 'CPR', 'value': '081085-8334'}, 'picture': {'large': 'https://randomuser.me/api/portraits/women/91.jpg', 'medium': 'https://randomuser.me/api/portraits/med/women/91.jpg', 'thumbnail': 'https://randomuser.me/api/portraits/thumb/women/91.jpg'}, 'nat': 'DK'}], 'info': {'seed': '096b9f5addb03bc3', 'results': 1, 'page': 1, 'version': '1.4'}}</msg>
<arg>${json_data}</arg>
<doc>Logs the given message with the given level.</doc>
<status status="PASS" start="2024-03-31T23:12:46.976079" elapsed="0.000262"/>
</kw>
<kw name="Should Be Equal As Numbers" owner="BuiltIn">
<arg>${json_data['results'][0]['location']['postcode']}</arg>
<arg>${json_data['results'][0]['location']['postcode']}</arg>
<doc>Fails if objects are unequal after converting them to real numbers.</doc>
<status status="PASS" start="2024-03-31T23:12:46.976671" elapsed="0.000713"/>
</kw>
<kw name="Log" owner="BuiltIn">
<msg time="2024-03-31T23:12:46.977935" level="INFO">27514</msg>
<arg>${json_data['results'][0]['location']['postcode']}</arg>
<doc>Logs the given message with the given level.</doc>
<status status="PASS" start="2024-03-31T23:12:46.977591" elapsed="0.000387"/>
</kw>
<status status="PASS" start="2024-03-31T23:12:46.877511" elapsed="0.100732"/>
</kw>
<doc>Testa se os tipos de dados na resposta da API estão corretos.</doc>
<tag>testeTiposDados</tag>
<status status="PASS" start="2024-03-31T23:12:46.786145" elapsed="0.192273"/>
</test>
<test id="s1-s1-t5" name="Validar conteudo" line="35">
<kw name="Teste de Tipos de Conteudo" owner="random-user-service">
<kw name="GET On Session" owner="RequestsLibrary">
<msg time="2024-03-31T23:12:47.069120" level="INFO">GET Request : url=https://randomuser.me/api 
 path_url=/api 
 headers={'User-Agent': 'python-requests/2.31.0', 'Accept-Encoding': 'gzip, deflate', 'Accept': '*/*', 'Connection': 'keep-alive'} 
 body=None 
 </msg>
<msg time="2024-03-31T23:12:47.069233" level="INFO">GET Response : url=https://randomuser.me/api 
 status=200, reason=OK 
 headers={'Date': 'Sun, 31 Mar 2024 23:12:47 GMT', 'Content-Type': 'application/json; charset=utf-8', 'Transfer-Encoding': 'chunked', 'Connection': 'keep-alive', 'X-Powered-By': 'Express', 'Access-Control-Allow-Origin': '*', 'Cache-Control': 'no-cache', 'ETag': 'W/"46d-YpLtXBUJjMIDLe2/86U61NRFx5Y"', 'Vary': 'Accept-Encoding', 'Content-Encoding': 'gzip', 'CF-Cache-Status': 'DYNAMIC', 'Report-To': '{"endpoints":[{"url":"https:\\/\\/a.nel.cloudflare.com\\/report\\/v4?s=MNp5Pix1F0X%2FL583FQH8UG0dBhtq0fzhwdj6g%2FcUGRl6DJKmkMpdH8QjsLayCX0obWv78dknDCwmFRp3%2B3LRm38BVMtxH8oeIbT6sinZPFeDHndT9YFUnljde7T82oZr"}],"group":"cf-nel","max_age":604800}', 'NEL': '{"success_fraction":0,"report_to":"cf-nel","max_age":604800}', 'Server': 'cloudflare', 'CF-RAY': '86d406b5abc0251e-SJC', 'alt-svc': 'h3=":443"; ma=86400'} 
 body={"results":[{"gender":"male","name":{"title":"Mr","first":"Ajay","last":"Dhamdhame"},"location":{"street":{"number":7176,"name":"Mirza Ghalib St"},"city":"Barasat","state":"Sikkim","country":"India","postcode":45391,"coordinates":{"latitude":"12.1171","longitude":"-36.6893"},"timezone":{"offset":"+3:30","description":"Tehran"}},"email":"ajay.dhamdhame@example.com","login":{"uuid":"149b81d6-ce69-43fc-a885-07eaed97344f","username":"orangegoose105","password":"madden","salt":"X5zJl0UP","md5":"886c342ba0138b2812a954478b24c994","sha1":"5627111af6de2a57ac58bfda8d752a1505d0ba12","sha256":"ce6435b32562696c57e2cac6f497fb4fb7f769869bd22948fae2295896817901"},"dob":{"date":"1970-04-10T21:19:24.565Z","age":53},"registered":{"date":"2020-04-18T17:07:08.232Z","age":3},"phone":"9854222918","cell":"9205912742","id":{"name":"UIDAI","value":"529185735066"},"picture":{"large":"https://randomuser.me/api/portraits/men/65.jpg","medium":"https://randomuser.me/api/portraits/med/men/65.jpg","thumbnail":"https://randomuser.me/api/portraits/thumb/men/65.jpg"},"nat":"IN"}],"info":{"seed":"3b64241a77fd76d3","results":1,"page":1,"version":"1.4"}} 
 </msg>
<msg time="2024-03-31T23:12:47.069308" level="INFO">/opt/hostedtoolcache/Python/3.12.2/x64/lib/python3.12/site-packages/urllib3/connectionpool.py:1103: InsecureRequestWarning: Unverified HTTPS request is being made to host 'randomuser.me'. Adding certificate verification is strongly advised. See: https://urllib3.readthedocs.io/en/latest/advanced-usage.html#tls-warnings
  warnings.warn(</msg>
<msg time="2024-03-31T23:12:47.069425" level="INFO">${response} = &lt;Response [200]&gt;</msg>
<var>${response}</var>
<arg>consultarAPI</arg>
<arg>/api</arg>
<doc>Sends a GET request on a previously created HTTP Session.</doc>
<status status="PASS" start="2024-03-31T23:12:46.980925" elapsed="0.088547"/>
</kw>
<kw name="Set Variable" owner="BuiltIn">
<msg time="2024-03-31T23:12:47.070418" level="INFO">${json_data} = {'results': [{'gender': 'male', 'name': {'title': 'Mr', 'first': 'Ajay', 'last': 'Dhamdhame'}, 'location': {'street': {'number': 7176, 'name': 'Mirza Ghalib St'}, 'city': 'Barasat', 'state': 'Sikkim',...</msg>
<var>${json_data}</var>
<arg>${response.json()}</arg>
<doc>Returns the given values which can then be assigned to a variables.</doc>
<status status="PASS" start="2024-03-31T23:12:47.069952" elapsed="0.000494"/>
</kw>
<kw name="Set Variable" owner="BuiltIn">
<msg time="2024-03-31T23:12:47.071156" level="INFO">${name_title} = Mr</msg>
<var>${name_title}</var>
<arg>${json_data["results"][0]["name"]["title"]}</arg>
<doc>Returns the given values which can then be assigned to a variables.</doc>
<status status="PASS" start="2024-03-31T23:12:47.070763" elapsed="0.000419"/>
</kw>
<kw name="Create List" owner="BuiltIn">
<msg time="2024-03-31T23:12:47.071660" level="INFO">${allowed_titles} = ['Mr', 'Ms', 'Miss', 'Mrs', 'Madame', 'Monsieur']</msg>
<var>${allowed_titles}</var>
<arg>Mr</arg>
<arg>Ms</arg>
<arg>Miss</arg>
<arg>Mrs</arg>
<arg>Madame</arg>
<arg>Monsieur</arg>
<doc>Returns a list containing given items.</doc>
<status status="PASS" start="2024-03-31T23:12:47.071507" elapsed="0.000177"/>
</kw>
<kw name="List Should Contain Value" owner="Collections">
<msg time="2024-03-31T23:12:47.072174" level="INFO">False</msg>
<arg>${allowed_titles}</arg>
<arg>${name_title}</arg>
<doc>Fails if the ``value`` is not found from ``list``.</doc>
<status status="PASS" start="2024-03-31T23:12:47.071999" elapsed="0.000213"/>
</kw>
<kw name="Set Variable" owner="BuiltIn">
<msg time="2024-03-31T23:12:47.072892" level="INFO">${name_country} = IN</msg>
<var>${name_country}</var>
<arg>${json_data["results"][0]["nat"]}</arg>
<doc>Returns the given values which can then be assigned to a variables.</doc>
<status status="PASS" start="2024-03-31T23:12:47.072506" elapsed="0.000412"/>
</kw>
<kw name="Create List" owner="BuiltIn">
<msg time="2024-03-31T23:12:47.073865" level="INFO">${list_country} = ['AD', 'AE', 'AF', 'AG', 'AI', 'AL', 'AM', 'AO', 'AQ', 'AR', 'AS', 'AT', 'AU', 'AW', 'AX', 'AZ', 'BA', 'BB', 'BD', 'BE', 'BF', 'BG', 'BH', 'BI', 'BJ', 'BL', 'BM', 'BN', 'BO', 'BQ', 'BR', 'BS', 'BT', '...</msg>
<var>${list_country}</var>
<arg>AD</arg>
<arg>AE</arg>
<arg>AF</arg>
<arg>AG</arg>
<arg>AI</arg>
<arg>AL</arg>
<arg>AM</arg>
<arg>AO</arg>
<arg>AQ</arg>
<arg>AR</arg>
<arg>AS</arg>
<arg>AT</arg>
<arg>AU</arg>
<arg>AW</arg>
<arg>AX</arg>
<arg>AZ</arg>
<arg>BA</arg>
<arg>BB</arg>
<arg>BD</arg>
<arg>BE</arg>
<arg>BF</arg>
<arg>BG</arg>
<arg>BH</arg>
<arg>BI</arg>
<arg>BJ</arg>
<arg>BL</arg>
<arg>BM</arg>
<arg>BN</arg>
<arg>BO</arg>
<arg>BQ</arg>
<arg>BR</arg>
<arg>BS</arg>
<arg>BT</arg>
<arg>BV</arg>
<arg>BW</arg>
<arg>BY</arg>
<arg>BZ</arg>
<arg>CA</arg>
<arg>CC</arg>
<arg>CD</arg>
<arg>CF</arg>
<arg>CG</arg>
<arg>CH</arg>
<arg>CI</arg>
<arg>CK</arg>
<arg>CL</arg>
<arg>CM</arg>
<arg>CN</arg>
<arg>CO</arg>
<arg>CR</arg>
<arg>CU</arg>
<arg>CV</arg>
<arg>CW</arg>
<arg>CX</arg>
<arg>CY</arg>
<arg>CZ</arg>
<arg>DE</arg>
<arg>DJ</arg>
<arg>DK</arg>
<arg>DM</arg>
<arg>DO</arg>
<arg>DZ</arg>
<arg>EC</arg>
<arg>EE</arg>
<arg>EG</arg>
<arg>EH</arg>
<arg>ER</arg>
<arg>ES</arg>
<arg>ET</arg>
<arg>FI</arg>
<arg>FJ</arg>
<arg>FK</arg>
<arg>FM</arg>
<arg>FO</arg>
<arg>FR</arg>
<arg>GA</arg>
<arg>GB</arg>
<arg>GD</arg>
<arg>GE</arg>
<arg>GF</arg>
<arg>GG</arg>
<arg>GH</arg>
<arg>GI</arg>
<arg>GL</arg>
<arg>GM</arg>
<arg>GN</arg>
<arg>GP</arg>
<arg>GQ</arg>
<arg>GR</arg>
<arg>GS</arg>
<arg>GT</arg>
<arg>GU</arg>
<arg>GW</arg>
<arg>GY</arg>
<arg>HK</arg>
<arg>HM</arg>
<arg>HN</arg>
<arg>HR</arg>
<arg>HT</arg>
<arg>HU</arg>
<arg>ID</arg>
<arg>IE</arg>
<arg>IL</arg>
<arg>IM</arg>
<arg>IN</arg>
<arg>IO</arg>
<arg>IQ</arg>
<arg>IR</arg>
<arg>IS</arg>
<arg>IT</arg>
<arg>JE</arg>
<arg>JM</arg>
<arg>JO</arg>
<arg>JP</arg>
<arg>KE</arg>
<arg>KG</arg>
<arg>KH</arg>
<arg>KI</arg>
<arg>KM</arg>
<arg>KN</arg>
<arg>KP</arg>
<arg>KR</arg>
<arg>KW</arg>
<arg>KY</arg>
<arg>KZ</arg>
<arg>LA</arg>
<arg>LB</arg>
<arg>LC</arg>
<arg>LI</arg>
<arg>LK</arg>
<arg>LR</arg>
<arg>LS</arg>
<arg>LT</arg>
<arg>LU</arg>
<arg>LV</arg>
<arg>LY</arg>
<arg>MA</arg>
<arg>MC</arg>
<arg>MD</arg>
<arg>ME</arg>
<arg>MF</arg>
<arg>MG</arg>
<arg>MH</arg>
<arg>MK</arg>
<arg>ML</arg>
<arg>MM</arg>
<arg>MN</arg>
<arg>MO</arg>
<arg>MP</arg>
<arg>MQ</arg>
<arg>MR</arg>
<arg>MS</arg>
<arg>MT</arg>
<arg>MU</arg>
<arg>MV</arg>
<arg>MW</arg>
<arg>MX</arg>
<arg>MY</arg>
<arg>MZ</arg>
<arg>NA</arg>
<arg>NC</arg>
<arg>NE</arg>
<arg>NF</arg>
<arg>NG</arg>
<arg>NI</arg>
<arg>NL</arg>
<arg>NO</arg>
<arg>NP</arg>
<arg>NR</arg>
<arg>NU</arg>
<arg>NZ</arg>
<arg>OM</arg>
<arg>PA</arg>
<arg>PE</arg>
<arg>PF</arg>
<arg>PG</arg>
<arg>PH</arg>
<arg>PK</arg>
<arg>PL</arg>
<arg>PM</arg>
<arg>PN</arg>
<arg>PR</arg>
<arg>PS</arg>
<arg>PT</arg>
<arg>PW</arg>
<arg>PY</arg>
<arg>QA</arg>
<arg>RE</arg>
<arg>RO</arg>
<arg>RS</arg>
<arg>RU</arg>
<arg>RW</arg>
<arg>SA</arg>
<arg>SB</arg>
<arg>SC</arg>
<arg>SD</arg>
<arg>SE</arg>
<arg>SG</arg>
<arg>SH</arg>
<arg>SI</arg>
<arg>SJ</arg>
<arg>SK</arg>
<arg>SL</arg>
<arg>SM</arg>
<arg>SN</arg>
<arg>SO</arg>
<arg>SR</arg>
<arg>SS</arg>
<arg>ST</arg>
<arg>SV</arg>
<arg>SX</arg>
<arg>SY</arg>
<arg>SZ</arg>
<arg>TC</arg>
<arg>TD</arg>
<arg>TF</arg>
<arg>TG</arg>
<arg>TH</arg>
<arg>TJ</arg>
<arg>TK</arg>
<arg>TL</arg>
<arg>TM</arg>
<arg>TN</arg>
<arg>TO</arg>
<arg>TR</arg>
<arg>TT</arg>
<arg>TV</arg>
<arg>TW</arg>
<arg>TZ</arg>
<arg>UA</arg>
<arg>UG</arg>
<arg>UM</arg>
<arg>US</arg>
<arg>UY</arg>
<arg>UZ</arg>
<arg>VA</arg>
<arg>VC</arg>
<arg>VE</arg>
<arg>VG</arg>
<arg>VI</arg>
<arg>VN</arg>
<arg>VU</arg>
<arg>WF</arg>
<arg>WS</arg>
<arg>XK</arg>
<arg>YE</arg>
<arg>YT</arg>
<arg>ZA</arg>
<arg>ZM</arg>
<arg>ZW</arg>
<doc>Returns a list containing given items.</doc>
<status status="PASS" start="2024-03-31T23:12:47.073260" elapsed="0.000631"/>
</kw>
<kw name="List Should Contain Value" owner="Collections">
<msg time="2024-03-31T23:12:47.075033" level="INFO">False</msg>
<arg>${list_country}</arg>
<arg>${name_country}</arg>
<doc>Fails if the ``value`` is not found from ``list``.</doc>
<status status="PASS" start="2024-03-31T23:12:47.074823" elapsed="0.000249"/>
</kw>
<kw name="Run Keyword If" owner="BuiltIn">
<kw name="Should Be True" owner="BuiltIn">
<arg>${True}</arg>
<doc>Fails if the given condition is not true.</doc>
<status status="PASS" start="2024-03-31T23:12:47.076174" elapsed="0.000150"/>
</kw>
<arg>${json_data["results"][0]["location"]["coordinates"]["latitude"]} &gt;= -90 and ${json_data["results"][0]["location"]["coordinates"]["latitude"]} &lt;= 90</arg>
<arg>Should Be True</arg>
<arg>${True}</arg>
<doc>Runs the given keyword with the given arguments, if ``condition`` is true.</doc>
<status status="PASS" start="2024-03-31T23:12:47.075390" elapsed="0.001068"/>
</kw>
<kw name="Run Keyword If" owner="BuiltIn">
<kw name="Should Be True" owner="BuiltIn">
<arg>${True}</arg>
<doc>Fails if the given condition is not true.</doc>
<status status="PASS" start="2024-03-31T23:12:47.077407" elapsed="0.000145"/>
</kw>
<arg>${json_data["results"][0]["location"]["coordinates"]["longitude"]} &gt;= -180 and ${json_data["results"][0]["location"]["coordinates"]["longitude"]} &lt;= 180</arg>
<arg>Should Be True</arg>
<arg>${True}</arg>
<doc>Runs the given keyword with the given arguments, if ``condition`` is true.</doc>
<status status="PASS" start="2024-03-31T23:12:47.076649" elapsed="0.001031"/>
</kw>
<status status="PASS" start="2024-03-31T23:12:46.980676" elapsed="0.097138"/>
</kw>
<doc>Testa o conteúdo específico dos campos retornados pela API.</doc>
<tag>testeConteudo</tag>
<status status="PASS" start="2024-03-31T23:12:46.980206" elapsed="0.097763"/>
</test>
<status status="PASS" start="2024-03-31T23:12:46.224209" elapsed="0.855717"/>
</suite>
<status status="PASS" start="2024-03-31T23:12:46.210344" elapsed="0.874969"/>
</suite>
<statistics>
<total>
<stat pass="5" fail="0" skip="0">All Tests</stat>
</total>
<tag>
<stat pass="1" fail="0" skip="0">testeConteudo</stat>
<stat pass="1" fail="0" skip="0">testeEstruturaResposta</stat>
<stat pass="1" fail="0" skip="0">testeRequisicaoBasica</stat>
<stat pass="1" fail="0" skip="0">testeTiposDados</stat>
</tag>
<suite>
<stat pass="5" fail="0" skip="0" id="s1" name="Tests">Tests</stat>
<stat pass="5" fail="0" skip="0" id="s1-s1" name="Random-User-Test">Tests.Random-User-Test</stat>
</suite>
</statistics>
<errors>
</errors>
</robot>
