<?xml version="1.0" encoding="UTF-8"?>
<robot generator="Robot 7.0 (Python 3.12.3 on linux)" generated="2024-04-19T23:15:49.194947" rpa="false" schemaversion="5">
<suite id="s1" name="Tests" source="/home/runner/work/DesafioQAItauRogerioJordao/DesafioQAItauRogerioJordao/RamdonUser/tests">
<suite id="s1-s1" name="Random-User-Test" source="/home/runner/work/DesafioQAItauRogerioJordao/DesafioQAItauRogerioJordao/RamdonUser/tests/random-user-test.robot">
<test id="s1-s1-t1" name="Conectar" line="13">
<kw name="Conectar API" owner="random-user-service">
<kw name="Create Session" owner="RequestsLibrary">
<msg time="2024-04-19T23:15:49.557929" level="INFO">Creating Session using : alias=consultarAPI, url=https://randomuser.me/, headers={},                     cookies={}, auth=None, timeout=None, proxies=None, verify=False,                     debug=0 </msg>
<arg>consultarAPI</arg>
<arg>${URL}</arg>
<doc>Create Session: create a HTTP session to a server</doc>
<status status="PASS" start="2024-04-19T23:15:49.557735" elapsed="0.000369"/>
</kw>
<status status="PASS" start="2024-04-19T23:15:49.556803" elapsed="0.001657"/>
</kw>
<status status="PASS" start="2024-04-19T23:15:49.556197" elapsed="0.002459"/>
</test>
<test id="s1-s1-t2" name="Validar retorno 200 e JSON Válido" line="16">
<kw name="Teste de Requisicao Basica" owner="random-user-service">
<kw name="GET On Session" owner="RequestsLibrary">
<msg time="2024-04-19T23:15:49.754227" level="INFO">GET Request : url=https://randomuser.me/api 
 path_url=/api 
 headers={'User-Agent': 'python-requests/2.31.0', 'Accept-Encoding': 'gzip, deflate', 'Accept': '*/*', 'Connection': 'keep-alive'} 
 body=None 
 </msg>
<msg time="2024-04-19T23:15:49.754389" level="INFO">GET Response : url=https://randomuser.me/api 
 status=200, reason=OK 
 headers={'Date': 'Fri, 19 Apr 2024 23:15:49 GMT', 'Content-Type': 'application/json; charset=utf-8', 'Transfer-Encoding': 'chunked', 'Connection': 'keep-alive', 'X-Powered-By': 'Express', 'Access-Control-Allow-Origin': '*', 'Cache-Control': 'no-cache', 'ETag': 'W/"490-uMYIMRsrHziokBWkVK83NEkYrCQ"', 'Vary': 'Accept-Encoding', 'Content-Encoding': 'gzip', 'CF-Cache-Status': 'DYNAMIC', 'Report-To': '{"endpoints":[{"url":"https:\\/\\/a.nel.cloudflare.com\\/report\\/v4?s=bMyfH7%2FDmP2MUoOsAS5tVkctsdvWS9wCFBLsLS9QSBurhMArS3LK6o524Mdim29TQyjDGbqW2p3MonCYxhvBrp8BU8g1RbzqGptkHW0r7VXCVY9yA7VWU60gS8%2BEvZz7"}],"group":"cf-nel","max_age":604800}', 'NEL': '{"success_fraction":0,"report_to":"cf-nel","max_age":604800}', 'Server': 'cloudflare', 'CF-RAY': '8770994bb884080c-IAD', 'alt-svc': 'h3=":443"; ma=86400'} 
 body={"results":[{"gender":"female","name":{"title":"Madame","first":"Arianna","last":"Bernard"},"location":{"street":{"number":3741,"name":"Rue Jean-Baldassini"},"city":"Diegten","state":"Schaffhausen","country":"Switzerland","postcode":9366,"coordinates":{"latitude":"-62.3050","longitude":"0.3505"},"timezone":{"offset":"+4:30","description":"Kabul"}},"email":"arianna.bernard@example.com","login":{"uuid":"105a5e39-ede8-46e0-af8a-72654be3bc00","username":"redladybug245","password":"lionel","salt":"15Hy3ak9","md5":"b605a65e955faad1a530809f3dd554ab","sha1":"964801ac7e36f2e719494f9c48168d5991fb56b2","sha256":"2aa033f9e74cc6e5e2440ae18f7897df05a547efff90a7754390277a2efa9e5e"},"dob":{"date":"1967-06-05T08:02:41.316Z","age":56},"registered":{"date":"2009-05-11T07:02:09.837Z","age":14},"phone":"075 770 08 24","cell":"077 842 57 03","id":{"name":"AVS","value":"756.0095.8584.59"},"picture":{"large":"https://randomuser.me/api/portraits/women/24.jpg","medium":"https://randomuser.me/api/portraits/med/women/24.jpg","thumbnail":"https://randomuser.me/api/portraits/thumb/women/24.jpg"},"nat":"CH"}],"info":{"seed":"d84621c814d28b53","results":1,"page":1,"version":"1.4"}} 
 </msg>
<msg time="2024-04-19T23:15:49.754484" level="INFO">/opt/hostedtoolcache/Python/3.12.3/x64/lib/python3.12/site-packages/urllib3/connectionpool.py:1103: InsecureRequestWarning: Unverified HTTPS request is being made to host 'randomuser.me'. Adding certificate verification is strongly advised. See: https://urllib3.readthedocs.io/en/latest/advanced-usage.html#tls-warnings
  warnings.warn(</msg>
<msg time="2024-04-19T23:15:49.754668" level="INFO">${response} = &lt;Response [200]&gt;</msg>
<var>${response}</var>
<arg>consultarAPI</arg>
<arg>/api</arg>
<doc>Sends a GET request on a previously created HTTP Session.</doc>
<status status="PASS" start="2024-04-19T23:15:49.561377" elapsed="0.193345"/>
</kw>
<kw name="Should Be Equal As Numbers" owner="BuiltIn">
<msg time="2024-04-19T23:15:49.755728" level="INFO">Argument types are:
&lt;class 'int'&gt;
&lt;class 'str'&gt;</msg>
<arg>${response.status_code}</arg>
<arg>200</arg>
<doc>Fails if objects are unequal after converting them to real numbers.</doc>
<status status="PASS" start="2024-04-19T23:15:49.755288" elapsed="0.000504"/>
</kw>
<kw name="Log" owner="BuiltIn">
<msg time="2024-04-19T23:15:49.756453" level="INFO">200</msg>
<arg>${response.status_code}</arg>
<doc>Logs the given message with the given level.</doc>
<status status="PASS" start="2024-04-19T23:15:49.756109" elapsed="0.000385"/>
</kw>
<kw name="Set Variable" owner="BuiltIn">
<msg time="2024-04-19T23:15:49.757231" level="INFO">${json_data} = {'results': [{'gender': 'female', 'name': {'title': 'Madame', 'first': 'Arianna', 'last': 'Bernard'}, 'location': {'street': {'number': 3741, 'name': 'Rue Jean-Baldassini'}, 'city': 'Diegten', 'state'...</msg>
<var>${json_data}</var>
<arg>${response.json()}</arg>
<doc>Returns the given values which can then be assigned to a variables.</doc>
<status status="PASS" start="2024-04-19T23:15:49.756794" elapsed="0.000465"/>
</kw>
<kw name="Dictionary Should Contain Key" owner="Collections">
<msg time="2024-04-19T23:15:49.757717" level="INFO">False</msg>
<arg>${json_data}</arg>
<arg>results</arg>
<doc>Fails if ``key`` is not found from ``dictionary``.</doc>
<status status="PASS" start="2024-04-19T23:15:49.757553" elapsed="0.000201"/>
</kw>
<status status="PASS" start="2024-04-19T23:15:49.561111" elapsed="0.196895"/>
</kw>
<doc>Testa se a API responde corretamente e retorna um objeto JSON válido.</doc>
<tag>testeRequisicaoBasica</tag>
<status status="PASS" start="2024-04-19T23:15:49.560581" elapsed="0.197602"/>
</test>
<test id="s1-s1-t3" name="Validar estrutura de resposta" line="22">
<kw name="Teste de Estrutura de Resposta" owner="random-user-service">
<kw name="GET On Session" owner="RequestsLibrary">
<msg time="2024-04-19T23:15:49.851386" level="INFO">GET Request : url=https://randomuser.me/api 
 path_url=/api 
 headers={'User-Agent': 'python-requests/2.31.0', 'Accept-Encoding': 'gzip, deflate', 'Accept': '*/*', 'Connection': 'keep-alive'} 
 body=None 
 </msg>
<msg time="2024-04-19T23:15:49.851474" level="INFO">GET Response : url=https://randomuser.me/api 
 status=200, reason=OK 
 headers={'Date': 'Fri, 19 Apr 2024 23:15:49 GMT', 'Content-Type': 'application/json; charset=utf-8', 'Transfer-Encoding': 'chunked', 'Connection': 'keep-alive', 'X-Powered-By': 'Express', 'Access-Control-Allow-Origin': '*', 'Cache-Control': 'no-cache', 'ETag': 'W/"495-kvhECu+bSJjt57zZQO8ELaWdUdw"', 'Vary': 'Accept-Encoding', 'Content-Encoding': 'gzip', 'CF-Cache-Status': 'DYNAMIC', 'Report-To': '{"endpoints":[{"url":"https:\\/\\/a.nel.cloudflare.com\\/report\\/v4?s=LABCsabDHh9%2Blg%2BEa5N%2Bo1WmPrn0I8dgKnKi3k716QknflOqY397iohazzapA%2BMVl4%2FgnsFikVteOHOXMLVqcof%2BKFPCfMmGrgWKULGg6f5HkMmLBIZyTzQ5cHkCNQay"}],"group":"cf-nel","max_age":604800}', 'NEL': '{"success_fraction":0,"report_to":"cf-nel","max_age":604800}', 'Server': 'cloudflare', 'CF-RAY': '8770994c08c2080c-IAD', 'alt-svc': 'h3=":443"; ma=86400'} 
 body={"results":[{"gender":"female","name":{"title":"Mrs","first":"Bernice","last":"Hill"},"location":{"street":{"number":3874,"name":"Woodland St"},"city":"Burbank","state":"Minnesota","country":"United States","postcode":37534,"coordinates":{"latitude":"87.9524","longitude":"4.6213"},"timezone":{"offset":"-3:00","description":"Brazil, Buenos Aires, Georgetown"}},"email":"bernice.hill@example.com","login":{"uuid":"16856f17-4485-4d81-9a04-a51efa78a178","username":"crazyostrich431","password":"1959","salt":"sFx1IgYP","md5":"be65694eb59391d89af23e6d2d87ef2e","sha1":"bde63294bf5ef34e22dcd269f57c2d5889922081","sha256":"457bdf475039a383cf6ababc99c1957bb9b6d863a8b85b70368635c55218274c"},"dob":{"date":"1950-05-12T01:01:55.916Z","age":73},"registered":{"date":"2020-06-15T21:59:22.571Z","age":3},"phone":"(745) 714-5808","cell":"(724) 223-4954","id":{"name":"SSN","value":"716-98-1282"},"picture":{"large":"https://randomuser.me/api/portraits/women/93.jpg","medium":"https://randomuser.me/api/portraits/med/women/93.jpg","thumbnail":"https://randomuser.me/api/portraits/thumb/women/93.jpg"},"nat":"US"}],"info":{"seed":"7d96d7c0411d678d","results":1,"page":1,"version":"1.4"}} 
 </msg>
<msg time="2024-04-19T23:15:49.851598" level="INFO">/opt/hostedtoolcache/Python/3.12.3/x64/lib/python3.12/site-packages/urllib3/connectionpool.py:1103: InsecureRequestWarning: Unverified HTTPS request is being made to host 'randomuser.me'. Adding certificate verification is strongly advised. See: https://urllib3.readthedocs.io/en/latest/advanced-usage.html#tls-warnings
  warnings.warn(</msg>
<msg time="2024-04-19T23:15:49.851746" level="INFO">${response} = &lt;Response [200]&gt;</msg>
<var>${response}</var>
<arg>consultarAPI</arg>
<arg>/api</arg>
<doc>Sends a GET request on a previously created HTTP Session.</doc>
<status status="PASS" start="2024-04-19T23:15:49.761137" elapsed="0.090667"/>
</kw>
<kw name="Set Variable" owner="BuiltIn">
<msg time="2024-04-19T23:15:49.852655" level="INFO">${json_data} = {'results': [{'gender': 'female', 'name': {'title': 'Mrs', 'first': 'Bernice', 'last': 'Hill'}, 'location': {'street': {'number': 3874, 'name': 'Woodland St'}, 'city': 'Burbank', 'state': 'Minnesota',...</msg>
<var>${json_data}</var>
<arg>${response.json()}</arg>
<doc>Returns the given values which can then be assigned to a variables.</doc>
<status status="PASS" start="2024-04-19T23:15:49.852185" elapsed="0.000498"/>
</kw>
<kw name="Log" owner="BuiltIn">
<msg time="2024-04-19T23:15:49.853143" level="INFO">{'results': [{'gender': 'female', 'name': {'title': 'Mrs', 'first': 'Bernice', 'last': 'Hill'}, 'location': {'street': {'number': 3874, 'name': 'Woodland St'}, 'city': 'Burbank', 'state': 'Minnesota', 'country': 'United States', 'postcode': 37534, 'coordinates': {'latitude': '87.9524', 'longitude': '4.6213'}, 'timezone': {'offset': '-3:00', 'description': 'Brazil, Buenos Aires, Georgetown'}}, 'email': 'bernice.hill@example.com', 'login': {'uuid': '16856f17-4485-4d81-9a04-a51efa78a178', 'username': 'crazyostrich431', 'password': '1959', 'salt': 'sFx1IgYP', 'md5': 'be65694eb59391d89af23e6d2d87ef2e', 'sha1': 'bde63294bf5ef34e22dcd269f57c2d5889922081', 'sha256': '457bdf475039a383cf6ababc99c1957bb9b6d863a8b85b70368635c55218274c'}, 'dob': {'date': '1950-05-12T01:01:55.916Z', 'age': 73}, 'registered': {'date': '2020-06-15T21:59:22.571Z', 'age': 3}, 'phone': '(745) 714-5808', 'cell': '(724) 223-4954', 'id': {'name': 'SSN', 'value': '716-98-1282'}, 'picture': {'large': 'https://randomuser.me/api/portraits/women/93.jpg', 'medium': 'https://randomuser.me/api/portraits/med/women/93.jpg', 'thumbnail': 'https://randomuser.me/api/portraits/thumb/women/93.jpg'}, 'nat': 'US'}], 'info': {'seed': '7d96d7c0411d678d', 'results': 1, 'page': 1, 'version': '1.4'}}</msg>
<arg>${json_data}</arg>
<doc>Logs the given message with the given level.</doc>
<status status="PASS" start="2024-04-19T23:15:49.852982" elapsed="0.000209"/>
</kw>
<kw name="Dictionary Should Contain Key" owner="Collections">
<msg time="2024-04-19T23:15:49.853636" level="INFO">False</msg>
<arg>${json_data}</arg>
<arg>results</arg>
<doc>Fails if ``key`` is not found from ``dictionary``.</doc>
<status status="PASS" start="2024-04-19T23:15:49.853485" elapsed="0.000187"/>
</kw>
<kw name="Should Not Be Empty" owner="BuiltIn">
<msg time="2024-04-19T23:15:49.854105" level="INFO">Length is 2.</msg>
<arg>${json_data}</arg>
<doc>Verifies that the given item is not empty.</doc>
<status status="PASS" start="2024-04-19T23:15:49.853977" elapsed="0.000172"/>
</kw>
<kw name="Create List" owner="BuiltIn">
<msg time="2024-04-19T23:15:49.854714" level="INFO">${expected_keys} = ['gender', 'name', 'location', 'email', 'login']</msg>
<var>${expected_keys}</var>
<arg>gender</arg>
<arg>name</arg>
<arg>location</arg>
<arg>email</arg>
<arg>login</arg>
<doc>Returns a list containing given items.</doc>
<status status="PASS" start="2024-04-19T23:15:49.854435" elapsed="0.000303"/>
</kw>
<for flavor="IN">
<iter>
<kw name="Dictionary Should Contain Key" owner="Collections">
<msg time="2024-04-19T23:15:49.855768" level="INFO">False</msg>
<arg>${json_data['results'][0]}</arg>
<arg>${key}</arg>
<doc>Fails if ``key`` is not found from ``dictionary``.</doc>
<status status="PASS" start="2024-04-19T23:15:49.855368" elapsed="0.000437"/>
</kw>
<kw name="Log" owner="BuiltIn">
<msg time="2024-04-19T23:15:49.856463" level="INFO">{'gender': 'female', 'name': {'title': 'Mrs', 'first': 'Bernice', 'last': 'Hill'}, 'location': {'street': {'number': 3874, 'name': 'Woodland St'}, 'city': 'Burbank', 'state': 'Minnesota', 'country': 'United States', 'postcode': 37534, 'coordinates': {'latitude': '87.9524', 'longitude': '4.6213'}, 'timezone': {'offset': '-3:00', 'description': 'Brazil, Buenos Aires, Georgetown'}}, 'email': 'bernice.hill@example.com', 'login': {'uuid': '16856f17-4485-4d81-9a04-a51efa78a178', 'username': 'crazyostrich431', 'password': '1959', 'salt': 'sFx1IgYP', 'md5': 'be65694eb59391d89af23e6d2d87ef2e', 'sha1': 'bde63294bf5ef34e22dcd269f57c2d5889922081', 'sha256': '457bdf475039a383cf6ababc99c1957bb9b6d863a8b85b70368635c55218274c'}, 'dob': {'date': '1950-05-12T01:01:55.916Z', 'age': 73}, 'registered': {'date': '2020-06-15T21:59:22.571Z', 'age': 3}, 'phone': '(745) 714-5808', 'cell': '(724) 223-4954', 'id': {'name': 'SSN', 'value': '716-98-1282'}, 'picture': {'large': 'https://randomuser.me/api/portraits/women/93.jpg', 'medium': 'https://randomuser.me/api/portraits/med/women/93.jpg', 'thumbnail': 'https://randomuser.me/api/portraits/thumb/women/93.jpg'}, 'nat': 'US'}</msg>
<arg>${json_data['results'][0]}</arg>
<doc>Logs the given message with the given level.</doc>
<status status="PASS" start="2024-04-19T23:15:49.856103" elapsed="0.000408"/>
</kw>
<kw name="Log" owner="BuiltIn">
<msg time="2024-04-19T23:15:49.856931" level="INFO">gender</msg>
<arg>${key}</arg>
<doc>Logs the given message with the given level.</doc>
<status status="PASS" start="2024-04-19T23:15:49.856805" elapsed="0.000163"/>
</kw>
<var name="${key}">gender</var>
<status status="PASS" start="2024-04-19T23:15:49.855242" elapsed="0.001938"/>
</iter>
<iter>
<kw name="Dictionary Should Contain Key" owner="Collections">
<msg time="2024-04-19T23:15:49.857862" level="INFO">False</msg>
<arg>${json_data['results'][0]}</arg>
<arg>${key}</arg>
<doc>Fails if ``key`` is not found from ``dictionary``.</doc>
<status status="PASS" start="2024-04-19T23:15:49.857478" elapsed="0.000420"/>
</kw>
<kw name="Log" owner="BuiltIn">
<msg time="2024-04-19T23:15:49.858584" level="INFO">{'gender': 'female', 'name': {'title': 'Mrs', 'first': 'Bernice', 'last': 'Hill'}, 'location': {'street': {'number': 3874, 'name': 'Woodland St'}, 'city': 'Burbank', 'state': 'Minnesota', 'country': 'United States', 'postcode': 37534, 'coordinates': {'latitude': '87.9524', 'longitude': '4.6213'}, 'timezone': {'offset': '-3:00', 'description': 'Brazil, Buenos Aires, Georgetown'}}, 'email': 'bernice.hill@example.com', 'login': {'uuid': '16856f17-4485-4d81-9a04-a51efa78a178', 'username': 'crazyostrich431', 'password': '1959', 'salt': 'sFx1IgYP', 'md5': 'be65694eb59391d89af23e6d2d87ef2e', 'sha1': 'bde63294bf5ef34e22dcd269f57c2d5889922081', 'sha256': '457bdf475039a383cf6ababc99c1957bb9b6d863a8b85b70368635c55218274c'}, 'dob': {'date': '1950-05-12T01:01:55.916Z', 'age': 73}, 'registered': {'date': '2020-06-15T21:59:22.571Z', 'age': 3}, 'phone': '(745) 714-5808', 'cell': '(724) 223-4954', 'id': {'name': 'SSN', 'value': '716-98-1282'}, 'picture': {'large': 'https://randomuser.me/api/portraits/women/93.jpg', 'medium': 'https://randomuser.me/api/portraits/med/women/93.jpg', 'thumbnail': 'https://randomuser.me/api/portraits/thumb/women/93.jpg'}, 'nat': 'US'}</msg>
<arg>${json_data['results'][0]}</arg>
<doc>Logs the given message with the given level.</doc>
<status status="PASS" start="2024-04-19T23:15:49.858219" elapsed="0.000413"/>
</kw>
<kw name="Log" owner="BuiltIn">
<msg time="2024-04-19T23:15:49.859089" level="INFO">name</msg>
<arg>${key}</arg>
<doc>Logs the given message with the given level.</doc>
<status status="PASS" start="2024-04-19T23:15:49.858951" elapsed="0.000176"/>
</kw>
<var name="${key}">name</var>
<status status="PASS" start="2024-04-19T23:15:49.857363" elapsed="0.001977"/>
</iter>
<iter>
<kw name="Dictionary Should Contain Key" owner="Collections">
<msg time="2024-04-19T23:15:49.860009" level="INFO">False</msg>
<arg>${json_data['results'][0]}</arg>
<arg>${key}</arg>
<doc>Fails if ``key`` is not found from ``dictionary``.</doc>
<status status="PASS" start="2024-04-19T23:15:49.859626" elapsed="0.000419"/>
</kw>
<kw name="Log" owner="BuiltIn">
<msg time="2024-04-19T23:15:49.860705" level="INFO">{'gender': 'female', 'name': {'title': 'Mrs', 'first': 'Bernice', 'last': 'Hill'}, 'location': {'street': {'number': 3874, 'name': 'Woodland St'}, 'city': 'Burbank', 'state': 'Minnesota', 'country': 'United States', 'postcode': 37534, 'coordinates': {'latitude': '87.9524', 'longitude': '4.6213'}, 'timezone': {'offset': '-3:00', 'description': 'Brazil, Buenos Aires, Georgetown'}}, 'email': 'bernice.hill@example.com', 'login': {'uuid': '16856f17-4485-4d81-9a04-a51efa78a178', 'username': 'crazyostrich431', 'password': '1959', 'salt': 'sFx1IgYP', 'md5': 'be65694eb59391d89af23e6d2d87ef2e', 'sha1': 'bde63294bf5ef34e22dcd269f57c2d5889922081', 'sha256': '457bdf475039a383cf6ababc99c1957bb9b6d863a8b85b70368635c55218274c'}, 'dob': {'date': '1950-05-12T01:01:55.916Z', 'age': 73}, 'registered': {'date': '2020-06-15T21:59:22.571Z', 'age': 3}, 'phone': '(745) 714-5808', 'cell': '(724) 223-4954', 'id': {'name': 'SSN', 'value': '716-98-1282'}, 'picture': {'large': 'https://randomuser.me/api/portraits/women/93.jpg', 'medium': 'https://randomuser.me/api/portraits/med/women/93.jpg', 'thumbnail': 'https://randomuser.me/api/portraits/thumb/women/93.jpg'}, 'nat': 'US'}</msg>
<arg>${json_data['results'][0]}</arg>
<doc>Logs the given message with the given level.</doc>
<status status="PASS" start="2024-04-19T23:15:49.860344" elapsed="0.000409"/>
</kw>
<kw name="Log" owner="BuiltIn">
<msg time="2024-04-19T23:15:49.861170" level="INFO">location</msg>
<arg>${key}</arg>
<doc>Logs the given message with the given level.</doc>
<status status="PASS" start="2024-04-19T23:15:49.861043" elapsed="0.000164"/>
</kw>
<var name="${key}">location</var>
<status status="PASS" start="2024-04-19T23:15:49.859514" elapsed="0.001904"/>
</iter>
<iter>
<kw name="Dictionary Should Contain Key" owner="Collections">
<msg time="2024-04-19T23:15:49.862087" level="INFO">False</msg>
<arg>${json_data['results'][0]}</arg>
<arg>${key}</arg>
<doc>Fails if ``key`` is not found from ``dictionary``.</doc>
<status status="PASS" start="2024-04-19T23:15:49.861708" elapsed="0.000415"/>
</kw>
<kw name="Log" owner="BuiltIn">
<msg time="2024-04-19T23:15:49.862811" level="INFO">{'gender': 'female', 'name': {'title': 'Mrs', 'first': 'Bernice', 'last': 'Hill'}, 'location': {'street': {'number': 3874, 'name': 'Woodland St'}, 'city': 'Burbank', 'state': 'Minnesota', 'country': 'United States', 'postcode': 37534, 'coordinates': {'latitude': '87.9524', 'longitude': '4.6213'}, 'timezone': {'offset': '-3:00', 'description': 'Brazil, Buenos Aires, Georgetown'}}, 'email': 'bernice.hill@example.com', 'login': {'uuid': '16856f17-4485-4d81-9a04-a51efa78a178', 'username': 'crazyostrich431', 'password': '1959', 'salt': 'sFx1IgYP', 'md5': 'be65694eb59391d89af23e6d2d87ef2e', 'sha1': 'bde63294bf5ef34e22dcd269f57c2d5889922081', 'sha256': '457bdf475039a383cf6ababc99c1957bb9b6d863a8b85b70368635c55218274c'}, 'dob': {'date': '1950-05-12T01:01:55.916Z', 'age': 73}, 'registered': {'date': '2020-06-15T21:59:22.571Z', 'age': 3}, 'phone': '(745) 714-5808', 'cell': '(724) 223-4954', 'id': {'name': 'SSN', 'value': '716-98-1282'}, 'picture': {'large': 'https://randomuser.me/api/portraits/women/93.jpg', 'medium': 'https://randomuser.me/api/portraits/med/women/93.jpg', 'thumbnail': 'https://randomuser.me/api/portraits/thumb/women/93.jpg'}, 'nat': 'US'}</msg>
<arg>${json_data['results'][0]}</arg>
<doc>Logs the given message with the given level.</doc>
<status status="PASS" start="2024-04-19T23:15:49.862429" elapsed="0.000434"/>
</kw>
<kw name="Log" owner="BuiltIn">
<msg time="2024-04-19T23:15:49.863299" level="INFO">email</msg>
<arg>${key}</arg>
<doc>Logs the given message with the given level.</doc>
<status status="PASS" start="2024-04-19T23:15:49.863173" elapsed="0.000163"/>
</kw>
<var name="${key}">email</var>
<status status="PASS" start="2024-04-19T23:15:49.861597" elapsed="0.001952"/>
</iter>
<iter>
<kw name="Dictionary Should Contain Key" owner="Collections">
<msg time="2024-04-19T23:15:49.864228" level="INFO">False</msg>
<arg>${json_data['results'][0]}</arg>
<arg>${key}</arg>
<doc>Fails if ``key`` is not found from ``dictionary``.</doc>
<status status="PASS" start="2024-04-19T23:15:49.863842" elapsed="0.000423"/>
</kw>
<kw name="Log" owner="BuiltIn">
<msg time="2024-04-19T23:15:49.864930" level="INFO">{'gender': 'female', 'name': {'title': 'Mrs', 'first': 'Bernice', 'last': 'Hill'}, 'location': {'street': {'number': 3874, 'name': 'Woodland St'}, 'city': 'Burbank', 'state': 'Minnesota', 'country': 'United States', 'postcode': 37534, 'coordinates': {'latitude': '87.9524', 'longitude': '4.6213'}, 'timezone': {'offset': '-3:00', 'description': 'Brazil, Buenos Aires, Georgetown'}}, 'email': 'bernice.hill@example.com', 'login': {'uuid': '16856f17-4485-4d81-9a04-a51efa78a178', 'username': 'crazyostrich431', 'password': '1959', 'salt': 'sFx1IgYP', 'md5': 'be65694eb59391d89af23e6d2d87ef2e', 'sha1': 'bde63294bf5ef34e22dcd269f57c2d5889922081', 'sha256': '457bdf475039a383cf6ababc99c1957bb9b6d863a8b85b70368635c55218274c'}, 'dob': {'date': '1950-05-12T01:01:55.916Z', 'age': 73}, 'registered': {'date': '2020-06-15T21:59:22.571Z', 'age': 3}, 'phone': '(745) 714-5808', 'cell': '(724) 223-4954', 'id': {'name': 'SSN', 'value': '716-98-1282'}, 'picture': {'large': 'https://randomuser.me/api/portraits/women/93.jpg', 'medium': 'https://randomuser.me/api/portraits/med/women/93.jpg', 'thumbnail': 'https://randomuser.me/api/portraits/thumb/women/93.jpg'}, 'nat': 'US'}</msg>
<arg>${json_data['results'][0]}</arg>
<doc>Logs the given message with the given level.</doc>
<status status="PASS" start="2024-04-19T23:15:49.864559" elapsed="0.000418"/>
</kw>
<kw name="Log" owner="BuiltIn">
<msg time="2024-04-19T23:15:49.865398" level="INFO">login</msg>
<arg>${key}</arg>
<doc>Logs the given message with the given level.</doc>
<status status="PASS" start="2024-04-19T23:15:49.865272" elapsed="0.000165"/>
</kw>
<var name="${key}">login</var>
<status status="PASS" start="2024-04-19T23:15:49.863725" elapsed="0.001960"/>
</iter>
<var>${key}</var>
<value>@{expected_keys}</value>
<status status="PASS" start="2024-04-19T23:15:49.855055" elapsed="0.010754"/>
</for>
<kw name="Create List" owner="BuiltIn">
<msg time="2024-04-19T23:15:49.866134" level="INFO">${expected_keysTwo} = ['username', 'password']</msg>
<var>${expected_keysTwo}</var>
<arg>username</arg>
<arg>password</arg>
<doc>Returns a list containing given items.</doc>
<status status="PASS" start="2024-04-19T23:15:49.865999" elapsed="0.000158"/>
</kw>
<for flavor="IN">
<iter>
<kw name="Dictionary Should Contain Key" owner="Collections">
<msg time="2024-04-19T23:15:49.867080" level="INFO">False</msg>
<arg>${json_data['results'][0]['login']}</arg>
<arg>${keyTwo}</arg>
<doc>Fails if ``key`` is not found from ``dictionary``.</doc>
<status status="PASS" start="2024-04-19T23:15:49.866660" elapsed="0.000456"/>
</kw>
<kw name="Dictionary Should Contain Key" owner="Collections">
<msg time="2024-04-19T23:15:49.867800" level="INFO">False</msg>
<arg>${json_data['results'][0]['login']}</arg>
<arg>${keyTwo}</arg>
<doc>Fails if ``key`` is not found from ``dictionary``.</doc>
<status status="PASS" start="2024-04-19T23:15:49.867410" elapsed="0.000427"/>
</kw>
<kw name="Log" owner="BuiltIn">
<msg time="2024-04-19T23:15:49.868251" level="INFO">username</msg>
<arg>${keyTwo}</arg>
<doc>Logs the given message with the given level.</doc>
<status status="PASS" start="2024-04-19T23:15:49.868126" elapsed="0.000169"/>
</kw>
<var name="${keyTwo}">username</var>
<status status="PASS" start="2024-04-19T23:15:49.866540" elapsed="0.001965"/>
</iter>
<iter>
<kw name="Dictionary Should Contain Key" owner="Collections">
<msg time="2024-04-19T23:15:49.869161" level="INFO">False</msg>
<arg>${json_data['results'][0]['login']}</arg>
<arg>${keyTwo}</arg>
<doc>Fails if ``key`` is not found from ``dictionary``.</doc>
<status status="PASS" start="2024-04-19T23:15:49.868780" elapsed="0.000423"/>
</kw>
<kw name="Dictionary Should Contain Key" owner="Collections">
<msg time="2024-04-19T23:15:49.869954" level="INFO">False</msg>
<arg>${json_data['results'][0]['login']}</arg>
<arg>${keyTwo}</arg>
<doc>Fails if ``key`` is not found from ``dictionary``.</doc>
<status status="PASS" start="2024-04-19T23:15:49.869490" elapsed="0.000512"/>
</kw>
<kw name="Log" owner="BuiltIn">
<msg time="2024-04-19T23:15:49.870417" level="INFO">password</msg>
<arg>${keyTwo}</arg>
<doc>Logs the given message with the given level.</doc>
<status status="PASS" start="2024-04-19T23:15:49.870292" elapsed="0.000162"/>
</kw>
<var name="${keyTwo}">password</var>
<status status="PASS" start="2024-04-19T23:15:49.868671" elapsed="0.001998"/>
</iter>
<var>${keyTwo}</var>
<value>@{expected_keysTwo}</value>
<status status="PASS" start="2024-04-19T23:15:49.866390" elapsed="0.004416"/>
</for>
<status status="PASS" start="2024-04-19T23:15:49.760797" elapsed="0.110162"/>
</kw>
<doc>Testa a estrutura da resposta da API.</doc>
<tag>testeEstruturaResposta</tag>
<status status="PASS" start="2024-04-19T23:15:49.760047" elapsed="0.111058"/>
</test>
<test id="s1-s1-t4" name="Validar tipos de dados" line="28">
<kw name="Teste de Tipos de Dados" owner="random-user-service">
<kw name="GET On Session" owner="RequestsLibrary">
<msg time="2024-04-19T23:15:49.950239" level="INFO">GET Request : url=https://randomuser.me/api 
 path_url=/api 
 headers={'User-Agent': 'python-requests/2.31.0', 'Accept-Encoding': 'gzip, deflate', 'Accept': '*/*', 'Connection': 'keep-alive'} 
 body=None 
 </msg>
<msg time="2024-04-19T23:15:49.950318" level="INFO">GET Response : url=https://randomuser.me/api 
 status=200, reason=OK 
 headers={'Date': 'Fri, 19 Apr 2024 23:15:49 GMT', 'Content-Type': 'application/json; charset=utf-8', 'Transfer-Encoding': 'chunked', 'Connection': 'keep-alive', 'X-Powered-By': 'Express', 'Access-Control-Allow-Origin': '*', 'Cache-Control': 'no-cache', 'ETag': 'W/"47f-VNRG2MVtEWqh4mbkMt9jb3MPbQg"', 'Vary': 'Accept-Encoding', 'Content-Encoding': 'gzip', 'CF-Cache-Status': 'DYNAMIC', 'Report-To': '{"endpoints":[{"url":"https:\\/\\/a.nel.cloudflare.com\\/report\\/v4?s=nIES5ivRojRIesfjllSY36fRmxoTFlkmBDVW99iGzdLJGiaeyEUTsmVk6dx58to5tSo5026YnVO79m9GjfqphWcR4J%2BHrO9u7s8FTNzv0MFDuCvMmJLU13fiaQRBfuZ%2B"}],"group":"cf-nel","max_age":604800}', 'NEL': '{"success_fraction":0,"report_to":"cf-nel","max_age":604800}', 'Server': 'cloudflare', 'CF-RAY': '8770994cb976080c-IAD', 'alt-svc': 'h3=":443"; ma=86400'} 
 body={"results":[{"gender":"male","name":{"title":"Mr","first":"Cecil","last":"Phillips"},"location":{"street":{"number":3246,"name":"Photinia Ave"},"city":"Torrance","state":"Alabama","country":"United States","postcode":37764,"coordinates":{"latitude":"84.6494","longitude":"-29.4756"},"timezone":{"offset":"+9:30","description":"Adelaide, Darwin"}},"email":"cecil.phillips@example.com","login":{"uuid":"2be59e04-7b27-4821-9972-2ce50a571b92","username":"heavycat265","password":"maxim","salt":"BSkDGkfg","md5":"ca5e9a7b0e48734c5c2b9d4317d145f5","sha1":"3a2a8d6cfb6d9fde3dd2f52af68f3964b2a5d7ff","sha256":"a1e0bdbdfd0f2feaf1843c58c592779782231e747b68e9647e9c896308338561"},"dob":{"date":"1989-02-26T02:58:05.832Z","age":35},"registered":{"date":"2020-12-13T05:17:51.158Z","age":3},"phone":"(263) 517-5144","cell":"(586) 978-6521","id":{"name":"SSN","value":"819-35-2582"},"picture":{"large":"https://randomuser.me/api/portraits/men/31.jpg","medium":"https://randomuser.me/api/portraits/med/men/31.jpg","thumbnail":"https://randomuser.me/api/portraits/thumb/men/31.jpg"},"nat":"US"}],"info":{"seed":"fc39840a97862def","results":1,"page":1,"version":"1.4"}} 
 </msg>
<msg time="2024-04-19T23:15:49.950386" level="INFO">/opt/hostedtoolcache/Python/3.12.3/x64/lib/python3.12/site-packages/urllib3/connectionpool.py:1103: InsecureRequestWarning: Unverified HTTPS request is being made to host 'randomuser.me'. Adding certificate verification is strongly advised. See: https://urllib3.readthedocs.io/en/latest/advanced-usage.html#tls-warnings
  warnings.warn(</msg>
<msg time="2024-04-19T23:15:49.950515" level="INFO">${response} = &lt;Response [200]&gt;</msg>
<var>${response}</var>
<arg>consultarAPI</arg>
<arg>/api</arg>
<doc>Sends a GET request on a previously created HTTP Session.</doc>
<status status="PASS" start="2024-04-19T23:15:49.873602" elapsed="0.076965"/>
</kw>
<kw name="Set Variable" owner="BuiltIn">
<msg time="2024-04-19T23:15:49.951491" level="INFO">${json_data} = {'results': [{'gender': 'male', 'name': {'title': 'Mr', 'first': 'Cecil', 'last': 'Phillips'}, 'location': {'street': {'number': 3246, 'name': 'Photinia Ave'}, 'city': 'Torrance', 'state': 'Alabama', ...</msg>
<var>${json_data}</var>
<arg>${response.json()}</arg>
<doc>Returns the given values which can then be assigned to a variables.</doc>
<status status="PASS" start="2024-04-19T23:15:49.951034" elapsed="0.000485"/>
</kw>
<kw name="Log" owner="BuiltIn">
<msg time="2024-04-19T23:15:49.951983" level="INFO">{'results': [{'gender': 'male', 'name': {'title': 'Mr', 'first': 'Cecil', 'last': 'Phillips'}, 'location': {'street': {'number': 3246, 'name': 'Photinia Ave'}, 'city': 'Torrance', 'state': 'Alabama', 'country': 'United States', 'postcode': 37764, 'coordinates': {'latitude': '84.6494', 'longitude': '-29.4756'}, 'timezone': {'offset': '+9:30', 'description': 'Adelaide, Darwin'}}, 'email': 'cecil.phillips@example.com', 'login': {'uuid': '2be59e04-7b27-4821-9972-2ce50a571b92', 'username': 'heavycat265', 'password': 'maxim', 'salt': 'BSkDGkfg', 'md5': 'ca5e9a7b0e48734c5c2b9d4317d145f5', 'sha1': '3a2a8d6cfb6d9fde3dd2f52af68f3964b2a5d7ff', 'sha256': 'a1e0bdbdfd0f2feaf1843c58c592779782231e747b68e9647e9c896308338561'}, 'dob': {'date': '1989-02-26T02:58:05.832Z', 'age': 35}, 'registered': {'date': '2020-12-13T05:17:51.158Z', 'age': 3}, 'phone': '(263) 517-5144', 'cell': '(586) 978-6521', 'id': {'name': 'SSN', 'value': '819-35-2582'}, 'picture': {'large': 'https://randomuser.me/api/portraits/men/31.jpg', 'medium': 'https://randomuser.me/api/portraits/med/men/31.jpg', 'thumbnail': 'https://randomuser.me/api/portraits/thumb/men/31.jpg'}, 'nat': 'US'}], 'info': {'seed': 'fc39840a97862def', 'results': 1, 'page': 1, 'version': '1.4'}}</msg>
<arg>${json_data}</arg>
<doc>Logs the given message with the given level.</doc>
<status status="PASS" start="2024-04-19T23:15:49.951823" elapsed="0.000239"/>
</kw>
<kw name="Should Be String" owner="String">
<arg>${json_data['results'][0]['gender']}</arg>
<doc>Fails if the given ``item`` is not a string.</doc>
<status status="PASS" start="2024-04-19T23:15:49.952362" elapsed="0.000363"/>
</kw>
<kw name="Should Match Regexp" owner="BuiltIn">
<arg>${json_data['results'][0]['email']}</arg>
<arg>^[a-zA-Z0-9._%+-]+@[a-zA-Z0-9.-]+\.[a-zA-Z]{2,}$</arg>
<doc>Fails if ``string`` does not match ``pattern`` as a regular expression.</doc>
<status status="PASS" start="2024-04-19T23:15:49.952918" elapsed="0.000507"/>
</kw>
<kw name="Should Match Regexp" owner="BuiltIn">
<arg>${json_data['results'][0]['dob']['date']}</arg>
<arg>\\d{4}-\\d{2}-\\d{2}T\\d{2}:\\d{2}:\\d{2}\\.\\d{3}Z</arg>
<doc>Fails if ``string`` does not match ``pattern`` as a regular expression.</doc>
<status status="PASS" start="2024-04-19T23:15:49.953618" elapsed="0.000479"/>
</kw>
<kw name="Should Match Regexp" owner="BuiltIn">
<arg>${json_data['results'][0]['registered']['date']}</arg>
<arg>\\d{4}-\\d{2}-\\d{2}T\\d{2}:\\d{2}:\\d{2}\\.\\d{3}Z</arg>
<doc>Fails if ``string`` does not match ``pattern`` as a regular expression.</doc>
<status status="PASS" start="2024-04-19T23:15:49.954285" elapsed="0.000371"/>
</kw>
<kw name="Should Match Regexp" owner="BuiltIn">
<arg>${json_data['results'][0]['picture']['large']}</arg>
<arg>^https?://.*\.(?:png|jpe?g|gif|bmp)$</arg>
<doc>Fails if ``string`` does not match ``pattern`` as a regular expression.</doc>
<status status="PASS" start="2024-04-19T23:15:49.954867" elapsed="0.000469"/>
</kw>
<kw name="Should Match Regexp" owner="BuiltIn">
<arg>${json_data['results'][0]['picture']['medium']}</arg>
<arg>^https?://.*\.(?:png|jpe?g|gif|bmp)$</arg>
<doc>Fails if ``string`` does not match ``pattern`` as a regular expression.</doc>
<status status="PASS" start="2024-04-19T23:15:49.955524" elapsed="0.000354"/>
</kw>
<kw name="Should Match Regexp" owner="BuiltIn">
<arg>${json_data['results'][0]['picture']['thumbnail']}</arg>
<arg>^https?://.*\.(?:png|jpe?g|gif|bmp)$</arg>
<doc>Fails if ``string`` does not match ``pattern`` as a regular expression.</doc>
<status status="PASS" start="2024-04-19T23:15:49.956067" elapsed="0.000358"/>
</kw>
<kw name="Log" owner="BuiltIn">
<msg time="2024-04-19T23:15:49.956926" level="INFO">{'large': 'https://randomuser.me/api/portraits/men/31.jpg', 'medium': 'https://randomuser.me/api/portraits/med/men/31.jpg', 'thumbnail': 'https://randomuser.me/api/portraits/thumb/men/31.jpg'}</msg>
<arg>${json_data['results'][0]['picture']}</arg>
<doc>Logs the given message with the given level.</doc>
<status status="PASS" start="2024-04-19T23:15:49.956606" elapsed="0.000361"/>
</kw>
<status status="PASS" start="2024-04-19T23:15:49.873376" elapsed="0.083843"/>
</kw>
<kw name="Teste de Tipos de Dados - Postcode" owner="random-user-service">
<kw name="GET On Session" owner="RequestsLibrary">
<msg time="2024-04-19T23:15:50.052742" level="INFO">GET Request : url=https://randomuser.me/api 
 path_url=/api 
 headers={'User-Agent': 'python-requests/2.31.0', 'Accept-Encoding': 'gzip, deflate', 'Accept': '*/*', 'Connection': 'keep-alive'} 
 body=None 
 </msg>
<msg time="2024-04-19T23:15:50.052826" level="INFO">GET Response : url=https://randomuser.me/api 
 status=200, reason=OK 
 headers={'Date': 'Fri, 19 Apr 2024 23:15:50 GMT', 'Content-Type': 'application/json; charset=utf-8', 'Transfer-Encoding': 'chunked', 'Connection': 'keep-alive', 'X-Powered-By': 'Express', 'Access-Control-Allow-Origin': '*', 'Cache-Control': 'no-cache', 'ETag': 'W/"499-Qon5Du2CdpoTHei3xMJKvCDD6C8"', 'Vary': 'Accept-Encoding', 'Content-Encoding': 'gzip', 'CF-Cache-Status': 'DYNAMIC', 'Report-To': '{"endpoints":[{"url":"https:\\/\\/a.nel.cloudflare.com\\/report\\/v4?s=pwpT%2B%2F5qjhjqHyyW%2FmX%2FqXbuod%2BhT5v4m1u1uZCdWD7HgNG6YPfo6CHoxsLCIpigHv4BzpzIPBS6I0csfRGKuLCTiwRd8h5MkHWgh5CtYm9g3GYxDMb4iOy9UfFsAn8o"}],"group":"cf-nel","max_age":604800}', 'NEL': '{"success_fraction":0,"report_to":"cf-nel","max_age":604800}', 'Server': 'cloudflare', 'CF-RAY': '8770994d39f9080c-IAD', 'alt-svc': 'h3=":443"; ma=86400'} 
 body={"results":[{"gender":"female","name":{"title":"Miss","first":"Nuria","last":"Suarez"},"location":{"street":{"number":9767,"name":"Calle del Arenal"},"city":"Elche","state":"Región de Murcia","country":"Spain","postcode":59759,"coordinates":{"latitude":"-37.3597","longitude":"41.5617"},"timezone":{"offset":"-4:00","description":"Atlantic Time (Canada), Caracas, La Paz"}},"email":"nuria.suarez@example.com","login":{"uuid":"be44fb4f-81c6-42fa-901b-04ad606abf1f","username":"sadbear372","password":"alucard","salt":"hXBj7Ndc","md5":"38e460ed8533d87594b6786642f720fb","sha1":"5626f6dc60eb9bcb81b4dade6bdfd4833c888f6a","sha256":"d763c24822429c0dbf2ef5c23a34932b209bcfa26b2c49811633b04e310af41a"},"dob":{"date":"1981-12-31T04:38:46.361Z","age":42},"registered":{"date":"2019-04-13T01:45:10.460Z","age":5},"phone":"903-679-096","cell":"627-077-767","id":{"name":"DNI","value":"03588229-A"},"picture":{"large":"https://randomuser.me/api/portraits/women/39.jpg","medium":"https://randomuser.me/api/portraits/med/women/39.jpg","thumbnail":"https://randomuser.me/api/portraits/thumb/women/39.jpg"},"nat":"ES"}],"info":{"seed":"e32fcedf3f4713e5","results":1,"page":1,"version":"1.4"}} 
 </msg>
<msg time="2024-04-19T23:15:50.052902" level="INFO">/opt/hostedtoolcache/Python/3.12.3/x64/lib/python3.12/site-packages/urllib3/connectionpool.py:1103: InsecureRequestWarning: Unverified HTTPS request is being made to host 'randomuser.me'. Adding certificate verification is strongly advised. See: https://urllib3.readthedocs.io/en/latest/advanced-usage.html#tls-warnings
  warnings.warn(</msg>
<msg time="2024-04-19T23:15:50.053048" level="INFO">${response} = &lt;Response [200]&gt;</msg>
<var>${response}</var>
<arg>consultarAPI</arg>
<arg>/api</arg>
<doc>Sends a GET request on a previously created HTTP Session.</doc>
<status status="PASS" start="2024-04-19T23:15:49.957665" elapsed="0.095438"/>
</kw>
<kw name="Set Variable" owner="BuiltIn">
<msg time="2024-04-19T23:15:50.053939" level="INFO">${json_data} = {'results': [{'gender': 'female', 'name': {'title': 'Miss', 'first': 'Nuria', 'last': 'Suarez'}, 'location': {'street': {'number': 9767, 'name': 'Calle del Arenal'}, 'city': 'Elche', 'state': 'Región ...</msg>
<var>${json_data}</var>
<arg>${response.json()}</arg>
<doc>Returns the given values which can then be assigned to a variables.</doc>
<status status="PASS" start="2024-04-19T23:15:50.053493" elapsed="0.000484"/>
</kw>
<kw name="Log" owner="BuiltIn">
<msg time="2024-04-19T23:15:50.054448" level="INFO">{'results': [{'gender': 'female', 'name': {'title': 'Miss', 'first': 'Nuria', 'last': 'Suarez'}, 'location': {'street': {'number': 9767, 'name': 'Calle del Arenal'}, 'city': 'Elche', 'state': 'Región de Murcia', 'country': 'Spain', 'postcode': 59759, 'coordinates': {'latitude': '-37.3597', 'longitude': '41.5617'}, 'timezone': {'offset': '-4:00', 'description': 'Atlantic Time (Canada), Caracas, La Paz'}}, 'email': 'nuria.suarez@example.com', 'login': {'uuid': 'be44fb4f-81c6-42fa-901b-04ad606abf1f', 'username': 'sadbear372', 'password': 'alucard', 'salt': 'hXBj7Ndc', 'md5': '38e460ed8533d87594b6786642f720fb', 'sha1': '5626f6dc60eb9bcb81b4dade6bdfd4833c888f6a', 'sha256': 'd763c24822429c0dbf2ef5c23a34932b209bcfa26b2c49811633b04e310af41a'}, 'dob': {'date': '1981-12-31T04:38:46.361Z', 'age': 42}, 'registered': {'date': '2019-04-13T01:45:10.460Z', 'age': 5}, 'phone': '903-679-096', 'cell': '627-077-767', 'id': {'name': 'DNI', 'value': '03588229-A'}, 'picture': {'large': 'https://randomuser.me/api/portraits/women/39.jpg', 'medium': 'https://randomuser.me/api/portraits/med/women/39.jpg', 'thumbnail': 'https://randomuser.me/api/portraits/thumb/women/39.jpg'}, 'nat': 'ES'}], 'info': {'seed': 'e32fcedf3f4713e5', 'results': 1, 'page': 1, 'version': '1.4'}}</msg>
<arg>${json_data}</arg>
<doc>Logs the given message with the given level.</doc>
<status status="PASS" start="2024-04-19T23:15:50.054292" elapsed="0.000234"/>
</kw>
<kw name="Should Be Equal As Numbers" owner="BuiltIn">
<arg>${json_data['results'][0]['location']['postcode']}</arg>
<arg>${json_data['results'][0]['location']['postcode']}</arg>
<doc>Fails if objects are unequal after converting them to real numbers.</doc>
<status status="PASS" start="2024-04-19T23:15:50.054869" elapsed="0.000753"/>
</kw>
<kw name="Log" owner="BuiltIn">
<msg time="2024-04-19T23:15:50.056149" level="INFO">59759</msg>
<arg>${json_data['results'][0]['location']['postcode']}</arg>
<doc>Logs the given message with the given level.</doc>
<status status="PASS" start="2024-04-19T23:15:50.055815" elapsed="0.000373"/>
</kw>
<status status="PASS" start="2024-04-19T23:15:49.957436" elapsed="0.099001"/>
</kw>
<doc>Testa se os tipos de dados na resposta da API estão corretos.</doc>
<tag>testeTiposDados</tag>
<status status="PASS" start="2024-04-19T23:15:49.872840" elapsed="0.183754"/>
</test>
<test id="s1-s1-t5" name="Validar conteudo" line="35">
<kw name="Teste de Tipos de Conteudo" owner="random-user-service">
<kw name="GET On Session" owner="RequestsLibrary">
<msg time="2024-04-19T23:15:50.149599" level="INFO">GET Request : url=https://randomuser.me/api 
 path_url=/api 
 headers={'User-Agent': 'python-requests/2.31.0', 'Accept-Encoding': 'gzip, deflate', 'Accept': '*/*', 'Connection': 'keep-alive'} 
 body=None 
 </msg>
<msg time="2024-04-19T23:15:50.149679" level="INFO">GET Response : url=https://randomuser.me/api 
 status=200, reason=OK 
 headers={'Date': 'Fri, 19 Apr 2024 23:15:50 GMT', 'Content-Type': 'application/json; charset=utf-8', 'Transfer-Encoding': 'chunked', 'Connection': 'keep-alive', 'X-Powered-By': 'Express', 'Access-Control-Allow-Origin': '*', 'Cache-Control': 'no-cache', 'ETag': 'W/"492-5eoYMRQ4kgJSJ/fBNmoKMXz8sU0"', 'Vary': 'Accept-Encoding', 'Content-Encoding': 'gzip', 'CF-Cache-Status': 'DYNAMIC', 'Report-To': '{"endpoints":[{"url":"https:\\/\\/a.nel.cloudflare.com\\/report\\/v4?s=bol2YiJd%2B2HhfO1T2XzGmJwd7Cp%2BhvQ9WJ%2FeUwiJz5Q3mpZ2e2DKojf5qiKoLlV7FyYC%2BYKPjtAEJMBQlWotTfsomoBT90qCpz7t7r9GNcuVI0xWQTX5lxLK0AeAlv%2Bk"}],"group":"cf-nel","max_age":604800}', 'NEL': '{"success_fraction":0,"report_to":"cf-nel","max_age":604800}', 'Server': 'cloudflare', 'CF-RAY': '8770994ddab0080c-IAD', 'alt-svc': 'h3=":443"; ma=86400'} 
 body={"results":[{"gender":"female","name":{"title":"Mrs","first":"Alexis","last":"Butler"},"location":{"street":{"number":7321,"name":"College St"},"city":"Maitland","state":"Victoria","country":"Australia","postcode":7938,"coordinates":{"latitude":"-88.1988","longitude":"98.5434"},"timezone":{"offset":"+5:30","description":"Bombay, Calcutta, Madras, New Delhi"}},"email":"alexis.butler@example.com","login":{"uuid":"019bb18d-960a-4fa7-a7fa-551626a5290f","username":"purplegoose416","password":"wicked","salt":"zcQ9QENB","md5":"20a26e018d5499d88fae380d003897dd","sha1":"de48b08937066b61b1915c614aa4f13ebb569c36","sha256":"32d62ad71d6ad52495df83dcbbdd4d281c3089005558c824d1768e61c61e3917"},"dob":{"date":"1950-11-01T12:19:21.343Z","age":73},"registered":{"date":"2010-04-07T18:22:32.405Z","age":14},"phone":"03-6315-0913","cell":"0440-504-438","id":{"name":"TFN","value":"725739484"},"picture":{"large":"https://randomuser.me/api/portraits/women/16.jpg","medium":"https://randomuser.me/api/portraits/med/women/16.jpg","thumbnail":"https://randomuser.me/api/portraits/thumb/women/16.jpg"},"nat":"AU"}],"info":{"seed":"0f39ca3782397746","results":1,"page":1,"version":"1.4"}} 
 </msg>
<msg time="2024-04-19T23:15:50.149741" level="INFO">/opt/hostedtoolcache/Python/3.12.3/x64/lib/python3.12/site-packages/urllib3/connectionpool.py:1103: InsecureRequestWarning: Unverified HTTPS request is being made to host 'randomuser.me'. Adding certificate verification is strongly advised. See: https://urllib3.readthedocs.io/en/latest/advanced-usage.html#tls-warnings
  warnings.warn(</msg>
<msg time="2024-04-19T23:15:50.149865" level="INFO">${response} = &lt;Response [200]&gt;</msg>
<var>${response}</var>
<arg>consultarAPI</arg>
<arg>/api</arg>
<doc>Sends a GET request on a previously created HTTP Session.</doc>
<status status="PASS" start="2024-04-19T23:15:50.059075" elapsed="0.090829"/>
</kw>
<kw name="Set Variable" owner="BuiltIn">
<msg time="2024-04-19T23:15:50.150850" level="INFO">${json_data} = {'results': [{'gender': 'female', 'name': {'title': 'Mrs', 'first': 'Alexis', 'last': 'Butler'}, 'location': {'street': {'number': 7321, 'name': 'College St'}, 'city': 'Maitland', 'state': 'Victoria',...</msg>
<var>${json_data}</var>
<arg>${response.json()}</arg>
<doc>Returns the given values which can then be assigned to a variables.</doc>
<status status="PASS" start="2024-04-19T23:15:50.150338" elapsed="0.000554"/>
</kw>
<kw name="Set Variable" owner="BuiltIn">
<msg time="2024-04-19T23:15:50.151590" level="INFO">${name_title} = Mrs</msg>
<var>${name_title}</var>
<arg>${json_data["results"][0]["name"]["title"]}</arg>
<doc>Returns the given values which can then be assigned to a variables.</doc>
<status status="PASS" start="2024-04-19T23:15:50.151212" elapsed="0.000403"/>
</kw>
<kw name="Create List" owner="BuiltIn">
<msg time="2024-04-19T23:15:50.152067" level="INFO">${allowed_titles} = ['Mr', 'Ms', 'Miss', 'Mrs', 'Madame', 'Monsieur']</msg>
<var>${allowed_titles}</var>
<arg>Mr</arg>
<arg>Ms</arg>
<arg>Miss</arg>
<arg>Mrs</arg>
<arg>Madame</arg>
<arg>Monsieur</arg>
<doc>Returns a list containing given items.</doc>
<status status="PASS" start="2024-04-19T23:15:50.151919" elapsed="0.000173"/>
</kw>
<kw name="List Should Contain Value" owner="Collections">
<msg time="2024-04-19T23:15:50.152568" level="INFO">False</msg>
<arg>${allowed_titles}</arg>
<arg>${name_title}</arg>
<doc>Fails if the ``value`` is not found from ``list``.</doc>
<status status="PASS" start="2024-04-19T23:15:50.152395" elapsed="0.000208"/>
</kw>
<kw name="Set Variable" owner="BuiltIn">
<msg time="2024-04-19T23:15:50.153271" level="INFO">${name_country} = AU</msg>
<var>${name_country}</var>
<arg>${json_data["results"][0]["nat"]}</arg>
<doc>Returns the given values which can then be assigned to a variables.</doc>
<status status="PASS" start="2024-04-19T23:15:50.152890" elapsed="0.000406"/>
</kw>
<kw name="Create List" owner="BuiltIn">
<msg time="2024-04-19T23:15:50.154175" level="INFO">${list_country} = ['AD', 'AE', 'AF', 'AG', 'AI', 'AL', 'AM', 'AO', 'AQ', 'AR', 'AS', 'AT', 'AU', 'AW', 'AX', 'AZ', 'BA', 'BB', 'BD', 'BE', 'BF', 'BG', 'BH', 'BI', 'BJ', 'BL', 'BM', 'BN', 'BO', 'BQ', 'BR', 'BS', 'BT', '...</msg>
<var>${list_country}</var>
<arg>AD</arg>
<arg>AE</arg>
<arg>AF</arg>
<arg>AG</arg>
<arg>AI</arg>
<arg>AL</arg>
<arg>AM</arg>
<arg>AO</arg>
<arg>AQ</arg>
<arg>AR</arg>
<arg>AS</arg>
<arg>AT</arg>
<arg>AU</arg>
<arg>AW</arg>
<arg>AX</arg>
<arg>AZ</arg>
<arg>BA</arg>
<arg>BB</arg>
<arg>BD</arg>
<arg>BE</arg>
<arg>BF</arg>
<arg>BG</arg>
<arg>BH</arg>
<arg>BI</arg>
<arg>BJ</arg>
<arg>BL</arg>
<arg>BM</arg>
<arg>BN</arg>
<arg>BO</arg>
<arg>BQ</arg>
<arg>BR</arg>
<arg>BS</arg>
<arg>BT</arg>
<arg>BV</arg>
<arg>BW</arg>
<arg>BY</arg>
<arg>BZ</arg>
<arg>CA</arg>
<arg>CC</arg>
<arg>CD</arg>
<arg>CF</arg>
<arg>CG</arg>
<arg>CH</arg>
<arg>CI</arg>
<arg>CK</arg>
<arg>CL</arg>
<arg>CM</arg>
<arg>CN</arg>
<arg>CO</arg>
<arg>CR</arg>
<arg>CU</arg>
<arg>CV</arg>
<arg>CW</arg>
<arg>CX</arg>
<arg>CY</arg>
<arg>CZ</arg>
<arg>DE</arg>
<arg>DJ</arg>
<arg>DK</arg>
<arg>DM</arg>
<arg>DO</arg>
<arg>DZ</arg>
<arg>EC</arg>
<arg>EE</arg>
<arg>EG</arg>
<arg>EH</arg>
<arg>ER</arg>
<arg>ES</arg>
<arg>ET</arg>
<arg>FI</arg>
<arg>FJ</arg>
<arg>FK</arg>
<arg>FM</arg>
<arg>FO</arg>
<arg>FR</arg>
<arg>GA</arg>
<arg>GB</arg>
<arg>GD</arg>
<arg>GE</arg>
<arg>GF</arg>
<arg>GG</arg>
<arg>GH</arg>
<arg>GI</arg>
<arg>GL</arg>
<arg>GM</arg>
<arg>GN</arg>
<arg>GP</arg>
<arg>GQ</arg>
<arg>GR</arg>
<arg>GS</arg>
<arg>GT</arg>
<arg>GU</arg>
<arg>GW</arg>
<arg>GY</arg>
<arg>HK</arg>
<arg>HM</arg>
<arg>HN</arg>
<arg>HR</arg>
<arg>HT</arg>
<arg>HU</arg>
<arg>ID</arg>
<arg>IE</arg>
<arg>IL</arg>
<arg>IM</arg>
<arg>IN</arg>
<arg>IO</arg>
<arg>IQ</arg>
<arg>IR</arg>
<arg>IS</arg>
<arg>IT</arg>
<arg>JE</arg>
<arg>JM</arg>
<arg>JO</arg>
<arg>JP</arg>
<arg>KE</arg>
<arg>KG</arg>
<arg>KH</arg>
<arg>KI</arg>
<arg>KM</arg>
<arg>KN</arg>
<arg>KP</arg>
<arg>KR</arg>
<arg>KW</arg>
<arg>KY</arg>
<arg>KZ</arg>
<arg>LA</arg>
<arg>LB</arg>
<arg>LC</arg>
<arg>LI</arg>
<arg>LK</arg>
<arg>LR</arg>
<arg>LS</arg>
<arg>LT</arg>
<arg>LU</arg>
<arg>LV</arg>
<arg>LY</arg>
<arg>MA</arg>
<arg>MC</arg>
<arg>MD</arg>
<arg>ME</arg>
<arg>MF</arg>
<arg>MG</arg>
<arg>MH</arg>
<arg>MK</arg>
<arg>ML</arg>
<arg>MM</arg>
<arg>MN</arg>
<arg>MO</arg>
<arg>MP</arg>
<arg>MQ</arg>
<arg>MR</arg>
<arg>MS</arg>
<arg>MT</arg>
<arg>MU</arg>
<arg>MV</arg>
<arg>MW</arg>
<arg>MX</arg>
<arg>MY</arg>
<arg>MZ</arg>
<arg>NA</arg>
<arg>NC</arg>
<arg>NE</arg>
<arg>NF</arg>
<arg>NG</arg>
<arg>NI</arg>
<arg>NL</arg>
<arg>NO</arg>
<arg>NP</arg>
<arg>NR</arg>
<arg>NU</arg>
<arg>NZ</arg>
<arg>OM</arg>
<arg>PA</arg>
<arg>PE</arg>
<arg>PF</arg>
<arg>PG</arg>
<arg>PH</arg>
<arg>PK</arg>
<arg>PL</arg>
<arg>PM</arg>
<arg>PN</arg>
<arg>PR</arg>
<arg>PS</arg>
<arg>PT</arg>
<arg>PW</arg>
<arg>PY</arg>
<arg>QA</arg>
<arg>RE</arg>
<arg>RO</arg>
<arg>RS</arg>
<arg>RU</arg>
<arg>RW</arg>
<arg>SA</arg>
<arg>SB</arg>
<arg>SC</arg>
<arg>SD</arg>
<arg>SE</arg>
<arg>SG</arg>
<arg>SH</arg>
<arg>SI</arg>
<arg>SJ</arg>
<arg>SK</arg>
<arg>SL</arg>
<arg>SM</arg>
<arg>SN</arg>
<arg>SO</arg>
<arg>SR</arg>
<arg>SS</arg>
<arg>ST</arg>
<arg>SV</arg>
<arg>SX</arg>
<arg>SY</arg>
<arg>SZ</arg>
<arg>TC</arg>
<arg>TD</arg>
<arg>TF</arg>
<arg>TG</arg>
<arg>TH</arg>
<arg>TJ</arg>
<arg>TK</arg>
<arg>TL</arg>
<arg>TM</arg>
<arg>TN</arg>
<arg>TO</arg>
<arg>TR</arg>
<arg>TT</arg>
<arg>TV</arg>
<arg>TW</arg>
<arg>TZ</arg>
<arg>UA</arg>
<arg>UG</arg>
<arg>UM</arg>
<arg>US</arg>
<arg>UY</arg>
<arg>UZ</arg>
<arg>VA</arg>
<arg>VC</arg>
<arg>VE</arg>
<arg>VG</arg>
<arg>VI</arg>
<arg>VN</arg>
<arg>VU</arg>
<arg>WF</arg>
<arg>WS</arg>
<arg>XK</arg>
<arg>YE</arg>
<arg>YT</arg>
<arg>ZA</arg>
<arg>ZM</arg>
<arg>ZW</arg>
<doc>Returns a list containing given items.</doc>
<status status="PASS" start="2024-04-19T23:15:50.153595" elapsed="0.000605"/>
</kw>
<kw name="List Should Contain Value" owner="Collections">
<msg time="2024-04-19T23:15:50.155224" level="INFO">False</msg>
<arg>${list_country}</arg>
<arg>${name_country}</arg>
<doc>Fails if the ``value`` is not found from ``list``.</doc>
<status status="PASS" start="2024-04-19T23:15:50.155024" elapsed="0.000236"/>
</kw>
<kw name="Run Keyword If" owner="BuiltIn">
<kw name="Should Be True" owner="BuiltIn">
<arg>${True}</arg>
<doc>Fails if the given condition is not true.</doc>
<status status="PASS" start="2024-04-19T23:15:50.156336" elapsed="0.000145"/>
</kw>
<arg>${json_data["results"][0]["location"]["coordinates"]["latitude"]} &gt;= -90 and ${json_data["results"][0]["location"]["coordinates"]["latitude"]} &lt;= 90</arg>
<arg>Should Be True</arg>
<arg>${True}</arg>
<doc>Runs the given keyword with the given arguments, if ``condition`` is true.</doc>
<status status="PASS" start="2024-04-19T23:15:50.155575" elapsed="0.001034"/>
</kw>
<kw name="Run Keyword If" owner="BuiltIn">
<kw name="Should Be True" owner="BuiltIn">
<arg>${True}</arg>
<doc>Fails if the given condition is not true.</doc>
<status status="PASS" start="2024-04-19T23:15:50.157492" elapsed="0.000255"/>
</kw>
<arg>${json_data["results"][0]["location"]["coordinates"]["longitude"]} &gt;= -180 and ${json_data["results"][0]["location"]["coordinates"]["longitude"]} &lt;= 180</arg>
<arg>Should Be True</arg>
<arg>${True}</arg>
<doc>Runs the given keyword with the given arguments, if ``condition`` is true.</doc>
<status status="PASS" start="2024-04-19T23:15:50.156802" elapsed="0.001073"/>
</kw>
<status status="PASS" start="2024-04-19T23:15:50.058847" elapsed="0.099160"/>
</kw>
<doc>Testa o conteúdo específico dos campos retornados pela API.</doc>
<tag>testeConteudo</tag>
<status status="PASS" start="2024-04-19T23:15:50.058307" elapsed="0.099850"/>
</test>
<status status="PASS" start="2024-04-19T23:15:49.254718" elapsed="0.905468"/>
</suite>
<status status="PASS" start="2024-04-19T23:15:49.239816" elapsed="0.925547"/>
</suite>
<statistics>
<total>
<stat pass="5" fail="0" skip="0">All Tests</stat>
</total>
<tag>
<stat pass="1" fail="0" skip="0">testeConteudo</stat>
<stat pass="1" fail="0" skip="0">testeEstruturaResposta</stat>
<stat pass="1" fail="0" skip="0">testeRequisicaoBasica</stat>
<stat pass="1" fail="0" skip="0">testeTiposDados</stat>
</tag>
<suite>
<stat pass="5" fail="0" skip="0" id="s1" name="Tests">Tests</stat>
<stat pass="5" fail="0" skip="0" id="s1-s1" name="Random-User-Test">Tests.Random-User-Test</stat>
</suite>
</statistics>
<errors>
</errors>
</robot>
