<?xml version="1.0" encoding="UTF-8"?>
<robot generator="Robot 7.0 (Python 3.12.3 on linux)" generated="2024-05-17T12:26:13.090093" rpa="false" schemaversion="5">
<suite id="s1" name="Tests" source="/home/runner/work/DesafioQAItauRogerioJordao/DesafioQAItauRogerioJordao/RamdonUser/tests">
<suite id="s1-s1" name="Random-User-Test" source="/home/runner/work/DesafioQAItauRogerioJordao/DesafioQAItauRogerioJordao/RamdonUser/tests/random-user-test.robot">
<test id="s1-s1-t1" name="Conectar" line="13">
<kw name="Conectar API" owner="random-user-service">
<kw name="Create Session" owner="RequestsLibrary">
<msg time="2024-05-17T12:26:13.495480" level="INFO">Creating Session using : alias=consultarAPI, url=https://randomuser.me/, headers={},                     cookies={}, auth=None, timeout=None, proxies=None, verify=False,                     debug=0 </msg>
<arg>consultarAPI</arg>
<arg>${URL}</arg>
<doc>Create Session: create a HTTP session to a server</doc>
<status status="PASS" start="2024-05-17T12:26:13.495259" elapsed="0.000439"/>
</kw>
<status status="PASS" start="2024-05-17T12:26:13.494186" elapsed="0.001902"/>
</kw>
<status status="PASS" start="2024-05-17T12:26:13.493387" elapsed="0.002908"/>
</test>
<test id="s1-s1-t2" name="Validar retorno 200 e JSON Válido" line="16">
<kw name="Teste de Requisicao Basica" owner="random-user-service">
<kw name="GET On Session" owner="RequestsLibrary">
<msg time="2024-05-17T12:26:13.673989" level="INFO">GET Request : url=https://randomuser.me/api 
 path_url=/api 
 headers={'User-Agent': 'python-requests/2.31.0', 'Accept-Encoding': 'gzip, deflate', 'Accept': '*/*', 'Connection': 'keep-alive'} 
 body=None 
 </msg>
<msg time="2024-05-17T12:26:13.674153" level="INFO">GET Response : url=https://randomuser.me/api 
 status=200, reason=OK 
 headers={'Date': 'Fri, 17 May 2024 12:26:13 GMT', 'Content-Type': 'application/json; charset=utf-8', 'Transfer-Encoding': 'chunked', 'Connection': 'keep-alive', 'X-Powered-By': 'Express', 'Access-Control-Allow-Origin': '*', 'Cache-Control': 'no-cache', 'ETag': 'W/"46f-OCeYTYO/FHftjuxW198H1t7I4aA"', 'Vary': 'Accept-Encoding', 'Content-Encoding': 'gzip', 'CF-Cache-Status': 'DYNAMIC', 'Report-To': '{"endpoints":[{"url":"https:\\/\\/a.nel.cloudflare.com\\/report\\/v4?s=nk6c8tgej40BBTlLo7vSYWtudnOUZtXL8oe0%2BWqzeTQpfHNMoXieVv2yOZr%2FqJP%2BRLpbZg1CeDFDkO6GlxNtfqPTE3kk4f5ENnaRWAXnaNNdzQZNdIOVB1LWxHHo43D2"}],"group":"cf-nel","max_age":604800}', 'NEL': '{"success_fraction":0,"report_to":"cf-nel","max_age":604800}', 'Server': 'cloudflare', 'CF-RAY': '8853983b4dd55a5d-IAD', 'alt-svc': 'h3=":443"; ma=86400'} 
 body={"results":[{"gender":"male","name":{"title":"Mr","first":"Loke","last":"Liverød"},"location":{"street":{"number":2489,"name":"Nøklesvingen"},"city":"Gjøvik","state":"Buskerud","country":"Norway","postcode":"4374","coordinates":{"latitude":"40.2540","longitude":"-68.9490"},"timezone":{"offset":"-11:00","description":"Midway Island, Samoa"}},"email":"loke.liverod@example.com","login":{"uuid":"8713932f-019f-43f0-b7ae-e2d0ebc25e54","username":"redtiger901","password":"iloveyou","salt":"dfJ0l9cS","md5":"6e44780874a04aceff925fd0bb6fc38a","sha1":"273c0dd86c3f80544dcdcee04873f9bd8c2a8155","sha256":"b0571c40f095d658f0998c8adf55f0f2797b90b25509af79dbbbe1874575a58b"},"dob":{"date":"1952-03-31T00:20:34.600Z","age":72},"registered":{"date":"2019-01-08T18:13:41.785Z","age":5},"phone":"87713932","cell":"95628655","id":{"name":"FN","value":"31035242158"},"picture":{"large":"https://randomuser.me/api/portraits/men/6.jpg","medium":"https://randomuser.me/api/portraits/med/men/6.jpg","thumbnail":"https://randomuser.me/api/portraits/thumb/men/6.jpg"},"nat":"NO"}],"info":{"seed":"d3df45870418cfe9","results":1,"page":1,"version":"1.4"}} 
 </msg>
<msg time="2024-05-17T12:26:13.674247" level="INFO">/opt/hostedtoolcache/Python/3.12.3/x64/lib/python3.12/site-packages/urllib3/connectionpool.py:1103: InsecureRequestWarning: Unverified HTTPS request is being made to host 'randomuser.me'. Adding certificate verification is strongly advised. See: https://urllib3.readthedocs.io/en/latest/advanced-usage.html#tls-warnings
  warnings.warn(</msg>
<msg time="2024-05-17T12:26:13.674397" level="INFO">${response} = &lt;Response [200]&gt;</msg>
<var>${response}</var>
<arg>consultarAPI</arg>
<arg>/api</arg>
<doc>Sends a GET request on a previously created HTTP Session.</doc>
<status status="PASS" start="2024-05-17T12:26:13.499100" elapsed="0.175328"/>
</kw>
<kw name="Should Be Equal As Numbers" owner="BuiltIn">
<msg time="2024-05-17T12:26:13.675531" level="INFO">Argument types are:
&lt;class 'int'&gt;
&lt;class 'str'&gt;</msg>
<arg>${response.status_code}</arg>
<arg>200</arg>
<doc>Fails if objects are unequal after converting them to real numbers.</doc>
<status status="PASS" start="2024-05-17T12:26:13.675047" elapsed="0.000555"/>
</kw>
<kw name="Log" owner="BuiltIn">
<msg time="2024-05-17T12:26:13.676348" level="INFO">200</msg>
<arg>${response.status_code}</arg>
<doc>Logs the given message with the given level.</doc>
<status status="PASS" start="2024-05-17T12:26:13.675974" elapsed="0.000418"/>
</kw>
<kw name="Set Variable" owner="BuiltIn">
<msg time="2024-05-17T12:26:13.677192" level="INFO">${json_data} = {'results': [{'gender': 'male', 'name': {'title': 'Mr', 'first': 'Loke', 'last': 'Liverød'}, 'location': {'street': {'number': 2489, 'name': 'Nøklesvingen'}, 'city': 'Gjøvik', 'state': 'Buskerud', 'co...</msg>
<var>${json_data}</var>
<arg>${response.json()}</arg>
<doc>Returns the given values which can then be assigned to a variables.</doc>
<status status="PASS" start="2024-05-17T12:26:13.676704" elapsed="0.000524"/>
</kw>
<kw name="Dictionary Should Contain Key" owner="Collections">
<msg time="2024-05-17T12:26:13.677726" level="INFO">False</msg>
<arg>${json_data}</arg>
<arg>results</arg>
<doc>Fails if ``key`` is not found from ``dictionary``.</doc>
<status status="PASS" start="2024-05-17T12:26:13.677553" elapsed="0.000214"/>
</kw>
<status status="PASS" start="2024-05-17T12:26:13.498837" elapsed="0.179196"/>
</kw>
<doc>Testa se a API responde corretamente e retorna um objeto JSON válido.</doc>
<tag>testeRequisicaoBasica</tag>
<status status="PASS" start="2024-05-17T12:26:13.498350" elapsed="0.179875"/>
</test>
<test id="s1-s1-t3" name="Validar estrutura de resposta" line="22">
<kw name="Teste de Estrutura de Resposta" owner="random-user-service">
<kw name="GET On Session" owner="RequestsLibrary">
<msg time="2024-05-17T12:26:13.777400" level="INFO">GET Request : url=https://randomuser.me/api 
 path_url=/api 
 headers={'User-Agent': 'python-requests/2.31.0', 'Accept-Encoding': 'gzip, deflate', 'Accept': '*/*', 'Connection': 'keep-alive'} 
 body=None 
 </msg>
<msg time="2024-05-17T12:26:13.777502" level="INFO">GET Response : url=https://randomuser.me/api 
 status=200, reason=OK 
 headers={'Date': 'Fri, 17 May 2024 12:26:13 GMT', 'Content-Type': 'application/json; charset=utf-8', 'Transfer-Encoding': 'chunked', 'Connection': 'keep-alive', 'X-Powered-By': 'Express', 'Access-Control-Allow-Origin': '*', 'Cache-Control': 'no-cache', 'ETag': 'W/"47e-KZBSPnHbT3oOl87PWS/XSSZAJ+M"', 'Vary': 'Accept-Encoding', 'Content-Encoding': 'gzip', 'CF-Cache-Status': 'DYNAMIC', 'Report-To': '{"endpoints":[{"url":"https:\\/\\/a.nel.cloudflare.com\\/report\\/v4?s=5QVmLSR0MgXoJRduB3qLFjcfTRSkUuR7OF36At%2FjJEvnb3mB%2FBmlYH0ZjZd8jO0lV33RFby8Iplkw1hjgZc5g6hOzRWzwHuZB1gcitqaCYbrtCYkWVOGrh8%2FtWJBHK%2BP"}],"group":"cf-nel","max_age":604800}', 'NEL': '{"success_fraction":0,"report_to":"cf-nel","max_age":604800}', 'Server': 'cloudflare', 'CF-RAY': '8853983b8e1c5a5d-IAD', 'alt-svc': 'h3=":443"; ma=86400'} 
 body={"results":[{"gender":"male","name":{"title":"Mr","first":"Hudson","last":"Morris"},"location":{"street":{"number":2071,"name":"Avalon Drive"},"city":"Napier","state":"Manawatu-Wanganui","country":"New Zealand","postcode":52739,"coordinates":{"latitude":"48.8435","longitude":"-31.6016"},"timezone":{"offset":"+6:00","description":"Almaty, Dhaka, Colombo"}},"email":"hudson.morris@example.com","login":{"uuid":"78c30757-5c7e-43a0-a0b6-bdf56f4628a0","username":"sadgorilla719","password":"7894","salt":"vXB6pNdz","md5":"795c050a7dc610d6eeb3461f39ca390e","sha1":"286b70f4303dd5a0bc010fbd6c52f20c0dc6cec4","sha256":"7c437d3e48d696ed1f9244a4ff40ba4cc81c20209b20ef43feca7fc0571a756e"},"dob":{"date":"1994-01-16T20:32:58.323Z","age":30},"registered":{"date":"2021-09-16T14:00:40.568Z","age":2},"phone":"(492)-415-6062","cell":"(192)-891-5574","id":{"name":"","value":null},"picture":{"large":"https://randomuser.me/api/portraits/men/32.jpg","medium":"https://randomuser.me/api/portraits/med/men/32.jpg","thumbnail":"https://randomuser.me/api/portraits/thumb/men/32.jpg"},"nat":"NZ"}],"info":{"seed":"d4445796d8be0e31","results":1,"page":1,"version":"1.4"}} 
 </msg>
<msg time="2024-05-17T12:26:13.777640" level="INFO">/opt/hostedtoolcache/Python/3.12.3/x64/lib/python3.12/site-packages/urllib3/connectionpool.py:1103: InsecureRequestWarning: Unverified HTTPS request is being made to host 'randomuser.me'. Adding certificate verification is strongly advised. See: https://urllib3.readthedocs.io/en/latest/advanced-usage.html#tls-warnings
  warnings.warn(</msg>
<msg time="2024-05-17T12:26:13.777767" level="INFO">${response} = &lt;Response [200]&gt;</msg>
<var>${response}</var>
<arg>consultarAPI</arg>
<arg>/api</arg>
<doc>Sends a GET request on a previously created HTTP Session.</doc>
<status status="PASS" start="2024-05-17T12:26:13.680863" elapsed="0.096936"/>
</kw>
<kw name="Set Variable" owner="BuiltIn">
<msg time="2024-05-17T12:26:13.778899" level="INFO">${json_data} = {'results': [{'gender': 'male', 'name': {'title': 'Mr', 'first': 'Hudson', 'last': 'Morris'}, 'location': {'street': {'number': 2071, 'name': 'Avalon Drive'}, 'city': 'Napier', 'state': 'Manawatu-Wang...</msg>
<var>${json_data}</var>
<arg>${response.json()}</arg>
<doc>Returns the given values which can then be assigned to a variables.</doc>
<status status="PASS" start="2024-05-17T12:26:13.778348" elapsed="0.000580"/>
</kw>
<kw name="Log" owner="BuiltIn">
<msg time="2024-05-17T12:26:13.779402" level="INFO">{'results': [{'gender': 'male', 'name': {'title': 'Mr', 'first': 'Hudson', 'last': 'Morris'}, 'location': {'street': {'number': 2071, 'name': 'Avalon Drive'}, 'city': 'Napier', 'state': 'Manawatu-Wanganui', 'country': 'New Zealand', 'postcode': 52739, 'coordinates': {'latitude': '48.8435', 'longitude': '-31.6016'}, 'timezone': {'offset': '+6:00', 'description': 'Almaty, Dhaka, Colombo'}}, 'email': 'hudson.morris@example.com', 'login': {'uuid': '78c30757-5c7e-43a0-a0b6-bdf56f4628a0', 'username': 'sadgorilla719', 'password': '7894', 'salt': 'vXB6pNdz', 'md5': '795c050a7dc610d6eeb3461f39ca390e', 'sha1': '286b70f4303dd5a0bc010fbd6c52f20c0dc6cec4', 'sha256': '7c437d3e48d696ed1f9244a4ff40ba4cc81c20209b20ef43feca7fc0571a756e'}, 'dob': {'date': '1994-01-16T20:32:58.323Z', 'age': 30}, 'registered': {'date': '2021-09-16T14:00:40.568Z', 'age': 2}, 'phone': '(492)-415-6062', 'cell': '(192)-891-5574', 'id': {'name': '', 'value': None}, 'picture': {'large': 'https://randomuser.me/api/portraits/men/32.jpg', 'medium': 'https://randomuser.me/api/portraits/med/men/32.jpg', 'thumbnail': 'https://randomuser.me/api/portraits/thumb/men/32.jpg'}, 'nat': 'NZ'}], 'info': {'seed': 'd4445796d8be0e31', 'results': 1, 'page': 1, 'version': '1.4'}}</msg>
<arg>${json_data}</arg>
<doc>Logs the given message with the given level.</doc>
<status status="PASS" start="2024-05-17T12:26:13.779237" elapsed="0.000216"/>
</kw>
<kw name="Dictionary Should Contain Key" owner="Collections">
<msg time="2024-05-17T12:26:13.779920" level="INFO">False</msg>
<arg>${json_data}</arg>
<arg>results</arg>
<doc>Fails if ``key`` is not found from ``dictionary``.</doc>
<status status="PASS" start="2024-05-17T12:26:13.779758" elapsed="0.000201"/>
</kw>
<kw name="Should Not Be Empty" owner="BuiltIn">
<msg time="2024-05-17T12:26:13.780395" level="INFO">Length is 2.</msg>
<arg>${json_data}</arg>
<doc>Verifies that the given item is not empty.</doc>
<status status="PASS" start="2024-05-17T12:26:13.780264" elapsed="0.000176"/>
</kw>
<kw name="Create List" owner="BuiltIn">
<msg time="2024-05-17T12:26:13.781054" level="INFO">${expected_keys} = ['gender', 'name', 'location', 'email', 'login']</msg>
<var>${expected_keys}</var>
<arg>gender</arg>
<arg>name</arg>
<arg>location</arg>
<arg>email</arg>
<arg>login</arg>
<doc>Returns a list containing given items.</doc>
<status status="PASS" start="2024-05-17T12:26:13.780739" elapsed="0.000340"/>
</kw>
<for flavor="IN">
<iter>
<kw name="Dictionary Should Contain Key" owner="Collections">
<msg time="2024-05-17T12:26:13.782117" level="INFO">False</msg>
<arg>${json_data['results'][0]}</arg>
<arg>${key}</arg>
<doc>Fails if ``key`` is not found from ``dictionary``.</doc>
<status status="PASS" start="2024-05-17T12:26:13.781717" elapsed="0.000438"/>
</kw>
<kw name="Log" owner="BuiltIn">
<msg time="2024-05-17T12:26:13.782822" level="INFO">{'gender': 'male', 'name': {'title': 'Mr', 'first': 'Hudson', 'last': 'Morris'}, 'location': {'street': {'number': 2071, 'name': 'Avalon Drive'}, 'city': 'Napier', 'state': 'Manawatu-Wanganui', 'country': 'New Zealand', 'postcode': 52739, 'coordinates': {'latitude': '48.8435', 'longitude': '-31.6016'}, 'timezone': {'offset': '+6:00', 'description': 'Almaty, Dhaka, Colombo'}}, 'email': 'hudson.morris@example.com', 'login': {'uuid': '78c30757-5c7e-43a0-a0b6-bdf56f4628a0', 'username': 'sadgorilla719', 'password': '7894', 'salt': 'vXB6pNdz', 'md5': '795c050a7dc610d6eeb3461f39ca390e', 'sha1': '286b70f4303dd5a0bc010fbd6c52f20c0dc6cec4', 'sha256': '7c437d3e48d696ed1f9244a4ff40ba4cc81c20209b20ef43feca7fc0571a756e'}, 'dob': {'date': '1994-01-16T20:32:58.323Z', 'age': 30}, 'registered': {'date': '2021-09-16T14:00:40.568Z', 'age': 2}, 'phone': '(492)-415-6062', 'cell': '(192)-891-5574', 'id': {'name': '', 'value': None}, 'picture': {'large': 'https://randomuser.me/api/portraits/men/32.jpg', 'medium': 'https://randomuser.me/api/portraits/med/men/32.jpg', 'thumbnail': 'https://randomuser.me/api/portraits/thumb/men/32.jpg'}, 'nat': 'NZ'}</msg>
<arg>${json_data['results'][0]}</arg>
<doc>Logs the given message with the given level.</doc>
<status status="PASS" start="2024-05-17T12:26:13.782455" elapsed="0.000417"/>
</kw>
<kw name="Log" owner="BuiltIn">
<msg time="2024-05-17T12:26:13.783302" level="INFO">gender</msg>
<arg>${key}</arg>
<doc>Logs the given message with the given level.</doc>
<status status="PASS" start="2024-05-17T12:26:13.783173" elapsed="0.000168"/>
</kw>
<var name="${key}">gender</var>
<status status="PASS" start="2024-05-17T12:26:13.781589" elapsed="0.001967"/>
</iter>
<iter>
<kw name="Dictionary Should Contain Key" owner="Collections">
<msg time="2024-05-17T12:26:13.784242" level="INFO">False</msg>
<arg>${json_data['results'][0]}</arg>
<arg>${key}</arg>
<doc>Fails if ``key`` is not found from ``dictionary``.</doc>
<status status="PASS" start="2024-05-17T12:26:13.783859" elapsed="0.000421"/>
</kw>
<kw name="Log" owner="BuiltIn">
<msg time="2024-05-17T12:26:13.784967" level="INFO">{'gender': 'male', 'name': {'title': 'Mr', 'first': 'Hudson', 'last': 'Morris'}, 'location': {'street': {'number': 2071, 'name': 'Avalon Drive'}, 'city': 'Napier', 'state': 'Manawatu-Wanganui', 'country': 'New Zealand', 'postcode': 52739, 'coordinates': {'latitude': '48.8435', 'longitude': '-31.6016'}, 'timezone': {'offset': '+6:00', 'description': 'Almaty, Dhaka, Colombo'}}, 'email': 'hudson.morris@example.com', 'login': {'uuid': '78c30757-5c7e-43a0-a0b6-bdf56f4628a0', 'username': 'sadgorilla719', 'password': '7894', 'salt': 'vXB6pNdz', 'md5': '795c050a7dc610d6eeb3461f39ca390e', 'sha1': '286b70f4303dd5a0bc010fbd6c52f20c0dc6cec4', 'sha256': '7c437d3e48d696ed1f9244a4ff40ba4cc81c20209b20ef43feca7fc0571a756e'}, 'dob': {'date': '1994-01-16T20:32:58.323Z', 'age': 30}, 'registered': {'date': '2021-09-16T14:00:40.568Z', 'age': 2}, 'phone': '(492)-415-6062', 'cell': '(192)-891-5574', 'id': {'name': '', 'value': None}, 'picture': {'large': 'https://randomuser.me/api/portraits/men/32.jpg', 'medium': 'https://randomuser.me/api/portraits/med/men/32.jpg', 'thumbnail': 'https://randomuser.me/api/portraits/thumb/men/32.jpg'}, 'nat': 'NZ'}</msg>
<arg>${json_data['results'][0]}</arg>
<doc>Logs the given message with the given level.</doc>
<status status="PASS" start="2024-05-17T12:26:13.784608" elapsed="0.000410"/>
</kw>
<kw name="Log" owner="BuiltIn">
<msg time="2024-05-17T12:26:13.785463" level="INFO">name</msg>
<arg>${key}</arg>
<doc>Logs the given message with the given level.</doc>
<status status="PASS" start="2024-05-17T12:26:13.785333" elapsed="0.000168"/>
</kw>
<var name="${key}">name</var>
<status status="PASS" start="2024-05-17T12:26:13.783744" elapsed="0.001972"/>
</iter>
<iter>
<kw name="Dictionary Should Contain Key" owner="Collections">
<msg time="2024-05-17T12:26:13.786392" level="INFO">False</msg>
<arg>${json_data['results'][0]}</arg>
<arg>${key}</arg>
<doc>Fails if ``key`` is not found from ``dictionary``.</doc>
<status status="PASS" start="2024-05-17T12:26:13.786007" elapsed="0.000423"/>
</kw>
<kw name="Log" owner="BuiltIn">
<msg time="2024-05-17T12:26:13.787081" level="INFO">{'gender': 'male', 'name': {'title': 'Mr', 'first': 'Hudson', 'last': 'Morris'}, 'location': {'street': {'number': 2071, 'name': 'Avalon Drive'}, 'city': 'Napier', 'state': 'Manawatu-Wanganui', 'country': 'New Zealand', 'postcode': 52739, 'coordinates': {'latitude': '48.8435', 'longitude': '-31.6016'}, 'timezone': {'offset': '+6:00', 'description': 'Almaty, Dhaka, Colombo'}}, 'email': 'hudson.morris@example.com', 'login': {'uuid': '78c30757-5c7e-43a0-a0b6-bdf56f4628a0', 'username': 'sadgorilla719', 'password': '7894', 'salt': 'vXB6pNdz', 'md5': '795c050a7dc610d6eeb3461f39ca390e', 'sha1': '286b70f4303dd5a0bc010fbd6c52f20c0dc6cec4', 'sha256': '7c437d3e48d696ed1f9244a4ff40ba4cc81c20209b20ef43feca7fc0571a756e'}, 'dob': {'date': '1994-01-16T20:32:58.323Z', 'age': 30}, 'registered': {'date': '2021-09-16T14:00:40.568Z', 'age': 2}, 'phone': '(492)-415-6062', 'cell': '(192)-891-5574', 'id': {'name': '', 'value': None}, 'picture': {'large': 'https://randomuser.me/api/portraits/men/32.jpg', 'medium': 'https://randomuser.me/api/portraits/med/men/32.jpg', 'thumbnail': 'https://randomuser.me/api/portraits/thumb/men/32.jpg'}, 'nat': 'NZ'}</msg>
<arg>${json_data['results'][0]}</arg>
<doc>Logs the given message with the given level.</doc>
<status status="PASS" start="2024-05-17T12:26:13.786727" elapsed="0.000403"/>
</kw>
<kw name="Log" owner="BuiltIn">
<msg time="2024-05-17T12:26:13.787553" level="INFO">location</msg>
<arg>${key}</arg>
<doc>Logs the given message with the given level.</doc>
<status status="PASS" start="2024-05-17T12:26:13.787428" elapsed="0.000164"/>
</kw>
<var name="${key}">location</var>
<status status="PASS" start="2024-05-17T12:26:13.785896" elapsed="0.001909"/>
</iter>
<iter>
<kw name="Dictionary Should Contain Key" owner="Collections">
<msg time="2024-05-17T12:26:13.788474" level="INFO">False</msg>
<arg>${json_data['results'][0]}</arg>
<arg>${key}</arg>
<doc>Fails if ``key`` is not found from ``dictionary``.</doc>
<status status="PASS" start="2024-05-17T12:26:13.788093" elapsed="0.000419"/>
</kw>
<kw name="Log" owner="BuiltIn">
<msg time="2024-05-17T12:26:13.789197" level="INFO">{'gender': 'male', 'name': {'title': 'Mr', 'first': 'Hudson', 'last': 'Morris'}, 'location': {'street': {'number': 2071, 'name': 'Avalon Drive'}, 'city': 'Napier', 'state': 'Manawatu-Wanganui', 'country': 'New Zealand', 'postcode': 52739, 'coordinates': {'latitude': '48.8435', 'longitude': '-31.6016'}, 'timezone': {'offset': '+6:00', 'description': 'Almaty, Dhaka, Colombo'}}, 'email': 'hudson.morris@example.com', 'login': {'uuid': '78c30757-5c7e-43a0-a0b6-bdf56f4628a0', 'username': 'sadgorilla719', 'password': '7894', 'salt': 'vXB6pNdz', 'md5': '795c050a7dc610d6eeb3461f39ca390e', 'sha1': '286b70f4303dd5a0bc010fbd6c52f20c0dc6cec4', 'sha256': '7c437d3e48d696ed1f9244a4ff40ba4cc81c20209b20ef43feca7fc0571a756e'}, 'dob': {'date': '1994-01-16T20:32:58.323Z', 'age': 30}, 'registered': {'date': '2021-09-16T14:00:40.568Z', 'age': 2}, 'phone': '(492)-415-6062', 'cell': '(192)-891-5574', 'id': {'name': '', 'value': None}, 'picture': {'large': 'https://randomuser.me/api/portraits/men/32.jpg', 'medium': 'https://randomuser.me/api/portraits/med/men/32.jpg', 'thumbnail': 'https://randomuser.me/api/portraits/thumb/men/32.jpg'}, 'nat': 'NZ'}</msg>
<arg>${json_data['results'][0]}</arg>
<doc>Logs the given message with the given level.</doc>
<status status="PASS" start="2024-05-17T12:26:13.788811" elapsed="0.000438"/>
</kw>
<kw name="Log" owner="BuiltIn">
<msg time="2024-05-17T12:26:13.789685" level="INFO">email</msg>
<arg>${key}</arg>
<doc>Logs the given message with the given level.</doc>
<status status="PASS" start="2024-05-17T12:26:13.789555" elapsed="0.000167"/>
</kw>
<var name="${key}">email</var>
<status status="PASS" start="2024-05-17T12:26:13.787982" elapsed="0.001961"/>
</iter>
<iter>
<kw name="Dictionary Should Contain Key" owner="Collections">
<msg time="2024-05-17T12:26:13.790625" level="INFO">False</msg>
<arg>${json_data['results'][0]}</arg>
<arg>${key}</arg>
<doc>Fails if ``key`` is not found from ``dictionary``.</doc>
<status status="PASS" start="2024-05-17T12:26:13.790230" elapsed="0.000433"/>
</kw>
<kw name="Log" owner="BuiltIn">
<msg time="2024-05-17T12:26:13.791326" level="INFO">{'gender': 'male', 'name': {'title': 'Mr', 'first': 'Hudson', 'last': 'Morris'}, 'location': {'street': {'number': 2071, 'name': 'Avalon Drive'}, 'city': 'Napier', 'state': 'Manawatu-Wanganui', 'country': 'New Zealand', 'postcode': 52739, 'coordinates': {'latitude': '48.8435', 'longitude': '-31.6016'}, 'timezone': {'offset': '+6:00', 'description': 'Almaty, Dhaka, Colombo'}}, 'email': 'hudson.morris@example.com', 'login': {'uuid': '78c30757-5c7e-43a0-a0b6-bdf56f4628a0', 'username': 'sadgorilla719', 'password': '7894', 'salt': 'vXB6pNdz', 'md5': '795c050a7dc610d6eeb3461f39ca390e', 'sha1': '286b70f4303dd5a0bc010fbd6c52f20c0dc6cec4', 'sha256': '7c437d3e48d696ed1f9244a4ff40ba4cc81c20209b20ef43feca7fc0571a756e'}, 'dob': {'date': '1994-01-16T20:32:58.323Z', 'age': 30}, 'registered': {'date': '2021-09-16T14:00:40.568Z', 'age': 2}, 'phone': '(492)-415-6062', 'cell': '(192)-891-5574', 'id': {'name': '', 'value': None}, 'picture': {'large': 'https://randomuser.me/api/portraits/men/32.jpg', 'medium': 'https://randomuser.me/api/portraits/med/men/32.jpg', 'thumbnail': 'https://randomuser.me/api/portraits/thumb/men/32.jpg'}, 'nat': 'NZ'}</msg>
<arg>${json_data['results'][0]}</arg>
<doc>Logs the given message with the given level.</doc>
<status status="PASS" start="2024-05-17T12:26:13.790962" elapsed="0.000413"/>
</kw>
<kw name="Log" owner="BuiltIn">
<msg time="2024-05-17T12:26:13.791800" level="INFO">login</msg>
<arg>${key}</arg>
<doc>Logs the given message with the given level.</doc>
<status status="PASS" start="2024-05-17T12:26:13.791672" elapsed="0.000166"/>
</kw>
<var name="${key}">login</var>
<status status="PASS" start="2024-05-17T12:26:13.790118" elapsed="0.001936"/>
</iter>
<var>${key}</var>
<value>@{expected_keys}</value>
<status status="PASS" start="2024-05-17T12:26:13.781388" elapsed="0.010814"/>
</for>
<kw name="Create List" owner="BuiltIn">
<msg time="2024-05-17T12:26:13.792542" level="INFO">${expected_keysTwo} = ['username', 'password']</msg>
<var>${expected_keysTwo}</var>
<arg>username</arg>
<arg>password</arg>
<doc>Returns a list containing given items.</doc>
<status status="PASS" start="2024-05-17T12:26:13.792404" elapsed="0.000162"/>
</kw>
<for flavor="IN">
<iter>
<kw name="Dictionary Should Contain Key" owner="Collections">
<msg time="2024-05-17T12:26:13.793486" level="INFO">False</msg>
<arg>${json_data['results'][0]['login']}</arg>
<arg>${keyTwo}</arg>
<doc>Fails if ``key`` is not found from ``dictionary``.</doc>
<status status="PASS" start="2024-05-17T12:26:13.793077" elapsed="0.000446"/>
</kw>
<kw name="Dictionary Should Contain Key" owner="Collections">
<msg time="2024-05-17T12:26:13.794206" level="INFO">False</msg>
<arg>${json_data['results'][0]['login']}</arg>
<arg>${keyTwo}</arg>
<doc>Fails if ``key`` is not found from ``dictionary``.</doc>
<status status="PASS" start="2024-05-17T12:26:13.793820" elapsed="0.000424"/>
</kw>
<kw name="Log" owner="BuiltIn">
<msg time="2024-05-17T12:26:13.794664" level="INFO">username</msg>
<arg>${keyTwo}</arg>
<doc>Logs the given message with the given level.</doc>
<status status="PASS" start="2024-05-17T12:26:13.794536" elapsed="0.000172"/>
</kw>
<var name="${keyTwo}">username</var>
<status status="PASS" start="2024-05-17T12:26:13.792957" elapsed="0.001967"/>
</iter>
<iter>
<kw name="Dictionary Should Contain Key" owner="Collections">
<msg time="2024-05-17T12:26:13.795590" level="INFO">False</msg>
<arg>${json_data['results'][0]['login']}</arg>
<arg>${keyTwo}</arg>
<doc>Fails if ``key`` is not found from ``dictionary``.</doc>
<status status="PASS" start="2024-05-17T12:26:13.795211" elapsed="0.000416"/>
</kw>
<kw name="Dictionary Should Contain Key" owner="Collections">
<msg time="2024-05-17T12:26:13.796380" level="INFO">False</msg>
<arg>${json_data['results'][0]['login']}</arg>
<arg>${keyTwo}</arg>
<doc>Fails if ``key`` is not found from ``dictionary``.</doc>
<status status="PASS" start="2024-05-17T12:26:13.795918" elapsed="0.000500"/>
</kw>
<kw name="Log" owner="BuiltIn">
<msg time="2024-05-17T12:26:13.796846" level="INFO">password</msg>
<arg>${keyTwo}</arg>
<doc>Logs the given message with the given level.</doc>
<status status="PASS" start="2024-05-17T12:26:13.796718" elapsed="0.000166"/>
</kw>
<var name="${keyTwo}">password</var>
<status status="PASS" start="2024-05-17T12:26:13.795098" elapsed="0.002003"/>
</iter>
<var>${keyTwo}</var>
<value>@{expected_keysTwo}</value>
<status status="PASS" start="2024-05-17T12:26:13.792805" elapsed="0.004440"/>
</for>
<status status="PASS" start="2024-05-17T12:26:13.680613" elapsed="0.116785"/>
</kw>
<doc>Testa a estrutura da resposta da API.</doc>
<tag>testeEstruturaResposta</tag>
<status status="PASS" start="2024-05-17T12:26:13.680080" elapsed="0.117479"/>
</test>
<test id="s1-s1-t4" name="Validar tipos de dados" line="28">
<kw name="Teste de Tipos de Dados" owner="random-user-service">
<kw name="GET On Session" owner="RequestsLibrary">
<msg time="2024-05-17T12:26:13.879276" level="INFO">GET Request : url=https://randomuser.me/api 
 path_url=/api 
 headers={'User-Agent': 'python-requests/2.31.0', 'Accept-Encoding': 'gzip, deflate', 'Accept': '*/*', 'Connection': 'keep-alive'} 
 body=None 
 </msg>
<msg time="2024-05-17T12:26:13.879380" level="INFO">GET Response : url=https://randomuser.me/api 
 status=200, reason=OK 
 headers={'Date': 'Fri, 17 May 2024 12:26:13 GMT', 'Content-Type': 'application/json; charset=utf-8', 'Transfer-Encoding': 'chunked', 'Connection': 'keep-alive', 'X-Powered-By': 'Express', 'Access-Control-Allow-Origin': '*', 'Cache-Control': 'no-cache', 'ETag': 'W/"483-N9ZKqVjFF8ytx4ytV2XPfgLQnAI"', 'Vary': 'Accept-Encoding', 'Content-Encoding': 'gzip', 'CF-Cache-Status': 'DYNAMIC', 'Report-To': '{"endpoints":[{"url":"https:\\/\\/a.nel.cloudflare.com\\/report\\/v4?s=ggfbD2vXPURmpyQ6dc7DPenoO3y7rT1fYzM5YRce%2BFVkx8xQN%2BbrOf57D%2FrBN41ASXe8vniR3jFfsirRbcYN4%2FLDvN7YDIAVtcDMyo1TBO6PckhWJrDsysW5K53ecbD0"}],"group":"cf-nel","max_age":604800}', 'NEL': '{"success_fraction":0,"report_to":"cf-nel","max_age":604800}', 'Server': 'cloudflare', 'CF-RAY': '8853983c4ed45a5d-IAD', 'alt-svc': 'h3=":443"; ma=86400'} 
 body={"results":[{"gender":"male","name":{"title":"Mr","first":"Friedhold","last":"Berner"},"location":{"street":{"number":5919,"name":"Mozartstraße"},"city":"Vetschau/Spreewald","state":"Hamburg","country":"Germany","postcode":44831,"coordinates":{"latitude":"-48.6049","longitude":"-33.9857"},"timezone":{"offset":"-10:00","description":"Hawaii"}},"email":"friedhold.berner@example.com","login":{"uuid":"4019ae56-930b-4b5d-bda3-18af606dea5f","username":"redduck193","password":"softball","salt":"LmcTRu1B","md5":"7db38ec333926dcf03242b0961be42f1","sha1":"01738b16f0379f1013b513b97085071a453a9191","sha256":"de83b2ebc8c713a8ec2e20394d97ed9e38f14dea5532b0f7fff6c2acfdad04b8"},"dob":{"date":"1975-08-21T09:35:54.745Z","age":48},"registered":{"date":"2015-09-24T17:04:59.069Z","age":8},"phone":"0404-8963966","cell":"0179-3529364","id":{"name":"SVNR","value":"28 210875 B 219"},"picture":{"large":"https://randomuser.me/api/portraits/men/95.jpg","medium":"https://randomuser.me/api/portraits/med/men/95.jpg","thumbnail":"https://randomuser.me/api/portraits/thumb/men/95.jpg"},"nat":"DE"}],"info":{"seed":"fb668af3a80b47f8","results":1,"page":1,"version":"1.4"}} 
 </msg>
<msg time="2024-05-17T12:26:13.879464" level="INFO">/opt/hostedtoolcache/Python/3.12.3/x64/lib/python3.12/site-packages/urllib3/connectionpool.py:1103: InsecureRequestWarning: Unverified HTTPS request is being made to host 'randomuser.me'. Adding certificate verification is strongly advised. See: https://urllib3.readthedocs.io/en/latest/advanced-usage.html#tls-warnings
  warnings.warn(</msg>
<msg time="2024-05-17T12:26:13.879594" level="INFO">${response} = &lt;Response [200]&gt;</msg>
<var>${response}</var>
<arg>consultarAPI</arg>
<arg>/api</arg>
<doc>Sends a GET request on a previously created HTTP Session.</doc>
<status status="PASS" start="2024-05-17T12:26:13.800108" elapsed="0.079528"/>
</kw>
<kw name="Set Variable" owner="BuiltIn">
<msg time="2024-05-17T12:26:13.880978" level="INFO">${json_data} = {'results': [{'gender': 'male', 'name': {'title': 'Mr', 'first': 'Friedhold', 'last': 'Berner'}, 'location': {'street': {'number': 5919, 'name': 'Mozartstraße'}, 'city': 'Vetschau/Spreewald', 'state':...</msg>
<var>${json_data}</var>
<arg>${response.json()}</arg>
<doc>Returns the given values which can then be assigned to a variables.</doc>
<status status="PASS" start="2024-05-17T12:26:13.880378" elapsed="0.000632"/>
</kw>
<kw name="Log" owner="BuiltIn">
<msg time="2024-05-17T12:26:13.881532" level="INFO">{'results': [{'gender': 'male', 'name': {'title': 'Mr', 'first': 'Friedhold', 'last': 'Berner'}, 'location': {'street': {'number': 5919, 'name': 'Mozartstraße'}, 'city': 'Vetschau/Spreewald', 'state': 'Hamburg', 'country': 'Germany', 'postcode': 44831, 'coordinates': {'latitude': '-48.6049', 'longitude': '-33.9857'}, 'timezone': {'offset': '-10:00', 'description': 'Hawaii'}}, 'email': 'friedhold.berner@example.com', 'login': {'uuid': '4019ae56-930b-4b5d-bda3-18af606dea5f', 'username': 'redduck193', 'password': 'softball', 'salt': 'LmcTRu1B', 'md5': '7db38ec333926dcf03242b0961be42f1', 'sha1': '01738b16f0379f1013b513b97085071a453a9191', 'sha256': 'de83b2ebc8c713a8ec2e20394d97ed9e38f14dea5532b0f7fff6c2acfdad04b8'}, 'dob': {'date': '1975-08-21T09:35:54.745Z', 'age': 48}, 'registered': {'date': '2015-09-24T17:04:59.069Z', 'age': 8}, 'phone': '0404-8963966', 'cell': '0179-3529364', 'id': {'name': 'SVNR', 'value': '28 210875 B 219'}, 'picture': {'large': 'https://randomuser.me/api/portraits/men/95.jpg', 'medium': 'https://randomuser.me/api/portraits/med/men/95.jpg', 'thumbnail': 'https://randomuser.me/api/portraits/thumb/men/95.jpg'}, 'nat': 'DE'}], 'info': {'seed': 'fb668af3a80b47f8', 'results': 1, 'page': 1, 'version': '1.4'}}</msg>
<arg>${json_data}</arg>
<doc>Logs the given message with the given level.</doc>
<status status="PASS" start="2024-05-17T12:26:13.881365" elapsed="0.000255"/>
</kw>
<kw name="Should Be String" owner="String">
<arg>${json_data['results'][0]['gender']}</arg>
<doc>Fails if the given ``item`` is not a string.</doc>
<status status="PASS" start="2024-05-17T12:26:13.881928" elapsed="0.000367"/>
</kw>
<kw name="Should Match Regexp" owner="BuiltIn">
<arg>${json_data['results'][0]['email']}</arg>
<arg>^[a-zA-Z0-9._%+-]+@[a-zA-Z0-9.-]+\.[a-zA-Z]{2,}$</arg>
<doc>Fails if ``string`` does not match ``pattern`` as a regular expression.</doc>
<status status="PASS" start="2024-05-17T12:26:13.882491" elapsed="0.000517"/>
</kw>
<kw name="Should Match Regexp" owner="BuiltIn">
<arg>${json_data['results'][0]['dob']['date']}</arg>
<arg>\\d{4}-\\d{2}-\\d{2}T\\d{2}:\\d{2}:\\d{2}\\.\\d{3}Z</arg>
<doc>Fails if ``string`` does not match ``pattern`` as a regular expression.</doc>
<status status="PASS" start="2024-05-17T12:26:13.883207" elapsed="0.000493"/>
</kw>
<kw name="Should Match Regexp" owner="BuiltIn">
<arg>${json_data['results'][0]['registered']['date']}</arg>
<arg>\\d{4}-\\d{2}-\\d{2}T\\d{2}:\\d{2}:\\d{2}\\.\\d{3}Z</arg>
<doc>Fails if ``string`` does not match ``pattern`` as a regular expression.</doc>
<status status="PASS" start="2024-05-17T12:26:13.883893" elapsed="0.000375"/>
</kw>
<kw name="Should Match Regexp" owner="BuiltIn">
<arg>${json_data['results'][0]['picture']['large']}</arg>
<arg>^https?://.*\.(?:png|jpe?g|gif|bmp)$</arg>
<doc>Fails if ``string`` does not match ``pattern`` as a regular expression.</doc>
<status status="PASS" start="2024-05-17T12:26:13.884456" elapsed="0.000468"/>
</kw>
<kw name="Should Match Regexp" owner="BuiltIn">
<arg>${json_data['results'][0]['picture']['medium']}</arg>
<arg>^https?://.*\.(?:png|jpe?g|gif|bmp)$</arg>
<doc>Fails if ``string`` does not match ``pattern`` as a regular expression.</doc>
<status status="PASS" start="2024-05-17T12:26:13.885115" elapsed="0.000385"/>
</kw>
<kw name="Should Match Regexp" owner="BuiltIn">
<arg>${json_data['results'][0]['picture']['thumbnail']}</arg>
<arg>^https?://.*\.(?:png|jpe?g|gif|bmp)$</arg>
<doc>Fails if ``string`` does not match ``pattern`` as a regular expression.</doc>
<status status="PASS" start="2024-05-17T12:26:13.885694" elapsed="0.000352"/>
</kw>
<kw name="Log" owner="BuiltIn">
<msg time="2024-05-17T12:26:13.886558" level="INFO">{'large': 'https://randomuser.me/api/portraits/men/95.jpg', 'medium': 'https://randomuser.me/api/portraits/med/men/95.jpg', 'thumbnail': 'https://randomuser.me/api/portraits/thumb/men/95.jpg'}</msg>
<arg>${json_data['results'][0]['picture']}</arg>
<doc>Logs the given message with the given level.</doc>
<status status="PASS" start="2024-05-17T12:26:13.886230" elapsed="0.000372"/>
</kw>
<status status="PASS" start="2024-05-17T12:26:13.799882" elapsed="0.086979"/>
</kw>
<kw name="Teste de Tipos de Dados - Postcode" owner="random-user-service">
<kw name="GET On Session" owner="RequestsLibrary">
<msg time="2024-05-17T12:26:13.975613" level="INFO">GET Request : url=https://randomuser.me/api 
 path_url=/api 
 headers={'User-Agent': 'python-requests/2.31.0', 'Accept-Encoding': 'gzip, deflate', 'Accept': '*/*', 'Connection': 'keep-alive'} 
 body=None 
 </msg>
<msg time="2024-05-17T12:26:13.975714" level="INFO">GET Response : url=https://randomuser.me/api 
 status=200, reason=OK 
 headers={'Date': 'Fri, 17 May 2024 12:26:13 GMT', 'Content-Type': 'application/json; charset=utf-8', 'Transfer-Encoding': 'chunked', 'Connection': 'keep-alive', 'X-Powered-By': 'Express', 'Access-Control-Allow-Origin': '*', 'Cache-Control': 'no-cache', 'ETag': 'W/"46b-tKIYDDiTE9BMZ87P3QMqHTd38gI"', 'Vary': 'Accept-Encoding', 'Content-Encoding': 'gzip', 'CF-Cache-Status': 'DYNAMIC', 'Report-To': '{"endpoints":[{"url":"https:\\/\\/a.nel.cloudflare.com\\/report\\/v4?s=aMTmEbMA5X4QgBoAEssDSuY39PC67FyeYxhP0bTeMJB4KE91GdiR9dN6C6m9%2Fb2mKpsxgltHYO0gux7R9QLkvQm7AZa4%2FMyPDue7VMgZDgv7PPbrxs2rW81b0qQWxa1r"}],"group":"cf-nel","max_age":604800}', 'NEL': '{"success_fraction":0,"report_to":"cf-nel","max_age":604800}', 'Server': 'cloudflare', 'CF-RAY': '8853983cdf455a5d-IAD', 'alt-svc': 'h3=":443"; ma=86400'} 
 body={"results":[{"gender":"male","name":{"title":"Mr","first":"Mason","last":"Davies"},"location":{"street":{"number":8921,"name":"Main South Road"},"city":"Rotorua","state":"Auckland","country":"New Zealand","postcode":69597,"coordinates":{"latitude":"49.8043","longitude":"-8.2745"},"timezone":{"offset":"-9:00","description":"Alaska"}},"email":"mason.davies@example.com","login":{"uuid":"b22e7b0a-4415-477a-99a6-7bef2d3f55dc","username":"purplegorilla505","password":"marsha","salt":"rsfxDEOg","md5":"7d6b34499dda87326bc2408404cdc1f2","sha1":"1d4715a3a27e34cb7c0b06d27b5e5a7c15d685e5","sha256":"1e04735110dd9e23106f26635d01cd2cc20ccb1d2a59bc8a340a3cdaf0f45406"},"dob":{"date":"1986-03-10T16:45:00.516Z","age":38},"registered":{"date":"2021-02-09T01:23:12.891Z","age":3},"phone":"(182)-933-8758","cell":"(287)-160-4583","id":{"name":"","value":null},"picture":{"large":"https://randomuser.me/api/portraits/men/96.jpg","medium":"https://randomuser.me/api/portraits/med/men/96.jpg","thumbnail":"https://randomuser.me/api/portraits/thumb/men/96.jpg"},"nat":"NZ"}],"info":{"seed":"62e37e2e82d3b2a7","results":1,"page":1,"version":"1.4"}} 
 </msg>
<msg time="2024-05-17T12:26:13.975790" level="INFO">/opt/hostedtoolcache/Python/3.12.3/x64/lib/python3.12/site-packages/urllib3/connectionpool.py:1103: InsecureRequestWarning: Unverified HTTPS request is being made to host 'randomuser.me'. Adding certificate verification is strongly advised. See: https://urllib3.readthedocs.io/en/latest/advanced-usage.html#tls-warnings
  warnings.warn(</msg>
<msg time="2024-05-17T12:26:13.975927" level="INFO">${response} = &lt;Response [200]&gt;</msg>
<var>${response}</var>
<arg>consultarAPI</arg>
<arg>/api</arg>
<doc>Sends a GET request on a previously created HTTP Session.</doc>
<status status="PASS" start="2024-05-17T12:26:13.887356" elapsed="0.088614"/>
</kw>
<kw name="Set Variable" owner="BuiltIn">
<msg time="2024-05-17T12:26:13.977321" level="INFO">${json_data} = {'results': [{'gender': 'male', 'name': {'title': 'Mr', 'first': 'Mason', 'last': 'Davies'}, 'location': {'street': {'number': 8921, 'name': 'Main South Road'}, 'city': 'Rotorua', 'state': 'Auckland',...</msg>
<var>${json_data}</var>
<arg>${response.json()}</arg>
<doc>Returns the given values which can then be assigned to a variables.</doc>
<status status="PASS" start="2024-05-17T12:26:13.976644" elapsed="0.000707"/>
</kw>
<kw name="Log" owner="BuiltIn">
<msg time="2024-05-17T12:26:13.977833" level="INFO">{'results': [{'gender': 'male', 'name': {'title': 'Mr', 'first': 'Mason', 'last': 'Davies'}, 'location': {'street': {'number': 8921, 'name': 'Main South Road'}, 'city': 'Rotorua', 'state': 'Auckland', 'country': 'New Zealand', 'postcode': 69597, 'coordinates': {'latitude': '49.8043', 'longitude': '-8.2745'}, 'timezone': {'offset': '-9:00', 'description': 'Alaska'}}, 'email': 'mason.davies@example.com', 'login': {'uuid': 'b22e7b0a-4415-477a-99a6-7bef2d3f55dc', 'username': 'purplegorilla505', 'password': 'marsha', 'salt': 'rsfxDEOg', 'md5': '7d6b34499dda87326bc2408404cdc1f2', 'sha1': '1d4715a3a27e34cb7c0b06d27b5e5a7c15d685e5', 'sha256': '1e04735110dd9e23106f26635d01cd2cc20ccb1d2a59bc8a340a3cdaf0f45406'}, 'dob': {'date': '1986-03-10T16:45:00.516Z', 'age': 38}, 'registered': {'date': '2021-02-09T01:23:12.891Z', 'age': 3}, 'phone': '(182)-933-8758', 'cell': '(287)-160-4583', 'id': {'name': '', 'value': None}, 'picture': {'large': 'https://randomuser.me/api/portraits/men/96.jpg', 'medium': 'https://randomuser.me/api/portraits/med/men/96.jpg', 'thumbnail': 'https://randomuser.me/api/portraits/thumb/men/96.jpg'}, 'nat': 'NZ'}], 'info': {'seed': '62e37e2e82d3b2a7', 'results': 1, 'page': 1, 'version': '1.4'}}</msg>
<arg>${json_data}</arg>
<doc>Logs the given message with the given level.</doc>
<status status="PASS" start="2024-05-17T12:26:13.977671" elapsed="0.000243"/>
</kw>
<kw name="Should Be Equal As Numbers" owner="BuiltIn">
<arg>${json_data['results'][0]['location']['postcode']}</arg>
<arg>${json_data['results'][0]['location']['postcode']}</arg>
<doc>Fails if objects are unequal after converting them to real numbers.</doc>
<status status="PASS" start="2024-05-17T12:26:13.978219" elapsed="0.000829"/>
</kw>
<kw name="Log" owner="BuiltIn">
<msg time="2024-05-17T12:26:13.979590" level="INFO">69597</msg>
<arg>${json_data['results'][0]['location']['postcode']}</arg>
<doc>Logs the given message with the given level.</doc>
<status status="PASS" start="2024-05-17T12:26:13.979247" elapsed="0.000385"/>
</kw>
<status status="PASS" start="2024-05-17T12:26:13.887099" elapsed="0.092794"/>
</kw>
<doc>Testa se os tipos de dados na resposta da API estão corretos.</doc>
<tag>testeTiposDados</tag>
<status status="PASS" start="2024-05-17T12:26:13.799329" elapsed="0.180739"/>
</test>
<test id="s1-s1-t5" name="Validar conteudo" line="35">
<kw name="Teste de Tipos de Conteudo" owner="random-user-service">
<kw name="GET On Session" owner="RequestsLibrary">
<msg time="2024-05-17T12:26:14.079118" level="INFO">GET Request : url=https://randomuser.me/api 
 path_url=/api 
 headers={'User-Agent': 'python-requests/2.31.0', 'Accept-Encoding': 'gzip, deflate', 'Accept': '*/*', 'Connection': 'keep-alive'} 
 body=None 
 </msg>
<msg time="2024-05-17T12:26:14.079238" level="INFO">GET Response : url=https://randomuser.me/api 
 status=200, reason=OK 
 headers={'Date': 'Fri, 17 May 2024 12:26:14 GMT', 'Content-Type': 'application/json; charset=utf-8', 'Transfer-Encoding': 'chunked', 'Connection': 'keep-alive', 'X-Powered-By': 'Express', 'Access-Control-Allow-Origin': '*', 'Cache-Control': 'no-cache', 'ETag': 'W/"484-B8NNlsLICKEsncAGexv26kiieV4"', 'Vary': 'Accept-Encoding', 'Content-Encoding': 'gzip', 'CF-Cache-Status': 'DYNAMIC', 'Report-To': '{"endpoints":[{"url":"https:\\/\\/a.nel.cloudflare.com\\/report\\/v4?s=8UYeMjgL4Q1%2B%2FxJf6yjI%2FhfIb944zg8WxOaYELpymWnfTj85YxrcG8DN6Q0OrmtQepYg8xBzOpQ9GwQR5QAPK1G%2FwhiJuyu5WMPg2YJ8DNTkSFu8JECoqntt2PgMxnl1"}],"group":"cf-nel","max_age":604800}', 'NEL': '{"success_fraction":0,"report_to":"cf-nel","max_age":604800}', 'Server': 'cloudflare', 'CF-RAY': '8853983d6fce5a5d-IAD', 'alt-svc': 'h3=":443"; ma=86400'} 
 body={"results":[{"gender":"female","name":{"title":"Miss","first":"Slavica","last":"Dinčić"},"location":{"street":{"number":4604,"name":"Belog Orla"},"city":"Raška","state":"Toplica","country":"Serbia","postcode":52231,"coordinates":{"latitude":"62.7158","longitude":"82.6193"},"timezone":{"offset":"-8:00","description":"Pacific Time (US &amp; Canada)"}},"email":"slavica.dincic@example.com","login":{"uuid":"c14270ae-74c9-46b5-81c7-5ee9399325da","username":"heavyfrog929","password":"ryan","salt":"qWLzSvIe","md5":"e9a6713f369eeae354fcb3f51777d9b1","sha1":"bee2a5d33cbc3412ecb490e372072b5e6af10f20","sha256":"6758f9902434d51d464f57358aadc51dc489df66d462bf8fc5c978b3530fb2f3"},"dob":{"date":"1997-05-09T09:26:29.694Z","age":27},"registered":{"date":"2013-11-26T12:14:02.443Z","age":10},"phone":"026-2138-673","cell":"065-4108-874","id":{"name":"SID","value":"110127041"},"picture":{"large":"https://randomuser.me/api/portraits/women/20.jpg","medium":"https://randomuser.me/api/portraits/med/women/20.jpg","thumbnail":"https://randomuser.me/api/portraits/thumb/women/20.jpg"},"nat":"RS"}],"info":{"seed":"d4f812d31a16cb60","results":1,"page":1,"version":"1.4"}} 
 </msg>
<msg time="2024-05-17T12:26:14.079339" level="INFO">/opt/hostedtoolcache/Python/3.12.3/x64/lib/python3.12/site-packages/urllib3/connectionpool.py:1103: InsecureRequestWarning: Unverified HTTPS request is being made to host 'randomuser.me'. Adding certificate verification is strongly advised. See: https://urllib3.readthedocs.io/en/latest/advanced-usage.html#tls-warnings
  warnings.warn(</msg>
<msg time="2024-05-17T12:26:14.079489" level="INFO">${response} = &lt;Response [200]&gt;</msg>
<var>${response}</var>
<arg>consultarAPI</arg>
<arg>/api</arg>
<doc>Sends a GET request on a previously created HTTP Session.</doc>
<status status="PASS" start="2024-05-17T12:26:13.982702" elapsed="0.096835"/>
</kw>
<kw name="Set Variable" owner="BuiltIn">
<msg time="2024-05-17T12:26:14.080957" level="INFO">${json_data} = {'results': [{'gender': 'female', 'name': {'title': 'Miss', 'first': 'Slavica', 'last': 'Dinčić'}, 'location': {'street': {'number': 4604, 'name': 'Belog Orla'}, 'city': 'Raška', 'state': 'Toplica', '...</msg>
<var>${json_data}</var>
<arg>${response.json()}</arg>
<doc>Returns the given values which can then be assigned to a variables.</doc>
<status status="PASS" start="2024-05-17T12:26:14.080278" elapsed="0.000711"/>
</kw>
<kw name="Set Variable" owner="BuiltIn">
<msg time="2024-05-17T12:26:14.081755" level="INFO">${name_title} = Miss</msg>
<var>${name_title}</var>
<arg>${json_data["results"][0]["name"]["title"]}</arg>
<doc>Returns the given values which can then be assigned to a variables.</doc>
<status status="PASS" start="2024-05-17T12:26:14.081365" elapsed="0.000415"/>
</kw>
<kw name="Create List" owner="BuiltIn">
<msg time="2024-05-17T12:26:14.082235" level="INFO">${allowed_titles} = ['Mr', 'Ms', 'Miss', 'Mrs', 'Madame', 'Monsieur']</msg>
<var>${allowed_titles}</var>
<arg>Mr</arg>
<arg>Ms</arg>
<arg>Miss</arg>
<arg>Mrs</arg>
<arg>Madame</arg>
<arg>Monsieur</arg>
<doc>Returns a list containing given items.</doc>
<status status="PASS" start="2024-05-17T12:26:14.082085" elapsed="0.000175"/>
</kw>
<kw name="List Should Contain Value" owner="Collections">
<msg time="2024-05-17T12:26:14.082734" level="INFO">False</msg>
<arg>${allowed_titles}</arg>
<arg>${name_title}</arg>
<doc>Fails if the ``value`` is not found from ``list``.</doc>
<status status="PASS" start="2024-05-17T12:26:14.082559" elapsed="0.000212"/>
</kw>
<kw name="Set Variable" owner="BuiltIn">
<msg time="2024-05-17T12:26:14.083446" level="INFO">${name_country} = RS</msg>
<var>${name_country}</var>
<arg>${json_data["results"][0]["nat"]}</arg>
<doc>Returns the given values which can then be assigned to a variables.</doc>
<status status="PASS" start="2024-05-17T12:26:14.083066" elapsed="0.000406"/>
</kw>
<kw name="Create List" owner="BuiltIn">
<msg time="2024-05-17T12:26:14.084368" level="INFO">${list_country} = ['AD', 'AE', 'AF', 'AG', 'AI', 'AL', 'AM', 'AO', 'AQ', 'AR', 'AS', 'AT', 'AU', 'AW', 'AX', 'AZ', 'BA', 'BB', 'BD', 'BE', 'BF', 'BG', 'BH', 'BI', 'BJ', 'BL', 'BM', 'BN', 'BO', 'BQ', 'BR', 'BS', 'BT', '...</msg>
<var>${list_country}</var>
<arg>AD</arg>
<arg>AE</arg>
<arg>AF</arg>
<arg>AG</arg>
<arg>AI</arg>
<arg>AL</arg>
<arg>AM</arg>
<arg>AO</arg>
<arg>AQ</arg>
<arg>AR</arg>
<arg>AS</arg>
<arg>AT</arg>
<arg>AU</arg>
<arg>AW</arg>
<arg>AX</arg>
<arg>AZ</arg>
<arg>BA</arg>
<arg>BB</arg>
<arg>BD</arg>
<arg>BE</arg>
<arg>BF</arg>
<arg>BG</arg>
<arg>BH</arg>
<arg>BI</arg>
<arg>BJ</arg>
<arg>BL</arg>
<arg>BM</arg>
<arg>BN</arg>
<arg>BO</arg>
<arg>BQ</arg>
<arg>BR</arg>
<arg>BS</arg>
<arg>BT</arg>
<arg>BV</arg>
<arg>BW</arg>
<arg>BY</arg>
<arg>BZ</arg>
<arg>CA</arg>
<arg>CC</arg>
<arg>CD</arg>
<arg>CF</arg>
<arg>CG</arg>
<arg>CH</arg>
<arg>CI</arg>
<arg>CK</arg>
<arg>CL</arg>
<arg>CM</arg>
<arg>CN</arg>
<arg>CO</arg>
<arg>CR</arg>
<arg>CU</arg>
<arg>CV</arg>
<arg>CW</arg>
<arg>CX</arg>
<arg>CY</arg>
<arg>CZ</arg>
<arg>DE</arg>
<arg>DJ</arg>
<arg>DK</arg>
<arg>DM</arg>
<arg>DO</arg>
<arg>DZ</arg>
<arg>EC</arg>
<arg>EE</arg>
<arg>EG</arg>
<arg>EH</arg>
<arg>ER</arg>
<arg>ES</arg>
<arg>ET</arg>
<arg>FI</arg>
<arg>FJ</arg>
<arg>FK</arg>
<arg>FM</arg>
<arg>FO</arg>
<arg>FR</arg>
<arg>GA</arg>
<arg>GB</arg>
<arg>GD</arg>
<arg>GE</arg>
<arg>GF</arg>
<arg>GG</arg>
<arg>GH</arg>
<arg>GI</arg>
<arg>GL</arg>
<arg>GM</arg>
<arg>GN</arg>
<arg>GP</arg>
<arg>GQ</arg>
<arg>GR</arg>
<arg>GS</arg>
<arg>GT</arg>
<arg>GU</arg>
<arg>GW</arg>
<arg>GY</arg>
<arg>HK</arg>
<arg>HM</arg>
<arg>HN</arg>
<arg>HR</arg>
<arg>HT</arg>
<arg>HU</arg>
<arg>ID</arg>
<arg>IE</arg>
<arg>IL</arg>
<arg>IM</arg>
<arg>IN</arg>
<arg>IO</arg>
<arg>IQ</arg>
<arg>IR</arg>
<arg>IS</arg>
<arg>IT</arg>
<arg>JE</arg>
<arg>JM</arg>
<arg>JO</arg>
<arg>JP</arg>
<arg>KE</arg>
<arg>KG</arg>
<arg>KH</arg>
<arg>KI</arg>
<arg>KM</arg>
<arg>KN</arg>
<arg>KP</arg>
<arg>KR</arg>
<arg>KW</arg>
<arg>KY</arg>
<arg>KZ</arg>
<arg>LA</arg>
<arg>LB</arg>
<arg>LC</arg>
<arg>LI</arg>
<arg>LK</arg>
<arg>LR</arg>
<arg>LS</arg>
<arg>LT</arg>
<arg>LU</arg>
<arg>LV</arg>
<arg>LY</arg>
<arg>MA</arg>
<arg>MC</arg>
<arg>MD</arg>
<arg>ME</arg>
<arg>MF</arg>
<arg>MG</arg>
<arg>MH</arg>
<arg>MK</arg>
<arg>ML</arg>
<arg>MM</arg>
<arg>MN</arg>
<arg>MO</arg>
<arg>MP</arg>
<arg>MQ</arg>
<arg>MR</arg>
<arg>MS</arg>
<arg>MT</arg>
<arg>MU</arg>
<arg>MV</arg>
<arg>MW</arg>
<arg>MX</arg>
<arg>MY</arg>
<arg>MZ</arg>
<arg>NA</arg>
<arg>NC</arg>
<arg>NE</arg>
<arg>NF</arg>
<arg>NG</arg>
<arg>NI</arg>
<arg>NL</arg>
<arg>NO</arg>
<arg>NP</arg>
<arg>NR</arg>
<arg>NU</arg>
<arg>NZ</arg>
<arg>OM</arg>
<arg>PA</arg>
<arg>PE</arg>
<arg>PF</arg>
<arg>PG</arg>
<arg>PH</arg>
<arg>PK</arg>
<arg>PL</arg>
<arg>PM</arg>
<arg>PN</arg>
<arg>PR</arg>
<arg>PS</arg>
<arg>PT</arg>
<arg>PW</arg>
<arg>PY</arg>
<arg>QA</arg>
<arg>RE</arg>
<arg>RO</arg>
<arg>RS</arg>
<arg>RU</arg>
<arg>RW</arg>
<arg>SA</arg>
<arg>SB</arg>
<arg>SC</arg>
<arg>SD</arg>
<arg>SE</arg>
<arg>SG</arg>
<arg>SH</arg>
<arg>SI</arg>
<arg>SJ</arg>
<arg>SK</arg>
<arg>SL</arg>
<arg>SM</arg>
<arg>SN</arg>
<arg>SO</arg>
<arg>SR</arg>
<arg>SS</arg>
<arg>ST</arg>
<arg>SV</arg>
<arg>SX</arg>
<arg>SY</arg>
<arg>SZ</arg>
<arg>TC</arg>
<arg>TD</arg>
<arg>TF</arg>
<arg>TG</arg>
<arg>TH</arg>
<arg>TJ</arg>
<arg>TK</arg>
<arg>TL</arg>
<arg>TM</arg>
<arg>TN</arg>
<arg>TO</arg>
<arg>TR</arg>
<arg>TT</arg>
<arg>TV</arg>
<arg>TW</arg>
<arg>TZ</arg>
<arg>UA</arg>
<arg>UG</arg>
<arg>UM</arg>
<arg>US</arg>
<arg>UY</arg>
<arg>UZ</arg>
<arg>VA</arg>
<arg>VC</arg>
<arg>VE</arg>
<arg>VG</arg>
<arg>VI</arg>
<arg>VN</arg>
<arg>VU</arg>
<arg>WF</arg>
<arg>WS</arg>
<arg>XK</arg>
<arg>YE</arg>
<arg>YT</arg>
<arg>ZA</arg>
<arg>ZM</arg>
<arg>ZW</arg>
<doc>Returns a list containing given items.</doc>
<status status="PASS" start="2024-05-17T12:26:14.083771" elapsed="0.000624"/>
</kw>
<kw name="List Should Contain Value" owner="Collections">
<msg time="2024-05-17T12:26:14.085421" level="INFO">False</msg>
<arg>${list_country}</arg>
<arg>${name_country}</arg>
<doc>Fails if the ``value`` is not found from ``list``.</doc>
<status status="PASS" start="2024-05-17T12:26:14.085211" elapsed="0.000247"/>
</kw>
<kw name="Run Keyword If" owner="BuiltIn">
<kw name="Should Be True" owner="BuiltIn">
<arg>${True}</arg>
<doc>Fails if the given condition is not true.</doc>
<status status="PASS" start="2024-05-17T12:26:14.086530" elapsed="0.000144"/>
</kw>
<arg>${json_data["results"][0]["location"]["coordinates"]["latitude"]} &gt;= -90 and ${json_data["results"][0]["location"]["coordinates"]["latitude"]} &lt;= 90</arg>
<arg>Should Be True</arg>
<arg>${True}</arg>
<doc>Runs the given keyword with the given arguments, if ``condition`` is true.</doc>
<status status="PASS" start="2024-05-17T12:26:14.085775" elapsed="0.001021"/>
</kw>
<kw name="Run Keyword If" owner="BuiltIn">
<kw name="Should Be True" owner="BuiltIn">
<arg>${True}</arg>
<doc>Fails if the given condition is not true.</doc>
<status status="PASS" start="2024-05-17T12:26:14.087663" elapsed="0.000255"/>
</kw>
<arg>${json_data["results"][0]["location"]["coordinates"]["longitude"]} &gt;= -180 and ${json_data["results"][0]["location"]["coordinates"]["longitude"]} &lt;= 180</arg>
<arg>Should Be True</arg>
<arg>${True}</arg>
<doc>Runs the given keyword with the given arguments, if ``condition`` is true.</doc>
<status status="PASS" start="2024-05-17T12:26:14.086978" elapsed="0.001065"/>
</kw>
<status status="PASS" start="2024-05-17T12:26:13.982469" elapsed="0.105706"/>
</kw>
<doc>Testa o conteúdo específico dos campos retornados pela API.</doc>
<tag>testeConteudo</tag>
<status status="PASS" start="2024-05-17T12:26:13.981920" elapsed="0.106406"/>
</test>
<status status="PASS" start="2024-05-17T12:26:13.148949" elapsed="0.941392"/>
</suite>
<status status="PASS" start="2024-05-17T12:26:13.134635" elapsed="0.960902"/>
</suite>
<statistics>
<total>
<stat pass="5" fail="0" skip="0">All Tests</stat>
</total>
<tag>
<stat pass="1" fail="0" skip="0">testeConteudo</stat>
<stat pass="1" fail="0" skip="0">testeEstruturaResposta</stat>
<stat pass="1" fail="0" skip="0">testeRequisicaoBasica</stat>
<stat pass="1" fail="0" skip="0">testeTiposDados</stat>
</tag>
<suite>
<stat pass="5" fail="0" skip="0" id="s1" name="Tests">Tests</stat>
<stat pass="5" fail="0" skip="0" id="s1-s1" name="Random-User-Test">Tests.Random-User-Test</stat>
</suite>
</statistics>
<errors>
</errors>
</robot>
