<?xml version="1.0" encoding="UTF-8"?>
<robot generator="Robot 7.0.1 (Python 3.12.3 on linux)" generated="2024-06-13T22:14:38.401503" rpa="false" schemaversion="5">
<suite id="s1" name="Tests" source="/home/runner/work/ApiRandomUser/ApiRandomUser/RamdonUser/tests">
<suite id="s1-s1" name="Random-User-Test" source="/home/runner/work/ApiRandomUser/ApiRandomUser/RamdonUser/tests/random-user-test.robot">
<test id="s1-s1-t1" name="Conectar" line="13">
<kw name="Conectar API" owner="random-user-service">
<kw name="Create Session" owner="RequestsLibrary">
<msg time="2024-06-13T22:14:38.794369" level="INFO">Creating Session using : alias=consultarAPI, url=https://randomuser.me/, headers={},                     cookies={}, auth=None, timeout=None, proxies=None, verify=False,                     debug=0 </msg>
<arg>consultarAPI</arg>
<arg>${URL}</arg>
<doc>Create Session: create a HTTP session to a server</doc>
<status status="PASS" start="2024-06-13T22:14:38.794174" elapsed="0.000361"/>
</kw>
<status status="PASS" start="2024-06-13T22:14:38.793241" elapsed="0.001640"/>
</kw>
<status status="PASS" start="2024-06-13T22:14:38.792642" elapsed="0.002431"/>
</test>
<test id="s1-s1-t2" name="Validar retorno 200 e JSON Válido" line="16">
<kw name="Teste de Requisicao Basica" owner="random-user-service">
<kw name="GET On Session" owner="RequestsLibrary">
<msg time="2024-06-13T22:14:39.026627" level="INFO">GET Request : url=https://randomuser.me/api 
 path_url=/api 
 headers={'User-Agent': 'python-requests/2.32.3', 'Accept-Encoding': 'gzip, deflate', 'Accept': '*/*', 'Connection': 'keep-alive'} 
 body=None 
 </msg>
<msg time="2024-06-13T22:14:39.026802" level="INFO">GET Response : url=https://randomuser.me/api 
 status=200, reason=OK 
 headers={'Date': 'Thu, 13 Jun 2024 22:14:39 GMT', 'Content-Type': 'application/json; charset=utf-8', 'Transfer-Encoding': 'chunked', 'Connection': 'keep-alive', 'X-Powered-By': 'Express', 'Access-Control-Allow-Origin': '*', 'Cache-Control': 'no-cache', 'ETag': 'W/"498-EFWcZ8FEJwXbe5YVZX12xHbo4hw"', 'Vary': 'Accept-Encoding', 'Content-Encoding': 'gzip', 'CF-Cache-Status': 'DYNAMIC', 'Report-To': '{"endpoints":[{"url":"https:\\/\\/a.nel.cloudflare.com\\/report\\/v4?s=T%2Bi9S8IyTEmbi1qK8fPYyszVyCtflGDEAVTDa62eZYBOgSkco7rF6tcv24Z%2FxbO0tBkQm8m5kFwb5pGm4MwXNrsL1Ghv7r90Zx8ljEsqFAeEt2jaJcHRsyiBNWmzgO4L"}],"group":"cf-nel","max_age":604800}', 'NEL': '{"success_fraction":0,"report_to":"cf-nel","max_age":604800}', 'Server': 'cloudflare', 'CF-RAY': '89356f4d0abd2ea5-LAX', 'alt-svc': 'h3=":443"; ma=86400'} 
 body={"results":[{"gender":"female","name":{"title":"Mrs","first":"Catherine","last":"Ferguson"},"location":{"street":{"number":4176,"name":"The Drive"},"city":"Swords","state":"Roscommon","country":"Ireland","postcode":19672,"coordinates":{"latitude":"2.7345","longitude":"105.8320"},"timezone":{"offset":"+9:00","description":"Tokyo, Seoul, Osaka, Sapporo, Yakutsk"}},"email":"catherine.ferguson@example.com","login":{"uuid":"335e6ddc-1827-4695-9f79-5f47dfd4b591","username":"purplegoose964","password":"jenny","salt":"GkEzJuw7","md5":"7c0b06d75fc49959cc4aa1a472ba3e9d","sha1":"bfbf54dfb5623b9b0f358b851345867cf6f91e40","sha256":"e2c4664066d0b0df592e938263279f7e999f3cff82041353a24d8895f250a28b"},"dob":{"date":"1959-10-25T10:39:01.040Z","age":64},"registered":{"date":"2011-08-12T10:00:03.140Z","age":12},"phone":"071-827-3508","cell":"081-255-6104","id":{"name":"PPS","value":"4901516T"},"picture":{"large":"https://randomuser.me/api/portraits/women/82.jpg","medium":"https://randomuser.me/api/portraits/med/women/82.jpg","thumbnail":"https://randomuser.me/api/portraits/thumb/women/82.jpg"},"nat":"IE"}],"info":{"seed":"97eae9c5ee60fafe","results":1,"page":1,"version":"1.4"}} 
 </msg>
<msg time="2024-06-13T22:14:39.026899" level="INFO">/opt/hostedtoolcache/Python/3.12.3/x64/lib/python3.12/site-packages/urllib3/connectionpool.py:1103: InsecureRequestWarning: Unverified HTTPS request is being made to host 'randomuser.me'. Adding certificate verification is strongly advised. See: https://urllib3.readthedocs.io/en/latest/advanced-usage.html#tls-warnings
  warnings.warn(</msg>
<msg time="2024-06-13T22:14:39.027072" level="INFO">${response} = &lt;Response [200]&gt;</msg>
<var>${response}</var>
<arg>consultarAPI</arg>
<arg>/api</arg>
<doc>Sends a GET request on a previously created HTTP Session.</doc>
<status status="PASS" start="2024-06-13T22:14:38.797744" elapsed="0.229369"/>
</kw>
<kw name="Should Be Equal As Numbers" owner="BuiltIn">
<msg time="2024-06-13T22:14:39.028216" level="INFO">Argument types are:
&lt;class 'int'&gt;
&lt;class 'str'&gt;</msg>
<arg>${response.status_code}</arg>
<arg>200</arg>
<doc>Fails if objects are unequal after converting them to real numbers.</doc>
<status status="PASS" start="2024-06-13T22:14:39.027748" elapsed="0.000534"/>
</kw>
<kw name="Log" owner="BuiltIn">
<msg time="2024-06-13T22:14:39.028966" level="INFO">200</msg>
<arg>${response.status_code}</arg>
<doc>Logs the given message with the given level.</doc>
<status status="PASS" start="2024-06-13T22:14:39.028615" elapsed="0.000398"/>
</kw>
<kw name="Set Variable" owner="BuiltIn">
<msg time="2024-06-13T22:14:39.029749" level="INFO">${json_data} = {'results': [{'gender': 'female', 'name': {'title': 'Mrs', 'first': 'Catherine', 'last': 'Ferguson'}, 'location': {'street': {'number': 4176, 'name': 'The Drive'}, 'city': 'Swords', 'state': 'Roscommo...</msg>
<var>${json_data}</var>
<arg>${response.json()}</arg>
<doc>Returns the given values which can then be assigned to a variables.</doc>
<status status="PASS" start="2024-06-13T22:14:39.029323" elapsed="0.000456"/>
</kw>
<kw name="Dictionary Should Contain Key" owner="Collections">
<arg>${json_data}</arg>
<arg>results</arg>
<doc>Fails if ``key`` is not found from ``dictionary``.</doc>
<status status="PASS" start="2024-06-13T22:14:39.030078" elapsed="0.000164"/>
</kw>
<status status="PASS" start="2024-06-13T22:14:38.797509" elapsed="0.232882"/>
</kw>
<doc>Testa se a API responde corretamente e retorna um objeto JSON válido.</doc>
<tag>testeRequisicaoBasica</tag>
<status status="PASS" start="2024-06-13T22:14:38.797022" elapsed="0.233540"/>
</test>
<test id="s1-s1-t3" name="Validar estrutura de resposta" line="22">
<kw name="Teste de Estrutura de Resposta" owner="random-user-service">
<kw name="GET On Session" owner="RequestsLibrary">
<msg time="2024-06-13T22:14:39.136496" level="INFO">GET Request : url=https://randomuser.me/api 
 path_url=/api 
 headers={'User-Agent': 'python-requests/2.32.3', 'Accept-Encoding': 'gzip, deflate', 'Accept': '*/*', 'Connection': 'keep-alive'} 
 body=None 
 </msg>
<msg time="2024-06-13T22:14:39.136596" level="INFO">GET Response : url=https://randomuser.me/api 
 status=200, reason=OK 
 headers={'Date': 'Thu, 13 Jun 2024 22:14:39 GMT', 'Content-Type': 'application/json; charset=utf-8', 'Transfer-Encoding': 'chunked', 'Connection': 'keep-alive', 'X-Powered-By': 'Express', 'Access-Control-Allow-Origin': '*', 'Cache-Control': 'no-cache', 'ETag': 'W/"4a5-RCSisvnjOf/dEHmri8KbFQ3wo5A"', 'Vary': 'Accept-Encoding', 'Content-Encoding': 'gzip', 'CF-Cache-Status': 'DYNAMIC', 'Report-To': '{"endpoints":[{"url":"https:\\/\\/a.nel.cloudflare.com\\/report\\/v4?s=s%2FktsPfkfAjBeZi6P80yQ9OROr33w0fGduZrcyanIUYiR9ahAoRWgniiCgWWGvQ5JrpY6uNuA723ROFUXKw9b%2FxbBD28MsQy5Mw2IlrsR6krayw%2F6Q1NgqJhvwDoSjz5"}],"group":"cf-nel","max_age":604800}', 'NEL': '{"success_fraction":0,"report_to":"cf-nel","max_age":604800}', 'Server': 'cloudflare', 'CF-RAY': '89356f4dfbb72ea5-LAX', 'alt-svc': 'h3=":443"; ma=86400'} 
 body={"results":[{"gender":"female","name":{"title":"Miss","first":"Laurie","last":"Bouchard"},"location":{"street":{"number":4509,"name":"Lakeview Ave"},"city":"Greenwood","state":"New Brunswick","country":"Canada","postcode":"J1Z 7G9","coordinates":{"latitude":"-71.1425","longitude":"155.6778"},"timezone":{"offset":"+3:00","description":"Baghdad, Riyadh, Moscow, St. Petersburg"}},"email":"laurie.bouchard@example.com","login":{"uuid":"a1287964-8904-4574-9f64-5858b2804812","username":"crazyfrog605","password":"garbage","salt":"LaquEsJ7","md5":"39e22df40741c73d13da68df54bbda93","sha1":"be1921a2a44a2d227fdab484905af4de497059bc","sha256":"5f041a9b9a7b822453196d26d310ab2e7e7ac7c456615c16f5749eb4abfbb0e2"},"dob":{"date":"1964-04-09T14:42:44.132Z","age":60},"registered":{"date":"2012-09-25T11:52:29.852Z","age":11},"phone":"D50 H51-1865","cell":"A68 Z14-5799","id":{"name":"SIN","value":"226386209"},"picture":{"large":"https://randomuser.me/api/portraits/women/67.jpg","medium":"https://randomuser.me/api/portraits/med/women/67.jpg","thumbnail":"https://randomuser.me/api/portraits/thumb/women/67.jpg"},"nat":"CA"}],"info":{"seed":"ae2e65fc57a18a0f","results":1,"page":1,"version":"1.4"}} 
 </msg>
<msg time="2024-06-13T22:14:39.136724" level="INFO">/opt/hostedtoolcache/Python/3.12.3/x64/lib/python3.12/site-packages/urllib3/connectionpool.py:1103: InsecureRequestWarning: Unverified HTTPS request is being made to host 'randomuser.me'. Adding certificate verification is strongly advised. See: https://urllib3.readthedocs.io/en/latest/advanced-usage.html#tls-warnings
  warnings.warn(</msg>
<msg time="2024-06-13T22:14:39.136851" level="INFO">${response} = &lt;Response [200]&gt;</msg>
<var>${response}</var>
<arg>consultarAPI</arg>
<arg>/api</arg>
<doc>Sends a GET request on a previously created HTTP Session.</doc>
<status status="PASS" start="2024-06-13T22:14:39.033162" elapsed="0.103732"/>
</kw>
<kw name="Set Variable" owner="BuiltIn">
<msg time="2024-06-13T22:14:39.138070" level="INFO">${json_data} = {'results': [{'gender': 'female', 'name': {'title': 'Miss', 'first': 'Laurie', 'last': 'Bouchard'}, 'location': {'street': {'number': 4509, 'name': 'Lakeview Ave'}, 'city': 'Greenwood', 'state': 'New ...</msg>
<var>${json_data}</var>
<arg>${response.json()}</arg>
<doc>Returns the given values which can then be assigned to a variables.</doc>
<status status="PASS" start="2024-06-13T22:14:39.137492" elapsed="0.000608"/>
</kw>
<kw name="Log" owner="BuiltIn">
<msg time="2024-06-13T22:14:39.138569" level="INFO">{'results': [{'gender': 'female', 'name': {'title': 'Miss', 'first': 'Laurie', 'last': 'Bouchard'}, 'location': {'street': {'number': 4509, 'name': 'Lakeview Ave'}, 'city': 'Greenwood', 'state': 'New Brunswick', 'country': 'Canada', 'postcode': 'J1Z 7G9', 'coordinates': {'latitude': '-71.1425', 'longitude': '155.6778'}, 'timezone': {'offset': '+3:00', 'description': 'Baghdad, Riyadh, Moscow, St. Petersburg'}}, 'email': 'laurie.bouchard@example.com', 'login': {'uuid': 'a1287964-8904-4574-9f64-5858b2804812', 'username': 'crazyfrog605', 'password': 'garbage', 'salt': 'LaquEsJ7', 'md5': '39e22df40741c73d13da68df54bbda93', 'sha1': 'be1921a2a44a2d227fdab484905af4de497059bc', 'sha256': '5f041a9b9a7b822453196d26d310ab2e7e7ac7c456615c16f5749eb4abfbb0e2'}, 'dob': {'date': '1964-04-09T14:42:44.132Z', 'age': 60}, 'registered': {'date': '2012-09-25T11:52:29.852Z', 'age': 11}, 'phone': 'D50 H51-1865', 'cell': 'A68 Z14-5799', 'id': {'name': 'SIN', 'value': '226386209'}, 'picture': {'large': 'https://randomuser.me/api/portraits/women/67.jpg', 'medium': 'https://randomuser.me/api/portraits/med/women/67.jpg', 'thumbnail': 'https://randomuser.me/api/portraits/thumb/women/67.jpg'}, 'nat': 'CA'}], 'info': {'seed': 'ae2e65fc57a18a0f', 'results': 1, 'page': 1, 'version': '1.4'}}</msg>
<arg>${json_data}</arg>
<doc>Logs the given message with the given level.</doc>
<status status="PASS" start="2024-06-13T22:14:39.138410" elapsed="0.000215"/>
</kw>
<kw name="Dictionary Should Contain Key" owner="Collections">
<arg>${json_data}</arg>
<arg>results</arg>
<doc>Fails if ``key`` is not found from ``dictionary``.</doc>
<status status="PASS" start="2024-06-13T22:14:39.138919" elapsed="0.000160"/>
</kw>
<kw name="Should Not Be Empty" owner="BuiltIn">
<msg time="2024-06-13T22:14:39.139444" level="INFO">Length is 2.</msg>
<arg>${json_data}</arg>
<doc>Verifies that the given item is not empty.</doc>
<status status="PASS" start="2024-06-13T22:14:39.139264" elapsed="0.000218"/>
</kw>
<kw name="Create List" owner="BuiltIn">
<msg time="2024-06-13T22:14:39.139926" level="INFO">${expected_keys} = ['gender', 'name', 'location', 'email', 'login']</msg>
<var>${expected_keys}</var>
<arg>gender</arg>
<arg>name</arg>
<arg>location</arg>
<arg>email</arg>
<arg>login</arg>
<doc>Returns a list containing given items.</doc>
<status status="PASS" start="2024-06-13T22:14:39.139780" elapsed="0.000170"/>
</kw>
<for flavor="IN">
<iter>
<kw name="Dictionary Should Contain Key" owner="Collections">
<arg>${json_data['results'][0]}</arg>
<arg>${key}</arg>
<doc>Fails if ``key`` is not found from ``dictionary``.</doc>
<status status="PASS" start="2024-06-13T22:14:39.140706" elapsed="0.000406"/>
</kw>
<kw name="Log" owner="BuiltIn">
<msg time="2024-06-13T22:14:39.141650" level="INFO">{'gender': 'female', 'name': {'title': 'Miss', 'first': 'Laurie', 'last': 'Bouchard'}, 'location': {'street': {'number': 4509, 'name': 'Lakeview Ave'}, 'city': 'Greenwood', 'state': 'New Brunswick', 'country': 'Canada', 'postcode': 'J1Z 7G9', 'coordinates': {'latitude': '-71.1425', 'longitude': '155.6778'}, 'timezone': {'offset': '+3:00', 'description': 'Baghdad, Riyadh, Moscow, St. Petersburg'}}, 'email': 'laurie.bouchard@example.com', 'login': {'uuid': 'a1287964-8904-4574-9f64-5858b2804812', 'username': 'crazyfrog605', 'password': 'garbage', 'salt': 'LaquEsJ7', 'md5': '39e22df40741c73d13da68df54bbda93', 'sha1': 'be1921a2a44a2d227fdab484905af4de497059bc', 'sha256': '5f041a9b9a7b822453196d26d310ab2e7e7ac7c456615c16f5749eb4abfbb0e2'}, 'dob': {'date': '1964-04-09T14:42:44.132Z', 'age': 60}, 'registered': {'date': '2012-09-25T11:52:29.852Z', 'age': 11}, 'phone': 'D50 H51-1865', 'cell': 'A68 Z14-5799', 'id': {'name': 'SIN', 'value': '226386209'}, 'picture': {'large': 'https://randomuser.me/api/portraits/women/67.jpg', 'medium': 'https://randomuser.me/api/portraits/med/women/67.jpg', 'thumbnail': 'https://randomuser.me/api/portraits/thumb/women/67.jpg'}, 'nat': 'CA'}</msg>
<arg>${json_data['results'][0]}</arg>
<doc>Logs the given message with the given level.</doc>
<status status="PASS" start="2024-06-13T22:14:39.141299" elapsed="0.000400"/>
</kw>
<kw name="Log" owner="BuiltIn">
<msg time="2024-06-13T22:14:39.142119" level="INFO">gender</msg>
<arg>${key}</arg>
<doc>Logs the given message with the given level.</doc>
<status status="PASS" start="2024-06-13T22:14:39.141992" elapsed="0.000165"/>
</kw>
<var name="${key}">gender</var>
<status status="PASS" start="2024-06-13T22:14:39.140569" elapsed="0.001802"/>
</iter>
<iter>
<kw name="Dictionary Should Contain Key" owner="Collections">
<arg>${json_data['results'][0]}</arg>
<arg>${key}</arg>
<doc>Fails if ``key`` is not found from ``dictionary``.</doc>
<status status="PASS" start="2024-06-13T22:14:39.142665" elapsed="0.000396"/>
</kw>
<kw name="Log" owner="BuiltIn">
<msg time="2024-06-13T22:14:39.143672" level="INFO">{'gender': 'female', 'name': {'title': 'Miss', 'first': 'Laurie', 'last': 'Bouchard'}, 'location': {'street': {'number': 4509, 'name': 'Lakeview Ave'}, 'city': 'Greenwood', 'state': 'New Brunswick', 'country': 'Canada', 'postcode': 'J1Z 7G9', 'coordinates': {'latitude': '-71.1425', 'longitude': '155.6778'}, 'timezone': {'offset': '+3:00', 'description': 'Baghdad, Riyadh, Moscow, St. Petersburg'}}, 'email': 'laurie.bouchard@example.com', 'login': {'uuid': 'a1287964-8904-4574-9f64-5858b2804812', 'username': 'crazyfrog605', 'password': 'garbage', 'salt': 'LaquEsJ7', 'md5': '39e22df40741c73d13da68df54bbda93', 'sha1': 'be1921a2a44a2d227fdab484905af4de497059bc', 'sha256': '5f041a9b9a7b822453196d26d310ab2e7e7ac7c456615c16f5749eb4abfbb0e2'}, 'dob': {'date': '1964-04-09T14:42:44.132Z', 'age': 60}, 'registered': {'date': '2012-09-25T11:52:29.852Z', 'age': 11}, 'phone': 'D50 H51-1865', 'cell': 'A68 Z14-5799', 'id': {'name': 'SIN', 'value': '226386209'}, 'picture': {'large': 'https://randomuser.me/api/portraits/women/67.jpg', 'medium': 'https://randomuser.me/api/portraits/med/women/67.jpg', 'thumbnail': 'https://randomuser.me/api/portraits/thumb/women/67.jpg'}, 'nat': 'CA'}</msg>
<arg>${json_data['results'][0]}</arg>
<doc>Logs the given message with the given level.</doc>
<status status="PASS" start="2024-06-13T22:14:39.143252" elapsed="0.000479"/>
</kw>
<kw name="Log" owner="BuiltIn">
<msg time="2024-06-13T22:14:39.144157" level="INFO">name</msg>
<arg>${key}</arg>
<doc>Logs the given message with the given level.</doc>
<status status="PASS" start="2024-06-13T22:14:39.144030" elapsed="0.000165"/>
</kw>
<var name="${key}">name</var>
<status status="PASS" start="2024-06-13T22:14:39.142555" elapsed="0.001866"/>
</iter>
<iter>
<kw name="Dictionary Should Contain Key" owner="Collections">
<arg>${json_data['results'][0]}</arg>
<arg>${key}</arg>
<doc>Fails if ``key`` is not found from ``dictionary``.</doc>
<status status="PASS" start="2024-06-13T22:14:39.144709" elapsed="0.000394"/>
</kw>
<kw name="Log" owner="BuiltIn">
<msg time="2024-06-13T22:14:39.145674" level="INFO">{'gender': 'female', 'name': {'title': 'Miss', 'first': 'Laurie', 'last': 'Bouchard'}, 'location': {'street': {'number': 4509, 'name': 'Lakeview Ave'}, 'city': 'Greenwood', 'state': 'New Brunswick', 'country': 'Canada', 'postcode': 'J1Z 7G9', 'coordinates': {'latitude': '-71.1425', 'longitude': '155.6778'}, 'timezone': {'offset': '+3:00', 'description': 'Baghdad, Riyadh, Moscow, St. Petersburg'}}, 'email': 'laurie.bouchard@example.com', 'login': {'uuid': 'a1287964-8904-4574-9f64-5858b2804812', 'username': 'crazyfrog605', 'password': 'garbage', 'salt': 'LaquEsJ7', 'md5': '39e22df40741c73d13da68df54bbda93', 'sha1': 'be1921a2a44a2d227fdab484905af4de497059bc', 'sha256': '5f041a9b9a7b822453196d26d310ab2e7e7ac7c456615c16f5749eb4abfbb0e2'}, 'dob': {'date': '1964-04-09T14:42:44.132Z', 'age': 60}, 'registered': {'date': '2012-09-25T11:52:29.852Z', 'age': 11}, 'phone': 'D50 H51-1865', 'cell': 'A68 Z14-5799', 'id': {'name': 'SIN', 'value': '226386209'}, 'picture': {'large': 'https://randomuser.me/api/portraits/women/67.jpg', 'medium': 'https://randomuser.me/api/portraits/med/women/67.jpg', 'thumbnail': 'https://randomuser.me/api/portraits/thumb/women/67.jpg'}, 'nat': 'CA'}</msg>
<arg>${json_data['results'][0]}</arg>
<doc>Logs the given message with the given level.</doc>
<status status="PASS" start="2024-06-13T22:14:39.145324" elapsed="0.000398"/>
</kw>
<kw name="Log" owner="BuiltIn">
<msg time="2024-06-13T22:14:39.146140" level="INFO">location</msg>
<arg>${key}</arg>
<doc>Logs the given message with the given level.</doc>
<status status="PASS" start="2024-06-13T22:14:39.146016" elapsed="0.000161"/>
</kw>
<var name="${key}">location</var>
<status status="PASS" start="2024-06-13T22:14:39.144601" elapsed="0.001791"/>
</iter>
<iter>
<kw name="Dictionary Should Contain Key" owner="Collections">
<arg>${json_data['results'][0]}</arg>
<arg>${key}</arg>
<doc>Fails if ``key`` is not found from ``dictionary``.</doc>
<status status="PASS" start="2024-06-13T22:14:39.146672" elapsed="0.000385"/>
</kw>
<kw name="Log" owner="BuiltIn">
<msg time="2024-06-13T22:14:39.147621" level="INFO">{'gender': 'female', 'name': {'title': 'Miss', 'first': 'Laurie', 'last': 'Bouchard'}, 'location': {'street': {'number': 4509, 'name': 'Lakeview Ave'}, 'city': 'Greenwood', 'state': 'New Brunswick', 'country': 'Canada', 'postcode': 'J1Z 7G9', 'coordinates': {'latitude': '-71.1425', 'longitude': '155.6778'}, 'timezone': {'offset': '+3:00', 'description': 'Baghdad, Riyadh, Moscow, St. Petersburg'}}, 'email': 'laurie.bouchard@example.com', 'login': {'uuid': 'a1287964-8904-4574-9f64-5858b2804812', 'username': 'crazyfrog605', 'password': 'garbage', 'salt': 'LaquEsJ7', 'md5': '39e22df40741c73d13da68df54bbda93', 'sha1': 'be1921a2a44a2d227fdab484905af4de497059bc', 'sha256': '5f041a9b9a7b822453196d26d310ab2e7e7ac7c456615c16f5749eb4abfbb0e2'}, 'dob': {'date': '1964-04-09T14:42:44.132Z', 'age': 60}, 'registered': {'date': '2012-09-25T11:52:29.852Z', 'age': 11}, 'phone': 'D50 H51-1865', 'cell': 'A68 Z14-5799', 'id': {'name': 'SIN', 'value': '226386209'}, 'picture': {'large': 'https://randomuser.me/api/portraits/women/67.jpg', 'medium': 'https://randomuser.me/api/portraits/med/women/67.jpg', 'thumbnail': 'https://randomuser.me/api/portraits/thumb/women/67.jpg'}, 'nat': 'CA'}</msg>
<arg>${json_data['results'][0]}</arg>
<doc>Logs the given message with the given level.</doc>
<status status="PASS" start="2024-06-13T22:14:39.147239" elapsed="0.000429"/>
</kw>
<kw name="Log" owner="BuiltIn">
<msg time="2024-06-13T22:14:39.148095" level="INFO">email</msg>
<arg>${key}</arg>
<doc>Logs the given message with the given level.</doc>
<status status="PASS" start="2024-06-13T22:14:39.147965" elapsed="0.000169"/>
</kw>
<var name="${key}">email</var>
<status status="PASS" start="2024-06-13T22:14:39.146565" elapsed="0.001783"/>
</iter>
<iter>
<kw name="Dictionary Should Contain Key" owner="Collections">
<arg>${json_data['results'][0]}</arg>
<arg>${key}</arg>
<doc>Fails if ``key`` is not found from ``dictionary``.</doc>
<status status="PASS" start="2024-06-13T22:14:39.148629" elapsed="0.000388"/>
</kw>
<kw name="Log" owner="BuiltIn">
<msg time="2024-06-13T22:14:39.149560" level="INFO">{'gender': 'female', 'name': {'title': 'Miss', 'first': 'Laurie', 'last': 'Bouchard'}, 'location': {'street': {'number': 4509, 'name': 'Lakeview Ave'}, 'city': 'Greenwood', 'state': 'New Brunswick', 'country': 'Canada', 'postcode': 'J1Z 7G9', 'coordinates': {'latitude': '-71.1425', 'longitude': '155.6778'}, 'timezone': {'offset': '+3:00', 'description': 'Baghdad, Riyadh, Moscow, St. Petersburg'}}, 'email': 'laurie.bouchard@example.com', 'login': {'uuid': 'a1287964-8904-4574-9f64-5858b2804812', 'username': 'crazyfrog605', 'password': 'garbage', 'salt': 'LaquEsJ7', 'md5': '39e22df40741c73d13da68df54bbda93', 'sha1': 'be1921a2a44a2d227fdab484905af4de497059bc', 'sha256': '5f041a9b9a7b822453196d26d310ab2e7e7ac7c456615c16f5749eb4abfbb0e2'}, 'dob': {'date': '1964-04-09T14:42:44.132Z', 'age': 60}, 'registered': {'date': '2012-09-25T11:52:29.852Z', 'age': 11}, 'phone': 'D50 H51-1865', 'cell': 'A68 Z14-5799', 'id': {'name': 'SIN', 'value': '226386209'}, 'picture': {'large': 'https://randomuser.me/api/portraits/women/67.jpg', 'medium': 'https://randomuser.me/api/portraits/med/women/67.jpg', 'thumbnail': 'https://randomuser.me/api/portraits/thumb/women/67.jpg'}, 'nat': 'CA'}</msg>
<arg>${json_data['results'][0]}</arg>
<doc>Logs the given message with the given level.</doc>
<status status="PASS" start="2024-06-13T22:14:39.149202" elapsed="0.000405"/>
</kw>
<kw name="Log" owner="BuiltIn">
<msg time="2024-06-13T22:14:39.150021" level="INFO">login</msg>
<arg>${key}</arg>
<doc>Logs the given message with the given level.</doc>
<status status="PASS" start="2024-06-13T22:14:39.149896" elapsed="0.000161"/>
</kw>
<var name="${key}">login</var>
<status status="PASS" start="2024-06-13T22:14:39.148520" elapsed="0.001760"/>
</iter>
<var>${key}</var>
<value>@{expected_keys}</value>
<status status="PASS" start="2024-06-13T22:14:39.140375" elapsed="0.010026"/>
</for>
<kw name="Create List" owner="BuiltIn">
<msg time="2024-06-13T22:14:39.150761" level="INFO">${expected_keysTwo} = ['username', 'password']</msg>
<var>${expected_keysTwo}</var>
<arg>username</arg>
<arg>password</arg>
<doc>Returns a list containing given items.</doc>
<status status="PASS" start="2024-06-13T22:14:39.150617" elapsed="0.000168"/>
</kw>
<for flavor="IN">
<iter>
<kw name="Dictionary Should Contain Key" owner="Collections">
<arg>${json_data['results'][0]['login']}</arg>
<arg>${keyTwo}</arg>
<doc>Fails if ``key`` is not found from ``dictionary``.</doc>
<status status="PASS" start="2024-06-13T22:14:39.151309" elapsed="0.000392"/>
</kw>
<kw name="Dictionary Should Contain Key" owner="Collections">
<arg>${json_data['results'][0]['login']}</arg>
<arg>${keyTwo}</arg>
<doc>Fails if ``key`` is not found from ``dictionary``.</doc>
<status status="PASS" start="2024-06-13T22:14:39.151886" elapsed="0.000394"/>
</kw>
<kw name="Log" owner="BuiltIn">
<msg time="2024-06-13T22:14:39.152575" level="INFO">username</msg>
<arg>${keyTwo}</arg>
<doc>Logs the given message with the given level.</doc>
<status status="PASS" start="2024-06-13T22:14:39.152458" elapsed="0.000158"/>
</kw>
<var name="${keyTwo}">username</var>
<status status="PASS" start="2024-06-13T22:14:39.151173" elapsed="0.001665"/>
</iter>
<iter>
<kw name="Dictionary Should Contain Key" owner="Collections">
<arg>${json_data['results'][0]['login']}</arg>
<arg>${keyTwo}</arg>
<doc>Fails if ``key`` is not found from ``dictionary``.</doc>
<status status="PASS" start="2024-06-13T22:14:39.153120" elapsed="0.000381"/>
</kw>
<kw name="Dictionary Should Contain Key" owner="Collections">
<arg>${json_data['results'][0]['login']}</arg>
<arg>${keyTwo}</arg>
<doc>Fails if ``key`` is not found from ``dictionary``.</doc>
<status status="PASS" start="2024-06-13T22:14:39.153679" elapsed="0.000363"/>
</kw>
<kw name="Log" owner="BuiltIn">
<msg time="2024-06-13T22:14:39.154333" level="INFO">password</msg>
<arg>${keyTwo}</arg>
<doc>Logs the given message with the given level.</doc>
<status status="PASS" start="2024-06-13T22:14:39.154217" elapsed="0.000151"/>
</kw>
<var name="${keyTwo}">password</var>
<status status="PASS" start="2024-06-13T22:14:39.153013" elapsed="0.001572"/>
</iter>
<var>${keyTwo}</var>
<value>@{expected_keysTwo}</value>
<status status="PASS" start="2024-06-13T22:14:39.151023" elapsed="0.003684"/>
</for>
<status status="PASS" start="2024-06-13T22:14:39.032929" elapsed="0.121919"/>
</kw>
<doc>Testa a estrutura da resposta da API.</doc>
<tag>testeEstruturaResposta</tag>
<status status="PASS" start="2024-06-13T22:14:39.032443" elapsed="0.122563"/>
</test>
<test id="s1-s1-t4" name="Validar tipos de dados" line="28">
<kw name="Teste de Tipos de Dados" owner="random-user-service">
<kw name="GET On Session" owner="RequestsLibrary">
<msg time="2024-06-13T22:14:39.263200" level="INFO">GET Request : url=https://randomuser.me/api 
 path_url=/api 
 headers={'User-Agent': 'python-requests/2.32.3', 'Accept-Encoding': 'gzip, deflate', 'Accept': '*/*', 'Connection': 'keep-alive'} 
 body=None 
 </msg>
<msg time="2024-06-13T22:14:39.263339" level="INFO">GET Response : url=https://randomuser.me/api 
 status=200, reason=OK 
 headers={'Date': 'Thu, 13 Jun 2024 22:14:39 GMT', 'Content-Type': 'application/json; charset=utf-8', 'Transfer-Encoding': 'chunked', 'Connection': 'keep-alive', 'X-Powered-By': 'Express', 'Access-Control-Allow-Origin': '*', 'Cache-Control': 'no-cache', 'ETag': 'W/"494-ZrMhGtePLXdzu207CkSc+7PPpSQ"', 'Vary': 'Accept-Encoding', 'Content-Encoding': 'gzip', 'CF-Cache-Status': 'DYNAMIC', 'Report-To': '{"endpoints":[{"url":"https:\\/\\/a.nel.cloudflare.com\\/report\\/v4?s=uHyyXFcPC0vqd0kNaXJo4C60SRzgkfannJ%2FifuTJ2AmQ2mLM6nVAd%2BIUa2gL8asu2Ge6PQaeg5alcVcT%2Br%2BhFgkoW6QJRLO%2FsxdysBMq5UVr5OxN1ywtEL5%2F7KzxcAHm"}],"group":"cf-nel","max_age":604800}', 'NEL': '{"success_fraction":0,"report_to":"cf-nel","max_age":604800}', 'Server': 'cloudflare', 'CF-RAY': '89356f4ecc8c2ea5-LAX', 'alt-svc': 'h3=":443"; ma=86400'} 
 body={"results":[{"gender":"female","name":{"title":"Mrs","first":"Pihla","last":"Haataja"},"location":{"street":{"number":2441,"name":"Visiokatu"},"city":"Tuusula","state":"Åland","country":"Finland","postcode":92680,"coordinates":{"latitude":"-25.8344","longitude":"67.8635"},"timezone":{"offset":"-4:00","description":"Atlantic Time (Canada), Caracas, La Paz"}},"email":"pihla.haataja@example.com","login":{"uuid":"c1643fef-e1a2-4073-ad83-10b75c8d8b76","username":"browncat154","password":"land","salt":"fNjaCmQZ","md5":"e69b56a0dbccb09008ffbb98e7214aca","sha1":"6598b5d3787e82793a905636fbd0a70f62fb8f61","sha256":"2c99c51d66b158cc8bc60db58e19b49e1981039f85db18ddc545a69571fd8885"},"dob":{"date":"1985-11-19T06:06:28.973Z","age":38},"registered":{"date":"2011-02-19T01:32:29.536Z","age":13},"phone":"08-585-744","cell":"046-450-10-13","id":{"name":"HETU","value":"NaNNA846undefined"},"picture":{"large":"https://randomuser.me/api/portraits/women/35.jpg","medium":"https://randomuser.me/api/portraits/med/women/35.jpg","thumbnail":"https://randomuser.me/api/portraits/thumb/women/35.jpg"},"nat":"FI"}],"info":{"seed":"05cd86e38aed6ff1","results":1,"page":1,"version":"1.4"}} 
 </msg>
<msg time="2024-06-13T22:14:39.263439" level="INFO">/opt/hostedtoolcache/Python/3.12.3/x64/lib/python3.12/site-packages/urllib3/connectionpool.py:1103: InsecureRequestWarning: Unverified HTTPS request is being made to host 'randomuser.me'. Adding certificate verification is strongly advised. See: https://urllib3.readthedocs.io/en/latest/advanced-usage.html#tls-warnings
  warnings.warn(</msg>
<msg time="2024-06-13T22:14:39.263536" level="INFO">${response} = &lt;Response [200]&gt;</msg>
<var>${response}</var>
<arg>consultarAPI</arg>
<arg>/api</arg>
<doc>Sends a GET request on a previously created HTTP Session.</doc>
<status status="PASS" start="2024-06-13T22:14:39.157593" elapsed="0.105986"/>
</kw>
<kw name="Set Variable" owner="BuiltIn">
<msg time="2024-06-13T22:14:39.264455" level="INFO">${json_data} = {'results': [{'gender': 'female', 'name': {'title': 'Mrs', 'first': 'Pihla', 'last': 'Haataja'}, 'location': {'street': {'number': 2441, 'name': 'Visiokatu'}, 'city': 'Tuusula', 'state': 'Åland', 'cou...</msg>
<var>${json_data}</var>
<arg>${response.json()}</arg>
<doc>Returns the given values which can then be assigned to a variables.</doc>
<status status="PASS" start="2024-06-13T22:14:39.263969" elapsed="0.000518"/>
</kw>
<kw name="Log" owner="BuiltIn">
<msg time="2024-06-13T22:14:39.264949" level="INFO">{'results': [{'gender': 'female', 'name': {'title': 'Mrs', 'first': 'Pihla', 'last': 'Haataja'}, 'location': {'street': {'number': 2441, 'name': 'Visiokatu'}, 'city': 'Tuusula', 'state': 'Åland', 'country': 'Finland', 'postcode': 92680, 'coordinates': {'latitude': '-25.8344', 'longitude': '67.8635'}, 'timezone': {'offset': '-4:00', 'description': 'Atlantic Time (Canada), Caracas, La Paz'}}, 'email': 'pihla.haataja@example.com', 'login': {'uuid': 'c1643fef-e1a2-4073-ad83-10b75c8d8b76', 'username': 'browncat154', 'password': 'land', 'salt': 'fNjaCmQZ', 'md5': 'e69b56a0dbccb09008ffbb98e7214aca', 'sha1': '6598b5d3787e82793a905636fbd0a70f62fb8f61', 'sha256': '2c99c51d66b158cc8bc60db58e19b49e1981039f85db18ddc545a69571fd8885'}, 'dob': {'date': '1985-11-19T06:06:28.973Z', 'age': 38}, 'registered': {'date': '2011-02-19T01:32:29.536Z', 'age': 13}, 'phone': '08-585-744', 'cell': '046-450-10-13', 'id': {'name': 'HETU', 'value': 'NaNNA846undefined'}, 'picture': {'large': 'https://randomuser.me/api/portraits/women/35.jpg', 'medium': 'https://randomuser.me/api/portraits/med/women/35.jpg', 'thumbnail': 'https://randomuser.me/api/portraits/thumb/women/35.jpg'}, 'nat': 'FI'}], 'info': {'seed': '05cd86e38aed6ff1', 'results': 1, 'page': 1, 'version': '1.4'}}</msg>
<arg>${json_data}</arg>
<doc>Logs the given message with the given level.</doc>
<status status="PASS" start="2024-06-13T22:14:39.264793" elapsed="0.000204"/>
</kw>
<kw name="Should Be String" owner="String">
<arg>${json_data['results'][0]['gender']}</arg>
<doc>Fails if the given ``item`` is not a string.</doc>
<status status="PASS" start="2024-06-13T22:14:39.265287" elapsed="0.000353"/>
</kw>
<kw name="Should Match Regexp" owner="BuiltIn">
<arg>${json_data['results'][0]['email']}</arg>
<arg>^[a-zA-Z0-9._%+-]+@[a-zA-Z0-9.-]+\.[a-zA-Z]{2,}$</arg>
<doc>Fails if ``string`` does not match ``pattern`` as a regular expression.</doc>
<status status="PASS" start="2024-06-13T22:14:39.265874" elapsed="0.000515"/>
</kw>
<kw name="Should Match Regexp" owner="BuiltIn">
<arg>${json_data['results'][0]['dob']['date']}</arg>
<arg>\\d{4}-\\d{2}-\\d{2}T\\d{2}:\\d{2}:\\d{2}\\.\\d{3}Z</arg>
<doc>Fails if ``string`` does not match ``pattern`` as a regular expression.</doc>
<status status="PASS" start="2024-06-13T22:14:39.266583" elapsed="0.000477"/>
</kw>
<kw name="Should Match Regexp" owner="BuiltIn">
<arg>${json_data['results'][0]['registered']['date']}</arg>
<arg>\\d{4}-\\d{2}-\\d{2}T\\d{2}:\\d{2}:\\d{2}\\.\\d{3}Z</arg>
<doc>Fails if ``string`` does not match ``pattern`` as a regular expression.</doc>
<status status="PASS" start="2024-06-13T22:14:39.267247" elapsed="0.000395"/>
</kw>
<kw name="Should Match Regexp" owner="BuiltIn">
<arg>${json_data['results'][0]['picture']['large']}</arg>
<arg>^https?://.*\.(?:png|jpe?g|gif|bmp)$</arg>
<doc>Fails if ``string`` does not match ``pattern`` as a regular expression.</doc>
<status status="PASS" start="2024-06-13T22:14:39.267825" elapsed="0.000450"/>
</kw>
<kw name="Should Match Regexp" owner="BuiltIn">
<arg>${json_data['results'][0]['picture']['medium']}</arg>
<arg>^https?://.*\.(?:png|jpe?g|gif|bmp)$</arg>
<doc>Fails if ``string`` does not match ``pattern`` as a regular expression.</doc>
<status status="PASS" start="2024-06-13T22:14:39.268464" elapsed="0.000355"/>
</kw>
<kw name="Should Match Regexp" owner="BuiltIn">
<arg>${json_data['results'][0]['picture']['thumbnail']}</arg>
<arg>^https?://.*\.(?:png|jpe?g|gif|bmp)$</arg>
<doc>Fails if ``string`` does not match ``pattern`` as a regular expression.</doc>
<status status="PASS" start="2024-06-13T22:14:39.269003" elapsed="0.000346"/>
</kw>
<kw name="Log" owner="BuiltIn">
<msg time="2024-06-13T22:14:39.269855" level="INFO">{'large': 'https://randomuser.me/api/portraits/women/35.jpg', 'medium': 'https://randomuser.me/api/portraits/med/women/35.jpg', 'thumbnail': 'https://randomuser.me/api/portraits/thumb/women/35.jpg'}</msg>
<arg>${json_data['results'][0]['picture']}</arg>
<doc>Logs the given message with the given level.</doc>
<status status="PASS" start="2024-06-13T22:14:39.269530" elapsed="0.000366"/>
</kw>
<status status="PASS" start="2024-06-13T22:14:39.157368" elapsed="0.112782"/>
</kw>
<kw name="Teste de Tipos de Dados - Postcode" owner="random-user-service">
<kw name="GET On Session" owner="RequestsLibrary">
<msg time="2024-06-13T22:14:39.377344" level="INFO">GET Request : url=https://randomuser.me/api 
 path_url=/api 
 headers={'User-Agent': 'python-requests/2.32.3', 'Accept-Encoding': 'gzip, deflate', 'Accept': '*/*', 'Connection': 'keep-alive'} 
 body=None 
 </msg>
<msg time="2024-06-13T22:14:39.377413" level="INFO">GET Response : url=https://randomuser.me/api 
 status=200, reason=OK 
 headers={'Date': 'Thu, 13 Jun 2024 22:14:39 GMT', 'Content-Type': 'application/json; charset=utf-8', 'Transfer-Encoding': 'chunked', 'Connection': 'keep-alive', 'X-Powered-By': 'Express', 'Access-Control-Allow-Origin': '*', 'Cache-Control': 'no-cache', 'ETag': 'W/"4a2-ph77UII10zf2+p0Ypr0fYwi0Was"', 'Vary': 'Accept-Encoding', 'Content-Encoding': 'gzip', 'CF-Cache-Status': 'DYNAMIC', 'Report-To': '{"endpoints":[{"url":"https:\\/\\/a.nel.cloudflare.com\\/report\\/v4?s=nTgisFj5n57iGEbZ58aSX5nOnip232aUS5m4FIvhs4PQ9b4GEk8ScWJQvzDkeSwQB%2FtZb1PS7hqFVDYI9QnsCkaJPz22P2tcd%2B5C%2BP2zvDCeWDK9xMvYJFBaPQfNKOGA"}],"group":"cf-nel","max_age":604800}', 'NEL': '{"success_fraction":0,"report_to":"cf-nel","max_age":604800}', 'Server': 'cloudflare', 'CF-RAY': '89356f4f7d3e2ea5-LAX', 'alt-svc': 'h3=":443"; ma=86400'} 
 body={"results":[{"gender":"male","name":{"title":"Mr","first":"Sohan","last":"Girard"},"location":{"street":{"number":4560,"name":"Avenue des Ternes"},"city":"Aulnay-sous-Bois","state":"Puy-de-Dôme","country":"France","postcode":73644,"coordinates":{"latitude":"-18.2725","longitude":"-16.1499"},"timezone":{"offset":"+10:00","description":"Eastern Australia, Guam, Vladivostok"}},"email":"sohan.girard@example.com","login":{"uuid":"e6f701cb-7756-4ff7-b2b6-c9e336bff260","username":"sadgoose788","password":"big1","salt":"DDwA07BR","md5":"8a08281ece84d74bf04d754332dfcd5b","sha1":"6127912e050cc2e3b668537dd5f5fd5294931f03","sha256":"905ffbc68e5779a4dc0417e1c7f6fcc4c2090d3d9723b5e79086b204498a7538"},"dob":{"date":"1979-09-15T14:24:21.555Z","age":44},"registered":{"date":"2020-08-06T22:48:46.626Z","age":3},"phone":"02-37-99-13-00","cell":"06-42-81-88-69","id":{"name":"INSEE","value":"1790868999289 02"},"picture":{"large":"https://randomuser.me/api/portraits/men/23.jpg","medium":"https://randomuser.me/api/portraits/med/men/23.jpg","thumbnail":"https://randomuser.me/api/portraits/thumb/men/23.jpg"},"nat":"FR"}],"info":{"seed":"8cb59d512744d2b6","results":1,"page":1,"version":"1.4"}} 
 </msg>
<msg time="2024-06-13T22:14:39.377475" level="INFO">/opt/hostedtoolcache/Python/3.12.3/x64/lib/python3.12/site-packages/urllib3/connectionpool.py:1103: InsecureRequestWarning: Unverified HTTPS request is being made to host 'randomuser.me'. Adding certificate verification is strongly advised. See: https://urllib3.readthedocs.io/en/latest/advanced-usage.html#tls-warnings
  warnings.warn(</msg>
<msg time="2024-06-13T22:14:39.377571" level="INFO">${response} = &lt;Response [200]&gt;</msg>
<var>${response}</var>
<arg>consultarAPI</arg>
<arg>/api</arg>
<doc>Sends a GET request on a previously created HTTP Session.</doc>
<status status="PASS" start="2024-06-13T22:14:39.270584" elapsed="0.107030"/>
</kw>
<kw name="Set Variable" owner="BuiltIn">
<msg time="2024-06-13T22:14:39.378644" level="INFO">${json_data} = {'results': [{'gender': 'male', 'name': {'title': 'Mr', 'first': 'Sohan', 'last': 'Girard'}, 'location': {'street': {'number': 4560, 'name': 'Avenue des Ternes'}, 'city': 'Aulnay-sous-Bois', 'state': ...</msg>
<var>${json_data}</var>
<arg>${response.json()}</arg>
<doc>Returns the given values which can then be assigned to a variables.</doc>
<status status="PASS" start="2024-06-13T22:14:39.378087" elapsed="0.000586"/>
</kw>
<kw name="Log" owner="BuiltIn">
<msg time="2024-06-13T22:14:39.379141" level="INFO">{'results': [{'gender': 'male', 'name': {'title': 'Mr', 'first': 'Sohan', 'last': 'Girard'}, 'location': {'street': {'number': 4560, 'name': 'Avenue des Ternes'}, 'city': 'Aulnay-sous-Bois', 'state': 'Puy-de-Dôme', 'country': 'France', 'postcode': 73644, 'coordinates': {'latitude': '-18.2725', 'longitude': '-16.1499'}, 'timezone': {'offset': '+10:00', 'description': 'Eastern Australia, Guam, Vladivostok'}}, 'email': 'sohan.girard@example.com', 'login': {'uuid': 'e6f701cb-7756-4ff7-b2b6-c9e336bff260', 'username': 'sadgoose788', 'password': 'big1', 'salt': 'DDwA07BR', 'md5': '8a08281ece84d74bf04d754332dfcd5b', 'sha1': '6127912e050cc2e3b668537dd5f5fd5294931f03', 'sha256': '905ffbc68e5779a4dc0417e1c7f6fcc4c2090d3d9723b5e79086b204498a7538'}, 'dob': {'date': '1979-09-15T14:24:21.555Z', 'age': 44}, 'registered': {'date': '2020-08-06T22:48:46.626Z', 'age': 3}, 'phone': '02-37-99-13-00', 'cell': '06-42-81-88-69', 'id': {'name': 'INSEE', 'value': '1790868999289 02'}, 'picture': {'large': 'https://randomuser.me/api/portraits/men/23.jpg', 'medium': 'https://randomuser.me/api/portraits/med/men/23.jpg', 'thumbnail': 'https://randomuser.me/api/portraits/thumb/men/23.jpg'}, 'nat': 'FR'}], 'info': {'seed': '8cb59d512744d2b6', 'results': 1, 'page': 1, 'version': '1.4'}}</msg>
<arg>${json_data}</arg>
<doc>Logs the given message with the given level.</doc>
<status status="PASS" start="2024-06-13T22:14:39.378982" elapsed="0.000208"/>
</kw>
<kw name="Should Be Equal As Numbers" owner="BuiltIn">
<arg>${json_data['results'][0]['location']['postcode']}</arg>
<arg>${json_data['results'][0]['location']['postcode']}</arg>
<doc>Fails if objects are unequal after converting them to real numbers.</doc>
<status status="PASS" start="2024-06-13T22:14:39.379522" elapsed="0.000617"/>
</kw>
<kw name="Log" owner="BuiltIn">
<msg time="2024-06-13T22:14:39.380701" level="INFO">73644</msg>
<arg>${json_data['results'][0]['location']['postcode']}</arg>
<doc>Logs the given message with the given level.</doc>
<status status="PASS" start="2024-06-13T22:14:39.380363" elapsed="0.000379"/>
</kw>
<status status="PASS" start="2024-06-13T22:14:39.270364" elapsed="0.110631"/>
</kw>
<doc>Testa se os tipos de dados na resposta da API estão corretos.</doc>
<tag>testeTiposDados</tag>
<status status="PASS" start="2024-06-13T22:14:39.156819" elapsed="0.224342"/>
</test>
<test id="s1-s1-t5" name="Validar conteudo" line="35">
<kw name="Teste de Tipos de Conteudo" owner="random-user-service">
<kw name="GET On Session" owner="RequestsLibrary">
<msg time="2024-06-13T22:14:39.504073" level="INFO">GET Request : url=https://randomuser.me/api 
 path_url=/api 
 headers={'User-Agent': 'python-requests/2.32.3', 'Accept-Encoding': 'gzip, deflate', 'Accept': '*/*', 'Connection': 'keep-alive'} 
 body=None 
 </msg>
<msg time="2024-06-13T22:14:39.504150" level="INFO">GET Response : url=https://randomuser.me/api 
 status=200, reason=OK 
 headers={'Date': 'Thu, 13 Jun 2024 22:14:39 GMT', 'Content-Type': 'application/json; charset=utf-8', 'Transfer-Encoding': 'chunked', 'Connection': 'keep-alive', 'X-Powered-By': 'Express', 'Access-Control-Allow-Origin': '*', 'Cache-Control': 'no-cache', 'ETag': 'W/"478-Pa3CiwooTP2PT2sN8bbWgWLBR94"', 'Vary': 'Accept-Encoding', 'Content-Encoding': 'gzip', 'CF-Cache-Status': 'DYNAMIC', 'Report-To': '{"endpoints":[{"url":"https:\\/\\/a.nel.cloudflare.com\\/report\\/v4?s=%2FTHNyQE99c3HcolSbVBfdJAincI%2BppnQs0oQ2TW7DAYUycKmZRT6wgaQVA7U3PEqo%2BTDMS8pEnEuRbGLlC%2FJ3LYqGP2uKF6JbkcrMqlviYMozDbmtqaNm2qW3kD3EJeq"}],"group":"cf-nel","max_age":604800}', 'NEL': '{"success_fraction":0,"report_to":"cf-nel","max_age":604800}', 'Server': 'cloudflare', 'CF-RAY': '89356f502e6b2ea5-LAX', 'alt-svc': 'h3=":443"; ma=86400'} 
 body={"results":[{"gender":"male","name":{"title":"Mr","first":"Daniel","last":"Abraham"},"location":{"street":{"number":4139,"name":"York St"},"city":"Stratford","state":"Saskatchewan","country":"Canada","postcode":"G2Y 7X0","coordinates":{"latitude":"-65.9614","longitude":"-11.5121"},"timezone":{"offset":"-2:00","description":"Mid-Atlantic"}},"email":"daniel.abraham@example.com","login":{"uuid":"3066fde4-b72f-4933-af8c-d0c625458d5f","username":"lazysnake880","password":"virginia","salt":"TBi0KopP","md5":"b12bc28f33aae50fd987c3e2fc7d57c3","sha1":"b7142a8449c7d193a8817bceae8aae0589cee78a","sha256":"bf7af9af46d268b1e1187bd6bc41e5e62fea3aedf1770f7e346375a60f2f1e00"},"dob":{"date":"1947-07-17T16:35:31.099Z","age":76},"registered":{"date":"2018-04-05T16:02:52.248Z","age":6},"phone":"D33 I58-3995","cell":"X19 D88-0468","id":{"name":"SIN","value":"893443390"},"picture":{"large":"https://randomuser.me/api/portraits/men/43.jpg","medium":"https://randomuser.me/api/portraits/med/men/43.jpg","thumbnail":"https://randomuser.me/api/portraits/thumb/men/43.jpg"},"nat":"CA"}],"info":{"seed":"fe517c5663cbfca1","results":1,"page":1,"version":"1.4"}} 
 </msg>
<msg time="2024-06-13T22:14:39.504225" level="INFO">/opt/hostedtoolcache/Python/3.12.3/x64/lib/python3.12/site-packages/urllib3/connectionpool.py:1103: InsecureRequestWarning: Unverified HTTPS request is being made to host 'randomuser.me'. Adding certificate verification is strongly advised. See: https://urllib3.readthedocs.io/en/latest/advanced-usage.html#tls-warnings
  warnings.warn(</msg>
<msg time="2024-06-13T22:14:39.504334" level="INFO">${response} = &lt;Response [200]&gt;</msg>
<var>${response}</var>
<arg>consultarAPI</arg>
<arg>/api</arg>
<doc>Sends a GET request on a previously created HTTP Session.</doc>
<status status="PASS" start="2024-06-13T22:14:39.384246" elapsed="0.120231"/>
</kw>
<kw name="Set Variable" owner="BuiltIn">
<msg time="2024-06-13T22:14:39.505510" level="INFO">${json_data} = {'results': [{'gender': 'male', 'name': {'title': 'Mr', 'first': 'Daniel', 'last': 'Abraham'}, 'location': {'street': {'number': 4139, 'name': 'York St'}, 'city': 'Stratford', 'state': 'Saskatchewan',...</msg>
<var>${json_data}</var>
<arg>${response.json()}</arg>
<doc>Returns the given values which can then be assigned to a variables.</doc>
<status status="PASS" start="2024-06-13T22:14:39.505022" elapsed="0.000519"/>
</kw>
<kw name="Set Variable" owner="BuiltIn">
<msg time="2024-06-13T22:14:39.506223" level="INFO">${name_title} = Mr</msg>
<var>${name_title}</var>
<arg>${json_data["results"][0]["name"]["title"]}</arg>
<doc>Returns the given values which can then be assigned to a variables.</doc>
<status status="PASS" start="2024-06-13T22:14:39.505847" elapsed="0.000403"/>
</kw>
<kw name="Create List" owner="BuiltIn">
<msg time="2024-06-13T22:14:39.506697" level="INFO">${allowed_titles} = ['Mr', 'Ms', 'Miss', 'Mrs', 'Madame', 'Monsieur']</msg>
<var>${allowed_titles}</var>
<arg>Mr</arg>
<arg>Ms</arg>
<arg>Miss</arg>
<arg>Mrs</arg>
<arg>Madame</arg>
<arg>Monsieur</arg>
<doc>Returns a list containing given items.</doc>
<status status="PASS" start="2024-06-13T22:14:39.506549" elapsed="0.000172"/>
</kw>
<kw name="List Should Contain Value" owner="Collections">
<arg>${allowed_titles}</arg>
<arg>${name_title}</arg>
<doc>Fails if the ``value`` is not found from ``list``.</doc>
<status status="PASS" start="2024-06-13T22:14:39.507018" elapsed="0.000174"/>
</kw>
<kw name="Set Variable" owner="BuiltIn">
<msg time="2024-06-13T22:14:39.507788" level="INFO">${name_country} = CA</msg>
<var>${name_country}</var>
<arg>${json_data["results"][0]["nat"]}</arg>
<doc>Returns the given values which can then be assigned to a variables.</doc>
<status status="PASS" start="2024-06-13T22:14:39.507420" elapsed="0.000393"/>
</kw>
<kw name="Create List" owner="BuiltIn">
<msg time="2024-06-13T22:14:39.508697" level="INFO">${list_country} = ['AD', 'AE', 'AF', 'AG', 'AI', 'AL', 'AM', 'AO', 'AQ', 'AR', 'AS', 'AT', 'AU', 'AW', 'AX', 'AZ', 'BA', 'BB', 'BD', 'BE', 'BF', 'BG', 'BH', 'BI', 'BJ', 'BL', 'BM', 'BN', 'BO', 'BQ', 'BR', 'BS', 'BT', '...</msg>
<var>${list_country}</var>
<arg>AD</arg>
<arg>AE</arg>
<arg>AF</arg>
<arg>AG</arg>
<arg>AI</arg>
<arg>AL</arg>
<arg>AM</arg>
<arg>AO</arg>
<arg>AQ</arg>
<arg>AR</arg>
<arg>AS</arg>
<arg>AT</arg>
<arg>AU</arg>
<arg>AW</arg>
<arg>AX</arg>
<arg>AZ</arg>
<arg>BA</arg>
<arg>BB</arg>
<arg>BD</arg>
<arg>BE</arg>
<arg>BF</arg>
<arg>BG</arg>
<arg>BH</arg>
<arg>BI</arg>
<arg>BJ</arg>
<arg>BL</arg>
<arg>BM</arg>
<arg>BN</arg>
<arg>BO</arg>
<arg>BQ</arg>
<arg>BR</arg>
<arg>BS</arg>
<arg>BT</arg>
<arg>BV</arg>
<arg>BW</arg>
<arg>BY</arg>
<arg>BZ</arg>
<arg>CA</arg>
<arg>CC</arg>
<arg>CD</arg>
<arg>CF</arg>
<arg>CG</arg>
<arg>CH</arg>
<arg>CI</arg>
<arg>CK</arg>
<arg>CL</arg>
<arg>CM</arg>
<arg>CN</arg>
<arg>CO</arg>
<arg>CR</arg>
<arg>CU</arg>
<arg>CV</arg>
<arg>CW</arg>
<arg>CX</arg>
<arg>CY</arg>
<arg>CZ</arg>
<arg>DE</arg>
<arg>DJ</arg>
<arg>DK</arg>
<arg>DM</arg>
<arg>DO</arg>
<arg>DZ</arg>
<arg>EC</arg>
<arg>EE</arg>
<arg>EG</arg>
<arg>EH</arg>
<arg>ER</arg>
<arg>ES</arg>
<arg>ET</arg>
<arg>FI</arg>
<arg>FJ</arg>
<arg>FK</arg>
<arg>FM</arg>
<arg>FO</arg>
<arg>FR</arg>
<arg>GA</arg>
<arg>GB</arg>
<arg>GD</arg>
<arg>GE</arg>
<arg>GF</arg>
<arg>GG</arg>
<arg>GH</arg>
<arg>GI</arg>
<arg>GL</arg>
<arg>GM</arg>
<arg>GN</arg>
<arg>GP</arg>
<arg>GQ</arg>
<arg>GR</arg>
<arg>GS</arg>
<arg>GT</arg>
<arg>GU</arg>
<arg>GW</arg>
<arg>GY</arg>
<arg>HK</arg>
<arg>HM</arg>
<arg>HN</arg>
<arg>HR</arg>
<arg>HT</arg>
<arg>HU</arg>
<arg>ID</arg>
<arg>IE</arg>
<arg>IL</arg>
<arg>IM</arg>
<arg>IN</arg>
<arg>IO</arg>
<arg>IQ</arg>
<arg>IR</arg>
<arg>IS</arg>
<arg>IT</arg>
<arg>JE</arg>
<arg>JM</arg>
<arg>JO</arg>
<arg>JP</arg>
<arg>KE</arg>
<arg>KG</arg>
<arg>KH</arg>
<arg>KI</arg>
<arg>KM</arg>
<arg>KN</arg>
<arg>KP</arg>
<arg>KR</arg>
<arg>KW</arg>
<arg>KY</arg>
<arg>KZ</arg>
<arg>LA</arg>
<arg>LB</arg>
<arg>LC</arg>
<arg>LI</arg>
<arg>LK</arg>
<arg>LR</arg>
<arg>LS</arg>
<arg>LT</arg>
<arg>LU</arg>
<arg>LV</arg>
<arg>LY</arg>
<arg>MA</arg>
<arg>MC</arg>
<arg>MD</arg>
<arg>ME</arg>
<arg>MF</arg>
<arg>MG</arg>
<arg>MH</arg>
<arg>MK</arg>
<arg>ML</arg>
<arg>MM</arg>
<arg>MN</arg>
<arg>MO</arg>
<arg>MP</arg>
<arg>MQ</arg>
<arg>MR</arg>
<arg>MS</arg>
<arg>MT</arg>
<arg>MU</arg>
<arg>MV</arg>
<arg>MW</arg>
<arg>MX</arg>
<arg>MY</arg>
<arg>MZ</arg>
<arg>NA</arg>
<arg>NC</arg>
<arg>NE</arg>
<arg>NF</arg>
<arg>NG</arg>
<arg>NI</arg>
<arg>NL</arg>
<arg>NO</arg>
<arg>NP</arg>
<arg>NR</arg>
<arg>NU</arg>
<arg>NZ</arg>
<arg>OM</arg>
<arg>PA</arg>
<arg>PE</arg>
<arg>PF</arg>
<arg>PG</arg>
<arg>PH</arg>
<arg>PK</arg>
<arg>PL</arg>
<arg>PM</arg>
<arg>PN</arg>
<arg>PR</arg>
<arg>PS</arg>
<arg>PT</arg>
<arg>PW</arg>
<arg>PY</arg>
<arg>QA</arg>
<arg>RE</arg>
<arg>RO</arg>
<arg>RS</arg>
<arg>RU</arg>
<arg>RW</arg>
<arg>SA</arg>
<arg>SB</arg>
<arg>SC</arg>
<arg>SD</arg>
<arg>SE</arg>
<arg>SG</arg>
<arg>SH</arg>
<arg>SI</arg>
<arg>SJ</arg>
<arg>SK</arg>
<arg>SL</arg>
<arg>SM</arg>
<arg>SN</arg>
<arg>SO</arg>
<arg>SR</arg>
<arg>SS</arg>
<arg>ST</arg>
<arg>SV</arg>
<arg>SX</arg>
<arg>SY</arg>
<arg>SZ</arg>
<arg>TC</arg>
<arg>TD</arg>
<arg>TF</arg>
<arg>TG</arg>
<arg>TH</arg>
<arg>TJ</arg>
<arg>TK</arg>
<arg>TL</arg>
<arg>TM</arg>
<arg>TN</arg>
<arg>TO</arg>
<arg>TR</arg>
<arg>TT</arg>
<arg>TV</arg>
<arg>TW</arg>
<arg>TZ</arg>
<arg>UA</arg>
<arg>UG</arg>
<arg>UM</arg>
<arg>US</arg>
<arg>UY</arg>
<arg>UZ</arg>
<arg>VA</arg>
<arg>VC</arg>
<arg>VE</arg>
<arg>VG</arg>
<arg>VI</arg>
<arg>VN</arg>
<arg>VU</arg>
<arg>WF</arg>
<arg>WS</arg>
<arg>XK</arg>
<arg>YE</arg>
<arg>YT</arg>
<arg>ZA</arg>
<arg>ZM</arg>
<arg>ZW</arg>
<doc>Returns a list containing given items.</doc>
<status status="PASS" start="2024-06-13T22:14:39.508105" elapsed="0.000618"/>
</kw>
<kw name="List Should Contain Value" owner="Collections">
<arg>${list_country}</arg>
<arg>${name_country}</arg>
<doc>Fails if the ``value`` is not found from ``list``.</doc>
<status status="PASS" start="2024-06-13T22:14:39.509528" elapsed="0.000201"/>
</kw>
<kw name="Run Keyword If" owner="BuiltIn">
<kw name="Should Be True" owner="BuiltIn">
<arg>${True}</arg>
<doc>Fails if the given condition is not true.</doc>
<status status="PASS" start="2024-06-13T22:14:39.510672" elapsed="0.000142"/>
</kw>
<arg>${json_data["results"][0]["location"]["coordinates"]["latitude"]} &gt;= -90 and ${json_data["results"][0]["location"]["coordinates"]["latitude"]} &lt;= 90</arg>
<arg>Should Be True</arg>
<arg>${True}</arg>
<doc>Runs the given keyword with the given arguments, if ``condition`` is true.</doc>
<status status="PASS" start="2024-06-13T22:14:39.509930" elapsed="0.001010"/>
</kw>
<kw name="Run Keyword If" owner="BuiltIn">
<kw name="Should Be True" owner="BuiltIn">
<arg>${True}</arg>
<doc>Fails if the given condition is not true.</doc>
<status status="PASS" start="2024-06-13T22:14:39.511832" elapsed="0.000139"/>
</kw>
<arg>${json_data["results"][0]["location"]["coordinates"]["longitude"]} &gt;= -180 and ${json_data["results"][0]["location"]["coordinates"]["longitude"]} &lt;= 180</arg>
<arg>Should Be True</arg>
<arg>${True}</arg>
<doc>Runs the given keyword with the given arguments, if ``condition`` is true.</doc>
<status status="PASS" start="2024-06-13T22:14:39.511121" elapsed="0.000975"/>
</kw>
<status status="PASS" start="2024-06-13T22:14:39.383673" elapsed="0.128555"/>
</kw>
<doc>Testa o conteúdo específico dos campos retornados pela API.</doc>
<tag>testeConteudo</tag>
<status status="PASS" start="2024-06-13T22:14:39.382942" elapsed="0.129435"/>
</test>
<status status="PASS" start="2024-06-13T22:14:38.461248" elapsed="1.053075"/>
</suite>
<status status="PASS" start="2024-06-13T22:14:38.446762" elapsed="1.072710"/>
</suite>
<statistics>
<total>
<stat pass="5" fail="0" skip="0">All Tests</stat>
</total>
<tag>
<stat pass="1" fail="0" skip="0">testeConteudo</stat>
<stat pass="1" fail="0" skip="0">testeEstruturaResposta</stat>
<stat pass="1" fail="0" skip="0">testeRequisicaoBasica</stat>
<stat pass="1" fail="0" skip="0">testeTiposDados</stat>
</tag>
<suite>
<stat pass="5" fail="0" skip="0" id="s1" name="Tests">Tests</stat>
<stat pass="5" fail="0" skip="0" id="s1-s1" name="Random-User-Test">Tests.Random-User-Test</stat>
</suite>
</statistics>
<errors>
</errors>
</robot>
