<?xml version="1.0" encoding="UTF-8"?>
<robot generator="Robot 7.0 (Python 3.12.3 on linux)" generated="2024-05-12T19:11:20.164267" rpa="false" schemaversion="5">
<suite id="s1" name="Tests" source="/home/runner/work/DesafioQAItauRogerioJordao/DesafioQAItauRogerioJordao/RamdonUser/tests">
<suite id="s1-s1" name="Random-User-Test" source="/home/runner/work/DesafioQAItauRogerioJordao/DesafioQAItauRogerioJordao/RamdonUser/tests/random-user-test.robot">
<test id="s1-s1-t1" name="Conectar" line="13">
<kw name="Conectar API" owner="random-user-service">
<kw name="Create Session" owner="RequestsLibrary">
<msg time="2024-05-12T19:11:20.530028" level="INFO">Creating Session using : alias=consultarAPI, url=https://randomuser.me/, headers={},                     cookies={}, auth=None, timeout=None, proxies=None, verify=False,                     debug=0 </msg>
<arg>consultarAPI</arg>
<arg>${URL}</arg>
<doc>Create Session: create a HTTP session to a server</doc>
<status status="PASS" start="2024-05-12T19:11:20.529836" elapsed="0.000358"/>
</kw>
<status status="PASS" start="2024-05-12T19:11:20.528922" elapsed="0.001621"/>
</kw>
<status status="PASS" start="2024-05-12T19:11:20.528291" elapsed="0.002444"/>
</test>
<test id="s1-s1-t2" name="Validar retorno 200 e JSON Válido" line="16">
<kw name="Teste de Requisicao Basica" owner="random-user-service">
<kw name="GET On Session" owner="RequestsLibrary">
<msg time="2024-05-12T19:11:20.724910" level="INFO">GET Request : url=https://randomuser.me/api 
 path_url=/api 
 headers={'User-Agent': 'python-requests/2.31.0', 'Accept-Encoding': 'gzip, deflate', 'Accept': '*/*', 'Connection': 'keep-alive'} 
 body=None 
 </msg>
<msg time="2024-05-12T19:11:20.725047" level="INFO">GET Response : url=https://randomuser.me/api 
 status=200, reason=OK 
 headers={'Date': 'Sun, 12 May 2024 19:11:20 GMT', 'Content-Type': 'application/json; charset=utf-8', 'Transfer-Encoding': 'chunked', 'Connection': 'keep-alive', 'X-Powered-By': 'Express', 'Access-Control-Allow-Origin': '*', 'Cache-Control': 'no-cache', 'ETag': 'W/"492-z6Q5lIVBF/Lj+5Mlgmf2JUMWE5g"', 'Vary': 'Accept-Encoding', 'Content-Encoding': 'gzip', 'CF-Cache-Status': 'DYNAMIC', 'Report-To': '{"endpoints":[{"url":"https:\\/\\/a.nel.cloudflare.com\\/report\\/v4?s=C30VM%2FiTLJItEDq0MIK8q%2F8dicdKYDtRiVFtWgdeskY%2B%2B8OhQoYOxVddNMRYlxsEvD6WIfwdVxwmN0sS1IthB99i5V%2FExOyQDiNbo7syc8DB0lgboszcHWPABFWPRyLM"}],"group":"cf-nel","max_age":604800}', 'NEL': '{"success_fraction":0,"report_to":"cf-nel","max_age":604800}', 'Server': 'cloudflare', 'CF-RAY': '882cb6ca3dee241a-IAD', 'alt-svc': 'h3=":443"; ma=86400'} 
 body={"results":[{"gender":"female","name":{"title":"Miss","first":"Fatma","last":"Nebioğlu"},"location":{"street":{"number":2318,"name":"Istiklal Cd"},"city":"Giresun","state":"Karaman","country":"Turkey","postcode":49387,"coordinates":{"latitude":"65.2280","longitude":"143.3166"},"timezone":{"offset":"+10:00","description":"Eastern Australia, Guam, Vladivostok"}},"email":"fatma.nebioglu@example.com","login":{"uuid":"6a1f375d-7875-4945-90d1-f4e07b2de9e9","username":"beautifulzebra347","password":"simple","salt":"FCtKsuKc","md5":"3cfc263d4d9e8f1d85718d8499515acc","sha1":"7b79a530a00c49de7b172219d2746221525b2c16","sha256":"553fa8cd8832c4c92a3f337113577250e51be827a4c8fb6f07546997e9cd5b3b"},"dob":{"date":"1996-02-24T22:19:10.748Z","age":28},"registered":{"date":"2002-07-07T11:32:22.351Z","age":21},"phone":"(718)-869-6325","cell":"(644)-552-1516","id":{"name":"","value":null},"picture":{"large":"https://randomuser.me/api/portraits/women/47.jpg","medium":"https://randomuser.me/api/portraits/med/women/47.jpg","thumbnail":"https://randomuser.me/api/portraits/thumb/women/47.jpg"},"nat":"TR"}],"info":{"seed":"4a3d9c7f8caaf530","results":1,"page":1,"version":"1.4"}} 
 </msg>
<msg time="2024-05-12T19:11:20.725128" level="INFO">/opt/hostedtoolcache/Python/3.12.3/x64/lib/python3.12/site-packages/urllib3/connectionpool.py:1103: InsecureRequestWarning: Unverified HTTPS request is being made to host 'randomuser.me'. Adding certificate verification is strongly advised. See: https://urllib3.readthedocs.io/en/latest/advanced-usage.html#tls-warnings
  warnings.warn(</msg>
<msg time="2024-05-12T19:11:20.725282" level="INFO">${response} = &lt;Response [200]&gt;</msg>
<var>${response}</var>
<arg>consultarAPI</arg>
<arg>/api</arg>
<doc>Sends a GET request on a previously created HTTP Session.</doc>
<status status="PASS" start="2024-05-12T19:11:20.533451" elapsed="0.191875"/>
</kw>
<kw name="Should Be Equal As Numbers" owner="BuiltIn">
<msg time="2024-05-12T19:11:20.726316" level="INFO">Argument types are:
&lt;class 'int'&gt;
&lt;class 'str'&gt;</msg>
<arg>${response.status_code}</arg>
<arg>200</arg>
<doc>Fails if objects are unequal after converting them to real numbers.</doc>
<status status="PASS" start="2024-05-12T19:11:20.725851" elapsed="0.000532"/>
</kw>
<kw name="Log" owner="BuiltIn">
<msg time="2024-05-12T19:11:20.727122" level="INFO">200</msg>
<arg>${response.status_code}</arg>
<doc>Logs the given message with the given level.</doc>
<status status="PASS" start="2024-05-12T19:11:20.726749" elapsed="0.000416"/>
</kw>
<kw name="Set Variable" owner="BuiltIn">
<msg time="2024-05-12T19:11:20.727944" level="INFO">${json_data} = {'results': [{'gender': 'female', 'name': {'title': 'Miss', 'first': 'Fatma', 'last': 'Nebioğlu'}, 'location': {'street': {'number': 2318, 'name': 'Istiklal Cd'}, 'city': 'Giresun', 'state': 'Karaman'...</msg>
<var>${json_data}</var>
<arg>${response.json()}</arg>
<doc>Returns the given values which can then be assigned to a variables.</doc>
<status status="PASS" start="2024-05-12T19:11:20.727482" elapsed="0.000492"/>
</kw>
<kw name="Dictionary Should Contain Key" owner="Collections">
<msg time="2024-05-12T19:11:20.728459" level="INFO">False</msg>
<arg>${json_data}</arg>
<arg>results</arg>
<doc>Fails if ``key`` is not found from ``dictionary``.</doc>
<status status="PASS" start="2024-05-12T19:11:20.728283" elapsed="0.000217"/>
</kw>
<status status="PASS" start="2024-05-12T19:11:20.533204" elapsed="0.195595"/>
</kw>
<doc>Testa se a API responde corretamente e retorna um objeto JSON válido.</doc>
<tag>testeRequisicaoBasica</tag>
<status status="PASS" start="2024-05-12T19:11:20.532613" elapsed="0.196372"/>
</test>
<test id="s1-s1-t3" name="Validar estrutura de resposta" line="22">
<kw name="Teste de Estrutura de Resposta" owner="random-user-service">
<kw name="GET On Session" owner="RequestsLibrary">
<msg time="2024-05-12T19:11:20.804605" level="INFO">GET Request : url=https://randomuser.me/api 
 path_url=/api 
 headers={'User-Agent': 'python-requests/2.31.0', 'Accept-Encoding': 'gzip, deflate', 'Accept': '*/*', 'Connection': 'keep-alive'} 
 body=None 
 </msg>
<msg time="2024-05-12T19:11:20.804733" level="INFO">GET Response : url=https://randomuser.me/api 
 status=200, reason=OK 
 headers={'Date': 'Sun, 12 May 2024 19:11:20 GMT', 'Content-Type': 'application/json; charset=utf-8', 'Transfer-Encoding': 'chunked', 'Connection': 'keep-alive', 'X-Powered-By': 'Express', 'Access-Control-Allow-Origin': '*', 'Cache-Control': 'no-cache', 'ETag': 'W/"49e-IGHkLyvte2YYnOO/8VSCFdH2gLg"', 'Vary': 'Accept-Encoding', 'Content-Encoding': 'gzip', 'CF-Cache-Status': 'DYNAMIC', 'Report-To': '{"endpoints":[{"url":"https:\\/\\/a.nel.cloudflare.com\\/report\\/v4?s=1uCOVX3EXaQfd5ZrQks6FY63HmmNsTWJOIXZwNT5IZWUJ%2FJDNGyGJzzLFrftqQ%2BLnYWAG4WI3Sb%2F30gmQhW0m2Sn6Pu2mxTO%2BNBos89hywb1ufnK4bOIh3sDApKfUv2V"}],"group":"cf-nel","max_age":604800}', 'NEL': '{"success_fraction":0,"report_to":"cf-nel","max_age":604800}', 'Server': 'cloudflare', 'CF-RAY': '882cb6ca9e62241a-IAD', 'alt-svc': 'h3=":443"; ma=86400'} 
 body={"results":[{"gender":"female","name":{"title":"Miss","first":"Hilla","last":"Keto"},"location":{"street":{"number":5756,"name":"Korkeavuorenkatu"},"city":"Pyhäjoki","state":"Pirkanmaa","country":"Finland","postcode":11046,"coordinates":{"latitude":"-27.6090","longitude":"124.1782"},"timezone":{"offset":"-6:00","description":"Central Time (US &amp; Canada), Mexico City"}},"email":"hilla.keto@example.com","login":{"uuid":"443395a9-05a7-48cb-bf28-60411f20865e","username":"lazygorilla119","password":"benson","salt":"vNBGYSU7","md5":"8c4e400cd8efe89b49dc8bd0c68be2e0","sha1":"c452ca88dbc41aa88085a5db532a3d84290aab10","sha256":"f00be24dc62fc3bd2ee003ce4460bf5a0fb910d9acfbb7cf70795b98d5b0aba7"},"dob":{"date":"1959-07-01T21:45:58.822Z","age":64},"registered":{"date":"2004-06-19T13:26:11.530Z","age":19},"phone":"09-105-439","cell":"043-723-64-98","id":{"name":"HETU","value":"NaNNA404undefined"},"picture":{"large":"https://randomuser.me/api/portraits/women/9.jpg","medium":"https://randomuser.me/api/portraits/med/women/9.jpg","thumbnail":"https://randomuser.me/api/portraits/thumb/women/9.jpg"},"nat":"FI"}],"info":{"seed":"0d230bc558e7e7c2","results":1,"page":1,"version":"1.4"}} 
 </msg>
<msg time="2024-05-12T19:11:20.804876" level="INFO">/opt/hostedtoolcache/Python/3.12.3/x64/lib/python3.12/site-packages/urllib3/connectionpool.py:1103: InsecureRequestWarning: Unverified HTTPS request is being made to host 'randomuser.me'. Adding certificate verification is strongly advised. See: https://urllib3.readthedocs.io/en/latest/advanced-usage.html#tls-warnings
  warnings.warn(</msg>
<msg time="2024-05-12T19:11:20.804980" level="INFO">${response} = &lt;Response [200]&gt;</msg>
<var>${response}</var>
<arg>consultarAPI</arg>
<arg>/api</arg>
<doc>Sends a GET request on a previously created HTTP Session.</doc>
<status status="PASS" start="2024-05-12T19:11:20.731636" elapsed="0.073381"/>
</kw>
<kw name="Set Variable" owner="BuiltIn">
<msg time="2024-05-12T19:11:20.805872" level="INFO">${json_data} = {'results': [{'gender': 'female', 'name': {'title': 'Miss', 'first': 'Hilla', 'last': 'Keto'}, 'location': {'street': {'number': 5756, 'name': 'Korkeavuorenkatu'}, 'city': 'Pyhäjoki', 'state': 'Pirkan...</msg>
<var>${json_data}</var>
<arg>${response.json()}</arg>
<doc>Returns the given values which can then be assigned to a variables.</doc>
<status status="PASS" start="2024-05-12T19:11:20.805397" elapsed="0.000506"/>
</kw>
<kw name="Log" owner="BuiltIn">
<msg time="2024-05-12T19:11:20.806372" level="INFO">{'results': [{'gender': 'female', 'name': {'title': 'Miss', 'first': 'Hilla', 'last': 'Keto'}, 'location': {'street': {'number': 5756, 'name': 'Korkeavuorenkatu'}, 'city': 'Pyhäjoki', 'state': 'Pirkanmaa', 'country': 'Finland', 'postcode': 11046, 'coordinates': {'latitude': '-27.6090', 'longitude': '124.1782'}, 'timezone': {'offset': '-6:00', 'description': 'Central Time (US &amp; Canada), Mexico City'}}, 'email': 'hilla.keto@example.com', 'login': {'uuid': '443395a9-05a7-48cb-bf28-60411f20865e', 'username': 'lazygorilla119', 'password': 'benson', 'salt': 'vNBGYSU7', 'md5': '8c4e400cd8efe89b49dc8bd0c68be2e0', 'sha1': 'c452ca88dbc41aa88085a5db532a3d84290aab10', 'sha256': 'f00be24dc62fc3bd2ee003ce4460bf5a0fb910d9acfbb7cf70795b98d5b0aba7'}, 'dob': {'date': '1959-07-01T21:45:58.822Z', 'age': 64}, 'registered': {'date': '2004-06-19T13:26:11.530Z', 'age': 19}, 'phone': '09-105-439', 'cell': '043-723-64-98', 'id': {'name': 'HETU', 'value': 'NaNNA404undefined'}, 'picture': {'large': 'https://randomuser.me/api/portraits/women/9.jpg', 'medium': 'https://randomuser.me/api/portraits/med/women/9.jpg', 'thumbnail': 'https://randomuser.me/api/portraits/thumb/women/9.jpg'}, 'nat': 'FI'}], 'info': {'seed': '0d230bc558e7e7c2', 'results': 1, 'page': 1, 'version': '1.4'}}</msg>
<arg>${json_data}</arg>
<doc>Logs the given message with the given level.</doc>
<status status="PASS" start="2024-05-12T19:11:20.806212" elapsed="0.000210"/>
</kw>
<kw name="Dictionary Should Contain Key" owner="Collections">
<msg time="2024-05-12T19:11:20.806880" level="INFO">False</msg>
<arg>${json_data}</arg>
<arg>results</arg>
<doc>Fails if ``key`` is not found from ``dictionary``.</doc>
<status status="PASS" start="2024-05-12T19:11:20.806720" elapsed="0.000197"/>
</kw>
<kw name="Should Not Be Empty" owner="BuiltIn">
<msg time="2024-05-12T19:11:20.807351" level="INFO">Length is 2.</msg>
<arg>${json_data}</arg>
<doc>Verifies that the given item is not empty.</doc>
<status status="PASS" start="2024-05-12T19:11:20.807215" elapsed="0.000312"/>
</kw>
<kw name="Create List" owner="BuiltIn">
<msg time="2024-05-12T19:11:20.807979" level="INFO">${expected_keys} = ['gender', 'name', 'location', 'email', 'login']</msg>
<var>${expected_keys}</var>
<arg>gender</arg>
<arg>name</arg>
<arg>location</arg>
<arg>email</arg>
<arg>login</arg>
<doc>Returns a list containing given items.</doc>
<status status="PASS" start="2024-05-12T19:11:20.807825" elapsed="0.000179"/>
</kw>
<for flavor="IN">
<iter>
<kw name="Dictionary Should Contain Key" owner="Collections">
<msg time="2024-05-12T19:11:20.809040" level="INFO">False</msg>
<arg>${json_data['results'][0]}</arg>
<arg>${key}</arg>
<doc>Fails if ``key`` is not found from ``dictionary``.</doc>
<status status="PASS" start="2024-05-12T19:11:20.808583" elapsed="0.000496"/>
</kw>
<kw name="Log" owner="BuiltIn">
<msg time="2024-05-12T19:11:20.809768" level="INFO">{'gender': 'female', 'name': {'title': 'Miss', 'first': 'Hilla', 'last': 'Keto'}, 'location': {'street': {'number': 5756, 'name': 'Korkeavuorenkatu'}, 'city': 'Pyhäjoki', 'state': 'Pirkanmaa', 'country': 'Finland', 'postcode': 11046, 'coordinates': {'latitude': '-27.6090', 'longitude': '124.1782'}, 'timezone': {'offset': '-6:00', 'description': 'Central Time (US &amp; Canada), Mexico City'}}, 'email': 'hilla.keto@example.com', 'login': {'uuid': '443395a9-05a7-48cb-bf28-60411f20865e', 'username': 'lazygorilla119', 'password': 'benson', 'salt': 'vNBGYSU7', 'md5': '8c4e400cd8efe89b49dc8bd0c68be2e0', 'sha1': 'c452ca88dbc41aa88085a5db532a3d84290aab10', 'sha256': 'f00be24dc62fc3bd2ee003ce4460bf5a0fb910d9acfbb7cf70795b98d5b0aba7'}, 'dob': {'date': '1959-07-01T21:45:58.822Z', 'age': 64}, 'registered': {'date': '2004-06-19T13:26:11.530Z', 'age': 19}, 'phone': '09-105-439', 'cell': '043-723-64-98', 'id': {'name': 'HETU', 'value': 'NaNNA404undefined'}, 'picture': {'large': 'https://randomuser.me/api/portraits/women/9.jpg', 'medium': 'https://randomuser.me/api/portraits/med/women/9.jpg', 'thumbnail': 'https://randomuser.me/api/portraits/thumb/women/9.jpg'}, 'nat': 'FI'}</msg>
<arg>${json_data['results'][0]}</arg>
<doc>Logs the given message with the given level.</doc>
<status status="PASS" start="2024-05-12T19:11:20.809397" elapsed="0.000428"/>
</kw>
<kw name="Log" owner="BuiltIn">
<msg time="2024-05-12T19:11:20.810263" level="INFO">gender</msg>
<arg>${key}</arg>
<doc>Logs the given message with the given level.</doc>
<status status="PASS" start="2024-05-12T19:11:20.810134" elapsed="0.000168"/>
</kw>
<var name="${key}">gender</var>
<status status="PASS" start="2024-05-12T19:11:20.808457" elapsed="0.002061"/>
</iter>
<iter>
<kw name="Dictionary Should Contain Key" owner="Collections">
<msg time="2024-05-12T19:11:20.811215" level="INFO">False</msg>
<arg>${json_data['results'][0]}</arg>
<arg>${key}</arg>
<doc>Fails if ``key`` is not found from ``dictionary``.</doc>
<status status="PASS" start="2024-05-12T19:11:20.810826" elapsed="0.000427"/>
</kw>
<kw name="Log" owner="BuiltIn">
<msg time="2024-05-12T19:11:20.811942" level="INFO">{'gender': 'female', 'name': {'title': 'Miss', 'first': 'Hilla', 'last': 'Keto'}, 'location': {'street': {'number': 5756, 'name': 'Korkeavuorenkatu'}, 'city': 'Pyhäjoki', 'state': 'Pirkanmaa', 'country': 'Finland', 'postcode': 11046, 'coordinates': {'latitude': '-27.6090', 'longitude': '124.1782'}, 'timezone': {'offset': '-6:00', 'description': 'Central Time (US &amp; Canada), Mexico City'}}, 'email': 'hilla.keto@example.com', 'login': {'uuid': '443395a9-05a7-48cb-bf28-60411f20865e', 'username': 'lazygorilla119', 'password': 'benson', 'salt': 'vNBGYSU7', 'md5': '8c4e400cd8efe89b49dc8bd0c68be2e0', 'sha1': 'c452ca88dbc41aa88085a5db532a3d84290aab10', 'sha256': 'f00be24dc62fc3bd2ee003ce4460bf5a0fb910d9acfbb7cf70795b98d5b0aba7'}, 'dob': {'date': '1959-07-01T21:45:58.822Z', 'age': 64}, 'registered': {'date': '2004-06-19T13:26:11.530Z', 'age': 19}, 'phone': '09-105-439', 'cell': '043-723-64-98', 'id': {'name': 'HETU', 'value': 'NaNNA404undefined'}, 'picture': {'large': 'https://randomuser.me/api/portraits/women/9.jpg', 'medium': 'https://randomuser.me/api/portraits/med/women/9.jpg', 'thumbnail': 'https://randomuser.me/api/portraits/thumb/women/9.jpg'}, 'nat': 'FI'}</msg>
<arg>${json_data['results'][0]}</arg>
<doc>Logs the given message with the given level.</doc>
<status status="PASS" start="2024-05-12T19:11:20.811577" elapsed="0.000416"/>
</kw>
<kw name="Log" owner="BuiltIn">
<msg time="2024-05-12T19:11:20.812418" level="INFO">name</msg>
<arg>${key}</arg>
<doc>Logs the given message with the given level.</doc>
<status status="PASS" start="2024-05-12T19:11:20.812290" elapsed="0.000166"/>
</kw>
<var name="${key}">name</var>
<status status="PASS" start="2024-05-12T19:11:20.810707" elapsed="0.001964"/>
</iter>
<iter>
<kw name="Dictionary Should Contain Key" owner="Collections">
<msg time="2024-05-12T19:11:20.813399" level="INFO">False</msg>
<arg>${json_data['results'][0]}</arg>
<arg>${key}</arg>
<doc>Fails if ``key`` is not found from ``dictionary``.</doc>
<status status="PASS" start="2024-05-12T19:11:20.813011" elapsed="0.000425"/>
</kw>
<kw name="Log" owner="BuiltIn">
<msg time="2024-05-12T19:11:20.814105" level="INFO">{'gender': 'female', 'name': {'title': 'Miss', 'first': 'Hilla', 'last': 'Keto'}, 'location': {'street': {'number': 5756, 'name': 'Korkeavuorenkatu'}, 'city': 'Pyhäjoki', 'state': 'Pirkanmaa', 'country': 'Finland', 'postcode': 11046, 'coordinates': {'latitude': '-27.6090', 'longitude': '124.1782'}, 'timezone': {'offset': '-6:00', 'description': 'Central Time (US &amp; Canada), Mexico City'}}, 'email': 'hilla.keto@example.com', 'login': {'uuid': '443395a9-05a7-48cb-bf28-60411f20865e', 'username': 'lazygorilla119', 'password': 'benson', 'salt': 'vNBGYSU7', 'md5': '8c4e400cd8efe89b49dc8bd0c68be2e0', 'sha1': 'c452ca88dbc41aa88085a5db532a3d84290aab10', 'sha256': 'f00be24dc62fc3bd2ee003ce4460bf5a0fb910d9acfbb7cf70795b98d5b0aba7'}, 'dob': {'date': '1959-07-01T21:45:58.822Z', 'age': 64}, 'registered': {'date': '2004-06-19T13:26:11.530Z', 'age': 19}, 'phone': '09-105-439', 'cell': '043-723-64-98', 'id': {'name': 'HETU', 'value': 'NaNNA404undefined'}, 'picture': {'large': 'https://randomuser.me/api/portraits/women/9.jpg', 'medium': 'https://randomuser.me/api/portraits/med/women/9.jpg', 'thumbnail': 'https://randomuser.me/api/portraits/thumb/women/9.jpg'}, 'nat': 'FI'}</msg>
<arg>${json_data['results'][0]}</arg>
<doc>Logs the given message with the given level.</doc>
<status status="PASS" start="2024-05-12T19:11:20.813737" elapsed="0.000419"/>
</kw>
<kw name="Log" owner="BuiltIn">
<msg time="2024-05-12T19:11:20.814583" level="INFO">location</msg>
<arg>${key}</arg>
<doc>Logs the given message with the given level.</doc>
<status status="PASS" start="2024-05-12T19:11:20.814455" elapsed="0.000166"/>
</kw>
<var name="${key}">location</var>
<status status="PASS" start="2024-05-12T19:11:20.812896" elapsed="0.001953"/>
</iter>
<iter>
<kw name="Dictionary Should Contain Key" owner="Collections">
<msg time="2024-05-12T19:11:20.815519" level="INFO">False</msg>
<arg>${json_data['results'][0]}</arg>
<arg>${key}</arg>
<doc>Fails if ``key`` is not found from ``dictionary``.</doc>
<status status="PASS" start="2024-05-12T19:11:20.815136" elapsed="0.000421"/>
</kw>
<kw name="Log" owner="BuiltIn">
<msg time="2024-05-12T19:11:20.816225" level="INFO">{'gender': 'female', 'name': {'title': 'Miss', 'first': 'Hilla', 'last': 'Keto'}, 'location': {'street': {'number': 5756, 'name': 'Korkeavuorenkatu'}, 'city': 'Pyhäjoki', 'state': 'Pirkanmaa', 'country': 'Finland', 'postcode': 11046, 'coordinates': {'latitude': '-27.6090', 'longitude': '124.1782'}, 'timezone': {'offset': '-6:00', 'description': 'Central Time (US &amp; Canada), Mexico City'}}, 'email': 'hilla.keto@example.com', 'login': {'uuid': '443395a9-05a7-48cb-bf28-60411f20865e', 'username': 'lazygorilla119', 'password': 'benson', 'salt': 'vNBGYSU7', 'md5': '8c4e400cd8efe89b49dc8bd0c68be2e0', 'sha1': 'c452ca88dbc41aa88085a5db532a3d84290aab10', 'sha256': 'f00be24dc62fc3bd2ee003ce4460bf5a0fb910d9acfbb7cf70795b98d5b0aba7'}, 'dob': {'date': '1959-07-01T21:45:58.822Z', 'age': 64}, 'registered': {'date': '2004-06-19T13:26:11.530Z', 'age': 19}, 'phone': '09-105-439', 'cell': '043-723-64-98', 'id': {'name': 'HETU', 'value': 'NaNNA404undefined'}, 'picture': {'large': 'https://randomuser.me/api/portraits/women/9.jpg', 'medium': 'https://randomuser.me/api/portraits/med/women/9.jpg', 'thumbnail': 'https://randomuser.me/api/portraits/thumb/women/9.jpg'}, 'nat': 'FI'}</msg>
<arg>${json_data['results'][0]}</arg>
<doc>Logs the given message with the given level.</doc>
<status status="PASS" start="2024-05-12T19:11:20.815858" elapsed="0.000418"/>
</kw>
<kw name="Log" owner="BuiltIn">
<msg time="2024-05-12T19:11:20.816731" level="INFO">email</msg>
<arg>${key}</arg>
<doc>Logs the given message with the given level.</doc>
<status status="PASS" start="2024-05-12T19:11:20.816570" elapsed="0.000213"/>
</kw>
<var name="${key}">email</var>
<status status="PASS" start="2024-05-12T19:11:20.815024" elapsed="0.001980"/>
</iter>
<iter>
<kw name="Dictionary Should Contain Key" owner="Collections">
<msg time="2024-05-12T19:11:20.817688" level="INFO">False</msg>
<arg>${json_data['results'][0]}</arg>
<arg>${key}</arg>
<doc>Fails if ``key`` is not found from ``dictionary``.</doc>
<status status="PASS" start="2024-05-12T19:11:20.817293" elapsed="0.000433"/>
</kw>
<kw name="Log" owner="BuiltIn">
<msg time="2024-05-12T19:11:20.818399" level="INFO">{'gender': 'female', 'name': {'title': 'Miss', 'first': 'Hilla', 'last': 'Keto'}, 'location': {'street': {'number': 5756, 'name': 'Korkeavuorenkatu'}, 'city': 'Pyhäjoki', 'state': 'Pirkanmaa', 'country': 'Finland', 'postcode': 11046, 'coordinates': {'latitude': '-27.6090', 'longitude': '124.1782'}, 'timezone': {'offset': '-6:00', 'description': 'Central Time (US &amp; Canada), Mexico City'}}, 'email': 'hilla.keto@example.com', 'login': {'uuid': '443395a9-05a7-48cb-bf28-60411f20865e', 'username': 'lazygorilla119', 'password': 'benson', 'salt': 'vNBGYSU7', 'md5': '8c4e400cd8efe89b49dc8bd0c68be2e0', 'sha1': 'c452ca88dbc41aa88085a5db532a3d84290aab10', 'sha256': 'f00be24dc62fc3bd2ee003ce4460bf5a0fb910d9acfbb7cf70795b98d5b0aba7'}, 'dob': {'date': '1959-07-01T21:45:58.822Z', 'age': 64}, 'registered': {'date': '2004-06-19T13:26:11.530Z', 'age': 19}, 'phone': '09-105-439', 'cell': '043-723-64-98', 'id': {'name': 'HETU', 'value': 'NaNNA404undefined'}, 'picture': {'large': 'https://randomuser.me/api/portraits/women/9.jpg', 'medium': 'https://randomuser.me/api/portraits/med/women/9.jpg', 'thumbnail': 'https://randomuser.me/api/portraits/thumb/women/9.jpg'}, 'nat': 'FI'}</msg>
<arg>${json_data['results'][0]}</arg>
<doc>Logs the given message with the given level.</doc>
<status status="PASS" start="2024-05-12T19:11:20.818024" elapsed="0.000426"/>
</kw>
<kw name="Log" owner="BuiltIn">
<msg time="2024-05-12T19:11:20.818874" level="INFO">login</msg>
<arg>${key}</arg>
<doc>Logs the given message with the given level.</doc>
<status status="PASS" start="2024-05-12T19:11:20.818748" elapsed="0.000197"/>
</kw>
<var name="${key}">login</var>
<status status="PASS" start="2024-05-12T19:11:20.817180" elapsed="0.001987"/>
</iter>
<var>${key}</var>
<value>@{expected_keys}</value>
<status status="PASS" start="2024-05-12T19:11:20.808268" elapsed="0.011020"/>
</for>
<kw name="Create List" owner="BuiltIn">
<msg time="2024-05-12T19:11:20.819633" level="INFO">${expected_keysTwo} = ['username', 'password']</msg>
<var>${expected_keysTwo}</var>
<arg>username</arg>
<arg>password</arg>
<doc>Returns a list containing given items.</doc>
<status status="PASS" start="2024-05-12T19:11:20.819495" elapsed="0.000161"/>
</kw>
<for flavor="IN">
<iter>
<kw name="Dictionary Should Contain Key" owner="Collections">
<msg time="2024-05-12T19:11:20.820545" level="INFO">False</msg>
<arg>${json_data['results'][0]['login']}</arg>
<arg>${keyTwo}</arg>
<doc>Fails if ``key`` is not found from ``dictionary``.</doc>
<status status="PASS" start="2024-05-12T19:11:20.820158" elapsed="0.000425"/>
</kw>
<kw name="Dictionary Should Contain Key" owner="Collections">
<msg time="2024-05-12T19:11:20.821323" level="INFO">False</msg>
<arg>${json_data['results'][0]['login']}</arg>
<arg>${keyTwo}</arg>
<doc>Fails if ``key`` is not found from ``dictionary``.</doc>
<status status="PASS" start="2024-05-12T19:11:20.820925" elapsed="0.000437"/>
</kw>
<kw name="Log" owner="BuiltIn">
<msg time="2024-05-12T19:11:20.821782" level="INFO">username</msg>
<arg>${keyTwo}</arg>
<doc>Logs the given message with the given level.</doc>
<status status="PASS" start="2024-05-12T19:11:20.821654" elapsed="0.000169"/>
</kw>
<var name="${keyTwo}">username</var>
<status status="PASS" start="2024-05-12T19:11:20.820046" elapsed="0.001991"/>
</iter>
<iter>
<kw name="Dictionary Should Contain Key" owner="Collections">
<msg time="2024-05-12T19:11:20.822785" level="INFO">False</msg>
<arg>${json_data['results'][0]['login']}</arg>
<arg>${keyTwo}</arg>
<doc>Fails if ``key`` is not found from ``dictionary``.</doc>
<status status="PASS" start="2024-05-12T19:11:20.822321" elapsed="0.000504"/>
</kw>
<kw name="Dictionary Should Contain Key" owner="Collections">
<msg time="2024-05-12T19:11:20.823512" level="INFO">False</msg>
<arg>${json_data['results'][0]['login']}</arg>
<arg>${keyTwo}</arg>
<doc>Fails if ``key`` is not found from ``dictionary``.</doc>
<status status="PASS" start="2024-05-12T19:11:20.823127" elapsed="0.000422"/>
</kw>
<kw name="Log" owner="BuiltIn">
<msg time="2024-05-12T19:11:20.823971" level="INFO">password</msg>
<arg>${keyTwo}</arg>
<doc>Logs the given message with the given level.</doc>
<status status="PASS" start="2024-05-12T19:11:20.823844" elapsed="0.000164"/>
</kw>
<var name="${keyTwo}">password</var>
<status status="PASS" start="2024-05-12T19:11:20.822210" elapsed="0.002010"/>
</iter>
<var>${keyTwo}</var>
<value>@{expected_keysTwo}</value>
<status status="PASS" start="2024-05-12T19:11:20.819891" elapsed="0.004450"/>
</for>
<status status="PASS" start="2024-05-12T19:11:20.731379" elapsed="0.093099"/>
</kw>
<doc>Testa a estrutura da resposta da API.</doc>
<tag>testeEstruturaResposta</tag>
<status status="PASS" start="2024-05-12T19:11:20.730845" elapsed="0.093783"/>
</test>
<test id="s1-s1-t4" name="Validar tipos de dados" line="28">
<kw name="Teste de Tipos de Dados" owner="random-user-service">
<kw name="GET On Session" owner="RequestsLibrary">
<msg time="2024-05-12T19:11:20.909901" level="INFO">GET Request : url=https://randomuser.me/api 
 path_url=/api 
 headers={'User-Agent': 'python-requests/2.31.0', 'Accept-Encoding': 'gzip, deflate', 'Accept': '*/*', 'Connection': 'keep-alive'} 
 body=None 
 </msg>
<msg time="2024-05-12T19:11:20.910022" level="INFO">GET Response : url=https://randomuser.me/api 
 status=200, reason=OK 
 headers={'Date': 'Sun, 12 May 2024 19:11:20 GMT', 'Content-Type': 'application/json; charset=utf-8', 'Transfer-Encoding': 'chunked', 'Connection': 'keep-alive', 'X-Powered-By': 'Express', 'Access-Control-Allow-Origin': '*', 'Cache-Control': 'no-cache', 'ETag': 'W/"47e-eZssHDC3Y8+tRx8H/B5yLu7/5iE"', 'Vary': 'Accept-Encoding', 'Content-Encoding': 'gzip', 'CF-Cache-Status': 'DYNAMIC', 'Report-To': '{"endpoints":[{"url":"https:\\/\\/a.nel.cloudflare.com\\/report\\/v4?s=e69Uu34xFsbeQHWWPf7ImnF7zrZ%2FULnmt5PDhLsL%2FTEyM56IBgJowjfxO1PTcV1X%2BV7Plin7Cm%2Bw3W43CxvLlF%2BSx%2B89egviYOH7JeQpq0T71aZoLnNUvlMsNydlEDQd"}],"group":"cf-nel","max_age":604800}', 'NEL': '{"success_fraction":0,"report_to":"cf-nel","max_age":604800}', 'Server': 'cloudflare', 'CF-RAY': '882cb6cb3f18241a-IAD', 'alt-svc': 'h3=":443"; ma=86400'} 
 body={"results":[{"gender":"male","name":{"title":"Mr","first":"Kurt","last":"Riley"},"location":{"street":{"number":805,"name":"Wycliff Ave"},"city":"Bowral","state":"Western Australia","country":"Australia","postcode":9118,"coordinates":{"latitude":"-82.4855","longitude":"-115.7181"},"timezone":{"offset":"+6:00","description":"Almaty, Dhaka, Colombo"}},"email":"kurt.riley@example.com","login":{"uuid":"9cc1f2eb-a5f1-45e5-8938-813b39169d6d","username":"bluelion591","password":"meathead","salt":"Pt9gv5uH","md5":"023e32fa60e5b76f4110a0fa82521fe4","sha1":"9152a1a7da6259d41ef32d999fab063db8de406c","sha256":"f935aece6ced4c93a15609f791fb5478aad1db40ebb3fcd1b43b5471bdc7cee6"},"dob":{"date":"1948-05-05T06:57:10.124Z","age":76},"registered":{"date":"2006-07-24T03:20:49.192Z","age":17},"phone":"02-5035-8384","cell":"0443-092-626","id":{"name":"TFN","value":"145667488"},"picture":{"large":"https://randomuser.me/api/portraits/men/73.jpg","medium":"https://randomuser.me/api/portraits/med/men/73.jpg","thumbnail":"https://randomuser.me/api/portraits/thumb/men/73.jpg"},"nat":"AU"}],"info":{"seed":"8b2c902aabd39255","results":1,"page":1,"version":"1.4"}} 
 </msg>
<msg time="2024-05-12T19:11:20.910112" level="INFO">/opt/hostedtoolcache/Python/3.12.3/x64/lib/python3.12/site-packages/urllib3/connectionpool.py:1103: InsecureRequestWarning: Unverified HTTPS request is being made to host 'randomuser.me'. Adding certificate verification is strongly advised. See: https://urllib3.readthedocs.io/en/latest/advanced-usage.html#tls-warnings
  warnings.warn(</msg>
<msg time="2024-05-12T19:11:20.910225" level="INFO">${response} = &lt;Response [200]&gt;</msg>
<var>${response}</var>
<arg>consultarAPI</arg>
<arg>/api</arg>
<doc>Sends a GET request on a previously created HTTP Session.</doc>
<status status="PASS" start="2024-05-12T19:11:20.827121" elapsed="0.083146"/>
</kw>
<kw name="Set Variable" owner="BuiltIn">
<msg time="2024-05-12T19:11:20.911424" level="INFO">${json_data} = {'results': [{'gender': 'male', 'name': {'title': 'Mr', 'first': 'Kurt', 'last': 'Riley'}, 'location': {'street': {'number': 805, 'name': 'Wycliff Ave'}, 'city': 'Bowral', 'state': 'Western Australia'...</msg>
<var>${json_data}</var>
<arg>${response.json()}</arg>
<doc>Returns the given values which can then be assigned to a variables.</doc>
<status status="PASS" start="2024-05-12T19:11:20.910823" elapsed="0.000630"/>
</kw>
<kw name="Log" owner="BuiltIn">
<msg time="2024-05-12T19:11:20.911937" level="INFO">{'results': [{'gender': 'male', 'name': {'title': 'Mr', 'first': 'Kurt', 'last': 'Riley'}, 'location': {'street': {'number': 805, 'name': 'Wycliff Ave'}, 'city': 'Bowral', 'state': 'Western Australia', 'country': 'Australia', 'postcode': 9118, 'coordinates': {'latitude': '-82.4855', 'longitude': '-115.7181'}, 'timezone': {'offset': '+6:00', 'description': 'Almaty, Dhaka, Colombo'}}, 'email': 'kurt.riley@example.com', 'login': {'uuid': '9cc1f2eb-a5f1-45e5-8938-813b39169d6d', 'username': 'bluelion591', 'password': 'meathead', 'salt': 'Pt9gv5uH', 'md5': '023e32fa60e5b76f4110a0fa82521fe4', 'sha1': '9152a1a7da6259d41ef32d999fab063db8de406c', 'sha256': 'f935aece6ced4c93a15609f791fb5478aad1db40ebb3fcd1b43b5471bdc7cee6'}, 'dob': {'date': '1948-05-05T06:57:10.124Z', 'age': 76}, 'registered': {'date': '2006-07-24T03:20:49.192Z', 'age': 17}, 'phone': '02-5035-8384', 'cell': '0443-092-626', 'id': {'name': 'TFN', 'value': '145667488'}, 'picture': {'large': 'https://randomuser.me/api/portraits/men/73.jpg', 'medium': 'https://randomuser.me/api/portraits/med/men/73.jpg', 'thumbnail': 'https://randomuser.me/api/portraits/thumb/men/73.jpg'}, 'nat': 'AU'}], 'info': {'seed': '8b2c902aabd39255', 'results': 1, 'page': 1, 'version': '1.4'}}</msg>
<arg>${json_data}</arg>
<doc>Logs the given message with the given level.</doc>
<status status="PASS" start="2024-05-12T19:11:20.911778" elapsed="0.000241"/>
</kw>
<kw name="Should Be String" owner="String">
<arg>${json_data['results'][0]['gender']}</arg>
<doc>Fails if the given ``item`` is not a string.</doc>
<status status="PASS" start="2024-05-12T19:11:20.912329" elapsed="0.000403"/>
</kw>
<kw name="Should Match Regexp" owner="BuiltIn">
<arg>${json_data['results'][0]['email']}</arg>
<arg>^[a-zA-Z0-9._%+-]+@[a-zA-Z0-9.-]+\.[a-zA-Z]{2,}$</arg>
<doc>Fails if ``string`` does not match ``pattern`` as a regular expression.</doc>
<status status="PASS" start="2024-05-12T19:11:20.912937" elapsed="0.000534"/>
</kw>
<kw name="Should Match Regexp" owner="BuiltIn">
<arg>${json_data['results'][0]['dob']['date']}</arg>
<arg>\\d{4}-\\d{2}-\\d{2}T\\d{2}:\\d{2}:\\d{2}\\.\\d{3}Z</arg>
<doc>Fails if ``string`` does not match ``pattern`` as a regular expression.</doc>
<status status="PASS" start="2024-05-12T19:11:20.913672" elapsed="0.000507"/>
</kw>
<kw name="Should Match Regexp" owner="BuiltIn">
<arg>${json_data['results'][0]['registered']['date']}</arg>
<arg>\\d{4}-\\d{2}-\\d{2}T\\d{2}:\\d{2}:\\d{2}\\.\\d{3}Z</arg>
<doc>Fails if ``string`` does not match ``pattern`` as a regular expression.</doc>
<status status="PASS" start="2024-05-12T19:11:20.914375" elapsed="0.000370"/>
</kw>
<kw name="Should Match Regexp" owner="BuiltIn">
<arg>${json_data['results'][0]['picture']['large']}</arg>
<arg>^https?://.*\.(?:png|jpe?g|gif|bmp)$</arg>
<doc>Fails if ``string`` does not match ``pattern`` as a regular expression.</doc>
<status status="PASS" start="2024-05-12T19:11:20.914939" elapsed="0.000476"/>
</kw>
<kw name="Should Match Regexp" owner="BuiltIn">
<arg>${json_data['results'][0]['picture']['medium']}</arg>
<arg>^https?://.*\.(?:png|jpe?g|gif|bmp)$</arg>
<doc>Fails if ``string`` does not match ``pattern`` as a regular expression.</doc>
<status status="PASS" start="2024-05-12T19:11:20.915613" elapsed="0.000353"/>
</kw>
<kw name="Should Match Regexp" owner="BuiltIn">
<arg>${json_data['results'][0]['picture']['thumbnail']}</arg>
<arg>^https?://.*\.(?:png|jpe?g|gif|bmp)$</arg>
<doc>Fails if ``string`` does not match ``pattern`` as a regular expression.</doc>
<status status="PASS" start="2024-05-12T19:11:20.916157" elapsed="0.000358"/>
</kw>
<kw name="Log" owner="BuiltIn">
<msg time="2024-05-12T19:11:20.917257" level="INFO">{'large': 'https://randomuser.me/api/portraits/men/73.jpg', 'medium': 'https://randomuser.me/api/portraits/med/men/73.jpg', 'thumbnail': 'https://randomuser.me/api/portraits/thumb/men/73.jpg'}</msg>
<arg>${json_data['results'][0]['picture']}</arg>
<doc>Logs the given message with the given level.</doc>
<status status="PASS" start="2024-05-12T19:11:20.916723" elapsed="0.000607"/>
</kw>
<status status="PASS" start="2024-05-12T19:11:20.826895" elapsed="0.090809"/>
</kw>
<kw name="Teste de Tipos de Dados - Postcode" owner="random-user-service">
<kw name="GET On Session" owner="RequestsLibrary">
<msg time="2024-05-12T19:11:21.024386" level="INFO">GET Request : url=https://randomuser.me/api 
 path_url=/api 
 headers={'User-Agent': 'python-requests/2.31.0', 'Accept-Encoding': 'gzip, deflate', 'Accept': '*/*', 'Connection': 'keep-alive'} 
 body=None 
 </msg>
<msg time="2024-05-12T19:11:21.024475" level="INFO">GET Response : url=https://randomuser.me/api 
 status=200, reason=OK 
 headers={'Date': 'Sun, 12 May 2024 19:11:21 GMT', 'Content-Type': 'application/json; charset=utf-8', 'Transfer-Encoding': 'chunked', 'Connection': 'keep-alive', 'X-Powered-By': 'Express', 'Access-Control-Allow-Origin': '*', 'Cache-Control': 'no-cache', 'ETag': 'W/"473-Y6UJXXBLfzMMPhU1CO70mLmETSM"', 'Vary': 'Accept-Encoding', 'Content-Encoding': 'gzip', 'CF-Cache-Status': 'DYNAMIC', 'Report-To': '{"endpoints":[{"url":"https:\\/\\/a.nel.cloudflare.com\\/report\\/v4?s=ojtWXutBb4mVTXoiZECkjdrjQxj3WSooX4ilniBjyUjx4DLi%2FB5fxkpRX4pNAgrgDopCzxr2kxRIhAw9gZzopYl%2Fc%2FxzmQ6k3oldkcaBDKDLY1xBvAJA6A%2B4WkWm%2FMUh"}],"group":"cf-nel","max_age":604800}', 'NEL': '{"success_fraction":0,"report_to":"cf-nel","max_age":604800}', 'Server': 'cloudflare', 'CF-RAY': '882cb6cbcfae241a-IAD', 'alt-svc': 'h3=":443"; ma=86400'} 
 body={"results":[{"gender":"male","name":{"title":"Mr","first":"Yatin","last":"Bal"},"location":{"street":{"number":2648,"name":"Tank Bund Rd"},"city":"Pune","state":"Manipur","country":"India","postcode":71598,"coordinates":{"latitude":"11.3992","longitude":"-111.4267"},"timezone":{"offset":"-7:00","description":"Mountain Time (US &amp; Canada)"}},"email":"yatin.bal@example.com","login":{"uuid":"f124fb9a-639b-4741-8b92-8226499be288","username":"organiccat593","password":"phish","salt":"xnJUBqep","md5":"39d91a1dc07e9809f8cf5a290ebe5007","sha1":"c21818fd47ae3e010657257729cdd7c248afe84d","sha256":"a6c2ee6ea460d854c5fc19de5d92e6dadaa2cdcb0bfcb2913ff5662bc637d5f9"},"dob":{"date":"1955-02-18T01:42:04.881Z","age":69},"registered":{"date":"2005-08-03T02:36:18.590Z","age":18},"phone":"7557915590","cell":"7806324253","id":{"name":"UIDAI","value":"352410500601"},"picture":{"large":"https://randomuser.me/api/portraits/men/37.jpg","medium":"https://randomuser.me/api/portraits/med/men/37.jpg","thumbnail":"https://randomuser.me/api/portraits/thumb/men/37.jpg"},"nat":"IN"}],"info":{"seed":"728d7448ae7c6276","results":1,"page":1,"version":"1.4"}} 
 </msg>
<msg time="2024-05-12T19:11:21.024545" level="INFO">/opt/hostedtoolcache/Python/3.12.3/x64/lib/python3.12/site-packages/urllib3/connectionpool.py:1103: InsecureRequestWarning: Unverified HTTPS request is being made to host 'randomuser.me'. Adding certificate verification is strongly advised. See: https://urllib3.readthedocs.io/en/latest/advanced-usage.html#tls-warnings
  warnings.warn(</msg>
<msg time="2024-05-12T19:11:21.024654" level="INFO">${response} = &lt;Response [200]&gt;</msg>
<var>${response}</var>
<arg>consultarAPI</arg>
<arg>/api</arg>
<doc>Sends a GET request on a previously created HTTP Session.</doc>
<status status="PASS" start="2024-05-12T19:11:20.918253" elapsed="0.106451"/>
</kw>
<kw name="Set Variable" owner="BuiltIn">
<msg time="2024-05-12T19:11:21.025717" level="INFO">${json_data} = {'results': [{'gender': 'male', 'name': {'title': 'Mr', 'first': 'Yatin', 'last': 'Bal'}, 'location': {'street': {'number': 2648, 'name': 'Tank Bund Rd'}, 'city': 'Pune', 'state': 'Manipur', 'country'...</msg>
<var>${json_data}</var>
<arg>${response.json()}</arg>
<doc>Returns the given values which can then be assigned to a variables.</doc>
<status status="PASS" start="2024-05-12T19:11:21.025203" elapsed="0.000542"/>
</kw>
<kw name="Log" owner="BuiltIn">
<msg time="2024-05-12T19:11:21.026206" level="INFO">{'results': [{'gender': 'male', 'name': {'title': 'Mr', 'first': 'Yatin', 'last': 'Bal'}, 'location': {'street': {'number': 2648, 'name': 'Tank Bund Rd'}, 'city': 'Pune', 'state': 'Manipur', 'country': 'India', 'postcode': 71598, 'coordinates': {'latitude': '11.3992', 'longitude': '-111.4267'}, 'timezone': {'offset': '-7:00', 'description': 'Mountain Time (US &amp; Canada)'}}, 'email': 'yatin.bal@example.com', 'login': {'uuid': 'f124fb9a-639b-4741-8b92-8226499be288', 'username': 'organiccat593', 'password': 'phish', 'salt': 'xnJUBqep', 'md5': '39d91a1dc07e9809f8cf5a290ebe5007', 'sha1': 'c21818fd47ae3e010657257729cdd7c248afe84d', 'sha256': 'a6c2ee6ea460d854c5fc19de5d92e6dadaa2cdcb0bfcb2913ff5662bc637d5f9'}, 'dob': {'date': '1955-02-18T01:42:04.881Z', 'age': 69}, 'registered': {'date': '2005-08-03T02:36:18.590Z', 'age': 18}, 'phone': '7557915590', 'cell': '7806324253', 'id': {'name': 'UIDAI', 'value': '352410500601'}, 'picture': {'large': 'https://randomuser.me/api/portraits/men/37.jpg', 'medium': 'https://randomuser.me/api/portraits/med/men/37.jpg', 'thumbnail': 'https://randomuser.me/api/portraits/thumb/men/37.jpg'}, 'nat': 'IN'}], 'info': {'seed': '728d7448ae7c6276', 'results': 1, 'page': 1, 'version': '1.4'}}</msg>
<arg>${json_data}</arg>
<doc>Logs the given message with the given level.</doc>
<status status="PASS" start="2024-05-12T19:11:21.026052" elapsed="0.000238"/>
</kw>
<kw name="Should Be Equal As Numbers" owner="BuiltIn">
<arg>${json_data['results'][0]['location']['postcode']}</arg>
<arg>${json_data['results'][0]['location']['postcode']}</arg>
<doc>Fails if objects are unequal after converting them to real numbers.</doc>
<status status="PASS" start="2024-05-12T19:11:21.026766" elapsed="0.000624"/>
</kw>
<kw name="Log" owner="BuiltIn">
<msg time="2024-05-12T19:11:21.027917" level="INFO">71598</msg>
<arg>${json_data['results'][0]['location']['postcode']}</arg>
<doc>Logs the given message with the given level.</doc>
<status status="PASS" start="2024-05-12T19:11:21.027581" elapsed="0.000376"/>
</kw>
<status status="PASS" start="2024-05-12T19:11:20.918011" elapsed="0.110211"/>
</kw>
<doc>Testa se os tipos de dados na resposta da API estão corretos.</doc>
<tag>testeTiposDados</tag>
<status status="PASS" start="2024-05-12T19:11:20.826449" elapsed="0.201940"/>
</test>
<test id="s1-s1-t5" name="Validar conteudo" line="35">
<kw name="Teste de Tipos de Conteudo" owner="random-user-service">
<kw name="GET On Session" owner="RequestsLibrary">
<msg time="2024-05-12T19:11:21.105134" level="INFO">GET Request : url=https://randomuser.me/api 
 path_url=/api 
 headers={'User-Agent': 'python-requests/2.31.0', 'Accept-Encoding': 'gzip, deflate', 'Accept': '*/*', 'Connection': 'keep-alive'} 
 body=None 
 </msg>
<msg time="2024-05-12T19:11:21.105214" level="INFO">GET Response : url=https://randomuser.me/api 
 status=200, reason=OK 
 headers={'Date': 'Sun, 12 May 2024 19:11:21 GMT', 'Content-Type': 'application/json; charset=utf-8', 'Transfer-Encoding': 'chunked', 'Connection': 'keep-alive', 'X-Powered-By': 'Express', 'Access-Control-Allow-Origin': '*', 'Cache-Control': 'no-cache', 'ETag': 'W/"496-XfiJODwGe9nOYNTDikM82G1Nuo0"', 'Vary': 'Accept-Encoding', 'Content-Encoding': 'gzip', 'CF-Cache-Status': 'DYNAMIC', 'Report-To': '{"endpoints":[{"url":"https:\\/\\/a.nel.cloudflare.com\\/report\\/v4?s=xgfAlbN0z63dhtHF6eu%2Bj7xjNP5U3ZjnGfei%2B79MxMHjTPXcbkKtaO0BhHdVzSRXTPsa9t%2FGjoxb%2FDkMyTiGR3ihFw7lJ0YhwQqtNbu4mnADYErBSLtivjSq%2FWf2sWll"}],"group":"cf-nel","max_age":604800}', 'NEL': '{"success_fraction":0,"report_to":"cf-nel","max_age":604800}', 'Server': 'cloudflare', 'CF-RAY': '882cb6cc786f241a-IAD', 'alt-svc': 'h3=":443"; ma=86400'} 
 body={"results":[{"gender":"male","name":{"title":"Mr","first":"Valdemar","last":"Jørgensen"},"location":{"street":{"number":6948,"name":"Klostergade"},"city":"V.Skerninge","state":"Danmark","country":"Denmark","postcode":24938,"coordinates":{"latitude":"-43.8984","longitude":"-155.4661"},"timezone":{"offset":"+11:00","description":"Magadan, Solomon Islands, New Caledonia"}},"email":"valdemar.jorgensen@example.com","login":{"uuid":"e5fb6e12-a022-4aec-a0e3-6e499d3426cf","username":"tinyduck452","password":"13131313","salt":"PalkO5V3","md5":"4e40c0981715467084f53fc4cd6fd891","sha1":"3108fdc871446f00ad0379a00075cf329058e922","sha256":"92ba4efa76e1b43ddf56b223deb30672a7f463e7d16fbfa0218a2a276da3a95e"},"dob":{"date":"1995-06-19T17:01:47.984Z","age":28},"registered":{"date":"2008-05-28T21:01:11.319Z","age":15},"phone":"58221379","cell":"12182174","id":{"name":"CPR","value":"190695-9393"},"picture":{"large":"https://randomuser.me/api/portraits/men/56.jpg","medium":"https://randomuser.me/api/portraits/med/men/56.jpg","thumbnail":"https://randomuser.me/api/portraits/thumb/men/56.jpg"},"nat":"DK"}],"info":{"seed":"131164bd81980f8d","results":1,"page":1,"version":"1.4"}} 
 </msg>
<msg time="2024-05-12T19:11:21.105285" level="INFO">/opt/hostedtoolcache/Python/3.12.3/x64/lib/python3.12/site-packages/urllib3/connectionpool.py:1103: InsecureRequestWarning: Unverified HTTPS request is being made to host 'randomuser.me'. Adding certificate verification is strongly advised. See: https://urllib3.readthedocs.io/en/latest/advanced-usage.html#tls-warnings
  warnings.warn(</msg>
<msg time="2024-05-12T19:11:21.105395" level="INFO">${response} = &lt;Response [200]&gt;</msg>
<var>${response}</var>
<arg>consultarAPI</arg>
<arg>/api</arg>
<doc>Sends a GET request on a previously created HTTP Session.</doc>
<status status="PASS" start="2024-05-12T19:11:21.030903" elapsed="0.074544"/>
</kw>
<kw name="Set Variable" owner="BuiltIn">
<msg time="2024-05-12T19:11:21.106660" level="INFO">${json_data} = {'results': [{'gender': 'male', 'name': {'title': 'Mr', 'first': 'Valdemar', 'last': 'Jørgensen'}, 'location': {'street': {'number': 6948, 'name': 'Klostergade'}, 'city': 'V.Skerninge', 'state': 'Danm...</msg>
<var>${json_data}</var>
<arg>${response.json()}</arg>
<doc>Returns the given values which can then be assigned to a variables.</doc>
<status status="PASS" start="2024-05-12T19:11:21.105964" elapsed="0.000725"/>
</kw>
<kw name="Set Variable" owner="BuiltIn">
<msg time="2024-05-12T19:11:21.107376" level="INFO">${name_title} = Mr</msg>
<var>${name_title}</var>
<arg>${json_data["results"][0]["name"]["title"]}</arg>
<doc>Returns the given values which can then be assigned to a variables.</doc>
<status status="PASS" start="2024-05-12T19:11:21.106995" elapsed="0.000406"/>
</kw>
<kw name="Create List" owner="BuiltIn">
<msg time="2024-05-12T19:11:21.107847" level="INFO">${allowed_titles} = ['Mr', 'Ms', 'Miss', 'Mrs', 'Madame', 'Monsieur']</msg>
<var>${allowed_titles}</var>
<arg>Mr</arg>
<arg>Ms</arg>
<arg>Miss</arg>
<arg>Mrs</arg>
<arg>Madame</arg>
<arg>Monsieur</arg>
<doc>Returns a list containing given items.</doc>
<status status="PASS" start="2024-05-12T19:11:21.107700" elapsed="0.000172"/>
</kw>
<kw name="List Should Contain Value" owner="Collections">
<msg time="2024-05-12T19:11:21.108342" level="INFO">False</msg>
<arg>${allowed_titles}</arg>
<arg>${name_title}</arg>
<doc>Fails if the ``value`` is not found from ``list``.</doc>
<status status="PASS" start="2024-05-12T19:11:21.108170" elapsed="0.000209"/>
</kw>
<kw name="Set Variable" owner="BuiltIn">
<msg time="2024-05-12T19:11:21.109092" level="INFO">${name_country} = DK</msg>
<var>${name_country}</var>
<arg>${json_data["results"][0]["nat"]}</arg>
<doc>Returns the given values which can then be assigned to a variables.</doc>
<status status="PASS" start="2024-05-12T19:11:21.108669" elapsed="0.000448"/>
</kw>
<kw name="Create List" owner="BuiltIn">
<msg time="2024-05-12T19:11:21.110011" level="INFO">${list_country} = ['AD', 'AE', 'AF', 'AG', 'AI', 'AL', 'AM', 'AO', 'AQ', 'AR', 'AS', 'AT', 'AU', 'AW', 'AX', 'AZ', 'BA', 'BB', 'BD', 'BE', 'BF', 'BG', 'BH', 'BI', 'BJ', 'BL', 'BM', 'BN', 'BO', 'BQ', 'BR', 'BS', 'BT', '...</msg>
<var>${list_country}</var>
<arg>AD</arg>
<arg>AE</arg>
<arg>AF</arg>
<arg>AG</arg>
<arg>AI</arg>
<arg>AL</arg>
<arg>AM</arg>
<arg>AO</arg>
<arg>AQ</arg>
<arg>AR</arg>
<arg>AS</arg>
<arg>AT</arg>
<arg>AU</arg>
<arg>AW</arg>
<arg>AX</arg>
<arg>AZ</arg>
<arg>BA</arg>
<arg>BB</arg>
<arg>BD</arg>
<arg>BE</arg>
<arg>BF</arg>
<arg>BG</arg>
<arg>BH</arg>
<arg>BI</arg>
<arg>BJ</arg>
<arg>BL</arg>
<arg>BM</arg>
<arg>BN</arg>
<arg>BO</arg>
<arg>BQ</arg>
<arg>BR</arg>
<arg>BS</arg>
<arg>BT</arg>
<arg>BV</arg>
<arg>BW</arg>
<arg>BY</arg>
<arg>BZ</arg>
<arg>CA</arg>
<arg>CC</arg>
<arg>CD</arg>
<arg>CF</arg>
<arg>CG</arg>
<arg>CH</arg>
<arg>CI</arg>
<arg>CK</arg>
<arg>CL</arg>
<arg>CM</arg>
<arg>CN</arg>
<arg>CO</arg>
<arg>CR</arg>
<arg>CU</arg>
<arg>CV</arg>
<arg>CW</arg>
<arg>CX</arg>
<arg>CY</arg>
<arg>CZ</arg>
<arg>DE</arg>
<arg>DJ</arg>
<arg>DK</arg>
<arg>DM</arg>
<arg>DO</arg>
<arg>DZ</arg>
<arg>EC</arg>
<arg>EE</arg>
<arg>EG</arg>
<arg>EH</arg>
<arg>ER</arg>
<arg>ES</arg>
<arg>ET</arg>
<arg>FI</arg>
<arg>FJ</arg>
<arg>FK</arg>
<arg>FM</arg>
<arg>FO</arg>
<arg>FR</arg>
<arg>GA</arg>
<arg>GB</arg>
<arg>GD</arg>
<arg>GE</arg>
<arg>GF</arg>
<arg>GG</arg>
<arg>GH</arg>
<arg>GI</arg>
<arg>GL</arg>
<arg>GM</arg>
<arg>GN</arg>
<arg>GP</arg>
<arg>GQ</arg>
<arg>GR</arg>
<arg>GS</arg>
<arg>GT</arg>
<arg>GU</arg>
<arg>GW</arg>
<arg>GY</arg>
<arg>HK</arg>
<arg>HM</arg>
<arg>HN</arg>
<arg>HR</arg>
<arg>HT</arg>
<arg>HU</arg>
<arg>ID</arg>
<arg>IE</arg>
<arg>IL</arg>
<arg>IM</arg>
<arg>IN</arg>
<arg>IO</arg>
<arg>IQ</arg>
<arg>IR</arg>
<arg>IS</arg>
<arg>IT</arg>
<arg>JE</arg>
<arg>JM</arg>
<arg>JO</arg>
<arg>JP</arg>
<arg>KE</arg>
<arg>KG</arg>
<arg>KH</arg>
<arg>KI</arg>
<arg>KM</arg>
<arg>KN</arg>
<arg>KP</arg>
<arg>KR</arg>
<arg>KW</arg>
<arg>KY</arg>
<arg>KZ</arg>
<arg>LA</arg>
<arg>LB</arg>
<arg>LC</arg>
<arg>LI</arg>
<arg>LK</arg>
<arg>LR</arg>
<arg>LS</arg>
<arg>LT</arg>
<arg>LU</arg>
<arg>LV</arg>
<arg>LY</arg>
<arg>MA</arg>
<arg>MC</arg>
<arg>MD</arg>
<arg>ME</arg>
<arg>MF</arg>
<arg>MG</arg>
<arg>MH</arg>
<arg>MK</arg>
<arg>ML</arg>
<arg>MM</arg>
<arg>MN</arg>
<arg>MO</arg>
<arg>MP</arg>
<arg>MQ</arg>
<arg>MR</arg>
<arg>MS</arg>
<arg>MT</arg>
<arg>MU</arg>
<arg>MV</arg>
<arg>MW</arg>
<arg>MX</arg>
<arg>MY</arg>
<arg>MZ</arg>
<arg>NA</arg>
<arg>NC</arg>
<arg>NE</arg>
<arg>NF</arg>
<arg>NG</arg>
<arg>NI</arg>
<arg>NL</arg>
<arg>NO</arg>
<arg>NP</arg>
<arg>NR</arg>
<arg>NU</arg>
<arg>NZ</arg>
<arg>OM</arg>
<arg>PA</arg>
<arg>PE</arg>
<arg>PF</arg>
<arg>PG</arg>
<arg>PH</arg>
<arg>PK</arg>
<arg>PL</arg>
<arg>PM</arg>
<arg>PN</arg>
<arg>PR</arg>
<arg>PS</arg>
<arg>PT</arg>
<arg>PW</arg>
<arg>PY</arg>
<arg>QA</arg>
<arg>RE</arg>
<arg>RO</arg>
<arg>RS</arg>
<arg>RU</arg>
<arg>RW</arg>
<arg>SA</arg>
<arg>SB</arg>
<arg>SC</arg>
<arg>SD</arg>
<arg>SE</arg>
<arg>SG</arg>
<arg>SH</arg>
<arg>SI</arg>
<arg>SJ</arg>
<arg>SK</arg>
<arg>SL</arg>
<arg>SM</arg>
<arg>SN</arg>
<arg>SO</arg>
<arg>SR</arg>
<arg>SS</arg>
<arg>ST</arg>
<arg>SV</arg>
<arg>SX</arg>
<arg>SY</arg>
<arg>SZ</arg>
<arg>TC</arg>
<arg>TD</arg>
<arg>TF</arg>
<arg>TG</arg>
<arg>TH</arg>
<arg>TJ</arg>
<arg>TK</arg>
<arg>TL</arg>
<arg>TM</arg>
<arg>TN</arg>
<arg>TO</arg>
<arg>TR</arg>
<arg>TT</arg>
<arg>TV</arg>
<arg>TW</arg>
<arg>TZ</arg>
<arg>UA</arg>
<arg>UG</arg>
<arg>UM</arg>
<arg>US</arg>
<arg>UY</arg>
<arg>UZ</arg>
<arg>VA</arg>
<arg>VC</arg>
<arg>VE</arg>
<arg>VG</arg>
<arg>VI</arg>
<arg>VN</arg>
<arg>VU</arg>
<arg>WF</arg>
<arg>WS</arg>
<arg>XK</arg>
<arg>YE</arg>
<arg>YT</arg>
<arg>ZA</arg>
<arg>ZM</arg>
<arg>ZW</arg>
<doc>Returns a list containing given items.</doc>
<status status="PASS" start="2024-05-12T19:11:21.109424" elapsed="0.000613"/>
</kw>
<kw name="List Should Contain Value" owner="Collections">
<msg time="2024-05-12T19:11:21.111034" level="INFO">False</msg>
<arg>${list_country}</arg>
<arg>${name_country}</arg>
<doc>Fails if the ``value`` is not found from ``list``.</doc>
<status status="PASS" start="2024-05-12T19:11:21.110832" elapsed="0.000238"/>
</kw>
<kw name="Run Keyword If" owner="BuiltIn">
<kw name="Should Be True" owner="BuiltIn">
<arg>${True}</arg>
<doc>Fails if the given condition is not true.</doc>
<status status="PASS" start="2024-05-12T19:11:21.112147" elapsed="0.000246"/>
</kw>
<arg>${json_data["results"][0]["location"]["coordinates"]["latitude"]} &gt;= -90 and ${json_data["results"][0]["location"]["coordinates"]["latitude"]} &lt;= 90</arg>
<arg>Should Be True</arg>
<arg>${True}</arg>
<doc>Runs the given keyword with the given arguments, if ``condition`` is true.</doc>
<status status="PASS" start="2024-05-12T19:11:21.111386" elapsed="0.001139"/>
</kw>
<kw name="Run Keyword If" owner="BuiltIn">
<kw name="Should Be True" owner="BuiltIn">
<arg>${True}</arg>
<doc>Fails if the given condition is not true.</doc>
<status status="PASS" start="2024-05-12T19:11:21.113477" elapsed="0.000151"/>
</kw>
<arg>${json_data["results"][0]["location"]["coordinates"]["longitude"]} &gt;= -180 and ${json_data["results"][0]["location"]["coordinates"]["longitude"]} &lt;= 180</arg>
<arg>Should Be True</arg>
<arg>${True}</arg>
<doc>Runs the given keyword with the given arguments, if ``condition`` is true.</doc>
<status status="PASS" start="2024-05-12T19:11:21.112747" elapsed="0.001007"/>
</kw>
<status status="PASS" start="2024-05-12T19:11:21.030673" elapsed="0.083211"/>
</kw>
<doc>Testa o conteúdo específico dos campos retornados pela API.</doc>
<tag>testeConteudo</tag>
<status status="PASS" start="2024-05-12T19:11:21.030225" elapsed="0.083804"/>
</test>
<status status="PASS" start="2024-05-12T19:11:20.221455" elapsed="0.894556"/>
</suite>
<status status="PASS" start="2024-05-12T19:11:20.207937" elapsed="0.913254"/>
</suite>
<statistics>
<total>
<stat pass="5" fail="0" skip="0">All Tests</stat>
</total>
<tag>
<stat pass="1" fail="0" skip="0">testeConteudo</stat>
<stat pass="1" fail="0" skip="0">testeEstruturaResposta</stat>
<stat pass="1" fail="0" skip="0">testeRequisicaoBasica</stat>
<stat pass="1" fail="0" skip="0">testeTiposDados</stat>
</tag>
<suite>
<stat pass="5" fail="0" skip="0" id="s1" name="Tests">Tests</stat>
<stat pass="5" fail="0" skip="0" id="s1-s1" name="Random-User-Test">Tests.Random-User-Test</stat>
</suite>
</statistics>
<errors>
</errors>
</robot>
