<?xml version="1.0" encoding="UTF-8"?>
<robot generator="Robot 7.0 (Python 3.12.3 on linux)" generated="2024-05-13T06:19:45.180473" rpa="false" schemaversion="5">
<suite id="s1" name="Tests" source="/home/runner/work/DesafioQAItauRogerioJordao/DesafioQAItauRogerioJordao/RamdonUser/tests">
<suite id="s1-s1" name="Random-User-Test" source="/home/runner/work/DesafioQAItauRogerioJordao/DesafioQAItauRogerioJordao/RamdonUser/tests/random-user-test.robot">
<test id="s1-s1-t1" name="Conectar" line="13">
<kw name="Conectar API" owner="random-user-service">
<kw name="Create Session" owner="RequestsLibrary">
<msg time="2024-05-13T06:19:45.534956" level="INFO">Creating Session using : alias=consultarAPI, url=https://randomuser.me/, headers={},                     cookies={}, auth=None, timeout=None, proxies=None, verify=False,                     debug=0 </msg>
<arg>consultarAPI</arg>
<arg>${URL}</arg>
<doc>Create Session: create a HTTP session to a server</doc>
<status status="PASS" start="2024-05-13T06:19:45.534720" elapsed="0.000436"/>
</kw>
<status status="PASS" start="2024-05-13T06:19:45.533546" elapsed="0.002019"/>
</kw>
<status status="PASS" start="2024-05-13T06:19:45.532986" elapsed="0.002816"/>
</test>
<test id="s1-s1-t2" name="Validar retorno 200 e JSON Válido" line="16">
<kw name="Teste de Requisicao Basica" owner="random-user-service">
<kw name="GET On Session" owner="RequestsLibrary">
<msg time="2024-05-13T06:19:45.794574" level="INFO">GET Request : url=https://randomuser.me/api 
 path_url=/api 
 headers={'User-Agent': 'python-requests/2.31.0', 'Accept-Encoding': 'gzip, deflate', 'Accept': '*/*', 'Connection': 'keep-alive'} 
 body=None 
 </msg>
<msg time="2024-05-13T06:19:45.794703" level="INFO">GET Response : url=https://randomuser.me/api 
 status=200, reason=OK 
 headers={'Date': 'Mon, 13 May 2024 06:19:45 GMT', 'Content-Type': 'application/json; charset=utf-8', 'Transfer-Encoding': 'chunked', 'Connection': 'keep-alive', 'X-Powered-By': 'Express', 'Access-Control-Allow-Origin': '*', 'Cache-Control': 'no-cache', 'ETag': 'W/"492-hXZuMrCq2S2QbPf0Hhg8Qs39PPM"', 'Vary': 'Accept-Encoding', 'Content-Encoding': 'gzip', 'CF-Cache-Status': 'DYNAMIC', 'Report-To': '{"endpoints":[{"url":"https:\\/\\/a.nel.cloudflare.com\\/report\\/v4?s=G9YWV2%2Bs74UASOgJT8tG3USlodL00HFgouMjo9XDfHatp4iHtkmN%2FSsslzLvfH5dDLPXEoqNYY606ZcstcQTZPNXxROWVDiM1j8T8eji6oFHk6AGO%2BJ5%2BtxslZg5xx95"}],"group":"cf-nel","max_age":604800}', 'NEL': '{"success_fraction":0,"report_to":"cf-nel","max_age":604800}', 'Server': 'cloudflare', 'CF-RAY': '883089eabbc51666-SJC', 'alt-svc': 'h3=":443"; ma=86400'} 
 body={"results":[{"gender":"female","name":{"title":"Ms","first":"آنیتا","last":"زارعی"},"location":{"street":{"number":6411,"name":"شهید کامبیز خشی"},"city":"ساری","state":"تهران","country":"Iran","postcode":52820,"coordinates":{"latitude":"13.2676","longitude":"149.9947"},"timezone":{"offset":"-8:00","description":"Pacific Time (US &amp; Canada)"}},"email":"anyt.zraay@example.com","login":{"uuid":"03c2a873-70d3-4ad6-a181-9d3a5e77e61a","username":"bigmeercat858","password":"latina","salt":"bZpPYAhf","md5":"d6c16939637cb28e1a69e8c0ed7b18e1","sha1":"b434da7f38fa92ff28672c6cbdf34d79fdaf29a6","sha256":"574c715e3fbaebd54f984ec25c8bc2ccc4c6aab7fbd73e5a3ca723691ef47ffc"},"dob":{"date":"1958-07-18T03:06:11.342Z","age":65},"registered":{"date":"2015-10-03T20:02:34.086Z","age":8},"phone":"094-49406114","cell":"0928-613-6325","id":{"name":"","value":null},"picture":{"large":"https://randomuser.me/api/portraits/women/33.jpg","medium":"https://randomuser.me/api/portraits/med/women/33.jpg","thumbnail":"https://randomuser.me/api/portraits/thumb/women/33.jpg"},"nat":"IR"}],"info":{"seed":"17df1c677dc2627c","results":1,"page":1,"version":"1.4"}} 
 </msg>
<msg time="2024-05-13T06:19:45.794782" level="INFO">/opt/hostedtoolcache/Python/3.12.3/x64/lib/python3.12/site-packages/urllib3/connectionpool.py:1103: InsecureRequestWarning: Unverified HTTPS request is being made to host 'randomuser.me'. Adding certificate verification is strongly advised. See: https://urllib3.readthedocs.io/en/latest/advanced-usage.html#tls-warnings
  warnings.warn(</msg>
<msg time="2024-05-13T06:19:45.794916" level="INFO">${response} = &lt;Response [200]&gt;</msg>
<var>${response}</var>
<arg>consultarAPI</arg>
<arg>/api</arg>
<doc>Sends a GET request on a previously created HTTP Session.</doc>
<status status="PASS" start="2024-05-13T06:19:45.538875" elapsed="0.256083"/>
</kw>
<kw name="Should Be Equal As Numbers" owner="BuiltIn">
<msg time="2024-05-13T06:19:45.796025" level="INFO">Argument types are:
&lt;class 'int'&gt;
&lt;class 'str'&gt;</msg>
<arg>${response.status_code}</arg>
<arg>200</arg>
<doc>Fails if objects are unequal after converting them to real numbers.</doc>
<status status="PASS" start="2024-05-13T06:19:45.795534" elapsed="0.000556"/>
</kw>
<kw name="Log" owner="BuiltIn">
<msg time="2024-05-13T06:19:45.796850" level="INFO">200</msg>
<arg>${response.status_code}</arg>
<doc>Logs the given message with the given level.</doc>
<status status="PASS" start="2024-05-13T06:19:45.796492" elapsed="0.000402"/>
</kw>
<kw name="Set Variable" owner="BuiltIn">
<msg time="2024-05-13T06:19:45.797646" level="INFO">${json_data} = {'results': [{'gender': 'female', 'name': {'title': 'Ms', 'first': 'آنیتا', 'last': 'زارعی'}, 'location': {'street': {'number': 6411, 'name': 'شهید کامبیز خشی'}, 'city': 'ساری', 'state': 'تهران', 'cou...</msg>
<var>${json_data}</var>
<arg>${response.json()}</arg>
<doc>Returns the given values which can then be assigned to a variables.</doc>
<status status="PASS" start="2024-05-13T06:19:45.797199" elapsed="0.000477"/>
</kw>
<kw name="Dictionary Should Contain Key" owner="Collections">
<msg time="2024-05-13T06:19:45.798150" level="INFO">False</msg>
<arg>${json_data}</arg>
<arg>results</arg>
<doc>Fails if ``key`` is not found from ``dictionary``.</doc>
<status status="PASS" start="2024-05-13T06:19:45.797980" elapsed="0.000210"/>
</kw>
<status status="PASS" start="2024-05-13T06:19:45.538635" elapsed="0.259810"/>
</kw>
<doc>Testa se a API responde corretamente e retorna um objeto JSON válido.</doc>
<tag>testeRequisicaoBasica</tag>
<status status="PASS" start="2024-05-13T06:19:45.538192" elapsed="0.260434"/>
</test>
<test id="s1-s1-t3" name="Validar estrutura de resposta" line="22">
<kw name="Teste de Estrutura de Resposta" owner="random-user-service">
<kw name="GET On Session" owner="RequestsLibrary">
<msg time="2024-05-13T06:19:46.132505" level="INFO">GET Request : url=https://randomuser.me/api 
 path_url=/api 
 headers={'User-Agent': 'python-requests/2.31.0', 'Accept-Encoding': 'gzip, deflate', 'Accept': '*/*', 'Connection': 'keep-alive'} 
 body=None 
 </msg>
<msg time="2024-05-13T06:19:46.132592" level="INFO">GET Response : url=https://randomuser.me/api 
 status=200, reason=OK 
 headers={'Date': 'Mon, 13 May 2024 06:19:46 GMT', 'Content-Type': 'application/json; charset=utf-8', 'Transfer-Encoding': 'chunked', 'Connection': 'keep-alive', 'X-Powered-By': 'Express', 'Access-Control-Allow-Origin': '*', 'Cache-Control': 'no-cache', 'ETag': 'W/"48d-Kjiec8f+6kFjd4pyD5xAJmnG9Sw"', 'Vary': 'Accept-Encoding', 'Content-Encoding': 'gzip', 'CF-Cache-Status': 'DYNAMIC', 'Report-To': '{"endpoints":[{"url":"https:\\/\\/a.nel.cloudflare.com\\/report\\/v4?s=QFwQ3dLqfpXJSx%2BS1xTArOiZqVFYpXa2XIXth8KNDmGfEWzJcbDbMQUKi2jPvE2SjQ%2F4ojs7fLG5v4ZvTBxBcKHdX42vrnNl7xNjpfQ1hdSs30z9c4xQTVFzLc1i8KZz"}],"group":"cf-nel","max_age":604800}', 'NEL': '{"success_fraction":0,"report_to":"cf-nel","max_age":604800}', 'Server': 'cloudflare', 'CF-RAY': '883089eb4c6f1666-SJC', 'alt-svc': 'h3=":443"; ma=86400'} 
 body={"results":[{"gender":"male","name":{"title":"Mr","first":"Albert","last":"Larsen"},"location":{"street":{"number":2286,"name":"Vagtelvej"},"city":"Fredeikssund","state":"Hovedstaden","country":"Denmark","postcode":49425,"coordinates":{"latitude":"-44.1049","longitude":"-116.6101"},"timezone":{"offset":"+5:30","description":"Bombay, Calcutta, Madras, New Delhi"}},"email":"albert.larsen@example.com","login":{"uuid":"06b3e327-5f1c-4f99-9f91-87485d9ac558","username":"orangebutterfly591","password":"zheng","salt":"u0hV7KJf","md5":"31ad624d38a3cd4c2047dc4990d05cf2","sha1":"8e114fd6cb8257ef5b97616f0c689e8a5e6789bc","sha256":"11d01b65551218bb06ba093efbc73e42be8ae63994d4a641b59b3402618d0ce5"},"dob":{"date":"1969-07-12T11:08:43.718Z","age":54},"registered":{"date":"2007-05-18T19:11:54.862Z","age":16},"phone":"38567335","cell":"29055464","id":{"name":"CPR","value":"120769-4245"},"picture":{"large":"https://randomuser.me/api/portraits/men/54.jpg","medium":"https://randomuser.me/api/portraits/med/men/54.jpg","thumbnail":"https://randomuser.me/api/portraits/thumb/men/54.jpg"},"nat":"DK"}],"info":{"seed":"8e738d1ac0d8a46b","results":1,"page":1,"version":"1.4"}} 
 </msg>
<msg time="2024-05-13T06:19:46.132710" level="INFO">/opt/hostedtoolcache/Python/3.12.3/x64/lib/python3.12/site-packages/urllib3/connectionpool.py:1103: InsecureRequestWarning: Unverified HTTPS request is being made to host 'randomuser.me'. Adding certificate verification is strongly advised. See: https://urllib3.readthedocs.io/en/latest/advanced-usage.html#tls-warnings
  warnings.warn(</msg>
<msg time="2024-05-13T06:19:46.132840" level="INFO">${response} = &lt;Response [200]&gt;</msg>
<var>${response}</var>
<arg>consultarAPI</arg>
<arg>/api</arg>
<doc>Sends a GET request on a previously created HTTP Session.</doc>
<status status="PASS" start="2024-05-13T06:19:45.801338" elapsed="0.331548"/>
</kw>
<kw name="Set Variable" owner="BuiltIn">
<msg time="2024-05-13T06:19:46.133908" level="INFO">${json_data} = {'results': [{'gender': 'male', 'name': {'title': 'Mr', 'first': 'Albert', 'last': 'Larsen'}, 'location': {'street': {'number': 2286, 'name': 'Vagtelvej'}, 'city': 'Fredeikssund', 'state': 'Hovedstade...</msg>
<var>${json_data}</var>
<arg>${response.json()}</arg>
<doc>Returns the given values which can then be assigned to a variables.</doc>
<status status="PASS" start="2024-05-13T06:19:46.133356" elapsed="0.000581"/>
</kw>
<kw name="Log" owner="BuiltIn">
<msg time="2024-05-13T06:19:46.134397" level="INFO">{'results': [{'gender': 'male', 'name': {'title': 'Mr', 'first': 'Albert', 'last': 'Larsen'}, 'location': {'street': {'number': 2286, 'name': 'Vagtelvej'}, 'city': 'Fredeikssund', 'state': 'Hovedstaden', 'country': 'Denmark', 'postcode': 49425, 'coordinates': {'latitude': '-44.1049', 'longitude': '-116.6101'}, 'timezone': {'offset': '+5:30', 'description': 'Bombay, Calcutta, Madras, New Delhi'}}, 'email': 'albert.larsen@example.com', 'login': {'uuid': '06b3e327-5f1c-4f99-9f91-87485d9ac558', 'username': 'orangebutterfly591', 'password': 'zheng', 'salt': 'u0hV7KJf', 'md5': '31ad624d38a3cd4c2047dc4990d05cf2', 'sha1': '8e114fd6cb8257ef5b97616f0c689e8a5e6789bc', 'sha256': '11d01b65551218bb06ba093efbc73e42be8ae63994d4a641b59b3402618d0ce5'}, 'dob': {'date': '1969-07-12T11:08:43.718Z', 'age': 54}, 'registered': {'date': '2007-05-18T19:11:54.862Z', 'age': 16}, 'phone': '38567335', 'cell': '29055464', 'id': {'name': 'CPR', 'value': '120769-4245'}, 'picture': {'large': 'https://randomuser.me/api/portraits/men/54.jpg', 'medium': 'https://randomuser.me/api/portraits/med/men/54.jpg', 'thumbnail': 'https://randomuser.me/api/portraits/thumb/men/54.jpg'}, 'nat': 'DK'}], 'info': {'seed': '8e738d1ac0d8a46b', 'results': 1, 'page': 1, 'version': '1.4'}}</msg>
<arg>${json_data}</arg>
<doc>Logs the given message with the given level.</doc>
<status status="PASS" start="2024-05-13T06:19:46.134243" elapsed="0.000201"/>
</kw>
<kw name="Dictionary Should Contain Key" owner="Collections">
<msg time="2024-05-13T06:19:46.134892" level="INFO">False</msg>
<arg>${json_data}</arg>
<arg>results</arg>
<doc>Fails if ``key`` is not found from ``dictionary``.</doc>
<status status="PASS" start="2024-05-13T06:19:46.134736" elapsed="0.000193"/>
</kw>
<kw name="Should Not Be Empty" owner="BuiltIn">
<msg time="2024-05-13T06:19:46.135346" level="INFO">Length is 2.</msg>
<arg>${json_data}</arg>
<doc>Verifies that the given item is not empty.</doc>
<status status="PASS" start="2024-05-13T06:19:46.135217" elapsed="0.000306"/>
</kw>
<kw name="Create List" owner="BuiltIn">
<msg time="2024-05-13T06:19:46.135968" level="INFO">${expected_keys} = ['gender', 'name', 'location', 'email', 'login']</msg>
<var>${expected_keys}</var>
<arg>gender</arg>
<arg>name</arg>
<arg>location</arg>
<arg>email</arg>
<arg>login</arg>
<doc>Returns a list containing given items.</doc>
<status status="PASS" start="2024-05-13T06:19:46.135815" elapsed="0.000177"/>
</kw>
<for flavor="IN">
<iter>
<kw name="Dictionary Should Contain Key" owner="Collections">
<msg time="2024-05-13T06:19:46.137003" level="INFO">False</msg>
<arg>${json_data['results'][0]}</arg>
<arg>${key}</arg>
<doc>Fails if ``key`` is not found from ``dictionary``.</doc>
<status status="PASS" start="2024-05-13T06:19:46.136603" elapsed="0.000438"/>
</kw>
<kw name="Log" owner="BuiltIn">
<msg time="2024-05-13T06:19:46.137695" level="INFO">{'gender': 'male', 'name': {'title': 'Mr', 'first': 'Albert', 'last': 'Larsen'}, 'location': {'street': {'number': 2286, 'name': 'Vagtelvej'}, 'city': 'Fredeikssund', 'state': 'Hovedstaden', 'country': 'Denmark', 'postcode': 49425, 'coordinates': {'latitude': '-44.1049', 'longitude': '-116.6101'}, 'timezone': {'offset': '+5:30', 'description': 'Bombay, Calcutta, Madras, New Delhi'}}, 'email': 'albert.larsen@example.com', 'login': {'uuid': '06b3e327-5f1c-4f99-9f91-87485d9ac558', 'username': 'orangebutterfly591', 'password': 'zheng', 'salt': 'u0hV7KJf', 'md5': '31ad624d38a3cd4c2047dc4990d05cf2', 'sha1': '8e114fd6cb8257ef5b97616f0c689e8a5e6789bc', 'sha256': '11d01b65551218bb06ba093efbc73e42be8ae63994d4a641b59b3402618d0ce5'}, 'dob': {'date': '1969-07-12T11:08:43.718Z', 'age': 54}, 'registered': {'date': '2007-05-18T19:11:54.862Z', 'age': 16}, 'phone': '38567335', 'cell': '29055464', 'id': {'name': 'CPR', 'value': '120769-4245'}, 'picture': {'large': 'https://randomuser.me/api/portraits/men/54.jpg', 'medium': 'https://randomuser.me/api/portraits/med/men/54.jpg', 'thumbnail': 'https://randomuser.me/api/portraits/thumb/men/54.jpg'}, 'nat': 'DK'}</msg>
<arg>${json_data['results'][0]}</arg>
<doc>Logs the given message with the given level.</doc>
<status status="PASS" start="2024-05-13T06:19:46.137337" elapsed="0.000405"/>
</kw>
<kw name="Log" owner="BuiltIn">
<msg time="2024-05-13T06:19:46.138164" level="INFO">gender</msg>
<arg>${key}</arg>
<doc>Logs the given message with the given level.</doc>
<status status="PASS" start="2024-05-13T06:19:46.138038" elapsed="0.000163"/>
</kw>
<var name="${key}">gender</var>
<status status="PASS" start="2024-05-13T06:19:46.136478" elapsed="0.001931"/>
</iter>
<iter>
<kw name="Dictionary Should Contain Key" owner="Collections">
<msg time="2024-05-13T06:19:46.139080" level="INFO">False</msg>
<arg>${json_data['results'][0]}</arg>
<arg>${key}</arg>
<doc>Fails if ``key`` is not found from ``dictionary``.</doc>
<status status="PASS" start="2024-05-13T06:19:46.138706" elapsed="0.000410"/>
</kw>
<kw name="Log" owner="BuiltIn">
<msg time="2024-05-13T06:19:46.139806" level="INFO">{'gender': 'male', 'name': {'title': 'Mr', 'first': 'Albert', 'last': 'Larsen'}, 'location': {'street': {'number': 2286, 'name': 'Vagtelvej'}, 'city': 'Fredeikssund', 'state': 'Hovedstaden', 'country': 'Denmark', 'postcode': 49425, 'coordinates': {'latitude': '-44.1049', 'longitude': '-116.6101'}, 'timezone': {'offset': '+5:30', 'description': 'Bombay, Calcutta, Madras, New Delhi'}}, 'email': 'albert.larsen@example.com', 'login': {'uuid': '06b3e327-5f1c-4f99-9f91-87485d9ac558', 'username': 'orangebutterfly591', 'password': 'zheng', 'salt': 'u0hV7KJf', 'md5': '31ad624d38a3cd4c2047dc4990d05cf2', 'sha1': '8e114fd6cb8257ef5b97616f0c689e8a5e6789bc', 'sha256': '11d01b65551218bb06ba093efbc73e42be8ae63994d4a641b59b3402618d0ce5'}, 'dob': {'date': '1969-07-12T11:08:43.718Z', 'age': 54}, 'registered': {'date': '2007-05-18T19:11:54.862Z', 'age': 16}, 'phone': '38567335', 'cell': '29055464', 'id': {'name': 'CPR', 'value': '120769-4245'}, 'picture': {'large': 'https://randomuser.me/api/portraits/men/54.jpg', 'medium': 'https://randomuser.me/api/portraits/med/men/54.jpg', 'thumbnail': 'https://randomuser.me/api/portraits/thumb/men/54.jpg'}, 'nat': 'DK'}</msg>
<arg>${json_data['results'][0]}</arg>
<doc>Logs the given message with the given level.</doc>
<status status="PASS" start="2024-05-13T06:19:46.139434" elapsed="0.000419"/>
</kw>
<kw name="Log" owner="BuiltIn">
<msg time="2024-05-13T06:19:46.140274" level="INFO">name</msg>
<arg>${key}</arg>
<doc>Logs the given message with the given level.</doc>
<status status="PASS" start="2024-05-13T06:19:46.140149" elapsed="0.000193"/>
</kw>
<var name="${key}">name</var>
<status status="PASS" start="2024-05-13T06:19:46.138594" elapsed="0.001977"/>
</iter>
<iter>
<kw name="Dictionary Should Contain Key" owner="Collections">
<msg time="2024-05-13T06:19:46.141240" level="INFO">False</msg>
<arg>${json_data['results'][0]}</arg>
<arg>${key}</arg>
<doc>Fails if ``key`` is not found from ``dictionary``.</doc>
<status status="PASS" start="2024-05-13T06:19:46.140860" elapsed="0.000416"/>
</kw>
<kw name="Log" owner="BuiltIn">
<msg time="2024-05-13T06:19:46.141926" level="INFO">{'gender': 'male', 'name': {'title': 'Mr', 'first': 'Albert', 'last': 'Larsen'}, 'location': {'street': {'number': 2286, 'name': 'Vagtelvej'}, 'city': 'Fredeikssund', 'state': 'Hovedstaden', 'country': 'Denmark', 'postcode': 49425, 'coordinates': {'latitude': '-44.1049', 'longitude': '-116.6101'}, 'timezone': {'offset': '+5:30', 'description': 'Bombay, Calcutta, Madras, New Delhi'}}, 'email': 'albert.larsen@example.com', 'login': {'uuid': '06b3e327-5f1c-4f99-9f91-87485d9ac558', 'username': 'orangebutterfly591', 'password': 'zheng', 'salt': 'u0hV7KJf', 'md5': '31ad624d38a3cd4c2047dc4990d05cf2', 'sha1': '8e114fd6cb8257ef5b97616f0c689e8a5e6789bc', 'sha256': '11d01b65551218bb06ba093efbc73e42be8ae63994d4a641b59b3402618d0ce5'}, 'dob': {'date': '1969-07-12T11:08:43.718Z', 'age': 54}, 'registered': {'date': '2007-05-18T19:11:54.862Z', 'age': 16}, 'phone': '38567335', 'cell': '29055464', 'id': {'name': 'CPR', 'value': '120769-4245'}, 'picture': {'large': 'https://randomuser.me/api/portraits/men/54.jpg', 'medium': 'https://randomuser.me/api/portraits/med/men/54.jpg', 'thumbnail': 'https://randomuser.me/api/portraits/thumb/men/54.jpg'}, 'nat': 'DK'}</msg>
<arg>${json_data['results'][0]}</arg>
<doc>Logs the given message with the given level.</doc>
<status status="PASS" start="2024-05-13T06:19:46.141573" elapsed="0.000398"/>
</kw>
<kw name="Log" owner="BuiltIn">
<msg time="2024-05-13T06:19:46.142388" level="INFO">location</msg>
<arg>${key}</arg>
<doc>Logs the given message with the given level.</doc>
<status status="PASS" start="2024-05-13T06:19:46.142265" elapsed="0.000160"/>
</kw>
<var name="${key}">location</var>
<status status="PASS" start="2024-05-13T06:19:46.140749" elapsed="0.001888"/>
</iter>
<iter>
<kw name="Dictionary Should Contain Key" owner="Collections">
<msg time="2024-05-13T06:19:46.143301" level="INFO">False</msg>
<arg>${json_data['results'][0]}</arg>
<arg>${key}</arg>
<doc>Fails if ``key`` is not found from ``dictionary``.</doc>
<status status="PASS" start="2024-05-13T06:19:46.142919" elapsed="0.000419"/>
</kw>
<kw name="Log" owner="BuiltIn">
<msg time="2024-05-13T06:19:46.143998" level="INFO">{'gender': 'male', 'name': {'title': 'Mr', 'first': 'Albert', 'last': 'Larsen'}, 'location': {'street': {'number': 2286, 'name': 'Vagtelvej'}, 'city': 'Fredeikssund', 'state': 'Hovedstaden', 'country': 'Denmark', 'postcode': 49425, 'coordinates': {'latitude': '-44.1049', 'longitude': '-116.6101'}, 'timezone': {'offset': '+5:30', 'description': 'Bombay, Calcutta, Madras, New Delhi'}}, 'email': 'albert.larsen@example.com', 'login': {'uuid': '06b3e327-5f1c-4f99-9f91-87485d9ac558', 'username': 'orangebutterfly591', 'password': 'zheng', 'salt': 'u0hV7KJf', 'md5': '31ad624d38a3cd4c2047dc4990d05cf2', 'sha1': '8e114fd6cb8257ef5b97616f0c689e8a5e6789bc', 'sha256': '11d01b65551218bb06ba093efbc73e42be8ae63994d4a641b59b3402618d0ce5'}, 'dob': {'date': '1969-07-12T11:08:43.718Z', 'age': 54}, 'registered': {'date': '2007-05-18T19:11:54.862Z', 'age': 16}, 'phone': '38567335', 'cell': '29055464', 'id': {'name': 'CPR', 'value': '120769-4245'}, 'picture': {'large': 'https://randomuser.me/api/portraits/men/54.jpg', 'medium': 'https://randomuser.me/api/portraits/med/men/54.jpg', 'thumbnail': 'https://randomuser.me/api/portraits/thumb/men/54.jpg'}, 'nat': 'DK'}</msg>
<arg>${json_data['results'][0]}</arg>
<doc>Logs the given message with the given level.</doc>
<status status="PASS" start="2024-05-13T06:19:46.143637" elapsed="0.000409"/>
</kw>
<kw name="Log" owner="BuiltIn">
<msg time="2024-05-13T06:19:46.144501" level="INFO">email</msg>
<arg>${key}</arg>
<doc>Logs the given message with the given level.</doc>
<status status="PASS" start="2024-05-13T06:19:46.144364" elapsed="0.000175"/>
</kw>
<var name="${key}">email</var>
<status status="PASS" start="2024-05-13T06:19:46.142809" elapsed="0.001945"/>
</iter>
<iter>
<kw name="Dictionary Should Contain Key" owner="Collections">
<msg time="2024-05-13T06:19:46.145417" level="INFO">False</msg>
<arg>${json_data['results'][0]}</arg>
<arg>${key}</arg>
<doc>Fails if ``key`` is not found from ``dictionary``.</doc>
<status status="PASS" start="2024-05-13T06:19:46.145036" elapsed="0.000419"/>
</kw>
<kw name="Log" owner="BuiltIn">
<msg time="2024-05-13T06:19:46.146112" level="INFO">{'gender': 'male', 'name': {'title': 'Mr', 'first': 'Albert', 'last': 'Larsen'}, 'location': {'street': {'number': 2286, 'name': 'Vagtelvej'}, 'city': 'Fredeikssund', 'state': 'Hovedstaden', 'country': 'Denmark', 'postcode': 49425, 'coordinates': {'latitude': '-44.1049', 'longitude': '-116.6101'}, 'timezone': {'offset': '+5:30', 'description': 'Bombay, Calcutta, Madras, New Delhi'}}, 'email': 'albert.larsen@example.com', 'login': {'uuid': '06b3e327-5f1c-4f99-9f91-87485d9ac558', 'username': 'orangebutterfly591', 'password': 'zheng', 'salt': 'u0hV7KJf', 'md5': '31ad624d38a3cd4c2047dc4990d05cf2', 'sha1': '8e114fd6cb8257ef5b97616f0c689e8a5e6789bc', 'sha256': '11d01b65551218bb06ba093efbc73e42be8ae63994d4a641b59b3402618d0ce5'}, 'dob': {'date': '1969-07-12T11:08:43.718Z', 'age': 54}, 'registered': {'date': '2007-05-18T19:11:54.862Z', 'age': 16}, 'phone': '38567335', 'cell': '29055464', 'id': {'name': 'CPR', 'value': '120769-4245'}, 'picture': {'large': 'https://randomuser.me/api/portraits/men/54.jpg', 'medium': 'https://randomuser.me/api/portraits/med/men/54.jpg', 'thumbnail': 'https://randomuser.me/api/portraits/thumb/men/54.jpg'}, 'nat': 'DK'}</msg>
<arg>${json_data['results'][0]}</arg>
<doc>Logs the given message with the given level.</doc>
<status status="PASS" start="2024-05-13T06:19:46.145747" elapsed="0.000412"/>
</kw>
<kw name="Log" owner="BuiltIn">
<msg time="2024-05-13T06:19:46.146581" level="INFO">login</msg>
<arg>${key}</arg>
<doc>Logs the given message with the given level.</doc>
<status status="PASS" start="2024-05-13T06:19:46.146454" elapsed="0.000165"/>
</kw>
<var name="${key}">login</var>
<status status="PASS" start="2024-05-13T06:19:46.144928" elapsed="0.001934"/>
</iter>
<var>${key}</var>
<value>@{expected_keys}</value>
<status status="PASS" start="2024-05-13T06:19:46.136252" elapsed="0.010736"/>
</for>
<kw name="Create List" owner="BuiltIn">
<msg time="2024-05-13T06:19:46.147318" level="INFO">${expected_keysTwo} = ['username', 'password']</msg>
<var>${expected_keysTwo}</var>
<arg>username</arg>
<arg>password</arg>
<doc>Returns a list containing given items.</doc>
<status status="PASS" start="2024-05-13T06:19:46.147182" elapsed="0.000160"/>
</kw>
<for flavor="IN">
<iter>
<kw name="Dictionary Should Contain Key" owner="Collections">
<msg time="2024-05-13T06:19:46.148250" level="INFO">False</msg>
<arg>${json_data['results'][0]['login']}</arg>
<arg>${keyTwo}</arg>
<doc>Fails if ``key`` is not found from ``dictionary``.</doc>
<status status="PASS" start="2024-05-13T06:19:46.147850" elapsed="0.000459"/>
</kw>
<kw name="Dictionary Should Contain Key" owner="Collections">
<msg time="2024-05-13T06:19:46.149004" level="INFO">False</msg>
<arg>${json_data['results'][0]['login']}</arg>
<arg>${keyTwo}</arg>
<doc>Fails if ``key`` is not found from ``dictionary``.</doc>
<status status="PASS" start="2024-05-13T06:19:46.148621" elapsed="0.000421"/>
</kw>
<kw name="Log" owner="BuiltIn">
<msg time="2024-05-13T06:19:46.149456" level="INFO">username</msg>
<arg>${keyTwo}</arg>
<doc>Logs the given message with the given level.</doc>
<status status="PASS" start="2024-05-13T06:19:46.149331" elapsed="0.000167"/>
</kw>
<var name="${keyTwo}">username</var>
<status status="PASS" start="2024-05-13T06:19:46.147740" elapsed="0.001970"/>
</iter>
<iter>
<kw name="Dictionary Should Contain Key" owner="Collections">
<msg time="2024-05-13T06:19:46.150462" level="INFO">False</msg>
<arg>${json_data['results'][0]['login']}</arg>
<arg>${keyTwo}</arg>
<doc>Fails if ``key`` is not found from ``dictionary``.</doc>
<status status="PASS" start="2024-05-13T06:19:46.149997" elapsed="0.000505"/>
</kw>
<kw name="Dictionary Should Contain Key" owner="Collections">
<msg time="2024-05-13T06:19:46.151177" level="INFO">False</msg>
<arg>${json_data['results'][0]['login']}</arg>
<arg>${keyTwo}</arg>
<doc>Fails if ``key`` is not found from ``dictionary``.</doc>
<status status="PASS" start="2024-05-13T06:19:46.150798" elapsed="0.000415"/>
</kw>
<kw name="Log" owner="BuiltIn">
<msg time="2024-05-13T06:19:46.151631" level="INFO">password</msg>
<arg>${keyTwo}</arg>
<doc>Logs the given message with the given level.</doc>
<status status="PASS" start="2024-05-13T06:19:46.151505" elapsed="0.000162"/>
</kw>
<var name="${keyTwo}">password</var>
<status status="PASS" start="2024-05-13T06:19:46.149882" elapsed="0.001994"/>
</iter>
<var>${keyTwo}</var>
<value>@{expected_keysTwo}</value>
<status status="PASS" start="2024-05-13T06:19:46.147587" elapsed="0.004410"/>
</for>
<status status="PASS" start="2024-05-13T06:19:45.801103" elapsed="0.351034"/>
</kw>
<doc>Testa a estrutura da resposta da API.</doc>
<tag>testeEstruturaResposta</tag>
<status status="PASS" start="2024-05-13T06:19:45.800489" elapsed="0.351822"/>
</test>
<test id="s1-s1-t4" name="Validar tipos de dados" line="28">
<kw name="Teste de Tipos de Dados" owner="random-user-service">
<kw name="GET On Session" owner="RequestsLibrary">
<msg time="2024-05-13T06:19:46.239863" level="INFO">GET Request : url=https://randomuser.me/api 
 path_url=/api 
 headers={'User-Agent': 'python-requests/2.31.0', 'Accept-Encoding': 'gzip, deflate', 'Accept': '*/*', 'Connection': 'keep-alive'} 
 body=None 
 </msg>
<msg time="2024-05-13T06:19:46.239958" level="INFO">GET Response : url=https://randomuser.me/api 
 status=200, reason=OK 
 headers={'Date': 'Mon, 13 May 2024 06:19:46 GMT', 'Content-Type': 'application/json; charset=utf-8', 'Transfer-Encoding': 'chunked', 'Connection': 'keep-alive', 'X-Powered-By': 'Express', 'Access-Control-Allow-Origin': '*', 'Cache-Control': 'no-cache', 'ETag': 'W/"481-GPfy9eThXpsXYhc7G1yaHdzMJ8E"', 'Vary': 'Accept-Encoding', 'Content-Encoding': 'gzip', 'CF-Cache-Status': 'DYNAMIC', 'Report-To': '{"endpoints":[{"url":"https:\\/\\/a.nel.cloudflare.com\\/report\\/v4?s=tQQqEEvBwpUKt0AwW48EFdfd55Wodm0Ekjw6IfjihIPmYZ9EyqlKwmlqRdOQ8TVugzAfU77jtpfSE%2BbZLmOdxOQ%2Bu21LYOS4HVgQ32WvIisXkDmC9%2FqbZQe%2FS%2FH4F%2FMs"}],"group":"cf-nel","max_age":604800}', 'NEL': '{"success_fraction":0,"report_to":"cf-nel","max_age":604800}', 'Server': 'cloudflare', 'CF-RAY': '883089ed7e641666-SJC', 'alt-svc': 'h3=":443"; ma=86400'} 
 body={"results":[{"gender":"male","name":{"title":"Mr","first":"Andre","last":"Neumann"},"location":{"street":{"number":9137,"name":"Møllerveien"},"city":"Jelsnes","state":"Oppland","country":"Norway","postcode":"5913","coordinates":{"latitude":"41.9369","longitude":"-102.7705"},"timezone":{"offset":"+4:00","description":"Abu Dhabi, Muscat, Baku, Tbilisi"}},"email":"andre.neumann@example.com","login":{"uuid":"099e958f-9064-4a77-8900-07c18ab092b2","username":"beautifulbear128","password":"maximum","salt":"KdxsODBF","md5":"fc3b3bee3f118e35a6050ccf8ba2aa63","sha1":"3c46340a6a8c47bd1f95c5b636a38be976c0e0f8","sha256":"abc81fc2e10207461f7cd33157732ac12dd4236402256242be69cc3a3fcee14f"},"dob":{"date":"1970-09-07T08:57:25.960Z","age":53},"registered":{"date":"2018-04-17T15:08:01.371Z","age":6},"phone":"66706171","cell":"99403663","id":{"name":"FN","value":"07097043765"},"picture":{"large":"https://randomuser.me/api/portraits/men/12.jpg","medium":"https://randomuser.me/api/portraits/med/men/12.jpg","thumbnail":"https://randomuser.me/api/portraits/thumb/men/12.jpg"},"nat":"NO"}],"info":{"seed":"c107da48e2d5e714","results":1,"page":1,"version":"1.4"}} 
 </msg>
<msg time="2024-05-13T06:19:46.240033" level="INFO">/opt/hostedtoolcache/Python/3.12.3/x64/lib/python3.12/site-packages/urllib3/connectionpool.py:1103: InsecureRequestWarning: Unverified HTTPS request is being made to host 'randomuser.me'. Adding certificate verification is strongly advised. See: https://urllib3.readthedocs.io/en/latest/advanced-usage.html#tls-warnings
  warnings.warn(</msg>
<msg time="2024-05-13T06:19:46.240150" level="INFO">${response} = &lt;Response [200]&gt;</msg>
<var>${response}</var>
<arg>consultarAPI</arg>
<arg>/api</arg>
<doc>Sends a GET request on a previously created HTTP Session.</doc>
<status status="PASS" start="2024-05-13T06:19:46.154830" elapsed="0.085361"/>
</kw>
<kw name="Set Variable" owner="BuiltIn">
<msg time="2024-05-13T06:19:46.241277" level="INFO">${json_data} = {'results': [{'gender': 'male', 'name': {'title': 'Mr', 'first': 'Andre', 'last': 'Neumann'}, 'location': {'street': {'number': 9137, 'name': 'Møllerveien'}, 'city': 'Jelsnes', 'state': 'Oppland', 'co...</msg>
<var>${json_data}</var>
<arg>${response.json()}</arg>
<doc>Returns the given values which can then be assigned to a variables.</doc>
<status status="PASS" start="2024-05-13T06:19:46.240692" elapsed="0.000614"/>
</kw>
<kw name="Log" owner="BuiltIn">
<msg time="2024-05-13T06:19:46.241764" level="INFO">{'results': [{'gender': 'male', 'name': {'title': 'Mr', 'first': 'Andre', 'last': 'Neumann'}, 'location': {'street': {'number': 9137, 'name': 'Møllerveien'}, 'city': 'Jelsnes', 'state': 'Oppland', 'country': 'Norway', 'postcode': '5913', 'coordinates': {'latitude': '41.9369', 'longitude': '-102.7705'}, 'timezone': {'offset': '+4:00', 'description': 'Abu Dhabi, Muscat, Baku, Tbilisi'}}, 'email': 'andre.neumann@example.com', 'login': {'uuid': '099e958f-9064-4a77-8900-07c18ab092b2', 'username': 'beautifulbear128', 'password': 'maximum', 'salt': 'KdxsODBF', 'md5': 'fc3b3bee3f118e35a6050ccf8ba2aa63', 'sha1': '3c46340a6a8c47bd1f95c5b636a38be976c0e0f8', 'sha256': 'abc81fc2e10207461f7cd33157732ac12dd4236402256242be69cc3a3fcee14f'}, 'dob': {'date': '1970-09-07T08:57:25.960Z', 'age': 53}, 'registered': {'date': '2018-04-17T15:08:01.371Z', 'age': 6}, 'phone': '66706171', 'cell': '99403663', 'id': {'name': 'FN', 'value': '07097043765'}, 'picture': {'large': 'https://randomuser.me/api/portraits/men/12.jpg', 'medium': 'https://randomuser.me/api/portraits/med/men/12.jpg', 'thumbnail': 'https://randomuser.me/api/portraits/thumb/men/12.jpg'}, 'nat': 'NO'}], 'info': {'seed': 'c107da48e2d5e714', 'results': 1, 'page': 1, 'version': '1.4'}}</msg>
<arg>${json_data}</arg>
<doc>Logs the given message with the given level.</doc>
<status status="PASS" start="2024-05-13T06:19:46.241611" elapsed="0.000233"/>
</kw>
<kw name="Should Be String" owner="String">
<arg>${json_data['results'][0]['gender']}</arg>
<doc>Fails if the given ``item`` is not a string.</doc>
<status status="PASS" start="2024-05-13T06:19:46.242142" elapsed="0.000365"/>
</kw>
<kw name="Should Match Regexp" owner="BuiltIn">
<arg>${json_data['results'][0]['email']}</arg>
<arg>^[a-zA-Z0-9._%+-]+@[a-zA-Z0-9.-]+\.[a-zA-Z]{2,}$</arg>
<doc>Fails if ``string`` does not match ``pattern`` as a regular expression.</doc>
<status status="PASS" start="2024-05-13T06:19:46.242698" elapsed="0.000512"/>
</kw>
<kw name="Should Match Regexp" owner="BuiltIn">
<arg>${json_data['results'][0]['dob']['date']}</arg>
<arg>\\d{4}-\\d{2}-\\d{2}T\\d{2}:\\d{2}:\\d{2}\\.\\d{3}Z</arg>
<doc>Fails if ``string`` does not match ``pattern`` as a regular expression.</doc>
<status status="PASS" start="2024-05-13T06:19:46.243405" elapsed="0.000489"/>
</kw>
<kw name="Should Match Regexp" owner="BuiltIn">
<arg>${json_data['results'][0]['registered']['date']}</arg>
<arg>\\d{4}-\\d{2}-\\d{2}T\\d{2}:\\d{2}:\\d{2}\\.\\d{3}Z</arg>
<doc>Fails if ``string`` does not match ``pattern`` as a regular expression.</doc>
<status status="PASS" start="2024-05-13T06:19:46.244084" elapsed="0.000410"/>
</kw>
<kw name="Should Match Regexp" owner="BuiltIn">
<arg>${json_data['results'][0]['picture']['large']}</arg>
<arg>^https?://.*\.(?:png|jpe?g|gif|bmp)$</arg>
<doc>Fails if ``string`` does not match ``pattern`` as a regular expression.</doc>
<status status="PASS" start="2024-05-13T06:19:46.244689" elapsed="0.000461"/>
</kw>
<kw name="Should Match Regexp" owner="BuiltIn">
<arg>${json_data['results'][0]['picture']['medium']}</arg>
<arg>^https?://.*\.(?:png|jpe?g|gif|bmp)$</arg>
<doc>Fails if ``string`` does not match ``pattern`` as a regular expression.</doc>
<status status="PASS" start="2024-05-13T06:19:46.245337" elapsed="0.000361"/>
</kw>
<kw name="Should Match Regexp" owner="BuiltIn">
<arg>${json_data['results'][0]['picture']['thumbnail']}</arg>
<arg>^https?://.*\.(?:png|jpe?g|gif|bmp)$</arg>
<doc>Fails if ``string`` does not match ``pattern`` as a regular expression.</doc>
<status status="PASS" start="2024-05-13T06:19:46.245889" elapsed="0.000353"/>
</kw>
<kw name="Log" owner="BuiltIn">
<msg time="2024-05-13T06:19:46.246747" level="INFO">{'large': 'https://randomuser.me/api/portraits/men/12.jpg', 'medium': 'https://randomuser.me/api/portraits/med/men/12.jpg', 'thumbnail': 'https://randomuser.me/api/portraits/thumb/men/12.jpg'}</msg>
<arg>${json_data['results'][0]['picture']}</arg>
<doc>Logs the given message with the given level.</doc>
<status status="PASS" start="2024-05-13T06:19:46.246425" elapsed="0.000363"/>
</kw>
<status status="PASS" start="2024-05-13T06:19:46.154605" elapsed="0.092433"/>
</kw>
<kw name="Teste de Tipos de Dados - Postcode" owner="random-user-service">
<kw name="GET On Session" owner="RequestsLibrary">
<msg time="2024-05-13T06:19:46.339524" level="INFO">GET Request : url=https://randomuser.me/api 
 path_url=/api 
 headers={'User-Agent': 'python-requests/2.31.0', 'Accept-Encoding': 'gzip, deflate', 'Accept': '*/*', 'Connection': 'keep-alive'} 
 body=None 
 </msg>
<msg time="2024-05-13T06:19:46.339608" level="INFO">GET Response : url=https://randomuser.me/api 
 status=200, reason=OK 
 headers={'Date': 'Mon, 13 May 2024 06:19:46 GMT', 'Content-Type': 'application/json; charset=utf-8', 'Transfer-Encoding': 'chunked', 'Connection': 'keep-alive', 'X-Powered-By': 'Express', 'Access-Control-Allow-Origin': '*', 'Cache-Control': 'no-cache', 'ETag': 'W/"49a-Wg9jDYmW/CXjDP2svwB8LhMCALE"', 'Vary': 'Accept-Encoding', 'Content-Encoding': 'gzip', 'CF-Cache-Status': 'DYNAMIC', 'Report-To': '{"endpoints":[{"url":"https:\\/\\/a.nel.cloudflare.com\\/report\\/v4?s=rvTy%2Fx2kVFXgIUDss05fgypH3Nt%2FOmM0OJ2p8s9VFV5K2eHY9c88WGo89R6MAHNlVr1XGmSiaw6Dbq1W%2FS5JaD1SVAf5lqXQRAEsCUTz6y1EQ3rygGfPOCDqzB1KQVUV"}],"group":"cf-nel","max_age":604800}', 'NEL': '{"success_fraction":0,"report_to":"cf-nel","max_age":604800}', 'Server': 'cloudflare', 'CF-RAY': '883089ee1eec1666-SJC', 'alt-svc': 'h3=":443"; ma=86400'} 
 body={"results":[{"gender":"male","name":{"title":"Mr","first":"Thibaut","last":"Rolland"},"location":{"street":{"number":8624,"name":"Montée du Chemin-Neuf"},"city":"Poitiers","state":"Calvados","country":"France","postcode":54956,"coordinates":{"latitude":"-19.4894","longitude":"-175.3988"},"timezone":{"offset":"-11:00","description":"Midway Island, Samoa"}},"email":"thibaut.rolland@example.com","login":{"uuid":"ee1d2b27-9c76-4e20-81f8-fdaaffdad973","username":"whiteleopard967","password":"assassin","salt":"JXDz7kab","md5":"0fc7dbc92530226edbc6c7758c14e92a","sha1":"52ac4651fb2ccb56a4e8d94821dbb8979da2cda2","sha256":"664a39d1556bb763d5fe32871a943d5e5a1173bcafcb34f68351b426fcb2394d"},"dob":{"date":"1991-04-18T23:28:00.248Z","age":33},"registered":{"date":"2015-02-03T23:48:00.316Z","age":9},"phone":"05-98-68-54-15","cell":"06-98-93-04-87","id":{"name":"INSEE","value":"1910302561282 04"},"picture":{"large":"https://randomuser.me/api/portraits/men/62.jpg","medium":"https://randomuser.me/api/portraits/med/men/62.jpg","thumbnail":"https://randomuser.me/api/portraits/thumb/men/62.jpg"},"nat":"FR"}],"info":{"seed":"dee875fc5621ddbd","results":1,"page":1,"version":"1.4"}} 
 </msg>
<msg time="2024-05-13T06:19:46.339685" level="INFO">/opt/hostedtoolcache/Python/3.12.3/x64/lib/python3.12/site-packages/urllib3/connectionpool.py:1103: InsecureRequestWarning: Unverified HTTPS request is being made to host 'randomuser.me'. Adding certificate verification is strongly advised. See: https://urllib3.readthedocs.io/en/latest/advanced-usage.html#tls-warnings
  warnings.warn(</msg>
<msg time="2024-05-13T06:19:46.339802" level="INFO">${response} = &lt;Response [200]&gt;</msg>
<var>${response}</var>
<arg>consultarAPI</arg>
<arg>/api</arg>
<doc>Sends a GET request on a previously created HTTP Session.</doc>
<status status="PASS" start="2024-05-13T06:19:46.247468" elapsed="0.092389"/>
</kw>
<kw name="Set Variable" owner="BuiltIn">
<msg time="2024-05-13T06:19:46.341057" level="INFO">${json_data} = {'results': [{'gender': 'male', 'name': {'title': 'Mr', 'first': 'Thibaut', 'last': 'Rolland'}, 'location': {'street': {'number': 8624, 'name': 'Montée du Chemin-Neuf'}, 'city': 'Poitiers', 'state': '...</msg>
<var>${json_data}</var>
<arg>${response.json()}</arg>
<doc>Returns the given values which can then be assigned to a variables.</doc>
<status status="PASS" start="2024-05-13T06:19:46.340468" elapsed="0.000618"/>
</kw>
<kw name="Log" owner="BuiltIn">
<msg time="2024-05-13T06:19:46.341546" level="INFO">{'results': [{'gender': 'male', 'name': {'title': 'Mr', 'first': 'Thibaut', 'last': 'Rolland'}, 'location': {'street': {'number': 8624, 'name': 'Montée du Chemin-Neuf'}, 'city': 'Poitiers', 'state': 'Calvados', 'country': 'France', 'postcode': 54956, 'coordinates': {'latitude': '-19.4894', 'longitude': '-175.3988'}, 'timezone': {'offset': '-11:00', 'description': 'Midway Island, Samoa'}}, 'email': 'thibaut.rolland@example.com', 'login': {'uuid': 'ee1d2b27-9c76-4e20-81f8-fdaaffdad973', 'username': 'whiteleopard967', 'password': 'assassin', 'salt': 'JXDz7kab', 'md5': '0fc7dbc92530226edbc6c7758c14e92a', 'sha1': '52ac4651fb2ccb56a4e8d94821dbb8979da2cda2', 'sha256': '664a39d1556bb763d5fe32871a943d5e5a1173bcafcb34f68351b426fcb2394d'}, 'dob': {'date': '1991-04-18T23:28:00.248Z', 'age': 33}, 'registered': {'date': '2015-02-03T23:48:00.316Z', 'age': 9}, 'phone': '05-98-68-54-15', 'cell': '06-98-93-04-87', 'id': {'name': 'INSEE', 'value': '1910302561282 04'}, 'picture': {'large': 'https://randomuser.me/api/portraits/men/62.jpg', 'medium': 'https://randomuser.me/api/portraits/med/men/62.jpg', 'thumbnail': 'https://randomuser.me/api/portraits/thumb/men/62.jpg'}, 'nat': 'FR'}], 'info': {'seed': 'dee875fc5621ddbd', 'results': 1, 'page': 1, 'version': '1.4'}}</msg>
<arg>${json_data}</arg>
<doc>Logs the given message with the given level.</doc>
<status status="PASS" start="2024-05-13T06:19:46.341393" elapsed="0.000231"/>
</kw>
<kw name="Should Be Equal As Numbers" owner="BuiltIn">
<arg>${json_data['results'][0]['location']['postcode']}</arg>
<arg>${json_data['results'][0]['location']['postcode']}</arg>
<doc>Fails if objects are unequal after converting them to real numbers.</doc>
<status status="PASS" start="2024-05-13T06:19:46.342047" elapsed="0.000624"/>
</kw>
<kw name="Log" owner="BuiltIn">
<msg time="2024-05-13T06:19:46.343200" level="INFO">54956</msg>
<arg>${json_data['results'][0]['location']['postcode']}</arg>
<doc>Logs the given message with the given level.</doc>
<status status="PASS" start="2024-05-13T06:19:46.342860" elapsed="0.000379"/>
</kw>
<status status="PASS" start="2024-05-13T06:19:46.247251" elapsed="0.096235"/>
</kw>
<doc>Testa se os tipos de dados na resposta da API estão corretos.</doc>
<tag>testeTiposDados</tag>
<status status="PASS" start="2024-05-13T06:19:46.154064" elapsed="0.189577"/>
</test>
<test id="s1-s1-t5" name="Validar conteudo" line="35">
<kw name="Teste de Tipos de Conteudo" owner="random-user-service">
<kw name="GET On Session" owner="RequestsLibrary">
<msg time="2024-05-13T06:19:46.476669" level="INFO">GET Request : url=https://randomuser.me/api 
 path_url=/api 
 headers={'User-Agent': 'python-requests/2.31.0', 'Accept-Encoding': 'gzip, deflate', 'Accept': '*/*', 'Connection': 'keep-alive'} 
 body=None 
 </msg>
<msg time="2024-05-13T06:19:46.476732" level="INFO">GET Response : url=https://randomuser.me/api 
 status=200, reason=OK 
 headers={'Date': 'Mon, 13 May 2024 06:19:46 GMT', 'Content-Type': 'application/json; charset=utf-8', 'Transfer-Encoding': 'chunked', 'Connection': 'keep-alive', 'X-Powered-By': 'Express', 'Access-Control-Allow-Origin': '*', 'Cache-Control': 'no-cache', 'ETag': 'W/"470-eVvstpDxBpUSOOf9Vp4dPiD72U4"', 'Vary': 'Accept-Encoding', 'Content-Encoding': 'gzip', 'CF-Cache-Status': 'DYNAMIC', 'Report-To': '{"endpoints":[{"url":"https:\\/\\/a.nel.cloudflare.com\\/report\\/v4?s=%2BPAFv98j%2B%2BOeqYNM%2FhR7XU5JhIhXVXhKutkNnhjF3vOMU4uo7%2FQvokf5Mz52ZQHWK2OolORZDM3GxxuXAFjwoCb4LiRKtlNjjz7zZNsbjN0CSsgyHFwd5NqE64FvU0CS"}],"group":"cf-nel","max_age":604800}', 'NEL': '{"success_fraction":0,"report_to":"cf-nel","max_age":604800}', 'Server': 'cloudflare', 'CF-RAY': '883089eeaf691666-SJC', 'alt-svc': 'h3=":443"; ma=86400'} 
 body={"results":[{"gender":"male","name":{"title":"Mr","first":"Eli","last":"Grant"},"location":{"street":{"number":6131,"name":"Karen Dr"},"city":"Fairfield","state":"Kansas","country":"United States","postcode":67672,"coordinates":{"latitude":"84.8383","longitude":"-64.3292"},"timezone":{"offset":"+5:45","description":"Kathmandu"}},"email":"eli.grant@example.com","login":{"uuid":"45b9644a-e296-415e-8b3b-1d5b1f0d18ee","username":"brownpanda206","password":"rachelle","salt":"4hLzhv5s","md5":"672170d95141a78c50427fe64f67ed64","sha1":"dc76294970dd9bdf16d9e47abfb167d9596b16ea","sha256":"454ba9c42ebeb369a71613e4f4244b8542af4ba6eddbf4b2c7d8ac8b7d351e2d"},"dob":{"date":"1993-01-10T20:51:28.167Z","age":31},"registered":{"date":"2008-08-14T15:27:01.757Z","age":15},"phone":"(290) 805-9864","cell":"(421) 686-2527","id":{"name":"SSN","value":"733-02-6502"},"picture":{"large":"https://randomuser.me/api/portraits/men/73.jpg","medium":"https://randomuser.me/api/portraits/med/men/73.jpg","thumbnail":"https://randomuser.me/api/portraits/thumb/men/73.jpg"},"nat":"US"}],"info":{"seed":"2d2b9281789d7aa2","results":1,"page":1,"version":"1.4"}} 
 </msg>
<msg time="2024-05-13T06:19:46.476788" level="INFO">/opt/hostedtoolcache/Python/3.12.3/x64/lib/python3.12/site-packages/urllib3/connectionpool.py:1103: InsecureRequestWarning: Unverified HTTPS request is being made to host 'randomuser.me'. Adding certificate verification is strongly advised. See: https://urllib3.readthedocs.io/en/latest/advanced-usage.html#tls-warnings
  warnings.warn(</msg>
<msg time="2024-05-13T06:19:46.476872" level="INFO">${response} = &lt;Response [200]&gt;</msg>
<var>${response}</var>
<arg>consultarAPI</arg>
<arg>/api</arg>
<doc>Sends a GET request on a previously created HTTP Session.</doc>
<status status="PASS" start="2024-05-13T06:19:46.346117" elapsed="0.130780"/>
</kw>
<kw name="Set Variable" owner="BuiltIn">
<msg time="2024-05-13T06:19:46.477764" level="INFO">${json_data} = {'results': [{'gender': 'male', 'name': {'title': 'Mr', 'first': 'Eli', 'last': 'Grant'}, 'location': {'street': {'number': 6131, 'name': 'Karen Dr'}, 'city': 'Fairfield', 'state': 'Kansas', 'country'...</msg>
<var>${json_data}</var>
<arg>${response.json()}</arg>
<doc>Returns the given values which can then be assigned to a variables.</doc>
<status status="PASS" start="2024-05-13T06:19:46.477298" elapsed="0.000493"/>
</kw>
<kw name="Set Variable" owner="BuiltIn">
<msg time="2024-05-13T06:19:46.478473" level="INFO">${name_title} = Mr</msg>
<var>${name_title}</var>
<arg>${json_data["results"][0]["name"]["title"]}</arg>
<doc>Returns the given values which can then be assigned to a variables.</doc>
<status status="PASS" start="2024-05-13T06:19:46.478094" elapsed="0.000404"/>
</kw>
<kw name="Create List" owner="BuiltIn">
<msg time="2024-05-13T06:19:46.478937" level="INFO">${allowed_titles} = ['Mr', 'Ms', 'Miss', 'Mrs', 'Madame', 'Monsieur']</msg>
<var>${allowed_titles}</var>
<arg>Mr</arg>
<arg>Ms</arg>
<arg>Miss</arg>
<arg>Mrs</arg>
<arg>Madame</arg>
<arg>Monsieur</arg>
<doc>Returns a list containing given items.</doc>
<status status="PASS" start="2024-05-13T06:19:46.478792" elapsed="0.000169"/>
</kw>
<kw name="List Should Contain Value" owner="Collections">
<msg time="2024-05-13T06:19:46.479422" level="INFO">False</msg>
<arg>${allowed_titles}</arg>
<arg>${name_title}</arg>
<doc>Fails if the ``value`` is not found from ``list``.</doc>
<status status="PASS" start="2024-05-13T06:19:46.479255" elapsed="0.000203"/>
</kw>
<kw name="Set Variable" owner="BuiltIn">
<msg time="2024-05-13T06:19:46.480122" level="INFO">${name_country} = US</msg>
<var>${name_country}</var>
<arg>${json_data["results"][0]["nat"]}</arg>
<doc>Returns the given values which can then be assigned to a variables.</doc>
<status status="PASS" start="2024-05-13T06:19:46.479746" elapsed="0.000401"/>
</kw>
<kw name="Create List" owner="BuiltIn">
<msg time="2024-05-13T06:19:46.481082" level="INFO">${list_country} = ['AD', 'AE', 'AF', 'AG', 'AI', 'AL', 'AM', 'AO', 'AQ', 'AR', 'AS', 'AT', 'AU', 'AW', 'AX', 'AZ', 'BA', 'BB', 'BD', 'BE', 'BF', 'BG', 'BH', 'BI', 'BJ', 'BL', 'BM', 'BN', 'BO', 'BQ', 'BR', 'BS', 'BT', '...</msg>
<var>${list_country}</var>
<arg>AD</arg>
<arg>AE</arg>
<arg>AF</arg>
<arg>AG</arg>
<arg>AI</arg>
<arg>AL</arg>
<arg>AM</arg>
<arg>AO</arg>
<arg>AQ</arg>
<arg>AR</arg>
<arg>AS</arg>
<arg>AT</arg>
<arg>AU</arg>
<arg>AW</arg>
<arg>AX</arg>
<arg>AZ</arg>
<arg>BA</arg>
<arg>BB</arg>
<arg>BD</arg>
<arg>BE</arg>
<arg>BF</arg>
<arg>BG</arg>
<arg>BH</arg>
<arg>BI</arg>
<arg>BJ</arg>
<arg>BL</arg>
<arg>BM</arg>
<arg>BN</arg>
<arg>BO</arg>
<arg>BQ</arg>
<arg>BR</arg>
<arg>BS</arg>
<arg>BT</arg>
<arg>BV</arg>
<arg>BW</arg>
<arg>BY</arg>
<arg>BZ</arg>
<arg>CA</arg>
<arg>CC</arg>
<arg>CD</arg>
<arg>CF</arg>
<arg>CG</arg>
<arg>CH</arg>
<arg>CI</arg>
<arg>CK</arg>
<arg>CL</arg>
<arg>CM</arg>
<arg>CN</arg>
<arg>CO</arg>
<arg>CR</arg>
<arg>CU</arg>
<arg>CV</arg>
<arg>CW</arg>
<arg>CX</arg>
<arg>CY</arg>
<arg>CZ</arg>
<arg>DE</arg>
<arg>DJ</arg>
<arg>DK</arg>
<arg>DM</arg>
<arg>DO</arg>
<arg>DZ</arg>
<arg>EC</arg>
<arg>EE</arg>
<arg>EG</arg>
<arg>EH</arg>
<arg>ER</arg>
<arg>ES</arg>
<arg>ET</arg>
<arg>FI</arg>
<arg>FJ</arg>
<arg>FK</arg>
<arg>FM</arg>
<arg>FO</arg>
<arg>FR</arg>
<arg>GA</arg>
<arg>GB</arg>
<arg>GD</arg>
<arg>GE</arg>
<arg>GF</arg>
<arg>GG</arg>
<arg>GH</arg>
<arg>GI</arg>
<arg>GL</arg>
<arg>GM</arg>
<arg>GN</arg>
<arg>GP</arg>
<arg>GQ</arg>
<arg>GR</arg>
<arg>GS</arg>
<arg>GT</arg>
<arg>GU</arg>
<arg>GW</arg>
<arg>GY</arg>
<arg>HK</arg>
<arg>HM</arg>
<arg>HN</arg>
<arg>HR</arg>
<arg>HT</arg>
<arg>HU</arg>
<arg>ID</arg>
<arg>IE</arg>
<arg>IL</arg>
<arg>IM</arg>
<arg>IN</arg>
<arg>IO</arg>
<arg>IQ</arg>
<arg>IR</arg>
<arg>IS</arg>
<arg>IT</arg>
<arg>JE</arg>
<arg>JM</arg>
<arg>JO</arg>
<arg>JP</arg>
<arg>KE</arg>
<arg>KG</arg>
<arg>KH</arg>
<arg>KI</arg>
<arg>KM</arg>
<arg>KN</arg>
<arg>KP</arg>
<arg>KR</arg>
<arg>KW</arg>
<arg>KY</arg>
<arg>KZ</arg>
<arg>LA</arg>
<arg>LB</arg>
<arg>LC</arg>
<arg>LI</arg>
<arg>LK</arg>
<arg>LR</arg>
<arg>LS</arg>
<arg>LT</arg>
<arg>LU</arg>
<arg>LV</arg>
<arg>LY</arg>
<arg>MA</arg>
<arg>MC</arg>
<arg>MD</arg>
<arg>ME</arg>
<arg>MF</arg>
<arg>MG</arg>
<arg>MH</arg>
<arg>MK</arg>
<arg>ML</arg>
<arg>MM</arg>
<arg>MN</arg>
<arg>MO</arg>
<arg>MP</arg>
<arg>MQ</arg>
<arg>MR</arg>
<arg>MS</arg>
<arg>MT</arg>
<arg>MU</arg>
<arg>MV</arg>
<arg>MW</arg>
<arg>MX</arg>
<arg>MY</arg>
<arg>MZ</arg>
<arg>NA</arg>
<arg>NC</arg>
<arg>NE</arg>
<arg>NF</arg>
<arg>NG</arg>
<arg>NI</arg>
<arg>NL</arg>
<arg>NO</arg>
<arg>NP</arg>
<arg>NR</arg>
<arg>NU</arg>
<arg>NZ</arg>
<arg>OM</arg>
<arg>PA</arg>
<arg>PE</arg>
<arg>PF</arg>
<arg>PG</arg>
<arg>PH</arg>
<arg>PK</arg>
<arg>PL</arg>
<arg>PM</arg>
<arg>PN</arg>
<arg>PR</arg>
<arg>PS</arg>
<arg>PT</arg>
<arg>PW</arg>
<arg>PY</arg>
<arg>QA</arg>
<arg>RE</arg>
<arg>RO</arg>
<arg>RS</arg>
<arg>RU</arg>
<arg>RW</arg>
<arg>SA</arg>
<arg>SB</arg>
<arg>SC</arg>
<arg>SD</arg>
<arg>SE</arg>
<arg>SG</arg>
<arg>SH</arg>
<arg>SI</arg>
<arg>SJ</arg>
<arg>SK</arg>
<arg>SL</arg>
<arg>SM</arg>
<arg>SN</arg>
<arg>SO</arg>
<arg>SR</arg>
<arg>SS</arg>
<arg>ST</arg>
<arg>SV</arg>
<arg>SX</arg>
<arg>SY</arg>
<arg>SZ</arg>
<arg>TC</arg>
<arg>TD</arg>
<arg>TF</arg>
<arg>TG</arg>
<arg>TH</arg>
<arg>TJ</arg>
<arg>TK</arg>
<arg>TL</arg>
<arg>TM</arg>
<arg>TN</arg>
<arg>TO</arg>
<arg>TR</arg>
<arg>TT</arg>
<arg>TV</arg>
<arg>TW</arg>
<arg>TZ</arg>
<arg>UA</arg>
<arg>UG</arg>
<arg>UM</arg>
<arg>US</arg>
<arg>UY</arg>
<arg>UZ</arg>
<arg>VA</arg>
<arg>VC</arg>
<arg>VE</arg>
<arg>VG</arg>
<arg>VI</arg>
<arg>VN</arg>
<arg>VU</arg>
<arg>WF</arg>
<arg>WS</arg>
<arg>XK</arg>
<arg>YE</arg>
<arg>YT</arg>
<arg>ZA</arg>
<arg>ZM</arg>
<arg>ZW</arg>
<doc>Returns a list containing given items.</doc>
<status status="PASS" start="2024-05-13T06:19:46.480493" elapsed="0.000615"/>
</kw>
<kw name="List Should Contain Value" owner="Collections">
<msg time="2024-05-13T06:19:46.482104" level="INFO">False</msg>
<arg>${list_country}</arg>
<arg>${name_country}</arg>
<doc>Fails if the ``value`` is not found from ``list``.</doc>
<status status="PASS" start="2024-05-13T06:19:46.481905" elapsed="0.000235"/>
</kw>
<kw name="Run Keyword If" owner="BuiltIn">
<kw name="Should Be True" owner="BuiltIn">
<arg>${True}</arg>
<doc>Fails if the given condition is not true.</doc>
<status status="PASS" start="2024-05-13T06:19:46.483218" elapsed="0.000242"/>
</kw>
<arg>${json_data["results"][0]["location"]["coordinates"]["latitude"]} &gt;= -90 and ${json_data["results"][0]["location"]["coordinates"]["latitude"]} &lt;= 90</arg>
<arg>Should Be True</arg>
<arg>${True}</arg>
<doc>Runs the given keyword with the given arguments, if ``condition`` is true.</doc>
<status status="PASS" start="2024-05-13T06:19:46.482450" elapsed="0.001142"/>
</kw>
<kw name="Run Keyword If" owner="BuiltIn">
<kw name="Should Be True" owner="BuiltIn">
<arg>${True}</arg>
<doc>Fails if the given condition is not true.</doc>
<status status="PASS" start="2024-05-13T06:19:46.484545" elapsed="0.000150"/>
</kw>
<arg>${json_data["results"][0]["location"]["coordinates"]["longitude"]} &gt;= -180 and ${json_data["results"][0]["location"]["coordinates"]["longitude"]} &lt;= 180</arg>
<arg>Should Be True</arg>
<arg>${True}</arg>
<doc>Runs the given keyword with the given arguments, if ``condition`` is true.</doc>
<status status="PASS" start="2024-05-13T06:19:46.483783" elapsed="0.001037"/>
</kw>
<status status="PASS" start="2024-05-13T06:19:46.345899" elapsed="0.139049"/>
</kw>
<doc>Testa o conteúdo específico dos campos retornados pela API.</doc>
<tag>testeConteudo</tag>
<status status="PASS" start="2024-05-13T06:19:46.345391" elapsed="0.139698"/>
</test>
<status status="PASS" start="2024-05-13T06:19:45.237540" elapsed="1.249490"/>
</suite>
<status status="PASS" start="2024-05-13T06:19:45.224123" elapsed="1.267962"/>
</suite>
<statistics>
<total>
<stat pass="5" fail="0" skip="0">All Tests</stat>
</total>
<tag>
<stat pass="1" fail="0" skip="0">testeConteudo</stat>
<stat pass="1" fail="0" skip="0">testeEstruturaResposta</stat>
<stat pass="1" fail="0" skip="0">testeRequisicaoBasica</stat>
<stat pass="1" fail="0" skip="0">testeTiposDados</stat>
</tag>
<suite>
<stat pass="5" fail="0" skip="0" id="s1" name="Tests">Tests</stat>
<stat pass="5" fail="0" skip="0" id="s1-s1" name="Random-User-Test">Tests.Random-User-Test</stat>
</suite>
</statistics>
<errors>
</errors>
</robot>
