<?xml version="1.0" encoding="UTF-8"?>
<robot generator="Robot 7.0 (Python 3.12.3 on linux)" generated="2024-05-04T05:14:13.946632" rpa="false" schemaversion="5">
<suite id="s1" name="Tests" source="/home/runner/work/DesafioQAItauRogerioJordao/DesafioQAItauRogerioJordao/RamdonUser/tests">
<suite id="s1-s1" name="Random-User-Test" source="/home/runner/work/DesafioQAItauRogerioJordao/DesafioQAItauRogerioJordao/RamdonUser/tests/random-user-test.robot">
<test id="s1-s1-t1" name="Conectar" line="13">
<kw name="Conectar API" owner="random-user-service">
<kw name="Create Session" owner="RequestsLibrary">
<msg time="2024-05-04T05:14:14.305086" level="INFO">Creating Session using : alias=consultarAPI, url=https://randomuser.me/, headers={},                     cookies={}, auth=None, timeout=None, proxies=None, verify=False,                     debug=0 </msg>
<arg>consultarAPI</arg>
<arg>${URL}</arg>
<doc>Create Session: create a HTTP session to a server</doc>
<status status="PASS" start="2024-05-04T05:14:14.304888" elapsed="0.000375"/>
</kw>
<status status="PASS" start="2024-05-04T05:14:14.303899" elapsed="0.001717"/>
</kw>
<status status="PASS" start="2024-05-04T05:14:14.303358" elapsed="0.002448"/>
</test>
<test id="s1-s1-t2" name="Validar retorno 200 e JSON Válido" line="16">
<kw name="Teste de Requisicao Basica" owner="random-user-service">
<kw name="GET On Session" owner="RequestsLibrary">
<msg time="2024-05-04T05:14:14.480760" level="INFO">GET Request : url=https://randomuser.me/api 
 path_url=/api 
 headers={'User-Agent': 'python-requests/2.31.0', 'Accept-Encoding': 'gzip, deflate', 'Accept': '*/*', 'Connection': 'keep-alive'} 
 body=None 
 </msg>
<msg time="2024-05-04T05:14:14.480909" level="INFO">GET Response : url=https://randomuser.me/api 
 status=200, reason=OK 
 headers={'Date': 'Sat, 04 May 2024 05:14:14 GMT', 'Content-Type': 'application/json; charset=utf-8', 'Transfer-Encoding': 'chunked', 'Connection': 'keep-alive', 'X-Powered-By': 'Express', 'Access-Control-Allow-Origin': '*', 'Cache-Control': 'no-cache', 'ETag': 'W/"4a4-Qr3qfHywP1/G1eLfA7eS1i5nHVc"', 'Vary': 'Accept-Encoding', 'Content-Encoding': 'gzip', 'CF-Cache-Status': 'DYNAMIC', 'Report-To': '{"endpoints":[{"url":"https:\\/\\/a.nel.cloudflare.com\\/report\\/v4?s=zD8D0eAePuo9pfXci0KRZrG7NPoIlrCaGg5mT1OQOsdEN3aVtgPdhEKRJhFzIl3Whnab1pc8b3KHVpsGGr1GhEZ1JH9%2B%2BeQ9CiQx2w9wFjbXM3mbUkDESq6yREMwRmAO"}],"group":"cf-nel","max_age":604800}', 'NEL': '{"success_fraction":0,"report_to":"cf-nel","max_age":604800}', 'Server': 'cloudflare', 'CF-RAY': '87e601904d9757c6-IAD', 'alt-svc': 'h3=":443"; ma=86400'} 
 body={"results":[{"gender":"male","name":{"title":"Mr","first":"Vernon","last":"Gutierrez"},"location":{"street":{"number":105,"name":"Oaks Cross"},"city":"Cambridge","state":"Cumbria","country":"United Kingdom","postcode":"BI0 6WT","coordinates":{"latitude":"-6.2482","longitude":"-79.1718"},"timezone":{"offset":"+5:30","description":"Bombay, Calcutta, Madras, New Delhi"}},"email":"vernon.gutierrez@example.com","login":{"uuid":"f5b08248-95eb-45b0-82b1-b12985363af7","username":"sadbutterfly725","password":"bullseye","salt":"Jw5TvRdU","md5":"a7e1159a4e2b4b680924480fcc5f3598","sha1":"51fe361a3ea9d6833f433a35d858d2949049cf9d","sha256":"649aa436df25b8e921c2ae95a5441d910de5175a233b00b587647c8c8f234147"},"dob":{"date":"1951-01-09T09:08:24.200Z","age":73},"registered":{"date":"2005-04-20T00:24:52.219Z","age":19},"phone":"0119796 248 9021","cell":"07723 830727","id":{"name":"NINO","value":"JJ 72 97 78 E"},"picture":{"large":"https://randomuser.me/api/portraits/men/60.jpg","medium":"https://randomuser.me/api/portraits/med/men/60.jpg","thumbnail":"https://randomuser.me/api/portraits/thumb/men/60.jpg"},"nat":"GB"}],"info":{"seed":"6db6f5a308962206","results":1,"page":1,"version":"1.4"}} 
 </msg>
<msg time="2024-05-04T05:14:14.480993" level="INFO">/opt/hostedtoolcache/Python/3.12.3/x64/lib/python3.12/site-packages/urllib3/connectionpool.py:1103: InsecureRequestWarning: Unverified HTTPS request is being made to host 'randomuser.me'. Adding certificate verification is strongly advised. See: https://urllib3.readthedocs.io/en/latest/advanced-usage.html#tls-warnings
  warnings.warn(</msg>
<msg time="2024-05-04T05:14:14.481260" level="INFO">${response} = &lt;Response [200]&gt;</msg>
<var>${response}</var>
<arg>consultarAPI</arg>
<arg>/api</arg>
<doc>Sends a GET request on a previously created HTTP Session.</doc>
<status status="PASS" start="2024-05-04T05:14:14.308410" elapsed="0.172886"/>
</kw>
<kw name="Should Be Equal As Numbers" owner="BuiltIn">
<msg time="2024-05-04T05:14:14.482281" level="INFO">Argument types are:
&lt;class 'int'&gt;
&lt;class 'str'&gt;</msg>
<arg>${response.status_code}</arg>
<arg>200</arg>
<doc>Fails if objects are unequal after converting them to real numbers.</doc>
<status status="PASS" start="2024-05-04T05:14:14.481822" elapsed="0.000525"/>
</kw>
<kw name="Log" owner="BuiltIn">
<msg time="2024-05-04T05:14:14.483048" level="INFO">200</msg>
<arg>${response.status_code}</arg>
<doc>Logs the given message with the given level.</doc>
<status status="PASS" start="2024-05-04T05:14:14.482694" elapsed="0.000397"/>
</kw>
<kw name="Set Variable" owner="BuiltIn">
<msg time="2024-05-04T05:14:14.483827" level="INFO">${json_data} = {'results': [{'gender': 'male', 'name': {'title': 'Mr', 'first': 'Vernon', 'last': 'Gutierrez'}, 'location': {'street': {'number': 105, 'name': 'Oaks Cross'}, 'city': 'Cambridge', 'state': 'Cumbria', ...</msg>
<var>${json_data}</var>
<arg>${response.json()}</arg>
<doc>Returns the given values which can then be assigned to a variables.</doc>
<status status="PASS" start="2024-05-04T05:14:14.483393" elapsed="0.000463"/>
</kw>
<kw name="Dictionary Should Contain Key" owner="Collections">
<msg time="2024-05-04T05:14:14.484375" level="INFO">False</msg>
<arg>${json_data}</arg>
<arg>results</arg>
<doc>Fails if ``key`` is not found from ``dictionary``.</doc>
<status status="PASS" start="2024-05-04T05:14:14.484184" elapsed="0.000232"/>
</kw>
<status status="PASS" start="2024-05-04T05:14:14.308121" elapsed="0.176556"/>
</kw>
<doc>Testa se a API responde corretamente e retorna um objeto JSON válido.</doc>
<tag>testeRequisicaoBasica</tag>
<status status="PASS" start="2024-05-04T05:14:14.307665" elapsed="0.177198"/>
</test>
<test id="s1-s1-t3" name="Validar estrutura de resposta" line="22">
<kw name="Teste de Estrutura de Resposta" owner="random-user-service">
<kw name="GET On Session" owner="RequestsLibrary">
<msg time="2024-05-04T05:14:14.579376" level="INFO">GET Request : url=https://randomuser.me/api 
 path_url=/api 
 headers={'User-Agent': 'python-requests/2.31.0', 'Accept-Encoding': 'gzip, deflate', 'Accept': '*/*', 'Connection': 'keep-alive'} 
 body=None 
 </msg>
<msg time="2024-05-04T05:14:14.579486" level="INFO">GET Response : url=https://randomuser.me/api 
 status=200, reason=OK 
 headers={'Date': 'Sat, 04 May 2024 05:14:14 GMT', 'Content-Type': 'application/json; charset=utf-8', 'Transfer-Encoding': 'chunked', 'Connection': 'keep-alive', 'X-Powered-By': 'Express', 'Access-Control-Allow-Origin': '*', 'Cache-Control': 'no-cache', 'ETag': 'W/"484-t8nW+HenC3V6BhgrAkr54aB7jSI"', 'Vary': 'Accept-Encoding', 'Content-Encoding': 'gzip', 'CF-Cache-Status': 'DYNAMIC', 'Report-To': '{"endpoints":[{"url":"https:\\/\\/a.nel.cloudflare.com\\/report\\/v4?s=jS7EUQn%2FrPY957cy%2FIbyqG91vkIfO4IKo363mTfgjG7QZjq6%2FxbPwydgtWOXRimfyn2EKIg2FTSw8kB7Brl6ok02gr%2B540MAY3uUhOuhM%2FNikU%2FORmGuUcXKDT83IJR%2B"}],"group":"cf-nel","max_age":604800}', 'NEL': '{"success_fraction":0,"report_to":"cf-nel","max_age":604800}', 'Server': 'cloudflare', 'CF-RAY': '87e601908dbf57c6-IAD', 'alt-svc': 'h3=":443"; ma=86400'} 
 body={"results":[{"gender":"male","name":{"title":"Mr","first":"Nathaniel","last":"Martinez"},"location":{"street":{"number":4429,"name":"The Green"},"city":"Roscrea","state":"Cork City","country":"Ireland","postcode":10861,"coordinates":{"latitude":"-2.8472","longitude":"-84.6513"},"timezone":{"offset":"+6:00","description":"Almaty, Dhaka, Colombo"}},"email":"nathaniel.martinez@example.com","login":{"uuid":"b9c7ec20-3154-437b-83f5-b4f33ba0ca16","username":"yellowgoose771","password":"columbus","salt":"mdvpnDRd","md5":"3aea2e614770b8eb02058962c74af3e9","sha1":"ff2730fcd17764fe1e8abb7c0756934e12c08a33","sha256":"32c8e53ca79db91eafca7afb72374cc5ccd931b1f8476ff6a9967319629d47fd"},"dob":{"date":"1958-12-25T02:08:52.146Z","age":65},"registered":{"date":"2021-04-12T02:42:03.573Z","age":3},"phone":"021-760-8614","cell":"081-745-6483","id":{"name":"PPS","value":"6763937T"},"picture":{"large":"https://randomuser.me/api/portraits/men/21.jpg","medium":"https://randomuser.me/api/portraits/med/men/21.jpg","thumbnail":"https://randomuser.me/api/portraits/thumb/men/21.jpg"},"nat":"IE"}],"info":{"seed":"36f207e6b426627c","results":1,"page":1,"version":"1.4"}} 
 </msg>
<msg time="2024-05-04T05:14:14.579634" level="INFO">/opt/hostedtoolcache/Python/3.12.3/x64/lib/python3.12/site-packages/urllib3/connectionpool.py:1103: InsecureRequestWarning: Unverified HTTPS request is being made to host 'randomuser.me'. Adding certificate verification is strongly advised. See: https://urllib3.readthedocs.io/en/latest/advanced-usage.html#tls-warnings
  warnings.warn(</msg>
<msg time="2024-05-04T05:14:14.579788" level="INFO">${response} = &lt;Response [200]&gt;</msg>
<var>${response}</var>
<arg>consultarAPI</arg>
<arg>/api</arg>
<doc>Sends a GET request on a previously created HTTP Session.</doc>
<status status="PASS" start="2024-05-04T05:14:14.487566" elapsed="0.092272"/>
</kw>
<kw name="Set Variable" owner="BuiltIn">
<msg time="2024-05-04T05:14:14.581047" level="INFO">${json_data} = {'results': [{'gender': 'male', 'name': {'title': 'Mr', 'first': 'Nathaniel', 'last': 'Martinez'}, 'location': {'street': {'number': 4429, 'name': 'The Green'}, 'city': 'Roscrea', 'state': 'Cork City'...</msg>
<var>${json_data}</var>
<arg>${response.json()}</arg>
<doc>Returns the given values which can then be assigned to a variables.</doc>
<status status="PASS" start="2024-05-04T05:14:14.580464" elapsed="0.000612"/>
</kw>
<kw name="Log" owner="BuiltIn">
<msg time="2024-05-04T05:14:14.581547" level="INFO">{'results': [{'gender': 'male', 'name': {'title': 'Mr', 'first': 'Nathaniel', 'last': 'Martinez'}, 'location': {'street': {'number': 4429, 'name': 'The Green'}, 'city': 'Roscrea', 'state': 'Cork City', 'country': 'Ireland', 'postcode': 10861, 'coordinates': {'latitude': '-2.8472', 'longitude': '-84.6513'}, 'timezone': {'offset': '+6:00', 'description': 'Almaty, Dhaka, Colombo'}}, 'email': 'nathaniel.martinez@example.com', 'login': {'uuid': 'b9c7ec20-3154-437b-83f5-b4f33ba0ca16', 'username': 'yellowgoose771', 'password': 'columbus', 'salt': 'mdvpnDRd', 'md5': '3aea2e614770b8eb02058962c74af3e9', 'sha1': 'ff2730fcd17764fe1e8abb7c0756934e12c08a33', 'sha256': '32c8e53ca79db91eafca7afb72374cc5ccd931b1f8476ff6a9967319629d47fd'}, 'dob': {'date': '1958-12-25T02:08:52.146Z', 'age': 65}, 'registered': {'date': '2021-04-12T02:42:03.573Z', 'age': 3}, 'phone': '021-760-8614', 'cell': '081-745-6483', 'id': {'name': 'PPS', 'value': '6763937T'}, 'picture': {'large': 'https://randomuser.me/api/portraits/men/21.jpg', 'medium': 'https://randomuser.me/api/portraits/med/men/21.jpg', 'thumbnail': 'https://randomuser.me/api/portraits/thumb/men/21.jpg'}, 'nat': 'IE'}], 'info': {'seed': '36f207e6b426627c', 'results': 1, 'page': 1, 'version': '1.4'}}</msg>
<arg>${json_data}</arg>
<doc>Logs the given message with the given level.</doc>
<status status="PASS" start="2024-05-04T05:14:14.581387" elapsed="0.000208"/>
</kw>
<kw name="Dictionary Should Contain Key" owner="Collections">
<msg time="2024-05-04T05:14:14.582057" level="INFO">False</msg>
<arg>${json_data}</arg>
<arg>results</arg>
<doc>Fails if ``key`` is not found from ``dictionary``.</doc>
<status status="PASS" start="2024-05-04T05:14:14.581894" elapsed="0.000200"/>
</kw>
<kw name="Should Not Be Empty" owner="BuiltIn">
<msg time="2024-05-04T05:14:14.582516" level="INFO">Length is 2.</msg>
<arg>${json_data}</arg>
<doc>Verifies that the given item is not empty.</doc>
<status status="PASS" start="2024-05-04T05:14:14.582386" elapsed="0.000328"/>
</kw>
<kw name="Create List" owner="BuiltIn">
<msg time="2024-05-04T05:14:14.583173" level="INFO">${expected_keys} = ['gender', 'name', 'location', 'email', 'login']</msg>
<var>${expected_keys}</var>
<arg>gender</arg>
<arg>name</arg>
<arg>location</arg>
<arg>email</arg>
<arg>login</arg>
<doc>Returns a list containing given items.</doc>
<status status="PASS" start="2024-05-04T05:14:14.583019" elapsed="0.000178"/>
</kw>
<for flavor="IN">
<iter>
<kw name="Dictionary Should Contain Key" owner="Collections">
<msg time="2024-05-04T05:14:14.584217" level="INFO">False</msg>
<arg>${json_data['results'][0]}</arg>
<arg>${key}</arg>
<doc>Fails if ``key`` is not found from ``dictionary``.</doc>
<status status="PASS" start="2024-05-04T05:14:14.583785" elapsed="0.000474"/>
</kw>
<kw name="Log" owner="BuiltIn">
<msg time="2024-05-04T05:14:14.584931" level="INFO">{'gender': 'male', 'name': {'title': 'Mr', 'first': 'Nathaniel', 'last': 'Martinez'}, 'location': {'street': {'number': 4429, 'name': 'The Green'}, 'city': 'Roscrea', 'state': 'Cork City', 'country': 'Ireland', 'postcode': 10861, 'coordinates': {'latitude': '-2.8472', 'longitude': '-84.6513'}, 'timezone': {'offset': '+6:00', 'description': 'Almaty, Dhaka, Colombo'}}, 'email': 'nathaniel.martinez@example.com', 'login': {'uuid': 'b9c7ec20-3154-437b-83f5-b4f33ba0ca16', 'username': 'yellowgoose771', 'password': 'columbus', 'salt': 'mdvpnDRd', 'md5': '3aea2e614770b8eb02058962c74af3e9', 'sha1': 'ff2730fcd17764fe1e8abb7c0756934e12c08a33', 'sha256': '32c8e53ca79db91eafca7afb72374cc5ccd931b1f8476ff6a9967319629d47fd'}, 'dob': {'date': '1958-12-25T02:08:52.146Z', 'age': 65}, 'registered': {'date': '2021-04-12T02:42:03.573Z', 'age': 3}, 'phone': '021-760-8614', 'cell': '081-745-6483', 'id': {'name': 'PPS', 'value': '6763937T'}, 'picture': {'large': 'https://randomuser.me/api/portraits/men/21.jpg', 'medium': 'https://randomuser.me/api/portraits/med/men/21.jpg', 'thumbnail': 'https://randomuser.me/api/portraits/thumb/men/21.jpg'}, 'nat': 'IE'}</msg>
<arg>${json_data['results'][0]}</arg>
<doc>Logs the given message with the given level.</doc>
<status status="PASS" start="2024-05-04T05:14:14.584567" elapsed="0.000412"/>
</kw>
<kw name="Log" owner="BuiltIn">
<msg time="2024-05-04T05:14:14.585406" level="INFO">gender</msg>
<arg>${key}</arg>
<doc>Logs the given message with the given level.</doc>
<status status="PASS" start="2024-05-04T05:14:14.585279" elapsed="0.000165"/>
</kw>
<var name="${key}">gender</var>
<status status="PASS" start="2024-05-04T05:14:14.583658" elapsed="0.001999"/>
</iter>
<iter>
<kw name="Dictionary Should Contain Key" owner="Collections">
<msg time="2024-05-04T05:14:14.586347" level="INFO">False</msg>
<arg>${json_data['results'][0]}</arg>
<arg>${key}</arg>
<doc>Fails if ``key`` is not found from ``dictionary``.</doc>
<status status="PASS" start="2024-05-04T05:14:14.585959" elapsed="0.000426"/>
</kw>
<kw name="Log" owner="BuiltIn">
<msg time="2024-05-04T05:14:14.587102" level="INFO">{'gender': 'male', 'name': {'title': 'Mr', 'first': 'Nathaniel', 'last': 'Martinez'}, 'location': {'street': {'number': 4429, 'name': 'The Green'}, 'city': 'Roscrea', 'state': 'Cork City', 'country': 'Ireland', 'postcode': 10861, 'coordinates': {'latitude': '-2.8472', 'longitude': '-84.6513'}, 'timezone': {'offset': '+6:00', 'description': 'Almaty, Dhaka, Colombo'}}, 'email': 'nathaniel.martinez@example.com', 'login': {'uuid': 'b9c7ec20-3154-437b-83f5-b4f33ba0ca16', 'username': 'yellowgoose771', 'password': 'columbus', 'salt': 'mdvpnDRd', 'md5': '3aea2e614770b8eb02058962c74af3e9', 'sha1': 'ff2730fcd17764fe1e8abb7c0756934e12c08a33', 'sha256': '32c8e53ca79db91eafca7afb72374cc5ccd931b1f8476ff6a9967319629d47fd'}, 'dob': {'date': '1958-12-25T02:08:52.146Z', 'age': 65}, 'registered': {'date': '2021-04-12T02:42:03.573Z', 'age': 3}, 'phone': '021-760-8614', 'cell': '081-745-6483', 'id': {'name': 'PPS', 'value': '6763937T'}, 'picture': {'large': 'https://randomuser.me/api/portraits/men/21.jpg', 'medium': 'https://randomuser.me/api/portraits/med/men/21.jpg', 'thumbnail': 'https://randomuser.me/api/portraits/thumb/men/21.jpg'}, 'nat': 'IE'}</msg>
<arg>${json_data['results'][0]}</arg>
<doc>Logs the given message with the given level.</doc>
<status status="PASS" start="2024-05-04T05:14:14.586739" elapsed="0.000411"/>
</kw>
<kw name="Log" owner="BuiltIn">
<msg time="2024-05-04T05:14:14.587575" level="INFO">name</msg>
<arg>${key}</arg>
<doc>Logs the given message with the given level.</doc>
<status status="PASS" start="2024-05-04T05:14:14.587450" elapsed="0.000163"/>
</kw>
<var name="${key}">name</var>
<status status="PASS" start="2024-05-04T05:14:14.585843" elapsed="0.001983"/>
</iter>
<iter>
<kw name="Dictionary Should Contain Key" owner="Collections">
<msg time="2024-05-04T05:14:14.588543" level="INFO">False</msg>
<arg>${json_data['results'][0]}</arg>
<arg>${key}</arg>
<doc>Fails if ``key`` is not found from ``dictionary``.</doc>
<status status="PASS" start="2024-05-04T05:14:14.588125" elapsed="0.000476"/>
</kw>
<kw name="Log" owner="BuiltIn">
<msg time="2024-05-04T05:14:14.589320" level="INFO">{'gender': 'male', 'name': {'title': 'Mr', 'first': 'Nathaniel', 'last': 'Martinez'}, 'location': {'street': {'number': 4429, 'name': 'The Green'}, 'city': 'Roscrea', 'state': 'Cork City', 'country': 'Ireland', 'postcode': 10861, 'coordinates': {'latitude': '-2.8472', 'longitude': '-84.6513'}, 'timezone': {'offset': '+6:00', 'description': 'Almaty, Dhaka, Colombo'}}, 'email': 'nathaniel.martinez@example.com', 'login': {'uuid': 'b9c7ec20-3154-437b-83f5-b4f33ba0ca16', 'username': 'yellowgoose771', 'password': 'columbus', 'salt': 'mdvpnDRd', 'md5': '3aea2e614770b8eb02058962c74af3e9', 'sha1': 'ff2730fcd17764fe1e8abb7c0756934e12c08a33', 'sha256': '32c8e53ca79db91eafca7afb72374cc5ccd931b1f8476ff6a9967319629d47fd'}, 'dob': {'date': '1958-12-25T02:08:52.146Z', 'age': 65}, 'registered': {'date': '2021-04-12T02:42:03.573Z', 'age': 3}, 'phone': '021-760-8614', 'cell': '081-745-6483', 'id': {'name': 'PPS', 'value': '6763937T'}, 'picture': {'large': 'https://randomuser.me/api/portraits/men/21.jpg', 'medium': 'https://randomuser.me/api/portraits/med/men/21.jpg', 'thumbnail': 'https://randomuser.me/api/portraits/thumb/men/21.jpg'}, 'nat': 'IE'}</msg>
<arg>${json_data['results'][0]}</arg>
<doc>Logs the given message with the given level.</doc>
<status status="PASS" start="2024-05-04T05:14:14.588954" elapsed="0.000413"/>
</kw>
<kw name="Log" owner="BuiltIn">
<msg time="2024-05-04T05:14:14.589787" level="INFO">location</msg>
<arg>${key}</arg>
<doc>Logs the given message with the given level.</doc>
<status status="PASS" start="2024-05-04T05:14:14.589663" elapsed="0.000162"/>
</kw>
<var name="${key}">location</var>
<status status="PASS" start="2024-05-04T05:14:14.588010" elapsed="0.002032"/>
</iter>
<iter>
<kw name="Dictionary Should Contain Key" owner="Collections">
<msg time="2024-05-04T05:14:14.590711" level="INFO">False</msg>
<arg>${json_data['results'][0]}</arg>
<arg>${key}</arg>
<doc>Fails if ``key`` is not found from ``dictionary``.</doc>
<status status="PASS" start="2024-05-04T05:14:14.590325" elapsed="0.000423"/>
</kw>
<kw name="Log" owner="BuiltIn">
<msg time="2024-05-04T05:14:14.591399" level="INFO">{'gender': 'male', 'name': {'title': 'Mr', 'first': 'Nathaniel', 'last': 'Martinez'}, 'location': {'street': {'number': 4429, 'name': 'The Green'}, 'city': 'Roscrea', 'state': 'Cork City', 'country': 'Ireland', 'postcode': 10861, 'coordinates': {'latitude': '-2.8472', 'longitude': '-84.6513'}, 'timezone': {'offset': '+6:00', 'description': 'Almaty, Dhaka, Colombo'}}, 'email': 'nathaniel.martinez@example.com', 'login': {'uuid': 'b9c7ec20-3154-437b-83f5-b4f33ba0ca16', 'username': 'yellowgoose771', 'password': 'columbus', 'salt': 'mdvpnDRd', 'md5': '3aea2e614770b8eb02058962c74af3e9', 'sha1': 'ff2730fcd17764fe1e8abb7c0756934e12c08a33', 'sha256': '32c8e53ca79db91eafca7afb72374cc5ccd931b1f8476ff6a9967319629d47fd'}, 'dob': {'date': '1958-12-25T02:08:52.146Z', 'age': 65}, 'registered': {'date': '2021-04-12T02:42:03.573Z', 'age': 3}, 'phone': '021-760-8614', 'cell': '081-745-6483', 'id': {'name': 'PPS', 'value': '6763937T'}, 'picture': {'large': 'https://randomuser.me/api/portraits/men/21.jpg', 'medium': 'https://randomuser.me/api/portraits/med/men/21.jpg', 'thumbnail': 'https://randomuser.me/api/portraits/thumb/men/21.jpg'}, 'nat': 'IE'}</msg>
<arg>${json_data['results'][0]}</arg>
<doc>Logs the given message with the given level.</doc>
<status status="PASS" start="2024-05-04T05:14:14.591044" elapsed="0.000402"/>
</kw>
<kw name="Log" owner="BuiltIn">
<msg time="2024-05-04T05:14:14.591864" level="INFO">email</msg>
<arg>${key}</arg>
<doc>Logs the given message with the given level.</doc>
<status status="PASS" start="2024-05-04T05:14:14.591737" elapsed="0.000165"/>
</kw>
<var name="${key}">email</var>
<status status="PASS" start="2024-05-04T05:14:14.590214" elapsed="0.001911"/>
</iter>
<iter>
<kw name="Dictionary Should Contain Key" owner="Collections">
<msg time="2024-05-04T05:14:14.592845" level="INFO">False</msg>
<arg>${json_data['results'][0]}</arg>
<arg>${key}</arg>
<doc>Fails if ``key`` is not found from ``dictionary``.</doc>
<status status="PASS" start="2024-05-04T05:14:14.592453" elapsed="0.000430"/>
</kw>
<kw name="Log" owner="BuiltIn">
<msg time="2024-05-04T05:14:14.593547" level="INFO">{'gender': 'male', 'name': {'title': 'Mr', 'first': 'Nathaniel', 'last': 'Martinez'}, 'location': {'street': {'number': 4429, 'name': 'The Green'}, 'city': 'Roscrea', 'state': 'Cork City', 'country': 'Ireland', 'postcode': 10861, 'coordinates': {'latitude': '-2.8472', 'longitude': '-84.6513'}, 'timezone': {'offset': '+6:00', 'description': 'Almaty, Dhaka, Colombo'}}, 'email': 'nathaniel.martinez@example.com', 'login': {'uuid': 'b9c7ec20-3154-437b-83f5-b4f33ba0ca16', 'username': 'yellowgoose771', 'password': 'columbus', 'salt': 'mdvpnDRd', 'md5': '3aea2e614770b8eb02058962c74af3e9', 'sha1': 'ff2730fcd17764fe1e8abb7c0756934e12c08a33', 'sha256': '32c8e53ca79db91eafca7afb72374cc5ccd931b1f8476ff6a9967319629d47fd'}, 'dob': {'date': '1958-12-25T02:08:52.146Z', 'age': 65}, 'registered': {'date': '2021-04-12T02:42:03.573Z', 'age': 3}, 'phone': '021-760-8614', 'cell': '081-745-6483', 'id': {'name': 'PPS', 'value': '6763937T'}, 'picture': {'large': 'https://randomuser.me/api/portraits/men/21.jpg', 'medium': 'https://randomuser.me/api/portraits/med/men/21.jpg', 'thumbnail': 'https://randomuser.me/api/portraits/thumb/men/21.jpg'}, 'nat': 'IE'}</msg>
<arg>${json_data['results'][0]}</arg>
<doc>Logs the given message with the given level.</doc>
<status status="PASS" start="2024-05-04T05:14:14.593184" elapsed="0.000411"/>
</kw>
<kw name="Log" owner="BuiltIn">
<msg time="2024-05-04T05:14:14.594014" level="INFO">login</msg>
<arg>${key}</arg>
<doc>Logs the given message with the given level.</doc>
<status status="PASS" start="2024-05-04T05:14:14.593889" elapsed="0.000162"/>
</kw>
<var name="${key}">login</var>
<status status="PASS" start="2024-05-04T05:14:14.592338" elapsed="0.001932"/>
</iter>
<var>${key}</var>
<value>@{expected_keys}</value>
<status status="PASS" start="2024-05-04T05:14:14.583460" elapsed="0.010959"/>
</for>
<kw name="Create List" owner="BuiltIn">
<msg time="2024-05-04T05:14:14.594758" level="INFO">${expected_keysTwo} = ['username', 'password']</msg>
<var>${expected_keysTwo}</var>
<arg>username</arg>
<arg>password</arg>
<doc>Returns a list containing given items.</doc>
<status status="PASS" start="2024-05-04T05:14:14.594620" elapsed="0.000161"/>
</kw>
<for flavor="IN">
<iter>
<kw name="Dictionary Should Contain Key" owner="Collections">
<msg time="2024-05-04T05:14:14.595680" level="INFO">False</msg>
<arg>${json_data['results'][0]['login']}</arg>
<arg>${keyTwo}</arg>
<doc>Fails if ``key`` is not found from ``dictionary``.</doc>
<status status="PASS" start="2024-05-04T05:14:14.595291" elapsed="0.000426"/>
</kw>
<kw name="Dictionary Should Contain Key" owner="Collections">
<msg time="2024-05-04T05:14:14.596437" level="INFO">False</msg>
<arg>${json_data['results'][0]['login']}</arg>
<arg>${keyTwo}</arg>
<doc>Fails if ``key`` is not found from ``dictionary``.</doc>
<status status="PASS" start="2024-05-04T05:14:14.596014" elapsed="0.000462"/>
</kw>
<kw name="Log" owner="BuiltIn">
<msg time="2024-05-04T05:14:14.596895" level="INFO">username</msg>
<arg>${keyTwo}</arg>
<doc>Logs the given message with the given level.</doc>
<status status="PASS" start="2024-05-04T05:14:14.596770" elapsed="0.000167"/>
</kw>
<var name="${keyTwo}">username</var>
<status status="PASS" start="2024-05-04T05:14:14.595176" elapsed="0.001973"/>
</iter>
<iter>
<kw name="Dictionary Should Contain Key" owner="Collections">
<msg time="2024-05-04T05:14:14.597899" level="INFO">False</msg>
<arg>${json_data['results'][0]['login']}</arg>
<arg>${keyTwo}</arg>
<doc>Fails if ``key`` is not found from ``dictionary``.</doc>
<status status="PASS" start="2024-05-04T05:14:14.597431" elapsed="0.000508"/>
</kw>
<kw name="Dictionary Should Contain Key" owner="Collections">
<msg time="2024-05-04T05:14:14.598625" level="INFO">False</msg>
<arg>${json_data['results'][0]['login']}</arg>
<arg>${keyTwo}</arg>
<doc>Fails if ``key`` is not found from ``dictionary``.</doc>
<status status="PASS" start="2024-05-04T05:14:14.598245" elapsed="0.000418"/>
</kw>
<kw name="Log" owner="BuiltIn">
<msg time="2024-05-04T05:14:14.599082" level="INFO">password</msg>
<arg>${keyTwo}</arg>
<doc>Logs the given message with the given level.</doc>
<status status="PASS" start="2024-05-04T05:14:14.598955" elapsed="0.000164"/>
</kw>
<var name="${keyTwo}">password</var>
<status status="PASS" start="2024-05-04T05:14:14.597322" elapsed="0.002010"/>
</iter>
<var>${keyTwo}</var>
<value>@{expected_keysTwo}</value>
<status status="PASS" start="2024-05-04T05:14:14.595022" elapsed="0.004432"/>
</for>
<status status="PASS" start="2024-05-04T05:14:14.487329" elapsed="0.112268"/>
</kw>
<doc>Testa a estrutura da resposta da API.</doc>
<tag>testeEstruturaResposta</tag>
<status status="PASS" start="2024-05-04T05:14:14.486714" elapsed="0.113044"/>
</test>
<test id="s1-s1-t4" name="Validar tipos de dados" line="28">
<kw name="Teste de Tipos de Dados" owner="random-user-service">
<kw name="GET On Session" owner="RequestsLibrary">
<msg time="2024-05-04T05:14:14.682169" level="INFO">GET Request : url=https://randomuser.me/api 
 path_url=/api 
 headers={'User-Agent': 'python-requests/2.31.0', 'Accept-Encoding': 'gzip, deflate', 'Accept': '*/*', 'Connection': 'keep-alive'} 
 body=None 
 </msg>
<msg time="2024-05-04T05:14:14.682266" level="INFO">GET Response : url=https://randomuser.me/api 
 status=200, reason=OK 
 headers={'Date': 'Sat, 04 May 2024 05:14:14 GMT', 'Content-Type': 'application/json; charset=utf-8', 'Transfer-Encoding': 'chunked', 'Connection': 'keep-alive', 'X-Powered-By': 'Express', 'Access-Control-Allow-Origin': '*', 'Cache-Control': 'no-cache', 'ETag': 'W/"492-ixdGfDMtWSPXVH5Q0waRjcGLWcA"', 'Vary': 'Accept-Encoding', 'Content-Encoding': 'gzip', 'CF-Cache-Status': 'DYNAMIC', 'Report-To': '{"endpoints":[{"url":"https:\\/\\/a.nel.cloudflare.com\\/report\\/v4?s=WStPabIUVop0JsJPxlfNYdpr8cDlUcgQPq8H0mLJHyf8ChtkyK%2B4MZH7Dkya3Ufbw%2FCYOUg1pwae7m%2FPtDp6HKcvw0C5I8f18bfyivm9xLWNl0cnWn1WFe%2Bw93JUxzE0"}],"group":"cf-nel","max_age":604800}', 'NEL': '{"success_fraction":0,"report_to":"cf-nel","max_age":604800}', 'Server': 'cloudflare', 'CF-RAY': '87e601914e2557c6-IAD', 'alt-svc': 'h3=":443"; ma=86400'} 
 body={"results":[{"gender":"male","name":{"title":"Mr","first":"Mads","last":"Poulsen"},"location":{"street":{"number":3864,"name":"Ryttervej"},"city":"Sønder Stenderup","state":"Syddanmark","country":"Denmark","postcode":91152,"coordinates":{"latitude":"-41.9609","longitude":"-139.3273"},"timezone":{"offset":"+10:00","description":"Eastern Australia, Guam, Vladivostok"}},"email":"mads.poulsen@example.com","login":{"uuid":"8df6adde-ea4e-4925-8a94-5f964d691919","username":"purpleelephant387","password":"painter","salt":"3Or5KltH","md5":"8d4a5dc811200d011a92557986c720e4","sha1":"68436a48461f9081096cd109bfd04ae6cbb2af28","sha256":"395c2d6c4cd817547aa23c5fe9355e06a61d83888f7808d95f7e5d100265ce6a"},"dob":{"date":"1999-10-23T15:04:46.567Z","age":24},"registered":{"date":"2013-11-14T03:21:03.658Z","age":10},"phone":"28350615","cell":"32544320","id":{"name":"CPR","value":"231099-5530"},"picture":{"large":"https://randomuser.me/api/portraits/men/43.jpg","medium":"https://randomuser.me/api/portraits/med/men/43.jpg","thumbnail":"https://randomuser.me/api/portraits/thumb/men/43.jpg"},"nat":"DK"}],"info":{"seed":"716b5d71d0e0bfc6","results":1,"page":1,"version":"1.4"}} 
 </msg>
<msg time="2024-05-04T05:14:14.682339" level="INFO">/opt/hostedtoolcache/Python/3.12.3/x64/lib/python3.12/site-packages/urllib3/connectionpool.py:1103: InsecureRequestWarning: Unverified HTTPS request is being made to host 'randomuser.me'. Adding certificate verification is strongly advised. See: https://urllib3.readthedocs.io/en/latest/advanced-usage.html#tls-warnings
  warnings.warn(</msg>
<msg time="2024-05-04T05:14:14.682468" level="INFO">${response} = &lt;Response [200]&gt;</msg>
<var>${response}</var>
<arg>consultarAPI</arg>
<arg>/api</arg>
<doc>Sends a GET request on a previously created HTTP Session.</doc>
<status status="PASS" start="2024-05-04T05:14:14.602248" elapsed="0.080258"/>
</kw>
<kw name="Set Variable" owner="BuiltIn">
<msg time="2024-05-04T05:14:14.683552" level="INFO">${json_data} = {'results': [{'gender': 'male', 'name': {'title': 'Mr', 'first': 'Mads', 'last': 'Poulsen'}, 'location': {'street': {'number': 3864, 'name': 'Ryttervej'}, 'city': 'Sønder Stenderup', 'state': 'Syddanm...</msg>
<var>${json_data}</var>
<arg>${response.json()}</arg>
<doc>Returns the given values which can then be assigned to a variables.</doc>
<status status="PASS" start="2024-05-04T05:14:14.683018" elapsed="0.000564"/>
</kw>
<kw name="Log" owner="BuiltIn">
<msg time="2024-05-04T05:14:14.684105" level="INFO">{'results': [{'gender': 'male', 'name': {'title': 'Mr', 'first': 'Mads', 'last': 'Poulsen'}, 'location': {'street': {'number': 3864, 'name': 'Ryttervej'}, 'city': 'Sønder Stenderup', 'state': 'Syddanmark', 'country': 'Denmark', 'postcode': 91152, 'coordinates': {'latitude': '-41.9609', 'longitude': '-139.3273'}, 'timezone': {'offset': '+10:00', 'description': 'Eastern Australia, Guam, Vladivostok'}}, 'email': 'mads.poulsen@example.com', 'login': {'uuid': '8df6adde-ea4e-4925-8a94-5f964d691919', 'username': 'purpleelephant387', 'password': 'painter', 'salt': '3Or5KltH', 'md5': '8d4a5dc811200d011a92557986c720e4', 'sha1': '68436a48461f9081096cd109bfd04ae6cbb2af28', 'sha256': '395c2d6c4cd817547aa23c5fe9355e06a61d83888f7808d95f7e5d100265ce6a'}, 'dob': {'date': '1999-10-23T15:04:46.567Z', 'age': 24}, 'registered': {'date': '2013-11-14T03:21:03.658Z', 'age': 10}, 'phone': '28350615', 'cell': '32544320', 'id': {'name': 'CPR', 'value': '231099-5530'}, 'picture': {'large': 'https://randomuser.me/api/portraits/men/43.jpg', 'medium': 'https://randomuser.me/api/portraits/med/men/43.jpg', 'thumbnail': 'https://randomuser.me/api/portraits/thumb/men/43.jpg'}, 'nat': 'DK'}], 'info': {'seed': '716b5d71d0e0bfc6', 'results': 1, 'page': 1, 'version': '1.4'}}</msg>
<arg>${json_data}</arg>
<doc>Logs the given message with the given level.</doc>
<status status="PASS" start="2024-05-04T05:14:14.683934" elapsed="0.000291"/>
</kw>
<kw name="Should Be String" owner="String">
<arg>${json_data['results'][0]['gender']}</arg>
<doc>Fails if the given ``item`` is not a string.</doc>
<status status="PASS" start="2024-05-04T05:14:14.684550" elapsed="0.000385"/>
</kw>
<kw name="Should Match Regexp" owner="BuiltIn">
<arg>${json_data['results'][0]['email']}</arg>
<arg>^[a-zA-Z0-9._%+-]+@[a-zA-Z0-9.-]+\.[a-zA-Z]{2,}$</arg>
<doc>Fails if ``string`` does not match ``pattern`` as a regular expression.</doc>
<status status="PASS" start="2024-05-04T05:14:14.685138" elapsed="0.000526"/>
</kw>
<kw name="Should Match Regexp" owner="BuiltIn">
<arg>${json_data['results'][0]['dob']['date']}</arg>
<arg>\\d{4}-\\d{2}-\\d{2}T\\d{2}:\\d{2}:\\d{2}\\.\\d{3}Z</arg>
<doc>Fails if ``string`` does not match ``pattern`` as a regular expression.</doc>
<status status="PASS" start="2024-05-04T05:14:14.685863" elapsed="0.000504"/>
</kw>
<kw name="Should Match Regexp" owner="BuiltIn">
<arg>${json_data['results'][0]['registered']['date']}</arg>
<arg>\\d{4}-\\d{2}-\\d{2}T\\d{2}:\\d{2}:\\d{2}\\.\\d{3}Z</arg>
<doc>Fails if ``string`` does not match ``pattern`` as a regular expression.</doc>
<status status="PASS" start="2024-05-04T05:14:14.686564" elapsed="0.000377"/>
</kw>
<kw name="Should Match Regexp" owner="BuiltIn">
<arg>${json_data['results'][0]['picture']['large']}</arg>
<arg>^https?://.*\.(?:png|jpe?g|gif|bmp)$</arg>
<doc>Fails if ``string`` does not match ``pattern`` as a regular expression.</doc>
<status status="PASS" start="2024-05-04T05:14:14.687139" elapsed="0.000464"/>
</kw>
<kw name="Should Match Regexp" owner="BuiltIn">
<arg>${json_data['results'][0]['picture']['medium']}</arg>
<arg>^https?://.*\.(?:png|jpe?g|gif|bmp)$</arg>
<doc>Fails if ``string`` does not match ``pattern`` as a regular expression.</doc>
<status status="PASS" start="2024-05-04T05:14:14.687794" elapsed="0.000363"/>
</kw>
<kw name="Should Match Regexp" owner="BuiltIn">
<arg>${json_data['results'][0]['picture']['thumbnail']}</arg>
<arg>^https?://.*\.(?:png|jpe?g|gif|bmp)$</arg>
<doc>Fails if ``string`` does not match ``pattern`` as a regular expression.</doc>
<status status="PASS" start="2024-05-04T05:14:14.688387" elapsed="0.000362"/>
</kw>
<kw name="Log" owner="BuiltIn">
<msg time="2024-05-04T05:14:14.689266" level="INFO">{'large': 'https://randomuser.me/api/portraits/men/43.jpg', 'medium': 'https://randomuser.me/api/portraits/med/men/43.jpg', 'thumbnail': 'https://randomuser.me/api/portraits/thumb/men/43.jpg'}</msg>
<arg>${json_data['results'][0]['picture']}</arg>
<doc>Logs the given message with the given level.</doc>
<status status="PASS" start="2024-05-04T05:14:14.688936" elapsed="0.000372"/>
</kw>
<status status="PASS" start="2024-05-04T05:14:14.602022" elapsed="0.087546"/>
</kw>
<kw name="Teste de Tipos de Dados - Postcode" owner="random-user-service">
<kw name="GET On Session" owner="RequestsLibrary">
<msg time="2024-05-04T05:14:14.781153" level="INFO">GET Request : url=https://randomuser.me/api 
 path_url=/api 
 headers={'User-Agent': 'python-requests/2.31.0', 'Accept-Encoding': 'gzip, deflate', 'Accept': '*/*', 'Connection': 'keep-alive'} 
 body=None 
 </msg>
<msg time="2024-05-04T05:14:14.781255" level="INFO">GET Response : url=https://randomuser.me/api 
 status=200, reason=OK 
 headers={'Date': 'Sat, 04 May 2024 05:14:14 GMT', 'Content-Type': 'application/json; charset=utf-8', 'Transfer-Encoding': 'chunked', 'Connection': 'keep-alive', 'X-Powered-By': 'Express', 'Access-Control-Allow-Origin': '*', 'Cache-Control': 'no-cache', 'ETag': 'W/"48c-JKRxDDmQ23z3KhemzTKgZ3o6aBY"', 'Vary': 'Accept-Encoding', 'Content-Encoding': 'gzip', 'CF-Cache-Status': 'DYNAMIC', 'Report-To': '{"endpoints":[{"url":"https:\\/\\/a.nel.cloudflare.com\\/report\\/v4?s=1h6EpSe4IGhhRayeio%2FPhN4Nmq2rFXcaWbYXLYvzy5AX3GuIeQxDnL8U5giP0XLfd4uc0LS3Q5UkkzM1LReTVD2lbGcTBeoi7OClB0GJ7F8%2BvieMmM0DhtuRvukXojXv"}],"group":"cf-nel","max_age":604800}', 'NEL': '{"success_fraction":0,"report_to":"cf-nel","max_age":604800}', 'Server': 'cloudflare', 'CF-RAY': '87e60191de7657c6-IAD', 'alt-svc': 'h3=":443"; ma=86400'} 
 body={"results":[{"gender":"male","name":{"title":"Mr","first":"Umut","last":"Poyrazoğlu"},"location":{"street":{"number":4850,"name":"Talak Göktepe Cd"},"city":"İzmir","state":"Denizli","country":"Turkey","postcode":72136,"coordinates":{"latitude":"67.8452","longitude":"-75.8865"},"timezone":{"offset":"+5:30","description":"Bombay, Calcutta, Madras, New Delhi"}},"email":"umut.poyrazoglu@example.com","login":{"uuid":"ebb7463b-da7d-48ad-9f6a-3b5e4a1e360a","username":"greenostrich290","password":"zachary","salt":"YOE1IP1t","md5":"f0c5729a10f9fa9fe3fc0ed8e4fd5b84","sha1":"a34086ce0fc48de7d101b8ef5d1390a84f854fa1","sha256":"e1ac20c9212701cbdf17afbf0f0f9d184eb8330d8a1e42d6e89fa496f3c91c05"},"dob":{"date":"1984-12-20T21:54:01.735Z","age":39},"registered":{"date":"2009-04-12T12:17:39.774Z","age":15},"phone":"(261)-823-0621","cell":"(545)-940-7073","id":{"name":"","value":null},"picture":{"large":"https://randomuser.me/api/portraits/men/88.jpg","medium":"https://randomuser.me/api/portraits/med/men/88.jpg","thumbnail":"https://randomuser.me/api/portraits/thumb/men/88.jpg"},"nat":"TR"}],"info":{"seed":"2f6ebfccd04e81b6","results":1,"page":1,"version":"1.4"}} 
 </msg>
<msg time="2024-05-04T05:14:14.781325" level="INFO">/opt/hostedtoolcache/Python/3.12.3/x64/lib/python3.12/site-packages/urllib3/connectionpool.py:1103: InsecureRequestWarning: Unverified HTTPS request is being made to host 'randomuser.me'. Adding certificate verification is strongly advised. See: https://urllib3.readthedocs.io/en/latest/advanced-usage.html#tls-warnings
  warnings.warn(</msg>
<msg time="2024-05-04T05:14:14.781439" level="INFO">${response} = &lt;Response [200]&gt;</msg>
<var>${response}</var>
<arg>consultarAPI</arg>
<arg>/api</arg>
<doc>Sends a GET request on a previously created HTTP Session.</doc>
<status status="PASS" start="2024-05-04T05:14:14.690038" elapsed="0.091428"/>
</kw>
<kw name="Set Variable" owner="BuiltIn">
<msg time="2024-05-04T05:14:14.782549" level="INFO">${json_data} = {'results': [{'gender': 'male', 'name': {'title': 'Mr', 'first': 'Umut', 'last': 'Poyrazoğlu'}, 'location': {'street': {'number': 4850, 'name': 'Talak Göktepe Cd'}, 'city': 'İzmir', 'state': 'Denizli'...</msg>
<var>${json_data}</var>
<arg>${response.json()}</arg>
<doc>Returns the given values which can then be assigned to a variables.</doc>
<status status="PASS" start="2024-05-04T05:14:14.782028" elapsed="0.000552"/>
</kw>
<kw name="Log" owner="BuiltIn">
<msg time="2024-05-04T05:14:14.783086" level="INFO">{'results': [{'gender': 'male', 'name': {'title': 'Mr', 'first': 'Umut', 'last': 'Poyrazoğlu'}, 'location': {'street': {'number': 4850, 'name': 'Talak Göktepe Cd'}, 'city': 'İzmir', 'state': 'Denizli', 'country': 'Turkey', 'postcode': 72136, 'coordinates': {'latitude': '67.8452', 'longitude': '-75.8865'}, 'timezone': {'offset': '+5:30', 'description': 'Bombay, Calcutta, Madras, New Delhi'}}, 'email': 'umut.poyrazoglu@example.com', 'login': {'uuid': 'ebb7463b-da7d-48ad-9f6a-3b5e4a1e360a', 'username': 'greenostrich290', 'password': 'zachary', 'salt': 'YOE1IP1t', 'md5': 'f0c5729a10f9fa9fe3fc0ed8e4fd5b84', 'sha1': 'a34086ce0fc48de7d101b8ef5d1390a84f854fa1', 'sha256': 'e1ac20c9212701cbdf17afbf0f0f9d184eb8330d8a1e42d6e89fa496f3c91c05'}, 'dob': {'date': '1984-12-20T21:54:01.735Z', 'age': 39}, 'registered': {'date': '2009-04-12T12:17:39.774Z', 'age': 15}, 'phone': '(261)-823-0621', 'cell': '(545)-940-7073', 'id': {'name': '', 'value': None}, 'picture': {'large': 'https://randomuser.me/api/portraits/men/88.jpg', 'medium': 'https://randomuser.me/api/portraits/med/men/88.jpg', 'thumbnail': 'https://randomuser.me/api/portraits/thumb/men/88.jpg'}, 'nat': 'TR'}], 'info': {'seed': '2f6ebfccd04e81b6', 'results': 1, 'page': 1, 'version': '1.4'}}</msg>
<arg>${json_data}</arg>
<doc>Logs the given message with the given level.</doc>
<status status="PASS" start="2024-05-04T05:14:14.782920" elapsed="0.000255"/>
</kw>
<kw name="Should Be Equal As Numbers" owner="BuiltIn">
<arg>${json_data['results'][0]['location']['postcode']}</arg>
<arg>${json_data['results'][0]['location']['postcode']}</arg>
<doc>Fails if objects are unequal after converting them to real numbers.</doc>
<status status="PASS" start="2024-05-04T05:14:14.783668" elapsed="0.000688"/>
</kw>
<kw name="Log" owner="BuiltIn">
<msg time="2024-05-04T05:14:14.784897" level="INFO">72136</msg>
<arg>${json_data['results'][0]['location']['postcode']}</arg>
<doc>Logs the given message with the given level.</doc>
<status status="PASS" start="2024-05-04T05:14:14.784555" elapsed="0.000383"/>
</kw>
<status status="PASS" start="2024-05-04T05:14:14.689804" elapsed="0.095391"/>
</kw>
<doc>Testa se os tipos de dados na resposta da API estão corretos.</doc>
<tag>testeTiposDados</tag>
<status status="PASS" start="2024-05-04T05:14:14.601569" elapsed="0.183797"/>
</test>
<test id="s1-s1-t5" name="Validar conteudo" line="35">
<kw name="Teste de Tipos de Conteudo" owner="random-user-service">
<kw name="GET On Session" owner="RequestsLibrary">
<msg time="2024-05-04T05:14:14.880286" level="INFO">GET Request : url=https://randomuser.me/api 
 path_url=/api 
 headers={'User-Agent': 'python-requests/2.31.0', 'Accept-Encoding': 'gzip, deflate', 'Accept': '*/*', 'Connection': 'keep-alive'} 
 body=None 
 </msg>
<msg time="2024-05-04T05:14:14.880398" level="INFO">GET Response : url=https://randomuser.me/api 
 status=200, reason=OK 
 headers={'Date': 'Sat, 04 May 2024 05:14:14 GMT', 'Content-Type': 'application/json; charset=utf-8', 'Transfer-Encoding': 'chunked', 'Connection': 'keep-alive', 'X-Powered-By': 'Express', 'Access-Control-Allow-Origin': '*', 'Cache-Control': 'no-cache', 'ETag': 'W/"47e-NpDbas0ahV23+9P1nMNnAB3tM9s"', 'Vary': 'Accept-Encoding', 'Content-Encoding': 'gzip', 'CF-Cache-Status': 'DYNAMIC', 'Report-To': '{"endpoints":[{"url":"https:\\/\\/a.nel.cloudflare.com\\/report\\/v4?s=cDFFGAwdgi1c6fCrti83dQWRdLozCmUVUbCE0cRiOFQgVyx%2BiE7%2FbiOT2s0UMbZ%2FslqAx%2Bs4jKsjVJdGssyAb9fa7CiqCTB9utVLoVP0H%2FrLn6psNpxuG0K0qGmXDjkB"}],"group":"cf-nel","max_age":604800}', 'NEL': '{"success_fraction":0,"report_to":"cf-nel","max_age":604800}', 'Server': 'cloudflare', 'CF-RAY': '87e601927f0a57c6-IAD', 'alt-svc': 'h3=":443"; ma=86400'} 
 body={"results":[{"gender":"female","name":{"title":"Ms","first":"Beatriz","last":"Marín"},"location":{"street":{"number":6770,"name":"Calle de Arturo Soria"},"city":"Ferrol","state":"Melilla","country":"Spain","postcode":83441,"coordinates":{"latitude":"-38.4793","longitude":"96.3211"},"timezone":{"offset":"-2:00","description":"Mid-Atlantic"}},"email":"beatriz.marin@example.com","login":{"uuid":"28d6a54c-d955-4412-8b22-eef6cd743d3c","username":"blackswan933","password":"bridget","salt":"KwvqeiHS","md5":"ca525f584357ce5875efbd333879f38c","sha1":"8288d7b4fad2c144f4ac8b02624ad6ed030a9e43","sha256":"4837b1e4c724e1fc6ba877a6d32a1eb9b898f46800d253ee4f4595511803d299"},"dob":{"date":"1997-12-18T15:25:06.811Z","age":26},"registered":{"date":"2010-12-11T18:53:47.008Z","age":13},"phone":"984-228-274","cell":"658-318-410","id":{"name":"DNI","value":"54227271-C"},"picture":{"large":"https://randomuser.me/api/portraits/women/76.jpg","medium":"https://randomuser.me/api/portraits/med/women/76.jpg","thumbnail":"https://randomuser.me/api/portraits/thumb/women/76.jpg"},"nat":"ES"}],"info":{"seed":"11aea48da0b8f878","results":1,"page":1,"version":"1.4"}} 
 </msg>
<msg time="2024-05-04T05:14:14.880472" level="INFO">/opt/hostedtoolcache/Python/3.12.3/x64/lib/python3.12/site-packages/urllib3/connectionpool.py:1103: InsecureRequestWarning: Unverified HTTPS request is being made to host 'randomuser.me'. Adding certificate verification is strongly advised. See: https://urllib3.readthedocs.io/en/latest/advanced-usage.html#tls-warnings
  warnings.warn(</msg>
<msg time="2024-05-04T05:14:14.880592" level="INFO">${response} = &lt;Response [200]&gt;</msg>
<var>${response}</var>
<arg>consultarAPI</arg>
<arg>/api</arg>
<doc>Sends a GET request on a previously created HTTP Session.</doc>
<status status="PASS" start="2024-05-04T05:14:14.787947" elapsed="0.092686"/>
</kw>
<kw name="Set Variable" owner="BuiltIn">
<msg time="2024-05-04T05:14:14.881804" level="INFO">${json_data} = {'results': [{'gender': 'female', 'name': {'title': 'Ms', 'first': 'Beatriz', 'last': 'Marín'}, 'location': {'street': {'number': 6770, 'name': 'Calle de Arturo Soria'}, 'city': 'Ferrol', 'state': 'Me...</msg>
<var>${json_data}</var>
<arg>${response.json()}</arg>
<doc>Returns the given values which can then be assigned to a variables.</doc>
<status status="PASS" start="2024-05-04T05:14:14.881236" elapsed="0.000597"/>
</kw>
<kw name="Set Variable" owner="BuiltIn">
<msg time="2024-05-04T05:14:14.882528" level="INFO">${name_title} = Ms</msg>
<var>${name_title}</var>
<arg>${json_data["results"][0]["name"]["title"]}</arg>
<doc>Returns the given values which can then be assigned to a variables.</doc>
<status status="PASS" start="2024-05-04T05:14:14.882140" elapsed="0.000413"/>
</kw>
<kw name="Create List" owner="BuiltIn">
<msg time="2024-05-04T05:14:14.882996" level="INFO">${allowed_titles} = ['Mr', 'Ms', 'Miss', 'Mrs', 'Madame', 'Monsieur']</msg>
<var>${allowed_titles}</var>
<arg>Mr</arg>
<arg>Ms</arg>
<arg>Miss</arg>
<arg>Mrs</arg>
<arg>Madame</arg>
<arg>Monsieur</arg>
<doc>Returns a list containing given items.</doc>
<status status="PASS" start="2024-05-04T05:14:14.882850" elapsed="0.000169"/>
</kw>
<kw name="List Should Contain Value" owner="Collections">
<msg time="2024-05-04T05:14:14.883489" level="INFO">False</msg>
<arg>${allowed_titles}</arg>
<arg>${name_title}</arg>
<doc>Fails if the ``value`` is not found from ``list``.</doc>
<status status="PASS" start="2024-05-04T05:14:14.883316" elapsed="0.000209"/>
</kw>
<kw name="Set Variable" owner="BuiltIn">
<msg time="2024-05-04T05:14:14.884225" level="INFO">${name_country} = ES</msg>
<var>${name_country}</var>
<arg>${json_data["results"][0]["nat"]}</arg>
<doc>Returns the given values which can then be assigned to a variables.</doc>
<status status="PASS" start="2024-05-04T05:14:14.883812" elapsed="0.000441"/>
</kw>
<kw name="Create List" owner="BuiltIn">
<msg time="2024-05-04T05:14:14.885155" level="INFO">${list_country} = ['AD', 'AE', 'AF', 'AG', 'AI', 'AL', 'AM', 'AO', 'AQ', 'AR', 'AS', 'AT', 'AU', 'AW', 'AX', 'AZ', 'BA', 'BB', 'BD', 'BE', 'BF', 'BG', 'BH', 'BI', 'BJ', 'BL', 'BM', 'BN', 'BO', 'BQ', 'BR', 'BS', 'BT', '...</msg>
<var>${list_country}</var>
<arg>AD</arg>
<arg>AE</arg>
<arg>AF</arg>
<arg>AG</arg>
<arg>AI</arg>
<arg>AL</arg>
<arg>AM</arg>
<arg>AO</arg>
<arg>AQ</arg>
<arg>AR</arg>
<arg>AS</arg>
<arg>AT</arg>
<arg>AU</arg>
<arg>AW</arg>
<arg>AX</arg>
<arg>AZ</arg>
<arg>BA</arg>
<arg>BB</arg>
<arg>BD</arg>
<arg>BE</arg>
<arg>BF</arg>
<arg>BG</arg>
<arg>BH</arg>
<arg>BI</arg>
<arg>BJ</arg>
<arg>BL</arg>
<arg>BM</arg>
<arg>BN</arg>
<arg>BO</arg>
<arg>BQ</arg>
<arg>BR</arg>
<arg>BS</arg>
<arg>BT</arg>
<arg>BV</arg>
<arg>BW</arg>
<arg>BY</arg>
<arg>BZ</arg>
<arg>CA</arg>
<arg>CC</arg>
<arg>CD</arg>
<arg>CF</arg>
<arg>CG</arg>
<arg>CH</arg>
<arg>CI</arg>
<arg>CK</arg>
<arg>CL</arg>
<arg>CM</arg>
<arg>CN</arg>
<arg>CO</arg>
<arg>CR</arg>
<arg>CU</arg>
<arg>CV</arg>
<arg>CW</arg>
<arg>CX</arg>
<arg>CY</arg>
<arg>CZ</arg>
<arg>DE</arg>
<arg>DJ</arg>
<arg>DK</arg>
<arg>DM</arg>
<arg>DO</arg>
<arg>DZ</arg>
<arg>EC</arg>
<arg>EE</arg>
<arg>EG</arg>
<arg>EH</arg>
<arg>ER</arg>
<arg>ES</arg>
<arg>ET</arg>
<arg>FI</arg>
<arg>FJ</arg>
<arg>FK</arg>
<arg>FM</arg>
<arg>FO</arg>
<arg>FR</arg>
<arg>GA</arg>
<arg>GB</arg>
<arg>GD</arg>
<arg>GE</arg>
<arg>GF</arg>
<arg>GG</arg>
<arg>GH</arg>
<arg>GI</arg>
<arg>GL</arg>
<arg>GM</arg>
<arg>GN</arg>
<arg>GP</arg>
<arg>GQ</arg>
<arg>GR</arg>
<arg>GS</arg>
<arg>GT</arg>
<arg>GU</arg>
<arg>GW</arg>
<arg>GY</arg>
<arg>HK</arg>
<arg>HM</arg>
<arg>HN</arg>
<arg>HR</arg>
<arg>HT</arg>
<arg>HU</arg>
<arg>ID</arg>
<arg>IE</arg>
<arg>IL</arg>
<arg>IM</arg>
<arg>IN</arg>
<arg>IO</arg>
<arg>IQ</arg>
<arg>IR</arg>
<arg>IS</arg>
<arg>IT</arg>
<arg>JE</arg>
<arg>JM</arg>
<arg>JO</arg>
<arg>JP</arg>
<arg>KE</arg>
<arg>KG</arg>
<arg>KH</arg>
<arg>KI</arg>
<arg>KM</arg>
<arg>KN</arg>
<arg>KP</arg>
<arg>KR</arg>
<arg>KW</arg>
<arg>KY</arg>
<arg>KZ</arg>
<arg>LA</arg>
<arg>LB</arg>
<arg>LC</arg>
<arg>LI</arg>
<arg>LK</arg>
<arg>LR</arg>
<arg>LS</arg>
<arg>LT</arg>
<arg>LU</arg>
<arg>LV</arg>
<arg>LY</arg>
<arg>MA</arg>
<arg>MC</arg>
<arg>MD</arg>
<arg>ME</arg>
<arg>MF</arg>
<arg>MG</arg>
<arg>MH</arg>
<arg>MK</arg>
<arg>ML</arg>
<arg>MM</arg>
<arg>MN</arg>
<arg>MO</arg>
<arg>MP</arg>
<arg>MQ</arg>
<arg>MR</arg>
<arg>MS</arg>
<arg>MT</arg>
<arg>MU</arg>
<arg>MV</arg>
<arg>MW</arg>
<arg>MX</arg>
<arg>MY</arg>
<arg>MZ</arg>
<arg>NA</arg>
<arg>NC</arg>
<arg>NE</arg>
<arg>NF</arg>
<arg>NG</arg>
<arg>NI</arg>
<arg>NL</arg>
<arg>NO</arg>
<arg>NP</arg>
<arg>NR</arg>
<arg>NU</arg>
<arg>NZ</arg>
<arg>OM</arg>
<arg>PA</arg>
<arg>PE</arg>
<arg>PF</arg>
<arg>PG</arg>
<arg>PH</arg>
<arg>PK</arg>
<arg>PL</arg>
<arg>PM</arg>
<arg>PN</arg>
<arg>PR</arg>
<arg>PS</arg>
<arg>PT</arg>
<arg>PW</arg>
<arg>PY</arg>
<arg>QA</arg>
<arg>RE</arg>
<arg>RO</arg>
<arg>RS</arg>
<arg>RU</arg>
<arg>RW</arg>
<arg>SA</arg>
<arg>SB</arg>
<arg>SC</arg>
<arg>SD</arg>
<arg>SE</arg>
<arg>SG</arg>
<arg>SH</arg>
<arg>SI</arg>
<arg>SJ</arg>
<arg>SK</arg>
<arg>SL</arg>
<arg>SM</arg>
<arg>SN</arg>
<arg>SO</arg>
<arg>SR</arg>
<arg>SS</arg>
<arg>ST</arg>
<arg>SV</arg>
<arg>SX</arg>
<arg>SY</arg>
<arg>SZ</arg>
<arg>TC</arg>
<arg>TD</arg>
<arg>TF</arg>
<arg>TG</arg>
<arg>TH</arg>
<arg>TJ</arg>
<arg>TK</arg>
<arg>TL</arg>
<arg>TM</arg>
<arg>TN</arg>
<arg>TO</arg>
<arg>TR</arg>
<arg>TT</arg>
<arg>TV</arg>
<arg>TW</arg>
<arg>TZ</arg>
<arg>UA</arg>
<arg>UG</arg>
<arg>UM</arg>
<arg>US</arg>
<arg>UY</arg>
<arg>UZ</arg>
<arg>VA</arg>
<arg>VC</arg>
<arg>VE</arg>
<arg>VG</arg>
<arg>VI</arg>
<arg>VN</arg>
<arg>VU</arg>
<arg>WF</arg>
<arg>WS</arg>
<arg>XK</arg>
<arg>YE</arg>
<arg>YT</arg>
<arg>ZA</arg>
<arg>ZM</arg>
<arg>ZW</arg>
<doc>Returns a list containing given items.</doc>
<status status="PASS" start="2024-05-04T05:14:14.884564" elapsed="0.000617"/>
</kw>
<kw name="List Should Contain Value" owner="Collections">
<msg time="2024-05-04T05:14:14.886176" level="INFO">False</msg>
<arg>${list_country}</arg>
<arg>${name_country}</arg>
<doc>Fails if the ``value`` is not found from ``list``.</doc>
<status status="PASS" start="2024-05-04T05:14:14.885979" elapsed="0.000234"/>
</kw>
<kw name="Run Keyword If" owner="BuiltIn">
<kw name="Should Be True" owner="BuiltIn">
<arg>${True}</arg>
<doc>Fails if the given condition is not true.</doc>
<status status="PASS" start="2024-05-04T05:14:14.887269" elapsed="0.000259"/>
</kw>
<arg>${json_data["results"][0]["location"]["coordinates"]["latitude"]} &gt;= -90 and ${json_data["results"][0]["location"]["coordinates"]["latitude"]} &lt;= 90</arg>
<arg>Should Be True</arg>
<arg>${True}</arg>
<doc>Runs the given keyword with the given arguments, if ``condition`` is true.</doc>
<status status="PASS" start="2024-05-04T05:14:14.886517" elapsed="0.001143"/>
</kw>
<kw name="Run Keyword If" owner="BuiltIn">
<kw name="Should Be True" owner="BuiltIn">
<arg>${True}</arg>
<doc>Fails if the given condition is not true.</doc>
<status status="PASS" start="2024-05-04T05:14:14.888585" elapsed="0.000139"/>
</kw>
<arg>${json_data["results"][0]["location"]["coordinates"]["longitude"]} &gt;= -180 and ${json_data["results"][0]["location"]["coordinates"]["longitude"]} &lt;= 180</arg>
<arg>Should Be True</arg>
<arg>${True}</arg>
<doc>Runs the given keyword with the given arguments, if ``condition`` is true.</doc>
<status status="PASS" start="2024-05-04T05:14:14.887846" elapsed="0.001002"/>
</kw>
<status status="PASS" start="2024-05-04T05:14:14.787713" elapsed="0.101264"/>
</kw>
<doc>Testa o conteúdo específico dos campos retornados pela API.</doc>
<tag>testeConteudo</tag>
<status status="PASS" start="2024-05-04T05:14:14.787134" elapsed="0.101994"/>
</test>
<status status="PASS" start="2024-05-04T05:14:14.004461" elapsed="0.886634"/>
</suite>
<status status="PASS" start="2024-05-04T05:14:13.990877" elapsed="0.905377"/>
</suite>
<statistics>
<total>
<stat pass="5" fail="0" skip="0">All Tests</stat>
</total>
<tag>
<stat pass="1" fail="0" skip="0">testeConteudo</stat>
<stat pass="1" fail="0" skip="0">testeEstruturaResposta</stat>
<stat pass="1" fail="0" skip="0">testeRequisicaoBasica</stat>
<stat pass="1" fail="0" skip="0">testeTiposDados</stat>
</tag>
<suite>
<stat pass="5" fail="0" skip="0" id="s1" name="Tests">Tests</stat>
<stat pass="5" fail="0" skip="0" id="s1-s1" name="Random-User-Test">Tests.Random-User-Test</stat>
</suite>
</statistics>
<errors>
</errors>
</robot>
