<?xml version="1.0" encoding="UTF-8"?>
<robot generator="Robot 7.0.1 (Python 3.12.4 on linux)" generated="2024-06-23T16:17:12.845393" rpa="false" schemaversion="5">
<suite id="s1" name="Tests" source="/home/runner/work/ApiRandomUser/ApiRandomUser/RamdonUser/tests">
<suite id="s1-s1" name="Random-User-Test" source="/home/runner/work/ApiRandomUser/ApiRandomUser/RamdonUser/tests/random-user-test.robot">
<test id="s1-s1-t1" name="Conectar" line="13">
<kw name="Conectar API" owner="random-user-service">
<kw name="Create Session" owner="RequestsLibrary">
<msg time="2024-06-23T16:17:13.236034" level="INFO">Creating Session using : alias=consultarAPI, url=https://randomuser.me/, headers={},                     cookies={}, auth=None, timeout=None, proxies=None, verify=False,                     debug=0 </msg>
<arg>consultarAPI</arg>
<arg>${URL}</arg>
<doc>Create Session: create a HTTP session to a server</doc>
<status status="PASS" start="2024-06-23T16:17:13.235832" elapsed="0.000365"/>
</kw>
<status status="PASS" start="2024-06-23T16:17:13.234881" elapsed="0.001674"/>
</kw>
<status status="PASS" start="2024-06-23T16:17:13.234277" elapsed="0.002508"/>
</test>
<test id="s1-s1-t2" name="Validar retorno 200 e JSON Válido" line="16">
<kw name="Teste de Requisicao Basica" owner="random-user-service">
<kw name="GET On Session" owner="RequestsLibrary">
<msg time="2024-06-23T16:17:13.448980" level="INFO">GET Request : url=https://randomuser.me/api 
 path_url=/api 
 headers={'User-Agent': 'python-requests/2.32.3', 'Accept-Encoding': 'gzip, deflate', 'Accept': '*/*', 'Connection': 'keep-alive'} 
 body=None 
 </msg>
<msg time="2024-06-23T16:17:13.449114" level="INFO">GET Response : url=https://randomuser.me/api 
 status=200, reason=OK 
 headers={'Date': 'Sun, 23 Jun 2024 16:17:13 GMT', 'Content-Type': 'application/json; charset=utf-8', 'Transfer-Encoding': 'chunked', 'Connection': 'keep-alive', 'X-Powered-By': 'Express', 'Access-Control-Allow-Origin': '*', 'Cache-Control': 'no-cache', 'ETag': 'W/"4a5-nTbhH7QQwaahnkKNtXsZ5VhNPzU"', 'Vary': 'Accept-Encoding', 'Content-Encoding': 'gzip', 'CF-Cache-Status': 'DYNAMIC', 'Report-To': '{"endpoints":[{"url":"https:\\/\\/a.nel.cloudflare.com\\/report\\/v4?s=pgBsPTlNfjxuvEfy0RHiGsQPrfgqvks6oMjWPA2ucteM13TxCa%2BIBRmw3Q7OQrD2I8r4Wzm1AvLlH25v2H9SQSnLsRWMNIl%2BA7k4cFPe5%2FwREe4O2xDZz%2F2VarWmydYX"}],"group":"cf-nel","max_age":604800}', 'NEL': '{"success_fraction":0,"report_to":"cf-nel","max_age":604800}', 'Server': 'cloudflare', 'CF-RAY': '8985c97a6e192aa3-LAX', 'alt-svc': 'h3=":443"; ma=86400'} 
 body={"results":[{"gender":"female","name":{"title":"Mrs","first":"Marion","last":"Girard"},"location":{"street":{"number":8308,"name":"Avenue du Château"},"city":"Marseille","state":"Marne","country":"France","postcode":63580,"coordinates":{"latitude":"-18.1686","longitude":"71.9937"},"timezone":{"offset":"+10:00","description":"Eastern Australia, Guam, Vladivostok"}},"email":"marion.girard@example.com","login":{"uuid":"b6afd07a-958c-482a-8014-68e3c346ca69","username":"goldengoose578","password":"adidas","salt":"vFUIlNcd","md5":"bb410d93f9d5b4eb295d4fecad0da6ca","sha1":"f97e4b7db3e85a64712b60009cbee2c89e09a80a","sha256":"c3e0abab7510ed3e62a40907ec3f8083c5071aad06eea964b0538d861fabe6be"},"dob":{"date":"1996-07-20T07:49:50.916Z","age":27},"registered":{"date":"2006-08-21T14:30:33.569Z","age":17},"phone":"02-23-76-46-63","cell":"06-17-31-82-49","id":{"name":"INSEE","value":"2960622480381 93"},"picture":{"large":"https://randomuser.me/api/portraits/women/77.jpg","medium":"https://randomuser.me/api/portraits/med/women/77.jpg","thumbnail":"https://randomuser.me/api/portraits/thumb/women/77.jpg"},"nat":"FR"}],"info":{"seed":"a91632cfed4a8ab3","results":1,"page":1,"version":"1.4"}} 
 </msg>
<msg time="2024-06-23T16:17:13.449192" level="INFO">/opt/hostedtoolcache/Python/3.12.4/x64/lib/python3.12/site-packages/urllib3/connectionpool.py:1099: InsecureRequestWarning: Unverified HTTPS request is being made to host 'randomuser.me'. Adding certificate verification is strongly advised. See: https://urllib3.readthedocs.io/en/latest/advanced-usage.html#tls-warnings
  warnings.warn(</msg>
<msg time="2024-06-23T16:17:13.449322" level="INFO">${response} = &lt;Response [200]&gt;</msg>
<var>${response}</var>
<arg>consultarAPI</arg>
<arg>/api</arg>
<doc>Sends a GET request on a previously created HTTP Session.</doc>
<status status="PASS" start="2024-06-23T16:17:13.239386" elapsed="0.209975"/>
</kw>
<kw name="Should Be Equal As Numbers" owner="BuiltIn">
<msg time="2024-06-23T16:17:13.450272" level="INFO">Argument types are:
&lt;class 'int'&gt;
&lt;class 'str'&gt;</msg>
<arg>${response.status_code}</arg>
<arg>200</arg>
<doc>Fails if objects are unequal after converting them to real numbers.</doc>
<status status="PASS" start="2024-06-23T16:17:13.449836" elapsed="0.000504"/>
</kw>
<kw name="Log" owner="BuiltIn">
<msg time="2024-06-23T16:17:13.451011" level="INFO">200</msg>
<arg>${response.status_code}</arg>
<doc>Logs the given message with the given level.</doc>
<status status="PASS" start="2024-06-23T16:17:13.450668" elapsed="0.000384"/>
</kw>
<kw name="Set Variable" owner="BuiltIn">
<msg time="2024-06-23T16:17:13.451794" level="INFO">${json_data} = {'results': [{'gender': 'female', 'name': {'title': 'Mrs', 'first': 'Marion', 'last': 'Girard'}, 'location': {'street': {'number': 8308, 'name': 'Avenue du Château'}, 'city': 'Marseille', 'state': 'Ma...</msg>
<var>${json_data}</var>
<arg>${response.json()}</arg>
<doc>Returns the given values which can then be assigned to a variables.</doc>
<status status="PASS" start="2024-06-23T16:17:13.451351" elapsed="0.000472"/>
</kw>
<kw name="Dictionary Should Contain Key" owner="Collections">
<arg>${json_data}</arg>
<arg>results</arg>
<doc>Fails if ``key`` is not found from ``dictionary``.</doc>
<status status="PASS" start="2024-06-23T16:17:13.452120" elapsed="0.000161"/>
</kw>
<status status="PASS" start="2024-06-23T16:17:13.239140" elapsed="0.213286"/>
</kw>
<doc>Testa se a API responde corretamente e retorna um objeto JSON válido.</doc>
<tag>testeRequisicaoBasica</tag>
<status status="PASS" start="2024-06-23T16:17:13.238657" elapsed="0.213936"/>
</test>
<test id="s1-s1-t3" name="Validar estrutura de resposta" line="22">
<kw name="Teste de Estrutura de Resposta" owner="random-user-service">
<kw name="GET On Session" owner="RequestsLibrary">
<msg time="2024-06-23T16:17:13.556237" level="INFO">GET Request : url=https://randomuser.me/api 
 path_url=/api 
 headers={'User-Agent': 'python-requests/2.32.3', 'Accept-Encoding': 'gzip, deflate', 'Accept': '*/*', 'Connection': 'keep-alive'} 
 body=None 
 </msg>
<msg time="2024-06-23T16:17:13.556339" level="INFO">GET Response : url=https://randomuser.me/api 
 status=200, reason=OK 
 headers={'Date': 'Sun, 23 Jun 2024 16:17:13 GMT', 'Content-Type': 'application/json; charset=utf-8', 'Transfer-Encoding': 'chunked', 'Connection': 'keep-alive', 'X-Powered-By': 'Express', 'Access-Control-Allow-Origin': '*', 'Cache-Control': 'no-cache', 'ETag': 'W/"475-wXv5WvKQov4vTQSqmKZa5t9KST0"', 'Vary': 'Accept-Encoding', 'Content-Encoding': 'gzip', 'CF-Cache-Status': 'DYNAMIC', 'Report-To': '{"endpoints":[{"url":"https:\\/\\/a.nel.cloudflare.com\\/report\\/v4?s=IEOnIrOHmoqd9eEmRo6QY3A%2BDyrxQkH7ldKLZQgeQrLZJPon30S2xKtHOsmj22%2F9lpCHMwQl1LuObyNYDgOOY9YU6%2Fmk0CWhXHVZEc4eAZJbwsIpnjh5VsxYpUGMl7u3"}],"group":"cf-nel","max_age":604800}', 'NEL': '{"success_fraction":0,"report_to":"cf-nel","max_age":604800}', 'Server': 'cloudflare', 'CF-RAY': '8985c97b1eba2aa3-LAX', 'alt-svc': 'h3=":443"; ma=86400'} 
 body={"results":[{"gender":"male","name":{"title":"Mr","first":"Ignjat","last":"Kuzmanović"},"location":{"street":{"number":8027,"name":"Jermska"},"city":"Novi Kneževac","state":"Podunavlje","country":"Serbia","postcode":36096,"coordinates":{"latitude":"60.4462","longitude":"-59.6986"},"timezone":{"offset":"+3:30","description":"Tehran"}},"email":"ignjat.kuzmanovic@example.com","login":{"uuid":"559c5894-09f7-4d89-be33-7e103fe3771d","username":"blueelephant537","password":"truth","salt":"dJ7C3HJT","md5":"77cb65a6b461d1bef232ccf93c556dfe","sha1":"880be4111f885f5f394df1dc758917bfa938ceee","sha256":"63601aafa091bf661e2641edf5e14278ee1a6c30c8b403cbdaadacde7f0f7cf7"},"dob":{"date":"1996-04-23T07:46:13.498Z","age":28},"registered":{"date":"2003-08-09T19:13:17.873Z","age":20},"phone":"019-8244-084","cell":"068-6424-143","id":{"name":"SID","value":"739249313"},"picture":{"large":"https://randomuser.me/api/portraits/men/3.jpg","medium":"https://randomuser.me/api/portraits/med/men/3.jpg","thumbnail":"https://randomuser.me/api/portraits/thumb/men/3.jpg"},"nat":"RS"}],"info":{"seed":"8f138f75c3c39a5b","results":1,"page":1,"version":"1.4"}} 
 </msg>
<msg time="2024-06-23T16:17:13.556477" level="INFO">/opt/hostedtoolcache/Python/3.12.4/x64/lib/python3.12/site-packages/urllib3/connectionpool.py:1099: InsecureRequestWarning: Unverified HTTPS request is being made to host 'randomuser.me'. Adding certificate verification is strongly advised. See: https://urllib3.readthedocs.io/en/latest/advanced-usage.html#tls-warnings
  warnings.warn(</msg>
<msg time="2024-06-23T16:17:13.556633" level="INFO">${response} = &lt;Response [200]&gt;</msg>
<var>${response}</var>
<arg>consultarAPI</arg>
<arg>/api</arg>
<doc>Sends a GET request on a previously created HTTP Session.</doc>
<status status="PASS" start="2024-06-23T16:17:13.455268" elapsed="0.101417"/>
</kw>
<kw name="Set Variable" owner="BuiltIn">
<msg time="2024-06-23T16:17:13.557678" level="INFO">${json_data} = {'results': [{'gender': 'male', 'name': {'title': 'Mr', 'first': 'Ignjat', 'last': 'Kuzmanović'}, 'location': {'street': {'number': 8027, 'name': 'Jermska'}, 'city': 'Novi Kneževac', 'state': 'Podunav...</msg>
<var>${json_data}</var>
<arg>${response.json()}</arg>
<doc>Returns the given values which can then be assigned to a variables.</doc>
<status status="PASS" start="2024-06-23T16:17:13.557178" elapsed="0.000530"/>
</kw>
<kw name="Log" owner="BuiltIn">
<msg time="2024-06-23T16:17:13.558181" level="INFO">{'results': [{'gender': 'male', 'name': {'title': 'Mr', 'first': 'Ignjat', 'last': 'Kuzmanović'}, 'location': {'street': {'number': 8027, 'name': 'Jermska'}, 'city': 'Novi Kneževac', 'state': 'Podunavlje', 'country': 'Serbia', 'postcode': 36096, 'coordinates': {'latitude': '60.4462', 'longitude': '-59.6986'}, 'timezone': {'offset': '+3:30', 'description': 'Tehran'}}, 'email': 'ignjat.kuzmanovic@example.com', 'login': {'uuid': '559c5894-09f7-4d89-be33-7e103fe3771d', 'username': 'blueelephant537', 'password': 'truth', 'salt': 'dJ7C3HJT', 'md5': '77cb65a6b461d1bef232ccf93c556dfe', 'sha1': '880be4111f885f5f394df1dc758917bfa938ceee', 'sha256': '63601aafa091bf661e2641edf5e14278ee1a6c30c8b403cbdaadacde7f0f7cf7'}, 'dob': {'date': '1996-04-23T07:46:13.498Z', 'age': 28}, 'registered': {'date': '2003-08-09T19:13:17.873Z', 'age': 20}, 'phone': '019-8244-084', 'cell': '068-6424-143', 'id': {'name': 'SID', 'value': '739249313'}, 'picture': {'large': 'https://randomuser.me/api/portraits/men/3.jpg', 'medium': 'https://randomuser.me/api/portraits/med/men/3.jpg', 'thumbnail': 'https://randomuser.me/api/portraits/thumb/men/3.jpg'}, 'nat': 'RS'}], 'info': {'seed': '8f138f75c3c39a5b', 'results': 1, 'page': 1, 'version': '1.4'}}</msg>
<arg>${json_data}</arg>
<doc>Logs the given message with the given level.</doc>
<status status="PASS" start="2024-06-23T16:17:13.558015" elapsed="0.000217"/>
</kw>
<kw name="Dictionary Should Contain Key" owner="Collections">
<arg>${json_data}</arg>
<arg>results</arg>
<doc>Fails if ``key`` is not found from ``dictionary``.</doc>
<status status="PASS" start="2024-06-23T16:17:13.558525" elapsed="0.000159"/>
</kw>
<kw name="Should Not Be Empty" owner="BuiltIn">
<msg time="2024-06-23T16:17:13.558991" level="INFO">Length is 2.</msg>
<arg>${json_data}</arg>
<doc>Verifies that the given item is not empty.</doc>
<status status="PASS" start="2024-06-23T16:17:13.558867" elapsed="0.000161"/>
</kw>
<kw name="Create List" owner="BuiltIn">
<msg time="2024-06-23T16:17:13.559612" level="INFO">${expected_keys} = ['gender', 'name', 'location', 'email', 'login']</msg>
<var>${expected_keys}</var>
<arg>gender</arg>
<arg>name</arg>
<arg>location</arg>
<arg>email</arg>
<arg>login</arg>
<doc>Returns a list containing given items.</doc>
<status status="PASS" start="2024-06-23T16:17:13.559313" elapsed="0.000324"/>
</kw>
<for flavor="IN">
<iter>
<kw name="Dictionary Should Contain Key" owner="Collections">
<arg>${json_data['results'][0]}</arg>
<arg>${key}</arg>
<doc>Fails if ``key`` is not found from ``dictionary``.</doc>
<status status="PASS" start="2024-06-23T16:17:13.560222" elapsed="0.000425"/>
</kw>
<kw name="Log" owner="BuiltIn">
<msg time="2024-06-23T16:17:13.561205" level="INFO">{'gender': 'male', 'name': {'title': 'Mr', 'first': 'Ignjat', 'last': 'Kuzmanović'}, 'location': {'street': {'number': 8027, 'name': 'Jermska'}, 'city': 'Novi Kneževac', 'state': 'Podunavlje', 'country': 'Serbia', 'postcode': 36096, 'coordinates': {'latitude': '60.4462', 'longitude': '-59.6986'}, 'timezone': {'offset': '+3:30', 'description': 'Tehran'}}, 'email': 'ignjat.kuzmanovic@example.com', 'login': {'uuid': '559c5894-09f7-4d89-be33-7e103fe3771d', 'username': 'blueelephant537', 'password': 'truth', 'salt': 'dJ7C3HJT', 'md5': '77cb65a6b461d1bef232ccf93c556dfe', 'sha1': '880be4111f885f5f394df1dc758917bfa938ceee', 'sha256': '63601aafa091bf661e2641edf5e14278ee1a6c30c8b403cbdaadacde7f0f7cf7'}, 'dob': {'date': '1996-04-23T07:46:13.498Z', 'age': 28}, 'registered': {'date': '2003-08-09T19:13:17.873Z', 'age': 20}, 'phone': '019-8244-084', 'cell': '068-6424-143', 'id': {'name': 'SID', 'value': '739249313'}, 'picture': {'large': 'https://randomuser.me/api/portraits/men/3.jpg', 'medium': 'https://randomuser.me/api/portraits/med/men/3.jpg', 'thumbnail': 'https://randomuser.me/api/portraits/thumb/men/3.jpg'}, 'nat': 'RS'}</msg>
<arg>${json_data['results'][0]}</arg>
<doc>Logs the given message with the given level.</doc>
<status status="PASS" start="2024-06-23T16:17:13.560840" elapsed="0.000416"/>
</kw>
<kw name="Log" owner="BuiltIn">
<msg time="2024-06-23T16:17:13.561685" level="INFO">gender</msg>
<arg>${key}</arg>
<doc>Logs the given message with the given level.</doc>
<status status="PASS" start="2024-06-23T16:17:13.561556" elapsed="0.000167"/>
</kw>
<var name="${key}">gender</var>
<status status="PASS" start="2024-06-23T16:17:13.560099" elapsed="0.001841"/>
</iter>
<iter>
<kw name="Dictionary Should Contain Key" owner="Collections">
<arg>${json_data['results'][0]}</arg>
<arg>${key}</arg>
<doc>Fails if ``key`` is not found from ``dictionary``.</doc>
<status status="PASS" start="2024-06-23T16:17:13.562236" elapsed="0.000380"/>
</kw>
<kw name="Log" owner="BuiltIn">
<msg time="2024-06-23T16:17:13.563162" level="INFO">{'gender': 'male', 'name': {'title': 'Mr', 'first': 'Ignjat', 'last': 'Kuzmanović'}, 'location': {'street': {'number': 8027, 'name': 'Jermska'}, 'city': 'Novi Kneževac', 'state': 'Podunavlje', 'country': 'Serbia', 'postcode': 36096, 'coordinates': {'latitude': '60.4462', 'longitude': '-59.6986'}, 'timezone': {'offset': '+3:30', 'description': 'Tehran'}}, 'email': 'ignjat.kuzmanovic@example.com', 'login': {'uuid': '559c5894-09f7-4d89-be33-7e103fe3771d', 'username': 'blueelephant537', 'password': 'truth', 'salt': 'dJ7C3HJT', 'md5': '77cb65a6b461d1bef232ccf93c556dfe', 'sha1': '880be4111f885f5f394df1dc758917bfa938ceee', 'sha256': '63601aafa091bf661e2641edf5e14278ee1a6c30c8b403cbdaadacde7f0f7cf7'}, 'dob': {'date': '1996-04-23T07:46:13.498Z', 'age': 28}, 'registered': {'date': '2003-08-09T19:13:17.873Z', 'age': 20}, 'phone': '019-8244-084', 'cell': '068-6424-143', 'id': {'name': 'SID', 'value': '739249313'}, 'picture': {'large': 'https://randomuser.me/api/portraits/men/3.jpg', 'medium': 'https://randomuser.me/api/portraits/med/men/3.jpg', 'thumbnail': 'https://randomuser.me/api/portraits/thumb/men/3.jpg'}, 'nat': 'RS'}</msg>
<arg>${json_data['results'][0]}</arg>
<doc>Logs the given message with the given level.</doc>
<status status="PASS" start="2024-06-23T16:17:13.562801" elapsed="0.000444"/>
</kw>
<kw name="Log" owner="BuiltIn">
<msg time="2024-06-23T16:17:13.563826" level="INFO">name</msg>
<arg>${key}</arg>
<doc>Logs the given message with the given level.</doc>
<status status="PASS" start="2024-06-23T16:17:13.563686" elapsed="0.000178"/>
</kw>
<var name="${key}">name</var>
<status status="PASS" start="2024-06-23T16:17:13.562125" elapsed="0.001962"/>
</iter>
<iter>
<kw name="Dictionary Should Contain Key" owner="Collections">
<arg>${json_data['results'][0]}</arg>
<arg>${key}</arg>
<doc>Fails if ``key`` is not found from ``dictionary``.</doc>
<status status="PASS" start="2024-06-23T16:17:13.564373" elapsed="0.000415"/>
</kw>
<kw name="Log" owner="BuiltIn">
<msg time="2024-06-23T16:17:13.565326" level="INFO">{'gender': 'male', 'name': {'title': 'Mr', 'first': 'Ignjat', 'last': 'Kuzmanović'}, 'location': {'street': {'number': 8027, 'name': 'Jermska'}, 'city': 'Novi Kneževac', 'state': 'Podunavlje', 'country': 'Serbia', 'postcode': 36096, 'coordinates': {'latitude': '60.4462', 'longitude': '-59.6986'}, 'timezone': {'offset': '+3:30', 'description': 'Tehran'}}, 'email': 'ignjat.kuzmanovic@example.com', 'login': {'uuid': '559c5894-09f7-4d89-be33-7e103fe3771d', 'username': 'blueelephant537', 'password': 'truth', 'salt': 'dJ7C3HJT', 'md5': '77cb65a6b461d1bef232ccf93c556dfe', 'sha1': '880be4111f885f5f394df1dc758917bfa938ceee', 'sha256': '63601aafa091bf661e2641edf5e14278ee1a6c30c8b403cbdaadacde7f0f7cf7'}, 'dob': {'date': '1996-04-23T07:46:13.498Z', 'age': 28}, 'registered': {'date': '2003-08-09T19:13:17.873Z', 'age': 20}, 'phone': '019-8244-084', 'cell': '068-6424-143', 'id': {'name': 'SID', 'value': '739249313'}, 'picture': {'large': 'https://randomuser.me/api/portraits/men/3.jpg', 'medium': 'https://randomuser.me/api/portraits/med/men/3.jpg', 'thumbnail': 'https://randomuser.me/api/portraits/thumb/men/3.jpg'}, 'nat': 'RS'}</msg>
<arg>${json_data['results'][0]}</arg>
<doc>Logs the given message with the given level.</doc>
<status status="PASS" start="2024-06-23T16:17:13.564970" elapsed="0.000406"/>
</kw>
<kw name="Log" owner="BuiltIn">
<msg time="2024-06-23T16:17:13.565802" level="INFO">location</msg>
<arg>${key}</arg>
<doc>Logs the given message with the given level.</doc>
<status status="PASS" start="2024-06-23T16:17:13.565672" elapsed="0.000167"/>
</kw>
<var name="${key}">location</var>
<status status="PASS" start="2024-06-23T16:17:13.564265" elapsed="0.001790"/>
</iter>
<iter>
<kw name="Dictionary Should Contain Key" owner="Collections">
<arg>${json_data['results'][0]}</arg>
<arg>${key}</arg>
<doc>Fails if ``key`` is not found from ``dictionary``.</doc>
<status status="PASS" start="2024-06-23T16:17:13.566335" elapsed="0.000375"/>
</kw>
<kw name="Log" owner="BuiltIn">
<msg time="2024-06-23T16:17:13.567242" level="INFO">{'gender': 'male', 'name': {'title': 'Mr', 'first': 'Ignjat', 'last': 'Kuzmanović'}, 'location': {'street': {'number': 8027, 'name': 'Jermska'}, 'city': 'Novi Kneževac', 'state': 'Podunavlje', 'country': 'Serbia', 'postcode': 36096, 'coordinates': {'latitude': '60.4462', 'longitude': '-59.6986'}, 'timezone': {'offset': '+3:30', 'description': 'Tehran'}}, 'email': 'ignjat.kuzmanovic@example.com', 'login': {'uuid': '559c5894-09f7-4d89-be33-7e103fe3771d', 'username': 'blueelephant537', 'password': 'truth', 'salt': 'dJ7C3HJT', 'md5': '77cb65a6b461d1bef232ccf93c556dfe', 'sha1': '880be4111f885f5f394df1dc758917bfa938ceee', 'sha256': '63601aafa091bf661e2641edf5e14278ee1a6c30c8b403cbdaadacde7f0f7cf7'}, 'dob': {'date': '1996-04-23T07:46:13.498Z', 'age': 28}, 'registered': {'date': '2003-08-09T19:13:17.873Z', 'age': 20}, 'phone': '019-8244-084', 'cell': '068-6424-143', 'id': {'name': 'SID', 'value': '739249313'}, 'picture': {'large': 'https://randomuser.me/api/portraits/men/3.jpg', 'medium': 'https://randomuser.me/api/portraits/med/men/3.jpg', 'thumbnail': 'https://randomuser.me/api/portraits/thumb/men/3.jpg'}, 'nat': 'RS'}</msg>
<arg>${json_data['results'][0]}</arg>
<doc>Logs the given message with the given level.</doc>
<status status="PASS" start="2024-06-23T16:17:13.566892" elapsed="0.000404"/>
</kw>
<kw name="Log" owner="BuiltIn">
<msg time="2024-06-23T16:17:13.567721" level="INFO">email</msg>
<arg>${key}</arg>
<doc>Logs the given message with the given level.</doc>
<status status="PASS" start="2024-06-23T16:17:13.567593" elapsed="0.000165"/>
</kw>
<var name="${key}">email</var>
<status status="PASS" start="2024-06-23T16:17:13.566230" elapsed="0.001739"/>
</iter>
<iter>
<kw name="Dictionary Should Contain Key" owner="Collections">
<arg>${json_data['results'][0]}</arg>
<arg>${key}</arg>
<doc>Fails if ``key`` is not found from ``dictionary``.</doc>
<status status="PASS" start="2024-06-23T16:17:13.568241" elapsed="0.000413"/>
</kw>
<kw name="Log" owner="BuiltIn">
<msg time="2024-06-23T16:17:13.569190" level="INFO">{'gender': 'male', 'name': {'title': 'Mr', 'first': 'Ignjat', 'last': 'Kuzmanović'}, 'location': {'street': {'number': 8027, 'name': 'Jermska'}, 'city': 'Novi Kneževac', 'state': 'Podunavlje', 'country': 'Serbia', 'postcode': 36096, 'coordinates': {'latitude': '60.4462', 'longitude': '-59.6986'}, 'timezone': {'offset': '+3:30', 'description': 'Tehran'}}, 'email': 'ignjat.kuzmanovic@example.com', 'login': {'uuid': '559c5894-09f7-4d89-be33-7e103fe3771d', 'username': 'blueelephant537', 'password': 'truth', 'salt': 'dJ7C3HJT', 'md5': '77cb65a6b461d1bef232ccf93c556dfe', 'sha1': '880be4111f885f5f394df1dc758917bfa938ceee', 'sha256': '63601aafa091bf661e2641edf5e14278ee1a6c30c8b403cbdaadacde7f0f7cf7'}, 'dob': {'date': '1996-04-23T07:46:13.498Z', 'age': 28}, 'registered': {'date': '2003-08-09T19:13:17.873Z', 'age': 20}, 'phone': '019-8244-084', 'cell': '068-6424-143', 'id': {'name': 'SID', 'value': '739249313'}, 'picture': {'large': 'https://randomuser.me/api/portraits/men/3.jpg', 'medium': 'https://randomuser.me/api/portraits/med/men/3.jpg', 'thumbnail': 'https://randomuser.me/api/portraits/thumb/men/3.jpg'}, 'nat': 'RS'}</msg>
<arg>${json_data['results'][0]}</arg>
<doc>Logs the given message with the given level.</doc>
<status status="PASS" start="2024-06-23T16:17:13.568837" elapsed="0.000402"/>
</kw>
<kw name="Log" owner="BuiltIn">
<msg time="2024-06-23T16:17:13.569664" level="INFO">login</msg>
<arg>${key}</arg>
<doc>Logs the given message with the given level.</doc>
<status status="PASS" start="2024-06-23T16:17:13.569536" elapsed="0.000165"/>
</kw>
<var name="${key}">login</var>
<status status="PASS" start="2024-06-23T16:17:13.568136" elapsed="0.001777"/>
</iter>
<var>${key}</var>
<value>@{expected_keys}</value>
<status status="PASS" start="2024-06-23T16:17:13.559901" elapsed="0.010131"/>
</for>
<kw name="Create List" owner="BuiltIn">
<msg time="2024-06-23T16:17:13.570353" level="INFO">${expected_keysTwo} = ['username', 'password']</msg>
<var>${expected_keysTwo}</var>
<arg>username</arg>
<arg>password</arg>
<doc>Returns a list containing given items.</doc>
<status status="PASS" start="2024-06-23T16:17:13.570219" elapsed="0.000158"/>
</kw>
<for flavor="IN">
<iter>
<kw name="Dictionary Should Contain Key" owner="Collections">
<arg>${json_data['results'][0]['login']}</arg>
<arg>${keyTwo}</arg>
<doc>Fails if ``key`` is not found from ``dictionary``.</doc>
<status status="PASS" start="2024-06-23T16:17:13.570897" elapsed="0.000396"/>
</kw>
<kw name="Dictionary Should Contain Key" owner="Collections">
<arg>${json_data['results'][0]['login']}</arg>
<arg>${keyTwo}</arg>
<doc>Fails if ``key`` is not found from ``dictionary``.</doc>
<status status="PASS" start="2024-06-23T16:17:13.571478" elapsed="0.000370"/>
</kw>
<kw name="Log" owner="BuiltIn">
<msg time="2024-06-23T16:17:13.572145" level="INFO">username</msg>
<arg>${keyTwo}</arg>
<doc>Logs the given message with the given level.</doc>
<status status="PASS" start="2024-06-23T16:17:13.572025" elapsed="0.000157"/>
</kw>
<var name="${keyTwo}">username</var>
<status status="PASS" start="2024-06-23T16:17:13.570789" elapsed="0.001616"/>
</iter>
<iter>
<kw name="Dictionary Should Contain Key" owner="Collections">
<arg>${json_data['results'][0]['login']}</arg>
<arg>${keyTwo}</arg>
<doc>Fails if ``key`` is not found from ``dictionary``.</doc>
<status status="PASS" start="2024-06-23T16:17:13.572706" elapsed="0.000388"/>
</kw>
<kw name="Dictionary Should Contain Key" owner="Collections">
<arg>${json_data['results'][0]['login']}</arg>
<arg>${keyTwo}</arg>
<doc>Fails if ``key`` is not found from ``dictionary``.</doc>
<status status="PASS" start="2024-06-23T16:17:13.573274" elapsed="0.000379"/>
</kw>
<kw name="Log" owner="BuiltIn">
<msg time="2024-06-23T16:17:13.573950" level="INFO">password</msg>
<arg>${keyTwo}</arg>
<doc>Logs the given message with the given level.</doc>
<status status="PASS" start="2024-06-23T16:17:13.573829" elapsed="0.000157"/>
</kw>
<var name="${keyTwo}">password</var>
<status status="PASS" start="2024-06-23T16:17:13.572573" elapsed="0.001723"/>
</iter>
<var>${keyTwo}</var>
<value>@{expected_keysTwo}</value>
<status status="PASS" start="2024-06-23T16:17:13.570634" elapsed="0.003783"/>
</for>
<status status="PASS" start="2024-06-23T16:17:13.455037" elapsed="0.119521"/>
</kw>
<doc>Testa a estrutura da resposta da API.</doc>
<tag>testeEstruturaResposta</tag>
<status status="PASS" start="2024-06-23T16:17:13.454449" elapsed="0.120263"/>
</test>
<test id="s1-s1-t4" name="Validar tipos de dados" line="28">
<kw name="Teste de Tipos de Dados" owner="random-user-service">
<kw name="GET On Session" owner="RequestsLibrary">
<msg time="2024-06-23T16:17:13.681408" level="INFO">GET Request : url=https://randomuser.me/api 
 path_url=/api 
 headers={'User-Agent': 'python-requests/2.32.3', 'Accept-Encoding': 'gzip, deflate', 'Accept': '*/*', 'Connection': 'keep-alive'} 
 body=None 
 </msg>
<msg time="2024-06-23T16:17:13.681494" level="INFO">GET Response : url=https://randomuser.me/api 
 status=200, reason=OK 
 headers={'Date': 'Sun, 23 Jun 2024 16:17:13 GMT', 'Content-Type': 'application/json; charset=utf-8', 'Transfer-Encoding': 'chunked', 'Connection': 'keep-alive', 'X-Powered-By': 'Express', 'Access-Control-Allow-Origin': '*', 'Cache-Control': 'no-cache', 'ETag': 'W/"469-ZmEVjqKAcULI7uZivKQok9EfKls"', 'Vary': 'Accept-Encoding', 'Content-Encoding': 'gzip', 'CF-Cache-Status': 'DYNAMIC', 'Report-To': '{"endpoints":[{"url":"https:\\/\\/a.nel.cloudflare.com\\/report\\/v4?s=exYCn%2F%2BlzW%2F4ddvE0y9csdrW%2BthTbGNMlFL9NqQNSOCJJeG5czCgYRGn4q5zJKFe1yKOSrpKZ4QZYysUCzt9OFUabtfRpJzZ4A%2B9SQzyO%2FIfhksg%2FLuSrrlS%2FOMdkoKP"}],"group":"cf-nel","max_age":604800}', 'NEL': '{"success_fraction":0,"report_to":"cf-nel","max_age":604800}', 'Server': 'cloudflare', 'CF-RAY': '8985c97bdf932aa3-LAX', 'alt-svc': 'h3=":443"; ma=86400'} 
 body={"results":[{"gender":"male","name":{"title":"Mr","first":"Jack","last":"Wood"},"location":{"street":{"number":3775,"name":"Omahu Road"},"city":"Napier","state":"Southland","country":"New Zealand","postcode":28237,"coordinates":{"latitude":"52.0568","longitude":"-31.5670"},"timezone":{"offset":"+5:45","description":"Kathmandu"}},"email":"jack.wood@example.com","login":{"uuid":"7fc697a3-9ef8-457d-8b01-60187b858db8","username":"beautifulbutterfly450","password":"pride","salt":"J57GwDZU","md5":"eb3d67ed20956cb3a4e47de3ebe0b044","sha1":"efaf0972ed37417ec3e35a51241e230b0201442f","sha256":"09f0edf9f6a94f2666649665b5e8884cb3fd47fa75e1b47004c5aaf35e697267"},"dob":{"date":"1946-11-22T22:27:00.856Z","age":77},"registered":{"date":"2004-01-11T02:45:14.631Z","age":20},"phone":"(475)-358-7581","cell":"(386)-470-0448","id":{"name":"","value":null},"picture":{"large":"https://randomuser.me/api/portraits/men/51.jpg","medium":"https://randomuser.me/api/portraits/med/men/51.jpg","thumbnail":"https://randomuser.me/api/portraits/thumb/men/51.jpg"},"nat":"NZ"}],"info":{"seed":"5a2e9b419b6454a1","results":1,"page":1,"version":"1.4"}} 
 </msg>
<msg time="2024-06-23T16:17:13.681576" level="INFO">/opt/hostedtoolcache/Python/3.12.4/x64/lib/python3.12/site-packages/urllib3/connectionpool.py:1099: InsecureRequestWarning: Unverified HTTPS request is being made to host 'randomuser.me'. Adding certificate verification is strongly advised. See: https://urllib3.readthedocs.io/en/latest/advanced-usage.html#tls-warnings
  warnings.warn(</msg>
<msg time="2024-06-23T16:17:13.681701" level="INFO">${response} = &lt;Response [200]&gt;</msg>
<var>${response}</var>
<arg>consultarAPI</arg>
<arg>/api</arg>
<doc>Sends a GET request on a previously created HTTP Session.</doc>
<status status="PASS" start="2024-06-23T16:17:13.577128" elapsed="0.104626"/>
</kw>
<kw name="Set Variable" owner="BuiltIn">
<msg time="2024-06-23T16:17:13.682685" level="INFO">${json_data} = {'results': [{'gender': 'male', 'name': {'title': 'Mr', 'first': 'Jack', 'last': 'Wood'}, 'location': {'street': {'number': 3775, 'name': 'Omahu Road'}, 'city': 'Napier', 'state': 'Southland', 'countr...</msg>
<var>${json_data}</var>
<arg>${response.json()}</arg>
<doc>Returns the given values which can then be assigned to a variables.</doc>
<status status="PASS" start="2024-06-23T16:17:13.682234" elapsed="0.000483"/>
</kw>
<kw name="Log" owner="BuiltIn">
<msg time="2024-06-23T16:17:13.683181" level="INFO">{'results': [{'gender': 'male', 'name': {'title': 'Mr', 'first': 'Jack', 'last': 'Wood'}, 'location': {'street': {'number': 3775, 'name': 'Omahu Road'}, 'city': 'Napier', 'state': 'Southland', 'country': 'New Zealand', 'postcode': 28237, 'coordinates': {'latitude': '52.0568', 'longitude': '-31.5670'}, 'timezone': {'offset': '+5:45', 'description': 'Kathmandu'}}, 'email': 'jack.wood@example.com', 'login': {'uuid': '7fc697a3-9ef8-457d-8b01-60187b858db8', 'username': 'beautifulbutterfly450', 'password': 'pride', 'salt': 'J57GwDZU', 'md5': 'eb3d67ed20956cb3a4e47de3ebe0b044', 'sha1': 'efaf0972ed37417ec3e35a51241e230b0201442f', 'sha256': '09f0edf9f6a94f2666649665b5e8884cb3fd47fa75e1b47004c5aaf35e697267'}, 'dob': {'date': '1946-11-22T22:27:00.856Z', 'age': 77}, 'registered': {'date': '2004-01-11T02:45:14.631Z', 'age': 20}, 'phone': '(475)-358-7581', 'cell': '(386)-470-0448', 'id': {'name': '', 'value': None}, 'picture': {'large': 'https://randomuser.me/api/portraits/men/51.jpg', 'medium': 'https://randomuser.me/api/portraits/med/men/51.jpg', 'thumbnail': 'https://randomuser.me/api/portraits/thumb/men/51.jpg'}, 'nat': 'NZ'}], 'info': {'seed': '5a2e9b419b6454a1', 'results': 1, 'page': 1, 'version': '1.4'}}</msg>
<arg>${json_data}</arg>
<doc>Logs the given message with the given level.</doc>
<status status="PASS" start="2024-06-23T16:17:13.683020" elapsed="0.000209"/>
</kw>
<kw name="Should Be String" owner="String">
<arg>${json_data['results'][0]['gender']}</arg>
<doc>Fails if the given ``item`` is not a string.</doc>
<status status="PASS" start="2024-06-23T16:17:13.683498" elapsed="0.000343"/>
</kw>
<kw name="Should Match Regexp" owner="BuiltIn">
<arg>${json_data['results'][0]['email']}</arg>
<arg>^[a-zA-Z0-9._%+-]+@[a-zA-Z0-9.-]+\.[a-zA-Z]{2,}$</arg>
<doc>Fails if ``string`` does not match ``pattern`` as a regular expression.</doc>
<status status="PASS" start="2024-06-23T16:17:13.684016" elapsed="0.000487"/>
</kw>
<kw name="Should Match Regexp" owner="BuiltIn">
<arg>${json_data['results'][0]['dob']['date']}</arg>
<arg>\\d{4}-\\d{2}-\\d{2}T\\d{2}:\\d{2}:\\d{2}\\.\\d{3}Z</arg>
<doc>Fails if ``string`` does not match ``pattern`` as a regular expression.</doc>
<status status="PASS" start="2024-06-23T16:17:13.684739" elapsed="0.000461"/>
</kw>
<kw name="Should Match Regexp" owner="BuiltIn">
<arg>${json_data['results'][0]['registered']['date']}</arg>
<arg>\\d{4}-\\d{2}-\\d{2}T\\d{2}:\\d{2}:\\d{2}\\.\\d{3}Z</arg>
<doc>Fails if ``string`` does not match ``pattern`` as a regular expression.</doc>
<status status="PASS" start="2024-06-23T16:17:13.685382" elapsed="0.000364"/>
</kw>
<kw name="Should Match Regexp" owner="BuiltIn">
<arg>${json_data['results'][0]['picture']['large']}</arg>
<arg>^https?://.*\.(?:png|jpe?g|gif|bmp)$</arg>
<doc>Fails if ``string`` does not match ``pattern`` as a regular expression.</doc>
<status status="PASS" start="2024-06-23T16:17:13.685940" elapsed="0.000469"/>
</kw>
<kw name="Should Match Regexp" owner="BuiltIn">
<arg>${json_data['results'][0]['picture']['medium']}</arg>
<arg>^https?://.*\.(?:png|jpe?g|gif|bmp)$</arg>
<doc>Fails if ``string`` does not match ``pattern`` as a regular expression.</doc>
<status status="PASS" start="2024-06-23T16:17:13.686598" elapsed="0.000353"/>
</kw>
<kw name="Should Match Regexp" owner="BuiltIn">
<arg>${json_data['results'][0]['picture']['thumbnail']}</arg>
<arg>^https?://.*\.(?:png|jpe?g|gif|bmp)$</arg>
<doc>Fails if ``string`` does not match ``pattern`` as a regular expression.</doc>
<status status="PASS" start="2024-06-23T16:17:13.687134" elapsed="0.000357"/>
</kw>
<kw name="Log" owner="BuiltIn">
<msg time="2024-06-23T16:17:13.687994" level="INFO">{'large': 'https://randomuser.me/api/portraits/men/51.jpg', 'medium': 'https://randomuser.me/api/portraits/med/men/51.jpg', 'thumbnail': 'https://randomuser.me/api/portraits/thumb/men/51.jpg'}</msg>
<arg>${json_data['results'][0]['picture']}</arg>
<doc>Logs the given message with the given level.</doc>
<status status="PASS" start="2024-06-23T16:17:13.687671" elapsed="0.000364"/>
</kw>
<status status="PASS" start="2024-06-23T16:17:13.576908" elapsed="0.111382"/>
</kw>
<kw name="Teste de Tipos de Dados - Postcode" owner="random-user-service">
<kw name="GET On Session" owner="RequestsLibrary">
<msg time="2024-06-23T16:17:13.787485" level="INFO">GET Request : url=https://randomuser.me/api 
 path_url=/api 
 headers={'User-Agent': 'python-requests/2.32.3', 'Accept-Encoding': 'gzip, deflate', 'Accept': '*/*', 'Connection': 'keep-alive'} 
 body=None 
 </msg>
<msg time="2024-06-23T16:17:13.787548" level="INFO">GET Response : url=https://randomuser.me/api 
 status=200, reason=OK 
 headers={'Date': 'Sun, 23 Jun 2024 16:17:13 GMT', 'Content-Type': 'application/json; charset=utf-8', 'Transfer-Encoding': 'chunked', 'Connection': 'keep-alive', 'X-Powered-By': 'Express', 'Access-Control-Allow-Origin': '*', 'Cache-Control': 'no-cache', 'ETag': 'W/"475-365s1D/ypIxZtQmYfqP7lCI2FWo"', 'Vary': 'Accept-Encoding', 'Content-Encoding': 'gzip', 'CF-Cache-Status': 'DYNAMIC', 'Report-To': '{"endpoints":[{"url":"https:\\/\\/a.nel.cloudflare.com\\/report\\/v4?s=Q0cr3s9ap9WVFj27hVPkIt4UngCeqGB4o8AxDgb9mAJdjTJKu3xNMlrRxPX9OliFs1fc02GAWUVRXh1%2FgSvhOAPit0BusGCSIcFw9TbkmmZfP4PdkftjjuBGTuxAy0GP"}],"group":"cf-nel","max_age":604800}', 'NEL': '{"success_fraction":0,"report_to":"cf-nel","max_age":604800}', 'Server': 'cloudflare', 'CF-RAY': '8985c97c984e2aa3-LAX', 'alt-svc': 'h3=":443"; ma=86400'} 
 body={"results":[{"gender":"male","name":{"title":"Mr","first":"Eino","last":"Rautio"},"location":{"street":{"number":8916,"name":"Hermiankatu"},"city":"Tammela","state":"Finland Proper","country":"Finland","postcode":82248,"coordinates":{"latitude":"-23.4224","longitude":"-37.5982"},"timezone":{"offset":"-9:00","description":"Alaska"}},"email":"eino.rautio@example.com","login":{"uuid":"3c2e2d2c-5c8b-4e6d-aa5d-340bb2e262fa","username":"greenswan302","password":"neville","salt":"wXFR4y2O","md5":"09a11987a71a350fcb9ffaa0634d7737","sha1":"73ece2ffe974eee75efbab0409e1abf78c486f02","sha256":"3f10312a4d9500dd7bf2e943ec04068f5921254605533d1b1b365c8872c9fbbc"},"dob":{"date":"1961-02-04T20:09:46.402Z","age":63},"registered":{"date":"2002-10-09T16:59:59.071Z","age":21},"phone":"07-181-419","cell":"046-720-75-61","id":{"name":"HETU","value":"NaNNA883undefined"},"picture":{"large":"https://randomuser.me/api/portraits/men/74.jpg","medium":"https://randomuser.me/api/portraits/med/men/74.jpg","thumbnail":"https://randomuser.me/api/portraits/thumb/men/74.jpg"},"nat":"FI"}],"info":{"seed":"71095fab2fecdd3a","results":1,"page":1,"version":"1.4"}} 
 </msg>
<msg time="2024-06-23T16:17:13.787606" level="INFO">/opt/hostedtoolcache/Python/3.12.4/x64/lib/python3.12/site-packages/urllib3/connectionpool.py:1099: InsecureRequestWarning: Unverified HTTPS request is being made to host 'randomuser.me'. Adding certificate verification is strongly advised. See: https://urllib3.readthedocs.io/en/latest/advanced-usage.html#tls-warnings
  warnings.warn(</msg>
<msg time="2024-06-23T16:17:13.787689" level="INFO">${response} = &lt;Response [200]&gt;</msg>
<var>${response}</var>
<arg>consultarAPI</arg>
<arg>/api</arg>
<doc>Sends a GET request on a previously created HTTP Session.</doc>
<status status="PASS" start="2024-06-23T16:17:13.688758" elapsed="0.098964"/>
</kw>
<kw name="Set Variable" owner="BuiltIn">
<msg time="2024-06-23T16:17:13.788532" level="INFO">${json_data} = {'results': [{'gender': 'male', 'name': {'title': 'Mr', 'first': 'Eino', 'last': 'Rautio'}, 'location': {'street': {'number': 8916, 'name': 'Hermiankatu'}, 'city': 'Tammela', 'state': 'Finland Proper'...</msg>
<var>${json_data}</var>
<arg>${response.json()}</arg>
<doc>Returns the given values which can then be assigned to a variables.</doc>
<status status="PASS" start="2024-06-23T16:17:13.788092" elapsed="0.000467"/>
</kw>
<kw name="Log" owner="BuiltIn">
<msg time="2024-06-23T16:17:13.789047" level="INFO">{'results': [{'gender': 'male', 'name': {'title': 'Mr', 'first': 'Eino', 'last': 'Rautio'}, 'location': {'street': {'number': 8916, 'name': 'Hermiankatu'}, 'city': 'Tammela', 'state': 'Finland Proper', 'country': 'Finland', 'postcode': 82248, 'coordinates': {'latitude': '-23.4224', 'longitude': '-37.5982'}, 'timezone': {'offset': '-9:00', 'description': 'Alaska'}}, 'email': 'eino.rautio@example.com', 'login': {'uuid': '3c2e2d2c-5c8b-4e6d-aa5d-340bb2e262fa', 'username': 'greenswan302', 'password': 'neville', 'salt': 'wXFR4y2O', 'md5': '09a11987a71a350fcb9ffaa0634d7737', 'sha1': '73ece2ffe974eee75efbab0409e1abf78c486f02', 'sha256': '3f10312a4d9500dd7bf2e943ec04068f5921254605533d1b1b365c8872c9fbbc'}, 'dob': {'date': '1961-02-04T20:09:46.402Z', 'age': 63}, 'registered': {'date': '2002-10-09T16:59:59.071Z', 'age': 21}, 'phone': '07-181-419', 'cell': '046-720-75-61', 'id': {'name': 'HETU', 'value': 'NaNNA883undefined'}, 'picture': {'large': 'https://randomuser.me/api/portraits/men/74.jpg', 'medium': 'https://randomuser.me/api/portraits/med/men/74.jpg', 'thumbnail': 'https://randomuser.me/api/portraits/thumb/men/74.jpg'}, 'nat': 'FI'}], 'info': {'seed': '71095fab2fecdd3a', 'results': 1, 'page': 1, 'version': '1.4'}}</msg>
<arg>${json_data}</arg>
<doc>Logs the given message with the given level.</doc>
<status status="PASS" start="2024-06-23T16:17:13.788895" elapsed="0.000197"/>
</kw>
<kw name="Should Be Equal As Numbers" owner="BuiltIn">
<arg>${json_data['results'][0]['location']['postcode']}</arg>
<arg>${json_data['results'][0]['location']['postcode']}</arg>
<doc>Fails if objects are unequal after converting them to real numbers.</doc>
<status status="PASS" start="2024-06-23T16:17:13.789388" elapsed="0.000610"/>
</kw>
<kw name="Log" owner="BuiltIn">
<msg time="2024-06-23T16:17:13.790640" level="INFO">82248</msg>
<arg>${json_data['results'][0]['location']['postcode']}</arg>
<doc>Logs the given message with the given level.</doc>
<status status="PASS" start="2024-06-23T16:17:13.790185" elapsed="0.000495"/>
</kw>
<status status="PASS" start="2024-06-23T16:17:13.688515" elapsed="0.102419"/>
</kw>
<doc>Testa se os tipos de dados na resposta da API estão corretos.</doc>
<tag>testeTiposDados</tag>
<status status="PASS" start="2024-06-23T16:17:13.576457" elapsed="0.214668"/>
</test>
<test id="s1-s1-t5" name="Validar conteudo" line="35">
<kw name="Teste de Tipos de Conteudo" owner="random-user-service">
<kw name="GET On Session" owner="RequestsLibrary">
<msg time="2024-06-23T16:17:13.895776" level="INFO">GET Request : url=https://randomuser.me/api 
 path_url=/api 
 headers={'User-Agent': 'python-requests/2.32.3', 'Accept-Encoding': 'gzip, deflate', 'Accept': '*/*', 'Connection': 'keep-alive'} 
 body=None 
 </msg>
<msg time="2024-06-23T16:17:13.895840" level="INFO">GET Response : url=https://randomuser.me/api 
 status=200, reason=OK 
 headers={'Date': 'Sun, 23 Jun 2024 16:17:13 GMT', 'Content-Type': 'application/json; charset=utf-8', 'Transfer-Encoding': 'chunked', 'Connection': 'keep-alive', 'X-Powered-By': 'Express', 'Access-Control-Allow-Origin': '*', 'Cache-Control': 'no-cache', 'ETag': 'W/"4a0-/UoqHTD8K+/LM5MpNWQQ+ai+rmc"', 'Vary': 'Accept-Encoding', 'Content-Encoding': 'gzip', 'CF-Cache-Status': 'DYNAMIC', 'Report-To': '{"endpoints":[{"url":"https:\\/\\/a.nel.cloudflare.com\\/report\\/v4?s=qx0Osk1%2FPrUNFuNTrFO5O8Dg2QfB96z2%2Ft6Fuj8PrKfTcR0RCxxnwLwxdq1T9VIhJwMto%2BZjWtEpwN2Y%2FzcvcwxAGL5uEGO%2FDWE7dMmbRPNCYR4YZUvRbcCk8F4WgPFP"}],"group":"cf-nel","max_age":604800}', 'NEL': '{"success_fraction":0,"report_to":"cf-nel","max_age":604800}', 'Server': 'cloudflare', 'CF-RAY': '8985c97d39162aa3-LAX', 'alt-svc': 'h3=":443"; ma=86400'} 
 body={"results":[{"gender":"male","name":{"title":"Mr","first":"Guillermo","last":"Jeukens"},"location":{"street":{"number":3816,"name":"Knarweg"},"city":"Spaarndam","state":"Zuid-Holland","country":"Netherlands","postcode":"3260 GO","coordinates":{"latitude":"34.1114","longitude":"-55.1315"},"timezone":{"offset":"+9:00","description":"Tokyo, Seoul, Osaka, Sapporo, Yakutsk"}},"email":"guillermo.jeukens@example.com","login":{"uuid":"55d6ecfd-b5a1-463d-b154-cf9e3cc61682","username":"goldenelephant823","password":"barfly","salt":"TwQgzn10","md5":"0ba388ae142645806c03afccbf487076","sha1":"60b1dfc8d355998d08b37559a78a1b5f85e1c3f2","sha256":"46f6716d8fcc7c9d37e57f1a4015cfcb3c6c9d8fb5571d3a93cc7c37bb665294"},"dob":{"date":"2000-06-16T09:56:50.275Z","age":24},"registered":{"date":"2013-08-16T08:03:32.144Z","age":10},"phone":"(0376) 932719","cell":"(06) 81953616","id":{"name":"BSN","value":"44463749"},"picture":{"large":"https://randomuser.me/api/portraits/men/89.jpg","medium":"https://randomuser.me/api/portraits/med/men/89.jpg","thumbnail":"https://randomuser.me/api/portraits/thumb/men/89.jpg"},"nat":"NL"}],"info":{"seed":"febe8d3a8b246352","results":1,"page":1,"version":"1.4"}} 
 </msg>
<msg time="2024-06-23T16:17:13.895893" level="INFO">/opt/hostedtoolcache/Python/3.12.4/x64/lib/python3.12/site-packages/urllib3/connectionpool.py:1099: InsecureRequestWarning: Unverified HTTPS request is being made to host 'randomuser.me'. Adding certificate verification is strongly advised. See: https://urllib3.readthedocs.io/en/latest/advanced-usage.html#tls-warnings
  warnings.warn(</msg>
<msg time="2024-06-23T16:17:13.895978" level="INFO">${response} = &lt;Response [200]&gt;</msg>
<var>${response}</var>
<arg>consultarAPI</arg>
<arg>/api</arg>
<doc>Sends a GET request on a previously created HTTP Session.</doc>
<status status="PASS" start="2024-06-23T16:17:13.793542" elapsed="0.102476"/>
</kw>
<kw name="Set Variable" owner="BuiltIn">
<msg time="2024-06-23T16:17:13.897115" level="INFO">${json_data} = {'results': [{'gender': 'male', 'name': {'title': 'Mr', 'first': 'Guillermo', 'last': 'Jeukens'}, 'location': {'street': {'number': 3816, 'name': 'Knarweg'}, 'city': 'Spaarndam', 'state': 'Zuid-Hollan...</msg>
<var>${json_data}</var>
<arg>${response.json()}</arg>
<doc>Returns the given values which can then be assigned to a variables.</doc>
<status status="PASS" start="2024-06-23T16:17:13.896456" elapsed="0.000702"/>
</kw>
<kw name="Set Variable" owner="BuiltIn">
<msg time="2024-06-23T16:17:13.897937" level="INFO">${name_title} = Mr</msg>
<var>${name_title}</var>
<arg>${json_data["results"][0]["name"]["title"]}</arg>
<doc>Returns the given values which can then be assigned to a variables.</doc>
<status status="PASS" start="2024-06-23T16:17:13.897550" elapsed="0.000413"/>
</kw>
<kw name="Create List" owner="BuiltIn">
<msg time="2024-06-23T16:17:13.898450" level="INFO">${allowed_titles} = ['Mr', 'Ms', 'Miss', 'Mrs', 'Madame', 'Monsieur']</msg>
<var>${allowed_titles}</var>
<arg>Mr</arg>
<arg>Ms</arg>
<arg>Miss</arg>
<arg>Mrs</arg>
<arg>Madame</arg>
<arg>Monsieur</arg>
<doc>Returns a list containing given items.</doc>
<status status="PASS" start="2024-06-23T16:17:13.898284" elapsed="0.000191"/>
</kw>
<kw name="List Should Contain Value" owner="Collections">
<arg>${allowed_titles}</arg>
<arg>${name_title}</arg>
<doc>Fails if the ``value`` is not found from ``list``.</doc>
<status status="PASS" start="2024-06-23T16:17:13.898780" elapsed="0.000175"/>
</kw>
<kw name="Set Variable" owner="BuiltIn">
<msg time="2024-06-23T16:17:13.899502" level="INFO">${name_country} = NL</msg>
<var>${name_country}</var>
<arg>${json_data["results"][0]["nat"]}</arg>
<doc>Returns the given values which can then be assigned to a variables.</doc>
<status status="PASS" start="2024-06-23T16:17:13.899131" elapsed="0.000395"/>
</kw>
<kw name="Create List" owner="BuiltIn">
<msg time="2024-06-23T16:17:13.900408" level="INFO">${list_country} = ['AD', 'AE', 'AF', 'AG', 'AI', 'AL', 'AM', 'AO', 'AQ', 'AR', 'AS', 'AT', 'AU', 'AW', 'AX', 'AZ', 'BA', 'BB', 'BD', 'BE', 'BF', 'BG', 'BH', 'BI', 'BJ', 'BL', 'BM', 'BN', 'BO', 'BQ', 'BR', 'BS', 'BT', '...</msg>
<var>${list_country}</var>
<arg>AD</arg>
<arg>AE</arg>
<arg>AF</arg>
<arg>AG</arg>
<arg>AI</arg>
<arg>AL</arg>
<arg>AM</arg>
<arg>AO</arg>
<arg>AQ</arg>
<arg>AR</arg>
<arg>AS</arg>
<arg>AT</arg>
<arg>AU</arg>
<arg>AW</arg>
<arg>AX</arg>
<arg>AZ</arg>
<arg>BA</arg>
<arg>BB</arg>
<arg>BD</arg>
<arg>BE</arg>
<arg>BF</arg>
<arg>BG</arg>
<arg>BH</arg>
<arg>BI</arg>
<arg>BJ</arg>
<arg>BL</arg>
<arg>BM</arg>
<arg>BN</arg>
<arg>BO</arg>
<arg>BQ</arg>
<arg>BR</arg>
<arg>BS</arg>
<arg>BT</arg>
<arg>BV</arg>
<arg>BW</arg>
<arg>BY</arg>
<arg>BZ</arg>
<arg>CA</arg>
<arg>CC</arg>
<arg>CD</arg>
<arg>CF</arg>
<arg>CG</arg>
<arg>CH</arg>
<arg>CI</arg>
<arg>CK</arg>
<arg>CL</arg>
<arg>CM</arg>
<arg>CN</arg>
<arg>CO</arg>
<arg>CR</arg>
<arg>CU</arg>
<arg>CV</arg>
<arg>CW</arg>
<arg>CX</arg>
<arg>CY</arg>
<arg>CZ</arg>
<arg>DE</arg>
<arg>DJ</arg>
<arg>DK</arg>
<arg>DM</arg>
<arg>DO</arg>
<arg>DZ</arg>
<arg>EC</arg>
<arg>EE</arg>
<arg>EG</arg>
<arg>EH</arg>
<arg>ER</arg>
<arg>ES</arg>
<arg>ET</arg>
<arg>FI</arg>
<arg>FJ</arg>
<arg>FK</arg>
<arg>FM</arg>
<arg>FO</arg>
<arg>FR</arg>
<arg>GA</arg>
<arg>GB</arg>
<arg>GD</arg>
<arg>GE</arg>
<arg>GF</arg>
<arg>GG</arg>
<arg>GH</arg>
<arg>GI</arg>
<arg>GL</arg>
<arg>GM</arg>
<arg>GN</arg>
<arg>GP</arg>
<arg>GQ</arg>
<arg>GR</arg>
<arg>GS</arg>
<arg>GT</arg>
<arg>GU</arg>
<arg>GW</arg>
<arg>GY</arg>
<arg>HK</arg>
<arg>HM</arg>
<arg>HN</arg>
<arg>HR</arg>
<arg>HT</arg>
<arg>HU</arg>
<arg>ID</arg>
<arg>IE</arg>
<arg>IL</arg>
<arg>IM</arg>
<arg>IN</arg>
<arg>IO</arg>
<arg>IQ</arg>
<arg>IR</arg>
<arg>IS</arg>
<arg>IT</arg>
<arg>JE</arg>
<arg>JM</arg>
<arg>JO</arg>
<arg>JP</arg>
<arg>KE</arg>
<arg>KG</arg>
<arg>KH</arg>
<arg>KI</arg>
<arg>KM</arg>
<arg>KN</arg>
<arg>KP</arg>
<arg>KR</arg>
<arg>KW</arg>
<arg>KY</arg>
<arg>KZ</arg>
<arg>LA</arg>
<arg>LB</arg>
<arg>LC</arg>
<arg>LI</arg>
<arg>LK</arg>
<arg>LR</arg>
<arg>LS</arg>
<arg>LT</arg>
<arg>LU</arg>
<arg>LV</arg>
<arg>LY</arg>
<arg>MA</arg>
<arg>MC</arg>
<arg>MD</arg>
<arg>ME</arg>
<arg>MF</arg>
<arg>MG</arg>
<arg>MH</arg>
<arg>MK</arg>
<arg>ML</arg>
<arg>MM</arg>
<arg>MN</arg>
<arg>MO</arg>
<arg>MP</arg>
<arg>MQ</arg>
<arg>MR</arg>
<arg>MS</arg>
<arg>MT</arg>
<arg>MU</arg>
<arg>MV</arg>
<arg>MW</arg>
<arg>MX</arg>
<arg>MY</arg>
<arg>MZ</arg>
<arg>NA</arg>
<arg>NC</arg>
<arg>NE</arg>
<arg>NF</arg>
<arg>NG</arg>
<arg>NI</arg>
<arg>NL</arg>
<arg>NO</arg>
<arg>NP</arg>
<arg>NR</arg>
<arg>NU</arg>
<arg>NZ</arg>
<arg>OM</arg>
<arg>PA</arg>
<arg>PE</arg>
<arg>PF</arg>
<arg>PG</arg>
<arg>PH</arg>
<arg>PK</arg>
<arg>PL</arg>
<arg>PM</arg>
<arg>PN</arg>
<arg>PR</arg>
<arg>PS</arg>
<arg>PT</arg>
<arg>PW</arg>
<arg>PY</arg>
<arg>QA</arg>
<arg>RE</arg>
<arg>RO</arg>
<arg>RS</arg>
<arg>RU</arg>
<arg>RW</arg>
<arg>SA</arg>
<arg>SB</arg>
<arg>SC</arg>
<arg>SD</arg>
<arg>SE</arg>
<arg>SG</arg>
<arg>SH</arg>
<arg>SI</arg>
<arg>SJ</arg>
<arg>SK</arg>
<arg>SL</arg>
<arg>SM</arg>
<arg>SN</arg>
<arg>SO</arg>
<arg>SR</arg>
<arg>SS</arg>
<arg>ST</arg>
<arg>SV</arg>
<arg>SX</arg>
<arg>SY</arg>
<arg>SZ</arg>
<arg>TC</arg>
<arg>TD</arg>
<arg>TF</arg>
<arg>TG</arg>
<arg>TH</arg>
<arg>TJ</arg>
<arg>TK</arg>
<arg>TL</arg>
<arg>TM</arg>
<arg>TN</arg>
<arg>TO</arg>
<arg>TR</arg>
<arg>TT</arg>
<arg>TV</arg>
<arg>TW</arg>
<arg>TZ</arg>
<arg>UA</arg>
<arg>UG</arg>
<arg>UM</arg>
<arg>US</arg>
<arg>UY</arg>
<arg>UZ</arg>
<arg>VA</arg>
<arg>VC</arg>
<arg>VE</arg>
<arg>VG</arg>
<arg>VI</arg>
<arg>VN</arg>
<arg>VU</arg>
<arg>WF</arg>
<arg>WS</arg>
<arg>XK</arg>
<arg>YE</arg>
<arg>YT</arg>
<arg>ZA</arg>
<arg>ZM</arg>
<arg>ZW</arg>
<doc>Returns a list containing given items.</doc>
<status status="PASS" start="2024-06-23T16:17:13.899814" elapsed="0.000619"/>
</kw>
<kw name="List Should Contain Value" owner="Collections">
<arg>${list_country}</arg>
<arg>${name_country}</arg>
<doc>Fails if the ``value`` is not found from ``list``.</doc>
<status status="PASS" start="2024-06-23T16:17:13.901246" elapsed="0.000203"/>
</kw>
<kw name="Run Keyword If" owner="BuiltIn">
<kw name="Should Be True" owner="BuiltIn">
<arg>${True}</arg>
<doc>Fails if the given condition is not true.</doc>
<status status="PASS" start="2024-06-23T16:17:13.902386" elapsed="0.000141"/>
</kw>
<arg>${json_data["results"][0]["location"]["coordinates"]["latitude"]} &gt;= -90 and ${json_data["results"][0]["location"]["coordinates"]["latitude"]} &lt;= 90</arg>
<arg>Should Be True</arg>
<arg>${True}</arg>
<doc>Runs the given keyword with the given arguments, if ``condition`` is true.</doc>
<status status="PASS" start="2024-06-23T16:17:13.901649" elapsed="0.001004"/>
</kw>
<kw name="Run Keyword If" owner="BuiltIn">
<kw name="Should Be True" owner="BuiltIn">
<arg>${True}</arg>
<doc>Fails if the given condition is not true.</doc>
<status status="PASS" start="2024-06-23T16:17:13.903527" elapsed="0.000230"/>
</kw>
<arg>${json_data["results"][0]["location"]["coordinates"]["longitude"]} &gt;= -180 and ${json_data["results"][0]["location"]["coordinates"]["longitude"]} &lt;= 180</arg>
<arg>Should Be True</arg>
<arg>${True}</arg>
<doc>Runs the given keyword with the given arguments, if ``condition`` is true.</doc>
<status status="PASS" start="2024-06-23T16:17:13.902836" elapsed="0.001049"/>
</kw>
<status status="PASS" start="2024-06-23T16:17:13.793324" elapsed="0.110691"/>
</kw>
<doc>Testa o conteúdo específico dos campos retornados pela API.</doc>
<tag>testeConteudo</tag>
<status status="PASS" start="2024-06-23T16:17:13.792891" elapsed="0.111271"/>
</test>
<status status="PASS" start="2024-06-23T16:17:12.905268" elapsed="1.000907"/>
</suite>
<status status="PASS" start="2024-06-23T16:17:12.891413" elapsed="1.019703"/>
</suite>
<statistics>
<total>
<stat pass="5" fail="0" skip="0">All Tests</stat>
</total>
<tag>
<stat pass="1" fail="0" skip="0">testeConteudo</stat>
<stat pass="1" fail="0" skip="0">testeEstruturaResposta</stat>
<stat pass="1" fail="0" skip="0">testeRequisicaoBasica</stat>
<stat pass="1" fail="0" skip="0">testeTiposDados</stat>
</tag>
<suite>
<stat pass="5" fail="0" skip="0" id="s1" name="Tests">Tests</stat>
<stat pass="5" fail="0" skip="0" id="s1-s1" name="Random-User-Test">Tests.Random-User-Test</stat>
</suite>
</statistics>
<errors>
</errors>
</robot>
