<?xml version="1.0" encoding="UTF-8"?>
<robot generator="Robot 7.0 (Python 3.12.3 on linux)" generated="2024-04-19T20:14:02.293300" rpa="false" schemaversion="5">
<suite id="s1" name="Tests" source="/home/runner/work/DesafioQAItauRogerioJordao/DesafioQAItauRogerioJordao/RamdonUser/tests">
<suite id="s1-s1" name="Random-User-Test" source="/home/runner/work/DesafioQAItauRogerioJordao/DesafioQAItauRogerioJordao/RamdonUser/tests/random-user-test.robot">
<test id="s1-s1-t1" name="Conectar" line="13">
<kw name="Conectar API" owner="random-user-service">
<kw name="Create Session" owner="RequestsLibrary">
<msg time="2024-04-19T20:14:02.663478" level="INFO">Creating Session using : alias=consultarAPI, url=https://randomuser.me/, headers={},                     cookies={}, auth=None, timeout=None, proxies=None, verify=False,                     debug=0 </msg>
<arg>consultarAPI</arg>
<arg>${URL}</arg>
<doc>Create Session: create a HTTP session to a server</doc>
<status status="PASS" start="2024-04-19T20:14:02.663269" elapsed="0.000396"/>
</kw>
<status status="PASS" start="2024-04-19T20:14:02.662241" elapsed="0.001795"/>
</kw>
<status status="PASS" start="2024-04-19T20:14:02.661631" elapsed="0.002597"/>
</test>
<test id="s1-s1-t2" name="Validar retorno 200 e JSON Válido" line="16">
<kw name="Teste de Requisicao Basica" owner="random-user-service">
<kw name="GET On Session" owner="RequestsLibrary">
<msg time="2024-04-19T20:14:02.741961" level="INFO">GET Request : url=https://randomuser.me/api 
 path_url=/api 
 headers={'User-Agent': 'python-requests/2.31.0', 'Accept-Encoding': 'gzip, deflate', 'Accept': '*/*', 'Connection': 'keep-alive'} 
 body=None 
 </msg>
<msg time="2024-04-19T20:14:02.742116" level="INFO">GET Response : url=https://randomuser.me/api 
 status=200, reason=OK 
 headers={'Date': 'Fri, 19 Apr 2024 20:14:02 GMT', 'Content-Type': 'application/json; charset=utf-8', 'Transfer-Encoding': 'chunked', 'Connection': 'keep-alive', 'X-Powered-By': 'Express', 'Access-Control-Allow-Origin': '*', 'Cache-Control': 'no-cache', 'ETag': 'W/"488-qO9QzNk9HWPZtSg+SY4CqcZP0bY"', 'Vary': 'Accept-Encoding', 'Content-Encoding': 'gzip', 'CF-Cache-Status': 'DYNAMIC', 'Report-To': '{"endpoints":[{"url":"https:\\/\\/a.nel.cloudflare.com\\/report\\/v4?s=csicFGVhbkWW%2FUGSE4vXMBvyRvx3RhDRmGuWU%2Bqe9ys1mu35OeUu%2FOV94aEZVIoO195qLHzwtJuz3Yd6gcwgBYQiNz1C9lcQfd7DQNV2jbJnpFh3fS8ATktFmhrn8YIb"}],"group":"cf-nel","max_age":604800}', 'NEL': '{"success_fraction":0,"report_to":"cf-nel","max_age":604800}', 'Server': 'cloudflare', 'CF-RAY': '876f8f02ec5d059c-IAD', 'alt-svc': 'h3=":443"; ma=86400'} 
 body={"results":[{"gender":"male","name":{"title":"Mr","first":"Kent","last":"Molund"},"location":{"street":{"number":5538,"name":"Oscars gate"},"city":"Leikanger","state":"Aust-Agder","country":"Norway","postcode":"0915","coordinates":{"latitude":"42.6298","longitude":"-79.6438"},"timezone":{"offset":"-5:00","description":"Eastern Time (US &amp; Canada), Bogota, Lima"}},"email":"kent.molund@example.com","login":{"uuid":"7848a710-f3a9-4928-9b3c-281d3a44a02c","username":"bluepeacock242","password":"raiders1","salt":"7mQLJiIJ","md5":"d5566c0f0ee45281ec174e2b774adf50","sha1":"b9edc77ef36b1ef3d97a4f617d3913e3ac81a1ec","sha256":"a3e5fd9eed2abbe9cca8f226892ff346959a79b6c100aca838c777b705548daf"},"dob":{"date":"1973-04-05T02:42:12.864Z","age":51},"registered":{"date":"2004-04-09T11:29:29.442Z","age":20},"phone":"36236017","cell":"46915399","id":{"name":"FN","value":"05047316768"},"picture":{"large":"https://randomuser.me/api/portraits/men/83.jpg","medium":"https://randomuser.me/api/portraits/med/men/83.jpg","thumbnail":"https://randomuser.me/api/portraits/thumb/men/83.jpg"},"nat":"NO"}],"info":{"seed":"b0c327d12a2719cf","results":1,"page":1,"version":"1.4"}} 
 </msg>
<msg time="2024-04-19T20:14:02.742206" level="INFO">/opt/hostedtoolcache/Python/3.12.3/x64/lib/python3.12/site-packages/urllib3/connectionpool.py:1103: InsecureRequestWarning: Unverified HTTPS request is being made to host 'randomuser.me'. Adding certificate verification is strongly advised. See: https://urllib3.readthedocs.io/en/latest/advanced-usage.html#tls-warnings
  warnings.warn(</msg>
<msg time="2024-04-19T20:14:02.742368" level="INFO">${response} = &lt;Response [200]&gt;</msg>
<var>${response}</var>
<arg>consultarAPI</arg>
<arg>/api</arg>
<doc>Sends a GET request on a previously created HTTP Session.</doc>
<status status="PASS" start="2024-04-19T20:14:02.666910" elapsed="0.075500"/>
</kw>
<kw name="Should Be Equal As Numbers" owner="BuiltIn">
<msg time="2024-04-19T20:14:02.743429" level="INFO">Argument types are:
&lt;class 'int'&gt;
&lt;class 'str'&gt;</msg>
<arg>${response.status_code}</arg>
<arg>200</arg>
<doc>Fails if objects are unequal after converting them to real numbers.</doc>
<status status="PASS" start="2024-04-19T20:14:02.742963" elapsed="0.000530"/>
</kw>
<kw name="Log" owner="BuiltIn">
<msg time="2024-04-19T20:14:02.744196" level="INFO">200</msg>
<arg>${response.status_code}</arg>
<doc>Logs the given message with the given level.</doc>
<status status="PASS" start="2024-04-19T20:14:02.743852" elapsed="0.000386"/>
</kw>
<kw name="Set Variable" owner="BuiltIn">
<msg time="2024-04-19T20:14:02.744968" level="INFO">${json_data} = {'results': [{'gender': 'male', 'name': {'title': 'Mr', 'first': 'Kent', 'last': 'Molund'}, 'location': {'street': {'number': 5538, 'name': 'Oscars gate'}, 'city': 'Leikanger', 'state': 'Aust-Agder', ...</msg>
<var>${json_data}</var>
<arg>${response.json()}</arg>
<doc>Returns the given values which can then be assigned to a variables.</doc>
<status status="PASS" start="2024-04-19T20:14:02.744541" elapsed="0.000455"/>
</kw>
<kw name="Dictionary Should Contain Key" owner="Collections">
<msg time="2024-04-19T20:14:02.745462" level="INFO">False</msg>
<arg>${json_data}</arg>
<arg>results</arg>
<doc>Fails if ``key`` is not found from ``dictionary``.</doc>
<status status="PASS" start="2024-04-19T20:14:02.745293" elapsed="0.000208"/>
</kw>
<status status="PASS" start="2024-04-19T20:14:02.666631" elapsed="0.079125"/>
</kw>
<doc>Testa se a API responde corretamente e retorna um objeto JSON válido.</doc>
<tag>testeRequisicaoBasica</tag>
<status status="PASS" start="2024-04-19T20:14:02.666105" elapsed="0.079837"/>
</test>
<test id="s1-s1-t3" name="Validar estrutura de resposta" line="22">
<kw name="Teste de Estrutura de Resposta" owner="random-user-service">
<kw name="GET On Session" owner="RequestsLibrary">
<msg time="2024-04-19T20:14:02.829991" level="INFO">GET Request : url=https://randomuser.me/api 
 path_url=/api 
 headers={'User-Agent': 'python-requests/2.31.0', 'Accept-Encoding': 'gzip, deflate', 'Accept': '*/*', 'Connection': 'keep-alive'} 
 body=None 
 </msg>
<msg time="2024-04-19T20:14:02.830106" level="INFO">GET Response : url=https://randomuser.me/api 
 status=200, reason=OK 
 headers={'Date': 'Fri, 19 Apr 2024 20:14:02 GMT', 'Content-Type': 'application/json; charset=utf-8', 'Transfer-Encoding': 'chunked', 'Connection': 'keep-alive', 'X-Powered-By': 'Express', 'Access-Control-Allow-Origin': '*', 'Cache-Control': 'no-cache', 'ETag': 'W/"4a2-V5NIn7GSZZ7fcBjFApGMg/bH/U4"', 'Vary': 'Accept-Encoding', 'Content-Encoding': 'gzip', 'CF-Cache-Status': 'DYNAMIC', 'Report-To': '{"endpoints":[{"url":"https:\\/\\/a.nel.cloudflare.com\\/report\\/v4?s=dHBSbhhXoqRzV15%2FTF5lhNigXIUQKYY4w3l112r937PzDTMA5lawPNcavuejp%2BFrFuSJSzAEXWMnt%2FrZWc2uPx7O0Dy6skcyrBmriYAFzgcSb2G%2BgBrvnxKnovHa9hRW"}],"group":"cf-nel","max_age":604800}', 'NEL': '{"success_fraction":0,"report_to":"cf-nel","max_age":604800}', 'Server': 'cloudflare', 'CF-RAY': '876f8f033ca5059c-IAD', 'alt-svc': 'h3=":443"; ma=86400'} 
 body={"results":[{"gender":"male","name":{"title":"Mr","first":"Athanasios","last":"Kleemann"},"location":{"street":{"number":8850,"name":"Ahornweg"},"city":"Herdorf","state":"Sachsen-Anhalt","country":"Germany","postcode":42329,"coordinates":{"latitude":"-54.3295","longitude":"-168.4108"},"timezone":{"offset":"-3:00","description":"Brazil, Buenos Aires, Georgetown"}},"email":"athanasios.kleemann@example.com","login":{"uuid":"175e06d5-1e6e-4b94-9ff6-3a3c14c228da","username":"whitegorilla322","password":"washington","salt":"f5x4TJsY","md5":"63f7d899cd911ceb8537a27a23b99f03","sha1":"fac50a5d8c86bd61ef0413f3c32c32286255e03a","sha256":"14831cf3edbbfa7bfa0267a63760f8d34cc0d873908a14fa67af9de58eb154ed"},"dob":{"date":"1982-06-20T01:52:27.785Z","age":41},"registered":{"date":"2006-03-12T23:58:55.315Z","age":18},"phone":"0127-1158606","cell":"0177-9042259","id":{"name":"SVNR","value":"77 190682 K 377"},"picture":{"large":"https://randomuser.me/api/portraits/men/76.jpg","medium":"https://randomuser.me/api/portraits/med/men/76.jpg","thumbnail":"https://randomuser.me/api/portraits/thumb/men/76.jpg"},"nat":"DE"}],"info":{"seed":"edd90c86d77ccba4","results":1,"page":1,"version":"1.4"}} 
 </msg>
<msg time="2024-04-19T20:14:02.830245" level="INFO">/opt/hostedtoolcache/Python/3.12.3/x64/lib/python3.12/site-packages/urllib3/connectionpool.py:1103: InsecureRequestWarning: Unverified HTTPS request is being made to host 'randomuser.me'. Adding certificate verification is strongly advised. See: https://urllib3.readthedocs.io/en/latest/advanced-usage.html#tls-warnings
  warnings.warn(</msg>
<msg time="2024-04-19T20:14:02.830385" level="INFO">${response} = &lt;Response [200]&gt;</msg>
<var>${response}</var>
<arg>consultarAPI</arg>
<arg>/api</arg>
<doc>Sends a GET request on a previously created HTTP Session.</doc>
<status status="PASS" start="2024-04-19T20:14:02.748619" elapsed="0.081809"/>
</kw>
<kw name="Set Variable" owner="BuiltIn">
<msg time="2024-04-19T20:14:02.831703" level="INFO">${json_data} = {'results': [{'gender': 'male', 'name': {'title': 'Mr', 'first': 'Athanasios', 'last': 'Kleemann'}, 'location': {'street': {'number': 8850, 'name': 'Ahornweg'}, 'city': 'Herdorf', 'state': 'Sachsen-An...</msg>
<var>${json_data}</var>
<arg>${response.json()}</arg>
<doc>Returns the given values which can then be assigned to a variables.</doc>
<status status="PASS" start="2024-04-19T20:14:02.831116" elapsed="0.000619"/>
</kw>
<kw name="Log" owner="BuiltIn">
<msg time="2024-04-19T20:14:02.832320" level="INFO">{'results': [{'gender': 'male', 'name': {'title': 'Mr', 'first': 'Athanasios', 'last': 'Kleemann'}, 'location': {'street': {'number': 8850, 'name': 'Ahornweg'}, 'city': 'Herdorf', 'state': 'Sachsen-Anhalt', 'country': 'Germany', 'postcode': 42329, 'coordinates': {'latitude': '-54.3295', 'longitude': '-168.4108'}, 'timezone': {'offset': '-3:00', 'description': 'Brazil, Buenos Aires, Georgetown'}}, 'email': 'athanasios.kleemann@example.com', 'login': {'uuid': '175e06d5-1e6e-4b94-9ff6-3a3c14c228da', 'username': 'whitegorilla322', 'password': 'washington', 'salt': 'f5x4TJsY', 'md5': '63f7d899cd911ceb8537a27a23b99f03', 'sha1': 'fac50a5d8c86bd61ef0413f3c32c32286255e03a', 'sha256': '14831cf3edbbfa7bfa0267a63760f8d34cc0d873908a14fa67af9de58eb154ed'}, 'dob': {'date': '1982-06-20T01:52:27.785Z', 'age': 41}, 'registered': {'date': '2006-03-12T23:58:55.315Z', 'age': 18}, 'phone': '0127-1158606', 'cell': '0177-9042259', 'id': {'name': 'SVNR', 'value': '77 190682 K 377'}, 'picture': {'large': 'https://randomuser.me/api/portraits/men/76.jpg', 'medium': 'https://randomuser.me/api/portraits/med/men/76.jpg', 'thumbnail': 'https://randomuser.me/api/portraits/thumb/men/76.jpg'}, 'nat': 'DE'}], 'info': {'seed': 'edd90c86d77ccba4', 'results': 1, 'page': 1, 'version': '1.4'}}</msg>
<arg>${json_data}</arg>
<doc>Logs the given message with the given level.</doc>
<status status="PASS" start="2024-04-19T20:14:02.832145" elapsed="0.000225"/>
</kw>
<kw name="Dictionary Should Contain Key" owner="Collections">
<msg time="2024-04-19T20:14:02.832868" level="INFO">False</msg>
<arg>${json_data}</arg>
<arg>results</arg>
<doc>Fails if ``key`` is not found from ``dictionary``.</doc>
<status status="PASS" start="2024-04-19T20:14:02.832689" elapsed="0.000218"/>
</kw>
<kw name="Should Not Be Empty" owner="BuiltIn">
<msg time="2024-04-19T20:14:02.833367" level="INFO">Length is 2.</msg>
<arg>${json_data}</arg>
<doc>Verifies that the given item is not empty.</doc>
<status status="PASS" start="2024-04-19T20:14:02.833208" elapsed="0.000367"/>
</kw>
<kw name="Create List" owner="BuiltIn">
<msg time="2024-04-19T20:14:02.834030" level="INFO">${expected_keys} = ['gender', 'name', 'location', 'email', 'login']</msg>
<var>${expected_keys}</var>
<arg>gender</arg>
<arg>name</arg>
<arg>location</arg>
<arg>email</arg>
<arg>login</arg>
<doc>Returns a list containing given items.</doc>
<status status="PASS" start="2024-04-19T20:14:02.833881" elapsed="0.000173"/>
</kw>
<for flavor="IN">
<iter>
<kw name="Dictionary Should Contain Key" owner="Collections">
<msg time="2024-04-19T20:14:02.835133" level="INFO">False</msg>
<arg>${json_data['results'][0]}</arg>
<arg>${key}</arg>
<doc>Fails if ``key`` is not found from ``dictionary``.</doc>
<status status="PASS" start="2024-04-19T20:14:02.834688" elapsed="0.000485"/>
</kw>
<kw name="Log" owner="BuiltIn">
<msg time="2024-04-19T20:14:02.835847" level="INFO">{'gender': 'male', 'name': {'title': 'Mr', 'first': 'Athanasios', 'last': 'Kleemann'}, 'location': {'street': {'number': 8850, 'name': 'Ahornweg'}, 'city': 'Herdorf', 'state': 'Sachsen-Anhalt', 'country': 'Germany', 'postcode': 42329, 'coordinates': {'latitude': '-54.3295', 'longitude': '-168.4108'}, 'timezone': {'offset': '-3:00', 'description': 'Brazil, Buenos Aires, Georgetown'}}, 'email': 'athanasios.kleemann@example.com', 'login': {'uuid': '175e06d5-1e6e-4b94-9ff6-3a3c14c228da', 'username': 'whitegorilla322', 'password': 'washington', 'salt': 'f5x4TJsY', 'md5': '63f7d899cd911ceb8537a27a23b99f03', 'sha1': 'fac50a5d8c86bd61ef0413f3c32c32286255e03a', 'sha256': '14831cf3edbbfa7bfa0267a63760f8d34cc0d873908a14fa67af9de58eb154ed'}, 'dob': {'date': '1982-06-20T01:52:27.785Z', 'age': 41}, 'registered': {'date': '2006-03-12T23:58:55.315Z', 'age': 18}, 'phone': '0127-1158606', 'cell': '0177-9042259', 'id': {'name': 'SVNR', 'value': '77 190682 K 377'}, 'picture': {'large': 'https://randomuser.me/api/portraits/men/76.jpg', 'medium': 'https://randomuser.me/api/portraits/med/men/76.jpg', 'thumbnail': 'https://randomuser.me/api/portraits/thumb/men/76.jpg'}, 'nat': 'DE'}</msg>
<arg>${json_data['results'][0]}</arg>
<doc>Logs the given message with the given level.</doc>
<status status="PASS" start="2024-04-19T20:14:02.835480" elapsed="0.000415"/>
</kw>
<kw name="Log" owner="BuiltIn">
<msg time="2024-04-19T20:14:02.836320" level="INFO">gender</msg>
<arg>${key}</arg>
<doc>Logs the given message with the given level.</doc>
<status status="PASS" start="2024-04-19T20:14:02.836194" elapsed="0.000163"/>
</kw>
<var name="${key}">gender</var>
<status status="PASS" start="2024-04-19T20:14:02.834554" elapsed="0.002018"/>
</iter>
<iter>
<kw name="Dictionary Should Contain Key" owner="Collections">
<msg time="2024-04-19T20:14:02.837269" level="INFO">False</msg>
<arg>${json_data['results'][0]}</arg>
<arg>${key}</arg>
<doc>Fails if ``key`` is not found from ``dictionary``.</doc>
<status status="PASS" start="2024-04-19T20:14:02.836878" elapsed="0.000427"/>
</kw>
<kw name="Log" owner="BuiltIn">
<msg time="2024-04-19T20:14:02.837999" level="INFO">{'gender': 'male', 'name': {'title': 'Mr', 'first': 'Athanasios', 'last': 'Kleemann'}, 'location': {'street': {'number': 8850, 'name': 'Ahornweg'}, 'city': 'Herdorf', 'state': 'Sachsen-Anhalt', 'country': 'Germany', 'postcode': 42329, 'coordinates': {'latitude': '-54.3295', 'longitude': '-168.4108'}, 'timezone': {'offset': '-3:00', 'description': 'Brazil, Buenos Aires, Georgetown'}}, 'email': 'athanasios.kleemann@example.com', 'login': {'uuid': '175e06d5-1e6e-4b94-9ff6-3a3c14c228da', 'username': 'whitegorilla322', 'password': 'washington', 'salt': 'f5x4TJsY', 'md5': '63f7d899cd911ceb8537a27a23b99f03', 'sha1': 'fac50a5d8c86bd61ef0413f3c32c32286255e03a', 'sha256': '14831cf3edbbfa7bfa0267a63760f8d34cc0d873908a14fa67af9de58eb154ed'}, 'dob': {'date': '1982-06-20T01:52:27.785Z', 'age': 41}, 'registered': {'date': '2006-03-12T23:58:55.315Z', 'age': 18}, 'phone': '0127-1158606', 'cell': '0177-9042259', 'id': {'name': 'SVNR', 'value': '77 190682 K 377'}, 'picture': {'large': 'https://randomuser.me/api/portraits/men/76.jpg', 'medium': 'https://randomuser.me/api/portraits/med/men/76.jpg', 'thumbnail': 'https://randomuser.me/api/portraits/thumb/men/76.jpg'}, 'nat': 'DE'}</msg>
<arg>${json_data['results'][0]}</arg>
<doc>Logs the given message with the given level.</doc>
<status status="PASS" start="2024-04-19T20:14:02.837632" elapsed="0.000414"/>
</kw>
<kw name="Log" owner="BuiltIn">
<msg time="2024-04-19T20:14:02.838467" level="INFO">name</msg>
<arg>${key}</arg>
<doc>Logs the given message with the given level.</doc>
<status status="PASS" start="2024-04-19T20:14:02.838342" elapsed="0.000161"/>
</kw>
<var name="${key}">name</var>
<status status="PASS" start="2024-04-19T20:14:02.836760" elapsed="0.001954"/>
</iter>
<iter>
<kw name="Dictionary Should Contain Key" owner="Collections">
<msg time="2024-04-19T20:14:02.839416" level="INFO">False</msg>
<arg>${json_data['results'][0]}</arg>
<arg>${key}</arg>
<doc>Fails if ``key`` is not found from ``dictionary``.</doc>
<status status="PASS" start="2024-04-19T20:14:02.839033" elapsed="0.000419"/>
</kw>
<kw name="Log" owner="BuiltIn">
<msg time="2024-04-19T20:14:02.840109" level="INFO">{'gender': 'male', 'name': {'title': 'Mr', 'first': 'Athanasios', 'last': 'Kleemann'}, 'location': {'street': {'number': 8850, 'name': 'Ahornweg'}, 'city': 'Herdorf', 'state': 'Sachsen-Anhalt', 'country': 'Germany', 'postcode': 42329, 'coordinates': {'latitude': '-54.3295', 'longitude': '-168.4108'}, 'timezone': {'offset': '-3:00', 'description': 'Brazil, Buenos Aires, Georgetown'}}, 'email': 'athanasios.kleemann@example.com', 'login': {'uuid': '175e06d5-1e6e-4b94-9ff6-3a3c14c228da', 'username': 'whitegorilla322', 'password': 'washington', 'salt': 'f5x4TJsY', 'md5': '63f7d899cd911ceb8537a27a23b99f03', 'sha1': 'fac50a5d8c86bd61ef0413f3c32c32286255e03a', 'sha256': '14831cf3edbbfa7bfa0267a63760f8d34cc0d873908a14fa67af9de58eb154ed'}, 'dob': {'date': '1982-06-20T01:52:27.785Z', 'age': 41}, 'registered': {'date': '2006-03-12T23:58:55.315Z', 'age': 18}, 'phone': '0127-1158606', 'cell': '0177-9042259', 'id': {'name': 'SVNR', 'value': '77 190682 K 377'}, 'picture': {'large': 'https://randomuser.me/api/portraits/men/76.jpg', 'medium': 'https://randomuser.me/api/portraits/med/men/76.jpg', 'thumbnail': 'https://randomuser.me/api/portraits/thumb/men/76.jpg'}, 'nat': 'DE'}</msg>
<arg>${json_data['results'][0]}</arg>
<doc>Logs the given message with the given level.</doc>
<status status="PASS" start="2024-04-19T20:14:02.839750" elapsed="0.000406"/>
</kw>
<kw name="Log" owner="BuiltIn">
<msg time="2024-04-19T20:14:02.840575" level="INFO">location</msg>
<arg>${key}</arg>
<doc>Logs the given message with the given level.</doc>
<status status="PASS" start="2024-04-19T20:14:02.840449" elapsed="0.000163"/>
</kw>
<var name="${key}">location</var>
<status status="PASS" start="2024-04-19T20:14:02.838919" elapsed="0.001907"/>
</iter>
<iter>
<kw name="Dictionary Should Contain Key" owner="Collections">
<msg time="2024-04-19T20:14:02.841496" level="INFO">False</msg>
<arg>${json_data['results'][0]}</arg>
<arg>${key}</arg>
<doc>Fails if ``key`` is not found from ``dictionary``.</doc>
<status status="PASS" start="2024-04-19T20:14:02.841112" elapsed="0.000421"/>
</kw>
<kw name="Log" owner="BuiltIn">
<msg time="2024-04-19T20:14:02.842194" level="INFO">{'gender': 'male', 'name': {'title': 'Mr', 'first': 'Athanasios', 'last': 'Kleemann'}, 'location': {'street': {'number': 8850, 'name': 'Ahornweg'}, 'city': 'Herdorf', 'state': 'Sachsen-Anhalt', 'country': 'Germany', 'postcode': 42329, 'coordinates': {'latitude': '-54.3295', 'longitude': '-168.4108'}, 'timezone': {'offset': '-3:00', 'description': 'Brazil, Buenos Aires, Georgetown'}}, 'email': 'athanasios.kleemann@example.com', 'login': {'uuid': '175e06d5-1e6e-4b94-9ff6-3a3c14c228da', 'username': 'whitegorilla322', 'password': 'washington', 'salt': 'f5x4TJsY', 'md5': '63f7d899cd911ceb8537a27a23b99f03', 'sha1': 'fac50a5d8c86bd61ef0413f3c32c32286255e03a', 'sha256': '14831cf3edbbfa7bfa0267a63760f8d34cc0d873908a14fa67af9de58eb154ed'}, 'dob': {'date': '1982-06-20T01:52:27.785Z', 'age': 41}, 'registered': {'date': '2006-03-12T23:58:55.315Z', 'age': 18}, 'phone': '0127-1158606', 'cell': '0177-9042259', 'id': {'name': 'SVNR', 'value': '77 190682 K 377'}, 'picture': {'large': 'https://randomuser.me/api/portraits/men/76.jpg', 'medium': 'https://randomuser.me/api/portraits/med/men/76.jpg', 'thumbnail': 'https://randomuser.me/api/portraits/thumb/men/76.jpg'}, 'nat': 'DE'}</msg>
<arg>${json_data['results'][0]}</arg>
<doc>Logs the given message with the given level.</doc>
<status status="PASS" start="2024-04-19T20:14:02.841832" elapsed="0.000410"/>
</kw>
<kw name="Log" owner="BuiltIn">
<msg time="2024-04-19T20:14:02.842657" level="INFO">email</msg>
<arg>${key}</arg>
<doc>Logs the given message with the given level.</doc>
<status status="PASS" start="2024-04-19T20:14:02.842534" elapsed="0.000162"/>
</kw>
<var name="${key}">email</var>
<status status="PASS" start="2024-04-19T20:14:02.841000" elapsed="0.001930"/>
</iter>
<iter>
<kw name="Dictionary Should Contain Key" owner="Collections">
<msg time="2024-04-19T20:14:02.843604" level="INFO">False</msg>
<arg>${json_data['results'][0]}</arg>
<arg>${key}</arg>
<doc>Fails if ``key`` is not found from ``dictionary``.</doc>
<status status="PASS" start="2024-04-19T20:14:02.843218" elapsed="0.000423"/>
</kw>
<kw name="Log" owner="BuiltIn">
<msg time="2024-04-19T20:14:02.844294" level="INFO">{'gender': 'male', 'name': {'title': 'Mr', 'first': 'Athanasios', 'last': 'Kleemann'}, 'location': {'street': {'number': 8850, 'name': 'Ahornweg'}, 'city': 'Herdorf', 'state': 'Sachsen-Anhalt', 'country': 'Germany', 'postcode': 42329, 'coordinates': {'latitude': '-54.3295', 'longitude': '-168.4108'}, 'timezone': {'offset': '-3:00', 'description': 'Brazil, Buenos Aires, Georgetown'}}, 'email': 'athanasios.kleemann@example.com', 'login': {'uuid': '175e06d5-1e6e-4b94-9ff6-3a3c14c228da', 'username': 'whitegorilla322', 'password': 'washington', 'salt': 'f5x4TJsY', 'md5': '63f7d899cd911ceb8537a27a23b99f03', 'sha1': 'fac50a5d8c86bd61ef0413f3c32c32286255e03a', 'sha256': '14831cf3edbbfa7bfa0267a63760f8d34cc0d873908a14fa67af9de58eb154ed'}, 'dob': {'date': '1982-06-20T01:52:27.785Z', 'age': 41}, 'registered': {'date': '2006-03-12T23:58:55.315Z', 'age': 18}, 'phone': '0127-1158606', 'cell': '0177-9042259', 'id': {'name': 'SVNR', 'value': '77 190682 K 377'}, 'picture': {'large': 'https://randomuser.me/api/portraits/men/76.jpg', 'medium': 'https://randomuser.me/api/portraits/med/men/76.jpg', 'thumbnail': 'https://randomuser.me/api/portraits/thumb/men/76.jpg'}, 'nat': 'DE'}</msg>
<arg>${json_data['results'][0]}</arg>
<doc>Logs the given message with the given level.</doc>
<status status="PASS" start="2024-04-19T20:14:02.843934" elapsed="0.000409"/>
</kw>
<kw name="Log" owner="BuiltIn">
<msg time="2024-04-19T20:14:02.844757" level="INFO">login</msg>
<arg>${key}</arg>
<doc>Logs the given message with the given level.</doc>
<status status="PASS" start="2024-04-19T20:14:02.844632" elapsed="0.000196"/>
</kw>
<var name="${key}">login</var>
<status status="PASS" start="2024-04-19T20:14:02.843106" elapsed="0.001945"/>
</iter>
<var>${key}</var>
<value>@{expected_keys}</value>
<status status="PASS" start="2024-04-19T20:14:02.834320" elapsed="0.010851"/>
</for>
<kw name="Create List" owner="BuiltIn">
<msg time="2024-04-19T20:14:02.845499" level="INFO">${expected_keysTwo} = ['username', 'password']</msg>
<var>${expected_keysTwo}</var>
<arg>username</arg>
<arg>password</arg>
<doc>Returns a list containing given items.</doc>
<status status="PASS" start="2024-04-19T20:14:02.845363" elapsed="0.000160"/>
</kw>
<for flavor="IN">
<iter>
<kw name="Dictionary Should Contain Key" owner="Collections">
<msg time="2024-04-19T20:14:02.846409" level="INFO">False</msg>
<arg>${json_data['results'][0]['login']}</arg>
<arg>${keyTwo}</arg>
<doc>Fails if ``key`` is not found from ``dictionary``.</doc>
<status status="PASS" start="2024-04-19T20:14:02.846025" elapsed="0.000421"/>
</kw>
<kw name="Dictionary Should Contain Key" owner="Collections">
<msg time="2024-04-19T20:14:02.847141" level="INFO">False</msg>
<arg>${json_data['results'][0]['login']}</arg>
<arg>${keyTwo}</arg>
<doc>Fails if ``key`` is not found from ``dictionary``.</doc>
<status status="PASS" start="2024-04-19T20:14:02.846736" elapsed="0.000442"/>
</kw>
<kw name="Log" owner="BuiltIn">
<msg time="2024-04-19T20:14:02.847592" level="INFO">username</msg>
<arg>${keyTwo}</arg>
<doc>Logs the given message with the given level.</doc>
<status status="PASS" start="2024-04-19T20:14:02.847468" elapsed="0.000165"/>
</kw>
<var name="${keyTwo}">username</var>
<status status="PASS" start="2024-04-19T20:14:02.845915" elapsed="0.001938"/>
</iter>
<iter>
<kw name="Dictionary Should Contain Key" owner="Collections">
<msg time="2024-04-19T20:14:02.848598" level="INFO">False</msg>
<arg>${json_data['results'][0]['login']}</arg>
<arg>${keyTwo}</arg>
<doc>Fails if ``key`` is not found from ``dictionary``.</doc>
<status status="PASS" start="2024-04-19T20:14:02.848134" elapsed="0.000510"/>
</kw>
<kw name="Dictionary Should Contain Key" owner="Collections">
<msg time="2024-04-19T20:14:02.849321" level="INFO">False</msg>
<arg>${json_data['results'][0]['login']}</arg>
<arg>${keyTwo}</arg>
<doc>Fails if ``key`` is not found from ``dictionary``.</doc>
<status status="PASS" start="2024-04-19T20:14:02.848939" elapsed="0.000419"/>
</kw>
<kw name="Log" owner="BuiltIn">
<msg time="2024-04-19T20:14:02.849775" level="INFO">password</msg>
<arg>${keyTwo}</arg>
<doc>Logs the given message with the given level.</doc>
<status status="PASS" start="2024-04-19T20:14:02.849649" elapsed="0.000162"/>
</kw>
<var name="${keyTwo}">password</var>
<status status="PASS" start="2024-04-19T20:14:02.848022" elapsed="0.002004"/>
</iter>
<var>${keyTwo}</var>
<value>@{expected_keysTwo}</value>
<status status="PASS" start="2024-04-19T20:14:02.845761" elapsed="0.004384"/>
</for>
<status status="PASS" start="2024-04-19T20:14:02.748328" elapsed="0.101956"/>
</kw>
<doc>Testa a estrutura da resposta da API.</doc>
<tag>testeEstruturaResposta</tag>
<status status="PASS" start="2024-04-19T20:14:02.747831" elapsed="0.102612"/>
</test>
<test id="s1-s1-t4" name="Validar tipos de dados" line="28">
<kw name="Teste de Tipos de Dados" owner="random-user-service">
<kw name="GET On Session" owner="RequestsLibrary">
<msg time="2024-04-19T20:14:02.932228" level="INFO">GET Request : url=https://randomuser.me/api 
 path_url=/api 
 headers={'User-Agent': 'python-requests/2.31.0', 'Accept-Encoding': 'gzip, deflate', 'Accept': '*/*', 'Connection': 'keep-alive'} 
 body=None 
 </msg>
<msg time="2024-04-19T20:14:02.932326" level="INFO">GET Response : url=https://randomuser.me/api 
 status=200, reason=OK 
 headers={'Date': 'Fri, 19 Apr 2024 20:14:02 GMT', 'Content-Type': 'application/json; charset=utf-8', 'Transfer-Encoding': 'chunked', 'Connection': 'keep-alive', 'X-Powered-By': 'Express', 'Access-Control-Allow-Origin': '*', 'Cache-Control': 'no-cache', 'ETag': 'W/"471-PRzvVo2O8/QocXJlqU8NPIMLAQw"', 'Vary': 'Accept-Encoding', 'Content-Encoding': 'gzip', 'CF-Cache-Status': 'DYNAMIC', 'Report-To': '{"endpoints":[{"url":"https:\\/\\/a.nel.cloudflare.com\\/report\\/v4?s=aQpwygXHytTxmcKAmqUZ9SRaBplD5syyoUbpm1PWayM52TjGclRrA3vmnERwOcjUO%2BMb8JikqkbnbSb7UVM21oYt4DWZonZezDFZb1ZiizwxzNOIlrYb3JDmG5Y7bsgu"}],"group":"cf-nel","max_age":604800}', 'NEL': '{"success_fraction":0,"report_to":"cf-nel","max_age":604800}', 'Server': 'cloudflare', 'CF-RAY': '876f8f03dd68059c-IAD', 'alt-svc': 'h3=":443"; ma=86400'} 
 body={"results":[{"gender":"male","name":{"title":"Mr","first":"Didrik","last":"Michelsen"},"location":{"street":{"number":545,"name":"Rødbråtbakken"},"city":"Orkanger","state":"Aust-Agder","country":"Norway","postcode":"4329","coordinates":{"latitude":"43.3798","longitude":"-78.8054"},"timezone":{"offset":"-10:00","description":"Hawaii"}},"email":"didrik.michelsen@example.com","login":{"uuid":"3810b91e-d40d-4686-bd8d-69989992fc7b","username":"orangesnake457","password":"sticky","salt":"2sc1yIBT","md5":"5b5557b103a4a12290eb350153e7e641","sha1":"23b3ce5ed6f47e8cab221fb444fdc3b08875ace4","sha256":"b56983c46092a1b7efa50667d0d63af762668cb8d402d9966480a958312f2295"},"dob":{"date":"1976-09-07T01:48:16.886Z","age":47},"registered":{"date":"2013-11-04T03:26:41.940Z","age":10},"phone":"66619747","cell":"49053544","id":{"name":"FN","value":"07097619381"},"picture":{"large":"https://randomuser.me/api/portraits/men/56.jpg","medium":"https://randomuser.me/api/portraits/med/men/56.jpg","thumbnail":"https://randomuser.me/api/portraits/thumb/men/56.jpg"},"nat":"NO"}],"info":{"seed":"0a7426468d38642b","results":1,"page":1,"version":"1.4"}} 
 </msg>
<msg time="2024-04-19T20:14:02.932392" level="INFO">/opt/hostedtoolcache/Python/3.12.3/x64/lib/python3.12/site-packages/urllib3/connectionpool.py:1103: InsecureRequestWarning: Unverified HTTPS request is being made to host 'randomuser.me'. Adding certificate verification is strongly advised. See: https://urllib3.readthedocs.io/en/latest/advanced-usage.html#tls-warnings
  warnings.warn(</msg>
<msg time="2024-04-19T20:14:02.932508" level="INFO">${response} = &lt;Response [200]&gt;</msg>
<var>${response}</var>
<arg>consultarAPI</arg>
<arg>/api</arg>
<doc>Sends a GET request on a previously created HTTP Session.</doc>
<status status="PASS" start="2024-04-19T20:14:02.852916" elapsed="0.079632"/>
</kw>
<kw name="Set Variable" owner="BuiltIn">
<msg time="2024-04-19T20:14:02.933711" level="INFO">${json_data} = {'results': [{'gender': 'male', 'name': {'title': 'Mr', 'first': 'Didrik', 'last': 'Michelsen'}, 'location': {'street': {'number': 545, 'name': 'Rødbråtbakken'}, 'city': 'Orkanger', 'state': 'Aust-Agd...</msg>
<var>${json_data}</var>
<arg>${response.json()}</arg>
<doc>Returns the given values which can then be assigned to a variables.</doc>
<status status="PASS" start="2024-04-19T20:14:02.933129" elapsed="0.000611"/>
</kw>
<kw name="Log" owner="BuiltIn">
<msg time="2024-04-19T20:14:02.934205" level="INFO">{'results': [{'gender': 'male', 'name': {'title': 'Mr', 'first': 'Didrik', 'last': 'Michelsen'}, 'location': {'street': {'number': 545, 'name': 'Rødbråtbakken'}, 'city': 'Orkanger', 'state': 'Aust-Agder', 'country': 'Norway', 'postcode': '4329', 'coordinates': {'latitude': '43.3798', 'longitude': '-78.8054'}, 'timezone': {'offset': '-10:00', 'description': 'Hawaii'}}, 'email': 'didrik.michelsen@example.com', 'login': {'uuid': '3810b91e-d40d-4686-bd8d-69989992fc7b', 'username': 'orangesnake457', 'password': 'sticky', 'salt': '2sc1yIBT', 'md5': '5b5557b103a4a12290eb350153e7e641', 'sha1': '23b3ce5ed6f47e8cab221fb444fdc3b08875ace4', 'sha256': 'b56983c46092a1b7efa50667d0d63af762668cb8d402d9966480a958312f2295'}, 'dob': {'date': '1976-09-07T01:48:16.886Z', 'age': 47}, 'registered': {'date': '2013-11-04T03:26:41.940Z', 'age': 10}, 'phone': '66619747', 'cell': '49053544', 'id': {'name': 'FN', 'value': '07097619381'}, 'picture': {'large': 'https://randomuser.me/api/portraits/men/56.jpg', 'medium': 'https://randomuser.me/api/portraits/med/men/56.jpg', 'thumbnail': 'https://randomuser.me/api/portraits/thumb/men/56.jpg'}, 'nat': 'NO'}], 'info': {'seed': '0a7426468d38642b', 'results': 1, 'page': 1, 'version': '1.4'}}</msg>
<arg>${json_data}</arg>
<doc>Logs the given message with the given level.</doc>
<status status="PASS" start="2024-04-19T20:14:02.934051" elapsed="0.000241"/>
</kw>
<kw name="Should Be String" owner="String">
<arg>${json_data['results'][0]['gender']}</arg>
<doc>Fails if the given ``item`` is not a string.</doc>
<status status="PASS" start="2024-04-19T20:14:02.934590" elapsed="0.000387"/>
</kw>
<kw name="Should Match Regexp" owner="BuiltIn">
<arg>${json_data['results'][0]['email']}</arg>
<arg>^[a-zA-Z0-9._%+-]+@[a-zA-Z0-9.-]+\.[a-zA-Z]{2,}$</arg>
<doc>Fails if ``string`` does not match ``pattern`` as a regular expression.</doc>
<status status="PASS" start="2024-04-19T20:14:02.935171" elapsed="0.000527"/>
</kw>
<kw name="Should Match Regexp" owner="BuiltIn">
<arg>${json_data['results'][0]['dob']['date']}</arg>
<arg>\\d{4}-\\d{2}-\\d{2}T\\d{2}:\\d{2}:\\d{2}\\.\\d{3}Z</arg>
<doc>Fails if ``string`` does not match ``pattern`` as a regular expression.</doc>
<status status="PASS" start="2024-04-19T20:14:02.935893" elapsed="0.000483"/>
</kw>
<kw name="Should Match Regexp" owner="BuiltIn">
<arg>${json_data['results'][0]['registered']['date']}</arg>
<arg>\\d{4}-\\d{2}-\\d{2}T\\d{2}:\\d{2}:\\d{2}\\.\\d{3}Z</arg>
<doc>Fails if ``string`` does not match ``pattern`` as a regular expression.</doc>
<status status="PASS" start="2024-04-19T20:14:02.936565" elapsed="0.000362"/>
</kw>
<kw name="Should Match Regexp" owner="BuiltIn">
<arg>${json_data['results'][0]['picture']['large']}</arg>
<arg>^https?://.*\.(?:png|jpe?g|gif|bmp)$</arg>
<doc>Fails if ``string`` does not match ``pattern`` as a regular expression.</doc>
<status status="PASS" start="2024-04-19T20:14:02.937115" elapsed="0.000461"/>
</kw>
<kw name="Should Match Regexp" owner="BuiltIn">
<arg>${json_data['results'][0]['picture']['medium']}</arg>
<arg>^https?://.*\.(?:png|jpe?g|gif|bmp)$</arg>
<doc>Fails if ``string`` does not match ``pattern`` as a regular expression.</doc>
<status status="PASS" start="2024-04-19T20:14:02.937762" elapsed="0.000354"/>
</kw>
<kw name="Should Match Regexp" owner="BuiltIn">
<arg>${json_data['results'][0]['picture']['thumbnail']}</arg>
<arg>^https?://.*\.(?:png|jpe?g|gif|bmp)$</arg>
<doc>Fails if ``string`` does not match ``pattern`` as a regular expression.</doc>
<status status="PASS" start="2024-04-19T20:14:02.938302" elapsed="0.000344"/>
</kw>
<kw name="Log" owner="BuiltIn">
<msg time="2024-04-19T20:14:02.939177" level="INFO">{'large': 'https://randomuser.me/api/portraits/men/56.jpg', 'medium': 'https://randomuser.me/api/portraits/med/men/56.jpg', 'thumbnail': 'https://randomuser.me/api/portraits/thumb/men/56.jpg'}</msg>
<arg>${json_data['results'][0]['picture']}</arg>
<doc>Logs the given message with the given level.</doc>
<status status="PASS" start="2024-04-19T20:14:02.938848" elapsed="0.000369"/>
</kw>
<status status="PASS" start="2024-04-19T20:14:02.852690" elapsed="0.086781"/>
</kw>
<kw name="Teste de Tipos de Dados - Postcode" owner="random-user-service">
<kw name="GET On Session" owner="RequestsLibrary">
<msg time="2024-04-19T20:14:03.039225" level="INFO">GET Request : url=https://randomuser.me/api 
 path_url=/api 
 headers={'User-Agent': 'python-requests/2.31.0', 'Accept-Encoding': 'gzip, deflate', 'Accept': '*/*', 'Connection': 'keep-alive'} 
 body=None 
 </msg>
<msg time="2024-04-19T20:14:03.039340" level="INFO">GET Response : url=https://randomuser.me/api 
 status=200, reason=OK 
 headers={'Date': 'Fri, 19 Apr 2024 20:14:03 GMT', 'Content-Type': 'application/json; charset=utf-8', 'Transfer-Encoding': 'chunked', 'Connection': 'keep-alive', 'X-Powered-By': 'Express', 'Access-Control-Allow-Origin': '*', 'Cache-Control': 'no-cache', 'ETag': 'W/"48e-rzxsS2ZFyKfr3qK8r1tsbULNDsc"', 'Vary': 'Accept-Encoding', 'Content-Encoding': 'gzip', 'CF-Cache-Status': 'DYNAMIC', 'Report-To': '{"endpoints":[{"url":"https:\\/\\/a.nel.cloudflare.com\\/report\\/v4?s=0XBfxdkp%2FgYJa4fSgtiQ5ZbCXwC1fUYSUZQqjCrudGvvQYAdxQPjtH4%2Ff%2Fo0rBnK7m2N0ja78KGwhCQtQ1oN24MbzZWYM4DcjR9PiqxPFGYsoKM9SctBKR7cSh1aPGaV"}],"group":"cf-nel","max_age":604800}', 'NEL': '{"success_fraction":0,"report_to":"cf-nel","max_age":604800}', 'Server': 'cloudflare', 'CF-RAY': '876f8f046e3f059c-IAD', 'alt-svc': 'h3=":443"; ma=86400'} 
 body={"results":[{"gender":"female","name":{"title":"Mrs","first":"Eevi","last":"Kilpela"},"location":{"street":{"number":8765,"name":"Suvantokatu"},"city":"Loppi","state":"South Karelia","country":"Finland","postcode":53076,"coordinates":{"latitude":"-28.1709","longitude":"166.5504"},"timezone":{"offset":"+7:00","description":"Bangkok, Hanoi, Jakarta"}},"email":"eevi.kilpela@example.com","login":{"uuid":"147ded7b-74d5-46a2-b868-f700e018b263","username":"orangewolf545","password":"futbol","salt":"r1vxQkBI","md5":"62b14d4fe7c185a4b6d1ca3e08c3db46","sha1":"76eb456f058bf6a315b2eaf7e43bd43b3b990a35","sha256":"7b8e3faeca791666c08257677649f08ff741bf0cb93816b576778834c870c6b4"},"dob":{"date":"1945-09-27T11:22:23.044Z","age":78},"registered":{"date":"2002-05-20T16:37:17.091Z","age":21},"phone":"02-057-132","cell":"048-827-05-40","id":{"name":"HETU","value":"NaNNA056undefined"},"picture":{"large":"https://randomuser.me/api/portraits/women/85.jpg","medium":"https://randomuser.me/api/portraits/med/women/85.jpg","thumbnail":"https://randomuser.me/api/portraits/thumb/women/85.jpg"},"nat":"FI"}],"info":{"seed":"bb1a13d795561d17","results":1,"page":1,"version":"1.4"}} 
 </msg>
<msg time="2024-04-19T20:14:03.039425" level="INFO">/opt/hostedtoolcache/Python/3.12.3/x64/lib/python3.12/site-packages/urllib3/connectionpool.py:1103: InsecureRequestWarning: Unverified HTTPS request is being made to host 'randomuser.me'. Adding certificate verification is strongly advised. See: https://urllib3.readthedocs.io/en/latest/advanced-usage.html#tls-warnings
  warnings.warn(</msg>
<msg time="2024-04-19T20:14:03.039571" level="INFO">${response} = &lt;Response [200]&gt;</msg>
<var>${response}</var>
<arg>consultarAPI</arg>
<arg>/api</arg>
<doc>Sends a GET request on a previously created HTTP Session.</doc>
<status status="PASS" start="2024-04-19T20:14:02.939937" elapsed="0.099675"/>
</kw>
<kw name="Set Variable" owner="BuiltIn">
<msg time="2024-04-19T20:14:03.040917" level="INFO">${json_data} = {'results': [{'gender': 'female', 'name': {'title': 'Mrs', 'first': 'Eevi', 'last': 'Kilpela'}, 'location': {'street': {'number': 8765, 'name': 'Suvantokatu'}, 'city': 'Loppi', 'state': 'South Karelia...</msg>
<var>${json_data}</var>
<arg>${response.json()}</arg>
<doc>Returns the given values which can then be assigned to a variables.</doc>
<status status="PASS" start="2024-04-19T20:14:03.040283" elapsed="0.000662"/>
</kw>
<kw name="Log" owner="BuiltIn">
<msg time="2024-04-19T20:14:03.041419" level="INFO">{'results': [{'gender': 'female', 'name': {'title': 'Mrs', 'first': 'Eevi', 'last': 'Kilpela'}, 'location': {'street': {'number': 8765, 'name': 'Suvantokatu'}, 'city': 'Loppi', 'state': 'South Karelia', 'country': 'Finland', 'postcode': 53076, 'coordinates': {'latitude': '-28.1709', 'longitude': '166.5504'}, 'timezone': {'offset': '+7:00', 'description': 'Bangkok, Hanoi, Jakarta'}}, 'email': 'eevi.kilpela@example.com', 'login': {'uuid': '147ded7b-74d5-46a2-b868-f700e018b263', 'username': 'orangewolf545', 'password': 'futbol', 'salt': 'r1vxQkBI', 'md5': '62b14d4fe7c185a4b6d1ca3e08c3db46', 'sha1': '76eb456f058bf6a315b2eaf7e43bd43b3b990a35', 'sha256': '7b8e3faeca791666c08257677649f08ff741bf0cb93816b576778834c870c6b4'}, 'dob': {'date': '1945-09-27T11:22:23.044Z', 'age': 78}, 'registered': {'date': '2002-05-20T16:37:17.091Z', 'age': 21}, 'phone': '02-057-132', 'cell': '048-827-05-40', 'id': {'name': 'HETU', 'value': 'NaNNA056undefined'}, 'picture': {'large': 'https://randomuser.me/api/portraits/women/85.jpg', 'medium': 'https://randomuser.me/api/portraits/med/women/85.jpg', 'thumbnail': 'https://randomuser.me/api/portraits/thumb/women/85.jpg'}, 'nat': 'FI'}], 'info': {'seed': 'bb1a13d795561d17', 'results': 1, 'page': 1, 'version': '1.4'}}</msg>
<arg>${json_data}</arg>
<doc>Logs the given message with the given level.</doc>
<status status="PASS" start="2024-04-19T20:14:03.041264" elapsed="0.000237"/>
</kw>
<kw name="Should Be Equal As Numbers" owner="BuiltIn">
<arg>${json_data['results'][0]['location']['postcode']}</arg>
<arg>${json_data['results'][0]['location']['postcode']}</arg>
<doc>Fails if objects are unequal after converting them to real numbers.</doc>
<status status="PASS" start="2024-04-19T20:14:03.041980" elapsed="0.000625"/>
</kw>
<kw name="Log" owner="BuiltIn">
<msg time="2024-04-19T20:14:03.043164" level="INFO">53076</msg>
<arg>${json_data['results'][0]['location']['postcode']}</arg>
<doc>Logs the given message with the given level.</doc>
<status status="PASS" start="2024-04-19T20:14:03.042798" elapsed="0.000407"/>
</kw>
<status status="PASS" start="2024-04-19T20:14:02.939699" elapsed="0.103759"/>
</kw>
<doc>Testa se os tipos de dados na resposta da API estão corretos.</doc>
<tag>testeTiposDados</tag>
<status status="PASS" start="2024-04-19T20:14:02.852241" elapsed="0.191387"/>
</test>
<test id="s1-s1-t5" name="Validar conteudo" line="35">
<kw name="Teste de Tipos de Conteudo" owner="random-user-service">
<kw name="GET On Session" owner="RequestsLibrary">
<msg time="2024-04-19T20:14:03.133286" level="INFO">GET Request : url=https://randomuser.me/api 
 path_url=/api 
 headers={'User-Agent': 'python-requests/2.31.0', 'Accept-Encoding': 'gzip, deflate', 'Accept': '*/*', 'Connection': 'keep-alive'} 
 body=None 
 </msg>
<msg time="2024-04-19T20:14:03.133410" level="INFO">GET Response : url=https://randomuser.me/api 
 status=200, reason=OK 
 headers={'Date': 'Fri, 19 Apr 2024 20:14:03 GMT', 'Content-Type': 'application/json; charset=utf-8', 'Transfer-Encoding': 'chunked', 'Connection': 'keep-alive', 'X-Powered-By': 'Express', 'Access-Control-Allow-Origin': '*', 'Cache-Control': 'no-cache', 'ETag': 'W/"47e-yINCYUIwxqzrZSZSsuXTjmJXk2s"', 'Vary': 'Accept-Encoding', 'Content-Encoding': 'gzip', 'CF-Cache-Status': 'DYNAMIC', 'Report-To': '{"endpoints":[{"url":"https:\\/\\/a.nel.cloudflare.com\\/report\\/v4?s=rg45QD%2F6a6zsJy3FQhiQC2PZIa3UxmDNvmmsQ1vnZN5gJMuYWnTs7aIqQYkboCZ4cDmBLVUqtU6Pt%2F2RwdVnQq5D%2BPuyzNsK3UctgagDNzB0o938mF%2BGcstXKJ10yLNv"}],"group":"cf-nel","max_age":604800}', 'NEL': '{"success_fraction":0,"report_to":"cf-nel","max_age":604800}', 'Server': 'cloudflare', 'CF-RAY': '876f8f051f04059c-IAD', 'alt-svc': 'h3=":443"; ma=86400'} 
 body={"results":[{"gender":"female","name":{"title":"Ms","first":"Aglayida","last":"Skoba"},"location":{"street":{"number":6221,"name":"Provulok 1-y vulici Ribalka"},"city":"Debalceve","state":"Harkivska","country":"Ukraine","postcode":83531,"coordinates":{"latitude":"75.0491","longitude":"105.3638"},"timezone":{"offset":"-10:00","description":"Hawaii"}},"email":"aglayida.skoba@example.com","login":{"uuid":"0ce19b3c-d754-45dd-ae01-ec20b77937f0","username":"bigtiger816","password":"0987","salt":"CuqvZZ55","md5":"4fb90f8dc8b2f4c95747ae3f3f8d636c","sha1":"d9d21e3df2f5c95c74a153e8bcf90dc86bfd63af","sha256":"8cc11595561e56474e5192ebec6c476d1befb187057e432084d21015698ead26"},"dob":{"date":"1952-02-02T06:27:51.460Z","age":72},"registered":{"date":"2002-08-30T18:49:52.972Z","age":21},"phone":"(096) M52-4902","cell":"(096) W86-3859","id":{"name":"","value":null},"picture":{"large":"https://randomuser.me/api/portraits/women/68.jpg","medium":"https://randomuser.me/api/portraits/med/women/68.jpg","thumbnail":"https://randomuser.me/api/portraits/thumb/women/68.jpg"},"nat":"UA"}],"info":{"seed":"70ee1e41fa2bcc1c","results":1,"page":1,"version":"1.4"}} 
 </msg>
<msg time="2024-04-19T20:14:03.133501" level="INFO">/opt/hostedtoolcache/Python/3.12.3/x64/lib/python3.12/site-packages/urllib3/connectionpool.py:1103: InsecureRequestWarning: Unverified HTTPS request is being made to host 'randomuser.me'. Adding certificate verification is strongly advised. See: https://urllib3.readthedocs.io/en/latest/advanced-usage.html#tls-warnings
  warnings.warn(</msg>
<msg time="2024-04-19T20:14:03.133650" level="INFO">${response} = &lt;Response [200]&gt;</msg>
<var>${response}</var>
<arg>consultarAPI</arg>
<arg>/api</arg>
<doc>Sends a GET request on a previously created HTTP Session.</doc>
<status status="PASS" start="2024-04-19T20:14:03.046452" elapsed="0.087247"/>
</kw>
<kw name="Set Variable" owner="BuiltIn">
<msg time="2024-04-19T20:14:03.134767" level="INFO">${json_data} = {'results': [{'gender': 'female', 'name': {'title': 'Ms', 'first': 'Aglayida', 'last': 'Skoba'}, 'location': {'street': {'number': 6221, 'name': 'Provulok 1-y vulici Ribalka'}, 'city': 'Debalceve', 's...</msg>
<var>${json_data}</var>
<arg>${response.json()}</arg>
<doc>Returns the given values which can then be assigned to a variables.</doc>
<status status="PASS" start="2024-04-19T20:14:03.134235" elapsed="0.000566"/>
</kw>
<kw name="Set Variable" owner="BuiltIn">
<msg time="2024-04-19T20:14:03.135535" level="INFO">${name_title} = Ms</msg>
<var>${name_title}</var>
<arg>${json_data["results"][0]["name"]["title"]}</arg>
<doc>Returns the given values which can then be assigned to a variables.</doc>
<status status="PASS" start="2024-04-19T20:14:03.135139" elapsed="0.000422"/>
</kw>
<kw name="Create List" owner="BuiltIn">
<msg time="2024-04-19T20:14:03.136014" level="INFO">${allowed_titles} = ['Mr', 'Ms', 'Miss', 'Mrs', 'Madame', 'Monsieur']</msg>
<var>${allowed_titles}</var>
<arg>Mr</arg>
<arg>Ms</arg>
<arg>Miss</arg>
<arg>Mrs</arg>
<arg>Madame</arg>
<arg>Monsieur</arg>
<doc>Returns a list containing given items.</doc>
<status status="PASS" start="2024-04-19T20:14:03.135866" elapsed="0.000173"/>
</kw>
<kw name="List Should Contain Value" owner="Collections">
<msg time="2024-04-19T20:14:03.136519" level="INFO">False</msg>
<arg>${allowed_titles}</arg>
<arg>${name_title}</arg>
<doc>Fails if the ``value`` is not found from ``list``.</doc>
<status status="PASS" start="2024-04-19T20:14:03.136341" elapsed="0.000215"/>
</kw>
<kw name="Set Variable" owner="BuiltIn">
<msg time="2024-04-19T20:14:03.137228" level="INFO">${name_country} = UA</msg>
<var>${name_country}</var>
<arg>${json_data["results"][0]["nat"]}</arg>
<doc>Returns the given values which can then be assigned to a variables.</doc>
<status status="PASS" start="2024-04-19T20:14:03.136844" elapsed="0.000410"/>
</kw>
<kw name="Create List" owner="BuiltIn">
<msg time="2024-04-19T20:14:03.138142" level="INFO">${list_country} = ['AD', 'AE', 'AF', 'AG', 'AI', 'AL', 'AM', 'AO', 'AQ', 'AR', 'AS', 'AT', 'AU', 'AW', 'AX', 'AZ', 'BA', 'BB', 'BD', 'BE', 'BF', 'BG', 'BH', 'BI', 'BJ', 'BL', 'BM', 'BN', 'BO', 'BQ', 'BR', 'BS', 'BT', '...</msg>
<var>${list_country}</var>
<arg>AD</arg>
<arg>AE</arg>
<arg>AF</arg>
<arg>AG</arg>
<arg>AI</arg>
<arg>AL</arg>
<arg>AM</arg>
<arg>AO</arg>
<arg>AQ</arg>
<arg>AR</arg>
<arg>AS</arg>
<arg>AT</arg>
<arg>AU</arg>
<arg>AW</arg>
<arg>AX</arg>
<arg>AZ</arg>
<arg>BA</arg>
<arg>BB</arg>
<arg>BD</arg>
<arg>BE</arg>
<arg>BF</arg>
<arg>BG</arg>
<arg>BH</arg>
<arg>BI</arg>
<arg>BJ</arg>
<arg>BL</arg>
<arg>BM</arg>
<arg>BN</arg>
<arg>BO</arg>
<arg>BQ</arg>
<arg>BR</arg>
<arg>BS</arg>
<arg>BT</arg>
<arg>BV</arg>
<arg>BW</arg>
<arg>BY</arg>
<arg>BZ</arg>
<arg>CA</arg>
<arg>CC</arg>
<arg>CD</arg>
<arg>CF</arg>
<arg>CG</arg>
<arg>CH</arg>
<arg>CI</arg>
<arg>CK</arg>
<arg>CL</arg>
<arg>CM</arg>
<arg>CN</arg>
<arg>CO</arg>
<arg>CR</arg>
<arg>CU</arg>
<arg>CV</arg>
<arg>CW</arg>
<arg>CX</arg>
<arg>CY</arg>
<arg>CZ</arg>
<arg>DE</arg>
<arg>DJ</arg>
<arg>DK</arg>
<arg>DM</arg>
<arg>DO</arg>
<arg>DZ</arg>
<arg>EC</arg>
<arg>EE</arg>
<arg>EG</arg>
<arg>EH</arg>
<arg>ER</arg>
<arg>ES</arg>
<arg>ET</arg>
<arg>FI</arg>
<arg>FJ</arg>
<arg>FK</arg>
<arg>FM</arg>
<arg>FO</arg>
<arg>FR</arg>
<arg>GA</arg>
<arg>GB</arg>
<arg>GD</arg>
<arg>GE</arg>
<arg>GF</arg>
<arg>GG</arg>
<arg>GH</arg>
<arg>GI</arg>
<arg>GL</arg>
<arg>GM</arg>
<arg>GN</arg>
<arg>GP</arg>
<arg>GQ</arg>
<arg>GR</arg>
<arg>GS</arg>
<arg>GT</arg>
<arg>GU</arg>
<arg>GW</arg>
<arg>GY</arg>
<arg>HK</arg>
<arg>HM</arg>
<arg>HN</arg>
<arg>HR</arg>
<arg>HT</arg>
<arg>HU</arg>
<arg>ID</arg>
<arg>IE</arg>
<arg>IL</arg>
<arg>IM</arg>
<arg>IN</arg>
<arg>IO</arg>
<arg>IQ</arg>
<arg>IR</arg>
<arg>IS</arg>
<arg>IT</arg>
<arg>JE</arg>
<arg>JM</arg>
<arg>JO</arg>
<arg>JP</arg>
<arg>KE</arg>
<arg>KG</arg>
<arg>KH</arg>
<arg>KI</arg>
<arg>KM</arg>
<arg>KN</arg>
<arg>KP</arg>
<arg>KR</arg>
<arg>KW</arg>
<arg>KY</arg>
<arg>KZ</arg>
<arg>LA</arg>
<arg>LB</arg>
<arg>LC</arg>
<arg>LI</arg>
<arg>LK</arg>
<arg>LR</arg>
<arg>LS</arg>
<arg>LT</arg>
<arg>LU</arg>
<arg>LV</arg>
<arg>LY</arg>
<arg>MA</arg>
<arg>MC</arg>
<arg>MD</arg>
<arg>ME</arg>
<arg>MF</arg>
<arg>MG</arg>
<arg>MH</arg>
<arg>MK</arg>
<arg>ML</arg>
<arg>MM</arg>
<arg>MN</arg>
<arg>MO</arg>
<arg>MP</arg>
<arg>MQ</arg>
<arg>MR</arg>
<arg>MS</arg>
<arg>MT</arg>
<arg>MU</arg>
<arg>MV</arg>
<arg>MW</arg>
<arg>MX</arg>
<arg>MY</arg>
<arg>MZ</arg>
<arg>NA</arg>
<arg>NC</arg>
<arg>NE</arg>
<arg>NF</arg>
<arg>NG</arg>
<arg>NI</arg>
<arg>NL</arg>
<arg>NO</arg>
<arg>NP</arg>
<arg>NR</arg>
<arg>NU</arg>
<arg>NZ</arg>
<arg>OM</arg>
<arg>PA</arg>
<arg>PE</arg>
<arg>PF</arg>
<arg>PG</arg>
<arg>PH</arg>
<arg>PK</arg>
<arg>PL</arg>
<arg>PM</arg>
<arg>PN</arg>
<arg>PR</arg>
<arg>PS</arg>
<arg>PT</arg>
<arg>PW</arg>
<arg>PY</arg>
<arg>QA</arg>
<arg>RE</arg>
<arg>RO</arg>
<arg>RS</arg>
<arg>RU</arg>
<arg>RW</arg>
<arg>SA</arg>
<arg>SB</arg>
<arg>SC</arg>
<arg>SD</arg>
<arg>SE</arg>
<arg>SG</arg>
<arg>SH</arg>
<arg>SI</arg>
<arg>SJ</arg>
<arg>SK</arg>
<arg>SL</arg>
<arg>SM</arg>
<arg>SN</arg>
<arg>SO</arg>
<arg>SR</arg>
<arg>SS</arg>
<arg>ST</arg>
<arg>SV</arg>
<arg>SX</arg>
<arg>SY</arg>
<arg>SZ</arg>
<arg>TC</arg>
<arg>TD</arg>
<arg>TF</arg>
<arg>TG</arg>
<arg>TH</arg>
<arg>TJ</arg>
<arg>TK</arg>
<arg>TL</arg>
<arg>TM</arg>
<arg>TN</arg>
<arg>TO</arg>
<arg>TR</arg>
<arg>TT</arg>
<arg>TV</arg>
<arg>TW</arg>
<arg>TZ</arg>
<arg>UA</arg>
<arg>UG</arg>
<arg>UM</arg>
<arg>US</arg>
<arg>UY</arg>
<arg>UZ</arg>
<arg>VA</arg>
<arg>VC</arg>
<arg>VE</arg>
<arg>VG</arg>
<arg>VI</arg>
<arg>VN</arg>
<arg>VU</arg>
<arg>WF</arg>
<arg>WS</arg>
<arg>XK</arg>
<arg>YE</arg>
<arg>YT</arg>
<arg>ZA</arg>
<arg>ZM</arg>
<arg>ZW</arg>
<doc>Returns a list containing given items.</doc>
<status status="PASS" start="2024-04-19T20:14:03.137561" elapsed="0.000606"/>
</kw>
<kw name="List Should Contain Value" owner="Collections">
<msg time="2024-04-19T20:14:03.139185" level="INFO">False</msg>
<arg>${list_country}</arg>
<arg>${name_country}</arg>
<doc>Fails if the ``value`` is not found from ``list``.</doc>
<status status="PASS" start="2024-04-19T20:14:03.138981" elapsed="0.000242"/>
</kw>
<kw name="Run Keyword If" owner="BuiltIn">
<kw name="Should Be True" owner="BuiltIn">
<arg>${True}</arg>
<doc>Fails if the given condition is not true.</doc>
<status status="PASS" start="2024-04-19T20:14:03.140315" elapsed="0.000263"/>
</kw>
<arg>${json_data["results"][0]["location"]["coordinates"]["latitude"]} &gt;= -90 and ${json_data["results"][0]["location"]["coordinates"]["latitude"]} &lt;= 90</arg>
<arg>Should Be True</arg>
<arg>${True}</arg>
<doc>Runs the given keyword with the given arguments, if ``condition`` is true.</doc>
<status status="PASS" start="2024-04-19T20:14:03.139546" elapsed="0.001165"/>
</kw>
<kw name="Run Keyword If" owner="BuiltIn">
<kw name="Should Be True" owner="BuiltIn">
<arg>${True}</arg>
<doc>Fails if the given condition is not true.</doc>
<status status="PASS" start="2024-04-19T20:14:03.141610" elapsed="0.000136"/>
</kw>
<arg>${json_data["results"][0]["location"]["coordinates"]["longitude"]} &gt;= -180 and ${json_data["results"][0]["location"]["coordinates"]["longitude"]} &lt;= 180</arg>
<arg>Should Be True</arg>
<arg>${True}</arg>
<doc>Runs the given keyword with the given arguments, if ``condition`` is true.</doc>
<status status="PASS" start="2024-04-19T20:14:03.140901" elapsed="0.000970"/>
</kw>
<status status="PASS" start="2024-04-19T20:14:03.046076" elapsed="0.095928"/>
</kw>
<doc>Testa o conteúdo específico dos campos retornados pela API.</doc>
<tag>testeConteudo</tag>
<status status="PASS" start="2024-04-19T20:14:03.045406" elapsed="0.096754"/>
</test>
<status status="PASS" start="2024-04-19T20:14:02.351641" elapsed="0.792494"/>
</suite>
<status status="PASS" start="2024-04-19T20:14:02.338033" elapsed="0.811192"/>
</suite>
<statistics>
<total>
<stat pass="5" fail="0" skip="0">All Tests</stat>
</total>
<tag>
<stat pass="1" fail="0" skip="0">testeConteudo</stat>
<stat pass="1" fail="0" skip="0">testeEstruturaResposta</stat>
<stat pass="1" fail="0" skip="0">testeRequisicaoBasica</stat>
<stat pass="1" fail="0" skip="0">testeTiposDados</stat>
</tag>
<suite>
<stat pass="5" fail="0" skip="0" id="s1" name="Tests">Tests</stat>
<stat pass="5" fail="0" skip="0" id="s1-s1" name="Random-User-Test">Tests.Random-User-Test</stat>
</suite>
</statistics>
<errors>
</errors>
</robot>
