<?xml version="1.0" encoding="UTF-8"?>
<robot generator="Robot 7.0.1 (Python 3.12.4 on linux)" generated="2024-07-02T23:14:16.805282" rpa="false" schemaversion="5">
<suite id="s1" name="Tests" source="/home/runner/work/ApiRandomUser/ApiRandomUser/RamdonUser/tests">
<suite id="s1-s1" name="Random-User-Test" source="/home/runner/work/ApiRandomUser/ApiRandomUser/RamdonUser/tests/random-user-test.robot">
<test id="s1-s1-t1" name="Conectar" line="13">
<kw name="Conectar API" owner="random-user-service">
<kw name="Create Session" owner="RequestsLibrary">
<msg time="2024-07-02T23:14:17.206601" level="INFO">Creating Session using : alias=consultarAPI, url=https://randomuser.me/, headers={},                     cookies={}, auth=None, timeout=None, proxies=None, verify=False,                     debug=0 </msg>
<arg>consultarAPI</arg>
<arg>${URL}</arg>
<doc>Create Session: create a HTTP session to a server</doc>
<status status="PASS" start="2024-07-02T23:14:17.206362" elapsed="0.000436"/>
</kw>
<status status="PASS" start="2024-07-02T23:14:17.205348" elapsed="0.001828"/>
</kw>
<status status="PASS" start="2024-07-02T23:14:17.204779" elapsed="0.002601"/>
</test>
<test id="s1-s1-t2" name="Validar retorno 200 e JSON Válido" line="16">
<kw name="Teste de Requisicao Basica" owner="random-user-service">
<kw name="GET On Session" owner="RequestsLibrary">
<msg time="2024-07-02T23:14:17.293129" level="INFO">GET Request : url=https://randomuser.me/api 
 path_url=/api 
 headers={'User-Agent': 'python-requests/2.32.3', 'Accept-Encoding': 'gzip, deflate', 'Accept': '*/*', 'Connection': 'keep-alive'} 
 body=None 
 </msg>
<msg time="2024-07-02T23:14:17.293276" level="INFO">GET Response : url=https://randomuser.me/api 
 status=200, reason=OK 
 headers={'Date': 'Tue, 02 Jul 2024 23:14:17 GMT', 'Content-Type': 'application/json; charset=utf-8', 'Transfer-Encoding': 'chunked', 'Connection': 'keep-alive', 'X-Powered-By': 'Express', 'Access-Control-Allow-Origin': '*', 'Cache-Control': 'no-cache', 'ETag': 'W/"484-8UPK5eMpiAWsBhizloIZiuGtlBk"', 'Vary': 'Accept-Encoding', 'Content-Encoding': 'gzip', 'CF-Cache-Status': 'DYNAMIC', 'Report-To': '{"endpoints":[{"url":"https:\\/\\/a.nel.cloudflare.com\\/report\\/v4?s=8dS%2F87gsrlCTtG6zW79bxOHBv5GEx4xAxPNcRGHSDHmdQn51wKKKLoM2w6VFRNi8PgsbVEQKTqYErT4DAvYZp7xG82hI8jgns1%2BIS%2BFOLTnxYJuXRzpvduxuCz1Kn5xS"}],"group":"cf-nel","max_age":604800}', 'NEL': '{"success_fraction":0,"report_to":"cf-nel","max_age":604800}', 'Server': 'cloudflare', 'CF-RAY': '89d254c9d9a1c599-IAD', 'alt-svc': 'h3=":443"; ma=86400'} 
 body={"results":[{"gender":"male","name":{"title":"Mr","first":"Julio","last":"Ross"},"location":{"street":{"number":2746,"name":"Robinson Rd"},"city":"Traralgon","state":"Northern Territory","country":"Australia","postcode":1603,"coordinates":{"latitude":"-87.2881","longitude":"-129.1549"},"timezone":{"offset":"+6:00","description":"Almaty, Dhaka, Colombo"}},"email":"julio.ross@example.com","login":{"uuid":"8cc4bd58-dd42-45a9-b6d8-608210c17273","username":"smallleopard489","password":"glass","salt":"ZYrivPLp","md5":"18f4091363856cf904556c243a35cb39","sha1":"f1d1086ad9b94182689fdf5cf4aab82f0b9efd69","sha256":"7c5275f6c17ccf6ec20cc68e9862aa126b9b1b1cefc43f86c69412a35496afb9"},"dob":{"date":"1945-06-03T01:55:15.550Z","age":79},"registered":{"date":"2012-12-31T01:07:43.274Z","age":11},"phone":"01-0704-1424","cell":"0403-245-087","id":{"name":"TFN","value":"575361398"},"picture":{"large":"https://randomuser.me/api/portraits/men/12.jpg","medium":"https://randomuser.me/api/portraits/med/men/12.jpg","thumbnail":"https://randomuser.me/api/portraits/thumb/men/12.jpg"},"nat":"AU"}],"info":{"seed":"3c9ac1bebaedee00","results":1,"page":1,"version":"1.4"}} 
 </msg>
<msg time="2024-07-02T23:14:17.293365" level="INFO">/opt/hostedtoolcache/Python/3.12.4/x64/lib/python3.12/site-packages/urllib3/connectionpool.py:1099: InsecureRequestWarning: Unverified HTTPS request is being made to host 'randomuser.me'. Adding certificate verification is strongly advised. See: https://urllib3.readthedocs.io/en/latest/advanced-usage.html#tls-warnings
  warnings.warn(</msg>
<msg time="2024-07-02T23:14:17.293508" level="INFO">${response} = &lt;Response [200]&gt;</msg>
<var>${response}</var>
<arg>consultarAPI</arg>
<arg>/api</arg>
<doc>Sends a GET request on a previously created HTTP Session.</doc>
<status status="PASS" start="2024-07-02T23:14:17.210090" elapsed="0.083461"/>
</kw>
<kw name="Should Be Equal As Numbers" owner="BuiltIn">
<msg time="2024-07-02T23:14:17.294564" level="INFO">Argument types are:
&lt;class 'int'&gt;
&lt;class 'str'&gt;</msg>
<arg>${response.status_code}</arg>
<arg>200</arg>
<doc>Fails if objects are unequal after converting them to real numbers.</doc>
<status status="PASS" start="2024-07-02T23:14:17.294074" elapsed="0.000560"/>
</kw>
<kw name="Log" owner="BuiltIn">
<msg time="2024-07-02T23:14:17.295304" level="INFO">200</msg>
<arg>${response.status_code}</arg>
<doc>Logs the given message with the given level.</doc>
<status status="PASS" start="2024-07-02T23:14:17.294955" elapsed="0.000393"/>
</kw>
<kw name="Set Variable" owner="BuiltIn">
<msg time="2024-07-02T23:14:17.296100" level="INFO">${json_data} = {'results': [{'gender': 'male', 'name': {'title': 'Mr', 'first': 'Julio', 'last': 'Ross'}, 'location': {'street': {'number': 2746, 'name': 'Robinson Rd'}, 'city': 'Traralgon', 'state': 'Northern Terri...</msg>
<var>${json_data}</var>
<arg>${response.json()}</arg>
<doc>Returns the given values which can then be assigned to a variables.</doc>
<status status="PASS" start="2024-07-02T23:14:17.295664" elapsed="0.000465"/>
</kw>
<kw name="Dictionary Should Contain Key" owner="Collections">
<arg>${json_data}</arg>
<arg>results</arg>
<doc>Fails if ``key`` is not found from ``dictionary``.</doc>
<status status="PASS" start="2024-07-02T23:14:17.296431" elapsed="0.000174"/>
</kw>
<status status="PASS" start="2024-07-02T23:14:17.209830" elapsed="0.086937"/>
</kw>
<doc>Testa se a API responde corretamente e retorna um objeto JSON válido.</doc>
<tag>testeRequisicaoBasica</tag>
<status status="PASS" start="2024-07-02T23:14:17.209352" elapsed="0.087596"/>
</test>
<test id="s1-s1-t3" name="Validar estrutura de resposta" line="22">
<kw name="Teste de Estrutura de Resposta" owner="random-user-service">
<kw name="GET On Session" owner="RequestsLibrary">
<msg time="2024-07-02T23:14:17.391462" level="INFO">GET Request : url=https://randomuser.me/api 
 path_url=/api 
 headers={'User-Agent': 'python-requests/2.32.3', 'Accept-Encoding': 'gzip, deflate', 'Accept': '*/*', 'Connection': 'keep-alive'} 
 body=None 
 </msg>
<msg time="2024-07-02T23:14:17.391540" level="INFO">GET Response : url=https://randomuser.me/api 
 status=200, reason=OK 
 headers={'Date': 'Tue, 02 Jul 2024 23:14:17 GMT', 'Content-Type': 'application/json; charset=utf-8', 'Transfer-Encoding': 'chunked', 'Connection': 'keep-alive', 'X-Powered-By': 'Express', 'Access-Control-Allow-Origin': '*', 'Cache-Control': 'no-cache', 'ETag': 'W/"4ac-GYBkG4HnKpeAeyg2asxdz/bMvug"', 'Vary': 'Accept-Encoding', 'Content-Encoding': 'gzip', 'CF-Cache-Status': 'DYNAMIC', 'Report-To': '{"endpoints":[{"url":"https:\\/\\/a.nel.cloudflare.com\\/report\\/v4?s=hw9vW6HMTtf9MkDpPix3ncoI0AMmre6Bvik08KT95t%2F%2BNV3vMI3Yh1EAeCPaPs8OhYK8bmChACU%2FeKil4ucJKenj51YeQbr0wxQqHOQ3yRqJScpjzYqFLqr5kIKO%2FXSy"}],"group":"cf-nel","max_age":604800}', 'NEL': '{"success_fraction":0,"report_to":"cf-nel","max_age":604800}', 'Server': 'cloudflare', 'CF-RAY': '89d254ca29fec599-IAD', 'alt-svc': 'h3=":443"; ma=86400'} 
 body={"results":[{"gender":"male","name":{"title":"Mr","first":"Christopher","last":"Rodriquez"},"location":{"street":{"number":1685,"name":"Fairview Road"},"city":"Bangor","state":"Cleveland","country":"United Kingdom","postcode":"EG62 6WU","coordinates":{"latitude":"-9.4394","longitude":"-96.9848"},"timezone":{"offset":"+1:00","description":"Brussels, Copenhagen, Madrid, Paris"}},"email":"christopher.rodriquez@example.com","login":{"uuid":"2c722019-7dda-4a02-bccc-2f42cc0836f1","username":"smallrabbit258","password":"shuttle","salt":"DY1PNdjR","md5":"4ff627bc1704cc2547fc28fd2a55ddd7","sha1":"dc8640593593644eeb01177541fafb3cfc2fb680","sha256":"f6dc3e3d7874e7ecc24bbc332b4f298aa6f91ccf7f9ce1601eeabdb3e3a9096d"},"dob":{"date":"2000-02-03T12:51:56.624Z","age":24},"registered":{"date":"2007-05-02T19:46:12.328Z","age":17},"phone":"016974 79445","cell":"07624 655935","id":{"name":"NINO","value":"BS 67 71 03 L"},"picture":{"large":"https://randomuser.me/api/portraits/men/14.jpg","medium":"https://randomuser.me/api/portraits/med/men/14.jpg","thumbnail":"https://randomuser.me/api/portraits/thumb/men/14.jpg"},"nat":"GB"}],"info":{"seed":"700bce2691112dcc","results":1,"page":1,"version":"1.4"}} 
 </msg>
<msg time="2024-07-02T23:14:17.391647" level="INFO">/opt/hostedtoolcache/Python/3.12.4/x64/lib/python3.12/site-packages/urllib3/connectionpool.py:1099: InsecureRequestWarning: Unverified HTTPS request is being made to host 'randomuser.me'. Adding certificate verification is strongly advised. See: https://urllib3.readthedocs.io/en/latest/advanced-usage.html#tls-warnings
  warnings.warn(</msg>
<msg time="2024-07-02T23:14:17.391748" level="INFO">${response} = &lt;Response [200]&gt;</msg>
<var>${response}</var>
<arg>consultarAPI</arg>
<arg>/api</arg>
<doc>Sends a GET request on a previously created HTTP Session.</doc>
<status status="PASS" start="2024-07-02T23:14:17.299603" elapsed="0.092173"/>
</kw>
<kw name="Set Variable" owner="BuiltIn">
<msg time="2024-07-02T23:14:17.392669" level="INFO">${json_data} = {'results': [{'gender': 'male', 'name': {'title': 'Mr', 'first': 'Christopher', 'last': 'Rodriquez'}, 'location': {'street': {'number': 1685, 'name': 'Fairview Road'}, 'city': 'Bangor', 'state': 'Clev...</msg>
<var>${json_data}</var>
<arg>${response.json()}</arg>
<doc>Returns the given values which can then be assigned to a variables.</doc>
<status status="PASS" start="2024-07-02T23:14:17.392197" elapsed="0.000501"/>
</kw>
<kw name="Log" owner="BuiltIn">
<msg time="2024-07-02T23:14:17.393169" level="INFO">{'results': [{'gender': 'male', 'name': {'title': 'Mr', 'first': 'Christopher', 'last': 'Rodriquez'}, 'location': {'street': {'number': 1685, 'name': 'Fairview Road'}, 'city': 'Bangor', 'state': 'Cleveland', 'country': 'United Kingdom', 'postcode': 'EG62 6WU', 'coordinates': {'latitude': '-9.4394', 'longitude': '-96.9848'}, 'timezone': {'offset': '+1:00', 'description': 'Brussels, Copenhagen, Madrid, Paris'}}, 'email': 'christopher.rodriquez@example.com', 'login': {'uuid': '2c722019-7dda-4a02-bccc-2f42cc0836f1', 'username': 'smallrabbit258', 'password': 'shuttle', 'salt': 'DY1PNdjR', 'md5': '4ff627bc1704cc2547fc28fd2a55ddd7', 'sha1': 'dc8640593593644eeb01177541fafb3cfc2fb680', 'sha256': 'f6dc3e3d7874e7ecc24bbc332b4f298aa6f91ccf7f9ce1601eeabdb3e3a9096d'}, 'dob': {'date': '2000-02-03T12:51:56.624Z', 'age': 24}, 'registered': {'date': '2007-05-02T19:46:12.328Z', 'age': 17}, 'phone': '016974 79445', 'cell': '07624 655935', 'id': {'name': 'NINO', 'value': 'BS 67 71 03 L'}, 'picture': {'large': 'https://randomuser.me/api/portraits/men/14.jpg', 'medium': 'https://randomuser.me/api/portraits/med/men/14.jpg', 'thumbnail': 'https://randomuser.me/api/portraits/thumb/men/14.jpg'}, 'nat': 'GB'}], 'info': {'seed': '700bce2691112dcc', 'results': 1, 'page': 1, 'version': '1.4'}}</msg>
<arg>${json_data}</arg>
<doc>Logs the given message with the given level.</doc>
<status status="PASS" start="2024-07-02T23:14:17.393010" elapsed="0.000208"/>
</kw>
<kw name="Dictionary Should Contain Key" owner="Collections">
<arg>${json_data}</arg>
<arg>results</arg>
<doc>Fails if ``key`` is not found from ``dictionary``.</doc>
<status status="PASS" start="2024-07-02T23:14:17.393518" elapsed="0.000157"/>
</kw>
<kw name="Should Not Be Empty" owner="BuiltIn">
<msg time="2024-07-02T23:14:17.393996" level="INFO">Length is 2.</msg>
<arg>${json_data}</arg>
<doc>Verifies that the given item is not empty.</doc>
<status status="PASS" start="2024-07-02T23:14:17.393860" elapsed="0.000176"/>
</kw>
<kw name="Create List" owner="BuiltIn">
<msg time="2024-07-02T23:14:17.394685" level="INFO">${expected_keys} = ['gender', 'name', 'location', 'email', 'login']</msg>
<var>${expected_keys}</var>
<arg>gender</arg>
<arg>name</arg>
<arg>location</arg>
<arg>email</arg>
<arg>login</arg>
<doc>Returns a list containing given items.</doc>
<status status="PASS" start="2024-07-02T23:14:17.394332" elapsed="0.000380"/>
</kw>
<for flavor="IN">
<iter>
<kw name="Dictionary Should Contain Key" owner="Collections">
<arg>${json_data['results'][0]}</arg>
<arg>${key}</arg>
<doc>Fails if ``key`` is not found from ``dictionary``.</doc>
<status status="PASS" start="2024-07-02T23:14:17.395294" elapsed="0.000403"/>
</kw>
<kw name="Log" owner="BuiltIn">
<msg time="2024-07-02T23:14:17.396263" level="INFO">{'gender': 'male', 'name': {'title': 'Mr', 'first': 'Christopher', 'last': 'Rodriquez'}, 'location': {'street': {'number': 1685, 'name': 'Fairview Road'}, 'city': 'Bangor', 'state': 'Cleveland', 'country': 'United Kingdom', 'postcode': 'EG62 6WU', 'coordinates': {'latitude': '-9.4394', 'longitude': '-96.9848'}, 'timezone': {'offset': '+1:00', 'description': 'Brussels, Copenhagen, Madrid, Paris'}}, 'email': 'christopher.rodriquez@example.com', 'login': {'uuid': '2c722019-7dda-4a02-bccc-2f42cc0836f1', 'username': 'smallrabbit258', 'password': 'shuttle', 'salt': 'DY1PNdjR', 'md5': '4ff627bc1704cc2547fc28fd2a55ddd7', 'sha1': 'dc8640593593644eeb01177541fafb3cfc2fb680', 'sha256': 'f6dc3e3d7874e7ecc24bbc332b4f298aa6f91ccf7f9ce1601eeabdb3e3a9096d'}, 'dob': {'date': '2000-02-03T12:51:56.624Z', 'age': 24}, 'registered': {'date': '2007-05-02T19:46:12.328Z', 'age': 17}, 'phone': '016974 79445', 'cell': '07624 655935', 'id': {'name': 'NINO', 'value': 'BS 67 71 03 L'}, 'picture': {'large': 'https://randomuser.me/api/portraits/men/14.jpg', 'medium': 'https://randomuser.me/api/portraits/med/men/14.jpg', 'thumbnail': 'https://randomuser.me/api/portraits/thumb/men/14.jpg'}, 'nat': 'GB'}</msg>
<arg>${json_data['results'][0]}</arg>
<doc>Logs the given message with the given level.</doc>
<status status="PASS" start="2024-07-02T23:14:17.395893" elapsed="0.000418"/>
</kw>
<kw name="Log" owner="BuiltIn">
<msg time="2024-07-02T23:14:17.396745" level="INFO">gender</msg>
<arg>${key}</arg>
<doc>Logs the given message with the given level.</doc>
<status status="PASS" start="2024-07-02T23:14:17.396615" elapsed="0.000171"/>
</kw>
<var name="${key}">gender</var>
<status status="PASS" start="2024-07-02T23:14:17.395169" elapsed="0.001838"/>
</iter>
<iter>
<kw name="Dictionary Should Contain Key" owner="Collections">
<arg>${json_data['results'][0]}</arg>
<arg>${key}</arg>
<doc>Fails if ``key`` is not found from ``dictionary``.</doc>
<status status="PASS" start="2024-07-02T23:14:17.397309" elapsed="0.000391"/>
</kw>
<kw name="Log" owner="BuiltIn">
<msg time="2024-07-02T23:14:17.398282" level="INFO">{'gender': 'male', 'name': {'title': 'Mr', 'first': 'Christopher', 'last': 'Rodriquez'}, 'location': {'street': {'number': 1685, 'name': 'Fairview Road'}, 'city': 'Bangor', 'state': 'Cleveland', 'country': 'United Kingdom', 'postcode': 'EG62 6WU', 'coordinates': {'latitude': '-9.4394', 'longitude': '-96.9848'}, 'timezone': {'offset': '+1:00', 'description': 'Brussels, Copenhagen, Madrid, Paris'}}, 'email': 'christopher.rodriquez@example.com', 'login': {'uuid': '2c722019-7dda-4a02-bccc-2f42cc0836f1', 'username': 'smallrabbit258', 'password': 'shuttle', 'salt': 'DY1PNdjR', 'md5': '4ff627bc1704cc2547fc28fd2a55ddd7', 'sha1': 'dc8640593593644eeb01177541fafb3cfc2fb680', 'sha256': 'f6dc3e3d7874e7ecc24bbc332b4f298aa6f91ccf7f9ce1601eeabdb3e3a9096d'}, 'dob': {'date': '2000-02-03T12:51:56.624Z', 'age': 24}, 'registered': {'date': '2007-05-02T19:46:12.328Z', 'age': 17}, 'phone': '016974 79445', 'cell': '07624 655935', 'id': {'name': 'NINO', 'value': 'BS 67 71 03 L'}, 'picture': {'large': 'https://randomuser.me/api/portraits/men/14.jpg', 'medium': 'https://randomuser.me/api/portraits/med/men/14.jpg', 'thumbnail': 'https://randomuser.me/api/portraits/thumb/men/14.jpg'}, 'nat': 'GB'}</msg>
<arg>${json_data['results'][0]}</arg>
<doc>Logs the given message with the given level.</doc>
<status status="PASS" start="2024-07-02T23:14:17.397918" elapsed="0.000414"/>
</kw>
<kw name="Log" owner="BuiltIn">
<msg time="2024-07-02T23:14:17.398803" level="INFO">name</msg>
<arg>${key}</arg>
<doc>Logs the given message with the given level.</doc>
<status status="PASS" start="2024-07-02T23:14:17.398671" elapsed="0.000170"/>
</kw>
<var name="${key}">name</var>
<status status="PASS" start="2024-07-02T23:14:17.397197" elapsed="0.001865"/>
</iter>
<iter>
<kw name="Dictionary Should Contain Key" owner="Collections">
<arg>${json_data['results'][0]}</arg>
<arg>${key}</arg>
<doc>Fails if ``key`` is not found from ``dictionary``.</doc>
<status status="PASS" start="2024-07-02T23:14:17.399355" elapsed="0.000386"/>
</kw>
<kw name="Log" owner="BuiltIn">
<msg time="2024-07-02T23:14:17.400281" level="INFO">{'gender': 'male', 'name': {'title': 'Mr', 'first': 'Christopher', 'last': 'Rodriquez'}, 'location': {'street': {'number': 1685, 'name': 'Fairview Road'}, 'city': 'Bangor', 'state': 'Cleveland', 'country': 'United Kingdom', 'postcode': 'EG62 6WU', 'coordinates': {'latitude': '-9.4394', 'longitude': '-96.9848'}, 'timezone': {'offset': '+1:00', 'description': 'Brussels, Copenhagen, Madrid, Paris'}}, 'email': 'christopher.rodriquez@example.com', 'login': {'uuid': '2c722019-7dda-4a02-bccc-2f42cc0836f1', 'username': 'smallrabbit258', 'password': 'shuttle', 'salt': 'DY1PNdjR', 'md5': '4ff627bc1704cc2547fc28fd2a55ddd7', 'sha1': 'dc8640593593644eeb01177541fafb3cfc2fb680', 'sha256': 'f6dc3e3d7874e7ecc24bbc332b4f298aa6f91ccf7f9ce1601eeabdb3e3a9096d'}, 'dob': {'date': '2000-02-03T12:51:56.624Z', 'age': 24}, 'registered': {'date': '2007-05-02T19:46:12.328Z', 'age': 17}, 'phone': '016974 79445', 'cell': '07624 655935', 'id': {'name': 'NINO', 'value': 'BS 67 71 03 L'}, 'picture': {'large': 'https://randomuser.me/api/portraits/men/14.jpg', 'medium': 'https://randomuser.me/api/portraits/med/men/14.jpg', 'thumbnail': 'https://randomuser.me/api/portraits/thumb/men/14.jpg'}, 'nat': 'GB'}</msg>
<arg>${json_data['results'][0]}</arg>
<doc>Logs the given message with the given level.</doc>
<status status="PASS" start="2024-07-02T23:14:17.399927" elapsed="0.000402"/>
</kw>
<kw name="Log" owner="BuiltIn">
<msg time="2024-07-02T23:14:17.400758" level="INFO">location</msg>
<arg>${key}</arg>
<doc>Logs the given message with the given level.</doc>
<status status="PASS" start="2024-07-02T23:14:17.400629" elapsed="0.000166"/>
</kw>
<var name="${key}">location</var>
<status status="PASS" start="2024-07-02T23:14:17.399245" elapsed="0.001770"/>
</iter>
<iter>
<kw name="Dictionary Should Contain Key" owner="Collections">
<arg>${json_data['results'][0]}</arg>
<arg>${key}</arg>
<doc>Fails if ``key`` is not found from ``dictionary``.</doc>
<status status="PASS" start="2024-07-02T23:14:17.401295" elapsed="0.000387"/>
</kw>
<kw name="Log" owner="BuiltIn">
<msg time="2024-07-02T23:14:17.402226" level="INFO">{'gender': 'male', 'name': {'title': 'Mr', 'first': 'Christopher', 'last': 'Rodriquez'}, 'location': {'street': {'number': 1685, 'name': 'Fairview Road'}, 'city': 'Bangor', 'state': 'Cleveland', 'country': 'United Kingdom', 'postcode': 'EG62 6WU', 'coordinates': {'latitude': '-9.4394', 'longitude': '-96.9848'}, 'timezone': {'offset': '+1:00', 'description': 'Brussels, Copenhagen, Madrid, Paris'}}, 'email': 'christopher.rodriquez@example.com', 'login': {'uuid': '2c722019-7dda-4a02-bccc-2f42cc0836f1', 'username': 'smallrabbit258', 'password': 'shuttle', 'salt': 'DY1PNdjR', 'md5': '4ff627bc1704cc2547fc28fd2a55ddd7', 'sha1': 'dc8640593593644eeb01177541fafb3cfc2fb680', 'sha256': 'f6dc3e3d7874e7ecc24bbc332b4f298aa6f91ccf7f9ce1601eeabdb3e3a9096d'}, 'dob': {'date': '2000-02-03T12:51:56.624Z', 'age': 24}, 'registered': {'date': '2007-05-02T19:46:12.328Z', 'age': 17}, 'phone': '016974 79445', 'cell': '07624 655935', 'id': {'name': 'NINO', 'value': 'BS 67 71 03 L'}, 'picture': {'large': 'https://randomuser.me/api/portraits/men/14.jpg', 'medium': 'https://randomuser.me/api/portraits/med/men/14.jpg', 'thumbnail': 'https://randomuser.me/api/portraits/thumb/men/14.jpg'}, 'nat': 'GB'}</msg>
<arg>${json_data['results'][0]}</arg>
<doc>Logs the given message with the given level.</doc>
<status status="PASS" start="2024-07-02T23:14:17.401870" elapsed="0.000404"/>
</kw>
<kw name="Log" owner="BuiltIn">
<msg time="2024-07-02T23:14:17.402745" level="INFO">email</msg>
<arg>${key}</arg>
<doc>Logs the given message with the given level.</doc>
<status status="PASS" start="2024-07-02T23:14:17.402614" elapsed="0.000170"/>
</kw>
<var name="${key}">email</var>
<status status="PASS" start="2024-07-02T23:14:17.401189" elapsed="0.001819"/>
</iter>
<iter>
<kw name="Dictionary Should Contain Key" owner="Collections">
<arg>${json_data['results'][0]}</arg>
<arg>${key}</arg>
<doc>Fails if ``key`` is not found from ``dictionary``.</doc>
<status status="PASS" start="2024-07-02T23:14:17.403300" elapsed="0.000389"/>
</kw>
<kw name="Log" owner="BuiltIn">
<msg time="2024-07-02T23:14:17.404219" level="INFO">{'gender': 'male', 'name': {'title': 'Mr', 'first': 'Christopher', 'last': 'Rodriquez'}, 'location': {'street': {'number': 1685, 'name': 'Fairview Road'}, 'city': 'Bangor', 'state': 'Cleveland', 'country': 'United Kingdom', 'postcode': 'EG62 6WU', 'coordinates': {'latitude': '-9.4394', 'longitude': '-96.9848'}, 'timezone': {'offset': '+1:00', 'description': 'Brussels, Copenhagen, Madrid, Paris'}}, 'email': 'christopher.rodriquez@example.com', 'login': {'uuid': '2c722019-7dda-4a02-bccc-2f42cc0836f1', 'username': 'smallrabbit258', 'password': 'shuttle', 'salt': 'DY1PNdjR', 'md5': '4ff627bc1704cc2547fc28fd2a55ddd7', 'sha1': 'dc8640593593644eeb01177541fafb3cfc2fb680', 'sha256': 'f6dc3e3d7874e7ecc24bbc332b4f298aa6f91ccf7f9ce1601eeabdb3e3a9096d'}, 'dob': {'date': '2000-02-03T12:51:56.624Z', 'age': 24}, 'registered': {'date': '2007-05-02T19:46:12.328Z', 'age': 17}, 'phone': '016974 79445', 'cell': '07624 655935', 'id': {'name': 'NINO', 'value': 'BS 67 71 03 L'}, 'picture': {'large': 'https://randomuser.me/api/portraits/men/14.jpg', 'medium': 'https://randomuser.me/api/portraits/med/men/14.jpg', 'thumbnail': 'https://randomuser.me/api/portraits/thumb/men/14.jpg'}, 'nat': 'GB'}</msg>
<arg>${json_data['results'][0]}</arg>
<doc>Logs the given message with the given level.</doc>
<status status="PASS" start="2024-07-02T23:14:17.403872" elapsed="0.000395"/>
</kw>
<kw name="Log" owner="BuiltIn">
<msg time="2024-07-02T23:14:17.404687" level="INFO">login</msg>
<arg>${key}</arg>
<doc>Logs the given message with the given level.</doc>
<status status="PASS" start="2024-07-02T23:14:17.404560" elapsed="0.000173"/>
</kw>
<var name="${key}">login</var>
<status status="PASS" start="2024-07-02T23:14:17.403182" elapsed="0.001766"/>
</iter>
<var>${key}</var>
<value>@{expected_keys}</value>
<status status="PASS" start="2024-07-02T23:14:17.394981" elapsed="0.010113"/>
</for>
<kw name="Create List" owner="BuiltIn">
<msg time="2024-07-02T23:14:17.405433" level="INFO">${expected_keysTwo} = ['username', 'password']</msg>
<var>${expected_keysTwo}</var>
<arg>username</arg>
<arg>password</arg>
<doc>Returns a list containing given items.</doc>
<status status="PASS" start="2024-07-02T23:14:17.405292" elapsed="0.000166"/>
</kw>
<for flavor="IN">
<iter>
<kw name="Dictionary Should Contain Key" owner="Collections">
<arg>${json_data['results'][0]['login']}</arg>
<arg>${keyTwo}</arg>
<doc>Fails if ``key`` is not found from ``dictionary``.</doc>
<status status="PASS" start="2024-07-02T23:14:17.405959" elapsed="0.000386"/>
</kw>
<kw name="Dictionary Should Contain Key" owner="Collections">
<arg>${json_data['results'][0]['login']}</arg>
<arg>${keyTwo}</arg>
<doc>Fails if ``key`` is not found from ``dictionary``.</doc>
<status status="PASS" start="2024-07-02T23:14:17.406560" elapsed="0.000408"/>
</kw>
<kw name="Log" owner="BuiltIn">
<msg time="2024-07-02T23:14:17.407274" level="INFO">username</msg>
<arg>${keyTwo}</arg>
<doc>Logs the given message with the given level.</doc>
<status status="PASS" start="2024-07-02T23:14:17.407152" elapsed="0.000160"/>
</kw>
<var name="${keyTwo}">username</var>
<status status="PASS" start="2024-07-02T23:14:17.405852" elapsed="0.001682"/>
</iter>
<iter>
<kw name="Dictionary Should Contain Key" owner="Collections">
<arg>${json_data['results'][0]['login']}</arg>
<arg>${keyTwo}</arg>
<doc>Fails if ``key`` is not found from ``dictionary``.</doc>
<status status="PASS" start="2024-07-02T23:14:17.407813" elapsed="0.000386"/>
</kw>
<kw name="Dictionary Should Contain Key" owner="Collections">
<arg>${json_data['results'][0]['login']}</arg>
<arg>${keyTwo}</arg>
<doc>Fails if ``key`` is not found from ``dictionary``.</doc>
<status status="PASS" start="2024-07-02T23:14:17.408379" elapsed="0.000368"/>
</kw>
<kw name="Log" owner="BuiltIn">
<msg time="2024-07-02T23:14:17.409041" level="INFO">password</msg>
<arg>${keyTwo}</arg>
<doc>Logs the given message with the given level.</doc>
<status status="PASS" start="2024-07-02T23:14:17.408924" elapsed="0.000160"/>
</kw>
<var name="${keyTwo}">password</var>
<status status="PASS" start="2024-07-02T23:14:17.407706" elapsed="0.001691"/>
</iter>
<var>${keyTwo}</var>
<value>@{expected_keysTwo}</value>
<status status="PASS" start="2024-07-02T23:14:17.405700" elapsed="0.003819"/>
</for>
<status status="PASS" start="2024-07-02T23:14:17.299366" elapsed="0.110293"/>
</kw>
<doc>Testa a estrutura da resposta da API.</doc>
<tag>testeEstruturaResposta</tag>
<status status="PASS" start="2024-07-02T23:14:17.298828" elapsed="0.110981"/>
</test>
<test id="s1-s1-t4" name="Validar tipos de dados" line="28">
<kw name="Teste de Tipos de Dados" owner="random-user-service">
<kw name="GET On Session" owner="RequestsLibrary">
<msg time="2024-07-02T23:14:17.498947" level="INFO">GET Request : url=https://randomuser.me/api 
 path_url=/api 
 headers={'User-Agent': 'python-requests/2.32.3', 'Accept-Encoding': 'gzip, deflate', 'Accept': '*/*', 'Connection': 'keep-alive'} 
 body=None 
 </msg>
<msg time="2024-07-02T23:14:17.499031" level="INFO">GET Response : url=https://randomuser.me/api 
 status=200, reason=OK 
 headers={'Date': 'Tue, 02 Jul 2024 23:14:17 GMT', 'Content-Type': 'application/json; charset=utf-8', 'Transfer-Encoding': 'chunked', 'Connection': 'keep-alive', 'X-Powered-By': 'Express', 'Access-Control-Allow-Origin': '*', 'Cache-Control': 'no-cache', 'ETag': 'W/"487-dmVmMK17prS02TjENWZXqmtFTZQ"', 'Vary': 'Accept-Encoding', 'Content-Encoding': 'gzip', 'CF-Cache-Status': 'DYNAMIC', 'Report-To': '{"endpoints":[{"url":"https:\\/\\/a.nel.cloudflare.com\\/report\\/v4?s=2C5Rx1gvX1ME14zDLaIxoBPKPa4rlDyYScWio3AUSuvQlTd3k1UJ68yMwi65bttzMrqm1t8hNMUSUSpxoI2k%2F%2Bu%2FPcabwedSrde3%2BZ3STc3eXG1ywLP0I4SVVK%2FWfNPq"}],"group":"cf-nel","max_age":604800}', 'NEL': '{"success_fraction":0,"report_to":"cf-nel","max_age":604800}', 'Server': 'cloudflare', 'CF-RAY': '89d254cadad5c599-IAD', 'alt-svc': 'h3=":443"; ma=86400'} 
 body={"results":[{"gender":"female","name":{"title":"Mrs","first":"Louise","last":"Ferguson"},"location":{"street":{"number":2499,"name":"Mill Lane"},"city":"Tullamore","state":"Louth","country":"Ireland","postcode":34668,"coordinates":{"latitude":"1.8990","longitude":"96.9439"},"timezone":{"offset":"-1:00","description":"Azores, Cape Verde Islands"}},"email":"louise.ferguson@example.com","login":{"uuid":"a36636e9-48bc-4d68-ab56-e9c8fb0919fa","username":"happytiger646","password":"dutchess","salt":"IRY2zFOR","md5":"1f7eb4eb06de167a39390b6f7bb9b1e1","sha1":"e9662d7b4cac85e56cf5c81aaddbf8b17002e99f","sha256":"d01259eaee637bbb4246afd924110906face8deb6b54f4edbf8a9ebc06b77c8f"},"dob":{"date":"1988-01-08T02:49:23.801Z","age":36},"registered":{"date":"2012-11-18T14:57:33.288Z","age":11},"phone":"051-061-5960","cell":"081-924-7759","id":{"name":"PPS","value":"3537986T"},"picture":{"large":"https://randomuser.me/api/portraits/women/91.jpg","medium":"https://randomuser.me/api/portraits/med/women/91.jpg","thumbnail":"https://randomuser.me/api/portraits/thumb/women/91.jpg"},"nat":"IE"}],"info":{"seed":"7bc3d5cfa5b216ad","results":1,"page":1,"version":"1.4"}} 
 </msg>
<msg time="2024-07-02T23:14:17.499105" level="INFO">/opt/hostedtoolcache/Python/3.12.4/x64/lib/python3.12/site-packages/urllib3/connectionpool.py:1099: InsecureRequestWarning: Unverified HTTPS request is being made to host 'randomuser.me'. Adding certificate verification is strongly advised. See: https://urllib3.readthedocs.io/en/latest/advanced-usage.html#tls-warnings
  warnings.warn(</msg>
<msg time="2024-07-02T23:14:17.499215" level="INFO">${response} = &lt;Response [200]&gt;</msg>
<var>${response}</var>
<arg>consultarAPI</arg>
<arg>/api</arg>
<doc>Sends a GET request on a previously created HTTP Session.</doc>
<status status="PASS" start="2024-07-02T23:14:17.412313" elapsed="0.086942"/>
</kw>
<kw name="Set Variable" owner="BuiltIn">
<msg time="2024-07-02T23:14:17.500125" level="INFO">${json_data} = {'results': [{'gender': 'female', 'name': {'title': 'Mrs', 'first': 'Louise', 'last': 'Ferguson'}, 'location': {'street': {'number': 2499, 'name': 'Mill Lane'}, 'city': 'Tullamore', 'state': 'Louth', ...</msg>
<var>${json_data}</var>
<arg>${response.json()}</arg>
<doc>Returns the given values which can then be assigned to a variables.</doc>
<status status="PASS" start="2024-07-02T23:14:17.499683" elapsed="0.000470"/>
</kw>
<kw name="Log" owner="BuiltIn">
<msg time="2024-07-02T23:14:17.500619" level="INFO">{'results': [{'gender': 'female', 'name': {'title': 'Mrs', 'first': 'Louise', 'last': 'Ferguson'}, 'location': {'street': {'number': 2499, 'name': 'Mill Lane'}, 'city': 'Tullamore', 'state': 'Louth', 'country': 'Ireland', 'postcode': 34668, 'coordinates': {'latitude': '1.8990', 'longitude': '96.9439'}, 'timezone': {'offset': '-1:00', 'description': 'Azores, Cape Verde Islands'}}, 'email': 'louise.ferguson@example.com', 'login': {'uuid': 'a36636e9-48bc-4d68-ab56-e9c8fb0919fa', 'username': 'happytiger646', 'password': 'dutchess', 'salt': 'IRY2zFOR', 'md5': '1f7eb4eb06de167a39390b6f7bb9b1e1', 'sha1': 'e9662d7b4cac85e56cf5c81aaddbf8b17002e99f', 'sha256': 'd01259eaee637bbb4246afd924110906face8deb6b54f4edbf8a9ebc06b77c8f'}, 'dob': {'date': '1988-01-08T02:49:23.801Z', 'age': 36}, 'registered': {'date': '2012-11-18T14:57:33.288Z', 'age': 11}, 'phone': '051-061-5960', 'cell': '081-924-7759', 'id': {'name': 'PPS', 'value': '3537986T'}, 'picture': {'large': 'https://randomuser.me/api/portraits/women/91.jpg', 'medium': 'https://randomuser.me/api/portraits/med/women/91.jpg', 'thumbnail': 'https://randomuser.me/api/portraits/thumb/women/91.jpg'}, 'nat': 'IE'}], 'info': {'seed': '7bc3d5cfa5b216ad', 'results': 1, 'page': 1, 'version': '1.4'}}</msg>
<arg>${json_data}</arg>
<doc>Logs the given message with the given level.</doc>
<status status="PASS" start="2024-07-02T23:14:17.500465" elapsed="0.000203"/>
</kw>
<kw name="Should Be String" owner="String">
<arg>${json_data['results'][0]['gender']}</arg>
<doc>Fails if the given ``item`` is not a string.</doc>
<status status="PASS" start="2024-07-02T23:14:17.500974" elapsed="0.000390"/>
</kw>
<kw name="Should Match Regexp" owner="BuiltIn">
<arg>${json_data['results'][0]['email']}</arg>
<arg>^[a-zA-Z0-9._%+-]+@[a-zA-Z0-9.-]+\.[a-zA-Z]{2,}$</arg>
<doc>Fails if ``string`` does not match ``pattern`` as a regular expression.</doc>
<status status="PASS" start="2024-07-02T23:14:17.501574" elapsed="0.000512"/>
</kw>
<kw name="Should Match Regexp" owner="BuiltIn">
<arg>${json_data['results'][0]['dob']['date']}</arg>
<arg>\\d{4}-\\d{2}-\\d{2}T\\d{2}:\\d{2}:\\d{2}\\.\\d{3}Z</arg>
<doc>Fails if ``string`` does not match ``pattern`` as a regular expression.</doc>
<status status="PASS" start="2024-07-02T23:14:17.502277" elapsed="0.000525"/>
</kw>
<kw name="Should Match Regexp" owner="BuiltIn">
<arg>${json_data['results'][0]['registered']['date']}</arg>
<arg>\\d{4}-\\d{2}-\\d{2}T\\d{2}:\\d{2}:\\d{2}\\.\\d{3}Z</arg>
<doc>Fails if ``string`` does not match ``pattern`` as a regular expression.</doc>
<status status="PASS" start="2024-07-02T23:14:17.502992" elapsed="0.000370"/>
</kw>
<kw name="Should Match Regexp" owner="BuiltIn">
<arg>${json_data['results'][0]['picture']['large']}</arg>
<arg>^https?://.*\.(?:png|jpe?g|gif|bmp)$</arg>
<doc>Fails if ``string`` does not match ``pattern`` as a regular expression.</doc>
<status status="PASS" start="2024-07-02T23:14:17.503542" elapsed="0.000449"/>
</kw>
<kw name="Should Match Regexp" owner="BuiltIn">
<arg>${json_data['results'][0]['picture']['medium']}</arg>
<arg>^https?://.*\.(?:png|jpe?g|gif|bmp)$</arg>
<doc>Fails if ``string`` does not match ``pattern`` as a regular expression.</doc>
<status status="PASS" start="2024-07-02T23:14:17.504175" elapsed="0.000347"/>
</kw>
<kw name="Should Match Regexp" owner="BuiltIn">
<arg>${json_data['results'][0]['picture']['thumbnail']}</arg>
<arg>^https?://.*\.(?:png|jpe?g|gif|bmp)$</arg>
<doc>Fails if ``string`` does not match ``pattern`` as a regular expression.</doc>
<status status="PASS" start="2024-07-02T23:14:17.504702" elapsed="0.000344"/>
</kw>
<kw name="Log" owner="BuiltIn">
<msg time="2024-07-02T23:14:17.505565" level="INFO">{'large': 'https://randomuser.me/api/portraits/women/91.jpg', 'medium': 'https://randomuser.me/api/portraits/med/women/91.jpg', 'thumbnail': 'https://randomuser.me/api/portraits/thumb/women/91.jpg'}</msg>
<arg>${json_data['results'][0]['picture']}</arg>
<doc>Logs the given message with the given level.</doc>
<status status="PASS" start="2024-07-02T23:14:17.505238" elapsed="0.000371"/>
</kw>
<status status="PASS" start="2024-07-02T23:14:17.412093" elapsed="0.093773"/>
</kw>
<kw name="Teste de Tipos de Dados - Postcode" owner="random-user-service">
<kw name="GET On Session" owner="RequestsLibrary">
<msg time="2024-07-02T23:14:17.645608" level="INFO">GET Request : url=https://randomuser.me/api 
 path_url=/api 
 headers={'User-Agent': 'python-requests/2.32.3', 'Accept-Encoding': 'gzip, deflate', 'Accept': '*/*', 'Connection': 'keep-alive'} 
 body=None 
 </msg>
<msg time="2024-07-02T23:14:17.645701" level="INFO">GET Response : url=https://randomuser.me/api 
 status=200, reason=OK 
 headers={'Date': 'Tue, 02 Jul 2024 23:14:17 GMT', 'Content-Type': 'application/json; charset=utf-8', 'Transfer-Encoding': 'chunked', 'Connection': 'keep-alive', 'X-Powered-By': 'Express', 'Access-Control-Allow-Origin': '*', 'Cache-Control': 'no-cache', 'ETag': 'W/"491-3TaPHfbjPV5aVX5o8he+uaofJT4"', 'Vary': 'Accept-Encoding', 'Content-Encoding': 'gzip', 'CF-Cache-Status': 'DYNAMIC', 'Report-To': '{"endpoints":[{"url":"https:\\/\\/a.nel.cloudflare.com\\/report\\/v4?s=HmlIaWIaQCPJdQKYt32bIRcD8q39v6s8Oq5OcGgMJJfjXhCLh5WHLZZeX6jcPbBRmDd7dBkjoBA1kyzQWN%2FtyVC%2BTLKu9zI3ZrRqPPM8gbXc5owqwNtxUOm0WCp6hrCg"}],"group":"cf-nel","max_age":604800}', 'NEL': '{"success_fraction":0,"report_to":"cf-nel","max_age":604800}', 'Server': 'cloudflare', 'CF-RAY': '89d254cb6b89c599-IAD', 'alt-svc': 'h3=":443"; ma=86400'} 
 body={"results":[{"gender":"male","name":{"title":"Mr","first":"Nakul","last":"Mathew"},"location":{"street":{"number":4566,"name":"Jagadamba Centre"},"city":"Bhilwara","state":"Madhya Pradesh","country":"India","postcode":56338,"coordinates":{"latitude":"8.6254","longitude":"-64.5361"},"timezone":{"offset":"-6:00","description":"Central Time (US &amp; Canada), Mexico City"}},"email":"nakul.mathew@example.com","login":{"uuid":"a8375288-b23a-4691-8ff5-76e97e2db038","username":"yellowgoose499","password":"zoom","salt":"RjoMxJeY","md5":"d150db6577979352ab34c46f5a6d1e31","sha1":"d741ea9ecda82e11d36e2d2e5e6062423a1cae6b","sha256":"e43ac834ca739a8544e45d8169511aef59f0644320820df75cf235559bfba414"},"dob":{"date":"1969-02-17T14:45:34.359Z","age":55},"registered":{"date":"2020-01-08T08:20:54.940Z","age":4},"phone":"8818601529","cell":"8809032701","id":{"name":"UIDAI","value":"174673623897"},"picture":{"large":"https://randomuser.me/api/portraits/men/58.jpg","medium":"https://randomuser.me/api/portraits/med/men/58.jpg","thumbnail":"https://randomuser.me/api/portraits/thumb/men/58.jpg"},"nat":"IN"}],"info":{"seed":"870516f722419c93","results":1,"page":1,"version":"1.4"}} 
 </msg>
<msg time="2024-07-02T23:14:17.645782" level="INFO">/opt/hostedtoolcache/Python/3.12.4/x64/lib/python3.12/site-packages/urllib3/connectionpool.py:1099: InsecureRequestWarning: Unverified HTTPS request is being made to host 'randomuser.me'. Adding certificate verification is strongly advised. See: https://urllib3.readthedocs.io/en/latest/advanced-usage.html#tls-warnings
  warnings.warn(</msg>
<msg time="2024-07-02T23:14:17.645891" level="INFO">${response} = &lt;Response [200]&gt;</msg>
<var>${response}</var>
<arg>consultarAPI</arg>
<arg>/api</arg>
<doc>Sends a GET request on a previously created HTTP Session.</doc>
<status status="PASS" start="2024-07-02T23:14:17.506295" elapsed="0.139633"/>
</kw>
<kw name="Set Variable" owner="BuiltIn">
<msg time="2024-07-02T23:14:17.647001" level="INFO">${json_data} = {'results': [{'gender': 'male', 'name': {'title': 'Mr', 'first': 'Nakul', 'last': 'Mathew'}, 'location': {'street': {'number': 4566, 'name': 'Jagadamba Centre'}, 'city': 'Bhilwara', 'state': 'Madhya P...</msg>
<var>${json_data}</var>
<arg>${response.json()}</arg>
<doc>Returns the given values which can then be assigned to a variables.</doc>
<status status="PASS" start="2024-07-02T23:14:17.646442" elapsed="0.000588"/>
</kw>
<kw name="Log" owner="BuiltIn">
<msg time="2024-07-02T23:14:17.647505" level="INFO">{'results': [{'gender': 'male', 'name': {'title': 'Mr', 'first': 'Nakul', 'last': 'Mathew'}, 'location': {'street': {'number': 4566, 'name': 'Jagadamba Centre'}, 'city': 'Bhilwara', 'state': 'Madhya Pradesh', 'country': 'India', 'postcode': 56338, 'coordinates': {'latitude': '8.6254', 'longitude': '-64.5361'}, 'timezone': {'offset': '-6:00', 'description': 'Central Time (US &amp; Canada), Mexico City'}}, 'email': 'nakul.mathew@example.com', 'login': {'uuid': 'a8375288-b23a-4691-8ff5-76e97e2db038', 'username': 'yellowgoose499', 'password': 'zoom', 'salt': 'RjoMxJeY', 'md5': 'd150db6577979352ab34c46f5a6d1e31', 'sha1': 'd741ea9ecda82e11d36e2d2e5e6062423a1cae6b', 'sha256': 'e43ac834ca739a8544e45d8169511aef59f0644320820df75cf235559bfba414'}, 'dob': {'date': '1969-02-17T14:45:34.359Z', 'age': 55}, 'registered': {'date': '2020-01-08T08:20:54.940Z', 'age': 4}, 'phone': '8818601529', 'cell': '8809032701', 'id': {'name': 'UIDAI', 'value': '174673623897'}, 'picture': {'large': 'https://randomuser.me/api/portraits/men/58.jpg', 'medium': 'https://randomuser.me/api/portraits/med/men/58.jpg', 'thumbnail': 'https://randomuser.me/api/portraits/thumb/men/58.jpg'}, 'nat': 'IN'}], 'info': {'seed': '870516f722419c93', 'results': 1, 'page': 1, 'version': '1.4'}}</msg>
<arg>${json_data}</arg>
<doc>Logs the given message with the given level.</doc>
<status status="PASS" start="2024-07-02T23:14:17.647346" elapsed="0.000207"/>
</kw>
<kw name="Should Be Equal As Numbers" owner="BuiltIn">
<arg>${json_data['results'][0]['location']['postcode']}</arg>
<arg>${json_data['results'][0]['location']['postcode']}</arg>
<doc>Fails if objects are unequal after converting them to real numbers.</doc>
<status status="PASS" start="2024-07-02T23:14:17.647844" elapsed="0.000627"/>
</kw>
<kw name="Log" owner="BuiltIn">
<msg time="2024-07-02T23:14:17.649197" level="INFO">56338</msg>
<arg>${json_data['results'][0]['location']['postcode']}</arg>
<doc>Logs the given message with the given level.</doc>
<status status="PASS" start="2024-07-02T23:14:17.648697" elapsed="0.000541"/>
</kw>
<status status="PASS" start="2024-07-02T23:14:17.506079" elapsed="0.143418"/>
</kw>
<doc>Testa se os tipos de dados na resposta da API estão corretos.</doc>
<tag>testeTiposDados</tag>
<status status="PASS" start="2024-07-02T23:14:17.411647" elapsed="0.238016"/>
</test>
<test id="s1-s1-t5" name="Validar conteudo" line="35">
<kw name="Teste de Tipos de Conteudo" owner="random-user-service">
<kw name="GET On Session" owner="RequestsLibrary">
<msg time="2024-07-02T23:14:17.694646" level="INFO">GET Request : url=https://randomuser.me/api 
 path_url=/api 
 headers={'User-Agent': 'python-requests/2.32.3', 'Accept-Encoding': 'gzip, deflate', 'Accept': '*/*', 'Connection': 'keep-alive'} 
 body=None 
 </msg>
<msg time="2024-07-02T23:14:17.694730" level="INFO">GET Response : url=https://randomuser.me/api 
 status=200, reason=OK 
 headers={'Date': 'Tue, 02 Jul 2024 23:14:17 GMT', 'Content-Type': 'application/json; charset=utf-8', 'Transfer-Encoding': 'chunked', 'Connection': 'keep-alive', 'X-Powered-By': 'Express', 'Access-Control-Allow-Origin': '*', 'Cache-Control': 'no-cache', 'ETag': 'W/"484-Md8iWZbOlN9+/8bQAjMZlvW4R9c"', 'Vary': 'Accept-Encoding', 'Content-Encoding': 'gzip', 'CF-Cache-Status': 'DYNAMIC', 'Report-To': '{"endpoints":[{"url":"https:\\/\\/a.nel.cloudflare.com\\/report\\/v4?s=UcILVof7Y33yulmE6grxkTuOoXiVTusluf18PxCaPVRZtZ%2BwdfYYjqp2AfTHIxYa%2BFknni9X9MlxAEXqdDHTEwuK1l7K5zPVDUSHz%2F82Z%2FyVMpJqu7VMQeOGrOxDykEk"}],"group":"cf-nel","max_age":604800}', 'NEL': '{"success_fraction":0,"report_to":"cf-nel","max_age":604800}', 'Server': 'cloudflare', 'CF-RAY': '89d254cc5cb0c599-IAD', 'alt-svc': 'h3=":443"; ma=86400'} 
 body={"results":[{"gender":"female","name":{"title":"Ms","first":"Neysa","last":"Kulkarni"},"location":{"street":{"number":9818,"name":"Mall Rd"},"city":"Mysore","state":"Goa","country":"India","postcode":40633,"coordinates":{"latitude":"12.2519","longitude":"146.1830"},"timezone":{"offset":"-7:00","description":"Mountain Time (US &amp; Canada)"}},"email":"neysa.kulkarni@example.com","login":{"uuid":"77d2f7a4-5aef-43de-877d-6b61f814a1f9","username":"ticklishgorilla768","password":"jubilee","salt":"O57mZ6WD","md5":"add643228eddc3ee412935be58006673","sha1":"fc90e4bf8666efb177c74e8e6010b494cc0d36fe","sha256":"74dd360700afd06018a5d0cb2d382f136f0690126b822ab8ef9e6a3075fa37ab"},"dob":{"date":"1967-01-06T10:23:27.671Z","age":57},"registered":{"date":"2003-10-19T06:45:38.583Z","age":20},"phone":"8036095741","cell":"9598432929","id":{"name":"UIDAI","value":"809975518668"},"picture":{"large":"https://randomuser.me/api/portraits/women/95.jpg","medium":"https://randomuser.me/api/portraits/med/women/95.jpg","thumbnail":"https://randomuser.me/api/portraits/thumb/women/95.jpg"},"nat":"IN"}],"info":{"seed":"8563702692c83653","results":1,"page":1,"version":"1.4"}} 
 </msg>
<msg time="2024-07-02T23:14:17.694808" level="INFO">/opt/hostedtoolcache/Python/3.12.4/x64/lib/python3.12/site-packages/urllib3/connectionpool.py:1099: InsecureRequestWarning: Unverified HTTPS request is being made to host 'randomuser.me'. Adding certificate verification is strongly advised. See: https://urllib3.readthedocs.io/en/latest/advanced-usage.html#tls-warnings
  warnings.warn(</msg>
<msg time="2024-07-02T23:14:17.694902" level="INFO">${response} = &lt;Response [200]&gt;</msg>
<var>${response}</var>
<arg>consultarAPI</arg>
<arg>/api</arg>
<doc>Sends a GET request on a previously created HTTP Session.</doc>
<status status="PASS" start="2024-07-02T23:14:17.652506" elapsed="0.042427"/>
</kw>
<kw name="Set Variable" owner="BuiltIn">
<msg time="2024-07-02T23:14:17.695778" level="INFO">${json_data} = {'results': [{'gender': 'female', 'name': {'title': 'Ms', 'first': 'Neysa', 'last': 'Kulkarni'}, 'location': {'street': {'number': 9818, 'name': 'Mall Rd'}, 'city': 'Mysore', 'state': 'Goa', 'country'...</msg>
<var>${json_data}</var>
<arg>${response.json()}</arg>
<doc>Returns the given values which can then be assigned to a variables.</doc>
<status status="PASS" start="2024-07-02T23:14:17.695323" elapsed="0.000483"/>
</kw>
<kw name="Set Variable" owner="BuiltIn">
<msg time="2024-07-02T23:14:17.696491" level="INFO">${name_title} = Ms</msg>
<var>${name_title}</var>
<arg>${json_data["results"][0]["name"]["title"]}</arg>
<doc>Returns the given values which can then be assigned to a variables.</doc>
<status status="PASS" start="2024-07-02T23:14:17.696110" elapsed="0.000406"/>
</kw>
<kw name="Create List" owner="BuiltIn">
<msg time="2024-07-02T23:14:17.696968" level="INFO">${allowed_titles} = ['Mr', 'Ms', 'Miss', 'Mrs', 'Madame', 'Monsieur']</msg>
<var>${allowed_titles}</var>
<arg>Mr</arg>
<arg>Ms</arg>
<arg>Miss</arg>
<arg>Mrs</arg>
<arg>Madame</arg>
<arg>Monsieur</arg>
<doc>Returns a list containing given items.</doc>
<status status="PASS" start="2024-07-02T23:14:17.696819" elapsed="0.000173"/>
</kw>
<kw name="List Should Contain Value" owner="Collections">
<arg>${allowed_titles}</arg>
<arg>${name_title}</arg>
<doc>Fails if the ``value`` is not found from ``list``.</doc>
<status status="PASS" start="2024-07-02T23:14:17.697294" elapsed="0.000178"/>
</kw>
<kw name="Set Variable" owner="BuiltIn">
<msg time="2024-07-02T23:14:17.698033" level="INFO">${name_country} = IN</msg>
<var>${name_country}</var>
<arg>${json_data["results"][0]["nat"]}</arg>
<doc>Returns the given values which can then be assigned to a variables.</doc>
<status status="PASS" start="2024-07-02T23:14:17.697659" elapsed="0.000399"/>
</kw>
<kw name="Create List" owner="BuiltIn">
<msg time="2024-07-02T23:14:17.698988" level="INFO">${list_country} = ['AD', 'AE', 'AF', 'AG', 'AI', 'AL', 'AM', 'AO', 'AQ', 'AR', 'AS', 'AT', 'AU', 'AW', 'AX', 'AZ', 'BA', 'BB', 'BD', 'BE', 'BF', 'BG', 'BH', 'BI', 'BJ', 'BL', 'BM', 'BN', 'BO', 'BQ', 'BR', 'BS', 'BT', '...</msg>
<var>${list_country}</var>
<arg>AD</arg>
<arg>AE</arg>
<arg>AF</arg>
<arg>AG</arg>
<arg>AI</arg>
<arg>AL</arg>
<arg>AM</arg>
<arg>AO</arg>
<arg>AQ</arg>
<arg>AR</arg>
<arg>AS</arg>
<arg>AT</arg>
<arg>AU</arg>
<arg>AW</arg>
<arg>AX</arg>
<arg>AZ</arg>
<arg>BA</arg>
<arg>BB</arg>
<arg>BD</arg>
<arg>BE</arg>
<arg>BF</arg>
<arg>BG</arg>
<arg>BH</arg>
<arg>BI</arg>
<arg>BJ</arg>
<arg>BL</arg>
<arg>BM</arg>
<arg>BN</arg>
<arg>BO</arg>
<arg>BQ</arg>
<arg>BR</arg>
<arg>BS</arg>
<arg>BT</arg>
<arg>BV</arg>
<arg>BW</arg>
<arg>BY</arg>
<arg>BZ</arg>
<arg>CA</arg>
<arg>CC</arg>
<arg>CD</arg>
<arg>CF</arg>
<arg>CG</arg>
<arg>CH</arg>
<arg>CI</arg>
<arg>CK</arg>
<arg>CL</arg>
<arg>CM</arg>
<arg>CN</arg>
<arg>CO</arg>
<arg>CR</arg>
<arg>CU</arg>
<arg>CV</arg>
<arg>CW</arg>
<arg>CX</arg>
<arg>CY</arg>
<arg>CZ</arg>
<arg>DE</arg>
<arg>DJ</arg>
<arg>DK</arg>
<arg>DM</arg>
<arg>DO</arg>
<arg>DZ</arg>
<arg>EC</arg>
<arg>EE</arg>
<arg>EG</arg>
<arg>EH</arg>
<arg>ER</arg>
<arg>ES</arg>
<arg>ET</arg>
<arg>FI</arg>
<arg>FJ</arg>
<arg>FK</arg>
<arg>FM</arg>
<arg>FO</arg>
<arg>FR</arg>
<arg>GA</arg>
<arg>GB</arg>
<arg>GD</arg>
<arg>GE</arg>
<arg>GF</arg>
<arg>GG</arg>
<arg>GH</arg>
<arg>GI</arg>
<arg>GL</arg>
<arg>GM</arg>
<arg>GN</arg>
<arg>GP</arg>
<arg>GQ</arg>
<arg>GR</arg>
<arg>GS</arg>
<arg>GT</arg>
<arg>GU</arg>
<arg>GW</arg>
<arg>GY</arg>
<arg>HK</arg>
<arg>HM</arg>
<arg>HN</arg>
<arg>HR</arg>
<arg>HT</arg>
<arg>HU</arg>
<arg>ID</arg>
<arg>IE</arg>
<arg>IL</arg>
<arg>IM</arg>
<arg>IN</arg>
<arg>IO</arg>
<arg>IQ</arg>
<arg>IR</arg>
<arg>IS</arg>
<arg>IT</arg>
<arg>JE</arg>
<arg>JM</arg>
<arg>JO</arg>
<arg>JP</arg>
<arg>KE</arg>
<arg>KG</arg>
<arg>KH</arg>
<arg>KI</arg>
<arg>KM</arg>
<arg>KN</arg>
<arg>KP</arg>
<arg>KR</arg>
<arg>KW</arg>
<arg>KY</arg>
<arg>KZ</arg>
<arg>LA</arg>
<arg>LB</arg>
<arg>LC</arg>
<arg>LI</arg>
<arg>LK</arg>
<arg>LR</arg>
<arg>LS</arg>
<arg>LT</arg>
<arg>LU</arg>
<arg>LV</arg>
<arg>LY</arg>
<arg>MA</arg>
<arg>MC</arg>
<arg>MD</arg>
<arg>ME</arg>
<arg>MF</arg>
<arg>MG</arg>
<arg>MH</arg>
<arg>MK</arg>
<arg>ML</arg>
<arg>MM</arg>
<arg>MN</arg>
<arg>MO</arg>
<arg>MP</arg>
<arg>MQ</arg>
<arg>MR</arg>
<arg>MS</arg>
<arg>MT</arg>
<arg>MU</arg>
<arg>MV</arg>
<arg>MW</arg>
<arg>MX</arg>
<arg>MY</arg>
<arg>MZ</arg>
<arg>NA</arg>
<arg>NC</arg>
<arg>NE</arg>
<arg>NF</arg>
<arg>NG</arg>
<arg>NI</arg>
<arg>NL</arg>
<arg>NO</arg>
<arg>NP</arg>
<arg>NR</arg>
<arg>NU</arg>
<arg>NZ</arg>
<arg>OM</arg>
<arg>PA</arg>
<arg>PE</arg>
<arg>PF</arg>
<arg>PG</arg>
<arg>PH</arg>
<arg>PK</arg>
<arg>PL</arg>
<arg>PM</arg>
<arg>PN</arg>
<arg>PR</arg>
<arg>PS</arg>
<arg>PT</arg>
<arg>PW</arg>
<arg>PY</arg>
<arg>QA</arg>
<arg>RE</arg>
<arg>RO</arg>
<arg>RS</arg>
<arg>RU</arg>
<arg>RW</arg>
<arg>SA</arg>
<arg>SB</arg>
<arg>SC</arg>
<arg>SD</arg>
<arg>SE</arg>
<arg>SG</arg>
<arg>SH</arg>
<arg>SI</arg>
<arg>SJ</arg>
<arg>SK</arg>
<arg>SL</arg>
<arg>SM</arg>
<arg>SN</arg>
<arg>SO</arg>
<arg>SR</arg>
<arg>SS</arg>
<arg>ST</arg>
<arg>SV</arg>
<arg>SX</arg>
<arg>SY</arg>
<arg>SZ</arg>
<arg>TC</arg>
<arg>TD</arg>
<arg>TF</arg>
<arg>TG</arg>
<arg>TH</arg>
<arg>TJ</arg>
<arg>TK</arg>
<arg>TL</arg>
<arg>TM</arg>
<arg>TN</arg>
<arg>TO</arg>
<arg>TR</arg>
<arg>TT</arg>
<arg>TV</arg>
<arg>TW</arg>
<arg>TZ</arg>
<arg>UA</arg>
<arg>UG</arg>
<arg>UM</arg>
<arg>US</arg>
<arg>UY</arg>
<arg>UZ</arg>
<arg>VA</arg>
<arg>VC</arg>
<arg>VE</arg>
<arg>VG</arg>
<arg>VI</arg>
<arg>VN</arg>
<arg>VU</arg>
<arg>WF</arg>
<arg>WS</arg>
<arg>XK</arg>
<arg>YE</arg>
<arg>YT</arg>
<arg>ZA</arg>
<arg>ZM</arg>
<arg>ZW</arg>
<doc>Returns a list containing given items.</doc>
<status status="PASS" start="2024-07-02T23:14:17.698348" elapsed="0.000667"/>
</kw>
<kw name="List Should Contain Value" owner="Collections">
<arg>${list_country}</arg>
<arg>${name_country}</arg>
<doc>Fails if the ``value`` is not found from ``list``.</doc>
<status status="PASS" start="2024-07-02T23:14:17.699811" elapsed="0.000202"/>
</kw>
<kw name="Run Keyword If" owner="BuiltIn">
<kw name="Should Be True" owner="BuiltIn">
<arg>${True}</arg>
<doc>Fails if the given condition is not true.</doc>
<status status="PASS" start="2024-07-02T23:14:17.700945" elapsed="0.000140"/>
</kw>
<arg>${json_data["results"][0]["location"]["coordinates"]["latitude"]} &gt;= -90 and ${json_data["results"][0]["location"]["coordinates"]["latitude"]} &lt;= 90</arg>
<arg>Should Be True</arg>
<arg>${True}</arg>
<doc>Runs the given keyword with the given arguments, if ``condition`` is true.</doc>
<status status="PASS" start="2024-07-02T23:14:17.700205" elapsed="0.001003"/>
</kw>
<kw name="Run Keyword If" owner="BuiltIn">
<kw name="Should Be True" owner="BuiltIn">
<arg>${True}</arg>
<doc>Fails if the given condition is not true.</doc>
<status status="PASS" start="2024-07-02T23:14:17.702078" elapsed="0.000231"/>
</kw>
<arg>${json_data["results"][0]["location"]["coordinates"]["longitude"]} &gt;= -180 and ${json_data["results"][0]["location"]["coordinates"]["longitude"]} &lt;= 180</arg>
<arg>Should Be True</arg>
<arg>${True}</arg>
<doc>Runs the given keyword with the given arguments, if ``condition`` is true.</doc>
<status status="PASS" start="2024-07-02T23:14:17.701386" elapsed="0.001050"/>
</kw>
<status status="PASS" start="2024-07-02T23:14:17.652130" elapsed="0.050481"/>
</kw>
<doc>Testa o conteúdo específico dos campos retornados pela API.</doc>
<tag>testeConteudo</tag>
<status status="PASS" start="2024-07-02T23:14:17.651469" elapsed="0.051296"/>
</test>
<status status="PASS" start="2024-07-02T23:14:16.865645" elapsed="0.839030"/>
</suite>
<status status="PASS" start="2024-07-02T23:14:16.850912" elapsed="0.858788"/>
</suite>
<statistics>
<total>
<stat pass="5" fail="0" skip="0">All Tests</stat>
</total>
<tag>
<stat pass="1" fail="0" skip="0">testeConteudo</stat>
<stat pass="1" fail="0" skip="0">testeEstruturaResposta</stat>
<stat pass="1" fail="0" skip="0">testeRequisicaoBasica</stat>
<stat pass="1" fail="0" skip="0">testeTiposDados</stat>
</tag>
<suite>
<stat pass="5" fail="0" skip="0" id="s1" name="Tests">Tests</stat>
<stat pass="5" fail="0" skip="0" id="s1-s1" name="Random-User-Test">Tests.Random-User-Test</stat>
</suite>
</statistics>
<errors>
</errors>
</robot>
