<?xml version="1.0" encoding="UTF-8"?>
<robot generator="Robot 7.0 (Python 3.12.2 on linux)" generated="2024-03-20T18:16:34.571845" rpa="false" schemaversion="5">
<suite id="s1" name="Tests" source="/home/runner/work/DesafioQA---Itau---Rogerio-Jordao/DesafioQA---Itau---Rogerio-Jordao/DesafioQA - Itau - Rogerio Jordao/tests">
<suite id="s1-s1" name="Random-User-Test" source="/home/runner/work/DesafioQA---Itau---Rogerio-Jordao/DesafioQA---Itau---Rogerio-Jordao/DesafioQA - Itau - Rogerio Jordao/tests/random-user-test.robot">
<test id="s1-s1-t1" name="Conectar" line="24">
<kw name="Conectar API">
<kw name="Create Session" owner="RequestsLibrary">
<msg time="2024-03-20T18:16:34.899130" level="INFO">Creating Session using : alias=consultarAPI, url=https://randomuser.me/, headers={},                     cookies={}, auth=None, timeout=None, proxies=None, verify=False,                     debug=0 </msg>
<arg>consultarAPI</arg>
<arg>${URL}</arg>
<doc>Create Session: create a HTTP session to a server</doc>
<status status="PASS" start="2024-03-20T18:16:34.898932" elapsed="0.000372"/>
</kw>
<status status="PASS" start="2024-03-20T18:16:34.898066" elapsed="0.001620"/>
</kw>
<status status="PASS" start="2024-03-20T18:16:34.897540" elapsed="0.002350"/>
</test>
<test id="s1-s1-t2" name="Validar retorno 200 e JSON Válido" line="27">
<kw name="Teste de Requisicao Basica">
<kw name="GET On Session" owner="RequestsLibrary">
<msg time="2024-03-20T18:16:35.016994" level="INFO">GET Request : url=https://randomuser.me/api 
 path_url=/api 
 headers={'User-Agent': 'python-requests/2.31.0', 'Accept-Encoding': 'gzip, deflate', 'Accept': '*/*', 'Connection': 'keep-alive'} 
 body=None 
 </msg>
<msg time="2024-03-20T18:16:35.017102" level="INFO">GET Response : url=https://randomuser.me/api 
 status=200, reason=OK 
 headers={'Date': 'Wed, 20 Mar 2024 18:16:35 GMT', 'Content-Type': 'application/json; charset=utf-8', 'Transfer-Encoding': 'chunked', 'Connection': 'keep-alive', 'X-Powered-By': 'Express', 'Access-Control-Allow-Origin': '*', 'Cache-Control': 'no-cache', 'ETag': 'W/"47e-LZJOa2RprCBlW06S5QzLDNxVni8"', 'Vary': 'Accept-Encoding', 'Content-Encoding': 'gzip', 'CF-Cache-Status': 'DYNAMIC', 'Report-To': '{"endpoints":[{"url":"https:\\/\\/a.nel.cloudflare.com\\/report\\/v4?s=z55Poj%2B4v6pm6OvTNXgPKwl%2FXv%2BiLQNM0BOQ6RIrG1scOWJzQ1fxfIzZIJfoekwK4GeiEsJj4cMC44QSG6%2BxkKkfKLI14VvTcQqdbD6uvdfU3LIdHVNdxB7rK5AptjN0"}],"group":"cf-nel","max_age":604800}', 'NEL': '{"success_fraction":0,"report_to":"cf-nel","max_age":604800}', 'Server': 'cloudflare', 'CF-RAY': '8677b1b26df62530-SJC', 'alt-svc': 'h3=":443"; ma=86400'} 
 body={"results":[{"gender":"male","name":{"title":"Mr","first":"Teo","last":"Lerøy"},"location":{"street":{"number":6780,"name":"Krokkleiva"},"city":"Tangen","state":"Finnmark - Finnmárku","country":"Norway","postcode":"7724","coordinates":{"latitude":"43.1277","longitude":"-6.1740"},"timezone":{"offset":"-7:00","description":"Mountain Time (US &amp; Canada)"}},"email":"teo.leroy@example.com","login":{"uuid":"d72a7d49-cede-4fde-baca-11fb8a975233","username":"smallostrich164","password":"pantera1","salt":"X5249Z6B","md5":"34b6a8cc95facd1e8f797573aef12016","sha1":"e35a7b6e0be872346397f597bf2510249ba96fe6","sha256":"08b8ee36ad15ce2acab8e105091d1d99ebc8bb9ce59d40f86a067f8c104d6fbf"},"dob":{"date":"1950-02-18T22:35:11.133Z","age":74},"registered":{"date":"2021-05-11T18:49:09.964Z","age":2},"phone":"66543121","cell":"91467779","id":{"name":"FN","value":"18025035999"},"picture":{"large":"https://randomuser.me/api/portraits/men/70.jpg","medium":"https://randomuser.me/api/portraits/med/men/70.jpg","thumbnail":"https://randomuser.me/api/portraits/thumb/men/70.jpg"},"nat":"NO"}],"info":{"seed":"53cadb96514bee08","results":1,"page":1,"version":"1.4"}} 
 </msg>
<msg time="2024-03-20T18:16:35.017335" level="INFO">/opt/hostedtoolcache/Python/3.12.2/x64/lib/python3.12/site-packages/urllib3/connectionpool.py:1103: InsecureRequestWarning: Unverified HTTPS request is being made to host 'randomuser.me'. Adding certificate verification is strongly advised. See: https://urllib3.readthedocs.io/en/latest/advanced-usage.html#tls-warnings
  warnings.warn(</msg>
<msg time="2024-03-20T18:16:35.017473" level="INFO">${response} = &lt;Response [200]&gt;</msg>
<var>${response}</var>
<arg>consultarAPI</arg>
<arg>/api</arg>
<doc>Sends a GET request on a previously created HTTP Session.</doc>
<status status="PASS" start="2024-03-20T18:16:34.902512" elapsed="0.115006"/>
</kw>
<kw name="Should Be Equal As Numbers" owner="BuiltIn">
<msg time="2024-03-20T18:16:35.018507" level="INFO">Argument types are:
&lt;class 'int'&gt;
&lt;class 'str'&gt;</msg>
<arg>${response.status_code}</arg>
<arg>200</arg>
<doc>Fails if objects are unequal after converting them to real numbers.</doc>
<status status="PASS" start="2024-03-20T18:16:35.018011" elapsed="0.000569"/>
</kw>
<kw name="Log" owner="BuiltIn">
<msg time="2024-03-20T18:16:35.019254" level="INFO">200</msg>
<arg>${response.status_code}</arg>
<doc>Logs the given message with the given level.</doc>
<status status="PASS" start="2024-03-20T18:16:35.018898" elapsed="0.000399"/>
</kw>
<kw name="Set Variable" owner="BuiltIn">
<msg time="2024-03-20T18:16:35.020058" level="INFO">${json_data} = {'results': [{'gender': 'male', 'name': {'title': 'Mr', 'first': 'Teo', 'last': 'Lerøy'}, 'location': {'street': {'number': 6780, 'name': 'Krokkleiva'}, 'city': 'Tangen', 'state': 'Finnmark - Finnmárk...</msg>
<var>${json_data}</var>
<arg>${response.json()}</arg>
<doc>Returns the given values which can then be assigned to a variables.</doc>
<status status="PASS" start="2024-03-20T18:16:35.019601" elapsed="0.000488"/>
</kw>
<kw name="Dictionary Should Contain Key" owner="Collections">
<msg time="2024-03-20T18:16:35.020566" level="INFO">False</msg>
<arg>${json_data}</arg>
<arg>results</arg>
<doc>Fails if ``key`` is not found from ``dictionary``.</doc>
<status status="PASS" start="2024-03-20T18:16:35.020397" elapsed="0.000210"/>
</kw>
<status status="PASS" start="2024-03-20T18:16:34.902269" elapsed="0.118593"/>
</kw>
<doc>Testa se a API responde corretamente e retorna um objeto JSON válido.</doc>
<tag>testeRequisicaoBasica</tag>
<status status="PASS" start="2024-03-20T18:16:34.901799" elapsed="0.119237"/>
</test>
<test id="s1-s1-t3" name="Validar estrutura de resposta" line="33">
<kw name="Teste de Estrutura de Resposta">
<kw name="GET On Session" owner="RequestsLibrary">
<msg time="2024-03-20T18:16:35.114026" level="INFO">GET Request : url=https://randomuser.me/api 
 path_url=/api 
 headers={'User-Agent': 'python-requests/2.31.0', 'Accept-Encoding': 'gzip, deflate', 'Accept': '*/*', 'Connection': 'keep-alive'} 
 body=None 
 </msg>
<msg time="2024-03-20T18:16:35.114097" level="INFO">GET Response : url=https://randomuser.me/api 
 status=200, reason=OK 
 headers={'Date': 'Wed, 20 Mar 2024 18:16:35 GMT', 'Content-Type': 'application/json; charset=utf-8', 'Transfer-Encoding': 'chunked', 'Connection': 'keep-alive', 'X-Powered-By': 'Express', 'Access-Control-Allow-Origin': '*', 'Cache-Control': 'no-cache', 'ETag': 'W/"489-TqZJa3h4Elks+t7XbFJ7/PnPIr0"', 'Vary': 'Accept-Encoding', 'Content-Encoding': 'gzip', 'CF-Cache-Status': 'DYNAMIC', 'Report-To': '{"endpoints":[{"url":"https:\\/\\/a.nel.cloudflare.com\\/report\\/v4?s=Ns0Yl55V%2FChyvA7HvAtq3e%2BV6sSR73X8P4ylTfeYMeM59Tma9Arwk3d3ZO3x0Vk7BHl4mD5WLk0BGUWOCXcqZSj%2BZvgvtpCQDlR2xuRApuBcH5L4FX583Eux0EHakdnP"}],"group":"cf-nel","max_age":604800}', 'NEL': '{"success_fraction":0,"report_to":"cf-nel","max_age":604800}', 'Server': 'cloudflare', 'CF-RAY': '8677b1b2fe632530-SJC', 'alt-svc': 'h3=":443"; ma=86400'} 
 body={"results":[{"gender":"male","name":{"title":"Mr","first":"Nixon","last":"Hall"},"location":{"street":{"number":8089,"name":"Ferry Road"},"city":"Dunedin","state":"Manawatu-Wanganui","country":"New Zealand","postcode":17168,"coordinates":{"latitude":"52.0445","longitude":"-179.5440"},"timezone":{"offset":"-6:00","description":"Central Time (US &amp; Canada), Mexico City"}},"email":"nixon.hall@example.com","login":{"uuid":"c33c4251-3844-40ff-8e3b-9e02fe3057be","username":"bluepanda661","password":"true","salt":"nGrrb78q","md5":"447ad0e7d05140dfd7f0dc8a85e8d114","sha1":"fa820b2321f8a1765c8f65eade56737731b4fa4e","sha256":"395a9c6b7517913c1789ba2db8e8d9a29db05b33534a0f78ee499c0a4a0cb8dd"},"dob":{"date":"1997-03-06T06:13:08.537Z","age":27},"registered":{"date":"2002-11-12T09:10:54.743Z","age":21},"phone":"(981)-034-6843","cell":"(454)-137-6456","id":{"name":"","value":null},"picture":{"large":"https://randomuser.me/api/portraits/men/17.jpg","medium":"https://randomuser.me/api/portraits/med/men/17.jpg","thumbnail":"https://randomuser.me/api/portraits/thumb/men/17.jpg"},"nat":"NZ"}],"info":{"seed":"f34bc77ff14406e9","results":1,"page":1,"version":"1.4"}} 
 </msg>
<msg time="2024-03-20T18:16:35.114196" level="INFO">/opt/hostedtoolcache/Python/3.12.2/x64/lib/python3.12/site-packages/urllib3/connectionpool.py:1103: InsecureRequestWarning: Unverified HTTPS request is being made to host 'randomuser.me'. Adding certificate verification is strongly advised. See: https://urllib3.readthedocs.io/en/latest/advanced-usage.html#tls-warnings
  warnings.warn(</msg>
<msg time="2024-03-20T18:16:35.114294" level="INFO">${response} = &lt;Response [200]&gt;</msg>
<var>${response}</var>
<arg>consultarAPI</arg>
<arg>/api</arg>
<doc>Sends a GET request on a previously created HTTP Session.</doc>
<status status="PASS" start="2024-03-20T18:16:35.023595" elapsed="0.090742"/>
</kw>
<kw name="Set Variable" owner="BuiltIn">
<msg time="2024-03-20T18:16:35.115378" level="INFO">${json_data} = {'results': [{'gender': 'male', 'name': {'title': 'Mr', 'first': 'Nixon', 'last': 'Hall'}, 'location': {'street': {'number': 8089, 'name': 'Ferry Road'}, 'city': 'Dunedin', 'state': 'Manawatu-Wanganui...</msg>
<var>${json_data}</var>
<arg>${response.json()}</arg>
<doc>Returns the given values which can then be assigned to a variables.</doc>
<status status="PASS" start="2024-03-20T18:16:35.114804" elapsed="0.000604"/>
</kw>
<kw name="Log" owner="BuiltIn">
<msg time="2024-03-20T18:16:35.115872" level="INFO">{'results': [{'gender': 'male', 'name': {'title': 'Mr', 'first': 'Nixon', 'last': 'Hall'}, 'location': {'street': {'number': 8089, 'name': 'Ferry Road'}, 'city': 'Dunedin', 'state': 'Manawatu-Wanganui', 'country': 'New Zealand', 'postcode': 17168, 'coordinates': {'latitude': '52.0445', 'longitude': '-179.5440'}, 'timezone': {'offset': '-6:00', 'description': 'Central Time (US &amp; Canada), Mexico City'}}, 'email': 'nixon.hall@example.com', 'login': {'uuid': 'c33c4251-3844-40ff-8e3b-9e02fe3057be', 'username': 'bluepanda661', 'password': 'true', 'salt': 'nGrrb78q', 'md5': '447ad0e7d05140dfd7f0dc8a85e8d114', 'sha1': 'fa820b2321f8a1765c8f65eade56737731b4fa4e', 'sha256': '395a9c6b7517913c1789ba2db8e8d9a29db05b33534a0f78ee499c0a4a0cb8dd'}, 'dob': {'date': '1997-03-06T06:13:08.537Z', 'age': 27}, 'registered': {'date': '2002-11-12T09:10:54.743Z', 'age': 21}, 'phone': '(981)-034-6843', 'cell': '(454)-137-6456', 'id': {'name': '', 'value': None}, 'picture': {'large': 'https://randomuser.me/api/portraits/men/17.jpg', 'medium': 'https://randomuser.me/api/portraits/med/men/17.jpg', 'thumbnail': 'https://randomuser.me/api/portraits/thumb/men/17.jpg'}, 'nat': 'NZ'}], 'info': {'seed': 'f34bc77ff14406e9', 'results': 1, 'page': 1, 'version': '1.4'}}</msg>
<arg>${json_data}</arg>
<doc>Logs the given message with the given level.</doc>
<status status="PASS" start="2024-03-20T18:16:35.115716" elapsed="0.000206"/>
</kw>
<kw name="Dictionary Should Contain Key" owner="Collections">
<msg time="2024-03-20T18:16:35.116377" level="INFO">False</msg>
<arg>${json_data}</arg>
<arg>results</arg>
<doc>Fails if ``key`` is not found from ``dictionary``.</doc>
<status status="PASS" start="2024-03-20T18:16:35.116219" elapsed="0.000197"/>
</kw>
<kw name="Should Not Be Empty" owner="BuiltIn">
<msg time="2024-03-20T18:16:35.116843" level="INFO">Length is 2.</msg>
<arg>${json_data}</arg>
<doc>Verifies that the given item is not empty.</doc>
<status status="PASS" start="2024-03-20T18:16:35.116704" elapsed="0.000181"/>
</kw>
<kw name="Create List" owner="BuiltIn">
<msg time="2024-03-20T18:16:35.117333" level="INFO">${expected_keys} = ['gender', 'name', 'location', 'email', 'login']</msg>
<var>${expected_keys}</var>
<arg>gender</arg>
<arg>name</arg>
<arg>location</arg>
<arg>email</arg>
<arg>login</arg>
<doc>Returns a list containing given items.</doc>
<status status="PASS" start="2024-03-20T18:16:35.117179" elapsed="0.000179"/>
</kw>
<for flavor="IN">
<iter>
<kw name="Dictionary Should Contain Key" owner="Collections">
<msg time="2024-03-20T18:16:35.118390" level="INFO">False</msg>
<arg>${json_data['results'][0]}</arg>
<arg>${key}</arg>
<doc>Fails if ``key`` is not found from ``dictionary``.</doc>
<status status="PASS" start="2024-03-20T18:16:35.117987" elapsed="0.000445"/>
</kw>
<kw name="Log" owner="BuiltIn">
<msg time="2024-03-20T18:16:35.119112" level="INFO">{'gender': 'male', 'name': {'title': 'Mr', 'first': 'Nixon', 'last': 'Hall'}, 'location': {'street': {'number': 8089, 'name': 'Ferry Road'}, 'city': 'Dunedin', 'state': 'Manawatu-Wanganui', 'country': 'New Zealand', 'postcode': 17168, 'coordinates': {'latitude': '52.0445', 'longitude': '-179.5440'}, 'timezone': {'offset': '-6:00', 'description': 'Central Time (US &amp; Canada), Mexico City'}}, 'email': 'nixon.hall@example.com', 'login': {'uuid': 'c33c4251-3844-40ff-8e3b-9e02fe3057be', 'username': 'bluepanda661', 'password': 'true', 'salt': 'nGrrb78q', 'md5': '447ad0e7d05140dfd7f0dc8a85e8d114', 'sha1': 'fa820b2321f8a1765c8f65eade56737731b4fa4e', 'sha256': '395a9c6b7517913c1789ba2db8e8d9a29db05b33534a0f78ee499c0a4a0cb8dd'}, 'dob': {'date': '1997-03-06T06:13:08.537Z', 'age': 27}, 'registered': {'date': '2002-11-12T09:10:54.743Z', 'age': 21}, 'phone': '(981)-034-6843', 'cell': '(454)-137-6456', 'id': {'name': '', 'value': None}, 'picture': {'large': 'https://randomuser.me/api/portraits/men/17.jpg', 'medium': 'https://randomuser.me/api/portraits/med/men/17.jpg', 'thumbnail': 'https://randomuser.me/api/portraits/thumb/men/17.jpg'}, 'nat': 'NZ'}</msg>
<arg>${json_data['results'][0]}</arg>
<doc>Logs the given message with the given level.</doc>
<status status="PASS" start="2024-03-20T18:16:35.118742" elapsed="0.000420"/>
</kw>
<kw name="Log" owner="BuiltIn">
<msg time="2024-03-20T18:16:35.119592" level="INFO">gender</msg>
<arg>${key}</arg>
<doc>Logs the given message with the given level.</doc>
<status status="PASS" start="2024-03-20T18:16:35.119462" elapsed="0.000171"/>
</kw>
<var name="${key}">gender</var>
<status status="PASS" start="2024-03-20T18:16:35.117867" elapsed="0.001983"/>
</iter>
<iter>
<kw name="Dictionary Should Contain Key" owner="Collections">
<msg time="2024-03-20T18:16:35.120541" level="INFO">False</msg>
<arg>${json_data['results'][0]}</arg>
<arg>${key}</arg>
<doc>Fails if ``key`` is not found from ``dictionary``.</doc>
<status status="PASS" start="2024-03-20T18:16:35.120150" elapsed="0.000430"/>
</kw>
<kw name="Log" owner="BuiltIn">
<msg time="2024-03-20T18:16:35.121263" level="INFO">{'gender': 'male', 'name': {'title': 'Mr', 'first': 'Nixon', 'last': 'Hall'}, 'location': {'street': {'number': 8089, 'name': 'Ferry Road'}, 'city': 'Dunedin', 'state': 'Manawatu-Wanganui', 'country': 'New Zealand', 'postcode': 17168, 'coordinates': {'latitude': '52.0445', 'longitude': '-179.5440'}, 'timezone': {'offset': '-6:00', 'description': 'Central Time (US &amp; Canada), Mexico City'}}, 'email': 'nixon.hall@example.com', 'login': {'uuid': 'c33c4251-3844-40ff-8e3b-9e02fe3057be', 'username': 'bluepanda661', 'password': 'true', 'salt': 'nGrrb78q', 'md5': '447ad0e7d05140dfd7f0dc8a85e8d114', 'sha1': 'fa820b2321f8a1765c8f65eade56737731b4fa4e', 'sha256': '395a9c6b7517913c1789ba2db8e8d9a29db05b33534a0f78ee499c0a4a0cb8dd'}, 'dob': {'date': '1997-03-06T06:13:08.537Z', 'age': 27}, 'registered': {'date': '2002-11-12T09:10:54.743Z', 'age': 21}, 'phone': '(981)-034-6843', 'cell': '(454)-137-6456', 'id': {'name': '', 'value': None}, 'picture': {'large': 'https://randomuser.me/api/portraits/men/17.jpg', 'medium': 'https://randomuser.me/api/portraits/med/men/17.jpg', 'thumbnail': 'https://randomuser.me/api/portraits/thumb/men/17.jpg'}, 'nat': 'NZ'}</msg>
<arg>${json_data['results'][0]}</arg>
<doc>Logs the given message with the given level.</doc>
<status status="PASS" start="2024-03-20T18:16:35.120901" elapsed="0.000413"/>
</kw>
<kw name="Log" owner="BuiltIn">
<msg time="2024-03-20T18:16:35.121767" level="INFO">name</msg>
<arg>${key}</arg>
<doc>Logs the given message with the given level.</doc>
<status status="PASS" start="2024-03-20T18:16:35.121636" elapsed="0.000169"/>
</kw>
<var name="${key}">name</var>
<status status="PASS" start="2024-03-20T18:16:35.120043" elapsed="0.001981"/>
</iter>
<iter>
<kw name="Dictionary Should Contain Key" owner="Collections">
<msg time="2024-03-20T18:16:35.122700" level="INFO">False</msg>
<arg>${json_data['results'][0]}</arg>
<arg>${key}</arg>
<doc>Fails if ``key`` is not found from ``dictionary``.</doc>
<status status="PASS" start="2024-03-20T18:16:35.122319" elapsed="0.000534"/>
</kw>
<kw name="Log" owner="BuiltIn">
<msg time="2024-03-20T18:16:35.123517" level="INFO">{'gender': 'male', 'name': {'title': 'Mr', 'first': 'Nixon', 'last': 'Hall'}, 'location': {'street': {'number': 8089, 'name': 'Ferry Road'}, 'city': 'Dunedin', 'state': 'Manawatu-Wanganui', 'country': 'New Zealand', 'postcode': 17168, 'coordinates': {'latitude': '52.0445', 'longitude': '-179.5440'}, 'timezone': {'offset': '-6:00', 'description': 'Central Time (US &amp; Canada), Mexico City'}}, 'email': 'nixon.hall@example.com', 'login': {'uuid': 'c33c4251-3844-40ff-8e3b-9e02fe3057be', 'username': 'bluepanda661', 'password': 'true', 'salt': 'nGrrb78q', 'md5': '447ad0e7d05140dfd7f0dc8a85e8d114', 'sha1': 'fa820b2321f8a1765c8f65eade56737731b4fa4e', 'sha256': '395a9c6b7517913c1789ba2db8e8d9a29db05b33534a0f78ee499c0a4a0cb8dd'}, 'dob': {'date': '1997-03-06T06:13:08.537Z', 'age': 27}, 'registered': {'date': '2002-11-12T09:10:54.743Z', 'age': 21}, 'phone': '(981)-034-6843', 'cell': '(454)-137-6456', 'id': {'name': '', 'value': None}, 'picture': {'large': 'https://randomuser.me/api/portraits/men/17.jpg', 'medium': 'https://randomuser.me/api/portraits/med/men/17.jpg', 'thumbnail': 'https://randomuser.me/api/portraits/thumb/men/17.jpg'}, 'nat': 'NZ'}</msg>
<arg>${json_data['results'][0]}</arg>
<doc>Logs the given message with the given level.</doc>
<status status="PASS" start="2024-03-20T18:16:35.123153" elapsed="0.000414"/>
</kw>
<kw name="Log" owner="BuiltIn">
<msg time="2024-03-20T18:16:35.123988" level="INFO">location</msg>
<arg>${key}</arg>
<doc>Logs the given message with the given level.</doc>
<status status="PASS" start="2024-03-20T18:16:35.123859" elapsed="0.000169"/>
</kw>
<var name="${key}">location</var>
<status status="PASS" start="2024-03-20T18:16:35.122208" elapsed="0.002037"/>
</iter>
<iter>
<kw name="Dictionary Should Contain Key" owner="Collections">
<msg time="2024-03-20T18:16:35.124909" level="INFO">False</msg>
<arg>${json_data['results'][0]}</arg>
<arg>${key}</arg>
<doc>Fails if ``key`` is not found from ``dictionary``.</doc>
<status status="PASS" start="2024-03-20T18:16:35.124528" elapsed="0.000419"/>
</kw>
<kw name="Log" owner="BuiltIn">
<msg time="2024-03-20T18:16:35.125649" level="INFO">{'gender': 'male', 'name': {'title': 'Mr', 'first': 'Nixon', 'last': 'Hall'}, 'location': {'street': {'number': 8089, 'name': 'Ferry Road'}, 'city': 'Dunedin', 'state': 'Manawatu-Wanganui', 'country': 'New Zealand', 'postcode': 17168, 'coordinates': {'latitude': '52.0445', 'longitude': '-179.5440'}, 'timezone': {'offset': '-6:00', 'description': 'Central Time (US &amp; Canada), Mexico City'}}, 'email': 'nixon.hall@example.com', 'login': {'uuid': 'c33c4251-3844-40ff-8e3b-9e02fe3057be', 'username': 'bluepanda661', 'password': 'true', 'salt': 'nGrrb78q', 'md5': '447ad0e7d05140dfd7f0dc8a85e8d114', 'sha1': 'fa820b2321f8a1765c8f65eade56737731b4fa4e', 'sha256': '395a9c6b7517913c1789ba2db8e8d9a29db05b33534a0f78ee499c0a4a0cb8dd'}, 'dob': {'date': '1997-03-06T06:13:08.537Z', 'age': 27}, 'registered': {'date': '2002-11-12T09:10:54.743Z', 'age': 21}, 'phone': '(981)-034-6843', 'cell': '(454)-137-6456', 'id': {'name': '', 'value': None}, 'picture': {'large': 'https://randomuser.me/api/portraits/men/17.jpg', 'medium': 'https://randomuser.me/api/portraits/med/men/17.jpg', 'thumbnail': 'https://randomuser.me/api/portraits/thumb/men/17.jpg'}, 'nat': 'NZ'}</msg>
<arg>${json_data['results'][0]}</arg>
<doc>Logs the given message with the given level.</doc>
<status status="PASS" start="2024-03-20T18:16:35.125240" elapsed="0.000460"/>
</kw>
<kw name="Log" owner="BuiltIn">
<msg time="2024-03-20T18:16:35.126145" level="INFO">email</msg>
<arg>${key}</arg>
<doc>Logs the given message with the given level.</doc>
<status status="PASS" start="2024-03-20T18:16:35.125994" elapsed="0.000191"/>
</kw>
<var name="${key}">email</var>
<status status="PASS" start="2024-03-20T18:16:35.124423" elapsed="0.001982"/>
</iter>
<iter>
<kw name="Dictionary Should Contain Key" owner="Collections">
<msg time="2024-03-20T18:16:35.127069" level="INFO">False</msg>
<arg>${json_data['results'][0]}</arg>
<arg>${key}</arg>
<doc>Fails if ``key`` is not found from ``dictionary``.</doc>
<status status="PASS" start="2024-03-20T18:16:35.126684" elapsed="0.000424"/>
</kw>
<kw name="Log" owner="BuiltIn">
<msg time="2024-03-20T18:16:35.127781" level="INFO">{'gender': 'male', 'name': {'title': 'Mr', 'first': 'Nixon', 'last': 'Hall'}, 'location': {'street': {'number': 8089, 'name': 'Ferry Road'}, 'city': 'Dunedin', 'state': 'Manawatu-Wanganui', 'country': 'New Zealand', 'postcode': 17168, 'coordinates': {'latitude': '52.0445', 'longitude': '-179.5440'}, 'timezone': {'offset': '-6:00', 'description': 'Central Time (US &amp; Canada), Mexico City'}}, 'email': 'nixon.hall@example.com', 'login': {'uuid': 'c33c4251-3844-40ff-8e3b-9e02fe3057be', 'username': 'bluepanda661', 'password': 'true', 'salt': 'nGrrb78q', 'md5': '447ad0e7d05140dfd7f0dc8a85e8d114', 'sha1': 'fa820b2321f8a1765c8f65eade56737731b4fa4e', 'sha256': '395a9c6b7517913c1789ba2db8e8d9a29db05b33534a0f78ee499c0a4a0cb8dd'}, 'dob': {'date': '1997-03-06T06:13:08.537Z', 'age': 27}, 'registered': {'date': '2002-11-12T09:10:54.743Z', 'age': 21}, 'phone': '(981)-034-6843', 'cell': '(454)-137-6456', 'id': {'name': '', 'value': None}, 'picture': {'large': 'https://randomuser.me/api/portraits/men/17.jpg', 'medium': 'https://randomuser.me/api/portraits/med/men/17.jpg', 'thumbnail': 'https://randomuser.me/api/portraits/thumb/men/17.jpg'}, 'nat': 'NZ'}</msg>
<arg>${json_data['results'][0]}</arg>
<doc>Logs the given message with the given level.</doc>
<status status="PASS" start="2024-03-20T18:16:35.127416" elapsed="0.000415"/>
</kw>
<kw name="Log" owner="BuiltIn">
<msg time="2024-03-20T18:16:35.128255" level="INFO">login</msg>
<arg>${key}</arg>
<doc>Logs the given message with the given level.</doc>
<status status="PASS" start="2024-03-20T18:16:35.128125" elapsed="0.000169"/>
</kw>
<var name="${key}">login</var>
<status status="PASS" start="2024-03-20T18:16:35.126581" elapsed="0.001954"/>
</iter>
<var>${key}</var>
<value>@{expected_keys}</value>
<status status="PASS" start="2024-03-20T18:16:35.117671" elapsed="0.010995"/>
</for>
<kw name="Create List" owner="BuiltIn">
<msg time="2024-03-20T18:16:35.128992" level="INFO">${expected_keysTwo} = ['username', 'password']</msg>
<var>${expected_keysTwo}</var>
<arg>username</arg>
<arg>password</arg>
<doc>Returns a list containing given items.</doc>
<status status="PASS" start="2024-03-20T18:16:35.128853" elapsed="0.000163"/>
</kw>
<for flavor="IN">
<iter>
<kw name="Dictionary Should Contain Key" owner="Collections">
<msg time="2024-03-20T18:16:35.129949" level="INFO">False</msg>
<arg>${json_data['results'][0]['login']}</arg>
<arg>${keyTwo}</arg>
<doc>Fails if ``key`` is not found from ``dictionary``.</doc>
<status status="PASS" start="2024-03-20T18:16:35.129556" elapsed="0.000431"/>
</kw>
<kw name="Dictionary Should Contain Key" owner="Collections">
<msg time="2024-03-20T18:16:35.130669" level="INFO">False</msg>
<arg>${json_data['results'][0]['login']}</arg>
<arg>${keyTwo}</arg>
<doc>Fails if ``key`` is not found from ``dictionary``.</doc>
<status status="PASS" start="2024-03-20T18:16:35.130287" elapsed="0.000422"/>
</kw>
<kw name="Log" owner="BuiltIn">
<msg time="2024-03-20T18:16:35.131130" level="INFO">username</msg>
<arg>${keyTwo}</arg>
<doc>Logs the given message with the given level.</doc>
<status status="PASS" start="2024-03-20T18:16:35.130999" elapsed="0.000170"/>
</kw>
<var name="${keyTwo}">username</var>
<status status="PASS" start="2024-03-20T18:16:35.129413" elapsed="0.001978"/>
</iter>
<iter>
<kw name="Dictionary Should Contain Key" owner="Collections">
<msg time="2024-03-20T18:16:35.132055" level="INFO">False</msg>
<arg>${json_data['results'][0]['login']}</arg>
<arg>${keyTwo}</arg>
<doc>Fails if ``key`` is not found from ``dictionary``.</doc>
<status status="PASS" start="2024-03-20T18:16:35.131671" elapsed="0.000423"/>
</kw>
<kw name="Dictionary Should Contain Key" owner="Collections">
<msg time="2024-03-20T18:16:35.132764" level="INFO">False</msg>
<arg>${json_data['results'][0]['login']}</arg>
<arg>${keyTwo}</arg>
<doc>Fails if ``key`` is not found from ``dictionary``.</doc>
<status status="PASS" start="2024-03-20T18:16:35.132383" elapsed="0.000419"/>
</kw>
<kw name="Log" owner="BuiltIn">
<msg time="2024-03-20T18:16:35.133214" level="INFO">password</msg>
<arg>${keyTwo}</arg>
<doc>Logs the given message with the given level.</doc>
<status status="PASS" start="2024-03-20T18:16:35.133087" elapsed="0.000166"/>
</kw>
<var name="${keyTwo}">password</var>
<status status="PASS" start="2024-03-20T18:16:35.131568" elapsed="0.001918"/>
</iter>
<var>${keyTwo}</var>
<value>@{expected_keysTwo}</value>
<status status="PASS" start="2024-03-20T18:16:35.129257" elapsed="0.004361"/>
</for>
<status status="PASS" start="2024-03-20T18:16:35.023375" elapsed="0.110387"/>
</kw>
<doc>Testa a estrutura da resposta da API.</doc>
<tag>testeEstruturaResposta</tag>
<status status="PASS" start="2024-03-20T18:16:35.022898" elapsed="0.111022"/>
</test>
<test id="s1-s1-t4" name="Validar tipos de dados" line="39">
<kw name="Teste de Tipos de Dados">
<kw name="GET On Session" owner="RequestsLibrary">
<msg time="2024-03-20T18:16:35.224313" level="INFO">GET Request : url=https://randomuser.me/api 
 path_url=/api 
 headers={'User-Agent': 'python-requests/2.31.0', 'Accept-Encoding': 'gzip, deflate', 'Accept': '*/*', 'Connection': 'keep-alive'} 
 body=None 
 </msg>
<msg time="2024-03-20T18:16:35.224380" level="INFO">GET Response : url=https://randomuser.me/api 
 status=200, reason=OK 
 headers={'Date': 'Wed, 20 Mar 2024 18:16:35 GMT', 'Content-Type': 'application/json; charset=utf-8', 'Transfer-Encoding': 'chunked', 'Connection': 'keep-alive', 'X-Powered-By': 'Express', 'Access-Control-Allow-Origin': '*', 'Cache-Control': 'no-cache', 'ETag': 'W/"4af-ECwfTx0+ykLbSoxQBlGJY9cukUU"', 'Vary': 'Accept-Encoding', 'Content-Encoding': 'gzip', 'CF-Cache-Status': 'DYNAMIC', 'Report-To': '{"endpoints":[{"url":"https:\\/\\/a.nel.cloudflare.com\\/report\\/v4?s=5DmNROfJAzMIq65yXyH3chVE1cCLFuXGZ1u51Ve6f6bz3vtMcPr5Xm4xVnZFMejy7R1VqdTHaPd4fBPrDtgrQsekI%2BvYhOOlQbXsnf1p10eZ%2FHrhozh9AbPdHqKJNc4g"}],"group":"cf-nel","max_age":604800}', 'NEL': '{"success_fraction":0,"report_to":"cf-nel","max_age":604800}', 'Server': 'cloudflare', 'CF-RAY': '8677b1b3bed92530-SJC', 'alt-svc': 'h3=":443"; ma=86400'} 
 body={"results":[{"gender":"female","name":{"title":"Mrs","first":"Salma","last":"Cornejo"},"location":{"street":{"number":4386,"name":"Periférico Guerrero"},"city":"Transfiguración","state":"Puebla","country":"Mexico","postcode":71888,"coordinates":{"latitude":"26.0653","longitude":"108.7050"},"timezone":{"offset":"-4:00","description":"Atlantic Time (Canada), Caracas, La Paz"}},"email":"salma.cornejo@example.com","login":{"uuid":"d4647cea-b163-4689-8d77-aef1e7c81f5e","username":"heavyostrich898","password":"joe123","salt":"eApxFIa2","md5":"6d92678ccb455b865b1ee080d487c4b1","sha1":"4b8e6cd107abf6f5f5b71690d4eb21b12f1eee72","sha256":"c827a72d7f684b73098405feaadee3ad562f928ed86fc363d64014ae71ddc8e4"},"dob":{"date":"2000-03-24T04:25:40.028Z","age":23},"registered":{"date":"2003-12-10T10:07:08.453Z","age":20},"phone":"(648) 509 3989","cell":"(666) 478 4293","id":{"name":"NSS","value":"31 08 57 8302 5"},"picture":{"large":"https://randomuser.me/api/portraits/women/86.jpg","medium":"https://randomuser.me/api/portraits/med/women/86.jpg","thumbnail":"https://randomuser.me/api/portraits/thumb/women/86.jpg"},"nat":"MX"}],"info":{"seed":"7931b1353778d6c1","results":1,"page":1,"version":"1.4"}} 
 </msg>
<msg time="2024-03-20T18:16:35.224438" level="INFO">/opt/hostedtoolcache/Python/3.12.2/x64/lib/python3.12/site-packages/urllib3/connectionpool.py:1103: InsecureRequestWarning: Unverified HTTPS request is being made to host 'randomuser.me'. Adding certificate verification is strongly advised. See: https://urllib3.readthedocs.io/en/latest/advanced-usage.html#tls-warnings
  warnings.warn(</msg>
<msg time="2024-03-20T18:16:35.224527" level="INFO">${response} = &lt;Response [200]&gt;</msg>
<var>${response}</var>
<arg>consultarAPI</arg>
<arg>/api</arg>
<doc>Sends a GET request on a previously created HTTP Session.</doc>
<status status="PASS" start="2024-03-20T18:16:35.136349" elapsed="0.088220"/>
</kw>
<kw name="Set Variable" owner="BuiltIn">
<msg time="2024-03-20T18:16:35.225631" level="INFO">${json_data} = {'results': [{'gender': 'female', 'name': {'title': 'Mrs', 'first': 'Salma', 'last': 'Cornejo'}, 'location': {'street': {'number': 4386, 'name': 'Periférico Guerrero'}, 'city': 'Transfiguración', 'sta...</msg>
<var>${json_data}</var>
<arg>${response.json()}</arg>
<doc>Returns the given values which can then be assigned to a variables.</doc>
<status status="PASS" start="2024-03-20T18:16:35.225019" elapsed="0.000643"/>
</kw>
<kw name="Log" owner="BuiltIn">
<msg time="2024-03-20T18:16:35.226157" level="INFO">{'results': [{'gender': 'female', 'name': {'title': 'Mrs', 'first': 'Salma', 'last': 'Cornejo'}, 'location': {'street': {'number': 4386, 'name': 'Periférico Guerrero'}, 'city': 'Transfiguración', 'state': 'Puebla', 'country': 'Mexico', 'postcode': 71888, 'coordinates': {'latitude': '26.0653', 'longitude': '108.7050'}, 'timezone': {'offset': '-4:00', 'description': 'Atlantic Time (Canada), Caracas, La Paz'}}, 'email': 'salma.cornejo@example.com', 'login': {'uuid': 'd4647cea-b163-4689-8d77-aef1e7c81f5e', 'username': 'heavyostrich898', 'password': 'joe123', 'salt': 'eApxFIa2', 'md5': '6d92678ccb455b865b1ee080d487c4b1', 'sha1': '4b8e6cd107abf6f5f5b71690d4eb21b12f1eee72', 'sha256': 'c827a72d7f684b73098405feaadee3ad562f928ed86fc363d64014ae71ddc8e4'}, 'dob': {'date': '2000-03-24T04:25:40.028Z', 'age': 23}, 'registered': {'date': '2003-12-10T10:07:08.453Z', 'age': 20}, 'phone': '(648) 509 3989', 'cell': '(666) 478 4293', 'id': {'name': 'NSS', 'value': '31 08 57 8302 5'}, 'picture': {'large': 'https://randomuser.me/api/portraits/women/86.jpg', 'medium': 'https://randomuser.me/api/portraits/med/women/86.jpg', 'thumbnail': 'https://randomuser.me/api/portraits/thumb/women/86.jpg'}, 'nat': 'MX'}], 'info': {'seed': '7931b1353778d6c1', 'results': 1, 'page': 1, 'version': '1.4'}}</msg>
<arg>${json_data}</arg>
<doc>Logs the given message with the given level.</doc>
<status status="PASS" start="2024-03-20T18:16:35.225973" elapsed="0.000266"/>
</kw>
<kw name="Should Be String" owner="String">
<arg>${json_data['results'][0]['gender']}</arg>
<doc>Fails if the given ``item`` is not a string.</doc>
<status status="PASS" start="2024-03-20T18:16:35.226538" elapsed="0.000360"/>
</kw>
<kw name="Should Match Regexp" owner="BuiltIn">
<arg>${json_data['results'][0]['email']}</arg>
<arg>^[a-zA-Z0-9._%+-]+@[a-zA-Z0-9.-]+\.[a-zA-Z]{2,}$</arg>
<doc>Fails if ``string`` does not match ``pattern`` as a regular expression.</doc>
<status status="PASS" start="2024-03-20T18:16:35.227081" elapsed="0.000633"/>
</kw>
<kw name="Should Match Regexp" owner="BuiltIn">
<arg>${json_data['results'][0]['dob']['date']}</arg>
<arg>\\d{4}-\\d{2}-\\d{2}T\\d{2}:\\d{2}:\\d{2}\\.\\d{3}Z</arg>
<doc>Fails if ``string`` does not match ``pattern`` as a regular expression.</doc>
<status status="PASS" start="2024-03-20T18:16:35.227911" elapsed="0.000495"/>
</kw>
<kw name="Should Match Regexp" owner="BuiltIn">
<arg>${json_data['results'][0]['registered']['date']}</arg>
<arg>\\d{4}-\\d{2}-\\d{2}T\\d{2}:\\d{2}:\\d{2}\\.\\d{3}Z</arg>
<doc>Fails if ``string`` does not match ``pattern`` as a regular expression.</doc>
<status status="PASS" start="2024-03-20T18:16:35.228595" elapsed="0.000369"/>
</kw>
<kw name="Should Match Regexp" owner="BuiltIn">
<arg>${json_data['results'][0]['picture']['large']}</arg>
<arg>^https?://.*\.(?:png|jpe?g|gif|bmp)$</arg>
<doc>Fails if ``string`` does not match ``pattern`` as a regular expression.</doc>
<status status="PASS" start="2024-03-20T18:16:35.229145" elapsed="0.000479"/>
</kw>
<kw name="Should Match Regexp" owner="BuiltIn">
<arg>${json_data['results'][0]['picture']['medium']}</arg>
<arg>^https?://.*\.(?:png|jpe?g|gif|bmp)$</arg>
<doc>Fails if ``string`` does not match ``pattern`` as a regular expression.</doc>
<status status="PASS" start="2024-03-20T18:16:35.229812" elapsed="0.000354"/>
</kw>
<kw name="Should Match Regexp" owner="BuiltIn">
<arg>${json_data['results'][0]['picture']['thumbnail']}</arg>
<arg>^https?://.*\.(?:png|jpe?g|gif|bmp)$</arg>
<doc>Fails if ``string`` does not match ``pattern`` as a regular expression.</doc>
<status status="PASS" start="2024-03-20T18:16:35.230345" elapsed="0.000349"/>
</kw>
<kw name="Log" owner="BuiltIn">
<msg time="2024-03-20T18:16:35.231194" level="INFO">{'large': 'https://randomuser.me/api/portraits/women/86.jpg', 'medium': 'https://randomuser.me/api/portraits/med/women/86.jpg', 'thumbnail': 'https://randomuser.me/api/portraits/thumb/women/86.jpg'}</msg>
<arg>${json_data['results'][0]['picture']}</arg>
<doc>Logs the given message with the given level.</doc>
<status status="PASS" start="2024-03-20T18:16:35.230869" elapsed="0.000369"/>
</kw>
<status status="PASS" start="2024-03-20T18:16:35.136117" elapsed="0.095379"/>
</kw>
<kw name="Teste de Tipos de Dados - Postcode">
<kw name="GET On Session" owner="RequestsLibrary">
<msg time="2024-03-20T18:16:35.319966" level="INFO">GET Request : url=https://randomuser.me/api 
 path_url=/api 
 headers={'User-Agent': 'python-requests/2.31.0', 'Accept-Encoding': 'gzip, deflate', 'Accept': '*/*', 'Connection': 'keep-alive'} 
 body=None 
 </msg>
<msg time="2024-03-20T18:16:35.320047" level="INFO">GET Response : url=https://randomuser.me/api 
 status=200, reason=OK 
 headers={'Date': 'Wed, 20 Mar 2024 18:16:35 GMT', 'Content-Type': 'application/json; charset=utf-8', 'Transfer-Encoding': 'chunked', 'Connection': 'keep-alive', 'X-Powered-By': 'Express', 'Access-Control-Allow-Origin': '*', 'Cache-Control': 'no-cache', 'ETag': 'W/"48a-pbG46+LEzejQlxscJlw8dKCR0mE"', 'Vary': 'Accept-Encoding', 'Content-Encoding': 'gzip', 'CF-Cache-Status': 'DYNAMIC', 'Report-To': '{"endpoints":[{"url":"https:\\/\\/a.nel.cloudflare.com\\/report\\/v4?s=P77n8GpKSl59Vl1d1gnNsYreIZFSkUOO2n9J1GMgMzZzOMFaRbQwcD8CBYvSE%2BWL2z%2FLrWasxqufNS2RYAfIUkKAO5puGLtFztoIBjAnovgKKB6jPTolbZwZmx7D8Oea"}],"group":"cf-nel","max_age":604800}', 'NEL': '{"success_fraction":0,"report_to":"cf-nel","max_age":604800}', 'Server': 'cloudflare', 'CF-RAY': '8677b1b44f4e2530-SJC', 'alt-svc': 'h3=":443"; ma=86400'} 
 body={"results":[{"gender":"male","name":{"title":"Mr","first":"Adam","last":"Hall"},"location":{"street":{"number":9922,"name":"South Western Arterial"},"city":"Nelson","state":"Waikato","country":"New Zealand","postcode":57661,"coordinates":{"latitude":"48.9745","longitude":"-54.5753"},"timezone":{"offset":"+3:00","description":"Baghdad, Riyadh, Moscow, St. Petersburg"}},"email":"adam.hall@example.com","login":{"uuid":"039fc8d8-a11e-410b-997a-2c3606cfb4c4","username":"heavyostrich239","password":"mini","salt":"Pfe3eaTf","md5":"dc2ee1962daf26724dd6a46a0bf55c60","sha1":"6cc759012655c0b59c52fc7841c0b514c7cc6f5f","sha256":"7b7363138162ac2cb46ba3e732bcff4c945e361f3b8da83f99797f3ed81d2529"},"dob":{"date":"1989-06-21T21:09:38.835Z","age":34},"registered":{"date":"2006-02-26T03:02:44.683Z","age":18},"phone":"(038)-973-7328","cell":"(320)-102-8260","id":{"name":"","value":null},"picture":{"large":"https://randomuser.me/api/portraits/men/40.jpg","medium":"https://randomuser.me/api/portraits/med/men/40.jpg","thumbnail":"https://randomuser.me/api/portraits/thumb/men/40.jpg"},"nat":"NZ"}],"info":{"seed":"493c36cb4c724657","results":1,"page":1,"version":"1.4"}} 
 </msg>
<msg time="2024-03-20T18:16:35.320119" level="INFO">/opt/hostedtoolcache/Python/3.12.2/x64/lib/python3.12/site-packages/urllib3/connectionpool.py:1103: InsecureRequestWarning: Unverified HTTPS request is being made to host 'randomuser.me'. Adding certificate verification is strongly advised. See: https://urllib3.readthedocs.io/en/latest/advanced-usage.html#tls-warnings
  warnings.warn(</msg>
<msg time="2024-03-20T18:16:35.320236" level="INFO">${response} = &lt;Response [200]&gt;</msg>
<var>${response}</var>
<arg>consultarAPI</arg>
<arg>/api</arg>
<doc>Sends a GET request on a previously created HTTP Session.</doc>
<status status="PASS" start="2024-03-20T18:16:35.231918" elapsed="0.088373"/>
</kw>
<kw name="Set Variable" owner="BuiltIn">
<msg time="2024-03-20T18:16:35.321326" level="INFO">${json_data} = {'results': [{'gender': 'male', 'name': {'title': 'Mr', 'first': 'Adam', 'last': 'Hall'}, 'location': {'street': {'number': 9922, 'name': 'South Western Arterial'}, 'city': 'Nelson', 'state': 'Waikato...</msg>
<var>${json_data}</var>
<arg>${response.json()}</arg>
<doc>Returns the given values which can then be assigned to a variables.</doc>
<status status="PASS" start="2024-03-20T18:16:35.320747" elapsed="0.000608"/>
</kw>
<kw name="Log" owner="BuiltIn">
<msg time="2024-03-20T18:16:35.321860" level="INFO">{'results': [{'gender': 'male', 'name': {'title': 'Mr', 'first': 'Adam', 'last': 'Hall'}, 'location': {'street': {'number': 9922, 'name': 'South Western Arterial'}, 'city': 'Nelson', 'state': 'Waikato', 'country': 'New Zealand', 'postcode': 57661, 'coordinates': {'latitude': '48.9745', 'longitude': '-54.5753'}, 'timezone': {'offset': '+3:00', 'description': 'Baghdad, Riyadh, Moscow, St. Petersburg'}}, 'email': 'adam.hall@example.com', 'login': {'uuid': '039fc8d8-a11e-410b-997a-2c3606cfb4c4', 'username': 'heavyostrich239', 'password': 'mini', 'salt': 'Pfe3eaTf', 'md5': 'dc2ee1962daf26724dd6a46a0bf55c60', 'sha1': '6cc759012655c0b59c52fc7841c0b514c7cc6f5f', 'sha256': '7b7363138162ac2cb46ba3e732bcff4c945e361f3b8da83f99797f3ed81d2529'}, 'dob': {'date': '1989-06-21T21:09:38.835Z', 'age': 34}, 'registered': {'date': '2006-02-26T03:02:44.683Z', 'age': 18}, 'phone': '(038)-973-7328', 'cell': '(320)-102-8260', 'id': {'name': '', 'value': None}, 'picture': {'large': 'https://randomuser.me/api/portraits/men/40.jpg', 'medium': 'https://randomuser.me/api/portraits/med/men/40.jpg', 'thumbnail': 'https://randomuser.me/api/portraits/thumb/men/40.jpg'}, 'nat': 'NZ'}], 'info': {'seed': '493c36cb4c724657', 'results': 1, 'page': 1, 'version': '1.4'}}</msg>
<arg>${json_data}</arg>
<doc>Logs the given message with the given level.</doc>
<status status="PASS" start="2024-03-20T18:16:35.321706" elapsed="0.000232"/>
</kw>
<kw name="Should Be Equal As Numbers" owner="BuiltIn">
<arg>${json_data['results'][0]['location']['postcode']}</arg>
<arg>${json_data['results'][0]['location']['postcode']}</arg>
<doc>Fails if objects are unequal after converting them to real numbers.</doc>
<status status="PASS" start="2024-03-20T18:16:35.322253" elapsed="0.000629"/>
</kw>
<kw name="Log" owner="BuiltIn">
<msg time="2024-03-20T18:16:35.323413" level="INFO">57661</msg>
<arg>${json_data['results'][0]['location']['postcode']}</arg>
<doc>Logs the given message with the given level.</doc>
<status status="PASS" start="2024-03-20T18:16:35.323074" elapsed="0.000382"/>
</kw>
<status status="PASS" start="2024-03-20T18:16:35.231704" elapsed="0.092007"/>
</kw>
<doc>Testa se os tipos de dados na resposta da API estão corretos.</doc>
<tag>testeTiposDados</tag>
<status status="PASS" start="2024-03-20T18:16:35.135681" elapsed="0.188192"/>
</test>
<test id="s1-s1-t5" name="Validar conteudo" line="46">
<kw name="Teste de Tipos de Conteudo">
<kw name="GET On Session" owner="RequestsLibrary">
<msg time="2024-03-20T18:16:35.421275" level="INFO">GET Request : url=https://randomuser.me/api 
 path_url=/api 
 headers={'User-Agent': 'python-requests/2.31.0', 'Accept-Encoding': 'gzip, deflate', 'Accept': '*/*', 'Connection': 'keep-alive'} 
 body=None 
 </msg>
<msg time="2024-03-20T18:16:35.421361" level="INFO">GET Response : url=https://randomuser.me/api 
 status=200, reason=OK 
 headers={'Date': 'Wed, 20 Mar 2024 18:16:35 GMT', 'Content-Type': 'application/json; charset=utf-8', 'Transfer-Encoding': 'chunked', 'Connection': 'keep-alive', 'X-Powered-By': 'Express', 'Access-Control-Allow-Origin': '*', 'Cache-Control': 'no-cache', 'ETag': 'W/"478-dHBH87I0wN5aMatPBOacyuAq5DY"', 'Vary': 'Accept-Encoding', 'Content-Encoding': 'gzip', 'CF-Cache-Status': 'DYNAMIC', 'Report-To': '{"endpoints":[{"url":"https:\\/\\/a.nel.cloudflare.com\\/report\\/v4?s=Ws962acgGMvB%2BiS%2BimxWN2ZseXPnuGh4UHIiAk0OvJ0CzHBQWXLlY%2Bs87A4R5w5Oy4PWrm4ETPQcjOXpr6f19xYbPc53xdpAXRd7NwRR5JgX%2B%2FMC3lRoWlinAe1ytTjk"}],"group":"cf-nel","max_age":604800}', 'NEL': '{"success_fraction":0,"report_to":"cf-nel","max_age":604800}', 'Server': 'cloudflare', 'CF-RAY': '8677b1b4dfbd2530-SJC', 'alt-svc': 'h3=":443"; ma=86400'} 
 body={"results":[{"gender":"male","name":{"title":"Mr","first":"Vojislav","last":"Karanović"},"location":{"street":{"number":4094,"name":"Vranovačka"},"city":"Krupanj","state":"Podunavlje","country":"Serbia","postcode":65159,"coordinates":{"latitude":"60.7974","longitude":"-154.1266"},"timezone":{"offset":"-9:00","description":"Alaska"}},"email":"vojislav.karanovic@example.com","login":{"uuid":"e416f599-80ca-4d00-845d-a0e60dd33dc8","username":"goldenswan687","password":"concrete","salt":"GaWPZcac","md5":"86adf93042eafef1258d303c451bd5c8","sha1":"62c69a1e34915290b42b1e96c7e65a4b291b579e","sha256":"db4e369d1e2bac3aece125049bf7ffa21cabfb7772e15d25d8a93990b5e61078"},"dob":{"date":"1944-12-12T13:54:12.404Z","age":79},"registered":{"date":"2020-12-30T10:34:08.349Z","age":3},"phone":"018-8228-758","cell":"064-2837-178","id":{"name":"SID","value":"314104131"},"picture":{"large":"https://randomuser.me/api/portraits/men/40.jpg","medium":"https://randomuser.me/api/portraits/med/men/40.jpg","thumbnail":"https://randomuser.me/api/portraits/thumb/men/40.jpg"},"nat":"RS"}],"info":{"seed":"07385ad4f527fa3a","results":1,"page":1,"version":"1.4"}} 
 </msg>
<msg time="2024-03-20T18:16:35.421468" level="INFO">/opt/hostedtoolcache/Python/3.12.2/x64/lib/python3.12/site-packages/urllib3/connectionpool.py:1103: InsecureRequestWarning: Unverified HTTPS request is being made to host 'randomuser.me'. Adding certificate verification is strongly advised. See: https://urllib3.readthedocs.io/en/latest/advanced-usage.html#tls-warnings
  warnings.warn(</msg>
<msg time="2024-03-20T18:16:35.421583" level="INFO">${response} = &lt;Response [200]&gt;</msg>
<var>${response}</var>
<arg>consultarAPI</arg>
<arg>/api</arg>
<doc>Sends a GET request on a previously created HTTP Session.</doc>
<status status="PASS" start="2024-03-20T18:16:35.326236" elapsed="0.095386"/>
</kw>
<kw name="Set Variable" owner="BuiltIn">
<msg time="2024-03-20T18:16:35.422451" level="INFO">${json_data} = {'results': [{'gender': 'male', 'name': {'title': 'Mr', 'first': 'Vojislav', 'last': 'Karanović'}, 'location': {'street': {'number': 4094, 'name': 'Vranovačka'}, 'city': 'Krupanj', 'state': 'Podunavlj...</msg>
<var>${json_data}</var>
<arg>${response.json()}</arg>
<doc>Returns the given values which can then be assigned to a variables.</doc>
<status status="PASS" start="2024-03-20T18:16:35.422007" elapsed="0.000474"/>
</kw>
<kw name="Set Variable" owner="BuiltIn">
<msg time="2024-03-20T18:16:35.423164" level="INFO">${name_title} = Mr</msg>
<var>${name_title}</var>
<arg>${json_data["results"][0]["name"]["title"]}</arg>
<doc>Returns the given values which can then be assigned to a variables.</doc>
<status status="PASS" start="2024-03-20T18:16:35.422780" elapsed="0.000409"/>
</kw>
<kw name="Create List" owner="BuiltIn">
<msg time="2024-03-20T18:16:35.423627" level="INFO">${allowed_titles} = ['Mr', 'Ms', 'Miss', 'Mrs', 'Madame', 'Monsieur']</msg>
<var>${allowed_titles}</var>
<arg>Mr</arg>
<arg>Ms</arg>
<arg>Miss</arg>
<arg>Mrs</arg>
<arg>Madame</arg>
<arg>Monsieur</arg>
<doc>Returns a list containing given items.</doc>
<status status="PASS" start="2024-03-20T18:16:35.423478" elapsed="0.000173"/>
</kw>
<kw name="List Should Contain Value" owner="Collections">
<msg time="2024-03-20T18:16:35.424110" level="INFO">False</msg>
<arg>${allowed_titles}</arg>
<arg>${name_title}</arg>
<doc>Fails if the ``value`` is not found from ``list``.</doc>
<status status="PASS" start="2024-03-20T18:16:35.423944" elapsed="0.000203"/>
</kw>
<kw name="Set Variable" owner="BuiltIn">
<msg time="2024-03-20T18:16:35.424810" level="INFO">${name_country} = RS</msg>
<var>${name_country}</var>
<arg>${json_data["results"][0]["nat"]}</arg>
<doc>Returns the given values which can then be assigned to a variables.</doc>
<status status="PASS" start="2024-03-20T18:16:35.424437" elapsed="0.000398"/>
</kw>
<kw name="Create List" owner="BuiltIn">
<msg time="2024-03-20T18:16:35.425778" level="INFO">${list_country} = ['AD', 'AE', 'AF', 'AG', 'AI', 'AL', 'AM', 'AO', 'AQ', 'AR', 'AS', 'AT', 'AU', 'AW', 'AX', 'AZ', 'BA', 'BB', 'BD', 'BE', 'BF', 'BG', 'BH', 'BI', 'BJ', 'BL', 'BM', 'BN', 'BO', 'BQ', 'BR', 'BS', 'BT', '...</msg>
<var>${list_country}</var>
<arg>AD</arg>
<arg>AE</arg>
<arg>AF</arg>
<arg>AG</arg>
<arg>AI</arg>
<arg>AL</arg>
<arg>AM</arg>
<arg>AO</arg>
<arg>AQ</arg>
<arg>AR</arg>
<arg>AS</arg>
<arg>AT</arg>
<arg>AU</arg>
<arg>AW</arg>
<arg>AX</arg>
<arg>AZ</arg>
<arg>BA</arg>
<arg>BB</arg>
<arg>BD</arg>
<arg>BE</arg>
<arg>BF</arg>
<arg>BG</arg>
<arg>BH</arg>
<arg>BI</arg>
<arg>BJ</arg>
<arg>BL</arg>
<arg>BM</arg>
<arg>BN</arg>
<arg>BO</arg>
<arg>BQ</arg>
<arg>BR</arg>
<arg>BS</arg>
<arg>BT</arg>
<arg>BV</arg>
<arg>BW</arg>
<arg>BY</arg>
<arg>BZ</arg>
<arg>CA</arg>
<arg>CC</arg>
<arg>CD</arg>
<arg>CF</arg>
<arg>CG</arg>
<arg>CH</arg>
<arg>CI</arg>
<arg>CK</arg>
<arg>CL</arg>
<arg>CM</arg>
<arg>CN</arg>
<arg>CO</arg>
<arg>CR</arg>
<arg>CU</arg>
<arg>CV</arg>
<arg>CW</arg>
<arg>CX</arg>
<arg>CY</arg>
<arg>CZ</arg>
<arg>DE</arg>
<arg>DJ</arg>
<arg>DK</arg>
<arg>DM</arg>
<arg>DO</arg>
<arg>DZ</arg>
<arg>EC</arg>
<arg>EE</arg>
<arg>EG</arg>
<arg>EH</arg>
<arg>ER</arg>
<arg>ES</arg>
<arg>ET</arg>
<arg>FI</arg>
<arg>FJ</arg>
<arg>FK</arg>
<arg>FM</arg>
<arg>FO</arg>
<arg>FR</arg>
<arg>GA</arg>
<arg>GB</arg>
<arg>GD</arg>
<arg>GE</arg>
<arg>GF</arg>
<arg>GG</arg>
<arg>GH</arg>
<arg>GI</arg>
<arg>GL</arg>
<arg>GM</arg>
<arg>GN</arg>
<arg>GP</arg>
<arg>GQ</arg>
<arg>GR</arg>
<arg>GS</arg>
<arg>GT</arg>
<arg>GU</arg>
<arg>GW</arg>
<arg>GY</arg>
<arg>HK</arg>
<arg>HM</arg>
<arg>HN</arg>
<arg>HR</arg>
<arg>HT</arg>
<arg>HU</arg>
<arg>ID</arg>
<arg>IE</arg>
<arg>IL</arg>
<arg>IM</arg>
<arg>IN</arg>
<arg>IO</arg>
<arg>IQ</arg>
<arg>IR</arg>
<arg>IS</arg>
<arg>IT</arg>
<arg>JE</arg>
<arg>JM</arg>
<arg>JO</arg>
<arg>JP</arg>
<arg>KE</arg>
<arg>KG</arg>
<arg>KH</arg>
<arg>KI</arg>
<arg>KM</arg>
<arg>KN</arg>
<arg>KP</arg>
<arg>KR</arg>
<arg>KW</arg>
<arg>KY</arg>
<arg>KZ</arg>
<arg>LA</arg>
<arg>LB</arg>
<arg>LC</arg>
<arg>LI</arg>
<arg>LK</arg>
<arg>LR</arg>
<arg>LS</arg>
<arg>LT</arg>
<arg>LU</arg>
<arg>LV</arg>
<arg>LY</arg>
<arg>MA</arg>
<arg>MC</arg>
<arg>MD</arg>
<arg>ME</arg>
<arg>MF</arg>
<arg>MG</arg>
<arg>MH</arg>
<arg>MK</arg>
<arg>ML</arg>
<arg>MM</arg>
<arg>MN</arg>
<arg>MO</arg>
<arg>MP</arg>
<arg>MQ</arg>
<arg>MR</arg>
<arg>MS</arg>
<arg>MT</arg>
<arg>MU</arg>
<arg>MV</arg>
<arg>MW</arg>
<arg>MX</arg>
<arg>MY</arg>
<arg>MZ</arg>
<arg>NA</arg>
<arg>NC</arg>
<arg>NE</arg>
<arg>NF</arg>
<arg>NG</arg>
<arg>NI</arg>
<arg>NL</arg>
<arg>NO</arg>
<arg>NP</arg>
<arg>NR</arg>
<arg>NU</arg>
<arg>NZ</arg>
<arg>OM</arg>
<arg>PA</arg>
<arg>PE</arg>
<arg>PF</arg>
<arg>PG</arg>
<arg>PH</arg>
<arg>PK</arg>
<arg>PL</arg>
<arg>PM</arg>
<arg>PN</arg>
<arg>PR</arg>
<arg>PS</arg>
<arg>PT</arg>
<arg>PW</arg>
<arg>PY</arg>
<arg>QA</arg>
<arg>RE</arg>
<arg>RO</arg>
<arg>RS</arg>
<arg>RU</arg>
<arg>RW</arg>
<arg>SA</arg>
<arg>SB</arg>
<arg>SC</arg>
<arg>SD</arg>
<arg>SE</arg>
<arg>SG</arg>
<arg>SH</arg>
<arg>SI</arg>
<arg>SJ</arg>
<arg>SK</arg>
<arg>SL</arg>
<arg>SM</arg>
<arg>SN</arg>
<arg>SO</arg>
<arg>SR</arg>
<arg>SS</arg>
<arg>ST</arg>
<arg>SV</arg>
<arg>SX</arg>
<arg>SY</arg>
<arg>SZ</arg>
<arg>TC</arg>
<arg>TD</arg>
<arg>TF</arg>
<arg>TG</arg>
<arg>TH</arg>
<arg>TJ</arg>
<arg>TK</arg>
<arg>TL</arg>
<arg>TM</arg>
<arg>TN</arg>
<arg>TO</arg>
<arg>TR</arg>
<arg>TT</arg>
<arg>TV</arg>
<arg>TW</arg>
<arg>TZ</arg>
<arg>UA</arg>
<arg>UG</arg>
<arg>UM</arg>
<arg>US</arg>
<arg>UY</arg>
<arg>UZ</arg>
<arg>VA</arg>
<arg>VC</arg>
<arg>VE</arg>
<arg>VG</arg>
<arg>VI</arg>
<arg>VN</arg>
<arg>VU</arg>
<arg>WF</arg>
<arg>WS</arg>
<arg>XK</arg>
<arg>YE</arg>
<arg>YT</arg>
<arg>ZA</arg>
<arg>ZM</arg>
<arg>ZW</arg>
<doc>Returns a list containing given items.</doc>
<status status="PASS" start="2024-03-20T18:16:35.425137" elapsed="0.000668"/>
</kw>
<kw name="List Should Contain Value" owner="Collections">
<msg time="2024-03-20T18:16:35.426935" level="INFO">False</msg>
<arg>${list_country}</arg>
<arg>${name_country}</arg>
<doc>Fails if the ``value`` is not found from ``list``.</doc>
<status status="PASS" start="2024-03-20T18:16:35.426723" elapsed="0.000250"/>
</kw>
<kw name="Run Keyword If" owner="BuiltIn">
<kw name="Should Be True" owner="BuiltIn">
<arg>${True}</arg>
<doc>Fails if the given condition is not true.</doc>
<status status="PASS" start="2024-03-20T18:16:35.428004" elapsed="0.000145"/>
</kw>
<arg>${json_data["results"][0]["location"]["coordinates"]["latitude"]} &gt;= -90 and ${json_data["results"][0]["location"]["coordinates"]["latitude"]} &lt;= 90</arg>
<arg>Should Be True</arg>
<arg>${True}</arg>
<doc>Runs the given keyword with the given arguments, if ``condition`` is true.</doc>
<status status="PASS" start="2024-03-20T18:16:35.427280" elapsed="0.000999"/>
</kw>
<kw name="Run Keyword If" owner="BuiltIn">
<kw name="Should Be True" owner="BuiltIn">
<arg>${True}</arg>
<doc>Fails if the given condition is not true.</doc>
<status status="PASS" start="2024-03-20T18:16:35.429163" elapsed="0.000139"/>
</kw>
<arg>${json_data["results"][0]["location"]["coordinates"]["longitude"]} &gt;= -180 and ${json_data["results"][0]["location"]["coordinates"]["longitude"]} &lt;= 180</arg>
<arg>Should Be True</arg>
<arg>${True}</arg>
<doc>Runs the given keyword with the given arguments, if ``condition`` is true.</doc>
<status status="PASS" start="2024-03-20T18:16:35.428460" elapsed="0.000989"/>
</kw>
<status status="PASS" start="2024-03-20T18:16:35.326022" elapsed="0.103569"/>
</kw>
<doc>Testa o conteúdo específico dos campos retornados pela API.</doc>
<tag>testeConteudo</tag>
<status status="PASS" start="2024-03-20T18:16:35.325612" elapsed="0.104125"/>
</test>
<status status="PASS" start="2024-03-20T18:16:34.624118" elapsed="0.807497"/>
</suite>
<status status="PASS" start="2024-03-20T18:16:34.610396" elapsed="0.826443"/>
</suite>
<statistics>
<total>
<stat pass="5" fail="0" skip="0">All Tests</stat>
</total>
<tag>
<stat pass="1" fail="0" skip="0">testeConteudo</stat>
<stat pass="1" fail="0" skip="0">testeEstruturaResposta</stat>
<stat pass="1" fail="0" skip="0">testeRequisicaoBasica</stat>
<stat pass="1" fail="0" skip="0">testeTiposDados</stat>
</tag>
<suite>
<stat pass="5" fail="0" skip="0" id="s1" name="Tests">Tests</stat>
<stat pass="5" fail="0" skip="0" id="s1-s1" name="Random-User-Test">Tests.Random-User-Test</stat>
</suite>
</statistics>
<errors>
</errors>
</robot>
