<?xml version="1.0" encoding="UTF-8"?>
<robot generator="Robot 7.0.1 (Python 3.12.4 on linux)" generated="2024-07-31T14:14:03.242364" rpa="false" schemaversion="5">
<suite id="s1" name="Tests" source="/home/runner/work/ApiRandomUser/ApiRandomUser/RamdonUser/tests">
<suite id="s1-s1" name="Random-User-Test" source="/home/runner/work/ApiRandomUser/ApiRandomUser/RamdonUser/tests/random-user-test.robot">
<test id="s1-s1-t1" name="Conectar" line="13">
<kw name="Conectar API" owner="random-user-service">
<kw name="Create Session" owner="RequestsLibrary">
<msg time="2024-07-31T14:14:03.653085" level="INFO">Creating Session using : alias=consultarAPI, url=https://randomuser.me/, headers={},                     cookies={}, auth=None, timeout=None, proxies=None, verify=False,                     debug=0 </msg>
<arg>consultarAPI</arg>
<arg>${URL}</arg>
<doc>Create Session: create a HTTP session to a server</doc>
<status status="PASS" start="2024-07-31T14:14:03.652853" elapsed="0.000452"/>
</kw>
<status status="PASS" start="2024-07-31T14:14:03.651690" elapsed="0.002007"/>
</kw>
<status status="PASS" start="2024-07-31T14:14:03.651032" elapsed="0.002880"/>
</test>
<test id="s1-s1-t2" name="Validar retorno 200 e JSON Válido" line="16">
<kw name="Teste de Requisicao Basica" owner="random-user-service">
<kw name="GET On Session" owner="RequestsLibrary">
<msg time="2024-07-31T14:14:07.125359" level="INFO">GET Request : url=https://randomuser.me/api 
 path_url=/api 
 headers={'User-Agent': 'python-requests/2.32.3', 'Accept-Encoding': 'gzip, deflate', 'Accept': '*/*', 'Connection': 'keep-alive'} 
 body=None 
 </msg>
<msg time="2024-07-31T14:14:07.125534" level="INFO">GET Response : url=https://randomuser.me/api 
 status=200, reason=OK 
 headers={'Date': 'Wed, 31 Jul 2024 14:14:07 GMT', 'Content-Type': 'application/json; charset=utf-8', 'Transfer-Encoding': 'chunked', 'Connection': 'keep-alive', 'X-Powered-By': 'Express', 'Access-Control-Allow-Origin': '*', 'Cache-Control': 'no-cache', 'ETag': 'W/"489-27HDe7r0QZ1e7HcoOxooLw6KBQw"', 'Vary': 'Accept-Encoding', 'Content-Encoding': 'gzip', 'CF-Cache-Status': 'DYNAMIC', 'Report-To': '{"endpoints":[{"url":"https:\\/\\/a.nel.cloudflare.com\\/report\\/v4?s=GqR0DIuceQNbmkpnfh0Kpft562ft%2F4E5ybeJuAV67aPguALBFHlZIbGdEU7Ex%2By2HwCYpIc0wBAtAayXRsB9szh6ZS1FtzwV8PF8QKccoR%2FyHaHQJmSDukDna2EuP4QS"}],"group":"cf-nel","max_age":604800}', 'NEL': '{"success_fraction":0,"report_to":"cf-nel","max_age":604800}', 'Server': 'cloudflare', 'CF-RAY': '8abe3151cb4b3913-IAD', 'alt-svc': 'h3=":443"; ma=86400'} 
 body={"results":[{"gender":"female","name":{"title":"Ms","first":"Roswita","last":"Buck"},"location":{"street":{"number":3535,"name":"Kapellenweg"},"city":"Meckenheim","state":"Saarland","country":"Germany","postcode":30550,"coordinates":{"latitude":"-48.6406","longitude":"78.1023"},"timezone":{"offset":"+7:00","description":"Bangkok, Hanoi, Jakarta"}},"email":"roswita.buck@example.com","login":{"uuid":"d1fc578b-351c-4819-a098-39d1083e7fb8","username":"orangeduck620","password":"monkeys","salt":"ugWHfJ6c","md5":"49ca01b6c940479c0d4eb12a2d625a47","sha1":"b3f58d10e8c6612effa47f749ec127e91bc0767d","sha256":"09ec3b56dc05236aa24ebd6daabcbbf111cfa7fab0f7aa3e3bfd0c1ff9d09e2c"},"dob":{"date":"1991-11-16T21:11:29.765Z","age":32},"registered":{"date":"2004-06-11T14:32:56.854Z","age":20},"phone":"0518-4975193","cell":"0177-5369473","id":{"name":"SVNR","value":"04 161191 B 771"},"picture":{"large":"https://randomuser.me/api/portraits/women/2.jpg","medium":"https://randomuser.me/api/portraits/med/women/2.jpg","thumbnail":"https://randomuser.me/api/portraits/thumb/women/2.jpg"},"nat":"DE"}],"info":{"seed":"a8f29857953fccb1","results":1,"page":1,"version":"1.4"}} 
 </msg>
<msg time="2024-07-31T14:14:07.125622" level="INFO">/opt/hostedtoolcache/Python/3.12.4/x64/lib/python3.12/site-packages/urllib3/connectionpool.py:1099: InsecureRequestWarning: Unverified HTTPS request is being made to host 'randomuser.me'. Adding certificate verification is strongly advised. See: https://urllib3.readthedocs.io/en/latest/advanced-usage.html#tls-warnings
  warnings.warn(</msg>
<msg time="2024-07-31T14:14:07.125765" level="INFO">${response} = &lt;Response [200]&gt;</msg>
<var>${response}</var>
<arg>consultarAPI</arg>
<arg>/api</arg>
<doc>Sends a GET request on a previously created HTTP Session.</doc>
<status status="PASS" start="2024-07-31T14:14:03.656617" elapsed="3.469191"/>
</kw>
<kw name="Should Be Equal As Numbers" owner="BuiltIn">
<msg time="2024-07-31T14:14:07.127520" level="INFO">Argument types are:
&lt;class 'int'&gt;
&lt;class 'str'&gt;</msg>
<arg>${response.status_code}</arg>
<arg>200</arg>
<doc>Fails if objects are unequal after converting them to real numbers.</doc>
<status status="PASS" start="2024-07-31T14:14:07.127059" elapsed="0.000525"/>
</kw>
<kw name="Log" owner="BuiltIn">
<msg time="2024-07-31T14:14:07.132314" level="INFO">200</msg>
<arg>${response.status_code}</arg>
<doc>Logs the given message with the given level.</doc>
<status status="PASS" start="2024-07-31T14:14:07.131753" elapsed="0.000617"/>
</kw>
<kw name="Set Variable" owner="BuiltIn">
<msg time="2024-07-31T14:14:07.133187" level="INFO">${json_data} = {'results': [{'gender': 'female', 'name': {'title': 'Ms', 'first': 'Roswita', 'last': 'Buck'}, 'location': {'street': {'number': 3535, 'name': 'Kapellenweg'}, 'city': 'Meckenheim', 'state': 'Saarland'...</msg>
<var>${json_data}</var>
<arg>${response.json()}</arg>
<doc>Returns the given values which can then be assigned to a variables.</doc>
<status status="PASS" start="2024-07-31T14:14:07.132747" elapsed="0.000470"/>
</kw>
<kw name="Dictionary Should Contain Key" owner="Collections">
<arg>${json_data}</arg>
<arg>results</arg>
<doc>Fails if ``key`` is not found from ``dictionary``.</doc>
<status status="PASS" start="2024-07-31T14:14:07.133544" elapsed="0.000380"/>
</kw>
<status status="PASS" start="2024-07-31T14:14:03.656345" elapsed="3.477775"/>
</kw>
<doc>Testa se a API responde corretamente e retorna um objeto JSON válido.</doc>
<tag>testeRequisicaoBasica</tag>
<status status="PASS" start="2024-07-31T14:14:03.655815" elapsed="3.478512"/>
</test>
<test id="s1-s1-t3" name="Validar estrutura de resposta" line="22">
<kw name="Teste de Estrutura de Resposta" owner="random-user-service">
<kw name="GET On Session" owner="RequestsLibrary">
<msg time="2024-07-31T14:14:10.034860" level="INFO">GET Request : url=https://randomuser.me/api 
 path_url=/api 
 headers={'User-Agent': 'python-requests/2.32.3', 'Accept-Encoding': 'gzip, deflate', 'Accept': '*/*', 'Connection': 'keep-alive'} 
 body=None 
 </msg>
<msg time="2024-07-31T14:14:10.034976" level="INFO">GET Response : url=https://randomuser.me/api 
 status=200, reason=OK 
 headers={'Date': 'Wed, 31 Jul 2024 14:14:10 GMT', 'Content-Type': 'application/json; charset=utf-8', 'Transfer-Encoding': 'chunked', 'Connection': 'keep-alive', 'X-Powered-By': 'Express', 'Access-Control-Allow-Origin': '*', 'Cache-Control': 'no-cache', 'ETag': 'W/"498-D5moQFhfu+pjYaFxIjTURPX6lrM"', 'Vary': 'Accept-Encoding', 'Content-Encoding': 'gzip', 'CF-Cache-Status': 'DYNAMIC', 'Report-To': '{"endpoints":[{"url":"https:\\/\\/a.nel.cloudflare.com\\/report\\/v4?s=SltEOKh15WO9ooi3QxoAn8wlvuQWdZ3DZgd9fVLntAjSo0UgYXo%2BTwO%2FX6GDTBh0xG1nf3LfW2HgTGd3yk9oSriAdSS1QQ16LwZdlkQNSCOIW%2BiSbLraT7YTarMf%2BN4m"}],"group":"cf-nel","max_age":604800}', 'NEL': '{"success_fraction":0,"report_to":"cf-nel","max_age":604800}', 'Server': 'cloudflare', 'CF-RAY': '8abe3166ab9c3913-IAD', 'alt-svc': 'h3=":443"; ma=86400'} 
 body={"results":[{"gender":"male","name":{"title":"Mr","first":"Milorad","last":"Srejović"},"location":{"street":{"number":6132,"name":"Vinogradski Venac"},"city":"Dimitrovgrad","state":"Mačva","country":"Serbia","postcode":62301,"coordinates":{"latitude":"63.8220","longitude":"-128.8682"},"timezone":{"offset":"+10:00","description":"Eastern Australia, Guam, Vladivostok"}},"email":"milorad.srejovic@example.com","login":{"uuid":"7cf9e349-aa34-4804-9ccb-df08be51ef5a","username":"silverpanda874","password":"roxy","salt":"OMntHcrZ","md5":"f877a80d6c1eb1ad86f1762a05cef6fe","sha1":"293d6468a0c5719aab39daa84c413fb97b4a69d3","sha256":"422d401d21bd604e9753ff54e2c24dcd7e904e0e87312d50dccc1174086c4f75"},"dob":{"date":"1998-02-07T09:27:17.266Z","age":26},"registered":{"date":"2003-04-17T01:02:02.223Z","age":21},"phone":"039-3099-361","cell":"064-9586-573","id":{"name":"SID","value":"765820782"},"picture":{"large":"https://randomuser.me/api/portraits/men/50.jpg","medium":"https://randomuser.me/api/portraits/med/men/50.jpg","thumbnail":"https://randomuser.me/api/portraits/thumb/men/50.jpg"},"nat":"RS"}],"info":{"seed":"265ba30ee7a8c311","results":1,"page":1,"version":"1.4"}} 
 </msg>
<msg time="2024-07-31T14:14:10.035127" level="INFO">/opt/hostedtoolcache/Python/3.12.4/x64/lib/python3.12/site-packages/urllib3/connectionpool.py:1099: InsecureRequestWarning: Unverified HTTPS request is being made to host 'randomuser.me'. Adding certificate verification is strongly advised. See: https://urllib3.readthedocs.io/en/latest/advanced-usage.html#tls-warnings
  warnings.warn(</msg>
<msg time="2024-07-31T14:14:10.035255" level="INFO">${response} = &lt;Response [200]&gt;</msg>
<var>${response}</var>
<arg>consultarAPI</arg>
<arg>/api</arg>
<doc>Sends a GET request on a previously created HTTP Session.</doc>
<status status="PASS" start="2024-07-31T14:14:07.137484" elapsed="2.897811"/>
</kw>
<kw name="Set Variable" owner="BuiltIn">
<msg time="2024-07-31T14:14:10.036511" level="INFO">${json_data} = {'results': [{'gender': 'male', 'name': {'title': 'Mr', 'first': 'Milorad', 'last': 'Srejović'}, 'location': {'street': {'number': 6132, 'name': 'Vinogradski Venac'}, 'city': 'Dimitrovgrad', 'state': ...</msg>
<var>${json_data}</var>
<arg>${response.json()}</arg>
<doc>Returns the given values which can then be assigned to a variables.</doc>
<status status="PASS" start="2024-07-31T14:14:10.035913" elapsed="0.000629"/>
</kw>
<kw name="Log" owner="BuiltIn">
<msg time="2024-07-31T14:14:10.037030" level="INFO">{'results': [{'gender': 'male', 'name': {'title': 'Mr', 'first': 'Milorad', 'last': 'Srejović'}, 'location': {'street': {'number': 6132, 'name': 'Vinogradski Venac'}, 'city': 'Dimitrovgrad', 'state': 'Mačva', 'country': 'Serbia', 'postcode': 62301, 'coordinates': {'latitude': '63.8220', 'longitude': '-128.8682'}, 'timezone': {'offset': '+10:00', 'description': 'Eastern Australia, Guam, Vladivostok'}}, 'email': 'milorad.srejovic@example.com', 'login': {'uuid': '7cf9e349-aa34-4804-9ccb-df08be51ef5a', 'username': 'silverpanda874', 'password': 'roxy', 'salt': 'OMntHcrZ', 'md5': 'f877a80d6c1eb1ad86f1762a05cef6fe', 'sha1': '293d6468a0c5719aab39daa84c413fb97b4a69d3', 'sha256': '422d401d21bd604e9753ff54e2c24dcd7e904e0e87312d50dccc1174086c4f75'}, 'dob': {'date': '1998-02-07T09:27:17.266Z', 'age': 26}, 'registered': {'date': '2003-04-17T01:02:02.223Z', 'age': 21}, 'phone': '039-3099-361', 'cell': '064-9586-573', 'id': {'name': 'SID', 'value': '765820782'}, 'picture': {'large': 'https://randomuser.me/api/portraits/men/50.jpg', 'medium': 'https://randomuser.me/api/portraits/med/men/50.jpg', 'thumbnail': 'https://randomuser.me/api/portraits/thumb/men/50.jpg'}, 'nat': 'RS'}], 'info': {'seed': '265ba30ee7a8c311', 'results': 1, 'page': 1, 'version': '1.4'}}</msg>
<arg>${json_data}</arg>
<doc>Logs the given message with the given level.</doc>
<status status="PASS" start="2024-07-31T14:14:10.036859" elapsed="0.000222"/>
</kw>
<kw name="Dictionary Should Contain Key" owner="Collections">
<arg>${json_data}</arg>
<arg>results</arg>
<doc>Fails if ``key`` is not found from ``dictionary``.</doc>
<status status="PASS" start="2024-07-31T14:14:10.037380" elapsed="0.000165"/>
</kw>
<kw name="Should Not Be Empty" owner="BuiltIn">
<msg time="2024-07-31T14:14:10.037862" level="INFO">Length is 2.</msg>
<arg>${json_data}</arg>
<doc>Verifies that the given item is not empty.</doc>
<status status="PASS" start="2024-07-31T14:14:10.037729" elapsed="0.000170"/>
</kw>
<kw name="Create List" owner="BuiltIn">
<msg time="2024-07-31T14:14:10.038335" level="INFO">${expected_keys} = ['gender', 'name', 'location', 'email', 'login']</msg>
<var>${expected_keys}</var>
<arg>gender</arg>
<arg>name</arg>
<arg>location</arg>
<arg>email</arg>
<arg>login</arg>
<doc>Returns a list containing given items.</doc>
<status status="PASS" start="2024-07-31T14:14:10.038183" elapsed="0.000176"/>
</kw>
<for flavor="IN">
<iter>
<kw name="Dictionary Should Contain Key" owner="Collections">
<arg>${json_data['results'][0]}</arg>
<arg>${key}</arg>
<doc>Fails if ``key`` is not found from ``dictionary``.</doc>
<status status="PASS" start="2024-07-31T14:14:10.038942" elapsed="0.000414"/>
</kw>
<kw name="Log" owner="BuiltIn">
<msg time="2024-07-31T14:14:10.039901" level="INFO">{'gender': 'male', 'name': {'title': 'Mr', 'first': 'Milorad', 'last': 'Srejović'}, 'location': {'street': {'number': 6132, 'name': 'Vinogradski Venac'}, 'city': 'Dimitrovgrad', 'state': 'Mačva', 'country': 'Serbia', 'postcode': 62301, 'coordinates': {'latitude': '63.8220', 'longitude': '-128.8682'}, 'timezone': {'offset': '+10:00', 'description': 'Eastern Australia, Guam, Vladivostok'}}, 'email': 'milorad.srejovic@example.com', 'login': {'uuid': '7cf9e349-aa34-4804-9ccb-df08be51ef5a', 'username': 'silverpanda874', 'password': 'roxy', 'salt': 'OMntHcrZ', 'md5': 'f877a80d6c1eb1ad86f1762a05cef6fe', 'sha1': '293d6468a0c5719aab39daa84c413fb97b4a69d3', 'sha256': '422d401d21bd604e9753ff54e2c24dcd7e904e0e87312d50dccc1174086c4f75'}, 'dob': {'date': '1998-02-07T09:27:17.266Z', 'age': 26}, 'registered': {'date': '2003-04-17T01:02:02.223Z', 'age': 21}, 'phone': '039-3099-361', 'cell': '064-9586-573', 'id': {'name': 'SID', 'value': '765820782'}, 'picture': {'large': 'https://randomuser.me/api/portraits/men/50.jpg', 'medium': 'https://randomuser.me/api/portraits/med/men/50.jpg', 'thumbnail': 'https://randomuser.me/api/portraits/thumb/men/50.jpg'}, 'nat': 'RS'}</msg>
<arg>${json_data['results'][0]}</arg>
<doc>Logs the given message with the given level.</doc>
<status status="PASS" start="2024-07-31T14:14:10.039543" elapsed="0.000409"/>
</kw>
<kw name="Log" owner="BuiltIn">
<msg time="2024-07-31T14:14:10.040429" level="INFO">gender</msg>
<arg>${key}</arg>
<doc>Logs the given message with the given level.</doc>
<status status="PASS" start="2024-07-31T14:14:10.040297" elapsed="0.000170"/>
</kw>
<var name="${key}">gender</var>
<status status="PASS" start="2024-07-31T14:14:10.038816" elapsed="0.001871"/>
</iter>
<iter>
<kw name="Dictionary Should Contain Key" owner="Collections">
<arg>${json_data['results'][0]}</arg>
<arg>${key}</arg>
<doc>Fails if ``key`` is not found from ``dictionary``.</doc>
<status status="PASS" start="2024-07-31T14:14:10.040987" elapsed="0.000394"/>
</kw>
<kw name="Log" owner="BuiltIn">
<msg time="2024-07-31T14:14:10.041926" level="INFO">{'gender': 'male', 'name': {'title': 'Mr', 'first': 'Milorad', 'last': 'Srejović'}, 'location': {'street': {'number': 6132, 'name': 'Vinogradski Venac'}, 'city': 'Dimitrovgrad', 'state': 'Mačva', 'country': 'Serbia', 'postcode': 62301, 'coordinates': {'latitude': '63.8220', 'longitude': '-128.8682'}, 'timezone': {'offset': '+10:00', 'description': 'Eastern Australia, Guam, Vladivostok'}}, 'email': 'milorad.srejovic@example.com', 'login': {'uuid': '7cf9e349-aa34-4804-9ccb-df08be51ef5a', 'username': 'silverpanda874', 'password': 'roxy', 'salt': 'OMntHcrZ', 'md5': 'f877a80d6c1eb1ad86f1762a05cef6fe', 'sha1': '293d6468a0c5719aab39daa84c413fb97b4a69d3', 'sha256': '422d401d21bd604e9753ff54e2c24dcd7e904e0e87312d50dccc1174086c4f75'}, 'dob': {'date': '1998-02-07T09:27:17.266Z', 'age': 26}, 'registered': {'date': '2003-04-17T01:02:02.223Z', 'age': 21}, 'phone': '039-3099-361', 'cell': '064-9586-573', 'id': {'name': 'SID', 'value': '765820782'}, 'picture': {'large': 'https://randomuser.me/api/portraits/men/50.jpg', 'medium': 'https://randomuser.me/api/portraits/med/men/50.jpg', 'thumbnail': 'https://randomuser.me/api/portraits/thumb/men/50.jpg'}, 'nat': 'RS'}</msg>
<arg>${json_data['results'][0]}</arg>
<doc>Logs the given message with the given level.</doc>
<status status="PASS" start="2024-07-31T14:14:10.041565" elapsed="0.000445"/>
</kw>
<kw name="Log" owner="BuiltIn">
<msg time="2024-07-31T14:14:10.042441" level="INFO">name</msg>
<arg>${key}</arg>
<doc>Logs the given message with the given level.</doc>
<status status="PASS" start="2024-07-31T14:14:10.042312" elapsed="0.000167"/>
</kw>
<var name="${key}">name</var>
<status status="PASS" start="2024-07-31T14:14:10.040875" elapsed="0.001825"/>
</iter>
<iter>
<kw name="Dictionary Should Contain Key" owner="Collections">
<arg>${json_data['results'][0]}</arg>
<arg>${key}</arg>
<doc>Fails if ``key`` is not found from ``dictionary``.</doc>
<status status="PASS" start="2024-07-31T14:14:10.042985" elapsed="0.000380"/>
</kw>
<kw name="Log" owner="BuiltIn">
<msg time="2024-07-31T14:14:10.043902" level="INFO">{'gender': 'male', 'name': {'title': 'Mr', 'first': 'Milorad', 'last': 'Srejović'}, 'location': {'street': {'number': 6132, 'name': 'Vinogradski Venac'}, 'city': 'Dimitrovgrad', 'state': 'Mačva', 'country': 'Serbia', 'postcode': 62301, 'coordinates': {'latitude': '63.8220', 'longitude': '-128.8682'}, 'timezone': {'offset': '+10:00', 'description': 'Eastern Australia, Guam, Vladivostok'}}, 'email': 'milorad.srejovic@example.com', 'login': {'uuid': '7cf9e349-aa34-4804-9ccb-df08be51ef5a', 'username': 'silverpanda874', 'password': 'roxy', 'salt': 'OMntHcrZ', 'md5': 'f877a80d6c1eb1ad86f1762a05cef6fe', 'sha1': '293d6468a0c5719aab39daa84c413fb97b4a69d3', 'sha256': '422d401d21bd604e9753ff54e2c24dcd7e904e0e87312d50dccc1174086c4f75'}, 'dob': {'date': '1998-02-07T09:27:17.266Z', 'age': 26}, 'registered': {'date': '2003-04-17T01:02:02.223Z', 'age': 21}, 'phone': '039-3099-361', 'cell': '064-9586-573', 'id': {'name': 'SID', 'value': '765820782'}, 'picture': {'large': 'https://randomuser.me/api/portraits/men/50.jpg', 'medium': 'https://randomuser.me/api/portraits/med/men/50.jpg', 'thumbnail': 'https://randomuser.me/api/portraits/thumb/men/50.jpg'}, 'nat': 'RS'}</msg>
<arg>${json_data['results'][0]}</arg>
<doc>Logs the given message with the given level.</doc>
<status status="PASS" start="2024-07-31T14:14:10.043552" elapsed="0.000400"/>
</kw>
<kw name="Log" owner="BuiltIn">
<msg time="2024-07-31T14:14:10.044427" level="INFO">location</msg>
<arg>${key}</arg>
<doc>Logs the given message with the given level.</doc>
<status status="PASS" start="2024-07-31T14:14:10.044295" elapsed="0.000169"/>
</kw>
<var name="${key}">location</var>
<status status="PASS" start="2024-07-31T14:14:10.042878" elapsed="0.001808"/>
</iter>
<iter>
<kw name="Dictionary Should Contain Key" owner="Collections">
<arg>${json_data['results'][0]}</arg>
<arg>${key}</arg>
<doc>Fails if ``key`` is not found from ``dictionary``.</doc>
<status status="PASS" start="2024-07-31T14:14:10.044962" elapsed="0.000383"/>
</kw>
<kw name="Log" owner="BuiltIn">
<msg time="2024-07-31T14:14:10.046014" level="INFO">{'gender': 'male', 'name': {'title': 'Mr', 'first': 'Milorad', 'last': 'Srejović'}, 'location': {'street': {'number': 6132, 'name': 'Vinogradski Venac'}, 'city': 'Dimitrovgrad', 'state': 'Mačva', 'country': 'Serbia', 'postcode': 62301, 'coordinates': {'latitude': '63.8220', 'longitude': '-128.8682'}, 'timezone': {'offset': '+10:00', 'description': 'Eastern Australia, Guam, Vladivostok'}}, 'email': 'milorad.srejovic@example.com', 'login': {'uuid': '7cf9e349-aa34-4804-9ccb-df08be51ef5a', 'username': 'silverpanda874', 'password': 'roxy', 'salt': 'OMntHcrZ', 'md5': 'f877a80d6c1eb1ad86f1762a05cef6fe', 'sha1': '293d6468a0c5719aab39daa84c413fb97b4a69d3', 'sha256': '422d401d21bd604e9753ff54e2c24dcd7e904e0e87312d50dccc1174086c4f75'}, 'dob': {'date': '1998-02-07T09:27:17.266Z', 'age': 26}, 'registered': {'date': '2003-04-17T01:02:02.223Z', 'age': 21}, 'phone': '039-3099-361', 'cell': '064-9586-573', 'id': {'name': 'SID', 'value': '765820782'}, 'picture': {'large': 'https://randomuser.me/api/portraits/men/50.jpg', 'medium': 'https://randomuser.me/api/portraits/med/men/50.jpg', 'thumbnail': 'https://randomuser.me/api/portraits/thumb/men/50.jpg'}, 'nat': 'RS'}</msg>
<arg>${json_data['results'][0]}</arg>
<doc>Logs the given message with the given level.</doc>
<status status="PASS" start="2024-07-31T14:14:10.045658" elapsed="0.000407"/>
</kw>
<kw name="Log" owner="BuiltIn">
<msg time="2024-07-31T14:14:10.046494" level="INFO">email</msg>
<arg>${key}</arg>
<doc>Logs the given message with the given level.</doc>
<status status="PASS" start="2024-07-31T14:14:10.046364" elapsed="0.000168"/>
</kw>
<var name="${key}">email</var>
<status status="PASS" start="2024-07-31T14:14:10.044857" elapsed="0.001890"/>
</iter>
<iter>
<kw name="Dictionary Should Contain Key" owner="Collections">
<arg>${json_data['results'][0]}</arg>
<arg>${key}</arg>
<doc>Fails if ``key`` is not found from ``dictionary``.</doc>
<status status="PASS" start="2024-07-31T14:14:10.047030" elapsed="0.000377"/>
</kw>
<kw name="Log" owner="BuiltIn">
<msg time="2024-07-31T14:14:10.047939" level="INFO">{'gender': 'male', 'name': {'title': 'Mr', 'first': 'Milorad', 'last': 'Srejović'}, 'location': {'street': {'number': 6132, 'name': 'Vinogradski Venac'}, 'city': 'Dimitrovgrad', 'state': 'Mačva', 'country': 'Serbia', 'postcode': 62301, 'coordinates': {'latitude': '63.8220', 'longitude': '-128.8682'}, 'timezone': {'offset': '+10:00', 'description': 'Eastern Australia, Guam, Vladivostok'}}, 'email': 'milorad.srejovic@example.com', 'login': {'uuid': '7cf9e349-aa34-4804-9ccb-df08be51ef5a', 'username': 'silverpanda874', 'password': 'roxy', 'salt': 'OMntHcrZ', 'md5': 'f877a80d6c1eb1ad86f1762a05cef6fe', 'sha1': '293d6468a0c5719aab39daa84c413fb97b4a69d3', 'sha256': '422d401d21bd604e9753ff54e2c24dcd7e904e0e87312d50dccc1174086c4f75'}, 'dob': {'date': '1998-02-07T09:27:17.266Z', 'age': 26}, 'registered': {'date': '2003-04-17T01:02:02.223Z', 'age': 21}, 'phone': '039-3099-361', 'cell': '064-9586-573', 'id': {'name': 'SID', 'value': '765820782'}, 'picture': {'large': 'https://randomuser.me/api/portraits/men/50.jpg', 'medium': 'https://randomuser.me/api/portraits/med/men/50.jpg', 'thumbnail': 'https://randomuser.me/api/portraits/thumb/men/50.jpg'}, 'nat': 'RS'}</msg>
<arg>${json_data['results'][0]}</arg>
<doc>Logs the given message with the given level.</doc>
<status status="PASS" start="2024-07-31T14:14:10.047588" elapsed="0.000399"/>
</kw>
<kw name="Log" owner="BuiltIn">
<msg time="2024-07-31T14:14:10.048447" level="INFO">login</msg>
<arg>${key}</arg>
<doc>Logs the given message with the given level.</doc>
<status status="PASS" start="2024-07-31T14:14:10.048317" elapsed="0.000167"/>
</kw>
<var name="${key}">login</var>
<status status="PASS" start="2024-07-31T14:14:10.046923" elapsed="0.001774"/>
</iter>
<var>${key}</var>
<value>@{expected_keys}</value>
<status status="PASS" start="2024-07-31T14:14:10.038621" elapsed="0.010196"/>
</for>
<kw name="Create List" owner="BuiltIn">
<msg time="2024-07-31T14:14:10.049146" level="INFO">${expected_keysTwo} = ['username', 'password']</msg>
<var>${expected_keysTwo}</var>
<arg>username</arg>
<arg>password</arg>
<doc>Returns a list containing given items.</doc>
<status status="PASS" start="2024-07-31T14:14:10.049006" elapsed="0.000191"/>
</kw>
<for flavor="IN">
<iter>
<kw name="Dictionary Should Contain Key" owner="Collections">
<arg>${json_data['results'][0]['login']}</arg>
<arg>${keyTwo}</arg>
<doc>Fails if ``key`` is not found from ``dictionary``.</doc>
<status status="PASS" start="2024-07-31T14:14:10.049715" elapsed="0.000381"/>
</kw>
<kw name="Dictionary Should Contain Key" owner="Collections">
<arg>${json_data['results'][0]['login']}</arg>
<arg>${keyTwo}</arg>
<doc>Fails if ``key`` is not found from ``dictionary``.</doc>
<status status="PASS" start="2024-07-31T14:14:10.050278" elapsed="0.000379"/>
</kw>
<kw name="Log" owner="BuiltIn">
<msg time="2024-07-31T14:14:10.050954" level="INFO">username</msg>
<arg>${keyTwo}</arg>
<doc>Logs the given message with the given level.</doc>
<status status="PASS" start="2024-07-31T14:14:10.050835" elapsed="0.000157"/>
</kw>
<var name="${keyTwo}">username</var>
<status status="PASS" start="2024-07-31T14:14:10.049608" elapsed="0.001601"/>
</iter>
<iter>
<kw name="Dictionary Should Contain Key" owner="Collections">
<arg>${json_data['results'][0]['login']}</arg>
<arg>${keyTwo}</arg>
<doc>Fails if ``key`` is not found from ``dictionary``.</doc>
<status status="PASS" start="2024-07-31T14:14:10.051496" elapsed="0.000380"/>
</kw>
<kw name="Dictionary Should Contain Key" owner="Collections">
<arg>${json_data['results'][0]['login']}</arg>
<arg>${keyTwo}</arg>
<doc>Fails if ``key`` is not found from ``dictionary``.</doc>
<status status="PASS" start="2024-07-31T14:14:10.052054" elapsed="0.000428"/>
</kw>
<kw name="Log" owner="BuiltIn">
<msg time="2024-07-31T14:14:10.052793" level="INFO">password</msg>
<arg>${keyTwo}</arg>
<doc>Logs the given message with the given level.</doc>
<status status="PASS" start="2024-07-31T14:14:10.052661" elapsed="0.000169"/>
</kw>
<var name="${keyTwo}">password</var>
<status status="PASS" start="2024-07-31T14:14:10.051383" elapsed="0.001668"/>
</iter>
<var>${keyTwo}</var>
<value>@{expected_keysTwo}</value>
<status status="PASS" start="2024-07-31T14:14:10.049451" elapsed="0.003722"/>
</for>
<status status="PASS" start="2024-07-31T14:14:07.137166" elapsed="2.916149"/>
</kw>
<doc>Testa a estrutura da resposta da API.</doc>
<tag>testeEstruturaResposta</tag>
<status status="PASS" start="2024-07-31T14:14:07.136509" elapsed="2.916969"/>
</test>
<test id="s1-s1-t4" name="Validar tipos de dados" line="28">
<kw name="Teste de Tipos de Dados" owner="random-user-service">
<kw name="GET On Session" owner="RequestsLibrary">
<msg time="2024-07-31T14:14:12.160401" level="INFO">GET Request : url=https://randomuser.me/api 
 path_url=/api 
 headers={'User-Agent': 'python-requests/2.32.3', 'Accept-Encoding': 'gzip, deflate', 'Accept': '*/*', 'Connection': 'keep-alive'} 
 body=None 
 </msg>
<msg time="2024-07-31T14:14:12.160499" level="INFO">GET Response : url=https://randomuser.me/api 
 status=200, reason=OK 
 headers={'Date': 'Wed, 31 Jul 2024 14:14:12 GMT', 'Content-Type': 'application/json; charset=utf-8', 'Transfer-Encoding': 'chunked', 'Connection': 'keep-alive', 'X-Powered-By': 'Express', 'Access-Control-Allow-Origin': '*', 'Cache-Control': 'no-cache', 'ETag': 'W/"488-AF+ECeoD56UTHAZU3CmpmDDJ/YA"', 'Vary': 'Accept-Encoding', 'Content-Encoding': 'gzip', 'CF-Cache-Status': 'DYNAMIC', 'Report-To': '{"endpoints":[{"url":"https:\\/\\/a.nel.cloudflare.com\\/report\\/v4?s=KNgzsFF051EIp0Kz06O7fRaQaBv0jSQ6nCCgnUuCdekKxvdkihmUphfKeW%2Brsa88HcECJAexql5ssmD0tYIK51LAbehyUxSLWT2YfyotMobzOgAhzyS4MvVJADLPa0D6"}],"group":"cf-nel","max_age":604800}', 'NEL': '{"success_fraction":0,"report_to":"cf-nel","max_age":604800}', 'Server': 'cloudflare', 'CF-RAY': '8abe3178d8e43913-IAD', 'alt-svc': 'h3=":443"; ma=86400'} 
 body={"results":[{"gender":"female","name":{"title":"Ms","first":"Anastasija","last":"Stojaković"},"location":{"street":{"number":4668,"name":"Nadežde Obradović"},"city":"Kula","state":"South Bačka","country":"Serbia","postcode":94200,"coordinates":{"latitude":"57.5990","longitude":"17.2636"},"timezone":{"offset":"+4:30","description":"Kabul"}},"email":"anastasija.stojakovic@example.com","login":{"uuid":"0cba796c-e7fd-4c35-bb38-d2ac8d63d0ea","username":"orangeswan253","password":"canada","salt":"D8ZXowTR","md5":"331a04f18181ab0c1abaeca634177465","sha1":"e5fc8f2948bcb189514810d8414d526ecf34f613","sha256":"a22f2e87f5a7a74a6754964aa4ce4036cbd3d316bda70b1f658573c1b4a940c4"},"dob":{"date":"1980-10-23T21:56:17.051Z","age":43},"registered":{"date":"2017-09-25T10:12:43.687Z","age":6},"phone":"034-1808-608","cell":"067-4870-740","id":{"name":"SID","value":"154003481"},"picture":{"large":"https://randomuser.me/api/portraits/women/51.jpg","medium":"https://randomuser.me/api/portraits/med/women/51.jpg","thumbnail":"https://randomuser.me/api/portraits/thumb/women/51.jpg"},"nat":"RS"}],"info":{"seed":"961f1e393a48186d","results":1,"page":1,"version":"1.4"}} 
 </msg>
<msg time="2024-07-31T14:14:12.160580" level="INFO">/opt/hostedtoolcache/Python/3.12.4/x64/lib/python3.12/site-packages/urllib3/connectionpool.py:1099: InsecureRequestWarning: Unverified HTTPS request is being made to host 'randomuser.me'. Adding certificate verification is strongly advised. See: https://urllib3.readthedocs.io/en/latest/advanced-usage.html#tls-warnings
  warnings.warn(</msg>
<msg time="2024-07-31T14:14:12.160696" level="INFO">${response} = &lt;Response [200]&gt;</msg>
<var>${response}</var>
<arg>consultarAPI</arg>
<arg>/api</arg>
<doc>Sends a GET request on a previously created HTTP Session.</doc>
<status status="PASS" start="2024-07-31T14:14:10.056316" elapsed="2.104411"/>
</kw>
<kw name="Set Variable" owner="BuiltIn">
<msg time="2024-07-31T14:14:12.162885" level="INFO">${json_data} = {'results': [{'gender': 'female', 'name': {'title': 'Ms', 'first': 'Anastasija', 'last': 'Stojaković'}, 'location': {'street': {'number': 4668, 'name': 'Nadežde Obradović'}, 'city': 'Kula', 'state': '...</msg>
<var>${json_data}</var>
<arg>${response.json()}</arg>
<doc>Returns the given values which can then be assigned to a variables.</doc>
<status status="PASS" start="2024-07-31T14:14:12.162308" elapsed="0.000608"/>
</kw>
<kw name="Log" owner="BuiltIn">
<msg time="2024-07-31T14:14:12.163413" level="INFO">{'results': [{'gender': 'female', 'name': {'title': 'Ms', 'first': 'Anastasija', 'last': 'Stojaković'}, 'location': {'street': {'number': 4668, 'name': 'Nadežde Obradović'}, 'city': 'Kula', 'state': 'South Bačka', 'country': 'Serbia', 'postcode': 94200, 'coordinates': {'latitude': '57.5990', 'longitude': '17.2636'}, 'timezone': {'offset': '+4:30', 'description': 'Kabul'}}, 'email': 'anastasija.stojakovic@example.com', 'login': {'uuid': '0cba796c-e7fd-4c35-bb38-d2ac8d63d0ea', 'username': 'orangeswan253', 'password': 'canada', 'salt': 'D8ZXowTR', 'md5': '331a04f18181ab0c1abaeca634177465', 'sha1': 'e5fc8f2948bcb189514810d8414d526ecf34f613', 'sha256': 'a22f2e87f5a7a74a6754964aa4ce4036cbd3d316bda70b1f658573c1b4a940c4'}, 'dob': {'date': '1980-10-23T21:56:17.051Z', 'age': 43}, 'registered': {'date': '2017-09-25T10:12:43.687Z', 'age': 6}, 'phone': '034-1808-608', 'cell': '067-4870-740', 'id': {'name': 'SID', 'value': '154003481'}, 'picture': {'large': 'https://randomuser.me/api/portraits/women/51.jpg', 'medium': 'https://randomuser.me/api/portraits/med/women/51.jpg', 'thumbnail': 'https://randomuser.me/api/portraits/thumb/women/51.jpg'}, 'nat': 'RS'}], 'info': {'seed': '961f1e393a48186d', 'results': 1, 'page': 1, 'version': '1.4'}}</msg>
<arg>${json_data}</arg>
<doc>Logs the given message with the given level.</doc>
<status status="PASS" start="2024-07-31T14:14:12.163248" elapsed="0.000217"/>
</kw>
<kw name="Should Be String" owner="String">
<arg>${json_data['results'][0]['gender']}</arg>
<doc>Fails if the given ``item`` is not a string.</doc>
<status status="PASS" start="2024-07-31T14:14:12.163760" elapsed="0.000417"/>
</kw>
<kw name="Should Match Regexp" owner="BuiltIn">
<arg>${json_data['results'][0]['email']}</arg>
<arg>^[a-zA-Z0-9._%+-]+@[a-zA-Z0-9.-]+\.[a-zA-Z]{2,}$</arg>
<doc>Fails if ``string`` does not match ``pattern`` as a regular expression.</doc>
<status status="PASS" start="2024-07-31T14:14:12.164371" elapsed="0.000555"/>
</kw>
<kw name="Should Match Regexp" owner="BuiltIn">
<arg>${json_data['results'][0]['dob']['date']}</arg>
<arg>\\d{4}-\\d{2}-\\d{2}T\\d{2}:\\d{2}:\\d{2}\\.\\d{3}Z</arg>
<doc>Fails if ``string`` does not match ``pattern`` as a regular expression.</doc>
<status status="PASS" start="2024-07-31T14:14:12.165166" elapsed="0.000631"/>
</kw>
<kw name="Should Match Regexp" owner="BuiltIn">
<arg>${json_data['results'][0]['registered']['date']}</arg>
<arg>\\d{4}-\\d{2}-\\d{2}T\\d{2}:\\d{2}:\\d{2}\\.\\d{3}Z</arg>
<doc>Fails if ``string`` does not match ``pattern`` as a regular expression.</doc>
<status status="PASS" start="2024-07-31T14:14:12.165988" elapsed="0.000371"/>
</kw>
<kw name="Should Match Regexp" owner="BuiltIn">
<arg>${json_data['results'][0]['picture']['large']}</arg>
<arg>^https?://.*\.(?:png|jpe?g|gif|bmp)$</arg>
<doc>Fails if ``string`` does not match ``pattern`` as a regular expression.</doc>
<status status="PASS" start="2024-07-31T14:14:12.166543" elapsed="0.000459"/>
</kw>
<kw name="Should Match Regexp" owner="BuiltIn">
<arg>${json_data['results'][0]['picture']['medium']}</arg>
<arg>^https?://.*\.(?:png|jpe?g|gif|bmp)$</arg>
<doc>Fails if ``string`` does not match ``pattern`` as a regular expression.</doc>
<status status="PASS" start="2024-07-31T14:14:12.167187" elapsed="0.000352"/>
</kw>
<kw name="Should Match Regexp" owner="BuiltIn">
<arg>${json_data['results'][0]['picture']['thumbnail']}</arg>
<arg>^https?://.*\.(?:png|jpe?g|gif|bmp)$</arg>
<doc>Fails if ``string`` does not match ``pattern`` as a regular expression.</doc>
<status status="PASS" start="2024-07-31T14:14:12.167721" elapsed="0.000350"/>
</kw>
<kw name="Log" owner="BuiltIn">
<msg time="2024-07-31T14:14:12.168617" level="INFO">{'large': 'https://randomuser.me/api/portraits/women/51.jpg', 'medium': 'https://randomuser.me/api/portraits/med/women/51.jpg', 'thumbnail': 'https://randomuser.me/api/portraits/thumb/women/51.jpg'}</msg>
<arg>${json_data['results'][0]['picture']}</arg>
<doc>Logs the given message with the given level.</doc>
<status status="PASS" start="2024-07-31T14:14:12.168289" elapsed="0.000371"/>
</kw>
<status status="PASS" start="2024-07-31T14:14:10.055951" elapsed="2.112969"/>
</kw>
<kw name="Teste de Tipos de Dados - Postcode" owner="random-user-service">
<kw name="GET On Session" owner="RequestsLibrary">
<msg time="2024-07-31T14:14:13.240288" level="INFO">GET Request : url=https://randomuser.me/api 
 path_url=/api 
 headers={'User-Agent': 'python-requests/2.32.3', 'Accept-Encoding': 'gzip, deflate', 'Accept': '*/*', 'Connection': 'keep-alive'} 
 body=None 
 </msg>
<msg time="2024-07-31T14:14:13.240387" level="INFO">GET Response : url=https://randomuser.me/api 
 status=200, reason=OK 
 headers={'Date': 'Wed, 31 Jul 2024 14:14:13 GMT', 'Content-Type': 'application/json; charset=utf-8', 'Transfer-Encoding': 'chunked', 'Connection': 'keep-alive', 'X-Powered-By': 'Express', 'Access-Control-Allow-Origin': '*', 'Cache-Control': 'no-cache', 'ETag': 'W/"4ae-i6QjK0j3jE/AtPenvPO6zanwc8c"', 'Vary': 'Accept-Encoding', 'Content-Encoding': 'gzip', 'CF-Cache-Status': 'DYNAMIC', 'Report-To': '{"endpoints":[{"url":"https:\\/\\/a.nel.cloudflare.com\\/report\\/v4?s=%2FQxXsaaqnFyiPkOErz5xsJrWMBLuEAutde7oaXFpgF2xy5EQCP4mJ0gnucaG%2F5IEJqv9l9WBouNgoWbUPyK63ZBOtSSVkwS3cRfj12LZtICQJeYe1EkObXiV6Azt67df"}],"group":"cf-nel","max_age":604800}', 'NEL': '{"success_fraction":0,"report_to":"cf-nel","max_age":604800}', 'Server': 'cloudflare', 'CF-RAY': '8abe3186191c3913-IAD', 'alt-svc': 'h3=":443"; ma=86400'} 
 body={"results":[{"gender":"female","name":{"title":"Ms","first":"Siiri","last":"Heikkinen"},"location":{"street":{"number":7890,"name":"Hatanpään Valtatie"},"city":"Vantaa","state":"Ostrobothnia","country":"Finland","postcode":55826,"coordinates":{"latitude":"-21.7962","longitude":"99.3492"},"timezone":{"offset":"-6:00","description":"Central Time (US &amp; Canada), Mexico City"}},"email":"siiri.heikkinen@example.com","login":{"uuid":"e2a3c2e7-86d2-498b-a33c-f7d3ce1b5c7a","username":"silverzebra498","password":"charlton","salt":"y3iJFS3m","md5":"e9a5d004136bb769c103f41681a20963","sha1":"f4498557c2b0281bfaf60b4a6f2cd44dcae9dd02","sha256":"98ca6b4c59c50e402e3dc76078c169b4ea42b2d1358f8f4cf6b95e89c9823e95"},"dob":{"date":"1991-06-22T06:04:24.234Z","age":33},"registered":{"date":"2006-03-06T08:35:40.784Z","age":18},"phone":"09-073-746","cell":"040-911-53-65","id":{"name":"HETU","value":"NaNNA302undefined"},"picture":{"large":"https://randomuser.me/api/portraits/women/76.jpg","medium":"https://randomuser.me/api/portraits/med/women/76.jpg","thumbnail":"https://randomuser.me/api/portraits/thumb/women/76.jpg"},"nat":"FI"}],"info":{"seed":"dfaa9051d21d4634","results":1,"page":1,"version":"1.4"}} 
 </msg>
<msg time="2024-07-31T14:14:13.240458" level="INFO">/opt/hostedtoolcache/Python/3.12.4/x64/lib/python3.12/site-packages/urllib3/connectionpool.py:1099: InsecureRequestWarning: Unverified HTTPS request is being made to host 'randomuser.me'. Adding certificate verification is strongly advised. See: https://urllib3.readthedocs.io/en/latest/advanced-usage.html#tls-warnings
  warnings.warn(</msg>
<msg time="2024-07-31T14:14:13.240573" level="INFO">${response} = &lt;Response [200]&gt;</msg>
<var>${response}</var>
<arg>consultarAPI</arg>
<arg>/api</arg>
<doc>Sends a GET request on a previously created HTTP Session.</doc>
<status status="PASS" start="2024-07-31T14:14:12.169387" elapsed="1.071211"/>
</kw>
<kw name="Set Variable" owner="BuiltIn">
<msg time="2024-07-31T14:14:13.241657" level="INFO">${json_data} = {'results': [{'gender': 'female', 'name': {'title': 'Ms', 'first': 'Siiri', 'last': 'Heikkinen'}, 'location': {'street': {'number': 7890, 'name': 'Hatanpään Valtatie'}, 'city': 'Vantaa', 'state': 'Ost...</msg>
<var>${json_data}</var>
<arg>${response.json()}</arg>
<doc>Returns the given values which can then be assigned to a variables.</doc>
<status status="PASS" start="2024-07-31T14:14:13.241138" elapsed="0.000548"/>
</kw>
<kw name="Log" owner="BuiltIn">
<msg time="2024-07-31T14:14:13.242149" level="INFO">{'results': [{'gender': 'female', 'name': {'title': 'Ms', 'first': 'Siiri', 'last': 'Heikkinen'}, 'location': {'street': {'number': 7890, 'name': 'Hatanpään Valtatie'}, 'city': 'Vantaa', 'state': 'Ostrobothnia', 'country': 'Finland', 'postcode': 55826, 'coordinates': {'latitude': '-21.7962', 'longitude': '99.3492'}, 'timezone': {'offset': '-6:00', 'description': 'Central Time (US &amp; Canada), Mexico City'}}, 'email': 'siiri.heikkinen@example.com', 'login': {'uuid': 'e2a3c2e7-86d2-498b-a33c-f7d3ce1b5c7a', 'username': 'silverzebra498', 'password': 'charlton', 'salt': 'y3iJFS3m', 'md5': 'e9a5d004136bb769c103f41681a20963', 'sha1': 'f4498557c2b0281bfaf60b4a6f2cd44dcae9dd02', 'sha256': '98ca6b4c59c50e402e3dc76078c169b4ea42b2d1358f8f4cf6b95e89c9823e95'}, 'dob': {'date': '1991-06-22T06:04:24.234Z', 'age': 33}, 'registered': {'date': '2006-03-06T08:35:40.784Z', 'age': 18}, 'phone': '09-073-746', 'cell': '040-911-53-65', 'id': {'name': 'HETU', 'value': 'NaNNA302undefined'}, 'picture': {'large': 'https://randomuser.me/api/portraits/women/76.jpg', 'medium': 'https://randomuser.me/api/portraits/med/women/76.jpg', 'thumbnail': 'https://randomuser.me/api/portraits/thumb/women/76.jpg'}, 'nat': 'FI'}], 'info': {'seed': 'dfaa9051d21d4634', 'results': 1, 'page': 1, 'version': '1.4'}}</msg>
<arg>${json_data}</arg>
<doc>Logs the given message with the given level.</doc>
<status status="PASS" start="2024-07-31T14:14:13.241991" elapsed="0.000207"/>
</kw>
<kw name="Should Be Equal As Numbers" owner="BuiltIn">
<arg>${json_data['results'][0]['location']['postcode']}</arg>
<arg>${json_data['results'][0]['location']['postcode']}</arg>
<doc>Fails if objects are unequal after converting them to real numbers.</doc>
<status status="PASS" start="2024-07-31T14:14:13.242501" elapsed="0.000626"/>
</kw>
<kw name="Log" owner="BuiltIn">
<msg time="2024-07-31T14:14:13.243651" level="INFO">55826</msg>
<arg>${json_data['results'][0]['location']['postcode']}</arg>
<doc>Logs the given message with the given level.</doc>
<status status="PASS" start="2024-07-31T14:14:13.243319" elapsed="0.000408"/>
</kw>
<status status="PASS" start="2024-07-31T14:14:12.169150" elapsed="1.074834"/>
</kw>
<doc>Testa se os tipos de dados na resposta da API estão corretos.</doc>
<tag>testeTiposDados</tag>
<status status="PASS" start="2024-07-31T14:14:10.055259" elapsed="3.188940"/>
</test>
<test id="s1-s1-t5" name="Validar conteudo" line="35">
<kw name="Teste de Tipos de Conteudo" owner="random-user-service">
<kw name="GET On Session" owner="RequestsLibrary">
<msg time="2024-07-31T14:14:14.173033" level="INFO">GET Request : url=https://randomuser.me/api 
 path_url=/api 
 headers={'User-Agent': 'python-requests/2.32.3', 'Accept-Encoding': 'gzip, deflate', 'Accept': '*/*', 'Connection': 'keep-alive'} 
 body=None 
 </msg>
<msg time="2024-07-31T14:14:14.173133" level="INFO">GET Response : url=https://randomuser.me/api 
 status=200, reason=OK 
 headers={'Date': 'Wed, 31 Jul 2024 14:14:14 GMT', 'Content-Type': 'application/json; charset=utf-8', 'Transfer-Encoding': 'chunked', 'Connection': 'keep-alive', 'X-Powered-By': 'Express', 'Access-Control-Allow-Origin': '*', 'Cache-Control': 'no-cache', 'ETag': 'W/"493-+T4clVL71b6z6OVsen8ZmJ28xmQ"', 'Vary': 'Accept-Encoding', 'Content-Encoding': 'gzip', 'CF-Cache-Status': 'DYNAMIC', 'Report-To': '{"endpoints":[{"url":"https:\\/\\/a.nel.cloudflare.com\\/report\\/v4?s=znyFg96liGQJwaHNKZyWZDpAgYziDoUdhFKhkOkY4YfeHXHL9tZYnpYLYKgIbVsruksO1cFxYjx7xg7y1lGXCwVryr%2FBrbarj4vZZlgxf9pLAo%2FmjJenJqpHsTGVIRGa"}],"group":"cf-nel","max_age":604800}', 'NEL': '{"success_fraction":0,"report_to":"cf-nel","max_age":604800}', 'Server': 'cloudflare', 'CF-RAY': '8abe318cd9213913-IAD', 'alt-svc': 'h3=":443"; ma=86400'} 
 body={"results":[{"gender":"male","name":{"title":"Mr","first":"Naël","last":"Schmitt"},"location":{"street":{"number":5500,"name":"Cours Charlemagne"},"city":"Grenoble","state":"Nord","country":"France","postcode":33217,"coordinates":{"latitude":"-21.3802","longitude":"-145.4737"},"timezone":{"offset":"-7:00","description":"Mountain Time (US &amp; Canada)"}},"email":"nael.schmitt@example.com","login":{"uuid":"bf3825b4-1035-4bb7-af83-e8183554923f","username":"orangeelephant909","password":"wisdom","salt":"haptTSCy","md5":"e6ef8a144c46fa18209a11943dafdc14","sha1":"e2fa5f633d77f593568cd73580f4fb8ab2e32de2","sha256":"9bfcb34c83b8dc0eec7d7b3997c1bb43201cf927c10ebc795aa01f48b463dfa7"},"dob":{"date":"1973-10-26T20:52:09.185Z","age":50},"registered":{"date":"2004-07-28T07:27:18.460Z","age":20},"phone":"01-33-26-12-92","cell":"06-05-54-53-47","id":{"name":"INSEE","value":"1730973778517 80"},"picture":{"large":"https://randomuser.me/api/portraits/men/53.jpg","medium":"https://randomuser.me/api/portraits/med/men/53.jpg","thumbnail":"https://randomuser.me/api/portraits/thumb/men/53.jpg"},"nat":"FR"}],"info":{"seed":"35dc3c9d1faad4cf","results":1,"page":1,"version":"1.4"}} 
 </msg>
<msg time="2024-07-31T14:14:14.173205" level="INFO">/opt/hostedtoolcache/Python/3.12.4/x64/lib/python3.12/site-packages/urllib3/connectionpool.py:1099: InsecureRequestWarning: Unverified HTTPS request is being made to host 'randomuser.me'. Adding certificate verification is strongly advised. See: https://urllib3.readthedocs.io/en/latest/advanced-usage.html#tls-warnings
  warnings.warn(</msg>
<msg time="2024-07-31T14:14:14.173327" level="INFO">${response} = &lt;Response [200]&gt;</msg>
<var>${response}</var>
<arg>consultarAPI</arg>
<arg>/api</arg>
<doc>Sends a GET request on a previously created HTTP Session.</doc>
<status status="PASS" start="2024-07-31T14:14:13.246688" elapsed="0.926665"/>
</kw>
<kw name="Set Variable" owner="BuiltIn">
<msg time="2024-07-31T14:14:14.174463" level="INFO">${json_data} = {'results': [{'gender': 'male', 'name': {'title': 'Mr', 'first': 'Naël', 'last': 'Schmitt'}, 'location': {'street': {'number': 5500, 'name': 'Cours Charlemagne'}, 'city': 'Grenoble', 'state': 'Nord', ...</msg>
<var>${json_data}</var>
<arg>${response.json()}</arg>
<doc>Returns the given values which can then be assigned to a variables.</doc>
<status status="PASS" start="2024-07-31T14:14:14.173923" elapsed="0.000572"/>
</kw>
<kw name="Set Variable" owner="BuiltIn">
<msg time="2024-07-31T14:14:14.175190" level="INFO">${name_title} = Mr</msg>
<var>${name_title}</var>
<arg>${json_data["results"][0]["name"]["title"]}</arg>
<doc>Returns the given values which can then be assigned to a variables.</doc>
<status status="PASS" start="2024-07-31T14:14:14.174800" elapsed="0.000415"/>
</kw>
<kw name="Create List" owner="BuiltIn">
<msg time="2024-07-31T14:14:14.175664" level="INFO">${allowed_titles} = ['Mr', 'Ms', 'Miss', 'Mrs', 'Madame', 'Monsieur']</msg>
<var>${allowed_titles}</var>
<arg>Mr</arg>
<arg>Ms</arg>
<arg>Miss</arg>
<arg>Mrs</arg>
<arg>Madame</arg>
<arg>Monsieur</arg>
<doc>Returns a list containing given items.</doc>
<status status="PASS" start="2024-07-31T14:14:14.175514" elapsed="0.000174"/>
</kw>
<kw name="List Should Contain Value" owner="Collections">
<arg>${allowed_titles}</arg>
<arg>${name_title}</arg>
<doc>Fails if the ``value`` is not found from ``list``.</doc>
<status status="PASS" start="2024-07-31T14:14:14.175987" elapsed="0.000229"/>
</kw>
<kw name="Set Variable" owner="BuiltIn">
<msg time="2024-07-31T14:14:14.176792" level="INFO">${name_country} = FR</msg>
<var>${name_country}</var>
<arg>${json_data["results"][0]["nat"]}</arg>
<doc>Returns the given values which can then be assigned to a variables.</doc>
<status status="PASS" start="2024-07-31T14:14:14.176418" elapsed="0.000402"/>
</kw>
<kw name="Create List" owner="BuiltIn">
<msg time="2024-07-31T14:14:14.177712" level="INFO">${list_country} = ['AD', 'AE', 'AF', 'AG', 'AI', 'AL', 'AM', 'AO', 'AQ', 'AR', 'AS', 'AT', 'AU', 'AW', 'AX', 'AZ', 'BA', 'BB', 'BD', 'BE', 'BF', 'BG', 'BH', 'BI', 'BJ', 'BL', 'BM', 'BN', 'BO', 'BQ', 'BR', 'BS', 'BT', '...</msg>
<var>${list_country}</var>
<arg>AD</arg>
<arg>AE</arg>
<arg>AF</arg>
<arg>AG</arg>
<arg>AI</arg>
<arg>AL</arg>
<arg>AM</arg>
<arg>AO</arg>
<arg>AQ</arg>
<arg>AR</arg>
<arg>AS</arg>
<arg>AT</arg>
<arg>AU</arg>
<arg>AW</arg>
<arg>AX</arg>
<arg>AZ</arg>
<arg>BA</arg>
<arg>BB</arg>
<arg>BD</arg>
<arg>BE</arg>
<arg>BF</arg>
<arg>BG</arg>
<arg>BH</arg>
<arg>BI</arg>
<arg>BJ</arg>
<arg>BL</arg>
<arg>BM</arg>
<arg>BN</arg>
<arg>BO</arg>
<arg>BQ</arg>
<arg>BR</arg>
<arg>BS</arg>
<arg>BT</arg>
<arg>BV</arg>
<arg>BW</arg>
<arg>BY</arg>
<arg>BZ</arg>
<arg>CA</arg>
<arg>CC</arg>
<arg>CD</arg>
<arg>CF</arg>
<arg>CG</arg>
<arg>CH</arg>
<arg>CI</arg>
<arg>CK</arg>
<arg>CL</arg>
<arg>CM</arg>
<arg>CN</arg>
<arg>CO</arg>
<arg>CR</arg>
<arg>CU</arg>
<arg>CV</arg>
<arg>CW</arg>
<arg>CX</arg>
<arg>CY</arg>
<arg>CZ</arg>
<arg>DE</arg>
<arg>DJ</arg>
<arg>DK</arg>
<arg>DM</arg>
<arg>DO</arg>
<arg>DZ</arg>
<arg>EC</arg>
<arg>EE</arg>
<arg>EG</arg>
<arg>EH</arg>
<arg>ER</arg>
<arg>ES</arg>
<arg>ET</arg>
<arg>FI</arg>
<arg>FJ</arg>
<arg>FK</arg>
<arg>FM</arg>
<arg>FO</arg>
<arg>FR</arg>
<arg>GA</arg>
<arg>GB</arg>
<arg>GD</arg>
<arg>GE</arg>
<arg>GF</arg>
<arg>GG</arg>
<arg>GH</arg>
<arg>GI</arg>
<arg>GL</arg>
<arg>GM</arg>
<arg>GN</arg>
<arg>GP</arg>
<arg>GQ</arg>
<arg>GR</arg>
<arg>GS</arg>
<arg>GT</arg>
<arg>GU</arg>
<arg>GW</arg>
<arg>GY</arg>
<arg>HK</arg>
<arg>HM</arg>
<arg>HN</arg>
<arg>HR</arg>
<arg>HT</arg>
<arg>HU</arg>
<arg>ID</arg>
<arg>IE</arg>
<arg>IL</arg>
<arg>IM</arg>
<arg>IN</arg>
<arg>IO</arg>
<arg>IQ</arg>
<arg>IR</arg>
<arg>IS</arg>
<arg>IT</arg>
<arg>JE</arg>
<arg>JM</arg>
<arg>JO</arg>
<arg>JP</arg>
<arg>KE</arg>
<arg>KG</arg>
<arg>KH</arg>
<arg>KI</arg>
<arg>KM</arg>
<arg>KN</arg>
<arg>KP</arg>
<arg>KR</arg>
<arg>KW</arg>
<arg>KY</arg>
<arg>KZ</arg>
<arg>LA</arg>
<arg>LB</arg>
<arg>LC</arg>
<arg>LI</arg>
<arg>LK</arg>
<arg>LR</arg>
<arg>LS</arg>
<arg>LT</arg>
<arg>LU</arg>
<arg>LV</arg>
<arg>LY</arg>
<arg>MA</arg>
<arg>MC</arg>
<arg>MD</arg>
<arg>ME</arg>
<arg>MF</arg>
<arg>MG</arg>
<arg>MH</arg>
<arg>MK</arg>
<arg>ML</arg>
<arg>MM</arg>
<arg>MN</arg>
<arg>MO</arg>
<arg>MP</arg>
<arg>MQ</arg>
<arg>MR</arg>
<arg>MS</arg>
<arg>MT</arg>
<arg>MU</arg>
<arg>MV</arg>
<arg>MW</arg>
<arg>MX</arg>
<arg>MY</arg>
<arg>MZ</arg>
<arg>NA</arg>
<arg>NC</arg>
<arg>NE</arg>
<arg>NF</arg>
<arg>NG</arg>
<arg>NI</arg>
<arg>NL</arg>
<arg>NO</arg>
<arg>NP</arg>
<arg>NR</arg>
<arg>NU</arg>
<arg>NZ</arg>
<arg>OM</arg>
<arg>PA</arg>
<arg>PE</arg>
<arg>PF</arg>
<arg>PG</arg>
<arg>PH</arg>
<arg>PK</arg>
<arg>PL</arg>
<arg>PM</arg>
<arg>PN</arg>
<arg>PR</arg>
<arg>PS</arg>
<arg>PT</arg>
<arg>PW</arg>
<arg>PY</arg>
<arg>QA</arg>
<arg>RE</arg>
<arg>RO</arg>
<arg>RS</arg>
<arg>RU</arg>
<arg>RW</arg>
<arg>SA</arg>
<arg>SB</arg>
<arg>SC</arg>
<arg>SD</arg>
<arg>SE</arg>
<arg>SG</arg>
<arg>SH</arg>
<arg>SI</arg>
<arg>SJ</arg>
<arg>SK</arg>
<arg>SL</arg>
<arg>SM</arg>
<arg>SN</arg>
<arg>SO</arg>
<arg>SR</arg>
<arg>SS</arg>
<arg>ST</arg>
<arg>SV</arg>
<arg>SX</arg>
<arg>SY</arg>
<arg>SZ</arg>
<arg>TC</arg>
<arg>TD</arg>
<arg>TF</arg>
<arg>TG</arg>
<arg>TH</arg>
<arg>TJ</arg>
<arg>TK</arg>
<arg>TL</arg>
<arg>TM</arg>
<arg>TN</arg>
<arg>TO</arg>
<arg>TR</arg>
<arg>TT</arg>
<arg>TV</arg>
<arg>TW</arg>
<arg>TZ</arg>
<arg>UA</arg>
<arg>UG</arg>
<arg>UM</arg>
<arg>US</arg>
<arg>UY</arg>
<arg>UZ</arg>
<arg>VA</arg>
<arg>VC</arg>
<arg>VE</arg>
<arg>VG</arg>
<arg>VI</arg>
<arg>VN</arg>
<arg>VU</arg>
<arg>WF</arg>
<arg>WS</arg>
<arg>XK</arg>
<arg>YE</arg>
<arg>YT</arg>
<arg>ZA</arg>
<arg>ZM</arg>
<arg>ZW</arg>
<doc>Returns a list containing given items.</doc>
<status status="PASS" start="2024-07-31T14:14:14.177118" elapsed="0.000620"/>
</kw>
<kw name="List Should Contain Value" owner="Collections">
<arg>${list_country}</arg>
<arg>${name_country}</arg>
<doc>Fails if the ``value`` is not found from ``list``.</doc>
<status status="PASS" start="2024-07-31T14:14:14.178721" elapsed="0.000213"/>
</kw>
<kw name="Run Keyword If" owner="BuiltIn">
<kw name="Should Be True" owner="BuiltIn">
<arg>${True}</arg>
<doc>Fails if the given condition is not true.</doc>
<status status="PASS" start="2024-07-31T14:14:14.179887" elapsed="0.000142"/>
</kw>
<arg>${json_data["results"][0]["location"]["coordinates"]["latitude"]} &gt;= -90 and ${json_data["results"][0]["location"]["coordinates"]["latitude"]} &lt;= 90</arg>
<arg>Should Be True</arg>
<arg>${True}</arg>
<doc>Runs the given keyword with the given arguments, if ``condition`` is true.</doc>
<status status="PASS" start="2024-07-31T14:14:14.179135" elapsed="0.001051"/>
</kw>
<kw name="Run Keyword If" owner="BuiltIn">
<kw name="Should Be True" owner="BuiltIn">
<arg>${True}</arg>
<doc>Fails if the given condition is not true.</doc>
<status status="PASS" start="2024-07-31T14:14:14.181119" elapsed="0.000142"/>
</kw>
<arg>${json_data["results"][0]["location"]["coordinates"]["longitude"]} &gt;= -180 and ${json_data["results"][0]["location"]["coordinates"]["longitude"]} &lt;= 180</arg>
<arg>Should Be True</arg>
<arg>${True}</arg>
<doc>Runs the given keyword with the given arguments, if ``condition`` is true.</doc>
<status status="PASS" start="2024-07-31T14:14:14.180373" elapsed="0.001012"/>
</kw>
<status status="PASS" start="2024-07-31T14:14:13.246466" elapsed="0.935051"/>
</kw>
<doc>Testa o conteúdo específico dos campos retornados pela API.</doc>
<tag>testeConteudo</tag>
<status status="PASS" start="2024-07-31T14:14:13.245977" elapsed="0.935694"/>
</test>
<status status="PASS" start="2024-07-31T14:14:03.303584" elapsed="10.880074"/>
</suite>
<status status="PASS" start="2024-07-31T14:14:03.288649" elapsed="10.900183"/>
</suite>
<statistics>
<total>
<stat pass="5" fail="0" skip="0">All Tests</stat>
</total>
<tag>
<stat pass="1" fail="0" skip="0">testeConteudo</stat>
<stat pass="1" fail="0" skip="0">testeEstruturaResposta</stat>
<stat pass="1" fail="0" skip="0">testeRequisicaoBasica</stat>
<stat pass="1" fail="0" skip="0">testeTiposDados</stat>
</tag>
<suite>
<stat pass="5" fail="0" skip="0" id="s1" name="Tests">Tests</stat>
<stat pass="5" fail="0" skip="0" id="s1-s1" name="Random-User-Test">Tests.Random-User-Test</stat>
</suite>
</statistics>
<errors>
</errors>
</robot>
