<?xml version="1.0" encoding="UTF-8"?>
<robot generator="Robot 7.0.1 (Python 3.12.3 on linux)" generated="2024-06-17T06:21:46.834968" rpa="false" schemaversion="5">
<suite id="s1" name="Tests" source="/home/runner/work/ApiRandomUser/ApiRandomUser/RamdonUser/tests">
<suite id="s1-s1" name="Random-User-Test" source="/home/runner/work/ApiRandomUser/ApiRandomUser/RamdonUser/tests/random-user-test.robot">
<test id="s1-s1-t1" name="Conectar" line="13">
<kw name="Conectar API" owner="random-user-service">
<kw name="Create Session" owner="RequestsLibrary">
<msg time="2024-06-17T06:21:47.256694" level="INFO">Creating Session using : alias=consultarAPI, url=https://randomuser.me/, headers={},                     cookies={}, auth=None, timeout=None, proxies=None, verify=False,                     debug=0 </msg>
<arg>consultarAPI</arg>
<arg>${URL}</arg>
<doc>Create Session: create a HTTP session to a server</doc>
<status status="PASS" start="2024-06-17T06:21:47.256481" elapsed="0.000396"/>
</kw>
<status status="PASS" start="2024-06-17T06:21:47.255420" elapsed="0.001860"/>
</kw>
<status status="PASS" start="2024-06-17T06:21:47.254802" elapsed="0.002687"/>
</test>
<test id="s1-s1-t2" name="Validar retorno 200 e JSON Válido" line="16">
<kw name="Teste de Requisicao Basica" owner="random-user-service">
<kw name="GET On Session" owner="RequestsLibrary">
<msg time="2024-06-17T06:21:47.441195" level="INFO">GET Request : url=https://randomuser.me/api 
 path_url=/api 
 headers={'User-Agent': 'python-requests/2.32.3', 'Accept-Encoding': 'gzip, deflate', 'Accept': '*/*', 'Connection': 'keep-alive'} 
 body=None 
 </msg>
<msg time="2024-06-17T06:21:47.441388" level="INFO">GET Response : url=https://randomuser.me/api 
 status=200, reason=OK 
 headers={'Date': 'Mon, 17 Jun 2024 06:21:47 GMT', 'Content-Type': 'application/json; charset=utf-8', 'Transfer-Encoding': 'chunked', 'Connection': 'keep-alive', 'X-Powered-By': 'Express', 'Access-Control-Allow-Origin': '*', 'Cache-Control': 'no-cache', 'ETag': 'W/"47e-a0wxP48krII+26vRY8EzFbXjUpE"', 'Vary': 'Accept-Encoding', 'Content-Encoding': 'gzip', 'CF-Cache-Status': 'DYNAMIC', 'Report-To': '{"endpoints":[{"url":"https:\\/\\/a.nel.cloudflare.com\\/report\\/v4?s=PAn1r%2F33FbyxQ9gasMNtCYkrikxrX6QAUWPCgC1BdwqabdwiJj4HQlKM42ZgdEMxDPUUKIv1V5b7FrT%2FiVOCRexNN76gpZXXmg49lXBUuKCCJ35OS02sBI3mSRVxDUsL"}],"group":"cf-nel","max_age":604800}', 'NEL': '{"success_fraction":0,"report_to":"cf-nel","max_age":604800}', 'Server': 'cloudflare', 'CF-RAY': '8950f1034a801254-ORD', 'alt-svc': 'h3=":443"; ma=86400'} 
 body={"results":[{"gender":"female","name":{"title":"Ms","first":"Savitha","last":"Das"},"location":{"street":{"number":2135,"name":"Car St"},"city":"Tirunelveli","state":"Tamil Nadu","country":"India","postcode":89216,"coordinates":{"latitude":"11.4251","longitude":"28.2582"},"timezone":{"offset":"-12:00","description":"Eniwetok, Kwajalein"}},"email":"savitha.das@example.com","login":{"uuid":"b3c031fe-e8a8-4812-90e7-625b92dcb8f7","username":"heavygorilla214","password":"together","salt":"FOIHhjLc","md5":"046c6faf7d8e28a2d14fb0945d3e6383","sha1":"d5edc24a08acd8869c0b654e673b06b1ce7015b0","sha256":"52bed3741351575e5477b70ce274a3a9b374662d68c621c60e76595c31d8d7db"},"dob":{"date":"1962-10-08T01:26:58.256Z","age":61},"registered":{"date":"2016-08-11T15:04:46.565Z","age":7},"phone":"7887594283","cell":"8669332353","id":{"name":"UIDAI","value":"195738578841"},"picture":{"large":"https://randomuser.me/api/portraits/women/60.jpg","medium":"https://randomuser.me/api/portraits/med/women/60.jpg","thumbnail":"https://randomuser.me/api/portraits/thumb/women/60.jpg"},"nat":"IN"}],"info":{"seed":"3287f8879b251480","results":1,"page":1,"version":"1.4"}} 
 </msg>
<msg time="2024-06-17T06:21:47.441470" level="INFO">/opt/hostedtoolcache/Python/3.12.3/x64/lib/python3.12/site-packages/urllib3/connectionpool.py:1103: InsecureRequestWarning: Unverified HTTPS request is being made to host 'randomuser.me'. Adding certificate verification is strongly advised. See: https://urllib3.readthedocs.io/en/latest/advanced-usage.html#tls-warnings
  warnings.warn(</msg>
<msg time="2024-06-17T06:21:47.441629" level="INFO">${response} = &lt;Response [200]&gt;</msg>
<var>${response}</var>
<arg>consultarAPI</arg>
<arg>/api</arg>
<doc>Sends a GET request on a previously created HTTP Session.</doc>
<status status="PASS" start="2024-06-17T06:21:47.260259" elapsed="0.181414"/>
</kw>
<kw name="Should Be Equal As Numbers" owner="BuiltIn">
<msg time="2024-06-17T06:21:47.442630" level="INFO">Argument types are:
&lt;class 'int'&gt;
&lt;class 'str'&gt;</msg>
<arg>${response.status_code}</arg>
<arg>200</arg>
<doc>Fails if objects are unequal after converting them to real numbers.</doc>
<status status="PASS" start="2024-06-17T06:21:47.442172" elapsed="0.000525"/>
</kw>
<kw name="Log" owner="BuiltIn">
<msg time="2024-06-17T06:21:47.443379" level="INFO">200</msg>
<arg>${response.status_code}</arg>
<doc>Logs the given message with the given level.</doc>
<status status="PASS" start="2024-06-17T06:21:47.443026" elapsed="0.000403"/>
</kw>
<kw name="Set Variable" owner="BuiltIn">
<msg time="2024-06-17T06:21:47.444178" level="INFO">${json_data} = {'results': [{'gender': 'female', 'name': {'title': 'Ms', 'first': 'Savitha', 'last': 'Das'}, 'location': {'street': {'number': 2135, 'name': 'Car St'}, 'city': 'Tirunelveli', 'state': 'Tamil Nadu', '...</msg>
<var>${json_data}</var>
<arg>${response.json()}</arg>
<doc>Returns the given values which can then be assigned to a variables.</doc>
<status status="PASS" start="2024-06-17T06:21:47.443743" elapsed="0.000464"/>
</kw>
<kw name="Dictionary Should Contain Key" owner="Collections">
<arg>${json_data}</arg>
<arg>results</arg>
<doc>Fails if ``key`` is not found from ``dictionary``.</doc>
<status status="PASS" start="2024-06-17T06:21:47.444509" elapsed="0.000170"/>
</kw>
<status status="PASS" start="2024-06-17T06:21:47.260005" elapsed="0.184838"/>
</kw>
<doc>Testa se a API responde corretamente e retorna um objeto JSON válido.</doc>
<tag>testeRequisicaoBasica</tag>
<status status="PASS" start="2024-06-17T06:21:47.259425" elapsed="0.185599"/>
</test>
<test id="s1-s1-t3" name="Validar estrutura de resposta" line="22">
<kw name="Teste de Estrutura de Resposta" owner="random-user-service">
<kw name="GET On Session" owner="RequestsLibrary">
<msg time="2024-06-17T06:21:47.539827" level="INFO">GET Request : url=https://randomuser.me/api 
 path_url=/api 
 headers={'User-Agent': 'python-requests/2.32.3', 'Accept-Encoding': 'gzip, deflate', 'Accept': '*/*', 'Connection': 'keep-alive'} 
 body=None 
 </msg>
<msg time="2024-06-17T06:21:47.539921" level="INFO">GET Response : url=https://randomuser.me/api 
 status=200, reason=OK 
 headers={'Date': 'Mon, 17 Jun 2024 06:21:47 GMT', 'Content-Type': 'application/json; charset=utf-8', 'Transfer-Encoding': 'chunked', 'Connection': 'keep-alive', 'X-Powered-By': 'Express', 'Access-Control-Allow-Origin': '*', 'Cache-Control': 'no-cache', 'ETag': 'W/"49b-kQPY/5K2HDg/ViSpnNe2qczUsB4"', 'Vary': 'Accept-Encoding', 'Content-Encoding': 'gzip', 'CF-Cache-Status': 'DYNAMIC', 'Report-To': '{"endpoints":[{"url":"https:\\/\\/a.nel.cloudflare.com\\/report\\/v4?s=Tpb%2BDfMKwgOzElL6XH3S2ZQBoDDOV%2BZprq2GUCfsREX%2FDobMbSqGdwKX9vTTsrDkqrysCxEu%2BykkiaKmzgMRyPGNq94Fovew1%2FnJ1myBh%2F2QWVLDONEMblI5NgPU3cOG"}],"group":"cf-nel","max_age":604800}', 'NEL': '{"success_fraction":0,"report_to":"cf-nel","max_age":604800}', 'Server': 'cloudflare', 'CF-RAY': '8950f1039aba1254-ORD', 'alt-svc': 'h3=":443"; ma=86400'} 
 body={"results":[{"gender":"male","name":{"title":"Mr","first":"Tilman","last":"Steiger"},"location":{"street":{"number":552,"name":"Mühlweg"},"city":"Ostholstein","state":"Thüringen","country":"Germany","postcode":66648,"coordinates":{"latitude":"-53.2351","longitude":"-101.2517"},"timezone":{"offset":"+5:00","description":"Ekaterinburg, Islamabad, Karachi, Tashkent"}},"email":"tilman.steiger@example.com","login":{"uuid":"eda0bafa-236f-45c0-8f40-d22738b9fcee","username":"brownbear859","password":"venture","salt":"ioA0uUdW","md5":"52960b40a55ee5e48acbcce2469e0dec","sha1":"07cdaf0516ab5a5d6464e3545ee1f6f1616ea4e5","sha256":"907e401f4c9e25018f006e3fef2e40ae9b02115b777cdeaf8fae80f3b40d7942"},"dob":{"date":"1954-12-08T14:34:42.697Z","age":69},"registered":{"date":"2005-10-28T23:04:40.673Z","age":18},"phone":"0257-5979809","cell":"0173-2064915","id":{"name":"SVNR","value":"76 081254 S 450"},"picture":{"large":"https://randomuser.me/api/portraits/men/45.jpg","medium":"https://randomuser.me/api/portraits/med/men/45.jpg","thumbnail":"https://randomuser.me/api/portraits/thumb/men/45.jpg"},"nat":"DE"}],"info":{"seed":"12d180f7f3f8fd72","results":1,"page":1,"version":"1.4"}} 
 </msg>
<msg time="2024-06-17T06:21:47.540072" level="INFO">/opt/hostedtoolcache/Python/3.12.3/x64/lib/python3.12/site-packages/urllib3/connectionpool.py:1103: InsecureRequestWarning: Unverified HTTPS request is being made to host 'randomuser.me'. Adding certificate verification is strongly advised. See: https://urllib3.readthedocs.io/en/latest/advanced-usage.html#tls-warnings
  warnings.warn(</msg>
<msg time="2024-06-17T06:21:47.540224" level="INFO">${response} = &lt;Response [200]&gt;</msg>
<var>${response}</var>
<arg>consultarAPI</arg>
<arg>/api</arg>
<doc>Sends a GET request on a previously created HTTP Session.</doc>
<status status="PASS" start="2024-06-17T06:21:47.447932" elapsed="0.092346"/>
</kw>
<kw name="Set Variable" owner="BuiltIn">
<msg time="2024-06-17T06:21:47.541216" level="INFO">${json_data} = {'results': [{'gender': 'male', 'name': {'title': 'Mr', 'first': 'Tilman', 'last': 'Steiger'}, 'location': {'street': {'number': 552, 'name': 'Mühlweg'}, 'city': 'Ostholstein', 'state': 'Thüringen', '...</msg>
<var>${json_data}</var>
<arg>${response.json()}</arg>
<doc>Returns the given values which can then be assigned to a variables.</doc>
<status status="PASS" start="2024-06-17T06:21:47.540729" elapsed="0.000558"/>
</kw>
<kw name="Log" owner="BuiltIn">
<msg time="2024-06-17T06:21:47.541774" level="INFO">{'results': [{'gender': 'male', 'name': {'title': 'Mr', 'first': 'Tilman', 'last': 'Steiger'}, 'location': {'street': {'number': 552, 'name': 'Mühlweg'}, 'city': 'Ostholstein', 'state': 'Thüringen', 'country': 'Germany', 'postcode': 66648, 'coordinates': {'latitude': '-53.2351', 'longitude': '-101.2517'}, 'timezone': {'offset': '+5:00', 'description': 'Ekaterinburg, Islamabad, Karachi, Tashkent'}}, 'email': 'tilman.steiger@example.com', 'login': {'uuid': 'eda0bafa-236f-45c0-8f40-d22738b9fcee', 'username': 'brownbear859', 'password': 'venture', 'salt': 'ioA0uUdW', 'md5': '52960b40a55ee5e48acbcce2469e0dec', 'sha1': '07cdaf0516ab5a5d6464e3545ee1f6f1616ea4e5', 'sha256': '907e401f4c9e25018f006e3fef2e40ae9b02115b777cdeaf8fae80f3b40d7942'}, 'dob': {'date': '1954-12-08T14:34:42.697Z', 'age': 69}, 'registered': {'date': '2005-10-28T23:04:40.673Z', 'age': 18}, 'phone': '0257-5979809', 'cell': '0173-2064915', 'id': {'name': 'SVNR', 'value': '76 081254 S 450'}, 'picture': {'large': 'https://randomuser.me/api/portraits/men/45.jpg', 'medium': 'https://randomuser.me/api/portraits/med/men/45.jpg', 'thumbnail': 'https://randomuser.me/api/portraits/thumb/men/45.jpg'}, 'nat': 'DE'}], 'info': {'seed': '12d180f7f3f8fd72', 'results': 1, 'page': 1, 'version': '1.4'}}</msg>
<arg>${json_data}</arg>
<doc>Logs the given message with the given level.</doc>
<status status="PASS" start="2024-06-17T06:21:47.541609" elapsed="0.000216"/>
</kw>
<kw name="Dictionary Should Contain Key" owner="Collections">
<arg>${json_data}</arg>
<arg>results</arg>
<doc>Fails if ``key`` is not found from ``dictionary``.</doc>
<status status="PASS" start="2024-06-17T06:21:47.542129" elapsed="0.000159"/>
</kw>
<kw name="Should Not Be Empty" owner="BuiltIn">
<msg time="2024-06-17T06:21:47.542600" level="INFO">Length is 2.</msg>
<arg>${json_data}</arg>
<doc>Verifies that the given item is not empty.</doc>
<status status="PASS" start="2024-06-17T06:21:47.542474" elapsed="0.000165"/>
</kw>
<kw name="Create List" owner="BuiltIn">
<msg time="2024-06-17T06:21:47.543083" level="INFO">${expected_keys} = ['gender', 'name', 'location', 'email', 'login']</msg>
<var>${expected_keys}</var>
<arg>gender</arg>
<arg>name</arg>
<arg>location</arg>
<arg>email</arg>
<arg>login</arg>
<doc>Returns a list containing given items.</doc>
<status status="PASS" start="2024-06-17T06:21:47.542932" elapsed="0.000175"/>
</kw>
<for flavor="IN">
<iter>
<kw name="Dictionary Should Contain Key" owner="Collections">
<arg>${json_data['results'][0]}</arg>
<arg>${key}</arg>
<doc>Fails if ``key`` is not found from ``dictionary``.</doc>
<status status="PASS" start="2024-06-17T06:21:47.543704" elapsed="0.000418"/>
</kw>
<kw name="Log" owner="BuiltIn">
<msg time="2024-06-17T06:21:47.544696" level="INFO">{'gender': 'male', 'name': {'title': 'Mr', 'first': 'Tilman', 'last': 'Steiger'}, 'location': {'street': {'number': 552, 'name': 'Mühlweg'}, 'city': 'Ostholstein', 'state': 'Thüringen', 'country': 'Germany', 'postcode': 66648, 'coordinates': {'latitude': '-53.2351', 'longitude': '-101.2517'}, 'timezone': {'offset': '+5:00', 'description': 'Ekaterinburg, Islamabad, Karachi, Tashkent'}}, 'email': 'tilman.steiger@example.com', 'login': {'uuid': 'eda0bafa-236f-45c0-8f40-d22738b9fcee', 'username': 'brownbear859', 'password': 'venture', 'salt': 'ioA0uUdW', 'md5': '52960b40a55ee5e48acbcce2469e0dec', 'sha1': '07cdaf0516ab5a5d6464e3545ee1f6f1616ea4e5', 'sha256': '907e401f4c9e25018f006e3fef2e40ae9b02115b777cdeaf8fae80f3b40d7942'}, 'dob': {'date': '1954-12-08T14:34:42.697Z', 'age': 69}, 'registered': {'date': '2005-10-28T23:04:40.673Z', 'age': 18}, 'phone': '0257-5979809', 'cell': '0173-2064915', 'id': {'name': 'SVNR', 'value': '76 081254 S 450'}, 'picture': {'large': 'https://randomuser.me/api/portraits/men/45.jpg', 'medium': 'https://randomuser.me/api/portraits/med/men/45.jpg', 'thumbnail': 'https://randomuser.me/api/portraits/thumb/men/45.jpg'}, 'nat': 'DE'}</msg>
<arg>${json_data['results'][0]}</arg>
<doc>Logs the given message with the given level.</doc>
<status status="PASS" start="2024-06-17T06:21:47.544322" elapsed="0.000427"/>
</kw>
<kw name="Log" owner="BuiltIn">
<msg time="2024-06-17T06:21:47.545188" level="INFO">gender</msg>
<arg>${key}</arg>
<doc>Logs the given message with the given level.</doc>
<status status="PASS" start="2024-06-17T06:21:47.545055" elapsed="0.000192"/>
</kw>
<var name="${key}">gender</var>
<status status="PASS" start="2024-06-17T06:21:47.543576" elapsed="0.001902"/>
</iter>
<iter>
<kw name="Dictionary Should Contain Key" owner="Collections">
<arg>${json_data['results'][0]}</arg>
<arg>${key}</arg>
<doc>Fails if ``key`` is not found from ``dictionary``.</doc>
<status status="PASS" start="2024-06-17T06:21:47.545786" elapsed="0.000402"/>
</kw>
<kw name="Log" owner="BuiltIn">
<msg time="2024-06-17T06:21:47.546784" level="INFO">{'gender': 'male', 'name': {'title': 'Mr', 'first': 'Tilman', 'last': 'Steiger'}, 'location': {'street': {'number': 552, 'name': 'Mühlweg'}, 'city': 'Ostholstein', 'state': 'Thüringen', 'country': 'Germany', 'postcode': 66648, 'coordinates': {'latitude': '-53.2351', 'longitude': '-101.2517'}, 'timezone': {'offset': '+5:00', 'description': 'Ekaterinburg, Islamabad, Karachi, Tashkent'}}, 'email': 'tilman.steiger@example.com', 'login': {'uuid': 'eda0bafa-236f-45c0-8f40-d22738b9fcee', 'username': 'brownbear859', 'password': 'venture', 'salt': 'ioA0uUdW', 'md5': '52960b40a55ee5e48acbcce2469e0dec', 'sha1': '07cdaf0516ab5a5d6464e3545ee1f6f1616ea4e5', 'sha256': '907e401f4c9e25018f006e3fef2e40ae9b02115b777cdeaf8fae80f3b40d7942'}, 'dob': {'date': '1954-12-08T14:34:42.697Z', 'age': 69}, 'registered': {'date': '2005-10-28T23:04:40.673Z', 'age': 18}, 'phone': '0257-5979809', 'cell': '0173-2064915', 'id': {'name': 'SVNR', 'value': '76 081254 S 450'}, 'picture': {'large': 'https://randomuser.me/api/portraits/men/45.jpg', 'medium': 'https://randomuser.me/api/portraits/med/men/45.jpg', 'thumbnail': 'https://randomuser.me/api/portraits/thumb/men/45.jpg'}, 'nat': 'DE'}</msg>
<arg>${json_data['results'][0]}</arg>
<doc>Logs the given message with the given level.</doc>
<status status="PASS" start="2024-06-17T06:21:47.546377" elapsed="0.000459"/>
</kw>
<kw name="Log" owner="BuiltIn">
<msg time="2024-06-17T06:21:47.547283" level="INFO">name</msg>
<arg>${key}</arg>
<doc>Logs the given message with the given level.</doc>
<status status="PASS" start="2024-06-17T06:21:47.547144" elapsed="0.000180"/>
</kw>
<var name="${key}">name</var>
<status status="PASS" start="2024-06-17T06:21:47.545668" elapsed="0.001880"/>
</iter>
<iter>
<kw name="Dictionary Should Contain Key" owner="Collections">
<arg>${json_data['results'][0]}</arg>
<arg>${key}</arg>
<doc>Fails if ``key`` is not found from ``dictionary``.</doc>
<status status="PASS" start="2024-06-17T06:21:47.547843" elapsed="0.000381"/>
</kw>
<kw name="Log" owner="BuiltIn">
<msg time="2024-06-17T06:21:47.548776" level="INFO">{'gender': 'male', 'name': {'title': 'Mr', 'first': 'Tilman', 'last': 'Steiger'}, 'location': {'street': {'number': 552, 'name': 'Mühlweg'}, 'city': 'Ostholstein', 'state': 'Thüringen', 'country': 'Germany', 'postcode': 66648, 'coordinates': {'latitude': '-53.2351', 'longitude': '-101.2517'}, 'timezone': {'offset': '+5:00', 'description': 'Ekaterinburg, Islamabad, Karachi, Tashkent'}}, 'email': 'tilman.steiger@example.com', 'login': {'uuid': 'eda0bafa-236f-45c0-8f40-d22738b9fcee', 'username': 'brownbear859', 'password': 'venture', 'salt': 'ioA0uUdW', 'md5': '52960b40a55ee5e48acbcce2469e0dec', 'sha1': '07cdaf0516ab5a5d6464e3545ee1f6f1616ea4e5', 'sha256': '907e401f4c9e25018f006e3fef2e40ae9b02115b777cdeaf8fae80f3b40d7942'}, 'dob': {'date': '1954-12-08T14:34:42.697Z', 'age': 69}, 'registered': {'date': '2005-10-28T23:04:40.673Z', 'age': 18}, 'phone': '0257-5979809', 'cell': '0173-2064915', 'id': {'name': 'SVNR', 'value': '76 081254 S 450'}, 'picture': {'large': 'https://randomuser.me/api/portraits/men/45.jpg', 'medium': 'https://randomuser.me/api/portraits/med/men/45.jpg', 'thumbnail': 'https://randomuser.me/api/portraits/thumb/men/45.jpg'}, 'nat': 'DE'}</msg>
<arg>${json_data['results'][0]}</arg>
<doc>Logs the given message with the given level.</doc>
<status status="PASS" start="2024-06-17T06:21:47.548420" elapsed="0.000408"/>
</kw>
<kw name="Log" owner="BuiltIn">
<msg time="2024-06-17T06:21:47.549275" level="INFO">location</msg>
<arg>${key}</arg>
<doc>Logs the given message with the given level.</doc>
<status status="PASS" start="2024-06-17T06:21:47.549126" elapsed="0.000189"/>
</kw>
<var name="${key}">location</var>
<status status="PASS" start="2024-06-17T06:21:47.547733" elapsed="0.001811"/>
</iter>
<iter>
<kw name="Dictionary Should Contain Key" owner="Collections">
<arg>${json_data['results'][0]}</arg>
<arg>${key}</arg>
<doc>Fails if ``key`` is not found from ``dictionary``.</doc>
<status status="PASS" start="2024-06-17T06:21:47.549832" elapsed="0.000391"/>
</kw>
<kw name="Log" owner="BuiltIn">
<msg time="2024-06-17T06:21:47.550776" level="INFO">{'gender': 'male', 'name': {'title': 'Mr', 'first': 'Tilman', 'last': 'Steiger'}, 'location': {'street': {'number': 552, 'name': 'Mühlweg'}, 'city': 'Ostholstein', 'state': 'Thüringen', 'country': 'Germany', 'postcode': 66648, 'coordinates': {'latitude': '-53.2351', 'longitude': '-101.2517'}, 'timezone': {'offset': '+5:00', 'description': 'Ekaterinburg, Islamabad, Karachi, Tashkent'}}, 'email': 'tilman.steiger@example.com', 'login': {'uuid': 'eda0bafa-236f-45c0-8f40-d22738b9fcee', 'username': 'brownbear859', 'password': 'venture', 'salt': 'ioA0uUdW', 'md5': '52960b40a55ee5e48acbcce2469e0dec', 'sha1': '07cdaf0516ab5a5d6464e3545ee1f6f1616ea4e5', 'sha256': '907e401f4c9e25018f006e3fef2e40ae9b02115b777cdeaf8fae80f3b40d7942'}, 'dob': {'date': '1954-12-08T14:34:42.697Z', 'age': 69}, 'registered': {'date': '2005-10-28T23:04:40.673Z', 'age': 18}, 'phone': '0257-5979809', 'cell': '0173-2064915', 'id': {'name': 'SVNR', 'value': '76 081254 S 450'}, 'picture': {'large': 'https://randomuser.me/api/portraits/men/45.jpg', 'medium': 'https://randomuser.me/api/portraits/med/men/45.jpg', 'thumbnail': 'https://randomuser.me/api/portraits/thumb/men/45.jpg'}, 'nat': 'DE'}</msg>
<arg>${json_data['results'][0]}</arg>
<doc>Logs the given message with the given level.</doc>
<status status="PASS" start="2024-06-17T06:21:47.550410" elapsed="0.000426"/>
</kw>
<kw name="Log" owner="BuiltIn">
<msg time="2024-06-17T06:21:47.551264" level="INFO">email</msg>
<arg>${key}</arg>
<doc>Logs the given message with the given level.</doc>
<status status="PASS" start="2024-06-17T06:21:47.551135" elapsed="0.000169"/>
</kw>
<var name="${key}">email</var>
<status status="PASS" start="2024-06-17T06:21:47.549722" elapsed="0.001798"/>
</iter>
<iter>
<kw name="Dictionary Should Contain Key" owner="Collections">
<arg>${json_data['results'][0]}</arg>
<arg>${key}</arg>
<doc>Fails if ``key`` is not found from ``dictionary``.</doc>
<status status="PASS" start="2024-06-17T06:21:47.551802" elapsed="0.000381"/>
</kw>
<kw name="Log" owner="BuiltIn">
<msg time="2024-06-17T06:21:47.552729" level="INFO">{'gender': 'male', 'name': {'title': 'Mr', 'first': 'Tilman', 'last': 'Steiger'}, 'location': {'street': {'number': 552, 'name': 'Mühlweg'}, 'city': 'Ostholstein', 'state': 'Thüringen', 'country': 'Germany', 'postcode': 66648, 'coordinates': {'latitude': '-53.2351', 'longitude': '-101.2517'}, 'timezone': {'offset': '+5:00', 'description': 'Ekaterinburg, Islamabad, Karachi, Tashkent'}}, 'email': 'tilman.steiger@example.com', 'login': {'uuid': 'eda0bafa-236f-45c0-8f40-d22738b9fcee', 'username': 'brownbear859', 'password': 'venture', 'salt': 'ioA0uUdW', 'md5': '52960b40a55ee5e48acbcce2469e0dec', 'sha1': '07cdaf0516ab5a5d6464e3545ee1f6f1616ea4e5', 'sha256': '907e401f4c9e25018f006e3fef2e40ae9b02115b777cdeaf8fae80f3b40d7942'}, 'dob': {'date': '1954-12-08T14:34:42.697Z', 'age': 69}, 'registered': {'date': '2005-10-28T23:04:40.673Z', 'age': 18}, 'phone': '0257-5979809', 'cell': '0173-2064915', 'id': {'name': 'SVNR', 'value': '76 081254 S 450'}, 'picture': {'large': 'https://randomuser.me/api/portraits/men/45.jpg', 'medium': 'https://randomuser.me/api/portraits/med/men/45.jpg', 'thumbnail': 'https://randomuser.me/api/portraits/thumb/men/45.jpg'}, 'nat': 'DE'}</msg>
<arg>${json_data['results'][0]}</arg>
<doc>Logs the given message with the given level.</doc>
<status status="PASS" start="2024-06-17T06:21:47.552369" elapsed="0.000410"/>
</kw>
<kw name="Log" owner="BuiltIn">
<msg time="2024-06-17T06:21:47.553342" level="INFO">login</msg>
<arg>${key}</arg>
<doc>Logs the given message with the given level.</doc>
<status status="PASS" start="2024-06-17T06:21:47.553079" elapsed="0.000305"/>
</kw>
<var name="${key}">login</var>
<status status="PASS" start="2024-06-17T06:21:47.551693" elapsed="0.001916"/>
</iter>
<var>${key}</var>
<value>@{expected_keys}</value>
<status status="PASS" start="2024-06-17T06:21:47.543376" elapsed="0.010356"/>
</for>
<kw name="Create List" owner="BuiltIn">
<msg time="2024-06-17T06:21:47.554095" level="INFO">${expected_keysTwo} = ['username', 'password']</msg>
<var>${expected_keysTwo}</var>
<arg>username</arg>
<arg>password</arg>
<doc>Returns a list containing given items.</doc>
<status status="PASS" start="2024-06-17T06:21:47.553953" elapsed="0.000167"/>
</kw>
<for flavor="IN">
<iter>
<kw name="Dictionary Should Contain Key" owner="Collections">
<arg>${json_data['results'][0]['login']}</arg>
<arg>${keyTwo}</arg>
<doc>Fails if ``key`` is not found from ``dictionary``.</doc>
<status status="PASS" start="2024-06-17T06:21:47.554632" elapsed="0.000387"/>
</kw>
<kw name="Dictionary Should Contain Key" owner="Collections">
<arg>${json_data['results'][0]['login']}</arg>
<arg>${keyTwo}</arg>
<doc>Fails if ``key`` is not found from ``dictionary``.</doc>
<status status="PASS" start="2024-06-17T06:21:47.555206" elapsed="0.000385"/>
</kw>
<kw name="Log" owner="BuiltIn">
<msg time="2024-06-17T06:21:47.555898" level="INFO">username</msg>
<arg>${keyTwo}</arg>
<doc>Logs the given message with the given level.</doc>
<status status="PASS" start="2024-06-17T06:21:47.555775" elapsed="0.000161"/>
</kw>
<var name="${keyTwo}">username</var>
<status status="PASS" start="2024-06-17T06:21:47.554522" elapsed="0.001637"/>
</iter>
<iter>
<kw name="Dictionary Should Contain Key" owner="Collections">
<arg>${json_data['results'][0]['login']}</arg>
<arg>${keyTwo}</arg>
<doc>Fails if ``key`` is not found from ``dictionary``.</doc>
<status status="PASS" start="2024-06-17T06:21:47.556451" elapsed="0.000378"/>
</kw>
<kw name="Dictionary Should Contain Key" owner="Collections">
<arg>${json_data['results'][0]['login']}</arg>
<arg>${keyTwo}</arg>
<doc>Fails if ``key`` is not found from ``dictionary``.</doc>
<status status="PASS" start="2024-06-17T06:21:47.557013" elapsed="0.000396"/>
</kw>
<kw name="Log" owner="BuiltIn">
<msg time="2024-06-17T06:21:47.557714" level="INFO">password</msg>
<arg>${keyTwo}</arg>
<doc>Logs the given message with the given level.</doc>
<status status="PASS" start="2024-06-17T06:21:47.557592" elapsed="0.000159"/>
</kw>
<var name="${keyTwo}">password</var>
<status status="PASS" start="2024-06-17T06:21:47.556340" elapsed="0.001633"/>
</iter>
<var>${keyTwo}</var>
<value>@{expected_keysTwo}</value>
<status status="PASS" start="2024-06-17T06:21:47.554361" elapsed="0.003734"/>
</for>
<status status="PASS" start="2024-06-17T06:21:47.447699" elapsed="0.110537"/>
</kw>
<doc>Testa a estrutura da resposta da API.</doc>
<tag>testeEstruturaResposta</tag>
<status status="PASS" start="2024-06-17T06:21:47.446941" elapsed="0.111450"/>
</test>
<test id="s1-s1-t4" name="Validar tipos de dados" line="28">
<kw name="Teste de Tipos de Dados" owner="random-user-service">
<kw name="GET On Session" owner="RequestsLibrary">
<msg time="2024-06-17T06:21:47.643038" level="INFO">GET Request : url=https://randomuser.me/api 
 path_url=/api 
 headers={'User-Agent': 'python-requests/2.32.3', 'Accept-Encoding': 'gzip, deflate', 'Accept': '*/*', 'Connection': 'keep-alive'} 
 body=None 
 </msg>
<msg time="2024-06-17T06:21:47.643116" level="INFO">GET Response : url=https://randomuser.me/api 
 status=200, reason=OK 
 headers={'Date': 'Mon, 17 Jun 2024 06:21:47 GMT', 'Content-Type': 'application/json; charset=utf-8', 'Transfer-Encoding': 'chunked', 'Connection': 'keep-alive', 'X-Powered-By': 'Express', 'Access-Control-Allow-Origin': '*', 'Cache-Control': 'no-cache', 'ETag': 'W/"486-2szq2yoEILMdugza7cbchEeKWX8"', 'Vary': 'Accept-Encoding', 'Content-Encoding': 'gzip', 'CF-Cache-Status': 'DYNAMIC', 'Report-To': '{"endpoints":[{"url":"https:\\/\\/a.nel.cloudflare.com\\/report\\/v4?s=rNk8JZiFltryL7HArpCB8irxwfjHFUDbrgpRgSE%2BBfY79vxxjASy5zgxPsm6p2Ow71ePLZsAin0jVvOPRzhQzbQjjq0J5%2B%2F%2FDe9hq4ThYwmLiDJ85XbcGViqlTbszpMD"}],"group":"cf-nel","max_age":604800}', 'NEL': '{"success_fraction":0,"report_to":"cf-nel","max_age":604800}', 'Server': 'cloudflare', 'CF-RAY': '8950f1044b531254-ORD', 'alt-svc': 'h3=":443"; ma=86400'} 
 body={"results":[{"gender":"male","name":{"title":"Mr","first":"Sergio","last":"Peña"},"location":{"street":{"number":3281,"name":"Paseo de Zorrilla"},"city":"Granada","state":"La Rioja","country":"Spain","postcode":21944,"coordinates":{"latitude":"-36.7449","longitude":"-171.1197"},"timezone":{"offset":"+1:00","description":"Brussels, Copenhagen, Madrid, Paris"}},"email":"sergio.pena@example.com","login":{"uuid":"fb75f5c2-0f30-4c5f-a9b4-acfa3ad53e6a","username":"redfish704","password":"micheal","salt":"b0lbXu9B","md5":"4ec1d1887f5fc660523a6497ffd29c7c","sha1":"f65a0f584dfb9656483c05f91b44856ac3d02d65","sha256":"7ef62124b693e658d0627a92025b17f4d0c73c371ffa98421d65469ef4f9283b"},"dob":{"date":"1990-07-25T11:21:42.687Z","age":33},"registered":{"date":"2021-05-08T06:41:07.923Z","age":3},"phone":"926-832-936","cell":"693-876-625","id":{"name":"DNI","value":"84669199-M"},"picture":{"large":"https://randomuser.me/api/portraits/men/66.jpg","medium":"https://randomuser.me/api/portraits/med/men/66.jpg","thumbnail":"https://randomuser.me/api/portraits/thumb/men/66.jpg"},"nat":"ES"}],"info":{"seed":"d8c89df138986087","results":1,"page":1,"version":"1.4"}} 
 </msg>
<msg time="2024-06-17T06:21:47.643198" level="INFO">/opt/hostedtoolcache/Python/3.12.3/x64/lib/python3.12/site-packages/urllib3/connectionpool.py:1103: InsecureRequestWarning: Unverified HTTPS request is being made to host 'randomuser.me'. Adding certificate verification is strongly advised. See: https://urllib3.readthedocs.io/en/latest/advanced-usage.html#tls-warnings
  warnings.warn(</msg>
<msg time="2024-06-17T06:21:47.643328" level="INFO">${response} = &lt;Response [200]&gt;</msg>
<var>${response}</var>
<arg>consultarAPI</arg>
<arg>/api</arg>
<doc>Sends a GET request on a previously created HTTP Session.</doc>
<status status="PASS" start="2024-06-17T06:21:47.560910" elapsed="0.082468"/>
</kw>
<kw name="Set Variable" owner="BuiltIn">
<msg time="2024-06-17T06:21:47.644232" level="INFO">${json_data} = {'results': [{'gender': 'male', 'name': {'title': 'Mr', 'first': 'Sergio', 'last': 'Peña'}, 'location': {'street': {'number': 3281, 'name': 'Paseo de Zorrilla'}, 'city': 'Granada', 'state': 'La Rioja'...</msg>
<var>${json_data}</var>
<arg>${response.json()}</arg>
<doc>Returns the given values which can then be assigned to a variables.</doc>
<status status="PASS" start="2024-06-17T06:21:47.643779" elapsed="0.000484"/>
</kw>
<kw name="Log" owner="BuiltIn">
<msg time="2024-06-17T06:21:47.644730" level="INFO">{'results': [{'gender': 'male', 'name': {'title': 'Mr', 'first': 'Sergio', 'last': 'Peña'}, 'location': {'street': {'number': 3281, 'name': 'Paseo de Zorrilla'}, 'city': 'Granada', 'state': 'La Rioja', 'country': 'Spain', 'postcode': 21944, 'coordinates': {'latitude': '-36.7449', 'longitude': '-171.1197'}, 'timezone': {'offset': '+1:00', 'description': 'Brussels, Copenhagen, Madrid, Paris'}}, 'email': 'sergio.pena@example.com', 'login': {'uuid': 'fb75f5c2-0f30-4c5f-a9b4-acfa3ad53e6a', 'username': 'redfish704', 'password': 'micheal', 'salt': 'b0lbXu9B', 'md5': '4ec1d1887f5fc660523a6497ffd29c7c', 'sha1': 'f65a0f584dfb9656483c05f91b44856ac3d02d65', 'sha256': '7ef62124b693e658d0627a92025b17f4d0c73c371ffa98421d65469ef4f9283b'}, 'dob': {'date': '1990-07-25T11:21:42.687Z', 'age': 33}, 'registered': {'date': '2021-05-08T06:41:07.923Z', 'age': 3}, 'phone': '926-832-936', 'cell': '693-876-625', 'id': {'name': 'DNI', 'value': '84669199-M'}, 'picture': {'large': 'https://randomuser.me/api/portraits/men/66.jpg', 'medium': 'https://randomuser.me/api/portraits/med/men/66.jpg', 'thumbnail': 'https://randomuser.me/api/portraits/thumb/men/66.jpg'}, 'nat': 'ES'}], 'info': {'seed': 'd8c89df138986087', 'results': 1, 'page': 1, 'version': '1.4'}}</msg>
<arg>${json_data}</arg>
<doc>Logs the given message with the given level.</doc>
<status status="PASS" start="2024-06-17T06:21:47.644568" elapsed="0.000211"/>
</kw>
<kw name="Should Be String" owner="String">
<arg>${json_data['results'][0]['gender']}</arg>
<doc>Fails if the given ``item`` is not a string.</doc>
<status status="PASS" start="2024-06-17T06:21:47.645073" elapsed="0.000397"/>
</kw>
<kw name="Should Match Regexp" owner="BuiltIn">
<arg>${json_data['results'][0]['email']}</arg>
<arg>^[a-zA-Z0-9._%+-]+@[a-zA-Z0-9.-]+\.[a-zA-Z]{2,}$</arg>
<doc>Fails if ``string`` does not match ``pattern`` as a regular expression.</doc>
<status status="PASS" start="2024-06-17T06:21:47.645665" elapsed="0.000558"/>
</kw>
<kw name="Should Match Regexp" owner="BuiltIn">
<arg>${json_data['results'][0]['dob']['date']}</arg>
<arg>\\d{4}-\\d{2}-\\d{2}T\\d{2}:\\d{2}:\\d{2}\\.\\d{3}Z</arg>
<doc>Fails if ``string`` does not match ``pattern`` as a regular expression.</doc>
<status status="PASS" start="2024-06-17T06:21:47.646421" elapsed="0.000488"/>
</kw>
<kw name="Should Match Regexp" owner="BuiltIn">
<arg>${json_data['results'][0]['registered']['date']}</arg>
<arg>\\d{4}-\\d{2}-\\d{2}T\\d{2}:\\d{2}:\\d{2}\\.\\d{3}Z</arg>
<doc>Fails if ``string`` does not match ``pattern`` as a regular expression.</doc>
<status status="PASS" start="2024-06-17T06:21:47.647102" elapsed="0.000362"/>
</kw>
<kw name="Should Match Regexp" owner="BuiltIn">
<arg>${json_data['results'][0]['picture']['large']}</arg>
<arg>^https?://.*\.(?:png|jpe?g|gif|bmp)$</arg>
<doc>Fails if ``string`` does not match ``pattern`` as a regular expression.</doc>
<status status="PASS" start="2024-06-17T06:21:47.647653" elapsed="0.000460"/>
</kw>
<kw name="Should Match Regexp" owner="BuiltIn">
<arg>${json_data['results'][0]['picture']['medium']}</arg>
<arg>^https?://.*\.(?:png|jpe?g|gif|bmp)$</arg>
<doc>Fails if ``string`` does not match ``pattern`` as a regular expression.</doc>
<status status="PASS" start="2024-06-17T06:21:47.648309" elapsed="0.000352"/>
</kw>
<kw name="Should Match Regexp" owner="BuiltIn">
<arg>${json_data['results'][0]['picture']['thumbnail']}</arg>
<arg>^https?://.*\.(?:png|jpe?g|gif|bmp)$</arg>
<doc>Fails if ``string`` does not match ``pattern`` as a regular expression.</doc>
<status status="PASS" start="2024-06-17T06:21:47.648852" elapsed="0.000353"/>
</kw>
<kw name="Log" owner="BuiltIn">
<msg time="2024-06-17T06:21:47.649777" level="INFO">{'large': 'https://randomuser.me/api/portraits/men/66.jpg', 'medium': 'https://randomuser.me/api/portraits/med/men/66.jpg', 'thumbnail': 'https://randomuser.me/api/portraits/thumb/men/66.jpg'}</msg>
<arg>${json_data['results'][0]['picture']}</arg>
<doc>Logs the given message with the given level.</doc>
<status status="PASS" start="2024-06-17T06:21:47.649438" elapsed="0.000383"/>
</kw>
<status status="PASS" start="2024-06-17T06:21:47.560680" elapsed="0.089398"/>
</kw>
<kw name="Teste de Tipos de Dados - Postcode" owner="random-user-service">
<kw name="GET On Session" owner="RequestsLibrary">
<msg time="2024-06-17T06:21:47.740032" level="INFO">GET Request : url=https://randomuser.me/api 
 path_url=/api 
 headers={'User-Agent': 'python-requests/2.32.3', 'Accept-Encoding': 'gzip, deflate', 'Accept': '*/*', 'Connection': 'keep-alive'} 
 body=None 
 </msg>
<msg time="2024-06-17T06:21:47.740110" level="INFO">GET Response : url=https://randomuser.me/api 
 status=200, reason=OK 
 headers={'Date': 'Mon, 17 Jun 2024 06:21:47 GMT', 'Content-Type': 'application/json; charset=utf-8', 'Transfer-Encoding': 'chunked', 'Connection': 'keep-alive', 'X-Powered-By': 'Express', 'Access-Control-Allow-Origin': '*', 'Cache-Control': 'no-cache', 'ETag': 'W/"4a0-kvIKd9WEKF02a+LRtih98t4GquI"', 'Vary': 'Accept-Encoding', 'Content-Encoding': 'gzip', 'CF-Cache-Status': 'DYNAMIC', 'Report-To': '{"endpoints":[{"url":"https:\\/\\/a.nel.cloudflare.com\\/report\\/v4?s=iYe6%2BEb1SrFdERKbZmYaCPcQJcXq%2BAp1QX%2FAi0vhco3Zpsyy4YmREevufz0sKkhHmFAhk50y2dRoTq9Pt%2BFQSogye369037MxP7%2F7lz%2BreIzMIju4DfMrClXMzRV7cOr"}],"group":"cf-nel","max_age":604800}', 'NEL': '{"success_fraction":0,"report_to":"cf-nel","max_age":604800}', 'Server': 'cloudflare', 'CF-RAY': '8950f104dbd11254-ORD', 'alt-svc': 'h3=":443"; ma=86400'} 
 body={"results":[{"gender":"male","name":{"title":"Monsieur","first":"Nico","last":"Garcia"},"location":{"street":{"number":6780,"name":"Rue du 8 Mai 1945"},"city":"Val Müstair","state":"Neuchâtel","country":"Switzerland","postcode":4502,"coordinates":{"latitude":"-61.2436","longitude":"-44.3153"},"timezone":{"offset":"-3:00","description":"Brazil, Buenos Aires, Georgetown"}},"email":"nico.garcia@example.com","login":{"uuid":"b55ace78-729d-4d76-bf8f-635d60f55a4e","username":"lazyzebra493","password":"youknow","salt":"DiK1ZBAm","md5":"8db216a506bd21d52c7be92883f29a33","sha1":"2e098d76dd9b5bba8c631a020fc916c683626d21","sha256":"fc9c3532801c9cafeb5afd95e9afff0c40aa3378952f3e9b0ddfd31bfcefef6d"},"dob":{"date":"1958-07-09T20:42:04.555Z","age":65},"registered":{"date":"2008-10-13T11:42:28.781Z","age":15},"phone":"075 933 62 88","cell":"078 060 16 92","id":{"name":"AVS","value":"756.3886.8318.16"},"picture":{"large":"https://randomuser.me/api/portraits/men/87.jpg","medium":"https://randomuser.me/api/portraits/med/men/87.jpg","thumbnail":"https://randomuser.me/api/portraits/thumb/men/87.jpg"},"nat":"CH"}],"info":{"seed":"e758a6f7081485db","results":1,"page":1,"version":"1.4"}} 
 </msg>
<msg time="2024-06-17T06:21:47.740193" level="INFO">/opt/hostedtoolcache/Python/3.12.3/x64/lib/python3.12/site-packages/urllib3/connectionpool.py:1103: InsecureRequestWarning: Unverified HTTPS request is being made to host 'randomuser.me'. Adding certificate verification is strongly advised. See: https://urllib3.readthedocs.io/en/latest/advanced-usage.html#tls-warnings
  warnings.warn(</msg>
<msg time="2024-06-17T06:21:47.740321" level="INFO">${response} = &lt;Response [200]&gt;</msg>
<var>${response}</var>
<arg>consultarAPI</arg>
<arg>/api</arg>
<doc>Sends a GET request on a previously created HTTP Session.</doc>
<status status="PASS" start="2024-06-17T06:21:47.650526" elapsed="0.089848"/>
</kw>
<kw name="Set Variable" owner="BuiltIn">
<msg time="2024-06-17T06:21:47.741280" level="INFO">${json_data} = {'results': [{'gender': 'male', 'name': {'title': 'Monsieur', 'first': 'Nico', 'last': 'Garcia'}, 'location': {'street': {'number': 6780, 'name': 'Rue du 8 Mai 1945'}, 'city': 'Val Müstair', 'state': ...</msg>
<var>${json_data}</var>
<arg>${response.json()}</arg>
<doc>Returns the given values which can then be assigned to a variables.</doc>
<status status="PASS" start="2024-06-17T06:21:47.740796" elapsed="0.000526"/>
</kw>
<kw name="Log" owner="BuiltIn">
<msg time="2024-06-17T06:21:47.741790" level="INFO">{'results': [{'gender': 'male', 'name': {'title': 'Monsieur', 'first': 'Nico', 'last': 'Garcia'}, 'location': {'street': {'number': 6780, 'name': 'Rue du 8 Mai 1945'}, 'city': 'Val Müstair', 'state': 'Neuchâtel', 'country': 'Switzerland', 'postcode': 4502, 'coordinates': {'latitude': '-61.2436', 'longitude': '-44.3153'}, 'timezone': {'offset': '-3:00', 'description': 'Brazil, Buenos Aires, Georgetown'}}, 'email': 'nico.garcia@example.com', 'login': {'uuid': 'b55ace78-729d-4d76-bf8f-635d60f55a4e', 'username': 'lazyzebra493', 'password': 'youknow', 'salt': 'DiK1ZBAm', 'md5': '8db216a506bd21d52c7be92883f29a33', 'sha1': '2e098d76dd9b5bba8c631a020fc916c683626d21', 'sha256': 'fc9c3532801c9cafeb5afd95e9afff0c40aa3378952f3e9b0ddfd31bfcefef6d'}, 'dob': {'date': '1958-07-09T20:42:04.555Z', 'age': 65}, 'registered': {'date': '2008-10-13T11:42:28.781Z', 'age': 15}, 'phone': '075 933 62 88', 'cell': '078 060 16 92', 'id': {'name': 'AVS', 'value': '756.3886.8318.16'}, 'picture': {'large': 'https://randomuser.me/api/portraits/men/87.jpg', 'medium': 'https://randomuser.me/api/portraits/med/men/87.jpg', 'thumbnail': 'https://randomuser.me/api/portraits/thumb/men/87.jpg'}, 'nat': 'CH'}], 'info': {'seed': 'e758a6f7081485db', 'results': 1, 'page': 1, 'version': '1.4'}}</msg>
<arg>${json_data}</arg>
<doc>Logs the given message with the given level.</doc>
<status status="PASS" start="2024-06-17T06:21:47.741633" elapsed="0.000205"/>
</kw>
<kw name="Should Be Equal As Numbers" owner="BuiltIn">
<arg>${json_data['results'][0]['location']['postcode']}</arg>
<arg>${json_data['results'][0]['location']['postcode']}</arg>
<doc>Fails if objects are unequal after converting them to real numbers.</doc>
<status status="PASS" start="2024-06-17T06:21:47.742138" elapsed="0.000619"/>
</kw>
<kw name="Log" owner="BuiltIn">
<msg time="2024-06-17T06:21:47.743292" level="INFO">4502</msg>
<arg>${json_data['results'][0]['location']['postcode']}</arg>
<doc>Logs the given message with the given level.</doc>
<status status="PASS" start="2024-06-17T06:21:47.742949" elapsed="0.000417"/>
</kw>
<status status="PASS" start="2024-06-17T06:21:47.650293" elapsed="0.093327"/>
</kw>
<doc>Testa se os tipos de dados na resposta da API estão corretos.</doc>
<tag>testeTiposDados</tag>
<status status="PASS" start="2024-06-17T06:21:47.560153" elapsed="0.183623"/>
</test>
<test id="s1-s1-t5" name="Validar conteudo" line="35">
<kw name="Teste de Tipos de Conteudo" owner="random-user-service">
<kw name="GET On Session" owner="RequestsLibrary">
<msg time="2024-06-17T06:21:47.842793" level="INFO">GET Request : url=https://randomuser.me/api 
 path_url=/api 
 headers={'User-Agent': 'python-requests/2.32.3', 'Accept-Encoding': 'gzip, deflate', 'Accept': '*/*', 'Connection': 'keep-alive'} 
 body=None 
 </msg>
<msg time="2024-06-17T06:21:47.842871" level="INFO">GET Response : url=https://randomuser.me/api 
 status=200, reason=OK 
 headers={'Date': 'Mon, 17 Jun 2024 06:21:47 GMT', 'Content-Type': 'application/json; charset=utf-8', 'Transfer-Encoding': 'chunked', 'Connection': 'keep-alive', 'X-Powered-By': 'Express', 'Access-Control-Allow-Origin': '*', 'Cache-Control': 'no-cache', 'ETag': 'W/"47f-Ah8lR2RNbmHYFfKw+hAcdhbwrDM"', 'Vary': 'Accept-Encoding', 'Content-Encoding': 'gzip', 'CF-Cache-Status': 'DYNAMIC', 'Report-To': '{"endpoints":[{"url":"https:\\/\\/a.nel.cloudflare.com\\/report\\/v4?s=CM6%2F%2FuzXqDjIK%2F37%2FTTRggYqR8v5QHbDPQzjQ0GHk2pNPMln98BghzGkCyDPJevdlj2XRAQ08Yed2ZATCCc6a8hueRWKiCay94bFYqwa7Aed8K4C0DEojztcDoQVi52V"}],"group":"cf-nel","max_age":604800}', 'NEL': '{"success_fraction":0,"report_to":"cf-nel","max_age":604800}', 'Server': 'cloudflare', 'CF-RAY': '8950f1057c771254-ORD', 'alt-svc': 'h3=":443"; ma=86400'} 
 body={"results":[{"gender":"female","name":{"title":"Ms","first":"Åsne","last":"Soma"},"location":{"street":{"number":6789,"name":"Guldbergs vei"},"city":"Kongsvinger","state":"Vest-Agder","country":"Norway","postcode":"5302","coordinates":{"latitude":"44.8238","longitude":"126.9365"},"timezone":{"offset":"+7:00","description":"Bangkok, Hanoi, Jakarta"}},"email":"asne.soma@example.com","login":{"uuid":"fceda46e-bf85-493d-a1dc-acea2db4cb40","username":"silverostrich813","password":"spike1","salt":"7IuMp13h","md5":"e30b8ae15700e1146bbd2170af2a317a","sha1":"81ad99d9a6352415b44c4ba45d4c28a81e6516b2","sha256":"cf221a0c3dbcb3d0ac35601492de3a02c2fb78710aeb651bc473ea249b255984"},"dob":{"date":"1995-03-14T19:54:46.551Z","age":29},"registered":{"date":"2015-07-22T14:51:48.539Z","age":8},"phone":"86386202","cell":"43615242","id":{"name":"FN","value":"14039547075"},"picture":{"large":"https://randomuser.me/api/portraits/women/14.jpg","medium":"https://randomuser.me/api/portraits/med/women/14.jpg","thumbnail":"https://randomuser.me/api/portraits/thumb/women/14.jpg"},"nat":"NO"}],"info":{"seed":"53f34c095e03bd90","results":1,"page":1,"version":"1.4"}} 
 </msg>
<msg time="2024-06-17T06:21:47.842941" level="INFO">/opt/hostedtoolcache/Python/3.12.3/x64/lib/python3.12/site-packages/urllib3/connectionpool.py:1103: InsecureRequestWarning: Unverified HTTPS request is being made to host 'randomuser.me'. Adding certificate verification is strongly advised. See: https://urllib3.readthedocs.io/en/latest/advanced-usage.html#tls-warnings
  warnings.warn(</msg>
<msg time="2024-06-17T06:21:47.843074" level="INFO">${response} = &lt;Response [200]&gt;</msg>
<var>${response}</var>
<arg>consultarAPI</arg>
<arg>/api</arg>
<doc>Sends a GET request on a previously created HTTP Session.</doc>
<status status="PASS" start="2024-06-17T06:21:47.746487" elapsed="0.096625"/>
</kw>
<kw name="Set Variable" owner="BuiltIn">
<msg time="2024-06-17T06:21:47.843943" level="INFO">${json_data} = {'results': [{'gender': 'female', 'name': {'title': 'Ms', 'first': 'Åsne', 'last': 'Soma'}, 'location': {'street': {'number': 6789, 'name': 'Guldbergs vei'}, 'city': 'Kongsvinger', 'state': 'Vest-Agde...</msg>
<var>${json_data}</var>
<arg>${response.json()}</arg>
<doc>Returns the given values which can then be assigned to a variables.</doc>
<status status="PASS" start="2024-06-17T06:21:47.843481" elapsed="0.000491"/>
</kw>
<kw name="Set Variable" owner="BuiltIn">
<msg time="2024-06-17T06:21:47.844661" level="INFO">${name_title} = Ms</msg>
<var>${name_title}</var>
<arg>${json_data["results"][0]["name"]["title"]}</arg>
<doc>Returns the given values which can then be assigned to a variables.</doc>
<status status="PASS" start="2024-06-17T06:21:47.844283" elapsed="0.000402"/>
</kw>
<kw name="Create List" owner="BuiltIn">
<msg time="2024-06-17T06:21:47.845143" level="INFO">${allowed_titles} = ['Mr', 'Ms', 'Miss', 'Mrs', 'Madame', 'Monsieur']</msg>
<var>${allowed_titles}</var>
<arg>Mr</arg>
<arg>Ms</arg>
<arg>Miss</arg>
<arg>Mrs</arg>
<arg>Madame</arg>
<arg>Monsieur</arg>
<doc>Returns a list containing given items.</doc>
<status status="PASS" start="2024-06-17T06:21:47.844984" elapsed="0.000183"/>
</kw>
<kw name="List Should Contain Value" owner="Collections">
<arg>${allowed_titles}</arg>
<arg>${name_title}</arg>
<doc>Fails if the ``value`` is not found from ``list``.</doc>
<status status="PASS" start="2024-06-17T06:21:47.845519" elapsed="0.000178"/>
</kw>
<kw name="Set Variable" owner="BuiltIn">
<msg time="2024-06-17T06:21:47.846255" level="INFO">${name_country} = NO</msg>
<var>${name_country}</var>
<arg>${json_data["results"][0]["nat"]}</arg>
<doc>Returns the given values which can then be assigned to a variables.</doc>
<status status="PASS" start="2024-06-17T06:21:47.845879" elapsed="0.000401"/>
</kw>
<kw name="Create List" owner="BuiltIn">
<msg time="2024-06-17T06:21:47.847175" level="INFO">${list_country} = ['AD', 'AE', 'AF', 'AG', 'AI', 'AL', 'AM', 'AO', 'AQ', 'AR', 'AS', 'AT', 'AU', 'AW', 'AX', 'AZ', 'BA', 'BB', 'BD', 'BE', 'BF', 'BG', 'BH', 'BI', 'BJ', 'BL', 'BM', 'BN', 'BO', 'BQ', 'BR', 'BS', 'BT', '...</msg>
<var>${list_country}</var>
<arg>AD</arg>
<arg>AE</arg>
<arg>AF</arg>
<arg>AG</arg>
<arg>AI</arg>
<arg>AL</arg>
<arg>AM</arg>
<arg>AO</arg>
<arg>AQ</arg>
<arg>AR</arg>
<arg>AS</arg>
<arg>AT</arg>
<arg>AU</arg>
<arg>AW</arg>
<arg>AX</arg>
<arg>AZ</arg>
<arg>BA</arg>
<arg>BB</arg>
<arg>BD</arg>
<arg>BE</arg>
<arg>BF</arg>
<arg>BG</arg>
<arg>BH</arg>
<arg>BI</arg>
<arg>BJ</arg>
<arg>BL</arg>
<arg>BM</arg>
<arg>BN</arg>
<arg>BO</arg>
<arg>BQ</arg>
<arg>BR</arg>
<arg>BS</arg>
<arg>BT</arg>
<arg>BV</arg>
<arg>BW</arg>
<arg>BY</arg>
<arg>BZ</arg>
<arg>CA</arg>
<arg>CC</arg>
<arg>CD</arg>
<arg>CF</arg>
<arg>CG</arg>
<arg>CH</arg>
<arg>CI</arg>
<arg>CK</arg>
<arg>CL</arg>
<arg>CM</arg>
<arg>CN</arg>
<arg>CO</arg>
<arg>CR</arg>
<arg>CU</arg>
<arg>CV</arg>
<arg>CW</arg>
<arg>CX</arg>
<arg>CY</arg>
<arg>CZ</arg>
<arg>DE</arg>
<arg>DJ</arg>
<arg>DK</arg>
<arg>DM</arg>
<arg>DO</arg>
<arg>DZ</arg>
<arg>EC</arg>
<arg>EE</arg>
<arg>EG</arg>
<arg>EH</arg>
<arg>ER</arg>
<arg>ES</arg>
<arg>ET</arg>
<arg>FI</arg>
<arg>FJ</arg>
<arg>FK</arg>
<arg>FM</arg>
<arg>FO</arg>
<arg>FR</arg>
<arg>GA</arg>
<arg>GB</arg>
<arg>GD</arg>
<arg>GE</arg>
<arg>GF</arg>
<arg>GG</arg>
<arg>GH</arg>
<arg>GI</arg>
<arg>GL</arg>
<arg>GM</arg>
<arg>GN</arg>
<arg>GP</arg>
<arg>GQ</arg>
<arg>GR</arg>
<arg>GS</arg>
<arg>GT</arg>
<arg>GU</arg>
<arg>GW</arg>
<arg>GY</arg>
<arg>HK</arg>
<arg>HM</arg>
<arg>HN</arg>
<arg>HR</arg>
<arg>HT</arg>
<arg>HU</arg>
<arg>ID</arg>
<arg>IE</arg>
<arg>IL</arg>
<arg>IM</arg>
<arg>IN</arg>
<arg>IO</arg>
<arg>IQ</arg>
<arg>IR</arg>
<arg>IS</arg>
<arg>IT</arg>
<arg>JE</arg>
<arg>JM</arg>
<arg>JO</arg>
<arg>JP</arg>
<arg>KE</arg>
<arg>KG</arg>
<arg>KH</arg>
<arg>KI</arg>
<arg>KM</arg>
<arg>KN</arg>
<arg>KP</arg>
<arg>KR</arg>
<arg>KW</arg>
<arg>KY</arg>
<arg>KZ</arg>
<arg>LA</arg>
<arg>LB</arg>
<arg>LC</arg>
<arg>LI</arg>
<arg>LK</arg>
<arg>LR</arg>
<arg>LS</arg>
<arg>LT</arg>
<arg>LU</arg>
<arg>LV</arg>
<arg>LY</arg>
<arg>MA</arg>
<arg>MC</arg>
<arg>MD</arg>
<arg>ME</arg>
<arg>MF</arg>
<arg>MG</arg>
<arg>MH</arg>
<arg>MK</arg>
<arg>ML</arg>
<arg>MM</arg>
<arg>MN</arg>
<arg>MO</arg>
<arg>MP</arg>
<arg>MQ</arg>
<arg>MR</arg>
<arg>MS</arg>
<arg>MT</arg>
<arg>MU</arg>
<arg>MV</arg>
<arg>MW</arg>
<arg>MX</arg>
<arg>MY</arg>
<arg>MZ</arg>
<arg>NA</arg>
<arg>NC</arg>
<arg>NE</arg>
<arg>NF</arg>
<arg>NG</arg>
<arg>NI</arg>
<arg>NL</arg>
<arg>NO</arg>
<arg>NP</arg>
<arg>NR</arg>
<arg>NU</arg>
<arg>NZ</arg>
<arg>OM</arg>
<arg>PA</arg>
<arg>PE</arg>
<arg>PF</arg>
<arg>PG</arg>
<arg>PH</arg>
<arg>PK</arg>
<arg>PL</arg>
<arg>PM</arg>
<arg>PN</arg>
<arg>PR</arg>
<arg>PS</arg>
<arg>PT</arg>
<arg>PW</arg>
<arg>PY</arg>
<arg>QA</arg>
<arg>RE</arg>
<arg>RO</arg>
<arg>RS</arg>
<arg>RU</arg>
<arg>RW</arg>
<arg>SA</arg>
<arg>SB</arg>
<arg>SC</arg>
<arg>SD</arg>
<arg>SE</arg>
<arg>SG</arg>
<arg>SH</arg>
<arg>SI</arg>
<arg>SJ</arg>
<arg>SK</arg>
<arg>SL</arg>
<arg>SM</arg>
<arg>SN</arg>
<arg>SO</arg>
<arg>SR</arg>
<arg>SS</arg>
<arg>ST</arg>
<arg>SV</arg>
<arg>SX</arg>
<arg>SY</arg>
<arg>SZ</arg>
<arg>TC</arg>
<arg>TD</arg>
<arg>TF</arg>
<arg>TG</arg>
<arg>TH</arg>
<arg>TJ</arg>
<arg>TK</arg>
<arg>TL</arg>
<arg>TM</arg>
<arg>TN</arg>
<arg>TO</arg>
<arg>TR</arg>
<arg>TT</arg>
<arg>TV</arg>
<arg>TW</arg>
<arg>TZ</arg>
<arg>UA</arg>
<arg>UG</arg>
<arg>UM</arg>
<arg>US</arg>
<arg>UY</arg>
<arg>UZ</arg>
<arg>VA</arg>
<arg>VC</arg>
<arg>VE</arg>
<arg>VG</arg>
<arg>VI</arg>
<arg>VN</arg>
<arg>VU</arg>
<arg>WF</arg>
<arg>WS</arg>
<arg>XK</arg>
<arg>YE</arg>
<arg>YT</arg>
<arg>ZA</arg>
<arg>ZM</arg>
<arg>ZW</arg>
<doc>Returns a list containing given items.</doc>
<status status="PASS" start="2024-06-17T06:21:47.846583" elapsed="0.000617"/>
</kw>
<kw name="List Should Contain Value" owner="Collections">
<arg>${list_country}</arg>
<arg>${name_country}</arg>
<doc>Fails if the ``value`` is not found from ``list``.</doc>
<status status="PASS" start="2024-06-17T06:21:47.847995" elapsed="0.000234"/>
</kw>
<kw name="Run Keyword If" owner="BuiltIn">
<kw name="Should Be True" owner="BuiltIn">
<arg>${True}</arg>
<doc>Fails if the given condition is not true.</doc>
<status status="PASS" start="2024-06-17T06:21:47.849300" elapsed="0.000145"/>
</kw>
<arg>${json_data["results"][0]["location"]["coordinates"]["latitude"]} &gt;= -90 and ${json_data["results"][0]["location"]["coordinates"]["latitude"]} &lt;= 90</arg>
<arg>Should Be True</arg>
<arg>${True}</arg>
<doc>Runs the given keyword with the given arguments, if ``condition`` is true.</doc>
<status status="PASS" start="2024-06-17T06:21:47.848431" elapsed="0.001141"/>
</kw>
<kw name="Run Keyword If" owner="BuiltIn">
<kw name="Should Be True" owner="BuiltIn">
<arg>${True}</arg>
<doc>Fails if the given condition is not true.</doc>
<status status="PASS" start="2024-06-17T06:21:47.850447" elapsed="0.000139"/>
</kw>
<arg>${json_data["results"][0]["location"]["coordinates"]["longitude"]} &gt;= -180 and ${json_data["results"][0]["location"]["coordinates"]["longitude"]} &lt;= 180</arg>
<arg>Should Be True</arg>
<arg>${True}</arg>
<doc>Runs the given keyword with the given arguments, if ``condition`` is true.</doc>
<status status="PASS" start="2024-06-17T06:21:47.849761" elapsed="0.000947"/>
</kw>
<status status="PASS" start="2024-06-17T06:21:47.746128" elapsed="0.104710"/>
</kw>
<doc>Testa o conteúdo específico dos campos retornados pela API.</doc>
<tag>testeConteudo</tag>
<status status="PASS" start="2024-06-17T06:21:47.745514" elapsed="0.105466"/>
</test>
<status status="PASS" start="2024-06-17T06:21:46.892296" elapsed="0.960612"/>
</suite>
<status status="PASS" start="2024-06-17T06:21:46.878794" elapsed="0.979112"/>
</suite>
<statistics>
<total>
<stat pass="5" fail="0" skip="0">All Tests</stat>
</total>
<tag>
<stat pass="1" fail="0" skip="0">testeConteudo</stat>
<stat pass="1" fail="0" skip="0">testeEstruturaResposta</stat>
<stat pass="1" fail="0" skip="0">testeRequisicaoBasica</stat>
<stat pass="1" fail="0" skip="0">testeTiposDados</stat>
</tag>
<suite>
<stat pass="5" fail="0" skip="0" id="s1" name="Tests">Tests</stat>
<stat pass="5" fail="0" skip="0" id="s1-s1" name="Random-User-Test">Tests.Random-User-Test</stat>
</suite>
</statistics>
<errors>
</errors>
</robot>
