<?xml version="1.0" encoding="UTF-8"?>
<robot generator="Robot 7.0.1 (Python 3.12.3 on linux)" generated="2024-06-19T08:18:54.444986" rpa="false" schemaversion="5">
<suite id="s1" name="Tests" source="/home/runner/work/ApiRandomUser/ApiRandomUser/RamdonUser/tests">
<suite id="s1-s1" name="Random-User-Test" source="/home/runner/work/ApiRandomUser/ApiRandomUser/RamdonUser/tests/random-user-test.robot">
<test id="s1-s1-t1" name="Conectar" line="13">
<kw name="Conectar API" owner="random-user-service">
<kw name="Create Session" owner="RequestsLibrary">
<msg time="2024-06-19T08:18:54.835986" level="INFO">Creating Session using : alias=consultarAPI, url=https://randomuser.me/, headers={},                     cookies={}, auth=None, timeout=None, proxies=None, verify=False,                     debug=0 </msg>
<arg>consultarAPI</arg>
<arg>${URL}</arg>
<doc>Create Session: create a HTTP session to a server</doc>
<status status="PASS" start="2024-06-19T08:18:54.835783" elapsed="0.000388"/>
</kw>
<status status="PASS" start="2024-06-19T08:18:54.834706" elapsed="0.001841"/>
</kw>
<status status="PASS" start="2024-06-19T08:18:54.834083" elapsed="0.002666"/>
</test>
<test id="s1-s1-t2" name="Validar retorno 200 e JSON Válido" line="16">
<kw name="Teste de Requisicao Basica" owner="random-user-service">
<kw name="GET On Session" owner="RequestsLibrary">
<msg time="2024-06-19T08:18:55.082756" level="INFO">GET Request : url=https://randomuser.me/api 
 path_url=/api 
 headers={'User-Agent': 'python-requests/2.32.3', 'Accept-Encoding': 'gzip, deflate', 'Accept': '*/*', 'Connection': 'keep-alive'} 
 body=None 
 </msg>
<msg time="2024-06-19T08:18:55.082935" level="INFO">GET Response : url=https://randomuser.me/api 
 status=200, reason=OK 
 headers={'Date': 'Wed, 19 Jun 2024 08:18:55 GMT', 'Content-Type': 'application/json; charset=utf-8', 'Transfer-Encoding': 'chunked', 'Connection': 'keep-alive', 'X-Powered-By': 'Express', 'Access-Control-Allow-Origin': '*', 'Cache-Control': 'no-cache', 'ETag': 'W/"492-J9kmIqdYohGDCA+3VUw49CIjTh4"', 'Vary': 'Accept-Encoding', 'Content-Encoding': 'gzip', 'CF-Cache-Status': 'DYNAMIC', 'Report-To': '{"endpoints":[{"url":"https:\\/\\/a.nel.cloudflare.com\\/report\\/v4?s=0Df4vIJmiOH5r%2Bx0bNg92p6L8k30PTo6pvtYLLQehnSnfOmPqYl7tyDMCkieWjtZ3iT%2BPP0pU%2F5ECm8HMO6zaLr%2BbvBKF0rMS3MP3D%2FjIlJo1Ifwl7wEcYil%2Bd0s5hoX"}],"group":"cf-nel","max_age":604800}', 'NEL': '{"success_fraction":0,"report_to":"cf-nel","max_age":604800}', 'Server': 'cloudflare', 'CF-RAY': '89621754e89e9655-SJC', 'alt-svc': 'h3=":443"; ma=86400'} 
 body={"results":[{"gender":"female","name":{"title":"Mrs","first":"Matilda","last":"Kivi"},"location":{"street":{"number":4400,"name":"Nordenskiöldinkatu"},"city":"Utsjoki","state":"Lapland","country":"Finland","postcode":76985,"coordinates":{"latitude":"-25.9279","longitude":"13.3521"},"timezone":{"offset":"+2:00","description":"Kaliningrad, South Africa"}},"email":"matilda.kivi@example.com","login":{"uuid":"85a877e4-beae-4d64-b082-67cb3dbd5430","username":"bluegorilla531","password":"karen","salt":"5P41ys8b","md5":"3a336f05a6d1131ec9ea4fb9821866ce","sha1":"4c4dc1660296abe85553deba78bacea645b243b3","sha256":"173946613dcb8b48f4f830f8a43e7ec82facf96d854a3a1bf13a972316ca8174"},"dob":{"date":"1989-08-10T10:18:11.104Z","age":34},"registered":{"date":"2016-08-22T10:17:07.742Z","age":7},"phone":"08-783-220","cell":"045-141-22-81","id":{"name":"HETU","value":"NaNNA496undefined"},"picture":{"large":"https://randomuser.me/api/portraits/women/22.jpg","medium":"https://randomuser.me/api/portraits/med/women/22.jpg","thumbnail":"https://randomuser.me/api/portraits/thumb/women/22.jpg"},"nat":"FI"}],"info":{"seed":"1aaad58d84466ee6","results":1,"page":1,"version":"1.4"}} 
 </msg>
<msg time="2024-06-19T08:18:55.083021" level="INFO">/opt/hostedtoolcache/Python/3.12.3/x64/lib/python3.12/site-packages/urllib3/connectionpool.py:1099: InsecureRequestWarning: Unverified HTTPS request is being made to host 'randomuser.me'. Adding certificate verification is strongly advised. See: https://urllib3.readthedocs.io/en/latest/advanced-usage.html#tls-warnings
  warnings.warn(</msg>
<msg time="2024-06-19T08:18:55.083166" level="INFO">${response} = &lt;Response [200]&gt;</msg>
<var>${response}</var>
<arg>consultarAPI</arg>
<arg>/api</arg>
<doc>Sends a GET request on a previously created HTTP Session.</doc>
<status status="PASS" start="2024-06-19T08:18:54.839516" elapsed="0.243691"/>
</kw>
<kw name="Should Be Equal As Numbers" owner="BuiltIn">
<msg time="2024-06-19T08:18:55.084262" level="INFO">Argument types are:
&lt;class 'int'&gt;
&lt;class 'str'&gt;</msg>
<arg>${response.status_code}</arg>
<arg>200</arg>
<doc>Fails if objects are unequal after converting them to real numbers.</doc>
<status status="PASS" start="2024-06-19T08:18:55.083805" elapsed="0.000524"/>
</kw>
<kw name="Log" owner="BuiltIn">
<msg time="2024-06-19T08:18:55.085032" level="INFO">200</msg>
<arg>${response.status_code}</arg>
<doc>Logs the given message with the given level.</doc>
<status status="PASS" start="2024-06-19T08:18:55.084690" elapsed="0.000384"/>
</kw>
<kw name="Set Variable" owner="BuiltIn">
<msg time="2024-06-19T08:18:55.085881" level="INFO">${json_data} = {'results': [{'gender': 'female', 'name': {'title': 'Mrs', 'first': 'Matilda', 'last': 'Kivi'}, 'location': {'street': {'number': 4400, 'name': 'Nordenskiöldinkatu'}, 'city': 'Utsjoki', 'state': 'Lapl...</msg>
<var>${json_data}</var>
<arg>${response.json()}</arg>
<doc>Returns the given values which can then be assigned to a variables.</doc>
<status status="PASS" start="2024-06-19T08:18:55.085393" elapsed="0.000518"/>
</kw>
<kw name="Dictionary Should Contain Key" owner="Collections">
<arg>${json_data}</arg>
<arg>results</arg>
<doc>Fails if ``key`` is not found from ``dictionary``.</doc>
<status status="PASS" start="2024-06-19T08:18:55.086212" elapsed="0.000170"/>
</kw>
<status status="PASS" start="2024-06-19T08:18:54.839264" elapsed="0.247275"/>
</kw>
<doc>Testa se a API responde corretamente e retorna um objeto JSON válido.</doc>
<tag>testeRequisicaoBasica</tag>
<status status="PASS" start="2024-06-19T08:18:54.838699" elapsed="0.248017"/>
</test>
<test id="s1-s1-t3" name="Validar estrutura de resposta" line="22">
<kw name="Teste de Estrutura de Resposta" owner="random-user-service">
<kw name="GET On Session" owner="RequestsLibrary">
<msg time="2024-06-19T08:18:55.197743" level="INFO">GET Request : url=https://randomuser.me/api 
 path_url=/api 
 headers={'User-Agent': 'python-requests/2.32.3', 'Accept-Encoding': 'gzip, deflate', 'Accept': '*/*', 'Connection': 'keep-alive'} 
 body=None 
 </msg>
<msg time="2024-06-19T08:18:55.197858" level="INFO">GET Response : url=https://randomuser.me/api 
 status=200, reason=OK 
 headers={'Date': 'Wed, 19 Jun 2024 08:18:55 GMT', 'Content-Type': 'application/json; charset=utf-8', 'Transfer-Encoding': 'chunked', 'Connection': 'keep-alive', 'X-Powered-By': 'Express', 'Access-Control-Allow-Origin': '*', 'Cache-Control': 'no-cache', 'ETag': 'W/"4a6-Wfa/upIktaaFBuHxNuCG8M2n3cE"', 'Vary': 'Accept-Encoding', 'Content-Encoding': 'gzip', 'CF-Cache-Status': 'DYNAMIC', 'Report-To': '{"endpoints":[{"url":"https:\\/\\/a.nel.cloudflare.com\\/report\\/v4?s=%2FHrifrxLV0TiWuLzBELZjp582gNTUT68mlzdrm6NuMhnF3udGVRWuPqE5WRf6xo6JVfNItIXfuF0U57a%2FzP%2FCZI5Y%2BYH3griumSm2doebwgi%2Bdhab%2FwAv%2BSknmcyLka5"}],"group":"cf-nel","max_age":604800}', 'NEL': '{"success_fraction":0,"report_to":"cf-nel","max_age":604800}', 'Server': 'cloudflare', 'CF-RAY': '8962175659aa9655-SJC', 'alt-svc': 'h3=":443"; ma=86400'} 
 body={"results":[{"gender":"female","name":{"title":"Miss","first":"النا","last":"علیزاده"},"location":{"street":{"number":3095,"name":"ستارخان"},"city":"شیراز","state":"خراسان شمالی","country":"Iran","postcode":78311,"coordinates":{"latitude":"18.7132","longitude":"163.5218"},"timezone":{"offset":"-6:00","description":"Central Time (US &amp; Canada), Mexico City"}},"email":"ln.aalyzdh@example.com","login":{"uuid":"27234595-c554-494f-904c-9cf76d54960e","username":"silvermeercat795","password":"door","salt":"wxqKq81a","md5":"0b94a1c039aa5b683e12bd21c6186736","sha1":"0ebd89b6423398dbd2cd2562731bee5113bcc847","sha256":"d5ef05e635d977da752714be050b268e0b1a84eba8ad96887c2322b2dc527193"},"dob":{"date":"1999-02-18T04:26:45.992Z","age":25},"registered":{"date":"2011-03-06T00:19:11.370Z","age":13},"phone":"083-25408567","cell":"0914-614-0273","id":{"name":"","value":null},"picture":{"large":"https://randomuser.me/api/portraits/women/38.jpg","medium":"https://randomuser.me/api/portraits/med/women/38.jpg","thumbnail":"https://randomuser.me/api/portraits/thumb/women/38.jpg"},"nat":"IR"}],"info":{"seed":"835ba2add1e74a4e","results":1,"page":1,"version":"1.4"}} 
 </msg>
<msg time="2024-06-19T08:18:55.198046" level="INFO">/opt/hostedtoolcache/Python/3.12.3/x64/lib/python3.12/site-packages/urllib3/connectionpool.py:1099: InsecureRequestWarning: Unverified HTTPS request is being made to host 'randomuser.me'. Adding certificate verification is strongly advised. See: https://urllib3.readthedocs.io/en/latest/advanced-usage.html#tls-warnings
  warnings.warn(</msg>
<msg time="2024-06-19T08:18:55.198179" level="INFO">${response} = &lt;Response [200]&gt;</msg>
<var>${response}</var>
<arg>consultarAPI</arg>
<arg>/api</arg>
<doc>Sends a GET request on a previously created HTTP Session.</doc>
<status status="PASS" start="2024-06-19T08:18:55.089541" elapsed="0.108679"/>
</kw>
<kw name="Set Variable" owner="BuiltIn">
<msg time="2024-06-19T08:18:55.199508" level="INFO">${json_data} = {'results': [{'gender': 'female', 'name': {'title': 'Miss', 'first': 'النا', 'last': 'علیزاده'}, 'location': {'street': {'number': 3095, 'name': 'ستارخان'}, 'city': 'شیراز', 'state': 'خراسان شمالی', '...</msg>
<var>${json_data}</var>
<arg>${response.json()}</arg>
<doc>Returns the given values which can then be assigned to a variables.</doc>
<status status="PASS" start="2024-06-19T08:18:55.198889" elapsed="0.000651"/>
</kw>
<kw name="Log" owner="BuiltIn">
<msg time="2024-06-19T08:18:55.200012" level="INFO">{'results': [{'gender': 'female', 'name': {'title': 'Miss', 'first': 'النا', 'last': 'علیزاده'}, 'location': {'street': {'number': 3095, 'name': 'ستارخان'}, 'city': 'شیراز', 'state': 'خراسان شمالی', 'country': 'Iran', 'postcode': 78311, 'coordinates': {'latitude': '18.7132', 'longitude': '163.5218'}, 'timezone': {'offset': '-6:00', 'description': 'Central Time (US &amp; Canada), Mexico City'}}, 'email': 'ln.aalyzdh@example.com', 'login': {'uuid': '27234595-c554-494f-904c-9cf76d54960e', 'username': 'silvermeercat795', 'password': 'door', 'salt': 'wxqKq81a', 'md5': '0b94a1c039aa5b683e12bd21c6186736', 'sha1': '0ebd89b6423398dbd2cd2562731bee5113bcc847', 'sha256': 'd5ef05e635d977da752714be050b268e0b1a84eba8ad96887c2322b2dc527193'}, 'dob': {'date': '1999-02-18T04:26:45.992Z', 'age': 25}, 'registered': {'date': '2011-03-06T00:19:11.370Z', 'age': 13}, 'phone': '083-25408567', 'cell': '0914-614-0273', 'id': {'name': '', 'value': None}, 'picture': {'large': 'https://randomuser.me/api/portraits/women/38.jpg', 'medium': 'https://randomuser.me/api/portraits/med/women/38.jpg', 'thumbnail': 'https://randomuser.me/api/portraits/thumb/women/38.jpg'}, 'nat': 'IR'}], 'info': {'seed': '835ba2add1e74a4e', 'results': 1, 'page': 1, 'version': '1.4'}}</msg>
<arg>${json_data}</arg>
<doc>Logs the given message with the given level.</doc>
<status status="PASS" start="2024-06-19T08:18:55.199849" elapsed="0.000214"/>
</kw>
<kw name="Dictionary Should Contain Key" owner="Collections">
<arg>${json_data}</arg>
<arg>results</arg>
<doc>Fails if ``key`` is not found from ``dictionary``.</doc>
<status status="PASS" start="2024-06-19T08:18:55.200359" elapsed="0.000159"/>
</kw>
<kw name="Should Not Be Empty" owner="BuiltIn">
<msg time="2024-06-19T08:18:55.200826" level="INFO">Length is 2.</msg>
<arg>${json_data}</arg>
<doc>Verifies that the given item is not empty.</doc>
<status status="PASS" start="2024-06-19T08:18:55.200702" elapsed="0.000162"/>
</kw>
<kw name="Create List" owner="BuiltIn">
<msg time="2024-06-19T08:18:55.201294" level="INFO">${expected_keys} = ['gender', 'name', 'location', 'email', 'login']</msg>
<var>${expected_keys}</var>
<arg>gender</arg>
<arg>name</arg>
<arg>location</arg>
<arg>email</arg>
<arg>login</arg>
<doc>Returns a list containing given items.</doc>
<status status="PASS" start="2024-06-19T08:18:55.201149" elapsed="0.000169"/>
</kw>
<for flavor="IN">
<iter>
<kw name="Dictionary Should Contain Key" owner="Collections">
<arg>${json_data['results'][0]}</arg>
<arg>${key}</arg>
<doc>Fails if ``key`` is not found from ``dictionary``.</doc>
<status status="PASS" start="2024-06-19T08:18:55.201940" elapsed="0.000417"/>
</kw>
<kw name="Log" owner="BuiltIn">
<msg time="2024-06-19T08:18:55.202915" level="INFO">{'gender': 'female', 'name': {'title': 'Miss', 'first': 'النا', 'last': 'علیزاده'}, 'location': {'street': {'number': 3095, 'name': 'ستارخان'}, 'city': 'شیراز', 'state': 'خراسان شمالی', 'country': 'Iran', 'postcode': 78311, 'coordinates': {'latitude': '18.7132', 'longitude': '163.5218'}, 'timezone': {'offset': '-6:00', 'description': 'Central Time (US &amp; Canada), Mexico City'}}, 'email': 'ln.aalyzdh@example.com', 'login': {'uuid': '27234595-c554-494f-904c-9cf76d54960e', 'username': 'silvermeercat795', 'password': 'door', 'salt': 'wxqKq81a', 'md5': '0b94a1c039aa5b683e12bd21c6186736', 'sha1': '0ebd89b6423398dbd2cd2562731bee5113bcc847', 'sha256': 'd5ef05e635d977da752714be050b268e0b1a84eba8ad96887c2322b2dc527193'}, 'dob': {'date': '1999-02-18T04:26:45.992Z', 'age': 25}, 'registered': {'date': '2011-03-06T00:19:11.370Z', 'age': 13}, 'phone': '083-25408567', 'cell': '0914-614-0273', 'id': {'name': '', 'value': None}, 'picture': {'large': 'https://randomuser.me/api/portraits/women/38.jpg', 'medium': 'https://randomuser.me/api/portraits/med/women/38.jpg', 'thumbnail': 'https://randomuser.me/api/portraits/thumb/women/38.jpg'}, 'nat': 'IR'}</msg>
<arg>${json_data['results'][0]}</arg>
<doc>Logs the given message with the given level.</doc>
<status status="PASS" start="2024-06-19T08:18:55.202549" elapsed="0.000421"/>
</kw>
<kw name="Log" owner="BuiltIn">
<msg time="2024-06-19T08:18:55.203398" level="INFO">gender</msg>
<arg>${key}</arg>
<doc>Logs the given message with the given level.</doc>
<status status="PASS" start="2024-06-19T08:18:55.203271" elapsed="0.000164"/>
</kw>
<var name="${key}">gender</var>
<status status="PASS" start="2024-06-19T08:18:55.201807" elapsed="0.001846"/>
</iter>
<iter>
<kw name="Dictionary Should Contain Key" owner="Collections">
<arg>${json_data['results'][0]}</arg>
<arg>${key}</arg>
<doc>Fails if ``key`` is not found from ``dictionary``.</doc>
<status status="PASS" start="2024-06-19T08:18:55.203958" elapsed="0.000387"/>
</kw>
<kw name="Log" owner="BuiltIn">
<msg time="2024-06-19T08:18:55.204920" level="INFO">{'gender': 'female', 'name': {'title': 'Miss', 'first': 'النا', 'last': 'علیزاده'}, 'location': {'street': {'number': 3095, 'name': 'ستارخان'}, 'city': 'شیراز', 'state': 'خراسان شمالی', 'country': 'Iran', 'postcode': 78311, 'coordinates': {'latitude': '18.7132', 'longitude': '163.5218'}, 'timezone': {'offset': '-6:00', 'description': 'Central Time (US &amp; Canada), Mexico City'}}, 'email': 'ln.aalyzdh@example.com', 'login': {'uuid': '27234595-c554-494f-904c-9cf76d54960e', 'username': 'silvermeercat795', 'password': 'door', 'salt': 'wxqKq81a', 'md5': '0b94a1c039aa5b683e12bd21c6186736', 'sha1': '0ebd89b6423398dbd2cd2562731bee5113bcc847', 'sha256': 'd5ef05e635d977da752714be050b268e0b1a84eba8ad96887c2322b2dc527193'}, 'dob': {'date': '1999-02-18T04:26:45.992Z', 'age': 25}, 'registered': {'date': '2011-03-06T00:19:11.370Z', 'age': 13}, 'phone': '083-25408567', 'cell': '0914-614-0273', 'id': {'name': '', 'value': None}, 'picture': {'large': 'https://randomuser.me/api/portraits/women/38.jpg', 'medium': 'https://randomuser.me/api/portraits/med/women/38.jpg', 'thumbnail': 'https://randomuser.me/api/portraits/thumb/women/38.jpg'}, 'nat': 'IR'}</msg>
<arg>${json_data['results'][0]}</arg>
<doc>Logs the given message with the given level.</doc>
<status status="PASS" start="2024-06-19T08:18:55.204561" elapsed="0.000412"/>
</kw>
<kw name="Log" owner="BuiltIn">
<msg time="2024-06-19T08:18:55.205402" level="INFO">name</msg>
<arg>${key}</arg>
<doc>Logs the given message with the given level.</doc>
<status status="PASS" start="2024-06-19T08:18:55.205273" elapsed="0.000166"/>
</kw>
<var name="${key}">name</var>
<status status="PASS" start="2024-06-19T08:18:55.203840" elapsed="0.001862"/>
</iter>
<iter>
<kw name="Dictionary Should Contain Key" owner="Collections">
<arg>${json_data['results'][0]}</arg>
<arg>${key}</arg>
<doc>Fails if ``key`` is not found from ``dictionary``.</doc>
<status status="PASS" start="2024-06-19T08:18:55.206001" elapsed="0.000377"/>
</kw>
<kw name="Log" owner="BuiltIn">
<msg time="2024-06-19T08:18:55.206925" level="INFO">{'gender': 'female', 'name': {'title': 'Miss', 'first': 'النا', 'last': 'علیزاده'}, 'location': {'street': {'number': 3095, 'name': 'ستارخان'}, 'city': 'شیراز', 'state': 'خراسان شمالی', 'country': 'Iran', 'postcode': 78311, 'coordinates': {'latitude': '18.7132', 'longitude': '163.5218'}, 'timezone': {'offset': '-6:00', 'description': 'Central Time (US &amp; Canada), Mexico City'}}, 'email': 'ln.aalyzdh@example.com', 'login': {'uuid': '27234595-c554-494f-904c-9cf76d54960e', 'username': 'silvermeercat795', 'password': 'door', 'salt': 'wxqKq81a', 'md5': '0b94a1c039aa5b683e12bd21c6186736', 'sha1': '0ebd89b6423398dbd2cd2562731bee5113bcc847', 'sha256': 'd5ef05e635d977da752714be050b268e0b1a84eba8ad96887c2322b2dc527193'}, 'dob': {'date': '1999-02-18T04:26:45.992Z', 'age': 25}, 'registered': {'date': '2011-03-06T00:19:11.370Z', 'age': 13}, 'phone': '083-25408567', 'cell': '0914-614-0273', 'id': {'name': '', 'value': None}, 'picture': {'large': 'https://randomuser.me/api/portraits/women/38.jpg', 'medium': 'https://randomuser.me/api/portraits/med/women/38.jpg', 'thumbnail': 'https://randomuser.me/api/portraits/thumb/women/38.jpg'}, 'nat': 'IR'}</msg>
<arg>${json_data['results'][0]}</arg>
<doc>Logs the given message with the given level.</doc>
<status status="PASS" start="2024-06-19T08:18:55.206569" elapsed="0.000408"/>
</kw>
<kw name="Log" owner="BuiltIn">
<msg time="2024-06-19T08:18:55.207395" level="INFO">location</msg>
<arg>${key}</arg>
<doc>Logs the given message with the given level.</doc>
<status status="PASS" start="2024-06-19T08:18:55.207270" elapsed="0.000162"/>
</kw>
<var name="${key}">location</var>
<status status="PASS" start="2024-06-19T08:18:55.205889" elapsed="0.001758"/>
</iter>
<iter>
<kw name="Dictionary Should Contain Key" owner="Collections">
<arg>${json_data['results'][0]}</arg>
<arg>${key}</arg>
<doc>Fails if ``key`` is not found from ``dictionary``.</doc>
<status status="PASS" start="2024-06-19T08:18:55.207926" elapsed="0.000378"/>
</kw>
<kw name="Log" owner="BuiltIn">
<msg time="2024-06-19T08:18:55.208846" level="INFO">{'gender': 'female', 'name': {'title': 'Miss', 'first': 'النا', 'last': 'علیزاده'}, 'location': {'street': {'number': 3095, 'name': 'ستارخان'}, 'city': 'شیراز', 'state': 'خراسان شمالی', 'country': 'Iran', 'postcode': 78311, 'coordinates': {'latitude': '18.7132', 'longitude': '163.5218'}, 'timezone': {'offset': '-6:00', 'description': 'Central Time (US &amp; Canada), Mexico City'}}, 'email': 'ln.aalyzdh@example.com', 'login': {'uuid': '27234595-c554-494f-904c-9cf76d54960e', 'username': 'silvermeercat795', 'password': 'door', 'salt': 'wxqKq81a', 'md5': '0b94a1c039aa5b683e12bd21c6186736', 'sha1': '0ebd89b6423398dbd2cd2562731bee5113bcc847', 'sha256': 'd5ef05e635d977da752714be050b268e0b1a84eba8ad96887c2322b2dc527193'}, 'dob': {'date': '1999-02-18T04:26:45.992Z', 'age': 25}, 'registered': {'date': '2011-03-06T00:19:11.370Z', 'age': 13}, 'phone': '083-25408567', 'cell': '0914-614-0273', 'id': {'name': '', 'value': None}, 'picture': {'large': 'https://randomuser.me/api/portraits/women/38.jpg', 'medium': 'https://randomuser.me/api/portraits/med/women/38.jpg', 'thumbnail': 'https://randomuser.me/api/portraits/thumb/women/38.jpg'}, 'nat': 'IR'}</msg>
<arg>${json_data['results'][0]}</arg>
<doc>Logs the given message with the given level.</doc>
<status status="PASS" start="2024-06-19T08:18:55.208488" elapsed="0.000409"/>
</kw>
<kw name="Log" owner="BuiltIn">
<msg time="2024-06-19T08:18:55.209324" level="INFO">email</msg>
<arg>${key}</arg>
<doc>Logs the given message with the given level.</doc>
<status status="PASS" start="2024-06-19T08:18:55.209196" elapsed="0.000164"/>
</kw>
<var name="${key}">email</var>
<status status="PASS" start="2024-06-19T08:18:55.207818" elapsed="0.001798"/>
</iter>
<iter>
<kw name="Dictionary Should Contain Key" owner="Collections">
<arg>${json_data['results'][0]}</arg>
<arg>${key}</arg>
<doc>Fails if ``key`` is not found from ``dictionary``.</doc>
<status status="PASS" start="2024-06-19T08:18:55.209907" elapsed="0.000381"/>
</kw>
<kw name="Log" owner="BuiltIn">
<msg time="2024-06-19T08:18:55.210818" level="INFO">{'gender': 'female', 'name': {'title': 'Miss', 'first': 'النا', 'last': 'علیزاده'}, 'location': {'street': {'number': 3095, 'name': 'ستارخان'}, 'city': 'شیراز', 'state': 'خراسان شمالی', 'country': 'Iran', 'postcode': 78311, 'coordinates': {'latitude': '18.7132', 'longitude': '163.5218'}, 'timezone': {'offset': '-6:00', 'description': 'Central Time (US &amp; Canada), Mexico City'}}, 'email': 'ln.aalyzdh@example.com', 'login': {'uuid': '27234595-c554-494f-904c-9cf76d54960e', 'username': 'silvermeercat795', 'password': 'door', 'salt': 'wxqKq81a', 'md5': '0b94a1c039aa5b683e12bd21c6186736', 'sha1': '0ebd89b6423398dbd2cd2562731bee5113bcc847', 'sha256': 'd5ef05e635d977da752714be050b268e0b1a84eba8ad96887c2322b2dc527193'}, 'dob': {'date': '1999-02-18T04:26:45.992Z', 'age': 25}, 'registered': {'date': '2011-03-06T00:19:11.370Z', 'age': 13}, 'phone': '083-25408567', 'cell': '0914-614-0273', 'id': {'name': '', 'value': None}, 'picture': {'large': 'https://randomuser.me/api/portraits/women/38.jpg', 'medium': 'https://randomuser.me/api/portraits/med/women/38.jpg', 'thumbnail': 'https://randomuser.me/api/portraits/thumb/women/38.jpg'}, 'nat': 'IR'}</msg>
<arg>${json_data['results'][0]}</arg>
<doc>Logs the given message with the given level.</doc>
<status status="PASS" start="2024-06-19T08:18:55.210470" elapsed="0.000400"/>
</kw>
<kw name="Log" owner="BuiltIn">
<msg time="2024-06-19T08:18:55.211400" level="INFO">login</msg>
<arg>${key}</arg>
<doc>Logs the given message with the given level.</doc>
<status status="PASS" start="2024-06-19T08:18:55.211167" elapsed="0.000270"/>
</kw>
<var name="${key}">login</var>
<status status="PASS" start="2024-06-19T08:18:55.209796" elapsed="0.001866"/>
</iter>
<var>${key}</var>
<value>@{expected_keys}</value>
<status status="PASS" start="2024-06-19T08:18:55.201602" elapsed="0.010208"/>
</for>
<kw name="Create List" owner="BuiltIn">
<msg time="2024-06-19T08:18:55.212144" level="INFO">${expected_keysTwo} = ['username', 'password']</msg>
<var>${expected_keysTwo}</var>
<arg>username</arg>
<arg>password</arg>
<doc>Returns a list containing given items.</doc>
<status status="PASS" start="2024-06-19T08:18:55.212008" elapsed="0.000159"/>
</kw>
<for flavor="IN">
<iter>
<kw name="Dictionary Should Contain Key" owner="Collections">
<arg>${json_data['results'][0]['login']}</arg>
<arg>${keyTwo}</arg>
<doc>Fails if ``key`` is not found from ``dictionary``.</doc>
<status status="PASS" start="2024-06-19T08:18:55.212675" elapsed="0.000390"/>
</kw>
<kw name="Dictionary Should Contain Key" owner="Collections">
<arg>${json_data['results'][0]['login']}</arg>
<arg>${keyTwo}</arg>
<doc>Fails if ``key`` is not found from ``dictionary``.</doc>
<status status="PASS" start="2024-06-19T08:18:55.213247" elapsed="0.000402"/>
</kw>
<kw name="Log" owner="BuiltIn">
<msg time="2024-06-19T08:18:55.213955" level="INFO">username</msg>
<arg>${keyTwo}</arg>
<doc>Logs the given message with the given level.</doc>
<status status="PASS" start="2024-06-19T08:18:55.213833" elapsed="0.000158"/>
</kw>
<var name="${keyTwo}">username</var>
<status status="PASS" start="2024-06-19T08:18:55.212565" elapsed="0.001642"/>
</iter>
<iter>
<kw name="Dictionary Should Contain Key" owner="Collections">
<arg>${json_data['results'][0]['login']}</arg>
<arg>${keyTwo}</arg>
<doc>Fails if ``key`` is not found from ``dictionary``.</doc>
<status status="PASS" start="2024-06-19T08:18:55.214489" elapsed="0.000369"/>
</kw>
<kw name="Dictionary Should Contain Key" owner="Collections">
<arg>${json_data['results'][0]['login']}</arg>
<arg>${keyTwo}</arg>
<doc>Fails if ``key`` is not found from ``dictionary``.</doc>
<status status="PASS" start="2024-06-19T08:18:55.215035" elapsed="0.000359"/>
</kw>
<kw name="Log" owner="BuiltIn">
<msg time="2024-06-19T08:18:55.215685" level="INFO">password</msg>
<arg>${keyTwo}</arg>
<doc>Logs the given message with the given level.</doc>
<status status="PASS" start="2024-06-19T08:18:55.215568" elapsed="0.000153"/>
</kw>
<var name="${keyTwo}">password</var>
<status status="PASS" start="2024-06-19T08:18:55.214379" elapsed="0.001561"/>
</iter>
<var>${keyTwo}</var>
<value>@{expected_keysTwo}</value>
<status status="PASS" start="2024-06-19T08:18:55.212407" elapsed="0.003650"/>
</for>
<status status="PASS" start="2024-06-19T08:18:55.089309" elapsed="0.126888"/>
</kw>
<doc>Testa a estrutura da resposta da API.</doc>
<tag>testeEstruturaResposta</tag>
<status status="PASS" start="2024-06-19T08:18:55.088646" elapsed="0.127707"/>
</test>
<test id="s1-s1-t4" name="Validar tipos de dados" line="28">
<kw name="Teste de Tipos de Dados" owner="random-user-service">
<kw name="GET On Session" owner="RequestsLibrary">
<msg time="2024-06-19T08:18:55.315804" level="INFO">GET Request : url=https://randomuser.me/api 
 path_url=/api 
 headers={'User-Agent': 'python-requests/2.32.3', 'Accept-Encoding': 'gzip, deflate', 'Accept': '*/*', 'Connection': 'keep-alive'} 
 body=None 
 </msg>
<msg time="2024-06-19T08:18:55.315917" level="INFO">GET Response : url=https://randomuser.me/api 
 status=200, reason=OK 
 headers={'Date': 'Wed, 19 Jun 2024 08:18:55 GMT', 'Content-Type': 'application/json; charset=utf-8', 'Transfer-Encoding': 'chunked', 'Connection': 'keep-alive', 'X-Powered-By': 'Express', 'Access-Control-Allow-Origin': '*', 'Cache-Control': 'no-cache', 'ETag': 'W/"478-EZULxE24p8j7COqxPeg+n0JAr/A"', 'Vary': 'Accept-Encoding', 'Content-Encoding': 'gzip', 'CF-Cache-Status': 'DYNAMIC', 'Report-To': '{"endpoints":[{"url":"https:\\/\\/a.nel.cloudflare.com\\/report\\/v4?s=bu69JC%2FMwiYyPI5OPlyV5HcOaSU9Ar6LzFzFX39sC%2BU9b%2BPrCehSUzJ3fsQ2quNpeYyM536pNXDLLz6BkFDqVFfCiUrlLrAubP8%2BDaQpa3Wx%2FJpuyxRhNTwaQIhgLS4m"}],"group":"cf-nel","max_age":604800}', 'NEL': '{"success_fraction":0,"report_to":"cf-nel","max_age":604800}', 'Server': 'cloudflare', 'CF-RAY': '896217572a019655-SJC', 'alt-svc': 'h3=":443"; ma=86400'} 
 body={"results":[{"gender":"female","name":{"title":"Mrs","first":"Willow","last":"Li"},"location":{"street":{"number":928,"name":"Forbury Road"},"city":"Auckland","state":"Auckland","country":"New Zealand","postcode":90072,"coordinates":{"latitude":"55.1871","longitude":"114.0381"},"timezone":{"offset":"+6:00","description":"Almaty, Dhaka, Colombo"}},"email":"willow.li@example.com","login":{"uuid":"f7ac1400-eb84-40e8-ae26-80fc3379c421","username":"greenlion155","password":"brown1","salt":"QHtd6IM4","md5":"3d9dbad8ac5680ae6f5998e443662b36","sha1":"8916c3cb5bb08f4a4bd37ac00f50ab11013724dc","sha256":"a8f5a40d4f9b918c393f626fea70529cc0ea0e1649f7fe548c0b1752c7e2798b"},"dob":{"date":"2000-08-10T14:27:09.014Z","age":23},"registered":{"date":"2018-01-01T09:20:19.178Z","age":6},"phone":"(246)-731-1554","cell":"(451)-327-9399","id":{"name":"","value":null},"picture":{"large":"https://randomuser.me/api/portraits/women/19.jpg","medium":"https://randomuser.me/api/portraits/med/women/19.jpg","thumbnail":"https://randomuser.me/api/portraits/thumb/women/19.jpg"},"nat":"NZ"}],"info":{"seed":"b2a29fb19101726d","results":1,"page":1,"version":"1.4"}} 
 </msg>
<msg time="2024-06-19T08:18:55.316007" level="INFO">/opt/hostedtoolcache/Python/3.12.3/x64/lib/python3.12/site-packages/urllib3/connectionpool.py:1099: InsecureRequestWarning: Unverified HTTPS request is being made to host 'randomuser.me'. Adding certificate verification is strongly advised. See: https://urllib3.readthedocs.io/en/latest/advanced-usage.html#tls-warnings
  warnings.warn(</msg>
<msg time="2024-06-19T08:18:55.316169" level="INFO">${response} = &lt;Response [200]&gt;</msg>
<var>${response}</var>
<arg>consultarAPI</arg>
<arg>/api</arg>
<doc>Sends a GET request on a previously created HTTP Session.</doc>
<status status="PASS" start="2024-06-19T08:18:55.218873" elapsed="0.097352"/>
</kw>
<kw name="Set Variable" owner="BuiltIn">
<msg time="2024-06-19T08:18:55.317402" level="INFO">${json_data} = {'results': [{'gender': 'female', 'name': {'title': 'Mrs', 'first': 'Willow', 'last': 'Li'}, 'location': {'street': {'number': 928, 'name': 'Forbury Road'}, 'city': 'Auckland', 'state': 'Auckland', 'c...</msg>
<var>${json_data}</var>
<arg>${response.json()}</arg>
<doc>Returns the given values which can then be assigned to a variables.</doc>
<status status="PASS" start="2024-06-19T08:18:55.316862" elapsed="0.000568"/>
</kw>
<kw name="Log" owner="BuiltIn">
<msg time="2024-06-19T08:18:55.317982" level="INFO">{'results': [{'gender': 'female', 'name': {'title': 'Mrs', 'first': 'Willow', 'last': 'Li'}, 'location': {'street': {'number': 928, 'name': 'Forbury Road'}, 'city': 'Auckland', 'state': 'Auckland', 'country': 'New Zealand', 'postcode': 90072, 'coordinates': {'latitude': '55.1871', 'longitude': '114.0381'}, 'timezone': {'offset': '+6:00', 'description': 'Almaty, Dhaka, Colombo'}}, 'email': 'willow.li@example.com', 'login': {'uuid': 'f7ac1400-eb84-40e8-ae26-80fc3379c421', 'username': 'greenlion155', 'password': 'brown1', 'salt': 'QHtd6IM4', 'md5': '3d9dbad8ac5680ae6f5998e443662b36', 'sha1': '8916c3cb5bb08f4a4bd37ac00f50ab11013724dc', 'sha256': 'a8f5a40d4f9b918c393f626fea70529cc0ea0e1649f7fe548c0b1752c7e2798b'}, 'dob': {'date': '2000-08-10T14:27:09.014Z', 'age': 23}, 'registered': {'date': '2018-01-01T09:20:19.178Z', 'age': 6}, 'phone': '(246)-731-1554', 'cell': '(451)-327-9399', 'id': {'name': '', 'value': None}, 'picture': {'large': 'https://randomuser.me/api/portraits/women/19.jpg', 'medium': 'https://randomuser.me/api/portraits/med/women/19.jpg', 'thumbnail': 'https://randomuser.me/api/portraits/thumb/women/19.jpg'}, 'nat': 'NZ'}], 'info': {'seed': 'b2a29fb19101726d', 'results': 1, 'page': 1, 'version': '1.4'}}</msg>
<arg>${json_data}</arg>
<doc>Logs the given message with the given level.</doc>
<status status="PASS" start="2024-06-19T08:18:55.317815" elapsed="0.000216"/>
</kw>
<kw name="Should Be String" owner="String">
<arg>${json_data['results'][0]['gender']}</arg>
<doc>Fails if the given ``item`` is not a string.</doc>
<status status="PASS" start="2024-06-19T08:18:55.318336" elapsed="0.000381"/>
</kw>
<kw name="Should Match Regexp" owner="BuiltIn">
<arg>${json_data['results'][0]['email']}</arg>
<arg>^[a-zA-Z0-9._%+-]+@[a-zA-Z0-9.-]+\.[a-zA-Z]{2,}$</arg>
<doc>Fails if ``string`` does not match ``pattern`` as a regular expression.</doc>
<status status="PASS" start="2024-06-19T08:18:55.318953" elapsed="0.000520"/>
</kw>
<kw name="Should Match Regexp" owner="BuiltIn">
<arg>${json_data['results'][0]['dob']['date']}</arg>
<arg>\\d{4}-\\d{2}-\\d{2}T\\d{2}:\\d{2}:\\d{2}\\.\\d{3}Z</arg>
<doc>Fails if ``string`` does not match ``pattern`` as a regular expression.</doc>
<status status="PASS" start="2024-06-19T08:18:55.319669" elapsed="0.000490"/>
</kw>
<kw name="Should Match Regexp" owner="BuiltIn">
<arg>${json_data['results'][0]['registered']['date']}</arg>
<arg>\\d{4}-\\d{2}-\\d{2}T\\d{2}:\\d{2}:\\d{2}\\.\\d{3}Z</arg>
<doc>Fails if ``string`` does not match ``pattern`` as a regular expression.</doc>
<status status="PASS" start="2024-06-19T08:18:55.320351" elapsed="0.000356"/>
</kw>
<kw name="Should Match Regexp" owner="BuiltIn">
<arg>${json_data['results'][0]['picture']['large']}</arg>
<arg>^https?://.*\.(?:png|jpe?g|gif|bmp)$</arg>
<doc>Fails if ``string`` does not match ``pattern`` as a regular expression.</doc>
<status status="PASS" start="2024-06-19T08:18:55.320889" elapsed="0.000454"/>
</kw>
<kw name="Should Match Regexp" owner="BuiltIn">
<arg>${json_data['results'][0]['picture']['medium']}</arg>
<arg>^https?://.*\.(?:png|jpe?g|gif|bmp)$</arg>
<doc>Fails if ``string`` does not match ``pattern`` as a regular expression.</doc>
<status status="PASS" start="2024-06-19T08:18:55.321536" elapsed="0.000382"/>
</kw>
<kw name="Should Match Regexp" owner="BuiltIn">
<arg>${json_data['results'][0]['picture']['thumbnail']}</arg>
<arg>^https?://.*\.(?:png|jpe?g|gif|bmp)$</arg>
<doc>Fails if ``string`` does not match ``pattern`` as a regular expression.</doc>
<status status="PASS" start="2024-06-19T08:18:55.322106" elapsed="0.000350"/>
</kw>
<kw name="Log" owner="BuiltIn">
<msg time="2024-06-19T08:18:55.322967" level="INFO">{'large': 'https://randomuser.me/api/portraits/women/19.jpg', 'medium': 'https://randomuser.me/api/portraits/med/women/19.jpg', 'thumbnail': 'https://randomuser.me/api/portraits/thumb/women/19.jpg'}</msg>
<arg>${json_data['results'][0]['picture']}</arg>
<doc>Logs the given message with the given level.</doc>
<status status="PASS" start="2024-06-19T08:18:55.322644" elapsed="0.000365"/>
</kw>
<status status="PASS" start="2024-06-19T08:18:55.218641" elapsed="0.104638"/>
</kw>
<kw name="Teste de Tipos de Dados - Postcode" owner="random-user-service">
<kw name="GET On Session" owner="RequestsLibrary">
<msg time="2024-06-19T08:18:55.419597" level="INFO">GET Request : url=https://randomuser.me/api 
 path_url=/api 
 headers={'User-Agent': 'python-requests/2.32.3', 'Accept-Encoding': 'gzip, deflate', 'Accept': '*/*', 'Connection': 'keep-alive'} 
 body=None 
 </msg>
<msg time="2024-06-19T08:18:55.419690" level="INFO">GET Response : url=https://randomuser.me/api 
 status=200, reason=OK 
 headers={'Date': 'Wed, 19 Jun 2024 08:18:55 GMT', 'Content-Type': 'application/json; charset=utf-8', 'Transfer-Encoding': 'chunked', 'Connection': 'keep-alive', 'X-Powered-By': 'Express', 'Access-Control-Allow-Origin': '*', 'Cache-Control': 'no-cache', 'ETag': 'W/"479-Xkdwl0WpcU6ahoCjuA7l2f5WIX4"', 'Vary': 'Accept-Encoding', 'Content-Encoding': 'gzip', 'CF-Cache-Status': 'DYNAMIC', 'Report-To': '{"endpoints":[{"url":"https:\\/\\/a.nel.cloudflare.com\\/report\\/v4?s=3PTaN68OFYxmKXuRP2THJH30CwnWm4Hfj9IHMgU1omNvjdqccgYJSIMu2YZ2K8Cs1V%2BtbxOWDL6oeZEwPL0SbpkIJt7npFJye4izkhCifuGql4uSN3GwXryrS3qAwtsn"}],"group":"cf-nel","max_age":604800}', 'NEL': '{"success_fraction":0,"report_to":"cf-nel","max_age":604800}', 'Server': 'cloudflare', 'CF-RAY': '89621757ca579655-SJC', 'alt-svc': 'h3=":443"; ma=86400'} 
 body={"results":[{"gender":"male","name":{"title":"Mr","first":"آریا","last":"نكو نظر"},"location":{"street":{"number":1171,"name":"میدان جمهوری"},"city":"ایلام","state":"زنجان","country":"Iran","postcode":14318,"coordinates":{"latitude":"14.8515","longitude":"-124.1969"},"timezone":{"offset":"+5:45","description":"Kathmandu"}},"email":"ary.nkwnzr@example.com","login":{"uuid":"2cb1b260-41a1-4309-b61b-de45924f1309","username":"bigpeacock840","password":"gotham","salt":"phNglcME","md5":"389f02ea9a604ccb297d1f7b826d8a0f","sha1":"1906c1b3e403a15ad30200dcfa889c9fb95d9333","sha256":"7cc1e221312a9939623ea5e1a7f79a223394128016e028bca7fbcf4369ca51bd"},"dob":{"date":"1994-07-24T16:30:15.191Z","age":29},"registered":{"date":"2008-04-11T06:28:05.721Z","age":16},"phone":"051-29010676","cell":"0978-098-8772","id":{"name":"","value":null},"picture":{"large":"https://randomuser.me/api/portraits/men/32.jpg","medium":"https://randomuser.me/api/portraits/med/men/32.jpg","thumbnail":"https://randomuser.me/api/portraits/thumb/men/32.jpg"},"nat":"IR"}],"info":{"seed":"92e8f136e0ec1808","results":1,"page":1,"version":"1.4"}} 
 </msg>
<msg time="2024-06-19T08:18:55.419786" level="INFO">/opt/hostedtoolcache/Python/3.12.3/x64/lib/python3.12/site-packages/urllib3/connectionpool.py:1099: InsecureRequestWarning: Unverified HTTPS request is being made to host 'randomuser.me'. Adding certificate verification is strongly advised. See: https://urllib3.readthedocs.io/en/latest/advanced-usage.html#tls-warnings
  warnings.warn(</msg>
<msg time="2024-06-19T08:18:55.419900" level="INFO">${response} = &lt;Response [200]&gt;</msg>
<var>${response}</var>
<arg>consultarAPI</arg>
<arg>/api</arg>
<doc>Sends a GET request on a previously created HTTP Session.</doc>
<status status="PASS" start="2024-06-19T08:18:55.323739" elapsed="0.096193"/>
</kw>
<kw name="Set Variable" owner="BuiltIn">
<msg time="2024-06-19T08:18:55.420957" level="INFO">${json_data} = {'results': [{'gender': 'male', 'name': {'title': 'Mr', 'first': 'آریا', 'last': 'نكو نظر'}, 'location': {'street': {'number': 1171, 'name': 'میدان جمهوری'}, 'city': 'ایلام', 'state': 'زنجان', 'countr...</msg>
<var>${json_data}</var>
<arg>${response.json()}</arg>
<doc>Returns the given values which can then be assigned to a variables.</doc>
<status status="PASS" start="2024-06-19T08:18:55.420449" elapsed="0.000540"/>
</kw>
<kw name="Log" owner="BuiltIn">
<msg time="2024-06-19T08:18:55.421463" level="INFO">{'results': [{'gender': 'male', 'name': {'title': 'Mr', 'first': 'آریا', 'last': 'نكو نظر'}, 'location': {'street': {'number': 1171, 'name': 'میدان جمهوری'}, 'city': 'ایلام', 'state': 'زنجان', 'country': 'Iran', 'postcode': 14318, 'coordinates': {'latitude': '14.8515', 'longitude': '-124.1969'}, 'timezone': {'offset': '+5:45', 'description': 'Kathmandu'}}, 'email': 'ary.nkwnzr@example.com', 'login': {'uuid': '2cb1b260-41a1-4309-b61b-de45924f1309', 'username': 'bigpeacock840', 'password': 'gotham', 'salt': 'phNglcME', 'md5': '389f02ea9a604ccb297d1f7b826d8a0f', 'sha1': '1906c1b3e403a15ad30200dcfa889c9fb95d9333', 'sha256': '7cc1e221312a9939623ea5e1a7f79a223394128016e028bca7fbcf4369ca51bd'}, 'dob': {'date': '1994-07-24T16:30:15.191Z', 'age': 29}, 'registered': {'date': '2008-04-11T06:28:05.721Z', 'age': 16}, 'phone': '051-29010676', 'cell': '0978-098-8772', 'id': {'name': '', 'value': None}, 'picture': {'large': 'https://randomuser.me/api/portraits/men/32.jpg', 'medium': 'https://randomuser.me/api/portraits/med/men/32.jpg', 'thumbnail': 'https://randomuser.me/api/portraits/thumb/men/32.jpg'}, 'nat': 'IR'}], 'info': {'seed': '92e8f136e0ec1808', 'results': 1, 'page': 1, 'version': '1.4'}}</msg>
<arg>${json_data}</arg>
<doc>Logs the given message with the given level.</doc>
<status status="PASS" start="2024-06-19T08:18:55.421302" elapsed="0.000214"/>
</kw>
<kw name="Should Be Equal As Numbers" owner="BuiltIn">
<arg>${json_data['results'][0]['location']['postcode']}</arg>
<arg>${json_data['results'][0]['location']['postcode']}</arg>
<doc>Fails if objects are unequal after converting them to real numbers.</doc>
<status status="PASS" start="2024-06-19T08:18:55.421854" elapsed="0.000623"/>
</kw>
<kw name="Log" owner="BuiltIn">
<msg time="2024-06-19T08:18:55.423035" level="INFO">14318</msg>
<arg>${json_data['results'][0]['location']['postcode']}</arg>
<doc>Logs the given message with the given level.</doc>
<status status="PASS" start="2024-06-19T08:18:55.422700" elapsed="0.000374"/>
</kw>
<status status="PASS" start="2024-06-19T08:18:55.323505" elapsed="0.099824"/>
</kw>
<doc>Testa se os tipos de dados na resposta da API estão corretos.</doc>
<tag>testeTiposDados</tag>
<status status="PASS" start="2024-06-19T08:18:55.218169" elapsed="0.205331"/>
</test>
<test id="s1-s1-t5" name="Validar conteudo" line="35">
<kw name="Teste de Tipos de Conteudo" owner="random-user-service">
<kw name="GET On Session" owner="RequestsLibrary">
<msg time="2024-06-19T08:18:55.516197" level="INFO">GET Request : url=https://randomuser.me/api 
 path_url=/api 
 headers={'User-Agent': 'python-requests/2.32.3', 'Accept-Encoding': 'gzip, deflate', 'Accept': '*/*', 'Connection': 'keep-alive'} 
 body=None 
 </msg>
<msg time="2024-06-19T08:18:55.516307" level="INFO">GET Response : url=https://randomuser.me/api 
 status=200, reason=OK 
 headers={'Date': 'Wed, 19 Jun 2024 08:18:55 GMT', 'Content-Type': 'application/json; charset=utf-8', 'Transfer-Encoding': 'chunked', 'Connection': 'keep-alive', 'X-Powered-By': 'Express', 'Access-Control-Allow-Origin': '*', 'Cache-Control': 'no-cache', 'ETag': 'W/"4aa-jxybEuz+w5yzgUeQSde+Kw2DpUM"', 'Vary': 'Accept-Encoding', 'Content-Encoding': 'gzip', 'CF-Cache-Status': 'DYNAMIC', 'Report-To': '{"endpoints":[{"url":"https:\\/\\/a.nel.cloudflare.com\\/report\\/v4?s=m9Mji0b7NAsqHr0PlTOp5q%2BAffJUsaHXuesLiOZDGZig1JQlEOARlqHIhkgFEa4zDq1aTOUpHBVq%2B7dN4nVLoHLPy7Px9R5Ag86Fh%2Byh2xvPQBMf59YfcF%2Bf5nR%2BCnGX"}],"group":"cf-nel","max_age":604800}', 'NEL': '{"success_fraction":0,"report_to":"cf-nel","max_age":604800}', 'Server': 'cloudflare', 'CF-RAY': '896217586aa19655-SJC', 'alt-svc': 'h3=":443"; ma=86400'} 
 body={"results":[{"gender":"male","name":{"title":"Mr","first":"Veeti","last":"Hamalainen"},"location":{"street":{"number":7517,"name":"Hermiankatu"},"city":"Hailuoto","state":"Central Finland","country":"Finland","postcode":43190,"coordinates":{"latitude":"-25.5696","longitude":"-31.4685"},"timezone":{"offset":"0:00","description":"Western Europe Time, London, Lisbon, Casablanca"}},"email":"veeti.hamalainen@example.com","login":{"uuid":"e17c3105-ff81-4560-a68d-1416505d989d","username":"orangesnake191","password":"herman","salt":"07IeuAa5","md5":"18af3236b7ad4975043ae911b65ed3df","sha1":"14615d45f8b4369e072ca519caa6c8303ba09787","sha256":"894cfa5970a86ac08a85c819661ac72ff90719329a31fe8565bf4f9719c885d5"},"dob":{"date":"1960-10-08T01:45:30.169Z","age":63},"registered":{"date":"2004-09-12T11:34:41.587Z","age":19},"phone":"04-038-555","cell":"048-122-37-11","id":{"name":"HETU","value":"NaNNA015undefined"},"picture":{"large":"https://randomuser.me/api/portraits/men/38.jpg","medium":"https://randomuser.me/api/portraits/med/men/38.jpg","thumbnail":"https://randomuser.me/api/portraits/thumb/men/38.jpg"},"nat":"FI"}],"info":{"seed":"e08f8b3c445d8505","results":1,"page":1,"version":"1.4"}} 
 </msg>
<msg time="2024-06-19T08:18:55.516394" level="INFO">/opt/hostedtoolcache/Python/3.12.3/x64/lib/python3.12/site-packages/urllib3/connectionpool.py:1099: InsecureRequestWarning: Unverified HTTPS request is being made to host 'randomuser.me'. Adding certificate verification is strongly advised. See: https://urllib3.readthedocs.io/en/latest/advanced-usage.html#tls-warnings
  warnings.warn(</msg>
<msg time="2024-06-19T08:18:55.516529" level="INFO">${response} = &lt;Response [200]&gt;</msg>
<var>${response}</var>
<arg>consultarAPI</arg>
<arg>/api</arg>
<doc>Sends a GET request on a previously created HTTP Session.</doc>
<status status="PASS" start="2024-06-19T08:18:55.425970" elapsed="0.090604"/>
</kw>
<kw name="Set Variable" owner="BuiltIn">
<msg time="2024-06-19T08:18:55.517706" level="INFO">${json_data} = {'results': [{'gender': 'male', 'name': {'title': 'Mr', 'first': 'Veeti', 'last': 'Hamalainen'}, 'location': {'street': {'number': 7517, 'name': 'Hermiankatu'}, 'city': 'Hailuoto', 'state': 'Central F...</msg>
<var>${json_data}</var>
<arg>${response.json()}</arg>
<doc>Returns the given values which can then be assigned to a variables.</doc>
<status status="PASS" start="2024-06-19T08:18:55.517143" elapsed="0.000594"/>
</kw>
<kw name="Set Variable" owner="BuiltIn">
<msg time="2024-06-19T08:18:55.518446" level="INFO">${name_title} = Mr</msg>
<var>${name_title}</var>
<arg>${json_data["results"][0]["name"]["title"]}</arg>
<doc>Returns the given values which can then be assigned to a variables.</doc>
<status status="PASS" start="2024-06-19T08:18:55.518054" elapsed="0.000419"/>
</kw>
<kw name="Create List" owner="BuiltIn">
<msg time="2024-06-19T08:18:55.518931" level="INFO">${allowed_titles} = ['Mr', 'Ms', 'Miss', 'Mrs', 'Madame', 'Monsieur']</msg>
<var>${allowed_titles}</var>
<arg>Mr</arg>
<arg>Ms</arg>
<arg>Miss</arg>
<arg>Mrs</arg>
<arg>Madame</arg>
<arg>Monsieur</arg>
<doc>Returns a list containing given items.</doc>
<status status="PASS" start="2024-06-19T08:18:55.518780" elapsed="0.000176"/>
</kw>
<kw name="List Should Contain Value" owner="Collections">
<arg>${allowed_titles}</arg>
<arg>${name_title}</arg>
<doc>Fails if the ``value`` is not found from ``list``.</doc>
<status status="PASS" start="2024-06-19T08:18:55.519263" elapsed="0.000179"/>
</kw>
<kw name="Set Variable" owner="BuiltIn">
<msg time="2024-06-19T08:18:55.519998" level="INFO">${name_country} = FI</msg>
<var>${name_country}</var>
<arg>${json_data["results"][0]["nat"]}</arg>
<doc>Returns the given values which can then be assigned to a variables.</doc>
<status status="PASS" start="2024-06-19T08:18:55.519627" elapsed="0.000396"/>
</kw>
<kw name="Create List" owner="BuiltIn">
<msg time="2024-06-19T08:18:55.520921" level="INFO">${list_country} = ['AD', 'AE', 'AF', 'AG', 'AI', 'AL', 'AM', 'AO', 'AQ', 'AR', 'AS', 'AT', 'AU', 'AW', 'AX', 'AZ', 'BA', 'BB', 'BD', 'BE', 'BF', 'BG', 'BH', 'BI', 'BJ', 'BL', 'BM', 'BN', 'BO', 'BQ', 'BR', 'BS', 'BT', '...</msg>
<var>${list_country}</var>
<arg>AD</arg>
<arg>AE</arg>
<arg>AF</arg>
<arg>AG</arg>
<arg>AI</arg>
<arg>AL</arg>
<arg>AM</arg>
<arg>AO</arg>
<arg>AQ</arg>
<arg>AR</arg>
<arg>AS</arg>
<arg>AT</arg>
<arg>AU</arg>
<arg>AW</arg>
<arg>AX</arg>
<arg>AZ</arg>
<arg>BA</arg>
<arg>BB</arg>
<arg>BD</arg>
<arg>BE</arg>
<arg>BF</arg>
<arg>BG</arg>
<arg>BH</arg>
<arg>BI</arg>
<arg>BJ</arg>
<arg>BL</arg>
<arg>BM</arg>
<arg>BN</arg>
<arg>BO</arg>
<arg>BQ</arg>
<arg>BR</arg>
<arg>BS</arg>
<arg>BT</arg>
<arg>BV</arg>
<arg>BW</arg>
<arg>BY</arg>
<arg>BZ</arg>
<arg>CA</arg>
<arg>CC</arg>
<arg>CD</arg>
<arg>CF</arg>
<arg>CG</arg>
<arg>CH</arg>
<arg>CI</arg>
<arg>CK</arg>
<arg>CL</arg>
<arg>CM</arg>
<arg>CN</arg>
<arg>CO</arg>
<arg>CR</arg>
<arg>CU</arg>
<arg>CV</arg>
<arg>CW</arg>
<arg>CX</arg>
<arg>CY</arg>
<arg>CZ</arg>
<arg>DE</arg>
<arg>DJ</arg>
<arg>DK</arg>
<arg>DM</arg>
<arg>DO</arg>
<arg>DZ</arg>
<arg>EC</arg>
<arg>EE</arg>
<arg>EG</arg>
<arg>EH</arg>
<arg>ER</arg>
<arg>ES</arg>
<arg>ET</arg>
<arg>FI</arg>
<arg>FJ</arg>
<arg>FK</arg>
<arg>FM</arg>
<arg>FO</arg>
<arg>FR</arg>
<arg>GA</arg>
<arg>GB</arg>
<arg>GD</arg>
<arg>GE</arg>
<arg>GF</arg>
<arg>GG</arg>
<arg>GH</arg>
<arg>GI</arg>
<arg>GL</arg>
<arg>GM</arg>
<arg>GN</arg>
<arg>GP</arg>
<arg>GQ</arg>
<arg>GR</arg>
<arg>GS</arg>
<arg>GT</arg>
<arg>GU</arg>
<arg>GW</arg>
<arg>GY</arg>
<arg>HK</arg>
<arg>HM</arg>
<arg>HN</arg>
<arg>HR</arg>
<arg>HT</arg>
<arg>HU</arg>
<arg>ID</arg>
<arg>IE</arg>
<arg>IL</arg>
<arg>IM</arg>
<arg>IN</arg>
<arg>IO</arg>
<arg>IQ</arg>
<arg>IR</arg>
<arg>IS</arg>
<arg>IT</arg>
<arg>JE</arg>
<arg>JM</arg>
<arg>JO</arg>
<arg>JP</arg>
<arg>KE</arg>
<arg>KG</arg>
<arg>KH</arg>
<arg>KI</arg>
<arg>KM</arg>
<arg>KN</arg>
<arg>KP</arg>
<arg>KR</arg>
<arg>KW</arg>
<arg>KY</arg>
<arg>KZ</arg>
<arg>LA</arg>
<arg>LB</arg>
<arg>LC</arg>
<arg>LI</arg>
<arg>LK</arg>
<arg>LR</arg>
<arg>LS</arg>
<arg>LT</arg>
<arg>LU</arg>
<arg>LV</arg>
<arg>LY</arg>
<arg>MA</arg>
<arg>MC</arg>
<arg>MD</arg>
<arg>ME</arg>
<arg>MF</arg>
<arg>MG</arg>
<arg>MH</arg>
<arg>MK</arg>
<arg>ML</arg>
<arg>MM</arg>
<arg>MN</arg>
<arg>MO</arg>
<arg>MP</arg>
<arg>MQ</arg>
<arg>MR</arg>
<arg>MS</arg>
<arg>MT</arg>
<arg>MU</arg>
<arg>MV</arg>
<arg>MW</arg>
<arg>MX</arg>
<arg>MY</arg>
<arg>MZ</arg>
<arg>NA</arg>
<arg>NC</arg>
<arg>NE</arg>
<arg>NF</arg>
<arg>NG</arg>
<arg>NI</arg>
<arg>NL</arg>
<arg>NO</arg>
<arg>NP</arg>
<arg>NR</arg>
<arg>NU</arg>
<arg>NZ</arg>
<arg>OM</arg>
<arg>PA</arg>
<arg>PE</arg>
<arg>PF</arg>
<arg>PG</arg>
<arg>PH</arg>
<arg>PK</arg>
<arg>PL</arg>
<arg>PM</arg>
<arg>PN</arg>
<arg>PR</arg>
<arg>PS</arg>
<arg>PT</arg>
<arg>PW</arg>
<arg>PY</arg>
<arg>QA</arg>
<arg>RE</arg>
<arg>RO</arg>
<arg>RS</arg>
<arg>RU</arg>
<arg>RW</arg>
<arg>SA</arg>
<arg>SB</arg>
<arg>SC</arg>
<arg>SD</arg>
<arg>SE</arg>
<arg>SG</arg>
<arg>SH</arg>
<arg>SI</arg>
<arg>SJ</arg>
<arg>SK</arg>
<arg>SL</arg>
<arg>SM</arg>
<arg>SN</arg>
<arg>SO</arg>
<arg>SR</arg>
<arg>SS</arg>
<arg>ST</arg>
<arg>SV</arg>
<arg>SX</arg>
<arg>SY</arg>
<arg>SZ</arg>
<arg>TC</arg>
<arg>TD</arg>
<arg>TF</arg>
<arg>TG</arg>
<arg>TH</arg>
<arg>TJ</arg>
<arg>TK</arg>
<arg>TL</arg>
<arg>TM</arg>
<arg>TN</arg>
<arg>TO</arg>
<arg>TR</arg>
<arg>TT</arg>
<arg>TV</arg>
<arg>TW</arg>
<arg>TZ</arg>
<arg>UA</arg>
<arg>UG</arg>
<arg>UM</arg>
<arg>US</arg>
<arg>UY</arg>
<arg>UZ</arg>
<arg>VA</arg>
<arg>VC</arg>
<arg>VE</arg>
<arg>VG</arg>
<arg>VI</arg>
<arg>VN</arg>
<arg>VU</arg>
<arg>WF</arg>
<arg>WS</arg>
<arg>XK</arg>
<arg>YE</arg>
<arg>YT</arg>
<arg>ZA</arg>
<arg>ZM</arg>
<arg>ZW</arg>
<doc>Returns a list containing given items.</doc>
<status status="PASS" start="2024-06-19T08:18:55.520319" elapsed="0.000628"/>
</kw>
<kw name="List Should Contain Value" owner="Collections">
<arg>${list_country}</arg>
<arg>${name_country}</arg>
<doc>Fails if the ``value`` is not found from ``list``.</doc>
<status status="PASS" start="2024-06-19T08:18:55.521832" elapsed="0.000208"/>
</kw>
<kw name="Run Keyword If" owner="BuiltIn">
<kw name="Should Be True" owner="BuiltIn">
<arg>${True}</arg>
<doc>Fails if the given condition is not true.</doc>
<status status="PASS" start="2024-06-19T08:18:55.523126" elapsed="0.000142"/>
</kw>
<arg>${json_data["results"][0]["location"]["coordinates"]["latitude"]} &gt;= -90 and ${json_data["results"][0]["location"]["coordinates"]["latitude"]} &lt;= 90</arg>
<arg>Should Be True</arg>
<arg>${True}</arg>
<doc>Runs the given keyword with the given arguments, if ``condition`` is true.</doc>
<status status="PASS" start="2024-06-19T08:18:55.522237" elapsed="0.001159"/>
</kw>
<kw name="Run Keyword If" owner="BuiltIn">
<kw name="Should Be True" owner="BuiltIn">
<arg>${True}</arg>
<doc>Fails if the given condition is not true.</doc>
<status status="PASS" start="2024-06-19T08:18:55.524268" elapsed="0.000139"/>
</kw>
<arg>${json_data["results"][0]["location"]["coordinates"]["longitude"]} &gt;= -180 and ${json_data["results"][0]["location"]["coordinates"]["longitude"]} &lt;= 180</arg>
<arg>Should Be True</arg>
<arg>${True}</arg>
<doc>Runs the given keyword with the given arguments, if ``condition`` is true.</doc>
<status status="PASS" start="2024-06-19T08:18:55.523583" elapsed="0.000948"/>
</kw>
<status status="PASS" start="2024-06-19T08:18:55.425743" elapsed="0.098921"/>
</kw>
<doc>Testa o conteúdo específico dos campos retornados pela API.</doc>
<tag>testeConteudo</tag>
<status status="PASS" start="2024-06-19T08:18:55.425274" elapsed="0.099565"/>
</test>
<status status="PASS" start="2024-06-19T08:18:54.503592" elapsed="1.023191"/>
</suite>
<status status="PASS" start="2024-06-19T08:18:54.490116" elapsed="1.041744"/>
</suite>
<statistics>
<total>
<stat pass="5" fail="0" skip="0">All Tests</stat>
</total>
<tag>
<stat pass="1" fail="0" skip="0">testeConteudo</stat>
<stat pass="1" fail="0" skip="0">testeEstruturaResposta</stat>
<stat pass="1" fail="0" skip="0">testeRequisicaoBasica</stat>
<stat pass="1" fail="0" skip="0">testeTiposDados</stat>
</tag>
<suite>
<stat pass="5" fail="0" skip="0" id="s1" name="Tests">Tests</stat>
<stat pass="5" fail="0" skip="0" id="s1-s1" name="Random-User-Test">Tests.Random-User-Test</stat>
</suite>
</statistics>
<errors>
</errors>
</robot>
