<?xml version="1.0" encoding="UTF-8"?>
<robot generator="Robot 7.0 (Python 3.12.2 on linux)" generated="2024-04-17T06:20:32.685945" rpa="false" schemaversion="5">
<suite id="s1" name="Tests" source="/home/runner/work/DesafioQAItauRogerioJordao/DesafioQAItauRogerioJordao/RamdonUser/tests">
<suite id="s1-s1" name="Random-User-Test" source="/home/runner/work/DesafioQAItauRogerioJordao/DesafioQAItauRogerioJordao/RamdonUser/tests/random-user-test.robot">
<test id="s1-s1-t1" name="Conectar" line="13">
<kw name="Conectar API" owner="random-user-service">
<kw name="Create Session" owner="RequestsLibrary">
<msg time="2024-04-17T06:20:33.056891" level="INFO">Creating Session using : alias=consultarAPI, url=https://randomuser.me/, headers={},                     cookies={}, auth=None, timeout=None, proxies=None, verify=False,                     debug=0 </msg>
<arg>consultarAPI</arg>
<arg>${URL}</arg>
<doc>Create Session: create a HTTP session to a server</doc>
<status status="PASS" start="2024-04-17T06:20:33.056686" elapsed="0.000408"/>
</kw>
<status status="PASS" start="2024-04-17T06:20:33.055682" elapsed="0.001773"/>
</kw>
<status status="PASS" start="2024-04-17T06:20:33.055111" elapsed="0.002549"/>
</test>
<test id="s1-s1-t2" name="Validar retorno 200 e JSON Válido" line="16">
<kw name="Teste de Requisicao Basica" owner="random-user-service">
<kw name="GET On Session" owner="RequestsLibrary">
<msg time="2024-04-17T06:20:33.206031" level="INFO">GET Request : url=https://randomuser.me/api 
 path_url=/api 
 headers={'User-Agent': 'python-requests/2.31.0', 'Accept-Encoding': 'gzip, deflate', 'Accept': '*/*', 'Connection': 'keep-alive'} 
 body=None 
 </msg>
<msg time="2024-04-17T06:20:33.206202" level="INFO">GET Response : url=https://randomuser.me/api 
 status=200, reason=OK 
 headers={'Date': 'Wed, 17 Apr 2024 06:20:33 GMT', 'Content-Type': 'application/json; charset=utf-8', 'Transfer-Encoding': 'chunked', 'Connection': 'keep-alive', 'X-Powered-By': 'Express', 'Access-Control-Allow-Origin': '*', 'Cache-Control': 'no-cache', 'ETag': 'W/"4b7-znPGFcZOv7qUuHXAFbkZsdorZ0s"', 'Vary': 'Accept-Encoding', 'Content-Encoding': 'gzip', 'CF-Cache-Status': 'DYNAMIC', 'Report-To': '{"endpoints":[{"url":"https:\\/\\/a.nel.cloudflare.com\\/report\\/v4?s=ojnWq1uB93cPA%2BheYVM5i9J%2B8Y6r%2FSZHCLIO6d5%2BILovrhedes2nWu%2B%2B2ym8GIhsZsHi6lEfT0mmFVcaTqCDJBja94GFzOSsAusINDxFd%2BsEi48vORz5O1S0RoE10pGT"}],"group":"cf-nel","max_age":604800}', 'NEL': '{"success_fraction":0,"report_to":"cf-nel","max_age":604800}', 'Server': 'cloudflare', 'CF-RAY': '875a4f52ff7369c7-LAX', 'alt-svc': 'h3=":443"; ma=86400'} 
 body={"results":[{"gender":"male","name":{"title":"Mr","first":"Bartholomäus","last":"Spitzer"},"location":{"street":{"number":3583,"name":"Mittelstraße"},"city":"Röthenbach an der Pegnitz","state":"Bayern","country":"Germany","postcode":42415,"coordinates":{"latitude":"-47.9948","longitude":"-157.1032"},"timezone":{"offset":"+11:00","description":"Magadan, Solomon Islands, New Caledonia"}},"email":"bartholomaus.spitzer@example.com","login":{"uuid":"1df5ac15-1e86-4d8a-a838-dcc35a999dac","username":"blueleopard883","password":"kellie","salt":"g6GA2FQO","md5":"170e07737845c0bbd785213b428ddb2a","sha1":"f81b56f5d114f231e969f1bc6996a2de30af0b7a","sha256":"703cd771860fd1dbe86b784568c4691cec09efca3df52a201877fdd2f7348d11"},"dob":{"date":"1988-08-11T01:53:02.477Z","age":35},"registered":{"date":"2018-07-05T12:46:12.143Z","age":5},"phone":"0365-6686785","cell":"0176-1761112","id":{"name":"SVNR","value":"65 100888 S 481"},"picture":{"large":"https://randomuser.me/api/portraits/men/24.jpg","medium":"https://randomuser.me/api/portraits/med/men/24.jpg","thumbnail":"https://randomuser.me/api/portraits/thumb/men/24.jpg"},"nat":"DE"}],"info":{"seed":"2e5a6ad43617d2b3","results":1,"page":1,"version":"1.4"}} 
 </msg>
<msg time="2024-04-17T06:20:33.206288" level="INFO">/opt/hostedtoolcache/Python/3.12.2/x64/lib/python3.12/site-packages/urllib3/connectionpool.py:1103: InsecureRequestWarning: Unverified HTTPS request is being made to host 'randomuser.me'. Adding certificate verification is strongly advised. See: https://urllib3.readthedocs.io/en/latest/advanced-usage.html#tls-warnings
  warnings.warn(</msg>
<msg time="2024-04-17T06:20:33.206434" level="INFO">${response} = &lt;Response [200]&gt;</msg>
<var>${response}</var>
<arg>consultarAPI</arg>
<arg>/api</arg>
<doc>Sends a GET request on a previously created HTTP Session.</doc>
<status status="PASS" start="2024-04-17T06:20:33.060234" elapsed="0.146240"/>
</kw>
<kw name="Should Be Equal As Numbers" owner="BuiltIn">
<msg time="2024-04-17T06:20:33.207502" level="INFO">Argument types are:
&lt;class 'int'&gt;
&lt;class 'str'&gt;</msg>
<arg>${response.status_code}</arg>
<arg>200</arg>
<doc>Fails if objects are unequal after converting them to real numbers.</doc>
<status status="PASS" start="2024-04-17T06:20:33.207047" elapsed="0.000519"/>
</kw>
<kw name="Log" owner="BuiltIn">
<msg time="2024-04-17T06:20:33.208227" level="INFO">200</msg>
<arg>${response.status_code}</arg>
<doc>Logs the given message with the given level.</doc>
<status status="PASS" start="2024-04-17T06:20:33.207878" elapsed="0.000391"/>
</kw>
<kw name="Set Variable" owner="BuiltIn">
<msg time="2024-04-17T06:20:33.209033" level="INFO">${json_data} = {'results': [{'gender': 'male', 'name': {'title': 'Mr', 'first': 'Bartholomäus', 'last': 'Spitzer'}, 'location': {'street': {'number': 3583, 'name': 'Mittelstraße'}, 'city': 'Röthenbach an der Pegnitz...</msg>
<var>${json_data}</var>
<arg>${response.json()}</arg>
<doc>Returns the given values which can then be assigned to a variables.</doc>
<status status="PASS" start="2024-04-17T06:20:33.208577" elapsed="0.000486"/>
</kw>
<kw name="Dictionary Should Contain Key" owner="Collections">
<msg time="2024-04-17T06:20:33.209535" level="INFO">False</msg>
<arg>${json_data}</arg>
<arg>results</arg>
<doc>Fails if ``key`` is not found from ``dictionary``.</doc>
<status status="PASS" start="2024-04-17T06:20:33.209367" elapsed="0.000207"/>
</kw>
<status status="PASS" start="2024-04-17T06:20:33.059977" elapsed="0.149898"/>
</kw>
<doc>Testa se a API responde corretamente e retorna um objeto JSON válido.</doc>
<tag>testeRequisicaoBasica</tag>
<status status="PASS" start="2024-04-17T06:20:33.059522" elapsed="0.150549"/>
</test>
<test id="s1-s1-t3" name="Validar estrutura de resposta" line="22">
<kw name="Teste de Estrutura de Resposta" owner="random-user-service">
<kw name="GET On Session" owner="RequestsLibrary">
<msg time="2024-04-17T06:20:33.320458" level="INFO">GET Request : url=https://randomuser.me/api 
 path_url=/api 
 headers={'User-Agent': 'python-requests/2.31.0', 'Accept-Encoding': 'gzip, deflate', 'Accept': '*/*', 'Connection': 'keep-alive'} 
 body=None 
 </msg>
<msg time="2024-04-17T06:20:33.320558" level="INFO">GET Response : url=https://randomuser.me/api 
 status=200, reason=OK 
 headers={'Date': 'Wed, 17 Apr 2024 06:20:33 GMT', 'Content-Type': 'application/json; charset=utf-8', 'Transfer-Encoding': 'chunked', 'Connection': 'keep-alive', 'X-Powered-By': 'Express', 'Access-Control-Allow-Origin': '*', 'Cache-Control': 'no-cache', 'ETag': 'W/"49e-t0LD6xspkMJVMt9EEg9Z/qFHsHk"', 'Vary': 'Accept-Encoding', 'Content-Encoding': 'gzip', 'CF-Cache-Status': 'DYNAMIC', 'Report-To': '{"endpoints":[{"url":"https:\\/\\/a.nel.cloudflare.com\\/report\\/v4?s=ThLtly6QXdFXXKFsRYbclipupGxwxVRsUE9gpbtSL8Q6cgUhZ8v0ogFsZ%2Bc9IQc0VX4%2B87UNwn22h94fndByHjUttiIYtW4GH3WtOSnQr2FnZKd21NyLk1l5qtExlNjo"}],"group":"cf-nel","max_age":604800}', 'NEL': '{"success_fraction":0,"report_to":"cf-nel","max_age":604800}', 'Server': 'cloudflare', 'CF-RAY': '875a4f539ff669c7-LAX', 'alt-svc': 'h3=":443"; ma=86400'} 
 body={"results":[{"gender":"female","name":{"title":"Miss","first":"Rosario","last":"Gil"},"location":{"street":{"number":1236,"name":"Avenida de América"},"city":"Fuenlabrada","state":"Canarias","country":"Spain","postcode":99452,"coordinates":{"latitude":"-32.3622","longitude":"43.8200"},"timezone":{"offset":"+5:00","description":"Ekaterinburg, Islamabad, Karachi, Tashkent"}},"email":"rosario.gil@example.com","login":{"uuid":"d52b1043-f6cd-46b4-a929-f9a02b2d1c0d","username":"organiczebra661","password":"brest","salt":"zV1ARq5J","md5":"e0b502bcbe5576cdee6a5246ad3b6541","sha1":"00569fd865f1324d88eab81b1cd1867a1c90e8f0","sha256":"d1594456055c2f957aabd994950ba7885239649307ad96a5ba208f8055023ffb"},"dob":{"date":"1980-03-23T03:36:38.572Z","age":44},"registered":{"date":"2002-06-26T18:36:54.763Z","age":21},"phone":"971-807-086","cell":"682-028-659","id":{"name":"DNI","value":"75138576-C"},"picture":{"large":"https://randomuser.me/api/portraits/women/15.jpg","medium":"https://randomuser.me/api/portraits/med/women/15.jpg","thumbnail":"https://randomuser.me/api/portraits/thumb/women/15.jpg"},"nat":"ES"}],"info":{"seed":"ee1630f06afeaf9d","results":1,"page":1,"version":"1.4"}} 
 </msg>
<msg time="2024-04-17T06:20:33.320686" level="INFO">/opt/hostedtoolcache/Python/3.12.2/x64/lib/python3.12/site-packages/urllib3/connectionpool.py:1103: InsecureRequestWarning: Unverified HTTPS request is being made to host 'randomuser.me'. Adding certificate verification is strongly advised. See: https://urllib3.readthedocs.io/en/latest/advanced-usage.html#tls-warnings
  warnings.warn(</msg>
<msg time="2024-04-17T06:20:33.320817" level="INFO">${response} = &lt;Response [200]&gt;</msg>
<var>${response}</var>
<arg>consultarAPI</arg>
<arg>/api</arg>
<doc>Sends a GET request on a previously created HTTP Session.</doc>
<status status="PASS" start="2024-04-17T06:20:33.212625" elapsed="0.108233"/>
</kw>
<kw name="Set Variable" owner="BuiltIn">
<msg time="2024-04-17T06:20:33.322173" level="INFO">${json_data} = {'results': [{'gender': 'female', 'name': {'title': 'Miss', 'first': 'Rosario', 'last': 'Gil'}, 'location': {'street': {'number': 1236, 'name': 'Avenida de América'}, 'city': 'Fuenlabrada', 'state': '...</msg>
<var>${json_data}</var>
<arg>${response.json()}</arg>
<doc>Returns the given values which can then be assigned to a variables.</doc>
<status status="PASS" start="2024-04-17T06:20:33.321505" elapsed="0.000698"/>
</kw>
<kw name="Log" owner="BuiltIn">
<msg time="2024-04-17T06:20:33.322688" level="INFO">{'results': [{'gender': 'female', 'name': {'title': 'Miss', 'first': 'Rosario', 'last': 'Gil'}, 'location': {'street': {'number': 1236, 'name': 'Avenida de América'}, 'city': 'Fuenlabrada', 'state': 'Canarias', 'country': 'Spain', 'postcode': 99452, 'coordinates': {'latitude': '-32.3622', 'longitude': '43.8200'}, 'timezone': {'offset': '+5:00', 'description': 'Ekaterinburg, Islamabad, Karachi, Tashkent'}}, 'email': 'rosario.gil@example.com', 'login': {'uuid': 'd52b1043-f6cd-46b4-a929-f9a02b2d1c0d', 'username': 'organiczebra661', 'password': 'brest', 'salt': 'zV1ARq5J', 'md5': 'e0b502bcbe5576cdee6a5246ad3b6541', 'sha1': '00569fd865f1324d88eab81b1cd1867a1c90e8f0', 'sha256': 'd1594456055c2f957aabd994950ba7885239649307ad96a5ba208f8055023ffb'}, 'dob': {'date': '1980-03-23T03:36:38.572Z', 'age': 44}, 'registered': {'date': '2002-06-26T18:36:54.763Z', 'age': 21}, 'phone': '971-807-086', 'cell': '682-028-659', 'id': {'name': 'DNI', 'value': '75138576-C'}, 'picture': {'large': 'https://randomuser.me/api/portraits/women/15.jpg', 'medium': 'https://randomuser.me/api/portraits/med/women/15.jpg', 'thumbnail': 'https://randomuser.me/api/portraits/thumb/women/15.jpg'}, 'nat': 'ES'}], 'info': {'seed': 'ee1630f06afeaf9d', 'results': 1, 'page': 1, 'version': '1.4'}}</msg>
<arg>${json_data}</arg>
<doc>Logs the given message with the given level.</doc>
<status status="PASS" start="2024-04-17T06:20:33.322518" elapsed="0.000221"/>
</kw>
<kw name="Dictionary Should Contain Key" owner="Collections">
<msg time="2024-04-17T06:20:33.323202" level="INFO">False</msg>
<arg>${json_data}</arg>
<arg>results</arg>
<doc>Fails if ``key`` is not found from ``dictionary``.</doc>
<status status="PASS" start="2024-04-17T06:20:33.323040" elapsed="0.000201"/>
</kw>
<kw name="Should Not Be Empty" owner="BuiltIn">
<msg time="2024-04-17T06:20:33.323673" level="INFO">Length is 2.</msg>
<arg>${json_data}</arg>
<doc>Verifies that the given item is not empty.</doc>
<status status="PASS" start="2024-04-17T06:20:33.323541" elapsed="0.000171"/>
</kw>
<kw name="Create List" owner="BuiltIn">
<msg time="2024-04-17T06:20:33.324326" level="INFO">${expected_keys} = ['gender', 'name', 'location', 'email', 'login']</msg>
<var>${expected_keys}</var>
<arg>gender</arg>
<arg>name</arg>
<arg>location</arg>
<arg>email</arg>
<arg>login</arg>
<doc>Returns a list containing given items.</doc>
<status status="PASS" start="2024-04-17T06:20:33.324008" elapsed="0.000343"/>
</kw>
<for flavor="IN">
<iter>
<kw name="Dictionary Should Contain Key" owner="Collections">
<msg time="2024-04-17T06:20:33.325342" level="INFO">False</msg>
<arg>${json_data['results'][0]}</arg>
<arg>${key}</arg>
<doc>Fails if ``key`` is not found from ``dictionary``.</doc>
<status status="PASS" start="2024-04-17T06:20:33.324939" elapsed="0.000441"/>
</kw>
<kw name="Log" owner="BuiltIn">
<msg time="2024-04-17T06:20:33.326086" level="INFO">{'gender': 'female', 'name': {'title': 'Miss', 'first': 'Rosario', 'last': 'Gil'}, 'location': {'street': {'number': 1236, 'name': 'Avenida de América'}, 'city': 'Fuenlabrada', 'state': 'Canarias', 'country': 'Spain', 'postcode': 99452, 'coordinates': {'latitude': '-32.3622', 'longitude': '43.8200'}, 'timezone': {'offset': '+5:00', 'description': 'Ekaterinburg, Islamabad, Karachi, Tashkent'}}, 'email': 'rosario.gil@example.com', 'login': {'uuid': 'd52b1043-f6cd-46b4-a929-f9a02b2d1c0d', 'username': 'organiczebra661', 'password': 'brest', 'salt': 'zV1ARq5J', 'md5': 'e0b502bcbe5576cdee6a5246ad3b6541', 'sha1': '00569fd865f1324d88eab81b1cd1867a1c90e8f0', 'sha256': 'd1594456055c2f957aabd994950ba7885239649307ad96a5ba208f8055023ffb'}, 'dob': {'date': '1980-03-23T03:36:38.572Z', 'age': 44}, 'registered': {'date': '2002-06-26T18:36:54.763Z', 'age': 21}, 'phone': '971-807-086', 'cell': '682-028-659', 'id': {'name': 'DNI', 'value': '75138576-C'}, 'picture': {'large': 'https://randomuser.me/api/portraits/women/15.jpg', 'medium': 'https://randomuser.me/api/portraits/med/women/15.jpg', 'thumbnail': 'https://randomuser.me/api/portraits/thumb/women/15.jpg'}, 'nat': 'ES'}</msg>
<arg>${json_data['results'][0]}</arg>
<doc>Logs the given message with the given level.</doc>
<status status="PASS" start="2024-04-17T06:20:33.325679" elapsed="0.000457"/>
</kw>
<kw name="Log" owner="BuiltIn">
<msg time="2024-04-17T06:20:33.326574" level="INFO">gender</msg>
<arg>${key}</arg>
<doc>Logs the given message with the given level.</doc>
<status status="PASS" start="2024-04-17T06:20:33.326445" elapsed="0.000167"/>
</kw>
<var name="${key}">gender</var>
<status status="PASS" start="2024-04-17T06:20:33.324815" elapsed="0.002015"/>
</iter>
<iter>
<kw name="Dictionary Should Contain Key" owner="Collections">
<msg time="2024-04-17T06:20:33.327513" level="INFO">False</msg>
<arg>${json_data['results'][0]}</arg>
<arg>${key}</arg>
<doc>Fails if ``key`` is not found from ``dictionary``.</doc>
<status status="PASS" start="2024-04-17T06:20:33.327132" elapsed="0.000418"/>
</kw>
<kw name="Log" owner="BuiltIn">
<msg time="2024-04-17T06:20:33.328255" level="INFO">{'gender': 'female', 'name': {'title': 'Miss', 'first': 'Rosario', 'last': 'Gil'}, 'location': {'street': {'number': 1236, 'name': 'Avenida de América'}, 'city': 'Fuenlabrada', 'state': 'Canarias', 'country': 'Spain', 'postcode': 99452, 'coordinates': {'latitude': '-32.3622', 'longitude': '43.8200'}, 'timezone': {'offset': '+5:00', 'description': 'Ekaterinburg, Islamabad, Karachi, Tashkent'}}, 'email': 'rosario.gil@example.com', 'login': {'uuid': 'd52b1043-f6cd-46b4-a929-f9a02b2d1c0d', 'username': 'organiczebra661', 'password': 'brest', 'salt': 'zV1ARq5J', 'md5': 'e0b502bcbe5576cdee6a5246ad3b6541', 'sha1': '00569fd865f1324d88eab81b1cd1867a1c90e8f0', 'sha256': 'd1594456055c2f957aabd994950ba7885239649307ad96a5ba208f8055023ffb'}, 'dob': {'date': '1980-03-23T03:36:38.572Z', 'age': 44}, 'registered': {'date': '2002-06-26T18:36:54.763Z', 'age': 21}, 'phone': '971-807-086', 'cell': '682-028-659', 'id': {'name': 'DNI', 'value': '75138576-C'}, 'picture': {'large': 'https://randomuser.me/api/portraits/women/15.jpg', 'medium': 'https://randomuser.me/api/portraits/med/women/15.jpg', 'thumbnail': 'https://randomuser.me/api/portraits/thumb/women/15.jpg'}, 'nat': 'ES'}</msg>
<arg>${json_data['results'][0]}</arg>
<doc>Logs the given message with the given level.</doc>
<status status="PASS" start="2024-04-17T06:20:33.327888" elapsed="0.000416"/>
</kw>
<kw name="Log" owner="BuiltIn">
<msg time="2024-04-17T06:20:33.328739" level="INFO">name</msg>
<arg>${key}</arg>
<doc>Logs the given message with the given level.</doc>
<status status="PASS" start="2024-04-17T06:20:33.328613" elapsed="0.000165"/>
</kw>
<var name="${key}">name</var>
<status status="PASS" start="2024-04-17T06:20:33.327017" elapsed="0.001979"/>
</iter>
<iter>
<kw name="Dictionary Should Contain Key" owner="Collections">
<msg time="2024-04-17T06:20:33.329661" level="INFO">False</msg>
<arg>${json_data['results'][0]}</arg>
<arg>${key}</arg>
<doc>Fails if ``key`` is not found from ``dictionary``.</doc>
<status status="PASS" start="2024-04-17T06:20:33.329289" elapsed="0.000409"/>
</kw>
<kw name="Log" owner="BuiltIn">
<msg time="2024-04-17T06:20:33.330668" level="INFO">{'gender': 'female', 'name': {'title': 'Miss', 'first': 'Rosario', 'last': 'Gil'}, 'location': {'street': {'number': 1236, 'name': 'Avenida de América'}, 'city': 'Fuenlabrada', 'state': 'Canarias', 'country': 'Spain', 'postcode': 99452, 'coordinates': {'latitude': '-32.3622', 'longitude': '43.8200'}, 'timezone': {'offset': '+5:00', 'description': 'Ekaterinburg, Islamabad, Karachi, Tashkent'}}, 'email': 'rosario.gil@example.com', 'login': {'uuid': 'd52b1043-f6cd-46b4-a929-f9a02b2d1c0d', 'username': 'organiczebra661', 'password': 'brest', 'salt': 'zV1ARq5J', 'md5': 'e0b502bcbe5576cdee6a5246ad3b6541', 'sha1': '00569fd865f1324d88eab81b1cd1867a1c90e8f0', 'sha256': 'd1594456055c2f957aabd994950ba7885239649307ad96a5ba208f8055023ffb'}, 'dob': {'date': '1980-03-23T03:36:38.572Z', 'age': 44}, 'registered': {'date': '2002-06-26T18:36:54.763Z', 'age': 21}, 'phone': '971-807-086', 'cell': '682-028-659', 'id': {'name': 'DNI', 'value': '75138576-C'}, 'picture': {'large': 'https://randomuser.me/api/portraits/women/15.jpg', 'medium': 'https://randomuser.me/api/portraits/med/women/15.jpg', 'thumbnail': 'https://randomuser.me/api/portraits/thumb/women/15.jpg'}, 'nat': 'ES'}</msg>
<arg>${json_data['results'][0]}</arg>
<doc>Logs the given message with the given level.</doc>
<status status="PASS" start="2024-04-17T06:20:33.330143" elapsed="0.000609"/>
</kw>
<kw name="Log" owner="BuiltIn">
<msg time="2024-04-17T06:20:33.331286" level="INFO">location</msg>
<arg>${key}</arg>
<doc>Logs the given message with the given level.</doc>
<status status="PASS" start="2024-04-17T06:20:33.331152" elapsed="0.000175"/>
</kw>
<var name="${key}">location</var>
<status status="PASS" start="2024-04-17T06:20:33.329176" elapsed="0.002371"/>
</iter>
<iter>
<kw name="Dictionary Should Contain Key" owner="Collections">
<msg time="2024-04-17T06:20:33.332229" level="INFO">False</msg>
<arg>${json_data['results'][0]}</arg>
<arg>${key}</arg>
<doc>Fails if ``key`` is not found from ``dictionary``.</doc>
<status status="PASS" start="2024-04-17T06:20:33.331838" elapsed="0.000429"/>
</kw>
<kw name="Log" owner="BuiltIn">
<msg time="2024-04-17T06:20:33.332952" level="INFO">{'gender': 'female', 'name': {'title': 'Miss', 'first': 'Rosario', 'last': 'Gil'}, 'location': {'street': {'number': 1236, 'name': 'Avenida de América'}, 'city': 'Fuenlabrada', 'state': 'Canarias', 'country': 'Spain', 'postcode': 99452, 'coordinates': {'latitude': '-32.3622', 'longitude': '43.8200'}, 'timezone': {'offset': '+5:00', 'description': 'Ekaterinburg, Islamabad, Karachi, Tashkent'}}, 'email': 'rosario.gil@example.com', 'login': {'uuid': 'd52b1043-f6cd-46b4-a929-f9a02b2d1c0d', 'username': 'organiczebra661', 'password': 'brest', 'salt': 'zV1ARq5J', 'md5': 'e0b502bcbe5576cdee6a5246ad3b6541', 'sha1': '00569fd865f1324d88eab81b1cd1867a1c90e8f0', 'sha256': 'd1594456055c2f957aabd994950ba7885239649307ad96a5ba208f8055023ffb'}, 'dob': {'date': '1980-03-23T03:36:38.572Z', 'age': 44}, 'registered': {'date': '2002-06-26T18:36:54.763Z', 'age': 21}, 'phone': '971-807-086', 'cell': '682-028-659', 'id': {'name': 'DNI', 'value': '75138576-C'}, 'picture': {'large': 'https://randomuser.me/api/portraits/women/15.jpg', 'medium': 'https://randomuser.me/api/portraits/med/women/15.jpg', 'thumbnail': 'https://randomuser.me/api/portraits/thumb/women/15.jpg'}, 'nat': 'ES'}</msg>
<arg>${json_data['results'][0]}</arg>
<doc>Logs the given message with the given level.</doc>
<status status="PASS" start="2024-04-17T06:20:33.332576" elapsed="0.000427"/>
</kw>
<kw name="Log" owner="BuiltIn">
<msg time="2024-04-17T06:20:33.333441" level="INFO">email</msg>
<arg>${key}</arg>
<doc>Logs the given message with the given level.</doc>
<status status="PASS" start="2024-04-17T06:20:33.333312" elapsed="0.000167"/>
</kw>
<var name="${key}">email</var>
<status status="PASS" start="2024-04-17T06:20:33.331725" elapsed="0.001970"/>
</iter>
<iter>
<kw name="Dictionary Should Contain Key" owner="Collections">
<msg time="2024-04-17T06:20:33.334420" level="INFO">False</msg>
<arg>${json_data['results'][0]}</arg>
<arg>${key}</arg>
<doc>Fails if ``key`` is not found from ``dictionary``.</doc>
<status status="PASS" start="2024-04-17T06:20:33.334035" elapsed="0.000422"/>
</kw>
<kw name="Log" owner="BuiltIn">
<msg time="2024-04-17T06:20:33.335119" level="INFO">{'gender': 'female', 'name': {'title': 'Miss', 'first': 'Rosario', 'last': 'Gil'}, 'location': {'street': {'number': 1236, 'name': 'Avenida de América'}, 'city': 'Fuenlabrada', 'state': 'Canarias', 'country': 'Spain', 'postcode': 99452, 'coordinates': {'latitude': '-32.3622', 'longitude': '43.8200'}, 'timezone': {'offset': '+5:00', 'description': 'Ekaterinburg, Islamabad, Karachi, Tashkent'}}, 'email': 'rosario.gil@example.com', 'login': {'uuid': 'd52b1043-f6cd-46b4-a929-f9a02b2d1c0d', 'username': 'organiczebra661', 'password': 'brest', 'salt': 'zV1ARq5J', 'md5': 'e0b502bcbe5576cdee6a5246ad3b6541', 'sha1': '00569fd865f1324d88eab81b1cd1867a1c90e8f0', 'sha256': 'd1594456055c2f957aabd994950ba7885239649307ad96a5ba208f8055023ffb'}, 'dob': {'date': '1980-03-23T03:36:38.572Z', 'age': 44}, 'registered': {'date': '2002-06-26T18:36:54.763Z', 'age': 21}, 'phone': '971-807-086', 'cell': '682-028-659', 'id': {'name': 'DNI', 'value': '75138576-C'}, 'picture': {'large': 'https://randomuser.me/api/portraits/women/15.jpg', 'medium': 'https://randomuser.me/api/portraits/med/women/15.jpg', 'thumbnail': 'https://randomuser.me/api/portraits/thumb/women/15.jpg'}, 'nat': 'ES'}</msg>
<arg>${json_data['results'][0]}</arg>
<doc>Logs the given message with the given level.</doc>
<status status="PASS" start="2024-04-17T06:20:33.334757" elapsed="0.000411"/>
</kw>
<kw name="Log" owner="BuiltIn">
<msg time="2024-04-17T06:20:33.335589" level="INFO">login</msg>
<arg>${key}</arg>
<doc>Logs the given message with the given level.</doc>
<status status="PASS" start="2024-04-17T06:20:33.335463" elapsed="0.000164"/>
</kw>
<var name="${key}">login</var>
<status status="PASS" start="2024-04-17T06:20:33.333914" elapsed="0.001955"/>
</iter>
<var>${key}</var>
<value>@{expected_keys}</value>
<status status="PASS" start="2024-04-17T06:20:33.324620" elapsed="0.011376"/>
</for>
<kw name="Create List" owner="BuiltIn">
<msg time="2024-04-17T06:20:33.336335" level="INFO">${expected_keysTwo} = ['username', 'password']</msg>
<var>${expected_keysTwo}</var>
<arg>username</arg>
<arg>password</arg>
<doc>Returns a list containing given items.</doc>
<status status="PASS" start="2024-04-17T06:20:33.336196" elapsed="0.000163"/>
</kw>
<for flavor="IN">
<iter>
<kw name="Dictionary Should Contain Key" owner="Collections">
<msg time="2024-04-17T06:20:33.337236" level="INFO">False</msg>
<arg>${json_data['results'][0]['login']}</arg>
<arg>${keyTwo}</arg>
<doc>Fails if ``key`` is not found from ``dictionary``.</doc>
<status status="PASS" start="2024-04-17T06:20:33.336861" elapsed="0.000412"/>
</kw>
<kw name="Dictionary Should Contain Key" owner="Collections">
<msg time="2024-04-17T06:20:33.337993" level="INFO">False</msg>
<arg>${json_data['results'][0]['login']}</arg>
<arg>${keyTwo}</arg>
<doc>Fails if ``key`` is not found from ``dictionary``.</doc>
<status status="PASS" start="2024-04-17T06:20:33.337569" elapsed="0.000462"/>
</kw>
<kw name="Log" owner="BuiltIn">
<msg time="2024-04-17T06:20:33.338452" level="INFO">username</msg>
<arg>${keyTwo}</arg>
<doc>Logs the given message with the given level.</doc>
<status status="PASS" start="2024-04-17T06:20:33.338325" elapsed="0.000164"/>
</kw>
<var name="${keyTwo}">username</var>
<status status="PASS" start="2024-04-17T06:20:33.336753" elapsed="0.001950"/>
</iter>
<iter>
<kw name="Dictionary Should Contain Key" owner="Collections">
<msg time="2024-04-17T06:20:33.339365" level="INFO">False</msg>
<arg>${json_data['results'][0]['login']}</arg>
<arg>${keyTwo}</arg>
<doc>Fails if ``key`` is not found from ``dictionary``.</doc>
<status status="PASS" start="2024-04-17T06:20:33.338982" elapsed="0.000420"/>
</kw>
<kw name="Dictionary Should Contain Key" owner="Collections">
<msg time="2024-04-17T06:20:33.340168" level="INFO">False</msg>
<arg>${json_data['results'][0]['login']}</arg>
<arg>${keyTwo}</arg>
<doc>Fails if ``key`` is not found from ``dictionary``.</doc>
<status status="PASS" start="2024-04-17T06:20:33.339698" elapsed="0.000510"/>
</kw>
<kw name="Log" owner="BuiltIn">
<msg time="2024-04-17T06:20:33.340634" level="INFO">password</msg>
<arg>${keyTwo}</arg>
<doc>Logs the given message with the given level.</doc>
<status status="PASS" start="2024-04-17T06:20:33.340506" elapsed="0.000166"/>
</kw>
<var name="${keyTwo}">password</var>
<status status="PASS" start="2024-04-17T06:20:33.338872" elapsed="0.002018"/>
</iter>
<var>${keyTwo}</var>
<value>@{expected_keysTwo}</value>
<status status="PASS" start="2024-04-17T06:20:33.336598" elapsed="0.004416"/>
</for>
<status status="PASS" start="2024-04-17T06:20:33.212386" elapsed="0.128773"/>
</kw>
<doc>Testa a estrutura da resposta da API.</doc>
<tag>testeEstruturaResposta</tag>
<status status="PASS" start="2024-04-17T06:20:33.211882" elapsed="0.129444"/>
</test>
<test id="s1-s1-t4" name="Validar tipos de dados" line="28">
<kw name="Teste de Tipos de Dados" owner="random-user-service">
<kw name="GET On Session" owner="RequestsLibrary">
<msg time="2024-04-17T06:20:33.460946" level="INFO">GET Request : url=https://randomuser.me/api 
 path_url=/api 
 headers={'User-Agent': 'python-requests/2.31.0', 'Accept-Encoding': 'gzip, deflate', 'Accept': '*/*', 'Connection': 'keep-alive'} 
 body=None 
 </msg>
<msg time="2024-04-17T06:20:33.461044" level="INFO">GET Response : url=https://randomuser.me/api 
 status=200, reason=OK 
 headers={'Date': 'Wed, 17 Apr 2024 06:20:33 GMT', 'Content-Type': 'application/json; charset=utf-8', 'Transfer-Encoding': 'chunked', 'Connection': 'keep-alive', 'X-Powered-By': 'Express', 'Access-Control-Allow-Origin': '*', 'Cache-Control': 'no-cache', 'ETag': 'W/"480-HVx20s3PwuKcTCEma9g7tTbVxk8"', 'Vary': 'Accept-Encoding', 'Content-Encoding': 'gzip', 'CF-Cache-Status': 'DYNAMIC', 'Report-To': '{"endpoints":[{"url":"https:\\/\\/a.nel.cloudflare.com\\/report\\/v4?s=ECPVOIpbmL%2F6QEm9sQ0ZMOqwJirUFiXNHbcsAD%2Fk9OE%2FE%2BRTrdvH%2Fv4CT%2BQmjLleeEOUYEVHtYJfGKWWsKCvXcV8ZG6Y3%2FH31NBMXQhZ4Owxn0sWW2I03eMf7dZ98NJB"}],"group":"cf-nel","max_age":604800}', 'NEL': '{"success_fraction":0,"report_to":"cf-nel","max_age":604800}', 'Server': 'cloudflare', 'CF-RAY': '875a4f54689769c7-LAX', 'alt-svc': 'h3=":443"; ma=86400'} 
 body={"results":[{"gender":"male","name":{"title":"Mr","first":"Nicolay","last":"Rasch"},"location":{"street":{"number":7907,"name":"Stockfleths gate"},"city":"Våk","state":"Bergen","country":"Norway","postcode":"7819","coordinates":{"latitude":"39.4091","longitude":"-83.0449"},"timezone":{"offset":"-6:00","description":"Central Time (US &amp; Canada), Mexico City"}},"email":"nicolay.rasch@example.com","login":{"uuid":"ba3cdf17-5c83-4448-9bb5-552c89e64ffd","username":"redfrog431","password":"picks","salt":"vYFpsrHJ","md5":"081f34ebe8eb3aa0e618dd3468628842","sha1":"ed67a9138fdbf1052af9cbfe88c0e01bacdf7bb2","sha256":"dd01e99b4992c1921f3e3ef4ac2ddfc03464e4788f0e3d7cb260587c3b1df8d9"},"dob":{"date":"1965-05-30T09:21:22.206Z","age":58},"registered":{"date":"2004-10-19T15:56:00.567Z","age":19},"phone":"65942998","cell":"40706912","id":{"name":"FN","value":"30056510342"},"picture":{"large":"https://randomuser.me/api/portraits/men/78.jpg","medium":"https://randomuser.me/api/portraits/med/men/78.jpg","thumbnail":"https://randomuser.me/api/portraits/thumb/men/78.jpg"},"nat":"NO"}],"info":{"seed":"fe5eb0c7fbbdb06c","results":1,"page":1,"version":"1.4"}} 
 </msg>
<msg time="2024-04-17T06:20:33.461117" level="INFO">/opt/hostedtoolcache/Python/3.12.2/x64/lib/python3.12/site-packages/urllib3/connectionpool.py:1103: InsecureRequestWarning: Unverified HTTPS request is being made to host 'randomuser.me'. Adding certificate verification is strongly advised. See: https://urllib3.readthedocs.io/en/latest/advanced-usage.html#tls-warnings
  warnings.warn(</msg>
<msg time="2024-04-17T06:20:33.461239" level="INFO">${response} = &lt;Response [200]&gt;</msg>
<var>${response}</var>
<arg>consultarAPI</arg>
<arg>/api</arg>
<doc>Sends a GET request on a previously created HTTP Session.</doc>
<status status="PASS" start="2024-04-17T06:20:33.343875" elapsed="0.117395"/>
</kw>
<kw name="Set Variable" owner="BuiltIn">
<msg time="2024-04-17T06:20:33.462391" level="INFO">${json_data} = {'results': [{'gender': 'male', 'name': {'title': 'Mr', 'first': 'Nicolay', 'last': 'Rasch'}, 'location': {'street': {'number': 7907, 'name': 'Stockfleths gate'}, 'city': 'Våk', 'state': 'Bergen', 'co...</msg>
<var>${json_data}</var>
<arg>${response.json()}</arg>
<doc>Returns the given values which can then be assigned to a variables.</doc>
<status status="PASS" start="2024-04-17T06:20:33.461862" elapsed="0.000559"/>
</kw>
<kw name="Log" owner="BuiltIn">
<msg time="2024-04-17T06:20:33.462906" level="INFO">{'results': [{'gender': 'male', 'name': {'title': 'Mr', 'first': 'Nicolay', 'last': 'Rasch'}, 'location': {'street': {'number': 7907, 'name': 'Stockfleths gate'}, 'city': 'Våk', 'state': 'Bergen', 'country': 'Norway', 'postcode': '7819', 'coordinates': {'latitude': '39.4091', 'longitude': '-83.0449'}, 'timezone': {'offset': '-6:00', 'description': 'Central Time (US &amp; Canada), Mexico City'}}, 'email': 'nicolay.rasch@example.com', 'login': {'uuid': 'ba3cdf17-5c83-4448-9bb5-552c89e64ffd', 'username': 'redfrog431', 'password': 'picks', 'salt': 'vYFpsrHJ', 'md5': '081f34ebe8eb3aa0e618dd3468628842', 'sha1': 'ed67a9138fdbf1052af9cbfe88c0e01bacdf7bb2', 'sha256': 'dd01e99b4992c1921f3e3ef4ac2ddfc03464e4788f0e3d7cb260587c3b1df8d9'}, 'dob': {'date': '1965-05-30T09:21:22.206Z', 'age': 58}, 'registered': {'date': '2004-10-19T15:56:00.567Z', 'age': 19}, 'phone': '65942998', 'cell': '40706912', 'id': {'name': 'FN', 'value': '30056510342'}, 'picture': {'large': 'https://randomuser.me/api/portraits/men/78.jpg', 'medium': 'https://randomuser.me/api/portraits/med/men/78.jpg', 'thumbnail': 'https://randomuser.me/api/portraits/thumb/men/78.jpg'}, 'nat': 'NO'}], 'info': {'seed': 'fe5eb0c7fbbdb06c', 'results': 1, 'page': 1, 'version': '1.4'}}</msg>
<arg>${json_data}</arg>
<doc>Logs the given message with the given level.</doc>
<status status="PASS" start="2024-04-17T06:20:33.462725" elapsed="0.000268"/>
</kw>
<kw name="Should Be String" owner="String">
<arg>${json_data['results'][0]['gender']}</arg>
<doc>Fails if the given ``item`` is not a string.</doc>
<status status="PASS" start="2024-04-17T06:20:33.463301" elapsed="0.000364"/>
</kw>
<kw name="Should Match Regexp" owner="BuiltIn">
<arg>${json_data['results'][0]['email']}</arg>
<arg>^[a-zA-Z0-9._%+-]+@[a-zA-Z0-9.-]+\.[a-zA-Z]{2,}$</arg>
<doc>Fails if ``string`` does not match ``pattern`` as a regular expression.</doc>
<status status="PASS" start="2024-04-17T06:20:33.463858" elapsed="0.000508"/>
</kw>
<kw name="Should Match Regexp" owner="BuiltIn">
<arg>${json_data['results'][0]['dob']['date']}</arg>
<arg>\\d{4}-\\d{2}-\\d{2}T\\d{2}:\\d{2}:\\d{2}\\.\\d{3}Z</arg>
<doc>Fails if ``string`` does not match ``pattern`` as a regular expression.</doc>
<status status="PASS" start="2024-04-17T06:20:33.464562" elapsed="0.000469"/>
</kw>
<kw name="Should Match Regexp" owner="BuiltIn">
<arg>${json_data['results'][0]['registered']['date']}</arg>
<arg>\\d{4}-\\d{2}-\\d{2}T\\d{2}:\\d{2}:\\d{2}\\.\\d{3}Z</arg>
<doc>Fails if ``string`` does not match ``pattern`` as a regular expression.</doc>
<status status="PASS" start="2024-04-17T06:20:33.465218" elapsed="0.000358"/>
</kw>
<kw name="Should Match Regexp" owner="BuiltIn">
<arg>${json_data['results'][0]['picture']['large']}</arg>
<arg>^https?://.*\.(?:png|jpe?g|gif|bmp)$</arg>
<doc>Fails if ``string`` does not match ``pattern`` as a regular expression.</doc>
<status status="PASS" start="2024-04-17T06:20:33.465759" elapsed="0.000481"/>
</kw>
<kw name="Should Match Regexp" owner="BuiltIn">
<arg>${json_data['results'][0]['picture']['medium']}</arg>
<arg>^https?://.*\.(?:png|jpe?g|gif|bmp)$</arg>
<doc>Fails if ``string`` does not match ``pattern`` as a regular expression.</doc>
<status status="PASS" start="2024-04-17T06:20:33.466429" elapsed="0.000358"/>
</kw>
<kw name="Should Match Regexp" owner="BuiltIn">
<arg>${json_data['results'][0]['picture']['thumbnail']}</arg>
<arg>^https?://.*\.(?:png|jpe?g|gif|bmp)$</arg>
<doc>Fails if ``string`` does not match ``pattern`` as a regular expression.</doc>
<status status="PASS" start="2024-04-17T06:20:33.466975" elapsed="0.000381"/>
</kw>
<kw name="Log" owner="BuiltIn">
<msg time="2024-04-17T06:20:33.467870" level="INFO">{'large': 'https://randomuser.me/api/portraits/men/78.jpg', 'medium': 'https://randomuser.me/api/portraits/med/men/78.jpg', 'thumbnail': 'https://randomuser.me/api/portraits/thumb/men/78.jpg'}</msg>
<arg>${json_data['results'][0]['picture']}</arg>
<doc>Logs the given message with the given level.</doc>
<status status="PASS" start="2024-04-17T06:20:33.467538" elapsed="0.000373"/>
</kw>
<status status="PASS" start="2024-04-17T06:20:33.343646" elapsed="0.124533"/>
</kw>
<kw name="Teste de Tipos de Dados - Postcode" owner="random-user-service">
<kw name="GET On Session" owner="RequestsLibrary">
<msg time="2024-04-17T06:20:33.588096" level="INFO">GET Request : url=https://randomuser.me/api 
 path_url=/api 
 headers={'User-Agent': 'python-requests/2.31.0', 'Accept-Encoding': 'gzip, deflate', 'Accept': '*/*', 'Connection': 'keep-alive'} 
 body=None 
 </msg>
<msg time="2024-04-17T06:20:33.588199" level="INFO">GET Response : url=https://randomuser.me/api 
 status=200, reason=OK 
 headers={'Date': 'Wed, 17 Apr 2024 06:20:33 GMT', 'Content-Type': 'application/json; charset=utf-8', 'Transfer-Encoding': 'chunked', 'Connection': 'keep-alive', 'X-Powered-By': 'Express', 'Access-Control-Allow-Origin': '*', 'Cache-Control': 'no-cache', 'ETag': 'W/"48d-iCuDFiMF5+vrGeUP0Uon995mAAE"', 'Vary': 'Accept-Encoding', 'Content-Encoding': 'gzip', 'CF-Cache-Status': 'DYNAMIC', 'Report-To': '{"endpoints":[{"url":"https:\\/\\/a.nel.cloudflare.com\\/report\\/v4?s=yEGT6rOgnKk14VyFw6VXJyyfRm%2BMuBK%2FkfyFF5VMzNOKbYMgemVJaQc%2F4FQpsE5DHrTIlzy%2F4Hl%2B1rEm34Pv1Dz4g%2F7wPAnq7ur%2F3bTQhTitm%2FeUXWWl4UqgnX944MYc"}],"group":"cf-nel","max_age":604800}', 'NEL': '{"success_fraction":0,"report_to":"cf-nel","max_age":604800}', 'Server': 'cloudflare', 'CF-RAY': '875a4f55393d69c7-LAX', 'alt-svc': 'h3=":443"; ma=86400'} 
 body={"results":[{"gender":"female","name":{"title":"Ms","first":"Josefa","last":"Santana"},"location":{"street":{"number":1805,"name":"Calle de Pedro Bosch"},"city":"Lugo","state":"La Rioja","country":"Spain","postcode":54103,"coordinates":{"latitude":"-35.1213","longitude":"129.6755"},"timezone":{"offset":"-8:00","description":"Pacific Time (US &amp; Canada)"}},"email":"josefa.santana@example.com","login":{"uuid":"7dd2297c-78d7-4843-b1b0-46118f155663","username":"angryfish469","password":"puppydog","salt":"H2DIsnoe","md5":"cc0ad975e376ca75b70421a15d3ade7f","sha1":"11b22c96ff428d434a61b0a39dc38c86314a661e","sha256":"18a5ad9e5eb052d06c9975be6421e193a1daf7c5573abd4c842b815074a9d4c5"},"dob":{"date":"1948-05-08T09:14:15.180Z","age":75},"registered":{"date":"2004-04-26T20:00:15.087Z","age":19},"phone":"991-334-414","cell":"621-438-988","id":{"name":"DNI","value":"11542934-R"},"picture":{"large":"https://randomuser.me/api/portraits/women/53.jpg","medium":"https://randomuser.me/api/portraits/med/women/53.jpg","thumbnail":"https://randomuser.me/api/portraits/thumb/women/53.jpg"},"nat":"ES"}],"info":{"seed":"799c0146f430e218","results":1,"page":1,"version":"1.4"}} 
 </msg>
<msg time="2024-04-17T06:20:33.588269" level="INFO">/opt/hostedtoolcache/Python/3.12.2/x64/lib/python3.12/site-packages/urllib3/connectionpool.py:1103: InsecureRequestWarning: Unverified HTTPS request is being made to host 'randomuser.me'. Adding certificate verification is strongly advised. See: https://urllib3.readthedocs.io/en/latest/advanced-usage.html#tls-warnings
  warnings.warn(</msg>
<msg time="2024-04-17T06:20:33.588385" level="INFO">${response} = &lt;Response [200]&gt;</msg>
<var>${response}</var>
<arg>consultarAPI</arg>
<arg>/api</arg>
<doc>Sends a GET request on a previously created HTTP Session.</doc>
<status status="PASS" start="2024-04-17T06:20:33.468644" elapsed="0.119766"/>
</kw>
<kw name="Set Variable" owner="BuiltIn">
<msg time="2024-04-17T06:20:33.589446" level="INFO">${json_data} = {'results': [{'gender': 'female', 'name': {'title': 'Ms', 'first': 'Josefa', 'last': 'Santana'}, 'location': {'street': {'number': 1805, 'name': 'Calle de Pedro Bosch'}, 'city': 'Lugo', 'state': 'La R...</msg>
<var>${json_data}</var>
<arg>${response.json()}</arg>
<doc>Returns the given values which can then be assigned to a variables.</doc>
<status status="PASS" start="2024-04-17T06:20:33.588944" elapsed="0.000530"/>
</kw>
<kw name="Log" owner="BuiltIn">
<msg time="2024-04-17T06:20:33.590000" level="INFO">{'results': [{'gender': 'female', 'name': {'title': 'Ms', 'first': 'Josefa', 'last': 'Santana'}, 'location': {'street': {'number': 1805, 'name': 'Calle de Pedro Bosch'}, 'city': 'Lugo', 'state': 'La Rioja', 'country': 'Spain', 'postcode': 54103, 'coordinates': {'latitude': '-35.1213', 'longitude': '129.6755'}, 'timezone': {'offset': '-8:00', 'description': 'Pacific Time (US &amp; Canada)'}}, 'email': 'josefa.santana@example.com', 'login': {'uuid': '7dd2297c-78d7-4843-b1b0-46118f155663', 'username': 'angryfish469', 'password': 'puppydog', 'salt': 'H2DIsnoe', 'md5': 'cc0ad975e376ca75b70421a15d3ade7f', 'sha1': '11b22c96ff428d434a61b0a39dc38c86314a661e', 'sha256': '18a5ad9e5eb052d06c9975be6421e193a1daf7c5573abd4c842b815074a9d4c5'}, 'dob': {'date': '1948-05-08T09:14:15.180Z', 'age': 75}, 'registered': {'date': '2004-04-26T20:00:15.087Z', 'age': 19}, 'phone': '991-334-414', 'cell': '621-438-988', 'id': {'name': 'DNI', 'value': '11542934-R'}, 'picture': {'large': 'https://randomuser.me/api/portraits/women/53.jpg', 'medium': 'https://randomuser.me/api/portraits/med/women/53.jpg', 'thumbnail': 'https://randomuser.me/api/portraits/thumb/women/53.jpg'}, 'nat': 'ES'}], 'info': {'seed': '799c0146f430e218', 'results': 1, 'page': 1, 'version': '1.4'}}</msg>
<arg>${json_data}</arg>
<doc>Logs the given message with the given level.</doc>
<status status="PASS" start="2024-04-17T06:20:33.589783" elapsed="0.000299"/>
</kw>
<kw name="Should Be Equal As Numbers" owner="BuiltIn">
<arg>${json_data['results'][0]['location']['postcode']}</arg>
<arg>${json_data['results'][0]['location']['postcode']}</arg>
<doc>Fails if objects are unequal after converting them to real numbers.</doc>
<status status="PASS" start="2024-04-17T06:20:33.590384" elapsed="0.000804"/>
</kw>
<kw name="Log" owner="BuiltIn">
<msg time="2024-04-17T06:20:33.591717" level="INFO">54103</msg>
<arg>${json_data['results'][0]['location']['postcode']}</arg>
<doc>Logs the given message with the given level.</doc>
<status status="PASS" start="2024-04-17T06:20:33.591383" elapsed="0.000375"/>
</kw>
<status status="PASS" start="2024-04-17T06:20:33.468407" elapsed="0.123619"/>
</kw>
<doc>Testa se os tipos de dados na resposta da API estão corretos.</doc>
<tag>testeTiposDados</tag>
<status status="PASS" start="2024-04-17T06:20:33.343164" elapsed="0.249033"/>
</test>
<test id="s1-s1-t5" name="Validar conteudo" line="35">
<kw name="Teste de Tipos de Conteudo" owner="random-user-service">
<kw name="GET On Session" owner="RequestsLibrary">
<msg time="2024-04-17T06:20:33.705575" level="INFO">GET Request : url=https://randomuser.me/api 
 path_url=/api 
 headers={'User-Agent': 'python-requests/2.31.0', 'Accept-Encoding': 'gzip, deflate', 'Accept': '*/*', 'Connection': 'keep-alive'} 
 body=None 
 </msg>
<msg time="2024-04-17T06:20:33.705689" level="INFO">GET Response : url=https://randomuser.me/api 
 status=200, reason=OK 
 headers={'Date': 'Wed, 17 Apr 2024 06:20:33 GMT', 'Content-Type': 'application/json; charset=utf-8', 'Transfer-Encoding': 'chunked', 'Connection': 'keep-alive', 'X-Powered-By': 'Express', 'Access-Control-Allow-Origin': '*', 'Cache-Control': 'no-cache', 'ETag': 'W/"494-s0CL9lDZMmjNcpbBJ3V0f9algOA"', 'Vary': 'Accept-Encoding', 'Content-Encoding': 'gzip', 'CF-Cache-Status': 'DYNAMIC', 'Report-To': '{"endpoints":[{"url":"https:\\/\\/a.nel.cloudflare.com\\/report\\/v4?s=8iCi3IIQt0fSYR8yqD0fdnZd3d8k2bmo6zjAULtZWNpcWeY8lSsNgMBqeKOqWqQXTsMisNYzEpAxpEqFZzJxo7ebqndhNDKbOxX4BsaAR%2BBd7A8s%2FakbDwuEL8y8f880"}],"group":"cf-nel","max_age":604800}', 'NEL': '{"success_fraction":0,"report_to":"cf-nel","max_age":604800}', 'Server': 'cloudflare', 'CF-RAY': '875a4f55f9f269c7-LAX', 'alt-svc': 'h3=":443"; ma=86400'} 
 body={"results":[{"gender":"female","name":{"title":"Ms","first":"Catherine","last":"Shelton"},"location":{"street":{"number":633,"name":"First Street"},"city":"Albury","state":"South Australia","country":"Australia","postcode":5539,"coordinates":{"latitude":"-89.0198","longitude":"76.8330"},"timezone":{"offset":"+7:00","description":"Bangkok, Hanoi, Jakarta"}},"email":"catherine.shelton@example.com","login":{"uuid":"2ded1408-d8dc-45da-be2d-5e414a0249ed","username":"ticklishfrog934","password":"beatle","salt":"GZWu2Pl6","md5":"593ac4451aadf001e9d7ffb41377a02a","sha1":"320046684106d015eb2ef0a1ba540e83def66740","sha256":"3936a2f656a34b886220b8db7fabe563fe186363ff1b6971bb4cdd141a239bc0"},"dob":{"date":"1960-10-12T15:24:05.224Z","age":63},"registered":{"date":"2004-01-12T15:01:53.505Z","age":20},"phone":"06-0126-8853","cell":"0476-429-008","id":{"name":"TFN","value":"712044406"},"picture":{"large":"https://randomuser.me/api/portraits/women/29.jpg","medium":"https://randomuser.me/api/portraits/med/women/29.jpg","thumbnail":"https://randomuser.me/api/portraits/thumb/women/29.jpg"},"nat":"AU"}],"info":{"seed":"86756f99685e8c74","results":1,"page":1,"version":"1.4"}} 
 </msg>
<msg time="2024-04-17T06:20:33.705771" level="INFO">/opt/hostedtoolcache/Python/3.12.2/x64/lib/python3.12/site-packages/urllib3/connectionpool.py:1103: InsecureRequestWarning: Unverified HTTPS request is being made to host 'randomuser.me'. Adding certificate verification is strongly advised. See: https://urllib3.readthedocs.io/en/latest/advanced-usage.html#tls-warnings
  warnings.warn(</msg>
<msg time="2024-04-17T06:20:33.705964" level="INFO">${response} = &lt;Response [200]&gt;</msg>
<var>${response}</var>
<arg>consultarAPI</arg>
<arg>/api</arg>
<doc>Sends a GET request on a previously created HTTP Session.</doc>
<status status="PASS" start="2024-04-17T06:20:33.594678" elapsed="0.111334"/>
</kw>
<kw name="Set Variable" owner="BuiltIn">
<msg time="2024-04-17T06:20:33.707181" level="INFO">${json_data} = {'results': [{'gender': 'female', 'name': {'title': 'Ms', 'first': 'Catherine', 'last': 'Shelton'}, 'location': {'street': {'number': 633, 'name': 'First Street'}, 'city': 'Albury', 'state': 'South Au...</msg>
<var>${json_data}</var>
<arg>${response.json()}</arg>
<doc>Returns the given values which can then be assigned to a variables.</doc>
<status status="PASS" start="2024-04-17T06:20:33.706643" elapsed="0.000567"/>
</kw>
<kw name="Set Variable" owner="BuiltIn">
<msg time="2024-04-17T06:20:33.707960" level="INFO">${name_title} = Ms</msg>
<var>${name_title}</var>
<arg>${json_data["results"][0]["name"]["title"]}</arg>
<doc>Returns the given values which can then be assigned to a variables.</doc>
<status status="PASS" start="2024-04-17T06:20:33.707553" elapsed="0.000433"/>
</kw>
<kw name="Create List" owner="BuiltIn">
<msg time="2024-04-17T06:20:33.708450" level="INFO">${allowed_titles} = ['Mr', 'Ms', 'Miss', 'Mrs', 'Madame', 'Monsieur']</msg>
<var>${allowed_titles}</var>
<arg>Mr</arg>
<arg>Ms</arg>
<arg>Miss</arg>
<arg>Mrs</arg>
<arg>Madame</arg>
<arg>Monsieur</arg>
<doc>Returns a list containing given items.</doc>
<status status="PASS" start="2024-04-17T06:20:33.708299" elapsed="0.000175"/>
</kw>
<kw name="List Should Contain Value" owner="Collections">
<msg time="2024-04-17T06:20:33.708960" level="INFO">False</msg>
<arg>${allowed_titles}</arg>
<arg>${name_title}</arg>
<doc>Fails if the ``value`` is not found from ``list``.</doc>
<status status="PASS" start="2024-04-17T06:20:33.708781" elapsed="0.000217"/>
</kw>
<kw name="Set Variable" owner="BuiltIn">
<msg time="2024-04-17T06:20:33.709683" level="INFO">${name_country} = AU</msg>
<var>${name_country}</var>
<arg>${json_data["results"][0]["nat"]}</arg>
<doc>Returns the given values which can then be assigned to a variables.</doc>
<status status="PASS" start="2024-04-17T06:20:33.709297" elapsed="0.000412"/>
</kw>
<kw name="Create List" owner="BuiltIn">
<msg time="2024-04-17T06:20:33.710659" level="INFO">${list_country} = ['AD', 'AE', 'AF', 'AG', 'AI', 'AL', 'AM', 'AO', 'AQ', 'AR', 'AS', 'AT', 'AU', 'AW', 'AX', 'AZ', 'BA', 'BB', 'BD', 'BE', 'BF', 'BG', 'BH', 'BI', 'BJ', 'BL', 'BM', 'BN', 'BO', 'BQ', 'BR', 'BS', 'BT', '...</msg>
<var>${list_country}</var>
<arg>AD</arg>
<arg>AE</arg>
<arg>AF</arg>
<arg>AG</arg>
<arg>AI</arg>
<arg>AL</arg>
<arg>AM</arg>
<arg>AO</arg>
<arg>AQ</arg>
<arg>AR</arg>
<arg>AS</arg>
<arg>AT</arg>
<arg>AU</arg>
<arg>AW</arg>
<arg>AX</arg>
<arg>AZ</arg>
<arg>BA</arg>
<arg>BB</arg>
<arg>BD</arg>
<arg>BE</arg>
<arg>BF</arg>
<arg>BG</arg>
<arg>BH</arg>
<arg>BI</arg>
<arg>BJ</arg>
<arg>BL</arg>
<arg>BM</arg>
<arg>BN</arg>
<arg>BO</arg>
<arg>BQ</arg>
<arg>BR</arg>
<arg>BS</arg>
<arg>BT</arg>
<arg>BV</arg>
<arg>BW</arg>
<arg>BY</arg>
<arg>BZ</arg>
<arg>CA</arg>
<arg>CC</arg>
<arg>CD</arg>
<arg>CF</arg>
<arg>CG</arg>
<arg>CH</arg>
<arg>CI</arg>
<arg>CK</arg>
<arg>CL</arg>
<arg>CM</arg>
<arg>CN</arg>
<arg>CO</arg>
<arg>CR</arg>
<arg>CU</arg>
<arg>CV</arg>
<arg>CW</arg>
<arg>CX</arg>
<arg>CY</arg>
<arg>CZ</arg>
<arg>DE</arg>
<arg>DJ</arg>
<arg>DK</arg>
<arg>DM</arg>
<arg>DO</arg>
<arg>DZ</arg>
<arg>EC</arg>
<arg>EE</arg>
<arg>EG</arg>
<arg>EH</arg>
<arg>ER</arg>
<arg>ES</arg>
<arg>ET</arg>
<arg>FI</arg>
<arg>FJ</arg>
<arg>FK</arg>
<arg>FM</arg>
<arg>FO</arg>
<arg>FR</arg>
<arg>GA</arg>
<arg>GB</arg>
<arg>GD</arg>
<arg>GE</arg>
<arg>GF</arg>
<arg>GG</arg>
<arg>GH</arg>
<arg>GI</arg>
<arg>GL</arg>
<arg>GM</arg>
<arg>GN</arg>
<arg>GP</arg>
<arg>GQ</arg>
<arg>GR</arg>
<arg>GS</arg>
<arg>GT</arg>
<arg>GU</arg>
<arg>GW</arg>
<arg>GY</arg>
<arg>HK</arg>
<arg>HM</arg>
<arg>HN</arg>
<arg>HR</arg>
<arg>HT</arg>
<arg>HU</arg>
<arg>ID</arg>
<arg>IE</arg>
<arg>IL</arg>
<arg>IM</arg>
<arg>IN</arg>
<arg>IO</arg>
<arg>IQ</arg>
<arg>IR</arg>
<arg>IS</arg>
<arg>IT</arg>
<arg>JE</arg>
<arg>JM</arg>
<arg>JO</arg>
<arg>JP</arg>
<arg>KE</arg>
<arg>KG</arg>
<arg>KH</arg>
<arg>KI</arg>
<arg>KM</arg>
<arg>KN</arg>
<arg>KP</arg>
<arg>KR</arg>
<arg>KW</arg>
<arg>KY</arg>
<arg>KZ</arg>
<arg>LA</arg>
<arg>LB</arg>
<arg>LC</arg>
<arg>LI</arg>
<arg>LK</arg>
<arg>LR</arg>
<arg>LS</arg>
<arg>LT</arg>
<arg>LU</arg>
<arg>LV</arg>
<arg>LY</arg>
<arg>MA</arg>
<arg>MC</arg>
<arg>MD</arg>
<arg>ME</arg>
<arg>MF</arg>
<arg>MG</arg>
<arg>MH</arg>
<arg>MK</arg>
<arg>ML</arg>
<arg>MM</arg>
<arg>MN</arg>
<arg>MO</arg>
<arg>MP</arg>
<arg>MQ</arg>
<arg>MR</arg>
<arg>MS</arg>
<arg>MT</arg>
<arg>MU</arg>
<arg>MV</arg>
<arg>MW</arg>
<arg>MX</arg>
<arg>MY</arg>
<arg>MZ</arg>
<arg>NA</arg>
<arg>NC</arg>
<arg>NE</arg>
<arg>NF</arg>
<arg>NG</arg>
<arg>NI</arg>
<arg>NL</arg>
<arg>NO</arg>
<arg>NP</arg>
<arg>NR</arg>
<arg>NU</arg>
<arg>NZ</arg>
<arg>OM</arg>
<arg>PA</arg>
<arg>PE</arg>
<arg>PF</arg>
<arg>PG</arg>
<arg>PH</arg>
<arg>PK</arg>
<arg>PL</arg>
<arg>PM</arg>
<arg>PN</arg>
<arg>PR</arg>
<arg>PS</arg>
<arg>PT</arg>
<arg>PW</arg>
<arg>PY</arg>
<arg>QA</arg>
<arg>RE</arg>
<arg>RO</arg>
<arg>RS</arg>
<arg>RU</arg>
<arg>RW</arg>
<arg>SA</arg>
<arg>SB</arg>
<arg>SC</arg>
<arg>SD</arg>
<arg>SE</arg>
<arg>SG</arg>
<arg>SH</arg>
<arg>SI</arg>
<arg>SJ</arg>
<arg>SK</arg>
<arg>SL</arg>
<arg>SM</arg>
<arg>SN</arg>
<arg>SO</arg>
<arg>SR</arg>
<arg>SS</arg>
<arg>ST</arg>
<arg>SV</arg>
<arg>SX</arg>
<arg>SY</arg>
<arg>SZ</arg>
<arg>TC</arg>
<arg>TD</arg>
<arg>TF</arg>
<arg>TG</arg>
<arg>TH</arg>
<arg>TJ</arg>
<arg>TK</arg>
<arg>TL</arg>
<arg>TM</arg>
<arg>TN</arg>
<arg>TO</arg>
<arg>TR</arg>
<arg>TT</arg>
<arg>TV</arg>
<arg>TW</arg>
<arg>TZ</arg>
<arg>UA</arg>
<arg>UG</arg>
<arg>UM</arg>
<arg>US</arg>
<arg>UY</arg>
<arg>UZ</arg>
<arg>VA</arg>
<arg>VC</arg>
<arg>VE</arg>
<arg>VG</arg>
<arg>VI</arg>
<arg>VN</arg>
<arg>VU</arg>
<arg>WF</arg>
<arg>WS</arg>
<arg>XK</arg>
<arg>YE</arg>
<arg>YT</arg>
<arg>ZA</arg>
<arg>ZM</arg>
<arg>ZW</arg>
<doc>Returns a list containing given items.</doc>
<status status="PASS" start="2024-04-17T06:20:33.710059" elapsed="0.000625"/>
</kw>
<kw name="List Should Contain Value" owner="Collections">
<msg time="2024-04-17T06:20:33.711674" level="INFO">False</msg>
<arg>${list_country}</arg>
<arg>${name_country}</arg>
<doc>Fails if the ``value`` is not found from ``list``.</doc>
<status status="PASS" start="2024-04-17T06:20:33.711473" elapsed="0.000238"/>
</kw>
<kw name="Run Keyword If" owner="BuiltIn">
<kw name="Should Be True" owner="BuiltIn">
<arg>${True}</arg>
<doc>Fails if the given condition is not true.</doc>
<status status="PASS" start="2024-04-17T06:20:33.712776" elapsed="0.000145"/>
</kw>
<arg>${json_data["results"][0]["location"]["coordinates"]["latitude"]} &gt;= -90 and ${json_data["results"][0]["location"]["coordinates"]["latitude"]} &lt;= 90</arg>
<arg>Should Be True</arg>
<arg>${True}</arg>
<doc>Runs the given keyword with the given arguments, if ``condition`` is true.</doc>
<status status="PASS" start="2024-04-17T06:20:33.712022" elapsed="0.001034"/>
</kw>
<kw name="Run Keyword If" owner="BuiltIn">
<kw name="Should Be True" owner="BuiltIn">
<arg>${True}</arg>
<doc>Fails if the given condition is not true.</doc>
<status status="PASS" start="2024-04-17T06:20:33.713971" elapsed="0.000264"/>
</kw>
<arg>${json_data["results"][0]["location"]["coordinates"]["longitude"]} &gt;= -180 and ${json_data["results"][0]["location"]["coordinates"]["longitude"]} &lt;= 180</arg>
<arg>Should Be True</arg>
<arg>${True}</arg>
<doc>Runs the given keyword with the given arguments, if ``condition`` is true.</doc>
<status status="PASS" start="2024-04-17T06:20:33.713245" elapsed="0.001119"/>
</kw>
<status status="PASS" start="2024-04-17T06:20:33.594449" elapsed="0.120051"/>
</kw>
<doc>Testa o conteúdo específico dos campos retornados pela API.</doc>
<tag>testeConteudo</tag>
<status status="PASS" start="2024-04-17T06:20:33.593966" elapsed="0.120692"/>
</test>
<status status="PASS" start="2024-04-17T06:20:32.739351" elapsed="0.977302"/>
</suite>
<status status="PASS" start="2024-04-17T06:20:32.724983" elapsed="0.997644"/>
</suite>
<statistics>
<total>
<stat pass="5" fail="0" skip="0">All Tests</stat>
</total>
<tag>
<stat pass="1" fail="0" skip="0">testeConteudo</stat>
<stat pass="1" fail="0" skip="0">testeEstruturaResposta</stat>
<stat pass="1" fail="0" skip="0">testeRequisicaoBasica</stat>
<stat pass="1" fail="0" skip="0">testeTiposDados</stat>
</tag>
<suite>
<stat pass="5" fail="0" skip="0" id="s1" name="Tests">Tests</stat>
<stat pass="5" fail="0" skip="0" id="s1-s1" name="Random-User-Test">Tests.Random-User-Test</stat>
</suite>
</statistics>
<errors>
</errors>
</robot>
