<?xml version="1.0" encoding="UTF-8"?>
<robot generator="Robot 7.0.1 (Python 3.12.4 on linux)" generated="2024-07-05T04:19:34.697917" rpa="false" schemaversion="5">
<suite id="s1" name="Tests" source="/home/runner/work/ApiRandomUser/ApiRandomUser/RamdonUser/tests">
<suite id="s1-s1" name="Random-User-Test" source="/home/runner/work/ApiRandomUser/ApiRandomUser/RamdonUser/tests/random-user-test.robot">
<test id="s1-s1-t1" name="Conectar" line="13">
<kw name="Conectar API" owner="random-user-service">
<kw name="Create Session" owner="RequestsLibrary">
<msg time="2024-07-05T04:19:35.094378" level="INFO">Creating Session using : alias=consultarAPI, url=https://randomuser.me/, headers={},                     cookies={}, auth=None, timeout=None, proxies=None, verify=False,                     debug=0 </msg>
<arg>consultarAPI</arg>
<arg>${URL}</arg>
<doc>Create Session: create a HTTP session to a server</doc>
<status status="PASS" start="2024-07-05T04:19:35.094159" elapsed="0.000403"/>
</kw>
<status status="PASS" start="2024-07-05T04:19:35.093071" elapsed="0.001855"/>
</kw>
<status status="PASS" start="2024-07-05T04:19:35.092425" elapsed="0.002697"/>
</test>
<test id="s1-s1-t2" name="Validar retorno 200 e JSON Válido" line="16">
<kw name="Teste de Requisicao Basica" owner="random-user-service">
<kw name="GET On Session" owner="RequestsLibrary">
<msg time="2024-07-05T04:19:35.168329" level="INFO">GET Request : url=https://randomuser.me/api 
 path_url=/api 
 headers={'User-Agent': 'python-requests/2.32.3', 'Accept-Encoding': 'gzip, deflate', 'Accept': '*/*', 'Connection': 'keep-alive'} 
 body=None 
 </msg>
<msg time="2024-07-05T04:19:35.168454" level="INFO">GET Response : url=https://randomuser.me/api 
 status=200, reason=OK 
 headers={'Date': 'Fri, 05 Jul 2024 04:19:35 GMT', 'Content-Type': 'application/json; charset=utf-8', 'Transfer-Encoding': 'chunked', 'Connection': 'keep-alive', 'X-Powered-By': 'Express', 'Access-Control-Allow-Origin': '*', 'Cache-Control': 'no-cache', 'ETag': 'W/"495-0SdxNdg3rIZr+lk0qTmRyguOlQg"', 'Vary': 'Accept-Encoding', 'Content-Encoding': 'gzip', 'CF-Cache-Status': 'DYNAMIC', 'Report-To': '{"endpoints":[{"url":"https:\\/\\/a.nel.cloudflare.com\\/report\\/v4?s=%2FV0KNwlCFOB8pOH9XZ5FL6EbFR3yJmusXXnZPIzn1z6kA37Yigu7PxQiE2Ldkf3yU8XLot4x0H2oFUaiG586q%2BaveFuz2qC6lVkr6rnijp9h2eNdWnRV7DJNvyZfpQyl"}],"group":"cf-nel","max_age":604800}', 'NEL': '{"success_fraction":0,"report_to":"cf-nel","max_age":604800}', 'Server': 'cloudflare', 'CF-RAY': '89e48ec09d7c68ee-IAD', 'alt-svc': 'h3=":443"; ma=86400'} 
 body={"results":[{"gender":"female","name":{"title":"Mrs","first":"Isabelle","last":"Jensen"},"location":{"street":{"number":564,"name":"Church Road"},"city":"Norwich","state":"Durham","country":"United Kingdom","postcode":"OI7B 3YR","coordinates":{"latitude":"-8.7477","longitude":"163.5248"},"timezone":{"offset":"+7:00","description":"Bangkok, Hanoi, Jakarta"}},"email":"isabelle.jensen@example.com","login":{"uuid":"676c0295-a669-47f2-a6e0-d72bb61caf53","username":"angrysnake501","password":"teresa","salt":"AzLD8jiz","md5":"d2d0df217f0c2faddeb2b52d4661ff92","sha1":"bc32646fd872e49e20468ed79b50e66144cdd10a","sha256":"522b3b471e3574cab1c949d4f874cef32399d151f7b789d1499951992fb95e6e"},"dob":{"date":"1955-03-22T16:03:46.875Z","age":69},"registered":{"date":"2016-11-28T15:40:27.835Z","age":7},"phone":"015242 45989","cell":"07399 902423","id":{"name":"NINO","value":"SS 73 90 99 S"},"picture":{"large":"https://randomuser.me/api/portraits/women/69.jpg","medium":"https://randomuser.me/api/portraits/med/women/69.jpg","thumbnail":"https://randomuser.me/api/portraits/thumb/women/69.jpg"},"nat":"GB"}],"info":{"seed":"f618865eeb78af58","results":1,"page":1,"version":"1.4"}} 
 </msg>
<msg time="2024-07-05T04:19:35.168532" level="INFO">/opt/hostedtoolcache/Python/3.12.4/x64/lib/python3.12/site-packages/urllib3/connectionpool.py:1099: InsecureRequestWarning: Unverified HTTPS request is being made to host 'randomuser.me'. Adding certificate verification is strongly advised. See: https://urllib3.readthedocs.io/en/latest/advanced-usage.html#tls-warnings
  warnings.warn(</msg>
<msg time="2024-07-05T04:19:35.168647" level="INFO">${response} = &lt;Response [200]&gt;</msg>
<var>${response}</var>
<arg>consultarAPI</arg>
<arg>/api</arg>
<doc>Sends a GET request on a previously created HTTP Session.</doc>
<status status="PASS" start="2024-07-05T04:19:35.097814" elapsed="0.070871"/>
</kw>
<kw name="Should Be Equal As Numbers" owner="BuiltIn">
<msg time="2024-07-05T04:19:35.169474" level="INFO">Argument types are:
&lt;class 'int'&gt;
&lt;class 'str'&gt;</msg>
<arg>${response.status_code}</arg>
<arg>200</arg>
<doc>Fails if objects are unequal after converting them to real numbers.</doc>
<status status="PASS" start="2024-07-05T04:19:35.169074" elapsed="0.000463"/>
</kw>
<kw name="Log" owner="BuiltIn">
<msg time="2024-07-05T04:19:35.170206" level="INFO">200</msg>
<arg>${response.status_code}</arg>
<doc>Logs the given message with the given level.</doc>
<status status="PASS" start="2024-07-05T04:19:35.169856" elapsed="0.000393"/>
</kw>
<kw name="Set Variable" owner="BuiltIn">
<msg time="2024-07-05T04:19:35.170985" level="INFO">${json_data} = {'results': [{'gender': 'female', 'name': {'title': 'Mrs', 'first': 'Isabelle', 'last': 'Jensen'}, 'location': {'street': {'number': 564, 'name': 'Church Road'}, 'city': 'Norwich', 'state': 'Durham', ...</msg>
<var>${json_data}</var>
<arg>${response.json()}</arg>
<doc>Returns the given values which can then be assigned to a variables.</doc>
<status status="PASS" start="2024-07-05T04:19:35.170555" elapsed="0.000459"/>
</kw>
<kw name="Dictionary Should Contain Key" owner="Collections">
<arg>${json_data}</arg>
<arg>results</arg>
<doc>Fails if ``key`` is not found from ``dictionary``.</doc>
<status status="PASS" start="2024-07-05T04:19:35.171308" elapsed="0.000164"/>
</kw>
<status status="PASS" start="2024-07-05T04:19:35.097564" elapsed="0.074103"/>
</kw>
<doc>Testa se a API responde corretamente e retorna um objeto JSON válido.</doc>
<tag>testeRequisicaoBasica</tag>
<status status="PASS" start="2024-07-05T04:19:35.097031" elapsed="0.074800"/>
</test>
<test id="s1-s1-t3" name="Validar estrutura de resposta" line="22">
<kw name="Teste de Estrutura de Resposta" owner="random-user-service">
<kw name="GET On Session" owner="RequestsLibrary">
<msg time="2024-07-05T04:19:35.271313" level="INFO">GET Request : url=https://randomuser.me/api 
 path_url=/api 
 headers={'User-Agent': 'python-requests/2.32.3', 'Accept-Encoding': 'gzip, deflate', 'Accept': '*/*', 'Connection': 'keep-alive'} 
 body=None 
 </msg>
<msg time="2024-07-05T04:19:35.271398" level="INFO">GET Response : url=https://randomuser.me/api 
 status=200, reason=OK 
 headers={'Date': 'Fri, 05 Jul 2024 04:19:35 GMT', 'Content-Type': 'application/json; charset=utf-8', 'Transfer-Encoding': 'chunked', 'Connection': 'keep-alive', 'X-Powered-By': 'Express', 'Access-Control-Allow-Origin': '*', 'Cache-Control': 'no-cache', 'ETag': 'W/"489-8f9saTMXc2cxNVIZJNFyFlag9yY"', 'Vary': 'Accept-Encoding', 'Content-Encoding': 'gzip', 'CF-Cache-Status': 'DYNAMIC', 'Report-To': '{"endpoints":[{"url":"https:\\/\\/a.nel.cloudflare.com\\/report\\/v4?s=gS8UhOhvrn3EQhEVXEC0thutZMenzbT%2BtESOmrswiQgt0gu3VGSg%2FwS2xilpaadQbjAI3cC%2Fgw%2F1xVs%2Fz2j53TdjVTmXcBL2HaCUSE%2FJN0Kc2E3%2Bvuyzx3GLc45p5cuT"}],"group":"cf-nel","max_age":604800}', 'NEL': '{"success_fraction":0,"report_to":"cf-nel","max_age":604800}', 'Server': 'cloudflare', 'CF-RAY': '89e48ec0dda268ee-IAD', 'alt-svc': 'h3=":443"; ma=86400'} 
 body={"results":[{"gender":"female","name":{"title":"Mrs","first":"Léane","last":"Moreau"},"location":{"street":{"number":5748,"name":"Cours Charlemagne"},"city":"Roubaix","state":"Drôme","country":"France","postcode":78050,"coordinates":{"latitude":"-14.4626","longitude":"38.1514"},"timezone":{"offset":"-2:00","description":"Mid-Atlantic"}},"email":"leane.moreau@example.com","login":{"uuid":"ab7592c4-cfe0-4c17-9824-00f167b85743","username":"crazybear144","password":"blowfish","salt":"76aUdC1H","md5":"18de1535bedac30d1b50dccbb58b4776","sha1":"d21c0413d9a755662a010bb3504f8655838ea774","sha256":"acba2049d6beb87dbd361258e9b0923b0b86f6d4bdceb8d2b97a33060c5f02bc"},"dob":{"date":"1998-08-22T13:42:27.209Z","age":25},"registered":{"date":"2004-02-08T15:09:53.283Z","age":20},"phone":"03-75-34-21-71","cell":"06-50-19-63-12","id":{"name":"INSEE","value":"2980761825796 27"},"picture":{"large":"https://randomuser.me/api/portraits/women/37.jpg","medium":"https://randomuser.me/api/portraits/med/women/37.jpg","thumbnail":"https://randomuser.me/api/portraits/thumb/women/37.jpg"},"nat":"FR"}],"info":{"seed":"2bea5eae8dba8b94","results":1,"page":1,"version":"1.4"}} 
 </msg>
<msg time="2024-07-05T04:19:35.271557" level="INFO">/opt/hostedtoolcache/Python/3.12.4/x64/lib/python3.12/site-packages/urllib3/connectionpool.py:1099: InsecureRequestWarning: Unverified HTTPS request is being made to host 'randomuser.me'. Adding certificate verification is strongly advised. See: https://urllib3.readthedocs.io/en/latest/advanced-usage.html#tls-warnings
  warnings.warn(</msg>
<msg time="2024-07-05T04:19:35.271686" level="INFO">${response} = &lt;Response [200]&gt;</msg>
<var>${response}</var>
<arg>consultarAPI</arg>
<arg>/api</arg>
<doc>Sends a GET request on a previously created HTTP Session.</doc>
<status status="PASS" start="2024-07-05T04:19:35.174598" elapsed="0.097131"/>
</kw>
<kw name="Set Variable" owner="BuiltIn">
<msg time="2024-07-05T04:19:35.272764" level="INFO">${json_data} = {'results': [{'gender': 'female', 'name': {'title': 'Mrs', 'first': 'Léane', 'last': 'Moreau'}, 'location': {'street': {'number': 5748, 'name': 'Cours Charlemagne'}, 'city': 'Roubaix', 'state': 'Drôme...</msg>
<var>${json_data}</var>
<arg>${response.json()}</arg>
<doc>Returns the given values which can then be assigned to a variables.</doc>
<status status="PASS" start="2024-07-05T04:19:35.272193" elapsed="0.000601"/>
</kw>
<kw name="Log" owner="BuiltIn">
<msg time="2024-07-05T04:19:35.273268" level="INFO">{'results': [{'gender': 'female', 'name': {'title': 'Mrs', 'first': 'Léane', 'last': 'Moreau'}, 'location': {'street': {'number': 5748, 'name': 'Cours Charlemagne'}, 'city': 'Roubaix', 'state': 'Drôme', 'country': 'France', 'postcode': 78050, 'coordinates': {'latitude': '-14.4626', 'longitude': '38.1514'}, 'timezone': {'offset': '-2:00', 'description': 'Mid-Atlantic'}}, 'email': 'leane.moreau@example.com', 'login': {'uuid': 'ab7592c4-cfe0-4c17-9824-00f167b85743', 'username': 'crazybear144', 'password': 'blowfish', 'salt': '76aUdC1H', 'md5': '18de1535bedac30d1b50dccbb58b4776', 'sha1': 'd21c0413d9a755662a010bb3504f8655838ea774', 'sha256': 'acba2049d6beb87dbd361258e9b0923b0b86f6d4bdceb8d2b97a33060c5f02bc'}, 'dob': {'date': '1998-08-22T13:42:27.209Z', 'age': 25}, 'registered': {'date': '2004-02-08T15:09:53.283Z', 'age': 20}, 'phone': '03-75-34-21-71', 'cell': '06-50-19-63-12', 'id': {'name': 'INSEE', 'value': '2980761825796 27'}, 'picture': {'large': 'https://randomuser.me/api/portraits/women/37.jpg', 'medium': 'https://randomuser.me/api/portraits/med/women/37.jpg', 'thumbnail': 'https://randomuser.me/api/portraits/thumb/women/37.jpg'}, 'nat': 'FR'}], 'info': {'seed': '2bea5eae8dba8b94', 'results': 1, 'page': 1, 'version': '1.4'}}</msg>
<arg>${json_data}</arg>
<doc>Logs the given message with the given level.</doc>
<status status="PASS" start="2024-07-05T04:19:35.273108" elapsed="0.000211"/>
</kw>
<kw name="Dictionary Should Contain Key" owner="Collections">
<arg>${json_data}</arg>
<arg>results</arg>
<doc>Fails if ``key`` is not found from ``dictionary``.</doc>
<status status="PASS" start="2024-07-05T04:19:35.273612" elapsed="0.000156"/>
</kw>
<kw name="Should Not Be Empty" owner="BuiltIn">
<msg time="2024-07-05T04:19:35.274092" level="INFO">Length is 2.</msg>
<arg>${json_data}</arg>
<doc>Verifies that the given item is not empty.</doc>
<status status="PASS" start="2024-07-05T04:19:35.273956" elapsed="0.000182"/>
</kw>
<kw name="Create List" owner="BuiltIn">
<msg time="2024-07-05T04:19:35.274718" level="INFO">${expected_keys} = ['gender', 'name', 'location', 'email', 'login']</msg>
<var>${expected_keys}</var>
<arg>gender</arg>
<arg>name</arg>
<arg>location</arg>
<arg>email</arg>
<arg>login</arg>
<doc>Returns a list containing given items.</doc>
<status status="PASS" start="2024-07-05T04:19:35.274439" elapsed="0.000304"/>
</kw>
<for flavor="IN">
<iter>
<kw name="Dictionary Should Contain Key" owner="Collections">
<arg>${json_data['results'][0]}</arg>
<arg>${key}</arg>
<doc>Fails if ``key`` is not found from ``dictionary``.</doc>
<status status="PASS" start="2024-07-05T04:19:35.275306" elapsed="0.000442"/>
</kw>
<kw name="Log" owner="BuiltIn">
<msg time="2024-07-05T04:19:35.276303" level="INFO">{'gender': 'female', 'name': {'title': 'Mrs', 'first': 'Léane', 'last': 'Moreau'}, 'location': {'street': {'number': 5748, 'name': 'Cours Charlemagne'}, 'city': 'Roubaix', 'state': 'Drôme', 'country': 'France', 'postcode': 78050, 'coordinates': {'latitude': '-14.4626', 'longitude': '38.1514'}, 'timezone': {'offset': '-2:00', 'description': 'Mid-Atlantic'}}, 'email': 'leane.moreau@example.com', 'login': {'uuid': 'ab7592c4-cfe0-4c17-9824-00f167b85743', 'username': 'crazybear144', 'password': 'blowfish', 'salt': '76aUdC1H', 'md5': '18de1535bedac30d1b50dccbb58b4776', 'sha1': 'd21c0413d9a755662a010bb3504f8655838ea774', 'sha256': 'acba2049d6beb87dbd361258e9b0923b0b86f6d4bdceb8d2b97a33060c5f02bc'}, 'dob': {'date': '1998-08-22T13:42:27.209Z', 'age': 25}, 'registered': {'date': '2004-02-08T15:09:53.283Z', 'age': 20}, 'phone': '03-75-34-21-71', 'cell': '06-50-19-63-12', 'id': {'name': 'INSEE', 'value': '2980761825796 27'}, 'picture': {'large': 'https://randomuser.me/api/portraits/women/37.jpg', 'medium': 'https://randomuser.me/api/portraits/med/women/37.jpg', 'thumbnail': 'https://randomuser.me/api/portraits/thumb/women/37.jpg'}, 'nat': 'FR'}</msg>
<arg>${json_data['results'][0]}</arg>
<doc>Logs the given message with the given level.</doc>
<status status="PASS" start="2024-07-05T04:19:35.275937" elapsed="0.000417"/>
</kw>
<kw name="Log" owner="BuiltIn">
<msg time="2024-07-05T04:19:35.276782" level="INFO">gender</msg>
<arg>${key}</arg>
<doc>Logs the given message with the given level.</doc>
<status status="PASS" start="2024-07-05T04:19:35.276655" elapsed="0.000167"/>
</kw>
<var name="${key}">gender</var>
<status status="PASS" start="2024-07-05T04:19:35.275184" elapsed="0.001853"/>
</iter>
<iter>
<kw name="Dictionary Should Contain Key" owner="Collections">
<arg>${json_data['results'][0]}</arg>
<arg>${key}</arg>
<doc>Fails if ``key`` is not found from ``dictionary``.</doc>
<status status="PASS" start="2024-07-05T04:19:35.277336" elapsed="0.000391"/>
</kw>
<kw name="Log" owner="BuiltIn">
<msg time="2024-07-05T04:19:35.278259" level="INFO">{'gender': 'female', 'name': {'title': 'Mrs', 'first': 'Léane', 'last': 'Moreau'}, 'location': {'street': {'number': 5748, 'name': 'Cours Charlemagne'}, 'city': 'Roubaix', 'state': 'Drôme', 'country': 'France', 'postcode': 78050, 'coordinates': {'latitude': '-14.4626', 'longitude': '38.1514'}, 'timezone': {'offset': '-2:00', 'description': 'Mid-Atlantic'}}, 'email': 'leane.moreau@example.com', 'login': {'uuid': 'ab7592c4-cfe0-4c17-9824-00f167b85743', 'username': 'crazybear144', 'password': 'blowfish', 'salt': '76aUdC1H', 'md5': '18de1535bedac30d1b50dccbb58b4776', 'sha1': 'd21c0413d9a755662a010bb3504f8655838ea774', 'sha256': 'acba2049d6beb87dbd361258e9b0923b0b86f6d4bdceb8d2b97a33060c5f02bc'}, 'dob': {'date': '1998-08-22T13:42:27.209Z', 'age': 25}, 'registered': {'date': '2004-02-08T15:09:53.283Z', 'age': 20}, 'phone': '03-75-34-21-71', 'cell': '06-50-19-63-12', 'id': {'name': 'INSEE', 'value': '2980761825796 27'}, 'picture': {'large': 'https://randomuser.me/api/portraits/women/37.jpg', 'medium': 'https://randomuser.me/api/portraits/med/women/37.jpg', 'thumbnail': 'https://randomuser.me/api/portraits/thumb/women/37.jpg'}, 'nat': 'FR'}</msg>
<arg>${json_data['results'][0]}</arg>
<doc>Logs the given message with the given level.</doc>
<status status="PASS" start="2024-07-05T04:19:35.277909" elapsed="0.000435"/>
</kw>
<kw name="Log" owner="BuiltIn">
<msg time="2024-07-05T04:19:35.278773" level="INFO">name</msg>
<arg>${key}</arg>
<doc>Logs the given message with the given level.</doc>
<status status="PASS" start="2024-07-05T04:19:35.278646" elapsed="0.000165"/>
</kw>
<var name="${key}">name</var>
<status status="PASS" start="2024-07-05T04:19:35.277220" elapsed="0.001810"/>
</iter>
<iter>
<kw name="Dictionary Should Contain Key" owner="Collections">
<arg>${json_data['results'][0]}</arg>
<arg>${key}</arg>
<doc>Fails if ``key`` is not found from ``dictionary``.</doc>
<status status="PASS" start="2024-07-05T04:19:35.279317" elapsed="0.000409"/>
</kw>
<kw name="Log" owner="BuiltIn">
<msg time="2024-07-05T04:19:35.280263" level="INFO">{'gender': 'female', 'name': {'title': 'Mrs', 'first': 'Léane', 'last': 'Moreau'}, 'location': {'street': {'number': 5748, 'name': 'Cours Charlemagne'}, 'city': 'Roubaix', 'state': 'Drôme', 'country': 'France', 'postcode': 78050, 'coordinates': {'latitude': '-14.4626', 'longitude': '38.1514'}, 'timezone': {'offset': '-2:00', 'description': 'Mid-Atlantic'}}, 'email': 'leane.moreau@example.com', 'login': {'uuid': 'ab7592c4-cfe0-4c17-9824-00f167b85743', 'username': 'crazybear144', 'password': 'blowfish', 'salt': '76aUdC1H', 'md5': '18de1535bedac30d1b50dccbb58b4776', 'sha1': 'd21c0413d9a755662a010bb3504f8655838ea774', 'sha256': 'acba2049d6beb87dbd361258e9b0923b0b86f6d4bdceb8d2b97a33060c5f02bc'}, 'dob': {'date': '1998-08-22T13:42:27.209Z', 'age': 25}, 'registered': {'date': '2004-02-08T15:09:53.283Z', 'age': 20}, 'phone': '03-75-34-21-71', 'cell': '06-50-19-63-12', 'id': {'name': 'INSEE', 'value': '2980761825796 27'}, 'picture': {'large': 'https://randomuser.me/api/portraits/women/37.jpg', 'medium': 'https://randomuser.me/api/portraits/med/women/37.jpg', 'thumbnail': 'https://randomuser.me/api/portraits/thumb/women/37.jpg'}, 'nat': 'FR'}</msg>
<arg>${json_data['results'][0]}</arg>
<doc>Logs the given message with the given level.</doc>
<status status="PASS" start="2024-07-05T04:19:35.279910" elapsed="0.000407"/>
</kw>
<kw name="Log" owner="BuiltIn">
<msg time="2024-07-05T04:19:35.280743" level="INFO">location</msg>
<arg>${key}</arg>
<doc>Logs the given message with the given level.</doc>
<status status="PASS" start="2024-07-05T04:19:35.280615" elapsed="0.000166"/>
</kw>
<var name="${key}">location</var>
<status status="PASS" start="2024-07-05T04:19:35.279208" elapsed="0.001792"/>
</iter>
<iter>
<kw name="Dictionary Should Contain Key" owner="Collections">
<arg>${json_data['results'][0]}</arg>
<arg>${key}</arg>
<doc>Fails if ``key`` is not found from ``dictionary``.</doc>
<status status="PASS" start="2024-07-05T04:19:35.281280" elapsed="0.000386"/>
</kw>
<kw name="Log" owner="BuiltIn">
<msg time="2024-07-05T04:19:35.282198" level="INFO">{'gender': 'female', 'name': {'title': 'Mrs', 'first': 'Léane', 'last': 'Moreau'}, 'location': {'street': {'number': 5748, 'name': 'Cours Charlemagne'}, 'city': 'Roubaix', 'state': 'Drôme', 'country': 'France', 'postcode': 78050, 'coordinates': {'latitude': '-14.4626', 'longitude': '38.1514'}, 'timezone': {'offset': '-2:00', 'description': 'Mid-Atlantic'}}, 'email': 'leane.moreau@example.com', 'login': {'uuid': 'ab7592c4-cfe0-4c17-9824-00f167b85743', 'username': 'crazybear144', 'password': 'blowfish', 'salt': '76aUdC1H', 'md5': '18de1535bedac30d1b50dccbb58b4776', 'sha1': 'd21c0413d9a755662a010bb3504f8655838ea774', 'sha256': 'acba2049d6beb87dbd361258e9b0923b0b86f6d4bdceb8d2b97a33060c5f02bc'}, 'dob': {'date': '1998-08-22T13:42:27.209Z', 'age': 25}, 'registered': {'date': '2004-02-08T15:09:53.283Z', 'age': 20}, 'phone': '03-75-34-21-71', 'cell': '06-50-19-63-12', 'id': {'name': 'INSEE', 'value': '2980761825796 27'}, 'picture': {'large': 'https://randomuser.me/api/portraits/women/37.jpg', 'medium': 'https://randomuser.me/api/portraits/med/women/37.jpg', 'thumbnail': 'https://randomuser.me/api/portraits/thumb/women/37.jpg'}, 'nat': 'FR'}</msg>
<arg>${json_data['results'][0]}</arg>
<doc>Logs the given message with the given level.</doc>
<status status="PASS" start="2024-07-05T04:19:35.281848" elapsed="0.000401"/>
</kw>
<kw name="Log" owner="BuiltIn">
<msg time="2024-07-05T04:19:35.282672" level="INFO">email</msg>
<arg>${key}</arg>
<doc>Logs the given message with the given level.</doc>
<status status="PASS" start="2024-07-05T04:19:35.282546" elapsed="0.000165"/>
</kw>
<var name="${key}">email</var>
<status status="PASS" start="2024-07-05T04:19:35.281173" elapsed="0.001753"/>
</iter>
<iter>
<kw name="Dictionary Should Contain Key" owner="Collections">
<arg>${json_data['results'][0]}</arg>
<arg>${key}</arg>
<doc>Fails if ``key`` is not found from ``dictionary``.</doc>
<status status="PASS" start="2024-07-05T04:19:35.283210" elapsed="0.000425"/>
</kw>
<kw name="Log" owner="BuiltIn">
<msg time="2024-07-05T04:19:35.284178" level="INFO">{'gender': 'female', 'name': {'title': 'Mrs', 'first': 'Léane', 'last': 'Moreau'}, 'location': {'street': {'number': 5748, 'name': 'Cours Charlemagne'}, 'city': 'Roubaix', 'state': 'Drôme', 'country': 'France', 'postcode': 78050, 'coordinates': {'latitude': '-14.4626', 'longitude': '38.1514'}, 'timezone': {'offset': '-2:00', 'description': 'Mid-Atlantic'}}, 'email': 'leane.moreau@example.com', 'login': {'uuid': 'ab7592c4-cfe0-4c17-9824-00f167b85743', 'username': 'crazybear144', 'password': 'blowfish', 'salt': '76aUdC1H', 'md5': '18de1535bedac30d1b50dccbb58b4776', 'sha1': 'd21c0413d9a755662a010bb3504f8655838ea774', 'sha256': 'acba2049d6beb87dbd361258e9b0923b0b86f6d4bdceb8d2b97a33060c5f02bc'}, 'dob': {'date': '1998-08-22T13:42:27.209Z', 'age': 25}, 'registered': {'date': '2004-02-08T15:09:53.283Z', 'age': 20}, 'phone': '03-75-34-21-71', 'cell': '06-50-19-63-12', 'id': {'name': 'INSEE', 'value': '2980761825796 27'}, 'picture': {'large': 'https://randomuser.me/api/portraits/women/37.jpg', 'medium': 'https://randomuser.me/api/portraits/med/women/37.jpg', 'thumbnail': 'https://randomuser.me/api/portraits/thumb/women/37.jpg'}, 'nat': 'FR'}</msg>
<arg>${json_data['results'][0]}</arg>
<doc>Logs the given message with the given level.</doc>
<status status="PASS" start="2024-07-05T04:19:35.283821" elapsed="0.000410"/>
</kw>
<kw name="Log" owner="BuiltIn">
<msg time="2024-07-05T04:19:35.284651" level="INFO">login</msg>
<arg>${key}</arg>
<doc>Logs the given message with the given level.</doc>
<status status="PASS" start="2024-07-05T04:19:35.284526" elapsed="0.000163"/>
</kw>
<var name="${key}">login</var>
<status status="PASS" start="2024-07-05T04:19:35.283097" elapsed="0.001807"/>
</iter>
<var>${key}</var>
<value>@{expected_keys}</value>
<status status="PASS" start="2024-07-05T04:19:35.275003" elapsed="0.010023"/>
</for>
<kw name="Create List" owner="BuiltIn">
<msg time="2024-07-05T04:19:35.285356" level="INFO">${expected_keysTwo} = ['username', 'password']</msg>
<var>${expected_keysTwo}</var>
<arg>username</arg>
<arg>password</arg>
<doc>Returns a list containing given items.</doc>
<status status="PASS" start="2024-07-05T04:19:35.285217" elapsed="0.000190"/>
</kw>
<for flavor="IN">
<iter>
<kw name="Dictionary Should Contain Key" owner="Collections">
<arg>${json_data['results'][0]['login']}</arg>
<arg>${keyTwo}</arg>
<doc>Fails if ``key`` is not found from ``dictionary``.</doc>
<status status="PASS" start="2024-07-05T04:19:35.285914" elapsed="0.000381"/>
</kw>
<kw name="Dictionary Should Contain Key" owner="Collections">
<arg>${json_data['results'][0]['login']}</arg>
<arg>${keyTwo}</arg>
<doc>Fails if ``key`` is not found from ``dictionary``.</doc>
<status status="PASS" start="2024-07-05T04:19:35.286475" elapsed="0.000375"/>
</kw>
<kw name="Log" owner="BuiltIn">
<msg time="2024-07-05T04:19:35.287149" level="INFO">username</msg>
<arg>${keyTwo}</arg>
<doc>Logs the given message with the given level.</doc>
<status status="PASS" start="2024-07-05T04:19:35.287030" elapsed="0.000156"/>
</kw>
<var name="${keyTwo}">username</var>
<status status="PASS" start="2024-07-05T04:19:35.285806" elapsed="0.001604"/>
</iter>
<iter>
<kw name="Dictionary Should Contain Key" owner="Collections">
<arg>${json_data['results'][0]['login']}</arg>
<arg>${keyTwo}</arg>
<doc>Fails if ``key`` is not found from ``dictionary``.</doc>
<status status="PASS" start="2024-07-05T04:19:35.287731" elapsed="0.000382"/>
</kw>
<kw name="Dictionary Should Contain Key" owner="Collections">
<arg>${json_data['results'][0]['login']}</arg>
<arg>${keyTwo}</arg>
<doc>Fails if ``key`` is not found from ``dictionary``.</doc>
<status status="PASS" start="2024-07-05T04:19:35.288293" elapsed="0.000365"/>
</kw>
<kw name="Log" owner="BuiltIn">
<msg time="2024-07-05T04:19:35.288951" level="INFO">password</msg>
<arg>${keyTwo}</arg>
<doc>Logs the given message with the given level.</doc>
<status status="PASS" start="2024-07-05T04:19:35.288833" elapsed="0.000159"/>
</kw>
<var name="${keyTwo}">password</var>
<status status="PASS" start="2024-07-05T04:19:35.287622" elapsed="0.001684"/>
</iter>
<var>${keyTwo}</var>
<value>@{expected_keysTwo}</value>
<status status="PASS" start="2024-07-05T04:19:35.285651" elapsed="0.003776"/>
</for>
<status status="PASS" start="2024-07-05T04:19:35.174315" elapsed="0.115250"/>
</kw>
<doc>Testa a estrutura da resposta da API.</doc>
<tag>testeEstruturaResposta</tag>
<status status="PASS" start="2024-07-05T04:19:35.173630" elapsed="0.116081"/>
</test>
<test id="s1-s1-t4" name="Validar tipos de dados" line="28">
<kw name="Teste de Tipos de Dados" owner="random-user-service">
<kw name="GET On Session" owner="RequestsLibrary">
<msg time="2024-07-05T04:19:35.370627" level="INFO">GET Request : url=https://randomuser.me/api 
 path_url=/api 
 headers={'User-Agent': 'python-requests/2.32.3', 'Accept-Encoding': 'gzip, deflate', 'Accept': '*/*', 'Connection': 'keep-alive'} 
 body=None 
 </msg>
<msg time="2024-07-05T04:19:35.370698" level="INFO">GET Response : url=https://randomuser.me/api 
 status=200, reason=OK 
 headers={'Date': 'Fri, 05 Jul 2024 04:19:35 GMT', 'Content-Type': 'application/json; charset=utf-8', 'Transfer-Encoding': 'chunked', 'Connection': 'keep-alive', 'X-Powered-By': 'Express', 'Access-Control-Allow-Origin': '*', 'Cache-Control': 'no-cache', 'ETag': 'W/"47e-wj6VWOpBpX/XJVjvhN6TZRTV0/A"', 'Vary': 'Accept-Encoding', 'Content-Encoding': 'gzip', 'CF-Cache-Status': 'DYNAMIC', 'Report-To': '{"endpoints":[{"url":"https:\\/\\/a.nel.cloudflare.com\\/report\\/v4?s=49UUTd3Fz5vzGLtuMEEuZxz2B77GIfMgmkCgC0qzxWzJc3Rte3tdKRA9Po00TaKvRQ54TXlxNc5w%2B5VFSQ4E96s9yzJVzK%2BiISAkHSBCaBEeuIU4oNF%2B%2BJb7A5O%2BY9Ho"}],"group":"cf-nel","max_age":604800}', 'NEL': '{"success_fraction":0,"report_to":"cf-nel","max_age":604800}', 'Server': 'cloudflare', 'CF-RAY': '89e48ec19e0168ee-IAD', 'alt-svc': 'h3=":443"; ma=86400'} 
 body={"results":[{"gender":"male","name":{"title":"Mr","first":"Mustafa","last":"Erçetin"},"location":{"street":{"number":2776,"name":"Kushimoto Sk"},"city":"Yalova","state":"Batman","country":"Turkey","postcode":41704,"coordinates":{"latitude":"68.5141","longitude":"-113.9563"},"timezone":{"offset":"+4:00","description":"Abu Dhabi, Muscat, Baku, Tbilisi"}},"email":"mustafa.ercetin@example.com","login":{"uuid":"a6943fe5-5188-4b43-b2c5-9e91d8952e48","username":"silverfrog609","password":"buffy1","salt":"ufFFRrl0","md5":"4adf4b51ce48d954adfe8d590a4f0ee5","sha1":"eedef5cc1396862275bc00846a8d02585bd77171","sha256":"fd880a3857fb2b9b5120ff987f2781d4e6b767ae27db5a7665a26c2a635d2088"},"dob":{"date":"1997-03-10T13:04:57.485Z","age":27},"registered":{"date":"2014-03-31T05:36:33.591Z","age":10},"phone":"(856)-319-2571","cell":"(561)-421-7527","id":{"name":"","value":null},"picture":{"large":"https://randomuser.me/api/portraits/men/8.jpg","medium":"https://randomuser.me/api/portraits/med/men/8.jpg","thumbnail":"https://randomuser.me/api/portraits/thumb/men/8.jpg"},"nat":"TR"}],"info":{"seed":"793ed11584a13824","results":1,"page":1,"version":"1.4"}} 
 </msg>
<msg time="2024-07-05T04:19:35.370760" level="INFO">/opt/hostedtoolcache/Python/3.12.4/x64/lib/python3.12/site-packages/urllib3/connectionpool.py:1099: InsecureRequestWarning: Unverified HTTPS request is being made to host 'randomuser.me'. Adding certificate verification is strongly advised. See: https://urllib3.readthedocs.io/en/latest/advanced-usage.html#tls-warnings
  warnings.warn(</msg>
<msg time="2024-07-05T04:19:35.370860" level="INFO">${response} = &lt;Response [200]&gt;</msg>
<var>${response}</var>
<arg>consultarAPI</arg>
<arg>/api</arg>
<doc>Sends a GET request on a previously created HTTP Session.</doc>
<status status="PASS" start="2024-07-05T04:19:35.292222" elapsed="0.078681"/>
</kw>
<kw name="Set Variable" owner="BuiltIn">
<msg time="2024-07-05T04:19:35.371971" level="INFO">${json_data} = {'results': [{'gender': 'male', 'name': {'title': 'Mr', 'first': 'Mustafa', 'last': 'Erçetin'}, 'location': {'street': {'number': 2776, 'name': 'Kushimoto Sk'}, 'city': 'Yalova', 'state': 'Batman', 'c...</msg>
<var>${json_data}</var>
<arg>${response.json()}</arg>
<doc>Returns the given values which can then be assigned to a variables.</doc>
<status status="PASS" start="2024-07-05T04:19:35.371368" elapsed="0.000634"/>
</kw>
<kw name="Log" owner="BuiltIn">
<msg time="2024-07-05T04:19:35.372484" level="INFO">{'results': [{'gender': 'male', 'name': {'title': 'Mr', 'first': 'Mustafa', 'last': 'Erçetin'}, 'location': {'street': {'number': 2776, 'name': 'Kushimoto Sk'}, 'city': 'Yalova', 'state': 'Batman', 'country': 'Turkey', 'postcode': 41704, 'coordinates': {'latitude': '68.5141', 'longitude': '-113.9563'}, 'timezone': {'offset': '+4:00', 'description': 'Abu Dhabi, Muscat, Baku, Tbilisi'}}, 'email': 'mustafa.ercetin@example.com', 'login': {'uuid': 'a6943fe5-5188-4b43-b2c5-9e91d8952e48', 'username': 'silverfrog609', 'password': 'buffy1', 'salt': 'ufFFRrl0', 'md5': '4adf4b51ce48d954adfe8d590a4f0ee5', 'sha1': 'eedef5cc1396862275bc00846a8d02585bd77171', 'sha256': 'fd880a3857fb2b9b5120ff987f2781d4e6b767ae27db5a7665a26c2a635d2088'}, 'dob': {'date': '1997-03-10T13:04:57.485Z', 'age': 27}, 'registered': {'date': '2014-03-31T05:36:33.591Z', 'age': 10}, 'phone': '(856)-319-2571', 'cell': '(561)-421-7527', 'id': {'name': '', 'value': None}, 'picture': {'large': 'https://randomuser.me/api/portraits/men/8.jpg', 'medium': 'https://randomuser.me/api/portraits/med/men/8.jpg', 'thumbnail': 'https://randomuser.me/api/portraits/thumb/men/8.jpg'}, 'nat': 'TR'}], 'info': {'seed': '793ed11584a13824', 'results': 1, 'page': 1, 'version': '1.4'}}</msg>
<arg>${json_data}</arg>
<doc>Logs the given message with the given level.</doc>
<status status="PASS" start="2024-07-05T04:19:35.372322" elapsed="0.000211"/>
</kw>
<kw name="Should Be String" owner="String">
<arg>${json_data['results'][0]['gender']}</arg>
<doc>Fails if the given ``item`` is not a string.</doc>
<status status="PASS" start="2024-07-05T04:19:35.372832" elapsed="0.000358"/>
</kw>
<kw name="Should Match Regexp" owner="BuiltIn">
<arg>${json_data['results'][0]['email']}</arg>
<arg>^[a-zA-Z0-9._%+-]+@[a-zA-Z0-9.-]+\.[a-zA-Z]{2,}$</arg>
<doc>Fails if ``string`` does not match ``pattern`` as a regular expression.</doc>
<status status="PASS" start="2024-07-05T04:19:35.373379" elapsed="0.000507"/>
</kw>
<kw name="Should Match Regexp" owner="BuiltIn">
<arg>${json_data['results'][0]['dob']['date']}</arg>
<arg>\\d{4}-\\d{2}-\\d{2}T\\d{2}:\\d{2}:\\d{2}\\.\\d{3}Z</arg>
<doc>Fails if ``string`` does not match ``pattern`` as a regular expression.</doc>
<status status="PASS" start="2024-07-05T04:19:35.374116" elapsed="0.000487"/>
</kw>
<kw name="Should Match Regexp" owner="BuiltIn">
<arg>${json_data['results'][0]['registered']['date']}</arg>
<arg>\\d{4}-\\d{2}-\\d{2}T\\d{2}:\\d{2}:\\d{2}\\.\\d{3}Z</arg>
<doc>Fails if ``string`` does not match ``pattern`` as a regular expression.</doc>
<status status="PASS" start="2024-07-05T04:19:35.374794" elapsed="0.000363"/>
</kw>
<kw name="Should Match Regexp" owner="BuiltIn">
<arg>${json_data['results'][0]['picture']['large']}</arg>
<arg>^https?://.*\.(?:png|jpe?g|gif|bmp)$</arg>
<doc>Fails if ``string`` does not match ``pattern`` as a regular expression.</doc>
<status status="PASS" start="2024-07-05T04:19:35.375340" elapsed="0.000491"/>
</kw>
<kw name="Should Match Regexp" owner="BuiltIn">
<arg>${json_data['results'][0]['picture']['medium']}</arg>
<arg>^https?://.*\.(?:png|jpe?g|gif|bmp)$</arg>
<doc>Fails if ``string`` does not match ``pattern`` as a regular expression.</doc>
<status status="PASS" start="2024-07-05T04:19:35.376021" elapsed="0.000350"/>
</kw>
<kw name="Should Match Regexp" owner="BuiltIn">
<arg>${json_data['results'][0]['picture']['thumbnail']}</arg>
<arg>^https?://.*\.(?:png|jpe?g|gif|bmp)$</arg>
<doc>Fails if ``string`` does not match ``pattern`` as a regular expression.</doc>
<status status="PASS" start="2024-07-05T04:19:35.376554" elapsed="0.000353"/>
</kw>
<kw name="Log" owner="BuiltIn">
<msg time="2024-07-05T04:19:35.377411" level="INFO">{'large': 'https://randomuser.me/api/portraits/men/8.jpg', 'medium': 'https://randomuser.me/api/portraits/med/men/8.jpg', 'thumbnail': 'https://randomuser.me/api/portraits/thumb/men/8.jpg'}</msg>
<arg>${json_data['results'][0]['picture']}</arg>
<doc>Logs the given message with the given level.</doc>
<status status="PASS" start="2024-07-05T04:19:35.377086" elapsed="0.000368"/>
</kw>
<status status="PASS" start="2024-07-05T04:19:35.292005" elapsed="0.085704"/>
</kw>
<kw name="Teste de Tipos de Dados - Postcode" owner="random-user-service">
<kw name="GET On Session" owner="RequestsLibrary">
<msg time="2024-07-05T04:19:35.469844" level="INFO">GET Request : url=https://randomuser.me/api 
 path_url=/api 
 headers={'User-Agent': 'python-requests/2.32.3', 'Accept-Encoding': 'gzip, deflate', 'Accept': '*/*', 'Connection': 'keep-alive'} 
 body=None 
 </msg>
<msg time="2024-07-05T04:19:35.469947" level="INFO">GET Response : url=https://randomuser.me/api 
 status=200, reason=OK 
 headers={'Date': 'Fri, 05 Jul 2024 04:19:35 GMT', 'Content-Type': 'application/json; charset=utf-8', 'Transfer-Encoding': 'chunked', 'Connection': 'keep-alive', 'X-Powered-By': 'Express', 'Access-Control-Allow-Origin': '*', 'Cache-Control': 'no-cache', 'ETag': 'W/"47d-UdcIHcnmhVX/scqFLSaf1x6Xr1g"', 'Vary': 'Accept-Encoding', 'Content-Encoding': 'gzip', 'CF-Cache-Status': 'DYNAMIC', 'Report-To': '{"endpoints":[{"url":"https:\\/\\/a.nel.cloudflare.com\\/report\\/v4?s=ZjQT%2B%2FnfgsvH26%2BvT3dpBhWw6Xz3F80pCX55V7fxUZbIyJ%2BW57Gz33Btiv%2Fu8pCp6eBXQvgPKUPewFgWsAhG3z6kWWIfM2tmg8QTKyppAIlZ7kaTOgwR85%2FGLwvps3tI"}],"group":"cf-nel","max_age":604800}', 'NEL': '{"success_fraction":0,"report_to":"cf-nel","max_age":604800}', 'Server': 'cloudflare', 'CF-RAY': '89e48ec22e5168ee-IAD', 'alt-svc': 'h3=":443"; ma=86400'} 
 body={"results":[{"gender":"male","name":{"title":"Mr","first":"Nirav","last":"Shet"},"location":{"street":{"number":3215,"name":"Lamington Rd"},"city":"Ahmedabad","state":"Nagaland","country":"India","postcode":52879,"coordinates":{"latitude":"11.7309","longitude":"-161.7115"},"timezone":{"offset":"-7:00","description":"Mountain Time (US &amp; Canada)"}},"email":"nirav.shet@example.com","login":{"uuid":"ad2560b7-b362-408b-8e9a-fa08ae4b7d17","username":"organicmouse966","password":"terry","salt":"UpzlbGRH","md5":"9ca53d993ed5012f6510971b254fb916","sha1":"35de8894f2a6e43df841a74ce85414150e008ab0","sha256":"08a386b5b2fb395665ca9ea96ef95d608c55bb27c23c05092448e4eb4ddca517"},"dob":{"date":"1981-07-06T11:05:16.721Z","age":42},"registered":{"date":"2002-11-18T21:26:00.445Z","age":21},"phone":"8826481468","cell":"7272680336","id":{"name":"UIDAI","value":"376423618288"},"picture":{"large":"https://randomuser.me/api/portraits/men/54.jpg","medium":"https://randomuser.me/api/portraits/med/men/54.jpg","thumbnail":"https://randomuser.me/api/portraits/thumb/men/54.jpg"},"nat":"IN"}],"info":{"seed":"dc7d462c5f11b4db","results":1,"page":1,"version":"1.4"}} 
 </msg>
<msg time="2024-07-05T04:19:35.470031" level="INFO">/opt/hostedtoolcache/Python/3.12.4/x64/lib/python3.12/site-packages/urllib3/connectionpool.py:1099: InsecureRequestWarning: Unverified HTTPS request is being made to host 'randomuser.me'. Adding certificate verification is strongly advised. See: https://urllib3.readthedocs.io/en/latest/advanced-usage.html#tls-warnings
  warnings.warn(</msg>
<msg time="2024-07-05T04:19:35.470154" level="INFO">${response} = &lt;Response [200]&gt;</msg>
<var>${response}</var>
<arg>consultarAPI</arg>
<arg>/api</arg>
<doc>Sends a GET request on a previously created HTTP Session.</doc>
<status status="PASS" start="2024-07-05T04:19:35.378157" elapsed="0.092036"/>
</kw>
<kw name="Set Variable" owner="BuiltIn">
<msg time="2024-07-05T04:19:35.471180" level="INFO">${json_data} = {'results': [{'gender': 'male', 'name': {'title': 'Mr', 'first': 'Nirav', 'last': 'Shet'}, 'location': {'street': {'number': 3215, 'name': 'Lamington Rd'}, 'city': 'Ahmedabad', 'state': 'Nagaland', 'c...</msg>
<var>${json_data}</var>
<arg>${response.json()}</arg>
<doc>Returns the given values which can then be assigned to a variables.</doc>
<status status="PASS" start="2024-07-05T04:19:35.470679" elapsed="0.000530"/>
</kw>
<kw name="Log" owner="BuiltIn">
<msg time="2024-07-05T04:19:35.471762" level="INFO">{'results': [{'gender': 'male', 'name': {'title': 'Mr', 'first': 'Nirav', 'last': 'Shet'}, 'location': {'street': {'number': 3215, 'name': 'Lamington Rd'}, 'city': 'Ahmedabad', 'state': 'Nagaland', 'country': 'India', 'postcode': 52879, 'coordinates': {'latitude': '11.7309', 'longitude': '-161.7115'}, 'timezone': {'offset': '-7:00', 'description': 'Mountain Time (US &amp; Canada)'}}, 'email': 'nirav.shet@example.com', 'login': {'uuid': 'ad2560b7-b362-408b-8e9a-fa08ae4b7d17', 'username': 'organicmouse966', 'password': 'terry', 'salt': 'UpzlbGRH', 'md5': '9ca53d993ed5012f6510971b254fb916', 'sha1': '35de8894f2a6e43df841a74ce85414150e008ab0', 'sha256': '08a386b5b2fb395665ca9ea96ef95d608c55bb27c23c05092448e4eb4ddca517'}, 'dob': {'date': '1981-07-06T11:05:16.721Z', 'age': 42}, 'registered': {'date': '2002-11-18T21:26:00.445Z', 'age': 21}, 'phone': '8826481468', 'cell': '7272680336', 'id': {'name': 'UIDAI', 'value': '376423618288'}, 'picture': {'large': 'https://randomuser.me/api/portraits/men/54.jpg', 'medium': 'https://randomuser.me/api/portraits/med/men/54.jpg', 'thumbnail': 'https://randomuser.me/api/portraits/thumb/men/54.jpg'}, 'nat': 'IN'}], 'info': {'seed': 'dc7d462c5f11b4db', 'results': 1, 'page': 1, 'version': '1.4'}}</msg>
<arg>${json_data}</arg>
<doc>Logs the given message with the given level.</doc>
<status status="PASS" start="2024-07-05T04:19:35.471588" elapsed="0.000226"/>
</kw>
<kw name="Should Be Equal As Numbers" owner="BuiltIn">
<arg>${json_data['results'][0]['location']['postcode']}</arg>
<arg>${json_data['results'][0]['location']['postcode']}</arg>
<doc>Fails if objects are unequal after converting them to real numbers.</doc>
<status status="PASS" start="2024-07-05T04:19:35.472123" elapsed="0.000640"/>
</kw>
<kw name="Log" owner="BuiltIn">
<msg time="2024-07-05T04:19:35.473473" level="INFO">52879</msg>
<arg>${json_data['results'][0]['location']['postcode']}</arg>
<doc>Logs the given message with the given level.</doc>
<status status="PASS" start="2024-07-05T04:19:35.472959" elapsed="0.000557"/>
</kw>
<status status="PASS" start="2024-07-05T04:19:35.377934" elapsed="0.095868"/>
</kw>
<doc>Testa se os tipos de dados na resposta da API estão corretos.</doc>
<tag>testeTiposDados</tag>
<status status="PASS" start="2024-07-05T04:19:35.291448" elapsed="0.182520"/>
</test>
<test id="s1-s1-t5" name="Validar conteudo" line="35">
<kw name="Teste de Tipos de Conteudo" owner="random-user-service">
<kw name="GET On Session" owner="RequestsLibrary">
<msg time="2024-07-05T04:19:35.572430" level="INFO">GET Request : url=https://randomuser.me/api 
 path_url=/api 
 headers={'User-Agent': 'python-requests/2.32.3', 'Accept-Encoding': 'gzip, deflate', 'Accept': '*/*', 'Connection': 'keep-alive'} 
 body=None 
 </msg>
<msg time="2024-07-05T04:19:35.572512" level="INFO">GET Response : url=https://randomuser.me/api 
 status=200, reason=OK 
 headers={'Date': 'Fri, 05 Jul 2024 04:19:35 GMT', 'Content-Type': 'application/json; charset=utf-8', 'Transfer-Encoding': 'chunked', 'Connection': 'keep-alive', 'X-Powered-By': 'Express', 'Access-Control-Allow-Origin': '*', 'Cache-Control': 'no-cache', 'ETag': 'W/"4b7-bv5soo4E9zXDEmDFTSOG3veTxaE"', 'Vary': 'Accept-Encoding', 'Content-Encoding': 'gzip', 'CF-Cache-Status': 'DYNAMIC', 'Report-To': '{"endpoints":[{"url":"https:\\/\\/a.nel.cloudflare.com\\/report\\/v4?s=gHh9Mpqbwh%2BHR3OBFGLJDEx8W0Wd1NDZyXONNasr7kzSSsFdA5sFz6srLa1pnGlywJBOUvtrzB2LNX3Ns9rHsMiX%2BOrN4v5fmjhLCD6pCIobNT12pRQe2twapUl%2FI4o1"}],"group":"cf-nel","max_age":604800}', 'NEL': '{"success_fraction":0,"report_to":"cf-nel","max_age":604800}', 'Server': 'cloudflare', 'CF-RAY': '89e48ec2bea968ee-IAD', 'alt-svc': 'h3=":443"; ma=86400'} 
 body={"results":[{"gender":"female","name":{"title":"Ms","first":"Kaitlin","last":"Chambers"},"location":{"street":{"number":1326,"name":"London Road"},"city":"Newcastle upon Tyne","state":"Bedfordshire","country":"United Kingdom","postcode":"D6 8HS","coordinates":{"latitude":"-8.7547","longitude":"167.0926"},"timezone":{"offset":"-4:00","description":"Atlantic Time (Canada), Caracas, La Paz"}},"email":"kaitlin.chambers@example.com","login":{"uuid":"82b42580-26e1-4918-8ea9-4e9415db3cbd","username":"organicfish922","password":"pasword","salt":"z3hJfFX5","md5":"70d9004d5a54846e99f620a7dc858b10","sha1":"57deb5df1854ebc4bd3e286fc411b79fa3f1bf3e","sha256":"6d71e99c2f5bf4ed9b87ad6381b0e184ee04dcdb040365fee897de4688cb7ca5"},"dob":{"date":"1977-09-20T19:20:37.178Z","age":46},"registered":{"date":"2007-04-10T03:24:12.957Z","age":17},"phone":"01105 835687","cell":"07340 331905","id":{"name":"NINO","value":"SK 94 12 74 P"},"picture":{"large":"https://randomuser.me/api/portraits/women/7.jpg","medium":"https://randomuser.me/api/portraits/med/women/7.jpg","thumbnail":"https://randomuser.me/api/portraits/thumb/women/7.jpg"},"nat":"GB"}],"info":{"seed":"3883ba3ca0932c2e","results":1,"page":1,"version":"1.4"}} 
 </msg>
<msg time="2024-07-05T04:19:35.572576" level="INFO">/opt/hostedtoolcache/Python/3.12.4/x64/lib/python3.12/site-packages/urllib3/connectionpool.py:1099: InsecureRequestWarning: Unverified HTTPS request is being made to host 'randomuser.me'. Adding certificate verification is strongly advised. See: https://urllib3.readthedocs.io/en/latest/advanced-usage.html#tls-warnings
  warnings.warn(</msg>
<msg time="2024-07-05T04:19:35.572685" level="INFO">${response} = &lt;Response [200]&gt;</msg>
<var>${response}</var>
<arg>consultarAPI</arg>
<arg>/api</arg>
<doc>Sends a GET request on a previously created HTTP Session.</doc>
<status status="PASS" start="2024-07-05T04:19:35.476521" elapsed="0.096202"/>
</kw>
<kw name="Set Variable" owner="BuiltIn">
<msg time="2024-07-05T04:19:35.573650" level="INFO">${json_data} = {'results': [{'gender': 'female', 'name': {'title': 'Ms', 'first': 'Kaitlin', 'last': 'Chambers'}, 'location': {'street': {'number': 1326, 'name': 'London Road'}, 'city': 'Newcastle upon Tyne', 'state...</msg>
<var>${json_data}</var>
<arg>${response.json()}</arg>
<doc>Returns the given values which can then be assigned to a variables.</doc>
<status status="PASS" start="2024-07-05T04:19:35.573175" elapsed="0.000502"/>
</kw>
<kw name="Set Variable" owner="BuiltIn">
<msg time="2024-07-05T04:19:35.574361" level="INFO">${name_title} = Ms</msg>
<var>${name_title}</var>
<arg>${json_data["results"][0]["name"]["title"]}</arg>
<doc>Returns the given values which can then be assigned to a variables.</doc>
<status status="PASS" start="2024-07-05T04:19:35.573979" elapsed="0.000407"/>
</kw>
<kw name="Create List" owner="BuiltIn">
<msg time="2024-07-05T04:19:35.574827" level="INFO">${allowed_titles} = ['Mr', 'Ms', 'Miss', 'Mrs', 'Madame', 'Monsieur']</msg>
<var>${allowed_titles}</var>
<arg>Mr</arg>
<arg>Ms</arg>
<arg>Miss</arg>
<arg>Mrs</arg>
<arg>Madame</arg>
<arg>Monsieur</arg>
<doc>Returns a list containing given items.</doc>
<status status="PASS" start="2024-07-05T04:19:35.574680" elapsed="0.000172"/>
</kw>
<kw name="List Should Contain Value" owner="Collections">
<arg>${allowed_titles}</arg>
<arg>${name_title}</arg>
<doc>Fails if the ``value`` is not found from ``list``.</doc>
<status status="PASS" start="2024-07-05T04:19:35.575147" elapsed="0.000178"/>
</kw>
<kw name="Set Variable" owner="BuiltIn">
<msg time="2024-07-05T04:19:35.575911" level="INFO">${name_country} = GB</msg>
<var>${name_country}</var>
<arg>${json_data["results"][0]["nat"]}</arg>
<doc>Returns the given values which can then be assigned to a variables.</doc>
<status status="PASS" start="2024-07-05T04:19:35.575541" elapsed="0.000395"/>
</kw>
<kw name="Create List" owner="BuiltIn">
<msg time="2024-07-05T04:19:35.576815" level="INFO">${list_country} = ['AD', 'AE', 'AF', 'AG', 'AI', 'AL', 'AM', 'AO', 'AQ', 'AR', 'AS', 'AT', 'AU', 'AW', 'AX', 'AZ', 'BA', 'BB', 'BD', 'BE', 'BF', 'BG', 'BH', 'BI', 'BJ', 'BL', 'BM', 'BN', 'BO', 'BQ', 'BR', 'BS', 'BT', '...</msg>
<var>${list_country}</var>
<arg>AD</arg>
<arg>AE</arg>
<arg>AF</arg>
<arg>AG</arg>
<arg>AI</arg>
<arg>AL</arg>
<arg>AM</arg>
<arg>AO</arg>
<arg>AQ</arg>
<arg>AR</arg>
<arg>AS</arg>
<arg>AT</arg>
<arg>AU</arg>
<arg>AW</arg>
<arg>AX</arg>
<arg>AZ</arg>
<arg>BA</arg>
<arg>BB</arg>
<arg>BD</arg>
<arg>BE</arg>
<arg>BF</arg>
<arg>BG</arg>
<arg>BH</arg>
<arg>BI</arg>
<arg>BJ</arg>
<arg>BL</arg>
<arg>BM</arg>
<arg>BN</arg>
<arg>BO</arg>
<arg>BQ</arg>
<arg>BR</arg>
<arg>BS</arg>
<arg>BT</arg>
<arg>BV</arg>
<arg>BW</arg>
<arg>BY</arg>
<arg>BZ</arg>
<arg>CA</arg>
<arg>CC</arg>
<arg>CD</arg>
<arg>CF</arg>
<arg>CG</arg>
<arg>CH</arg>
<arg>CI</arg>
<arg>CK</arg>
<arg>CL</arg>
<arg>CM</arg>
<arg>CN</arg>
<arg>CO</arg>
<arg>CR</arg>
<arg>CU</arg>
<arg>CV</arg>
<arg>CW</arg>
<arg>CX</arg>
<arg>CY</arg>
<arg>CZ</arg>
<arg>DE</arg>
<arg>DJ</arg>
<arg>DK</arg>
<arg>DM</arg>
<arg>DO</arg>
<arg>DZ</arg>
<arg>EC</arg>
<arg>EE</arg>
<arg>EG</arg>
<arg>EH</arg>
<arg>ER</arg>
<arg>ES</arg>
<arg>ET</arg>
<arg>FI</arg>
<arg>FJ</arg>
<arg>FK</arg>
<arg>FM</arg>
<arg>FO</arg>
<arg>FR</arg>
<arg>GA</arg>
<arg>GB</arg>
<arg>GD</arg>
<arg>GE</arg>
<arg>GF</arg>
<arg>GG</arg>
<arg>GH</arg>
<arg>GI</arg>
<arg>GL</arg>
<arg>GM</arg>
<arg>GN</arg>
<arg>GP</arg>
<arg>GQ</arg>
<arg>GR</arg>
<arg>GS</arg>
<arg>GT</arg>
<arg>GU</arg>
<arg>GW</arg>
<arg>GY</arg>
<arg>HK</arg>
<arg>HM</arg>
<arg>HN</arg>
<arg>HR</arg>
<arg>HT</arg>
<arg>HU</arg>
<arg>ID</arg>
<arg>IE</arg>
<arg>IL</arg>
<arg>IM</arg>
<arg>IN</arg>
<arg>IO</arg>
<arg>IQ</arg>
<arg>IR</arg>
<arg>IS</arg>
<arg>IT</arg>
<arg>JE</arg>
<arg>JM</arg>
<arg>JO</arg>
<arg>JP</arg>
<arg>KE</arg>
<arg>KG</arg>
<arg>KH</arg>
<arg>KI</arg>
<arg>KM</arg>
<arg>KN</arg>
<arg>KP</arg>
<arg>KR</arg>
<arg>KW</arg>
<arg>KY</arg>
<arg>KZ</arg>
<arg>LA</arg>
<arg>LB</arg>
<arg>LC</arg>
<arg>LI</arg>
<arg>LK</arg>
<arg>LR</arg>
<arg>LS</arg>
<arg>LT</arg>
<arg>LU</arg>
<arg>LV</arg>
<arg>LY</arg>
<arg>MA</arg>
<arg>MC</arg>
<arg>MD</arg>
<arg>ME</arg>
<arg>MF</arg>
<arg>MG</arg>
<arg>MH</arg>
<arg>MK</arg>
<arg>ML</arg>
<arg>MM</arg>
<arg>MN</arg>
<arg>MO</arg>
<arg>MP</arg>
<arg>MQ</arg>
<arg>MR</arg>
<arg>MS</arg>
<arg>MT</arg>
<arg>MU</arg>
<arg>MV</arg>
<arg>MW</arg>
<arg>MX</arg>
<arg>MY</arg>
<arg>MZ</arg>
<arg>NA</arg>
<arg>NC</arg>
<arg>NE</arg>
<arg>NF</arg>
<arg>NG</arg>
<arg>NI</arg>
<arg>NL</arg>
<arg>NO</arg>
<arg>NP</arg>
<arg>NR</arg>
<arg>NU</arg>
<arg>NZ</arg>
<arg>OM</arg>
<arg>PA</arg>
<arg>PE</arg>
<arg>PF</arg>
<arg>PG</arg>
<arg>PH</arg>
<arg>PK</arg>
<arg>PL</arg>
<arg>PM</arg>
<arg>PN</arg>
<arg>PR</arg>
<arg>PS</arg>
<arg>PT</arg>
<arg>PW</arg>
<arg>PY</arg>
<arg>QA</arg>
<arg>RE</arg>
<arg>RO</arg>
<arg>RS</arg>
<arg>RU</arg>
<arg>RW</arg>
<arg>SA</arg>
<arg>SB</arg>
<arg>SC</arg>
<arg>SD</arg>
<arg>SE</arg>
<arg>SG</arg>
<arg>SH</arg>
<arg>SI</arg>
<arg>SJ</arg>
<arg>SK</arg>
<arg>SL</arg>
<arg>SM</arg>
<arg>SN</arg>
<arg>SO</arg>
<arg>SR</arg>
<arg>SS</arg>
<arg>ST</arg>
<arg>SV</arg>
<arg>SX</arg>
<arg>SY</arg>
<arg>SZ</arg>
<arg>TC</arg>
<arg>TD</arg>
<arg>TF</arg>
<arg>TG</arg>
<arg>TH</arg>
<arg>TJ</arg>
<arg>TK</arg>
<arg>TL</arg>
<arg>TM</arg>
<arg>TN</arg>
<arg>TO</arg>
<arg>TR</arg>
<arg>TT</arg>
<arg>TV</arg>
<arg>TW</arg>
<arg>TZ</arg>
<arg>UA</arg>
<arg>UG</arg>
<arg>UM</arg>
<arg>US</arg>
<arg>UY</arg>
<arg>UZ</arg>
<arg>VA</arg>
<arg>VC</arg>
<arg>VE</arg>
<arg>VG</arg>
<arg>VI</arg>
<arg>VN</arg>
<arg>VU</arg>
<arg>WF</arg>
<arg>WS</arg>
<arg>XK</arg>
<arg>YE</arg>
<arg>YT</arg>
<arg>ZA</arg>
<arg>ZM</arg>
<arg>ZW</arg>
<doc>Returns a list containing given items.</doc>
<status status="PASS" start="2024-07-05T04:19:35.576231" elapsed="0.000609"/>
</kw>
<kw name="List Should Contain Value" owner="Collections">
<arg>${list_country}</arg>
<arg>${name_country}</arg>
<doc>Fails if the ``value`` is not found from ``list``.</doc>
<status status="PASS" start="2024-07-05T04:19:35.577628" elapsed="0.000198"/>
</kw>
<kw name="Run Keyword If" owner="BuiltIn">
<kw name="Should Be True" owner="BuiltIn">
<arg>${True}</arg>
<doc>Fails if the given condition is not true.</doc>
<status status="PASS" start="2024-07-05T04:19:35.578753" elapsed="0.000141"/>
</kw>
<arg>${json_data["results"][0]["location"]["coordinates"]["latitude"]} &gt;= -90 and ${json_data["results"][0]["location"]["coordinates"]["latitude"]} &lt;= 90</arg>
<arg>Should Be True</arg>
<arg>${True}</arg>
<doc>Runs the given keyword with the given arguments, if ``condition`` is true.</doc>
<status status="PASS" start="2024-07-05T04:19:35.578020" elapsed="0.001000"/>
</kw>
<kw name="Run Keyword If" owner="BuiltIn">
<kw name="Should Be True" owner="BuiltIn">
<arg>${True}</arg>
<doc>Fails if the given condition is not true.</doc>
<status status="PASS" start="2024-07-05T04:19:35.579914" elapsed="0.000239"/>
</kw>
<arg>${json_data["results"][0]["location"]["coordinates"]["longitude"]} &gt;= -180 and ${json_data["results"][0]["location"]["coordinates"]["longitude"]} &lt;= 180</arg>
<arg>Should Be True</arg>
<arg>${True}</arg>
<doc>Runs the given keyword with the given arguments, if ``condition`` is true.</doc>
<status status="PASS" start="2024-07-05T04:19:35.579198" elapsed="0.001083"/>
</kw>
<status status="PASS" start="2024-07-05T04:19:35.476295" elapsed="0.104121"/>
</kw>
<doc>Testa o conteúdo específico dos campos retornados pela API.</doc>
<tag>testeConteudo</tag>
<status status="PASS" start="2024-07-05T04:19:35.475762" elapsed="0.104804"/>
</test>
<status status="PASS" start="2024-07-05T04:19:34.755764" elapsed="0.826726"/>
</suite>
<status status="PASS" start="2024-07-05T04:19:34.741492" elapsed="0.845915"/>
</suite>
<statistics>
<total>
<stat pass="5" fail="0" skip="0">All Tests</stat>
</total>
<tag>
<stat pass="1" fail="0" skip="0">testeConteudo</stat>
<stat pass="1" fail="0" skip="0">testeEstruturaResposta</stat>
<stat pass="1" fail="0" skip="0">testeRequisicaoBasica</stat>
<stat pass="1" fail="0" skip="0">testeTiposDados</stat>
</tag>
<suite>
<stat pass="5" fail="0" skip="0" id="s1" name="Tests">Tests</stat>
<stat pass="5" fail="0" skip="0" id="s1-s1" name="Random-User-Test">Tests.Random-User-Test</stat>
</suite>
</statistics>
<errors>
</errors>
</robot>
