<?xml version="1.0" encoding="UTF-8"?>
<robot generator="Robot 7.0 (Python 3.12.3 on linux)" generated="2024-05-18T07:14:41.967381" rpa="false" schemaversion="5">
<suite id="s1" name="Tests" source="/home/runner/work/DesafioQAItauRogerioJordao/DesafioQAItauRogerioJordao/RamdonUser/tests">
<suite id="s1-s1" name="Random-User-Test" source="/home/runner/work/DesafioQAItauRogerioJordao/DesafioQAItauRogerioJordao/RamdonUser/tests/random-user-test.robot">
<test id="s1-s1-t1" name="Conectar" line="13">
<kw name="Conectar API" owner="random-user-service">
<kw name="Create Session" owner="RequestsLibrary">
<msg time="2024-05-18T07:14:42.311865" level="INFO">Creating Session using : alias=consultarAPI, url=https://randomuser.me/, headers={},                     cookies={}, auth=None, timeout=None, proxies=None, verify=False,                     debug=0 </msg>
<arg>consultarAPI</arg>
<arg>${URL}</arg>
<doc>Create Session: create a HTTP session to a server</doc>
<status status="PASS" start="2024-05-18T07:14:42.311682" elapsed="0.000344"/>
</kw>
<status status="PASS" start="2024-05-18T07:14:42.310780" elapsed="0.001572"/>
</kw>
<status status="PASS" start="2024-05-18T07:14:42.310279" elapsed="0.002250"/>
</test>
<test id="s1-s1-t2" name="Validar retorno 200 e JSON Válido" line="16">
<kw name="Teste de Requisicao Basica" owner="random-user-service">
<kw name="GET On Session" owner="RequestsLibrary">
<msg time="2024-05-18T07:14:42.654291" level="INFO">GET Request : url=https://randomuser.me/api 
 path_url=/api 
 headers={'User-Agent': 'python-requests/2.31.0', 'Accept-Encoding': 'gzip, deflate', 'Accept': '*/*', 'Connection': 'keep-alive'} 
 body=None 
 </msg>
<msg time="2024-05-18T07:14:42.654387" level="INFO">GET Response : url=https://randomuser.me/api 
 status=200, reason=OK 
 headers={'Date': 'Sat, 18 May 2024 07:14:42 GMT', 'Content-Type': 'application/json; charset=utf-8', 'Transfer-Encoding': 'chunked', 'Connection': 'keep-alive', 'X-Powered-By': 'Express', 'Access-Control-Allow-Origin': '*', 'Cache-Control': 'no-cache', 'ETag': 'W/"48f-kP3Z7ELzxPsVoVMamLkKGKd4Doc"', 'Vary': 'Accept-Encoding', 'Content-Encoding': 'gzip', 'CF-Cache-Status': 'DYNAMIC', 'Report-To': '{"endpoints":[{"url":"https:\\/\\/a.nel.cloudflare.com\\/report\\/v4?s=WViWMXsvLLhE9jEHiLw3hJMoeFup8P%2FAlgL%2FC7WN2h4%2FNjhPOTRDR4TUWcdEwQe80WqxVdcN64NXVwSW%2FBp%2Bk5YTRagZEow3Ict7aDk3CEwEGbQgpf2yHEI8ywkgPqI2"}],"group":"cf-nel","max_age":604800}', 'NEL': '{"success_fraction":0,"report_to":"cf-nel","max_age":604800}', 'Server': 'cloudflare', 'CF-RAY': '885a0d4869712084-IAD', 'alt-svc': 'h3=":443"; ma=86400'} 
 body={"results":[{"gender":"male","name":{"title":"Mr","first":"Lloyd","last":"Weaver"},"location":{"street":{"number":4751,"name":"New Street"},"city":"City of London","state":"Worcestershire","country":"United Kingdom","postcode":"TW0V 7WZ","coordinates":{"latitude":"-7.1124","longitude":"-162.6514"},"timezone":{"offset":"-2:00","description":"Mid-Atlantic"}},"email":"lloyd.weaver@example.com","login":{"uuid":"9f5773fb-1f49-494d-a40d-e4027bf287e4","username":"beautifulswan905","password":"dragon","salt":"h9qMMsZN","md5":"5ba2e9289f42de7f6e6a50227dbb5dfa","sha1":"190bd3c5dee604e073e590d36ab4019883878dcf","sha256":"0531e82ccaa4f1ba6bacd9e5de25f2e8b4c6a3b9c4333542ba6ecb3f8e266e9a"},"dob":{"date":"1961-11-27T14:06:59.058Z","age":62},"registered":{"date":"2002-05-12T15:19:06.181Z","age":22},"phone":"017683 20603","cell":"07845 216340","id":{"name":"NINO","value":"KH 65 86 27 F"},"picture":{"large":"https://randomuser.me/api/portraits/men/14.jpg","medium":"https://randomuser.me/api/portraits/med/men/14.jpg","thumbnail":"https://randomuser.me/api/portraits/thumb/men/14.jpg"},"nat":"GB"}],"info":{"seed":"59ee9f20393c0891","results":1,"page":1,"version":"1.4"}} 
 </msg>
<msg time="2024-05-18T07:14:42.654450" level="INFO">/opt/hostedtoolcache/Python/3.12.3/x64/lib/python3.12/site-packages/urllib3/connectionpool.py:1103: InsecureRequestWarning: Unverified HTTPS request is being made to host 'randomuser.me'. Adding certificate verification is strongly advised. See: https://urllib3.readthedocs.io/en/latest/advanced-usage.html#tls-warnings
  warnings.warn(</msg>
<msg time="2024-05-18T07:14:42.654568" level="INFO">${response} = &lt;Response [200]&gt;</msg>
<var>${response}</var>
<arg>consultarAPI</arg>
<arg>/api</arg>
<doc>Sends a GET request on a previously created HTTP Session.</doc>
<status status="PASS" start="2024-05-18T07:14:42.315127" elapsed="0.339481"/>
</kw>
<kw name="Should Be Equal As Numbers" owner="BuiltIn">
<msg time="2024-05-18T07:14:42.655422" level="INFO">Argument types are:
&lt;class 'int'&gt;
&lt;class 'str'&gt;</msg>
<arg>${response.status_code}</arg>
<arg>200</arg>
<doc>Fails if objects are unequal after converting them to real numbers.</doc>
<status status="PASS" start="2024-05-18T07:14:42.655001" elapsed="0.000493"/>
</kw>
<kw name="Log" owner="BuiltIn">
<msg time="2024-05-18T07:14:42.656193" level="INFO">200</msg>
<arg>${response.status_code}</arg>
<doc>Logs the given message with the given level.</doc>
<status status="PASS" start="2024-05-18T07:14:42.655835" elapsed="0.000399"/>
</kw>
<kw name="Set Variable" owner="BuiltIn">
<msg time="2024-05-18T07:14:42.656922" level="INFO">${json_data} = {'results': [{'gender': 'male', 'name': {'title': 'Mr', 'first': 'Lloyd', 'last': 'Weaver'}, 'location': {'street': {'number': 4751, 'name': 'New Street'}, 'city': 'City of London', 'state': 'Worceste...</msg>
<var>${json_data}</var>
<arg>${response.json()}</arg>
<doc>Returns the given values which can then be assigned to a variables.</doc>
<status status="PASS" start="2024-05-18T07:14:42.656525" elapsed="0.000422"/>
</kw>
<kw name="Dictionary Should Contain Key" owner="Collections">
<msg time="2024-05-18T07:14:42.657369" level="INFO">False</msg>
<arg>${json_data}</arg>
<arg>results</arg>
<doc>Fails if ``key`` is not found from ``dictionary``.</doc>
<status status="PASS" start="2024-05-18T07:14:42.657220" elapsed="0.000185"/>
</kw>
<status status="PASS" start="2024-05-18T07:14:42.314884" elapsed="0.342751"/>
</kw>
<doc>Testa se a API responde corretamente e retorna um objeto JSON válido.</doc>
<tag>testeRequisicaoBasica</tag>
<status status="PASS" start="2024-05-18T07:14:42.314315" elapsed="0.343474"/>
</test>
<test id="s1-s1-t3" name="Validar estrutura de resposta" line="22">
<kw name="Teste de Estrutura de Resposta" owner="random-user-service">
<kw name="GET On Session" owner="RequestsLibrary">
<msg time="2024-05-18T07:14:42.752737" level="INFO">GET Request : url=https://randomuser.me/api 
 path_url=/api 
 headers={'User-Agent': 'python-requests/2.31.0', 'Accept-Encoding': 'gzip, deflate', 'Accept': '*/*', 'Connection': 'keep-alive'} 
 body=None 
 </msg>
<msg time="2024-05-18T07:14:42.752841" level="INFO">GET Response : url=https://randomuser.me/api 
 status=200, reason=OK 
 headers={'Date': 'Sat, 18 May 2024 07:14:42 GMT', 'Content-Type': 'application/json; charset=utf-8', 'Transfer-Encoding': 'chunked', 'Connection': 'keep-alive', 'X-Powered-By': 'Express', 'Access-Control-Allow-Origin': '*', 'Cache-Control': 'no-cache', 'ETag': 'W/"48a-eDpVdzYHkBfndk5HQ86O3ix2JUQ"', 'Vary': 'Accept-Encoding', 'Content-Encoding': 'gzip', 'CF-Cache-Status': 'DYNAMIC', 'Report-To': '{"endpoints":[{"url":"https:\\/\\/a.nel.cloudflare.com\\/report\\/v4?s=jLs9F%2FGIcTqd0A0RBu2CPdcFfJv6GL8Og99OLX8n5lDeIPX8ZpDgfzr3fOcJSgIIAKZLtagviEkZ6gdumLRCfizmsCQ9CD7%2BOUCwTlxXceoUEZenWeSAUvF8ICFQ%2Butv"}],"group":"cf-nel","max_age":604800}', 'NEL': '{"success_fraction":0,"report_to":"cf-nel","max_age":604800}', 'Server': 'cloudflare', 'CF-RAY': '885a0d48a9b92084-IAD', 'alt-svc': 'h3=":443"; ma=86400'} 
 body={"results":[{"gender":"female","name":{"title":"Mrs","first":"ثنا","last":"کامروا"},"location":{"street":{"number":6054,"name":"پیروزی"},"city":"کرج","state":"چهارمحال و بختیاری","country":"Iran","postcode":11745,"coordinates":{"latitude":"21.0230","longitude":"73.2972"},"timezone":{"offset":"-2:00","description":"Mid-Atlantic"}},"email":"thn.khmrw@example.com","login":{"uuid":"5d869fec-0a96-4bec-b90f-9fb1619c25e3","username":"whitemeercat995","password":"333333","salt":"PJxR6UCL","md5":"fb382d896392911e3d4cb95d8d390ad8","sha1":"5c6376934d3505a47f8c88bd08b95d60136608c0","sha256":"cdbbb09a672409bac344963fc5f8a4759f5802d456fc6933a705fbfc3d586719"},"dob":{"date":"1984-11-01T02:52:31.929Z","age":39},"registered":{"date":"2003-09-25T20:43:17.328Z","age":20},"phone":"016-81392055","cell":"0965-558-8422","id":{"name":"","value":null},"picture":{"large":"https://randomuser.me/api/portraits/women/41.jpg","medium":"https://randomuser.me/api/portraits/med/women/41.jpg","thumbnail":"https://randomuser.me/api/portraits/thumb/women/41.jpg"},"nat":"IR"}],"info":{"seed":"96272340e75631d1","results":1,"page":1,"version":"1.4"}} 
 </msg>
<msg time="2024-05-18T07:14:42.752951" level="INFO">/opt/hostedtoolcache/Python/3.12.3/x64/lib/python3.12/site-packages/urllib3/connectionpool.py:1103: InsecureRequestWarning: Unverified HTTPS request is being made to host 'randomuser.me'. Adding certificate verification is strongly advised. See: https://urllib3.readthedocs.io/en/latest/advanced-usage.html#tls-warnings
  warnings.warn(</msg>
<msg time="2024-05-18T07:14:42.753053" level="INFO">${response} = &lt;Response [200]&gt;</msg>
<var>${response}</var>
<arg>consultarAPI</arg>
<arg>/api</arg>
<doc>Sends a GET request on a previously created HTTP Session.</doc>
<status status="PASS" start="2024-05-18T07:14:42.660215" elapsed="0.092878"/>
</kw>
<kw name="Set Variable" owner="BuiltIn">
<msg time="2024-05-18T07:14:42.753862" level="INFO">${json_data} = {'results': [{'gender': 'female', 'name': {'title': 'Mrs', 'first': 'ثنا', 'last': 'کامروا'}, 'location': {'street': {'number': 6054, 'name': 'پیروزی'}, 'city': 'کرج', 'state': 'چهارمحال و بختیاری', '...</msg>
<var>${json_data}</var>
<arg>${response.json()}</arg>
<doc>Returns the given values which can then be assigned to a variables.</doc>
<status status="PASS" start="2024-05-18T07:14:42.753430" elapsed="0.000460"/>
</kw>
<kw name="Log" owner="BuiltIn">
<msg time="2024-05-18T07:14:42.754327" level="INFO">{'results': [{'gender': 'female', 'name': {'title': 'Mrs', 'first': 'ثنا', 'last': 'کامروا'}, 'location': {'street': {'number': 6054, 'name': 'پیروزی'}, 'city': 'کرج', 'state': 'چهارمحال و بختیاری', 'country': 'Iran', 'postcode': 11745, 'coordinates': {'latitude': '21.0230', 'longitude': '73.2972'}, 'timezone': {'offset': '-2:00', 'description': 'Mid-Atlantic'}}, 'email': 'thn.khmrw@example.com', 'login': {'uuid': '5d869fec-0a96-4bec-b90f-9fb1619c25e3', 'username': 'whitemeercat995', 'password': '333333', 'salt': 'PJxR6UCL', 'md5': 'fb382d896392911e3d4cb95d8d390ad8', 'sha1': '5c6376934d3505a47f8c88bd08b95d60136608c0', 'sha256': 'cdbbb09a672409bac344963fc5f8a4759f5802d456fc6933a705fbfc3d586719'}, 'dob': {'date': '1984-11-01T02:52:31.929Z', 'age': 39}, 'registered': {'date': '2003-09-25T20:43:17.328Z', 'age': 20}, 'phone': '016-81392055', 'cell': '0965-558-8422', 'id': {'name': '', 'value': None}, 'picture': {'large': 'https://randomuser.me/api/portraits/women/41.jpg', 'medium': 'https://randomuser.me/api/portraits/med/women/41.jpg', 'thumbnail': 'https://randomuser.me/api/portraits/thumb/women/41.jpg'}, 'nat': 'IR'}], 'info': {'seed': '96272340e75631d1', 'results': 1, 'page': 1, 'version': '1.4'}}</msg>
<arg>${json_data}</arg>
<doc>Logs the given message with the given level.</doc>
<status status="PASS" start="2024-05-18T07:14:42.754172" elapsed="0.000202"/>
</kw>
<kw name="Dictionary Should Contain Key" owner="Collections">
<msg time="2024-05-18T07:14:42.754825" level="INFO">False</msg>
<arg>${json_data}</arg>
<arg>results</arg>
<doc>Fails if ``key`` is not found from ``dictionary``.</doc>
<status status="PASS" start="2024-05-18T07:14:42.754666" elapsed="0.000196"/>
</kw>
<kw name="Should Not Be Empty" owner="BuiltIn">
<msg time="2024-05-18T07:14:42.755286" level="INFO">Length is 2.</msg>
<arg>${json_data}</arg>
<doc>Verifies that the given item is not empty.</doc>
<status status="PASS" start="2024-05-18T07:14:42.755153" elapsed="0.000209"/>
</kw>
<kw name="Create List" owner="BuiltIn">
<msg time="2024-05-18T07:14:42.755938" level="INFO">${expected_keys} = ['gender', 'name', 'location', 'email', 'login']</msg>
<var>${expected_keys}</var>
<arg>gender</arg>
<arg>name</arg>
<arg>location</arg>
<arg>email</arg>
<arg>login</arg>
<doc>Returns a list containing given items.</doc>
<status status="PASS" start="2024-05-18T07:14:42.755671" elapsed="0.000291"/>
</kw>
<for flavor="IN">
<iter>
<kw name="Dictionary Should Contain Key" owner="Collections">
<msg time="2024-05-18T07:14:42.756949" level="INFO">False</msg>
<arg>${json_data['results'][0]}</arg>
<arg>${key}</arg>
<doc>Fails if ``key`` is not found from ``dictionary``.</doc>
<status status="PASS" start="2024-05-18T07:14:42.756537" elapsed="0.000451"/>
</kw>
<kw name="Log" owner="BuiltIn">
<msg time="2024-05-18T07:14:42.757657" level="INFO">{'gender': 'female', 'name': {'title': 'Mrs', 'first': 'ثنا', 'last': 'کامروا'}, 'location': {'street': {'number': 6054, 'name': 'پیروزی'}, 'city': 'کرج', 'state': 'چهارمحال و بختیاری', 'country': 'Iran', 'postcode': 11745, 'coordinates': {'latitude': '21.0230', 'longitude': '73.2972'}, 'timezone': {'offset': '-2:00', 'description': 'Mid-Atlantic'}}, 'email': 'thn.khmrw@example.com', 'login': {'uuid': '5d869fec-0a96-4bec-b90f-9fb1619c25e3', 'username': 'whitemeercat995', 'password': '333333', 'salt': 'PJxR6UCL', 'md5': 'fb382d896392911e3d4cb95d8d390ad8', 'sha1': '5c6376934d3505a47f8c88bd08b95d60136608c0', 'sha256': 'cdbbb09a672409bac344963fc5f8a4759f5802d456fc6933a705fbfc3d586719'}, 'dob': {'date': '1984-11-01T02:52:31.929Z', 'age': 39}, 'registered': {'date': '2003-09-25T20:43:17.328Z', 'age': 20}, 'phone': '016-81392055', 'cell': '0965-558-8422', 'id': {'name': '', 'value': None}, 'picture': {'large': 'https://randomuser.me/api/portraits/women/41.jpg', 'medium': 'https://randomuser.me/api/portraits/med/women/41.jpg', 'thumbnail': 'https://randomuser.me/api/portraits/thumb/women/41.jpg'}, 'nat': 'IR'}</msg>
<arg>${json_data['results'][0]}</arg>
<doc>Logs the given message with the given level.</doc>
<status status="PASS" start="2024-05-18T07:14:42.757287" elapsed="0.000423"/>
</kw>
<kw name="Log" owner="BuiltIn">
<msg time="2024-05-18T07:14:42.758141" level="INFO">gender</msg>
<arg>${key}</arg>
<doc>Logs the given message with the given level.</doc>
<status status="PASS" start="2024-05-18T07:14:42.758012" elapsed="0.000165"/>
</kw>
<var name="${key}">gender</var>
<status status="PASS" start="2024-05-18T07:14:42.756409" elapsed="0.001981"/>
</iter>
<iter>
<kw name="Dictionary Should Contain Key" owner="Collections">
<msg time="2024-05-18T07:14:42.759075" level="INFO">False</msg>
<arg>${json_data['results'][0]}</arg>
<arg>${key}</arg>
<doc>Fails if ``key`` is not found from ``dictionary``.</doc>
<status status="PASS" start="2024-05-18T07:14:42.758689" elapsed="0.000424"/>
</kw>
<kw name="Log" owner="BuiltIn">
<msg time="2024-05-18T07:14:42.759833" level="INFO">{'gender': 'female', 'name': {'title': 'Mrs', 'first': 'ثنا', 'last': 'کامروا'}, 'location': {'street': {'number': 6054, 'name': 'پیروزی'}, 'city': 'کرج', 'state': 'چهارمحال و بختیاری', 'country': 'Iran', 'postcode': 11745, 'coordinates': {'latitude': '21.0230', 'longitude': '73.2972'}, 'timezone': {'offset': '-2:00', 'description': 'Mid-Atlantic'}}, 'email': 'thn.khmrw@example.com', 'login': {'uuid': '5d869fec-0a96-4bec-b90f-9fb1619c25e3', 'username': 'whitemeercat995', 'password': '333333', 'salt': 'PJxR6UCL', 'md5': 'fb382d896392911e3d4cb95d8d390ad8', 'sha1': '5c6376934d3505a47f8c88bd08b95d60136608c0', 'sha256': 'cdbbb09a672409bac344963fc5f8a4759f5802d456fc6933a705fbfc3d586719'}, 'dob': {'date': '1984-11-01T02:52:31.929Z', 'age': 39}, 'registered': {'date': '2003-09-25T20:43:17.328Z', 'age': 20}, 'phone': '016-81392055', 'cell': '0965-558-8422', 'id': {'name': '', 'value': None}, 'picture': {'large': 'https://randomuser.me/api/portraits/women/41.jpg', 'medium': 'https://randomuser.me/api/portraits/med/women/41.jpg', 'thumbnail': 'https://randomuser.me/api/portraits/thumb/women/41.jpg'}, 'nat': 'IR'}</msg>
<arg>${json_data['results'][0]}</arg>
<doc>Logs the given message with the given level.</doc>
<status status="PASS" start="2024-05-18T07:14:42.759467" elapsed="0.000419"/>
</kw>
<kw name="Log" owner="BuiltIn">
<msg time="2024-05-18T07:14:42.760312" level="INFO">name</msg>
<arg>${key}</arg>
<doc>Logs the given message with the given level.</doc>
<status status="PASS" start="2024-05-18T07:14:42.760185" elapsed="0.000165"/>
</kw>
<var name="${key}">name</var>
<status status="PASS" start="2024-05-18T07:14:42.758575" elapsed="0.001989"/>
</iter>
<iter>
<kw name="Dictionary Should Contain Key" owner="Collections">
<msg time="2024-05-18T07:14:42.761231" level="INFO">False</msg>
<arg>${json_data['results'][0]}</arg>
<arg>${key}</arg>
<doc>Fails if ``key`` is not found from ``dictionary``.</doc>
<status status="PASS" start="2024-05-18T07:14:42.760851" elapsed="0.000417"/>
</kw>
<kw name="Log" owner="BuiltIn">
<msg time="2024-05-18T07:14:42.761920" level="INFO">{'gender': 'female', 'name': {'title': 'Mrs', 'first': 'ثنا', 'last': 'کامروا'}, 'location': {'street': {'number': 6054, 'name': 'پیروزی'}, 'city': 'کرج', 'state': 'چهارمحال و بختیاری', 'country': 'Iran', 'postcode': 11745, 'coordinates': {'latitude': '21.0230', 'longitude': '73.2972'}, 'timezone': {'offset': '-2:00', 'description': 'Mid-Atlantic'}}, 'email': 'thn.khmrw@example.com', 'login': {'uuid': '5d869fec-0a96-4bec-b90f-9fb1619c25e3', 'username': 'whitemeercat995', 'password': '333333', 'salt': 'PJxR6UCL', 'md5': 'fb382d896392911e3d4cb95d8d390ad8', 'sha1': '5c6376934d3505a47f8c88bd08b95d60136608c0', 'sha256': 'cdbbb09a672409bac344963fc5f8a4759f5802d456fc6933a705fbfc3d586719'}, 'dob': {'date': '1984-11-01T02:52:31.929Z', 'age': 39}, 'registered': {'date': '2003-09-25T20:43:17.328Z', 'age': 20}, 'phone': '016-81392055', 'cell': '0965-558-8422', 'id': {'name': '', 'value': None}, 'picture': {'large': 'https://randomuser.me/api/portraits/women/41.jpg', 'medium': 'https://randomuser.me/api/portraits/med/women/41.jpg', 'thumbnail': 'https://randomuser.me/api/portraits/thumb/women/41.jpg'}, 'nat': 'IR'}</msg>
<arg>${json_data['results'][0]}</arg>
<doc>Logs the given message with the given level.</doc>
<status status="PASS" start="2024-05-18T07:14:42.761562" elapsed="0.000409"/>
</kw>
<kw name="Log" owner="BuiltIn">
<msg time="2024-05-18T07:14:42.762391" level="INFO">location</msg>
<arg>${key}</arg>
<doc>Logs the given message with the given level.</doc>
<status status="PASS" start="2024-05-18T07:14:42.762265" elapsed="0.000163"/>
</kw>
<var name="${key}">location</var>
<status status="PASS" start="2024-05-18T07:14:42.760740" elapsed="0.001902"/>
</iter>
<iter>
<kw name="Dictionary Should Contain Key" owner="Collections">
<msg time="2024-05-18T07:14:42.763306" level="INFO">False</msg>
<arg>${json_data['results'][0]}</arg>
<arg>${key}</arg>
<doc>Fails if ``key`` is not found from ``dictionary``.</doc>
<status status="PASS" start="2024-05-18T07:14:42.762922" elapsed="0.000458"/>
</kw>
<kw name="Log" owner="BuiltIn">
<msg time="2024-05-18T07:14:42.764051" level="INFO">{'gender': 'female', 'name': {'title': 'Mrs', 'first': 'ثنا', 'last': 'کامروا'}, 'location': {'street': {'number': 6054, 'name': 'پیروزی'}, 'city': 'کرج', 'state': 'چهارمحال و بختیاری', 'country': 'Iran', 'postcode': 11745, 'coordinates': {'latitude': '21.0230', 'longitude': '73.2972'}, 'timezone': {'offset': '-2:00', 'description': 'Mid-Atlantic'}}, 'email': 'thn.khmrw@example.com', 'login': {'uuid': '5d869fec-0a96-4bec-b90f-9fb1619c25e3', 'username': 'whitemeercat995', 'password': '333333', 'salt': 'PJxR6UCL', 'md5': 'fb382d896392911e3d4cb95d8d390ad8', 'sha1': '5c6376934d3505a47f8c88bd08b95d60136608c0', 'sha256': 'cdbbb09a672409bac344963fc5f8a4759f5802d456fc6933a705fbfc3d586719'}, 'dob': {'date': '1984-11-01T02:52:31.929Z', 'age': 39}, 'registered': {'date': '2003-09-25T20:43:17.328Z', 'age': 20}, 'phone': '016-81392055', 'cell': '0965-558-8422', 'id': {'name': '', 'value': None}, 'picture': {'large': 'https://randomuser.me/api/portraits/women/41.jpg', 'medium': 'https://randomuser.me/api/portraits/med/women/41.jpg', 'thumbnail': 'https://randomuser.me/api/portraits/thumb/women/41.jpg'}, 'nat': 'IR'}</msg>
<arg>${json_data['results'][0]}</arg>
<doc>Logs the given message with the given level.</doc>
<status status="PASS" start="2024-05-18T07:14:42.763691" elapsed="0.000411"/>
</kw>
<kw name="Log" owner="BuiltIn">
<msg time="2024-05-18T07:14:42.764525" level="INFO">email</msg>
<arg>${key}</arg>
<doc>Logs the given message with the given level.</doc>
<status status="PASS" start="2024-05-18T07:14:42.764397" elapsed="0.000165"/>
</kw>
<var name="${key}">email</var>
<status status="PASS" start="2024-05-18T07:14:42.762812" elapsed="0.001970"/>
</iter>
<iter>
<kw name="Dictionary Should Contain Key" owner="Collections">
<msg time="2024-05-18T07:14:42.765449" level="INFO">False</msg>
<arg>${json_data['results'][0]}</arg>
<arg>${key}</arg>
<doc>Fails if ``key`` is not found from ``dictionary``.</doc>
<status status="PASS" start="2024-05-18T07:14:42.765064" elapsed="0.000423"/>
</kw>
<kw name="Log" owner="BuiltIn">
<msg time="2024-05-18T07:14:42.766151" level="INFO">{'gender': 'female', 'name': {'title': 'Mrs', 'first': 'ثنا', 'last': 'کامروا'}, 'location': {'street': {'number': 6054, 'name': 'پیروزی'}, 'city': 'کرج', 'state': 'چهارمحال و بختیاری', 'country': 'Iran', 'postcode': 11745, 'coordinates': {'latitude': '21.0230', 'longitude': '73.2972'}, 'timezone': {'offset': '-2:00', 'description': 'Mid-Atlantic'}}, 'email': 'thn.khmrw@example.com', 'login': {'uuid': '5d869fec-0a96-4bec-b90f-9fb1619c25e3', 'username': 'whitemeercat995', 'password': '333333', 'salt': 'PJxR6UCL', 'md5': 'fb382d896392911e3d4cb95d8d390ad8', 'sha1': '5c6376934d3505a47f8c88bd08b95d60136608c0', 'sha256': 'cdbbb09a672409bac344963fc5f8a4759f5802d456fc6933a705fbfc3d586719'}, 'dob': {'date': '1984-11-01T02:52:31.929Z', 'age': 39}, 'registered': {'date': '2003-09-25T20:43:17.328Z', 'age': 20}, 'phone': '016-81392055', 'cell': '0965-558-8422', 'id': {'name': '', 'value': None}, 'picture': {'large': 'https://randomuser.me/api/portraits/women/41.jpg', 'medium': 'https://randomuser.me/api/portraits/med/women/41.jpg', 'thumbnail': 'https://randomuser.me/api/portraits/thumb/women/41.jpg'}, 'nat': 'IR'}</msg>
<arg>${json_data['results'][0]}</arg>
<doc>Logs the given message with the given level.</doc>
<status status="PASS" start="2024-05-18T07:14:42.765780" elapsed="0.000421"/>
</kw>
<kw name="Log" owner="BuiltIn">
<msg time="2024-05-18T07:14:42.766631" level="INFO">login</msg>
<arg>${key}</arg>
<doc>Logs the given message with the given level.</doc>
<status status="PASS" start="2024-05-18T07:14:42.766506" elapsed="0.000163"/>
</kw>
<var name="${key}">login</var>
<status status="PASS" start="2024-05-18T07:14:42.764953" elapsed="0.001952"/>
</iter>
<var>${key}</var>
<value>@{expected_keys}</value>
<status status="PASS" start="2024-05-18T07:14:42.756223" elapsed="0.010809"/>
</for>
<kw name="Create List" owner="BuiltIn">
<msg time="2024-05-18T07:14:42.767381" level="INFO">${expected_keysTwo} = ['username', 'password']</msg>
<var>${expected_keysTwo}</var>
<arg>username</arg>
<arg>password</arg>
<doc>Returns a list containing given items.</doc>
<status status="PASS" start="2024-05-18T07:14:42.767223" elapsed="0.000182"/>
</kw>
<for flavor="IN">
<iter>
<kw name="Dictionary Should Contain Key" owner="Collections">
<msg time="2024-05-18T07:14:42.768289" level="INFO">False</msg>
<arg>${json_data['results'][0]['login']}</arg>
<arg>${keyTwo}</arg>
<doc>Fails if ``key`` is not found from ``dictionary``.</doc>
<status status="PASS" start="2024-05-18T07:14:42.767905" elapsed="0.000420"/>
</kw>
<kw name="Dictionary Should Contain Key" owner="Collections">
<msg time="2024-05-18T07:14:42.768986" level="INFO">False</msg>
<arg>${json_data['results'][0]['login']}</arg>
<arg>${keyTwo}</arg>
<doc>Fails if ``key`` is not found from ``dictionary``.</doc>
<status status="PASS" start="2024-05-18T07:14:42.768614" elapsed="0.000408"/>
</kw>
<kw name="Log" owner="BuiltIn">
<msg time="2024-05-18T07:14:42.769436" level="INFO">username</msg>
<arg>${keyTwo}</arg>
<doc>Logs the given message with the given level.</doc>
<status status="PASS" start="2024-05-18T07:14:42.769311" elapsed="0.000166"/>
</kw>
<var name="${keyTwo}">username</var>
<status status="PASS" start="2024-05-18T07:14:42.767797" elapsed="0.001903"/>
</iter>
<iter>
<kw name="Dictionary Should Contain Key" owner="Collections">
<msg time="2024-05-18T07:14:42.770349" level="INFO">False</msg>
<arg>${json_data['results'][0]['login']}</arg>
<arg>${keyTwo}</arg>
<doc>Fails if ``key`` is not found from ``dictionary``.</doc>
<status status="PASS" start="2024-05-18T07:14:42.769974" elapsed="0.000411"/>
</kw>
<kw name="Dictionary Should Contain Key" owner="Collections">
<msg time="2024-05-18T07:14:42.771136" level="INFO">False</msg>
<arg>${json_data['results'][0]['login']}</arg>
<arg>${keyTwo}</arg>
<doc>Fails if ``key`` is not found from ``dictionary``.</doc>
<status status="PASS" start="2024-05-18T07:14:42.770672" elapsed="0.000502"/>
</kw>
<kw name="Log" owner="BuiltIn">
<msg time="2024-05-18T07:14:42.771642" level="INFO">password</msg>
<arg>${keyTwo}</arg>
<doc>Logs the given message with the given level.</doc>
<status status="PASS" start="2024-05-18T07:14:42.771510" elapsed="0.000169"/>
</kw>
<var name="${keyTwo}">password</var>
<status status="PASS" start="2024-05-18T07:14:42.769867" elapsed="0.002030"/>
</iter>
<var>${keyTwo}</var>
<value>@{expected_keysTwo}</value>
<status status="PASS" start="2024-05-18T07:14:42.767647" elapsed="0.004370"/>
</for>
<status status="PASS" start="2024-05-18T07:14:42.659981" elapsed="0.112171"/>
</kw>
<doc>Testa a estrutura da resposta da API.</doc>
<tag>testeEstruturaResposta</tag>
<status status="PASS" start="2024-05-18T07:14:42.659518" elapsed="0.112777"/>
</test>
<test id="s1-s1-t4" name="Validar tipos de dados" line="28">
<kw name="Teste de Tipos de Dados" owner="random-user-service">
<kw name="GET On Session" owner="RequestsLibrary">
<msg time="2024-05-18T07:14:42.856538" level="INFO">GET Request : url=https://randomuser.me/api 
 path_url=/api 
 headers={'User-Agent': 'python-requests/2.31.0', 'Accept-Encoding': 'gzip, deflate', 'Accept': '*/*', 'Connection': 'keep-alive'} 
 body=None 
 </msg>
<msg time="2024-05-18T07:14:42.856617" level="INFO">GET Response : url=https://randomuser.me/api 
 status=200, reason=OK 
 headers={'Date': 'Sat, 18 May 2024 07:14:42 GMT', 'Content-Type': 'application/json; charset=utf-8', 'Transfer-Encoding': 'chunked', 'Connection': 'keep-alive', 'X-Powered-By': 'Express', 'Access-Control-Allow-Origin': '*', 'Cache-Control': 'no-cache', 'ETag': 'W/"494-UpjAWt7ljyP5mwTPXGS0hrncU3k"', 'Vary': 'Accept-Encoding', 'Content-Encoding': 'gzip', 'CF-Cache-Status': 'DYNAMIC', 'Report-To': '{"endpoints":[{"url":"https:\\/\\/a.nel.cloudflare.com\\/report\\/v4?s=wu75f7XatwkMg%2FQ9fEhrzCxCE7ylAvZlA%2FEGVTEMFH8ExSdl9McQOaqygfKgpjcvuUrG%2FN6Ne26IDHLvzFagymYfBGvyoBOw3Hznj3lvza3talxKuWjKWP3QGhwqauCa"}],"group":"cf-nel","max_age":604800}', 'NEL': '{"success_fraction":0,"report_to":"cf-nel","max_age":604800}', 'Server': 'cloudflare', 'CF-RAY': '885a0d495a602084-IAD', 'alt-svc': 'h3=":443"; ma=86400'} 
 body={"results":[{"gender":"female","name":{"title":"Ms","first":"Kerttu","last":"Wirkkala"},"location":{"street":{"number":3187,"name":"Mechelininkatu"},"city":"Paimio","state":"Northern Ostrobothnia","country":"Finland","postcode":35047,"coordinates":{"latitude":"-29.8410","longitude":"107.3143"},"timezone":{"offset":"+5:45","description":"Kathmandu"}},"email":"kerttu.wirkkala@example.com","login":{"uuid":"7ffc5696-4f91-4072-91e8-69745d649bde","username":"orangegorilla627","password":"treble","salt":"9MfbChJh","md5":"a9a7bafde4832ef9aa6c9d23eaed9bae","sha1":"92a7dc0ddc2f5dcf2cd7b9c499041d777a727e10","sha256":"ef42a4b6620f90b9e2f6d9cbb4bb83d2b2ce37e5641193dc02c5fa0629ee4803"},"dob":{"date":"1970-02-23T22:45:19.444Z","age":54},"registered":{"date":"2007-09-08T13:35:21.689Z","age":16},"phone":"08-436-689","cell":"044-869-36-46","id":{"name":"HETU","value":"NaNNA962undefined"},"picture":{"large":"https://randomuser.me/api/portraits/women/30.jpg","medium":"https://randomuser.me/api/portraits/med/women/30.jpg","thumbnail":"https://randomuser.me/api/portraits/thumb/women/30.jpg"},"nat":"FI"}],"info":{"seed":"b2904ba5121d9c3c","results":1,"page":1,"version":"1.4"}} 
 </msg>
<msg time="2024-05-18T07:14:42.856681" level="INFO">/opt/hostedtoolcache/Python/3.12.3/x64/lib/python3.12/site-packages/urllib3/connectionpool.py:1103: InsecureRequestWarning: Unverified HTTPS request is being made to host 'randomuser.me'. Adding certificate verification is strongly advised. See: https://urllib3.readthedocs.io/en/latest/advanced-usage.html#tls-warnings
  warnings.warn(</msg>
<msg time="2024-05-18T07:14:42.856812" level="INFO">${response} = &lt;Response [200]&gt;</msg>
<var>${response}</var>
<arg>consultarAPI</arg>
<arg>/api</arg>
<doc>Sends a GET request on a previously created HTTP Session.</doc>
<status status="PASS" start="2024-05-18T07:14:42.774653" elapsed="0.082198"/>
</kw>
<kw name="Set Variable" owner="BuiltIn">
<msg time="2024-05-18T07:14:42.857677" level="INFO">${json_data} = {'results': [{'gender': 'female', 'name': {'title': 'Ms', 'first': 'Kerttu', 'last': 'Wirkkala'}, 'location': {'street': {'number': 3187, 'name': 'Mechelininkatu'}, 'city': 'Paimio', 'state': 'Norther...</msg>
<var>${json_data}</var>
<arg>${response.json()}</arg>
<doc>Returns the given values which can then be assigned to a variables.</doc>
<status status="PASS" start="2024-05-18T07:14:42.857244" elapsed="0.000462"/>
</kw>
<kw name="Log" owner="BuiltIn">
<msg time="2024-05-18T07:14:42.858123" level="INFO">{'results': [{'gender': 'female', 'name': {'title': 'Ms', 'first': 'Kerttu', 'last': 'Wirkkala'}, 'location': {'street': {'number': 3187, 'name': 'Mechelininkatu'}, 'city': 'Paimio', 'state': 'Northern Ostrobothnia', 'country': 'Finland', 'postcode': 35047, 'coordinates': {'latitude': '-29.8410', 'longitude': '107.3143'}, 'timezone': {'offset': '+5:45', 'description': 'Kathmandu'}}, 'email': 'kerttu.wirkkala@example.com', 'login': {'uuid': '7ffc5696-4f91-4072-91e8-69745d649bde', 'username': 'orangegorilla627', 'password': 'treble', 'salt': '9MfbChJh', 'md5': 'a9a7bafde4832ef9aa6c9d23eaed9bae', 'sha1': '92a7dc0ddc2f5dcf2cd7b9c499041d777a727e10', 'sha256': 'ef42a4b6620f90b9e2f6d9cbb4bb83d2b2ce37e5641193dc02c5fa0629ee4803'}, 'dob': {'date': '1970-02-23T22:45:19.444Z', 'age': 54}, 'registered': {'date': '2007-09-08T13:35:21.689Z', 'age': 16}, 'phone': '08-436-689', 'cell': '044-869-36-46', 'id': {'name': 'HETU', 'value': 'NaNNA962undefined'}, 'picture': {'large': 'https://randomuser.me/api/portraits/women/30.jpg', 'medium': 'https://randomuser.me/api/portraits/med/women/30.jpg', 'thumbnail': 'https://randomuser.me/api/portraits/thumb/women/30.jpg'}, 'nat': 'FI'}], 'info': {'seed': 'b2904ba5121d9c3c', 'results': 1, 'page': 1, 'version': '1.4'}}</msg>
<arg>${json_data}</arg>
<doc>Logs the given message with the given level.</doc>
<status status="PASS" start="2024-05-18T07:14:42.857984" elapsed="0.000213"/>
</kw>
<kw name="Should Be String" owner="String">
<arg>${json_data['results'][0]['gender']}</arg>
<doc>Fails if the given ``item`` is not a string.</doc>
<status status="PASS" start="2024-05-18T07:14:42.858470" elapsed="0.000328"/>
</kw>
<kw name="Should Match Regexp" owner="BuiltIn">
<arg>${json_data['results'][0]['email']}</arg>
<arg>^[a-zA-Z0-9._%+-]+@[a-zA-Z0-9.-]+\.[a-zA-Z]{2,}$</arg>
<doc>Fails if ``string`` does not match ``pattern`` as a regular expression.</doc>
<status status="PASS" start="2024-05-18T07:14:42.858973" elapsed="0.000493"/>
</kw>
<kw name="Should Match Regexp" owner="BuiltIn">
<arg>${json_data['results'][0]['dob']['date']}</arg>
<arg>\\d{4}-\\d{2}-\\d{2}T\\d{2}:\\d{2}:\\d{2}\\.\\d{3}Z</arg>
<doc>Fails if ``string`` does not match ``pattern`` as a regular expression.</doc>
<status status="PASS" start="2024-05-18T07:14:42.859649" elapsed="0.000451"/>
</kw>
<kw name="Should Match Regexp" owner="BuiltIn">
<arg>${json_data['results'][0]['registered']['date']}</arg>
<arg>\\d{4}-\\d{2}-\\d{2}T\\d{2}:\\d{2}:\\d{2}\\.\\d{3}Z</arg>
<doc>Fails if ``string`` does not match ``pattern`` as a regular expression.</doc>
<status status="PASS" start="2024-05-18T07:14:42.860277" elapsed="0.000339"/>
</kw>
<kw name="Should Match Regexp" owner="BuiltIn">
<arg>${json_data['results'][0]['picture']['large']}</arg>
<arg>^https?://.*\.(?:png|jpe?g|gif|bmp)$</arg>
<doc>Fails if ``string`` does not match ``pattern`` as a regular expression.</doc>
<status status="PASS" start="2024-05-18T07:14:42.860789" elapsed="0.000418"/>
</kw>
<kw name="Should Match Regexp" owner="BuiltIn">
<arg>${json_data['results'][0]['picture']['medium']}</arg>
<arg>^https?://.*\.(?:png|jpe?g|gif|bmp)$</arg>
<doc>Fails if ``string`` does not match ``pattern`` as a regular expression.</doc>
<status status="PASS" start="2024-05-18T07:14:42.861382" elapsed="0.000322"/>
</kw>
<kw name="Should Match Regexp" owner="BuiltIn">
<arg>${json_data['results'][0]['picture']['thumbnail']}</arg>
<arg>^https?://.*\.(?:png|jpe?g|gif|bmp)$</arg>
<doc>Fails if ``string`` does not match ``pattern`` as a regular expression.</doc>
<status status="PASS" start="2024-05-18T07:14:42.861878" elapsed="0.000324"/>
</kw>
<kw name="Log" owner="BuiltIn">
<msg time="2024-05-18T07:14:42.862664" level="INFO">{'large': 'https://randomuser.me/api/portraits/women/30.jpg', 'medium': 'https://randomuser.me/api/portraits/med/women/30.jpg', 'thumbnail': 'https://randomuser.me/api/portraits/thumb/women/30.jpg'}</msg>
<arg>${json_data['results'][0]['picture']}</arg>
<doc>Logs the given message with the given level.</doc>
<status status="PASS" start="2024-05-18T07:14:42.862369" elapsed="0.000333"/>
</kw>
<status status="PASS" start="2024-05-18T07:14:42.774435" elapsed="0.088500"/>
</kw>
<kw name="Teste de Tipos de Dados - Postcode" owner="random-user-service">
<kw name="GET On Session" owner="RequestsLibrary">
<msg time="2024-05-18T07:14:42.956686" level="INFO">GET Request : url=https://randomuser.me/api 
 path_url=/api 
 headers={'User-Agent': 'python-requests/2.31.0', 'Accept-Encoding': 'gzip, deflate', 'Accept': '*/*', 'Connection': 'keep-alive'} 
 body=None 
 </msg>
<msg time="2024-05-18T07:14:42.956769" level="INFO">GET Response : url=https://randomuser.me/api 
 status=200, reason=OK 
 headers={'Date': 'Sat, 18 May 2024 07:14:42 GMT', 'Content-Type': 'application/json; charset=utf-8', 'Transfer-Encoding': 'chunked', 'Connection': 'keep-alive', 'X-Powered-By': 'Express', 'Access-Control-Allow-Origin': '*', 'Cache-Control': 'no-cache', 'ETag': 'W/"470-nkk/Pa32oqCMp/s6wI8r2IWiVQM"', 'Vary': 'Accept-Encoding', 'Content-Encoding': 'gzip', 'CF-Cache-Status': 'DYNAMIC', 'Report-To': '{"endpoints":[{"url":"https:\\/\\/a.nel.cloudflare.com\\/report\\/v4?s=nZgAUVvLry8%2F9pzfBFi%2BEEeB5Ub821fzR00zZKvDY2KKEEyyOgcRvFTTaE016SifqPKujTwY26jiQg5hssv57q5n8mFPBmFeTNdpiBl3yq1dmXbHCSPr6d6Qm5Gy5cFr"}],"group":"cf-nel","max_age":604800}', 'NEL': '{"success_fraction":0,"report_to":"cf-nel","max_age":604800}', 'Server': 'cloudflare', 'CF-RAY': '885a0d49eacd2084-IAD', 'alt-svc': 'h3=":443"; ma=86400'} 
 body={"results":[{"gender":"male","name":{"title":"Mr","first":"Youssef","last":"Furuseth"},"location":{"street":{"number":5118,"name":"Per Krohgs vei"},"city":"Fotlandsvåg","state":"Telemark","country":"Norway","postcode":"0710","coordinates":{"latitude":"42.4229","longitude":"-145.6429"},"timezone":{"offset":"+4:30","description":"Kabul"}},"email":"youssef.furuseth@example.com","login":{"uuid":"f3a8a3cf-c58d-4670-bcbb-2609f43625d4","username":"sadpanda222","password":"science","salt":"WvH1zCcR","md5":"49b634b69c5335b15381542747205e2f","sha1":"ffc6b2f193475d6f69d21d1560dbdf3e12baa3e7","sha256":"9eeef3250fb32ab01da1b0cbdb9633918e4acc407907a54a441bff8bf0bbe6d3"},"dob":{"date":"1966-09-26T05:48:25.116Z","age":57},"registered":{"date":"2002-04-11T06:06:05.060Z","age":22},"phone":"82231382","cell":"96276463","id":{"name":"FN","value":"26096605977"},"picture":{"large":"https://randomuser.me/api/portraits/men/59.jpg","medium":"https://randomuser.me/api/portraits/med/men/59.jpg","thumbnail":"https://randomuser.me/api/portraits/thumb/men/59.jpg"},"nat":"NO"}],"info":{"seed":"9cd93ea74d235587","results":1,"page":1,"version":"1.4"}} 
 </msg>
<msg time="2024-05-18T07:14:42.956842" level="INFO">/opt/hostedtoolcache/Python/3.12.3/x64/lib/python3.12/site-packages/urllib3/connectionpool.py:1103: InsecureRequestWarning: Unverified HTTPS request is being made to host 'randomuser.me'. Adding certificate verification is strongly advised. See: https://urllib3.readthedocs.io/en/latest/advanced-usage.html#tls-warnings
  warnings.warn(</msg>
<msg time="2024-05-18T07:14:42.956979" level="INFO">${response} = &lt;Response [200]&gt;</msg>
<var>${response}</var>
<arg>consultarAPI</arg>
<arg>/api</arg>
<doc>Sends a GET request on a previously created HTTP Session.</doc>
<status status="PASS" start="2024-05-18T07:14:42.863348" elapsed="0.093690"/>
</kw>
<kw name="Set Variable" owner="BuiltIn">
<msg time="2024-05-18T07:14:42.957973" level="INFO">${json_data} = {'results': [{'gender': 'male', 'name': {'title': 'Mr', 'first': 'Youssef', 'last': 'Furuseth'}, 'location': {'street': {'number': 5118, 'name': 'Per Krohgs vei'}, 'city': 'Fotlandsvåg', 'state': 'Tel...</msg>
<var>${json_data}</var>
<arg>${response.json()}</arg>
<doc>Returns the given values which can then be assigned to a variables.</doc>
<status status="PASS" start="2024-05-18T07:14:42.957525" elapsed="0.000476"/>
</kw>
<kw name="Log" owner="BuiltIn">
<msg time="2024-05-18T07:14:42.958427" level="INFO">{'results': [{'gender': 'male', 'name': {'title': 'Mr', 'first': 'Youssef', 'last': 'Furuseth'}, 'location': {'street': {'number': 5118, 'name': 'Per Krohgs vei'}, 'city': 'Fotlandsvåg', 'state': 'Telemark', 'country': 'Norway', 'postcode': '0710', 'coordinates': {'latitude': '42.4229', 'longitude': '-145.6429'}, 'timezone': {'offset': '+4:30', 'description': 'Kabul'}}, 'email': 'youssef.furuseth@example.com', 'login': {'uuid': 'f3a8a3cf-c58d-4670-bcbb-2609f43625d4', 'username': 'sadpanda222', 'password': 'science', 'salt': 'WvH1zCcR', 'md5': '49b634b69c5335b15381542747205e2f', 'sha1': 'ffc6b2f193475d6f69d21d1560dbdf3e12baa3e7', 'sha256': '9eeef3250fb32ab01da1b0cbdb9633918e4acc407907a54a441bff8bf0bbe6d3'}, 'dob': {'date': '1966-09-26T05:48:25.116Z', 'age': 57}, 'registered': {'date': '2002-04-11T06:06:05.060Z', 'age': 22}, 'phone': '82231382', 'cell': '96276463', 'id': {'name': 'FN', 'value': '26096605977'}, 'picture': {'large': 'https://randomuser.me/api/portraits/men/59.jpg', 'medium': 'https://randomuser.me/api/portraits/med/men/59.jpg', 'thumbnail': 'https://randomuser.me/api/portraits/thumb/men/59.jpg'}, 'nat': 'NO'}], 'info': {'seed': '9cd93ea74d235587', 'results': 1, 'page': 1, 'version': '1.4'}}</msg>
<arg>${json_data}</arg>
<doc>Logs the given message with the given level.</doc>
<status status="PASS" start="2024-05-18T07:14:42.958286" elapsed="0.000211"/>
</kw>
<kw name="Should Be Equal As Numbers" owner="BuiltIn">
<arg>${json_data['results'][0]['location']['postcode']}</arg>
<arg>${json_data['results'][0]['location']['postcode']}</arg>
<doc>Fails if objects are unequal after converting them to real numbers.</doc>
<status status="PASS" start="2024-05-18T07:14:42.958772" elapsed="0.000738"/>
</kw>
<kw name="Log" owner="BuiltIn">
<msg time="2024-05-18T07:14:42.959997" level="INFO">0710</msg>
<arg>${json_data['results'][0]['location']['postcode']}</arg>
<doc>Logs the given message with the given level.</doc>
<status status="PASS" start="2024-05-18T07:14:42.959690" elapsed="0.000345"/>
</kw>
<status status="PASS" start="2024-05-18T07:14:42.863129" elapsed="0.097138"/>
</kw>
<doc>Testa se os tipos de dados na resposta da API estão corretos.</doc>
<tag>testeTiposDados</tag>
<status status="PASS" start="2024-05-18T07:14:42.774014" elapsed="0.186400"/>
</test>
<test id="s1-s1-t5" name="Validar conteudo" line="35">
<kw name="Teste de Tipos de Conteudo" owner="random-user-service">
<kw name="GET On Session" owner="RequestsLibrary">
<msg time="2024-05-18T07:14:43.055616" level="INFO">GET Request : url=https://randomuser.me/api 
 path_url=/api 
 headers={'User-Agent': 'python-requests/2.31.0', 'Accept-Encoding': 'gzip, deflate', 'Accept': '*/*', 'Connection': 'keep-alive'} 
 body=None 
 </msg>
<msg time="2024-05-18T07:14:43.055700" level="INFO">GET Response : url=https://randomuser.me/api 
 status=200, reason=OK 
 headers={'Date': 'Sat, 18 May 2024 07:14:43 GMT', 'Content-Type': 'application/json; charset=utf-8', 'Transfer-Encoding': 'chunked', 'Connection': 'keep-alive', 'X-Powered-By': 'Express', 'Access-Control-Allow-Origin': '*', 'Cache-Control': 'no-cache', 'ETag': 'W/"497-Qi4svIoXkFmGvzI+b8LtK6do86U"', 'Vary': 'Accept-Encoding', 'Content-Encoding': 'gzip', 'CF-Cache-Status': 'DYNAMIC', 'Report-To': '{"endpoints":[{"url":"https:\\/\\/a.nel.cloudflare.com\\/report\\/v4?s=m2MVLLHNHJG4zLPpyAit5WmaVfFliThxqa%2FwWvzaboRo4a7qJoTS1767oZD6Xy1tnanRw1e%2BTG1Gtk%2F5pTvVGJLRi7tMNyUFIZDQpjHvIrC7xW%2FWycX3Ue3X5ec%2FiMYy"}],"group":"cf-nel","max_age":604800}', 'NEL': '{"success_fraction":0,"report_to":"cf-nel","max_age":604800}', 'Server': 'cloudflare', 'CF-RAY': '885a0d4a8b4b2084-IAD', 'alt-svc': 'h3=":443"; ma=86400'} 
 body={"results":[{"gender":"male","name":{"title":"Mr","first":"Milton","last":"Bowman"},"location":{"street":{"number":4379,"name":"Plum St"},"city":"Maitland","state":"Northern Territory","country":"Australia","postcode":2637,"coordinates":{"latitude":"-87.2744","longitude":"-161.0027"},"timezone":{"offset":"0:00","description":"Western Europe Time, London, Lisbon, Casablanca"}},"email":"milton.bowman@example.com","login":{"uuid":"b177a857-58c5-41e1-b3f0-eb108ff80dc6","username":"whitebear913","password":"cable","salt":"vHVwf4gS","md5":"82835c2629af42d19993539cc944fcfe","sha1":"c5899c0ed0a245a1470609003c596e5747c31e89","sha256":"2f0391250a52f93014d4154928e95f164d2a071313916df31fc7eb93dbadaafe"},"dob":{"date":"1986-02-17T02:19:14.480Z","age":38},"registered":{"date":"2004-08-18T22:28:59.713Z","age":19},"phone":"05-9950-8746","cell":"0403-939-279","id":{"name":"TFN","value":"402372398"},"picture":{"large":"https://randomuser.me/api/portraits/men/0.jpg","medium":"https://randomuser.me/api/portraits/med/men/0.jpg","thumbnail":"https://randomuser.me/api/portraits/thumb/men/0.jpg"},"nat":"AU"}],"info":{"seed":"cf3bae21272fe0cd","results":1,"page":1,"version":"1.4"}} 
 </msg>
<msg time="2024-05-18T07:14:43.055770" level="INFO">/opt/hostedtoolcache/Python/3.12.3/x64/lib/python3.12/site-packages/urllib3/connectionpool.py:1103: InsecureRequestWarning: Unverified HTTPS request is being made to host 'randomuser.me'. Adding certificate verification is strongly advised. See: https://urllib3.readthedocs.io/en/latest/advanced-usage.html#tls-warnings
  warnings.warn(</msg>
<msg time="2024-05-18T07:14:43.055906" level="INFO">${response} = &lt;Response [200]&gt;</msg>
<var>${response}</var>
<arg>consultarAPI</arg>
<arg>/api</arg>
<doc>Sends a GET request on a previously created HTTP Session.</doc>
<status status="PASS" start="2024-05-18T07:14:42.962940" elapsed="0.093021"/>
</kw>
<kw name="Set Variable" owner="BuiltIn">
<msg time="2024-05-18T07:14:43.056905" level="INFO">${json_data} = {'results': [{'gender': 'male', 'name': {'title': 'Mr', 'first': 'Milton', 'last': 'Bowman'}, 'location': {'street': {'number': 4379, 'name': 'Plum St'}, 'city': 'Maitland', 'state': 'Northern Territo...</msg>
<var>${json_data}</var>
<arg>${response.json()}</arg>
<doc>Returns the given values which can then be assigned to a variables.</doc>
<status status="PASS" start="2024-05-18T07:14:43.056477" elapsed="0.000456"/>
</kw>
<kw name="Set Variable" owner="BuiltIn">
<msg time="2024-05-18T07:14:43.057655" level="INFO">${name_title} = Mr</msg>
<var>${name_title}</var>
<arg>${json_data["results"][0]["name"]["title"]}</arg>
<doc>Returns the given values which can then be assigned to a variables.</doc>
<status status="PASS" start="2024-05-18T07:14:43.057269" elapsed="0.000412"/>
</kw>
<kw name="Create List" owner="BuiltIn">
<msg time="2024-05-18T07:14:43.058124" level="INFO">${allowed_titles} = ['Mr', 'Ms', 'Miss', 'Mrs', 'Madame', 'Monsieur']</msg>
<var>${allowed_titles}</var>
<arg>Mr</arg>
<arg>Ms</arg>
<arg>Miss</arg>
<arg>Mrs</arg>
<arg>Madame</arg>
<arg>Monsieur</arg>
<doc>Returns a list containing given items.</doc>
<status status="PASS" start="2024-05-18T07:14:43.057977" elapsed="0.000169"/>
</kw>
<kw name="List Should Contain Value" owner="Collections">
<msg time="2024-05-18T07:14:43.058578" level="INFO">False</msg>
<arg>${allowed_titles}</arg>
<arg>${name_title}</arg>
<doc>Fails if the ``value`` is not found from ``list``.</doc>
<status status="PASS" start="2024-05-18T07:14:43.058421" elapsed="0.000194"/>
</kw>
<kw name="Set Variable" owner="BuiltIn">
<msg time="2024-05-18T07:14:43.059289" level="INFO">${name_country} = AU</msg>
<var>${name_country}</var>
<arg>${json_data["results"][0]["nat"]}</arg>
<doc>Returns the given values which can then be assigned to a variables.</doc>
<status status="PASS" start="2024-05-18T07:14:43.058907" elapsed="0.000407"/>
</kw>
<kw name="Create List" owner="BuiltIn">
<msg time="2024-05-18T07:14:43.060254" level="INFO">${list_country} = ['AD', 'AE', 'AF', 'AG', 'AI', 'AL', 'AM', 'AO', 'AQ', 'AR', 'AS', 'AT', 'AU', 'AW', 'AX', 'AZ', 'BA', 'BB', 'BD', 'BE', 'BF', 'BG', 'BH', 'BI', 'BJ', 'BL', 'BM', 'BN', 'BO', 'BQ', 'BR', 'BS', 'BT', '...</msg>
<var>${list_country}</var>
<arg>AD</arg>
<arg>AE</arg>
<arg>AF</arg>
<arg>AG</arg>
<arg>AI</arg>
<arg>AL</arg>
<arg>AM</arg>
<arg>AO</arg>
<arg>AQ</arg>
<arg>AR</arg>
<arg>AS</arg>
<arg>AT</arg>
<arg>AU</arg>
<arg>AW</arg>
<arg>AX</arg>
<arg>AZ</arg>
<arg>BA</arg>
<arg>BB</arg>
<arg>BD</arg>
<arg>BE</arg>
<arg>BF</arg>
<arg>BG</arg>
<arg>BH</arg>
<arg>BI</arg>
<arg>BJ</arg>
<arg>BL</arg>
<arg>BM</arg>
<arg>BN</arg>
<arg>BO</arg>
<arg>BQ</arg>
<arg>BR</arg>
<arg>BS</arg>
<arg>BT</arg>
<arg>BV</arg>
<arg>BW</arg>
<arg>BY</arg>
<arg>BZ</arg>
<arg>CA</arg>
<arg>CC</arg>
<arg>CD</arg>
<arg>CF</arg>
<arg>CG</arg>
<arg>CH</arg>
<arg>CI</arg>
<arg>CK</arg>
<arg>CL</arg>
<arg>CM</arg>
<arg>CN</arg>
<arg>CO</arg>
<arg>CR</arg>
<arg>CU</arg>
<arg>CV</arg>
<arg>CW</arg>
<arg>CX</arg>
<arg>CY</arg>
<arg>CZ</arg>
<arg>DE</arg>
<arg>DJ</arg>
<arg>DK</arg>
<arg>DM</arg>
<arg>DO</arg>
<arg>DZ</arg>
<arg>EC</arg>
<arg>EE</arg>
<arg>EG</arg>
<arg>EH</arg>
<arg>ER</arg>
<arg>ES</arg>
<arg>ET</arg>
<arg>FI</arg>
<arg>FJ</arg>
<arg>FK</arg>
<arg>FM</arg>
<arg>FO</arg>
<arg>FR</arg>
<arg>GA</arg>
<arg>GB</arg>
<arg>GD</arg>
<arg>GE</arg>
<arg>GF</arg>
<arg>GG</arg>
<arg>GH</arg>
<arg>GI</arg>
<arg>GL</arg>
<arg>GM</arg>
<arg>GN</arg>
<arg>GP</arg>
<arg>GQ</arg>
<arg>GR</arg>
<arg>GS</arg>
<arg>GT</arg>
<arg>GU</arg>
<arg>GW</arg>
<arg>GY</arg>
<arg>HK</arg>
<arg>HM</arg>
<arg>HN</arg>
<arg>HR</arg>
<arg>HT</arg>
<arg>HU</arg>
<arg>ID</arg>
<arg>IE</arg>
<arg>IL</arg>
<arg>IM</arg>
<arg>IN</arg>
<arg>IO</arg>
<arg>IQ</arg>
<arg>IR</arg>
<arg>IS</arg>
<arg>IT</arg>
<arg>JE</arg>
<arg>JM</arg>
<arg>JO</arg>
<arg>JP</arg>
<arg>KE</arg>
<arg>KG</arg>
<arg>KH</arg>
<arg>KI</arg>
<arg>KM</arg>
<arg>KN</arg>
<arg>KP</arg>
<arg>KR</arg>
<arg>KW</arg>
<arg>KY</arg>
<arg>KZ</arg>
<arg>LA</arg>
<arg>LB</arg>
<arg>LC</arg>
<arg>LI</arg>
<arg>LK</arg>
<arg>LR</arg>
<arg>LS</arg>
<arg>LT</arg>
<arg>LU</arg>
<arg>LV</arg>
<arg>LY</arg>
<arg>MA</arg>
<arg>MC</arg>
<arg>MD</arg>
<arg>ME</arg>
<arg>MF</arg>
<arg>MG</arg>
<arg>MH</arg>
<arg>MK</arg>
<arg>ML</arg>
<arg>MM</arg>
<arg>MN</arg>
<arg>MO</arg>
<arg>MP</arg>
<arg>MQ</arg>
<arg>MR</arg>
<arg>MS</arg>
<arg>MT</arg>
<arg>MU</arg>
<arg>MV</arg>
<arg>MW</arg>
<arg>MX</arg>
<arg>MY</arg>
<arg>MZ</arg>
<arg>NA</arg>
<arg>NC</arg>
<arg>NE</arg>
<arg>NF</arg>
<arg>NG</arg>
<arg>NI</arg>
<arg>NL</arg>
<arg>NO</arg>
<arg>NP</arg>
<arg>NR</arg>
<arg>NU</arg>
<arg>NZ</arg>
<arg>OM</arg>
<arg>PA</arg>
<arg>PE</arg>
<arg>PF</arg>
<arg>PG</arg>
<arg>PH</arg>
<arg>PK</arg>
<arg>PL</arg>
<arg>PM</arg>
<arg>PN</arg>
<arg>PR</arg>
<arg>PS</arg>
<arg>PT</arg>
<arg>PW</arg>
<arg>PY</arg>
<arg>QA</arg>
<arg>RE</arg>
<arg>RO</arg>
<arg>RS</arg>
<arg>RU</arg>
<arg>RW</arg>
<arg>SA</arg>
<arg>SB</arg>
<arg>SC</arg>
<arg>SD</arg>
<arg>SE</arg>
<arg>SG</arg>
<arg>SH</arg>
<arg>SI</arg>
<arg>SJ</arg>
<arg>SK</arg>
<arg>SL</arg>
<arg>SM</arg>
<arg>SN</arg>
<arg>SO</arg>
<arg>SR</arg>
<arg>SS</arg>
<arg>ST</arg>
<arg>SV</arg>
<arg>SX</arg>
<arg>SY</arg>
<arg>SZ</arg>
<arg>TC</arg>
<arg>TD</arg>
<arg>TF</arg>
<arg>TG</arg>
<arg>TH</arg>
<arg>TJ</arg>
<arg>TK</arg>
<arg>TL</arg>
<arg>TM</arg>
<arg>TN</arg>
<arg>TO</arg>
<arg>TR</arg>
<arg>TT</arg>
<arg>TV</arg>
<arg>TW</arg>
<arg>TZ</arg>
<arg>UA</arg>
<arg>UG</arg>
<arg>UM</arg>
<arg>US</arg>
<arg>UY</arg>
<arg>UZ</arg>
<arg>VA</arg>
<arg>VC</arg>
<arg>VE</arg>
<arg>VG</arg>
<arg>VI</arg>
<arg>VN</arg>
<arg>VU</arg>
<arg>WF</arg>
<arg>WS</arg>
<arg>XK</arg>
<arg>YE</arg>
<arg>YT</arg>
<arg>ZA</arg>
<arg>ZM</arg>
<arg>ZW</arg>
<doc>Returns a list containing given items.</doc>
<status status="PASS" start="2024-05-18T07:14:43.059658" elapsed="0.000622"/>
</kw>
<kw name="List Should Contain Value" owner="Collections">
<msg time="2024-05-18T07:14:43.061259" level="INFO">False</msg>
<arg>${list_country}</arg>
<arg>${name_country}</arg>
<doc>Fails if the ``value`` is not found from ``list``.</doc>
<status status="PASS" start="2024-05-18T07:14:43.061060" elapsed="0.000234"/>
</kw>
<kw name="Run Keyword If" owner="BuiltIn">
<kw name="Should Be True" owner="BuiltIn">
<arg>${True}</arg>
<doc>Fails if the given condition is not true.</doc>
<status status="PASS" start="2024-05-18T07:14:43.062349" elapsed="0.000144"/>
</kw>
<arg>${json_data["results"][0]["location"]["coordinates"]["latitude"]} &gt;= -90 and ${json_data["results"][0]["location"]["coordinates"]["latitude"]} &lt;= 90</arg>
<arg>Should Be True</arg>
<arg>${True}</arg>
<doc>Runs the given keyword with the given arguments, if ``condition`` is true.</doc>
<status status="PASS" start="2024-05-18T07:14:43.061604" elapsed="0.001016"/>
</kw>
<kw name="Run Keyword If" owner="BuiltIn">
<kw name="Should Be True" owner="BuiltIn">
<arg>${True}</arg>
<doc>Fails if the given condition is not true.</doc>
<status status="PASS" start="2024-05-18T07:14:43.063527" elapsed="0.000243"/>
</kw>
<arg>${json_data["results"][0]["location"]["coordinates"]["longitude"]} &gt;= -180 and ${json_data["results"][0]["location"]["coordinates"]["longitude"]} &lt;= 180</arg>
<arg>Should Be True</arg>
<arg>${True}</arg>
<doc>Runs the given keyword with the given arguments, if ``condition`` is true.</doc>
<status status="PASS" start="2024-05-18T07:14:43.062809" elapsed="0.001086"/>
</kw>
<status status="PASS" start="2024-05-18T07:14:42.962601" elapsed="0.101422"/>
</kw>
<doc>Testa o conteúdo específico dos campos retornados pela API.</doc>
<tag>testeConteudo</tag>
<status status="PASS" start="2024-05-18T07:14:42.962002" elapsed="0.102162"/>
</test>
<status status="PASS" start="2024-05-18T07:14:42.022184" elapsed="1.043837"/>
</suite>
<status status="PASS" start="2024-05-18T07:14:42.009261" elapsed="1.061791"/>
</suite>
<statistics>
<total>
<stat pass="5" fail="0" skip="0">All Tests</stat>
</total>
<tag>
<stat pass="1" fail="0" skip="0">testeConteudo</stat>
<stat pass="1" fail="0" skip="0">testeEstruturaResposta</stat>
<stat pass="1" fail="0" skip="0">testeRequisicaoBasica</stat>
<stat pass="1" fail="0" skip="0">testeTiposDados</stat>
</tag>
<suite>
<stat pass="5" fail="0" skip="0" id="s1" name="Tests">Tests</stat>
<stat pass="5" fail="0" skip="0" id="s1-s1" name="Random-User-Test">Tests.Random-User-Test</stat>
</suite>
</statistics>
<errors>
</errors>
</robot>
