<?xml version="1.0" encoding="UTF-8"?>
<robot generator="Robot 7.0 (Python 3.12.3 on linux)" generated="2024-06-02T17:13:33.829876" rpa="false" schemaversion="5">
<suite id="s1" name="Tests" source="/home/runner/work/ApiRandomUser/ApiRandomUser/RamdonUser/tests">
<suite id="s1-s1" name="Random-User-Test" source="/home/runner/work/ApiRandomUser/ApiRandomUser/RamdonUser/tests/random-user-test.robot">
<test id="s1-s1-t1" name="Conectar" line="13">
<kw name="Conectar API" owner="random-user-service">
<kw name="Create Session" owner="RequestsLibrary">
<msg time="2024-06-02T17:13:34.213453" level="INFO">Creating Session using : alias=consultarAPI, url=https://randomuser.me/, headers={},                     cookies={}, auth=None, timeout=None, proxies=None, verify=False,                     debug=0 </msg>
<arg>consultarAPI</arg>
<arg>${URL}</arg>
<doc>Create Session: create a HTTP session to a server</doc>
<status status="PASS" start="2024-06-02T17:13:34.213248" elapsed="0.000381"/>
</kw>
<status status="PASS" start="2024-06-02T17:13:34.212198" elapsed="0.001796"/>
</kw>
<status status="PASS" start="2024-06-02T17:13:34.211644" elapsed="0.002578"/>
</test>
<test id="s1-s1-t2" name="Validar retorno 200 e JSON Válido" line="16">
<kw name="Teste de Requisicao Basica" owner="random-user-service">
<kw name="GET On Session" owner="RequestsLibrary">
<msg time="2024-06-02T17:13:34.335866" level="INFO">GET Request : url=https://randomuser.me/api 
 path_url=/api 
 headers={'User-Agent': 'python-requests/2.32.3', 'Accept-Encoding': 'gzip, deflate', 'Accept': '*/*', 'Connection': 'keep-alive'} 
 body=None 
 </msg>
<msg time="2024-06-02T17:13:34.336022" level="INFO">GET Response : url=https://randomuser.me/api 
 status=200, reason=OK 
 headers={'Date': 'Sun, 02 Jun 2024 17:13:34 GMT', 'Content-Type': 'application/json; charset=utf-8', 'Transfer-Encoding': 'chunked', 'Connection': 'keep-alive', 'X-Powered-By': 'Express', 'Access-Control-Allow-Origin': '*', 'Cache-Control': 'no-cache', 'ETag': 'W/"498-P2taJLClRcrjEnXslmj/41gG64Q"', 'Vary': 'Accept-Encoding', 'Content-Encoding': 'gzip', 'CF-Cache-Status': 'DYNAMIC', 'Report-To': '{"endpoints":[{"url":"https:\\/\\/a.nel.cloudflare.com\\/report\\/v4?s=wzkiZT6CmlCIpK2Ync3kB6W8Gm8RU528nFkJcsvFBM0jiC%2BvQibMZmUl%2FgQ1XkcS5Tp3lT1E0Rvxg7uqQmUmoKfjOkwmkaqpsveyXEfYmjbcOFvF3vuyARjma%2Blncjm5"}],"group":"cf-nel","max_age":604800}', 'NEL': '{"success_fraction":0,"report_to":"cf-nel","max_age":604800}', 'Server': 'cloudflare', 'CF-RAY': '88d91325090f9676-SJC', 'alt-svc': 'h3=":443"; ma=86400'} 
 body={"results":[{"gender":"female","name":{"title":"Mrs","first":"Nelli","last":"Elo"},"location":{"street":{"number":39,"name":"Satakennankatu"},"city":"Rääkkylä","state":"Northern Savonia","country":"Finland","postcode":53268,"coordinates":{"latitude":"-28.1749","longitude":"169.5570"},"timezone":{"offset":"-1:00","description":"Azores, Cape Verde Islands"}},"email":"nelli.elo@example.com","login":{"uuid":"b0660cc6-7202-423b-a506-42d4520ccec8","username":"happyelephant266","password":"202020","salt":"kdlimQzt","md5":"f11aefc017e0cf2e752b30f392f12f1b","sha1":"713aa57468aaeb44e6953403f0f0e3af91064487","sha256":"2b10a50031055b8d9cc2978404f57d3f4f6d6d6a20bb7e35cfb40057da52959e"},"dob":{"date":"1993-06-16T09:00:19.713Z","age":30},"registered":{"date":"2007-04-10T19:46:26.232Z","age":17},"phone":"03-077-975","cell":"044-635-52-20","id":{"name":"HETU","value":"NaNNA196undefined"},"picture":{"large":"https://randomuser.me/api/portraits/women/34.jpg","medium":"https://randomuser.me/api/portraits/med/women/34.jpg","thumbnail":"https://randomuser.me/api/portraits/thumb/women/34.jpg"},"nat":"FI"}],"info":{"seed":"6113d0b28cfa2c66","results":1,"page":1,"version":"1.4"}} 
 </msg>
<msg time="2024-06-02T17:13:34.336108" level="INFO">/opt/hostedtoolcache/Python/3.12.3/x64/lib/python3.12/site-packages/urllib3/connectionpool.py:1103: InsecureRequestWarning: Unverified HTTPS request is being made to host 'randomuser.me'. Adding certificate verification is strongly advised. See: https://urllib3.readthedocs.io/en/latest/advanced-usage.html#tls-warnings
  warnings.warn(</msg>
<msg time="2024-06-02T17:13:34.336265" level="INFO">${response} = &lt;Response [200]&gt;</msg>
<var>${response}</var>
<arg>consultarAPI</arg>
<arg>/api</arg>
<doc>Sends a GET request on a previously created HTTP Session.</doc>
<status status="PASS" start="2024-06-02T17:13:34.216802" elapsed="0.119506"/>
</kw>
<kw name="Should Be Equal As Numbers" owner="BuiltIn">
<msg time="2024-06-02T17:13:34.337477" level="INFO">Argument types are:
&lt;class 'int'&gt;
&lt;class 'str'&gt;</msg>
<arg>${response.status_code}</arg>
<arg>200</arg>
<doc>Fails if objects are unequal after converting them to real numbers.</doc>
<status status="PASS" start="2024-06-02T17:13:34.336987" elapsed="0.000557"/>
</kw>
<kw name="Log" owner="BuiltIn">
<msg time="2024-06-02T17:13:34.338266" level="INFO">200</msg>
<arg>${response.status_code}</arg>
<doc>Logs the given message with the given level.</doc>
<status status="PASS" start="2024-06-02T17:13:34.337871" elapsed="0.000447"/>
</kw>
<kw name="Set Variable" owner="BuiltIn">
<msg time="2024-06-02T17:13:34.339101" level="INFO">${json_data} = {'results': [{'gender': 'female', 'name': {'title': 'Mrs', 'first': 'Nelli', 'last': 'Elo'}, 'location': {'street': {'number': 39, 'name': 'Satakennankatu'}, 'city': 'Rääkkylä', 'state': 'Northern Sav...</msg>
<var>${json_data}</var>
<arg>${response.json()}</arg>
<doc>Returns the given values which can then be assigned to a variables.</doc>
<status status="PASS" start="2024-06-02T17:13:34.338633" elapsed="0.000499"/>
</kw>
<kw name="Dictionary Should Contain Key" owner="Collections">
<msg time="2024-06-02T17:13:34.339615" level="INFO">False</msg>
<arg>${json_data}</arg>
<arg>results</arg>
<doc>Fails if ``key`` is not found from ``dictionary``.</doc>
<status status="PASS" start="2024-06-02T17:13:34.339438" elapsed="0.000382"/>
</kw>
<status status="PASS" start="2024-06-02T17:13:34.216558" elapsed="0.123529"/>
</kw>
<doc>Testa se a API responde corretamente e retorna um objeto JSON válido.</doc>
<tag>testeRequisicaoBasica</tag>
<status status="PASS" start="2024-06-02T17:13:34.216092" elapsed="0.124180"/>
</test>
<test id="s1-s1-t3" name="Validar estrutura de resposta" line="22">
<kw name="Teste de Estrutura de Resposta" owner="random-user-service">
<kw name="GET On Session" owner="RequestsLibrary">
<msg time="2024-06-02T17:13:34.432654" level="INFO">GET Request : url=https://randomuser.me/api 
 path_url=/api 
 headers={'User-Agent': 'python-requests/2.32.3', 'Accept-Encoding': 'gzip, deflate', 'Accept': '*/*', 'Connection': 'keep-alive'} 
 body=None 
 </msg>
<msg time="2024-06-02T17:13:34.432744" level="INFO">GET Response : url=https://randomuser.me/api 
 status=200, reason=OK 
 headers={'Date': 'Sun, 02 Jun 2024 17:13:34 GMT', 'Content-Type': 'application/json; charset=utf-8', 'Transfer-Encoding': 'chunked', 'Connection': 'keep-alive', 'X-Powered-By': 'Express', 'Access-Control-Allow-Origin': '*', 'Cache-Control': 'no-cache', 'ETag': 'W/"488-NkbAbg1NCsaGCPO6K3VK/82lnRE"', 'Vary': 'Accept-Encoding', 'Content-Encoding': 'gzip', 'CF-Cache-Status': 'DYNAMIC', 'Report-To': '{"endpoints":[{"url":"https:\\/\\/a.nel.cloudflare.com\\/report\\/v4?s=0wUEKaolzt%2BkIXtSmeiOSCO5LlbrRZdYt6tPEsy6HK6nhuSlsUygt8L9VHuH8%2BhCNF7QWVjt0nvQ4Ty817O6u23DDVB3L0XiM9Mu8SKKOqzSmmwJ6YNZZa1xBB5ocbWw"}],"group":"cf-nel","max_age":604800}', 'NEL': '{"success_fraction":0,"report_to":"cf-nel","max_age":604800}', 'Server': 'cloudflare', 'CF-RAY': '88d91325a9859676-SJC', 'alt-svc': 'h3=":443"; ma=86400'} 
 body={"results":[{"gender":"female","name":{"title":"Mrs","first":"Vicenta","last":"Rojas"},"location":{"street":{"number":5733,"name":"Ronda de Toledo"},"city":"Albacete","state":"Asturias","country":"Spain","postcode":39797,"coordinates":{"latitude":"-30.9287","longitude":"114.3315"},"timezone":{"offset":"+7:00","description":"Bangkok, Hanoi, Jakarta"}},"email":"vicenta.rojas@example.com","login":{"uuid":"fcad9f01-5df4-4e74-b705-999e543bb262","username":"greenmeercat643","password":"741852","salt":"37s4CqoE","md5":"45ef7b95e52d01187a995b17d6bd92ba","sha1":"c524f8f7667c53e0300c5d8a5975cf1fe98a33f0","sha256":"651bd746fa353f07e6e55497370791c0b87e452a744ac40a61d53ff159e5bbea"},"dob":{"date":"1979-10-11T14:21:34.659Z","age":44},"registered":{"date":"2020-03-21T11:41:07.507Z","age":4},"phone":"922-771-316","cell":"638-048-844","id":{"name":"DNI","value":"30884669-J"},"picture":{"large":"https://randomuser.me/api/portraits/women/32.jpg","medium":"https://randomuser.me/api/portraits/med/women/32.jpg","thumbnail":"https://randomuser.me/api/portraits/thumb/women/32.jpg"},"nat":"ES"}],"info":{"seed":"f82c142a55af41d1","results":1,"page":1,"version":"1.4"}} 
 </msg>
<msg time="2024-06-02T17:13:34.432861" level="INFO">/opt/hostedtoolcache/Python/3.12.3/x64/lib/python3.12/site-packages/urllib3/connectionpool.py:1103: InsecureRequestWarning: Unverified HTTPS request is being made to host 'randomuser.me'. Adding certificate verification is strongly advised. See: https://urllib3.readthedocs.io/en/latest/advanced-usage.html#tls-warnings
  warnings.warn(</msg>
<msg time="2024-06-02T17:13:34.432978" level="INFO">${response} = &lt;Response [200]&gt;</msg>
<var>${response}</var>
<arg>consultarAPI</arg>
<arg>/api</arg>
<doc>Sends a GET request on a previously created HTTP Session.</doc>
<status status="PASS" start="2024-06-02T17:13:34.342912" elapsed="0.090106"/>
</kw>
<kw name="Set Variable" owner="BuiltIn">
<msg time="2024-06-02T17:13:34.434102" level="INFO">${json_data} = {'results': [{'gender': 'female', 'name': {'title': 'Mrs', 'first': 'Vicenta', 'last': 'Rojas'}, 'location': {'street': {'number': 5733, 'name': 'Ronda de Toledo'}, 'city': 'Albacete', 'state': 'Astur...</msg>
<var>${json_data}</var>
<arg>${response.json()}</arg>
<doc>Returns the given values which can then be assigned to a variables.</doc>
<status status="PASS" start="2024-06-02T17:13:34.433531" elapsed="0.000599"/>
</kw>
<kw name="Log" owner="BuiltIn">
<msg time="2024-06-02T17:13:34.434645" level="INFO">{'results': [{'gender': 'female', 'name': {'title': 'Mrs', 'first': 'Vicenta', 'last': 'Rojas'}, 'location': {'street': {'number': 5733, 'name': 'Ronda de Toledo'}, 'city': 'Albacete', 'state': 'Asturias', 'country': 'Spain', 'postcode': 39797, 'coordinates': {'latitude': '-30.9287', 'longitude': '114.3315'}, 'timezone': {'offset': '+7:00', 'description': 'Bangkok, Hanoi, Jakarta'}}, 'email': 'vicenta.rojas@example.com', 'login': {'uuid': 'fcad9f01-5df4-4e74-b705-999e543bb262', 'username': 'greenmeercat643', 'password': '741852', 'salt': '37s4CqoE', 'md5': '45ef7b95e52d01187a995b17d6bd92ba', 'sha1': 'c524f8f7667c53e0300c5d8a5975cf1fe98a33f0', 'sha256': '651bd746fa353f07e6e55497370791c0b87e452a744ac40a61d53ff159e5bbea'}, 'dob': {'date': '1979-10-11T14:21:34.659Z', 'age': 44}, 'registered': {'date': '2020-03-21T11:41:07.507Z', 'age': 4}, 'phone': '922-771-316', 'cell': '638-048-844', 'id': {'name': 'DNI', 'value': '30884669-J'}, 'picture': {'large': 'https://randomuser.me/api/portraits/women/32.jpg', 'medium': 'https://randomuser.me/api/portraits/med/women/32.jpg', 'thumbnail': 'https://randomuser.me/api/portraits/thumb/women/32.jpg'}, 'nat': 'ES'}], 'info': {'seed': 'f82c142a55af41d1', 'results': 1, 'page': 1, 'version': '1.4'}}</msg>
<arg>${json_data}</arg>
<doc>Logs the given message with the given level.</doc>
<status status="PASS" start="2024-06-02T17:13:34.434487" elapsed="0.000206"/>
</kw>
<kw name="Dictionary Should Contain Key" owner="Collections">
<msg time="2024-06-02T17:13:34.435162" level="INFO">False</msg>
<arg>${json_data}</arg>
<arg>results</arg>
<doc>Fails if ``key`` is not found from ``dictionary``.</doc>
<status status="PASS" start="2024-06-02T17:13:34.435009" elapsed="0.000190"/>
</kw>
<kw name="Should Not Be Empty" owner="BuiltIn">
<msg time="2024-06-02T17:13:34.435623" level="INFO">Length is 2.</msg>
<arg>${json_data}</arg>
<doc>Verifies that the given item is not empty.</doc>
<status status="PASS" start="2024-06-02T17:13:34.435488" elapsed="0.000175"/>
</kw>
<kw name="Create List" owner="BuiltIn">
<msg time="2024-06-02T17:13:34.436105" level="INFO">${expected_keys} = ['gender', 'name', 'location', 'email', 'login']</msg>
<var>${expected_keys}</var>
<arg>gender</arg>
<arg>name</arg>
<arg>location</arg>
<arg>email</arg>
<arg>login</arg>
<doc>Returns a list containing given items.</doc>
<status status="PASS" start="2024-06-02T17:13:34.435957" elapsed="0.000172"/>
</kw>
<for flavor="IN">
<iter>
<kw name="Dictionary Should Contain Key" owner="Collections">
<msg time="2024-06-02T17:13:34.437118" level="INFO">False</msg>
<arg>${json_data['results'][0]}</arg>
<arg>${key}</arg>
<doc>Fails if ``key`` is not found from ``dictionary``.</doc>
<status status="PASS" start="2024-06-02T17:13:34.436707" elapsed="0.000456"/>
</kw>
<kw name="Log" owner="BuiltIn">
<msg time="2024-06-02T17:13:34.437828" level="INFO">{'gender': 'female', 'name': {'title': 'Mrs', 'first': 'Vicenta', 'last': 'Rojas'}, 'location': {'street': {'number': 5733, 'name': 'Ronda de Toledo'}, 'city': 'Albacete', 'state': 'Asturias', 'country': 'Spain', 'postcode': 39797, 'coordinates': {'latitude': '-30.9287', 'longitude': '114.3315'}, 'timezone': {'offset': '+7:00', 'description': 'Bangkok, Hanoi, Jakarta'}}, 'email': 'vicenta.rojas@example.com', 'login': {'uuid': 'fcad9f01-5df4-4e74-b705-999e543bb262', 'username': 'greenmeercat643', 'password': '741852', 'salt': '37s4CqoE', 'md5': '45ef7b95e52d01187a995b17d6bd92ba', 'sha1': 'c524f8f7667c53e0300c5d8a5975cf1fe98a33f0', 'sha256': '651bd746fa353f07e6e55497370791c0b87e452a744ac40a61d53ff159e5bbea'}, 'dob': {'date': '1979-10-11T14:21:34.659Z', 'age': 44}, 'registered': {'date': '2020-03-21T11:41:07.507Z', 'age': 4}, 'phone': '922-771-316', 'cell': '638-048-844', 'id': {'name': 'DNI', 'value': '30884669-J'}, 'picture': {'large': 'https://randomuser.me/api/portraits/women/32.jpg', 'medium': 'https://randomuser.me/api/portraits/med/women/32.jpg', 'thumbnail': 'https://randomuser.me/api/portraits/thumb/women/32.jpg'}, 'nat': 'ES'}</msg>
<arg>${json_data['results'][0]}</arg>
<doc>Logs the given message with the given level.</doc>
<status status="PASS" start="2024-06-02T17:13:34.437466" elapsed="0.000411"/>
</kw>
<kw name="Log" owner="BuiltIn">
<msg time="2024-06-02T17:13:34.438376" level="INFO">gender</msg>
<arg>${key}</arg>
<doc>Logs the given message with the given level.</doc>
<status status="PASS" start="2024-06-02T17:13:34.438237" elapsed="0.000178"/>
</kw>
<var name="${key}">gender</var>
<status status="PASS" start="2024-06-02T17:13:34.436581" elapsed="0.002067"/>
</iter>
<iter>
<kw name="Dictionary Should Contain Key" owner="Collections">
<msg time="2024-06-02T17:13:34.439359" level="INFO">False</msg>
<arg>${json_data['results'][0]}</arg>
<arg>${key}</arg>
<doc>Fails if ``key`` is not found from ``dictionary``.</doc>
<status status="PASS" start="2024-06-02T17:13:34.438955" elapsed="0.000442"/>
</kw>
<kw name="Log" owner="BuiltIn">
<msg time="2024-06-02T17:13:34.440089" level="INFO">{'gender': 'female', 'name': {'title': 'Mrs', 'first': 'Vicenta', 'last': 'Rojas'}, 'location': {'street': {'number': 5733, 'name': 'Ronda de Toledo'}, 'city': 'Albacete', 'state': 'Asturias', 'country': 'Spain', 'postcode': 39797, 'coordinates': {'latitude': '-30.9287', 'longitude': '114.3315'}, 'timezone': {'offset': '+7:00', 'description': 'Bangkok, Hanoi, Jakarta'}}, 'email': 'vicenta.rojas@example.com', 'login': {'uuid': 'fcad9f01-5df4-4e74-b705-999e543bb262', 'username': 'greenmeercat643', 'password': '741852', 'salt': '37s4CqoE', 'md5': '45ef7b95e52d01187a995b17d6bd92ba', 'sha1': 'c524f8f7667c53e0300c5d8a5975cf1fe98a33f0', 'sha256': '651bd746fa353f07e6e55497370791c0b87e452a744ac40a61d53ff159e5bbea'}, 'dob': {'date': '1979-10-11T14:21:34.659Z', 'age': 44}, 'registered': {'date': '2020-03-21T11:41:07.507Z', 'age': 4}, 'phone': '922-771-316', 'cell': '638-048-844', 'id': {'name': 'DNI', 'value': '30884669-J'}, 'picture': {'large': 'https://randomuser.me/api/portraits/women/32.jpg', 'medium': 'https://randomuser.me/api/portraits/med/women/32.jpg', 'thumbnail': 'https://randomuser.me/api/portraits/thumb/women/32.jpg'}, 'nat': 'ES'}</msg>
<arg>${json_data['results'][0]}</arg>
<doc>Logs the given message with the given level.</doc>
<status status="PASS" start="2024-06-02T17:13:34.439724" elapsed="0.000421"/>
</kw>
<kw name="Log" owner="BuiltIn">
<msg time="2024-06-02T17:13:34.440586" level="INFO">name</msg>
<arg>${key}</arg>
<doc>Logs the given message with the given level.</doc>
<status status="PASS" start="2024-06-02T17:13:34.440447" elapsed="0.000177"/>
</kw>
<var name="${key}">name</var>
<status status="PASS" start="2024-06-02T17:13:34.438838" elapsed="0.002010"/>
</iter>
<iter>
<kw name="Dictionary Should Contain Key" owner="Collections">
<msg time="2024-06-02T17:13:34.441519" level="INFO">False</msg>
<arg>${json_data['results'][0]}</arg>
<arg>${key}</arg>
<doc>Fails if ``key`` is not found from ``dictionary``.</doc>
<status status="PASS" start="2024-06-02T17:13:34.441140" elapsed="0.000417"/>
</kw>
<kw name="Log" owner="BuiltIn">
<msg time="2024-06-02T17:13:34.442263" level="INFO">{'gender': 'female', 'name': {'title': 'Mrs', 'first': 'Vicenta', 'last': 'Rojas'}, 'location': {'street': {'number': 5733, 'name': 'Ronda de Toledo'}, 'city': 'Albacete', 'state': 'Asturias', 'country': 'Spain', 'postcode': 39797, 'coordinates': {'latitude': '-30.9287', 'longitude': '114.3315'}, 'timezone': {'offset': '+7:00', 'description': 'Bangkok, Hanoi, Jakarta'}}, 'email': 'vicenta.rojas@example.com', 'login': {'uuid': 'fcad9f01-5df4-4e74-b705-999e543bb262', 'username': 'greenmeercat643', 'password': '741852', 'salt': '37s4CqoE', 'md5': '45ef7b95e52d01187a995b17d6bd92ba', 'sha1': 'c524f8f7667c53e0300c5d8a5975cf1fe98a33f0', 'sha256': '651bd746fa353f07e6e55497370791c0b87e452a744ac40a61d53ff159e5bbea'}, 'dob': {'date': '1979-10-11T14:21:34.659Z', 'age': 44}, 'registered': {'date': '2020-03-21T11:41:07.507Z', 'age': 4}, 'phone': '922-771-316', 'cell': '638-048-844', 'id': {'name': 'DNI', 'value': '30884669-J'}, 'picture': {'large': 'https://randomuser.me/api/portraits/women/32.jpg', 'medium': 'https://randomuser.me/api/portraits/med/women/32.jpg', 'thumbnail': 'https://randomuser.me/api/portraits/thumb/women/32.jpg'}, 'nat': 'ES'}</msg>
<arg>${json_data['results'][0]}</arg>
<doc>Logs the given message with the given level.</doc>
<status status="PASS" start="2024-06-02T17:13:34.441860" elapsed="0.000455"/>
</kw>
<kw name="Log" owner="BuiltIn">
<msg time="2024-06-02T17:13:34.442752" level="INFO">location</msg>
<arg>${key}</arg>
<doc>Logs the given message with the given level.</doc>
<status status="PASS" start="2024-06-02T17:13:34.442623" elapsed="0.000167"/>
</kw>
<var name="${key}">location</var>
<status status="PASS" start="2024-06-02T17:13:34.441026" elapsed="0.001988"/>
</iter>
<iter>
<kw name="Dictionary Should Contain Key" owner="Collections">
<msg time="2024-06-02T17:13:34.443800" level="INFO">False</msg>
<arg>${json_data['results'][0]}</arg>
<arg>${key}</arg>
<doc>Fails if ``key`` is not found from ``dictionary``.</doc>
<status status="PASS" start="2024-06-02T17:13:34.443301" elapsed="0.000538"/>
</kw>
<kw name="Log" owner="BuiltIn">
<msg time="2024-06-02T17:13:34.444498" level="INFO">{'gender': 'female', 'name': {'title': 'Mrs', 'first': 'Vicenta', 'last': 'Rojas'}, 'location': {'street': {'number': 5733, 'name': 'Ronda de Toledo'}, 'city': 'Albacete', 'state': 'Asturias', 'country': 'Spain', 'postcode': 39797, 'coordinates': {'latitude': '-30.9287', 'longitude': '114.3315'}, 'timezone': {'offset': '+7:00', 'description': 'Bangkok, Hanoi, Jakarta'}}, 'email': 'vicenta.rojas@example.com', 'login': {'uuid': 'fcad9f01-5df4-4e74-b705-999e543bb262', 'username': 'greenmeercat643', 'password': '741852', 'salt': '37s4CqoE', 'md5': '45ef7b95e52d01187a995b17d6bd92ba', 'sha1': 'c524f8f7667c53e0300c5d8a5975cf1fe98a33f0', 'sha256': '651bd746fa353f07e6e55497370791c0b87e452a744ac40a61d53ff159e5bbea'}, 'dob': {'date': '1979-10-11T14:21:34.659Z', 'age': 44}, 'registered': {'date': '2020-03-21T11:41:07.507Z', 'age': 4}, 'phone': '922-771-316', 'cell': '638-048-844', 'id': {'name': 'DNI', 'value': '30884669-J'}, 'picture': {'large': 'https://randomuser.me/api/portraits/women/32.jpg', 'medium': 'https://randomuser.me/api/portraits/med/women/32.jpg', 'thumbnail': 'https://randomuser.me/api/portraits/thumb/women/32.jpg'}, 'nat': 'ES'}</msg>
<arg>${json_data['results'][0]}</arg>
<doc>Logs the given message with the given level.</doc>
<status status="PASS" start="2024-06-02T17:13:34.444140" elapsed="0.000408"/>
</kw>
<kw name="Log" owner="BuiltIn">
<msg time="2024-06-02T17:13:34.444977" level="INFO">email</msg>
<arg>${key}</arg>
<doc>Logs the given message with the given level.</doc>
<status status="PASS" start="2024-06-02T17:13:34.444847" elapsed="0.000167"/>
</kw>
<var name="${key}">email</var>
<status status="PASS" start="2024-06-02T17:13:34.443190" elapsed="0.002038"/>
</iter>
<iter>
<kw name="Dictionary Should Contain Key" owner="Collections">
<msg time="2024-06-02T17:13:34.445892" level="INFO">False</msg>
<arg>${json_data['results'][0]}</arg>
<arg>${key}</arg>
<doc>Fails if ``key`` is not found from ``dictionary``.</doc>
<status status="PASS" start="2024-06-02T17:13:34.445518" elapsed="0.000411"/>
</kw>
<kw name="Log" owner="BuiltIn">
<msg time="2024-06-02T17:13:34.446626" level="INFO">{'gender': 'female', 'name': {'title': 'Mrs', 'first': 'Vicenta', 'last': 'Rojas'}, 'location': {'street': {'number': 5733, 'name': 'Ronda de Toledo'}, 'city': 'Albacete', 'state': 'Asturias', 'country': 'Spain', 'postcode': 39797, 'coordinates': {'latitude': '-30.9287', 'longitude': '114.3315'}, 'timezone': {'offset': '+7:00', 'description': 'Bangkok, Hanoi, Jakarta'}}, 'email': 'vicenta.rojas@example.com', 'login': {'uuid': 'fcad9f01-5df4-4e74-b705-999e543bb262', 'username': 'greenmeercat643', 'password': '741852', 'salt': '37s4CqoE', 'md5': '45ef7b95e52d01187a995b17d6bd92ba', 'sha1': 'c524f8f7667c53e0300c5d8a5975cf1fe98a33f0', 'sha256': '651bd746fa353f07e6e55497370791c0b87e452a744ac40a61d53ff159e5bbea'}, 'dob': {'date': '1979-10-11T14:21:34.659Z', 'age': 44}, 'registered': {'date': '2020-03-21T11:41:07.507Z', 'age': 4}, 'phone': '922-771-316', 'cell': '638-048-844', 'id': {'name': 'DNI', 'value': '30884669-J'}, 'picture': {'large': 'https://randomuser.me/api/portraits/women/32.jpg', 'medium': 'https://randomuser.me/api/portraits/med/women/32.jpg', 'thumbnail': 'https://randomuser.me/api/portraits/thumb/women/32.jpg'}, 'nat': 'ES'}</msg>
<arg>${json_data['results'][0]}</arg>
<doc>Logs the given message with the given level.</doc>
<status status="PASS" start="2024-06-02T17:13:34.446254" elapsed="0.000420"/>
</kw>
<kw name="Log" owner="BuiltIn">
<msg time="2024-06-02T17:13:34.447096" level="INFO">login</msg>
<arg>${key}</arg>
<doc>Logs the given message with the given level.</doc>
<status status="PASS" start="2024-06-02T17:13:34.446968" elapsed="0.000166"/>
</kw>
<var name="${key}">login</var>
<status status="PASS" start="2024-06-02T17:13:34.445405" elapsed="0.001971"/>
</iter>
<var>${key}</var>
<value>@{expected_keys}</value>
<status status="PASS" start="2024-06-02T17:13:34.436389" elapsed="0.011115"/>
</for>
<kw name="Create List" owner="BuiltIn">
<msg time="2024-06-02T17:13:34.447835" level="INFO">${expected_keysTwo} = ['username', 'password']</msg>
<var>${expected_keysTwo}</var>
<arg>username</arg>
<arg>password</arg>
<doc>Returns a list containing given items.</doc>
<status status="PASS" start="2024-06-02T17:13:34.447697" elapsed="0.000162"/>
</kw>
<for flavor="IN">
<iter>
<kw name="Dictionary Should Contain Key" owner="Collections">
<msg time="2024-06-02T17:13:34.448932" level="INFO">False</msg>
<arg>${json_data['results'][0]['login']}</arg>
<arg>${keyTwo}</arg>
<doc>Fails if ``key`` is not found from ``dictionary``.</doc>
<status status="PASS" start="2024-06-02T17:13:34.448359" elapsed="0.000628"/>
</kw>
<kw name="Dictionary Should Contain Key" owner="Collections">
<msg time="2024-06-02T17:13:34.449702" level="INFO">False</msg>
<arg>${json_data['results'][0]['login']}</arg>
<arg>${keyTwo}</arg>
<doc>Fails if ``key`` is not found from ``dictionary``.</doc>
<status status="PASS" start="2024-06-02T17:13:34.449308" elapsed="0.000433"/>
</kw>
<kw name="Log" owner="BuiltIn">
<msg time="2024-06-02T17:13:34.450221" level="INFO">username</msg>
<arg>${keyTwo}</arg>
<doc>Logs the given message with the given level.</doc>
<status status="PASS" start="2024-06-02T17:13:34.450051" elapsed="0.000213"/>
</kw>
<var name="${keyTwo}">username</var>
<status status="PASS" start="2024-06-02T17:13:34.448249" elapsed="0.002263"/>
</iter>
<iter>
<kw name="Dictionary Should Contain Key" owner="Collections">
<msg time="2024-06-02T17:13:34.451183" level="INFO">False</msg>
<arg>${json_data['results'][0]['login']}</arg>
<arg>${keyTwo}</arg>
<doc>Fails if ``key`` is not found from ``dictionary``.</doc>
<status status="PASS" start="2024-06-02T17:13:34.450801" elapsed="0.000421"/>
</kw>
<kw name="Dictionary Should Contain Key" owner="Collections">
<msg time="2024-06-02T17:13:34.451904" level="INFO">False</msg>
<arg>${json_data['results'][0]['login']}</arg>
<arg>${keyTwo}</arg>
<doc>Fails if ``key`` is not found from ``dictionary``.</doc>
<status status="PASS" start="2024-06-02T17:13:34.451520" elapsed="0.000422"/>
</kw>
<kw name="Log" owner="BuiltIn">
<msg time="2024-06-02T17:13:34.452375" level="INFO">password</msg>
<arg>${keyTwo}</arg>
<doc>Logs the given message with the given level.</doc>
<status status="PASS" start="2024-06-02T17:13:34.452235" elapsed="0.000178"/>
</kw>
<var name="${keyTwo}">password</var>
<status status="PASS" start="2024-06-02T17:13:34.450687" elapsed="0.001940"/>
</iter>
<var>${keyTwo}</var>
<value>@{expected_keysTwo}</value>
<status status="PASS" start="2024-06-02T17:13:34.448097" elapsed="0.004653"/>
</for>
<status status="PASS" start="2024-06-02T17:13:34.342663" elapsed="0.110229"/>
</kw>
<doc>Testa a estrutura da resposta da API.</doc>
<tag>testeEstruturaResposta</tag>
<status status="PASS" start="2024-06-02T17:13:34.342125" elapsed="0.110922"/>
</test>
<test id="s1-s1-t4" name="Validar tipos de dados" line="28">
<kw name="Teste de Tipos de Dados" owner="random-user-service">
<kw name="GET On Session" owner="RequestsLibrary">
<msg time="2024-06-02T17:13:34.543042" level="INFO">GET Request : url=https://randomuser.me/api 
 path_url=/api 
 headers={'User-Agent': 'python-requests/2.32.3', 'Accept-Encoding': 'gzip, deflate', 'Accept': '*/*', 'Connection': 'keep-alive'} 
 body=None 
 </msg>
<msg time="2024-06-02T17:13:34.543131" level="INFO">GET Response : url=https://randomuser.me/api 
 status=200, reason=OK 
 headers={'Date': 'Sun, 02 Jun 2024 17:13:34 GMT', 'Content-Type': 'application/json; charset=utf-8', 'Transfer-Encoding': 'chunked', 'Connection': 'keep-alive', 'X-Powered-By': 'Express', 'Access-Control-Allow-Origin': '*', 'Cache-Control': 'no-cache', 'ETag': 'W/"48a-hSi75vYFEI9NjrCvLcw94SV2e/o"', 'Vary': 'Accept-Encoding', 'Content-Encoding': 'gzip', 'CF-Cache-Status': 'DYNAMIC', 'Report-To': '{"endpoints":[{"url":"https:\\/\\/a.nel.cloudflare.com\\/report\\/v4?s=BKCHVGBIZyaYvAcrwQjjm7926pWKBUkCfhMIP1sug5rvwcVT071xgI2RciTYz2kVhaFM7wXMDDQZ7d7qVrv%2F8mDKJywXNGElu%2BbHeB4wzESXa2XcHx5%2BRerdy2iXzCE0"}],"group":"cf-nel","max_age":604800}', 'NEL': '{"success_fraction":0,"report_to":"cf-nel","max_age":604800}', 'Server': 'cloudflare', 'CF-RAY': '88d9132659e49676-SJC', 'alt-svc': 'h3=":443"; ma=86400'} 
 body={"results":[{"gender":"male","name":{"title":"Mr","first":"Brett","last":"Bradley"},"location":{"street":{"number":5724,"name":"Valley View Ln"},"city":"Devonport","state":"South Australia","country":"Australia","postcode":5490,"coordinates":{"latitude":"-82.9562","longitude":"-133.4693"},"timezone":{"offset":"-12:00","description":"Eniwetok, Kwajalein"}},"email":"brett.bradley@example.com","login":{"uuid":"1109d581-9c88-4117-97d5-9766ca3efb55","username":"ticklishgoose637","password":"jimbo1","salt":"JYFGeeCY","md5":"bb4888731135cb99d5a41bbe57ce714e","sha1":"86920d2c7562271764d2ace8057b00ae1e502d6c","sha256":"524b2e9c9177b71b3b68279e74da458186a96df60df9de6412cbac1f985aee45"},"dob":{"date":"1969-10-14T13:40:48.603Z","age":54},"registered":{"date":"2010-12-17T19:54:09.251Z","age":13},"phone":"07-6189-7331","cell":"0429-397-297","id":{"name":"TFN","value":"403113303"},"picture":{"large":"https://randomuser.me/api/portraits/men/38.jpg","medium":"https://randomuser.me/api/portraits/med/men/38.jpg","thumbnail":"https://randomuser.me/api/portraits/thumb/men/38.jpg"},"nat":"AU"}],"info":{"seed":"cc2340b7a218cb13","results":1,"page":1,"version":"1.4"}} 
 </msg>
<msg time="2024-06-02T17:13:34.543193" level="INFO">/opt/hostedtoolcache/Python/3.12.3/x64/lib/python3.12/site-packages/urllib3/connectionpool.py:1103: InsecureRequestWarning: Unverified HTTPS request is being made to host 'randomuser.me'. Adding certificate verification is strongly advised. See: https://urllib3.readthedocs.io/en/latest/advanced-usage.html#tls-warnings
  warnings.warn(</msg>
<msg time="2024-06-02T17:13:34.543298" level="INFO">${response} = &lt;Response [200]&gt;</msg>
<var>${response}</var>
<arg>consultarAPI</arg>
<arg>/api</arg>
<doc>Sends a GET request on a previously created HTTP Session.</doc>
<status status="PASS" start="2024-06-02T17:13:34.455550" elapsed="0.087786"/>
</kw>
<kw name="Set Variable" owner="BuiltIn">
<msg time="2024-06-02T17:13:34.544239" level="INFO">${json_data} = {'results': [{'gender': 'male', 'name': {'title': 'Mr', 'first': 'Brett', 'last': 'Bradley'}, 'location': {'street': {'number': 5724, 'name': 'Valley View Ln'}, 'city': 'Devonport', 'state': 'South Au...</msg>
<var>${json_data}</var>
<arg>${response.json()}</arg>
<doc>Returns the given values which can then be assigned to a variables.</doc>
<status status="PASS" start="2024-06-02T17:13:34.543772" elapsed="0.000496"/>
</kw>
<kw name="Log" owner="BuiltIn">
<msg time="2024-06-02T17:13:34.544743" level="INFO">{'results': [{'gender': 'male', 'name': {'title': 'Mr', 'first': 'Brett', 'last': 'Bradley'}, 'location': {'street': {'number': 5724, 'name': 'Valley View Ln'}, 'city': 'Devonport', 'state': 'South Australia', 'country': 'Australia', 'postcode': 5490, 'coordinates': {'latitude': '-82.9562', 'longitude': '-133.4693'}, 'timezone': {'offset': '-12:00', 'description': 'Eniwetok, Kwajalein'}}, 'email': 'brett.bradley@example.com', 'login': {'uuid': '1109d581-9c88-4117-97d5-9766ca3efb55', 'username': 'ticklishgoose637', 'password': 'jimbo1', 'salt': 'JYFGeeCY', 'md5': 'bb4888731135cb99d5a41bbe57ce714e', 'sha1': '86920d2c7562271764d2ace8057b00ae1e502d6c', 'sha256': '524b2e9c9177b71b3b68279e74da458186a96df60df9de6412cbac1f985aee45'}, 'dob': {'date': '1969-10-14T13:40:48.603Z', 'age': 54}, 'registered': {'date': '2010-12-17T19:54:09.251Z', 'age': 13}, 'phone': '07-6189-7331', 'cell': '0429-397-297', 'id': {'name': 'TFN', 'value': '403113303'}, 'picture': {'large': 'https://randomuser.me/api/portraits/men/38.jpg', 'medium': 'https://randomuser.me/api/portraits/med/men/38.jpg', 'thumbnail': 'https://randomuser.me/api/portraits/thumb/men/38.jpg'}, 'nat': 'AU'}], 'info': {'seed': 'cc2340b7a218cb13', 'results': 1, 'page': 1, 'version': '1.4'}}</msg>
<arg>${json_data}</arg>
<doc>Logs the given message with the given level.</doc>
<status status="PASS" start="2024-06-02T17:13:34.544586" elapsed="0.000240"/>
</kw>
<kw name="Should Be String" owner="String">
<arg>${json_data['results'][0]['gender']}</arg>
<doc>Fails if the given ``item`` is not a string.</doc>
<status status="PASS" start="2024-06-02T17:13:34.545131" elapsed="0.000369"/>
</kw>
<kw name="Should Match Regexp" owner="BuiltIn">
<arg>${json_data['results'][0]['email']}</arg>
<arg>^[a-zA-Z0-9._%+-]+@[a-zA-Z0-9.-]+\.[a-zA-Z]{2,}$</arg>
<doc>Fails if ``string`` does not match ``pattern`` as a regular expression.</doc>
<status status="PASS" start="2024-06-02T17:13:34.545695" elapsed="0.000708"/>
</kw>
<kw name="Should Match Regexp" owner="BuiltIn">
<arg>${json_data['results'][0]['dob']['date']}</arg>
<arg>\\d{4}-\\d{2}-\\d{2}T\\d{2}:\\d{2}:\\d{2}\\.\\d{3}Z</arg>
<doc>Fails if ``string`` does not match ``pattern`` as a regular expression.</doc>
<status status="PASS" start="2024-06-02T17:13:34.546621" elapsed="0.000496"/>
</kw>
<kw name="Should Match Regexp" owner="BuiltIn">
<arg>${json_data['results'][0]['registered']['date']}</arg>
<arg>\\d{4}-\\d{2}-\\d{2}T\\d{2}:\\d{2}:\\d{2}\\.\\d{3}Z</arg>
<doc>Fails if ``string`` does not match ``pattern`` as a regular expression.</doc>
<status status="PASS" start="2024-06-02T17:13:34.547317" elapsed="0.000369"/>
</kw>
<kw name="Should Match Regexp" owner="BuiltIn">
<arg>${json_data['results'][0]['picture']['large']}</arg>
<arg>^https?://.*\.(?:png|jpe?g|gif|bmp)$</arg>
<doc>Fails if ``string`` does not match ``pattern`` as a regular expression.</doc>
<status status="PASS" start="2024-06-02T17:13:34.547885" elapsed="0.000483"/>
</kw>
<kw name="Should Match Regexp" owner="BuiltIn">
<arg>${json_data['results'][0]['picture']['medium']}</arg>
<arg>^https?://.*\.(?:png|jpe?g|gif|bmp)$</arg>
<doc>Fails if ``string`` does not match ``pattern`` as a regular expression.</doc>
<status status="PASS" start="2024-06-02T17:13:34.548565" elapsed="0.000362"/>
</kw>
<kw name="Should Match Regexp" owner="BuiltIn">
<arg>${json_data['results'][0]['picture']['thumbnail']}</arg>
<arg>^https?://.*\.(?:png|jpe?g|gif|bmp)$</arg>
<doc>Fails if ``string`` does not match ``pattern`` as a regular expression.</doc>
<status status="PASS" start="2024-06-02T17:13:34.549118" elapsed="0.000355"/>
</kw>
<kw name="Log" owner="BuiltIn">
<msg time="2024-06-02T17:13:34.549987" level="INFO">{'large': 'https://randomuser.me/api/portraits/men/38.jpg', 'medium': 'https://randomuser.me/api/portraits/med/men/38.jpg', 'thumbnail': 'https://randomuser.me/api/portraits/thumb/men/38.jpg'}</msg>
<arg>${json_data['results'][0]['picture']}</arg>
<doc>Logs the given message with the given level.</doc>
<status status="PASS" start="2024-06-02T17:13:34.549657" elapsed="0.000372"/>
</kw>
<status status="PASS" start="2024-06-02T17:13:34.455313" elapsed="0.095008"/>
</kw>
<kw name="Teste de Tipos de Dados - Postcode" owner="random-user-service">
<kw name="GET On Session" owner="RequestsLibrary">
<msg time="2024-06-02T17:13:34.643519" level="INFO">GET Request : url=https://randomuser.me/api 
 path_url=/api 
 headers={'User-Agent': 'python-requests/2.32.3', 'Accept-Encoding': 'gzip, deflate', 'Accept': '*/*', 'Connection': 'keep-alive'} 
 body=None 
 </msg>
<msg time="2024-06-02T17:13:34.643611" level="INFO">GET Response : url=https://randomuser.me/api 
 status=200, reason=OK 
 headers={'Date': 'Sun, 02 Jun 2024 17:13:34 GMT', 'Content-Type': 'application/json; charset=utf-8', 'Transfer-Encoding': 'chunked', 'Connection': 'keep-alive', 'X-Powered-By': 'Express', 'Access-Control-Allow-Origin': '*', 'Cache-Control': 'no-cache', 'ETag': 'W/"4aa-P/7km7s+E5adWLCmLRBt1PozhL4"', 'Vary': 'Accept-Encoding', 'Content-Encoding': 'gzip', 'CF-Cache-Status': 'DYNAMIC', 'Report-To': '{"endpoints":[{"url":"https:\\/\\/a.nel.cloudflare.com\\/report\\/v4?s=kSxBF1obSGBxOsoREA8OctNfVDFRp3gPueL7MJEQUf5JRnZ6uTHF3PV3ZP5YqbPx4rogrLWX8ymBwo36oIuSs3NZXuGGEwq2mw4AS6WZwfzMiyyPnRCwoS1i7JyLDW5T"}],"group":"cf-nel","max_age":604800}', 'NEL': '{"success_fraction":0,"report_to":"cf-nel","max_age":604800}', 'Server': 'cloudflare', 'CF-RAY': '88d91326fa619676-SJC', 'alt-svc': 'h3=":443"; ma=86400'} 
 body={"results":[{"gender":"female","name":{"title":"Miss","first":"Adelina","last":"Novaes"},"location":{"street":{"number":9848,"name":"Avenida Vinícius de Morais"},"city":"Maranguape","state":"Paraná","country":"Brazil","postcode":12229,"coordinates":{"latitude":"-80.6858","longitude":"58.1658"},"timezone":{"offset":"+4:00","description":"Abu Dhabi, Muscat, Baku, Tbilisi"}},"email":"adelina.novaes@example.com","login":{"uuid":"0b19f188-04b8-4be8-a235-0af0242d8ab5","username":"goldenbear708","password":"carrie","salt":"pSIU4HQk","md5":"7cdcfa1ac5eb9d101a98d69f2ee95b79","sha1":"9ed20a70ec62fe050f99e7aa62cc7138f8992fde","sha256":"d2294cc4691c875431387c079cb120fff211a6111869f587472960b2137cd1e1"},"dob":{"date":"1999-10-15T02:44:42.506Z","age":24},"registered":{"date":"2003-03-11T09:47:56.046Z","age":21},"phone":"(21) 8567-3611","cell":"(84) 8809-2207","id":{"name":"CPF","value":"755.893.098-61"},"picture":{"large":"https://randomuser.me/api/portraits/women/13.jpg","medium":"https://randomuser.me/api/portraits/med/women/13.jpg","thumbnail":"https://randomuser.me/api/portraits/thumb/women/13.jpg"},"nat":"BR"}],"info":{"seed":"edddfc9aae5f4e18","results":1,"page":1,"version":"1.4"}} 
 </msg>
<msg time="2024-06-02T17:13:34.643681" level="INFO">/opt/hostedtoolcache/Python/3.12.3/x64/lib/python3.12/site-packages/urllib3/connectionpool.py:1103: InsecureRequestWarning: Unverified HTTPS request is being made to host 'randomuser.me'. Adding certificate verification is strongly advised. See: https://urllib3.readthedocs.io/en/latest/advanced-usage.html#tls-warnings
  warnings.warn(</msg>
<msg time="2024-06-02T17:13:34.643814" level="INFO">${response} = &lt;Response [200]&gt;</msg>
<var>${response}</var>
<arg>consultarAPI</arg>
<arg>/api</arg>
<doc>Sends a GET request on a previously created HTTP Session.</doc>
<status status="PASS" start="2024-06-02T17:13:34.550777" elapsed="0.093078"/>
</kw>
<kw name="Set Variable" owner="BuiltIn">
<msg time="2024-06-02T17:13:34.644898" level="INFO">${json_data} = {'results': [{'gender': 'female', 'name': {'title': 'Miss', 'first': 'Adelina', 'last': 'Novaes'}, 'location': {'street': {'number': 9848, 'name': 'Avenida Vinícius de Morais'}, 'city': 'Maranguape', ...</msg>
<var>${json_data}</var>
<arg>${response.json()}</arg>
<doc>Returns the given values which can then be assigned to a variables.</doc>
<status status="PASS" start="2024-06-02T17:13:34.644382" elapsed="0.000545"/>
</kw>
<kw name="Log" owner="BuiltIn">
<msg time="2024-06-02T17:13:34.645398" level="INFO">{'results': [{'gender': 'female', 'name': {'title': 'Miss', 'first': 'Adelina', 'last': 'Novaes'}, 'location': {'street': {'number': 9848, 'name': 'Avenida Vinícius de Morais'}, 'city': 'Maranguape', 'state': 'Paraná', 'country': 'Brazil', 'postcode': 12229, 'coordinates': {'latitude': '-80.6858', 'longitude': '58.1658'}, 'timezone': {'offset': '+4:00', 'description': 'Abu Dhabi, Muscat, Baku, Tbilisi'}}, 'email': 'adelina.novaes@example.com', 'login': {'uuid': '0b19f188-04b8-4be8-a235-0af0242d8ab5', 'username': 'goldenbear708', 'password': 'carrie', 'salt': 'pSIU4HQk', 'md5': '7cdcfa1ac5eb9d101a98d69f2ee95b79', 'sha1': '9ed20a70ec62fe050f99e7aa62cc7138f8992fde', 'sha256': 'd2294cc4691c875431387c079cb120fff211a6111869f587472960b2137cd1e1'}, 'dob': {'date': '1999-10-15T02:44:42.506Z', 'age': 24}, 'registered': {'date': '2003-03-11T09:47:56.046Z', 'age': 21}, 'phone': '(21) 8567-3611', 'cell': '(84) 8809-2207', 'id': {'name': 'CPF', 'value': '755.893.098-61'}, 'picture': {'large': 'https://randomuser.me/api/portraits/women/13.jpg', 'medium': 'https://randomuser.me/api/portraits/med/women/13.jpg', 'thumbnail': 'https://randomuser.me/api/portraits/thumb/women/13.jpg'}, 'nat': 'BR'}], 'info': {'seed': 'edddfc9aae5f4e18', 'results': 1, 'page': 1, 'version': '1.4'}}</msg>
<arg>${json_data}</arg>
<doc>Logs the given message with the given level.</doc>
<status status="PASS" start="2024-06-02T17:13:34.645238" elapsed="0.000242"/>
</kw>
<kw name="Should Be Equal As Numbers" owner="BuiltIn">
<arg>${json_data['results'][0]['location']['postcode']}</arg>
<arg>${json_data['results'][0]['location']['postcode']}</arg>
<doc>Fails if objects are unequal after converting them to real numbers.</doc>
<status status="PASS" start="2024-06-02T17:13:34.645780" elapsed="0.000673"/>
</kw>
<kw name="Log" owner="BuiltIn">
<msg time="2024-06-02T17:13:34.646985" level="INFO">12229</msg>
<arg>${json_data['results'][0]['location']['postcode']}</arg>
<doc>Logs the given message with the given level.</doc>
<status status="PASS" start="2024-06-02T17:13:34.646652" elapsed="0.000374"/>
</kw>
<status status="PASS" start="2024-06-02T17:13:34.550546" elapsed="0.096748"/>
</kw>
<doc>Testa se os tipos de dados na resposta da API estão corretos.</doc>
<tag>testeTiposDados</tag>
<status status="PASS" start="2024-06-02T17:13:34.454854" elapsed="0.192608"/>
</test>
<test id="s1-s1-t5" name="Validar conteudo" line="35">
<kw name="Teste de Tipos de Conteudo" owner="random-user-service">
<kw name="GET On Session" owner="RequestsLibrary">
<msg time="2024-06-02T17:13:34.747480" level="INFO">GET Request : url=https://randomuser.me/api 
 path_url=/api 
 headers={'User-Agent': 'python-requests/2.32.3', 'Accept-Encoding': 'gzip, deflate', 'Accept': '*/*', 'Connection': 'keep-alive'} 
 body=None 
 </msg>
<msg time="2024-06-02T17:13:34.747561" level="INFO">GET Response : url=https://randomuser.me/api 
 status=200, reason=OK 
 headers={'Date': 'Sun, 02 Jun 2024 17:13:34 GMT', 'Content-Type': 'application/json; charset=utf-8', 'Transfer-Encoding': 'chunked', 'Connection': 'keep-alive', 'X-Powered-By': 'Express', 'Access-Control-Allow-Origin': '*', 'Cache-Control': 'no-cache', 'ETag': 'W/"495-3o8e7sA18KJ7VCPZMkd+oiSeV24"', 'Vary': 'Accept-Encoding', 'Content-Encoding': 'gzip', 'CF-Cache-Status': 'DYNAMIC', 'Report-To': '{"endpoints":[{"url":"https:\\/\\/a.nel.cloudflare.com\\/report\\/v4?s=Ob2VGVwKSsUTnlyL7GVx5%2FHEJ2q%2BodopYXVJ4pU8oa2Ti%2Fnpm8ajbzzaOBIInvyuyEihJhXy5XYLOIasmktO1vZM%2Bnf8hywuXRNS%2BokCmY7y%2BGmAW4s2X1D5u7XxKyOU"}],"group":"cf-nel","max_age":604800}', 'NEL': '{"success_fraction":0,"report_to":"cf-nel","max_age":604800}', 'Server': 'cloudflare', 'CF-RAY': '88d913279ace9676-SJC', 'alt-svc': 'h3=":443"; ma=86400'} 
 body={"results":[{"gender":"female","name":{"title":"Mrs","first":"Sarah","last":"Daniels"},"location":{"street":{"number":7177,"name":"High Street"},"city":"Castlebar","state":"Cork City","country":"Ireland","postcode":74522,"coordinates":{"latitude":"2.9668","longitude":"138.3479"},"timezone":{"offset":"+5:30","description":"Bombay, Calcutta, Madras, New Delhi"}},"email":"sarah.daniels@example.com","login":{"uuid":"d39bb532-b6cd-4387-886d-b5c93036ecca","username":"ticklishpeacock409","password":"helium","salt":"yV2oHCqI","md5":"99d5c5531de4a0af3ba4ac5876392bb2","sha1":"e59899f5e7a35473fdf02275f03b13811d6cedd0","sha256":"91c398ee6ddf2a36b3ab94364246bd4209df9b2374c161ecff768f251571653e"},"dob":{"date":"1987-12-10T17:44:41.765Z","age":36},"registered":{"date":"2014-09-13T20:38:43.479Z","age":9},"phone":"011-239-7767","cell":"081-951-7122","id":{"name":"PPS","value":"2004024T"},"picture":{"large":"https://randomuser.me/api/portraits/women/19.jpg","medium":"https://randomuser.me/api/portraits/med/women/19.jpg","thumbnail":"https://randomuser.me/api/portraits/thumb/women/19.jpg"},"nat":"IE"}],"info":{"seed":"52f535e778234cac","results":1,"page":1,"version":"1.4"}} 
 </msg>
<msg time="2024-06-02T17:13:34.747624" level="INFO">/opt/hostedtoolcache/Python/3.12.3/x64/lib/python3.12/site-packages/urllib3/connectionpool.py:1103: InsecureRequestWarning: Unverified HTTPS request is being made to host 'randomuser.me'. Adding certificate verification is strongly advised. See: https://urllib3.readthedocs.io/en/latest/advanced-usage.html#tls-warnings
  warnings.warn(</msg>
<msg time="2024-06-02T17:13:34.747747" level="INFO">${response} = &lt;Response [200]&gt;</msg>
<var>${response}</var>
<arg>consultarAPI</arg>
<arg>/api</arg>
<doc>Sends a GET request on a previously created HTTP Session.</doc>
<status status="PASS" start="2024-06-02T17:13:34.649963" elapsed="0.097826"/>
</kw>
<kw name="Set Variable" owner="BuiltIn">
<msg time="2024-06-02T17:13:34.748783" level="INFO">${json_data} = {'results': [{'gender': 'female', 'name': {'title': 'Mrs', 'first': 'Sarah', 'last': 'Daniels'}, 'location': {'street': {'number': 7177, 'name': 'High Street'}, 'city': 'Castlebar', 'state': 'Cork Cit...</msg>
<var>${json_data}</var>
<arg>${response.json()}</arg>
<doc>Returns the given values which can then be assigned to a variables.</doc>
<status status="PASS" start="2024-06-02T17:13:34.748301" elapsed="0.000511"/>
</kw>
<kw name="Set Variable" owner="BuiltIn">
<msg time="2024-06-02T17:13:34.749487" level="INFO">${name_title} = Mrs</msg>
<var>${name_title}</var>
<arg>${json_data["results"][0]["name"]["title"]}</arg>
<doc>Returns the given values which can then be assigned to a variables.</doc>
<status status="PASS" start="2024-06-02T17:13:34.749113" elapsed="0.000400"/>
</kw>
<kw name="Create List" owner="BuiltIn">
<msg time="2024-06-02T17:13:34.749954" level="INFO">${allowed_titles} = ['Mr', 'Ms', 'Miss', 'Mrs', 'Madame', 'Monsieur']</msg>
<var>${allowed_titles}</var>
<arg>Mr</arg>
<arg>Ms</arg>
<arg>Miss</arg>
<arg>Mrs</arg>
<arg>Madame</arg>
<arg>Monsieur</arg>
<doc>Returns a list containing given items.</doc>
<status status="PASS" start="2024-06-02T17:13:34.749806" elapsed="0.000171"/>
</kw>
<kw name="List Should Contain Value" owner="Collections">
<msg time="2024-06-02T17:13:34.750483" level="INFO">False</msg>
<arg>${allowed_titles}</arg>
<arg>${name_title}</arg>
<doc>Fails if the ``value`` is not found from ``list``.</doc>
<status status="PASS" start="2024-06-02T17:13:34.750310" elapsed="0.000208"/>
</kw>
<kw name="Set Variable" owner="BuiltIn">
<msg time="2024-06-02T17:13:34.751356" level="INFO">${name_country} = IE</msg>
<var>${name_country}</var>
<arg>${json_data["results"][0]["nat"]}</arg>
<doc>Returns the given values which can then be assigned to a variables.</doc>
<status status="PASS" start="2024-06-02T17:13:34.750814" elapsed="0.000567"/>
</kw>
<kw name="Create List" owner="BuiltIn">
<msg time="2024-06-02T17:13:34.752281" level="INFO">${list_country} = ['AD', 'AE', 'AF', 'AG', 'AI', 'AL', 'AM', 'AO', 'AQ', 'AR', 'AS', 'AT', 'AU', 'AW', 'AX', 'AZ', 'BA', 'BB', 'BD', 'BE', 'BF', 'BG', 'BH', 'BI', 'BJ', 'BL', 'BM', 'BN', 'BO', 'BQ', 'BR', 'BS', 'BT', '...</msg>
<var>${list_country}</var>
<arg>AD</arg>
<arg>AE</arg>
<arg>AF</arg>
<arg>AG</arg>
<arg>AI</arg>
<arg>AL</arg>
<arg>AM</arg>
<arg>AO</arg>
<arg>AQ</arg>
<arg>AR</arg>
<arg>AS</arg>
<arg>AT</arg>
<arg>AU</arg>
<arg>AW</arg>
<arg>AX</arg>
<arg>AZ</arg>
<arg>BA</arg>
<arg>BB</arg>
<arg>BD</arg>
<arg>BE</arg>
<arg>BF</arg>
<arg>BG</arg>
<arg>BH</arg>
<arg>BI</arg>
<arg>BJ</arg>
<arg>BL</arg>
<arg>BM</arg>
<arg>BN</arg>
<arg>BO</arg>
<arg>BQ</arg>
<arg>BR</arg>
<arg>BS</arg>
<arg>BT</arg>
<arg>BV</arg>
<arg>BW</arg>
<arg>BY</arg>
<arg>BZ</arg>
<arg>CA</arg>
<arg>CC</arg>
<arg>CD</arg>
<arg>CF</arg>
<arg>CG</arg>
<arg>CH</arg>
<arg>CI</arg>
<arg>CK</arg>
<arg>CL</arg>
<arg>CM</arg>
<arg>CN</arg>
<arg>CO</arg>
<arg>CR</arg>
<arg>CU</arg>
<arg>CV</arg>
<arg>CW</arg>
<arg>CX</arg>
<arg>CY</arg>
<arg>CZ</arg>
<arg>DE</arg>
<arg>DJ</arg>
<arg>DK</arg>
<arg>DM</arg>
<arg>DO</arg>
<arg>DZ</arg>
<arg>EC</arg>
<arg>EE</arg>
<arg>EG</arg>
<arg>EH</arg>
<arg>ER</arg>
<arg>ES</arg>
<arg>ET</arg>
<arg>FI</arg>
<arg>FJ</arg>
<arg>FK</arg>
<arg>FM</arg>
<arg>FO</arg>
<arg>FR</arg>
<arg>GA</arg>
<arg>GB</arg>
<arg>GD</arg>
<arg>GE</arg>
<arg>GF</arg>
<arg>GG</arg>
<arg>GH</arg>
<arg>GI</arg>
<arg>GL</arg>
<arg>GM</arg>
<arg>GN</arg>
<arg>GP</arg>
<arg>GQ</arg>
<arg>GR</arg>
<arg>GS</arg>
<arg>GT</arg>
<arg>GU</arg>
<arg>GW</arg>
<arg>GY</arg>
<arg>HK</arg>
<arg>HM</arg>
<arg>HN</arg>
<arg>HR</arg>
<arg>HT</arg>
<arg>HU</arg>
<arg>ID</arg>
<arg>IE</arg>
<arg>IL</arg>
<arg>IM</arg>
<arg>IN</arg>
<arg>IO</arg>
<arg>IQ</arg>
<arg>IR</arg>
<arg>IS</arg>
<arg>IT</arg>
<arg>JE</arg>
<arg>JM</arg>
<arg>JO</arg>
<arg>JP</arg>
<arg>KE</arg>
<arg>KG</arg>
<arg>KH</arg>
<arg>KI</arg>
<arg>KM</arg>
<arg>KN</arg>
<arg>KP</arg>
<arg>KR</arg>
<arg>KW</arg>
<arg>KY</arg>
<arg>KZ</arg>
<arg>LA</arg>
<arg>LB</arg>
<arg>LC</arg>
<arg>LI</arg>
<arg>LK</arg>
<arg>LR</arg>
<arg>LS</arg>
<arg>LT</arg>
<arg>LU</arg>
<arg>LV</arg>
<arg>LY</arg>
<arg>MA</arg>
<arg>MC</arg>
<arg>MD</arg>
<arg>ME</arg>
<arg>MF</arg>
<arg>MG</arg>
<arg>MH</arg>
<arg>MK</arg>
<arg>ML</arg>
<arg>MM</arg>
<arg>MN</arg>
<arg>MO</arg>
<arg>MP</arg>
<arg>MQ</arg>
<arg>MR</arg>
<arg>MS</arg>
<arg>MT</arg>
<arg>MU</arg>
<arg>MV</arg>
<arg>MW</arg>
<arg>MX</arg>
<arg>MY</arg>
<arg>MZ</arg>
<arg>NA</arg>
<arg>NC</arg>
<arg>NE</arg>
<arg>NF</arg>
<arg>NG</arg>
<arg>NI</arg>
<arg>NL</arg>
<arg>NO</arg>
<arg>NP</arg>
<arg>NR</arg>
<arg>NU</arg>
<arg>NZ</arg>
<arg>OM</arg>
<arg>PA</arg>
<arg>PE</arg>
<arg>PF</arg>
<arg>PG</arg>
<arg>PH</arg>
<arg>PK</arg>
<arg>PL</arg>
<arg>PM</arg>
<arg>PN</arg>
<arg>PR</arg>
<arg>PS</arg>
<arg>PT</arg>
<arg>PW</arg>
<arg>PY</arg>
<arg>QA</arg>
<arg>RE</arg>
<arg>RO</arg>
<arg>RS</arg>
<arg>RU</arg>
<arg>RW</arg>
<arg>SA</arg>
<arg>SB</arg>
<arg>SC</arg>
<arg>SD</arg>
<arg>SE</arg>
<arg>SG</arg>
<arg>SH</arg>
<arg>SI</arg>
<arg>SJ</arg>
<arg>SK</arg>
<arg>SL</arg>
<arg>SM</arg>
<arg>SN</arg>
<arg>SO</arg>
<arg>SR</arg>
<arg>SS</arg>
<arg>ST</arg>
<arg>SV</arg>
<arg>SX</arg>
<arg>SY</arg>
<arg>SZ</arg>
<arg>TC</arg>
<arg>TD</arg>
<arg>TF</arg>
<arg>TG</arg>
<arg>TH</arg>
<arg>TJ</arg>
<arg>TK</arg>
<arg>TL</arg>
<arg>TM</arg>
<arg>TN</arg>
<arg>TO</arg>
<arg>TR</arg>
<arg>TT</arg>
<arg>TV</arg>
<arg>TW</arg>
<arg>TZ</arg>
<arg>UA</arg>
<arg>UG</arg>
<arg>UM</arg>
<arg>US</arg>
<arg>UY</arg>
<arg>UZ</arg>
<arg>VA</arg>
<arg>VC</arg>
<arg>VE</arg>
<arg>VG</arg>
<arg>VI</arg>
<arg>VN</arg>
<arg>VU</arg>
<arg>WF</arg>
<arg>WS</arg>
<arg>XK</arg>
<arg>YE</arg>
<arg>YT</arg>
<arg>ZA</arg>
<arg>ZM</arg>
<arg>ZW</arg>
<doc>Returns a list containing given items.</doc>
<status status="PASS" start="2024-06-02T17:13:34.751687" elapsed="0.000619"/>
</kw>
<kw name="List Should Contain Value" owner="Collections">
<msg time="2024-06-02T17:13:34.753287" level="INFO">False</msg>
<arg>${list_country}</arg>
<arg>${name_country}</arg>
<doc>Fails if the ``value`` is not found from ``list``.</doc>
<status status="PASS" start="2024-06-02T17:13:34.753087" elapsed="0.000235"/>
</kw>
<kw name="Run Keyword If" owner="BuiltIn">
<kw name="Should Be True" owner="BuiltIn">
<arg>${True}</arg>
<doc>Fails if the given condition is not true.</doc>
<status status="PASS" start="2024-06-02T17:13:34.754417" elapsed="0.000147"/>
</kw>
<arg>${json_data["results"][0]["location"]["coordinates"]["latitude"]} &gt;= -90 and ${json_data["results"][0]["location"]["coordinates"]["latitude"]} &lt;= 90</arg>
<arg>Should Be True</arg>
<arg>${True}</arg>
<doc>Runs the given keyword with the given arguments, if ``condition`` is true.</doc>
<status status="PASS" start="2024-06-02T17:13:34.753634" elapsed="0.001057"/>
</kw>
<kw name="Run Keyword If" owner="BuiltIn">
<kw name="Should Be True" owner="BuiltIn">
<arg>${True}</arg>
<doc>Fails if the given condition is not true.</doc>
<status status="PASS" start="2024-06-02T17:13:34.755563" elapsed="0.000137"/>
</kw>
<arg>${json_data["results"][0]["location"]["coordinates"]["longitude"]} &gt;= -180 and ${json_data["results"][0]["location"]["coordinates"]["longitude"]} &lt;= 180</arg>
<arg>Should Be True</arg>
<arg>${True}</arg>
<doc>Runs the given keyword with the given arguments, if ``condition`` is true.</doc>
<status status="PASS" start="2024-06-02T17:13:34.754879" elapsed="0.000944"/>
</kw>
<status status="PASS" start="2024-06-02T17:13:34.649733" elapsed="0.106222"/>
</kw>
<doc>Testa o conteúdo específico dos campos retornados pela API.</doc>
<tag>testeConteudo</tag>
<status status="PASS" start="2024-06-02T17:13:34.649190" elapsed="0.106915"/>
</test>
<status status="PASS" start="2024-06-02T17:13:33.887336" elapsed="0.870691"/>
</suite>
<status status="PASS" start="2024-06-02T17:13:33.873758" elapsed="0.889476"/>
</suite>
<statistics>
<total>
<stat pass="5" fail="0" skip="0">All Tests</stat>
</total>
<tag>
<stat pass="1" fail="0" skip="0">testeConteudo</stat>
<stat pass="1" fail="0" skip="0">testeEstruturaResposta</stat>
<stat pass="1" fail="0" skip="0">testeRequisicaoBasica</stat>
<stat pass="1" fail="0" skip="0">testeTiposDados</stat>
</tag>
<suite>
<stat pass="5" fail="0" skip="0" id="s1" name="Tests">Tests</stat>
<stat pass="5" fail="0" skip="0" id="s1-s1" name="Random-User-Test">Tests.Random-User-Test</stat>
</suite>
</statistics>
<errors>
</errors>
</robot>
