<?xml version="1.0" encoding="UTF-8"?>
<robot generator="Robot 7.0 (Python 3.12.3 on linux)" generated="2024-05-03T16:18:10.444257" rpa="false" schemaversion="5">
<suite id="s1" name="Tests" source="/home/runner/work/DesafioQAItauRogerioJordao/DesafioQAItauRogerioJordao/RamdonUser/tests">
<suite id="s1-s1" name="Random-User-Test" source="/home/runner/work/DesafioQAItauRogerioJordao/DesafioQAItauRogerioJordao/RamdonUser/tests/random-user-test.robot">
<test id="s1-s1-t1" name="Conectar" line="13">
<kw name="Conectar API" owner="random-user-service">
<kw name="Create Session" owner="RequestsLibrary">
<msg time="2024-05-03T16:18:10.818760" level="INFO">Creating Session using : alias=consultarAPI, url=https://randomuser.me/, headers={},                     cookies={}, auth=None, timeout=None, proxies=None, verify=False,                     debug=0 </msg>
<arg>consultarAPI</arg>
<arg>${URL}</arg>
<doc>Create Session: create a HTTP session to a server</doc>
<status status="PASS" start="2024-05-03T16:18:10.818546" elapsed="0.000408"/>
</kw>
<status status="PASS" start="2024-05-03T16:18:10.817510" elapsed="0.001833"/>
</kw>
<status status="PASS" start="2024-05-03T16:18:10.816917" elapsed="0.002626"/>
</test>
<test id="s1-s1-t2" name="Validar retorno 200 e JSON Válido" line="16">
<kw name="Teste de Requisicao Basica" owner="random-user-service">
<kw name="GET On Session" owner="RequestsLibrary">
<msg time="2024-05-03T16:18:10.902849" level="INFO">GET Request : url=https://randomuser.me/api 
 path_url=/api 
 headers={'User-Agent': 'python-requests/2.31.0', 'Accept-Encoding': 'gzip, deflate', 'Accept': '*/*', 'Connection': 'keep-alive'} 
 body=None 
 </msg>
<msg time="2024-05-03T16:18:10.903031" level="INFO">GET Response : url=https://randomuser.me/api 
 status=200, reason=OK 
 headers={'Date': 'Fri, 03 May 2024 16:18:10 GMT', 'Content-Type': 'application/json; charset=utf-8', 'Transfer-Encoding': 'chunked', 'Connection': 'keep-alive', 'X-Powered-By': 'Express', 'Access-Control-Allow-Origin': '*', 'Cache-Control': 'no-cache', 'ETag': 'W/"48c-fTlhsWBL0EYYQV1+pHNGfWBF3jQ"', 'Vary': 'Accept-Encoding', 'Content-Encoding': 'gzip', 'CF-Cache-Status': 'DYNAMIC', 'Report-To': '{"endpoints":[{"url":"https:\\/\\/a.nel.cloudflare.com\\/report\\/v4?s=T2YzKQs%2BGCTrtHP76Nar1ZigAH%2FswTxbEDtShzZnEi7N7pds7tcL5a297vlwxcknp0%2FMdIBpVmPSDjCq2JUM9aYHqvIfZpkzvpv9xpOcX04jdpTGiMz%2F%2FEBUSa29H2iv"}],"group":"cf-nel","max_age":604800}', 'NEL': '{"success_fraction":0,"report_to":"cf-nel","max_age":604800}', 'Server': 'cloudflare', 'CF-RAY': '87e190c20cba4228-EWR', 'alt-svc': 'h3=":443"; ma=86400'} 
 body={"results":[{"gender":"male","name":{"title":"Mr","first":"Tiago","last":"Rolland"},"location":{"street":{"number":4076,"name":"Place de la Mairie"},"city":"Vitry-sur-Seine","state":"Côtes-D'Armor","country":"France","postcode":71563,"coordinates":{"latitude":"-19.7026","longitude":"-58.5501"},"timezone":{"offset":"+4:30","description":"Kabul"}},"email":"tiago.rolland@example.com","login":{"uuid":"eea64f3a-bb4d-4325-85f5-f65fea1f0562","username":"yellowfrog962","password":"francis","salt":"SQr1okuW","md5":"c71a73502b841ef2260369eb76e50ad2","sha1":"b091c9d090cf3f9e88d1942fdae5aac36faa7bf2","sha256":"cd0adf487f665533f561a054ac618180b97b8d2ed1b70c33c610e3a38b878f38"},"dob":{"date":"1969-05-28T19:26:09.447Z","age":54},"registered":{"date":"2009-08-07T07:34:20.689Z","age":14},"phone":"05-60-90-34-13","cell":"06-61-87-93-81","id":{"name":"INSEE","value":"1690418511136 81"},"picture":{"large":"https://randomuser.me/api/portraits/men/94.jpg","medium":"https://randomuser.me/api/portraits/med/men/94.jpg","thumbnail":"https://randomuser.me/api/portraits/thumb/men/94.jpg"},"nat":"FR"}],"info":{"seed":"1d0189f29e4fb415","results":1,"page":1,"version":"1.4"}} 
 </msg>
<msg time="2024-05-03T16:18:10.903140" level="INFO">/opt/hostedtoolcache/Python/3.12.3/x64/lib/python3.12/site-packages/urllib3/connectionpool.py:1103: InsecureRequestWarning: Unverified HTTPS request is being made to host 'randomuser.me'. Adding certificate verification is strongly advised. See: https://urllib3.readthedocs.io/en/latest/advanced-usage.html#tls-warnings
  warnings.warn(</msg>
<msg time="2024-05-03T16:18:10.903322" level="INFO">${response} = &lt;Response [200]&gt;</msg>
<var>${response}</var>
<arg>consultarAPI</arg>
<arg>/api</arg>
<doc>Sends a GET request on a previously created HTTP Session.</doc>
<status status="PASS" start="2024-05-03T16:18:10.822189" elapsed="0.081183"/>
</kw>
<kw name="Should Be Equal As Numbers" owner="BuiltIn">
<msg time="2024-05-03T16:18:10.904486" level="INFO">Argument types are:
&lt;class 'int'&gt;
&lt;class 'str'&gt;</msg>
<arg>${response.status_code}</arg>
<arg>200</arg>
<doc>Fails if objects are unequal after converting them to real numbers.</doc>
<status status="PASS" start="2024-05-03T16:18:10.904000" elapsed="0.000554"/>
</kw>
<kw name="Log" owner="BuiltIn">
<msg time="2024-05-03T16:18:10.905258" level="INFO">200</msg>
<arg>${response.status_code}</arg>
<doc>Logs the given message with the given level.</doc>
<status status="PASS" start="2024-05-03T16:18:10.904883" elapsed="0.000419"/>
</kw>
<kw name="Set Variable" owner="BuiltIn">
<msg time="2024-05-03T16:18:10.906070" level="INFO">${json_data} = {'results': [{'gender': 'male', 'name': {'title': 'Mr', 'first': 'Tiago', 'last': 'Rolland'}, 'location': {'street': {'number': 4076, 'name': 'Place de la Mairie'}, 'city': 'Vitry-sur-Seine', 'state':...</msg>
<var>${json_data}</var>
<arg>${response.json()}</arg>
<doc>Returns the given values which can then be assigned to a variables.</doc>
<status status="PASS" start="2024-05-03T16:18:10.905610" elapsed="0.000489"/>
</kw>
<kw name="Dictionary Should Contain Key" owner="Collections">
<msg time="2024-05-03T16:18:10.906573" level="INFO">False</msg>
<arg>${json_data}</arg>
<arg>results</arg>
<doc>Fails if ``key`` is not found from ``dictionary``.</doc>
<status status="PASS" start="2024-05-03T16:18:10.906401" elapsed="0.000211"/>
</kw>
<status status="PASS" start="2024-05-03T16:18:10.821933" elapsed="0.084941"/>
</kw>
<doc>Testa se a API responde corretamente e retorna um objeto JSON válido.</doc>
<tag>testeRequisicaoBasica</tag>
<status status="PASS" start="2024-05-03T16:18:10.821458" elapsed="0.085615"/>
</test>
<test id="s1-s1-t3" name="Validar estrutura de resposta" line="22">
<kw name="Teste de Estrutura de Resposta" owner="random-user-service">
<kw name="GET On Session" owner="RequestsLibrary">
<msg time="2024-05-03T16:18:11.050261" level="INFO">GET Request : url=https://randomuser.me/api 
 path_url=/api 
 headers={'User-Agent': 'python-requests/2.31.0', 'Accept-Encoding': 'gzip, deflate', 'Accept': '*/*', 'Connection': 'keep-alive'} 
 body=None 
 </msg>
<msg time="2024-05-03T16:18:11.050377" level="INFO">GET Response : url=https://randomuser.me/api 
 status=200, reason=OK 
 headers={'Date': 'Fri, 03 May 2024 16:18:11 GMT', 'Content-Type': 'application/json; charset=utf-8', 'Transfer-Encoding': 'chunked', 'Connection': 'keep-alive', 'X-Powered-By': 'Express', 'Access-Control-Allow-Origin': '*', 'Cache-Control': 'no-cache', 'ETag': 'W/"486-Z826TFSSlgnQelwxZ5QyjtezQW4"', 'Vary': 'Accept-Encoding', 'Content-Encoding': 'gzip', 'CF-Cache-Status': 'DYNAMIC', 'Report-To': '{"endpoints":[{"url":"https:\\/\\/a.nel.cloudflare.com\\/report\\/v4?s=ORh%2BQwIusArKteKvZq9Tygx7wCm1rZoDHyapdhhQzOK%2BY%2Bpd5zPtJiXnjw%2BEuL0%2F0CksVHLVHVtAGEMwjQAyvWNoh%2F0wDeEHJsA0ObiWw2Z1ejWDHo3%2BHm4PmCCPejgN"}],"group":"cf-nel","max_age":604800}', 'NEL': '{"success_fraction":0,"report_to":"cf-nel","max_age":604800}', 'Server': 'cloudflare', 'CF-RAY': '87e190c23d1f4228-EWR', 'alt-svc': 'h3=":443"; ma=86400'} 
 body={"results":[{"gender":"male","name":{"title":"Mr","first":"Benjamin","last":"Fields"},"location":{"street":{"number":9236,"name":"Elgin St"},"city":"Fort Collins","state":"Utah","country":"United States","postcode":65279,"coordinates":{"latitude":"86.1108","longitude":"-99.3740"},"timezone":{"offset":"-11:00","description":"Midway Island, Samoa"}},"email":"benjamin.fields@example.com","login":{"uuid":"130e45e9-9ad3-495f-9ff0-8fab555e406f","username":"yellowbear570","password":"xxxxxx","salt":"JPYpKt8w","md5":"ea63f50ed6b91c1070cffc18c597e5fd","sha1":"ceba45dc78d04423e668ede7545b80c96304e0e6","sha256":"f346f7c360af4e5c2488d2a32feca9341e061ad6475584b8f454297308cd61a2"},"dob":{"date":"1998-08-20T19:47:35.533Z","age":25},"registered":{"date":"2014-12-04T00:04:20.013Z","age":9},"phone":"(433) 920-3996","cell":"(289) 360-3910","id":{"name":"SSN","value":"232-74-0238"},"picture":{"large":"https://randomuser.me/api/portraits/men/72.jpg","medium":"https://randomuser.me/api/portraits/med/men/72.jpg","thumbnail":"https://randomuser.me/api/portraits/thumb/men/72.jpg"},"nat":"US"}],"info":{"seed":"39a89943dbe89234","results":1,"page":1,"version":"1.4"}} 
 </msg>
<msg time="2024-05-03T16:18:11.050522" level="INFO">/opt/hostedtoolcache/Python/3.12.3/x64/lib/python3.12/site-packages/urllib3/connectionpool.py:1103: InsecureRequestWarning: Unverified HTTPS request is being made to host 'randomuser.me'. Adding certificate verification is strongly advised. See: https://urllib3.readthedocs.io/en/latest/advanced-usage.html#tls-warnings
  warnings.warn(</msg>
<msg time="2024-05-03T16:18:11.050715" level="INFO">${response} = &lt;Response [200]&gt;</msg>
<var>${response}</var>
<arg>consultarAPI</arg>
<arg>/api</arg>
<doc>Sends a GET request on a previously created HTTP Session.</doc>
<status status="PASS" start="2024-05-03T16:18:10.909773" elapsed="0.140998"/>
</kw>
<kw name="Set Variable" owner="BuiltIn">
<msg time="2024-05-03T16:18:11.051918" level="INFO">${json_data} = {'results': [{'gender': 'male', 'name': {'title': 'Mr', 'first': 'Benjamin', 'last': 'Fields'}, 'location': {'street': {'number': 9236, 'name': 'Elgin St'}, 'city': 'Fort Collins', 'state': 'Utah', 'c...</msg>
<var>${json_data}</var>
<arg>${response.json()}</arg>
<doc>Returns the given values which can then be assigned to a variables.</doc>
<status status="PASS" start="2024-05-03T16:18:11.051311" elapsed="0.000638"/>
</kw>
<kw name="Log" owner="BuiltIn">
<msg time="2024-05-03T16:18:11.052443" level="INFO">{'results': [{'gender': 'male', 'name': {'title': 'Mr', 'first': 'Benjamin', 'last': 'Fields'}, 'location': {'street': {'number': 9236, 'name': 'Elgin St'}, 'city': 'Fort Collins', 'state': 'Utah', 'country': 'United States', 'postcode': 65279, 'coordinates': {'latitude': '86.1108', 'longitude': '-99.3740'}, 'timezone': {'offset': '-11:00', 'description': 'Midway Island, Samoa'}}, 'email': 'benjamin.fields@example.com', 'login': {'uuid': '130e45e9-9ad3-495f-9ff0-8fab555e406f', 'username': 'yellowbear570', 'password': 'xxxxxx', 'salt': 'JPYpKt8w', 'md5': 'ea63f50ed6b91c1070cffc18c597e5fd', 'sha1': 'ceba45dc78d04423e668ede7545b80c96304e0e6', 'sha256': 'f346f7c360af4e5c2488d2a32feca9341e061ad6475584b8f454297308cd61a2'}, 'dob': {'date': '1998-08-20T19:47:35.533Z', 'age': 25}, 'registered': {'date': '2014-12-04T00:04:20.013Z', 'age': 9}, 'phone': '(433) 920-3996', 'cell': '(289) 360-3910', 'id': {'name': 'SSN', 'value': '232-74-0238'}, 'picture': {'large': 'https://randomuser.me/api/portraits/men/72.jpg', 'medium': 'https://randomuser.me/api/portraits/med/men/72.jpg', 'thumbnail': 'https://randomuser.me/api/portraits/thumb/men/72.jpg'}, 'nat': 'US'}], 'info': {'seed': '39a89943dbe89234', 'results': 1, 'page': 1, 'version': '1.4'}}</msg>
<arg>${json_data}</arg>
<doc>Logs the given message with the given level.</doc>
<status status="PASS" start="2024-05-03T16:18:11.052275" elapsed="0.000220"/>
</kw>
<kw name="Dictionary Should Contain Key" owner="Collections">
<msg time="2024-05-03T16:18:11.052951" level="INFO">False</msg>
<arg>${json_data}</arg>
<arg>results</arg>
<doc>Fails if ``key`` is not found from ``dictionary``.</doc>
<status status="PASS" start="2024-05-03T16:18:11.052797" elapsed="0.000190"/>
</kw>
<kw name="Should Not Be Empty" owner="BuiltIn">
<msg time="2024-05-03T16:18:11.053413" level="INFO">Length is 2.</msg>
<arg>${json_data}</arg>
<doc>Verifies that the given item is not empty.</doc>
<status status="PASS" start="2024-05-03T16:18:11.053278" elapsed="0.000172"/>
</kw>
<kw name="Create List" owner="BuiltIn">
<msg time="2024-05-03T16:18:11.054037" level="INFO">${expected_keys} = ['gender', 'name', 'location', 'email', 'login']</msg>
<var>${expected_keys}</var>
<arg>gender</arg>
<arg>name</arg>
<arg>location</arg>
<arg>email</arg>
<arg>login</arg>
<doc>Returns a list containing given items.</doc>
<status status="PASS" start="2024-05-03T16:18:11.053731" elapsed="0.000330"/>
</kw>
<for flavor="IN">
<iter>
<kw name="Dictionary Should Contain Key" owner="Collections">
<msg time="2024-05-03T16:18:11.055040" level="INFO">False</msg>
<arg>${json_data['results'][0]}</arg>
<arg>${key}</arg>
<doc>Fails if ``key`` is not found from ``dictionary``.</doc>
<status status="PASS" start="2024-05-03T16:18:11.054641" elapsed="0.000437"/>
</kw>
<kw name="Log" owner="BuiltIn">
<msg time="2024-05-03T16:18:11.055731" level="INFO">{'gender': 'male', 'name': {'title': 'Mr', 'first': 'Benjamin', 'last': 'Fields'}, 'location': {'street': {'number': 9236, 'name': 'Elgin St'}, 'city': 'Fort Collins', 'state': 'Utah', 'country': 'United States', 'postcode': 65279, 'coordinates': {'latitude': '86.1108', 'longitude': '-99.3740'}, 'timezone': {'offset': '-11:00', 'description': 'Midway Island, Samoa'}}, 'email': 'benjamin.fields@example.com', 'login': {'uuid': '130e45e9-9ad3-495f-9ff0-8fab555e406f', 'username': 'yellowbear570', 'password': 'xxxxxx', 'salt': 'JPYpKt8w', 'md5': 'ea63f50ed6b91c1070cffc18c597e5fd', 'sha1': 'ceba45dc78d04423e668ede7545b80c96304e0e6', 'sha256': 'f346f7c360af4e5c2488d2a32feca9341e061ad6475584b8f454297308cd61a2'}, 'dob': {'date': '1998-08-20T19:47:35.533Z', 'age': 25}, 'registered': {'date': '2014-12-04T00:04:20.013Z', 'age': 9}, 'phone': '(433) 920-3996', 'cell': '(289) 360-3910', 'id': {'name': 'SSN', 'value': '232-74-0238'}, 'picture': {'large': 'https://randomuser.me/api/portraits/men/72.jpg', 'medium': 'https://randomuser.me/api/portraits/med/men/72.jpg', 'thumbnail': 'https://randomuser.me/api/portraits/thumb/men/72.jpg'}, 'nat': 'US'}</msg>
<arg>${json_data['results'][0]}</arg>
<doc>Logs the given message with the given level.</doc>
<status status="PASS" start="2024-05-03T16:18:11.055371" elapsed="0.000441"/>
</kw>
<kw name="Log" owner="BuiltIn">
<msg time="2024-05-03T16:18:11.056234" level="INFO">gender</msg>
<arg>${key}</arg>
<doc>Logs the given message with the given level.</doc>
<status status="PASS" start="2024-05-03T16:18:11.056109" elapsed="0.000161"/>
</kw>
<var name="${key}">gender</var>
<status status="PASS" start="2024-05-03T16:18:11.054516" elapsed="0.001962"/>
</iter>
<iter>
<kw name="Dictionary Should Contain Key" owner="Collections">
<msg time="2024-05-03T16:18:11.057154" level="INFO">False</msg>
<arg>${json_data['results'][0]}</arg>
<arg>${key}</arg>
<doc>Fails if ``key`` is not found from ``dictionary``.</doc>
<status status="PASS" start="2024-05-03T16:18:11.056778" elapsed="0.000411"/>
</kw>
<kw name="Log" owner="BuiltIn">
<msg time="2024-05-03T16:18:11.057868" level="INFO">{'gender': 'male', 'name': {'title': 'Mr', 'first': 'Benjamin', 'last': 'Fields'}, 'location': {'street': {'number': 9236, 'name': 'Elgin St'}, 'city': 'Fort Collins', 'state': 'Utah', 'country': 'United States', 'postcode': 65279, 'coordinates': {'latitude': '86.1108', 'longitude': '-99.3740'}, 'timezone': {'offset': '-11:00', 'description': 'Midway Island, Samoa'}}, 'email': 'benjamin.fields@example.com', 'login': {'uuid': '130e45e9-9ad3-495f-9ff0-8fab555e406f', 'username': 'yellowbear570', 'password': 'xxxxxx', 'salt': 'JPYpKt8w', 'md5': 'ea63f50ed6b91c1070cffc18c597e5fd', 'sha1': 'ceba45dc78d04423e668ede7545b80c96304e0e6', 'sha256': 'f346f7c360af4e5c2488d2a32feca9341e061ad6475584b8f454297308cd61a2'}, 'dob': {'date': '1998-08-20T19:47:35.533Z', 'age': 25}, 'registered': {'date': '2014-12-04T00:04:20.013Z', 'age': 9}, 'phone': '(433) 920-3996', 'cell': '(289) 360-3910', 'id': {'name': 'SSN', 'value': '232-74-0238'}, 'picture': {'large': 'https://randomuser.me/api/portraits/men/72.jpg', 'medium': 'https://randomuser.me/api/portraits/med/men/72.jpg', 'thumbnail': 'https://randomuser.me/api/portraits/thumb/men/72.jpg'}, 'nat': 'US'}</msg>
<arg>${json_data['results'][0]}</arg>
<doc>Logs the given message with the given level.</doc>
<status status="PASS" start="2024-05-03T16:18:11.057513" elapsed="0.000403"/>
</kw>
<kw name="Log" owner="BuiltIn">
<msg time="2024-05-03T16:18:11.058330" level="INFO">name</msg>
<arg>${key}</arg>
<doc>Logs the given message with the given level.</doc>
<status status="PASS" start="2024-05-03T16:18:11.058206" elapsed="0.000159"/>
</kw>
<var name="${key}">name</var>
<status status="PASS" start="2024-05-03T16:18:11.056660" elapsed="0.001916"/>
</iter>
<iter>
<kw name="Dictionary Should Contain Key" owner="Collections">
<msg time="2024-05-03T16:18:11.059236" level="INFO">False</msg>
<arg>${json_data['results'][0]}</arg>
<arg>${key}</arg>
<doc>Fails if ``key`` is not found from ``dictionary``.</doc>
<status status="PASS" start="2024-05-03T16:18:11.058859" elapsed="0.000413"/>
</kw>
<kw name="Log" owner="BuiltIn">
<msg time="2024-05-03T16:18:11.059958" level="INFO">{'gender': 'male', 'name': {'title': 'Mr', 'first': 'Benjamin', 'last': 'Fields'}, 'location': {'street': {'number': 9236, 'name': 'Elgin St'}, 'city': 'Fort Collins', 'state': 'Utah', 'country': 'United States', 'postcode': 65279, 'coordinates': {'latitude': '86.1108', 'longitude': '-99.3740'}, 'timezone': {'offset': '-11:00', 'description': 'Midway Island, Samoa'}}, 'email': 'benjamin.fields@example.com', 'login': {'uuid': '130e45e9-9ad3-495f-9ff0-8fab555e406f', 'username': 'yellowbear570', 'password': 'xxxxxx', 'salt': 'JPYpKt8w', 'md5': 'ea63f50ed6b91c1070cffc18c597e5fd', 'sha1': 'ceba45dc78d04423e668ede7545b80c96304e0e6', 'sha256': 'f346f7c360af4e5c2488d2a32feca9341e061ad6475584b8f454297308cd61a2'}, 'dob': {'date': '1998-08-20T19:47:35.533Z', 'age': 25}, 'registered': {'date': '2014-12-04T00:04:20.013Z', 'age': 9}, 'phone': '(433) 920-3996', 'cell': '(289) 360-3910', 'id': {'name': 'SSN', 'value': '232-74-0238'}, 'picture': {'large': 'https://randomuser.me/api/portraits/men/72.jpg', 'medium': 'https://randomuser.me/api/portraits/med/men/72.jpg', 'thumbnail': 'https://randomuser.me/api/portraits/thumb/men/72.jpg'}, 'nat': 'US'}</msg>
<arg>${json_data['results'][0]}</arg>
<doc>Logs the given message with the given level.</doc>
<status status="PASS" start="2024-05-03T16:18:11.059562" elapsed="0.000444"/>
</kw>
<kw name="Log" owner="BuiltIn">
<msg time="2024-05-03T16:18:11.060423" level="INFO">location</msg>
<arg>${key}</arg>
<doc>Logs the given message with the given level.</doc>
<status status="PASS" start="2024-05-03T16:18:11.060299" elapsed="0.000161"/>
</kw>
<var name="${key}">location</var>
<status status="PASS" start="2024-05-03T16:18:11.058750" elapsed="0.001920"/>
</iter>
<iter>
<kw name="Dictionary Should Contain Key" owner="Collections">
<msg time="2024-05-03T16:18:11.061324" level="INFO">False</msg>
<arg>${json_data['results'][0]}</arg>
<arg>${key}</arg>
<doc>Fails if ``key`` is not found from ``dictionary``.</doc>
<status status="PASS" start="2024-05-03T16:18:11.060947" elapsed="0.000413"/>
</kw>
<kw name="Log" owner="BuiltIn">
<msg time="2024-05-03T16:18:11.062005" level="INFO">{'gender': 'male', 'name': {'title': 'Mr', 'first': 'Benjamin', 'last': 'Fields'}, 'location': {'street': {'number': 9236, 'name': 'Elgin St'}, 'city': 'Fort Collins', 'state': 'Utah', 'country': 'United States', 'postcode': 65279, 'coordinates': {'latitude': '86.1108', 'longitude': '-99.3740'}, 'timezone': {'offset': '-11:00', 'description': 'Midway Island, Samoa'}}, 'email': 'benjamin.fields@example.com', 'login': {'uuid': '130e45e9-9ad3-495f-9ff0-8fab555e406f', 'username': 'yellowbear570', 'password': 'xxxxxx', 'salt': 'JPYpKt8w', 'md5': 'ea63f50ed6b91c1070cffc18c597e5fd', 'sha1': 'ceba45dc78d04423e668ede7545b80c96304e0e6', 'sha256': 'f346f7c360af4e5c2488d2a32feca9341e061ad6475584b8f454297308cd61a2'}, 'dob': {'date': '1998-08-20T19:47:35.533Z', 'age': 25}, 'registered': {'date': '2014-12-04T00:04:20.013Z', 'age': 9}, 'phone': '(433) 920-3996', 'cell': '(289) 360-3910', 'id': {'name': 'SSN', 'value': '232-74-0238'}, 'picture': {'large': 'https://randomuser.me/api/portraits/men/72.jpg', 'medium': 'https://randomuser.me/api/portraits/med/men/72.jpg', 'thumbnail': 'https://randomuser.me/api/portraits/thumb/men/72.jpg'}, 'nat': 'US'}</msg>
<arg>${json_data['results'][0]}</arg>
<doc>Logs the given message with the given level.</doc>
<status status="PASS" start="2024-05-03T16:18:11.061651" elapsed="0.000403"/>
</kw>
<kw name="Log" owner="BuiltIn">
<msg time="2024-05-03T16:18:11.062470" level="INFO">email</msg>
<arg>${key}</arg>
<doc>Logs the given message with the given level.</doc>
<status status="PASS" start="2024-05-03T16:18:11.062346" elapsed="0.000170"/>
</kw>
<var name="${key}">email</var>
<status status="PASS" start="2024-05-03T16:18:11.060839" elapsed="0.001888"/>
</iter>
<iter>
<kw name="Dictionary Should Contain Key" owner="Collections">
<msg time="2024-05-03T16:18:11.063388" level="INFO">False</msg>
<arg>${json_data['results'][0]}</arg>
<arg>${key}</arg>
<doc>Fails if ``key`` is not found from ``dictionary``.</doc>
<status status="PASS" start="2024-05-03T16:18:11.063004" elapsed="0.000421"/>
</kw>
<kw name="Log" owner="BuiltIn">
<msg time="2024-05-03T16:18:11.064095" level="INFO">{'gender': 'male', 'name': {'title': 'Mr', 'first': 'Benjamin', 'last': 'Fields'}, 'location': {'street': {'number': 9236, 'name': 'Elgin St'}, 'city': 'Fort Collins', 'state': 'Utah', 'country': 'United States', 'postcode': 65279, 'coordinates': {'latitude': '86.1108', 'longitude': '-99.3740'}, 'timezone': {'offset': '-11:00', 'description': 'Midway Island, Samoa'}}, 'email': 'benjamin.fields@example.com', 'login': {'uuid': '130e45e9-9ad3-495f-9ff0-8fab555e406f', 'username': 'yellowbear570', 'password': 'xxxxxx', 'salt': 'JPYpKt8w', 'md5': 'ea63f50ed6b91c1070cffc18c597e5fd', 'sha1': 'ceba45dc78d04423e668ede7545b80c96304e0e6', 'sha256': 'f346f7c360af4e5c2488d2a32feca9341e061ad6475584b8f454297308cd61a2'}, 'dob': {'date': '1998-08-20T19:47:35.533Z', 'age': 25}, 'registered': {'date': '2014-12-04T00:04:20.013Z', 'age': 9}, 'phone': '(433) 920-3996', 'cell': '(289) 360-3910', 'id': {'name': 'SSN', 'value': '232-74-0238'}, 'picture': {'large': 'https://randomuser.me/api/portraits/men/72.jpg', 'medium': 'https://randomuser.me/api/portraits/med/men/72.jpg', 'thumbnail': 'https://randomuser.me/api/portraits/thumb/men/72.jpg'}, 'nat': 'US'}</msg>
<arg>${json_data['results'][0]}</arg>
<doc>Logs the given message with the given level.</doc>
<status status="PASS" start="2024-05-03T16:18:11.063714" elapsed="0.000429"/>
</kw>
<kw name="Log" owner="BuiltIn">
<msg time="2024-05-03T16:18:11.064557" level="INFO">login</msg>
<arg>${key}</arg>
<doc>Logs the given message with the given level.</doc>
<status status="PASS" start="2024-05-03T16:18:11.064433" elapsed="0.000161"/>
</kw>
<var name="${key}">login</var>
<status status="PASS" start="2024-05-03T16:18:11.062896" elapsed="0.001910"/>
</iter>
<var>${key}</var>
<value>@{expected_keys}</value>
<status status="PASS" start="2024-05-03T16:18:11.054325" elapsed="0.010626"/>
</for>
<kw name="Create List" owner="BuiltIn">
<msg time="2024-05-03T16:18:11.065282" level="INFO">${expected_keysTwo} = ['username', 'password']</msg>
<var>${expected_keysTwo}</var>
<arg>username</arg>
<arg>password</arg>
<doc>Returns a list containing given items.</doc>
<status status="PASS" start="2024-05-03T16:18:11.065147" elapsed="0.000158"/>
</kw>
<for flavor="IN">
<iter>
<kw name="Dictionary Should Contain Key" owner="Collections">
<msg time="2024-05-03T16:18:11.066175" level="INFO">False</msg>
<arg>${json_data['results'][0]['login']}</arg>
<arg>${keyTwo}</arg>
<doc>Fails if ``key`` is not found from ``dictionary``.</doc>
<status status="PASS" start="2024-05-03T16:18:11.065794" elapsed="0.000417"/>
</kw>
<kw name="Dictionary Should Contain Key" owner="Collections">
<msg time="2024-05-03T16:18:11.066891" level="INFO">False</msg>
<arg>${json_data['results'][0]['login']}</arg>
<arg>${keyTwo}</arg>
<doc>Fails if ``key`` is not found from ``dictionary``.</doc>
<status status="PASS" start="2024-05-03T16:18:11.066508" elapsed="0.000419"/>
</kw>
<kw name="Log" owner="BuiltIn">
<msg time="2024-05-03T16:18:11.067332" level="INFO">username</msg>
<arg>${keyTwo}</arg>
<doc>Logs the given message with the given level.</doc>
<status status="PASS" start="2024-05-03T16:18:11.067210" elapsed="0.000163"/>
</kw>
<var name="${keyTwo}">username</var>
<status status="PASS" start="2024-05-03T16:18:11.065681" elapsed="0.001908"/>
</iter>
<iter>
<kw name="Dictionary Should Contain Key" owner="Collections">
<msg time="2024-05-03T16:18:11.068282" level="INFO">False</msg>
<arg>${json_data['results'][0]['login']}</arg>
<arg>${keyTwo}</arg>
<doc>Fails if ``key`` is not found from ``dictionary``.</doc>
<status status="PASS" start="2024-05-03T16:18:11.067909" elapsed="0.000409"/>
</kw>
<kw name="Dictionary Should Contain Key" owner="Collections">
<msg time="2024-05-03T16:18:11.069057" level="INFO">False</msg>
<arg>${json_data['results'][0]['login']}</arg>
<arg>${keyTwo}</arg>
<doc>Fails if ``key`` is not found from ``dictionary``.</doc>
<status status="PASS" start="2024-05-03T16:18:11.068604" elapsed="0.000493"/>
</kw>
<kw name="Log" owner="BuiltIn">
<msg time="2024-05-03T16:18:11.069517" level="INFO">password</msg>
<arg>${keyTwo}</arg>
<doc>Logs the given message with the given level.</doc>
<status status="PASS" start="2024-05-03T16:18:11.069391" elapsed="0.000162"/>
</kw>
<var name="${keyTwo}">password</var>
<status status="PASS" start="2024-05-03T16:18:11.067790" elapsed="0.001974"/>
</iter>
<var>${keyTwo}</var>
<value>@{expected_keysTwo}</value>
<status status="PASS" start="2024-05-03T16:18:11.065534" elapsed="0.004350"/>
</for>
<status status="PASS" start="2024-05-03T16:18:10.909535" elapsed="0.160489"/>
</kw>
<doc>Testa a estrutura da resposta da API.</doc>
<tag>testeEstruturaResposta</tag>
<status status="PASS" start="2024-05-03T16:18:10.909009" elapsed="0.161169"/>
</test>
<test id="s1-s1-t4" name="Validar tipos de dados" line="28">
<kw name="Teste de Tipos de Dados" owner="random-user-service">
<kw name="GET On Session" owner="RequestsLibrary">
<msg time="2024-05-03T16:18:11.179108" level="INFO">GET Request : url=https://randomuser.me/api 
 path_url=/api 
 headers={'User-Agent': 'python-requests/2.31.0', 'Accept-Encoding': 'gzip, deflate', 'Accept': '*/*', 'Connection': 'keep-alive'} 
 body=None 
 </msg>
<msg time="2024-05-03T16:18:11.179210" level="INFO">GET Response : url=https://randomuser.me/api 
 status=200, reason=OK 
 headers={'Date': 'Fri, 03 May 2024 16:18:11 GMT', 'Content-Type': 'application/json; charset=utf-8', 'Transfer-Encoding': 'chunked', 'Connection': 'keep-alive', 'X-Powered-By': 'Express', 'Access-Control-Allow-Origin': '*', 'Cache-Control': 'no-cache', 'ETag': 'W/"479-JWSHXzyxt8BXevUwkKnFSjjBMhE"', 'Vary': 'Accept-Encoding', 'Content-Encoding': 'gzip', 'CF-Cache-Status': 'DYNAMIC', 'Report-To': '{"endpoints":[{"url":"https:\\/\\/a.nel.cloudflare.com\\/report\\/v4?s=JgBukQav2EUudm7%2FChM4G823zi1cETzznyJ4sonzFPWPgYIsCZEH7eMSnalfoQHZX3LZGLXRcHSVst4nKqbsg3SvqbCHeoO7FIFIHN3ufjZfutWLIlzBiSOWBSreNpyB"}],"group":"cf-nel","max_age":604800}', 'NEL': '{"success_fraction":0,"report_to":"cf-nel","max_age":604800}', 'Server': 'cloudflare', 'CF-RAY': '87e190c34e4b4228-EWR', 'alt-svc': 'h3=":443"; ma=86400'} 
 body={"results":[{"gender":"male","name":{"title":"Mr","first":"Edwin","last":"Brewer"},"location":{"street":{"number":9258,"name":"Main Street"},"city":"Duleek","state":"Kerry","country":"Ireland","postcode":85296,"coordinates":{"latitude":"2.4642","longitude":"-28.3503"},"timezone":{"offset":"+2:00","description":"Kaliningrad, South Africa"}},"email":"edwin.brewer@example.com","login":{"uuid":"418e655d-f0f1-4593-8b33-6968f28386db","username":"brownelephant478","password":"quality","salt":"0a8ewKoq","md5":"c6f70a11e09ce49026dd129b30b8aa8f","sha1":"1f1495e5de5913847031190b85d360c292ba0b77","sha256":"3cc879315fb2663863c677c8a54a7140291e2f224184eab479ce76d37f54ffc5"},"dob":{"date":"1976-09-26T05:35:47.288Z","age":47},"registered":{"date":"2010-01-15T16:52:45.375Z","age":14},"phone":"071-152-5487","cell":"081-119-2444","id":{"name":"PPS","value":"0849427T"},"picture":{"large":"https://randomuser.me/api/portraits/men/52.jpg","medium":"https://randomuser.me/api/portraits/med/men/52.jpg","thumbnail":"https://randomuser.me/api/portraits/thumb/men/52.jpg"},"nat":"IE"}],"info":{"seed":"0b602b9c684189d9","results":1,"page":1,"version":"1.4"}} 
 </msg>
<msg time="2024-05-03T16:18:11.179294" level="INFO">/opt/hostedtoolcache/Python/3.12.3/x64/lib/python3.12/site-packages/urllib3/connectionpool.py:1103: InsecureRequestWarning: Unverified HTTPS request is being made to host 'randomuser.me'. Adding certificate verification is strongly advised. See: https://urllib3.readthedocs.io/en/latest/advanced-usage.html#tls-warnings
  warnings.warn(</msg>
<msg time="2024-05-03T16:18:11.179441" level="INFO">${response} = &lt;Response [200]&gt;</msg>
<var>${response}</var>
<arg>consultarAPI</arg>
<arg>/api</arg>
<doc>Sends a GET request on a previously created HTTP Session.</doc>
<status status="PASS" start="2024-05-03T16:18:11.072660" elapsed="0.106827"/>
</kw>
<kw name="Set Variable" owner="BuiltIn">
<msg time="2024-05-03T16:18:11.180621" level="INFO">${json_data} = {'results': [{'gender': 'male', 'name': {'title': 'Mr', 'first': 'Edwin', 'last': 'Brewer'}, 'location': {'street': {'number': 9258, 'name': 'Main Street'}, 'city': 'Duleek', 'state': 'Kerry', 'countr...</msg>
<var>${json_data}</var>
<arg>${response.json()}</arg>
<doc>Returns the given values which can then be assigned to a variables.</doc>
<status status="PASS" start="2024-05-03T16:18:11.180049" elapsed="0.000600"/>
</kw>
<kw name="Log" owner="BuiltIn">
<msg time="2024-05-03T16:18:11.181106" level="INFO">{'results': [{'gender': 'male', 'name': {'title': 'Mr', 'first': 'Edwin', 'last': 'Brewer'}, 'location': {'street': {'number': 9258, 'name': 'Main Street'}, 'city': 'Duleek', 'state': 'Kerry', 'country': 'Ireland', 'postcode': 85296, 'coordinates': {'latitude': '2.4642', 'longitude': '-28.3503'}, 'timezone': {'offset': '+2:00', 'description': 'Kaliningrad, South Africa'}}, 'email': 'edwin.brewer@example.com', 'login': {'uuid': '418e655d-f0f1-4593-8b33-6968f28386db', 'username': 'brownelephant478', 'password': 'quality', 'salt': '0a8ewKoq', 'md5': 'c6f70a11e09ce49026dd129b30b8aa8f', 'sha1': '1f1495e5de5913847031190b85d360c292ba0b77', 'sha256': '3cc879315fb2663863c677c8a54a7140291e2f224184eab479ce76d37f54ffc5'}, 'dob': {'date': '1976-09-26T05:35:47.288Z', 'age': 47}, 'registered': {'date': '2010-01-15T16:52:45.375Z', 'age': 14}, 'phone': '071-152-5487', 'cell': '081-119-2444', 'id': {'name': 'PPS', 'value': '0849427T'}, 'picture': {'large': 'https://randomuser.me/api/portraits/men/52.jpg', 'medium': 'https://randomuser.me/api/portraits/med/men/52.jpg', 'thumbnail': 'https://randomuser.me/api/portraits/thumb/men/52.jpg'}, 'nat': 'IE'}], 'info': {'seed': '0b602b9c684189d9', 'results': 1, 'page': 1, 'version': '1.4'}}</msg>
<arg>${json_data}</arg>
<doc>Logs the given message with the given level.</doc>
<status status="PASS" start="2024-05-03T16:18:11.180952" elapsed="0.000242"/>
</kw>
<kw name="Should Be String" owner="String">
<arg>${json_data['results'][0]['gender']}</arg>
<doc>Fails if the given ``item`` is not a string.</doc>
<status status="PASS" start="2024-05-03T16:18:11.181485" elapsed="0.000361"/>
</kw>
<kw name="Should Match Regexp" owner="BuiltIn">
<arg>${json_data['results'][0]['email']}</arg>
<arg>^[a-zA-Z0-9._%+-]+@[a-zA-Z0-9.-]+\.[a-zA-Z]{2,}$</arg>
<doc>Fails if ``string`` does not match ``pattern`` as a regular expression.</doc>
<status status="PASS" start="2024-05-03T16:18:11.182033" elapsed="0.000513"/>
</kw>
<kw name="Should Match Regexp" owner="BuiltIn">
<arg>${json_data['results'][0]['dob']['date']}</arg>
<arg>\\d{4}-\\d{2}-\\d{2}T\\d{2}:\\d{2}:\\d{2}\\.\\d{3}Z</arg>
<doc>Fails if ``string`` does not match ``pattern`` as a regular expression.</doc>
<status status="PASS" start="2024-05-03T16:18:11.182737" elapsed="0.000483"/>
</kw>
<kw name="Should Match Regexp" owner="BuiltIn">
<arg>${json_data['results'][0]['registered']['date']}</arg>
<arg>\\d{4}-\\d{2}-\\d{2}T\\d{2}:\\d{2}:\\d{2}\\.\\d{3}Z</arg>
<doc>Fails if ``string`` does not match ``pattern`` as a regular expression.</doc>
<status status="PASS" start="2024-05-03T16:18:11.183408" elapsed="0.000405"/>
</kw>
<kw name="Should Match Regexp" owner="BuiltIn">
<arg>${json_data['results'][0]['picture']['large']}</arg>
<arg>^https?://.*\.(?:png|jpe?g|gif|bmp)$</arg>
<doc>Fails if ``string`` does not match ``pattern`` as a regular expression.</doc>
<status status="PASS" start="2024-05-03T16:18:11.184003" elapsed="0.000463"/>
</kw>
<kw name="Should Match Regexp" owner="BuiltIn">
<arg>${json_data['results'][0]['picture']['medium']}</arg>
<arg>^https?://.*\.(?:png|jpe?g|gif|bmp)$</arg>
<doc>Fails if ``string`` does not match ``pattern`` as a regular expression.</doc>
<status status="PASS" start="2024-05-03T16:18:11.184650" elapsed="0.000348"/>
</kw>
<kw name="Should Match Regexp" owner="BuiltIn">
<arg>${json_data['results'][0]['picture']['thumbnail']}</arg>
<arg>^https?://.*\.(?:png|jpe?g|gif|bmp)$</arg>
<doc>Fails if ``string`` does not match ``pattern`` as a regular expression.</doc>
<status status="PASS" start="2024-05-03T16:18:11.185186" elapsed="0.000344"/>
</kw>
<kw name="Log" owner="BuiltIn">
<msg time="2024-05-03T16:18:11.186020" level="INFO">{'large': 'https://randomuser.me/api/portraits/men/52.jpg', 'medium': 'https://randomuser.me/api/portraits/med/men/52.jpg', 'thumbnail': 'https://randomuser.me/api/portraits/thumb/men/52.jpg'}</msg>
<arg>${json_data['results'][0]['picture']}</arg>
<doc>Logs the given message with the given level.</doc>
<status status="PASS" start="2024-05-03T16:18:11.185704" elapsed="0.000362"/>
</kw>
<status status="PASS" start="2024-05-03T16:18:11.072434" elapsed="0.113886"/>
</kw>
<kw name="Teste de Tipos de Dados - Postcode" owner="random-user-service">
<kw name="GET On Session" owner="RequestsLibrary">
<msg time="2024-05-03T16:18:11.285755" level="INFO">GET Request : url=https://randomuser.me/api 
 path_url=/api 
 headers={'User-Agent': 'python-requests/2.31.0', 'Accept-Encoding': 'gzip, deflate', 'Accept': '*/*', 'Connection': 'keep-alive'} 
 body=None 
 </msg>
<msg time="2024-05-03T16:18:11.285876" level="INFO">GET Response : url=https://randomuser.me/api 
 status=200, reason=OK 
 headers={'Date': 'Fri, 03 May 2024 16:18:11 GMT', 'Content-Type': 'application/json; charset=utf-8', 'Transfer-Encoding': 'chunked', 'Connection': 'keep-alive', 'X-Powered-By': 'Express', 'Access-Control-Allow-Origin': '*', 'Cache-Control': 'no-cache', 'ETag': 'W/"48c-2mkWdOcDig+SiWS/Ee8pZb1ec50"', 'Vary': 'Accept-Encoding', 'Content-Encoding': 'gzip', 'CF-Cache-Status': 'DYNAMIC', 'Report-To': '{"endpoints":[{"url":"https:\\/\\/a.nel.cloudflare.com\\/report\\/v4?s=a7YOuZOCuzFF8JmCDQ%2BEhfd5IZ%2Fn7tpVIzYCHAd03QoPRMPMcFiGRA%2FjdH7w%2BShQ0%2BL0Ha3XnRRRDvIn6Te%2FmdDBZhrDNv6JclQAMZgBaBpQP976w9nBtL4L0%2Fb%2F5pAH"}],"group":"cf-nel","max_age":604800}', 'NEL': '{"success_fraction":0,"report_to":"cf-nel","max_age":604800}', 'Server': 'cloudflare', 'CF-RAY': '87e190c3ff274228-EWR', 'alt-svc': 'h3=":443"; ma=86400'} 
 body={"results":[{"gender":"male","name":{"title":"Monsieur","first":"Helmut","last":"Lemaire"},"location":{"street":{"number":6016,"name":"Rue des Abbesses"},"city":"Boswil","state":"Bern","country":"Switzerland","postcode":3221,"coordinates":{"latitude":"-56.8122","longitude":"-83.8398"},"timezone":{"offset":"+9:30","description":"Adelaide, Darwin"}},"email":"helmut.lemaire@example.com","login":{"uuid":"68e9b13c-2884-49e7-adfe-381f3b070f6f","username":"yellowtiger309","password":"sullivan","salt":"jHGsJ4EQ","md5":"4f0b4be7b8c2a1ebd93df79e51e8ca8d","sha1":"5eb9715b3019cb699fd76a02181f9f1f19906f41","sha256":"da1664a5052813218035ea531877b417345afc28dea325c0505e3bc757c0b891"},"dob":{"date":"1974-01-30T10:39:53.773Z","age":50},"registered":{"date":"2004-02-03T16:31:35.576Z","age":20},"phone":"078 040 94 99","cell":"079 852 12 50","id":{"name":"AVS","value":"756.7962.7671.21"},"picture":{"large":"https://randomuser.me/api/portraits/men/99.jpg","medium":"https://randomuser.me/api/portraits/med/men/99.jpg","thumbnail":"https://randomuser.me/api/portraits/thumb/men/99.jpg"},"nat":"CH"}],"info":{"seed":"cea1445d0f3583e5","results":1,"page":1,"version":"1.4"}} 
 </msg>
<msg time="2024-05-03T16:18:11.285967" level="INFO">/opt/hostedtoolcache/Python/3.12.3/x64/lib/python3.12/site-packages/urllib3/connectionpool.py:1103: InsecureRequestWarning: Unverified HTTPS request is being made to host 'randomuser.me'. Adding certificate verification is strongly advised. See: https://urllib3.readthedocs.io/en/latest/advanced-usage.html#tls-warnings
  warnings.warn(</msg>
<msg time="2024-05-03T16:18:11.286128" level="INFO">${response} = &lt;Response [200]&gt;</msg>
<var>${response}</var>
<arg>consultarAPI</arg>
<arg>/api</arg>
<doc>Sends a GET request on a previously created HTTP Session.</doc>
<status status="PASS" start="2024-05-03T16:18:11.186776" elapsed="0.099396"/>
</kw>
<kw name="Set Variable" owner="BuiltIn">
<msg time="2024-05-03T16:18:11.287354" level="INFO">${json_data} = {'results': [{'gender': 'male', 'name': {'title': 'Monsieur', 'first': 'Helmut', 'last': 'Lemaire'}, 'location': {'street': {'number': 6016, 'name': 'Rue des Abbesses'}, 'city': 'Boswil', 'state': 'Be...</msg>
<var>${json_data}</var>
<arg>${response.json()}</arg>
<doc>Returns the given values which can then be assigned to a variables.</doc>
<status status="PASS" start="2024-05-03T16:18:11.286775" elapsed="0.000607"/>
</kw>
<kw name="Log" owner="BuiltIn">
<msg time="2024-05-03T16:18:11.287898" level="INFO">{'results': [{'gender': 'male', 'name': {'title': 'Monsieur', 'first': 'Helmut', 'last': 'Lemaire'}, 'location': {'street': {'number': 6016, 'name': 'Rue des Abbesses'}, 'city': 'Boswil', 'state': 'Bern', 'country': 'Switzerland', 'postcode': 3221, 'coordinates': {'latitude': '-56.8122', 'longitude': '-83.8398'}, 'timezone': {'offset': '+9:30', 'description': 'Adelaide, Darwin'}}, 'email': 'helmut.lemaire@example.com', 'login': {'uuid': '68e9b13c-2884-49e7-adfe-381f3b070f6f', 'username': 'yellowtiger309', 'password': 'sullivan', 'salt': 'jHGsJ4EQ', 'md5': '4f0b4be7b8c2a1ebd93df79e51e8ca8d', 'sha1': '5eb9715b3019cb699fd76a02181f9f1f19906f41', 'sha256': 'da1664a5052813218035ea531877b417345afc28dea325c0505e3bc757c0b891'}, 'dob': {'date': '1974-01-30T10:39:53.773Z', 'age': 50}, 'registered': {'date': '2004-02-03T16:31:35.576Z', 'age': 20}, 'phone': '078 040 94 99', 'cell': '079 852 12 50', 'id': {'name': 'AVS', 'value': '756.7962.7671.21'}, 'picture': {'large': 'https://randomuser.me/api/portraits/men/99.jpg', 'medium': 'https://randomuser.me/api/portraits/med/men/99.jpg', 'thumbnail': 'https://randomuser.me/api/portraits/thumb/men/99.jpg'}, 'nat': 'CH'}], 'info': {'seed': 'cea1445d0f3583e5', 'results': 1, 'page': 1, 'version': '1.4'}}</msg>
<arg>${json_data}</arg>
<doc>Logs the given message with the given level.</doc>
<status status="PASS" start="2024-05-03T16:18:11.287694" elapsed="0.000294"/>
</kw>
<kw name="Should Be Equal As Numbers" owner="BuiltIn">
<arg>${json_data['results'][0]['location']['postcode']}</arg>
<arg>${json_data['results'][0]['location']['postcode']}</arg>
<doc>Fails if objects are unequal after converting them to real numbers.</doc>
<status status="PASS" start="2024-05-03T16:18:11.288293" elapsed="0.000837"/>
</kw>
<kw name="Log" owner="BuiltIn">
<msg time="2024-05-03T16:18:11.289654" level="INFO">3221</msg>
<arg>${json_data['results'][0]['location']['postcode']}</arg>
<doc>Logs the given message with the given level.</doc>
<status status="PASS" start="2024-05-03T16:18:11.289319" elapsed="0.000374"/>
</kw>
<status status="PASS" start="2024-05-03T16:18:11.186548" elapsed="0.103397"/>
</kw>
<doc>Testa se os tipos de dados na resposta da API estão corretos.</doc>
<tag>testeTiposDados</tag>
<status status="PASS" start="2024-05-03T16:18:11.071970" elapsed="0.218144"/>
</test>
<test id="s1-s1-t5" name="Validar conteudo" line="35">
<kw name="Teste de Tipos de Conteudo" owner="random-user-service">
<kw name="GET On Session" owner="RequestsLibrary">
<msg time="2024-05-03T16:18:11.476230" level="INFO">GET Request : url=https://randomuser.me/api 
 path_url=/api 
 headers={'User-Agent': 'python-requests/2.31.0', 'Accept-Encoding': 'gzip, deflate', 'Accept': '*/*', 'Connection': 'keep-alive'} 
 body=None 
 </msg>
<msg time="2024-05-03T16:18:11.476336" level="INFO">GET Response : url=https://randomuser.me/api 
 status=200, reason=OK 
 headers={'Date': 'Fri, 03 May 2024 16:18:11 GMT', 'Content-Type': 'application/json; charset=utf-8', 'Transfer-Encoding': 'chunked', 'Connection': 'keep-alive', 'X-Powered-By': 'Express', 'Access-Control-Allow-Origin': '*', 'Cache-Control': 'no-cache', 'ETag': 'W/"49a-/Zj8l0BD2yhHZqoKRo+fCzVSLfE"', 'Vary': 'Accept-Encoding', 'Content-Encoding': 'gzip', 'CF-Cache-Status': 'DYNAMIC', 'Report-To': '{"endpoints":[{"url":"https:\\/\\/a.nel.cloudflare.com\\/report\\/v4?s=tmLdEGpCO7R3IHk8Fvk8L5d2l9FCwa36mRTqfumq9mZluP5B%2BXvMSVc9rsrnR79ant7Ezpmodqa4Gmn2ir0BZDKQIOcF8fJrykeNoIainFU1kBrhmWs9phHxdx7rPMHk"}],"group":"cf-nel","max_age":604800}', 'NEL': '{"success_fraction":0,"report_to":"cf-nel","max_age":604800}', 'Server': 'cloudflare', 'CF-RAY': '87e190c4a8164228-EWR', 'alt-svc': 'h3=":443"; ma=86400'} 
 body={"results":[{"gender":"female","name":{"title":"Ms","first":"Viviane","last":"Voges"},"location":{"street":{"number":8148,"name":"Buchenweg"},"city":"Flöha","state":"Bremen","country":"Germany","postcode":33574,"coordinates":{"latitude":"-48.3374","longitude":"85.3379"},"timezone":{"offset":"-5:00","description":"Eastern Time (US &amp; Canada), Bogota, Lima"}},"email":"viviane.voges@example.com","login":{"uuid":"fef4d344-4d8a-4ab1-930b-7dafd68e5be7","username":"silverladybug831","password":"11111111","salt":"3INPTgZn","md5":"64a79a051e06edb0170acde5ac341aab","sha1":"d3ffb486cb8c1fc170bd4e1f8783535863421c66","sha256":"cf354b7e56244c98fcf406101fb9293fe16976f11aae75fff579d45ca5073c33"},"dob":{"date":"1981-05-18T08:39:03.793Z","age":42},"registered":{"date":"2022-01-03T03:50:54.791Z","age":2},"phone":"0459-3794409","cell":"0172-7662864","id":{"name":"SVNR","value":"03 180581 V 776"},"picture":{"large":"https://randomuser.me/api/portraits/women/84.jpg","medium":"https://randomuser.me/api/portraits/med/women/84.jpg","thumbnail":"https://randomuser.me/api/portraits/thumb/women/84.jpg"},"nat":"DE"}],"info":{"seed":"8dda8faac13d371a","results":1,"page":1,"version":"1.4"}} 
 </msg>
<msg time="2024-05-03T16:18:11.476424" level="INFO">/opt/hostedtoolcache/Python/3.12.3/x64/lib/python3.12/site-packages/urllib3/connectionpool.py:1103: InsecureRequestWarning: Unverified HTTPS request is being made to host 'randomuser.me'. Adding certificate verification is strongly advised. See: https://urllib3.readthedocs.io/en/latest/advanced-usage.html#tls-warnings
  warnings.warn(</msg>
<msg time="2024-05-03T16:18:11.476570" level="INFO">${response} = &lt;Response [200]&gt;</msg>
<var>${response}</var>
<arg>consultarAPI</arg>
<arg>/api</arg>
<doc>Sends a GET request on a previously created HTTP Session.</doc>
<status status="PASS" start="2024-05-03T16:18:11.292924" elapsed="0.183695"/>
</kw>
<kw name="Set Variable" owner="BuiltIn">
<msg time="2024-05-03T16:18:11.477694" level="INFO">${json_data} = {'results': [{'gender': 'female', 'name': {'title': 'Ms', 'first': 'Viviane', 'last': 'Voges'}, 'location': {'street': {'number': 8148, 'name': 'Buchenweg'}, 'city': 'Flöha', 'state': 'Bremen', 'count...</msg>
<var>${json_data}</var>
<arg>${response.json()}</arg>
<doc>Returns the given values which can then be assigned to a variables.</doc>
<status status="PASS" start="2024-05-03T16:18:11.477153" elapsed="0.000570"/>
</kw>
<kw name="Set Variable" owner="BuiltIn">
<msg time="2024-05-03T16:18:11.478419" level="INFO">${name_title} = Ms</msg>
<var>${name_title}</var>
<arg>${json_data["results"][0]["name"]["title"]}</arg>
<doc>Returns the given values which can then be assigned to a variables.</doc>
<status status="PASS" start="2024-05-03T16:18:11.478031" elapsed="0.000413"/>
</kw>
<kw name="Create List" owner="BuiltIn">
<msg time="2024-05-03T16:18:11.478886" level="INFO">${allowed_titles} = ['Mr', 'Ms', 'Miss', 'Mrs', 'Madame', 'Monsieur']</msg>
<var>${allowed_titles}</var>
<arg>Mr</arg>
<arg>Ms</arg>
<arg>Miss</arg>
<arg>Mrs</arg>
<arg>Madame</arg>
<arg>Monsieur</arg>
<doc>Returns a list containing given items.</doc>
<status status="PASS" start="2024-05-03T16:18:11.478741" elapsed="0.000168"/>
</kw>
<kw name="List Should Contain Value" owner="Collections">
<msg time="2024-05-03T16:18:11.479373" level="INFO">False</msg>
<arg>${allowed_titles}</arg>
<arg>${name_title}</arg>
<doc>Fails if the ``value`` is not found from ``list``.</doc>
<status status="PASS" start="2024-05-03T16:18:11.479201" elapsed="0.000207"/>
</kw>
<kw name="Set Variable" owner="BuiltIn">
<msg time="2024-05-03T16:18:11.480129" level="INFO">${name_country} = DE</msg>
<var>${name_country}</var>
<arg>${json_data["results"][0]["nat"]}</arg>
<doc>Returns the given values which can then be assigned to a variables.</doc>
<status status="PASS" start="2024-05-03T16:18:11.479697" elapsed="0.000457"/>
</kw>
<kw name="Create List" owner="BuiltIn">
<msg time="2024-05-03T16:18:11.481043" level="INFO">${list_country} = ['AD', 'AE', 'AF', 'AG', 'AI', 'AL', 'AM', 'AO', 'AQ', 'AR', 'AS', 'AT', 'AU', 'AW', 'AX', 'AZ', 'BA', 'BB', 'BD', 'BE', 'BF', 'BG', 'BH', 'BI', 'BJ', 'BL', 'BM', 'BN', 'BO', 'BQ', 'BR', 'BS', 'BT', '...</msg>
<var>${list_country}</var>
<arg>AD</arg>
<arg>AE</arg>
<arg>AF</arg>
<arg>AG</arg>
<arg>AI</arg>
<arg>AL</arg>
<arg>AM</arg>
<arg>AO</arg>
<arg>AQ</arg>
<arg>AR</arg>
<arg>AS</arg>
<arg>AT</arg>
<arg>AU</arg>
<arg>AW</arg>
<arg>AX</arg>
<arg>AZ</arg>
<arg>BA</arg>
<arg>BB</arg>
<arg>BD</arg>
<arg>BE</arg>
<arg>BF</arg>
<arg>BG</arg>
<arg>BH</arg>
<arg>BI</arg>
<arg>BJ</arg>
<arg>BL</arg>
<arg>BM</arg>
<arg>BN</arg>
<arg>BO</arg>
<arg>BQ</arg>
<arg>BR</arg>
<arg>BS</arg>
<arg>BT</arg>
<arg>BV</arg>
<arg>BW</arg>
<arg>BY</arg>
<arg>BZ</arg>
<arg>CA</arg>
<arg>CC</arg>
<arg>CD</arg>
<arg>CF</arg>
<arg>CG</arg>
<arg>CH</arg>
<arg>CI</arg>
<arg>CK</arg>
<arg>CL</arg>
<arg>CM</arg>
<arg>CN</arg>
<arg>CO</arg>
<arg>CR</arg>
<arg>CU</arg>
<arg>CV</arg>
<arg>CW</arg>
<arg>CX</arg>
<arg>CY</arg>
<arg>CZ</arg>
<arg>DE</arg>
<arg>DJ</arg>
<arg>DK</arg>
<arg>DM</arg>
<arg>DO</arg>
<arg>DZ</arg>
<arg>EC</arg>
<arg>EE</arg>
<arg>EG</arg>
<arg>EH</arg>
<arg>ER</arg>
<arg>ES</arg>
<arg>ET</arg>
<arg>FI</arg>
<arg>FJ</arg>
<arg>FK</arg>
<arg>FM</arg>
<arg>FO</arg>
<arg>FR</arg>
<arg>GA</arg>
<arg>GB</arg>
<arg>GD</arg>
<arg>GE</arg>
<arg>GF</arg>
<arg>GG</arg>
<arg>GH</arg>
<arg>GI</arg>
<arg>GL</arg>
<arg>GM</arg>
<arg>GN</arg>
<arg>GP</arg>
<arg>GQ</arg>
<arg>GR</arg>
<arg>GS</arg>
<arg>GT</arg>
<arg>GU</arg>
<arg>GW</arg>
<arg>GY</arg>
<arg>HK</arg>
<arg>HM</arg>
<arg>HN</arg>
<arg>HR</arg>
<arg>HT</arg>
<arg>HU</arg>
<arg>ID</arg>
<arg>IE</arg>
<arg>IL</arg>
<arg>IM</arg>
<arg>IN</arg>
<arg>IO</arg>
<arg>IQ</arg>
<arg>IR</arg>
<arg>IS</arg>
<arg>IT</arg>
<arg>JE</arg>
<arg>JM</arg>
<arg>JO</arg>
<arg>JP</arg>
<arg>KE</arg>
<arg>KG</arg>
<arg>KH</arg>
<arg>KI</arg>
<arg>KM</arg>
<arg>KN</arg>
<arg>KP</arg>
<arg>KR</arg>
<arg>KW</arg>
<arg>KY</arg>
<arg>KZ</arg>
<arg>LA</arg>
<arg>LB</arg>
<arg>LC</arg>
<arg>LI</arg>
<arg>LK</arg>
<arg>LR</arg>
<arg>LS</arg>
<arg>LT</arg>
<arg>LU</arg>
<arg>LV</arg>
<arg>LY</arg>
<arg>MA</arg>
<arg>MC</arg>
<arg>MD</arg>
<arg>ME</arg>
<arg>MF</arg>
<arg>MG</arg>
<arg>MH</arg>
<arg>MK</arg>
<arg>ML</arg>
<arg>MM</arg>
<arg>MN</arg>
<arg>MO</arg>
<arg>MP</arg>
<arg>MQ</arg>
<arg>MR</arg>
<arg>MS</arg>
<arg>MT</arg>
<arg>MU</arg>
<arg>MV</arg>
<arg>MW</arg>
<arg>MX</arg>
<arg>MY</arg>
<arg>MZ</arg>
<arg>NA</arg>
<arg>NC</arg>
<arg>NE</arg>
<arg>NF</arg>
<arg>NG</arg>
<arg>NI</arg>
<arg>NL</arg>
<arg>NO</arg>
<arg>NP</arg>
<arg>NR</arg>
<arg>NU</arg>
<arg>NZ</arg>
<arg>OM</arg>
<arg>PA</arg>
<arg>PE</arg>
<arg>PF</arg>
<arg>PG</arg>
<arg>PH</arg>
<arg>PK</arg>
<arg>PL</arg>
<arg>PM</arg>
<arg>PN</arg>
<arg>PR</arg>
<arg>PS</arg>
<arg>PT</arg>
<arg>PW</arg>
<arg>PY</arg>
<arg>QA</arg>
<arg>RE</arg>
<arg>RO</arg>
<arg>RS</arg>
<arg>RU</arg>
<arg>RW</arg>
<arg>SA</arg>
<arg>SB</arg>
<arg>SC</arg>
<arg>SD</arg>
<arg>SE</arg>
<arg>SG</arg>
<arg>SH</arg>
<arg>SI</arg>
<arg>SJ</arg>
<arg>SK</arg>
<arg>SL</arg>
<arg>SM</arg>
<arg>SN</arg>
<arg>SO</arg>
<arg>SR</arg>
<arg>SS</arg>
<arg>ST</arg>
<arg>SV</arg>
<arg>SX</arg>
<arg>SY</arg>
<arg>SZ</arg>
<arg>TC</arg>
<arg>TD</arg>
<arg>TF</arg>
<arg>TG</arg>
<arg>TH</arg>
<arg>TJ</arg>
<arg>TK</arg>
<arg>TL</arg>
<arg>TM</arg>
<arg>TN</arg>
<arg>TO</arg>
<arg>TR</arg>
<arg>TT</arg>
<arg>TV</arg>
<arg>TW</arg>
<arg>TZ</arg>
<arg>UA</arg>
<arg>UG</arg>
<arg>UM</arg>
<arg>US</arg>
<arg>UY</arg>
<arg>UZ</arg>
<arg>VA</arg>
<arg>VC</arg>
<arg>VE</arg>
<arg>VG</arg>
<arg>VI</arg>
<arg>VN</arg>
<arg>VU</arg>
<arg>WF</arg>
<arg>WS</arg>
<arg>XK</arg>
<arg>YE</arg>
<arg>YT</arg>
<arg>ZA</arg>
<arg>ZM</arg>
<arg>ZW</arg>
<doc>Returns a list containing given items.</doc>
<status status="PASS" start="2024-05-03T16:18:11.480455" elapsed="0.000614"/>
</kw>
<kw name="List Should Contain Value" owner="Collections">
<msg time="2024-05-03T16:18:11.482056" level="INFO">False</msg>
<arg>${list_country}</arg>
<arg>${name_country}</arg>
<doc>Fails if the ``value`` is not found from ``list``.</doc>
<status status="PASS" start="2024-05-03T16:18:11.481858" elapsed="0.000232"/>
</kw>
<kw name="Run Keyword If" owner="BuiltIn">
<kw name="Should Be True" owner="BuiltIn">
<arg>${True}</arg>
<doc>Fails if the given condition is not true.</doc>
<status status="PASS" start="2024-05-03T16:18:11.483155" elapsed="0.000140"/>
</kw>
<arg>${json_data["results"][0]["location"]["coordinates"]["latitude"]} &gt;= -90 and ${json_data["results"][0]["location"]["coordinates"]["latitude"]} &lt;= 90</arg>
<arg>Should Be True</arg>
<arg>${True}</arg>
<doc>Runs the given keyword with the given arguments, if ``condition`` is true.</doc>
<status status="PASS" start="2024-05-03T16:18:11.482401" elapsed="0.001016"/>
</kw>
<kw name="Run Keyword If" owner="BuiltIn">
<kw name="Should Be True" owner="BuiltIn">
<arg>${True}</arg>
<doc>Fails if the given condition is not true.</doc>
<status status="PASS" start="2024-05-03T16:18:11.484313" elapsed="0.000254"/>
</kw>
<arg>${json_data["results"][0]["location"]["coordinates"]["longitude"]} &gt;= -180 and ${json_data["results"][0]["location"]["coordinates"]["longitude"]} &lt;= 180</arg>
<arg>Should Be True</arg>
<arg>${True}</arg>
<doc>Runs the given keyword with the given arguments, if ``condition`` is true.</doc>
<status status="PASS" start="2024-05-03T16:18:11.483596" elapsed="0.001096"/>
</kw>
<status status="PASS" start="2024-05-03T16:18:11.292539" elapsed="0.192283"/>
</kw>
<doc>Testa o conteúdo específico dos campos retornados pela API.</doc>
<tag>testeConteudo</tag>
<status status="PASS" start="2024-05-03T16:18:11.291890" elapsed="0.193084"/>
</test>
<status status="PASS" start="2024-05-03T16:18:10.503715" elapsed="0.983216"/>
</suite>
<status status="PASS" start="2024-05-03T16:18:10.490165" elapsed="1.002012"/>
</suite>
<statistics>
<total>
<stat pass="5" fail="0" skip="0">All Tests</stat>
</total>
<tag>
<stat pass="1" fail="0" skip="0">testeConteudo</stat>
<stat pass="1" fail="0" skip="0">testeEstruturaResposta</stat>
<stat pass="1" fail="0" skip="0">testeRequisicaoBasica</stat>
<stat pass="1" fail="0" skip="0">testeTiposDados</stat>
</tag>
<suite>
<stat pass="5" fail="0" skip="0" id="s1" name="Tests">Tests</stat>
<stat pass="5" fail="0" skip="0" id="s1-s1" name="Random-User-Test">Tests.Random-User-Test</stat>
</suite>
</statistics>
<errors>
</errors>
</robot>
