<?xml version="1.0" encoding="UTF-8"?>
<robot generator="Robot 7.0 (Python 3.12.2 on linux)" generated="2024-03-22T17:11:50.407480" rpa="false" schemaversion="5">
<suite id="s1" name="Tests" source="/home/runner/work/DesafioQAItauRogerioJordao/DesafioQAItauRogerioJordao/RamdonUser/tests">
<suite id="s1-s1" name="Random-User-Test" source="/home/runner/work/DesafioQAItauRogerioJordao/DesafioQAItauRogerioJordao/RamdonUser/tests/random-user-test.robot">
<test id="s1-s1-t1" name="Conectar" line="13">
<kw name="Conectar API" owner="random-user-service">
<kw name="Create Session" owner="RequestsLibrary">
<msg time="2024-03-22T17:11:50.750929" level="INFO">Creating Session using : alias=consultarAPI, url=https://randomuser.me/, headers={},                     cookies={}, auth=None, timeout=None, proxies=None, verify=False,                     debug=0 </msg>
<arg>consultarAPI</arg>
<arg>${URL}</arg>
<doc>Create Session: create a HTTP session to a server</doc>
<status status="PASS" start="2024-03-22T17:11:50.750735" elapsed="0.000357"/>
</kw>
<status status="PASS" start="2024-03-22T17:11:50.749724" elapsed="0.001710"/>
</kw>
<status status="PASS" start="2024-03-22T17:11:50.749230" elapsed="0.002404"/>
</test>
<test id="s1-s1-t2" name="Validar retorno 200 e JSON Válido" line="16">
<kw name="Teste de Requisicao Basica" owner="random-user-service">
<kw name="GET On Session" owner="RequestsLibrary">
<msg time="2024-03-22T17:11:51.061437" level="INFO">GET Request : url=https://randomuser.me/api 
 path_url=/api 
 headers={'User-Agent': 'python-requests/2.31.0', 'Accept-Encoding': 'gzip, deflate', 'Accept': '*/*', 'Connection': 'keep-alive'} 
 body=None 
 </msg>
<msg time="2024-03-22T17:11:51.061538" level="INFO">GET Response : url=https://randomuser.me/api 
 status=200, reason=OK 
 headers={'Date': 'Fri, 22 Mar 2024 17:11:51 GMT', 'Content-Type': 'application/json; charset=utf-8', 'Transfer-Encoding': 'chunked', 'Connection': 'keep-alive', 'X-Powered-By': 'Express', 'Access-Control-Allow-Origin': '*', 'Cache-Control': 'no-cache', 'ETag': 'W/"491-BBoB4tVf+fNoXRErKghjm2qq0Sw"', 'Vary': 'Accept-Encoding', 'Content-Encoding': 'gzip', 'CF-Cache-Status': 'DYNAMIC', 'Report-To': '{"endpoints":[{"url":"https:\\/\\/a.nel.cloudflare.com\\/report\\/v4?s=yLiRbE2MFvK%2B8KWp2ViaeDqxAj%2F7WCpIGMWPoSlaoWChv%2BT5lnhpvmx4Fpop718mFP0Gn47mCnzEJ9JnIZucYYOKpx%2F8%2BxH43dPRioFKy5Kw%2Fl095cFCFytMxXWEn%2B%2Fi"}],"group":"cf-nel","max_age":604800}', 'NEL': '{"success_fraction":0,"report_to":"cf-nel","max_age":604800}', 'Server': 'cloudflare', 'CF-RAY': '8687cd9e88a6e15f-ORD', 'alt-svc': 'h3=":443"; ma=86400'} 
 body={"results":[{"gender":"female","name":{"title":"Ms","first":"Vilena","last":"Revuckiy"},"location":{"street":{"number":9613,"name":"Vozdvizhenska"},"city":"Mena","state":"Odeska","country":"Ukraine","postcode":73812,"coordinates":{"latitude":"80.2831","longitude":"177.5658"},"timezone":{"offset":"+5:00","description":"Ekaterinburg, Islamabad, Karachi, Tashkent"}},"email":"vilena.revuckiy@example.com","login":{"uuid":"2bcaf289-b40f-49fc-91df-0e6316a5a28d","username":"yellowbear937","password":"sinned","salt":"ta0I7WLe","md5":"9c6da88a3572d492c2fbe8291555f16e","sha1":"3b4c9d9833c80cb0af36bae22648c828b0c7d210","sha256":"5f7f658174d1afcb1c1206f3da323c64382066a59403fc50cd844bf20cade3e0"},"dob":{"date":"1966-06-22T12:23:34.068Z","age":57},"registered":{"date":"2006-01-15T17:15:43.297Z","age":18},"phone":"(068) Q36-1585","cell":"(068) T27-6902","id":{"name":"","value":null},"picture":{"large":"https://randomuser.me/api/portraits/women/11.jpg","medium":"https://randomuser.me/api/portraits/med/women/11.jpg","thumbnail":"https://randomuser.me/api/portraits/thumb/women/11.jpg"},"nat":"UA"}],"info":{"seed":"8340a929d7ec3fa9","results":1,"page":1,"version":"1.4"}} 
 </msg>
<msg time="2024-03-22T17:11:51.061628" level="INFO">/opt/hostedtoolcache/Python/3.12.2/x64/lib/python3.12/site-packages/urllib3/connectionpool.py:1103: InsecureRequestWarning: Unverified HTTPS request is being made to host 'randomuser.me'. Adding certificate verification is strongly advised. See: https://urllib3.readthedocs.io/en/latest/advanced-usage.html#tls-warnings
  warnings.warn(</msg>
<msg time="2024-03-22T17:11:51.061848" level="INFO">${response} = &lt;Response [200]&gt;</msg>
<var>${response}</var>
<arg>consultarAPI</arg>
<arg>/api</arg>
<doc>Sends a GET request on a previously created HTTP Session.</doc>
<status status="PASS" start="2024-03-22T17:11:50.754133" elapsed="0.307755"/>
</kw>
<kw name="Should Be Equal As Numbers" owner="BuiltIn">
<msg time="2024-03-22T17:11:51.062707" level="INFO">Argument types are:
&lt;class 'int'&gt;
&lt;class 'str'&gt;</msg>
<arg>${response.status_code}</arg>
<arg>200</arg>
<doc>Fails if objects are unequal after converting them to real numbers.</doc>
<status status="PASS" start="2024-03-22T17:11:51.062266" elapsed="0.000502"/>
</kw>
<kw name="Log" owner="BuiltIn">
<msg time="2024-03-22T17:11:51.063435" level="INFO">200</msg>
<arg>${response.status_code}</arg>
<doc>Logs the given message with the given level.</doc>
<status status="PASS" start="2024-03-22T17:11:51.063085" elapsed="0.000392"/>
</kw>
<kw name="Set Variable" owner="BuiltIn">
<msg time="2024-03-22T17:11:51.064231" level="INFO">${json_data} = {'results': [{'gender': 'female', 'name': {'title': 'Ms', 'first': 'Vilena', 'last': 'Revuckiy'}, 'location': {'street': {'number': 9613, 'name': 'Vozdvizhenska'}, 'city': 'Mena', 'state': 'Odeska', '...</msg>
<var>${json_data}</var>
<arg>${response.json()}</arg>
<doc>Returns the given values which can then be assigned to a variables.</doc>
<status status="PASS" start="2024-03-22T17:11:51.063803" elapsed="0.000455"/>
</kw>
<kw name="Dictionary Should Contain Key" owner="Collections">
<msg time="2024-03-22T17:11:51.064711" level="INFO">False</msg>
<arg>${json_data}</arg>
<arg>results</arg>
<doc>Fails if ``key`` is not found from ``dictionary``.</doc>
<status status="PASS" start="2024-03-22T17:11:51.064550" elapsed="0.000200"/>
</kw>
<status status="PASS" start="2024-03-22T17:11:50.753887" elapsed="0.311110"/>
</kw>
<doc>Testa se a API responde corretamente e retorna um objeto JSON válido.</doc>
<tag>testeRequisicaoBasica</tag>
<status status="PASS" start="2024-03-22T17:11:50.753444" elapsed="0.311725"/>
</test>
<test id="s1-s1-t3" name="Validar estrutura de resposta" line="22">
<kw name="Teste de Estrutura de Resposta" owner="random-user-service">
<kw name="GET On Session" owner="RequestsLibrary">
<msg time="2024-03-22T17:11:51.219940" level="INFO">GET Request : url=https://randomuser.me/api 
 path_url=/api 
 headers={'User-Agent': 'python-requests/2.31.0', 'Accept-Encoding': 'gzip, deflate', 'Accept': '*/*', 'Connection': 'keep-alive'} 
 body=None 
 </msg>
<msg time="2024-03-22T17:11:51.220011" level="INFO">GET Response : url=https://randomuser.me/api 
 status=200, reason=OK 
 headers={'Date': 'Fri, 22 Mar 2024 17:11:51 GMT', 'Content-Type': 'application/json; charset=utf-8', 'Transfer-Encoding': 'chunked', 'Connection': 'keep-alive', 'X-Powered-By': 'Express', 'Access-Control-Allow-Origin': '*', 'Cache-Control': 'no-cache', 'ETag': 'W/"498-1ehntq3/WXqoxuxwgyyzcG1Pq0k"', 'Vary': 'Accept-Encoding', 'Content-Encoding': 'gzip', 'CF-Cache-Status': 'DYNAMIC', 'Report-To': '{"endpoints":[{"url":"https:\\/\\/a.nel.cloudflare.com\\/report\\/v4?s=hdM5Lb6pRGn9pdwgYNPUkkIQMCXnkcXQpXgw9IHiQS2kyUaBI%2F1825Rzb0z6jYQVPMpk%2BuL%2BkymwnZ3FfW0F1%2F%2FG6OyIkABhW%2B%2FBUUxoBY7yRNPnrbgJ%2F4QTpsI686%2FU"}],"group":"cf-nel","max_age":604800}', 'NEL': '{"success_fraction":0,"report_to":"cf-nel","max_age":604800}', 'Server': 'cloudflare', 'CF-RAY': '8687cda02c52e15f-ORD', 'alt-svc': 'h3=":443"; ma=86400'} 
 body={"results":[{"gender":"female","name":{"title":"Ms","first":"Luz","last":"Cano"},"location":{"street":{"number":3414,"name":"Calle de Alberto Aguilera"},"city":"Santiago de Compostela","state":"Asturias","country":"Spain","postcode":29887,"coordinates":{"latitude":"-34.1352","longitude":"142.0981"},"timezone":{"offset":"-7:00","description":"Mountain Time (US &amp; Canada)"}},"email":"luz.cano@example.com","login":{"uuid":"91d253c1-3414-43ef-9ef6-8e0c8e18805a","username":"happylion903","password":"wolverin","salt":"rgso79Y5","md5":"cc3bfceb330f2cb843bc95181eb3aca8","sha1":"782c20254e94285bd6ad6e2492cd6398d3aa9ac3","sha256":"6cd1d815cf4179b0bb77ba7674322774c28e3921e2199eeeab86208a223f4d03"},"dob":{"date":"1945-11-16T00:16:57.936Z","age":78},"registered":{"date":"2017-10-06T17:04:07.084Z","age":6},"phone":"991-550-364","cell":"613-993-378","id":{"name":"DNI","value":"69150979-O"},"picture":{"large":"https://randomuser.me/api/portraits/women/54.jpg","medium":"https://randomuser.me/api/portraits/med/women/54.jpg","thumbnail":"https://randomuser.me/api/portraits/thumb/women/54.jpg"},"nat":"ES"}],"info":{"seed":"08bccc2c1eb877a1","results":1,"page":1,"version":"1.4"}} 
 </msg>
<msg time="2024-03-22T17:11:51.220114" level="INFO">/opt/hostedtoolcache/Python/3.12.2/x64/lib/python3.12/site-packages/urllib3/connectionpool.py:1103: InsecureRequestWarning: Unverified HTTPS request is being made to host 'randomuser.me'. Adding certificate verification is strongly advised. See: https://urllib3.readthedocs.io/en/latest/advanced-usage.html#tls-warnings
  warnings.warn(</msg>
<msg time="2024-03-22T17:11:51.220228" level="INFO">${response} = &lt;Response [200]&gt;</msg>
<var>${response}</var>
<arg>consultarAPI</arg>
<arg>/api</arg>
<doc>Sends a GET request on a previously created HTTP Session.</doc>
<status status="PASS" start="2024-03-22T17:11:51.067863" elapsed="0.152402"/>
</kw>
<kw name="Set Variable" owner="BuiltIn">
<msg time="2024-03-22T17:11:51.221092" level="INFO">${json_data} = {'results': [{'gender': 'female', 'name': {'title': 'Ms', 'first': 'Luz', 'last': 'Cano'}, 'location': {'street': {'number': 3414, 'name': 'Calle de Alberto Aguilera'}, 'city': 'Santiago de Compostela...</msg>
<var>${json_data}</var>
<arg>${response.json()}</arg>
<doc>Returns the given values which can then be assigned to a variables.</doc>
<status status="PASS" start="2024-03-22T17:11:51.220646" elapsed="0.000473"/>
</kw>
<kw name="Log" owner="BuiltIn">
<msg time="2024-03-22T17:11:51.221578" level="INFO">{'results': [{'gender': 'female', 'name': {'title': 'Ms', 'first': 'Luz', 'last': 'Cano'}, 'location': {'street': {'number': 3414, 'name': 'Calle de Alberto Aguilera'}, 'city': 'Santiago de Compostela', 'state': 'Asturias', 'country': 'Spain', 'postcode': 29887, 'coordinates': {'latitude': '-34.1352', 'longitude': '142.0981'}, 'timezone': {'offset': '-7:00', 'description': 'Mountain Time (US &amp; Canada)'}}, 'email': 'luz.cano@example.com', 'login': {'uuid': '91d253c1-3414-43ef-9ef6-8e0c8e18805a', 'username': 'happylion903', 'password': 'wolverin', 'salt': 'rgso79Y5', 'md5': 'cc3bfceb330f2cb843bc95181eb3aca8', 'sha1': '782c20254e94285bd6ad6e2492cd6398d3aa9ac3', 'sha256': '6cd1d815cf4179b0bb77ba7674322774c28e3921e2199eeeab86208a223f4d03'}, 'dob': {'date': '1945-11-16T00:16:57.936Z', 'age': 78}, 'registered': {'date': '2017-10-06T17:04:07.084Z', 'age': 6}, 'phone': '991-550-364', 'cell': '613-993-378', 'id': {'name': 'DNI', 'value': '69150979-O'}, 'picture': {'large': 'https://randomuser.me/api/portraits/women/54.jpg', 'medium': 'https://randomuser.me/api/portraits/med/women/54.jpg', 'thumbnail': 'https://randomuser.me/api/portraits/thumb/women/54.jpg'}, 'nat': 'ES'}], 'info': {'seed': '08bccc2c1eb877a1', 'results': 1, 'page': 1, 'version': '1.4'}}</msg>
<arg>${json_data}</arg>
<doc>Logs the given message with the given level.</doc>
<status status="PASS" start="2024-03-22T17:11:51.221423" elapsed="0.000202"/>
</kw>
<kw name="Dictionary Should Contain Key" owner="Collections">
<msg time="2024-03-22T17:11:51.222066" level="INFO">False</msg>
<arg>${json_data}</arg>
<arg>results</arg>
<doc>Fails if ``key`` is not found from ``dictionary``.</doc>
<status status="PASS" start="2024-03-22T17:11:51.221917" elapsed="0.000186"/>
</kw>
<kw name="Should Not Be Empty" owner="BuiltIn">
<msg time="2024-03-22T17:11:51.222563" level="INFO">Length is 2.</msg>
<arg>${json_data}</arg>
<doc>Verifies that the given item is not empty.</doc>
<status status="PASS" start="2024-03-22T17:11:51.222422" elapsed="0.000179"/>
</kw>
<kw name="Create List" owner="BuiltIn">
<msg time="2024-03-22T17:11:51.223038" level="INFO">${expected_keys} = ['gender', 'name', 'location', 'email', 'login']</msg>
<var>${expected_keys}</var>
<arg>gender</arg>
<arg>name</arg>
<arg>location</arg>
<arg>email</arg>
<arg>login</arg>
<doc>Returns a list containing given items.</doc>
<status status="PASS" start="2024-03-22T17:11:51.222890" elapsed="0.000171"/>
</kw>
<for flavor="IN">
<iter>
<kw name="Dictionary Should Contain Key" owner="Collections">
<msg time="2024-03-22T17:11:51.224059" level="INFO">False</msg>
<arg>${json_data['results'][0]}</arg>
<arg>${key}</arg>
<doc>Fails if ``key`` is not found from ``dictionary``.</doc>
<status status="PASS" start="2024-03-22T17:11:51.223663" elapsed="0.000434"/>
</kw>
<kw name="Log" owner="BuiltIn">
<msg time="2024-03-22T17:11:51.224775" level="INFO">{'gender': 'female', 'name': {'title': 'Ms', 'first': 'Luz', 'last': 'Cano'}, 'location': {'street': {'number': 3414, 'name': 'Calle de Alberto Aguilera'}, 'city': 'Santiago de Compostela', 'state': 'Asturias', 'country': 'Spain', 'postcode': 29887, 'coordinates': {'latitude': '-34.1352', 'longitude': '142.0981'}, 'timezone': {'offset': '-7:00', 'description': 'Mountain Time (US &amp; Canada)'}}, 'email': 'luz.cano@example.com', 'login': {'uuid': '91d253c1-3414-43ef-9ef6-8e0c8e18805a', 'username': 'happylion903', 'password': 'wolverin', 'salt': 'rgso79Y5', 'md5': 'cc3bfceb330f2cb843bc95181eb3aca8', 'sha1': '782c20254e94285bd6ad6e2492cd6398d3aa9ac3', 'sha256': '6cd1d815cf4179b0bb77ba7674322774c28e3921e2199eeeab86208a223f4d03'}, 'dob': {'date': '1945-11-16T00:16:57.936Z', 'age': 78}, 'registered': {'date': '2017-10-06T17:04:07.084Z', 'age': 6}, 'phone': '991-550-364', 'cell': '613-993-378', 'id': {'name': 'DNI', 'value': '69150979-O'}, 'picture': {'large': 'https://randomuser.me/api/portraits/women/54.jpg', 'medium': 'https://randomuser.me/api/portraits/med/women/54.jpg', 'thumbnail': 'https://randomuser.me/api/portraits/thumb/women/54.jpg'}, 'nat': 'ES'}</msg>
<arg>${json_data['results'][0]}</arg>
<doc>Logs the given message with the given level.</doc>
<status status="PASS" start="2024-03-22T17:11:51.224402" elapsed="0.000428"/>
</kw>
<kw name="Log" owner="BuiltIn">
<msg time="2024-03-22T17:11:51.225263" level="INFO">gender</msg>
<arg>${key}</arg>
<doc>Logs the given message with the given level.</doc>
<status status="PASS" start="2024-03-22T17:11:51.225132" elapsed="0.000169"/>
</kw>
<var name="${key}">gender</var>
<status status="PASS" start="2024-03-22T17:11:51.223531" elapsed="0.001989"/>
</iter>
<iter>
<kw name="Dictionary Should Contain Key" owner="Collections">
<msg time="2024-03-22T17:11:51.226196" level="INFO">False</msg>
<arg>${json_data['results'][0]}</arg>
<arg>${key}</arg>
<doc>Fails if ``key`` is not found from ``dictionary``.</doc>
<status status="PASS" start="2024-03-22T17:11:51.225820" elapsed="0.000414"/>
</kw>
<kw name="Log" owner="BuiltIn">
<msg time="2024-03-22T17:11:51.226950" level="INFO">{'gender': 'female', 'name': {'title': 'Ms', 'first': 'Luz', 'last': 'Cano'}, 'location': {'street': {'number': 3414, 'name': 'Calle de Alberto Aguilera'}, 'city': 'Santiago de Compostela', 'state': 'Asturias', 'country': 'Spain', 'postcode': 29887, 'coordinates': {'latitude': '-34.1352', 'longitude': '142.0981'}, 'timezone': {'offset': '-7:00', 'description': 'Mountain Time (US &amp; Canada)'}}, 'email': 'luz.cano@example.com', 'login': {'uuid': '91d253c1-3414-43ef-9ef6-8e0c8e18805a', 'username': 'happylion903', 'password': 'wolverin', 'salt': 'rgso79Y5', 'md5': 'cc3bfceb330f2cb843bc95181eb3aca8', 'sha1': '782c20254e94285bd6ad6e2492cd6398d3aa9ac3', 'sha256': '6cd1d815cf4179b0bb77ba7674322774c28e3921e2199eeeab86208a223f4d03'}, 'dob': {'date': '1945-11-16T00:16:57.936Z', 'age': 78}, 'registered': {'date': '2017-10-06T17:04:07.084Z', 'age': 6}, 'phone': '991-550-364', 'cell': '613-993-378', 'id': {'name': 'DNI', 'value': '69150979-O'}, 'picture': {'large': 'https://randomuser.me/api/portraits/women/54.jpg', 'medium': 'https://randomuser.me/api/portraits/med/women/54.jpg', 'thumbnail': 'https://randomuser.me/api/portraits/thumb/women/54.jpg'}, 'nat': 'ES'}</msg>
<arg>${json_data['results'][0]}</arg>
<doc>Logs the given message with the given level.</doc>
<status status="PASS" start="2024-03-22T17:11:51.226591" elapsed="0.000408"/>
</kw>
<kw name="Log" owner="BuiltIn">
<msg time="2024-03-22T17:11:51.227423" level="INFO">name</msg>
<arg>${key}</arg>
<doc>Logs the given message with the given level.</doc>
<status status="PASS" start="2024-03-22T17:11:51.227296" elapsed="0.000165"/>
</kw>
<var name="${key}">name</var>
<status status="PASS" start="2024-03-22T17:11:51.225707" elapsed="0.001972"/>
</iter>
<iter>
<kw name="Dictionary Should Contain Key" owner="Collections">
<msg time="2024-03-22T17:11:51.228353" level="INFO">False</msg>
<arg>${json_data['results'][0]}</arg>
<arg>${key}</arg>
<doc>Fails if ``key`` is not found from ``dictionary``.</doc>
<status status="PASS" start="2024-03-22T17:11:51.227969" elapsed="0.000421"/>
</kw>
<kw name="Log" owner="BuiltIn">
<msg time="2024-03-22T17:11:51.229046" level="INFO">{'gender': 'female', 'name': {'title': 'Ms', 'first': 'Luz', 'last': 'Cano'}, 'location': {'street': {'number': 3414, 'name': 'Calle de Alberto Aguilera'}, 'city': 'Santiago de Compostela', 'state': 'Asturias', 'country': 'Spain', 'postcode': 29887, 'coordinates': {'latitude': '-34.1352', 'longitude': '142.0981'}, 'timezone': {'offset': '-7:00', 'description': 'Mountain Time (US &amp; Canada)'}}, 'email': 'luz.cano@example.com', 'login': {'uuid': '91d253c1-3414-43ef-9ef6-8e0c8e18805a', 'username': 'happylion903', 'password': 'wolverin', 'salt': 'rgso79Y5', 'md5': 'cc3bfceb330f2cb843bc95181eb3aca8', 'sha1': '782c20254e94285bd6ad6e2492cd6398d3aa9ac3', 'sha256': '6cd1d815cf4179b0bb77ba7674322774c28e3921e2199eeeab86208a223f4d03'}, 'dob': {'date': '1945-11-16T00:16:57.936Z', 'age': 78}, 'registered': {'date': '2017-10-06T17:04:07.084Z', 'age': 6}, 'phone': '991-550-364', 'cell': '613-993-378', 'id': {'name': 'DNI', 'value': '69150979-O'}, 'picture': {'large': 'https://randomuser.me/api/portraits/women/54.jpg', 'medium': 'https://randomuser.me/api/portraits/med/women/54.jpg', 'thumbnail': 'https://randomuser.me/api/portraits/thumb/women/54.jpg'}, 'nat': 'ES'}</msg>
<arg>${json_data['results'][0]}</arg>
<doc>Logs the given message with the given level.</doc>
<status status="PASS" start="2024-03-22T17:11:51.228690" elapsed="0.000409"/>
</kw>
<kw name="Log" owner="BuiltIn">
<msg time="2024-03-22T17:11:51.229520" level="INFO">location</msg>
<arg>${key}</arg>
<doc>Logs the given message with the given level.</doc>
<status status="PASS" start="2024-03-22T17:11:51.229393" elapsed="0.000164"/>
</kw>
<var name="${key}">location</var>
<status status="PASS" start="2024-03-22T17:11:51.227857" elapsed="0.001914"/>
</iter>
<iter>
<kw name="Dictionary Should Contain Key" owner="Collections">
<msg time="2024-03-22T17:11:51.230462" level="INFO">False</msg>
<arg>${json_data['results'][0]}</arg>
<arg>${key}</arg>
<doc>Fails if ``key`` is not found from ``dictionary``.</doc>
<status status="PASS" start="2024-03-22T17:11:51.230053" elapsed="0.000448"/>
</kw>
<kw name="Log" owner="BuiltIn">
<msg time="2024-03-22T17:11:51.231148" level="INFO">{'gender': 'female', 'name': {'title': 'Ms', 'first': 'Luz', 'last': 'Cano'}, 'location': {'street': {'number': 3414, 'name': 'Calle de Alberto Aguilera'}, 'city': 'Santiago de Compostela', 'state': 'Asturias', 'country': 'Spain', 'postcode': 29887, 'coordinates': {'latitude': '-34.1352', 'longitude': '142.0981'}, 'timezone': {'offset': '-7:00', 'description': 'Mountain Time (US &amp; Canada)'}}, 'email': 'luz.cano@example.com', 'login': {'uuid': '91d253c1-3414-43ef-9ef6-8e0c8e18805a', 'username': 'happylion903', 'password': 'wolverin', 'salt': 'rgso79Y5', 'md5': 'cc3bfceb330f2cb843bc95181eb3aca8', 'sha1': '782c20254e94285bd6ad6e2492cd6398d3aa9ac3', 'sha256': '6cd1d815cf4179b0bb77ba7674322774c28e3921e2199eeeab86208a223f4d03'}, 'dob': {'date': '1945-11-16T00:16:57.936Z', 'age': 78}, 'registered': {'date': '2017-10-06T17:04:07.084Z', 'age': 6}, 'phone': '991-550-364', 'cell': '613-993-378', 'id': {'name': 'DNI', 'value': '69150979-O'}, 'picture': {'large': 'https://randomuser.me/api/portraits/women/54.jpg', 'medium': 'https://randomuser.me/api/portraits/med/women/54.jpg', 'thumbnail': 'https://randomuser.me/api/portraits/thumb/women/54.jpg'}, 'nat': 'ES'}</msg>
<arg>${json_data['results'][0]}</arg>
<doc>Logs the given message with the given level.</doc>
<status status="PASS" start="2024-03-22T17:11:51.230798" elapsed="0.000398"/>
</kw>
<kw name="Log" owner="BuiltIn">
<msg time="2024-03-22T17:11:51.231612" level="INFO">email</msg>
<arg>${key}</arg>
<doc>Logs the given message with the given level.</doc>
<status status="PASS" start="2024-03-22T17:11:51.231485" elapsed="0.000164"/>
</kw>
<var name="${key}">email</var>
<status status="PASS" start="2024-03-22T17:11:51.229943" elapsed="0.001919"/>
</iter>
<iter>
<kw name="Dictionary Should Contain Key" owner="Collections">
<msg time="2024-03-22T17:11:51.232552" level="INFO">False</msg>
<arg>${json_data['results'][0]}</arg>
<arg>${key}</arg>
<doc>Fails if ``key`` is not found from ``dictionary``.</doc>
<status status="PASS" start="2024-03-22T17:11:51.232160" elapsed="0.000430"/>
</kw>
<kw name="Log" owner="BuiltIn">
<msg time="2024-03-22T17:11:51.233246" level="INFO">{'gender': 'female', 'name': {'title': 'Ms', 'first': 'Luz', 'last': 'Cano'}, 'location': {'street': {'number': 3414, 'name': 'Calle de Alberto Aguilera'}, 'city': 'Santiago de Compostela', 'state': 'Asturias', 'country': 'Spain', 'postcode': 29887, 'coordinates': {'latitude': '-34.1352', 'longitude': '142.0981'}, 'timezone': {'offset': '-7:00', 'description': 'Mountain Time (US &amp; Canada)'}}, 'email': 'luz.cano@example.com', 'login': {'uuid': '91d253c1-3414-43ef-9ef6-8e0c8e18805a', 'username': 'happylion903', 'password': 'wolverin', 'salt': 'rgso79Y5', 'md5': 'cc3bfceb330f2cb843bc95181eb3aca8', 'sha1': '782c20254e94285bd6ad6e2492cd6398d3aa9ac3', 'sha256': '6cd1d815cf4179b0bb77ba7674322774c28e3921e2199eeeab86208a223f4d03'}, 'dob': {'date': '1945-11-16T00:16:57.936Z', 'age': 78}, 'registered': {'date': '2017-10-06T17:04:07.084Z', 'age': 6}, 'phone': '991-550-364', 'cell': '613-993-378', 'id': {'name': 'DNI', 'value': '69150979-O'}, 'picture': {'large': 'https://randomuser.me/api/portraits/women/54.jpg', 'medium': 'https://randomuser.me/api/portraits/med/women/54.jpg', 'thumbnail': 'https://randomuser.me/api/portraits/thumb/women/54.jpg'}, 'nat': 'ES'}</msg>
<arg>${json_data['results'][0]}</arg>
<doc>Logs the given message with the given level.</doc>
<status status="PASS" start="2024-03-22T17:11:51.232885" elapsed="0.000409"/>
</kw>
<kw name="Log" owner="BuiltIn">
<msg time="2024-03-22T17:11:51.233714" level="INFO">login</msg>
<arg>${key}</arg>
<doc>Logs the given message with the given level.</doc>
<status status="PASS" start="2024-03-22T17:11:51.233587" elapsed="0.000267"/>
</kw>
<var name="${key}">login</var>
<status status="PASS" start="2024-03-22T17:11:51.232046" elapsed="0.002058"/>
</iter>
<var>${key}</var>
<value>@{expected_keys}</value>
<status status="PASS" start="2024-03-22T17:11:51.223319" elapsed="0.010913"/>
</for>
<kw name="Create List" owner="BuiltIn">
<msg time="2024-03-22T17:11:51.234603" level="INFO">${expected_keysTwo} = ['username', 'password']</msg>
<var>${expected_keysTwo}</var>
<arg>username</arg>
<arg>password</arg>
<doc>Returns a list containing given items.</doc>
<status status="PASS" start="2024-03-22T17:11:51.234462" elapsed="0.000165"/>
</kw>
<for flavor="IN">
<iter>
<kw name="Dictionary Should Contain Key" owner="Collections">
<msg time="2024-03-22T17:11:51.235509" level="INFO">False</msg>
<arg>${json_data['results'][0]['login']}</arg>
<arg>${keyTwo}</arg>
<doc>Fails if ``key`` is not found from ``dictionary``.</doc>
<status status="PASS" start="2024-03-22T17:11:51.235127" elapsed="0.000420"/>
</kw>
<kw name="Dictionary Should Contain Key" owner="Collections">
<msg time="2024-03-22T17:11:51.236217" level="INFO">False</msg>
<arg>${json_data['results'][0]['login']}</arg>
<arg>${keyTwo}</arg>
<doc>Fails if ``key`` is not found from ``dictionary``.</doc>
<status status="PASS" start="2024-03-22T17:11:51.235844" elapsed="0.000410"/>
</kw>
<kw name="Log" owner="BuiltIn">
<msg time="2024-03-22T17:11:51.236687" level="INFO">username</msg>
<arg>${keyTwo}</arg>
<doc>Logs the given message with the given level.</doc>
<status status="PASS" start="2024-03-22T17:11:51.236560" elapsed="0.000165"/>
</kw>
<var name="${keyTwo}">username</var>
<status status="PASS" start="2024-03-22T17:11:51.235017" elapsed="0.001923"/>
</iter>
<iter>
<kw name="Dictionary Should Contain Key" owner="Collections">
<msg time="2024-03-22T17:11:51.237606" level="INFO">False</msg>
<arg>${json_data['results'][0]['login']}</arg>
<arg>${keyTwo}</arg>
<doc>Fails if ``key`` is not found from ``dictionary``.</doc>
<status status="PASS" start="2024-03-22T17:11:51.237222" elapsed="0.000422"/>
</kw>
<kw name="Dictionary Should Contain Key" owner="Collections">
<msg time="2024-03-22T17:11:51.238323" level="INFO">False</msg>
<arg>${json_data['results'][0]['login']}</arg>
<arg>${keyTwo}</arg>
<doc>Fails if ``key`` is not found from ``dictionary``.</doc>
<status status="PASS" start="2024-03-22T17:11:51.237936" elapsed="0.000447"/>
</kw>
<kw name="Log" owner="BuiltIn">
<msg time="2024-03-22T17:11:51.238811" level="INFO">password</msg>
<arg>${keyTwo}</arg>
<doc>Logs the given message with the given level.</doc>
<status status="PASS" start="2024-03-22T17:11:51.238684" elapsed="0.000165"/>
</kw>
<var name="${keyTwo}">password</var>
<status status="PASS" start="2024-03-22T17:11:51.237113" elapsed="0.001955"/>
</iter>
<var>${keyTwo}</var>
<value>@{expected_keysTwo}</value>
<status status="PASS" start="2024-03-22T17:11:51.234867" elapsed="0.004322"/>
</for>
<status status="PASS" start="2024-03-22T17:11:51.067631" elapsed="0.171698"/>
</kw>
<doc>Testa a estrutura da resposta da API.</doc>
<tag>testeEstruturaResposta</tag>
<status status="PASS" start="2024-03-22T17:11:51.067041" elapsed="0.172439"/>
</test>
<test id="s1-s1-t4" name="Validar tipos de dados" line="28">
<kw name="Teste de Tipos de Dados" owner="random-user-service">
<kw name="GET On Session" owner="RequestsLibrary">
<msg time="2024-03-22T17:11:51.298554" level="INFO">GET Request : url=https://randomuser.me/api 
 path_url=/api 
 headers={'User-Agent': 'python-requests/2.31.0', 'Accept-Encoding': 'gzip, deflate', 'Accept': '*/*', 'Connection': 'keep-alive'} 
 body=None 
 </msg>
<msg time="2024-03-22T17:11:51.298635" level="INFO">GET Response : url=https://randomuser.me/api 
 status=200, reason=OK 
 headers={'Date': 'Fri, 22 Mar 2024 17:11:51 GMT', 'Content-Type': 'application/json; charset=utf-8', 'Transfer-Encoding': 'chunked', 'Connection': 'keep-alive', 'X-Powered-By': 'Express', 'Access-Control-Allow-Origin': '*', 'Cache-Control': 'no-cache', 'ETag': 'W/"478-nweeh6SUCWn0IvALk+xDVIMJS/I"', 'Vary': 'Accept-Encoding', 'Content-Encoding': 'gzip', 'CF-Cache-Status': 'DYNAMIC', 'Report-To': '{"endpoints":[{"url":"https:\\/\\/a.nel.cloudflare.com\\/report\\/v4?s=bEjlBFg8sUdPmy57qv%2BVogk7b4RWn8jE1kJd4k4Cspt87nSqqn0grthGnvlCMrpN2bIVJqiJFbE2W%2BhQY6FYykESUXk9VU9Ig%2BHLGnUWWKjJDvue%2FXATYyVjrsAwQhyM"}],"group":"cf-nel","max_age":604800}', 'NEL': '{"success_fraction":0,"report_to":"cf-nel","max_age":604800}', 'Server': 'cloudflare', 'CF-RAY': '8687cda13ea1e15f-ORD', 'alt-svc': 'h3=":443"; ma=86400'} 
 body={"results":[{"gender":"male","name":{"title":"Mr","first":"Louis","last":"Lo"},"location":{"street":{"number":7284,"name":"Concession Road 6"},"city":"Tecumseh","state":"Prince Edward Island","country":"Canada","postcode":"J0X 7Q8","coordinates":{"latitude":"-66.7078","longitude":"-14.9573"},"timezone":{"offset":"+5:45","description":"Kathmandu"}},"email":"louis.lo@example.com","login":{"uuid":"88bb5ebd-cc0e-47f7-adc2-2e42ee213517","username":"silverdog254","password":"strat","salt":"XVb5D0E5","md5":"90cc9c8781329650980bdd9834a253f6","sha1":"aa5acd2bc6cb4a8396de37062d99a8e3a1edaa13","sha256":"1f06b28962eb201ab77c818e9d3e728820860f33ab39e7ba4ff529d0eb9660b8"},"dob":{"date":"1996-05-21T00:47:08.175Z","age":27},"registered":{"date":"2007-08-26T00:26:28.979Z","age":16},"phone":"Y81 C23-0438","cell":"D98 H61-5062","id":{"name":"SIN","value":"485409171"},"picture":{"large":"https://randomuser.me/api/portraits/men/12.jpg","medium":"https://randomuser.me/api/portraits/med/men/12.jpg","thumbnail":"https://randomuser.me/api/portraits/thumb/men/12.jpg"},"nat":"CA"}],"info":{"seed":"9386c4293b4703dc","results":1,"page":1,"version":"1.4"}} 
 </msg>
<msg time="2024-03-22T17:11:51.298704" level="INFO">/opt/hostedtoolcache/Python/3.12.2/x64/lib/python3.12/site-packages/urllib3/connectionpool.py:1103: InsecureRequestWarning: Unverified HTTPS request is being made to host 'randomuser.me'. Adding certificate verification is strongly advised. See: https://urllib3.readthedocs.io/en/latest/advanced-usage.html#tls-warnings
  warnings.warn(</msg>
<msg time="2024-03-22T17:11:51.298839" level="INFO">${response} = &lt;Response [200]&gt;</msg>
<var>${response}</var>
<arg>consultarAPI</arg>
<arg>/api</arg>
<doc>Sends a GET request on a previously created HTTP Session.</doc>
<status status="PASS" start="2024-03-22T17:11:51.241875" elapsed="0.057019"/>
</kw>
<kw name="Set Variable" owner="BuiltIn">
<msg time="2024-03-22T17:11:51.299785" level="INFO">${json_data} = {'results': [{'gender': 'male', 'name': {'title': 'Mr', 'first': 'Louis', 'last': 'Lo'}, 'location': {'street': {'number': 7284, 'name': 'Concession Road 6'}, 'city': 'Tecumseh', 'state': 'Prince Edwa...</msg>
<var>${json_data}</var>
<arg>${response.json()}</arg>
<doc>Returns the given values which can then be assigned to a variables.</doc>
<status status="PASS" start="2024-03-22T17:11:51.299349" elapsed="0.000462"/>
</kw>
<kw name="Log" owner="BuiltIn">
<msg time="2024-03-22T17:11:51.300264" level="INFO">{'results': [{'gender': 'male', 'name': {'title': 'Mr', 'first': 'Louis', 'last': 'Lo'}, 'location': {'street': {'number': 7284, 'name': 'Concession Road 6'}, 'city': 'Tecumseh', 'state': 'Prince Edward Island', 'country': 'Canada', 'postcode': 'J0X 7Q8', 'coordinates': {'latitude': '-66.7078', 'longitude': '-14.9573'}, 'timezone': {'offset': '+5:45', 'description': 'Kathmandu'}}, 'email': 'louis.lo@example.com', 'login': {'uuid': '88bb5ebd-cc0e-47f7-adc2-2e42ee213517', 'username': 'silverdog254', 'password': 'strat', 'salt': 'XVb5D0E5', 'md5': '90cc9c8781329650980bdd9834a253f6', 'sha1': 'aa5acd2bc6cb4a8396de37062d99a8e3a1edaa13', 'sha256': '1f06b28962eb201ab77c818e9d3e728820860f33ab39e7ba4ff529d0eb9660b8'}, 'dob': {'date': '1996-05-21T00:47:08.175Z', 'age': 27}, 'registered': {'date': '2007-08-26T00:26:28.979Z', 'age': 16}, 'phone': 'Y81 C23-0438', 'cell': 'D98 H61-5062', 'id': {'name': 'SIN', 'value': '485409171'}, 'picture': {'large': 'https://randomuser.me/api/portraits/men/12.jpg', 'medium': 'https://randomuser.me/api/portraits/med/men/12.jpg', 'thumbnail': 'https://randomuser.me/api/portraits/thumb/men/12.jpg'}, 'nat': 'CA'}], 'info': {'seed': '9386c4293b4703dc', 'results': 1, 'page': 1, 'version': '1.4'}}</msg>
<arg>${json_data}</arg>
<doc>Logs the given message with the given level.</doc>
<status status="PASS" start="2024-03-22T17:11:51.300114" elapsed="0.000228"/>
</kw>
<kw name="Should Be String" owner="String">
<arg>${json_data['results'][0]['gender']}</arg>
<doc>Fails if the given ``item`` is not a string.</doc>
<status status="PASS" start="2024-03-22T17:11:51.300641" elapsed="0.000385"/>
</kw>
<kw name="Should Match Regexp" owner="BuiltIn">
<arg>${json_data['results'][0]['email']}</arg>
<arg>^[a-zA-Z0-9._%+-]+@[a-zA-Z0-9.-]+\.[a-zA-Z]{2,}$</arg>
<doc>Fails if ``string`` does not match ``pattern`` as a regular expression.</doc>
<status status="PASS" start="2024-03-22T17:11:51.301222" elapsed="0.000504"/>
</kw>
<kw name="Should Match Regexp" owner="BuiltIn">
<arg>${json_data['results'][0]['dob']['date']}</arg>
<arg>\\d{4}-\\d{2}-\\d{2}T\\d{2}:\\d{2}:\\d{2}\\.\\d{3}Z</arg>
<doc>Fails if ``string`` does not match ``pattern`` as a regular expression.</doc>
<status status="PASS" start="2024-03-22T17:11:51.301924" elapsed="0.000500"/>
</kw>
<kw name="Should Match Regexp" owner="BuiltIn">
<arg>${json_data['results'][0]['registered']['date']}</arg>
<arg>\\d{4}-\\d{2}-\\d{2}T\\d{2}:\\d{2}:\\d{2}\\.\\d{3}Z</arg>
<doc>Fails if ``string`` does not match ``pattern`` as a regular expression.</doc>
<status status="PASS" start="2024-03-22T17:11:51.302629" elapsed="0.000367"/>
</kw>
<kw name="Should Match Regexp" owner="BuiltIn">
<arg>${json_data['results'][0]['picture']['large']}</arg>
<arg>^https?://.*\.(?:png|jpe?g|gif|bmp)$</arg>
<doc>Fails if ``string`` does not match ``pattern`` as a regular expression.</doc>
<status status="PASS" start="2024-03-22T17:11:51.303186" elapsed="0.000467"/>
</kw>
<kw name="Should Match Regexp" owner="BuiltIn">
<arg>${json_data['results'][0]['picture']['medium']}</arg>
<arg>^https?://.*\.(?:png|jpe?g|gif|bmp)$</arg>
<doc>Fails if ``string`` does not match ``pattern`` as a regular expression.</doc>
<status status="PASS" start="2024-03-22T17:11:51.303845" elapsed="0.000360"/>
</kw>
<kw name="Should Match Regexp" owner="BuiltIn">
<arg>${json_data['results'][0]['picture']['thumbnail']}</arg>
<arg>^https?://.*\.(?:png|jpe?g|gif|bmp)$</arg>
<doc>Fails if ``string`` does not match ``pattern`` as a regular expression.</doc>
<status status="PASS" start="2024-03-22T17:11:51.304391" elapsed="0.000344"/>
</kw>
<kw name="Log" owner="BuiltIn">
<msg time="2024-03-22T17:11:51.305239" level="INFO">{'large': 'https://randomuser.me/api/portraits/men/12.jpg', 'medium': 'https://randomuser.me/api/portraits/med/men/12.jpg', 'thumbnail': 'https://randomuser.me/api/portraits/thumb/men/12.jpg'}</msg>
<arg>${json_data['results'][0]['picture']}</arg>
<doc>Logs the given message with the given level.</doc>
<status status="PASS" start="2024-03-22T17:11:51.304916" elapsed="0.000369"/>
</kw>
<status status="PASS" start="2024-03-22T17:11:51.241654" elapsed="0.063882"/>
</kw>
<kw name="Teste de Tipos de Dados - Postcode" owner="random-user-service">
<kw name="GET On Session" owner="RequestsLibrary">
<msg time="2024-03-22T17:11:51.399923" level="INFO">GET Request : url=https://randomuser.me/api 
 path_url=/api 
 headers={'User-Agent': 'python-requests/2.31.0', 'Accept-Encoding': 'gzip, deflate', 'Accept': '*/*', 'Connection': 'keep-alive'} 
 body=None 
 </msg>
<msg time="2024-03-22T17:11:51.400010" level="INFO">GET Response : url=https://randomuser.me/api 
 status=200, reason=OK 
 headers={'Date': 'Fri, 22 Mar 2024 17:11:51 GMT', 'Content-Type': 'application/json; charset=utf-8', 'Transfer-Encoding': 'chunked', 'Connection': 'keep-alive', 'X-Powered-By': 'Express', 'Access-Control-Allow-Origin': '*', 'Cache-Control': 'no-cache', 'ETag': 'W/"48b-VVWLfEnCncFVqjXCkO7i1DrunZM"', 'Vary': 'Accept-Encoding', 'Content-Encoding': 'gzip', 'CF-Cache-Status': 'DYNAMIC', 'Report-To': '{"endpoints":[{"url":"https:\\/\\/a.nel.cloudflare.com\\/report\\/v4?s=0PB6wKM0vAiOtyuS7QyyEn%2FByc%2FfClhJhrX0yuLimV1HzYN7y%2BH1ASFbmAMRHKJO3I%2Fxwek%2FpxSdDjlvi7QRQH%2Bwcn%2B60P2Q1CdnVaqIetA%2BHTFxR14MHcjXUsKqnItS"}],"group":"cf-nel","max_age":604800}', 'NEL': '{"success_fraction":0,"report_to":"cf-nel","max_age":604800}', 'Server': 'cloudflare', 'CF-RAY': '8687cda1af6ae15f-ORD', 'alt-svc': 'h3=":443"; ma=86400'} 
 body={"results":[{"gender":"male","name":{"title":"Mr","first":"Piotr","last":"Rolland"},"location":{"street":{"number":8349,"name":"Grenseveien"},"city":"Torsken","state":"Troms - Romsa","country":"Norway","postcode":"7320","coordinates":{"latitude":"42.9914","longitude":"-71.4034"},"timezone":{"offset":"0:00","description":"Western Europe Time, London, Lisbon, Casablanca"}},"email":"piotr.rolland@example.com","login":{"uuid":"ca7d4ddb-727b-4805-a092-1c005e583ded","username":"organiccat196","password":"8989","salt":"CiBRGcvA","md5":"bc74aefde610b88c2f953b6f6063b9f7","sha1":"faa50fd94df0223d80ed9da04cbdb92cc4f36381","sha256":"e745e075cda2ad3e144792cb471e6c97d9fbc33e82b2a2ed5ae463ee6bc41522"},"dob":{"date":"1987-05-24T22:53:38.351Z","age":36},"registered":{"date":"2003-06-12T09:14:55.839Z","age":20},"phone":"58352888","cell":"42162385","id":{"name":"FN","value":"24058717718"},"picture":{"large":"https://randomuser.me/api/portraits/men/1.jpg","medium":"https://randomuser.me/api/portraits/med/men/1.jpg","thumbnail":"https://randomuser.me/api/portraits/thumb/men/1.jpg"},"nat":"NO"}],"info":{"seed":"a71cba0d1c5f245d","results":1,"page":1,"version":"1.4"}} 
 </msg>
<msg time="2024-03-22T17:11:51.400105" level="INFO">/opt/hostedtoolcache/Python/3.12.2/x64/lib/python3.12/site-packages/urllib3/connectionpool.py:1103: InsecureRequestWarning: Unverified HTTPS request is being made to host 'randomuser.me'. Adding certificate verification is strongly advised. See: https://urllib3.readthedocs.io/en/latest/advanced-usage.html#tls-warnings
  warnings.warn(</msg>
<msg time="2024-03-22T17:11:51.400250" level="INFO">${response} = &lt;Response [200]&gt;</msg>
<var>${response}</var>
<arg>consultarAPI</arg>
<arg>/api</arg>
<doc>Sends a GET request on a previously created HTTP Session.</doc>
<status status="PASS" start="2024-03-22T17:11:51.306083" elapsed="0.094223"/>
</kw>
<kw name="Set Variable" owner="BuiltIn">
<msg time="2024-03-22T17:11:51.401172" level="INFO">${json_data} = {'results': [{'gender': 'male', 'name': {'title': 'Mr', 'first': 'Piotr', 'last': 'Rolland'}, 'location': {'street': {'number': 8349, 'name': 'Grenseveien'}, 'city': 'Torsken', 'state': 'Troms - Romsa...</msg>
<var>${json_data}</var>
<arg>${response.json()}</arg>
<doc>Returns the given values which can then be assigned to a variables.</doc>
<status status="PASS" start="2024-03-22T17:11:51.400735" elapsed="0.000466"/>
</kw>
<kw name="Log" owner="BuiltIn">
<msg time="2024-03-22T17:11:51.401664" level="INFO">{'results': [{'gender': 'male', 'name': {'title': 'Mr', 'first': 'Piotr', 'last': 'Rolland'}, 'location': {'street': {'number': 8349, 'name': 'Grenseveien'}, 'city': 'Torsken', 'state': 'Troms - Romsa', 'country': 'Norway', 'postcode': '7320', 'coordinates': {'latitude': '42.9914', 'longitude': '-71.4034'}, 'timezone': {'offset': '0:00', 'description': 'Western Europe Time, London, Lisbon, Casablanca'}}, 'email': 'piotr.rolland@example.com', 'login': {'uuid': 'ca7d4ddb-727b-4805-a092-1c005e583ded', 'username': 'organiccat196', 'password': '8989', 'salt': 'CiBRGcvA', 'md5': 'bc74aefde610b88c2f953b6f6063b9f7', 'sha1': 'faa50fd94df0223d80ed9da04cbdb92cc4f36381', 'sha256': 'e745e075cda2ad3e144792cb471e6c97d9fbc33e82b2a2ed5ae463ee6bc41522'}, 'dob': {'date': '1987-05-24T22:53:38.351Z', 'age': 36}, 'registered': {'date': '2003-06-12T09:14:55.839Z', 'age': 20}, 'phone': '58352888', 'cell': '42162385', 'id': {'name': 'FN', 'value': '24058717718'}, 'picture': {'large': 'https://randomuser.me/api/portraits/men/1.jpg', 'medium': 'https://randomuser.me/api/portraits/med/men/1.jpg', 'thumbnail': 'https://randomuser.me/api/portraits/thumb/men/1.jpg'}, 'nat': 'NO'}], 'info': {'seed': 'a71cba0d1c5f245d', 'results': 1, 'page': 1, 'version': '1.4'}}</msg>
<arg>${json_data}</arg>
<doc>Logs the given message with the given level.</doc>
<status status="PASS" start="2024-03-22T17:11:51.401510" elapsed="0.000233"/>
</kw>
<kw name="Should Be Equal As Numbers" owner="BuiltIn">
<arg>${json_data['results'][0]['location']['postcode']}</arg>
<arg>${json_data['results'][0]['location']['postcode']}</arg>
<doc>Fails if objects are unequal after converting them to real numbers.</doc>
<status status="PASS" start="2024-03-22T17:11:51.402050" elapsed="0.000680"/>
</kw>
<kw name="Log" owner="BuiltIn">
<msg time="2024-03-22T17:11:51.403270" level="INFO">7320</msg>
<arg>${json_data['results'][0]['location']['postcode']}</arg>
<doc>Logs the given message with the given level.</doc>
<status status="PASS" start="2024-03-22T17:11:51.402929" elapsed="0.000382"/>
</kw>
<status status="PASS" start="2024-03-22T17:11:51.305746" elapsed="0.097818"/>
</kw>
<doc>Testa se os tipos de dados na resposta da API estão corretos.</doc>
<tag>testeTiposDados</tag>
<status status="PASS" start="2024-03-22T17:11:51.241204" elapsed="0.162523"/>
</test>
<test id="s1-s1-t5" name="Validar conteudo" line="35">
<kw name="Teste de Tipos de Conteudo" owner="random-user-service">
<kw name="GET On Session" owner="RequestsLibrary">
<msg time="2024-03-22T17:11:51.498987" level="INFO">GET Request : url=https://randomuser.me/api 
 path_url=/api 
 headers={'User-Agent': 'python-requests/2.31.0', 'Accept-Encoding': 'gzip, deflate', 'Accept': '*/*', 'Connection': 'keep-alive'} 
 body=None 
 </msg>
<msg time="2024-03-22T17:11:51.499071" level="INFO">GET Response : url=https://randomuser.me/api 
 status=200, reason=OK 
 headers={'Date': 'Fri, 22 Mar 2024 17:11:51 GMT', 'Content-Type': 'application/json; charset=utf-8', 'Transfer-Encoding': 'chunked', 'Connection': 'keep-alive', 'X-Powered-By': 'Express', 'Access-Control-Allow-Origin': '*', 'Cache-Control': 'no-cache', 'ETag': 'W/"488-4vQDr/Nv0KOoOH0oI/va37AoYX4"', 'Vary': 'Accept-Encoding', 'Content-Encoding': 'gzip', 'CF-Cache-Status': 'DYNAMIC', 'Report-To': '{"endpoints":[{"url":"https:\\/\\/a.nel.cloudflare.com\\/report\\/v4?s=Vpm9%2BwhZjRNW4YZR5KWTP8WHthv%2F0gT5n7eW9bHZUKd64kdiVZv2YyHmUyAM48jjPvgVx7OiwolME7ney1HDSnGGu5l9JcOVkV9VGsFxhsraCP0lf0WqvZct5XtMQZt5"}],"group":"cf-nel","max_age":604800}', 'NEL': '{"success_fraction":0,"report_to":"cf-nel","max_age":604800}', 'Server': 'cloudflare', 'CF-RAY': '8687cda248cae15f-ORD', 'alt-svc': 'h3=":443"; ma=86400'} 
 body={"results":[{"gender":"male","name":{"title":"Mr","first":"Hélio","last":"Aragão"},"location":{"street":{"number":7809,"name":"Rua Quatro"},"city":"Imperatriz","state":"Pernambuco","country":"Brazil","postcode":28883,"coordinates":{"latitude":"-73.3580","longitude":"-177.9142"},"timezone":{"offset":"-1:00","description":"Azores, Cape Verde Islands"}},"email":"helio.aragao@example.com","login":{"uuid":"706c8693-6cfb-4647-9e3b-f0a048bee464","username":"brownpanda967","password":"tacoma","salt":"yV0QztBg","md5":"889faf4a1bdc708898b9629a95073df1","sha1":"8ecb8c2f0b4f517faf3be6db0869aed8506ae3cd","sha256":"adbdd03a9701b2b4a2e69d2b4b48a32a8476688871f8a11afcf20c041bfd1d9f"},"dob":{"date":"1946-02-18T00:12:26.522Z","age":78},"registered":{"date":"2015-08-16T00:01:24.530Z","age":8},"phone":"(25) 7892-3277","cell":"(49) 8357-2741","id":{"name":"CPF","value":"931.160.274-16"},"picture":{"large":"https://randomuser.me/api/portraits/men/4.jpg","medium":"https://randomuser.me/api/portraits/med/men/4.jpg","thumbnail":"https://randomuser.me/api/portraits/thumb/men/4.jpg"},"nat":"BR"}],"info":{"seed":"1ec3fa2118a76c9f","results":1,"page":1,"version":"1.4"}} 
 </msg>
<msg time="2024-03-22T17:11:51.499144" level="INFO">/opt/hostedtoolcache/Python/3.12.2/x64/lib/python3.12/site-packages/urllib3/connectionpool.py:1103: InsecureRequestWarning: Unverified HTTPS request is being made to host 'randomuser.me'. Adding certificate verification is strongly advised. See: https://urllib3.readthedocs.io/en/latest/advanced-usage.html#tls-warnings
  warnings.warn(</msg>
<msg time="2024-03-22T17:11:51.499254" level="INFO">${response} = &lt;Response [200]&gt;</msg>
<var>${response}</var>
<arg>consultarAPI</arg>
<arg>/api</arg>
<doc>Sends a GET request on a previously created HTTP Session.</doc>
<status status="PASS" start="2024-03-22T17:11:51.406147" elapsed="0.093150"/>
</kw>
<kw name="Set Variable" owner="BuiltIn">
<msg time="2024-03-22T17:11:51.500220" level="INFO">${json_data} = {'results': [{'gender': 'male', 'name': {'title': 'Mr', 'first': 'Hélio', 'last': 'Aragão'}, 'location': {'street': {'number': 7809, 'name': 'Rua Quatro'}, 'city': 'Imperatriz', 'state': 'Pernambuco',...</msg>
<var>${json_data}</var>
<arg>${response.json()}</arg>
<doc>Returns the given values which can then be assigned to a variables.</doc>
<status status="PASS" start="2024-03-22T17:11:51.499780" elapsed="0.000468"/>
</kw>
<kw name="Set Variable" owner="BuiltIn">
<msg time="2024-03-22T17:11:51.500938" level="INFO">${name_title} = Mr</msg>
<var>${name_title}</var>
<arg>${json_data["results"][0]["name"]["title"]}</arg>
<doc>Returns the given values which can then be assigned to a variables.</doc>
<status status="PASS" start="2024-03-22T17:11:51.500552" elapsed="0.000411"/>
</kw>
<kw name="Create List" owner="BuiltIn">
<msg time="2024-03-22T17:11:51.501424" level="INFO">${allowed_titles} = ['Mr', 'Ms', 'Miss', 'Mrs', 'Madame', 'Monsieur']</msg>
<var>${allowed_titles}</var>
<arg>Mr</arg>
<arg>Ms</arg>
<arg>Miss</arg>
<arg>Mrs</arg>
<arg>Madame</arg>
<arg>Monsieur</arg>
<doc>Returns a list containing given items.</doc>
<status status="PASS" start="2024-03-22T17:11:51.501268" elapsed="0.000181"/>
</kw>
<kw name="List Should Contain Value" owner="Collections">
<msg time="2024-03-22T17:11:51.501925" level="INFO">False</msg>
<arg>${allowed_titles}</arg>
<arg>${name_title}</arg>
<doc>Fails if the ``value`` is not found from ``list``.</doc>
<status status="PASS" start="2024-03-22T17:11:51.501754" elapsed="0.000209"/>
</kw>
<kw name="Set Variable" owner="BuiltIn">
<msg time="2024-03-22T17:11:51.502665" level="INFO">${name_country} = BR</msg>
<var>${name_country}</var>
<arg>${json_data["results"][0]["nat"]}</arg>
<doc>Returns the given values which can then be assigned to a variables.</doc>
<status status="PASS" start="2024-03-22T17:11:51.502253" elapsed="0.000438"/>
</kw>
<kw name="Create List" owner="BuiltIn">
<msg time="2024-03-22T17:11:51.503605" level="INFO">${list_country} = ['AD', 'AE', 'AF', 'AG', 'AI', 'AL', 'AM', 'AO', 'AQ', 'AR', 'AS', 'AT', 'AU', 'AW', 'AX', 'AZ', 'BA', 'BB', 'BD', 'BE', 'BF', 'BG', 'BH', 'BI', 'BJ', 'BL', 'BM', 'BN', 'BO', 'BQ', 'BR', 'BS', 'BT', '...</msg>
<var>${list_country}</var>
<arg>AD</arg>
<arg>AE</arg>
<arg>AF</arg>
<arg>AG</arg>
<arg>AI</arg>
<arg>AL</arg>
<arg>AM</arg>
<arg>AO</arg>
<arg>AQ</arg>
<arg>AR</arg>
<arg>AS</arg>
<arg>AT</arg>
<arg>AU</arg>
<arg>AW</arg>
<arg>AX</arg>
<arg>AZ</arg>
<arg>BA</arg>
<arg>BB</arg>
<arg>BD</arg>
<arg>BE</arg>
<arg>BF</arg>
<arg>BG</arg>
<arg>BH</arg>
<arg>BI</arg>
<arg>BJ</arg>
<arg>BL</arg>
<arg>BM</arg>
<arg>BN</arg>
<arg>BO</arg>
<arg>BQ</arg>
<arg>BR</arg>
<arg>BS</arg>
<arg>BT</arg>
<arg>BV</arg>
<arg>BW</arg>
<arg>BY</arg>
<arg>BZ</arg>
<arg>CA</arg>
<arg>CC</arg>
<arg>CD</arg>
<arg>CF</arg>
<arg>CG</arg>
<arg>CH</arg>
<arg>CI</arg>
<arg>CK</arg>
<arg>CL</arg>
<arg>CM</arg>
<arg>CN</arg>
<arg>CO</arg>
<arg>CR</arg>
<arg>CU</arg>
<arg>CV</arg>
<arg>CW</arg>
<arg>CX</arg>
<arg>CY</arg>
<arg>CZ</arg>
<arg>DE</arg>
<arg>DJ</arg>
<arg>DK</arg>
<arg>DM</arg>
<arg>DO</arg>
<arg>DZ</arg>
<arg>EC</arg>
<arg>EE</arg>
<arg>EG</arg>
<arg>EH</arg>
<arg>ER</arg>
<arg>ES</arg>
<arg>ET</arg>
<arg>FI</arg>
<arg>FJ</arg>
<arg>FK</arg>
<arg>FM</arg>
<arg>FO</arg>
<arg>FR</arg>
<arg>GA</arg>
<arg>GB</arg>
<arg>GD</arg>
<arg>GE</arg>
<arg>GF</arg>
<arg>GG</arg>
<arg>GH</arg>
<arg>GI</arg>
<arg>GL</arg>
<arg>GM</arg>
<arg>GN</arg>
<arg>GP</arg>
<arg>GQ</arg>
<arg>GR</arg>
<arg>GS</arg>
<arg>GT</arg>
<arg>GU</arg>
<arg>GW</arg>
<arg>GY</arg>
<arg>HK</arg>
<arg>HM</arg>
<arg>HN</arg>
<arg>HR</arg>
<arg>HT</arg>
<arg>HU</arg>
<arg>ID</arg>
<arg>IE</arg>
<arg>IL</arg>
<arg>IM</arg>
<arg>IN</arg>
<arg>IO</arg>
<arg>IQ</arg>
<arg>IR</arg>
<arg>IS</arg>
<arg>IT</arg>
<arg>JE</arg>
<arg>JM</arg>
<arg>JO</arg>
<arg>JP</arg>
<arg>KE</arg>
<arg>KG</arg>
<arg>KH</arg>
<arg>KI</arg>
<arg>KM</arg>
<arg>KN</arg>
<arg>KP</arg>
<arg>KR</arg>
<arg>KW</arg>
<arg>KY</arg>
<arg>KZ</arg>
<arg>LA</arg>
<arg>LB</arg>
<arg>LC</arg>
<arg>LI</arg>
<arg>LK</arg>
<arg>LR</arg>
<arg>LS</arg>
<arg>LT</arg>
<arg>LU</arg>
<arg>LV</arg>
<arg>LY</arg>
<arg>MA</arg>
<arg>MC</arg>
<arg>MD</arg>
<arg>ME</arg>
<arg>MF</arg>
<arg>MG</arg>
<arg>MH</arg>
<arg>MK</arg>
<arg>ML</arg>
<arg>MM</arg>
<arg>MN</arg>
<arg>MO</arg>
<arg>MP</arg>
<arg>MQ</arg>
<arg>MR</arg>
<arg>MS</arg>
<arg>MT</arg>
<arg>MU</arg>
<arg>MV</arg>
<arg>MW</arg>
<arg>MX</arg>
<arg>MY</arg>
<arg>MZ</arg>
<arg>NA</arg>
<arg>NC</arg>
<arg>NE</arg>
<arg>NF</arg>
<arg>NG</arg>
<arg>NI</arg>
<arg>NL</arg>
<arg>NO</arg>
<arg>NP</arg>
<arg>NR</arg>
<arg>NU</arg>
<arg>NZ</arg>
<arg>OM</arg>
<arg>PA</arg>
<arg>PE</arg>
<arg>PF</arg>
<arg>PG</arg>
<arg>PH</arg>
<arg>PK</arg>
<arg>PL</arg>
<arg>PM</arg>
<arg>PN</arg>
<arg>PR</arg>
<arg>PS</arg>
<arg>PT</arg>
<arg>PW</arg>
<arg>PY</arg>
<arg>QA</arg>
<arg>RE</arg>
<arg>RO</arg>
<arg>RS</arg>
<arg>RU</arg>
<arg>RW</arg>
<arg>SA</arg>
<arg>SB</arg>
<arg>SC</arg>
<arg>SD</arg>
<arg>SE</arg>
<arg>SG</arg>
<arg>SH</arg>
<arg>SI</arg>
<arg>SJ</arg>
<arg>SK</arg>
<arg>SL</arg>
<arg>SM</arg>
<arg>SN</arg>
<arg>SO</arg>
<arg>SR</arg>
<arg>SS</arg>
<arg>ST</arg>
<arg>SV</arg>
<arg>SX</arg>
<arg>SY</arg>
<arg>SZ</arg>
<arg>TC</arg>
<arg>TD</arg>
<arg>TF</arg>
<arg>TG</arg>
<arg>TH</arg>
<arg>TJ</arg>
<arg>TK</arg>
<arg>TL</arg>
<arg>TM</arg>
<arg>TN</arg>
<arg>TO</arg>
<arg>TR</arg>
<arg>TT</arg>
<arg>TV</arg>
<arg>TW</arg>
<arg>TZ</arg>
<arg>UA</arg>
<arg>UG</arg>
<arg>UM</arg>
<arg>US</arg>
<arg>UY</arg>
<arg>UZ</arg>
<arg>VA</arg>
<arg>VC</arg>
<arg>VE</arg>
<arg>VG</arg>
<arg>VI</arg>
<arg>VN</arg>
<arg>VU</arg>
<arg>WF</arg>
<arg>WS</arg>
<arg>XK</arg>
<arg>YE</arg>
<arg>YT</arg>
<arg>ZA</arg>
<arg>ZM</arg>
<arg>ZW</arg>
<doc>Returns a list containing given items.</doc>
<status status="PASS" start="2024-03-22T17:11:51.503004" elapsed="0.000627"/>
</kw>
<kw name="List Should Contain Value" owner="Collections">
<msg time="2024-03-22T17:11:51.504725" level="INFO">False</msg>
<arg>${list_country}</arg>
<arg>${name_country}</arg>
<doc>Fails if the ``value`` is not found from ``list``.</doc>
<status status="PASS" start="2024-03-22T17:11:51.504521" elapsed="0.000242"/>
</kw>
<kw name="Run Keyword If" owner="BuiltIn">
<kw name="Should Be True" owner="BuiltIn">
<arg>${True}</arg>
<doc>Fails if the given condition is not true.</doc>
<status status="PASS" start="2024-03-22T17:11:51.505831" elapsed="0.000144"/>
</kw>
<arg>${json_data["results"][0]["location"]["coordinates"]["latitude"]} &gt;= -90 and ${json_data["results"][0]["location"]["coordinates"]["latitude"]} &lt;= 90</arg>
<arg>Should Be True</arg>
<arg>${True}</arg>
<doc>Runs the given keyword with the given arguments, if ``condition`` is true.</doc>
<status status="PASS" start="2024-03-22T17:11:51.505076" elapsed="0.001028"/>
</kw>
<kw name="Run Keyword If" owner="BuiltIn">
<kw name="Should Be True" owner="BuiltIn">
<arg>${True}</arg>
<doc>Fails if the given condition is not true.</doc>
<status status="PASS" start="2024-03-22T17:11:51.507026" elapsed="0.000141"/>
</kw>
<arg>${json_data["results"][0]["location"]["coordinates"]["longitude"]} &gt;= -180 and ${json_data["results"][0]["location"]["coordinates"]["longitude"]} &lt;= 180</arg>
<arg>Should Be True</arg>
<arg>${True}</arg>
<doc>Runs the given keyword with the given arguments, if ``condition`` is true.</doc>
<status status="PASS" start="2024-03-22T17:11:51.506292" elapsed="0.001002"/>
</kw>
<status status="PASS" start="2024-03-22T17:11:51.405896" elapsed="0.101529"/>
</kw>
<doc>Testa o conteúdo específico dos campos retornados pela API.</doc>
<tag>testeConteudo</tag>
<status status="PASS" start="2024-03-22T17:11:51.405465" elapsed="0.102106"/>
</test>
<status status="PASS" start="2024-03-22T17:11:50.458891" elapsed="1.050560"/>
</suite>
<status status="PASS" start="2024-03-22T17:11:50.445504" elapsed="1.069339"/>
</suite>
<statistics>
<total>
<stat pass="5" fail="0" skip="0">All Tests</stat>
</total>
<tag>
<stat pass="1" fail="0" skip="0">testeConteudo</stat>
<stat pass="1" fail="0" skip="0">testeEstruturaResposta</stat>
<stat pass="1" fail="0" skip="0">testeRequisicaoBasica</stat>
<stat pass="1" fail="0" skip="0">testeTiposDados</stat>
</tag>
<suite>
<stat pass="5" fail="0" skip="0" id="s1" name="Tests">Tests</stat>
<stat pass="5" fail="0" skip="0" id="s1-s1" name="Random-User-Test">Tests.Random-User-Test</stat>
</suite>
</statistics>
<errors>
</errors>
</robot>
