<?xml version="1.0" encoding="UTF-8"?>
<robot generator="Robot 7.0.1 (Python 3.12.4 on linux)" generated="2024-08-06T01:08:40.720932" rpa="false" schemaversion="5">
<suite id="s1" name="Tests" source="/home/runner/work/ApiRandomUser/ApiRandomUser/RamdonUser/tests">
<suite id="s1-s1" name="Random-User-Test" source="/home/runner/work/ApiRandomUser/ApiRandomUser/RamdonUser/tests/random-user-test.robot">
<test id="s1-s1-t1" name="Conectar" line="13">
<kw name="Conectar API" owner="random-user-service">
<kw name="Create Session" owner="RequestsLibrary">
<msg time="2024-08-06T01:08:41.205501" level="INFO">Creating Session using : alias=consultarAPI, url=https://randomuser.me/, headers={},                     cookies={}, auth=None, timeout=None, proxies=None, verify=False,                     debug=0 </msg>
<arg>consultarAPI</arg>
<arg>${URL}</arg>
<doc>Create Session: create a HTTP session to a server</doc>
<status status="PASS" start="2024-08-06T01:08:41.205298" elapsed="0.000380"/>
</kw>
<status status="PASS" start="2024-08-06T01:08:41.204240" elapsed="0.001798"/>
</kw>
<status status="PASS" start="2024-08-06T01:08:41.203678" elapsed="0.002555"/>
</test>
<test id="s1-s1-t2" name="Validar retorno 200 e JSON Válido" line="16">
<kw name="Teste de Requisicao Basica" owner="random-user-service">
<kw name="GET On Session" owner="RequestsLibrary">
<msg time="2024-08-06T01:08:41.325218" level="INFO">GET Request : url=https://randomuser.me/api 
 path_url=/api 
 headers={'User-Agent': 'python-requests/2.32.3', 'Accept-Encoding': 'gzip, deflate', 'Accept': '*/*', 'Connection': 'keep-alive'} 
 body=None 
 </msg>
<msg time="2024-08-06T01:08:41.325361" level="INFO">GET Response : url=https://randomuser.me/api 
 status=200, reason=OK 
 headers={'Date': 'Tue, 06 Aug 2024 01:08:41 GMT', 'Content-Type': 'application/json; charset=utf-8', 'Transfer-Encoding': 'chunked', 'Connection': 'keep-alive', 'X-Powered-By': 'Express', 'Access-Control-Allow-Origin': '*', 'Cache-Control': 'no-cache', 'ETag': 'W/"478-0QlYfL3mGBn1t4NfEagSbPetfXo"', 'Vary': 'Accept-Encoding', 'Content-Encoding': 'gzip', 'CF-Cache-Status': 'DYNAMIC', 'Report-To': '{"endpoints":[{"url":"https:\\/\\/a.nel.cloudflare.com\\/report\\/v4?s=yknEKhdgLKaN8QvpOZhDS2H05KwaEto6pCMaPaIlxRkiWai9wnszVkH53CRfMkSLB7nOZvpNh2Kx%2F1mDTRkJrtu%2BVeFbAwKeg773WiU40ip9HDOh463U%2BVkQMy0K4vNP"}],"group":"cf-nel","max_age":604800}', 'NEL': '{"success_fraction":0,"report_to":"cf-nel","max_age":604800}', 'Server': 'cloudflare', 'CF-RAY': '8aeb231db98ace3c-SJC', 'alt-svc': 'h3=":443"; ma=86400'} 
 body={"results":[{"gender":"male","name":{"title":"Mr","first":"Luis","last":"Cruz"},"location":{"street":{"number":6817,"name":"Calle del Barquillo"},"city":"Vitoria","state":"Asturias","country":"Spain","postcode":24800,"coordinates":{"latitude":"-32.5189","longitude":"-78.2771"},"timezone":{"offset":"-12:00","description":"Eniwetok, Kwajalein"}},"email":"luis.cruz@example.com","login":{"uuid":"b30acf12-9f35-400d-ad6c-bbab2aee15e3","username":"happyrabbit768","password":"supersta","salt":"J9ntbdZk","md5":"d7811a9c8fecaa4b4dd2427bf92168fd","sha1":"db7d43b7a56d8244dd51ea9170fa6cc3f3ccf937","sha256":"cb37b11f9aff74ff9e1f06f5c9309658283e4c6364a658b29200a3f468d99c25"},"dob":{"date":"1985-08-18T15:01:19.780Z","age":38},"registered":{"date":"2014-11-15T03:12:20.819Z","age":9},"phone":"916-880-392","cell":"625-332-134","id":{"name":"DNI","value":"77529890-F"},"picture":{"large":"https://randomuser.me/api/portraits/men/73.jpg","medium":"https://randomuser.me/api/portraits/med/men/73.jpg","thumbnail":"https://randomuser.me/api/portraits/thumb/men/73.jpg"},"nat":"ES"}],"info":{"seed":"042e66fb43df4165","results":1,"page":1,"version":"1.4"}} 
 </msg>
<msg time="2024-08-06T01:08:41.325437" level="INFO">/opt/hostedtoolcache/Python/3.12.4/x64/lib/python3.12/site-packages/urllib3/connectionpool.py:1099: InsecureRequestWarning: Unverified HTTPS request is being made to host 'randomuser.me'. Adding certificate verification is strongly advised. See: https://urllib3.readthedocs.io/en/latest/advanced-usage.html#tls-warnings
  warnings.warn(</msg>
<msg time="2024-08-06T01:08:41.325589" level="INFO">${response} = &lt;Response [200]&gt;</msg>
<var>${response}</var>
<arg>consultarAPI</arg>
<arg>/api</arg>
<doc>Sends a GET request on a previously created HTTP Session.</doc>
<status status="PASS" start="2024-08-06T01:08:41.208853" elapsed="0.116781"/>
</kw>
<kw name="Should Be Equal As Numbers" owner="BuiltIn">
<msg time="2024-08-06T01:08:41.326568" level="INFO">Argument types are:
&lt;class 'int'&gt;
&lt;class 'str'&gt;</msg>
<arg>${response.status_code}</arg>
<arg>200</arg>
<doc>Fails if objects are unequal after converting them to real numbers.</doc>
<status status="PASS" start="2024-08-06T01:08:41.326123" elapsed="0.000509"/>
</kw>
<kw name="Log" owner="BuiltIn">
<msg time="2024-08-06T01:08:41.327279" level="INFO">200</msg>
<arg>${response.status_code}</arg>
<doc>Logs the given message with the given level.</doc>
<status status="PASS" start="2024-08-06T01:08:41.326939" elapsed="0.000381"/>
</kw>
<kw name="Set Variable" owner="BuiltIn">
<msg time="2024-08-06T01:08:41.328110" level="INFO">${json_data} = {'results': [{'gender': 'male', 'name': {'title': 'Mr', 'first': 'Luis', 'last': 'Cruz'}, 'location': {'street': {'number': 6817, 'name': 'Calle del Barquillo'}, 'city': 'Vitoria', 'state': 'Asturias'...</msg>
<var>${json_data}</var>
<arg>${response.json()}</arg>
<doc>Returns the given values which can then be assigned to a variables.</doc>
<status status="PASS" start="2024-08-06T01:08:41.327678" elapsed="0.000460"/>
</kw>
<kw name="Dictionary Should Contain Key" owner="Collections">
<arg>${json_data}</arg>
<arg>results</arg>
<doc>Fails if ``key`` is not found from ``dictionary``.</doc>
<status status="PASS" start="2024-08-06T01:08:41.328430" elapsed="0.000319"/>
</kw>
<status status="PASS" start="2024-08-06T01:08:41.208602" elapsed="0.120299"/>
</kw>
<doc>Testa se a API responde corretamente e retorna um objeto JSON válido.</doc>
<tag>testeRequisicaoBasica</tag>
<status status="PASS" start="2024-08-06T01:08:41.208129" elapsed="0.120942"/>
</test>
<test id="s1-s1-t3" name="Validar estrutura de resposta" line="22">
<kw name="Teste de Estrutura de Resposta" owner="random-user-service">
<kw name="GET On Session" owner="RequestsLibrary">
<msg time="2024-08-06T01:08:41.432180" level="INFO">GET Request : url=https://randomuser.me/api 
 path_url=/api 
 headers={'User-Agent': 'python-requests/2.32.3', 'Accept-Encoding': 'gzip, deflate', 'Accept': '*/*', 'Connection': 'keep-alive'} 
 body=None 
 </msg>
<msg time="2024-08-06T01:08:41.432261" level="INFO">GET Response : url=https://randomuser.me/api 
 status=200, reason=OK 
 headers={'Date': 'Tue, 06 Aug 2024 01:08:41 GMT', 'Content-Type': 'application/json; charset=utf-8', 'Transfer-Encoding': 'chunked', 'Connection': 'keep-alive', 'X-Powered-By': 'Express', 'Access-Control-Allow-Origin': '*', 'Cache-Control': 'no-cache', 'ETag': 'W/"489-rRy6/tc1QRA0UXfE5t8EeI3ksEs"', 'Vary': 'Accept-Encoding', 'Content-Encoding': 'gzip', 'CF-Cache-Status': 'DYNAMIC', 'Report-To': '{"endpoints":[{"url":"https:\\/\\/a.nel.cloudflare.com\\/report\\/v4?s=EQrqNZtbO4g1OcoJXRvZoxplrwcc0hJhi9mx3JO6XcwicJELh3dxvrWTrC1e2DL2CYmnZ%2FLae4cmzIZElgBgVc9w%2FGAN%2BS8Y3Ie%2FyAxCXL%2B36FoXilZHGyfqTK8UdOGk"}],"group":"cf-nel","max_age":604800}', 'NEL': '{"success_fraction":0,"report_to":"cf-nel","max_age":604800}', 'Server': 'cloudflare', 'CF-RAY': '8aeb231e5a21ce3c-SJC', 'alt-svc': 'h3=":443"; ma=86400'} 
 body={"results":[{"gender":"male","name":{"title":"Mr","first":"Norival","last":"das Neves"},"location":{"street":{"number":1255,"name":"Rua Santa Catarina "},"city":"Rio Verde","state":"Acre","country":"Brazil","postcode":24171,"coordinates":{"latitude":"-78.4616","longitude":"-136.3509"},"timezone":{"offset":"-3:30","description":"Newfoundland"}},"email":"norival.dasneves@example.com","login":{"uuid":"b5529c02-939f-4a1c-ae4a-980f04ba3f65","username":"brownostrich648","password":"tomcat","salt":"KnM0OeV6","md5":"d7ea1849b5a8392f3c6c0d7ff039c40d","sha1":"e0c2f206b6251f5d97e94e05f89a20695c9edaa9","sha256":"55c3aa5b8b7c0d2d2bfb12c47a9835b7ad4868caf7a09bbf49c9bf7ffd325f02"},"dob":{"date":"1973-12-03T15:59:26.956Z","age":50},"registered":{"date":"2002-09-01T11:23:57.720Z","age":21},"phone":"(02) 7619-3384","cell":"(61) 4811-0294","id":{"name":"CPF","value":"075.715.800-68"},"picture":{"large":"https://randomuser.me/api/portraits/men/99.jpg","medium":"https://randomuser.me/api/portraits/med/men/99.jpg","thumbnail":"https://randomuser.me/api/portraits/thumb/men/99.jpg"},"nat":"BR"}],"info":{"seed":"f3597ef20afbb5c0","results":1,"page":1,"version":"1.4"}} 
 </msg>
<msg time="2024-08-06T01:08:41.432359" level="INFO">/opt/hostedtoolcache/Python/3.12.4/x64/lib/python3.12/site-packages/urllib3/connectionpool.py:1099: InsecureRequestWarning: Unverified HTTPS request is being made to host 'randomuser.me'. Adding certificate verification is strongly advised. See: https://urllib3.readthedocs.io/en/latest/advanced-usage.html#tls-warnings
  warnings.warn(</msg>
<msg time="2024-08-06T01:08:41.432477" level="INFO">${response} = &lt;Response [200]&gt;</msg>
<var>${response}</var>
<arg>consultarAPI</arg>
<arg>/api</arg>
<doc>Sends a GET request on a previously created HTTP Session.</doc>
<status status="PASS" start="2024-08-06T01:08:41.331725" elapsed="0.100795"/>
</kw>
<kw name="Set Variable" owner="BuiltIn">
<msg time="2024-08-06T01:08:41.433297" level="INFO">${json_data} = {'results': [{'gender': 'male', 'name': {'title': 'Mr', 'first': 'Norival', 'last': 'das Neves'}, 'location': {'street': {'number': 1255, 'name': 'Rua Santa Catarina '}, 'city': 'Rio Verde', 'state': ...</msg>
<var>${json_data}</var>
<arg>${response.json()}</arg>
<doc>Returns the given values which can then be assigned to a variables.</doc>
<status status="PASS" start="2024-08-06T01:08:41.432859" elapsed="0.000466"/>
</kw>
<kw name="Log" owner="BuiltIn">
<msg time="2024-08-06T01:08:41.433777" level="INFO">{'results': [{'gender': 'male', 'name': {'title': 'Mr', 'first': 'Norival', 'last': 'das Neves'}, 'location': {'street': {'number': 1255, 'name': 'Rua Santa Catarina '}, 'city': 'Rio Verde', 'state': 'Acre', 'country': 'Brazil', 'postcode': 24171, 'coordinates': {'latitude': '-78.4616', 'longitude': '-136.3509'}, 'timezone': {'offset': '-3:30', 'description': 'Newfoundland'}}, 'email': 'norival.dasneves@example.com', 'login': {'uuid': 'b5529c02-939f-4a1c-ae4a-980f04ba3f65', 'username': 'brownostrich648', 'password': 'tomcat', 'salt': 'KnM0OeV6', 'md5': 'd7ea1849b5a8392f3c6c0d7ff039c40d', 'sha1': 'e0c2f206b6251f5d97e94e05f89a20695c9edaa9', 'sha256': '55c3aa5b8b7c0d2d2bfb12c47a9835b7ad4868caf7a09bbf49c9bf7ffd325f02'}, 'dob': {'date': '1973-12-03T15:59:26.956Z', 'age': 50}, 'registered': {'date': '2002-09-01T11:23:57.720Z', 'age': 21}, 'phone': '(02) 7619-3384', 'cell': '(61) 4811-0294', 'id': {'name': 'CPF', 'value': '075.715.800-68'}, 'picture': {'large': 'https://randomuser.me/api/portraits/men/99.jpg', 'medium': 'https://randomuser.me/api/portraits/med/men/99.jpg', 'thumbnail': 'https://randomuser.me/api/portraits/thumb/men/99.jpg'}, 'nat': 'BR'}], 'info': {'seed': 'f3597ef20afbb5c0', 'results': 1, 'page': 1, 'version': '1.4'}}</msg>
<arg>${json_data}</arg>
<doc>Logs the given message with the given level.</doc>
<status status="PASS" start="2024-08-06T01:08:41.433623" elapsed="0.000201"/>
</kw>
<kw name="Dictionary Should Contain Key" owner="Collections">
<arg>${json_data}</arg>
<arg>results</arg>
<doc>Fails if ``key`` is not found from ``dictionary``.</doc>
<status status="PASS" start="2024-08-06T01:08:41.434109" elapsed="0.000164"/>
</kw>
<kw name="Should Not Be Empty" owner="BuiltIn">
<msg time="2024-08-06T01:08:41.434577" level="INFO">Length is 2.</msg>
<arg>${json_data}</arg>
<doc>Verifies that the given item is not empty.</doc>
<status status="PASS" start="2024-08-06T01:08:41.434453" elapsed="0.000160"/>
</kw>
<kw name="Create List" owner="BuiltIn">
<msg time="2024-08-06T01:08:41.435037" level="INFO">${expected_keys} = ['gender', 'name', 'location', 'email', 'login']</msg>
<var>${expected_keys}</var>
<arg>gender</arg>
<arg>name</arg>
<arg>location</arg>
<arg>email</arg>
<arg>login</arg>
<doc>Returns a list containing given items.</doc>
<status status="PASS" start="2024-08-06T01:08:41.434892" elapsed="0.000168"/>
</kw>
<for flavor="IN">
<iter>
<kw name="Dictionary Should Contain Key" owner="Collections">
<arg>${json_data['results'][0]}</arg>
<arg>${key}</arg>
<doc>Fails if ``key`` is not found from ``dictionary``.</doc>
<status status="PASS" start="2024-08-06T01:08:41.435650" elapsed="0.000402"/>
</kw>
<kw name="Log" owner="BuiltIn">
<msg time="2024-08-06T01:08:41.436591" level="INFO">{'gender': 'male', 'name': {'title': 'Mr', 'first': 'Norival', 'last': 'das Neves'}, 'location': {'street': {'number': 1255, 'name': 'Rua Santa Catarina '}, 'city': 'Rio Verde', 'state': 'Acre', 'country': 'Brazil', 'postcode': 24171, 'coordinates': {'latitude': '-78.4616', 'longitude': '-136.3509'}, 'timezone': {'offset': '-3:30', 'description': 'Newfoundland'}}, 'email': 'norival.dasneves@example.com', 'login': {'uuid': 'b5529c02-939f-4a1c-ae4a-980f04ba3f65', 'username': 'brownostrich648', 'password': 'tomcat', 'salt': 'KnM0OeV6', 'md5': 'd7ea1849b5a8392f3c6c0d7ff039c40d', 'sha1': 'e0c2f206b6251f5d97e94e05f89a20695c9edaa9', 'sha256': '55c3aa5b8b7c0d2d2bfb12c47a9835b7ad4868caf7a09bbf49c9bf7ffd325f02'}, 'dob': {'date': '1973-12-03T15:59:26.956Z', 'age': 50}, 'registered': {'date': '2002-09-01T11:23:57.720Z', 'age': 21}, 'phone': '(02) 7619-3384', 'cell': '(61) 4811-0294', 'id': {'name': 'CPF', 'value': '075.715.800-68'}, 'picture': {'large': 'https://randomuser.me/api/portraits/men/99.jpg', 'medium': 'https://randomuser.me/api/portraits/med/men/99.jpg', 'thumbnail': 'https://randomuser.me/api/portraits/thumb/men/99.jpg'}, 'nat': 'BR'}</msg>
<arg>${json_data['results'][0]}</arg>
<doc>Logs the given message with the given level.</doc>
<status status="PASS" start="2024-08-06T01:08:41.436241" elapsed="0.000398"/>
</kw>
<kw name="Log" owner="BuiltIn">
<msg time="2024-08-06T01:08:41.437067" level="INFO">gender</msg>
<arg>${key}</arg>
<doc>Logs the given message with the given level.</doc>
<status status="PASS" start="2024-08-06T01:08:41.436937" elapsed="0.000168"/>
</kw>
<var name="${key}">gender</var>
<status status="PASS" start="2024-08-06T01:08:41.435521" elapsed="0.001798"/>
</iter>
<iter>
<kw name="Dictionary Should Contain Key" owner="Collections">
<arg>${json_data['results'][0]}</arg>
<arg>${key}</arg>
<doc>Fails if ``key`` is not found from ``dictionary``.</doc>
<status status="PASS" start="2024-08-06T01:08:41.437617" elapsed="0.000388"/>
</kw>
<kw name="Log" owner="BuiltIn">
<msg time="2024-08-06T01:08:41.438539" level="INFO">{'gender': 'male', 'name': {'title': 'Mr', 'first': 'Norival', 'last': 'das Neves'}, 'location': {'street': {'number': 1255, 'name': 'Rua Santa Catarina '}, 'city': 'Rio Verde', 'state': 'Acre', 'country': 'Brazil', 'postcode': 24171, 'coordinates': {'latitude': '-78.4616', 'longitude': '-136.3509'}, 'timezone': {'offset': '-3:30', 'description': 'Newfoundland'}}, 'email': 'norival.dasneves@example.com', 'login': {'uuid': 'b5529c02-939f-4a1c-ae4a-980f04ba3f65', 'username': 'brownostrich648', 'password': 'tomcat', 'salt': 'KnM0OeV6', 'md5': 'd7ea1849b5a8392f3c6c0d7ff039c40d', 'sha1': 'e0c2f206b6251f5d97e94e05f89a20695c9edaa9', 'sha256': '55c3aa5b8b7c0d2d2bfb12c47a9835b7ad4868caf7a09bbf49c9bf7ffd325f02'}, 'dob': {'date': '1973-12-03T15:59:26.956Z', 'age': 50}, 'registered': {'date': '2002-09-01T11:23:57.720Z', 'age': 21}, 'phone': '(02) 7619-3384', 'cell': '(61) 4811-0294', 'id': {'name': 'CPF', 'value': '075.715.800-68'}, 'picture': {'large': 'https://randomuser.me/api/portraits/men/99.jpg', 'medium': 'https://randomuser.me/api/portraits/med/men/99.jpg', 'thumbnail': 'https://randomuser.me/api/portraits/thumb/men/99.jpg'}, 'nat': 'BR'}</msg>
<arg>${json_data['results'][0]}</arg>
<doc>Logs the given message with the given level.</doc>
<status status="PASS" start="2024-08-06T01:08:41.438187" elapsed="0.000439"/>
</kw>
<kw name="Log" owner="BuiltIn">
<msg time="2024-08-06T01:08:41.439050" level="INFO">name</msg>
<arg>${key}</arg>
<doc>Logs the given message with the given level.</doc>
<status status="PASS" start="2024-08-06T01:08:41.438921" elapsed="0.000166"/>
</kw>
<var name="${key}">name</var>
<status status="PASS" start="2024-08-06T01:08:41.437502" elapsed="0.001803"/>
</iter>
<iter>
<kw name="Dictionary Should Contain Key" owner="Collections">
<arg>${json_data['results'][0]}</arg>
<arg>${key}</arg>
<doc>Fails if ``key`` is not found from ``dictionary``.</doc>
<status status="PASS" start="2024-08-06T01:08:41.439619" elapsed="0.000377"/>
</kw>
<kw name="Log" owner="BuiltIn">
<msg time="2024-08-06T01:08:41.440524" level="INFO">{'gender': 'male', 'name': {'title': 'Mr', 'first': 'Norival', 'last': 'das Neves'}, 'location': {'street': {'number': 1255, 'name': 'Rua Santa Catarina '}, 'city': 'Rio Verde', 'state': 'Acre', 'country': 'Brazil', 'postcode': 24171, 'coordinates': {'latitude': '-78.4616', 'longitude': '-136.3509'}, 'timezone': {'offset': '-3:30', 'description': 'Newfoundland'}}, 'email': 'norival.dasneves@example.com', 'login': {'uuid': 'b5529c02-939f-4a1c-ae4a-980f04ba3f65', 'username': 'brownostrich648', 'password': 'tomcat', 'salt': 'KnM0OeV6', 'md5': 'd7ea1849b5a8392f3c6c0d7ff039c40d', 'sha1': 'e0c2f206b6251f5d97e94e05f89a20695c9edaa9', 'sha256': '55c3aa5b8b7c0d2d2bfb12c47a9835b7ad4868caf7a09bbf49c9bf7ffd325f02'}, 'dob': {'date': '1973-12-03T15:59:26.956Z', 'age': 50}, 'registered': {'date': '2002-09-01T11:23:57.720Z', 'age': 21}, 'phone': '(02) 7619-3384', 'cell': '(61) 4811-0294', 'id': {'name': 'CPF', 'value': '075.715.800-68'}, 'picture': {'large': 'https://randomuser.me/api/portraits/men/99.jpg', 'medium': 'https://randomuser.me/api/portraits/med/men/99.jpg', 'thumbnail': 'https://randomuser.me/api/portraits/thumb/men/99.jpg'}, 'nat': 'BR'}</msg>
<arg>${json_data['results'][0]}</arg>
<doc>Logs the given message with the given level.</doc>
<status status="PASS" start="2024-08-06T01:08:41.440176" elapsed="0.000396"/>
</kw>
<kw name="Log" owner="BuiltIn">
<msg time="2024-08-06T01:08:41.440996" level="INFO">location</msg>
<arg>${key}</arg>
<doc>Logs the given message with the given level.</doc>
<status status="PASS" start="2024-08-06T01:08:41.440868" elapsed="0.000165"/>
</kw>
<var name="${key}">location</var>
<status status="PASS" start="2024-08-06T01:08:41.439509" elapsed="0.001746"/>
</iter>
<iter>
<kw name="Dictionary Should Contain Key" owner="Collections">
<arg>${json_data['results'][0]}</arg>
<arg>${key}</arg>
<doc>Fails if ``key`` is not found from ``dictionary``.</doc>
<status status="PASS" start="2024-08-06T01:08:41.441534" elapsed="0.000374"/>
</kw>
<kw name="Log" owner="BuiltIn">
<msg time="2024-08-06T01:08:41.442557" level="INFO">{'gender': 'male', 'name': {'title': 'Mr', 'first': 'Norival', 'last': 'das Neves'}, 'location': {'street': {'number': 1255, 'name': 'Rua Santa Catarina '}, 'city': 'Rio Verde', 'state': 'Acre', 'country': 'Brazil', 'postcode': 24171, 'coordinates': {'latitude': '-78.4616', 'longitude': '-136.3509'}, 'timezone': {'offset': '-3:30', 'description': 'Newfoundland'}}, 'email': 'norival.dasneves@example.com', 'login': {'uuid': 'b5529c02-939f-4a1c-ae4a-980f04ba3f65', 'username': 'brownostrich648', 'password': 'tomcat', 'salt': 'KnM0OeV6', 'md5': 'd7ea1849b5a8392f3c6c0d7ff039c40d', 'sha1': 'e0c2f206b6251f5d97e94e05f89a20695c9edaa9', 'sha256': '55c3aa5b8b7c0d2d2bfb12c47a9835b7ad4868caf7a09bbf49c9bf7ffd325f02'}, 'dob': {'date': '1973-12-03T15:59:26.956Z', 'age': 50}, 'registered': {'date': '2002-09-01T11:23:57.720Z', 'age': 21}, 'phone': '(02) 7619-3384', 'cell': '(61) 4811-0294', 'id': {'name': 'CPF', 'value': '075.715.800-68'}, 'picture': {'large': 'https://randomuser.me/api/portraits/men/99.jpg', 'medium': 'https://randomuser.me/api/portraits/med/men/99.jpg', 'thumbnail': 'https://randomuser.me/api/portraits/thumb/men/99.jpg'}, 'nat': 'BR'}</msg>
<arg>${json_data['results'][0]}</arg>
<doc>Logs the given message with the given level.</doc>
<status status="PASS" start="2024-08-06T01:08:41.442196" elapsed="0.000408"/>
</kw>
<kw name="Log" owner="BuiltIn">
<msg time="2024-08-06T01:08:41.443030" level="INFO">email</msg>
<arg>${key}</arg>
<doc>Logs the given message with the given level.</doc>
<status status="PASS" start="2024-08-06T01:08:41.442900" elapsed="0.000168"/>
</kw>
<var name="${key}">email</var>
<status status="PASS" start="2024-08-06T01:08:41.441425" elapsed="0.001856"/>
</iter>
<iter>
<kw name="Dictionary Should Contain Key" owner="Collections">
<arg>${json_data['results'][0]}</arg>
<arg>${key}</arg>
<doc>Fails if ``key`` is not found from ``dictionary``.</doc>
<status status="PASS" start="2024-08-06T01:08:41.443584" elapsed="0.000376"/>
</kw>
<kw name="Log" owner="BuiltIn">
<msg time="2024-08-06T01:08:41.444492" level="INFO">{'gender': 'male', 'name': {'title': 'Mr', 'first': 'Norival', 'last': 'das Neves'}, 'location': {'street': {'number': 1255, 'name': 'Rua Santa Catarina '}, 'city': 'Rio Verde', 'state': 'Acre', 'country': 'Brazil', 'postcode': 24171, 'coordinates': {'latitude': '-78.4616', 'longitude': '-136.3509'}, 'timezone': {'offset': '-3:30', 'description': 'Newfoundland'}}, 'email': 'norival.dasneves@example.com', 'login': {'uuid': 'b5529c02-939f-4a1c-ae4a-980f04ba3f65', 'username': 'brownostrich648', 'password': 'tomcat', 'salt': 'KnM0OeV6', 'md5': 'd7ea1849b5a8392f3c6c0d7ff039c40d', 'sha1': 'e0c2f206b6251f5d97e94e05f89a20695c9edaa9', 'sha256': '55c3aa5b8b7c0d2d2bfb12c47a9835b7ad4868caf7a09bbf49c9bf7ffd325f02'}, 'dob': {'date': '1973-12-03T15:59:26.956Z', 'age': 50}, 'registered': {'date': '2002-09-01T11:23:57.720Z', 'age': 21}, 'phone': '(02) 7619-3384', 'cell': '(61) 4811-0294', 'id': {'name': 'CPF', 'value': '075.715.800-68'}, 'picture': {'large': 'https://randomuser.me/api/portraits/men/99.jpg', 'medium': 'https://randomuser.me/api/portraits/med/men/99.jpg', 'thumbnail': 'https://randomuser.me/api/portraits/thumb/men/99.jpg'}, 'nat': 'BR'}</msg>
<arg>${json_data['results'][0]}</arg>
<doc>Logs the given message with the given level.</doc>
<status status="PASS" start="2024-08-06T01:08:41.444139" elapsed="0.000399"/>
</kw>
<kw name="Log" owner="BuiltIn">
<msg time="2024-08-06T01:08:41.444954" level="INFO">login</msg>
<arg>${key}</arg>
<doc>Logs the given message with the given level.</doc>
<status status="PASS" start="2024-08-06T01:08:41.444826" elapsed="0.000165"/>
</kw>
<var name="${key}">login</var>
<status status="PASS" start="2024-08-06T01:08:41.443475" elapsed="0.001729"/>
</iter>
<var>${key}</var>
<value>@{expected_keys}</value>
<status status="PASS" start="2024-08-06T01:08:41.435311" elapsed="0.010010"/>
</for>
<kw name="Create List" owner="BuiltIn">
<msg time="2024-08-06T01:08:41.445640" level="INFO">${expected_keysTwo} = ['username', 'password']</msg>
<var>${expected_keysTwo}</var>
<arg>username</arg>
<arg>password</arg>
<doc>Returns a list containing given items.</doc>
<status status="PASS" start="2024-08-06T01:08:41.445507" elapsed="0.000157"/>
</kw>
<for flavor="IN">
<iter>
<kw name="Dictionary Should Contain Key" owner="Collections">
<arg>${json_data['results'][0]['login']}</arg>
<arg>${keyTwo}</arg>
<doc>Fails if ``key`` is not found from ``dictionary``.</doc>
<status status="PASS" start="2024-08-06T01:08:41.446176" elapsed="0.000387"/>
</kw>
<kw name="Dictionary Should Contain Key" owner="Collections">
<arg>${json_data['results'][0]['login']}</arg>
<arg>${keyTwo}</arg>
<doc>Fails if ``key`` is not found from ``dictionary``.</doc>
<status status="PASS" start="2024-08-06T01:08:41.446743" elapsed="0.000374"/>
</kw>
<kw name="Log" owner="BuiltIn">
<msg time="2024-08-06T01:08:41.447439" level="INFO">username</msg>
<arg>${keyTwo}</arg>
<doc>Logs the given message with the given level.</doc>
<status status="PASS" start="2024-08-06T01:08:41.447294" elapsed="0.000183"/>
</kw>
<var name="${keyTwo}">username</var>
<status status="PASS" start="2024-08-06T01:08:41.446070" elapsed="0.001625"/>
</iter>
<iter>
<kw name="Dictionary Should Contain Key" owner="Collections">
<arg>${json_data['results'][0]['login']}</arg>
<arg>${keyTwo}</arg>
<doc>Fails if ``key`` is not found from ``dictionary``.</doc>
<status status="PASS" start="2024-08-06T01:08:41.447971" elapsed="0.000385"/>
</kw>
<kw name="Dictionary Should Contain Key" owner="Collections">
<arg>${json_data['results'][0]['login']}</arg>
<arg>${keyTwo}</arg>
<doc>Fails if ``key`` is not found from ``dictionary``.</doc>
<status status="PASS" start="2024-08-06T01:08:41.448531" elapsed="0.000363"/>
</kw>
<kw name="Log" owner="BuiltIn">
<msg time="2024-08-06T01:08:41.449184" level="INFO">password</msg>
<arg>${keyTwo}</arg>
<doc>Logs the given message with the given level.</doc>
<status status="PASS" start="2024-08-06T01:08:41.449067" elapsed="0.000153"/>
</kw>
<var name="${keyTwo}">password</var>
<status status="PASS" start="2024-08-06T01:08:41.447866" elapsed="0.001570"/>
</iter>
<var>${keyTwo}</var>
<value>@{expected_keysTwo}</value>
<status status="PASS" start="2024-08-06T01:08:41.445922" elapsed="0.003636"/>
</for>
<status status="PASS" start="2024-08-06T01:08:41.331497" elapsed="0.118199"/>
</kw>
<doc>Testa a estrutura da resposta da API.</doc>
<tag>testeEstruturaResposta</tag>
<status status="PASS" start="2024-08-06T01:08:41.330918" elapsed="0.118925"/>
</test>
<test id="s1-s1-t4" name="Validar tipos de dados" line="28">
<kw name="Teste de Tipos de Dados" owner="random-user-service">
<kw name="GET On Session" owner="RequestsLibrary">
<msg time="2024-08-06T01:08:41.542139" level="INFO">GET Request : url=https://randomuser.me/api 
 path_url=/api 
 headers={'User-Agent': 'python-requests/2.32.3', 'Accept-Encoding': 'gzip, deflate', 'Accept': '*/*', 'Connection': 'keep-alive'} 
 body=None 
 </msg>
<msg time="2024-08-06T01:08:41.542217" level="INFO">GET Response : url=https://randomuser.me/api 
 status=200, reason=OK 
 headers={'Date': 'Tue, 06 Aug 2024 01:08:41 GMT', 'Content-Type': 'application/json; charset=utf-8', 'Transfer-Encoding': 'chunked', 'Connection': 'keep-alive', 'X-Powered-By': 'Express', 'Access-Control-Allow-Origin': '*', 'Cache-Control': 'no-cache', 'ETag': 'W/"4b3-b43YFwjO05zeVNV/DpsFfOEPdqw"', 'Vary': 'Accept-Encoding', 'Content-Encoding': 'gzip', 'CF-Cache-Status': 'DYNAMIC', 'Report-To': '{"endpoints":[{"url":"https:\\/\\/a.nel.cloudflare.com\\/report\\/v4?s=kLckxfPAP4scB8Pz4EPuLj1g1GWADY7LCy1h4ZbTAzvivyjMECRn7I6cD%2FIagX61cDGQzX6eDhUg%2FNRpTPVY5%2BtZsgOV7vkQ%2FwLnEyduDNKLScrdd1d3gds5OAts8FgQ"}],"group":"cf-nel","max_age":604800}', 'NEL': '{"success_fraction":0,"report_to":"cf-nel","max_age":604800}', 'Server': 'cloudflare', 'CF-RAY': '8aeb231f1ad9ce3c-SJC', 'alt-svc': 'h3=":443"; ma=86400'} 
 body={"results":[{"gender":"female","name":{"title":"Mrs","first":"Thekla","last":"Steffens"},"location":{"street":{"number":7608,"name":"Schulstraße"},"city":"Aue-Schwarzenberg","state":"Nordrhein-Westfalen","country":"Germany","postcode":53174,"coordinates":{"latitude":"-49.3915","longitude":"57.9488"},"timezone":{"offset":"+4:00","description":"Abu Dhabi, Muscat, Baku, Tbilisi"}},"email":"thekla.steffens@example.com","login":{"uuid":"edaacd09-793b-429a-ab00-3c726928fc61","username":"angryelephant777","password":"19691969","salt":"JoQjKOzR","md5":"e4eab9a93f66bf71383148d7d65c18ca","sha1":"07157884b86b6d7b5770987170d7e9f3e6d64517","sha256":"d454a868c616f4910632630c30d8d72d7999fb79bf0de71f6238be9cf8929416"},"dob":{"date":"1972-06-15T08:27:14.553Z","age":52},"registered":{"date":"2005-03-24T22:57:34.562Z","age":19},"phone":"0615-9741474","cell":"0171-5955398","id":{"name":"SVNR","value":"15 150672 S 582"},"picture":{"large":"https://randomuser.me/api/portraits/women/40.jpg","medium":"https://randomuser.me/api/portraits/med/women/40.jpg","thumbnail":"https://randomuser.me/api/portraits/thumb/women/40.jpg"},"nat":"DE"}],"info":{"seed":"b937df7fbea108ea","results":1,"page":1,"version":"1.4"}} 
 </msg>
<msg time="2024-08-06T01:08:41.542286" level="INFO">/opt/hostedtoolcache/Python/3.12.4/x64/lib/python3.12/site-packages/urllib3/connectionpool.py:1099: InsecureRequestWarning: Unverified HTTPS request is being made to host 'randomuser.me'. Adding certificate verification is strongly advised. See: https://urllib3.readthedocs.io/en/latest/advanced-usage.html#tls-warnings
  warnings.warn(</msg>
<msg time="2024-08-06T01:08:41.542416" level="INFO">${response} = &lt;Response [200]&gt;</msg>
<var>${response}</var>
<arg>consultarAPI</arg>
<arg>/api</arg>
<doc>Sends a GET request on a previously created HTTP Session.</doc>
<status status="PASS" start="2024-08-06T01:08:41.452292" elapsed="0.090168"/>
</kw>
<kw name="Set Variable" owner="BuiltIn">
<msg time="2024-08-06T01:08:41.543306" level="INFO">${json_data} = {'results': [{'gender': 'female', 'name': {'title': 'Mrs', 'first': 'Thekla', 'last': 'Steffens'}, 'location': {'street': {'number': 7608, 'name': 'Schulstraße'}, 'city': 'Aue-Schwarzenberg', 'state':...</msg>
<var>${json_data}</var>
<arg>${response.json()}</arg>
<doc>Returns the given values which can then be assigned to a variables.</doc>
<status status="PASS" start="2024-08-06T01:08:41.542841" elapsed="0.000494"/>
</kw>
<kw name="Log" owner="BuiltIn">
<msg time="2024-08-06T01:08:41.543832" level="INFO">{'results': [{'gender': 'female', 'name': {'title': 'Mrs', 'first': 'Thekla', 'last': 'Steffens'}, 'location': {'street': {'number': 7608, 'name': 'Schulstraße'}, 'city': 'Aue-Schwarzenberg', 'state': 'Nordrhein-Westfalen', 'country': 'Germany', 'postcode': 53174, 'coordinates': {'latitude': '-49.3915', 'longitude': '57.9488'}, 'timezone': {'offset': '+4:00', 'description': 'Abu Dhabi, Muscat, Baku, Tbilisi'}}, 'email': 'thekla.steffens@example.com', 'login': {'uuid': 'edaacd09-793b-429a-ab00-3c726928fc61', 'username': 'angryelephant777', 'password': '19691969', 'salt': 'JoQjKOzR', 'md5': 'e4eab9a93f66bf71383148d7d65c18ca', 'sha1': '07157884b86b6d7b5770987170d7e9f3e6d64517', 'sha256': 'd454a868c616f4910632630c30d8d72d7999fb79bf0de71f6238be9cf8929416'}, 'dob': {'date': '1972-06-15T08:27:14.553Z', 'age': 52}, 'registered': {'date': '2005-03-24T22:57:34.562Z', 'age': 19}, 'phone': '0615-9741474', 'cell': '0171-5955398', 'id': {'name': 'SVNR', 'value': '15 150672 S 582'}, 'picture': {'large': 'https://randomuser.me/api/portraits/women/40.jpg', 'medium': 'https://randomuser.me/api/portraits/med/women/40.jpg', 'thumbnail': 'https://randomuser.me/api/portraits/thumb/women/40.jpg'}, 'nat': 'DE'}], 'info': {'seed': 'b937df7fbea108ea', 'results': 1, 'page': 1, 'version': '1.4'}}</msg>
<arg>${json_data}</arg>
<doc>Logs the given message with the given level.</doc>
<status status="PASS" start="2024-08-06T01:08:41.543674" elapsed="0.000207"/>
</kw>
<kw name="Should Be String" owner="String">
<arg>${json_data['results'][0]['gender']}</arg>
<doc>Fails if the given ``item`` is not a string.</doc>
<status status="PASS" start="2024-08-06T01:08:41.544173" elapsed="0.000361"/>
</kw>
<kw name="Should Match Regexp" owner="BuiltIn">
<arg>${json_data['results'][0]['email']}</arg>
<arg>^[a-zA-Z0-9._%+-]+@[a-zA-Z0-9.-]+\.[a-zA-Z]{2,}$</arg>
<doc>Fails if ``string`` does not match ``pattern`` as a regular expression.</doc>
<status status="PASS" start="2024-08-06T01:08:41.544730" elapsed="0.000508"/>
</kw>
<kw name="Should Match Regexp" owner="BuiltIn">
<arg>${json_data['results'][0]['dob']['date']}</arg>
<arg>\\d{4}-\\d{2}-\\d{2}T\\d{2}:\\d{2}:\\d{2}\\.\\d{3}Z</arg>
<doc>Fails if ``string`` does not match ``pattern`` as a regular expression.</doc>
<status status="PASS" start="2024-08-06T01:08:41.545467" elapsed="0.000597"/>
</kw>
<kw name="Should Match Regexp" owner="BuiltIn">
<arg>${json_data['results'][0]['registered']['date']}</arg>
<arg>\\d{4}-\\d{2}-\\d{2}T\\d{2}:\\d{2}:\\d{2}\\.\\d{3}Z</arg>
<doc>Fails if ``string`` does not match ``pattern`` as a regular expression.</doc>
<status status="PASS" start="2024-08-06T01:08:41.546257" elapsed="0.000370"/>
</kw>
<kw name="Should Match Regexp" owner="BuiltIn">
<arg>${json_data['results'][0]['picture']['large']}</arg>
<arg>^https?://.*\.(?:png|jpe?g|gif|bmp)$</arg>
<doc>Fails if ``string`` does not match ``pattern`` as a regular expression.</doc>
<status status="PASS" start="2024-08-06T01:08:41.546810" elapsed="0.000451"/>
</kw>
<kw name="Should Match Regexp" owner="BuiltIn">
<arg>${json_data['results'][0]['picture']['medium']}</arg>
<arg>^https?://.*\.(?:png|jpe?g|gif|bmp)$</arg>
<doc>Fails if ``string`` does not match ``pattern`` as a regular expression.</doc>
<status status="PASS" start="2024-08-06T01:08:41.547478" elapsed="0.000356"/>
</kw>
<kw name="Should Match Regexp" owner="BuiltIn">
<arg>${json_data['results'][0]['picture']['thumbnail']}</arg>
<arg>^https?://.*\.(?:png|jpe?g|gif|bmp)$</arg>
<doc>Fails if ``string`` does not match ``pattern`` as a regular expression.</doc>
<status status="PASS" start="2024-08-06T01:08:41.548015" elapsed="0.000351"/>
</kw>
<kw name="Log" owner="BuiltIn">
<msg time="2024-08-06T01:08:41.548865" level="INFO">{'large': 'https://randomuser.me/api/portraits/women/40.jpg', 'medium': 'https://randomuser.me/api/portraits/med/women/40.jpg', 'thumbnail': 'https://randomuser.me/api/portraits/thumb/women/40.jpg'}</msg>
<arg>${json_data['results'][0]['picture']}</arg>
<doc>Logs the given message with the given level.</doc>
<status status="PASS" start="2024-08-06T01:08:41.548546" elapsed="0.000361"/>
</kw>
<status status="PASS" start="2024-08-06T01:08:41.452076" elapsed="0.097082"/>
</kw>
<kw name="Teste de Tipos de Dados - Postcode" owner="random-user-service">
<kw name="GET On Session" owner="RequestsLibrary">
<msg time="2024-08-06T01:08:41.642402" level="INFO">GET Request : url=https://randomuser.me/api 
 path_url=/api 
 headers={'User-Agent': 'python-requests/2.32.3', 'Accept-Encoding': 'gzip, deflate', 'Accept': '*/*', 'Connection': 'keep-alive'} 
 body=None 
 </msg>
<msg time="2024-08-06T01:08:41.642481" level="INFO">GET Response : url=https://randomuser.me/api 
 status=200, reason=OK 
 headers={'Date': 'Tue, 06 Aug 2024 01:08:41 GMT', 'Content-Type': 'application/json; charset=utf-8', 'Transfer-Encoding': 'chunked', 'Connection': 'keep-alive', 'X-Powered-By': 'Express', 'Access-Control-Allow-Origin': '*', 'Cache-Control': 'no-cache', 'ETag': 'W/"483-7iyuthuYmPKVK4luPewfcD89RCA"', 'Vary': 'Accept-Encoding', 'Content-Encoding': 'gzip', 'CF-Cache-Status': 'DYNAMIC', 'Report-To': '{"endpoints":[{"url":"https:\\/\\/a.nel.cloudflare.com\\/report\\/v4?s=2Sa3akvcJUwVkUpwieVkLwT06EEQuTgMNyKAAlcugsiOOddqzY1zf8nfiBbwF4Sy%2Ft60yls%2BfL7EntEhTQ%2FSApvRznuGlRwl58mIyHPW%2FNshAhsX4AFDeg%2B6VGCgctpS"}],"group":"cf-nel","max_age":604800}', 'NEL': '{"success_fraction":0,"report_to":"cf-nel","max_age":604800}', 'Server': 'cloudflare', 'CF-RAY': '8aeb231fbb5cce3c-SJC', 'alt-svc': 'h3=":443"; ma=86400'} 
 body={"results":[{"gender":"male","name":{"title":"Mr","first":"Jimmy","last":"Gran"},"location":{"street":{"number":1209,"name":"Hasselbakken"},"city":"Høle","state":"Hedmark","country":"Norway","postcode":"2326","coordinates":{"latitude":"43.5285","longitude":"-127.5377"},"timezone":{"offset":"0:00","description":"Western Europe Time, London, Lisbon, Casablanca"}},"email":"jimmy.gran@example.com","login":{"uuid":"63615541-6527-47f6-8f91-90eb7f50a02e","username":"organiccat620","password":"yahoo1","salt":"yviDD0zc","md5":"f6e0df7160851e6fb53d90b52d70562b","sha1":"557527497bb8c7073500494ffcd629266a542300","sha256":"62710d4f699d40078a360d0d959dd06fc83cde091176049d47cdbc8016b443eb"},"dob":{"date":"1944-10-09T08:50:22.711Z","age":79},"registered":{"date":"2020-11-06T00:24:41.158Z","age":3},"phone":"59306019","cell":"48107620","id":{"name":"FN","value":"09104425302"},"picture":{"large":"https://randomuser.me/api/portraits/men/70.jpg","medium":"https://randomuser.me/api/portraits/med/men/70.jpg","thumbnail":"https://randomuser.me/api/portraits/thumb/men/70.jpg"},"nat":"NO"}],"info":{"seed":"24116461f1ffade2","results":1,"page":1,"version":"1.4"}} 
 </msg>
<msg time="2024-08-06T01:08:41.642550" level="INFO">/opt/hostedtoolcache/Python/3.12.4/x64/lib/python3.12/site-packages/urllib3/connectionpool.py:1099: InsecureRequestWarning: Unverified HTTPS request is being made to host 'randomuser.me'. Adding certificate verification is strongly advised. See: https://urllib3.readthedocs.io/en/latest/advanced-usage.html#tls-warnings
  warnings.warn(</msg>
<msg time="2024-08-06T01:08:41.642653" level="INFO">${response} = &lt;Response [200]&gt;</msg>
<var>${response}</var>
<arg>consultarAPI</arg>
<arg>/api</arg>
<doc>Sends a GET request on a previously created HTTP Session.</doc>
<status status="PASS" start="2024-08-06T01:08:41.549588" elapsed="0.093089"/>
</kw>
<kw name="Set Variable" owner="BuiltIn">
<msg time="2024-08-06T01:08:41.643567" level="INFO">${json_data} = {'results': [{'gender': 'male', 'name': {'title': 'Mr', 'first': 'Jimmy', 'last': 'Gran'}, 'location': {'street': {'number': 1209, 'name': 'Hasselbakken'}, 'city': 'Høle', 'state': 'Hedmark', 'country...</msg>
<var>${json_data}</var>
<arg>${response.json()}</arg>
<doc>Returns the given values which can then be assigned to a variables.</doc>
<status status="PASS" start="2024-08-06T01:08:41.643060" elapsed="0.000537"/>
</kw>
<kw name="Log" owner="BuiltIn">
<msg time="2024-08-06T01:08:41.644059" level="INFO">{'results': [{'gender': 'male', 'name': {'title': 'Mr', 'first': 'Jimmy', 'last': 'Gran'}, 'location': {'street': {'number': 1209, 'name': 'Hasselbakken'}, 'city': 'Høle', 'state': 'Hedmark', 'country': 'Norway', 'postcode': '2326', 'coordinates': {'latitude': '43.5285', 'longitude': '-127.5377'}, 'timezone': {'offset': '0:00', 'description': 'Western Europe Time, London, Lisbon, Casablanca'}}, 'email': 'jimmy.gran@example.com', 'login': {'uuid': '63615541-6527-47f6-8f91-90eb7f50a02e', 'username': 'organiccat620', 'password': 'yahoo1', 'salt': 'yviDD0zc', 'md5': 'f6e0df7160851e6fb53d90b52d70562b', 'sha1': '557527497bb8c7073500494ffcd629266a542300', 'sha256': '62710d4f699d40078a360d0d959dd06fc83cde091176049d47cdbc8016b443eb'}, 'dob': {'date': '1944-10-09T08:50:22.711Z', 'age': 79}, 'registered': {'date': '2020-11-06T00:24:41.158Z', 'age': 3}, 'phone': '59306019', 'cell': '48107620', 'id': {'name': 'FN', 'value': '09104425302'}, 'picture': {'large': 'https://randomuser.me/api/portraits/men/70.jpg', 'medium': 'https://randomuser.me/api/portraits/med/men/70.jpg', 'thumbnail': 'https://randomuser.me/api/portraits/thumb/men/70.jpg'}, 'nat': 'NO'}], 'info': {'seed': '24116461f1ffade2', 'results': 1, 'page': 1, 'version': '1.4'}}</msg>
<arg>${json_data}</arg>
<doc>Logs the given message with the given level.</doc>
<status status="PASS" start="2024-08-06T01:08:41.643902" elapsed="0.000205"/>
</kw>
<kw name="Should Be Equal As Numbers" owner="BuiltIn">
<arg>${json_data['results'][0]['location']['postcode']}</arg>
<arg>${json_data['results'][0]['location']['postcode']}</arg>
<doc>Fails if objects are unequal after converting them to real numbers.</doc>
<status status="PASS" start="2024-08-06T01:08:41.644397" elapsed="0.000610"/>
</kw>
<kw name="Log" owner="BuiltIn">
<msg time="2024-08-06T01:08:41.645626" level="INFO">2326</msg>
<arg>${json_data['results'][0]['location']['postcode']}</arg>
<doc>Logs the given message with the given level.</doc>
<status status="PASS" start="2024-08-06T01:08:41.645273" elapsed="0.000393"/>
</kw>
<status status="PASS" start="2024-08-06T01:08:41.549369" elapsed="0.096570"/>
</kw>
<doc>Testa se os tipos de dados na resposta da API estão corretos.</doc>
<tag>testeTiposDados</tag>
<status status="PASS" start="2024-08-06T01:08:41.451566" elapsed="0.194530"/>
</test>
<test id="s1-s1-t5" name="Validar conteudo" line="35">
<kw name="Teste de Tipos de Conteudo" owner="random-user-service">
<kw name="GET On Session" owner="RequestsLibrary">
<msg time="2024-08-06T01:08:41.756085" level="INFO">GET Request : url=https://randomuser.me/api 
 path_url=/api 
 headers={'User-Agent': 'python-requests/2.32.3', 'Accept-Encoding': 'gzip, deflate', 'Accept': '*/*', 'Connection': 'keep-alive'} 
 body=None 
 </msg>
<msg time="2024-08-06T01:08:41.756168" level="INFO">GET Response : url=https://randomuser.me/api 
 status=200, reason=OK 
 headers={'Date': 'Tue, 06 Aug 2024 01:08:41 GMT', 'Content-Type': 'application/json; charset=utf-8', 'Transfer-Encoding': 'chunked', 'Connection': 'keep-alive', 'X-Powered-By': 'Express', 'Access-Control-Allow-Origin': '*', 'Cache-Control': 'no-cache', 'ETag': 'W/"498-xGQylUr0wzOIV7qOtJMj65VLhu4"', 'Vary': 'Accept-Encoding', 'Content-Encoding': 'gzip', 'CF-Cache-Status': 'DYNAMIC', 'Report-To': '{"endpoints":[{"url":"https:\\/\\/a.nel.cloudflare.com\\/report\\/v4?s=Fco0NX6M0KMBSVnaOUQpONZoCJEqJoqzT0YQOMWc2oQPJlxGUoA3QX%2FlfEfEotNwzGPc4JHhX5T2V2jiThCX4LyaXOlehThoRWRsXC5nndDFtaQ1xHzqj5I1TEfKvhT5"}],"group":"cf-nel","max_age":604800}', 'NEL': '{"success_fraction":0,"report_to":"cf-nel","max_age":604800}', 'Server': 'cloudflare', 'CF-RAY': '8aeb23206c07ce3c-SJC', 'alt-svc': 'h3=":443"; ma=86400'} 
 body={"results":[{"gender":"female","name":{"title":"Ms","first":"Rosa","last":"Graham"},"location":{"street":{"number":4934,"name":"Hunters Creek Dr"},"city":"Sunshine Coast","state":"Northern Territory","country":"Australia","postcode":3917,"coordinates":{"latitude":"-87.4214","longitude":"7.7055"},"timezone":{"offset":"+2:00","description":"Kaliningrad, South Africa"}},"email":"rosa.graham@example.com","login":{"uuid":"d5d876c4-af0c-440b-bb3a-bd402eeb5a7b","username":"redpeacock873","password":"colonel","salt":"7bXraTnR","md5":"106433f3bd9bfa7326a9325fdca0aad1","sha1":"4e8d5faac7ed39ef859acb3fd8eef3fe7f80269e","sha256":"0fa50d46c1c16580a156c14f226c81cc824f382c782ccdc097c6b39673ea2fcd"},"dob":{"date":"1959-03-13T22:46:10.237Z","age":65},"registered":{"date":"2003-06-04T20:42:37.740Z","age":21},"phone":"09-8736-4719","cell":"0456-420-397","id":{"name":"TFN","value":"838042869"},"picture":{"large":"https://randomuser.me/api/portraits/women/14.jpg","medium":"https://randomuser.me/api/portraits/med/women/14.jpg","thumbnail":"https://randomuser.me/api/portraits/thumb/women/14.jpg"},"nat":"AU"}],"info":{"seed":"642317be5dcdb69a","results":1,"page":1,"version":"1.4"}} 
 </msg>
<msg time="2024-08-06T01:08:41.756241" level="INFO">/opt/hostedtoolcache/Python/3.12.4/x64/lib/python3.12/site-packages/urllib3/connectionpool.py:1099: InsecureRequestWarning: Unverified HTTPS request is being made to host 'randomuser.me'. Adding certificate verification is strongly advised. See: https://urllib3.readthedocs.io/en/latest/advanced-usage.html#tls-warnings
  warnings.warn(</msg>
<msg time="2024-08-06T01:08:41.756365" level="INFO">${response} = &lt;Response [200]&gt;</msg>
<var>${response}</var>
<arg>consultarAPI</arg>
<arg>/api</arg>
<doc>Sends a GET request on a previously created HTTP Session.</doc>
<status status="PASS" start="2024-08-06T01:08:41.648557" elapsed="0.107857"/>
</kw>
<kw name="Set Variable" owner="BuiltIn">
<msg time="2024-08-06T01:08:41.757529" level="INFO">${json_data} = {'results': [{'gender': 'female', 'name': {'title': 'Ms', 'first': 'Rosa', 'last': 'Graham'}, 'location': {'street': {'number': 4934, 'name': 'Hunters Creek Dr'}, 'city': 'Sunshine Coast', 'state': 'N...</msg>
<var>${json_data}</var>
<arg>${response.json()}</arg>
<doc>Returns the given values which can then be assigned to a variables.</doc>
<status status="PASS" start="2024-08-06T01:08:41.756976" elapsed="0.000581"/>
</kw>
<kw name="Set Variable" owner="BuiltIn">
<msg time="2024-08-06T01:08:41.758239" level="INFO">${name_title} = Ms</msg>
<var>${name_title}</var>
<arg>${json_data["results"][0]["name"]["title"]}</arg>
<doc>Returns the given values which can then be assigned to a variables.</doc>
<status status="PASS" start="2024-08-06T01:08:41.757855" elapsed="0.000410"/>
</kw>
<kw name="Create List" owner="BuiltIn">
<msg time="2024-08-06T01:08:41.758704" level="INFO">${allowed_titles} = ['Mr', 'Ms', 'Miss', 'Mrs', 'Madame', 'Monsieur']</msg>
<var>${allowed_titles}</var>
<arg>Mr</arg>
<arg>Ms</arg>
<arg>Miss</arg>
<arg>Mrs</arg>
<arg>Madame</arg>
<arg>Monsieur</arg>
<doc>Returns a list containing given items.</doc>
<status status="PASS" start="2024-08-06T01:08:41.758555" elapsed="0.000174"/>
</kw>
<kw name="List Should Contain Value" owner="Collections">
<arg>${allowed_titles}</arg>
<arg>${name_title}</arg>
<doc>Fails if the ``value`` is not found from ``list``.</doc>
<status status="PASS" start="2024-08-06T01:08:41.759026" elapsed="0.000180"/>
</kw>
<kw name="Set Variable" owner="BuiltIn">
<msg time="2024-08-06T01:08:41.759809" level="INFO">${name_country} = AU</msg>
<var>${name_country}</var>
<arg>${json_data["results"][0]["nat"]}</arg>
<doc>Returns the given values which can then be assigned to a variables.</doc>
<status status="PASS" start="2024-08-06T01:08:41.759426" elapsed="0.000408"/>
</kw>
<kw name="Create List" owner="BuiltIn">
<msg time="2024-08-06T01:08:41.760707" level="INFO">${list_country} = ['AD', 'AE', 'AF', 'AG', 'AI', 'AL', 'AM', 'AO', 'AQ', 'AR', 'AS', 'AT', 'AU', 'AW', 'AX', 'AZ', 'BA', 'BB', 'BD', 'BE', 'BF', 'BG', 'BH', 'BI', 'BJ', 'BL', 'BM', 'BN', 'BO', 'BQ', 'BR', 'BS', 'BT', '...</msg>
<var>${list_country}</var>
<arg>AD</arg>
<arg>AE</arg>
<arg>AF</arg>
<arg>AG</arg>
<arg>AI</arg>
<arg>AL</arg>
<arg>AM</arg>
<arg>AO</arg>
<arg>AQ</arg>
<arg>AR</arg>
<arg>AS</arg>
<arg>AT</arg>
<arg>AU</arg>
<arg>AW</arg>
<arg>AX</arg>
<arg>AZ</arg>
<arg>BA</arg>
<arg>BB</arg>
<arg>BD</arg>
<arg>BE</arg>
<arg>BF</arg>
<arg>BG</arg>
<arg>BH</arg>
<arg>BI</arg>
<arg>BJ</arg>
<arg>BL</arg>
<arg>BM</arg>
<arg>BN</arg>
<arg>BO</arg>
<arg>BQ</arg>
<arg>BR</arg>
<arg>BS</arg>
<arg>BT</arg>
<arg>BV</arg>
<arg>BW</arg>
<arg>BY</arg>
<arg>BZ</arg>
<arg>CA</arg>
<arg>CC</arg>
<arg>CD</arg>
<arg>CF</arg>
<arg>CG</arg>
<arg>CH</arg>
<arg>CI</arg>
<arg>CK</arg>
<arg>CL</arg>
<arg>CM</arg>
<arg>CN</arg>
<arg>CO</arg>
<arg>CR</arg>
<arg>CU</arg>
<arg>CV</arg>
<arg>CW</arg>
<arg>CX</arg>
<arg>CY</arg>
<arg>CZ</arg>
<arg>DE</arg>
<arg>DJ</arg>
<arg>DK</arg>
<arg>DM</arg>
<arg>DO</arg>
<arg>DZ</arg>
<arg>EC</arg>
<arg>EE</arg>
<arg>EG</arg>
<arg>EH</arg>
<arg>ER</arg>
<arg>ES</arg>
<arg>ET</arg>
<arg>FI</arg>
<arg>FJ</arg>
<arg>FK</arg>
<arg>FM</arg>
<arg>FO</arg>
<arg>FR</arg>
<arg>GA</arg>
<arg>GB</arg>
<arg>GD</arg>
<arg>GE</arg>
<arg>GF</arg>
<arg>GG</arg>
<arg>GH</arg>
<arg>GI</arg>
<arg>GL</arg>
<arg>GM</arg>
<arg>GN</arg>
<arg>GP</arg>
<arg>GQ</arg>
<arg>GR</arg>
<arg>GS</arg>
<arg>GT</arg>
<arg>GU</arg>
<arg>GW</arg>
<arg>GY</arg>
<arg>HK</arg>
<arg>HM</arg>
<arg>HN</arg>
<arg>HR</arg>
<arg>HT</arg>
<arg>HU</arg>
<arg>ID</arg>
<arg>IE</arg>
<arg>IL</arg>
<arg>IM</arg>
<arg>IN</arg>
<arg>IO</arg>
<arg>IQ</arg>
<arg>IR</arg>
<arg>IS</arg>
<arg>IT</arg>
<arg>JE</arg>
<arg>JM</arg>
<arg>JO</arg>
<arg>JP</arg>
<arg>KE</arg>
<arg>KG</arg>
<arg>KH</arg>
<arg>KI</arg>
<arg>KM</arg>
<arg>KN</arg>
<arg>KP</arg>
<arg>KR</arg>
<arg>KW</arg>
<arg>KY</arg>
<arg>KZ</arg>
<arg>LA</arg>
<arg>LB</arg>
<arg>LC</arg>
<arg>LI</arg>
<arg>LK</arg>
<arg>LR</arg>
<arg>LS</arg>
<arg>LT</arg>
<arg>LU</arg>
<arg>LV</arg>
<arg>LY</arg>
<arg>MA</arg>
<arg>MC</arg>
<arg>MD</arg>
<arg>ME</arg>
<arg>MF</arg>
<arg>MG</arg>
<arg>MH</arg>
<arg>MK</arg>
<arg>ML</arg>
<arg>MM</arg>
<arg>MN</arg>
<arg>MO</arg>
<arg>MP</arg>
<arg>MQ</arg>
<arg>MR</arg>
<arg>MS</arg>
<arg>MT</arg>
<arg>MU</arg>
<arg>MV</arg>
<arg>MW</arg>
<arg>MX</arg>
<arg>MY</arg>
<arg>MZ</arg>
<arg>NA</arg>
<arg>NC</arg>
<arg>NE</arg>
<arg>NF</arg>
<arg>NG</arg>
<arg>NI</arg>
<arg>NL</arg>
<arg>NO</arg>
<arg>NP</arg>
<arg>NR</arg>
<arg>NU</arg>
<arg>NZ</arg>
<arg>OM</arg>
<arg>PA</arg>
<arg>PE</arg>
<arg>PF</arg>
<arg>PG</arg>
<arg>PH</arg>
<arg>PK</arg>
<arg>PL</arg>
<arg>PM</arg>
<arg>PN</arg>
<arg>PR</arg>
<arg>PS</arg>
<arg>PT</arg>
<arg>PW</arg>
<arg>PY</arg>
<arg>QA</arg>
<arg>RE</arg>
<arg>RO</arg>
<arg>RS</arg>
<arg>RU</arg>
<arg>RW</arg>
<arg>SA</arg>
<arg>SB</arg>
<arg>SC</arg>
<arg>SD</arg>
<arg>SE</arg>
<arg>SG</arg>
<arg>SH</arg>
<arg>SI</arg>
<arg>SJ</arg>
<arg>SK</arg>
<arg>SL</arg>
<arg>SM</arg>
<arg>SN</arg>
<arg>SO</arg>
<arg>SR</arg>
<arg>SS</arg>
<arg>ST</arg>
<arg>SV</arg>
<arg>SX</arg>
<arg>SY</arg>
<arg>SZ</arg>
<arg>TC</arg>
<arg>TD</arg>
<arg>TF</arg>
<arg>TG</arg>
<arg>TH</arg>
<arg>TJ</arg>
<arg>TK</arg>
<arg>TL</arg>
<arg>TM</arg>
<arg>TN</arg>
<arg>TO</arg>
<arg>TR</arg>
<arg>TT</arg>
<arg>TV</arg>
<arg>TW</arg>
<arg>TZ</arg>
<arg>UA</arg>
<arg>UG</arg>
<arg>UM</arg>
<arg>US</arg>
<arg>UY</arg>
<arg>UZ</arg>
<arg>VA</arg>
<arg>VC</arg>
<arg>VE</arg>
<arg>VG</arg>
<arg>VI</arg>
<arg>VN</arg>
<arg>VU</arg>
<arg>WF</arg>
<arg>WS</arg>
<arg>XK</arg>
<arg>YE</arg>
<arg>YT</arg>
<arg>ZA</arg>
<arg>ZM</arg>
<arg>ZW</arg>
<doc>Returns a list containing given items.</doc>
<status status="PASS" start="2024-08-06T01:08:41.760121" elapsed="0.000612"/>
</kw>
<kw name="List Should Contain Value" owner="Collections">
<arg>${list_country}</arg>
<arg>${name_country}</arg>
<doc>Fails if the ``value`` is not found from ``list``.</doc>
<status status="PASS" start="2024-08-06T01:08:41.761666" elapsed="0.000203"/>
</kw>
<kw name="Run Keyword If" owner="BuiltIn">
<kw name="Should Be True" owner="BuiltIn">
<arg>${True}</arg>
<doc>Fails if the given condition is not true.</doc>
<status status="PASS" start="2024-08-06T01:08:41.762815" elapsed="0.000141"/>
</kw>
<arg>${json_data["results"][0]["location"]["coordinates"]["latitude"]} &gt;= -90 and ${json_data["results"][0]["location"]["coordinates"]["latitude"]} &lt;= 90</arg>
<arg>Should Be True</arg>
<arg>${True}</arg>
<doc>Runs the given keyword with the given arguments, if ``condition`` is true.</doc>
<status status="PASS" start="2024-08-06T01:08:41.762062" elapsed="0.001018"/>
</kw>
<kw name="Run Keyword If" owner="BuiltIn">
<kw name="Should Be True" owner="BuiltIn">
<arg>${True}</arg>
<doc>Fails if the given condition is not true.</doc>
<status status="PASS" start="2024-08-06T01:08:41.763981" elapsed="0.000137"/>
</kw>
<arg>${json_data["results"][0]["location"]["coordinates"]["longitude"]} &gt;= -180 and ${json_data["results"][0]["location"]["coordinates"]["longitude"]} &lt;= 180</arg>
<arg>Should Be True</arg>
<arg>${True}</arg>
<doc>Runs the given keyword with the given arguments, if ``condition`` is true.</doc>
<status status="PASS" start="2024-08-06T01:08:41.763259" elapsed="0.000980"/>
</kw>
<status status="PASS" start="2024-08-06T01:08:41.648342" elapsed="0.116024"/>
</kw>
<doc>Testa o conteúdo específico dos campos retornados pela API.</doc>
<tag>testeConteudo</tag>
<status status="PASS" start="2024-08-06T01:08:41.647835" elapsed="0.116672"/>
</test>
<status status="PASS" start="2024-08-06T01:08:40.780291" elapsed="0.986155"/>
</suite>
<status status="PASS" start="2024-08-06T01:08:40.765915" elapsed="1.005611"/>
</suite>
<statistics>
<total>
<stat pass="5" fail="0" skip="0">All Tests</stat>
</total>
<tag>
<stat pass="1" fail="0" skip="0">testeConteudo</stat>
<stat pass="1" fail="0" skip="0">testeEstruturaResposta</stat>
<stat pass="1" fail="0" skip="0">testeRequisicaoBasica</stat>
<stat pass="1" fail="0" skip="0">testeTiposDados</stat>
</tag>
<suite>
<stat pass="5" fail="0" skip="0" id="s1" name="Tests">Tests</stat>
<stat pass="5" fail="0" skip="0" id="s1-s1" name="Random-User-Test">Tests.Random-User-Test</stat>
</suite>
</statistics>
<errors>
</errors>
</robot>
