<?xml version="1.0" encoding="UTF-8"?>
<robot generator="Robot 7.0 (Python 3.12.2 on linux)" generated="2024-04-06T17:13:04.152309" rpa="false" schemaversion="5">
<suite id="s1" name="Tests" source="/home/runner/work/DesafioQAItauRogerioJordao/DesafioQAItauRogerioJordao/RamdonUser/tests">
<suite id="s1-s1" name="Random-User-Test" source="/home/runner/work/DesafioQAItauRogerioJordao/DesafioQAItauRogerioJordao/RamdonUser/tests/random-user-test.robot">
<test id="s1-s1-t1" name="Conectar" line="13">
<kw name="Conectar API" owner="random-user-service">
<kw name="Create Session" owner="RequestsLibrary">
<msg time="2024-04-06T17:13:04.482698" level="INFO">Creating Session using : alias=consultarAPI, url=https://randomuser.me/, headers={},                     cookies={}, auth=None, timeout=None, proxies=None, verify=False,                     debug=0 </msg>
<arg>consultarAPI</arg>
<arg>${URL}</arg>
<doc>Create Session: create a HTTP session to a server</doc>
<status status="PASS" start="2024-04-06T17:13:04.482488" elapsed="0.000355"/>
</kw>
<status status="PASS" start="2024-04-06T17:13:04.481593" elapsed="0.001574"/>
</kw>
<status status="PASS" start="2024-04-06T17:13:04.481134" elapsed="0.002222"/>
</test>
<test id="s1-s1-t2" name="Validar retorno 200 e JSON Válido" line="16">
<kw name="Teste de Requisicao Basica" owner="random-user-service">
<kw name="GET On Session" owner="RequestsLibrary">
<msg time="2024-04-06T17:13:04.559963" level="INFO">GET Request : url=https://randomuser.me/api 
 path_url=/api 
 headers={'User-Agent': 'python-requests/2.31.0', 'Accept-Encoding': 'gzip, deflate', 'Accept': '*/*', 'Connection': 'keep-alive'} 
 body=None 
 </msg>
<msg time="2024-04-06T17:13:04.560092" level="INFO">GET Response : url=https://randomuser.me/api 
 status=200, reason=OK 
 headers={'Date': 'Sat, 06 Apr 2024 17:13:04 GMT', 'Content-Type': 'application/json; charset=utf-8', 'Transfer-Encoding': 'chunked', 'Connection': 'keep-alive', 'X-Powered-By': 'Express', 'Access-Control-Allow-Origin': '*', 'Cache-Control': 'no-cache', 'ETag': 'W/"493-ovbhG1fKsJHXbJf4EGY8VNsWYR0"', 'Vary': 'Accept-Encoding', 'Content-Encoding': 'gzip', 'CF-Cache-Status': 'DYNAMIC', 'Report-To': '{"endpoints":[{"url":"https:\\/\\/a.nel.cloudflare.com\\/report\\/v4?s=TbFEQUoH80SkrKhV9aL8rv8hGZ0b0W4g3M0%2FY89K6QTPos95NA%2FWAVtxIYrHvfPm3k6cRcZn%2F7YNIOAaLDMr2IT0jPEyc%2FxznsIgbWJZMxJ7LRwilDe2G7ctXlG9whUl"}],"group":"cf-nel","max_age":604800}', 'NEL': '{"success_fraction":0,"report_to":"cf-nel","max_age":604800}', 'Server': 'cloudflare', 'CF-RAY': '8703680b39d78723-ORD', 'alt-svc': 'h3=":443"; ma=86400'} 
 body={"results":[{"gender":"male","name":{"title":"Mr","first":"Francis","last":"Howard"},"location":{"street":{"number":7094,"name":"Church Lane"},"city":"St Davids","state":"Derbyshire","country":"United Kingdom","postcode":"HC9 0BD","coordinates":{"latitude":"-8.9882","longitude":"-123.0429"},"timezone":{"offset":"+7:00","description":"Bangkok, Hanoi, Jakarta"}},"email":"francis.howard@example.com","login":{"uuid":"56cb1c4e-6230-40c1-a087-c703881a6a0b","username":"orangekoala788","password":"656565","salt":"AknbbXhN","md5":"c7c0092c21cfb0e57959147739bffa1c","sha1":"4225fc36c6ca76615bc918d7b041543abf1fd1cf","sha256":"a0d6468e7329515de1e7bf3cc593981c4765e0ddc7c735bc2f99ac535d8e1a65"},"dob":{"date":"1972-12-11T03:14:10.344Z","age":51},"registered":{"date":"2002-05-16T04:34:14.526Z","age":21},"phone":"017684 08290","cell":"07299 340158","id":{"name":"NINO","value":"HH 65 15 91 A"},"picture":{"large":"https://randomuser.me/api/portraits/men/23.jpg","medium":"https://randomuser.me/api/portraits/med/men/23.jpg","thumbnail":"https://randomuser.me/api/portraits/thumb/men/23.jpg"},"nat":"GB"}],"info":{"seed":"481efbbf54ff1d46","results":1,"page":1,"version":"1.4"}} 
 </msg>
<msg time="2024-04-06T17:13:04.560206" level="INFO">/opt/hostedtoolcache/Python/3.12.2/x64/lib/python3.12/site-packages/urllib3/connectionpool.py:1103: InsecureRequestWarning: Unverified HTTPS request is being made to host 'randomuser.me'. Adding certificate verification is strongly advised. See: https://urllib3.readthedocs.io/en/latest/advanced-usage.html#tls-warnings
  warnings.warn(</msg>
<msg time="2024-04-06T17:13:04.560353" level="INFO">${response} = &lt;Response [200]&gt;</msg>
<var>${response}</var>
<arg>consultarAPI</arg>
<arg>/api</arg>
<doc>Sends a GET request on a previously created HTTP Session.</doc>
<status status="PASS" start="2024-04-06T17:13:04.485872" elapsed="0.074532"/>
</kw>
<kw name="Should Be Equal As Numbers" owner="BuiltIn">
<msg time="2024-04-06T17:13:04.561203" level="INFO">Argument types are:
&lt;class 'int'&gt;
&lt;class 'str'&gt;</msg>
<arg>${response.status_code}</arg>
<arg>200</arg>
<doc>Fails if objects are unequal after converting them to real numbers.</doc>
<status status="PASS" start="2024-04-06T17:13:04.560806" elapsed="0.000465"/>
</kw>
<kw name="Log" owner="BuiltIn">
<msg time="2024-04-06T17:13:04.561952" level="INFO">200</msg>
<arg>${response.status_code}</arg>
<doc>Logs the given message with the given level.</doc>
<status status="PASS" start="2024-04-06T17:13:04.561595" elapsed="0.000400"/>
</kw>
<kw name="Set Variable" owner="BuiltIn">
<msg time="2024-04-06T17:13:04.562796" level="INFO">${json_data} = {'results': [{'gender': 'male', 'name': {'title': 'Mr', 'first': 'Francis', 'last': 'Howard'}, 'location': {'street': {'number': 7094, 'name': 'Church Lane'}, 'city': 'St Davids', 'state': 'Derbyshire...</msg>
<var>${json_data}</var>
<arg>${response.json()}</arg>
<doc>Returns the given values which can then be assigned to a variables.</doc>
<status status="PASS" start="2024-04-06T17:13:04.562320" elapsed="0.000504"/>
</kw>
<kw name="Dictionary Should Contain Key" owner="Collections">
<msg time="2024-04-06T17:13:04.563289" level="INFO">False</msg>
<arg>${json_data}</arg>
<arg>results</arg>
<doc>Fails if ``key`` is not found from ``dictionary``.</doc>
<status status="PASS" start="2024-04-06T17:13:04.563127" elapsed="0.000201"/>
</kw>
<status status="PASS" start="2024-04-06T17:13:04.485642" elapsed="0.077939"/>
</kw>
<doc>Testa se a API responde corretamente e retorna um objeto JSON válido.</doc>
<tag>testeRequisicaoBasica</tag>
<status status="PASS" start="2024-04-06T17:13:04.485226" elapsed="0.078536"/>
</test>
<test id="s1-s1-t3" name="Validar estrutura de resposta" line="22">
<kw name="Teste de Estrutura de Resposta" owner="random-user-service">
<kw name="GET On Session" owner="RequestsLibrary">
<msg time="2024-04-06T17:13:04.684663" level="INFO">GET Request : url=https://randomuser.me/api 
 path_url=/api 
 headers={'User-Agent': 'python-requests/2.31.0', 'Accept-Encoding': 'gzip, deflate', 'Accept': '*/*', 'Connection': 'keep-alive'} 
 body=None 
 </msg>
<msg time="2024-04-06T17:13:04.684749" level="INFO">GET Response : url=https://randomuser.me/api 
 status=200, reason=OK 
 headers={'Date': 'Sat, 06 Apr 2024 17:13:04 GMT', 'Content-Type': 'application/json; charset=utf-8', 'Transfer-Encoding': 'chunked', 'Connection': 'keep-alive', 'X-Powered-By': 'Express', 'Access-Control-Allow-Origin': '*', 'Cache-Control': 'no-cache', 'ETag': 'W/"49a-dHpHnVyHirQgS7/V05EZHJmHNKo"', 'Vary': 'Accept-Encoding', 'Content-Encoding': 'gzip', 'CF-Cache-Status': 'DYNAMIC', 'Report-To': '{"endpoints":[{"url":"https:\\/\\/a.nel.cloudflare.com\\/report\\/v4?s=WBdPGUgNFpiqa1oYqMNxG%2F5yHB0obahz35D9je6jLR9nP9kvWJ2ZGf%2FnXKapC8FIOuM8rpxcaDMeWtn25ZfVKCo0fuIfe5JQnZYI0Rb7%2F3w8JZWxOekzD9DugTPPCmxS"}],"group":"cf-nel","max_age":604800}', 'NEL': '{"success_fraction":0,"report_to":"cf-nel","max_age":604800}', 'Server': 'cloudflare', 'CF-RAY': '8703680b8a498723-ORD', 'alt-svc': 'h3=":443"; ma=86400'} 
 body={"results":[{"gender":"female","name":{"title":"Miss","first":"Supriya","last":"Shayana"},"location":{"street":{"number":6876,"name":"Lindsay St"},"city":"Karnal","state":"Karnataka","country":"India","postcode":91191,"coordinates":{"latitude":"5.9412","longitude":"90.7218"},"timezone":{"offset":"-6:00","description":"Central Time (US &amp; Canada), Mexico City"}},"email":"supriya.shayana@example.com","login":{"uuid":"ed13b777-ead6-4f54-9b4d-d052b8af8cb1","username":"ticklishsnake134","password":"doughboy","salt":"QYy7uqYR","md5":"a91881842e10b129fdb5d2d812ff8365","sha1":"23ca48e4473a50d9f86aab12d2f4b3522cc324e5","sha256":"e0627cfd47e1f7034e09d4f522beba3a0e1f2f639c50a5bbe510f90f80413aa6"},"dob":{"date":"1962-12-20T14:56:06.234Z","age":61},"registered":{"date":"2005-11-02T22:35:39.892Z","age":18},"phone":"8695761723","cell":"9458393545","id":{"name":"UIDAI","value":"601439667604"},"picture":{"large":"https://randomuser.me/api/portraits/women/69.jpg","medium":"https://randomuser.me/api/portraits/med/women/69.jpg","thumbnail":"https://randomuser.me/api/portraits/thumb/women/69.jpg"},"nat":"IN"}],"info":{"seed":"72b07d0db5fe04a1","results":1,"page":1,"version":"1.4"}} 
 </msg>
<msg time="2024-04-06T17:13:04.684860" level="INFO">/opt/hostedtoolcache/Python/3.12.2/x64/lib/python3.12/site-packages/urllib3/connectionpool.py:1103: InsecureRequestWarning: Unverified HTTPS request is being made to host 'randomuser.me'. Adding certificate verification is strongly advised. See: https://urllib3.readthedocs.io/en/latest/advanced-usage.html#tls-warnings
  warnings.warn(</msg>
<msg time="2024-04-06T17:13:04.684947" level="INFO">${response} = &lt;Response [200]&gt;</msg>
<var>${response}</var>
<arg>consultarAPI</arg>
<arg>/api</arg>
<doc>Sends a GET request on a previously created HTTP Session.</doc>
<status status="PASS" start="2024-04-06T17:13:04.566828" elapsed="0.118156"/>
</kw>
<kw name="Set Variable" owner="BuiltIn">
<msg time="2024-04-06T17:13:04.685737" level="INFO">${json_data} = {'results': [{'gender': 'female', 'name': {'title': 'Miss', 'first': 'Supriya', 'last': 'Shayana'}, 'location': {'street': {'number': 6876, 'name': 'Lindsay St'}, 'city': 'Karnal', 'state': 'Karnataka...</msg>
<var>${json_data}</var>
<arg>${response.json()}</arg>
<doc>Returns the given values which can then be assigned to a variables.</doc>
<status status="PASS" start="2024-04-06T17:13:04.685327" elapsed="0.000435"/>
</kw>
<kw name="Log" owner="BuiltIn">
<msg time="2024-04-06T17:13:04.686185" level="INFO">{'results': [{'gender': 'female', 'name': {'title': 'Miss', 'first': 'Supriya', 'last': 'Shayana'}, 'location': {'street': {'number': 6876, 'name': 'Lindsay St'}, 'city': 'Karnal', 'state': 'Karnataka', 'country': 'India', 'postcode': 91191, 'coordinates': {'latitude': '5.9412', 'longitude': '90.7218'}, 'timezone': {'offset': '-6:00', 'description': 'Central Time (US &amp; Canada), Mexico City'}}, 'email': 'supriya.shayana@example.com', 'login': {'uuid': 'ed13b777-ead6-4f54-9b4d-d052b8af8cb1', 'username': 'ticklishsnake134', 'password': 'doughboy', 'salt': 'QYy7uqYR', 'md5': 'a91881842e10b129fdb5d2d812ff8365', 'sha1': '23ca48e4473a50d9f86aab12d2f4b3522cc324e5', 'sha256': 'e0627cfd47e1f7034e09d4f522beba3a0e1f2f639c50a5bbe510f90f80413aa6'}, 'dob': {'date': '1962-12-20T14:56:06.234Z', 'age': 61}, 'registered': {'date': '2005-11-02T22:35:39.892Z', 'age': 18}, 'phone': '8695761723', 'cell': '9458393545', 'id': {'name': 'UIDAI', 'value': '601439667604'}, 'picture': {'large': 'https://randomuser.me/api/portraits/women/69.jpg', 'medium': 'https://randomuser.me/api/portraits/med/women/69.jpg', 'thumbnail': 'https://randomuser.me/api/portraits/thumb/women/69.jpg'}, 'nat': 'IN'}], 'info': {'seed': '72b07d0db5fe04a1', 'results': 1, 'page': 1, 'version': '1.4'}}</msg>
<arg>${json_data}</arg>
<doc>Logs the given message with the given level.</doc>
<status status="PASS" start="2024-04-06T17:13:04.686042" elapsed="0.000187"/>
</kw>
<kw name="Dictionary Should Contain Key" owner="Collections">
<msg time="2024-04-06T17:13:04.686663" level="INFO">False</msg>
<arg>${json_data}</arg>
<arg>results</arg>
<doc>Fails if ``key`` is not found from ``dictionary``.</doc>
<status status="PASS" start="2024-04-06T17:13:04.686495" elapsed="0.000203"/>
</kw>
<kw name="Should Not Be Empty" owner="BuiltIn">
<msg time="2024-04-06T17:13:04.687088" level="INFO">Length is 2.</msg>
<arg>${json_data}</arg>
<doc>Verifies that the given item is not empty.</doc>
<status status="PASS" start="2024-04-06T17:13:04.686966" elapsed="0.000156"/>
</kw>
<kw name="Create List" owner="BuiltIn">
<msg time="2024-04-06T17:13:04.687518" level="INFO">${expected_keys} = ['gender', 'name', 'location', 'email', 'login']</msg>
<var>${expected_keys}</var>
<arg>gender</arg>
<arg>name</arg>
<arg>location</arg>
<arg>email</arg>
<arg>login</arg>
<doc>Returns a list containing given items.</doc>
<status status="PASS" start="2024-04-06T17:13:04.687383" elapsed="0.000157"/>
</kw>
<for flavor="IN">
<iter>
<kw name="Dictionary Should Contain Key" owner="Collections">
<msg time="2024-04-06T17:13:04.688480" level="INFO">False</msg>
<arg>${json_data['results'][0]}</arg>
<arg>${key}</arg>
<doc>Fails if ``key`` is not found from ``dictionary``.</doc>
<status status="PASS" start="2024-04-06T17:13:04.688086" elapsed="0.000432"/>
</kw>
<kw name="Log" owner="BuiltIn">
<msg time="2024-04-06T17:13:04.689151" level="INFO">{'gender': 'female', 'name': {'title': 'Miss', 'first': 'Supriya', 'last': 'Shayana'}, 'location': {'street': {'number': 6876, 'name': 'Lindsay St'}, 'city': 'Karnal', 'state': 'Karnataka', 'country': 'India', 'postcode': 91191, 'coordinates': {'latitude': '5.9412', 'longitude': '90.7218'}, 'timezone': {'offset': '-6:00', 'description': 'Central Time (US &amp; Canada), Mexico City'}}, 'email': 'supriya.shayana@example.com', 'login': {'uuid': 'ed13b777-ead6-4f54-9b4d-d052b8af8cb1', 'username': 'ticklishsnake134', 'password': 'doughboy', 'salt': 'QYy7uqYR', 'md5': 'a91881842e10b129fdb5d2d812ff8365', 'sha1': '23ca48e4473a50d9f86aab12d2f4b3522cc324e5', 'sha256': 'e0627cfd47e1f7034e09d4f522beba3a0e1f2f639c50a5bbe510f90f80413aa6'}, 'dob': {'date': '1962-12-20T14:56:06.234Z', 'age': 61}, 'registered': {'date': '2005-11-02T22:35:39.892Z', 'age': 18}, 'phone': '8695761723', 'cell': '9458393545', 'id': {'name': 'UIDAI', 'value': '601439667604'}, 'picture': {'large': 'https://randomuser.me/api/portraits/women/69.jpg', 'medium': 'https://randomuser.me/api/portraits/med/women/69.jpg', 'thumbnail': 'https://randomuser.me/api/portraits/thumb/women/69.jpg'}, 'nat': 'IN'}</msg>
<arg>${json_data['results'][0]}</arg>
<doc>Logs the given message with the given level.</doc>
<status status="PASS" start="2024-04-06T17:13:04.688816" elapsed="0.000380"/>
</kw>
<kw name="Log" owner="BuiltIn">
<msg time="2024-04-06T17:13:04.689584" level="INFO">gender</msg>
<arg>${key}</arg>
<doc>Logs the given message with the given level.</doc>
<status status="PASS" start="2024-04-06T17:13:04.689467" elapsed="0.000152"/>
</kw>
<var name="${key}">gender</var>
<status status="PASS" start="2024-04-06T17:13:04.687965" elapsed="0.001863"/>
</iter>
<iter>
<kw name="Dictionary Should Contain Key" owner="Collections">
<msg time="2024-04-06T17:13:04.690449" level="INFO">False</msg>
<arg>${json_data['results'][0]}</arg>
<arg>${key}</arg>
<doc>Fails if ``key`` is not found from ``dictionary``.</doc>
<status status="PASS" start="2024-04-06T17:13:04.690101" elapsed="0.000382"/>
</kw>
<kw name="Log" owner="BuiltIn">
<msg time="2024-04-06T17:13:04.691129" level="INFO">{'gender': 'female', 'name': {'title': 'Miss', 'first': 'Supriya', 'last': 'Shayana'}, 'location': {'street': {'number': 6876, 'name': 'Lindsay St'}, 'city': 'Karnal', 'state': 'Karnataka', 'country': 'India', 'postcode': 91191, 'coordinates': {'latitude': '5.9412', 'longitude': '90.7218'}, 'timezone': {'offset': '-6:00', 'description': 'Central Time (US &amp; Canada), Mexico City'}}, 'email': 'supriya.shayana@example.com', 'login': {'uuid': 'ed13b777-ead6-4f54-9b4d-d052b8af8cb1', 'username': 'ticklishsnake134', 'password': 'doughboy', 'salt': 'QYy7uqYR', 'md5': 'a91881842e10b129fdb5d2d812ff8365', 'sha1': '23ca48e4473a50d9f86aab12d2f4b3522cc324e5', 'sha256': 'e0627cfd47e1f7034e09d4f522beba3a0e1f2f639c50a5bbe510f90f80413aa6'}, 'dob': {'date': '1962-12-20T14:56:06.234Z', 'age': 61}, 'registered': {'date': '2005-11-02T22:35:39.892Z', 'age': 18}, 'phone': '8695761723', 'cell': '9458393545', 'id': {'name': 'UIDAI', 'value': '601439667604'}, 'picture': {'large': 'https://randomuser.me/api/portraits/women/69.jpg', 'medium': 'https://randomuser.me/api/portraits/med/women/69.jpg', 'thumbnail': 'https://randomuser.me/api/portraits/thumb/women/69.jpg'}, 'nat': 'IN'}</msg>
<arg>${json_data['results'][0]}</arg>
<doc>Logs the given message with the given level.</doc>
<status status="PASS" start="2024-04-06T17:13:04.690800" elapsed="0.000374"/>
</kw>
<kw name="Log" owner="BuiltIn">
<msg time="2024-04-06T17:13:04.691559" level="INFO">name</msg>
<arg>${key}</arg>
<doc>Logs the given message with the given level.</doc>
<status status="PASS" start="2024-04-06T17:13:04.691443" elapsed="0.000150"/>
</kw>
<var name="${key}">name</var>
<status status="PASS" start="2024-04-06T17:13:04.689997" elapsed="0.001795"/>
</iter>
<iter>
<kw name="Dictionary Should Contain Key" owner="Collections">
<msg time="2024-04-06T17:13:04.692400" level="INFO">False</msg>
<arg>${json_data['results'][0]}</arg>
<arg>${key}</arg>
<doc>Fails if ``key`` is not found from ``dictionary``.</doc>
<status status="PASS" start="2024-04-06T17:13:04.692057" elapsed="0.000378"/>
</kw>
<kw name="Log" owner="BuiltIn">
<msg time="2024-04-06T17:13:04.693042" level="INFO">{'gender': 'female', 'name': {'title': 'Miss', 'first': 'Supriya', 'last': 'Shayana'}, 'location': {'street': {'number': 6876, 'name': 'Lindsay St'}, 'city': 'Karnal', 'state': 'Karnataka', 'country': 'India', 'postcode': 91191, 'coordinates': {'latitude': '5.9412', 'longitude': '90.7218'}, 'timezone': {'offset': '-6:00', 'description': 'Central Time (US &amp; Canada), Mexico City'}}, 'email': 'supriya.shayana@example.com', 'login': {'uuid': 'ed13b777-ead6-4f54-9b4d-d052b8af8cb1', 'username': 'ticklishsnake134', 'password': 'doughboy', 'salt': 'QYy7uqYR', 'md5': 'a91881842e10b129fdb5d2d812ff8365', 'sha1': '23ca48e4473a50d9f86aab12d2f4b3522cc324e5', 'sha256': 'e0627cfd47e1f7034e09d4f522beba3a0e1f2f639c50a5bbe510f90f80413aa6'}, 'dob': {'date': '1962-12-20T14:56:06.234Z', 'age': 61}, 'registered': {'date': '2005-11-02T22:35:39.892Z', 'age': 18}, 'phone': '8695761723', 'cell': '9458393545', 'id': {'name': 'UIDAI', 'value': '601439667604'}, 'picture': {'large': 'https://randomuser.me/api/portraits/women/69.jpg', 'medium': 'https://randomuser.me/api/portraits/med/women/69.jpg', 'thumbnail': 'https://randomuser.me/api/portraits/thumb/women/69.jpg'}, 'nat': 'IN'}</msg>
<arg>${json_data['results'][0]}</arg>
<doc>Logs the given message with the given level.</doc>
<status status="PASS" start="2024-04-06T17:13:04.692713" elapsed="0.000377"/>
</kw>
<kw name="Log" owner="BuiltIn">
<msg time="2024-04-06T17:13:04.693473" level="INFO">location</msg>
<arg>${key}</arg>
<doc>Logs the given message with the given level.</doc>
<status status="PASS" start="2024-04-06T17:13:04.693358" elapsed="0.000149"/>
</kw>
<var name="${key}">location</var>
<status status="PASS" start="2024-04-06T17:13:04.691955" elapsed="0.001749"/>
</iter>
<iter>
<kw name="Dictionary Should Contain Key" owner="Collections">
<msg time="2024-04-06T17:13:04.694322" level="INFO">False</msg>
<arg>${json_data['results'][0]}</arg>
<arg>${key}</arg>
<doc>Fails if ``key`` is not found from ``dictionary``.</doc>
<status status="PASS" start="2024-04-06T17:13:04.693961" elapsed="0.000398"/>
</kw>
<kw name="Log" owner="BuiltIn">
<msg time="2024-04-06T17:13:04.695024" level="INFO">{'gender': 'female', 'name': {'title': 'Miss', 'first': 'Supriya', 'last': 'Shayana'}, 'location': {'street': {'number': 6876, 'name': 'Lindsay St'}, 'city': 'Karnal', 'state': 'Karnataka', 'country': 'India', 'postcode': 91191, 'coordinates': {'latitude': '5.9412', 'longitude': '90.7218'}, 'timezone': {'offset': '-6:00', 'description': 'Central Time (US &amp; Canada), Mexico City'}}, 'email': 'supriya.shayana@example.com', 'login': {'uuid': 'ed13b777-ead6-4f54-9b4d-d052b8af8cb1', 'username': 'ticklishsnake134', 'password': 'doughboy', 'salt': 'QYy7uqYR', 'md5': 'a91881842e10b129fdb5d2d812ff8365', 'sha1': '23ca48e4473a50d9f86aab12d2f4b3522cc324e5', 'sha256': 'e0627cfd47e1f7034e09d4f522beba3a0e1f2f639c50a5bbe510f90f80413aa6'}, 'dob': {'date': '1962-12-20T14:56:06.234Z', 'age': 61}, 'registered': {'date': '2005-11-02T22:35:39.892Z', 'age': 18}, 'phone': '8695761723', 'cell': '9458393545', 'id': {'name': 'UIDAI', 'value': '601439667604'}, 'picture': {'large': 'https://randomuser.me/api/portraits/women/69.jpg', 'medium': 'https://randomuser.me/api/portraits/med/women/69.jpg', 'thumbnail': 'https://randomuser.me/api/portraits/thumb/women/69.jpg'}, 'nat': 'IN'}</msg>
<arg>${json_data['results'][0]}</arg>
<doc>Logs the given message with the given level.</doc>
<status status="PASS" start="2024-04-06T17:13:04.694671" elapsed="0.000401"/>
</kw>
<kw name="Log" owner="BuiltIn">
<msg time="2024-04-06T17:13:04.695485" level="INFO">email</msg>
<arg>${key}</arg>
<doc>Logs the given message with the given level.</doc>
<status status="PASS" start="2024-04-06T17:13:04.695360" elapsed="0.000161"/>
</kw>
<var name="${key}">email</var>
<status status="PASS" start="2024-04-06T17:13:04.693861" elapsed="0.001871"/>
</iter>
<iter>
<kw name="Dictionary Should Contain Key" owner="Collections">
<msg time="2024-04-06T17:13:04.696365" level="INFO">False</msg>
<arg>${json_data['results'][0]}</arg>
<arg>${key}</arg>
<doc>Fails if ``key`` is not found from ``dictionary``.</doc>
<status status="PASS" start="2024-04-06T17:13:04.695997" elapsed="0.000404"/>
</kw>
<kw name="Log" owner="BuiltIn">
<msg time="2024-04-06T17:13:04.697041" level="INFO">{'gender': 'female', 'name': {'title': 'Miss', 'first': 'Supriya', 'last': 'Shayana'}, 'location': {'street': {'number': 6876, 'name': 'Lindsay St'}, 'city': 'Karnal', 'state': 'Karnataka', 'country': 'India', 'postcode': 91191, 'coordinates': {'latitude': '5.9412', 'longitude': '90.7218'}, 'timezone': {'offset': '-6:00', 'description': 'Central Time (US &amp; Canada), Mexico City'}}, 'email': 'supriya.shayana@example.com', 'login': {'uuid': 'ed13b777-ead6-4f54-9b4d-d052b8af8cb1', 'username': 'ticklishsnake134', 'password': 'doughboy', 'salt': 'QYy7uqYR', 'md5': 'a91881842e10b129fdb5d2d812ff8365', 'sha1': '23ca48e4473a50d9f86aab12d2f4b3522cc324e5', 'sha256': 'e0627cfd47e1f7034e09d4f522beba3a0e1f2f639c50a5bbe510f90f80413aa6'}, 'dob': {'date': '1962-12-20T14:56:06.234Z', 'age': 61}, 'registered': {'date': '2005-11-02T22:35:39.892Z', 'age': 18}, 'phone': '8695761723', 'cell': '9458393545', 'id': {'name': 'UIDAI', 'value': '601439667604'}, 'picture': {'large': 'https://randomuser.me/api/portraits/women/69.jpg', 'medium': 'https://randomuser.me/api/portraits/med/women/69.jpg', 'thumbnail': 'https://randomuser.me/api/portraits/thumb/women/69.jpg'}, 'nat': 'IN'}</msg>
<arg>${json_data['results'][0]}</arg>
<doc>Logs the given message with the given level.</doc>
<status status="PASS" start="2024-04-06T17:13:04.696686" elapsed="0.000403"/>
</kw>
<kw name="Log" owner="BuiltIn">
<msg time="2024-04-06T17:13:04.697506" level="INFO">login</msg>
<arg>${key}</arg>
<doc>Logs the given message with the given level.</doc>
<status status="PASS" start="2024-04-06T17:13:04.697381" elapsed="0.000263"/>
</kw>
<var name="${key}">login</var>
<status status="PASS" start="2024-04-06T17:13:04.695892" elapsed="0.001998"/>
</iter>
<var>${key}</var>
<value>@{expected_keys}</value>
<status status="PASS" start="2024-04-06T17:13:04.687793" elapsed="0.010215"/>
</for>
<kw name="Create List" owner="BuiltIn">
<msg time="2024-04-06T17:13:04.698308" level="INFO">${expected_keysTwo} = ['username', 'password']</msg>
<var>${expected_keysTwo}</var>
<arg>username</arg>
<arg>password</arg>
<doc>Returns a list containing given items.</doc>
<status status="PASS" start="2024-04-06T17:13:04.698184" elapsed="0.000146"/>
</kw>
<for flavor="IN">
<iter>
<kw name="Dictionary Should Contain Key" owner="Collections">
<msg time="2024-04-06T17:13:04.699150" level="INFO">False</msg>
<arg>${json_data['results'][0]['login']}</arg>
<arg>${keyTwo}</arg>
<doc>Fails if ``key`` is not found from ``dictionary``.</doc>
<status status="PASS" start="2024-04-06T17:13:04.698806" elapsed="0.000377"/>
</kw>
<kw name="Dictionary Should Contain Key" owner="Collections">
<msg time="2024-04-06T17:13:04.699802" level="INFO">False</msg>
<arg>${json_data['results'][0]['login']}</arg>
<arg>${keyTwo}</arg>
<doc>Fails if ``key`` is not found from ``dictionary``.</doc>
<status status="PASS" start="2024-04-06T17:13:04.699451" elapsed="0.000384"/>
</kw>
<kw name="Log" owner="BuiltIn">
<msg time="2024-04-06T17:13:04.700220" level="INFO">username</msg>
<arg>${keyTwo}</arg>
<doc>Logs the given message with the given level.</doc>
<status status="PASS" start="2024-04-06T17:13:04.700103" elapsed="0.000151"/>
</kw>
<var name="${keyTwo}">username</var>
<status status="PASS" start="2024-04-06T17:13:04.698704" elapsed="0.001745"/>
</iter>
<iter>
<kw name="Dictionary Should Contain Key" owner="Collections">
<msg time="2024-04-06T17:13:04.701046" level="INFO">False</msg>
<arg>${json_data['results'][0]['login']}</arg>
<arg>${keyTwo}</arg>
<doc>Fails if ``key`` is not found from ``dictionary``.</doc>
<status status="PASS" start="2024-04-06T17:13:04.700707" elapsed="0.000373"/>
</kw>
<kw name="Dictionary Should Contain Key" owner="Collections">
<msg time="2024-04-06T17:13:04.701688" level="INFO">False</msg>
<arg>${json_data['results'][0]['login']}</arg>
<arg>${keyTwo}</arg>
<doc>Fails if ``key`` is not found from ``dictionary``.</doc>
<status status="PASS" start="2024-04-06T17:13:04.701347" elapsed="0.000374"/>
</kw>
<kw name="Log" owner="BuiltIn">
<msg time="2024-04-06T17:13:04.702102" level="INFO">password</msg>
<arg>${keyTwo}</arg>
<doc>Logs the given message with the given level.</doc>
<status status="PASS" start="2024-04-06T17:13:04.701985" elapsed="0.000151"/>
</kw>
<var name="${keyTwo}">password</var>
<status status="PASS" start="2024-04-06T17:13:04.700607" elapsed="0.001724"/>
</iter>
<var>${keyTwo}</var>
<value>@{expected_keysTwo}</value>
<status status="PASS" start="2024-04-06T17:13:04.698563" elapsed="0.003880"/>
</for>
<status status="PASS" start="2024-04-06T17:13:04.566459" elapsed="0.136128"/>
</kw>
<doc>Testa a estrutura da resposta da API.</doc>
<tag>testeEstruturaResposta</tag>
<status status="PASS" start="2024-04-06T17:13:04.565587" elapsed="0.137140"/>
</test>
<test id="s1-s1-t4" name="Validar tipos de dados" line="28">
<kw name="Teste de Tipos de Dados" owner="random-user-service">
<kw name="GET On Session" owner="RequestsLibrary">
<msg time="2024-04-06T17:13:04.758899" level="INFO">GET Request : url=https://randomuser.me/api 
 path_url=/api 
 headers={'User-Agent': 'python-requests/2.31.0', 'Accept-Encoding': 'gzip, deflate', 'Accept': '*/*', 'Connection': 'keep-alive'} 
 body=None 
 </msg>
<msg time="2024-04-06T17:13:04.758970" level="INFO">GET Response : url=https://randomuser.me/api 
 status=200, reason=OK 
 headers={'Date': 'Sat, 06 Apr 2024 17:13:04 GMT', 'Content-Type': 'application/json; charset=utf-8', 'Transfer-Encoding': 'chunked', 'Connection': 'keep-alive', 'X-Powered-By': 'Express', 'Access-Control-Allow-Origin': '*', 'Cache-Control': 'no-cache', 'ETag': 'W/"479-RaPM0paxhdwtlp/vbIXVqwVTsJU"', 'Vary': 'Accept-Encoding', 'Content-Encoding': 'gzip', 'CF-Cache-Status': 'DYNAMIC', 'Report-To': '{"endpoints":[{"url":"https:\\/\\/a.nel.cloudflare.com\\/report\\/v4?s=CSYGamp9bw6rNlCfRb7HSml1%2FGD%2FRHb4SUbcPjFH%2Fid9J19TqliviacgCi15EqBWbQ0Hwe9YhZx0Bamny7yes94npP61bC2CZzGxheerb4VyYawegB8TiWj5fPdbuY3C"}],"group":"cf-nel","max_age":604800}', 'NEL': '{"success_fraction":0,"report_to":"cf-nel","max_age":604800}', 'Server': 'cloudflare', 'CF-RAY': '8703680c6b278723-ORD', 'alt-svc': 'h3=":443"; ma=86400'} 
 body={"results":[{"gender":"male","name":{"title":"Mr","first":"Jerry","last":"Daniels"},"location":{"street":{"number":3013,"name":"Walnut Hill Ln"},"city":"Townsville","state":"Queensland","country":"Australia","postcode":6890,"coordinates":{"latitude":"-81.6823","longitude":"-26.6596"},"timezone":{"offset":"-10:00","description":"Hawaii"}},"email":"jerry.daniels@example.com","login":{"uuid":"7314fd70-22f4-4024-bf9c-d967ab05c7b8","username":"organicpeacock871","password":"willy1","salt":"ij7sckto","md5":"4cbf79c18aa633edd8bc8d0cd58a1370","sha1":"e912ba4af5cdbca322d858cf77c79b7940dfd879","sha256":"cd9c683a817a93a36517521082a69d3d30dfa1bba113c7e0c6566f99e81313ba"},"dob":{"date":"1978-09-21T09:11:03.936Z","age":45},"registered":{"date":"2010-01-11T00:11:59.201Z","age":14},"phone":"06-7038-4756","cell":"0434-940-916","id":{"name":"TFN","value":"650261689"},"picture":{"large":"https://randomuser.me/api/portraits/men/49.jpg","medium":"https://randomuser.me/api/portraits/med/men/49.jpg","thumbnail":"https://randomuser.me/api/portraits/thumb/men/49.jpg"},"nat":"AU"}],"info":{"seed":"2ef21b90f6a6ca09","results":1,"page":1,"version":"1.4"}} 
 </msg>
<msg time="2024-04-06T17:13:04.759030" level="INFO">/opt/hostedtoolcache/Python/3.12.2/x64/lib/python3.12/site-packages/urllib3/connectionpool.py:1103: InsecureRequestWarning: Unverified HTTPS request is being made to host 'randomuser.me'. Adding certificate verification is strongly advised. See: https://urllib3.readthedocs.io/en/latest/advanced-usage.html#tls-warnings
  warnings.warn(</msg>
<msg time="2024-04-06T17:13:04.759130" level="INFO">${response} = &lt;Response [200]&gt;</msg>
<var>${response}</var>
<arg>consultarAPI</arg>
<arg>/api</arg>
<doc>Sends a GET request on a previously created HTTP Session.</doc>
<status status="PASS" start="2024-04-06T17:13:04.704946" elapsed="0.054231"/>
</kw>
<kw name="Set Variable" owner="BuiltIn">
<msg time="2024-04-06T17:13:04.760056" level="INFO">${json_data} = {'results': [{'gender': 'male', 'name': {'title': 'Mr', 'first': 'Jerry', 'last': 'Daniels'}, 'location': {'street': {'number': 3013, 'name': 'Walnut Hill Ln'}, 'city': 'Townsville', 'state': 'Queensl...</msg>
<var>${json_data}</var>
<arg>${response.json()}</arg>
<doc>Returns the given values which can then be assigned to a variables.</doc>
<status status="PASS" start="2024-04-06T17:13:04.759644" elapsed="0.000438"/>
</kw>
<kw name="Log" owner="BuiltIn">
<msg time="2024-04-06T17:13:04.760523" level="INFO">{'results': [{'gender': 'male', 'name': {'title': 'Mr', 'first': 'Jerry', 'last': 'Daniels'}, 'location': {'street': {'number': 3013, 'name': 'Walnut Hill Ln'}, 'city': 'Townsville', 'state': 'Queensland', 'country': 'Australia', 'postcode': 6890, 'coordinates': {'latitude': '-81.6823', 'longitude': '-26.6596'}, 'timezone': {'offset': '-10:00', 'description': 'Hawaii'}}, 'email': 'jerry.daniels@example.com', 'login': {'uuid': '7314fd70-22f4-4024-bf9c-d967ab05c7b8', 'username': 'organicpeacock871', 'password': 'willy1', 'salt': 'ij7sckto', 'md5': '4cbf79c18aa633edd8bc8d0cd58a1370', 'sha1': 'e912ba4af5cdbca322d858cf77c79b7940dfd879', 'sha256': 'cd9c683a817a93a36517521082a69d3d30dfa1bba113c7e0c6566f99e81313ba'}, 'dob': {'date': '1978-09-21T09:11:03.936Z', 'age': 45}, 'registered': {'date': '2010-01-11T00:11:59.201Z', 'age': 14}, 'phone': '06-7038-4756', 'cell': '0434-940-916', 'id': {'name': 'TFN', 'value': '650261689'}, 'picture': {'large': 'https://randomuser.me/api/portraits/men/49.jpg', 'medium': 'https://randomuser.me/api/portraits/med/men/49.jpg', 'thumbnail': 'https://randomuser.me/api/portraits/thumb/men/49.jpg'}, 'nat': 'AU'}], 'info': {'seed': '2ef21b90f6a6ca09', 'results': 1, 'page': 1, 'version': '1.4'}}</msg>
<arg>${json_data}</arg>
<doc>Logs the given message with the given level.</doc>
<status status="PASS" start="2024-04-06T17:13:04.760370" elapsed="0.000237"/>
</kw>
<kw name="Should Be String" owner="String">
<arg>${json_data['results'][0]['gender']}</arg>
<doc>Fails if the given ``item`` is not a string.</doc>
<status status="PASS" start="2024-04-06T17:13:04.760908" elapsed="0.000363"/>
</kw>
<kw name="Should Match Regexp" owner="BuiltIn">
<arg>${json_data['results'][0]['email']}</arg>
<arg>^[a-zA-Z0-9._%+-]+@[a-zA-Z0-9.-]+\.[a-zA-Z]{2,}$</arg>
<doc>Fails if ``string`` does not match ``pattern`` as a regular expression.</doc>
<status status="PASS" start="2024-04-06T17:13:04.761466" elapsed="0.000503"/>
</kw>
<kw name="Should Match Regexp" owner="BuiltIn">
<arg>${json_data['results'][0]['dob']['date']}</arg>
<arg>\\d{4}-\\d{2}-\\d{2}T\\d{2}:\\d{2}:\\d{2}\\.\\d{3}Z</arg>
<doc>Fails if ``string`` does not match ``pattern`` as a regular expression.</doc>
<status status="PASS" start="2024-04-06T17:13:04.762156" elapsed="0.000485"/>
</kw>
<kw name="Should Match Regexp" owner="BuiltIn">
<arg>${json_data['results'][0]['registered']['date']}</arg>
<arg>\\d{4}-\\d{2}-\\d{2}T\\d{2}:\\d{2}:\\d{2}\\.\\d{3}Z</arg>
<doc>Fails if ``string`` does not match ``pattern`` as a regular expression.</doc>
<status status="PASS" start="2024-04-06T17:13:04.762824" elapsed="0.000351"/>
</kw>
<kw name="Should Match Regexp" owner="BuiltIn">
<arg>${json_data['results'][0]['picture']['large']}</arg>
<arg>^https?://.*\.(?:png|jpe?g|gif|bmp)$</arg>
<doc>Fails if ``string`` does not match ``pattern`` as a regular expression.</doc>
<status status="PASS" start="2024-04-06T17:13:04.763349" elapsed="0.000419"/>
</kw>
<kw name="Should Match Regexp" owner="BuiltIn">
<arg>${json_data['results'][0]['picture']['medium']}</arg>
<arg>^https?://.*\.(?:png|jpe?g|gif|bmp)$</arg>
<doc>Fails if ``string`` does not match ``pattern`` as a regular expression.</doc>
<status status="PASS" start="2024-04-06T17:13:04.763948" elapsed="0.000328"/>
</kw>
<kw name="Should Match Regexp" owner="BuiltIn">
<arg>${json_data['results'][0]['picture']['thumbnail']}</arg>
<arg>^https?://.*\.(?:png|jpe?g|gif|bmp)$</arg>
<doc>Fails if ``string`` does not match ``pattern`` as a regular expression.</doc>
<status status="PASS" start="2024-04-06T17:13:04.764452" elapsed="0.000349"/>
</kw>
<kw name="Log" owner="BuiltIn">
<msg time="2024-04-06T17:13:04.765308" level="INFO">{'large': 'https://randomuser.me/api/portraits/men/49.jpg', 'medium': 'https://randomuser.me/api/portraits/med/men/49.jpg', 'thumbnail': 'https://randomuser.me/api/portraits/thumb/men/49.jpg'}</msg>
<arg>${json_data['results'][0]['picture']}</arg>
<doc>Logs the given message with the given level.</doc>
<status status="PASS" start="2024-04-06T17:13:04.764981" elapsed="0.000368"/>
</kw>
<status status="PASS" start="2024-04-06T17:13:04.704720" elapsed="0.060881"/>
</kw>
<kw name="Teste de Tipos de Dados - Postcode" owner="random-user-service">
<kw name="GET On Session" owner="RequestsLibrary">
<msg time="2024-04-06T17:13:04.861518" level="INFO">GET Request : url=https://randomuser.me/api 
 path_url=/api 
 headers={'User-Agent': 'python-requests/2.31.0', 'Accept-Encoding': 'gzip, deflate', 'Accept': '*/*', 'Connection': 'keep-alive'} 
 body=None 
 </msg>
<msg time="2024-04-06T17:13:04.861588" level="INFO">GET Response : url=https://randomuser.me/api 
 status=200, reason=OK 
 headers={'Date': 'Sat, 06 Apr 2024 17:13:04 GMT', 'Content-Type': 'application/json; charset=utf-8', 'Transfer-Encoding': 'chunked', 'Connection': 'keep-alive', 'X-Powered-By': 'Express', 'Access-Control-Allow-Origin': '*', 'Cache-Control': 'no-cache', 'ETag': 'W/"473-xGE/IqsdhI7HPaDpq5yXMSApOOk"', 'Vary': 'Accept-Encoding', 'Content-Encoding': 'gzip', 'CF-Cache-Status': 'DYNAMIC', 'Report-To': '{"endpoints":[{"url":"https:\\/\\/a.nel.cloudflare.com\\/report\\/v4?s=SWriuB71EeYmScrKpGHkj2snpsvup7LG2Of6G%2FtGGGlUgdRmavnGTQiphpYvUqoCww5aqcZXqsj4NCT3tPUkpSCx8GgFSMkSG7iXv6hJATf6tSSe0flD4g5TfHUMzq6a"}],"group":"cf-nel","max_age":604800}', 'NEL': '{"success_fraction":0,"report_to":"cf-nel","max_age":604800}', 'Server': 'cloudflare', 'CF-RAY': '8703680ccb9f8723-ORD', 'alt-svc': 'h3=":443"; ma=86400'} 
 body={"results":[{"gender":"female","name":{"title":"Ms","first":"Ava","last":"Jackson"},"location":{"street":{"number":4032,"name":"Cameron Road"},"city":"Nelson","state":"Manawatu-Wanganui","country":"New Zealand","postcode":88075,"coordinates":{"latitude":"49.5703","longitude":"63.5163"},"timezone":{"offset":"+3:30","description":"Tehran"}},"email":"ava.jackson@example.com","login":{"uuid":"25b96185-d592-43ef-8e7a-6fb58ff47df3","username":"redgorilla954","password":"juice","salt":"wLjm39q3","md5":"7b2a6f3ba50a08f27afc5878792c6342","sha1":"bfbe1cf092fe7bedfba8448680d408e425fb63f1","sha256":"f60e620032932c09efff07c639b329053244d16f0f62baa8521f0e4f08d531be"},"dob":{"date":"1985-08-06T04:56:50.033Z","age":38},"registered":{"date":"2009-04-26T03:16:26.182Z","age":14},"phone":"(992)-489-2483","cell":"(637)-441-5367","id":{"name":"","value":null},"picture":{"large":"https://randomuser.me/api/portraits/women/49.jpg","medium":"https://randomuser.me/api/portraits/med/women/49.jpg","thumbnail":"https://randomuser.me/api/portraits/thumb/women/49.jpg"},"nat":"NZ"}],"info":{"seed":"72da54cf9b6539e9","results":1,"page":1,"version":"1.4"}} 
 </msg>
<msg time="2024-04-06T17:13:04.861659" level="INFO">/opt/hostedtoolcache/Python/3.12.2/x64/lib/python3.12/site-packages/urllib3/connectionpool.py:1103: InsecureRequestWarning: Unverified HTTPS request is being made to host 'randomuser.me'. Adding certificate verification is strongly advised. See: https://urllib3.readthedocs.io/en/latest/advanced-usage.html#tls-warnings
  warnings.warn(</msg>
<msg time="2024-04-06T17:13:04.861753" level="INFO">${response} = &lt;Response [200]&gt;</msg>
<var>${response}</var>
<arg>consultarAPI</arg>
<arg>/api</arg>
<doc>Sends a GET request on a previously created HTTP Session.</doc>
<status status="PASS" start="2024-04-06T17:13:04.766125" elapsed="0.095671"/>
</kw>
<kw name="Set Variable" owner="BuiltIn">
<msg time="2024-04-06T17:13:04.862639" level="INFO">${json_data} = {'results': [{'gender': 'female', 'name': {'title': 'Ms', 'first': 'Ava', 'last': 'Jackson'}, 'location': {'street': {'number': 4032, 'name': 'Cameron Road'}, 'city': 'Nelson', 'state': 'Manawatu-Wang...</msg>
<var>${json_data}</var>
<arg>${response.json()}</arg>
<doc>Returns the given values which can then be assigned to a variables.</doc>
<status status="PASS" start="2024-04-06T17:13:04.862181" elapsed="0.000495"/>
</kw>
<kw name="Log" owner="BuiltIn">
<msg time="2024-04-06T17:13:04.863127" level="INFO">{'results': [{'gender': 'female', 'name': {'title': 'Ms', 'first': 'Ava', 'last': 'Jackson'}, 'location': {'street': {'number': 4032, 'name': 'Cameron Road'}, 'city': 'Nelson', 'state': 'Manawatu-Wanganui', 'country': 'New Zealand', 'postcode': 88075, 'coordinates': {'latitude': '49.5703', 'longitude': '63.5163'}, 'timezone': {'offset': '+3:30', 'description': 'Tehran'}}, 'email': 'ava.jackson@example.com', 'login': {'uuid': '25b96185-d592-43ef-8e7a-6fb58ff47df3', 'username': 'redgorilla954', 'password': 'juice', 'salt': 'wLjm39q3', 'md5': '7b2a6f3ba50a08f27afc5878792c6342', 'sha1': 'bfbe1cf092fe7bedfba8448680d408e425fb63f1', 'sha256': 'f60e620032932c09efff07c639b329053244d16f0f62baa8521f0e4f08d531be'}, 'dob': {'date': '1985-08-06T04:56:50.033Z', 'age': 38}, 'registered': {'date': '2009-04-26T03:16:26.182Z', 'age': 14}, 'phone': '(992)-489-2483', 'cell': '(637)-441-5367', 'id': {'name': '', 'value': None}, 'picture': {'large': 'https://randomuser.me/api/portraits/women/49.jpg', 'medium': 'https://randomuser.me/api/portraits/med/women/49.jpg', 'thumbnail': 'https://randomuser.me/api/portraits/thumb/women/49.jpg'}, 'nat': 'NZ'}], 'info': {'seed': '72da54cf9b6539e9', 'results': 1, 'page': 1, 'version': '1.4'}}</msg>
<arg>${json_data}</arg>
<doc>Logs the given message with the given level.</doc>
<status status="PASS" start="2024-04-06T17:13:04.862976" elapsed="0.000227"/>
</kw>
<kw name="Should Be Equal As Numbers" owner="BuiltIn">
<arg>${json_data['results'][0]['location']['postcode']}</arg>
<arg>${json_data['results'][0]['location']['postcode']}</arg>
<doc>Fails if objects are unequal after converting them to real numbers.</doc>
<status status="PASS" start="2024-04-06T17:13:04.863500" elapsed="0.000614"/>
</kw>
<kw name="Log" owner="BuiltIn">
<msg time="2024-04-06T17:13:04.864596" level="INFO">88075</msg>
<arg>${json_data['results'][0]['location']['postcode']}</arg>
<doc>Logs the given message with the given level.</doc>
<status status="PASS" start="2024-04-06T17:13:04.864290" elapsed="0.000342"/>
</kw>
<status status="PASS" start="2024-04-06T17:13:04.765809" elapsed="0.099052"/>
</kw>
<doc>Testa se os tipos de dados na resposta da API estão corretos.</doc>
<tag>testeTiposDados</tag>
<status status="PASS" start="2024-04-06T17:13:04.704313" elapsed="0.160706"/>
</test>
<test id="s1-s1-t5" name="Validar conteudo" line="35">
<kw name="Teste de Tipos de Conteudo" owner="random-user-service">
<kw name="GET On Session" owner="RequestsLibrary">
<msg time="2024-04-06T17:13:04.960617" level="INFO">GET Request : url=https://randomuser.me/api 
 path_url=/api 
 headers={'User-Agent': 'python-requests/2.31.0', 'Accept-Encoding': 'gzip, deflate', 'Accept': '*/*', 'Connection': 'keep-alive'} 
 body=None 
 </msg>
<msg time="2024-04-06T17:13:04.960717" level="INFO">GET Response : url=https://randomuser.me/api 
 status=200, reason=OK 
 headers={'Date': 'Sat, 06 Apr 2024 17:13:04 GMT', 'Content-Type': 'application/json; charset=utf-8', 'Transfer-Encoding': 'chunked', 'Connection': 'keep-alive', 'X-Powered-By': 'Express', 'Access-Control-Allow-Origin': '*', 'Cache-Control': 'no-cache', 'ETag': 'W/"479-f2M0JIgvtNGC7daEzsfZUo0tjXE"', 'Vary': 'Accept-Encoding', 'Content-Encoding': 'gzip', 'CF-Cache-Status': 'DYNAMIC', 'Report-To': '{"endpoints":[{"url":"https:\\/\\/a.nel.cloudflare.com\\/report\\/v4?s=jxMTTs%2FNg1%2Fz8V0XS1oAK2U6XbAFkLEo0TVU667rqXAUJi%2BRuTE%2FlgF9F0dKysun3PTaFF7f2UkQNv6fxZBTHi0%2Bs2cMVsy5sv57DTr8fDfcgIXA4mxyDP8IC%2BKAsPKb"}],"group":"cf-nel","max_age":604800}', 'NEL': '{"success_fraction":0,"report_to":"cf-nel","max_age":604800}', 'Server': 'cloudflare', 'CF-RAY': '8703680d6c988723-ORD', 'alt-svc': 'h3=":443"; ma=86400'} 
 body={"results":[{"gender":"female","name":{"title":"Mrs","first":"Asta","last":"Pedersen"},"location":{"street":{"number":5150,"name":"Oddenvej"},"city":"Sønder Stenderup","state":"Danmark","country":"Denmark","postcode":62713,"coordinates":{"latitude":"-39.8009","longitude":"176.8391"},"timezone":{"offset":"+5:45","description":"Kathmandu"}},"email":"asta.pedersen@example.com","login":{"uuid":"1b8b89d2-96a5-4447-948f-639ee2c5429d","username":"yellowgorilla277","password":"lancer","salt":"xOupqELt","md5":"f84b5e3e9485c89f7087ab7a06057450","sha1":"147dd6f2413e80cf0b509ab936482baef178c3e9","sha256":"97091a3603008d7a0ce5c0888de6a9fa0f0448eb4345666c6460ff1a1d954dd6"},"dob":{"date":"1977-01-17T07:32:18.778Z","age":47},"registered":{"date":"2020-10-20T10:31:55.376Z","age":3},"phone":"17331588","cell":"65229082","id":{"name":"CPR","value":"170177-7402"},"picture":{"large":"https://randomuser.me/api/portraits/women/87.jpg","medium":"https://randomuser.me/api/portraits/med/women/87.jpg","thumbnail":"https://randomuser.me/api/portraits/thumb/women/87.jpg"},"nat":"DK"}],"info":{"seed":"0fa02d10612ff50c","results":1,"page":1,"version":"1.4"}} 
 </msg>
<msg time="2024-04-06T17:13:04.960791" level="INFO">/opt/hostedtoolcache/Python/3.12.2/x64/lib/python3.12/site-packages/urllib3/connectionpool.py:1103: InsecureRequestWarning: Unverified HTTPS request is being made to host 'randomuser.me'. Adding certificate verification is strongly advised. See: https://urllib3.readthedocs.io/en/latest/advanced-usage.html#tls-warnings
  warnings.warn(</msg>
<msg time="2024-04-06T17:13:04.960931" level="INFO">${response} = &lt;Response [200]&gt;</msg>
<var>${response}</var>
<arg>consultarAPI</arg>
<arg>/api</arg>
<doc>Sends a GET request on a previously created HTTP Session.</doc>
<status status="PASS" start="2024-04-06T17:13:04.867364" elapsed="0.093621"/>
</kw>
<kw name="Set Variable" owner="BuiltIn">
<msg time="2024-04-06T17:13:04.962111" level="INFO">${json_data} = {'results': [{'gender': 'female', 'name': {'title': 'Mrs', 'first': 'Asta', 'last': 'Pedersen'}, 'location': {'street': {'number': 5150, 'name': 'Oddenvej'}, 'city': 'Sønder Stenderup', 'state': 'Danm...</msg>
<var>${json_data}</var>
<arg>${response.json()}</arg>
<doc>Returns the given values which can then be assigned to a variables.</doc>
<status status="PASS" start="2024-04-06T17:13:04.961550" elapsed="0.000589"/>
</kw>
<kw name="Set Variable" owner="BuiltIn">
<msg time="2024-04-06T17:13:04.962835" level="INFO">${name_title} = Mrs</msg>
<var>${name_title}</var>
<arg>${json_data["results"][0]["name"]["title"]}</arg>
<doc>Returns the given values which can then be assigned to a variables.</doc>
<status status="PASS" start="2024-04-06T17:13:04.962440" elapsed="0.000418"/>
</kw>
<kw name="Create List" owner="BuiltIn">
<msg time="2024-04-06T17:13:04.963268" level="INFO">${allowed_titles} = ['Mr', 'Ms', 'Miss', 'Mrs', 'Madame', 'Monsieur']</msg>
<var>${allowed_titles}</var>
<arg>Mr</arg>
<arg>Ms</arg>
<arg>Miss</arg>
<arg>Mrs</arg>
<arg>Madame</arg>
<arg>Monsieur</arg>
<doc>Returns a list containing given items.</doc>
<status status="PASS" start="2024-04-06T17:13:04.963132" elapsed="0.000158"/>
</kw>
<kw name="List Should Contain Value" owner="Collections">
<msg time="2024-04-06T17:13:04.963737" level="INFO">False</msg>
<arg>${allowed_titles}</arg>
<arg>${name_title}</arg>
<doc>Fails if the ``value`` is not found from ``list``.</doc>
<status status="PASS" start="2024-04-06T17:13:04.963571" elapsed="0.000202"/>
</kw>
<kw name="Set Variable" owner="BuiltIn">
<msg time="2024-04-06T17:13:04.964430" level="INFO">${name_country} = DK</msg>
<var>${name_country}</var>
<arg>${json_data["results"][0]["nat"]}</arg>
<doc>Returns the given values which can then be assigned to a variables.</doc>
<status status="PASS" start="2024-04-06T17:13:04.964057" elapsed="0.000398"/>
</kw>
<kw name="Create List" owner="BuiltIn">
<msg time="2024-04-06T17:13:04.965356" level="INFO">${list_country} = ['AD', 'AE', 'AF', 'AG', 'AI', 'AL', 'AM', 'AO', 'AQ', 'AR', 'AS', 'AT', 'AU', 'AW', 'AX', 'AZ', 'BA', 'BB', 'BD', 'BE', 'BF', 'BG', 'BH', 'BI', 'BJ', 'BL', 'BM', 'BN', 'BO', 'BQ', 'BR', 'BS', 'BT', '...</msg>
<var>${list_country}</var>
<arg>AD</arg>
<arg>AE</arg>
<arg>AF</arg>
<arg>AG</arg>
<arg>AI</arg>
<arg>AL</arg>
<arg>AM</arg>
<arg>AO</arg>
<arg>AQ</arg>
<arg>AR</arg>
<arg>AS</arg>
<arg>AT</arg>
<arg>AU</arg>
<arg>AW</arg>
<arg>AX</arg>
<arg>AZ</arg>
<arg>BA</arg>
<arg>BB</arg>
<arg>BD</arg>
<arg>BE</arg>
<arg>BF</arg>
<arg>BG</arg>
<arg>BH</arg>
<arg>BI</arg>
<arg>BJ</arg>
<arg>BL</arg>
<arg>BM</arg>
<arg>BN</arg>
<arg>BO</arg>
<arg>BQ</arg>
<arg>BR</arg>
<arg>BS</arg>
<arg>BT</arg>
<arg>BV</arg>
<arg>BW</arg>
<arg>BY</arg>
<arg>BZ</arg>
<arg>CA</arg>
<arg>CC</arg>
<arg>CD</arg>
<arg>CF</arg>
<arg>CG</arg>
<arg>CH</arg>
<arg>CI</arg>
<arg>CK</arg>
<arg>CL</arg>
<arg>CM</arg>
<arg>CN</arg>
<arg>CO</arg>
<arg>CR</arg>
<arg>CU</arg>
<arg>CV</arg>
<arg>CW</arg>
<arg>CX</arg>
<arg>CY</arg>
<arg>CZ</arg>
<arg>DE</arg>
<arg>DJ</arg>
<arg>DK</arg>
<arg>DM</arg>
<arg>DO</arg>
<arg>DZ</arg>
<arg>EC</arg>
<arg>EE</arg>
<arg>EG</arg>
<arg>EH</arg>
<arg>ER</arg>
<arg>ES</arg>
<arg>ET</arg>
<arg>FI</arg>
<arg>FJ</arg>
<arg>FK</arg>
<arg>FM</arg>
<arg>FO</arg>
<arg>FR</arg>
<arg>GA</arg>
<arg>GB</arg>
<arg>GD</arg>
<arg>GE</arg>
<arg>GF</arg>
<arg>GG</arg>
<arg>GH</arg>
<arg>GI</arg>
<arg>GL</arg>
<arg>GM</arg>
<arg>GN</arg>
<arg>GP</arg>
<arg>GQ</arg>
<arg>GR</arg>
<arg>GS</arg>
<arg>GT</arg>
<arg>GU</arg>
<arg>GW</arg>
<arg>GY</arg>
<arg>HK</arg>
<arg>HM</arg>
<arg>HN</arg>
<arg>HR</arg>
<arg>HT</arg>
<arg>HU</arg>
<arg>ID</arg>
<arg>IE</arg>
<arg>IL</arg>
<arg>IM</arg>
<arg>IN</arg>
<arg>IO</arg>
<arg>IQ</arg>
<arg>IR</arg>
<arg>IS</arg>
<arg>IT</arg>
<arg>JE</arg>
<arg>JM</arg>
<arg>JO</arg>
<arg>JP</arg>
<arg>KE</arg>
<arg>KG</arg>
<arg>KH</arg>
<arg>KI</arg>
<arg>KM</arg>
<arg>KN</arg>
<arg>KP</arg>
<arg>KR</arg>
<arg>KW</arg>
<arg>KY</arg>
<arg>KZ</arg>
<arg>LA</arg>
<arg>LB</arg>
<arg>LC</arg>
<arg>LI</arg>
<arg>LK</arg>
<arg>LR</arg>
<arg>LS</arg>
<arg>LT</arg>
<arg>LU</arg>
<arg>LV</arg>
<arg>LY</arg>
<arg>MA</arg>
<arg>MC</arg>
<arg>MD</arg>
<arg>ME</arg>
<arg>MF</arg>
<arg>MG</arg>
<arg>MH</arg>
<arg>MK</arg>
<arg>ML</arg>
<arg>MM</arg>
<arg>MN</arg>
<arg>MO</arg>
<arg>MP</arg>
<arg>MQ</arg>
<arg>MR</arg>
<arg>MS</arg>
<arg>MT</arg>
<arg>MU</arg>
<arg>MV</arg>
<arg>MW</arg>
<arg>MX</arg>
<arg>MY</arg>
<arg>MZ</arg>
<arg>NA</arg>
<arg>NC</arg>
<arg>NE</arg>
<arg>NF</arg>
<arg>NG</arg>
<arg>NI</arg>
<arg>NL</arg>
<arg>NO</arg>
<arg>NP</arg>
<arg>NR</arg>
<arg>NU</arg>
<arg>NZ</arg>
<arg>OM</arg>
<arg>PA</arg>
<arg>PE</arg>
<arg>PF</arg>
<arg>PG</arg>
<arg>PH</arg>
<arg>PK</arg>
<arg>PL</arg>
<arg>PM</arg>
<arg>PN</arg>
<arg>PR</arg>
<arg>PS</arg>
<arg>PT</arg>
<arg>PW</arg>
<arg>PY</arg>
<arg>QA</arg>
<arg>RE</arg>
<arg>RO</arg>
<arg>RS</arg>
<arg>RU</arg>
<arg>RW</arg>
<arg>SA</arg>
<arg>SB</arg>
<arg>SC</arg>
<arg>SD</arg>
<arg>SE</arg>
<arg>SG</arg>
<arg>SH</arg>
<arg>SI</arg>
<arg>SJ</arg>
<arg>SK</arg>
<arg>SL</arg>
<arg>SM</arg>
<arg>SN</arg>
<arg>SO</arg>
<arg>SR</arg>
<arg>SS</arg>
<arg>ST</arg>
<arg>SV</arg>
<arg>SX</arg>
<arg>SY</arg>
<arg>SZ</arg>
<arg>TC</arg>
<arg>TD</arg>
<arg>TF</arg>
<arg>TG</arg>
<arg>TH</arg>
<arg>TJ</arg>
<arg>TK</arg>
<arg>TL</arg>
<arg>TM</arg>
<arg>TN</arg>
<arg>TO</arg>
<arg>TR</arg>
<arg>TT</arg>
<arg>TV</arg>
<arg>TW</arg>
<arg>TZ</arg>
<arg>UA</arg>
<arg>UG</arg>
<arg>UM</arg>
<arg>US</arg>
<arg>UY</arg>
<arg>UZ</arg>
<arg>VA</arg>
<arg>VC</arg>
<arg>VE</arg>
<arg>VG</arg>
<arg>VI</arg>
<arg>VN</arg>
<arg>VU</arg>
<arg>WF</arg>
<arg>WS</arg>
<arg>XK</arg>
<arg>YE</arg>
<arg>YT</arg>
<arg>ZA</arg>
<arg>ZM</arg>
<arg>ZW</arg>
<doc>Returns a list containing given items.</doc>
<status status="PASS" start="2024-04-06T17:13:04.964760" elapsed="0.000622"/>
</kw>
<kw name="List Should Contain Value" owner="Collections">
<msg time="2024-04-06T17:13:04.966477" level="INFO">False</msg>
<arg>${list_country}</arg>
<arg>${name_country}</arg>
<doc>Fails if the ``value`` is not found from ``list``.</doc>
<status status="PASS" start="2024-04-06T17:13:04.966273" elapsed="0.000241"/>
</kw>
<kw name="Run Keyword If" owner="BuiltIn">
<kw name="Should Be True" owner="BuiltIn">
<arg>${True}</arg>
<doc>Fails if the given condition is not true.</doc>
<status status="PASS" start="2024-04-06T17:13:04.967595" elapsed="0.000147"/>
</kw>
<arg>${json_data["results"][0]["location"]["coordinates"]["latitude"]} &gt;= -90 and ${json_data["results"][0]["location"]["coordinates"]["latitude"]} &lt;= 90</arg>
<arg>Should Be True</arg>
<arg>${True}</arg>
<doc>Runs the given keyword with the given arguments, if ``condition`` is true.</doc>
<status status="PASS" start="2024-04-06T17:13:04.966846" elapsed="0.001025"/>
</kw>
<kw name="Run Keyword If" owner="BuiltIn">
<kw name="Should Be True" owner="BuiltIn">
<arg>${True}</arg>
<doc>Fails if the given condition is not true.</doc>
<status status="PASS" start="2024-04-06T17:13:04.968679" elapsed="0.000125"/>
</kw>
<arg>${json_data["results"][0]["location"]["coordinates"]["longitude"]} &gt;= -180 and ${json_data["results"][0]["location"]["coordinates"]["longitude"]} &lt;= 180</arg>
<arg>Should Be True</arg>
<arg>${True}</arg>
<doc>Runs the given keyword with the given arguments, if ``condition`` is true.</doc>
<status status="PASS" start="2024-04-06T17:13:04.968042" elapsed="0.000882"/>
</kw>
<status status="PASS" start="2024-04-06T17:13:04.867143" elapsed="0.101899"/>
</kw>
<doc>Testa o conteúdo específico dos campos retornados pela API.</doc>
<tag>testeConteudo</tag>
<status status="PASS" start="2024-04-06T17:13:04.866734" elapsed="0.102441"/>
</test>
<status status="PASS" start="2024-04-06T17:13:04.205573" elapsed="0.765341"/>
</suite>
<status status="PASS" start="2024-04-06T17:13:04.190721" elapsed="0.785045"/>
</suite>
<statistics>
<total>
<stat pass="5" fail="0" skip="0">All Tests</stat>
</total>
<tag>
<stat pass="1" fail="0" skip="0">testeConteudo</stat>
<stat pass="1" fail="0" skip="0">testeEstruturaResposta</stat>
<stat pass="1" fail="0" skip="0">testeRequisicaoBasica</stat>
<stat pass="1" fail="0" skip="0">testeTiposDados</stat>
</tag>
<suite>
<stat pass="5" fail="0" skip="0" id="s1" name="Tests">Tests</stat>
<stat pass="5" fail="0" skip="0" id="s1-s1" name="Random-User-Test">Tests.Random-User-Test</stat>
</suite>
</statistics>
<errors>
</errors>
</robot>
