<?xml version="1.0" encoding="UTF-8"?>
<robot generator="Robot 7.0.1 (Python 3.12.4 on linux)" generated="2024-07-24T12:28:56.680599" rpa="false" schemaversion="5">
<suite id="s1" name="Tests" source="/home/runner/work/ApiRandomUser/ApiRandomUser/RamdonUser/tests">
<suite id="s1-s1" name="Random-User-Test" source="/home/runner/work/ApiRandomUser/ApiRandomUser/RamdonUser/tests/random-user-test.robot">
<test id="s1-s1-t1" name="Conectar" line="13">
<kw name="Conectar API" owner="random-user-service">
<kw name="Create Session" owner="RequestsLibrary">
<msg time="2024-07-24T12:28:57.076550" level="INFO">Creating Session using : alias=consultarAPI, url=https://randomuser.me/, headers={},                     cookies={}, auth=None, timeout=None, proxies=None, verify=False,                     debug=0 </msg>
<arg>consultarAPI</arg>
<arg>${URL}</arg>
<doc>Create Session: create a HTTP session to a server</doc>
<status status="PASS" start="2024-07-24T12:28:57.076348" elapsed="0.000394"/>
</kw>
<status status="PASS" start="2024-07-24T12:28:57.075279" elapsed="0.001838"/>
</kw>
<status status="PASS" start="2024-07-24T12:28:57.074687" elapsed="0.002623"/>
</test>
<test id="s1-s1-t2" name="Validar retorno 200 e JSON Válido" line="16">
<kw name="Teste de Requisicao Basica" owner="random-user-service">
<kw name="GET On Session" owner="RequestsLibrary">
<msg time="2024-07-24T12:28:57.296726" level="INFO">GET Request : url=https://randomuser.me/api 
 path_url=/api 
 headers={'User-Agent': 'python-requests/2.32.3', 'Accept-Encoding': 'gzip, deflate', 'Accept': '*/*', 'Connection': 'keep-alive'} 
 body=None 
 </msg>
<msg time="2024-07-24T12:28:57.296901" level="INFO">GET Response : url=https://randomuser.me/api 
 status=200, reason=OK 
 headers={'Date': 'Wed, 24 Jul 2024 12:28:57 GMT', 'Content-Type': 'application/json; charset=utf-8', 'Transfer-Encoding': 'chunked', 'Connection': 'keep-alive', 'X-Powered-By': 'Express', 'Access-Control-Allow-Origin': '*', 'Cache-Control': 'no-cache', 'ETag': 'W/"49a-BqIBU9AxwCcGcJtUJBGXe9DW6hM"', 'Vary': 'Accept-Encoding', 'Content-Encoding': 'gzip', 'CF-Cache-Status': 'DYNAMIC', 'Report-To': '{"endpoints":[{"url":"https:\\/\\/a.nel.cloudflare.com\\/report\\/v4?s=ui2exqLq%2BZ6pX5OlkC7Svbr2GUd3yOIWz0NxDdmFsV4MQrtA3ZNWLPAgsyB%2BiEFAAbDowzsDYM0u%2F2n9uzw%2BcHakwpKs5estQJzxhc3RyKdVqwSXxPKeGHoFTzL5w%2FYY"}],"group":"cf-nel","max_age":604800}', 'NEL': '{"success_fraction":0,"report_to":"cf-nel","max_age":604800}', 'Server': 'cloudflare', 'CF-RAY': '8a83e9b98fcd1682-SJC', 'alt-svc': 'h3=":443"; ma=86400'} 
 body={"results":[{"gender":"female","name":{"title":"Mrs","first":"Sofia","last":"Reetz"},"location":{"street":{"number":7430,"name":"Berliner Straße"},"city":"Espelkamp","state":"Bremen","country":"Germany","postcode":53760,"coordinates":{"latitude":"-55.6243","longitude":"140.4072"},"timezone":{"offset":"+10:00","description":"Eastern Australia, Guam, Vladivostok"}},"email":"sofia.reetz@example.com","login":{"uuid":"eb9fb134-781d-49b6-b3f4-191372ac71d5","username":"crazybird630","password":"whatup","salt":"Ff1JRynm","md5":"eb76422804a9487195dc29c98e467867","sha1":"acb89835c1bc0eef32e073c07b2757d3ebac3739","sha256":"15dd42653cc378d2d7ec034bb09731fd96b747a93582fdece173908f04a3143e"},"dob":{"date":"1951-07-17T07:14:08.852Z","age":73},"registered":{"date":"2007-01-19T04:27:39.882Z","age":17},"phone":"0167-4083672","cell":"0173-8866469","id":{"name":"SVNR","value":"65 170751 R 703"},"picture":{"large":"https://randomuser.me/api/portraits/women/46.jpg","medium":"https://randomuser.me/api/portraits/med/women/46.jpg","thumbnail":"https://randomuser.me/api/portraits/thumb/women/46.jpg"},"nat":"DE"}],"info":{"seed":"c052439c1af01f3c","results":1,"page":1,"version":"1.4"}} 
 </msg>
<msg time="2024-07-24T12:28:57.296989" level="INFO">/opt/hostedtoolcache/Python/3.12.4/x64/lib/python3.12/site-packages/urllib3/connectionpool.py:1099: InsecureRequestWarning: Unverified HTTPS request is being made to host 'randomuser.me'. Adding certificate verification is strongly advised. See: https://urllib3.readthedocs.io/en/latest/advanced-usage.html#tls-warnings
  warnings.warn(</msg>
<msg time="2024-07-24T12:28:57.297134" level="INFO">${response} = &lt;Response [200]&gt;</msg>
<var>${response}</var>
<arg>consultarAPI</arg>
<arg>/api</arg>
<doc>Sends a GET request on a previously created HTTP Session.</doc>
<status status="PASS" start="2024-07-24T12:28:57.079902" elapsed="0.217275"/>
</kw>
<kw name="Should Be Equal As Numbers" owner="BuiltIn">
<msg time="2024-07-24T12:28:57.298279" level="INFO">Argument types are:
&lt;class 'int'&gt;
&lt;class 'str'&gt;</msg>
<arg>${response.status_code}</arg>
<arg>200</arg>
<doc>Fails if objects are unequal after converting them to real numbers.</doc>
<status status="PASS" start="2024-07-24T12:28:57.297795" elapsed="0.000552"/>
</kw>
<kw name="Log" owner="BuiltIn">
<msg time="2024-07-24T12:28:57.299024" level="INFO">200</msg>
<arg>${response.status_code}</arg>
<doc>Logs the given message with the given level.</doc>
<status status="PASS" start="2024-07-24T12:28:57.298668" elapsed="0.000401"/>
</kw>
<kw name="Set Variable" owner="BuiltIn">
<msg time="2024-07-24T12:28:57.299858" level="INFO">${json_data} = {'results': [{'gender': 'female', 'name': {'title': 'Mrs', 'first': 'Sofia', 'last': 'Reetz'}, 'location': {'street': {'number': 7430, 'name': 'Berliner Straße'}, 'city': 'Espelkamp', 'state': 'Bremen...</msg>
<var>${json_data}</var>
<arg>${response.json()}</arg>
<doc>Returns the given values which can then be assigned to a variables.</doc>
<status status="PASS" start="2024-07-24T12:28:57.299374" elapsed="0.000514"/>
</kw>
<kw name="Dictionary Should Contain Key" owner="Collections">
<arg>${json_data}</arg>
<arg>results</arg>
<doc>Fails if ``key`` is not found from ``dictionary``.</doc>
<status status="PASS" start="2024-07-24T12:28:57.300202" elapsed="0.000331"/>
</kw>
<status status="PASS" start="2024-07-24T12:28:57.079662" elapsed="0.221026"/>
</kw>
<doc>Testa se a API responde corretamente e retorna um objeto JSON válido.</doc>
<tag>testeRequisicaoBasica</tag>
<status status="PASS" start="2024-07-24T12:28:57.079202" elapsed="0.221660"/>
</test>
<test id="s1-s1-t3" name="Validar estrutura de resposta" line="22">
<kw name="Teste de Estrutura de Resposta" owner="random-user-service">
<kw name="GET On Session" owner="RequestsLibrary">
<msg time="2024-07-24T12:28:57.405876" level="INFO">GET Request : url=https://randomuser.me/api 
 path_url=/api 
 headers={'User-Agent': 'python-requests/2.32.3', 'Accept-Encoding': 'gzip, deflate', 'Accept': '*/*', 'Connection': 'keep-alive'} 
 body=None 
 </msg>
<msg time="2024-07-24T12:28:57.405982" level="INFO">GET Response : url=https://randomuser.me/api 
 status=200, reason=OK 
 headers={'Date': 'Wed, 24 Jul 2024 12:28:57 GMT', 'Content-Type': 'application/json; charset=utf-8', 'Transfer-Encoding': 'chunked', 'Connection': 'keep-alive', 'X-Powered-By': 'Express', 'Access-Control-Allow-Origin': '*', 'Cache-Control': 'no-cache', 'ETag': 'W/"474-zJcwJcR54YTzJpjGqnLGc/gjTWo"', 'Vary': 'Accept-Encoding', 'Content-Encoding': 'gzip', 'CF-Cache-Status': 'DYNAMIC', 'Report-To': '{"endpoints":[{"url":"https:\\/\\/a.nel.cloudflare.com\\/report\\/v4?s=69A2pKOLzxWm1GRZ1GIiPTGa8dgI%2Bs8nkx%2FiiMl2OGi4SCyByvzOj0SaaDhHl2rtJqZfXrxP53IHJYoubQOfxDTSkblLGfBwp%2FehA3ZHGHZfwNSobtAF7Lv32%2Fb8f0sP"}],"group":"cf-nel","max_age":604800}', 'NEL': '{"success_fraction":0,"report_to":"cf-nel","max_age":604800}', 'Server': 'cloudflare', 'CF-RAY': '8a83e9ba285a1682-SJC', 'alt-svc': 'h3=":443"; ma=86400'} 
 body={"results":[{"gender":"male","name":{"title":"Mr","first":"Živan","last":"Tošić"},"location":{"street":{"number":7450,"name":"Prvog Maja"},"city":"Plandište","state":"Central Banat","country":"Serbia","postcode":17812,"coordinates":{"latitude":"63.1906","longitude":"-161.3271"},"timezone":{"offset":"-2:00","description":"Mid-Atlantic"}},"email":"zivan.tosic@example.com","login":{"uuid":"fd6bb911-8af1-499c-b4be-a9121f3bea47","username":"sadtiger700","password":"coolio","salt":"HN8hKKVo","md5":"29ad1afca197dffc2f4c42ed40dc1c0e","sha1":"d527593e5f91e32c0cb99a5b1149a691426539aa","sha256":"5908b544e0279840ef016e94887bfc015814b94aadfc70f37638a1190a08a14c"},"dob":{"date":"1977-02-10T10:26:08.115Z","age":47},"registered":{"date":"2004-02-17T18:54:19.984Z","age":20},"phone":"019-2796-242","cell":"063-6758-300","id":{"name":"SID","value":"700492097"},"picture":{"large":"https://randomuser.me/api/portraits/men/17.jpg","medium":"https://randomuser.me/api/portraits/med/men/17.jpg","thumbnail":"https://randomuser.me/api/portraits/thumb/men/17.jpg"},"nat":"RS"}],"info":{"seed":"5243c6cc3bba5a4d","results":1,"page":1,"version":"1.4"}} 
 </msg>
<msg time="2024-07-24T12:28:57.406158" level="INFO">/opt/hostedtoolcache/Python/3.12.4/x64/lib/python3.12/site-packages/urllib3/connectionpool.py:1099: InsecureRequestWarning: Unverified HTTPS request is being made to host 'randomuser.me'. Adding certificate verification is strongly advised. See: https://urllib3.readthedocs.io/en/latest/advanced-usage.html#tls-warnings
  warnings.warn(</msg>
<msg time="2024-07-24T12:28:57.406306" level="INFO">${response} = &lt;Response [200]&gt;</msg>
<var>${response}</var>
<arg>consultarAPI</arg>
<arg>/api</arg>
<doc>Sends a GET request on a previously created HTTP Session.</doc>
<status status="PASS" start="2024-07-24T12:28:57.303864" elapsed="0.102490"/>
</kw>
<kw name="Set Variable" owner="BuiltIn">
<msg time="2024-07-24T12:28:57.407431" level="INFO">${json_data} = {'results': [{'gender': 'male', 'name': {'title': 'Mr', 'first': 'Živan', 'last': 'Tošić'}, 'location': {'street': {'number': 7450, 'name': 'Prvog Maja'}, 'city': 'Plandište', 'state': 'Central Banat'...</msg>
<var>${json_data}</var>
<arg>${response.json()}</arg>
<doc>Returns the given values which can then be assigned to a variables.</doc>
<status status="PASS" start="2024-07-24T12:28:57.406911" elapsed="0.000551"/>
</kw>
<kw name="Log" owner="BuiltIn">
<msg time="2024-07-24T12:28:57.407938" level="INFO">{'results': [{'gender': 'male', 'name': {'title': 'Mr', 'first': 'Živan', 'last': 'Tošić'}, 'location': {'street': {'number': 7450, 'name': 'Prvog Maja'}, 'city': 'Plandište', 'state': 'Central Banat', 'country': 'Serbia', 'postcode': 17812, 'coordinates': {'latitude': '63.1906', 'longitude': '-161.3271'}, 'timezone': {'offset': '-2:00', 'description': 'Mid-Atlantic'}}, 'email': 'zivan.tosic@example.com', 'login': {'uuid': 'fd6bb911-8af1-499c-b4be-a9121f3bea47', 'username': 'sadtiger700', 'password': 'coolio', 'salt': 'HN8hKKVo', 'md5': '29ad1afca197dffc2f4c42ed40dc1c0e', 'sha1': 'd527593e5f91e32c0cb99a5b1149a691426539aa', 'sha256': '5908b544e0279840ef016e94887bfc015814b94aadfc70f37638a1190a08a14c'}, 'dob': {'date': '1977-02-10T10:26:08.115Z', 'age': 47}, 'registered': {'date': '2004-02-17T18:54:19.984Z', 'age': 20}, 'phone': '019-2796-242', 'cell': '063-6758-300', 'id': {'name': 'SID', 'value': '700492097'}, 'picture': {'large': 'https://randomuser.me/api/portraits/men/17.jpg', 'medium': 'https://randomuser.me/api/portraits/med/men/17.jpg', 'thumbnail': 'https://randomuser.me/api/portraits/thumb/men/17.jpg'}, 'nat': 'RS'}], 'info': {'seed': '5243c6cc3bba5a4d', 'results': 1, 'page': 1, 'version': '1.4'}}</msg>
<arg>${json_data}</arg>
<doc>Logs the given message with the given level.</doc>
<status status="PASS" start="2024-07-24T12:28:57.407770" elapsed="0.000220"/>
</kw>
<kw name="Dictionary Should Contain Key" owner="Collections">
<arg>${json_data}</arg>
<arg>results</arg>
<doc>Fails if ``key`` is not found from ``dictionary``.</doc>
<status status="PASS" start="2024-07-24T12:28:57.408281" elapsed="0.000162"/>
</kw>
<kw name="Should Not Be Empty" owner="BuiltIn">
<msg time="2024-07-24T12:28:57.408754" level="INFO">Length is 2.</msg>
<arg>${json_data}</arg>
<doc>Verifies that the given item is not empty.</doc>
<status status="PASS" start="2024-07-24T12:28:57.408626" elapsed="0.000166"/>
</kw>
<kw name="Create List" owner="BuiltIn">
<msg time="2024-07-24T12:28:57.409224" level="INFO">${expected_keys} = ['gender', 'name', 'location', 'email', 'login']</msg>
<var>${expected_keys}</var>
<arg>gender</arg>
<arg>name</arg>
<arg>location</arg>
<arg>email</arg>
<arg>login</arg>
<doc>Returns a list containing given items.</doc>
<status status="PASS" start="2024-07-24T12:28:57.409075" elapsed="0.000172"/>
</kw>
<for flavor="IN">
<iter>
<kw name="Dictionary Should Contain Key" owner="Collections">
<arg>${json_data['results'][0]}</arg>
<arg>${key}</arg>
<doc>Fails if ``key`` is not found from ``dictionary``.</doc>
<status status="PASS" start="2024-07-24T12:28:57.409903" elapsed="0.000406"/>
</kw>
<kw name="Log" owner="BuiltIn">
<msg time="2024-07-24T12:28:57.410851" level="INFO">{'gender': 'male', 'name': {'title': 'Mr', 'first': 'Živan', 'last': 'Tošić'}, 'location': {'street': {'number': 7450, 'name': 'Prvog Maja'}, 'city': 'Plandište', 'state': 'Central Banat', 'country': 'Serbia', 'postcode': 17812, 'coordinates': {'latitude': '63.1906', 'longitude': '-161.3271'}, 'timezone': {'offset': '-2:00', 'description': 'Mid-Atlantic'}}, 'email': 'zivan.tosic@example.com', 'login': {'uuid': 'fd6bb911-8af1-499c-b4be-a9121f3bea47', 'username': 'sadtiger700', 'password': 'coolio', 'salt': 'HN8hKKVo', 'md5': '29ad1afca197dffc2f4c42ed40dc1c0e', 'sha1': 'd527593e5f91e32c0cb99a5b1149a691426539aa', 'sha256': '5908b544e0279840ef016e94887bfc015814b94aadfc70f37638a1190a08a14c'}, 'dob': {'date': '1977-02-10T10:26:08.115Z', 'age': 47}, 'registered': {'date': '2004-02-17T18:54:19.984Z', 'age': 20}, 'phone': '019-2796-242', 'cell': '063-6758-300', 'id': {'name': 'SID', 'value': '700492097'}, 'picture': {'large': 'https://randomuser.me/api/portraits/men/17.jpg', 'medium': 'https://randomuser.me/api/portraits/med/men/17.jpg', 'thumbnail': 'https://randomuser.me/api/portraits/thumb/men/17.jpg'}, 'nat': 'RS'}</msg>
<arg>${json_data['results'][0]}</arg>
<doc>Logs the given message with the given level.</doc>
<status status="PASS" start="2024-07-24T12:28:57.410492" elapsed="0.000412"/>
</kw>
<kw name="Log" owner="BuiltIn">
<msg time="2024-07-24T12:28:57.411334" level="INFO">gender</msg>
<arg>${key}</arg>
<doc>Logs the given message with the given level.</doc>
<status status="PASS" start="2024-07-24T12:28:57.411207" elapsed="0.000165"/>
</kw>
<var name="${key}">gender</var>
<status status="PASS" start="2024-07-24T12:28:57.409773" elapsed="0.001815"/>
</iter>
<iter>
<kw name="Dictionary Should Contain Key" owner="Collections">
<arg>${json_data['results'][0]}</arg>
<arg>${key}</arg>
<doc>Fails if ``key`` is not found from ``dictionary``.</doc>
<status status="PASS" start="2024-07-24T12:28:57.411881" elapsed="0.000400"/>
</kw>
<kw name="Log" owner="BuiltIn">
<msg time="2024-07-24T12:28:57.412818" level="INFO">{'gender': 'male', 'name': {'title': 'Mr', 'first': 'Živan', 'last': 'Tošić'}, 'location': {'street': {'number': 7450, 'name': 'Prvog Maja'}, 'city': 'Plandište', 'state': 'Central Banat', 'country': 'Serbia', 'postcode': 17812, 'coordinates': {'latitude': '63.1906', 'longitude': '-161.3271'}, 'timezone': {'offset': '-2:00', 'description': 'Mid-Atlantic'}}, 'email': 'zivan.tosic@example.com', 'login': {'uuid': 'fd6bb911-8af1-499c-b4be-a9121f3bea47', 'username': 'sadtiger700', 'password': 'coolio', 'salt': 'HN8hKKVo', 'md5': '29ad1afca197dffc2f4c42ed40dc1c0e', 'sha1': 'd527593e5f91e32c0cb99a5b1149a691426539aa', 'sha256': '5908b544e0279840ef016e94887bfc015814b94aadfc70f37638a1190a08a14c'}, 'dob': {'date': '1977-02-10T10:26:08.115Z', 'age': 47}, 'registered': {'date': '2004-02-17T18:54:19.984Z', 'age': 20}, 'phone': '019-2796-242', 'cell': '063-6758-300', 'id': {'name': 'SID', 'value': '700492097'}, 'picture': {'large': 'https://randomuser.me/api/portraits/men/17.jpg', 'medium': 'https://randomuser.me/api/portraits/med/men/17.jpg', 'thumbnail': 'https://randomuser.me/api/portraits/thumb/men/17.jpg'}, 'nat': 'RS'}</msg>
<arg>${json_data['results'][0]}</arg>
<doc>Logs the given message with the given level.</doc>
<status status="PASS" start="2024-07-24T12:28:57.412466" elapsed="0.000437"/>
</kw>
<kw name="Log" owner="BuiltIn">
<msg time="2024-07-24T12:28:57.413329" level="INFO">name</msg>
<arg>${key}</arg>
<doc>Logs the given message with the given level.</doc>
<status status="PASS" start="2024-07-24T12:28:57.413202" elapsed="0.000165"/>
</kw>
<var name="${key}">name</var>
<status status="PASS" start="2024-07-24T12:28:57.411771" elapsed="0.001830"/>
</iter>
<iter>
<kw name="Dictionary Should Contain Key" owner="Collections">
<arg>${json_data['results'][0]}</arg>
<arg>${key}</arg>
<doc>Fails if ``key`` is not found from ``dictionary``.</doc>
<status status="PASS" start="2024-07-24T12:28:57.413895" elapsed="0.000378"/>
</kw>
<kw name="Log" owner="BuiltIn">
<msg time="2024-07-24T12:28:57.414825" level="INFO">{'gender': 'male', 'name': {'title': 'Mr', 'first': 'Živan', 'last': 'Tošić'}, 'location': {'street': {'number': 7450, 'name': 'Prvog Maja'}, 'city': 'Plandište', 'state': 'Central Banat', 'country': 'Serbia', 'postcode': 17812, 'coordinates': {'latitude': '63.1906', 'longitude': '-161.3271'}, 'timezone': {'offset': '-2:00', 'description': 'Mid-Atlantic'}}, 'email': 'zivan.tosic@example.com', 'login': {'uuid': 'fd6bb911-8af1-499c-b4be-a9121f3bea47', 'username': 'sadtiger700', 'password': 'coolio', 'salt': 'HN8hKKVo', 'md5': '29ad1afca197dffc2f4c42ed40dc1c0e', 'sha1': 'd527593e5f91e32c0cb99a5b1149a691426539aa', 'sha256': '5908b544e0279840ef016e94887bfc015814b94aadfc70f37638a1190a08a14c'}, 'dob': {'date': '1977-02-10T10:26:08.115Z', 'age': 47}, 'registered': {'date': '2004-02-17T18:54:19.984Z', 'age': 20}, 'phone': '019-2796-242', 'cell': '063-6758-300', 'id': {'name': 'SID', 'value': '700492097'}, 'picture': {'large': 'https://randomuser.me/api/portraits/men/17.jpg', 'medium': 'https://randomuser.me/api/portraits/med/men/17.jpg', 'thumbnail': 'https://randomuser.me/api/portraits/thumb/men/17.jpg'}, 'nat': 'RS'}</msg>
<arg>${json_data['results'][0]}</arg>
<doc>Logs the given message with the given level.</doc>
<status status="PASS" start="2024-07-24T12:28:57.414469" elapsed="0.000407"/>
</kw>
<kw name="Log" owner="BuiltIn">
<msg time="2024-07-24T12:28:57.415292" level="INFO">location</msg>
<arg>${key}</arg>
<doc>Logs the given message with the given level.</doc>
<status status="PASS" start="2024-07-24T12:28:57.415168" elapsed="0.000162"/>
</kw>
<var name="${key}">location</var>
<status status="PASS" start="2024-07-24T12:28:57.413777" elapsed="0.001776"/>
</iter>
<iter>
<kw name="Dictionary Should Contain Key" owner="Collections">
<arg>${json_data['results'][0]}</arg>
<arg>${key}</arg>
<doc>Fails if ``key`` is not found from ``dictionary``.</doc>
<status status="PASS" start="2024-07-24T12:28:57.415827" elapsed="0.000373"/>
</kw>
<kw name="Log" owner="BuiltIn">
<msg time="2024-07-24T12:28:57.416858" level="INFO">{'gender': 'male', 'name': {'title': 'Mr', 'first': 'Živan', 'last': 'Tošić'}, 'location': {'street': {'number': 7450, 'name': 'Prvog Maja'}, 'city': 'Plandište', 'state': 'Central Banat', 'country': 'Serbia', 'postcode': 17812, 'coordinates': {'latitude': '63.1906', 'longitude': '-161.3271'}, 'timezone': {'offset': '-2:00', 'description': 'Mid-Atlantic'}}, 'email': 'zivan.tosic@example.com', 'login': {'uuid': 'fd6bb911-8af1-499c-b4be-a9121f3bea47', 'username': 'sadtiger700', 'password': 'coolio', 'salt': 'HN8hKKVo', 'md5': '29ad1afca197dffc2f4c42ed40dc1c0e', 'sha1': 'd527593e5f91e32c0cb99a5b1149a691426539aa', 'sha256': '5908b544e0279840ef016e94887bfc015814b94aadfc70f37638a1190a08a14c'}, 'dob': {'date': '1977-02-10T10:26:08.115Z', 'age': 47}, 'registered': {'date': '2004-02-17T18:54:19.984Z', 'age': 20}, 'phone': '019-2796-242', 'cell': '063-6758-300', 'id': {'name': 'SID', 'value': '700492097'}, 'picture': {'large': 'https://randomuser.me/api/portraits/men/17.jpg', 'medium': 'https://randomuser.me/api/portraits/med/men/17.jpg', 'thumbnail': 'https://randomuser.me/api/portraits/thumb/men/17.jpg'}, 'nat': 'RS'}</msg>
<arg>${json_data['results'][0]}</arg>
<doc>Logs the given message with the given level.</doc>
<status status="PASS" start="2024-07-24T12:28:57.416502" elapsed="0.000409"/>
</kw>
<kw name="Log" owner="BuiltIn">
<msg time="2024-07-24T12:28:57.417335" level="INFO">email</msg>
<arg>${key}</arg>
<doc>Logs the given message with the given level.</doc>
<status status="PASS" start="2024-07-24T12:28:57.417206" elapsed="0.000167"/>
</kw>
<var name="${key}">email</var>
<status status="PASS" start="2024-07-24T12:28:57.415722" elapsed="0.001896"/>
</iter>
<iter>
<kw name="Dictionary Should Contain Key" owner="Collections">
<arg>${json_data['results'][0]}</arg>
<arg>${key}</arg>
<doc>Fails if ``key`` is not found from ``dictionary``.</doc>
<status status="PASS" start="2024-07-24T12:28:57.417908" elapsed="0.000376"/>
</kw>
<kw name="Log" owner="BuiltIn">
<msg time="2024-07-24T12:28:57.418814" level="INFO">{'gender': 'male', 'name': {'title': 'Mr', 'first': 'Živan', 'last': 'Tošić'}, 'location': {'street': {'number': 7450, 'name': 'Prvog Maja'}, 'city': 'Plandište', 'state': 'Central Banat', 'country': 'Serbia', 'postcode': 17812, 'coordinates': {'latitude': '63.1906', 'longitude': '-161.3271'}, 'timezone': {'offset': '-2:00', 'description': 'Mid-Atlantic'}}, 'email': 'zivan.tosic@example.com', 'login': {'uuid': 'fd6bb911-8af1-499c-b4be-a9121f3bea47', 'username': 'sadtiger700', 'password': 'coolio', 'salt': 'HN8hKKVo', 'md5': '29ad1afca197dffc2f4c42ed40dc1c0e', 'sha1': 'd527593e5f91e32c0cb99a5b1149a691426539aa', 'sha256': '5908b544e0279840ef016e94887bfc015814b94aadfc70f37638a1190a08a14c'}, 'dob': {'date': '1977-02-10T10:26:08.115Z', 'age': 47}, 'registered': {'date': '2004-02-17T18:54:19.984Z', 'age': 20}, 'phone': '019-2796-242', 'cell': '063-6758-300', 'id': {'name': 'SID', 'value': '700492097'}, 'picture': {'large': 'https://randomuser.me/api/portraits/men/17.jpg', 'medium': 'https://randomuser.me/api/portraits/med/men/17.jpg', 'thumbnail': 'https://randomuser.me/api/portraits/thumb/men/17.jpg'}, 'nat': 'RS'}</msg>
<arg>${json_data['results'][0]}</arg>
<doc>Logs the given message with the given level.</doc>
<status status="PASS" start="2024-07-24T12:28:57.418467" elapsed="0.000399"/>
</kw>
<kw name="Log" owner="BuiltIn">
<msg time="2024-07-24T12:28:57.419289" level="INFO">login</msg>
<arg>${key}</arg>
<doc>Logs the given message with the given level.</doc>
<status status="PASS" start="2024-07-24T12:28:57.419162" elapsed="0.000164"/>
</kw>
<var name="${key}">login</var>
<status status="PASS" start="2024-07-24T12:28:57.417797" elapsed="0.001743"/>
</iter>
<var>${key}</var>
<value>@{expected_keys}</value>
<status status="PASS" start="2024-07-24T12:28:57.409512" elapsed="0.010149"/>
</for>
<kw name="Create List" owner="BuiltIn">
<msg time="2024-07-24T12:28:57.419990" level="INFO">${expected_keysTwo} = ['username', 'password']</msg>
<var>${expected_keysTwo}</var>
<arg>username</arg>
<arg>password</arg>
<doc>Returns a list containing given items.</doc>
<status status="PASS" start="2024-07-24T12:28:57.419852" elapsed="0.000163"/>
</kw>
<for flavor="IN">
<iter>
<kw name="Dictionary Should Contain Key" owner="Collections">
<arg>${json_data['results'][0]['login']}</arg>
<arg>${keyTwo}</arg>
<doc>Fails if ``key`` is not found from ``dictionary``.</doc>
<status status="PASS" start="2024-07-24T12:28:57.420532" elapsed="0.000384"/>
</kw>
<kw name="Dictionary Should Contain Key" owner="Collections">
<arg>${json_data['results'][0]['login']}</arg>
<arg>${keyTwo}</arg>
<doc>Fails if ``key`` is not found from ``dictionary``.</doc>
<status status="PASS" start="2024-07-24T12:28:57.421098" elapsed="0.000363"/>
</kw>
<kw name="Log" owner="BuiltIn">
<msg time="2024-07-24T12:28:57.421787" level="INFO">username</msg>
<arg>${keyTwo}</arg>
<doc>Logs the given message with the given level.</doc>
<status status="PASS" start="2024-07-24T12:28:57.421665" elapsed="0.000160"/>
</kw>
<var name="${keyTwo}">username</var>
<status status="PASS" start="2024-07-24T12:28:57.420425" elapsed="0.001622"/>
</iter>
<iter>
<kw name="Dictionary Should Contain Key" owner="Collections">
<arg>${json_data['results'][0]['login']}</arg>
<arg>${keyTwo}</arg>
<doc>Fails if ``key`` is not found from ``dictionary``.</doc>
<status status="PASS" start="2024-07-24T12:28:57.422330" elapsed="0.000395"/>
</kw>
<kw name="Dictionary Should Contain Key" owner="Collections">
<arg>${json_data['results'][0]['login']}</arg>
<arg>${keyTwo}</arg>
<doc>Fails if ``key`` is not found from ``dictionary``.</doc>
<status status="PASS" start="2024-07-24T12:28:57.422904" elapsed="0.000368"/>
</kw>
<kw name="Log" owner="BuiltIn">
<msg time="2024-07-24T12:28:57.423570" level="INFO">password</msg>
<arg>${keyTwo}</arg>
<doc>Logs the given message with the given level.</doc>
<status status="PASS" start="2024-07-24T12:28:57.423447" elapsed="0.000160"/>
</kw>
<var name="${keyTwo}">password</var>
<status status="PASS" start="2024-07-24T12:28:57.422218" elapsed="0.001605"/>
</iter>
<var>${keyTwo}</var>
<value>@{expected_keysTwo}</value>
<status status="PASS" start="2024-07-24T12:28:57.420273" elapsed="0.003670"/>
</for>
<status status="PASS" start="2024-07-24T12:28:57.303557" elapsed="0.120534"/>
</kw>
<doc>Testa a estrutura da resposta da API.</doc>
<tag>testeEstruturaResposta</tag>
<status status="PASS" start="2024-07-24T12:28:57.302877" elapsed="0.121368"/>
</test>
<test id="s1-s1-t4" name="Validar tipos de dados" line="28">
<kw name="Teste de Tipos de Dados" owner="random-user-service">
<kw name="GET On Session" owner="RequestsLibrary">
<msg time="2024-07-24T12:28:57.532324" level="INFO">GET Request : url=https://randomuser.me/api 
 path_url=/api 
 headers={'User-Agent': 'python-requests/2.32.3', 'Accept-Encoding': 'gzip, deflate', 'Accept': '*/*', 'Connection': 'keep-alive'} 
 body=None 
 </msg>
<msg time="2024-07-24T12:28:57.532416" level="INFO">GET Response : url=https://randomuser.me/api 
 status=200, reason=OK 
 headers={'Date': 'Wed, 24 Jul 2024 12:28:57 GMT', 'Content-Type': 'application/json; charset=utf-8', 'Transfer-Encoding': 'chunked', 'Connection': 'keep-alive', 'X-Powered-By': 'Express', 'Access-Control-Allow-Origin': '*', 'Cache-Control': 'no-cache', 'ETag': 'W/"49a-c8tr9zSm8EaJC+PBEANZBBc9orA"', 'Vary': 'Accept-Encoding', 'Content-Encoding': 'gzip', 'CF-Cache-Status': 'DYNAMIC', 'Report-To': '{"endpoints":[{"url":"https:\\/\\/a.nel.cloudflare.com\\/report\\/v4?s=%2F5mWobLxWCmr8uiZ7iXJpe4V%2BchUrnCRfFc%2Ftiqaxiy0XA71AF0T%2FSGpSGMVSVrwoRVzpFLgFCisgUaP4%2Bx8%2Bke4reA%2F5ltwlabKdIpJZAfDdjo5Cg2ieGcJ4PyvX6zp"}],"group":"cf-nel","max_age":604800}', 'NEL': '{"success_fraction":0,"report_to":"cf-nel","max_age":604800}', 'Server': 'cloudflare', 'CF-RAY': '8a83e9baf9061682-SJC', 'alt-svc': 'h3=":443"; ma=86400'} 
 body={"results":[{"gender":"female","name":{"title":"Miss","first":"Sanni","last":"Ruona"},"location":{"street":{"number":7850,"name":"Hämeentie"},"city":"Evijärvi","state":"Pirkanmaa","country":"Finland","postcode":58634,"coordinates":{"latitude":"-26.9571","longitude":"18.7506"},"timezone":{"offset":"+10:00","description":"Eastern Australia, Guam, Vladivostok"}},"email":"sanni.ruona@example.com","login":{"uuid":"dc1fc408-82df-4bfa-a88b-7813916b441e","username":"silverladybug552","password":"kume","salt":"k10R8NQG","md5":"3c72585062701fd1ccdf1a31210aa898","sha1":"3ed902e00ae93e76a4973cd540dc21ee643396d2","sha256":"eb87c9612273b22966e48d8bc3018296712d288b1d0157e7c763861b05142fb6"},"dob":{"date":"1949-10-25T03:11:45.807Z","age":74},"registered":{"date":"2006-09-12T04:04:45.893Z","age":17},"phone":"02-372-208","cell":"042-899-06-24","id":{"name":"HETU","value":"NaNNA614undefined"},"picture":{"large":"https://randomuser.me/api/portraits/women/55.jpg","medium":"https://randomuser.me/api/portraits/med/women/55.jpg","thumbnail":"https://randomuser.me/api/portraits/thumb/women/55.jpg"},"nat":"FI"}],"info":{"seed":"f25d3ca8978a07ba","results":1,"page":1,"version":"1.4"}} 
 </msg>
<msg time="2024-07-24T12:28:57.532487" level="INFO">/opt/hostedtoolcache/Python/3.12.4/x64/lib/python3.12/site-packages/urllib3/connectionpool.py:1099: InsecureRequestWarning: Unverified HTTPS request is being made to host 'randomuser.me'. Adding certificate verification is strongly advised. See: https://urllib3.readthedocs.io/en/latest/advanced-usage.html#tls-warnings
  warnings.warn(</msg>
<msg time="2024-07-24T12:28:57.532598" level="INFO">${response} = &lt;Response [200]&gt;</msg>
<var>${response}</var>
<arg>consultarAPI</arg>
<arg>/api</arg>
<doc>Sends a GET request on a previously created HTTP Session.</doc>
<status status="PASS" start="2024-07-24T12:28:57.426749" elapsed="0.105894"/>
</kw>
<kw name="Set Variable" owner="BuiltIn">
<msg time="2024-07-24T12:28:57.533770" level="INFO">${json_data} = {'results': [{'gender': 'female', 'name': {'title': 'Miss', 'first': 'Sanni', 'last': 'Ruona'}, 'location': {'street': {'number': 7850, 'name': 'Hämeentie'}, 'city': 'Evijärvi', 'state': 'Pirkanmaa', ...</msg>
<var>${json_data}</var>
<arg>${response.json()}</arg>
<doc>Returns the given values which can then be assigned to a variables.</doc>
<status status="PASS" start="2024-07-24T12:28:57.533204" elapsed="0.000597"/>
</kw>
<kw name="Log" owner="BuiltIn">
<msg time="2024-07-24T12:28:57.534268" level="INFO">{'results': [{'gender': 'female', 'name': {'title': 'Miss', 'first': 'Sanni', 'last': 'Ruona'}, 'location': {'street': {'number': 7850, 'name': 'Hämeentie'}, 'city': 'Evijärvi', 'state': 'Pirkanmaa', 'country': 'Finland', 'postcode': 58634, 'coordinates': {'latitude': '-26.9571', 'longitude': '18.7506'}, 'timezone': {'offset': '+10:00', 'description': 'Eastern Australia, Guam, Vladivostok'}}, 'email': 'sanni.ruona@example.com', 'login': {'uuid': 'dc1fc408-82df-4bfa-a88b-7813916b441e', 'username': 'silverladybug552', 'password': 'kume', 'salt': 'k10R8NQG', 'md5': '3c72585062701fd1ccdf1a31210aa898', 'sha1': '3ed902e00ae93e76a4973cd540dc21ee643396d2', 'sha256': 'eb87c9612273b22966e48d8bc3018296712d288b1d0157e7c763861b05142fb6'}, 'dob': {'date': '1949-10-25T03:11:45.807Z', 'age': 74}, 'registered': {'date': '2006-09-12T04:04:45.893Z', 'age': 17}, 'phone': '02-372-208', 'cell': '042-899-06-24', 'id': {'name': 'HETU', 'value': 'NaNNA614undefined'}, 'picture': {'large': 'https://randomuser.me/api/portraits/women/55.jpg', 'medium': 'https://randomuser.me/api/portraits/med/women/55.jpg', 'thumbnail': 'https://randomuser.me/api/portraits/thumb/women/55.jpg'}, 'nat': 'FI'}], 'info': {'seed': 'f25d3ca8978a07ba', 'results': 1, 'page': 1, 'version': '1.4'}}</msg>
<arg>${json_data}</arg>
<doc>Logs the given message with the given level.</doc>
<status status="PASS" start="2024-07-24T12:28:57.534111" elapsed="0.000207"/>
</kw>
<kw name="Should Be String" owner="String">
<arg>${json_data['results'][0]['gender']}</arg>
<doc>Fails if the given ``item`` is not a string.</doc>
<status status="PASS" start="2024-07-24T12:28:57.534605" elapsed="0.000363"/>
</kw>
<kw name="Should Match Regexp" owner="BuiltIn">
<arg>${json_data['results'][0]['email']}</arg>
<arg>^[a-zA-Z0-9._%+-]+@[a-zA-Z0-9.-]+\.[a-zA-Z]{2,}$</arg>
<doc>Fails if ``string`` does not match ``pattern`` as a regular expression.</doc>
<status status="PASS" start="2024-07-24T12:28:57.535154" elapsed="0.000506"/>
</kw>
<kw name="Should Match Regexp" owner="BuiltIn">
<arg>${json_data['results'][0]['dob']['date']}</arg>
<arg>\\d{4}-\\d{2}-\\d{2}T\\d{2}:\\d{2}:\\d{2}\\.\\d{3}Z</arg>
<doc>Fails if ``string`` does not match ``pattern`` as a regular expression.</doc>
<status status="PASS" start="2024-07-24T12:28:57.535889" elapsed="0.000624"/>
</kw>
<kw name="Should Match Regexp" owner="BuiltIn">
<arg>${json_data['results'][0]['registered']['date']}</arg>
<arg>\\d{4}-\\d{2}-\\d{2}T\\d{2}:\\d{2}:\\d{2}\\.\\d{3}Z</arg>
<doc>Fails if ``string`` does not match ``pattern`` as a regular expression.</doc>
<status status="PASS" start="2024-07-24T12:28:57.536705" elapsed="0.000366"/>
</kw>
<kw name="Should Match Regexp" owner="BuiltIn">
<arg>${json_data['results'][0]['picture']['large']}</arg>
<arg>^https?://.*\.(?:png|jpe?g|gif|bmp)$</arg>
<doc>Fails if ``string`` does not match ``pattern`` as a regular expression.</doc>
<status status="PASS" start="2024-07-24T12:28:57.537253" elapsed="0.000483"/>
</kw>
<kw name="Should Match Regexp" owner="BuiltIn">
<arg>${json_data['results'][0]['picture']['medium']}</arg>
<arg>^https?://.*\.(?:png|jpe?g|gif|bmp)$</arg>
<doc>Fails if ``string`` does not match ``pattern`` as a regular expression.</doc>
<status status="PASS" start="2024-07-24T12:28:57.537924" elapsed="0.000353"/>
</kw>
<kw name="Should Match Regexp" owner="BuiltIn">
<arg>${json_data['results'][0]['picture']['thumbnail']}</arg>
<arg>^https?://.*\.(?:png|jpe?g|gif|bmp)$</arg>
<doc>Fails if ``string`` does not match ``pattern`` as a regular expression.</doc>
<status status="PASS" start="2024-07-24T12:28:57.538461" elapsed="0.000344"/>
</kw>
<kw name="Log" owner="BuiltIn">
<msg time="2024-07-24T12:28:57.539306" level="INFO">{'large': 'https://randomuser.me/api/portraits/women/55.jpg', 'medium': 'https://randomuser.me/api/portraits/med/women/55.jpg', 'thumbnail': 'https://randomuser.me/api/portraits/thumb/women/55.jpg'}</msg>
<arg>${json_data['results'][0]['picture']}</arg>
<doc>Logs the given message with the given level.</doc>
<status status="PASS" start="2024-07-24T12:28:57.538987" elapsed="0.000360"/>
</kw>
<status status="PASS" start="2024-07-24T12:28:57.426526" elapsed="0.113075"/>
</kw>
<kw name="Teste de Tipos de Dados - Postcode" owner="random-user-service">
<kw name="GET On Session" owner="RequestsLibrary">
<msg time="2024-07-24T12:28:57.644139" level="INFO">GET Request : url=https://randomuser.me/api 
 path_url=/api 
 headers={'User-Agent': 'python-requests/2.32.3', 'Accept-Encoding': 'gzip, deflate', 'Accept': '*/*', 'Connection': 'keep-alive'} 
 body=None 
 </msg>
<msg time="2024-07-24T12:28:57.644243" level="INFO">GET Response : url=https://randomuser.me/api 
 status=200, reason=OK 
 headers={'Date': 'Wed, 24 Jul 2024 12:28:57 GMT', 'Content-Type': 'application/json; charset=utf-8', 'Transfer-Encoding': 'chunked', 'Connection': 'keep-alive', 'X-Powered-By': 'Express', 'Access-Control-Allow-Origin': '*', 'Cache-Control': 'no-cache', 'ETag': 'W/"47c-/xVvSfH3StJjEgV7M4tLIuzLqJQ"', 'Vary': 'Accept-Encoding', 'Content-Encoding': 'gzip', 'CF-Cache-Status': 'DYNAMIC', 'Report-To': '{"endpoints":[{"url":"https:\\/\\/a.nel.cloudflare.com\\/report\\/v4?s=TsRYSoQo8ZLbbTuNJu6FPssRKZB7XwpUPFVXj8Aj8WVLcoVfqg%2BGbKf2VJmHQdGalcA%2BazLozxP4WpYZfv84JAgOL4MTsKsIUrGO%2Bm4FEfxS%2BcAC6NXqcmN%2F39je2CKx"}],"group":"cf-nel","max_age":604800}', 'NEL': '{"success_fraction":0,"report_to":"cf-nel","max_age":604800}', 'Server': 'cloudflare', 'CF-RAY': '8a83e9bba99a1682-SJC', 'alt-svc': 'h3=":443"; ma=86400'} 
 body={"results":[{"gender":"male","name":{"title":"Mr","first":"Sebastián","last":"Vicente"},"location":{"street":{"number":2101,"name":"Calle del Arenal"},"city":"Móstoles","state":"Islas Baleares","country":"Spain","postcode":62823,"coordinates":{"latitude":"-36.8449","longitude":"-6.7726"},"timezone":{"offset":"-9:00","description":"Alaska"}},"email":"sebastian.vicente@example.com","login":{"uuid":"ef13b9b9-507c-4d4b-805f-a0fa1b3db57b","username":"goldenwolf690","password":"007007","salt":"wdEWZpTY","md5":"330ef27ceacca04ae79f6efe014a8b56","sha1":"9d8aa01794cdc8312f012745bfda8e87b1b17309","sha256":"ded8635c6de3c26c3ec6097d3b61d1db84a4150f8e361f9156ffd699064e0b8d"},"dob":{"date":"1947-01-12T16:27:19.133Z","age":77},"registered":{"date":"2021-04-17T19:18:56.085Z","age":3},"phone":"907-187-347","cell":"650-415-353","id":{"name":"DNI","value":"35107771-P"},"picture":{"large":"https://randomuser.me/api/portraits/men/67.jpg","medium":"https://randomuser.me/api/portraits/med/men/67.jpg","thumbnail":"https://randomuser.me/api/portraits/thumb/men/67.jpg"},"nat":"ES"}],"info":{"seed":"bfc063d17fd3c0a2","results":1,"page":1,"version":"1.4"}} 
 </msg>
<msg time="2024-07-24T12:28:57.644322" level="INFO">/opt/hostedtoolcache/Python/3.12.4/x64/lib/python3.12/site-packages/urllib3/connectionpool.py:1099: InsecureRequestWarning: Unverified HTTPS request is being made to host 'randomuser.me'. Adding certificate verification is strongly advised. See: https://urllib3.readthedocs.io/en/latest/advanced-usage.html#tls-warnings
  warnings.warn(</msg>
<msg time="2024-07-24T12:28:57.644459" level="INFO">${response} = &lt;Response [200]&gt;</msg>
<var>${response}</var>
<arg>consultarAPI</arg>
<arg>/api</arg>
<doc>Sends a GET request on a previously created HTTP Session.</doc>
<status status="PASS" start="2024-07-24T12:28:57.540048" elapsed="0.104461"/>
</kw>
<kw name="Set Variable" owner="BuiltIn">
<msg time="2024-07-24T12:28:57.645841" level="INFO">${json_data} = {'results': [{'gender': 'male', 'name': {'title': 'Mr', 'first': 'Sebastián', 'last': 'Vicente'}, 'location': {'street': {'number': 2101, 'name': 'Calle del Arenal'}, 'city': 'Móstoles', 'state': 'Isl...</msg>
<var>${json_data}</var>
<arg>${response.json()}</arg>
<doc>Returns the given values which can then be assigned to a variables.</doc>
<status status="PASS" start="2024-07-24T12:28:57.645171" elapsed="0.000699"/>
</kw>
<kw name="Log" owner="BuiltIn">
<msg time="2024-07-24T12:28:57.646350" level="INFO">{'results': [{'gender': 'male', 'name': {'title': 'Mr', 'first': 'Sebastián', 'last': 'Vicente'}, 'location': {'street': {'number': 2101, 'name': 'Calle del Arenal'}, 'city': 'Móstoles', 'state': 'Islas Baleares', 'country': 'Spain', 'postcode': 62823, 'coordinates': {'latitude': '-36.8449', 'longitude': '-6.7726'}, 'timezone': {'offset': '-9:00', 'description': 'Alaska'}}, 'email': 'sebastian.vicente@example.com', 'login': {'uuid': 'ef13b9b9-507c-4d4b-805f-a0fa1b3db57b', 'username': 'goldenwolf690', 'password': '007007', 'salt': 'wdEWZpTY', 'md5': '330ef27ceacca04ae79f6efe014a8b56', 'sha1': '9d8aa01794cdc8312f012745bfda8e87b1b17309', 'sha256': 'ded8635c6de3c26c3ec6097d3b61d1db84a4150f8e361f9156ffd699064e0b8d'}, 'dob': {'date': '1947-01-12T16:27:19.133Z', 'age': 77}, 'registered': {'date': '2021-04-17T19:18:56.085Z', 'age': 3}, 'phone': '907-187-347', 'cell': '650-415-353', 'id': {'name': 'DNI', 'value': '35107771-P'}, 'picture': {'large': 'https://randomuser.me/api/portraits/men/67.jpg', 'medium': 'https://randomuser.me/api/portraits/med/men/67.jpg', 'thumbnail': 'https://randomuser.me/api/portraits/thumb/men/67.jpg'}, 'nat': 'ES'}], 'info': {'seed': 'bfc063d17fd3c0a2', 'results': 1, 'page': 1, 'version': '1.4'}}</msg>
<arg>${json_data}</arg>
<doc>Logs the given message with the given level.</doc>
<status status="PASS" start="2024-07-24T12:28:57.646191" elapsed="0.000207"/>
</kw>
<kw name="Should Be Equal As Numbers" owner="BuiltIn">
<arg>${json_data['results'][0]['location']['postcode']}</arg>
<arg>${json_data['results'][0]['location']['postcode']}</arg>
<doc>Fails if objects are unequal after converting them to real numbers.</doc>
<status status="PASS" start="2024-07-24T12:28:57.646694" elapsed="0.000623"/>
</kw>
<kw name="Log" owner="BuiltIn">
<msg time="2024-07-24T12:28:57.647839" level="INFO">62823</msg>
<arg>${json_data['results'][0]['location']['postcode']}</arg>
<doc>Logs the given message with the given level.</doc>
<status status="PASS" start="2024-07-24T12:28:57.647508" elapsed="0.000370"/>
</kw>
<status status="PASS" start="2024-07-24T12:28:57.539820" elapsed="0.108344"/>
</kw>
<doc>Testa se os tipos de dados na resposta da API estão corretos.</doc>
<tag>testeTiposDados</tag>
<status status="PASS" start="2024-07-24T12:28:57.426045" elapsed="0.222291"/>
</test>
<test id="s1-s1-t5" name="Validar conteudo" line="35">
<kw name="Teste de Tipos de Conteudo" owner="random-user-service">
<kw name="GET On Session" owner="RequestsLibrary">
<msg time="2024-07-24T12:28:57.754498" level="INFO">GET Request : url=https://randomuser.me/api 
 path_url=/api 
 headers={'User-Agent': 'python-requests/2.32.3', 'Accept-Encoding': 'gzip, deflate', 'Accept': '*/*', 'Connection': 'keep-alive'} 
 body=None 
 </msg>
<msg time="2024-07-24T12:28:57.754591" level="INFO">GET Response : url=https://randomuser.me/api 
 status=200, reason=OK 
 headers={'Date': 'Wed, 24 Jul 2024 12:28:57 GMT', 'Content-Type': 'application/json; charset=utf-8', 'Transfer-Encoding': 'chunked', 'Connection': 'keep-alive', 'X-Powered-By': 'Express', 'Access-Control-Allow-Origin': '*', 'Cache-Control': 'no-cache', 'ETag': 'W/"48d-fUa/RXEXM1allqn01j10LqPSdCQ"', 'Vary': 'Accept-Encoding', 'Content-Encoding': 'gzip', 'CF-Cache-Status': 'DYNAMIC', 'Report-To': '{"endpoints":[{"url":"https:\\/\\/a.nel.cloudflare.com\\/report\\/v4?s=GL18FfnTc%2B%2FMLwVTfYt51loGAMA8cb2gpuyinOT2FQp6LqSPZAep%2BGyL1SJjMHj1HsTNmvsjkkRXpE2QJBIszFiWiUOZftyVlmw9LeeIGt8Y%2BJSg3wGuu9vep3%2BR%2FZls"}],"group":"cf-nel","max_age":604800}', 'NEL': '{"success_fraction":0,"report_to":"cf-nel","max_age":604800}', 'Server': 'cloudflare', 'CF-RAY': '8a83e9bc5a0e1682-SJC', 'alt-svc': 'h3=":443"; ma=86400'} 
 body={"results":[{"gender":"female","name":{"title":"Mrs","first":"Marta","last":"Gil"},"location":{"street":{"number":6073,"name":"Paseo de Extremadura"},"city":"Elche","state":"Castilla la Mancha","country":"Spain","postcode":71161,"coordinates":{"latitude":"-32.4396","longitude":"146.0733"},"timezone":{"offset":"+6:00","description":"Almaty, Dhaka, Colombo"}},"email":"marta.gil@example.com","login":{"uuid":"a58c9e34-a694-4a4a-b1a1-f230afe4ce2f","username":"beautifulwolf219","password":"openup","salt":"AKqMqQDf","md5":"134123621c24ddfca63f87833796ac01","sha1":"f298fcb40d1e1b9ecdbe36ea86dc6cfab46433ec","sha256":"5328540256329ec6aed9364aa10878916705aee3d7a49fbb4b26f45825ba8519"},"dob":{"date":"1955-10-24T19:14:33.122Z","age":68},"registered":{"date":"2003-02-26T11:59:55.395Z","age":21},"phone":"999-288-192","cell":"659-870-737","id":{"name":"DNI","value":"20225018-J"},"picture":{"large":"https://randomuser.me/api/portraits/women/66.jpg","medium":"https://randomuser.me/api/portraits/med/women/66.jpg","thumbnail":"https://randomuser.me/api/portraits/thumb/women/66.jpg"},"nat":"ES"}],"info":{"seed":"dc3aabf5cc6db41c","results":1,"page":1,"version":"1.4"}} 
 </msg>
<msg time="2024-07-24T12:28:57.754662" level="INFO">/opt/hostedtoolcache/Python/3.12.4/x64/lib/python3.12/site-packages/urllib3/connectionpool.py:1099: InsecureRequestWarning: Unverified HTTPS request is being made to host 'randomuser.me'. Adding certificate verification is strongly advised. See: https://urllib3.readthedocs.io/en/latest/advanced-usage.html#tls-warnings
  warnings.warn(</msg>
<msg time="2024-07-24T12:28:57.754785" level="INFO">${response} = &lt;Response [200]&gt;</msg>
<var>${response}</var>
<arg>consultarAPI</arg>
<arg>/api</arg>
<doc>Sends a GET request on a previously created HTTP Session.</doc>
<status status="PASS" start="2024-07-24T12:28:57.650830" elapsed="0.103995"/>
</kw>
<kw name="Set Variable" owner="BuiltIn">
<msg time="2024-07-24T12:28:57.755853" level="INFO">${json_data} = {'results': [{'gender': 'female', 'name': {'title': 'Mrs', 'first': 'Marta', 'last': 'Gil'}, 'location': {'street': {'number': 6073, 'name': 'Paseo de Extremadura'}, 'city': 'Elche', 'state': 'Castill...</msg>
<var>${json_data}</var>
<arg>${response.json()}</arg>
<doc>Returns the given values which can then be assigned to a variables.</doc>
<status status="PASS" start="2024-07-24T12:28:57.755325" elapsed="0.000560"/>
</kw>
<kw name="Set Variable" owner="BuiltIn">
<msg time="2024-07-24T12:28:57.756589" level="INFO">${name_title} = Mrs</msg>
<var>${name_title}</var>
<arg>${json_data["results"][0]["name"]["title"]}</arg>
<doc>Returns the given values which can then be assigned to a variables.</doc>
<status status="PASS" start="2024-07-24T12:28:57.756202" elapsed="0.000414"/>
</kw>
<kw name="Create List" owner="BuiltIn">
<msg time="2024-07-24T12:28:57.757061" level="INFO">${allowed_titles} = ['Mr', 'Ms', 'Miss', 'Mrs', 'Madame', 'Monsieur']</msg>
<var>${allowed_titles}</var>
<arg>Mr</arg>
<arg>Ms</arg>
<arg>Miss</arg>
<arg>Mrs</arg>
<arg>Madame</arg>
<arg>Monsieur</arg>
<doc>Returns a list containing given items.</doc>
<status status="PASS" start="2024-07-24T12:28:57.756911" elapsed="0.000175"/>
</kw>
<kw name="List Should Contain Value" owner="Collections">
<arg>${allowed_titles}</arg>
<arg>${name_title}</arg>
<doc>Fails if the ``value`` is not found from ``list``.</doc>
<status status="PASS" start="2024-07-24T12:28:57.757391" elapsed="0.000221"/>
</kw>
<kw name="Set Variable" owner="BuiltIn">
<msg time="2024-07-24T12:28:57.758192" level="INFO">${name_country} = ES</msg>
<var>${name_country}</var>
<arg>${json_data["results"][0]["nat"]}</arg>
<doc>Returns the given values which can then be assigned to a variables.</doc>
<status status="PASS" start="2024-07-24T12:28:57.757806" elapsed="0.000412"/>
</kw>
<kw name="Create List" owner="BuiltIn">
<msg time="2024-07-24T12:28:57.759128" level="INFO">${list_country} = ['AD', 'AE', 'AF', 'AG', 'AI', 'AL', 'AM', 'AO', 'AQ', 'AR', 'AS', 'AT', 'AU', 'AW', 'AX', 'AZ', 'BA', 'BB', 'BD', 'BE', 'BF', 'BG', 'BH', 'BI', 'BJ', 'BL', 'BM', 'BN', 'BO', 'BQ', 'BR', 'BS', 'BT', '...</msg>
<var>${list_country}</var>
<arg>AD</arg>
<arg>AE</arg>
<arg>AF</arg>
<arg>AG</arg>
<arg>AI</arg>
<arg>AL</arg>
<arg>AM</arg>
<arg>AO</arg>
<arg>AQ</arg>
<arg>AR</arg>
<arg>AS</arg>
<arg>AT</arg>
<arg>AU</arg>
<arg>AW</arg>
<arg>AX</arg>
<arg>AZ</arg>
<arg>BA</arg>
<arg>BB</arg>
<arg>BD</arg>
<arg>BE</arg>
<arg>BF</arg>
<arg>BG</arg>
<arg>BH</arg>
<arg>BI</arg>
<arg>BJ</arg>
<arg>BL</arg>
<arg>BM</arg>
<arg>BN</arg>
<arg>BO</arg>
<arg>BQ</arg>
<arg>BR</arg>
<arg>BS</arg>
<arg>BT</arg>
<arg>BV</arg>
<arg>BW</arg>
<arg>BY</arg>
<arg>BZ</arg>
<arg>CA</arg>
<arg>CC</arg>
<arg>CD</arg>
<arg>CF</arg>
<arg>CG</arg>
<arg>CH</arg>
<arg>CI</arg>
<arg>CK</arg>
<arg>CL</arg>
<arg>CM</arg>
<arg>CN</arg>
<arg>CO</arg>
<arg>CR</arg>
<arg>CU</arg>
<arg>CV</arg>
<arg>CW</arg>
<arg>CX</arg>
<arg>CY</arg>
<arg>CZ</arg>
<arg>DE</arg>
<arg>DJ</arg>
<arg>DK</arg>
<arg>DM</arg>
<arg>DO</arg>
<arg>DZ</arg>
<arg>EC</arg>
<arg>EE</arg>
<arg>EG</arg>
<arg>EH</arg>
<arg>ER</arg>
<arg>ES</arg>
<arg>ET</arg>
<arg>FI</arg>
<arg>FJ</arg>
<arg>FK</arg>
<arg>FM</arg>
<arg>FO</arg>
<arg>FR</arg>
<arg>GA</arg>
<arg>GB</arg>
<arg>GD</arg>
<arg>GE</arg>
<arg>GF</arg>
<arg>GG</arg>
<arg>GH</arg>
<arg>GI</arg>
<arg>GL</arg>
<arg>GM</arg>
<arg>GN</arg>
<arg>GP</arg>
<arg>GQ</arg>
<arg>GR</arg>
<arg>GS</arg>
<arg>GT</arg>
<arg>GU</arg>
<arg>GW</arg>
<arg>GY</arg>
<arg>HK</arg>
<arg>HM</arg>
<arg>HN</arg>
<arg>HR</arg>
<arg>HT</arg>
<arg>HU</arg>
<arg>ID</arg>
<arg>IE</arg>
<arg>IL</arg>
<arg>IM</arg>
<arg>IN</arg>
<arg>IO</arg>
<arg>IQ</arg>
<arg>IR</arg>
<arg>IS</arg>
<arg>IT</arg>
<arg>JE</arg>
<arg>JM</arg>
<arg>JO</arg>
<arg>JP</arg>
<arg>KE</arg>
<arg>KG</arg>
<arg>KH</arg>
<arg>KI</arg>
<arg>KM</arg>
<arg>KN</arg>
<arg>KP</arg>
<arg>KR</arg>
<arg>KW</arg>
<arg>KY</arg>
<arg>KZ</arg>
<arg>LA</arg>
<arg>LB</arg>
<arg>LC</arg>
<arg>LI</arg>
<arg>LK</arg>
<arg>LR</arg>
<arg>LS</arg>
<arg>LT</arg>
<arg>LU</arg>
<arg>LV</arg>
<arg>LY</arg>
<arg>MA</arg>
<arg>MC</arg>
<arg>MD</arg>
<arg>ME</arg>
<arg>MF</arg>
<arg>MG</arg>
<arg>MH</arg>
<arg>MK</arg>
<arg>ML</arg>
<arg>MM</arg>
<arg>MN</arg>
<arg>MO</arg>
<arg>MP</arg>
<arg>MQ</arg>
<arg>MR</arg>
<arg>MS</arg>
<arg>MT</arg>
<arg>MU</arg>
<arg>MV</arg>
<arg>MW</arg>
<arg>MX</arg>
<arg>MY</arg>
<arg>MZ</arg>
<arg>NA</arg>
<arg>NC</arg>
<arg>NE</arg>
<arg>NF</arg>
<arg>NG</arg>
<arg>NI</arg>
<arg>NL</arg>
<arg>NO</arg>
<arg>NP</arg>
<arg>NR</arg>
<arg>NU</arg>
<arg>NZ</arg>
<arg>OM</arg>
<arg>PA</arg>
<arg>PE</arg>
<arg>PF</arg>
<arg>PG</arg>
<arg>PH</arg>
<arg>PK</arg>
<arg>PL</arg>
<arg>PM</arg>
<arg>PN</arg>
<arg>PR</arg>
<arg>PS</arg>
<arg>PT</arg>
<arg>PW</arg>
<arg>PY</arg>
<arg>QA</arg>
<arg>RE</arg>
<arg>RO</arg>
<arg>RS</arg>
<arg>RU</arg>
<arg>RW</arg>
<arg>SA</arg>
<arg>SB</arg>
<arg>SC</arg>
<arg>SD</arg>
<arg>SE</arg>
<arg>SG</arg>
<arg>SH</arg>
<arg>SI</arg>
<arg>SJ</arg>
<arg>SK</arg>
<arg>SL</arg>
<arg>SM</arg>
<arg>SN</arg>
<arg>SO</arg>
<arg>SR</arg>
<arg>SS</arg>
<arg>ST</arg>
<arg>SV</arg>
<arg>SX</arg>
<arg>SY</arg>
<arg>SZ</arg>
<arg>TC</arg>
<arg>TD</arg>
<arg>TF</arg>
<arg>TG</arg>
<arg>TH</arg>
<arg>TJ</arg>
<arg>TK</arg>
<arg>TL</arg>
<arg>TM</arg>
<arg>TN</arg>
<arg>TO</arg>
<arg>TR</arg>
<arg>TT</arg>
<arg>TV</arg>
<arg>TW</arg>
<arg>TZ</arg>
<arg>UA</arg>
<arg>UG</arg>
<arg>UM</arg>
<arg>US</arg>
<arg>UY</arg>
<arg>UZ</arg>
<arg>VA</arg>
<arg>VC</arg>
<arg>VE</arg>
<arg>VG</arg>
<arg>VI</arg>
<arg>VN</arg>
<arg>VU</arg>
<arg>WF</arg>
<arg>WS</arg>
<arg>XK</arg>
<arg>YE</arg>
<arg>YT</arg>
<arg>ZA</arg>
<arg>ZM</arg>
<arg>ZW</arg>
<doc>Returns a list containing given items.</doc>
<status status="PASS" start="2024-07-24T12:28:57.758528" elapsed="0.000631"/>
</kw>
<kw name="List Should Contain Value" owner="Collections">
<arg>${list_country}</arg>
<arg>${name_country}</arg>
<doc>Fails if the ``value`` is not found from ``list``.</doc>
<status status="PASS" start="2024-07-24T12:28:57.760137" elapsed="0.000213"/>
</kw>
<kw name="Run Keyword If" owner="BuiltIn">
<kw name="Should Be True" owner="BuiltIn">
<arg>${True}</arg>
<doc>Fails if the given condition is not true.</doc>
<status status="PASS" start="2024-07-24T12:28:57.761303" elapsed="0.000141"/>
</kw>
<arg>${json_data["results"][0]["location"]["coordinates"]["latitude"]} &gt;= -90 and ${json_data["results"][0]["location"]["coordinates"]["latitude"]} &lt;= 90</arg>
<arg>Should Be True</arg>
<arg>${True}</arg>
<doc>Runs the given keyword with the given arguments, if ``condition`` is true.</doc>
<status status="PASS" start="2024-07-24T12:28:57.760550" elapsed="0.001047"/>
</kw>
<kw name="Run Keyword If" owner="BuiltIn">
<kw name="Should Be True" owner="BuiltIn">
<arg>${True}</arg>
<doc>Fails if the given condition is not true.</doc>
<status status="PASS" start="2024-07-24T12:28:57.762503" elapsed="0.000137"/>
</kw>
<arg>${json_data["results"][0]["location"]["coordinates"]["longitude"]} &gt;= -180 and ${json_data["results"][0]["location"]["coordinates"]["longitude"]} &lt;= 180</arg>
<arg>Should Be True</arg>
<arg>${True}</arg>
<doc>Runs the given keyword with the given arguments, if ``condition`` is true.</doc>
<status status="PASS" start="2024-07-24T12:28:57.761801" elapsed="0.000962"/>
</kw>
<status status="PASS" start="2024-07-24T12:28:57.650610" elapsed="0.112286"/>
</kw>
<doc>Testa o conteúdo específico dos campos retornados pela API.</doc>
<tag>testeConteudo</tag>
<status status="PASS" start="2024-07-24T12:28:57.650172" elapsed="0.112874"/>
</test>
<status status="PASS" start="2024-07-24T12:28:56.739327" elapsed="1.025636"/>
</suite>
<status status="PASS" start="2024-07-24T12:28:56.724993" elapsed="1.044972"/>
</suite>
<statistics>
<total>
<stat pass="5" fail="0" skip="0">All Tests</stat>
</total>
<tag>
<stat pass="1" fail="0" skip="0">testeConteudo</stat>
<stat pass="1" fail="0" skip="0">testeEstruturaResposta</stat>
<stat pass="1" fail="0" skip="0">testeRequisicaoBasica</stat>
<stat pass="1" fail="0" skip="0">testeTiposDados</stat>
</tag>
<suite>
<stat pass="5" fail="0" skip="0" id="s1" name="Tests">Tests</stat>
<stat pass="5" fail="0" skip="0" id="s1-s1" name="Random-User-Test">Tests.Random-User-Test</stat>
</suite>
</statistics>
<errors>
</errors>
</robot>
