<?xml version="1.0" encoding="UTF-8"?>
<robot generator="Robot 7.0 (Python 3.12.3 on linux)" generated="2024-06-02T04:16:41.173126" rpa="false" schemaversion="5">
<suite id="s1" name="Tests" source="/home/runner/work/ApiRandomUser/ApiRandomUser/RamdonUser/tests">
<suite id="s1-s1" name="Random-User-Test" source="/home/runner/work/ApiRandomUser/ApiRandomUser/RamdonUser/tests/random-user-test.robot">
<test id="s1-s1-t1" name="Conectar" line="13">
<kw name="Conectar API" owner="random-user-service">
<kw name="Create Session" owner="RequestsLibrary">
<msg time="2024-06-02T04:16:41.559337" level="INFO">Creating Session using : alias=consultarAPI, url=https://randomuser.me/, headers={},                     cookies={}, auth=None, timeout=None, proxies=None, verify=False,                     debug=0 </msg>
<arg>consultarAPI</arg>
<arg>${URL}</arg>
<doc>Create Session: create a HTTP session to a server</doc>
<status status="PASS" start="2024-06-02T04:16:41.559060" elapsed="0.000504"/>
</kw>
<status status="PASS" start="2024-06-02T04:16:41.557582" elapsed="0.002430"/>
</kw>
<status status="PASS" start="2024-06-02T04:16:41.556992" elapsed="0.003296"/>
</test>
<test id="s1-s1-t2" name="Validar retorno 200 e JSON Válido" line="16">
<kw name="Teste de Requisicao Basica" owner="random-user-service">
<kw name="GET On Session" owner="RequestsLibrary">
<msg time="2024-06-02T04:16:41.866208" level="INFO">GET Request : url=https://randomuser.me/api 
 path_url=/api 
 headers={'User-Agent': 'python-requests/2.32.3', 'Accept-Encoding': 'gzip, deflate', 'Accept': '*/*', 'Connection': 'keep-alive'} 
 body=None 
 </msg>
<msg time="2024-06-02T04:16:41.866332" level="INFO">GET Response : url=https://randomuser.me/api 
 status=200, reason=OK 
 headers={'Date': 'Sun, 02 Jun 2024 04:16:41 GMT', 'Content-Type': 'application/json; charset=utf-8', 'Transfer-Encoding': 'chunked', 'Connection': 'keep-alive', 'X-Powered-By': 'Express', 'Access-Control-Allow-Origin': '*', 'Cache-Control': 'no-cache', 'ETag': 'W/"48f-znzi1tzmrxAnslDAYFVElRjayxA"', 'Vary': 'Accept-Encoding', 'Content-Encoding': 'gzip', 'CF-Cache-Status': 'DYNAMIC', 'Report-To': '{"endpoints":[{"url":"https:\\/\\/a.nel.cloudflare.com\\/report\\/v4?s=vAA%2BLi4Ri1v3b0VoeKMPJ79D2WOF5xIMmHaqtkLoDumcLK2COzhMUMEvaY05Me68voZqsOafln%2BNwFXdfKIOP8tTXob14wloIRZi9TheegN%2FEB7wOhVHWsMcDthadsEW"}],"group":"cf-nel","max_age":604800}', 'NEL': '{"success_fraction":0,"report_to":"cf-nel","max_age":604800}', 'Server': 'cloudflare', 'CF-RAY': '88d4a123fcbf680c-SJC', 'alt-svc': 'h3=":443"; ma=86400'} 
 body={"results":[{"gender":"male","name":{"title":"Monsieur","first":"Florian","last":"Rousseau"},"location":{"street":{"number":3644,"name":"Rue de L'Abbé-Rousselot"},"city":"Hagneck","state":"Bern","country":"Switzerland","postcode":3565,"coordinates":{"latitude":"-62.6600","longitude":"-115.6014"},"timezone":{"offset":"-3:30","description":"Newfoundland"}},"email":"florian.rousseau@example.com","login":{"uuid":"4e559532-c022-41e3-80a0-dfc248760d27","username":"redbear846","password":"124578","salt":"Waljf6lc","md5":"6c6b7aaf28f50850c1125a177854b19b","sha1":"cbe03ad9d203e7f73fbbbf8ad7691074f0239c76","sha256":"dead73e421e0f2ac961498deee89d2fe62f401641434c517316fb53c3eef55e6"},"dob":{"date":"1999-05-16T06:38:58.784Z","age":25},"registered":{"date":"2018-02-17T11:59:07.514Z","age":6},"phone":"077 440 81 46","cell":"075 160 11 99","id":{"name":"AVS","value":"756.1506.4343.38"},"picture":{"large":"https://randomuser.me/api/portraits/men/17.jpg","medium":"https://randomuser.me/api/portraits/med/men/17.jpg","thumbnail":"https://randomuser.me/api/portraits/thumb/men/17.jpg"},"nat":"CH"}],"info":{"seed":"9c48f4df5ce66fee","results":1,"page":1,"version":"1.4"}} 
 </msg>
<msg time="2024-06-02T04:16:41.866408" level="INFO">/opt/hostedtoolcache/Python/3.12.3/x64/lib/python3.12/site-packages/urllib3/connectionpool.py:1103: InsecureRequestWarning: Unverified HTTPS request is being made to host 'randomuser.me'. Adding certificate verification is strongly advised. See: https://urllib3.readthedocs.io/en/latest/advanced-usage.html#tls-warnings
  warnings.warn(</msg>
<msg time="2024-06-02T04:16:41.866534" level="INFO">${response} = &lt;Response [200]&gt;</msg>
<var>${response}</var>
<arg>consultarAPI</arg>
<arg>/api</arg>
<doc>Sends a GET request on a previously created HTTP Session.</doc>
<status status="PASS" start="2024-06-02T04:16:41.563009" elapsed="0.303564"/>
</kw>
<kw name="Should Be Equal As Numbers" owner="BuiltIn">
<msg time="2024-06-02T04:16:41.867442" level="INFO">Argument types are:
&lt;class 'int'&gt;
&lt;class 'str'&gt;</msg>
<arg>${response.status_code}</arg>
<arg>200</arg>
<doc>Fails if objects are unequal after converting them to real numbers.</doc>
<status status="PASS" start="2024-06-02T04:16:41.867016" elapsed="0.000489"/>
</kw>
<kw name="Log" owner="BuiltIn">
<msg time="2024-06-02T04:16:41.868204" level="INFO">200</msg>
<arg>${response.status_code}</arg>
<doc>Logs the given message with the given level.</doc>
<status status="PASS" start="2024-06-02T04:16:41.867854" elapsed="0.000396"/>
</kw>
<kw name="Set Variable" owner="BuiltIn">
<msg time="2024-06-02T04:16:41.869022" level="INFO">${json_data} = {'results': [{'gender': 'male', 'name': {'title': 'Monsieur', 'first': 'Florian', 'last': 'Rousseau'}, 'location': {'street': {'number': 3644, 'name': "Rue de L'Abbé-Rousselot"}, 'city': 'Hagneck', 's...</msg>
<var>${json_data}</var>
<arg>${response.json()}</arg>
<doc>Returns the given values which can then be assigned to a variables.</doc>
<status status="PASS" start="2024-06-02T04:16:41.868556" elapsed="0.000496"/>
</kw>
<kw name="Dictionary Should Contain Key" owner="Collections">
<msg time="2024-06-02T04:16:41.869530" level="INFO">False</msg>
<arg>${json_data}</arg>
<arg>results</arg>
<doc>Fails if ``key`` is not found from ``dictionary``.</doc>
<status status="PASS" start="2024-06-02T04:16:41.869358" elapsed="0.000353"/>
</kw>
<status status="PASS" start="2024-06-02T04:16:41.562769" elapsed="0.307205"/>
</kw>
<doc>Testa se a API responde corretamente e retorna um objeto JSON válido.</doc>
<tag>testeRequisicaoBasica</tag>
<status status="PASS" start="2024-06-02T04:16:41.562242" elapsed="0.307908"/>
</test>
<test id="s1-s1-t3" name="Validar estrutura de resposta" line="22">
<kw name="Teste de Estrutura de Resposta" owner="random-user-service">
<kw name="GET On Session" owner="RequestsLibrary">
<msg time="2024-06-02T04:16:41.959929" level="INFO">GET Request : url=https://randomuser.me/api 
 path_url=/api 
 headers={'User-Agent': 'python-requests/2.32.3', 'Accept-Encoding': 'gzip, deflate', 'Accept': '*/*', 'Connection': 'keep-alive'} 
 body=None 
 </msg>
<msg time="2024-06-02T04:16:41.960009" level="INFO">GET Response : url=https://randomuser.me/api 
 status=200, reason=OK 
 headers={'Date': 'Sun, 02 Jun 2024 04:16:41 GMT', 'Content-Type': 'application/json; charset=utf-8', 'Transfer-Encoding': 'chunked', 'Connection': 'keep-alive', 'X-Powered-By': 'Express', 'Access-Control-Allow-Origin': '*', 'Cache-Control': 'no-cache', 'ETag': 'W/"480-qNsY4PUZqShOQxIybvmzNsP06Jk"', 'Vary': 'Accept-Encoding', 'Content-Encoding': 'gzip', 'CF-Cache-Status': 'DYNAMIC', 'Report-To': '{"endpoints":[{"url":"https:\\/\\/a.nel.cloudflare.com\\/report\\/v4?s=gN7chdclI9DluAaS%2FPnsf7VDauDpDjcBy3BvOu8SDUvnsCjGpcgHVdYsFl6Ca0IDtW14Wr3HTIUiROb8uEBm867eDhZSC3j8CvOf3dkS7%2FYHZ2%2BNfuKwjddqAgoDrv1Q"}],"group":"cf-nel","max_age":604800}', 'NEL': '{"success_fraction":0,"report_to":"cf-nel","max_age":604800}', 'Server': 'cloudflare', 'CF-RAY': '88d4a125be43680c-SJC', 'alt-svc': 'h3=":443"; ma=86400'} 
 body={"results":[{"gender":"male","name":{"title":"Mr","first":"Arman","last":"Wielenga"},"location":{"street":{"number":4794,"name":"Dennenhoven"},"city":"Zuidbroek","state":"Zeeland","country":"Netherlands","postcode":"6397 WX","coordinates":{"latitude":"35.9572","longitude":"-4.6010"},"timezone":{"offset":"-3:30","description":"Newfoundland"}},"email":"arman.wielenga@example.com","login":{"uuid":"1f576fd3-f228-4fe5-b197-6fb6804fbaa2","username":"organicladybug464","password":"arkansas","salt":"7kiF06xE","md5":"548f76ba6cccf2c7f21b308c515ec6f5","sha1":"af3307e2bb6e911a37a5a4064aea006e0676cf2e","sha256":"13124be0935e88521f33bd0c868a3e7218c8be715738353bc09fef57a8af22ce"},"dob":{"date":"2000-10-24T03:59:15.394Z","age":23},"registered":{"date":"2016-04-05T23:11:37.141Z","age":8},"phone":"(0747) 590725","cell":"(06) 03907309","id":{"name":"BSN","value":"75354626"},"picture":{"large":"https://randomuser.me/api/portraits/men/40.jpg","medium":"https://randomuser.me/api/portraits/med/men/40.jpg","thumbnail":"https://randomuser.me/api/portraits/thumb/men/40.jpg"},"nat":"NL"}],"info":{"seed":"e91374d9e0618edf","results":1,"page":1,"version":"1.4"}} 
 </msg>
<msg time="2024-06-02T04:16:41.960121" level="INFO">/opt/hostedtoolcache/Python/3.12.3/x64/lib/python3.12/site-packages/urllib3/connectionpool.py:1103: InsecureRequestWarning: Unverified HTTPS request is being made to host 'randomuser.me'. Adding certificate verification is strongly advised. See: https://urllib3.readthedocs.io/en/latest/advanced-usage.html#tls-warnings
  warnings.warn(</msg>
<msg time="2024-06-02T04:16:41.960241" level="INFO">${response} = &lt;Response [200]&gt;</msg>
<var>${response}</var>
<arg>consultarAPI</arg>
<arg>/api</arg>
<doc>Sends a GET request on a previously created HTTP Session.</doc>
<status status="PASS" start="2024-06-02T04:16:41.872746" elapsed="0.087544"/>
</kw>
<kw name="Set Variable" owner="BuiltIn">
<msg time="2024-06-02T04:16:41.961364" level="INFO">${json_data} = {'results': [{'gender': 'male', 'name': {'title': 'Mr', 'first': 'Arman', 'last': 'Wielenga'}, 'location': {'street': {'number': 4794, 'name': 'Dennenhoven'}, 'city': 'Zuidbroek', 'state': 'Zeeland', ...</msg>
<var>${json_data}</var>
<arg>${response.json()}</arg>
<doc>Returns the given values which can then be assigned to a variables.</doc>
<status status="PASS" start="2024-06-02T04:16:41.960784" elapsed="0.000609"/>
</kw>
<kw name="Log" owner="BuiltIn">
<msg time="2024-06-02T04:16:41.961853" level="INFO">{'results': [{'gender': 'male', 'name': {'title': 'Mr', 'first': 'Arman', 'last': 'Wielenga'}, 'location': {'street': {'number': 4794, 'name': 'Dennenhoven'}, 'city': 'Zuidbroek', 'state': 'Zeeland', 'country': 'Netherlands', 'postcode': '6397 WX', 'coordinates': {'latitude': '35.9572', 'longitude': '-4.6010'}, 'timezone': {'offset': '-3:30', 'description': 'Newfoundland'}}, 'email': 'arman.wielenga@example.com', 'login': {'uuid': '1f576fd3-f228-4fe5-b197-6fb6804fbaa2', 'username': 'organicladybug464', 'password': 'arkansas', 'salt': '7kiF06xE', 'md5': '548f76ba6cccf2c7f21b308c515ec6f5', 'sha1': 'af3307e2bb6e911a37a5a4064aea006e0676cf2e', 'sha256': '13124be0935e88521f33bd0c868a3e7218c8be715738353bc09fef57a8af22ce'}, 'dob': {'date': '2000-10-24T03:59:15.394Z', 'age': 23}, 'registered': {'date': '2016-04-05T23:11:37.141Z', 'age': 8}, 'phone': '(0747) 590725', 'cell': '(06) 03907309', 'id': {'name': 'BSN', 'value': '75354626'}, 'picture': {'large': 'https://randomuser.me/api/portraits/men/40.jpg', 'medium': 'https://randomuser.me/api/portraits/med/men/40.jpg', 'thumbnail': 'https://randomuser.me/api/portraits/thumb/men/40.jpg'}, 'nat': 'NL'}], 'info': {'seed': 'e91374d9e0618edf', 'results': 1, 'page': 1, 'version': '1.4'}}</msg>
<arg>${json_data}</arg>
<doc>Logs the given message with the given level.</doc>
<status status="PASS" start="2024-06-02T04:16:41.961699" elapsed="0.000200"/>
</kw>
<kw name="Dictionary Should Contain Key" owner="Collections">
<msg time="2024-06-02T04:16:41.962344" level="INFO">False</msg>
<arg>${json_data}</arg>
<arg>results</arg>
<doc>Fails if ``key`` is not found from ``dictionary``.</doc>
<status status="PASS" start="2024-06-02T04:16:41.962196" elapsed="0.000184"/>
</kw>
<kw name="Should Not Be Empty" owner="BuiltIn">
<msg time="2024-06-02T04:16:41.962804" level="INFO">Length is 2.</msg>
<arg>${json_data}</arg>
<doc>Verifies that the given item is not empty.</doc>
<status status="PASS" start="2024-06-02T04:16:41.962674" elapsed="0.000168"/>
</kw>
<kw name="Create List" owner="BuiltIn">
<msg time="2024-06-02T04:16:41.963285" level="INFO">${expected_keys} = ['gender', 'name', 'location', 'email', 'login']</msg>
<var>${expected_keys}</var>
<arg>gender</arg>
<arg>name</arg>
<arg>location</arg>
<arg>email</arg>
<arg>login</arg>
<doc>Returns a list containing given items.</doc>
<status status="PASS" start="2024-06-02T04:16:41.963141" elapsed="0.000167"/>
</kw>
<for flavor="IN">
<iter>
<kw name="Dictionary Should Contain Key" owner="Collections">
<msg time="2024-06-02T04:16:41.964267" level="INFO">False</msg>
<arg>${json_data['results'][0]}</arg>
<arg>${key}</arg>
<doc>Fails if ``key`` is not found from ``dictionary``.</doc>
<status status="PASS" start="2024-06-02T04:16:41.963865" elapsed="0.000445"/>
</kw>
<kw name="Log" owner="BuiltIn">
<msg time="2024-06-02T04:16:41.964999" level="INFO">{'gender': 'male', 'name': {'title': 'Mr', 'first': 'Arman', 'last': 'Wielenga'}, 'location': {'street': {'number': 4794, 'name': 'Dennenhoven'}, 'city': 'Zuidbroek', 'state': 'Zeeland', 'country': 'Netherlands', 'postcode': '6397 WX', 'coordinates': {'latitude': '35.9572', 'longitude': '-4.6010'}, 'timezone': {'offset': '-3:30', 'description': 'Newfoundland'}}, 'email': 'arman.wielenga@example.com', 'login': {'uuid': '1f576fd3-f228-4fe5-b197-6fb6804fbaa2', 'username': 'organicladybug464', 'password': 'arkansas', 'salt': '7kiF06xE', 'md5': '548f76ba6cccf2c7f21b308c515ec6f5', 'sha1': 'af3307e2bb6e911a37a5a4064aea006e0676cf2e', 'sha256': '13124be0935e88521f33bd0c868a3e7218c8be715738353bc09fef57a8af22ce'}, 'dob': {'date': '2000-10-24T03:59:15.394Z', 'age': 23}, 'registered': {'date': '2016-04-05T23:11:37.141Z', 'age': 8}, 'phone': '(0747) 590725', 'cell': '(06) 03907309', 'id': {'name': 'BSN', 'value': '75354626'}, 'picture': {'large': 'https://randomuser.me/api/portraits/men/40.jpg', 'medium': 'https://randomuser.me/api/portraits/med/men/40.jpg', 'thumbnail': 'https://randomuser.me/api/portraits/thumb/men/40.jpg'}, 'nat': 'NL'}</msg>
<arg>${json_data['results'][0]}</arg>
<doc>Logs the given message with the given level.</doc>
<status status="PASS" start="2024-06-02T04:16:41.964611" elapsed="0.000437"/>
</kw>
<kw name="Log" owner="BuiltIn">
<msg time="2024-06-02T04:16:41.965483" level="INFO">gender</msg>
<arg>${key}</arg>
<doc>Logs the given message with the given level.</doc>
<status status="PASS" start="2024-06-02T04:16:41.965352" elapsed="0.000168"/>
</kw>
<var name="${key}">gender</var>
<status status="PASS" start="2024-06-02T04:16:41.963743" elapsed="0.001993"/>
</iter>
<iter>
<kw name="Dictionary Should Contain Key" owner="Collections">
<msg time="2024-06-02T04:16:41.966421" level="INFO">False</msg>
<arg>${json_data['results'][0]}</arg>
<arg>${key}</arg>
<doc>Fails if ``key`` is not found from ``dictionary``.</doc>
<status status="PASS" start="2024-06-02T04:16:41.966035" elapsed="0.000423"/>
</kw>
<kw name="Log" owner="BuiltIn">
<msg time="2024-06-02T04:16:41.967141" level="INFO">{'gender': 'male', 'name': {'title': 'Mr', 'first': 'Arman', 'last': 'Wielenga'}, 'location': {'street': {'number': 4794, 'name': 'Dennenhoven'}, 'city': 'Zuidbroek', 'state': 'Zeeland', 'country': 'Netherlands', 'postcode': '6397 WX', 'coordinates': {'latitude': '35.9572', 'longitude': '-4.6010'}, 'timezone': {'offset': '-3:30', 'description': 'Newfoundland'}}, 'email': 'arman.wielenga@example.com', 'login': {'uuid': '1f576fd3-f228-4fe5-b197-6fb6804fbaa2', 'username': 'organicladybug464', 'password': 'arkansas', 'salt': '7kiF06xE', 'md5': '548f76ba6cccf2c7f21b308c515ec6f5', 'sha1': 'af3307e2bb6e911a37a5a4064aea006e0676cf2e', 'sha256': '13124be0935e88521f33bd0c868a3e7218c8be715738353bc09fef57a8af22ce'}, 'dob': {'date': '2000-10-24T03:59:15.394Z', 'age': 23}, 'registered': {'date': '2016-04-05T23:11:37.141Z', 'age': 8}, 'phone': '(0747) 590725', 'cell': '(06) 03907309', 'id': {'name': 'BSN', 'value': '75354626'}, 'picture': {'large': 'https://randomuser.me/api/portraits/men/40.jpg', 'medium': 'https://randomuser.me/api/portraits/med/men/40.jpg', 'thumbnail': 'https://randomuser.me/api/portraits/thumb/men/40.jpg'}, 'nat': 'NL'}</msg>
<arg>${json_data['results'][0]}</arg>
<doc>Logs the given message with the given level.</doc>
<status status="PASS" start="2024-06-02T04:16:41.966783" elapsed="0.000404"/>
</kw>
<kw name="Log" owner="BuiltIn">
<msg time="2024-06-02T04:16:41.967611" level="INFO">name</msg>
<arg>${key}</arg>
<doc>Logs the given message with the given level.</doc>
<status status="PASS" start="2024-06-02T04:16:41.967481" elapsed="0.000168"/>
</kw>
<var name="${key}">name</var>
<status status="PASS" start="2024-06-02T04:16:41.965921" elapsed="0.001941"/>
</iter>
<iter>
<kw name="Dictionary Should Contain Key" owner="Collections">
<msg time="2024-06-02T04:16:41.968524" level="INFO">False</msg>
<arg>${json_data['results'][0]}</arg>
<arg>${key}</arg>
<doc>Fails if ``key`` is not found from ``dictionary``.</doc>
<status status="PASS" start="2024-06-02T04:16:41.968151" elapsed="0.000410"/>
</kw>
<kw name="Log" owner="BuiltIn">
<msg time="2024-06-02T04:16:41.969261" level="INFO">{'gender': 'male', 'name': {'title': 'Mr', 'first': 'Arman', 'last': 'Wielenga'}, 'location': {'street': {'number': 4794, 'name': 'Dennenhoven'}, 'city': 'Zuidbroek', 'state': 'Zeeland', 'country': 'Netherlands', 'postcode': '6397 WX', 'coordinates': {'latitude': '35.9572', 'longitude': '-4.6010'}, 'timezone': {'offset': '-3:30', 'description': 'Newfoundland'}}, 'email': 'arman.wielenga@example.com', 'login': {'uuid': '1f576fd3-f228-4fe5-b197-6fb6804fbaa2', 'username': 'organicladybug464', 'password': 'arkansas', 'salt': '7kiF06xE', 'md5': '548f76ba6cccf2c7f21b308c515ec6f5', 'sha1': 'af3307e2bb6e911a37a5a4064aea006e0676cf2e', 'sha256': '13124be0935e88521f33bd0c868a3e7218c8be715738353bc09fef57a8af22ce'}, 'dob': {'date': '2000-10-24T03:59:15.394Z', 'age': 23}, 'registered': {'date': '2016-04-05T23:11:37.141Z', 'age': 8}, 'phone': '(0747) 590725', 'cell': '(06) 03907309', 'id': {'name': 'BSN', 'value': '75354626'}, 'picture': {'large': 'https://randomuser.me/api/portraits/men/40.jpg', 'medium': 'https://randomuser.me/api/portraits/med/men/40.jpg', 'thumbnail': 'https://randomuser.me/api/portraits/thumb/men/40.jpg'}, 'nat': 'NL'}</msg>
<arg>${json_data['results'][0]}</arg>
<doc>Logs the given message with the given level.</doc>
<status status="PASS" start="2024-06-02T04:16:41.968891" elapsed="0.000418"/>
</kw>
<kw name="Log" owner="BuiltIn">
<msg time="2024-06-02T04:16:41.969741" level="INFO">location</msg>
<arg>${key}</arg>
<doc>Logs the given message with the given level.</doc>
<status status="PASS" start="2024-06-02T04:16:41.969612" elapsed="0.000166"/>
</kw>
<var name="${key}">location</var>
<status status="PASS" start="2024-06-02T04:16:41.968039" elapsed="0.001954"/>
</iter>
<iter>
<kw name="Dictionary Should Contain Key" owner="Collections">
<msg time="2024-06-02T04:16:41.970757" level="INFO">False</msg>
<arg>${json_data['results'][0]}</arg>
<arg>${key}</arg>
<doc>Fails if ``key`` is not found from ``dictionary``.</doc>
<status status="PASS" start="2024-06-02T04:16:41.970277" elapsed="0.000518"/>
</kw>
<kw name="Log" owner="BuiltIn">
<msg time="2024-06-02T04:16:41.971449" level="INFO">{'gender': 'male', 'name': {'title': 'Mr', 'first': 'Arman', 'last': 'Wielenga'}, 'location': {'street': {'number': 4794, 'name': 'Dennenhoven'}, 'city': 'Zuidbroek', 'state': 'Zeeland', 'country': 'Netherlands', 'postcode': '6397 WX', 'coordinates': {'latitude': '35.9572', 'longitude': '-4.6010'}, 'timezone': {'offset': '-3:30', 'description': 'Newfoundland'}}, 'email': 'arman.wielenga@example.com', 'login': {'uuid': '1f576fd3-f228-4fe5-b197-6fb6804fbaa2', 'username': 'organicladybug464', 'password': 'arkansas', 'salt': '7kiF06xE', 'md5': '548f76ba6cccf2c7f21b308c515ec6f5', 'sha1': 'af3307e2bb6e911a37a5a4064aea006e0676cf2e', 'sha256': '13124be0935e88521f33bd0c868a3e7218c8be715738353bc09fef57a8af22ce'}, 'dob': {'date': '2000-10-24T03:59:15.394Z', 'age': 23}, 'registered': {'date': '2016-04-05T23:11:37.141Z', 'age': 8}, 'phone': '(0747) 590725', 'cell': '(06) 03907309', 'id': {'name': 'BSN', 'value': '75354626'}, 'picture': {'large': 'https://randomuser.me/api/portraits/men/40.jpg', 'medium': 'https://randomuser.me/api/portraits/med/men/40.jpg', 'thumbnail': 'https://randomuser.me/api/portraits/thumb/men/40.jpg'}, 'nat': 'NL'}</msg>
<arg>${json_data['results'][0]}</arg>
<doc>Logs the given message with the given level.</doc>
<status status="PASS" start="2024-06-02T04:16:41.971094" elapsed="0.000402"/>
</kw>
<kw name="Log" owner="BuiltIn">
<msg time="2024-06-02T04:16:41.971919" level="INFO">email</msg>
<arg>${key}</arg>
<doc>Logs the given message with the given level.</doc>
<status status="PASS" start="2024-06-02T04:16:41.971792" elapsed="0.000165"/>
</kw>
<var name="${key}">email</var>
<status status="PASS" start="2024-06-02T04:16:41.970166" elapsed="0.002004"/>
</iter>
<iter>
<kw name="Dictionary Should Contain Key" owner="Collections">
<msg time="2024-06-02T04:16:41.972834" level="INFO">False</msg>
<arg>${json_data['results'][0]}</arg>
<arg>${key}</arg>
<doc>Fails if ``key`` is not found from ``dictionary``.</doc>
<status status="PASS" start="2024-06-02T04:16:41.972454" elapsed="0.000450"/>
</kw>
<kw name="Log" owner="BuiltIn">
<msg time="2024-06-02T04:16:41.973569" level="INFO">{'gender': 'male', 'name': {'title': 'Mr', 'first': 'Arman', 'last': 'Wielenga'}, 'location': {'street': {'number': 4794, 'name': 'Dennenhoven'}, 'city': 'Zuidbroek', 'state': 'Zeeland', 'country': 'Netherlands', 'postcode': '6397 WX', 'coordinates': {'latitude': '35.9572', 'longitude': '-4.6010'}, 'timezone': {'offset': '-3:30', 'description': 'Newfoundland'}}, 'email': 'arman.wielenga@example.com', 'login': {'uuid': '1f576fd3-f228-4fe5-b197-6fb6804fbaa2', 'username': 'organicladybug464', 'password': 'arkansas', 'salt': '7kiF06xE', 'md5': '548f76ba6cccf2c7f21b308c515ec6f5', 'sha1': 'af3307e2bb6e911a37a5a4064aea006e0676cf2e', 'sha256': '13124be0935e88521f33bd0c868a3e7218c8be715738353bc09fef57a8af22ce'}, 'dob': {'date': '2000-10-24T03:59:15.394Z', 'age': 23}, 'registered': {'date': '2016-04-05T23:11:37.141Z', 'age': 8}, 'phone': '(0747) 590725', 'cell': '(06) 03907309', 'id': {'name': 'BSN', 'value': '75354626'}, 'picture': {'large': 'https://randomuser.me/api/portraits/men/40.jpg', 'medium': 'https://randomuser.me/api/portraits/med/men/40.jpg', 'thumbnail': 'https://randomuser.me/api/portraits/thumb/men/40.jpg'}, 'nat': 'NL'}</msg>
<arg>${json_data['results'][0]}</arg>
<doc>Logs the given message with the given level.</doc>
<status status="PASS" start="2024-06-02T04:16:41.973211" elapsed="0.000406"/>
</kw>
<kw name="Log" owner="BuiltIn">
<msg time="2024-06-02T04:16:41.974037" level="INFO">login</msg>
<arg>${key}</arg>
<doc>Logs the given message with the given level.</doc>
<status status="PASS" start="2024-06-02T04:16:41.973910" elapsed="0.000165"/>
</kw>
<var name="${key}">login</var>
<status status="PASS" start="2024-06-02T04:16:41.972343" elapsed="0.001955"/>
</iter>
<var>${key}</var>
<value>@{expected_keys}</value>
<status status="PASS" start="2024-06-02T04:16:41.963563" elapsed="0.010882"/>
</for>
<kw name="Create List" owner="BuiltIn">
<msg time="2024-06-02T04:16:41.974783" level="INFO">${expected_keysTwo} = ['username', 'password']</msg>
<var>${expected_keysTwo}</var>
<arg>username</arg>
<arg>password</arg>
<doc>Returns a list containing given items.</doc>
<status status="PASS" start="2024-06-02T04:16:41.974646" elapsed="0.000160"/>
</kw>
<for flavor="IN">
<iter>
<kw name="Dictionary Should Contain Key" owner="Collections">
<msg time="2024-06-02T04:16:41.975703" level="INFO">False</msg>
<arg>${json_data['results'][0]['login']}</arg>
<arg>${keyTwo}</arg>
<doc>Fails if ``key`` is not found from ``dictionary``.</doc>
<status status="PASS" start="2024-06-02T04:16:41.975324" elapsed="0.000417"/>
</kw>
<kw name="Dictionary Should Contain Key" owner="Collections">
<msg time="2024-06-02T04:16:41.976413" level="INFO">False</msg>
<arg>${json_data['results'][0]['login']}</arg>
<arg>${keyTwo}</arg>
<doc>Fails if ``key`` is not found from ``dictionary``.</doc>
<status status="PASS" start="2024-06-02T04:16:41.976038" elapsed="0.000412"/>
</kw>
<kw name="Log" owner="BuiltIn">
<msg time="2024-06-02T04:16:41.976903" level="INFO">username</msg>
<arg>${keyTwo}</arg>
<doc>Logs the given message with the given level.</doc>
<status status="PASS" start="2024-06-02T04:16:41.976743" elapsed="0.000201"/>
</kw>
<var name="${keyTwo}">username</var>
<status status="PASS" start="2024-06-02T04:16:41.975215" elapsed="0.001949"/>
</iter>
<iter>
<kw name="Dictionary Should Contain Key" owner="Collections">
<msg time="2024-06-02T04:16:41.977820" level="INFO">False</msg>
<arg>${json_data['results'][0]['login']}</arg>
<arg>${keyTwo}</arg>
<doc>Fails if ``key`` is not found from ``dictionary``.</doc>
<status status="PASS" start="2024-06-02T04:16:41.977444" elapsed="0.000413"/>
</kw>
<kw name="Dictionary Should Contain Key" owner="Collections">
<msg time="2024-06-02T04:16:41.978524" level="INFO">False</msg>
<arg>${json_data['results'][0]['login']}</arg>
<arg>${keyTwo}</arg>
<doc>Fails if ``key`` is not found from ``dictionary``.</doc>
<status status="PASS" start="2024-06-02T04:16:41.978147" elapsed="0.000414"/>
</kw>
<kw name="Log" owner="BuiltIn">
<msg time="2024-06-02T04:16:41.978973" level="INFO">password</msg>
<arg>${keyTwo}</arg>
<doc>Logs the given message with the given level.</doc>
<status status="PASS" start="2024-06-02T04:16:41.978849" elapsed="0.000161"/>
</kw>
<var name="${keyTwo}">password</var>
<status status="PASS" start="2024-06-02T04:16:41.977334" elapsed="0.001889"/>
</iter>
<var>${keyTwo}</var>
<value>@{expected_keysTwo}</value>
<status status="PASS" start="2024-06-02T04:16:41.975045" elapsed="0.004295"/>
</for>
<status status="PASS" start="2024-06-02T04:16:41.872511" elapsed="0.106963"/>
</kw>
<doc>Testa a estrutura da resposta da API.</doc>
<tag>testeEstruturaResposta</tag>
<status status="PASS" start="2024-06-02T04:16:41.871929" elapsed="0.107689"/>
</test>
<test id="s1-s1-t4" name="Validar tipos de dados" line="28">
<kw name="Teste de Tipos de Dados" owner="random-user-service">
<kw name="GET On Session" owner="RequestsLibrary">
<msg time="2024-06-02T04:16:42.076942" level="INFO">GET Request : url=https://randomuser.me/api 
 path_url=/api 
 headers={'User-Agent': 'python-requests/2.32.3', 'Accept-Encoding': 'gzip, deflate', 'Accept': '*/*', 'Connection': 'keep-alive'} 
 body=None 
 </msg>
<msg time="2024-06-02T04:16:42.077022" level="INFO">GET Response : url=https://randomuser.me/api 
 status=200, reason=OK 
 headers={'Date': 'Sun, 02 Jun 2024 04:16:42 GMT', 'Content-Type': 'application/json; charset=utf-8', 'Transfer-Encoding': 'chunked', 'Connection': 'keep-alive', 'X-Powered-By': 'Express', 'Access-Control-Allow-Origin': '*', 'Cache-Control': 'no-cache', 'ETag': 'W/"47f-Jzb6dCzBWtXvqv7wz/aok4jTKbY"', 'Vary': 'Accept-Encoding', 'Content-Encoding': 'gzip', 'CF-Cache-Status': 'DYNAMIC', 'Report-To': '{"endpoints":[{"url":"https:\\/\\/a.nel.cloudflare.com\\/report\\/v4?s=htKnTu3A7IsrD5Gm%2FchLFvyep53LwDP6BnsaDt29hsEwGfDdxriTTjUfGrLfOQ8Yw0ahdezst%2BlK%2B2K8Hs6x%2FJtrJ5lnBvsznBLqQqq3MJFhEeolHOnFXWcY35TzpcM0"}],"group":"cf-nel","max_age":604800}', 'NEL': '{"success_fraction":0,"report_to":"cf-nel","max_age":604800}', 'Server': 'cloudflare', 'CF-RAY': '88d4a1266efb680c-SJC', 'alt-svc': 'h3=":443"; ma=86400'} 
 body={"results":[{"gender":"female","name":{"title":"Mrs","first":"Deekshitha","last":"Tipparti"},"location":{"street":{"number":1348,"name":"NAD X Rd"},"city":"Bathinda","state":"Karnataka","country":"India","postcode":71984,"coordinates":{"latitude":"9.3873","longitude":"93.0793"},"timezone":{"offset":"-10:00","description":"Hawaii"}},"email":"deekshitha.tipparti@example.com","login":{"uuid":"2f612917-b00e-4de7-8d89-e626cfba902c","username":"purpletiger462","password":"lemonade","salt":"bb526EH2","md5":"b6895fcb17c9402e9c215a2680387f96","sha1":"f6a125a49744640b6a64b4a551cd6f34bd11a13e","sha256":"435053c004e7c7f511bb54c2d0d28bdfaab6cbbeba4be2d184bdc93f73201f69"},"dob":{"date":"1952-07-03T09:26:22.429Z","age":71},"registered":{"date":"2010-08-28T13:50:31.036Z","age":13},"phone":"9766017980","cell":"7190081941","id":{"name":"UIDAI","value":"081678794199"},"picture":{"large":"https://randomuser.me/api/portraits/women/73.jpg","medium":"https://randomuser.me/api/portraits/med/women/73.jpg","thumbnail":"https://randomuser.me/api/portraits/thumb/women/73.jpg"},"nat":"IN"}],"info":{"seed":"4939ae00d68ef3d5","results":1,"page":1,"version":"1.4"}} 
 </msg>
<msg time="2024-06-02T04:16:42.077084" level="INFO">/opt/hostedtoolcache/Python/3.12.3/x64/lib/python3.12/site-packages/urllib3/connectionpool.py:1103: InsecureRequestWarning: Unverified HTTPS request is being made to host 'randomuser.me'. Adding certificate verification is strongly advised. See: https://urllib3.readthedocs.io/en/latest/advanced-usage.html#tls-warnings
  warnings.warn(</msg>
<msg time="2024-06-02T04:16:42.077193" level="INFO">${response} = &lt;Response [200]&gt;</msg>
<var>${response}</var>
<arg>consultarAPI</arg>
<arg>/api</arg>
<doc>Sends a GET request on a previously created HTTP Session.</doc>
<status status="PASS" start="2024-06-02T04:16:41.982100" elapsed="0.095134"/>
</kw>
<kw name="Set Variable" owner="BuiltIn">
<msg time="2024-06-02T04:16:42.078305" level="INFO">${json_data} = {'results': [{'gender': 'female', 'name': {'title': 'Mrs', 'first': 'Deekshitha', 'last': 'Tipparti'}, 'location': {'street': {'number': 1348, 'name': 'NAD X Rd'}, 'city': 'Bathinda', 'state': 'Karnat...</msg>
<var>${json_data}</var>
<arg>${response.json()}</arg>
<doc>Returns the given values which can then be assigned to a variables.</doc>
<status status="PASS" start="2024-06-02T04:16:42.077764" elapsed="0.000569"/>
</kw>
<kw name="Log" owner="BuiltIn">
<msg time="2024-06-02T04:16:42.078804" level="INFO">{'results': [{'gender': 'female', 'name': {'title': 'Mrs', 'first': 'Deekshitha', 'last': 'Tipparti'}, 'location': {'street': {'number': 1348, 'name': 'NAD X Rd'}, 'city': 'Bathinda', 'state': 'Karnataka', 'country': 'India', 'postcode': 71984, 'coordinates': {'latitude': '9.3873', 'longitude': '93.0793'}, 'timezone': {'offset': '-10:00', 'description': 'Hawaii'}}, 'email': 'deekshitha.tipparti@example.com', 'login': {'uuid': '2f612917-b00e-4de7-8d89-e626cfba902c', 'username': 'purpletiger462', 'password': 'lemonade', 'salt': 'bb526EH2', 'md5': 'b6895fcb17c9402e9c215a2680387f96', 'sha1': 'f6a125a49744640b6a64b4a551cd6f34bd11a13e', 'sha256': '435053c004e7c7f511bb54c2d0d28bdfaab6cbbeba4be2d184bdc93f73201f69'}, 'dob': {'date': '1952-07-03T09:26:22.429Z', 'age': 71}, 'registered': {'date': '2010-08-28T13:50:31.036Z', 'age': 13}, 'phone': '9766017980', 'cell': '7190081941', 'id': {'name': 'UIDAI', 'value': '081678794199'}, 'picture': {'large': 'https://randomuser.me/api/portraits/women/73.jpg', 'medium': 'https://randomuser.me/api/portraits/med/women/73.jpg', 'thumbnail': 'https://randomuser.me/api/portraits/thumb/women/73.jpg'}, 'nat': 'IN'}], 'info': {'seed': '4939ae00d68ef3d5', 'results': 1, 'page': 1, 'version': '1.4'}}</msg>
<arg>${json_data}</arg>
<doc>Logs the given message with the given level.</doc>
<status status="PASS" start="2024-06-02T04:16:42.078649" elapsed="0.000238"/>
</kw>
<kw name="Should Be String" owner="String">
<arg>${json_data['results'][0]['gender']}</arg>
<doc>Fails if the given ``item`` is not a string.</doc>
<status status="PASS" start="2024-06-02T04:16:42.079190" elapsed="0.000369"/>
</kw>
<kw name="Should Match Regexp" owner="BuiltIn">
<arg>${json_data['results'][0]['email']}</arg>
<arg>^[a-zA-Z0-9._%+-]+@[a-zA-Z0-9.-]+\.[a-zA-Z]{2,}$</arg>
<doc>Fails if ``string`` does not match ``pattern`` as a regular expression.</doc>
<status status="PASS" start="2024-06-02T04:16:42.079753" elapsed="0.000636"/>
</kw>
<kw name="Should Match Regexp" owner="BuiltIn">
<arg>${json_data['results'][0]['dob']['date']}</arg>
<arg>\\d{4}-\\d{2}-\\d{2}T\\d{2}:\\d{2}:\\d{2}\\.\\d{3}Z</arg>
<doc>Fails if ``string`` does not match ``pattern`` as a regular expression.</doc>
<status status="PASS" start="2024-06-02T04:16:42.080587" elapsed="0.000524"/>
</kw>
<kw name="Should Match Regexp" owner="BuiltIn">
<arg>${json_data['results'][0]['registered']['date']}</arg>
<arg>\\d{4}-\\d{2}-\\d{2}T\\d{2}:\\d{2}:\\d{2}\\.\\d{3}Z</arg>
<doc>Fails if ``string`` does not match ``pattern`` as a regular expression.</doc>
<status status="PASS" start="2024-06-02T04:16:42.081308" elapsed="0.000371"/>
</kw>
<kw name="Should Match Regexp" owner="BuiltIn">
<arg>${json_data['results'][0]['picture']['large']}</arg>
<arg>^https?://.*\.(?:png|jpe?g|gif|bmp)$</arg>
<doc>Fails if ``string`` does not match ``pattern`` as a regular expression.</doc>
<status status="PASS" start="2024-06-02T04:16:42.081870" elapsed="0.000454"/>
</kw>
<kw name="Should Match Regexp" owner="BuiltIn">
<arg>${json_data['results'][0]['picture']['medium']}</arg>
<arg>^https?://.*\.(?:png|jpe?g|gif|bmp)$</arg>
<doc>Fails if ``string`` does not match ``pattern`` as a regular expression.</doc>
<status status="PASS" start="2024-06-02T04:16:42.082516" elapsed="0.000349"/>
</kw>
<kw name="Should Match Regexp" owner="BuiltIn">
<arg>${json_data['results'][0]['picture']['thumbnail']}</arg>
<arg>^https?://.*\.(?:png|jpe?g|gif|bmp)$</arg>
<doc>Fails if ``string`` does not match ``pattern`` as a regular expression.</doc>
<status status="PASS" start="2024-06-02T04:16:42.083053" elapsed="0.000349"/>
</kw>
<kw name="Log" owner="BuiltIn">
<msg time="2024-06-02T04:16:42.083913" level="INFO">{'large': 'https://randomuser.me/api/portraits/women/73.jpg', 'medium': 'https://randomuser.me/api/portraits/med/women/73.jpg', 'thumbnail': 'https://randomuser.me/api/portraits/thumb/women/73.jpg'}</msg>
<arg>${json_data['results'][0]['picture']}</arg>
<doc>Logs the given message with the given level.</doc>
<status status="PASS" start="2024-06-02T04:16:42.083583" elapsed="0.000371"/>
</kw>
<status status="PASS" start="2024-06-02T04:16:41.981875" elapsed="0.102333"/>
</kw>
<kw name="Teste de Tipos de Dados - Postcode" owner="random-user-service">
<kw name="GET On Session" owner="RequestsLibrary">
<msg time="2024-06-02T04:16:42.178159" level="INFO">GET Request : url=https://randomuser.me/api 
 path_url=/api 
 headers={'User-Agent': 'python-requests/2.32.3', 'Accept-Encoding': 'gzip, deflate', 'Accept': '*/*', 'Connection': 'keep-alive'} 
 body=None 
 </msg>
<msg time="2024-06-02T04:16:42.178240" level="INFO">GET Response : url=https://randomuser.me/api 
 status=200, reason=OK 
 headers={'Date': 'Sun, 02 Jun 2024 04:16:42 GMT', 'Content-Type': 'application/json; charset=utf-8', 'Transfer-Encoding': 'chunked', 'Connection': 'keep-alive', 'X-Powered-By': 'Express', 'Access-Control-Allow-Origin': '*', 'Cache-Control': 'no-cache', 'ETag': 'W/"488-EnrUf8mN6Lgp0ZqDtC4nJXMDT/0"', 'Vary': 'Accept-Encoding', 'Content-Encoding': 'gzip', 'CF-Cache-Status': 'DYNAMIC', 'Report-To': '{"endpoints":[{"url":"https:\\/\\/a.nel.cloudflare.com\\/report\\/v4?s=3YkSYig8sLHyZelETWWNB95anqFRX58yIKLFXFeidoVJ32fhCKIPRw8PuGm02weddd%2FkE9FDL3zJCLZhiGFdJFbi4oRe%2BgzektosvGTJigxrfeZsieA9TJV19DS2mxGf"}],"group":"cf-nel","max_age":604800}', 'NEL': '{"success_fraction":0,"report_to":"cf-nel","max_age":604800}', 'Server': 'cloudflare', 'CF-RAY': '88d4a1270fb0680c-SJC', 'alt-svc': 'h3=":443"; ma=86400'} 
 body={"results":[{"gender":"female","name":{"title":"Ms","first":"Artemiza","last":"Shahray"},"location":{"street":{"number":4782,"name":"Oleksi Girnika"},"city":"Mirgorod","state":"Cherkaska","country":"Ukraine","postcode":25516,"coordinates":{"latitude":"74.4520","longitude":"168.9356"},"timezone":{"offset":"-1:00","description":"Azores, Cape Verde Islands"}},"email":"artemiza.shahray@example.com","login":{"uuid":"1ee6738e-2399-47a6-9fa6-531c8db95424","username":"happygoose280","password":"otto","salt":"pLMCOzf0","md5":"f747c3a1aa3e764f739faf91b00a7023","sha1":"3ace5b066219a51305fec2a397a4857aa2056c4e","sha256":"5f0bbcdb8a3739abcaaef44bdec4e83f3e76e07e1daf917373f43a652c23078e"},"dob":{"date":"1950-10-18T05:20:47.887Z","age":73},"registered":{"date":"2017-08-27T11:00:47.554Z","age":6},"phone":"(098) S53-2125","cell":"(068) V87-6598","id":{"name":"","value":null},"picture":{"large":"https://randomuser.me/api/portraits/women/52.jpg","medium":"https://randomuser.me/api/portraits/med/women/52.jpg","thumbnail":"https://randomuser.me/api/portraits/thumb/women/52.jpg"},"nat":"UA"}],"info":{"seed":"8eabc982177fd206","results":1,"page":1,"version":"1.4"}} 
 </msg>
<msg time="2024-06-02T04:16:42.178310" level="INFO">/opt/hostedtoolcache/Python/3.12.3/x64/lib/python3.12/site-packages/urllib3/connectionpool.py:1103: InsecureRequestWarning: Unverified HTTPS request is being made to host 'randomuser.me'. Adding certificate verification is strongly advised. See: https://urllib3.readthedocs.io/en/latest/advanced-usage.html#tls-warnings
  warnings.warn(</msg>
<msg time="2024-06-02T04:16:42.178422" level="INFO">${response} = &lt;Response [200]&gt;</msg>
<var>${response}</var>
<arg>consultarAPI</arg>
<arg>/api</arg>
<doc>Sends a GET request on a previously created HTTP Session.</doc>
<status status="PASS" start="2024-06-02T04:16:42.084647" elapsed="0.093824"/>
</kw>
<kw name="Set Variable" owner="BuiltIn">
<msg time="2024-06-02T04:16:42.179606" level="INFO">${json_data} = {'results': [{'gender': 'female', 'name': {'title': 'Ms', 'first': 'Artemiza', 'last': 'Shahray'}, 'location': {'street': {'number': 4782, 'name': 'Oleksi Girnika'}, 'city': 'Mirgorod', 'state': 'Cher...</msg>
<var>${json_data}</var>
<arg>${response.json()}</arg>
<doc>Returns the given values which can then be assigned to a variables.</doc>
<status status="PASS" start="2024-06-02T04:16:42.179030" elapsed="0.000605"/>
</kw>
<kw name="Log" owner="BuiltIn">
<msg time="2024-06-02T04:16:42.180098" level="INFO">{'results': [{'gender': 'female', 'name': {'title': 'Ms', 'first': 'Artemiza', 'last': 'Shahray'}, 'location': {'street': {'number': 4782, 'name': 'Oleksi Girnika'}, 'city': 'Mirgorod', 'state': 'Cherkaska', 'country': 'Ukraine', 'postcode': 25516, 'coordinates': {'latitude': '74.4520', 'longitude': '168.9356'}, 'timezone': {'offset': '-1:00', 'description': 'Azores, Cape Verde Islands'}}, 'email': 'artemiza.shahray@example.com', 'login': {'uuid': '1ee6738e-2399-47a6-9fa6-531c8db95424', 'username': 'happygoose280', 'password': 'otto', 'salt': 'pLMCOzf0', 'md5': 'f747c3a1aa3e764f739faf91b00a7023', 'sha1': '3ace5b066219a51305fec2a397a4857aa2056c4e', 'sha256': '5f0bbcdb8a3739abcaaef44bdec4e83f3e76e07e1daf917373f43a652c23078e'}, 'dob': {'date': '1950-10-18T05:20:47.887Z', 'age': 73}, 'registered': {'date': '2017-08-27T11:00:47.554Z', 'age': 6}, 'phone': '(098) S53-2125', 'cell': '(068) V87-6598', 'id': {'name': '', 'value': None}, 'picture': {'large': 'https://randomuser.me/api/portraits/women/52.jpg', 'medium': 'https://randomuser.me/api/portraits/med/women/52.jpg', 'thumbnail': 'https://randomuser.me/api/portraits/thumb/women/52.jpg'}, 'nat': 'UA'}], 'info': {'seed': '8eabc982177fd206', 'results': 1, 'page': 1, 'version': '1.4'}}</msg>
<arg>${json_data}</arg>
<doc>Logs the given message with the given level.</doc>
<status status="PASS" start="2024-06-02T04:16:42.179945" elapsed="0.000231"/>
</kw>
<kw name="Should Be Equal As Numbers" owner="BuiltIn">
<arg>${json_data['results'][0]['location']['postcode']}</arg>
<arg>${json_data['results'][0]['location']['postcode']}</arg>
<doc>Fails if objects are unequal after converting them to real numbers.</doc>
<status status="PASS" start="2024-06-02T04:16:42.180477" elapsed="0.000675"/>
</kw>
<kw name="Log" owner="BuiltIn">
<msg time="2024-06-02T04:16:42.181683" level="INFO">25516</msg>
<arg>${json_data['results'][0]['location']['postcode']}</arg>
<doc>Logs the given message with the given level.</doc>
<status status="PASS" start="2024-06-02T04:16:42.181350" elapsed="0.000373"/>
</kw>
<status status="PASS" start="2024-06-02T04:16:42.084424" elapsed="0.097547"/>
</kw>
<doc>Testa se os tipos de dados na resposta da API estão corretos.</doc>
<tag>testeTiposDados</tag>
<status status="PASS" start="2024-06-02T04:16:41.981361" elapsed="0.200774"/>
</test>
<test id="s1-s1-t5" name="Validar conteudo" line="35">
<kw name="Teste de Tipos de Conteudo" owner="random-user-service">
<kw name="GET On Session" owner="RequestsLibrary">
<msg time="2024-06-02T04:16:42.287327" level="INFO">GET Request : url=https://randomuser.me/api 
 path_url=/api 
 headers={'User-Agent': 'python-requests/2.32.3', 'Accept-Encoding': 'gzip, deflate', 'Accept': '*/*', 'Connection': 'keep-alive'} 
 body=None 
 </msg>
<msg time="2024-06-02T04:16:42.287390" level="INFO">GET Response : url=https://randomuser.me/api 
 status=200, reason=OK 
 headers={'Date': 'Sun, 02 Jun 2024 04:16:42 GMT', 'Content-Type': 'application/json; charset=utf-8', 'Transfer-Encoding': 'chunked', 'Connection': 'keep-alive', 'X-Powered-By': 'Express', 'Access-Control-Allow-Origin': '*', 'Cache-Control': 'no-cache', 'ETag': 'W/"4b0-W1aOMzDxP8hDjKbN5qPBqOf5kEM"', 'Vary': 'Accept-Encoding', 'Content-Encoding': 'gzip', 'CF-Cache-Status': 'DYNAMIC', 'Report-To': '{"endpoints":[{"url":"https:\\/\\/a.nel.cloudflare.com\\/report\\/v4?s=VcKzoltqMS%2BMLUpcoHb81L79dq2NvW8fji0rlfiKqR0bZcGdwAlgTg1Pv3iKHvYUGHQzSJ73fJmZBiLutYTVQ54K81L0qkFxvSsz3sPl3U9xeAzYe3zvNyS64kwqWZ%2F7"}],"group":"cf-nel","max_age":604800}', 'NEL': '{"success_fraction":0,"report_to":"cf-nel","max_age":604800}', 'Server': 'cloudflare', 'CF-RAY': '88d4a127a826680c-SJC', 'alt-svc': 'h3=":443"; ma=86400'} 
 body={"results":[{"gender":"male","name":{"title":"Monsieur","first":"Ferdinand","last":"Lacroix"},"location":{"street":{"number":9387,"name":"Place Paul-Duquaire"},"city":"Fläsch","state":"Luzern","country":"Switzerland","postcode":9688,"coordinates":{"latitude":"-63.2453","longitude":"-78.3580"},"timezone":{"offset":"+5:00","description":"Ekaterinburg, Islamabad, Karachi, Tashkent"}},"email":"ferdinand.lacroix@example.com","login":{"uuid":"47bf4473-af41-419d-8c0a-afeafe96a887","username":"angrymouse679","password":"reynolds","salt":"N0tghK2d","md5":"9b18767cd2a6eb74a699bd7ca3dc7f71","sha1":"0a6b37d63e2f499516442bd61485263527edb5d3","sha256":"10b4292d190dd81e4c0ed0d3532ccfea5d674da1ea637b94abe56f593f01e90c"},"dob":{"date":"1999-06-06T16:43:01.507Z","age":24},"registered":{"date":"2020-10-09T14:38:41.092Z","age":3},"phone":"079 536 55 44","cell":"077 996 60 76","id":{"name":"AVS","value":"756.6170.6743.87"},"picture":{"large":"https://randomuser.me/api/portraits/men/67.jpg","medium":"https://randomuser.me/api/portraits/med/men/67.jpg","thumbnail":"https://randomuser.me/api/portraits/thumb/men/67.jpg"},"nat":"CH"}],"info":{"seed":"69ae67b3fbf9ec88","results":1,"page":1,"version":"1.4"}} 
 </msg>
<msg time="2024-06-02T04:16:42.287448" level="INFO">/opt/hostedtoolcache/Python/3.12.3/x64/lib/python3.12/site-packages/urllib3/connectionpool.py:1103: InsecureRequestWarning: Unverified HTTPS request is being made to host 'randomuser.me'. Adding certificate verification is strongly advised. See: https://urllib3.readthedocs.io/en/latest/advanced-usage.html#tls-warnings
  warnings.warn(</msg>
<msg time="2024-06-02T04:16:42.287542" level="INFO">${response} = &lt;Response [200]&gt;</msg>
<var>${response}</var>
<arg>consultarAPI</arg>
<arg>/api</arg>
<doc>Sends a GET request on a previously created HTTP Session.</doc>
<status status="PASS" start="2024-06-02T04:16:42.184602" elapsed="0.102982"/>
</kw>
<kw name="Set Variable" owner="BuiltIn">
<msg time="2024-06-02T04:16:42.288646" level="INFO">${json_data} = {'results': [{'gender': 'male', 'name': {'title': 'Monsieur', 'first': 'Ferdinand', 'last': 'Lacroix'}, 'location': {'street': {'number': 9387, 'name': 'Place Paul-Duquaire'}, 'city': 'Fläsch', 'state...</msg>
<var>${json_data}</var>
<arg>${response.json()}</arg>
<doc>Returns the given values which can then be assigned to a variables.</doc>
<status status="PASS" start="2024-06-02T04:16:42.288060" elapsed="0.000616"/>
</kw>
<kw name="Set Variable" owner="BuiltIn">
<msg time="2024-06-02T04:16:42.289431" level="INFO">${name_title} = Monsieur</msg>
<var>${name_title}</var>
<arg>${json_data["results"][0]["name"]["title"]}</arg>
<doc>Returns the given values which can then be assigned to a variables.</doc>
<status status="PASS" start="2024-06-02T04:16:42.289045" elapsed="0.000412"/>
</kw>
<kw name="Create List" owner="BuiltIn">
<msg time="2024-06-02T04:16:42.289912" level="INFO">${allowed_titles} = ['Mr', 'Ms', 'Miss', 'Mrs', 'Madame', 'Monsieur']</msg>
<var>${allowed_titles}</var>
<arg>Mr</arg>
<arg>Ms</arg>
<arg>Miss</arg>
<arg>Mrs</arg>
<arg>Madame</arg>
<arg>Monsieur</arg>
<doc>Returns a list containing given items.</doc>
<status status="PASS" start="2024-06-02T04:16:42.289763" elapsed="0.000174"/>
</kw>
<kw name="List Should Contain Value" owner="Collections">
<msg time="2024-06-02T04:16:42.290414" level="INFO">False</msg>
<arg>${allowed_titles}</arg>
<arg>${name_title}</arg>
<doc>Fails if the ``value`` is not found from ``list``.</doc>
<status status="PASS" start="2024-06-02T04:16:42.290242" elapsed="0.000208"/>
</kw>
<kw name="Set Variable" owner="BuiltIn">
<msg time="2024-06-02T04:16:42.291254" level="INFO">${name_country} = CH</msg>
<var>${name_country}</var>
<arg>${json_data["results"][0]["nat"]}</arg>
<doc>Returns the given values which can then be assigned to a variables.</doc>
<status status="PASS" start="2024-06-02T04:16:42.290745" elapsed="0.000534"/>
</kw>
<kw name="Create List" owner="BuiltIn">
<msg time="2024-06-02T04:16:42.292188" level="INFO">${list_country} = ['AD', 'AE', 'AF', 'AG', 'AI', 'AL', 'AM', 'AO', 'AQ', 'AR', 'AS', 'AT', 'AU', 'AW', 'AX', 'AZ', 'BA', 'BB', 'BD', 'BE', 'BF', 'BG', 'BH', 'BI', 'BJ', 'BL', 'BM', 'BN', 'BO', 'BQ', 'BR', 'BS', 'BT', '...</msg>
<var>${list_country}</var>
<arg>AD</arg>
<arg>AE</arg>
<arg>AF</arg>
<arg>AG</arg>
<arg>AI</arg>
<arg>AL</arg>
<arg>AM</arg>
<arg>AO</arg>
<arg>AQ</arg>
<arg>AR</arg>
<arg>AS</arg>
<arg>AT</arg>
<arg>AU</arg>
<arg>AW</arg>
<arg>AX</arg>
<arg>AZ</arg>
<arg>BA</arg>
<arg>BB</arg>
<arg>BD</arg>
<arg>BE</arg>
<arg>BF</arg>
<arg>BG</arg>
<arg>BH</arg>
<arg>BI</arg>
<arg>BJ</arg>
<arg>BL</arg>
<arg>BM</arg>
<arg>BN</arg>
<arg>BO</arg>
<arg>BQ</arg>
<arg>BR</arg>
<arg>BS</arg>
<arg>BT</arg>
<arg>BV</arg>
<arg>BW</arg>
<arg>BY</arg>
<arg>BZ</arg>
<arg>CA</arg>
<arg>CC</arg>
<arg>CD</arg>
<arg>CF</arg>
<arg>CG</arg>
<arg>CH</arg>
<arg>CI</arg>
<arg>CK</arg>
<arg>CL</arg>
<arg>CM</arg>
<arg>CN</arg>
<arg>CO</arg>
<arg>CR</arg>
<arg>CU</arg>
<arg>CV</arg>
<arg>CW</arg>
<arg>CX</arg>
<arg>CY</arg>
<arg>CZ</arg>
<arg>DE</arg>
<arg>DJ</arg>
<arg>DK</arg>
<arg>DM</arg>
<arg>DO</arg>
<arg>DZ</arg>
<arg>EC</arg>
<arg>EE</arg>
<arg>EG</arg>
<arg>EH</arg>
<arg>ER</arg>
<arg>ES</arg>
<arg>ET</arg>
<arg>FI</arg>
<arg>FJ</arg>
<arg>FK</arg>
<arg>FM</arg>
<arg>FO</arg>
<arg>FR</arg>
<arg>GA</arg>
<arg>GB</arg>
<arg>GD</arg>
<arg>GE</arg>
<arg>GF</arg>
<arg>GG</arg>
<arg>GH</arg>
<arg>GI</arg>
<arg>GL</arg>
<arg>GM</arg>
<arg>GN</arg>
<arg>GP</arg>
<arg>GQ</arg>
<arg>GR</arg>
<arg>GS</arg>
<arg>GT</arg>
<arg>GU</arg>
<arg>GW</arg>
<arg>GY</arg>
<arg>HK</arg>
<arg>HM</arg>
<arg>HN</arg>
<arg>HR</arg>
<arg>HT</arg>
<arg>HU</arg>
<arg>ID</arg>
<arg>IE</arg>
<arg>IL</arg>
<arg>IM</arg>
<arg>IN</arg>
<arg>IO</arg>
<arg>IQ</arg>
<arg>IR</arg>
<arg>IS</arg>
<arg>IT</arg>
<arg>JE</arg>
<arg>JM</arg>
<arg>JO</arg>
<arg>JP</arg>
<arg>KE</arg>
<arg>KG</arg>
<arg>KH</arg>
<arg>KI</arg>
<arg>KM</arg>
<arg>KN</arg>
<arg>KP</arg>
<arg>KR</arg>
<arg>KW</arg>
<arg>KY</arg>
<arg>KZ</arg>
<arg>LA</arg>
<arg>LB</arg>
<arg>LC</arg>
<arg>LI</arg>
<arg>LK</arg>
<arg>LR</arg>
<arg>LS</arg>
<arg>LT</arg>
<arg>LU</arg>
<arg>LV</arg>
<arg>LY</arg>
<arg>MA</arg>
<arg>MC</arg>
<arg>MD</arg>
<arg>ME</arg>
<arg>MF</arg>
<arg>MG</arg>
<arg>MH</arg>
<arg>MK</arg>
<arg>ML</arg>
<arg>MM</arg>
<arg>MN</arg>
<arg>MO</arg>
<arg>MP</arg>
<arg>MQ</arg>
<arg>MR</arg>
<arg>MS</arg>
<arg>MT</arg>
<arg>MU</arg>
<arg>MV</arg>
<arg>MW</arg>
<arg>MX</arg>
<arg>MY</arg>
<arg>MZ</arg>
<arg>NA</arg>
<arg>NC</arg>
<arg>NE</arg>
<arg>NF</arg>
<arg>NG</arg>
<arg>NI</arg>
<arg>NL</arg>
<arg>NO</arg>
<arg>NP</arg>
<arg>NR</arg>
<arg>NU</arg>
<arg>NZ</arg>
<arg>OM</arg>
<arg>PA</arg>
<arg>PE</arg>
<arg>PF</arg>
<arg>PG</arg>
<arg>PH</arg>
<arg>PK</arg>
<arg>PL</arg>
<arg>PM</arg>
<arg>PN</arg>
<arg>PR</arg>
<arg>PS</arg>
<arg>PT</arg>
<arg>PW</arg>
<arg>PY</arg>
<arg>QA</arg>
<arg>RE</arg>
<arg>RO</arg>
<arg>RS</arg>
<arg>RU</arg>
<arg>RW</arg>
<arg>SA</arg>
<arg>SB</arg>
<arg>SC</arg>
<arg>SD</arg>
<arg>SE</arg>
<arg>SG</arg>
<arg>SH</arg>
<arg>SI</arg>
<arg>SJ</arg>
<arg>SK</arg>
<arg>SL</arg>
<arg>SM</arg>
<arg>SN</arg>
<arg>SO</arg>
<arg>SR</arg>
<arg>SS</arg>
<arg>ST</arg>
<arg>SV</arg>
<arg>SX</arg>
<arg>SY</arg>
<arg>SZ</arg>
<arg>TC</arg>
<arg>TD</arg>
<arg>TF</arg>
<arg>TG</arg>
<arg>TH</arg>
<arg>TJ</arg>
<arg>TK</arg>
<arg>TL</arg>
<arg>TM</arg>
<arg>TN</arg>
<arg>TO</arg>
<arg>TR</arg>
<arg>TT</arg>
<arg>TV</arg>
<arg>TW</arg>
<arg>TZ</arg>
<arg>UA</arg>
<arg>UG</arg>
<arg>UM</arg>
<arg>US</arg>
<arg>UY</arg>
<arg>UZ</arg>
<arg>VA</arg>
<arg>VC</arg>
<arg>VE</arg>
<arg>VG</arg>
<arg>VI</arg>
<arg>VN</arg>
<arg>VU</arg>
<arg>WF</arg>
<arg>WS</arg>
<arg>XK</arg>
<arg>YE</arg>
<arg>YT</arg>
<arg>ZA</arg>
<arg>ZM</arg>
<arg>ZW</arg>
<doc>Returns a list containing given items.</doc>
<status status="PASS" start="2024-06-02T04:16:42.291594" elapsed="0.000620"/>
</kw>
<kw name="List Should Contain Value" owner="Collections">
<msg time="2024-06-02T04:16:42.293236" level="INFO">False</msg>
<arg>${list_country}</arg>
<arg>${name_country}</arg>
<doc>Fails if the ``value`` is not found from ``list``.</doc>
<status status="PASS" start="2024-06-02T04:16:42.293031" elapsed="0.000241"/>
</kw>
<kw name="Run Keyword If" owner="BuiltIn">
<kw name="Should Be True" owner="BuiltIn">
<arg>${True}</arg>
<doc>Fails if the given condition is not true.</doc>
<status status="PASS" start="2024-06-02T04:16:42.294338" elapsed="0.000144"/>
</kw>
<arg>${json_data["results"][0]["location"]["coordinates"]["latitude"]} &gt;= -90 and ${json_data["results"][0]["location"]["coordinates"]["latitude"]} &lt;= 90</arg>
<arg>Should Be True</arg>
<arg>${True}</arg>
<doc>Runs the given keyword with the given arguments, if ``condition`` is true.</doc>
<status status="PASS" start="2024-06-02T04:16:42.293590" elapsed="0.001020"/>
</kw>
<kw name="Run Keyword If" owner="BuiltIn">
<kw name="Should Be True" owner="BuiltIn">
<arg>${True}</arg>
<doc>Fails if the given condition is not true.</doc>
<status status="PASS" start="2024-06-02T04:16:42.295494" elapsed="0.000136"/>
</kw>
<arg>${json_data["results"][0]["location"]["coordinates"]["longitude"]} &gt;= -180 and ${json_data["results"][0]["location"]["coordinates"]["longitude"]} &lt;= 180</arg>
<arg>Should Be True</arg>
<arg>${True}</arg>
<doc>Runs the given keyword with the given arguments, if ``condition`` is true.</doc>
<status status="PASS" start="2024-06-02T04:16:42.294801" elapsed="0.000952"/>
</kw>
<status status="PASS" start="2024-06-02T04:16:42.184380" elapsed="0.111500"/>
</kw>
<doc>Testa o conteúdo específico dos campos retornados pela API.</doc>
<tag>testeConteudo</tag>
<status status="PASS" start="2024-06-02T04:16:42.183864" elapsed="0.112156"/>
</test>
<status status="PASS" start="2024-06-02T04:16:41.229840" elapsed="1.068160"/>
</suite>
<status status="PASS" start="2024-06-02T04:16:41.216535" elapsed="1.086650"/>
</suite>
<statistics>
<total>
<stat pass="5" fail="0" skip="0">All Tests</stat>
</total>
<tag>
<stat pass="1" fail="0" skip="0">testeConteudo</stat>
<stat pass="1" fail="0" skip="0">testeEstruturaResposta</stat>
<stat pass="1" fail="0" skip="0">testeRequisicaoBasica</stat>
<stat pass="1" fail="0" skip="0">testeTiposDados</stat>
</tag>
<suite>
<stat pass="5" fail="0" skip="0" id="s1" name="Tests">Tests</stat>
<stat pass="5" fail="0" skip="0" id="s1-s1" name="Random-User-Test">Tests.Random-User-Test</stat>
</suite>
</statistics>
<errors>
</errors>
</robot>
