<?xml version="1.0" encoding="UTF-8"?>
<robot generator="Robot 7.0 (Python 3.12.3 on linux)" generated="2024-05-19T06:18:08.916543" rpa="false" schemaversion="5">
<suite id="s1" name="Tests" source="/home/runner/work/DesafioQAItauRogerioJordao/DesafioQAItauRogerioJordao/RamdonUser/tests">
<suite id="s1-s1" name="Random-User-Test" source="/home/runner/work/DesafioQAItauRogerioJordao/DesafioQAItauRogerioJordao/RamdonUser/tests/random-user-test.robot">
<test id="s1-s1-t1" name="Conectar" line="13">
<kw name="Conectar API" owner="random-user-service">
<kw name="Create Session" owner="RequestsLibrary">
<msg time="2024-05-19T06:18:09.283616" level="INFO">Creating Session using : alias=consultarAPI, url=https://randomuser.me/, headers={},                     cookies={}, auth=None, timeout=None, proxies=None, verify=False,                     debug=0 </msg>
<arg>consultarAPI</arg>
<arg>${URL}</arg>
<doc>Create Session: create a HTTP session to a server</doc>
<status status="PASS" start="2024-05-19T06:18:09.283424" elapsed="0.000360"/>
</kw>
<status status="PASS" start="2024-05-19T06:18:09.282478" elapsed="0.001649"/>
</kw>
<status status="PASS" start="2024-05-19T06:18:09.281956" elapsed="0.002362"/>
</test>
<test id="s1-s1-t2" name="Validar retorno 200 e JSON Válido" line="16">
<kw name="Teste de Requisicao Basica" owner="random-user-service">
<kw name="GET On Session" owner="RequestsLibrary">
<msg time="2024-05-19T06:18:09.457451" level="INFO">GET Request : url=https://randomuser.me/api 
 path_url=/api 
 headers={'User-Agent': 'python-requests/2.31.0', 'Accept-Encoding': 'gzip, deflate', 'Accept': '*/*', 'Connection': 'keep-alive'} 
 body=None 
 </msg>
<msg time="2024-05-19T06:18:09.457593" level="INFO">GET Response : url=https://randomuser.me/api 
 status=200, reason=OK 
 headers={'Date': 'Sun, 19 May 2024 06:18:09 GMT', 'Content-Type': 'application/json; charset=utf-8', 'Transfer-Encoding': 'chunked', 'Connection': 'keep-alive', 'X-Powered-By': 'Express', 'Access-Control-Allow-Origin': '*', 'Cache-Control': 'no-cache', 'ETag': 'W/"4a4-HckUyvaj32iWLbhccVDiPvOCddA"', 'Vary': 'Accept-Encoding', 'Content-Encoding': 'gzip', 'CF-Cache-Status': 'DYNAMIC', 'Report-To': '{"endpoints":[{"url":"https:\\/\\/a.nel.cloudflare.com\\/report\\/v4?s=xm6YEtcojtDivGVXTHxcawO0quKUbLyExqXFDcK4chPC82TY%2B5N2sRtuXtahSMYgkn5P66Q9AUzdz5jlaFVHnMe6Qo2JPInDLOnxk0cbwjyY9L2JzX3KDgk6kypskY%2Fc"}],"group":"cf-nel","max_age":604800}', 'NEL': '{"success_fraction":0,"report_to":"cf-nel","max_age":604800}', 'Server': 'cloudflare', 'CF-RAY': '8861f7d0ef05080e-IAD', 'alt-svc': 'h3=":443"; ma=86400'} 
 body={"results":[{"gender":"male","name":{"title":"Mr","first":"Boguslav","last":"Avduievskiy"},"location":{"street":{"number":5066,"name":"Sofiyi Kovalevskoyi"},"city":"Bilgorod-Dnistrovskiy","state":"Rivnenska","country":"Ukraine","postcode":17857,"coordinates":{"latitude":"76.7500","longitude":"-81.7121"},"timezone":{"offset":"-3:00","description":"Brazil, Buenos Aires, Georgetown"}},"email":"boguslav.avduievskiy@example.com","login":{"uuid":"105861a1-3d9b-489f-9c63-838c2ec3e9f1","username":"happyduck551","password":"sentinel","salt":"mZLSHJ0v","md5":"603afef4bae875c1ff449110327cc14c","sha1":"3a740634eb47d96f98b3b29d3b0008f8fb772694","sha256":"5ae85be95f8e9d9e6ac2472b623156b4f06147bb550068a0b10be3ed548db687"},"dob":{"date":"1957-12-02T15:29:58.637Z","age":66},"registered":{"date":"2013-03-04T13:00:34.936Z","age":11},"phone":"(066) X81-8691","cell":"(067) Z60-2168","id":{"name":"","value":null},"picture":{"large":"https://randomuser.me/api/portraits/men/78.jpg","medium":"https://randomuser.me/api/portraits/med/men/78.jpg","thumbnail":"https://randomuser.me/api/portraits/thumb/men/78.jpg"},"nat":"UA"}],"info":{"seed":"1fe50cecd726e66b","results":1,"page":1,"version":"1.4"}} 
 </msg>
<msg time="2024-05-19T06:18:09.457671" level="INFO">/opt/hostedtoolcache/Python/3.12.3/x64/lib/python3.12/site-packages/urllib3/connectionpool.py:1103: InsecureRequestWarning: Unverified HTTPS request is being made to host 'randomuser.me'. Adding certificate verification is strongly advised. See: https://urllib3.readthedocs.io/en/latest/advanced-usage.html#tls-warnings
  warnings.warn(</msg>
<msg time="2024-05-19T06:18:09.457826" level="INFO">${response} = &lt;Response [200]&gt;</msg>
<var>${response}</var>
<arg>consultarAPI</arg>
<arg>/api</arg>
<doc>Sends a GET request on a previously created HTTP Session.</doc>
<status status="PASS" start="2024-05-19T06:18:09.286957" elapsed="0.170910"/>
</kw>
<kw name="Should Be Equal As Numbers" owner="BuiltIn">
<msg time="2024-05-19T06:18:09.458895" level="INFO">Argument types are:
&lt;class 'int'&gt;
&lt;class 'str'&gt;</msg>
<arg>${response.status_code}</arg>
<arg>200</arg>
<doc>Fails if objects are unequal after converting them to real numbers.</doc>
<status status="PASS" start="2024-05-19T06:18:09.458441" elapsed="0.000520"/>
</kw>
<kw name="Log" owner="BuiltIn">
<msg time="2024-05-19T06:18:09.459657" level="INFO">200</msg>
<arg>${response.status_code}</arg>
<doc>Logs the given message with the given level.</doc>
<status status="PASS" start="2024-05-19T06:18:09.459307" elapsed="0.000393"/>
</kw>
<kw name="Set Variable" owner="BuiltIn">
<msg time="2024-05-19T06:18:09.460441" level="INFO">${json_data} = {'results': [{'gender': 'male', 'name': {'title': 'Mr', 'first': 'Boguslav', 'last': 'Avduievskiy'}, 'location': {'street': {'number': 5066, 'name': 'Sofiyi Kovalevskoyi'}, 'city': 'Bilgorod-Dnistrovs...</msg>
<var>${json_data}</var>
<arg>${response.json()}</arg>
<doc>Returns the given values which can then be assigned to a variables.</doc>
<status status="PASS" start="2024-05-19T06:18:09.460005" elapsed="0.000465"/>
</kw>
<kw name="Dictionary Should Contain Key" owner="Collections">
<msg time="2024-05-19T06:18:09.460943" level="INFO">False</msg>
<arg>${json_data}</arg>
<arg>results</arg>
<doc>Fails if ``key`` is not found from ``dictionary``.</doc>
<status status="PASS" start="2024-05-19T06:18:09.460770" elapsed="0.000214"/>
</kw>
<status status="PASS" start="2024-05-19T06:18:09.286717" elapsed="0.174551"/>
</kw>
<doc>Testa se a API responde corretamente e retorna um objeto JSON válido.</doc>
<tag>testeRequisicaoBasica</tag>
<status status="PASS" start="2024-05-19T06:18:09.286264" elapsed="0.175193"/>
</test>
<test id="s1-s1-t3" name="Validar estrutura de resposta" line="22">
<kw name="Teste de Estrutura de Resposta" owner="random-user-service">
<kw name="GET On Session" owner="RequestsLibrary">
<msg time="2024-05-19T06:18:09.568410" level="INFO">GET Request : url=https://randomuser.me/api 
 path_url=/api 
 headers={'User-Agent': 'python-requests/2.31.0', 'Accept-Encoding': 'gzip, deflate', 'Accept': '*/*', 'Connection': 'keep-alive'} 
 body=None 
 </msg>
<msg time="2024-05-19T06:18:09.568500" level="INFO">GET Response : url=https://randomuser.me/api 
 status=200, reason=OK 
 headers={'Date': 'Sun, 19 May 2024 06:18:09 GMT', 'Content-Type': 'application/json; charset=utf-8', 'Transfer-Encoding': 'chunked', 'Connection': 'keep-alive', 'X-Powered-By': 'Express', 'Access-Control-Allow-Origin': '*', 'Cache-Control': 'no-cache', 'ETag': 'W/"49a-mQPABUND/whh314JmrorUmc4VO4"', 'Vary': 'Accept-Encoding', 'Content-Encoding': 'gzip', 'CF-Cache-Status': 'DYNAMIC', 'Report-To': '{"endpoints":[{"url":"https:\\/\\/a.nel.cloudflare.com\\/report\\/v4?s=pmBt%2FCKuJy4a%2F5e%2FfUYmceF3DRPUFdnUcZL8RXHluC0P2%2Bf%2Fl6BJkUURl%2F37YVyE2Mt%2Be9Qg91b8anYoeKSB6Xaa32kNVSw7%2FMiYD9SpIp5lW5RhF6BxfyfjGwar4CY9"}],"group":"cf-nel","max_age":604800}', 'NEL': '{"success_fraction":0,"report_to":"cf-nel","max_age":604800}', 'Server': 'cloudflare', 'CF-RAY': '8861f7d12f51080e-IAD', 'alt-svc': 'h3=":443"; ma=86400'} 
 body={"results":[{"gender":"female","name":{"title":"Mrs","first":"Regina","last":"Ramos"},"location":{"street":{"number":7476,"name":"E Pecan St"},"city":"Bathurst","state":"Northern Territory","country":"Australia","postcode":1689,"coordinates":{"latitude":"-82.9933","longitude":"94.6544"},"timezone":{"offset":"+8:00","description":"Beijing, Perth, Singapore, Hong Kong"}},"email":"regina.ramos@example.com","login":{"uuid":"cbadb314-e059-4402-bd0d-daf552f2358d","username":"ticklishswan670","password":"4242","salt":"cvLtbjS2","md5":"a38c1f99a95498f5ef5e5568ec0e9dfb","sha1":"d2ce038f565c54aa4cb3e69fc1dc27501195517d","sha256":"95d556f6f2766b8fa0e3c5c43817cd1d723d1db9cdfbd00edf176d11dfe5f8df"},"dob":{"date":"1999-04-01T11:04:56.488Z","age":25},"registered":{"date":"2009-04-14T22:08:43.826Z","age":15},"phone":"01-9123-5820","cell":"0423-034-555","id":{"name":"TFN","value":"898108092"},"picture":{"large":"https://randomuser.me/api/portraits/women/33.jpg","medium":"https://randomuser.me/api/portraits/med/women/33.jpg","thumbnail":"https://randomuser.me/api/portraits/thumb/women/33.jpg"},"nat":"AU"}],"info":{"seed":"5dd9d03f7262f3f3","results":1,"page":1,"version":"1.4"}} 
 </msg>
<msg time="2024-05-19T06:18:09.568618" level="INFO">/opt/hostedtoolcache/Python/3.12.3/x64/lib/python3.12/site-packages/urllib3/connectionpool.py:1103: InsecureRequestWarning: Unverified HTTPS request is being made to host 'randomuser.me'. Adding certificate verification is strongly advised. See: https://urllib3.readthedocs.io/en/latest/advanced-usage.html#tls-warnings
  warnings.warn(</msg>
<msg time="2024-05-19T06:18:09.568757" level="INFO">${response} = &lt;Response [200]&gt;</msg>
<var>${response}</var>
<arg>consultarAPI</arg>
<arg>/api</arg>
<doc>Sends a GET request on a previously created HTTP Session.</doc>
<status status="PASS" start="2024-05-19T06:18:09.464083" elapsed="0.104714"/>
</kw>
<kw name="Set Variable" owner="BuiltIn">
<msg time="2024-05-19T06:18:09.569813" level="INFO">${json_data} = {'results': [{'gender': 'female', 'name': {'title': 'Mrs', 'first': 'Regina', 'last': 'Ramos'}, 'location': {'street': {'number': 7476, 'name': 'E Pecan St'}, 'city': 'Bathurst', 'state': 'Northern Te...</msg>
<var>${json_data}</var>
<arg>${response.json()}</arg>
<doc>Returns the given values which can then be assigned to a variables.</doc>
<status status="PASS" start="2024-05-19T06:18:09.569309" elapsed="0.000535"/>
</kw>
<kw name="Log" owner="BuiltIn">
<msg time="2024-05-19T06:18:09.570320" level="INFO">{'results': [{'gender': 'female', 'name': {'title': 'Mrs', 'first': 'Regina', 'last': 'Ramos'}, 'location': {'street': {'number': 7476, 'name': 'E Pecan St'}, 'city': 'Bathurst', 'state': 'Northern Territory', 'country': 'Australia', 'postcode': 1689, 'coordinates': {'latitude': '-82.9933', 'longitude': '94.6544'}, 'timezone': {'offset': '+8:00', 'description': 'Beijing, Perth, Singapore, Hong Kong'}}, 'email': 'regina.ramos@example.com', 'login': {'uuid': 'cbadb314-e059-4402-bd0d-daf552f2358d', 'username': 'ticklishswan670', 'password': '4242', 'salt': 'cvLtbjS2', 'md5': 'a38c1f99a95498f5ef5e5568ec0e9dfb', 'sha1': 'd2ce038f565c54aa4cb3e69fc1dc27501195517d', 'sha256': '95d556f6f2766b8fa0e3c5c43817cd1d723d1db9cdfbd00edf176d11dfe5f8df'}, 'dob': {'date': '1999-04-01T11:04:56.488Z', 'age': 25}, 'registered': {'date': '2009-04-14T22:08:43.826Z', 'age': 15}, 'phone': '01-9123-5820', 'cell': '0423-034-555', 'id': {'name': 'TFN', 'value': '898108092'}, 'picture': {'large': 'https://randomuser.me/api/portraits/women/33.jpg', 'medium': 'https://randomuser.me/api/portraits/med/women/33.jpg', 'thumbnail': 'https://randomuser.me/api/portraits/thumb/women/33.jpg'}, 'nat': 'AU'}], 'info': {'seed': '5dd9d03f7262f3f3', 'results': 1, 'page': 1, 'version': '1.4'}}</msg>
<arg>${json_data}</arg>
<doc>Logs the given message with the given level.</doc>
<status status="PASS" start="2024-05-19T06:18:09.570159" elapsed="0.000210"/>
</kw>
<kw name="Dictionary Should Contain Key" owner="Collections">
<msg time="2024-05-19T06:18:09.570835" level="INFO">False</msg>
<arg>${json_data}</arg>
<arg>results</arg>
<doc>Fails if ``key`` is not found from ``dictionary``.</doc>
<status status="PASS" start="2024-05-19T06:18:09.570673" elapsed="0.000199"/>
</kw>
<kw name="Should Not Be Empty" owner="BuiltIn">
<msg time="2024-05-19T06:18:09.571294" level="INFO">Length is 2.</msg>
<arg>${json_data}</arg>
<doc>Verifies that the given item is not empty.</doc>
<status status="PASS" start="2024-05-19T06:18:09.571163" elapsed="0.000328"/>
</kw>
<kw name="Create List" owner="BuiltIn">
<msg time="2024-05-19T06:18:09.571947" level="INFO">${expected_keys} = ['gender', 'name', 'location', 'email', 'login']</msg>
<var>${expected_keys}</var>
<arg>gender</arg>
<arg>name</arg>
<arg>location</arg>
<arg>email</arg>
<arg>login</arg>
<doc>Returns a list containing given items.</doc>
<status status="PASS" start="2024-05-19T06:18:09.571790" elapsed="0.000182"/>
</kw>
<for flavor="IN">
<iter>
<kw name="Dictionary Should Contain Key" owner="Collections">
<msg time="2024-05-19T06:18:09.572965" level="INFO">False</msg>
<arg>${json_data['results'][0]}</arg>
<arg>${key}</arg>
<doc>Fails if ``key`` is not found from ``dictionary``.</doc>
<status status="PASS" start="2024-05-19T06:18:09.572564" elapsed="0.000440"/>
</kw>
<kw name="Log" owner="BuiltIn">
<msg time="2024-05-19T06:18:09.573695" level="INFO">{'gender': 'female', 'name': {'title': 'Mrs', 'first': 'Regina', 'last': 'Ramos'}, 'location': {'street': {'number': 7476, 'name': 'E Pecan St'}, 'city': 'Bathurst', 'state': 'Northern Territory', 'country': 'Australia', 'postcode': 1689, 'coordinates': {'latitude': '-82.9933', 'longitude': '94.6544'}, 'timezone': {'offset': '+8:00', 'description': 'Beijing, Perth, Singapore, Hong Kong'}}, 'email': 'regina.ramos@example.com', 'login': {'uuid': 'cbadb314-e059-4402-bd0d-daf552f2358d', 'username': 'ticklishswan670', 'password': '4242', 'salt': 'cvLtbjS2', 'md5': 'a38c1f99a95498f5ef5e5568ec0e9dfb', 'sha1': 'd2ce038f565c54aa4cb3e69fc1dc27501195517d', 'sha256': '95d556f6f2766b8fa0e3c5c43817cd1d723d1db9cdfbd00edf176d11dfe5f8df'}, 'dob': {'date': '1999-04-01T11:04:56.488Z', 'age': 25}, 'registered': {'date': '2009-04-14T22:08:43.826Z', 'age': 15}, 'phone': '01-9123-5820', 'cell': '0423-034-555', 'id': {'name': 'TFN', 'value': '898108092'}, 'picture': {'large': 'https://randomuser.me/api/portraits/women/33.jpg', 'medium': 'https://randomuser.me/api/portraits/med/women/33.jpg', 'thumbnail': 'https://randomuser.me/api/portraits/thumb/women/33.jpg'}, 'nat': 'AU'}</msg>
<arg>${json_data['results'][0]}</arg>
<doc>Logs the given message with the given level.</doc>
<status status="PASS" start="2024-05-19T06:18:09.573326" elapsed="0.000418"/>
</kw>
<kw name="Log" owner="BuiltIn">
<msg time="2024-05-19T06:18:09.574178" level="INFO">gender</msg>
<arg>${key}</arg>
<doc>Logs the given message with the given level.</doc>
<status status="PASS" start="2024-05-19T06:18:09.574047" elapsed="0.000169"/>
</kw>
<var name="${key}">gender</var>
<status status="PASS" start="2024-05-19T06:18:09.572429" elapsed="0.002001"/>
</iter>
<iter>
<kw name="Dictionary Should Contain Key" owner="Collections">
<msg time="2024-05-19T06:18:09.575113" level="INFO">False</msg>
<arg>${json_data['results'][0]}</arg>
<arg>${key}</arg>
<doc>Fails if ``key`` is not found from ``dictionary``.</doc>
<status status="PASS" start="2024-05-19T06:18:09.574732" elapsed="0.000418"/>
</kw>
<kw name="Log" owner="BuiltIn">
<msg time="2024-05-19T06:18:09.575830" level="INFO">{'gender': 'female', 'name': {'title': 'Mrs', 'first': 'Regina', 'last': 'Ramos'}, 'location': {'street': {'number': 7476, 'name': 'E Pecan St'}, 'city': 'Bathurst', 'state': 'Northern Territory', 'country': 'Australia', 'postcode': 1689, 'coordinates': {'latitude': '-82.9933', 'longitude': '94.6544'}, 'timezone': {'offset': '+8:00', 'description': 'Beijing, Perth, Singapore, Hong Kong'}}, 'email': 'regina.ramos@example.com', 'login': {'uuid': 'cbadb314-e059-4402-bd0d-daf552f2358d', 'username': 'ticklishswan670', 'password': '4242', 'salt': 'cvLtbjS2', 'md5': 'a38c1f99a95498f5ef5e5568ec0e9dfb', 'sha1': 'd2ce038f565c54aa4cb3e69fc1dc27501195517d', 'sha256': '95d556f6f2766b8fa0e3c5c43817cd1d723d1db9cdfbd00edf176d11dfe5f8df'}, 'dob': {'date': '1999-04-01T11:04:56.488Z', 'age': 25}, 'registered': {'date': '2009-04-14T22:08:43.826Z', 'age': 15}, 'phone': '01-9123-5820', 'cell': '0423-034-555', 'id': {'name': 'TFN', 'value': '898108092'}, 'picture': {'large': 'https://randomuser.me/api/portraits/women/33.jpg', 'medium': 'https://randomuser.me/api/portraits/med/women/33.jpg', 'thumbnail': 'https://randomuser.me/api/portraits/thumb/women/33.jpg'}, 'nat': 'AU'}</msg>
<arg>${json_data['results'][0]}</arg>
<doc>Logs the given message with the given level.</doc>
<status status="PASS" start="2024-05-19T06:18:09.575473" elapsed="0.000407"/>
</kw>
<kw name="Log" owner="BuiltIn">
<msg time="2024-05-19T06:18:09.576306" level="INFO">name</msg>
<arg>${key}</arg>
<doc>Logs the given message with the given level.</doc>
<status status="PASS" start="2024-05-19T06:18:09.576179" elapsed="0.000165"/>
</kw>
<var name="${key}">name</var>
<status status="PASS" start="2024-05-19T06:18:09.574618" elapsed="0.001942"/>
</iter>
<iter>
<kw name="Dictionary Should Contain Key" owner="Collections">
<msg time="2024-05-19T06:18:09.577273" level="INFO">False</msg>
<arg>${json_data['results'][0]}</arg>
<arg>${key}</arg>
<doc>Fails if ``key`` is not found from ``dictionary``.</doc>
<status status="PASS" start="2024-05-19T06:18:09.576849" elapsed="0.000463"/>
</kw>
<kw name="Log" owner="BuiltIn">
<msg time="2024-05-19T06:18:09.577968" level="INFO">{'gender': 'female', 'name': {'title': 'Mrs', 'first': 'Regina', 'last': 'Ramos'}, 'location': {'street': {'number': 7476, 'name': 'E Pecan St'}, 'city': 'Bathurst', 'state': 'Northern Territory', 'country': 'Australia', 'postcode': 1689, 'coordinates': {'latitude': '-82.9933', 'longitude': '94.6544'}, 'timezone': {'offset': '+8:00', 'description': 'Beijing, Perth, Singapore, Hong Kong'}}, 'email': 'regina.ramos@example.com', 'login': {'uuid': 'cbadb314-e059-4402-bd0d-daf552f2358d', 'username': 'ticklishswan670', 'password': '4242', 'salt': 'cvLtbjS2', 'md5': 'a38c1f99a95498f5ef5e5568ec0e9dfb', 'sha1': 'd2ce038f565c54aa4cb3e69fc1dc27501195517d', 'sha256': '95d556f6f2766b8fa0e3c5c43817cd1d723d1db9cdfbd00edf176d11dfe5f8df'}, 'dob': {'date': '1999-04-01T11:04:56.488Z', 'age': 25}, 'registered': {'date': '2009-04-14T22:08:43.826Z', 'age': 15}, 'phone': '01-9123-5820', 'cell': '0423-034-555', 'id': {'name': 'TFN', 'value': '898108092'}, 'picture': {'large': 'https://randomuser.me/api/portraits/women/33.jpg', 'medium': 'https://randomuser.me/api/portraits/med/women/33.jpg', 'thumbnail': 'https://randomuser.me/api/portraits/thumb/women/33.jpg'}, 'nat': 'AU'}</msg>
<arg>${json_data['results'][0]}</arg>
<doc>Logs the given message with the given level.</doc>
<status status="PASS" start="2024-05-19T06:18:09.577613" elapsed="0.000404"/>
</kw>
<kw name="Log" owner="BuiltIn">
<msg time="2024-05-19T06:18:09.578433" level="INFO">location</msg>
<arg>${key}</arg>
<doc>Logs the given message with the given level.</doc>
<status status="PASS" start="2024-05-19T06:18:09.578309" elapsed="0.000161"/>
</kw>
<var name="${key}">location</var>
<status status="PASS" start="2024-05-19T06:18:09.576738" elapsed="0.001944"/>
</iter>
<iter>
<kw name="Dictionary Should Contain Key" owner="Collections">
<msg time="2024-05-19T06:18:09.579336" level="INFO">False</msg>
<arg>${json_data['results'][0]}</arg>
<arg>${key}</arg>
<doc>Fails if ``key`` is not found from ``dictionary``.</doc>
<status status="PASS" start="2024-05-19T06:18:09.578962" elapsed="0.000411"/>
</kw>
<kw name="Log" owner="BuiltIn">
<msg time="2024-05-19T06:18:09.580020" level="INFO">{'gender': 'female', 'name': {'title': 'Mrs', 'first': 'Regina', 'last': 'Ramos'}, 'location': {'street': {'number': 7476, 'name': 'E Pecan St'}, 'city': 'Bathurst', 'state': 'Northern Territory', 'country': 'Australia', 'postcode': 1689, 'coordinates': {'latitude': '-82.9933', 'longitude': '94.6544'}, 'timezone': {'offset': '+8:00', 'description': 'Beijing, Perth, Singapore, Hong Kong'}}, 'email': 'regina.ramos@example.com', 'login': {'uuid': 'cbadb314-e059-4402-bd0d-daf552f2358d', 'username': 'ticklishswan670', 'password': '4242', 'salt': 'cvLtbjS2', 'md5': 'a38c1f99a95498f5ef5e5568ec0e9dfb', 'sha1': 'd2ce038f565c54aa4cb3e69fc1dc27501195517d', 'sha256': '95d556f6f2766b8fa0e3c5c43817cd1d723d1db9cdfbd00edf176d11dfe5f8df'}, 'dob': {'date': '1999-04-01T11:04:56.488Z', 'age': 25}, 'registered': {'date': '2009-04-14T22:08:43.826Z', 'age': 15}, 'phone': '01-9123-5820', 'cell': '0423-034-555', 'id': {'name': 'TFN', 'value': '898108092'}, 'picture': {'large': 'https://randomuser.me/api/portraits/women/33.jpg', 'medium': 'https://randomuser.me/api/portraits/med/women/33.jpg', 'thumbnail': 'https://randomuser.me/api/portraits/thumb/women/33.jpg'}, 'nat': 'AU'}</msg>
<arg>${json_data['results'][0]}</arg>
<doc>Logs the given message with the given level.</doc>
<status status="PASS" start="2024-05-19T06:18:09.579667" elapsed="0.000416"/>
</kw>
<kw name="Log" owner="BuiltIn">
<msg time="2024-05-19T06:18:09.580501" level="INFO">email</msg>
<arg>${key}</arg>
<doc>Logs the given message with the given level.</doc>
<status status="PASS" start="2024-05-19T06:18:09.580377" elapsed="0.000161"/>
</kw>
<var name="${key}">email</var>
<status status="PASS" start="2024-05-19T06:18:09.578852" elapsed="0.001898"/>
</iter>
<iter>
<kw name="Dictionary Should Contain Key" owner="Collections">
<msg time="2024-05-19T06:18:09.581435" level="INFO">False</msg>
<arg>${json_data['results'][0]}</arg>
<arg>${key}</arg>
<doc>Fails if ``key`` is not found from ``dictionary``.</doc>
<status status="PASS" start="2024-05-19T06:18:09.581030" elapsed="0.000442"/>
</kw>
<kw name="Log" owner="BuiltIn">
<msg time="2024-05-19T06:18:09.582128" level="INFO">{'gender': 'female', 'name': {'title': 'Mrs', 'first': 'Regina', 'last': 'Ramos'}, 'location': {'street': {'number': 7476, 'name': 'E Pecan St'}, 'city': 'Bathurst', 'state': 'Northern Territory', 'country': 'Australia', 'postcode': 1689, 'coordinates': {'latitude': '-82.9933', 'longitude': '94.6544'}, 'timezone': {'offset': '+8:00', 'description': 'Beijing, Perth, Singapore, Hong Kong'}}, 'email': 'regina.ramos@example.com', 'login': {'uuid': 'cbadb314-e059-4402-bd0d-daf552f2358d', 'username': 'ticklishswan670', 'password': '4242', 'salt': 'cvLtbjS2', 'md5': 'a38c1f99a95498f5ef5e5568ec0e9dfb', 'sha1': 'd2ce038f565c54aa4cb3e69fc1dc27501195517d', 'sha256': '95d556f6f2766b8fa0e3c5c43817cd1d723d1db9cdfbd00edf176d11dfe5f8df'}, 'dob': {'date': '1999-04-01T11:04:56.488Z', 'age': 25}, 'registered': {'date': '2009-04-14T22:08:43.826Z', 'age': 15}, 'phone': '01-9123-5820', 'cell': '0423-034-555', 'id': {'name': 'TFN', 'value': '898108092'}, 'picture': {'large': 'https://randomuser.me/api/portraits/women/33.jpg', 'medium': 'https://randomuser.me/api/portraits/med/women/33.jpg', 'thumbnail': 'https://randomuser.me/api/portraits/thumb/women/33.jpg'}, 'nat': 'AU'}</msg>
<arg>${json_data['results'][0]}</arg>
<doc>Logs the given message with the given level.</doc>
<status status="PASS" start="2024-05-19T06:18:09.581771" elapsed="0.000414"/>
</kw>
<kw name="Log" owner="BuiltIn">
<msg time="2024-05-19T06:18:09.582600" level="INFO">login</msg>
<arg>${key}</arg>
<doc>Logs the given message with the given level.</doc>
<status status="PASS" start="2024-05-19T06:18:09.582475" elapsed="0.000161"/>
</kw>
<var name="${key}">login</var>
<status status="PASS" start="2024-05-19T06:18:09.580922" elapsed="0.001955"/>
</iter>
<var>${key}</var>
<value>@{expected_keys}</value>
<status status="PASS" start="2024-05-19T06:18:09.572234" elapsed="0.010766"/>
</for>
<kw name="Create List" owner="BuiltIn">
<msg time="2024-05-19T06:18:09.583326" level="INFO">${expected_keysTwo} = ['username', 'password']</msg>
<var>${expected_keysTwo}</var>
<arg>username</arg>
<arg>password</arg>
<doc>Returns a list containing given items.</doc>
<status status="PASS" start="2024-05-19T06:18:09.583190" elapsed="0.000159"/>
</kw>
<for flavor="IN">
<iter>
<kw name="Dictionary Should Contain Key" owner="Collections">
<msg time="2024-05-19T06:18:09.584223" level="INFO">False</msg>
<arg>${json_data['results'][0]['login']}</arg>
<arg>${keyTwo}</arg>
<doc>Fails if ``key`` is not found from ``dictionary``.</doc>
<status status="PASS" start="2024-05-19T06:18:09.583838" elapsed="0.000421"/>
</kw>
<kw name="Dictionary Should Contain Key" owner="Collections">
<msg time="2024-05-19T06:18:09.584925" level="INFO">False</msg>
<arg>${json_data['results'][0]['login']}</arg>
<arg>${keyTwo}</arg>
<doc>Fails if ``key`` is not found from ``dictionary``.</doc>
<status status="PASS" start="2024-05-19T06:18:09.584550" elapsed="0.000412"/>
</kw>
<kw name="Log" owner="BuiltIn">
<msg time="2024-05-19T06:18:09.585428" level="INFO">username</msg>
<arg>${keyTwo}</arg>
<doc>Logs the given message with the given level.</doc>
<status status="PASS" start="2024-05-19T06:18:09.585296" elapsed="0.000174"/>
</kw>
<var name="${keyTwo}">username</var>
<status status="PASS" start="2024-05-19T06:18:09.583731" elapsed="0.001956"/>
</iter>
<iter>
<kw name="Dictionary Should Contain Key" owner="Collections">
<msg time="2024-05-19T06:18:09.586423" level="INFO">False</msg>
<arg>${json_data['results'][0]['login']}</arg>
<arg>${keyTwo}</arg>
<doc>Fails if ``key`` is not found from ``dictionary``.</doc>
<status status="PASS" start="2024-05-19T06:18:09.585964" elapsed="0.000498"/>
</kw>
<kw name="Dictionary Should Contain Key" owner="Collections">
<msg time="2024-05-19T06:18:09.587130" level="INFO">False</msg>
<arg>${json_data['results'][0]['login']}</arg>
<arg>${keyTwo}</arg>
<doc>Fails if ``key`` is not found from ``dictionary``.</doc>
<status status="PASS" start="2024-05-19T06:18:09.586759" elapsed="0.000407"/>
</kw>
<kw name="Log" owner="BuiltIn">
<msg time="2024-05-19T06:18:09.587580" level="INFO">password</msg>
<arg>${keyTwo}</arg>
<doc>Logs the given message with the given level.</doc>
<status status="PASS" start="2024-05-19T06:18:09.587456" elapsed="0.000161"/>
</kw>
<var name="${keyTwo}">password</var>
<status status="PASS" start="2024-05-19T06:18:09.585855" elapsed="0.001973"/>
</iter>
<var>${keyTwo}</var>
<value>@{expected_keysTwo}</value>
<status status="PASS" start="2024-05-19T06:18:09.583582" elapsed="0.004365"/>
</for>
<status status="PASS" start="2024-05-19T06:18:09.463849" elapsed="0.124239"/>
</kw>
<doc>Testa a estrutura da resposta da API.</doc>
<tag>testeEstruturaResposta</tag>
<status status="PASS" start="2024-05-19T06:18:09.463296" elapsed="0.124951"/>
</test>
<test id="s1-s1-t4" name="Validar tipos de dados" line="28">
<kw name="Teste de Tipos de Dados" owner="random-user-service">
<kw name="GET On Session" owner="RequestsLibrary">
<msg time="2024-05-19T06:18:09.656526" level="INFO">GET Request : url=https://randomuser.me/api 
 path_url=/api 
 headers={'User-Agent': 'python-requests/2.31.0', 'Accept-Encoding': 'gzip, deflate', 'Accept': '*/*', 'Connection': 'keep-alive'} 
 body=None 
 </msg>
<msg time="2024-05-19T06:18:09.656614" level="INFO">GET Response : url=https://randomuser.me/api 
 status=200, reason=OK 
 headers={'Date': 'Sun, 19 May 2024 06:18:09 GMT', 'Content-Type': 'application/json; charset=utf-8', 'Transfer-Encoding': 'chunked', 'Connection': 'keep-alive', 'X-Powered-By': 'Express', 'Access-Control-Allow-Origin': '*', 'Cache-Control': 'no-cache', 'ETag': 'W/"48c-UDobHBGWDPzfoD5FDND2G7CpkuE"', 'Vary': 'Accept-Encoding', 'Content-Encoding': 'gzip', 'CF-Cache-Status': 'DYNAMIC', 'Report-To': '{"endpoints":[{"url":"https:\\/\\/a.nel.cloudflare.com\\/report\\/v4?s=TPSyM07%2FBiQ0NB57%2Bo3Rh%2Fpt%2BAndA%2BCSX23kd5ipnyJ%2Fz1gRzUIwb0xceDidTmMB0qo8JujVxcXdLGWW5c9kVzjsjg2SSoYoTr%2BmE4ZsgHoVmrWww5c3cOmiS4GiZwTK"}],"group":"cf-nel","max_age":604800}', 'NEL': '{"success_fraction":0,"report_to":"cf-nel","max_age":604800}', 'Server': 'cloudflare', 'CF-RAY': '8861f7d1fff6080e-IAD', 'alt-svc': 'h3=":443"; ma=86400'} 
 body={"results":[{"gender":"male","name":{"title":"Mr","first":"Özkan","last":"Türkyılmaz"},"location":{"street":{"number":8099,"name":"Necatibey Cd"},"city":"Çanakkale","state":"Siirt","country":"Turkey","postcode":81054,"coordinates":{"latitude":"70.7120","longitude":"-82.7993"},"timezone":{"offset":"+10:00","description":"Eastern Australia, Guam, Vladivostok"}},"email":"ozkan.turkyilmaz@example.com","login":{"uuid":"edfc83bc-665d-4db8-8292-7f57fc7c29e9","username":"organiccat512","password":"bobbie","salt":"zxtYZQGb","md5":"ea279990f6518868b3947d7115bd1773","sha1":"855ac36370fecc95f11df36edccaba6059c0b079","sha256":"2d298241cac168b40dcfeb5277c455ddd126d9cf1651f840b6c72877efb30f0d"},"dob":{"date":"2000-12-14T03:13:27.138Z","age":23},"registered":{"date":"2009-01-10T20:19:27.194Z","age":15},"phone":"(974)-815-9641","cell":"(999)-670-5073","id":{"name":"","value":null},"picture":{"large":"https://randomuser.me/api/portraits/men/43.jpg","medium":"https://randomuser.me/api/portraits/med/men/43.jpg","thumbnail":"https://randomuser.me/api/portraits/thumb/men/43.jpg"},"nat":"TR"}],"info":{"seed":"5d0214645689c2d4","results":1,"page":1,"version":"1.4"}} 
 </msg>
<msg time="2024-05-19T06:18:09.656684" level="INFO">/opt/hostedtoolcache/Python/3.12.3/x64/lib/python3.12/site-packages/urllib3/connectionpool.py:1103: InsecureRequestWarning: Unverified HTTPS request is being made to host 'randomuser.me'. Adding certificate verification is strongly advised. See: https://urllib3.readthedocs.io/en/latest/advanced-usage.html#tls-warnings
  warnings.warn(</msg>
<msg time="2024-05-19T06:18:09.656811" level="INFO">${response} = &lt;Response [200]&gt;</msg>
<var>${response}</var>
<arg>consultarAPI</arg>
<arg>/api</arg>
<doc>Sends a GET request on a previously created HTTP Session.</doc>
<status status="PASS" start="2024-05-19T06:18:09.590707" elapsed="0.066144"/>
</kw>
<kw name="Set Variable" owner="BuiltIn">
<msg time="2024-05-19T06:18:09.657881" level="INFO">${json_data} = {'results': [{'gender': 'male', 'name': {'title': 'Mr', 'first': 'Özkan', 'last': 'Türkyılmaz'}, 'location': {'street': {'number': 8099, 'name': 'Necatibey Cd'}, 'city': 'Çanakkale', 'state': 'Siirt',...</msg>
<var>${json_data}</var>
<arg>${response.json()}</arg>
<doc>Returns the given values which can then be assigned to a variables.</doc>
<status status="PASS" start="2024-05-19T06:18:09.657379" elapsed="0.000533"/>
</kw>
<kw name="Log" owner="BuiltIn">
<msg time="2024-05-19T06:18:09.658385" level="INFO">{'results': [{'gender': 'male', 'name': {'title': 'Mr', 'first': 'Özkan', 'last': 'Türkyılmaz'}, 'location': {'street': {'number': 8099, 'name': 'Necatibey Cd'}, 'city': 'Çanakkale', 'state': 'Siirt', 'country': 'Turkey', 'postcode': 81054, 'coordinates': {'latitude': '70.7120', 'longitude': '-82.7993'}, 'timezone': {'offset': '+10:00', 'description': 'Eastern Australia, Guam, Vladivostok'}}, 'email': 'ozkan.turkyilmaz@example.com', 'login': {'uuid': 'edfc83bc-665d-4db8-8292-7f57fc7c29e9', 'username': 'organiccat512', 'password': 'bobbie', 'salt': 'zxtYZQGb', 'md5': 'ea279990f6518868b3947d7115bd1773', 'sha1': '855ac36370fecc95f11df36edccaba6059c0b079', 'sha256': '2d298241cac168b40dcfeb5277c455ddd126d9cf1651f840b6c72877efb30f0d'}, 'dob': {'date': '2000-12-14T03:13:27.138Z', 'age': 23}, 'registered': {'date': '2009-01-10T20:19:27.194Z', 'age': 15}, 'phone': '(974)-815-9641', 'cell': '(999)-670-5073', 'id': {'name': '', 'value': None}, 'picture': {'large': 'https://randomuser.me/api/portraits/men/43.jpg', 'medium': 'https://randomuser.me/api/portraits/med/men/43.jpg', 'thumbnail': 'https://randomuser.me/api/portraits/thumb/men/43.jpg'}, 'nat': 'TR'}], 'info': {'seed': '5d0214645689c2d4', 'results': 1, 'page': 1, 'version': '1.4'}}</msg>
<arg>${json_data}</arg>
<doc>Logs the given message with the given level.</doc>
<status status="PASS" start="2024-05-19T06:18:09.658224" elapsed="0.000250"/>
</kw>
<kw name="Should Be String" owner="String">
<arg>${json_data['results'][0]['gender']}</arg>
<doc>Fails if the given ``item`` is not a string.</doc>
<status status="PASS" start="2024-05-19T06:18:09.658775" elapsed="0.000357"/>
</kw>
<kw name="Should Match Regexp" owner="BuiltIn">
<arg>${json_data['results'][0]['email']}</arg>
<arg>^[a-zA-Z0-9._%+-]+@[a-zA-Z0-9.-]+\.[a-zA-Z]{2,}$</arg>
<doc>Fails if ``string`` does not match ``pattern`` as a regular expression.</doc>
<status status="PASS" start="2024-05-19T06:18:09.659323" elapsed="0.000512"/>
</kw>
<kw name="Should Match Regexp" owner="BuiltIn">
<arg>${json_data['results'][0]['dob']['date']}</arg>
<arg>\\d{4}-\\d{2}-\\d{2}T\\d{2}:\\d{2}:\\d{2}\\.\\d{3}Z</arg>
<doc>Fails if ``string`` does not match ``pattern`` as a regular expression.</doc>
<status status="PASS" start="2024-05-19T06:18:09.660030" elapsed="0.000483"/>
</kw>
<kw name="Should Match Regexp" owner="BuiltIn">
<arg>${json_data['results'][0]['registered']['date']}</arg>
<arg>\\d{4}-\\d{2}-\\d{2}T\\d{2}:\\d{2}:\\d{2}\\.\\d{3}Z</arg>
<doc>Fails if ``string`` does not match ``pattern`` as a regular expression.</doc>
<status status="PASS" start="2024-05-19T06:18:09.660704" elapsed="0.000360"/>
</kw>
<kw name="Should Match Regexp" owner="BuiltIn">
<arg>${json_data['results'][0]['picture']['large']}</arg>
<arg>^https?://.*\.(?:png|jpe?g|gif|bmp)$</arg>
<doc>Fails if ``string`` does not match ``pattern`` as a regular expression.</doc>
<status status="PASS" start="2024-05-19T06:18:09.661282" elapsed="0.000456"/>
</kw>
<kw name="Should Match Regexp" owner="BuiltIn">
<arg>${json_data['results'][0]['picture']['medium']}</arg>
<arg>^https?://.*\.(?:png|jpe?g|gif|bmp)$</arg>
<doc>Fails if ``string`` does not match ``pattern`` as a regular expression.</doc>
<status status="PASS" start="2024-05-19T06:18:09.661926" elapsed="0.000353"/>
</kw>
<kw name="Should Match Regexp" owner="BuiltIn">
<arg>${json_data['results'][0]['picture']['thumbnail']}</arg>
<arg>^https?://.*\.(?:png|jpe?g|gif|bmp)$</arg>
<doc>Fails if ``string`` does not match ``pattern`` as a regular expression.</doc>
<status status="PASS" start="2024-05-19T06:18:09.662468" elapsed="0.000344"/>
</kw>
<kw name="Log" owner="BuiltIn">
<msg time="2024-05-19T06:18:09.663304" level="INFO">{'large': 'https://randomuser.me/api/portraits/men/43.jpg', 'medium': 'https://randomuser.me/api/portraits/med/men/43.jpg', 'thumbnail': 'https://randomuser.me/api/portraits/thumb/men/43.jpg'}</msg>
<arg>${json_data['results'][0]['picture']}</arg>
<doc>Logs the given message with the given level.</doc>
<status status="PASS" start="2024-05-19T06:18:09.662990" elapsed="0.000355"/>
</kw>
<status status="PASS" start="2024-05-19T06:18:09.590483" elapsed="0.073113"/>
</kw>
<kw name="Teste de Tipos de Dados - Postcode" owner="random-user-service">
<kw name="GET On Session" owner="RequestsLibrary">
<msg time="2024-05-19T06:18:09.757393" level="INFO">GET Request : url=https://randomuser.me/api 
 path_url=/api 
 headers={'User-Agent': 'python-requests/2.31.0', 'Accept-Encoding': 'gzip, deflate', 'Accept': '*/*', 'Connection': 'keep-alive'} 
 body=None 
 </msg>
<msg time="2024-05-19T06:18:09.757489" level="INFO">GET Response : url=https://randomuser.me/api 
 status=200, reason=OK 
 headers={'Date': 'Sun, 19 May 2024 06:18:09 GMT', 'Content-Type': 'application/json; charset=utf-8', 'Transfer-Encoding': 'chunked', 'Connection': 'keep-alive', 'X-Powered-By': 'Express', 'Access-Control-Allow-Origin': '*', 'Cache-Control': 'no-cache', 'ETag': 'W/"470-sQdL2iOpawWzIyFCObzdlD/iv74"', 'Vary': 'Accept-Encoding', 'Content-Encoding': 'gzip', 'CF-Cache-Status': 'DYNAMIC', 'Report-To': '{"endpoints":[{"url":"https:\\/\\/a.nel.cloudflare.com\\/report\\/v4?s=sT4gakLpsuxXYluRW%2B19YJ7IbPS6a29CmHp6v2LTzBBpplEo5Axz%2BGWZK3636nx2vhDV5c%2BnVckifoa%2B2uyW1q0WUuhZO%2BBpKH6k2bq%2BiQDFoJ%2Fst7i8P4GLe6iMSp%2FO"}],"group":"cf-nel","max_age":604800}', 'NEL': '{"success_fraction":0,"report_to":"cf-nel","max_age":604800}', 'Server': 'cloudflare', 'CF-RAY': '8861f7d26865080e-IAD', 'alt-svc': 'h3=":443"; ma=86400'} 
 body={"results":[{"gender":"female","name":{"title":"Mrs","first":"Rudana","last":"Silenko"},"location":{"street":{"number":4016,"name":"Polska"},"city":"Monastiriska","state":"Rivnenska","country":"Ukraine","postcode":35511,"coordinates":{"latitude":"75.1170","longitude":"159.8396"},"timezone":{"offset":"+3:30","description":"Tehran"}},"email":"rudana.silenko@example.com","login":{"uuid":"bc796b8a-470c-4c97-8db4-c1f40819d889","username":"goldenpeacock199","password":"quasar","salt":"DbWWMBt1","md5":"b869f1f8bc166d2db7ed488fa4e5ecf7","sha1":"479843b078ec5ee1dd165c722ff3c3bb27d0925f","sha256":"047d500ef8abcbadade6e7176c123fee582e26aa1f70d9ef0a07cee050a4b186"},"dob":{"date":"1999-12-09T15:27:35.051Z","age":24},"registered":{"date":"2007-08-09T15:29:27.869Z","age":16},"phone":"(096) B58-5556","cell":"(067) J29-5863","id":{"name":"","value":null},"picture":{"large":"https://randomuser.me/api/portraits/women/1.jpg","medium":"https://randomuser.me/api/portraits/med/women/1.jpg","thumbnail":"https://randomuser.me/api/portraits/thumb/women/1.jpg"},"nat":"UA"}],"info":{"seed":"de34702559ebfe89","results":1,"page":1,"version":"1.4"}} 
 </msg>
<msg time="2024-05-19T06:18:09.757556" level="INFO">/opt/hostedtoolcache/Python/3.12.3/x64/lib/python3.12/site-packages/urllib3/connectionpool.py:1103: InsecureRequestWarning: Unverified HTTPS request is being made to host 'randomuser.me'. Adding certificate verification is strongly advised. See: https://urllib3.readthedocs.io/en/latest/advanced-usage.html#tls-warnings
  warnings.warn(</msg>
<msg time="2024-05-19T06:18:09.757699" level="INFO">${response} = &lt;Response [200]&gt;</msg>
<var>${response}</var>
<arg>consultarAPI</arg>
<arg>/api</arg>
<doc>Sends a GET request on a previously created HTTP Session.</doc>
<status status="PASS" start="2024-05-19T06:18:09.664050" elapsed="0.093693"/>
</kw>
<kw name="Set Variable" owner="BuiltIn">
<msg time="2024-05-19T06:18:09.758762" level="INFO">${json_data} = {'results': [{'gender': 'female', 'name': {'title': 'Mrs', 'first': 'Rudana', 'last': 'Silenko'}, 'location': {'street': {'number': 4016, 'name': 'Polska'}, 'city': 'Monastiriska', 'state': 'Rivnenska...</msg>
<var>${json_data}</var>
<arg>${response.json()}</arg>
<doc>Returns the given values which can then be assigned to a variables.</doc>
<status status="PASS" start="2024-05-19T06:18:09.758242" elapsed="0.000547"/>
</kw>
<kw name="Log" owner="BuiltIn">
<msg time="2024-05-19T06:18:09.759261" level="INFO">{'results': [{'gender': 'female', 'name': {'title': 'Mrs', 'first': 'Rudana', 'last': 'Silenko'}, 'location': {'street': {'number': 4016, 'name': 'Polska'}, 'city': 'Monastiriska', 'state': 'Rivnenska', 'country': 'Ukraine', 'postcode': 35511, 'coordinates': {'latitude': '75.1170', 'longitude': '159.8396'}, 'timezone': {'offset': '+3:30', 'description': 'Tehran'}}, 'email': 'rudana.silenko@example.com', 'login': {'uuid': 'bc796b8a-470c-4c97-8db4-c1f40819d889', 'username': 'goldenpeacock199', 'password': 'quasar', 'salt': 'DbWWMBt1', 'md5': 'b869f1f8bc166d2db7ed488fa4e5ecf7', 'sha1': '479843b078ec5ee1dd165c722ff3c3bb27d0925f', 'sha256': '047d500ef8abcbadade6e7176c123fee582e26aa1f70d9ef0a07cee050a4b186'}, 'dob': {'date': '1999-12-09T15:27:35.051Z', 'age': 24}, 'registered': {'date': '2007-08-09T15:29:27.869Z', 'age': 16}, 'phone': '(096) B58-5556', 'cell': '(067) J29-5863', 'id': {'name': '', 'value': None}, 'picture': {'large': 'https://randomuser.me/api/portraits/women/1.jpg', 'medium': 'https://randomuser.me/api/portraits/med/women/1.jpg', 'thumbnail': 'https://randomuser.me/api/portraits/thumb/women/1.jpg'}, 'nat': 'UA'}], 'info': {'seed': 'de34702559ebfe89', 'results': 1, 'page': 1, 'version': '1.4'}}</msg>
<arg>${json_data}</arg>
<doc>Logs the given message with the given level.</doc>
<status status="PASS" start="2024-05-19T06:18:09.759105" elapsed="0.000239"/>
</kw>
<kw name="Should Be Equal As Numbers" owner="BuiltIn">
<arg>${json_data['results'][0]['location']['postcode']}</arg>
<arg>${json_data['results'][0]['location']['postcode']}</arg>
<doc>Fails if objects are unequal after converting them to real numbers.</doc>
<status status="PASS" start="2024-05-19T06:18:09.759831" elapsed="0.000614"/>
</kw>
<kw name="Log" owner="BuiltIn">
<msg time="2024-05-19T06:18:09.760969" level="INFO">35511</msg>
<arg>${json_data['results'][0]['location']['postcode']}</arg>
<doc>Logs the given message with the given level.</doc>
<status status="PASS" start="2024-05-19T06:18:09.760637" elapsed="0.000372"/>
</kw>
<status status="PASS" start="2024-05-19T06:18:09.663823" elapsed="0.097486"/>
</kw>
<doc>Testa se os tipos de dados na resposta da API estão corretos.</doc>
<tag>testeTiposDados</tag>
<status status="PASS" start="2024-05-19T06:18:09.590034" elapsed="0.171455"/>
</test>
<test id="s1-s1-t5" name="Validar conteudo" line="35">
<kw name="Teste de Tipos de Conteudo" owner="random-user-service">
<kw name="GET On Session" owner="RequestsLibrary">
<msg time="2024-05-19T06:18:09.857111" level="INFO">GET Request : url=https://randomuser.me/api 
 path_url=/api 
 headers={'User-Agent': 'python-requests/2.31.0', 'Accept-Encoding': 'gzip, deflate', 'Accept': '*/*', 'Connection': 'keep-alive'} 
 body=None 
 </msg>
<msg time="2024-05-19T06:18:09.857233" level="INFO">GET Response : url=https://randomuser.me/api 
 status=200, reason=OK 
 headers={'Date': 'Sun, 19 May 2024 06:18:09 GMT', 'Content-Type': 'application/json; charset=utf-8', 'Transfer-Encoding': 'chunked', 'Connection': 'keep-alive', 'X-Powered-By': 'Express', 'Access-Control-Allow-Origin': '*', 'Cache-Control': 'no-cache', 'ETag': 'W/"473-gGwnVpja+6rzK1HJYePJAj7yKmY"', 'Vary': 'Accept-Encoding', 'Content-Encoding': 'gzip', 'CF-Cache-Status': 'DYNAMIC', 'Report-To': '{"endpoints":[{"url":"https:\\/\\/a.nel.cloudflare.com\\/report\\/v4?s=Y8GRC%2BKMN%2FF1RY6FGpG0voKZ%2FbOldJEYOC8CE530A5FRtUopGzABLORoZfQNJcExSxB2b1ttjIBZBTx%2FL0WvSabjwWGLIMGIAa2NdL2JuFhlIb4PQZKQvP9FFenWOLTt"}],"group":"cf-nel","max_age":604800}', 'NEL': '{"success_fraction":0,"report_to":"cf-nel","max_age":604800}', 'Server': 'cloudflare', 'CF-RAY': '8861f7d308e1080e-IAD', 'alt-svc': 'h3=":443"; ma=86400'} 
 body={"results":[{"gender":"female","name":{"title":"Miss","first":"Jane","last":"Soto"},"location":{"street":{"number":5994,"name":"Karen Dr"},"city":"Cincinnati","state":"Maine","country":"United States","postcode":16482,"coordinates":{"latitude":"83.9860","longitude":"72.8823"},"timezone":{"offset":"-9:00","description":"Alaska"}},"email":"jane.soto@example.com","login":{"uuid":"6d519625-1ffe-497c-9546-f2f3a1a025d2","username":"happywolf219","password":"domino","salt":"775LDUZv","md5":"19ed6f2580e06be7d45c357f8bcf3c00","sha1":"b5c4f7c91c4da2895e8828d3afebd25962d5e4b0","sha256":"8cf74bf55f0814c4fd5f868f321a04d63dc5b22be04d8db0a1c7c206837c924a"},"dob":{"date":"1998-12-11T15:42:57.401Z","age":25},"registered":{"date":"2007-01-18T11:10:28.719Z","age":17},"phone":"(260) 338-1623","cell":"(871) 396-5474","id":{"name":"SSN","value":"519-09-2530"},"picture":{"large":"https://randomuser.me/api/portraits/women/64.jpg","medium":"https://randomuser.me/api/portraits/med/women/64.jpg","thumbnail":"https://randomuser.me/api/portraits/thumb/women/64.jpg"},"nat":"US"}],"info":{"seed":"f417fb2bf35ef4c6","results":1,"page":1,"version":"1.4"}} 
 </msg>
<msg time="2024-05-19T06:18:09.857302" level="INFO">/opt/hostedtoolcache/Python/3.12.3/x64/lib/python3.12/site-packages/urllib3/connectionpool.py:1103: InsecureRequestWarning: Unverified HTTPS request is being made to host 'randomuser.me'. Adding certificate verification is strongly advised. See: https://urllib3.readthedocs.io/en/latest/advanced-usage.html#tls-warnings
  warnings.warn(</msg>
<msg time="2024-05-19T06:18:09.857420" level="INFO">${response} = &lt;Response [200]&gt;</msg>
<var>${response}</var>
<arg>consultarAPI</arg>
<arg>/api</arg>
<doc>Sends a GET request on a previously created HTTP Session.</doc>
<status status="PASS" start="2024-05-19T06:18:09.763942" elapsed="0.093504"/>
</kw>
<kw name="Set Variable" owner="BuiltIn">
<msg time="2024-05-19T06:18:09.858484" level="INFO">${json_data} = {'results': [{'gender': 'female', 'name': {'title': 'Miss', 'first': 'Jane', 'last': 'Soto'}, 'location': {'street': {'number': 5994, 'name': 'Karen Dr'}, 'city': 'Cincinnati', 'state': 'Maine', 'coun...</msg>
<var>${json_data}</var>
<arg>${response.json()}</arg>
<doc>Returns the given values which can then be assigned to a variables.</doc>
<status status="PASS" start="2024-05-19T06:18:09.857986" elapsed="0.000525"/>
</kw>
<kw name="Set Variable" owner="BuiltIn">
<msg time="2024-05-19T06:18:09.859198" level="INFO">${name_title} = Miss</msg>
<var>${name_title}</var>
<arg>${json_data["results"][0]["name"]["title"]}</arg>
<doc>Returns the given values which can then be assigned to a variables.</doc>
<status status="PASS" start="2024-05-19T06:18:09.858815" elapsed="0.000408"/>
</kw>
<kw name="Create List" owner="BuiltIn">
<msg time="2024-05-19T06:18:09.859669" level="INFO">${allowed_titles} = ['Mr', 'Ms', 'Miss', 'Mrs', 'Madame', 'Monsieur']</msg>
<var>${allowed_titles}</var>
<arg>Mr</arg>
<arg>Ms</arg>
<arg>Miss</arg>
<arg>Mrs</arg>
<arg>Madame</arg>
<arg>Monsieur</arg>
<doc>Returns a list containing given items.</doc>
<status status="PASS" start="2024-05-19T06:18:09.859522" elapsed="0.000172"/>
</kw>
<kw name="List Should Contain Value" owner="Collections">
<msg time="2024-05-19T06:18:09.860194" level="INFO">False</msg>
<arg>${allowed_titles}</arg>
<arg>${name_title}</arg>
<doc>Fails if the ``value`` is not found from ``list``.</doc>
<status status="PASS" start="2024-05-19T06:18:09.860019" elapsed="0.000212"/>
</kw>
<kw name="Set Variable" owner="BuiltIn">
<msg time="2024-05-19T06:18:09.860903" level="INFO">${name_country} = US</msg>
<var>${name_country}</var>
<arg>${json_data["results"][0]["nat"]}</arg>
<doc>Returns the given values which can then be assigned to a variables.</doc>
<status status="PASS" start="2024-05-19T06:18:09.860523" elapsed="0.000405"/>
</kw>
<kw name="Create List" owner="BuiltIn">
<msg time="2024-05-19T06:18:09.861886" level="INFO">${list_country} = ['AD', 'AE', 'AF', 'AG', 'AI', 'AL', 'AM', 'AO', 'AQ', 'AR', 'AS', 'AT', 'AU', 'AW', 'AX', 'AZ', 'BA', 'BB', 'BD', 'BE', 'BF', 'BG', 'BH', 'BI', 'BJ', 'BL', 'BM', 'BN', 'BO', 'BQ', 'BR', 'BS', 'BT', '...</msg>
<var>${list_country}</var>
<arg>AD</arg>
<arg>AE</arg>
<arg>AF</arg>
<arg>AG</arg>
<arg>AI</arg>
<arg>AL</arg>
<arg>AM</arg>
<arg>AO</arg>
<arg>AQ</arg>
<arg>AR</arg>
<arg>AS</arg>
<arg>AT</arg>
<arg>AU</arg>
<arg>AW</arg>
<arg>AX</arg>
<arg>AZ</arg>
<arg>BA</arg>
<arg>BB</arg>
<arg>BD</arg>
<arg>BE</arg>
<arg>BF</arg>
<arg>BG</arg>
<arg>BH</arg>
<arg>BI</arg>
<arg>BJ</arg>
<arg>BL</arg>
<arg>BM</arg>
<arg>BN</arg>
<arg>BO</arg>
<arg>BQ</arg>
<arg>BR</arg>
<arg>BS</arg>
<arg>BT</arg>
<arg>BV</arg>
<arg>BW</arg>
<arg>BY</arg>
<arg>BZ</arg>
<arg>CA</arg>
<arg>CC</arg>
<arg>CD</arg>
<arg>CF</arg>
<arg>CG</arg>
<arg>CH</arg>
<arg>CI</arg>
<arg>CK</arg>
<arg>CL</arg>
<arg>CM</arg>
<arg>CN</arg>
<arg>CO</arg>
<arg>CR</arg>
<arg>CU</arg>
<arg>CV</arg>
<arg>CW</arg>
<arg>CX</arg>
<arg>CY</arg>
<arg>CZ</arg>
<arg>DE</arg>
<arg>DJ</arg>
<arg>DK</arg>
<arg>DM</arg>
<arg>DO</arg>
<arg>DZ</arg>
<arg>EC</arg>
<arg>EE</arg>
<arg>EG</arg>
<arg>EH</arg>
<arg>ER</arg>
<arg>ES</arg>
<arg>ET</arg>
<arg>FI</arg>
<arg>FJ</arg>
<arg>FK</arg>
<arg>FM</arg>
<arg>FO</arg>
<arg>FR</arg>
<arg>GA</arg>
<arg>GB</arg>
<arg>GD</arg>
<arg>GE</arg>
<arg>GF</arg>
<arg>GG</arg>
<arg>GH</arg>
<arg>GI</arg>
<arg>GL</arg>
<arg>GM</arg>
<arg>GN</arg>
<arg>GP</arg>
<arg>GQ</arg>
<arg>GR</arg>
<arg>GS</arg>
<arg>GT</arg>
<arg>GU</arg>
<arg>GW</arg>
<arg>GY</arg>
<arg>HK</arg>
<arg>HM</arg>
<arg>HN</arg>
<arg>HR</arg>
<arg>HT</arg>
<arg>HU</arg>
<arg>ID</arg>
<arg>IE</arg>
<arg>IL</arg>
<arg>IM</arg>
<arg>IN</arg>
<arg>IO</arg>
<arg>IQ</arg>
<arg>IR</arg>
<arg>IS</arg>
<arg>IT</arg>
<arg>JE</arg>
<arg>JM</arg>
<arg>JO</arg>
<arg>JP</arg>
<arg>KE</arg>
<arg>KG</arg>
<arg>KH</arg>
<arg>KI</arg>
<arg>KM</arg>
<arg>KN</arg>
<arg>KP</arg>
<arg>KR</arg>
<arg>KW</arg>
<arg>KY</arg>
<arg>KZ</arg>
<arg>LA</arg>
<arg>LB</arg>
<arg>LC</arg>
<arg>LI</arg>
<arg>LK</arg>
<arg>LR</arg>
<arg>LS</arg>
<arg>LT</arg>
<arg>LU</arg>
<arg>LV</arg>
<arg>LY</arg>
<arg>MA</arg>
<arg>MC</arg>
<arg>MD</arg>
<arg>ME</arg>
<arg>MF</arg>
<arg>MG</arg>
<arg>MH</arg>
<arg>MK</arg>
<arg>ML</arg>
<arg>MM</arg>
<arg>MN</arg>
<arg>MO</arg>
<arg>MP</arg>
<arg>MQ</arg>
<arg>MR</arg>
<arg>MS</arg>
<arg>MT</arg>
<arg>MU</arg>
<arg>MV</arg>
<arg>MW</arg>
<arg>MX</arg>
<arg>MY</arg>
<arg>MZ</arg>
<arg>NA</arg>
<arg>NC</arg>
<arg>NE</arg>
<arg>NF</arg>
<arg>NG</arg>
<arg>NI</arg>
<arg>NL</arg>
<arg>NO</arg>
<arg>NP</arg>
<arg>NR</arg>
<arg>NU</arg>
<arg>NZ</arg>
<arg>OM</arg>
<arg>PA</arg>
<arg>PE</arg>
<arg>PF</arg>
<arg>PG</arg>
<arg>PH</arg>
<arg>PK</arg>
<arg>PL</arg>
<arg>PM</arg>
<arg>PN</arg>
<arg>PR</arg>
<arg>PS</arg>
<arg>PT</arg>
<arg>PW</arg>
<arg>PY</arg>
<arg>QA</arg>
<arg>RE</arg>
<arg>RO</arg>
<arg>RS</arg>
<arg>RU</arg>
<arg>RW</arg>
<arg>SA</arg>
<arg>SB</arg>
<arg>SC</arg>
<arg>SD</arg>
<arg>SE</arg>
<arg>SG</arg>
<arg>SH</arg>
<arg>SI</arg>
<arg>SJ</arg>
<arg>SK</arg>
<arg>SL</arg>
<arg>SM</arg>
<arg>SN</arg>
<arg>SO</arg>
<arg>SR</arg>
<arg>SS</arg>
<arg>ST</arg>
<arg>SV</arg>
<arg>SX</arg>
<arg>SY</arg>
<arg>SZ</arg>
<arg>TC</arg>
<arg>TD</arg>
<arg>TF</arg>
<arg>TG</arg>
<arg>TH</arg>
<arg>TJ</arg>
<arg>TK</arg>
<arg>TL</arg>
<arg>TM</arg>
<arg>TN</arg>
<arg>TO</arg>
<arg>TR</arg>
<arg>TT</arg>
<arg>TV</arg>
<arg>TW</arg>
<arg>TZ</arg>
<arg>UA</arg>
<arg>UG</arg>
<arg>UM</arg>
<arg>US</arg>
<arg>UY</arg>
<arg>UZ</arg>
<arg>VA</arg>
<arg>VC</arg>
<arg>VE</arg>
<arg>VG</arg>
<arg>VI</arg>
<arg>VN</arg>
<arg>VU</arg>
<arg>WF</arg>
<arg>WS</arg>
<arg>XK</arg>
<arg>YE</arg>
<arg>YT</arg>
<arg>ZA</arg>
<arg>ZM</arg>
<arg>ZW</arg>
<doc>Returns a list containing given items.</doc>
<status status="PASS" start="2024-05-19T06:18:09.861265" elapsed="0.000663"/>
</kw>
<kw name="List Should Contain Value" owner="Collections">
<msg time="2024-05-19T06:18:09.862964" level="INFO">False</msg>
<arg>${list_country}</arg>
<arg>${name_country}</arg>
<doc>Fails if the ``value`` is not found from ``list``.</doc>
<status status="PASS" start="2024-05-19T06:18:09.862761" elapsed="0.000239"/>
</kw>
<kw name="Run Keyword If" owner="BuiltIn">
<kw name="Should Be True" owner="BuiltIn">
<arg>${True}</arg>
<doc>Fails if the given condition is not true.</doc>
<status status="PASS" start="2024-05-19T06:18:09.864057" elapsed="0.000257"/>
</kw>
<arg>${json_data["results"][0]["location"]["coordinates"]["latitude"]} &gt;= -90 and ${json_data["results"][0]["location"]["coordinates"]["latitude"]} &lt;= 90</arg>
<arg>Should Be True</arg>
<arg>${True}</arg>
<doc>Runs the given keyword with the given arguments, if ``condition`` is true.</doc>
<status status="PASS" start="2024-05-19T06:18:09.863311" elapsed="0.001136"/>
</kw>
<kw name="Run Keyword If" owner="BuiltIn">
<kw name="Should Be True" owner="BuiltIn">
<arg>${True}</arg>
<doc>Fails if the given condition is not true.</doc>
<status status="PASS" start="2024-05-19T06:18:09.865362" elapsed="0.000142"/>
</kw>
<arg>${json_data["results"][0]["location"]["coordinates"]["longitude"]} &gt;= -180 and ${json_data["results"][0]["location"]["coordinates"]["longitude"]} &lt;= 180</arg>
<arg>Should Be True</arg>
<arg>${True}</arg>
<doc>Runs the given keyword with the given arguments, if ``condition`` is true.</doc>
<status status="PASS" start="2024-05-19T06:18:09.864636" elapsed="0.000993"/>
</kw>
<status status="PASS" start="2024-05-19T06:18:09.763710" elapsed="0.102051"/>
</kw>
<doc>Testa o conteúdo específico dos campos retornados pela API.</doc>
<tag>testeConteudo</tag>
<status status="PASS" start="2024-05-19T06:18:09.763249" elapsed="0.102665"/>
</test>
<status status="PASS" start="2024-05-19T06:18:08.973597" elapsed="0.894244"/>
</suite>
<status status="PASS" start="2024-05-19T06:18:08.960258" elapsed="0.912721"/>
</suite>
<statistics>
<total>
<stat pass="5" fail="0" skip="0">All Tests</stat>
</total>
<tag>
<stat pass="1" fail="0" skip="0">testeConteudo</stat>
<stat pass="1" fail="0" skip="0">testeEstruturaResposta</stat>
<stat pass="1" fail="0" skip="0">testeRequisicaoBasica</stat>
<stat pass="1" fail="0" skip="0">testeTiposDados</stat>
</tag>
<suite>
<stat pass="5" fail="0" skip="0" id="s1" name="Tests">Tests</stat>
<stat pass="5" fail="0" skip="0" id="s1-s1" name="Random-User-Test">Tests.Random-User-Test</stat>
</suite>
</statistics>
<errors>
</errors>
</robot>
