<?xml version="1.0" encoding="UTF-8"?>
<robot generator="Robot 7.0.1 (Python 3.12.3 on linux)" generated="2024-06-14T08:18:30.491559" rpa="false" schemaversion="5">
<suite id="s1" name="Tests" source="/home/runner/work/ApiRandomUser/ApiRandomUser/RamdonUser/tests">
<suite id="s1-s1" name="Random-User-Test" source="/home/runner/work/ApiRandomUser/ApiRandomUser/RamdonUser/tests/random-user-test.robot">
<test id="s1-s1-t1" name="Conectar" line="13">
<kw name="Conectar API" owner="random-user-service">
<kw name="Create Session" owner="RequestsLibrary">
<msg time="2024-06-14T08:18:30.926694" level="INFO">Creating Session using : alias=consultarAPI, url=https://randomuser.me/, headers={},                     cookies={}, auth=None, timeout=None, proxies=None, verify=False,                     debug=0 </msg>
<arg>consultarAPI</arg>
<arg>${URL}</arg>
<doc>Create Session: create a HTTP session to a server</doc>
<status status="PASS" start="2024-06-14T08:18:30.926486" elapsed="0.000398"/>
</kw>
<status status="PASS" start="2024-06-14T08:18:30.925441" elapsed="0.001808"/>
</kw>
<status status="PASS" start="2024-06-14T08:18:30.924882" elapsed="0.002562"/>
</test>
<test id="s1-s1-t2" name="Validar retorno 200 e JSON Válido" line="16">
<kw name="Teste de Requisicao Basica" owner="random-user-service">
<kw name="GET On Session" owner="RequestsLibrary">
<msg time="2024-06-14T08:18:31.112448" level="INFO">GET Request : url=https://randomuser.me/api 
 path_url=/api 
 headers={'User-Agent': 'python-requests/2.32.3', 'Accept-Encoding': 'gzip, deflate', 'Accept': '*/*', 'Connection': 'keep-alive'} 
 body=None 
 </msg>
<msg time="2024-06-14T08:18:31.112597" level="INFO">GET Response : url=https://randomuser.me/api 
 status=200, reason=OK 
 headers={'Date': 'Fri, 14 Jun 2024 08:18:31 GMT', 'Content-Type': 'application/json; charset=utf-8', 'Transfer-Encoding': 'chunked', 'Connection': 'keep-alive', 'X-Powered-By': 'Express', 'Access-Control-Allow-Origin': '*', 'Cache-Control': 'no-cache', 'ETag': 'W/"46d-KicMAcuCz26XcT3+xTGkBuDmP3A"', 'Vary': 'Accept-Encoding', 'Content-Encoding': 'gzip', 'CF-Cache-Status': 'DYNAMIC', 'Report-To': '{"endpoints":[{"url":"https:\\/\\/a.nel.cloudflare.com\\/report\\/v4?s=ZtKxlPj1vVbsbruwUtp48wb%2B8%2F3DUv%2FoZpfA2pbVyvwRRsvsJpVQZbFzgUz3fZTGytpJxmS5Z1wnpqHHquZAsbbZAaCkgtnJNA9zqan2I1rF9SuPkSFHb6we%2B4TLZZwE"}],"group":"cf-nel","max_age":604800}', 'NEL': '{"success_fraction":0,"report_to":"cf-nel","max_age":604800}', 'Server': 'cloudflare', 'CF-RAY': '8938e3e028e5577c-IAD', 'alt-svc': 'h3=":443"; ma=86400'} 
 body={"results":[{"gender":"male","name":{"title":"Mr","first":"Tim","last":"Lynch"},"location":{"street":{"number":900,"name":"The Avenue"},"city":"Carrick-on-Shannon","state":"Westmeath","country":"Ireland","postcode":60641,"coordinates":{"latitude":"-1.4868","longitude":"-128.6225"},"timezone":{"offset":"+3:30","description":"Tehran"}},"email":"tim.lynch@example.com","login":{"uuid":"e891d2e9-cc3a-4e81-b07c-065bb012201f","username":"heavyrabbit101","password":"555555","salt":"XVnO4FfT","md5":"78ca96c518fa546428f5253ec7ad294a","sha1":"bf49e8396a179ff012adda65d337603b5b81b907","sha256":"750c931feab076deb72661f19479ae11191c7a486c7d2932c78e9ed26689d440"},"dob":{"date":"1967-04-18T22:30:41.145Z","age":57},"registered":{"date":"2009-05-22T05:18:08.577Z","age":15},"phone":"051-001-1019","cell":"081-620-5168","id":{"name":"PPS","value":"2064847T"},"picture":{"large":"https://randomuser.me/api/portraits/men/72.jpg","medium":"https://randomuser.me/api/portraits/med/men/72.jpg","thumbnail":"https://randomuser.me/api/portraits/thumb/men/72.jpg"},"nat":"IE"}],"info":{"seed":"0ef91e37a59a38ab","results":1,"page":1,"version":"1.4"}} 
 </msg>
<msg time="2024-06-14T08:18:31.112677" level="INFO">/opt/hostedtoolcache/Python/3.12.3/x64/lib/python3.12/site-packages/urllib3/connectionpool.py:1103: InsecureRequestWarning: Unverified HTTPS request is being made to host 'randomuser.me'. Adding certificate verification is strongly advised. See: https://urllib3.readthedocs.io/en/latest/advanced-usage.html#tls-warnings
  warnings.warn(</msg>
<msg time="2024-06-14T08:18:31.112828" level="INFO">${response} = &lt;Response [200]&gt;</msg>
<var>${response}</var>
<arg>consultarAPI</arg>
<arg>/api</arg>
<doc>Sends a GET request on a previously created HTTP Session.</doc>
<status status="PASS" start="2024-06-14T08:18:30.930129" elapsed="0.182730"/>
</kw>
<kw name="Should Be Equal As Numbers" owner="BuiltIn">
<msg time="2024-06-14T08:18:31.113814" level="INFO">Argument types are:
&lt;class 'int'&gt;
&lt;class 'str'&gt;</msg>
<arg>${response.status_code}</arg>
<arg>200</arg>
<doc>Fails if objects are unequal after converting them to real numbers.</doc>
<status status="PASS" start="2024-06-14T08:18:31.113376" elapsed="0.000501"/>
</kw>
<kw name="Log" owner="BuiltIn">
<msg time="2024-06-14T08:18:31.114563" level="INFO">200</msg>
<arg>${response.status_code}</arg>
<doc>Logs the given message with the given level.</doc>
<status status="PASS" start="2024-06-14T08:18:31.114183" elapsed="0.000428"/>
</kw>
<kw name="Set Variable" owner="BuiltIn">
<msg time="2024-06-14T08:18:31.115338" level="INFO">${json_data} = {'results': [{'gender': 'male', 'name': {'title': 'Mr', 'first': 'Tim', 'last': 'Lynch'}, 'location': {'street': {'number': 900, 'name': 'The Avenue'}, 'city': 'Carrick-on-Shannon', 'state': 'Westmeat...</msg>
<var>${json_data}</var>
<arg>${response.json()}</arg>
<doc>Returns the given values which can then be assigned to a variables.</doc>
<status status="PASS" start="2024-06-14T08:18:31.114911" elapsed="0.000455"/>
</kw>
<kw name="Dictionary Should Contain Key" owner="Collections">
<arg>${json_data}</arg>
<arg>results</arg>
<doc>Fails if ``key`` is not found from ``dictionary``.</doc>
<status status="PASS" start="2024-06-14T08:18:31.115659" elapsed="0.000159"/>
</kw>
<status status="PASS" start="2024-06-14T08:18:30.929860" elapsed="0.186113"/>
</kw>
<doc>Testa se a API responde corretamente e retorna um objeto JSON válido.</doc>
<tag>testeRequisicaoBasica</tag>
<status status="PASS" start="2024-06-14T08:18:30.929306" elapsed="0.186839"/>
</test>
<test id="s1-s1-t3" name="Validar estrutura de resposta" line="22">
<kw name="Teste de Estrutura de Resposta" owner="random-user-service">
<kw name="GET On Session" owner="RequestsLibrary">
<msg time="2024-06-14T08:18:31.285216" level="INFO">GET Request : url=https://randomuser.me/api 
 path_url=/api 
 headers={'User-Agent': 'python-requests/2.32.3', 'Accept-Encoding': 'gzip, deflate', 'Accept': '*/*', 'Connection': 'keep-alive'} 
 body=None 
 </msg>
<msg time="2024-06-14T08:18:31.285316" level="INFO">GET Response : url=https://randomuser.me/api 
 status=200, reason=OK 
 headers={'Date': 'Fri, 14 Jun 2024 08:18:31 GMT', 'Content-Type': 'application/json; charset=utf-8', 'Transfer-Encoding': 'chunked', 'Connection': 'keep-alive', 'X-Powered-By': 'Express', 'Access-Control-Allow-Origin': '*', 'Cache-Control': 'no-cache', 'ETag': 'W/"4a5-H45jlhxbVpfDLiCRQzMsHuqNqyE"', 'Vary': 'Accept-Encoding', 'Content-Encoding': 'gzip', 'CF-Cache-Status': 'DYNAMIC', 'Report-To': '{"endpoints":[{"url":"https:\\/\\/a.nel.cloudflare.com\\/report\\/v4?s=u6UHun66gbSV9MaLFJvo8zBec%2FUPrZMtQ0OlN0lKICXa93pGmovVZFRdTz2qBoXqSveXaZz5zXJ3cwskC2%2F26ffvDd5fgHbveHMaTjDCzg3B7fw%2FKPkQNY2ECFbRb8R8"}],"group":"cf-nel","max_age":604800}', 'NEL': '{"success_fraction":0,"report_to":"cf-nel","max_age":604800}', 'Server': 'cloudflare', 'CF-RAY': '8938e3e07918577c-IAD', 'alt-svc': 'h3=":443"; ma=86400'} 
 body={"results":[{"gender":"female","name":{"title":"Miss","first":"Jeanne","last":"Aubert"},"location":{"street":{"number":9121,"name":"Rue Bony"},"city":"Besançon","state":"Pas-de-Calais","country":"France","postcode":72537,"coordinates":{"latitude":"-14.7053","longitude":"164.5910"},"timezone":{"offset":"+11:00","description":"Magadan, Solomon Islands, New Caledonia"}},"email":"jeanne.aubert@example.com","login":{"uuid":"701fe62c-b626-4ece-85d2-5a480f9a748d","username":"blackfrog679","password":"snickers","salt":"zjy4U5Vw","md5":"3c24376da3a2b849ff18dfe362eec084","sha1":"bb7fc6e485135068ef44be6c6faef102d57a3d84","sha256":"3e2410eed83f34527cc4303a7c51a0fa5eacf220e4f1cde7601619774e047011"},"dob":{"date":"1961-06-22T23:19:07.007Z","age":62},"registered":{"date":"2012-10-23T21:07:56.676Z","age":11},"phone":"05-66-42-58-21","cell":"06-70-13-83-24","id":{"name":"INSEE","value":"2610535342877 41"},"picture":{"large":"https://randomuser.me/api/portraits/women/5.jpg","medium":"https://randomuser.me/api/portraits/med/women/5.jpg","thumbnail":"https://randomuser.me/api/portraits/thumb/women/5.jpg"},"nat":"FR"}],"info":{"seed":"ddcadd4db0d061d0","results":1,"page":1,"version":"1.4"}} 
 </msg>
<msg time="2024-06-14T08:18:31.285451" level="INFO">/opt/hostedtoolcache/Python/3.12.3/x64/lib/python3.12/site-packages/urllib3/connectionpool.py:1103: InsecureRequestWarning: Unverified HTTPS request is being made to host 'randomuser.me'. Adding certificate verification is strongly advised. See: https://urllib3.readthedocs.io/en/latest/advanced-usage.html#tls-warnings
  warnings.warn(</msg>
<msg time="2024-06-14T08:18:31.285598" level="INFO">${response} = &lt;Response [200]&gt;</msg>
<var>${response}</var>
<arg>consultarAPI</arg>
<arg>/api</arg>
<doc>Sends a GET request on a previously created HTTP Session.</doc>
<status status="PASS" start="2024-06-14T08:18:31.118798" elapsed="0.166844"/>
</kw>
<kw name="Set Variable" owner="BuiltIn">
<msg time="2024-06-14T08:18:31.286710" level="INFO">${json_data} = {'results': [{'gender': 'female', 'name': {'title': 'Miss', 'first': 'Jeanne', 'last': 'Aubert'}, 'location': {'street': {'number': 9121, 'name': 'Rue Bony'}, 'city': 'Besançon', 'state': 'Pas-de-Cala...</msg>
<var>${json_data}</var>
<arg>${response.json()}</arg>
<doc>Returns the given values which can then be assigned to a variables.</doc>
<status status="PASS" start="2024-06-14T08:18:31.286142" elapsed="0.000599"/>
</kw>
<kw name="Log" owner="BuiltIn">
<msg time="2024-06-14T08:18:31.287213" level="INFO">{'results': [{'gender': 'female', 'name': {'title': 'Miss', 'first': 'Jeanne', 'last': 'Aubert'}, 'location': {'street': {'number': 9121, 'name': 'Rue Bony'}, 'city': 'Besançon', 'state': 'Pas-de-Calais', 'country': 'France', 'postcode': 72537, 'coordinates': {'latitude': '-14.7053', 'longitude': '164.5910'}, 'timezone': {'offset': '+11:00', 'description': 'Magadan, Solomon Islands, New Caledonia'}}, 'email': 'jeanne.aubert@example.com', 'login': {'uuid': '701fe62c-b626-4ece-85d2-5a480f9a748d', 'username': 'blackfrog679', 'password': 'snickers', 'salt': 'zjy4U5Vw', 'md5': '3c24376da3a2b849ff18dfe362eec084', 'sha1': 'bb7fc6e485135068ef44be6c6faef102d57a3d84', 'sha256': '3e2410eed83f34527cc4303a7c51a0fa5eacf220e4f1cde7601619774e047011'}, 'dob': {'date': '1961-06-22T23:19:07.007Z', 'age': 62}, 'registered': {'date': '2012-10-23T21:07:56.676Z', 'age': 11}, 'phone': '05-66-42-58-21', 'cell': '06-70-13-83-24', 'id': {'name': 'INSEE', 'value': '2610535342877 41'}, 'picture': {'large': 'https://randomuser.me/api/portraits/women/5.jpg', 'medium': 'https://randomuser.me/api/portraits/med/women/5.jpg', 'thumbnail': 'https://randomuser.me/api/portraits/thumb/women/5.jpg'}, 'nat': 'FR'}], 'info': {'seed': 'ddcadd4db0d061d0', 'results': 1, 'page': 1, 'version': '1.4'}}</msg>
<arg>${json_data}</arg>
<doc>Logs the given message with the given level.</doc>
<status status="PASS" start="2024-06-14T08:18:31.287051" elapsed="0.000232"/>
</kw>
<kw name="Dictionary Should Contain Key" owner="Collections">
<arg>${json_data}</arg>
<arg>results</arg>
<doc>Fails if ``key`` is not found from ``dictionary``.</doc>
<status status="PASS" start="2024-06-14T08:18:31.287580" elapsed="0.000156"/>
</kw>
<kw name="Should Not Be Empty" owner="BuiltIn">
<msg time="2024-06-14T08:18:31.288049" level="INFO">Length is 2.</msg>
<arg>${json_data}</arg>
<doc>Verifies that the given item is not empty.</doc>
<status status="PASS" start="2024-06-14T08:18:31.287920" elapsed="0.000168"/>
</kw>
<kw name="Create List" owner="BuiltIn">
<msg time="2024-06-14T08:18:31.288556" level="INFO">${expected_keys} = ['gender', 'name', 'location', 'email', 'login']</msg>
<var>${expected_keys}</var>
<arg>gender</arg>
<arg>name</arg>
<arg>location</arg>
<arg>email</arg>
<arg>login</arg>
<doc>Returns a list containing given items.</doc>
<status status="PASS" start="2024-06-14T08:18:31.288407" elapsed="0.000172"/>
</kw>
<for flavor="IN">
<iter>
<kw name="Dictionary Should Contain Key" owner="Collections">
<arg>${json_data['results'][0]}</arg>
<arg>${key}</arg>
<doc>Fails if ``key`` is not found from ``dictionary``.</doc>
<status status="PASS" start="2024-06-14T08:18:31.289313" elapsed="0.000406"/>
</kw>
<kw name="Log" owner="BuiltIn">
<msg time="2024-06-14T08:18:31.290276" level="INFO">{'gender': 'female', 'name': {'title': 'Miss', 'first': 'Jeanne', 'last': 'Aubert'}, 'location': {'street': {'number': 9121, 'name': 'Rue Bony'}, 'city': 'Besançon', 'state': 'Pas-de-Calais', 'country': 'France', 'postcode': 72537, 'coordinates': {'latitude': '-14.7053', 'longitude': '164.5910'}, 'timezone': {'offset': '+11:00', 'description': 'Magadan, Solomon Islands, New Caledonia'}}, 'email': 'jeanne.aubert@example.com', 'login': {'uuid': '701fe62c-b626-4ece-85d2-5a480f9a748d', 'username': 'blackfrog679', 'password': 'snickers', 'salt': 'zjy4U5Vw', 'md5': '3c24376da3a2b849ff18dfe362eec084', 'sha1': 'bb7fc6e485135068ef44be6c6faef102d57a3d84', 'sha256': '3e2410eed83f34527cc4303a7c51a0fa5eacf220e4f1cde7601619774e047011'}, 'dob': {'date': '1961-06-22T23:19:07.007Z', 'age': 62}, 'registered': {'date': '2012-10-23T21:07:56.676Z', 'age': 11}, 'phone': '05-66-42-58-21', 'cell': '06-70-13-83-24', 'id': {'name': 'INSEE', 'value': '2610535342877 41'}, 'picture': {'large': 'https://randomuser.me/api/portraits/women/5.jpg', 'medium': 'https://randomuser.me/api/portraits/med/women/5.jpg', 'thumbnail': 'https://randomuser.me/api/portraits/thumb/women/5.jpg'}, 'nat': 'FR'}</msg>
<arg>${json_data['results'][0]}</arg>
<doc>Logs the given message with the given level.</doc>
<status status="PASS" start="2024-06-14T08:18:31.289906" elapsed="0.000439"/>
</kw>
<kw name="Log" owner="BuiltIn">
<msg time="2024-06-14T08:18:31.290777" level="INFO">gender</msg>
<arg>${key}</arg>
<doc>Logs the given message with the given level.</doc>
<status status="PASS" start="2024-06-14T08:18:31.290651" elapsed="0.000164"/>
</kw>
<var name="${key}">gender</var>
<status status="PASS" start="2024-06-14T08:18:31.289186" elapsed="0.001845"/>
</iter>
<iter>
<kw name="Dictionary Should Contain Key" owner="Collections">
<arg>${json_data['results'][0]}</arg>
<arg>${key}</arg>
<doc>Fails if ``key`` is not found from ``dictionary``.</doc>
<status status="PASS" start="2024-06-14T08:18:31.291330" elapsed="0.000381"/>
</kw>
<kw name="Log" owner="BuiltIn">
<msg time="2024-06-14T08:18:31.292295" level="INFO">{'gender': 'female', 'name': {'title': 'Miss', 'first': 'Jeanne', 'last': 'Aubert'}, 'location': {'street': {'number': 9121, 'name': 'Rue Bony'}, 'city': 'Besançon', 'state': 'Pas-de-Calais', 'country': 'France', 'postcode': 72537, 'coordinates': {'latitude': '-14.7053', 'longitude': '164.5910'}, 'timezone': {'offset': '+11:00', 'description': 'Magadan, Solomon Islands, New Caledonia'}}, 'email': 'jeanne.aubert@example.com', 'login': {'uuid': '701fe62c-b626-4ece-85d2-5a480f9a748d', 'username': 'blackfrog679', 'password': 'snickers', 'salt': 'zjy4U5Vw', 'md5': '3c24376da3a2b849ff18dfe362eec084', 'sha1': 'bb7fc6e485135068ef44be6c6faef102d57a3d84', 'sha256': '3e2410eed83f34527cc4303a7c51a0fa5eacf220e4f1cde7601619774e047011'}, 'dob': {'date': '1961-06-22T23:19:07.007Z', 'age': 62}, 'registered': {'date': '2012-10-23T21:07:56.676Z', 'age': 11}, 'phone': '05-66-42-58-21', 'cell': '06-70-13-83-24', 'id': {'name': 'INSEE', 'value': '2610535342877 41'}, 'picture': {'large': 'https://randomuser.me/api/portraits/women/5.jpg', 'medium': 'https://randomuser.me/api/portraits/med/women/5.jpg', 'thumbnail': 'https://randomuser.me/api/portraits/thumb/women/5.jpg'}, 'nat': 'FR'}</msg>
<arg>${json_data['results'][0]}</arg>
<doc>Logs the given message with the given level.</doc>
<status status="PASS" start="2024-06-14T08:18:31.291901" elapsed="0.000445"/>
</kw>
<kw name="Log" owner="BuiltIn">
<msg time="2024-06-14T08:18:31.292775" level="INFO">name</msg>
<arg>${key}</arg>
<doc>Logs the given message with the given level.</doc>
<status status="PASS" start="2024-06-14T08:18:31.292647" elapsed="0.000166"/>
</kw>
<var name="${key}">name</var>
<status status="PASS" start="2024-06-14T08:18:31.291217" elapsed="0.001812"/>
</iter>
<iter>
<kw name="Dictionary Should Contain Key" owner="Collections">
<arg>${json_data['results'][0]}</arg>
<arg>${key}</arg>
<doc>Fails if ``key`` is not found from ``dictionary``.</doc>
<status status="PASS" start="2024-06-14T08:18:31.293316" elapsed="0.000379"/>
</kw>
<kw name="Log" owner="BuiltIn">
<msg time="2024-06-14T08:18:31.294228" level="INFO">{'gender': 'female', 'name': {'title': 'Miss', 'first': 'Jeanne', 'last': 'Aubert'}, 'location': {'street': {'number': 9121, 'name': 'Rue Bony'}, 'city': 'Besançon', 'state': 'Pas-de-Calais', 'country': 'France', 'postcode': 72537, 'coordinates': {'latitude': '-14.7053', 'longitude': '164.5910'}, 'timezone': {'offset': '+11:00', 'description': 'Magadan, Solomon Islands, New Caledonia'}}, 'email': 'jeanne.aubert@example.com', 'login': {'uuid': '701fe62c-b626-4ece-85d2-5a480f9a748d', 'username': 'blackfrog679', 'password': 'snickers', 'salt': 'zjy4U5Vw', 'md5': '3c24376da3a2b849ff18dfe362eec084', 'sha1': 'bb7fc6e485135068ef44be6c6faef102d57a3d84', 'sha256': '3e2410eed83f34527cc4303a7c51a0fa5eacf220e4f1cde7601619774e047011'}, 'dob': {'date': '1961-06-22T23:19:07.007Z', 'age': 62}, 'registered': {'date': '2012-10-23T21:07:56.676Z', 'age': 11}, 'phone': '05-66-42-58-21', 'cell': '06-70-13-83-24', 'id': {'name': 'INSEE', 'value': '2610535342877 41'}, 'picture': {'large': 'https://randomuser.me/api/portraits/women/5.jpg', 'medium': 'https://randomuser.me/api/portraits/med/women/5.jpg', 'thumbnail': 'https://randomuser.me/api/portraits/thumb/women/5.jpg'}, 'nat': 'FR'}</msg>
<arg>${json_data['results'][0]}</arg>
<doc>Logs the given message with the given level.</doc>
<status status="PASS" start="2024-06-14T08:18:31.293878" elapsed="0.000399"/>
</kw>
<kw name="Log" owner="BuiltIn">
<msg time="2024-06-14T08:18:31.294728" level="INFO">location</msg>
<arg>${key}</arg>
<doc>Logs the given message with the given level.</doc>
<status status="PASS" start="2024-06-14T08:18:31.294603" elapsed="0.000162"/>
</kw>
<var name="${key}">location</var>
<status status="PASS" start="2024-06-14T08:18:31.293207" elapsed="0.001772"/>
</iter>
<iter>
<kw name="Dictionary Should Contain Key" owner="Collections">
<arg>${json_data['results'][0]}</arg>
<arg>${key}</arg>
<doc>Fails if ``key`` is not found from ``dictionary``.</doc>
<status status="PASS" start="2024-06-14T08:18:31.295259" elapsed="0.000387"/>
</kw>
<kw name="Log" owner="BuiltIn">
<msg time="2024-06-14T08:18:31.296174" level="INFO">{'gender': 'female', 'name': {'title': 'Miss', 'first': 'Jeanne', 'last': 'Aubert'}, 'location': {'street': {'number': 9121, 'name': 'Rue Bony'}, 'city': 'Besançon', 'state': 'Pas-de-Calais', 'country': 'France', 'postcode': 72537, 'coordinates': {'latitude': '-14.7053', 'longitude': '164.5910'}, 'timezone': {'offset': '+11:00', 'description': 'Magadan, Solomon Islands, New Caledonia'}}, 'email': 'jeanne.aubert@example.com', 'login': {'uuid': '701fe62c-b626-4ece-85d2-5a480f9a748d', 'username': 'blackfrog679', 'password': 'snickers', 'salt': 'zjy4U5Vw', 'md5': '3c24376da3a2b849ff18dfe362eec084', 'sha1': 'bb7fc6e485135068ef44be6c6faef102d57a3d84', 'sha256': '3e2410eed83f34527cc4303a7c51a0fa5eacf220e4f1cde7601619774e047011'}, 'dob': {'date': '1961-06-22T23:19:07.007Z', 'age': 62}, 'registered': {'date': '2012-10-23T21:07:56.676Z', 'age': 11}, 'phone': '05-66-42-58-21', 'cell': '06-70-13-83-24', 'id': {'name': 'INSEE', 'value': '2610535342877 41'}, 'picture': {'large': 'https://randomuser.me/api/portraits/women/5.jpg', 'medium': 'https://randomuser.me/api/portraits/med/women/5.jpg', 'thumbnail': 'https://randomuser.me/api/portraits/thumb/women/5.jpg'}, 'nat': 'FR'}</msg>
<arg>${json_data['results'][0]}</arg>
<doc>Logs the given message with the given level.</doc>
<status status="PASS" start="2024-06-14T08:18:31.295828" elapsed="0.000395"/>
</kw>
<kw name="Log" owner="BuiltIn">
<msg time="2024-06-14T08:18:31.296661" level="INFO">email</msg>
<arg>${key}</arg>
<doc>Logs the given message with the given level.</doc>
<status status="PASS" start="2024-06-14T08:18:31.296521" elapsed="0.000178"/>
</kw>
<var name="${key}">email</var>
<status status="PASS" start="2024-06-14T08:18:31.295150" elapsed="0.001763"/>
</iter>
<iter>
<kw name="Dictionary Should Contain Key" owner="Collections">
<arg>${json_data['results'][0]}</arg>
<arg>${key}</arg>
<doc>Fails if ``key`` is not found from ``dictionary``.</doc>
<status status="PASS" start="2024-06-14T08:18:31.297198" elapsed="0.000390"/>
</kw>
<kw name="Log" owner="BuiltIn">
<msg time="2024-06-14T08:18:31.298113" level="INFO">{'gender': 'female', 'name': {'title': 'Miss', 'first': 'Jeanne', 'last': 'Aubert'}, 'location': {'street': {'number': 9121, 'name': 'Rue Bony'}, 'city': 'Besançon', 'state': 'Pas-de-Calais', 'country': 'France', 'postcode': 72537, 'coordinates': {'latitude': '-14.7053', 'longitude': '164.5910'}, 'timezone': {'offset': '+11:00', 'description': 'Magadan, Solomon Islands, New Caledonia'}}, 'email': 'jeanne.aubert@example.com', 'login': {'uuid': '701fe62c-b626-4ece-85d2-5a480f9a748d', 'username': 'blackfrog679', 'password': 'snickers', 'salt': 'zjy4U5Vw', 'md5': '3c24376da3a2b849ff18dfe362eec084', 'sha1': 'bb7fc6e485135068ef44be6c6faef102d57a3d84', 'sha256': '3e2410eed83f34527cc4303a7c51a0fa5eacf220e4f1cde7601619774e047011'}, 'dob': {'date': '1961-06-22T23:19:07.007Z', 'age': 62}, 'registered': {'date': '2012-10-23T21:07:56.676Z', 'age': 11}, 'phone': '05-66-42-58-21', 'cell': '06-70-13-83-24', 'id': {'name': 'INSEE', 'value': '2610535342877 41'}, 'picture': {'large': 'https://randomuser.me/api/portraits/women/5.jpg', 'medium': 'https://randomuser.me/api/portraits/med/women/5.jpg', 'thumbnail': 'https://randomuser.me/api/portraits/thumb/women/5.jpg'}, 'nat': 'FR'}</msg>
<arg>${json_data['results'][0]}</arg>
<doc>Logs the given message with the given level.</doc>
<status status="PASS" start="2024-06-14T08:18:31.297772" elapsed="0.000388"/>
</kw>
<kw name="Log" owner="BuiltIn">
<msg time="2024-06-14T08:18:31.298613" level="INFO">login</msg>
<arg>${key}</arg>
<doc>Logs the given message with the given level.</doc>
<status status="PASS" start="2024-06-14T08:18:31.298486" elapsed="0.000164"/>
</kw>
<var name="${key}">login</var>
<status status="PASS" start="2024-06-14T08:18:31.297087" elapsed="0.001781"/>
</iter>
<var>${key}</var>
<value>@{expected_keys}</value>
<status status="PASS" start="2024-06-14T08:18:31.288994" elapsed="0.009993"/>
</for>
<kw name="Create List" owner="BuiltIn">
<msg time="2024-06-14T08:18:31.299353" level="INFO">${expected_keysTwo} = ['username', 'password']</msg>
<var>${expected_keysTwo}</var>
<arg>username</arg>
<arg>password</arg>
<doc>Returns a list containing given items.</doc>
<status status="PASS" start="2024-06-14T08:18:31.299209" elapsed="0.000168"/>
</kw>
<for flavor="IN">
<iter>
<kw name="Dictionary Should Contain Key" owner="Collections">
<arg>${json_data['results'][0]['login']}</arg>
<arg>${keyTwo}</arg>
<doc>Fails if ``key`` is not found from ``dictionary``.</doc>
<status status="PASS" start="2024-06-14T08:18:31.299874" elapsed="0.000395"/>
</kw>
<kw name="Dictionary Should Contain Key" owner="Collections">
<arg>${json_data['results'][0]['login']}</arg>
<arg>${keyTwo}</arg>
<doc>Fails if ``key`` is not found from ``dictionary``.</doc>
<status status="PASS" start="2024-06-14T08:18:31.300452" elapsed="0.000373"/>
</kw>
<kw name="Log" owner="BuiltIn">
<msg time="2024-06-14T08:18:31.301122" level="INFO">username</msg>
<arg>${keyTwo}</arg>
<doc>Logs the given message with the given level.</doc>
<status status="PASS" start="2024-06-14T08:18:31.301003" elapsed="0.000164"/>
</kw>
<var name="${keyTwo}">username</var>
<status status="PASS" start="2024-06-14T08:18:31.299768" elapsed="0.001621"/>
</iter>
<iter>
<kw name="Dictionary Should Contain Key" owner="Collections">
<arg>${json_data['results'][0]['login']}</arg>
<arg>${keyTwo}</arg>
<doc>Fails if ``key`` is not found from ``dictionary``.</doc>
<status status="PASS" start="2024-06-14T08:18:31.301673" elapsed="0.000384"/>
</kw>
<kw name="Dictionary Should Contain Key" owner="Collections">
<arg>${json_data['results'][0]['login']}</arg>
<arg>${keyTwo}</arg>
<doc>Fails if ``key`` is not found from ``dictionary``.</doc>
<status status="PASS" start="2024-06-14T08:18:31.302236" elapsed="0.000401"/>
</kw>
<kw name="Log" owner="BuiltIn">
<msg time="2024-06-14T08:18:31.302934" level="INFO">password</msg>
<arg>${keyTwo}</arg>
<doc>Logs the given message with the given level.</doc>
<status status="PASS" start="2024-06-14T08:18:31.302816" elapsed="0.000154"/>
</kw>
<var name="${keyTwo}">password</var>
<status status="PASS" start="2024-06-14T08:18:31.301566" elapsed="0.001628"/>
</iter>
<var>${keyTwo}</var>
<value>@{expected_keysTwo}</value>
<status status="PASS" start="2024-06-14T08:18:31.299614" elapsed="0.003699"/>
</for>
<status status="PASS" start="2024-06-14T08:18:31.118559" elapsed="0.184896"/>
</kw>
<doc>Testa a estrutura da resposta da API.</doc>
<tag>testeEstruturaResposta</tag>
<status status="PASS" start="2024-06-14T08:18:31.117949" elapsed="0.185667"/>
</test>
<test id="s1-s1-t4" name="Validar tipos de dados" line="28">
<kw name="Teste de Tipos de Dados" owner="random-user-service">
<kw name="GET On Session" owner="RequestsLibrary">
<msg time="2024-06-14T08:18:31.332226" level="INFO">GET Request : url=https://randomuser.me/api 
 path_url=/api 
 headers={'User-Agent': 'python-requests/2.32.3', 'Accept-Encoding': 'gzip, deflate', 'Accept': '*/*', 'Connection': 'keep-alive'} 
 body=None 
 </msg>
<msg time="2024-06-14T08:18:31.332306" level="INFO">GET Response : url=https://randomuser.me/api 
 status=200, reason=OK 
 headers={'Date': 'Fri, 14 Jun 2024 08:18:31 GMT', 'Content-Type': 'application/json; charset=utf-8', 'Transfer-Encoding': 'chunked', 'Connection': 'keep-alive', 'X-Powered-By': 'Express', 'Access-Control-Allow-Origin': '*', 'Cache-Control': 'no-cache', 'ETag': 'W/"48a-Pe9asmQ3KxBu/5l4v5jgmdREpyU"', 'Vary': 'Accept-Encoding', 'Content-Encoding': 'gzip', 'CF-Cache-Status': 'DYNAMIC', 'Report-To': '{"endpoints":[{"url":"https:\\/\\/a.nel.cloudflare.com\\/report\\/v4?s=dpUS8nBPzMZun690%2BR%2BBYH4Z0sjPsN%2FQrin9qPYmPPs2GvwvKxzrhgKBrPl4c2YTMTktW4hWN9u40kkXwVIWHtRagB%2BS04ImdCYtqVaEFin99G0f3SnkqGusIcenp5xD"}],"group":"cf-nel","max_age":604800}', 'NEL': '{"success_fraction":0,"report_to":"cf-nel","max_age":604800}', 'Server': 'cloudflare', 'CF-RAY': '8938e3e1a9de577c-IAD', 'alt-svc': 'h3=":443"; ma=86400'} 
 body={"results":[{"gender":"female","name":{"title":"Ms","first":"Neha","last":"Shah"},"location":{"street":{"number":2748,"name":"Bhavani Peth"},"city":"Bhavnagar","state":"Andhra Pradesh","country":"India","postcode":53072,"coordinates":{"latitude":"5.3206","longitude":"130.6087"},"timezone":{"offset":"+4:00","description":"Abu Dhabi, Muscat, Baku, Tbilisi"}},"email":"neha.shah@example.com","login":{"uuid":"7dd94120-7247-42c1-8392-6265d3e2e2f1","username":"blackkoala252","password":"model","salt":"ksCiUgco","md5":"83883a38072cfb7b8e33058c164c0d83","sha1":"34280a9529fd86af8a21ff7f5b12fb528e5eb667","sha256":"bac70b5e63147b8361be831ff581462e2d581200902342c3e325d516e892e5c2"},"dob":{"date":"1967-09-10T02:23:13.029Z","age":56},"registered":{"date":"2009-01-23T00:42:37.457Z","age":15},"phone":"7919190478","cell":"7494668519","id":{"name":"UIDAI","value":"919104341554"},"picture":{"large":"https://randomuser.me/api/portraits/women/80.jpg","medium":"https://randomuser.me/api/portraits/med/women/80.jpg","thumbnail":"https://randomuser.me/api/portraits/thumb/women/80.jpg"},"nat":"IN"}],"info":{"seed":"bebf292354301d0b","results":1,"page":1,"version":"1.4"}} 
 </msg>
<msg time="2024-06-14T08:18:31.332369" level="INFO">/opt/hostedtoolcache/Python/3.12.3/x64/lib/python3.12/site-packages/urllib3/connectionpool.py:1103: InsecureRequestWarning: Unverified HTTPS request is being made to host 'randomuser.me'. Adding certificate verification is strongly advised. See: https://urllib3.readthedocs.io/en/latest/advanced-usage.html#tls-warnings
  warnings.warn(</msg>
<msg time="2024-06-14T08:18:31.332489" level="INFO">${response} = &lt;Response [200]&gt;</msg>
<var>${response}</var>
<arg>consultarAPI</arg>
<arg>/api</arg>
<doc>Sends a GET request on a previously created HTTP Session.</doc>
<status status="PASS" start="2024-06-14T08:18:31.306148" elapsed="0.026382"/>
</kw>
<kw name="Set Variable" owner="BuiltIn">
<msg time="2024-06-14T08:18:31.333477" level="INFO">${json_data} = {'results': [{'gender': 'female', 'name': {'title': 'Ms', 'first': 'Neha', 'last': 'Shah'}, 'location': {'street': {'number': 2748, 'name': 'Bhavani Peth'}, 'city': 'Bhavnagar', 'state': 'Andhra Prade...</msg>
<var>${json_data}</var>
<arg>${response.json()}</arg>
<doc>Returns the given values which can then be assigned to a variables.</doc>
<status status="PASS" start="2024-06-14T08:18:31.332995" elapsed="0.000512"/>
</kw>
<kw name="Log" owner="BuiltIn">
<msg time="2024-06-14T08:18:31.333977" level="INFO">{'results': [{'gender': 'female', 'name': {'title': 'Ms', 'first': 'Neha', 'last': 'Shah'}, 'location': {'street': {'number': 2748, 'name': 'Bhavani Peth'}, 'city': 'Bhavnagar', 'state': 'Andhra Pradesh', 'country': 'India', 'postcode': 53072, 'coordinates': {'latitude': '5.3206', 'longitude': '130.6087'}, 'timezone': {'offset': '+4:00', 'description': 'Abu Dhabi, Muscat, Baku, Tbilisi'}}, 'email': 'neha.shah@example.com', 'login': {'uuid': '7dd94120-7247-42c1-8392-6265d3e2e2f1', 'username': 'blackkoala252', 'password': 'model', 'salt': 'ksCiUgco', 'md5': '83883a38072cfb7b8e33058c164c0d83', 'sha1': '34280a9529fd86af8a21ff7f5b12fb528e5eb667', 'sha256': 'bac70b5e63147b8361be831ff581462e2d581200902342c3e325d516e892e5c2'}, 'dob': {'date': '1967-09-10T02:23:13.029Z', 'age': 56}, 'registered': {'date': '2009-01-23T00:42:37.457Z', 'age': 15}, 'phone': '7919190478', 'cell': '7494668519', 'id': {'name': 'UIDAI', 'value': '919104341554'}, 'picture': {'large': 'https://randomuser.me/api/portraits/women/80.jpg', 'medium': 'https://randomuser.me/api/portraits/med/women/80.jpg', 'thumbnail': 'https://randomuser.me/api/portraits/thumb/women/80.jpg'}, 'nat': 'IN'}], 'info': {'seed': 'bebf292354301d0b', 'results': 1, 'page': 1, 'version': '1.4'}}</msg>
<arg>${json_data}</arg>
<doc>Logs the given message with the given level.</doc>
<status status="PASS" start="2024-06-14T08:18:31.333815" elapsed="0.000209"/>
</kw>
<kw name="Should Be String" owner="String">
<arg>${json_data['results'][0]['gender']}</arg>
<doc>Fails if the given ``item`` is not a string.</doc>
<status status="PASS" start="2024-06-14T08:18:31.334310" elapsed="0.000416"/>
</kw>
<kw name="Should Match Regexp" owner="BuiltIn">
<arg>${json_data['results'][0]['email']}</arg>
<arg>^[a-zA-Z0-9._%+-]+@[a-zA-Z0-9.-]+\.[a-zA-Z]{2,}$</arg>
<doc>Fails if ``string`` does not match ``pattern`` as a regular expression.</doc>
<status status="PASS" start="2024-06-14T08:18:31.334949" elapsed="0.000512"/>
</kw>
<kw name="Should Match Regexp" owner="BuiltIn">
<arg>${json_data['results'][0]['dob']['date']}</arg>
<arg>\\d{4}-\\d{2}-\\d{2}T\\d{2}:\\d{2}:\\d{2}\\.\\d{3}Z</arg>
<doc>Fails if ``string`` does not match ``pattern`` as a regular expression.</doc>
<status status="PASS" start="2024-06-14T08:18:31.335652" elapsed="0.000473"/>
</kw>
<kw name="Should Match Regexp" owner="BuiltIn">
<arg>${json_data['results'][0]['registered']['date']}</arg>
<arg>\\d{4}-\\d{2}-\\d{2}T\\d{2}:\\d{2}:\\d{2}\\.\\d{3}Z</arg>
<doc>Fails if ``string`` does not match ``pattern`` as a regular expression.</doc>
<status status="PASS" start="2024-06-14T08:18:31.336312" elapsed="0.000366"/>
</kw>
<kw name="Should Match Regexp" owner="BuiltIn">
<arg>${json_data['results'][0]['picture']['large']}</arg>
<arg>^https?://.*\.(?:png|jpe?g|gif|bmp)$</arg>
<doc>Fails if ``string`` does not match ``pattern`` as a regular expression.</doc>
<status status="PASS" start="2024-06-14T08:18:31.336862" elapsed="0.000448"/>
</kw>
<kw name="Should Match Regexp" owner="BuiltIn">
<arg>${json_data['results'][0]['picture']['medium']}</arg>
<arg>^https?://.*\.(?:png|jpe?g|gif|bmp)$</arg>
<doc>Fails if ``string`` does not match ``pattern`` as a regular expression.</doc>
<status status="PASS" start="2024-06-14T08:18:31.337496" elapsed="0.000354"/>
</kw>
<kw name="Should Match Regexp" owner="BuiltIn">
<arg>${json_data['results'][0]['picture']['thumbnail']}</arg>
<arg>^https?://.*\.(?:png|jpe?g|gif|bmp)$</arg>
<doc>Fails if ``string`` does not match ``pattern`` as a regular expression.</doc>
<status status="PASS" start="2024-06-14T08:18:31.338031" elapsed="0.000380"/>
</kw>
<kw name="Log" owner="BuiltIn">
<msg time="2024-06-14T08:18:31.338931" level="INFO">{'large': 'https://randomuser.me/api/portraits/women/80.jpg', 'medium': 'https://randomuser.me/api/portraits/med/women/80.jpg', 'thumbnail': 'https://randomuser.me/api/portraits/thumb/women/80.jpg'}</msg>
<arg>${json_data['results'][0]['picture']}</arg>
<doc>Logs the given message with the given level.</doc>
<status status="PASS" start="2024-06-14T08:18:31.338605" elapsed="0.000369"/>
</kw>
<status status="PASS" start="2024-06-14T08:18:31.305919" elapsed="0.033313"/>
</kw>
<kw name="Teste de Tipos de Dados - Postcode" owner="random-user-service">
<kw name="GET On Session" owner="RequestsLibrary">
<msg time="2024-06-14T08:18:31.442586" level="INFO">GET Request : url=https://randomuser.me/api 
 path_url=/api 
 headers={'User-Agent': 'python-requests/2.32.3', 'Accept-Encoding': 'gzip, deflate', 'Accept': '*/*', 'Connection': 'keep-alive'} 
 body=None 
 </msg>
<msg time="2024-06-14T08:18:31.442682" level="INFO">GET Response : url=https://randomuser.me/api 
 status=200, reason=OK 
 headers={'Date': 'Fri, 14 Jun 2024 08:18:31 GMT', 'Content-Type': 'application/json; charset=utf-8', 'Transfer-Encoding': 'chunked', 'Connection': 'keep-alive', 'X-Powered-By': 'Express', 'Access-Control-Allow-Origin': '*', 'Cache-Control': 'no-cache', 'ETag': 'W/"4a9-VxB5AsJzRJmG0bDtBkPTn0cwK88"', 'Vary': 'Accept-Encoding', 'Content-Encoding': 'gzip', 'CF-Cache-Status': 'DYNAMIC', 'Report-To': '{"endpoints":[{"url":"https:\\/\\/a.nel.cloudflare.com\\/report\\/v4?s=WnKDbiEGeqRMAk6s%2BcnxDpSEm627wBsKzXmmLvRk6344XtfYIlBZ1SUPUnpRhM2XuIgIcwJqf5A1KjRSeJ13YY8sTetqy2X1JOhWGVT0E87tSu0Ibrd6bN4%2F3btzCPuF"}],"group":"cf-nel","max_age":604800}', 'NEL': '{"success_fraction":0,"report_to":"cf-nel","max_age":604800}', 'Server': 'cloudflare', 'CF-RAY': '8938e3e1e9fa577c-IAD', 'alt-svc': 'h3=":443"; ma=86400'} 
 body={"results":[{"gender":"female","name":{"title":"Miss","first":"Brigitte","last":"Wiebe"},"location":{"street":{"number":9273,"name":"Eichenweg"},"city":"Gersthofen","state":"Nordrhein-Westfalen","country":"Germany","postcode":73463,"coordinates":{"latitude":"-52.6656","longitude":"54.8358"},"timezone":{"offset":"+8:00","description":"Beijing, Perth, Singapore, Hong Kong"}},"email":"brigitte.wiebe@example.com","login":{"uuid":"2f4de449-bf37-4678-90b7-478aa4c5806e","username":"lazyelephant511","password":"prowler","salt":"7oExCIga","md5":"77e1ceafb79f01c68907768765fd8b52","sha1":"8491db9e19e36f700d7fc708298d5e1ec8ba62b3","sha256":"6c8f3e0645ae8835aa2f4884b4006911320446580dc691752d6cf7edc3b3a27f"},"dob":{"date":"1974-07-11T00:54:25.878Z","age":49},"registered":{"date":"2015-10-03T21:38:33.678Z","age":8},"phone":"0383-5049139","cell":"0178-6406198","id":{"name":"SVNR","value":"89 100774 W 928"},"picture":{"large":"https://randomuser.me/api/portraits/women/63.jpg","medium":"https://randomuser.me/api/portraits/med/women/63.jpg","thumbnail":"https://randomuser.me/api/portraits/thumb/women/63.jpg"},"nat":"DE"}],"info":{"seed":"52fa1d6307fc9799","results":1,"page":1,"version":"1.4"}} 
 </msg>
<msg time="2024-06-14T08:18:31.442753" level="INFO">/opt/hostedtoolcache/Python/3.12.3/x64/lib/python3.12/site-packages/urllib3/connectionpool.py:1103: InsecureRequestWarning: Unverified HTTPS request is being made to host 'randomuser.me'. Adding certificate verification is strongly advised. See: https://urllib3.readthedocs.io/en/latest/advanced-usage.html#tls-warnings
  warnings.warn(</msg>
<msg time="2024-06-14T08:18:31.442870" level="INFO">${response} = &lt;Response [200]&gt;</msg>
<var>${response}</var>
<arg>consultarAPI</arg>
<arg>/api</arg>
<doc>Sends a GET request on a previously created HTTP Session.</doc>
<status status="PASS" start="2024-06-14T08:18:31.339685" elapsed="0.103211"/>
</kw>
<kw name="Set Variable" owner="BuiltIn">
<msg time="2024-06-14T08:18:31.443958" level="INFO">${json_data} = {'results': [{'gender': 'female', 'name': {'title': 'Miss', 'first': 'Brigitte', 'last': 'Wiebe'}, 'location': {'street': {'number': 9273, 'name': 'Eichenweg'}, 'city': 'Gersthofen', 'state': 'Nordrhe...</msg>
<var>${json_data}</var>
<arg>${response.json()}</arg>
<doc>Returns the given values which can then be assigned to a variables.</doc>
<status status="PASS" start="2024-06-14T08:18:31.443432" elapsed="0.000556"/>
</kw>
<kw name="Log" owner="BuiltIn">
<msg time="2024-06-14T08:18:31.444456" level="INFO">{'results': [{'gender': 'female', 'name': {'title': 'Miss', 'first': 'Brigitte', 'last': 'Wiebe'}, 'location': {'street': {'number': 9273, 'name': 'Eichenweg'}, 'city': 'Gersthofen', 'state': 'Nordrhein-Westfalen', 'country': 'Germany', 'postcode': 73463, 'coordinates': {'latitude': '-52.6656', 'longitude': '54.8358'}, 'timezone': {'offset': '+8:00', 'description': 'Beijing, Perth, Singapore, Hong Kong'}}, 'email': 'brigitte.wiebe@example.com', 'login': {'uuid': '2f4de449-bf37-4678-90b7-478aa4c5806e', 'username': 'lazyelephant511', 'password': 'prowler', 'salt': '7oExCIga', 'md5': '77e1ceafb79f01c68907768765fd8b52', 'sha1': '8491db9e19e36f700d7fc708298d5e1ec8ba62b3', 'sha256': '6c8f3e0645ae8835aa2f4884b4006911320446580dc691752d6cf7edc3b3a27f'}, 'dob': {'date': '1974-07-11T00:54:25.878Z', 'age': 49}, 'registered': {'date': '2015-10-03T21:38:33.678Z', 'age': 8}, 'phone': '0383-5049139', 'cell': '0178-6406198', 'id': {'name': 'SVNR', 'value': '89 100774 W 928'}, 'picture': {'large': 'https://randomuser.me/api/portraits/women/63.jpg', 'medium': 'https://randomuser.me/api/portraits/med/women/63.jpg', 'thumbnail': 'https://randomuser.me/api/portraits/thumb/women/63.jpg'}, 'nat': 'DE'}], 'info': {'seed': '52fa1d6307fc9799', 'results': 1, 'page': 1, 'version': '1.4'}}</msg>
<arg>${json_data}</arg>
<doc>Logs the given message with the given level.</doc>
<status status="PASS" start="2024-06-14T08:18:31.444298" elapsed="0.000208"/>
</kw>
<kw name="Should Be Equal As Numbers" owner="BuiltIn">
<arg>${json_data['results'][0]['location']['postcode']}</arg>
<arg>${json_data['results'][0]['location']['postcode']}</arg>
<doc>Fails if objects are unequal after converting them to real numbers.</doc>
<status status="PASS" start="2024-06-14T08:18:31.444804" elapsed="0.000623"/>
</kw>
<kw name="Log" owner="BuiltIn">
<msg time="2024-06-14T08:18:31.446002" level="INFO">73463</msg>
<arg>${json_data['results'][0]['location']['postcode']}</arg>
<doc>Logs the given message with the given level.</doc>
<status status="PASS" start="2024-06-14T08:18:31.445658" elapsed="0.000386"/>
</kw>
<status status="PASS" start="2024-06-14T08:18:31.339459" elapsed="0.106842"/>
</kw>
<doc>Testa se os tipos de dados na resposta da API estão corretos.</doc>
<tag>testeTiposDados</tag>
<status status="PASS" start="2024-06-14T08:18:31.305334" elapsed="0.141195"/>
</test>
<test id="s1-s1-t5" name="Validar conteudo" line="35">
<kw name="Teste de Tipos de Conteudo" owner="random-user-service">
<kw name="GET On Session" owner="RequestsLibrary">
<msg time="2024-06-14T08:18:31.537766" level="INFO">GET Request : url=https://randomuser.me/api 
 path_url=/api 
 headers={'User-Agent': 'python-requests/2.32.3', 'Accept-Encoding': 'gzip, deflate', 'Accept': '*/*', 'Connection': 'keep-alive'} 
 body=None 
 </msg>
<msg time="2024-06-14T08:18:31.537875" level="INFO">GET Response : url=https://randomuser.me/api 
 status=200, reason=OK 
 headers={'Date': 'Fri, 14 Jun 2024 08:18:31 GMT', 'Content-Type': 'application/json; charset=utf-8', 'Transfer-Encoding': 'chunked', 'Connection': 'keep-alive', 'X-Powered-By': 'Express', 'Access-Control-Allow-Origin': '*', 'Cache-Control': 'no-cache', 'ETag': 'W/"4a3-3KIPKOe/060f8ciUvK/pdhykY4E"', 'Vary': 'Accept-Encoding', 'Content-Encoding': 'gzip', 'CF-Cache-Status': 'DYNAMIC', 'Report-To': '{"endpoints":[{"url":"https:\\/\\/a.nel.cloudflare.com\\/report\\/v4?s=uDq%2FWOORjvU1Zj7vMk29rvnFTeNMl2wQm1FAk1s%2BkN7aDq55QRmnKrd2FSbDzEj7G8%2F7p7VD0K%2FIGttH8bK7NpxGzqbIABsnhRli3WS19mHCt0q0cO%2BbjjXoZkTAYz9H"}],"group":"cf-nel","max_age":604800}', 'NEL': '{"success_fraction":0,"report_to":"cf-nel","max_age":604800}', 'Server': 'cloudflare', 'CF-RAY': '8938e3e28a69577c-IAD', 'alt-svc': 'h3=":443"; ma=86400'} 
 body={"results":[{"gender":"female","name":{"title":"Ms","first":"Deeksha","last":"Chiplunkar"},"location":{"street":{"number":9724,"name":"Gandhi Maidan Marg"},"city":"Thiruvananthapuram","state":"Chhattisgarh","country":"India","postcode":17820,"coordinates":{"latitude":"12.5401","longitude":"103.7856"},"timezone":{"offset":"-11:00","description":"Midway Island, Samoa"}},"email":"deeksha.chiplunkar@example.com","login":{"uuid":"23e0f5e2-1e92-41e8-97d3-134157d73925","username":"bluebutterfly313","password":"smiley","salt":"3Jif6F3B","md5":"de2e005abdfa2f83094fcb82e0fcdbd1","sha1":"f0a1d759d9bb7010c2e76ee2be088f73976ea920","sha256":"f5f544a9de33d3f3a2ea1635e23c9f4842ee8d69327f78420b8d7dd3d48a1d17"},"dob":{"date":"1959-03-04T15:16:48.131Z","age":65},"registered":{"date":"2004-09-13T12:51:49.078Z","age":19},"phone":"8842513529","cell":"8520260343","id":{"name":"UIDAI","value":"995022889493"},"picture":{"large":"https://randomuser.me/api/portraits/women/35.jpg","medium":"https://randomuser.me/api/portraits/med/women/35.jpg","thumbnail":"https://randomuser.me/api/portraits/thumb/women/35.jpg"},"nat":"IN"}],"info":{"seed":"b94bfa22975fcfa3","results":1,"page":1,"version":"1.4"}} 
 </msg>
<msg time="2024-06-14T08:18:31.537972" level="INFO">/opt/hostedtoolcache/Python/3.12.3/x64/lib/python3.12/site-packages/urllib3/connectionpool.py:1103: InsecureRequestWarning: Unverified HTTPS request is being made to host 'randomuser.me'. Adding certificate verification is strongly advised. See: https://urllib3.readthedocs.io/en/latest/advanced-usage.html#tls-warnings
  warnings.warn(</msg>
<msg time="2024-06-14T08:18:31.538106" level="INFO">${response} = &lt;Response [200]&gt;</msg>
<var>${response}</var>
<arg>consultarAPI</arg>
<arg>/api</arg>
<doc>Sends a GET request on a previously created HTTP Session.</doc>
<status status="PASS" start="2024-06-14T08:18:31.449146" elapsed="0.089006"/>
</kw>
<kw name="Set Variable" owner="BuiltIn">
<msg time="2024-06-14T08:18:31.539216" level="INFO">${json_data} = {'results': [{'gender': 'female', 'name': {'title': 'Ms', 'first': 'Deeksha', 'last': 'Chiplunkar'}, 'location': {'street': {'number': 9724, 'name': 'Gandhi Maidan Marg'}, 'city': 'Thiruvananthapuram'...</msg>
<var>${json_data}</var>
<arg>${response.json()}</arg>
<doc>Returns the given values which can then be assigned to a variables.</doc>
<status status="PASS" start="2024-06-14T08:18:31.538713" elapsed="0.000532"/>
</kw>
<kw name="Set Variable" owner="BuiltIn">
<msg time="2024-06-14T08:18:31.539928" level="INFO">${name_title} = Ms</msg>
<var>${name_title}</var>
<arg>${json_data["results"][0]["name"]["title"]}</arg>
<doc>Returns the given values which can then be assigned to a variables.</doc>
<status status="PASS" start="2024-06-14T08:18:31.539549" elapsed="0.000404"/>
</kw>
<kw name="Create List" owner="BuiltIn">
<msg time="2024-06-14T08:18:31.540399" level="INFO">${allowed_titles} = ['Mr', 'Ms', 'Miss', 'Mrs', 'Madame', 'Monsieur']</msg>
<var>${allowed_titles}</var>
<arg>Mr</arg>
<arg>Ms</arg>
<arg>Miss</arg>
<arg>Mrs</arg>
<arg>Madame</arg>
<arg>Monsieur</arg>
<doc>Returns a list containing given items.</doc>
<status status="PASS" start="2024-06-14T08:18:31.540249" elapsed="0.000174"/>
</kw>
<kw name="List Should Contain Value" owner="Collections">
<arg>${allowed_titles}</arg>
<arg>${name_title}</arg>
<doc>Fails if the ``value`` is not found from ``list``.</doc>
<status status="PASS" start="2024-06-14T08:18:31.540726" elapsed="0.000179"/>
</kw>
<kw name="Set Variable" owner="BuiltIn">
<msg time="2024-06-14T08:18:31.541447" level="INFO">${name_country} = IN</msg>
<var>${name_country}</var>
<arg>${json_data["results"][0]["nat"]}</arg>
<doc>Returns the given values which can then be assigned to a variables.</doc>
<status status="PASS" start="2024-06-14T08:18:31.541084" elapsed="0.000388"/>
</kw>
<kw name="Create List" owner="BuiltIn">
<msg time="2024-06-14T08:18:31.542385" level="INFO">${list_country} = ['AD', 'AE', 'AF', 'AG', 'AI', 'AL', 'AM', 'AO', 'AQ', 'AR', 'AS', 'AT', 'AU', 'AW', 'AX', 'AZ', 'BA', 'BB', 'BD', 'BE', 'BF', 'BG', 'BH', 'BI', 'BJ', 'BL', 'BM', 'BN', 'BO', 'BQ', 'BR', 'BS', 'BT', '...</msg>
<var>${list_country}</var>
<arg>AD</arg>
<arg>AE</arg>
<arg>AF</arg>
<arg>AG</arg>
<arg>AI</arg>
<arg>AL</arg>
<arg>AM</arg>
<arg>AO</arg>
<arg>AQ</arg>
<arg>AR</arg>
<arg>AS</arg>
<arg>AT</arg>
<arg>AU</arg>
<arg>AW</arg>
<arg>AX</arg>
<arg>AZ</arg>
<arg>BA</arg>
<arg>BB</arg>
<arg>BD</arg>
<arg>BE</arg>
<arg>BF</arg>
<arg>BG</arg>
<arg>BH</arg>
<arg>BI</arg>
<arg>BJ</arg>
<arg>BL</arg>
<arg>BM</arg>
<arg>BN</arg>
<arg>BO</arg>
<arg>BQ</arg>
<arg>BR</arg>
<arg>BS</arg>
<arg>BT</arg>
<arg>BV</arg>
<arg>BW</arg>
<arg>BY</arg>
<arg>BZ</arg>
<arg>CA</arg>
<arg>CC</arg>
<arg>CD</arg>
<arg>CF</arg>
<arg>CG</arg>
<arg>CH</arg>
<arg>CI</arg>
<arg>CK</arg>
<arg>CL</arg>
<arg>CM</arg>
<arg>CN</arg>
<arg>CO</arg>
<arg>CR</arg>
<arg>CU</arg>
<arg>CV</arg>
<arg>CW</arg>
<arg>CX</arg>
<arg>CY</arg>
<arg>CZ</arg>
<arg>DE</arg>
<arg>DJ</arg>
<arg>DK</arg>
<arg>DM</arg>
<arg>DO</arg>
<arg>DZ</arg>
<arg>EC</arg>
<arg>EE</arg>
<arg>EG</arg>
<arg>EH</arg>
<arg>ER</arg>
<arg>ES</arg>
<arg>ET</arg>
<arg>FI</arg>
<arg>FJ</arg>
<arg>FK</arg>
<arg>FM</arg>
<arg>FO</arg>
<arg>FR</arg>
<arg>GA</arg>
<arg>GB</arg>
<arg>GD</arg>
<arg>GE</arg>
<arg>GF</arg>
<arg>GG</arg>
<arg>GH</arg>
<arg>GI</arg>
<arg>GL</arg>
<arg>GM</arg>
<arg>GN</arg>
<arg>GP</arg>
<arg>GQ</arg>
<arg>GR</arg>
<arg>GS</arg>
<arg>GT</arg>
<arg>GU</arg>
<arg>GW</arg>
<arg>GY</arg>
<arg>HK</arg>
<arg>HM</arg>
<arg>HN</arg>
<arg>HR</arg>
<arg>HT</arg>
<arg>HU</arg>
<arg>ID</arg>
<arg>IE</arg>
<arg>IL</arg>
<arg>IM</arg>
<arg>IN</arg>
<arg>IO</arg>
<arg>IQ</arg>
<arg>IR</arg>
<arg>IS</arg>
<arg>IT</arg>
<arg>JE</arg>
<arg>JM</arg>
<arg>JO</arg>
<arg>JP</arg>
<arg>KE</arg>
<arg>KG</arg>
<arg>KH</arg>
<arg>KI</arg>
<arg>KM</arg>
<arg>KN</arg>
<arg>KP</arg>
<arg>KR</arg>
<arg>KW</arg>
<arg>KY</arg>
<arg>KZ</arg>
<arg>LA</arg>
<arg>LB</arg>
<arg>LC</arg>
<arg>LI</arg>
<arg>LK</arg>
<arg>LR</arg>
<arg>LS</arg>
<arg>LT</arg>
<arg>LU</arg>
<arg>LV</arg>
<arg>LY</arg>
<arg>MA</arg>
<arg>MC</arg>
<arg>MD</arg>
<arg>ME</arg>
<arg>MF</arg>
<arg>MG</arg>
<arg>MH</arg>
<arg>MK</arg>
<arg>ML</arg>
<arg>MM</arg>
<arg>MN</arg>
<arg>MO</arg>
<arg>MP</arg>
<arg>MQ</arg>
<arg>MR</arg>
<arg>MS</arg>
<arg>MT</arg>
<arg>MU</arg>
<arg>MV</arg>
<arg>MW</arg>
<arg>MX</arg>
<arg>MY</arg>
<arg>MZ</arg>
<arg>NA</arg>
<arg>NC</arg>
<arg>NE</arg>
<arg>NF</arg>
<arg>NG</arg>
<arg>NI</arg>
<arg>NL</arg>
<arg>NO</arg>
<arg>NP</arg>
<arg>NR</arg>
<arg>NU</arg>
<arg>NZ</arg>
<arg>OM</arg>
<arg>PA</arg>
<arg>PE</arg>
<arg>PF</arg>
<arg>PG</arg>
<arg>PH</arg>
<arg>PK</arg>
<arg>PL</arg>
<arg>PM</arg>
<arg>PN</arg>
<arg>PR</arg>
<arg>PS</arg>
<arg>PT</arg>
<arg>PW</arg>
<arg>PY</arg>
<arg>QA</arg>
<arg>RE</arg>
<arg>RO</arg>
<arg>RS</arg>
<arg>RU</arg>
<arg>RW</arg>
<arg>SA</arg>
<arg>SB</arg>
<arg>SC</arg>
<arg>SD</arg>
<arg>SE</arg>
<arg>SG</arg>
<arg>SH</arg>
<arg>SI</arg>
<arg>SJ</arg>
<arg>SK</arg>
<arg>SL</arg>
<arg>SM</arg>
<arg>SN</arg>
<arg>SO</arg>
<arg>SR</arg>
<arg>SS</arg>
<arg>ST</arg>
<arg>SV</arg>
<arg>SX</arg>
<arg>SY</arg>
<arg>SZ</arg>
<arg>TC</arg>
<arg>TD</arg>
<arg>TF</arg>
<arg>TG</arg>
<arg>TH</arg>
<arg>TJ</arg>
<arg>TK</arg>
<arg>TL</arg>
<arg>TM</arg>
<arg>TN</arg>
<arg>TO</arg>
<arg>TR</arg>
<arg>TT</arg>
<arg>TV</arg>
<arg>TW</arg>
<arg>TZ</arg>
<arg>UA</arg>
<arg>UG</arg>
<arg>UM</arg>
<arg>US</arg>
<arg>UY</arg>
<arg>UZ</arg>
<arg>VA</arg>
<arg>VC</arg>
<arg>VE</arg>
<arg>VG</arg>
<arg>VI</arg>
<arg>VN</arg>
<arg>VU</arg>
<arg>WF</arg>
<arg>WS</arg>
<arg>XK</arg>
<arg>YE</arg>
<arg>YT</arg>
<arg>ZA</arg>
<arg>ZM</arg>
<arg>ZW</arg>
<doc>Returns a list containing given items.</doc>
<status status="PASS" start="2024-06-14T08:18:31.541761" elapsed="0.000657"/>
</kw>
<kw name="List Should Contain Value" owner="Collections">
<arg>${list_country}</arg>
<arg>${name_country}</arg>
<doc>Fails if the ``value`` is not found from ``list``.</doc>
<status status="PASS" start="2024-06-14T08:18:31.543231" elapsed="0.000207"/>
</kw>
<kw name="Run Keyword If" owner="BuiltIn">
<kw name="Should Be True" owner="BuiltIn">
<arg>${True}</arg>
<doc>Fails if the given condition is not true.</doc>
<status status="PASS" start="2024-06-14T08:18:31.544371" elapsed="0.000141"/>
</kw>
<arg>${json_data["results"][0]["location"]["coordinates"]["latitude"]} &gt;= -90 and ${json_data["results"][0]["location"]["coordinates"]["latitude"]} &lt;= 90</arg>
<arg>Should Be True</arg>
<arg>${True}</arg>
<doc>Runs the given keyword with the given arguments, if ``condition`` is true.</doc>
<status status="PASS" start="2024-06-14T08:18:31.543641" elapsed="0.000997"/>
</kw>
<kw name="Run Keyword If" owner="BuiltIn">
<kw name="Should Be True" owner="BuiltIn">
<arg>${True}</arg>
<doc>Fails if the given condition is not true.</doc>
<status status="PASS" start="2024-06-14T08:18:31.545499" elapsed="0.000135"/>
</kw>
<arg>${json_data["results"][0]["location"]["coordinates"]["longitude"]} &gt;= -180 and ${json_data["results"][0]["location"]["coordinates"]["longitude"]} &lt;= 180</arg>
<arg>Should Be True</arg>
<arg>${True}</arg>
<doc>Runs the given keyword with the given arguments, if ``condition`` is true.</doc>
<status status="PASS" start="2024-06-14T08:18:31.544821" elapsed="0.000935"/>
</kw>
<status status="PASS" start="2024-06-14T08:18:31.448758" elapsed="0.097129"/>
</kw>
<doc>Testa o conteúdo específico dos campos retornados pela API.</doc>
<tag>testeConteudo</tag>
<status status="PASS" start="2024-06-14T08:18:31.448284" elapsed="0.097761"/>
</test>
<status status="PASS" start="2024-06-14T08:18:30.548599" elapsed="0.999450"/>
</suite>
<status status="PASS" start="2024-06-14T08:18:30.535244" elapsed="1.017994"/>
</suite>
<statistics>
<total>
<stat pass="5" fail="0" skip="0">All Tests</stat>
</total>
<tag>
<stat pass="1" fail="0" skip="0">testeConteudo</stat>
<stat pass="1" fail="0" skip="0">testeEstruturaResposta</stat>
<stat pass="1" fail="0" skip="0">testeRequisicaoBasica</stat>
<stat pass="1" fail="0" skip="0">testeTiposDados</stat>
</tag>
<suite>
<stat pass="5" fail="0" skip="0" id="s1" name="Tests">Tests</stat>
<stat pass="5" fail="0" skip="0" id="s1-s1" name="Random-User-Test">Tests.Random-User-Test</stat>
</suite>
</statistics>
<errors>
</errors>
</robot>
