<?xml version="1.0" encoding="UTF-8"?>
<robot generator="Robot 7.0.1 (Python 3.12.4 on linux)" generated="2024-08-06T10:17:02.226509" rpa="false" schemaversion="5">
<suite id="s1" name="Tests" source="/home/runner/work/ApiRandomUser/ApiRandomUser/RamdonUser/tests">
<suite id="s1-s1" name="Random-User-Test" source="/home/runner/work/ApiRandomUser/ApiRandomUser/RamdonUser/tests/random-user-test.robot">
<test id="s1-s1-t1" name="Conectar" line="13">
<kw name="Conectar API" owner="random-user-service">
<kw name="Create Session" owner="RequestsLibrary">
<msg time="2024-08-06T10:17:02.624263" level="INFO">Creating Session using : alias=consultarAPI, url=https://randomuser.me/, headers={},                     cookies={}, auth=None, timeout=None, proxies=None, verify=False,                     debug=0 </msg>
<arg>consultarAPI</arg>
<arg>${URL}</arg>
<doc>Create Session: create a HTTP session to a server</doc>
<status status="PASS" start="2024-08-06T10:17:02.624069" elapsed="0.000362"/>
</kw>
<status status="PASS" start="2024-08-06T10:17:02.623084" elapsed="0.001690"/>
</kw>
<status status="PASS" start="2024-08-06T10:17:02.622576" elapsed="0.002416"/>
</test>
<test id="s1-s1-t2" name="Validar retorno 200 e JSON Válido" line="16">
<kw name="Teste de Requisicao Basica" owner="random-user-service">
<kw name="GET On Session" owner="RequestsLibrary">
<msg time="2024-08-06T10:17:02.764949" level="INFO">GET Request : url=https://randomuser.me/api 
 path_url=/api 
 headers={'User-Agent': 'python-requests/2.32.3', 'Accept-Encoding': 'gzip, deflate', 'Accept': '*/*', 'Connection': 'keep-alive'} 
 body=None 
 </msg>
<msg time="2024-08-06T10:17:02.765092" level="INFO">GET Response : url=https://randomuser.me/api 
 status=200, reason=OK 
 headers={'Date': 'Tue, 06 Aug 2024 10:17:02 GMT', 'Content-Type': 'application/json; charset=utf-8', 'Transfer-Encoding': 'chunked', 'Connection': 'keep-alive', 'X-Powered-By': 'Express', 'Access-Control-Allow-Origin': '*', 'Cache-Control': 'no-cache', 'ETag': 'W/"468-Z72b2hQNCHUYY4WB4b4euFpyje0"', 'Vary': 'Accept-Encoding', 'Content-Encoding': 'gzip', 'CF-Cache-Status': 'DYNAMIC', 'Report-To': '{"endpoints":[{"url":"https:\\/\\/a.nel.cloudflare.com\\/report\\/v4?s=MFePdXOaWEGkzC%2F5b%2FerN1vZAysoscbpO1RGjLWMp1Px9PYDt2V4J8PhF%2BMlYWRmQk4i2k69095TMrpRQzi2GPL5hT%2F49KUCggcAsy7ppFMfTtsb3b%2BG6mUOAVvhxI2V"}],"group":"cf-nel","max_age":604800}', 'NEL': '{"success_fraction":0,"report_to":"cf-nel","max_age":604800}', 'Server': 'cloudflare', 'CF-RAY': '8aee465fae5d10d4-ORD', 'alt-svc': 'h3=":443"; ma=86400'} 
 body={"results":[{"gender":"male","name":{"title":"Mr","first":"Gabe","last":"Stephens"},"location":{"street":{"number":1989,"name":"Church Lane"},"city":"Rush","state":"Donegal","country":"Ireland","postcode":49223,"coordinates":{"latitude":"2.5787","longitude":"-179.9179"},"timezone":{"offset":"+5:45","description":"Kathmandu"}},"email":"gabe.stephens@example.com","login":{"uuid":"5dc30d26-61b3-4c6c-b8e7-b27d255fb37b","username":"whitekoala719","password":"little","salt":"AfTmWxXn","md5":"6fff7acd7b81cd5108805efe86f6220d","sha1":"ebd421dc3ca4fc2fd70b66b68ba5d6d126b014b7","sha256":"856cd7611bdfed5450915d2005181073a5acaf623d0ec904fa5e70ef5f327995"},"dob":{"date":"1952-08-16T12:52:00.047Z","age":71},"registered":{"date":"2011-07-03T04:37:40.571Z","age":13},"phone":"021-339-7147","cell":"081-711-5141","id":{"name":"PPS","value":"2648541T"},"picture":{"large":"https://randomuser.me/api/portraits/men/86.jpg","medium":"https://randomuser.me/api/portraits/med/men/86.jpg","thumbnail":"https://randomuser.me/api/portraits/thumb/men/86.jpg"},"nat":"IE"}],"info":{"seed":"2b44e51a68dfc6f8","results":1,"page":1,"version":"1.4"}} 
 </msg>
<msg time="2024-08-06T10:17:02.765182" level="INFO">/opt/hostedtoolcache/Python/3.12.4/x64/lib/python3.12/site-packages/urllib3/connectionpool.py:1099: InsecureRequestWarning: Unverified HTTPS request is being made to host 'randomuser.me'. Adding certificate verification is strongly advised. See: https://urllib3.readthedocs.io/en/latest/advanced-usage.html#tls-warnings
  warnings.warn(</msg>
<msg time="2024-08-06T10:17:02.765288" level="INFO">${response} = &lt;Response [200]&gt;</msg>
<var>${response}</var>
<arg>consultarAPI</arg>
<arg>/api</arg>
<doc>Sends a GET request on a previously created HTTP Session.</doc>
<status status="PASS" start="2024-08-06T10:17:02.627479" elapsed="0.137849"/>
</kw>
<kw name="Should Be Equal As Numbers" owner="BuiltIn">
<msg time="2024-08-06T10:17:02.766137" level="INFO">Argument types are:
&lt;class 'int'&gt;
&lt;class 'str'&gt;</msg>
<arg>${response.status_code}</arg>
<arg>200</arg>
<doc>Fails if objects are unequal after converting them to real numbers.</doc>
<status status="PASS" start="2024-08-06T10:17:02.765731" elapsed="0.000470"/>
</kw>
<kw name="Log" owner="BuiltIn">
<msg time="2024-08-06T10:17:02.766864" level="INFO">200</msg>
<arg>${response.status_code}</arg>
<doc>Logs the given message with the given level.</doc>
<status status="PASS" start="2024-08-06T10:17:02.766513" elapsed="0.000395"/>
</kw>
<kw name="Set Variable" owner="BuiltIn">
<msg time="2024-08-06T10:17:02.767654" level="INFO">${json_data} = {'results': [{'gender': 'male', 'name': {'title': 'Mr', 'first': 'Gabe', 'last': 'Stephens'}, 'location': {'street': {'number': 1989, 'name': 'Church Lane'}, 'city': 'Rush', 'state': 'Donegal', 'count...</msg>
<var>${json_data}</var>
<arg>${response.json()}</arg>
<doc>Returns the given values which can then be assigned to a variables.</doc>
<status status="PASS" start="2024-08-06T10:17:02.767215" elapsed="0.000468"/>
</kw>
<kw name="Dictionary Should Contain Key" owner="Collections">
<arg>${json_data}</arg>
<arg>results</arg>
<doc>Fails if ``key`` is not found from ``dictionary``.</doc>
<status status="PASS" start="2024-08-06T10:17:02.767982" elapsed="0.000292"/>
</kw>
<status status="PASS" start="2024-08-06T10:17:02.627234" elapsed="0.141190"/>
</kw>
<doc>Testa se a API responde corretamente e retorna um objeto JSON válido.</doc>
<tag>testeRequisicaoBasica</tag>
<status status="PASS" start="2024-08-06T10:17:02.626787" elapsed="0.141799"/>
</test>
<test id="s1-s1-t3" name="Validar estrutura de resposta" line="22">
<kw name="Teste de Estrutura de Resposta" owner="random-user-service">
<kw name="GET On Session" owner="RequestsLibrary">
<msg time="2024-08-06T10:17:02.851159" level="INFO">GET Request : url=https://randomuser.me/api 
 path_url=/api 
 headers={'User-Agent': 'python-requests/2.32.3', 'Accept-Encoding': 'gzip, deflate', 'Accept': '*/*', 'Connection': 'keep-alive'} 
 body=None 
 </msg>
<msg time="2024-08-06T10:17:02.851247" level="INFO">GET Response : url=https://randomuser.me/api 
 status=200, reason=OK 
 headers={'Date': 'Tue, 06 Aug 2024 10:17:02 GMT', 'Content-Type': 'application/json; charset=utf-8', 'Transfer-Encoding': 'chunked', 'Connection': 'keep-alive', 'X-Powered-By': 'Express', 'Access-Control-Allow-Origin': '*', 'Cache-Control': 'no-cache', 'ETag': 'W/"492-n/CKKzNLy+dzyiyxcreI659tQXg"', 'Vary': 'Accept-Encoding', 'Content-Encoding': 'gzip', 'CF-Cache-Status': 'DYNAMIC', 'Report-To': '{"endpoints":[{"url":"https:\\/\\/a.nel.cloudflare.com\\/report\\/v4?s=Ug%2BLWtB2AK93NGaSMUuTLQtLcgEbKzlpxr%2BwJMKlNPZ%2BkTRoxZ6sllAcZxt6wM%2FxwS6vXZpfFJSNgdoaJYiqTQqDcY4hcoQIfdCO5LfLSKxZcPcm9WM2HnOufoxASP6P"}],"group":"cf-nel","max_age":604800}', 'NEL': '{"success_fraction":0,"report_to":"cf-nel","max_age":604800}', 'Server': 'cloudflare', 'CF-RAY': '8aee46605eeb10d4-ORD', 'alt-svc': 'h3=":443"; ma=86400'} 
 body={"results":[{"gender":"male","name":{"title":"Mr","first":"Eino","last":"Wallo"},"location":{"street":{"number":1672,"name":"Aleksanterinkatu"},"city":"Jyväskylä","state":"Northern Savonia","country":"Finland","postcode":53451,"coordinates":{"latitude":"-29.9583","longitude":"-157.4062"},"timezone":{"offset":"+6:00","description":"Almaty, Dhaka, Colombo"}},"email":"eino.wallo@example.com","login":{"uuid":"4fc20377-9ba6-4b46-a4a1-46b855a58120","username":"redbutterfly345","password":"cygnusx1","salt":"JROxTsBj","md5":"e7dcc00c8f65f7af3ec6f10b80f9c9a9","sha1":"134a7e40bb3a66721f9a8a776acbadbdb0bb3d50","sha256":"cfc16064e13033165ad34e5ad521fbbb0ac9c1c4511ab8ba6f21434e81a064c0"},"dob":{"date":"1968-02-23T05:04:08.601Z","age":56},"registered":{"date":"2017-01-23T12:42:58.733Z","age":7},"phone":"04-363-511","cell":"040-713-06-62","id":{"name":"HETU","value":"NaNNA077undefined"},"picture":{"large":"https://randomuser.me/api/portraits/men/50.jpg","medium":"https://randomuser.me/api/portraits/med/men/50.jpg","thumbnail":"https://randomuser.me/api/portraits/thumb/men/50.jpg"},"nat":"FI"}],"info":{"seed":"d7b3af925d57dd26","results":1,"page":1,"version":"1.4"}} 
 </msg>
<msg time="2024-08-06T10:17:02.851369" level="INFO">/opt/hostedtoolcache/Python/3.12.4/x64/lib/python3.12/site-packages/urllib3/connectionpool.py:1099: InsecureRequestWarning: Unverified HTTPS request is being made to host 'randomuser.me'. Adding certificate verification is strongly advised. See: https://urllib3.readthedocs.io/en/latest/advanced-usage.html#tls-warnings
  warnings.warn(</msg>
<msg time="2024-08-06T10:17:02.851469" level="INFO">${response} = &lt;Response [200]&gt;</msg>
<var>${response}</var>
<arg>consultarAPI</arg>
<arg>/api</arg>
<doc>Sends a GET request on a previously created HTTP Session.</doc>
<status status="PASS" start="2024-08-06T10:17:02.771170" elapsed="0.080338"/>
</kw>
<kw name="Set Variable" owner="BuiltIn">
<msg time="2024-08-06T10:17:02.852324" level="INFO">${json_data} = {'results': [{'gender': 'male', 'name': {'title': 'Mr', 'first': 'Eino', 'last': 'Wallo'}, 'location': {'street': {'number': 1672, 'name': 'Aleksanterinkatu'}, 'city': 'Jyväskylä', 'state': 'Northern ...</msg>
<var>${json_data}</var>
<arg>${response.json()}</arg>
<doc>Returns the given values which can then be assigned to a variables.</doc>
<status status="PASS" start="2024-08-06T10:17:02.851869" elapsed="0.000483"/>
</kw>
<kw name="Log" owner="BuiltIn">
<msg time="2024-08-06T10:17:02.852851" level="INFO">{'results': [{'gender': 'male', 'name': {'title': 'Mr', 'first': 'Eino', 'last': 'Wallo'}, 'location': {'street': {'number': 1672, 'name': 'Aleksanterinkatu'}, 'city': 'Jyväskylä', 'state': 'Northern Savonia', 'country': 'Finland', 'postcode': 53451, 'coordinates': {'latitude': '-29.9583', 'longitude': '-157.4062'}, 'timezone': {'offset': '+6:00', 'description': 'Almaty, Dhaka, Colombo'}}, 'email': 'eino.wallo@example.com', 'login': {'uuid': '4fc20377-9ba6-4b46-a4a1-46b855a58120', 'username': 'redbutterfly345', 'password': 'cygnusx1', 'salt': 'JROxTsBj', 'md5': 'e7dcc00c8f65f7af3ec6f10b80f9c9a9', 'sha1': '134a7e40bb3a66721f9a8a776acbadbdb0bb3d50', 'sha256': 'cfc16064e13033165ad34e5ad521fbbb0ac9c1c4511ab8ba6f21434e81a064c0'}, 'dob': {'date': '1968-02-23T05:04:08.601Z', 'age': 56}, 'registered': {'date': '2017-01-23T12:42:58.733Z', 'age': 7}, 'phone': '04-363-511', 'cell': '040-713-06-62', 'id': {'name': 'HETU', 'value': 'NaNNA077undefined'}, 'picture': {'large': 'https://randomuser.me/api/portraits/men/50.jpg', 'medium': 'https://randomuser.me/api/portraits/med/men/50.jpg', 'thumbnail': 'https://randomuser.me/api/portraits/thumb/men/50.jpg'}, 'nat': 'FI'}], 'info': {'seed': 'd7b3af925d57dd26', 'results': 1, 'page': 1, 'version': '1.4'}}</msg>
<arg>${json_data}</arg>
<doc>Logs the given message with the given level.</doc>
<status status="PASS" start="2024-08-06T10:17:02.852657" elapsed="0.000249"/>
</kw>
<kw name="Dictionary Should Contain Key" owner="Collections">
<arg>${json_data}</arg>
<arg>results</arg>
<doc>Fails if ``key`` is not found from ``dictionary``.</doc>
<status status="PASS" start="2024-08-06T10:17:02.853205" elapsed="0.000160"/>
</kw>
<kw name="Should Not Be Empty" owner="BuiltIn">
<msg time="2024-08-06T10:17:02.853675" level="INFO">Length is 2.</msg>
<arg>${json_data}</arg>
<doc>Verifies that the given item is not empty.</doc>
<status status="PASS" start="2024-08-06T10:17:02.853549" elapsed="0.000164"/>
</kw>
<kw name="Create List" owner="BuiltIn">
<msg time="2024-08-06T10:17:02.854154" level="INFO">${expected_keys} = ['gender', 'name', 'location', 'email', 'login']</msg>
<var>${expected_keys}</var>
<arg>gender</arg>
<arg>name</arg>
<arg>location</arg>
<arg>email</arg>
<arg>login</arg>
<doc>Returns a list containing given items.</doc>
<status status="PASS" start="2024-08-06T10:17:02.854005" elapsed="0.000174"/>
</kw>
<for flavor="IN">
<iter>
<kw name="Dictionary Should Contain Key" owner="Collections">
<arg>${json_data['results'][0]}</arg>
<arg>${key}</arg>
<doc>Fails if ``key`` is not found from ``dictionary``.</doc>
<status status="PASS" start="2024-08-06T10:17:02.854744" elapsed="0.000411"/>
</kw>
<kw name="Log" owner="BuiltIn">
<msg time="2024-08-06T10:17:02.855711" level="INFO">{'gender': 'male', 'name': {'title': 'Mr', 'first': 'Eino', 'last': 'Wallo'}, 'location': {'street': {'number': 1672, 'name': 'Aleksanterinkatu'}, 'city': 'Jyväskylä', 'state': 'Northern Savonia', 'country': 'Finland', 'postcode': 53451, 'coordinates': {'latitude': '-29.9583', 'longitude': '-157.4062'}, 'timezone': {'offset': '+6:00', 'description': 'Almaty, Dhaka, Colombo'}}, 'email': 'eino.wallo@example.com', 'login': {'uuid': '4fc20377-9ba6-4b46-a4a1-46b855a58120', 'username': 'redbutterfly345', 'password': 'cygnusx1', 'salt': 'JROxTsBj', 'md5': 'e7dcc00c8f65f7af3ec6f10b80f9c9a9', 'sha1': '134a7e40bb3a66721f9a8a776acbadbdb0bb3d50', 'sha256': 'cfc16064e13033165ad34e5ad521fbbb0ac9c1c4511ab8ba6f21434e81a064c0'}, 'dob': {'date': '1968-02-23T05:04:08.601Z', 'age': 56}, 'registered': {'date': '2017-01-23T12:42:58.733Z', 'age': 7}, 'phone': '04-363-511', 'cell': '040-713-06-62', 'id': {'name': 'HETU', 'value': 'NaNNA077undefined'}, 'picture': {'large': 'https://randomuser.me/api/portraits/men/50.jpg', 'medium': 'https://randomuser.me/api/portraits/med/men/50.jpg', 'thumbnail': 'https://randomuser.me/api/portraits/thumb/men/50.jpg'}, 'nat': 'FI'}</msg>
<arg>${json_data['results'][0]}</arg>
<doc>Logs the given message with the given level.</doc>
<status status="PASS" start="2024-08-06T10:17:02.855348" elapsed="0.000413"/>
</kw>
<kw name="Log" owner="BuiltIn">
<msg time="2024-08-06T10:17:02.856196" level="INFO">gender</msg>
<arg>${key}</arg>
<doc>Logs the given message with the given level.</doc>
<status status="PASS" start="2024-08-06T10:17:02.856066" elapsed="0.000169"/>
</kw>
<var name="${key}">gender</var>
<status status="PASS" start="2024-08-06T10:17:02.854621" elapsed="0.001832"/>
</iter>
<iter>
<kw name="Dictionary Should Contain Key" owner="Collections">
<arg>${json_data['results'][0]}</arg>
<arg>${key}</arg>
<doc>Fails if ``key`` is not found from ``dictionary``.</doc>
<status status="PASS" start="2024-08-06T10:17:02.856755" elapsed="0.000426"/>
</kw>
<kw name="Log" owner="BuiltIn">
<msg time="2024-08-06T10:17:02.857733" level="INFO">{'gender': 'male', 'name': {'title': 'Mr', 'first': 'Eino', 'last': 'Wallo'}, 'location': {'street': {'number': 1672, 'name': 'Aleksanterinkatu'}, 'city': 'Jyväskylä', 'state': 'Northern Savonia', 'country': 'Finland', 'postcode': 53451, 'coordinates': {'latitude': '-29.9583', 'longitude': '-157.4062'}, 'timezone': {'offset': '+6:00', 'description': 'Almaty, Dhaka, Colombo'}}, 'email': 'eino.wallo@example.com', 'login': {'uuid': '4fc20377-9ba6-4b46-a4a1-46b855a58120', 'username': 'redbutterfly345', 'password': 'cygnusx1', 'salt': 'JROxTsBj', 'md5': 'e7dcc00c8f65f7af3ec6f10b80f9c9a9', 'sha1': '134a7e40bb3a66721f9a8a776acbadbdb0bb3d50', 'sha256': 'cfc16064e13033165ad34e5ad521fbbb0ac9c1c4511ab8ba6f21434e81a064c0'}, 'dob': {'date': '1968-02-23T05:04:08.601Z', 'age': 56}, 'registered': {'date': '2017-01-23T12:42:58.733Z', 'age': 7}, 'phone': '04-363-511', 'cell': '040-713-06-62', 'id': {'name': 'HETU', 'value': 'NaNNA077undefined'}, 'picture': {'large': 'https://randomuser.me/api/portraits/men/50.jpg', 'medium': 'https://randomuser.me/api/portraits/med/men/50.jpg', 'thumbnail': 'https://randomuser.me/api/portraits/thumb/men/50.jpg'}, 'nat': 'FI'}</msg>
<arg>${json_data['results'][0]}</arg>
<doc>Logs the given message with the given level.</doc>
<status status="PASS" start="2024-08-06T10:17:02.857370" elapsed="0.000446"/>
</kw>
<kw name="Log" owner="BuiltIn">
<msg time="2024-08-06T10:17:02.858253" level="INFO">name</msg>
<arg>${key}</arg>
<doc>Logs the given message with the given level.</doc>
<status status="PASS" start="2024-08-06T10:17:02.858121" elapsed="0.000172"/>
</kw>
<var name="${key}">name</var>
<status status="PASS" start="2024-08-06T10:17:02.856638" elapsed="0.001874"/>
</iter>
<iter>
<kw name="Dictionary Should Contain Key" owner="Collections">
<arg>${json_data['results'][0]}</arg>
<arg>${key}</arg>
<doc>Fails if ``key`` is not found from ``dictionary``.</doc>
<status status="PASS" start="2024-08-06T10:17:02.858800" elapsed="0.000388"/>
</kw>
<kw name="Log" owner="BuiltIn">
<msg time="2024-08-06T10:17:02.859722" level="INFO">{'gender': 'male', 'name': {'title': 'Mr', 'first': 'Eino', 'last': 'Wallo'}, 'location': {'street': {'number': 1672, 'name': 'Aleksanterinkatu'}, 'city': 'Jyväskylä', 'state': 'Northern Savonia', 'country': 'Finland', 'postcode': 53451, 'coordinates': {'latitude': '-29.9583', 'longitude': '-157.4062'}, 'timezone': {'offset': '+6:00', 'description': 'Almaty, Dhaka, Colombo'}}, 'email': 'eino.wallo@example.com', 'login': {'uuid': '4fc20377-9ba6-4b46-a4a1-46b855a58120', 'username': 'redbutterfly345', 'password': 'cygnusx1', 'salt': 'JROxTsBj', 'md5': 'e7dcc00c8f65f7af3ec6f10b80f9c9a9', 'sha1': '134a7e40bb3a66721f9a8a776acbadbdb0bb3d50', 'sha256': 'cfc16064e13033165ad34e5ad521fbbb0ac9c1c4511ab8ba6f21434e81a064c0'}, 'dob': {'date': '1968-02-23T05:04:08.601Z', 'age': 56}, 'registered': {'date': '2017-01-23T12:42:58.733Z', 'age': 7}, 'phone': '04-363-511', 'cell': '040-713-06-62', 'id': {'name': 'HETU', 'value': 'NaNNA077undefined'}, 'picture': {'large': 'https://randomuser.me/api/portraits/men/50.jpg', 'medium': 'https://randomuser.me/api/portraits/med/men/50.jpg', 'thumbnail': 'https://randomuser.me/api/portraits/thumb/men/50.jpg'}, 'nat': 'FI'}</msg>
<arg>${json_data['results'][0]}</arg>
<doc>Logs the given message with the given level.</doc>
<status status="PASS" start="2024-08-06T10:17:02.859372" elapsed="0.000399"/>
</kw>
<kw name="Log" owner="BuiltIn">
<msg time="2024-08-06T10:17:02.860205" level="INFO">location</msg>
<arg>${key}</arg>
<doc>Logs the given message with the given level.</doc>
<status status="PASS" start="2024-08-06T10:17:02.860074" elapsed="0.000170"/>
</kw>
<var name="${key}">location</var>
<status status="PASS" start="2024-08-06T10:17:02.858690" elapsed="0.001781"/>
</iter>
<iter>
<kw name="Dictionary Should Contain Key" owner="Collections">
<arg>${json_data['results'][0]}</arg>
<arg>${key}</arg>
<doc>Fails if ``key`` is not found from ``dictionary``.</doc>
<status status="PASS" start="2024-08-06T10:17:02.860756" elapsed="0.000417"/>
</kw>
<kw name="Log" owner="BuiltIn">
<msg time="2024-08-06T10:17:02.861827" level="INFO">{'gender': 'male', 'name': {'title': 'Mr', 'first': 'Eino', 'last': 'Wallo'}, 'location': {'street': {'number': 1672, 'name': 'Aleksanterinkatu'}, 'city': 'Jyväskylä', 'state': 'Northern Savonia', 'country': 'Finland', 'postcode': 53451, 'coordinates': {'latitude': '-29.9583', 'longitude': '-157.4062'}, 'timezone': {'offset': '+6:00', 'description': 'Almaty, Dhaka, Colombo'}}, 'email': 'eino.wallo@example.com', 'login': {'uuid': '4fc20377-9ba6-4b46-a4a1-46b855a58120', 'username': 'redbutterfly345', 'password': 'cygnusx1', 'salt': 'JROxTsBj', 'md5': 'e7dcc00c8f65f7af3ec6f10b80f9c9a9', 'sha1': '134a7e40bb3a66721f9a8a776acbadbdb0bb3d50', 'sha256': 'cfc16064e13033165ad34e5ad521fbbb0ac9c1c4511ab8ba6f21434e81a064c0'}, 'dob': {'date': '1968-02-23T05:04:08.601Z', 'age': 56}, 'registered': {'date': '2017-01-23T12:42:58.733Z', 'age': 7}, 'phone': '04-363-511', 'cell': '040-713-06-62', 'id': {'name': 'HETU', 'value': 'NaNNA077undefined'}, 'picture': {'large': 'https://randomuser.me/api/portraits/men/50.jpg', 'medium': 'https://randomuser.me/api/portraits/med/men/50.jpg', 'thumbnail': 'https://randomuser.me/api/portraits/thumb/men/50.jpg'}, 'nat': 'FI'}</msg>
<arg>${json_data['results'][0]}</arg>
<doc>Logs the given message with the given level.</doc>
<status status="PASS" start="2024-08-06T10:17:02.861468" elapsed="0.000409"/>
</kw>
<kw name="Log" owner="BuiltIn">
<msg time="2024-08-06T10:17:02.862310" level="INFO">email</msg>
<arg>${key}</arg>
<doc>Logs the given message with the given level.</doc>
<status status="PASS" start="2024-08-06T10:17:02.862178" elapsed="0.000174"/>
</kw>
<var name="${key}">email</var>
<status status="PASS" start="2024-08-06T10:17:02.860646" elapsed="0.001998"/>
</iter>
<iter>
<kw name="Dictionary Should Contain Key" owner="Collections">
<arg>${json_data['results'][0]}</arg>
<arg>${key}</arg>
<doc>Fails if ``key`` is not found from ``dictionary``.</doc>
<status status="PASS" start="2024-08-06T10:17:02.862956" elapsed="0.000391"/>
</kw>
<kw name="Log" owner="BuiltIn">
<msg time="2024-08-06T10:17:02.863885" level="INFO">{'gender': 'male', 'name': {'title': 'Mr', 'first': 'Eino', 'last': 'Wallo'}, 'location': {'street': {'number': 1672, 'name': 'Aleksanterinkatu'}, 'city': 'Jyväskylä', 'state': 'Northern Savonia', 'country': 'Finland', 'postcode': 53451, 'coordinates': {'latitude': '-29.9583', 'longitude': '-157.4062'}, 'timezone': {'offset': '+6:00', 'description': 'Almaty, Dhaka, Colombo'}}, 'email': 'eino.wallo@example.com', 'login': {'uuid': '4fc20377-9ba6-4b46-a4a1-46b855a58120', 'username': 'redbutterfly345', 'password': 'cygnusx1', 'salt': 'JROxTsBj', 'md5': 'e7dcc00c8f65f7af3ec6f10b80f9c9a9', 'sha1': '134a7e40bb3a66721f9a8a776acbadbdb0bb3d50', 'sha256': 'cfc16064e13033165ad34e5ad521fbbb0ac9c1c4511ab8ba6f21434e81a064c0'}, 'dob': {'date': '1968-02-23T05:04:08.601Z', 'age': 56}, 'registered': {'date': '2017-01-23T12:42:58.733Z', 'age': 7}, 'phone': '04-363-511', 'cell': '040-713-06-62', 'id': {'name': 'HETU', 'value': 'NaNNA077undefined'}, 'picture': {'large': 'https://randomuser.me/api/portraits/men/50.jpg', 'medium': 'https://randomuser.me/api/portraits/med/men/50.jpg', 'thumbnail': 'https://randomuser.me/api/portraits/thumb/men/50.jpg'}, 'nat': 'FI'}</msg>
<arg>${json_data['results'][0]}</arg>
<doc>Logs the given message with the given level.</doc>
<status status="PASS" start="2024-08-06T10:17:02.863533" elapsed="0.000402"/>
</kw>
<kw name="Log" owner="BuiltIn">
<msg time="2024-08-06T10:17:02.864361" level="INFO">login</msg>
<arg>${key}</arg>
<doc>Logs the given message with the given level.</doc>
<status status="PASS" start="2024-08-06T10:17:02.864232" elapsed="0.000167"/>
</kw>
<var name="${key}">login</var>
<status status="PASS" start="2024-08-06T10:17:02.862824" elapsed="0.001787"/>
</iter>
<var>${key}</var>
<value>@{expected_keys}</value>
<status status="PASS" start="2024-08-06T10:17:02.854432" elapsed="0.010300"/>
</for>
<kw name="Create List" owner="BuiltIn">
<msg time="2024-08-06T10:17:02.865086" level="INFO">${expected_keysTwo} = ['username', 'password']</msg>
<var>${expected_keysTwo}</var>
<arg>username</arg>
<arg>password</arg>
<doc>Returns a list containing given items.</doc>
<status status="PASS" start="2024-08-06T10:17:02.864950" elapsed="0.000188"/>
</kw>
<for flavor="IN">
<iter>
<kw name="Dictionary Should Contain Key" owner="Collections">
<arg>${json_data['results'][0]['login']}</arg>
<arg>${keyTwo}</arg>
<doc>Fails if ``key`` is not found from ``dictionary``.</doc>
<status status="PASS" start="2024-08-06T10:17:02.865646" elapsed="0.000382"/>
</kw>
<kw name="Dictionary Should Contain Key" owner="Collections">
<arg>${json_data['results'][0]['login']}</arg>
<arg>${keyTwo}</arg>
<doc>Fails if ``key`` is not found from ``dictionary``.</doc>
<status status="PASS" start="2024-08-06T10:17:02.866210" elapsed="0.000384"/>
</kw>
<kw name="Log" owner="BuiltIn">
<msg time="2024-08-06T10:17:02.866895" level="INFO">username</msg>
<arg>${keyTwo}</arg>
<doc>Logs the given message with the given level.</doc>
<status status="PASS" start="2024-08-06T10:17:02.866774" elapsed="0.000159"/>
</kw>
<var name="${keyTwo}">username</var>
<status status="PASS" start="2024-08-06T10:17:02.865537" elapsed="0.001615"/>
</iter>
<iter>
<kw name="Dictionary Should Contain Key" owner="Collections">
<arg>${json_data['results'][0]['login']}</arg>
<arg>${keyTwo}</arg>
<doc>Fails if ``key`` is not found from ``dictionary``.</doc>
<status status="PASS" start="2024-08-06T10:17:02.867432" elapsed="0.000386"/>
</kw>
<kw name="Dictionary Should Contain Key" owner="Collections">
<arg>${json_data['results'][0]['login']}</arg>
<arg>${keyTwo}</arg>
<doc>Fails if ``key`` is not found from ``dictionary``.</doc>
<status status="PASS" start="2024-08-06T10:17:02.868000" elapsed="0.000371"/>
</kw>
<kw name="Log" owner="BuiltIn">
<msg time="2024-08-06T10:17:02.868668" level="INFO">password</msg>
<arg>${keyTwo}</arg>
<doc>Logs the given message with the given level.</doc>
<status status="PASS" start="2024-08-06T10:17:02.868548" elapsed="0.000158"/>
</kw>
<var name="${keyTwo}">password</var>
<status status="PASS" start="2024-08-06T10:17:02.867325" elapsed="0.001625"/>
</iter>
<var>${keyTwo}</var>
<value>@{expected_keysTwo}</value>
<status status="PASS" start="2024-08-06T10:17:02.865385" elapsed="0.003689"/>
</for>
<status status="PASS" start="2024-08-06T10:17:02.770939" elapsed="0.098280"/>
</kw>
<doc>Testa a estrutura da resposta da API.</doc>
<tag>testeEstruturaResposta</tag>
<status status="PASS" start="2024-08-06T10:17:02.770452" elapsed="0.098912"/>
</test>
<test id="s1-s1-t4" name="Validar tipos de dados" line="28">
<kw name="Teste de Tipos de Dados" owner="random-user-service">
<kw name="GET On Session" owner="RequestsLibrary">
<msg time="2024-08-06T10:17:02.923751" level="INFO">GET Request : url=https://randomuser.me/api 
 path_url=/api 
 headers={'User-Agent': 'python-requests/2.32.3', 'Accept-Encoding': 'gzip, deflate', 'Accept': '*/*', 'Connection': 'keep-alive'} 
 body=None 
 </msg>
<msg time="2024-08-06T10:17:02.923826" level="INFO">GET Response : url=https://randomuser.me/api 
 status=200, reason=OK 
 headers={'Date': 'Tue, 06 Aug 2024 10:17:02 GMT', 'Content-Type': 'application/json; charset=utf-8', 'Transfer-Encoding': 'chunked', 'Connection': 'keep-alive', 'X-Powered-By': 'Express', 'Access-Control-Allow-Origin': '*', 'Cache-Control': 'no-cache', 'ETag': 'W/"477-M1KyiTg77exPx+ACVXeyNNcky+o"', 'Vary': 'Accept-Encoding', 'Content-Encoding': 'gzip', 'CF-Cache-Status': 'DYNAMIC', 'Report-To': '{"endpoints":[{"url":"https:\\/\\/a.nel.cloudflare.com\\/report\\/v4?s=NY2MDslb06%2BKdujO9AQTPXKzuMcL231BrvSPxhYeUmFkw%2FOxa%2BTmEzQoNzL9dDg7UWM%2BGzG499lHTbIyYfStci5MIxH%2FKAMfeTGZDcZpHgpLBymP%2FUXkGJreDMlk7LUa"}],"group":"cf-nel","max_age":604800}', 'NEL': '{"success_fraction":0,"report_to":"cf-nel","max_age":604800}', 'Server': 'cloudflare', 'CF-RAY': '8aee4660ff5d10d4-ORD', 'alt-svc': 'h3=":443"; ma=86400'} 
 body={"results":[{"gender":"female","name":{"title":"Miss","first":"Allisha","last":"Klopper"},"location":{"street":{"number":2234,"name":"Hezelaar"},"city":"Dijken","state":"Zeeland","country":"Netherlands","postcode":"8851 HZ","coordinates":{"latitude":"33.3615","longitude":"51.6087"},"timezone":{"offset":"-10:00","description":"Hawaii"}},"email":"allisha.klopper@example.com","login":{"uuid":"05213b2e-553c-428e-9143-d3881dafeae4","username":"blueswan321","password":"cooler","salt":"vnXkI5Jh","md5":"80059835a902c0fefdf634aa61bf6ec8","sha1":"448fbcd046208f092c0fdc7e6d6eac1e06eea08e","sha256":"8af535572ae4e5e3b987e72707ae37c7e1cdf49ed096895ec9611d0799fb0b40"},"dob":{"date":"1975-05-31T17:12:47.751Z","age":49},"registered":{"date":"2013-07-16T04:21:56.031Z","age":11},"phone":"(086) 9969226","cell":"(06) 74541919","id":{"name":"BSN","value":"03347422"},"picture":{"large":"https://randomuser.me/api/portraits/women/7.jpg","medium":"https://randomuser.me/api/portraits/med/women/7.jpg","thumbnail":"https://randomuser.me/api/portraits/thumb/women/7.jpg"},"nat":"NL"}],"info":{"seed":"2c5b16598176f510","results":1,"page":1,"version":"1.4"}} 
 </msg>
<msg time="2024-08-06T10:17:02.923889" level="INFO">/opt/hostedtoolcache/Python/3.12.4/x64/lib/python3.12/site-packages/urllib3/connectionpool.py:1099: InsecureRequestWarning: Unverified HTTPS request is being made to host 'randomuser.me'. Adding certificate verification is strongly advised. See: https://urllib3.readthedocs.io/en/latest/advanced-usage.html#tls-warnings
  warnings.warn(</msg>
<msg time="2024-08-06T10:17:02.923991" level="INFO">${response} = &lt;Response [200]&gt;</msg>
<var>${response}</var>
<arg>consultarAPI</arg>
<arg>/api</arg>
<doc>Sends a GET request on a previously created HTTP Session.</doc>
<status status="PASS" start="2024-08-06T10:17:02.871722" elapsed="0.052317"/>
</kw>
<kw name="Set Variable" owner="BuiltIn">
<msg time="2024-08-06T10:17:02.924948" level="INFO">${json_data} = {'results': [{'gender': 'female', 'name': {'title': 'Miss', 'first': 'Allisha', 'last': 'Klopper'}, 'location': {'street': {'number': 2234, 'name': 'Hezelaar'}, 'city': 'Dijken', 'state': 'Zeeland', '...</msg>
<var>${json_data}</var>
<arg>${response.json()}</arg>
<doc>Returns the given values which can then be assigned to a variables.</doc>
<status status="PASS" start="2024-08-06T10:17:02.924476" elapsed="0.000501"/>
</kw>
<kw name="Log" owner="BuiltIn">
<msg time="2024-08-06T10:17:02.925435" level="INFO">{'results': [{'gender': 'female', 'name': {'title': 'Miss', 'first': 'Allisha', 'last': 'Klopper'}, 'location': {'street': {'number': 2234, 'name': 'Hezelaar'}, 'city': 'Dijken', 'state': 'Zeeland', 'country': 'Netherlands', 'postcode': '8851 HZ', 'coordinates': {'latitude': '33.3615', 'longitude': '51.6087'}, 'timezone': {'offset': '-10:00', 'description': 'Hawaii'}}, 'email': 'allisha.klopper@example.com', 'login': {'uuid': '05213b2e-553c-428e-9143-d3881dafeae4', 'username': 'blueswan321', 'password': 'cooler', 'salt': 'vnXkI5Jh', 'md5': '80059835a902c0fefdf634aa61bf6ec8', 'sha1': '448fbcd046208f092c0fdc7e6d6eac1e06eea08e', 'sha256': '8af535572ae4e5e3b987e72707ae37c7e1cdf49ed096895ec9611d0799fb0b40'}, 'dob': {'date': '1975-05-31T17:12:47.751Z', 'age': 49}, 'registered': {'date': '2013-07-16T04:21:56.031Z', 'age': 11}, 'phone': '(086) 9969226', 'cell': '(06) 74541919', 'id': {'name': 'BSN', 'value': '03347422'}, 'picture': {'large': 'https://randomuser.me/api/portraits/women/7.jpg', 'medium': 'https://randomuser.me/api/portraits/med/women/7.jpg', 'thumbnail': 'https://randomuser.me/api/portraits/thumb/women/7.jpg'}, 'nat': 'NL'}], 'info': {'seed': '2c5b16598176f510', 'results': 1, 'page': 1, 'version': '1.4'}}</msg>
<arg>${json_data}</arg>
<doc>Logs the given message with the given level.</doc>
<status status="PASS" start="2024-08-06T10:17:02.925279" elapsed="0.000204"/>
</kw>
<kw name="Should Be String" owner="String">
<arg>${json_data['results'][0]['gender']}</arg>
<doc>Fails if the given ``item`` is not a string.</doc>
<status status="PASS" start="2024-08-06T10:17:02.925771" elapsed="0.000352"/>
</kw>
<kw name="Should Match Regexp" owner="BuiltIn">
<arg>${json_data['results'][0]['email']}</arg>
<arg>^[a-zA-Z0-9._%+-]+@[a-zA-Z0-9.-]+\.[a-zA-Z]{2,}$</arg>
<doc>Fails if ``string`` does not match ``pattern`` as a regular expression.</doc>
<status status="PASS" start="2024-08-06T10:17:02.926318" elapsed="0.000498"/>
</kw>
<kw name="Should Match Regexp" owner="BuiltIn">
<arg>${json_data['results'][0]['dob']['date']}</arg>
<arg>\\d{4}-\\d{2}-\\d{2}T\\d{2}:\\d{2}:\\d{2}\\.\\d{3}Z</arg>
<doc>Fails if ``string`` does not match ``pattern`` as a regular expression.</doc>
<status status="PASS" start="2024-08-06T10:17:02.927046" elapsed="0.000598"/>
</kw>
<kw name="Should Match Regexp" owner="BuiltIn">
<arg>${json_data['results'][0]['registered']['date']}</arg>
<arg>\\d{4}-\\d{2}-\\d{2}T\\d{2}:\\d{2}:\\d{2}\\.\\d{3}Z</arg>
<doc>Fails if ``string`` does not match ``pattern`` as a regular expression.</doc>
<status status="PASS" start="2024-08-06T10:17:02.927838" elapsed="0.000373"/>
</kw>
<kw name="Should Match Regexp" owner="BuiltIn">
<arg>${json_data['results'][0]['picture']['large']}</arg>
<arg>^https?://.*\.(?:png|jpe?g|gif|bmp)$</arg>
<doc>Fails if ``string`` does not match ``pattern`` as a regular expression.</doc>
<status status="PASS" start="2024-08-06T10:17:02.928394" elapsed="0.000480"/>
</kw>
<kw name="Should Match Regexp" owner="BuiltIn">
<arg>${json_data['results'][0]['picture']['medium']}</arg>
<arg>^https?://.*\.(?:png|jpe?g|gif|bmp)$</arg>
<doc>Fails if ``string`` does not match ``pattern`` as a regular expression.</doc>
<status status="PASS" start="2024-08-06T10:17:02.929063" elapsed="0.000357"/>
</kw>
<kw name="Should Match Regexp" owner="BuiltIn">
<arg>${json_data['results'][0]['picture']['thumbnail']}</arg>
<arg>^https?://.*\.(?:png|jpe?g|gif|bmp)$</arg>
<doc>Fails if ``string`` does not match ``pattern`` as a regular expression.</doc>
<status status="PASS" start="2024-08-06T10:17:02.929602" elapsed="0.000358"/>
</kw>
<kw name="Log" owner="BuiltIn">
<msg time="2024-08-06T10:17:02.930462" level="INFO">{'large': 'https://randomuser.me/api/portraits/women/7.jpg', 'medium': 'https://randomuser.me/api/portraits/med/women/7.jpg', 'thumbnail': 'https://randomuser.me/api/portraits/thumb/women/7.jpg'}</msg>
<arg>${json_data['results'][0]['picture']}</arg>
<doc>Logs the given message with the given level.</doc>
<status status="PASS" start="2024-08-06T10:17:02.930141" elapsed="0.000363"/>
</kw>
<status status="PASS" start="2024-08-06T10:17:02.871496" elapsed="0.059261"/>
</kw>
<kw name="Teste de Tipos de Dados - Postcode" owner="random-user-service">
<kw name="GET On Session" owner="RequestsLibrary">
<msg time="2024-08-06T10:17:03.031244" level="INFO">GET Request : url=https://randomuser.me/api 
 path_url=/api 
 headers={'User-Agent': 'python-requests/2.32.3', 'Accept-Encoding': 'gzip, deflate', 'Accept': '*/*', 'Connection': 'keep-alive'} 
 body=None 
 </msg>
<msg time="2024-08-06T10:17:03.031325" level="INFO">GET Response : url=https://randomuser.me/api 
 status=200, reason=OK 
 headers={'Date': 'Tue, 06 Aug 2024 10:17:03 GMT', 'Content-Type': 'application/json; charset=utf-8', 'Transfer-Encoding': 'chunked', 'Connection': 'keep-alive', 'X-Powered-By': 'Express', 'Access-Control-Allow-Origin': '*', 'Cache-Control': 'no-cache', 'ETag': 'W/"484-KjGoKhuzusm2p4Sy7O1eNAE6HNg"', 'Vary': 'Accept-Encoding', 'Content-Encoding': 'gzip', 'CF-Cache-Status': 'DYNAMIC', 'Report-To': '{"endpoints":[{"url":"https:\\/\\/a.nel.cloudflare.com\\/report\\/v4?s=B6Xrc4bPFPNVuXO0t57BwFPZe8fg6JRJtRQcK5T41mZyogfTb0CTVNYt7N%2BAJk%2Fjuuj1RlWbT9t9ifl3JXlNYP9sVnSYSVxoszOF16ozikTu2h%2FTLUnKyU%2BjzjC2rQY1"}],"group":"cf-nel","max_age":604800}', 'NEL': '{"success_fraction":0,"report_to":"cf-nel","max_age":604800}', 'Server': 'cloudflare', 'CF-RAY': '8aee46615fbb10d4-ORD', 'alt-svc': 'h3=":443"; ma=86400'} 
 body={"results":[{"gender":"male","name":{"title":"Mr","first":"Bogdan","last":"Grosse"},"location":{"street":{"number":166,"name":"Kastanienweg"},"city":"Krakow am See","state":"Bremen","country":"Germany","postcode":32684,"coordinates":{"latitude":"-55.2789","longitude":"-22.3086"},"timezone":{"offset":"-12:00","description":"Eniwetok, Kwajalein"}},"email":"bogdan.grosse@example.com","login":{"uuid":"14007744-ec39-4efa-ae8e-9a3fbce2ceaf","username":"lazytiger649","password":"thx1138","salt":"7UnJ37Pj","md5":"22ca6377f13c1b09e06214f0ce4dd92f","sha1":"c25428c9a67f092a6b1f07ce4c5034799d48c218","sha256":"f40f528617c01e8b1d119d021b4ee401db13c69fad8b54e9870a0dbbcb6fe1ad"},"dob":{"date":"1982-06-20T06:03:43.483Z","age":42},"registered":{"date":"2006-07-31T05:45:13.978Z","age":18},"phone":"0778-1786932","cell":"0179-9485844","id":{"name":"SVNR","value":"81 200682 G 418"},"picture":{"large":"https://randomuser.me/api/portraits/men/94.jpg","medium":"https://randomuser.me/api/portraits/med/men/94.jpg","thumbnail":"https://randomuser.me/api/portraits/thumb/men/94.jpg"},"nat":"DE"}],"info":{"seed":"d99867d025791333","results":1,"page":1,"version":"1.4"}} 
 </msg>
<msg time="2024-08-06T10:17:03.031395" level="INFO">/opt/hostedtoolcache/Python/3.12.4/x64/lib/python3.12/site-packages/urllib3/connectionpool.py:1099: InsecureRequestWarning: Unverified HTTPS request is being made to host 'randomuser.me'. Adding certificate verification is strongly advised. See: https://urllib3.readthedocs.io/en/latest/advanced-usage.html#tls-warnings
  warnings.warn(</msg>
<msg time="2024-08-06T10:17:03.031509" level="INFO">${response} = &lt;Response [200]&gt;</msg>
<var>${response}</var>
<arg>consultarAPI</arg>
<arg>/api</arg>
<doc>Sends a GET request on a previously created HTTP Session.</doc>
<status status="PASS" start="2024-08-06T10:17:02.931179" elapsed="0.100380"/>
</kw>
<kw name="Set Variable" owner="BuiltIn">
<msg time="2024-08-06T10:17:03.032390" level="INFO">${json_data} = {'results': [{'gender': 'male', 'name': {'title': 'Mr', 'first': 'Bogdan', 'last': 'Grosse'}, 'location': {'street': {'number': 166, 'name': 'Kastanienweg'}, 'city': 'Krakow am See', 'state': 'Bremen'...</msg>
<var>${json_data}</var>
<arg>${response.json()}</arg>
<doc>Returns the given values which can then be assigned to a variables.</doc>
<status status="PASS" start="2024-08-06T10:17:03.031947" elapsed="0.000471"/>
</kw>
<kw name="Log" owner="BuiltIn">
<msg time="2024-08-06T10:17:03.032915" level="INFO">{'results': [{'gender': 'male', 'name': {'title': 'Mr', 'first': 'Bogdan', 'last': 'Grosse'}, 'location': {'street': {'number': 166, 'name': 'Kastanienweg'}, 'city': 'Krakow am See', 'state': 'Bremen', 'country': 'Germany', 'postcode': 32684, 'coordinates': {'latitude': '-55.2789', 'longitude': '-22.3086'}, 'timezone': {'offset': '-12:00', 'description': 'Eniwetok, Kwajalein'}}, 'email': 'bogdan.grosse@example.com', 'login': {'uuid': '14007744-ec39-4efa-ae8e-9a3fbce2ceaf', 'username': 'lazytiger649', 'password': 'thx1138', 'salt': '7UnJ37Pj', 'md5': '22ca6377f13c1b09e06214f0ce4dd92f', 'sha1': 'c25428c9a67f092a6b1f07ce4c5034799d48c218', 'sha256': 'f40f528617c01e8b1d119d021b4ee401db13c69fad8b54e9870a0dbbcb6fe1ad'}, 'dob': {'date': '1982-06-20T06:03:43.483Z', 'age': 42}, 'registered': {'date': '2006-07-31T05:45:13.978Z', 'age': 18}, 'phone': '0778-1786932', 'cell': '0179-9485844', 'id': {'name': 'SVNR', 'value': '81 200682 G 418'}, 'picture': {'large': 'https://randomuser.me/api/portraits/men/94.jpg', 'medium': 'https://randomuser.me/api/portraits/med/men/94.jpg', 'thumbnail': 'https://randomuser.me/api/portraits/thumb/men/94.jpg'}, 'nat': 'DE'}], 'info': {'seed': 'd99867d025791333', 'results': 1, 'page': 1, 'version': '1.4'}}</msg>
<arg>${json_data}</arg>
<doc>Logs the given message with the given level.</doc>
<status status="PASS" start="2024-08-06T10:17:03.032721" elapsed="0.000242"/>
</kw>
<kw name="Should Be Equal As Numbers" owner="BuiltIn">
<arg>${json_data['results'][0]['location']['postcode']}</arg>
<arg>${json_data['results'][0]['location']['postcode']}</arg>
<doc>Fails if objects are unequal after converting them to real numbers.</doc>
<status status="PASS" start="2024-08-06T10:17:03.033260" elapsed="0.000614"/>
</kw>
<kw name="Log" owner="BuiltIn">
<msg time="2024-08-06T10:17:03.034394" level="INFO">32684</msg>
<arg>${json_data['results'][0]['location']['postcode']}</arg>
<doc>Logs the given message with the given level.</doc>
<status status="PASS" start="2024-08-06T10:17:03.034063" elapsed="0.000373"/>
</kw>
<status status="PASS" start="2024-08-06T10:17:02.930965" elapsed="0.103747"/>
</kw>
<doc>Testa se os tipos de dados na resposta da API estão corretos.</doc>
<tag>testeTiposDados</tag>
<status status="PASS" start="2024-08-06T10:17:02.871093" elapsed="0.163780"/>
</test>
<test id="s1-s1-t5" name="Validar conteudo" line="35">
<kw name="Teste de Tipos de Conteudo" owner="random-user-service">
<kw name="GET On Session" owner="RequestsLibrary">
<msg time="2024-08-06T10:17:03.134892" level="INFO">GET Request : url=https://randomuser.me/api 
 path_url=/api 
 headers={'User-Agent': 'python-requests/2.32.3', 'Accept-Encoding': 'gzip, deflate', 'Accept': '*/*', 'Connection': 'keep-alive'} 
 body=None 
 </msg>
<msg time="2024-08-06T10:17:03.134954" level="INFO">GET Response : url=https://randomuser.me/api 
 status=200, reason=OK 
 headers={'Date': 'Tue, 06 Aug 2024 10:17:03 GMT', 'Content-Type': 'application/json; charset=utf-8', 'Transfer-Encoding': 'chunked', 'Connection': 'keep-alive', 'X-Powered-By': 'Express', 'Access-Control-Allow-Origin': '*', 'Cache-Control': 'no-cache', 'ETag': 'W/"49c-/vPzrYL5e7jdVMqGhUmJ7iLUFVc"', 'Vary': 'Accept-Encoding', 'Content-Encoding': 'gzip', 'CF-Cache-Status': 'DYNAMIC', 'Report-To': '{"endpoints":[{"url":"https:\\/\\/a.nel.cloudflare.com\\/report\\/v4?s=DtNG7%2FVSX4OM8AR9bF%2FsnllGwMOdh4dTVV9%2BUFLPWcXNLie9nIGu06H2nClQQCp5j2y9ysum5RlmTWHJAmkbPBazxr6YFyAXxlDpQ9Qb1PlgzhgrXWAu%2BuUCgXUkYOq2"}],"group":"cf-nel","max_age":604800}', 'NEL': '{"success_fraction":0,"report_to":"cf-nel","max_age":604800}', 'Server': 'cloudflare', 'CF-RAY': '8aee4662085310d4-ORD', 'alt-svc': 'h3=":443"; ma=86400'} 
 body={"results":[{"gender":"male","name":{"title":"Mr","first":"Julius","last":"Hager"},"location":{"street":{"number":3889,"name":"Brunnenstraße"},"city":"Markkleeberg","state":"Brandenburg","country":"Germany","postcode":19458,"coordinates":{"latitude":"-50.8901","longitude":"-167.3439"},"timezone":{"offset":"+1:00","description":"Brussels, Copenhagen, Madrid, Paris"}},"email":"julius.hager@example.com","login":{"uuid":"84762831-0244-4695-a608-d38ac6578eda","username":"angryleopard855","password":"general","salt":"ckqtzMwP","md5":"2a30533e0c33e947d68d0a4026994b62","sha1":"de4ac9b676d328c85b7b2c9fffc13bda5f163390","sha256":"9a74811082f0ec895794e9152f1131ffd42f868c10a173f441bd6e3806b585c8"},"dob":{"date":"1957-01-24T04:45:57.769Z","age":67},"registered":{"date":"2013-02-13T06:09:24.653Z","age":11},"phone":"0733-4588664","cell":"0173-2130682","id":{"name":"SVNR","value":"75 230157 H 316"},"picture":{"large":"https://randomuser.me/api/portraits/men/65.jpg","medium":"https://randomuser.me/api/portraits/med/men/65.jpg","thumbnail":"https://randomuser.me/api/portraits/thumb/men/65.jpg"},"nat":"DE"}],"info":{"seed":"237034889362aa45","results":1,"page":1,"version":"1.4"}} 
 </msg>
<msg time="2024-08-06T10:17:03.135009" level="INFO">/opt/hostedtoolcache/Python/3.12.4/x64/lib/python3.12/site-packages/urllib3/connectionpool.py:1099: InsecureRequestWarning: Unverified HTTPS request is being made to host 'randomuser.me'. Adding certificate verification is strongly advised. See: https://urllib3.readthedocs.io/en/latest/advanced-usage.html#tls-warnings
  warnings.warn(</msg>
<msg time="2024-08-06T10:17:03.135093" level="INFO">${response} = &lt;Response [200]&gt;</msg>
<var>${response}</var>
<arg>consultarAPI</arg>
<arg>/api</arg>
<doc>Sends a GET request on a previously created HTTP Session.</doc>
<status status="PASS" start="2024-08-06T10:17:03.037646" elapsed="0.097480"/>
</kw>
<kw name="Set Variable" owner="BuiltIn">
<msg time="2024-08-06T10:17:03.136149" level="INFO">${json_data} = {'results': [{'gender': 'male', 'name': {'title': 'Mr', 'first': 'Julius', 'last': 'Hager'}, 'location': {'street': {'number': 3889, 'name': 'Brunnenstraße'}, 'city': 'Markkleeberg', 'state': 'Branden...</msg>
<var>${json_data}</var>
<arg>${response.json()}</arg>
<doc>Returns the given values which can then be assigned to a variables.</doc>
<status status="PASS" start="2024-08-06T10:17:03.135575" elapsed="0.000602"/>
</kw>
<kw name="Set Variable" owner="BuiltIn">
<msg time="2024-08-06T10:17:03.136904" level="INFO">${name_title} = Mr</msg>
<var>${name_title}</var>
<arg>${json_data["results"][0]["name"]["title"]}</arg>
<doc>Returns the given values which can then be assigned to a variables.</doc>
<status status="PASS" start="2024-08-06T10:17:03.136485" elapsed="0.000453"/>
</kw>
<kw name="Create List" owner="BuiltIn">
<msg time="2024-08-06T10:17:03.137387" level="INFO">${allowed_titles} = ['Mr', 'Ms', 'Miss', 'Mrs', 'Madame', 'Monsieur']</msg>
<var>${allowed_titles}</var>
<arg>Mr</arg>
<arg>Ms</arg>
<arg>Miss</arg>
<arg>Mrs</arg>
<arg>Madame</arg>
<arg>Monsieur</arg>
<doc>Returns a list containing given items.</doc>
<status status="PASS" start="2024-08-06T10:17:03.137236" elapsed="0.000176"/>
</kw>
<kw name="List Should Contain Value" owner="Collections">
<arg>${allowed_titles}</arg>
<arg>${name_title}</arg>
<doc>Fails if the ``value`` is not found from ``list``.</doc>
<status status="PASS" start="2024-08-06T10:17:03.137712" elapsed="0.000177"/>
</kw>
<kw name="Set Variable" owner="BuiltIn">
<msg time="2024-08-06T10:17:03.138439" level="INFO">${name_country} = DE</msg>
<var>${name_country}</var>
<arg>${json_data["results"][0]["nat"]}</arg>
<doc>Returns the given values which can then be assigned to a variables.</doc>
<status status="PASS" start="2024-08-06T10:17:03.138067" elapsed="0.000397"/>
</kw>
<kw name="Create List" owner="BuiltIn">
<msg time="2024-08-06T10:17:03.139342" level="INFO">${list_country} = ['AD', 'AE', 'AF', 'AG', 'AI', 'AL', 'AM', 'AO', 'AQ', 'AR', 'AS', 'AT', 'AU', 'AW', 'AX', 'AZ', 'BA', 'BB', 'BD', 'BE', 'BF', 'BG', 'BH', 'BI', 'BJ', 'BL', 'BM', 'BN', 'BO', 'BQ', 'BR', 'BS', 'BT', '...</msg>
<var>${list_country}</var>
<arg>AD</arg>
<arg>AE</arg>
<arg>AF</arg>
<arg>AG</arg>
<arg>AI</arg>
<arg>AL</arg>
<arg>AM</arg>
<arg>AO</arg>
<arg>AQ</arg>
<arg>AR</arg>
<arg>AS</arg>
<arg>AT</arg>
<arg>AU</arg>
<arg>AW</arg>
<arg>AX</arg>
<arg>AZ</arg>
<arg>BA</arg>
<arg>BB</arg>
<arg>BD</arg>
<arg>BE</arg>
<arg>BF</arg>
<arg>BG</arg>
<arg>BH</arg>
<arg>BI</arg>
<arg>BJ</arg>
<arg>BL</arg>
<arg>BM</arg>
<arg>BN</arg>
<arg>BO</arg>
<arg>BQ</arg>
<arg>BR</arg>
<arg>BS</arg>
<arg>BT</arg>
<arg>BV</arg>
<arg>BW</arg>
<arg>BY</arg>
<arg>BZ</arg>
<arg>CA</arg>
<arg>CC</arg>
<arg>CD</arg>
<arg>CF</arg>
<arg>CG</arg>
<arg>CH</arg>
<arg>CI</arg>
<arg>CK</arg>
<arg>CL</arg>
<arg>CM</arg>
<arg>CN</arg>
<arg>CO</arg>
<arg>CR</arg>
<arg>CU</arg>
<arg>CV</arg>
<arg>CW</arg>
<arg>CX</arg>
<arg>CY</arg>
<arg>CZ</arg>
<arg>DE</arg>
<arg>DJ</arg>
<arg>DK</arg>
<arg>DM</arg>
<arg>DO</arg>
<arg>DZ</arg>
<arg>EC</arg>
<arg>EE</arg>
<arg>EG</arg>
<arg>EH</arg>
<arg>ER</arg>
<arg>ES</arg>
<arg>ET</arg>
<arg>FI</arg>
<arg>FJ</arg>
<arg>FK</arg>
<arg>FM</arg>
<arg>FO</arg>
<arg>FR</arg>
<arg>GA</arg>
<arg>GB</arg>
<arg>GD</arg>
<arg>GE</arg>
<arg>GF</arg>
<arg>GG</arg>
<arg>GH</arg>
<arg>GI</arg>
<arg>GL</arg>
<arg>GM</arg>
<arg>GN</arg>
<arg>GP</arg>
<arg>GQ</arg>
<arg>GR</arg>
<arg>GS</arg>
<arg>GT</arg>
<arg>GU</arg>
<arg>GW</arg>
<arg>GY</arg>
<arg>HK</arg>
<arg>HM</arg>
<arg>HN</arg>
<arg>HR</arg>
<arg>HT</arg>
<arg>HU</arg>
<arg>ID</arg>
<arg>IE</arg>
<arg>IL</arg>
<arg>IM</arg>
<arg>IN</arg>
<arg>IO</arg>
<arg>IQ</arg>
<arg>IR</arg>
<arg>IS</arg>
<arg>IT</arg>
<arg>JE</arg>
<arg>JM</arg>
<arg>JO</arg>
<arg>JP</arg>
<arg>KE</arg>
<arg>KG</arg>
<arg>KH</arg>
<arg>KI</arg>
<arg>KM</arg>
<arg>KN</arg>
<arg>KP</arg>
<arg>KR</arg>
<arg>KW</arg>
<arg>KY</arg>
<arg>KZ</arg>
<arg>LA</arg>
<arg>LB</arg>
<arg>LC</arg>
<arg>LI</arg>
<arg>LK</arg>
<arg>LR</arg>
<arg>LS</arg>
<arg>LT</arg>
<arg>LU</arg>
<arg>LV</arg>
<arg>LY</arg>
<arg>MA</arg>
<arg>MC</arg>
<arg>MD</arg>
<arg>ME</arg>
<arg>MF</arg>
<arg>MG</arg>
<arg>MH</arg>
<arg>MK</arg>
<arg>ML</arg>
<arg>MM</arg>
<arg>MN</arg>
<arg>MO</arg>
<arg>MP</arg>
<arg>MQ</arg>
<arg>MR</arg>
<arg>MS</arg>
<arg>MT</arg>
<arg>MU</arg>
<arg>MV</arg>
<arg>MW</arg>
<arg>MX</arg>
<arg>MY</arg>
<arg>MZ</arg>
<arg>NA</arg>
<arg>NC</arg>
<arg>NE</arg>
<arg>NF</arg>
<arg>NG</arg>
<arg>NI</arg>
<arg>NL</arg>
<arg>NO</arg>
<arg>NP</arg>
<arg>NR</arg>
<arg>NU</arg>
<arg>NZ</arg>
<arg>OM</arg>
<arg>PA</arg>
<arg>PE</arg>
<arg>PF</arg>
<arg>PG</arg>
<arg>PH</arg>
<arg>PK</arg>
<arg>PL</arg>
<arg>PM</arg>
<arg>PN</arg>
<arg>PR</arg>
<arg>PS</arg>
<arg>PT</arg>
<arg>PW</arg>
<arg>PY</arg>
<arg>QA</arg>
<arg>RE</arg>
<arg>RO</arg>
<arg>RS</arg>
<arg>RU</arg>
<arg>RW</arg>
<arg>SA</arg>
<arg>SB</arg>
<arg>SC</arg>
<arg>SD</arg>
<arg>SE</arg>
<arg>SG</arg>
<arg>SH</arg>
<arg>SI</arg>
<arg>SJ</arg>
<arg>SK</arg>
<arg>SL</arg>
<arg>SM</arg>
<arg>SN</arg>
<arg>SO</arg>
<arg>SR</arg>
<arg>SS</arg>
<arg>ST</arg>
<arg>SV</arg>
<arg>SX</arg>
<arg>SY</arg>
<arg>SZ</arg>
<arg>TC</arg>
<arg>TD</arg>
<arg>TF</arg>
<arg>TG</arg>
<arg>TH</arg>
<arg>TJ</arg>
<arg>TK</arg>
<arg>TL</arg>
<arg>TM</arg>
<arg>TN</arg>
<arg>TO</arg>
<arg>TR</arg>
<arg>TT</arg>
<arg>TV</arg>
<arg>TW</arg>
<arg>TZ</arg>
<arg>UA</arg>
<arg>UG</arg>
<arg>UM</arg>
<arg>US</arg>
<arg>UY</arg>
<arg>UZ</arg>
<arg>VA</arg>
<arg>VC</arg>
<arg>VE</arg>
<arg>VG</arg>
<arg>VI</arg>
<arg>VN</arg>
<arg>VU</arg>
<arg>WF</arg>
<arg>WS</arg>
<arg>XK</arg>
<arg>YE</arg>
<arg>YT</arg>
<arg>ZA</arg>
<arg>ZM</arg>
<arg>ZW</arg>
<doc>Returns a list containing given items.</doc>
<status status="PASS" start="2024-08-06T10:17:03.138751" elapsed="0.000617"/>
</kw>
<kw name="List Should Contain Value" owner="Collections">
<arg>${list_country}</arg>
<arg>${name_country}</arg>
<doc>Fails if the ``value`` is not found from ``list``.</doc>
<status status="PASS" start="2024-08-06T10:17:03.140290" elapsed="0.000208"/>
</kw>
<kw name="Run Keyword If" owner="BuiltIn">
<kw name="Should Be True" owner="BuiltIn">
<arg>${True}</arg>
<doc>Fails if the given condition is not true.</doc>
<status status="PASS" start="2024-08-06T10:17:03.141496" elapsed="0.000145"/>
</kw>
<arg>${json_data["results"][0]["location"]["coordinates"]["latitude"]} &gt;= -90 and ${json_data["results"][0]["location"]["coordinates"]["latitude"]} &lt;= 90</arg>
<arg>Should Be True</arg>
<arg>${True}</arg>
<doc>Runs the given keyword with the given arguments, if ``condition`` is true.</doc>
<status status="PASS" start="2024-08-06T10:17:03.140693" elapsed="0.001074"/>
</kw>
<kw name="Run Keyword If" owner="BuiltIn">
<kw name="Should Be True" owner="BuiltIn">
<arg>${True}</arg>
<doc>Fails if the given condition is not true.</doc>
<status status="PASS" start="2024-08-06T10:17:03.142632" elapsed="0.000137"/>
</kw>
<arg>${json_data["results"][0]["location"]["coordinates"]["longitude"]} &gt;= -180 and ${json_data["results"][0]["location"]["coordinates"]["longitude"]} &lt;= 180</arg>
<arg>Should Be True</arg>
<arg>${True}</arg>
<doc>Runs the given keyword with the given arguments, if ``condition`` is true.</doc>
<status status="PASS" start="2024-08-06T10:17:03.141947" elapsed="0.000944"/>
</kw>
<status status="PASS" start="2024-08-06T10:17:03.037273" elapsed="0.105743"/>
</kw>
<doc>Testa o conteúdo específico dos campos retornados pela API.</doc>
<tag>testeConteudo</tag>
<status status="PASS" start="2024-08-06T10:17:03.036601" elapsed="0.106559"/>
</test>
<status status="PASS" start="2024-08-06T10:17:02.285429" elapsed="0.859640"/>
</suite>
<status status="PASS" start="2024-08-06T10:17:02.271138" elapsed="0.878958"/>
</suite>
<statistics>
<total>
<stat pass="5" fail="0" skip="0">All Tests</stat>
</total>
<tag>
<stat pass="1" fail="0" skip="0">testeConteudo</stat>
<stat pass="1" fail="0" skip="0">testeEstruturaResposta</stat>
<stat pass="1" fail="0" skip="0">testeRequisicaoBasica</stat>
<stat pass="1" fail="0" skip="0">testeTiposDados</stat>
</tag>
<suite>
<stat pass="5" fail="0" skip="0" id="s1" name="Tests">Tests</stat>
<stat pass="5" fail="0" skip="0" id="s1-s1" name="Random-User-Test">Tests.Random-User-Test</stat>
</suite>
</statistics>
<errors>
</errors>
</robot>
