<?xml version="1.0" encoding="UTF-8"?>
<robot generator="Robot 7.0 (Python 3.12.3 on linux)" generated="2024-06-10T15:17:13.161895" rpa="false" schemaversion="5">
<suite id="s1" name="Tests" source="/home/runner/work/ApiRandomUser/ApiRandomUser/RamdonUser/tests">
<suite id="s1-s1" name="Random-User-Test" source="/home/runner/work/ApiRandomUser/ApiRandomUser/RamdonUser/tests/random-user-test.robot">
<test id="s1-s1-t1" name="Conectar" line="13">
<kw name="Conectar API" owner="random-user-service">
<kw name="Create Session" owner="RequestsLibrary">
<msg time="2024-06-10T15:17:13.543161" level="INFO">Creating Session using : alias=consultarAPI, url=https://randomuser.me/, headers={},                     cookies={}, auth=None, timeout=None, proxies=None, verify=False,                     debug=0 </msg>
<arg>consultarAPI</arg>
<arg>${URL}</arg>
<doc>Create Session: create a HTTP session to a server</doc>
<status status="PASS" start="2024-06-10T15:17:13.542958" elapsed="0.000376"/>
</kw>
<status status="PASS" start="2024-06-10T15:17:13.541979" elapsed="0.001738"/>
</kw>
<status status="PASS" start="2024-06-10T15:17:13.541461" elapsed="0.002450"/>
</test>
<test id="s1-s1-t2" name="Validar retorno 200 e JSON Válido" line="16">
<kw name="Teste de Requisicao Basica" owner="random-user-service">
<kw name="GET On Session" owner="RequestsLibrary">
<msg time="2024-06-10T15:17:13.619208" level="INFO">GET Request : url=https://randomuser.me/api 
 path_url=/api 
 headers={'User-Agent': 'python-requests/2.32.3', 'Accept-Encoding': 'gzip, deflate', 'Accept': '*/*', 'Connection': 'keep-alive'} 
 body=None 
 </msg>
<msg time="2024-06-10T15:17:13.619397" level="INFO">GET Response : url=https://randomuser.me/api 
 status=200, reason=OK 
 headers={'Date': 'Mon, 10 Jun 2024 15:17:13 GMT', 'Content-Type': 'application/json; charset=utf-8', 'Transfer-Encoding': 'chunked', 'Connection': 'keep-alive', 'X-Powered-By': 'Express', 'Access-Control-Allow-Origin': '*', 'Cache-Control': 'no-cache', 'ETag': 'W/"475-Zlq5UlhvGCvRAIqgiYYXGDov8HY"', 'Vary': 'Accept-Encoding', 'Content-Encoding': 'gzip', 'CF-Cache-Status': 'DYNAMIC', 'Report-To': '{"endpoints":[{"url":"https:\\/\\/a.nel.cloudflare.com\\/report\\/v4?s=fq42DmiLKWNVuOUGjECzB6jVBjsbEA0ytQxKbedyAGSq72aWLmGrpO6XeKKd35tBsurjOiA%2FYvF1GtGX%2B%2Bd6wZ6lKjDxnIk4YkLeOCgcKT%2B2y0%2BBHJrYSo0jKT8LSLS7"}],"group":"cf-nel","max_age":604800}', 'NEL': '{"success_fraction":0,"report_to":"cf-nel","max_age":604800}', 'Server': 'cloudflare', 'CF-RAY': '891a53b7eb375aff-IAD', 'alt-svc': 'h3=":443"; ma=86400'} 
 body={"results":[{"gender":"male","name":{"title":"Mr","first":"Hugo","last":"Patel"},"location":{"street":{"number":6105,"name":"Abbotts Way"},"city":"Rotorua","state":"Bay of Plenty","country":"New Zealand","postcode":58559,"coordinates":{"latitude":"52.1427","longitude":"-40.7703"},"timezone":{"offset":"-11:00","description":"Midway Island, Samoa"}},"email":"hugo.patel@example.com","login":{"uuid":"79090a18-4a89-4f5e-a280-be63457426da","username":"lazybird745","password":"bedford","salt":"sNIM9v54","md5":"6fd076609a06c1afdd68e420a08c063a","sha1":"be0fbd70ecd5d84a70f5bd2b239c86f5f4ccbb09","sha256":"a240a0eee2b650d84bcdfa3b3cceab27acd4a75865c065f0acb65b0b9a508e41"},"dob":{"date":"1995-09-29T22:55:32.459Z","age":28},"registered":{"date":"2010-07-02T08:36:01.813Z","age":13},"phone":"(234)-214-8652","cell":"(249)-955-1212","id":{"name":"","value":null},"picture":{"large":"https://randomuser.me/api/portraits/men/22.jpg","medium":"https://randomuser.me/api/portraits/med/men/22.jpg","thumbnail":"https://randomuser.me/api/portraits/thumb/men/22.jpg"},"nat":"NZ"}],"info":{"seed":"da2206de228ab372","results":1,"page":1,"version":"1.4"}} 
 </msg>
<msg time="2024-06-10T15:17:13.619546" level="INFO">/opt/hostedtoolcache/Python/3.12.3/x64/lib/python3.12/site-packages/urllib3/connectionpool.py:1103: InsecureRequestWarning: Unverified HTTPS request is being made to host 'randomuser.me'. Adding certificate verification is strongly advised. See: https://urllib3.readthedocs.io/en/latest/advanced-usage.html#tls-warnings
  warnings.warn(</msg>
<msg time="2024-06-10T15:17:13.619725" level="INFO">${response} = &lt;Response [200]&gt;</msg>
<var>${response}</var>
<arg>consultarAPI</arg>
<arg>/api</arg>
<doc>Sends a GET request on a previously created HTTP Session.</doc>
<status status="PASS" start="2024-06-10T15:17:13.546549" elapsed="0.073222"/>
</kw>
<kw name="Should Be Equal As Numbers" owner="BuiltIn">
<msg time="2024-06-10T15:17:13.621047" level="INFO">Argument types are:
&lt;class 'int'&gt;
&lt;class 'str'&gt;</msg>
<arg>${response.status_code}</arg>
<arg>200</arg>
<doc>Fails if objects are unequal after converting them to real numbers.</doc>
<status status="PASS" start="2024-06-10T15:17:13.620366" elapsed="0.000784"/>
</kw>
<kw name="Log" owner="BuiltIn">
<msg time="2024-06-10T15:17:13.622229" level="INFO">200</msg>
<arg>${response.status_code}</arg>
<doc>Logs the given message with the given level.</doc>
<status status="PASS" start="2024-06-10T15:17:13.621674" elapsed="0.000629"/>
</kw>
<kw name="Set Variable" owner="BuiltIn">
<msg time="2024-06-10T15:17:13.623466" level="INFO">${json_data} = {'results': [{'gender': 'male', 'name': {'title': 'Mr', 'first': 'Hugo', 'last': 'Patel'}, 'location': {'street': {'number': 6105, 'name': 'Abbotts Way'}, 'city': 'Rotorua', 'state': 'Bay of Plenty', ...</msg>
<var>${json_data}</var>
<arg>${response.json()}</arg>
<doc>Returns the given values which can then be assigned to a variables.</doc>
<status status="PASS" start="2024-06-10T15:17:13.622738" elapsed="0.000780"/>
</kw>
<kw name="Dictionary Should Contain Key" owner="Collections">
<msg time="2024-06-10T15:17:13.624276" level="INFO">False</msg>
<arg>${json_data}</arg>
<arg>results</arg>
<doc>Fails if ``key`` is not found from ``dictionary``.</doc>
<status status="PASS" start="2024-06-10T15:17:13.624009" elapsed="0.000336"/>
</kw>
<status status="PASS" start="2024-06-10T15:17:13.546306" elapsed="0.078453"/>
</kw>
<doc>Testa se a API responde corretamente e retorna um objeto JSON válido.</doc>
<tag>testeRequisicaoBasica</tag>
<status status="PASS" start="2024-06-10T15:17:13.545842" elapsed="0.079199"/>
</test>
<test id="s1-s1-t3" name="Validar estrutura de resposta" line="22">
<kw name="Teste de Estrutura de Resposta" owner="random-user-service">
<kw name="GET On Session" owner="RequestsLibrary">
<msg time="2024-06-10T15:17:13.725987" level="INFO">GET Request : url=https://randomuser.me/api 
 path_url=/api 
 headers={'User-Agent': 'python-requests/2.32.3', 'Accept-Encoding': 'gzip, deflate', 'Accept': '*/*', 'Connection': 'keep-alive'} 
 body=None 
 </msg>
<msg time="2024-06-10T15:17:13.726081" level="INFO">GET Response : url=https://randomuser.me/api 
 status=200, reason=OK 
 headers={'Date': 'Mon, 10 Jun 2024 15:17:13 GMT', 'Content-Type': 'application/json; charset=utf-8', 'Transfer-Encoding': 'chunked', 'Connection': 'keep-alive', 'X-Powered-By': 'Express', 'Access-Control-Allow-Origin': '*', 'Cache-Control': 'no-cache', 'ETag': 'W/"461-gXztIynH8D1zHJzuSXfXTfgKp5Q"', 'Vary': 'Accept-Encoding', 'Content-Encoding': 'gzip', 'CF-Cache-Status': 'DYNAMIC', 'Report-To': '{"endpoints":[{"url":"https:\\/\\/a.nel.cloudflare.com\\/report\\/v4?s=kNcw2HBZhOF64qFLQo4IjITCa6QemmWtoAOibYoZWzx6QfhywGlOuCivImUOsyhNex3K9Td3z6GISgsi8Hd%2BhAsbq%2BqEquPWvgpnxr2UVxvMBb0pICnAtabIVuzWaQAJ"}],"group":"cf-nel","max_age":604800}', 'NEL': '{"success_fraction":0,"report_to":"cf-nel","max_age":604800}', 'Server': 'cloudflare', 'CF-RAY': '891a53b83b825aff-IAD', 'alt-svc': 'h3=":443"; ma=86400'} 
 body={"results":[{"gender":"male","name":{"title":"Mr","first":"Timian","last":"Nordal"},"location":{"street":{"number":9687,"name":"Brattbakken"},"city":"Bismo","state":"Troms - Romsa","country":"Norway","postcode":"6149","coordinates":{"latitude":"47.0473","longitude":"-76.3150"},"timezone":{"offset":"+4:30","description":"Kabul"}},"email":"timian.nordal@example.com","login":{"uuid":"e9af10d4-286a-451e-ae23-91dad664baee","username":"blackduck617","password":"toni","salt":"hGyNth5P","md5":"2d352d9f97b5fe9e6799fd60532f6f89","sha1":"2d1f81d2e2596567bec392285adc8249ede1653a","sha256":"4edb8cd1987e673681979edc20278f9e6ef1c01b5a8af82cb4e26d1e96692892"},"dob":{"date":"1950-09-02T11:58:29.876Z","age":73},"registered":{"date":"2018-12-17T09:08:33.856Z","age":5},"phone":"73426698","cell":"47427075","id":{"name":"FN","value":"02095005198"},"picture":{"large":"https://randomuser.me/api/portraits/men/63.jpg","medium":"https://randomuser.me/api/portraits/med/men/63.jpg","thumbnail":"https://randomuser.me/api/portraits/thumb/men/63.jpg"},"nat":"NO"}],"info":{"seed":"322a4bc1e41d10ea","results":1,"page":1,"version":"1.4"}} 
 </msg>
<msg time="2024-06-10T15:17:13.726215" level="INFO">/opt/hostedtoolcache/Python/3.12.3/x64/lib/python3.12/site-packages/urllib3/connectionpool.py:1103: InsecureRequestWarning: Unverified HTTPS request is being made to host 'randomuser.me'. Adding certificate verification is strongly advised. See: https://urllib3.readthedocs.io/en/latest/advanced-usage.html#tls-warnings
  warnings.warn(</msg>
<msg time="2024-06-10T15:17:13.726345" level="INFO">${response} = &lt;Response [200]&gt;</msg>
<var>${response}</var>
<arg>consultarAPI</arg>
<arg>/api</arg>
<doc>Sends a GET request on a previously created HTTP Session.</doc>
<status status="PASS" start="2024-06-10T15:17:13.629118" elapsed="0.097274"/>
</kw>
<kw name="Set Variable" owner="BuiltIn">
<msg time="2024-06-10T15:17:13.727267" level="INFO">${json_data} = {'results': [{'gender': 'male', 'name': {'title': 'Mr', 'first': 'Timian', 'last': 'Nordal'}, 'location': {'street': {'number': 9687, 'name': 'Brattbakken'}, 'city': 'Bismo', 'state': 'Troms - Romsa',...</msg>
<var>${json_data}</var>
<arg>${response.json()}</arg>
<doc>Returns the given values which can then be assigned to a variables.</doc>
<status status="PASS" start="2024-06-10T15:17:13.726799" elapsed="0.000497"/>
</kw>
<kw name="Log" owner="BuiltIn">
<msg time="2024-06-10T15:17:13.727823" level="INFO">{'results': [{'gender': 'male', 'name': {'title': 'Mr', 'first': 'Timian', 'last': 'Nordal'}, 'location': {'street': {'number': 9687, 'name': 'Brattbakken'}, 'city': 'Bismo', 'state': 'Troms - Romsa', 'country': 'Norway', 'postcode': '6149', 'coordinates': {'latitude': '47.0473', 'longitude': '-76.3150'}, 'timezone': {'offset': '+4:30', 'description': 'Kabul'}}, 'email': 'timian.nordal@example.com', 'login': {'uuid': 'e9af10d4-286a-451e-ae23-91dad664baee', 'username': 'blackduck617', 'password': 'toni', 'salt': 'hGyNth5P', 'md5': '2d352d9f97b5fe9e6799fd60532f6f89', 'sha1': '2d1f81d2e2596567bec392285adc8249ede1653a', 'sha256': '4edb8cd1987e673681979edc20278f9e6ef1c01b5a8af82cb4e26d1e96692892'}, 'dob': {'date': '1950-09-02T11:58:29.876Z', 'age': 73}, 'registered': {'date': '2018-12-17T09:08:33.856Z', 'age': 5}, 'phone': '73426698', 'cell': '47427075', 'id': {'name': 'FN', 'value': '02095005198'}, 'picture': {'large': 'https://randomuser.me/api/portraits/men/63.jpg', 'medium': 'https://randomuser.me/api/portraits/med/men/63.jpg', 'thumbnail': 'https://randomuser.me/api/portraits/thumb/men/63.jpg'}, 'nat': 'NO'}], 'info': {'seed': '322a4bc1e41d10ea', 'results': 1, 'page': 1, 'version': '1.4'}}</msg>
<arg>${json_data}</arg>
<doc>Logs the given message with the given level.</doc>
<status status="PASS" start="2024-06-10T15:17:13.727664" elapsed="0.000214"/>
</kw>
<kw name="Dictionary Should Contain Key" owner="Collections">
<msg time="2024-06-10T15:17:13.728339" level="INFO">False</msg>
<arg>${json_data}</arg>
<arg>results</arg>
<doc>Fails if ``key`` is not found from ``dictionary``.</doc>
<status status="PASS" start="2024-06-10T15:17:13.728183" elapsed="0.000194"/>
</kw>
<kw name="Should Not Be Empty" owner="BuiltIn">
<msg time="2024-06-10T15:17:13.728810" level="INFO">Length is 2.</msg>
<arg>${json_data}</arg>
<doc>Verifies that the given item is not empty.</doc>
<status status="PASS" start="2024-06-10T15:17:13.728674" elapsed="0.000174"/>
</kw>
<kw name="Create List" owner="BuiltIn">
<msg time="2024-06-10T15:17:13.729425" level="INFO">${expected_keys} = ['gender', 'name', 'location', 'email', 'login']</msg>
<var>${expected_keys}</var>
<arg>gender</arg>
<arg>name</arg>
<arg>location</arg>
<arg>email</arg>
<arg>login</arg>
<doc>Returns a list containing given items.</doc>
<status status="PASS" start="2024-06-10T15:17:13.729136" elapsed="0.000315"/>
</kw>
<for flavor="IN">
<iter>
<kw name="Dictionary Should Contain Key" owner="Collections">
<msg time="2024-06-10T15:17:13.730462" level="INFO">False</msg>
<arg>${json_data['results'][0]}</arg>
<arg>${key}</arg>
<doc>Fails if ``key`` is not found from ``dictionary``.</doc>
<status status="PASS" start="2024-06-10T15:17:13.730054" elapsed="0.000448"/>
</kw>
<kw name="Log" owner="BuiltIn">
<msg time="2024-06-10T15:17:13.731172" level="INFO">{'gender': 'male', 'name': {'title': 'Mr', 'first': 'Timian', 'last': 'Nordal'}, 'location': {'street': {'number': 9687, 'name': 'Brattbakken'}, 'city': 'Bismo', 'state': 'Troms - Romsa', 'country': 'Norway', 'postcode': '6149', 'coordinates': {'latitude': '47.0473', 'longitude': '-76.3150'}, 'timezone': {'offset': '+4:30', 'description': 'Kabul'}}, 'email': 'timian.nordal@example.com', 'login': {'uuid': 'e9af10d4-286a-451e-ae23-91dad664baee', 'username': 'blackduck617', 'password': 'toni', 'salt': 'hGyNth5P', 'md5': '2d352d9f97b5fe9e6799fd60532f6f89', 'sha1': '2d1f81d2e2596567bec392285adc8249ede1653a', 'sha256': '4edb8cd1987e673681979edc20278f9e6ef1c01b5a8af82cb4e26d1e96692892'}, 'dob': {'date': '1950-09-02T11:58:29.876Z', 'age': 73}, 'registered': {'date': '2018-12-17T09:08:33.856Z', 'age': 5}, 'phone': '73426698', 'cell': '47427075', 'id': {'name': 'FN', 'value': '02095005198'}, 'picture': {'large': 'https://randomuser.me/api/portraits/men/63.jpg', 'medium': 'https://randomuser.me/api/portraits/med/men/63.jpg', 'thumbnail': 'https://randomuser.me/api/portraits/thumb/men/63.jpg'}, 'nat': 'NO'}</msg>
<arg>${json_data['results'][0]}</arg>
<doc>Logs the given message with the given level.</doc>
<status status="PASS" start="2024-06-10T15:17:13.730801" elapsed="0.000429"/>
</kw>
<kw name="Log" owner="BuiltIn">
<msg time="2024-06-10T15:17:13.731677" level="INFO">gender</msg>
<arg>${key}</arg>
<doc>Logs the given message with the given level.</doc>
<status status="PASS" start="2024-06-10T15:17:13.731546" elapsed="0.000169"/>
</kw>
<var name="${key}">gender</var>
<status status="PASS" start="2024-06-10T15:17:13.729915" elapsed="0.002019"/>
</iter>
<iter>
<kw name="Dictionary Should Contain Key" owner="Collections">
<msg time="2024-06-10T15:17:13.732624" level="INFO">False</msg>
<arg>${json_data['results'][0]}</arg>
<arg>${key}</arg>
<doc>Fails if ``key`` is not found from ``dictionary``.</doc>
<status status="PASS" start="2024-06-10T15:17:13.732238" elapsed="0.000422"/>
</kw>
<kw name="Log" owner="BuiltIn">
<msg time="2024-06-10T15:17:13.733351" level="INFO">{'gender': 'male', 'name': {'title': 'Mr', 'first': 'Timian', 'last': 'Nordal'}, 'location': {'street': {'number': 9687, 'name': 'Brattbakken'}, 'city': 'Bismo', 'state': 'Troms - Romsa', 'country': 'Norway', 'postcode': '6149', 'coordinates': {'latitude': '47.0473', 'longitude': '-76.3150'}, 'timezone': {'offset': '+4:30', 'description': 'Kabul'}}, 'email': 'timian.nordal@example.com', 'login': {'uuid': 'e9af10d4-286a-451e-ae23-91dad664baee', 'username': 'blackduck617', 'password': 'toni', 'salt': 'hGyNth5P', 'md5': '2d352d9f97b5fe9e6799fd60532f6f89', 'sha1': '2d1f81d2e2596567bec392285adc8249ede1653a', 'sha256': '4edb8cd1987e673681979edc20278f9e6ef1c01b5a8af82cb4e26d1e96692892'}, 'dob': {'date': '1950-09-02T11:58:29.876Z', 'age': 73}, 'registered': {'date': '2018-12-17T09:08:33.856Z', 'age': 5}, 'phone': '73426698', 'cell': '47427075', 'id': {'name': 'FN', 'value': '02095005198'}, 'picture': {'large': 'https://randomuser.me/api/portraits/men/63.jpg', 'medium': 'https://randomuser.me/api/portraits/med/men/63.jpg', 'thumbnail': 'https://randomuser.me/api/portraits/thumb/men/63.jpg'}, 'nat': 'NO'}</msg>
<arg>${json_data['results'][0]}</arg>
<doc>Logs the given message with the given level.</doc>
<status status="PASS" start="2024-06-10T15:17:13.732957" elapsed="0.000444"/>
</kw>
<kw name="Log" owner="BuiltIn">
<msg time="2024-06-10T15:17:13.733826" level="INFO">name</msg>
<arg>${key}</arg>
<doc>Logs the given message with the given level.</doc>
<status status="PASS" start="2024-06-10T15:17:13.733700" elapsed="0.000163"/>
</kw>
<var name="${key}">name</var>
<status status="PASS" start="2024-06-10T15:17:13.732123" elapsed="0.001953"/>
</iter>
<iter>
<kw name="Dictionary Should Contain Key" owner="Collections">
<msg time="2024-06-10T15:17:13.734737" level="INFO">False</msg>
<arg>${json_data['results'][0]}</arg>
<arg>${key}</arg>
<doc>Fails if ``key`` is not found from ``dictionary``.</doc>
<status status="PASS" start="2024-06-10T15:17:13.734366" elapsed="0.000409"/>
</kw>
<kw name="Log" owner="BuiltIn">
<msg time="2024-06-10T15:17:13.735440" level="INFO">{'gender': 'male', 'name': {'title': 'Mr', 'first': 'Timian', 'last': 'Nordal'}, 'location': {'street': {'number': 9687, 'name': 'Brattbakken'}, 'city': 'Bismo', 'state': 'Troms - Romsa', 'country': 'Norway', 'postcode': '6149', 'coordinates': {'latitude': '47.0473', 'longitude': '-76.3150'}, 'timezone': {'offset': '+4:30', 'description': 'Kabul'}}, 'email': 'timian.nordal@example.com', 'login': {'uuid': 'e9af10d4-286a-451e-ae23-91dad664baee', 'username': 'blackduck617', 'password': 'toni', 'salt': 'hGyNth5P', 'md5': '2d352d9f97b5fe9e6799fd60532f6f89', 'sha1': '2d1f81d2e2596567bec392285adc8249ede1653a', 'sha256': '4edb8cd1987e673681979edc20278f9e6ef1c01b5a8af82cb4e26d1e96692892'}, 'dob': {'date': '1950-09-02T11:58:29.876Z', 'age': 73}, 'registered': {'date': '2018-12-17T09:08:33.856Z', 'age': 5}, 'phone': '73426698', 'cell': '47427075', 'id': {'name': 'FN', 'value': '02095005198'}, 'picture': {'large': 'https://randomuser.me/api/portraits/men/63.jpg', 'medium': 'https://randomuser.me/api/portraits/med/men/63.jpg', 'thumbnail': 'https://randomuser.me/api/portraits/thumb/men/63.jpg'}, 'nat': 'NO'}</msg>
<arg>${json_data['results'][0]}</arg>
<doc>Logs the given message with the given level.</doc>
<status status="PASS" start="2024-06-10T15:17:13.735067" elapsed="0.000425"/>
</kw>
<kw name="Log" owner="BuiltIn">
<msg time="2024-06-10T15:17:13.735920" level="INFO">location</msg>
<arg>${key}</arg>
<doc>Logs the given message with the given level.</doc>
<status status="PASS" start="2024-06-10T15:17:13.735797" elapsed="0.000160"/>
</kw>
<var name="${key}">location</var>
<status status="PASS" start="2024-06-10T15:17:13.734255" elapsed="0.001915"/>
</iter>
<iter>
<kw name="Dictionary Should Contain Key" owner="Collections">
<msg time="2024-06-10T15:17:13.736834" level="INFO">False</msg>
<arg>${json_data['results'][0]}</arg>
<arg>${key}</arg>
<doc>Fails if ``key`` is not found from ``dictionary``.</doc>
<status status="PASS" start="2024-06-10T15:17:13.736455" elapsed="0.000416"/>
</kw>
<kw name="Log" owner="BuiltIn">
<msg time="2024-06-10T15:17:13.737521" level="INFO">{'gender': 'male', 'name': {'title': 'Mr', 'first': 'Timian', 'last': 'Nordal'}, 'location': {'street': {'number': 9687, 'name': 'Brattbakken'}, 'city': 'Bismo', 'state': 'Troms - Romsa', 'country': 'Norway', 'postcode': '6149', 'coordinates': {'latitude': '47.0473', 'longitude': '-76.3150'}, 'timezone': {'offset': '+4:30', 'description': 'Kabul'}}, 'email': 'timian.nordal@example.com', 'login': {'uuid': 'e9af10d4-286a-451e-ae23-91dad664baee', 'username': 'blackduck617', 'password': 'toni', 'salt': 'hGyNth5P', 'md5': '2d352d9f97b5fe9e6799fd60532f6f89', 'sha1': '2d1f81d2e2596567bec392285adc8249ede1653a', 'sha256': '4edb8cd1987e673681979edc20278f9e6ef1c01b5a8af82cb4e26d1e96692892'}, 'dob': {'date': '1950-09-02T11:58:29.876Z', 'age': 73}, 'registered': {'date': '2018-12-17T09:08:33.856Z', 'age': 5}, 'phone': '73426698', 'cell': '47427075', 'id': {'name': 'FN', 'value': '02095005198'}, 'picture': {'large': 'https://randomuser.me/api/portraits/men/63.jpg', 'medium': 'https://randomuser.me/api/portraits/med/men/63.jpg', 'thumbnail': 'https://randomuser.me/api/portraits/thumb/men/63.jpg'}, 'nat': 'NO'}</msg>
<arg>${json_data['results'][0]}</arg>
<doc>Logs the given message with the given level.</doc>
<status status="PASS" start="2024-06-10T15:17:13.737168" elapsed="0.000401"/>
</kw>
<kw name="Log" owner="BuiltIn">
<msg time="2024-06-10T15:17:13.737996" level="INFO">email</msg>
<arg>${key}</arg>
<doc>Logs the given message with the given level.</doc>
<status status="PASS" start="2024-06-10T15:17:13.737870" elapsed="0.000164"/>
</kw>
<var name="${key}">email</var>
<status status="PASS" start="2024-06-10T15:17:13.736340" elapsed="0.001908"/>
</iter>
<iter>
<kw name="Dictionary Should Contain Key" owner="Collections">
<msg time="2024-06-10T15:17:13.738912" level="INFO">False</msg>
<arg>${json_data['results'][0]}</arg>
<arg>${key}</arg>
<doc>Fails if ``key`` is not found from ``dictionary``.</doc>
<status status="PASS" start="2024-06-10T15:17:13.738528" elapsed="0.000421"/>
</kw>
<kw name="Log" owner="BuiltIn">
<msg time="2024-06-10T15:17:13.739620" level="INFO">{'gender': 'male', 'name': {'title': 'Mr', 'first': 'Timian', 'last': 'Nordal'}, 'location': {'street': {'number': 9687, 'name': 'Brattbakken'}, 'city': 'Bismo', 'state': 'Troms - Romsa', 'country': 'Norway', 'postcode': '6149', 'coordinates': {'latitude': '47.0473', 'longitude': '-76.3150'}, 'timezone': {'offset': '+4:30', 'description': 'Kabul'}}, 'email': 'timian.nordal@example.com', 'login': {'uuid': 'e9af10d4-286a-451e-ae23-91dad664baee', 'username': 'blackduck617', 'password': 'toni', 'salt': 'hGyNth5P', 'md5': '2d352d9f97b5fe9e6799fd60532f6f89', 'sha1': '2d1f81d2e2596567bec392285adc8249ede1653a', 'sha256': '4edb8cd1987e673681979edc20278f9e6ef1c01b5a8af82cb4e26d1e96692892'}, 'dob': {'date': '1950-09-02T11:58:29.876Z', 'age': 73}, 'registered': {'date': '2018-12-17T09:08:33.856Z', 'age': 5}, 'phone': '73426698', 'cell': '47427075', 'id': {'name': 'FN', 'value': '02095005198'}, 'picture': {'large': 'https://randomuser.me/api/portraits/men/63.jpg', 'medium': 'https://randomuser.me/api/portraits/med/men/63.jpg', 'thumbnail': 'https://randomuser.me/api/portraits/thumb/men/63.jpg'}, 'nat': 'NO'}</msg>
<arg>${json_data['results'][0]}</arg>
<doc>Logs the given message with the given level.</doc>
<status status="PASS" start="2024-06-10T15:17:13.739239" elapsed="0.000429"/>
</kw>
<kw name="Log" owner="BuiltIn">
<msg time="2024-06-10T15:17:13.740085" level="INFO">login</msg>
<arg>${key}</arg>
<doc>Logs the given message with the given level.</doc>
<status status="PASS" start="2024-06-10T15:17:13.739959" elapsed="0.000164"/>
</kw>
<var name="${key}">login</var>
<status status="PASS" start="2024-06-10T15:17:13.738419" elapsed="0.001919"/>
</iter>
<var>${key}</var>
<value>@{expected_keys}</value>
<status status="PASS" start="2024-06-10T15:17:13.729715" elapsed="0.010744"/>
</for>
<kw name="Create List" owner="BuiltIn">
<msg time="2024-06-10T15:17:13.740827" level="INFO">${expected_keysTwo} = ['username', 'password']</msg>
<var>${expected_keysTwo}</var>
<arg>username</arg>
<arg>password</arg>
<doc>Returns a list containing given items.</doc>
<status status="PASS" start="2024-06-10T15:17:13.740652" elapsed="0.000200"/>
</kw>
<for flavor="IN">
<iter>
<kw name="Dictionary Should Contain Key" owner="Collections">
<msg time="2024-06-10T15:17:13.741767" level="INFO">False</msg>
<arg>${json_data['results'][0]['login']}</arg>
<arg>${keyTwo}</arg>
<doc>Fails if ``key`` is not found from ``dictionary``.</doc>
<status status="PASS" start="2024-06-10T15:17:13.741376" elapsed="0.000428"/>
</kw>
<kw name="Dictionary Should Contain Key" owner="Collections">
<msg time="2024-06-10T15:17:13.742493" level="INFO">False</msg>
<arg>${json_data['results'][0]['login']}</arg>
<arg>${keyTwo}</arg>
<doc>Fails if ``key`` is not found from ``dictionary``.</doc>
<status status="PASS" start="2024-06-10T15:17:13.742111" elapsed="0.000418"/>
</kw>
<kw name="Log" owner="BuiltIn">
<msg time="2024-06-10T15:17:13.742941" level="INFO">username</msg>
<arg>${keyTwo}</arg>
<doc>Logs the given message with the given level.</doc>
<status status="PASS" start="2024-06-10T15:17:13.742817" elapsed="0.000162"/>
</kw>
<var name="${keyTwo}">username</var>
<status status="PASS" start="2024-06-10T15:17:13.741267" elapsed="0.001941"/>
</iter>
<iter>
<kw name="Dictionary Should Contain Key" owner="Collections">
<msg time="2024-06-10T15:17:13.743899" level="INFO">False</msg>
<arg>${json_data['results'][0]['login']}</arg>
<arg>${keyTwo}</arg>
<doc>Fails if ``key`` is not found from ``dictionary``.</doc>
<status status="PASS" start="2024-06-10T15:17:13.743525" elapsed="0.000410"/>
</kw>
<kw name="Dictionary Should Contain Key" owner="Collections">
<msg time="2024-06-10T15:17:13.744675" level="INFO">False</msg>
<arg>${json_data['results'][0]['login']}</arg>
<arg>${keyTwo}</arg>
<doc>Fails if ``key`` is not found from ``dictionary``.</doc>
<status status="PASS" start="2024-06-10T15:17:13.744223" elapsed="0.000491"/>
</kw>
<kw name="Log" owner="BuiltIn">
<msg time="2024-06-10T15:17:13.745139" level="INFO">password</msg>
<arg>${keyTwo}</arg>
<doc>Logs the given message with the given level.</doc>
<status status="PASS" start="2024-06-10T15:17:13.745012" elapsed="0.000164"/>
</kw>
<var name="${keyTwo}">password</var>
<status status="PASS" start="2024-06-10T15:17:13.743382" elapsed="0.002009"/>
</iter>
<var>${keyTwo}</var>
<value>@{expected_keysTwo}</value>
<status status="PASS" start="2024-06-10T15:17:13.741114" elapsed="0.004398"/>
</for>
<status status="PASS" start="2024-06-10T15:17:13.628735" elapsed="0.116922"/>
</kw>
<doc>Testa a estrutura da resposta da API.</doc>
<tag>testeEstruturaResposta</tag>
<status status="PASS" start="2024-06-10T15:17:13.628033" elapsed="0.117785"/>
</test>
<test id="s1-s1-t4" name="Validar tipos de dados" line="28">
<kw name="Teste de Tipos de Dados" owner="random-user-service">
<kw name="GET On Session" owner="RequestsLibrary">
<msg time="2024-06-10T15:17:13.822565" level="INFO">GET Request : url=https://randomuser.me/api 
 path_url=/api 
 headers={'User-Agent': 'python-requests/2.32.3', 'Accept-Encoding': 'gzip, deflate', 'Accept': '*/*', 'Connection': 'keep-alive'} 
 body=None 
 </msg>
<msg time="2024-06-10T15:17:13.822630" level="INFO">GET Response : url=https://randomuser.me/api 
 status=200, reason=OK 
 headers={'Date': 'Mon, 10 Jun 2024 15:17:13 GMT', 'Content-Type': 'application/json; charset=utf-8', 'Transfer-Encoding': 'chunked', 'Connection': 'keep-alive', 'X-Powered-By': 'Express', 'Access-Control-Allow-Origin': '*', 'Cache-Control': 'no-cache', 'ETag': 'W/"491-9gtUU6S/W4uJihSkiJ8m06KZA5s"', 'Vary': 'Accept-Encoding', 'Content-Encoding': 'gzip', 'CF-Cache-Status': 'DYNAMIC', 'Report-To': '{"endpoints":[{"url":"https:\\/\\/a.nel.cloudflare.com\\/report\\/v4?s=zaTID0NEM02w2AHwNd1wLacyMl5pX%2FabSh4sq03u4hdmBzh%2BEUAy2vyuW0GCv0FKKQfIyy3sAeltSD9jas5VKx8c4WvONc5aH0Sq2qL9nnZvXfvDrHFr%2FvlaixISYd3u"}],"group":"cf-nel","max_age":604800}', 'NEL': '{"success_fraction":0,"report_to":"cf-nel","max_age":604800}', 'Server': 'cloudflare', 'CF-RAY': '891a53b8fc285aff-IAD', 'alt-svc': 'h3=":443"; ma=86400'} 
 body={"results":[{"gender":"male","name":{"title":"Mr","first":"اميرعلي","last":"صدر"},"location":{"street":{"number":6258,"name":"پارک ارم"},"city":"دزفول","state":"آذربایجان شرقی","country":"Iran","postcode":20956,"coordinates":{"latitude":"14.9425","longitude":"-97.9420"},"timezone":{"offset":"-1:00","description":"Azores, Cape Verde Islands"}},"email":"myraaly.sdr@example.com","login":{"uuid":"376ae601-1939-47b9-89c9-4c0bdb2c4d66","username":"smalllion339","password":"mouse1","salt":"eKoLDSMW","md5":"f36981bb82381cc0d35be90175c9b68a","sha1":"26e3334ec8e38234a66ce5f25924f1350d01ae8a","sha256":"644fadba7f8d5a8896aa7b442b520dba7836dac6e95f2e4bf1026587c1666d16"},"dob":{"date":"1987-04-13T01:20:20.571Z","age":37},"registered":{"date":"2003-02-27T16:17:43.310Z","age":21},"phone":"087-18384477","cell":"0971-209-7758","id":{"name":"","value":null},"picture":{"large":"https://randomuser.me/api/portraits/men/73.jpg","medium":"https://randomuser.me/api/portraits/med/men/73.jpg","thumbnail":"https://randomuser.me/api/portraits/thumb/men/73.jpg"},"nat":"IR"}],"info":{"seed":"e2648c960a5e18b9","results":1,"page":1,"version":"1.4"}} 
 </msg>
<msg time="2024-06-10T15:17:13.822690" level="INFO">/opt/hostedtoolcache/Python/3.12.3/x64/lib/python3.12/site-packages/urllib3/connectionpool.py:1103: InsecureRequestWarning: Unverified HTTPS request is being made to host 'randomuser.me'. Adding certificate verification is strongly advised. See: https://urllib3.readthedocs.io/en/latest/advanced-usage.html#tls-warnings
  warnings.warn(</msg>
<msg time="2024-06-10T15:17:13.822777" level="INFO">${response} = &lt;Response [200]&gt;</msg>
<var>${response}</var>
<arg>consultarAPI</arg>
<arg>/api</arg>
<doc>Sends a GET request on a previously created HTTP Session.</doc>
<status status="PASS" start="2024-06-10T15:17:13.748236" elapsed="0.074565"/>
</kw>
<kw name="Set Variable" owner="BuiltIn">
<msg time="2024-06-10T15:17:13.823685" level="INFO">${json_data} = {'results': [{'gender': 'male', 'name': {'title': 'Mr', 'first': 'اميرعلي', 'last': 'صدر'}, 'location': {'street': {'number': 6258, 'name': 'پارک ارم'}, 'city': 'دزفول', 'state': 'آذربایجان شرقی', 'co...</msg>
<var>${json_data}</var>
<arg>${response.json()}</arg>
<doc>Returns the given values which can then be assigned to a variables.</doc>
<status status="PASS" start="2024-06-10T15:17:13.823186" elapsed="0.000539"/>
</kw>
<kw name="Log" owner="BuiltIn">
<msg time="2024-06-10T15:17:13.824203" level="INFO">{'results': [{'gender': 'male', 'name': {'title': 'Mr', 'first': 'اميرعلي', 'last': 'صدر'}, 'location': {'street': {'number': 6258, 'name': 'پارک ارم'}, 'city': 'دزفول', 'state': 'آذربایجان شرقی', 'country': 'Iran', 'postcode': 20956, 'coordinates': {'latitude': '14.9425', 'longitude': '-97.9420'}, 'timezone': {'offset': '-1:00', 'description': 'Azores, Cape Verde Islands'}}, 'email': 'myraaly.sdr@example.com', 'login': {'uuid': '376ae601-1939-47b9-89c9-4c0bdb2c4d66', 'username': 'smalllion339', 'password': 'mouse1', 'salt': 'eKoLDSMW', 'md5': 'f36981bb82381cc0d35be90175c9b68a', 'sha1': '26e3334ec8e38234a66ce5f25924f1350d01ae8a', 'sha256': '644fadba7f8d5a8896aa7b442b520dba7836dac6e95f2e4bf1026587c1666d16'}, 'dob': {'date': '1987-04-13T01:20:20.571Z', 'age': 37}, 'registered': {'date': '2003-02-27T16:17:43.310Z', 'age': 21}, 'phone': '087-18384477', 'cell': '0971-209-7758', 'id': {'name': '', 'value': None}, 'picture': {'large': 'https://randomuser.me/api/portraits/men/73.jpg', 'medium': 'https://randomuser.me/api/portraits/med/men/73.jpg', 'thumbnail': 'https://randomuser.me/api/portraits/thumb/men/73.jpg'}, 'nat': 'IR'}], 'info': {'seed': 'e2648c960a5e18b9', 'results': 1, 'page': 1, 'version': '1.4'}}</msg>
<arg>${json_data}</arg>
<doc>Logs the given message with the given level.</doc>
<status status="PASS" start="2024-06-10T15:17:13.824044" elapsed="0.000209"/>
</kw>
<kw name="Should Be String" owner="String">
<arg>${json_data['results'][0]['gender']}</arg>
<doc>Fails if the given ``item`` is not a string.</doc>
<status status="PASS" start="2024-06-10T15:17:13.824577" elapsed="0.000353"/>
</kw>
<kw name="Should Match Regexp" owner="BuiltIn">
<arg>${json_data['results'][0]['email']}</arg>
<arg>^[a-zA-Z0-9._%+-]+@[a-zA-Z0-9.-]+\.[a-zA-Z]{2,}$</arg>
<doc>Fails if ``string`` does not match ``pattern`` as a regular expression.</doc>
<status status="PASS" start="2024-06-10T15:17:13.825122" elapsed="0.000523"/>
</kw>
<kw name="Should Match Regexp" owner="BuiltIn">
<arg>${json_data['results'][0]['dob']['date']}</arg>
<arg>\\d{4}-\\d{2}-\\d{2}T\\d{2}:\\d{2}:\\d{2}\\.\\d{3}Z</arg>
<doc>Fails if ``string`` does not match ``pattern`` as a regular expression.</doc>
<status status="PASS" start="2024-06-10T15:17:13.825840" elapsed="0.000480"/>
</kw>
<kw name="Should Match Regexp" owner="BuiltIn">
<arg>${json_data['results'][0]['registered']['date']}</arg>
<arg>\\d{4}-\\d{2}-\\d{2}T\\d{2}:\\d{2}:\\d{2}\\.\\d{3}Z</arg>
<doc>Fails if ``string`` does not match ``pattern`` as a regular expression.</doc>
<status status="PASS" start="2024-06-10T15:17:13.826511" elapsed="0.000369"/>
</kw>
<kw name="Should Match Regexp" owner="BuiltIn">
<arg>${json_data['results'][0]['picture']['large']}</arg>
<arg>^https?://.*\.(?:png|jpe?g|gif|bmp)$</arg>
<doc>Fails if ``string`` does not match ``pattern`` as a regular expression.</doc>
<status status="PASS" start="2024-06-10T15:17:13.827071" elapsed="0.000497"/>
</kw>
<kw name="Should Match Regexp" owner="BuiltIn">
<arg>${json_data['results'][0]['picture']['medium']}</arg>
<arg>^https?://.*\.(?:png|jpe?g|gif|bmp)$</arg>
<doc>Fails if ``string`` does not match ``pattern`` as a regular expression.</doc>
<status status="PASS" start="2024-06-10T15:17:13.827759" elapsed="0.000352"/>
</kw>
<kw name="Should Match Regexp" owner="BuiltIn">
<arg>${json_data['results'][0]['picture']['thumbnail']}</arg>
<arg>^https?://.*\.(?:png|jpe?g|gif|bmp)$</arg>
<doc>Fails if ``string`` does not match ``pattern`` as a regular expression.</doc>
<status status="PASS" start="2024-06-10T15:17:13.828296" elapsed="0.000346"/>
</kw>
<kw name="Log" owner="BuiltIn">
<msg time="2024-06-10T15:17:13.829154" level="INFO">{'large': 'https://randomuser.me/api/portraits/men/73.jpg', 'medium': 'https://randomuser.me/api/portraits/med/men/73.jpg', 'thumbnail': 'https://randomuser.me/api/portraits/thumb/men/73.jpg'}</msg>
<arg>${json_data['results'][0]['picture']}</arg>
<doc>Logs the given message with the given level.</doc>
<status status="PASS" start="2024-06-10T15:17:13.828831" elapsed="0.000365"/>
</kw>
<status status="PASS" start="2024-06-10T15:17:13.748009" elapsed="0.081438"/>
</kw>
<kw name="Teste de Tipos de Dados - Postcode" owner="random-user-service">
<kw name="GET On Session" owner="RequestsLibrary">
<msg time="2024-06-10T15:17:13.926386" level="INFO">GET Request : url=https://randomuser.me/api 
 path_url=/api 
 headers={'User-Agent': 'python-requests/2.32.3', 'Accept-Encoding': 'gzip, deflate', 'Accept': '*/*', 'Connection': 'keep-alive'} 
 body=None 
 </msg>
<msg time="2024-06-10T15:17:13.926470" level="INFO">GET Response : url=https://randomuser.me/api 
 status=200, reason=OK 
 headers={'Date': 'Mon, 10 Jun 2024 15:17:13 GMT', 'Content-Type': 'application/json; charset=utf-8', 'Transfer-Encoding': 'chunked', 'Connection': 'keep-alive', 'X-Powered-By': 'Express', 'Access-Control-Allow-Origin': '*', 'Cache-Control': 'no-cache', 'ETag': 'W/"484-BoaexEfsZk8fJisJk4txA+eAP2o"', 'Vary': 'Accept-Encoding', 'Content-Encoding': 'gzip', 'CF-Cache-Status': 'DYNAMIC', 'Report-To': '{"endpoints":[{"url":"https:\\/\\/a.nel.cloudflare.com\\/report\\/v4?s=mc5wNIqXjpB2SQx6YQO1zmuJDt%2FwHvEF54ZLzZLPPBuNSk3tmZlVTSu6T5FII8cSxAorPQmdg8HUMhUfN%2F8FDp77ocwDKuKAhyMJZDbRsRP4vQi28mXUjSRpazRX8tNY"}],"group":"cf-nel","max_age":604800}', 'NEL': '{"success_fraction":0,"report_to":"cf-nel","max_age":604800}', 'Server': 'cloudflare', 'CF-RAY': '891a53b97c9c5aff-IAD', 'alt-svc': 'h3=":443"; ma=86400'} 
 body={"results":[{"gender":"female","name":{"title":"Miss","first":"Yasemin","last":"Özdoğan"},"location":{"street":{"number":3237,"name":"Tunalı Hilmi Cd"},"city":"Gaziantep","state":"Hakkâri","country":"Turkey","postcode":80484,"coordinates":{"latitude":"69.9722","longitude":"156.7331"},"timezone":{"offset":"-12:00","description":"Eniwetok, Kwajalein"}},"email":"yasemin.ozdogan@example.com","login":{"uuid":"ff005a55-ca27-4dbe-943c-01ad7201ab04","username":"smallbird166","password":"cccc","salt":"OiB3T3fr","md5":"e4483c815f252df4920c9a6a6d903584","sha1":"3c1c5c6d3b6094960e8041682870b985eb3bd72d","sha256":"8135a08dc97b6ca32a8ef40a7b663f6d3c042049542aa392d4caaec35c65020a"},"dob":{"date":"1980-03-01T11:51:44.344Z","age":44},"registered":{"date":"2018-11-08T03:29:26.963Z","age":5},"phone":"(100)-670-3692","cell":"(177)-436-1185","id":{"name":"","value":null},"picture":{"large":"https://randomuser.me/api/portraits/women/43.jpg","medium":"https://randomuser.me/api/portraits/med/women/43.jpg","thumbnail":"https://randomuser.me/api/portraits/thumb/women/43.jpg"},"nat":"TR"}],"info":{"seed":"776ba3a84810e043","results":1,"page":1,"version":"1.4"}} 
 </msg>
<msg time="2024-06-10T15:17:13.926547" level="INFO">/opt/hostedtoolcache/Python/3.12.3/x64/lib/python3.12/site-packages/urllib3/connectionpool.py:1103: InsecureRequestWarning: Unverified HTTPS request is being made to host 'randomuser.me'. Adding certificate verification is strongly advised. See: https://urllib3.readthedocs.io/en/latest/advanced-usage.html#tls-warnings
  warnings.warn(</msg>
<msg time="2024-06-10T15:17:13.926655" level="INFO">${response} = &lt;Response [200]&gt;</msg>
<var>${response}</var>
<arg>consultarAPI</arg>
<arg>/api</arg>
<doc>Sends a GET request on a previously created HTTP Session.</doc>
<status status="PASS" start="2024-06-10T15:17:13.829886" elapsed="0.096809"/>
</kw>
<kw name="Set Variable" owner="BuiltIn">
<msg time="2024-06-10T15:17:13.927579" level="INFO">${json_data} = {'results': [{'gender': 'female', 'name': {'title': 'Miss', 'first': 'Yasemin', 'last': 'Özdoğan'}, 'location': {'street': {'number': 3237, 'name': 'Tunalı Hilmi Cd'}, 'city': 'Gaziantep', 'state': 'H...</msg>
<var>${json_data}</var>
<arg>${response.json()}</arg>
<doc>Returns the given values which can then be assigned to a variables.</doc>
<status status="PASS" start="2024-06-10T15:17:13.927076" elapsed="0.000533"/>
</kw>
<kw name="Log" owner="BuiltIn">
<msg time="2024-06-10T15:17:13.928077" level="INFO">{'results': [{'gender': 'female', 'name': {'title': 'Miss', 'first': 'Yasemin', 'last': 'Özdoğan'}, 'location': {'street': {'number': 3237, 'name': 'Tunalı Hilmi Cd'}, 'city': 'Gaziantep', 'state': 'Hakkâri', 'country': 'Turkey', 'postcode': 80484, 'coordinates': {'latitude': '69.9722', 'longitude': '156.7331'}, 'timezone': {'offset': '-12:00', 'description': 'Eniwetok, Kwajalein'}}, 'email': 'yasemin.ozdogan@example.com', 'login': {'uuid': 'ff005a55-ca27-4dbe-943c-01ad7201ab04', 'username': 'smallbird166', 'password': 'cccc', 'salt': 'OiB3T3fr', 'md5': 'e4483c815f252df4920c9a6a6d903584', 'sha1': '3c1c5c6d3b6094960e8041682870b985eb3bd72d', 'sha256': '8135a08dc97b6ca32a8ef40a7b663f6d3c042049542aa392d4caaec35c65020a'}, 'dob': {'date': '1980-03-01T11:51:44.344Z', 'age': 44}, 'registered': {'date': '2018-11-08T03:29:26.963Z', 'age': 5}, 'phone': '(100)-670-3692', 'cell': '(177)-436-1185', 'id': {'name': '', 'value': None}, 'picture': {'large': 'https://randomuser.me/api/portraits/women/43.jpg', 'medium': 'https://randomuser.me/api/portraits/med/women/43.jpg', 'thumbnail': 'https://randomuser.me/api/portraits/thumb/women/43.jpg'}, 'nat': 'TR'}], 'info': {'seed': '776ba3a84810e043', 'results': 1, 'page': 1, 'version': '1.4'}}</msg>
<arg>${json_data}</arg>
<doc>Logs the given message with the given level.</doc>
<status status="PASS" start="2024-06-10T15:17:13.927921" elapsed="0.000205"/>
</kw>
<kw name="Should Be Equal As Numbers" owner="BuiltIn">
<arg>${json_data['results'][0]['location']['postcode']}</arg>
<arg>${json_data['results'][0]['location']['postcode']}</arg>
<doc>Fails if objects are unequal after converting them to real numbers.</doc>
<status status="PASS" start="2024-06-10T15:17:13.928424" elapsed="0.000755"/>
</kw>
<kw name="Log" owner="BuiltIn">
<msg time="2024-06-10T15:17:13.929745" level="INFO">80484</msg>
<arg>${json_data['results'][0]['location']['postcode']}</arg>
<doc>Logs the given message with the given level.</doc>
<status status="PASS" start="2024-06-10T15:17:13.929404" elapsed="0.000382"/>
</kw>
<status status="PASS" start="2024-06-10T15:17:13.829664" elapsed="0.100374"/>
</kw>
<doc>Testa se os tipos de dados na resposta da API estão corretos.</doc>
<tag>testeTiposDados</tag>
<status status="PASS" start="2024-06-10T15:17:13.747566" elapsed="0.182631"/>
</test>
<test id="s1-s1-t5" name="Validar conteudo" line="35">
<kw name="Teste de Tipos de Conteudo" owner="random-user-service">
<kw name="GET On Session" owner="RequestsLibrary">
<msg time="2024-06-10T15:17:14.019346" level="INFO">GET Request : url=https://randomuser.me/api 
 path_url=/api 
 headers={'User-Agent': 'python-requests/2.32.3', 'Accept-Encoding': 'gzip, deflate', 'Accept': '*/*', 'Connection': 'keep-alive'} 
 body=None 
 </msg>
<msg time="2024-06-10T15:17:14.019466" level="INFO">GET Response : url=https://randomuser.me/api 
 status=200, reason=OK 
 headers={'Date': 'Mon, 10 Jun 2024 15:17:14 GMT', 'Content-Type': 'application/json; charset=utf-8', 'Transfer-Encoding': 'chunked', 'Connection': 'keep-alive', 'X-Powered-By': 'Express', 'Access-Control-Allow-Origin': '*', 'Cache-Control': 'no-cache', 'ETag': 'W/"49d-EupoAh0FCbhvWRerI2AJ1q3EO+E"', 'Vary': 'Accept-Encoding', 'Content-Encoding': 'gzip', 'CF-Cache-Status': 'DYNAMIC', 'Report-To': '{"endpoints":[{"url":"https:\\/\\/a.nel.cloudflare.com\\/report\\/v4?s=bh22vG66KMQYFtk8ohCwMOhTpFmTjI3a15wcZVJUSP4HEDoMMc3gpc%2BVodlaqh975SuP3FvO7cXQWHED6SaEcWoMdr31mXi51Dce2e3FS1%2F7hViSYk%2BhvuAHBFKJveCT"}],"group":"cf-nel","max_age":604800}', 'NEL': '{"success_fraction":0,"report_to":"cf-nel","max_age":604800}', 'Server': 'cloudflare', 'CF-RAY': '891a53ba1d365aff-IAD', 'alt-svc': 'h3=":443"; ma=86400'} 
 body={"results":[{"gender":"male","name":{"title":"Monsieur","first":"Joao","last":"Duval"},"location":{"street":{"number":8910,"name":"Rue Dubois"},"city":"Buttisholz","state":"Neuchâtel","country":"Switzerland","postcode":9126,"coordinates":{"latitude":"-64.1523","longitude":"-84.1154"},"timezone":{"offset":"+3:00","description":"Baghdad, Riyadh, Moscow, St. Petersburg"}},"email":"joao.duval@example.com","login":{"uuid":"748ed279-04f6-4d8b-b08c-2239ef2bd12e","username":"orangepeacock224","password":"1949","salt":"cq7zZGQl","md5":"b0c0056b756b3b69434a643d5c2e1f02","sha1":"0f955f1a2515ff5b4be757f1898ddcebcd1c8bb7","sha256":"40dee576f8ca72e0590015ad05830eb7c8b79595ee53b0be78ce1c716489638f"},"dob":{"date":"1953-12-23T04:16:25.478Z","age":70},"registered":{"date":"2006-12-17T05:02:48.674Z","age":17},"phone":"079 178 01 88","cell":"075 749 39 64","id":{"name":"AVS","value":"756.0517.4003.30"},"picture":{"large":"https://randomuser.me/api/portraits/men/57.jpg","medium":"https://randomuser.me/api/portraits/med/men/57.jpg","thumbnail":"https://randomuser.me/api/portraits/thumb/men/57.jpg"},"nat":"CH"}],"info":{"seed":"6debfccc0fe9254f","results":1,"page":1,"version":"1.4"}} 
 </msg>
<msg time="2024-06-10T15:17:14.019546" level="INFO">/opt/hostedtoolcache/Python/3.12.3/x64/lib/python3.12/site-packages/urllib3/connectionpool.py:1103: InsecureRequestWarning: Unverified HTTPS request is being made to host 'randomuser.me'. Adding certificate verification is strongly advised. See: https://urllib3.readthedocs.io/en/latest/advanced-usage.html#tls-warnings
  warnings.warn(</msg>
<msg time="2024-06-10T15:17:14.019656" level="INFO">${response} = &lt;Response [200]&gt;</msg>
<var>${response}</var>
<arg>consultarAPI</arg>
<arg>/api</arg>
<doc>Sends a GET request on a previously created HTTP Session.</doc>
<status status="PASS" start="2024-06-10T15:17:13.932935" elapsed="0.086760"/>
</kw>
<kw name="Set Variable" owner="BuiltIn">
<msg time="2024-06-10T15:17:14.020555" level="INFO">${json_data} = {'results': [{'gender': 'male', 'name': {'title': 'Monsieur', 'first': 'Joao', 'last': 'Duval'}, 'location': {'street': {'number': 8910, 'name': 'Rue Dubois'}, 'city': 'Buttisholz', 'state': 'Neuchâte...</msg>
<var>${json_data}</var>
<arg>${response.json()}</arg>
<doc>Returns the given values which can then be assigned to a variables.</doc>
<status status="PASS" start="2024-06-10T15:17:14.020124" elapsed="0.000460"/>
</kw>
<kw name="Set Variable" owner="BuiltIn">
<msg time="2024-06-10T15:17:14.021274" level="INFO">${name_title} = Monsieur</msg>
<var>${name_title}</var>
<arg>${json_data["results"][0]["name"]["title"]}</arg>
<doc>Returns the given values which can then be assigned to a variables.</doc>
<status status="PASS" start="2024-06-10T15:17:14.020892" elapsed="0.000407"/>
</kw>
<kw name="Create List" owner="BuiltIn">
<msg time="2024-06-10T15:17:14.021738" level="INFO">${allowed_titles} = ['Mr', 'Ms', 'Miss', 'Mrs', 'Madame', 'Monsieur']</msg>
<var>${allowed_titles}</var>
<arg>Mr</arg>
<arg>Ms</arg>
<arg>Miss</arg>
<arg>Mrs</arg>
<arg>Madame</arg>
<arg>Monsieur</arg>
<doc>Returns a list containing given items.</doc>
<status status="PASS" start="2024-06-10T15:17:14.021592" elapsed="0.000170"/>
</kw>
<kw name="List Should Contain Value" owner="Collections">
<msg time="2024-06-10T15:17:14.022226" level="INFO">False</msg>
<arg>${allowed_titles}</arg>
<arg>${name_title}</arg>
<doc>Fails if the ``value`` is not found from ``list``.</doc>
<status status="PASS" start="2024-06-10T15:17:14.022059" elapsed="0.000211"/>
</kw>
<kw name="Set Variable" owner="BuiltIn">
<msg time="2024-06-10T15:17:14.022937" level="INFO">${name_country} = CH</msg>
<var>${name_country}</var>
<arg>${json_data["results"][0]["nat"]}</arg>
<doc>Returns the given values which can then be assigned to a variables.</doc>
<status status="PASS" start="2024-06-10T15:17:14.022558" elapsed="0.000405"/>
</kw>
<kw name="Create List" owner="BuiltIn">
<msg time="2024-06-10T15:17:14.023892" level="INFO">${list_country} = ['AD', 'AE', 'AF', 'AG', 'AI', 'AL', 'AM', 'AO', 'AQ', 'AR', 'AS', 'AT', 'AU', 'AW', 'AX', 'AZ', 'BA', 'BB', 'BD', 'BE', 'BF', 'BG', 'BH', 'BI', 'BJ', 'BL', 'BM', 'BN', 'BO', 'BQ', 'BR', 'BS', 'BT', '...</msg>
<var>${list_country}</var>
<arg>AD</arg>
<arg>AE</arg>
<arg>AF</arg>
<arg>AG</arg>
<arg>AI</arg>
<arg>AL</arg>
<arg>AM</arg>
<arg>AO</arg>
<arg>AQ</arg>
<arg>AR</arg>
<arg>AS</arg>
<arg>AT</arg>
<arg>AU</arg>
<arg>AW</arg>
<arg>AX</arg>
<arg>AZ</arg>
<arg>BA</arg>
<arg>BB</arg>
<arg>BD</arg>
<arg>BE</arg>
<arg>BF</arg>
<arg>BG</arg>
<arg>BH</arg>
<arg>BI</arg>
<arg>BJ</arg>
<arg>BL</arg>
<arg>BM</arg>
<arg>BN</arg>
<arg>BO</arg>
<arg>BQ</arg>
<arg>BR</arg>
<arg>BS</arg>
<arg>BT</arg>
<arg>BV</arg>
<arg>BW</arg>
<arg>BY</arg>
<arg>BZ</arg>
<arg>CA</arg>
<arg>CC</arg>
<arg>CD</arg>
<arg>CF</arg>
<arg>CG</arg>
<arg>CH</arg>
<arg>CI</arg>
<arg>CK</arg>
<arg>CL</arg>
<arg>CM</arg>
<arg>CN</arg>
<arg>CO</arg>
<arg>CR</arg>
<arg>CU</arg>
<arg>CV</arg>
<arg>CW</arg>
<arg>CX</arg>
<arg>CY</arg>
<arg>CZ</arg>
<arg>DE</arg>
<arg>DJ</arg>
<arg>DK</arg>
<arg>DM</arg>
<arg>DO</arg>
<arg>DZ</arg>
<arg>EC</arg>
<arg>EE</arg>
<arg>EG</arg>
<arg>EH</arg>
<arg>ER</arg>
<arg>ES</arg>
<arg>ET</arg>
<arg>FI</arg>
<arg>FJ</arg>
<arg>FK</arg>
<arg>FM</arg>
<arg>FO</arg>
<arg>FR</arg>
<arg>GA</arg>
<arg>GB</arg>
<arg>GD</arg>
<arg>GE</arg>
<arg>GF</arg>
<arg>GG</arg>
<arg>GH</arg>
<arg>GI</arg>
<arg>GL</arg>
<arg>GM</arg>
<arg>GN</arg>
<arg>GP</arg>
<arg>GQ</arg>
<arg>GR</arg>
<arg>GS</arg>
<arg>GT</arg>
<arg>GU</arg>
<arg>GW</arg>
<arg>GY</arg>
<arg>HK</arg>
<arg>HM</arg>
<arg>HN</arg>
<arg>HR</arg>
<arg>HT</arg>
<arg>HU</arg>
<arg>ID</arg>
<arg>IE</arg>
<arg>IL</arg>
<arg>IM</arg>
<arg>IN</arg>
<arg>IO</arg>
<arg>IQ</arg>
<arg>IR</arg>
<arg>IS</arg>
<arg>IT</arg>
<arg>JE</arg>
<arg>JM</arg>
<arg>JO</arg>
<arg>JP</arg>
<arg>KE</arg>
<arg>KG</arg>
<arg>KH</arg>
<arg>KI</arg>
<arg>KM</arg>
<arg>KN</arg>
<arg>KP</arg>
<arg>KR</arg>
<arg>KW</arg>
<arg>KY</arg>
<arg>KZ</arg>
<arg>LA</arg>
<arg>LB</arg>
<arg>LC</arg>
<arg>LI</arg>
<arg>LK</arg>
<arg>LR</arg>
<arg>LS</arg>
<arg>LT</arg>
<arg>LU</arg>
<arg>LV</arg>
<arg>LY</arg>
<arg>MA</arg>
<arg>MC</arg>
<arg>MD</arg>
<arg>ME</arg>
<arg>MF</arg>
<arg>MG</arg>
<arg>MH</arg>
<arg>MK</arg>
<arg>ML</arg>
<arg>MM</arg>
<arg>MN</arg>
<arg>MO</arg>
<arg>MP</arg>
<arg>MQ</arg>
<arg>MR</arg>
<arg>MS</arg>
<arg>MT</arg>
<arg>MU</arg>
<arg>MV</arg>
<arg>MW</arg>
<arg>MX</arg>
<arg>MY</arg>
<arg>MZ</arg>
<arg>NA</arg>
<arg>NC</arg>
<arg>NE</arg>
<arg>NF</arg>
<arg>NG</arg>
<arg>NI</arg>
<arg>NL</arg>
<arg>NO</arg>
<arg>NP</arg>
<arg>NR</arg>
<arg>NU</arg>
<arg>NZ</arg>
<arg>OM</arg>
<arg>PA</arg>
<arg>PE</arg>
<arg>PF</arg>
<arg>PG</arg>
<arg>PH</arg>
<arg>PK</arg>
<arg>PL</arg>
<arg>PM</arg>
<arg>PN</arg>
<arg>PR</arg>
<arg>PS</arg>
<arg>PT</arg>
<arg>PW</arg>
<arg>PY</arg>
<arg>QA</arg>
<arg>RE</arg>
<arg>RO</arg>
<arg>RS</arg>
<arg>RU</arg>
<arg>RW</arg>
<arg>SA</arg>
<arg>SB</arg>
<arg>SC</arg>
<arg>SD</arg>
<arg>SE</arg>
<arg>SG</arg>
<arg>SH</arg>
<arg>SI</arg>
<arg>SJ</arg>
<arg>SK</arg>
<arg>SL</arg>
<arg>SM</arg>
<arg>SN</arg>
<arg>SO</arg>
<arg>SR</arg>
<arg>SS</arg>
<arg>ST</arg>
<arg>SV</arg>
<arg>SX</arg>
<arg>SY</arg>
<arg>SZ</arg>
<arg>TC</arg>
<arg>TD</arg>
<arg>TF</arg>
<arg>TG</arg>
<arg>TH</arg>
<arg>TJ</arg>
<arg>TK</arg>
<arg>TL</arg>
<arg>TM</arg>
<arg>TN</arg>
<arg>TO</arg>
<arg>TR</arg>
<arg>TT</arg>
<arg>TV</arg>
<arg>TW</arg>
<arg>TZ</arg>
<arg>UA</arg>
<arg>UG</arg>
<arg>UM</arg>
<arg>US</arg>
<arg>UY</arg>
<arg>UZ</arg>
<arg>VA</arg>
<arg>VC</arg>
<arg>VE</arg>
<arg>VG</arg>
<arg>VI</arg>
<arg>VN</arg>
<arg>VU</arg>
<arg>WF</arg>
<arg>WS</arg>
<arg>XK</arg>
<arg>YE</arg>
<arg>YT</arg>
<arg>ZA</arg>
<arg>ZM</arg>
<arg>ZW</arg>
<doc>Returns a list containing given items.</doc>
<status status="PASS" start="2024-06-10T15:17:14.023270" elapsed="0.000648"/>
</kw>
<kw name="List Should Contain Value" owner="Collections">
<msg time="2024-06-10T15:17:14.024902" level="INFO">False</msg>
<arg>${list_country}</arg>
<arg>${name_country}</arg>
<doc>Fails if the ``value`` is not found from ``list``.</doc>
<status status="PASS" start="2024-06-10T15:17:14.024698" elapsed="0.000239"/>
</kw>
<kw name="Run Keyword If" owner="BuiltIn">
<kw name="Should Be True" owner="BuiltIn">
<arg>${True}</arg>
<doc>Fails if the given condition is not true.</doc>
<status status="PASS" start="2024-06-10T15:17:14.025966" elapsed="0.000140"/>
</kw>
<arg>${json_data["results"][0]["location"]["coordinates"]["latitude"]} &gt;= -90 and ${json_data["results"][0]["location"]["coordinates"]["latitude"]} &lt;= 90</arg>
<arg>Should Be True</arg>
<arg>${True}</arg>
<doc>Runs the given keyword with the given arguments, if ``condition`` is true.</doc>
<status status="PASS" start="2024-06-10T15:17:14.025241" elapsed="0.000989"/>
</kw>
<kw name="Run Keyword If" owner="BuiltIn">
<kw name="Should Be True" owner="BuiltIn">
<arg>${True}</arg>
<doc>Fails if the given condition is not true.</doc>
<status status="PASS" start="2024-06-10T15:17:14.027120" elapsed="0.000234"/>
</kw>
<arg>${json_data["results"][0]["location"]["coordinates"]["longitude"]} &gt;= -180 and ${json_data["results"][0]["location"]["coordinates"]["longitude"]} &lt;= 180</arg>
<arg>Should Be True</arg>
<arg>${True}</arg>
<doc>Runs the given keyword with the given arguments, if ``condition`` is true.</doc>
<status status="PASS" start="2024-06-10T15:17:14.026414" elapsed="0.001089"/>
</kw>
<status status="PASS" start="2024-06-10T15:17:13.932566" elapsed="0.095067"/>
</kw>
<doc>Testa o conteúdo específico dos campos retornados pela API.</doc>
<tag>testeConteudo</tag>
<status status="PASS" start="2024-06-10T15:17:13.931933" elapsed="0.095841"/>
</test>
<status status="PASS" start="2024-06-10T15:17:13.218889" elapsed="0.810720"/>
</suite>
<status status="PASS" start="2024-06-10T15:17:13.205301" elapsed="0.829330"/>
</suite>
<statistics>
<total>
<stat pass="5" fail="0" skip="0">All Tests</stat>
</total>
<tag>
<stat pass="1" fail="0" skip="0">testeConteudo</stat>
<stat pass="1" fail="0" skip="0">testeEstruturaResposta</stat>
<stat pass="1" fail="0" skip="0">testeRequisicaoBasica</stat>
<stat pass="1" fail="0" skip="0">testeTiposDados</stat>
</tag>
<suite>
<stat pass="5" fail="0" skip="0" id="s1" name="Tests">Tests</stat>
<stat pass="5" fail="0" skip="0" id="s1-s1" name="Random-User-Test">Tests.Random-User-Test</stat>
</suite>
</statistics>
<errors>
</errors>
</robot>
