<?xml version="1.0" encoding="UTF-8"?>
<robot generator="Robot 7.0.1 (Python 3.12.4 on linux)" generated="2024-07-28T07:14:00.723078" rpa="false" schemaversion="5">
<suite id="s1" name="Tests" source="/home/runner/work/ApiRandomUser/ApiRandomUser/RamdonUser/tests">
<suite id="s1-s1" name="Random-User-Test" source="/home/runner/work/ApiRandomUser/ApiRandomUser/RamdonUser/tests/random-user-test.robot">
<test id="s1-s1-t1" name="Conectar" line="13">
<kw name="Conectar API" owner="random-user-service">
<kw name="Create Session" owner="RequestsLibrary">
<msg time="2024-07-28T07:14:01.111113" level="INFO">Creating Session using : alias=consultarAPI, url=https://randomuser.me/, headers={},                     cookies={}, auth=None, timeout=None, proxies=None, verify=False,                     debug=0 </msg>
<arg>consultarAPI</arg>
<arg>${URL}</arg>
<doc>Create Session: create a HTTP session to a server</doc>
<status status="PASS" start="2024-07-28T07:14:01.110920" elapsed="0.000365"/>
</kw>
<status status="PASS" start="2024-07-28T07:14:01.109920" elapsed="0.001706"/>
</kw>
<status status="PASS" start="2024-07-28T07:14:01.109393" elapsed="0.002424"/>
</test>
<test id="s1-s1-t2" name="Validar retorno 200 e JSON Válido" line="16">
<kw name="Teste de Requisicao Basica" owner="random-user-service">
<kw name="GET On Session" owner="RequestsLibrary">
<msg time="2024-07-28T07:14:01.218789" level="INFO">GET Request : url=https://randomuser.me/api 
 path_url=/api 
 headers={'User-Agent': 'python-requests/2.32.3', 'Accept-Encoding': 'gzip, deflate', 'Accept': '*/*', 'Connection': 'keep-alive'} 
 body=None 
 </msg>
<msg time="2024-07-28T07:14:01.218893" level="INFO">GET Response : url=https://randomuser.me/api 
 status=200, reason=OK 
 headers={'Date': 'Sun, 28 Jul 2024 07:14:01 GMT', 'Content-Type': 'application/json; charset=utf-8', 'Transfer-Encoding': 'chunked', 'Connection': 'keep-alive', 'X-Powered-By': 'Express', 'Access-Control-Allow-Origin': '*', 'Cache-Control': 'no-cache', 'ETag': 'W/"482-ZXFzF1DlQWZfSHm6cjaMr02eMf4"', 'Vary': 'Accept-Encoding', 'Content-Encoding': 'gzip', 'CF-Cache-Status': 'DYNAMIC', 'Report-To': '{"endpoints":[{"url":"https:\\/\\/a.nel.cloudflare.com\\/report\\/v4?s=OLDdJbvrmBtlaYEpp5vD0Pa9JFwFkLALEg9nIS21ja36GdSo1WmCeVyV7pxBzlQgdgVx9qfhRZa3ffpADiSAD%2BBVgNws70tY8nVNBdAsbzx8xjFKFS0XpdqpFBW%2ByHBl"}],"group":"cf-nel","max_age":604800}', 'NEL': '{"success_fraction":0,"report_to":"cf-nel","max_age":604800}', 'Server': 'cloudflare', 'CF-RAY': '8aa311e54d0cc985-IAD', 'alt-svc': 'h3=":443"; ma=86400'} 
 body={"results":[{"gender":"female","name":{"title":"Ms","first":"Teresa","last":"Wood"},"location":{"street":{"number":1692,"name":"George Street"},"city":"Letterkenny","state":"Dublin City","country":"Ireland","postcode":53909,"coordinates":{"latitude":"0.3271","longitude":"95.6171"},"timezone":{"offset":"+6:00","description":"Almaty, Dhaka, Colombo"}},"email":"teresa.wood@example.com","login":{"uuid":"ffec2383-7e34-4dd3-9676-8dbbd2714213","username":"happylion851","password":"hokies","salt":"6oqZZpKz","md5":"fefde9452755c451f77186fadb919db8","sha1":"40a20494b5aaf75ab1582ed820713b45712aa02a","sha256":"aad16da0e5af06d3232c2707726b883680d980802ca265091acb8b3a8dddd0eb"},"dob":{"date":"1985-08-23T05:05:29.887Z","age":38},"registered":{"date":"2016-04-06T22:16:23.051Z","age":8},"phone":"011-402-1110","cell":"081-716-0716","id":{"name":"PPS","value":"8665080T"},"picture":{"large":"https://randomuser.me/api/portraits/women/81.jpg","medium":"https://randomuser.me/api/portraits/med/women/81.jpg","thumbnail":"https://randomuser.me/api/portraits/thumb/women/81.jpg"},"nat":"IE"}],"info":{"seed":"5f60a86cf9cf8ed7","results":1,"page":1,"version":"1.4"}} 
 </msg>
<msg time="2024-07-28T07:14:01.218960" level="INFO">/opt/hostedtoolcache/Python/3.12.4/x64/lib/python3.12/site-packages/urllib3/connectionpool.py:1099: InsecureRequestWarning: Unverified HTTPS request is being made to host 'randomuser.me'. Adding certificate verification is strongly advised. See: https://urllib3.readthedocs.io/en/latest/advanced-usage.html#tls-warnings
  warnings.warn(</msg>
<msg time="2024-07-28T07:14:01.219073" level="INFO">${response} = &lt;Response [200]&gt;</msg>
<var>${response}</var>
<arg>consultarAPI</arg>
<arg>/api</arg>
<doc>Sends a GET request on a previously created HTTP Session.</doc>
<status status="PASS" start="2024-07-28T07:14:01.114374" elapsed="0.104739"/>
</kw>
<kw name="Should Be Equal As Numbers" owner="BuiltIn">
<msg time="2024-07-28T07:14:01.220076" level="INFO">Argument types are:
&lt;class 'int'&gt;
&lt;class 'str'&gt;</msg>
<arg>${response.status_code}</arg>
<arg>200</arg>
<doc>Fails if objects are unequal after converting them to real numbers.</doc>
<status status="PASS" start="2024-07-28T07:14:01.219593" elapsed="0.000545"/>
</kw>
<kw name="Log" owner="BuiltIn">
<msg time="2024-07-28T07:14:01.220806" level="INFO">200</msg>
<arg>${response.status_code}</arg>
<doc>Logs the given message with the given level.</doc>
<status status="PASS" start="2024-07-28T07:14:01.220454" elapsed="0.000394"/>
</kw>
<kw name="Set Variable" owner="BuiltIn">
<msg time="2024-07-28T07:14:01.221624" level="INFO">${json_data} = {'results': [{'gender': 'female', 'name': {'title': 'Ms', 'first': 'Teresa', 'last': 'Wood'}, 'location': {'street': {'number': 1692, 'name': 'George Street'}, 'city': 'Letterkenny', 'state': 'Dublin ...</msg>
<var>${json_data}</var>
<arg>${response.json()}</arg>
<doc>Returns the given values which can then be assigned to a variables.</doc>
<status status="PASS" start="2024-07-28T07:14:01.221150" elapsed="0.000501"/>
</kw>
<kw name="Dictionary Should Contain Key" owner="Collections">
<arg>${json_data}</arg>
<arg>results</arg>
<doc>Fails if ``key`` is not found from ``dictionary``.</doc>
<status status="PASS" start="2024-07-28T07:14:01.221956" elapsed="0.000290"/>
</kw>
<status status="PASS" start="2024-07-28T07:14:01.114135" elapsed="0.108325"/>
</kw>
<doc>Testa se a API responde corretamente e retorna um objeto JSON válido.</doc>
<tag>testeRequisicaoBasica</tag>
<status status="PASS" start="2024-07-28T07:14:01.113686" elapsed="0.108993"/>
</test>
<test id="s1-s1-t3" name="Validar estrutura de resposta" line="22">
<kw name="Teste de Estrutura de Resposta" owner="random-user-service">
<kw name="GET On Session" owner="RequestsLibrary">
<msg time="2024-07-28T07:14:01.311612" level="INFO">GET Request : url=https://randomuser.me/api 
 path_url=/api 
 headers={'User-Agent': 'python-requests/2.32.3', 'Accept-Encoding': 'gzip, deflate', 'Accept': '*/*', 'Connection': 'keep-alive'} 
 body=None 
 </msg>
<msg time="2024-07-28T07:14:01.311677" level="INFO">GET Response : url=https://randomuser.me/api 
 status=200, reason=OK 
 headers={'Date': 'Sun, 28 Jul 2024 07:14:01 GMT', 'Content-Type': 'application/json; charset=utf-8', 'Transfer-Encoding': 'chunked', 'Connection': 'keep-alive', 'X-Powered-By': 'Express', 'Access-Control-Allow-Origin': '*', 'Cache-Control': 'no-cache', 'ETag': 'W/"496-Yy1GN5RjU4WX7s1AajFaMpXtgsA"', 'Vary': 'Accept-Encoding', 'Content-Encoding': 'gzip', 'CF-Cache-Status': 'DYNAMIC', 'Report-To': '{"endpoints":[{"url":"https:\\/\\/a.nel.cloudflare.com\\/report\\/v4?s=nfkNFpG%2BCiKz%2B0T9j%2BZMHf%2FGqlFvpE9zHWDxXc8FVQ2X7bYbWRpFkbZw5PyPDgKMwywR8Nhqt%2Bem4G4qHES%2Fq%2B3t26qP21w4vCqY%2BZ9Vp1PLGQsG6X8oZaon2cM3x2dc"}],"group":"cf-nel","max_age":604800}', 'NEL': '{"success_fraction":0,"report_to":"cf-nel","max_age":604800}', 'Server': 'cloudflare', 'CF-RAY': '8aa311e5bdc7c985-IAD', 'alt-svc': 'h3=":443"; ma=86400'} 
 body={"results":[{"gender":"male","name":{"title":"Mr","first":"Etienne","last":"Bergeron"},"location":{"street":{"number":6333,"name":"Vimy St"},"city":"Campbellton","state":"Québec","country":"Canada","postcode":"A7S 6H7","coordinates":{"latitude":"-64.8166","longitude":"-87.9300"},"timezone":{"offset":"-6:00","description":"Central Time (US &amp; Canada), Mexico City"}},"email":"etienne.bergeron@example.com","login":{"uuid":"513af1df-f0a6-4861-aee7-e1b342dcc805","username":"tinykoala911","password":"techniques","salt":"0bPzIAey","md5":"aa80eeffe6f960a4996f3ddd5d7f47ea","sha1":"744d424b7f6e08dc56c288b9799454a29457220f","sha256":"7a26736c27b628a73e15fa249c8e197051021ae3c009f58c598594e88ba7921b"},"dob":{"date":"1950-03-12T10:53:33.189Z","age":74},"registered":{"date":"2016-07-10T14:09:20.646Z","age":8},"phone":"G18 T85-0309","cell":"J59 T87-8131","id":{"name":"SIN","value":"630545499"},"picture":{"large":"https://randomuser.me/api/portraits/men/22.jpg","medium":"https://randomuser.me/api/portraits/med/men/22.jpg","thumbnail":"https://randomuser.me/api/portraits/thumb/men/22.jpg"},"nat":"CA"}],"info":{"seed":"08bef15b5c862502","results":1,"page":1,"version":"1.4"}} 
 </msg>
<msg time="2024-07-28T07:14:01.311776" level="INFO">/opt/hostedtoolcache/Python/3.12.4/x64/lib/python3.12/site-packages/urllib3/connectionpool.py:1099: InsecureRequestWarning: Unverified HTTPS request is being made to host 'randomuser.me'. Adding certificate verification is strongly advised. See: https://urllib3.readthedocs.io/en/latest/advanced-usage.html#tls-warnings
  warnings.warn(</msg>
<msg time="2024-07-28T07:14:01.311882" level="INFO">${response} = &lt;Response [200]&gt;</msg>
<var>${response}</var>
<arg>consultarAPI</arg>
<arg>/api</arg>
<doc>Sends a GET request on a previously created HTTP Session.</doc>
<status status="PASS" start="2024-07-28T07:14:01.225357" elapsed="0.086568"/>
</kw>
<kw name="Set Variable" owner="BuiltIn">
<msg time="2024-07-28T07:14:01.313040" level="INFO">${json_data} = {'results': [{'gender': 'male', 'name': {'title': 'Mr', 'first': 'Etienne', 'last': 'Bergeron'}, 'location': {'street': {'number': 6333, 'name': 'Vimy St'}, 'city': 'Campbellton', 'state': 'Québec', '...</msg>
<var>${json_data}</var>
<arg>${response.json()}</arg>
<doc>Returns the given values which can then be assigned to a variables.</doc>
<status status="PASS" start="2024-07-28T07:14:01.312383" elapsed="0.000689"/>
</kw>
<kw name="Log" owner="BuiltIn">
<msg time="2024-07-28T07:14:01.313586" level="INFO">{'results': [{'gender': 'male', 'name': {'title': 'Mr', 'first': 'Etienne', 'last': 'Bergeron'}, 'location': {'street': {'number': 6333, 'name': 'Vimy St'}, 'city': 'Campbellton', 'state': 'Québec', 'country': 'Canada', 'postcode': 'A7S 6H7', 'coordinates': {'latitude': '-64.8166', 'longitude': '-87.9300'}, 'timezone': {'offset': '-6:00', 'description': 'Central Time (US &amp; Canada), Mexico City'}}, 'email': 'etienne.bergeron@example.com', 'login': {'uuid': '513af1df-f0a6-4861-aee7-e1b342dcc805', 'username': 'tinykoala911', 'password': 'techniques', 'salt': '0bPzIAey', 'md5': 'aa80eeffe6f960a4996f3ddd5d7f47ea', 'sha1': '744d424b7f6e08dc56c288b9799454a29457220f', 'sha256': '7a26736c27b628a73e15fa249c8e197051021ae3c009f58c598594e88ba7921b'}, 'dob': {'date': '1950-03-12T10:53:33.189Z', 'age': 74}, 'registered': {'date': '2016-07-10T14:09:20.646Z', 'age': 8}, 'phone': 'G18 T85-0309', 'cell': 'J59 T87-8131', 'id': {'name': 'SIN', 'value': '630545499'}, 'picture': {'large': 'https://randomuser.me/api/portraits/men/22.jpg', 'medium': 'https://randomuser.me/api/portraits/med/men/22.jpg', 'thumbnail': 'https://randomuser.me/api/portraits/thumb/men/22.jpg'}, 'nat': 'CA'}], 'info': {'seed': '08bef15b5c862502', 'results': 1, 'page': 1, 'version': '1.4'}}</msg>
<arg>${json_data}</arg>
<doc>Logs the given message with the given level.</doc>
<status status="PASS" start="2024-07-28T07:14:01.313419" elapsed="0.000219"/>
</kw>
<kw name="Dictionary Should Contain Key" owner="Collections">
<arg>${json_data}</arg>
<arg>results</arg>
<doc>Fails if ``key`` is not found from ``dictionary``.</doc>
<status status="PASS" start="2024-07-28T07:14:01.313930" elapsed="0.000157"/>
</kw>
<kw name="Should Not Be Empty" owner="BuiltIn">
<msg time="2024-07-28T07:14:01.314400" level="INFO">Length is 2.</msg>
<arg>${json_data}</arg>
<doc>Verifies that the given item is not empty.</doc>
<status status="PASS" start="2024-07-28T07:14:01.314270" elapsed="0.000168"/>
</kw>
<kw name="Create List" owner="BuiltIn">
<msg time="2024-07-28T07:14:01.314875" level="INFO">${expected_keys} = ['gender', 'name', 'location', 'email', 'login']</msg>
<var>${expected_keys}</var>
<arg>gender</arg>
<arg>name</arg>
<arg>location</arg>
<arg>email</arg>
<arg>login</arg>
<doc>Returns a list containing given items.</doc>
<status status="PASS" start="2024-07-28T07:14:01.314722" elapsed="0.000177"/>
</kw>
<for flavor="IN">
<iter>
<kw name="Dictionary Should Contain Key" owner="Collections">
<arg>${json_data['results'][0]}</arg>
<arg>${key}</arg>
<doc>Fails if ``key`` is not found from ``dictionary``.</doc>
<status status="PASS" start="2024-07-28T07:14:01.315467" elapsed="0.000403"/>
</kw>
<kw name="Log" owner="BuiltIn">
<msg time="2024-07-28T07:14:01.316429" level="INFO">{'gender': 'male', 'name': {'title': 'Mr', 'first': 'Etienne', 'last': 'Bergeron'}, 'location': {'street': {'number': 6333, 'name': 'Vimy St'}, 'city': 'Campbellton', 'state': 'Québec', 'country': 'Canada', 'postcode': 'A7S 6H7', 'coordinates': {'latitude': '-64.8166', 'longitude': '-87.9300'}, 'timezone': {'offset': '-6:00', 'description': 'Central Time (US &amp; Canada), Mexico City'}}, 'email': 'etienne.bergeron@example.com', 'login': {'uuid': '513af1df-f0a6-4861-aee7-e1b342dcc805', 'username': 'tinykoala911', 'password': 'techniques', 'salt': '0bPzIAey', 'md5': 'aa80eeffe6f960a4996f3ddd5d7f47ea', 'sha1': '744d424b7f6e08dc56c288b9799454a29457220f', 'sha256': '7a26736c27b628a73e15fa249c8e197051021ae3c009f58c598594e88ba7921b'}, 'dob': {'date': '1950-03-12T10:53:33.189Z', 'age': 74}, 'registered': {'date': '2016-07-10T14:09:20.646Z', 'age': 8}, 'phone': 'G18 T85-0309', 'cell': 'J59 T87-8131', 'id': {'name': 'SIN', 'value': '630545499'}, 'picture': {'large': 'https://randomuser.me/api/portraits/men/22.jpg', 'medium': 'https://randomuser.me/api/portraits/med/men/22.jpg', 'thumbnail': 'https://randomuser.me/api/portraits/thumb/men/22.jpg'}, 'nat': 'CA'}</msg>
<arg>${json_data['results'][0]}</arg>
<doc>Logs the given message with the given level.</doc>
<status status="PASS" start="2024-07-28T07:14:01.316063" elapsed="0.000417"/>
</kw>
<kw name="Log" owner="BuiltIn">
<msg time="2024-07-28T07:14:01.316906" level="INFO">gender</msg>
<arg>${key}</arg>
<doc>Logs the given message with the given level.</doc>
<status status="PASS" start="2024-07-28T07:14:01.316776" elapsed="0.000169"/>
</kw>
<var name="${key}">gender</var>
<status status="PASS" start="2024-07-28T07:14:01.315341" elapsed="0.001820"/>
</iter>
<iter>
<kw name="Dictionary Should Contain Key" owner="Collections">
<arg>${json_data['results'][0]}</arg>
<arg>${key}</arg>
<doc>Fails if ``key`` is not found from ``dictionary``.</doc>
<status status="PASS" start="2024-07-28T07:14:01.317547" elapsed="0.000610"/>
</kw>
<kw name="Log" owner="BuiltIn">
<msg time="2024-07-28T07:14:01.318822" level="INFO">{'gender': 'male', 'name': {'title': 'Mr', 'first': 'Etienne', 'last': 'Bergeron'}, 'location': {'street': {'number': 6333, 'name': 'Vimy St'}, 'city': 'Campbellton', 'state': 'Québec', 'country': 'Canada', 'postcode': 'A7S 6H7', 'coordinates': {'latitude': '-64.8166', 'longitude': '-87.9300'}, 'timezone': {'offset': '-6:00', 'description': 'Central Time (US &amp; Canada), Mexico City'}}, 'email': 'etienne.bergeron@example.com', 'login': {'uuid': '513af1df-f0a6-4861-aee7-e1b342dcc805', 'username': 'tinykoala911', 'password': 'techniques', 'salt': '0bPzIAey', 'md5': 'aa80eeffe6f960a4996f3ddd5d7f47ea', 'sha1': '744d424b7f6e08dc56c288b9799454a29457220f', 'sha256': '7a26736c27b628a73e15fa249c8e197051021ae3c009f58c598594e88ba7921b'}, 'dob': {'date': '1950-03-12T10:53:33.189Z', 'age': 74}, 'registered': {'date': '2016-07-10T14:09:20.646Z', 'age': 8}, 'phone': 'G18 T85-0309', 'cell': 'J59 T87-8131', 'id': {'name': 'SIN', 'value': '630545499'}, 'picture': {'large': 'https://randomuser.me/api/portraits/men/22.jpg', 'medium': 'https://randomuser.me/api/portraits/med/men/22.jpg', 'thumbnail': 'https://randomuser.me/api/portraits/thumb/men/22.jpg'}, 'nat': 'CA'}</msg>
<arg>${json_data['results'][0]}</arg>
<doc>Logs the given message with the given level.</doc>
<status status="PASS" start="2024-07-28T07:14:01.318416" elapsed="0.000458"/>
</kw>
<kw name="Log" owner="BuiltIn">
<msg time="2024-07-28T07:14:01.319325" level="INFO">name</msg>
<arg>${key}</arg>
<doc>Logs the given message with the given level.</doc>
<status status="PASS" start="2024-07-28T07:14:01.319186" elapsed="0.000177"/>
</kw>
<var name="${key}">name</var>
<status status="PASS" start="2024-07-28T07:14:01.317379" elapsed="0.002204"/>
</iter>
<iter>
<kw name="Dictionary Should Contain Key" owner="Collections">
<arg>${json_data['results'][0]}</arg>
<arg>${key}</arg>
<doc>Fails if ``key`` is not found from ``dictionary``.</doc>
<status status="PASS" start="2024-07-28T07:14:01.319873" elapsed="0.000393"/>
</kw>
<kw name="Log" owner="BuiltIn">
<msg time="2024-07-28T07:14:01.320822" level="INFO">{'gender': 'male', 'name': {'title': 'Mr', 'first': 'Etienne', 'last': 'Bergeron'}, 'location': {'street': {'number': 6333, 'name': 'Vimy St'}, 'city': 'Campbellton', 'state': 'Québec', 'country': 'Canada', 'postcode': 'A7S 6H7', 'coordinates': {'latitude': '-64.8166', 'longitude': '-87.9300'}, 'timezone': {'offset': '-6:00', 'description': 'Central Time (US &amp; Canada), Mexico City'}}, 'email': 'etienne.bergeron@example.com', 'login': {'uuid': '513af1df-f0a6-4861-aee7-e1b342dcc805', 'username': 'tinykoala911', 'password': 'techniques', 'salt': '0bPzIAey', 'md5': 'aa80eeffe6f960a4996f3ddd5d7f47ea', 'sha1': '744d424b7f6e08dc56c288b9799454a29457220f', 'sha256': '7a26736c27b628a73e15fa249c8e197051021ae3c009f58c598594e88ba7921b'}, 'dob': {'date': '1950-03-12T10:53:33.189Z', 'age': 74}, 'registered': {'date': '2016-07-10T14:09:20.646Z', 'age': 8}, 'phone': 'G18 T85-0309', 'cell': 'J59 T87-8131', 'id': {'name': 'SIN', 'value': '630545499'}, 'picture': {'large': 'https://randomuser.me/api/portraits/men/22.jpg', 'medium': 'https://randomuser.me/api/portraits/med/men/22.jpg', 'thumbnail': 'https://randomuser.me/api/portraits/thumb/men/22.jpg'}, 'nat': 'CA'}</msg>
<arg>${json_data['results'][0]}</arg>
<doc>Logs the given message with the given level.</doc>
<status status="PASS" start="2024-07-28T07:14:01.320457" elapsed="0.000417"/>
</kw>
<kw name="Log" owner="BuiltIn">
<msg time="2024-07-28T07:14:01.321342" level="INFO">location</msg>
<arg>${key}</arg>
<doc>Logs the given message with the given level.</doc>
<status status="PASS" start="2024-07-28T07:14:01.321205" elapsed="0.000175"/>
</kw>
<var name="${key}">location</var>
<status status="PASS" start="2024-07-28T07:14:01.319765" elapsed="0.001835"/>
</iter>
<iter>
<kw name="Dictionary Should Contain Key" owner="Collections">
<arg>${json_data['results'][0]}</arg>
<arg>${key}</arg>
<doc>Fails if ``key`` is not found from ``dictionary``.</doc>
<status status="PASS" start="2024-07-28T07:14:01.321882" elapsed="0.000395"/>
</kw>
<kw name="Log" owner="BuiltIn">
<msg time="2024-07-28T07:14:01.322937" level="INFO">{'gender': 'male', 'name': {'title': 'Mr', 'first': 'Etienne', 'last': 'Bergeron'}, 'location': {'street': {'number': 6333, 'name': 'Vimy St'}, 'city': 'Campbellton', 'state': 'Québec', 'country': 'Canada', 'postcode': 'A7S 6H7', 'coordinates': {'latitude': '-64.8166', 'longitude': '-87.9300'}, 'timezone': {'offset': '-6:00', 'description': 'Central Time (US &amp; Canada), Mexico City'}}, 'email': 'etienne.bergeron@example.com', 'login': {'uuid': '513af1df-f0a6-4861-aee7-e1b342dcc805', 'username': 'tinykoala911', 'password': 'techniques', 'salt': '0bPzIAey', 'md5': 'aa80eeffe6f960a4996f3ddd5d7f47ea', 'sha1': '744d424b7f6e08dc56c288b9799454a29457220f', 'sha256': '7a26736c27b628a73e15fa249c8e197051021ae3c009f58c598594e88ba7921b'}, 'dob': {'date': '1950-03-12T10:53:33.189Z', 'age': 74}, 'registered': {'date': '2016-07-10T14:09:20.646Z', 'age': 8}, 'phone': 'G18 T85-0309', 'cell': 'J59 T87-8131', 'id': {'name': 'SIN', 'value': '630545499'}, 'picture': {'large': 'https://randomuser.me/api/portraits/men/22.jpg', 'medium': 'https://randomuser.me/api/portraits/med/men/22.jpg', 'thumbnail': 'https://randomuser.me/api/portraits/thumb/men/22.jpg'}, 'nat': 'CA'}</msg>
<arg>${json_data['results'][0]}</arg>
<doc>Logs the given message with the given level.</doc>
<status status="PASS" start="2024-07-28T07:14:01.322583" elapsed="0.000407"/>
</kw>
<kw name="Log" owner="BuiltIn">
<msg time="2024-07-28T07:14:01.323417" level="INFO">email</msg>
<arg>${key}</arg>
<doc>Logs the given message with the given level.</doc>
<status status="PASS" start="2024-07-28T07:14:01.323287" elapsed="0.000168"/>
</kw>
<var name="${key}">email</var>
<status status="PASS" start="2024-07-28T07:14:01.321775" elapsed="0.001896"/>
</iter>
<iter>
<kw name="Dictionary Should Contain Key" owner="Collections">
<arg>${json_data['results'][0]}</arg>
<arg>${key}</arg>
<doc>Fails if ``key`` is not found from ``dictionary``.</doc>
<status status="PASS" start="2024-07-28T07:14:01.323953" elapsed="0.000375"/>
</kw>
<kw name="Log" owner="BuiltIn">
<msg time="2024-07-28T07:14:01.324877" level="INFO">{'gender': 'male', 'name': {'title': 'Mr', 'first': 'Etienne', 'last': 'Bergeron'}, 'location': {'street': {'number': 6333, 'name': 'Vimy St'}, 'city': 'Campbellton', 'state': 'Québec', 'country': 'Canada', 'postcode': 'A7S 6H7', 'coordinates': {'latitude': '-64.8166', 'longitude': '-87.9300'}, 'timezone': {'offset': '-6:00', 'description': 'Central Time (US &amp; Canada), Mexico City'}}, 'email': 'etienne.bergeron@example.com', 'login': {'uuid': '513af1df-f0a6-4861-aee7-e1b342dcc805', 'username': 'tinykoala911', 'password': 'techniques', 'salt': '0bPzIAey', 'md5': 'aa80eeffe6f960a4996f3ddd5d7f47ea', 'sha1': '744d424b7f6e08dc56c288b9799454a29457220f', 'sha256': '7a26736c27b628a73e15fa249c8e197051021ae3c009f58c598594e88ba7921b'}, 'dob': {'date': '1950-03-12T10:53:33.189Z', 'age': 74}, 'registered': {'date': '2016-07-10T14:09:20.646Z', 'age': 8}, 'phone': 'G18 T85-0309', 'cell': 'J59 T87-8131', 'id': {'name': 'SIN', 'value': '630545499'}, 'picture': {'large': 'https://randomuser.me/api/portraits/men/22.jpg', 'medium': 'https://randomuser.me/api/portraits/med/men/22.jpg', 'thumbnail': 'https://randomuser.me/api/portraits/thumb/men/22.jpg'}, 'nat': 'CA'}</msg>
<arg>${json_data['results'][0]}</arg>
<doc>Logs the given message with the given level.</doc>
<status status="PASS" start="2024-07-28T07:14:01.324508" elapsed="0.000420"/>
</kw>
<kw name="Log" owner="BuiltIn">
<msg time="2024-07-28T07:14:01.325396" level="INFO">login</msg>
<arg>${key}</arg>
<doc>Logs the given message with the given level.</doc>
<status status="PASS" start="2024-07-28T07:14:01.325252" elapsed="0.000191"/>
</kw>
<var name="${key}">login</var>
<status status="PASS" start="2024-07-28T07:14:01.323844" elapsed="0.001817"/>
</iter>
<var>${key}</var>
<value>@{expected_keys}</value>
<status status="PASS" start="2024-07-28T07:14:01.315162" elapsed="0.010623"/>
</for>
<kw name="Create List" owner="BuiltIn">
<msg time="2024-07-28T07:14:01.326162" level="INFO">${expected_keysTwo} = ['username', 'password']</msg>
<var>${expected_keysTwo}</var>
<arg>username</arg>
<arg>password</arg>
<doc>Returns a list containing given items.</doc>
<status status="PASS" start="2024-07-28T07:14:01.325984" elapsed="0.000203"/>
</kw>
<for flavor="IN">
<iter>
<kw name="Dictionary Should Contain Key" owner="Collections">
<arg>${json_data['results'][0]['login']}</arg>
<arg>${keyTwo}</arg>
<doc>Fails if ``key`` is not found from ``dictionary``.</doc>
<status status="PASS" start="2024-07-28T07:14:01.326697" elapsed="0.000385"/>
</kw>
<kw name="Dictionary Should Contain Key" owner="Collections">
<arg>${json_data['results'][0]['login']}</arg>
<arg>${keyTwo}</arg>
<doc>Fails if ``key`` is not found from ``dictionary``.</doc>
<status status="PASS" start="2024-07-28T07:14:01.327269" elapsed="0.000372"/>
</kw>
<kw name="Log" owner="BuiltIn">
<msg time="2024-07-28T07:14:01.327940" level="INFO">username</msg>
<arg>${keyTwo}</arg>
<doc>Logs the given message with the given level.</doc>
<status status="PASS" start="2024-07-28T07:14:01.327820" elapsed="0.000157"/>
</kw>
<var name="${keyTwo}">username</var>
<status status="PASS" start="2024-07-28T07:14:01.326580" elapsed="0.001615"/>
</iter>
<iter>
<kw name="Dictionary Should Contain Key" owner="Collections">
<arg>${json_data['results'][0]['login']}</arg>
<arg>${keyTwo}</arg>
<doc>Fails if ``key`` is not found from ``dictionary``.</doc>
<status status="PASS" start="2024-07-28T07:14:01.328481" elapsed="0.000380"/>
</kw>
<kw name="Dictionary Should Contain Key" owner="Collections">
<arg>${json_data['results'][0]['login']}</arg>
<arg>${keyTwo}</arg>
<doc>Fails if ``key`` is not found from ``dictionary``.</doc>
<status status="PASS" start="2024-07-28T07:14:01.329041" elapsed="0.000408"/>
</kw>
<kw name="Log" owner="BuiltIn">
<msg time="2024-07-28T07:14:01.329755" level="INFO">password</msg>
<arg>${keyTwo}</arg>
<doc>Logs the given message with the given level.</doc>
<status status="PASS" start="2024-07-28T07:14:01.329629" elapsed="0.000164"/>
</kw>
<var name="${keyTwo}">password</var>
<status status="PASS" start="2024-07-28T07:14:01.328368" elapsed="0.001647"/>
</iter>
<var>${keyTwo}</var>
<value>@{expected_keysTwo}</value>
<status status="PASS" start="2024-07-28T07:14:01.326427" elapsed="0.003711"/>
</for>
<status status="PASS" start="2024-07-28T07:14:01.225098" elapsed="0.105180"/>
</kw>
<doc>Testa a estrutura da resposta da API.</doc>
<tag>testeEstruturaResposta</tag>
<status status="PASS" start="2024-07-28T07:14:01.224609" elapsed="0.105819"/>
</test>
<test id="s1-s1-t4" name="Validar tipos de dados" line="28">
<kw name="Teste de Tipos de Dados" owner="random-user-service">
<kw name="GET On Session" owner="RequestsLibrary">
<msg time="2024-07-28T07:14:01.420463" level="INFO">GET Request : url=https://randomuser.me/api 
 path_url=/api 
 headers={'User-Agent': 'python-requests/2.32.3', 'Accept-Encoding': 'gzip, deflate', 'Accept': '*/*', 'Connection': 'keep-alive'} 
 body=None 
 </msg>
<msg time="2024-07-28T07:14:01.420527" level="INFO">GET Response : url=https://randomuser.me/api 
 status=200, reason=OK 
 headers={'Date': 'Sun, 28 Jul 2024 07:14:01 GMT', 'Content-Type': 'application/json; charset=utf-8', 'Transfer-Encoding': 'chunked', 'Connection': 'keep-alive', 'X-Powered-By': 'Express', 'Access-Control-Allow-Origin': '*', 'Cache-Control': 'no-cache', 'ETag': 'W/"48b-2jTmkWNItD6aHGa3wuLIOBvRhjM"', 'Vary': 'Accept-Encoding', 'Content-Encoding': 'gzip', 'CF-Cache-Status': 'DYNAMIC', 'Report-To': '{"endpoints":[{"url":"https:\\/\\/a.nel.cloudflare.com\\/report\\/v4?s=A%2BMGyryWFJRQawlaNRhDdkL%2BZEeLJ8wHQsOFHfzEuwdUMTUtMmRVEg%2BuKyKRPVD8OAkwugqFxy%2FOBCLsmfQQnDY%2B4tvu5cZxfYHAR3RRXFnUfJDZVuMAIbmNBee8D5q%2F"}],"group":"cf-nel","max_age":604800}', 'NEL': '{"success_fraction":0,"report_to":"cf-nel","max_age":604800}', 'Server': 'cloudflare', 'CF-RAY': '8aa311e65ee4c985-IAD', 'alt-svc': 'h3=":443"; ma=86400'} 
 body={"results":[{"gender":"male","name":{"title":"Mr","first":"Jarick","last":"Dost"},"location":{"street":{"number":2279,"name":"Bennebroekerdijk"},"city":"Stede Broec","state":"Zuid-Holland","country":"Netherlands","postcode":"4523 WJ","coordinates":{"latitude":"33.8804","longitude":"-174.6988"},"timezone":{"offset":"+6:00","description":"Almaty, Dhaka, Colombo"}},"email":"jarick.dost@example.com","login":{"uuid":"62c31ce3-022b-4ec7-aa64-a90dfb519a6d","username":"happyfish668","password":"party","salt":"cikT3VCO","md5":"559de9a7a1e76f4c95e51067ccc9e1d8","sha1":"5d5634a750b5b9ead153e991c629ef476623e34a","sha256":"c2002b5856d6540ad0731eeb06375b5bc4186763ef89d099b3625f54b2936f0d"},"dob":{"date":"1977-05-03T21:08:57.716Z","age":47},"registered":{"date":"2002-07-15T00:51:12.714Z","age":22},"phone":"(0469) 554603","cell":"(06) 09119206","id":{"name":"BSN","value":"71068669"},"picture":{"large":"https://randomuser.me/api/portraits/men/87.jpg","medium":"https://randomuser.me/api/portraits/med/men/87.jpg","thumbnail":"https://randomuser.me/api/portraits/thumb/men/87.jpg"},"nat":"NL"}],"info":{"seed":"5ce16c90fc27e0f5","results":1,"page":1,"version":"1.4"}} 
 </msg>
<msg time="2024-07-28T07:14:01.420583" level="INFO">/opt/hostedtoolcache/Python/3.12.4/x64/lib/python3.12/site-packages/urllib3/connectionpool.py:1099: InsecureRequestWarning: Unverified HTTPS request is being made to host 'randomuser.me'. Adding certificate verification is strongly advised. See: https://urllib3.readthedocs.io/en/latest/advanced-usage.html#tls-warnings
  warnings.warn(</msg>
<msg time="2024-07-28T07:14:01.420682" level="INFO">${response} = &lt;Response [200]&gt;</msg>
<var>${response}</var>
<arg>consultarAPI</arg>
<arg>/api</arg>
<doc>Sends a GET request on a previously created HTTP Session.</doc>
<status status="PASS" start="2024-07-28T07:14:01.332845" elapsed="0.087875"/>
</kw>
<kw name="Set Variable" owner="BuiltIn">
<msg time="2024-07-28T07:14:01.421739" level="INFO">${json_data} = {'results': [{'gender': 'male', 'name': {'title': 'Mr', 'first': 'Jarick', 'last': 'Dost'}, 'location': {'street': {'number': 2279, 'name': 'Bennebroekerdijk'}, 'city': 'Stede Broec', 'state': 'Zuid-H...</msg>
<var>${json_data}</var>
<arg>${response.json()}</arg>
<doc>Returns the given values which can then be assigned to a variables.</doc>
<status status="PASS" start="2024-07-28T07:14:01.421159" elapsed="0.000609"/>
</kw>
<kw name="Log" owner="BuiltIn">
<msg time="2024-07-28T07:14:01.422229" level="INFO">{'results': [{'gender': 'male', 'name': {'title': 'Mr', 'first': 'Jarick', 'last': 'Dost'}, 'location': {'street': {'number': 2279, 'name': 'Bennebroekerdijk'}, 'city': 'Stede Broec', 'state': 'Zuid-Holland', 'country': 'Netherlands', 'postcode': '4523 WJ', 'coordinates': {'latitude': '33.8804', 'longitude': '-174.6988'}, 'timezone': {'offset': '+6:00', 'description': 'Almaty, Dhaka, Colombo'}}, 'email': 'jarick.dost@example.com', 'login': {'uuid': '62c31ce3-022b-4ec7-aa64-a90dfb519a6d', 'username': 'happyfish668', 'password': 'party', 'salt': 'cikT3VCO', 'md5': '559de9a7a1e76f4c95e51067ccc9e1d8', 'sha1': '5d5634a750b5b9ead153e991c629ef476623e34a', 'sha256': 'c2002b5856d6540ad0731eeb06375b5bc4186763ef89d099b3625f54b2936f0d'}, 'dob': {'date': '1977-05-03T21:08:57.716Z', 'age': 47}, 'registered': {'date': '2002-07-15T00:51:12.714Z', 'age': 22}, 'phone': '(0469) 554603', 'cell': '(06) 09119206', 'id': {'name': 'BSN', 'value': '71068669'}, 'picture': {'large': 'https://randomuser.me/api/portraits/men/87.jpg', 'medium': 'https://randomuser.me/api/portraits/med/men/87.jpg', 'thumbnail': 'https://randomuser.me/api/portraits/thumb/men/87.jpg'}, 'nat': 'NL'}], 'info': {'seed': '5ce16c90fc27e0f5', 'results': 1, 'page': 1, 'version': '1.4'}}</msg>
<arg>${json_data}</arg>
<doc>Logs the given message with the given level.</doc>
<status status="PASS" start="2024-07-28T07:14:01.422074" elapsed="0.000202"/>
</kw>
<kw name="Should Be String" owner="String">
<arg>${json_data['results'][0]['gender']}</arg>
<doc>Fails if the given ``item`` is not a string.</doc>
<status status="PASS" start="2024-07-28T07:14:01.422565" elapsed="0.000377"/>
</kw>
<kw name="Should Match Regexp" owner="BuiltIn">
<arg>${json_data['results'][0]['email']}</arg>
<arg>^[a-zA-Z0-9._%+-]+@[a-zA-Z0-9.-]+\.[a-zA-Z]{2,}$</arg>
<doc>Fails if ``string`` does not match ``pattern`` as a regular expression.</doc>
<status status="PASS" start="2024-07-28T07:14:01.423132" elapsed="0.000565"/>
</kw>
<kw name="Should Match Regexp" owner="BuiltIn">
<arg>${json_data['results'][0]['dob']['date']}</arg>
<arg>\\d{4}-\\d{2}-\\d{2}T\\d{2}:\\d{2}:\\d{2}\\.\\d{3}Z</arg>
<doc>Fails if ``string`` does not match ``pattern`` as a regular expression.</doc>
<status status="PASS" start="2024-07-28T07:14:01.423893" elapsed="0.000600"/>
</kw>
<kw name="Should Match Regexp" owner="BuiltIn">
<arg>${json_data['results'][0]['registered']['date']}</arg>
<arg>\\d{4}-\\d{2}-\\d{2}T\\d{2}:\\d{2}:\\d{2}\\.\\d{3}Z</arg>
<doc>Fails if ``string`` does not match ``pattern`` as a regular expression.</doc>
<status status="PASS" start="2024-07-28T07:14:01.424689" elapsed="0.000373"/>
</kw>
<kw name="Should Match Regexp" owner="BuiltIn">
<arg>${json_data['results'][0]['picture']['large']}</arg>
<arg>^https?://.*\.(?:png|jpe?g|gif|bmp)$</arg>
<doc>Fails if ``string`` does not match ``pattern`` as a regular expression.</doc>
<status status="PASS" start="2024-07-28T07:14:01.425283" elapsed="0.000483"/>
</kw>
<kw name="Should Match Regexp" owner="BuiltIn">
<arg>${json_data['results'][0]['picture']['medium']}</arg>
<arg>^https?://.*\.(?:png|jpe?g|gif|bmp)$</arg>
<doc>Fails if ``string`` does not match ``pattern`` as a regular expression.</doc>
<status status="PASS" start="2024-07-28T07:14:01.425955" elapsed="0.000353"/>
</kw>
<kw name="Should Match Regexp" owner="BuiltIn">
<arg>${json_data['results'][0]['picture']['thumbnail']}</arg>
<arg>^https?://.*\.(?:png|jpe?g|gif|bmp)$</arg>
<doc>Fails if ``string`` does not match ``pattern`` as a regular expression.</doc>
<status status="PASS" start="2024-07-28T07:14:01.426491" elapsed="0.000348"/>
</kw>
<kw name="Log" owner="BuiltIn">
<msg time="2024-07-28T07:14:01.427355" level="INFO">{'large': 'https://randomuser.me/api/portraits/men/87.jpg', 'medium': 'https://randomuser.me/api/portraits/med/men/87.jpg', 'thumbnail': 'https://randomuser.me/api/portraits/thumb/men/87.jpg'}</msg>
<arg>${json_data['results'][0]['picture']}</arg>
<doc>Logs the given message with the given level.</doc>
<status status="PASS" start="2024-07-28T07:14:01.427020" elapsed="0.000378"/>
</kw>
<status status="PASS" start="2024-07-28T07:14:01.332627" elapsed="0.095025"/>
</kw>
<kw name="Teste de Tipos de Dados - Postcode" owner="random-user-service">
<kw name="GET On Session" owner="RequestsLibrary">
<msg time="2024-07-28T07:14:01.517522" level="INFO">GET Request : url=https://randomuser.me/api 
 path_url=/api 
 headers={'User-Agent': 'python-requests/2.32.3', 'Accept-Encoding': 'gzip, deflate', 'Accept': '*/*', 'Connection': 'keep-alive'} 
 body=None 
 </msg>
<msg time="2024-07-28T07:14:01.517606" level="INFO">GET Response : url=https://randomuser.me/api 
 status=200, reason=OK 
 headers={'Date': 'Sun, 28 Jul 2024 07:14:01 GMT', 'Content-Type': 'application/json; charset=utf-8', 'Transfer-Encoding': 'chunked', 'Connection': 'keep-alive', 'X-Powered-By': 'Express', 'Access-Control-Allow-Origin': '*', 'Cache-Control': 'no-cache', 'ETag': 'W/"48d-LxFvXuDjqocJYrOqUZ+wlXKAqhM"', 'Vary': 'Accept-Encoding', 'Content-Encoding': 'gzip', 'CF-Cache-Status': 'DYNAMIC', 'Report-To': '{"endpoints":[{"url":"https:\\/\\/a.nel.cloudflare.com\\/report\\/v4?s=GLVtu%2B3fIOKEsenZY9AacBsjNeCWvwvVaosU8qmFQfvKsjUxRuX77QGC8s97cjrrNDWzlAm81QBAGeaK6j7q4T0JKIFdjiaYy8n5pe2gHNTlaeUJO4yM88sL4VPgskfw"}],"group":"cf-nel","max_age":604800}', 'NEL': '{"success_fraction":0,"report_to":"cf-nel","max_age":604800}', 'Server': 'cloudflare', 'CF-RAY': '8aa311e6fff1c985-IAD', 'alt-svc': 'h3=":443"; ma=86400'} 
 body={"results":[{"gender":"male","name":{"title":"Mr","first":"Benjamin","last":"Peterson"},"location":{"street":{"number":4407,"name":"Photinia Ave"},"city":"Orlando","state":"South Carolina","country":"United States","postcode":86066,"coordinates":{"latitude":"82.3035","longitude":"-122.5879"},"timezone":{"offset":"-2:00","description":"Mid-Atlantic"}},"email":"benjamin.peterson@example.com","login":{"uuid":"1b679acd-b989-477d-90c9-183551eeb160","username":"silvermeercat194","password":"5454","salt":"SKGIEEZL","md5":"b9356b2f058f043141694b9dc6321608","sha1":"0707119845e67bc6a634ea9edf2e473b47c4c681","sha256":"7ea4e2da80ac6d851b1c077b82f832cddd320114c67187ca1a2c87dc46bac5c6"},"dob":{"date":"1976-01-22T23:55:46.455Z","age":48},"registered":{"date":"2006-05-31T23:55:28.422Z","age":18},"phone":"(408) 961-4024","cell":"(548) 972-3100","id":{"name":"SSN","value":"487-61-1885"},"picture":{"large":"https://randomuser.me/api/portraits/men/33.jpg","medium":"https://randomuser.me/api/portraits/med/men/33.jpg","thumbnail":"https://randomuser.me/api/portraits/thumb/men/33.jpg"},"nat":"US"}],"info":{"seed":"dfc8a2e939fcdc88","results":1,"page":1,"version":"1.4"}} 
 </msg>
<msg time="2024-07-28T07:14:01.517676" level="INFO">/opt/hostedtoolcache/Python/3.12.4/x64/lib/python3.12/site-packages/urllib3/connectionpool.py:1099: InsecureRequestWarning: Unverified HTTPS request is being made to host 'randomuser.me'. Adding certificate verification is strongly advised. See: https://urllib3.readthedocs.io/en/latest/advanced-usage.html#tls-warnings
  warnings.warn(</msg>
<msg time="2024-07-28T07:14:01.517790" level="INFO">${response} = &lt;Response [200]&gt;</msg>
<var>${response}</var>
<arg>consultarAPI</arg>
<arg>/api</arg>
<doc>Sends a GET request on a previously created HTTP Session.</doc>
<status status="PASS" start="2024-07-28T07:14:01.428081" elapsed="0.089766"/>
</kw>
<kw name="Set Variable" owner="BuiltIn">
<msg time="2024-07-28T07:14:01.518913" level="INFO">${json_data} = {'results': [{'gender': 'male', 'name': {'title': 'Mr', 'first': 'Benjamin', 'last': 'Peterson'}, 'location': {'street': {'number': 4407, 'name': 'Photinia Ave'}, 'city': 'Orlando', 'state': 'South Ca...</msg>
<var>${json_data}</var>
<arg>${response.json()}</arg>
<doc>Returns the given values which can then be assigned to a variables.</doc>
<status status="PASS" start="2024-07-28T07:14:01.518337" elapsed="0.000605"/>
</kw>
<kw name="Log" owner="BuiltIn">
<msg time="2024-07-28T07:14:01.519406" level="INFO">{'results': [{'gender': 'male', 'name': {'title': 'Mr', 'first': 'Benjamin', 'last': 'Peterson'}, 'location': {'street': {'number': 4407, 'name': 'Photinia Ave'}, 'city': 'Orlando', 'state': 'South Carolina', 'country': 'United States', 'postcode': 86066, 'coordinates': {'latitude': '82.3035', 'longitude': '-122.5879'}, 'timezone': {'offset': '-2:00', 'description': 'Mid-Atlantic'}}, 'email': 'benjamin.peterson@example.com', 'login': {'uuid': '1b679acd-b989-477d-90c9-183551eeb160', 'username': 'silvermeercat194', 'password': '5454', 'salt': 'SKGIEEZL', 'md5': 'b9356b2f058f043141694b9dc6321608', 'sha1': '0707119845e67bc6a634ea9edf2e473b47c4c681', 'sha256': '7ea4e2da80ac6d851b1c077b82f832cddd320114c67187ca1a2c87dc46bac5c6'}, 'dob': {'date': '1976-01-22T23:55:46.455Z', 'age': 48}, 'registered': {'date': '2006-05-31T23:55:28.422Z', 'age': 18}, 'phone': '(408) 961-4024', 'cell': '(548) 972-3100', 'id': {'name': 'SSN', 'value': '487-61-1885'}, 'picture': {'large': 'https://randomuser.me/api/portraits/men/33.jpg', 'medium': 'https://randomuser.me/api/portraits/med/men/33.jpg', 'thumbnail': 'https://randomuser.me/api/portraits/thumb/men/33.jpg'}, 'nat': 'US'}], 'info': {'seed': 'dfc8a2e939fcdc88', 'results': 1, 'page': 1, 'version': '1.4'}}</msg>
<arg>${json_data}</arg>
<doc>Logs the given message with the given level.</doc>
<status status="PASS" start="2024-07-28T07:14:01.519248" elapsed="0.000205"/>
</kw>
<kw name="Should Be Equal As Numbers" owner="BuiltIn">
<arg>${json_data['results'][0]['location']['postcode']}</arg>
<arg>${json_data['results'][0]['location']['postcode']}</arg>
<doc>Fails if objects are unequal after converting them to real numbers.</doc>
<status status="PASS" start="2024-07-28T07:14:01.519747" elapsed="0.000621"/>
</kw>
<kw name="Log" owner="BuiltIn">
<msg time="2024-07-28T07:14:01.520897" level="INFO">86066</msg>
<arg>${json_data['results'][0]['location']['postcode']}</arg>
<doc>Logs the given message with the given level.</doc>
<status status="PASS" start="2024-07-28T07:14:01.520564" elapsed="0.000408"/>
</kw>
<status status="PASS" start="2024-07-28T07:14:01.427864" elapsed="0.093404"/>
</kw>
<doc>Testa se os tipos de dados na resposta da API estão corretos.</doc>
<tag>testeTiposDados</tag>
<status status="PASS" start="2024-07-28T07:14:01.332180" elapsed="0.189253"/>
</test>
<test id="s1-s1-t5" name="Validar conteudo" line="35">
<kw name="Teste de Tipos de Conteudo" owner="random-user-service">
<kw name="GET On Session" owner="RequestsLibrary">
<msg time="2024-07-28T07:14:01.612080" level="INFO">GET Request : url=https://randomuser.me/api 
 path_url=/api 
 headers={'User-Agent': 'python-requests/2.32.3', 'Accept-Encoding': 'gzip, deflate', 'Accept': '*/*', 'Connection': 'keep-alive'} 
 body=None 
 </msg>
<msg time="2024-07-28T07:14:01.612160" level="INFO">GET Response : url=https://randomuser.me/api 
 status=200, reason=OK 
 headers={'Date': 'Sun, 28 Jul 2024 07:14:01 GMT', 'Content-Type': 'application/json; charset=utf-8', 'Transfer-Encoding': 'chunked', 'Connection': 'keep-alive', 'X-Powered-By': 'Express', 'Access-Control-Allow-Origin': '*', 'Cache-Control': 'no-cache', 'ETag': 'W/"46f-tvdzllry58pH+9PtwhoOcfHNT00"', 'Vary': 'Accept-Encoding', 'Content-Encoding': 'gzip', 'CF-Cache-Status': 'DYNAMIC', 'Report-To': '{"endpoints":[{"url":"https:\\/\\/a.nel.cloudflare.com\\/report\\/v4?s=n%2BkMzgrbhDyYrl%2FG%2BOAfRjjvBxE90vbLnz5W45jnh5fNEqpxwcS%2FShj6%2BY%2BxCnlmiemawHJI2b6jewlqIVU2PvN6qXTb7VpxL2red5xKKOT16YddEuYXrK6dp1aH9E%2BK"}],"group":"cf-nel","max_age":604800}', 'NEL': '{"success_fraction":0,"report_to":"cf-nel","max_age":604800}', 'Server': 'cloudflare', 'CF-RAY': '8aa311e788f3c985-IAD', 'alt-svc': 'h3=":443"; ma=86400'} 
 body={"results":[{"gender":"female","name":{"title":"Ms","first":"Naja","last":"Hansen"},"location":{"street":{"number":6771,"name":"Grønnevej"},"city":"Aalborg S.Ø.","state":"Hovedstaden","country":"Denmark","postcode":95682,"coordinates":{"latitude":"-46.5716","longitude":"44.3491"},"timezone":{"offset":"-10:00","description":"Hawaii"}},"email":"naja.hansen@example.com","login":{"uuid":"b2c1a404-f54e-4bbf-ad66-517cb5e3956d","username":"happyfrog177","password":"helmet","salt":"vq5TT05Z","md5":"ae6061c9e540b5f1a4c1431e8fad5997","sha1":"93342ddc7972302516d726810129f8d85c8d98c7","sha256":"3c2ea93ee793d55e1cd9ec100851b9678a11e4703c100cb1a66641dac1c34383"},"dob":{"date":"1972-04-01T05:45:38.847Z","age":52},"registered":{"date":"2018-07-29T23:21:53.164Z","age":5},"phone":"38153484","cell":"91292569","id":{"name":"CPR","value":"310372-3113"},"picture":{"large":"https://randomuser.me/api/portraits/women/68.jpg","medium":"https://randomuser.me/api/portraits/med/women/68.jpg","thumbnail":"https://randomuser.me/api/portraits/thumb/women/68.jpg"},"nat":"DK"}],"info":{"seed":"ba080bef4babce7f","results":1,"page":1,"version":"1.4"}} 
 </msg>
<msg time="2024-07-28T07:14:01.612217" level="INFO">/opt/hostedtoolcache/Python/3.12.4/x64/lib/python3.12/site-packages/urllib3/connectionpool.py:1099: InsecureRequestWarning: Unverified HTTPS request is being made to host 'randomuser.me'. Adding certificate verification is strongly advised. See: https://urllib3.readthedocs.io/en/latest/advanced-usage.html#tls-warnings
  warnings.warn(</msg>
<msg time="2024-07-28T07:14:01.612306" level="INFO">${response} = &lt;Response [200]&gt;</msg>
<var>${response}</var>
<arg>consultarAPI</arg>
<arg>/api</arg>
<doc>Sends a GET request on a previously created HTTP Session.</doc>
<status status="PASS" start="2024-07-28T07:14:01.523811" elapsed="0.088533"/>
</kw>
<kw name="Set Variable" owner="BuiltIn">
<msg time="2024-07-28T07:14:01.613147" level="INFO">${json_data} = {'results': [{'gender': 'female', 'name': {'title': 'Ms', 'first': 'Naja', 'last': 'Hansen'}, 'location': {'street': {'number': 6771, 'name': 'Grønnevej'}, 'city': 'Aalborg S.Ø.', 'state': 'Hovedstade...</msg>
<var>${json_data}</var>
<arg>${response.json()}</arg>
<doc>Returns the given values which can then be assigned to a variables.</doc>
<status status="PASS" start="2024-07-28T07:14:01.612701" elapsed="0.000509"/>
</kw>
<kw name="Set Variable" owner="BuiltIn">
<msg time="2024-07-28T07:14:01.613904" level="INFO">${name_title} = Ms</msg>
<var>${name_title}</var>
<arg>${json_data["results"][0]["name"]["title"]}</arg>
<doc>Returns the given values which can then be assigned to a variables.</doc>
<status status="PASS" start="2024-07-28T07:14:01.613528" elapsed="0.000402"/>
</kw>
<kw name="Create List" owner="BuiltIn">
<msg time="2024-07-28T07:14:01.614372" level="INFO">${allowed_titles} = ['Mr', 'Ms', 'Miss', 'Mrs', 'Madame', 'Monsieur']</msg>
<var>${allowed_titles}</var>
<arg>Mr</arg>
<arg>Ms</arg>
<arg>Miss</arg>
<arg>Mrs</arg>
<arg>Madame</arg>
<arg>Monsieur</arg>
<doc>Returns a list containing given items.</doc>
<status status="PASS" start="2024-07-28T07:14:01.614223" elapsed="0.000173"/>
</kw>
<kw name="List Should Contain Value" owner="Collections">
<arg>${allowed_titles}</arg>
<arg>${name_title}</arg>
<doc>Fails if the ``value`` is not found from ``list``.</doc>
<status status="PASS" start="2024-07-28T07:14:01.614692" elapsed="0.000184"/>
</kw>
<kw name="Set Variable" owner="BuiltIn">
<msg time="2024-07-28T07:14:01.615432" level="INFO">${name_country} = DK</msg>
<var>${name_country}</var>
<arg>${json_data["results"][0]["nat"]}</arg>
<doc>Returns the given values which can then be assigned to a variables.</doc>
<status status="PASS" start="2024-07-28T07:14:01.615057" elapsed="0.000400"/>
</kw>
<kw name="Create List" owner="BuiltIn">
<msg time="2024-07-28T07:14:01.616335" level="INFO">${list_country} = ['AD', 'AE', 'AF', 'AG', 'AI', 'AL', 'AM', 'AO', 'AQ', 'AR', 'AS', 'AT', 'AU', 'AW', 'AX', 'AZ', 'BA', 'BB', 'BD', 'BE', 'BF', 'BG', 'BH', 'BI', 'BJ', 'BL', 'BM', 'BN', 'BO', 'BQ', 'BR', 'BS', 'BT', '...</msg>
<var>${list_country}</var>
<arg>AD</arg>
<arg>AE</arg>
<arg>AF</arg>
<arg>AG</arg>
<arg>AI</arg>
<arg>AL</arg>
<arg>AM</arg>
<arg>AO</arg>
<arg>AQ</arg>
<arg>AR</arg>
<arg>AS</arg>
<arg>AT</arg>
<arg>AU</arg>
<arg>AW</arg>
<arg>AX</arg>
<arg>AZ</arg>
<arg>BA</arg>
<arg>BB</arg>
<arg>BD</arg>
<arg>BE</arg>
<arg>BF</arg>
<arg>BG</arg>
<arg>BH</arg>
<arg>BI</arg>
<arg>BJ</arg>
<arg>BL</arg>
<arg>BM</arg>
<arg>BN</arg>
<arg>BO</arg>
<arg>BQ</arg>
<arg>BR</arg>
<arg>BS</arg>
<arg>BT</arg>
<arg>BV</arg>
<arg>BW</arg>
<arg>BY</arg>
<arg>BZ</arg>
<arg>CA</arg>
<arg>CC</arg>
<arg>CD</arg>
<arg>CF</arg>
<arg>CG</arg>
<arg>CH</arg>
<arg>CI</arg>
<arg>CK</arg>
<arg>CL</arg>
<arg>CM</arg>
<arg>CN</arg>
<arg>CO</arg>
<arg>CR</arg>
<arg>CU</arg>
<arg>CV</arg>
<arg>CW</arg>
<arg>CX</arg>
<arg>CY</arg>
<arg>CZ</arg>
<arg>DE</arg>
<arg>DJ</arg>
<arg>DK</arg>
<arg>DM</arg>
<arg>DO</arg>
<arg>DZ</arg>
<arg>EC</arg>
<arg>EE</arg>
<arg>EG</arg>
<arg>EH</arg>
<arg>ER</arg>
<arg>ES</arg>
<arg>ET</arg>
<arg>FI</arg>
<arg>FJ</arg>
<arg>FK</arg>
<arg>FM</arg>
<arg>FO</arg>
<arg>FR</arg>
<arg>GA</arg>
<arg>GB</arg>
<arg>GD</arg>
<arg>GE</arg>
<arg>GF</arg>
<arg>GG</arg>
<arg>GH</arg>
<arg>GI</arg>
<arg>GL</arg>
<arg>GM</arg>
<arg>GN</arg>
<arg>GP</arg>
<arg>GQ</arg>
<arg>GR</arg>
<arg>GS</arg>
<arg>GT</arg>
<arg>GU</arg>
<arg>GW</arg>
<arg>GY</arg>
<arg>HK</arg>
<arg>HM</arg>
<arg>HN</arg>
<arg>HR</arg>
<arg>HT</arg>
<arg>HU</arg>
<arg>ID</arg>
<arg>IE</arg>
<arg>IL</arg>
<arg>IM</arg>
<arg>IN</arg>
<arg>IO</arg>
<arg>IQ</arg>
<arg>IR</arg>
<arg>IS</arg>
<arg>IT</arg>
<arg>JE</arg>
<arg>JM</arg>
<arg>JO</arg>
<arg>JP</arg>
<arg>KE</arg>
<arg>KG</arg>
<arg>KH</arg>
<arg>KI</arg>
<arg>KM</arg>
<arg>KN</arg>
<arg>KP</arg>
<arg>KR</arg>
<arg>KW</arg>
<arg>KY</arg>
<arg>KZ</arg>
<arg>LA</arg>
<arg>LB</arg>
<arg>LC</arg>
<arg>LI</arg>
<arg>LK</arg>
<arg>LR</arg>
<arg>LS</arg>
<arg>LT</arg>
<arg>LU</arg>
<arg>LV</arg>
<arg>LY</arg>
<arg>MA</arg>
<arg>MC</arg>
<arg>MD</arg>
<arg>ME</arg>
<arg>MF</arg>
<arg>MG</arg>
<arg>MH</arg>
<arg>MK</arg>
<arg>ML</arg>
<arg>MM</arg>
<arg>MN</arg>
<arg>MO</arg>
<arg>MP</arg>
<arg>MQ</arg>
<arg>MR</arg>
<arg>MS</arg>
<arg>MT</arg>
<arg>MU</arg>
<arg>MV</arg>
<arg>MW</arg>
<arg>MX</arg>
<arg>MY</arg>
<arg>MZ</arg>
<arg>NA</arg>
<arg>NC</arg>
<arg>NE</arg>
<arg>NF</arg>
<arg>NG</arg>
<arg>NI</arg>
<arg>NL</arg>
<arg>NO</arg>
<arg>NP</arg>
<arg>NR</arg>
<arg>NU</arg>
<arg>NZ</arg>
<arg>OM</arg>
<arg>PA</arg>
<arg>PE</arg>
<arg>PF</arg>
<arg>PG</arg>
<arg>PH</arg>
<arg>PK</arg>
<arg>PL</arg>
<arg>PM</arg>
<arg>PN</arg>
<arg>PR</arg>
<arg>PS</arg>
<arg>PT</arg>
<arg>PW</arg>
<arg>PY</arg>
<arg>QA</arg>
<arg>RE</arg>
<arg>RO</arg>
<arg>RS</arg>
<arg>RU</arg>
<arg>RW</arg>
<arg>SA</arg>
<arg>SB</arg>
<arg>SC</arg>
<arg>SD</arg>
<arg>SE</arg>
<arg>SG</arg>
<arg>SH</arg>
<arg>SI</arg>
<arg>SJ</arg>
<arg>SK</arg>
<arg>SL</arg>
<arg>SM</arg>
<arg>SN</arg>
<arg>SO</arg>
<arg>SR</arg>
<arg>SS</arg>
<arg>ST</arg>
<arg>SV</arg>
<arg>SX</arg>
<arg>SY</arg>
<arg>SZ</arg>
<arg>TC</arg>
<arg>TD</arg>
<arg>TF</arg>
<arg>TG</arg>
<arg>TH</arg>
<arg>TJ</arg>
<arg>TK</arg>
<arg>TL</arg>
<arg>TM</arg>
<arg>TN</arg>
<arg>TO</arg>
<arg>TR</arg>
<arg>TT</arg>
<arg>TV</arg>
<arg>TW</arg>
<arg>TZ</arg>
<arg>UA</arg>
<arg>UG</arg>
<arg>UM</arg>
<arg>US</arg>
<arg>UY</arg>
<arg>UZ</arg>
<arg>VA</arg>
<arg>VC</arg>
<arg>VE</arg>
<arg>VG</arg>
<arg>VI</arg>
<arg>VN</arg>
<arg>VU</arg>
<arg>WF</arg>
<arg>WS</arg>
<arg>XK</arg>
<arg>YE</arg>
<arg>YT</arg>
<arg>ZA</arg>
<arg>ZM</arg>
<arg>ZW</arg>
<doc>Returns a list containing given items.</doc>
<status status="PASS" start="2024-07-28T07:14:01.615743" elapsed="0.000620"/>
</kw>
<kw name="List Should Contain Value" owner="Collections">
<arg>${list_country}</arg>
<arg>${name_country}</arg>
<doc>Fails if the ``value`` is not found from ``list``.</doc>
<status status="PASS" start="2024-07-28T07:14:01.617323" elapsed="0.000212"/>
</kw>
<kw name="Run Keyword If" owner="BuiltIn">
<kw name="Should Be True" owner="BuiltIn">
<arg>${True}</arg>
<doc>Fails if the given condition is not true.</doc>
<status status="PASS" start="2024-07-28T07:14:01.618482" elapsed="0.000141"/>
</kw>
<arg>${json_data["results"][0]["location"]["coordinates"]["latitude"]} &gt;= -90 and ${json_data["results"][0]["location"]["coordinates"]["latitude"]} &lt;= 90</arg>
<arg>Should Be True</arg>
<arg>${True}</arg>
<doc>Runs the given keyword with the given arguments, if ``condition`` is true.</doc>
<status status="PASS" start="2024-07-28T07:14:01.617736" elapsed="0.001014"/>
</kw>
<kw name="Run Keyword If" owner="BuiltIn">
<kw name="Should Be True" owner="BuiltIn">
<arg>${True}</arg>
<doc>Fails if the given condition is not true.</doc>
<status status="PASS" start="2024-07-28T07:14:01.619634" elapsed="0.000137"/>
</kw>
<arg>${json_data["results"][0]["location"]["coordinates"]["longitude"]} &gt;= -180 and ${json_data["results"][0]["location"]["coordinates"]["longitude"]} &lt;= 180</arg>
<arg>Should Be True</arg>
<arg>${True}</arg>
<doc>Runs the given keyword with the given arguments, if ``condition`` is true.</doc>
<status status="PASS" start="2024-07-28T07:14:01.618932" elapsed="0.000962"/>
</kw>
<status status="PASS" start="2024-07-28T07:14:01.523597" elapsed="0.096423"/>
</kw>
<doc>Testa o conteúdo específico dos campos retornados pela API.</doc>
<tag>testeConteudo</tag>
<status status="PASS" start="2024-07-28T07:14:01.523178" elapsed="0.096986"/>
</test>
<status status="PASS" start="2024-07-28T07:14:00.781543" elapsed="0.840541"/>
</suite>
<status status="PASS" start="2024-07-28T07:14:00.767116" elapsed="0.859963"/>
</suite>
<statistics>
<total>
<stat pass="5" fail="0" skip="0">All Tests</stat>
</total>
<tag>
<stat pass="1" fail="0" skip="0">testeConteudo</stat>
<stat pass="1" fail="0" skip="0">testeEstruturaResposta</stat>
<stat pass="1" fail="0" skip="0">testeRequisicaoBasica</stat>
<stat pass="1" fail="0" skip="0">testeTiposDados</stat>
</tag>
<suite>
<stat pass="5" fail="0" skip="0" id="s1" name="Tests">Tests</stat>
<stat pass="5" fail="0" skip="0" id="s1-s1" name="Random-User-Test">Tests.Random-User-Test</stat>
</suite>
</statistics>
<errors>
</errors>
</robot>
