<?xml version="1.0" encoding="UTF-8"?>
<robot generator="Robot 7.0 (Python 3.12.2 on linux)" generated="2024-04-03T08:17:22.792482" rpa="false" schemaversion="5">
<suite id="s1" name="Tests" source="/home/runner/work/DesafioQAItauRogerioJordao/DesafioQAItauRogerioJordao/RamdonUser/tests">
<suite id="s1-s1" name="Random-User-Test" source="/home/runner/work/DesafioQAItauRogerioJordao/DesafioQAItauRogerioJordao/RamdonUser/tests/random-user-test.robot">
<test id="s1-s1-t1" name="Conectar" line="13">
<kw name="Conectar API" owner="random-user-service">
<kw name="Create Session" owner="RequestsLibrary">
<msg time="2024-04-03T08:17:23.169068" level="INFO">Creating Session using : alias=consultarAPI, url=https://randomuser.me/, headers={},                     cookies={}, auth=None, timeout=None, proxies=None, verify=False,                     debug=0 </msg>
<arg>consultarAPI</arg>
<arg>${URL}</arg>
<doc>Create Session: create a HTTP session to a server</doc>
<status status="PASS" start="2024-04-03T08:17:23.168848" elapsed="0.000412"/>
</kw>
<status status="PASS" start="2024-04-03T08:17:23.167735" elapsed="0.001935"/>
</kw>
<status status="PASS" start="2024-04-03T08:17:23.167164" elapsed="0.002714"/>
</test>
<test id="s1-s1-t2" name="Validar retorno 200 e JSON Válido" line="16">
<kw name="Teste de Requisicao Basica" owner="random-user-service">
<kw name="GET On Session" owner="RequestsLibrary">
<msg time="2024-04-03T08:17:23.354045" level="INFO">GET Request : url=https://randomuser.me/api 
 path_url=/api 
 headers={'User-Agent': 'python-requests/2.31.0', 'Accept-Encoding': 'gzip, deflate', 'Accept': '*/*', 'Connection': 'keep-alive'} 
 body=None 
 </msg>
<msg time="2024-04-03T08:17:23.354234" level="INFO">GET Response : url=https://randomuser.me/api 
 status=200, reason=OK 
 headers={'Date': 'Wed, 03 Apr 2024 08:17:23 GMT', 'Content-Type': 'application/json; charset=utf-8', 'Transfer-Encoding': 'chunked', 'Connection': 'keep-alive', 'X-Powered-By': 'Express', 'Access-Control-Allow-Origin': '*', 'Cache-Control': 'no-cache', 'ETag': 'W/"49e-5RXs/alhUZRqdiR2lq8GX8KuqFM"', 'Vary': 'Accept-Encoding', 'Content-Encoding': 'gzip', 'CF-Cache-Status': 'DYNAMIC', 'Report-To': '{"endpoints":[{"url":"https:\\/\\/a.nel.cloudflare.com\\/report\\/v4?s=SyQmAlYLecZ1LoJUd%2BcmJjPrj%2FzHaK6jPOnqqsx0Ic%2BQ6hyk%2B5AQyQpgrF8fxotKwCpSy6B%2F1ZL6wOpBzKpbzV3tNIDPetP7zZogOYOPSRcrMq7Z0L0ENpHI6NkZjuTx"}],"group":"cf-nel","max_age":604800}', 'NEL': '{"success_fraction":0,"report_to":"cf-nel","max_age":604800}', 'Server': 'cloudflare', 'CF-RAY': '86e79f38be111146-ORD', 'alt-svc': 'h3=":443"; ma=86400'} 
 body={"results":[{"gender":"female","name":{"title":"Mrs","first":"Lylou","last":"Faure"},"location":{"street":{"number":2409,"name":"Rue de L'Abbaye"},"city":"Rouen","state":"Gard","country":"France","postcode":78586,"coordinates":{"latitude":"-19.3363","longitude":"109.8078"},"timezone":{"offset":"+10:00","description":"Eastern Australia, Guam, Vladivostok"}},"email":"lylou.faure@example.com","login":{"uuid":"a45f38c4-c13f-4dad-9ff6-4956f9be0727","username":"greenelephant625","password":"woodstoc","salt":"dn7YN2g7","md5":"8a359756674f4f3325bdabb096e2ac19","sha1":"304a172b5cc5adce09975c7941347ad137a65977","sha256":"a19e2c6239e69c228953d16f06b3d7092e101fbea785787e79ee473ce03d640e"},"dob":{"date":"1964-10-12T11:55:47.605Z","age":59},"registered":{"date":"2010-10-30T02:01:48.857Z","age":13},"phone":"04-79-04-14-08","cell":"06-91-34-10-56","id":{"name":"INSEE","value":"2640952010374 68"},"picture":{"large":"https://randomuser.me/api/portraits/women/95.jpg","medium":"https://randomuser.me/api/portraits/med/women/95.jpg","thumbnail":"https://randomuser.me/api/portraits/thumb/women/95.jpg"},"nat":"FR"}],"info":{"seed":"9273823dc32f7af0","results":1,"page":1,"version":"1.4"}} 
 </msg>
<msg time="2024-04-03T08:17:23.354391" level="INFO">/opt/hostedtoolcache/Python/3.12.2/x64/lib/python3.12/site-packages/urllib3/connectionpool.py:1103: InsecureRequestWarning: Unverified HTTPS request is being made to host 'randomuser.me'. Adding certificate verification is strongly advised. See: https://urllib3.readthedocs.io/en/latest/advanced-usage.html#tls-warnings
  warnings.warn(</msg>
<msg time="2024-04-03T08:17:23.354580" level="INFO">${response} = &lt;Response [200]&gt;</msg>
<var>${response}</var>
<arg>consultarAPI</arg>
<arg>/api</arg>
<doc>Sends a GET request on a previously created HTTP Session.</doc>
<status status="PASS" start="2024-04-03T08:17:23.172445" elapsed="0.182188"/>
</kw>
<kw name="Should Be Equal As Numbers" owner="BuiltIn">
<msg time="2024-04-03T08:17:23.356049" level="INFO">Argument types are:
&lt;class 'int'&gt;
&lt;class 'str'&gt;</msg>
<arg>${response.status_code}</arg>
<arg>200</arg>
<doc>Fails if objects are unequal after converting them to real numbers.</doc>
<status status="PASS" start="2024-04-03T08:17:23.355375" elapsed="0.000775"/>
</kw>
<kw name="Log" owner="BuiltIn">
<msg time="2024-04-03T08:17:23.357226" level="INFO">200</msg>
<arg>${response.status_code}</arg>
<doc>Logs the given message with the given level.</doc>
<status status="PASS" start="2024-04-03T08:17:23.356640" elapsed="0.000651"/>
</kw>
<kw name="Set Variable" owner="BuiltIn">
<msg time="2024-04-03T08:17:23.358589" level="INFO">${json_data} = {'results': [{'gender': 'female', 'name': {'title': 'Mrs', 'first': 'Lylou', 'last': 'Faure'}, 'location': {'street': {'number': 2409, 'name': "Rue de L'Abbaye"}, 'city': 'Rouen', 'state': 'Gard', 'co...</msg>
<var>${json_data}</var>
<arg>${response.json()}</arg>
<doc>Returns the given values which can then be assigned to a variables.</doc>
<status status="PASS" start="2024-04-03T08:17:23.357834" elapsed="0.000805"/>
</kw>
<kw name="Dictionary Should Contain Key" owner="Collections">
<msg time="2024-04-03T08:17:23.359376" level="INFO">False</msg>
<arg>${json_data}</arg>
<arg>results</arg>
<doc>Fails if ``key`` is not found from ``dictionary``.</doc>
<status status="PASS" start="2024-04-03T08:17:23.359115" elapsed="0.000330"/>
</kw>
<status status="PASS" start="2024-04-03T08:17:23.172192" elapsed="0.187669"/>
</kw>
<doc>Testa se a API responde corretamente e retorna um objeto JSON válido.</doc>
<tag>testeRequisicaoBasica</tag>
<status status="PASS" start="2024-04-03T08:17:23.171737" elapsed="0.188447"/>
</test>
<test id="s1-s1-t3" name="Validar estrutura de resposta" line="22">
<kw name="Teste de Estrutura de Resposta" owner="random-user-service">
<kw name="GET On Session" owner="RequestsLibrary">
<msg time="2024-04-03T08:17:23.452459" level="INFO">GET Request : url=https://randomuser.me/api 
 path_url=/api 
 headers={'User-Agent': 'python-requests/2.31.0', 'Accept-Encoding': 'gzip, deflate', 'Accept': '*/*', 'Connection': 'keep-alive'} 
 body=None 
 </msg>
<msg time="2024-04-03T08:17:23.452570" level="INFO">GET Response : url=https://randomuser.me/api 
 status=200, reason=OK 
 headers={'Date': 'Wed, 03 Apr 2024 08:17:23 GMT', 'Content-Type': 'application/json; charset=utf-8', 'Transfer-Encoding': 'chunked', 'Connection': 'keep-alive', 'X-Powered-By': 'Express', 'Access-Control-Allow-Origin': '*', 'Cache-Control': 'no-cache', 'ETag': 'W/"47c-y5MoyzasQ3iG/pySXzmT60LA82Y"', 'Vary': 'Accept-Encoding', 'Content-Encoding': 'gzip', 'CF-Cache-Status': 'DYNAMIC', 'Report-To': '{"endpoints":[{"url":"https:\\/\\/a.nel.cloudflare.com\\/report\\/v4?s=U6hmN7rvsftV9fqiPAhoGaoecF5g1rPLT9pamrPUYzhtgApA8lvdw0NRh0vEWA8CpOnjltHNxONKsiJiIUUEtvALJd%2FwoOT4ZAjRJUfKppxrEeUryKMI%2B8QYkg0dAS6P"}],"group":"cf-nel","max_age":604800}', 'NEL': '{"success_fraction":0,"report_to":"cf-nel","max_age":604800}', 'Server': 'cloudflare', 'CF-RAY': '86e79f390e3f1146-ORD', 'alt-svc': 'h3=":443"; ma=86400'} 
 body={"results":[{"gender":"male","name":{"title":"Mr","first":"Raymond","last":"Gray"},"location":{"street":{"number":9319,"name":"Timber Wolf Trail"},"city":"Coral Springs","state":"Alabama","country":"United States","postcode":26751,"coordinates":{"latitude":"81.6478","longitude":"-66.8913"},"timezone":{"offset":"+4:30","description":"Kabul"}},"email":"raymond.gray@example.com","login":{"uuid":"c5aed302-1518-40d5-8da7-2848406d6513","username":"redladybug225","password":"some","salt":"fxeHb1uX","md5":"61b1c33b678f5590a90be256b217c48c","sha1":"25d37b09165e895b1684a4e259e6b0caa9c888fa","sha256":"7f3f20ddbe50aecf9233793fbace250619a9f0c2bb0dcc81a28fa040bc1214fa"},"dob":{"date":"1973-09-26T08:45:40.570Z","age":50},"registered":{"date":"2007-04-11T23:19:51.439Z","age":16},"phone":"(404) 833-1226","cell":"(403) 773-1475","id":{"name":"SSN","value":"569-92-7271"},"picture":{"large":"https://randomuser.me/api/portraits/men/54.jpg","medium":"https://randomuser.me/api/portraits/med/men/54.jpg","thumbnail":"https://randomuser.me/api/portraits/thumb/men/54.jpg"},"nat":"US"}],"info":{"seed":"a34ceee35d81b223","results":1,"page":1,"version":"1.4"}} 
 </msg>
<msg time="2024-04-03T08:17:23.452710" level="INFO">/opt/hostedtoolcache/Python/3.12.2/x64/lib/python3.12/site-packages/urllib3/connectionpool.py:1103: InsecureRequestWarning: Unverified HTTPS request is being made to host 'randomuser.me'. Adding certificate verification is strongly advised. See: https://urllib3.readthedocs.io/en/latest/advanced-usage.html#tls-warnings
  warnings.warn(</msg>
<msg time="2024-04-03T08:17:23.452833" level="INFO">${response} = &lt;Response [200]&gt;</msg>
<var>${response}</var>
<arg>consultarAPI</arg>
<arg>/api</arg>
<doc>Sends a GET request on a previously created HTTP Session.</doc>
<status status="PASS" start="2024-04-03T08:17:23.364925" elapsed="0.087947"/>
</kw>
<kw name="Set Variable" owner="BuiltIn">
<msg time="2024-04-03T08:17:23.453958" level="INFO">${json_data} = {'results': [{'gender': 'male', 'name': {'title': 'Mr', 'first': 'Raymond', 'last': 'Gray'}, 'location': {'street': {'number': 9319, 'name': 'Timber Wolf Trail'}, 'city': 'Coral Springs', 'state': 'Al...</msg>
<var>${json_data}</var>
<arg>${response.json()}</arg>
<doc>Returns the given values which can then be assigned to a variables.</doc>
<status status="PASS" start="2024-04-03T08:17:23.453382" elapsed="0.000605"/>
</kw>
<kw name="Log" owner="BuiltIn">
<msg time="2024-04-03T08:17:23.454481" level="INFO">{'results': [{'gender': 'male', 'name': {'title': 'Mr', 'first': 'Raymond', 'last': 'Gray'}, 'location': {'street': {'number': 9319, 'name': 'Timber Wolf Trail'}, 'city': 'Coral Springs', 'state': 'Alabama', 'country': 'United States', 'postcode': 26751, 'coordinates': {'latitude': '81.6478', 'longitude': '-66.8913'}, 'timezone': {'offset': '+4:30', 'description': 'Kabul'}}, 'email': 'raymond.gray@example.com', 'login': {'uuid': 'c5aed302-1518-40d5-8da7-2848406d6513', 'username': 'redladybug225', 'password': 'some', 'salt': 'fxeHb1uX', 'md5': '61b1c33b678f5590a90be256b217c48c', 'sha1': '25d37b09165e895b1684a4e259e6b0caa9c888fa', 'sha256': '7f3f20ddbe50aecf9233793fbace250619a9f0c2bb0dcc81a28fa040bc1214fa'}, 'dob': {'date': '1973-09-26T08:45:40.570Z', 'age': 50}, 'registered': {'date': '2007-04-11T23:19:51.439Z', 'age': 16}, 'phone': '(404) 833-1226', 'cell': '(403) 773-1475', 'id': {'name': 'SSN', 'value': '569-92-7271'}, 'picture': {'large': 'https://randomuser.me/api/portraits/men/54.jpg', 'medium': 'https://randomuser.me/api/portraits/med/men/54.jpg', 'thumbnail': 'https://randomuser.me/api/portraits/thumb/men/54.jpg'}, 'nat': 'US'}], 'info': {'seed': 'a34ceee35d81b223', 'results': 1, 'page': 1, 'version': '1.4'}}</msg>
<arg>${json_data}</arg>
<doc>Logs the given message with the given level.</doc>
<status status="PASS" start="2024-04-03T08:17:23.454314" elapsed="0.000217"/>
</kw>
<kw name="Dictionary Should Contain Key" owner="Collections">
<msg time="2024-04-03T08:17:23.454999" level="INFO">False</msg>
<arg>${json_data}</arg>
<arg>results</arg>
<doc>Fails if ``key`` is not found from ``dictionary``.</doc>
<status status="PASS" start="2024-04-03T08:17:23.454838" elapsed="0.000201"/>
</kw>
<kw name="Should Not Be Empty" owner="BuiltIn">
<msg time="2024-04-03T08:17:23.455486" level="INFO">Length is 2.</msg>
<arg>${json_data}</arg>
<doc>Verifies that the given item is not empty.</doc>
<status status="PASS" start="2024-04-03T08:17:23.455342" elapsed="0.000186"/>
</kw>
<kw name="Create List" owner="BuiltIn">
<msg time="2024-04-03T08:17:23.456016" level="INFO">${expected_keys} = ['gender', 'name', 'location', 'email', 'login']</msg>
<var>${expected_keys}</var>
<arg>gender</arg>
<arg>name</arg>
<arg>location</arg>
<arg>email</arg>
<arg>login</arg>
<doc>Returns a list containing given items.</doc>
<status status="PASS" start="2024-04-03T08:17:23.455851" elapsed="0.000191"/>
</kw>
<for flavor="IN">
<iter>
<kw name="Dictionary Should Contain Key" owner="Collections">
<msg time="2024-04-03T08:17:23.457076" level="INFO">False</msg>
<arg>${json_data['results'][0]}</arg>
<arg>${key}</arg>
<doc>Fails if ``key`` is not found from ``dictionary``.</doc>
<status status="PASS" start="2024-04-03T08:17:23.456647" elapsed="0.000470"/>
</kw>
<kw name="Log" owner="BuiltIn">
<msg time="2024-04-03T08:17:23.457846" level="INFO">{'gender': 'male', 'name': {'title': 'Mr', 'first': 'Raymond', 'last': 'Gray'}, 'location': {'street': {'number': 9319, 'name': 'Timber Wolf Trail'}, 'city': 'Coral Springs', 'state': 'Alabama', 'country': 'United States', 'postcode': 26751, 'coordinates': {'latitude': '81.6478', 'longitude': '-66.8913'}, 'timezone': {'offset': '+4:30', 'description': 'Kabul'}}, 'email': 'raymond.gray@example.com', 'login': {'uuid': 'c5aed302-1518-40d5-8da7-2848406d6513', 'username': 'redladybug225', 'password': 'some', 'salt': 'fxeHb1uX', 'md5': '61b1c33b678f5590a90be256b217c48c', 'sha1': '25d37b09165e895b1684a4e259e6b0caa9c888fa', 'sha256': '7f3f20ddbe50aecf9233793fbace250619a9f0c2bb0dcc81a28fa040bc1214fa'}, 'dob': {'date': '1973-09-26T08:45:40.570Z', 'age': 50}, 'registered': {'date': '2007-04-11T23:19:51.439Z', 'age': 16}, 'phone': '(404) 833-1226', 'cell': '(403) 773-1475', 'id': {'name': 'SSN', 'value': '569-92-7271'}, 'picture': {'large': 'https://randomuser.me/api/portraits/men/54.jpg', 'medium': 'https://randomuser.me/api/portraits/med/men/54.jpg', 'thumbnail': 'https://randomuser.me/api/portraits/thumb/men/54.jpg'}, 'nat': 'US'}</msg>
<arg>${json_data['results'][0]}</arg>
<doc>Logs the given message with the given level.</doc>
<status status="PASS" start="2024-04-03T08:17:23.457433" elapsed="0.000469"/>
</kw>
<kw name="Log" owner="BuiltIn">
<msg time="2024-04-03T08:17:23.458354" level="INFO">gender</msg>
<arg>${key}</arg>
<doc>Logs the given message with the given level.</doc>
<status status="PASS" start="2024-04-03T08:17:23.458219" elapsed="0.000176"/>
</kw>
<var name="${key}">gender</var>
<status status="PASS" start="2024-04-03T08:17:23.456518" elapsed="0.002104"/>
</iter>
<iter>
<kw name="Dictionary Should Contain Key" owner="Collections">
<msg time="2024-04-03T08:17:23.459321" level="INFO">False</msg>
<arg>${json_data['results'][0]}</arg>
<arg>${key}</arg>
<doc>Fails if ``key`` is not found from ``dictionary``.</doc>
<status status="PASS" start="2024-04-03T08:17:23.458934" elapsed="0.000426"/>
</kw>
<kw name="Log" owner="BuiltIn">
<msg time="2024-04-03T08:17:23.460074" level="INFO">{'gender': 'male', 'name': {'title': 'Mr', 'first': 'Raymond', 'last': 'Gray'}, 'location': {'street': {'number': 9319, 'name': 'Timber Wolf Trail'}, 'city': 'Coral Springs', 'state': 'Alabama', 'country': 'United States', 'postcode': 26751, 'coordinates': {'latitude': '81.6478', 'longitude': '-66.8913'}, 'timezone': {'offset': '+4:30', 'description': 'Kabul'}}, 'email': 'raymond.gray@example.com', 'login': {'uuid': 'c5aed302-1518-40d5-8da7-2848406d6513', 'username': 'redladybug225', 'password': 'some', 'salt': 'fxeHb1uX', 'md5': '61b1c33b678f5590a90be256b217c48c', 'sha1': '25d37b09165e895b1684a4e259e6b0caa9c888fa', 'sha256': '7f3f20ddbe50aecf9233793fbace250619a9f0c2bb0dcc81a28fa040bc1214fa'}, 'dob': {'date': '1973-09-26T08:45:40.570Z', 'age': 50}, 'registered': {'date': '2007-04-11T23:19:51.439Z', 'age': 16}, 'phone': '(404) 833-1226', 'cell': '(403) 773-1475', 'id': {'name': 'SSN', 'value': '569-92-7271'}, 'picture': {'large': 'https://randomuser.me/api/portraits/men/54.jpg', 'medium': 'https://randomuser.me/api/portraits/med/men/54.jpg', 'thumbnail': 'https://randomuser.me/api/portraits/thumb/men/54.jpg'}, 'nat': 'US'}</msg>
<arg>${json_data['results'][0]}</arg>
<doc>Logs the given message with the given level.</doc>
<status status="PASS" start="2024-04-03T08:17:23.459699" elapsed="0.000424"/>
</kw>
<kw name="Log" owner="BuiltIn">
<msg time="2024-04-03T08:17:23.460564" level="INFO">name</msg>
<arg>${key}</arg>
<doc>Logs the given message with the given level.</doc>
<status status="PASS" start="2024-04-03T08:17:23.460433" elapsed="0.000170"/>
</kw>
<var name="${key}">name</var>
<status status="PASS" start="2024-04-03T08:17:23.458818" elapsed="0.002012"/>
</iter>
<iter>
<kw name="Dictionary Should Contain Key" owner="Collections">
<msg time="2024-04-03T08:17:23.461551" level="INFO">False</msg>
<arg>${json_data['results'][0]}</arg>
<arg>${key}</arg>
<doc>Fails if ``key`` is not found from ``dictionary``.</doc>
<status status="PASS" start="2024-04-03T08:17:23.461128" elapsed="0.000462"/>
</kw>
<kw name="Log" owner="BuiltIn">
<msg time="2024-04-03T08:17:23.462259" level="INFO">{'gender': 'male', 'name': {'title': 'Mr', 'first': 'Raymond', 'last': 'Gray'}, 'location': {'street': {'number': 9319, 'name': 'Timber Wolf Trail'}, 'city': 'Coral Springs', 'state': 'Alabama', 'country': 'United States', 'postcode': 26751, 'coordinates': {'latitude': '81.6478', 'longitude': '-66.8913'}, 'timezone': {'offset': '+4:30', 'description': 'Kabul'}}, 'email': 'raymond.gray@example.com', 'login': {'uuid': 'c5aed302-1518-40d5-8da7-2848406d6513', 'username': 'redladybug225', 'password': 'some', 'salt': 'fxeHb1uX', 'md5': '61b1c33b678f5590a90be256b217c48c', 'sha1': '25d37b09165e895b1684a4e259e6b0caa9c888fa', 'sha256': '7f3f20ddbe50aecf9233793fbace250619a9f0c2bb0dcc81a28fa040bc1214fa'}, 'dob': {'date': '1973-09-26T08:45:40.570Z', 'age': 50}, 'registered': {'date': '2007-04-11T23:19:51.439Z', 'age': 16}, 'phone': '(404) 833-1226', 'cell': '(403) 773-1475', 'id': {'name': 'SSN', 'value': '569-92-7271'}, 'picture': {'large': 'https://randomuser.me/api/portraits/men/54.jpg', 'medium': 'https://randomuser.me/api/portraits/med/men/54.jpg', 'thumbnail': 'https://randomuser.me/api/portraits/thumb/men/54.jpg'}, 'nat': 'US'}</msg>
<arg>${json_data['results'][0]}</arg>
<doc>Logs the given message with the given level.</doc>
<status status="PASS" start="2024-04-03T08:17:23.461896" elapsed="0.000417"/>
</kw>
<kw name="Log" owner="BuiltIn">
<msg time="2024-04-03T08:17:23.462744" level="INFO">location</msg>
<arg>${key}</arg>
<doc>Logs the given message with the given level.</doc>
<status status="PASS" start="2024-04-03T08:17:23.462615" elapsed="0.000169"/>
</kw>
<var name="${key}">location</var>
<status status="PASS" start="2024-04-03T08:17:23.461015" elapsed="0.001990"/>
</iter>
<iter>
<kw name="Dictionary Should Contain Key" owner="Collections">
<msg time="2024-04-03T08:17:23.463679" level="INFO">False</msg>
<arg>${json_data['results'][0]}</arg>
<arg>${key}</arg>
<doc>Fails if ``key`` is not found from ``dictionary``.</doc>
<status status="PASS" start="2024-04-03T08:17:23.463296" elapsed="0.000421"/>
</kw>
<kw name="Log" owner="BuiltIn">
<msg time="2024-04-03T08:17:23.464389" level="INFO">{'gender': 'male', 'name': {'title': 'Mr', 'first': 'Raymond', 'last': 'Gray'}, 'location': {'street': {'number': 9319, 'name': 'Timber Wolf Trail'}, 'city': 'Coral Springs', 'state': 'Alabama', 'country': 'United States', 'postcode': 26751, 'coordinates': {'latitude': '81.6478', 'longitude': '-66.8913'}, 'timezone': {'offset': '+4:30', 'description': 'Kabul'}}, 'email': 'raymond.gray@example.com', 'login': {'uuid': 'c5aed302-1518-40d5-8da7-2848406d6513', 'username': 'redladybug225', 'password': 'some', 'salt': 'fxeHb1uX', 'md5': '61b1c33b678f5590a90be256b217c48c', 'sha1': '25d37b09165e895b1684a4e259e6b0caa9c888fa', 'sha256': '7f3f20ddbe50aecf9233793fbace250619a9f0c2bb0dcc81a28fa040bc1214fa'}, 'dob': {'date': '1973-09-26T08:45:40.570Z', 'age': 50}, 'registered': {'date': '2007-04-11T23:19:51.439Z', 'age': 16}, 'phone': '(404) 833-1226', 'cell': '(403) 773-1475', 'id': {'name': 'SSN', 'value': '569-92-7271'}, 'picture': {'large': 'https://randomuser.me/api/portraits/men/54.jpg', 'medium': 'https://randomuser.me/api/portraits/med/men/54.jpg', 'thumbnail': 'https://randomuser.me/api/portraits/thumb/men/54.jpg'}, 'nat': 'US'}</msg>
<arg>${json_data['results'][0]}</arg>
<doc>Logs the given message with the given level.</doc>
<status status="PASS" start="2024-04-03T08:17:23.464019" elapsed="0.000419"/>
</kw>
<kw name="Log" owner="BuiltIn">
<msg time="2024-04-03T08:17:23.464867" level="INFO">email</msg>
<arg>${key}</arg>
<doc>Logs the given message with the given level.</doc>
<status status="PASS" start="2024-04-03T08:17:23.464737" elapsed="0.000169"/>
</kw>
<var name="${key}">email</var>
<status status="PASS" start="2024-04-03T08:17:23.463184" elapsed="0.001940"/>
</iter>
<iter>
<kw name="Dictionary Should Contain Key" owner="Collections">
<msg time="2024-04-03T08:17:23.465824" level="INFO">False</msg>
<arg>${json_data['results'][0]}</arg>
<arg>${key}</arg>
<doc>Fails if ``key`` is not found from ``dictionary``.</doc>
<status status="PASS" start="2024-04-03T08:17:23.465413" elapsed="0.000449"/>
</kw>
<kw name="Log" owner="BuiltIn">
<msg time="2024-04-03T08:17:23.466528" level="INFO">{'gender': 'male', 'name': {'title': 'Mr', 'first': 'Raymond', 'last': 'Gray'}, 'location': {'street': {'number': 9319, 'name': 'Timber Wolf Trail'}, 'city': 'Coral Springs', 'state': 'Alabama', 'country': 'United States', 'postcode': 26751, 'coordinates': {'latitude': '81.6478', 'longitude': '-66.8913'}, 'timezone': {'offset': '+4:30', 'description': 'Kabul'}}, 'email': 'raymond.gray@example.com', 'login': {'uuid': 'c5aed302-1518-40d5-8da7-2848406d6513', 'username': 'redladybug225', 'password': 'some', 'salt': 'fxeHb1uX', 'md5': '61b1c33b678f5590a90be256b217c48c', 'sha1': '25d37b09165e895b1684a4e259e6b0caa9c888fa', 'sha256': '7f3f20ddbe50aecf9233793fbace250619a9f0c2bb0dcc81a28fa040bc1214fa'}, 'dob': {'date': '1973-09-26T08:45:40.570Z', 'age': 50}, 'registered': {'date': '2007-04-11T23:19:51.439Z', 'age': 16}, 'phone': '(404) 833-1226', 'cell': '(403) 773-1475', 'id': {'name': 'SSN', 'value': '569-92-7271'}, 'picture': {'large': 'https://randomuser.me/api/portraits/men/54.jpg', 'medium': 'https://randomuser.me/api/portraits/med/men/54.jpg', 'thumbnail': 'https://randomuser.me/api/portraits/thumb/men/54.jpg'}, 'nat': 'US'}</msg>
<arg>${json_data['results'][0]}</arg>
<doc>Logs the given message with the given level.</doc>
<status status="PASS" start="2024-04-03T08:17:23.466161" elapsed="0.000417"/>
</kw>
<kw name="Log" owner="BuiltIn">
<msg time="2024-04-03T08:17:23.466998" level="INFO">login</msg>
<arg>${key}</arg>
<doc>Logs the given message with the given level.</doc>
<status status="PASS" start="2024-04-03T08:17:23.466872" elapsed="0.000282"/>
</kw>
<var name="${key}">login</var>
<status status="PASS" start="2024-04-03T08:17:23.465301" elapsed="0.002086"/>
</iter>
<var>${key}</var>
<value>@{expected_keys}</value>
<status status="PASS" start="2024-04-03T08:17:23.456317" elapsed="0.011233"/>
</for>
<kw name="Create List" owner="BuiltIn">
<msg time="2024-04-03T08:17:23.467890" level="INFO">${expected_keysTwo} = ['username', 'password']</msg>
<var>${expected_keysTwo}</var>
<arg>username</arg>
<arg>password</arg>
<doc>Returns a list containing given items.</doc>
<status status="PASS" start="2024-04-03T08:17:23.467753" elapsed="0.000161"/>
</kw>
<for flavor="IN">
<iter>
<kw name="Dictionary Should Contain Key" owner="Collections">
<msg time="2024-04-03T08:17:23.468804" level="INFO">False</msg>
<arg>${json_data['results'][0]['login']}</arg>
<arg>${keyTwo}</arg>
<doc>Fails if ``key`` is not found from ``dictionary``.</doc>
<status status="PASS" start="2024-04-03T08:17:23.468413" elapsed="0.000429"/>
</kw>
<kw name="Dictionary Should Contain Key" owner="Collections">
<msg time="2024-04-03T08:17:23.469570" level="INFO">False</msg>
<arg>${json_data['results'][0]['login']}</arg>
<arg>${keyTwo}</arg>
<doc>Fails if ``key`` is not found from ``dictionary``.</doc>
<status status="PASS" start="2024-04-03T08:17:23.469142" elapsed="0.000468"/>
</kw>
<kw name="Log" owner="BuiltIn">
<msg time="2024-04-03T08:17:23.470041" level="INFO">username</msg>
<arg>${keyTwo}</arg>
<doc>Logs the given message with the given level.</doc>
<status status="PASS" start="2024-04-03T08:17:23.469911" elapsed="0.000168"/>
</kw>
<var name="${keyTwo}">username</var>
<status status="PASS" start="2024-04-03T08:17:23.468303" elapsed="0.002009"/>
</iter>
<iter>
<kw name="Dictionary Should Contain Key" owner="Collections">
<msg time="2024-04-03T08:17:23.471028" level="INFO">False</msg>
<arg>${json_data['results'][0]['login']}</arg>
<arg>${keyTwo}</arg>
<doc>Fails if ``key`` is not found from ``dictionary``.</doc>
<status status="PASS" start="2024-04-03T08:17:23.470636" elapsed="0.000431"/>
</kw>
<kw name="Dictionary Should Contain Key" owner="Collections">
<msg time="2024-04-03T08:17:23.471741" level="INFO">False</msg>
<arg>${json_data['results'][0]['login']}</arg>
<arg>${keyTwo}</arg>
<doc>Fails if ``key`` is not found from ``dictionary``.</doc>
<status status="PASS" start="2024-04-03T08:17:23.471362" elapsed="0.000417"/>
</kw>
<kw name="Log" owner="BuiltIn">
<msg time="2024-04-03T08:17:23.472196" level="INFO">password</msg>
<arg>${keyTwo}</arg>
<doc>Logs the given message with the given level.</doc>
<status status="PASS" start="2024-04-03T08:17:23.472070" elapsed="0.000165"/>
</kw>
<var name="${keyTwo}">password</var>
<status status="PASS" start="2024-04-03T08:17:23.470515" elapsed="0.001935"/>
</iter>
<var>${keyTwo}</var>
<value>@{expected_keysTwo}</value>
<status status="PASS" start="2024-04-03T08:17:23.468151" elapsed="0.004422"/>
</for>
<status status="PASS" start="2024-04-03T08:17:23.364532" elapsed="0.108183"/>
</kw>
<doc>Testa a estrutura da resposta da API.</doc>
<tag>testeEstruturaResposta</tag>
<status status="PASS" start="2024-04-03T08:17:23.363496" elapsed="0.109386"/>
</test>
<test id="s1-s1-t4" name="Validar tipos de dados" line="28">
<kw name="Teste de Tipos de Dados" owner="random-user-service">
<kw name="GET On Session" owner="RequestsLibrary">
<msg time="2024-04-03T08:17:23.551488" level="INFO">GET Request : url=https://randomuser.me/api 
 path_url=/api 
 headers={'User-Agent': 'python-requests/2.31.0', 'Accept-Encoding': 'gzip, deflate', 'Accept': '*/*', 'Connection': 'keep-alive'} 
 body=None 
 </msg>
<msg time="2024-04-03T08:17:23.551553" level="INFO">GET Response : url=https://randomuser.me/api 
 status=200, reason=OK 
 headers={'Date': 'Wed, 03 Apr 2024 08:17:23 GMT', 'Content-Type': 'application/json; charset=utf-8', 'Transfer-Encoding': 'chunked', 'Connection': 'keep-alive', 'X-Powered-By': 'Express', 'Access-Control-Allow-Origin': '*', 'Cache-Control': 'no-cache', 'ETag': 'W/"48f-nJAaZJJChb1SmYVwqOPkRq2fOnk"', 'Vary': 'Accept-Encoding', 'Content-Encoding': 'gzip', 'CF-Cache-Status': 'DYNAMIC', 'Report-To': '{"endpoints":[{"url":"https:\\/\\/a.nel.cloudflare.com\\/report\\/v4?s=z46gDe4py9QLI5nkkPbnT3vi4pGQcTkfEX%2FyHDJs1kYjO9XPd05W5ETrFzkQWw1%2Fr2KCr%2FawcyjVeojKvhUK4JeJR1YwGIk13n0i4vXXMMGrMqezxynwR4v7kOHa2oXQ"}],"group":"cf-nel","max_age":604800}', 'NEL': '{"success_fraction":0,"report_to":"cf-nel","max_age":604800}', 'Server': 'cloudflare', 'CF-RAY': '86e79f39becf1146-ORD', 'alt-svc': 'h3=":443"; ma=86400'} 
 body={"results":[{"gender":"male","name":{"title":"Monsieur","first":"Riccardo","last":"Fabre"},"location":{"street":{"number":6747,"name":"Rue Duquesne"},"city":"Roches (Be)","state":"Ticino","country":"Switzerland","postcode":7924,"coordinates":{"latitude":"-61.0808","longitude":"-90.1808"},"timezone":{"offset":"-12:00","description":"Eniwetok, Kwajalein"}},"email":"riccardo.fabre@example.com","login":{"uuid":"d40aebc5-9b3b-46ac-b881-1dd2cff53dd1","username":"orangecat195","password":"koolaid","salt":"KRnUzQVB","md5":"f9ee7f8ca3397720329edd6d07fe93dd","sha1":"d8deb31530649cb158010e56cd07353dbfa61a29","sha256":"72d5d8644ed45026821ac137c0df5633c02a11fa20cf5f759d0fda969f07a087"},"dob":{"date":"1993-07-09T11:25:23.088Z","age":30},"registered":{"date":"2018-10-02T20:42:14.187Z","age":5},"phone":"079 932 88 09","cell":"079 106 49 06","id":{"name":"AVS","value":"756.6588.2302.07"},"picture":{"large":"https://randomuser.me/api/portraits/men/18.jpg","medium":"https://randomuser.me/api/portraits/med/men/18.jpg","thumbnail":"https://randomuser.me/api/portraits/thumb/men/18.jpg"},"nat":"CH"}],"info":{"seed":"47a7f61a81085fec","results":1,"page":1,"version":"1.4"}} 
 </msg>
<msg time="2024-04-03T08:17:23.551607" level="INFO">/opt/hostedtoolcache/Python/3.12.2/x64/lib/python3.12/site-packages/urllib3/connectionpool.py:1103: InsecureRequestWarning: Unverified HTTPS request is being made to host 'randomuser.me'. Adding certificate verification is strongly advised. See: https://urllib3.readthedocs.io/en/latest/advanced-usage.html#tls-warnings
  warnings.warn(</msg>
<msg time="2024-04-03T08:17:23.551692" level="INFO">${response} = &lt;Response [200]&gt;</msg>
<var>${response}</var>
<arg>consultarAPI</arg>
<arg>/api</arg>
<doc>Sends a GET request on a previously created HTTP Session.</doc>
<status status="PASS" start="2024-04-03T08:17:23.475413" elapsed="0.076312"/>
</kw>
<kw name="Set Variable" owner="BuiltIn">
<msg time="2024-04-03T08:17:23.552548" level="INFO">${json_data} = {'results': [{'gender': 'male', 'name': {'title': 'Monsieur', 'first': 'Riccardo', 'last': 'Fabre'}, 'location': {'street': {'number': 6747, 'name': 'Rue Duquesne'}, 'city': 'Roches (Be)', 'state': 'T...</msg>
<var>${json_data}</var>
<arg>${response.json()}</arg>
<doc>Returns the given values which can then be assigned to a variables.</doc>
<status status="PASS" start="2024-04-03T08:17:23.552100" elapsed="0.000476"/>
</kw>
<kw name="Log" owner="BuiltIn">
<msg time="2024-04-03T08:17:23.553033" level="INFO">{'results': [{'gender': 'male', 'name': {'title': 'Monsieur', 'first': 'Riccardo', 'last': 'Fabre'}, 'location': {'street': {'number': 6747, 'name': 'Rue Duquesne'}, 'city': 'Roches (Be)', 'state': 'Ticino', 'country': 'Switzerland', 'postcode': 7924, 'coordinates': {'latitude': '-61.0808', 'longitude': '-90.1808'}, 'timezone': {'offset': '-12:00', 'description': 'Eniwetok, Kwajalein'}}, 'email': 'riccardo.fabre@example.com', 'login': {'uuid': 'd40aebc5-9b3b-46ac-b881-1dd2cff53dd1', 'username': 'orangecat195', 'password': 'koolaid', 'salt': 'KRnUzQVB', 'md5': 'f9ee7f8ca3397720329edd6d07fe93dd', 'sha1': 'd8deb31530649cb158010e56cd07353dbfa61a29', 'sha256': '72d5d8644ed45026821ac137c0df5633c02a11fa20cf5f759d0fda969f07a087'}, 'dob': {'date': '1993-07-09T11:25:23.088Z', 'age': 30}, 'registered': {'date': '2018-10-02T20:42:14.187Z', 'age': 5}, 'phone': '079 932 88 09', 'cell': '079 106 49 06', 'id': {'name': 'AVS', 'value': '756.6588.2302.07'}, 'picture': {'large': 'https://randomuser.me/api/portraits/men/18.jpg', 'medium': 'https://randomuser.me/api/portraits/med/men/18.jpg', 'thumbnail': 'https://randomuser.me/api/portraits/thumb/men/18.jpg'}, 'nat': 'CH'}], 'info': {'seed': '47a7f61a81085fec', 'results': 1, 'page': 1, 'version': '1.4'}}</msg>
<arg>${json_data}</arg>
<doc>Logs the given message with the given level.</doc>
<status status="PASS" start="2024-04-03T08:17:23.552883" elapsed="0.000232"/>
</kw>
<kw name="Should Be String" owner="String">
<arg>${json_data['results'][0]['gender']}</arg>
<doc>Fails if the given ``item`` is not a string.</doc>
<status status="PASS" start="2024-04-03T08:17:23.553418" elapsed="0.000394"/>
</kw>
<kw name="Should Match Regexp" owner="BuiltIn">
<arg>${json_data['results'][0]['email']}</arg>
<arg>^[a-zA-Z0-9._%+-]+@[a-zA-Z0-9.-]+\.[a-zA-Z]{2,}$</arg>
<doc>Fails if ``string`` does not match ``pattern`` as a regular expression.</doc>
<status status="PASS" start="2024-04-03T08:17:23.554007" elapsed="0.000523"/>
</kw>
<kw name="Should Match Regexp" owner="BuiltIn">
<arg>${json_data['results'][0]['dob']['date']}</arg>
<arg>\\d{4}-\\d{2}-\\d{2}T\\d{2}:\\d{2}:\\d{2}\\.\\d{3}Z</arg>
<doc>Fails if ``string`` does not match ``pattern`` as a regular expression.</doc>
<status status="PASS" start="2024-04-03T08:17:23.554730" elapsed="0.000476"/>
</kw>
<kw name="Should Match Regexp" owner="BuiltIn">
<arg>${json_data['results'][0]['registered']['date']}</arg>
<arg>\\d{4}-\\d{2}-\\d{2}T\\d{2}:\\d{2}:\\d{2}\\.\\d{3}Z</arg>
<doc>Fails if ``string`` does not match ``pattern`` as a regular expression.</doc>
<status status="PASS" start="2024-04-03T08:17:23.555405" elapsed="0.000372"/>
</kw>
<kw name="Should Match Regexp" owner="BuiltIn">
<arg>${json_data['results'][0]['picture']['large']}</arg>
<arg>^https?://.*\.(?:png|jpe?g|gif|bmp)$</arg>
<doc>Fails if ``string`` does not match ``pattern`` as a regular expression.</doc>
<status status="PASS" start="2024-04-03T08:17:23.555968" elapsed="0.000462"/>
</kw>
<kw name="Should Match Regexp" owner="BuiltIn">
<arg>${json_data['results'][0]['picture']['medium']}</arg>
<arg>^https?://.*\.(?:png|jpe?g|gif|bmp)$</arg>
<doc>Fails if ``string`` does not match ``pattern`` as a regular expression.</doc>
<status status="PASS" start="2024-04-03T08:17:23.556641" elapsed="0.000357"/>
</kw>
<kw name="Should Match Regexp" owner="BuiltIn">
<arg>${json_data['results'][0]['picture']['thumbnail']}</arg>
<arg>^https?://.*\.(?:png|jpe?g|gif|bmp)$</arg>
<doc>Fails if ``string`` does not match ``pattern`` as a regular expression.</doc>
<status status="PASS" start="2024-04-03T08:17:23.557186" elapsed="0.000377"/>
</kw>
<kw name="Log" owner="BuiltIn">
<msg time="2024-04-03T08:17:23.558074" level="INFO">{'large': 'https://randomuser.me/api/portraits/men/18.jpg', 'medium': 'https://randomuser.me/api/portraits/med/men/18.jpg', 'thumbnail': 'https://randomuser.me/api/portraits/thumb/men/18.jpg'}</msg>
<arg>${json_data['results'][0]['picture']}</arg>
<doc>Logs the given message with the given level.</doc>
<status status="PASS" start="2024-04-03T08:17:23.557749" elapsed="0.000373"/>
</kw>
<status status="PASS" start="2024-04-03T08:17:23.475183" elapsed="0.083201"/>
</kw>
<kw name="Teste de Tipos de Dados - Postcode" owner="random-user-service">
<kw name="GET On Session" owner="RequestsLibrary">
<msg time="2024-04-03T08:17:23.653941" level="INFO">GET Request : url=https://randomuser.me/api 
 path_url=/api 
 headers={'User-Agent': 'python-requests/2.31.0', 'Accept-Encoding': 'gzip, deflate', 'Accept': '*/*', 'Connection': 'keep-alive'} 
 body=None 
 </msg>
<msg time="2024-04-03T08:17:23.654023" level="INFO">GET Response : url=https://randomuser.me/api 
 status=200, reason=OK 
 headers={'Date': 'Wed, 03 Apr 2024 08:17:23 GMT', 'Content-Type': 'application/json; charset=utf-8', 'Transfer-Encoding': 'chunked', 'Connection': 'keep-alive', 'X-Powered-By': 'Express', 'Access-Control-Allow-Origin': '*', 'Cache-Control': 'no-cache', 'ETag': 'W/"4ac-DL7s0Q3spbCetKOT9TZRtFzBl8o"', 'Vary': 'Accept-Encoding', 'Content-Encoding': 'gzip', 'CF-Cache-Status': 'DYNAMIC', 'Report-To': '{"endpoints":[{"url":"https:\\/\\/a.nel.cloudflare.com\\/report\\/v4?s=PVaYarax%2Bg8lzDzlrhCyJkbH%2Fm3KBTh9skUwYEIWJuK7XxKr4saSEXo5vzUzvaAbnoBacEIzLCwV4JeVrbx%2Bqn1R6wf1kUhbJHGJaH0CwoEI1Xidn7h16WfNf5SWT4A1"}],"group":"cf-nel","max_age":604800}', 'NEL': '{"success_fraction":0,"report_to":"cf-nel","max_age":604800}', 'Server': 'cloudflare', 'CF-RAY': '86e79f3a4f0a1146-ORD', 'alt-svc': 'h3=":443"; ma=86400'} 
 body={"results":[{"gender":"female","name":{"title":"Mrs","first":"Stefaniya","last":"Pidpaliy"},"location":{"street":{"number":8961,"name":"Poltavskiy prospekt"},"city":"Drogobich","state":"Zhitomirska","country":"Ukraine","postcode":55197,"coordinates":{"latitude":"79.8023","longitude":"52.7028"},"timezone":{"offset":"0:00","description":"Western Europe Time, London, Lisbon, Casablanca"}},"email":"stefaniya.pidpaliy@example.com","login":{"uuid":"da96eb43-8352-4417-a2ec-300456d7afef","username":"silverduck111","password":"tequila","salt":"lxjqeC4k","md5":"ec4ba5c956d88a538e1fe0089cae2cf8","sha1":"a5475db177d2d1c2c567304a6e0b706180226997","sha256":"f243ac1efcea354b0f9354f1dd26d1d3116ff60c9f5248b42e8bb31c4f77ae44"},"dob":{"date":"1945-10-04T10:59:25.458Z","age":78},"registered":{"date":"2007-12-21T08:03:41.688Z","age":16},"phone":"(068) W46-9991","cell":"(066) P19-2586","id":{"name":"","value":null},"picture":{"large":"https://randomuser.me/api/portraits/women/33.jpg","medium":"https://randomuser.me/api/portraits/med/women/33.jpg","thumbnail":"https://randomuser.me/api/portraits/thumb/women/33.jpg"},"nat":"UA"}],"info":{"seed":"04db627a1c4619f6","results":1,"page":1,"version":"1.4"}} 
 </msg>
<msg time="2024-04-03T08:17:23.654113" level="INFO">/opt/hostedtoolcache/Python/3.12.2/x64/lib/python3.12/site-packages/urllib3/connectionpool.py:1103: InsecureRequestWarning: Unverified HTTPS request is being made to host 'randomuser.me'. Adding certificate verification is strongly advised. See: https://urllib3.readthedocs.io/en/latest/advanced-usage.html#tls-warnings
  warnings.warn(</msg>
<msg time="2024-04-03T08:17:23.654218" level="INFO">${response} = &lt;Response [200]&gt;</msg>
<var>${response}</var>
<arg>consultarAPI</arg>
<arg>/api</arg>
<doc>Sends a GET request on a previously created HTTP Session.</doc>
<status status="PASS" start="2024-04-03T08:17:23.558950" elapsed="0.095308"/>
</kw>
<kw name="Set Variable" owner="BuiltIn">
<msg time="2024-04-03T08:17:23.655220" level="INFO">${json_data} = {'results': [{'gender': 'female', 'name': {'title': 'Mrs', 'first': 'Stefaniya', 'last': 'Pidpaliy'}, 'location': {'street': {'number': 8961, 'name': 'Poltavskiy prospekt'}, 'city': 'Drogobich', 'stat...</msg>
<var>${json_data}</var>
<arg>${response.json()}</arg>
<doc>Returns the given values which can then be assigned to a variables.</doc>
<status status="PASS" start="2024-04-03T08:17:23.654724" elapsed="0.000524"/>
</kw>
<kw name="Log" owner="BuiltIn">
<msg time="2024-04-03T08:17:23.655711" level="INFO">{'results': [{'gender': 'female', 'name': {'title': 'Mrs', 'first': 'Stefaniya', 'last': 'Pidpaliy'}, 'location': {'street': {'number': 8961, 'name': 'Poltavskiy prospekt'}, 'city': 'Drogobich', 'state': 'Zhitomirska', 'country': 'Ukraine', 'postcode': 55197, 'coordinates': {'latitude': '79.8023', 'longitude': '52.7028'}, 'timezone': {'offset': '0:00', 'description': 'Western Europe Time, London, Lisbon, Casablanca'}}, 'email': 'stefaniya.pidpaliy@example.com', 'login': {'uuid': 'da96eb43-8352-4417-a2ec-300456d7afef', 'username': 'silverduck111', 'password': 'tequila', 'salt': 'lxjqeC4k', 'md5': 'ec4ba5c956d88a538e1fe0089cae2cf8', 'sha1': 'a5475db177d2d1c2c567304a6e0b706180226997', 'sha256': 'f243ac1efcea354b0f9354f1dd26d1d3116ff60c9f5248b42e8bb31c4f77ae44'}, 'dob': {'date': '1945-10-04T10:59:25.458Z', 'age': 78}, 'registered': {'date': '2007-12-21T08:03:41.688Z', 'age': 16}, 'phone': '(068) W46-9991', 'cell': '(066) P19-2586', 'id': {'name': '', 'value': None}, 'picture': {'large': 'https://randomuser.me/api/portraits/women/33.jpg', 'medium': 'https://randomuser.me/api/portraits/med/women/33.jpg', 'thumbnail': 'https://randomuser.me/api/portraits/thumb/women/33.jpg'}, 'nat': 'UA'}], 'info': {'seed': '04db627a1c4619f6', 'results': 1, 'page': 1, 'version': '1.4'}}</msg>
<arg>${json_data}</arg>
<doc>Logs the given message with the given level.</doc>
<status status="PASS" start="2024-04-03T08:17:23.655557" elapsed="0.000235"/>
</kw>
<kw name="Should Be Equal As Numbers" owner="BuiltIn">
<arg>${json_data['results'][0]['location']['postcode']}</arg>
<arg>${json_data['results'][0]['location']['postcode']}</arg>
<doc>Fails if objects are unequal after converting them to real numbers.</doc>
<status status="PASS" start="2024-04-03T08:17:23.656097" elapsed="0.000632"/>
</kw>
<kw name="Log" owner="BuiltIn">
<msg time="2024-04-03T08:17:23.657258" level="INFO">55197</msg>
<arg>${json_data['results'][0]['location']['postcode']}</arg>
<doc>Logs the given message with the given level.</doc>
<status status="PASS" start="2024-04-03T08:17:23.656923" elapsed="0.000376"/>
</kw>
<status status="PASS" start="2024-04-03T08:17:23.558600" elapsed="0.099018"/>
</kw>
<doc>Testa se os tipos de dados na resposta da API estão corretos.</doc>
<tag>testeTiposDados</tag>
<status status="PASS" start="2024-04-03T08:17:23.474707" elapsed="0.183090"/>
</test>
<test id="s1-s1-t5" name="Validar conteudo" line="35">
<kw name="Teste de Tipos de Conteudo" owner="random-user-service">
<kw name="GET On Session" owner="RequestsLibrary">
<msg time="2024-04-03T08:17:23.754226" level="INFO">GET Request : url=https://randomuser.me/api 
 path_url=/api 
 headers={'User-Agent': 'python-requests/2.31.0', 'Accept-Encoding': 'gzip, deflate', 'Accept': '*/*', 'Connection': 'keep-alive'} 
 body=None 
 </msg>
<msg time="2024-04-03T08:17:23.754329" level="INFO">GET Response : url=https://randomuser.me/api 
 status=200, reason=OK 
 headers={'Date': 'Wed, 03 Apr 2024 08:17:23 GMT', 'Content-Type': 'application/json; charset=utf-8', 'Transfer-Encoding': 'chunked', 'Connection': 'keep-alive', 'X-Powered-By': 'Express', 'Access-Control-Allow-Origin': '*', 'Cache-Control': 'no-cache', 'ETag': 'W/"4a8-LOzY7MkBlrBOTbBCUVc0Z2dHqWU"', 'Vary': 'Accept-Encoding', 'Content-Encoding': 'gzip', 'CF-Cache-Status': 'DYNAMIC', 'Report-To': '{"endpoints":[{"url":"https:\\/\\/a.nel.cloudflare.com\\/report\\/v4?s=7N3nxUXblXl%2Fyx%2FYxWyNf3mHvpylrA9XtV%2Fj%2FFekoCWAgo1eSzlejmZBbu97thURcZ73yLzIpmpFcN1cp2gPI0tcbm5NTsAQI%2FFh7VcJ7JSXztXQ5vmKGnvTPfIuN0ft"}],"group":"cf-nel","max_age":604800}', 'NEL': '{"success_fraction":0,"report_to":"cf-nel","max_age":604800}', 'Server': 'cloudflare', 'CF-RAY': '86e79f3aef581146-ORD', 'alt-svc': 'h3=":443"; ma=86400'} 
 body={"results":[{"gender":"female","name":{"title":"Mrs","first":"Carla","last":"Fajardo"},"location":{"street":{"number":3874,"name":"Circunvalación Tamaulipas"},"city":"Tampico","state":"Campeche","country":"Mexico","postcode":71378,"coordinates":{"latitude":"26.6601","longitude":"13.9587"},"timezone":{"offset":"+8:00","description":"Beijing, Perth, Singapore, Hong Kong"}},"email":"carla.fajardo@example.com","login":{"uuid":"259d66d1-acd1-4ec0-bb87-29d79e33bb3b","username":"heavydog617","password":"kentucky","salt":"X2f6Xb7R","md5":"bb2bd4334f31f00777a0800369d18994","sha1":"c2587f96e0856e3dea746eb935048c069a0e5c84","sha256":"1063263c2e3278b6ca1bf42a19d9eedbe803bdada44589f82911b26168808d52"},"dob":{"date":"1992-08-27T13:40:52.623Z","age":31},"registered":{"date":"2011-10-31T18:59:12.800Z","age":12},"phone":"(682) 277 2661","cell":"(656) 237 6242","id":{"name":"NSS","value":"51 08 98 0401 0"},"picture":{"large":"https://randomuser.me/api/portraits/women/57.jpg","medium":"https://randomuser.me/api/portraits/med/women/57.jpg","thumbnail":"https://randomuser.me/api/portraits/thumb/women/57.jpg"},"nat":"MX"}],"info":{"seed":"84b14995812a6db3","results":1,"page":1,"version":"1.4"}} 
 </msg>
<msg time="2024-04-03T08:17:23.754399" level="INFO">/opt/hostedtoolcache/Python/3.12.2/x64/lib/python3.12/site-packages/urllib3/connectionpool.py:1103: InsecureRequestWarning: Unverified HTTPS request is being made to host 'randomuser.me'. Adding certificate verification is strongly advised. See: https://urllib3.readthedocs.io/en/latest/advanced-usage.html#tls-warnings
  warnings.warn(</msg>
<msg time="2024-04-03T08:17:23.754515" level="INFO">${response} = &lt;Response [200]&gt;</msg>
<var>${response}</var>
<arg>consultarAPI</arg>
<arg>/api</arg>
<doc>Sends a GET request on a previously created HTTP Session.</doc>
<status status="PASS" start="2024-04-03T08:17:23.660291" elapsed="0.094250"/>
</kw>
<kw name="Set Variable" owner="BuiltIn">
<msg time="2024-04-03T08:17:23.755620" level="INFO">${json_data} = {'results': [{'gender': 'female', 'name': {'title': 'Mrs', 'first': 'Carla', 'last': 'Fajardo'}, 'location': {'street': {'number': 3874, 'name': 'Circunvalación Tamaulipas'}, 'city': 'Tampico', 'state...</msg>
<var>${json_data}</var>
<arg>${response.json()}</arg>
<doc>Returns the given values which can then be assigned to a variables.</doc>
<status status="PASS" start="2024-04-03T08:17:23.755103" elapsed="0.000545"/>
</kw>
<kw name="Set Variable" owner="BuiltIn">
<msg time="2024-04-03T08:17:23.756356" level="INFO">${name_title} = Mrs</msg>
<var>${name_title}</var>
<arg>${json_data["results"][0]["name"]["title"]}</arg>
<doc>Returns the given values which can then be assigned to a variables.</doc>
<status status="PASS" start="2024-04-03T08:17:23.755967" elapsed="0.000415"/>
</kw>
<kw name="Create List" owner="BuiltIn">
<msg time="2024-04-03T08:17:23.756828" level="INFO">${allowed_titles} = ['Mr', 'Ms', 'Miss', 'Mrs', 'Madame', 'Monsieur']</msg>
<var>${allowed_titles}</var>
<arg>Mr</arg>
<arg>Ms</arg>
<arg>Miss</arg>
<arg>Mrs</arg>
<arg>Madame</arg>
<arg>Monsieur</arg>
<doc>Returns a list containing given items.</doc>
<status status="PASS" start="2024-04-03T08:17:23.756681" elapsed="0.000171"/>
</kw>
<kw name="List Should Contain Value" owner="Collections">
<msg time="2024-04-03T08:17:23.757330" level="INFO">False</msg>
<arg>${allowed_titles}</arg>
<arg>${name_title}</arg>
<doc>Fails if the ``value`` is not found from ``list``.</doc>
<status status="PASS" start="2024-04-03T08:17:23.757157" elapsed="0.000210"/>
</kw>
<kw name="Set Variable" owner="BuiltIn">
<msg time="2024-04-03T08:17:23.758094" level="INFO">${name_country} = MX</msg>
<var>${name_country}</var>
<arg>${json_data["results"][0]["nat"]}</arg>
<doc>Returns the given values which can then be assigned to a variables.</doc>
<status status="PASS" start="2024-04-03T08:17:23.757723" elapsed="0.000395"/>
</kw>
<kw name="Create List" owner="BuiltIn">
<msg time="2024-04-03T08:17:23.759019" level="INFO">${list_country} = ['AD', 'AE', 'AF', 'AG', 'AI', 'AL', 'AM', 'AO', 'AQ', 'AR', 'AS', 'AT', 'AU', 'AW', 'AX', 'AZ', 'BA', 'BB', 'BD', 'BE', 'BF', 'BG', 'BH', 'BI', 'BJ', 'BL', 'BM', 'BN', 'BO', 'BQ', 'BR', 'BS', 'BT', '...</msg>
<var>${list_country}</var>
<arg>AD</arg>
<arg>AE</arg>
<arg>AF</arg>
<arg>AG</arg>
<arg>AI</arg>
<arg>AL</arg>
<arg>AM</arg>
<arg>AO</arg>
<arg>AQ</arg>
<arg>AR</arg>
<arg>AS</arg>
<arg>AT</arg>
<arg>AU</arg>
<arg>AW</arg>
<arg>AX</arg>
<arg>AZ</arg>
<arg>BA</arg>
<arg>BB</arg>
<arg>BD</arg>
<arg>BE</arg>
<arg>BF</arg>
<arg>BG</arg>
<arg>BH</arg>
<arg>BI</arg>
<arg>BJ</arg>
<arg>BL</arg>
<arg>BM</arg>
<arg>BN</arg>
<arg>BO</arg>
<arg>BQ</arg>
<arg>BR</arg>
<arg>BS</arg>
<arg>BT</arg>
<arg>BV</arg>
<arg>BW</arg>
<arg>BY</arg>
<arg>BZ</arg>
<arg>CA</arg>
<arg>CC</arg>
<arg>CD</arg>
<arg>CF</arg>
<arg>CG</arg>
<arg>CH</arg>
<arg>CI</arg>
<arg>CK</arg>
<arg>CL</arg>
<arg>CM</arg>
<arg>CN</arg>
<arg>CO</arg>
<arg>CR</arg>
<arg>CU</arg>
<arg>CV</arg>
<arg>CW</arg>
<arg>CX</arg>
<arg>CY</arg>
<arg>CZ</arg>
<arg>DE</arg>
<arg>DJ</arg>
<arg>DK</arg>
<arg>DM</arg>
<arg>DO</arg>
<arg>DZ</arg>
<arg>EC</arg>
<arg>EE</arg>
<arg>EG</arg>
<arg>EH</arg>
<arg>ER</arg>
<arg>ES</arg>
<arg>ET</arg>
<arg>FI</arg>
<arg>FJ</arg>
<arg>FK</arg>
<arg>FM</arg>
<arg>FO</arg>
<arg>FR</arg>
<arg>GA</arg>
<arg>GB</arg>
<arg>GD</arg>
<arg>GE</arg>
<arg>GF</arg>
<arg>GG</arg>
<arg>GH</arg>
<arg>GI</arg>
<arg>GL</arg>
<arg>GM</arg>
<arg>GN</arg>
<arg>GP</arg>
<arg>GQ</arg>
<arg>GR</arg>
<arg>GS</arg>
<arg>GT</arg>
<arg>GU</arg>
<arg>GW</arg>
<arg>GY</arg>
<arg>HK</arg>
<arg>HM</arg>
<arg>HN</arg>
<arg>HR</arg>
<arg>HT</arg>
<arg>HU</arg>
<arg>ID</arg>
<arg>IE</arg>
<arg>IL</arg>
<arg>IM</arg>
<arg>IN</arg>
<arg>IO</arg>
<arg>IQ</arg>
<arg>IR</arg>
<arg>IS</arg>
<arg>IT</arg>
<arg>JE</arg>
<arg>JM</arg>
<arg>JO</arg>
<arg>JP</arg>
<arg>KE</arg>
<arg>KG</arg>
<arg>KH</arg>
<arg>KI</arg>
<arg>KM</arg>
<arg>KN</arg>
<arg>KP</arg>
<arg>KR</arg>
<arg>KW</arg>
<arg>KY</arg>
<arg>KZ</arg>
<arg>LA</arg>
<arg>LB</arg>
<arg>LC</arg>
<arg>LI</arg>
<arg>LK</arg>
<arg>LR</arg>
<arg>LS</arg>
<arg>LT</arg>
<arg>LU</arg>
<arg>LV</arg>
<arg>LY</arg>
<arg>MA</arg>
<arg>MC</arg>
<arg>MD</arg>
<arg>ME</arg>
<arg>MF</arg>
<arg>MG</arg>
<arg>MH</arg>
<arg>MK</arg>
<arg>ML</arg>
<arg>MM</arg>
<arg>MN</arg>
<arg>MO</arg>
<arg>MP</arg>
<arg>MQ</arg>
<arg>MR</arg>
<arg>MS</arg>
<arg>MT</arg>
<arg>MU</arg>
<arg>MV</arg>
<arg>MW</arg>
<arg>MX</arg>
<arg>MY</arg>
<arg>MZ</arg>
<arg>NA</arg>
<arg>NC</arg>
<arg>NE</arg>
<arg>NF</arg>
<arg>NG</arg>
<arg>NI</arg>
<arg>NL</arg>
<arg>NO</arg>
<arg>NP</arg>
<arg>NR</arg>
<arg>NU</arg>
<arg>NZ</arg>
<arg>OM</arg>
<arg>PA</arg>
<arg>PE</arg>
<arg>PF</arg>
<arg>PG</arg>
<arg>PH</arg>
<arg>PK</arg>
<arg>PL</arg>
<arg>PM</arg>
<arg>PN</arg>
<arg>PR</arg>
<arg>PS</arg>
<arg>PT</arg>
<arg>PW</arg>
<arg>PY</arg>
<arg>QA</arg>
<arg>RE</arg>
<arg>RO</arg>
<arg>RS</arg>
<arg>RU</arg>
<arg>RW</arg>
<arg>SA</arg>
<arg>SB</arg>
<arg>SC</arg>
<arg>SD</arg>
<arg>SE</arg>
<arg>SG</arg>
<arg>SH</arg>
<arg>SI</arg>
<arg>SJ</arg>
<arg>SK</arg>
<arg>SL</arg>
<arg>SM</arg>
<arg>SN</arg>
<arg>SO</arg>
<arg>SR</arg>
<arg>SS</arg>
<arg>ST</arg>
<arg>SV</arg>
<arg>SX</arg>
<arg>SY</arg>
<arg>SZ</arg>
<arg>TC</arg>
<arg>TD</arg>
<arg>TF</arg>
<arg>TG</arg>
<arg>TH</arg>
<arg>TJ</arg>
<arg>TK</arg>
<arg>TL</arg>
<arg>TM</arg>
<arg>TN</arg>
<arg>TO</arg>
<arg>TR</arg>
<arg>TT</arg>
<arg>TV</arg>
<arg>TW</arg>
<arg>TZ</arg>
<arg>UA</arg>
<arg>UG</arg>
<arg>UM</arg>
<arg>US</arg>
<arg>UY</arg>
<arg>UZ</arg>
<arg>VA</arg>
<arg>VC</arg>
<arg>VE</arg>
<arg>VG</arg>
<arg>VI</arg>
<arg>VN</arg>
<arg>VU</arg>
<arg>WF</arg>
<arg>WS</arg>
<arg>XK</arg>
<arg>YE</arg>
<arg>YT</arg>
<arg>ZA</arg>
<arg>ZM</arg>
<arg>ZW</arg>
<doc>Returns a list containing given items.</doc>
<status status="PASS" start="2024-04-03T08:17:23.758421" elapsed="0.000624"/>
</kw>
<kw name="List Should Contain Value" owner="Collections">
<msg time="2024-04-03T08:17:23.760181" level="INFO">False</msg>
<arg>${list_country}</arg>
<arg>${name_country}</arg>
<doc>Fails if the ``value`` is not found from ``list``.</doc>
<status status="PASS" start="2024-04-03T08:17:23.759977" elapsed="0.000241"/>
</kw>
<kw name="Run Keyword If" owner="BuiltIn">
<kw name="Should Be True" owner="BuiltIn">
<arg>${True}</arg>
<doc>Fails if the given condition is not true.</doc>
<status status="PASS" start="2024-04-03T08:17:23.761306" elapsed="0.000168"/>
</kw>
<arg>${json_data["results"][0]["location"]["coordinates"]["latitude"]} &gt;= -90 and ${json_data["results"][0]["location"]["coordinates"]["latitude"]} &lt;= 90</arg>
<arg>Should Be True</arg>
<arg>${True}</arg>
<doc>Runs the given keyword with the given arguments, if ``condition`` is true.</doc>
<status status="PASS" start="2024-04-03T08:17:23.760528" elapsed="0.001086"/>
</kw>
<kw name="Run Keyword If" owner="BuiltIn">
<kw name="Should Be True" owner="BuiltIn">
<arg>${True}</arg>
<doc>Fails if the given condition is not true.</doc>
<status status="PASS" start="2024-04-03T08:17:23.762517" elapsed="0.000140"/>
</kw>
<arg>${json_data["results"][0]["location"]["coordinates"]["longitude"]} &gt;= -180 and ${json_data["results"][0]["location"]["coordinates"]["longitude"]} &lt;= 180</arg>
<arg>Should Be True</arg>
<arg>${True}</arg>
<doc>Runs the given keyword with the given arguments, if ``condition`` is true.</doc>
<status status="PASS" start="2024-04-03T08:17:23.761799" elapsed="0.000982"/>
</kw>
<status status="PASS" start="2024-04-03T08:17:23.660057" elapsed="0.102859"/>
</kw>
<doc>Testa o conteúdo específico dos campos retornados pela API.</doc>
<tag>testeConteudo</tag>
<status status="PASS" start="2024-04-03T08:17:23.659585" elapsed="0.103489"/>
</test>
<status status="PASS" start="2024-04-03T08:17:22.847002" elapsed="0.918009"/>
</suite>
<status status="PASS" start="2024-04-03T08:17:22.833147" elapsed="0.937289"/>
</suite>
<statistics>
<total>
<stat pass="5" fail="0" skip="0">All Tests</stat>
</total>
<tag>
<stat pass="1" fail="0" skip="0">testeConteudo</stat>
<stat pass="1" fail="0" skip="0">testeEstruturaResposta</stat>
<stat pass="1" fail="0" skip="0">testeRequisicaoBasica</stat>
<stat pass="1" fail="0" skip="0">testeTiposDados</stat>
</tag>
<suite>
<stat pass="5" fail="0" skip="0" id="s1" name="Tests">Tests</stat>
<stat pass="5" fail="0" skip="0" id="s1-s1" name="Random-User-Test">Tests.Random-User-Test</stat>
</suite>
</statistics>
<errors>
</errors>
</robot>
