<?xml version="1.0" encoding="UTF-8"?>
<robot generator="Robot 7.0.1 (Python 3.12.4 on linux)" generated="2024-07-31T05:13:12.439004" rpa="false" schemaversion="5">
<suite id="s1" name="Tests" source="/home/runner/work/ApiRandomUser/ApiRandomUser/RamdonUser/tests">
<suite id="s1-s1" name="Random-User-Test" source="/home/runner/work/ApiRandomUser/ApiRandomUser/RamdonUser/tests/random-user-test.robot">
<test id="s1-s1-t1" name="Conectar" line="13">
<kw name="Conectar API" owner="random-user-service">
<kw name="Create Session" owner="RequestsLibrary">
<msg time="2024-07-31T05:13:12.830800" level="INFO">Creating Session using : alias=consultarAPI, url=https://randomuser.me/, headers={},                     cookies={}, auth=None, timeout=None, proxies=None, verify=False,                     debug=0 </msg>
<arg>consultarAPI</arg>
<arg>${URL}</arg>
<doc>Create Session: create a HTTP session to a server</doc>
<status status="PASS" start="2024-07-31T05:13:12.830603" elapsed="0.000377"/>
</kw>
<status status="PASS" start="2024-07-31T05:13:12.829566" elapsed="0.001769"/>
</kw>
<status status="PASS" start="2024-07-31T05:13:12.828948" elapsed="0.002581"/>
</test>
<test id="s1-s1-t2" name="Validar retorno 200 e JSON Válido" line="16">
<kw name="Teste de Requisicao Basica" owner="random-user-service">
<kw name="GET On Session" owner="RequestsLibrary">
<msg time="2024-07-31T05:13:13.017563" level="INFO">GET Request : url=https://randomuser.me/api 
 path_url=/api 
 headers={'User-Agent': 'python-requests/2.32.3', 'Accept-Encoding': 'gzip, deflate', 'Accept': '*/*', 'Connection': 'keep-alive'} 
 body=None 
 </msg>
<msg time="2024-07-31T05:13:13.017720" level="INFO">GET Response : url=https://randomuser.me/api 
 status=200, reason=OK 
 headers={'Date': 'Wed, 31 Jul 2024 05:13:13 GMT', 'Content-Type': 'application/json; charset=utf-8', 'Transfer-Encoding': 'chunked', 'Connection': 'keep-alive', 'X-Powered-By': 'Express', 'Access-Control-Allow-Origin': '*', 'Cache-Control': 'no-cache', 'ETag': 'W/"47b-h61wXYofiVGbuff0DwoYrPK6Nm4"', 'Vary': 'Accept-Encoding', 'Content-Encoding': 'gzip', 'CF-Cache-Status': 'DYNAMIC', 'Report-To': '{"endpoints":[{"url":"https:\\/\\/a.nel.cloudflare.com\\/report\\/v4?s=aaK4%2B80n0r891T%2B4YXvhhD1WtKgyTYVzrnwnM2QFY2qKR8DYcd6Twpzp54dyjY9iuFM5avA8bu1h1hy8MnCbHiHxLUIdCZZGkARrQPMoKtlcs9MLc%2Bn0HAZOFRkPQQBe"}],"group":"cf-nel","max_age":604800}', 'NEL': '{"success_fraction":0,"report_to":"cf-nel","max_age":604800}', 'Server': 'cloudflare', 'CF-RAY': '8abb19101bf22ab6-ORD', 'alt-svc': 'h3=":443"; ma=86400'} 
 body={"results":[{"gender":"female","name":{"title":"Mrs","first":"Mia","last":"Harris"},"location":{"street":{"number":6606,"name":"Argyle St"},"city":"Aylmer","state":"Nunavut","country":"Canada","postcode":"O4E 6O9","coordinates":{"latitude":"-68.4281","longitude":"86.8499"},"timezone":{"offset":"+6:00","description":"Almaty, Dhaka, Colombo"}},"email":"mia.harris@example.com","login":{"uuid":"d67ca208-e267-4a62-b894-aa8fb911578c","username":"crazymouse707","password":"minime","salt":"jABPAhEH","md5":"44d2d16ace5b735acc912971b02301e7","sha1":"68e7b2479d0aee457f73ad47a133dac65e84f79a","sha256":"f0c9ee058c7867f326fa6c53e12f58dbac8110964a905b3f65d32f5ef4958b75"},"dob":{"date":"1974-09-30T08:36:00.926Z","age":49},"registered":{"date":"2021-11-28T11:45:07.535Z","age":2},"phone":"Q00 J45-7416","cell":"M96 C83-1455","id":{"name":"SIN","value":"743297335"},"picture":{"large":"https://randomuser.me/api/portraits/women/69.jpg","medium":"https://randomuser.me/api/portraits/med/women/69.jpg","thumbnail":"https://randomuser.me/api/portraits/thumb/women/69.jpg"},"nat":"CA"}],"info":{"seed":"31f5d5a3da53bfb5","results":1,"page":1,"version":"1.4"}} 
 </msg>
<msg time="2024-07-31T05:13:13.017803" level="INFO">/opt/hostedtoolcache/Python/3.12.4/x64/lib/python3.12/site-packages/urllib3/connectionpool.py:1099: InsecureRequestWarning: Unverified HTTPS request is being made to host 'randomuser.me'. Adding certificate verification is strongly advised. See: https://urllib3.readthedocs.io/en/latest/advanced-usage.html#tls-warnings
  warnings.warn(</msg>
<msg time="2024-07-31T05:13:13.017954" level="INFO">${response} = &lt;Response [200]&gt;</msg>
<var>${response}</var>
<arg>consultarAPI</arg>
<arg>/api</arg>
<doc>Sends a GET request on a previously created HTTP Session.</doc>
<status status="PASS" start="2024-07-31T05:13:12.834181" elapsed="0.183815"/>
</kw>
<kw name="Should Be Equal As Numbers" owner="BuiltIn">
<msg time="2024-07-31T05:13:13.019073" level="INFO">Argument types are:
&lt;class 'int'&gt;
&lt;class 'str'&gt;</msg>
<arg>${response.status_code}</arg>
<arg>200</arg>
<doc>Fails if objects are unequal after converting them to real numbers.</doc>
<status status="PASS" start="2024-07-31T05:13:13.018603" elapsed="0.000536"/>
</kw>
<kw name="Log" owner="BuiltIn">
<msg time="2024-07-31T05:13:13.019855" level="INFO">200</msg>
<arg>${response.status_code}</arg>
<doc>Logs the given message with the given level.</doc>
<status status="PASS" start="2024-07-31T05:13:13.019482" elapsed="0.000417"/>
</kw>
<kw name="Set Variable" owner="BuiltIn">
<msg time="2024-07-31T05:13:13.020706" level="INFO">${json_data} = {'results': [{'gender': 'female', 'name': {'title': 'Mrs', 'first': 'Mia', 'last': 'Harris'}, 'location': {'street': {'number': 6606, 'name': 'Argyle St'}, 'city': 'Aylmer', 'state': 'Nunavut', 'count...</msg>
<var>${json_data}</var>
<arg>${response.json()}</arg>
<doc>Returns the given values which can then be assigned to a variables.</doc>
<status status="PASS" start="2024-07-31T05:13:13.020255" elapsed="0.000480"/>
</kw>
<kw name="Dictionary Should Contain Key" owner="Collections">
<arg>${json_data}</arg>
<arg>results</arg>
<doc>Fails if ``key`` is not found from ``dictionary``.</doc>
<status status="PASS" start="2024-07-31T05:13:13.021047" elapsed="0.000332"/>
</kw>
<status status="PASS" start="2024-07-31T05:13:12.833926" elapsed="0.187609"/>
</kw>
<doc>Testa se a API responde corretamente e retorna um objeto JSON válido.</doc>
<tag>testeRequisicaoBasica</tag>
<status status="PASS" start="2024-07-31T05:13:12.833427" elapsed="0.188285"/>
</test>
<test id="s1-s1-t3" name="Validar estrutura de resposta" line="22">
<kw name="Teste de Estrutura de Resposta" owner="random-user-service">
<kw name="GET On Session" owner="RequestsLibrary">
<msg time="2024-07-31T05:13:13.126814" level="INFO">GET Request : url=https://randomuser.me/api 
 path_url=/api 
 headers={'User-Agent': 'python-requests/2.32.3', 'Accept-Encoding': 'gzip, deflate', 'Accept': '*/*', 'Connection': 'keep-alive'} 
 body=None 
 </msg>
<msg time="2024-07-31T05:13:13.126899" level="INFO">GET Response : url=https://randomuser.me/api 
 status=200, reason=OK 
 headers={'Date': 'Wed, 31 Jul 2024 05:13:13 GMT', 'Content-Type': 'application/json; charset=utf-8', 'Transfer-Encoding': 'chunked', 'Connection': 'keep-alive', 'X-Powered-By': 'Express', 'Access-Control-Allow-Origin': '*', 'Cache-Control': 'no-cache', 'ETag': 'W/"483-PRuoTk0NdDbcNeRjwlCU8CIXrBY"', 'Vary': 'Accept-Encoding', 'Content-Encoding': 'gzip', 'CF-Cache-Status': 'DYNAMIC', 'Report-To': '{"endpoints":[{"url":"https:\\/\\/a.nel.cloudflare.com\\/report\\/v4?s=q3QSUUsDSCaeWdoHYqS07duu2jeI7kbqv69Y0Uk8l8XMbzvCZBTAs5Um9mHJeYdyAkpf5ixQfwyJy%2FPXDgl4d%2BDsf1DDnTyWgfvfW8qFvg%2BSbfBY6WGK7H%2B584fnn8oC"}],"group":"cf-nel","max_age":604800}', 'NEL': '{"success_fraction":0,"report_to":"cf-nel","max_age":604800}', 'Server': 'cloudflare', 'CF-RAY': '8abb19106c552ab6-ORD', 'alt-svc': 'h3=":443"; ma=86400'} 
 body={"results":[{"gender":"female","name":{"title":"Ms","first":"Liepa","last":"Kolstø"},"location":{"street":{"number":7631,"name":"Lundåsveien"},"city":"Veggli","state":"Nord-Trøndelag","country":"Norway","postcode":"7950","coordinates":{"latitude":"38.8775","longitude":"121.8913"},"timezone":{"offset":"-1:00","description":"Azores, Cape Verde Islands"}},"email":"liepa.kolsto@example.com","login":{"uuid":"87b6c8e7-62ea-40ee-aca5-2018297280c8","username":"greendog133","password":"pamela","salt":"k3Mc54AV","md5":"e4fd2611bea3c5484015332c2d9e036c","sha1":"267809a9237efc4a81da5c1cc2e01b0cc42db33d","sha256":"2ada47bbae25f8bd058c5937965b531f6df3eade962ee7d0d8b5591ecc1c2ff2"},"dob":{"date":"1949-04-04T09:58:36.875Z","age":75},"registered":{"date":"2013-07-14T18:21:48.807Z","age":11},"phone":"64150857","cell":"95865623","id":{"name":"FN","value":"04044916083"},"picture":{"large":"https://randomuser.me/api/portraits/women/13.jpg","medium":"https://randomuser.me/api/portraits/med/women/13.jpg","thumbnail":"https://randomuser.me/api/portraits/thumb/women/13.jpg"},"nat":"NO"}],"info":{"seed":"72f2282a2c3cc4d4","results":1,"page":1,"version":"1.4"}} 
 </msg>
<msg time="2024-07-31T05:13:13.127027" level="INFO">/opt/hostedtoolcache/Python/3.12.4/x64/lib/python3.12/site-packages/urllib3/connectionpool.py:1099: InsecureRequestWarning: Unverified HTTPS request is being made to host 'randomuser.me'. Adding certificate verification is strongly advised. See: https://urllib3.readthedocs.io/en/latest/advanced-usage.html#tls-warnings
  warnings.warn(</msg>
<msg time="2024-07-31T05:13:13.127143" level="INFO">${response} = &lt;Response [200]&gt;</msg>
<var>${response}</var>
<arg>consultarAPI</arg>
<arg>/api</arg>
<doc>Sends a GET request on a previously created HTTP Session.</doc>
<status status="PASS" start="2024-07-31T05:13:13.024440" elapsed="0.102736"/>
</kw>
<kw name="Set Variable" owner="BuiltIn">
<msg time="2024-07-31T05:13:13.128073" level="INFO">${json_data} = {'results': [{'gender': 'female', 'name': {'title': 'Ms', 'first': 'Liepa', 'last': 'Kolstø'}, 'location': {'street': {'number': 7631, 'name': 'Lundåsveien'}, 'city': 'Veggli', 'state': 'Nord-Trøndela...</msg>
<var>${json_data}</var>
<arg>${response.json()}</arg>
<doc>Returns the given values which can then be assigned to a variables.</doc>
<status status="PASS" start="2024-07-31T05:13:13.127570" elapsed="0.000538"/>
</kw>
<kw name="Log" owner="BuiltIn">
<msg time="2024-07-31T05:13:13.128595" level="INFO">{'results': [{'gender': 'female', 'name': {'title': 'Ms', 'first': 'Liepa', 'last': 'Kolstø'}, 'location': {'street': {'number': 7631, 'name': 'Lundåsveien'}, 'city': 'Veggli', 'state': 'Nord-Trøndelag', 'country': 'Norway', 'postcode': '7950', 'coordinates': {'latitude': '38.8775', 'longitude': '121.8913'}, 'timezone': {'offset': '-1:00', 'description': 'Azores, Cape Verde Islands'}}, 'email': 'liepa.kolsto@example.com', 'login': {'uuid': '87b6c8e7-62ea-40ee-aca5-2018297280c8', 'username': 'greendog133', 'password': 'pamela', 'salt': 'k3Mc54AV', 'md5': 'e4fd2611bea3c5484015332c2d9e036c', 'sha1': '267809a9237efc4a81da5c1cc2e01b0cc42db33d', 'sha256': '2ada47bbae25f8bd058c5937965b531f6df3eade962ee7d0d8b5591ecc1c2ff2'}, 'dob': {'date': '1949-04-04T09:58:36.875Z', 'age': 75}, 'registered': {'date': '2013-07-14T18:21:48.807Z', 'age': 11}, 'phone': '64150857', 'cell': '95865623', 'id': {'name': 'FN', 'value': '04044916083'}, 'picture': {'large': 'https://randomuser.me/api/portraits/women/13.jpg', 'medium': 'https://randomuser.me/api/portraits/med/women/13.jpg', 'thumbnail': 'https://randomuser.me/api/portraits/thumb/women/13.jpg'}, 'nat': 'NO'}], 'info': {'seed': '72f2282a2c3cc4d4', 'results': 1, 'page': 1, 'version': '1.4'}}</msg>
<arg>${json_data}</arg>
<doc>Logs the given message with the given level.</doc>
<status status="PASS" start="2024-07-31T05:13:13.128428" elapsed="0.000219"/>
</kw>
<kw name="Dictionary Should Contain Key" owner="Collections">
<arg>${json_data}</arg>
<arg>results</arg>
<doc>Fails if ``key`` is not found from ``dictionary``.</doc>
<status status="PASS" start="2024-07-31T05:13:13.128944" elapsed="0.000164"/>
</kw>
<kw name="Should Not Be Empty" owner="BuiltIn">
<msg time="2024-07-31T05:13:13.129425" level="INFO">Length is 2.</msg>
<arg>${json_data}</arg>
<doc>Verifies that the given item is not empty.</doc>
<status status="PASS" start="2024-07-31T05:13:13.129295" elapsed="0.000170"/>
</kw>
<kw name="Create List" owner="BuiltIn">
<msg time="2024-07-31T05:13:13.129909" level="INFO">${expected_keys} = ['gender', 'name', 'location', 'email', 'login']</msg>
<var>${expected_keys}</var>
<arg>gender</arg>
<arg>name</arg>
<arg>location</arg>
<arg>email</arg>
<arg>login</arg>
<doc>Returns a list containing given items.</doc>
<status status="PASS" start="2024-07-31T05:13:13.129756" elapsed="0.000177"/>
</kw>
<for flavor="IN">
<iter>
<kw name="Dictionary Should Contain Key" owner="Collections">
<arg>${json_data['results'][0]}</arg>
<arg>${key}</arg>
<doc>Fails if ``key`` is not found from ``dictionary``.</doc>
<status status="PASS" start="2024-07-31T05:13:13.130517" elapsed="0.000408"/>
</kw>
<kw name="Log" owner="BuiltIn">
<msg time="2024-07-31T05:13:13.131475" level="INFO">{'gender': 'female', 'name': {'title': 'Ms', 'first': 'Liepa', 'last': 'Kolstø'}, 'location': {'street': {'number': 7631, 'name': 'Lundåsveien'}, 'city': 'Veggli', 'state': 'Nord-Trøndelag', 'country': 'Norway', 'postcode': '7950', 'coordinates': {'latitude': '38.8775', 'longitude': '121.8913'}, 'timezone': {'offset': '-1:00', 'description': 'Azores, Cape Verde Islands'}}, 'email': 'liepa.kolsto@example.com', 'login': {'uuid': '87b6c8e7-62ea-40ee-aca5-2018297280c8', 'username': 'greendog133', 'password': 'pamela', 'salt': 'k3Mc54AV', 'md5': 'e4fd2611bea3c5484015332c2d9e036c', 'sha1': '267809a9237efc4a81da5c1cc2e01b0cc42db33d', 'sha256': '2ada47bbae25f8bd058c5937965b531f6df3eade962ee7d0d8b5591ecc1c2ff2'}, 'dob': {'date': '1949-04-04T09:58:36.875Z', 'age': 75}, 'registered': {'date': '2013-07-14T18:21:48.807Z', 'age': 11}, 'phone': '64150857', 'cell': '95865623', 'id': {'name': 'FN', 'value': '04044916083'}, 'picture': {'large': 'https://randomuser.me/api/portraits/women/13.jpg', 'medium': 'https://randomuser.me/api/portraits/med/women/13.jpg', 'thumbnail': 'https://randomuser.me/api/portraits/thumb/women/13.jpg'}, 'nat': 'NO'}</msg>
<arg>${json_data['results'][0]}</arg>
<doc>Logs the given message with the given level.</doc>
<status status="PASS" start="2024-07-31T05:13:13.131110" elapsed="0.000416"/>
</kw>
<kw name="Log" owner="BuiltIn">
<msg time="2024-07-31T05:13:13.131962" level="INFO">gender</msg>
<arg>${key}</arg>
<doc>Logs the given message with the given level.</doc>
<status status="PASS" start="2024-07-31T05:13:13.131829" elapsed="0.000172"/>
</kw>
<var name="${key}">gender</var>
<status status="PASS" start="2024-07-31T05:13:13.130389" elapsed="0.001855"/>
</iter>
<iter>
<kw name="Dictionary Should Contain Key" owner="Collections">
<arg>${json_data['results'][0]}</arg>
<arg>${key}</arg>
<doc>Fails if ``key`` is not found from ``dictionary``.</doc>
<status status="PASS" start="2024-07-31T05:13:13.132545" elapsed="0.000388"/>
</kw>
<kw name="Log" owner="BuiltIn">
<msg time="2024-07-31T05:13:13.133516" level="INFO">{'gender': 'female', 'name': {'title': 'Ms', 'first': 'Liepa', 'last': 'Kolstø'}, 'location': {'street': {'number': 7631, 'name': 'Lundåsveien'}, 'city': 'Veggli', 'state': 'Nord-Trøndelag', 'country': 'Norway', 'postcode': '7950', 'coordinates': {'latitude': '38.8775', 'longitude': '121.8913'}, 'timezone': {'offset': '-1:00', 'description': 'Azores, Cape Verde Islands'}}, 'email': 'liepa.kolsto@example.com', 'login': {'uuid': '87b6c8e7-62ea-40ee-aca5-2018297280c8', 'username': 'greendog133', 'password': 'pamela', 'salt': 'k3Mc54AV', 'md5': 'e4fd2611bea3c5484015332c2d9e036c', 'sha1': '267809a9237efc4a81da5c1cc2e01b0cc42db33d', 'sha256': '2ada47bbae25f8bd058c5937965b531f6df3eade962ee7d0d8b5591ecc1c2ff2'}, 'dob': {'date': '1949-04-04T09:58:36.875Z', 'age': 75}, 'registered': {'date': '2013-07-14T18:21:48.807Z', 'age': 11}, 'phone': '64150857', 'cell': '95865623', 'id': {'name': 'FN', 'value': '04044916083'}, 'picture': {'large': 'https://randomuser.me/api/portraits/women/13.jpg', 'medium': 'https://randomuser.me/api/portraits/med/women/13.jpg', 'thumbnail': 'https://randomuser.me/api/portraits/thumb/women/13.jpg'}, 'nat': 'NO'}</msg>
<arg>${json_data['results'][0]}</arg>
<doc>Logs the given message with the given level.</doc>
<status status="PASS" start="2024-07-31T05:13:13.133117" elapsed="0.000482"/>
</kw>
<kw name="Log" owner="BuiltIn">
<msg time="2024-07-31T05:13:13.134043" level="INFO">name</msg>
<arg>${key}</arg>
<doc>Logs the given message with the given level.</doc>
<status status="PASS" start="2024-07-31T05:13:13.133902" elapsed="0.000189"/>
</kw>
<var name="${key}">name</var>
<status status="PASS" start="2024-07-31T05:13:13.132433" elapsed="0.001926"/>
</iter>
<iter>
<kw name="Dictionary Should Contain Key" owner="Collections">
<arg>${json_data['results'][0]}</arg>
<arg>${key}</arg>
<doc>Fails if ``key`` is not found from ``dictionary``.</doc>
<status status="PASS" start="2024-07-31T05:13:13.134661" elapsed="0.000383"/>
</kw>
<kw name="Log" owner="BuiltIn">
<msg time="2024-07-31T05:13:13.135594" level="INFO">{'gender': 'female', 'name': {'title': 'Ms', 'first': 'Liepa', 'last': 'Kolstø'}, 'location': {'street': {'number': 7631, 'name': 'Lundåsveien'}, 'city': 'Veggli', 'state': 'Nord-Trøndelag', 'country': 'Norway', 'postcode': '7950', 'coordinates': {'latitude': '38.8775', 'longitude': '121.8913'}, 'timezone': {'offset': '-1:00', 'description': 'Azores, Cape Verde Islands'}}, 'email': 'liepa.kolsto@example.com', 'login': {'uuid': '87b6c8e7-62ea-40ee-aca5-2018297280c8', 'username': 'greendog133', 'password': 'pamela', 'salt': 'k3Mc54AV', 'md5': 'e4fd2611bea3c5484015332c2d9e036c', 'sha1': '267809a9237efc4a81da5c1cc2e01b0cc42db33d', 'sha256': '2ada47bbae25f8bd058c5937965b531f6df3eade962ee7d0d8b5591ecc1c2ff2'}, 'dob': {'date': '1949-04-04T09:58:36.875Z', 'age': 75}, 'registered': {'date': '2013-07-14T18:21:48.807Z', 'age': 11}, 'phone': '64150857', 'cell': '95865623', 'id': {'name': 'FN', 'value': '04044916083'}, 'picture': {'large': 'https://randomuser.me/api/portraits/women/13.jpg', 'medium': 'https://randomuser.me/api/portraits/med/women/13.jpg', 'thumbnail': 'https://randomuser.me/api/portraits/thumb/women/13.jpg'}, 'nat': 'NO'}</msg>
<arg>${json_data['results'][0]}</arg>
<doc>Logs the given message with the given level.</doc>
<status status="PASS" start="2024-07-31T05:13:13.135235" elapsed="0.000419"/>
</kw>
<kw name="Log" owner="BuiltIn">
<msg time="2024-07-31T05:13:13.136108" level="INFO">location</msg>
<arg>${key}</arg>
<doc>Logs the given message with the given level.</doc>
<status status="PASS" start="2024-07-31T05:13:13.135951" elapsed="0.000198"/>
</kw>
<var name="${key}">location</var>
<status status="PASS" start="2024-07-31T05:13:13.134552" elapsed="0.001832"/>
</iter>
<iter>
<kw name="Dictionary Should Contain Key" owner="Collections">
<arg>${json_data['results'][0]}</arg>
<arg>${key}</arg>
<doc>Fails if ``key`` is not found from ``dictionary``.</doc>
<status status="PASS" start="2024-07-31T05:13:13.136664" elapsed="0.000397"/>
</kw>
<kw name="Log" owner="BuiltIn">
<msg time="2024-07-31T05:13:13.137721" level="INFO">{'gender': 'female', 'name': {'title': 'Ms', 'first': 'Liepa', 'last': 'Kolstø'}, 'location': {'street': {'number': 7631, 'name': 'Lundåsveien'}, 'city': 'Veggli', 'state': 'Nord-Trøndelag', 'country': 'Norway', 'postcode': '7950', 'coordinates': {'latitude': '38.8775', 'longitude': '121.8913'}, 'timezone': {'offset': '-1:00', 'description': 'Azores, Cape Verde Islands'}}, 'email': 'liepa.kolsto@example.com', 'login': {'uuid': '87b6c8e7-62ea-40ee-aca5-2018297280c8', 'username': 'greendog133', 'password': 'pamela', 'salt': 'k3Mc54AV', 'md5': 'e4fd2611bea3c5484015332c2d9e036c', 'sha1': '267809a9237efc4a81da5c1cc2e01b0cc42db33d', 'sha256': '2ada47bbae25f8bd058c5937965b531f6df3eade962ee7d0d8b5591ecc1c2ff2'}, 'dob': {'date': '1949-04-04T09:58:36.875Z', 'age': 75}, 'registered': {'date': '2013-07-14T18:21:48.807Z', 'age': 11}, 'phone': '64150857', 'cell': '95865623', 'id': {'name': 'FN', 'value': '04044916083'}, 'picture': {'large': 'https://randomuser.me/api/portraits/women/13.jpg', 'medium': 'https://randomuser.me/api/portraits/med/women/13.jpg', 'thumbnail': 'https://randomuser.me/api/portraits/thumb/women/13.jpg'}, 'nat': 'NO'}</msg>
<arg>${json_data['results'][0]}</arg>
<doc>Logs the given message with the given level.</doc>
<status status="PASS" start="2024-07-31T05:13:13.137364" elapsed="0.000416"/>
</kw>
<kw name="Log" owner="BuiltIn">
<msg time="2024-07-31T05:13:13.138206" level="INFO">email</msg>
<arg>${key}</arg>
<doc>Logs the given message with the given level.</doc>
<status status="PASS" start="2024-07-31T05:13:13.138075" elapsed="0.000169"/>
</kw>
<var name="${key}">email</var>
<status status="PASS" start="2024-07-31T05:13:13.136558" elapsed="0.001900"/>
</iter>
<iter>
<kw name="Dictionary Should Contain Key" owner="Collections">
<arg>${json_data['results'][0]}</arg>
<arg>${key}</arg>
<doc>Fails if ``key`` is not found from ``dictionary``.</doc>
<status status="PASS" start="2024-07-31T05:13:13.138742" elapsed="0.000380"/>
</kw>
<kw name="Log" owner="BuiltIn">
<msg time="2024-07-31T05:13:13.139652" level="INFO">{'gender': 'female', 'name': {'title': 'Ms', 'first': 'Liepa', 'last': 'Kolstø'}, 'location': {'street': {'number': 7631, 'name': 'Lundåsveien'}, 'city': 'Veggli', 'state': 'Nord-Trøndelag', 'country': 'Norway', 'postcode': '7950', 'coordinates': {'latitude': '38.8775', 'longitude': '121.8913'}, 'timezone': {'offset': '-1:00', 'description': 'Azores, Cape Verde Islands'}}, 'email': 'liepa.kolsto@example.com', 'login': {'uuid': '87b6c8e7-62ea-40ee-aca5-2018297280c8', 'username': 'greendog133', 'password': 'pamela', 'salt': 'k3Mc54AV', 'md5': 'e4fd2611bea3c5484015332c2d9e036c', 'sha1': '267809a9237efc4a81da5c1cc2e01b0cc42db33d', 'sha256': '2ada47bbae25f8bd058c5937965b531f6df3eade962ee7d0d8b5591ecc1c2ff2'}, 'dob': {'date': '1949-04-04T09:58:36.875Z', 'age': 75}, 'registered': {'date': '2013-07-14T18:21:48.807Z', 'age': 11}, 'phone': '64150857', 'cell': '95865623', 'id': {'name': 'FN', 'value': '04044916083'}, 'picture': {'large': 'https://randomuser.me/api/portraits/women/13.jpg', 'medium': 'https://randomuser.me/api/portraits/med/women/13.jpg', 'thumbnail': 'https://randomuser.me/api/portraits/thumb/women/13.jpg'}, 'nat': 'NO'}</msg>
<arg>${json_data['results'][0]}</arg>
<doc>Logs the given message with the given level.</doc>
<status status="PASS" start="2024-07-31T05:13:13.139303" elapsed="0.000397"/>
</kw>
<kw name="Log" owner="BuiltIn">
<msg time="2024-07-31T05:13:13.140143" level="INFO">login</msg>
<arg>${key}</arg>
<doc>Logs the given message with the given level.</doc>
<status status="PASS" start="2024-07-31T05:13:13.139993" elapsed="0.000189"/>
</kw>
<var name="${key}">login</var>
<status status="PASS" start="2024-07-31T05:13:13.138634" elapsed="0.001763"/>
</iter>
<var>${key}</var>
<value>@{expected_keys}</value>
<status status="PASS" start="2024-07-31T05:13:13.130201" elapsed="0.010316"/>
</for>
<kw name="Create List" owner="BuiltIn">
<msg time="2024-07-31T05:13:13.140842" level="INFO">${expected_keysTwo} = ['username', 'password']</msg>
<var>${expected_keysTwo}</var>
<arg>username</arg>
<arg>password</arg>
<doc>Returns a list containing given items.</doc>
<status status="PASS" start="2024-07-31T05:13:13.140703" elapsed="0.000163"/>
</kw>
<for flavor="IN">
<iter>
<kw name="Dictionary Should Contain Key" owner="Collections">
<arg>${json_data['results'][0]['login']}</arg>
<arg>${keyTwo}</arg>
<doc>Fails if ``key`` is not found from ``dictionary``.</doc>
<status status="PASS" start="2024-07-31T05:13:13.141390" elapsed="0.000392"/>
</kw>
<kw name="Dictionary Should Contain Key" owner="Collections">
<arg>${json_data['results'][0]['login']}</arg>
<arg>${keyTwo}</arg>
<doc>Fails if ``key`` is not found from ``dictionary``.</doc>
<status status="PASS" start="2024-07-31T05:13:13.141970" elapsed="0.000377"/>
</kw>
<kw name="Log" owner="BuiltIn">
<msg time="2024-07-31T05:13:13.142643" level="INFO">username</msg>
<arg>${keyTwo}</arg>
<doc>Logs the given message with the given level.</doc>
<status status="PASS" start="2024-07-31T05:13:13.142524" elapsed="0.000156"/>
</kw>
<var name="${keyTwo}">username</var>
<status status="PASS" start="2024-07-31T05:13:13.141283" elapsed="0.001616"/>
</iter>
<iter>
<kw name="Dictionary Should Contain Key" owner="Collections">
<arg>${json_data['results'][0]['login']}</arg>
<arg>${keyTwo}</arg>
<doc>Fails if ``key`` is not found from ``dictionary``.</doc>
<status status="PASS" start="2024-07-31T05:13:13.143180" elapsed="0.000375"/>
</kw>
<kw name="Dictionary Should Contain Key" owner="Collections">
<arg>${json_data['results'][0]['login']}</arg>
<arg>${keyTwo}</arg>
<doc>Fails if ``key`` is not found from ``dictionary``.</doc>
<status status="PASS" start="2024-07-31T05:13:13.143730" elapsed="0.000401"/>
</kw>
<kw name="Log" owner="BuiltIn">
<msg time="2024-07-31T05:13:13.144443" level="INFO">password</msg>
<arg>${keyTwo}</arg>
<doc>Logs the given message with the given level.</doc>
<status status="PASS" start="2024-07-31T05:13:13.144319" elapsed="0.000162"/>
</kw>
<var name="${keyTwo}">password</var>
<status status="PASS" start="2024-07-31T05:13:13.143070" elapsed="0.001628"/>
</iter>
<var>${keyTwo}</var>
<value>@{expected_keysTwo}</value>
<status status="PASS" start="2024-07-31T05:13:13.141128" elapsed="0.003690"/>
</for>
<status status="PASS" start="2024-07-31T05:13:13.024196" elapsed="0.120777"/>
</kw>
<doc>Testa a estrutura da resposta da API.</doc>
<tag>testeEstruturaResposta</tag>
<status status="PASS" start="2024-07-31T05:13:13.023664" elapsed="0.121469"/>
</test>
<test id="s1-s1-t4" name="Validar tipos de dados" line="28">
<kw name="Teste de Tipos de Dados" owner="random-user-service">
<kw name="GET On Session" owner="RequestsLibrary">
<msg time="2024-07-31T05:13:13.217520" level="INFO">GET Request : url=https://randomuser.me/api 
 path_url=/api 
 headers={'User-Agent': 'python-requests/2.32.3', 'Accept-Encoding': 'gzip, deflate', 'Accept': '*/*', 'Connection': 'keep-alive'} 
 body=None 
 </msg>
<msg time="2024-07-31T05:13:13.217680" level="INFO">GET Response : url=https://randomuser.me/api 
 status=200, reason=OK 
 headers={'Date': 'Wed, 31 Jul 2024 05:13:13 GMT', 'Content-Type': 'application/json; charset=utf-8', 'Transfer-Encoding': 'chunked', 'Connection': 'keep-alive', 'X-Powered-By': 'Express', 'Access-Control-Allow-Origin': '*', 'Cache-Control': 'no-cache', 'ETag': 'W/"4a1-35/CL08FylfsAD7ENbtAbVS0JDs"', 'Vary': 'Accept-Encoding', 'Content-Encoding': 'gzip', 'CF-Cache-Status': 'DYNAMIC', 'Report-To': '{"endpoints":[{"url":"https:\\/\\/a.nel.cloudflare.com\\/report\\/v4?s=wtGl0Tbtu6aUpiVzKKRZY%2BimcdwNz2ljU0oUXrWNiWO2fcwUBuufiCSjEbw6%2FwmJyvGe03xU%2BhEb%2BzibS2sVkVDdPHMx77UAAub093v5OSLBIj%2F5gXFBjWUyJ0nn4mx6"}],"group":"cf-nel","max_age":604800}', 'NEL': '{"success_fraction":0,"report_to":"cf-nel","max_age":604800}', 'Server': 'cloudflare', 'CF-RAY': '8abb19112cf52ab6-ORD', 'alt-svc': 'h3=":443"; ma=86400'} 
 body={"results":[{"gender":"female","name":{"title":"Miss","first":"Aino","last":"Wirta"},"location":{"street":{"number":9192,"name":"Aleksanterinkatu"},"city":"Kauhajoki","state":"Lapland","country":"Finland","postcode":84040,"coordinates":{"latitude":"-28.1198","longitude":"106.0063"},"timezone":{"offset":"+3:00","description":"Baghdad, Riyadh, Moscow, St. Petersburg"}},"email":"aino.wirta@example.com","login":{"uuid":"0f39e044-d6a1-435f-91db-136b513ee92f","username":"redbutterfly272","password":"suburban","salt":"zOhpv7Kh","md5":"fa3786374ff6e6a49a39a27b5c31e7bf","sha1":"8f84c674491c897fb808e13f9bd3ec10ebc90dd5","sha256":"481dd169234da251e0a01f504e1dd884cc6e9676c62ca33cba074c43a0588b39"},"dob":{"date":"1966-04-07T21:13:03.600Z","age":58},"registered":{"date":"2016-05-24T05:59:06.561Z","age":8},"phone":"02-299-519","cell":"044-424-74-59","id":{"name":"HETU","value":"NaNNA344undefined"},"picture":{"large":"https://randomuser.me/api/portraits/women/33.jpg","medium":"https://randomuser.me/api/portraits/med/women/33.jpg","thumbnail":"https://randomuser.me/api/portraits/thumb/women/33.jpg"},"nat":"FI"}],"info":{"seed":"b7ce5c42ac0b24f4","results":1,"page":1,"version":"1.4"}} 
 </msg>
<msg time="2024-07-31T05:13:13.217802" level="INFO">/opt/hostedtoolcache/Python/3.12.4/x64/lib/python3.12/site-packages/urllib3/connectionpool.py:1099: InsecureRequestWarning: Unverified HTTPS request is being made to host 'randomuser.me'. Adding certificate verification is strongly advised. See: https://urllib3.readthedocs.io/en/latest/advanced-usage.html#tls-warnings
  warnings.warn(</msg>
<msg time="2024-07-31T05:13:13.217948" level="INFO">${response} = &lt;Response [200]&gt;</msg>
<var>${response}</var>
<arg>consultarAPI</arg>
<arg>/api</arg>
<doc>Sends a GET request on a previously created HTTP Session.</doc>
<status status="PASS" start="2024-07-31T05:13:13.147563" elapsed="0.070431"/>
</kw>
<kw name="Set Variable" owner="BuiltIn">
<msg time="2024-07-31T05:13:13.218994" level="INFO">${json_data} = {'results': [{'gender': 'female', 'name': {'title': 'Miss', 'first': 'Aino', 'last': 'Wirta'}, 'location': {'street': {'number': 9192, 'name': 'Aleksanterinkatu'}, 'city': 'Kauhajoki', 'state': 'Lapla...</msg>
<var>${json_data}</var>
<arg>${response.json()}</arg>
<doc>Returns the given values which can then be assigned to a variables.</doc>
<status status="PASS" start="2024-07-31T05:13:13.218529" elapsed="0.000494"/>
</kw>
<kw name="Log" owner="BuiltIn">
<msg time="2024-07-31T05:13:13.219475" level="INFO">{'results': [{'gender': 'female', 'name': {'title': 'Miss', 'first': 'Aino', 'last': 'Wirta'}, 'location': {'street': {'number': 9192, 'name': 'Aleksanterinkatu'}, 'city': 'Kauhajoki', 'state': 'Lapland', 'country': 'Finland', 'postcode': 84040, 'coordinates': {'latitude': '-28.1198', 'longitude': '106.0063'}, 'timezone': {'offset': '+3:00', 'description': 'Baghdad, Riyadh, Moscow, St. Petersburg'}}, 'email': 'aino.wirta@example.com', 'login': {'uuid': '0f39e044-d6a1-435f-91db-136b513ee92f', 'username': 'redbutterfly272', 'password': 'suburban', 'salt': 'zOhpv7Kh', 'md5': 'fa3786374ff6e6a49a39a27b5c31e7bf', 'sha1': '8f84c674491c897fb808e13f9bd3ec10ebc90dd5', 'sha256': '481dd169234da251e0a01f504e1dd884cc6e9676c62ca33cba074c43a0588b39'}, 'dob': {'date': '1966-04-07T21:13:03.600Z', 'age': 58}, 'registered': {'date': '2016-05-24T05:59:06.561Z', 'age': 8}, 'phone': '02-299-519', 'cell': '044-424-74-59', 'id': {'name': 'HETU', 'value': 'NaNNA344undefined'}, 'picture': {'large': 'https://randomuser.me/api/portraits/women/33.jpg', 'medium': 'https://randomuser.me/api/portraits/med/women/33.jpg', 'thumbnail': 'https://randomuser.me/api/portraits/thumb/women/33.jpg'}, 'nat': 'FI'}], 'info': {'seed': 'b7ce5c42ac0b24f4', 'results': 1, 'page': 1, 'version': '1.4'}}</msg>
<arg>${json_data}</arg>
<doc>Logs the given message with the given level.</doc>
<status status="PASS" start="2024-07-31T05:13:13.219325" elapsed="0.000198"/>
</kw>
<kw name="Should Be String" owner="String">
<arg>${json_data['results'][0]['gender']}</arg>
<doc>Fails if the given ``item`` is not a string.</doc>
<status status="PASS" start="2024-07-31T05:13:13.219807" elapsed="0.000394"/>
</kw>
<kw name="Should Match Regexp" owner="BuiltIn">
<arg>${json_data['results'][0]['email']}</arg>
<arg>^[a-zA-Z0-9._%+-]+@[a-zA-Z0-9.-]+\.[a-zA-Z]{2,}$</arg>
<doc>Fails if ``string`` does not match ``pattern`` as a regular expression.</doc>
<status status="PASS" start="2024-07-31T05:13:13.220389" elapsed="0.000514"/>
</kw>
<kw name="Should Match Regexp" owner="BuiltIn">
<arg>${json_data['results'][0]['dob']['date']}</arg>
<arg>\\d{4}-\\d{2}-\\d{2}T\\d{2}:\\d{2}:\\d{2}\\.\\d{3}Z</arg>
<doc>Fails if ``string`` does not match ``pattern`` as a regular expression.</doc>
<status status="PASS" start="2024-07-31T05:13:13.221131" elapsed="0.000601"/>
</kw>
<kw name="Should Match Regexp" owner="BuiltIn">
<arg>${json_data['results'][0]['registered']['date']}</arg>
<arg>\\d{4}-\\d{2}-\\d{2}T\\d{2}:\\d{2}:\\d{2}\\.\\d{3}Z</arg>
<doc>Fails if ``string`` does not match ``pattern`` as a regular expression.</doc>
<status status="PASS" start="2024-07-31T05:13:13.221921" elapsed="0.000363"/>
</kw>
<kw name="Should Match Regexp" owner="BuiltIn">
<arg>${json_data['results'][0]['picture']['large']}</arg>
<arg>^https?://.*\.(?:png|jpe?g|gif|bmp)$</arg>
<doc>Fails if ``string`` does not match ``pattern`` as a regular expression.</doc>
<status status="PASS" start="2024-07-31T05:13:13.222467" elapsed="0.000451"/>
</kw>
<kw name="Should Match Regexp" owner="BuiltIn">
<arg>${json_data['results'][0]['picture']['medium']}</arg>
<arg>^https?://.*\.(?:png|jpe?g|gif|bmp)$</arg>
<doc>Fails if ``string`` does not match ``pattern`` as a regular expression.</doc>
<status status="PASS" start="2024-07-31T05:13:13.223101" elapsed="0.000350"/>
</kw>
<kw name="Should Match Regexp" owner="BuiltIn">
<arg>${json_data['results'][0]['picture']['thumbnail']}</arg>
<arg>^https?://.*\.(?:png|jpe?g|gif|bmp)$</arg>
<doc>Fails if ``string`` does not match ``pattern`` as a regular expression.</doc>
<status status="PASS" start="2024-07-31T05:13:13.223634" elapsed="0.000343"/>
</kw>
<kw name="Log" owner="BuiltIn">
<msg time="2024-07-31T05:13:13.224515" level="INFO">{'large': 'https://randomuser.me/api/portraits/women/33.jpg', 'medium': 'https://randomuser.me/api/portraits/med/women/33.jpg', 'thumbnail': 'https://randomuser.me/api/portraits/thumb/women/33.jpg'}</msg>
<arg>${json_data['results'][0]['picture']}</arg>
<doc>Logs the given message with the given level.</doc>
<status status="PASS" start="2024-07-31T05:13:13.224193" elapsed="0.000363"/>
</kw>
<status status="PASS" start="2024-07-31T05:13:13.147340" elapsed="0.077484"/>
</kw>
<kw name="Teste de Tipos de Dados - Postcode" owner="random-user-service">
<kw name="GET On Session" owner="RequestsLibrary">
<msg time="2024-07-31T05:13:13.328033" level="INFO">GET Request : url=https://randomuser.me/api 
 path_url=/api 
 headers={'User-Agent': 'python-requests/2.32.3', 'Accept-Encoding': 'gzip, deflate', 'Accept': '*/*', 'Connection': 'keep-alive'} 
 body=None 
 </msg>
<msg time="2024-07-31T05:13:13.328158" level="INFO">GET Response : url=https://randomuser.me/api 
 status=200, reason=OK 
 headers={'Date': 'Wed, 31 Jul 2024 05:13:13 GMT', 'Content-Type': 'application/json; charset=utf-8', 'Transfer-Encoding': 'chunked', 'Connection': 'keep-alive', 'X-Powered-By': 'Express', 'Access-Control-Allow-Origin': '*', 'Cache-Control': 'no-cache', 'ETag': 'W/"47b-LR0q8KOE53AkbSHXB0xUxQ7oMME"', 'Vary': 'Accept-Encoding', 'Content-Encoding': 'gzip', 'CF-Cache-Status': 'DYNAMIC', 'Report-To': '{"endpoints":[{"url":"https:\\/\\/a.nel.cloudflare.com\\/report\\/v4?s=6zb1QQXLX%2Bj6wx0irWcmX9YNWeLeJl%2BJjGJemjL5gt%2BmggPvpcYTPNQ3eUqsblwKMG19HyhpkElbZYLixUlEWQeA9IKrkohlbRny6%2FSjmazV3Prab6m40DhEwSpHo1v5"}],"group":"cf-nel","max_age":604800}', 'NEL': '{"success_fraction":0,"report_to":"cf-nel","max_age":604800}', 'Server': 'cloudflare', 'CF-RAY': '8abb1911ad4e2ab6-ORD', 'alt-svc': 'h3=":443"; ma=86400'} 
 body={"results":[{"gender":"female","name":{"title":"Ms","first":"Alberte","last":"Sørensen"},"location":{"street":{"number":7482,"name":"Marievej"},"city":"Nørrebro","state":"Danmark","country":"Denmark","postcode":40617,"coordinates":{"latitude":"-43.2450","longitude":"97.8618"},"timezone":{"offset":"+9:30","description":"Adelaide, Darwin"}},"email":"alberte.sorensen@example.com","login":{"uuid":"0efeb891-5e31-4e61-a65e-d9e3b3846f4e","username":"tinysnake631","password":"egghead","salt":"5mh6Ae5z","md5":"e5aa43773d65e6458172ee6ee24cbf51","sha1":"9b0ce45cfc0c81d07a69be85220941b22d354f13","sha256":"162ca2df14010fa20eaba65701a3914febaab30722c02f9ea49d649beeb9f1a9"},"dob":{"date":"1995-03-03T02:29:01.358Z","age":29},"registered":{"date":"2006-12-26T16:25:43.262Z","age":17},"phone":"25349290","cell":"15422917","id":{"name":"CPR","value":"020395-0335"},"picture":{"large":"https://randomuser.me/api/portraits/women/72.jpg","medium":"https://randomuser.me/api/portraits/med/women/72.jpg","thumbnail":"https://randomuser.me/api/portraits/thumb/women/72.jpg"},"nat":"DK"}],"info":{"seed":"4b563d55b4b5bee7","results":1,"page":1,"version":"1.4"}} 
 </msg>
<msg time="2024-07-31T05:13:13.328231" level="INFO">/opt/hostedtoolcache/Python/3.12.4/x64/lib/python3.12/site-packages/urllib3/connectionpool.py:1099: InsecureRequestWarning: Unverified HTTPS request is being made to host 'randomuser.me'. Adding certificate verification is strongly advised. See: https://urllib3.readthedocs.io/en/latest/advanced-usage.html#tls-warnings
  warnings.warn(</msg>
<msg time="2024-07-31T05:13:13.328342" level="INFO">${response} = &lt;Response [200]&gt;</msg>
<var>${response}</var>
<arg>consultarAPI</arg>
<arg>/api</arg>
<doc>Sends a GET request on a previously created HTTP Session.</doc>
<status status="PASS" start="2024-07-31T05:13:13.225269" elapsed="0.103121"/>
</kw>
<kw name="Set Variable" owner="BuiltIn">
<msg time="2024-07-31T05:13:13.329395" level="INFO">${json_data} = {'results': [{'gender': 'female', 'name': {'title': 'Ms', 'first': 'Alberte', 'last': 'Sørensen'}, 'location': {'street': {'number': 7482, 'name': 'Marievej'}, 'city': 'Nørrebro', 'state': 'Danmark', ...</msg>
<var>${json_data}</var>
<arg>${response.json()}</arg>
<doc>Returns the given values which can then be assigned to a variables.</doc>
<status status="PASS" start="2024-07-31T05:13:13.328880" elapsed="0.000544"/>
</kw>
<kw name="Log" owner="BuiltIn">
<msg time="2024-07-31T05:13:13.329885" level="INFO">{'results': [{'gender': 'female', 'name': {'title': 'Ms', 'first': 'Alberte', 'last': 'Sørensen'}, 'location': {'street': {'number': 7482, 'name': 'Marievej'}, 'city': 'Nørrebro', 'state': 'Danmark', 'country': 'Denmark', 'postcode': 40617, 'coordinates': {'latitude': '-43.2450', 'longitude': '97.8618'}, 'timezone': {'offset': '+9:30', 'description': 'Adelaide, Darwin'}}, 'email': 'alberte.sorensen@example.com', 'login': {'uuid': '0efeb891-5e31-4e61-a65e-d9e3b3846f4e', 'username': 'tinysnake631', 'password': 'egghead', 'salt': '5mh6Ae5z', 'md5': 'e5aa43773d65e6458172ee6ee24cbf51', 'sha1': '9b0ce45cfc0c81d07a69be85220941b22d354f13', 'sha256': '162ca2df14010fa20eaba65701a3914febaab30722c02f9ea49d649beeb9f1a9'}, 'dob': {'date': '1995-03-03T02:29:01.358Z', 'age': 29}, 'registered': {'date': '2006-12-26T16:25:43.262Z', 'age': 17}, 'phone': '25349290', 'cell': '15422917', 'id': {'name': 'CPR', 'value': '020395-0335'}, 'picture': {'large': 'https://randomuser.me/api/portraits/women/72.jpg', 'medium': 'https://randomuser.me/api/portraits/med/women/72.jpg', 'thumbnail': 'https://randomuser.me/api/portraits/thumb/women/72.jpg'}, 'nat': 'DK'}], 'info': {'seed': '4b563d55b4b5bee7', 'results': 1, 'page': 1, 'version': '1.4'}}</msg>
<arg>${json_data}</arg>
<doc>Logs the given message with the given level.</doc>
<status status="PASS" start="2024-07-31T05:13:13.329730" elapsed="0.000213"/>
</kw>
<kw name="Should Be Equal As Numbers" owner="BuiltIn">
<arg>${json_data['results'][0]['location']['postcode']}</arg>
<arg>${json_data['results'][0]['location']['postcode']}</arg>
<doc>Fails if objects are unequal after converting them to real numbers.</doc>
<status status="PASS" start="2024-07-31T05:13:13.330231" elapsed="0.000624"/>
</kw>
<kw name="Log" owner="BuiltIn">
<msg time="2024-07-31T05:13:13.331377" level="INFO">40617</msg>
<arg>${json_data['results'][0]['location']['postcode']}</arg>
<doc>Logs the given message with the given level.</doc>
<status status="PASS" start="2024-07-31T05:13:13.331045" elapsed="0.000372"/>
</kw>
<status status="PASS" start="2024-07-31T05:13:13.225040" elapsed="0.106651"/>
</kw>
<doc>Testa se os tipos de dados na resposta da API estão corretos.</doc>
<tag>testeTiposDados</tag>
<status status="PASS" start="2024-07-31T05:13:13.146871" elapsed="0.184984"/>
</test>
<test id="s1-s1-t5" name="Validar conteudo" line="35">
<kw name="Teste de Tipos de Conteudo" owner="random-user-service">
<kw name="GET On Session" owner="RequestsLibrary">
<msg time="2024-07-31T05:13:13.421324" level="INFO">GET Request : url=https://randomuser.me/api 
 path_url=/api 
 headers={'User-Agent': 'python-requests/2.32.3', 'Accept-Encoding': 'gzip, deflate', 'Accept': '*/*', 'Connection': 'keep-alive'} 
 body=None 
 </msg>
<msg time="2024-07-31T05:13:13.421402" level="INFO">GET Response : url=https://randomuser.me/api 
 status=200, reason=OK 
 headers={'Date': 'Wed, 31 Jul 2024 05:13:13 GMT', 'Content-Type': 'application/json; charset=utf-8', 'Transfer-Encoding': 'chunked', 'Connection': 'keep-alive', 'X-Powered-By': 'Express', 'Access-Control-Allow-Origin': '*', 'Cache-Control': 'no-cache', 'ETag': 'W/"4a4-b2ntL+6TpVEps+5qFjYmuGFSqrs"', 'Vary': 'Accept-Encoding', 'Content-Encoding': 'gzip', 'CF-Cache-Status': 'DYNAMIC', 'Report-To': '{"endpoints":[{"url":"https:\\/\\/a.nel.cloudflare.com\\/report\\/v4?s=iM8U08NaskObyvGwZ0QHv1CEuHT9rR4iurRe2SBCp3%2BMbFCEdWzNh%2Fa7%2BYIaJlHDpZDaXC20I1EHxzoik080v3VWlpG5nCoqEO9%2BujI4nntaI35m9rLmepIK9W4kylED"}],"group":"cf-nel","max_age":604800}', 'NEL': '{"success_fraction":0,"report_to":"cf-nel","max_age":604800}', 'Server': 'cloudflare', 'CF-RAY': '8abb19125dcc2ab6-ORD', 'alt-svc': 'h3=":443"; ma=86400'} 
 body={"results":[{"gender":"female","name":{"title":"Mrs","first":"Sophie","last":"West"},"location":{"street":{"number":5832,"name":"Alexander Road"},"city":"Lincoln","state":"Strathclyde","country":"United Kingdom","postcode":"X5 4ZU","coordinates":{"latitude":"-7.3444","longitude":"42.0451"},"timezone":{"offset":"-6:00","description":"Central Time (US &amp; Canada), Mexico City"}},"email":"sophie.west@example.com","login":{"uuid":"ef83907d-01e0-4a27-bfe6-cd9bc3a90523","username":"happyrabbit855","password":"target","salt":"h4bNjB77","md5":"95ce59d4542f129d50846f39084c363c","sha1":"59f49bdcc93aa6a35c20ba1587bbf7b04767ab8c","sha256":"02393ee6ca0ef410feffb53f8ea44b98c58c99a363a55ce4b42889d62da3ed62"},"dob":{"date":"1977-11-15T00:44:41.153Z","age":46},"registered":{"date":"2016-05-16T22:36:37.024Z","age":8},"phone":"016974 02465","cell":"07047 542770","id":{"name":"NINO","value":"WH 32 30 40 J"},"picture":{"large":"https://randomuser.me/api/portraits/women/73.jpg","medium":"https://randomuser.me/api/portraits/med/women/73.jpg","thumbnail":"https://randomuser.me/api/portraits/thumb/women/73.jpg"},"nat":"GB"}],"info":{"seed":"86a4ea996dcad88c","results":1,"page":1,"version":"1.4"}} 
 </msg>
<msg time="2024-07-31T05:13:13.421474" level="INFO">/opt/hostedtoolcache/Python/3.12.4/x64/lib/python3.12/site-packages/urllib3/connectionpool.py:1099: InsecureRequestWarning: Unverified HTTPS request is being made to host 'randomuser.me'. Adding certificate verification is strongly advised. See: https://urllib3.readthedocs.io/en/latest/advanced-usage.html#tls-warnings
  warnings.warn(</msg>
<msg time="2024-07-31T05:13:13.421583" level="INFO">${response} = &lt;Response [200]&gt;</msg>
<var>${response}</var>
<arg>consultarAPI</arg>
<arg>/api</arg>
<doc>Sends a GET request on a previously created HTTP Session.</doc>
<status status="PASS" start="2024-07-31T05:13:13.334612" elapsed="0.087020"/>
</kw>
<kw name="Set Variable" owner="BuiltIn">
<msg time="2024-07-31T05:13:13.422579" level="INFO">${json_data} = {'results': [{'gender': 'female', 'name': {'title': 'Mrs', 'first': 'Sophie', 'last': 'West'}, 'location': {'street': {'number': 5832, 'name': 'Alexander Road'}, 'city': 'Lincoln', 'state': 'Strathcly...</msg>
<var>${json_data}</var>
<arg>${response.json()}</arg>
<doc>Returns the given values which can then be assigned to a variables.</doc>
<status status="PASS" start="2024-07-31T05:13:13.422086" elapsed="0.000521"/>
</kw>
<kw name="Set Variable" owner="BuiltIn">
<msg time="2024-07-31T05:13:13.423303" level="INFO">${name_title} = Mrs</msg>
<var>${name_title}</var>
<arg>${json_data["results"][0]["name"]["title"]}</arg>
<doc>Returns the given values which can then be assigned to a variables.</doc>
<status status="PASS" start="2024-07-31T05:13:13.422921" elapsed="0.000407"/>
</kw>
<kw name="Create List" owner="BuiltIn">
<msg time="2024-07-31T05:13:13.423766" level="INFO">${allowed_titles} = ['Mr', 'Ms', 'Miss', 'Mrs', 'Madame', 'Monsieur']</msg>
<var>${allowed_titles}</var>
<arg>Mr</arg>
<arg>Ms</arg>
<arg>Miss</arg>
<arg>Mrs</arg>
<arg>Madame</arg>
<arg>Monsieur</arg>
<doc>Returns a list containing given items.</doc>
<status status="PASS" start="2024-07-31T05:13:13.423619" elapsed="0.000172"/>
</kw>
<kw name="List Should Contain Value" owner="Collections">
<arg>${allowed_titles}</arg>
<arg>${name_title}</arg>
<doc>Fails if the ``value`` is not found from ``list``.</doc>
<status status="PASS" start="2024-07-31T05:13:13.424147" elapsed="0.000209"/>
</kw>
<kw name="Set Variable" owner="BuiltIn">
<msg time="2024-07-31T05:13:13.424914" level="INFO">${name_country} = GB</msg>
<var>${name_country}</var>
<arg>${json_data["results"][0]["nat"]}</arg>
<doc>Returns the given values which can then be assigned to a variables.</doc>
<status status="PASS" start="2024-07-31T05:13:13.424544" elapsed="0.000396"/>
</kw>
<kw name="Create List" owner="BuiltIn">
<msg time="2024-07-31T05:13:13.425822" level="INFO">${list_country} = ['AD', 'AE', 'AF', 'AG', 'AI', 'AL', 'AM', 'AO', 'AQ', 'AR', 'AS', 'AT', 'AU', 'AW', 'AX', 'AZ', 'BA', 'BB', 'BD', 'BE', 'BF', 'BG', 'BH', 'BI', 'BJ', 'BL', 'BM', 'BN', 'BO', 'BQ', 'BR', 'BS', 'BT', '...</msg>
<var>${list_country}</var>
<arg>AD</arg>
<arg>AE</arg>
<arg>AF</arg>
<arg>AG</arg>
<arg>AI</arg>
<arg>AL</arg>
<arg>AM</arg>
<arg>AO</arg>
<arg>AQ</arg>
<arg>AR</arg>
<arg>AS</arg>
<arg>AT</arg>
<arg>AU</arg>
<arg>AW</arg>
<arg>AX</arg>
<arg>AZ</arg>
<arg>BA</arg>
<arg>BB</arg>
<arg>BD</arg>
<arg>BE</arg>
<arg>BF</arg>
<arg>BG</arg>
<arg>BH</arg>
<arg>BI</arg>
<arg>BJ</arg>
<arg>BL</arg>
<arg>BM</arg>
<arg>BN</arg>
<arg>BO</arg>
<arg>BQ</arg>
<arg>BR</arg>
<arg>BS</arg>
<arg>BT</arg>
<arg>BV</arg>
<arg>BW</arg>
<arg>BY</arg>
<arg>BZ</arg>
<arg>CA</arg>
<arg>CC</arg>
<arg>CD</arg>
<arg>CF</arg>
<arg>CG</arg>
<arg>CH</arg>
<arg>CI</arg>
<arg>CK</arg>
<arg>CL</arg>
<arg>CM</arg>
<arg>CN</arg>
<arg>CO</arg>
<arg>CR</arg>
<arg>CU</arg>
<arg>CV</arg>
<arg>CW</arg>
<arg>CX</arg>
<arg>CY</arg>
<arg>CZ</arg>
<arg>DE</arg>
<arg>DJ</arg>
<arg>DK</arg>
<arg>DM</arg>
<arg>DO</arg>
<arg>DZ</arg>
<arg>EC</arg>
<arg>EE</arg>
<arg>EG</arg>
<arg>EH</arg>
<arg>ER</arg>
<arg>ES</arg>
<arg>ET</arg>
<arg>FI</arg>
<arg>FJ</arg>
<arg>FK</arg>
<arg>FM</arg>
<arg>FO</arg>
<arg>FR</arg>
<arg>GA</arg>
<arg>GB</arg>
<arg>GD</arg>
<arg>GE</arg>
<arg>GF</arg>
<arg>GG</arg>
<arg>GH</arg>
<arg>GI</arg>
<arg>GL</arg>
<arg>GM</arg>
<arg>GN</arg>
<arg>GP</arg>
<arg>GQ</arg>
<arg>GR</arg>
<arg>GS</arg>
<arg>GT</arg>
<arg>GU</arg>
<arg>GW</arg>
<arg>GY</arg>
<arg>HK</arg>
<arg>HM</arg>
<arg>HN</arg>
<arg>HR</arg>
<arg>HT</arg>
<arg>HU</arg>
<arg>ID</arg>
<arg>IE</arg>
<arg>IL</arg>
<arg>IM</arg>
<arg>IN</arg>
<arg>IO</arg>
<arg>IQ</arg>
<arg>IR</arg>
<arg>IS</arg>
<arg>IT</arg>
<arg>JE</arg>
<arg>JM</arg>
<arg>JO</arg>
<arg>JP</arg>
<arg>KE</arg>
<arg>KG</arg>
<arg>KH</arg>
<arg>KI</arg>
<arg>KM</arg>
<arg>KN</arg>
<arg>KP</arg>
<arg>KR</arg>
<arg>KW</arg>
<arg>KY</arg>
<arg>KZ</arg>
<arg>LA</arg>
<arg>LB</arg>
<arg>LC</arg>
<arg>LI</arg>
<arg>LK</arg>
<arg>LR</arg>
<arg>LS</arg>
<arg>LT</arg>
<arg>LU</arg>
<arg>LV</arg>
<arg>LY</arg>
<arg>MA</arg>
<arg>MC</arg>
<arg>MD</arg>
<arg>ME</arg>
<arg>MF</arg>
<arg>MG</arg>
<arg>MH</arg>
<arg>MK</arg>
<arg>ML</arg>
<arg>MM</arg>
<arg>MN</arg>
<arg>MO</arg>
<arg>MP</arg>
<arg>MQ</arg>
<arg>MR</arg>
<arg>MS</arg>
<arg>MT</arg>
<arg>MU</arg>
<arg>MV</arg>
<arg>MW</arg>
<arg>MX</arg>
<arg>MY</arg>
<arg>MZ</arg>
<arg>NA</arg>
<arg>NC</arg>
<arg>NE</arg>
<arg>NF</arg>
<arg>NG</arg>
<arg>NI</arg>
<arg>NL</arg>
<arg>NO</arg>
<arg>NP</arg>
<arg>NR</arg>
<arg>NU</arg>
<arg>NZ</arg>
<arg>OM</arg>
<arg>PA</arg>
<arg>PE</arg>
<arg>PF</arg>
<arg>PG</arg>
<arg>PH</arg>
<arg>PK</arg>
<arg>PL</arg>
<arg>PM</arg>
<arg>PN</arg>
<arg>PR</arg>
<arg>PS</arg>
<arg>PT</arg>
<arg>PW</arg>
<arg>PY</arg>
<arg>QA</arg>
<arg>RE</arg>
<arg>RO</arg>
<arg>RS</arg>
<arg>RU</arg>
<arg>RW</arg>
<arg>SA</arg>
<arg>SB</arg>
<arg>SC</arg>
<arg>SD</arg>
<arg>SE</arg>
<arg>SG</arg>
<arg>SH</arg>
<arg>SI</arg>
<arg>SJ</arg>
<arg>SK</arg>
<arg>SL</arg>
<arg>SM</arg>
<arg>SN</arg>
<arg>SO</arg>
<arg>SR</arg>
<arg>SS</arg>
<arg>ST</arg>
<arg>SV</arg>
<arg>SX</arg>
<arg>SY</arg>
<arg>SZ</arg>
<arg>TC</arg>
<arg>TD</arg>
<arg>TF</arg>
<arg>TG</arg>
<arg>TH</arg>
<arg>TJ</arg>
<arg>TK</arg>
<arg>TL</arg>
<arg>TM</arg>
<arg>TN</arg>
<arg>TO</arg>
<arg>TR</arg>
<arg>TT</arg>
<arg>TV</arg>
<arg>TW</arg>
<arg>TZ</arg>
<arg>UA</arg>
<arg>UG</arg>
<arg>UM</arg>
<arg>US</arg>
<arg>UY</arg>
<arg>UZ</arg>
<arg>VA</arg>
<arg>VC</arg>
<arg>VE</arg>
<arg>VG</arg>
<arg>VI</arg>
<arg>VN</arg>
<arg>VU</arg>
<arg>WF</arg>
<arg>WS</arg>
<arg>XK</arg>
<arg>YE</arg>
<arg>YT</arg>
<arg>ZA</arg>
<arg>ZM</arg>
<arg>ZW</arg>
<doc>Returns a list containing given items.</doc>
<status status="PASS" start="2024-07-31T05:13:13.425233" elapsed="0.000614"/>
</kw>
<kw name="List Should Contain Value" owner="Collections">
<arg>${list_country}</arg>
<arg>${name_country}</arg>
<doc>Fails if the ``value`` is not found from ``list``.</doc>
<status status="PASS" start="2024-07-31T05:13:13.426777" elapsed="0.000208"/>
</kw>
<kw name="Run Keyword If" owner="BuiltIn">
<kw name="Should Be True" owner="BuiltIn">
<arg>${True}</arg>
<doc>Fails if the given condition is not true.</doc>
<status status="PASS" start="2024-07-31T05:13:13.427920" elapsed="0.000174"/>
</kw>
<arg>${json_data["results"][0]["location"]["coordinates"]["latitude"]} &gt;= -90 and ${json_data["results"][0]["location"]["coordinates"]["latitude"]} &lt;= 90</arg>
<arg>Should Be True</arg>
<arg>${True}</arg>
<doc>Runs the given keyword with the given arguments, if ``condition`` is true.</doc>
<status status="PASS" start="2024-07-31T05:13:13.427182" elapsed="0.001047"/>
</kw>
<kw name="Run Keyword If" owner="BuiltIn">
<kw name="Should Be True" owner="BuiltIn">
<arg>${True}</arg>
<doc>Fails if the given condition is not true.</doc>
<status status="PASS" start="2024-07-31T05:13:13.429116" elapsed="0.000135"/>
</kw>
<arg>${json_data["results"][0]["location"]["coordinates"]["longitude"]} &gt;= -180 and ${json_data["results"][0]["location"]["coordinates"]["longitude"]} &lt;= 180</arg>
<arg>Should Be True</arg>
<arg>${True}</arg>
<doc>Runs the given keyword with the given arguments, if ``condition`` is true.</doc>
<status status="PASS" start="2024-07-31T05:13:13.428417" elapsed="0.000957"/>
</kw>
<status status="PASS" start="2024-07-31T05:13:13.334264" elapsed="0.095238"/>
</kw>
<doc>Testa o conteúdo específico dos campos retornados pela API.</doc>
<tag>testeConteudo</tag>
<status status="PASS" start="2024-07-31T05:13:13.333631" elapsed="0.096010"/>
</test>
<status status="PASS" start="2024-07-31T05:13:12.496982" elapsed="0.934481"/>
</suite>
<status status="PASS" start="2024-07-31T05:13:12.482780" elapsed="0.953836"/>
</suite>
<statistics>
<total>
<stat pass="5" fail="0" skip="0">All Tests</stat>
</total>
<tag>
<stat pass="1" fail="0" skip="0">testeConteudo</stat>
<stat pass="1" fail="0" skip="0">testeEstruturaResposta</stat>
<stat pass="1" fail="0" skip="0">testeRequisicaoBasica</stat>
<stat pass="1" fail="0" skip="0">testeTiposDados</stat>
</tag>
<suite>
<stat pass="5" fail="0" skip="0" id="s1" name="Tests">Tests</stat>
<stat pass="5" fail="0" skip="0" id="s1-s1" name="Random-User-Test">Tests.Random-User-Test</stat>
</suite>
</statistics>
<errors>
</errors>
</robot>
