<?xml version="1.0" encoding="UTF-8"?>
<robot generator="Robot 7.0 (Python 3.12.3 on linux)" generated="2024-04-20T18:17:35.988877" rpa="false" schemaversion="5">
<suite id="s1" name="Tests" source="/home/runner/work/DesafioQAItauRogerioJordao/DesafioQAItauRogerioJordao/RamdonUser/tests">
<suite id="s1-s1" name="Random-User-Test" source="/home/runner/work/DesafioQAItauRogerioJordao/DesafioQAItauRogerioJordao/RamdonUser/tests/random-user-test.robot">
<test id="s1-s1-t1" name="Conectar" line="13">
<kw name="Conectar API" owner="random-user-service">
<kw name="Create Session" owner="RequestsLibrary">
<msg time="2024-04-20T18:17:36.378262" level="INFO">Creating Session using : alias=consultarAPI, url=https://randomuser.me/, headers={},                     cookies={}, auth=None, timeout=None, proxies=None, verify=False,                     debug=0 </msg>
<arg>consultarAPI</arg>
<arg>${URL}</arg>
<doc>Create Session: create a HTTP session to a server</doc>
<status status="PASS" start="2024-04-20T18:17:36.378055" elapsed="0.000387"/>
</kw>
<status status="PASS" start="2024-04-20T18:17:36.377040" elapsed="0.001768"/>
</kw>
<status status="PASS" start="2024-04-20T18:17:36.376456" elapsed="0.002547"/>
</test>
<test id="s1-s1-t2" name="Validar retorno 200 e JSON Válido" line="16">
<kw name="Teste de Requisicao Basica" owner="random-user-service">
<kw name="GET On Session" owner="RequestsLibrary">
<msg time="2024-04-20T18:17:36.652160" level="INFO">GET Request : url=https://randomuser.me/api 
 path_url=/api 
 headers={'User-Agent': 'python-requests/2.31.0', 'Accept-Encoding': 'gzip, deflate', 'Accept': '*/*', 'Connection': 'keep-alive'} 
 body=None 
 </msg>
<msg time="2024-04-20T18:17:36.652313" level="INFO">GET Response : url=https://randomuser.me/api 
 status=200, reason=OK 
 headers={'Date': 'Sat, 20 Apr 2024 18:17:36 GMT', 'Content-Type': 'application/json; charset=utf-8', 'Transfer-Encoding': 'chunked', 'Connection': 'keep-alive', 'X-Powered-By': 'Express', 'Access-Control-Allow-Origin': '*', 'Cache-Control': 'no-cache', 'ETag': 'W/"48b-1g/e8t4bsRGFSzZsLACRcCrwZZs"', 'Vary': 'Accept-Encoding', 'Content-Encoding': 'gzip', 'CF-Cache-Status': 'DYNAMIC', 'Report-To': '{"endpoints":[{"url":"https:\\/\\/a.nel.cloudflare.com\\/report\\/v4?s=cxqJ48%2Bqp10Xc6LvNXCNggYX1Otp2ODoW8XMftnIw1BKCLVhv36ZuO3DM1cuwwbgP1XSiJQfkFT5j%2Fw%2FrGgr90yOlenXgp687rMR2H5e5lrBUkHJLYAP0qcZzCncvK51"}],"group":"cf-nel","max_age":604800}', 'NEL': '{"success_fraction":0,"report_to":"cf-nel","max_age":604800}', 'Server': 'cloudflare', 'CF-RAY': '877721d37aed6450-SJC', 'alt-svc': 'h3=":443"; ma=86400'} 
 body={"results":[{"gender":"male","name":{"title":"Mr","first":"Liam","last":"Thomas"},"location":{"street":{"number":9249,"name":"Ahuriri Bypass"},"city":"Hastings","state":"Tasman","country":"New Zealand","postcode":16640,"coordinates":{"latitude":"51.9816","longitude":"-98.0087"},"timezone":{"offset":"+3:00","description":"Baghdad, Riyadh, Moscow, St. Petersburg"}},"email":"liam.thomas@example.com","login":{"uuid":"ab9e04c1-4a4d-4dfd-aadb-af7e15527921","username":"smallostrich695","password":"nnnnnnnn","salt":"qNpZZ9ZO","md5":"aa97fe533aca726da827e0d342f8f49b","sha1":"4ab566b135740e1530471525a0e024cce10a0084","sha256":"c920eba79c4d3b1de961cc5ecb6ac7f74fa33551de049d893fdf7d6c5e499541"},"dob":{"date":"1998-01-20T20:09:58.962Z","age":26},"registered":{"date":"2011-07-08T13:11:53.699Z","age":12},"phone":"(033)-145-1032","cell":"(189)-353-9605","id":{"name":"","value":null},"picture":{"large":"https://randomuser.me/api/portraits/men/91.jpg","medium":"https://randomuser.me/api/portraits/med/men/91.jpg","thumbnail":"https://randomuser.me/api/portraits/thumb/men/91.jpg"},"nat":"NZ"}],"info":{"seed":"0c103ae8ddda7e06","results":1,"page":1,"version":"1.4"}} 
 </msg>
<msg time="2024-04-20T18:17:36.652395" level="INFO">/opt/hostedtoolcache/Python/3.12.3/x64/lib/python3.12/site-packages/urllib3/connectionpool.py:1103: InsecureRequestWarning: Unverified HTTPS request is being made to host 'randomuser.me'. Adding certificate verification is strongly advised. See: https://urllib3.readthedocs.io/en/latest/advanced-usage.html#tls-warnings
  warnings.warn(</msg>
<msg time="2024-04-20T18:17:36.652544" level="INFO">${response} = &lt;Response [200]&gt;</msg>
<var>${response}</var>
<arg>consultarAPI</arg>
<arg>/api</arg>
<doc>Sends a GET request on a previously created HTTP Session.</doc>
<status status="PASS" start="2024-04-20T18:17:36.381669" elapsed="0.270915"/>
</kw>
<kw name="Should Be Equal As Numbers" owner="BuiltIn">
<msg time="2024-04-20T18:17:36.653582" level="INFO">Argument types are:
&lt;class 'int'&gt;
&lt;class 'str'&gt;</msg>
<arg>${response.status_code}</arg>
<arg>200</arg>
<doc>Fails if objects are unequal after converting them to real numbers.</doc>
<status status="PASS" start="2024-04-20T18:17:36.653129" elapsed="0.000552"/>
</kw>
<kw name="Log" owner="BuiltIn">
<msg time="2024-04-20T18:17:36.654360" level="INFO">200</msg>
<arg>${response.status_code}</arg>
<doc>Logs the given message with the given level.</doc>
<status status="PASS" start="2024-04-20T18:17:36.654005" elapsed="0.000397"/>
</kw>
<kw name="Set Variable" owner="BuiltIn">
<msg time="2024-04-20T18:17:36.655129" level="INFO">${json_data} = {'results': [{'gender': 'male', 'name': {'title': 'Mr', 'first': 'Liam', 'last': 'Thomas'}, 'location': {'street': {'number': 9249, 'name': 'Ahuriri Bypass'}, 'city': 'Hastings', 'state': 'Tasman', 'c...</msg>
<var>${json_data}</var>
<arg>${response.json()}</arg>
<doc>Returns the given values which can then be assigned to a variables.</doc>
<status status="PASS" start="2024-04-20T18:17:36.654700" elapsed="0.000456"/>
</kw>
<kw name="Dictionary Should Contain Key" owner="Collections">
<msg time="2024-04-20T18:17:36.655658" level="INFO">False</msg>
<arg>${json_data}</arg>
<arg>results</arg>
<doc>Fails if ``key`` is not found from ``dictionary``.</doc>
<status status="PASS" start="2024-04-20T18:17:36.655481" elapsed="0.000223"/>
</kw>
<status status="PASS" start="2024-04-20T18:17:36.381394" elapsed="0.274583"/>
</kw>
<doc>Testa se a API responde corretamente e retorna um objeto JSON válido.</doc>
<tag>testeRequisicaoBasica</tag>
<status status="PASS" start="2024-04-20T18:17:36.380909" elapsed="0.275248"/>
</test>
<test id="s1-s1-t3" name="Validar estrutura de resposta" line="22">
<kw name="Teste de Estrutura de Resposta" owner="random-user-service">
<kw name="GET On Session" owner="RequestsLibrary">
<msg time="2024-04-20T18:17:36.745033" level="INFO">GET Request : url=https://randomuser.me/api 
 path_url=/api 
 headers={'User-Agent': 'python-requests/2.31.0', 'Accept-Encoding': 'gzip, deflate', 'Accept': '*/*', 'Connection': 'keep-alive'} 
 body=None 
 </msg>
<msg time="2024-04-20T18:17:36.745148" level="INFO">GET Response : url=https://randomuser.me/api 
 status=200, reason=OK 
 headers={'Date': 'Sat, 20 Apr 2024 18:17:36 GMT', 'Content-Type': 'application/json; charset=utf-8', 'Transfer-Encoding': 'chunked', 'Connection': 'keep-alive', 'X-Powered-By': 'Express', 'Access-Control-Allow-Origin': '*', 'Cache-Control': 'no-cache', 'ETag': 'W/"47e-eTDwGnv/6BvUf7+4mldyWiv3hDM"', 'Vary': 'Accept-Encoding', 'Content-Encoding': 'gzip', 'CF-Cache-Status': 'DYNAMIC', 'Report-To': '{"endpoints":[{"url":"https:\\/\\/a.nel.cloudflare.com\\/report\\/v4?s=9Czzn%2F%2BozeN4IEpII85JOCRkyYpCF873LtgXOWHaK0hXHolRi7PHeJ%2F6K6K9Ukehusr%2F6Bs3ThiToRc%2BaVHJikuKC6%2FjkL49meNgdGVeu1mOtGKSUnVTsUfqfb1Ea4pi"}],"group":"cf-nel","max_age":604800}', 'NEL': '{"success_fraction":0,"report_to":"cf-nel","max_age":604800}', 'Server': 'cloudflare', 'CF-RAY': '877721d42b6a6450-SJC', 'alt-svc': 'h3=":443"; ma=86400'} 
 body={"results":[{"gender":"female","name":{"title":"Mrs","first":"Özsu","last":"Çankaya"},"location":{"street":{"number":6141,"name":"Abanoz Sk"},"city":"Adıyaman","state":"Manisa","country":"Turkey","postcode":27818,"coordinates":{"latitude":"68.5434","longitude":"53.7315"},"timezone":{"offset":"-1:00","description":"Azores, Cape Verde Islands"}},"email":"ozsu.cankaya@example.com","login":{"uuid":"c4869608-3e33-42c0-876c-80f843be5d77","username":"smallleopard103","password":"goofy","salt":"7plkUdsC","md5":"11214c49f7ca5d198929ae2bc5a11831","sha1":"8d4cdbc7bd0d74c41f4559b7147ef3c4186e0b1f","sha256":"0c133f18abae81858cad994951ae2afc3273a3fc87fe680f0694a51d5dfeeb87"},"dob":{"date":"1999-09-03T08:13:13.141Z","age":24},"registered":{"date":"2013-02-06T12:44:21.199Z","age":11},"phone":"(278)-384-4433","cell":"(273)-980-2848","id":{"name":"","value":null},"picture":{"large":"https://randomuser.me/api/portraits/women/30.jpg","medium":"https://randomuser.me/api/portraits/med/women/30.jpg","thumbnail":"https://randomuser.me/api/portraits/thumb/women/30.jpg"},"nat":"TR"}],"info":{"seed":"5a6facb06e921876","results":1,"page":1,"version":"1.4"}} 
 </msg>
<msg time="2024-04-20T18:17:36.745285" level="INFO">/opt/hostedtoolcache/Python/3.12.3/x64/lib/python3.12/site-packages/urllib3/connectionpool.py:1103: InsecureRequestWarning: Unverified HTTPS request is being made to host 'randomuser.me'. Adding certificate verification is strongly advised. See: https://urllib3.readthedocs.io/en/latest/advanced-usage.html#tls-warnings
  warnings.warn(</msg>
<msg time="2024-04-20T18:17:36.745422" level="INFO">${response} = &lt;Response [200]&gt;</msg>
<var>${response}</var>
<arg>consultarAPI</arg>
<arg>/api</arg>
<doc>Sends a GET request on a previously created HTTP Session.</doc>
<status status="PASS" start="2024-04-20T18:17:36.659180" elapsed="0.086283"/>
</kw>
<kw name="Set Variable" owner="BuiltIn">
<msg time="2024-04-20T18:17:36.746798" level="INFO">${json_data} = {'results': [{'gender': 'female', 'name': {'title': 'Mrs', 'first': 'Özsu', 'last': 'Çankaya'}, 'location': {'street': {'number': 6141, 'name': 'Abanoz Sk'}, 'city': 'Adıyaman', 'state': 'Manisa', 'co...</msg>
<var>${json_data}</var>
<arg>${response.json()}</arg>
<doc>Returns the given values which can then be assigned to a variables.</doc>
<status status="PASS" start="2024-04-20T18:17:36.746168" elapsed="0.000663"/>
</kw>
<kw name="Log" owner="BuiltIn">
<msg time="2024-04-20T18:17:36.747412" level="INFO">{'results': [{'gender': 'female', 'name': {'title': 'Mrs', 'first': 'Özsu', 'last': 'Çankaya'}, 'location': {'street': {'number': 6141, 'name': 'Abanoz Sk'}, 'city': 'Adıyaman', 'state': 'Manisa', 'country': 'Turkey', 'postcode': 27818, 'coordinates': {'latitude': '68.5434', 'longitude': '53.7315'}, 'timezone': {'offset': '-1:00', 'description': 'Azores, Cape Verde Islands'}}, 'email': 'ozsu.cankaya@example.com', 'login': {'uuid': 'c4869608-3e33-42c0-876c-80f843be5d77', 'username': 'smallleopard103', 'password': 'goofy', 'salt': '7plkUdsC', 'md5': '11214c49f7ca5d198929ae2bc5a11831', 'sha1': '8d4cdbc7bd0d74c41f4559b7147ef3c4186e0b1f', 'sha256': '0c133f18abae81858cad994951ae2afc3273a3fc87fe680f0694a51d5dfeeb87'}, 'dob': {'date': '1999-09-03T08:13:13.141Z', 'age': 24}, 'registered': {'date': '2013-02-06T12:44:21.199Z', 'age': 11}, 'phone': '(278)-384-4433', 'cell': '(273)-980-2848', 'id': {'name': '', 'value': None}, 'picture': {'large': 'https://randomuser.me/api/portraits/women/30.jpg', 'medium': 'https://randomuser.me/api/portraits/med/women/30.jpg', 'thumbnail': 'https://randomuser.me/api/portraits/thumb/women/30.jpg'}, 'nat': 'TR'}], 'info': {'seed': '5a6facb06e921876', 'results': 1, 'page': 1, 'version': '1.4'}}</msg>
<arg>${json_data}</arg>
<doc>Logs the given message with the given level.</doc>
<status status="PASS" start="2024-04-20T18:17:36.747223" elapsed="0.000243"/>
</kw>
<kw name="Dictionary Should Contain Key" owner="Collections">
<msg time="2024-04-20T18:17:36.747965" level="INFO">False</msg>
<arg>${json_data}</arg>
<arg>results</arg>
<doc>Fails if ``key`` is not found from ``dictionary``.</doc>
<status status="PASS" start="2024-04-20T18:17:36.747793" elapsed="0.000209"/>
</kw>
<kw name="Should Not Be Empty" owner="BuiltIn">
<msg time="2024-04-20T18:17:36.748447" level="INFO">Length is 2.</msg>
<arg>${json_data}</arg>
<doc>Verifies that the given item is not empty.</doc>
<status status="PASS" start="2024-04-20T18:17:36.748309" elapsed="0.000346"/>
</kw>
<kw name="Create List" owner="BuiltIn">
<msg time="2024-04-20T18:17:36.749117" level="INFO">${expected_keys} = ['gender', 'name', 'location', 'email', 'login']</msg>
<var>${expected_keys}</var>
<arg>gender</arg>
<arg>name</arg>
<arg>location</arg>
<arg>email</arg>
<arg>login</arg>
<doc>Returns a list containing given items.</doc>
<status status="PASS" start="2024-04-20T18:17:36.748957" elapsed="0.000185"/>
</kw>
<for flavor="IN">
<iter>
<kw name="Dictionary Should Contain Key" owner="Collections">
<msg time="2024-04-20T18:17:36.750236" level="INFO">False</msg>
<arg>${json_data['results'][0]}</arg>
<arg>${key}</arg>
<doc>Fails if ``key`` is not found from ``dictionary``.</doc>
<status status="PASS" start="2024-04-20T18:17:36.749797" elapsed="0.000478"/>
</kw>
<kw name="Log" owner="BuiltIn">
<msg time="2024-04-20T18:17:36.750956" level="INFO">{'gender': 'female', 'name': {'title': 'Mrs', 'first': 'Özsu', 'last': 'Çankaya'}, 'location': {'street': {'number': 6141, 'name': 'Abanoz Sk'}, 'city': 'Adıyaman', 'state': 'Manisa', 'country': 'Turkey', 'postcode': 27818, 'coordinates': {'latitude': '68.5434', 'longitude': '53.7315'}, 'timezone': {'offset': '-1:00', 'description': 'Azores, Cape Verde Islands'}}, 'email': 'ozsu.cankaya@example.com', 'login': {'uuid': 'c4869608-3e33-42c0-876c-80f843be5d77', 'username': 'smallleopard103', 'password': 'goofy', 'salt': '7plkUdsC', 'md5': '11214c49f7ca5d198929ae2bc5a11831', 'sha1': '8d4cdbc7bd0d74c41f4559b7147ef3c4186e0b1f', 'sha256': '0c133f18abae81858cad994951ae2afc3273a3fc87fe680f0694a51d5dfeeb87'}, 'dob': {'date': '1999-09-03T08:13:13.141Z', 'age': 24}, 'registered': {'date': '2013-02-06T12:44:21.199Z', 'age': 11}, 'phone': '(278)-384-4433', 'cell': '(273)-980-2848', 'id': {'name': '', 'value': None}, 'picture': {'large': 'https://randomuser.me/api/portraits/women/30.jpg', 'medium': 'https://randomuser.me/api/portraits/med/women/30.jpg', 'thumbnail': 'https://randomuser.me/api/portraits/thumb/women/30.jpg'}, 'nat': 'TR'}</msg>
<arg>${json_data['results'][0]}</arg>
<doc>Logs the given message with the given level.</doc>
<status status="PASS" start="2024-04-20T18:17:36.750577" elapsed="0.000430"/>
</kw>
<kw name="Log" owner="BuiltIn">
<msg time="2024-04-20T18:17:36.751438" level="INFO">gender</msg>
<arg>${key}</arg>
<doc>Logs the given message with the given level.</doc>
<status status="PASS" start="2024-04-20T18:17:36.751307" elapsed="0.000168"/>
</kw>
<var name="${key}">gender</var>
<status status="PASS" start="2024-04-20T18:17:36.749655" elapsed="0.002037"/>
</iter>
<iter>
<kw name="Dictionary Should Contain Key" owner="Collections">
<msg time="2024-04-20T18:17:36.752401" level="INFO">False</msg>
<arg>${json_data['results'][0]}</arg>
<arg>${key}</arg>
<doc>Fails if ``key`` is not found from ``dictionary``.</doc>
<status status="PASS" start="2024-04-20T18:17:36.752003" elapsed="0.000435"/>
</kw>
<kw name="Log" owner="BuiltIn">
<msg time="2024-04-20T18:17:36.753138" level="INFO">{'gender': 'female', 'name': {'title': 'Mrs', 'first': 'Özsu', 'last': 'Çankaya'}, 'location': {'street': {'number': 6141, 'name': 'Abanoz Sk'}, 'city': 'Adıyaman', 'state': 'Manisa', 'country': 'Turkey', 'postcode': 27818, 'coordinates': {'latitude': '68.5434', 'longitude': '53.7315'}, 'timezone': {'offset': '-1:00', 'description': 'Azores, Cape Verde Islands'}}, 'email': 'ozsu.cankaya@example.com', 'login': {'uuid': 'c4869608-3e33-42c0-876c-80f843be5d77', 'username': 'smallleopard103', 'password': 'goofy', 'salt': '7plkUdsC', 'md5': '11214c49f7ca5d198929ae2bc5a11831', 'sha1': '8d4cdbc7bd0d74c41f4559b7147ef3c4186e0b1f', 'sha256': '0c133f18abae81858cad994951ae2afc3273a3fc87fe680f0694a51d5dfeeb87'}, 'dob': {'date': '1999-09-03T08:13:13.141Z', 'age': 24}, 'registered': {'date': '2013-02-06T12:44:21.199Z', 'age': 11}, 'phone': '(278)-384-4433', 'cell': '(273)-980-2848', 'id': {'name': '', 'value': None}, 'picture': {'large': 'https://randomuser.me/api/portraits/women/30.jpg', 'medium': 'https://randomuser.me/api/portraits/med/women/30.jpg', 'thumbnail': 'https://randomuser.me/api/portraits/thumb/women/30.jpg'}, 'nat': 'TR'}</msg>
<arg>${json_data['results'][0]}</arg>
<doc>Logs the given message with the given level.</doc>
<status status="PASS" start="2024-04-20T18:17:36.752760" elapsed="0.000428"/>
</kw>
<kw name="Log" owner="BuiltIn">
<msg time="2024-04-20T18:17:36.753642" level="INFO">name</msg>
<arg>${key}</arg>
<doc>Logs the given message with the given level.</doc>
<status status="PASS" start="2024-04-20T18:17:36.753488" elapsed="0.000199"/>
</kw>
<var name="${key}">name</var>
<status status="PASS" start="2024-04-20T18:17:36.751888" elapsed="0.002024"/>
</iter>
<iter>
<kw name="Dictionary Should Contain Key" owner="Collections">
<msg time="2024-04-20T18:17:36.754596" level="INFO">False</msg>
<arg>${json_data['results'][0]}</arg>
<arg>${key}</arg>
<doc>Fails if ``key`` is not found from ``dictionary``.</doc>
<status status="PASS" start="2024-04-20T18:17:36.754208" elapsed="0.000426"/>
</kw>
<kw name="Log" owner="BuiltIn">
<msg time="2024-04-20T18:17:36.755299" level="INFO">{'gender': 'female', 'name': {'title': 'Mrs', 'first': 'Özsu', 'last': 'Çankaya'}, 'location': {'street': {'number': 6141, 'name': 'Abanoz Sk'}, 'city': 'Adıyaman', 'state': 'Manisa', 'country': 'Turkey', 'postcode': 27818, 'coordinates': {'latitude': '68.5434', 'longitude': '53.7315'}, 'timezone': {'offset': '-1:00', 'description': 'Azores, Cape Verde Islands'}}, 'email': 'ozsu.cankaya@example.com', 'login': {'uuid': 'c4869608-3e33-42c0-876c-80f843be5d77', 'username': 'smallleopard103', 'password': 'goofy', 'salt': '7plkUdsC', 'md5': '11214c49f7ca5d198929ae2bc5a11831', 'sha1': '8d4cdbc7bd0d74c41f4559b7147ef3c4186e0b1f', 'sha256': '0c133f18abae81858cad994951ae2afc3273a3fc87fe680f0694a51d5dfeeb87'}, 'dob': {'date': '1999-09-03T08:13:13.141Z', 'age': 24}, 'registered': {'date': '2013-02-06T12:44:21.199Z', 'age': 11}, 'phone': '(278)-384-4433', 'cell': '(273)-980-2848', 'id': {'name': '', 'value': None}, 'picture': {'large': 'https://randomuser.me/api/portraits/women/30.jpg', 'medium': 'https://randomuser.me/api/portraits/med/women/30.jpg', 'thumbnail': 'https://randomuser.me/api/portraits/thumb/women/30.jpg'}, 'nat': 'TR'}</msg>
<arg>${json_data['results'][0]}</arg>
<doc>Logs the given message with the given level.</doc>
<status status="PASS" start="2024-04-20T18:17:36.754933" elapsed="0.000416"/>
</kw>
<kw name="Log" owner="BuiltIn">
<msg time="2024-04-20T18:17:36.755773" level="INFO">location</msg>
<arg>${key}</arg>
<doc>Logs the given message with the given level.</doc>
<status status="PASS" start="2024-04-20T18:17:36.755647" elapsed="0.000164"/>
</kw>
<var name="${key}">location</var>
<status status="PASS" start="2024-04-20T18:17:36.754095" elapsed="0.001927"/>
</iter>
<iter>
<kw name="Dictionary Should Contain Key" owner="Collections">
<msg time="2024-04-20T18:17:36.756691" level="INFO">False</msg>
<arg>${json_data['results'][0]}</arg>
<arg>${key}</arg>
<doc>Fails if ``key`` is not found from ``dictionary``.</doc>
<status status="PASS" start="2024-04-20T18:17:36.756305" elapsed="0.000423"/>
</kw>
<kw name="Log" owner="BuiltIn">
<msg time="2024-04-20T18:17:36.757388" level="INFO">{'gender': 'female', 'name': {'title': 'Mrs', 'first': 'Özsu', 'last': 'Çankaya'}, 'location': {'street': {'number': 6141, 'name': 'Abanoz Sk'}, 'city': 'Adıyaman', 'state': 'Manisa', 'country': 'Turkey', 'postcode': 27818, 'coordinates': {'latitude': '68.5434', 'longitude': '53.7315'}, 'timezone': {'offset': '-1:00', 'description': 'Azores, Cape Verde Islands'}}, 'email': 'ozsu.cankaya@example.com', 'login': {'uuid': 'c4869608-3e33-42c0-876c-80f843be5d77', 'username': 'smallleopard103', 'password': 'goofy', 'salt': '7plkUdsC', 'md5': '11214c49f7ca5d198929ae2bc5a11831', 'sha1': '8d4cdbc7bd0d74c41f4559b7147ef3c4186e0b1f', 'sha256': '0c133f18abae81858cad994951ae2afc3273a3fc87fe680f0694a51d5dfeeb87'}, 'dob': {'date': '1999-09-03T08:13:13.141Z', 'age': 24}, 'registered': {'date': '2013-02-06T12:44:21.199Z', 'age': 11}, 'phone': '(278)-384-4433', 'cell': '(273)-980-2848', 'id': {'name': '', 'value': None}, 'picture': {'large': 'https://randomuser.me/api/portraits/women/30.jpg', 'medium': 'https://randomuser.me/api/portraits/med/women/30.jpg', 'thumbnail': 'https://randomuser.me/api/portraits/thumb/women/30.jpg'}, 'nat': 'TR'}</msg>
<arg>${json_data['results'][0]}</arg>
<doc>Logs the given message with the given level.</doc>
<status status="PASS" start="2024-04-20T18:17:36.757020" elapsed="0.000419"/>
</kw>
<kw name="Log" owner="BuiltIn">
<msg time="2024-04-20T18:17:36.757901" level="INFO">email</msg>
<arg>${key}</arg>
<doc>Logs the given message with the given level.</doc>
<status status="PASS" start="2024-04-20T18:17:36.757771" elapsed="0.000168"/>
</kw>
<var name="${key}">email</var>
<status status="PASS" start="2024-04-20T18:17:36.756195" elapsed="0.001961"/>
</iter>
<iter>
<kw name="Dictionary Should Contain Key" owner="Collections">
<msg time="2024-04-20T18:17:36.758832" level="INFO">False</msg>
<arg>${json_data['results'][0]}</arg>
<arg>${key}</arg>
<doc>Fails if ``key`` is not found from ``dictionary``.</doc>
<status status="PASS" start="2024-04-20T18:17:36.758442" elapsed="0.000428"/>
</kw>
<kw name="Log" owner="BuiltIn">
<msg time="2024-04-20T18:17:36.759553" level="INFO">{'gender': 'female', 'name': {'title': 'Mrs', 'first': 'Özsu', 'last': 'Çankaya'}, 'location': {'street': {'number': 6141, 'name': 'Abanoz Sk'}, 'city': 'Adıyaman', 'state': 'Manisa', 'country': 'Turkey', 'postcode': 27818, 'coordinates': {'latitude': '68.5434', 'longitude': '53.7315'}, 'timezone': {'offset': '-1:00', 'description': 'Azores, Cape Verde Islands'}}, 'email': 'ozsu.cankaya@example.com', 'login': {'uuid': 'c4869608-3e33-42c0-876c-80f843be5d77', 'username': 'smallleopard103', 'password': 'goofy', 'salt': '7plkUdsC', 'md5': '11214c49f7ca5d198929ae2bc5a11831', 'sha1': '8d4cdbc7bd0d74c41f4559b7147ef3c4186e0b1f', 'sha256': '0c133f18abae81858cad994951ae2afc3273a3fc87fe680f0694a51d5dfeeb87'}, 'dob': {'date': '1999-09-03T08:13:13.141Z', 'age': 24}, 'registered': {'date': '2013-02-06T12:44:21.199Z', 'age': 11}, 'phone': '(278)-384-4433', 'cell': '(273)-980-2848', 'id': {'name': '', 'value': None}, 'picture': {'large': 'https://randomuser.me/api/portraits/women/30.jpg', 'medium': 'https://randomuser.me/api/portraits/med/women/30.jpg', 'thumbnail': 'https://randomuser.me/api/portraits/thumb/women/30.jpg'}, 'nat': 'TR'}</msg>
<arg>${json_data['results'][0]}</arg>
<doc>Logs the given message with the given level.</doc>
<status status="PASS" start="2024-04-20T18:17:36.759172" elapsed="0.000431"/>
</kw>
<kw name="Log" owner="BuiltIn">
<msg time="2024-04-20T18:17:36.760023" level="INFO">login</msg>
<arg>${key}</arg>
<doc>Logs the given message with the given level.</doc>
<status status="PASS" start="2024-04-20T18:17:36.759896" elapsed="0.000164"/>
</kw>
<var name="${key}">login</var>
<status status="PASS" start="2024-04-20T18:17:36.758331" elapsed="0.001947"/>
</iter>
<var>${key}</var>
<value>@{expected_keys}</value>
<status status="PASS" start="2024-04-20T18:17:36.749425" elapsed="0.010999"/>
</for>
<kw name="Create List" owner="BuiltIn">
<msg time="2024-04-20T18:17:36.760763" level="INFO">${expected_keysTwo} = ['username', 'password']</msg>
<var>${expected_keysTwo}</var>
<arg>username</arg>
<arg>password</arg>
<doc>Returns a list containing given items.</doc>
<status status="PASS" start="2024-04-20T18:17:36.760626" elapsed="0.000162"/>
</kw>
<for flavor="IN">
<iter>
<kw name="Dictionary Should Contain Key" owner="Collections">
<msg time="2024-04-20T18:17:36.761718" level="INFO">False</msg>
<arg>${json_data['results'][0]['login']}</arg>
<arg>${keyTwo}</arg>
<doc>Fails if ``key`` is not found from ``dictionary``.</doc>
<status status="PASS" start="2024-04-20T18:17:36.761292" elapsed="0.000472"/>
</kw>
<kw name="Dictionary Should Contain Key" owner="Collections">
<msg time="2024-04-20T18:17:36.762448" level="INFO">False</msg>
<arg>${json_data['results'][0]['login']}</arg>
<arg>${keyTwo}</arg>
<doc>Fails if ``key`` is not found from ``dictionary``.</doc>
<status status="PASS" start="2024-04-20T18:17:36.762061" elapsed="0.000425"/>
</kw>
<kw name="Log" owner="BuiltIn">
<msg time="2024-04-20T18:17:36.762903" level="INFO">username</msg>
<arg>${keyTwo}</arg>
<doc>Logs the given message with the given level.</doc>
<status status="PASS" start="2024-04-20T18:17:36.762777" elapsed="0.000168"/>
</kw>
<var name="${keyTwo}">username</var>
<status status="PASS" start="2024-04-20T18:17:36.761182" elapsed="0.001977"/>
</iter>
<iter>
<kw name="Dictionary Should Contain Key" owner="Collections">
<msg time="2024-04-20T18:17:36.763905" level="INFO">False</msg>
<arg>${json_data['results'][0]['login']}</arg>
<arg>${keyTwo}</arg>
<doc>Fails if ``key`` is not found from ``dictionary``.</doc>
<status status="PASS" start="2024-04-20T18:17:36.763439" elapsed="0.000511"/>
</kw>
<kw name="Dictionary Should Contain Key" owner="Collections">
<msg time="2024-04-20T18:17:36.764627" level="INFO">False</msg>
<arg>${json_data['results'][0]['login']}</arg>
<arg>${keyTwo}</arg>
<doc>Fails if ``key`` is not found from ``dictionary``.</doc>
<status status="PASS" start="2024-04-20T18:17:36.764245" elapsed="0.000419"/>
</kw>
<kw name="Log" owner="BuiltIn">
<msg time="2024-04-20T18:17:36.765094" level="INFO">password</msg>
<arg>${keyTwo}</arg>
<doc>Logs the given message with the given level.</doc>
<status status="PASS" start="2024-04-20T18:17:36.764968" elapsed="0.000164"/>
</kw>
<var name="${keyTwo}">password</var>
<status status="PASS" start="2024-04-20T18:17:36.763331" elapsed="0.002013"/>
</iter>
<var>${keyTwo}</var>
<value>@{expected_keysTwo}</value>
<status status="PASS" start="2024-04-20T18:17:36.761024" elapsed="0.004438"/>
</for>
<status status="PASS" start="2024-04-20T18:17:36.658836" elapsed="0.106769"/>
</kw>
<doc>Testa a estrutura da resposta da API.</doc>
<tag>testeEstruturaResposta</tag>
<status status="PASS" start="2024-04-20T18:17:36.658050" elapsed="0.107758"/>
</test>
<test id="s1-s1-t4" name="Validar tipos de dados" line="28">
<kw name="Teste de Tipos de Dados" owner="random-user-service">
<kw name="GET On Session" owner="RequestsLibrary">
<msg time="2024-04-20T18:17:36.875897" level="INFO">GET Request : url=https://randomuser.me/api 
 path_url=/api 
 headers={'User-Agent': 'python-requests/2.31.0', 'Accept-Encoding': 'gzip, deflate', 'Accept': '*/*', 'Connection': 'keep-alive'} 
 body=None 
 </msg>
<msg time="2024-04-20T18:17:36.875996" level="INFO">GET Response : url=https://randomuser.me/api 
 status=200, reason=OK 
 headers={'Date': 'Sat, 20 Apr 2024 18:17:36 GMT', 'Content-Type': 'application/json; charset=utf-8', 'Transfer-Encoding': 'chunked', 'Connection': 'keep-alive', 'X-Powered-By': 'Express', 'Access-Control-Allow-Origin': '*', 'Cache-Control': 'no-cache', 'ETag': 'W/"48a-PMISBc4RQOvv4oYiemL+JqIFM44"', 'Vary': 'Accept-Encoding', 'Content-Encoding': 'gzip', 'CF-Cache-Status': 'DYNAMIC', 'Report-To': '{"endpoints":[{"url":"https:\\/\\/a.nel.cloudflare.com\\/report\\/v4?s=UkHVIJZSbX45cn0S61lqhT%2BBbgbkX20Ixxrq1eyJBAKvuHwqBMgFpFZyk%2BCfh%2Bqn%2FxvSQb0rm5KwOqPcrybszq9sHaCP26oPg5qgR4fxhH7wWSswqQ2qHUnHKKc6rwc4"}],"group":"cf-nel","max_age":604800}', 'NEL': '{"success_fraction":0,"report_to":"cf-nel","max_age":604800}', 'Server': 'cloudflare', 'CF-RAY': '877721d4cbf06450-SJC', 'alt-svc': 'h3=":443"; ma=86400'} 
 body={"results":[{"gender":"female","name":{"title":"Miss","first":"Teresa","last":"Holguín"},"location":{"street":{"number":3102,"name":"Andador Sur Gómez"},"city":"Angamacutiro","state":"Chiapas","country":"Mexico","postcode":17442,"coordinates":{"latitude":"27.6786","longitude":"117.1493"},"timezone":{"offset":"-9:00","description":"Alaska"}},"email":"teresa.holguin@example.com","login":{"uuid":"e6524102-18af-4408-ab1a-faa5bf15ed29","username":"redzebra696","password":"augusta","salt":"IN0rdHkT","md5":"f57d4ce7b72d33fe73ea18f3adc3e064","sha1":"736a0350b657f117ba544e49f9c929f41b847519","sha256":"b440b20273e420d8f87445faa0a52ad2a309b18e1379865332df80f234fddad9"},"dob":{"date":"1983-07-20T17:02:53.606Z","age":40},"registered":{"date":"2008-07-16T04:08:08.667Z","age":15},"phone":"(691) 388 1589","cell":"(639) 485 8248","id":{"name":"NSS","value":"96 04 10 6234 9"},"picture":{"large":"https://randomuser.me/api/portraits/women/68.jpg","medium":"https://randomuser.me/api/portraits/med/women/68.jpg","thumbnail":"https://randomuser.me/api/portraits/thumb/women/68.jpg"},"nat":"MX"}],"info":{"seed":"464ed613eaa8f10a","results":1,"page":1,"version":"1.4"}} 
 </msg>
<msg time="2024-04-20T18:17:36.876075" level="INFO">/opt/hostedtoolcache/Python/3.12.3/x64/lib/python3.12/site-packages/urllib3/connectionpool.py:1103: InsecureRequestWarning: Unverified HTTPS request is being made to host 'randomuser.me'. Adding certificate verification is strongly advised. See: https://urllib3.readthedocs.io/en/latest/advanced-usage.html#tls-warnings
  warnings.warn(</msg>
<msg time="2024-04-20T18:17:36.876209" level="INFO">${response} = &lt;Response [200]&gt;</msg>
<var>${response}</var>
<arg>consultarAPI</arg>
<arg>/api</arg>
<doc>Sends a GET request on a previously created HTTP Session.</doc>
<status status="PASS" start="2024-04-20T18:17:36.768451" elapsed="0.107807"/>
</kw>
<kw name="Set Variable" owner="BuiltIn">
<msg time="2024-04-20T18:17:36.877382" level="INFO">${json_data} = {'results': [{'gender': 'female', 'name': {'title': 'Miss', 'first': 'Teresa', 'last': 'Holguín'}, 'location': {'street': {'number': 3102, 'name': 'Andador Sur Gómez'}, 'city': 'Angamacutiro', 'state'...</msg>
<var>${json_data}</var>
<arg>${response.json()}</arg>
<doc>Returns the given values which can then be assigned to a variables.</doc>
<status status="PASS" start="2024-04-20T18:17:36.876818" elapsed="0.000594"/>
</kw>
<kw name="Log" owner="BuiltIn">
<msg time="2024-04-20T18:17:36.877952" level="INFO">{'results': [{'gender': 'female', 'name': {'title': 'Miss', 'first': 'Teresa', 'last': 'Holguín'}, 'location': {'street': {'number': 3102, 'name': 'Andador Sur Gómez'}, 'city': 'Angamacutiro', 'state': 'Chiapas', 'country': 'Mexico', 'postcode': 17442, 'coordinates': {'latitude': '27.6786', 'longitude': '117.1493'}, 'timezone': {'offset': '-9:00', 'description': 'Alaska'}}, 'email': 'teresa.holguin@example.com', 'login': {'uuid': 'e6524102-18af-4408-ab1a-faa5bf15ed29', 'username': 'redzebra696', 'password': 'augusta', 'salt': 'IN0rdHkT', 'md5': 'f57d4ce7b72d33fe73ea18f3adc3e064', 'sha1': '736a0350b657f117ba544e49f9c929f41b847519', 'sha256': 'b440b20273e420d8f87445faa0a52ad2a309b18e1379865332df80f234fddad9'}, 'dob': {'date': '1983-07-20T17:02:53.606Z', 'age': 40}, 'registered': {'date': '2008-07-16T04:08:08.667Z', 'age': 15}, 'phone': '(691) 388 1589', 'cell': '(639) 485 8248', 'id': {'name': 'NSS', 'value': '96 04 10 6234 9'}, 'picture': {'large': 'https://randomuser.me/api/portraits/women/68.jpg', 'medium': 'https://randomuser.me/api/portraits/med/women/68.jpg', 'thumbnail': 'https://randomuser.me/api/portraits/thumb/women/68.jpg'}, 'nat': 'MX'}], 'info': {'seed': '464ed613eaa8f10a', 'results': 1, 'page': 1, 'version': '1.4'}}</msg>
<arg>${json_data}</arg>
<doc>Logs the given message with the given level.</doc>
<status status="PASS" start="2024-04-20T18:17:36.877783" elapsed="0.000255"/>
</kw>
<kw name="Should Be String" owner="String">
<arg>${json_data['results'][0]['gender']}</arg>
<doc>Fails if the given ``item`` is not a string.</doc>
<status status="PASS" start="2024-04-20T18:17:36.878348" elapsed="0.000374"/>
</kw>
<kw name="Should Match Regexp" owner="BuiltIn">
<arg>${json_data['results'][0]['email']}</arg>
<arg>^[a-zA-Z0-9._%+-]+@[a-zA-Z0-9.-]+\.[a-zA-Z]{2,}$</arg>
<doc>Fails if ``string`` does not match ``pattern`` as a regular expression.</doc>
<status status="PASS" start="2024-04-20T18:17:36.878916" elapsed="0.000531"/>
</kw>
<kw name="Should Match Regexp" owner="BuiltIn">
<arg>${json_data['results'][0]['dob']['date']}</arg>
<arg>\\d{4}-\\d{2}-\\d{2}T\\d{2}:\\d{2}:\\d{2}\\.\\d{3}Z</arg>
<doc>Fails if ``string`` does not match ``pattern`` as a regular expression.</doc>
<status status="PASS" start="2024-04-20T18:17:36.879643" elapsed="0.000492"/>
</kw>
<kw name="Should Match Regexp" owner="BuiltIn">
<arg>${json_data['results'][0]['registered']['date']}</arg>
<arg>\\d{4}-\\d{2}-\\d{2}T\\d{2}:\\d{2}:\\d{2}\\.\\d{3}Z</arg>
<doc>Fails if ``string`` does not match ``pattern`` as a regular expression.</doc>
<status status="PASS" start="2024-04-20T18:17:36.880327" elapsed="0.000371"/>
</kw>
<kw name="Should Match Regexp" owner="BuiltIn">
<arg>${json_data['results'][0]['picture']['large']}</arg>
<arg>^https?://.*\.(?:png|jpe?g|gif|bmp)$</arg>
<doc>Fails if ``string`` does not match ``pattern`` as a regular expression.</doc>
<status status="PASS" start="2024-04-20T18:17:36.880886" elapsed="0.000461"/>
</kw>
<kw name="Should Match Regexp" owner="BuiltIn">
<arg>${json_data['results'][0]['picture']['medium']}</arg>
<arg>^https?://.*\.(?:png|jpe?g|gif|bmp)$</arg>
<doc>Fails if ``string`` does not match ``pattern`` as a regular expression.</doc>
<status status="PASS" start="2024-04-20T18:17:36.881541" elapsed="0.000400"/>
</kw>
<kw name="Should Match Regexp" owner="BuiltIn">
<arg>${json_data['results'][0]['picture']['thumbnail']}</arg>
<arg>^https?://.*\.(?:png|jpe?g|gif|bmp)$</arg>
<doc>Fails if ``string`` does not match ``pattern`` as a regular expression.</doc>
<status status="PASS" start="2024-04-20T18:17:36.882131" elapsed="0.000358"/>
</kw>
<kw name="Log" owner="BuiltIn">
<msg time="2024-04-20T18:17:36.882990" level="INFO">{'large': 'https://randomuser.me/api/portraits/women/68.jpg', 'medium': 'https://randomuser.me/api/portraits/med/women/68.jpg', 'thumbnail': 'https://randomuser.me/api/portraits/thumb/women/68.jpg'}</msg>
<arg>${json_data['results'][0]['picture']}</arg>
<doc>Logs the given message with the given level.</doc>
<status status="PASS" start="2024-04-20T18:17:36.882667" elapsed="0.000363"/>
</kw>
<status status="PASS" start="2024-04-20T18:17:36.768219" elapsed="0.115067"/>
</kw>
<kw name="Teste de Tipos de Dados - Postcode" owner="random-user-service">
<kw name="GET On Session" owner="RequestsLibrary">
<msg time="2024-04-20T18:17:36.969461" level="INFO">GET Request : url=https://randomuser.me/api 
 path_url=/api 
 headers={'User-Agent': 'python-requests/2.31.0', 'Accept-Encoding': 'gzip, deflate', 'Accept': '*/*', 'Connection': 'keep-alive'} 
 body=None 
 </msg>
<msg time="2024-04-20T18:17:36.969552" level="INFO">GET Response : url=https://randomuser.me/api 
 status=200, reason=OK 
 headers={'Date': 'Sat, 20 Apr 2024 18:17:36 GMT', 'Content-Type': 'application/json; charset=utf-8', 'Transfer-Encoding': 'chunked', 'Connection': 'keep-alive', 'X-Powered-By': 'Express', 'Access-Control-Allow-Origin': '*', 'Cache-Control': 'no-cache', 'ETag': 'W/"4a4-7+H0DU0OJaHWi0jjRyZrLh0j2VY"', 'Vary': 'Accept-Encoding', 'Content-Encoding': 'gzip', 'CF-Cache-Status': 'DYNAMIC', 'Report-To': '{"endpoints":[{"url":"https:\\/\\/a.nel.cloudflare.com\\/report\\/v4?s=9%2FWsyNfEefaITQWxOwniBX0EH5fJPyFlfzaPWwthtipxqzuedt1ctcnbqVyUAoMILArN5Tyjn%2FYkvY50DBA4xJNGXFPl9ZOeJViPxC7MpIQZLExTnz%2BoUw5uO%2BxdrJhR"}],"group":"cf-nel","max_age":604800}', 'NEL': '{"success_fraction":0,"report_to":"cf-nel","max_age":604800}', 'Server': 'cloudflare', 'CF-RAY': '877721d58c686450-SJC', 'alt-svc': 'h3=":443"; ma=86400'} 
 body={"results":[{"gender":"female","name":{"title":"Mrs","first":"Sanni","last":"Laakso"},"location":{"street":{"number":9865,"name":"Pispalan Valtatie"},"city":"Juankoski","state":"Uusimaa","country":"Finland","postcode":40323,"coordinates":{"latitude":"-25.0828","longitude":"32.0636"},"timezone":{"offset":"0:00","description":"Western Europe Time, London, Lisbon, Casablanca"}},"email":"sanni.laakso@example.com","login":{"uuid":"d697f93e-5944-4360-92dd-cc380cc1134e","username":"tinyrabbit814","password":"super","salt":"LrsmybKj","md5":"ea4fee25d781b21f2987902ff46a2cff","sha1":"fb1cbf763423889010dd4bca3113af66c97be2eb","sha256":"e5ca789f083341f48565a2667553ea584e26671abe0b631214e81a5721b19f42"},"dob":{"date":"1957-12-02T23:31:14.785Z","age":66},"registered":{"date":"2013-04-16T12:07:03.870Z","age":11},"phone":"08-700-228","cell":"041-845-17-04","id":{"name":"HETU","value":"NaNNA932undefined"},"picture":{"large":"https://randomuser.me/api/portraits/women/1.jpg","medium":"https://randomuser.me/api/portraits/med/women/1.jpg","thumbnail":"https://randomuser.me/api/portraits/thumb/women/1.jpg"},"nat":"FI"}],"info":{"seed":"28db9d058b3708bb","results":1,"page":1,"version":"1.4"}} 
 </msg>
<msg time="2024-04-20T18:17:36.969648" level="INFO">/opt/hostedtoolcache/Python/3.12.3/x64/lib/python3.12/site-packages/urllib3/connectionpool.py:1103: InsecureRequestWarning: Unverified HTTPS request is being made to host 'randomuser.me'. Adding certificate verification is strongly advised. See: https://urllib3.readthedocs.io/en/latest/advanced-usage.html#tls-warnings
  warnings.warn(</msg>
<msg time="2024-04-20T18:17:36.969783" level="INFO">${response} = &lt;Response [200]&gt;</msg>
<var>${response}</var>
<arg>consultarAPI</arg>
<arg>/api</arg>
<doc>Sends a GET request on a previously created HTTP Session.</doc>
<status status="PASS" start="2024-04-20T18:17:36.883748" elapsed="0.086077"/>
</kw>
<kw name="Set Variable" owner="BuiltIn">
<msg time="2024-04-20T18:17:36.970815" level="INFO">${json_data} = {'results': [{'gender': 'female', 'name': {'title': 'Mrs', 'first': 'Sanni', 'last': 'Laakso'}, 'location': {'street': {'number': 9865, 'name': 'Pispalan Valtatie'}, 'city': 'Juankoski', 'state': 'Uus...</msg>
<var>${json_data}</var>
<arg>${response.json()}</arg>
<doc>Returns the given values which can then be assigned to a variables.</doc>
<status status="PASS" start="2024-04-20T18:17:36.970299" elapsed="0.000545"/>
</kw>
<kw name="Log" owner="BuiltIn">
<msg time="2024-04-20T18:17:36.971372" level="INFO">{'results': [{'gender': 'female', 'name': {'title': 'Mrs', 'first': 'Sanni', 'last': 'Laakso'}, 'location': {'street': {'number': 9865, 'name': 'Pispalan Valtatie'}, 'city': 'Juankoski', 'state': 'Uusimaa', 'country': 'Finland', 'postcode': 40323, 'coordinates': {'latitude': '-25.0828', 'longitude': '32.0636'}, 'timezone': {'offset': '0:00', 'description': 'Western Europe Time, London, Lisbon, Casablanca'}}, 'email': 'sanni.laakso@example.com', 'login': {'uuid': 'd697f93e-5944-4360-92dd-cc380cc1134e', 'username': 'tinyrabbit814', 'password': 'super', 'salt': 'LrsmybKj', 'md5': 'ea4fee25d781b21f2987902ff46a2cff', 'sha1': 'fb1cbf763423889010dd4bca3113af66c97be2eb', 'sha256': 'e5ca789f083341f48565a2667553ea584e26671abe0b631214e81a5721b19f42'}, 'dob': {'date': '1957-12-02T23:31:14.785Z', 'age': 66}, 'registered': {'date': '2013-04-16T12:07:03.870Z', 'age': 11}, 'phone': '08-700-228', 'cell': '041-845-17-04', 'id': {'name': 'HETU', 'value': 'NaNNA932undefined'}, 'picture': {'large': 'https://randomuser.me/api/portraits/women/1.jpg', 'medium': 'https://randomuser.me/api/portraits/med/women/1.jpg', 'thumbnail': 'https://randomuser.me/api/portraits/thumb/women/1.jpg'}, 'nat': 'FI'}], 'info': {'seed': '28db9d058b3708bb', 'results': 1, 'page': 1, 'version': '1.4'}}</msg>
<arg>${json_data}</arg>
<doc>Logs the given message with the given level.</doc>
<status status="PASS" start="2024-04-20T18:17:36.971199" elapsed="0.000257"/>
</kw>
<kw name="Should Be Equal As Numbers" owner="BuiltIn">
<arg>${json_data['results'][0]['location']['postcode']}</arg>
<arg>${json_data['results'][0]['location']['postcode']}</arg>
<doc>Fails if objects are unequal after converting them to real numbers.</doc>
<status status="PASS" start="2024-04-20T18:17:36.971962" elapsed="0.000659"/>
</kw>
<kw name="Log" owner="BuiltIn">
<msg time="2024-04-20T18:17:36.973177" level="INFO">40323</msg>
<arg>${json_data['results'][0]['location']['postcode']}</arg>
<doc>Logs the given message with the given level.</doc>
<status status="PASS" start="2024-04-20T18:17:36.972832" elapsed="0.000386"/>
</kw>
<status status="PASS" start="2024-04-20T18:17:36.883513" elapsed="0.089972"/>
</kw>
<doc>Testa se os tipos de dados na resposta da API estão corretos.</doc>
<tag>testeTiposDados</tag>
<status status="PASS" start="2024-04-20T18:17:36.767630" elapsed="0.206052"/>
</test>
<test id="s1-s1-t5" name="Validar conteudo" line="35">
<kw name="Teste de Tipos de Conteudo" owner="random-user-service">
<kw name="GET On Session" owner="RequestsLibrary">
<msg time="2024-04-20T18:17:37.065691" level="INFO">GET Request : url=https://randomuser.me/api 
 path_url=/api 
 headers={'User-Agent': 'python-requests/2.31.0', 'Accept-Encoding': 'gzip, deflate', 'Accept': '*/*', 'Connection': 'keep-alive'} 
 body=None 
 </msg>
<msg time="2024-04-20T18:17:37.065792" level="INFO">GET Response : url=https://randomuser.me/api 
 status=200, reason=OK 
 headers={'Date': 'Sat, 20 Apr 2024 18:17:37 GMT', 'Content-Type': 'application/json; charset=utf-8', 'Transfer-Encoding': 'chunked', 'Connection': 'keep-alive', 'X-Powered-By': 'Express', 'Access-Control-Allow-Origin': '*', 'Cache-Control': 'no-cache', 'ETag': 'W/"492-nCb4AFUzyf4i0fACGRB/DwXHP9U"', 'Vary': 'Accept-Encoding', 'Content-Encoding': 'gzip', 'CF-Cache-Status': 'DYNAMIC', 'Report-To': '{"endpoints":[{"url":"https:\\/\\/a.nel.cloudflare.com\\/report\\/v4?s=Y6764Pf6m%2F%2BU4YKs%2Fg29L1Iu7gZihj27G12%2BiE6pToevT%2BhLQLB2XLYzAfiU78JDQuqIWOdHXUPrvazC5QdTYkJhp6O3X3bA7vmLalevmKJ%2FEMwxiWzpSguhCChNa0Wv"}],"group":"cf-nel","max_age":604800}', 'NEL': '{"success_fraction":0,"report_to":"cf-nel","max_age":604800}', 'Server': 'cloudflare', 'CF-RAY': '877721d61ce56450-SJC', 'alt-svc': 'h3=":443"; ma=86400'} 
 body={"results":[{"gender":"female","name":{"title":"Ms","first":"Amela","last":"Van Drie"},"location":{"street":{"number":5023,"name":"Burgemeester van Lierplein"},"city":"Doetinchem","state":"Noord-Brabant","country":"Netherlands","postcode":"7905 HL","coordinates":{"latitude":"35.3310","longitude":"113.0862"},"timezone":{"offset":"+4:30","description":"Kabul"}},"email":"amela.vandrie@example.com","login":{"uuid":"0cea8429-2a9b-4fdd-9ce2-3f6ea98aa33a","username":"blackduck992","password":"tttttttt","salt":"PKQ9231Y","md5":"c6c5fd7e7b15aea08c959e046a623894","sha1":"777245ed0c03c7e1fda753dcb59ff15a717ae069","sha256":"9a971313983366a241fb6bcd96e9bb7a4a30566609ad509de4d5c0e12c7b7e0d"},"dob":{"date":"1966-12-15T10:03:15.565Z","age":57},"registered":{"date":"2020-08-31T14:49:17.316Z","age":3},"phone":"(0547) 324822","cell":"(06) 58944966","id":{"name":"BSN","value":"05165092"},"picture":{"large":"https://randomuser.me/api/portraits/women/61.jpg","medium":"https://randomuser.me/api/portraits/med/women/61.jpg","thumbnail":"https://randomuser.me/api/portraits/thumb/women/61.jpg"},"nat":"NL"}],"info":{"seed":"ca0f658f1497e7cd","results":1,"page":1,"version":"1.4"}} 
 </msg>
<msg time="2024-04-20T18:17:37.065863" level="INFO">/opt/hostedtoolcache/Python/3.12.3/x64/lib/python3.12/site-packages/urllib3/connectionpool.py:1103: InsecureRequestWarning: Unverified HTTPS request is being made to host 'randomuser.me'. Adding certificate verification is strongly advised. See: https://urllib3.readthedocs.io/en/latest/advanced-usage.html#tls-warnings
  warnings.warn(</msg>
<msg time="2024-04-20T18:17:37.065980" level="INFO">${response} = &lt;Response [200]&gt;</msg>
<var>${response}</var>
<arg>consultarAPI</arg>
<arg>/api</arg>
<doc>Sends a GET request on a previously created HTTP Session.</doc>
<status status="PASS" start="2024-04-20T18:17:36.976192" elapsed="0.089820"/>
</kw>
<kw name="Set Variable" owner="BuiltIn">
<msg time="2024-04-20T18:17:37.067042" level="INFO">${json_data} = {'results': [{'gender': 'female', 'name': {'title': 'Ms', 'first': 'Amela', 'last': 'Van Drie'}, 'location': {'street': {'number': 5023, 'name': 'Burgemeester van Lierplein'}, 'city': 'Doetinchem', 's...</msg>
<var>${json_data}</var>
<arg>${response.json()}</arg>
<doc>Returns the given values which can then be assigned to a variables.</doc>
<status status="PASS" start="2024-04-20T18:17:37.066538" elapsed="0.000532"/>
</kw>
<kw name="Set Variable" owner="BuiltIn">
<msg time="2024-04-20T18:17:37.067747" level="INFO">${name_title} = Ms</msg>
<var>${name_title}</var>
<arg>${json_data["results"][0]["name"]["title"]}</arg>
<doc>Returns the given values which can then be assigned to a variables.</doc>
<status status="PASS" start="2024-04-20T18:17:37.067369" elapsed="0.000402"/>
</kw>
<kw name="Create List" owner="BuiltIn">
<msg time="2024-04-20T18:17:37.068214" level="INFO">${allowed_titles} = ['Mr', 'Ms', 'Miss', 'Mrs', 'Madame', 'Monsieur']</msg>
<var>${allowed_titles}</var>
<arg>Mr</arg>
<arg>Ms</arg>
<arg>Miss</arg>
<arg>Mrs</arg>
<arg>Madame</arg>
<arg>Monsieur</arg>
<doc>Returns a list containing given items.</doc>
<status status="PASS" start="2024-04-20T18:17:37.068067" elapsed="0.000171"/>
</kw>
<kw name="List Should Contain Value" owner="Collections">
<msg time="2024-04-20T18:17:37.068715" level="INFO">False</msg>
<arg>${allowed_titles}</arg>
<arg>${name_title}</arg>
<doc>Fails if the ``value`` is not found from ``list``.</doc>
<status status="PASS" start="2024-04-20T18:17:37.068540" elapsed="0.000210"/>
</kw>
<kw name="Set Variable" owner="BuiltIn">
<msg time="2024-04-20T18:17:37.069424" level="INFO">${name_country} = NL</msg>
<var>${name_country}</var>
<arg>${json_data["results"][0]["nat"]}</arg>
<doc>Returns the given values which can then be assigned to a variables.</doc>
<status status="PASS" start="2024-04-20T18:17:37.069039" elapsed="0.000410"/>
</kw>
<kw name="Create List" owner="BuiltIn">
<msg time="2024-04-20T18:17:37.070380" level="INFO">${list_country} = ['AD', 'AE', 'AF', 'AG', 'AI', 'AL', 'AM', 'AO', 'AQ', 'AR', 'AS', 'AT', 'AU', 'AW', 'AX', 'AZ', 'BA', 'BB', 'BD', 'BE', 'BF', 'BG', 'BH', 'BI', 'BJ', 'BL', 'BM', 'BN', 'BO', 'BQ', 'BR', 'BS', 'BT', '...</msg>
<var>${list_country}</var>
<arg>AD</arg>
<arg>AE</arg>
<arg>AF</arg>
<arg>AG</arg>
<arg>AI</arg>
<arg>AL</arg>
<arg>AM</arg>
<arg>AO</arg>
<arg>AQ</arg>
<arg>AR</arg>
<arg>AS</arg>
<arg>AT</arg>
<arg>AU</arg>
<arg>AW</arg>
<arg>AX</arg>
<arg>AZ</arg>
<arg>BA</arg>
<arg>BB</arg>
<arg>BD</arg>
<arg>BE</arg>
<arg>BF</arg>
<arg>BG</arg>
<arg>BH</arg>
<arg>BI</arg>
<arg>BJ</arg>
<arg>BL</arg>
<arg>BM</arg>
<arg>BN</arg>
<arg>BO</arg>
<arg>BQ</arg>
<arg>BR</arg>
<arg>BS</arg>
<arg>BT</arg>
<arg>BV</arg>
<arg>BW</arg>
<arg>BY</arg>
<arg>BZ</arg>
<arg>CA</arg>
<arg>CC</arg>
<arg>CD</arg>
<arg>CF</arg>
<arg>CG</arg>
<arg>CH</arg>
<arg>CI</arg>
<arg>CK</arg>
<arg>CL</arg>
<arg>CM</arg>
<arg>CN</arg>
<arg>CO</arg>
<arg>CR</arg>
<arg>CU</arg>
<arg>CV</arg>
<arg>CW</arg>
<arg>CX</arg>
<arg>CY</arg>
<arg>CZ</arg>
<arg>DE</arg>
<arg>DJ</arg>
<arg>DK</arg>
<arg>DM</arg>
<arg>DO</arg>
<arg>DZ</arg>
<arg>EC</arg>
<arg>EE</arg>
<arg>EG</arg>
<arg>EH</arg>
<arg>ER</arg>
<arg>ES</arg>
<arg>ET</arg>
<arg>FI</arg>
<arg>FJ</arg>
<arg>FK</arg>
<arg>FM</arg>
<arg>FO</arg>
<arg>FR</arg>
<arg>GA</arg>
<arg>GB</arg>
<arg>GD</arg>
<arg>GE</arg>
<arg>GF</arg>
<arg>GG</arg>
<arg>GH</arg>
<arg>GI</arg>
<arg>GL</arg>
<arg>GM</arg>
<arg>GN</arg>
<arg>GP</arg>
<arg>GQ</arg>
<arg>GR</arg>
<arg>GS</arg>
<arg>GT</arg>
<arg>GU</arg>
<arg>GW</arg>
<arg>GY</arg>
<arg>HK</arg>
<arg>HM</arg>
<arg>HN</arg>
<arg>HR</arg>
<arg>HT</arg>
<arg>HU</arg>
<arg>ID</arg>
<arg>IE</arg>
<arg>IL</arg>
<arg>IM</arg>
<arg>IN</arg>
<arg>IO</arg>
<arg>IQ</arg>
<arg>IR</arg>
<arg>IS</arg>
<arg>IT</arg>
<arg>JE</arg>
<arg>JM</arg>
<arg>JO</arg>
<arg>JP</arg>
<arg>KE</arg>
<arg>KG</arg>
<arg>KH</arg>
<arg>KI</arg>
<arg>KM</arg>
<arg>KN</arg>
<arg>KP</arg>
<arg>KR</arg>
<arg>KW</arg>
<arg>KY</arg>
<arg>KZ</arg>
<arg>LA</arg>
<arg>LB</arg>
<arg>LC</arg>
<arg>LI</arg>
<arg>LK</arg>
<arg>LR</arg>
<arg>LS</arg>
<arg>LT</arg>
<arg>LU</arg>
<arg>LV</arg>
<arg>LY</arg>
<arg>MA</arg>
<arg>MC</arg>
<arg>MD</arg>
<arg>ME</arg>
<arg>MF</arg>
<arg>MG</arg>
<arg>MH</arg>
<arg>MK</arg>
<arg>ML</arg>
<arg>MM</arg>
<arg>MN</arg>
<arg>MO</arg>
<arg>MP</arg>
<arg>MQ</arg>
<arg>MR</arg>
<arg>MS</arg>
<arg>MT</arg>
<arg>MU</arg>
<arg>MV</arg>
<arg>MW</arg>
<arg>MX</arg>
<arg>MY</arg>
<arg>MZ</arg>
<arg>NA</arg>
<arg>NC</arg>
<arg>NE</arg>
<arg>NF</arg>
<arg>NG</arg>
<arg>NI</arg>
<arg>NL</arg>
<arg>NO</arg>
<arg>NP</arg>
<arg>NR</arg>
<arg>NU</arg>
<arg>NZ</arg>
<arg>OM</arg>
<arg>PA</arg>
<arg>PE</arg>
<arg>PF</arg>
<arg>PG</arg>
<arg>PH</arg>
<arg>PK</arg>
<arg>PL</arg>
<arg>PM</arg>
<arg>PN</arg>
<arg>PR</arg>
<arg>PS</arg>
<arg>PT</arg>
<arg>PW</arg>
<arg>PY</arg>
<arg>QA</arg>
<arg>RE</arg>
<arg>RO</arg>
<arg>RS</arg>
<arg>RU</arg>
<arg>RW</arg>
<arg>SA</arg>
<arg>SB</arg>
<arg>SC</arg>
<arg>SD</arg>
<arg>SE</arg>
<arg>SG</arg>
<arg>SH</arg>
<arg>SI</arg>
<arg>SJ</arg>
<arg>SK</arg>
<arg>SL</arg>
<arg>SM</arg>
<arg>SN</arg>
<arg>SO</arg>
<arg>SR</arg>
<arg>SS</arg>
<arg>ST</arg>
<arg>SV</arg>
<arg>SX</arg>
<arg>SY</arg>
<arg>SZ</arg>
<arg>TC</arg>
<arg>TD</arg>
<arg>TF</arg>
<arg>TG</arg>
<arg>TH</arg>
<arg>TJ</arg>
<arg>TK</arg>
<arg>TL</arg>
<arg>TM</arg>
<arg>TN</arg>
<arg>TO</arg>
<arg>TR</arg>
<arg>TT</arg>
<arg>TV</arg>
<arg>TW</arg>
<arg>TZ</arg>
<arg>UA</arg>
<arg>UG</arg>
<arg>UM</arg>
<arg>US</arg>
<arg>UY</arg>
<arg>UZ</arg>
<arg>VA</arg>
<arg>VC</arg>
<arg>VE</arg>
<arg>VG</arg>
<arg>VI</arg>
<arg>VN</arg>
<arg>VU</arg>
<arg>WF</arg>
<arg>WS</arg>
<arg>XK</arg>
<arg>YE</arg>
<arg>YT</arg>
<arg>ZA</arg>
<arg>ZM</arg>
<arg>ZW</arg>
<doc>Returns a list containing given items.</doc>
<status status="PASS" start="2024-04-20T18:17:37.069774" elapsed="0.000631"/>
</kw>
<kw name="List Should Contain Value" owner="Collections">
<msg time="2024-04-20T18:17:37.071392" level="INFO">False</msg>
<arg>${list_country}</arg>
<arg>${name_country}</arg>
<doc>Fails if the ``value`` is not found from ``list``.</doc>
<status status="PASS" start="2024-04-20T18:17:37.071196" elapsed="0.000232"/>
</kw>
<kw name="Run Keyword If" owner="BuiltIn">
<kw name="Should Be True" owner="BuiltIn">
<arg>${True}</arg>
<doc>Fails if the given condition is not true.</doc>
<status status="PASS" start="2024-04-20T18:17:37.072482" elapsed="0.000255"/>
</kw>
<arg>${json_data["results"][0]["location"]["coordinates"]["latitude"]} &gt;= -90 and ${json_data["results"][0]["location"]["coordinates"]["latitude"]} &lt;= 90</arg>
<arg>Should Be True</arg>
<arg>${True}</arg>
<doc>Runs the given keyword with the given arguments, if ``condition`` is true.</doc>
<status status="PASS" start="2024-04-20T18:17:37.071736" elapsed="0.001132"/>
</kw>
<kw name="Run Keyword If" owner="BuiltIn">
<kw name="Should Be True" owner="BuiltIn">
<arg>${True}</arg>
<doc>Fails if the given condition is not true.</doc>
<status status="PASS" start="2024-04-20T18:17:37.073790" elapsed="0.000139"/>
</kw>
<arg>${json_data["results"][0]["location"]["coordinates"]["longitude"]} &gt;= -180 and ${json_data["results"][0]["location"]["coordinates"]["longitude"]} &lt;= 180</arg>
<arg>Should Be True</arg>
<arg>${True}</arg>
<doc>Runs the given keyword with the given arguments, if ``condition`` is true.</doc>
<status status="PASS" start="2024-04-20T18:17:37.073054" elapsed="0.000997"/>
</kw>
<status status="PASS" start="2024-04-20T18:17:36.975952" elapsed="0.098230"/>
</kw>
<doc>Testa o conteúdo específico dos campos retornados pela API.</doc>
<tag>testeConteudo</tag>
<status status="PASS" start="2024-04-20T18:17:36.975470" elapsed="0.098859"/>
</test>
<status status="PASS" start="2024-04-20T18:17:36.047169" elapsed="1.029100"/>
</suite>
<status status="PASS" start="2024-04-20T18:17:36.033410" elapsed="1.047962"/>
</suite>
<statistics>
<total>
<stat pass="5" fail="0" skip="0">All Tests</stat>
</total>
<tag>
<stat pass="1" fail="0" skip="0">testeConteudo</stat>
<stat pass="1" fail="0" skip="0">testeEstruturaResposta</stat>
<stat pass="1" fail="0" skip="0">testeRequisicaoBasica</stat>
<stat pass="1" fail="0" skip="0">testeTiposDados</stat>
</tag>
<suite>
<stat pass="5" fail="0" skip="0" id="s1" name="Tests">Tests</stat>
<stat pass="5" fail="0" skip="0" id="s1-s1" name="Random-User-Test">Tests.Random-User-Test</stat>
</suite>
</statistics>
<errors>
</errors>
</robot>
