<?xml version="1.0" encoding="UTF-8"?>
<robot generator="Robot 7.0.1 (Python 3.12.4 on linux)" generated="2024-07-17T11:13:21.055041" rpa="false" schemaversion="5">
<suite id="s1" name="Tests" source="/home/runner/work/ApiRandomUser/ApiRandomUser/RamdonUser/tests">
<suite id="s1-s1" name="Random-User-Test" source="/home/runner/work/ApiRandomUser/ApiRandomUser/RamdonUser/tests/random-user-test.robot">
<test id="s1-s1-t1" name="Conectar" line="13">
<kw name="Conectar API" owner="random-user-service">
<kw name="Create Session" owner="RequestsLibrary">
<msg time="2024-07-17T11:13:21.470031" level="INFO">Creating Session using : alias=consultarAPI, url=https://randomuser.me/, headers={},                     cookies={}, auth=None, timeout=None, proxies=None, verify=False,                     debug=0 </msg>
<arg>consultarAPI</arg>
<arg>${URL}</arg>
<doc>Create Session: create a HTTP session to a server</doc>
<status status="PASS" start="2024-07-17T11:13:21.469782" elapsed="0.000462"/>
</kw>
<status status="PASS" start="2024-07-17T11:13:21.468683" elapsed="0.001979"/>
</kw>
<status status="PASS" start="2024-07-17T11:13:21.467934" elapsed="0.002937"/>
</test>
<test id="s1-s1-t2" name="Validar retorno 200 e JSON Válido" line="16">
<kw name="Teste de Requisicao Basica" owner="random-user-service">
<kw name="GET On Session" owner="RequestsLibrary">
<msg time="2024-07-17T11:13:21.951724" level="INFO">GET Request : url=https://randomuser.me/api 
 path_url=/api 
 headers={'User-Agent': 'python-requests/2.32.3', 'Accept-Encoding': 'gzip, deflate', 'Accept': '*/*', 'Connection': 'keep-alive'} 
 body=None 
 </msg>
<msg time="2024-07-17T11:13:21.951882" level="INFO">GET Response : url=https://randomuser.me/api 
 status=200, reason=OK 
 headers={'Date': 'Wed, 17 Jul 2024 11:13:21 GMT', 'Content-Type': 'application/json; charset=utf-8', 'Transfer-Encoding': 'chunked', 'Connection': 'keep-alive', 'X-Powered-By': 'Express', 'Access-Control-Allow-Origin': '*', 'Cache-Control': 'no-cache', 'ETag': 'W/"491-JHrA4SQUq9Oo651w+pKb5akq+TE"', 'Vary': 'Accept-Encoding', 'Content-Encoding': 'gzip', 'CF-Cache-Status': 'DYNAMIC', 'Report-To': '{"endpoints":[{"url":"https:\\/\\/a.nel.cloudflare.com\\/report\\/v4?s=p7rWwYSNLcUUoKjyYK3875WfiWb4qRKJNTyDgBDZpj53i8ZuRHSfukZjMtIeB7Eh8%2B%2FTEL4snGBNDx%2FNgbffMo3b5selN9aExu7wwZDZTcyY6c2DobetrAn7LFV6qJXP"}],"group":"cf-nel","max_age":604800}', 'NEL': '{"success_fraction":0,"report_to":"cf-nel","max_age":604800}', 'Server': 'cloudflare', 'CF-RAY': '8a49cd5e6c3d2c8c-ORD', 'alt-svc': 'h3=":443"; ma=86400'} 
 body={"results":[{"gender":"male","name":{"title":"Mr","first":"José Eduardo","last":"Rivas"},"location":{"street":{"number":9396,"name":"Ampliación Hidalgo"},"city":"Pozo de Gamboa","state":"Jalisco","country":"Mexico","postcode":51597,"coordinates":{"latitude":"26.9625","longitude":"-102.8037"},"timezone":{"offset":"-2:00","description":"Mid-Atlantic"}},"email":"joseeduardo.rivas@example.com","login":{"uuid":"8c6f0977-2d39-4638-b553-a13bcde0b4ab","username":"greenduck677","password":"eduard","salt":"k2mJzoFR","md5":"f372d5ba877ef1935803c337915f543e","sha1":"68d516dda742669a4af8f1134cec4e2aa07bebfd","sha256":"bcf5ab4c37063e5770fc47697c062f87e699b41ca91325e1c2ff3f14e595dffe"},"dob":{"date":"1950-07-15T04:17:32.187Z","age":74},"registered":{"date":"2007-01-30T00:39:12.869Z","age":17},"phone":"(678) 907 2676","cell":"(658) 425 6855","id":{"name":"NSS","value":"83 13 61 8548 2"},"picture":{"large":"https://randomuser.me/api/portraits/men/74.jpg","medium":"https://randomuser.me/api/portraits/med/men/74.jpg","thumbnail":"https://randomuser.me/api/portraits/thumb/men/74.jpg"},"nat":"MX"}],"info":{"seed":"96723dc84d2a61ae","results":1,"page":1,"version":"1.4"}} 
 </msg>
<msg time="2024-07-17T11:13:21.951965" level="INFO">/opt/hostedtoolcache/Python/3.12.4/x64/lib/python3.12/site-packages/urllib3/connectionpool.py:1099: InsecureRequestWarning: Unverified HTTPS request is being made to host 'randomuser.me'. Adding certificate verification is strongly advised. See: https://urllib3.readthedocs.io/en/latest/advanced-usage.html#tls-warnings
  warnings.warn(</msg>
<msg time="2024-07-17T11:13:21.952116" level="INFO">${response} = &lt;Response [200]&gt;</msg>
<var>${response}</var>
<arg>consultarAPI</arg>
<arg>/api</arg>
<doc>Sends a GET request on a previously created HTTP Session.</doc>
<status status="PASS" start="2024-07-17T11:13:21.473822" elapsed="0.478473"/>
</kw>
<kw name="Should Be Equal As Numbers" owner="BuiltIn">
<msg time="2024-07-17T11:13:21.953449" level="INFO">Argument types are:
&lt;class 'int'&gt;
&lt;class 'str'&gt;</msg>
<arg>${response.status_code}</arg>
<arg>200</arg>
<doc>Fails if objects are unequal after converting them to real numbers.</doc>
<status status="PASS" start="2024-07-17T11:13:21.952980" elapsed="0.000538"/>
</kw>
<kw name="Log" owner="BuiltIn">
<msg time="2024-07-17T11:13:21.954202" level="INFO">200</msg>
<arg>${response.status_code}</arg>
<doc>Logs the given message with the given level.</doc>
<status status="PASS" start="2024-07-17T11:13:21.953849" elapsed="0.000395"/>
</kw>
<kw name="Set Variable" owner="BuiltIn">
<msg time="2024-07-17T11:13:21.954980" level="INFO">${json_data} = {'results': [{'gender': 'male', 'name': {'title': 'Mr', 'first': 'José Eduardo', 'last': 'Rivas'}, 'location': {'street': {'number': 9396, 'name': 'Ampliación Hidalgo'}, 'city': 'Pozo de Gamboa', 'sta...</msg>
<var>${json_data}</var>
<arg>${response.json()}</arg>
<doc>Returns the given values which can then be assigned to a variables.</doc>
<status status="PASS" start="2024-07-17T11:13:21.954543" elapsed="0.000467"/>
</kw>
<kw name="Dictionary Should Contain Key" owner="Collections">
<arg>${json_data}</arg>
<arg>results</arg>
<doc>Fails if ``key`` is not found from ``dictionary``.</doc>
<status status="PASS" start="2024-07-17T11:13:21.955350" elapsed="0.000170"/>
</kw>
<status status="PASS" start="2024-07-17T11:13:21.473521" elapsed="0.482149"/>
</kw>
<doc>Testa se a API responde corretamente e retorna um objeto JSON válido.</doc>
<tag>testeRequisicaoBasica</tag>
<status status="PASS" start="2024-07-17T11:13:21.472864" elapsed="0.482988"/>
</test>
<test id="s1-s1-t3" name="Validar estrutura de resposta" line="22">
<kw name="Teste de Estrutura de Resposta" owner="random-user-service">
<kw name="GET On Session" owner="RequestsLibrary">
<msg time="2024-07-17T11:13:22.010543" level="INFO">GET Request : url=https://randomuser.me/api 
 path_url=/api 
 headers={'User-Agent': 'python-requests/2.32.3', 'Accept-Encoding': 'gzip, deflate', 'Accept': '*/*', 'Connection': 'keep-alive'} 
 body=None 
 </msg>
<msg time="2024-07-17T11:13:22.010660" level="INFO">GET Response : url=https://randomuser.me/api 
 status=200, reason=OK 
 headers={'Date': 'Wed, 17 Jul 2024 11:13:22 GMT', 'Content-Type': 'application/json; charset=utf-8', 'Transfer-Encoding': 'chunked', 'Connection': 'keep-alive', 'X-Powered-By': 'Express', 'Access-Control-Allow-Origin': '*', 'Cache-Control': 'no-cache', 'ETag': 'W/"49b-GHJk5RtSiNtpekRZRm9sbCsGWyk"', 'Vary': 'Accept-Encoding', 'Content-Encoding': 'gzip', 'CF-Cache-Status': 'DYNAMIC', 'Report-To': '{"endpoints":[{"url":"https:\\/\\/a.nel.cloudflare.com\\/report\\/v4?s=Itt1BPbeiX8klIe600P%2FP%2FDMXBxcVqCYSsKfmBx4TMnvcsgKKtO2murbEyX%2FYir%2B5Sg4AAXt4xa1XrMLgHfb110Rl2KZllwZ2zexiOPd8sn15akIhfOQSp76PjVHqy6H"}],"group":"cf-nel","max_age":604800}', 'NEL': '{"success_fraction":0,"report_to":"cf-nel","max_age":604800}', 'Server': 'cloudflare', 'CF-RAY': '8a49cd603d922c8c-ORD', 'alt-svc': 'h3=":443"; ma=86400'} 
 body={"results":[{"gender":"male","name":{"title":"Mr","first":"Nicolás","last":"Cepeda"},"location":{"street":{"number":5717,"name":"Avenida Hidalgo"},"city":"Mineral del Monte","state":"Baja California Sur","country":"Mexico","postcode":78019,"coordinates":{"latitude":"29.4759","longitude":"-26.0048"},"timezone":{"offset":"+9:30","description":"Adelaide, Darwin"}},"email":"nicolas.cepeda@example.com","login":{"uuid":"b3e9181c-fdee-41e0-9234-c15bc65e8718","username":"blueelephant779","password":"brewer","salt":"9145g5a1","md5":"7d5aaeb6b50a8bd8ae72eb2ef24e95c3","sha1":"2450cd1bddc68eaccf683cada8b006d7d4101179","sha256":"cff234eeb527c15b94a8cf3659d3a29747c894a4b46acf99424c5a5fe4868b86"},"dob":{"date":"1948-12-31T14:13:32.277Z","age":75},"registered":{"date":"2009-05-19T13:12:54.642Z","age":15},"phone":"(684) 395 4154","cell":"(666) 763 7310","id":{"name":"NSS","value":"47 13 94 7008 6"},"picture":{"large":"https://randomuser.me/api/portraits/men/72.jpg","medium":"https://randomuser.me/api/portraits/med/men/72.jpg","thumbnail":"https://randomuser.me/api/portraits/thumb/men/72.jpg"},"nat":"MX"}],"info":{"seed":"f57ff064b7213cf9","results":1,"page":1,"version":"1.4"}} 
 </msg>
<msg time="2024-07-17T11:13:22.010822" level="INFO">/opt/hostedtoolcache/Python/3.12.4/x64/lib/python3.12/site-packages/urllib3/connectionpool.py:1099: InsecureRequestWarning: Unverified HTTPS request is being made to host 'randomuser.me'. Adding certificate verification is strongly advised. See: https://urllib3.readthedocs.io/en/latest/advanced-usage.html#tls-warnings
  warnings.warn(</msg>
<msg time="2024-07-17T11:13:22.010958" level="INFO">${response} = &lt;Response [200]&gt;</msg>
<var>${response}</var>
<arg>consultarAPI</arg>
<arg>/api</arg>
<doc>Sends a GET request on a previously created HTTP Session.</doc>
<status status="PASS" start="2024-07-17T11:13:21.958592" elapsed="0.052412"/>
</kw>
<kw name="Set Variable" owner="BuiltIn">
<msg time="2024-07-17T11:13:22.012284" level="INFO">${json_data} = {'results': [{'gender': 'male', 'name': {'title': 'Mr', 'first': 'Nicolás', 'last': 'Cepeda'}, 'location': {'street': {'number': 5717, 'name': 'Avenida Hidalgo'}, 'city': 'Mineral del Monte', 'state':...</msg>
<var>${json_data}</var>
<arg>${response.json()}</arg>
<doc>Returns the given values which can then be assigned to a variables.</doc>
<status status="PASS" start="2024-07-17T11:13:22.011689" elapsed="0.000625"/>
</kw>
<kw name="Log" owner="BuiltIn">
<msg time="2024-07-17T11:13:22.012820" level="INFO">{'results': [{'gender': 'male', 'name': {'title': 'Mr', 'first': 'Nicolás', 'last': 'Cepeda'}, 'location': {'street': {'number': 5717, 'name': 'Avenida Hidalgo'}, 'city': 'Mineral del Monte', 'state': 'Baja California Sur', 'country': 'Mexico', 'postcode': 78019, 'coordinates': {'latitude': '29.4759', 'longitude': '-26.0048'}, 'timezone': {'offset': '+9:30', 'description': 'Adelaide, Darwin'}}, 'email': 'nicolas.cepeda@example.com', 'login': {'uuid': 'b3e9181c-fdee-41e0-9234-c15bc65e8718', 'username': 'blueelephant779', 'password': 'brewer', 'salt': '9145g5a1', 'md5': '7d5aaeb6b50a8bd8ae72eb2ef24e95c3', 'sha1': '2450cd1bddc68eaccf683cada8b006d7d4101179', 'sha256': 'cff234eeb527c15b94a8cf3659d3a29747c894a4b46acf99424c5a5fe4868b86'}, 'dob': {'date': '1948-12-31T14:13:32.277Z', 'age': 75}, 'registered': {'date': '2009-05-19T13:12:54.642Z', 'age': 15}, 'phone': '(684) 395 4154', 'cell': '(666) 763 7310', 'id': {'name': 'NSS', 'value': '47 13 94 7008 6'}, 'picture': {'large': 'https://randomuser.me/api/portraits/men/72.jpg', 'medium': 'https://randomuser.me/api/portraits/med/men/72.jpg', 'thumbnail': 'https://randomuser.me/api/portraits/thumb/men/72.jpg'}, 'nat': 'MX'}], 'info': {'seed': 'f57ff064b7213cf9', 'results': 1, 'page': 1, 'version': '1.4'}}</msg>
<arg>${json_data}</arg>
<doc>Logs the given message with the given level.</doc>
<status status="PASS" start="2024-07-17T11:13:22.012654" elapsed="0.000217"/>
</kw>
<kw name="Dictionary Should Contain Key" owner="Collections">
<arg>${json_data}</arg>
<arg>results</arg>
<doc>Fails if ``key`` is not found from ``dictionary``.</doc>
<status status="PASS" start="2024-07-17T11:13:22.013165" elapsed="0.000166"/>
</kw>
<kw name="Should Not Be Empty" owner="BuiltIn">
<msg time="2024-07-17T11:13:22.013642" level="INFO">Length is 2.</msg>
<arg>${json_data}</arg>
<doc>Verifies that the given item is not empty.</doc>
<status status="PASS" start="2024-07-17T11:13:22.013514" elapsed="0.000166"/>
</kw>
<kw name="Create List" owner="BuiltIn">
<msg time="2024-07-17T11:13:22.014120" level="INFO">${expected_keys} = ['gender', 'name', 'location', 'email', 'login']</msg>
<var>${expected_keys}</var>
<arg>gender</arg>
<arg>name</arg>
<arg>location</arg>
<arg>email</arg>
<arg>login</arg>
<doc>Returns a list containing given items.</doc>
<status status="PASS" start="2024-07-17T11:13:22.013972" elapsed="0.000172"/>
</kw>
<for flavor="IN">
<iter>
<kw name="Dictionary Should Contain Key" owner="Collections">
<arg>${json_data['results'][0]}</arg>
<arg>${key}</arg>
<doc>Fails if ``key`` is not found from ``dictionary``.</doc>
<status status="PASS" start="2024-07-17T11:13:22.014899" elapsed="0.000436"/>
</kw>
<kw name="Log" owner="BuiltIn">
<msg time="2024-07-17T11:13:22.015895" level="INFO">{'gender': 'male', 'name': {'title': 'Mr', 'first': 'Nicolás', 'last': 'Cepeda'}, 'location': {'street': {'number': 5717, 'name': 'Avenida Hidalgo'}, 'city': 'Mineral del Monte', 'state': 'Baja California Sur', 'country': 'Mexico', 'postcode': 78019, 'coordinates': {'latitude': '29.4759', 'longitude': '-26.0048'}, 'timezone': {'offset': '+9:30', 'description': 'Adelaide, Darwin'}}, 'email': 'nicolas.cepeda@example.com', 'login': {'uuid': 'b3e9181c-fdee-41e0-9234-c15bc65e8718', 'username': 'blueelephant779', 'password': 'brewer', 'salt': '9145g5a1', 'md5': '7d5aaeb6b50a8bd8ae72eb2ef24e95c3', 'sha1': '2450cd1bddc68eaccf683cada8b006d7d4101179', 'sha256': 'cff234eeb527c15b94a8cf3659d3a29747c894a4b46acf99424c5a5fe4868b86'}, 'dob': {'date': '1948-12-31T14:13:32.277Z', 'age': 75}, 'registered': {'date': '2009-05-19T13:12:54.642Z', 'age': 15}, 'phone': '(684) 395 4154', 'cell': '(666) 763 7310', 'id': {'name': 'NSS', 'value': '47 13 94 7008 6'}, 'picture': {'large': 'https://randomuser.me/api/portraits/men/72.jpg', 'medium': 'https://randomuser.me/api/portraits/med/men/72.jpg', 'thumbnail': 'https://randomuser.me/api/portraits/thumb/men/72.jpg'}, 'nat': 'MX'}</msg>
<arg>${json_data['results'][0]}</arg>
<doc>Logs the given message with the given level.</doc>
<status status="PASS" start="2024-07-17T11:13:22.015526" elapsed="0.000425"/>
</kw>
<kw name="Log" owner="BuiltIn">
<msg time="2024-07-17T11:13:22.016379" level="INFO">gender</msg>
<arg>${key}</arg>
<doc>Logs the given message with the given level.</doc>
<status status="PASS" start="2024-07-17T11:13:22.016252" elapsed="0.000165"/>
</kw>
<var name="${key}">gender</var>
<status status="PASS" start="2024-07-17T11:13:22.014772" elapsed="0.001859"/>
</iter>
<iter>
<kw name="Dictionary Should Contain Key" owner="Collections">
<arg>${json_data['results'][0]}</arg>
<arg>${key}</arg>
<doc>Fails if ``key`` is not found from ``dictionary``.</doc>
<status status="PASS" start="2024-07-17T11:13:22.016929" elapsed="0.000384"/>
</kw>
<kw name="Log" owner="BuiltIn">
<msg time="2024-07-17T11:13:22.017886" level="INFO">{'gender': 'male', 'name': {'title': 'Mr', 'first': 'Nicolás', 'last': 'Cepeda'}, 'location': {'street': {'number': 5717, 'name': 'Avenida Hidalgo'}, 'city': 'Mineral del Monte', 'state': 'Baja California Sur', 'country': 'Mexico', 'postcode': 78019, 'coordinates': {'latitude': '29.4759', 'longitude': '-26.0048'}, 'timezone': {'offset': '+9:30', 'description': 'Adelaide, Darwin'}}, 'email': 'nicolas.cepeda@example.com', 'login': {'uuid': 'b3e9181c-fdee-41e0-9234-c15bc65e8718', 'username': 'blueelephant779', 'password': 'brewer', 'salt': '9145g5a1', 'md5': '7d5aaeb6b50a8bd8ae72eb2ef24e95c3', 'sha1': '2450cd1bddc68eaccf683cada8b006d7d4101179', 'sha256': 'cff234eeb527c15b94a8cf3659d3a29747c894a4b46acf99424c5a5fe4868b86'}, 'dob': {'date': '1948-12-31T14:13:32.277Z', 'age': 75}, 'registered': {'date': '2009-05-19T13:12:54.642Z', 'age': 15}, 'phone': '(684) 395 4154', 'cell': '(666) 763 7310', 'id': {'name': 'NSS', 'value': '47 13 94 7008 6'}, 'picture': {'large': 'https://randomuser.me/api/portraits/men/72.jpg', 'medium': 'https://randomuser.me/api/portraits/med/men/72.jpg', 'thumbnail': 'https://randomuser.me/api/portraits/thumb/men/72.jpg'}, 'nat': 'MX'}</msg>
<arg>${json_data['results'][0]}</arg>
<doc>Logs the given message with the given level.</doc>
<status status="PASS" start="2024-07-17T11:13:22.017495" elapsed="0.000443"/>
</kw>
<kw name="Log" owner="BuiltIn">
<msg time="2024-07-17T11:13:22.018362" level="INFO">name</msg>
<arg>${key}</arg>
<doc>Logs the given message with the given level.</doc>
<status status="PASS" start="2024-07-17T11:13:22.018235" elapsed="0.000165"/>
</kw>
<var name="${key}">name</var>
<status status="PASS" start="2024-07-17T11:13:22.016815" elapsed="0.001802"/>
</iter>
<iter>
<kw name="Dictionary Should Contain Key" owner="Collections">
<arg>${json_data['results'][0]}</arg>
<arg>${key}</arg>
<doc>Fails if ``key`` is not found from ``dictionary``.</doc>
<status status="PASS" start="2024-07-17T11:13:22.018898" elapsed="0.000398"/>
</kw>
<kw name="Log" owner="BuiltIn">
<msg time="2024-07-17T11:13:22.019824" level="INFO">{'gender': 'male', 'name': {'title': 'Mr', 'first': 'Nicolás', 'last': 'Cepeda'}, 'location': {'street': {'number': 5717, 'name': 'Avenida Hidalgo'}, 'city': 'Mineral del Monte', 'state': 'Baja California Sur', 'country': 'Mexico', 'postcode': 78019, 'coordinates': {'latitude': '29.4759', 'longitude': '-26.0048'}, 'timezone': {'offset': '+9:30', 'description': 'Adelaide, Darwin'}}, 'email': 'nicolas.cepeda@example.com', 'login': {'uuid': 'b3e9181c-fdee-41e0-9234-c15bc65e8718', 'username': 'blueelephant779', 'password': 'brewer', 'salt': '9145g5a1', 'md5': '7d5aaeb6b50a8bd8ae72eb2ef24e95c3', 'sha1': '2450cd1bddc68eaccf683cada8b006d7d4101179', 'sha256': 'cff234eeb527c15b94a8cf3659d3a29747c894a4b46acf99424c5a5fe4868b86'}, 'dob': {'date': '1948-12-31T14:13:32.277Z', 'age': 75}, 'registered': {'date': '2009-05-19T13:12:54.642Z', 'age': 15}, 'phone': '(684) 395 4154', 'cell': '(666) 763 7310', 'id': {'name': 'NSS', 'value': '47 13 94 7008 6'}, 'picture': {'large': 'https://randomuser.me/api/portraits/men/72.jpg', 'medium': 'https://randomuser.me/api/portraits/med/men/72.jpg', 'thumbnail': 'https://randomuser.me/api/portraits/thumb/men/72.jpg'}, 'nat': 'MX'}</msg>
<arg>${json_data['results'][0]}</arg>
<doc>Logs the given message with the given level.</doc>
<status status="PASS" start="2024-07-17T11:13:22.019475" elapsed="0.000398"/>
</kw>
<kw name="Log" owner="BuiltIn">
<msg time="2024-07-17T11:13:22.020298" level="INFO">location</msg>
<arg>${key}</arg>
<doc>Logs the given message with the given level.</doc>
<status status="PASS" start="2024-07-17T11:13:22.020173" elapsed="0.000162"/>
</kw>
<var name="${key}">location</var>
<status status="PASS" start="2024-07-17T11:13:22.018791" elapsed="0.001760"/>
</iter>
<iter>
<kw name="Dictionary Should Contain Key" owner="Collections">
<arg>${json_data['results'][0]}</arg>
<arg>${key}</arg>
<doc>Fails if ``key`` is not found from ``dictionary``.</doc>
<status status="PASS" start="2024-07-17T11:13:22.020827" elapsed="0.000380"/>
</kw>
<kw name="Log" owner="BuiltIn">
<msg time="2024-07-17T11:13:22.021742" level="INFO">{'gender': 'male', 'name': {'title': 'Mr', 'first': 'Nicolás', 'last': 'Cepeda'}, 'location': {'street': {'number': 5717, 'name': 'Avenida Hidalgo'}, 'city': 'Mineral del Monte', 'state': 'Baja California Sur', 'country': 'Mexico', 'postcode': 78019, 'coordinates': {'latitude': '29.4759', 'longitude': '-26.0048'}, 'timezone': {'offset': '+9:30', 'description': 'Adelaide, Darwin'}}, 'email': 'nicolas.cepeda@example.com', 'login': {'uuid': 'b3e9181c-fdee-41e0-9234-c15bc65e8718', 'username': 'blueelephant779', 'password': 'brewer', 'salt': '9145g5a1', 'md5': '7d5aaeb6b50a8bd8ae72eb2ef24e95c3', 'sha1': '2450cd1bddc68eaccf683cada8b006d7d4101179', 'sha256': 'cff234eeb527c15b94a8cf3659d3a29747c894a4b46acf99424c5a5fe4868b86'}, 'dob': {'date': '1948-12-31T14:13:32.277Z', 'age': 75}, 'registered': {'date': '2009-05-19T13:12:54.642Z', 'age': 15}, 'phone': '(684) 395 4154', 'cell': '(666) 763 7310', 'id': {'name': 'NSS', 'value': '47 13 94 7008 6'}, 'picture': {'large': 'https://randomuser.me/api/portraits/men/72.jpg', 'medium': 'https://randomuser.me/api/portraits/med/men/72.jpg', 'thumbnail': 'https://randomuser.me/api/portraits/thumb/men/72.jpg'}, 'nat': 'MX'}</msg>
<arg>${json_data['results'][0]}</arg>
<doc>Logs the given message with the given level.</doc>
<status status="PASS" start="2024-07-17T11:13:22.021394" elapsed="0.000397"/>
</kw>
<kw name="Log" owner="BuiltIn">
<msg time="2024-07-17T11:13:22.022212" level="INFO">email</msg>
<arg>${key}</arg>
<doc>Logs the given message with the given level.</doc>
<status status="PASS" start="2024-07-17T11:13:22.022086" elapsed="0.000164"/>
</kw>
<var name="${key}">email</var>
<status status="PASS" start="2024-07-17T11:13:22.020719" elapsed="0.001750"/>
</iter>
<iter>
<kw name="Dictionary Should Contain Key" owner="Collections">
<arg>${json_data['results'][0]}</arg>
<arg>${key}</arg>
<doc>Fails if ``key`` is not found from ``dictionary``.</doc>
<status status="PASS" start="2024-07-17T11:13:22.022754" elapsed="0.000423"/>
</kw>
<kw name="Log" owner="BuiltIn">
<msg time="2024-07-17T11:13:22.023710" level="INFO">{'gender': 'male', 'name': {'title': 'Mr', 'first': 'Nicolás', 'last': 'Cepeda'}, 'location': {'street': {'number': 5717, 'name': 'Avenida Hidalgo'}, 'city': 'Mineral del Monte', 'state': 'Baja California Sur', 'country': 'Mexico', 'postcode': 78019, 'coordinates': {'latitude': '29.4759', 'longitude': '-26.0048'}, 'timezone': {'offset': '+9:30', 'description': 'Adelaide, Darwin'}}, 'email': 'nicolas.cepeda@example.com', 'login': {'uuid': 'b3e9181c-fdee-41e0-9234-c15bc65e8718', 'username': 'blueelephant779', 'password': 'brewer', 'salt': '9145g5a1', 'md5': '7d5aaeb6b50a8bd8ae72eb2ef24e95c3', 'sha1': '2450cd1bddc68eaccf683cada8b006d7d4101179', 'sha256': 'cff234eeb527c15b94a8cf3659d3a29747c894a4b46acf99424c5a5fe4868b86'}, 'dob': {'date': '1948-12-31T14:13:32.277Z', 'age': 75}, 'registered': {'date': '2009-05-19T13:12:54.642Z', 'age': 15}, 'phone': '(684) 395 4154', 'cell': '(666) 763 7310', 'id': {'name': 'NSS', 'value': '47 13 94 7008 6'}, 'picture': {'large': 'https://randomuser.me/api/portraits/men/72.jpg', 'medium': 'https://randomuser.me/api/portraits/med/men/72.jpg', 'thumbnail': 'https://randomuser.me/api/portraits/thumb/men/72.jpg'}, 'nat': 'MX'}</msg>
<arg>${json_data['results'][0]}</arg>
<doc>Logs the given message with the given level.</doc>
<status status="PASS" start="2024-07-17T11:13:22.023361" elapsed="0.000399"/>
</kw>
<kw name="Log" owner="BuiltIn">
<msg time="2024-07-17T11:13:22.024183" level="INFO">login</msg>
<arg>${key}</arg>
<doc>Logs the given message with the given level.</doc>
<status status="PASS" start="2024-07-17T11:13:22.024058" elapsed="0.000162"/>
</kw>
<var name="${key}">login</var>
<status status="PASS" start="2024-07-17T11:13:22.022640" elapsed="0.001801"/>
</iter>
<var>${key}</var>
<value>@{expected_keys}</value>
<status status="PASS" start="2024-07-17T11:13:22.014573" elapsed="0.009989"/>
</for>
<kw name="Create List" owner="BuiltIn">
<msg time="2024-07-17T11:13:22.024928" level="INFO">${expected_keysTwo} = ['username', 'password']</msg>
<var>${expected_keysTwo}</var>
<arg>username</arg>
<arg>password</arg>
<doc>Returns a list containing given items.</doc>
<status status="PASS" start="2024-07-17T11:13:22.024755" elapsed="0.000198"/>
</kw>
<for flavor="IN">
<iter>
<kw name="Dictionary Should Contain Key" owner="Collections">
<arg>${json_data['results'][0]['login']}</arg>
<arg>${keyTwo}</arg>
<doc>Fails if ``key`` is not found from ``dictionary``.</doc>
<status status="PASS" start="2024-07-17T11:13:22.025455" elapsed="0.000388"/>
</kw>
<kw name="Dictionary Should Contain Key" owner="Collections">
<arg>${json_data['results'][0]['login']}</arg>
<arg>${keyTwo}</arg>
<doc>Fails if ``key`` is not found from ``dictionary``.</doc>
<status status="PASS" start="2024-07-17T11:13:22.026031" elapsed="0.000366"/>
</kw>
<kw name="Log" owner="BuiltIn">
<msg time="2024-07-17T11:13:22.026701" level="INFO">username</msg>
<arg>${keyTwo}</arg>
<doc>Logs the given message with the given level.</doc>
<status status="PASS" start="2024-07-17T11:13:22.026580" elapsed="0.000159"/>
</kw>
<var name="${keyTwo}">username</var>
<status status="PASS" start="2024-07-17T11:13:22.025348" elapsed="0.001616"/>
</iter>
<iter>
<kw name="Dictionary Should Contain Key" owner="Collections">
<arg>${json_data['results'][0]['login']}</arg>
<arg>${keyTwo}</arg>
<doc>Fails if ``key`` is not found from ``dictionary``.</doc>
<status status="PASS" start="2024-07-17T11:13:22.027270" elapsed="0.000383"/>
</kw>
<kw name="Dictionary Should Contain Key" owner="Collections">
<arg>${json_data['results'][0]['login']}</arg>
<arg>${keyTwo}</arg>
<doc>Fails if ``key`` is not found from ``dictionary``.</doc>
<status status="PASS" start="2024-07-17T11:13:22.027832" elapsed="0.000370"/>
</kw>
<kw name="Log" owner="BuiltIn">
<msg time="2024-07-17T11:13:22.028496" level="INFO">password</msg>
<arg>${keyTwo}</arg>
<doc>Logs the given message with the given level.</doc>
<status status="PASS" start="2024-07-17T11:13:22.028377" elapsed="0.000161"/>
</kw>
<var name="${keyTwo}">password</var>
<status status="PASS" start="2024-07-17T11:13:22.027162" elapsed="0.001596"/>
</iter>
<var>${keyTwo}</var>
<value>@{expected_keysTwo}</value>
<status status="PASS" start="2024-07-17T11:13:22.025192" elapsed="0.003686"/>
</for>
<status status="PASS" start="2024-07-17T11:13:21.958346" elapsed="0.070674"/>
</kw>
<doc>Testa a estrutura da resposta da API.</doc>
<tag>testeEstruturaResposta</tag>
<status status="PASS" start="2024-07-17T11:13:21.957714" elapsed="0.071465"/>
</test>
<test id="s1-s1-t4" name="Validar tipos de dados" line="28">
<kw name="Teste de Tipos de Dados" owner="random-user-service">
<kw name="GET On Session" owner="RequestsLibrary">
<msg time="2024-07-17T11:13:22.100990" level="INFO">GET Request : url=https://randomuser.me/api 
 path_url=/api 
 headers={'User-Agent': 'python-requests/2.32.3', 'Accept-Encoding': 'gzip, deflate', 'Accept': '*/*', 'Connection': 'keep-alive'} 
 body=None 
 </msg>
<msg time="2024-07-17T11:13:22.101089" level="INFO">GET Response : url=https://randomuser.me/api 
 status=200, reason=OK 
 headers={'Date': 'Wed, 17 Jul 2024 11:13:22 GMT', 'Content-Type': 'application/json; charset=utf-8', 'Transfer-Encoding': 'chunked', 'Connection': 'keep-alive', 'X-Powered-By': 'Express', 'Access-Control-Allow-Origin': '*', 'Cache-Control': 'no-cache', 'ETag': 'W/"480-ky5k8mzXtVXp39PiYuDOsbSYFVE"', 'Vary': 'Accept-Encoding', 'Content-Encoding': 'gzip', 'CF-Cache-Status': 'DYNAMIC', 'Report-To': '{"endpoints":[{"url":"https:\\/\\/a.nel.cloudflare.com\\/report\\/v4?s=4b3J1823vwU2%2FopIfV3fjRtq%2BlLywQJEMU8p1hy%2BmcKC6Dq9JiKjcRhVSqn%2F2CpW2ikQO%2BD05JFtiLOt6mfw%2FQeTo3rju5KwxPRQcOhdnvsqpVDXw%2Byf%2FAyNozHCVtvU"}],"group":"cf-nel","max_age":604800}', 'NEL': '{"success_fraction":0,"report_to":"cf-nel","max_age":604800}', 'Server': 'cloudflare', 'CF-RAY': '8a49cd60bdea2c8c-ORD', 'alt-svc': 'h3=":443"; ma=86400'} 
 body={"results":[{"gender":"female","name":{"title":"Miss","first":"Enola","last":"Aubert"},"location":{"street":{"number":7648,"name":"Rue de la Gare"},"city":"Montreuil","state":"Cher","country":"France","postcode":91883,"coordinates":{"latitude":"-20.7610","longitude":"99.5842"},"timezone":{"offset":"-10:00","description":"Hawaii"}},"email":"enola.aubert@example.com","login":{"uuid":"5031ca82-ec9d-4792-8fea-d1cd2b95c0e1","username":"purpleswan174","password":"treetop","salt":"UIZBKib9","md5":"349bdd6cfa81d4e0e19d9db76a1352fb","sha1":"2e156d747ce43fc14f73377f9d63e7aa34a3e1fc","sha256":"8e5b16d54b52017d5ad63a450bca6e8b75c24d613c37d6c7b77618b9f624bbb6"},"dob":{"date":"1987-12-08T16:52:22.604Z","age":36},"registered":{"date":"2019-11-03T06:31:34.209Z","age":4},"phone":"04-53-70-91-04","cell":"06-79-23-25-30","id":{"name":"INSEE","value":"2871192567484 85"},"picture":{"large":"https://randomuser.me/api/portraits/women/12.jpg","medium":"https://randomuser.me/api/portraits/med/women/12.jpg","thumbnail":"https://randomuser.me/api/portraits/thumb/women/12.jpg"},"nat":"FR"}],"info":{"seed":"96d70d819191a393","results":1,"page":1,"version":"1.4"}} 
 </msg>
<msg time="2024-07-17T11:13:22.101160" level="INFO">/opt/hostedtoolcache/Python/3.12.4/x64/lib/python3.12/site-packages/urllib3/connectionpool.py:1099: InsecureRequestWarning: Unverified HTTPS request is being made to host 'randomuser.me'. Adding certificate verification is strongly advised. See: https://urllib3.readthedocs.io/en/latest/advanced-usage.html#tls-warnings
  warnings.warn(</msg>
<msg time="2024-07-17T11:13:22.101282" level="INFO">${response} = &lt;Response [200]&gt;</msg>
<var>${response}</var>
<arg>consultarAPI</arg>
<arg>/api</arg>
<doc>Sends a GET request on a previously created HTTP Session.</doc>
<status status="PASS" start="2024-07-17T11:13:22.031834" elapsed="0.069491"/>
</kw>
<kw name="Set Variable" owner="BuiltIn">
<msg time="2024-07-17T11:13:22.102551" level="INFO">${json_data} = {'results': [{'gender': 'female', 'name': {'title': 'Miss', 'first': 'Enola', 'last': 'Aubert'}, 'location': {'street': {'number': 7648, 'name': 'Rue de la Gare'}, 'city': 'Montreuil', 'state': 'Cher'...</msg>
<var>${json_data}</var>
<arg>${response.json()}</arg>
<doc>Returns the given values which can then be assigned to a variables.</doc>
<status status="PASS" start="2024-07-17T11:13:22.101973" elapsed="0.000616"/>
</kw>
<kw name="Log" owner="BuiltIn">
<msg time="2024-07-17T11:13:22.103133" level="INFO">{'results': [{'gender': 'female', 'name': {'title': 'Miss', 'first': 'Enola', 'last': 'Aubert'}, 'location': {'street': {'number': 7648, 'name': 'Rue de la Gare'}, 'city': 'Montreuil', 'state': 'Cher', 'country': 'France', 'postcode': 91883, 'coordinates': {'latitude': '-20.7610', 'longitude': '99.5842'}, 'timezone': {'offset': '-10:00', 'description': 'Hawaii'}}, 'email': 'enola.aubert@example.com', 'login': {'uuid': '5031ca82-ec9d-4792-8fea-d1cd2b95c0e1', 'username': 'purpleswan174', 'password': 'treetop', 'salt': 'UIZBKib9', 'md5': '349bdd6cfa81d4e0e19d9db76a1352fb', 'sha1': '2e156d747ce43fc14f73377f9d63e7aa34a3e1fc', 'sha256': '8e5b16d54b52017d5ad63a450bca6e8b75c24d613c37d6c7b77618b9f624bbb6'}, 'dob': {'date': '1987-12-08T16:52:22.604Z', 'age': 36}, 'registered': {'date': '2019-11-03T06:31:34.209Z', 'age': 4}, 'phone': '04-53-70-91-04', 'cell': '06-79-23-25-30', 'id': {'name': 'INSEE', 'value': '2871192567484 85'}, 'picture': {'large': 'https://randomuser.me/api/portraits/women/12.jpg', 'medium': 'https://randomuser.me/api/portraits/med/women/12.jpg', 'thumbnail': 'https://randomuser.me/api/portraits/thumb/women/12.jpg'}, 'nat': 'FR'}], 'info': {'seed': '96d70d819191a393', 'results': 1, 'page': 1, 'version': '1.4'}}</msg>
<arg>${json_data}</arg>
<doc>Logs the given message with the given level.</doc>
<status status="PASS" start="2024-07-17T11:13:22.102921" elapsed="0.000266"/>
</kw>
<kw name="Should Be String" owner="String">
<arg>${json_data['results'][0]['gender']}</arg>
<doc>Fails if the given ``item`` is not a string.</doc>
<status status="PASS" start="2024-07-17T11:13:22.103495" elapsed="0.000380"/>
</kw>
<kw name="Should Match Regexp" owner="BuiltIn">
<arg>${json_data['results'][0]['email']}</arg>
<arg>^[a-zA-Z0-9._%+-]+@[a-zA-Z0-9.-]+\.[a-zA-Z]{2,}$</arg>
<doc>Fails if ``string`` does not match ``pattern`` as a regular expression.</doc>
<status status="PASS" start="2024-07-17T11:13:22.104066" elapsed="0.000558"/>
</kw>
<kw name="Should Match Regexp" owner="BuiltIn">
<arg>${json_data['results'][0]['dob']['date']}</arg>
<arg>\\d{4}-\\d{2}-\\d{2}T\\d{2}:\\d{2}:\\d{2}\\.\\d{3}Z</arg>
<doc>Fails if ``string`` does not match ``pattern`` as a regular expression.</doc>
<status status="PASS" start="2024-07-17T11:13:22.104821" elapsed="0.000489"/>
</kw>
<kw name="Should Match Regexp" owner="BuiltIn">
<arg>${json_data['results'][0]['registered']['date']}</arg>
<arg>\\d{4}-\\d{2}-\\d{2}T\\d{2}:\\d{2}:\\d{2}\\.\\d{3}Z</arg>
<doc>Fails if ``string`` does not match ``pattern`` as a regular expression.</doc>
<status status="PASS" start="2024-07-17T11:13:22.105501" elapsed="0.000360"/>
</kw>
<kw name="Should Match Regexp" owner="BuiltIn">
<arg>${json_data['results'][0]['picture']['large']}</arg>
<arg>^https?://.*\.(?:png|jpe?g|gif|bmp)$</arg>
<doc>Fails if ``string`` does not match ``pattern`` as a regular expression.</doc>
<status status="PASS" start="2024-07-17T11:13:22.106051" elapsed="0.000454"/>
</kw>
<kw name="Should Match Regexp" owner="BuiltIn">
<arg>${json_data['results'][0]['picture']['medium']}</arg>
<arg>^https?://.*\.(?:png|jpe?g|gif|bmp)$</arg>
<doc>Fails if ``string`` does not match ``pattern`` as a regular expression.</doc>
<status status="PASS" start="2024-07-17T11:13:22.106693" elapsed="0.000347"/>
</kw>
<kw name="Should Match Regexp" owner="BuiltIn">
<arg>${json_data['results'][0]['picture']['thumbnail']}</arg>
<arg>^https?://.*\.(?:png|jpe?g|gif|bmp)$</arg>
<doc>Fails if ``string`` does not match ``pattern`` as a regular expression.</doc>
<status status="PASS" start="2024-07-17T11:13:22.107260" elapsed="0.000362"/>
</kw>
<kw name="Log" owner="BuiltIn">
<msg time="2024-07-17T11:13:22.108138" level="INFO">{'large': 'https://randomuser.me/api/portraits/women/12.jpg', 'medium': 'https://randomuser.me/api/portraits/med/women/12.jpg', 'thumbnail': 'https://randomuser.me/api/portraits/thumb/women/12.jpg'}</msg>
<arg>${json_data['results'][0]['picture']}</arg>
<doc>Logs the given message with the given level.</doc>
<status status="PASS" start="2024-07-17T11:13:22.107809" elapsed="0.000372"/>
</kw>
<status status="PASS" start="2024-07-17T11:13:22.031538" elapsed="0.076933"/>
</kw>
<kw name="Teste de Tipos de Dados - Postcode" owner="random-user-service">
<kw name="GET On Session" owner="RequestsLibrary">
<msg time="2024-07-17T11:13:22.200344" level="INFO">GET Request : url=https://randomuser.me/api 
 path_url=/api 
 headers={'User-Agent': 'python-requests/2.32.3', 'Accept-Encoding': 'gzip, deflate', 'Accept': '*/*', 'Connection': 'keep-alive'} 
 body=None 
 </msg>
<msg time="2024-07-17T11:13:22.200445" level="INFO">GET Response : url=https://randomuser.me/api 
 status=200, reason=OK 
 headers={'Date': 'Wed, 17 Jul 2024 11:13:22 GMT', 'Content-Type': 'application/json; charset=utf-8', 'Transfer-Encoding': 'chunked', 'Connection': 'keep-alive', 'X-Powered-By': 'Express', 'Access-Control-Allow-Origin': '*', 'Cache-Control': 'no-cache', 'ETag': 'W/"492-oBYNlRr6HJo1psa9QCBEGOt6MlM"', 'Vary': 'Accept-Encoding', 'Content-Encoding': 'gzip', 'CF-Cache-Status': 'DYNAMIC', 'Report-To': '{"endpoints":[{"url":"https:\\/\\/a.nel.cloudflare.com\\/report\\/v4?s=pxmi07RmgKXUlYbIxEcrkKwKGHk7v3J1QMSgl%2B%2BZDIPX4qvvvtmRxnVvcoak1msTjvYO6iUhl5fkZ8bg7E01Bd2yEtDRAs1u6veviIpjax16TYhDCT2TF6yLdiHkHjFu"}],"group":"cf-nel","max_age":604800}', 'NEL': '{"success_fraction":0,"report_to":"cf-nel","max_age":604800}', 'Server': 'cloudflare', 'CF-RAY': '8a49cd612e3a2c8c-ORD', 'alt-svc': 'h3=":443"; ma=86400'} 
 body={"results":[{"gender":"male","name":{"title":"Mr","first":"César","last":"Parra"},"location":{"street":{"number":5642,"name":"Peatonal Norte Jurado"},"city":"Río Lagartos","state":"Baja California Sur","country":"Mexico","postcode":75698,"coordinates":{"latitude":"28.8209","longitude":"-0.0435"},"timezone":{"offset":"-2:00","description":"Mid-Atlantic"}},"email":"cesar.parra@example.com","login":{"uuid":"2a69ba1b-6166-43cb-87f6-c42325648dd3","username":"yellowgoose783","password":"history","salt":"AfAxoUUr","md5":"826c99936d18d8646271c37f554bd600","sha1":"e783a4d4b058d5e4e7c7973ef813ae8c4fba4824","sha256":"8ca2e90ebb96a1da2d5f16fcbdb3919ea27ce09030e83233863d8605f6128613"},"dob":{"date":"1961-03-28T13:49:06.445Z","age":63},"registered":{"date":"2005-07-07T08:14:43.741Z","age":19},"phone":"(613) 325 8827","cell":"(663) 713 6255","id":{"name":"NSS","value":"52 11 89 1589 5"},"picture":{"large":"https://randomuser.me/api/portraits/men/23.jpg","medium":"https://randomuser.me/api/portraits/med/men/23.jpg","thumbnail":"https://randomuser.me/api/portraits/thumb/men/23.jpg"},"nat":"MX"}],"info":{"seed":"dfb391aeb1b96ff3","results":1,"page":1,"version":"1.4"}} 
 </msg>
<msg time="2024-07-17T11:13:22.200520" level="INFO">/opt/hostedtoolcache/Python/3.12.4/x64/lib/python3.12/site-packages/urllib3/connectionpool.py:1099: InsecureRequestWarning: Unverified HTTPS request is being made to host 'randomuser.me'. Adding certificate verification is strongly advised. See: https://urllib3.readthedocs.io/en/latest/advanced-usage.html#tls-warnings
  warnings.warn(</msg>
<msg time="2024-07-17T11:13:22.200645" level="INFO">${response} = &lt;Response [200]&gt;</msg>
<var>${response}</var>
<arg>consultarAPI</arg>
<arg>/api</arg>
<doc>Sends a GET request on a previously created HTTP Session.</doc>
<status status="PASS" start="2024-07-17T11:13:22.108949" elapsed="0.091739"/>
</kw>
<kw name="Set Variable" owner="BuiltIn">
<msg time="2024-07-17T11:13:22.201972" level="INFO">${json_data} = {'results': [{'gender': 'male', 'name': {'title': 'Mr', 'first': 'César', 'last': 'Parra'}, 'location': {'street': {'number': 5642, 'name': 'Peatonal Norte Jurado'}, 'city': 'Río Lagartos', 'state': '...</msg>
<var>${json_data}</var>
<arg>${response.json()}</arg>
<doc>Returns the given values which can then be assigned to a variables.</doc>
<status status="PASS" start="2024-07-17T11:13:22.201367" elapsed="0.000635"/>
</kw>
<kw name="Log" owner="BuiltIn">
<msg time="2024-07-17T11:13:22.202490" level="INFO">{'results': [{'gender': 'male', 'name': {'title': 'Mr', 'first': 'César', 'last': 'Parra'}, 'location': {'street': {'number': 5642, 'name': 'Peatonal Norte Jurado'}, 'city': 'Río Lagartos', 'state': 'Baja California Sur', 'country': 'Mexico', 'postcode': 75698, 'coordinates': {'latitude': '28.8209', 'longitude': '-0.0435'}, 'timezone': {'offset': '-2:00', 'description': 'Mid-Atlantic'}}, 'email': 'cesar.parra@example.com', 'login': {'uuid': '2a69ba1b-6166-43cb-87f6-c42325648dd3', 'username': 'yellowgoose783', 'password': 'history', 'salt': 'AfAxoUUr', 'md5': '826c99936d18d8646271c37f554bd600', 'sha1': 'e783a4d4b058d5e4e7c7973ef813ae8c4fba4824', 'sha256': '8ca2e90ebb96a1da2d5f16fcbdb3919ea27ce09030e83233863d8605f6128613'}, 'dob': {'date': '1961-03-28T13:49:06.445Z', 'age': 63}, 'registered': {'date': '2005-07-07T08:14:43.741Z', 'age': 19}, 'phone': '(613) 325 8827', 'cell': '(663) 713 6255', 'id': {'name': 'NSS', 'value': '52 11 89 1589 5'}, 'picture': {'large': 'https://randomuser.me/api/portraits/men/23.jpg', 'medium': 'https://randomuser.me/api/portraits/med/men/23.jpg', 'thumbnail': 'https://randomuser.me/api/portraits/thumb/men/23.jpg'}, 'nat': 'MX'}], 'info': {'seed': 'dfb391aeb1b96ff3', 'results': 1, 'page': 1, 'version': '1.4'}}</msg>
<arg>${json_data}</arg>
<doc>Logs the given message with the given level.</doc>
<status status="PASS" start="2024-07-17T11:13:22.202321" elapsed="0.000218"/>
</kw>
<kw name="Should Be Equal As Numbers" owner="BuiltIn">
<arg>${json_data['results'][0]['location']['postcode']}</arg>
<arg>${json_data['results'][0]['location']['postcode']}</arg>
<doc>Fails if objects are unequal after converting them to real numbers.</doc>
<status status="PASS" start="2024-07-17T11:13:22.202834" elapsed="0.000689"/>
</kw>
<kw name="Log" owner="BuiltIn">
<msg time="2024-07-17T11:13:22.204063" level="INFO">75698</msg>
<arg>${json_data['results'][0]['location']['postcode']}</arg>
<doc>Logs the given message with the given level.</doc>
<status status="PASS" start="2024-07-17T11:13:22.203720" elapsed="0.000420"/>
</kw>
<status status="PASS" start="2024-07-17T11:13:22.108716" elapsed="0.095695"/>
</kw>
<doc>Testa se os tipos de dados na resposta da API estão corretos.</doc>
<tag>testeTiposDados</tag>
<status status="PASS" start="2024-07-17T11:13:22.030945" elapsed="0.173639"/>
</test>
<test id="s1-s1-t5" name="Validar conteudo" line="35">
<kw name="Teste de Tipos de Conteudo" owner="random-user-service">
<kw name="GET On Session" owner="RequestsLibrary">
<msg time="2024-07-17T11:13:22.317076" level="INFO">GET Request : url=https://randomuser.me/api 
 path_url=/api 
 headers={'User-Agent': 'python-requests/2.32.3', 'Accept-Encoding': 'gzip, deflate', 'Accept': '*/*', 'Connection': 'keep-alive'} 
 body=None 
 </msg>
<msg time="2024-07-17T11:13:22.317186" level="INFO">GET Response : url=https://randomuser.me/api 
 status=200, reason=OK 
 headers={'Date': 'Wed, 17 Jul 2024 11:13:22 GMT', 'Content-Type': 'application/json; charset=utf-8', 'Transfer-Encoding': 'chunked', 'Connection': 'keep-alive', 'X-Powered-By': 'Express', 'Access-Control-Allow-Origin': '*', 'Cache-Control': 'no-cache', 'ETag': 'W/"487-Y1wdzwPy0yaeZ/li/ZRRSSdSBQ8"', 'Vary': 'Accept-Encoding', 'Content-Encoding': 'gzip', 'CF-Cache-Status': 'DYNAMIC', 'Report-To': '{"endpoints":[{"url":"https:\\/\\/a.nel.cloudflare.com\\/report\\/v4?s=Me4rfFuHN%2F6vdTKgNVppUv9jYoZ5mxsRDi8%2Fezzp3bS2brYzn4lf2qXrXu5ZorK6%2FqAWmVIS63h1NccgapyeK8inK1ZkGraguLuP3HzzyFiaW4ErWfFEW4Wefysm1StO"}],"group":"cf-nel","max_age":604800}', 'NEL': '{"success_fraction":0,"report_to":"cf-nel","max_age":604800}', 'Server': 'cloudflare', 'CF-RAY': '8a49cd61cea22c8c-ORD', 'alt-svc': 'h3=":443"; ma=86400'} 
 body={"results":[{"gender":"male","name":{"title":"Mr","first":"Hunter","last":"Barrett"},"location":{"street":{"number":4121,"name":"Main Road"},"city":"Dundee","state":"Mid Glamorgan","country":"United Kingdom","postcode":"A8Y 2ZG","coordinates":{"latitude":"-6.3610","longitude":"-4.9311"},"timezone":{"offset":"-10:00","description":"Hawaii"}},"email":"hunter.barrett@example.com","login":{"uuid":"601654a6-78cc-4a46-a597-6f9daab1a1ac","username":"organicladybug481","password":"fishfish","salt":"EFWYNrzP","md5":"475b9aa430e667d471a3870579df07a6","sha1":"cbb5ecccbe7d91caaa26a5bdc08e9cec1b10716c","sha256":"a4d36d86d4f66793a5a14b13fc275873fa6a0b21194d13336c45e2478d402ba7"},"dob":{"date":"2000-02-21T09:49:47.938Z","age":24},"registered":{"date":"2014-09-19T08:11:52.083Z","age":9},"phone":"0116254 362 6723","cell":"07714 145389","id":{"name":"NINO","value":"AW 47 57 26 F"},"picture":{"large":"https://randomuser.me/api/portraits/men/81.jpg","medium":"https://randomuser.me/api/portraits/med/men/81.jpg","thumbnail":"https://randomuser.me/api/portraits/thumb/men/81.jpg"},"nat":"GB"}],"info":{"seed":"0ad11e6caecb7304","results":1,"page":1,"version":"1.4"}} 
 </msg>
<msg time="2024-07-17T11:13:22.317289" level="INFO">/opt/hostedtoolcache/Python/3.12.4/x64/lib/python3.12/site-packages/urllib3/connectionpool.py:1099: InsecureRequestWarning: Unverified HTTPS request is being made to host 'randomuser.me'. Adding certificate verification is strongly advised. See: https://urllib3.readthedocs.io/en/latest/advanced-usage.html#tls-warnings
  warnings.warn(</msg>
<msg time="2024-07-17T11:13:22.317432" level="INFO">${response} = &lt;Response [200]&gt;</msg>
<var>${response}</var>
<arg>consultarAPI</arg>
<arg>/api</arg>
<doc>Sends a GET request on a previously created HTTP Session.</doc>
<status status="PASS" start="2024-07-17T11:13:22.207286" elapsed="0.110187"/>
</kw>
<kw name="Set Variable" owner="BuiltIn">
<msg time="2024-07-17T11:13:22.318475" level="INFO">${json_data} = {'results': [{'gender': 'male', 'name': {'title': 'Mr', 'first': 'Hunter', 'last': 'Barrett'}, 'location': {'street': {'number': 4121, 'name': 'Main Road'}, 'city': 'Dundee', 'state': 'Mid Glamorgan',...</msg>
<var>${json_data}</var>
<arg>${response.json()}</arg>
<doc>Returns the given values which can then be assigned to a variables.</doc>
<status status="PASS" start="2024-07-17T11:13:22.317977" elapsed="0.000527"/>
</kw>
<kw name="Set Variable" owner="BuiltIn">
<msg time="2024-07-17T11:13:22.319219" level="INFO">${name_title} = Mr</msg>
<var>${name_title}</var>
<arg>${json_data["results"][0]["name"]["title"]}</arg>
<doc>Returns the given values which can then be assigned to a variables.</doc>
<status status="PASS" start="2024-07-17T11:13:22.318807" elapsed="0.000439"/>
</kw>
<kw name="Create List" owner="BuiltIn">
<msg time="2024-07-17T11:13:22.319693" level="INFO">${allowed_titles} = ['Mr', 'Ms', 'Miss', 'Mrs', 'Madame', 'Monsieur']</msg>
<var>${allowed_titles}</var>
<arg>Mr</arg>
<arg>Ms</arg>
<arg>Miss</arg>
<arg>Mrs</arg>
<arg>Madame</arg>
<arg>Monsieur</arg>
<doc>Returns a list containing given items.</doc>
<status status="PASS" start="2024-07-17T11:13:22.319543" elapsed="0.000174"/>
</kw>
<kw name="List Should Contain Value" owner="Collections">
<arg>${allowed_titles}</arg>
<arg>${name_title}</arg>
<doc>Fails if the ``value`` is not found from ``list``.</doc>
<status status="PASS" start="2024-07-17T11:13:22.320013" elapsed="0.000175"/>
</kw>
<kw name="Set Variable" owner="BuiltIn">
<msg time="2024-07-17T11:13:22.320729" level="INFO">${name_country} = GB</msg>
<var>${name_country}</var>
<arg>${json_data["results"][0]["nat"]}</arg>
<doc>Returns the given values which can then be assigned to a variables.</doc>
<status status="PASS" start="2024-07-17T11:13:22.320365" elapsed="0.000389"/>
</kw>
<kw name="Create List" owner="BuiltIn">
<msg time="2024-07-17T11:13:22.321637" level="INFO">${list_country} = ['AD', 'AE', 'AF', 'AG', 'AI', 'AL', 'AM', 'AO', 'AQ', 'AR', 'AS', 'AT', 'AU', 'AW', 'AX', 'AZ', 'BA', 'BB', 'BD', 'BE', 'BF', 'BG', 'BH', 'BI', 'BJ', 'BL', 'BM', 'BN', 'BO', 'BQ', 'BR', 'BS', 'BT', '...</msg>
<var>${list_country}</var>
<arg>AD</arg>
<arg>AE</arg>
<arg>AF</arg>
<arg>AG</arg>
<arg>AI</arg>
<arg>AL</arg>
<arg>AM</arg>
<arg>AO</arg>
<arg>AQ</arg>
<arg>AR</arg>
<arg>AS</arg>
<arg>AT</arg>
<arg>AU</arg>
<arg>AW</arg>
<arg>AX</arg>
<arg>AZ</arg>
<arg>BA</arg>
<arg>BB</arg>
<arg>BD</arg>
<arg>BE</arg>
<arg>BF</arg>
<arg>BG</arg>
<arg>BH</arg>
<arg>BI</arg>
<arg>BJ</arg>
<arg>BL</arg>
<arg>BM</arg>
<arg>BN</arg>
<arg>BO</arg>
<arg>BQ</arg>
<arg>BR</arg>
<arg>BS</arg>
<arg>BT</arg>
<arg>BV</arg>
<arg>BW</arg>
<arg>BY</arg>
<arg>BZ</arg>
<arg>CA</arg>
<arg>CC</arg>
<arg>CD</arg>
<arg>CF</arg>
<arg>CG</arg>
<arg>CH</arg>
<arg>CI</arg>
<arg>CK</arg>
<arg>CL</arg>
<arg>CM</arg>
<arg>CN</arg>
<arg>CO</arg>
<arg>CR</arg>
<arg>CU</arg>
<arg>CV</arg>
<arg>CW</arg>
<arg>CX</arg>
<arg>CY</arg>
<arg>CZ</arg>
<arg>DE</arg>
<arg>DJ</arg>
<arg>DK</arg>
<arg>DM</arg>
<arg>DO</arg>
<arg>DZ</arg>
<arg>EC</arg>
<arg>EE</arg>
<arg>EG</arg>
<arg>EH</arg>
<arg>ER</arg>
<arg>ES</arg>
<arg>ET</arg>
<arg>FI</arg>
<arg>FJ</arg>
<arg>FK</arg>
<arg>FM</arg>
<arg>FO</arg>
<arg>FR</arg>
<arg>GA</arg>
<arg>GB</arg>
<arg>GD</arg>
<arg>GE</arg>
<arg>GF</arg>
<arg>GG</arg>
<arg>GH</arg>
<arg>GI</arg>
<arg>GL</arg>
<arg>GM</arg>
<arg>GN</arg>
<arg>GP</arg>
<arg>GQ</arg>
<arg>GR</arg>
<arg>GS</arg>
<arg>GT</arg>
<arg>GU</arg>
<arg>GW</arg>
<arg>GY</arg>
<arg>HK</arg>
<arg>HM</arg>
<arg>HN</arg>
<arg>HR</arg>
<arg>HT</arg>
<arg>HU</arg>
<arg>ID</arg>
<arg>IE</arg>
<arg>IL</arg>
<arg>IM</arg>
<arg>IN</arg>
<arg>IO</arg>
<arg>IQ</arg>
<arg>IR</arg>
<arg>IS</arg>
<arg>IT</arg>
<arg>JE</arg>
<arg>JM</arg>
<arg>JO</arg>
<arg>JP</arg>
<arg>KE</arg>
<arg>KG</arg>
<arg>KH</arg>
<arg>KI</arg>
<arg>KM</arg>
<arg>KN</arg>
<arg>KP</arg>
<arg>KR</arg>
<arg>KW</arg>
<arg>KY</arg>
<arg>KZ</arg>
<arg>LA</arg>
<arg>LB</arg>
<arg>LC</arg>
<arg>LI</arg>
<arg>LK</arg>
<arg>LR</arg>
<arg>LS</arg>
<arg>LT</arg>
<arg>LU</arg>
<arg>LV</arg>
<arg>LY</arg>
<arg>MA</arg>
<arg>MC</arg>
<arg>MD</arg>
<arg>ME</arg>
<arg>MF</arg>
<arg>MG</arg>
<arg>MH</arg>
<arg>MK</arg>
<arg>ML</arg>
<arg>MM</arg>
<arg>MN</arg>
<arg>MO</arg>
<arg>MP</arg>
<arg>MQ</arg>
<arg>MR</arg>
<arg>MS</arg>
<arg>MT</arg>
<arg>MU</arg>
<arg>MV</arg>
<arg>MW</arg>
<arg>MX</arg>
<arg>MY</arg>
<arg>MZ</arg>
<arg>NA</arg>
<arg>NC</arg>
<arg>NE</arg>
<arg>NF</arg>
<arg>NG</arg>
<arg>NI</arg>
<arg>NL</arg>
<arg>NO</arg>
<arg>NP</arg>
<arg>NR</arg>
<arg>NU</arg>
<arg>NZ</arg>
<arg>OM</arg>
<arg>PA</arg>
<arg>PE</arg>
<arg>PF</arg>
<arg>PG</arg>
<arg>PH</arg>
<arg>PK</arg>
<arg>PL</arg>
<arg>PM</arg>
<arg>PN</arg>
<arg>PR</arg>
<arg>PS</arg>
<arg>PT</arg>
<arg>PW</arg>
<arg>PY</arg>
<arg>QA</arg>
<arg>RE</arg>
<arg>RO</arg>
<arg>RS</arg>
<arg>RU</arg>
<arg>RW</arg>
<arg>SA</arg>
<arg>SB</arg>
<arg>SC</arg>
<arg>SD</arg>
<arg>SE</arg>
<arg>SG</arg>
<arg>SH</arg>
<arg>SI</arg>
<arg>SJ</arg>
<arg>SK</arg>
<arg>SL</arg>
<arg>SM</arg>
<arg>SN</arg>
<arg>SO</arg>
<arg>SR</arg>
<arg>SS</arg>
<arg>ST</arg>
<arg>SV</arg>
<arg>SX</arg>
<arg>SY</arg>
<arg>SZ</arg>
<arg>TC</arg>
<arg>TD</arg>
<arg>TF</arg>
<arg>TG</arg>
<arg>TH</arg>
<arg>TJ</arg>
<arg>TK</arg>
<arg>TL</arg>
<arg>TM</arg>
<arg>TN</arg>
<arg>TO</arg>
<arg>TR</arg>
<arg>TT</arg>
<arg>TV</arg>
<arg>TW</arg>
<arg>TZ</arg>
<arg>UA</arg>
<arg>UG</arg>
<arg>UM</arg>
<arg>US</arg>
<arg>UY</arg>
<arg>UZ</arg>
<arg>VA</arg>
<arg>VC</arg>
<arg>VE</arg>
<arg>VG</arg>
<arg>VI</arg>
<arg>VN</arg>
<arg>VU</arg>
<arg>WF</arg>
<arg>WS</arg>
<arg>XK</arg>
<arg>YE</arg>
<arg>YT</arg>
<arg>ZA</arg>
<arg>ZM</arg>
<arg>ZW</arg>
<doc>Returns a list containing given items.</doc>
<status status="PASS" start="2024-07-17T11:13:22.321045" elapsed="0.000618"/>
</kw>
<kw name="List Should Contain Value" owner="Collections">
<arg>${list_country}</arg>
<arg>${name_country}</arg>
<doc>Fails if the ``value`` is not found from ``list``.</doc>
<status status="PASS" start="2024-07-17T11:13:22.322454" elapsed="0.000202"/>
</kw>
<kw name="Run Keyword If" owner="BuiltIn">
<kw name="Should Be True" owner="BuiltIn">
<arg>${True}</arg>
<doc>Fails if the given condition is not true.</doc>
<status status="PASS" start="2024-07-17T11:13:22.323642" elapsed="0.000143"/>
</kw>
<arg>${json_data["results"][0]["location"]["coordinates"]["latitude"]} &gt;= -90 and ${json_data["results"][0]["location"]["coordinates"]["latitude"]} &lt;= 90</arg>
<arg>Should Be True</arg>
<arg>${True}</arg>
<doc>Runs the given keyword with the given arguments, if ``condition`` is true.</doc>
<status status="PASS" start="2024-07-17T11:13:22.322851" elapsed="0.001060"/>
</kw>
<kw name="Run Keyword If" owner="BuiltIn">
<kw name="Should Be True" owner="BuiltIn">
<arg>${True}</arg>
<doc>Fails if the given condition is not true.</doc>
<status status="PASS" start="2024-07-17T11:13:22.324777" elapsed="0.000137"/>
</kw>
<arg>${json_data["results"][0]["location"]["coordinates"]["longitude"]} &gt;= -180 and ${json_data["results"][0]["location"]["coordinates"]["longitude"]} &lt;= 180</arg>
<arg>Should Be True</arg>
<arg>${True}</arg>
<doc>Runs the given keyword with the given arguments, if ``condition`` is true.</doc>
<status status="PASS" start="2024-07-17T11:13:22.324092" elapsed="0.000945"/>
</kw>
<status status="PASS" start="2024-07-17T11:13:22.206855" elapsed="0.118317"/>
</kw>
<doc>Testa o conteúdo específico dos campos retornados pela API.</doc>
<tag>testeConteudo</tag>
<status status="PASS" start="2024-07-17T11:13:22.206400" elapsed="0.118927"/>
</test>
<status status="PASS" start="2024-07-17T11:13:21.117833" elapsed="1.209430"/>
</suite>
<status status="PASS" start="2024-07-17T11:13:21.102376" elapsed="1.229993"/>
</suite>
<statistics>
<total>
<stat pass="5" fail="0" skip="0">All Tests</stat>
</total>
<tag>
<stat pass="1" fail="0" skip="0">testeConteudo</stat>
<stat pass="1" fail="0" skip="0">testeEstruturaResposta</stat>
<stat pass="1" fail="0" skip="0">testeRequisicaoBasica</stat>
<stat pass="1" fail="0" skip="0">testeTiposDados</stat>
</tag>
<suite>
<stat pass="5" fail="0" skip="0" id="s1" name="Tests">Tests</stat>
<stat pass="5" fail="0" skip="0" id="s1-s1" name="Random-User-Test">Tests.Random-User-Test</stat>
</suite>
</statistics>
<errors>
</errors>
</robot>
