<?xml version="1.0" encoding="UTF-8"?>
<robot generator="Robot 7.0 (Python 3.12.3 on linux)" generated="2024-04-20T13:14:59.728686" rpa="false" schemaversion="5">
<suite id="s1" name="Tests" source="/home/runner/work/DesafioQAItauRogerioJordao/DesafioQAItauRogerioJordao/RamdonUser/tests">
<suite id="s1-s1" name="Random-User-Test" source="/home/runner/work/DesafioQAItauRogerioJordao/DesafioQAItauRogerioJordao/RamdonUser/tests/random-user-test.robot">
<test id="s1-s1-t1" name="Conectar" line="13">
<kw name="Conectar API" owner="random-user-service">
<kw name="Create Session" owner="RequestsLibrary">
<msg time="2024-04-20T13:15:00.077096" level="INFO">Creating Session using : alias=consultarAPI, url=https://randomuser.me/, headers={},                     cookies={}, auth=None, timeout=None, proxies=None, verify=False,                     debug=0 </msg>
<arg>consultarAPI</arg>
<arg>${URL}</arg>
<doc>Create Session: create a HTTP session to a server</doc>
<status status="PASS" start="2024-04-20T13:15:00.076903" elapsed="0.000358"/>
</kw>
<status status="PASS" start="2024-04-20T13:15:00.075985" elapsed="0.001647"/>
</kw>
<status status="PASS" start="2024-04-20T13:15:00.075430" elapsed="0.002391"/>
</test>
<test id="s1-s1-t2" name="Validar retorno 200 e JSON Válido" line="16">
<kw name="Teste de Requisicao Basica" owner="random-user-service">
<kw name="GET On Session" owner="RequestsLibrary">
<msg time="2024-04-20T13:15:00.155671" level="INFO">GET Request : url=https://randomuser.me/api 
 path_url=/api 
 headers={'User-Agent': 'python-requests/2.31.0', 'Accept-Encoding': 'gzip, deflate', 'Accept': '*/*', 'Connection': 'keep-alive'} 
 body=None 
 </msg>
<msg time="2024-04-20T13:15:00.155801" level="INFO">GET Response : url=https://randomuser.me/api 
 status=200, reason=OK 
 headers={'Date': 'Sat, 20 Apr 2024 13:15:00 GMT', 'Content-Type': 'application/json; charset=utf-8', 'Transfer-Encoding': 'chunked', 'Connection': 'keep-alive', 'X-Powered-By': 'Express', 'Access-Control-Allow-Origin': '*', 'Cache-Control': 'no-cache', 'ETag': 'W/"4a4-df9vtj12ftbTdBQz2SflMdJoiv4"', 'Vary': 'Accept-Encoding', 'Content-Encoding': 'gzip', 'CF-Cache-Status': 'DYNAMIC', 'Report-To': '{"endpoints":[{"url":"https:\\/\\/a.nel.cloudflare.com\\/report\\/v4?s=cxJIgM9hTrhochtqVZy1yxtBTdVC7ykN34gYZX%2BRiAcsblmGO%2FMOYPwGFv5%2BivGpn2cEbAgmFKug5UEhzVqxilkbQQEPVZBIsKRKFj3JBxxn6q5xdXiBLhj004i5zPj4"}],"group":"cf-nel","max_age":604800}', 'NEL': '{"success_fraction":0,"report_to":"cf-nel","max_age":604800}', 'Server': 'cloudflare', 'CF-RAY': '8775668dbae80249-ORD', 'alt-svc': 'h3=":443"; ma=86400'} 
 body={"results":[{"gender":"female","name":{"title":"Miss","first":"Heather","last":"Gray"},"location":{"street":{"number":3865,"name":"West Street"},"city":"Salford","state":"Cornwall","country":"United Kingdom","postcode":"WM8 3GN","coordinates":{"latitude":"-6.3673","longitude":"16.1659"},"timezone":{"offset":"+11:00","description":"Magadan, Solomon Islands, New Caledonia"}},"email":"heather.gray@example.com","login":{"uuid":"651f6fb2-3b02-46a3-beab-a9e866c24d7d","username":"silverostrich613","password":"nina","salt":"ScjAOoD3","md5":"cffe2918f3ae82afb66dee44b145061b","sha1":"b191946ad177769cd57e4bc629ec02c82df9e6e7","sha256":"35902f91ee830346437151d7b82d0caaf3a6e107580afd7ba0f24d6ed3927577"},"dob":{"date":"1997-08-05T15:38:52.536Z","age":26},"registered":{"date":"2012-08-13T00:01:36.602Z","age":11},"phone":"015396 27525","cell":"07749 679263","id":{"name":"NINO","value":"BG 57 55 02 L"},"picture":{"large":"https://randomuser.me/api/portraits/women/39.jpg","medium":"https://randomuser.me/api/portraits/med/women/39.jpg","thumbnail":"https://randomuser.me/api/portraits/thumb/women/39.jpg"},"nat":"GB"}],"info":{"seed":"c79afb589d6e1ec6","results":1,"page":1,"version":"1.4"}} 
 </msg>
<msg time="2024-04-20T13:15:00.155888" level="INFO">/opt/hostedtoolcache/Python/3.12.3/x64/lib/python3.12/site-packages/urllib3/connectionpool.py:1103: InsecureRequestWarning: Unverified HTTPS request is being made to host 'randomuser.me'. Adding certificate verification is strongly advised. See: https://urllib3.readthedocs.io/en/latest/advanced-usage.html#tls-warnings
  warnings.warn(</msg>
<msg time="2024-04-20T13:15:00.156030" level="INFO">${response} = &lt;Response [200]&gt;</msg>
<var>${response}</var>
<arg>consultarAPI</arg>
<arg>/api</arg>
<doc>Sends a GET request on a previously created HTTP Session.</doc>
<status status="PASS" start="2024-04-20T13:15:00.080450" elapsed="0.075622"/>
</kw>
<kw name="Should Be Equal As Numbers" owner="BuiltIn">
<msg time="2024-04-20T13:15:00.156850" level="INFO">Argument types are:
&lt;class 'int'&gt;
&lt;class 'str'&gt;</msg>
<arg>${response.status_code}</arg>
<arg>200</arg>
<doc>Fails if objects are unequal after converting them to real numbers.</doc>
<status status="PASS" start="2024-04-20T13:15:00.156448" elapsed="0.000465"/>
</kw>
<kw name="Log" owner="BuiltIn">
<msg time="2024-04-20T13:15:00.157640" level="INFO">200</msg>
<arg>${response.status_code}</arg>
<doc>Logs the given message with the given level.</doc>
<status status="PASS" start="2024-04-20T13:15:00.157248" elapsed="0.000435"/>
</kw>
<kw name="Set Variable" owner="BuiltIn">
<msg time="2024-04-20T13:15:00.158423" level="INFO">${json_data} = {'results': [{'gender': 'female', 'name': {'title': 'Miss', 'first': 'Heather', 'last': 'Gray'}, 'location': {'street': {'number': 3865, 'name': 'West Street'}, 'city': 'Salford', 'state': 'Cornwall',...</msg>
<var>${json_data}</var>
<arg>${response.json()}</arg>
<doc>Returns the given values which can then be assigned to a variables.</doc>
<status status="PASS" start="2024-04-20T13:15:00.157991" elapsed="0.000460"/>
</kw>
<kw name="Dictionary Should Contain Key" owner="Collections">
<msg time="2024-04-20T13:15:00.158923" level="INFO">False</msg>
<arg>${json_data}</arg>
<arg>results</arg>
<doc>Fails if ``key`` is not found from ``dictionary``.</doc>
<status status="PASS" start="2024-04-20T13:15:00.158753" elapsed="0.000210"/>
</kw>
<status status="PASS" start="2024-04-20T13:15:00.080205" elapsed="0.079011"/>
</kw>
<doc>Testa se a API responde corretamente e retorna um objeto JSON válido.</doc>
<tag>testeRequisicaoBasica</tag>
<status status="PASS" start="2024-04-20T13:15:00.079690" elapsed="0.079698"/>
</test>
<test id="s1-s1-t3" name="Validar estrutura de resposta" line="22">
<kw name="Teste de Estrutura de Resposta" owner="random-user-service">
<kw name="GET On Session" owner="RequestsLibrary">
<msg time="2024-04-20T13:15:00.272190" level="INFO">GET Request : url=https://randomuser.me/api 
 path_url=/api 
 headers={'User-Agent': 'python-requests/2.31.0', 'Accept-Encoding': 'gzip, deflate', 'Accept': '*/*', 'Connection': 'keep-alive'} 
 body=None 
 </msg>
<msg time="2024-04-20T13:15:00.272279" level="INFO">GET Response : url=https://randomuser.me/api 
 status=200, reason=OK 
 headers={'Date': 'Sat, 20 Apr 2024 13:15:00 GMT', 'Content-Type': 'application/json; charset=utf-8', 'Transfer-Encoding': 'chunked', 'Connection': 'keep-alive', 'X-Powered-By': 'Express', 'Access-Control-Allow-Origin': '*', 'Cache-Control': 'no-cache', 'ETag': 'W/"49c-y7I8+7DrEwcctKH5VtBe/6PEjGY"', 'Vary': 'Accept-Encoding', 'Content-Encoding': 'gzip', 'CF-Cache-Status': 'DYNAMIC', 'Report-To': '{"endpoints":[{"url":"https:\\/\\/a.nel.cloudflare.com\\/report\\/v4?s=CvLmV565OiyDJxL1LwM7%2BMBD9s1srB%2FvEp9bpRm7DjWCOP2Iov1rD83%2BJf1QPYEJtJqtoBZc%2Fw%2FzdZS4MZHCYeMK2EwQ6Ff5mFGTHo3Yb3fvvDj1t62XwYYAYJCqPjE2"}],"group":"cf-nel","max_age":604800}', 'NEL': '{"success_fraction":0,"report_to":"cf-nel","max_age":604800}', 'Server': 'cloudflare', 'CF-RAY': '8775668e0b340249-ORD', 'alt-svc': 'h3=":443"; ma=86400'} 
 body={"results":[{"gender":"female","name":{"title":"Miss","first":"Sofia","last":"Slawa"},"location":{"street":{"number":9838,"name":"Parliament St"},"city":"Burlington","state":"Nova Scotia","country":"Canada","postcode":"S3L 6A1","coordinates":{"latitude":"-68.1986","longitude":"7.7862"},"timezone":{"offset":"-5:00","description":"Eastern Time (US &amp; Canada), Bogota, Lima"}},"email":"sofia.slawa@example.com","login":{"uuid":"ed04fb17-df0d-4079-8fc9-d25fc50df373","username":"organicsnake246","password":"salem","salt":"8b2dCLF0","md5":"6bb072771a908ecc004c041a516e8e8a","sha1":"bd7ac7c70c23dfd54786ccd148eaee6b2437dcf4","sha256":"eb3708dbce4485cf4a2ac416e141d4469df3c1b45dfd162245995cc82fea4739"},"dob":{"date":"1965-05-31T07:53:51.421Z","age":58},"registered":{"date":"2022-03-14T10:53:45.954Z","age":2},"phone":"I08 Z14-2139","cell":"Y81 B97-4884","id":{"name":"SIN","value":"125241380"},"picture":{"large":"https://randomuser.me/api/portraits/women/74.jpg","medium":"https://randomuser.me/api/portraits/med/women/74.jpg","thumbnail":"https://randomuser.me/api/portraits/thumb/women/74.jpg"},"nat":"CA"}],"info":{"seed":"db3daaad272abc1b","results":1,"page":1,"version":"1.4"}} 
 </msg>
<msg time="2024-04-20T13:15:00.272373" level="INFO">/opt/hostedtoolcache/Python/3.12.3/x64/lib/python3.12/site-packages/urllib3/connectionpool.py:1103: InsecureRequestWarning: Unverified HTTPS request is being made to host 'randomuser.me'. Adding certificate verification is strongly advised. See: https://urllib3.readthedocs.io/en/latest/advanced-usage.html#tls-warnings
  warnings.warn(</msg>
<msg time="2024-04-20T13:15:00.272500" level="INFO">${response} = &lt;Response [200]&gt;</msg>
<var>${response}</var>
<arg>consultarAPI</arg>
<arg>/api</arg>
<doc>Sends a GET request on a previously created HTTP Session.</doc>
<status status="PASS" start="2024-04-20T13:15:00.162032" elapsed="0.110507"/>
</kw>
<kw name="Set Variable" owner="BuiltIn">
<msg time="2024-04-20T13:15:00.273340" level="INFO">${json_data} = {'results': [{'gender': 'female', 'name': {'title': 'Miss', 'first': 'Sofia', 'last': 'Slawa'}, 'location': {'street': {'number': 9838, 'name': 'Parliament St'}, 'city': 'Burlington', 'state': 'Nova S...</msg>
<var>${json_data}</var>
<arg>${response.json()}</arg>
<doc>Returns the given values which can then be assigned to a variables.</doc>
<status status="PASS" start="2024-04-20T13:15:00.272887" elapsed="0.000506"/>
</kw>
<kw name="Log" owner="BuiltIn">
<msg time="2024-04-20T13:15:00.273855" level="INFO">{'results': [{'gender': 'female', 'name': {'title': 'Miss', 'first': 'Sofia', 'last': 'Slawa'}, 'location': {'street': {'number': 9838, 'name': 'Parliament St'}, 'city': 'Burlington', 'state': 'Nova Scotia', 'country': 'Canada', 'postcode': 'S3L 6A1', 'coordinates': {'latitude': '-68.1986', 'longitude': '7.7862'}, 'timezone': {'offset': '-5:00', 'description': 'Eastern Time (US &amp; Canada), Bogota, Lima'}}, 'email': 'sofia.slawa@example.com', 'login': {'uuid': 'ed04fb17-df0d-4079-8fc9-d25fc50df373', 'username': 'organicsnake246', 'password': 'salem', 'salt': '8b2dCLF0', 'md5': '6bb072771a908ecc004c041a516e8e8a', 'sha1': 'bd7ac7c70c23dfd54786ccd148eaee6b2437dcf4', 'sha256': 'eb3708dbce4485cf4a2ac416e141d4469df3c1b45dfd162245995cc82fea4739'}, 'dob': {'date': '1965-05-31T07:53:51.421Z', 'age': 58}, 'registered': {'date': '2022-03-14T10:53:45.954Z', 'age': 2}, 'phone': 'I08 Z14-2139', 'cell': 'Y81 B97-4884', 'id': {'name': 'SIN', 'value': '125241380'}, 'picture': {'large': 'https://randomuser.me/api/portraits/women/74.jpg', 'medium': 'https://randomuser.me/api/portraits/med/women/74.jpg', 'thumbnail': 'https://randomuser.me/api/portraits/thumb/women/74.jpg'}, 'nat': 'CA'}], 'info': {'seed': 'db3daaad272abc1b', 'results': 1, 'page': 1, 'version': '1.4'}}</msg>
<arg>${json_data}</arg>
<doc>Logs the given message with the given level.</doc>
<status status="PASS" start="2024-04-20T13:15:00.273699" elapsed="0.000206"/>
</kw>
<kw name="Dictionary Should Contain Key" owner="Collections">
<msg time="2024-04-20T13:15:00.274349" level="INFO">False</msg>
<arg>${json_data}</arg>
<arg>results</arg>
<doc>Fails if ``key`` is not found from ``dictionary``.</doc>
<status status="PASS" start="2024-04-20T13:15:00.274194" elapsed="0.000192"/>
</kw>
<kw name="Should Not Be Empty" owner="BuiltIn">
<msg time="2024-04-20T13:15:00.274805" level="INFO">Length is 2.</msg>
<arg>${json_data}</arg>
<doc>Verifies that the given item is not empty.</doc>
<status status="PASS" start="2024-04-20T13:15:00.274675" elapsed="0.000288"/>
</kw>
<kw name="Create List" owner="BuiltIn">
<msg time="2024-04-20T13:15:00.275404" level="INFO">${expected_keys} = ['gender', 'name', 'location', 'email', 'login']</msg>
<var>${expected_keys}</var>
<arg>gender</arg>
<arg>name</arg>
<arg>location</arg>
<arg>email</arg>
<arg>login</arg>
<doc>Returns a list containing given items.</doc>
<status status="PASS" start="2024-04-20T13:15:00.275256" elapsed="0.000172"/>
</kw>
<for flavor="IN">
<iter>
<kw name="Dictionary Should Contain Key" owner="Collections">
<msg time="2024-04-20T13:15:00.276388" level="INFO">False</msg>
<arg>${json_data['results'][0]}</arg>
<arg>${key}</arg>
<doc>Fails if ``key`` is not found from ``dictionary``.</doc>
<status status="PASS" start="2024-04-20T13:15:00.275989" elapsed="0.000437"/>
</kw>
<kw name="Log" owner="BuiltIn">
<msg time="2024-04-20T13:15:00.277087" level="INFO">{'gender': 'female', 'name': {'title': 'Miss', 'first': 'Sofia', 'last': 'Slawa'}, 'location': {'street': {'number': 9838, 'name': 'Parliament St'}, 'city': 'Burlington', 'state': 'Nova Scotia', 'country': 'Canada', 'postcode': 'S3L 6A1', 'coordinates': {'latitude': '-68.1986', 'longitude': '7.7862'}, 'timezone': {'offset': '-5:00', 'description': 'Eastern Time (US &amp; Canada), Bogota, Lima'}}, 'email': 'sofia.slawa@example.com', 'login': {'uuid': 'ed04fb17-df0d-4079-8fc9-d25fc50df373', 'username': 'organicsnake246', 'password': 'salem', 'salt': '8b2dCLF0', 'md5': '6bb072771a908ecc004c041a516e8e8a', 'sha1': 'bd7ac7c70c23dfd54786ccd148eaee6b2437dcf4', 'sha256': 'eb3708dbce4485cf4a2ac416e141d4469df3c1b45dfd162245995cc82fea4739'}, 'dob': {'date': '1965-05-31T07:53:51.421Z', 'age': 58}, 'registered': {'date': '2022-03-14T10:53:45.954Z', 'age': 2}, 'phone': 'I08 Z14-2139', 'cell': 'Y81 B97-4884', 'id': {'name': 'SIN', 'value': '125241380'}, 'picture': {'large': 'https://randomuser.me/api/portraits/women/74.jpg', 'medium': 'https://randomuser.me/api/portraits/med/women/74.jpg', 'thumbnail': 'https://randomuser.me/api/portraits/thumb/women/74.jpg'}, 'nat': 'CA'}</msg>
<arg>${json_data['results'][0]}</arg>
<doc>Logs the given message with the given level.</doc>
<status status="PASS" start="2024-04-20T13:15:00.276719" elapsed="0.000417"/>
</kw>
<kw name="Log" owner="BuiltIn">
<msg time="2024-04-20T13:15:00.277591" level="INFO">gender</msg>
<arg>${key}</arg>
<doc>Logs the given message with the given level.</doc>
<status status="PASS" start="2024-04-20T13:15:00.277460" elapsed="0.000169"/>
</kw>
<var name="${key}">gender</var>
<status status="PASS" start="2024-04-20T13:15:00.275866" elapsed="0.001976"/>
</iter>
<iter>
<kw name="Dictionary Should Contain Key" owner="Collections">
<msg time="2024-04-20T13:15:00.278521" level="INFO">False</msg>
<arg>${json_data['results'][0]}</arg>
<arg>${key}</arg>
<doc>Fails if ``key`` is not found from ``dictionary``.</doc>
<status status="PASS" start="2024-04-20T13:15:00.278139" elapsed="0.000419"/>
</kw>
<kw name="Log" owner="BuiltIn">
<msg time="2024-04-20T13:15:00.279242" level="INFO">{'gender': 'female', 'name': {'title': 'Miss', 'first': 'Sofia', 'last': 'Slawa'}, 'location': {'street': {'number': 9838, 'name': 'Parliament St'}, 'city': 'Burlington', 'state': 'Nova Scotia', 'country': 'Canada', 'postcode': 'S3L 6A1', 'coordinates': {'latitude': '-68.1986', 'longitude': '7.7862'}, 'timezone': {'offset': '-5:00', 'description': 'Eastern Time (US &amp; Canada), Bogota, Lima'}}, 'email': 'sofia.slawa@example.com', 'login': {'uuid': 'ed04fb17-df0d-4079-8fc9-d25fc50df373', 'username': 'organicsnake246', 'password': 'salem', 'salt': '8b2dCLF0', 'md5': '6bb072771a908ecc004c041a516e8e8a', 'sha1': 'bd7ac7c70c23dfd54786ccd148eaee6b2437dcf4', 'sha256': 'eb3708dbce4485cf4a2ac416e141d4469df3c1b45dfd162245995cc82fea4739'}, 'dob': {'date': '1965-05-31T07:53:51.421Z', 'age': 58}, 'registered': {'date': '2022-03-14T10:53:45.954Z', 'age': 2}, 'phone': 'I08 Z14-2139', 'cell': 'Y81 B97-4884', 'id': {'name': 'SIN', 'value': '125241380'}, 'picture': {'large': 'https://randomuser.me/api/portraits/women/74.jpg', 'medium': 'https://randomuser.me/api/portraits/med/women/74.jpg', 'thumbnail': 'https://randomuser.me/api/portraits/thumb/women/74.jpg'}, 'nat': 'CA'}</msg>
<arg>${json_data['results'][0]}</arg>
<doc>Logs the given message with the given level.</doc>
<status status="PASS" start="2024-04-20T13:15:00.278877" elapsed="0.000412"/>
</kw>
<kw name="Log" owner="BuiltIn">
<msg time="2024-04-20T13:15:00.279710" level="INFO">name</msg>
<arg>${key}</arg>
<doc>Logs the given message with the given level.</doc>
<status status="PASS" start="2024-04-20T13:15:00.279585" elapsed="0.000162"/>
</kw>
<var name="${key}">name</var>
<status status="PASS" start="2024-04-20T13:15:00.278026" elapsed="0.001930"/>
</iter>
<iter>
<kw name="Dictionary Should Contain Key" owner="Collections">
<msg time="2024-04-20T13:15:00.280620" level="INFO">False</msg>
<arg>${json_data['results'][0]}</arg>
<arg>${key}</arg>
<doc>Fails if ``key`` is not found from ``dictionary``.</doc>
<status status="PASS" start="2024-04-20T13:15:00.280242" elapsed="0.000415"/>
</kw>
<kw name="Log" owner="BuiltIn">
<msg time="2024-04-20T13:15:00.281315" level="INFO">{'gender': 'female', 'name': {'title': 'Miss', 'first': 'Sofia', 'last': 'Slawa'}, 'location': {'street': {'number': 9838, 'name': 'Parliament St'}, 'city': 'Burlington', 'state': 'Nova Scotia', 'country': 'Canada', 'postcode': 'S3L 6A1', 'coordinates': {'latitude': '-68.1986', 'longitude': '7.7862'}, 'timezone': {'offset': '-5:00', 'description': 'Eastern Time (US &amp; Canada), Bogota, Lima'}}, 'email': 'sofia.slawa@example.com', 'login': {'uuid': 'ed04fb17-df0d-4079-8fc9-d25fc50df373', 'username': 'organicsnake246', 'password': 'salem', 'salt': '8b2dCLF0', 'md5': '6bb072771a908ecc004c041a516e8e8a', 'sha1': 'bd7ac7c70c23dfd54786ccd148eaee6b2437dcf4', 'sha256': 'eb3708dbce4485cf4a2ac416e141d4469df3c1b45dfd162245995cc82fea4739'}, 'dob': {'date': '1965-05-31T07:53:51.421Z', 'age': 58}, 'registered': {'date': '2022-03-14T10:53:45.954Z', 'age': 2}, 'phone': 'I08 Z14-2139', 'cell': 'Y81 B97-4884', 'id': {'name': 'SIN', 'value': '125241380'}, 'picture': {'large': 'https://randomuser.me/api/portraits/women/74.jpg', 'medium': 'https://randomuser.me/api/portraits/med/women/74.jpg', 'thumbnail': 'https://randomuser.me/api/portraits/thumb/women/74.jpg'}, 'nat': 'CA'}</msg>
<arg>${json_data['results'][0]}</arg>
<doc>Logs the given message with the given level.</doc>
<status status="PASS" start="2024-04-20T13:15:00.280950" elapsed="0.000436"/>
</kw>
<kw name="Log" owner="BuiltIn">
<msg time="2024-04-20T13:15:00.281806" level="INFO">location</msg>
<arg>${key}</arg>
<doc>Logs the given message with the given level.</doc>
<status status="PASS" start="2024-04-20T13:15:00.281683" elapsed="0.000161"/>
</kw>
<var name="${key}">location</var>
<status status="PASS" start="2024-04-20T13:15:00.280132" elapsed="0.001923"/>
</iter>
<iter>
<kw name="Dictionary Should Contain Key" owner="Collections">
<msg time="2024-04-20T13:15:00.282715" level="INFO">False</msg>
<arg>${json_data['results'][0]}</arg>
<arg>${key}</arg>
<doc>Fails if ``key`` is not found from ``dictionary``.</doc>
<status status="PASS" start="2024-04-20T13:15:00.282332" elapsed="0.000420"/>
</kw>
<kw name="Log" owner="BuiltIn">
<msg time="2024-04-20T13:15:00.283408" level="INFO">{'gender': 'female', 'name': {'title': 'Miss', 'first': 'Sofia', 'last': 'Slawa'}, 'location': {'street': {'number': 9838, 'name': 'Parliament St'}, 'city': 'Burlington', 'state': 'Nova Scotia', 'country': 'Canada', 'postcode': 'S3L 6A1', 'coordinates': {'latitude': '-68.1986', 'longitude': '7.7862'}, 'timezone': {'offset': '-5:00', 'description': 'Eastern Time (US &amp; Canada), Bogota, Lima'}}, 'email': 'sofia.slawa@example.com', 'login': {'uuid': 'ed04fb17-df0d-4079-8fc9-d25fc50df373', 'username': 'organicsnake246', 'password': 'salem', 'salt': '8b2dCLF0', 'md5': '6bb072771a908ecc004c041a516e8e8a', 'sha1': 'bd7ac7c70c23dfd54786ccd148eaee6b2437dcf4', 'sha256': 'eb3708dbce4485cf4a2ac416e141d4469df3c1b45dfd162245995cc82fea4739'}, 'dob': {'date': '1965-05-31T07:53:51.421Z', 'age': 58}, 'registered': {'date': '2022-03-14T10:53:45.954Z', 'age': 2}, 'phone': 'I08 Z14-2139', 'cell': 'Y81 B97-4884', 'id': {'name': 'SIN', 'value': '125241380'}, 'picture': {'large': 'https://randomuser.me/api/portraits/women/74.jpg', 'medium': 'https://randomuser.me/api/portraits/med/women/74.jpg', 'thumbnail': 'https://randomuser.me/api/portraits/thumb/women/74.jpg'}, 'nat': 'CA'}</msg>
<arg>${json_data['results'][0]}</arg>
<doc>Logs the given message with the given level.</doc>
<status status="PASS" start="2024-04-20T13:15:00.283046" elapsed="0.000410"/>
</kw>
<kw name="Log" owner="BuiltIn">
<msg time="2024-04-20T13:15:00.283867" level="INFO">email</msg>
<arg>${key}</arg>
<doc>Logs the given message with the given level.</doc>
<status status="PASS" start="2024-04-20T13:15:00.283743" elapsed="0.000161"/>
</kw>
<var name="${key}">email</var>
<status status="PASS" start="2024-04-20T13:15:00.282224" elapsed="0.001887"/>
</iter>
<iter>
<kw name="Dictionary Should Contain Key" owner="Collections">
<msg time="2024-04-20T13:15:00.284765" level="INFO">False</msg>
<arg>${json_data['results'][0]}</arg>
<arg>${key}</arg>
<doc>Fails if ``key`` is not found from ``dictionary``.</doc>
<status status="PASS" start="2024-04-20T13:15:00.284387" elapsed="0.000416"/>
</kw>
<kw name="Log" owner="BuiltIn">
<msg time="2024-04-20T13:15:00.285473" level="INFO">{'gender': 'female', 'name': {'title': 'Miss', 'first': 'Sofia', 'last': 'Slawa'}, 'location': {'street': {'number': 9838, 'name': 'Parliament St'}, 'city': 'Burlington', 'state': 'Nova Scotia', 'country': 'Canada', 'postcode': 'S3L 6A1', 'coordinates': {'latitude': '-68.1986', 'longitude': '7.7862'}, 'timezone': {'offset': '-5:00', 'description': 'Eastern Time (US &amp; Canada), Bogota, Lima'}}, 'email': 'sofia.slawa@example.com', 'login': {'uuid': 'ed04fb17-df0d-4079-8fc9-d25fc50df373', 'username': 'organicsnake246', 'password': 'salem', 'salt': '8b2dCLF0', 'md5': '6bb072771a908ecc004c041a516e8e8a', 'sha1': 'bd7ac7c70c23dfd54786ccd148eaee6b2437dcf4', 'sha256': 'eb3708dbce4485cf4a2ac416e141d4469df3c1b45dfd162245995cc82fea4739'}, 'dob': {'date': '1965-05-31T07:53:51.421Z', 'age': 58}, 'registered': {'date': '2022-03-14T10:53:45.954Z', 'age': 2}, 'phone': 'I08 Z14-2139', 'cell': 'Y81 B97-4884', 'id': {'name': 'SIN', 'value': '125241380'}, 'picture': {'large': 'https://randomuser.me/api/portraits/women/74.jpg', 'medium': 'https://randomuser.me/api/portraits/med/women/74.jpg', 'thumbnail': 'https://randomuser.me/api/portraits/thumb/women/74.jpg'}, 'nat': 'CA'}</msg>
<arg>${json_data['results'][0]}</arg>
<doc>Logs the given message with the given level.</doc>
<status status="PASS" start="2024-04-20T13:15:00.285095" elapsed="0.000427"/>
</kw>
<kw name="Log" owner="BuiltIn">
<msg time="2024-04-20T13:15:00.285934" level="INFO">login</msg>
<arg>${key}</arg>
<doc>Logs the given message with the given level.</doc>
<status status="PASS" start="2024-04-20T13:15:00.285810" elapsed="0.000161"/>
</kw>
<var name="${key}">login</var>
<status status="PASS" start="2024-04-20T13:15:00.284279" elapsed="0.001930"/>
</iter>
<var>${key}</var>
<value>@{expected_keys}</value>
<status status="PASS" start="2024-04-20T13:15:00.275688" elapsed="0.010646"/>
</for>
<kw name="Create List" owner="BuiltIn">
<msg time="2024-04-20T13:15:00.286654" level="INFO">${expected_keysTwo} = ['username', 'password']</msg>
<var>${expected_keysTwo}</var>
<arg>username</arg>
<arg>password</arg>
<doc>Returns a list containing given items.</doc>
<status status="PASS" start="2024-04-20T13:15:00.286521" elapsed="0.000156"/>
</kw>
<for flavor="IN">
<iter>
<kw name="Dictionary Should Contain Key" owner="Collections">
<msg time="2024-04-20T13:15:00.287567" level="INFO">False</msg>
<arg>${json_data['results'][0]['login']}</arg>
<arg>${keyTwo}</arg>
<doc>Fails if ``key`` is not found from ``dictionary``.</doc>
<status status="PASS" start="2024-04-20T13:15:00.287180" elapsed="0.000424"/>
</kw>
<kw name="Dictionary Should Contain Key" owner="Collections">
<msg time="2024-04-20T13:15:00.288278" level="INFO">False</msg>
<arg>${json_data['results'][0]['login']}</arg>
<arg>${keyTwo}</arg>
<doc>Fails if ``key`` is not found from ``dictionary``.</doc>
<status status="PASS" start="2024-04-20T13:15:00.287894" elapsed="0.000421"/>
</kw>
<kw name="Log" owner="BuiltIn">
<msg time="2024-04-20T13:15:00.288724" level="INFO">username</msg>
<arg>${keyTwo}</arg>
<doc>Logs the given message with the given level.</doc>
<status status="PASS" start="2024-04-20T13:15:00.288600" elapsed="0.000166"/>
</kw>
<var name="${keyTwo}">username</var>
<status status="PASS" start="2024-04-20T13:15:00.287066" elapsed="0.001911"/>
</iter>
<iter>
<kw name="Dictionary Should Contain Key" owner="Collections">
<msg time="2024-04-20T13:15:00.289737" level="INFO">False</msg>
<arg>${json_data['results'][0]['login']}</arg>
<arg>${keyTwo}</arg>
<doc>Fails if ``key`` is not found from ``dictionary``.</doc>
<status status="PASS" start="2024-04-20T13:15:00.289254" elapsed="0.000527"/>
</kw>
<kw name="Dictionary Should Contain Key" owner="Collections">
<msg time="2024-04-20T13:15:00.290450" level="INFO">False</msg>
<arg>${json_data['results'][0]['login']}</arg>
<arg>${keyTwo}</arg>
<doc>Fails if ``key`` is not found from ``dictionary``.</doc>
<status status="PASS" start="2024-04-20T13:15:00.290075" elapsed="0.000410"/>
</kw>
<kw name="Log" owner="BuiltIn">
<msg time="2024-04-20T13:15:00.290900" level="INFO">password</msg>
<arg>${keyTwo}</arg>
<doc>Logs the given message with the given level.</doc>
<status status="PASS" start="2024-04-20T13:15:00.290774" elapsed="0.000161"/>
</kw>
<var name="${keyTwo}">password</var>
<status status="PASS" start="2024-04-20T13:15:00.289147" elapsed="0.001999"/>
</iter>
<var>${keyTwo}</var>
<value>@{expected_keysTwo}</value>
<status status="PASS" start="2024-04-20T13:15:00.286910" elapsed="0.004358"/>
</for>
<status status="PASS" start="2024-04-20T13:15:00.161791" elapsed="0.129613"/>
</kw>
<doc>Testa a estrutura da resposta da API.</doc>
<tag>testeEstruturaResposta</tag>
<status status="PASS" start="2024-04-20T13:15:00.161193" elapsed="0.130355"/>
</test>
<test id="s1-s1-t4" name="Validar tipos de dados" line="28">
<kw name="Teste de Tipos de Dados" owner="random-user-service">
<kw name="GET On Session" owner="RequestsLibrary">
<msg time="2024-04-20T13:15:00.374565" level="INFO">GET Request : url=https://randomuser.me/api 
 path_url=/api 
 headers={'User-Agent': 'python-requests/2.31.0', 'Accept-Encoding': 'gzip, deflate', 'Accept': '*/*', 'Connection': 'keep-alive'} 
 body=None 
 </msg>
<msg time="2024-04-20T13:15:00.374647" level="INFO">GET Response : url=https://randomuser.me/api 
 status=200, reason=OK 
 headers={'Date': 'Sat, 20 Apr 2024 13:15:00 GMT', 'Content-Type': 'application/json; charset=utf-8', 'Transfer-Encoding': 'chunked', 'Connection': 'keep-alive', 'X-Powered-By': 'Express', 'Access-Control-Allow-Origin': '*', 'Cache-Control': 'no-cache', 'ETag': 'W/"4ac-gRLZNerQIGXwDgl6Liju0q14FRs"', 'Vary': 'Accept-Encoding', 'Content-Encoding': 'gzip', 'CF-Cache-Status': 'DYNAMIC', 'Report-To': '{"endpoints":[{"url":"https:\\/\\/a.nel.cloudflare.com\\/report\\/v4?s=iYmIUtA1lHTbmSlv2TNYoj2y2mBL3DV0dx3z%2B2o%2Fwb4%2F%2FToOoJsNMpekBChxXPCYPfV5rTtrTXwJsq1NbiB5QAvP4%2FmkI1UuGjMfbmW4S9Pi8%2FgsUOTRqUe9%2FwPH9R%2BT"}],"group":"cf-nel","max_age":604800}', 'NEL': '{"success_fraction":0,"report_to":"cf-nel","max_age":604800}', 'Server': 'cloudflare', 'CF-RAY': '8775668edc470249-ORD', 'alt-svc': 'h3=":443"; ma=86400'} 
 body={"results":[{"gender":"male","name":{"title":"Mr","first":"Valentin","last":"Haro"},"location":{"street":{"number":9719,"name":"Continuación Hidalgo"},"city":"Santander Jiménez","state":"Chihuahua","country":"Mexico","postcode":17994,"coordinates":{"latitude":"23.2786","longitude":"-77.4896"},"timezone":{"offset":"+5:00","description":"Ekaterinburg, Islamabad, Karachi, Tashkent"}},"email":"valentin.haro@example.com","login":{"uuid":"f6bf7c21-0980-4bfc-b7e5-22c5393d73da","username":"whitegoose239","password":"hottie","salt":"bJIdQ0XS","md5":"8d08d2c3a1474b7410b7374554e46f34","sha1":"0143b394568e469c20193a8b8b7eab7944325d24","sha256":"167ab67fa8c7f1b5c8220dd5e272dd5b13e6d75675b76bfc2cbdbd3ed2d68a7e"},"dob":{"date":"1954-09-17T01:11:38.278Z","age":69},"registered":{"date":"2017-10-29T02:30:26.111Z","age":6},"phone":"(626) 284 2867","cell":"(668) 568 6954","id":{"name":"NSS","value":"75 02 26 0430 8"},"picture":{"large":"https://randomuser.me/api/portraits/men/36.jpg","medium":"https://randomuser.me/api/portraits/med/men/36.jpg","thumbnail":"https://randomuser.me/api/portraits/thumb/men/36.jpg"},"nat":"MX"}],"info":{"seed":"f0d7a4f69d769f2a","results":1,"page":1,"version":"1.4"}} 
 </msg>
<msg time="2024-04-20T13:15:00.374724" level="INFO">/opt/hostedtoolcache/Python/3.12.3/x64/lib/python3.12/site-packages/urllib3/connectionpool.py:1103: InsecureRequestWarning: Unverified HTTPS request is being made to host 'randomuser.me'. Adding certificate verification is strongly advised. See: https://urllib3.readthedocs.io/en/latest/advanced-usage.html#tls-warnings
  warnings.warn(</msg>
<msg time="2024-04-20T13:15:00.374861" level="INFO">${response} = &lt;Response [200]&gt;</msg>
<var>${response}</var>
<arg>consultarAPI</arg>
<arg>/api</arg>
<doc>Sends a GET request on a previously created HTTP Session.</doc>
<status status="PASS" start="2024-04-20T13:15:00.293955" elapsed="0.080962"/>
</kw>
<kw name="Set Variable" owner="BuiltIn">
<msg time="2024-04-20T13:15:00.375825" level="INFO">${json_data} = {'results': [{'gender': 'male', 'name': {'title': 'Mr', 'first': 'Valentin', 'last': 'Haro'}, 'location': {'street': {'number': 9719, 'name': 'Continuación Hidalgo'}, 'city': 'Santander Jiménez', 'sta...</msg>
<var>${json_data}</var>
<arg>${response.json()}</arg>
<doc>Returns the given values which can then be assigned to a variables.</doc>
<status status="PASS" start="2024-04-20T13:15:00.375370" elapsed="0.000483"/>
</kw>
<kw name="Log" owner="BuiltIn">
<msg time="2024-04-20T13:15:00.376308" level="INFO">{'results': [{'gender': 'male', 'name': {'title': 'Mr', 'first': 'Valentin', 'last': 'Haro'}, 'location': {'street': {'number': 9719, 'name': 'Continuación Hidalgo'}, 'city': 'Santander Jiménez', 'state': 'Chihuahua', 'country': 'Mexico', 'postcode': 17994, 'coordinates': {'latitude': '23.2786', 'longitude': '-77.4896'}, 'timezone': {'offset': '+5:00', 'description': 'Ekaterinburg, Islamabad, Karachi, Tashkent'}}, 'email': 'valentin.haro@example.com', 'login': {'uuid': 'f6bf7c21-0980-4bfc-b7e5-22c5393d73da', 'username': 'whitegoose239', 'password': 'hottie', 'salt': 'bJIdQ0XS', 'md5': '8d08d2c3a1474b7410b7374554e46f34', 'sha1': '0143b394568e469c20193a8b8b7eab7944325d24', 'sha256': '167ab67fa8c7f1b5c8220dd5e272dd5b13e6d75675b76bfc2cbdbd3ed2d68a7e'}, 'dob': {'date': '1954-09-17T01:11:38.278Z', 'age': 69}, 'registered': {'date': '2017-10-29T02:30:26.111Z', 'age': 6}, 'phone': '(626) 284 2867', 'cell': '(668) 568 6954', 'id': {'name': 'NSS', 'value': '75 02 26 0430 8'}, 'picture': {'large': 'https://randomuser.me/api/portraits/men/36.jpg', 'medium': 'https://randomuser.me/api/portraits/med/men/36.jpg', 'thumbnail': 'https://randomuser.me/api/portraits/thumb/men/36.jpg'}, 'nat': 'MX'}], 'info': {'seed': 'f0d7a4f69d769f2a', 'results': 1, 'page': 1, 'version': '1.4'}}</msg>
<arg>${json_data}</arg>
<doc>Logs the given message with the given level.</doc>
<status status="PASS" start="2024-04-20T13:15:00.376155" elapsed="0.000232"/>
</kw>
<kw name="Should Be String" owner="String">
<arg>${json_data['results'][0]['gender']}</arg>
<doc>Fails if the given ``item`` is not a string.</doc>
<status status="PASS" start="2024-04-20T13:15:00.376692" elapsed="0.000351"/>
</kw>
<kw name="Should Match Regexp" owner="BuiltIn">
<arg>${json_data['results'][0]['email']}</arg>
<arg>^[a-zA-Z0-9._%+-]+@[a-zA-Z0-9.-]+\.[a-zA-Z]{2,}$</arg>
<doc>Fails if ``string`` does not match ``pattern`` as a regular expression.</doc>
<status status="PASS" start="2024-04-20T13:15:00.377231" elapsed="0.000534"/>
</kw>
<kw name="Should Match Regexp" owner="BuiltIn">
<arg>${json_data['results'][0]['dob']['date']}</arg>
<arg>\\d{4}-\\d{2}-\\d{2}T\\d{2}:\\d{2}:\\d{2}\\.\\d{3}Z</arg>
<doc>Fails if ``string`` does not match ``pattern`` as a regular expression.</doc>
<status status="PASS" start="2024-04-20T13:15:00.377956" elapsed="0.000480"/>
</kw>
<kw name="Should Match Regexp" owner="BuiltIn">
<arg>${json_data['results'][0]['registered']['date']}</arg>
<arg>\\d{4}-\\d{2}-\\d{2}T\\d{2}:\\d{2}:\\d{2}\\.\\d{3}Z</arg>
<doc>Fails if ``string`` does not match ``pattern`` as a regular expression.</doc>
<status status="PASS" start="2024-04-20T13:15:00.378623" elapsed="0.000362"/>
</kw>
<kw name="Should Match Regexp" owner="BuiltIn">
<arg>${json_data['results'][0]['picture']['large']}</arg>
<arg>^https?://.*\.(?:png|jpe?g|gif|bmp)$</arg>
<doc>Fails if ``string`` does not match ``pattern`` as a regular expression.</doc>
<status status="PASS" start="2024-04-20T13:15:00.379173" elapsed="0.000457"/>
</kw>
<kw name="Should Match Regexp" owner="BuiltIn">
<arg>${json_data['results'][0]['picture']['medium']}</arg>
<arg>^https?://.*\.(?:png|jpe?g|gif|bmp)$</arg>
<doc>Fails if ``string`` does not match ``pattern`` as a regular expression.</doc>
<status status="PASS" start="2024-04-20T13:15:00.379813" elapsed="0.000361"/>
</kw>
<kw name="Should Match Regexp" owner="BuiltIn">
<arg>${json_data['results'][0]['picture']['thumbnail']}</arg>
<arg>^https?://.*\.(?:png|jpe?g|gif|bmp)$</arg>
<doc>Fails if ``string`` does not match ``pattern`` as a regular expression.</doc>
<status status="PASS" start="2024-04-20T13:15:00.380357" elapsed="0.000343"/>
</kw>
<kw name="Log" owner="BuiltIn">
<msg time="2024-04-20T13:15:00.381193" level="INFO">{'large': 'https://randomuser.me/api/portraits/men/36.jpg', 'medium': 'https://randomuser.me/api/portraits/med/men/36.jpg', 'thumbnail': 'https://randomuser.me/api/portraits/thumb/men/36.jpg'}</msg>
<arg>${json_data['results'][0]['picture']}</arg>
<doc>Logs the given message with the given level.</doc>
<status status="PASS" start="2024-04-20T13:15:00.380875" elapsed="0.000359"/>
</kw>
<status status="PASS" start="2024-04-20T13:15:00.293735" elapsed="0.087779"/>
</kw>
<kw name="Teste de Tipos de Dados - Postcode" owner="random-user-service">
<kw name="GET On Session" owner="RequestsLibrary">
<msg time="2024-04-20T13:15:00.463287" level="INFO">GET Request : url=https://randomuser.me/api 
 path_url=/api 
 headers={'User-Agent': 'python-requests/2.31.0', 'Accept-Encoding': 'gzip, deflate', 'Accept': '*/*', 'Connection': 'keep-alive'} 
 body=None 
 </msg>
<msg time="2024-04-20T13:15:00.463377" level="INFO">GET Response : url=https://randomuser.me/api 
 status=200, reason=OK 
 headers={'Date': 'Sat, 20 Apr 2024 13:15:00 GMT', 'Content-Type': 'application/json; charset=utf-8', 'Transfer-Encoding': 'chunked', 'Connection': 'keep-alive', 'X-Powered-By': 'Express', 'Access-Control-Allow-Origin': '*', 'Cache-Control': 'no-cache', 'ETag': 'W/"48f-8mKfPEnqW3wmpyXIzLNPXwEOCDY"', 'Vary': 'Accept-Encoding', 'Content-Encoding': 'gzip', 'CF-Cache-Status': 'DYNAMIC', 'Report-To': '{"endpoints":[{"url":"https:\\/\\/a.nel.cloudflare.com\\/report\\/v4?s=Gei8bz%2B%2BblLVaQvCOHzso72KD%2B%2Bf7jmq1kdFtd2CELCdRNGmmS3Qv1hP9QHG7IVBNDq0tt0Fl2%2F6pKEaoVmIBgAXAbHML%2FAIVExBcdaQ6huqRsxqGNgw5lYfOqmxg3jm"}],"group":"cf-nel","max_age":604800}', 'NEL': '{"success_fraction":0,"report_to":"cf-nel","max_age":604800}', 'Server': 'cloudflare', 'CF-RAY': '8775668f6ce20249-ORD', 'alt-svc': 'h3=":443"; ma=86400'} 
 body={"results":[{"gender":"female","name":{"title":"Ms","first":"Mishka","last":"Prabhu"},"location":{"street":{"number":2829,"name":"Sao Tome Old Quarter"},"city":"Begusarai","state":"Maharashtra","country":"India","postcode":12567,"coordinates":{"latitude":"8.6629","longitude":"28.0005"},"timezone":{"offset":"+6:00","description":"Almaty, Dhaka, Colombo"}},"email":"mishka.prabhu@example.com","login":{"uuid":"6aec4d19-04bf-46eb-99d7-60d8acf2a039","username":"lazygorilla135","password":"streets","salt":"qS9A4TZK","md5":"7bd169e51660221a1412736f8b686fa4","sha1":"9fec92303090292110218127a385c6fedfb42f22","sha256":"7ddb23ce3ab3d7c9a6419b5baf4931481ba524c25fce0c62c932998a6771accf"},"dob":{"date":"1994-03-10T15:33:23.658Z","age":30},"registered":{"date":"2012-04-26T08:15:24.472Z","age":11},"phone":"9916026294","cell":"8396806605","id":{"name":"UIDAI","value":"083525964145"},"picture":{"large":"https://randomuser.me/api/portraits/women/65.jpg","medium":"https://randomuser.me/api/portraits/med/women/65.jpg","thumbnail":"https://randomuser.me/api/portraits/thumb/women/65.jpg"},"nat":"IN"}],"info":{"seed":"9dd1c33ce5f7eec5","results":1,"page":1,"version":"1.4"}} 
 </msg>
<msg time="2024-04-20T13:15:00.463464" level="INFO">/opt/hostedtoolcache/Python/3.12.3/x64/lib/python3.12/site-packages/urllib3/connectionpool.py:1103: InsecureRequestWarning: Unverified HTTPS request is being made to host 'randomuser.me'. Adding certificate verification is strongly advised. See: https://urllib3.readthedocs.io/en/latest/advanced-usage.html#tls-warnings
  warnings.warn(</msg>
<msg time="2024-04-20T13:15:00.463581" level="INFO">${response} = &lt;Response [200]&gt;</msg>
<var>${response}</var>
<arg>consultarAPI</arg>
<arg>/api</arg>
<doc>Sends a GET request on a previously created HTTP Session.</doc>
<status status="PASS" start="2024-04-20T13:15:00.381945" elapsed="0.081677"/>
</kw>
<kw name="Set Variable" owner="BuiltIn">
<msg time="2024-04-20T13:15:00.464825" level="INFO">${json_data} = {'results': [{'gender': 'female', 'name': {'title': 'Ms', 'first': 'Mishka', 'last': 'Prabhu'}, 'location': {'street': {'number': 2829, 'name': 'Sao Tome Old Quarter'}, 'city': 'Begusarai', 'state': '...</msg>
<var>${json_data}</var>
<arg>${response.json()}</arg>
<doc>Returns the given values which can then be assigned to a variables.</doc>
<status status="PASS" start="2024-04-20T13:15:00.464092" elapsed="0.000777"/>
</kw>
<kw name="Log" owner="BuiltIn">
<msg time="2024-04-20T13:15:00.465606" level="INFO">{'results': [{'gender': 'female', 'name': {'title': 'Ms', 'first': 'Mishka', 'last': 'Prabhu'}, 'location': {'street': {'number': 2829, 'name': 'Sao Tome Old Quarter'}, 'city': 'Begusarai', 'state': 'Maharashtra', 'country': 'India', 'postcode': 12567, 'coordinates': {'latitude': '8.6629', 'longitude': '28.0005'}, 'timezone': {'offset': '+6:00', 'description': 'Almaty, Dhaka, Colombo'}}, 'email': 'mishka.prabhu@example.com', 'login': {'uuid': '6aec4d19-04bf-46eb-99d7-60d8acf2a039', 'username': 'lazygorilla135', 'password': 'streets', 'salt': 'qS9A4TZK', 'md5': '7bd169e51660221a1412736f8b686fa4', 'sha1': '9fec92303090292110218127a385c6fedfb42f22', 'sha256': '7ddb23ce3ab3d7c9a6419b5baf4931481ba524c25fce0c62c932998a6771accf'}, 'dob': {'date': '1994-03-10T15:33:23.658Z', 'age': 30}, 'registered': {'date': '2012-04-26T08:15:24.472Z', 'age': 11}, 'phone': '9916026294', 'cell': '8396806605', 'id': {'name': 'UIDAI', 'value': '083525964145'}, 'picture': {'large': 'https://randomuser.me/api/portraits/women/65.jpg', 'medium': 'https://randomuser.me/api/portraits/med/women/65.jpg', 'thumbnail': 'https://randomuser.me/api/portraits/thumb/women/65.jpg'}, 'nat': 'IN'}], 'info': {'seed': '9dd1c33ce5f7eec5', 'results': 1, 'page': 1, 'version': '1.4'}}</msg>
<arg>${json_data}</arg>
<doc>Logs the given message with the given level.</doc>
<status status="PASS" start="2024-04-20T13:15:00.465324" elapsed="0.000407"/>
</kw>
<kw name="Should Be Equal As Numbers" owner="BuiltIn">
<arg>${json_data['results'][0]['location']['postcode']}</arg>
<arg>${json_data['results'][0]['location']['postcode']}</arg>
<doc>Fails if objects are unequal after converting them to real numbers.</doc>
<status status="PASS" start="2024-04-20T13:15:00.466336" elapsed="0.001038"/>
</kw>
<kw name="Log" owner="BuiltIn">
<msg time="2024-04-20T13:15:00.468274" level="INFO">12567</msg>
<arg>${json_data['results'][0]['location']['postcode']}</arg>
<doc>Logs the given message with the given level.</doc>
<status status="PASS" start="2024-04-20T13:15:00.467707" elapsed="0.000630"/>
</kw>
<status status="PASS" start="2024-04-20T13:15:00.381723" elapsed="0.086967"/>
</kw>
<doc>Testa se os tipos de dados na resposta da API estão corretos.</doc>
<tag>testeTiposDados</tag>
<status status="PASS" start="2024-04-20T13:15:00.293275" elapsed="0.175650"/>
</test>
<test id="s1-s1-t5" name="Validar conteudo" line="35">
<kw name="Teste de Tipos de Conteudo" owner="random-user-service">
<kw name="GET On Session" owner="RequestsLibrary">
<msg time="2024-04-20T13:15:00.565588" level="INFO">GET Request : url=https://randomuser.me/api 
 path_url=/api 
 headers={'User-Agent': 'python-requests/2.31.0', 'Accept-Encoding': 'gzip, deflate', 'Accept': '*/*', 'Connection': 'keep-alive'} 
 body=None 
 </msg>
<msg time="2024-04-20T13:15:00.565672" level="INFO">GET Response : url=https://randomuser.me/api 
 status=200, reason=OK 
 headers={'Date': 'Sat, 20 Apr 2024 13:15:00 GMT', 'Content-Type': 'application/json; charset=utf-8', 'Transfer-Encoding': 'chunked', 'Connection': 'keep-alive', 'X-Powered-By': 'Express', 'Access-Control-Allow-Origin': '*', 'Cache-Control': 'no-cache', 'ETag': 'W/"48d-pA8NkQNYqNGEtpAUrkTuaT62BLQ"', 'Vary': 'Accept-Encoding', 'Content-Encoding': 'gzip', 'CF-Cache-Status': 'DYNAMIC', 'Report-To': '{"endpoints":[{"url":"https:\\/\\/a.nel.cloudflare.com\\/report\\/v4?s=nA%2FYk9uaPbc9D%2BLpjRDKkdgckLUKChMovnbDTsxrFdM%2FaAcMkTgHBXZ8jLKJSuzjW9hrnC1NWzTbAK6im5ngfU3qn6Yi5Mf6t%2FTJyjlamo%2FyiV9qo5M6SHk%2BSsBuQX5f"}],"group":"cf-nel","max_age":604800}', 'NEL': '{"success_fraction":0,"report_to":"cf-nel","max_age":604800}', 'Server': 'cloudflare', 'CF-RAY': '8775668ffdb40249-ORD', 'alt-svc': 'h3=":443"; ma=86400'} 
 body={"results":[{"gender":"male","name":{"title":"Monsieur","first":"Sandro","last":"Blanc"},"location":{"street":{"number":5917,"name":"Place de L'Abbé-Basset"},"city":"Meierskappel","state":"Luzern","country":"Switzerland","postcode":9824,"coordinates":{"latitude":"-63.3436","longitude":"-17.4648"},"timezone":{"offset":"-3:30","description":"Newfoundland"}},"email":"sandro.blanc@example.com","login":{"uuid":"d159387b-7334-48f0-95ee-3b69f4911fda","username":"tinytiger296","password":"duan","salt":"EomtG9aL","md5":"fe4761cfb6349fc2394910e153be3564","sha1":"9f32340a912159a26d539c93e94e87f82c6d1693","sha256":"06fd874da2ae9950e879fb81c74c655221afc4c2109ba43b099529b71f6bda52"},"dob":{"date":"1984-10-19T13:34:27.751Z","age":39},"registered":{"date":"2010-11-28T10:14:03.836Z","age":13},"phone":"076 510 98 66","cell":"076 012 93 90","id":{"name":"AVS","value":"756.7911.5125.83"},"picture":{"large":"https://randomuser.me/api/portraits/men/61.jpg","medium":"https://randomuser.me/api/portraits/med/men/61.jpg","thumbnail":"https://randomuser.me/api/portraits/thumb/men/61.jpg"},"nat":"CH"}],"info":{"seed":"c2c8b072c76864fa","results":1,"page":1,"version":"1.4"}} 
 </msg>
<msg time="2024-04-20T13:15:00.565740" level="INFO">/opt/hostedtoolcache/Python/3.12.3/x64/lib/python3.12/site-packages/urllib3/connectionpool.py:1103: InsecureRequestWarning: Unverified HTTPS request is being made to host 'randomuser.me'. Adding certificate verification is strongly advised. See: https://urllib3.readthedocs.io/en/latest/advanced-usage.html#tls-warnings
  warnings.warn(</msg>
<msg time="2024-04-20T13:15:00.565822" level="INFO">${response} = &lt;Response [200]&gt;</msg>
<var>${response}</var>
<arg>consultarAPI</arg>
<arg>/api</arg>
<doc>Sends a GET request on a previously created HTTP Session.</doc>
<status status="PASS" start="2024-04-20T13:15:00.471607" elapsed="0.094238"/>
</kw>
<kw name="Set Variable" owner="BuiltIn">
<msg time="2024-04-20T13:15:00.566662" level="INFO">${json_data} = {'results': [{'gender': 'male', 'name': {'title': 'Monsieur', 'first': 'Sandro', 'last': 'Blanc'}, 'location': {'street': {'number': 5917, 'name': "Place de L'Abbé-Basset"}, 'city': 'Meierskappel', 's...</msg>
<var>${json_data}</var>
<arg>${response.json()}</arg>
<doc>Returns the given values which can then be assigned to a variables.</doc>
<status status="PASS" start="2024-04-20T13:15:00.566220" elapsed="0.000471"/>
</kw>
<kw name="Set Variable" owner="BuiltIn">
<msg time="2024-04-20T13:15:00.567379" level="INFO">${name_title} = Monsieur</msg>
<var>${name_title}</var>
<arg>${json_data["results"][0]["name"]["title"]}</arg>
<doc>Returns the given values which can then be assigned to a variables.</doc>
<status status="PASS" start="2024-04-20T13:15:00.566997" elapsed="0.000407"/>
</kw>
<kw name="Create List" owner="BuiltIn">
<msg time="2024-04-20T13:15:00.567848" level="INFO">${allowed_titles} = ['Mr', 'Ms', 'Miss', 'Mrs', 'Madame', 'Monsieur']</msg>
<var>${allowed_titles}</var>
<arg>Mr</arg>
<arg>Ms</arg>
<arg>Miss</arg>
<arg>Mrs</arg>
<arg>Madame</arg>
<arg>Monsieur</arg>
<doc>Returns a list containing given items.</doc>
<status status="PASS" start="2024-04-20T13:15:00.567700" elapsed="0.000172"/>
</kw>
<kw name="List Should Contain Value" owner="Collections">
<msg time="2024-04-20T13:15:00.568334" level="INFO">False</msg>
<arg>${allowed_titles}</arg>
<arg>${name_title}</arg>
<doc>Fails if the ``value`` is not found from ``list``.</doc>
<status status="PASS" start="2024-04-20T13:15:00.568167" elapsed="0.000204"/>
</kw>
<kw name="Set Variable" owner="BuiltIn">
<msg time="2024-04-20T13:15:00.569039" level="INFO">${name_country} = CH</msg>
<var>${name_country}</var>
<arg>${json_data["results"][0]["nat"]}</arg>
<doc>Returns the given values which can then be assigned to a variables.</doc>
<status status="PASS" start="2024-04-20T13:15:00.568655" elapsed="0.000409"/>
</kw>
<kw name="Create List" owner="BuiltIn">
<msg time="2024-04-20T13:15:00.569981" level="INFO">${list_country} = ['AD', 'AE', 'AF', 'AG', 'AI', 'AL', 'AM', 'AO', 'AQ', 'AR', 'AS', 'AT', 'AU', 'AW', 'AX', 'AZ', 'BA', 'BB', 'BD', 'BE', 'BF', 'BG', 'BH', 'BI', 'BJ', 'BL', 'BM', 'BN', 'BO', 'BQ', 'BR', 'BS', 'BT', '...</msg>
<var>${list_country}</var>
<arg>AD</arg>
<arg>AE</arg>
<arg>AF</arg>
<arg>AG</arg>
<arg>AI</arg>
<arg>AL</arg>
<arg>AM</arg>
<arg>AO</arg>
<arg>AQ</arg>
<arg>AR</arg>
<arg>AS</arg>
<arg>AT</arg>
<arg>AU</arg>
<arg>AW</arg>
<arg>AX</arg>
<arg>AZ</arg>
<arg>BA</arg>
<arg>BB</arg>
<arg>BD</arg>
<arg>BE</arg>
<arg>BF</arg>
<arg>BG</arg>
<arg>BH</arg>
<arg>BI</arg>
<arg>BJ</arg>
<arg>BL</arg>
<arg>BM</arg>
<arg>BN</arg>
<arg>BO</arg>
<arg>BQ</arg>
<arg>BR</arg>
<arg>BS</arg>
<arg>BT</arg>
<arg>BV</arg>
<arg>BW</arg>
<arg>BY</arg>
<arg>BZ</arg>
<arg>CA</arg>
<arg>CC</arg>
<arg>CD</arg>
<arg>CF</arg>
<arg>CG</arg>
<arg>CH</arg>
<arg>CI</arg>
<arg>CK</arg>
<arg>CL</arg>
<arg>CM</arg>
<arg>CN</arg>
<arg>CO</arg>
<arg>CR</arg>
<arg>CU</arg>
<arg>CV</arg>
<arg>CW</arg>
<arg>CX</arg>
<arg>CY</arg>
<arg>CZ</arg>
<arg>DE</arg>
<arg>DJ</arg>
<arg>DK</arg>
<arg>DM</arg>
<arg>DO</arg>
<arg>DZ</arg>
<arg>EC</arg>
<arg>EE</arg>
<arg>EG</arg>
<arg>EH</arg>
<arg>ER</arg>
<arg>ES</arg>
<arg>ET</arg>
<arg>FI</arg>
<arg>FJ</arg>
<arg>FK</arg>
<arg>FM</arg>
<arg>FO</arg>
<arg>FR</arg>
<arg>GA</arg>
<arg>GB</arg>
<arg>GD</arg>
<arg>GE</arg>
<arg>GF</arg>
<arg>GG</arg>
<arg>GH</arg>
<arg>GI</arg>
<arg>GL</arg>
<arg>GM</arg>
<arg>GN</arg>
<arg>GP</arg>
<arg>GQ</arg>
<arg>GR</arg>
<arg>GS</arg>
<arg>GT</arg>
<arg>GU</arg>
<arg>GW</arg>
<arg>GY</arg>
<arg>HK</arg>
<arg>HM</arg>
<arg>HN</arg>
<arg>HR</arg>
<arg>HT</arg>
<arg>HU</arg>
<arg>ID</arg>
<arg>IE</arg>
<arg>IL</arg>
<arg>IM</arg>
<arg>IN</arg>
<arg>IO</arg>
<arg>IQ</arg>
<arg>IR</arg>
<arg>IS</arg>
<arg>IT</arg>
<arg>JE</arg>
<arg>JM</arg>
<arg>JO</arg>
<arg>JP</arg>
<arg>KE</arg>
<arg>KG</arg>
<arg>KH</arg>
<arg>KI</arg>
<arg>KM</arg>
<arg>KN</arg>
<arg>KP</arg>
<arg>KR</arg>
<arg>KW</arg>
<arg>KY</arg>
<arg>KZ</arg>
<arg>LA</arg>
<arg>LB</arg>
<arg>LC</arg>
<arg>LI</arg>
<arg>LK</arg>
<arg>LR</arg>
<arg>LS</arg>
<arg>LT</arg>
<arg>LU</arg>
<arg>LV</arg>
<arg>LY</arg>
<arg>MA</arg>
<arg>MC</arg>
<arg>MD</arg>
<arg>ME</arg>
<arg>MF</arg>
<arg>MG</arg>
<arg>MH</arg>
<arg>MK</arg>
<arg>ML</arg>
<arg>MM</arg>
<arg>MN</arg>
<arg>MO</arg>
<arg>MP</arg>
<arg>MQ</arg>
<arg>MR</arg>
<arg>MS</arg>
<arg>MT</arg>
<arg>MU</arg>
<arg>MV</arg>
<arg>MW</arg>
<arg>MX</arg>
<arg>MY</arg>
<arg>MZ</arg>
<arg>NA</arg>
<arg>NC</arg>
<arg>NE</arg>
<arg>NF</arg>
<arg>NG</arg>
<arg>NI</arg>
<arg>NL</arg>
<arg>NO</arg>
<arg>NP</arg>
<arg>NR</arg>
<arg>NU</arg>
<arg>NZ</arg>
<arg>OM</arg>
<arg>PA</arg>
<arg>PE</arg>
<arg>PF</arg>
<arg>PG</arg>
<arg>PH</arg>
<arg>PK</arg>
<arg>PL</arg>
<arg>PM</arg>
<arg>PN</arg>
<arg>PR</arg>
<arg>PS</arg>
<arg>PT</arg>
<arg>PW</arg>
<arg>PY</arg>
<arg>QA</arg>
<arg>RE</arg>
<arg>RO</arg>
<arg>RS</arg>
<arg>RU</arg>
<arg>RW</arg>
<arg>SA</arg>
<arg>SB</arg>
<arg>SC</arg>
<arg>SD</arg>
<arg>SE</arg>
<arg>SG</arg>
<arg>SH</arg>
<arg>SI</arg>
<arg>SJ</arg>
<arg>SK</arg>
<arg>SL</arg>
<arg>SM</arg>
<arg>SN</arg>
<arg>SO</arg>
<arg>SR</arg>
<arg>SS</arg>
<arg>ST</arg>
<arg>SV</arg>
<arg>SX</arg>
<arg>SY</arg>
<arg>SZ</arg>
<arg>TC</arg>
<arg>TD</arg>
<arg>TF</arg>
<arg>TG</arg>
<arg>TH</arg>
<arg>TJ</arg>
<arg>TK</arg>
<arg>TL</arg>
<arg>TM</arg>
<arg>TN</arg>
<arg>TO</arg>
<arg>TR</arg>
<arg>TT</arg>
<arg>TV</arg>
<arg>TW</arg>
<arg>TZ</arg>
<arg>UA</arg>
<arg>UG</arg>
<arg>UM</arg>
<arg>US</arg>
<arg>UY</arg>
<arg>UZ</arg>
<arg>VA</arg>
<arg>VC</arg>
<arg>VE</arg>
<arg>VG</arg>
<arg>VI</arg>
<arg>VN</arg>
<arg>VU</arg>
<arg>WF</arg>
<arg>WS</arg>
<arg>XK</arg>
<arg>YE</arg>
<arg>YT</arg>
<arg>ZA</arg>
<arg>ZM</arg>
<arg>ZW</arg>
<doc>Returns a list containing given items.</doc>
<status status="PASS" start="2024-04-20T13:15:00.569388" elapsed="0.000618"/>
</kw>
<kw name="List Should Contain Value" owner="Collections">
<msg time="2024-04-20T13:15:00.570995" level="INFO">False</msg>
<arg>${list_country}</arg>
<arg>${name_country}</arg>
<doc>Fails if the ``value`` is not found from ``list``.</doc>
<status status="PASS" start="2024-04-20T13:15:00.570798" elapsed="0.000234"/>
</kw>
<kw name="Run Keyword If" owner="BuiltIn">
<kw name="Should Be True" owner="BuiltIn">
<arg>${True}</arg>
<doc>Fails if the given condition is not true.</doc>
<status status="PASS" start="2024-04-20T13:15:00.572082" elapsed="0.000240"/>
</kw>
<arg>${json_data["results"][0]["location"]["coordinates"]["latitude"]} &gt;= -90 and ${json_data["results"][0]["location"]["coordinates"]["latitude"]} &lt;= 90</arg>
<arg>Should Be True</arg>
<arg>${True}</arg>
<doc>Runs the given keyword with the given arguments, if ``condition`` is true.</doc>
<status status="PASS" start="2024-04-20T13:15:00.571340" elapsed="0.001114"/>
</kw>
<kw name="Run Keyword If" owner="BuiltIn">
<kw name="Should Be True" owner="BuiltIn">
<arg>${True}</arg>
<doc>Fails if the given condition is not true.</doc>
<status status="PASS" start="2024-04-20T13:15:00.573353" elapsed="0.000159"/>
</kw>
<arg>${json_data["results"][0]["location"]["coordinates"]["longitude"]} &gt;= -180 and ${json_data["results"][0]["location"]["coordinates"]["longitude"]} &lt;= 180</arg>
<arg>Should Be True</arg>
<arg>${True}</arg>
<doc>Runs the given keyword with the given arguments, if ``condition`` is true.</doc>
<status status="PASS" start="2024-04-20T13:15:00.572642" elapsed="0.000994"/>
</kw>
<status status="PASS" start="2024-04-20T13:15:00.471386" elapsed="0.102378"/>
</kw>
<doc>Testa o conteúdo específico dos campos retornados pela API.</doc>
<tag>testeConteudo</tag>
<status status="PASS" start="2024-04-20T13:15:00.470967" elapsed="0.102937"/>
</test>
<status status="PASS" start="2024-04-20T13:14:59.785130" elapsed="0.790663"/>
</suite>
<status status="PASS" start="2024-04-20T13:14:59.771856" elapsed="0.808974"/>
</suite>
<statistics>
<total>
<stat pass="5" fail="0" skip="0">All Tests</stat>
</total>
<tag>
<stat pass="1" fail="0" skip="0">testeConteudo</stat>
<stat pass="1" fail="0" skip="0">testeEstruturaResposta</stat>
<stat pass="1" fail="0" skip="0">testeRequisicaoBasica</stat>
<stat pass="1" fail="0" skip="0">testeTiposDados</stat>
</tag>
<suite>
<stat pass="5" fail="0" skip="0" id="s1" name="Tests">Tests</stat>
<stat pass="5" fail="0" skip="0" id="s1-s1" name="Random-User-Test">Tests.Random-User-Test</stat>
</suite>
</statistics>
<errors>
</errors>
</robot>
