<?xml version="1.0" encoding="UTF-8"?>
<robot generator="Robot 7.0 (Python 3.12.3 on linux)" generated="2024-05-12T04:17:36.805326" rpa="false" schemaversion="5">
<suite id="s1" name="Tests" source="/home/runner/work/DesafioQAItauRogerioJordao/DesafioQAItauRogerioJordao/RamdonUser/tests">
<suite id="s1-s1" name="Random-User-Test" source="/home/runner/work/DesafioQAItauRogerioJordao/DesafioQAItauRogerioJordao/RamdonUser/tests/random-user-test.robot">
<test id="s1-s1-t1" name="Conectar" line="13">
<kw name="Conectar API" owner="random-user-service">
<kw name="Create Session" owner="RequestsLibrary">
<msg time="2024-05-12T04:17:37.160502" level="INFO">Creating Session using : alias=consultarAPI, url=https://randomuser.me/, headers={},                     cookies={}, auth=None, timeout=None, proxies=None, verify=False,                     debug=0 </msg>
<arg>consultarAPI</arg>
<arg>${URL}</arg>
<doc>Create Session: create a HTTP session to a server</doc>
<status status="PASS" start="2024-05-12T04:17:37.160306" elapsed="0.000366"/>
</kw>
<status status="PASS" start="2024-05-12T04:17:37.159358" elapsed="0.001663"/>
</kw>
<status status="PASS" start="2024-05-12T04:17:37.158773" elapsed="0.002439"/>
</test>
<test id="s1-s1-t2" name="Validar retorno 200 e JSON Válido" line="16">
<kw name="Teste de Requisicao Basica" owner="random-user-service">
<kw name="GET On Session" owner="RequestsLibrary">
<msg time="2024-05-12T04:17:37.241538" level="INFO">GET Request : url=https://randomuser.me/api 
 path_url=/api 
 headers={'User-Agent': 'python-requests/2.31.0', 'Accept-Encoding': 'gzip, deflate', 'Accept': '*/*', 'Connection': 'keep-alive'} 
 body=None 
 </msg>
<msg time="2024-05-12T04:17:37.241681" level="INFO">GET Response : url=https://randomuser.me/api 
 status=200, reason=OK 
 headers={'Date': 'Sun, 12 May 2024 04:17:37 GMT', 'Content-Type': 'application/json; charset=utf-8', 'Transfer-Encoding': 'chunked', 'Connection': 'keep-alive', 'X-Powered-By': 'Express', 'Access-Control-Allow-Origin': '*', 'Cache-Control': 'no-cache', 'ETag': 'W/"466-PGEeHtrweVuJ9YURQl+uUZCov68"', 'Vary': 'Accept-Encoding', 'Content-Encoding': 'gzip', 'CF-Cache-Status': 'DYNAMIC', 'Report-To': '{"endpoints":[{"url":"https:\\/\\/a.nel.cloudflare.com\\/report\\/v4?s=UXVc4z15hDGQlFwIOVDCN7L6V9bZfUmUnPCrNDueEKCOJRjLhoRtZzU2sT9Ykf3Tbi2POSLA09iq3VbZfWME9g1XTiJ%2BXwNcPZpYUeGI65DQfOvbZ60WS8Ud2wv6HNdj"}],"group":"cf-nel","max_age":604800}', 'NEL': '{"success_fraction":0,"report_to":"cf-nel","max_age":604800}', 'Server': 'cloudflare', 'CF-RAY': '8827999f8b1956fe-IAD', 'alt-svc': 'h3=":443"; ma=86400'} 
 body={"results":[{"gender":"male","name":{"title":"Mr","first":"Vedat","last":"Paksüt"},"location":{"street":{"number":8847,"name":"Filistin Cd"},"city":"Karaman","state":"Ağrı","country":"Turkey","postcode":24343,"coordinates":{"latitude":"72.2388","longitude":"-151.8722"},"timezone":{"offset":"+5:45","description":"Kathmandu"}},"email":"vedat.paksut@example.com","login":{"uuid":"fabe9d02-13b8-4de7-8633-e8b374322795","username":"brownelephant924","password":"gasman","salt":"fnUG24DI","md5":"afcb6a1f3c832e616636d2eb4014a2eb","sha1":"e99515b2925c220f7fb3e4accf85ca871c55d214","sha256":"d5e907b2236ffead00f9239780331ddc9e984896639e70aa6051721ab54c69bf"},"dob":{"date":"1975-04-06T03:15:14.740Z","age":49},"registered":{"date":"2016-06-24T07:22:16.145Z","age":7},"phone":"(422)-114-5374","cell":"(867)-345-0389","id":{"name":"","value":null},"picture":{"large":"https://randomuser.me/api/portraits/men/21.jpg","medium":"https://randomuser.me/api/portraits/med/men/21.jpg","thumbnail":"https://randomuser.me/api/portraits/thumb/men/21.jpg"},"nat":"TR"}],"info":{"seed":"cffb84371d275a3b","results":1,"page":1,"version":"1.4"}} 
 </msg>
<msg time="2024-05-12T04:17:37.241807" level="INFO">/opt/hostedtoolcache/Python/3.12.3/x64/lib/python3.12/site-packages/urllib3/connectionpool.py:1103: InsecureRequestWarning: Unverified HTTPS request is being made to host 'randomuser.me'. Adding certificate verification is strongly advised. See: https://urllib3.readthedocs.io/en/latest/advanced-usage.html#tls-warnings
  warnings.warn(</msg>
<msg time="2024-05-12T04:17:37.241986" level="INFO">${response} = &lt;Response [200]&gt;</msg>
<var>${response}</var>
<arg>consultarAPI</arg>
<arg>/api</arg>
<doc>Sends a GET request on a previously created HTTP Session.</doc>
<status status="PASS" start="2024-05-12T04:17:37.163889" elapsed="0.078129"/>
</kw>
<kw name="Should Be Equal As Numbers" owner="BuiltIn">
<msg time="2024-05-12T04:17:37.242983" level="INFO">Argument types are:
&lt;class 'int'&gt;
&lt;class 'str'&gt;</msg>
<arg>${response.status_code}</arg>
<arg>200</arg>
<doc>Fails if objects are unequal after converting them to real numbers.</doc>
<status status="PASS" start="2024-05-12T04:17:37.242551" elapsed="0.000498"/>
</kw>
<kw name="Log" owner="BuiltIn">
<msg time="2024-05-12T04:17:37.243766" level="INFO">200</msg>
<arg>${response.status_code}</arg>
<doc>Logs the given message with the given level.</doc>
<status status="PASS" start="2024-05-12T04:17:37.243406" elapsed="0.000403"/>
</kw>
<kw name="Set Variable" owner="BuiltIn">
<msg time="2024-05-12T04:17:37.244573" level="INFO">${json_data} = {'results': [{'gender': 'male', 'name': {'title': 'Mr', 'first': 'Vedat', 'last': 'Paksüt'}, 'location': {'street': {'number': 8847, 'name': 'Filistin Cd'}, 'city': 'Karaman', 'state': 'Ağrı', 'countr...</msg>
<var>${json_data}</var>
<arg>${response.json()}</arg>
<doc>Returns the given values which can then be assigned to a variables.</doc>
<status status="PASS" start="2024-05-12T04:17:37.244117" elapsed="0.000486"/>
</kw>
<kw name="Dictionary Should Contain Key" owner="Collections">
<msg time="2024-05-12T04:17:37.245075" level="INFO">False</msg>
<arg>${json_data}</arg>
<arg>results</arg>
<doc>Fails if ``key`` is not found from ``dictionary``.</doc>
<status status="PASS" start="2024-05-12T04:17:37.244909" elapsed="0.000205"/>
</kw>
<status status="PASS" start="2024-05-12T04:17:37.163645" elapsed="0.081722"/>
</kw>
<doc>Testa se a API responde corretamente e retorna um objeto JSON válido.</doc>
<tag>testeRequisicaoBasica</tag>
<status status="PASS" start="2024-05-12T04:17:37.163124" elapsed="0.082418"/>
</test>
<test id="s1-s1-t3" name="Validar estrutura de resposta" line="22">
<kw name="Teste de Estrutura de Resposta" owner="random-user-service">
<kw name="GET On Session" owner="RequestsLibrary">
<msg time="2024-05-12T04:17:37.336149" level="INFO">GET Request : url=https://randomuser.me/api 
 path_url=/api 
 headers={'User-Agent': 'python-requests/2.31.0', 'Accept-Encoding': 'gzip, deflate', 'Accept': '*/*', 'Connection': 'keep-alive'} 
 body=None 
 </msg>
<msg time="2024-05-12T04:17:37.336221" level="INFO">GET Response : url=https://randomuser.me/api 
 status=200, reason=OK 
 headers={'Date': 'Sun, 12 May 2024 04:17:37 GMT', 'Content-Type': 'application/json; charset=utf-8', 'Transfer-Encoding': 'chunked', 'Connection': 'keep-alive', 'X-Powered-By': 'Express', 'Access-Control-Allow-Origin': '*', 'Cache-Control': 'no-cache', 'ETag': 'W/"490-VHhiaOLVTCi9UMHQ9meZfpW8lPg"', 'Vary': 'Accept-Encoding', 'Content-Encoding': 'gzip', 'CF-Cache-Status': 'DYNAMIC', 'Report-To': '{"endpoints":[{"url":"https:\\/\\/a.nel.cloudflare.com\\/report\\/v4?s=8obN3HyTIPewAeCn5TF2UCcI9WsgipS%2BCeatrwfai5RqoOLUcRIVM74FuaCKrt1sxBRWWYQE2ekUNAuRHGOMpPSEndvYHk9adGUugz7vylA%2F8kmj377VnDzwXkqCaCdL"}],"group":"cf-nel","max_age":604800}', 'NEL': '{"success_fraction":0,"report_to":"cf-nel","max_age":604800}', 'Server': 'cloudflare', 'CF-RAY': '8827999fdb6256fe-IAD', 'alt-svc': 'h3=":443"; ma=86400'} 
 body={"results":[{"gender":"female","name":{"title":"Ms","first":"Tammy","last":"Wagner"},"location":{"street":{"number":3262,"name":"Photinia Ave"},"city":"Las Vegas","state":"Iowa","country":"United States","postcode":40894,"coordinates":{"latitude":"86.6487","longitude":"151.4469"},"timezone":{"offset":"-1:00","description":"Azores, Cape Verde Islands"}},"email":"tammy.wagner@example.com","login":{"uuid":"eeb65974-5dc9-4b03-b120-ef5652d30fb5","username":"angrytiger992","password":"biscuit","salt":"ZWJUdmmg","md5":"34e060ce47d39aa030bc1fee075556d6","sha1":"e2cde63970ff02cb14323b077451658373e05c82","sha256":"eeba48434f3735f78683f9b20ed0138ab4b64f85351268e2a12a509d35d1ea08"},"dob":{"date":"1963-03-10T15:43:22.791Z","age":61},"registered":{"date":"2010-12-15T18:46:48.215Z","age":13},"phone":"(382) 296-3845","cell":"(315) 247-5980","id":{"name":"SSN","value":"539-75-5806"},"picture":{"large":"https://randomuser.me/api/portraits/women/32.jpg","medium":"https://randomuser.me/api/portraits/med/women/32.jpg","thumbnail":"https://randomuser.me/api/portraits/thumb/women/32.jpg"},"nat":"US"}],"info":{"seed":"40fcc8e35eed5683","results":1,"page":1,"version":"1.4"}} 
 </msg>
<msg time="2024-05-12T04:17:37.336318" level="INFO">/opt/hostedtoolcache/Python/3.12.3/x64/lib/python3.12/site-packages/urllib3/connectionpool.py:1103: InsecureRequestWarning: Unverified HTTPS request is being made to host 'randomuser.me'. Adding certificate verification is strongly advised. See: https://urllib3.readthedocs.io/en/latest/advanced-usage.html#tls-warnings
  warnings.warn(</msg>
<msg time="2024-05-12T04:17:37.336436" level="INFO">${response} = &lt;Response [200]&gt;</msg>
<var>${response}</var>
<arg>consultarAPI</arg>
<arg>/api</arg>
<doc>Sends a GET request on a previously created HTTP Session.</doc>
<status status="PASS" start="2024-05-12T04:17:37.248263" elapsed="0.088210"/>
</kw>
<kw name="Set Variable" owner="BuiltIn">
<msg time="2024-05-12T04:17:37.337307" level="INFO">${json_data} = {'results': [{'gender': 'female', 'name': {'title': 'Ms', 'first': 'Tammy', 'last': 'Wagner'}, 'location': {'street': {'number': 3262, 'name': 'Photinia Ave'}, 'city': 'Las Vegas', 'state': 'Iowa', 'c...</msg>
<var>${json_data}</var>
<arg>${response.json()}</arg>
<doc>Returns the given values which can then be assigned to a variables.</doc>
<status status="PASS" start="2024-05-12T04:17:37.336845" elapsed="0.000491"/>
</kw>
<kw name="Log" owner="BuiltIn">
<msg time="2024-05-12T04:17:37.337842" level="INFO">{'results': [{'gender': 'female', 'name': {'title': 'Ms', 'first': 'Tammy', 'last': 'Wagner'}, 'location': {'street': {'number': 3262, 'name': 'Photinia Ave'}, 'city': 'Las Vegas', 'state': 'Iowa', 'country': 'United States', 'postcode': 40894, 'coordinates': {'latitude': '86.6487', 'longitude': '151.4469'}, 'timezone': {'offset': '-1:00', 'description': 'Azores, Cape Verde Islands'}}, 'email': 'tammy.wagner@example.com', 'login': {'uuid': 'eeb65974-5dc9-4b03-b120-ef5652d30fb5', 'username': 'angrytiger992', 'password': 'biscuit', 'salt': 'ZWJUdmmg', 'md5': '34e060ce47d39aa030bc1fee075556d6', 'sha1': 'e2cde63970ff02cb14323b077451658373e05c82', 'sha256': 'eeba48434f3735f78683f9b20ed0138ab4b64f85351268e2a12a509d35d1ea08'}, 'dob': {'date': '1963-03-10T15:43:22.791Z', 'age': 61}, 'registered': {'date': '2010-12-15T18:46:48.215Z', 'age': 13}, 'phone': '(382) 296-3845', 'cell': '(315) 247-5980', 'id': {'name': 'SSN', 'value': '539-75-5806'}, 'picture': {'large': 'https://randomuser.me/api/portraits/women/32.jpg', 'medium': 'https://randomuser.me/api/portraits/med/women/32.jpg', 'thumbnail': 'https://randomuser.me/api/portraits/thumb/women/32.jpg'}, 'nat': 'US'}], 'info': {'seed': '40fcc8e35eed5683', 'results': 1, 'page': 1, 'version': '1.4'}}</msg>
<arg>${json_data}</arg>
<doc>Logs the given message with the given level.</doc>
<status status="PASS" start="2024-05-12T04:17:37.337644" elapsed="0.000251"/>
</kw>
<kw name="Dictionary Should Contain Key" owner="Collections">
<msg time="2024-05-12T04:17:37.338359" level="INFO">False</msg>
<arg>${json_data}</arg>
<arg>results</arg>
<doc>Fails if ``key`` is not found from ``dictionary``.</doc>
<status status="PASS" start="2024-05-12T04:17:37.338204" elapsed="0.000192"/>
</kw>
<kw name="Should Not Be Empty" owner="BuiltIn">
<msg time="2024-05-12T04:17:37.338819" level="INFO">Length is 2.</msg>
<arg>${json_data}</arg>
<doc>Verifies that the given item is not empty.</doc>
<status status="PASS" start="2024-05-12T04:17:37.338687" elapsed="0.000176"/>
</kw>
<kw name="Create List" owner="BuiltIn">
<msg time="2024-05-12T04:17:37.339446" level="INFO">${expected_keys} = ['gender', 'name', 'location', 'email', 'login']</msg>
<var>${expected_keys}</var>
<arg>gender</arg>
<arg>name</arg>
<arg>location</arg>
<arg>email</arg>
<arg>login</arg>
<doc>Returns a list containing given items.</doc>
<status status="PASS" start="2024-05-12T04:17:37.339160" elapsed="0.000311"/>
</kw>
<for flavor="IN">
<iter>
<kw name="Dictionary Should Contain Key" owner="Collections">
<msg time="2024-05-12T04:17:37.340448" level="INFO">False</msg>
<arg>${json_data['results'][0]}</arg>
<arg>${key}</arg>
<doc>Fails if ``key`` is not found from ``dictionary``.</doc>
<status status="PASS" start="2024-05-12T04:17:37.340049" elapsed="0.000436"/>
</kw>
<kw name="Log" owner="BuiltIn">
<msg time="2024-05-12T04:17:37.341153" level="INFO">{'gender': 'female', 'name': {'title': 'Ms', 'first': 'Tammy', 'last': 'Wagner'}, 'location': {'street': {'number': 3262, 'name': 'Photinia Ave'}, 'city': 'Las Vegas', 'state': 'Iowa', 'country': 'United States', 'postcode': 40894, 'coordinates': {'latitude': '86.6487', 'longitude': '151.4469'}, 'timezone': {'offset': '-1:00', 'description': 'Azores, Cape Verde Islands'}}, 'email': 'tammy.wagner@example.com', 'login': {'uuid': 'eeb65974-5dc9-4b03-b120-ef5652d30fb5', 'username': 'angrytiger992', 'password': 'biscuit', 'salt': 'ZWJUdmmg', 'md5': '34e060ce47d39aa030bc1fee075556d6', 'sha1': 'e2cde63970ff02cb14323b077451658373e05c82', 'sha256': 'eeba48434f3735f78683f9b20ed0138ab4b64f85351268e2a12a509d35d1ea08'}, 'dob': {'date': '1963-03-10T15:43:22.791Z', 'age': 61}, 'registered': {'date': '2010-12-15T18:46:48.215Z', 'age': 13}, 'phone': '(382) 296-3845', 'cell': '(315) 247-5980', 'id': {'name': 'SSN', 'value': '539-75-5806'}, 'picture': {'large': 'https://randomuser.me/api/portraits/women/32.jpg', 'medium': 'https://randomuser.me/api/portraits/med/women/32.jpg', 'thumbnail': 'https://randomuser.me/api/portraits/thumb/women/32.jpg'}, 'nat': 'US'}</msg>
<arg>${json_data['results'][0]}</arg>
<doc>Logs the given message with the given level.</doc>
<status status="PASS" start="2024-05-12T04:17:37.340781" elapsed="0.000420"/>
</kw>
<kw name="Log" owner="BuiltIn">
<msg time="2024-05-12T04:17:37.341624" level="INFO">gender</msg>
<arg>${key}</arg>
<doc>Logs the given message with the given level.</doc>
<status status="PASS" start="2024-05-12T04:17:37.341498" elapsed="0.000163"/>
</kw>
<var name="${key}">gender</var>
<status status="PASS" start="2024-05-12T04:17:37.339924" elapsed="0.001974"/>
</iter>
<iter>
<kw name="Dictionary Should Contain Key" owner="Collections">
<msg time="2024-05-12T04:17:37.342598" level="INFO">False</msg>
<arg>${json_data['results'][0]}</arg>
<arg>${key}</arg>
<doc>Fails if ``key`` is not found from ``dictionary``.</doc>
<status status="PASS" start="2024-05-12T04:17:37.342199" elapsed="0.000438"/>
</kw>
<kw name="Log" owner="BuiltIn">
<msg time="2024-05-12T04:17:37.343322" level="INFO">{'gender': 'female', 'name': {'title': 'Ms', 'first': 'Tammy', 'last': 'Wagner'}, 'location': {'street': {'number': 3262, 'name': 'Photinia Ave'}, 'city': 'Las Vegas', 'state': 'Iowa', 'country': 'United States', 'postcode': 40894, 'coordinates': {'latitude': '86.6487', 'longitude': '151.4469'}, 'timezone': {'offset': '-1:00', 'description': 'Azores, Cape Verde Islands'}}, 'email': 'tammy.wagner@example.com', 'login': {'uuid': 'eeb65974-5dc9-4b03-b120-ef5652d30fb5', 'username': 'angrytiger992', 'password': 'biscuit', 'salt': 'ZWJUdmmg', 'md5': '34e060ce47d39aa030bc1fee075556d6', 'sha1': 'e2cde63970ff02cb14323b077451658373e05c82', 'sha256': 'eeba48434f3735f78683f9b20ed0138ab4b64f85351268e2a12a509d35d1ea08'}, 'dob': {'date': '1963-03-10T15:43:22.791Z', 'age': 61}, 'registered': {'date': '2010-12-15T18:46:48.215Z', 'age': 13}, 'phone': '(382) 296-3845', 'cell': '(315) 247-5980', 'id': {'name': 'SSN', 'value': '539-75-5806'}, 'picture': {'large': 'https://randomuser.me/api/portraits/women/32.jpg', 'medium': 'https://randomuser.me/api/portraits/med/women/32.jpg', 'thumbnail': 'https://randomuser.me/api/portraits/thumb/women/32.jpg'}, 'nat': 'US'}</msg>
<arg>${json_data['results'][0]}</arg>
<doc>Logs the given message with the given level.</doc>
<status status="PASS" start="2024-05-12T04:17:37.342962" elapsed="0.000407"/>
</kw>
<kw name="Log" owner="BuiltIn">
<msg time="2024-05-12T04:17:37.343795" level="INFO">name</msg>
<arg>${key}</arg>
<doc>Logs the given message with the given level.</doc>
<status status="PASS" start="2024-05-12T04:17:37.343670" elapsed="0.000161"/>
</kw>
<var name="${key}">name</var>
<status status="PASS" start="2024-05-12T04:17:37.342084" elapsed="0.001963"/>
</iter>
<iter>
<kw name="Dictionary Should Contain Key" owner="Collections">
<msg time="2024-05-12T04:17:37.344719" level="INFO">False</msg>
<arg>${json_data['results'][0]}</arg>
<arg>${key}</arg>
<doc>Fails if ``key`` is not found from ``dictionary``.</doc>
<status status="PASS" start="2024-05-12T04:17:37.344337" elapsed="0.000419"/>
</kw>
<kw name="Log" owner="BuiltIn">
<msg time="2024-05-12T04:17:37.345414" level="INFO">{'gender': 'female', 'name': {'title': 'Ms', 'first': 'Tammy', 'last': 'Wagner'}, 'location': {'street': {'number': 3262, 'name': 'Photinia Ave'}, 'city': 'Las Vegas', 'state': 'Iowa', 'country': 'United States', 'postcode': 40894, 'coordinates': {'latitude': '86.6487', 'longitude': '151.4469'}, 'timezone': {'offset': '-1:00', 'description': 'Azores, Cape Verde Islands'}}, 'email': 'tammy.wagner@example.com', 'login': {'uuid': 'eeb65974-5dc9-4b03-b120-ef5652d30fb5', 'username': 'angrytiger992', 'password': 'biscuit', 'salt': 'ZWJUdmmg', 'md5': '34e060ce47d39aa030bc1fee075556d6', 'sha1': 'e2cde63970ff02cb14323b077451658373e05c82', 'sha256': 'eeba48434f3735f78683f9b20ed0138ab4b64f85351268e2a12a509d35d1ea08'}, 'dob': {'date': '1963-03-10T15:43:22.791Z', 'age': 61}, 'registered': {'date': '2010-12-15T18:46:48.215Z', 'age': 13}, 'phone': '(382) 296-3845', 'cell': '(315) 247-5980', 'id': {'name': 'SSN', 'value': '539-75-5806'}, 'picture': {'large': 'https://randomuser.me/api/portraits/women/32.jpg', 'medium': 'https://randomuser.me/api/portraits/med/women/32.jpg', 'thumbnail': 'https://randomuser.me/api/portraits/thumb/women/32.jpg'}, 'nat': 'US'}</msg>
<arg>${json_data['results'][0]}</arg>
<doc>Logs the given message with the given level.</doc>
<status status="PASS" start="2024-05-12T04:17:37.345050" elapsed="0.000412"/>
</kw>
<kw name="Log" owner="BuiltIn">
<msg time="2024-05-12T04:17:37.345914" level="INFO">location</msg>
<arg>${key}</arg>
<doc>Logs the given message with the given level.</doc>
<status status="PASS" start="2024-05-12T04:17:37.345754" elapsed="0.000199"/>
</kw>
<var name="${key}">location</var>
<status status="PASS" start="2024-05-12T04:17:37.344226" elapsed="0.001943"/>
</iter>
<iter>
<kw name="Dictionary Should Contain Key" owner="Collections">
<msg time="2024-05-12T04:17:37.346839" level="INFO">False</msg>
<arg>${json_data['results'][0]}</arg>
<arg>${key}</arg>
<doc>Fails if ``key`` is not found from ``dictionary``.</doc>
<status status="PASS" start="2024-05-12T04:17:37.346453" elapsed="0.000423"/>
</kw>
<kw name="Log" owner="BuiltIn">
<msg time="2024-05-12T04:17:37.347537" level="INFO">{'gender': 'female', 'name': {'title': 'Ms', 'first': 'Tammy', 'last': 'Wagner'}, 'location': {'street': {'number': 3262, 'name': 'Photinia Ave'}, 'city': 'Las Vegas', 'state': 'Iowa', 'country': 'United States', 'postcode': 40894, 'coordinates': {'latitude': '86.6487', 'longitude': '151.4469'}, 'timezone': {'offset': '-1:00', 'description': 'Azores, Cape Verde Islands'}}, 'email': 'tammy.wagner@example.com', 'login': {'uuid': 'eeb65974-5dc9-4b03-b120-ef5652d30fb5', 'username': 'angrytiger992', 'password': 'biscuit', 'salt': 'ZWJUdmmg', 'md5': '34e060ce47d39aa030bc1fee075556d6', 'sha1': 'e2cde63970ff02cb14323b077451658373e05c82', 'sha256': 'eeba48434f3735f78683f9b20ed0138ab4b64f85351268e2a12a509d35d1ea08'}, 'dob': {'date': '1963-03-10T15:43:22.791Z', 'age': 61}, 'registered': {'date': '2010-12-15T18:46:48.215Z', 'age': 13}, 'phone': '(382) 296-3845', 'cell': '(315) 247-5980', 'id': {'name': 'SSN', 'value': '539-75-5806'}, 'picture': {'large': 'https://randomuser.me/api/portraits/women/32.jpg', 'medium': 'https://randomuser.me/api/portraits/med/women/32.jpg', 'thumbnail': 'https://randomuser.me/api/portraits/thumb/women/32.jpg'}, 'nat': 'US'}</msg>
<arg>${json_data['results'][0]}</arg>
<doc>Logs the given message with the given level.</doc>
<status status="PASS" start="2024-05-12T04:17:37.347175" elapsed="0.000410"/>
</kw>
<kw name="Log" owner="BuiltIn">
<msg time="2024-05-12T04:17:37.348003" level="INFO">email</msg>
<arg>${key}</arg>
<doc>Logs the given message with the given level.</doc>
<status status="PASS" start="2024-05-12T04:17:37.347878" elapsed="0.000162"/>
</kw>
<var name="${key}">email</var>
<status status="PASS" start="2024-05-12T04:17:37.346342" elapsed="0.001916"/>
</iter>
<iter>
<kw name="Dictionary Should Contain Key" owner="Collections">
<msg time="2024-05-12T04:17:37.348924" level="INFO">False</msg>
<arg>${json_data['results'][0]}</arg>
<arg>${key}</arg>
<doc>Fails if ``key`` is not found from ``dictionary``.</doc>
<status status="PASS" start="2024-05-12T04:17:37.348539" elapsed="0.000421"/>
</kw>
<kw name="Log" owner="BuiltIn">
<msg time="2024-05-12T04:17:37.349629" level="INFO">{'gender': 'female', 'name': {'title': 'Ms', 'first': 'Tammy', 'last': 'Wagner'}, 'location': {'street': {'number': 3262, 'name': 'Photinia Ave'}, 'city': 'Las Vegas', 'state': 'Iowa', 'country': 'United States', 'postcode': 40894, 'coordinates': {'latitude': '86.6487', 'longitude': '151.4469'}, 'timezone': {'offset': '-1:00', 'description': 'Azores, Cape Verde Islands'}}, 'email': 'tammy.wagner@example.com', 'login': {'uuid': 'eeb65974-5dc9-4b03-b120-ef5652d30fb5', 'username': 'angrytiger992', 'password': 'biscuit', 'salt': 'ZWJUdmmg', 'md5': '34e060ce47d39aa030bc1fee075556d6', 'sha1': 'e2cde63970ff02cb14323b077451658373e05c82', 'sha256': 'eeba48434f3735f78683f9b20ed0138ab4b64f85351268e2a12a509d35d1ea08'}, 'dob': {'date': '1963-03-10T15:43:22.791Z', 'age': 61}, 'registered': {'date': '2010-12-15T18:46:48.215Z', 'age': 13}, 'phone': '(382) 296-3845', 'cell': '(315) 247-5980', 'id': {'name': 'SSN', 'value': '539-75-5806'}, 'picture': {'large': 'https://randomuser.me/api/portraits/women/32.jpg', 'medium': 'https://randomuser.me/api/portraits/med/women/32.jpg', 'thumbnail': 'https://randomuser.me/api/portraits/thumb/women/32.jpg'}, 'nat': 'US'}</msg>
<arg>${json_data['results'][0]}</arg>
<doc>Logs the given message with the given level.</doc>
<status status="PASS" start="2024-05-12T04:17:37.349258" elapsed="0.000418"/>
</kw>
<kw name="Log" owner="BuiltIn">
<msg time="2024-05-12T04:17:37.350125" level="INFO">login</msg>
<arg>${key}</arg>
<doc>Logs the given message with the given level.</doc>
<status status="PASS" start="2024-05-12T04:17:37.349997" elapsed="0.000167"/>
</kw>
<var name="${key}">login</var>
<status status="PASS" start="2024-05-12T04:17:37.348429" elapsed="0.001971"/>
</iter>
<var>${key}</var>
<value>@{expected_keys}</value>
<status status="PASS" start="2024-05-12T04:17:37.339737" elapsed="0.010789"/>
</for>
<kw name="Create List" owner="BuiltIn">
<msg time="2024-05-12T04:17:37.350855" level="INFO">${expected_keysTwo} = ['username', 'password']</msg>
<var>${expected_keysTwo}</var>
<arg>username</arg>
<arg>password</arg>
<doc>Returns a list containing given items.</doc>
<status status="PASS" start="2024-05-12T04:17:37.350720" elapsed="0.000159"/>
</kw>
<for flavor="IN">
<iter>
<kw name="Dictionary Should Contain Key" owner="Collections">
<msg time="2024-05-12T04:17:37.351760" level="INFO">False</msg>
<arg>${json_data['results'][0]['login']}</arg>
<arg>${keyTwo}</arg>
<doc>Fails if ``key`` is not found from ``dictionary``.</doc>
<status status="PASS" start="2024-05-12T04:17:37.351372" elapsed="0.000426"/>
</kw>
<kw name="Dictionary Should Contain Key" owner="Collections">
<msg time="2024-05-12T04:17:37.352467" level="INFO">False</msg>
<arg>${json_data['results'][0]['login']}</arg>
<arg>${keyTwo}</arg>
<doc>Fails if ``key`` is not found from ``dictionary``.</doc>
<status status="PASS" start="2024-05-12T04:17:37.352089" elapsed="0.000414"/>
</kw>
<kw name="Log" owner="BuiltIn">
<msg time="2024-05-12T04:17:37.352916" level="INFO">username</msg>
<arg>${keyTwo}</arg>
<doc>Logs the given message with the given level.</doc>
<status status="PASS" start="2024-05-12T04:17:37.352789" elapsed="0.000168"/>
</kw>
<var name="${keyTwo}">username</var>
<status status="PASS" start="2024-05-12T04:17:37.351264" elapsed="0.001909"/>
</iter>
<iter>
<kw name="Dictionary Should Contain Key" owner="Collections">
<msg time="2024-05-12T04:17:37.353866" level="INFO">False</msg>
<arg>${json_data['results'][0]['login']}</arg>
<arg>${keyTwo}</arg>
<doc>Fails if ``key`` is not found from ``dictionary``.</doc>
<status status="PASS" start="2024-05-12T04:17:37.353453" elapsed="0.000453"/>
</kw>
<kw name="Dictionary Should Contain Key" owner="Collections">
<msg time="2024-05-12T04:17:37.354670" level="INFO">False</msg>
<arg>${json_data['results'][0]['login']}</arg>
<arg>${keyTwo}</arg>
<doc>Fails if ``key`` is not found from ``dictionary``.</doc>
<status status="PASS" start="2024-05-12T04:17:37.354201" elapsed="0.000507"/>
</kw>
<kw name="Log" owner="BuiltIn">
<msg time="2024-05-12T04:17:37.355130" level="INFO">password</msg>
<arg>${keyTwo}</arg>
<doc>Logs the given message with the given level.</doc>
<status status="PASS" start="2024-05-12T04:17:37.355002" elapsed="0.000165"/>
</kw>
<var name="${keyTwo}">password</var>
<status status="PASS" start="2024-05-12T04:17:37.353344" elapsed="0.002035"/>
</iter>
<var>${keyTwo}</var>
<value>@{expected_keysTwo}</value>
<status status="PASS" start="2024-05-12T04:17:37.351113" elapsed="0.004388"/>
</for>
<status status="PASS" start="2024-05-12T04:17:37.248028" elapsed="0.107612"/>
</kw>
<doc>Testa a estrutura da resposta da API.</doc>
<tag>testeEstruturaResposta</tag>
<status status="PASS" start="2024-05-12T04:17:37.247405" elapsed="0.108385"/>
</test>
<test id="s1-s1-t4" name="Validar tipos de dados" line="28">
<kw name="Teste de Tipos de Dados" owner="random-user-service">
<kw name="GET On Session" owner="RequestsLibrary">
<msg time="2024-05-12T04:17:37.435882" level="INFO">GET Request : url=https://randomuser.me/api 
 path_url=/api 
 headers={'User-Agent': 'python-requests/2.31.0', 'Accept-Encoding': 'gzip, deflate', 'Accept': '*/*', 'Connection': 'keep-alive'} 
 body=None 
 </msg>
<msg time="2024-05-12T04:17:37.435965" level="INFO">GET Response : url=https://randomuser.me/api 
 status=200, reason=OK 
 headers={'Date': 'Sun, 12 May 2024 04:17:37 GMT', 'Content-Type': 'application/json; charset=utf-8', 'Transfer-Encoding': 'chunked', 'Connection': 'keep-alive', 'X-Powered-By': 'Express', 'Access-Control-Allow-Origin': '*', 'Cache-Control': 'no-cache', 'ETag': 'W/"487-y9Ow8EfOcaH7gs2mjsWw31oz2io"', 'Vary': 'Accept-Encoding', 'Content-Encoding': 'gzip', 'CF-Cache-Status': 'DYNAMIC', 'Report-To': '{"endpoints":[{"url":"https:\\/\\/a.nel.cloudflare.com\\/report\\/v4?s=esWD24LEZqQJwZv%2BdQ9XYgD51CQho2HmdQtOUTqZ9rRdGWLWAe64rGprrAIpc1Ec0RzqxYyPASG%2Fv92jU5Zjkp887KoefrKfcS8gcxYku82MEM%2B8hlIpMJ2YX7iGJL7L"}],"group":"cf-nel","max_age":604800}', 'NEL': '{"success_fraction":0,"report_to":"cf-nel","max_age":604800}', 'Server': 'cloudflare', 'CF-RAY': '882799a08bfb56fe-IAD', 'alt-svc': 'h3=":443"; ma=86400'} 
 body={"results":[{"gender":"male","name":{"title":"Mr","first":"Edward","last":"Patel"},"location":{"street":{"number":6172,"name":"Willis Street"},"city":"Tauranga","state":"Taranaki","country":"New Zealand","postcode":71788,"coordinates":{"latitude":"55.0395","longitude":"-123.8092"},"timezone":{"offset":"+3:00","description":"Baghdad, Riyadh, Moscow, St. Petersburg"}},"email":"edward.patel@example.com","login":{"uuid":"4989fcba-e07c-44cc-802e-dfdd87fdc82f","username":"blackwolf854","password":"1955","salt":"5bEWqVWr","md5":"39088db294e177e6e27ba9e7610712f2","sha1":"df66b56584fb200632ad60028a3ed5072b3c51c4","sha256":"6e761af6add85727ea77df20f516da32874c8bc4406c0a8064ceccc4c54a4b92"},"dob":{"date":"1997-11-13T06:33:49.792Z","age":26},"registered":{"date":"2019-01-04T10:01:48.489Z","age":5},"phone":"(549)-875-1999","cell":"(011)-324-2181","id":{"name":"","value":null},"picture":{"large":"https://randomuser.me/api/portraits/men/81.jpg","medium":"https://randomuser.me/api/portraits/med/men/81.jpg","thumbnail":"https://randomuser.me/api/portraits/thumb/men/81.jpg"},"nat":"NZ"}],"info":{"seed":"99cb6261986b08ce","results":1,"page":1,"version":"1.4"}} 
 </msg>
<msg time="2024-05-12T04:17:37.436035" level="INFO">/opt/hostedtoolcache/Python/3.12.3/x64/lib/python3.12/site-packages/urllib3/connectionpool.py:1103: InsecureRequestWarning: Unverified HTTPS request is being made to host 'randomuser.me'. Adding certificate verification is strongly advised. See: https://urllib3.readthedocs.io/en/latest/advanced-usage.html#tls-warnings
  warnings.warn(</msg>
<msg time="2024-05-12T04:17:37.436170" level="INFO">${response} = &lt;Response [200]&gt;</msg>
<var>${response}</var>
<arg>consultarAPI</arg>
<arg>/api</arg>
<doc>Sends a GET request on a previously created HTTP Session.</doc>
<status status="PASS" start="2024-05-12T04:17:37.358233" elapsed="0.077993"/>
</kw>
<kw name="Set Variable" owner="BuiltIn">
<msg time="2024-05-12T04:17:37.437030" level="INFO">${json_data} = {'results': [{'gender': 'male', 'name': {'title': 'Mr', 'first': 'Edward', 'last': 'Patel'}, 'location': {'street': {'number': 6172, 'name': 'Willis Street'}, 'city': 'Tauranga', 'state': 'Taranaki', ...</msg>
<var>${json_data}</var>
<arg>${response.json()}</arg>
<doc>Returns the given values which can then be assigned to a variables.</doc>
<status status="PASS" start="2024-05-12T04:17:37.436587" elapsed="0.000471"/>
</kw>
<kw name="Log" owner="BuiltIn">
<msg time="2024-05-12T04:17:37.437503" level="INFO">{'results': [{'gender': 'male', 'name': {'title': 'Mr', 'first': 'Edward', 'last': 'Patel'}, 'location': {'street': {'number': 6172, 'name': 'Willis Street'}, 'city': 'Tauranga', 'state': 'Taranaki', 'country': 'New Zealand', 'postcode': 71788, 'coordinates': {'latitude': '55.0395', 'longitude': '-123.8092'}, 'timezone': {'offset': '+3:00', 'description': 'Baghdad, Riyadh, Moscow, St. Petersburg'}}, 'email': 'edward.patel@example.com', 'login': {'uuid': '4989fcba-e07c-44cc-802e-dfdd87fdc82f', 'username': 'blackwolf854', 'password': '1955', 'salt': '5bEWqVWr', 'md5': '39088db294e177e6e27ba9e7610712f2', 'sha1': 'df66b56584fb200632ad60028a3ed5072b3c51c4', 'sha256': '6e761af6add85727ea77df20f516da32874c8bc4406c0a8064ceccc4c54a4b92'}, 'dob': {'date': '1997-11-13T06:33:49.792Z', 'age': 26}, 'registered': {'date': '2019-01-04T10:01:48.489Z', 'age': 5}, 'phone': '(549)-875-1999', 'cell': '(011)-324-2181', 'id': {'name': '', 'value': None}, 'picture': {'large': 'https://randomuser.me/api/portraits/men/81.jpg', 'medium': 'https://randomuser.me/api/portraits/med/men/81.jpg', 'thumbnail': 'https://randomuser.me/api/portraits/thumb/men/81.jpg'}, 'nat': 'NZ'}], 'info': {'seed': '99cb6261986b08ce', 'results': 1, 'page': 1, 'version': '1.4'}}</msg>
<arg>${json_data}</arg>
<doc>Logs the given message with the given level.</doc>
<status status="PASS" start="2024-05-12T04:17:37.437355" elapsed="0.000225"/>
</kw>
<kw name="Should Be String" owner="String">
<arg>${json_data['results'][0]['gender']}</arg>
<doc>Fails if the given ``item`` is not a string.</doc>
<status status="PASS" start="2024-05-12T04:17:37.437923" elapsed="0.000367"/>
</kw>
<kw name="Should Match Regexp" owner="BuiltIn">
<arg>${json_data['results'][0]['email']}</arg>
<arg>^[a-zA-Z0-9._%+-]+@[a-zA-Z0-9.-]+\.[a-zA-Z]{2,}$</arg>
<doc>Fails if ``string`` does not match ``pattern`` as a regular expression.</doc>
<status status="PASS" start="2024-05-12T04:17:37.438480" elapsed="0.000505"/>
</kw>
<kw name="Should Match Regexp" owner="BuiltIn">
<arg>${json_data['results'][0]['dob']['date']}</arg>
<arg>\\d{4}-\\d{2}-\\d{2}T\\d{2}:\\d{2}:\\d{2}\\.\\d{3}Z</arg>
<doc>Fails if ``string`` does not match ``pattern`` as a regular expression.</doc>
<status status="PASS" start="2024-05-12T04:17:37.439178" elapsed="0.000491"/>
</kw>
<kw name="Should Match Regexp" owner="BuiltIn">
<arg>${json_data['results'][0]['registered']['date']}</arg>
<arg>\\d{4}-\\d{2}-\\d{2}T\\d{2}:\\d{2}:\\d{2}\\.\\d{3}Z</arg>
<doc>Fails if ``string`` does not match ``pattern`` as a regular expression.</doc>
<status status="PASS" start="2024-05-12T04:17:37.439859" elapsed="0.000371"/>
</kw>
<kw name="Should Match Regexp" owner="BuiltIn">
<arg>${json_data['results'][0]['picture']['large']}</arg>
<arg>^https?://.*\.(?:png|jpe?g|gif|bmp)$</arg>
<doc>Fails if ``string`` does not match ``pattern`` as a regular expression.</doc>
<status status="PASS" start="2024-05-12T04:17:37.440417" elapsed="0.000456"/>
</kw>
<kw name="Should Match Regexp" owner="BuiltIn">
<arg>${json_data['results'][0]['picture']['medium']}</arg>
<arg>^https?://.*\.(?:png|jpe?g|gif|bmp)$</arg>
<doc>Fails if ``string`` does not match ``pattern`` as a regular expression.</doc>
<status status="PASS" start="2024-05-12T04:17:37.441057" elapsed="0.000354"/>
</kw>
<kw name="Should Match Regexp" owner="BuiltIn">
<arg>${json_data['results'][0]['picture']['thumbnail']}</arg>
<arg>^https?://.*\.(?:png|jpe?g|gif|bmp)$</arg>
<doc>Fails if ``string`` does not match ``pattern`` as a regular expression.</doc>
<status status="PASS" start="2024-05-12T04:17:37.441599" elapsed="0.000375"/>
</kw>
<kw name="Log" owner="BuiltIn">
<msg time="2024-05-12T04:17:37.442476" level="INFO">{'large': 'https://randomuser.me/api/portraits/men/81.jpg', 'medium': 'https://randomuser.me/api/portraits/med/men/81.jpg', 'thumbnail': 'https://randomuser.me/api/portraits/thumb/men/81.jpg'}</msg>
<arg>${json_data['results'][0]['picture']}</arg>
<doc>Logs the given message with the given level.</doc>
<status status="PASS" start="2024-05-12T04:17:37.442155" elapsed="0.000361"/>
</kw>
<status status="PASS" start="2024-05-12T04:17:37.358008" elapsed="0.084758"/>
</kw>
<kw name="Teste de Tipos de Dados - Postcode" owner="random-user-service">
<kw name="GET On Session" owner="RequestsLibrary">
<msg time="2024-05-12T04:17:37.537161" level="INFO">GET Request : url=https://randomuser.me/api 
 path_url=/api 
 headers={'User-Agent': 'python-requests/2.31.0', 'Accept-Encoding': 'gzip, deflate', 'Accept': '*/*', 'Connection': 'keep-alive'} 
 body=None 
 </msg>
<msg time="2024-05-12T04:17:37.537230" level="INFO">GET Response : url=https://randomuser.me/api 
 status=200, reason=OK 
 headers={'Date': 'Sun, 12 May 2024 04:17:37 GMT', 'Content-Type': 'application/json; charset=utf-8', 'Transfer-Encoding': 'chunked', 'Connection': 'keep-alive', 'X-Powered-By': 'Express', 'Access-Control-Allow-Origin': '*', 'Cache-Control': 'no-cache', 'ETag': 'W/"4bf-O63HrloKVa4w/NcLFdoLK3S/eSA"', 'Vary': 'Accept-Encoding', 'Content-Encoding': 'gzip', 'CF-Cache-Status': 'DYNAMIC', 'Report-To': '{"endpoints":[{"url":"https:\\/\\/a.nel.cloudflare.com\\/report\\/v4?s=moJdKeZvIkDgMFHwU5PGphCQm%2FqW0E94UWuMsJ7QMNsnU6vu38qc%2BbLLKToy%2BB0U9Q5%2FcJ5wFUnJGK3qBl2yDt%2Bk1GnP0b90nx6v7thx3xhwQvnO3Acny%2Fv6kNyyZsD2"}],"group":"cf-nel","max_age":604800}', 'NEL': '{"success_fraction":0,"report_to":"cf-nel","max_age":604800}', 'Server': 'cloudflare', 'CF-RAY': '882799a10c7456fe-IAD', 'alt-svc': 'h3=":443"; ma=86400'} 
 body={"results":[{"gender":"female","name":{"title":"Miss","first":"فاطمه زهرا","last":"نجاتی"},"location":{"street":{"number":3398,"name":"شهید آقاسرمدیان"},"city":"خمینی‌شهر","state":"اردبیل","country":"Iran","postcode":48110,"coordinates":{"latitude":"17.5175","longitude":"29.7891"},"timezone":{"offset":"+5:00","description":"Ekaterinburg, Islamabad, Karachi, Tashkent"}},"email":"ftmhzhr.njty@example.com","login":{"uuid":"9b0a5651-6d40-4519-b226-9779e1d5d1e7","username":"greenmeercat531","password":"blossom","salt":"2taueLTk","md5":"226666e8969ce3d40a7e3a084d9e4c90","sha1":"1647a52bf5355a66684c2318a17d1464458c0ff4","sha256":"7791fdc375580d46c87da736b24ff5a0f16301cd783dffecfdd26fe30156e9be"},"dob":{"date":"1969-06-29T11:24:18.513Z","age":54},"registered":{"date":"2014-07-14T13:20:50.351Z","age":9},"phone":"018-38194149","cell":"0956-422-6710","id":{"name":"","value":null},"picture":{"large":"https://randomuser.me/api/portraits/women/88.jpg","medium":"https://randomuser.me/api/portraits/med/women/88.jpg","thumbnail":"https://randomuser.me/api/portraits/thumb/women/88.jpg"},"nat":"IR"}],"info":{"seed":"b465889b855998ce","results":1,"page":1,"version":"1.4"}} 
 </msg>
<msg time="2024-05-12T04:17:37.537288" level="INFO">/opt/hostedtoolcache/Python/3.12.3/x64/lib/python3.12/site-packages/urllib3/connectionpool.py:1103: InsecureRequestWarning: Unverified HTTPS request is being made to host 'randomuser.me'. Adding certificate verification is strongly advised. See: https://urllib3.readthedocs.io/en/latest/advanced-usage.html#tls-warnings
  warnings.warn(</msg>
<msg time="2024-05-12T04:17:37.537394" level="INFO">${response} = &lt;Response [200]&gt;</msg>
<var>${response}</var>
<arg>consultarAPI</arg>
<arg>/api</arg>
<doc>Sends a GET request on a previously created HTTP Session.</doc>
<status status="PASS" start="2024-05-12T04:17:37.443191" elapsed="0.094241"/>
</kw>
<kw name="Set Variable" owner="BuiltIn">
<msg time="2024-05-12T04:17:37.538317" level="INFO">${json_data} = {'results': [{'gender': 'female', 'name': {'title': 'Miss', 'first': 'فاطمه زهرا', 'last': 'نجاتی'}, 'location': {'street': {'number': 3398, 'name': 'شهید آقاسرمدیان'}, 'city': 'خمینی\u200cشهر', 'stat...</msg>
<var>${json_data}</var>
<arg>${response.json()}</arg>
<doc>Returns the given values which can then be assigned to a variables.</doc>
<status status="PASS" start="2024-05-12T04:17:37.537846" elapsed="0.000500"/>
</kw>
<kw name="Log" owner="BuiltIn">
<msg time="2024-05-12T04:17:37.538817" level="INFO">{'results': [{'gender': 'female', 'name': {'title': 'Miss', 'first': 'فاطمه زهرا', 'last': 'نجاتی'}, 'location': {'street': {'number': 3398, 'name': 'شهید آقاسرمدیان'}, 'city': 'خمینی\u200cشهر', 'state': 'اردبیل', 'country': 'Iran', 'postcode': 48110, 'coordinates': {'latitude': '17.5175', 'longitude': '29.7891'}, 'timezone': {'offset': '+5:00', 'description': 'Ekaterinburg, Islamabad, Karachi, Tashkent'}}, 'email': 'ftmhzhr.njty@example.com', 'login': {'uuid': '9b0a5651-6d40-4519-b226-9779e1d5d1e7', 'username': 'greenmeercat531', 'password': 'blossom', 'salt': '2taueLTk', 'md5': '226666e8969ce3d40a7e3a084d9e4c90', 'sha1': '1647a52bf5355a66684c2318a17d1464458c0ff4', 'sha256': '7791fdc375580d46c87da736b24ff5a0f16301cd783dffecfdd26fe30156e9be'}, 'dob': {'date': '1969-06-29T11:24:18.513Z', 'age': 54}, 'registered': {'date': '2014-07-14T13:20:50.351Z', 'age': 9}, 'phone': '018-38194149', 'cell': '0956-422-6710', 'id': {'name': '', 'value': None}, 'picture': {'large': 'https://randomuser.me/api/portraits/women/88.jpg', 'medium': 'https://randomuser.me/api/portraits/med/women/88.jpg', 'thumbnail': 'https://randomuser.me/api/portraits/thumb/women/88.jpg'}, 'nat': 'IR'}], 'info': {'seed': 'b465889b855998ce', 'results': 1, 'page': 1, 'version': '1.4'}}</msg>
<arg>${json_data}</arg>
<doc>Logs the given message with the given level.</doc>
<status status="PASS" start="2024-05-12T04:17:37.538651" elapsed="0.000249"/>
</kw>
<kw name="Should Be Equal As Numbers" owner="BuiltIn">
<arg>${json_data['results'][0]['location']['postcode']}</arg>
<arg>${json_data['results'][0]['location']['postcode']}</arg>
<doc>Fails if objects are unequal after converting them to real numbers.</doc>
<status status="PASS" start="2024-05-12T04:17:37.539204" elapsed="0.000763"/>
</kw>
<kw name="Log" owner="BuiltIn">
<msg time="2024-05-12T04:17:37.540500" level="INFO">48110</msg>
<arg>${json_data['results'][0]['location']['postcode']}</arg>
<doc>Logs the given message with the given level.</doc>
<status status="PASS" start="2024-05-12T04:17:37.540163" elapsed="0.000376"/>
</kw>
<status status="PASS" start="2024-05-12T04:17:37.442978" elapsed="0.097812"/>
</kw>
<doc>Testa se os tipos de dados na resposta da API estão corretos.</doc>
<tag>testeTiposDados</tag>
<status status="PASS" start="2024-05-12T04:17:37.357546" elapsed="0.183404"/>
</test>
<test id="s1-s1-t5" name="Validar conteudo" line="35">
<kw name="Teste de Tipos de Conteudo" owner="random-user-service">
<kw name="GET On Session" owner="RequestsLibrary">
<msg time="2024-05-12T04:17:37.631507" level="INFO">GET Request : url=https://randomuser.me/api 
 path_url=/api 
 headers={'User-Agent': 'python-requests/2.31.0', 'Accept-Encoding': 'gzip, deflate', 'Accept': '*/*', 'Connection': 'keep-alive'} 
 body=None 
 </msg>
<msg time="2024-05-12T04:17:37.631593" level="INFO">GET Response : url=https://randomuser.me/api 
 status=200, reason=OK 
 headers={'Date': 'Sun, 12 May 2024 04:17:37 GMT', 'Content-Type': 'application/json; charset=utf-8', 'Transfer-Encoding': 'chunked', 'Connection': 'keep-alive', 'X-Powered-By': 'Express', 'Access-Control-Allow-Origin': '*', 'Cache-Control': 'no-cache', 'ETag': 'W/"4a8-QwQotVrD1mu1E+rgRhH4+db/RvA"', 'Vary': 'Accept-Encoding', 'Content-Encoding': 'gzip', 'CF-Cache-Status': 'DYNAMIC', 'Report-To': '{"endpoints":[{"url":"https:\\/\\/a.nel.cloudflare.com\\/report\\/v4?s=q0CW6mYJpKUKHi%2FuVQNctSLiIQBpphfaqZ0YVuPJjtbv4TkaVNHcOzMO%2FwodWK%2B2k5PmdZ8sAuJBjOySRbjeAeVevA6ejdfey0lDxWo4QcBXNVIiBqO6vtO1itWe0pvr"}],"group":"cf-nel","max_age":604800}', 'NEL': '{"success_fraction":0,"report_to":"cf-nel","max_age":604800}', 'Server': 'cloudflare', 'CF-RAY': '882799a1acf456fe-IAD', 'alt-svc': 'h3=":443"; ma=86400'} 
 body={"results":[{"gender":"male","name":{"title":"Mr","first":"John","last":"Benítez"},"location":{"street":{"number":9910,"name":"Calle de Arganzuela"},"city":"Castellón de la Plana","state":"Castilla y León","country":"Spain","postcode":17171,"coordinates":{"latitude":"-36.8784","longitude":"-47.0898"},"timezone":{"offset":"+10:00","description":"Eastern Australia, Guam, Vladivostok"}},"email":"john.benitez@example.com","login":{"uuid":"90ef5251-0e14-49ad-b7aa-8825da7ed29c","username":"purpleostrich550","password":"jamess","salt":"d5hsJQZl","md5":"46a00e44759011df61703026eb67f873","sha1":"cccac8a82467c79177fed13e1568b298859e37a6","sha256":"c690101af3bb7aff96f93928b5c4f1741c4af31300f6e37c9ce09875727c5838"},"dob":{"date":"1973-07-30T01:30:06.591Z","age":50},"registered":{"date":"2005-06-26T08:07:47.265Z","age":18},"phone":"986-498-157","cell":"644-795-777","id":{"name":"DNI","value":"83585595-Q"},"picture":{"large":"https://randomuser.me/api/portraits/men/36.jpg","medium":"https://randomuser.me/api/portraits/med/men/36.jpg","thumbnail":"https://randomuser.me/api/portraits/thumb/men/36.jpg"},"nat":"ES"}],"info":{"seed":"b86c17dc45ee547a","results":1,"page":1,"version":"1.4"}} 
 </msg>
<msg time="2024-05-12T04:17:37.631668" level="INFO">/opt/hostedtoolcache/Python/3.12.3/x64/lib/python3.12/site-packages/urllib3/connectionpool.py:1103: InsecureRequestWarning: Unverified HTTPS request is being made to host 'randomuser.me'. Adding certificate verification is strongly advised. See: https://urllib3.readthedocs.io/en/latest/advanced-usage.html#tls-warnings
  warnings.warn(</msg>
<msg time="2024-05-12T04:17:37.631776" level="INFO">${response} = &lt;Response [200]&gt;</msg>
<var>${response}</var>
<arg>consultarAPI</arg>
<arg>/api</arg>
<doc>Sends a GET request on a previously created HTTP Session.</doc>
<status status="PASS" start="2024-05-12T04:17:37.543364" elapsed="0.088452"/>
</kw>
<kw name="Set Variable" owner="BuiltIn">
<msg time="2024-05-12T04:17:37.632656" level="INFO">${json_data} = {'results': [{'gender': 'male', 'name': {'title': 'Mr', 'first': 'John', 'last': 'Benítez'}, 'location': {'street': {'number': 9910, 'name': 'Calle de Arganzuela'}, 'city': 'Castellón de la Plana', 's...</msg>
<var>${json_data}</var>
<arg>${response.json()}</arg>
<doc>Returns the given values which can then be assigned to a variables.</doc>
<status status="PASS" start="2024-05-12T04:17:37.632210" elapsed="0.000475"/>
</kw>
<kw name="Set Variable" owner="BuiltIn">
<msg time="2024-05-12T04:17:37.633372" level="INFO">${name_title} = Mr</msg>
<var>${name_title}</var>
<arg>${json_data["results"][0]["name"]["title"]}</arg>
<doc>Returns the given values which can then be assigned to a variables.</doc>
<status status="PASS" start="2024-05-12T04:17:37.632993" elapsed="0.000404"/>
</kw>
<kw name="Create List" owner="BuiltIn">
<msg time="2024-05-12T04:17:37.633887" level="INFO">${allowed_titles} = ['Mr', 'Ms', 'Miss', 'Mrs', 'Madame', 'Monsieur']</msg>
<var>${allowed_titles}</var>
<arg>Mr</arg>
<arg>Ms</arg>
<arg>Miss</arg>
<arg>Mrs</arg>
<arg>Madame</arg>
<arg>Monsieur</arg>
<doc>Returns a list containing given items.</doc>
<status status="PASS" start="2024-05-12T04:17:37.633693" elapsed="0.000219"/>
</kw>
<kw name="List Should Contain Value" owner="Collections">
<msg time="2024-05-12T04:17:37.634384" level="INFO">False</msg>
<arg>${allowed_titles}</arg>
<arg>${name_title}</arg>
<doc>Fails if the ``value`` is not found from ``list``.</doc>
<status status="PASS" start="2024-05-12T04:17:37.634214" elapsed="0.000206"/>
</kw>
<kw name="Set Variable" owner="BuiltIn">
<msg time="2024-05-12T04:17:37.635093" level="INFO">${name_country} = ES</msg>
<var>${name_country}</var>
<arg>${json_data["results"][0]["nat"]}</arg>
<doc>Returns the given values which can then be assigned to a variables.</doc>
<status status="PASS" start="2024-05-12T04:17:37.634711" elapsed="0.000407"/>
</kw>
<kw name="Create List" owner="BuiltIn">
<msg time="2024-05-12T04:17:37.636003" level="INFO">${list_country} = ['AD', 'AE', 'AF', 'AG', 'AI', 'AL', 'AM', 'AO', 'AQ', 'AR', 'AS', 'AT', 'AU', 'AW', 'AX', 'AZ', 'BA', 'BB', 'BD', 'BE', 'BF', 'BG', 'BH', 'BI', 'BJ', 'BL', 'BM', 'BN', 'BO', 'BQ', 'BR', 'BS', 'BT', '...</msg>
<var>${list_country}</var>
<arg>AD</arg>
<arg>AE</arg>
<arg>AF</arg>
<arg>AG</arg>
<arg>AI</arg>
<arg>AL</arg>
<arg>AM</arg>
<arg>AO</arg>
<arg>AQ</arg>
<arg>AR</arg>
<arg>AS</arg>
<arg>AT</arg>
<arg>AU</arg>
<arg>AW</arg>
<arg>AX</arg>
<arg>AZ</arg>
<arg>BA</arg>
<arg>BB</arg>
<arg>BD</arg>
<arg>BE</arg>
<arg>BF</arg>
<arg>BG</arg>
<arg>BH</arg>
<arg>BI</arg>
<arg>BJ</arg>
<arg>BL</arg>
<arg>BM</arg>
<arg>BN</arg>
<arg>BO</arg>
<arg>BQ</arg>
<arg>BR</arg>
<arg>BS</arg>
<arg>BT</arg>
<arg>BV</arg>
<arg>BW</arg>
<arg>BY</arg>
<arg>BZ</arg>
<arg>CA</arg>
<arg>CC</arg>
<arg>CD</arg>
<arg>CF</arg>
<arg>CG</arg>
<arg>CH</arg>
<arg>CI</arg>
<arg>CK</arg>
<arg>CL</arg>
<arg>CM</arg>
<arg>CN</arg>
<arg>CO</arg>
<arg>CR</arg>
<arg>CU</arg>
<arg>CV</arg>
<arg>CW</arg>
<arg>CX</arg>
<arg>CY</arg>
<arg>CZ</arg>
<arg>DE</arg>
<arg>DJ</arg>
<arg>DK</arg>
<arg>DM</arg>
<arg>DO</arg>
<arg>DZ</arg>
<arg>EC</arg>
<arg>EE</arg>
<arg>EG</arg>
<arg>EH</arg>
<arg>ER</arg>
<arg>ES</arg>
<arg>ET</arg>
<arg>FI</arg>
<arg>FJ</arg>
<arg>FK</arg>
<arg>FM</arg>
<arg>FO</arg>
<arg>FR</arg>
<arg>GA</arg>
<arg>GB</arg>
<arg>GD</arg>
<arg>GE</arg>
<arg>GF</arg>
<arg>GG</arg>
<arg>GH</arg>
<arg>GI</arg>
<arg>GL</arg>
<arg>GM</arg>
<arg>GN</arg>
<arg>GP</arg>
<arg>GQ</arg>
<arg>GR</arg>
<arg>GS</arg>
<arg>GT</arg>
<arg>GU</arg>
<arg>GW</arg>
<arg>GY</arg>
<arg>HK</arg>
<arg>HM</arg>
<arg>HN</arg>
<arg>HR</arg>
<arg>HT</arg>
<arg>HU</arg>
<arg>ID</arg>
<arg>IE</arg>
<arg>IL</arg>
<arg>IM</arg>
<arg>IN</arg>
<arg>IO</arg>
<arg>IQ</arg>
<arg>IR</arg>
<arg>IS</arg>
<arg>IT</arg>
<arg>JE</arg>
<arg>JM</arg>
<arg>JO</arg>
<arg>JP</arg>
<arg>KE</arg>
<arg>KG</arg>
<arg>KH</arg>
<arg>KI</arg>
<arg>KM</arg>
<arg>KN</arg>
<arg>KP</arg>
<arg>KR</arg>
<arg>KW</arg>
<arg>KY</arg>
<arg>KZ</arg>
<arg>LA</arg>
<arg>LB</arg>
<arg>LC</arg>
<arg>LI</arg>
<arg>LK</arg>
<arg>LR</arg>
<arg>LS</arg>
<arg>LT</arg>
<arg>LU</arg>
<arg>LV</arg>
<arg>LY</arg>
<arg>MA</arg>
<arg>MC</arg>
<arg>MD</arg>
<arg>ME</arg>
<arg>MF</arg>
<arg>MG</arg>
<arg>MH</arg>
<arg>MK</arg>
<arg>ML</arg>
<arg>MM</arg>
<arg>MN</arg>
<arg>MO</arg>
<arg>MP</arg>
<arg>MQ</arg>
<arg>MR</arg>
<arg>MS</arg>
<arg>MT</arg>
<arg>MU</arg>
<arg>MV</arg>
<arg>MW</arg>
<arg>MX</arg>
<arg>MY</arg>
<arg>MZ</arg>
<arg>NA</arg>
<arg>NC</arg>
<arg>NE</arg>
<arg>NF</arg>
<arg>NG</arg>
<arg>NI</arg>
<arg>NL</arg>
<arg>NO</arg>
<arg>NP</arg>
<arg>NR</arg>
<arg>NU</arg>
<arg>NZ</arg>
<arg>OM</arg>
<arg>PA</arg>
<arg>PE</arg>
<arg>PF</arg>
<arg>PG</arg>
<arg>PH</arg>
<arg>PK</arg>
<arg>PL</arg>
<arg>PM</arg>
<arg>PN</arg>
<arg>PR</arg>
<arg>PS</arg>
<arg>PT</arg>
<arg>PW</arg>
<arg>PY</arg>
<arg>QA</arg>
<arg>RE</arg>
<arg>RO</arg>
<arg>RS</arg>
<arg>RU</arg>
<arg>RW</arg>
<arg>SA</arg>
<arg>SB</arg>
<arg>SC</arg>
<arg>SD</arg>
<arg>SE</arg>
<arg>SG</arg>
<arg>SH</arg>
<arg>SI</arg>
<arg>SJ</arg>
<arg>SK</arg>
<arg>SL</arg>
<arg>SM</arg>
<arg>SN</arg>
<arg>SO</arg>
<arg>SR</arg>
<arg>SS</arg>
<arg>ST</arg>
<arg>SV</arg>
<arg>SX</arg>
<arg>SY</arg>
<arg>SZ</arg>
<arg>TC</arg>
<arg>TD</arg>
<arg>TF</arg>
<arg>TG</arg>
<arg>TH</arg>
<arg>TJ</arg>
<arg>TK</arg>
<arg>TL</arg>
<arg>TM</arg>
<arg>TN</arg>
<arg>TO</arg>
<arg>TR</arg>
<arg>TT</arg>
<arg>TV</arg>
<arg>TW</arg>
<arg>TZ</arg>
<arg>UA</arg>
<arg>UG</arg>
<arg>UM</arg>
<arg>US</arg>
<arg>UY</arg>
<arg>UZ</arg>
<arg>VA</arg>
<arg>VC</arg>
<arg>VE</arg>
<arg>VG</arg>
<arg>VI</arg>
<arg>VN</arg>
<arg>VU</arg>
<arg>WF</arg>
<arg>WS</arg>
<arg>XK</arg>
<arg>YE</arg>
<arg>YT</arg>
<arg>ZA</arg>
<arg>ZM</arg>
<arg>ZW</arg>
<doc>Returns a list containing given items.</doc>
<status status="PASS" start="2024-05-12T04:17:37.635418" elapsed="0.000611"/>
</kw>
<kw name="List Should Contain Value" owner="Collections">
<msg time="2024-05-12T04:17:37.637012" level="INFO">False</msg>
<arg>${list_country}</arg>
<arg>${name_country}</arg>
<doc>Fails if the ``value`` is not found from ``list``.</doc>
<status status="PASS" start="2024-05-12T04:17:37.636816" elapsed="0.000232"/>
</kw>
<kw name="Run Keyword If" owner="BuiltIn">
<kw name="Should Be True" owner="BuiltIn">
<arg>${True}</arg>
<doc>Fails if the given condition is not true.</doc>
<status status="PASS" start="2024-05-12T04:17:37.638134" elapsed="0.000142"/>
</kw>
<arg>${json_data["results"][0]["location"]["coordinates"]["latitude"]} &gt;= -90 and ${json_data["results"][0]["location"]["coordinates"]["latitude"]} &lt;= 90</arg>
<arg>Should Be True</arg>
<arg>${True}</arg>
<doc>Runs the given keyword with the given arguments, if ``condition`` is true.</doc>
<status status="PASS" start="2024-05-12T04:17:37.637355" elapsed="0.001044"/>
</kw>
<kw name="Run Keyword If" owner="BuiltIn">
<kw name="Should Be True" owner="BuiltIn">
<arg>${True}</arg>
<doc>Fails if the given condition is not true.</doc>
<status status="PASS" start="2024-05-12T04:17:37.639273" elapsed="0.000241"/>
</kw>
<arg>${json_data["results"][0]["location"]["coordinates"]["longitude"]} &gt;= -180 and ${json_data["results"][0]["location"]["coordinates"]["longitude"]} &lt;= 180</arg>
<arg>Should Be True</arg>
<arg>${True}</arg>
<doc>Runs the given keyword with the given arguments, if ``condition`` is true.</doc>
<status status="PASS" start="2024-05-12T04:17:37.638582" elapsed="0.001058"/>
</kw>
<status status="PASS" start="2024-05-12T04:17:37.543142" elapsed="0.096627"/>
</kw>
<doc>Testa o conteúdo específico dos campos retornados pela API.</doc>
<tag>testeConteudo</tag>
<status status="PASS" start="2024-05-12T04:17:37.542717" elapsed="0.097194"/>
</test>
<status status="PASS" start="2024-05-12T04:17:36.862568" elapsed="0.779306"/>
</suite>
<status status="PASS" start="2024-05-12T04:17:36.849105" elapsed="0.797874"/>
</suite>
<statistics>
<total>
<stat pass="5" fail="0" skip="0">All Tests</stat>
</total>
<tag>
<stat pass="1" fail="0" skip="0">testeConteudo</stat>
<stat pass="1" fail="0" skip="0">testeEstruturaResposta</stat>
<stat pass="1" fail="0" skip="0">testeRequisicaoBasica</stat>
<stat pass="1" fail="0" skip="0">testeTiposDados</stat>
</tag>
<suite>
<stat pass="5" fail="0" skip="0" id="s1" name="Tests">Tests</stat>
<stat pass="5" fail="0" skip="0" id="s1-s1" name="Random-User-Test">Tests.Random-User-Test</stat>
</suite>
</statistics>
<errors>
</errors>
</robot>
