<?xml version="1.0" encoding="UTF-8"?>
<robot generator="Robot 7.0.1 (Python 3.12.3 on linux)" generated="2024-06-12T04:18:05.603025" rpa="false" schemaversion="5">
<suite id="s1" name="Tests" source="/home/runner/work/ApiRandomUser/ApiRandomUser/RamdonUser/tests">
<suite id="s1-s1" name="Random-User-Test" source="/home/runner/work/ApiRandomUser/ApiRandomUser/RamdonUser/tests/random-user-test.robot">
<test id="s1-s1-t1" name="Conectar" line="13">
<kw name="Conectar API" owner="random-user-service">
<kw name="Create Session" owner="RequestsLibrary">
<msg time="2024-06-12T04:18:06.041241" level="INFO">Creating Session using : alias=consultarAPI, url=https://randomuser.me/, headers={},                     cookies={}, auth=None, timeout=None, proxies=None, verify=False,                     debug=0 </msg>
<arg>consultarAPI</arg>
<arg>${URL}</arg>
<doc>Create Session: create a HTTP session to a server</doc>
<status status="PASS" start="2024-06-12T04:18:06.041024" elapsed="0.000412"/>
</kw>
<status status="PASS" start="2024-06-12T04:18:06.039896" elapsed="0.001909"/>
</kw>
<status status="PASS" start="2024-06-12T04:18:06.039216" elapsed="0.002788"/>
</test>
<test id="s1-s1-t2" name="Validar retorno 200 e JSON Válido" line="16">
<kw name="Teste de Requisicao Basica" owner="random-user-service">
<kw name="GET On Session" owner="RequestsLibrary">
<msg time="2024-06-12T04:18:06.220574" level="INFO">GET Request : url=https://randomuser.me/api 
 path_url=/api 
 headers={'User-Agent': 'python-requests/2.32.3', 'Accept-Encoding': 'gzip, deflate', 'Accept': '*/*', 'Connection': 'keep-alive'} 
 body=None 
 </msg>
<msg time="2024-06-12T04:18:06.220784" level="INFO">GET Response : url=https://randomuser.me/api 
 status=200, reason=OK 
 headers={'Date': 'Wed, 12 Jun 2024 04:18:06 GMT', 'Content-Type': 'application/json; charset=utf-8', 'Transfer-Encoding': 'chunked', 'Connection': 'keep-alive', 'X-Powered-By': 'Express', 'Access-Control-Allow-Origin': '*', 'Cache-Control': 'no-cache', 'ETag': 'W/"494-veMDCgCShVk0O7ueYI1mwLf3hgA"', 'Vary': 'Accept-Encoding', 'Content-Encoding': 'gzip', 'CF-Cache-Status': 'DYNAMIC', 'Report-To': '{"endpoints":[{"url":"https:\\/\\/a.nel.cloudflare.com\\/report\\/v4?s=JJ%2BMURxBEFWIubb9z4GwH7ioflu0K2qan384NXYzk4QhEHKZedADIBFlGZnmEVck%2BAggswha4kiBt7ka3YLU8mOsOPSo7S%2BYa1vr%2BeVM%2F7RxhYJHp6B2v0WDPyTKoQmX"}],"group":"cf-nel","max_age":604800}', 'NEL': '{"success_fraction":0,"report_to":"cf-nel","max_age":604800}', 'Server': 'cloudflare', 'CF-RAY': '892708f49da29c4e-IAD', 'alt-svc': 'h3=":443"; ma=86400'} 
 body={"results":[{"gender":"female","name":{"title":"Mrs","first":"Abbie","last":"Powell"},"location":{"street":{"number":3300,"name":"New Road"},"city":"Hereford","state":"Devon","country":"United Kingdom","postcode":"V6 7WL","coordinates":{"latitude":"-7.0545","longitude":"5.2440"},"timezone":{"offset":"+3:00","description":"Baghdad, Riyadh, Moscow, St. Petersburg"}},"email":"abbie.powell@example.com","login":{"uuid":"0b685764-5230-4ab9-98ce-4ac9160ddb1f","username":"tinyfish703","password":"ricky","salt":"iobPSJuG","md5":"0ed0b95e1330b7562a9be9294804e112","sha1":"8d84b42e4ff4827217012567d90d8a768c1d502b","sha256":"14dafd412002dc4ed09e20be2aac4738b4a166ee4f919ec1c8bf31b89aa27916"},"dob":{"date":"1988-01-08T00:01:23.588Z","age":36},"registered":{"date":"2014-04-01T23:28:36.571Z","age":10},"phone":"016974 09863","cell":"07607 683463","id":{"name":"NINO","value":"YJ 98 97 02 K"},"picture":{"large":"https://randomuser.me/api/portraits/women/9.jpg","medium":"https://randomuser.me/api/portraits/med/women/9.jpg","thumbnail":"https://randomuser.me/api/portraits/thumb/women/9.jpg"},"nat":"GB"}],"info":{"seed":"9bc37f3f5c05dae9","results":1,"page":1,"version":"1.4"}} 
 </msg>
<msg time="2024-06-12T04:18:06.220884" level="INFO">/opt/hostedtoolcache/Python/3.12.3/x64/lib/python3.12/site-packages/urllib3/connectionpool.py:1103: InsecureRequestWarning: Unverified HTTPS request is being made to host 'randomuser.me'. Adding certificate verification is strongly advised. See: https://urllib3.readthedocs.io/en/latest/advanced-usage.html#tls-warnings
  warnings.warn(</msg>
<msg time="2024-06-12T04:18:06.221047" level="INFO">${response} = &lt;Response [200]&gt;</msg>
<var>${response}</var>
<arg>consultarAPI</arg>
<arg>/api</arg>
<doc>Sends a GET request on a previously created HTTP Session.</doc>
<status status="PASS" start="2024-06-12T04:18:06.044690" elapsed="0.176403"/>
</kw>
<kw name="Should Be Equal As Numbers" owner="BuiltIn">
<msg time="2024-06-12T04:18:06.222096" level="INFO">Argument types are:
&lt;class 'int'&gt;
&lt;class 'str'&gt;</msg>
<arg>${response.status_code}</arg>
<arg>200</arg>
<doc>Fails if objects are unequal after converting them to real numbers.</doc>
<status status="PASS" start="2024-06-12T04:18:06.221629" elapsed="0.000535"/>
</kw>
<kw name="Log" owner="BuiltIn">
<msg time="2024-06-12T04:18:06.222903" level="INFO">200</msg>
<arg>${response.status_code}</arg>
<doc>Logs the given message with the given level.</doc>
<status status="PASS" start="2024-06-12T04:18:06.222538" elapsed="0.000414"/>
</kw>
<kw name="Set Variable" owner="BuiltIn">
<msg time="2024-06-12T04:18:06.223717" level="INFO">${json_data} = {'results': [{'gender': 'female', 'name': {'title': 'Mrs', 'first': 'Abbie', 'last': 'Powell'}, 'location': {'street': {'number': 3300, 'name': 'New Road'}, 'city': 'Hereford', 'state': 'Devon', 'coun...</msg>
<var>${json_data}</var>
<arg>${response.json()}</arg>
<doc>Returns the given values which can then be assigned to a variables.</doc>
<status status="PASS" start="2024-06-12T04:18:06.223271" elapsed="0.000475"/>
</kw>
<kw name="Dictionary Should Contain Key" owner="Collections">
<arg>${json_data}</arg>
<arg>results</arg>
<doc>Fails if ``key`` is not found from ``dictionary``.</doc>
<status status="PASS" start="2024-06-12T04:18:06.224050" elapsed="0.000164"/>
</kw>
<status status="PASS" start="2024-06-12T04:18:06.044410" elapsed="0.179960"/>
</kw>
<doc>Testa se a API responde corretamente e retorna um objeto JSON válido.</doc>
<tag>testeRequisicaoBasica</tag>
<status status="PASS" start="2024-06-12T04:18:06.043861" elapsed="0.180687"/>
</test>
<test id="s1-s1-t3" name="Validar estrutura de resposta" line="22">
<kw name="Teste de Estrutura de Resposta" owner="random-user-service">
<kw name="GET On Session" owner="RequestsLibrary">
<msg time="2024-06-12T04:18:06.317354" level="INFO">GET Request : url=https://randomuser.me/api 
 path_url=/api 
 headers={'User-Agent': 'python-requests/2.32.3', 'Accept-Encoding': 'gzip, deflate', 'Accept': '*/*', 'Connection': 'keep-alive'} 
 body=None 
 </msg>
<msg time="2024-06-12T04:18:06.317452" level="INFO">GET Response : url=https://randomuser.me/api 
 status=200, reason=OK 
 headers={'Date': 'Wed, 12 Jun 2024 04:18:06 GMT', 'Content-Type': 'application/json; charset=utf-8', 'Transfer-Encoding': 'chunked', 'Connection': 'keep-alive', 'X-Powered-By': 'Express', 'Access-Control-Allow-Origin': '*', 'Cache-Control': 'no-cache', 'ETag': 'W/"4a3-ruJAYQgvKZNJnDQBmQvmzSBUx00"', 'Vary': 'Accept-Encoding', 'Content-Encoding': 'gzip', 'CF-Cache-Status': 'DYNAMIC', 'Report-To': '{"endpoints":[{"url":"https:\\/\\/a.nel.cloudflare.com\\/report\\/v4?s=bwdMR3dtfJQFUWQ25X66Ip%2BFsmwkIoeJJXVoQiFQ%2FMz%2FUe6ZoeFQponzMgncFteMOHjIE3d7zdrReZ27Sn%2FkQbTiIZfoFTqamNCQ2EzmIzDsMUvkn9OipIXmM3VKusUw"}],"group":"cf-nel","max_age":604800}', 'NEL': '{"success_fraction":0,"report_to":"cf-nel","max_age":604800}', 'Server': 'cloudflare', 'CF-RAY': '892708f4edeb9c4e-IAD', 'alt-svc': 'h3=":443"; ma=86400'} 
 body={"results":[{"gender":"female","name":{"title":"Mrs","first":"Ediane","last":"Castro"},"location":{"street":{"number":1776,"name":"Rua Vinte E Dois "},"city":"Valinhos","state":"Santa Catarina","country":"Brazil","postcode":29490,"coordinates":{"latitude":"-80.8040","longitude":"42.8552"},"timezone":{"offset":"+5:30","description":"Bombay, Calcutta, Madras, New Delhi"}},"email":"ediane.castro@example.com","login":{"uuid":"426b2efd-37d4-4527-a017-04a59ecf17ef","username":"lazybear367","password":"angel1","salt":"EYqukD3b","md5":"b99faddce23ce5fd98efe462ef625654","sha1":"3a37a856a2c2d5b81bc57703b19951a571534cd0","sha256":"27d4dc5f19ab0de79d19aabf78262aa47f89442895f858f9dcd7a95e9eb58b6a"},"dob":{"date":"1982-02-21T02:42:12.338Z","age":42},"registered":{"date":"2009-04-20T08:34:30.413Z","age":15},"phone":"(97) 9149-9993","cell":"(35) 7451-3323","id":{"name":"CPF","value":"420.654.723-01"},"picture":{"large":"https://randomuser.me/api/portraits/women/58.jpg","medium":"https://randomuser.me/api/portraits/med/women/58.jpg","thumbnail":"https://randomuser.me/api/portraits/thumb/women/58.jpg"},"nat":"BR"}],"info":{"seed":"eee7bc2c1887ac4a","results":1,"page":1,"version":"1.4"}} 
 </msg>
<msg time="2024-06-12T04:18:06.317601" level="INFO">/opt/hostedtoolcache/Python/3.12.3/x64/lib/python3.12/site-packages/urllib3/connectionpool.py:1103: InsecureRequestWarning: Unverified HTTPS request is being made to host 'randomuser.me'. Adding certificate verification is strongly advised. See: https://urllib3.readthedocs.io/en/latest/advanced-usage.html#tls-warnings
  warnings.warn(</msg>
<msg time="2024-06-12T04:18:06.317749" level="INFO">${response} = &lt;Response [200]&gt;</msg>
<var>${response}</var>
<arg>consultarAPI</arg>
<arg>/api</arg>
<doc>Sends a GET request on a previously created HTTP Session.</doc>
<status status="PASS" start="2024-06-12T04:18:06.227340" elapsed="0.090456"/>
</kw>
<kw name="Set Variable" owner="BuiltIn">
<msg time="2024-06-12T04:18:06.318852" level="INFO">${json_data} = {'results': [{'gender': 'female', 'name': {'title': 'Mrs', 'first': 'Ediane', 'last': 'Castro'}, 'location': {'street': {'number': 1776, 'name': 'Rua Vinte E Dois '}, 'city': 'Valinhos', 'state': 'San...</msg>
<var>${json_data}</var>
<arg>${response.json()}</arg>
<doc>Returns the given values which can then be assigned to a variables.</doc>
<status status="PASS" start="2024-06-12T04:18:06.318329" elapsed="0.000552"/>
</kw>
<kw name="Log" owner="BuiltIn">
<msg time="2024-06-12T04:18:06.319396" level="INFO">{'results': [{'gender': 'female', 'name': {'title': 'Mrs', 'first': 'Ediane', 'last': 'Castro'}, 'location': {'street': {'number': 1776, 'name': 'Rua Vinte E Dois '}, 'city': 'Valinhos', 'state': 'Santa Catarina', 'country': 'Brazil', 'postcode': 29490, 'coordinates': {'latitude': '-80.8040', 'longitude': '42.8552'}, 'timezone': {'offset': '+5:30', 'description': 'Bombay, Calcutta, Madras, New Delhi'}}, 'email': 'ediane.castro@example.com', 'login': {'uuid': '426b2efd-37d4-4527-a017-04a59ecf17ef', 'username': 'lazybear367', 'password': 'angel1', 'salt': 'EYqukD3b', 'md5': 'b99faddce23ce5fd98efe462ef625654', 'sha1': '3a37a856a2c2d5b81bc57703b19951a571534cd0', 'sha256': '27d4dc5f19ab0de79d19aabf78262aa47f89442895f858f9dcd7a95e9eb58b6a'}, 'dob': {'date': '1982-02-21T02:42:12.338Z', 'age': 42}, 'registered': {'date': '2009-04-20T08:34:30.413Z', 'age': 15}, 'phone': '(97) 9149-9993', 'cell': '(35) 7451-3323', 'id': {'name': 'CPF', 'value': '420.654.723-01'}, 'picture': {'large': 'https://randomuser.me/api/portraits/women/58.jpg', 'medium': 'https://randomuser.me/api/portraits/med/women/58.jpg', 'thumbnail': 'https://randomuser.me/api/portraits/thumb/women/58.jpg'}, 'nat': 'BR'}], 'info': {'seed': 'eee7bc2c1887ac4a', 'results': 1, 'page': 1, 'version': '1.4'}}</msg>
<arg>${json_data}</arg>
<doc>Logs the given message with the given level.</doc>
<status status="PASS" start="2024-06-12T04:18:06.319225" elapsed="0.000220"/>
</kw>
<kw name="Dictionary Should Contain Key" owner="Collections">
<arg>${json_data}</arg>
<arg>results</arg>
<doc>Fails if ``key`` is not found from ``dictionary``.</doc>
<status status="PASS" start="2024-06-12T04:18:06.319747" elapsed="0.000160"/>
</kw>
<kw name="Should Not Be Empty" owner="BuiltIn">
<msg time="2024-06-12T04:18:06.320221" level="INFO">Length is 2.</msg>
<arg>${json_data}</arg>
<doc>Verifies that the given item is not empty.</doc>
<status status="PASS" start="2024-06-12T04:18:06.320096" elapsed="0.000164"/>
</kw>
<kw name="Create List" owner="BuiltIn">
<msg time="2024-06-12T04:18:06.320756" level="INFO">${expected_keys} = ['gender', 'name', 'location', 'email', 'login']</msg>
<var>${expected_keys}</var>
<arg>gender</arg>
<arg>name</arg>
<arg>location</arg>
<arg>email</arg>
<arg>login</arg>
<doc>Returns a list containing given items.</doc>
<status status="PASS" start="2024-06-12T04:18:06.320550" elapsed="0.000231"/>
</kw>
<for flavor="IN">
<iter>
<kw name="Dictionary Should Contain Key" owner="Collections">
<arg>${json_data['results'][0]}</arg>
<arg>${key}</arg>
<doc>Fails if ``key`` is not found from ``dictionary``.</doc>
<status status="PASS" start="2024-06-12T04:18:06.321388" elapsed="0.000421"/>
</kw>
<kw name="Log" owner="BuiltIn">
<msg time="2024-06-12T04:18:06.322368" level="INFO">{'gender': 'female', 'name': {'title': 'Mrs', 'first': 'Ediane', 'last': 'Castro'}, 'location': {'street': {'number': 1776, 'name': 'Rua Vinte E Dois '}, 'city': 'Valinhos', 'state': 'Santa Catarina', 'country': 'Brazil', 'postcode': 29490, 'coordinates': {'latitude': '-80.8040', 'longitude': '42.8552'}, 'timezone': {'offset': '+5:30', 'description': 'Bombay, Calcutta, Madras, New Delhi'}}, 'email': 'ediane.castro@example.com', 'login': {'uuid': '426b2efd-37d4-4527-a017-04a59ecf17ef', 'username': 'lazybear367', 'password': 'angel1', 'salt': 'EYqukD3b', 'md5': 'b99faddce23ce5fd98efe462ef625654', 'sha1': '3a37a856a2c2d5b81bc57703b19951a571534cd0', 'sha256': '27d4dc5f19ab0de79d19aabf78262aa47f89442895f858f9dcd7a95e9eb58b6a'}, 'dob': {'date': '1982-02-21T02:42:12.338Z', 'age': 42}, 'registered': {'date': '2009-04-20T08:34:30.413Z', 'age': 15}, 'phone': '(97) 9149-9993', 'cell': '(35) 7451-3323', 'id': {'name': 'CPF', 'value': '420.654.723-01'}, 'picture': {'large': 'https://randomuser.me/api/portraits/women/58.jpg', 'medium': 'https://randomuser.me/api/portraits/med/women/58.jpg', 'thumbnail': 'https://randomuser.me/api/portraits/thumb/women/58.jpg'}, 'nat': 'BR'}</msg>
<arg>${json_data['results'][0]}</arg>
<doc>Logs the given message with the given level.</doc>
<status status="PASS" start="2024-06-12T04:18:06.322006" elapsed="0.000413"/>
</kw>
<kw name="Log" owner="BuiltIn">
<msg time="2024-06-12T04:18:06.322859" level="INFO">gender</msg>
<arg>${key}</arg>
<doc>Logs the given message with the given level.</doc>
<status status="PASS" start="2024-06-12T04:18:06.322719" elapsed="0.000179"/>
</kw>
<var name="${key}">gender</var>
<status status="PASS" start="2024-06-12T04:18:06.321250" elapsed="0.001871"/>
</iter>
<iter>
<kw name="Dictionary Should Contain Key" owner="Collections">
<arg>${json_data['results'][0]}</arg>
<arg>${key}</arg>
<doc>Fails if ``key`` is not found from ``dictionary``.</doc>
<status status="PASS" start="2024-06-12T04:18:06.323430" elapsed="0.000394"/>
</kw>
<kw name="Log" owner="BuiltIn">
<msg time="2024-06-12T04:18:06.324401" level="INFO">{'gender': 'female', 'name': {'title': 'Mrs', 'first': 'Ediane', 'last': 'Castro'}, 'location': {'street': {'number': 1776, 'name': 'Rua Vinte E Dois '}, 'city': 'Valinhos', 'state': 'Santa Catarina', 'country': 'Brazil', 'postcode': 29490, 'coordinates': {'latitude': '-80.8040', 'longitude': '42.8552'}, 'timezone': {'offset': '+5:30', 'description': 'Bombay, Calcutta, Madras, New Delhi'}}, 'email': 'ediane.castro@example.com', 'login': {'uuid': '426b2efd-37d4-4527-a017-04a59ecf17ef', 'username': 'lazybear367', 'password': 'angel1', 'salt': 'EYqukD3b', 'md5': 'b99faddce23ce5fd98efe462ef625654', 'sha1': '3a37a856a2c2d5b81bc57703b19951a571534cd0', 'sha256': '27d4dc5f19ab0de79d19aabf78262aa47f89442895f858f9dcd7a95e9eb58b6a'}, 'dob': {'date': '1982-02-21T02:42:12.338Z', 'age': 42}, 'registered': {'date': '2009-04-20T08:34:30.413Z', 'age': 15}, 'phone': '(97) 9149-9993', 'cell': '(35) 7451-3323', 'id': {'name': 'CPF', 'value': '420.654.723-01'}, 'picture': {'large': 'https://randomuser.me/api/portraits/women/58.jpg', 'medium': 'https://randomuser.me/api/portraits/med/women/58.jpg', 'thumbnail': 'https://randomuser.me/api/portraits/thumb/women/58.jpg'}, 'nat': 'BR'}</msg>
<arg>${json_data['results'][0]}</arg>
<doc>Logs the given message with the given level.</doc>
<status status="PASS" start="2024-06-12T04:18:06.324010" elapsed="0.000450"/>
</kw>
<kw name="Log" owner="BuiltIn">
<msg time="2024-06-12T04:18:06.324937" level="INFO">name</msg>
<arg>${key}</arg>
<doc>Logs the given message with the given level.</doc>
<status status="PASS" start="2024-06-12T04:18:06.324792" elapsed="0.000186"/>
</kw>
<var name="${key}">name</var>
<status status="PASS" start="2024-06-12T04:18:06.323315" elapsed="0.001887"/>
</iter>
<iter>
<kw name="Dictionary Should Contain Key" owner="Collections">
<arg>${json_data['results'][0]}</arg>
<arg>${key}</arg>
<doc>Fails if ``key`` is not found from ``dictionary``.</doc>
<status status="PASS" start="2024-06-12T04:18:06.325493" elapsed="0.000375"/>
</kw>
<kw name="Log" owner="BuiltIn">
<msg time="2024-06-12T04:18:06.326411" level="INFO">{'gender': 'female', 'name': {'title': 'Mrs', 'first': 'Ediane', 'last': 'Castro'}, 'location': {'street': {'number': 1776, 'name': 'Rua Vinte E Dois '}, 'city': 'Valinhos', 'state': 'Santa Catarina', 'country': 'Brazil', 'postcode': 29490, 'coordinates': {'latitude': '-80.8040', 'longitude': '42.8552'}, 'timezone': {'offset': '+5:30', 'description': 'Bombay, Calcutta, Madras, New Delhi'}}, 'email': 'ediane.castro@example.com', 'login': {'uuid': '426b2efd-37d4-4527-a017-04a59ecf17ef', 'username': 'lazybear367', 'password': 'angel1', 'salt': 'EYqukD3b', 'md5': 'b99faddce23ce5fd98efe462ef625654', 'sha1': '3a37a856a2c2d5b81bc57703b19951a571534cd0', 'sha256': '27d4dc5f19ab0de79d19aabf78262aa47f89442895f858f9dcd7a95e9eb58b6a'}, 'dob': {'date': '1982-02-21T02:42:12.338Z', 'age': 42}, 'registered': {'date': '2009-04-20T08:34:30.413Z', 'age': 15}, 'phone': '(97) 9149-9993', 'cell': '(35) 7451-3323', 'id': {'name': 'CPF', 'value': '420.654.723-01'}, 'picture': {'large': 'https://randomuser.me/api/portraits/women/58.jpg', 'medium': 'https://randomuser.me/api/portraits/med/women/58.jpg', 'thumbnail': 'https://randomuser.me/api/portraits/thumb/women/58.jpg'}, 'nat': 'BR'}</msg>
<arg>${json_data['results'][0]}</arg>
<doc>Logs the given message with the given level.</doc>
<status status="PASS" start="2024-06-12T04:18:06.326057" elapsed="0.000402"/>
</kw>
<kw name="Log" owner="BuiltIn">
<msg time="2024-06-12T04:18:06.326877" level="INFO">location</msg>
<arg>${key}</arg>
<doc>Logs the given message with the given level.</doc>
<status status="PASS" start="2024-06-12T04:18:06.326751" elapsed="0.000164"/>
</kw>
<var name="${key}">location</var>
<status status="PASS" start="2024-06-12T04:18:06.325382" elapsed="0.001756"/>
</iter>
<iter>
<kw name="Dictionary Should Contain Key" owner="Collections">
<arg>${json_data['results'][0]}</arg>
<arg>${key}</arg>
<doc>Fails if ``key`` is not found from ``dictionary``.</doc>
<status status="PASS" start="2024-06-12T04:18:06.327423" elapsed="0.000380"/>
</kw>
<kw name="Log" owner="BuiltIn">
<msg time="2024-06-12T04:18:06.328342" level="INFO">{'gender': 'female', 'name': {'title': 'Mrs', 'first': 'Ediane', 'last': 'Castro'}, 'location': {'street': {'number': 1776, 'name': 'Rua Vinte E Dois '}, 'city': 'Valinhos', 'state': 'Santa Catarina', 'country': 'Brazil', 'postcode': 29490, 'coordinates': {'latitude': '-80.8040', 'longitude': '42.8552'}, 'timezone': {'offset': '+5:30', 'description': 'Bombay, Calcutta, Madras, New Delhi'}}, 'email': 'ediane.castro@example.com', 'login': {'uuid': '426b2efd-37d4-4527-a017-04a59ecf17ef', 'username': 'lazybear367', 'password': 'angel1', 'salt': 'EYqukD3b', 'md5': 'b99faddce23ce5fd98efe462ef625654', 'sha1': '3a37a856a2c2d5b81bc57703b19951a571534cd0', 'sha256': '27d4dc5f19ab0de79d19aabf78262aa47f89442895f858f9dcd7a95e9eb58b6a'}, 'dob': {'date': '1982-02-21T02:42:12.338Z', 'age': 42}, 'registered': {'date': '2009-04-20T08:34:30.413Z', 'age': 15}, 'phone': '(97) 9149-9993', 'cell': '(35) 7451-3323', 'id': {'name': 'CPF', 'value': '420.654.723-01'}, 'picture': {'large': 'https://randomuser.me/api/portraits/women/58.jpg', 'medium': 'https://randomuser.me/api/portraits/med/women/58.jpg', 'thumbnail': 'https://randomuser.me/api/portraits/thumb/women/58.jpg'}, 'nat': 'BR'}</msg>
<arg>${json_data['results'][0]}</arg>
<doc>Logs the given message with the given level.</doc>
<status status="PASS" start="2024-06-12T04:18:06.327985" elapsed="0.000414"/>
</kw>
<kw name="Log" owner="BuiltIn">
<msg time="2024-06-12T04:18:06.328882" level="INFO">email</msg>
<arg>${key}</arg>
<doc>Logs the given message with the given level.</doc>
<status status="PASS" start="2024-06-12T04:18:06.328746" elapsed="0.000175"/>
</kw>
<var name="${key}">email</var>
<status status="PASS" start="2024-06-12T04:18:06.327312" elapsed="0.001824"/>
</iter>
<iter>
<kw name="Dictionary Should Contain Key" owner="Collections">
<arg>${json_data['results'][0]}</arg>
<arg>${key}</arg>
<doc>Fails if ``key`` is not found from ``dictionary``.</doc>
<status status="PASS" start="2024-06-12T04:18:06.329420" elapsed="0.000384"/>
</kw>
<kw name="Log" owner="BuiltIn">
<msg time="2024-06-12T04:18:06.330335" level="INFO">{'gender': 'female', 'name': {'title': 'Mrs', 'first': 'Ediane', 'last': 'Castro'}, 'location': {'street': {'number': 1776, 'name': 'Rua Vinte E Dois '}, 'city': 'Valinhos', 'state': 'Santa Catarina', 'country': 'Brazil', 'postcode': 29490, 'coordinates': {'latitude': '-80.8040', 'longitude': '42.8552'}, 'timezone': {'offset': '+5:30', 'description': 'Bombay, Calcutta, Madras, New Delhi'}}, 'email': 'ediane.castro@example.com', 'login': {'uuid': '426b2efd-37d4-4527-a017-04a59ecf17ef', 'username': 'lazybear367', 'password': 'angel1', 'salt': 'EYqukD3b', 'md5': 'b99faddce23ce5fd98efe462ef625654', 'sha1': '3a37a856a2c2d5b81bc57703b19951a571534cd0', 'sha256': '27d4dc5f19ab0de79d19aabf78262aa47f89442895f858f9dcd7a95e9eb58b6a'}, 'dob': {'date': '1982-02-21T02:42:12.338Z', 'age': 42}, 'registered': {'date': '2009-04-20T08:34:30.413Z', 'age': 15}, 'phone': '(97) 9149-9993', 'cell': '(35) 7451-3323', 'id': {'name': 'CPF', 'value': '420.654.723-01'}, 'picture': {'large': 'https://randomuser.me/api/portraits/women/58.jpg', 'medium': 'https://randomuser.me/api/portraits/med/women/58.jpg', 'thumbnail': 'https://randomuser.me/api/portraits/thumb/women/58.jpg'}, 'nat': 'BR'}</msg>
<arg>${json_data['results'][0]}</arg>
<doc>Logs the given message with the given level.</doc>
<status status="PASS" start="2024-06-12T04:18:06.329991" elapsed="0.000392"/>
</kw>
<kw name="Log" owner="BuiltIn">
<msg time="2024-06-12T04:18:06.330914" level="INFO">login</msg>
<arg>${key}</arg>
<doc>Logs the given message with the given level.</doc>
<status status="PASS" start="2024-06-12T04:18:06.330677" elapsed="0.000274"/>
</kw>
<var name="${key}">login</var>
<status status="PASS" start="2024-06-12T04:18:06.329309" elapsed="0.001860"/>
</iter>
<var>${key}</var>
<value>@{expected_keys}</value>
<status status="PASS" start="2024-06-12T04:18:06.321053" elapsed="0.010236"/>
</for>
<kw name="Create List" owner="BuiltIn">
<msg time="2024-06-12T04:18:06.331661" level="INFO">${expected_keysTwo} = ['username', 'password']</msg>
<var>${expected_keysTwo}</var>
<arg>username</arg>
<arg>password</arg>
<doc>Returns a list containing given items.</doc>
<status status="PASS" start="2024-06-12T04:18:06.331523" elapsed="0.000162"/>
</kw>
<for flavor="IN">
<iter>
<kw name="Dictionary Should Contain Key" owner="Collections">
<arg>${json_data['results'][0]['login']}</arg>
<arg>${keyTwo}</arg>
<doc>Fails if ``key`` is not found from ``dictionary``.</doc>
<status status="PASS" start="2024-06-12T04:18:06.332192" elapsed="0.000382"/>
</kw>
<kw name="Dictionary Should Contain Key" owner="Collections">
<arg>${json_data['results'][0]['login']}</arg>
<arg>${keyTwo}</arg>
<doc>Fails if ``key`` is not found from ``dictionary``.</doc>
<status status="PASS" start="2024-06-12T04:18:06.332790" elapsed="0.000379"/>
</kw>
<kw name="Log" owner="BuiltIn">
<msg time="2024-06-12T04:18:06.333468" level="INFO">username</msg>
<arg>${keyTwo}</arg>
<doc>Logs the given message with the given level.</doc>
<status status="PASS" start="2024-06-12T04:18:06.333349" elapsed="0.000156"/>
</kw>
<var name="${keyTwo}">username</var>
<status status="PASS" start="2024-06-12T04:18:06.332081" elapsed="0.001645"/>
</iter>
<iter>
<kw name="Dictionary Should Contain Key" owner="Collections">
<arg>${json_data['results'][0]['login']}</arg>
<arg>${keyTwo}</arg>
<doc>Fails if ``key`` is not found from ``dictionary``.</doc>
<status status="PASS" start="2024-06-12T04:18:06.334017" elapsed="0.000374"/>
</kw>
<kw name="Dictionary Should Contain Key" owner="Collections">
<arg>${json_data['results'][0]['login']}</arg>
<arg>${keyTwo}</arg>
<doc>Fails if ``key`` is not found from ``dictionary``.</doc>
<status status="PASS" start="2024-06-12T04:18:06.334570" elapsed="0.000379"/>
</kw>
<kw name="Log" owner="BuiltIn">
<msg time="2024-06-12T04:18:06.335247" level="INFO">password</msg>
<arg>${keyTwo}</arg>
<doc>Logs the given message with the given level.</doc>
<status status="PASS" start="2024-06-12T04:18:06.335129" elapsed="0.000154"/>
</kw>
<var name="${keyTwo}">password</var>
<status status="PASS" start="2024-06-12T04:18:06.333906" elapsed="0.001600"/>
</iter>
<var>${keyTwo}</var>
<value>@{expected_keysTwo}</value>
<status status="PASS" start="2024-06-12T04:18:06.331925" elapsed="0.003702"/>
</for>
<status status="PASS" start="2024-06-12T04:18:06.227103" elapsed="0.108668"/>
</kw>
<doc>Testa a estrutura da resposta da API.</doc>
<tag>testeEstruturaResposta</tag>
<status status="PASS" start="2024-06-12T04:18:06.226414" elapsed="0.109519"/>
</test>
<test id="s1-s1-t4" name="Validar tipos de dados" line="28">
<kw name="Teste de Tipos de Dados" owner="random-user-service">
<kw name="GET On Session" owner="RequestsLibrary">
<msg time="2024-06-12T04:18:06.411534" level="INFO">GET Request : url=https://randomuser.me/api 
 path_url=/api 
 headers={'User-Agent': 'python-requests/2.32.3', 'Accept-Encoding': 'gzip, deflate', 'Accept': '*/*', 'Connection': 'keep-alive'} 
 body=None 
 </msg>
<msg time="2024-06-12T04:18:06.411669" level="INFO">GET Response : url=https://randomuser.me/api 
 status=200, reason=OK 
 headers={'Date': 'Wed, 12 Jun 2024 04:18:06 GMT', 'Content-Type': 'application/json; charset=utf-8', 'Transfer-Encoding': 'chunked', 'Connection': 'keep-alive', 'X-Powered-By': 'Express', 'Access-Control-Allow-Origin': '*', 'Cache-Control': 'no-cache', 'ETag': 'W/"47a-tq5GBQ58KEbxXxaYt6ZXvTtNhGk"', 'Vary': 'Accept-Encoding', 'Content-Encoding': 'gzip', 'CF-Cache-Status': 'DYNAMIC', 'Report-To': '{"endpoints":[{"url":"https:\\/\\/a.nel.cloudflare.com\\/report\\/v4?s=NXMZwu03jLJYaMxq9X27iUBtACK7w8fcco2rf1h3S0gwliR78MTZTQ8kSoJCSwHuCLVhz5lgs1Oy%2F3nHqIVXvwPYvAocZ3E6WxWseHXQtMVAwYLFWOw3IHPrWPz3KZSP"}],"group":"cf-nel","max_age":604800}', 'NEL': '{"success_fraction":0,"report_to":"cf-nel","max_age":604800}', 'Server': 'cloudflare', 'CF-RAY': '892708f59e899c4e-IAD', 'alt-svc': 'h3=":443"; ma=86400'} 
 body={"results":[{"gender":"male","name":{"title":"Mr","first":"Calvin","last":"Jones"},"location":{"street":{"number":7696,"name":"North Road"},"city":"Greystones","state":"Cavan","country":"Ireland","postcode":32585,"coordinates":{"latitude":"-1.8953","longitude":"-30.7314"},"timezone":{"offset":"+6:00","description":"Almaty, Dhaka, Colombo"}},"email":"calvin.jones@example.com","login":{"uuid":"27cc7604-1e8e-4771-9ec6-2eefeaac471e","username":"silvergorilla250","password":"together","salt":"g6G4BEfJ","md5":"a9b64e6bd6282f60c7b3b4b811d70f5e","sha1":"7170d550d501caaadfb11182f7088ea4b375d2fb","sha256":"267b9584b1d4af645d39d72d9f3ced6371e6aa508662a7e12f5222702acf7248"},"dob":{"date":"1997-09-05T18:19:53.137Z","age":26},"registered":{"date":"2020-04-29T19:22:03.322Z","age":4},"phone":"071-667-3408","cell":"081-427-9191","id":{"name":"PPS","value":"1657709T"},"picture":{"large":"https://randomuser.me/api/portraits/men/98.jpg","medium":"https://randomuser.me/api/portraits/med/men/98.jpg","thumbnail":"https://randomuser.me/api/portraits/thumb/men/98.jpg"},"nat":"IE"}],"info":{"seed":"200fcdc3bd8986bc","results":1,"page":1,"version":"1.4"}} 
 </msg>
<msg time="2024-06-12T04:18:06.411774" level="INFO">/opt/hostedtoolcache/Python/3.12.3/x64/lib/python3.12/site-packages/urllib3/connectionpool.py:1103: InsecureRequestWarning: Unverified HTTPS request is being made to host 'randomuser.me'. Adding certificate verification is strongly advised. See: https://urllib3.readthedocs.io/en/latest/advanced-usage.html#tls-warnings
  warnings.warn(</msg>
<msg time="2024-06-12T04:18:06.411936" level="INFO">${response} = &lt;Response [200]&gt;</msg>
<var>${response}</var>
<arg>consultarAPI</arg>
<arg>/api</arg>
<doc>Sends a GET request on a previously created HTTP Session.</doc>
<status status="PASS" start="2024-06-12T04:18:06.338563" elapsed="0.073419"/>
</kw>
<kw name="Set Variable" owner="BuiltIn">
<msg time="2024-06-12T04:18:06.413529" level="INFO">${json_data} = {'results': [{'gender': 'male', 'name': {'title': 'Mr', 'first': 'Calvin', 'last': 'Jones'}, 'location': {'street': {'number': 7696, 'name': 'North Road'}, 'city': 'Greystones', 'state': 'Cavan', 'cou...</msg>
<var>${json_data}</var>
<arg>${response.json()}</arg>
<doc>Returns the given values which can then be assigned to a variables.</doc>
<status status="PASS" start="2024-06-12T04:18:06.412742" elapsed="0.000836"/>
</kw>
<kw name="Log" owner="BuiltIn">
<msg time="2024-06-12T04:18:06.414364" level="INFO">{'results': [{'gender': 'male', 'name': {'title': 'Mr', 'first': 'Calvin', 'last': 'Jones'}, 'location': {'street': {'number': 7696, 'name': 'North Road'}, 'city': 'Greystones', 'state': 'Cavan', 'country': 'Ireland', 'postcode': 32585, 'coordinates': {'latitude': '-1.8953', 'longitude': '-30.7314'}, 'timezone': {'offset': '+6:00', 'description': 'Almaty, Dhaka, Colombo'}}, 'email': 'calvin.jones@example.com', 'login': {'uuid': '27cc7604-1e8e-4771-9ec6-2eefeaac471e', 'username': 'silvergorilla250', 'password': 'together', 'salt': 'g6G4BEfJ', 'md5': 'a9b64e6bd6282f60c7b3b4b811d70f5e', 'sha1': '7170d550d501caaadfb11182f7088ea4b375d2fb', 'sha256': '267b9584b1d4af645d39d72d9f3ced6371e6aa508662a7e12f5222702acf7248'}, 'dob': {'date': '1997-09-05T18:19:53.137Z', 'age': 26}, 'registered': {'date': '2020-04-29T19:22:03.322Z', 'age': 4}, 'phone': '071-667-3408', 'cell': '081-427-9191', 'id': {'name': 'PPS', 'value': '1657709T'}, 'picture': {'large': 'https://randomuser.me/api/portraits/men/98.jpg', 'medium': 'https://randomuser.me/api/portraits/med/men/98.jpg', 'thumbnail': 'https://randomuser.me/api/portraits/thumb/men/98.jpg'}, 'nat': 'IE'}], 'info': {'seed': '200fcdc3bd8986bc', 'results': 1, 'page': 1, 'version': '1.4'}}</msg>
<arg>${json_data}</arg>
<doc>Logs the given message with the given level.</doc>
<status status="PASS" start="2024-06-12T04:18:06.414114" elapsed="0.000339"/>
</kw>
<kw name="Should Be String" owner="String">
<arg>${json_data['results'][0]['gender']}</arg>
<doc>Fails if the given ``item`` is not a string.</doc>
<status status="PASS" start="2024-06-12T04:18:06.414937" elapsed="0.000643"/>
</kw>
<kw name="Should Match Regexp" owner="BuiltIn">
<arg>${json_data['results'][0]['email']}</arg>
<arg>^[a-zA-Z0-9._%+-]+@[a-zA-Z0-9.-]+\.[a-zA-Z]{2,}$</arg>
<doc>Fails if ``string`` does not match ``pattern`` as a regular expression.</doc>
<status status="PASS" start="2024-06-12T04:18:06.415953" elapsed="0.000854"/>
</kw>
<kw name="Should Match Regexp" owner="BuiltIn">
<arg>${json_data['results'][0]['dob']['date']}</arg>
<arg>\\d{4}-\\d{2}-\\d{2}T\\d{2}:\\d{2}:\\d{2}\\.\\d{3}Z</arg>
<doc>Fails if ``string`` does not match ``pattern`` as a regular expression.</doc>
<status status="PASS" start="2024-06-12T04:18:06.417147" elapsed="0.000849"/>
</kw>
<kw name="Should Match Regexp" owner="BuiltIn">
<arg>${json_data['results'][0]['registered']['date']}</arg>
<arg>\\d{4}-\\d{2}-\\d{2}T\\d{2}:\\d{2}:\\d{2}\\.\\d{3}Z</arg>
<doc>Fails if ``string`` does not match ``pattern`` as a regular expression.</doc>
<status status="PASS" start="2024-06-12T04:18:06.418329" elapsed="0.000644"/>
</kw>
<kw name="Should Match Regexp" owner="BuiltIn">
<arg>${json_data['results'][0]['picture']['large']}</arg>
<arg>^https?://.*\.(?:png|jpe?g|gif|bmp)$</arg>
<doc>Fails if ``string`` does not match ``pattern`` as a regular expression.</doc>
<status status="PASS" start="2024-06-12T04:18:06.419285" elapsed="0.000793"/>
</kw>
<kw name="Should Match Regexp" owner="BuiltIn">
<arg>${json_data['results'][0]['picture']['medium']}</arg>
<arg>^https?://.*\.(?:png|jpe?g|gif|bmp)$</arg>
<doc>Fails if ``string`` does not match ``pattern`` as a regular expression.</doc>
<status status="PASS" start="2024-06-12T04:18:06.420424" elapsed="0.000657"/>
</kw>
<kw name="Should Match Regexp" owner="BuiltIn">
<arg>${json_data['results'][0]['picture']['thumbnail']}</arg>
<arg>^https?://.*\.(?:png|jpe?g|gif|bmp)$</arg>
<doc>Fails if ``string`` does not match ``pattern`` as a regular expression.</doc>
<status status="PASS" start="2024-06-12T04:18:06.421396" elapsed="0.000636"/>
</kw>
<kw name="Log" owner="BuiltIn">
<msg time="2024-06-12T04:18:06.422921" level="INFO">{'large': 'https://randomuser.me/api/portraits/men/98.jpg', 'medium': 'https://randomuser.me/api/portraits/med/men/98.jpg', 'thumbnail': 'https://randomuser.me/api/portraits/thumb/men/98.jpg'}</msg>
<arg>${json_data['results'][0]['picture']}</arg>
<doc>Logs the given message with the given level.</doc>
<status status="PASS" start="2024-06-12T04:18:06.422369" elapsed="0.000621"/>
</kw>
<status status="PASS" start="2024-06-12T04:18:06.338330" elapsed="0.085033"/>
</kw>
<kw name="Teste de Tipos de Dados - Postcode" owner="random-user-service">
<kw name="GET On Session" owner="RequestsLibrary">
<msg time="2024-06-12T04:18:06.513007" level="INFO">GET Request : url=https://randomuser.me/api 
 path_url=/api 
 headers={'User-Agent': 'python-requests/2.32.3', 'Accept-Encoding': 'gzip, deflate', 'Accept': '*/*', 'Connection': 'keep-alive'} 
 body=None 
 </msg>
<msg time="2024-06-12T04:18:06.513122" level="INFO">GET Response : url=https://randomuser.me/api 
 status=200, reason=OK 
 headers={'Date': 'Wed, 12 Jun 2024 04:18:06 GMT', 'Content-Type': 'application/json; charset=utf-8', 'Transfer-Encoding': 'chunked', 'Connection': 'keep-alive', 'X-Powered-By': 'Express', 'Access-Control-Allow-Origin': '*', 'Cache-Control': 'no-cache', 'ETag': 'W/"47d-KbC91HJW/KfY30NZxyW3lDdsjII"', 'Vary': 'Accept-Encoding', 'Content-Encoding': 'gzip', 'CF-Cache-Status': 'DYNAMIC', 'Report-To': '{"endpoints":[{"url":"https:\\/\\/a.nel.cloudflare.com\\/report\\/v4?s=2NdXs9O8V94RUBIVjEsS6iKlI9APvJYom8hIgGG82O2elUGCaPuoiQaU%2BTMpz1WnoPFCic22K9iTvROmrekzQY4%2BKTgC76PE3%2FsBr6mX%2BAcs7jPWAwX%2BEB%2FsrSr3VTOL"}],"group":"cf-nel","max_age":604800}', 'NEL': '{"success_fraction":0,"report_to":"cf-nel","max_age":604800}', 'Server': 'cloudflare', 'CF-RAY': '892708f62f2e9c4e-IAD', 'alt-svc': 'h3=":443"; ma=86400'} 
 body={"results":[{"gender":"male","name":{"title":"Mr","first":"Oscar","last":"Häfner"},"location":{"street":{"number":7473,"name":"Im Winkel"},"city":"Marne","state":"Baden-Württemberg","country":"Germany","postcode":71233,"coordinates":{"latitude":"-49.9361","longitude":"-124.0429"},"timezone":{"offset":"-3:30","description":"Newfoundland"}},"email":"oscar.hafner@example.com","login":{"uuid":"b54b680a-c695-4c08-96f0-687e2e1eb283","username":"whitebear470","password":"heynow","salt":"WxJwWbFZ","md5":"762af94f3b17fadd09330fa9f75f8028","sha1":"281f579afd88a8762a3ad05eaa9e7e79f46944ad","sha256":"42d87a43f2b21f5d0aa481946d5931bf473d8a22864dbcf40821eff54c7ef834"},"dob":{"date":"1974-11-27T00:50:53.672Z","age":49},"registered":{"date":"2011-10-17T07:30:04.153Z","age":12},"phone":"0191-8715151","cell":"0179-4291919","id":{"name":"SVNR","value":"24 261174 H 469"},"picture":{"large":"https://randomuser.me/api/portraits/men/91.jpg","medium":"https://randomuser.me/api/portraits/med/men/91.jpg","thumbnail":"https://randomuser.me/api/portraits/thumb/men/91.jpg"},"nat":"DE"}],"info":{"seed":"45b71485febf9087","results":1,"page":1,"version":"1.4"}} 
 </msg>
<msg time="2024-06-12T04:18:06.513232" level="INFO">/opt/hostedtoolcache/Python/3.12.3/x64/lib/python3.12/site-packages/urllib3/connectionpool.py:1103: InsecureRequestWarning: Unverified HTTPS request is being made to host 'randomuser.me'. Adding certificate verification is strongly advised. See: https://urllib3.readthedocs.io/en/latest/advanced-usage.html#tls-warnings
  warnings.warn(</msg>
<msg time="2024-06-12T04:18:06.513371" level="INFO">${response} = &lt;Response [200]&gt;</msg>
<var>${response}</var>
<arg>consultarAPI</arg>
<arg>/api</arg>
<doc>Sends a GET request on a previously created HTTP Session.</doc>
<status status="PASS" start="2024-06-12T04:18:06.424048" elapsed="0.089361"/>
</kw>
<kw name="Set Variable" owner="BuiltIn">
<msg time="2024-06-12T04:18:06.514508" level="INFO">${json_data} = {'results': [{'gender': 'male', 'name': {'title': 'Mr', 'first': 'Oscar', 'last': 'Häfner'}, 'location': {'street': {'number': 7473, 'name': 'Im Winkel'}, 'city': 'Marne', 'state': 'Baden-Württemberg'...</msg>
<var>${json_data}</var>
<arg>${response.json()}</arg>
<doc>Returns the given values which can then be assigned to a variables.</doc>
<status status="PASS" start="2024-06-12T04:18:06.513947" elapsed="0.000595"/>
</kw>
<kw name="Log" owner="BuiltIn">
<msg time="2024-06-12T04:18:06.515059" level="INFO">{'results': [{'gender': 'male', 'name': {'title': 'Mr', 'first': 'Oscar', 'last': 'Häfner'}, 'location': {'street': {'number': 7473, 'name': 'Im Winkel'}, 'city': 'Marne', 'state': 'Baden-Württemberg', 'country': 'Germany', 'postcode': 71233, 'coordinates': {'latitude': '-49.9361', 'longitude': '-124.0429'}, 'timezone': {'offset': '-3:30', 'description': 'Newfoundland'}}, 'email': 'oscar.hafner@example.com', 'login': {'uuid': 'b54b680a-c695-4c08-96f0-687e2e1eb283', 'username': 'whitebear470', 'password': 'heynow', 'salt': 'WxJwWbFZ', 'md5': '762af94f3b17fadd09330fa9f75f8028', 'sha1': '281f579afd88a8762a3ad05eaa9e7e79f46944ad', 'sha256': '42d87a43f2b21f5d0aa481946d5931bf473d8a22864dbcf40821eff54c7ef834'}, 'dob': {'date': '1974-11-27T00:50:53.672Z', 'age': 49}, 'registered': {'date': '2011-10-17T07:30:04.153Z', 'age': 12}, 'phone': '0191-8715151', 'cell': '0179-4291919', 'id': {'name': 'SVNR', 'value': '24 261174 H 469'}, 'picture': {'large': 'https://randomuser.me/api/portraits/men/91.jpg', 'medium': 'https://randomuser.me/api/portraits/med/men/91.jpg', 'thumbnail': 'https://randomuser.me/api/portraits/thumb/men/91.jpg'}, 'nat': 'DE'}], 'info': {'seed': '45b71485febf9087', 'results': 1, 'page': 1, 'version': '1.4'}}</msg>
<arg>${json_data}</arg>
<doc>Logs the given message with the given level.</doc>
<status status="PASS" start="2024-06-12T04:18:06.514887" elapsed="0.000224"/>
</kw>
<kw name="Should Be Equal As Numbers" owner="BuiltIn">
<arg>${json_data['results'][0]['location']['postcode']}</arg>
<arg>${json_data['results'][0]['location']['postcode']}</arg>
<doc>Fails if objects are unequal after converting them to real numbers.</doc>
<status status="PASS" start="2024-06-12T04:18:06.515424" elapsed="0.000648"/>
</kw>
<kw name="Log" owner="BuiltIn">
<msg time="2024-06-12T04:18:06.516675" level="INFO">71233</msg>
<arg>${json_data['results'][0]['location']['postcode']}</arg>
<doc>Logs the given message with the given level.</doc>
<status status="PASS" start="2024-06-12T04:18:06.516270" elapsed="0.000449"/>
</kw>
<status status="PASS" start="2024-06-12T04:18:06.423693" elapsed="0.093305"/>
</kw>
<doc>Testa se os tipos de dados na resposta da API estão corretos.</doc>
<tag>testeTiposDados</tag>
<status status="PASS" start="2024-06-12T04:18:06.337764" elapsed="0.179406"/>
</test>
<test id="s1-s1-t5" name="Validar conteudo" line="35">
<kw name="Teste de Tipos de Conteudo" owner="random-user-service">
<kw name="GET On Session" owner="RequestsLibrary">
<msg time="2024-06-12T04:18:06.612437" level="INFO">GET Request : url=https://randomuser.me/api 
 path_url=/api 
 headers={'User-Agent': 'python-requests/2.32.3', 'Accept-Encoding': 'gzip, deflate', 'Accept': '*/*', 'Connection': 'keep-alive'} 
 body=None 
 </msg>
<msg time="2024-06-12T04:18:06.612578" level="INFO">GET Response : url=https://randomuser.me/api 
 status=200, reason=OK 
 headers={'Date': 'Wed, 12 Jun 2024 04:18:06 GMT', 'Content-Type': 'application/json; charset=utf-8', 'Transfer-Encoding': 'chunked', 'Connection': 'keep-alive', 'X-Powered-By': 'Express', 'Access-Control-Allow-Origin': '*', 'Cache-Control': 'no-cache', 'ETag': 'W/"484-eiZAXnVTswWNa2oKERfXgGY7bEY"', 'Vary': 'Accept-Encoding', 'Content-Encoding': 'gzip', 'CF-Cache-Status': 'DYNAMIC', 'Report-To': '{"endpoints":[{"url":"https:\\/\\/a.nel.cloudflare.com\\/report\\/v4?s=2kXFOZzjhPvI8sKzkmpByrNxFNHg9gsEVtqEbnsdhsZrHb4yLWHYXxJ6hnGY8aa8IR92gi%2FfbcitAnARA%2BmAdjLP5YUPzoZ2xEx5WG51zAjofZtyruJYT4op8injIu9f"}],"group":"cf-nel","max_age":604800}', 'NEL': '{"success_fraction":0,"report_to":"cf-nel","max_age":604800}', 'Server': 'cloudflare', 'CF-RAY': '892708f6cfe89c4e-IAD', 'alt-svc': 'h3=":443"; ma=86400'} 
 body={"results":[{"gender":"female","name":{"title":"Mrs","first":"Florence","last":"Gordon"},"location":{"street":{"number":3171,"name":"Mill Lane"},"city":"Bray","state":"Longford","country":"Ireland","postcode":37671,"coordinates":{"latitude":"-2.4997","longitude":"140.3512"},"timezone":{"offset":"-8:00","description":"Pacific Time (US &amp; Canada)"}},"email":"florence.gordon@example.com","login":{"uuid":"65a25628-40ea-4695-b744-4e3efd8b8e01","username":"goldenfish912","password":"dixie1","salt":"b5PALv7C","md5":"080db758b20388498665ce7d9ce74227","sha1":"929e0dcfc7cfb621451670be80e34d9fb69a1881","sha256":"0b1dadde14cf0c4a3ce6085527f4506b38dc67024a6f78715c9da62d36d8f584"},"dob":{"date":"1955-08-12T22:35:45.704Z","age":68},"registered":{"date":"2020-04-06T08:23:39.551Z","age":4},"phone":"071-575-8000","cell":"081-151-9084","id":{"name":"PPS","value":"5805072T"},"picture":{"large":"https://randomuser.me/api/portraits/women/96.jpg","medium":"https://randomuser.me/api/portraits/med/women/96.jpg","thumbnail":"https://randomuser.me/api/portraits/thumb/women/96.jpg"},"nat":"IE"}],"info":{"seed":"b9b97f196d419e45","results":1,"page":1,"version":"1.4"}} 
 </msg>
<msg time="2024-06-12T04:18:06.612707" level="INFO">/opt/hostedtoolcache/Python/3.12.3/x64/lib/python3.12/site-packages/urllib3/connectionpool.py:1103: InsecureRequestWarning: Unverified HTTPS request is being made to host 'randomuser.me'. Adding certificate verification is strongly advised. See: https://urllib3.readthedocs.io/en/latest/advanced-usage.html#tls-warnings
  warnings.warn(</msg>
<msg time="2024-06-12T04:18:06.612842" level="INFO">${response} = &lt;Response [200]&gt;</msg>
<var>${response}</var>
<arg>consultarAPI</arg>
<arg>/api</arg>
<doc>Sends a GET request on a previously created HTTP Session.</doc>
<status status="PASS" start="2024-06-12T04:18:06.519667" elapsed="0.093215"/>
</kw>
<kw name="Set Variable" owner="BuiltIn">
<msg time="2024-06-12T04:18:06.614116" level="INFO">${json_data} = {'results': [{'gender': 'female', 'name': {'title': 'Mrs', 'first': 'Florence', 'last': 'Gordon'}, 'location': {'street': {'number': 3171, 'name': 'Mill Lane'}, 'city': 'Bray', 'state': 'Longford', 'c...</msg>
<var>${json_data}</var>
<arg>${response.json()}</arg>
<doc>Returns the given values which can then be assigned to a variables.</doc>
<status status="PASS" start="2024-06-12T04:18:06.613541" elapsed="0.000604"/>
</kw>
<kw name="Set Variable" owner="BuiltIn">
<msg time="2024-06-12T04:18:06.614926" level="INFO">${name_title} = Mrs</msg>
<var>${name_title}</var>
<arg>${json_data["results"][0]["name"]["title"]}</arg>
<doc>Returns the given values which can then be assigned to a variables.</doc>
<status status="PASS" start="2024-06-12T04:18:06.614509" elapsed="0.000442"/>
</kw>
<kw name="Create List" owner="BuiltIn">
<msg time="2024-06-12T04:18:06.615452" level="INFO">${allowed_titles} = ['Mr', 'Ms', 'Miss', 'Mrs', 'Madame', 'Monsieur']</msg>
<var>${allowed_titles}</var>
<arg>Mr</arg>
<arg>Ms</arg>
<arg>Miss</arg>
<arg>Mrs</arg>
<arg>Madame</arg>
<arg>Monsieur</arg>
<doc>Returns a list containing given items.</doc>
<status status="PASS" start="2024-06-12T04:18:06.615287" elapsed="0.000188"/>
</kw>
<kw name="List Should Contain Value" owner="Collections">
<arg>${allowed_titles}</arg>
<arg>${name_title}</arg>
<doc>Fails if the ``value`` is not found from ``list``.</doc>
<status status="PASS" start="2024-06-12T04:18:06.615779" elapsed="0.000179"/>
</kw>
<kw name="Set Variable" owner="BuiltIn">
<msg time="2024-06-12T04:18:06.616517" level="INFO">${name_country} = IE</msg>
<var>${name_country}</var>
<arg>${json_data["results"][0]["nat"]}</arg>
<doc>Returns the given values which can then be assigned to a variables.</doc>
<status status="PASS" start="2024-06-12T04:18:06.616138" elapsed="0.000404"/>
</kw>
<kw name="Create List" owner="BuiltIn">
<msg time="2024-06-12T04:18:06.617486" level="INFO">${list_country} = ['AD', 'AE', 'AF', 'AG', 'AI', 'AL', 'AM', 'AO', 'AQ', 'AR', 'AS', 'AT', 'AU', 'AW', 'AX', 'AZ', 'BA', 'BB', 'BD', 'BE', 'BF', 'BG', 'BH', 'BI', 'BJ', 'BL', 'BM', 'BN', 'BO', 'BQ', 'BR', 'BS', 'BT', '...</msg>
<var>${list_country}</var>
<arg>AD</arg>
<arg>AE</arg>
<arg>AF</arg>
<arg>AG</arg>
<arg>AI</arg>
<arg>AL</arg>
<arg>AM</arg>
<arg>AO</arg>
<arg>AQ</arg>
<arg>AR</arg>
<arg>AS</arg>
<arg>AT</arg>
<arg>AU</arg>
<arg>AW</arg>
<arg>AX</arg>
<arg>AZ</arg>
<arg>BA</arg>
<arg>BB</arg>
<arg>BD</arg>
<arg>BE</arg>
<arg>BF</arg>
<arg>BG</arg>
<arg>BH</arg>
<arg>BI</arg>
<arg>BJ</arg>
<arg>BL</arg>
<arg>BM</arg>
<arg>BN</arg>
<arg>BO</arg>
<arg>BQ</arg>
<arg>BR</arg>
<arg>BS</arg>
<arg>BT</arg>
<arg>BV</arg>
<arg>BW</arg>
<arg>BY</arg>
<arg>BZ</arg>
<arg>CA</arg>
<arg>CC</arg>
<arg>CD</arg>
<arg>CF</arg>
<arg>CG</arg>
<arg>CH</arg>
<arg>CI</arg>
<arg>CK</arg>
<arg>CL</arg>
<arg>CM</arg>
<arg>CN</arg>
<arg>CO</arg>
<arg>CR</arg>
<arg>CU</arg>
<arg>CV</arg>
<arg>CW</arg>
<arg>CX</arg>
<arg>CY</arg>
<arg>CZ</arg>
<arg>DE</arg>
<arg>DJ</arg>
<arg>DK</arg>
<arg>DM</arg>
<arg>DO</arg>
<arg>DZ</arg>
<arg>EC</arg>
<arg>EE</arg>
<arg>EG</arg>
<arg>EH</arg>
<arg>ER</arg>
<arg>ES</arg>
<arg>ET</arg>
<arg>FI</arg>
<arg>FJ</arg>
<arg>FK</arg>
<arg>FM</arg>
<arg>FO</arg>
<arg>FR</arg>
<arg>GA</arg>
<arg>GB</arg>
<arg>GD</arg>
<arg>GE</arg>
<arg>GF</arg>
<arg>GG</arg>
<arg>GH</arg>
<arg>GI</arg>
<arg>GL</arg>
<arg>GM</arg>
<arg>GN</arg>
<arg>GP</arg>
<arg>GQ</arg>
<arg>GR</arg>
<arg>GS</arg>
<arg>GT</arg>
<arg>GU</arg>
<arg>GW</arg>
<arg>GY</arg>
<arg>HK</arg>
<arg>HM</arg>
<arg>HN</arg>
<arg>HR</arg>
<arg>HT</arg>
<arg>HU</arg>
<arg>ID</arg>
<arg>IE</arg>
<arg>IL</arg>
<arg>IM</arg>
<arg>IN</arg>
<arg>IO</arg>
<arg>IQ</arg>
<arg>IR</arg>
<arg>IS</arg>
<arg>IT</arg>
<arg>JE</arg>
<arg>JM</arg>
<arg>JO</arg>
<arg>JP</arg>
<arg>KE</arg>
<arg>KG</arg>
<arg>KH</arg>
<arg>KI</arg>
<arg>KM</arg>
<arg>KN</arg>
<arg>KP</arg>
<arg>KR</arg>
<arg>KW</arg>
<arg>KY</arg>
<arg>KZ</arg>
<arg>LA</arg>
<arg>LB</arg>
<arg>LC</arg>
<arg>LI</arg>
<arg>LK</arg>
<arg>LR</arg>
<arg>LS</arg>
<arg>LT</arg>
<arg>LU</arg>
<arg>LV</arg>
<arg>LY</arg>
<arg>MA</arg>
<arg>MC</arg>
<arg>MD</arg>
<arg>ME</arg>
<arg>MF</arg>
<arg>MG</arg>
<arg>MH</arg>
<arg>MK</arg>
<arg>ML</arg>
<arg>MM</arg>
<arg>MN</arg>
<arg>MO</arg>
<arg>MP</arg>
<arg>MQ</arg>
<arg>MR</arg>
<arg>MS</arg>
<arg>MT</arg>
<arg>MU</arg>
<arg>MV</arg>
<arg>MW</arg>
<arg>MX</arg>
<arg>MY</arg>
<arg>MZ</arg>
<arg>NA</arg>
<arg>NC</arg>
<arg>NE</arg>
<arg>NF</arg>
<arg>NG</arg>
<arg>NI</arg>
<arg>NL</arg>
<arg>NO</arg>
<arg>NP</arg>
<arg>NR</arg>
<arg>NU</arg>
<arg>NZ</arg>
<arg>OM</arg>
<arg>PA</arg>
<arg>PE</arg>
<arg>PF</arg>
<arg>PG</arg>
<arg>PH</arg>
<arg>PK</arg>
<arg>PL</arg>
<arg>PM</arg>
<arg>PN</arg>
<arg>PR</arg>
<arg>PS</arg>
<arg>PT</arg>
<arg>PW</arg>
<arg>PY</arg>
<arg>QA</arg>
<arg>RE</arg>
<arg>RO</arg>
<arg>RS</arg>
<arg>RU</arg>
<arg>RW</arg>
<arg>SA</arg>
<arg>SB</arg>
<arg>SC</arg>
<arg>SD</arg>
<arg>SE</arg>
<arg>SG</arg>
<arg>SH</arg>
<arg>SI</arg>
<arg>SJ</arg>
<arg>SK</arg>
<arg>SL</arg>
<arg>SM</arg>
<arg>SN</arg>
<arg>SO</arg>
<arg>SR</arg>
<arg>SS</arg>
<arg>ST</arg>
<arg>SV</arg>
<arg>SX</arg>
<arg>SY</arg>
<arg>SZ</arg>
<arg>TC</arg>
<arg>TD</arg>
<arg>TF</arg>
<arg>TG</arg>
<arg>TH</arg>
<arg>TJ</arg>
<arg>TK</arg>
<arg>TL</arg>
<arg>TM</arg>
<arg>TN</arg>
<arg>TO</arg>
<arg>TR</arg>
<arg>TT</arg>
<arg>TV</arg>
<arg>TW</arg>
<arg>TZ</arg>
<arg>UA</arg>
<arg>UG</arg>
<arg>UM</arg>
<arg>US</arg>
<arg>UY</arg>
<arg>UZ</arg>
<arg>VA</arg>
<arg>VC</arg>
<arg>VE</arg>
<arg>VG</arg>
<arg>VI</arg>
<arg>VN</arg>
<arg>VU</arg>
<arg>WF</arg>
<arg>WS</arg>
<arg>XK</arg>
<arg>YE</arg>
<arg>YT</arg>
<arg>ZA</arg>
<arg>ZM</arg>
<arg>ZW</arg>
<doc>Returns a list containing given items.</doc>
<status status="PASS" start="2024-06-12T04:18:06.616884" elapsed="0.000627"/>
</kw>
<kw name="List Should Contain Value" owner="Collections">
<arg>${list_country}</arg>
<arg>${name_country}</arg>
<doc>Fails if the ``value`` is not found from ``list``.</doc>
<status status="PASS" start="2024-06-12T04:18:06.618303" elapsed="0.000206"/>
</kw>
<kw name="Run Keyword If" owner="BuiltIn">
<kw name="Should Be True" owner="BuiltIn">
<arg>${True}</arg>
<doc>Fails if the given condition is not true.</doc>
<status status="PASS" start="2024-06-12T04:18:06.619594" elapsed="0.000141"/>
</kw>
<arg>${json_data["results"][0]["location"]["coordinates"]["latitude"]} &gt;= -90 and ${json_data["results"][0]["location"]["coordinates"]["latitude"]} &lt;= 90</arg>
<arg>Should Be True</arg>
<arg>${True}</arg>
<doc>Runs the given keyword with the given arguments, if ``condition`` is true.</doc>
<status status="PASS" start="2024-06-12T04:18:06.618709" elapsed="0.001152"/>
</kw>
<kw name="Run Keyword If" owner="BuiltIn">
<kw name="Should Be True" owner="BuiltIn">
<arg>${True}</arg>
<doc>Fails if the given condition is not true.</doc>
<status status="PASS" start="2024-06-12T04:18:06.620779" elapsed="0.000142"/>
</kw>
<arg>${json_data["results"][0]["location"]["coordinates"]["longitude"]} &gt;= -180 and ${json_data["results"][0]["location"]["coordinates"]["longitude"]} &lt;= 180</arg>
<arg>Should Be True</arg>
<arg>${True}</arg>
<doc>Runs the given keyword with the given arguments, if ``condition`` is true.</doc>
<status status="PASS" start="2024-06-12T04:18:06.620047" elapsed="0.000999"/>
</kw>
<status status="PASS" start="2024-06-12T04:18:06.519426" elapsed="0.101750"/>
</kw>
<doc>Testa o conteúdo específico dos campos retornados pela API.</doc>
<tag>testeConteudo</tag>
<status status="PASS" start="2024-06-12T04:18:06.518951" elapsed="0.102378"/>
</test>
<status status="PASS" start="2024-06-12T04:18:05.661616" elapsed="0.961649"/>
</suite>
<status status="PASS" start="2024-06-12T04:18:05.647903" elapsed="0.980485"/>
</suite>
<statistics>
<total>
<stat pass="5" fail="0" skip="0">All Tests</stat>
</total>
<tag>
<stat pass="1" fail="0" skip="0">testeConteudo</stat>
<stat pass="1" fail="0" skip="0">testeEstruturaResposta</stat>
<stat pass="1" fail="0" skip="0">testeRequisicaoBasica</stat>
<stat pass="1" fail="0" skip="0">testeTiposDados</stat>
</tag>
<suite>
<stat pass="5" fail="0" skip="0" id="s1" name="Tests">Tests</stat>
<stat pass="5" fail="0" skip="0" id="s1-s1" name="Random-User-Test">Tests.Random-User-Test</stat>
</suite>
</statistics>
<errors>
</errors>
</robot>
