<?xml version="1.0" encoding="UTF-8"?>
<robot generator="Robot 7.0 (Python 3.12.2 on linux)" generated="2024-04-13T05:16:01.252044" rpa="false" schemaversion="5">
<suite id="s1" name="Tests" source="/home/runner/work/DesafioQAItauRogerioJordao/DesafioQAItauRogerioJordao/RamdonUser/tests">
<suite id="s1-s1" name="Random-User-Test" source="/home/runner/work/DesafioQAItauRogerioJordao/DesafioQAItauRogerioJordao/RamdonUser/tests/random-user-test.robot">
<test id="s1-s1-t1" name="Conectar" line="13">
<kw name="Conectar API" owner="random-user-service">
<kw name="Create Session" owner="RequestsLibrary">
<msg time="2024-04-13T05:16:01.634229" level="INFO">Creating Session using : alias=consultarAPI, url=https://randomuser.me/, headers={},                     cookies={}, auth=None, timeout=None, proxies=None, verify=False,                     debug=0 </msg>
<arg>consultarAPI</arg>
<arg>${URL}</arg>
<doc>Create Session: create a HTTP session to a server</doc>
<status status="PASS" start="2024-04-13T05:16:01.634029" elapsed="0.000377"/>
</kw>
<status status="PASS" start="2024-04-13T05:16:01.633023" elapsed="0.001729"/>
</kw>
<status status="PASS" start="2024-04-13T05:16:01.632411" elapsed="0.002541"/>
</test>
<test id="s1-s1-t2" name="Validar retorno 200 e JSON Válido" line="16">
<kw name="Teste de Requisicao Basica" owner="random-user-service">
<kw name="GET On Session" owner="RequestsLibrary">
<msg time="2024-04-13T05:16:01.893209" level="INFO">GET Request : url=https://randomuser.me/api 
 path_url=/api 
 headers={'User-Agent': 'python-requests/2.31.0', 'Accept-Encoding': 'gzip, deflate', 'Accept': '*/*', 'Connection': 'keep-alive'} 
 body=None 
 </msg>
<msg time="2024-04-13T05:16:01.893365" level="INFO">GET Response : url=https://randomuser.me/api 
 status=200, reason=OK 
 headers={'Date': 'Sat, 13 Apr 2024 05:16:01 GMT', 'Content-Type': 'application/json; charset=utf-8', 'Transfer-Encoding': 'chunked', 'Connection': 'keep-alive', 'X-Powered-By': 'Express', 'Access-Control-Allow-Origin': '*', 'Cache-Control': 'no-cache', 'ETag': 'W/"46f-J9GePiH7nISM6zVDMyroMYfEicM"', 'Vary': 'Accept-Encoding', 'Content-Encoding': 'gzip', 'CF-Cache-Status': 'DYNAMIC', 'Report-To': '{"endpoints":[{"url":"https:\\/\\/a.nel.cloudflare.com\\/report\\/v4?s=VTR%2FZ5iNObhZdHoSGZe%2Bx6nxZ%2BDHPMo5g%2FOuUM2zVRrq3u0OcVQzQw%2BMqkywyTIGD9jQoGqjUE0fDKKJRaY8bcvxKiJm4xAmK%2BQ6G1HvCwSNqPcmN8RYnt%2F3iw%2Fi7zl2"}],"group":"cf-nel","max_age":604800}', 'NEL': '{"success_fraction":0,"report_to":"cf-nel","max_age":604800}', 'Server': 'cloudflare', 'CF-RAY': '8738fb4f6fbb10f0-ORD', 'alt-svc': 'h3=":443"; ma=86400'} 
 body={"results":[{"gender":"male","name":{"title":"Mr","first":"Jon","last":"Graham"},"location":{"street":{"number":7956,"name":"Mill Road"},"city":"Oranmore","state":"Longford","country":"Ireland","postcode":54571,"coordinates":{"latitude":"-1.3098","longitude":"-26.2621"},"timezone":{"offset":"-11:00","description":"Midway Island, Samoa"}},"email":"jon.graham@example.com","login":{"uuid":"850c7b97-ec0e-4718-958e-22b399331c88","username":"orangewolf232","password":"flint","salt":"5Xc7BgHK","md5":"49338be1a54706827f967933306121d4","sha1":"a16463f9038f06f237be0f44a3741de9dc6cb53f","sha256":"062d0fc6c34ff183cc982bccb6671355e8d8040dbc348c2f92fce5a1e0881659"},"dob":{"date":"1952-12-10T14:45:15.286Z","age":71},"registered":{"date":"2016-09-26T02:26:13.528Z","age":7},"phone":"051-522-1755","cell":"081-625-2813","id":{"name":"PPS","value":"2843972T"},"picture":{"large":"https://randomuser.me/api/portraits/men/22.jpg","medium":"https://randomuser.me/api/portraits/med/men/22.jpg","thumbnail":"https://randomuser.me/api/portraits/thumb/men/22.jpg"},"nat":"IE"}],"info":{"seed":"7aa1fc5a4cbe381b","results":1,"page":1,"version":"1.4"}} 
 </msg>
<msg time="2024-04-13T05:16:01.893449" level="INFO">/opt/hostedtoolcache/Python/3.12.2/x64/lib/python3.12/site-packages/urllib3/connectionpool.py:1103: InsecureRequestWarning: Unverified HTTPS request is being made to host 'randomuser.me'. Adding certificate verification is strongly advised. See: https://urllib3.readthedocs.io/en/latest/advanced-usage.html#tls-warnings
  warnings.warn(</msg>
<msg time="2024-04-13T05:16:01.893610" level="INFO">${response} = &lt;Response [200]&gt;</msg>
<var>${response}</var>
<arg>consultarAPI</arg>
<arg>/api</arg>
<doc>Sends a GET request on a previously created HTTP Session.</doc>
<status status="PASS" start="2024-04-13T05:16:01.637642" elapsed="0.256016"/>
</kw>
<kw name="Should Be Equal As Numbers" owner="BuiltIn">
<msg time="2024-04-13T05:16:01.894617" level="INFO">Argument types are:
&lt;class 'int'&gt;
&lt;class 'str'&gt;</msg>
<arg>${response.status_code}</arg>
<arg>200</arg>
<doc>Fails if objects are unequal after converting them to real numbers.</doc>
<status status="PASS" start="2024-04-13T05:16:01.894156" elapsed="0.000528"/>
</kw>
<kw name="Log" owner="BuiltIn">
<msg time="2024-04-13T05:16:01.895395" level="INFO">200</msg>
<arg>${response.status_code}</arg>
<doc>Logs the given message with the given level.</doc>
<status status="PASS" start="2024-04-13T05:16:01.895021" elapsed="0.000419"/>
</kw>
<kw name="Set Variable" owner="BuiltIn">
<msg time="2024-04-13T05:16:01.896259" level="INFO">${json_data} = {'results': [{'gender': 'male', 'name': {'title': 'Mr', 'first': 'Jon', 'last': 'Graham'}, 'location': {'street': {'number': 7956, 'name': 'Mill Road'}, 'city': 'Oranmore', 'state': 'Longford', 'count...</msg>
<var>${json_data}</var>
<arg>${response.json()}</arg>
<doc>Returns the given values which can then be assigned to a variables.</doc>
<status status="PASS" start="2024-04-13T05:16:01.895777" elapsed="0.000511"/>
</kw>
<kw name="Dictionary Should Contain Key" owner="Collections">
<msg time="2024-04-13T05:16:01.896773" level="INFO">False</msg>
<arg>${json_data}</arg>
<arg>results</arg>
<doc>Fails if ``key`` is not found from ``dictionary``.</doc>
<status status="PASS" start="2024-04-13T05:16:01.896601" elapsed="0.000212"/>
</kw>
<status status="PASS" start="2024-04-13T05:16:01.637394" elapsed="0.259684"/>
</kw>
<doc>Testa se a API responde corretamente e retorna um objeto JSON válido.</doc>
<tag>testeRequisicaoBasica</tag>
<status status="PASS" start="2024-04-13T05:16:01.636833" elapsed="0.260440"/>
</test>
<test id="s1-s1-t3" name="Validar estrutura de resposta" line="22">
<kw name="Teste de Estrutura de Resposta" owner="random-user-service">
<kw name="GET On Session" owner="RequestsLibrary">
<msg time="2024-04-13T05:16:01.996742" level="INFO">GET Request : url=https://randomuser.me/api 
 path_url=/api 
 headers={'User-Agent': 'python-requests/2.31.0', 'Accept-Encoding': 'gzip, deflate', 'Accept': '*/*', 'Connection': 'keep-alive'} 
 body=None 
 </msg>
<msg time="2024-04-13T05:16:01.996825" level="INFO">GET Response : url=https://randomuser.me/api 
 status=200, reason=OK 
 headers={'Date': 'Sat, 13 Apr 2024 05:16:01 GMT', 'Content-Type': 'application/json; charset=utf-8', 'Transfer-Encoding': 'chunked', 'Connection': 'keep-alive', 'X-Powered-By': 'Express', 'Access-Control-Allow-Origin': '*', 'Cache-Control': 'no-cache', 'ETag': 'W/"4c4-6IFwLoBkbDgXvx8RpcjHKSU72eA"', 'Vary': 'Accept-Encoding', 'Content-Encoding': 'gzip', 'CF-Cache-Status': 'DYNAMIC', 'Report-To': '{"endpoints":[{"url":"https:\\/\\/a.nel.cloudflare.com\\/report\\/v4?s=C%2FvUt36WDqfve820TO1GM9RvLpD79SI%2FBPOf%2Fwaoadmyd2NUkmyQ48uZ50SNLOfC8zsGUgIDKwR90XAkVe7ukreCRUrNE5%2FE9HnHRM4YayqgOKV7%2F3J%2BoQcPfUwwfTEZ"}],"group":"cf-nel","max_age":604800}', 'NEL': '{"success_fraction":0,"report_to":"cf-nel","max_age":604800}', 'Server': 'cloudflare', 'CF-RAY': '8738fb4fd8be10f0-ORD', 'alt-svc': 'h3=":443"; ma=86400'} 
 body={"results":[{"gender":"female","name":{"title":"Miss","first":"María Eugenia","last":"Granados"},"location":{"street":{"number":1276,"name":"Ampliación Norte Hinojosa"},"city":"Los Ramones","state":"Yucatan","country":"Mexico","postcode":28657,"coordinates":{"latitude":"22.2721","longitude":"60.7775"},"timezone":{"offset":"-5:00","description":"Eastern Time (US &amp; Canada), Bogota, Lima"}},"email":"mariaeugenia.granados@example.com","login":{"uuid":"a633207f-30b6-49be-8578-424e0fe38542","username":"orangeelephant220","password":"insomnia","salt":"dRAJQ5Hw","md5":"2f1bcff3bc32faa0e3bb0cdad1d5452d","sha1":"a6cbe91c5fe70632f52c31a741528beb13343769","sha256":"7fbd6fcedf50fee2c817dc3ed37f9c0f5cadbc626e2efe71225f1c8c7e9214b9"},"dob":{"date":"1960-10-18T08:35:41.032Z","age":63},"registered":{"date":"2020-09-28T03:37:57.728Z","age":3},"phone":"(699) 153 2143","cell":"(614) 679 0328","id":{"name":"NSS","value":"15 42 68 3026 5"},"picture":{"large":"https://randomuser.me/api/portraits/women/6.jpg","medium":"https://randomuser.me/api/portraits/med/women/6.jpg","thumbnail":"https://randomuser.me/api/portraits/thumb/women/6.jpg"},"nat":"MX"}],"info":{"seed":"6cbcc0d1f6051afe","results":1,"page":1,"version":"1.4"}} 
 </msg>
<msg time="2024-04-13T05:16:01.996959" level="INFO">/opt/hostedtoolcache/Python/3.12.2/x64/lib/python3.12/site-packages/urllib3/connectionpool.py:1103: InsecureRequestWarning: Unverified HTTPS request is being made to host 'randomuser.me'. Adding certificate verification is strongly advised. See: https://urllib3.readthedocs.io/en/latest/advanced-usage.html#tls-warnings
  warnings.warn(</msg>
<msg time="2024-04-13T05:16:01.997091" level="INFO">${response} = &lt;Response [200]&gt;</msg>
<var>${response}</var>
<arg>consultarAPI</arg>
<arg>/api</arg>
<doc>Sends a GET request on a previously created HTTP Session.</doc>
<status status="PASS" start="2024-04-13T05:16:01.900146" elapsed="0.096988"/>
</kw>
<kw name="Set Variable" owner="BuiltIn">
<msg time="2024-04-13T05:16:01.998075" level="INFO">${json_data} = {'results': [{'gender': 'female', 'name': {'title': 'Miss', 'first': 'María Eugenia', 'last': 'Granados'}, 'location': {'street': {'number': 1276, 'name': 'Ampliación Norte Hinojosa'}, 'city': 'Los Ra...</msg>
<var>${json_data}</var>
<arg>${response.json()}</arg>
<doc>Returns the given values which can then be assigned to a variables.</doc>
<status status="PASS" start="2024-04-13T05:16:01.997580" elapsed="0.000525"/>
</kw>
<kw name="Log" owner="BuiltIn">
<msg time="2024-04-13T05:16:01.998577" level="INFO">{'results': [{'gender': 'female', 'name': {'title': 'Miss', 'first': 'María Eugenia', 'last': 'Granados'}, 'location': {'street': {'number': 1276, 'name': 'Ampliación Norte Hinojosa'}, 'city': 'Los Ramones', 'state': 'Yucatan', 'country': 'Mexico', 'postcode': 28657, 'coordinates': {'latitude': '22.2721', 'longitude': '60.7775'}, 'timezone': {'offset': '-5:00', 'description': 'Eastern Time (US &amp; Canada), Bogota, Lima'}}, 'email': 'mariaeugenia.granados@example.com', 'login': {'uuid': 'a633207f-30b6-49be-8578-424e0fe38542', 'username': 'orangeelephant220', 'password': 'insomnia', 'salt': 'dRAJQ5Hw', 'md5': '2f1bcff3bc32faa0e3bb0cdad1d5452d', 'sha1': 'a6cbe91c5fe70632f52c31a741528beb13343769', 'sha256': '7fbd6fcedf50fee2c817dc3ed37f9c0f5cadbc626e2efe71225f1c8c7e9214b9'}, 'dob': {'date': '1960-10-18T08:35:41.032Z', 'age': 63}, 'registered': {'date': '2020-09-28T03:37:57.728Z', 'age': 3}, 'phone': '(699) 153 2143', 'cell': '(614) 679 0328', 'id': {'name': 'NSS', 'value': '15 42 68 3026 5'}, 'picture': {'large': 'https://randomuser.me/api/portraits/women/6.jpg', 'medium': 'https://randomuser.me/api/portraits/med/women/6.jpg', 'thumbnail': 'https://randomuser.me/api/portraits/thumb/women/6.jpg'}, 'nat': 'MX'}], 'info': {'seed': '6cbcc0d1f6051afe', 'results': 1, 'page': 1, 'version': '1.4'}}</msg>
<arg>${json_data}</arg>
<doc>Logs the given message with the given level.</doc>
<status status="PASS" start="2024-04-13T05:16:01.998416" elapsed="0.000213"/>
</kw>
<kw name="Dictionary Should Contain Key" owner="Collections">
<msg time="2024-04-13T05:16:01.999093" level="INFO">False</msg>
<arg>${json_data}</arg>
<arg>results</arg>
<doc>Fails if ``key`` is not found from ``dictionary``.</doc>
<status status="PASS" start="2024-04-13T05:16:01.998938" elapsed="0.000192"/>
</kw>
<kw name="Should Not Be Empty" owner="BuiltIn">
<msg time="2024-04-13T05:16:01.999581" level="INFO">Length is 2.</msg>
<arg>${json_data}</arg>
<doc>Verifies that the given item is not empty.</doc>
<status status="PASS" start="2024-04-13T05:16:01.999424" elapsed="0.000205"/>
</kw>
<kw name="Create List" owner="BuiltIn">
<msg time="2024-04-13T05:16:02.000079" level="INFO">${expected_keys} = ['gender', 'name', 'location', 'email', 'login']</msg>
<var>${expected_keys}</var>
<arg>gender</arg>
<arg>name</arg>
<arg>location</arg>
<arg>email</arg>
<arg>login</arg>
<doc>Returns a list containing given items.</doc>
<status status="PASS" start="2024-04-13T05:16:01.999927" elapsed="0.000201"/>
</kw>
<for flavor="IN">
<iter>
<kw name="Dictionary Should Contain Key" owner="Collections">
<msg time="2024-04-13T05:16:02.001158" level="INFO">False</msg>
<arg>${json_data['results'][0]}</arg>
<arg>${key}</arg>
<doc>Fails if ``key`` is not found from ``dictionary``.</doc>
<status status="PASS" start="2024-04-13T05:16:02.000752" elapsed="0.000446"/>
</kw>
<kw name="Log" owner="BuiltIn">
<msg time="2024-04-13T05:16:02.001885" level="INFO">{'gender': 'female', 'name': {'title': 'Miss', 'first': 'María Eugenia', 'last': 'Granados'}, 'location': {'street': {'number': 1276, 'name': 'Ampliación Norte Hinojosa'}, 'city': 'Los Ramones', 'state': 'Yucatan', 'country': 'Mexico', 'postcode': 28657, 'coordinates': {'latitude': '22.2721', 'longitude': '60.7775'}, 'timezone': {'offset': '-5:00', 'description': 'Eastern Time (US &amp; Canada), Bogota, Lima'}}, 'email': 'mariaeugenia.granados@example.com', 'login': {'uuid': 'a633207f-30b6-49be-8578-424e0fe38542', 'username': 'orangeelephant220', 'password': 'insomnia', 'salt': 'dRAJQ5Hw', 'md5': '2f1bcff3bc32faa0e3bb0cdad1d5452d', 'sha1': 'a6cbe91c5fe70632f52c31a741528beb13343769', 'sha256': '7fbd6fcedf50fee2c817dc3ed37f9c0f5cadbc626e2efe71225f1c8c7e9214b9'}, 'dob': {'date': '1960-10-18T08:35:41.032Z', 'age': 63}, 'registered': {'date': '2020-09-28T03:37:57.728Z', 'age': 3}, 'phone': '(699) 153 2143', 'cell': '(614) 679 0328', 'id': {'name': 'NSS', 'value': '15 42 68 3026 5'}, 'picture': {'large': 'https://randomuser.me/api/portraits/women/6.jpg', 'medium': 'https://randomuser.me/api/portraits/med/women/6.jpg', 'thumbnail': 'https://randomuser.me/api/portraits/thumb/women/6.jpg'}, 'nat': 'MX'}</msg>
<arg>${json_data['results'][0]}</arg>
<doc>Logs the given message with the given level.</doc>
<status status="PASS" start="2024-04-13T05:16:02.001504" elapsed="0.000433"/>
</kw>
<kw name="Log" owner="BuiltIn">
<msg time="2024-04-13T05:16:02.002372" level="INFO">gender</msg>
<arg>${key}</arg>
<doc>Logs the given message with the given level.</doc>
<status status="PASS" start="2024-04-13T05:16:02.002242" elapsed="0.000169"/>
</kw>
<var name="${key}">gender</var>
<status status="PASS" start="2024-04-13T05:16:02.000619" elapsed="0.002011"/>
</iter>
<iter>
<kw name="Dictionary Should Contain Key" owner="Collections">
<msg time="2024-04-13T05:16:02.003358" level="INFO">False</msg>
<arg>${json_data['results'][0]}</arg>
<arg>${key}</arg>
<doc>Fails if ``key`` is not found from ``dictionary``.</doc>
<status status="PASS" start="2024-04-13T05:16:02.002936" elapsed="0.000461"/>
</kw>
<kw name="Log" owner="BuiltIn">
<msg time="2024-04-13T05:16:02.004083" level="INFO">{'gender': 'female', 'name': {'title': 'Miss', 'first': 'María Eugenia', 'last': 'Granados'}, 'location': {'street': {'number': 1276, 'name': 'Ampliación Norte Hinojosa'}, 'city': 'Los Ramones', 'state': 'Yucatan', 'country': 'Mexico', 'postcode': 28657, 'coordinates': {'latitude': '22.2721', 'longitude': '60.7775'}, 'timezone': {'offset': '-5:00', 'description': 'Eastern Time (US &amp; Canada), Bogota, Lima'}}, 'email': 'mariaeugenia.granados@example.com', 'login': {'uuid': 'a633207f-30b6-49be-8578-424e0fe38542', 'username': 'orangeelephant220', 'password': 'insomnia', 'salt': 'dRAJQ5Hw', 'md5': '2f1bcff3bc32faa0e3bb0cdad1d5452d', 'sha1': 'a6cbe91c5fe70632f52c31a741528beb13343769', 'sha256': '7fbd6fcedf50fee2c817dc3ed37f9c0f5cadbc626e2efe71225f1c8c7e9214b9'}, 'dob': {'date': '1960-10-18T08:35:41.032Z', 'age': 63}, 'registered': {'date': '2020-09-28T03:37:57.728Z', 'age': 3}, 'phone': '(699) 153 2143', 'cell': '(614) 679 0328', 'id': {'name': 'NSS', 'value': '15 42 68 3026 5'}, 'picture': {'large': 'https://randomuser.me/api/portraits/women/6.jpg', 'medium': 'https://randomuser.me/api/portraits/med/women/6.jpg', 'thumbnail': 'https://randomuser.me/api/portraits/thumb/women/6.jpg'}, 'nat': 'MX'}</msg>
<arg>${json_data['results'][0]}</arg>
<doc>Logs the given message with the given level.</doc>
<status status="PASS" start="2024-04-13T05:16:02.003705" elapsed="0.000451"/>
</kw>
<kw name="Log" owner="BuiltIn">
<msg time="2024-04-13T05:16:02.004586" level="INFO">name</msg>
<arg>${key}</arg>
<doc>Logs the given message with the given level.</doc>
<status status="PASS" start="2024-04-13T05:16:02.004458" elapsed="0.000167"/>
</kw>
<var name="${key}">name</var>
<status status="PASS" start="2024-04-13T05:16:02.002820" elapsed="0.002023"/>
</iter>
<iter>
<kw name="Dictionary Should Contain Key" owner="Collections">
<msg time="2024-04-13T05:16:02.005518" level="INFO">False</msg>
<arg>${json_data['results'][0]}</arg>
<arg>${key}</arg>
<doc>Fails if ``key`` is not found from ``dictionary``.</doc>
<status status="PASS" start="2024-04-13T05:16:02.005136" elapsed="0.000420"/>
</kw>
<kw name="Log" owner="BuiltIn">
<msg time="2024-04-13T05:16:02.006229" level="INFO">{'gender': 'female', 'name': {'title': 'Miss', 'first': 'María Eugenia', 'last': 'Granados'}, 'location': {'street': {'number': 1276, 'name': 'Ampliación Norte Hinojosa'}, 'city': 'Los Ramones', 'state': 'Yucatan', 'country': 'Mexico', 'postcode': 28657, 'coordinates': {'latitude': '22.2721', 'longitude': '60.7775'}, 'timezone': {'offset': '-5:00', 'description': 'Eastern Time (US &amp; Canada), Bogota, Lima'}}, 'email': 'mariaeugenia.granados@example.com', 'login': {'uuid': 'a633207f-30b6-49be-8578-424e0fe38542', 'username': 'orangeelephant220', 'password': 'insomnia', 'salt': 'dRAJQ5Hw', 'md5': '2f1bcff3bc32faa0e3bb0cdad1d5452d', 'sha1': 'a6cbe91c5fe70632f52c31a741528beb13343769', 'sha256': '7fbd6fcedf50fee2c817dc3ed37f9c0f5cadbc626e2efe71225f1c8c7e9214b9'}, 'dob': {'date': '1960-10-18T08:35:41.032Z', 'age': 63}, 'registered': {'date': '2020-09-28T03:37:57.728Z', 'age': 3}, 'phone': '(699) 153 2143', 'cell': '(614) 679 0328', 'id': {'name': 'NSS', 'value': '15 42 68 3026 5'}, 'picture': {'large': 'https://randomuser.me/api/portraits/women/6.jpg', 'medium': 'https://randomuser.me/api/portraits/med/women/6.jpg', 'thumbnail': 'https://randomuser.me/api/portraits/thumb/women/6.jpg'}, 'nat': 'MX'}</msg>
<arg>${json_data['results'][0]}</arg>
<doc>Logs the given message with the given level.</doc>
<status status="PASS" start="2024-04-13T05:16:02.005858" elapsed="0.000428"/>
</kw>
<kw name="Log" owner="BuiltIn">
<msg time="2024-04-13T05:16:02.006716" level="INFO">location</msg>
<arg>${key}</arg>
<doc>Logs the given message with the given level.</doc>
<status status="PASS" start="2024-04-13T05:16:02.006588" elapsed="0.000167"/>
</kw>
<var name="${key}">location</var>
<status status="PASS" start="2024-04-13T05:16:02.005023" elapsed="0.001952"/>
</iter>
<iter>
<kw name="Dictionary Should Contain Key" owner="Collections">
<msg time="2024-04-13T05:16:02.007650" level="INFO">False</msg>
<arg>${json_data['results'][0]}</arg>
<arg>${key}</arg>
<doc>Fails if ``key`` is not found from ``dictionary``.</doc>
<status status="PASS" start="2024-04-13T05:16:02.007262" elapsed="0.000426"/>
</kw>
<kw name="Log" owner="BuiltIn">
<msg time="2024-04-13T05:16:02.008381" level="INFO">{'gender': 'female', 'name': {'title': 'Miss', 'first': 'María Eugenia', 'last': 'Granados'}, 'location': {'street': {'number': 1276, 'name': 'Ampliación Norte Hinojosa'}, 'city': 'Los Ramones', 'state': 'Yucatan', 'country': 'Mexico', 'postcode': 28657, 'coordinates': {'latitude': '22.2721', 'longitude': '60.7775'}, 'timezone': {'offset': '-5:00', 'description': 'Eastern Time (US &amp; Canada), Bogota, Lima'}}, 'email': 'mariaeugenia.granados@example.com', 'login': {'uuid': 'a633207f-30b6-49be-8578-424e0fe38542', 'username': 'orangeelephant220', 'password': 'insomnia', 'salt': 'dRAJQ5Hw', 'md5': '2f1bcff3bc32faa0e3bb0cdad1d5452d', 'sha1': 'a6cbe91c5fe70632f52c31a741528beb13343769', 'sha256': '7fbd6fcedf50fee2c817dc3ed37f9c0f5cadbc626e2efe71225f1c8c7e9214b9'}, 'dob': {'date': '1960-10-18T08:35:41.032Z', 'age': 63}, 'registered': {'date': '2020-09-28T03:37:57.728Z', 'age': 3}, 'phone': '(699) 153 2143', 'cell': '(614) 679 0328', 'id': {'name': 'NSS', 'value': '15 42 68 3026 5'}, 'picture': {'large': 'https://randomuser.me/api/portraits/women/6.jpg', 'medium': 'https://randomuser.me/api/portraits/med/women/6.jpg', 'thumbnail': 'https://randomuser.me/api/portraits/thumb/women/6.jpg'}, 'nat': 'MX'}</msg>
<arg>${json_data['results'][0]}</arg>
<doc>Logs the given message with the given level.</doc>
<status status="PASS" start="2024-04-13T05:16:02.007986" elapsed="0.000446"/>
</kw>
<kw name="Log" owner="BuiltIn">
<msg time="2024-04-13T05:16:02.008861" level="INFO">email</msg>
<arg>${key}</arg>
<doc>Logs the given message with the given level.</doc>
<status status="PASS" start="2024-04-13T05:16:02.008733" elapsed="0.000165"/>
</kw>
<var name="${key}">email</var>
<status status="PASS" start="2024-04-13T05:16:02.007150" elapsed="0.001964"/>
</iter>
<iter>
<kw name="Dictionary Should Contain Key" owner="Collections">
<msg time="2024-04-13T05:16:02.009787" level="INFO">False</msg>
<arg>${json_data['results'][0]}</arg>
<arg>${key}</arg>
<doc>Fails if ``key`` is not found from ``dictionary``.</doc>
<status status="PASS" start="2024-04-13T05:16:02.009404" elapsed="0.000422"/>
</kw>
<kw name="Log" owner="BuiltIn">
<msg time="2024-04-13T05:16:02.010492" level="INFO">{'gender': 'female', 'name': {'title': 'Miss', 'first': 'María Eugenia', 'last': 'Granados'}, 'location': {'street': {'number': 1276, 'name': 'Ampliación Norte Hinojosa'}, 'city': 'Los Ramones', 'state': 'Yucatan', 'country': 'Mexico', 'postcode': 28657, 'coordinates': {'latitude': '22.2721', 'longitude': '60.7775'}, 'timezone': {'offset': '-5:00', 'description': 'Eastern Time (US &amp; Canada), Bogota, Lima'}}, 'email': 'mariaeugenia.granados@example.com', 'login': {'uuid': 'a633207f-30b6-49be-8578-424e0fe38542', 'username': 'orangeelephant220', 'password': 'insomnia', 'salt': 'dRAJQ5Hw', 'md5': '2f1bcff3bc32faa0e3bb0cdad1d5452d', 'sha1': 'a6cbe91c5fe70632f52c31a741528beb13343769', 'sha256': '7fbd6fcedf50fee2c817dc3ed37f9c0f5cadbc626e2efe71225f1c8c7e9214b9'}, 'dob': {'date': '1960-10-18T08:35:41.032Z', 'age': 63}, 'registered': {'date': '2020-09-28T03:37:57.728Z', 'age': 3}, 'phone': '(699) 153 2143', 'cell': '(614) 679 0328', 'id': {'name': 'NSS', 'value': '15 42 68 3026 5'}, 'picture': {'large': 'https://randomuser.me/api/portraits/women/6.jpg', 'medium': 'https://randomuser.me/api/portraits/med/women/6.jpg', 'thumbnail': 'https://randomuser.me/api/portraits/thumb/women/6.jpg'}, 'nat': 'MX'}</msg>
<arg>${json_data['results'][0]}</arg>
<doc>Logs the given message with the given level.</doc>
<status status="PASS" start="2024-04-13T05:16:02.010120" elapsed="0.000454"/>
</kw>
<kw name="Log" owner="BuiltIn">
<msg time="2024-04-13T05:16:02.011012" level="INFO">login</msg>
<arg>${key}</arg>
<doc>Logs the given message with the given level.</doc>
<status status="PASS" start="2024-04-13T05:16:02.010882" elapsed="0.000168"/>
</kw>
<var name="${key}">login</var>
<status status="PASS" start="2024-04-13T05:16:02.009291" elapsed="0.001975"/>
</iter>
<var>${key}</var>
<value>@{expected_keys}</value>
<status status="PASS" start="2024-04-13T05:16:02.000408" elapsed="0.010981"/>
</for>
<kw name="Create List" owner="BuiltIn">
<msg time="2024-04-13T05:16:02.011720" level="INFO">${expected_keysTwo} = ['username', 'password']</msg>
<var>${expected_keysTwo}</var>
<arg>username</arg>
<arg>password</arg>
<doc>Returns a list containing given items.</doc>
<status status="PASS" start="2024-04-13T05:16:02.011583" elapsed="0.000160"/>
</kw>
<for flavor="IN">
<iter>
<kw name="Dictionary Should Contain Key" owner="Collections">
<msg time="2024-04-13T05:16:02.012764" level="INFO">False</msg>
<arg>${json_data['results'][0]['login']}</arg>
<arg>${keyTwo}</arg>
<doc>Fails if ``key`` is not found from ``dictionary``.</doc>
<status status="PASS" start="2024-04-13T05:16:02.012377" elapsed="0.000425"/>
</kw>
<kw name="Dictionary Should Contain Key" owner="Collections">
<msg time="2024-04-13T05:16:02.013482" level="INFO">False</msg>
<arg>${json_data['results'][0]['login']}</arg>
<arg>${keyTwo}</arg>
<doc>Fails if ``key`` is not found from ``dictionary``.</doc>
<status status="PASS" start="2024-04-13T05:16:02.013102" elapsed="0.000419"/>
</kw>
<kw name="Log" owner="BuiltIn">
<msg time="2024-04-13T05:16:02.013946" level="INFO">username</msg>
<arg>${keyTwo}</arg>
<doc>Logs the given message with the given level.</doc>
<status status="PASS" start="2024-04-13T05:16:02.013816" elapsed="0.000167"/>
</kw>
<var name="${keyTwo}">username</var>
<status status="PASS" start="2024-04-13T05:16:02.012259" elapsed="0.001940"/>
</iter>
<iter>
<kw name="Dictionary Should Contain Key" owner="Collections">
<msg time="2024-04-13T05:16:02.014883" level="INFO">False</msg>
<arg>${json_data['results'][0]['login']}</arg>
<arg>${keyTwo}</arg>
<doc>Fails if ``key`` is not found from ``dictionary``.</doc>
<status status="PASS" start="2024-04-13T05:16:02.014496" elapsed="0.000426"/>
</kw>
<kw name="Dictionary Should Contain Key" owner="Collections">
<msg time="2024-04-13T05:16:02.015606" level="INFO">False</msg>
<arg>${json_data['results'][0]['login']}</arg>
<arg>${keyTwo}</arg>
<doc>Fails if ``key`` is not found from ``dictionary``.</doc>
<status status="PASS" start="2024-04-13T05:16:02.015224" elapsed="0.000419"/>
</kw>
<kw name="Log" owner="BuiltIn">
<msg time="2024-04-13T05:16:02.016068" level="INFO">password</msg>
<arg>${keyTwo}</arg>
<doc>Logs the given message with the given level.</doc>
<status status="PASS" start="2024-04-13T05:16:02.015939" elapsed="0.000189"/>
</kw>
<var name="${keyTwo}">password</var>
<status status="PASS" start="2024-04-13T05:16:02.014381" elapsed="0.001976"/>
</iter>
<var>${keyTwo}</var>
<value>@{expected_keysTwo}</value>
<status status="PASS" start="2024-04-13T05:16:02.011979" elapsed="0.004503"/>
</for>
<status status="PASS" start="2024-04-13T05:16:01.899885" elapsed="0.116740"/>
</kw>
<doc>Testa a estrutura da resposta da API.</doc>
<tag>testeEstruturaResposta</tag>
<status status="PASS" start="2024-04-13T05:16:01.899143" elapsed="0.117642"/>
</test>
<test id="s1-s1-t4" name="Validar tipos de dados" line="28">
<kw name="Teste de Tipos de Dados" owner="random-user-service">
<kw name="GET On Session" owner="RequestsLibrary">
<msg time="2024-04-13T05:16:02.108217" level="INFO">GET Request : url=https://randomuser.me/api 
 path_url=/api 
 headers={'User-Agent': 'python-requests/2.31.0', 'Accept-Encoding': 'gzip, deflate', 'Accept': '*/*', 'Connection': 'keep-alive'} 
 body=None 
 </msg>
<msg time="2024-04-13T05:16:02.108301" level="INFO">GET Response : url=https://randomuser.me/api 
 status=200, reason=OK 
 headers={'Date': 'Sat, 13 Apr 2024 05:16:02 GMT', 'Content-Type': 'application/json; charset=utf-8', 'Transfer-Encoding': 'chunked', 'Connection': 'keep-alive', 'X-Powered-By': 'Express', 'Access-Control-Allow-Origin': '*', 'Cache-Control': 'no-cache', 'ETag': 'W/"48c-6eSsPSTbyUS/lZgrfsH26HpvNTo"', 'Vary': 'Accept-Encoding', 'Content-Encoding': 'gzip', 'CF-Cache-Status': 'DYNAMIC', 'Report-To': '{"endpoints":[{"url":"https:\\/\\/a.nel.cloudflare.com\\/report\\/v4?s=%2FJbwuJZUcD2Rt%2BzREuqjv56acLWEUmegP513sKAxQ6D47WmCgdSroMpJvynGo8GNhBC3NFjklKdlHIMulOtu5a%2FEAm%2F7aSY3nvH%2Bvjt3ohoAXPvdvuRDxIbtLilvxaiV"}],"group":"cf-nel","max_age":604800}', 'NEL': '{"success_fraction":0,"report_to":"cf-nel","max_age":604800}', 'Server': 'cloudflare', 'CF-RAY': '8738fb509a5a10f0-ORD', 'alt-svc': 'h3=":443"; ma=86400'} 
 body={"results":[{"gender":"female","name":{"title":"Miss","first":"Aurora","last":"Aguilar"},"location":{"street":{"number":1551,"name":"Calle del Arenal"},"city":"Vitoria","state":"Cantabria","country":"Spain","postcode":22237,"coordinates":{"latitude":"-34.1612","longitude":"126.9581"},"timezone":{"offset":"-8:00","description":"Pacific Time (US &amp; Canada)"}},"email":"aurora.aguilar@example.com","login":{"uuid":"10422bf4-2452-4cd8-a4d6-0753a0ae3d94","username":"heavybear513","password":"stang","salt":"stkWZGlr","md5":"4cc7abd53a6fda8912264997f2a0731e","sha1":"ad6f68ec3143dee7b627c22e33235820067c45ca","sha256":"d6b3a8fa490cac2901d02e84c340df3115688e872d7c236600e2d987284171cc"},"dob":{"date":"1962-06-29T11:22:12.386Z","age":61},"registered":{"date":"2006-12-26T06:51:52.895Z","age":17},"phone":"906-928-621","cell":"692-655-949","id":{"name":"DNI","value":"59535146-H"},"picture":{"large":"https://randomuser.me/api/portraits/women/63.jpg","medium":"https://randomuser.me/api/portraits/med/women/63.jpg","thumbnail":"https://randomuser.me/api/portraits/thumb/women/63.jpg"},"nat":"ES"}],"info":{"seed":"34ccddf84ee565fc","results":1,"page":1,"version":"1.4"}} 
 </msg>
<msg time="2024-04-13T05:16:02.108378" level="INFO">/opt/hostedtoolcache/Python/3.12.2/x64/lib/python3.12/site-packages/urllib3/connectionpool.py:1103: InsecureRequestWarning: Unverified HTTPS request is being made to host 'randomuser.me'. Adding certificate verification is strongly advised. See: https://urllib3.readthedocs.io/en/latest/advanced-usage.html#tls-warnings
  warnings.warn(</msg>
<msg time="2024-04-13T05:16:02.108489" level="INFO">${response} = &lt;Response [200]&gt;</msg>
<var>${response}</var>
<arg>consultarAPI</arg>
<arg>/api</arg>
<doc>Sends a GET request on a previously created HTTP Session.</doc>
<status status="PASS" start="2024-04-13T05:16:02.019230" elapsed="0.089303"/>
</kw>
<kw name="Set Variable" owner="BuiltIn">
<msg time="2024-04-13T05:16:02.109458" level="INFO">${json_data} = {'results': [{'gender': 'female', 'name': {'title': 'Miss', 'first': 'Aurora', 'last': 'Aguilar'}, 'location': {'street': {'number': 1551, 'name': 'Calle del Arenal'}, 'city': 'Vitoria', 'state': 'Can...</msg>
<var>${json_data}</var>
<arg>${response.json()}</arg>
<doc>Returns the given values which can then be assigned to a variables.</doc>
<status status="PASS" start="2024-04-13T05:16:02.108968" elapsed="0.000553"/>
</kw>
<kw name="Log" owner="BuiltIn">
<msg time="2024-04-13T05:16:02.109997" level="INFO">{'results': [{'gender': 'female', 'name': {'title': 'Miss', 'first': 'Aurora', 'last': 'Aguilar'}, 'location': {'street': {'number': 1551, 'name': 'Calle del Arenal'}, 'city': 'Vitoria', 'state': 'Cantabria', 'country': 'Spain', 'postcode': 22237, 'coordinates': {'latitude': '-34.1612', 'longitude': '126.9581'}, 'timezone': {'offset': '-8:00', 'description': 'Pacific Time (US &amp; Canada)'}}, 'email': 'aurora.aguilar@example.com', 'login': {'uuid': '10422bf4-2452-4cd8-a4d6-0753a0ae3d94', 'username': 'heavybear513', 'password': 'stang', 'salt': 'stkWZGlr', 'md5': '4cc7abd53a6fda8912264997f2a0731e', 'sha1': 'ad6f68ec3143dee7b627c22e33235820067c45ca', 'sha256': 'd6b3a8fa490cac2901d02e84c340df3115688e872d7c236600e2d987284171cc'}, 'dob': {'date': '1962-06-29T11:22:12.386Z', 'age': 61}, 'registered': {'date': '2006-12-26T06:51:52.895Z', 'age': 17}, 'phone': '906-928-621', 'cell': '692-655-949', 'id': {'name': 'DNI', 'value': '59535146-H'}, 'picture': {'large': 'https://randomuser.me/api/portraits/women/63.jpg', 'medium': 'https://randomuser.me/api/portraits/med/women/63.jpg', 'thumbnail': 'https://randomuser.me/api/portraits/thumb/women/63.jpg'}, 'nat': 'ES'}], 'info': {'seed': '34ccddf84ee565fc', 'results': 1, 'page': 1, 'version': '1.4'}}</msg>
<arg>${json_data}</arg>
<doc>Logs the given message with the given level.</doc>
<status status="PASS" start="2024-04-13T05:16:02.109840" elapsed="0.000206"/>
</kw>
<kw name="Should Be String" owner="String">
<arg>${json_data['results'][0]['gender']}</arg>
<doc>Fails if the given ``item`` is not a string.</doc>
<status status="PASS" start="2024-04-13T05:16:02.110356" elapsed="0.000362"/>
</kw>
<kw name="Should Match Regexp" owner="BuiltIn">
<arg>${json_data['results'][0]['email']}</arg>
<arg>^[a-zA-Z0-9._%+-]+@[a-zA-Z0-9.-]+\.[a-zA-Z]{2,}$</arg>
<doc>Fails if ``string`` does not match ``pattern`` as a regular expression.</doc>
<status status="PASS" start="2024-04-13T05:16:02.110916" elapsed="0.000538"/>
</kw>
<kw name="Should Match Regexp" owner="BuiltIn">
<arg>${json_data['results'][0]['dob']['date']}</arg>
<arg>\\d{4}-\\d{2}-\\d{2}T\\d{2}:\\d{2}:\\d{2}\\.\\d{3}Z</arg>
<doc>Fails if ``string`` does not match ``pattern`` as a regular expression.</doc>
<status status="PASS" start="2024-04-13T05:16:02.111666" elapsed="0.000545"/>
</kw>
<kw name="Should Match Regexp" owner="BuiltIn">
<arg>${json_data['results'][0]['registered']['date']}</arg>
<arg>\\d{4}-\\d{2}-\\d{2}T\\d{2}:\\d{2}:\\d{2}\\.\\d{3}Z</arg>
<doc>Fails if ``string`` does not match ``pattern`` as a regular expression.</doc>
<status status="PASS" start="2024-04-13T05:16:02.112435" elapsed="0.000394"/>
</kw>
<kw name="Should Match Regexp" owner="BuiltIn">
<arg>${json_data['results'][0]['picture']['large']}</arg>
<arg>^https?://.*\.(?:png|jpe?g|gif|bmp)$</arg>
<doc>Fails if ``string`` does not match ``pattern`` as a regular expression.</doc>
<status status="PASS" start="2024-04-13T05:16:02.113021" elapsed="0.000463"/>
</kw>
<kw name="Should Match Regexp" owner="BuiltIn">
<arg>${json_data['results'][0]['picture']['medium']}</arg>
<arg>^https?://.*\.(?:png|jpe?g|gif|bmp)$</arg>
<doc>Fails if ``string`` does not match ``pattern`` as a regular expression.</doc>
<status status="PASS" start="2024-04-13T05:16:02.113683" elapsed="0.000352"/>
</kw>
<kw name="Should Match Regexp" owner="BuiltIn">
<arg>${json_data['results'][0]['picture']['thumbnail']}</arg>
<arg>^https?://.*\.(?:png|jpe?g|gif|bmp)$</arg>
<doc>Fails if ``string`` does not match ``pattern`` as a regular expression.</doc>
<status status="PASS" start="2024-04-13T05:16:02.114228" elapsed="0.000363"/>
</kw>
<kw name="Log" owner="BuiltIn">
<msg time="2024-04-13T05:16:02.115102" level="INFO">{'large': 'https://randomuser.me/api/portraits/women/63.jpg', 'medium': 'https://randomuser.me/api/portraits/med/women/63.jpg', 'thumbnail': 'https://randomuser.me/api/portraits/thumb/women/63.jpg'}</msg>
<arg>${json_data['results'][0]['picture']}</arg>
<doc>Logs the given message with the given level.</doc>
<status status="PASS" start="2024-04-13T05:16:02.114776" elapsed="0.000367"/>
</kw>
<status status="PASS" start="2024-04-13T05:16:02.018992" elapsed="0.096405"/>
</kw>
<kw name="Teste de Tipos de Dados - Postcode" owner="random-user-service">
<kw name="GET On Session" owner="RequestsLibrary">
<msg time="2024-04-13T05:16:02.211445" level="INFO">GET Request : url=https://randomuser.me/api 
 path_url=/api 
 headers={'User-Agent': 'python-requests/2.31.0', 'Accept-Encoding': 'gzip, deflate', 'Accept': '*/*', 'Connection': 'keep-alive'} 
 body=None 
 </msg>
<msg time="2024-04-13T05:16:02.211533" level="INFO">GET Response : url=https://randomuser.me/api 
 status=200, reason=OK 
 headers={'Date': 'Sat, 13 Apr 2024 05:16:02 GMT', 'Content-Type': 'application/json; charset=utf-8', 'Transfer-Encoding': 'chunked', 'Connection': 'keep-alive', 'X-Powered-By': 'Express', 'Access-Control-Allow-Origin': '*', 'Cache-Control': 'no-cache', 'ETag': 'W/"48c-1P+RVoZDfQ/aQNSMDGZfPhBxTgc"', 'Vary': 'Accept-Encoding', 'Content-Encoding': 'gzip', 'CF-Cache-Status': 'DYNAMIC', 'Report-To': '{"endpoints":[{"url":"https:\\/\\/a.nel.cloudflare.com\\/report\\/v4?s=PNdwy6yMMcRlB52AwHdSX9d0XGurbHZmn6oB1QHyBFPVrEfQLC9nv2GtJQthpmhkrNoha66zWG6DEdxaDDdJM4koZT4uXC%2BTkIY8uf2mTPRQMbZpTHTsTDqaRQANKnca"}],"group":"cf-nel","max_age":604800}', 'NEL': '{"success_fraction":0,"report_to":"cf-nel","max_age":604800}', 'Server': 'cloudflare', 'CF-RAY': '8738fb513bab10f0-ORD', 'alt-svc': 'h3=":443"; ma=86400'} 
 body={"results":[{"gender":"female","name":{"title":"Ms","first":"Aino","last":"Salo"},"location":{"street":{"number":5527,"name":"Reijolankatu"},"city":"Kuhmoinen","state":"Ostrobothnia","country":"Finland","postcode":93445,"coordinates":{"latitude":"-29.4020","longitude":"29.6113"},"timezone":{"offset":"-1:00","description":"Azores, Cape Verde Islands"}},"email":"aino.salo@example.com","login":{"uuid":"0de68b57-ea7c-40b2-b51b-e82037f75850","username":"sadtiger585","password":"amazing","salt":"ODWbTkSw","md5":"9c12fd2d072a6a23c55891b662fe4903","sha1":"769ae2147b560d6f890b6202c656e9b5b54911f0","sha256":"70732e6d33e4e78b6371d9bcd2c28b9acbb02fe3e7846edd6bf91eeea3fb4ad4"},"dob":{"date":"1955-01-10T19:26:19.357Z","age":69},"registered":{"date":"2003-02-28T05:05:12.028Z","age":21},"phone":"05-943-530","cell":"040-530-40-15","id":{"name":"HETU","value":"NaNNA652undefined"},"picture":{"large":"https://randomuser.me/api/portraits/women/23.jpg","medium":"https://randomuser.me/api/portraits/med/women/23.jpg","thumbnail":"https://randomuser.me/api/portraits/thumb/women/23.jpg"},"nat":"FI"}],"info":{"seed":"1b8642e91980a3ac","results":1,"page":1,"version":"1.4"}} 
 </msg>
<msg time="2024-04-13T05:16:02.211620" level="INFO">/opt/hostedtoolcache/Python/3.12.2/x64/lib/python3.12/site-packages/urllib3/connectionpool.py:1103: InsecureRequestWarning: Unverified HTTPS request is being made to host 'randomuser.me'. Adding certificate verification is strongly advised. See: https://urllib3.readthedocs.io/en/latest/advanced-usage.html#tls-warnings
  warnings.warn(</msg>
<msg time="2024-04-13T05:16:02.211739" level="INFO">${response} = &lt;Response [200]&gt;</msg>
<var>${response}</var>
<arg>consultarAPI</arg>
<arg>/api</arg>
<doc>Sends a GET request on a previously created HTTP Session.</doc>
<status status="PASS" start="2024-04-13T05:16:02.115852" elapsed="0.095933"/>
</kw>
<kw name="Set Variable" owner="BuiltIn">
<msg time="2024-04-13T05:16:02.212674" level="INFO">${json_data} = {'results': [{'gender': 'female', 'name': {'title': 'Ms', 'first': 'Aino', 'last': 'Salo'}, 'location': {'street': {'number': 5527, 'name': 'Reijolankatu'}, 'city': 'Kuhmoinen', 'state': 'Ostrobothnia...</msg>
<var>${json_data}</var>
<arg>${response.json()}</arg>
<doc>Returns the given values which can then be assigned to a variables.</doc>
<status status="PASS" start="2024-04-13T05:16:02.212213" elapsed="0.000519"/>
</kw>
<kw name="Log" owner="BuiltIn">
<msg time="2024-04-13T05:16:02.213203" level="INFO">{'results': [{'gender': 'female', 'name': {'title': 'Ms', 'first': 'Aino', 'last': 'Salo'}, 'location': {'street': {'number': 5527, 'name': 'Reijolankatu'}, 'city': 'Kuhmoinen', 'state': 'Ostrobothnia', 'country': 'Finland', 'postcode': 93445, 'coordinates': {'latitude': '-29.4020', 'longitude': '29.6113'}, 'timezone': {'offset': '-1:00', 'description': 'Azores, Cape Verde Islands'}}, 'email': 'aino.salo@example.com', 'login': {'uuid': '0de68b57-ea7c-40b2-b51b-e82037f75850', 'username': 'sadtiger585', 'password': 'amazing', 'salt': 'ODWbTkSw', 'md5': '9c12fd2d072a6a23c55891b662fe4903', 'sha1': '769ae2147b560d6f890b6202c656e9b5b54911f0', 'sha256': '70732e6d33e4e78b6371d9bcd2c28b9acbb02fe3e7846edd6bf91eeea3fb4ad4'}, 'dob': {'date': '1955-01-10T19:26:19.357Z', 'age': 69}, 'registered': {'date': '2003-02-28T05:05:12.028Z', 'age': 21}, 'phone': '05-943-530', 'cell': '040-530-40-15', 'id': {'name': 'HETU', 'value': 'NaNNA652undefined'}, 'picture': {'large': 'https://randomuser.me/api/portraits/women/23.jpg', 'medium': 'https://randomuser.me/api/portraits/med/women/23.jpg', 'thumbnail': 'https://randomuser.me/api/portraits/thumb/women/23.jpg'}, 'nat': 'FI'}], 'info': {'seed': '1b8642e91980a3ac', 'results': 1, 'page': 1, 'version': '1.4'}}</msg>
<arg>${json_data}</arg>
<doc>Logs the given message with the given level.</doc>
<status status="PASS" start="2024-04-13T05:16:02.213047" elapsed="0.000205"/>
</kw>
<kw name="Should Be Equal As Numbers" owner="BuiltIn">
<arg>${json_data['results'][0]['location']['postcode']}</arg>
<arg>${json_data['results'][0]['location']['postcode']}</arg>
<doc>Fails if objects are unequal after converting them to real numbers.</doc>
<status status="PASS" start="2024-04-13T05:16:02.213566" elapsed="0.000636"/>
</kw>
<kw name="Log" owner="BuiltIn">
<msg time="2024-04-13T05:16:02.214756" level="INFO">93445</msg>
<arg>${json_data['results'][0]['location']['postcode']}</arg>
<doc>Logs the given message with the given level.</doc>
<status status="PASS" start="2024-04-13T05:16:02.214399" elapsed="0.000398"/>
</kw>
<status status="PASS" start="2024-04-13T05:16:02.115618" elapsed="0.099433"/>
</kw>
<doc>Testa se os tipos de dados na resposta da API estão corretos.</doc>
<tag>testeTiposDados</tag>
<status status="PASS" start="2024-04-13T05:16:02.018533" elapsed="0.196688"/>
</test>
<test id="s1-s1-t5" name="Validar conteudo" line="35">
<kw name="Teste de Tipos de Conteudo" owner="random-user-service">
<kw name="GET On Session" owner="RequestsLibrary">
<msg time="2024-04-13T05:16:02.314128" level="INFO">GET Request : url=https://randomuser.me/api 
 path_url=/api 
 headers={'User-Agent': 'python-requests/2.31.0', 'Accept-Encoding': 'gzip, deflate', 'Accept': '*/*', 'Connection': 'keep-alive'} 
 body=None 
 </msg>
<msg time="2024-04-13T05:16:02.314206" level="INFO">GET Response : url=https://randomuser.me/api 
 status=200, reason=OK 
 headers={'Date': 'Sat, 13 Apr 2024 05:16:02 GMT', 'Content-Type': 'application/json; charset=utf-8', 'Transfer-Encoding': 'chunked', 'Connection': 'keep-alive', 'X-Powered-By': 'Express', 'Access-Control-Allow-Origin': '*', 'Cache-Control': 'no-cache', 'ETag': 'W/"4a6-Hk9D3UOqMdw10DBNhNYFWlwz2VM"', 'Vary': 'Accept-Encoding', 'Content-Encoding': 'gzip', 'CF-Cache-Status': 'DYNAMIC', 'Report-To': '{"endpoints":[{"url":"https:\\/\\/a.nel.cloudflare.com\\/report\\/v4?s=4dbyIeuj69inMsCC1D%2BEFQMYye5N23qQEyHolgnlBstSPTfNBKR2mphKdm6Kz5FUkludBS87i3zKGaQMGp87ZUNTPKYygn3o2WXQLTTkZPg9WH%2BDEDtptY4qQpaOjDtB"}],"group":"cf-nel","max_age":604800}', 'NEL': '{"success_fraction":0,"report_to":"cf-nel","max_age":604800}', 'Server': 'cloudflare', 'CF-RAY': '8738fb51dd0610f0-ORD', 'alt-svc': 'h3=":443"; ma=86400'} 
 body={"results":[{"gender":"female","name":{"title":"Mrs","first":"مارال","last":"صدر"},"location":{"street":{"number":6770,"name":"میدان انقلاب"},"city":"دزفول","state":"آذربایجان شرقی","country":"Iran","postcode":45257,"coordinates":{"latitude":"19.3760","longitude":"155.2710"},"timezone":{"offset":"+4:00","description":"Abu Dhabi, Muscat, Baku, Tbilisi"}},"email":"mrl.sdr@example.com","login":{"uuid":"966aab60-6dc2-42ff-b76d-7d62ee6a90d5","username":"ticklishladybug869","password":"hiphop","salt":"ZWij90EC","md5":"59cb75b666ec531a750d56f57e759d5f","sha1":"017e32e24a60a04ebe726692ca249374a162bb0e","sha256":"9fb44ddbfe91d671b4e7344969ecb7ca1f8c25267cafdfff9f3c1a978cf0f763"},"dob":{"date":"1967-10-11T08:51:56.464Z","age":56},"registered":{"date":"2005-04-17T04:45:35.085Z","age":18},"phone":"094-66083811","cell":"0992-953-8837","id":{"name":"","value":null},"picture":{"large":"https://randomuser.me/api/portraits/women/87.jpg","medium":"https://randomuser.me/api/portraits/med/women/87.jpg","thumbnail":"https://randomuser.me/api/portraits/thumb/women/87.jpg"},"nat":"IR"}],"info":{"seed":"9df02cf439f42385","results":1,"page":1,"version":"1.4"}} 
 </msg>
<msg time="2024-04-13T05:16:02.314269" level="INFO">/opt/hostedtoolcache/Python/3.12.2/x64/lib/python3.12/site-packages/urllib3/connectionpool.py:1103: InsecureRequestWarning: Unverified HTTPS request is being made to host 'randomuser.me'. Adding certificate verification is strongly advised. See: https://urllib3.readthedocs.io/en/latest/advanced-usage.html#tls-warnings
  warnings.warn(</msg>
<msg time="2024-04-13T05:16:02.314359" level="INFO">${response} = &lt;Response [200]&gt;</msg>
<var>${response}</var>
<arg>consultarAPI</arg>
<arg>/api</arg>
<doc>Sends a GET request on a previously created HTTP Session.</doc>
<status status="PASS" start="2024-04-13T05:16:02.218089" elapsed="0.096299"/>
</kw>
<kw name="Set Variable" owner="BuiltIn">
<msg time="2024-04-13T05:16:02.315267" level="INFO">${json_data} = {'results': [{'gender': 'female', 'name': {'title': 'Mrs', 'first': 'مارال', 'last': 'صدر'}, 'location': {'street': {'number': 6770, 'name': 'میدان انقلاب'}, 'city': 'دزفول', 'state': 'آذربایجان شرقی'...</msg>
<var>${json_data}</var>
<arg>${response.json()}</arg>
<doc>Returns the given values which can then be assigned to a variables.</doc>
<status status="PASS" start="2024-04-13T05:16:02.314777" elapsed="0.000521"/>
</kw>
<kw name="Set Variable" owner="BuiltIn">
<msg time="2024-04-13T05:16:02.316015" level="INFO">${name_title} = Mrs</msg>
<var>${name_title}</var>
<arg>${json_data["results"][0]["name"]["title"]}</arg>
<doc>Returns the given values which can then be assigned to a variables.</doc>
<status status="PASS" start="2024-04-13T05:16:02.315618" elapsed="0.000424"/>
</kw>
<kw name="Create List" owner="BuiltIn">
<msg time="2024-04-13T05:16:02.316577" level="INFO">${allowed_titles} = ['Mr', 'Ms', 'Miss', 'Mrs', 'Madame', 'Monsieur']</msg>
<var>${allowed_titles}</var>
<arg>Mr</arg>
<arg>Ms</arg>
<arg>Miss</arg>
<arg>Mrs</arg>
<arg>Madame</arg>
<arg>Monsieur</arg>
<doc>Returns a list containing given items.</doc>
<status status="PASS" start="2024-04-13T05:16:02.316424" elapsed="0.000178"/>
</kw>
<kw name="List Should Contain Value" owner="Collections">
<msg time="2024-04-13T05:16:02.317096" level="INFO">False</msg>
<arg>${allowed_titles}</arg>
<arg>${name_title}</arg>
<doc>Fails if the ``value`` is not found from ``list``.</doc>
<status status="PASS" start="2024-04-13T05:16:02.316911" elapsed="0.000226"/>
</kw>
<kw name="Set Variable" owner="BuiltIn">
<msg time="2024-04-13T05:16:02.317818" level="INFO">${name_country} = IR</msg>
<var>${name_country}</var>
<arg>${json_data["results"][0]["nat"]}</arg>
<doc>Returns the given values which can then be assigned to a variables.</doc>
<status status="PASS" start="2024-04-13T05:16:02.317432" elapsed="0.000412"/>
</kw>
<kw name="Create List" owner="BuiltIn">
<msg time="2024-04-13T05:16:02.318802" level="INFO">${list_country} = ['AD', 'AE', 'AF', 'AG', 'AI', 'AL', 'AM', 'AO', 'AQ', 'AR', 'AS', 'AT', 'AU', 'AW', 'AX', 'AZ', 'BA', 'BB', 'BD', 'BE', 'BF', 'BG', 'BH', 'BI', 'BJ', 'BL', 'BM', 'BN', 'BO', 'BQ', 'BR', 'BS', 'BT', '...</msg>
<var>${list_country}</var>
<arg>AD</arg>
<arg>AE</arg>
<arg>AF</arg>
<arg>AG</arg>
<arg>AI</arg>
<arg>AL</arg>
<arg>AM</arg>
<arg>AO</arg>
<arg>AQ</arg>
<arg>AR</arg>
<arg>AS</arg>
<arg>AT</arg>
<arg>AU</arg>
<arg>AW</arg>
<arg>AX</arg>
<arg>AZ</arg>
<arg>BA</arg>
<arg>BB</arg>
<arg>BD</arg>
<arg>BE</arg>
<arg>BF</arg>
<arg>BG</arg>
<arg>BH</arg>
<arg>BI</arg>
<arg>BJ</arg>
<arg>BL</arg>
<arg>BM</arg>
<arg>BN</arg>
<arg>BO</arg>
<arg>BQ</arg>
<arg>BR</arg>
<arg>BS</arg>
<arg>BT</arg>
<arg>BV</arg>
<arg>BW</arg>
<arg>BY</arg>
<arg>BZ</arg>
<arg>CA</arg>
<arg>CC</arg>
<arg>CD</arg>
<arg>CF</arg>
<arg>CG</arg>
<arg>CH</arg>
<arg>CI</arg>
<arg>CK</arg>
<arg>CL</arg>
<arg>CM</arg>
<arg>CN</arg>
<arg>CO</arg>
<arg>CR</arg>
<arg>CU</arg>
<arg>CV</arg>
<arg>CW</arg>
<arg>CX</arg>
<arg>CY</arg>
<arg>CZ</arg>
<arg>DE</arg>
<arg>DJ</arg>
<arg>DK</arg>
<arg>DM</arg>
<arg>DO</arg>
<arg>DZ</arg>
<arg>EC</arg>
<arg>EE</arg>
<arg>EG</arg>
<arg>EH</arg>
<arg>ER</arg>
<arg>ES</arg>
<arg>ET</arg>
<arg>FI</arg>
<arg>FJ</arg>
<arg>FK</arg>
<arg>FM</arg>
<arg>FO</arg>
<arg>FR</arg>
<arg>GA</arg>
<arg>GB</arg>
<arg>GD</arg>
<arg>GE</arg>
<arg>GF</arg>
<arg>GG</arg>
<arg>GH</arg>
<arg>GI</arg>
<arg>GL</arg>
<arg>GM</arg>
<arg>GN</arg>
<arg>GP</arg>
<arg>GQ</arg>
<arg>GR</arg>
<arg>GS</arg>
<arg>GT</arg>
<arg>GU</arg>
<arg>GW</arg>
<arg>GY</arg>
<arg>HK</arg>
<arg>HM</arg>
<arg>HN</arg>
<arg>HR</arg>
<arg>HT</arg>
<arg>HU</arg>
<arg>ID</arg>
<arg>IE</arg>
<arg>IL</arg>
<arg>IM</arg>
<arg>IN</arg>
<arg>IO</arg>
<arg>IQ</arg>
<arg>IR</arg>
<arg>IS</arg>
<arg>IT</arg>
<arg>JE</arg>
<arg>JM</arg>
<arg>JO</arg>
<arg>JP</arg>
<arg>KE</arg>
<arg>KG</arg>
<arg>KH</arg>
<arg>KI</arg>
<arg>KM</arg>
<arg>KN</arg>
<arg>KP</arg>
<arg>KR</arg>
<arg>KW</arg>
<arg>KY</arg>
<arg>KZ</arg>
<arg>LA</arg>
<arg>LB</arg>
<arg>LC</arg>
<arg>LI</arg>
<arg>LK</arg>
<arg>LR</arg>
<arg>LS</arg>
<arg>LT</arg>
<arg>LU</arg>
<arg>LV</arg>
<arg>LY</arg>
<arg>MA</arg>
<arg>MC</arg>
<arg>MD</arg>
<arg>ME</arg>
<arg>MF</arg>
<arg>MG</arg>
<arg>MH</arg>
<arg>MK</arg>
<arg>ML</arg>
<arg>MM</arg>
<arg>MN</arg>
<arg>MO</arg>
<arg>MP</arg>
<arg>MQ</arg>
<arg>MR</arg>
<arg>MS</arg>
<arg>MT</arg>
<arg>MU</arg>
<arg>MV</arg>
<arg>MW</arg>
<arg>MX</arg>
<arg>MY</arg>
<arg>MZ</arg>
<arg>NA</arg>
<arg>NC</arg>
<arg>NE</arg>
<arg>NF</arg>
<arg>NG</arg>
<arg>NI</arg>
<arg>NL</arg>
<arg>NO</arg>
<arg>NP</arg>
<arg>NR</arg>
<arg>NU</arg>
<arg>NZ</arg>
<arg>OM</arg>
<arg>PA</arg>
<arg>PE</arg>
<arg>PF</arg>
<arg>PG</arg>
<arg>PH</arg>
<arg>PK</arg>
<arg>PL</arg>
<arg>PM</arg>
<arg>PN</arg>
<arg>PR</arg>
<arg>PS</arg>
<arg>PT</arg>
<arg>PW</arg>
<arg>PY</arg>
<arg>QA</arg>
<arg>RE</arg>
<arg>RO</arg>
<arg>RS</arg>
<arg>RU</arg>
<arg>RW</arg>
<arg>SA</arg>
<arg>SB</arg>
<arg>SC</arg>
<arg>SD</arg>
<arg>SE</arg>
<arg>SG</arg>
<arg>SH</arg>
<arg>SI</arg>
<arg>SJ</arg>
<arg>SK</arg>
<arg>SL</arg>
<arg>SM</arg>
<arg>SN</arg>
<arg>SO</arg>
<arg>SR</arg>
<arg>SS</arg>
<arg>ST</arg>
<arg>SV</arg>
<arg>SX</arg>
<arg>SY</arg>
<arg>SZ</arg>
<arg>TC</arg>
<arg>TD</arg>
<arg>TF</arg>
<arg>TG</arg>
<arg>TH</arg>
<arg>TJ</arg>
<arg>TK</arg>
<arg>TL</arg>
<arg>TM</arg>
<arg>TN</arg>
<arg>TO</arg>
<arg>TR</arg>
<arg>TT</arg>
<arg>TV</arg>
<arg>TW</arg>
<arg>TZ</arg>
<arg>UA</arg>
<arg>UG</arg>
<arg>UM</arg>
<arg>US</arg>
<arg>UY</arg>
<arg>UZ</arg>
<arg>VA</arg>
<arg>VC</arg>
<arg>VE</arg>
<arg>VG</arg>
<arg>VI</arg>
<arg>VN</arg>
<arg>VU</arg>
<arg>WF</arg>
<arg>WS</arg>
<arg>XK</arg>
<arg>YE</arg>
<arg>YT</arg>
<arg>ZA</arg>
<arg>ZM</arg>
<arg>ZW</arg>
<doc>Returns a list containing given items.</doc>
<status status="PASS" start="2024-04-13T05:16:02.318165" elapsed="0.000664"/>
</kw>
<kw name="List Should Contain Value" owner="Collections">
<msg time="2024-04-13T05:16:02.319796" level="INFO">False</msg>
<arg>${list_country}</arg>
<arg>${name_country}</arg>
<doc>Fails if the ``value`` is not found from ``list``.</doc>
<status status="PASS" start="2024-04-13T05:16:02.319593" elapsed="0.000240"/>
</kw>
<kw name="Run Keyword If" owner="BuiltIn">
<kw name="Should Be True" owner="BuiltIn">
<arg>${True}</arg>
<doc>Fails if the given condition is not true.</doc>
<status status="PASS" start="2024-04-13T05:16:02.321078" elapsed="0.000148"/>
</kw>
<arg>${json_data["results"][0]["location"]["coordinates"]["latitude"]} &gt;= -90 and ${json_data["results"][0]["location"]["coordinates"]["latitude"]} &lt;= 90</arg>
<arg>Should Be True</arg>
<arg>${True}</arg>
<doc>Runs the given keyword with the given arguments, if ``condition`` is true.</doc>
<status status="PASS" start="2024-04-13T05:16:02.320184" elapsed="0.001172"/>
</kw>
<kw name="Run Keyword If" owner="BuiltIn">
<kw name="Should Be True" owner="BuiltIn">
<arg>${True}</arg>
<doc>Fails if the given condition is not true.</doc>
<status status="PASS" start="2024-04-13T05:16:02.322249" elapsed="0.000138"/>
</kw>
<arg>${json_data["results"][0]["location"]["coordinates"]["longitude"]} &gt;= -180 and ${json_data["results"][0]["location"]["coordinates"]["longitude"]} &lt;= 180</arg>
<arg>Should Be True</arg>
<arg>${True}</arg>
<doc>Runs the given keyword with the given arguments, if ``condition`` is true.</doc>
<status status="PASS" start="2024-04-13T05:16:02.321543" elapsed="0.000969"/>
</kw>
<status status="PASS" start="2024-04-13T05:16:02.217716" elapsed="0.104927"/>
</kw>
<doc>Testa o conteúdo específico dos campos retornados pela API.</doc>
<tag>testeConteudo</tag>
<status status="PASS" start="2024-04-13T05:16:02.217052" elapsed="0.105739"/>
</test>
<status status="PASS" start="2024-04-13T05:16:01.304219" elapsed="1.020525"/>
</suite>
<status status="PASS" start="2024-04-13T05:16:01.290635" elapsed="1.039458"/>
</suite>
<statistics>
<total>
<stat pass="5" fail="0" skip="0">All Tests</stat>
</total>
<tag>
<stat pass="1" fail="0" skip="0">testeConteudo</stat>
<stat pass="1" fail="0" skip="0">testeEstruturaResposta</stat>
<stat pass="1" fail="0" skip="0">testeRequisicaoBasica</stat>
<stat pass="1" fail="0" skip="0">testeTiposDados</stat>
</tag>
<suite>
<stat pass="5" fail="0" skip="0" id="s1" name="Tests">Tests</stat>
<stat pass="5" fail="0" skip="0" id="s1-s1" name="Random-User-Test">Tests.Random-User-Test</stat>
</suite>
</statistics>
<errors>
</errors>
</robot>
