<?xml version="1.0" encoding="UTF-8"?>
<robot generator="Robot 7.0.1 (Python 3.12.4 on linux)" generated="2024-07-07T17:14:28.198169" rpa="false" schemaversion="5">
<suite id="s1" name="Tests" source="/home/runner/work/ApiRandomUser/ApiRandomUser/RamdonUser/tests">
<suite id="s1-s1" name="Random-User-Test" source="/home/runner/work/ApiRandomUser/ApiRandomUser/RamdonUser/tests/random-user-test.robot">
<test id="s1-s1-t1" name="Conectar" line="13">
<kw name="Conectar API" owner="random-user-service">
<kw name="Create Session" owner="RequestsLibrary">
<msg time="2024-07-07T17:14:28.627377" level="INFO">Creating Session using : alias=consultarAPI, url=https://randomuser.me/, headers={},                     cookies={}, auth=None, timeout=None, proxies=None, verify=False,                     debug=0 </msg>
<arg>consultarAPI</arg>
<arg>${URL}</arg>
<doc>Create Session: create a HTTP session to a server</doc>
<status status="PASS" start="2024-07-07T17:14:28.627172" elapsed="0.000380"/>
</kw>
<status status="PASS" start="2024-07-07T17:14:28.626225" elapsed="0.001716"/>
</kw>
<status status="PASS" start="2024-07-07T17:14:28.625579" elapsed="0.002559"/>
</test>
<test id="s1-s1-t2" name="Validar retorno 200 e JSON Válido" line="16">
<kw name="Teste de Requisicao Basica" owner="random-user-service">
<kw name="GET On Session" owner="RequestsLibrary">
<msg time="2024-07-07T17:14:28.763381" level="INFO">GET Request : url=https://randomuser.me/api 
 path_url=/api 
 headers={'User-Agent': 'python-requests/2.32.3', 'Accept-Encoding': 'gzip, deflate', 'Accept': '*/*', 'Connection': 'keep-alive'} 
 body=None 
 </msg>
<msg time="2024-07-07T17:14:28.763524" level="INFO">GET Response : url=https://randomuser.me/api 
 status=200, reason=OK 
 headers={'Date': 'Sun, 07 Jul 2024 17:14:28 GMT', 'Content-Type': 'application/json; charset=utf-8', 'Transfer-Encoding': 'chunked', 'Connection': 'keep-alive', 'X-Powered-By': 'Express', 'Access-Control-Allow-Origin': '*', 'Cache-Control': 'no-cache', 'ETag': 'W/"484-OZLxxIlRiDEKId0IFLm0DojjFdY"', 'Vary': 'Accept-Encoding', 'Content-Encoding': 'gzip', 'CF-Cache-Status': 'DYNAMIC', 'Report-To': '{"endpoints":[{"url":"https:\\/\\/a.nel.cloudflare.com\\/report\\/v4?s=WiCU3EyC8xJsDuj7ol0OKexkB2Fc2priGVoC1g3QG%2FkjIdwsF4ndCaks2GIVJ%2BeSPL7i6WfGdcYc8b0QmQ%2F0%2FAF6Dwry2VBLWSds0qniUf0K4fsG23tE033eph46h2rJ"}],"group":"cf-nel","max_age":604800}', 'NEL': '{"success_fraction":0,"report_to":"cf-nel","max_age":604800}', 'Server': 'cloudflare', 'CF-RAY': '89f978996e4b2cb3-ORD', 'alt-svc': 'h3=":443"; ma=86400'} 
 body={"results":[{"gender":"male","name":{"title":"Mr","first":"Isaac","last":"Sanz"},"location":{"street":{"number":1193,"name":"Calle de Alberto Aguilera"},"city":"Lugo","state":"Melilla","country":"Spain","postcode":65297,"coordinates":{"latitude":"-34.3755","longitude":"-145.5569"},"timezone":{"offset":"-3:00","description":"Brazil, Buenos Aires, Georgetown"}},"email":"isaac.sanz@example.com","login":{"uuid":"8e5137d9-a91c-42e7-a344-981edbaa14e0","username":"crazyfish635","password":"cole","salt":"QJdXl3Bh","md5":"948b88b64fb4a31c20990973631ad423","sha1":"914bd0acee5d457eddb736fe7c09aac2d84e0703","sha256":"1cb884fab3212c14be29dea5741d14372a11bbb4e5704a1adb34afea44c459fd"},"dob":{"date":"1973-11-19T00:51:41.949Z","age":50},"registered":{"date":"2004-03-15T12:25:45.555Z","age":20},"phone":"987-660-380","cell":"676-678-627","id":{"name":"DNI","value":"05461008-X"},"picture":{"large":"https://randomuser.me/api/portraits/men/91.jpg","medium":"https://randomuser.me/api/portraits/med/men/91.jpg","thumbnail":"https://randomuser.me/api/portraits/thumb/men/91.jpg"},"nat":"ES"}],"info":{"seed":"dd9f31af2e862e78","results":1,"page":1,"version":"1.4"}} 
 </msg>
<msg time="2024-07-07T17:14:28.763629" level="INFO">/opt/hostedtoolcache/Python/3.12.4/x64/lib/python3.12/site-packages/urllib3/connectionpool.py:1099: InsecureRequestWarning: Unverified HTTPS request is being made to host 'randomuser.me'. Adding certificate verification is strongly advised. See: https://urllib3.readthedocs.io/en/latest/advanced-usage.html#tls-warnings
  warnings.warn(</msg>
<msg time="2024-07-07T17:14:28.763768" level="INFO">${response} = &lt;Response [200]&gt;</msg>
<var>${response}</var>
<arg>consultarAPI</arg>
<arg>/api</arg>
<doc>Sends a GET request on a previously created HTTP Session.</doc>
<status status="PASS" start="2024-07-07T17:14:28.630830" elapsed="0.133003"/>
</kw>
<kw name="Should Be Equal As Numbers" owner="BuiltIn">
<msg time="2024-07-07T17:14:28.764713" level="INFO">Argument types are:
&lt;class 'int'&gt;
&lt;class 'str'&gt;</msg>
<arg>${response.status_code}</arg>
<arg>200</arg>
<doc>Fails if objects are unequal after converting them to real numbers.</doc>
<status status="PASS" start="2024-07-07T17:14:28.764284" elapsed="0.000494"/>
</kw>
<kw name="Log" owner="BuiltIn">
<msg time="2024-07-07T17:14:28.765458" level="INFO">200</msg>
<arg>${response.status_code}</arg>
<doc>Logs the given message with the given level.</doc>
<status status="PASS" start="2024-07-07T17:14:28.765100" elapsed="0.000401"/>
</kw>
<kw name="Set Variable" owner="BuiltIn">
<msg time="2024-07-07T17:14:28.766233" level="INFO">${json_data} = {'results': [{'gender': 'male', 'name': {'title': 'Mr', 'first': 'Isaac', 'last': 'Sanz'}, 'location': {'street': {'number': 1193, 'name': 'Calle de Alberto Aguilera'}, 'city': 'Lugo', 'state': 'Melil...</msg>
<var>${json_data}</var>
<arg>${response.json()}</arg>
<doc>Returns the given values which can then be assigned to a variables.</doc>
<status status="PASS" start="2024-07-07T17:14:28.765806" elapsed="0.000456"/>
</kw>
<kw name="Dictionary Should Contain Key" owner="Collections">
<arg>${json_data}</arg>
<arg>results</arg>
<doc>Fails if ``key`` is not found from ``dictionary``.</doc>
<status status="PASS" start="2024-07-07T17:14:28.766561" elapsed="0.000168"/>
</kw>
<status status="PASS" start="2024-07-07T17:14:28.630578" elapsed="0.136296"/>
</kw>
<doc>Testa se a API responde corretamente e retorna um objeto JSON válido.</doc>
<tag>testeRequisicaoBasica</tag>
<status status="PASS" start="2024-07-07T17:14:28.630021" elapsed="0.137018"/>
</test>
<test id="s1-s1-t3" name="Validar estrutura de resposta" line="22">
<kw name="Teste de Estrutura de Resposta" owner="random-user-service">
<kw name="GET On Session" owner="RequestsLibrary">
<msg time="2024-07-07T17:14:28.865644" level="INFO">GET Request : url=https://randomuser.me/api 
 path_url=/api 
 headers={'User-Agent': 'python-requests/2.32.3', 'Accept-Encoding': 'gzip, deflate', 'Accept': '*/*', 'Connection': 'keep-alive'} 
 body=None 
 </msg>
<msg time="2024-07-07T17:14:28.865733" level="INFO">GET Response : url=https://randomuser.me/api 
 status=200, reason=OK 
 headers={'Date': 'Sun, 07 Jul 2024 17:14:28 GMT', 'Content-Type': 'application/json; charset=utf-8', 'Transfer-Encoding': 'chunked', 'Connection': 'keep-alive', 'X-Powered-By': 'Express', 'Access-Control-Allow-Origin': '*', 'Cache-Control': 'no-cache', 'ETag': 'W/"48b-Ya1asalSVAVP/JJqC9a7/BXZV3k"', 'Vary': 'Accept-Encoding', 'Content-Encoding': 'gzip', 'CF-Cache-Status': 'DYNAMIC', 'Report-To': '{"endpoints":[{"url":"https:\\/\\/a.nel.cloudflare.com\\/report\\/v4?s=nhiRGb59pjO64FWOvOmgFpEK08GQi8pEkthdQOaXFUMkqij3z7CW92nHKJ93TK3H4Kyie3Z3X4fMP3Tm75AYwEDOJLMAod%2BWSuEfJU3mFF%2Fcj4SHqBR6qUqbL4a1poE8"}],"group":"cf-nel","max_age":604800}', 'NEL': '{"success_fraction":0,"report_to":"cf-nel","max_age":604800}', 'Server': 'cloudflare', 'CF-RAY': '89f97899debc2cb3-ORD', 'alt-svc': 'h3=":443"; ma=86400'} 
 body={"results":[{"gender":"male","name":{"title":"Mr","first":"Shane","last":"Webb"},"location":{"street":{"number":1013,"name":"Killarney Road"},"city":"Mallow","state":"Wicklow","country":"Ireland","postcode":55427,"coordinates":{"latitude":"-1.1647","longitude":"-76.1468"},"timezone":{"offset":"-4:00","description":"Atlantic Time (Canada), Caracas, La Paz"}},"email":"shane.webb@example.com","login":{"uuid":"ef4159f8-12b3-4e4c-84d9-360231b28b8e","username":"ticklishmeercat316","password":"daniela","salt":"ejQp4pYH","md5":"e1578b08bed1ffef7a3f34985e2b53b6","sha1":"fc6e8170b250799575ce7aba8b9b2c02d7d33578","sha256":"98caccd7a816bba42cb210a7f4161800e33f50e1032c0c1a5d97012f4948f760"},"dob":{"date":"1965-12-31T08:39:17.525Z","age":58},"registered":{"date":"2003-03-08T14:47:19.498Z","age":21},"phone":"021-171-5758","cell":"081-983-2206","id":{"name":"PPS","value":"4194369T"},"picture":{"large":"https://randomuser.me/api/portraits/men/18.jpg","medium":"https://randomuser.me/api/portraits/med/men/18.jpg","thumbnail":"https://randomuser.me/api/portraits/thumb/men/18.jpg"},"nat":"IE"}],"info":{"seed":"312824cc0d6b03b1","results":1,"page":1,"version":"1.4"}} 
 </msg>
<msg time="2024-07-07T17:14:28.865843" level="INFO">/opt/hostedtoolcache/Python/3.12.4/x64/lib/python3.12/site-packages/urllib3/connectionpool.py:1099: InsecureRequestWarning: Unverified HTTPS request is being made to host 'randomuser.me'. Adding certificate verification is strongly advised. See: https://urllib3.readthedocs.io/en/latest/advanced-usage.html#tls-warnings
  warnings.warn(</msg>
<msg time="2024-07-07T17:14:28.865957" level="INFO">${response} = &lt;Response [200]&gt;</msg>
<var>${response}</var>
<arg>consultarAPI</arg>
<arg>/api</arg>
<doc>Sends a GET request on a previously created HTTP Session.</doc>
<status status="PASS" start="2024-07-07T17:14:28.769763" elapsed="0.096239"/>
</kw>
<kw name="Set Variable" owner="BuiltIn">
<msg time="2024-07-07T17:14:28.866814" level="INFO">${json_data} = {'results': [{'gender': 'male', 'name': {'title': 'Mr', 'first': 'Shane', 'last': 'Webb'}, 'location': {'street': {'number': 1013, 'name': 'Killarney Road'}, 'city': 'Mallow', 'state': 'Wicklow', 'cou...</msg>
<var>${json_data}</var>
<arg>${response.json()}</arg>
<doc>Returns the given values which can then be assigned to a variables.</doc>
<status status="PASS" start="2024-07-07T17:14:28.866367" elapsed="0.000475"/>
</kw>
<kw name="Log" owner="BuiltIn">
<msg time="2024-07-07T17:14:28.867299" level="INFO">{'results': [{'gender': 'male', 'name': {'title': 'Mr', 'first': 'Shane', 'last': 'Webb'}, 'location': {'street': {'number': 1013, 'name': 'Killarney Road'}, 'city': 'Mallow', 'state': 'Wicklow', 'country': 'Ireland', 'postcode': 55427, 'coordinates': {'latitude': '-1.1647', 'longitude': '-76.1468'}, 'timezone': {'offset': '-4:00', 'description': 'Atlantic Time (Canada), Caracas, La Paz'}}, 'email': 'shane.webb@example.com', 'login': {'uuid': 'ef4159f8-12b3-4e4c-84d9-360231b28b8e', 'username': 'ticklishmeercat316', 'password': 'daniela', 'salt': 'ejQp4pYH', 'md5': 'e1578b08bed1ffef7a3f34985e2b53b6', 'sha1': 'fc6e8170b250799575ce7aba8b9b2c02d7d33578', 'sha256': '98caccd7a816bba42cb210a7f4161800e33f50e1032c0c1a5d97012f4948f760'}, 'dob': {'date': '1965-12-31T08:39:17.525Z', 'age': 58}, 'registered': {'date': '2003-03-08T14:47:19.498Z', 'age': 21}, 'phone': '021-171-5758', 'cell': '081-983-2206', 'id': {'name': 'PPS', 'value': '4194369T'}, 'picture': {'large': 'https://randomuser.me/api/portraits/men/18.jpg', 'medium': 'https://randomuser.me/api/portraits/med/men/18.jpg', 'thumbnail': 'https://randomuser.me/api/portraits/thumb/men/18.jpg'}, 'nat': 'IE'}], 'info': {'seed': '312824cc0d6b03b1', 'results': 1, 'page': 1, 'version': '1.4'}}</msg>
<arg>${json_data}</arg>
<doc>Logs the given message with the given level.</doc>
<status status="PASS" start="2024-07-07T17:14:28.867146" elapsed="0.000204"/>
</kw>
<kw name="Dictionary Should Contain Key" owner="Collections">
<arg>${json_data}</arg>
<arg>results</arg>
<doc>Fails if ``key`` is not found from ``dictionary``.</doc>
<status status="PASS" start="2024-07-07T17:14:28.867640" elapsed="0.000197"/>
</kw>
<kw name="Should Not Be Empty" owner="BuiltIn">
<msg time="2024-07-07T17:14:28.868172" level="INFO">Length is 2.</msg>
<arg>${json_data}</arg>
<doc>Verifies that the given item is not empty.</doc>
<status status="PASS" start="2024-07-07T17:14:28.868041" elapsed="0.000171"/>
</kw>
<kw name="Create List" owner="BuiltIn">
<msg time="2024-07-07T17:14:28.868788" level="INFO">${expected_keys} = ['gender', 'name', 'location', 'email', 'login']</msg>
<var>${expected_keys}</var>
<arg>gender</arg>
<arg>name</arg>
<arg>location</arg>
<arg>email</arg>
<arg>login</arg>
<doc>Returns a list containing given items.</doc>
<status status="PASS" start="2024-07-07T17:14:28.868508" elapsed="0.000305"/>
</kw>
<for flavor="IN">
<iter>
<kw name="Dictionary Should Contain Key" owner="Collections">
<arg>${json_data['results'][0]}</arg>
<arg>${key}</arg>
<doc>Fails if ``key`` is not found from ``dictionary``.</doc>
<status status="PASS" start="2024-07-07T17:14:28.869378" elapsed="0.000402"/>
</kw>
<kw name="Log" owner="BuiltIn">
<msg time="2024-07-07T17:14:28.870323" level="INFO">{'gender': 'male', 'name': {'title': 'Mr', 'first': 'Shane', 'last': 'Webb'}, 'location': {'street': {'number': 1013, 'name': 'Killarney Road'}, 'city': 'Mallow', 'state': 'Wicklow', 'country': 'Ireland', 'postcode': 55427, 'coordinates': {'latitude': '-1.1647', 'longitude': '-76.1468'}, 'timezone': {'offset': '-4:00', 'description': 'Atlantic Time (Canada), Caracas, La Paz'}}, 'email': 'shane.webb@example.com', 'login': {'uuid': 'ef4159f8-12b3-4e4c-84d9-360231b28b8e', 'username': 'ticklishmeercat316', 'password': 'daniela', 'salt': 'ejQp4pYH', 'md5': 'e1578b08bed1ffef7a3f34985e2b53b6', 'sha1': 'fc6e8170b250799575ce7aba8b9b2c02d7d33578', 'sha256': '98caccd7a816bba42cb210a7f4161800e33f50e1032c0c1a5d97012f4948f760'}, 'dob': {'date': '1965-12-31T08:39:17.525Z', 'age': 58}, 'registered': {'date': '2003-03-08T14:47:19.498Z', 'age': 21}, 'phone': '021-171-5758', 'cell': '081-983-2206', 'id': {'name': 'PPS', 'value': '4194369T'}, 'picture': {'large': 'https://randomuser.me/api/portraits/men/18.jpg', 'medium': 'https://randomuser.me/api/portraits/med/men/18.jpg', 'thumbnail': 'https://randomuser.me/api/portraits/thumb/men/18.jpg'}, 'nat': 'IE'}</msg>
<arg>${json_data['results'][0]}</arg>
<doc>Logs the given message with the given level.</doc>
<status status="PASS" start="2024-07-07T17:14:28.869966" elapsed="0.000407"/>
</kw>
<kw name="Log" owner="BuiltIn">
<msg time="2024-07-07T17:14:28.870793" level="INFO">gender</msg>
<arg>${key}</arg>
<doc>Logs the given message with the given level.</doc>
<status status="PASS" start="2024-07-07T17:14:28.870665" elapsed="0.000168"/>
</kw>
<var name="${key}">gender</var>
<status status="PASS" start="2024-07-07T17:14:28.869258" elapsed="0.001789"/>
</iter>
<iter>
<kw name="Dictionary Should Contain Key" owner="Collections">
<arg>${json_data['results'][0]}</arg>
<arg>${key}</arg>
<doc>Fails if ``key`` is not found from ``dictionary``.</doc>
<status status="PASS" start="2024-07-07T17:14:28.871347" elapsed="0.000388"/>
</kw>
<kw name="Log" owner="BuiltIn">
<msg time="2024-07-07T17:14:28.872311" level="INFO">{'gender': 'male', 'name': {'title': 'Mr', 'first': 'Shane', 'last': 'Webb'}, 'location': {'street': {'number': 1013, 'name': 'Killarney Road'}, 'city': 'Mallow', 'state': 'Wicklow', 'country': 'Ireland', 'postcode': 55427, 'coordinates': {'latitude': '-1.1647', 'longitude': '-76.1468'}, 'timezone': {'offset': '-4:00', 'description': 'Atlantic Time (Canada), Caracas, La Paz'}}, 'email': 'shane.webb@example.com', 'login': {'uuid': 'ef4159f8-12b3-4e4c-84d9-360231b28b8e', 'username': 'ticklishmeercat316', 'password': 'daniela', 'salt': 'ejQp4pYH', 'md5': 'e1578b08bed1ffef7a3f34985e2b53b6', 'sha1': 'fc6e8170b250799575ce7aba8b9b2c02d7d33578', 'sha256': '98caccd7a816bba42cb210a7f4161800e33f50e1032c0c1a5d97012f4948f760'}, 'dob': {'date': '1965-12-31T08:39:17.525Z', 'age': 58}, 'registered': {'date': '2003-03-08T14:47:19.498Z', 'age': 21}, 'phone': '021-171-5758', 'cell': '081-983-2206', 'id': {'name': 'PPS', 'value': '4194369T'}, 'picture': {'large': 'https://randomuser.me/api/portraits/men/18.jpg', 'medium': 'https://randomuser.me/api/portraits/med/men/18.jpg', 'thumbnail': 'https://randomuser.me/api/portraits/thumb/men/18.jpg'}, 'nat': 'IE'}</msg>
<arg>${json_data['results'][0]}</arg>
<doc>Logs the given message with the given level.</doc>
<status status="PASS" start="2024-07-07T17:14:28.871955" elapsed="0.000436"/>
</kw>
<kw name="Log" owner="BuiltIn">
<msg time="2024-07-07T17:14:28.872821" level="INFO">name</msg>
<arg>${key}</arg>
<doc>Logs the given message with the given level.</doc>
<status status="PASS" start="2024-07-07T17:14:28.872692" elapsed="0.000166"/>
</kw>
<var name="${key}">name</var>
<status status="PASS" start="2024-07-07T17:14:28.871231" elapsed="0.001851"/>
</iter>
<iter>
<kw name="Dictionary Should Contain Key" owner="Collections">
<arg>${json_data['results'][0]}</arg>
<arg>${key}</arg>
<doc>Fails if ``key`` is not found from ``dictionary``.</doc>
<status status="PASS" start="2024-07-07T17:14:28.873365" elapsed="0.000378"/>
</kw>
<kw name="Log" owner="BuiltIn">
<msg time="2024-07-07T17:14:28.874272" level="INFO">{'gender': 'male', 'name': {'title': 'Mr', 'first': 'Shane', 'last': 'Webb'}, 'location': {'street': {'number': 1013, 'name': 'Killarney Road'}, 'city': 'Mallow', 'state': 'Wicklow', 'country': 'Ireland', 'postcode': 55427, 'coordinates': {'latitude': '-1.1647', 'longitude': '-76.1468'}, 'timezone': {'offset': '-4:00', 'description': 'Atlantic Time (Canada), Caracas, La Paz'}}, 'email': 'shane.webb@example.com', 'login': {'uuid': 'ef4159f8-12b3-4e4c-84d9-360231b28b8e', 'username': 'ticklishmeercat316', 'password': 'daniela', 'salt': 'ejQp4pYH', 'md5': 'e1578b08bed1ffef7a3f34985e2b53b6', 'sha1': 'fc6e8170b250799575ce7aba8b9b2c02d7d33578', 'sha256': '98caccd7a816bba42cb210a7f4161800e33f50e1032c0c1a5d97012f4948f760'}, 'dob': {'date': '1965-12-31T08:39:17.525Z', 'age': 58}, 'registered': {'date': '2003-03-08T14:47:19.498Z', 'age': 21}, 'phone': '021-171-5758', 'cell': '081-983-2206', 'id': {'name': 'PPS', 'value': '4194369T'}, 'picture': {'large': 'https://randomuser.me/api/portraits/men/18.jpg', 'medium': 'https://randomuser.me/api/portraits/med/men/18.jpg', 'thumbnail': 'https://randomuser.me/api/portraits/thumb/men/18.jpg'}, 'nat': 'IE'}</msg>
<arg>${json_data['results'][0]}</arg>
<doc>Logs the given message with the given level.</doc>
<status status="PASS" start="2024-07-07T17:14:28.873924" elapsed="0.000397"/>
</kw>
<kw name="Log" owner="BuiltIn">
<msg time="2024-07-07T17:14:28.874742" level="INFO">location</msg>
<arg>${key}</arg>
<doc>Logs the given message with the given level.</doc>
<status status="PASS" start="2024-07-07T17:14:28.874615" elapsed="0.000165"/>
</kw>
<var name="${key}">location</var>
<status status="PASS" start="2024-07-07T17:14:28.873258" elapsed="0.001734"/>
</iter>
<iter>
<kw name="Dictionary Should Contain Key" owner="Collections">
<arg>${json_data['results'][0]}</arg>
<arg>${key}</arg>
<doc>Fails if ``key`` is not found from ``dictionary``.</doc>
<status status="PASS" start="2024-07-07T17:14:28.875267" elapsed="0.000388"/>
</kw>
<kw name="Log" owner="BuiltIn">
<msg time="2024-07-07T17:14:28.876214" level="INFO">{'gender': 'male', 'name': {'title': 'Mr', 'first': 'Shane', 'last': 'Webb'}, 'location': {'street': {'number': 1013, 'name': 'Killarney Road'}, 'city': 'Mallow', 'state': 'Wicklow', 'country': 'Ireland', 'postcode': 55427, 'coordinates': {'latitude': '-1.1647', 'longitude': '-76.1468'}, 'timezone': {'offset': '-4:00', 'description': 'Atlantic Time (Canada), Caracas, La Paz'}}, 'email': 'shane.webb@example.com', 'login': {'uuid': 'ef4159f8-12b3-4e4c-84d9-360231b28b8e', 'username': 'ticklishmeercat316', 'password': 'daniela', 'salt': 'ejQp4pYH', 'md5': 'e1578b08bed1ffef7a3f34985e2b53b6', 'sha1': 'fc6e8170b250799575ce7aba8b9b2c02d7d33578', 'sha256': '98caccd7a816bba42cb210a7f4161800e33f50e1032c0c1a5d97012f4948f760'}, 'dob': {'date': '1965-12-31T08:39:17.525Z', 'age': 58}, 'registered': {'date': '2003-03-08T14:47:19.498Z', 'age': 21}, 'phone': '021-171-5758', 'cell': '081-983-2206', 'id': {'name': 'PPS', 'value': '4194369T'}, 'picture': {'large': 'https://randomuser.me/api/portraits/men/18.jpg', 'medium': 'https://randomuser.me/api/portraits/med/men/18.jpg', 'thumbnail': 'https://randomuser.me/api/portraits/thumb/men/18.jpg'}, 'nat': 'IE'}</msg>
<arg>${json_data['results'][0]}</arg>
<doc>Logs the given message with the given level.</doc>
<status status="PASS" start="2024-07-07T17:14:28.875856" elapsed="0.000407"/>
</kw>
<kw name="Log" owner="BuiltIn">
<msg time="2024-07-07T17:14:28.876680" level="INFO">email</msg>
<arg>${key}</arg>
<doc>Logs the given message with the given level.</doc>
<status status="PASS" start="2024-07-07T17:14:28.876554" elapsed="0.000164"/>
</kw>
<var name="${key}">email</var>
<status status="PASS" start="2024-07-07T17:14:28.875161" elapsed="0.001776"/>
</iter>
<iter>
<kw name="Dictionary Should Contain Key" owner="Collections">
<arg>${json_data['results'][0]}</arg>
<arg>${key}</arg>
<doc>Fails if ``key`` is not found from ``dictionary``.</doc>
<status status="PASS" start="2024-07-07T17:14:28.877221" elapsed="0.000397"/>
</kw>
<kw name="Log" owner="BuiltIn">
<msg time="2024-07-07T17:14:28.878154" level="INFO">{'gender': 'male', 'name': {'title': 'Mr', 'first': 'Shane', 'last': 'Webb'}, 'location': {'street': {'number': 1013, 'name': 'Killarney Road'}, 'city': 'Mallow', 'state': 'Wicklow', 'country': 'Ireland', 'postcode': 55427, 'coordinates': {'latitude': '-1.1647', 'longitude': '-76.1468'}, 'timezone': {'offset': '-4:00', 'description': 'Atlantic Time (Canada), Caracas, La Paz'}}, 'email': 'shane.webb@example.com', 'login': {'uuid': 'ef4159f8-12b3-4e4c-84d9-360231b28b8e', 'username': 'ticklishmeercat316', 'password': 'daniela', 'salt': 'ejQp4pYH', 'md5': 'e1578b08bed1ffef7a3f34985e2b53b6', 'sha1': 'fc6e8170b250799575ce7aba8b9b2c02d7d33578', 'sha256': '98caccd7a816bba42cb210a7f4161800e33f50e1032c0c1a5d97012f4948f760'}, 'dob': {'date': '1965-12-31T08:39:17.525Z', 'age': 58}, 'registered': {'date': '2003-03-08T14:47:19.498Z', 'age': 21}, 'phone': '021-171-5758', 'cell': '081-983-2206', 'id': {'name': 'PPS', 'value': '4194369T'}, 'picture': {'large': 'https://randomuser.me/api/portraits/men/18.jpg', 'medium': 'https://randomuser.me/api/portraits/med/men/18.jpg', 'thumbnail': 'https://randomuser.me/api/portraits/thumb/men/18.jpg'}, 'nat': 'IE'}</msg>
<arg>${json_data['results'][0]}</arg>
<doc>Logs the given message with the given level.</doc>
<status status="PASS" start="2024-07-07T17:14:28.877800" elapsed="0.000402"/>
</kw>
<kw name="Log" owner="BuiltIn">
<msg time="2024-07-07T17:14:28.878624" level="INFO">login</msg>
<arg>${key}</arg>
<doc>Logs the given message with the given level.</doc>
<status status="PASS" start="2024-07-07T17:14:28.878497" elapsed="0.000164"/>
</kw>
<var name="${key}">login</var>
<status status="PASS" start="2024-07-07T17:14:28.877109" elapsed="0.001768"/>
</iter>
<var>${key}</var>
<value>@{expected_keys}</value>
<status status="PASS" start="2024-07-07T17:14:28.869073" elapsed="0.009926"/>
</for>
<kw name="Create List" owner="BuiltIn">
<msg time="2024-07-07T17:14:28.879327" level="INFO">${expected_keysTwo} = ['username', 'password']</msg>
<var>${expected_keysTwo}</var>
<arg>username</arg>
<arg>password</arg>
<doc>Returns a list containing given items.</doc>
<status status="PASS" start="2024-07-07T17:14:28.879187" elapsed="0.000164"/>
</kw>
<for flavor="IN">
<iter>
<kw name="Dictionary Should Contain Key" owner="Collections">
<arg>${json_data['results'][0]['login']}</arg>
<arg>${keyTwo}</arg>
<doc>Fails if ``key`` is not found from ``dictionary``.</doc>
<status status="PASS" start="2024-07-07T17:14:28.879906" elapsed="0.000383"/>
</kw>
<kw name="Dictionary Should Contain Key" owner="Collections">
<arg>${json_data['results'][0]['login']}</arg>
<arg>${keyTwo}</arg>
<doc>Fails if ``key`` is not found from ``dictionary``.</doc>
<status status="PASS" start="2024-07-07T17:14:28.880468" elapsed="0.000371"/>
</kw>
<kw name="Log" owner="BuiltIn">
<msg time="2024-07-07T17:14:28.881141" level="INFO">username</msg>
<arg>${keyTwo}</arg>
<doc>Logs the given message with the given level.</doc>
<status status="PASS" start="2024-07-07T17:14:28.881021" elapsed="0.000157"/>
</kw>
<var name="${keyTwo}">username</var>
<status status="PASS" start="2024-07-07T17:14:28.879764" elapsed="0.001635"/>
</iter>
<iter>
<kw name="Dictionary Should Contain Key" owner="Collections">
<arg>${json_data['results'][0]['login']}</arg>
<arg>${keyTwo}</arg>
<doc>Fails if ``key`` is not found from ``dictionary``.</doc>
<status status="PASS" start="2024-07-07T17:14:28.881675" elapsed="0.000384"/>
</kw>
<kw name="Dictionary Should Contain Key" owner="Collections">
<arg>${json_data['results'][0]['login']}</arg>
<arg>${keyTwo}</arg>
<doc>Fails if ``key`` is not found from ``dictionary``.</doc>
<status status="PASS" start="2024-07-07T17:14:28.882238" elapsed="0.000364"/>
</kw>
<kw name="Log" owner="BuiltIn">
<msg time="2024-07-07T17:14:28.882896" level="INFO">password</msg>
<arg>${keyTwo}</arg>
<doc>Logs the given message with the given level.</doc>
<status status="PASS" start="2024-07-07T17:14:28.882779" elapsed="0.000159"/>
</kw>
<var name="${keyTwo}">password</var>
<status status="PASS" start="2024-07-07T17:14:28.881569" elapsed="0.001681"/>
</iter>
<var>${keyTwo}</var>
<value>@{expected_keysTwo}</value>
<status status="PASS" start="2024-07-07T17:14:28.879610" elapsed="0.003761"/>
</for>
<status status="PASS" start="2024-07-07T17:14:28.769524" elapsed="0.113983"/>
</kw>
<doc>Testa a estrutura da resposta da API.</doc>
<tag>testeEstruturaResposta</tag>
<status status="PASS" start="2024-07-07T17:14:28.768933" elapsed="0.114719"/>
</test>
<test id="s1-s1-t4" name="Validar tipos de dados" line="28">
<kw name="Teste de Tipos de Dados" owner="random-user-service">
<kw name="GET On Session" owner="RequestsLibrary">
<msg time="2024-07-07T17:14:28.971119" level="INFO">GET Request : url=https://randomuser.me/api 
 path_url=/api 
 headers={'User-Agent': 'python-requests/2.32.3', 'Accept-Encoding': 'gzip, deflate', 'Accept': '*/*', 'Connection': 'keep-alive'} 
 body=None 
 </msg>
<msg time="2024-07-07T17:14:28.971181" level="INFO">GET Response : url=https://randomuser.me/api 
 status=200, reason=OK 
 headers={'Date': 'Sun, 07 Jul 2024 17:14:28 GMT', 'Content-Type': 'application/json; charset=utf-8', 'Transfer-Encoding': 'chunked', 'Connection': 'keep-alive', 'X-Powered-By': 'Express', 'Access-Control-Allow-Origin': '*', 'Cache-Control': 'no-cache', 'ETag': 'W/"4aa-ilrK/SB8duIR4ER4FoOseYJrwmU"', 'Vary': 'Accept-Encoding', 'Content-Encoding': 'gzip', 'CF-Cache-Status': 'DYNAMIC', 'Report-To': '{"endpoints":[{"url":"https:\\/\\/a.nel.cloudflare.com\\/report\\/v4?s=dGMKIUe%2BRhcMYKsQ9M36MXoHXnenfhICYdWyQ3X1vE9KZ%2FkK6cRNwuCnhXLu5bct8F56obYlHtrpwaAI46ifedVr4GmSuci4qLQ7Vx9Va%2FoaqmQ8YLhmW4XHU9wlT%2Fua"}],"group":"cf-nel","max_age":604800}', 'NEL': '{"success_fraction":0,"report_to":"cf-nel","max_age":604800}', 'Server': 'cloudflare', 'CF-RAY': '89f9789a8f802cb3-ORD', 'alt-svc': 'h3=":443"; ma=86400'} 
 body={"results":[{"gender":"male","name":{"title":"Mr","first":"Enrique","last":"Cedillo"},"location":{"street":{"number":8035,"name":"Prolongación Puebla"},"city":"Entabladero","state":"Quintana Roo","country":"Mexico","postcode":84270,"coordinates":{"latitude":"23.3580","longitude":"-60.7581"},"timezone":{"offset":"+9:00","description":"Tokyo, Seoul, Osaka, Sapporo, Yakutsk"}},"email":"enrique.cedillo@example.com","login":{"uuid":"43ece4bd-eb67-43e8-bb46-ac396cbfe7d3","username":"crazygorilla665","password":"pictere","salt":"6TACm3FE","md5":"cf611cfc0b1c3c3cf76bd71c47e75229","sha1":"bd05c442309fc61f09ea6b58bf3c5bdbfc52b8a8","sha256":"0c0f5387de46a1dd200bc537087a3aa6b1731004047426f517803596b597cebb"},"dob":{"date":"1990-09-10T09:57:10.711Z","age":33},"registered":{"date":"2006-04-19T23:47:50.973Z","age":18},"phone":"(647) 699 4824","cell":"(639) 579 5117","id":{"name":"NSS","value":"47 80 90 7996 9"},"picture":{"large":"https://randomuser.me/api/portraits/men/58.jpg","medium":"https://randomuser.me/api/portraits/med/men/58.jpg","thumbnail":"https://randomuser.me/api/portraits/thumb/men/58.jpg"},"nat":"MX"}],"info":{"seed":"c47206a1f904410d","results":1,"page":1,"version":"1.4"}} 
 </msg>
<msg time="2024-07-07T17:14:28.971240" level="INFO">/opt/hostedtoolcache/Python/3.12.4/x64/lib/python3.12/site-packages/urllib3/connectionpool.py:1099: InsecureRequestWarning: Unverified HTTPS request is being made to host 'randomuser.me'. Adding certificate verification is strongly advised. See: https://urllib3.readthedocs.io/en/latest/advanced-usage.html#tls-warnings
  warnings.warn(</msg>
<msg time="2024-07-07T17:14:28.971344" level="INFO">${response} = &lt;Response [200]&gt;</msg>
<var>${response}</var>
<arg>consultarAPI</arg>
<arg>/api</arg>
<doc>Sends a GET request on a previously created HTTP Session.</doc>
<status status="PASS" start="2024-07-07T17:14:28.886056" elapsed="0.085331"/>
</kw>
<kw name="Set Variable" owner="BuiltIn">
<msg time="2024-07-07T17:14:28.972250" level="INFO">${json_data} = {'results': [{'gender': 'male', 'name': {'title': 'Mr', 'first': 'Enrique', 'last': 'Cedillo'}, 'location': {'street': {'number': 8035, 'name': 'Prolongación Puebla'}, 'city': 'Entabladero', 'state': ...</msg>
<var>${json_data}</var>
<arg>${response.json()}</arg>
<doc>Returns the given values which can then be assigned to a variables.</doc>
<status status="PASS" start="2024-07-07T17:14:28.971767" elapsed="0.000512"/>
</kw>
<kw name="Log" owner="BuiltIn">
<msg time="2024-07-07T17:14:28.972747" level="INFO">{'results': [{'gender': 'male', 'name': {'title': 'Mr', 'first': 'Enrique', 'last': 'Cedillo'}, 'location': {'street': {'number': 8035, 'name': 'Prolongación Puebla'}, 'city': 'Entabladero', 'state': 'Quintana Roo', 'country': 'Mexico', 'postcode': 84270, 'coordinates': {'latitude': '23.3580', 'longitude': '-60.7581'}, 'timezone': {'offset': '+9:00', 'description': 'Tokyo, Seoul, Osaka, Sapporo, Yakutsk'}}, 'email': 'enrique.cedillo@example.com', 'login': {'uuid': '43ece4bd-eb67-43e8-bb46-ac396cbfe7d3', 'username': 'crazygorilla665', 'password': 'pictere', 'salt': '6TACm3FE', 'md5': 'cf611cfc0b1c3c3cf76bd71c47e75229', 'sha1': 'bd05c442309fc61f09ea6b58bf3c5bdbfc52b8a8', 'sha256': '0c0f5387de46a1dd200bc537087a3aa6b1731004047426f517803596b597cebb'}, 'dob': {'date': '1990-09-10T09:57:10.711Z', 'age': 33}, 'registered': {'date': '2006-04-19T23:47:50.973Z', 'age': 18}, 'phone': '(647) 699 4824', 'cell': '(639) 579 5117', 'id': {'name': 'NSS', 'value': '47 80 90 7996 9'}, 'picture': {'large': 'https://randomuser.me/api/portraits/men/58.jpg', 'medium': 'https://randomuser.me/api/portraits/med/men/58.jpg', 'thumbnail': 'https://randomuser.me/api/portraits/thumb/men/58.jpg'}, 'nat': 'MX'}], 'info': {'seed': 'c47206a1f904410d', 'results': 1, 'page': 1, 'version': '1.4'}}</msg>
<arg>${json_data}</arg>
<doc>Logs the given message with the given level.</doc>
<status status="PASS" start="2024-07-07T17:14:28.972585" elapsed="0.000222"/>
</kw>
<kw name="Should Be String" owner="String">
<arg>${json_data['results'][0]['gender']}</arg>
<doc>Fails if the given ``item`` is not a string.</doc>
<status status="PASS" start="2024-07-07T17:14:28.973096" elapsed="0.000353"/>
</kw>
<kw name="Should Match Regexp" owner="BuiltIn">
<arg>${json_data['results'][0]['email']}</arg>
<arg>^[a-zA-Z0-9._%+-]+@[a-zA-Z0-9.-]+\.[a-zA-Z]{2,}$</arg>
<doc>Fails if ``string`` does not match ``pattern`` as a regular expression.</doc>
<status status="PASS" start="2024-07-07T17:14:28.973636" elapsed="0.000504"/>
</kw>
<kw name="Should Match Regexp" owner="BuiltIn">
<arg>${json_data['results'][0]['dob']['date']}</arg>
<arg>\\d{4}-\\d{2}-\\d{2}T\\d{2}:\\d{2}:\\d{2}\\.\\d{3}Z</arg>
<doc>Fails if ``string`` does not match ``pattern`` as a regular expression.</doc>
<status status="PASS" start="2024-07-07T17:14:28.974365" elapsed="0.000492"/>
</kw>
<kw name="Should Match Regexp" owner="BuiltIn">
<arg>${json_data['results'][0]['registered']['date']}</arg>
<arg>\\d{4}-\\d{2}-\\d{2}T\\d{2}:\\d{2}:\\d{2}\\.\\d{3}Z</arg>
<doc>Fails if ``string`` does not match ``pattern`` as a regular expression.</doc>
<status status="PASS" start="2024-07-07T17:14:28.975045" elapsed="0.000362"/>
</kw>
<kw name="Should Match Regexp" owner="BuiltIn">
<arg>${json_data['results'][0]['picture']['large']}</arg>
<arg>^https?://.*\.(?:png|jpe?g|gif|bmp)$</arg>
<doc>Fails if ``string`` does not match ``pattern`` as a regular expression.</doc>
<status status="PASS" start="2024-07-07T17:14:28.975649" elapsed="0.000545"/>
</kw>
<kw name="Should Match Regexp" owner="BuiltIn">
<arg>${json_data['results'][0]['picture']['medium']}</arg>
<arg>^https?://.*\.(?:png|jpe?g|gif|bmp)$</arg>
<doc>Fails if ``string`` does not match ``pattern`` as a regular expression.</doc>
<status status="PASS" start="2024-07-07T17:14:28.976383" elapsed="0.000354"/>
</kw>
<kw name="Should Match Regexp" owner="BuiltIn">
<arg>${json_data['results'][0]['picture']['thumbnail']}</arg>
<arg>^https?://.*\.(?:png|jpe?g|gif|bmp)$</arg>
<doc>Fails if ``string`` does not match ``pattern`` as a regular expression.</doc>
<status status="PASS" start="2024-07-07T17:14:28.976925" elapsed="0.000356"/>
</kw>
<kw name="Log" owner="BuiltIn">
<msg time="2024-07-07T17:14:28.977782" level="INFO">{'large': 'https://randomuser.me/api/portraits/men/58.jpg', 'medium': 'https://randomuser.me/api/portraits/med/men/58.jpg', 'thumbnail': 'https://randomuser.me/api/portraits/thumb/men/58.jpg'}</msg>
<arg>${json_data['results'][0]['picture']}</arg>
<doc>Logs the given message with the given level.</doc>
<status status="PASS" start="2024-07-07T17:14:28.977460" elapsed="0.000364"/>
</kw>
<status status="PASS" start="2024-07-07T17:14:28.885841" elapsed="0.092234"/>
</kw>
<kw name="Teste de Tipos de Dados - Postcode" owner="random-user-service">
<kw name="GET On Session" owner="RequestsLibrary">
<msg time="2024-07-07T17:14:29.066464" level="INFO">GET Request : url=https://randomuser.me/api 
 path_url=/api 
 headers={'User-Agent': 'python-requests/2.32.3', 'Accept-Encoding': 'gzip, deflate', 'Accept': '*/*', 'Connection': 'keep-alive'} 
 body=None 
 </msg>
<msg time="2024-07-07T17:14:29.066548" level="INFO">GET Response : url=https://randomuser.me/api 
 status=200, reason=OK 
 headers={'Date': 'Sun, 07 Jul 2024 17:14:29 GMT', 'Content-Type': 'application/json; charset=utf-8', 'Transfer-Encoding': 'chunked', 'Connection': 'keep-alive', 'X-Powered-By': 'Express', 'Access-Control-Allow-Origin': '*', 'Cache-Control': 'no-cache', 'ETag': 'W/"485-Srv4beCThwYmCKqISjVh3QyJSMU"', 'Vary': 'Accept-Encoding', 'Content-Encoding': 'gzip', 'CF-Cache-Status': 'DYNAMIC', 'Report-To': '{"endpoints":[{"url":"https:\\/\\/a.nel.cloudflare.com\\/report\\/v4?s=UsisOkJ8dQzYOHuFCFtzX9Dsl5EGbWcmS081c3GhWTk4Q3TQUJyi39NjzOSRNF8E65LForFIitWkSN05F14FfzkZB2fz6uesc5dygZ%2Bk1wp6F3VHyIl8petyP6hufuEq"}],"group":"cf-nel","max_age":604800}', 'NEL': '{"success_fraction":0,"report_to":"cf-nel","max_age":604800}', 'Server': 'cloudflare', 'CF-RAY': '89f9789b281c2cb3-ORD', 'alt-svc': 'h3=":443"; ma=86400'} 
 body={"results":[{"gender":"female","name":{"title":"Ms","first":"Thaïs","last":"Masson"},"location":{"street":{"number":5284,"name":"Rue Cyrus-Hugues"},"city":"Metz","state":"Ardennes","country":"France","postcode":38807,"coordinates":{"latitude":"-18.0253","longitude":"149.3272"},"timezone":{"offset":"-3:30","description":"Newfoundland"}},"email":"thais.masson@example.com","login":{"uuid":"faf58770-5e6d-4fd1-a108-53cbc00fb82c","username":"orangefrog277","password":"456654","salt":"4x181e7e","md5":"1467eb23cc1781677e0b83fcad64988e","sha1":"5928fdc9dcf0a25eda2c5083b2673c3fe4d3c342","sha256":"c29d45d4080378442fb275c0c207a9898a51efbaadfe4df5cd331cb77eadd564"},"dob":{"date":"1988-10-22T09:13:37.625Z","age":35},"registered":{"date":"2016-04-01T12:02:11.231Z","age":8},"phone":"01-09-75-17-39","cell":"06-35-43-75-26","id":{"name":"INSEE","value":"2880910798591 31"},"picture":{"large":"https://randomuser.me/api/portraits/women/75.jpg","medium":"https://randomuser.me/api/portraits/med/women/75.jpg","thumbnail":"https://randomuser.me/api/portraits/thumb/women/75.jpg"},"nat":"FR"}],"info":{"seed":"05df468451ce0de9","results":1,"page":1,"version":"1.4"}} 
 </msg>
<msg time="2024-07-07T17:14:29.066628" level="INFO">/opt/hostedtoolcache/Python/3.12.4/x64/lib/python3.12/site-packages/urllib3/connectionpool.py:1099: InsecureRequestWarning: Unverified HTTPS request is being made to host 'randomuser.me'. Adding certificate verification is strongly advised. See: https://urllib3.readthedocs.io/en/latest/advanced-usage.html#tls-warnings
  warnings.warn(</msg>
<msg time="2024-07-07T17:14:29.066733" level="INFO">${response} = &lt;Response [200]&gt;</msg>
<var>${response}</var>
<arg>consultarAPI</arg>
<arg>/api</arg>
<doc>Sends a GET request on a previously created HTTP Session.</doc>
<status status="PASS" start="2024-07-07T17:14:28.978499" elapsed="0.088284"/>
</kw>
<kw name="Set Variable" owner="BuiltIn">
<msg time="2024-07-07T17:14:29.068294" level="INFO">${json_data} = {'results': [{'gender': 'female', 'name': {'title': 'Ms', 'first': 'Thaïs', 'last': 'Masson'}, 'location': {'street': {'number': 5284, 'name': 'Rue Cyrus-Hugues'}, 'city': 'Metz', 'state': 'Ardennes',...</msg>
<var>${json_data}</var>
<arg>${response.json()}</arg>
<doc>Returns the given values which can then be assigned to a variables.</doc>
<status status="PASS" start="2024-07-07T17:14:29.067420" elapsed="0.000907"/>
</kw>
<kw name="Log" owner="BuiltIn">
<msg time="2024-07-07T17:14:29.068793" level="INFO">{'results': [{'gender': 'female', 'name': {'title': 'Ms', 'first': 'Thaïs', 'last': 'Masson'}, 'location': {'street': {'number': 5284, 'name': 'Rue Cyrus-Hugues'}, 'city': 'Metz', 'state': 'Ardennes', 'country': 'France', 'postcode': 38807, 'coordinates': {'latitude': '-18.0253', 'longitude': '149.3272'}, 'timezone': {'offset': '-3:30', 'description': 'Newfoundland'}}, 'email': 'thais.masson@example.com', 'login': {'uuid': 'faf58770-5e6d-4fd1-a108-53cbc00fb82c', 'username': 'orangefrog277', 'password': '456654', 'salt': '4x181e7e', 'md5': '1467eb23cc1781677e0b83fcad64988e', 'sha1': '5928fdc9dcf0a25eda2c5083b2673c3fe4d3c342', 'sha256': 'c29d45d4080378442fb275c0c207a9898a51efbaadfe4df5cd331cb77eadd564'}, 'dob': {'date': '1988-10-22T09:13:37.625Z', 'age': 35}, 'registered': {'date': '2016-04-01T12:02:11.231Z', 'age': 8}, 'phone': '01-09-75-17-39', 'cell': '06-35-43-75-26', 'id': {'name': 'INSEE', 'value': '2880910798591 31'}, 'picture': {'large': 'https://randomuser.me/api/portraits/women/75.jpg', 'medium': 'https://randomuser.me/api/portraits/med/women/75.jpg', 'thumbnail': 'https://randomuser.me/api/portraits/thumb/women/75.jpg'}, 'nat': 'FR'}], 'info': {'seed': '05df468451ce0de9', 'results': 1, 'page': 1, 'version': '1.4'}}</msg>
<arg>${json_data}</arg>
<doc>Logs the given message with the given level.</doc>
<status status="PASS" start="2024-07-07T17:14:29.068636" elapsed="0.000207"/>
</kw>
<kw name="Should Be Equal As Numbers" owner="BuiltIn">
<arg>${json_data['results'][0]['location']['postcode']}</arg>
<arg>${json_data['results'][0]['location']['postcode']}</arg>
<doc>Fails if objects are unequal after converting them to real numbers.</doc>
<status status="PASS" start="2024-07-07T17:14:29.069135" elapsed="0.000619"/>
</kw>
<kw name="Log" owner="BuiltIn">
<msg time="2024-07-07T17:14:29.070401" level="INFO">38807</msg>
<arg>${json_data['results'][0]['location']['postcode']}</arg>
<doc>Logs the given message with the given level.</doc>
<status status="PASS" start="2024-07-07T17:14:29.069947" elapsed="0.000497"/>
</kw>
<status status="PASS" start="2024-07-07T17:14:28.978286" elapsed="0.092436"/>
</kw>
<doc>Testa se os tipos de dados na resposta da API estão corretos.</doc>
<tag>testeTiposDados</tag>
<status status="PASS" start="2024-07-07T17:14:28.885408" elapsed="0.185467"/>
</test>
<test id="s1-s1-t5" name="Validar conteudo" line="35">
<kw name="Teste de Tipos de Conteudo" owner="random-user-service">
<kw name="GET On Session" owner="RequestsLibrary">
<msg time="2024-07-07T17:14:29.187423" level="INFO">GET Request : url=https://randomuser.me/api 
 path_url=/api 
 headers={'User-Agent': 'python-requests/2.32.3', 'Accept-Encoding': 'gzip, deflate', 'Accept': '*/*', 'Connection': 'keep-alive'} 
 body=None 
 </msg>
<msg time="2024-07-07T17:14:29.187485" level="INFO">GET Response : url=https://randomuser.me/api 
 status=200, reason=OK 
 headers={'Date': 'Sun, 07 Jul 2024 17:14:29 GMT', 'Content-Type': 'application/json; charset=utf-8', 'Transfer-Encoding': 'chunked', 'Connection': 'keep-alive', 'X-Powered-By': 'Express', 'Access-Control-Allow-Origin': '*', 'Cache-Control': 'no-cache', 'ETag': 'W/"47f-hrOG8SM0tEOlgUyKca8Biso5hJI"', 'Vary': 'Accept-Encoding', 'Content-Encoding': 'gzip', 'CF-Cache-Status': 'DYNAMIC', 'Report-To': '{"endpoints":[{"url":"https:\\/\\/a.nel.cloudflare.com\\/report\\/v4?s=tpwMYUs%2BDYV00iaGF2B0FAhMl3Uplvto4ZrPMPd4%2Bhz53Qb7NaWWjnPw3RfcxbmAbUftSq%2FCMISY5BjE6%2BwMjZxKOV5jlRHINovuwqHVpL4txuF8WeyKjiPXm1uKFCiz"}],"group":"cf-nel","max_age":604800}', 'NEL': '{"success_fraction":0,"report_to":"cf-nel","max_age":604800}', 'Server': 'cloudflare', 'CF-RAY': '89f9789bb8b02cb3-ORD', 'alt-svc': 'h3=":443"; ma=86400'} 
 body={"results":[{"gender":"male","name":{"title":"Mr","first":"Fernando","last":"Knight"},"location":{"street":{"number":6970,"name":"Oaks Cross"},"city":"Derby","state":"Humberside","country":"United Kingdom","postcode":"W5 7YP","coordinates":{"latitude":"-10.0871","longitude":"-32.6322"},"timezone":{"offset":"+4:30","description":"Kabul"}},"email":"fernando.knight@example.com","login":{"uuid":"58ab9480-d405-4b22-9229-cd152da32993","username":"blackmeercat786","password":"bigdawg","salt":"1pdwRllL","md5":"6254fe55eb1afde235eec45f085b634d","sha1":"cf17b2d21e38018bbbeb1cc2b926cf6aa9c693b0","sha256":"dfc5cec14d65a9ac2a9e20b0570629a0d396c6179ca669ee2d8b1a3ee860bc03"},"dob":{"date":"1991-03-11T05:16:10.800Z","age":33},"registered":{"date":"2004-08-05T17:06:04.333Z","age":19},"phone":"019467 78827","cell":"07248 000388","id":{"name":"NINO","value":"KN 11 23 02 C"},"picture":{"large":"https://randomuser.me/api/portraits/men/35.jpg","medium":"https://randomuser.me/api/portraits/med/men/35.jpg","thumbnail":"https://randomuser.me/api/portraits/thumb/men/35.jpg"},"nat":"GB"}],"info":{"seed":"d6ca4c2d3d223bd2","results":1,"page":1,"version":"1.4"}} 
 </msg>
<msg time="2024-07-07T17:14:29.187543" level="INFO">/opt/hostedtoolcache/Python/3.12.4/x64/lib/python3.12/site-packages/urllib3/connectionpool.py:1099: InsecureRequestWarning: Unverified HTTPS request is being made to host 'randomuser.me'. Adding certificate verification is strongly advised. See: https://urllib3.readthedocs.io/en/latest/advanced-usage.html#tls-warnings
  warnings.warn(</msg>
<msg time="2024-07-07T17:14:29.187630" level="INFO">${response} = &lt;Response [200]&gt;</msg>
<var>${response}</var>
<arg>consultarAPI</arg>
<arg>/api</arg>
<doc>Sends a GET request on a previously created HTTP Session.</doc>
<status status="PASS" start="2024-07-07T17:14:29.073319" elapsed="0.114350"/>
</kw>
<kw name="Set Variable" owner="BuiltIn">
<msg time="2024-07-07T17:14:29.188778" level="INFO">${json_data} = {'results': [{'gender': 'male', 'name': {'title': 'Mr', 'first': 'Fernando', 'last': 'Knight'}, 'location': {'street': {'number': 6970, 'name': 'Oaks Cross'}, 'city': 'Derby', 'state': 'Humberside', '...</msg>
<var>${json_data}</var>
<arg>${response.json()}</arg>
<doc>Returns the given values which can then be assigned to a variables.</doc>
<status status="PASS" start="2024-07-07T17:14:29.188156" elapsed="0.000651"/>
</kw>
<kw name="Set Variable" owner="BuiltIn">
<msg time="2024-07-07T17:14:29.189498" level="INFO">${name_title} = Mr</msg>
<var>${name_title}</var>
<arg>${json_data["results"][0]["name"]["title"]}</arg>
<doc>Returns the given values which can then be assigned to a variables.</doc>
<status status="PASS" start="2024-07-07T17:14:29.189123" elapsed="0.000401"/>
</kw>
<kw name="Create List" owner="BuiltIn">
<msg time="2024-07-07T17:14:29.189965" level="INFO">${allowed_titles} = ['Mr', 'Ms', 'Miss', 'Mrs', 'Madame', 'Monsieur']</msg>
<var>${allowed_titles}</var>
<arg>Mr</arg>
<arg>Ms</arg>
<arg>Miss</arg>
<arg>Mrs</arg>
<arg>Madame</arg>
<arg>Monsieur</arg>
<doc>Returns a list containing given items.</doc>
<status status="PASS" start="2024-07-07T17:14:29.189819" elapsed="0.000169"/>
</kw>
<kw name="List Should Contain Value" owner="Collections">
<arg>${allowed_titles}</arg>
<arg>${name_title}</arg>
<doc>Fails if the ``value`` is not found from ``list``.</doc>
<status status="PASS" start="2024-07-07T17:14:29.190285" elapsed="0.000168"/>
</kw>
<kw name="Set Variable" owner="BuiltIn">
<msg time="2024-07-07T17:14:29.191003" level="INFO">${name_country} = GB</msg>
<var>${name_country}</var>
<arg>${json_data["results"][0]["nat"]}</arg>
<doc>Returns the given values which can then be assigned to a variables.</doc>
<status status="PASS" start="2024-07-07T17:14:29.190630" elapsed="0.000397"/>
</kw>
<kw name="Create List" owner="BuiltIn">
<msg time="2024-07-07T17:14:29.191945" level="INFO">${list_country} = ['AD', 'AE', 'AF', 'AG', 'AI', 'AL', 'AM', 'AO', 'AQ', 'AR', 'AS', 'AT', 'AU', 'AW', 'AX', 'AZ', 'BA', 'BB', 'BD', 'BE', 'BF', 'BG', 'BH', 'BI', 'BJ', 'BL', 'BM', 'BN', 'BO', 'BQ', 'BR', 'BS', 'BT', '...</msg>
<var>${list_country}</var>
<arg>AD</arg>
<arg>AE</arg>
<arg>AF</arg>
<arg>AG</arg>
<arg>AI</arg>
<arg>AL</arg>
<arg>AM</arg>
<arg>AO</arg>
<arg>AQ</arg>
<arg>AR</arg>
<arg>AS</arg>
<arg>AT</arg>
<arg>AU</arg>
<arg>AW</arg>
<arg>AX</arg>
<arg>AZ</arg>
<arg>BA</arg>
<arg>BB</arg>
<arg>BD</arg>
<arg>BE</arg>
<arg>BF</arg>
<arg>BG</arg>
<arg>BH</arg>
<arg>BI</arg>
<arg>BJ</arg>
<arg>BL</arg>
<arg>BM</arg>
<arg>BN</arg>
<arg>BO</arg>
<arg>BQ</arg>
<arg>BR</arg>
<arg>BS</arg>
<arg>BT</arg>
<arg>BV</arg>
<arg>BW</arg>
<arg>BY</arg>
<arg>BZ</arg>
<arg>CA</arg>
<arg>CC</arg>
<arg>CD</arg>
<arg>CF</arg>
<arg>CG</arg>
<arg>CH</arg>
<arg>CI</arg>
<arg>CK</arg>
<arg>CL</arg>
<arg>CM</arg>
<arg>CN</arg>
<arg>CO</arg>
<arg>CR</arg>
<arg>CU</arg>
<arg>CV</arg>
<arg>CW</arg>
<arg>CX</arg>
<arg>CY</arg>
<arg>CZ</arg>
<arg>DE</arg>
<arg>DJ</arg>
<arg>DK</arg>
<arg>DM</arg>
<arg>DO</arg>
<arg>DZ</arg>
<arg>EC</arg>
<arg>EE</arg>
<arg>EG</arg>
<arg>EH</arg>
<arg>ER</arg>
<arg>ES</arg>
<arg>ET</arg>
<arg>FI</arg>
<arg>FJ</arg>
<arg>FK</arg>
<arg>FM</arg>
<arg>FO</arg>
<arg>FR</arg>
<arg>GA</arg>
<arg>GB</arg>
<arg>GD</arg>
<arg>GE</arg>
<arg>GF</arg>
<arg>GG</arg>
<arg>GH</arg>
<arg>GI</arg>
<arg>GL</arg>
<arg>GM</arg>
<arg>GN</arg>
<arg>GP</arg>
<arg>GQ</arg>
<arg>GR</arg>
<arg>GS</arg>
<arg>GT</arg>
<arg>GU</arg>
<arg>GW</arg>
<arg>GY</arg>
<arg>HK</arg>
<arg>HM</arg>
<arg>HN</arg>
<arg>HR</arg>
<arg>HT</arg>
<arg>HU</arg>
<arg>ID</arg>
<arg>IE</arg>
<arg>IL</arg>
<arg>IM</arg>
<arg>IN</arg>
<arg>IO</arg>
<arg>IQ</arg>
<arg>IR</arg>
<arg>IS</arg>
<arg>IT</arg>
<arg>JE</arg>
<arg>JM</arg>
<arg>JO</arg>
<arg>JP</arg>
<arg>KE</arg>
<arg>KG</arg>
<arg>KH</arg>
<arg>KI</arg>
<arg>KM</arg>
<arg>KN</arg>
<arg>KP</arg>
<arg>KR</arg>
<arg>KW</arg>
<arg>KY</arg>
<arg>KZ</arg>
<arg>LA</arg>
<arg>LB</arg>
<arg>LC</arg>
<arg>LI</arg>
<arg>LK</arg>
<arg>LR</arg>
<arg>LS</arg>
<arg>LT</arg>
<arg>LU</arg>
<arg>LV</arg>
<arg>LY</arg>
<arg>MA</arg>
<arg>MC</arg>
<arg>MD</arg>
<arg>ME</arg>
<arg>MF</arg>
<arg>MG</arg>
<arg>MH</arg>
<arg>MK</arg>
<arg>ML</arg>
<arg>MM</arg>
<arg>MN</arg>
<arg>MO</arg>
<arg>MP</arg>
<arg>MQ</arg>
<arg>MR</arg>
<arg>MS</arg>
<arg>MT</arg>
<arg>MU</arg>
<arg>MV</arg>
<arg>MW</arg>
<arg>MX</arg>
<arg>MY</arg>
<arg>MZ</arg>
<arg>NA</arg>
<arg>NC</arg>
<arg>NE</arg>
<arg>NF</arg>
<arg>NG</arg>
<arg>NI</arg>
<arg>NL</arg>
<arg>NO</arg>
<arg>NP</arg>
<arg>NR</arg>
<arg>NU</arg>
<arg>NZ</arg>
<arg>OM</arg>
<arg>PA</arg>
<arg>PE</arg>
<arg>PF</arg>
<arg>PG</arg>
<arg>PH</arg>
<arg>PK</arg>
<arg>PL</arg>
<arg>PM</arg>
<arg>PN</arg>
<arg>PR</arg>
<arg>PS</arg>
<arg>PT</arg>
<arg>PW</arg>
<arg>PY</arg>
<arg>QA</arg>
<arg>RE</arg>
<arg>RO</arg>
<arg>RS</arg>
<arg>RU</arg>
<arg>RW</arg>
<arg>SA</arg>
<arg>SB</arg>
<arg>SC</arg>
<arg>SD</arg>
<arg>SE</arg>
<arg>SG</arg>
<arg>SH</arg>
<arg>SI</arg>
<arg>SJ</arg>
<arg>SK</arg>
<arg>SL</arg>
<arg>SM</arg>
<arg>SN</arg>
<arg>SO</arg>
<arg>SR</arg>
<arg>SS</arg>
<arg>ST</arg>
<arg>SV</arg>
<arg>SX</arg>
<arg>SY</arg>
<arg>SZ</arg>
<arg>TC</arg>
<arg>TD</arg>
<arg>TF</arg>
<arg>TG</arg>
<arg>TH</arg>
<arg>TJ</arg>
<arg>TK</arg>
<arg>TL</arg>
<arg>TM</arg>
<arg>TN</arg>
<arg>TO</arg>
<arg>TR</arg>
<arg>TT</arg>
<arg>TV</arg>
<arg>TW</arg>
<arg>TZ</arg>
<arg>UA</arg>
<arg>UG</arg>
<arg>UM</arg>
<arg>US</arg>
<arg>UY</arg>
<arg>UZ</arg>
<arg>VA</arg>
<arg>VC</arg>
<arg>VE</arg>
<arg>VG</arg>
<arg>VI</arg>
<arg>VN</arg>
<arg>VU</arg>
<arg>WF</arg>
<arg>WS</arg>
<arg>XK</arg>
<arg>YE</arg>
<arg>YT</arg>
<arg>ZA</arg>
<arg>ZM</arg>
<arg>ZW</arg>
<doc>Returns a list containing given items.</doc>
<status status="PASS" start="2024-07-07T17:14:29.191317" elapsed="0.000654"/>
</kw>
<kw name="List Should Contain Value" owner="Collections">
<arg>${list_country}</arg>
<arg>${name_country}</arg>
<doc>Fails if the ``value`` is not found from ``list``.</doc>
<status status="PASS" start="2024-07-07T17:14:29.192764" elapsed="0.000205"/>
</kw>
<kw name="Run Keyword If" owner="BuiltIn">
<kw name="Should Be True" owner="BuiltIn">
<arg>${True}</arg>
<doc>Fails if the given condition is not true.</doc>
<status status="PASS" start="2024-07-07T17:14:29.193890" elapsed="0.000141"/>
</kw>
<arg>${json_data["results"][0]["location"]["coordinates"]["latitude"]} &gt;= -90 and ${json_data["results"][0]["location"]["coordinates"]["latitude"]} &lt;= 90</arg>
<arg>Should Be True</arg>
<arg>${True}</arg>
<doc>Runs the given keyword with the given arguments, if ``condition`` is true.</doc>
<status status="PASS" start="2024-07-07T17:14:29.193161" elapsed="0.000994"/>
</kw>
<kw name="Run Keyword If" owner="BuiltIn">
<kw name="Should Be True" owner="BuiltIn">
<arg>${True}</arg>
<doc>Fails if the given condition is not true.</doc>
<status status="PASS" start="2024-07-07T17:14:29.195041" elapsed="0.000229"/>
</kw>
<arg>${json_data["results"][0]["location"]["coordinates"]["longitude"]} &gt;= -180 and ${json_data["results"][0]["location"]["coordinates"]["longitude"]} &lt;= 180</arg>
<arg>Should Be True</arg>
<arg>${True}</arg>
<doc>Runs the given keyword with the given arguments, if ``condition`` is true.</doc>
<status status="PASS" start="2024-07-07T17:14:29.194333" elapsed="0.001066"/>
</kw>
<status status="PASS" start="2024-07-07T17:14:29.073108" elapsed="0.122419"/>
</kw>
<doc>Testa o conteúdo específico dos campos retornados pela API.</doc>
<tag>testeConteudo</tag>
<status status="PASS" start="2024-07-07T17:14:29.072649" elapsed="0.123018"/>
</test>
<status status="PASS" start="2024-07-07T17:14:28.256353" elapsed="0.941288"/>
</suite>
<status status="PASS" start="2024-07-07T17:14:28.242094" elapsed="0.960511"/>
</suite>
<statistics>
<total>
<stat pass="5" fail="0" skip="0">All Tests</stat>
</total>
<tag>
<stat pass="1" fail="0" skip="0">testeConteudo</stat>
<stat pass="1" fail="0" skip="0">testeEstruturaResposta</stat>
<stat pass="1" fail="0" skip="0">testeRequisicaoBasica</stat>
<stat pass="1" fail="0" skip="0">testeTiposDados</stat>
</tag>
<suite>
<stat pass="5" fail="0" skip="0" id="s1" name="Tests">Tests</stat>
<stat pass="5" fail="0" skip="0" id="s1-s1" name="Random-User-Test">Tests.Random-User-Test</stat>
</suite>
</statistics>
<errors>
</errors>
</robot>
