<?xml version="1.0" encoding="UTF-8"?>
<robot generator="Robot 7.0 (Python 3.12.3 on linux)" generated="2024-05-09T19:11:15.449179" rpa="false" schemaversion="5">
<suite id="s1" name="Tests" source="/home/runner/work/DesafioQAItauRogerioJordao/DesafioQAItauRogerioJordao/RamdonUser/tests">
<suite id="s1-s1" name="Random-User-Test" source="/home/runner/work/DesafioQAItauRogerioJordao/DesafioQAItauRogerioJordao/RamdonUser/tests/random-user-test.robot">
<test id="s1-s1-t1" name="Conectar" line="13">
<kw name="Conectar API" owner="random-user-service">
<kw name="Create Session" owner="RequestsLibrary">
<msg time="2024-05-09T19:11:15.854650" level="INFO">Creating Session using : alias=consultarAPI, url=https://randomuser.me/, headers={},                     cookies={}, auth=None, timeout=None, proxies=None, verify=False,                     debug=0 </msg>
<arg>consultarAPI</arg>
<arg>${URL}</arg>
<doc>Create Session: create a HTTP session to a server</doc>
<status status="PASS" start="2024-05-09T19:11:15.854434" elapsed="0.000429"/>
</kw>
<status status="PASS" start="2024-05-09T19:11:15.853409" elapsed="0.001867"/>
</kw>
<status status="PASS" start="2024-05-09T19:11:15.852729" elapsed="0.002746"/>
</test>
<test id="s1-s1-t2" name="Validar retorno 200 e JSON Válido" line="16">
<kw name="Teste de Requisicao Basica" owner="random-user-service">
<kw name="GET On Session" owner="RequestsLibrary">
<msg time="2024-05-09T19:11:15.943868" level="INFO">GET Request : url=https://randomuser.me/api 
 path_url=/api 
 headers={'User-Agent': 'python-requests/2.31.0', 'Accept-Encoding': 'gzip, deflate', 'Accept': '*/*', 'Connection': 'keep-alive'} 
 body=None 
 </msg>
<msg time="2024-05-09T19:11:15.944029" level="INFO">GET Response : url=https://randomuser.me/api 
 status=200, reason=OK 
 headers={'Date': 'Thu, 09 May 2024 19:11:15 GMT', 'Content-Type': 'application/json; charset=utf-8', 'Transfer-Encoding': 'chunked', 'Connection': 'keep-alive', 'X-Powered-By': 'Express', 'Access-Control-Allow-Origin': '*', 'Cache-Control': 'no-cache', 'ETag': 'W/"4a7-UxanX0u9/leirJNu3qYXoPLHe9s"', 'Vary': 'Accept-Encoding', 'Content-Encoding': 'gzip', 'CF-Cache-Status': 'DYNAMIC', 'Report-To': '{"endpoints":[{"url":"https:\\/\\/a.nel.cloudflare.com\\/report\\/v4?s=Muy%2F%2B%2FLxK3zopfY0MXiRIZaDuZuXJl0Y1hX3zIn2zHkbn2H%2BXrwFYwapHfsgAaIuWg30jIKt9xfdtTAYlVsNlFfg4T0StBDFeZLyQptX7fdrQeAcJjxvstR77CFKLb7z"}],"group":"cf-nel","max_age":604800}', 'NEL': '{"success_fraction":0,"report_to":"cf-nel","max_age":604800}', 'Server': 'cloudflare', 'CF-RAY': '8813fe8c5f74801b-IAD', 'alt-svc': 'h3=":443"; ma=86400'} 
 body={"results":[{"gender":"female","name":{"title":"Miss","first":"Norma","last":"Carmona"},"location":{"street":{"number":4224,"name":"Viaducto Cardenas"},"city":"Valle de Chalco","state":"Ciudad de Mexico","country":"Mexico","postcode":33131,"coordinates":{"latitude":"28.9850","longitude":"66.0669"},"timezone":{"offset":"+2:00","description":"Kaliningrad, South Africa"}},"email":"norma.carmona@example.com","login":{"uuid":"c2286fe3-4ebf-4f30-8f96-7b302e70891d","username":"happyladybug751","password":"middle","salt":"4S99ocI9","md5":"0ee8a93d775cdc12e34aac4c88a99e47","sha1":"63d35b196f97b8c067c1acd2b29f6e8c5336166d","sha256":"e89a7b3a603799d3bfdace416e68981dab9c7be261b2e77bdcc06197faa87d4c"},"dob":{"date":"1957-05-11T06:08:53.050Z","age":66},"registered":{"date":"2002-05-26T11:12:22.403Z","age":21},"phone":"(694) 055 1839","cell":"(648) 639 3066","id":{"name":"NSS","value":"88 08 26 7218 6"},"picture":{"large":"https://randomuser.me/api/portraits/women/13.jpg","medium":"https://randomuser.me/api/portraits/med/women/13.jpg","thumbnail":"https://randomuser.me/api/portraits/thumb/women/13.jpg"},"nat":"MX"}],"info":{"seed":"85463dd67cd03ca2","results":1,"page":1,"version":"1.4"}} 
 </msg>
<msg time="2024-05-09T19:11:15.944114" level="INFO">/opt/hostedtoolcache/Python/3.12.3/x64/lib/python3.12/site-packages/urllib3/connectionpool.py:1103: InsecureRequestWarning: Unverified HTTPS request is being made to host 'randomuser.me'. Adding certificate verification is strongly advised. See: https://urllib3.readthedocs.io/en/latest/advanced-usage.html#tls-warnings
  warnings.warn(</msg>
<msg time="2024-05-09T19:11:15.944266" level="INFO">${response} = &lt;Response [200]&gt;</msg>
<var>${response}</var>
<arg>consultarAPI</arg>
<arg>/api</arg>
<doc>Sends a GET request on a previously created HTTP Session.</doc>
<status status="PASS" start="2024-05-09T19:11:15.858214" elapsed="0.086096"/>
</kw>
<kw name="Should Be Equal As Numbers" owner="BuiltIn">
<msg time="2024-05-09T19:11:15.945359" level="INFO">Argument types are:
&lt;class 'int'&gt;
&lt;class 'str'&gt;</msg>
<arg>${response.status_code}</arg>
<arg>200</arg>
<doc>Fails if objects are unequal after converting them to real numbers.</doc>
<status status="PASS" start="2024-05-09T19:11:15.944880" elapsed="0.000546"/>
</kw>
<kw name="Log" owner="BuiltIn">
<msg time="2024-05-09T19:11:15.946146" level="INFO">200</msg>
<arg>${response.status_code}</arg>
<doc>Logs the given message with the given level.</doc>
<status status="PASS" start="2024-05-09T19:11:15.945787" elapsed="0.000401"/>
</kw>
<kw name="Set Variable" owner="BuiltIn">
<msg time="2024-05-09T19:11:15.946943" level="INFO">${json_data} = {'results': [{'gender': 'female', 'name': {'title': 'Miss', 'first': 'Norma', 'last': 'Carmona'}, 'location': {'street': {'number': 4224, 'name': 'Viaducto Cardenas'}, 'city': 'Valle de Chalco', 'stat...</msg>
<var>${json_data}</var>
<arg>${response.json()}</arg>
<doc>Returns the given values which can then be assigned to a variables.</doc>
<status status="PASS" start="2024-05-09T19:11:15.946496" elapsed="0.000475"/>
</kw>
<kw name="Dictionary Should Contain Key" owner="Collections">
<msg time="2024-05-09T19:11:15.947471" level="INFO">False</msg>
<arg>${json_data}</arg>
<arg>results</arg>
<doc>Fails if ``key`` is not found from ``dictionary``.</doc>
<status status="PASS" start="2024-05-09T19:11:15.947301" elapsed="0.000209"/>
</kw>
<status status="PASS" start="2024-05-09T19:11:15.857960" elapsed="0.089812"/>
</kw>
<doc>Testa se a API responde corretamente e retorna um objeto JSON válido.</doc>
<tag>testeRequisicaoBasica</tag>
<status status="PASS" start="2024-05-09T19:11:15.857411" elapsed="0.090552"/>
</test>
<test id="s1-s1-t3" name="Validar estrutura de resposta" line="22">
<kw name="Teste de Estrutura de Resposta" owner="random-user-service">
<kw name="GET On Session" owner="RequestsLibrary">
<msg time="2024-05-09T19:11:16.042616" level="INFO">GET Request : url=https://randomuser.me/api 
 path_url=/api 
 headers={'User-Agent': 'python-requests/2.31.0', 'Accept-Encoding': 'gzip, deflate', 'Accept': '*/*', 'Connection': 'keep-alive'} 
 body=None 
 </msg>
<msg time="2024-05-09T19:11:16.042731" level="INFO">GET Response : url=https://randomuser.me/api 
 status=200, reason=OK 
 headers={'Date': 'Thu, 09 May 2024 19:11:16 GMT', 'Content-Type': 'application/json; charset=utf-8', 'Transfer-Encoding': 'chunked', 'Connection': 'keep-alive', 'X-Powered-By': 'Express', 'Access-Control-Allow-Origin': '*', 'Cache-Control': 'no-cache', 'ETag': 'W/"491-DBpntYpT/RdDWDc6OB0SgUkU6Es"', 'Vary': 'Accept-Encoding', 'Content-Encoding': 'gzip', 'CF-Cache-Status': 'DYNAMIC', 'Report-To': '{"endpoints":[{"url":"https:\\/\\/a.nel.cloudflare.com\\/report\\/v4?s=ZOvTHqgM9PGbpNh2CyPEhNjeQtiG5oN0wm5G3acl6jraT78YgR%2FmEpMsDrnR95UJnEpCxCOS5glugl4Fonll8VmCRsV%2FHi%2BobScZd4N4tGn90W20AVfcADEL5dhKhqC2"}],"group":"cf-nel","max_age":604800}', 'NEL': '{"success_fraction":0,"report_to":"cf-nel","max_age":604800}', 'Server': 'cloudflare', 'CF-RAY': '8813fe8cbfd8801b-IAD', 'alt-svc': 'h3=":443"; ma=86400'} 
 body={"results":[{"gender":"male","name":{"title":"Monsieur","first":"Nick","last":"Dufour"},"location":{"street":{"number":661,"name":"Rue Louis-Blanqui"},"city":"Saint-Aubin (Fr)","state":"Luzern","country":"Switzerland","postcode":1596,"coordinates":{"latitude":"-56.4851","longitude":"-81.4538"},"timezone":{"offset":"-11:00","description":"Midway Island, Samoa"}},"email":"nick.dufour@example.com","login":{"uuid":"b311ec76-8455-4f82-92e9-b9311d5d5214","username":"tinymouse736","password":"bigmike","salt":"Hrvt7Fl2","md5":"949cc0fa150bb43f9844dbae813efdbf","sha1":"efec91e41d3a5790be32271a8d5faa1960f41837","sha256":"154b065f9965d129111224c48e33e39e3904a2833bd6af77d40d8963cd1d8056"},"dob":{"date":"1976-09-16T14:41:35.054Z","age":47},"registered":{"date":"2006-09-30T19:27:23.705Z","age":17},"phone":"079 383 11 28","cell":"075 301 18 45","id":{"name":"AVS","value":"756.3438.9726.35"},"picture":{"large":"https://randomuser.me/api/portraits/men/8.jpg","medium":"https://randomuser.me/api/portraits/med/men/8.jpg","thumbnail":"https://randomuser.me/api/portraits/thumb/men/8.jpg"},"nat":"CH"}],"info":{"seed":"b55dc45e6f6812b0","results":1,"page":1,"version":"1.4"}} 
 </msg>
<msg time="2024-05-09T19:11:16.042887" level="INFO">/opt/hostedtoolcache/Python/3.12.3/x64/lib/python3.12/site-packages/urllib3/connectionpool.py:1103: InsecureRequestWarning: Unverified HTTPS request is being made to host 'randomuser.me'. Adding certificate verification is strongly advised. See: https://urllib3.readthedocs.io/en/latest/advanced-usage.html#tls-warnings
  warnings.warn(</msg>
<msg time="2024-05-09T19:11:16.043089" level="INFO">${response} = &lt;Response [200]&gt;</msg>
<var>${response}</var>
<arg>consultarAPI</arg>
<arg>/api</arg>
<doc>Sends a GET request on a previously created HTTP Session.</doc>
<status status="PASS" start="2024-05-09T19:11:15.950591" elapsed="0.092549"/>
</kw>
<kw name="Set Variable" owner="BuiltIn">
<msg time="2024-05-09T19:11:16.044263" level="INFO">${json_data} = {'results': [{'gender': 'male', 'name': {'title': 'Monsieur', 'first': 'Nick', 'last': 'Dufour'}, 'location': {'street': {'number': 661, 'name': 'Rue Louis-Blanqui'}, 'city': 'Saint-Aubin (Fr)', 'stat...</msg>
<var>${json_data}</var>
<arg>${response.json()}</arg>
<doc>Returns the given values which can then be assigned to a variables.</doc>
<status status="PASS" start="2024-05-09T19:11:16.043723" elapsed="0.000569"/>
</kw>
<kw name="Log" owner="BuiltIn">
<msg time="2024-05-09T19:11:16.044776" level="INFO">{'results': [{'gender': 'male', 'name': {'title': 'Monsieur', 'first': 'Nick', 'last': 'Dufour'}, 'location': {'street': {'number': 661, 'name': 'Rue Louis-Blanqui'}, 'city': 'Saint-Aubin (Fr)', 'state': 'Luzern', 'country': 'Switzerland', 'postcode': 1596, 'coordinates': {'latitude': '-56.4851', 'longitude': '-81.4538'}, 'timezone': {'offset': '-11:00', 'description': 'Midway Island, Samoa'}}, 'email': 'nick.dufour@example.com', 'login': {'uuid': 'b311ec76-8455-4f82-92e9-b9311d5d5214', 'username': 'tinymouse736', 'password': 'bigmike', 'salt': 'Hrvt7Fl2', 'md5': '949cc0fa150bb43f9844dbae813efdbf', 'sha1': 'efec91e41d3a5790be32271a8d5faa1960f41837', 'sha256': '154b065f9965d129111224c48e33e39e3904a2833bd6af77d40d8963cd1d8056'}, 'dob': {'date': '1976-09-16T14:41:35.054Z', 'age': 47}, 'registered': {'date': '2006-09-30T19:27:23.705Z', 'age': 17}, 'phone': '079 383 11 28', 'cell': '075 301 18 45', 'id': {'name': 'AVS', 'value': '756.3438.9726.35'}, 'picture': {'large': 'https://randomuser.me/api/portraits/men/8.jpg', 'medium': 'https://randomuser.me/api/portraits/med/men/8.jpg', 'thumbnail': 'https://randomuser.me/api/portraits/thumb/men/8.jpg'}, 'nat': 'CH'}], 'info': {'seed': 'b55dc45e6f6812b0', 'results': 1, 'page': 1, 'version': '1.4'}}</msg>
<arg>${json_data}</arg>
<doc>Logs the given message with the given level.</doc>
<status status="PASS" start="2024-05-09T19:11:16.044610" elapsed="0.000216"/>
</kw>
<kw name="Dictionary Should Contain Key" owner="Collections">
<msg time="2024-05-09T19:11:16.045286" level="INFO">False</msg>
<arg>${json_data}</arg>
<arg>results</arg>
<doc>Fails if ``key`` is not found from ``dictionary``.</doc>
<status status="PASS" start="2024-05-09T19:11:16.045126" elapsed="0.000200"/>
</kw>
<kw name="Should Not Be Empty" owner="BuiltIn">
<msg time="2024-05-09T19:11:16.045754" level="INFO">Length is 2.</msg>
<arg>${json_data}</arg>
<doc>Verifies that the given item is not empty.</doc>
<status status="PASS" start="2024-05-09T19:11:16.045621" elapsed="0.000171"/>
</kw>
<kw name="Create List" owner="BuiltIn">
<msg time="2024-05-09T19:11:16.046404" level="INFO">${expected_keys} = ['gender', 'name', 'location', 'email', 'login']</msg>
<var>${expected_keys}</var>
<arg>gender</arg>
<arg>name</arg>
<arg>location</arg>
<arg>email</arg>
<arg>login</arg>
<doc>Returns a list containing given items.</doc>
<status status="PASS" start="2024-05-09T19:11:16.046085" elapsed="0.000344"/>
</kw>
<for flavor="IN">
<iter>
<kw name="Dictionary Should Contain Key" owner="Collections">
<msg time="2024-05-09T19:11:16.047484" level="INFO">False</msg>
<arg>${json_data['results'][0]}</arg>
<arg>${key}</arg>
<doc>Fails if ``key`` is not found from ``dictionary``.</doc>
<status status="PASS" start="2024-05-09T19:11:16.047062" elapsed="0.000462"/>
</kw>
<kw name="Log" owner="BuiltIn">
<msg time="2024-05-09T19:11:16.048197" level="INFO">{'gender': 'male', 'name': {'title': 'Monsieur', 'first': 'Nick', 'last': 'Dufour'}, 'location': {'street': {'number': 661, 'name': 'Rue Louis-Blanqui'}, 'city': 'Saint-Aubin (Fr)', 'state': 'Luzern', 'country': 'Switzerland', 'postcode': 1596, 'coordinates': {'latitude': '-56.4851', 'longitude': '-81.4538'}, 'timezone': {'offset': '-11:00', 'description': 'Midway Island, Samoa'}}, 'email': 'nick.dufour@example.com', 'login': {'uuid': 'b311ec76-8455-4f82-92e9-b9311d5d5214', 'username': 'tinymouse736', 'password': 'bigmike', 'salt': 'Hrvt7Fl2', 'md5': '949cc0fa150bb43f9844dbae813efdbf', 'sha1': 'efec91e41d3a5790be32271a8d5faa1960f41837', 'sha256': '154b065f9965d129111224c48e33e39e3904a2833bd6af77d40d8963cd1d8056'}, 'dob': {'date': '1976-09-16T14:41:35.054Z', 'age': 47}, 'registered': {'date': '2006-09-30T19:27:23.705Z', 'age': 17}, 'phone': '079 383 11 28', 'cell': '075 301 18 45', 'id': {'name': 'AVS', 'value': '756.3438.9726.35'}, 'picture': {'large': 'https://randomuser.me/api/portraits/men/8.jpg', 'medium': 'https://randomuser.me/api/portraits/med/men/8.jpg', 'thumbnail': 'https://randomuser.me/api/portraits/thumb/men/8.jpg'}, 'nat': 'CH'}</msg>
<arg>${json_data['results'][0]}</arg>
<doc>Logs the given message with the given level.</doc>
<status status="PASS" start="2024-05-09T19:11:16.047827" elapsed="0.000419"/>
</kw>
<kw name="Log" owner="BuiltIn">
<msg time="2024-05-09T19:11:16.048679" level="INFO">gender</msg>
<arg>${key}</arg>
<doc>Logs the given message with the given level.</doc>
<status status="PASS" start="2024-05-09T19:11:16.048550" elapsed="0.000167"/>
</kw>
<var name="${key}">gender</var>
<status status="PASS" start="2024-05-09T19:11:16.046900" elapsed="0.002034"/>
</iter>
<iter>
<kw name="Dictionary Should Contain Key" owner="Collections">
<msg time="2024-05-09T19:11:16.049638" level="INFO">False</msg>
<arg>${json_data['results'][0]}</arg>
<arg>${key}</arg>
<doc>Fails if ``key`` is not found from ``dictionary``.</doc>
<status status="PASS" start="2024-05-09T19:11:16.049245" elapsed="0.000431"/>
</kw>
<kw name="Log" owner="BuiltIn">
<msg time="2024-05-09T19:11:16.050369" level="INFO">{'gender': 'male', 'name': {'title': 'Monsieur', 'first': 'Nick', 'last': 'Dufour'}, 'location': {'street': {'number': 661, 'name': 'Rue Louis-Blanqui'}, 'city': 'Saint-Aubin (Fr)', 'state': 'Luzern', 'country': 'Switzerland', 'postcode': 1596, 'coordinates': {'latitude': '-56.4851', 'longitude': '-81.4538'}, 'timezone': {'offset': '-11:00', 'description': 'Midway Island, Samoa'}}, 'email': 'nick.dufour@example.com', 'login': {'uuid': 'b311ec76-8455-4f82-92e9-b9311d5d5214', 'username': 'tinymouse736', 'password': 'bigmike', 'salt': 'Hrvt7Fl2', 'md5': '949cc0fa150bb43f9844dbae813efdbf', 'sha1': 'efec91e41d3a5790be32271a8d5faa1960f41837', 'sha256': '154b065f9965d129111224c48e33e39e3904a2833bd6af77d40d8963cd1d8056'}, 'dob': {'date': '1976-09-16T14:41:35.054Z', 'age': 47}, 'registered': {'date': '2006-09-30T19:27:23.705Z', 'age': 17}, 'phone': '079 383 11 28', 'cell': '075 301 18 45', 'id': {'name': 'AVS', 'value': '756.3438.9726.35'}, 'picture': {'large': 'https://randomuser.me/api/portraits/men/8.jpg', 'medium': 'https://randomuser.me/api/portraits/med/men/8.jpg', 'thumbnail': 'https://randomuser.me/api/portraits/thumb/men/8.jpg'}, 'nat': 'CH'}</msg>
<arg>${json_data['results'][0]}</arg>
<doc>Logs the given message with the given level.</doc>
<status status="PASS" start="2024-05-09T19:11:16.050003" elapsed="0.000414"/>
</kw>
<kw name="Log" owner="BuiltIn">
<msg time="2024-05-09T19:11:16.050844" level="INFO">name</msg>
<arg>${key}</arg>
<doc>Logs the given message with the given level.</doc>
<status status="PASS" start="2024-05-09T19:11:16.050715" elapsed="0.000167"/>
</kw>
<var name="${key}">name</var>
<status status="PASS" start="2024-05-09T19:11:16.049128" elapsed="0.001993"/>
</iter>
<iter>
<kw name="Dictionary Should Contain Key" owner="Collections">
<msg time="2024-05-09T19:11:16.051804" level="INFO">False</msg>
<arg>${json_data['results'][0]}</arg>
<arg>${key}</arg>
<doc>Fails if ``key`` is not found from ``dictionary``.</doc>
<status status="PASS" start="2024-05-09T19:11:16.051415" elapsed="0.000426"/>
</kw>
<kw name="Log" owner="BuiltIn">
<msg time="2024-05-09T19:11:16.052502" level="INFO">{'gender': 'male', 'name': {'title': 'Monsieur', 'first': 'Nick', 'last': 'Dufour'}, 'location': {'street': {'number': 661, 'name': 'Rue Louis-Blanqui'}, 'city': 'Saint-Aubin (Fr)', 'state': 'Luzern', 'country': 'Switzerland', 'postcode': 1596, 'coordinates': {'latitude': '-56.4851', 'longitude': '-81.4538'}, 'timezone': {'offset': '-11:00', 'description': 'Midway Island, Samoa'}}, 'email': 'nick.dufour@example.com', 'login': {'uuid': 'b311ec76-8455-4f82-92e9-b9311d5d5214', 'username': 'tinymouse736', 'password': 'bigmike', 'salt': 'Hrvt7Fl2', 'md5': '949cc0fa150bb43f9844dbae813efdbf', 'sha1': 'efec91e41d3a5790be32271a8d5faa1960f41837', 'sha256': '154b065f9965d129111224c48e33e39e3904a2833bd6af77d40d8963cd1d8056'}, 'dob': {'date': '1976-09-16T14:41:35.054Z', 'age': 47}, 'registered': {'date': '2006-09-30T19:27:23.705Z', 'age': 17}, 'phone': '079 383 11 28', 'cell': '075 301 18 45', 'id': {'name': 'AVS', 'value': '756.3438.9726.35'}, 'picture': {'large': 'https://randomuser.me/api/portraits/men/8.jpg', 'medium': 'https://randomuser.me/api/portraits/med/men/8.jpg', 'thumbnail': 'https://randomuser.me/api/portraits/thumb/men/8.jpg'}, 'nat': 'CH'}</msg>
<arg>${json_data['results'][0]}</arg>
<doc>Logs the given message with the given level.</doc>
<status status="PASS" start="2024-05-09T19:11:16.052141" elapsed="0.000409"/>
</kw>
<kw name="Log" owner="BuiltIn">
<msg time="2024-05-09T19:11:16.052970" level="INFO">location</msg>
<arg>${key}</arg>
<doc>Logs the given message with the given level.</doc>
<status status="PASS" start="2024-05-09T19:11:16.052846" elapsed="0.000161"/>
</kw>
<var name="${key}">location</var>
<status status="PASS" start="2024-05-09T19:11:16.051301" elapsed="0.001919"/>
</iter>
<iter>
<kw name="Dictionary Should Contain Key" owner="Collections">
<msg time="2024-05-09T19:11:16.053894" level="INFO">False</msg>
<arg>${json_data['results'][0]}</arg>
<arg>${key}</arg>
<doc>Fails if ``key`` is not found from ``dictionary``.</doc>
<status status="PASS" start="2024-05-09T19:11:16.053502" elapsed="0.000429"/>
</kw>
<kw name="Log" owner="BuiltIn">
<msg time="2024-05-09T19:11:16.054583" level="INFO">{'gender': 'male', 'name': {'title': 'Monsieur', 'first': 'Nick', 'last': 'Dufour'}, 'location': {'street': {'number': 661, 'name': 'Rue Louis-Blanqui'}, 'city': 'Saint-Aubin (Fr)', 'state': 'Luzern', 'country': 'Switzerland', 'postcode': 1596, 'coordinates': {'latitude': '-56.4851', 'longitude': '-81.4538'}, 'timezone': {'offset': '-11:00', 'description': 'Midway Island, Samoa'}}, 'email': 'nick.dufour@example.com', 'login': {'uuid': 'b311ec76-8455-4f82-92e9-b9311d5d5214', 'username': 'tinymouse736', 'password': 'bigmike', 'salt': 'Hrvt7Fl2', 'md5': '949cc0fa150bb43f9844dbae813efdbf', 'sha1': 'efec91e41d3a5790be32271a8d5faa1960f41837', 'sha256': '154b065f9965d129111224c48e33e39e3904a2833bd6af77d40d8963cd1d8056'}, 'dob': {'date': '1976-09-16T14:41:35.054Z', 'age': 47}, 'registered': {'date': '2006-09-30T19:27:23.705Z', 'age': 17}, 'phone': '079 383 11 28', 'cell': '075 301 18 45', 'id': {'name': 'AVS', 'value': '756.3438.9726.35'}, 'picture': {'large': 'https://randomuser.me/api/portraits/men/8.jpg', 'medium': 'https://randomuser.me/api/portraits/med/men/8.jpg', 'thumbnail': 'https://randomuser.me/api/portraits/thumb/men/8.jpg'}, 'nat': 'CH'}</msg>
<arg>${json_data['results'][0]}</arg>
<doc>Logs the given message with the given level.</doc>
<status status="PASS" start="2024-05-09T19:11:16.054228" elapsed="0.000403"/>
</kw>
<kw name="Log" owner="BuiltIn">
<msg time="2024-05-09T19:11:16.055067" level="INFO">email</msg>
<arg>${key}</arg>
<doc>Logs the given message with the given level.</doc>
<status status="PASS" start="2024-05-09T19:11:16.054920" elapsed="0.000187"/>
</kw>
<var name="${key}">email</var>
<status status="PASS" start="2024-05-09T19:11:16.053392" elapsed="0.001935"/>
</iter>
<iter>
<kw name="Dictionary Should Contain Key" owner="Collections">
<msg time="2024-05-09T19:11:16.055994" level="INFO">False</msg>
<arg>${json_data['results'][0]}</arg>
<arg>${key}</arg>
<doc>Fails if ``key`` is not found from ``dictionary``.</doc>
<status status="PASS" start="2024-05-09T19:11:16.055609" elapsed="0.000423"/>
</kw>
<kw name="Log" owner="BuiltIn">
<msg time="2024-05-09T19:11:16.056690" level="INFO">{'gender': 'male', 'name': {'title': 'Monsieur', 'first': 'Nick', 'last': 'Dufour'}, 'location': {'street': {'number': 661, 'name': 'Rue Louis-Blanqui'}, 'city': 'Saint-Aubin (Fr)', 'state': 'Luzern', 'country': 'Switzerland', 'postcode': 1596, 'coordinates': {'latitude': '-56.4851', 'longitude': '-81.4538'}, 'timezone': {'offset': '-11:00', 'description': 'Midway Island, Samoa'}}, 'email': 'nick.dufour@example.com', 'login': {'uuid': 'b311ec76-8455-4f82-92e9-b9311d5d5214', 'username': 'tinymouse736', 'password': 'bigmike', 'salt': 'Hrvt7Fl2', 'md5': '949cc0fa150bb43f9844dbae813efdbf', 'sha1': 'efec91e41d3a5790be32271a8d5faa1960f41837', 'sha256': '154b065f9965d129111224c48e33e39e3904a2833bd6af77d40d8963cd1d8056'}, 'dob': {'date': '1976-09-16T14:41:35.054Z', 'age': 47}, 'registered': {'date': '2006-09-30T19:27:23.705Z', 'age': 17}, 'phone': '079 383 11 28', 'cell': '075 301 18 45', 'id': {'name': 'AVS', 'value': '756.3438.9726.35'}, 'picture': {'large': 'https://randomuser.me/api/portraits/men/8.jpg', 'medium': 'https://randomuser.me/api/portraits/med/men/8.jpg', 'thumbnail': 'https://randomuser.me/api/portraits/thumb/men/8.jpg'}, 'nat': 'CH'}</msg>
<arg>${json_data['results'][0]}</arg>
<doc>Logs the given message with the given level.</doc>
<status status="PASS" start="2024-05-09T19:11:16.056322" elapsed="0.000416"/>
</kw>
<kw name="Log" owner="BuiltIn">
<msg time="2024-05-09T19:11:16.057167" level="INFO">login</msg>
<arg>${key}</arg>
<doc>Logs the given message with the given level.</doc>
<status status="PASS" start="2024-05-09T19:11:16.057040" elapsed="0.000165"/>
</kw>
<var name="${key}">login</var>
<status status="PASS" start="2024-05-09T19:11:16.055498" elapsed="0.001944"/>
</iter>
<var>${key}</var>
<value>@{expected_keys}</value>
<status status="PASS" start="2024-05-09T19:11:16.046698" elapsed="0.010869"/>
</for>
<kw name="Create List" owner="BuiltIn">
<msg time="2024-05-09T19:11:16.057902" level="INFO">${expected_keysTwo} = ['username', 'password']</msg>
<var>${expected_keysTwo}</var>
<arg>username</arg>
<arg>password</arg>
<doc>Returns a list containing given items.</doc>
<status status="PASS" start="2024-05-09T19:11:16.057765" elapsed="0.000160"/>
</kw>
<for flavor="IN">
<iter>
<kw name="Dictionary Should Contain Key" owner="Collections">
<msg time="2024-05-09T19:11:16.058822" level="INFO">False</msg>
<arg>${json_data['results'][0]['login']}</arg>
<arg>${keyTwo}</arg>
<doc>Fails if ``key`` is not found from ``dictionary``.</doc>
<status status="PASS" start="2024-05-09T19:11:16.058429" elapsed="0.000430"/>
</kw>
<kw name="Dictionary Should Contain Key" owner="Collections">
<msg time="2024-05-09T19:11:16.059576" level="INFO">False</msg>
<arg>${json_data['results'][0]['login']}</arg>
<arg>${keyTwo}</arg>
<doc>Fails if ``key`` is not found from ``dictionary``.</doc>
<status status="PASS" start="2024-05-09T19:11:16.059183" elapsed="0.000430"/>
</kw>
<kw name="Log" owner="BuiltIn">
<msg time="2024-05-09T19:11:16.060032" level="INFO">username</msg>
<arg>${keyTwo}</arg>
<doc>Logs the given message with the given level.</doc>
<status status="PASS" start="2024-05-09T19:11:16.059905" elapsed="0.000171"/>
</kw>
<var name="${keyTwo}">username</var>
<status status="PASS" start="2024-05-09T19:11:16.058318" elapsed="0.001974"/>
</iter>
<iter>
<kw name="Dictionary Should Contain Key" owner="Collections">
<msg time="2024-05-09T19:11:16.060965" level="INFO">False</msg>
<arg>${json_data['results'][0]['login']}</arg>
<arg>${keyTwo}</arg>
<doc>Fails if ``key`` is not found from ``dictionary``.</doc>
<status status="PASS" start="2024-05-09T19:11:16.060578" elapsed="0.000425"/>
</kw>
<kw name="Dictionary Should Contain Key" owner="Collections">
<msg time="2024-05-09T19:11:16.061777" level="INFO">False</msg>
<arg>${json_data['results'][0]['login']}</arg>
<arg>${keyTwo}</arg>
<doc>Fails if ``key`` is not found from ``dictionary``.</doc>
<status status="PASS" start="2024-05-09T19:11:16.061296" elapsed="0.000519"/>
</kw>
<kw name="Log" owner="BuiltIn">
<msg time="2024-05-09T19:11:16.062242" level="INFO">password</msg>
<arg>${keyTwo}</arg>
<doc>Logs the given message with the given level.</doc>
<status status="PASS" start="2024-05-09T19:11:16.062112" elapsed="0.000168"/>
</kw>
<var name="${keyTwo}">password</var>
<status status="PASS" start="2024-05-09T19:11:16.060466" elapsed="0.002032"/>
</iter>
<var>${keyTwo}</var>
<value>@{expected_keysTwo}</value>
<status status="PASS" start="2024-05-09T19:11:16.058163" elapsed="0.004457"/>
</for>
<status status="PASS" start="2024-05-09T19:11:15.950353" elapsed="0.112412"/>
</kw>
<doc>Testa a estrutura da resposta da API.</doc>
<tag>testeEstruturaResposta</tag>
<status status="PASS" start="2024-05-09T19:11:15.949826" elapsed="0.113103"/>
</test>
<test id="s1-s1-t4" name="Validar tipos de dados" line="28">
<kw name="Teste de Tipos de Dados" owner="random-user-service">
<kw name="GET On Session" owner="RequestsLibrary">
<msg time="2024-05-09T19:11:16.137681" level="INFO">GET Request : url=https://randomuser.me/api 
 path_url=/api 
 headers={'User-Agent': 'python-requests/2.31.0', 'Accept-Encoding': 'gzip, deflate', 'Accept': '*/*', 'Connection': 'keep-alive'} 
 body=None 
 </msg>
<msg time="2024-05-09T19:11:16.137796" level="INFO">GET Response : url=https://randomuser.me/api 
 status=200, reason=OK 
 headers={'Date': 'Thu, 09 May 2024 19:11:16 GMT', 'Content-Type': 'application/json; charset=utf-8', 'Transfer-Encoding': 'chunked', 'Connection': 'keep-alive', 'X-Powered-By': 'Express', 'Access-Control-Allow-Origin': '*', 'Cache-Control': 'no-cache', 'ETag': 'W/"4a2-tz1aBlLYY/FfkSo/oPTKLgIdgfE"', 'Vary': 'Accept-Encoding', 'Content-Encoding': 'gzip', 'CF-Cache-Status': 'DYNAMIC', 'Report-To': '{"endpoints":[{"url":"https:\\/\\/a.nel.cloudflare.com\\/report\\/v4?s=QlDAa2LKFnXBhmGjk3kBu3Usbf2kaQ4mquUHHCJHsFx1UXLRxePAUpGxagdNLgBJJxscrAENgDFkT6KUhhJU7RfW7MS%2FiaSlxXB29vuxMHx7gkBsOGvrqeP133LVvTPj"}],"group":"cf-nel","max_age":604800}', 'NEL': '{"success_fraction":0,"report_to":"cf-nel","max_age":604800}', 'Server': 'cloudflare', 'CF-RAY': '8813fe8d78a7801b-IAD', 'alt-svc': 'h3=":443"; ma=86400'} 
 body={"results":[{"gender":"male","name":{"title":"Mr","first":"Johnny","last":"Barrett"},"location":{"street":{"number":6913,"name":"Spring St"},"city":"Tamworth","state":"Australian Capital Territory","country":"Australia","postcode":9733,"coordinates":{"latitude":"-85.0214","longitude":"-22.8102"},"timezone":{"offset":"-4:00","description":"Atlantic Time (Canada), Caracas, La Paz"}},"email":"johnny.barrett@example.com","login":{"uuid":"804bcd1d-1f60-44e7-a09e-6e3f69056295","username":"organicswan446","password":"12345","salt":"f0Acs4Dj","md5":"1dedb456802cc5ccd92bd7d279fc4fd3","sha1":"b22ede3f18ff5d2364c65d4f06d993eec4741868","sha256":"b271138c22a705f183cf956daae81afdbd07464c5ec88d3fcea37044c8d5fd96"},"dob":{"date":"1995-07-30T03:50:28.473Z","age":28},"registered":{"date":"2006-01-10T22:44:44.155Z","age":18},"phone":"04-5033-1634","cell":"0492-313-405","id":{"name":"TFN","value":"636030860"},"picture":{"large":"https://randomuser.me/api/portraits/men/97.jpg","medium":"https://randomuser.me/api/portraits/med/men/97.jpg","thumbnail":"https://randomuser.me/api/portraits/thumb/men/97.jpg"},"nat":"AU"}],"info":{"seed":"9de1d4d0fcc68a25","results":1,"page":1,"version":"1.4"}} 
 </msg>
<msg time="2024-05-09T19:11:16.137881" level="INFO">/opt/hostedtoolcache/Python/3.12.3/x64/lib/python3.12/site-packages/urllib3/connectionpool.py:1103: InsecureRequestWarning: Unverified HTTPS request is being made to host 'randomuser.me'. Adding certificate verification is strongly advised. See: https://urllib3.readthedocs.io/en/latest/advanced-usage.html#tls-warnings
  warnings.warn(</msg>
<msg time="2024-05-09T19:11:16.138053" level="INFO">${response} = &lt;Response [200]&gt;</msg>
<var>${response}</var>
<arg>consultarAPI</arg>
<arg>/api</arg>
<doc>Sends a GET request on a previously created HTTP Session.</doc>
<status status="PASS" start="2024-05-09T19:11:16.065474" elapsed="0.072625"/>
</kw>
<kw name="Set Variable" owner="BuiltIn">
<msg time="2024-05-09T19:11:16.139373" level="INFO">${json_data} = {'results': [{'gender': 'male', 'name': {'title': 'Mr', 'first': 'Johnny', 'last': 'Barrett'}, 'location': {'street': {'number': 6913, 'name': 'Spring St'}, 'city': 'Tamworth', 'state': 'Australian Ca...</msg>
<var>${json_data}</var>
<arg>${response.json()}</arg>
<doc>Returns the given values which can then be assigned to a variables.</doc>
<status status="PASS" start="2024-05-09T19:11:16.138777" elapsed="0.000627"/>
</kw>
<kw name="Log" owner="BuiltIn">
<msg time="2024-05-09T19:11:16.139904" level="INFO">{'results': [{'gender': 'male', 'name': {'title': 'Mr', 'first': 'Johnny', 'last': 'Barrett'}, 'location': {'street': {'number': 6913, 'name': 'Spring St'}, 'city': 'Tamworth', 'state': 'Australian Capital Territory', 'country': 'Australia', 'postcode': 9733, 'coordinates': {'latitude': '-85.0214', 'longitude': '-22.8102'}, 'timezone': {'offset': '-4:00', 'description': 'Atlantic Time (Canada), Caracas, La Paz'}}, 'email': 'johnny.barrett@example.com', 'login': {'uuid': '804bcd1d-1f60-44e7-a09e-6e3f69056295', 'username': 'organicswan446', 'password': '12345', 'salt': 'f0Acs4Dj', 'md5': '1dedb456802cc5ccd92bd7d279fc4fd3', 'sha1': 'b22ede3f18ff5d2364c65d4f06d993eec4741868', 'sha256': 'b271138c22a705f183cf956daae81afdbd07464c5ec88d3fcea37044c8d5fd96'}, 'dob': {'date': '1995-07-30T03:50:28.473Z', 'age': 28}, 'registered': {'date': '2006-01-10T22:44:44.155Z', 'age': 18}, 'phone': '04-5033-1634', 'cell': '0492-313-405', 'id': {'name': 'TFN', 'value': '636030860'}, 'picture': {'large': 'https://randomuser.me/api/portraits/men/97.jpg', 'medium': 'https://randomuser.me/api/portraits/med/men/97.jpg', 'thumbnail': 'https://randomuser.me/api/portraits/thumb/men/97.jpg'}, 'nat': 'AU'}], 'info': {'seed': '9de1d4d0fcc68a25', 'results': 1, 'page': 1, 'version': '1.4'}}</msg>
<arg>${json_data}</arg>
<doc>Logs the given message with the given level.</doc>
<status status="PASS" start="2024-05-09T19:11:16.139741" elapsed="0.000250"/>
</kw>
<kw name="Should Be String" owner="String">
<arg>${json_data['results'][0]['gender']}</arg>
<doc>Fails if the given ``item`` is not a string.</doc>
<status status="PASS" start="2024-05-09T19:11:16.140296" elapsed="0.000389"/>
</kw>
<kw name="Should Match Regexp" owner="BuiltIn">
<arg>${json_data['results'][0]['email']}</arg>
<arg>^[a-zA-Z0-9._%+-]+@[a-zA-Z0-9.-]+\.[a-zA-Z]{2,}$</arg>
<doc>Fails if ``string`` does not match ``pattern`` as a regular expression.</doc>
<status status="PASS" start="2024-05-09T19:11:16.140889" elapsed="0.000529"/>
</kw>
<kw name="Should Match Regexp" owner="BuiltIn">
<arg>${json_data['results'][0]['dob']['date']}</arg>
<arg>\\d{4}-\\d{2}-\\d{2}T\\d{2}:\\d{2}:\\d{2}\\.\\d{3}Z</arg>
<doc>Fails if ``string`` does not match ``pattern`` as a regular expression.</doc>
<status status="PASS" start="2024-05-09T19:11:16.141617" elapsed="0.000500"/>
</kw>
<kw name="Should Match Regexp" owner="BuiltIn">
<arg>${json_data['results'][0]['registered']['date']}</arg>
<arg>\\d{4}-\\d{2}-\\d{2}T\\d{2}:\\d{2}:\\d{2}\\.\\d{3}Z</arg>
<doc>Fails if ``string`` does not match ``pattern`` as a regular expression.</doc>
<status status="PASS" start="2024-05-09T19:11:16.142310" elapsed="0.000369"/>
</kw>
<kw name="Should Match Regexp" owner="BuiltIn">
<arg>${json_data['results'][0]['picture']['large']}</arg>
<arg>^https?://.*\.(?:png|jpe?g|gif|bmp)$</arg>
<doc>Fails if ``string`` does not match ``pattern`` as a regular expression.</doc>
<status status="PASS" start="2024-05-09T19:11:16.142866" elapsed="0.000495"/>
</kw>
<kw name="Should Match Regexp" owner="BuiltIn">
<arg>${json_data['results'][0]['picture']['medium']}</arg>
<arg>^https?://.*\.(?:png|jpe?g|gif|bmp)$</arg>
<doc>Fails if ``string`` does not match ``pattern`` as a regular expression.</doc>
<status status="PASS" start="2024-05-09T19:11:16.143552" elapsed="0.000373"/>
</kw>
<kw name="Should Match Regexp" owner="BuiltIn">
<arg>${json_data['results'][0]['picture']['thumbnail']}</arg>
<arg>^https?://.*\.(?:png|jpe?g|gif|bmp)$</arg>
<doc>Fails if ``string`` does not match ``pattern`` as a regular expression.</doc>
<status status="PASS" start="2024-05-09T19:11:16.144122" elapsed="0.000367"/>
</kw>
<kw name="Log" owner="BuiltIn">
<msg time="2024-05-09T19:11:16.145006" level="INFO">{'large': 'https://randomuser.me/api/portraits/men/97.jpg', 'medium': 'https://randomuser.me/api/portraits/med/men/97.jpg', 'thumbnail': 'https://randomuser.me/api/portraits/thumb/men/97.jpg'}</msg>
<arg>${json_data['results'][0]['picture']}</arg>
<doc>Logs the given message with the given level.</doc>
<status status="PASS" start="2024-05-09T19:11:16.144675" elapsed="0.000373"/>
</kw>
<status status="PASS" start="2024-05-09T19:11:16.065238" elapsed="0.080078"/>
</kw>
<kw name="Teste de Tipos de Dados - Postcode" owner="random-user-service">
<kw name="GET On Session" owner="RequestsLibrary">
<msg time="2024-05-09T19:11:16.236796" level="INFO">GET Request : url=https://randomuser.me/api 
 path_url=/api 
 headers={'User-Agent': 'python-requests/2.31.0', 'Accept-Encoding': 'gzip, deflate', 'Accept': '*/*', 'Connection': 'keep-alive'} 
 body=None 
 </msg>
<msg time="2024-05-09T19:11:16.236907" level="INFO">GET Response : url=https://randomuser.me/api 
 status=200, reason=OK 
 headers={'Date': 'Thu, 09 May 2024 19:11:16 GMT', 'Content-Type': 'application/json; charset=utf-8', 'Transfer-Encoding': 'chunked', 'Connection': 'keep-alive', 'X-Powered-By': 'Express', 'Access-Control-Allow-Origin': '*', 'Cache-Control': 'no-cache', 'ETag': 'W/"46b-iFf3G/ExDWqUukCmuT1JzNvwoQk"', 'Vary': 'Accept-Encoding', 'Content-Encoding': 'gzip', 'CF-Cache-Status': 'DYNAMIC', 'Report-To': '{"endpoints":[{"url":"https:\\/\\/a.nel.cloudflare.com\\/report\\/v4?s=%2FH8OgR34HSJk38soSJ%2BKIDCK776ZCPZjqqIj0%2BSE2%2FUEjlaB4jKl4zD4s%2FbExVbIehJ2Zn5p3meifmTOjaHyqCj8lMVXrwsxytIoh186Ya93leVfYiiTf13dVqM6o6Us"}],"group":"cf-nel","max_age":604800}', 'NEL': '{"success_fraction":0,"report_to":"cf-nel","max_age":604800}', 'Server': 'cloudflare', 'CF-RAY': '8813fe8df933801b-IAD', 'alt-svc': 'h3=":443"; ma=86400'} 
 body={"results":[{"gender":"female","name":{"title":"Mrs","first":"Åse","last":"Bernhardsen"},"location":{"street":{"number":1990,"name":"Hagtornveien"},"city":"Glomfjord","state":"Oslo","country":"Norway","postcode":"8352","coordinates":{"latitude":"45.1486","longitude":"63.4959"},"timezone":{"offset":"+4:30","description":"Kabul"}},"email":"ase.bernhardsen@example.com","login":{"uuid":"f0aa3439-aba5-488c-9d5a-d80f77a987b2","username":"redswan557","password":"everton","salt":"QOwFIVM1","md5":"51608f5559d4dfb35f7d071a21db72af","sha1":"bba9e09b21309687c2654f0138a3a4b9ad5bed33","sha256":"f842f2bed07ce1d616f5609ab69b6163f6a9736ab8b268e70457b94ec8e119c2"},"dob":{"date":"1946-10-04T15:56:36.340Z","age":77},"registered":{"date":"2021-11-28T01:40:12.249Z","age":2},"phone":"56554717","cell":"44851693","id":{"name":"FN","value":"04104649497"},"picture":{"large":"https://randomuser.me/api/portraits/women/42.jpg","medium":"https://randomuser.me/api/portraits/med/women/42.jpg","thumbnail":"https://randomuser.me/api/portraits/thumb/women/42.jpg"},"nat":"NO"}],"info":{"seed":"5814ce47d825d3f2","results":1,"page":1,"version":"1.4"}} 
 </msg>
<msg time="2024-05-09T19:11:16.236994" level="INFO">/opt/hostedtoolcache/Python/3.12.3/x64/lib/python3.12/site-packages/urllib3/connectionpool.py:1103: InsecureRequestWarning: Unverified HTTPS request is being made to host 'randomuser.me'. Adding certificate verification is strongly advised. See: https://urllib3.readthedocs.io/en/latest/advanced-usage.html#tls-warnings
  warnings.warn(</msg>
<msg time="2024-05-09T19:11:16.237156" level="INFO">${response} = &lt;Response [200]&gt;</msg>
<var>${response}</var>
<arg>consultarAPI</arg>
<arg>/api</arg>
<doc>Sends a GET request on a previously created HTTP Session.</doc>
<status status="PASS" start="2024-05-09T19:11:16.145795" elapsed="0.091411"/>
</kw>
<kw name="Set Variable" owner="BuiltIn">
<msg time="2024-05-09T19:11:16.238321" level="INFO">${json_data} = {'results': [{'gender': 'female', 'name': {'title': 'Mrs', 'first': 'Åse', 'last': 'Bernhardsen'}, 'location': {'street': {'number': 1990, 'name': 'Hagtornveien'}, 'city': 'Glomfjord', 'state': 'Oslo'...</msg>
<var>${json_data}</var>
<arg>${response.json()}</arg>
<doc>Returns the given values which can then be assigned to a variables.</doc>
<status status="PASS" start="2024-05-09T19:11:16.237783" elapsed="0.000566"/>
</kw>
<kw name="Log" owner="BuiltIn">
<msg time="2024-05-09T19:11:16.238837" level="INFO">{'results': [{'gender': 'female', 'name': {'title': 'Mrs', 'first': 'Åse', 'last': 'Bernhardsen'}, 'location': {'street': {'number': 1990, 'name': 'Hagtornveien'}, 'city': 'Glomfjord', 'state': 'Oslo', 'country': 'Norway', 'postcode': '8352', 'coordinates': {'latitude': '45.1486', 'longitude': '63.4959'}, 'timezone': {'offset': '+4:30', 'description': 'Kabul'}}, 'email': 'ase.bernhardsen@example.com', 'login': {'uuid': 'f0aa3439-aba5-488c-9d5a-d80f77a987b2', 'username': 'redswan557', 'password': 'everton', 'salt': 'QOwFIVM1', 'md5': '51608f5559d4dfb35f7d071a21db72af', 'sha1': 'bba9e09b21309687c2654f0138a3a4b9ad5bed33', 'sha256': 'f842f2bed07ce1d616f5609ab69b6163f6a9736ab8b268e70457b94ec8e119c2'}, 'dob': {'date': '1946-10-04T15:56:36.340Z', 'age': 77}, 'registered': {'date': '2021-11-28T01:40:12.249Z', 'age': 2}, 'phone': '56554717', 'cell': '44851693', 'id': {'name': 'FN', 'value': '04104649497'}, 'picture': {'large': 'https://randomuser.me/api/portraits/women/42.jpg', 'medium': 'https://randomuser.me/api/portraits/med/women/42.jpg', 'thumbnail': 'https://randomuser.me/api/portraits/thumb/women/42.jpg'}, 'nat': 'NO'}], 'info': {'seed': '5814ce47d825d3f2', 'results': 1, 'page': 1, 'version': '1.4'}}</msg>
<arg>${json_data}</arg>
<doc>Logs the given message with the given level.</doc>
<status status="PASS" start="2024-05-09T19:11:16.238678" elapsed="0.000249"/>
</kw>
<kw name="Should Be Equal As Numbers" owner="BuiltIn">
<arg>${json_data['results'][0]['location']['postcode']}</arg>
<arg>${json_data['results'][0]['location']['postcode']}</arg>
<doc>Fails if objects are unequal after converting them to real numbers.</doc>
<status status="PASS" start="2024-05-09T19:11:16.239311" elapsed="0.000853"/>
</kw>
<kw name="Log" owner="BuiltIn">
<msg time="2024-05-09T19:11:16.240704" level="INFO">8352</msg>
<arg>${json_data['results'][0]['location']['postcode']}</arg>
<doc>Logs the given message with the given level.</doc>
<status status="PASS" start="2024-05-09T19:11:16.240361" elapsed="0.000384"/>
</kw>
<status status="PASS" start="2024-05-09T19:11:16.145556" elapsed="0.095459"/>
</kw>
<doc>Testa se os tipos de dados na resposta da API estão corretos.</doc>
<tag>testeTiposDados</tag>
<status status="PASS" start="2024-05-09T19:11:16.064768" elapsed="0.176418"/>
</test>
<test id="s1-s1-t5" name="Validar conteudo" line="35">
<kw name="Teste de Tipos de Conteudo" owner="random-user-service">
<kw name="GET On Session" owner="RequestsLibrary">
<msg time="2024-05-09T19:11:16.333950" level="INFO">GET Request : url=https://randomuser.me/api 
 path_url=/api 
 headers={'User-Agent': 'python-requests/2.31.0', 'Accept-Encoding': 'gzip, deflate', 'Accept': '*/*', 'Connection': 'keep-alive'} 
 body=None 
 </msg>
<msg time="2024-05-09T19:11:16.334072" level="INFO">GET Response : url=https://randomuser.me/api 
 status=200, reason=OK 
 headers={'Date': 'Thu, 09 May 2024 19:11:16 GMT', 'Content-Type': 'application/json; charset=utf-8', 'Transfer-Encoding': 'chunked', 'Connection': 'keep-alive', 'X-Powered-By': 'Express', 'Access-Control-Allow-Origin': '*', 'Cache-Control': 'no-cache', 'ETag': 'W/"47b-2aBeEDzOTATJLaTIKd5ILCbk+DA"', 'Vary': 'Accept-Encoding', 'Content-Encoding': 'gzip', 'CF-Cache-Status': 'DYNAMIC', 'Report-To': '{"endpoints":[{"url":"https:\\/\\/a.nel.cloudflare.com\\/report\\/v4?s=codDebuaMug6gZPLLcLvJhJ4zrtkpfwHsJ06qOMlQv0i5rMG36P3XMUWtdsvsoeXcysGpt%2BOVLjet7aIBXsEr2fTm3eN5qZvzmCRy8jSF34z4wmBO51R4aNcN5HVDa61"}],"group":"cf-nel","max_age":604800}', 'NEL': '{"success_fraction":0,"report_to":"cf-nel","max_age":604800}', 'Server': 'cloudflare', 'CF-RAY': '8813fe8e89ba801b-IAD', 'alt-svc': 'h3=":443"; ma=86400'} 
 body={"results":[{"gender":"female","name":{"title":"Mrs","first":"Izolda","last":"Anđelić"},"location":{"street":{"number":9123,"name":"Laze Telečkog "},"city":"Kruševac","state":"Prizren","country":"Serbia","postcode":38072,"coordinates":{"latitude":"55.7492","longitude":"100.2999"},"timezone":{"offset":"-2:00","description":"Mid-Atlantic"}},"email":"izolda.andelic@example.com","login":{"uuid":"5076e669-4684-450e-9bdf-2a3d0af317ef","username":"yellowcat704","password":"stuff","salt":"xGrwd52U","md5":"9b35b4821d9edc38f7c3b4b96625b455","sha1":"024ed5e290692b16bf29ecc66d06e387089d782c","sha256":"56ec4be5bc1533e3b0c546b26794bb7e5ecd7a68ef2b2d752c8a5b404f384949"},"dob":{"date":"1958-03-03T20:28:25.801Z","age":66},"registered":{"date":"2018-12-22T11:40:52.337Z","age":5},"phone":"029-2049-947","cell":"069-9975-982","id":{"name":"SID","value":"682845857"},"picture":{"large":"https://randomuser.me/api/portraits/women/0.jpg","medium":"https://randomuser.me/api/portraits/med/women/0.jpg","thumbnail":"https://randomuser.me/api/portraits/thumb/women/0.jpg"},"nat":"RS"}],"info":{"seed":"5772525db911d200","results":1,"page":1,"version":"1.4"}} 
 </msg>
<msg time="2024-05-09T19:11:16.334159" level="INFO">/opt/hostedtoolcache/Python/3.12.3/x64/lib/python3.12/site-packages/urllib3/connectionpool.py:1103: InsecureRequestWarning: Unverified HTTPS request is being made to host 'randomuser.me'. Adding certificate verification is strongly advised. See: https://urllib3.readthedocs.io/en/latest/advanced-usage.html#tls-warnings
  warnings.warn(</msg>
<msg time="2024-05-09T19:11:16.334327" level="INFO">${response} = &lt;Response [200]&gt;</msg>
<var>${response}</var>
<arg>consultarAPI</arg>
<arg>/api</arg>
<doc>Sends a GET request on a previously created HTTP Session.</doc>
<status status="PASS" start="2024-05-09T19:11:16.243822" elapsed="0.090561"/>
</kw>
<kw name="Set Variable" owner="BuiltIn">
<msg time="2024-05-09T19:11:16.335490" level="INFO">${json_data} = {'results': [{'gender': 'female', 'name': {'title': 'Mrs', 'first': 'Izolda', 'last': 'Anđelić'}, 'location': {'street': {'number': 9123, 'name': 'Laze Telečkog '}, 'city': 'Kruševac', 'state': 'Prizr...</msg>
<var>${json_data}</var>
<arg>${response.json()}</arg>
<doc>Returns the given values which can then be assigned to a variables.</doc>
<status status="PASS" start="2024-05-09T19:11:16.334908" elapsed="0.000612"/>
</kw>
<kw name="Set Variable" owner="BuiltIn">
<msg time="2024-05-09T19:11:16.336221" level="INFO">${name_title} = Mrs</msg>
<var>${name_title}</var>
<arg>${json_data["results"][0]["name"]["title"]}</arg>
<doc>Returns the given values which can then be assigned to a variables.</doc>
<status status="PASS" start="2024-05-09T19:11:16.335837" elapsed="0.000409"/>
</kw>
<kw name="Create List" owner="BuiltIn">
<msg time="2024-05-09T19:11:16.336687" level="INFO">${allowed_titles} = ['Mr', 'Ms', 'Miss', 'Mrs', 'Madame', 'Monsieur']</msg>
<var>${allowed_titles}</var>
<arg>Mr</arg>
<arg>Ms</arg>
<arg>Miss</arg>
<arg>Mrs</arg>
<arg>Madame</arg>
<arg>Monsieur</arg>
<doc>Returns a list containing given items.</doc>
<status status="PASS" start="2024-05-09T19:11:16.336540" elapsed="0.000172"/>
</kw>
<kw name="List Should Contain Value" owner="Collections">
<msg time="2024-05-09T19:11:16.337180" level="INFO">False</msg>
<arg>${allowed_titles}</arg>
<arg>${name_title}</arg>
<doc>Fails if the ``value`` is not found from ``list``.</doc>
<status status="PASS" start="2024-05-09T19:11:16.337005" elapsed="0.000212"/>
</kw>
<kw name="Set Variable" owner="BuiltIn">
<msg time="2024-05-09T19:11:16.337885" level="INFO">${name_country} = RS</msg>
<var>${name_country}</var>
<arg>${json_data["results"][0]["nat"]}</arg>
<doc>Returns the given values which can then be assigned to a variables.</doc>
<status status="PASS" start="2024-05-09T19:11:16.337503" elapsed="0.000407"/>
</kw>
<kw name="Create List" owner="BuiltIn">
<msg time="2024-05-09T19:11:16.338791" level="INFO">${list_country} = ['AD', 'AE', 'AF', 'AG', 'AI', 'AL', 'AM', 'AO', 'AQ', 'AR', 'AS', 'AT', 'AU', 'AW', 'AX', 'AZ', 'BA', 'BB', 'BD', 'BE', 'BF', 'BG', 'BH', 'BI', 'BJ', 'BL', 'BM', 'BN', 'BO', 'BQ', 'BR', 'BS', 'BT', '...</msg>
<var>${list_country}</var>
<arg>AD</arg>
<arg>AE</arg>
<arg>AF</arg>
<arg>AG</arg>
<arg>AI</arg>
<arg>AL</arg>
<arg>AM</arg>
<arg>AO</arg>
<arg>AQ</arg>
<arg>AR</arg>
<arg>AS</arg>
<arg>AT</arg>
<arg>AU</arg>
<arg>AW</arg>
<arg>AX</arg>
<arg>AZ</arg>
<arg>BA</arg>
<arg>BB</arg>
<arg>BD</arg>
<arg>BE</arg>
<arg>BF</arg>
<arg>BG</arg>
<arg>BH</arg>
<arg>BI</arg>
<arg>BJ</arg>
<arg>BL</arg>
<arg>BM</arg>
<arg>BN</arg>
<arg>BO</arg>
<arg>BQ</arg>
<arg>BR</arg>
<arg>BS</arg>
<arg>BT</arg>
<arg>BV</arg>
<arg>BW</arg>
<arg>BY</arg>
<arg>BZ</arg>
<arg>CA</arg>
<arg>CC</arg>
<arg>CD</arg>
<arg>CF</arg>
<arg>CG</arg>
<arg>CH</arg>
<arg>CI</arg>
<arg>CK</arg>
<arg>CL</arg>
<arg>CM</arg>
<arg>CN</arg>
<arg>CO</arg>
<arg>CR</arg>
<arg>CU</arg>
<arg>CV</arg>
<arg>CW</arg>
<arg>CX</arg>
<arg>CY</arg>
<arg>CZ</arg>
<arg>DE</arg>
<arg>DJ</arg>
<arg>DK</arg>
<arg>DM</arg>
<arg>DO</arg>
<arg>DZ</arg>
<arg>EC</arg>
<arg>EE</arg>
<arg>EG</arg>
<arg>EH</arg>
<arg>ER</arg>
<arg>ES</arg>
<arg>ET</arg>
<arg>FI</arg>
<arg>FJ</arg>
<arg>FK</arg>
<arg>FM</arg>
<arg>FO</arg>
<arg>FR</arg>
<arg>GA</arg>
<arg>GB</arg>
<arg>GD</arg>
<arg>GE</arg>
<arg>GF</arg>
<arg>GG</arg>
<arg>GH</arg>
<arg>GI</arg>
<arg>GL</arg>
<arg>GM</arg>
<arg>GN</arg>
<arg>GP</arg>
<arg>GQ</arg>
<arg>GR</arg>
<arg>GS</arg>
<arg>GT</arg>
<arg>GU</arg>
<arg>GW</arg>
<arg>GY</arg>
<arg>HK</arg>
<arg>HM</arg>
<arg>HN</arg>
<arg>HR</arg>
<arg>HT</arg>
<arg>HU</arg>
<arg>ID</arg>
<arg>IE</arg>
<arg>IL</arg>
<arg>IM</arg>
<arg>IN</arg>
<arg>IO</arg>
<arg>IQ</arg>
<arg>IR</arg>
<arg>IS</arg>
<arg>IT</arg>
<arg>JE</arg>
<arg>JM</arg>
<arg>JO</arg>
<arg>JP</arg>
<arg>KE</arg>
<arg>KG</arg>
<arg>KH</arg>
<arg>KI</arg>
<arg>KM</arg>
<arg>KN</arg>
<arg>KP</arg>
<arg>KR</arg>
<arg>KW</arg>
<arg>KY</arg>
<arg>KZ</arg>
<arg>LA</arg>
<arg>LB</arg>
<arg>LC</arg>
<arg>LI</arg>
<arg>LK</arg>
<arg>LR</arg>
<arg>LS</arg>
<arg>LT</arg>
<arg>LU</arg>
<arg>LV</arg>
<arg>LY</arg>
<arg>MA</arg>
<arg>MC</arg>
<arg>MD</arg>
<arg>ME</arg>
<arg>MF</arg>
<arg>MG</arg>
<arg>MH</arg>
<arg>MK</arg>
<arg>ML</arg>
<arg>MM</arg>
<arg>MN</arg>
<arg>MO</arg>
<arg>MP</arg>
<arg>MQ</arg>
<arg>MR</arg>
<arg>MS</arg>
<arg>MT</arg>
<arg>MU</arg>
<arg>MV</arg>
<arg>MW</arg>
<arg>MX</arg>
<arg>MY</arg>
<arg>MZ</arg>
<arg>NA</arg>
<arg>NC</arg>
<arg>NE</arg>
<arg>NF</arg>
<arg>NG</arg>
<arg>NI</arg>
<arg>NL</arg>
<arg>NO</arg>
<arg>NP</arg>
<arg>NR</arg>
<arg>NU</arg>
<arg>NZ</arg>
<arg>OM</arg>
<arg>PA</arg>
<arg>PE</arg>
<arg>PF</arg>
<arg>PG</arg>
<arg>PH</arg>
<arg>PK</arg>
<arg>PL</arg>
<arg>PM</arg>
<arg>PN</arg>
<arg>PR</arg>
<arg>PS</arg>
<arg>PT</arg>
<arg>PW</arg>
<arg>PY</arg>
<arg>QA</arg>
<arg>RE</arg>
<arg>RO</arg>
<arg>RS</arg>
<arg>RU</arg>
<arg>RW</arg>
<arg>SA</arg>
<arg>SB</arg>
<arg>SC</arg>
<arg>SD</arg>
<arg>SE</arg>
<arg>SG</arg>
<arg>SH</arg>
<arg>SI</arg>
<arg>SJ</arg>
<arg>SK</arg>
<arg>SL</arg>
<arg>SM</arg>
<arg>SN</arg>
<arg>SO</arg>
<arg>SR</arg>
<arg>SS</arg>
<arg>ST</arg>
<arg>SV</arg>
<arg>SX</arg>
<arg>SY</arg>
<arg>SZ</arg>
<arg>TC</arg>
<arg>TD</arg>
<arg>TF</arg>
<arg>TG</arg>
<arg>TH</arg>
<arg>TJ</arg>
<arg>TK</arg>
<arg>TL</arg>
<arg>TM</arg>
<arg>TN</arg>
<arg>TO</arg>
<arg>TR</arg>
<arg>TT</arg>
<arg>TV</arg>
<arg>TW</arg>
<arg>TZ</arg>
<arg>UA</arg>
<arg>UG</arg>
<arg>UM</arg>
<arg>US</arg>
<arg>UY</arg>
<arg>UZ</arg>
<arg>VA</arg>
<arg>VC</arg>
<arg>VE</arg>
<arg>VG</arg>
<arg>VI</arg>
<arg>VN</arg>
<arg>VU</arg>
<arg>WF</arg>
<arg>WS</arg>
<arg>XK</arg>
<arg>YE</arg>
<arg>YT</arg>
<arg>ZA</arg>
<arg>ZM</arg>
<arg>ZW</arg>
<doc>Returns a list containing given items.</doc>
<status status="PASS" start="2024-05-09T19:11:16.338204" elapsed="0.000612"/>
</kw>
<kw name="List Should Contain Value" owner="Collections">
<msg time="2024-05-09T19:11:16.339834" level="INFO">False</msg>
<arg>${list_country}</arg>
<arg>${name_country}</arg>
<doc>Fails if the ``value`` is not found from ``list``.</doc>
<status status="PASS" start="2024-05-09T19:11:16.339633" elapsed="0.000237"/>
</kw>
<kw name="Run Keyword If" owner="BuiltIn">
<kw name="Should Be True" owner="BuiltIn">
<arg>${True}</arg>
<doc>Fails if the given condition is not true.</doc>
<status status="PASS" start="2024-05-09T19:11:16.340944" elapsed="0.000141"/>
</kw>
<arg>${json_data["results"][0]["location"]["coordinates"]["latitude"]} &gt;= -90 and ${json_data["results"][0]["location"]["coordinates"]["latitude"]} &lt;= 90</arg>
<arg>Should Be True</arg>
<arg>${True}</arg>
<doc>Runs the given keyword with the given arguments, if ``condition`` is true.</doc>
<status status="PASS" start="2024-05-09T19:11:16.340176" elapsed="0.001035"/>
</kw>
<kw name="Run Keyword If" owner="BuiltIn">
<kw name="Should Be True" owner="BuiltIn">
<arg>${True}</arg>
<doc>Fails if the given condition is not true.</doc>
<status status="PASS" start="2024-05-09T19:11:16.342098" elapsed="0.000265"/>
</kw>
<arg>${json_data["results"][0]["location"]["coordinates"]["longitude"]} &gt;= -180 and ${json_data["results"][0]["location"]["coordinates"]["longitude"]} &lt;= 180</arg>
<arg>Should Be True</arg>
<arg>${True}</arg>
<doc>Runs the given keyword with the given arguments, if ``condition`` is true.</doc>
<status status="PASS" start="2024-05-09T19:11:16.341400" elapsed="0.001092"/>
</kw>
<status status="PASS" start="2024-05-09T19:11:16.243558" elapsed="0.099070"/>
</kw>
<doc>Testa o conteúdo específico dos campos retornados pela API.</doc>
<tag>testeConteudo</tag>
<status status="PASS" start="2024-05-09T19:11:16.243041" elapsed="0.099740"/>
</test>
<status status="PASS" start="2024-05-09T19:11:15.520971" elapsed="0.823838"/>
</suite>
<status status="PASS" start="2024-05-09T19:11:15.502504" elapsed="0.847554"/>
</suite>
<statistics>
<total>
<stat pass="5" fail="0" skip="0">All Tests</stat>
</total>
<tag>
<stat pass="1" fail="0" skip="0">testeConteudo</stat>
<stat pass="1" fail="0" skip="0">testeEstruturaResposta</stat>
<stat pass="1" fail="0" skip="0">testeRequisicaoBasica</stat>
<stat pass="1" fail="0" skip="0">testeTiposDados</stat>
</tag>
<suite>
<stat pass="5" fail="0" skip="0" id="s1" name="Tests">Tests</stat>
<stat pass="5" fail="0" skip="0" id="s1-s1" name="Random-User-Test">Tests.Random-User-Test</stat>
</suite>
</statistics>
<errors>
</errors>
</robot>
