<?xml version="1.0" encoding="UTF-8"?>
<robot generator="Robot 7.0.1 (Python 3.12.3 on linux)" generated="2024-06-13T03:16:55.210414" rpa="false" schemaversion="5">
<suite id="s1" name="Tests" source="/home/runner/work/ApiRandomUser/ApiRandomUser/RamdonUser/tests">
<suite id="s1-s1" name="Random-User-Test" source="/home/runner/work/ApiRandomUser/ApiRandomUser/RamdonUser/tests/random-user-test.robot">
<test id="s1-s1-t1" name="Conectar" line="13">
<kw name="Conectar API" owner="random-user-service">
<kw name="Create Session" owner="RequestsLibrary">
<msg time="2024-06-13T03:16:55.600358" level="INFO">Creating Session using : alias=consultarAPI, url=https://randomuser.me/, headers={},                     cookies={}, auth=None, timeout=None, proxies=None, verify=False,                     debug=0 </msg>
<arg>consultarAPI</arg>
<arg>${URL}</arg>
<doc>Create Session: create a HTTP session to a server</doc>
<status status="PASS" start="2024-06-13T03:16:55.600156" elapsed="0.000381"/>
</kw>
<status status="PASS" start="2024-06-13T03:16:55.599069" elapsed="0.001832"/>
</kw>
<status status="PASS" start="2024-06-13T03:16:55.598464" elapsed="0.002631"/>
</test>
<test id="s1-s1-t2" name="Validar retorno 200 e JSON Válido" line="16">
<kw name="Teste de Requisicao Basica" owner="random-user-service">
<kw name="GET On Session" owner="RequestsLibrary">
<msg time="2024-06-13T03:16:55.691942" level="INFO">GET Request : url=https://randomuser.me/api 
 path_url=/api 
 headers={'User-Agent': 'python-requests/2.32.3', 'Accept-Encoding': 'gzip, deflate', 'Accept': '*/*', 'Connection': 'keep-alive'} 
 body=None 
 </msg>
<msg time="2024-06-13T03:16:55.692072" level="INFO">GET Response : url=https://randomuser.me/api 
 status=200, reason=OK 
 headers={'Date': 'Thu, 13 Jun 2024 03:16:55 GMT', 'Content-Type': 'application/json; charset=utf-8', 'Transfer-Encoding': 'chunked', 'Connection': 'keep-alive', 'X-Powered-By': 'Express', 'Access-Control-Allow-Origin': '*', 'Cache-Control': 'no-cache', 'ETag': 'W/"496-SEOT6rryT0bj9dFldmuMRgsr1fQ"', 'Vary': 'Accept-Encoding', 'Content-Encoding': 'gzip', 'CF-Cache-Status': 'DYNAMIC', 'Report-To': '{"endpoints":[{"url":"https:\\/\\/a.nel.cloudflare.com\\/report\\/v4?s=0wzj9AoXhrkekP4OXMxAjl%2BFMc%2BvdsoPbSM0ELt7yNGMlH8PhnzdqLGP0cI%2BcKcFExiAwwhto3sBkYwsXl2kTjs4Rd%2B9ghnQYLPRqs2YZiKgaVYyUPFIFnFPFiao05CM"}],"group":"cf-nel","max_age":604800}', 'NEL': '{"success_fraction":0,"report_to":"cf-nel","max_age":604800}', 'Server': 'cloudflare', 'CF-RAY': '892eecb7cefd3955-IAD', 'alt-svc': 'h3=":443"; ma=86400'} 
 body={"results":[{"gender":"female","name":{"title":"Ms","first":"Mae","last":"Medina"},"location":{"street":{"number":9964,"name":"Lakeshore Rd"},"city":"Bunbury","state":"Western Australia","country":"Australia","postcode":2421,"coordinates":{"latitude":"-87.7164","longitude":"103.6572"},"timezone":{"offset":"+3:00","description":"Baghdad, Riyadh, Moscow, St. Petersburg"}},"email":"mae.medina@example.com","login":{"uuid":"a9a8f63f-c4cb-4da7-80e8-b86f06200de3","username":"orangepanda551","password":"toledo","salt":"pVSZPBVc","md5":"7c9f8926db2875fde8f87dfa51f5031c","sha1":"3385c2f4626f6ec2e7f87b9c3e12f620af90c9a1","sha256":"372b35e5f8cf5b73769fb7d749011ab493f44996a4ff486934669060ae078593"},"dob":{"date":"1968-01-27T12:12:57.669Z","age":56},"registered":{"date":"2021-02-23T20:25:08.786Z","age":3},"phone":"04-1008-9235","cell":"0455-662-127","id":{"name":"TFN","value":"039309893"},"picture":{"large":"https://randomuser.me/api/portraits/women/0.jpg","medium":"https://randomuser.me/api/portraits/med/women/0.jpg","thumbnail":"https://randomuser.me/api/portraits/thumb/women/0.jpg"},"nat":"AU"}],"info":{"seed":"bb572065dabc7aa0","results":1,"page":1,"version":"1.4"}} 
 </msg>
<msg time="2024-06-13T03:16:55.692147" level="INFO">/opt/hostedtoolcache/Python/3.12.3/x64/lib/python3.12/site-packages/urllib3/connectionpool.py:1103: InsecureRequestWarning: Unverified HTTPS request is being made to host 'randomuser.me'. Adding certificate verification is strongly advised. See: https://urllib3.readthedocs.io/en/latest/advanced-usage.html#tls-warnings
  warnings.warn(</msg>
<msg time="2024-06-13T03:16:55.692275" level="INFO">${response} = &lt;Response [200]&gt;</msg>
<var>${response}</var>
<arg>consultarAPI</arg>
<arg>/api</arg>
<doc>Sends a GET request on a previously created HTTP Session.</doc>
<status status="PASS" start="2024-06-13T03:16:55.603697" elapsed="0.088621"/>
</kw>
<kw name="Should Be Equal As Numbers" owner="BuiltIn">
<msg time="2024-06-13T03:16:55.693121" level="INFO">Argument types are:
&lt;class 'int'&gt;
&lt;class 'str'&gt;</msg>
<arg>${response.status_code}</arg>
<arg>200</arg>
<doc>Fails if objects are unequal after converting them to real numbers.</doc>
<status status="PASS" start="2024-06-13T03:16:55.692720" elapsed="0.000471"/>
</kw>
<kw name="Log" owner="BuiltIn">
<msg time="2024-06-13T03:16:55.693873" level="INFO">200</msg>
<arg>${response.status_code}</arg>
<doc>Logs the given message with the given level.</doc>
<status status="PASS" start="2024-06-13T03:16:55.693526" elapsed="0.000394"/>
</kw>
<kw name="Set Variable" owner="BuiltIn">
<msg time="2024-06-13T03:16:55.694641" level="INFO">${json_data} = {'results': [{'gender': 'female', 'name': {'title': 'Ms', 'first': 'Mae', 'last': 'Medina'}, 'location': {'street': {'number': 9964, 'name': 'Lakeshore Rd'}, 'city': 'Bunbury', 'state': 'Western Austr...</msg>
<var>${json_data}</var>
<arg>${response.json()}</arg>
<doc>Returns the given values which can then be assigned to a variables.</doc>
<status status="PASS" start="2024-06-13T03:16:55.694221" elapsed="0.000450"/>
</kw>
<kw name="Dictionary Should Contain Key" owner="Collections">
<arg>${json_data}</arg>
<arg>results</arg>
<doc>Fails if ``key`` is not found from ``dictionary``.</doc>
<status status="PASS" start="2024-06-13T03:16:55.694966" elapsed="0.000168"/>
</kw>
<status status="PASS" start="2024-06-13T03:16:55.603465" elapsed="0.091821"/>
</kw>
<doc>Testa se a API responde corretamente e retorna um objeto JSON válido.</doc>
<tag>testeRequisicaoBasica</tag>
<status status="PASS" start="2024-06-13T03:16:55.602950" elapsed="0.092502"/>
</test>
<test id="s1-s1-t3" name="Validar estrutura de resposta" line="22">
<kw name="Teste de Estrutura de Resposta" owner="random-user-service">
<kw name="GET On Session" owner="RequestsLibrary">
<msg time="2024-06-13T03:16:55.794023" level="INFO">GET Request : url=https://randomuser.me/api 
 path_url=/api 
 headers={'User-Agent': 'python-requests/2.32.3', 'Accept-Encoding': 'gzip, deflate', 'Accept': '*/*', 'Connection': 'keep-alive'} 
 body=None 
 </msg>
<msg time="2024-06-13T03:16:55.794104" level="INFO">GET Response : url=https://randomuser.me/api 
 status=200, reason=OK 
 headers={'Date': 'Thu, 13 Jun 2024 03:16:55 GMT', 'Content-Type': 'application/json; charset=utf-8', 'Transfer-Encoding': 'chunked', 'Connection': 'keep-alive', 'X-Powered-By': 'Express', 'Access-Control-Allow-Origin': '*', 'Cache-Control': 'no-cache', 'ETag': 'W/"4ae-MtH01Z4iKgXAkPBEQDCAw1yn92w"', 'Vary': 'Accept-Encoding', 'Content-Encoding': 'gzip', 'CF-Cache-Status': 'DYNAMIC', 'Report-To': '{"endpoints":[{"url":"https:\\/\\/a.nel.cloudflare.com\\/report\\/v4?s=mSzhXp9QMqHd5VTIMxBLST3tBJvfEnLBATJH2ad3uSj5jviZpp7hX3Janjuv95xd9Bp4eyPZLcRNvvGw6zqq%2FBTYf%2F6B239x7PUqNq%2FZOp06QKicBUU8KfjxmNqk2KK%2B"}],"group":"cf-nel","max_age":604800}', 'NEL': '{"success_fraction":0,"report_to":"cf-nel","max_age":604800}', 'Server': 'cloudflare', 'CF-RAY': '892eecb82f6d3955-IAD', 'alt-svc': 'h3=":443"; ma=86400'} 
 body={"results":[{"gender":"female","name":{"title":"Ms","first":"María","last":"Valencia"},"location":{"street":{"number":1756,"name":"Peatonal Coahuila de Zaragoza"},"city":"Ciudad Obregón","state":"Tlaxcala","country":"Mexico","postcode":34014,"coordinates":{"latitude":"28.5358","longitude":"69.3422"},"timezone":{"offset":"-8:00","description":"Pacific Time (US &amp; Canada)"}},"email":"maria.valencia@example.com","login":{"uuid":"aeb22b2e-410d-45b5-a24f-d9a58011106c","username":"yellowsnake615","password":"cricket1","salt":"gc1wRw5k","md5":"5b1bfa18d682c5f8b75feda7cef2d087","sha1":"9c038a2da610a4a81287fb8122e7509f118c8658","sha256":"8e94eae653dafb23fa5d5c9aab2a45e27321bddbb84efbd3edaf84b700703972"},"dob":{"date":"1980-06-20T04:11:04.557Z","age":43},"registered":{"date":"2008-07-23T00:41:10.723Z","age":15},"phone":"(600) 000 3771","cell":"(629) 100 9532","id":{"name":"NSS","value":"48 98 07 2771 0"},"picture":{"large":"https://randomuser.me/api/portraits/women/49.jpg","medium":"https://randomuser.me/api/portraits/med/women/49.jpg","thumbnail":"https://randomuser.me/api/portraits/thumb/women/49.jpg"},"nat":"MX"}],"info":{"seed":"94bab6562e7936b5","results":1,"page":1,"version":"1.4"}} 
 </msg>
<msg time="2024-06-13T03:16:55.794237" level="INFO">/opt/hostedtoolcache/Python/3.12.3/x64/lib/python3.12/site-packages/urllib3/connectionpool.py:1103: InsecureRequestWarning: Unverified HTTPS request is being made to host 'randomuser.me'. Adding certificate verification is strongly advised. See: https://urllib3.readthedocs.io/en/latest/advanced-usage.html#tls-warnings
  warnings.warn(</msg>
<msg time="2024-06-13T03:16:55.794366" level="INFO">${response} = &lt;Response [200]&gt;</msg>
<var>${response}</var>
<arg>consultarAPI</arg>
<arg>/api</arg>
<doc>Sends a GET request on a previously created HTTP Session.</doc>
<status status="PASS" start="2024-06-13T03:16:55.698501" elapsed="0.095902"/>
</kw>
<kw name="Set Variable" owner="BuiltIn">
<msg time="2024-06-13T03:16:55.795211" level="INFO">${json_data} = {'results': [{'gender': 'female', 'name': {'title': 'Ms', 'first': 'María', 'last': 'Valencia'}, 'location': {'street': {'number': 1756, 'name': 'Peatonal Coahuila de Zaragoza'}, 'city': 'Ciudad Obreg...</msg>
<var>${json_data}</var>
<arg>${response.json()}</arg>
<doc>Returns the given values which can then be assigned to a variables.</doc>
<status status="PASS" start="2024-06-13T03:16:55.794756" elapsed="0.000485"/>
</kw>
<kw name="Log" owner="BuiltIn">
<msg time="2024-06-13T03:16:55.795738" level="INFO">{'results': [{'gender': 'female', 'name': {'title': 'Ms', 'first': 'María', 'last': 'Valencia'}, 'location': {'street': {'number': 1756, 'name': 'Peatonal Coahuila de Zaragoza'}, 'city': 'Ciudad Obregón', 'state': 'Tlaxcala', 'country': 'Mexico', 'postcode': 34014, 'coordinates': {'latitude': '28.5358', 'longitude': '69.3422'}, 'timezone': {'offset': '-8:00', 'description': 'Pacific Time (US &amp; Canada)'}}, 'email': 'maria.valencia@example.com', 'login': {'uuid': 'aeb22b2e-410d-45b5-a24f-d9a58011106c', 'username': 'yellowsnake615', 'password': 'cricket1', 'salt': 'gc1wRw5k', 'md5': '5b1bfa18d682c5f8b75feda7cef2d087', 'sha1': '9c038a2da610a4a81287fb8122e7509f118c8658', 'sha256': '8e94eae653dafb23fa5d5c9aab2a45e27321bddbb84efbd3edaf84b700703972'}, 'dob': {'date': '1980-06-20T04:11:04.557Z', 'age': 43}, 'registered': {'date': '2008-07-23T00:41:10.723Z', 'age': 15}, 'phone': '(600) 000 3771', 'cell': '(629) 100 9532', 'id': {'name': 'NSS', 'value': '48 98 07 2771 0'}, 'picture': {'large': 'https://randomuser.me/api/portraits/women/49.jpg', 'medium': 'https://randomuser.me/api/portraits/med/women/49.jpg', 'thumbnail': 'https://randomuser.me/api/portraits/thumb/women/49.jpg'}, 'nat': 'MX'}], 'info': {'seed': '94bab6562e7936b5', 'results': 1, 'page': 1, 'version': '1.4'}}</msg>
<arg>${json_data}</arg>
<doc>Logs the given message with the given level.</doc>
<status status="PASS" start="2024-06-13T03:16:55.795548" elapsed="0.000261"/>
</kw>
<kw name="Dictionary Should Contain Key" owner="Collections">
<arg>${json_data}</arg>
<arg>results</arg>
<doc>Fails if ``key`` is not found from ``dictionary``.</doc>
<status status="PASS" start="2024-06-13T03:16:55.796113" elapsed="0.000158"/>
</kw>
<kw name="Should Not Be Empty" owner="BuiltIn">
<msg time="2024-06-13T03:16:55.796583" level="INFO">Length is 2.</msg>
<arg>${json_data}</arg>
<doc>Verifies that the given item is not empty.</doc>
<status status="PASS" start="2024-06-13T03:16:55.796459" elapsed="0.000163"/>
</kw>
<kw name="Create List" owner="BuiltIn">
<msg time="2024-06-13T03:16:55.797061" level="INFO">${expected_keys} = ['gender', 'name', 'location', 'email', 'login']</msg>
<var>${expected_keys}</var>
<arg>gender</arg>
<arg>name</arg>
<arg>location</arg>
<arg>email</arg>
<arg>login</arg>
<doc>Returns a list containing given items.</doc>
<status status="PASS" start="2024-06-13T03:16:55.796912" elapsed="0.000173"/>
</kw>
<for flavor="IN">
<iter>
<kw name="Dictionary Should Contain Key" owner="Collections">
<arg>${json_data['results'][0]}</arg>
<arg>${key}</arg>
<doc>Fails if ``key`` is not found from ``dictionary``.</doc>
<status status="PASS" start="2024-06-13T03:16:55.797667" elapsed="0.000400"/>
</kw>
<kw name="Log" owner="BuiltIn">
<msg time="2024-06-13T03:16:55.798626" level="INFO">{'gender': 'female', 'name': {'title': 'Ms', 'first': 'María', 'last': 'Valencia'}, 'location': {'street': {'number': 1756, 'name': 'Peatonal Coahuila de Zaragoza'}, 'city': 'Ciudad Obregón', 'state': 'Tlaxcala', 'country': 'Mexico', 'postcode': 34014, 'coordinates': {'latitude': '28.5358', 'longitude': '69.3422'}, 'timezone': {'offset': '-8:00', 'description': 'Pacific Time (US &amp; Canada)'}}, 'email': 'maria.valencia@example.com', 'login': {'uuid': 'aeb22b2e-410d-45b5-a24f-d9a58011106c', 'username': 'yellowsnake615', 'password': 'cricket1', 'salt': 'gc1wRw5k', 'md5': '5b1bfa18d682c5f8b75feda7cef2d087', 'sha1': '9c038a2da610a4a81287fb8122e7509f118c8658', 'sha256': '8e94eae653dafb23fa5d5c9aab2a45e27321bddbb84efbd3edaf84b700703972'}, 'dob': {'date': '1980-06-20T04:11:04.557Z', 'age': 43}, 'registered': {'date': '2008-07-23T00:41:10.723Z', 'age': 15}, 'phone': '(600) 000 3771', 'cell': '(629) 100 9532', 'id': {'name': 'NSS', 'value': '48 98 07 2771 0'}, 'picture': {'large': 'https://randomuser.me/api/portraits/women/49.jpg', 'medium': 'https://randomuser.me/api/portraits/med/women/49.jpg', 'thumbnail': 'https://randomuser.me/api/portraits/thumb/women/49.jpg'}, 'nat': 'MX'}</msg>
<arg>${json_data['results'][0]}</arg>
<doc>Logs the given message with the given level.</doc>
<status status="PASS" start="2024-06-13T03:16:55.798260" elapsed="0.000419"/>
</kw>
<kw name="Log" owner="BuiltIn">
<msg time="2024-06-13T03:16:55.799108" level="INFO">gender</msg>
<arg>${key}</arg>
<doc>Logs the given message with the given level.</doc>
<status status="PASS" start="2024-06-13T03:16:55.798977" elapsed="0.000169"/>
</kw>
<var name="${key}">gender</var>
<status status="PASS" start="2024-06-13T03:16:55.797527" elapsed="0.001848"/>
</iter>
<iter>
<kw name="Dictionary Should Contain Key" owner="Collections">
<arg>${json_data['results'][0]}</arg>
<arg>${key}</arg>
<doc>Fails if ``key`` is not found from ``dictionary``.</doc>
<status status="PASS" start="2024-06-13T03:16:55.799673" elapsed="0.000427"/>
</kw>
<kw name="Log" owner="BuiltIn">
<msg time="2024-06-13T03:16:55.800685" level="INFO">{'gender': 'female', 'name': {'title': 'Ms', 'first': 'María', 'last': 'Valencia'}, 'location': {'street': {'number': 1756, 'name': 'Peatonal Coahuila de Zaragoza'}, 'city': 'Ciudad Obregón', 'state': 'Tlaxcala', 'country': 'Mexico', 'postcode': 34014, 'coordinates': {'latitude': '28.5358', 'longitude': '69.3422'}, 'timezone': {'offset': '-8:00', 'description': 'Pacific Time (US &amp; Canada)'}}, 'email': 'maria.valencia@example.com', 'login': {'uuid': 'aeb22b2e-410d-45b5-a24f-d9a58011106c', 'username': 'yellowsnake615', 'password': 'cricket1', 'salt': 'gc1wRw5k', 'md5': '5b1bfa18d682c5f8b75feda7cef2d087', 'sha1': '9c038a2da610a4a81287fb8122e7509f118c8658', 'sha256': '8e94eae653dafb23fa5d5c9aab2a45e27321bddbb84efbd3edaf84b700703972'}, 'dob': {'date': '1980-06-20T04:11:04.557Z', 'age': 43}, 'registered': {'date': '2008-07-23T00:41:10.723Z', 'age': 15}, 'phone': '(600) 000 3771', 'cell': '(629) 100 9532', 'id': {'name': 'NSS', 'value': '48 98 07 2771 0'}, 'picture': {'large': 'https://randomuser.me/api/portraits/women/49.jpg', 'medium': 'https://randomuser.me/api/portraits/med/women/49.jpg', 'thumbnail': 'https://randomuser.me/api/portraits/thumb/women/49.jpg'}, 'nat': 'MX'}</msg>
<arg>${json_data['results'][0]}</arg>
<doc>Logs the given message with the given level.</doc>
<status status="PASS" start="2024-06-13T03:16:55.800325" elapsed="0.000412"/>
</kw>
<kw name="Log" owner="BuiltIn">
<msg time="2024-06-13T03:16:55.801171" level="INFO">name</msg>
<arg>${key}</arg>
<doc>Logs the given message with the given level.</doc>
<status status="PASS" start="2024-06-13T03:16:55.801038" elapsed="0.000172"/>
</kw>
<var name="${key}">name</var>
<status status="PASS" start="2024-06-13T03:16:55.799562" elapsed="0.001866"/>
</iter>
<iter>
<kw name="Dictionary Should Contain Key" owner="Collections">
<arg>${json_data['results'][0]}</arg>
<arg>${key}</arg>
<doc>Fails if ``key`` is not found from ``dictionary``.</doc>
<status status="PASS" start="2024-06-13T03:16:55.801714" elapsed="0.000386"/>
</kw>
<kw name="Log" owner="BuiltIn">
<msg time="2024-06-13T03:16:55.802640" level="INFO">{'gender': 'female', 'name': {'title': 'Ms', 'first': 'María', 'last': 'Valencia'}, 'location': {'street': {'number': 1756, 'name': 'Peatonal Coahuila de Zaragoza'}, 'city': 'Ciudad Obregón', 'state': 'Tlaxcala', 'country': 'Mexico', 'postcode': 34014, 'coordinates': {'latitude': '28.5358', 'longitude': '69.3422'}, 'timezone': {'offset': '-8:00', 'description': 'Pacific Time (US &amp; Canada)'}}, 'email': 'maria.valencia@example.com', 'login': {'uuid': 'aeb22b2e-410d-45b5-a24f-d9a58011106c', 'username': 'yellowsnake615', 'password': 'cricket1', 'salt': 'gc1wRw5k', 'md5': '5b1bfa18d682c5f8b75feda7cef2d087', 'sha1': '9c038a2da610a4a81287fb8122e7509f118c8658', 'sha256': '8e94eae653dafb23fa5d5c9aab2a45e27321bddbb84efbd3edaf84b700703972'}, 'dob': {'date': '1980-06-20T04:11:04.557Z', 'age': 43}, 'registered': {'date': '2008-07-23T00:41:10.723Z', 'age': 15}, 'phone': '(600) 000 3771', 'cell': '(629) 100 9532', 'id': {'name': 'NSS', 'value': '48 98 07 2771 0'}, 'picture': {'large': 'https://randomuser.me/api/portraits/women/49.jpg', 'medium': 'https://randomuser.me/api/portraits/med/women/49.jpg', 'thumbnail': 'https://randomuser.me/api/portraits/thumb/women/49.jpg'}, 'nat': 'MX'}</msg>
<arg>${json_data['results'][0]}</arg>
<doc>Logs the given message with the given level.</doc>
<status status="PASS" start="2024-06-13T03:16:55.802287" elapsed="0.000404"/>
</kw>
<kw name="Log" owner="BuiltIn">
<msg time="2024-06-13T03:16:55.803109" level="INFO">location</msg>
<arg>${key}</arg>
<doc>Logs the given message with the given level.</doc>
<status status="PASS" start="2024-06-13T03:16:55.802983" elapsed="0.000163"/>
</kw>
<var name="${key}">location</var>
<status status="PASS" start="2024-06-13T03:16:55.801605" elapsed="0.001763"/>
</iter>
<iter>
<kw name="Dictionary Should Contain Key" owner="Collections">
<arg>${json_data['results'][0]}</arg>
<arg>${key}</arg>
<doc>Fails if ``key`` is not found from ``dictionary``.</doc>
<status status="PASS" start="2024-06-13T03:16:55.803649" elapsed="0.000411"/>
</kw>
<kw name="Log" owner="BuiltIn">
<msg time="2024-06-13T03:16:55.804600" level="INFO">{'gender': 'female', 'name': {'title': 'Ms', 'first': 'María', 'last': 'Valencia'}, 'location': {'street': {'number': 1756, 'name': 'Peatonal Coahuila de Zaragoza'}, 'city': 'Ciudad Obregón', 'state': 'Tlaxcala', 'country': 'Mexico', 'postcode': 34014, 'coordinates': {'latitude': '28.5358', 'longitude': '69.3422'}, 'timezone': {'offset': '-8:00', 'description': 'Pacific Time (US &amp; Canada)'}}, 'email': 'maria.valencia@example.com', 'login': {'uuid': 'aeb22b2e-410d-45b5-a24f-d9a58011106c', 'username': 'yellowsnake615', 'password': 'cricket1', 'salt': 'gc1wRw5k', 'md5': '5b1bfa18d682c5f8b75feda7cef2d087', 'sha1': '9c038a2da610a4a81287fb8122e7509f118c8658', 'sha256': '8e94eae653dafb23fa5d5c9aab2a45e27321bddbb84efbd3edaf84b700703972'}, 'dob': {'date': '1980-06-20T04:11:04.557Z', 'age': 43}, 'registered': {'date': '2008-07-23T00:41:10.723Z', 'age': 15}, 'phone': '(600) 000 3771', 'cell': '(629) 100 9532', 'id': {'name': 'NSS', 'value': '48 98 07 2771 0'}, 'picture': {'large': 'https://randomuser.me/api/portraits/women/49.jpg', 'medium': 'https://randomuser.me/api/portraits/med/women/49.jpg', 'thumbnail': 'https://randomuser.me/api/portraits/thumb/women/49.jpg'}, 'nat': 'MX'}</msg>
<arg>${json_data['results'][0]}</arg>
<doc>Logs the given message with the given level.</doc>
<status status="PASS" start="2024-06-13T03:16:55.804242" elapsed="0.000408"/>
</kw>
<kw name="Log" owner="BuiltIn">
<msg time="2024-06-13T03:16:55.805076" level="INFO">email</msg>
<arg>${key}</arg>
<doc>Logs the given message with the given level.</doc>
<status status="PASS" start="2024-06-13T03:16:55.804947" elapsed="0.000167"/>
</kw>
<var name="${key}">email</var>
<status status="PASS" start="2024-06-13T03:16:55.803541" elapsed="0.001789"/>
</iter>
<iter>
<kw name="Dictionary Should Contain Key" owner="Collections">
<arg>${json_data['results'][0]}</arg>
<arg>${key}</arg>
<doc>Fails if ``key`` is not found from ``dictionary``.</doc>
<status status="PASS" start="2024-06-13T03:16:55.805612" elapsed="0.000374"/>
</kw>
<kw name="Log" owner="BuiltIn">
<msg time="2024-06-13T03:16:55.806518" level="INFO">{'gender': 'female', 'name': {'title': 'Ms', 'first': 'María', 'last': 'Valencia'}, 'location': {'street': {'number': 1756, 'name': 'Peatonal Coahuila de Zaragoza'}, 'city': 'Ciudad Obregón', 'state': 'Tlaxcala', 'country': 'Mexico', 'postcode': 34014, 'coordinates': {'latitude': '28.5358', 'longitude': '69.3422'}, 'timezone': {'offset': '-8:00', 'description': 'Pacific Time (US &amp; Canada)'}}, 'email': 'maria.valencia@example.com', 'login': {'uuid': 'aeb22b2e-410d-45b5-a24f-d9a58011106c', 'username': 'yellowsnake615', 'password': 'cricket1', 'salt': 'gc1wRw5k', 'md5': '5b1bfa18d682c5f8b75feda7cef2d087', 'sha1': '9c038a2da610a4a81287fb8122e7509f118c8658', 'sha256': '8e94eae653dafb23fa5d5c9aab2a45e27321bddbb84efbd3edaf84b700703972'}, 'dob': {'date': '1980-06-20T04:11:04.557Z', 'age': 43}, 'registered': {'date': '2008-07-23T00:41:10.723Z', 'age': 15}, 'phone': '(600) 000 3771', 'cell': '(629) 100 9532', 'id': {'name': 'NSS', 'value': '48 98 07 2771 0'}, 'picture': {'large': 'https://randomuser.me/api/portraits/women/49.jpg', 'medium': 'https://randomuser.me/api/portraits/med/women/49.jpg', 'thumbnail': 'https://randomuser.me/api/portraits/thumb/women/49.jpg'}, 'nat': 'MX'}</msg>
<arg>${json_data['results'][0]}</arg>
<doc>Logs the given message with the given level.</doc>
<status status="PASS" start="2024-06-13T03:16:55.806170" elapsed="0.000397"/>
</kw>
<kw name="Log" owner="BuiltIn">
<msg time="2024-06-13T03:16:55.807085" level="INFO">login</msg>
<arg>${key}</arg>
<doc>Logs the given message with the given level.</doc>
<status status="PASS" start="2024-06-13T03:16:55.806855" elapsed="0.000268"/>
</kw>
<var name="${key}">login</var>
<status status="PASS" start="2024-06-13T03:16:55.805505" elapsed="0.001836"/>
</iter>
<var>${key}</var>
<value>@{expected_keys}</value>
<status status="PASS" start="2024-06-13T03:16:55.797341" elapsed="0.010150"/>
</for>
<kw name="Create List" owner="BuiltIn">
<msg time="2024-06-13T03:16:55.807868" level="INFO">${expected_keysTwo} = ['username', 'password']</msg>
<var>${expected_keysTwo}</var>
<arg>username</arg>
<arg>password</arg>
<doc>Returns a list containing given items.</doc>
<status status="PASS" start="2024-06-13T03:16:55.807689" elapsed="0.000203"/>
</kw>
<for flavor="IN">
<iter>
<kw name="Dictionary Should Contain Key" owner="Collections">
<arg>${json_data['results'][0]['login']}</arg>
<arg>${keyTwo}</arg>
<doc>Fails if ``key`` is not found from ``dictionary``.</doc>
<status status="PASS" start="2024-06-13T03:16:55.808387" elapsed="0.000386"/>
</kw>
<kw name="Dictionary Should Contain Key" owner="Collections">
<arg>${json_data['results'][0]['login']}</arg>
<arg>${keyTwo}</arg>
<doc>Fails if ``key`` is not found from ``dictionary``.</doc>
<status status="PASS" start="2024-06-13T03:16:55.808953" elapsed="0.000369"/>
</kw>
<kw name="Log" owner="BuiltIn">
<msg time="2024-06-13T03:16:55.809616" level="INFO">username</msg>
<arg>${keyTwo}</arg>
<doc>Logs the given message with the given level.</doc>
<status status="PASS" start="2024-06-13T03:16:55.809498" elapsed="0.000154"/>
</kw>
<var name="${keyTwo}">username</var>
<status status="PASS" start="2024-06-13T03:16:55.808279" elapsed="0.001593"/>
</iter>
<iter>
<kw name="Dictionary Should Contain Key" owner="Collections">
<arg>${json_data['results'][0]['login']}</arg>
<arg>${keyTwo}</arg>
<doc>Fails if ``key`` is not found from ``dictionary``.</doc>
<status status="PASS" start="2024-06-13T03:16:55.810153" elapsed="0.000376"/>
</kw>
<kw name="Dictionary Should Contain Key" owner="Collections">
<arg>${json_data['results'][0]['login']}</arg>
<arg>${keyTwo}</arg>
<doc>Fails if ``key`` is not found from ``dictionary``.</doc>
<status status="PASS" start="2024-06-13T03:16:55.810705" elapsed="0.000364"/>
</kw>
<kw name="Log" owner="BuiltIn">
<msg time="2024-06-13T03:16:55.811360" level="INFO">password</msg>
<arg>${keyTwo}</arg>
<doc>Logs the given message with the given level.</doc>
<status status="PASS" start="2024-06-13T03:16:55.811243" elapsed="0.000154"/>
</kw>
<var name="${keyTwo}">password</var>
<status status="PASS" start="2024-06-13T03:16:55.810047" elapsed="0.001569"/>
</iter>
<var>${keyTwo}</var>
<value>@{expected_keysTwo}</value>
<status status="PASS" start="2024-06-13T03:16:55.808128" elapsed="0.003643"/>
</for>
<status status="PASS" start="2024-06-13T03:16:55.698174" elapsed="0.113751"/>
</kw>
<doc>Testa a estrutura da resposta da API.</doc>
<tag>testeEstruturaResposta</tag>
<status status="PASS" start="2024-06-13T03:16:55.697270" elapsed="0.114804"/>
</test>
<test id="s1-s1-t4" name="Validar tipos de dados" line="28">
<kw name="Teste de Tipos de Dados" owner="random-user-service">
<kw name="GET On Session" owner="RequestsLibrary">
<msg time="2024-06-13T03:16:55.900028" level="INFO">GET Request : url=https://randomuser.me/api 
 path_url=/api 
 headers={'User-Agent': 'python-requests/2.32.3', 'Accept-Encoding': 'gzip, deflate', 'Accept': '*/*', 'Connection': 'keep-alive'} 
 body=None 
 </msg>
<msg time="2024-06-13T03:16:55.900102" level="INFO">GET Response : url=https://randomuser.me/api 
 status=200, reason=OK 
 headers={'Date': 'Thu, 13 Jun 2024 03:16:55 GMT', 'Content-Type': 'application/json; charset=utf-8', 'Transfer-Encoding': 'chunked', 'Connection': 'keep-alive', 'X-Powered-By': 'Express', 'Access-Control-Allow-Origin': '*', 'Cache-Control': 'no-cache', 'ETag': 'W/"484-ksbsvdm9KTeXpCT795xhrKK6fa0"', 'Vary': 'Accept-Encoding', 'Content-Encoding': 'gzip', 'CF-Cache-Status': 'DYNAMIC', 'Report-To': '{"endpoints":[{"url":"https:\\/\\/a.nel.cloudflare.com\\/report\\/v4?s=VPwOuuq0508jAafJHaIMNZCGbFRibAzMjPg6d8fsECmum1IfplUl5a9060R12ZzX8N7T5VuRVW9x9nnM%2B0ROAZiT4c%2FGKqmlzUpF5J3WsWCpVg%2BYraVMyBRlxYDEslGt"}],"group":"cf-nel","max_age":604800}', 'NEL': '{"success_fraction":0,"report_to":"cf-nel","max_age":604800}', 'Server': 'cloudflare', 'CF-RAY': '892eecb8d84e3955-IAD', 'alt-svc': 'h3=":443"; ma=86400'} 
 body={"results":[{"gender":"male","name":{"title":"Mr","first":"Velet","last":"Kozenko"},"location":{"street":{"number":8448,"name":"Skelna"},"city":"Bilogirsk","state":"Rivnenska","country":"Ukraine","postcode":16572,"coordinates":{"latitude":"80.8518","longitude":"-1.2744"},"timezone":{"offset":"-5:00","description":"Eastern Time (US &amp; Canada), Bogota, Lima"}},"email":"velet.kozenko@example.com","login":{"uuid":"264d31a1-7420-4896-9588-9b07c3c815d9","username":"lazyleopard651","password":"eleven","salt":"BqjaGJx2","md5":"042831b9fa3b4bc7dd62406509afd0f8","sha1":"9b4e7d499f578e25a89fcc8f59adb31a0116adcc","sha256":"73e42eb633e60a3a2a7b3699f80182fa3f8e2dacd597b504bfcbc25fd6b6483e"},"dob":{"date":"1987-01-06T22:15:05.416Z","age":37},"registered":{"date":"2002-09-20T14:43:00.720Z","age":21},"phone":"(098) F75-0386","cell":"(097) R93-2902","id":{"name":"","value":null},"picture":{"large":"https://randomuser.me/api/portraits/men/49.jpg","medium":"https://randomuser.me/api/portraits/med/men/49.jpg","thumbnail":"https://randomuser.me/api/portraits/thumb/men/49.jpg"},"nat":"UA"}],"info":{"seed":"d2c0b44664e228f1","results":1,"page":1,"version":"1.4"}} 
 </msg>
<msg time="2024-06-13T03:16:55.900170" level="INFO">/opt/hostedtoolcache/Python/3.12.3/x64/lib/python3.12/site-packages/urllib3/connectionpool.py:1103: InsecureRequestWarning: Unverified HTTPS request is being made to host 'randomuser.me'. Adding certificate verification is strongly advised. See: https://urllib3.readthedocs.io/en/latest/advanced-usage.html#tls-warnings
  warnings.warn(</msg>
<msg time="2024-06-13T03:16:55.900292" level="INFO">${response} = &lt;Response [200]&gt;</msg>
<var>${response}</var>
<arg>consultarAPI</arg>
<arg>/api</arg>
<doc>Sends a GET request on a previously created HTTP Session.</doc>
<status status="PASS" start="2024-06-13T03:16:55.814424" elapsed="0.085920"/>
</kw>
<kw name="Set Variable" owner="BuiltIn">
<msg time="2024-06-13T03:16:55.901141" level="INFO">${json_data} = {'results': [{'gender': 'male', 'name': {'title': 'Mr', 'first': 'Velet', 'last': 'Kozenko'}, 'location': {'street': {'number': 8448, 'name': 'Skelna'}, 'city': 'Bilogirsk', 'state': 'Rivnenska', 'cou...</msg>
<var>${json_data}</var>
<arg>${response.json()}</arg>
<doc>Returns the given values which can then be assigned to a variables.</doc>
<status status="PASS" start="2024-06-13T03:16:55.900715" elapsed="0.000454"/>
</kw>
<kw name="Log" owner="BuiltIn">
<msg time="2024-06-13T03:16:55.901620" level="INFO">{'results': [{'gender': 'male', 'name': {'title': 'Mr', 'first': 'Velet', 'last': 'Kozenko'}, 'location': {'street': {'number': 8448, 'name': 'Skelna'}, 'city': 'Bilogirsk', 'state': 'Rivnenska', 'country': 'Ukraine', 'postcode': 16572, 'coordinates': {'latitude': '80.8518', 'longitude': '-1.2744'}, 'timezone': {'offset': '-5:00', 'description': 'Eastern Time (US &amp; Canada), Bogota, Lima'}}, 'email': 'velet.kozenko@example.com', 'login': {'uuid': '264d31a1-7420-4896-9588-9b07c3c815d9', 'username': 'lazyleopard651', 'password': 'eleven', 'salt': 'BqjaGJx2', 'md5': '042831b9fa3b4bc7dd62406509afd0f8', 'sha1': '9b4e7d499f578e25a89fcc8f59adb31a0116adcc', 'sha256': '73e42eb633e60a3a2a7b3699f80182fa3f8e2dacd597b504bfcbc25fd6b6483e'}, 'dob': {'date': '1987-01-06T22:15:05.416Z', 'age': 37}, 'registered': {'date': '2002-09-20T14:43:00.720Z', 'age': 21}, 'phone': '(098) F75-0386', 'cell': '(097) R93-2902', 'id': {'name': '', 'value': None}, 'picture': {'large': 'https://randomuser.me/api/portraits/men/49.jpg', 'medium': 'https://randomuser.me/api/portraits/med/men/49.jpg', 'thumbnail': 'https://randomuser.me/api/portraits/thumb/men/49.jpg'}, 'nat': 'UA'}], 'info': {'seed': 'd2c0b44664e228f1', 'results': 1, 'page': 1, 'version': '1.4'}}</msg>
<arg>${json_data}</arg>
<doc>Logs the given message with the given level.</doc>
<status status="PASS" start="2024-06-13T03:16:55.901471" elapsed="0.000195"/>
</kw>
<kw name="Should Be String" owner="String">
<arg>${json_data['results'][0]['gender']}</arg>
<doc>Fails if the given ``item`` is not a string.</doc>
<status status="PASS" start="2024-06-13T03:16:55.901954" elapsed="0.000382"/>
</kw>
<kw name="Should Match Regexp" owner="BuiltIn">
<arg>${json_data['results'][0]['email']}</arg>
<arg>^[a-zA-Z0-9._%+-]+@[a-zA-Z0-9.-]+\.[a-zA-Z]{2,}$</arg>
<doc>Fails if ``string`` does not match ``pattern`` as a regular expression.</doc>
<status status="PASS" start="2024-06-13T03:16:55.902525" elapsed="0.000501"/>
</kw>
<kw name="Should Match Regexp" owner="BuiltIn">
<arg>${json_data['results'][0]['dob']['date']}</arg>
<arg>\\d{4}-\\d{2}-\\d{2}T\\d{2}:\\d{2}:\\d{2}\\.\\d{3}Z</arg>
<doc>Fails if ``string`` does not match ``pattern`` as a regular expression.</doc>
<status status="PASS" start="2024-06-13T03:16:55.903222" elapsed="0.000508"/>
</kw>
<kw name="Should Match Regexp" owner="BuiltIn">
<arg>${json_data['results'][0]['registered']['date']}</arg>
<arg>\\d{4}-\\d{2}-\\d{2}T\\d{2}:\\d{2}:\\d{2}\\.\\d{3}Z</arg>
<doc>Fails if ``string`` does not match ``pattern`` as a regular expression.</doc>
<status status="PASS" start="2024-06-13T03:16:55.903931" elapsed="0.000379"/>
</kw>
<kw name="Should Match Regexp" owner="BuiltIn">
<arg>${json_data['results'][0]['picture']['large']}</arg>
<arg>^https?://.*\.(?:png|jpe?g|gif|bmp)$</arg>
<doc>Fails if ``string`` does not match ``pattern`` as a regular expression.</doc>
<status status="PASS" start="2024-06-13T03:16:55.904503" elapsed="0.000467"/>
</kw>
<kw name="Should Match Regexp" owner="BuiltIn">
<arg>${json_data['results'][0]['picture']['medium']}</arg>
<arg>^https?://.*\.(?:png|jpe?g|gif|bmp)$</arg>
<doc>Fails if ``string`` does not match ``pattern`` as a regular expression.</doc>
<status status="PASS" start="2024-06-13T03:16:55.905181" elapsed="0.000368"/>
</kw>
<kw name="Should Match Regexp" owner="BuiltIn">
<arg>${json_data['results'][0]['picture']['thumbnail']}</arg>
<arg>^https?://.*\.(?:png|jpe?g|gif|bmp)$</arg>
<doc>Fails if ``string`` does not match ``pattern`` as a regular expression.</doc>
<status status="PASS" start="2024-06-13T03:16:55.905738" elapsed="0.000355"/>
</kw>
<kw name="Log" owner="BuiltIn">
<msg time="2024-06-13T03:16:55.906601" level="INFO">{'large': 'https://randomuser.me/api/portraits/men/49.jpg', 'medium': 'https://randomuser.me/api/portraits/med/men/49.jpg', 'thumbnail': 'https://randomuser.me/api/portraits/thumb/men/49.jpg'}</msg>
<arg>${json_data['results'][0]['picture']}</arg>
<doc>Logs the given message with the given level.</doc>
<status status="PASS" start="2024-06-13T03:16:55.906275" elapsed="0.000368"/>
</kw>
<status status="PASS" start="2024-06-13T03:16:55.814201" elapsed="0.092693"/>
</kw>
<kw name="Teste de Tipos de Dados - Postcode" owner="random-user-service">
<kw name="GET On Session" owner="RequestsLibrary">
<msg time="2024-06-13T03:16:55.999430" level="INFO">GET Request : url=https://randomuser.me/api 
 path_url=/api 
 headers={'User-Agent': 'python-requests/2.32.3', 'Accept-Encoding': 'gzip, deflate', 'Accept': '*/*', 'Connection': 'keep-alive'} 
 body=None 
 </msg>
<msg time="2024-06-13T03:16:55.999507" level="INFO">GET Response : url=https://randomuser.me/api 
 status=200, reason=OK 
 headers={'Date': 'Thu, 13 Jun 2024 03:16:55 GMT', 'Content-Type': 'application/json; charset=utf-8', 'Transfer-Encoding': 'chunked', 'Connection': 'keep-alive', 'X-Powered-By': 'Express', 'Access-Control-Allow-Origin': '*', 'Cache-Control': 'no-cache', 'ETag': 'W/"482-zi38wQfeS4ABQg636l9/IIzMkQc"', 'Vary': 'Accept-Encoding', 'Content-Encoding': 'gzip', 'CF-Cache-Status': 'DYNAMIC', 'Report-To': '{"endpoints":[{"url":"https:\\/\\/a.nel.cloudflare.com\\/report\\/v4?s=TBsI%2BK%2BY4ytgbsJF3MgSF9Dz8sZY%2B7ia8m9YpG%2FjhAiGViQHalwbDChzvZl0D6j3i5y0oAWyuCT74RHn%2Fzb0NA4eVF%2FkmgRv%2BhrLuv5uEoPHH0i6GrWgPOlqPdExIDvx"}],"group":"cf-nel","max_age":604800}', 'NEL': '{"success_fraction":0,"report_to":"cf-nel","max_age":604800}', 'Server': 'cloudflare', 'CF-RAY': '892eecb978fb3955-IAD', 'alt-svc': 'h3=":443"; ma=86400'} 
 body={"results":[{"gender":"male","name":{"title":"Mr","first":"Hugo","last":"Moore"},"location":{"street":{"number":6740,"name":"Balmoral Road"},"city":"Taupo","state":"Canterbury","country":"New Zealand","postcode":11284,"coordinates":{"latitude":"51.3476","longitude":"-104.7459"},"timezone":{"offset":"+5:30","description":"Bombay, Calcutta, Madras, New Delhi"}},"email":"hugo.moore@example.com","login":{"uuid":"78ba0b20-bc6e-4d88-81ee-7361cc762d3a","username":"whitetiger517","password":"arnold","salt":"RVy52FHF","md5":"30eba78d3de40f2e0db7b82742e0ffab","sha1":"244e3d1de3b93d06b97db0d30f276cddcf42086c","sha256":"5f0caa3923640d34c6c2c8864571e26b60b35c13635318c90fb583592bc1a24a"},"dob":{"date":"1955-11-10T03:13:15.720Z","age":68},"registered":{"date":"2010-04-20T10:12:31.432Z","age":14},"phone":"(774)-318-2620","cell":"(347)-249-8145","id":{"name":"","value":null},"picture":{"large":"https://randomuser.me/api/portraits/men/10.jpg","medium":"https://randomuser.me/api/portraits/med/men/10.jpg","thumbnail":"https://randomuser.me/api/portraits/thumb/men/10.jpg"},"nat":"NZ"}],"info":{"seed":"dcd847c24dac552d","results":1,"page":1,"version":"1.4"}} 
 </msg>
<msg time="2024-06-13T03:16:55.999587" level="INFO">/opt/hostedtoolcache/Python/3.12.3/x64/lib/python3.12/site-packages/urllib3/connectionpool.py:1103: InsecureRequestWarning: Unverified HTTPS request is being made to host 'randomuser.me'. Adding certificate verification is strongly advised. See: https://urllib3.readthedocs.io/en/latest/advanced-usage.html#tls-warnings
  warnings.warn(</msg>
<msg time="2024-06-13T03:16:55.999725" level="INFO">${response} = &lt;Response [200]&gt;</msg>
<var>${response}</var>
<arg>consultarAPI</arg>
<arg>/api</arg>
<doc>Sends a GET request on a previously created HTTP Session.</doc>
<status status="PASS" start="2024-06-13T03:16:55.907323" elapsed="0.092443"/>
</kw>
<kw name="Set Variable" owner="BuiltIn">
<msg time="2024-06-13T03:16:56.000542" level="INFO">${json_data} = {'results': [{'gender': 'male', 'name': {'title': 'Mr', 'first': 'Hugo', 'last': 'Moore'}, 'location': {'street': {'number': 6740, 'name': 'Balmoral Road'}, 'city': 'Taupo', 'state': 'Canterbury', 'co...</msg>
<var>${json_data}</var>
<arg>${response.json()}</arg>
<doc>Returns the given values which can then be assigned to a variables.</doc>
<status status="PASS" start="2024-06-13T03:16:56.000117" elapsed="0.000466"/>
</kw>
<kw name="Log" owner="BuiltIn">
<msg time="2024-06-13T03:16:56.001042" level="INFO">{'results': [{'gender': 'male', 'name': {'title': 'Mr', 'first': 'Hugo', 'last': 'Moore'}, 'location': {'street': {'number': 6740, 'name': 'Balmoral Road'}, 'city': 'Taupo', 'state': 'Canterbury', 'country': 'New Zealand', 'postcode': 11284, 'coordinates': {'latitude': '51.3476', 'longitude': '-104.7459'}, 'timezone': {'offset': '+5:30', 'description': 'Bombay, Calcutta, Madras, New Delhi'}}, 'email': 'hugo.moore@example.com', 'login': {'uuid': '78ba0b20-bc6e-4d88-81ee-7361cc762d3a', 'username': 'whitetiger517', 'password': 'arnold', 'salt': 'RVy52FHF', 'md5': '30eba78d3de40f2e0db7b82742e0ffab', 'sha1': '244e3d1de3b93d06b97db0d30f276cddcf42086c', 'sha256': '5f0caa3923640d34c6c2c8864571e26b60b35c13635318c90fb583592bc1a24a'}, 'dob': {'date': '1955-11-10T03:13:15.720Z', 'age': 68}, 'registered': {'date': '2010-04-20T10:12:31.432Z', 'age': 14}, 'phone': '(774)-318-2620', 'cell': '(347)-249-8145', 'id': {'name': '', 'value': None}, 'picture': {'large': 'https://randomuser.me/api/portraits/men/10.jpg', 'medium': 'https://randomuser.me/api/portraits/med/men/10.jpg', 'thumbnail': 'https://randomuser.me/api/portraits/thumb/men/10.jpg'}, 'nat': 'NZ'}], 'info': {'seed': 'dcd847c24dac552d', 'results': 1, 'page': 1, 'version': '1.4'}}</msg>
<arg>${json_data}</arg>
<doc>Logs the given message with the given level.</doc>
<status status="PASS" start="2024-06-13T03:16:56.000884" elapsed="0.000204"/>
</kw>
<kw name="Should Be Equal As Numbers" owner="BuiltIn">
<arg>${json_data['results'][0]['location']['postcode']}</arg>
<arg>${json_data['results'][0]['location']['postcode']}</arg>
<doc>Fails if objects are unequal after converting them to real numbers.</doc>
<status status="PASS" start="2024-06-13T03:16:56.001387" elapsed="0.000624"/>
</kw>
<kw name="Log" owner="BuiltIn">
<msg time="2024-06-13T03:16:56.002573" level="INFO">11284</msg>
<arg>${json_data['results'][0]['location']['postcode']}</arg>
<doc>Logs the given message with the given level.</doc>
<status status="PASS" start="2024-06-13T03:16:56.002234" elapsed="0.000379"/>
</kw>
<status status="PASS" start="2024-06-13T03:16:55.907102" elapsed="0.095769"/>
</kw>
<doc>Testa se os tipos de dados na resposta da API estão corretos.</doc>
<tag>testeTiposDados</tag>
<status status="PASS" start="2024-06-13T03:16:55.813773" elapsed="0.189260"/>
</test>
<test id="s1-s1-t5" name="Validar conteudo" line="35">
<kw name="Teste de Tipos de Conteudo" owner="random-user-service">
<kw name="GET On Session" owner="RequestsLibrary">
<msg time="2024-06-13T03:16:56.085670" level="INFO">GET Request : url=https://randomuser.me/api 
 path_url=/api 
 headers={'User-Agent': 'python-requests/2.32.3', 'Accept-Encoding': 'gzip, deflate', 'Accept': '*/*', 'Connection': 'keep-alive'} 
 body=None 
 </msg>
<msg time="2024-06-13T03:16:56.085774" level="INFO">GET Response : url=https://randomuser.me/api 
 status=200, reason=OK 
 headers={'Date': 'Thu, 13 Jun 2024 03:16:56 GMT', 'Content-Type': 'application/json; charset=utf-8', 'Transfer-Encoding': 'chunked', 'Connection': 'keep-alive', 'X-Powered-By': 'Express', 'Access-Control-Allow-Origin': '*', 'Cache-Control': 'no-cache', 'ETag': 'W/"477-OBgrYxb2buulbMrdYGcSvgMZ7u0"', 'Vary': 'Accept-Encoding', 'Content-Encoding': 'gzip', 'CF-Cache-Status': 'DYNAMIC', 'Report-To': '{"endpoints":[{"url":"https:\\/\\/a.nel.cloudflare.com\\/report\\/v4?s=Rqvax%2BVrxKxr3bhfAmBebiT5P16f7PDk9W8KH6pzHnAZcS5Yeb7ZN%2Bt7MicGxnEbm7v0uX69ayW8Wh4zDPvGfw5u7qlLP8b4BJr%2FRGsRAxnKXhlES9RJT9OkYTBWJ8W9"}],"group":"cf-nel","max_age":604800}', 'NEL': '{"success_fraction":0,"report_to":"cf-nel","max_age":604800}', 'Server': 'cloudflare', 'CF-RAY': '892eecba199d3955-IAD', 'alt-svc': 'h3=":443"; ma=86400'} 
 body={"results":[{"gender":"male","name":{"title":"Mr","first":"Emil","last":"Hanninen"},"location":{"street":{"number":6122,"name":"Bulevardi"},"city":"Isokyrö","state":"Satakunta","country":"Finland","postcode":82334,"coordinates":{"latitude":"-22.3624","longitude":"-177.8140"},"timezone":{"offset":"-10:00","description":"Hawaii"}},"email":"emil.hanninen@example.com","login":{"uuid":"411902ac-7feb-46f6-b519-7825eaa80c34","username":"bigmeercat494","password":"fullback","salt":"C94RA9A0","md5":"21a13607b9b8c23baa515813f5533151","sha1":"0c46df44c5d85a3bdf0e956980a089f288d8d512","sha256":"4b716c766d294fe86afb3060189b5cf7c0778fbc8c0ff874472ebf1f8ad945ab"},"dob":{"date":"1976-01-24T13:43:16.382Z","age":48},"registered":{"date":"2004-11-19T20:50:57.569Z","age":19},"phone":"09-665-072","cell":"042-721-21-88","id":{"name":"HETU","value":"NaNNA701undefined"},"picture":{"large":"https://randomuser.me/api/portraits/men/31.jpg","medium":"https://randomuser.me/api/portraits/med/men/31.jpg","thumbnail":"https://randomuser.me/api/portraits/thumb/men/31.jpg"},"nat":"FI"}],"info":{"seed":"e746abfc8b530e4f","results":1,"page":1,"version":"1.4"}} 
 </msg>
<msg time="2024-06-13T03:16:56.085855" level="INFO">/opt/hostedtoolcache/Python/3.12.3/x64/lib/python3.12/site-packages/urllib3/connectionpool.py:1103: InsecureRequestWarning: Unverified HTTPS request is being made to host 'randomuser.me'. Adding certificate verification is strongly advised. See: https://urllib3.readthedocs.io/en/latest/advanced-usage.html#tls-warnings
  warnings.warn(</msg>
<msg time="2024-06-13T03:16:56.085986" level="INFO">${response} = &lt;Response [200]&gt;</msg>
<var>${response}</var>
<arg>consultarAPI</arg>
<arg>/api</arg>
<doc>Sends a GET request on a previously created HTTP Session.</doc>
<status status="PASS" start="2024-06-13T03:16:56.005788" elapsed="0.080238"/>
</kw>
<kw name="Set Variable" owner="BuiltIn">
<msg time="2024-06-13T03:16:56.087041" level="INFO">${json_data} = {'results': [{'gender': 'male', 'name': {'title': 'Mr', 'first': 'Emil', 'last': 'Hanninen'}, 'location': {'street': {'number': 6122, 'name': 'Bulevardi'}, 'city': 'Isokyrö', 'state': 'Satakunta', 'co...</msg>
<var>${json_data}</var>
<arg>${response.json()}</arg>
<doc>Returns the given values which can then be assigned to a variables.</doc>
<status status="PASS" start="2024-06-13T03:16:56.086525" elapsed="0.000546"/>
</kw>
<kw name="Set Variable" owner="BuiltIn">
<msg time="2024-06-13T03:16:56.087832" level="INFO">${name_title} = Mr</msg>
<var>${name_title}</var>
<arg>${json_data["results"][0]["name"]["title"]}</arg>
<doc>Returns the given values which can then be assigned to a variables.</doc>
<status status="PASS" start="2024-06-13T03:16:56.087403" elapsed="0.000456"/>
</kw>
<kw name="Create List" owner="BuiltIn">
<msg time="2024-06-13T03:16:56.088308" level="INFO">${allowed_titles} = ['Mr', 'Ms', 'Miss', 'Mrs', 'Madame', 'Monsieur']</msg>
<var>${allowed_titles}</var>
<arg>Mr</arg>
<arg>Ms</arg>
<arg>Miss</arg>
<arg>Mrs</arg>
<arg>Madame</arg>
<arg>Monsieur</arg>
<doc>Returns a list containing given items.</doc>
<status status="PASS" start="2024-06-13T03:16:56.088159" elapsed="0.000173"/>
</kw>
<kw name="List Should Contain Value" owner="Collections">
<arg>${allowed_titles}</arg>
<arg>${name_title}</arg>
<doc>Fails if the ``value`` is not found from ``list``.</doc>
<status status="PASS" start="2024-06-13T03:16:56.088629" elapsed="0.000174"/>
</kw>
<kw name="Set Variable" owner="BuiltIn">
<msg time="2024-06-13T03:16:56.089353" level="INFO">${name_country} = FI</msg>
<var>${name_country}</var>
<arg>${json_data["results"][0]["nat"]}</arg>
<doc>Returns the given values which can then be assigned to a variables.</doc>
<status status="PASS" start="2024-06-13T03:16:56.088981" elapsed="0.000396"/>
</kw>
<kw name="Create List" owner="BuiltIn">
<msg time="2024-06-13T03:16:56.090259" level="INFO">${list_country} = ['AD', 'AE', 'AF', 'AG', 'AI', 'AL', 'AM', 'AO', 'AQ', 'AR', 'AS', 'AT', 'AU', 'AW', 'AX', 'AZ', 'BA', 'BB', 'BD', 'BE', 'BF', 'BG', 'BH', 'BI', 'BJ', 'BL', 'BM', 'BN', 'BO', 'BQ', 'BR', 'BS', 'BT', '...</msg>
<var>${list_country}</var>
<arg>AD</arg>
<arg>AE</arg>
<arg>AF</arg>
<arg>AG</arg>
<arg>AI</arg>
<arg>AL</arg>
<arg>AM</arg>
<arg>AO</arg>
<arg>AQ</arg>
<arg>AR</arg>
<arg>AS</arg>
<arg>AT</arg>
<arg>AU</arg>
<arg>AW</arg>
<arg>AX</arg>
<arg>AZ</arg>
<arg>BA</arg>
<arg>BB</arg>
<arg>BD</arg>
<arg>BE</arg>
<arg>BF</arg>
<arg>BG</arg>
<arg>BH</arg>
<arg>BI</arg>
<arg>BJ</arg>
<arg>BL</arg>
<arg>BM</arg>
<arg>BN</arg>
<arg>BO</arg>
<arg>BQ</arg>
<arg>BR</arg>
<arg>BS</arg>
<arg>BT</arg>
<arg>BV</arg>
<arg>BW</arg>
<arg>BY</arg>
<arg>BZ</arg>
<arg>CA</arg>
<arg>CC</arg>
<arg>CD</arg>
<arg>CF</arg>
<arg>CG</arg>
<arg>CH</arg>
<arg>CI</arg>
<arg>CK</arg>
<arg>CL</arg>
<arg>CM</arg>
<arg>CN</arg>
<arg>CO</arg>
<arg>CR</arg>
<arg>CU</arg>
<arg>CV</arg>
<arg>CW</arg>
<arg>CX</arg>
<arg>CY</arg>
<arg>CZ</arg>
<arg>DE</arg>
<arg>DJ</arg>
<arg>DK</arg>
<arg>DM</arg>
<arg>DO</arg>
<arg>DZ</arg>
<arg>EC</arg>
<arg>EE</arg>
<arg>EG</arg>
<arg>EH</arg>
<arg>ER</arg>
<arg>ES</arg>
<arg>ET</arg>
<arg>FI</arg>
<arg>FJ</arg>
<arg>FK</arg>
<arg>FM</arg>
<arg>FO</arg>
<arg>FR</arg>
<arg>GA</arg>
<arg>GB</arg>
<arg>GD</arg>
<arg>GE</arg>
<arg>GF</arg>
<arg>GG</arg>
<arg>GH</arg>
<arg>GI</arg>
<arg>GL</arg>
<arg>GM</arg>
<arg>GN</arg>
<arg>GP</arg>
<arg>GQ</arg>
<arg>GR</arg>
<arg>GS</arg>
<arg>GT</arg>
<arg>GU</arg>
<arg>GW</arg>
<arg>GY</arg>
<arg>HK</arg>
<arg>HM</arg>
<arg>HN</arg>
<arg>HR</arg>
<arg>HT</arg>
<arg>HU</arg>
<arg>ID</arg>
<arg>IE</arg>
<arg>IL</arg>
<arg>IM</arg>
<arg>IN</arg>
<arg>IO</arg>
<arg>IQ</arg>
<arg>IR</arg>
<arg>IS</arg>
<arg>IT</arg>
<arg>JE</arg>
<arg>JM</arg>
<arg>JO</arg>
<arg>JP</arg>
<arg>KE</arg>
<arg>KG</arg>
<arg>KH</arg>
<arg>KI</arg>
<arg>KM</arg>
<arg>KN</arg>
<arg>KP</arg>
<arg>KR</arg>
<arg>KW</arg>
<arg>KY</arg>
<arg>KZ</arg>
<arg>LA</arg>
<arg>LB</arg>
<arg>LC</arg>
<arg>LI</arg>
<arg>LK</arg>
<arg>LR</arg>
<arg>LS</arg>
<arg>LT</arg>
<arg>LU</arg>
<arg>LV</arg>
<arg>LY</arg>
<arg>MA</arg>
<arg>MC</arg>
<arg>MD</arg>
<arg>ME</arg>
<arg>MF</arg>
<arg>MG</arg>
<arg>MH</arg>
<arg>MK</arg>
<arg>ML</arg>
<arg>MM</arg>
<arg>MN</arg>
<arg>MO</arg>
<arg>MP</arg>
<arg>MQ</arg>
<arg>MR</arg>
<arg>MS</arg>
<arg>MT</arg>
<arg>MU</arg>
<arg>MV</arg>
<arg>MW</arg>
<arg>MX</arg>
<arg>MY</arg>
<arg>MZ</arg>
<arg>NA</arg>
<arg>NC</arg>
<arg>NE</arg>
<arg>NF</arg>
<arg>NG</arg>
<arg>NI</arg>
<arg>NL</arg>
<arg>NO</arg>
<arg>NP</arg>
<arg>NR</arg>
<arg>NU</arg>
<arg>NZ</arg>
<arg>OM</arg>
<arg>PA</arg>
<arg>PE</arg>
<arg>PF</arg>
<arg>PG</arg>
<arg>PH</arg>
<arg>PK</arg>
<arg>PL</arg>
<arg>PM</arg>
<arg>PN</arg>
<arg>PR</arg>
<arg>PS</arg>
<arg>PT</arg>
<arg>PW</arg>
<arg>PY</arg>
<arg>QA</arg>
<arg>RE</arg>
<arg>RO</arg>
<arg>RS</arg>
<arg>RU</arg>
<arg>RW</arg>
<arg>SA</arg>
<arg>SB</arg>
<arg>SC</arg>
<arg>SD</arg>
<arg>SE</arg>
<arg>SG</arg>
<arg>SH</arg>
<arg>SI</arg>
<arg>SJ</arg>
<arg>SK</arg>
<arg>SL</arg>
<arg>SM</arg>
<arg>SN</arg>
<arg>SO</arg>
<arg>SR</arg>
<arg>SS</arg>
<arg>ST</arg>
<arg>SV</arg>
<arg>SX</arg>
<arg>SY</arg>
<arg>SZ</arg>
<arg>TC</arg>
<arg>TD</arg>
<arg>TF</arg>
<arg>TG</arg>
<arg>TH</arg>
<arg>TJ</arg>
<arg>TK</arg>
<arg>TL</arg>
<arg>TM</arg>
<arg>TN</arg>
<arg>TO</arg>
<arg>TR</arg>
<arg>TT</arg>
<arg>TV</arg>
<arg>TW</arg>
<arg>TZ</arg>
<arg>UA</arg>
<arg>UG</arg>
<arg>UM</arg>
<arg>US</arg>
<arg>UY</arg>
<arg>UZ</arg>
<arg>VA</arg>
<arg>VC</arg>
<arg>VE</arg>
<arg>VG</arg>
<arg>VI</arg>
<arg>VN</arg>
<arg>VU</arg>
<arg>WF</arg>
<arg>WS</arg>
<arg>XK</arg>
<arg>YE</arg>
<arg>YT</arg>
<arg>ZA</arg>
<arg>ZM</arg>
<arg>ZW</arg>
<doc>Returns a list containing given items.</doc>
<status status="PASS" start="2024-06-13T03:16:56.089666" elapsed="0.000618"/>
</kw>
<kw name="List Should Contain Value" owner="Collections">
<arg>${list_country}</arg>
<arg>${name_country}</arg>
<doc>Fails if the ``value`` is not found from ``list``.</doc>
<status status="PASS" start="2024-06-13T03:16:56.091069" elapsed="0.000202"/>
</kw>
<kw name="Run Keyword If" owner="BuiltIn">
<kw name="Should Be True" owner="BuiltIn">
<arg>${True}</arg>
<doc>Fails if the given condition is not true.</doc>
<status status="PASS" start="2024-06-13T03:16:56.092370" elapsed="0.000142"/>
</kw>
<arg>${json_data["results"][0]["location"]["coordinates"]["latitude"]} &gt;= -90 and ${json_data["results"][0]["location"]["coordinates"]["latitude"]} &lt;= 90</arg>
<arg>Should Be True</arg>
<arg>${True}</arg>
<doc>Runs the given keyword with the given arguments, if ``condition`` is true.</doc>
<status status="PASS" start="2024-06-13T03:16:56.091474" elapsed="0.001165"/>
</kw>
<kw name="Run Keyword If" owner="BuiltIn">
<kw name="Should Be True" owner="BuiltIn">
<arg>${True}</arg>
<doc>Fails if the given condition is not true.</doc>
<status status="PASS" start="2024-06-13T03:16:56.093513" elapsed="0.000148"/>
</kw>
<arg>${json_data["results"][0]["location"]["coordinates"]["longitude"]} &gt;= -180 and ${json_data["results"][0]["location"]["coordinates"]["longitude"]} &lt;= 180</arg>
<arg>Should Be True</arg>
<arg>${True}</arg>
<doc>Runs the given keyword with the given arguments, if ``condition`` is true.</doc>
<status status="PASS" start="2024-06-13T03:16:56.092818" elapsed="0.000971"/>
</kw>
<status status="PASS" start="2024-06-13T03:16:56.005428" elapsed="0.088505"/>
</kw>
<doc>Testa o conteúdo específico dos campos retornados pela API.</doc>
<tag>testeConteudo</tag>
<status status="PASS" start="2024-06-13T03:16:56.004810" elapsed="0.089289"/>
</test>
<status status="PASS" start="2024-06-13T03:16:55.267187" elapsed="0.828885"/>
</suite>
<status status="PASS" start="2024-06-13T03:16:55.253966" elapsed="0.847277"/>
</suite>
<statistics>
<total>
<stat pass="5" fail="0" skip="0">All Tests</stat>
</total>
<tag>
<stat pass="1" fail="0" skip="0">testeConteudo</stat>
<stat pass="1" fail="0" skip="0">testeEstruturaResposta</stat>
<stat pass="1" fail="0" skip="0">testeRequisicaoBasica</stat>
<stat pass="1" fail="0" skip="0">testeTiposDados</stat>
</tag>
<suite>
<stat pass="5" fail="0" skip="0" id="s1" name="Tests">Tests</stat>
<stat pass="5" fail="0" skip="0" id="s1-s1" name="Random-User-Test">Tests.Random-User-Test</stat>
</suite>
</statistics>
<errors>
</errors>
</robot>
