<?xml version="1.0" encoding="UTF-8"?>
<robot generator="Robot 7.0 (Python 3.12.3 on linux)" generated="2024-06-02T06:20:23.183632" rpa="false" schemaversion="5">
<suite id="s1" name="Tests" source="/home/runner/work/ApiRandomUser/ApiRandomUser/RamdonUser/tests">
<suite id="s1-s1" name="Random-User-Test" source="/home/runner/work/ApiRandomUser/ApiRandomUser/RamdonUser/tests/random-user-test.robot">
<test id="s1-s1-t1" name="Conectar" line="13">
<kw name="Conectar API" owner="random-user-service">
<kw name="Create Session" owner="RequestsLibrary">
<msg time="2024-06-02T06:20:23.561528" level="INFO">Creating Session using : alias=consultarAPI, url=https://randomuser.me/, headers={},                     cookies={}, auth=None, timeout=None, proxies=None, verify=False,                     debug=0 </msg>
<arg>consultarAPI</arg>
<arg>${URL}</arg>
<doc>Create Session: create a HTTP session to a server</doc>
<status status="PASS" start="2024-06-02T06:20:23.561326" elapsed="0.000368"/>
</kw>
<status status="PASS" start="2024-06-02T06:20:23.560310" elapsed="0.001765"/>
</kw>
<status status="PASS" start="2024-06-02T06:20:23.559742" elapsed="0.002527"/>
</test>
<test id="s1-s1-t2" name="Validar retorno 200 e JSON Válido" line="16">
<kw name="Teste de Requisicao Basica" owner="random-user-service">
<kw name="GET On Session" owner="RequestsLibrary">
<msg time="2024-06-02T06:20:23.671404" level="INFO">GET Request : url=https://randomuser.me/api 
 path_url=/api 
 headers={'User-Agent': 'python-requests/2.32.3', 'Accept-Encoding': 'gzip, deflate', 'Accept': '*/*', 'Connection': 'keep-alive'} 
 body=None 
 </msg>
<msg time="2024-06-02T06:20:23.671557" level="INFO">GET Response : url=https://randomuser.me/api 
 status=200, reason=OK 
 headers={'Date': 'Sun, 02 Jun 2024 06:20:23 GMT', 'Content-Type': 'application/json; charset=utf-8', 'Transfer-Encoding': 'chunked', 'Connection': 'keep-alive', 'X-Powered-By': 'Express', 'Access-Control-Allow-Origin': '*', 'Cache-Control': 'no-cache', 'ETag': 'W/"4b0-eE764iKZSB2mdk36m0mRf27L/hU"', 'Vary': 'Accept-Encoding', 'Content-Encoding': 'gzip', 'CF-Cache-Status': 'DYNAMIC', 'Report-To': '{"endpoints":[{"url":"https:\\/\\/a.nel.cloudflare.com\\/report\\/v4?s=ouqIlGvWvpupoYuiVNA5iFRGvRJIxUqJW2OukhNSdzJuF2FMantrxNaaTQ1jW0SNUB0JYTlCPrncdPfn3MaXybJoQxhFAsqTejdz5e3bBuVU2PcmVu1t8Y1SqWdZ9FH1"}],"group":"cf-nel","max_age":604800}', 'NEL': '{"success_fraction":0,"report_to":"cf-nel","max_age":604800}', 'Server': 'cloudflare', 'CF-RAY': '88d556576ef122de-SJC', 'alt-svc': 'h3=":443"; ma=86400'} 
 body={"results":[{"gender":"female","name":{"title":"Miss","first":"Purificación","last":"Pascual"},"location":{"street":{"number":5223,"name":"Calle de Pedro Bosch"},"city":"La Palma","state":"Islas Baleares","country":"Spain","postcode":86164,"coordinates":{"latitude":"-33.5291","longitude":"96.1356"},"timezone":{"offset":"-6:00","description":"Central Time (US &amp; Canada), Mexico City"}},"email":"purificacion.pascual@example.com","login":{"uuid":"cb03896b-d5d4-4589-8190-0908488895c5","username":"angrybear653","password":"mordor","salt":"uZpuHMWg","md5":"4a5db1a0985c3fe24da1bb3dec8814b4","sha1":"97fff8e1bdc41a629d98c16333a83101e0accc9d","sha256":"a8372fe564c04bf0566ce205db4ff42f0b70e79c50b588e34e47ac23d93d53a6"},"dob":{"date":"1946-05-06T14:32:43.852Z","age":78},"registered":{"date":"2012-06-05T15:55:53.708Z","age":11},"phone":"955-553-733","cell":"663-988-532","id":{"name":"DNI","value":"07159641-E"},"picture":{"large":"https://randomuser.me/api/portraits/women/26.jpg","medium":"https://randomuser.me/api/portraits/med/women/26.jpg","thumbnail":"https://randomuser.me/api/portraits/thumb/women/26.jpg"},"nat":"ES"}],"info":{"seed":"afdf7eeb5c6bd9ff","results":1,"page":1,"version":"1.4"}} 
 </msg>
<msg time="2024-06-02T06:20:23.671651" level="INFO">/opt/hostedtoolcache/Python/3.12.3/x64/lib/python3.12/site-packages/urllib3/connectionpool.py:1103: InsecureRequestWarning: Unverified HTTPS request is being made to host 'randomuser.me'. Adding certificate verification is strongly advised. See: https://urllib3.readthedocs.io/en/latest/advanced-usage.html#tls-warnings
  warnings.warn(</msg>
<msg time="2024-06-02T06:20:23.671776" level="INFO">${response} = &lt;Response [200]&gt;</msg>
<var>${response}</var>
<arg>consultarAPI</arg>
<arg>/api</arg>
<doc>Sends a GET request on a previously created HTTP Session.</doc>
<status status="PASS" start="2024-06-02T06:20:23.564924" elapsed="0.106893"/>
</kw>
<kw name="Should Be Equal As Numbers" owner="BuiltIn">
<msg time="2024-06-02T06:20:23.672782" level="INFO">Argument types are:
&lt;class 'int'&gt;
&lt;class 'str'&gt;</msg>
<arg>${response.status_code}</arg>
<arg>200</arg>
<doc>Fails if objects are unequal after converting them to real numbers.</doc>
<status status="PASS" start="2024-06-02T06:20:23.672310" elapsed="0.000536"/>
</kw>
<kw name="Log" owner="BuiltIn">
<msg time="2024-06-02T06:20:23.673539" level="INFO">200</msg>
<arg>${response.status_code}</arg>
<doc>Logs the given message with the given level.</doc>
<status status="PASS" start="2024-06-02T06:20:23.673191" elapsed="0.000396"/>
</kw>
<kw name="Set Variable" owner="BuiltIn">
<msg time="2024-06-02T06:20:23.674416" level="INFO">${json_data} = {'results': [{'gender': 'female', 'name': {'title': 'Miss', 'first': 'Purificación', 'last': 'Pascual'}, 'location': {'street': {'number': 5223, 'name': 'Calle de Pedro Bosch'}, 'city': 'La Palma', 's...</msg>
<var>${json_data}</var>
<arg>${response.json()}</arg>
<doc>Returns the given values which can then be assigned to a variables.</doc>
<status status="PASS" start="2024-06-02T06:20:23.673961" elapsed="0.000486"/>
</kw>
<kw name="Dictionary Should Contain Key" owner="Collections">
<msg time="2024-06-02T06:20:23.674934" level="INFO">False</msg>
<arg>${json_data}</arg>
<arg>results</arg>
<doc>Fails if ``key`` is not found from ``dictionary``.</doc>
<status status="PASS" start="2024-06-02T06:20:23.674761" elapsed="0.000342"/>
</kw>
<status status="PASS" start="2024-06-02T06:20:23.564679" elapsed="0.110687"/>
</kw>
<doc>Testa se a API responde corretamente e retorna um objeto JSON válido.</doc>
<tag>testeRequisicaoBasica</tag>
<status status="PASS" start="2024-06-02T06:20:23.564157" elapsed="0.111383"/>
</test>
<test id="s1-s1-t3" name="Validar estrutura de resposta" line="22">
<kw name="Teste de Estrutura de Resposta" owner="random-user-service">
<kw name="GET On Session" owner="RequestsLibrary">
<msg time="2024-06-02T06:20:23.771707" level="INFO">GET Request : url=https://randomuser.me/api 
 path_url=/api 
 headers={'User-Agent': 'python-requests/2.32.3', 'Accept-Encoding': 'gzip, deflate', 'Accept': '*/*', 'Connection': 'keep-alive'} 
 body=None 
 </msg>
<msg time="2024-06-02T06:20:23.771793" level="INFO">GET Response : url=https://randomuser.me/api 
 status=200, reason=OK 
 headers={'Date': 'Sun, 02 Jun 2024 06:20:23 GMT', 'Content-Type': 'application/json; charset=utf-8', 'Transfer-Encoding': 'chunked', 'Connection': 'keep-alive', 'X-Powered-By': 'Express', 'Access-Control-Allow-Origin': '*', 'Cache-Control': 'no-cache', 'ETag': 'W/"483-AMz10dQN/k9KqDVVPt+kXLV5wuI"', 'Vary': 'Accept-Encoding', 'Content-Encoding': 'gzip', 'CF-Cache-Status': 'DYNAMIC', 'Report-To': '{"endpoints":[{"url":"https:\\/\\/a.nel.cloudflare.com\\/report\\/v4?s=L8oH8%2F1laaJ2WaNaRiE1rO1rM69uS9TBiZHlnMIJA511AVEAzzs53mTra2RQlB3OAoPBVsDlJCLIdre85tVzyaUCTiDItJ%2B3CS4q8aXPAkFa7jx4JFf1g9lgRBuFcfec"}],"group":"cf-nel","max_age":604800}', 'NEL': '{"success_fraction":0,"report_to":"cf-nel","max_age":604800}', 'Server': 'cloudflare', 'CF-RAY': '88d556580f5e22de-SJC', 'alt-svc': 'h3=":443"; ma=86400'} 
 body={"results":[{"gender":"female","name":{"title":"Miss","first":"Eevi","last":"Huhtala"},"location":{"street":{"number":918,"name":"Pirkankatu"},"city":"Karijoki","state":"Lapland","country":"Finland","postcode":18963,"coordinates":{"latitude":"-28.4047","longitude":"147.4837"},"timezone":{"offset":"-3:30","description":"Newfoundland"}},"email":"eevi.huhtala@example.com","login":{"uuid":"12051834-19e0-4332-823d-368430924dc7","username":"ticklishduck440","password":"chambers","salt":"L6aloiVh","md5":"2d56476c8593343d4dd63ef648c9e90b","sha1":"2a7b419cdb91476e1074238e9b246d9f92816d86","sha256":"e23903a667b57cb378b6c0c1edb243a782e48a3628c3416bb4266084a09585ba"},"dob":{"date":"1975-08-23T14:56:47.984Z","age":48},"registered":{"date":"2008-03-26T02:04:24.957Z","age":16},"phone":"02-613-884","cell":"044-227-91-57","id":{"name":"HETU","value":"NaNNA342undefined"},"picture":{"large":"https://randomuser.me/api/portraits/women/18.jpg","medium":"https://randomuser.me/api/portraits/med/women/18.jpg","thumbnail":"https://randomuser.me/api/portraits/thumb/women/18.jpg"},"nat":"FI"}],"info":{"seed":"f36d7bb0d1b7f127","results":1,"page":1,"version":"1.4"}} 
 </msg>
<msg time="2024-06-02T06:20:23.771914" level="INFO">/opt/hostedtoolcache/Python/3.12.3/x64/lib/python3.12/site-packages/urllib3/connectionpool.py:1103: InsecureRequestWarning: Unverified HTTPS request is being made to host 'randomuser.me'. Adding certificate verification is strongly advised. See: https://urllib3.readthedocs.io/en/latest/advanced-usage.html#tls-warnings
  warnings.warn(</msg>
<msg time="2024-06-02T06:20:23.772002" level="INFO">${response} = &lt;Response [200]&gt;</msg>
<var>${response}</var>
<arg>consultarAPI</arg>
<arg>/api</arg>
<doc>Sends a GET request on a previously created HTTP Session.</doc>
<status status="PASS" start="2024-06-02T06:20:23.678187" elapsed="0.093853"/>
</kw>
<kw name="Set Variable" owner="BuiltIn">
<msg time="2024-06-02T06:20:23.772965" level="INFO">${json_data} = {'results': [{'gender': 'female', 'name': {'title': 'Miss', 'first': 'Eevi', 'last': 'Huhtala'}, 'location': {'street': {'number': 918, 'name': 'Pirkankatu'}, 'city': 'Karijoki', 'state': 'Lapland', '...</msg>
<var>${json_data}</var>
<arg>${response.json()}</arg>
<doc>Returns the given values which can then be assigned to a variables.</doc>
<status status="PASS" start="2024-06-02T06:20:23.772459" elapsed="0.000532"/>
</kw>
<kw name="Log" owner="BuiltIn">
<msg time="2024-06-02T06:20:23.773418" level="INFO">{'results': [{'gender': 'female', 'name': {'title': 'Miss', 'first': 'Eevi', 'last': 'Huhtala'}, 'location': {'street': {'number': 918, 'name': 'Pirkankatu'}, 'city': 'Karijoki', 'state': 'Lapland', 'country': 'Finland', 'postcode': 18963, 'coordinates': {'latitude': '-28.4047', 'longitude': '147.4837'}, 'timezone': {'offset': '-3:30', 'description': 'Newfoundland'}}, 'email': 'eevi.huhtala@example.com', 'login': {'uuid': '12051834-19e0-4332-823d-368430924dc7', 'username': 'ticklishduck440', 'password': 'chambers', 'salt': 'L6aloiVh', 'md5': '2d56476c8593343d4dd63ef648c9e90b', 'sha1': '2a7b419cdb91476e1074238e9b246d9f92816d86', 'sha256': 'e23903a667b57cb378b6c0c1edb243a782e48a3628c3416bb4266084a09585ba'}, 'dob': {'date': '1975-08-23T14:56:47.984Z', 'age': 48}, 'registered': {'date': '2008-03-26T02:04:24.957Z', 'age': 16}, 'phone': '02-613-884', 'cell': '044-227-91-57', 'id': {'name': 'HETU', 'value': 'NaNNA342undefined'}, 'picture': {'large': 'https://randomuser.me/api/portraits/women/18.jpg', 'medium': 'https://randomuser.me/api/portraits/med/women/18.jpg', 'thumbnail': 'https://randomuser.me/api/portraits/thumb/women/18.jpg'}, 'nat': 'FI'}], 'info': {'seed': 'f36d7bb0d1b7f127', 'results': 1, 'page': 1, 'version': '1.4'}}</msg>
<arg>${json_data}</arg>
<doc>Logs the given message with the given level.</doc>
<status status="PASS" start="2024-06-02T06:20:23.773275" elapsed="0.000186"/>
</kw>
<kw name="Dictionary Should Contain Key" owner="Collections">
<msg time="2024-06-02T06:20:23.773916" level="INFO">False</msg>
<arg>${json_data}</arg>
<arg>results</arg>
<doc>Fails if ``key`` is not found from ``dictionary``.</doc>
<status status="PASS" start="2024-06-02T06:20:23.773741" elapsed="0.000219"/>
</kw>
<kw name="Should Not Be Empty" owner="BuiltIn">
<msg time="2024-06-02T06:20:23.774367" level="INFO">Length is 2.</msg>
<arg>${json_data}</arg>
<doc>Verifies that the given item is not empty.</doc>
<status status="PASS" start="2024-06-02T06:20:23.774242" elapsed="0.000161"/>
</kw>
<kw name="Create List" owner="BuiltIn">
<msg time="2024-06-02T06:20:23.774809" level="INFO">${expected_keys} = ['gender', 'name', 'location', 'email', 'login']</msg>
<var>${expected_keys}</var>
<arg>gender</arg>
<arg>name</arg>
<arg>location</arg>
<arg>email</arg>
<arg>login</arg>
<doc>Returns a list containing given items.</doc>
<status status="PASS" start="2024-06-02T06:20:23.774672" elapsed="0.000158"/>
</kw>
<for flavor="IN">
<iter>
<kw name="Dictionary Should Contain Key" owner="Collections">
<msg time="2024-06-02T06:20:23.775716" level="INFO">False</msg>
<arg>${json_data['results'][0]}</arg>
<arg>${key}</arg>
<doc>Fails if ``key`` is not found from ``dictionary``.</doc>
<status status="PASS" start="2024-06-02T06:20:23.775344" elapsed="0.000412"/>
</kw>
<kw name="Log" owner="BuiltIn">
<msg time="2024-06-02T06:20:23.776365" level="INFO">{'gender': 'female', 'name': {'title': 'Miss', 'first': 'Eevi', 'last': 'Huhtala'}, 'location': {'street': {'number': 918, 'name': 'Pirkankatu'}, 'city': 'Karijoki', 'state': 'Lapland', 'country': 'Finland', 'postcode': 18963, 'coordinates': {'latitude': '-28.4047', 'longitude': '147.4837'}, 'timezone': {'offset': '-3:30', 'description': 'Newfoundland'}}, 'email': 'eevi.huhtala@example.com', 'login': {'uuid': '12051834-19e0-4332-823d-368430924dc7', 'username': 'ticklishduck440', 'password': 'chambers', 'salt': 'L6aloiVh', 'md5': '2d56476c8593343d4dd63ef648c9e90b', 'sha1': '2a7b419cdb91476e1074238e9b246d9f92816d86', 'sha256': 'e23903a667b57cb378b6c0c1edb243a782e48a3628c3416bb4266084a09585ba'}, 'dob': {'date': '1975-08-23T14:56:47.984Z', 'age': 48}, 'registered': {'date': '2008-03-26T02:04:24.957Z', 'age': 16}, 'phone': '02-613-884', 'cell': '044-227-91-57', 'id': {'name': 'HETU', 'value': 'NaNNA342undefined'}, 'picture': {'large': 'https://randomuser.me/api/portraits/women/18.jpg', 'medium': 'https://randomuser.me/api/portraits/med/women/18.jpg', 'thumbnail': 'https://randomuser.me/api/portraits/thumb/women/18.jpg'}, 'nat': 'FI'}</msg>
<arg>${json_data['results'][0]}</arg>
<doc>Logs the given message with the given level.</doc>
<status status="PASS" start="2024-06-02T06:20:23.776035" elapsed="0.000376"/>
</kw>
<kw name="Log" owner="BuiltIn">
<msg time="2024-06-02T06:20:23.776809" level="INFO">gender</msg>
<arg>${key}</arg>
<doc>Logs the given message with the given level.</doc>
<status status="PASS" start="2024-06-02T06:20:23.776691" elapsed="0.000152"/>
</kw>
<var name="${key}">gender</var>
<status status="PASS" start="2024-06-02T06:20:23.775229" elapsed="0.001812"/>
</iter>
<iter>
<kw name="Dictionary Should Contain Key" owner="Collections">
<msg time="2024-06-02T06:20:23.777691" level="INFO">False</msg>
<arg>${json_data['results'][0]}</arg>
<arg>${key}</arg>
<doc>Fails if ``key`` is not found from ``dictionary``.</doc>
<status status="PASS" start="2024-06-02T06:20:23.777320" elapsed="0.000409"/>
</kw>
<kw name="Log" owner="BuiltIn">
<msg time="2024-06-02T06:20:23.778438" level="INFO">{'gender': 'female', 'name': {'title': 'Miss', 'first': 'Eevi', 'last': 'Huhtala'}, 'location': {'street': {'number': 918, 'name': 'Pirkankatu'}, 'city': 'Karijoki', 'state': 'Lapland', 'country': 'Finland', 'postcode': 18963, 'coordinates': {'latitude': '-28.4047', 'longitude': '147.4837'}, 'timezone': {'offset': '-3:30', 'description': 'Newfoundland'}}, 'email': 'eevi.huhtala@example.com', 'login': {'uuid': '12051834-19e0-4332-823d-368430924dc7', 'username': 'ticklishduck440', 'password': 'chambers', 'salt': 'L6aloiVh', 'md5': '2d56476c8593343d4dd63ef648c9e90b', 'sha1': '2a7b419cdb91476e1074238e9b246d9f92816d86', 'sha256': 'e23903a667b57cb378b6c0c1edb243a782e48a3628c3416bb4266084a09585ba'}, 'dob': {'date': '1975-08-23T14:56:47.984Z', 'age': 48}, 'registered': {'date': '2008-03-26T02:04:24.957Z', 'age': 16}, 'phone': '02-613-884', 'cell': '044-227-91-57', 'id': {'name': 'HETU', 'value': 'NaNNA342undefined'}, 'picture': {'large': 'https://randomuser.me/api/portraits/women/18.jpg', 'medium': 'https://randomuser.me/api/portraits/med/women/18.jpg', 'thumbnail': 'https://randomuser.me/api/portraits/thumb/women/18.jpg'}, 'nat': 'FI'}</msg>
<arg>${json_data['results'][0]}</arg>
<doc>Logs the given message with the given level.</doc>
<status status="PASS" start="2024-06-02T06:20:23.778078" elapsed="0.000408"/>
</kw>
<kw name="Log" owner="BuiltIn">
<msg time="2024-06-02T06:20:23.778912" level="INFO">name</msg>
<arg>${key}</arg>
<doc>Logs the given message with the given level.</doc>
<status status="PASS" start="2024-06-02T06:20:23.778781" elapsed="0.000167"/>
</kw>
<var name="${key}">name</var>
<status status="PASS" start="2024-06-02T06:20:23.777214" elapsed="0.001932"/>
</iter>
<iter>
<kw name="Dictionary Should Contain Key" owner="Collections">
<msg time="2024-06-02T06:20:23.779761" level="INFO">False</msg>
<arg>${json_data['results'][0]}</arg>
<arg>${key}</arg>
<doc>Fails if ``key`` is not found from ``dictionary``.</doc>
<status status="PASS" start="2024-06-02T06:20:23.779417" elapsed="0.000379"/>
</kw>
<kw name="Log" owner="BuiltIn">
<msg time="2024-06-02T06:20:23.780455" level="INFO">{'gender': 'female', 'name': {'title': 'Miss', 'first': 'Eevi', 'last': 'Huhtala'}, 'location': {'street': {'number': 918, 'name': 'Pirkankatu'}, 'city': 'Karijoki', 'state': 'Lapland', 'country': 'Finland', 'postcode': 18963, 'coordinates': {'latitude': '-28.4047', 'longitude': '147.4837'}, 'timezone': {'offset': '-3:30', 'description': 'Newfoundland'}}, 'email': 'eevi.huhtala@example.com', 'login': {'uuid': '12051834-19e0-4332-823d-368430924dc7', 'username': 'ticklishduck440', 'password': 'chambers', 'salt': 'L6aloiVh', 'md5': '2d56476c8593343d4dd63ef648c9e90b', 'sha1': '2a7b419cdb91476e1074238e9b246d9f92816d86', 'sha256': 'e23903a667b57cb378b6c0c1edb243a782e48a3628c3416bb4266084a09585ba'}, 'dob': {'date': '1975-08-23T14:56:47.984Z', 'age': 48}, 'registered': {'date': '2008-03-26T02:04:24.957Z', 'age': 16}, 'phone': '02-613-884', 'cell': '044-227-91-57', 'id': {'name': 'HETU', 'value': 'NaNNA342undefined'}, 'picture': {'large': 'https://randomuser.me/api/portraits/women/18.jpg', 'medium': 'https://randomuser.me/api/portraits/med/women/18.jpg', 'thumbnail': 'https://randomuser.me/api/portraits/thumb/women/18.jpg'}, 'nat': 'FI'}</msg>
<arg>${json_data['results'][0]}</arg>
<doc>Logs the given message with the given level.</doc>
<status status="PASS" start="2024-06-02T06:20:23.780098" elapsed="0.000403"/>
</kw>
<kw name="Log" owner="BuiltIn">
<msg time="2024-06-02T06:20:23.780898" level="INFO">location</msg>
<arg>${key}</arg>
<doc>Logs the given message with the given level.</doc>
<status status="PASS" start="2024-06-02T06:20:23.780782" elapsed="0.000151"/>
</kw>
<var name="${key}">location</var>
<status status="PASS" start="2024-06-02T06:20:23.779312" elapsed="0.001827"/>
</iter>
<iter>
<kw name="Dictionary Should Contain Key" owner="Collections">
<msg time="2024-06-02T06:20:23.781865" level="INFO">False</msg>
<arg>${json_data['results'][0]}</arg>
<arg>${key}</arg>
<doc>Fails if ``key`` is not found from ``dictionary``.</doc>
<status status="PASS" start="2024-06-02T06:20:23.781401" elapsed="0.000502"/>
</kw>
<kw name="Log" owner="BuiltIn">
<msg time="2024-06-02T06:20:23.782519" level="INFO">{'gender': 'female', 'name': {'title': 'Miss', 'first': 'Eevi', 'last': 'Huhtala'}, 'location': {'street': {'number': 918, 'name': 'Pirkankatu'}, 'city': 'Karijoki', 'state': 'Lapland', 'country': 'Finland', 'postcode': 18963, 'coordinates': {'latitude': '-28.4047', 'longitude': '147.4837'}, 'timezone': {'offset': '-3:30', 'description': 'Newfoundland'}}, 'email': 'eevi.huhtala@example.com', 'login': {'uuid': '12051834-19e0-4332-823d-368430924dc7', 'username': 'ticklishduck440', 'password': 'chambers', 'salt': 'L6aloiVh', 'md5': '2d56476c8593343d4dd63ef648c9e90b', 'sha1': '2a7b419cdb91476e1074238e9b246d9f92816d86', 'sha256': 'e23903a667b57cb378b6c0c1edb243a782e48a3628c3416bb4266084a09585ba'}, 'dob': {'date': '1975-08-23T14:56:47.984Z', 'age': 48}, 'registered': {'date': '2008-03-26T02:04:24.957Z', 'age': 16}, 'phone': '02-613-884', 'cell': '044-227-91-57', 'id': {'name': 'HETU', 'value': 'NaNNA342undefined'}, 'picture': {'large': 'https://randomuser.me/api/portraits/women/18.jpg', 'medium': 'https://randomuser.me/api/portraits/med/women/18.jpg', 'thumbnail': 'https://randomuser.me/api/portraits/thumb/women/18.jpg'}, 'nat': 'FI'}</msg>
<arg>${json_data['results'][0]}</arg>
<doc>Logs the given message with the given level.</doc>
<status status="PASS" start="2024-06-02T06:20:23.782189" elapsed="0.000375"/>
</kw>
<kw name="Log" owner="BuiltIn">
<msg time="2024-06-02T06:20:23.782959" level="INFO">email</msg>
<arg>${key}</arg>
<doc>Logs the given message with the given level.</doc>
<status status="PASS" start="2024-06-02T06:20:23.782842" elapsed="0.000152"/>
</kw>
<var name="${key}">email</var>
<status status="PASS" start="2024-06-02T06:20:23.781298" elapsed="0.001892"/>
</iter>
<iter>
<kw name="Dictionary Should Contain Key" owner="Collections">
<msg time="2024-06-02T06:20:23.783812" level="INFO">False</msg>
<arg>${json_data['results'][0]}</arg>
<arg>${key}</arg>
<doc>Fails if ``key`` is not found from ``dictionary``.</doc>
<status status="PASS" start="2024-06-02T06:20:23.783456" elapsed="0.000390"/>
</kw>
<kw name="Log" owner="BuiltIn">
<msg time="2024-06-02T06:20:23.784439" level="INFO">{'gender': 'female', 'name': {'title': 'Miss', 'first': 'Eevi', 'last': 'Huhtala'}, 'location': {'street': {'number': 918, 'name': 'Pirkankatu'}, 'city': 'Karijoki', 'state': 'Lapland', 'country': 'Finland', 'postcode': 18963, 'coordinates': {'latitude': '-28.4047', 'longitude': '147.4837'}, 'timezone': {'offset': '-3:30', 'description': 'Newfoundland'}}, 'email': 'eevi.huhtala@example.com', 'login': {'uuid': '12051834-19e0-4332-823d-368430924dc7', 'username': 'ticklishduck440', 'password': 'chambers', 'salt': 'L6aloiVh', 'md5': '2d56476c8593343d4dd63ef648c9e90b', 'sha1': '2a7b419cdb91476e1074238e9b246d9f92816d86', 'sha256': 'e23903a667b57cb378b6c0c1edb243a782e48a3628c3416bb4266084a09585ba'}, 'dob': {'date': '1975-08-23T14:56:47.984Z', 'age': 48}, 'registered': {'date': '2008-03-26T02:04:24.957Z', 'age': 16}, 'phone': '02-613-884', 'cell': '044-227-91-57', 'id': {'name': 'HETU', 'value': 'NaNNA342undefined'}, 'picture': {'large': 'https://randomuser.me/api/portraits/women/18.jpg', 'medium': 'https://randomuser.me/api/portraits/med/women/18.jpg', 'thumbnail': 'https://randomuser.me/api/portraits/thumb/women/18.jpg'}, 'nat': 'FI'}</msg>
<arg>${json_data['results'][0]}</arg>
<doc>Logs the given message with the given level.</doc>
<status status="PASS" start="2024-06-02T06:20:23.784119" elapsed="0.000363"/>
</kw>
<kw name="Log" owner="BuiltIn">
<msg time="2024-06-02T06:20:23.784865" level="INFO">login</msg>
<arg>${key}</arg>
<doc>Logs the given message with the given level.</doc>
<status status="PASS" start="2024-06-02T06:20:23.784751" elapsed="0.000148"/>
</kw>
<var name="${key}">login</var>
<status status="PASS" start="2024-06-02T06:20:23.783352" elapsed="0.001743"/>
</iter>
<var>${key}</var>
<value>@{expected_keys}</value>
<status status="PASS" start="2024-06-02T06:20:23.775063" elapsed="0.010169"/>
</for>
<kw name="Create List" owner="BuiltIn">
<msg time="2024-06-02T06:20:23.785546" level="INFO">${expected_keysTwo} = ['username', 'password']</msg>
<var>${expected_keysTwo}</var>
<arg>username</arg>
<arg>password</arg>
<doc>Returns a list containing given items.</doc>
<status status="PASS" start="2024-06-02T06:20:23.785420" elapsed="0.000148"/>
</kw>
<for flavor="IN">
<iter>
<kw name="Dictionary Should Contain Key" owner="Collections">
<msg time="2024-06-02T06:20:23.786421" level="INFO">False</msg>
<arg>${json_data['results'][0]['login']}</arg>
<arg>${keyTwo}</arg>
<doc>Fails if ``key`` is not found from ``dictionary``.</doc>
<status status="PASS" start="2024-06-02T06:20:23.786065" elapsed="0.000394"/>
</kw>
<kw name="Dictionary Should Contain Key" owner="Collections">
<msg time="2024-06-02T06:20:23.787133" level="INFO">False</msg>
<arg>${json_data['results'][0]['login']}</arg>
<arg>${keyTwo}</arg>
<doc>Fails if ``key`` is not found from ``dictionary``.</doc>
<status status="PASS" start="2024-06-02T06:20:23.786758" elapsed="0.000411"/>
</kw>
<kw name="Log" owner="BuiltIn">
<msg time="2024-06-02T06:20:23.787588" level="INFO">username</msg>
<arg>${keyTwo}</arg>
<doc>Logs the given message with the given level.</doc>
<status status="PASS" start="2024-06-02T06:20:23.787461" elapsed="0.000165"/>
</kw>
<var name="${keyTwo}">username</var>
<status status="PASS" start="2024-06-02T06:20:23.785959" elapsed="0.001881"/>
</iter>
<iter>
<kw name="Dictionary Should Contain Key" owner="Collections">
<msg time="2024-06-02T06:20:23.788459" level="INFO">False</msg>
<arg>${json_data['results'][0]['login']}</arg>
<arg>${keyTwo}</arg>
<doc>Fails if ``key`` is not found from ``dictionary``.</doc>
<status status="PASS" start="2024-06-02T06:20:23.788112" elapsed="0.000381"/>
</kw>
<kw name="Dictionary Should Contain Key" owner="Collections">
<msg time="2024-06-02T06:20:23.789111" level="INFO">False</msg>
<arg>${json_data['results'][0]['login']}</arg>
<arg>${keyTwo}</arg>
<doc>Fails if ``key`` is not found from ``dictionary``.</doc>
<status status="PASS" start="2024-06-02T06:20:23.788764" elapsed="0.000381"/>
</kw>
<kw name="Log" owner="BuiltIn">
<msg time="2024-06-02T06:20:23.789529" level="INFO">password</msg>
<arg>${keyTwo}</arg>
<doc>Logs the given message with the given level.</doc>
<status status="PASS" start="2024-06-02T06:20:23.789412" elapsed="0.000150"/>
</kw>
<var name="${keyTwo}">password</var>
<status status="PASS" start="2024-06-02T06:20:23.788009" elapsed="0.001749"/>
</iter>
<var>${keyTwo}</var>
<value>@{expected_keysTwo}</value>
<status status="PASS" start="2024-06-02T06:20:23.785786" elapsed="0.004114"/>
</for>
<status status="PASS" start="2024-06-02T06:20:23.677949" elapsed="0.112088"/>
</kw>
<doc>Testa a estrutura da resposta da API.</doc>
<tag>testeEstruturaResposta</tag>
<status status="PASS" start="2024-06-02T06:20:23.677314" elapsed="0.112860"/>
</test>
<test id="s1-s1-t4" name="Validar tipos de dados" line="28">
<kw name="Teste de Tipos de Dados" owner="random-user-service">
<kw name="GET On Session" owner="RequestsLibrary">
<msg time="2024-06-02T06:20:23.886534" level="INFO">GET Request : url=https://randomuser.me/api 
 path_url=/api 
 headers={'User-Agent': 'python-requests/2.32.3', 'Accept-Encoding': 'gzip, deflate', 'Accept': '*/*', 'Connection': 'keep-alive'} 
 body=None 
 </msg>
<msg time="2024-06-02T06:20:23.886619" level="INFO">GET Response : url=https://randomuser.me/api 
 status=200, reason=OK 
 headers={'Date': 'Sun, 02 Jun 2024 06:20:23 GMT', 'Content-Type': 'application/json; charset=utf-8', 'Transfer-Encoding': 'chunked', 'Connection': 'keep-alive', 'X-Powered-By': 'Express', 'Access-Control-Allow-Origin': '*', 'Cache-Control': 'no-cache', 'ETag': 'W/"45f-s7Hs/0wM0A0hrFsCSARjdz6yxvk"', 'Vary': 'Accept-Encoding', 'Content-Encoding': 'gzip', 'CF-Cache-Status': 'DYNAMIC', 'Report-To': '{"endpoints":[{"url":"https:\\/\\/a.nel.cloudflare.com\\/report\\/v4?s=N0Rb21kVLpY5WSOrufJkT4qd8jwPxY1RYTUpohHiM6AdY1y5XuAMdHulUrsWYJRGLRjX6sHENkJ3zs0t21Da49PmXeMJmQpSPzPUdS9Yau1qt42Y%2BvhFdTR3frD9AHhb"}],"group":"cf-nel","max_age":604800}', 'NEL': '{"success_fraction":0,"report_to":"cf-nel","max_age":604800}', 'Server': 'cloudflare', 'CF-RAY': '88d55658bfe522de-SJC', 'alt-svc': 'h3=":443"; ma=86400'} 
 body={"results":[{"gender":"male","name":{"title":"Mr","first":"Jay","last":"Reynolds"},"location":{"street":{"number":2286,"name":"Boghall Road"},"city":"Bandon","state":"Galway","country":"Ireland","postcode":35509,"coordinates":{"latitude":"3.3704","longitude":"-40.0315"},"timezone":{"offset":"+3:30","description":"Tehran"}},"email":"jay.reynolds@example.com","login":{"uuid":"7c930144-36c8-47f6-a086-72510e08924c","username":"lazygoose533","password":"55555","salt":"mxVHC8B6","md5":"356871ae02a1cdef88728738736fddaa","sha1":"3dd11903011b72134b5a5ed71e93655a471e4a07","sha256":"aad6d12e5c46c09c3e6e18b3033488b26b126542e9bd711727494381ab9676a9"},"dob":{"date":"1953-06-30T10:32:59.333Z","age":70},"registered":{"date":"2009-04-20T21:08:32.151Z","age":15},"phone":"011-805-6128","cell":"081-318-9490","id":{"name":"PPS","value":"7192996T"},"picture":{"large":"https://randomuser.me/api/portraits/men/7.jpg","medium":"https://randomuser.me/api/portraits/med/men/7.jpg","thumbnail":"https://randomuser.me/api/portraits/thumb/men/7.jpg"},"nat":"IE"}],"info":{"seed":"18359d95cfa4fc14","results":1,"page":1,"version":"1.4"}} 
 </msg>
<msg time="2024-06-02T06:20:23.886693" level="INFO">/opt/hostedtoolcache/Python/3.12.3/x64/lib/python3.12/site-packages/urllib3/connectionpool.py:1103: InsecureRequestWarning: Unverified HTTPS request is being made to host 'randomuser.me'. Adding certificate verification is strongly advised. See: https://urllib3.readthedocs.io/en/latest/advanced-usage.html#tls-warnings
  warnings.warn(</msg>
<msg time="2024-06-02T06:20:23.886815" level="INFO">${response} = &lt;Response [200]&gt;</msg>
<var>${response}</var>
<arg>consultarAPI</arg>
<arg>/api</arg>
<doc>Sends a GET request on a previously created HTTP Session.</doc>
<status status="PASS" start="2024-06-02T06:20:23.792466" elapsed="0.094406"/>
</kw>
<kw name="Set Variable" owner="BuiltIn">
<msg time="2024-06-02T06:20:23.888016" level="INFO">${json_data} = {'results': [{'gender': 'male', 'name': {'title': 'Mr', 'first': 'Jay', 'last': 'Reynolds'}, 'location': {'street': {'number': 2286, 'name': 'Boghall Road'}, 'city': 'Bandon', 'state': 'Galway', 'coun...</msg>
<var>${json_data}</var>
<arg>${response.json()}</arg>
<doc>Returns the given values which can then be assigned to a variables.</doc>
<status status="PASS" start="2024-06-02T06:20:23.887507" elapsed="0.000536"/>
</kw>
<kw name="Log" owner="BuiltIn">
<msg time="2024-06-02T06:20:23.888481" level="INFO">{'results': [{'gender': 'male', 'name': {'title': 'Mr', 'first': 'Jay', 'last': 'Reynolds'}, 'location': {'street': {'number': 2286, 'name': 'Boghall Road'}, 'city': 'Bandon', 'state': 'Galway', 'country': 'Ireland', 'postcode': 35509, 'coordinates': {'latitude': '3.3704', 'longitude': '-40.0315'}, 'timezone': {'offset': '+3:30', 'description': 'Tehran'}}, 'email': 'jay.reynolds@example.com', 'login': {'uuid': '7c930144-36c8-47f6-a086-72510e08924c', 'username': 'lazygoose533', 'password': '55555', 'salt': 'mxVHC8B6', 'md5': '356871ae02a1cdef88728738736fddaa', 'sha1': '3dd11903011b72134b5a5ed71e93655a471e4a07', 'sha256': 'aad6d12e5c46c09c3e6e18b3033488b26b126542e9bd711727494381ab9676a9'}, 'dob': {'date': '1953-06-30T10:32:59.333Z', 'age': 70}, 'registered': {'date': '2009-04-20T21:08:32.151Z', 'age': 15}, 'phone': '011-805-6128', 'cell': '081-318-9490', 'id': {'name': 'PPS', 'value': '7192996T'}, 'picture': {'large': 'https://randomuser.me/api/portraits/men/7.jpg', 'medium': 'https://randomuser.me/api/portraits/med/men/7.jpg', 'thumbnail': 'https://randomuser.me/api/portraits/thumb/men/7.jpg'}, 'nat': 'IE'}], 'info': {'seed': '18359d95cfa4fc14', 'results': 1, 'page': 1, 'version': '1.4'}}</msg>
<arg>${json_data}</arg>
<doc>Logs the given message with the given level.</doc>
<status status="PASS" start="2024-06-02T06:20:23.888336" elapsed="0.000189"/>
</kw>
<kw name="Should Be String" owner="String">
<arg>${json_data['results'][0]['gender']}</arg>
<doc>Fails if the given ``item`` is not a string.</doc>
<status status="PASS" start="2024-06-02T06:20:23.888821" elapsed="0.000337"/>
</kw>
<kw name="Should Match Regexp" owner="BuiltIn">
<arg>${json_data['results'][0]['email']}</arg>
<arg>^[a-zA-Z0-9._%+-]+@[a-zA-Z0-9.-]+\.[a-zA-Z]{2,}$</arg>
<doc>Fails if ``string`` does not match ``pattern`` as a regular expression.</doc>
<status status="PASS" start="2024-06-02T06:20:23.889342" elapsed="0.000618"/>
</kw>
<kw name="Should Match Regexp" owner="BuiltIn">
<arg>${json_data['results'][0]['dob']['date']}</arg>
<arg>\\d{4}-\\d{2}-\\d{2}T\\d{2}:\\d{2}:\\d{2}\\.\\d{3}Z</arg>
<doc>Fails if ``string`` does not match ``pattern`` as a regular expression.</doc>
<status status="PASS" start="2024-06-02T06:20:23.890150" elapsed="0.000445"/>
</kw>
<kw name="Should Match Regexp" owner="BuiltIn">
<arg>${json_data['results'][0]['registered']['date']}</arg>
<arg>\\d{4}-\\d{2}-\\d{2}T\\d{2}:\\d{2}:\\d{2}\\.\\d{3}Z</arg>
<doc>Fails if ``string`` does not match ``pattern`` as a regular expression.</doc>
<status status="PASS" start="2024-06-02T06:20:23.890775" elapsed="0.000335"/>
</kw>
<kw name="Should Match Regexp" owner="BuiltIn">
<arg>${json_data['results'][0]['picture']['large']}</arg>
<arg>^https?://.*\.(?:png|jpe?g|gif|bmp)$</arg>
<doc>Fails if ``string`` does not match ``pattern`` as a regular expression.</doc>
<status status="PASS" start="2024-06-02T06:20:23.891284" elapsed="0.000422"/>
</kw>
<kw name="Should Match Regexp" owner="BuiltIn">
<arg>${json_data['results'][0]['picture']['medium']}</arg>
<arg>^https?://.*\.(?:png|jpe?g|gif|bmp)$</arg>
<doc>Fails if ``string`` does not match ``pattern`` as a regular expression.</doc>
<status status="PASS" start="2024-06-02T06:20:23.891880" elapsed="0.000323"/>
</kw>
<kw name="Should Match Regexp" owner="BuiltIn">
<arg>${json_data['results'][0]['picture']['thumbnail']}</arg>
<arg>^https?://.*\.(?:png|jpe?g|gif|bmp)$</arg>
<doc>Fails if ``string`` does not match ``pattern`` as a regular expression.</doc>
<status status="PASS" start="2024-06-02T06:20:23.892375" elapsed="0.000316"/>
</kw>
<kw name="Log" owner="BuiltIn">
<msg time="2024-06-02T06:20:23.893159" level="INFO">{'large': 'https://randomuser.me/api/portraits/men/7.jpg', 'medium': 'https://randomuser.me/api/portraits/med/men/7.jpg', 'thumbnail': 'https://randomuser.me/api/portraits/thumb/men/7.jpg'}</msg>
<arg>${json_data['results'][0]['picture']}</arg>
<doc>Logs the given message with the given level.</doc>
<status status="PASS" start="2024-06-02T06:20:23.892861" elapsed="0.000337"/>
</kw>
<status status="PASS" start="2024-06-02T06:20:23.792254" elapsed="0.101179"/>
</kw>
<kw name="Teste de Tipos de Dados - Postcode" owner="random-user-service">
<kw name="GET On Session" owner="RequestsLibrary">
<msg time="2024-06-02T06:20:23.984019" level="INFO">GET Request : url=https://randomuser.me/api 
 path_url=/api 
 headers={'User-Agent': 'python-requests/2.32.3', 'Accept-Encoding': 'gzip, deflate', 'Accept': '*/*', 'Connection': 'keep-alive'} 
 body=None 
 </msg>
<msg time="2024-06-02T06:20:23.984104" level="INFO">GET Response : url=https://randomuser.me/api 
 status=200, reason=OK 
 headers={'Date': 'Sun, 02 Jun 2024 06:20:23 GMT', 'Content-Type': 'application/json; charset=utf-8', 'Transfer-Encoding': 'chunked', 'Connection': 'keep-alive', 'X-Powered-By': 'Express', 'Access-Control-Allow-Origin': '*', 'Cache-Control': 'no-cache', 'ETag': 'W/"48b-ADbI6jHhR63bKYZnmXLWd2ivAt8"', 'Vary': 'Accept-Encoding', 'Content-Encoding': 'gzip', 'CF-Cache-Status': 'DYNAMIC', 'Report-To': '{"endpoints":[{"url":"https:\\/\\/a.nel.cloudflare.com\\/report\\/v4?s=SYGYp%2FB48UyBFUCF5cHrvPzKVtbo2dxC2afVD6t5gEG7NDCuUV53JR70Ub1A8zecwawHi7EOHMx%2BsKjX8ydWA1UlkcvgzixtJpRg5ilr0HkesM0wSwXbLQhf9cgsEOZw"}],"group":"cf-nel","max_age":604800}', 'NEL': '{"success_fraction":0,"report_to":"cf-nel","max_age":604800}', 'Server': 'cloudflare', 'CF-RAY': '88d55659586622de-SJC', 'alt-svc': 'h3=":443"; ma=86400'} 
 body={"results":[{"gender":"female","name":{"title":"Ms","first":"Drishti","last":"Kavser"},"location":{"street":{"number":3401,"name":"Lamington Rd"},"city":"Satna","state":"Jharkhand","country":"India","postcode":32832,"coordinates":{"latitude":"11.0570","longitude":"34.6863"},"timezone":{"offset":"+4:00","description":"Abu Dhabi, Muscat, Baku, Tbilisi"}},"email":"drishti.kavser@example.com","login":{"uuid":"36c956d7-47a1-479d-9224-e9fab77014f0","username":"crazytiger628","password":"bremen","salt":"EOgCL2Mh","md5":"4c7ba2893a77284d5dca76daa58d7707","sha1":"fa832f53b5811f038eb472dbb07eb387393dd1ea","sha256":"7bc7b1426851b49b571b2779f056ef753e9092edd696f2ee04bb96dc83659afc"},"dob":{"date":"1998-03-26T20:25:27.237Z","age":26},"registered":{"date":"2015-04-15T12:57:52.523Z","age":9},"phone":"8401290620","cell":"7245562304","id":{"name":"UIDAI","value":"680910752746"},"picture":{"large":"https://randomuser.me/api/portraits/women/70.jpg","medium":"https://randomuser.me/api/portraits/med/women/70.jpg","thumbnail":"https://randomuser.me/api/portraits/thumb/women/70.jpg"},"nat":"IN"}],"info":{"seed":"c38ec7ae0e33de90","results":1,"page":1,"version":"1.4"}} 
 </msg>
<msg time="2024-06-02T06:20:23.984177" level="INFO">/opt/hostedtoolcache/Python/3.12.3/x64/lib/python3.12/site-packages/urllib3/connectionpool.py:1103: InsecureRequestWarning: Unverified HTTPS request is being made to host 'randomuser.me'. Adding certificate verification is strongly advised. See: https://urllib3.readthedocs.io/en/latest/advanced-usage.html#tls-warnings
  warnings.warn(</msg>
<msg time="2024-06-02T06:20:23.984296" level="INFO">${response} = &lt;Response [200]&gt;</msg>
<var>${response}</var>
<arg>consultarAPI</arg>
<arg>/api</arg>
<doc>Sends a GET request on a previously created HTTP Session.</doc>
<status status="PASS" start="2024-06-02T06:20:23.893826" elapsed="0.090525"/>
</kw>
<kw name="Set Variable" owner="BuiltIn">
<msg time="2024-06-02T06:20:23.985483" level="INFO">${json_data} = {'results': [{'gender': 'female', 'name': {'title': 'Ms', 'first': 'Drishti', 'last': 'Kavser'}, 'location': {'street': {'number': 3401, 'name': 'Lamington Rd'}, 'city': 'Satna', 'state': 'Jharkhand',...</msg>
<var>${json_data}</var>
<arg>${response.json()}</arg>
<doc>Returns the given values which can then be assigned to a variables.</doc>
<status status="PASS" start="2024-06-02T06:20:23.984937" elapsed="0.000573"/>
</kw>
<kw name="Log" owner="BuiltIn">
<msg time="2024-06-02T06:20:23.985980" level="INFO">{'results': [{'gender': 'female', 'name': {'title': 'Ms', 'first': 'Drishti', 'last': 'Kavser'}, 'location': {'street': {'number': 3401, 'name': 'Lamington Rd'}, 'city': 'Satna', 'state': 'Jharkhand', 'country': 'India', 'postcode': 32832, 'coordinates': {'latitude': '11.0570', 'longitude': '34.6863'}, 'timezone': {'offset': '+4:00', 'description': 'Abu Dhabi, Muscat, Baku, Tbilisi'}}, 'email': 'drishti.kavser@example.com', 'login': {'uuid': '36c956d7-47a1-479d-9224-e9fab77014f0', 'username': 'crazytiger628', 'password': 'bremen', 'salt': 'EOgCL2Mh', 'md5': '4c7ba2893a77284d5dca76daa58d7707', 'sha1': 'fa832f53b5811f038eb472dbb07eb387393dd1ea', 'sha256': '7bc7b1426851b49b571b2779f056ef753e9092edd696f2ee04bb96dc83659afc'}, 'dob': {'date': '1998-03-26T20:25:27.237Z', 'age': 26}, 'registered': {'date': '2015-04-15T12:57:52.523Z', 'age': 9}, 'phone': '8401290620', 'cell': '7245562304', 'id': {'name': 'UIDAI', 'value': '680910752746'}, 'picture': {'large': 'https://randomuser.me/api/portraits/women/70.jpg', 'medium': 'https://randomuser.me/api/portraits/med/women/70.jpg', 'thumbnail': 'https://randomuser.me/api/portraits/thumb/women/70.jpg'}, 'nat': 'IN'}], 'info': {'seed': 'c38ec7ae0e33de90', 'results': 1, 'page': 1, 'version': '1.4'}}</msg>
<arg>${json_data}</arg>
<doc>Logs the given message with the given level.</doc>
<status status="PASS" start="2024-06-02T06:20:23.985799" elapsed="0.000226"/>
</kw>
<kw name="Should Be Equal As Numbers" owner="BuiltIn">
<arg>${json_data['results'][0]['location']['postcode']}</arg>
<arg>${json_data['results'][0]['location']['postcode']}</arg>
<doc>Fails if objects are unequal after converting them to real numbers.</doc>
<status status="PASS" start="2024-06-02T06:20:23.986299" elapsed="0.000570"/>
</kw>
<kw name="Log" owner="BuiltIn">
<msg time="2024-06-02T06:20:23.987393" level="INFO">32832</msg>
<arg>${json_data['results'][0]['location']['postcode']}</arg>
<doc>Logs the given message with the given level.</doc>
<status status="PASS" start="2024-06-02T06:20:23.987078" elapsed="0.000354"/>
</kw>
<status status="PASS" start="2024-06-02T06:20:23.893626" elapsed="0.094042"/>
</kw>
<doc>Testa se os tipos de dados na resposta da API estão corretos.</doc>
<tag>testeTiposDados</tag>
<status status="PASS" start="2024-06-02T06:20:23.791755" elapsed="0.196061"/>
</test>
<test id="s1-s1-t5" name="Validar conteudo" line="35">
<kw name="Teste de Tipos de Conteudo" owner="random-user-service">
<kw name="GET On Session" owner="RequestsLibrary">
<msg time="2024-06-02T06:20:24.080470" level="INFO">GET Request : url=https://randomuser.me/api 
 path_url=/api 
 headers={'User-Agent': 'python-requests/2.32.3', 'Accept-Encoding': 'gzip, deflate', 'Accept': '*/*', 'Connection': 'keep-alive'} 
 body=None 
 </msg>
<msg time="2024-06-02T06:20:24.080536" level="INFO">GET Response : url=https://randomuser.me/api 
 status=200, reason=OK 
 headers={'Date': 'Sun, 02 Jun 2024 06:20:24 GMT', 'Content-Type': 'application/json; charset=utf-8', 'Transfer-Encoding': 'chunked', 'Connection': 'keep-alive', 'X-Powered-By': 'Express', 'Access-Control-Allow-Origin': '*', 'Cache-Control': 'no-cache', 'ETag': 'W/"48d-gOPSQdPjJGmMNic6kix0UjWaVag"', 'Vary': 'Accept-Encoding', 'Content-Encoding': 'gzip', 'CF-Cache-Status': 'DYNAMIC', 'Report-To': '{"endpoints":[{"url":"https:\\/\\/a.nel.cloudflare.com\\/report\\/v4?s=wgoniuq2UjNnbvPhQIFB6%2BsPLs%2BlveZ%2FoWgyz%2BBvMZT3uYXcaHFaoG7IFGRYQeLLOaaMQJf4N2VN3WxWrjs5%2FzLs2fTtOWiZmFyyKTyS9%2FoOGcOqhrEQuoht%2Bi86kd5b"}],"group":"cf-nel","max_age":604800}', 'NEL': '{"success_fraction":0,"report_to":"cf-nel","max_age":604800}', 'Server': 'cloudflare', 'CF-RAY': '88d55659f8d022de-SJC', 'alt-svc': 'h3=":443"; ma=86400'} 
 body={"results":[{"gender":"female","name":{"title":"Miss","first":"Eliza","last":"Anderson"},"location":{"street":{"number":7238,"name":"Dublin Road"},"city":"Drogheda","state":"Galway City","country":"Ireland","postcode":48874,"coordinates":{"latitude":"1.8610","longitude":"166.3971"},"timezone":{"offset":"-8:00","description":"Pacific Time (US &amp; Canada)"}},"email":"eliza.anderson@example.com","login":{"uuid":"5002b245-6145-40da-9045-55acbbf8ec30","username":"goldengoose384","password":"daniela","salt":"gqucYNMa","md5":"fdbac12f9a8f658ac83c7f33076401cc","sha1":"00dad4ff59a69871d870bfb700e790f4b064e23a","sha256":"f5655e23e0953964f7f834ea13a212478b28f3d11c17b8779bef9669b3b6a34c"},"dob":{"date":"1981-12-20T09:59:45.274Z","age":42},"registered":{"date":"2017-06-06T01:32:31.653Z","age":6},"phone":"051-959-8201","cell":"081-848-9350","id":{"name":"PPS","value":"6600205T"},"picture":{"large":"https://randomuser.me/api/portraits/women/68.jpg","medium":"https://randomuser.me/api/portraits/med/women/68.jpg","thumbnail":"https://randomuser.me/api/portraits/thumb/women/68.jpg"},"nat":"IE"}],"info":{"seed":"e911c80ca18b85dd","results":1,"page":1,"version":"1.4"}} 
 </msg>
<msg time="2024-06-02T06:20:24.080591" level="INFO">/opt/hostedtoolcache/Python/3.12.3/x64/lib/python3.12/site-packages/urllib3/connectionpool.py:1103: InsecureRequestWarning: Unverified HTTPS request is being made to host 'randomuser.me'. Adding certificate verification is strongly advised. See: https://urllib3.readthedocs.io/en/latest/advanced-usage.html#tls-warnings
  warnings.warn(</msg>
<msg time="2024-06-02T06:20:24.080689" level="INFO">${response} = &lt;Response [200]&gt;</msg>
<var>${response}</var>
<arg>consultarAPI</arg>
<arg>/api</arg>
<doc>Sends a GET request on a previously created HTTP Session.</doc>
<status status="PASS" start="2024-06-02T06:20:23.990082" elapsed="0.090649"/>
</kw>
<kw name="Set Variable" owner="BuiltIn">
<msg time="2024-06-02T06:20:24.081707" level="INFO">${json_data} = {'results': [{'gender': 'female', 'name': {'title': 'Miss', 'first': 'Eliza', 'last': 'Anderson'}, 'location': {'street': {'number': 7238, 'name': 'Dublin Road'}, 'city': 'Drogheda', 'state': 'Galway ...</msg>
<var>${json_data}</var>
<arg>${response.json()}</arg>
<doc>Returns the given values which can then be assigned to a variables.</doc>
<status status="PASS" start="2024-06-02T06:20:24.081165" elapsed="0.000571"/>
</kw>
<kw name="Set Variable" owner="BuiltIn">
<msg time="2024-06-02T06:20:24.082468" level="INFO">${name_title} = Miss</msg>
<var>${name_title}</var>
<arg>${json_data["results"][0]["name"]["title"]}</arg>
<doc>Returns the given values which can then be assigned to a variables.</doc>
<status status="PASS" start="2024-06-02T06:20:24.082084" elapsed="0.000410"/>
</kw>
<kw name="Create List" owner="BuiltIn">
<msg time="2024-06-02T06:20:24.082959" level="INFO">${allowed_titles} = ['Mr', 'Ms', 'Miss', 'Mrs', 'Madame', 'Monsieur']</msg>
<var>${allowed_titles}</var>
<arg>Mr</arg>
<arg>Ms</arg>
<arg>Miss</arg>
<arg>Mrs</arg>
<arg>Madame</arg>
<arg>Monsieur</arg>
<doc>Returns a list containing given items.</doc>
<status status="PASS" start="2024-06-02T06:20:24.082794" elapsed="0.000209"/>
</kw>
<kw name="List Should Contain Value" owner="Collections">
<msg time="2024-06-02T06:20:24.083639" level="INFO">False</msg>
<arg>${allowed_titles}</arg>
<arg>${name_title}</arg>
<doc>Fails if the ``value`` is not found from ``list``.</doc>
<status status="PASS" start="2024-06-02T06:20:24.083455" elapsed="0.000220"/>
</kw>
<kw name="Set Variable" owner="BuiltIn">
<msg time="2024-06-02T06:20:24.084484" level="INFO">${name_country} = IE</msg>
<var>${name_country}</var>
<arg>${json_data["results"][0]["nat"]}</arg>
<doc>Returns the given values which can then be assigned to a variables.</doc>
<status status="PASS" start="2024-06-02T06:20:24.083977" elapsed="0.000533"/>
</kw>
<kw name="Create List" owner="BuiltIn">
<msg time="2024-06-02T06:20:24.085409" level="INFO">${list_country} = ['AD', 'AE', 'AF', 'AG', 'AI', 'AL', 'AM', 'AO', 'AQ', 'AR', 'AS', 'AT', 'AU', 'AW', 'AX', 'AZ', 'BA', 'BB', 'BD', 'BE', 'BF', 'BG', 'BH', 'BI', 'BJ', 'BL', 'BM', 'BN', 'BO', 'BQ', 'BR', 'BS', 'BT', '...</msg>
<var>${list_country}</var>
<arg>AD</arg>
<arg>AE</arg>
<arg>AF</arg>
<arg>AG</arg>
<arg>AI</arg>
<arg>AL</arg>
<arg>AM</arg>
<arg>AO</arg>
<arg>AQ</arg>
<arg>AR</arg>
<arg>AS</arg>
<arg>AT</arg>
<arg>AU</arg>
<arg>AW</arg>
<arg>AX</arg>
<arg>AZ</arg>
<arg>BA</arg>
<arg>BB</arg>
<arg>BD</arg>
<arg>BE</arg>
<arg>BF</arg>
<arg>BG</arg>
<arg>BH</arg>
<arg>BI</arg>
<arg>BJ</arg>
<arg>BL</arg>
<arg>BM</arg>
<arg>BN</arg>
<arg>BO</arg>
<arg>BQ</arg>
<arg>BR</arg>
<arg>BS</arg>
<arg>BT</arg>
<arg>BV</arg>
<arg>BW</arg>
<arg>BY</arg>
<arg>BZ</arg>
<arg>CA</arg>
<arg>CC</arg>
<arg>CD</arg>
<arg>CF</arg>
<arg>CG</arg>
<arg>CH</arg>
<arg>CI</arg>
<arg>CK</arg>
<arg>CL</arg>
<arg>CM</arg>
<arg>CN</arg>
<arg>CO</arg>
<arg>CR</arg>
<arg>CU</arg>
<arg>CV</arg>
<arg>CW</arg>
<arg>CX</arg>
<arg>CY</arg>
<arg>CZ</arg>
<arg>DE</arg>
<arg>DJ</arg>
<arg>DK</arg>
<arg>DM</arg>
<arg>DO</arg>
<arg>DZ</arg>
<arg>EC</arg>
<arg>EE</arg>
<arg>EG</arg>
<arg>EH</arg>
<arg>ER</arg>
<arg>ES</arg>
<arg>ET</arg>
<arg>FI</arg>
<arg>FJ</arg>
<arg>FK</arg>
<arg>FM</arg>
<arg>FO</arg>
<arg>FR</arg>
<arg>GA</arg>
<arg>GB</arg>
<arg>GD</arg>
<arg>GE</arg>
<arg>GF</arg>
<arg>GG</arg>
<arg>GH</arg>
<arg>GI</arg>
<arg>GL</arg>
<arg>GM</arg>
<arg>GN</arg>
<arg>GP</arg>
<arg>GQ</arg>
<arg>GR</arg>
<arg>GS</arg>
<arg>GT</arg>
<arg>GU</arg>
<arg>GW</arg>
<arg>GY</arg>
<arg>HK</arg>
<arg>HM</arg>
<arg>HN</arg>
<arg>HR</arg>
<arg>HT</arg>
<arg>HU</arg>
<arg>ID</arg>
<arg>IE</arg>
<arg>IL</arg>
<arg>IM</arg>
<arg>IN</arg>
<arg>IO</arg>
<arg>IQ</arg>
<arg>IR</arg>
<arg>IS</arg>
<arg>IT</arg>
<arg>JE</arg>
<arg>JM</arg>
<arg>JO</arg>
<arg>JP</arg>
<arg>KE</arg>
<arg>KG</arg>
<arg>KH</arg>
<arg>KI</arg>
<arg>KM</arg>
<arg>KN</arg>
<arg>KP</arg>
<arg>KR</arg>
<arg>KW</arg>
<arg>KY</arg>
<arg>KZ</arg>
<arg>LA</arg>
<arg>LB</arg>
<arg>LC</arg>
<arg>LI</arg>
<arg>LK</arg>
<arg>LR</arg>
<arg>LS</arg>
<arg>LT</arg>
<arg>LU</arg>
<arg>LV</arg>
<arg>LY</arg>
<arg>MA</arg>
<arg>MC</arg>
<arg>MD</arg>
<arg>ME</arg>
<arg>MF</arg>
<arg>MG</arg>
<arg>MH</arg>
<arg>MK</arg>
<arg>ML</arg>
<arg>MM</arg>
<arg>MN</arg>
<arg>MO</arg>
<arg>MP</arg>
<arg>MQ</arg>
<arg>MR</arg>
<arg>MS</arg>
<arg>MT</arg>
<arg>MU</arg>
<arg>MV</arg>
<arg>MW</arg>
<arg>MX</arg>
<arg>MY</arg>
<arg>MZ</arg>
<arg>NA</arg>
<arg>NC</arg>
<arg>NE</arg>
<arg>NF</arg>
<arg>NG</arg>
<arg>NI</arg>
<arg>NL</arg>
<arg>NO</arg>
<arg>NP</arg>
<arg>NR</arg>
<arg>NU</arg>
<arg>NZ</arg>
<arg>OM</arg>
<arg>PA</arg>
<arg>PE</arg>
<arg>PF</arg>
<arg>PG</arg>
<arg>PH</arg>
<arg>PK</arg>
<arg>PL</arg>
<arg>PM</arg>
<arg>PN</arg>
<arg>PR</arg>
<arg>PS</arg>
<arg>PT</arg>
<arg>PW</arg>
<arg>PY</arg>
<arg>QA</arg>
<arg>RE</arg>
<arg>RO</arg>
<arg>RS</arg>
<arg>RU</arg>
<arg>RW</arg>
<arg>SA</arg>
<arg>SB</arg>
<arg>SC</arg>
<arg>SD</arg>
<arg>SE</arg>
<arg>SG</arg>
<arg>SH</arg>
<arg>SI</arg>
<arg>SJ</arg>
<arg>SK</arg>
<arg>SL</arg>
<arg>SM</arg>
<arg>SN</arg>
<arg>SO</arg>
<arg>SR</arg>
<arg>SS</arg>
<arg>ST</arg>
<arg>SV</arg>
<arg>SX</arg>
<arg>SY</arg>
<arg>SZ</arg>
<arg>TC</arg>
<arg>TD</arg>
<arg>TF</arg>
<arg>TG</arg>
<arg>TH</arg>
<arg>TJ</arg>
<arg>TK</arg>
<arg>TL</arg>
<arg>TM</arg>
<arg>TN</arg>
<arg>TO</arg>
<arg>TR</arg>
<arg>TT</arg>
<arg>TV</arg>
<arg>TW</arg>
<arg>TZ</arg>
<arg>UA</arg>
<arg>UG</arg>
<arg>UM</arg>
<arg>US</arg>
<arg>UY</arg>
<arg>UZ</arg>
<arg>VA</arg>
<arg>VC</arg>
<arg>VE</arg>
<arg>VG</arg>
<arg>VI</arg>
<arg>VN</arg>
<arg>VU</arg>
<arg>WF</arg>
<arg>WS</arg>
<arg>XK</arg>
<arg>YE</arg>
<arg>YT</arg>
<arg>ZA</arg>
<arg>ZM</arg>
<arg>ZW</arg>
<doc>Returns a list containing given items.</doc>
<status status="PASS" start="2024-06-02T06:20:24.084820" elapsed="0.000614"/>
</kw>
<kw name="List Should Contain Value" owner="Collections">
<msg time="2024-06-02T06:20:24.086443" level="INFO">False</msg>
<arg>${list_country}</arg>
<arg>${name_country}</arg>
<doc>Fails if the ``value`` is not found from ``list``.</doc>
<status status="PASS" start="2024-06-02T06:20:24.086240" elapsed="0.000239"/>
</kw>
<kw name="Run Keyword If" owner="BuiltIn">
<kw name="Should Be True" owner="BuiltIn">
<arg>${True}</arg>
<doc>Fails if the given condition is not true.</doc>
<status status="PASS" start="2024-06-02T06:20:24.087516" elapsed="0.000142"/>
</kw>
<arg>${json_data["results"][0]["location"]["coordinates"]["latitude"]} &gt;= -90 and ${json_data["results"][0]["location"]["coordinates"]["latitude"]} &lt;= 90</arg>
<arg>Should Be True</arg>
<arg>${True}</arg>
<doc>Runs the given keyword with the given arguments, if ``condition`` is true.</doc>
<status status="PASS" start="2024-06-02T06:20:24.086791" elapsed="0.000992"/>
</kw>
<kw name="Run Keyword If" owner="BuiltIn">
<kw name="Should Be True" owner="BuiltIn">
<arg>${True}</arg>
<doc>Fails if the given condition is not true.</doc>
<status status="PASS" start="2024-06-02T06:20:24.088658" elapsed="0.000137"/>
</kw>
<arg>${json_data["results"][0]["location"]["coordinates"]["longitude"]} &gt;= -180 and ${json_data["results"][0]["location"]["coordinates"]["longitude"]} &lt;= 180</arg>
<arg>Should Be True</arg>
<arg>${True}</arg>
<doc>Runs the given keyword with the given arguments, if ``condition`` is true.</doc>
<status status="PASS" start="2024-06-02T06:20:24.087968" elapsed="0.000951"/>
</kw>
<status status="PASS" start="2024-06-02T06:20:23.989871" elapsed="0.099174"/>
</kw>
<doc>Testa o conteúdo específico dos campos retornados pela API.</doc>
<tag>testeConteudo</tag>
<status status="PASS" start="2024-06-02T06:20:23.989385" elapsed="0.099800"/>
</test>
<status status="PASS" start="2024-06-02T06:20:23.238623" elapsed="0.852488"/>
</suite>
<status status="PASS" start="2024-06-02T06:20:23.226070" elapsed="0.870083"/>
</suite>
<statistics>
<total>
<stat pass="5" fail="0" skip="0">All Tests</stat>
</total>
<tag>
<stat pass="1" fail="0" skip="0">testeConteudo</stat>
<stat pass="1" fail="0" skip="0">testeEstruturaResposta</stat>
<stat pass="1" fail="0" skip="0">testeRequisicaoBasica</stat>
<stat pass="1" fail="0" skip="0">testeTiposDados</stat>
</tag>
<suite>
<stat pass="5" fail="0" skip="0" id="s1" name="Tests">Tests</stat>
<stat pass="5" fail="0" skip="0" id="s1-s1" name="Random-User-Test">Tests.Random-User-Test</stat>
</suite>
</statistics>
<errors>
</errors>
</robot>
