<?xml version="1.0" encoding="UTF-8"?>
<robot generator="Robot 7.0 (Python 3.12.3 on linux)" generated="2024-06-03T07:14:20.023963" rpa="false" schemaversion="5">
<suite id="s1" name="Tests" source="/home/runner/work/ApiRandomUser/ApiRandomUser/RamdonUser/tests">
<suite id="s1-s1" name="Random-User-Test" source="/home/runner/work/ApiRandomUser/ApiRandomUser/RamdonUser/tests/random-user-test.robot">
<test id="s1-s1-t1" name="Conectar" line="13">
<kw name="Conectar API" owner="random-user-service">
<kw name="Create Session" owner="RequestsLibrary">
<msg time="2024-06-03T07:14:20.426822" level="INFO">Creating Session using : alias=consultarAPI, url=https://randomuser.me/, headers={},                     cookies={}, auth=None, timeout=None, proxies=None, verify=False,                     debug=0 </msg>
<arg>consultarAPI</arg>
<arg>${URL}</arg>
<doc>Create Session: create a HTTP session to a server</doc>
<status status="PASS" start="2024-06-03T07:14:20.426562" elapsed="0.000498"/>
</kw>
<status status="PASS" start="2024-06-03T07:14:20.425332" elapsed="0.002167"/>
</kw>
<status status="PASS" start="2024-06-03T07:14:20.424625" elapsed="0.003137"/>
</test>
<test id="s1-s1-t2" name="Validar retorno 200 e JSON Válido" line="16">
<kw name="Teste de Requisicao Basica" owner="random-user-service">
<kw name="GET On Session" owner="RequestsLibrary">
<msg time="2024-06-03T07:14:20.500033" level="INFO">GET Request : url=https://randomuser.me/api 
 path_url=/api 
 headers={'User-Agent': 'python-requests/2.32.3', 'Accept-Encoding': 'gzip, deflate', 'Accept': '*/*', 'Connection': 'keep-alive'} 
 body=None 
 </msg>
<msg time="2024-06-03T07:14:20.500200" level="INFO">GET Response : url=https://randomuser.me/api 
 status=200, reason=OK 
 headers={'Date': 'Mon, 03 Jun 2024 07:14:20 GMT', 'Content-Type': 'application/json; charset=utf-8', 'Transfer-Encoding': 'chunked', 'Connection': 'keep-alive', 'X-Powered-By': 'Express', 'Access-Control-Allow-Origin': '*', 'Cache-Control': 'no-cache', 'ETag': 'W/"46b-AQZ55G2/V8swwq3DWDtYKOa1yNU"', 'Vary': 'Accept-Encoding', 'Content-Encoding': 'gzip', 'CF-Cache-Status': 'DYNAMIC', 'Report-To': '{"endpoints":[{"url":"https:\\/\\/a.nel.cloudflare.com\\/report\\/v4?s=lf%2BhG67XvrnZ65FtnX%2FOFnXkYeYHddVV56%2FNWjQcnp3nTdUuAU0NIlGJRz9icANX9vgv8s%2FSJF%2BKt0SdMfljzZhbK9JRd9JE2VbeHEvgkXNr5rFda5VvzMs3kJBYZD1K"}],"group":"cf-nel","max_age":604800}', 'NEL': '{"success_fraction":0,"report_to":"cf-nel","max_age":604800}', 'Server': 'cloudflare', 'CF-RAY': '88dde2bdf8172d05-IAD', 'alt-svc': 'h3=":443"; ma=86400'} 
 body={"results":[{"gender":"male","name":{"title":"Mr","first":"Eric","last":"Sims"},"location":{"street":{"number":2353,"name":"Albert Road"},"city":"Dungarvan","state":"Monaghan","country":"Ireland","postcode":48383,"coordinates":{"latitude":"1.0758","longitude":"-24.1074"},"timezone":{"offset":"+9:30","description":"Adelaide, Darwin"}},"email":"eric.sims@example.com","login":{"uuid":"4de305b6-17e4-4999-b5ad-6b35bb848751","username":"redsnake493","password":"flyfish","salt":"fD5rLKJo","md5":"bbb8b9b0407a4dd17c9751948f28ae76","sha1":"dcbac910f1d5876fbae7884cdfb505f68b6d43a9","sha256":"df591183c7725019887c44b7540c1bfd264c0b67abb08cfe30ef0886dac64e5b"},"dob":{"date":"1986-09-06T03:46:30.464Z","age":37},"registered":{"date":"2006-06-14T18:59:53.633Z","age":17},"phone":"051-752-5430","cell":"081-026-3646","id":{"name":"PPS","value":"1926657T"},"picture":{"large":"https://randomuser.me/api/portraits/men/36.jpg","medium":"https://randomuser.me/api/portraits/med/men/36.jpg","thumbnail":"https://randomuser.me/api/portraits/thumb/men/36.jpg"},"nat":"IE"}],"info":{"seed":"fddb53a0a854c05e","results":1,"page":1,"version":"1.4"}} 
 </msg>
<msg time="2024-06-03T07:14:20.500287" level="INFO">/opt/hostedtoolcache/Python/3.12.3/x64/lib/python3.12/site-packages/urllib3/connectionpool.py:1103: InsecureRequestWarning: Unverified HTTPS request is being made to host 'randomuser.me'. Adding certificate verification is strongly advised. See: https://urllib3.readthedocs.io/en/latest/advanced-usage.html#tls-warnings
  warnings.warn(</msg>
<msg time="2024-06-03T07:14:20.500440" level="INFO">${response} = &lt;Response [200]&gt;</msg>
<var>${response}</var>
<arg>consultarAPI</arg>
<arg>/api</arg>
<doc>Sends a GET request on a previously created HTTP Session.</doc>
<status status="PASS" start="2024-06-03T07:14:20.430678" elapsed="0.069803"/>
</kw>
<kw name="Should Be Equal As Numbers" owner="BuiltIn">
<msg time="2024-06-03T07:14:20.501499" level="INFO">Argument types are:
&lt;class 'int'&gt;
&lt;class 'str'&gt;</msg>
<arg>${response.status_code}</arg>
<arg>200</arg>
<doc>Fails if objects are unequal after converting them to real numbers.</doc>
<status status="PASS" start="2024-06-03T07:14:20.501035" elapsed="0.000531"/>
</kw>
<kw name="Log" owner="BuiltIn">
<msg time="2024-06-03T07:14:20.502262" level="INFO">200</msg>
<arg>${response.status_code}</arg>
<doc>Logs the given message with the given level.</doc>
<status status="PASS" start="2024-06-03T07:14:20.501922" elapsed="0.000388"/>
</kw>
<kw name="Set Variable" owner="BuiltIn">
<msg time="2024-06-03T07:14:20.503052" level="INFO">${json_data} = {'results': [{'gender': 'male', 'name': {'title': 'Mr', 'first': 'Eric', 'last': 'Sims'}, 'location': {'street': {'number': 2353, 'name': 'Albert Road'}, 'city': 'Dungarvan', 'state': 'Monaghan', 'cou...</msg>
<var>${json_data}</var>
<arg>${response.json()}</arg>
<doc>Returns the given values which can then be assigned to a variables.</doc>
<status status="PASS" start="2024-06-03T07:14:20.502616" elapsed="0.000465"/>
</kw>
<kw name="Dictionary Should Contain Key" owner="Collections">
<msg time="2024-06-03T07:14:20.503584" level="INFO">False</msg>
<arg>${json_data}</arg>
<arg>results</arg>
<doc>Fails if ``key`` is not found from ``dictionary``.</doc>
<status status="PASS" start="2024-06-03T07:14:20.503385" elapsed="0.000410"/>
</kw>
<status status="PASS" start="2024-06-03T07:14:20.430365" elapsed="0.073703"/>
</kw>
<doc>Testa se a API responde corretamente e retorna um objeto JSON válido.</doc>
<tag>testeRequisicaoBasica</tag>
<status status="PASS" start="2024-06-03T07:14:20.429741" elapsed="0.074511"/>
</test>
<test id="s1-s1-t3" name="Validar estrutura de resposta" line="22">
<kw name="Teste de Estrutura de Resposta" owner="random-user-service">
<kw name="GET On Session" owner="RequestsLibrary">
<msg time="2024-06-03T07:14:20.606731" level="INFO">GET Request : url=https://randomuser.me/api 
 path_url=/api 
 headers={'User-Agent': 'python-requests/2.32.3', 'Accept-Encoding': 'gzip, deflate', 'Accept': '*/*', 'Connection': 'keep-alive'} 
 body=None 
 </msg>
<msg time="2024-06-03T07:14:20.606846" level="INFO">GET Response : url=https://randomuser.me/api 
 status=200, reason=OK 
 headers={'Date': 'Mon, 03 Jun 2024 07:14:20 GMT', 'Content-Type': 'application/json; charset=utf-8', 'Transfer-Encoding': 'chunked', 'Connection': 'keep-alive', 'X-Powered-By': 'Express', 'Access-Control-Allow-Origin': '*', 'Cache-Control': 'no-cache', 'ETag': 'W/"482-Zob+1aJL6JycaMmPP8Z4Ix7rUhg"', 'Vary': 'Accept-Encoding', 'Content-Encoding': 'gzip', 'CF-Cache-Status': 'DYNAMIC', 'Report-To': '{"endpoints":[{"url":"https:\\/\\/a.nel.cloudflare.com\\/report\\/v4?s=SLr3zHDSZ6r7sDChvtplg%2FNgco4X%2Bq1tHcmwxr9XmHmezVgfnGStD321FMsdAS2BwbFoCmQmNpbIi8b7pNADBNrPWW2Uc7S%2Fob%2FUuwVEa0MhsPRhzqLNmgdzt5llPqX3"}],"group":"cf-nel","max_age":604800}', 'NEL': '{"success_fraction":0,"report_to":"cf-nel","max_age":604800}', 'Server': 'cloudflare', 'CF-RAY': '88dde2be38592d05-IAD', 'alt-svc': 'h3=":443"; ma=86400'} 
 body={"results":[{"gender":"male","name":{"title":"Mr","first":"Phoenix","last":"Singh"},"location":{"street":{"number":369,"name":"Rankin Avenue"},"city":"Napier","state":"Nelson","country":"New Zealand","postcode":21238,"coordinates":{"latitude":"55.4327","longitude":"-67.3354"},"timezone":{"offset":"-7:00","description":"Mountain Time (US &amp; Canada)"}},"email":"phoenix.singh@example.com","login":{"uuid":"da20b771-86f3-4cb2-8717-c0d86cd567e0","username":"beautifulladybug797","password":"isabella","salt":"IA7lWRlX","md5":"d86dc2dad2694eadad22d017fd726c95","sha1":"9735d55fa0efa095d2c416f9bf61c91488571593","sha256":"9e8e6eb68a56a49d85309ac4a4d306380eea16f1021fca63b99f260c5950235b"},"dob":{"date":"1946-07-07T03:12:12.390Z","age":77},"registered":{"date":"2018-09-19T18:55:28.154Z","age":5},"phone":"(388)-344-8026","cell":"(058)-724-2632","id":{"name":"","value":null},"picture":{"large":"https://randomuser.me/api/portraits/men/54.jpg","medium":"https://randomuser.me/api/portraits/med/men/54.jpg","thumbnail":"https://randomuser.me/api/portraits/thumb/men/54.jpg"},"nat":"NZ"}],"info":{"seed":"dff45487669a9619","results":1,"page":1,"version":"1.4"}} 
 </msg>
<msg time="2024-06-03T07:14:20.607001" level="INFO">/opt/hostedtoolcache/Python/3.12.3/x64/lib/python3.12/site-packages/urllib3/connectionpool.py:1103: InsecureRequestWarning: Unverified HTTPS request is being made to host 'randomuser.me'. Adding certificate verification is strongly advised. See: https://urllib3.readthedocs.io/en/latest/advanced-usage.html#tls-warnings
  warnings.warn(</msg>
<msg time="2024-06-03T07:14:20.607159" level="INFO">${response} = &lt;Response [200]&gt;</msg>
<var>${response}</var>
<arg>consultarAPI</arg>
<arg>/api</arg>
<doc>Sends a GET request on a previously created HTTP Session.</doc>
<status status="PASS" start="2024-06-03T07:14:20.506979" elapsed="0.100224"/>
</kw>
<kw name="Set Variable" owner="BuiltIn">
<msg time="2024-06-03T07:14:20.608511" level="INFO">${json_data} = {'results': [{'gender': 'male', 'name': {'title': 'Mr', 'first': 'Phoenix', 'last': 'Singh'}, 'location': {'street': {'number': 369, 'name': 'Rankin Avenue'}, 'city': 'Napier', 'state': 'Nelson', 'cou...</msg>
<var>${json_data}</var>
<arg>${response.json()}</arg>
<doc>Returns the given values which can then be assigned to a variables.</doc>
<status status="PASS" start="2024-06-03T07:14:20.607892" elapsed="0.000649"/>
</kw>
<kw name="Log" owner="BuiltIn">
<msg time="2024-06-03T07:14:20.609031" level="INFO">{'results': [{'gender': 'male', 'name': {'title': 'Mr', 'first': 'Phoenix', 'last': 'Singh'}, 'location': {'street': {'number': 369, 'name': 'Rankin Avenue'}, 'city': 'Napier', 'state': 'Nelson', 'country': 'New Zealand', 'postcode': 21238, 'coordinates': {'latitude': '55.4327', 'longitude': '-67.3354'}, 'timezone': {'offset': '-7:00', 'description': 'Mountain Time (US &amp; Canada)'}}, 'email': 'phoenix.singh@example.com', 'login': {'uuid': 'da20b771-86f3-4cb2-8717-c0d86cd567e0', 'username': 'beautifulladybug797', 'password': 'isabella', 'salt': 'IA7lWRlX', 'md5': 'd86dc2dad2694eadad22d017fd726c95', 'sha1': '9735d55fa0efa095d2c416f9bf61c91488571593', 'sha256': '9e8e6eb68a56a49d85309ac4a4d306380eea16f1021fca63b99f260c5950235b'}, 'dob': {'date': '1946-07-07T03:12:12.390Z', 'age': 77}, 'registered': {'date': '2018-09-19T18:55:28.154Z', 'age': 5}, 'phone': '(388)-344-8026', 'cell': '(058)-724-2632', 'id': {'name': '', 'value': None}, 'picture': {'large': 'https://randomuser.me/api/portraits/men/54.jpg', 'medium': 'https://randomuser.me/api/portraits/med/men/54.jpg', 'thumbnail': 'https://randomuser.me/api/portraits/thumb/men/54.jpg'}, 'nat': 'NZ'}], 'info': {'seed': 'dff45487669a9619', 'results': 1, 'page': 1, 'version': '1.4'}}</msg>
<arg>${json_data}</arg>
<doc>Logs the given message with the given level.</doc>
<status status="PASS" start="2024-06-03T07:14:20.608866" elapsed="0.000214"/>
</kw>
<kw name="Dictionary Should Contain Key" owner="Collections">
<msg time="2024-06-03T07:14:20.609544" level="INFO">False</msg>
<arg>${json_data}</arg>
<arg>results</arg>
<doc>Fails if ``key`` is not found from ``dictionary``.</doc>
<status status="PASS" start="2024-06-03T07:14:20.609381" elapsed="0.000200"/>
</kw>
<kw name="Should Not Be Empty" owner="BuiltIn">
<msg time="2024-06-03T07:14:20.610013" level="INFO">Length is 2.</msg>
<arg>${json_data}</arg>
<doc>Verifies that the given item is not empty.</doc>
<status status="PASS" start="2024-06-03T07:14:20.609879" elapsed="0.000174"/>
</kw>
<kw name="Create List" owner="BuiltIn">
<msg time="2024-06-03T07:14:20.610505" level="INFO">${expected_keys} = ['gender', 'name', 'location', 'email', 'login']</msg>
<var>${expected_keys}</var>
<arg>gender</arg>
<arg>name</arg>
<arg>location</arg>
<arg>email</arg>
<arg>login</arg>
<doc>Returns a list containing given items.</doc>
<status status="PASS" start="2024-06-03T07:14:20.610354" elapsed="0.000176"/>
</kw>
<for flavor="IN">
<iter>
<kw name="Dictionary Should Contain Key" owner="Collections">
<msg time="2024-06-03T07:14:20.611583" level="INFO">False</msg>
<arg>${json_data['results'][0]}</arg>
<arg>${key}</arg>
<doc>Fails if ``key`` is not found from ``dictionary``.</doc>
<status status="PASS" start="2024-06-03T07:14:20.611133" elapsed="0.000498"/>
</kw>
<kw name="Log" owner="BuiltIn">
<msg time="2024-06-03T07:14:20.612309" level="INFO">{'gender': 'male', 'name': {'title': 'Mr', 'first': 'Phoenix', 'last': 'Singh'}, 'location': {'street': {'number': 369, 'name': 'Rankin Avenue'}, 'city': 'Napier', 'state': 'Nelson', 'country': 'New Zealand', 'postcode': 21238, 'coordinates': {'latitude': '55.4327', 'longitude': '-67.3354'}, 'timezone': {'offset': '-7:00', 'description': 'Mountain Time (US &amp; Canada)'}}, 'email': 'phoenix.singh@example.com', 'login': {'uuid': 'da20b771-86f3-4cb2-8717-c0d86cd567e0', 'username': 'beautifulladybug797', 'password': 'isabella', 'salt': 'IA7lWRlX', 'md5': 'd86dc2dad2694eadad22d017fd726c95', 'sha1': '9735d55fa0efa095d2c416f9bf61c91488571593', 'sha256': '9e8e6eb68a56a49d85309ac4a4d306380eea16f1021fca63b99f260c5950235b'}, 'dob': {'date': '1946-07-07T03:12:12.390Z', 'age': 77}, 'registered': {'date': '2018-09-19T18:55:28.154Z', 'age': 5}, 'phone': '(388)-344-8026', 'cell': '(058)-724-2632', 'id': {'name': '', 'value': None}, 'picture': {'large': 'https://randomuser.me/api/portraits/men/54.jpg', 'medium': 'https://randomuser.me/api/portraits/med/men/54.jpg', 'thumbnail': 'https://randomuser.me/api/portraits/thumb/men/54.jpg'}, 'nat': 'NZ'}</msg>
<arg>${json_data['results'][0]}</arg>
<doc>Logs the given message with the given level.</doc>
<status status="PASS" start="2024-06-03T07:14:20.611944" elapsed="0.000417"/>
</kw>
<kw name="Log" owner="BuiltIn">
<msg time="2024-06-03T07:14:20.612795" level="INFO">gender</msg>
<arg>${key}</arg>
<doc>Logs the given message with the given level.</doc>
<status status="PASS" start="2024-06-03T07:14:20.612665" elapsed="0.000167"/>
</kw>
<var name="${key}">gender</var>
<status status="PASS" start="2024-06-03T07:14:20.611002" elapsed="0.002048"/>
</iter>
<iter>
<kw name="Dictionary Should Contain Key" owner="Collections">
<msg time="2024-06-03T07:14:20.613750" level="INFO">False</msg>
<arg>${json_data['results'][0]}</arg>
<arg>${key}</arg>
<doc>Fails if ``key`` is not found from ``dictionary``.</doc>
<status status="PASS" start="2024-06-03T07:14:20.613363" elapsed="0.000425"/>
</kw>
<kw name="Log" owner="BuiltIn">
<msg time="2024-06-03T07:14:20.614470" level="INFO">{'gender': 'male', 'name': {'title': 'Mr', 'first': 'Phoenix', 'last': 'Singh'}, 'location': {'street': {'number': 369, 'name': 'Rankin Avenue'}, 'city': 'Napier', 'state': 'Nelson', 'country': 'New Zealand', 'postcode': 21238, 'coordinates': {'latitude': '55.4327', 'longitude': '-67.3354'}, 'timezone': {'offset': '-7:00', 'description': 'Mountain Time (US &amp; Canada)'}}, 'email': 'phoenix.singh@example.com', 'login': {'uuid': 'da20b771-86f3-4cb2-8717-c0d86cd567e0', 'username': 'beautifulladybug797', 'password': 'isabella', 'salt': 'IA7lWRlX', 'md5': 'd86dc2dad2694eadad22d017fd726c95', 'sha1': '9735d55fa0efa095d2c416f9bf61c91488571593', 'sha256': '9e8e6eb68a56a49d85309ac4a4d306380eea16f1021fca63b99f260c5950235b'}, 'dob': {'date': '1946-07-07T03:12:12.390Z', 'age': 77}, 'registered': {'date': '2018-09-19T18:55:28.154Z', 'age': 5}, 'phone': '(388)-344-8026', 'cell': '(058)-724-2632', 'id': {'name': '', 'value': None}, 'picture': {'large': 'https://randomuser.me/api/portraits/men/54.jpg', 'medium': 'https://randomuser.me/api/portraits/med/men/54.jpg', 'thumbnail': 'https://randomuser.me/api/portraits/thumb/men/54.jpg'}, 'nat': 'NZ'}</msg>
<arg>${json_data['results'][0]}</arg>
<doc>Logs the given message with the given level.</doc>
<status status="PASS" start="2024-06-03T07:14:20.614112" elapsed="0.000408"/>
</kw>
<kw name="Log" owner="BuiltIn">
<msg time="2024-06-03T07:14:20.614961" level="INFO">name</msg>
<arg>${key}</arg>
<doc>Logs the given message with the given level.</doc>
<status status="PASS" start="2024-06-03T07:14:20.614828" elapsed="0.000171"/>
</kw>
<var name="${key}">name</var>
<status status="PASS" start="2024-06-03T07:14:20.613246" elapsed="0.001973"/>
</iter>
<iter>
<kw name="Dictionary Should Contain Key" owner="Collections">
<msg time="2024-06-03T07:14:20.615922" level="INFO">False</msg>
<arg>${json_data['results'][0]}</arg>
<arg>${key}</arg>
<doc>Fails if ``key`` is not found from ``dictionary``.</doc>
<status status="PASS" start="2024-06-03T07:14:20.615534" elapsed="0.000425"/>
</kw>
<kw name="Log" owner="BuiltIn">
<msg time="2024-06-03T07:14:20.616637" level="INFO">{'gender': 'male', 'name': {'title': 'Mr', 'first': 'Phoenix', 'last': 'Singh'}, 'location': {'street': {'number': 369, 'name': 'Rankin Avenue'}, 'city': 'Napier', 'state': 'Nelson', 'country': 'New Zealand', 'postcode': 21238, 'coordinates': {'latitude': '55.4327', 'longitude': '-67.3354'}, 'timezone': {'offset': '-7:00', 'description': 'Mountain Time (US &amp; Canada)'}}, 'email': 'phoenix.singh@example.com', 'login': {'uuid': 'da20b771-86f3-4cb2-8717-c0d86cd567e0', 'username': 'beautifulladybug797', 'password': 'isabella', 'salt': 'IA7lWRlX', 'md5': 'd86dc2dad2694eadad22d017fd726c95', 'sha1': '9735d55fa0efa095d2c416f9bf61c91488571593', 'sha256': '9e8e6eb68a56a49d85309ac4a4d306380eea16f1021fca63b99f260c5950235b'}, 'dob': {'date': '1946-07-07T03:12:12.390Z', 'age': 77}, 'registered': {'date': '2018-09-19T18:55:28.154Z', 'age': 5}, 'phone': '(388)-344-8026', 'cell': '(058)-724-2632', 'id': {'name': '', 'value': None}, 'picture': {'large': 'https://randomuser.me/api/portraits/men/54.jpg', 'medium': 'https://randomuser.me/api/portraits/med/men/54.jpg', 'thumbnail': 'https://randomuser.me/api/portraits/thumb/men/54.jpg'}, 'nat': 'NZ'}</msg>
<arg>${json_data['results'][0]}</arg>
<doc>Logs the given message with the given level.</doc>
<status status="PASS" start="2024-06-03T07:14:20.616269" elapsed="0.000426"/>
</kw>
<kw name="Log" owner="BuiltIn">
<msg time="2024-06-03T07:14:20.617152" level="INFO">location</msg>
<arg>${key}</arg>
<doc>Logs the given message with the given level.</doc>
<status status="PASS" start="2024-06-03T07:14:20.617016" elapsed="0.000173"/>
</kw>
<var name="${key}">location</var>
<status status="PASS" start="2024-06-03T07:14:20.615400" elapsed="0.002015"/>
</iter>
<iter>
<kw name="Dictionary Should Contain Key" owner="Collections">
<msg time="2024-06-03T07:14:20.618244" level="INFO">False</msg>
<arg>${json_data['results'][0]}</arg>
<arg>${key}</arg>
<doc>Fails if ``key`` is not found from ``dictionary``.</doc>
<status status="PASS" start="2024-06-03T07:14:20.617710" elapsed="0.000575"/>
</kw>
<kw name="Log" owner="BuiltIn">
<msg time="2024-06-03T07:14:20.618985" level="INFO">{'gender': 'male', 'name': {'title': 'Mr', 'first': 'Phoenix', 'last': 'Singh'}, 'location': {'street': {'number': 369, 'name': 'Rankin Avenue'}, 'city': 'Napier', 'state': 'Nelson', 'country': 'New Zealand', 'postcode': 21238, 'coordinates': {'latitude': '55.4327', 'longitude': '-67.3354'}, 'timezone': {'offset': '-7:00', 'description': 'Mountain Time (US &amp; Canada)'}}, 'email': 'phoenix.singh@example.com', 'login': {'uuid': 'da20b771-86f3-4cb2-8717-c0d86cd567e0', 'username': 'beautifulladybug797', 'password': 'isabella', 'salt': 'IA7lWRlX', 'md5': 'd86dc2dad2694eadad22d017fd726c95', 'sha1': '9735d55fa0efa095d2c416f9bf61c91488571593', 'sha256': '9e8e6eb68a56a49d85309ac4a4d306380eea16f1021fca63b99f260c5950235b'}, 'dob': {'date': '1946-07-07T03:12:12.390Z', 'age': 77}, 'registered': {'date': '2018-09-19T18:55:28.154Z', 'age': 5}, 'phone': '(388)-344-8026', 'cell': '(058)-724-2632', 'id': {'name': '', 'value': None}, 'picture': {'large': 'https://randomuser.me/api/portraits/men/54.jpg', 'medium': 'https://randomuser.me/api/portraits/med/men/54.jpg', 'thumbnail': 'https://randomuser.me/api/portraits/thumb/men/54.jpg'}, 'nat': 'NZ'}</msg>
<arg>${json_data['results'][0]}</arg>
<doc>Logs the given message with the given level.</doc>
<status status="PASS" start="2024-06-03T07:14:20.618602" elapsed="0.000438"/>
</kw>
<kw name="Log" owner="BuiltIn">
<msg time="2024-06-03T07:14:20.619467" level="INFO">email</msg>
<arg>${key}</arg>
<doc>Logs the given message with the given level.</doc>
<status status="PASS" start="2024-06-03T07:14:20.619338" elapsed="0.000166"/>
</kw>
<var name="${key}">email</var>
<status status="PASS" start="2024-06-03T07:14:20.617596" elapsed="0.002182"/>
</iter>
<iter>
<kw name="Dictionary Should Contain Key" owner="Collections">
<msg time="2024-06-03T07:14:20.620462" level="INFO">False</msg>
<arg>${json_data['results'][0]}</arg>
<arg>${key}</arg>
<doc>Fails if ``key`` is not found from ``dictionary``.</doc>
<status status="PASS" start="2024-06-03T07:14:20.620073" elapsed="0.000426"/>
</kw>
<kw name="Log" owner="BuiltIn">
<msg time="2024-06-03T07:14:20.621155" level="INFO">{'gender': 'male', 'name': {'title': 'Mr', 'first': 'Phoenix', 'last': 'Singh'}, 'location': {'street': {'number': 369, 'name': 'Rankin Avenue'}, 'city': 'Napier', 'state': 'Nelson', 'country': 'New Zealand', 'postcode': 21238, 'coordinates': {'latitude': '55.4327', 'longitude': '-67.3354'}, 'timezone': {'offset': '-7:00', 'description': 'Mountain Time (US &amp; Canada)'}}, 'email': 'phoenix.singh@example.com', 'login': {'uuid': 'da20b771-86f3-4cb2-8717-c0d86cd567e0', 'username': 'beautifulladybug797', 'password': 'isabella', 'salt': 'IA7lWRlX', 'md5': 'd86dc2dad2694eadad22d017fd726c95', 'sha1': '9735d55fa0efa095d2c416f9bf61c91488571593', 'sha256': '9e8e6eb68a56a49d85309ac4a4d306380eea16f1021fca63b99f260c5950235b'}, 'dob': {'date': '1946-07-07T03:12:12.390Z', 'age': 77}, 'registered': {'date': '2018-09-19T18:55:28.154Z', 'age': 5}, 'phone': '(388)-344-8026', 'cell': '(058)-724-2632', 'id': {'name': '', 'value': None}, 'picture': {'large': 'https://randomuser.me/api/portraits/men/54.jpg', 'medium': 'https://randomuser.me/api/portraits/med/men/54.jpg', 'thumbnail': 'https://randomuser.me/api/portraits/thumb/men/54.jpg'}, 'nat': 'NZ'}</msg>
<arg>${json_data['results'][0]}</arg>
<doc>Logs the given message with the given level.</doc>
<status status="PASS" start="2024-06-03T07:14:20.620799" elapsed="0.000414"/>
</kw>
<kw name="Log" owner="BuiltIn">
<msg time="2024-06-03T07:14:20.621637" level="INFO">login</msg>
<arg>${key}</arg>
<doc>Logs the given message with the given level.</doc>
<status status="PASS" start="2024-06-03T07:14:20.621509" elapsed="0.000166"/>
</kw>
<var name="${key}">login</var>
<status status="PASS" start="2024-06-03T07:14:20.619958" elapsed="0.001931"/>
</iter>
<var>${key}</var>
<value>@{expected_keys}</value>
<status status="PASS" start="2024-06-03T07:14:20.610796" elapsed="0.011247"/>
</for>
<kw name="Create List" owner="BuiltIn">
<msg time="2024-06-03T07:14:20.622396" level="INFO">${expected_keysTwo} = ['username', 'password']</msg>
<var>${expected_keysTwo}</var>
<arg>username</arg>
<arg>password</arg>
<doc>Returns a list containing given items.</doc>
<status status="PASS" start="2024-06-03T07:14:20.622254" elapsed="0.000166"/>
</kw>
<for flavor="IN">
<iter>
<kw name="Dictionary Should Contain Key" owner="Collections">
<msg time="2024-06-03T07:14:20.623314" level="INFO">False</msg>
<arg>${json_data['results'][0]['login']}</arg>
<arg>${keyTwo}</arg>
<doc>Fails if ``key`` is not found from ``dictionary``.</doc>
<status status="PASS" start="2024-06-03T07:14:20.622931" elapsed="0.000420"/>
</kw>
<kw name="Dictionary Should Contain Key" owner="Collections">
<msg time="2024-06-03T07:14:20.624064" level="INFO">False</msg>
<arg>${json_data['results'][0]['login']}</arg>
<arg>${keyTwo}</arg>
<doc>Fails if ``key`` is not found from ``dictionary``.</doc>
<status status="PASS" start="2024-06-03T07:14:20.623678" elapsed="0.000423"/>
</kw>
<kw name="Log" owner="BuiltIn">
<msg time="2024-06-03T07:14:20.624521" level="INFO">username</msg>
<arg>${keyTwo}</arg>
<doc>Logs the given message with the given level.</doc>
<status status="PASS" start="2024-06-03T07:14:20.624394" elapsed="0.000164"/>
</kw>
<var name="${keyTwo}">username</var>
<status status="PASS" start="2024-06-03T07:14:20.622821" elapsed="0.001949"/>
</iter>
<iter>
<kw name="Dictionary Should Contain Key" owner="Collections">
<msg time="2024-06-03T07:14:20.625427" level="INFO">False</msg>
<arg>${json_data['results'][0]['login']}</arg>
<arg>${keyTwo}</arg>
<doc>Fails if ``key`` is not found from ``dictionary``.</doc>
<status status="PASS" start="2024-06-03T07:14:20.625052" elapsed="0.000411"/>
</kw>
<kw name="Dictionary Should Contain Key" owner="Collections">
<msg time="2024-06-03T07:14:20.626147" level="INFO">False</msg>
<arg>${json_data['results'][0]['login']}</arg>
<arg>${keyTwo}</arg>
<doc>Fails if ``key`` is not found from ``dictionary``.</doc>
<status status="PASS" start="2024-06-03T07:14:20.625764" elapsed="0.000422"/>
</kw>
<kw name="Log" owner="BuiltIn">
<msg time="2024-06-03T07:14:20.626606" level="INFO">password</msg>
<arg>${keyTwo}</arg>
<doc>Logs the given message with the given level.</doc>
<status status="PASS" start="2024-06-03T07:14:20.626477" elapsed="0.000166"/>
</kw>
<var name="${keyTwo}">password</var>
<status status="PASS" start="2024-06-03T07:14:20.624942" elapsed="0.001921"/>
</iter>
<var>${keyTwo}</var>
<value>@{expected_keysTwo}</value>
<status status="PASS" start="2024-06-03T07:14:20.622661" elapsed="0.004320"/>
</for>
<status status="PASS" start="2024-06-03T07:14:20.506735" elapsed="0.120392"/>
</kw>
<doc>Testa a estrutura da resposta da API.</doc>
<tag>testeEstruturaResposta</tag>
<status status="PASS" start="2024-06-03T07:14:20.506109" elapsed="0.121178"/>
</test>
<test id="s1-s1-t4" name="Validar tipos de dados" line="28">
<kw name="Teste de Tipos de Dados" owner="random-user-service">
<kw name="GET On Session" owner="RequestsLibrary">
<msg time="2024-06-03T07:14:20.702268" level="INFO">GET Request : url=https://randomuser.me/api 
 path_url=/api 
 headers={'User-Agent': 'python-requests/2.32.3', 'Accept-Encoding': 'gzip, deflate', 'Accept': '*/*', 'Connection': 'keep-alive'} 
 body=None 
 </msg>
<msg time="2024-06-03T07:14:20.702372" level="INFO">GET Response : url=https://randomuser.me/api 
 status=200, reason=OK 
 headers={'Date': 'Mon, 03 Jun 2024 07:14:20 GMT', 'Content-Type': 'application/json; charset=utf-8', 'Transfer-Encoding': 'chunked', 'Connection': 'keep-alive', 'X-Powered-By': 'Express', 'Access-Control-Allow-Origin': '*', 'Cache-Control': 'no-cache', 'ETag': 'W/"48f-CD0iNGSZWmY90GBvcZH1QQRXvas"', 'Vary': 'Accept-Encoding', 'Content-Encoding': 'gzip', 'CF-Cache-Status': 'DYNAMIC', 'Report-To': '{"endpoints":[{"url":"https:\\/\\/a.nel.cloudflare.com\\/report\\/v4?s=9wRU4HI8CNzY%2FLpke55D1KeF4E%2Bgl8TnmufbQlKlD6c4fX7cn3ZoFq51YyOmsOtfC%2FIJrmiP93neWBF6jO7nzzWDkMTTT04NUQgiMhX0Hy3UtI%2BMAYzoUOCZgdU2t%2Bk0"}],"group":"cf-nel","max_age":604800}', 'NEL': '{"success_fraction":0,"report_to":"cf-nel","max_age":604800}', 'Server': 'cloudflare', 'CF-RAY': '88dde2bef9322d05-IAD', 'alt-svc': 'h3=":443"; ma=86400'} 
 body={"results":[{"gender":"female","name":{"title":"Ms","first":"Jenny","last":"Snyder"},"location":{"street":{"number":5471,"name":"Oak Lawn Ave"},"city":"Westminster","state":"Vermont","country":"United States","postcode":90404,"coordinates":{"latitude":"86.0337","longitude":"55.0052"},"timezone":{"offset":"-11:00","description":"Midway Island, Samoa"}},"email":"jenny.snyder@example.com","login":{"uuid":"7da089fe-e95b-464e-a6e0-fc95354b4a9f","username":"angrywolf814","password":"trinitro","salt":"LwTAs64y","md5":"7532813e44a94594a673bca72b0e078b","sha1":"ba96b09eafca5c06bbeb2bdee7fcc9609d952afc","sha256":"f8840ccf2af80551e6b407bcd8b147d025c6f5eb266affe92b823f50b913bac7"},"dob":{"date":"1976-09-11T04:39:36.934Z","age":47},"registered":{"date":"2008-10-31T17:19:21.596Z","age":15},"phone":"(427) 465-9188","cell":"(796) 799-4028","id":{"name":"SSN","value":"044-73-8962"},"picture":{"large":"https://randomuser.me/api/portraits/women/21.jpg","medium":"https://randomuser.me/api/portraits/med/women/21.jpg","thumbnail":"https://randomuser.me/api/portraits/thumb/women/21.jpg"},"nat":"US"}],"info":{"seed":"84c64084f583b731","results":1,"page":1,"version":"1.4"}} 
 </msg>
<msg time="2024-06-03T07:14:20.702451" level="INFO">/opt/hostedtoolcache/Python/3.12.3/x64/lib/python3.12/site-packages/urllib3/connectionpool.py:1103: InsecureRequestWarning: Unverified HTTPS request is being made to host 'randomuser.me'. Adding certificate verification is strongly advised. See: https://urllib3.readthedocs.io/en/latest/advanced-usage.html#tls-warnings
  warnings.warn(</msg>
<msg time="2024-06-03T07:14:20.702587" level="INFO">${response} = &lt;Response [200]&gt;</msg>
<var>${response}</var>
<arg>consultarAPI</arg>
<arg>/api</arg>
<doc>Sends a GET request on a previously created HTTP Session.</doc>
<status status="PASS" start="2024-06-03T07:14:20.630210" elapsed="0.072420"/>
</kw>
<kw name="Set Variable" owner="BuiltIn">
<msg time="2024-06-03T07:14:20.703956" level="INFO">${json_data} = {'results': [{'gender': 'female', 'name': {'title': 'Ms', 'first': 'Jenny', 'last': 'Snyder'}, 'location': {'street': {'number': 5471, 'name': 'Oak Lawn Ave'}, 'city': 'Westminster', 'state': 'Vermont...</msg>
<var>${json_data}</var>
<arg>${response.json()}</arg>
<doc>Returns the given values which can then be assigned to a variables.</doc>
<status status="PASS" start="2024-06-03T07:14:20.703307" elapsed="0.000678"/>
</kw>
<kw name="Log" owner="BuiltIn">
<msg time="2024-06-03T07:14:20.704548" level="INFO">{'results': [{'gender': 'female', 'name': {'title': 'Ms', 'first': 'Jenny', 'last': 'Snyder'}, 'location': {'street': {'number': 5471, 'name': 'Oak Lawn Ave'}, 'city': 'Westminster', 'state': 'Vermont', 'country': 'United States', 'postcode': 90404, 'coordinates': {'latitude': '86.0337', 'longitude': '55.0052'}, 'timezone': {'offset': '-11:00', 'description': 'Midway Island, Samoa'}}, 'email': 'jenny.snyder@example.com', 'login': {'uuid': '7da089fe-e95b-464e-a6e0-fc95354b4a9f', 'username': 'angrywolf814', 'password': 'trinitro', 'salt': 'LwTAs64y', 'md5': '7532813e44a94594a673bca72b0e078b', 'sha1': 'ba96b09eafca5c06bbeb2bdee7fcc9609d952afc', 'sha256': 'f8840ccf2af80551e6b407bcd8b147d025c6f5eb266affe92b823f50b913bac7'}, 'dob': {'date': '1976-09-11T04:39:36.934Z', 'age': 47}, 'registered': {'date': '2008-10-31T17:19:21.596Z', 'age': 15}, 'phone': '(427) 465-9188', 'cell': '(796) 799-4028', 'id': {'name': 'SSN', 'value': '044-73-8962'}, 'picture': {'large': 'https://randomuser.me/api/portraits/women/21.jpg', 'medium': 'https://randomuser.me/api/portraits/med/women/21.jpg', 'thumbnail': 'https://randomuser.me/api/portraits/thumb/women/21.jpg'}, 'nat': 'US'}], 'info': {'seed': '84c64084f583b731', 'results': 1, 'page': 1, 'version': '1.4'}}</msg>
<arg>${json_data}</arg>
<doc>Logs the given message with the given level.</doc>
<status status="PASS" start="2024-06-03T07:14:20.704363" elapsed="0.000277"/>
</kw>
<kw name="Should Be String" owner="String">
<arg>${json_data['results'][0]['gender']}</arg>
<doc>Fails if the given ``item`` is not a string.</doc>
<status status="PASS" start="2024-06-03T07:14:20.704968" elapsed="0.000393"/>
</kw>
<kw name="Should Match Regexp" owner="BuiltIn">
<arg>${json_data['results'][0]['email']}</arg>
<arg>^[a-zA-Z0-9._%+-]+@[a-zA-Z0-9.-]+\.[a-zA-Z]{2,}$</arg>
<doc>Fails if ``string`` does not match ``pattern`` as a regular expression.</doc>
<status status="PASS" start="2024-06-03T07:14:20.705563" elapsed="0.000686"/>
</kw>
<kw name="Should Match Regexp" owner="BuiltIn">
<arg>${json_data['results'][0]['dob']['date']}</arg>
<arg>\\d{4}-\\d{2}-\\d{2}T\\d{2}:\\d{2}:\\d{2}\\.\\d{3}Z</arg>
<doc>Fails if ``string`` does not match ``pattern`` as a regular expression.</doc>
<status status="PASS" start="2024-06-03T07:14:20.706454" elapsed="0.000491"/>
</kw>
<kw name="Should Match Regexp" owner="BuiltIn">
<arg>${json_data['results'][0]['registered']['date']}</arg>
<arg>\\d{4}-\\d{2}-\\d{2}T\\d{2}:\\d{2}:\\d{2}\\.\\d{3}Z</arg>
<doc>Fails if ``string`` does not match ``pattern`` as a regular expression.</doc>
<status status="PASS" start="2024-06-03T07:14:20.707142" elapsed="0.000363"/>
</kw>
<kw name="Should Match Regexp" owner="BuiltIn">
<arg>${json_data['results'][0]['picture']['large']}</arg>
<arg>^https?://.*\.(?:png|jpe?g|gif|bmp)$</arg>
<doc>Fails if ``string`` does not match ``pattern`` as a regular expression.</doc>
<status status="PASS" start="2024-06-03T07:14:20.707741" elapsed="0.000481"/>
</kw>
<kw name="Should Match Regexp" owner="BuiltIn">
<arg>${json_data['results'][0]['picture']['medium']}</arg>
<arg>^https?://.*\.(?:png|jpe?g|gif|bmp)$</arg>
<doc>Fails if ``string`` does not match ``pattern`` as a regular expression.</doc>
<status status="PASS" start="2024-06-03T07:14:20.708414" elapsed="0.000354"/>
</kw>
<kw name="Should Match Regexp" owner="BuiltIn">
<arg>${json_data['results'][0]['picture']['thumbnail']}</arg>
<arg>^https?://.*\.(?:png|jpe?g|gif|bmp)$</arg>
<doc>Fails if ``string`` does not match ``pattern`` as a regular expression.</doc>
<status status="PASS" start="2024-06-03T07:14:20.708956" elapsed="0.000357"/>
</kw>
<kw name="Log" owner="BuiltIn">
<msg time="2024-06-03T07:14:20.709822" level="INFO">{'large': 'https://randomuser.me/api/portraits/women/21.jpg', 'medium': 'https://randomuser.me/api/portraits/med/women/21.jpg', 'thumbnail': 'https://randomuser.me/api/portraits/thumb/women/21.jpg'}</msg>
<arg>${json_data['results'][0]['picture']}</arg>
<doc>Logs the given message with the given level.</doc>
<status status="PASS" start="2024-06-03T07:14:20.709499" elapsed="0.000368"/>
</kw>
<status status="PASS" start="2024-06-03T07:14:20.629964" elapsed="0.080173"/>
</kw>
<kw name="Teste de Tipos de Dados - Postcode" owner="random-user-service">
<kw name="GET On Session" owner="RequestsLibrary">
<msg time="2024-06-03T07:14:20.801590" level="INFO">GET Request : url=https://randomuser.me/api 
 path_url=/api 
 headers={'User-Agent': 'python-requests/2.32.3', 'Accept-Encoding': 'gzip, deflate', 'Accept': '*/*', 'Connection': 'keep-alive'} 
 body=None 
 </msg>
<msg time="2024-06-03T07:14:20.801714" level="INFO">GET Response : url=https://randomuser.me/api 
 status=200, reason=OK 
 headers={'Date': 'Mon, 03 Jun 2024 07:14:20 GMT', 'Content-Type': 'application/json; charset=utf-8', 'Transfer-Encoding': 'chunked', 'Connection': 'keep-alive', 'X-Powered-By': 'Express', 'Access-Control-Allow-Origin': '*', 'Cache-Control': 'no-cache', 'ETag': 'W/"4a5-RRqRLVfGQNzcSUCJ1jo8sVZAItg"', 'Vary': 'Accept-Encoding', 'Content-Encoding': 'gzip', 'CF-Cache-Status': 'DYNAMIC', 'Report-To': '{"endpoints":[{"url":"https:\\/\\/a.nel.cloudflare.com\\/report\\/v4?s=CevH6QP8YzFb9yfiI8MProluC3%2BuP44SpmBWabUg1SecQvEZlmN0gOfxOJuPZvh9gn%2BGdoRrhKO1%2FKVnBZ0VjNLPNZehqVoawRnF2lfJFkzvou2Scsrch1DabYDBBe2m"}],"group":"cf-nel","max_age":604800}', 'NEL': '{"success_fraction":0,"report_to":"cf-nel","max_age":604800}', 'Server': 'cloudflare', 'CF-RAY': '88dde2bf79a62d05-IAD', 'alt-svc': 'h3=":443"; ma=86400'} 
 body={"results":[{"gender":"female","name":{"title":"Miss","first":"Angelina","last":"Aubert"},"location":{"street":{"number":5820,"name":"Avenue Debourg"},"city":"Aulnay-sous-Bois","state":"Yvelines","country":"France","postcode":66735,"coordinates":{"latitude":"-16.0173","longitude":"45.6053"},"timezone":{"offset":"+7:00","description":"Bangkok, Hanoi, Jakarta"}},"email":"angelina.aubert@example.com","login":{"uuid":"101c901f-a65c-4651-920d-a30efba95920","username":"ticklishostrich304","password":"911911","salt":"xvXzwfKk","md5":"f7cd8e27b59a9366790af691c4a29804","sha1":"8944c491f6c28c4b3bee47e3824b1e13d01d27a6","sha256":"edf820587fa95230adebe73db4207216a7c226565f84a4baecd5278358d882e1"},"dob":{"date":"1947-08-12T03:06:12.760Z","age":76},"registered":{"date":"2020-08-03T09:30:08.679Z","age":3},"phone":"04-65-36-10-39","cell":"06-84-83-04-34","id":{"name":"INSEE","value":"2470777577473 60"},"picture":{"large":"https://randomuser.me/api/portraits/women/91.jpg","medium":"https://randomuser.me/api/portraits/med/women/91.jpg","thumbnail":"https://randomuser.me/api/portraits/thumb/women/91.jpg"},"nat":"FR"}],"info":{"seed":"abef1db0aaa749b5","results":1,"page":1,"version":"1.4"}} 
 </msg>
<msg time="2024-06-03T07:14:20.801798" level="INFO">/opt/hostedtoolcache/Python/3.12.3/x64/lib/python3.12/site-packages/urllib3/connectionpool.py:1103: InsecureRequestWarning: Unverified HTTPS request is being made to host 'randomuser.me'. Adding certificate verification is strongly advised. See: https://urllib3.readthedocs.io/en/latest/advanced-usage.html#tls-warnings
  warnings.warn(</msg>
<msg time="2024-06-03T07:14:20.801968" level="INFO">${response} = &lt;Response [200]&gt;</msg>
<var>${response}</var>
<arg>consultarAPI</arg>
<arg>/api</arg>
<doc>Sends a GET request on a previously created HTTP Session.</doc>
<status status="PASS" start="2024-06-03T07:14:20.710612" elapsed="0.091407"/>
</kw>
<kw name="Set Variable" owner="BuiltIn">
<msg time="2024-06-03T07:14:20.803220" level="INFO">${json_data} = {'results': [{'gender': 'female', 'name': {'title': 'Miss', 'first': 'Angelina', 'last': 'Aubert'}, 'location': {'street': {'number': 5820, 'name': 'Avenue Debourg'}, 'city': 'Aulnay-sous-Bois', 'stat...</msg>
<var>${json_data}</var>
<arg>${response.json()}</arg>
<doc>Returns the given values which can then be assigned to a variables.</doc>
<status status="PASS" start="2024-06-03T07:14:20.802658" elapsed="0.000591"/>
</kw>
<kw name="Log" owner="BuiltIn">
<msg time="2024-06-03T07:14:20.803783" level="INFO">{'results': [{'gender': 'female', 'name': {'title': 'Miss', 'first': 'Angelina', 'last': 'Aubert'}, 'location': {'street': {'number': 5820, 'name': 'Avenue Debourg'}, 'city': 'Aulnay-sous-Bois', 'state': 'Yvelines', 'country': 'France', 'postcode': 66735, 'coordinates': {'latitude': '-16.0173', 'longitude': '45.6053'}, 'timezone': {'offset': '+7:00', 'description': 'Bangkok, Hanoi, Jakarta'}}, 'email': 'angelina.aubert@example.com', 'login': {'uuid': '101c901f-a65c-4651-920d-a30efba95920', 'username': 'ticklishostrich304', 'password': '911911', 'salt': 'xvXzwfKk', 'md5': 'f7cd8e27b59a9366790af691c4a29804', 'sha1': '8944c491f6c28c4b3bee47e3824b1e13d01d27a6', 'sha256': 'edf820587fa95230adebe73db4207216a7c226565f84a4baecd5278358d882e1'}, 'dob': {'date': '1947-08-12T03:06:12.760Z', 'age': 76}, 'registered': {'date': '2020-08-03T09:30:08.679Z', 'age': 3}, 'phone': '04-65-36-10-39', 'cell': '06-84-83-04-34', 'id': {'name': 'INSEE', 'value': '2470777577473 60'}, 'picture': {'large': 'https://randomuser.me/api/portraits/women/91.jpg', 'medium': 'https://randomuser.me/api/portraits/med/women/91.jpg', 'thumbnail': 'https://randomuser.me/api/portraits/thumb/women/91.jpg'}, 'nat': 'FR'}], 'info': {'seed': 'abef1db0aaa749b5', 'results': 1, 'page': 1, 'version': '1.4'}}</msg>
<arg>${json_data}</arg>
<doc>Logs the given message with the given level.</doc>
<status status="PASS" start="2024-06-03T07:14:20.803616" elapsed="0.000253"/>
</kw>
<kw name="Should Be Equal As Numbers" owner="BuiltIn">
<arg>${json_data['results'][0]['location']['postcode']}</arg>
<arg>${json_data['results'][0]['location']['postcode']}</arg>
<doc>Fails if objects are unequal after converting them to real numbers.</doc>
<status status="PASS" start="2024-06-03T07:14:20.804172" elapsed="0.000619"/>
</kw>
<kw name="Log" owner="BuiltIn">
<msg time="2024-06-03T07:14:20.805321" level="INFO">66735</msg>
<arg>${json_data['results'][0]['location']['postcode']}</arg>
<doc>Logs the given message with the given level.</doc>
<status status="PASS" start="2024-06-03T07:14:20.804982" elapsed="0.000380"/>
</kw>
<status status="PASS" start="2024-06-03T07:14:20.710375" elapsed="0.095278"/>
</kw>
<doc>Testa se os tipos de dados na resposta da API estão corretos.</doc>
<tag>testeTiposDados</tag>
<status status="PASS" start="2024-06-03T07:14:20.629347" elapsed="0.176485"/>
</test>
<test id="s1-s1-t5" name="Validar conteudo" line="35">
<kw name="Teste de Tipos de Conteudo" owner="random-user-service">
<kw name="GET On Session" owner="RequestsLibrary">
<msg time="2024-06-03T07:14:20.899636" level="INFO">GET Request : url=https://randomuser.me/api 
 path_url=/api 
 headers={'User-Agent': 'python-requests/2.32.3', 'Accept-Encoding': 'gzip, deflate', 'Accept': '*/*', 'Connection': 'keep-alive'} 
 body=None 
 </msg>
<msg time="2024-06-03T07:14:20.899751" level="INFO">GET Response : url=https://randomuser.me/api 
 status=200, reason=OK 
 headers={'Date': 'Mon, 03 Jun 2024 07:14:20 GMT', 'Content-Type': 'application/json; charset=utf-8', 'Transfer-Encoding': 'chunked', 'Connection': 'keep-alive', 'X-Powered-By': 'Express', 'Access-Control-Allow-Origin': '*', 'Cache-Control': 'no-cache', 'ETag': 'W/"488-iFJg0YL/xPfc2xe/COaUz8ugRyk"', 'Vary': 'Accept-Encoding', 'Content-Encoding': 'gzip', 'CF-Cache-Status': 'DYNAMIC', 'Report-To': '{"endpoints":[{"url":"https:\\/\\/a.nel.cloudflare.com\\/report\\/v4?s=CpldXvrJ4h01Ftr7c%2BxbRzfEzkI0GSwcsBrhLIblmqcM12WVTm13f7ECt8LAu5cCSqnbX4NGECowktMzJAm3Wymq5fny6cyTRFRVo9GXUgQJRS4IOYDbFJbouyDoHerN"}],"group":"cf-nel","max_age":604800}', 'NEL': '{"success_fraction":0,"report_to":"cf-nel","max_age":604800}', 'Server': 'cloudflare', 'CF-RAY': '88dde2c01a3e2d05-IAD', 'alt-svc': 'h3=":443"; ma=86400'} 
 body={"results":[{"gender":"female","name":{"title":"Mrs","first":"Marina","last":"Viter"},"location":{"street":{"number":1996,"name":"Petrickogo"},"city":"Ostrog","state":"Avtonomna Respublika Krim","country":"Ukraine","postcode":81994,"coordinates":{"latitude":"78.3412","longitude":"170.8151"},"timezone":{"offset":"+6:00","description":"Almaty, Dhaka, Colombo"}},"email":"marina.viter@example.com","login":{"uuid":"825c3aa0-cb38-4090-82de-5d5e0c8168d9","username":"whitegoose883","password":"speedway","salt":"SlFbKdal","md5":"64fb3b1c777f08af9dff604c67c8a9bd","sha1":"a86d7f7e27ff015d9bc481cbc9888d7cb8393c3d","sha256":"1db71b35b83cdb2e4663f00c276821fcf4eb2fa65164d0b20fb0da421bd90500"},"dob":{"date":"1964-10-08T15:55:12.200Z","age":59},"registered":{"date":"2020-10-30T18:52:28.843Z","age":3},"phone":"(098) N04-5869","cell":"(097) Z79-8525","id":{"name":"","value":null},"picture":{"large":"https://randomuser.me/api/portraits/women/1.jpg","medium":"https://randomuser.me/api/portraits/med/women/1.jpg","thumbnail":"https://randomuser.me/api/portraits/thumb/women/1.jpg"},"nat":"UA"}],"info":{"seed":"177ccee8238d824c","results":1,"page":1,"version":"1.4"}} 
 </msg>
<msg time="2024-06-03T07:14:20.899830" level="INFO">/opt/hostedtoolcache/Python/3.12.3/x64/lib/python3.12/site-packages/urllib3/connectionpool.py:1103: InsecureRequestWarning: Unverified HTTPS request is being made to host 'randomuser.me'. Adding certificate verification is strongly advised. See: https://urllib3.readthedocs.io/en/latest/advanced-usage.html#tls-warnings
  warnings.warn(</msg>
<msg time="2024-06-03T07:14:20.899991" level="INFO">${response} = &lt;Response [200]&gt;</msg>
<var>${response}</var>
<arg>consultarAPI</arg>
<arg>/api</arg>
<doc>Sends a GET request on a previously created HTTP Session.</doc>
<status status="PASS" start="2024-06-03T07:14:20.808323" elapsed="0.091716"/>
</kw>
<kw name="Set Variable" owner="BuiltIn">
<msg time="2024-06-03T07:14:20.901107" level="INFO">${json_data} = {'results': [{'gender': 'female', 'name': {'title': 'Mrs', 'first': 'Marina', 'last': 'Viter'}, 'location': {'street': {'number': 1996, 'name': 'Petrickogo'}, 'city': 'Ostrog', 'state': 'Avtonomna Res...</msg>
<var>${json_data}</var>
<arg>${response.json()}</arg>
<doc>Returns the given values which can then be assigned to a variables.</doc>
<status status="PASS" start="2024-06-03T07:14:20.900594" elapsed="0.000543"/>
</kw>
<kw name="Set Variable" owner="BuiltIn">
<msg time="2024-06-03T07:14:20.901829" level="INFO">${name_title} = Mrs</msg>
<var>${name_title}</var>
<arg>${json_data["results"][0]["name"]["title"]}</arg>
<doc>Returns the given values which can then be assigned to a variables.</doc>
<status status="PASS" start="2024-06-03T07:14:20.901444" elapsed="0.000411"/>
</kw>
<kw name="Create List" owner="BuiltIn">
<msg time="2024-06-03T07:14:20.902310" level="INFO">${allowed_titles} = ['Mr', 'Ms', 'Miss', 'Mrs', 'Madame', 'Monsieur']</msg>
<var>${allowed_titles}</var>
<arg>Mr</arg>
<arg>Ms</arg>
<arg>Miss</arg>
<arg>Mrs</arg>
<arg>Madame</arg>
<arg>Monsieur</arg>
<doc>Returns a list containing given items.</doc>
<status status="PASS" start="2024-06-03T07:14:20.902158" elapsed="0.000176"/>
</kw>
<kw name="List Should Contain Value" owner="Collections">
<msg time="2024-06-03T07:14:20.902814" level="INFO">False</msg>
<arg>${allowed_titles}</arg>
<arg>${name_title}</arg>
<doc>Fails if the ``value`` is not found from ``list``.</doc>
<status status="PASS" start="2024-06-03T07:14:20.902638" elapsed="0.000214"/>
</kw>
<kw name="Set Variable" owner="BuiltIn">
<msg time="2024-06-03T07:14:20.903752" level="INFO">${name_country} = UA</msg>
<var>${name_country}</var>
<arg>${json_data["results"][0]["nat"]}</arg>
<doc>Returns the given values which can then be assigned to a variables.</doc>
<status status="PASS" start="2024-06-03T07:14:20.903153" elapsed="0.000625"/>
</kw>
<kw name="Create List" owner="BuiltIn">
<msg time="2024-06-03T07:14:20.904706" level="INFO">${list_country} = ['AD', 'AE', 'AF', 'AG', 'AI', 'AL', 'AM', 'AO', 'AQ', 'AR', 'AS', 'AT', 'AU', 'AW', 'AX', 'AZ', 'BA', 'BB', 'BD', 'BE', 'BF', 'BG', 'BH', 'BI', 'BJ', 'BL', 'BM', 'BN', 'BO', 'BQ', 'BR', 'BS', 'BT', '...</msg>
<var>${list_country}</var>
<arg>AD</arg>
<arg>AE</arg>
<arg>AF</arg>
<arg>AG</arg>
<arg>AI</arg>
<arg>AL</arg>
<arg>AM</arg>
<arg>AO</arg>
<arg>AQ</arg>
<arg>AR</arg>
<arg>AS</arg>
<arg>AT</arg>
<arg>AU</arg>
<arg>AW</arg>
<arg>AX</arg>
<arg>AZ</arg>
<arg>BA</arg>
<arg>BB</arg>
<arg>BD</arg>
<arg>BE</arg>
<arg>BF</arg>
<arg>BG</arg>
<arg>BH</arg>
<arg>BI</arg>
<arg>BJ</arg>
<arg>BL</arg>
<arg>BM</arg>
<arg>BN</arg>
<arg>BO</arg>
<arg>BQ</arg>
<arg>BR</arg>
<arg>BS</arg>
<arg>BT</arg>
<arg>BV</arg>
<arg>BW</arg>
<arg>BY</arg>
<arg>BZ</arg>
<arg>CA</arg>
<arg>CC</arg>
<arg>CD</arg>
<arg>CF</arg>
<arg>CG</arg>
<arg>CH</arg>
<arg>CI</arg>
<arg>CK</arg>
<arg>CL</arg>
<arg>CM</arg>
<arg>CN</arg>
<arg>CO</arg>
<arg>CR</arg>
<arg>CU</arg>
<arg>CV</arg>
<arg>CW</arg>
<arg>CX</arg>
<arg>CY</arg>
<arg>CZ</arg>
<arg>DE</arg>
<arg>DJ</arg>
<arg>DK</arg>
<arg>DM</arg>
<arg>DO</arg>
<arg>DZ</arg>
<arg>EC</arg>
<arg>EE</arg>
<arg>EG</arg>
<arg>EH</arg>
<arg>ER</arg>
<arg>ES</arg>
<arg>ET</arg>
<arg>FI</arg>
<arg>FJ</arg>
<arg>FK</arg>
<arg>FM</arg>
<arg>FO</arg>
<arg>FR</arg>
<arg>GA</arg>
<arg>GB</arg>
<arg>GD</arg>
<arg>GE</arg>
<arg>GF</arg>
<arg>GG</arg>
<arg>GH</arg>
<arg>GI</arg>
<arg>GL</arg>
<arg>GM</arg>
<arg>GN</arg>
<arg>GP</arg>
<arg>GQ</arg>
<arg>GR</arg>
<arg>GS</arg>
<arg>GT</arg>
<arg>GU</arg>
<arg>GW</arg>
<arg>GY</arg>
<arg>HK</arg>
<arg>HM</arg>
<arg>HN</arg>
<arg>HR</arg>
<arg>HT</arg>
<arg>HU</arg>
<arg>ID</arg>
<arg>IE</arg>
<arg>IL</arg>
<arg>IM</arg>
<arg>IN</arg>
<arg>IO</arg>
<arg>IQ</arg>
<arg>IR</arg>
<arg>IS</arg>
<arg>IT</arg>
<arg>JE</arg>
<arg>JM</arg>
<arg>JO</arg>
<arg>JP</arg>
<arg>KE</arg>
<arg>KG</arg>
<arg>KH</arg>
<arg>KI</arg>
<arg>KM</arg>
<arg>KN</arg>
<arg>KP</arg>
<arg>KR</arg>
<arg>KW</arg>
<arg>KY</arg>
<arg>KZ</arg>
<arg>LA</arg>
<arg>LB</arg>
<arg>LC</arg>
<arg>LI</arg>
<arg>LK</arg>
<arg>LR</arg>
<arg>LS</arg>
<arg>LT</arg>
<arg>LU</arg>
<arg>LV</arg>
<arg>LY</arg>
<arg>MA</arg>
<arg>MC</arg>
<arg>MD</arg>
<arg>ME</arg>
<arg>MF</arg>
<arg>MG</arg>
<arg>MH</arg>
<arg>MK</arg>
<arg>ML</arg>
<arg>MM</arg>
<arg>MN</arg>
<arg>MO</arg>
<arg>MP</arg>
<arg>MQ</arg>
<arg>MR</arg>
<arg>MS</arg>
<arg>MT</arg>
<arg>MU</arg>
<arg>MV</arg>
<arg>MW</arg>
<arg>MX</arg>
<arg>MY</arg>
<arg>MZ</arg>
<arg>NA</arg>
<arg>NC</arg>
<arg>NE</arg>
<arg>NF</arg>
<arg>NG</arg>
<arg>NI</arg>
<arg>NL</arg>
<arg>NO</arg>
<arg>NP</arg>
<arg>NR</arg>
<arg>NU</arg>
<arg>NZ</arg>
<arg>OM</arg>
<arg>PA</arg>
<arg>PE</arg>
<arg>PF</arg>
<arg>PG</arg>
<arg>PH</arg>
<arg>PK</arg>
<arg>PL</arg>
<arg>PM</arg>
<arg>PN</arg>
<arg>PR</arg>
<arg>PS</arg>
<arg>PT</arg>
<arg>PW</arg>
<arg>PY</arg>
<arg>QA</arg>
<arg>RE</arg>
<arg>RO</arg>
<arg>RS</arg>
<arg>RU</arg>
<arg>RW</arg>
<arg>SA</arg>
<arg>SB</arg>
<arg>SC</arg>
<arg>SD</arg>
<arg>SE</arg>
<arg>SG</arg>
<arg>SH</arg>
<arg>SI</arg>
<arg>SJ</arg>
<arg>SK</arg>
<arg>SL</arg>
<arg>SM</arg>
<arg>SN</arg>
<arg>SO</arg>
<arg>SR</arg>
<arg>SS</arg>
<arg>ST</arg>
<arg>SV</arg>
<arg>SX</arg>
<arg>SY</arg>
<arg>SZ</arg>
<arg>TC</arg>
<arg>TD</arg>
<arg>TF</arg>
<arg>TG</arg>
<arg>TH</arg>
<arg>TJ</arg>
<arg>TK</arg>
<arg>TL</arg>
<arg>TM</arg>
<arg>TN</arg>
<arg>TO</arg>
<arg>TR</arg>
<arg>TT</arg>
<arg>TV</arg>
<arg>TW</arg>
<arg>TZ</arg>
<arg>UA</arg>
<arg>UG</arg>
<arg>UM</arg>
<arg>US</arg>
<arg>UY</arg>
<arg>UZ</arg>
<arg>VA</arg>
<arg>VC</arg>
<arg>VE</arg>
<arg>VG</arg>
<arg>VI</arg>
<arg>VN</arg>
<arg>VU</arg>
<arg>WF</arg>
<arg>WS</arg>
<arg>XK</arg>
<arg>YE</arg>
<arg>YT</arg>
<arg>ZA</arg>
<arg>ZM</arg>
<arg>ZW</arg>
<doc>Returns a list containing given items.</doc>
<status status="PASS" start="2024-06-03T07:14:20.904088" elapsed="0.000644"/>
</kw>
<kw name="List Should Contain Value" owner="Collections">
<msg time="2024-06-03T07:14:20.905728" level="INFO">False</msg>
<arg>${list_country}</arg>
<arg>${name_country}</arg>
<doc>Fails if the ``value`` is not found from ``list``.</doc>
<status status="PASS" start="2024-06-03T07:14:20.905522" elapsed="0.000242"/>
</kw>
<kw name="Run Keyword If" owner="BuiltIn">
<kw name="Should Be True" owner="BuiltIn">
<arg>${True}</arg>
<doc>Fails if the given condition is not true.</doc>
<status status="PASS" start="2024-06-03T07:14:20.906838" elapsed="0.000144"/>
</kw>
<arg>${json_data["results"][0]["location"]["coordinates"]["latitude"]} &gt;= -90 and ${json_data["results"][0]["location"]["coordinates"]["latitude"]} &lt;= 90</arg>
<arg>Should Be True</arg>
<arg>${True}</arg>
<doc>Runs the given keyword with the given arguments, if ``condition`` is true.</doc>
<status status="PASS" start="2024-06-03T07:14:20.906087" elapsed="0.001022"/>
</kw>
<kw name="Run Keyword If" owner="BuiltIn">
<kw name="Should Be True" owner="BuiltIn">
<arg>${True}</arg>
<doc>Fails if the given condition is not true.</doc>
<status status="PASS" start="2024-06-03T07:14:20.908050" elapsed="0.000141"/>
</kw>
<arg>${json_data["results"][0]["location"]["coordinates"]["longitude"]} &gt;= -180 and ${json_data["results"][0]["location"]["coordinates"]["longitude"]} &lt;= 180</arg>
<arg>Should Be True</arg>
<arg>${True}</arg>
<doc>Runs the given keyword with the given arguments, if ``condition`` is true.</doc>
<status status="PASS" start="2024-06-03T07:14:20.907301" elapsed="0.001018"/>
</kw>
<status status="PASS" start="2024-06-03T07:14:20.808087" elapsed="0.100363"/>
</kw>
<doc>Testa o conteúdo específico dos campos retornados pela API.</doc>
<tag>testeConteudo</tag>
<status status="PASS" start="2024-06-03T07:14:20.807627" elapsed="0.100980"/>
</test>
<status status="PASS" start="2024-06-03T07:14:20.084639" elapsed="0.825945"/>
</suite>
<status status="PASS" start="2024-06-03T07:14:20.070837" elapsed="0.844922"/>
</suite>
<statistics>
<total>
<stat pass="5" fail="0" skip="0">All Tests</stat>
</total>
<tag>
<stat pass="1" fail="0" skip="0">testeConteudo</stat>
<stat pass="1" fail="0" skip="0">testeEstruturaResposta</stat>
<stat pass="1" fail="0" skip="0">testeRequisicaoBasica</stat>
<stat pass="1" fail="0" skip="0">testeTiposDados</stat>
</tag>
<suite>
<stat pass="5" fail="0" skip="0" id="s1" name="Tests">Tests</stat>
<stat pass="5" fail="0" skip="0" id="s1-s1" name="Random-User-Test">Tests.Random-User-Test</stat>
</suite>
</statistics>
<errors>
</errors>
</robot>
