<?xml version="1.0" encoding="UTF-8"?>
<robot generator="Robot 7.0.1 (Python 3.12.4 on linux)" generated="2024-06-25T07:13:59.510376" rpa="false" schemaversion="5">
<suite id="s1" name="Tests" source="/home/runner/work/ApiRandomUser/ApiRandomUser/RamdonUser/tests">
<suite id="s1-s1" name="Random-User-Test" source="/home/runner/work/ApiRandomUser/ApiRandomUser/RamdonUser/tests/random-user-test.robot">
<test id="s1-s1-t1" name="Conectar" line="13">
<kw name="Conectar API" owner="random-user-service">
<kw name="Create Session" owner="RequestsLibrary">
<msg time="2024-06-25T07:13:59.934326" level="INFO">Creating Session using : alias=consultarAPI, url=https://randomuser.me/, headers={},                     cookies={}, auth=None, timeout=None, proxies=None, verify=False,                     debug=0 </msg>
<arg>consultarAPI</arg>
<arg>${URL}</arg>
<doc>Create Session: create a HTTP session to a server</doc>
<status status="PASS" start="2024-06-25T07:13:59.934053" elapsed="0.000499"/>
</kw>
<status status="PASS" start="2024-06-25T07:13:59.932783" elapsed="0.002158"/>
</kw>
<status status="PASS" start="2024-06-25T07:13:59.932124" elapsed="0.003011"/>
</test>
<test id="s1-s1-t2" name="Validar retorno 200 e JSON Válido" line="16">
<kw name="Teste de Requisicao Basica" owner="random-user-service">
<kw name="GET On Session" owner="RequestsLibrary">
<msg time="2024-06-25T07:14:00.118675" level="INFO">GET Request : url=https://randomuser.me/api 
 path_url=/api 
 headers={'User-Agent': 'python-requests/2.32.3', 'Accept-Encoding': 'gzip, deflate', 'Accept': '*/*', 'Connection': 'keep-alive'} 
 body=None 
 </msg>
<msg time="2024-06-25T07:14:00.118855" level="INFO">GET Response : url=https://randomuser.me/api 
 status=200, reason=OK 
 headers={'Date': 'Tue, 25 Jun 2024 07:14:00 GMT', 'Content-Type': 'application/json; charset=utf-8', 'Transfer-Encoding': 'chunked', 'Connection': 'keep-alive', 'X-Powered-By': 'Express', 'Access-Control-Allow-Origin': '*', 'Cache-Control': 'no-cache', 'ETag': 'W/"485-hej1917x7ekG4EvY/aRzhH2uJNM"', 'Vary': 'Accept-Encoding', 'Content-Encoding': 'gzip', 'CF-Cache-Status': 'DYNAMIC', 'Report-To': '{"endpoints":[{"url":"https:\\/\\/a.nel.cloudflare.com\\/report\\/v4?s=x8NwfiL5CYvPgeL7wQJYSVz9xTqo7uefoP7yT%2BYyDop3TJXIt5ADARb%2BVN2RhGEwGPJaanqhRZ6DApB1zn5mRwhyTWxqOAqcIhxMwCXuJ3feWsGmheVwE9%2BOx%2FTfqO5y"}],"group":"cf-nel","max_age":604800}', 'NEL': '{"success_fraction":0,"report_to":"cf-nel","max_age":604800}', 'Server': 'cloudflare', 'CF-RAY': '8993287e7f1889e9-ORD', 'alt-svc': 'h3=":443"; ma=86400'} 
 body={"results":[{"gender":"female","name":{"title":"Ms","first":"Judith","last":"Franklin"},"location":{"street":{"number":6412,"name":"Grove Road"},"city":"Waterford","state":"Galway","country":"Ireland","postcode":70326,"coordinates":{"latitude":"2.4425","longitude":"61.6820"},"timezone":{"offset":"-7:00","description":"Mountain Time (US &amp; Canada)"}},"email":"judith.franklin@example.com","login":{"uuid":"74c3a4f4-a084-46dd-909e-446f457326fa","username":"whitefrog359","password":"mohawk","salt":"cHqAZ1ea","md5":"ce7d311211a2e1265fab84538cb2306c","sha1":"11cd298c38d5e161815ce679b82bf7872810ddf3","sha256":"8e77cef0f1df592064f6a82587dcf51a095818dfbdcb52704e27156f4c037742"},"dob":{"date":"1969-04-11T17:26:04.764Z","age":55},"registered":{"date":"2022-02-07T13:02:25.603Z","age":2},"phone":"031-421-3963","cell":"081-935-4268","id":{"name":"PPS","value":"4307475T"},"picture":{"large":"https://randomuser.me/api/portraits/women/26.jpg","medium":"https://randomuser.me/api/portraits/med/women/26.jpg","thumbnail":"https://randomuser.me/api/portraits/thumb/women/26.jpg"},"nat":"IE"}],"info":{"seed":"d16af883eb2073c9","results":1,"page":1,"version":"1.4"}} 
 </msg>
<msg time="2024-06-25T07:14:00.118952" level="INFO">/opt/hostedtoolcache/Python/3.12.4/x64/lib/python3.12/site-packages/urllib3/connectionpool.py:1099: InsecureRequestWarning: Unverified HTTPS request is being made to host 'randomuser.me'. Adding certificate verification is strongly advised. See: https://urllib3.readthedocs.io/en/latest/advanced-usage.html#tls-warnings
  warnings.warn(</msg>
<msg time="2024-06-25T07:14:00.119105" level="INFO">${response} = &lt;Response [200]&gt;</msg>
<var>${response}</var>
<arg>consultarAPI</arg>
<arg>/api</arg>
<doc>Sends a GET request on a previously created HTTP Session.</doc>
<status status="PASS" start="2024-06-25T07:13:59.937709" elapsed="0.181440"/>
</kw>
<kw name="Should Be Equal As Numbers" owner="BuiltIn">
<msg time="2024-06-25T07:14:00.120326" level="INFO">Argument types are:
&lt;class 'int'&gt;
&lt;class 'str'&gt;</msg>
<arg>${response.status_code}</arg>
<arg>200</arg>
<doc>Fails if objects are unequal after converting them to real numbers.</doc>
<status status="PASS" start="2024-06-25T07:14:00.119803" elapsed="0.000591"/>
</kw>
<kw name="Log" owner="BuiltIn">
<msg time="2024-06-25T07:14:00.121074" level="INFO">200</msg>
<arg>${response.status_code}</arg>
<doc>Logs the given message with the given level.</doc>
<status status="PASS" start="2024-06-25T07:14:00.120721" elapsed="0.000396"/>
</kw>
<kw name="Set Variable" owner="BuiltIn">
<msg time="2024-06-25T07:14:00.121891" level="INFO">${json_data} = {'results': [{'gender': 'female', 'name': {'title': 'Ms', 'first': 'Judith', 'last': 'Franklin'}, 'location': {'street': {'number': 6412, 'name': 'Grove Road'}, 'city': 'Waterford', 'state': 'Galway',...</msg>
<var>${json_data}</var>
<arg>${response.json()}</arg>
<doc>Returns the given values which can then be assigned to a variables.</doc>
<status status="PASS" start="2024-06-25T07:14:00.121448" elapsed="0.000472"/>
</kw>
<kw name="Dictionary Should Contain Key" owner="Collections">
<arg>${json_data}</arg>
<arg>results</arg>
<doc>Fails if ``key`` is not found from ``dictionary``.</doc>
<status status="PASS" start="2024-06-25T07:14:00.122223" elapsed="0.000170"/>
</kw>
<status status="PASS" start="2024-06-25T07:13:59.937467" elapsed="0.185116"/>
</kw>
<doc>Testa se a API responde corretamente e retorna um objeto JSON válido.</doc>
<tag>testeRequisicaoBasica</tag>
<status status="PASS" start="2024-06-25T07:13:59.937009" elapsed="0.185765"/>
</test>
<test id="s1-s1-t3" name="Validar estrutura de resposta" line="22">
<kw name="Teste de Estrutura de Resposta" owner="random-user-service">
<kw name="GET On Session" owner="RequestsLibrary">
<msg time="2024-06-25T07:14:00.231238" level="INFO">GET Request : url=https://randomuser.me/api 
 path_url=/api 
 headers={'User-Agent': 'python-requests/2.32.3', 'Accept-Encoding': 'gzip, deflate', 'Accept': '*/*', 'Connection': 'keep-alive'} 
 body=None 
 </msg>
<msg time="2024-06-25T07:14:00.231342" level="INFO">GET Response : url=https://randomuser.me/api 
 status=200, reason=OK 
 headers={'Date': 'Tue, 25 Jun 2024 07:14:00 GMT', 'Content-Type': 'application/json; charset=utf-8', 'Transfer-Encoding': 'chunked', 'Connection': 'keep-alive', 'X-Powered-By': 'Express', 'Access-Control-Allow-Origin': '*', 'Cache-Control': 'no-cache', 'ETag': 'W/"487-01/UK/PuNu+hRGU022S8a7PU7Uw"', 'Vary': 'Accept-Encoding', 'Content-Encoding': 'gzip', 'CF-Cache-Status': 'DYNAMIC', 'Report-To': '{"endpoints":[{"url":"https:\\/\\/a.nel.cloudflare.com\\/report\\/v4?s=hDDGJ%2FiDQfVb4Za8IwR4N09%2F5vRZu0CM5Bwf2kRE2d1RtopRzyY9KdJPjY%2FCRki2wOgnbi7c0Q2gS4GiBPjVnfmK3IcS8h0jk3BAW3lPS31IWB41NXcfzQ6Sfz4XO19%2F"}],"group":"cf-nel","max_age":604800}', 'NEL': '{"success_fraction":0,"report_to":"cf-nel","max_age":604800}', 'Server': 'cloudflare', 'CF-RAY': '8993287ecf3689e9-ORD', 'alt-svc': 'h3=":443"; ma=86400'} 
 body={"results":[{"gender":"male","name":{"title":"Mr","first":"Noah","last":"Johansen"},"location":{"street":{"number":2488,"name":"Skallerupvej"},"city":"Gjerlev","state":"Syddanmark","country":"Denmark","postcode":54583,"coordinates":{"latitude":"-44.8626","longitude":"-159.6809"},"timezone":{"offset":"+8:00","description":"Beijing, Perth, Singapore, Hong Kong"}},"email":"noah.johansen@example.com","login":{"uuid":"b4d3b3f7-405a-433b-8a7d-60e63d77e361","username":"heavyswan441","password":"original","salt":"rdvOmmTU","md5":"559d9587429292472ded092b96d892e0","sha1":"6e57fbcaa435b0907982166ba65ce09c5d9e198d","sha256":"5545c3ac51999ee56d262a39fdee2140e988c21540af58e6b7edaea82075b389"},"dob":{"date":"1946-04-10T13:27:22.282Z","age":78},"registered":{"date":"2020-09-26T15:11:07.690Z","age":3},"phone":"28448240","cell":"60941709","id":{"name":"CPR","value":"100446-6320"},"picture":{"large":"https://randomuser.me/api/portraits/men/41.jpg","medium":"https://randomuser.me/api/portraits/med/men/41.jpg","thumbnail":"https://randomuser.me/api/portraits/thumb/men/41.jpg"},"nat":"DK"}],"info":{"seed":"b81f1dbb13d8e5bd","results":1,"page":1,"version":"1.4"}} 
 </msg>
<msg time="2024-06-25T07:14:00.231476" level="INFO">/opt/hostedtoolcache/Python/3.12.4/x64/lib/python3.12/site-packages/urllib3/connectionpool.py:1099: InsecureRequestWarning: Unverified HTTPS request is being made to host 'randomuser.me'. Adding certificate verification is strongly advised. See: https://urllib3.readthedocs.io/en/latest/advanced-usage.html#tls-warnings
  warnings.warn(</msg>
<msg time="2024-06-25T07:14:00.231607" level="INFO">${response} = &lt;Response [200]&gt;</msg>
<var>${response}</var>
<arg>consultarAPI</arg>
<arg>/api</arg>
<doc>Sends a GET request on a previously created HTTP Session.</doc>
<status status="PASS" start="2024-06-25T07:14:00.125399" elapsed="0.106251"/>
</kw>
<kw name="Set Variable" owner="BuiltIn">
<msg time="2024-06-25T07:14:00.232698" level="INFO">${json_data} = {'results': [{'gender': 'male', 'name': {'title': 'Mr', 'first': 'Noah', 'last': 'Johansen'}, 'location': {'street': {'number': 2488, 'name': 'Skallerupvej'}, 'city': 'Gjerlev', 'state': 'Syddanmark',...</msg>
<var>${json_data}</var>
<arg>${response.json()}</arg>
<doc>Returns the given values which can then be assigned to a variables.</doc>
<status status="PASS" start="2024-06-25T07:14:00.232175" elapsed="0.000552"/>
</kw>
<kw name="Log" owner="BuiltIn">
<msg time="2024-06-25T07:14:00.233223" level="INFO">{'results': [{'gender': 'male', 'name': {'title': 'Mr', 'first': 'Noah', 'last': 'Johansen'}, 'location': {'street': {'number': 2488, 'name': 'Skallerupvej'}, 'city': 'Gjerlev', 'state': 'Syddanmark', 'country': 'Denmark', 'postcode': 54583, 'coordinates': {'latitude': '-44.8626', 'longitude': '-159.6809'}, 'timezone': {'offset': '+8:00', 'description': 'Beijing, Perth, Singapore, Hong Kong'}}, 'email': 'noah.johansen@example.com', 'login': {'uuid': 'b4d3b3f7-405a-433b-8a7d-60e63d77e361', 'username': 'heavyswan441', 'password': 'original', 'salt': 'rdvOmmTU', 'md5': '559d9587429292472ded092b96d892e0', 'sha1': '6e57fbcaa435b0907982166ba65ce09c5d9e198d', 'sha256': '5545c3ac51999ee56d262a39fdee2140e988c21540af58e6b7edaea82075b389'}, 'dob': {'date': '1946-04-10T13:27:22.282Z', 'age': 78}, 'registered': {'date': '2020-09-26T15:11:07.690Z', 'age': 3}, 'phone': '28448240', 'cell': '60941709', 'id': {'name': 'CPR', 'value': '100446-6320'}, 'picture': {'large': 'https://randomuser.me/api/portraits/men/41.jpg', 'medium': 'https://randomuser.me/api/portraits/med/men/41.jpg', 'thumbnail': 'https://randomuser.me/api/portraits/thumb/men/41.jpg'}, 'nat': 'DK'}], 'info': {'seed': 'b81f1dbb13d8e5bd', 'results': 1, 'page': 1, 'version': '1.4'}}</msg>
<arg>${json_data}</arg>
<doc>Logs the given message with the given level.</doc>
<status status="PASS" start="2024-06-25T07:14:00.233057" elapsed="0.000224"/>
</kw>
<kw name="Dictionary Should Contain Key" owner="Collections">
<arg>${json_data}</arg>
<arg>results</arg>
<doc>Fails if ``key`` is not found from ``dictionary``.</doc>
<status status="PASS" start="2024-06-25T07:14:00.233581" elapsed="0.000160"/>
</kw>
<kw name="Should Not Be Empty" owner="BuiltIn">
<msg time="2024-06-25T07:14:00.234052" level="INFO">Length is 2.</msg>
<arg>${json_data}</arg>
<doc>Verifies that the given item is not empty.</doc>
<status status="PASS" start="2024-06-25T07:14:00.233925" elapsed="0.000171"/>
</kw>
<kw name="Create List" owner="BuiltIn">
<msg time="2024-06-25T07:14:00.234578" level="INFO">${expected_keys} = ['gender', 'name', 'location', 'email', 'login']</msg>
<var>${expected_keys}</var>
<arg>gender</arg>
<arg>name</arg>
<arg>location</arg>
<arg>email</arg>
<arg>login</arg>
<doc>Returns a list containing given items.</doc>
<status status="PASS" start="2024-06-25T07:14:00.234391" elapsed="0.000213"/>
</kw>
<for flavor="IN">
<iter>
<kw name="Dictionary Should Contain Key" owner="Collections">
<arg>${json_data['results'][0]}</arg>
<arg>${key}</arg>
<doc>Fails if ``key`` is not found from ``dictionary``.</doc>
<status status="PASS" start="2024-06-25T07:14:00.235399" elapsed="0.000406"/>
</kw>
<kw name="Log" owner="BuiltIn">
<msg time="2024-06-25T07:14:00.236353" level="INFO">{'gender': 'male', 'name': {'title': 'Mr', 'first': 'Noah', 'last': 'Johansen'}, 'location': {'street': {'number': 2488, 'name': 'Skallerupvej'}, 'city': 'Gjerlev', 'state': 'Syddanmark', 'country': 'Denmark', 'postcode': 54583, 'coordinates': {'latitude': '-44.8626', 'longitude': '-159.6809'}, 'timezone': {'offset': '+8:00', 'description': 'Beijing, Perth, Singapore, Hong Kong'}}, 'email': 'noah.johansen@example.com', 'login': {'uuid': 'b4d3b3f7-405a-433b-8a7d-60e63d77e361', 'username': 'heavyswan441', 'password': 'original', 'salt': 'rdvOmmTU', 'md5': '559d9587429292472ded092b96d892e0', 'sha1': '6e57fbcaa435b0907982166ba65ce09c5d9e198d', 'sha256': '5545c3ac51999ee56d262a39fdee2140e988c21540af58e6b7edaea82075b389'}, 'dob': {'date': '1946-04-10T13:27:22.282Z', 'age': 78}, 'registered': {'date': '2020-09-26T15:11:07.690Z', 'age': 3}, 'phone': '28448240', 'cell': '60941709', 'id': {'name': 'CPR', 'value': '100446-6320'}, 'picture': {'large': 'https://randomuser.me/api/portraits/men/41.jpg', 'medium': 'https://randomuser.me/api/portraits/med/men/41.jpg', 'thumbnail': 'https://randomuser.me/api/portraits/thumb/men/41.jpg'}, 'nat': 'DK'}</msg>
<arg>${json_data['results'][0]}</arg>
<doc>Logs the given message with the given level.</doc>
<status status="PASS" start="2024-06-25T07:14:00.235995" elapsed="0.000407"/>
</kw>
<kw name="Log" owner="BuiltIn">
<msg time="2024-06-25T07:14:00.236840" level="INFO">gender</msg>
<arg>${key}</arg>
<doc>Logs the given message with the given level.</doc>
<status status="PASS" start="2024-06-25T07:14:00.236710" elapsed="0.000169"/>
</kw>
<var name="${key}">gender</var>
<status status="PASS" start="2024-06-25T07:14:00.235266" elapsed="0.001834"/>
</iter>
<iter>
<kw name="Dictionary Should Contain Key" owner="Collections">
<arg>${json_data['results'][0]}</arg>
<arg>${key}</arg>
<doc>Fails if ``key`` is not found from ``dictionary``.</doc>
<status status="PASS" start="2024-06-25T07:14:00.237401" elapsed="0.000399"/>
</kw>
<kw name="Log" owner="BuiltIn">
<msg time="2024-06-25T07:14:00.238339" level="INFO">{'gender': 'male', 'name': {'title': 'Mr', 'first': 'Noah', 'last': 'Johansen'}, 'location': {'street': {'number': 2488, 'name': 'Skallerupvej'}, 'city': 'Gjerlev', 'state': 'Syddanmark', 'country': 'Denmark', 'postcode': 54583, 'coordinates': {'latitude': '-44.8626', 'longitude': '-159.6809'}, 'timezone': {'offset': '+8:00', 'description': 'Beijing, Perth, Singapore, Hong Kong'}}, 'email': 'noah.johansen@example.com', 'login': {'uuid': 'b4d3b3f7-405a-433b-8a7d-60e63d77e361', 'username': 'heavyswan441', 'password': 'original', 'salt': 'rdvOmmTU', 'md5': '559d9587429292472ded092b96d892e0', 'sha1': '6e57fbcaa435b0907982166ba65ce09c5d9e198d', 'sha256': '5545c3ac51999ee56d262a39fdee2140e988c21540af58e6b7edaea82075b389'}, 'dob': {'date': '1946-04-10T13:27:22.282Z', 'age': 78}, 'registered': {'date': '2020-09-26T15:11:07.690Z', 'age': 3}, 'phone': '28448240', 'cell': '60941709', 'id': {'name': 'CPR', 'value': '100446-6320'}, 'picture': {'large': 'https://randomuser.me/api/portraits/men/41.jpg', 'medium': 'https://randomuser.me/api/portraits/med/men/41.jpg', 'thumbnail': 'https://randomuser.me/api/portraits/thumb/men/41.jpg'}, 'nat': 'DK'}</msg>
<arg>${json_data['results'][0]}</arg>
<doc>Logs the given message with the given level.</doc>
<status status="PASS" start="2024-06-25T07:14:00.237989" elapsed="0.000431"/>
</kw>
<kw name="Log" owner="BuiltIn">
<msg time="2024-06-25T07:14:00.238876" level="INFO">name</msg>
<arg>${key}</arg>
<doc>Logs the given message with the given level.</doc>
<status status="PASS" start="2024-06-25T07:14:00.238746" elapsed="0.000168"/>
</kw>
<var name="${key}">name</var>
<status status="PASS" start="2024-06-25T07:14:00.237291" elapsed="0.001839"/>
</iter>
<iter>
<kw name="Dictionary Should Contain Key" owner="Collections">
<arg>${json_data['results'][0]}</arg>
<arg>${key}</arg>
<doc>Fails if ``key`` is not found from ``dictionary``.</doc>
<status status="PASS" start="2024-06-25T07:14:00.239415" elapsed="0.000384"/>
</kw>
<kw name="Log" owner="BuiltIn">
<msg time="2024-06-25T07:14:00.240337" level="INFO">{'gender': 'male', 'name': {'title': 'Mr', 'first': 'Noah', 'last': 'Johansen'}, 'location': {'street': {'number': 2488, 'name': 'Skallerupvej'}, 'city': 'Gjerlev', 'state': 'Syddanmark', 'country': 'Denmark', 'postcode': 54583, 'coordinates': {'latitude': '-44.8626', 'longitude': '-159.6809'}, 'timezone': {'offset': '+8:00', 'description': 'Beijing, Perth, Singapore, Hong Kong'}}, 'email': 'noah.johansen@example.com', 'login': {'uuid': 'b4d3b3f7-405a-433b-8a7d-60e63d77e361', 'username': 'heavyswan441', 'password': 'original', 'salt': 'rdvOmmTU', 'md5': '559d9587429292472ded092b96d892e0', 'sha1': '6e57fbcaa435b0907982166ba65ce09c5d9e198d', 'sha256': '5545c3ac51999ee56d262a39fdee2140e988c21540af58e6b7edaea82075b389'}, 'dob': {'date': '1946-04-10T13:27:22.282Z', 'age': 78}, 'registered': {'date': '2020-09-26T15:11:07.690Z', 'age': 3}, 'phone': '28448240', 'cell': '60941709', 'id': {'name': 'CPR', 'value': '100446-6320'}, 'picture': {'large': 'https://randomuser.me/api/portraits/men/41.jpg', 'medium': 'https://randomuser.me/api/portraits/med/men/41.jpg', 'thumbnail': 'https://randomuser.me/api/portraits/thumb/men/41.jpg'}, 'nat': 'DK'}</msg>
<arg>${json_data['results'][0]}</arg>
<doc>Logs the given message with the given level.</doc>
<status status="PASS" start="2024-06-25T07:14:00.239982" elapsed="0.000404"/>
</kw>
<kw name="Log" owner="BuiltIn">
<msg time="2024-06-25T07:14:00.240805" level="INFO">location</msg>
<arg>${key}</arg>
<doc>Logs the given message with the given level.</doc>
<status status="PASS" start="2024-06-25T07:14:00.240677" elapsed="0.000165"/>
</kw>
<var name="${key}">location</var>
<status status="PASS" start="2024-06-25T07:14:00.239306" elapsed="0.001753"/>
</iter>
<iter>
<kw name="Dictionary Should Contain Key" owner="Collections">
<arg>${json_data['results'][0]}</arg>
<arg>${key}</arg>
<doc>Fails if ``key`` is not found from ``dictionary``.</doc>
<status status="PASS" start="2024-06-25T07:14:00.241333" elapsed="0.000381"/>
</kw>
<kw name="Log" owner="BuiltIn">
<msg time="2024-06-25T07:14:00.242283" level="INFO">{'gender': 'male', 'name': {'title': 'Mr', 'first': 'Noah', 'last': 'Johansen'}, 'location': {'street': {'number': 2488, 'name': 'Skallerupvej'}, 'city': 'Gjerlev', 'state': 'Syddanmark', 'country': 'Denmark', 'postcode': 54583, 'coordinates': {'latitude': '-44.8626', 'longitude': '-159.6809'}, 'timezone': {'offset': '+8:00', 'description': 'Beijing, Perth, Singapore, Hong Kong'}}, 'email': 'noah.johansen@example.com', 'login': {'uuid': 'b4d3b3f7-405a-433b-8a7d-60e63d77e361', 'username': 'heavyswan441', 'password': 'original', 'salt': 'rdvOmmTU', 'md5': '559d9587429292472ded092b96d892e0', 'sha1': '6e57fbcaa435b0907982166ba65ce09c5d9e198d', 'sha256': '5545c3ac51999ee56d262a39fdee2140e988c21540af58e6b7edaea82075b389'}, 'dob': {'date': '1946-04-10T13:27:22.282Z', 'age': 78}, 'registered': {'date': '2020-09-26T15:11:07.690Z', 'age': 3}, 'phone': '28448240', 'cell': '60941709', 'id': {'name': 'CPR', 'value': '100446-6320'}, 'picture': {'large': 'https://randomuser.me/api/portraits/men/41.jpg', 'medium': 'https://randomuser.me/api/portraits/med/men/41.jpg', 'thumbnail': 'https://randomuser.me/api/portraits/thumb/men/41.jpg'}, 'nat': 'DK'}</msg>
<arg>${json_data['results'][0]}</arg>
<doc>Logs the given message with the given level.</doc>
<status status="PASS" start="2024-06-25T07:14:00.241903" elapsed="0.000431"/>
</kw>
<kw name="Log" owner="BuiltIn">
<msg time="2024-06-25T07:14:00.242797" level="INFO">email</msg>
<arg>${key}</arg>
<doc>Logs the given message with the given level.</doc>
<status status="PASS" start="2024-06-25T07:14:00.242666" elapsed="0.000169"/>
</kw>
<var name="${key}">email</var>
<status status="PASS" start="2024-06-25T07:14:00.241229" elapsed="0.001826"/>
</iter>
<iter>
<kw name="Dictionary Should Contain Key" owner="Collections">
<arg>${json_data['results'][0]}</arg>
<arg>${key}</arg>
<doc>Fails if ``key`` is not found from ``dictionary``.</doc>
<status status="PASS" start="2024-06-25T07:14:00.243337" elapsed="0.000392"/>
</kw>
<kw name="Log" owner="BuiltIn">
<msg time="2024-06-25T07:14:00.244260" level="INFO">{'gender': 'male', 'name': {'title': 'Mr', 'first': 'Noah', 'last': 'Johansen'}, 'location': {'street': {'number': 2488, 'name': 'Skallerupvej'}, 'city': 'Gjerlev', 'state': 'Syddanmark', 'country': 'Denmark', 'postcode': 54583, 'coordinates': {'latitude': '-44.8626', 'longitude': '-159.6809'}, 'timezone': {'offset': '+8:00', 'description': 'Beijing, Perth, Singapore, Hong Kong'}}, 'email': 'noah.johansen@example.com', 'login': {'uuid': 'b4d3b3f7-405a-433b-8a7d-60e63d77e361', 'username': 'heavyswan441', 'password': 'original', 'salt': 'rdvOmmTU', 'md5': '559d9587429292472ded092b96d892e0', 'sha1': '6e57fbcaa435b0907982166ba65ce09c5d9e198d', 'sha256': '5545c3ac51999ee56d262a39fdee2140e988c21540af58e6b7edaea82075b389'}, 'dob': {'date': '1946-04-10T13:27:22.282Z', 'age': 78}, 'registered': {'date': '2020-09-26T15:11:07.690Z', 'age': 3}, 'phone': '28448240', 'cell': '60941709', 'id': {'name': 'CPR', 'value': '100446-6320'}, 'picture': {'large': 'https://randomuser.me/api/portraits/men/41.jpg', 'medium': 'https://randomuser.me/api/portraits/med/men/41.jpg', 'thumbnail': 'https://randomuser.me/api/portraits/thumb/men/41.jpg'}, 'nat': 'DK'}</msg>
<arg>${json_data['results'][0]}</arg>
<doc>Logs the given message with the given level.</doc>
<status status="PASS" start="2024-06-25T07:14:00.243914" elapsed="0.000394"/>
</kw>
<kw name="Log" owner="BuiltIn">
<msg time="2024-06-25T07:14:00.244739" level="INFO">login</msg>
<arg>${key}</arg>
<doc>Logs the given message with the given level.</doc>
<status status="PASS" start="2024-06-25T07:14:00.244604" elapsed="0.000172"/>
</kw>
<var name="${key}">login</var>
<status status="PASS" start="2024-06-25T07:14:00.243231" elapsed="0.001765"/>
</iter>
<var>${key}</var>
<value>@{expected_keys}</value>
<status status="PASS" start="2024-06-25T07:14:00.235050" elapsed="0.010066"/>
</for>
<kw name="Create List" owner="BuiltIn">
<msg time="2024-06-25T07:14:00.245439" level="INFO">${expected_keysTwo} = ['username', 'password']</msg>
<var>${expected_keysTwo}</var>
<arg>username</arg>
<arg>password</arg>
<doc>Returns a list containing given items.</doc>
<status status="PASS" start="2024-06-25T07:14:00.245303" elapsed="0.000160"/>
</kw>
<for flavor="IN">
<iter>
<kw name="Dictionary Should Contain Key" owner="Collections">
<arg>${json_data['results'][0]['login']}</arg>
<arg>${keyTwo}</arg>
<doc>Fails if ``key`` is not found from ``dictionary``.</doc>
<status status="PASS" start="2024-06-25T07:14:00.245986" elapsed="0.000396"/>
</kw>
<kw name="Dictionary Should Contain Key" owner="Collections">
<arg>${json_data['results'][0]['login']}</arg>
<arg>${keyTwo}</arg>
<doc>Fails if ``key`` is not found from ``dictionary``.</doc>
<status status="PASS" start="2024-06-25T07:14:00.246607" elapsed="0.000396"/>
</kw>
<kw name="Log" owner="BuiltIn">
<msg time="2024-06-25T07:14:00.247312" level="INFO">username</msg>
<arg>${keyTwo}</arg>
<doc>Logs the given message with the given level.</doc>
<status status="PASS" start="2024-06-25T07:14:00.247191" elapsed="0.000158"/>
</kw>
<var name="${keyTwo}">username</var>
<status status="PASS" start="2024-06-25T07:14:00.245879" elapsed="0.001690"/>
</iter>
<iter>
<kw name="Dictionary Should Contain Key" owner="Collections">
<arg>${json_data['results'][0]['login']}</arg>
<arg>${keyTwo}</arg>
<doc>Fails if ``key`` is not found from ``dictionary``.</doc>
<status status="PASS" start="2024-06-25T07:14:00.247851" elapsed="0.000382"/>
</kw>
<kw name="Dictionary Should Contain Key" owner="Collections">
<arg>${json_data['results'][0]['login']}</arg>
<arg>${keyTwo}</arg>
<doc>Fails if ``key`` is not found from ``dictionary``.</doc>
<status status="PASS" start="2024-06-25T07:14:00.248412" elapsed="0.000375"/>
</kw>
<kw name="Log" owner="BuiltIn">
<msg time="2024-06-25T07:14:00.249095" level="INFO">password</msg>
<arg>${keyTwo}</arg>
<doc>Logs the given message with the given level.</doc>
<status status="PASS" start="2024-06-25T07:14:00.248972" elapsed="0.000161"/>
</kw>
<var name="${keyTwo}">password</var>
<status status="PASS" start="2024-06-25T07:14:00.247742" elapsed="0.001617"/>
</iter>
<var>${keyTwo}</var>
<value>@{expected_keysTwo}</value>
<status status="PASS" start="2024-06-25T07:14:00.245726" elapsed="0.003761"/>
</for>
<status status="PASS" start="2024-06-25T07:14:00.125163" elapsed="0.124465"/>
</kw>
<doc>Testa a estrutura da resposta da API.</doc>
<tag>testeEstruturaResposta</tag>
<status status="PASS" start="2024-06-25T07:14:00.124644" elapsed="0.125142"/>
</test>
<test id="s1-s1-t4" name="Validar tipos de dados" line="28">
<kw name="Teste de Tipos de Dados" owner="random-user-service">
<kw name="GET On Session" owner="RequestsLibrary">
<msg time="2024-06-25T07:14:00.319765" level="INFO">GET Request : url=https://randomuser.me/api 
 path_url=/api 
 headers={'User-Agent': 'python-requests/2.32.3', 'Accept-Encoding': 'gzip, deflate', 'Accept': '*/*', 'Connection': 'keep-alive'} 
 body=None 
 </msg>
<msg time="2024-06-25T07:14:00.319874" level="INFO">GET Response : url=https://randomuser.me/api 
 status=200, reason=OK 
 headers={'Date': 'Tue, 25 Jun 2024 07:14:00 GMT', 'Content-Type': 'application/json; charset=utf-8', 'Transfer-Encoding': 'chunked', 'Connection': 'keep-alive', 'X-Powered-By': 'Express', 'Access-Control-Allow-Origin': '*', 'Cache-Control': 'no-cache', 'ETag': 'W/"484-cn011HwrUYh5AIgEllzgCYUc0Ds"', 'Vary': 'Accept-Encoding', 'Content-Encoding': 'gzip', 'CF-Cache-Status': 'DYNAMIC', 'Report-To': '{"endpoints":[{"url":"https:\\/\\/a.nel.cloudflare.com\\/report\\/v4?s=8%2BhxAlhsxPZ5O9O%2FH0hQf62wm4WYiLRmjx0ABiL7ZGBJ0Sb8nfAKR55y5h3iDJQPitMaIJBzUAp1bsZPXTfaCSZ%2BlWR0p5nsgiIiRawRmVxYkXa0mNfVMUp2%2BwpuCwkH"}],"group":"cf-nel","max_age":604800}', 'NEL': '{"success_fraction":0,"report_to":"cf-nel","max_age":604800}', 'Server': 'cloudflare', 'CF-RAY': '8993287f9fa489e9-ORD', 'alt-svc': 'h3=":443"; ma=86400'} 
 body={"results":[{"gender":"female","name":{"title":"Mrs","first":"Chinmayee","last":"Rai"},"location":{"street":{"number":252,"name":"Bandstand Promenade"},"city":"Pune","state":"Andaman and Nicobar Islands","country":"India","postcode":46631,"coordinates":{"latitude":"10.3997","longitude":"32.9303"},"timezone":{"offset":"-10:00","description":"Hawaii"}},"email":"chinmayee.rai@example.com","login":{"uuid":"2b5100b0-601f-4fb2-8c71-df9d9587fadc","username":"bigswan984","password":"jetta","salt":"af77SiHV","md5":"b1c59175550f70dc398c7d4dd9a05542","sha1":"d2c8baef35c9b01393ddcad1729943ef64190550","sha256":"e813420239a240caa13333b52395d9197c4d0535f726c9fa6d37a95a30262324"},"dob":{"date":"1978-10-09T01:13:34.394Z","age":45},"registered":{"date":"2019-07-30T07:41:22.039Z","age":4},"phone":"7549687779","cell":"8278232680","id":{"name":"UIDAI","value":"603619934978"},"picture":{"large":"https://randomuser.me/api/portraits/women/55.jpg","medium":"https://randomuser.me/api/portraits/med/women/55.jpg","thumbnail":"https://randomuser.me/api/portraits/thumb/women/55.jpg"},"nat":"IN"}],"info":{"seed":"92ebe45cbf3a590a","results":1,"page":1,"version":"1.4"}} 
 </msg>
<msg time="2024-06-25T07:14:00.319957" level="INFO">/opt/hostedtoolcache/Python/3.12.4/x64/lib/python3.12/site-packages/urllib3/connectionpool.py:1099: InsecureRequestWarning: Unverified HTTPS request is being made to host 'randomuser.me'. Adding certificate verification is strongly advised. See: https://urllib3.readthedocs.io/en/latest/advanced-usage.html#tls-warnings
  warnings.warn(</msg>
<msg time="2024-06-25T07:14:00.320092" level="INFO">${response} = &lt;Response [200]&gt;</msg>
<var>${response}</var>
<arg>consultarAPI</arg>
<arg>/api</arg>
<doc>Sends a GET request on a previously created HTTP Session.</doc>
<status status="PASS" start="2024-06-25T07:14:00.252401" elapsed="0.067742"/>
</kw>
<kw name="Set Variable" owner="BuiltIn">
<msg time="2024-06-25T07:14:00.321204" level="INFO">${json_data} = {'results': [{'gender': 'female', 'name': {'title': 'Mrs', 'first': 'Chinmayee', 'last': 'Rai'}, 'location': {'street': {'number': 252, 'name': 'Bandstand Promenade'}, 'city': 'Pune', 'state': 'Andama...</msg>
<var>${json_data}</var>
<arg>${response.json()}</arg>
<doc>Returns the given values which can then be assigned to a variables.</doc>
<status status="PASS" start="2024-06-25T07:14:00.320685" elapsed="0.000548"/>
</kw>
<kw name="Log" owner="BuiltIn">
<msg time="2024-06-25T07:14:00.321694" level="INFO">{'results': [{'gender': 'female', 'name': {'title': 'Mrs', 'first': 'Chinmayee', 'last': 'Rai'}, 'location': {'street': {'number': 252, 'name': 'Bandstand Promenade'}, 'city': 'Pune', 'state': 'Andaman and Nicobar Islands', 'country': 'India', 'postcode': 46631, 'coordinates': {'latitude': '10.3997', 'longitude': '32.9303'}, 'timezone': {'offset': '-10:00', 'description': 'Hawaii'}}, 'email': 'chinmayee.rai@example.com', 'login': {'uuid': '2b5100b0-601f-4fb2-8c71-df9d9587fadc', 'username': 'bigswan984', 'password': 'jetta', 'salt': 'af77SiHV', 'md5': 'b1c59175550f70dc398c7d4dd9a05542', 'sha1': 'd2c8baef35c9b01393ddcad1729943ef64190550', 'sha256': 'e813420239a240caa13333b52395d9197c4d0535f726c9fa6d37a95a30262324'}, 'dob': {'date': '1978-10-09T01:13:34.394Z', 'age': 45}, 'registered': {'date': '2019-07-30T07:41:22.039Z', 'age': 4}, 'phone': '7549687779', 'cell': '8278232680', 'id': {'name': 'UIDAI', 'value': '603619934978'}, 'picture': {'large': 'https://randomuser.me/api/portraits/women/55.jpg', 'medium': 'https://randomuser.me/api/portraits/med/women/55.jpg', 'thumbnail': 'https://randomuser.me/api/portraits/thumb/women/55.jpg'}, 'nat': 'IN'}], 'info': {'seed': '92ebe45cbf3a590a', 'results': 1, 'page': 1, 'version': '1.4'}}</msg>
<arg>${json_data}</arg>
<doc>Logs the given message with the given level.</doc>
<status status="PASS" start="2024-06-25T07:14:00.321538" elapsed="0.000203"/>
</kw>
<kw name="Should Be String" owner="String">
<arg>${json_data['results'][0]['gender']}</arg>
<doc>Fails if the given ``item`` is not a string.</doc>
<status status="PASS" start="2024-06-25T07:14:00.322039" elapsed="0.000367"/>
</kw>
<kw name="Should Match Regexp" owner="BuiltIn">
<arg>${json_data['results'][0]['email']}</arg>
<arg>^[a-zA-Z0-9._%+-]+@[a-zA-Z0-9.-]+\.[a-zA-Z]{2,}$</arg>
<doc>Fails if ``string`` does not match ``pattern`` as a regular expression.</doc>
<status status="PASS" start="2024-06-25T07:14:00.322647" elapsed="0.000528"/>
</kw>
<kw name="Should Match Regexp" owner="BuiltIn">
<arg>${json_data['results'][0]['dob']['date']}</arg>
<arg>\\d{4}-\\d{2}-\\d{2}T\\d{2}:\\d{2}:\\d{2}\\.\\d{3}Z</arg>
<doc>Fails if ``string`` does not match ``pattern`` as a regular expression.</doc>
<status status="PASS" start="2024-06-25T07:14:00.323410" elapsed="0.000493"/>
</kw>
<kw name="Should Match Regexp" owner="BuiltIn">
<arg>${json_data['results'][0]['registered']['date']}</arg>
<arg>\\d{4}-\\d{2}-\\d{2}T\\d{2}:\\d{2}:\\d{2}\\.\\d{3}Z</arg>
<doc>Fails if ``string`` does not match ``pattern`` as a regular expression.</doc>
<status status="PASS" start="2024-06-25T07:14:00.324098" elapsed="0.000381"/>
</kw>
<kw name="Should Match Regexp" owner="BuiltIn">
<arg>${json_data['results'][0]['picture']['large']}</arg>
<arg>^https?://.*\.(?:png|jpe?g|gif|bmp)$</arg>
<doc>Fails if ``string`` does not match ``pattern`` as a regular expression.</doc>
<status status="PASS" start="2024-06-25T07:14:00.324679" elapsed="0.000483"/>
</kw>
<kw name="Should Match Regexp" owner="BuiltIn">
<arg>${json_data['results'][0]['picture']['medium']}</arg>
<arg>^https?://.*\.(?:png|jpe?g|gif|bmp)$</arg>
<doc>Fails if ``string`` does not match ``pattern`` as a regular expression.</doc>
<status status="PASS" start="2024-06-25T07:14:00.325353" elapsed="0.000354"/>
</kw>
<kw name="Should Match Regexp" owner="BuiltIn">
<arg>${json_data['results'][0]['picture']['thumbnail']}</arg>
<arg>^https?://.*\.(?:png|jpe?g|gif|bmp)$</arg>
<doc>Fails if ``string`` does not match ``pattern`` as a regular expression.</doc>
<status status="PASS" start="2024-06-25T07:14:00.325892" elapsed="0.000345"/>
</kw>
<kw name="Log" owner="BuiltIn">
<msg time="2024-06-25T07:14:00.326792" level="INFO">{'large': 'https://randomuser.me/api/portraits/women/55.jpg', 'medium': 'https://randomuser.me/api/portraits/med/women/55.jpg', 'thumbnail': 'https://randomuser.me/api/portraits/thumb/women/55.jpg'}</msg>
<arg>${json_data['results'][0]['picture']}</arg>
<doc>Logs the given message with the given level.</doc>
<status status="PASS" start="2024-06-25T07:14:00.326434" elapsed="0.000405"/>
</kw>
<status status="PASS" start="2024-06-25T07:14:00.252173" elapsed="0.074929"/>
</kw>
<kw name="Teste de Tipos de Dados - Postcode" owner="random-user-service">
<kw name="GET On Session" owner="RequestsLibrary">
<msg time="2024-06-25T07:14:00.422113" level="INFO">GET Request : url=https://randomuser.me/api 
 path_url=/api 
 headers={'User-Agent': 'python-requests/2.32.3', 'Accept-Encoding': 'gzip, deflate', 'Accept': '*/*', 'Connection': 'keep-alive'} 
 body=None 
 </msg>
<msg time="2024-06-25T07:14:00.422223" level="INFO">GET Response : url=https://randomuser.me/api 
 status=200, reason=OK 
 headers={'Date': 'Tue, 25 Jun 2024 07:14:00 GMT', 'Content-Type': 'application/json; charset=utf-8', 'Transfer-Encoding': 'chunked', 'Connection': 'keep-alive', 'X-Powered-By': 'Express', 'Access-Control-Allow-Origin': '*', 'Cache-Control': 'no-cache', 'ETag': 'W/"491-2B7sf6vpgmyIGGpvJLTm00gDXc8"', 'Vary': 'Accept-Encoding', 'Content-Encoding': 'gzip', 'CF-Cache-Status': 'DYNAMIC', 'Report-To': '{"endpoints":[{"url":"https:\\/\\/a.nel.cloudflare.com\\/report\\/v4?s=hh15kJmsbGbSfffh6%2BAswo87sDYG44SEzRidlwkT7UtkdYHqrjQ9xgQJmDSUNgvBniUxsuZzbZn8hBPRbd9bvAjPMhGPa6SzJ%2B6q745xgCxMHJE7taiV6m3SUUtlD36O"}],"group":"cf-nel","max_age":604800}', 'NEL': '{"success_fraction":0,"report_to":"cf-nel","max_age":604800}', 'Server': 'cloudflare', 'CF-RAY': '899328800ff789e9-ORD', 'alt-svc': 'h3=":443"; ma=86400'} 
 body={"results":[{"gender":"female","name":{"title":"Miss","first":"Silke","last":"Rasmussen"},"location":{"street":{"number":9992,"name":"Langagervej"},"city":"V.Skerninge","state":"Nordjylland","country":"Denmark","postcode":67694,"coordinates":{"latitude":"-43.8370","longitude":"139.1708"},"timezone":{"offset":"-3:00","description":"Brazil, Buenos Aires, Georgetown"}},"email":"silke.rasmussen@example.com","login":{"uuid":"ee05f7e9-a02b-4c76-800c-481e30f73846","username":"silverfish565","password":"4711","salt":"akTWByUd","md5":"a44f5bc428675e4bc5b2717379ffced7","sha1":"a139315d1eaf3fda787a8c2dcc8f7d1c9a47b75e","sha256":"21517763e1e3eeae0882a43113d0f2f7580a3b5afbdc139c22a4b39f0d2a41a0"},"dob":{"date":"1951-08-29T06:21:34.670Z","age":72},"registered":{"date":"2020-07-27T07:55:16.261Z","age":3},"phone":"09425242","cell":"89709585","id":{"name":"CPR","value":"290851-7907"},"picture":{"large":"https://randomuser.me/api/portraits/women/20.jpg","medium":"https://randomuser.me/api/portraits/med/women/20.jpg","thumbnail":"https://randomuser.me/api/portraits/thumb/women/20.jpg"},"nat":"DK"}],"info":{"seed":"21650a813f42eaa0","results":1,"page":1,"version":"1.4"}} 
 </msg>
<msg time="2024-06-25T07:14:00.422307" level="INFO">/opt/hostedtoolcache/Python/3.12.4/x64/lib/python3.12/site-packages/urllib3/connectionpool.py:1099: InsecureRequestWarning: Unverified HTTPS request is being made to host 'randomuser.me'. Adding certificate verification is strongly advised. See: https://urllib3.readthedocs.io/en/latest/advanced-usage.html#tls-warnings
  warnings.warn(</msg>
<msg time="2024-06-25T07:14:00.422452" level="INFO">${response} = &lt;Response [200]&gt;</msg>
<var>${response}</var>
<arg>consultarAPI</arg>
<arg>/api</arg>
<doc>Sends a GET request on a previously created HTTP Session.</doc>
<status status="PASS" start="2024-06-25T07:14:00.327574" elapsed="0.094919"/>
</kw>
<kw name="Set Variable" owner="BuiltIn">
<msg time="2024-06-25T07:14:00.423761" level="INFO">${json_data} = {'results': [{'gender': 'female', 'name': {'title': 'Miss', 'first': 'Silke', 'last': 'Rasmussen'}, 'location': {'street': {'number': 9992, 'name': 'Langagervej'}, 'city': 'V.Skerninge', 'state': 'Nor...</msg>
<var>${json_data}</var>
<arg>${response.json()}</arg>
<doc>Returns the given values which can then be assigned to a variables.</doc>
<status status="PASS" start="2024-06-25T07:14:00.423177" elapsed="0.000613"/>
</kw>
<kw name="Log" owner="BuiltIn">
<msg time="2024-06-25T07:14:00.424264" level="INFO">{'results': [{'gender': 'female', 'name': {'title': 'Miss', 'first': 'Silke', 'last': 'Rasmussen'}, 'location': {'street': {'number': 9992, 'name': 'Langagervej'}, 'city': 'V.Skerninge', 'state': 'Nordjylland', 'country': 'Denmark', 'postcode': 67694, 'coordinates': {'latitude': '-43.8370', 'longitude': '139.1708'}, 'timezone': {'offset': '-3:00', 'description': 'Brazil, Buenos Aires, Georgetown'}}, 'email': 'silke.rasmussen@example.com', 'login': {'uuid': 'ee05f7e9-a02b-4c76-800c-481e30f73846', 'username': 'silverfish565', 'password': '4711', 'salt': 'akTWByUd', 'md5': 'a44f5bc428675e4bc5b2717379ffced7', 'sha1': 'a139315d1eaf3fda787a8c2dcc8f7d1c9a47b75e', 'sha256': '21517763e1e3eeae0882a43113d0f2f7580a3b5afbdc139c22a4b39f0d2a41a0'}, 'dob': {'date': '1951-08-29T06:21:34.670Z', 'age': 72}, 'registered': {'date': '2020-07-27T07:55:16.261Z', 'age': 3}, 'phone': '09425242', 'cell': '89709585', 'id': {'name': 'CPR', 'value': '290851-7907'}, 'picture': {'large': 'https://randomuser.me/api/portraits/women/20.jpg', 'medium': 'https://randomuser.me/api/portraits/med/women/20.jpg', 'thumbnail': 'https://randomuser.me/api/portraits/thumb/women/20.jpg'}, 'nat': 'DK'}], 'info': {'seed': '21650a813f42eaa0', 'results': 1, 'page': 1, 'version': '1.4'}}</msg>
<arg>${json_data}</arg>
<doc>Logs the given message with the given level.</doc>
<status status="PASS" start="2024-06-25T07:14:00.424098" elapsed="0.000216"/>
</kw>
<kw name="Should Be Equal As Numbers" owner="BuiltIn">
<arg>${json_data['results'][0]['location']['postcode']}</arg>
<arg>${json_data['results'][0]['location']['postcode']}</arg>
<doc>Fails if objects are unequal after converting them to real numbers.</doc>
<status status="PASS" start="2024-06-25T07:14:00.424623" elapsed="0.000641"/>
</kw>
<kw name="Log" owner="BuiltIn">
<msg time="2024-06-25T07:14:00.425795" level="INFO">67694</msg>
<arg>${json_data['results'][0]['location']['postcode']}</arg>
<doc>Logs the given message with the given level.</doc>
<status status="PASS" start="2024-06-25T07:14:00.425461" elapsed="0.000374"/>
</kw>
<status status="PASS" start="2024-06-25T07:14:00.327344" elapsed="0.098779"/>
</kw>
<doc>Testa se os tipos de dados na resposta da API estão corretos.</doc>
<tag>testeTiposDados</tag>
<status status="PASS" start="2024-06-25T07:14:00.251597" elapsed="0.174701"/>
</test>
<test id="s1-s1-t5" name="Validar conteudo" line="35">
<kw name="Teste de Tipos de Conteudo" owner="random-user-service">
<kw name="GET On Session" owner="RequestsLibrary">
<msg time="2024-06-25T07:14:00.518330" level="INFO">GET Request : url=https://randomuser.me/api 
 path_url=/api 
 headers={'User-Agent': 'python-requests/2.32.3', 'Accept-Encoding': 'gzip, deflate', 'Accept': '*/*', 'Connection': 'keep-alive'} 
 body=None 
 </msg>
<msg time="2024-06-25T07:14:00.518444" level="INFO">GET Response : url=https://randomuser.me/api 
 status=200, reason=OK 
 headers={'Date': 'Tue, 25 Jun 2024 07:14:00 GMT', 'Content-Type': 'application/json; charset=utf-8', 'Transfer-Encoding': 'chunked', 'Connection': 'keep-alive', 'X-Powered-By': 'Express', 'Access-Control-Allow-Origin': '*', 'Cache-Control': 'no-cache', 'ETag': 'W/"497-lW15+bLW8Km0av4/7PFe9BMzXg4"', 'Vary': 'Accept-Encoding', 'Content-Encoding': 'gzip', 'CF-Cache-Status': 'DYNAMIC', 'Report-To': '{"endpoints":[{"url":"https:\\/\\/a.nel.cloudflare.com\\/report\\/v4?s=ygboodaM2qZST66UHloZZczAyPVEGxgunvW1WaAHZOfE9Zd3DEh1%2FNdsp5gl7DGDSoI%2FoAixHOHWPVWHxUpryort2rr1GgTVPRwJUiMTyPTzOzdAP%2BG3g1eXsz3tRZ5i"}],"group":"cf-nel","max_age":604800}', 'NEL': '{"success_fraction":0,"report_to":"cf-nel","max_age":604800}', 'Server': 'cloudflare', 'CF-RAY': '89932880b87589e9-ORD', 'alt-svc': 'h3=":443"; ma=86400'} 
 body={"results":[{"gender":"male","name":{"title":"Mr","first":"Trygve","last":"Eklund"},"location":{"street":{"number":6692,"name":"Thorn Dønhaugs vei"},"city":"Selvik","state":"Troms - Romsa","country":"Norway","postcode":"7443","coordinates":{"latitude":"43.3571","longitude":"-115.4766"},"timezone":{"offset":"+5:00","description":"Ekaterinburg, Islamabad, Karachi, Tashkent"}},"email":"trygve.eklund@example.com","login":{"uuid":"e2aadad2-3ce2-42f9-8ed0-c11733c674cc","username":"ticklishbear791","password":"unknown","salt":"pX4jk0JW","md5":"87ac463e4a9c70057156922f489a3eee","sha1":"4acb47403c1e1177dd435a78569b297049101440","sha256":"91e8fd380be2ddaab409336b6b817542861268dbfa02897eaecc23187d1c9749"},"dob":{"date":"1950-01-04T22:06:43.861Z","age":74},"registered":{"date":"2003-07-06T15:00:35.199Z","age":20},"phone":"32834277","cell":"90444020","id":{"name":"FN","value":"04015002331"},"picture":{"large":"https://randomuser.me/api/portraits/men/45.jpg","medium":"https://randomuser.me/api/portraits/med/men/45.jpg","thumbnail":"https://randomuser.me/api/portraits/thumb/men/45.jpg"},"nat":"NO"}],"info":{"seed":"cdb2c63a57155639","results":1,"page":1,"version":"1.4"}} 
 </msg>
<msg time="2024-06-25T07:14:00.518586" level="INFO">/opt/hostedtoolcache/Python/3.12.4/x64/lib/python3.12/site-packages/urllib3/connectionpool.py:1099: InsecureRequestWarning: Unverified HTTPS request is being made to host 'randomuser.me'. Adding certificate verification is strongly advised. See: https://urllib3.readthedocs.io/en/latest/advanced-usage.html#tls-warnings
  warnings.warn(</msg>
<msg time="2024-06-25T07:14:00.518718" level="INFO">${response} = &lt;Response [200]&gt;</msg>
<var>${response}</var>
<arg>consultarAPI</arg>
<arg>/api</arg>
<doc>Sends a GET request on a previously created HTTP Session.</doc>
<status status="PASS" start="2024-06-25T07:14:00.429587" elapsed="0.089171"/>
</kw>
<kw name="Set Variable" owner="BuiltIn">
<msg time="2024-06-25T07:14:00.519961" level="INFO">${json_data} = {'results': [{'gender': 'male', 'name': {'title': 'Mr', 'first': 'Trygve', 'last': 'Eklund'}, 'location': {'street': {'number': 6692, 'name': 'Thorn Dønhaugs vei'}, 'city': 'Selvik', 'state': 'Troms -...</msg>
<var>${json_data}</var>
<arg>${response.json()}</arg>
<doc>Returns the given values which can then be assigned to a variables.</doc>
<status status="PASS" start="2024-06-25T07:14:00.519395" elapsed="0.000597"/>
</kw>
<kw name="Set Variable" owner="BuiltIn">
<msg time="2024-06-25T07:14:00.520680" level="INFO">${name_title} = Mr</msg>
<var>${name_title}</var>
<arg>${json_data["results"][0]["name"]["title"]}</arg>
<doc>Returns the given values which can then be assigned to a variables.</doc>
<status status="PASS" start="2024-06-25T07:14:00.520300" elapsed="0.000405"/>
</kw>
<kw name="Create List" owner="BuiltIn">
<msg time="2024-06-25T07:14:00.521147" level="INFO">${allowed_titles} = ['Mr', 'Ms', 'Miss', 'Mrs', 'Madame', 'Monsieur']</msg>
<var>${allowed_titles}</var>
<arg>Mr</arg>
<arg>Ms</arg>
<arg>Miss</arg>
<arg>Mrs</arg>
<arg>Madame</arg>
<arg>Monsieur</arg>
<doc>Returns a list containing given items.</doc>
<status status="PASS" start="2024-06-25T07:14:00.520999" elapsed="0.000173"/>
</kw>
<kw name="List Should Contain Value" owner="Collections">
<arg>${allowed_titles}</arg>
<arg>${name_title}</arg>
<doc>Fails if the ``value`` is not found from ``list``.</doc>
<status status="PASS" start="2024-06-25T07:14:00.521465" elapsed="0.000177"/>
</kw>
<kw name="Set Variable" owner="BuiltIn">
<msg time="2024-06-25T07:14:00.522177" level="INFO">${name_country} = NO</msg>
<var>${name_country}</var>
<arg>${json_data["results"][0]["nat"]}</arg>
<doc>Returns the given values which can then be assigned to a variables.</doc>
<status status="PASS" start="2024-06-25T07:14:00.521818" elapsed="0.000384"/>
</kw>
<kw name="Create List" owner="BuiltIn">
<msg time="2024-06-25T07:14:00.523123" level="INFO">${list_country} = ['AD', 'AE', 'AF', 'AG', 'AI', 'AL', 'AM', 'AO', 'AQ', 'AR', 'AS', 'AT', 'AU', 'AW', 'AX', 'AZ', 'BA', 'BB', 'BD', 'BE', 'BF', 'BG', 'BH', 'BI', 'BJ', 'BL', 'BM', 'BN', 'BO', 'BQ', 'BR', 'BS', 'BT', '...</msg>
<var>${list_country}</var>
<arg>AD</arg>
<arg>AE</arg>
<arg>AF</arg>
<arg>AG</arg>
<arg>AI</arg>
<arg>AL</arg>
<arg>AM</arg>
<arg>AO</arg>
<arg>AQ</arg>
<arg>AR</arg>
<arg>AS</arg>
<arg>AT</arg>
<arg>AU</arg>
<arg>AW</arg>
<arg>AX</arg>
<arg>AZ</arg>
<arg>BA</arg>
<arg>BB</arg>
<arg>BD</arg>
<arg>BE</arg>
<arg>BF</arg>
<arg>BG</arg>
<arg>BH</arg>
<arg>BI</arg>
<arg>BJ</arg>
<arg>BL</arg>
<arg>BM</arg>
<arg>BN</arg>
<arg>BO</arg>
<arg>BQ</arg>
<arg>BR</arg>
<arg>BS</arg>
<arg>BT</arg>
<arg>BV</arg>
<arg>BW</arg>
<arg>BY</arg>
<arg>BZ</arg>
<arg>CA</arg>
<arg>CC</arg>
<arg>CD</arg>
<arg>CF</arg>
<arg>CG</arg>
<arg>CH</arg>
<arg>CI</arg>
<arg>CK</arg>
<arg>CL</arg>
<arg>CM</arg>
<arg>CN</arg>
<arg>CO</arg>
<arg>CR</arg>
<arg>CU</arg>
<arg>CV</arg>
<arg>CW</arg>
<arg>CX</arg>
<arg>CY</arg>
<arg>CZ</arg>
<arg>DE</arg>
<arg>DJ</arg>
<arg>DK</arg>
<arg>DM</arg>
<arg>DO</arg>
<arg>DZ</arg>
<arg>EC</arg>
<arg>EE</arg>
<arg>EG</arg>
<arg>EH</arg>
<arg>ER</arg>
<arg>ES</arg>
<arg>ET</arg>
<arg>FI</arg>
<arg>FJ</arg>
<arg>FK</arg>
<arg>FM</arg>
<arg>FO</arg>
<arg>FR</arg>
<arg>GA</arg>
<arg>GB</arg>
<arg>GD</arg>
<arg>GE</arg>
<arg>GF</arg>
<arg>GG</arg>
<arg>GH</arg>
<arg>GI</arg>
<arg>GL</arg>
<arg>GM</arg>
<arg>GN</arg>
<arg>GP</arg>
<arg>GQ</arg>
<arg>GR</arg>
<arg>GS</arg>
<arg>GT</arg>
<arg>GU</arg>
<arg>GW</arg>
<arg>GY</arg>
<arg>HK</arg>
<arg>HM</arg>
<arg>HN</arg>
<arg>HR</arg>
<arg>HT</arg>
<arg>HU</arg>
<arg>ID</arg>
<arg>IE</arg>
<arg>IL</arg>
<arg>IM</arg>
<arg>IN</arg>
<arg>IO</arg>
<arg>IQ</arg>
<arg>IR</arg>
<arg>IS</arg>
<arg>IT</arg>
<arg>JE</arg>
<arg>JM</arg>
<arg>JO</arg>
<arg>JP</arg>
<arg>KE</arg>
<arg>KG</arg>
<arg>KH</arg>
<arg>KI</arg>
<arg>KM</arg>
<arg>KN</arg>
<arg>KP</arg>
<arg>KR</arg>
<arg>KW</arg>
<arg>KY</arg>
<arg>KZ</arg>
<arg>LA</arg>
<arg>LB</arg>
<arg>LC</arg>
<arg>LI</arg>
<arg>LK</arg>
<arg>LR</arg>
<arg>LS</arg>
<arg>LT</arg>
<arg>LU</arg>
<arg>LV</arg>
<arg>LY</arg>
<arg>MA</arg>
<arg>MC</arg>
<arg>MD</arg>
<arg>ME</arg>
<arg>MF</arg>
<arg>MG</arg>
<arg>MH</arg>
<arg>MK</arg>
<arg>ML</arg>
<arg>MM</arg>
<arg>MN</arg>
<arg>MO</arg>
<arg>MP</arg>
<arg>MQ</arg>
<arg>MR</arg>
<arg>MS</arg>
<arg>MT</arg>
<arg>MU</arg>
<arg>MV</arg>
<arg>MW</arg>
<arg>MX</arg>
<arg>MY</arg>
<arg>MZ</arg>
<arg>NA</arg>
<arg>NC</arg>
<arg>NE</arg>
<arg>NF</arg>
<arg>NG</arg>
<arg>NI</arg>
<arg>NL</arg>
<arg>NO</arg>
<arg>NP</arg>
<arg>NR</arg>
<arg>NU</arg>
<arg>NZ</arg>
<arg>OM</arg>
<arg>PA</arg>
<arg>PE</arg>
<arg>PF</arg>
<arg>PG</arg>
<arg>PH</arg>
<arg>PK</arg>
<arg>PL</arg>
<arg>PM</arg>
<arg>PN</arg>
<arg>PR</arg>
<arg>PS</arg>
<arg>PT</arg>
<arg>PW</arg>
<arg>PY</arg>
<arg>QA</arg>
<arg>RE</arg>
<arg>RO</arg>
<arg>RS</arg>
<arg>RU</arg>
<arg>RW</arg>
<arg>SA</arg>
<arg>SB</arg>
<arg>SC</arg>
<arg>SD</arg>
<arg>SE</arg>
<arg>SG</arg>
<arg>SH</arg>
<arg>SI</arg>
<arg>SJ</arg>
<arg>SK</arg>
<arg>SL</arg>
<arg>SM</arg>
<arg>SN</arg>
<arg>SO</arg>
<arg>SR</arg>
<arg>SS</arg>
<arg>ST</arg>
<arg>SV</arg>
<arg>SX</arg>
<arg>SY</arg>
<arg>SZ</arg>
<arg>TC</arg>
<arg>TD</arg>
<arg>TF</arg>
<arg>TG</arg>
<arg>TH</arg>
<arg>TJ</arg>
<arg>TK</arg>
<arg>TL</arg>
<arg>TM</arg>
<arg>TN</arg>
<arg>TO</arg>
<arg>TR</arg>
<arg>TT</arg>
<arg>TV</arg>
<arg>TW</arg>
<arg>TZ</arg>
<arg>UA</arg>
<arg>UG</arg>
<arg>UM</arg>
<arg>US</arg>
<arg>UY</arg>
<arg>UZ</arg>
<arg>VA</arg>
<arg>VC</arg>
<arg>VE</arg>
<arg>VG</arg>
<arg>VI</arg>
<arg>VN</arg>
<arg>VU</arg>
<arg>WF</arg>
<arg>WS</arg>
<arg>XK</arg>
<arg>YE</arg>
<arg>YT</arg>
<arg>ZA</arg>
<arg>ZM</arg>
<arg>ZW</arg>
<doc>Returns a list containing given items.</doc>
<status status="PASS" start="2024-06-25T07:14:00.522486" elapsed="0.000663"/>
</kw>
<kw name="List Should Contain Value" owner="Collections">
<arg>${list_country}</arg>
<arg>${name_country}</arg>
<doc>Fails if the ``value`` is not found from ``list``.</doc>
<status status="PASS" start="2024-06-25T07:14:00.523957" elapsed="0.000202"/>
</kw>
<kw name="Run Keyword If" owner="BuiltIn">
<kw name="Should Be True" owner="BuiltIn">
<arg>${True}</arg>
<doc>Fails if the given condition is not true.</doc>
<status status="PASS" start="2024-06-25T07:14:00.525102" elapsed="0.000138"/>
</kw>
<arg>${json_data["results"][0]["location"]["coordinates"]["latitude"]} &gt;= -90 and ${json_data["results"][0]["location"]["coordinates"]["latitude"]} &lt;= 90</arg>
<arg>Should Be True</arg>
<arg>${True}</arg>
<doc>Runs the given keyword with the given arguments, if ``condition`` is true.</doc>
<status status="PASS" start="2024-06-25T07:14:00.524362" elapsed="0.001010"/>
</kw>
<kw name="Run Keyword If" owner="BuiltIn">
<kw name="Should Be True" owner="BuiltIn">
<arg>${True}</arg>
<doc>Fails if the given condition is not true.</doc>
<status status="PASS" start="2024-06-25T07:14:00.526261" elapsed="0.000134"/>
</kw>
<arg>${json_data["results"][0]["location"]["coordinates"]["longitude"]} &gt;= -180 and ${json_data["results"][0]["location"]["coordinates"]["longitude"]} &lt;= 180</arg>
<arg>Should Be True</arg>
<arg>${True}</arg>
<doc>Runs the given keyword with the given arguments, if ``condition`` is true.</doc>
<status status="PASS" start="2024-06-25T07:14:00.525562" elapsed="0.000988"/>
</kw>
<status status="PASS" start="2024-06-25T07:14:00.428922" elapsed="0.097780"/>
</kw>
<doc>Testa o conteúdo específico dos campos retornados pela API.</doc>
<tag>testeConteudo</tag>
<status status="PASS" start="2024-06-25T07:14:00.428198" elapsed="0.098657"/>
</test>
<status status="PASS" start="2024-06-25T07:13:59.570459" elapsed="0.958391"/>
</suite>
<status status="PASS" start="2024-06-25T07:13:59.555934" elapsed="0.978174"/>
</suite>
<statistics>
<total>
<stat pass="5" fail="0" skip="0">All Tests</stat>
</total>
<tag>
<stat pass="1" fail="0" skip="0">testeConteudo</stat>
<stat pass="1" fail="0" skip="0">testeEstruturaResposta</stat>
<stat pass="1" fail="0" skip="0">testeRequisicaoBasica</stat>
<stat pass="1" fail="0" skip="0">testeTiposDados</stat>
</tag>
<suite>
<stat pass="5" fail="0" skip="0" id="s1" name="Tests">Tests</stat>
<stat pass="5" fail="0" skip="0" id="s1-s1" name="Random-User-Test">Tests.Random-User-Test</stat>
</suite>
</statistics>
<errors>
</errors>
</robot>
