<?xml version="1.0" encoding="UTF-8"?>
<robot generator="Robot 7.0.1 (Python 3.12.4 on linux)" generated="2024-06-21T15:20:20.807353" rpa="false" schemaversion="5">
<suite id="s1" name="Tests" source="/home/runner/work/ApiRandomUser/ApiRandomUser/RamdonUser/tests">
<suite id="s1-s1" name="Random-User-Test" source="/home/runner/work/ApiRandomUser/ApiRandomUser/RamdonUser/tests/random-user-test.robot">
<test id="s1-s1-t1" name="Conectar" line="13">
<kw name="Conectar API" owner="random-user-service">
<kw name="Create Session" owner="RequestsLibrary">
<msg time="2024-06-21T15:20:21.205318" level="INFO">Creating Session using : alias=consultarAPI, url=https://randomuser.me/, headers={},                     cookies={}, auth=None, timeout=None, proxies=None, verify=False,                     debug=0 </msg>
<arg>consultarAPI</arg>
<arg>${URL}</arg>
<doc>Create Session: create a HTTP session to a server</doc>
<status status="PASS" start="2024-06-21T15:20:21.205125" elapsed="0.000361"/>
</kw>
<status status="PASS" start="2024-06-21T15:20:21.204189" elapsed="0.001648"/>
</kw>
<status status="PASS" start="2024-06-21T15:20:21.203596" elapsed="0.002434"/>
</test>
<test id="s1-s1-t2" name="Validar retorno 200 e JSON Válido" line="16">
<kw name="Teste de Requisicao Basica" owner="random-user-service">
<kw name="GET On Session" owner="RequestsLibrary">
<msg time="2024-06-21T15:20:24.293679" level="INFO">GET Request : url=https://randomuser.me/api 
 path_url=/api 
 headers={'User-Agent': 'python-requests/2.32.3', 'Accept-Encoding': 'gzip, deflate', 'Accept': '*/*', 'Connection': 'keep-alive'} 
 body=None 
 </msg>
<msg time="2024-06-21T15:20:24.293861" level="INFO">GET Response : url=https://randomuser.me/api 
 status=200, reason=OK 
 headers={'Date': 'Fri, 21 Jun 2024 15:20:24 GMT', 'Content-Type': 'application/json; charset=utf-8', 'Transfer-Encoding': 'chunked', 'Connection': 'keep-alive', 'X-Powered-By': 'Express', 'Access-Control-Allow-Origin': '*', 'Cache-Control': 'no-cache', 'ETag': 'W/"4af-lluMwz5SVokvKQkPJCWsJWBbF4g"', 'Vary': 'Accept-Encoding', 'Content-Encoding': 'gzip', 'CF-Cache-Status': 'DYNAMIC', 'Report-To': '{"endpoints":[{"url":"https:\\/\\/a.nel.cloudflare.com\\/report\\/v4?s=u6MP%2BkHSbaHKAPd%2B56na8xUEwk43AWnAR%2B9PTehbFKC5AIgr4Wf8BiK%2B9qXIffwzmywRdpDPJUioUxO%2FasKvB%2BLT5PuALVE94Y3K%2FxvlsW2m%2BHTBTf3tJ%2BiDt5DjMaws"}],"group":"cf-nel","max_age":604800}', 'NEL': '{"success_fraction":0,"report_to":"cf-nel","max_age":604800}', 'Server': 'cloudflare', 'CF-RAY': '8974fb6cbace801d-IAD', 'alt-svc': 'h3=":443"; ma=86400'} 
 body={"results":[{"gender":"female","name":{"title":"Mrs","first":"Louna","last":"Schmitt"},"location":{"street":{"number":7688,"name":"Place des 44 Enfants D'Izieu"},"city":"Bordeaux","state":"Seine-et-Marne","country":"France","postcode":70095,"coordinates":{"latitude":"-12.8996","longitude":"79.5870"},"timezone":{"offset":"+4:00","description":"Abu Dhabi, Muscat, Baku, Tbilisi"}},"email":"louna.schmitt@example.com","login":{"uuid":"9fa9c42d-af04-439c-8771-4f783a16641b","username":"bigfish973","password":"hotmail","salt":"8aqoJWHD","md5":"0866cd6dacaaa6e73e07b9afc4f2c197","sha1":"7f5e29f5b1d54b60c3a03f4cb8765cf718fc9699","sha256":"76f261fe369d1300b064988bf73fbdac666305f275c0d6e3857349ab63473212"},"dob":{"date":"1972-02-17T11:24:55.614Z","age":52},"registered":{"date":"2012-04-30T05:09:40.135Z","age":12},"phone":"04-13-33-07-98","cell":"06-48-08-00-37","id":{"name":"INSEE","value":"2720164186757 60"},"picture":{"large":"https://randomuser.me/api/portraits/women/19.jpg","medium":"https://randomuser.me/api/portraits/med/women/19.jpg","thumbnail":"https://randomuser.me/api/portraits/thumb/women/19.jpg"},"nat":"FR"}],"info":{"seed":"75f10ca8762565f1","results":1,"page":1,"version":"1.4"}} 
 </msg>
<msg time="2024-06-21T15:20:24.293961" level="INFO">/opt/hostedtoolcache/Python/3.12.4/x64/lib/python3.12/site-packages/urllib3/connectionpool.py:1099: InsecureRequestWarning: Unverified HTTPS request is being made to host 'randomuser.me'. Adding certificate verification is strongly advised. See: https://urllib3.readthedocs.io/en/latest/advanced-usage.html#tls-warnings
  warnings.warn(</msg>
<msg time="2024-06-21T15:20:24.294122" level="INFO">${response} = &lt;Response [200]&gt;</msg>
<var>${response}</var>
<arg>consultarAPI</arg>
<arg>/api</arg>
<doc>Sends a GET request on a previously created HTTP Session.</doc>
<status status="PASS" start="2024-06-21T15:20:21.208675" elapsed="3.085494"/>
</kw>
<kw name="Should Be Equal As Numbers" owner="BuiltIn">
<msg time="2024-06-21T15:20:24.295176" level="INFO">Argument types are:
&lt;class 'int'&gt;
&lt;class 'str'&gt;</msg>
<arg>${response.status_code}</arg>
<arg>200</arg>
<doc>Fails if objects are unequal after converting them to real numbers.</doc>
<status status="PASS" start="2024-06-21T15:20:24.294714" elapsed="0.000530"/>
</kw>
<kw name="Log" owner="BuiltIn">
<msg time="2024-06-21T15:20:24.295902" level="INFO">200</msg>
<arg>${response.status_code}</arg>
<doc>Logs the given message with the given level.</doc>
<status status="PASS" start="2024-06-21T15:20:24.295560" elapsed="0.000384"/>
</kw>
<kw name="Set Variable" owner="BuiltIn">
<msg time="2024-06-21T15:20:24.296670" level="INFO">${json_data} = {'results': [{'gender': 'female', 'name': {'title': 'Mrs', 'first': 'Louna', 'last': 'Schmitt'}, 'location': {'street': {'number': 7688, 'name': "Place des 44 Enfants D'Izieu"}, 'city': 'Bordeaux', 's...</msg>
<var>${json_data}</var>
<arg>${response.json()}</arg>
<doc>Returns the given values which can then be assigned to a variables.</doc>
<status status="PASS" start="2024-06-21T15:20:24.296238" elapsed="0.000458"/>
</kw>
<kw name="Dictionary Should Contain Key" owner="Collections">
<arg>${json_data}</arg>
<arg>results</arg>
<doc>Fails if ``key`` is not found from ``dictionary``.</doc>
<status status="PASS" start="2024-06-21T15:20:24.296988" elapsed="0.000167"/>
</kw>
<status status="PASS" start="2024-06-21T15:20:21.208431" elapsed="3.088875"/>
</kw>
<doc>Testa se a API responde corretamente e retorna um objeto JSON válido.</doc>
<tag>testeRequisicaoBasica</tag>
<status status="PASS" start="2024-06-21T15:20:21.207925" elapsed="3.089554"/>
</test>
<test id="s1-s1-t3" name="Validar estrutura de resposta" line="22">
<kw name="Teste de Estrutura de Resposta" owner="random-user-service">
<kw name="GET On Session" owner="RequestsLibrary">
<msg time="2024-06-21T15:20:24.874518" level="INFO">GET Request : url=https://randomuser.me/api 
 path_url=/api 
 headers={'User-Agent': 'python-requests/2.32.3', 'Accept-Encoding': 'gzip, deflate', 'Accept': '*/*', 'Connection': 'keep-alive'} 
 body=None 
 </msg>
<msg time="2024-06-21T15:20:24.874599" level="INFO">GET Response : url=https://randomuser.me/api 
 status=200, reason=OK 
 headers={'Date': 'Fri, 21 Jun 2024 15:20:24 GMT', 'Content-Type': 'application/json; charset=utf-8', 'Transfer-Encoding': 'chunked', 'Connection': 'keep-alive', 'X-Powered-By': 'Express', 'Access-Control-Allow-Origin': '*', 'Cache-Control': 'no-cache', 'ETag': 'W/"48a-dUy3Q6BEB1d1rdgD1t5omgLFfIA"', 'Vary': 'Accept-Encoding', 'Content-Encoding': 'gzip', 'CF-Cache-Status': 'DYNAMIC', 'Report-To': '{"endpoints":[{"url":"https:\\/\\/a.nel.cloudflare.com\\/report\\/v4?s=KLQ%2FVzQwwQ99K9vNGT81IfHzXtrYKiSy%2Bk1qFCrP71gDJFtv8fY0p2gwfCVqS4AjTJWkOb5UsyGPgyfJxuOun%2BGtVbWHlObDMUb5YWKqBN5vprlGLh0LIBIxzCiJcwdd"}],"group":"cf-nel","max_age":604800}', 'NEL': '{"success_fraction":0,"report_to":"cf-nel","max_age":604800}', 'Server': 'cloudflare', 'CF-RAY': '8974fb7fec72801d-IAD', 'alt-svc': 'h3=":443"; ma=86400'} 
 body={"results":[{"gender":"male","name":{"title":"Mr","first":"Derrick","last":"Van Grol"},"location":{"street":{"number":4438,"name":"Heerdweg"},"city":"Doornenburg","state":"Limburg","country":"Netherlands","postcode":"4072 CJ","coordinates":{"latitude":"30.2123","longitude":"-17.8301"},"timezone":{"offset":"-12:00","description":"Eniwetok, Kwajalein"}},"email":"derrick.vangrol@example.com","login":{"uuid":"3d07a278-e21e-44e0-94a7-bb12864e1412","username":"purpleladybug757","password":"dolphin","salt":"7kh4q3d1","md5":"a422962cc89273b491b65d44e63f249e","sha1":"2d1421482c4d6ee1c9783adea0a65b4f75610e47","sha256":"6a8a48c2748b0026650d017ce2a10d51a837ef6ab3eda1bdff1a800f1edf7c25"},"dob":{"date":"1983-09-16T03:53:54.461Z","age":40},"registered":{"date":"2004-02-15T12:11:27.133Z","age":20},"phone":"(0537) 100432","cell":"(06) 96129994","id":{"name":"BSN","value":"52535755"},"picture":{"large":"https://randomuser.me/api/portraits/men/17.jpg","medium":"https://randomuser.me/api/portraits/med/men/17.jpg","thumbnail":"https://randomuser.me/api/portraits/thumb/men/17.jpg"},"nat":"NL"}],"info":{"seed":"e385e93cb5a2f510","results":1,"page":1,"version":"1.4"}} 
 </msg>
<msg time="2024-06-21T15:20:24.874702" level="INFO">/opt/hostedtoolcache/Python/3.12.4/x64/lib/python3.12/site-packages/urllib3/connectionpool.py:1099: InsecureRequestWarning: Unverified HTTPS request is being made to host 'randomuser.me'. Adding certificate verification is strongly advised. See: https://urllib3.readthedocs.io/en/latest/advanced-usage.html#tls-warnings
  warnings.warn(</msg>
<msg time="2024-06-21T15:20:24.874803" level="INFO">${response} = &lt;Response [200]&gt;</msg>
<var>${response}</var>
<arg>consultarAPI</arg>
<arg>/api</arg>
<doc>Sends a GET request on a previously created HTTP Session.</doc>
<status status="PASS" start="2024-06-21T15:20:24.300050" elapsed="0.574795"/>
</kw>
<kw name="Set Variable" owner="BuiltIn">
<msg time="2024-06-21T15:20:24.879640" level="INFO">${json_data} = {'results': [{'gender': 'male', 'name': {'title': 'Mr', 'first': 'Derrick', 'last': 'Van Grol'}, 'location': {'street': {'number': 4438, 'name': 'Heerdweg'}, 'city': 'Doornenburg', 'state': 'Limburg',...</msg>
<var>${json_data}</var>
<arg>${response.json()}</arg>
<doc>Returns the given values which can then be assigned to a variables.</doc>
<status status="PASS" start="2024-06-21T15:20:24.879057" elapsed="0.000612"/>
</kw>
<kw name="Log" owner="BuiltIn">
<msg time="2024-06-21T15:20:24.880135" level="INFO">{'results': [{'gender': 'male', 'name': {'title': 'Mr', 'first': 'Derrick', 'last': 'Van Grol'}, 'location': {'street': {'number': 4438, 'name': 'Heerdweg'}, 'city': 'Doornenburg', 'state': 'Limburg', 'country': 'Netherlands', 'postcode': '4072 CJ', 'coordinates': {'latitude': '30.2123', 'longitude': '-17.8301'}, 'timezone': {'offset': '-12:00', 'description': 'Eniwetok, Kwajalein'}}, 'email': 'derrick.vangrol@example.com', 'login': {'uuid': '3d07a278-e21e-44e0-94a7-bb12864e1412', 'username': 'purpleladybug757', 'password': 'dolphin', 'salt': '7kh4q3d1', 'md5': 'a422962cc89273b491b65d44e63f249e', 'sha1': '2d1421482c4d6ee1c9783adea0a65b4f75610e47', 'sha256': '6a8a48c2748b0026650d017ce2a10d51a837ef6ab3eda1bdff1a800f1edf7c25'}, 'dob': {'date': '1983-09-16T03:53:54.461Z', 'age': 40}, 'registered': {'date': '2004-02-15T12:11:27.133Z', 'age': 20}, 'phone': '(0537) 100432', 'cell': '(06) 96129994', 'id': {'name': 'BSN', 'value': '52535755'}, 'picture': {'large': 'https://randomuser.me/api/portraits/men/17.jpg', 'medium': 'https://randomuser.me/api/portraits/med/men/17.jpg', 'thumbnail': 'https://randomuser.me/api/portraits/thumb/men/17.jpg'}, 'nat': 'NL'}], 'info': {'seed': 'e385e93cb5a2f510', 'results': 1, 'page': 1, 'version': '1.4'}}</msg>
<arg>${json_data}</arg>
<doc>Logs the given message with the given level.</doc>
<status status="PASS" start="2024-06-21T15:20:24.879975" elapsed="0.000218"/>
</kw>
<kw name="Dictionary Should Contain Key" owner="Collections">
<arg>${json_data}</arg>
<arg>results</arg>
<doc>Fails if ``key`` is not found from ``dictionary``.</doc>
<status status="PASS" start="2024-06-21T15:20:24.880482" elapsed="0.000154"/>
</kw>
<kw name="Should Not Be Empty" owner="BuiltIn">
<msg time="2024-06-21T15:20:24.880959" level="INFO">Length is 2.</msg>
<arg>${json_data}</arg>
<doc>Verifies that the given item is not empty.</doc>
<status status="PASS" start="2024-06-21T15:20:24.880828" elapsed="0.000169"/>
</kw>
<kw name="Create List" owner="BuiltIn">
<msg time="2024-06-21T15:20:24.881554" level="INFO">${expected_keys} = ['gender', 'name', 'location', 'email', 'login']</msg>
<var>${expected_keys}</var>
<arg>gender</arg>
<arg>name</arg>
<arg>location</arg>
<arg>email</arg>
<arg>login</arg>
<doc>Returns a list containing given items.</doc>
<status status="PASS" start="2024-06-21T15:20:24.881276" elapsed="0.000302"/>
</kw>
<for flavor="IN">
<iter>
<kw name="Dictionary Should Contain Key" owner="Collections">
<arg>${json_data['results'][0]}</arg>
<arg>${key}</arg>
<doc>Fails if ``key`` is not found from ``dictionary``.</doc>
<status status="PASS" start="2024-06-21T15:20:24.882145" elapsed="0.000439"/>
</kw>
<kw name="Log" owner="BuiltIn">
<msg time="2024-06-21T15:20:24.883136" level="INFO">{'gender': 'male', 'name': {'title': 'Mr', 'first': 'Derrick', 'last': 'Van Grol'}, 'location': {'street': {'number': 4438, 'name': 'Heerdweg'}, 'city': 'Doornenburg', 'state': 'Limburg', 'country': 'Netherlands', 'postcode': '4072 CJ', 'coordinates': {'latitude': '30.2123', 'longitude': '-17.8301'}, 'timezone': {'offset': '-12:00', 'description': 'Eniwetok, Kwajalein'}}, 'email': 'derrick.vangrol@example.com', 'login': {'uuid': '3d07a278-e21e-44e0-94a7-bb12864e1412', 'username': 'purpleladybug757', 'password': 'dolphin', 'salt': '7kh4q3d1', 'md5': 'a422962cc89273b491b65d44e63f249e', 'sha1': '2d1421482c4d6ee1c9783adea0a65b4f75610e47', 'sha256': '6a8a48c2748b0026650d017ce2a10d51a837ef6ab3eda1bdff1a800f1edf7c25'}, 'dob': {'date': '1983-09-16T03:53:54.461Z', 'age': 40}, 'registered': {'date': '2004-02-15T12:11:27.133Z', 'age': 20}, 'phone': '(0537) 100432', 'cell': '(06) 96129994', 'id': {'name': 'BSN', 'value': '52535755'}, 'picture': {'large': 'https://randomuser.me/api/portraits/men/17.jpg', 'medium': 'https://randomuser.me/api/portraits/med/men/17.jpg', 'thumbnail': 'https://randomuser.me/api/portraits/thumb/men/17.jpg'}, 'nat': 'NL'}</msg>
<arg>${json_data['results'][0]}</arg>
<doc>Logs the given message with the given level.</doc>
<status status="PASS" start="2024-06-21T15:20:24.882779" elapsed="0.000406"/>
</kw>
<kw name="Log" owner="BuiltIn">
<msg time="2024-06-21T15:20:24.883610" level="INFO">gender</msg>
<arg>${key}</arg>
<doc>Logs the given message with the given level.</doc>
<status status="PASS" start="2024-06-21T15:20:24.883484" elapsed="0.000163"/>
</kw>
<var name="${key}">gender</var>
<status status="PASS" start="2024-06-21T15:20:24.882024" elapsed="0.001834"/>
</iter>
<iter>
<kw name="Dictionary Should Contain Key" owner="Collections">
<arg>${json_data['results'][0]}</arg>
<arg>${key}</arg>
<doc>Fails if ``key`` is not found from ``dictionary``.</doc>
<status status="PASS" start="2024-06-21T15:20:24.884143" elapsed="0.000387"/>
</kw>
<kw name="Log" owner="BuiltIn">
<msg time="2024-06-21T15:20:24.885061" level="INFO">{'gender': 'male', 'name': {'title': 'Mr', 'first': 'Derrick', 'last': 'Van Grol'}, 'location': {'street': {'number': 4438, 'name': 'Heerdweg'}, 'city': 'Doornenburg', 'state': 'Limburg', 'country': 'Netherlands', 'postcode': '4072 CJ', 'coordinates': {'latitude': '30.2123', 'longitude': '-17.8301'}, 'timezone': {'offset': '-12:00', 'description': 'Eniwetok, Kwajalein'}}, 'email': 'derrick.vangrol@example.com', 'login': {'uuid': '3d07a278-e21e-44e0-94a7-bb12864e1412', 'username': 'purpleladybug757', 'password': 'dolphin', 'salt': '7kh4q3d1', 'md5': 'a422962cc89273b491b65d44e63f249e', 'sha1': '2d1421482c4d6ee1c9783adea0a65b4f75610e47', 'sha256': '6a8a48c2748b0026650d017ce2a10d51a837ef6ab3eda1bdff1a800f1edf7c25'}, 'dob': {'date': '1983-09-16T03:53:54.461Z', 'age': 40}, 'registered': {'date': '2004-02-15T12:11:27.133Z', 'age': 20}, 'phone': '(0537) 100432', 'cell': '(06) 96129994', 'id': {'name': 'BSN', 'value': '52535755'}, 'picture': {'large': 'https://randomuser.me/api/portraits/men/17.jpg', 'medium': 'https://randomuser.me/api/portraits/med/men/17.jpg', 'thumbnail': 'https://randomuser.me/api/portraits/thumb/men/17.jpg'}, 'nat': 'NL'}</msg>
<arg>${json_data['results'][0]}</arg>
<doc>Logs the given message with the given level.</doc>
<status status="PASS" start="2024-06-21T15:20:24.884714" elapsed="0.000427"/>
</kw>
<kw name="Log" owner="BuiltIn">
<msg time="2024-06-21T15:20:24.885563" level="INFO">name</msg>
<arg>${key}</arg>
<doc>Logs the given message with the given level.</doc>
<status status="PASS" start="2024-06-21T15:20:24.885437" elapsed="0.000162"/>
</kw>
<var name="${key}">name</var>
<status status="PASS" start="2024-06-21T15:20:24.884034" elapsed="0.001777"/>
</iter>
<iter>
<kw name="Dictionary Should Contain Key" owner="Collections">
<arg>${json_data['results'][0]}</arg>
<arg>${key}</arg>
<doc>Fails if ``key`` is not found from ``dictionary``.</doc>
<status status="PASS" start="2024-06-21T15:20:24.886090" elapsed="0.000413"/>
</kw>
<kw name="Log" owner="BuiltIn">
<msg time="2024-06-21T15:20:24.887040" level="INFO">{'gender': 'male', 'name': {'title': 'Mr', 'first': 'Derrick', 'last': 'Van Grol'}, 'location': {'street': {'number': 4438, 'name': 'Heerdweg'}, 'city': 'Doornenburg', 'state': 'Limburg', 'country': 'Netherlands', 'postcode': '4072 CJ', 'coordinates': {'latitude': '30.2123', 'longitude': '-17.8301'}, 'timezone': {'offset': '-12:00', 'description': 'Eniwetok, Kwajalein'}}, 'email': 'derrick.vangrol@example.com', 'login': {'uuid': '3d07a278-e21e-44e0-94a7-bb12864e1412', 'username': 'purpleladybug757', 'password': 'dolphin', 'salt': '7kh4q3d1', 'md5': 'a422962cc89273b491b65d44e63f249e', 'sha1': '2d1421482c4d6ee1c9783adea0a65b4f75610e47', 'sha256': '6a8a48c2748b0026650d017ce2a10d51a837ef6ab3eda1bdff1a800f1edf7c25'}, 'dob': {'date': '1983-09-16T03:53:54.461Z', 'age': 40}, 'registered': {'date': '2004-02-15T12:11:27.133Z', 'age': 20}, 'phone': '(0537) 100432', 'cell': '(06) 96129994', 'id': {'name': 'BSN', 'value': '52535755'}, 'picture': {'large': 'https://randomuser.me/api/portraits/men/17.jpg', 'medium': 'https://randomuser.me/api/portraits/med/men/17.jpg', 'thumbnail': 'https://randomuser.me/api/portraits/thumb/men/17.jpg'}, 'nat': 'NL'}</msg>
<arg>${json_data['results'][0]}</arg>
<doc>Logs the given message with the given level.</doc>
<status status="PASS" start="2024-06-21T15:20:24.886689" elapsed="0.000399"/>
</kw>
<kw name="Log" owner="BuiltIn">
<msg time="2024-06-21T15:20:24.887502" level="INFO">location</msg>
<arg>${key}</arg>
<doc>Logs the given message with the given level.</doc>
<status status="PASS" start="2024-06-21T15:20:24.887378" elapsed="0.000160"/>
</kw>
<var name="${key}">location</var>
<status status="PASS" start="2024-06-21T15:20:24.885984" elapsed="0.001770"/>
</iter>
<iter>
<kw name="Dictionary Should Contain Key" owner="Collections">
<arg>${json_data['results'][0]}</arg>
<arg>${key}</arg>
<doc>Fails if ``key`` is not found from ``dictionary``.</doc>
<status status="PASS" start="2024-06-21T15:20:24.888036" elapsed="0.000383"/>
</kw>
<kw name="Log" owner="BuiltIn">
<msg time="2024-06-21T15:20:24.888951" level="INFO">{'gender': 'male', 'name': {'title': 'Mr', 'first': 'Derrick', 'last': 'Van Grol'}, 'location': {'street': {'number': 4438, 'name': 'Heerdweg'}, 'city': 'Doornenburg', 'state': 'Limburg', 'country': 'Netherlands', 'postcode': '4072 CJ', 'coordinates': {'latitude': '30.2123', 'longitude': '-17.8301'}, 'timezone': {'offset': '-12:00', 'description': 'Eniwetok, Kwajalein'}}, 'email': 'derrick.vangrol@example.com', 'login': {'uuid': '3d07a278-e21e-44e0-94a7-bb12864e1412', 'username': 'purpleladybug757', 'password': 'dolphin', 'salt': '7kh4q3d1', 'md5': 'a422962cc89273b491b65d44e63f249e', 'sha1': '2d1421482c4d6ee1c9783adea0a65b4f75610e47', 'sha256': '6a8a48c2748b0026650d017ce2a10d51a837ef6ab3eda1bdff1a800f1edf7c25'}, 'dob': {'date': '1983-09-16T03:53:54.461Z', 'age': 40}, 'registered': {'date': '2004-02-15T12:11:27.133Z', 'age': 20}, 'phone': '(0537) 100432', 'cell': '(06) 96129994', 'id': {'name': 'BSN', 'value': '52535755'}, 'picture': {'large': 'https://randomuser.me/api/portraits/men/17.jpg', 'medium': 'https://randomuser.me/api/portraits/med/men/17.jpg', 'thumbnail': 'https://randomuser.me/api/portraits/thumb/men/17.jpg'}, 'nat': 'NL'}</msg>
<arg>${json_data['results'][0]}</arg>
<doc>Logs the given message with the given level.</doc>
<status status="PASS" start="2024-06-21T15:20:24.888599" elapsed="0.000413"/>
</kw>
<kw name="Log" owner="BuiltIn">
<msg time="2024-06-21T15:20:24.889421" level="INFO">email</msg>
<arg>${key}</arg>
<doc>Logs the given message with the given level.</doc>
<status status="PASS" start="2024-06-21T15:20:24.889297" elapsed="0.000162"/>
</kw>
<var name="${key}">email</var>
<status status="PASS" start="2024-06-21T15:20:24.887928" elapsed="0.001743"/>
</iter>
<iter>
<kw name="Dictionary Should Contain Key" owner="Collections">
<arg>${json_data['results'][0]}</arg>
<arg>${key}</arg>
<doc>Fails if ``key`` is not found from ``dictionary``.</doc>
<status status="PASS" start="2024-06-21T15:20:24.889943" elapsed="0.000385"/>
</kw>
<kw name="Log" owner="BuiltIn">
<msg time="2024-06-21T15:20:24.890896" level="INFO">{'gender': 'male', 'name': {'title': 'Mr', 'first': 'Derrick', 'last': 'Van Grol'}, 'location': {'street': {'number': 4438, 'name': 'Heerdweg'}, 'city': 'Doornenburg', 'state': 'Limburg', 'country': 'Netherlands', 'postcode': '4072 CJ', 'coordinates': {'latitude': '30.2123', 'longitude': '-17.8301'}, 'timezone': {'offset': '-12:00', 'description': 'Eniwetok, Kwajalein'}}, 'email': 'derrick.vangrol@example.com', 'login': {'uuid': '3d07a278-e21e-44e0-94a7-bb12864e1412', 'username': 'purpleladybug757', 'password': 'dolphin', 'salt': '7kh4q3d1', 'md5': 'a422962cc89273b491b65d44e63f249e', 'sha1': '2d1421482c4d6ee1c9783adea0a65b4f75610e47', 'sha256': '6a8a48c2748b0026650d017ce2a10d51a837ef6ab3eda1bdff1a800f1edf7c25'}, 'dob': {'date': '1983-09-16T03:53:54.461Z', 'age': 40}, 'registered': {'date': '2004-02-15T12:11:27.133Z', 'age': 20}, 'phone': '(0537) 100432', 'cell': '(06) 96129994', 'id': {'name': 'BSN', 'value': '52535755'}, 'picture': {'large': 'https://randomuser.me/api/portraits/men/17.jpg', 'medium': 'https://randomuser.me/api/portraits/med/men/17.jpg', 'thumbnail': 'https://randomuser.me/api/portraits/thumb/men/17.jpg'}, 'nat': 'NL'}</msg>
<arg>${json_data['results'][0]}</arg>
<doc>Logs the given message with the given level.</doc>
<status status="PASS" start="2024-06-21T15:20:24.890537" elapsed="0.000407"/>
</kw>
<kw name="Log" owner="BuiltIn">
<msg time="2024-06-21T15:20:24.891363" level="INFO">login</msg>
<arg>${key}</arg>
<doc>Logs the given message with the given level.</doc>
<status status="PASS" start="2024-06-21T15:20:24.891238" elapsed="0.000163"/>
</kw>
<var name="${key}">login</var>
<status status="PASS" start="2024-06-21T15:20:24.889836" elapsed="0.001778"/>
</iter>
<var>${key}</var>
<value>@{expected_keys}</value>
<status status="PASS" start="2024-06-21T15:20:24.881833" elapsed="0.009898"/>
</for>
<kw name="Create List" owner="BuiltIn">
<msg time="2024-06-21T15:20:24.892048" level="INFO">${expected_keysTwo} = ['username', 'password']</msg>
<var>${expected_keysTwo}</var>
<arg>username</arg>
<arg>password</arg>
<doc>Returns a list containing given items.</doc>
<status status="PASS" start="2024-06-21T15:20:24.891916" elapsed="0.000157"/>
</kw>
<for flavor="IN">
<iter>
<kw name="Dictionary Should Contain Key" owner="Collections">
<arg>${json_data['results'][0]['login']}</arg>
<arg>${keyTwo}</arg>
<doc>Fails if ``key`` is not found from ``dictionary``.</doc>
<status status="PASS" start="2024-06-21T15:20:24.892590" elapsed="0.000380"/>
</kw>
<kw name="Dictionary Should Contain Key" owner="Collections">
<arg>${json_data['results'][0]['login']}</arg>
<arg>${keyTwo}</arg>
<doc>Fails if ``key`` is not found from ``dictionary``.</doc>
<status status="PASS" start="2024-06-21T15:20:24.893157" elapsed="0.000375"/>
</kw>
<kw name="Log" owner="BuiltIn">
<msg time="2024-06-21T15:20:24.893825" level="INFO">username</msg>
<arg>${keyTwo}</arg>
<doc>Logs the given message with the given level.</doc>
<status status="PASS" start="2024-06-21T15:20:24.893709" elapsed="0.000153"/>
</kw>
<var name="${keyTwo}">username</var>
<status status="PASS" start="2024-06-21T15:20:24.892482" elapsed="0.001604"/>
</iter>
<iter>
<kw name="Dictionary Should Contain Key" owner="Collections">
<arg>${json_data['results'][0]['login']}</arg>
<arg>${keyTwo}</arg>
<doc>Fails if ``key`` is not found from ``dictionary``.</doc>
<status status="PASS" start="2024-06-21T15:20:24.894358" elapsed="0.000406"/>
</kw>
<kw name="Dictionary Should Contain Key" owner="Collections">
<arg>${json_data['results'][0]['login']}</arg>
<arg>${keyTwo}</arg>
<doc>Fails if ``key`` is not found from ``dictionary``.</doc>
<status status="PASS" start="2024-06-21T15:20:24.894941" elapsed="0.000375"/>
</kw>
<kw name="Log" owner="BuiltIn">
<msg time="2024-06-21T15:20:24.895609" level="INFO">password</msg>
<arg>${keyTwo}</arg>
<doc>Logs the given message with the given level.</doc>
<status status="PASS" start="2024-06-21T15:20:24.895492" elapsed="0.000153"/>
</kw>
<var name="${keyTwo}">password</var>
<status status="PASS" start="2024-06-21T15:20:24.894251" elapsed="0.001700"/>
</iter>
<var>${keyTwo}</var>
<value>@{expected_keysTwo}</value>
<status status="PASS" start="2024-06-21T15:20:24.892331" elapsed="0.003739"/>
</for>
<status status="PASS" start="2024-06-21T15:20:24.299819" elapsed="0.596389"/>
</kw>
<doc>Testa a estrutura da resposta da API.</doc>
<tag>testeEstruturaResposta</tag>
<status status="PASS" start="2024-06-21T15:20:24.299311" elapsed="0.597041"/>
</test>
<test id="s1-s1-t4" name="Validar tipos de dados" line="28">
<kw name="Teste de Tipos de Dados" owner="random-user-service">
<kw name="GET On Session" owner="RequestsLibrary">
<msg time="2024-06-21T15:20:25.047260" level="INFO">GET Request : url=https://randomuser.me/api 
 path_url=/api 
 headers={'User-Agent': 'python-requests/2.32.3', 'Accept-Encoding': 'gzip, deflate', 'Accept': '*/*', 'Connection': 'keep-alive'} 
 body=None 
 </msg>
<msg time="2024-06-21T15:20:25.047343" level="INFO">GET Response : url=https://randomuser.me/api 
 status=200, reason=OK 
 headers={'Date': 'Fri, 21 Jun 2024 15:20:25 GMT', 'Content-Type': 'application/json; charset=utf-8', 'Transfer-Encoding': 'chunked', 'Connection': 'keep-alive', 'X-Powered-By': 'Express', 'Access-Control-Allow-Origin': '*', 'Cache-Control': 'no-cache', 'ETag': 'W/"4b7-tv+6IULOtrPRdfb9gOmtPO+1Tsw"', 'Vary': 'Accept-Encoding', 'Content-Encoding': 'gzip', 'CF-Cache-Status': 'DYNAMIC', 'Report-To': '{"endpoints":[{"url":"https:\\/\\/a.nel.cloudflare.com\\/report\\/v4?s=TD4ttVKFoQcZkceTp3KkCKUb0xiS71A%2FqRpZgm4%2B6YGgFteIeVBdzFMt8x9uujkPLsmzuu5rdS30%2F8WpBl53Ec5ZBiUZjAvUBB5N0YbIG6UjvLb51quWLGcEyH9nLSZC"}],"group":"cf-nel","max_age":604800}', 'NEL': '{"success_fraction":0,"report_to":"cf-nel","max_age":604800}', 'Server': 'cloudflare', 'CF-RAY': '8974fb83aa2a801d-IAD', 'alt-svc': 'h3=":443"; ma=86400'} 
 body={"results":[{"gender":"female","name":{"title":"Miss","first":"Franca","last":"Zielman"},"location":{"street":{"number":300,"name":"K J Hornstraweg"},"city":"Drachtstercompagnie","state":"Zuid-Holland","country":"Netherlands","postcode":"6712 BY","coordinates":{"latitude":"36.0668","longitude":"56.7319"},"timezone":{"offset":"+3:00","description":"Baghdad, Riyadh, Moscow, St. Petersburg"}},"email":"franca.zielman@example.com","login":{"uuid":"4f180d2f-7973-45f0-982f-81639f9fbce0","username":"yellowleopard163","password":"bluejays","salt":"LEmv7afI","md5":"348aa28071495466dc97b93ee090d721","sha1":"932d1794f90dde9165ad82d9784f3f7f73c10352","sha256":"cf94e04b08ebdaa04335aba3b19b85c05244eda3b172cb68fbded5cd29eb6e83"},"dob":{"date":"1968-05-17T03:28:22.130Z","age":56},"registered":{"date":"2006-05-26T02:05:46.207Z","age":18},"phone":"(095) 9779048","cell":"(06) 99999676","id":{"name":"BSN","value":"74053516"},"picture":{"large":"https://randomuser.me/api/portraits/women/59.jpg","medium":"https://randomuser.me/api/portraits/med/women/59.jpg","thumbnail":"https://randomuser.me/api/portraits/thumb/women/59.jpg"},"nat":"NL"}],"info":{"seed":"e48458a3d893cc2a","results":1,"page":1,"version":"1.4"}} 
 </msg>
<msg time="2024-06-21T15:20:25.047416" level="INFO">/opt/hostedtoolcache/Python/3.12.4/x64/lib/python3.12/site-packages/urllib3/connectionpool.py:1099: InsecureRequestWarning: Unverified HTTPS request is being made to host 'randomuser.me'. Adding certificate verification is strongly advised. See: https://urllib3.readthedocs.io/en/latest/advanced-usage.html#tls-warnings
  warnings.warn(</msg>
<msg time="2024-06-21T15:20:25.047556" level="INFO">${response} = &lt;Response [200]&gt;</msg>
<var>${response}</var>
<arg>consultarAPI</arg>
<arg>/api</arg>
<doc>Sends a GET request on a previously created HTTP Session.</doc>
<status status="PASS" start="2024-06-21T15:20:24.898945" elapsed="0.148668"/>
</kw>
<kw name="Set Variable" owner="BuiltIn">
<msg time="2024-06-21T15:20:25.048482" level="INFO">${json_data} = {'results': [{'gender': 'female', 'name': {'title': 'Miss', 'first': 'Franca', 'last': 'Zielman'}, 'location': {'street': {'number': 300, 'name': 'K J Hornstraweg'}, 'city': 'Drachtstercompagnie', 'st...</msg>
<var>${json_data}</var>
<arg>${response.json()}</arg>
<doc>Returns the given values which can then be assigned to a variables.</doc>
<status status="PASS" start="2024-06-21T15:20:25.048040" elapsed="0.000470"/>
</kw>
<kw name="Log" owner="BuiltIn">
<msg time="2024-06-21T15:20:25.048960" level="INFO">{'results': [{'gender': 'female', 'name': {'title': 'Miss', 'first': 'Franca', 'last': 'Zielman'}, 'location': {'street': {'number': 300, 'name': 'K J Hornstraweg'}, 'city': 'Drachtstercompagnie', 'state': 'Zuid-Holland', 'country': 'Netherlands', 'postcode': '6712 BY', 'coordinates': {'latitude': '36.0668', 'longitude': '56.7319'}, 'timezone': {'offset': '+3:00', 'description': 'Baghdad, Riyadh, Moscow, St. Petersburg'}}, 'email': 'franca.zielman@example.com', 'login': {'uuid': '4f180d2f-7973-45f0-982f-81639f9fbce0', 'username': 'yellowleopard163', 'password': 'bluejays', 'salt': 'LEmv7afI', 'md5': '348aa28071495466dc97b93ee090d721', 'sha1': '932d1794f90dde9165ad82d9784f3f7f73c10352', 'sha256': 'cf94e04b08ebdaa04335aba3b19b85c05244eda3b172cb68fbded5cd29eb6e83'}, 'dob': {'date': '1968-05-17T03:28:22.130Z', 'age': 56}, 'registered': {'date': '2006-05-26T02:05:46.207Z', 'age': 18}, 'phone': '(095) 9779048', 'cell': '(06) 99999676', 'id': {'name': 'BSN', 'value': '74053516'}, 'picture': {'large': 'https://randomuser.me/api/portraits/women/59.jpg', 'medium': 'https://randomuser.me/api/portraits/med/women/59.jpg', 'thumbnail': 'https://randomuser.me/api/portraits/thumb/women/59.jpg'}, 'nat': 'NL'}], 'info': {'seed': 'e48458a3d893cc2a', 'results': 1, 'page': 1, 'version': '1.4'}}</msg>
<arg>${json_data}</arg>
<doc>Logs the given message with the given level.</doc>
<status status="PASS" start="2024-06-21T15:20:25.048812" elapsed="0.000192"/>
</kw>
<kw name="Should Be String" owner="String">
<arg>${json_data['results'][0]['gender']}</arg>
<doc>Fails if the given ``item`` is not a string.</doc>
<status status="PASS" start="2024-06-21T15:20:25.049288" elapsed="0.000369"/>
</kw>
<kw name="Should Match Regexp" owner="BuiltIn">
<arg>${json_data['results'][0]['email']}</arg>
<arg>^[a-zA-Z0-9._%+-]+@[a-zA-Z0-9.-]+\.[a-zA-Z]{2,}$</arg>
<doc>Fails if ``string`` does not match ``pattern`` as a regular expression.</doc>
<status status="PASS" start="2024-06-21T15:20:25.049844" elapsed="0.000526"/>
</kw>
<kw name="Should Match Regexp" owner="BuiltIn">
<arg>${json_data['results'][0]['dob']['date']}</arg>
<arg>\\d{4}-\\d{2}-\\d{2}T\\d{2}:\\d{2}:\\d{2}\\.\\d{3}Z</arg>
<doc>Fails if ``string`` does not match ``pattern`` as a regular expression.</doc>
<status status="PASS" start="2024-06-21T15:20:25.050637" elapsed="0.000497"/>
</kw>
<kw name="Should Match Regexp" owner="BuiltIn">
<arg>${json_data['results'][0]['registered']['date']}</arg>
<arg>\\d{4}-\\d{2}-\\d{2}T\\d{2}:\\d{2}:\\d{2}\\.\\d{3}Z</arg>
<doc>Fails if ``string`` does not match ``pattern`` as a regular expression.</doc>
<status status="PASS" start="2024-06-21T15:20:25.051323" elapsed="0.000369"/>
</kw>
<kw name="Should Match Regexp" owner="BuiltIn">
<arg>${json_data['results'][0]['picture']['large']}</arg>
<arg>^https?://.*\.(?:png|jpe?g|gif|bmp)$</arg>
<doc>Fails if ``string`` does not match ``pattern`` as a regular expression.</doc>
<status status="PASS" start="2024-06-21T15:20:25.051878" elapsed="0.000459"/>
</kw>
<kw name="Should Match Regexp" owner="BuiltIn">
<arg>${json_data['results'][0]['picture']['medium']}</arg>
<arg>^https?://.*\.(?:png|jpe?g|gif|bmp)$</arg>
<doc>Fails if ``string`` does not match ``pattern`` as a regular expression.</doc>
<status status="PASS" start="2024-06-21T15:20:25.052529" elapsed="0.000353"/>
</kw>
<kw name="Should Match Regexp" owner="BuiltIn">
<arg>${json_data['results'][0]['picture']['thumbnail']}</arg>
<arg>^https?://.*\.(?:png|jpe?g|gif|bmp)$</arg>
<doc>Fails if ``string`` does not match ``pattern`` as a regular expression.</doc>
<status status="PASS" start="2024-06-21T15:20:25.053064" elapsed="0.000347"/>
</kw>
<kw name="Log" owner="BuiltIn">
<msg time="2024-06-21T15:20:25.053912" level="INFO">{'large': 'https://randomuser.me/api/portraits/women/59.jpg', 'medium': 'https://randomuser.me/api/portraits/med/women/59.jpg', 'thumbnail': 'https://randomuser.me/api/portraits/thumb/women/59.jpg'}</msg>
<arg>${json_data['results'][0]['picture']}</arg>
<doc>Logs the given message with the given level.</doc>
<status status="PASS" start="2024-06-21T15:20:25.053589" elapsed="0.000364"/>
</kw>
<status status="PASS" start="2024-06-21T15:20:24.898648" elapsed="0.155555"/>
</kw>
<kw name="Teste de Tipos de Dados - Postcode" owner="random-user-service">
<kw name="GET On Session" owner="RequestsLibrary">
<msg time="2024-06-21T15:20:25.147236" level="INFO">GET Request : url=https://randomuser.me/api 
 path_url=/api 
 headers={'User-Agent': 'python-requests/2.32.3', 'Accept-Encoding': 'gzip, deflate', 'Accept': '*/*', 'Connection': 'keep-alive'} 
 body=None 
 </msg>
<msg time="2024-06-21T15:20:25.147309" level="INFO">GET Response : url=https://randomuser.me/api 
 status=200, reason=OK 
 headers={'Date': 'Fri, 21 Jun 2024 15:20:25 GMT', 'Content-Type': 'application/json; charset=utf-8', 'Transfer-Encoding': 'chunked', 'Connection': 'keep-alive', 'X-Powered-By': 'Express', 'Access-Control-Allow-Origin': '*', 'Cache-Control': 'no-cache', 'ETag': 'W/"483-MmJajVw3ORWnloLWQJFoeIJiFos"', 'Vary': 'Accept-Encoding', 'Content-Encoding': 'gzip', 'CF-Cache-Status': 'DYNAMIC', 'Report-To': '{"endpoints":[{"url":"https:\\/\\/a.nel.cloudflare.com\\/report\\/v4?s=dDijkFqlMA0NV7vLG4xdfEphb4JwNfkfjjvZge%2B9fKy3hROj0San%2FwG6o6i%2F2%2BkwhP6qjGALpxkpkNkrJXDoqtHs%2FbNpu4rWqfdvy%2FGkBroL%2BfVssHuzl05yXTEQBQWU"}],"group":"cf-nel","max_age":604800}', 'NEL': '{"success_fraction":0,"report_to":"cf-nel","max_age":604800}', 'Server': 'cloudflare', 'CF-RAY': '8974fb849bae801d-IAD', 'alt-svc': 'h3=":443"; ma=86400'} 
 body={"results":[{"gender":"male","name":{"title":"Mr","first":"Ajith","last":"Anchan"},"location":{"street":{"number":4369,"name":"College St"},"city":"Rohtak","state":"Uttarakhand","country":"India","postcode":64297,"coordinates":{"latitude":"12.5352","longitude":"-53.2295"},"timezone":{"offset":"+8:00","description":"Beijing, Perth, Singapore, Hong Kong"}},"email":"ajith.anchan@example.com","login":{"uuid":"10d63cf9-0e61-482d-bd90-de00533d7eaf","username":"orangebear833","password":"smiles","salt":"b4BgGk10","md5":"da1910756a5995682075c12d7d8b904c","sha1":"498d454fff6b52c99e15255217b32a63f9ddd984","sha256":"90ce1019d653915be2b08bbe47ee61ee0b6e2579b8b9b47bdb2a923529bac933"},"dob":{"date":"1995-12-04T09:55:31.018Z","age":28},"registered":{"date":"2002-12-22T23:06:54.500Z","age":21},"phone":"8128496963","cell":"9608322881","id":{"name":"UIDAI","value":"788197361799"},"picture":{"large":"https://randomuser.me/api/portraits/men/1.jpg","medium":"https://randomuser.me/api/portraits/med/men/1.jpg","thumbnail":"https://randomuser.me/api/portraits/thumb/men/1.jpg"},"nat":"IN"}],"info":{"seed":"9375a2e8fdb368c6","results":1,"page":1,"version":"1.4"}} 
 </msg>
<msg time="2024-06-21T15:20:25.147362" level="INFO">/opt/hostedtoolcache/Python/3.12.4/x64/lib/python3.12/site-packages/urllib3/connectionpool.py:1099: InsecureRequestWarning: Unverified HTTPS request is being made to host 'randomuser.me'. Adding certificate verification is strongly advised. See: https://urllib3.readthedocs.io/en/latest/advanced-usage.html#tls-warnings
  warnings.warn(</msg>
<msg time="2024-06-21T15:20:25.147464" level="INFO">${response} = &lt;Response [200]&gt;</msg>
<var>${response}</var>
<arg>consultarAPI</arg>
<arg>/api</arg>
<doc>Sends a GET request on a previously created HTTP Session.</doc>
<status status="PASS" start="2024-06-21T15:20:25.054638" elapsed="0.092863"/>
</kw>
<kw name="Set Variable" owner="BuiltIn">
<msg time="2024-06-21T15:20:25.148304" level="INFO">${json_data} = {'results': [{'gender': 'male', 'name': {'title': 'Mr', 'first': 'Ajith', 'last': 'Anchan'}, 'location': {'street': {'number': 4369, 'name': 'College St'}, 'city': 'Rohtak', 'state': 'Uttarakhand', 'c...</msg>
<var>${json_data}</var>
<arg>${response.json()}</arg>
<doc>Returns the given values which can then be assigned to a variables.</doc>
<status status="PASS" start="2024-06-21T15:20:25.147855" elapsed="0.000477"/>
</kw>
<kw name="Log" owner="BuiltIn">
<msg time="2024-06-21T15:20:25.148772" level="INFO">{'results': [{'gender': 'male', 'name': {'title': 'Mr', 'first': 'Ajith', 'last': 'Anchan'}, 'location': {'street': {'number': 4369, 'name': 'College St'}, 'city': 'Rohtak', 'state': 'Uttarakhand', 'country': 'India', 'postcode': 64297, 'coordinates': {'latitude': '12.5352', 'longitude': '-53.2295'}, 'timezone': {'offset': '+8:00', 'description': 'Beijing, Perth, Singapore, Hong Kong'}}, 'email': 'ajith.anchan@example.com', 'login': {'uuid': '10d63cf9-0e61-482d-bd90-de00533d7eaf', 'username': 'orangebear833', 'password': 'smiles', 'salt': 'b4BgGk10', 'md5': 'da1910756a5995682075c12d7d8b904c', 'sha1': '498d454fff6b52c99e15255217b32a63f9ddd984', 'sha256': '90ce1019d653915be2b08bbe47ee61ee0b6e2579b8b9b47bdb2a923529bac933'}, 'dob': {'date': '1995-12-04T09:55:31.018Z', 'age': 28}, 'registered': {'date': '2002-12-22T23:06:54.500Z', 'age': 21}, 'phone': '8128496963', 'cell': '9608322881', 'id': {'name': 'UIDAI', 'value': '788197361799'}, 'picture': {'large': 'https://randomuser.me/api/portraits/men/1.jpg', 'medium': 'https://randomuser.me/api/portraits/med/men/1.jpg', 'thumbnail': 'https://randomuser.me/api/portraits/thumb/men/1.jpg'}, 'nat': 'IN'}], 'info': {'seed': '9375a2e8fdb368c6', 'results': 1, 'page': 1, 'version': '1.4'}}</msg>
<arg>${json_data}</arg>
<doc>Logs the given message with the given level.</doc>
<status status="PASS" start="2024-06-21T15:20:25.148626" elapsed="0.000191"/>
</kw>
<kw name="Should Be Equal As Numbers" owner="BuiltIn">
<arg>${json_data['results'][0]['location']['postcode']}</arg>
<arg>${json_data['results'][0]['location']['postcode']}</arg>
<doc>Fails if objects are unequal after converting them to real numbers.</doc>
<status status="PASS" start="2024-06-21T15:20:25.149105" elapsed="0.000626"/>
</kw>
<kw name="Log" owner="BuiltIn">
<msg time="2024-06-21T15:20:25.150394" level="INFO">64297</msg>
<arg>${json_data['results'][0]['location']['postcode']}</arg>
<doc>Logs the given message with the given level.</doc>
<status status="PASS" start="2024-06-21T15:20:25.149917" elapsed="0.000516"/>
</kw>
<status status="PASS" start="2024-06-21T15:20:25.054404" elapsed="0.096384"/>
</kw>
<doc>Testa se os tipos de dados na resposta da API estão corretos.</doc>
<tag>testeTiposDados</tag>
<status status="PASS" start="2024-06-21T15:20:24.898130" elapsed="0.252814"/>
</test>
<test id="s1-s1-t5" name="Validar conteudo" line="35">
<kw name="Teste de Tipos de Conteudo" owner="random-user-service">
<kw name="GET On Session" owner="RequestsLibrary">
<msg time="2024-06-21T15:20:25.231642" level="INFO">GET Request : url=https://randomuser.me/api 
 path_url=/api 
 headers={'User-Agent': 'python-requests/2.32.3', 'Accept-Encoding': 'gzip, deflate', 'Accept': '*/*', 'Connection': 'keep-alive'} 
 body=None 
 </msg>
<msg time="2024-06-21T15:20:25.231725" level="INFO">GET Response : url=https://randomuser.me/api 
 status=200, reason=OK 
 headers={'Date': 'Fri, 21 Jun 2024 15:20:25 GMT', 'Content-Type': 'application/json; charset=utf-8', 'Transfer-Encoding': 'chunked', 'Connection': 'keep-alive', 'X-Powered-By': 'Express', 'Access-Control-Allow-Origin': '*', 'Cache-Control': 'no-cache', 'ETag': 'W/"49d-SGH4z3knF/rS+dwGl6Dl9Xc6M2Y"', 'Vary': 'Accept-Encoding', 'Content-Encoding': 'gzip', 'CF-Cache-Status': 'DYNAMIC', 'Report-To': '{"endpoints":[{"url":"https:\\/\\/a.nel.cloudflare.com\\/report\\/v4?s=DiqDwOvCOQdxlZTATCmvfKrfjiLszo6DWnQQj%2FvMBe%2FyQ1%2F2cujj0Jqg%2BxdEe0Ua7HBSDlMO0sTgXq6jc6y9GCEA%2FV4MuY9T3mMH313PkJW85r%2F3thCyn4Xxoql6UZNp"}],"group":"cf-nel","max_age":604800}', 'NEL': '{"success_fraction":0,"report_to":"cf-nel","max_age":604800}', 'Server': 'cloudflare', 'CF-RAY': '8974fb853caf801d-IAD', 'alt-svc': 'h3=":443"; ma=86400'} 
 body={"results":[{"gender":"female","name":{"title":"Mrs","first":"Constance","last":"Ford"},"location":{"street":{"number":277,"name":"Hogan St"},"city":"Fort Worth","state":"Wisconsin","country":"United States","postcode":50245,"coordinates":{"latitude":"82.0338","longitude":"136.5266"},"timezone":{"offset":"+10:00","description":"Eastern Australia, Guam, Vladivostok"}},"email":"constance.ford@example.com","login":{"uuid":"347f055f-7471-45ca-9e8a-875c713c3497","username":"redleopard517","password":"loki","salt":"rDftXNK6","md5":"5daf9752bcfec6868350e31278641662","sha1":"132744cfea5e0c88367917c4e3afaf38030fc5ce","sha256":"b4ea215670a9285d9d3243884c2477b2a3cc96843e32e2e0af5d60ede3d6b724"},"dob":{"date":"1964-01-22T04:13:32.390Z","age":60},"registered":{"date":"2018-05-23T14:11:34.080Z","age":6},"phone":"(227) 326-4834","cell":"(822) 506-7979","id":{"name":"SSN","value":"087-40-7715"},"picture":{"large":"https://randomuser.me/api/portraits/women/44.jpg","medium":"https://randomuser.me/api/portraits/med/women/44.jpg","thumbnail":"https://randomuser.me/api/portraits/thumb/women/44.jpg"},"nat":"US"}],"info":{"seed":"f2f372721d1fb867","results":1,"page":1,"version":"1.4"}} 
 </msg>
<msg time="2024-06-21T15:20:25.231798" level="INFO">/opt/hostedtoolcache/Python/3.12.4/x64/lib/python3.12/site-packages/urllib3/connectionpool.py:1099: InsecureRequestWarning: Unverified HTTPS request is being made to host 'randomuser.me'. Adding certificate verification is strongly advised. See: https://urllib3.readthedocs.io/en/latest/advanced-usage.html#tls-warnings
  warnings.warn(</msg>
<msg time="2024-06-21T15:20:25.231936" level="INFO">${response} = &lt;Response [200]&gt;</msg>
<var>${response}</var>
<arg>consultarAPI</arg>
<arg>/api</arg>
<doc>Sends a GET request on a previously created HTTP Session.</doc>
<status status="PASS" start="2024-06-21T15:20:25.153630" elapsed="0.078363"/>
</kw>
<kw name="Set Variable" owner="BuiltIn">
<msg time="2024-06-21T15:20:25.232997" level="INFO">${json_data} = {'results': [{'gender': 'female', 'name': {'title': 'Mrs', 'first': 'Constance', 'last': 'Ford'}, 'location': {'street': {'number': 277, 'name': 'Hogan St'}, 'city': 'Fort Worth', 'state': 'Wisconsin'...</msg>
<var>${json_data}</var>
<arg>${response.json()}</arg>
<doc>Returns the given values which can then be assigned to a variables.</doc>
<status status="PASS" start="2024-06-21T15:20:25.232462" elapsed="0.000564"/>
</kw>
<kw name="Set Variable" owner="BuiltIn">
<msg time="2024-06-21T15:20:25.233694" level="INFO">${name_title} = Mrs</msg>
<var>${name_title}</var>
<arg>${json_data["results"][0]["name"]["title"]}</arg>
<doc>Returns the given values which can then be assigned to a variables.</doc>
<status status="PASS" start="2024-06-21T15:20:25.233320" elapsed="0.000399"/>
</kw>
<kw name="Create List" owner="BuiltIn">
<msg time="2024-06-21T15:20:25.234154" level="INFO">${allowed_titles} = ['Mr', 'Ms', 'Miss', 'Mrs', 'Madame', 'Monsieur']</msg>
<var>${allowed_titles}</var>
<arg>Mr</arg>
<arg>Ms</arg>
<arg>Miss</arg>
<arg>Mrs</arg>
<arg>Madame</arg>
<arg>Monsieur</arg>
<doc>Returns a list containing given items.</doc>
<status status="PASS" start="2024-06-21T15:20:25.234009" elapsed="0.000169"/>
</kw>
<kw name="List Should Contain Value" owner="Collections">
<arg>${allowed_titles}</arg>
<arg>${name_title}</arg>
<doc>Fails if the ``value`` is not found from ``list``.</doc>
<status status="PASS" start="2024-06-21T15:20:25.234497" elapsed="0.000182"/>
</kw>
<kw name="Set Variable" owner="BuiltIn">
<msg time="2024-06-21T15:20:25.235225" level="INFO">${name_country} = US</msg>
<var>${name_country}</var>
<arg>${json_data["results"][0]["nat"]}</arg>
<doc>Returns the given values which can then be assigned to a variables.</doc>
<status status="PASS" start="2024-06-21T15:20:25.234855" elapsed="0.000394"/>
</kw>
<kw name="Create List" owner="BuiltIn">
<msg time="2024-06-21T15:20:25.236135" level="INFO">${list_country} = ['AD', 'AE', 'AF', 'AG', 'AI', 'AL', 'AM', 'AO', 'AQ', 'AR', 'AS', 'AT', 'AU', 'AW', 'AX', 'AZ', 'BA', 'BB', 'BD', 'BE', 'BF', 'BG', 'BH', 'BI', 'BJ', 'BL', 'BM', 'BN', 'BO', 'BQ', 'BR', 'BS', 'BT', '...</msg>
<var>${list_country}</var>
<arg>AD</arg>
<arg>AE</arg>
<arg>AF</arg>
<arg>AG</arg>
<arg>AI</arg>
<arg>AL</arg>
<arg>AM</arg>
<arg>AO</arg>
<arg>AQ</arg>
<arg>AR</arg>
<arg>AS</arg>
<arg>AT</arg>
<arg>AU</arg>
<arg>AW</arg>
<arg>AX</arg>
<arg>AZ</arg>
<arg>BA</arg>
<arg>BB</arg>
<arg>BD</arg>
<arg>BE</arg>
<arg>BF</arg>
<arg>BG</arg>
<arg>BH</arg>
<arg>BI</arg>
<arg>BJ</arg>
<arg>BL</arg>
<arg>BM</arg>
<arg>BN</arg>
<arg>BO</arg>
<arg>BQ</arg>
<arg>BR</arg>
<arg>BS</arg>
<arg>BT</arg>
<arg>BV</arg>
<arg>BW</arg>
<arg>BY</arg>
<arg>BZ</arg>
<arg>CA</arg>
<arg>CC</arg>
<arg>CD</arg>
<arg>CF</arg>
<arg>CG</arg>
<arg>CH</arg>
<arg>CI</arg>
<arg>CK</arg>
<arg>CL</arg>
<arg>CM</arg>
<arg>CN</arg>
<arg>CO</arg>
<arg>CR</arg>
<arg>CU</arg>
<arg>CV</arg>
<arg>CW</arg>
<arg>CX</arg>
<arg>CY</arg>
<arg>CZ</arg>
<arg>DE</arg>
<arg>DJ</arg>
<arg>DK</arg>
<arg>DM</arg>
<arg>DO</arg>
<arg>DZ</arg>
<arg>EC</arg>
<arg>EE</arg>
<arg>EG</arg>
<arg>EH</arg>
<arg>ER</arg>
<arg>ES</arg>
<arg>ET</arg>
<arg>FI</arg>
<arg>FJ</arg>
<arg>FK</arg>
<arg>FM</arg>
<arg>FO</arg>
<arg>FR</arg>
<arg>GA</arg>
<arg>GB</arg>
<arg>GD</arg>
<arg>GE</arg>
<arg>GF</arg>
<arg>GG</arg>
<arg>GH</arg>
<arg>GI</arg>
<arg>GL</arg>
<arg>GM</arg>
<arg>GN</arg>
<arg>GP</arg>
<arg>GQ</arg>
<arg>GR</arg>
<arg>GS</arg>
<arg>GT</arg>
<arg>GU</arg>
<arg>GW</arg>
<arg>GY</arg>
<arg>HK</arg>
<arg>HM</arg>
<arg>HN</arg>
<arg>HR</arg>
<arg>HT</arg>
<arg>HU</arg>
<arg>ID</arg>
<arg>IE</arg>
<arg>IL</arg>
<arg>IM</arg>
<arg>IN</arg>
<arg>IO</arg>
<arg>IQ</arg>
<arg>IR</arg>
<arg>IS</arg>
<arg>IT</arg>
<arg>JE</arg>
<arg>JM</arg>
<arg>JO</arg>
<arg>JP</arg>
<arg>KE</arg>
<arg>KG</arg>
<arg>KH</arg>
<arg>KI</arg>
<arg>KM</arg>
<arg>KN</arg>
<arg>KP</arg>
<arg>KR</arg>
<arg>KW</arg>
<arg>KY</arg>
<arg>KZ</arg>
<arg>LA</arg>
<arg>LB</arg>
<arg>LC</arg>
<arg>LI</arg>
<arg>LK</arg>
<arg>LR</arg>
<arg>LS</arg>
<arg>LT</arg>
<arg>LU</arg>
<arg>LV</arg>
<arg>LY</arg>
<arg>MA</arg>
<arg>MC</arg>
<arg>MD</arg>
<arg>ME</arg>
<arg>MF</arg>
<arg>MG</arg>
<arg>MH</arg>
<arg>MK</arg>
<arg>ML</arg>
<arg>MM</arg>
<arg>MN</arg>
<arg>MO</arg>
<arg>MP</arg>
<arg>MQ</arg>
<arg>MR</arg>
<arg>MS</arg>
<arg>MT</arg>
<arg>MU</arg>
<arg>MV</arg>
<arg>MW</arg>
<arg>MX</arg>
<arg>MY</arg>
<arg>MZ</arg>
<arg>NA</arg>
<arg>NC</arg>
<arg>NE</arg>
<arg>NF</arg>
<arg>NG</arg>
<arg>NI</arg>
<arg>NL</arg>
<arg>NO</arg>
<arg>NP</arg>
<arg>NR</arg>
<arg>NU</arg>
<arg>NZ</arg>
<arg>OM</arg>
<arg>PA</arg>
<arg>PE</arg>
<arg>PF</arg>
<arg>PG</arg>
<arg>PH</arg>
<arg>PK</arg>
<arg>PL</arg>
<arg>PM</arg>
<arg>PN</arg>
<arg>PR</arg>
<arg>PS</arg>
<arg>PT</arg>
<arg>PW</arg>
<arg>PY</arg>
<arg>QA</arg>
<arg>RE</arg>
<arg>RO</arg>
<arg>RS</arg>
<arg>RU</arg>
<arg>RW</arg>
<arg>SA</arg>
<arg>SB</arg>
<arg>SC</arg>
<arg>SD</arg>
<arg>SE</arg>
<arg>SG</arg>
<arg>SH</arg>
<arg>SI</arg>
<arg>SJ</arg>
<arg>SK</arg>
<arg>SL</arg>
<arg>SM</arg>
<arg>SN</arg>
<arg>SO</arg>
<arg>SR</arg>
<arg>SS</arg>
<arg>ST</arg>
<arg>SV</arg>
<arg>SX</arg>
<arg>SY</arg>
<arg>SZ</arg>
<arg>TC</arg>
<arg>TD</arg>
<arg>TF</arg>
<arg>TG</arg>
<arg>TH</arg>
<arg>TJ</arg>
<arg>TK</arg>
<arg>TL</arg>
<arg>TM</arg>
<arg>TN</arg>
<arg>TO</arg>
<arg>TR</arg>
<arg>TT</arg>
<arg>TV</arg>
<arg>TW</arg>
<arg>TZ</arg>
<arg>UA</arg>
<arg>UG</arg>
<arg>UM</arg>
<arg>US</arg>
<arg>UY</arg>
<arg>UZ</arg>
<arg>VA</arg>
<arg>VC</arg>
<arg>VE</arg>
<arg>VG</arg>
<arg>VI</arg>
<arg>VN</arg>
<arg>VU</arg>
<arg>WF</arg>
<arg>WS</arg>
<arg>XK</arg>
<arg>YE</arg>
<arg>YT</arg>
<arg>ZA</arg>
<arg>ZM</arg>
<arg>ZW</arg>
<doc>Returns a list containing given items.</doc>
<status status="PASS" start="2024-06-21T15:20:25.235533" elapsed="0.000627"/>
</kw>
<kw name="List Should Contain Value" owner="Collections">
<arg>${list_country}</arg>
<arg>${name_country}</arg>
<doc>Fails if the ``value`` is not found from ``list``.</doc>
<status status="PASS" start="2024-06-21T15:20:25.236952" elapsed="0.000202"/>
</kw>
<kw name="Run Keyword If" owner="BuiltIn">
<kw name="Should Be True" owner="BuiltIn">
<arg>${True}</arg>
<doc>Fails if the given condition is not true.</doc>
<status status="PASS" start="2024-06-21T15:20:25.238085" elapsed="0.000138"/>
</kw>
<arg>${json_data["results"][0]["location"]["coordinates"]["latitude"]} &gt;= -90 and ${json_data["results"][0]["location"]["coordinates"]["latitude"]} &lt;= 90</arg>
<arg>Should Be True</arg>
<arg>${True}</arg>
<doc>Runs the given keyword with the given arguments, if ``condition`` is true.</doc>
<status status="PASS" start="2024-06-21T15:20:25.237351" elapsed="0.000997"/>
</kw>
<kw name="Run Keyword If" owner="BuiltIn">
<kw name="Should Be True" owner="BuiltIn">
<arg>${True}</arg>
<doc>Fails if the given condition is not true.</doc>
<status status="PASS" start="2024-06-21T15:20:25.239263" elapsed="0.000227"/>
</kw>
<arg>${json_data["results"][0]["location"]["coordinates"]["longitude"]} &gt;= -180 and ${json_data["results"][0]["location"]["coordinates"]["longitude"]} &lt;= 180</arg>
<arg>Should Be True</arg>
<arg>${True}</arg>
<doc>Runs the given keyword with the given arguments, if ``condition`` is true.</doc>
<status status="PASS" start="2024-06-21T15:20:25.238560" elapsed="0.001058"/>
</kw>
<status status="PASS" start="2024-06-21T15:20:25.153264" elapsed="0.086483"/>
</kw>
<doc>Testa o conteúdo específico dos campos retornados pela API.</doc>
<tag>testeConteudo</tag>
<status status="PASS" start="2024-06-21T15:20:25.152668" elapsed="0.087220"/>
</test>
<status status="PASS" start="2024-06-21T15:20:20.865404" elapsed="4.376371"/>
</suite>
<status status="PASS" start="2024-06-21T15:20:20.851163" elapsed="4.395639"/>
</suite>
<statistics>
<total>
<stat pass="5" fail="0" skip="0">All Tests</stat>
</total>
<tag>
<stat pass="1" fail="0" skip="0">testeConteudo</stat>
<stat pass="1" fail="0" skip="0">testeEstruturaResposta</stat>
<stat pass="1" fail="0" skip="0">testeRequisicaoBasica</stat>
<stat pass="1" fail="0" skip="0">testeTiposDados</stat>
</tag>
<suite>
<stat pass="5" fail="0" skip="0" id="s1" name="Tests">Tests</stat>
<stat pass="5" fail="0" skip="0" id="s1-s1" name="Random-User-Test">Tests.Random-User-Test</stat>
</suite>
</statistics>
<errors>
</errors>
</robot>
