<?xml version="1.0" encoding="UTF-8"?>
<robot generator="Robot 7.0 (Python 3.12.2 on linux)" generated="2024-04-01T20:15:24.190012" rpa="false" schemaversion="5">
<suite id="s1" name="Tests" source="/home/runner/work/DesafioQAItauRogerioJordao/DesafioQAItauRogerioJordao/RamdonUser/tests">
<suite id="s1-s1" name="Random-User-Test" source="/home/runner/work/DesafioQAItauRogerioJordao/DesafioQAItauRogerioJordao/RamdonUser/tests/random-user-test.robot">
<test id="s1-s1-t1" name="Conectar" line="13">
<kw name="Conectar API" owner="random-user-service">
<kw name="Create Session" owner="RequestsLibrary">
<msg time="2024-04-01T20:15:24.606990" level="INFO">Creating Session using : alias=consultarAPI, url=https://randomuser.me/, headers={},                     cookies={}, auth=None, timeout=None, proxies=None, verify=False,                     debug=0 </msg>
<arg>consultarAPI</arg>
<arg>${URL}</arg>
<doc>Create Session: create a HTTP session to a server</doc>
<status status="PASS" start="2024-04-01T20:15:24.606785" elapsed="0.000406"/>
</kw>
<status status="PASS" start="2024-04-01T20:15:24.605716" elapsed="0.001850"/>
</kw>
<status status="PASS" start="2024-04-01T20:15:24.605091" elapsed="0.002677"/>
</test>
<test id="s1-s1-t2" name="Validar retorno 200 e JSON Válido" line="16">
<kw name="Teste de Requisicao Basica" owner="random-user-service">
<kw name="GET On Session" owner="RequestsLibrary">
<msg time="2024-04-01T20:15:24.863728" level="INFO">GET Request : url=https://randomuser.me/api 
 path_url=/api 
 headers={'User-Agent': 'python-requests/2.31.0', 'Accept-Encoding': 'gzip, deflate', 'Accept': '*/*', 'Connection': 'keep-alive'} 
 body=None 
 </msg>
<msg time="2024-04-01T20:15:24.863882" level="INFO">GET Response : url=https://randomuser.me/api 
 status=200, reason=OK 
 headers={'Date': 'Mon, 01 Apr 2024 20:15:24 GMT', 'Content-Type': 'application/json; charset=utf-8', 'Transfer-Encoding': 'chunked', 'Connection': 'keep-alive', 'X-Powered-By': 'Express', 'Access-Control-Allow-Origin': '*', 'Cache-Control': 'no-cache', 'ETag': 'W/"4a9-4yAaQ1QC/I2vt5zKMjKi5fp0ZWk"', 'Vary': 'Accept-Encoding', 'Content-Encoding': 'gzip', 'CF-Cache-Status': 'DYNAMIC', 'Report-To': '{"endpoints":[{"url":"https:\\/\\/a.nel.cloudflare.com\\/report\\/v4?s=nLqZtkEm0y8dqCuZBGRAmMpjCmdRr0GCf2innb1r%2B8sxr6Wtu9rt00CZVJ1xGZYk8u%2FXK1EtUBDZp3xcjb88dk9lAvhf3eeUrIN7OkA9DiFJu5mjhSlnQ1%2B810WLJKSn"}],"group":"cf-nel","max_age":604800}', 'NEL': '{"success_fraction":0,"report_to":"cf-nel","max_age":604800}', 'Server': 'cloudflare', 'CF-RAY': '86db40440d6c07b5-IAD', 'alt-svc': 'h3=":443"; ma=86400'} 
 body={"results":[{"gender":"male","name":{"title":"Mr","first":"Cornelio","last":"Alcaraz"},"location":{"street":{"number":1327,"name":"Prolongación Anguiano"},"city":"Bellavista","state":"Campeche","country":"Mexico","postcode":90110,"coordinates":{"latitude":"28.0371","longitude":"-119.1094"},"timezone":{"offset":"+1:00","description":"Brussels, Copenhagen, Madrid, Paris"}},"email":"cornelio.alcaraz@example.com","login":{"uuid":"3072d11e-c135-4cde-880e-8861cc29b872","username":"beautifultiger584","password":"keeper","salt":"YelvX34G","md5":"1d4e69243627eed0665b86b847da2788","sha1":"b57781631986d02d572e84c9f4a155014d46bb2c","sha256":"6597ac1def4d229f253819a5110749f6e20ea3f2b35794457db784e7ab32ac0a"},"dob":{"date":"1975-07-08T08:49:21.885Z","age":48},"registered":{"date":"2010-04-02T03:57:50.356Z","age":13},"phone":"(678) 157 5413","cell":"(670) 777 6539","id":{"name":"NSS","value":"96 86 81 5884 2"},"picture":{"large":"https://randomuser.me/api/portraits/men/11.jpg","medium":"https://randomuser.me/api/portraits/med/men/11.jpg","thumbnail":"https://randomuser.me/api/portraits/thumb/men/11.jpg"},"nat":"MX"}],"info":{"seed":"264f86eae7a633af","results":1,"page":1,"version":"1.4"}} 
 </msg>
<msg time="2024-04-01T20:15:24.863997" level="INFO">/opt/hostedtoolcache/Python/3.12.2/x64/lib/python3.12/site-packages/urllib3/connectionpool.py:1103: InsecureRequestWarning: Unverified HTTPS request is being made to host 'randomuser.me'. Adding certificate verification is strongly advised. See: https://urllib3.readthedocs.io/en/latest/advanced-usage.html#tls-warnings
  warnings.warn(</msg>
<msg time="2024-04-01T20:15:24.864151" level="INFO">${response} = &lt;Response [200]&gt;</msg>
<var>${response}</var>
<arg>consultarAPI</arg>
<arg>/api</arg>
<doc>Sends a GET request on a previously created HTTP Session.</doc>
<status status="PASS" start="2024-04-01T20:15:24.610374" elapsed="0.253819"/>
</kw>
<kw name="Should Be Equal As Numbers" owner="BuiltIn">
<msg time="2024-04-01T20:15:24.865425" level="INFO">Argument types are:
&lt;class 'int'&gt;
&lt;class 'str'&gt;</msg>
<arg>${response.status_code}</arg>
<arg>200</arg>
<doc>Fails if objects are unequal after converting them to real numbers.</doc>
<status status="PASS" start="2024-04-01T20:15:24.864891" elapsed="0.000603"/>
</kw>
<kw name="Log" owner="BuiltIn">
<msg time="2024-04-01T20:15:24.866182" level="INFO">200</msg>
<arg>${response.status_code}</arg>
<doc>Logs the given message with the given level.</doc>
<status status="PASS" start="2024-04-01T20:15:24.865823" elapsed="0.000404"/>
</kw>
<kw name="Set Variable" owner="BuiltIn">
<msg time="2024-04-01T20:15:24.866998" level="INFO">${json_data} = {'results': [{'gender': 'male', 'name': {'title': 'Mr', 'first': 'Cornelio', 'last': 'Alcaraz'}, 'location': {'street': {'number': 1327, 'name': 'Prolongación Anguiano'}, 'city': 'Bellavista', 'state'...</msg>
<var>${json_data}</var>
<arg>${response.json()}</arg>
<doc>Returns the given values which can then be assigned to a variables.</doc>
<status status="PASS" start="2024-04-01T20:15:24.866540" elapsed="0.000487"/>
</kw>
<kw name="Dictionary Should Contain Key" owner="Collections">
<msg time="2024-04-01T20:15:24.867510" level="INFO">False</msg>
<arg>${json_data}</arg>
<arg>results</arg>
<doc>Fails if ``key`` is not found from ``dictionary``.</doc>
<status status="PASS" start="2024-04-01T20:15:24.867336" elapsed="0.000215"/>
</kw>
<status status="PASS" start="2024-04-01T20:15:24.610121" elapsed="0.257699"/>
</kw>
<doc>Testa se a API responde corretamente e retorna um objeto JSON válido.</doc>
<tag>testeRequisicaoBasica</tag>
<status status="PASS" start="2024-04-01T20:15:24.609648" elapsed="0.258365"/>
</test>
<test id="s1-s1-t3" name="Validar estrutura de resposta" line="22">
<kw name="Teste de Estrutura de Resposta" owner="random-user-service">
<kw name="GET On Session" owner="RequestsLibrary">
<msg time="2024-04-01T20:15:24.949788" level="INFO">GET Request : url=https://randomuser.me/api 
 path_url=/api 
 headers={'User-Agent': 'python-requests/2.31.0', 'Accept-Encoding': 'gzip, deflate', 'Accept': '*/*', 'Connection': 'keep-alive'} 
 body=None 
 </msg>
<msg time="2024-04-01T20:15:24.949897" level="INFO">GET Response : url=https://randomuser.me/api 
 status=200, reason=OK 
 headers={'Date': 'Mon, 01 Apr 2024 20:15:24 GMT', 'Content-Type': 'application/json; charset=utf-8', 'Transfer-Encoding': 'chunked', 'Connection': 'keep-alive', 'X-Powered-By': 'Express', 'Access-Control-Allow-Origin': '*', 'Cache-Control': 'no-cache', 'ETag': 'W/"49a-iZJ1mm/NJhODiJum18gjebAEAyg"', 'Vary': 'Accept-Encoding', 'Content-Encoding': 'gzip', 'CF-Cache-Status': 'DYNAMIC', 'Report-To': '{"endpoints":[{"url":"https:\\/\\/a.nel.cloudflare.com\\/report\\/v4?s=TrautrjJAWAwq81OX2gAPXEz7MOlAlA7MkSJiZSmOzCsee1FRE8Z5ZD%2FF%2Bg0jnF39IP3QXPw%2Fx1CNqX1j%2F2A1v1ycr7Zt6UuB98GAnDY3Mq9uVj3D6DiEgA5J1t9clJI"}],"group":"cf-nel","max_age":604800}', 'NEL': '{"success_fraction":0,"report_to":"cf-nel","max_age":604800}', 'Server': 'cloudflare', 'CF-RAY': '86db40447de807b5-IAD', 'alt-svc': 'h3=":443"; ma=86400'} 
 body={"results":[{"gender":"female","name":{"title":"Mrs","first":"Domaha","last":"Poplavskiy"},"location":{"street":{"number":4397,"name":"Sklyaniy provulok"},"city":"Karlivka","state":"Hersonska","country":"Ukraine","postcode":70369,"coordinates":{"latitude":"73.1602","longitude":"141.1209"},"timezone":{"offset":"+1:00","description":"Brussels, Copenhagen, Madrid, Paris"}},"email":"domaha.poplavskiy@example.com","login":{"uuid":"3b677d6d-a9bf-49b1-a976-50c73767031d","username":"greenfrog128","password":"hithere","salt":"LR7MSfxJ","md5":"0bc4199000b480f007f707c917ff84f1","sha1":"f90f1aa49ba90fe829fefefe343aac6a154bcaa8","sha256":"78a6f5934e64987190553354a2a12c7bdac23e55a305b49b8e7b542868305c79"},"dob":{"date":"1988-05-02T12:08:00.945Z","age":35},"registered":{"date":"2011-08-08T16:48:09.926Z","age":12},"phone":"(096) K40-1184","cell":"(099) H10-5588","id":{"name":"","value":null},"picture":{"large":"https://randomuser.me/api/portraits/women/22.jpg","medium":"https://randomuser.me/api/portraits/med/women/22.jpg","thumbnail":"https://randomuser.me/api/portraits/thumb/women/22.jpg"},"nat":"UA"}],"info":{"seed":"96b82527e47b58b0","results":1,"page":1,"version":"1.4"}} 
 </msg>
<msg time="2024-04-01T20:15:24.950051" level="INFO">/opt/hostedtoolcache/Python/3.12.2/x64/lib/python3.12/site-packages/urllib3/connectionpool.py:1103: InsecureRequestWarning: Unverified HTTPS request is being made to host 'randomuser.me'. Adding certificate verification is strongly advised. See: https://urllib3.readthedocs.io/en/latest/advanced-usage.html#tls-warnings
  warnings.warn(</msg>
<msg time="2024-04-01T20:15:24.950185" level="INFO">${response} = &lt;Response [200]&gt;</msg>
<var>${response}</var>
<arg>consultarAPI</arg>
<arg>/api</arg>
<doc>Sends a GET request on a previously created HTTP Session.</doc>
<status status="PASS" start="2024-04-01T20:15:24.870957" elapsed="0.079270"/>
</kw>
<kw name="Set Variable" owner="BuiltIn">
<msg time="2024-04-01T20:15:24.951467" level="INFO">${json_data} = {'results': [{'gender': 'female', 'name': {'title': 'Mrs', 'first': 'Domaha', 'last': 'Poplavskiy'}, 'location': {'street': {'number': 4397, 'name': 'Sklyaniy provulok'}, 'city': 'Karlivka', 'state': ...</msg>
<var>${json_data}</var>
<arg>${response.json()}</arg>
<doc>Returns the given values which can then be assigned to a variables.</doc>
<status status="PASS" start="2024-04-01T20:15:24.950875" elapsed="0.000622"/>
</kw>
<kw name="Log" owner="BuiltIn">
<msg time="2024-04-01T20:15:24.951981" level="INFO">{'results': [{'gender': 'female', 'name': {'title': 'Mrs', 'first': 'Domaha', 'last': 'Poplavskiy'}, 'location': {'street': {'number': 4397, 'name': 'Sklyaniy provulok'}, 'city': 'Karlivka', 'state': 'Hersonska', 'country': 'Ukraine', 'postcode': 70369, 'coordinates': {'latitude': '73.1602', 'longitude': '141.1209'}, 'timezone': {'offset': '+1:00', 'description': 'Brussels, Copenhagen, Madrid, Paris'}}, 'email': 'domaha.poplavskiy@example.com', 'login': {'uuid': '3b677d6d-a9bf-49b1-a976-50c73767031d', 'username': 'greenfrog128', 'password': 'hithere', 'salt': 'LR7MSfxJ', 'md5': '0bc4199000b480f007f707c917ff84f1', 'sha1': 'f90f1aa49ba90fe829fefefe343aac6a154bcaa8', 'sha256': '78a6f5934e64987190553354a2a12c7bdac23e55a305b49b8e7b542868305c79'}, 'dob': {'date': '1988-05-02T12:08:00.945Z', 'age': 35}, 'registered': {'date': '2011-08-08T16:48:09.926Z', 'age': 12}, 'phone': '(096) K40-1184', 'cell': '(099) H10-5588', 'id': {'name': '', 'value': None}, 'picture': {'large': 'https://randomuser.me/api/portraits/women/22.jpg', 'medium': 'https://randomuser.me/api/portraits/med/women/22.jpg', 'thumbnail': 'https://randomuser.me/api/portraits/thumb/women/22.jpg'}, 'nat': 'UA'}], 'info': {'seed': '96b82527e47b58b0', 'results': 1, 'page': 1, 'version': '1.4'}}</msg>
<arg>${json_data}</arg>
<doc>Logs the given message with the given level.</doc>
<status status="PASS" start="2024-04-01T20:15:24.951815" elapsed="0.000214"/>
</kw>
<kw name="Dictionary Should Contain Key" owner="Collections">
<msg time="2024-04-01T20:15:24.952494" level="INFO">False</msg>
<arg>${json_data}</arg>
<arg>results</arg>
<doc>Fails if ``key`` is not found from ``dictionary``.</doc>
<status status="PASS" start="2024-04-01T20:15:24.952333" elapsed="0.000199"/>
</kw>
<kw name="Should Not Be Empty" owner="BuiltIn">
<msg time="2024-04-01T20:15:24.952965" level="INFO">Length is 2.</msg>
<arg>${json_data}</arg>
<doc>Verifies that the given item is not empty.</doc>
<status status="PASS" start="2024-04-01T20:15:24.952832" elapsed="0.000173"/>
</kw>
<kw name="Create List" owner="BuiltIn">
<msg time="2024-04-01T20:15:24.953508" level="INFO">${expected_keys} = ['gender', 'name', 'location', 'email', 'login']</msg>
<var>${expected_keys}</var>
<arg>gender</arg>
<arg>name</arg>
<arg>location</arg>
<arg>email</arg>
<arg>login</arg>
<doc>Returns a list containing given items.</doc>
<status status="PASS" start="2024-04-01T20:15:24.953354" elapsed="0.000178"/>
</kw>
<for flavor="IN">
<iter>
<kw name="Dictionary Should Contain Key" owner="Collections">
<msg time="2024-04-01T20:15:24.954534" level="INFO">False</msg>
<arg>${json_data['results'][0]}</arg>
<arg>${key}</arg>
<doc>Fails if ``key`` is not found from ``dictionary``.</doc>
<status status="PASS" start="2024-04-01T20:15:24.954131" elapsed="0.000444"/>
</kw>
<kw name="Log" owner="BuiltIn">
<msg time="2024-04-01T20:15:24.955258" level="INFO">{'gender': 'female', 'name': {'title': 'Mrs', 'first': 'Domaha', 'last': 'Poplavskiy'}, 'location': {'street': {'number': 4397, 'name': 'Sklyaniy provulok'}, 'city': 'Karlivka', 'state': 'Hersonska', 'country': 'Ukraine', 'postcode': 70369, 'coordinates': {'latitude': '73.1602', 'longitude': '141.1209'}, 'timezone': {'offset': '+1:00', 'description': 'Brussels, Copenhagen, Madrid, Paris'}}, 'email': 'domaha.poplavskiy@example.com', 'login': {'uuid': '3b677d6d-a9bf-49b1-a976-50c73767031d', 'username': 'greenfrog128', 'password': 'hithere', 'salt': 'LR7MSfxJ', 'md5': '0bc4199000b480f007f707c917ff84f1', 'sha1': 'f90f1aa49ba90fe829fefefe343aac6a154bcaa8', 'sha256': '78a6f5934e64987190553354a2a12c7bdac23e55a305b49b8e7b542868305c79'}, 'dob': {'date': '1988-05-02T12:08:00.945Z', 'age': 35}, 'registered': {'date': '2011-08-08T16:48:09.926Z', 'age': 12}, 'phone': '(096) K40-1184', 'cell': '(099) H10-5588', 'id': {'name': '', 'value': None}, 'picture': {'large': 'https://randomuser.me/api/portraits/women/22.jpg', 'medium': 'https://randomuser.me/api/portraits/med/women/22.jpg', 'thumbnail': 'https://randomuser.me/api/portraits/thumb/women/22.jpg'}, 'nat': 'UA'}</msg>
<arg>${json_data['results'][0]}</arg>
<doc>Logs the given message with the given level.</doc>
<status status="PASS" start="2024-04-01T20:15:24.954885" elapsed="0.000428"/>
</kw>
<kw name="Log" owner="BuiltIn">
<msg time="2024-04-01T20:15:24.955759" level="INFO">gender</msg>
<arg>${key}</arg>
<doc>Logs the given message with the given level.</doc>
<status status="PASS" start="2024-04-01T20:15:24.955623" elapsed="0.000175"/>
</kw>
<var name="${key}">gender</var>
<status status="PASS" start="2024-04-01T20:15:24.954004" elapsed="0.002024"/>
</iter>
<iter>
<kw name="Dictionary Should Contain Key" owner="Collections">
<msg time="2024-04-01T20:15:24.956729" level="INFO">False</msg>
<arg>${json_data['results'][0]}</arg>
<arg>${key}</arg>
<doc>Fails if ``key`` is not found from ``dictionary``.</doc>
<status status="PASS" start="2024-04-01T20:15:24.956342" elapsed="0.000427"/>
</kw>
<kw name="Log" owner="BuiltIn">
<msg time="2024-04-01T20:15:24.957526" level="INFO">{'gender': 'female', 'name': {'title': 'Mrs', 'first': 'Domaha', 'last': 'Poplavskiy'}, 'location': {'street': {'number': 4397, 'name': 'Sklyaniy provulok'}, 'city': 'Karlivka', 'state': 'Hersonska', 'country': 'Ukraine', 'postcode': 70369, 'coordinates': {'latitude': '73.1602', 'longitude': '141.1209'}, 'timezone': {'offset': '+1:00', 'description': 'Brussels, Copenhagen, Madrid, Paris'}}, 'email': 'domaha.poplavskiy@example.com', 'login': {'uuid': '3b677d6d-a9bf-49b1-a976-50c73767031d', 'username': 'greenfrog128', 'password': 'hithere', 'salt': 'LR7MSfxJ', 'md5': '0bc4199000b480f007f707c917ff84f1', 'sha1': 'f90f1aa49ba90fe829fefefe343aac6a154bcaa8', 'sha256': '78a6f5934e64987190553354a2a12c7bdac23e55a305b49b8e7b542868305c79'}, 'dob': {'date': '1988-05-02T12:08:00.945Z', 'age': 35}, 'registered': {'date': '2011-08-08T16:48:09.926Z', 'age': 12}, 'phone': '(096) K40-1184', 'cell': '(099) H10-5588', 'id': {'name': '', 'value': None}, 'picture': {'large': 'https://randomuser.me/api/portraits/women/22.jpg', 'medium': 'https://randomuser.me/api/portraits/med/women/22.jpg', 'thumbnail': 'https://randomuser.me/api/portraits/thumb/women/22.jpg'}, 'nat': 'UA'}</msg>
<arg>${json_data['results'][0]}</arg>
<doc>Logs the given message with the given level.</doc>
<status status="PASS" start="2024-04-01T20:15:24.957123" elapsed="0.000453"/>
</kw>
<kw name="Log" owner="BuiltIn">
<msg time="2024-04-01T20:15:24.958019" level="INFO">name</msg>
<arg>${key}</arg>
<doc>Logs the given message with the given level.</doc>
<status status="PASS" start="2024-04-01T20:15:24.957887" elapsed="0.000171"/>
</kw>
<var name="${key}">name</var>
<status status="PASS" start="2024-04-01T20:15:24.956225" elapsed="0.002056"/>
</iter>
<iter>
<kw name="Dictionary Should Contain Key" owner="Collections">
<msg time="2024-04-01T20:15:24.958977" level="INFO">False</msg>
<arg>${json_data['results'][0]}</arg>
<arg>${key}</arg>
<doc>Fails if ``key`` is not found from ``dictionary``.</doc>
<status status="PASS" start="2024-04-01T20:15:24.958588" elapsed="0.000427"/>
</kw>
<kw name="Log" owner="BuiltIn">
<msg time="2024-04-01T20:15:24.959687" level="INFO">{'gender': 'female', 'name': {'title': 'Mrs', 'first': 'Domaha', 'last': 'Poplavskiy'}, 'location': {'street': {'number': 4397, 'name': 'Sklyaniy provulok'}, 'city': 'Karlivka', 'state': 'Hersonska', 'country': 'Ukraine', 'postcode': 70369, 'coordinates': {'latitude': '73.1602', 'longitude': '141.1209'}, 'timezone': {'offset': '+1:00', 'description': 'Brussels, Copenhagen, Madrid, Paris'}}, 'email': 'domaha.poplavskiy@example.com', 'login': {'uuid': '3b677d6d-a9bf-49b1-a976-50c73767031d', 'username': 'greenfrog128', 'password': 'hithere', 'salt': 'LR7MSfxJ', 'md5': '0bc4199000b480f007f707c917ff84f1', 'sha1': 'f90f1aa49ba90fe829fefefe343aac6a154bcaa8', 'sha256': '78a6f5934e64987190553354a2a12c7bdac23e55a305b49b8e7b542868305c79'}, 'dob': {'date': '1988-05-02T12:08:00.945Z', 'age': 35}, 'registered': {'date': '2011-08-08T16:48:09.926Z', 'age': 12}, 'phone': '(096) K40-1184', 'cell': '(099) H10-5588', 'id': {'name': '', 'value': None}, 'picture': {'large': 'https://randomuser.me/api/portraits/women/22.jpg', 'medium': 'https://randomuser.me/api/portraits/med/women/22.jpg', 'thumbnail': 'https://randomuser.me/api/portraits/thumb/women/22.jpg'}, 'nat': 'UA'}</msg>
<arg>${json_data['results'][0]}</arg>
<doc>Logs the given message with the given level.</doc>
<status status="PASS" start="2024-04-01T20:15:24.959326" elapsed="0.000419"/>
</kw>
<kw name="Log" owner="BuiltIn">
<msg time="2024-04-01T20:15:24.960218" level="INFO">location</msg>
<arg>${key}</arg>
<doc>Logs the given message with the given level.</doc>
<status status="PASS" start="2024-04-01T20:15:24.960075" elapsed="0.000186"/>
</kw>
<var name="${key}">location</var>
<status status="PASS" start="2024-04-01T20:15:24.958473" elapsed="0.002043"/>
</iter>
<iter>
<kw name="Dictionary Should Contain Key" owner="Collections">
<msg time="2024-04-01T20:15:24.961347" level="INFO">False</msg>
<arg>${json_data['results'][0]}</arg>
<arg>${key}</arg>
<doc>Fails if ``key`` is not found from ``dictionary``.</doc>
<status status="PASS" start="2024-04-01T20:15:24.960839" elapsed="0.000571"/>
</kw>
<kw name="Log" owner="BuiltIn">
<msg time="2024-04-01T20:15:24.962203" level="INFO">{'gender': 'female', 'name': {'title': 'Mrs', 'first': 'Domaha', 'last': 'Poplavskiy'}, 'location': {'street': {'number': 4397, 'name': 'Sklyaniy provulok'}, 'city': 'Karlivka', 'state': 'Hersonska', 'country': 'Ukraine', 'postcode': 70369, 'coordinates': {'latitude': '73.1602', 'longitude': '141.1209'}, 'timezone': {'offset': '+1:00', 'description': 'Brussels, Copenhagen, Madrid, Paris'}}, 'email': 'domaha.poplavskiy@example.com', 'login': {'uuid': '3b677d6d-a9bf-49b1-a976-50c73767031d', 'username': 'greenfrog128', 'password': 'hithere', 'salt': 'LR7MSfxJ', 'md5': '0bc4199000b480f007f707c917ff84f1', 'sha1': 'f90f1aa49ba90fe829fefefe343aac6a154bcaa8', 'sha256': '78a6f5934e64987190553354a2a12c7bdac23e55a305b49b8e7b542868305c79'}, 'dob': {'date': '1988-05-02T12:08:00.945Z', 'age': 35}, 'registered': {'date': '2011-08-08T16:48:09.926Z', 'age': 12}, 'phone': '(096) K40-1184', 'cell': '(099) H10-5588', 'id': {'name': '', 'value': None}, 'picture': {'large': 'https://randomuser.me/api/portraits/women/22.jpg', 'medium': 'https://randomuser.me/api/portraits/med/women/22.jpg', 'thumbnail': 'https://randomuser.me/api/portraits/thumb/women/22.jpg'}, 'nat': 'UA'}</msg>
<arg>${json_data['results'][0]}</arg>
<doc>Logs the given message with the given level.</doc>
<status status="PASS" start="2024-04-01T20:15:24.961776" elapsed="0.000479"/>
</kw>
<kw name="Log" owner="BuiltIn">
<msg time="2024-04-01T20:15:24.962686" level="INFO">email</msg>
<arg>${key}</arg>
<doc>Logs the given message with the given level.</doc>
<status status="PASS" start="2024-04-01T20:15:24.962559" elapsed="0.000167"/>
</kw>
<var name="${key}">email</var>
<status status="PASS" start="2024-04-01T20:15:24.960714" elapsed="0.002231"/>
</iter>
<iter>
<kw name="Dictionary Should Contain Key" owner="Collections">
<msg time="2024-04-01T20:15:24.963628" level="INFO">False</msg>
<arg>${json_data['results'][0]}</arg>
<arg>${key}</arg>
<doc>Fails if ``key`` is not found from ``dictionary``.</doc>
<status status="PASS" start="2024-04-01T20:15:24.963242" elapsed="0.000425"/>
</kw>
<kw name="Log" owner="BuiltIn">
<msg time="2024-04-01T20:15:24.964321" level="INFO">{'gender': 'female', 'name': {'title': 'Mrs', 'first': 'Domaha', 'last': 'Poplavskiy'}, 'location': {'street': {'number': 4397, 'name': 'Sklyaniy provulok'}, 'city': 'Karlivka', 'state': 'Hersonska', 'country': 'Ukraine', 'postcode': 70369, 'coordinates': {'latitude': '73.1602', 'longitude': '141.1209'}, 'timezone': {'offset': '+1:00', 'description': 'Brussels, Copenhagen, Madrid, Paris'}}, 'email': 'domaha.poplavskiy@example.com', 'login': {'uuid': '3b677d6d-a9bf-49b1-a976-50c73767031d', 'username': 'greenfrog128', 'password': 'hithere', 'salt': 'LR7MSfxJ', 'md5': '0bc4199000b480f007f707c917ff84f1', 'sha1': 'f90f1aa49ba90fe829fefefe343aac6a154bcaa8', 'sha256': '78a6f5934e64987190553354a2a12c7bdac23e55a305b49b8e7b542868305c79'}, 'dob': {'date': '1988-05-02T12:08:00.945Z', 'age': 35}, 'registered': {'date': '2011-08-08T16:48:09.926Z', 'age': 12}, 'phone': '(096) K40-1184', 'cell': '(099) H10-5588', 'id': {'name': '', 'value': None}, 'picture': {'large': 'https://randomuser.me/api/portraits/women/22.jpg', 'medium': 'https://randomuser.me/api/portraits/med/women/22.jpg', 'thumbnail': 'https://randomuser.me/api/portraits/thumb/women/22.jpg'}, 'nat': 'UA'}</msg>
<arg>${json_data['results'][0]}</arg>
<doc>Logs the given message with the given level.</doc>
<status status="PASS" start="2024-04-01T20:15:24.963964" elapsed="0.000405"/>
</kw>
<kw name="Log" owner="BuiltIn">
<msg time="2024-04-01T20:15:24.964790" level="INFO">login</msg>
<arg>${key}</arg>
<doc>Logs the given message with the given level.</doc>
<status status="PASS" start="2024-04-01T20:15:24.964662" elapsed="0.000323"/>
</kw>
<var name="${key}">login</var>
<status status="PASS" start="2024-04-01T20:15:24.963128" elapsed="0.002168"/>
</iter>
<var>${key}</var>
<value>@{expected_keys}</value>
<status status="PASS" start="2024-04-01T20:15:24.953805" elapsed="0.011621"/>
</for>
<kw name="Create List" owner="BuiltIn">
<msg time="2024-04-01T20:15:24.965776" level="INFO">${expected_keysTwo} = ['username', 'password']</msg>
<var>${expected_keysTwo}</var>
<arg>username</arg>
<arg>password</arg>
<doc>Returns a list containing given items.</doc>
<status status="PASS" start="2024-04-01T20:15:24.965632" elapsed="0.000169"/>
</kw>
<for flavor="IN">
<iter>
<kw name="Dictionary Should Contain Key" owner="Collections">
<msg time="2024-04-01T20:15:24.966701" level="INFO">False</msg>
<arg>${json_data['results'][0]['login']}</arg>
<arg>${keyTwo}</arg>
<doc>Fails if ``key`` is not found from ``dictionary``.</doc>
<status status="PASS" start="2024-04-01T20:15:24.966319" elapsed="0.000420"/>
</kw>
<kw name="Dictionary Should Contain Key" owner="Collections">
<msg time="2024-04-01T20:15:24.967423" level="INFO">False</msg>
<arg>${json_data['results'][0]['login']}</arg>
<arg>${keyTwo}</arg>
<doc>Fails if ``key`` is not found from ``dictionary``.</doc>
<status status="PASS" start="2024-04-01T20:15:24.967044" elapsed="0.000417"/>
</kw>
<kw name="Log" owner="BuiltIn">
<msg time="2024-04-01T20:15:24.967884" level="INFO">username</msg>
<arg>${keyTwo}</arg>
<doc>Logs the given message with the given level.</doc>
<status status="PASS" start="2024-04-01T20:15:24.967756" elapsed="0.000165"/>
</kw>
<var name="${keyTwo}">username</var>
<status status="PASS" start="2024-04-01T20:15:24.966207" elapsed="0.001932"/>
</iter>
<iter>
<kw name="Dictionary Should Contain Key" owner="Collections">
<msg time="2024-04-01T20:15:24.968798" level="INFO">False</msg>
<arg>${json_data['results'][0]['login']}</arg>
<arg>${keyTwo}</arg>
<doc>Fails if ``key`` is not found from ``dictionary``.</doc>
<status status="PASS" start="2024-04-01T20:15:24.968419" elapsed="0.000417"/>
</kw>
<kw name="Dictionary Should Contain Key" owner="Collections">
<msg time="2024-04-01T20:15:24.969537" level="INFO">False</msg>
<arg>${json_data['results'][0]['login']}</arg>
<arg>${keyTwo}</arg>
<doc>Fails if ``key`` is not found from ``dictionary``.</doc>
<status status="PASS" start="2024-04-01T20:15:24.969128" elapsed="0.000446"/>
</kw>
<kw name="Log" owner="BuiltIn">
<msg time="2024-04-01T20:15:24.969995" level="INFO">password</msg>
<arg>${keyTwo}</arg>
<doc>Logs the given message with the given level.</doc>
<status status="PASS" start="2024-04-01T20:15:24.969868" elapsed="0.000165"/>
</kw>
<var name="${keyTwo}">password</var>
<status status="PASS" start="2024-04-01T20:15:24.968309" elapsed="0.001943"/>
</iter>
<var>${keyTwo}</var>
<value>@{expected_keysTwo}</value>
<status status="PASS" start="2024-04-01T20:15:24.966047" elapsed="0.004329"/>
</for>
<status status="PASS" start="2024-04-01T20:15:24.870617" elapsed="0.099905"/>
</kw>
<doc>Testa a estrutura da resposta da API.</doc>
<tag>testeEstruturaResposta</tag>
<status status="PASS" start="2024-04-01T20:15:24.869897" elapsed="0.100794"/>
</test>
<test id="s1-s1-t4" name="Validar tipos de dados" line="28">
<kw name="Teste de Tipos de Dados" owner="random-user-service">
<kw name="GET On Session" owner="RequestsLibrary">
<msg time="2024-04-01T20:15:25.046955" level="INFO">GET Request : url=https://randomuser.me/api 
 path_url=/api 
 headers={'User-Agent': 'python-requests/2.31.0', 'Accept-Encoding': 'gzip, deflate', 'Accept': '*/*', 'Connection': 'keep-alive'} 
 body=None 
 </msg>
<msg time="2024-04-01T20:15:25.047065" level="INFO">GET Response : url=https://randomuser.me/api 
 status=200, reason=OK 
 headers={'Date': 'Mon, 01 Apr 2024 20:15:25 GMT', 'Content-Type': 'application/json; charset=utf-8', 'Transfer-Encoding': 'chunked', 'Connection': 'keep-alive', 'X-Powered-By': 'Express', 'Access-Control-Allow-Origin': '*', 'Cache-Control': 'no-cache', 'ETag': 'W/"4a0-be2DQ4wq1gSn6MHVSEfdCiECuyg"', 'Vary': 'Accept-Encoding', 'Content-Encoding': 'gzip', 'CF-Cache-Status': 'DYNAMIC', 'Report-To': '{"endpoints":[{"url":"https:\\/\\/a.nel.cloudflare.com\\/report\\/v4?s=vT5F2XlLpBQnbxZvFkyCk%2B1RBfGX%2FYIk%2BwcPyWHiEY4ZLmziKFqPJVZ0q3jcWe%2BeOi1A5sd%2BMB6A%2Bc31d0PuWYz0H80BrC4CjLOv38%2B5PKbIjkjE4f%2Fo%2BSfXoEokrP3z"}],"group":"cf-nel","max_age":604800}', 'NEL': '{"success_fraction":0,"report_to":"cf-nel","max_age":604800}', 'Server': 'cloudflare', 'CF-RAY': '86db40451ea407b5-IAD', 'alt-svc': 'h3=":443"; ma=86400'} 
 body={"results":[{"gender":"female","name":{"title":"Mrs","first":"Ivanka","last":"Taube"},"location":{"street":{"number":3457,"name":"Waldstraße"},"city":"Remscheid","state":"Schleswig-Holstein","country":"Germany","postcode":44910,"coordinates":{"latitude":"-48.0579","longitude":"69.2432"},"timezone":{"offset":"+5:30","description":"Bombay, Calcutta, Madras, New Delhi"}},"email":"ivanka.taube@example.com","login":{"uuid":"7e8b5fbe-6cf4-4474-a26a-183451218eec","username":"purplecat553","password":"hannah","salt":"U0rrEpyi","md5":"e7217780fc59e03efb0430421a169243","sha1":"e8504946950a306f6e97006ba65b046008780fa3","sha256":"2506b3f47ef0e424d33fb49d8f48779d21eaeea16ab9362e65e42bc740478718"},"dob":{"date":"1956-08-27T04:59:27.233Z","age":67},"registered":{"date":"2008-06-18T01:49:27.707Z","age":15},"phone":"0111-5887056","cell":"0170-6889525","id":{"name":"SVNR","value":"03 260856 T 846"},"picture":{"large":"https://randomuser.me/api/portraits/women/30.jpg","medium":"https://randomuser.me/api/portraits/med/women/30.jpg","thumbnail":"https://randomuser.me/api/portraits/thumb/women/30.jpg"},"nat":"DE"}],"info":{"seed":"5c0df9373b4693d1","results":1,"page":1,"version":"1.4"}} 
 </msg>
<msg time="2024-04-01T20:15:25.047145" level="INFO">/opt/hostedtoolcache/Python/3.12.2/x64/lib/python3.12/site-packages/urllib3/connectionpool.py:1103: InsecureRequestWarning: Unverified HTTPS request is being made to host 'randomuser.me'. Adding certificate verification is strongly advised. See: https://urllib3.readthedocs.io/en/latest/advanced-usage.html#tls-warnings
  warnings.warn(</msg>
<msg time="2024-04-01T20:15:25.047269" level="INFO">${response} = &lt;Response [200]&gt;</msg>
<var>${response}</var>
<arg>consultarAPI</arg>
<arg>/api</arg>
<doc>Sends a GET request on a previously created HTTP Session.</doc>
<status status="PASS" start="2024-04-01T20:15:24.973243" elapsed="0.074057"/>
</kw>
<kw name="Set Variable" owner="BuiltIn">
<msg time="2024-04-01T20:15:25.048411" level="INFO">${json_data} = {'results': [{'gender': 'female', 'name': {'title': 'Mrs', 'first': 'Ivanka', 'last': 'Taube'}, 'location': {'street': {'number': 3457, 'name': 'Waldstraße'}, 'city': 'Remscheid', 'state': 'Schleswig-...</msg>
<var>${json_data}</var>
<arg>${response.json()}</arg>
<doc>Returns the given values which can then be assigned to a variables.</doc>
<status status="PASS" start="2024-04-01T20:15:25.047862" elapsed="0.000579"/>
</kw>
<kw name="Log" owner="BuiltIn">
<msg time="2024-04-01T20:15:25.048934" level="INFO">{'results': [{'gender': 'female', 'name': {'title': 'Mrs', 'first': 'Ivanka', 'last': 'Taube'}, 'location': {'street': {'number': 3457, 'name': 'Waldstraße'}, 'city': 'Remscheid', 'state': 'Schleswig-Holstein', 'country': 'Germany', 'postcode': 44910, 'coordinates': {'latitude': '-48.0579', 'longitude': '69.2432'}, 'timezone': {'offset': '+5:30', 'description': 'Bombay, Calcutta, Madras, New Delhi'}}, 'email': 'ivanka.taube@example.com', 'login': {'uuid': '7e8b5fbe-6cf4-4474-a26a-183451218eec', 'username': 'purplecat553', 'password': 'hannah', 'salt': 'U0rrEpyi', 'md5': 'e7217780fc59e03efb0430421a169243', 'sha1': 'e8504946950a306f6e97006ba65b046008780fa3', 'sha256': '2506b3f47ef0e424d33fb49d8f48779d21eaeea16ab9362e65e42bc740478718'}, 'dob': {'date': '1956-08-27T04:59:27.233Z', 'age': 67}, 'registered': {'date': '2008-06-18T01:49:27.707Z', 'age': 15}, 'phone': '0111-5887056', 'cell': '0170-6889525', 'id': {'name': 'SVNR', 'value': '03 260856 T 846'}, 'picture': {'large': 'https://randomuser.me/api/portraits/women/30.jpg', 'medium': 'https://randomuser.me/api/portraits/med/women/30.jpg', 'thumbnail': 'https://randomuser.me/api/portraits/thumb/women/30.jpg'}, 'nat': 'DE'}], 'info': {'seed': '5c0df9373b4693d1', 'results': 1, 'page': 1, 'version': '1.4'}}</msg>
<arg>${json_data}</arg>
<doc>Logs the given message with the given level.</doc>
<status status="PASS" start="2024-04-01T20:15:25.048768" elapsed="0.000255"/>
</kw>
<kw name="Should Be String" owner="String">
<arg>${json_data['results'][0]['gender']}</arg>
<doc>Fails if the given ``item`` is not a string.</doc>
<status status="PASS" start="2024-04-01T20:15:25.049381" elapsed="0.000370"/>
</kw>
<kw name="Should Match Regexp" owner="BuiltIn">
<arg>${json_data['results'][0]['email']}</arg>
<arg>^[a-zA-Z0-9._%+-]+@[a-zA-Z0-9.-]+\.[a-zA-Z]{2,}$</arg>
<doc>Fails if ``string`` does not match ``pattern`` as a regular expression.</doc>
<status status="PASS" start="2024-04-01T20:15:25.049950" elapsed="0.000545"/>
</kw>
<kw name="Should Match Regexp" owner="BuiltIn">
<arg>${json_data['results'][0]['dob']['date']}</arg>
<arg>\\d{4}-\\d{2}-\\d{2}T\\d{2}:\\d{2}:\\d{2}\\.\\d{3}Z</arg>
<doc>Fails if ``string`` does not match ``pattern`` as a regular expression.</doc>
<status status="PASS" start="2024-04-01T20:15:25.050697" elapsed="0.000527"/>
</kw>
<kw name="Should Match Regexp" owner="BuiltIn">
<arg>${json_data['results'][0]['registered']['date']}</arg>
<arg>\\d{4}-\\d{2}-\\d{2}T\\d{2}:\\d{2}:\\d{2}\\.\\d{3}Z</arg>
<doc>Fails if ``string`` does not match ``pattern`` as a regular expression.</doc>
<status status="PASS" start="2024-04-01T20:15:25.051422" elapsed="0.000374"/>
</kw>
<kw name="Should Match Regexp" owner="BuiltIn">
<arg>${json_data['results'][0]['picture']['large']}</arg>
<arg>^https?://.*\.(?:png|jpe?g|gif|bmp)$</arg>
<doc>Fails if ``string`` does not match ``pattern`` as a regular expression.</doc>
<status status="PASS" start="2024-04-01T20:15:25.051988" elapsed="0.000474"/>
</kw>
<kw name="Should Match Regexp" owner="BuiltIn">
<arg>${json_data['results'][0]['picture']['medium']}</arg>
<arg>^https?://.*\.(?:png|jpe?g|gif|bmp)$</arg>
<doc>Fails if ``string`` does not match ``pattern`` as a regular expression.</doc>
<status status="PASS" start="2024-04-01T20:15:25.052653" elapsed="0.000362"/>
</kw>
<kw name="Should Match Regexp" owner="BuiltIn">
<arg>${json_data['results'][0]['picture']['thumbnail']}</arg>
<arg>^https?://.*\.(?:png|jpe?g|gif|bmp)$</arg>
<doc>Fails if ``string`` does not match ``pattern`` as a regular expression.</doc>
<status status="PASS" start="2024-04-01T20:15:25.053237" elapsed="0.000365"/>
</kw>
<kw name="Log" owner="BuiltIn">
<msg time="2024-04-01T20:15:25.054118" level="INFO">{'large': 'https://randomuser.me/api/portraits/women/30.jpg', 'medium': 'https://randomuser.me/api/portraits/med/women/30.jpg', 'thumbnail': 'https://randomuser.me/api/portraits/thumb/women/30.jpg'}</msg>
<arg>${json_data['results'][0]['picture']}</arg>
<doc>Logs the given message with the given level.</doc>
<status status="PASS" start="2024-04-01T20:15:25.053789" elapsed="0.000377"/>
</kw>
<status status="PASS" start="2024-04-01T20:15:24.972985" elapsed="0.081447"/>
</kw>
<kw name="Teste de Tipos de Dados - Postcode" owner="random-user-service">
<kw name="GET On Session" owner="RequestsLibrary">
<msg time="2024-04-01T20:15:25.154811" level="INFO">GET Request : url=https://randomuser.me/api 
 path_url=/api 
 headers={'User-Agent': 'python-requests/2.31.0', 'Accept-Encoding': 'gzip, deflate', 'Accept': '*/*', 'Connection': 'keep-alive'} 
 body=None 
 </msg>
<msg time="2024-04-01T20:15:25.154924" level="INFO">GET Response : url=https://randomuser.me/api 
 status=200, reason=OK 
 headers={'Date': 'Mon, 01 Apr 2024 20:15:25 GMT', 'Content-Type': 'application/json; charset=utf-8', 'Transfer-Encoding': 'chunked', 'Connection': 'keep-alive', 'X-Powered-By': 'Express', 'Access-Control-Allow-Origin': '*', 'Cache-Control': 'no-cache', 'ETag': 'W/"48e-Z3RTPDm2b+Nl23gBldJ9LRodeBQ"', 'Vary': 'Accept-Encoding', 'Content-Encoding': 'gzip', 'CF-Cache-Status': 'DYNAMIC', 'Report-To': '{"endpoints":[{"url":"https:\\/\\/a.nel.cloudflare.com\\/report\\/v4?s=NNQp2zdfmC93v%2FejjbOU%2FMhmrvhJ4Q8KGBCC9A881pSP3MN1Bf1AHA28a%2Fx3VRGf1TY9VNvToG77wA8Y3Cia00RYn%2BsB1WaBdPxGfEcThNr3wSdKDdwGvEDHB6N%2BSJmo"}],"group":"cf-nel","max_age":604800}', 'NEL': '{"success_fraction":0,"report_to":"cf-nel","max_age":604800}', 'Server': 'cloudflare', 'CF-RAY': '86db40459f6207b5-IAD', 'alt-svc': 'h3=":443"; ma=86400'} 
 body={"results":[{"gender":"female","name":{"title":"Mrs","first":"Inge","last":"Redlich"},"location":{"street":{"number":9071,"name":"Blumenstraße"},"city":"Taunusstein","state":"Nordrhein-Westfalen","country":"Germany","postcode":87837,"coordinates":{"latitude":"-48.5098","longitude":"172.3242"},"timezone":{"offset":"-3:30","description":"Newfoundland"}},"email":"inge.redlich@example.com","login":{"uuid":"7a95e2d9-d64c-4a59-bf8c-d40bd9e2ce0d","username":"silversnake352","password":"lite","salt":"xtWPwKC9","md5":"b04b6e3a754299486301cd5680ff7f30","sha1":"1ca2f59e8b29c661eca2ce1d95fedd0b64f64184","sha256":"ffa9fb64ee136bc5c4a26a35215e55df6698aaa58cf411b42e0d3249694838e3"},"dob":{"date":"1947-07-21T10:52:56.672Z","age":76},"registered":{"date":"2016-11-17T15:52:56.916Z","age":7},"phone":"0591-7808324","cell":"0173-9744568","id":{"name":"SVNR","value":"79 210747 R 535"},"picture":{"large":"https://randomuser.me/api/portraits/women/84.jpg","medium":"https://randomuser.me/api/portraits/med/women/84.jpg","thumbnail":"https://randomuser.me/api/portraits/thumb/women/84.jpg"},"nat":"DE"}],"info":{"seed":"fb6d9ce2a39701ea","results":1,"page":1,"version":"1.4"}} 
 </msg>
<msg time="2024-04-01T20:15:25.155029" level="INFO">/opt/hostedtoolcache/Python/3.12.2/x64/lib/python3.12/site-packages/urllib3/connectionpool.py:1103: InsecureRequestWarning: Unverified HTTPS request is being made to host 'randomuser.me'. Adding certificate verification is strongly advised. See: https://urllib3.readthedocs.io/en/latest/advanced-usage.html#tls-warnings
  warnings.warn(</msg>
<msg time="2024-04-01T20:15:25.155161" level="INFO">${response} = &lt;Response [200]&gt;</msg>
<var>${response}</var>
<arg>consultarAPI</arg>
<arg>/api</arg>
<doc>Sends a GET request on a previously created HTTP Session.</doc>
<status status="PASS" start="2024-04-01T20:15:25.055071" elapsed="0.100127"/>
</kw>
<kw name="Set Variable" owner="BuiltIn">
<msg time="2024-04-01T20:15:25.156264" level="INFO">${json_data} = {'results': [{'gender': 'female', 'name': {'title': 'Mrs', 'first': 'Inge', 'last': 'Redlich'}, 'location': {'street': {'number': 9071, 'name': 'Blumenstraße'}, 'city': 'Taunusstein', 'state': 'Nordrh...</msg>
<var>${json_data}</var>
<arg>${response.json()}</arg>
<doc>Returns the given values which can then be assigned to a variables.</doc>
<status status="PASS" start="2024-04-01T20:15:25.155741" elapsed="0.000553"/>
</kw>
<kw name="Log" owner="BuiltIn">
<msg time="2024-04-01T20:15:25.156776" level="INFO">{'results': [{'gender': 'female', 'name': {'title': 'Mrs', 'first': 'Inge', 'last': 'Redlich'}, 'location': {'street': {'number': 9071, 'name': 'Blumenstraße'}, 'city': 'Taunusstein', 'state': 'Nordrhein-Westfalen', 'country': 'Germany', 'postcode': 87837, 'coordinates': {'latitude': '-48.5098', 'longitude': '172.3242'}, 'timezone': {'offset': '-3:30', 'description': 'Newfoundland'}}, 'email': 'inge.redlich@example.com', 'login': {'uuid': '7a95e2d9-d64c-4a59-bf8c-d40bd9e2ce0d', 'username': 'silversnake352', 'password': 'lite', 'salt': 'xtWPwKC9', 'md5': 'b04b6e3a754299486301cd5680ff7f30', 'sha1': '1ca2f59e8b29c661eca2ce1d95fedd0b64f64184', 'sha256': 'ffa9fb64ee136bc5c4a26a35215e55df6698aaa58cf411b42e0d3249694838e3'}, 'dob': {'date': '1947-07-21T10:52:56.672Z', 'age': 76}, 'registered': {'date': '2016-11-17T15:52:56.916Z', 'age': 7}, 'phone': '0591-7808324', 'cell': '0173-9744568', 'id': {'name': 'SVNR', 'value': '79 210747 R 535'}, 'picture': {'large': 'https://randomuser.me/api/portraits/women/84.jpg', 'medium': 'https://randomuser.me/api/portraits/med/women/84.jpg', 'thumbnail': 'https://randomuser.me/api/portraits/thumb/women/84.jpg'}, 'nat': 'DE'}], 'info': {'seed': 'fb6d9ce2a39701ea', 'results': 1, 'page': 1, 'version': '1.4'}}</msg>
<arg>${json_data}</arg>
<doc>Logs the given message with the given level.</doc>
<status status="PASS" start="2024-04-01T20:15:25.156616" elapsed="0.000243"/>
</kw>
<kw name="Should Be Equal As Numbers" owner="BuiltIn">
<arg>${json_data['results'][0]['location']['postcode']}</arg>
<arg>${json_data['results'][0]['location']['postcode']}</arg>
<doc>Fails if objects are unequal after converting them to real numbers.</doc>
<status status="PASS" start="2024-04-01T20:15:25.157208" elapsed="0.000645"/>
</kw>
<kw name="Log" owner="BuiltIn">
<msg time="2024-04-01T20:15:25.158394" level="INFO">87837</msg>
<arg>${json_data['results'][0]['location']['postcode']}</arg>
<doc>Logs the given message with the given level.</doc>
<status status="PASS" start="2024-04-01T20:15:25.158050" elapsed="0.000386"/>
</kw>
<status status="PASS" start="2024-04-01T20:15:25.054666" elapsed="0.104034"/>
</kw>
<doc>Testa se os tipos de dados na resposta da API estão corretos.</doc>
<tag>testeTiposDados</tag>
<status status="PASS" start="2024-04-01T20:15:24.972493" elapsed="0.186384"/>
</test>
<test id="s1-s1-t5" name="Validar conteudo" line="35">
<kw name="Teste de Tipos de Conteudo" owner="random-user-service">
<kw name="GET On Session" owner="RequestsLibrary">
<msg time="2024-04-01T20:15:25.274935" level="INFO">GET Request : url=https://randomuser.me/api 
 path_url=/api 
 headers={'User-Agent': 'python-requests/2.31.0', 'Accept-Encoding': 'gzip, deflate', 'Accept': '*/*', 'Connection': 'keep-alive'} 
 body=None 
 </msg>
<msg time="2024-04-01T20:15:25.275050" level="INFO">GET Response : url=https://randomuser.me/api 
 status=200, reason=OK 
 headers={'Date': 'Mon, 01 Apr 2024 20:15:25 GMT', 'Content-Type': 'application/json; charset=utf-8', 'Transfer-Encoding': 'chunked', 'Connection': 'keep-alive', 'X-Powered-By': 'Express', 'Access-Control-Allow-Origin': '*', 'Cache-Control': 'no-cache', 'ETag': 'W/"495-/Pf9zRe/wBpwKbe9YvFQuoTDVAQ"', 'Vary': 'Accept-Encoding', 'Content-Encoding': 'gzip', 'CF-Cache-Status': 'DYNAMIC', 'Report-To': '{"endpoints":[{"url":"https:\\/\\/a.nel.cloudflare.com\\/report\\/v4?s=lAIUVqQfirPic8YCULCoBZ4z0syc9Du4W0fz7QQbu5yGZ73i%2F1G5cq8%2F6SyZsYCKP7K53lsYJSg3QbffuznFgjdove8io01YSR3SoIfCpefFOj5%2B9LJX73BjBnMcAo7T"}],"group":"cf-nel","max_age":604800}', 'NEL': '{"success_fraction":0,"report_to":"cf-nel","max_age":604800}', 'Server': 'cloudflare', 'CF-RAY': '86db4046483907b5-IAD', 'alt-svc': 'h3=":443"; ma=86400'} 
 body={"results":[{"gender":"male","name":{"title":"Mr","first":"Dušan","last":"Preković"},"location":{"street":{"number":8025,"name":"Pijaca Železnik"},"city":"Negotin","state":"Jablanica","country":"Serbia","postcode":21196,"coordinates":{"latitude":"59.4106","longitude":"-6.2298"},"timezone":{"offset":"+11:00","description":"Magadan, Solomon Islands, New Caledonia"}},"email":"dusan.prekovic@example.com","login":{"uuid":"48fca821-1c62-4662-aa69-36632790a935","username":"happylion301","password":"myxworld","salt":"fVzhAxlO","md5":"53a7d0a8d3c25fed16613c883d410063","sha1":"d67536e27cc3386bf8696d7c3f5b8d658685336f","sha256":"de7d0415f76729beaf1bbcc488e7f8741e698aa037cbc91f19ea9e55384bc6e7"},"dob":{"date":"1966-08-07T09:02:55.436Z","age":57},"registered":{"date":"2010-12-03T17:40:50.056Z","age":13},"phone":"014-5066-235","cell":"067-3435-315","id":{"name":"SID","value":"244086085"},"picture":{"large":"https://randomuser.me/api/portraits/men/23.jpg","medium":"https://randomuser.me/api/portraits/med/men/23.jpg","thumbnail":"https://randomuser.me/api/portraits/thumb/men/23.jpg"},"nat":"RS"}],"info":{"seed":"25ff8918a676dfe4","results":1,"page":1,"version":"1.4"}} 
 </msg>
<msg time="2024-04-01T20:15:25.275139" level="INFO">/opt/hostedtoolcache/Python/3.12.2/x64/lib/python3.12/site-packages/urllib3/connectionpool.py:1103: InsecureRequestWarning: Unverified HTTPS request is being made to host 'randomuser.me'. Adding certificate verification is strongly advised. See: https://urllib3.readthedocs.io/en/latest/advanced-usage.html#tls-warnings
  warnings.warn(</msg>
<msg time="2024-04-01T20:15:25.275275" level="INFO">${response} = &lt;Response [200]&gt;</msg>
<var>${response}</var>
<arg>consultarAPI</arg>
<arg>/api</arg>
<doc>Sends a GET request on a previously created HTTP Session.</doc>
<status status="PASS" start="2024-04-01T20:15:25.161755" elapsed="0.113563"/>
</kw>
<kw name="Set Variable" owner="BuiltIn">
<msg time="2024-04-01T20:15:25.276402" level="INFO">${json_data} = {'results': [{'gender': 'male', 'name': {'title': 'Mr', 'first': 'Dušan', 'last': 'Preković'}, 'location': {'street': {'number': 8025, 'name': 'Pijaca Železnik'}, 'city': 'Negotin', 'state': 'Jablanic...</msg>
<var>${json_data}</var>
<arg>${response.json()}</arg>
<doc>Returns the given values which can then be assigned to a variables.</doc>
<status status="PASS" start="2024-04-01T20:15:25.275871" elapsed="0.000563"/>
</kw>
<kw name="Set Variable" owner="BuiltIn">
<msg time="2024-04-01T20:15:25.277131" level="INFO">${name_title} = Mr</msg>
<var>${name_title}</var>
<arg>${json_data["results"][0]["name"]["title"]}</arg>
<doc>Returns the given values which can then be assigned to a variables.</doc>
<status status="PASS" start="2024-04-01T20:15:25.276743" elapsed="0.000413"/>
</kw>
<kw name="Create List" owner="BuiltIn">
<msg time="2024-04-01T20:15:25.277651" level="INFO">${allowed_titles} = ['Mr', 'Ms', 'Miss', 'Mrs', 'Madame', 'Monsieur']</msg>
<var>${allowed_titles}</var>
<arg>Mr</arg>
<arg>Ms</arg>
<arg>Miss</arg>
<arg>Mrs</arg>
<arg>Madame</arg>
<arg>Monsieur</arg>
<doc>Returns a list containing given items.</doc>
<status status="PASS" start="2024-04-01T20:15:25.277500" elapsed="0.000176"/>
</kw>
<kw name="List Should Contain Value" owner="Collections">
<msg time="2024-04-01T20:15:25.278158" level="INFO">False</msg>
<arg>${allowed_titles}</arg>
<arg>${name_title}</arg>
<doc>Fails if the ``value`` is not found from ``list``.</doc>
<status status="PASS" start="2024-04-01T20:15:25.277983" elapsed="0.000212"/>
</kw>
<kw name="Set Variable" owner="BuiltIn">
<msg time="2024-04-01T20:15:25.278866" level="INFO">${name_country} = RS</msg>
<var>${name_country}</var>
<arg>${json_data["results"][0]["nat"]}</arg>
<doc>Returns the given values which can then be assigned to a variables.</doc>
<status status="PASS" start="2024-04-01T20:15:25.278493" elapsed="0.000398"/>
</kw>
<kw name="Create List" owner="BuiltIn">
<msg time="2024-04-01T20:15:25.279800" level="INFO">${list_country} = ['AD', 'AE', 'AF', 'AG', 'AI', 'AL', 'AM', 'AO', 'AQ', 'AR', 'AS', 'AT', 'AU', 'AW', 'AX', 'AZ', 'BA', 'BB', 'BD', 'BE', 'BF', 'BG', 'BH', 'BI', 'BJ', 'BL', 'BM', 'BN', 'BO', 'BQ', 'BR', 'BS', 'BT', '...</msg>
<var>${list_country}</var>
<arg>AD</arg>
<arg>AE</arg>
<arg>AF</arg>
<arg>AG</arg>
<arg>AI</arg>
<arg>AL</arg>
<arg>AM</arg>
<arg>AO</arg>
<arg>AQ</arg>
<arg>AR</arg>
<arg>AS</arg>
<arg>AT</arg>
<arg>AU</arg>
<arg>AW</arg>
<arg>AX</arg>
<arg>AZ</arg>
<arg>BA</arg>
<arg>BB</arg>
<arg>BD</arg>
<arg>BE</arg>
<arg>BF</arg>
<arg>BG</arg>
<arg>BH</arg>
<arg>BI</arg>
<arg>BJ</arg>
<arg>BL</arg>
<arg>BM</arg>
<arg>BN</arg>
<arg>BO</arg>
<arg>BQ</arg>
<arg>BR</arg>
<arg>BS</arg>
<arg>BT</arg>
<arg>BV</arg>
<arg>BW</arg>
<arg>BY</arg>
<arg>BZ</arg>
<arg>CA</arg>
<arg>CC</arg>
<arg>CD</arg>
<arg>CF</arg>
<arg>CG</arg>
<arg>CH</arg>
<arg>CI</arg>
<arg>CK</arg>
<arg>CL</arg>
<arg>CM</arg>
<arg>CN</arg>
<arg>CO</arg>
<arg>CR</arg>
<arg>CU</arg>
<arg>CV</arg>
<arg>CW</arg>
<arg>CX</arg>
<arg>CY</arg>
<arg>CZ</arg>
<arg>DE</arg>
<arg>DJ</arg>
<arg>DK</arg>
<arg>DM</arg>
<arg>DO</arg>
<arg>DZ</arg>
<arg>EC</arg>
<arg>EE</arg>
<arg>EG</arg>
<arg>EH</arg>
<arg>ER</arg>
<arg>ES</arg>
<arg>ET</arg>
<arg>FI</arg>
<arg>FJ</arg>
<arg>FK</arg>
<arg>FM</arg>
<arg>FO</arg>
<arg>FR</arg>
<arg>GA</arg>
<arg>GB</arg>
<arg>GD</arg>
<arg>GE</arg>
<arg>GF</arg>
<arg>GG</arg>
<arg>GH</arg>
<arg>GI</arg>
<arg>GL</arg>
<arg>GM</arg>
<arg>GN</arg>
<arg>GP</arg>
<arg>GQ</arg>
<arg>GR</arg>
<arg>GS</arg>
<arg>GT</arg>
<arg>GU</arg>
<arg>GW</arg>
<arg>GY</arg>
<arg>HK</arg>
<arg>HM</arg>
<arg>HN</arg>
<arg>HR</arg>
<arg>HT</arg>
<arg>HU</arg>
<arg>ID</arg>
<arg>IE</arg>
<arg>IL</arg>
<arg>IM</arg>
<arg>IN</arg>
<arg>IO</arg>
<arg>IQ</arg>
<arg>IR</arg>
<arg>IS</arg>
<arg>IT</arg>
<arg>JE</arg>
<arg>JM</arg>
<arg>JO</arg>
<arg>JP</arg>
<arg>KE</arg>
<arg>KG</arg>
<arg>KH</arg>
<arg>KI</arg>
<arg>KM</arg>
<arg>KN</arg>
<arg>KP</arg>
<arg>KR</arg>
<arg>KW</arg>
<arg>KY</arg>
<arg>KZ</arg>
<arg>LA</arg>
<arg>LB</arg>
<arg>LC</arg>
<arg>LI</arg>
<arg>LK</arg>
<arg>LR</arg>
<arg>LS</arg>
<arg>LT</arg>
<arg>LU</arg>
<arg>LV</arg>
<arg>LY</arg>
<arg>MA</arg>
<arg>MC</arg>
<arg>MD</arg>
<arg>ME</arg>
<arg>MF</arg>
<arg>MG</arg>
<arg>MH</arg>
<arg>MK</arg>
<arg>ML</arg>
<arg>MM</arg>
<arg>MN</arg>
<arg>MO</arg>
<arg>MP</arg>
<arg>MQ</arg>
<arg>MR</arg>
<arg>MS</arg>
<arg>MT</arg>
<arg>MU</arg>
<arg>MV</arg>
<arg>MW</arg>
<arg>MX</arg>
<arg>MY</arg>
<arg>MZ</arg>
<arg>NA</arg>
<arg>NC</arg>
<arg>NE</arg>
<arg>NF</arg>
<arg>NG</arg>
<arg>NI</arg>
<arg>NL</arg>
<arg>NO</arg>
<arg>NP</arg>
<arg>NR</arg>
<arg>NU</arg>
<arg>NZ</arg>
<arg>OM</arg>
<arg>PA</arg>
<arg>PE</arg>
<arg>PF</arg>
<arg>PG</arg>
<arg>PH</arg>
<arg>PK</arg>
<arg>PL</arg>
<arg>PM</arg>
<arg>PN</arg>
<arg>PR</arg>
<arg>PS</arg>
<arg>PT</arg>
<arg>PW</arg>
<arg>PY</arg>
<arg>QA</arg>
<arg>RE</arg>
<arg>RO</arg>
<arg>RS</arg>
<arg>RU</arg>
<arg>RW</arg>
<arg>SA</arg>
<arg>SB</arg>
<arg>SC</arg>
<arg>SD</arg>
<arg>SE</arg>
<arg>SG</arg>
<arg>SH</arg>
<arg>SI</arg>
<arg>SJ</arg>
<arg>SK</arg>
<arg>SL</arg>
<arg>SM</arg>
<arg>SN</arg>
<arg>SO</arg>
<arg>SR</arg>
<arg>SS</arg>
<arg>ST</arg>
<arg>SV</arg>
<arg>SX</arg>
<arg>SY</arg>
<arg>SZ</arg>
<arg>TC</arg>
<arg>TD</arg>
<arg>TF</arg>
<arg>TG</arg>
<arg>TH</arg>
<arg>TJ</arg>
<arg>TK</arg>
<arg>TL</arg>
<arg>TM</arg>
<arg>TN</arg>
<arg>TO</arg>
<arg>TR</arg>
<arg>TT</arg>
<arg>TV</arg>
<arg>TW</arg>
<arg>TZ</arg>
<arg>UA</arg>
<arg>UG</arg>
<arg>UM</arg>
<arg>US</arg>
<arg>UY</arg>
<arg>UZ</arg>
<arg>VA</arg>
<arg>VC</arg>
<arg>VE</arg>
<arg>VG</arg>
<arg>VI</arg>
<arg>VN</arg>
<arg>VU</arg>
<arg>WF</arg>
<arg>WS</arg>
<arg>XK</arg>
<arg>YE</arg>
<arg>YT</arg>
<arg>ZA</arg>
<arg>ZM</arg>
<arg>ZW</arg>
<doc>Returns a list containing given items.</doc>
<status status="PASS" start="2024-04-01T20:15:25.279200" elapsed="0.000626"/>
</kw>
<kw name="List Should Contain Value" owner="Collections">
<msg time="2024-04-01T20:15:25.280951" level="INFO">False</msg>
<arg>${list_country}</arg>
<arg>${name_country}</arg>
<doc>Fails if the ``value`` is not found from ``list``.</doc>
<status status="PASS" start="2024-04-01T20:15:25.280745" elapsed="0.000244"/>
</kw>
<kw name="Run Keyword If" owner="BuiltIn">
<kw name="Should Be True" owner="BuiltIn">
<arg>${True}</arg>
<doc>Fails if the given condition is not true.</doc>
<status status="PASS" start="2024-04-01T20:15:25.282106" elapsed="0.000147"/>
</kw>
<arg>${json_data["results"][0]["location"]["coordinates"]["latitude"]} &gt;= -90 and ${json_data["results"][0]["location"]["coordinates"]["latitude"]} &lt;= 90</arg>
<arg>Should Be True</arg>
<arg>${True}</arg>
<doc>Runs the given keyword with the given arguments, if ``condition`` is true.</doc>
<status status="PASS" start="2024-04-01T20:15:25.281333" elapsed="0.001047"/>
</kw>
<kw name="Run Keyword If" owner="BuiltIn">
<kw name="Should Be True" owner="BuiltIn">
<arg>${True}</arg>
<doc>Fails if the given condition is not true.</doc>
<status status="PASS" start="2024-04-01T20:15:25.283275" elapsed="0.000142"/>
</kw>
<arg>${json_data["results"][0]["location"]["coordinates"]["longitude"]} &gt;= -180 and ${json_data["results"][0]["location"]["coordinates"]["longitude"]} &lt;= 180</arg>
<arg>Should Be True</arg>
<arg>${True}</arg>
<doc>Runs the given keyword with the given arguments, if ``condition`` is true.</doc>
<status status="PASS" start="2024-04-01T20:15:25.282567" elapsed="0.000974"/>
</kw>
<status status="PASS" start="2024-04-01T20:15:25.161363" elapsed="0.122311"/>
</kw>
<doc>Testa o conteúdo específico dos campos retornados pela API.</doc>
<tag>testeConteudo</tag>
<status status="PASS" start="2024-04-01T20:15:25.160661" elapsed="0.123171"/>
</test>
<status status="PASS" start="2024-04-01T20:15:24.243761" elapsed="1.042002"/>
</suite>
<status status="PASS" start="2024-04-01T20:15:24.229880" elapsed="1.061200"/>
</suite>
<statistics>
<total>
<stat pass="5" fail="0" skip="0">All Tests</stat>
</total>
<tag>
<stat pass="1" fail="0" skip="0">testeConteudo</stat>
<stat pass="1" fail="0" skip="0">testeEstruturaResposta</stat>
<stat pass="1" fail="0" skip="0">testeRequisicaoBasica</stat>
<stat pass="1" fail="0" skip="0">testeTiposDados</stat>
</tag>
<suite>
<stat pass="5" fail="0" skip="0" id="s1" name="Tests">Tests</stat>
<stat pass="5" fail="0" skip="0" id="s1-s1" name="Random-User-Test">Tests.Random-User-Test</stat>
</suite>
</statistics>
<errors>
</errors>
</robot>
