<?xml version="1.0" encoding="UTF-8"?>
<robot generator="Robot 7.0.1 (Python 3.12.4 on linux)" generated="2024-07-22T07:15:07.503839" rpa="false" schemaversion="5">
<suite id="s1" name="Tests" source="/home/runner/work/ApiRandomUser/ApiRandomUser/RamdonUser/tests">
<suite id="s1-s1" name="Random-User-Test" source="/home/runner/work/ApiRandomUser/ApiRandomUser/RamdonUser/tests/random-user-test.robot">
<test id="s1-s1-t1" name="Conectar" line="13">
<kw name="Conectar API" owner="random-user-service">
<kw name="Create Session" owner="RequestsLibrary">
<msg time="2024-07-22T07:15:07.924421" level="INFO">Creating Session using : alias=consultarAPI, url=https://randomuser.me/, headers={},                     cookies={}, auth=None, timeout=None, proxies=None, verify=False,                     debug=0 </msg>
<arg>consultarAPI</arg>
<arg>${URL}</arg>
<doc>Create Session: create a HTTP session to a server</doc>
<status status="PASS" start="2024-07-22T07:15:07.924223" elapsed="0.000378"/>
</kw>
<status status="PASS" start="2024-07-22T07:15:07.923194" elapsed="0.001764"/>
</kw>
<status status="PASS" start="2024-07-22T07:15:07.922636" elapsed="0.002516"/>
</test>
<test id="s1-s1-t2" name="Validar retorno 200 e JSON Válido" line="16">
<kw name="Teste de Requisicao Basica" owner="random-user-service">
<kw name="GET On Session" owner="RequestsLibrary">
<msg time="2024-07-22T07:15:08.162267" level="INFO">GET Request : url=https://randomuser.me/api 
 path_url=/api 
 headers={'User-Agent': 'python-requests/2.32.3', 'Accept-Encoding': 'gzip, deflate', 'Accept': '*/*', 'Connection': 'keep-alive'} 
 body=None 
 </msg>
<msg time="2024-07-22T07:15:08.162417" level="INFO">GET Response : url=https://randomuser.me/api 
 status=200, reason=OK 
 headers={'Date': 'Mon, 22 Jul 2024 07:15:08 GMT', 'Content-Type': 'application/json; charset=utf-8', 'Transfer-Encoding': 'chunked', 'Connection': 'keep-alive', 'X-Powered-By': 'Express', 'Access-Control-Allow-Origin': '*', 'Cache-Control': 'no-cache', 'ETag': 'W/"49f-C4bzuhr3MbP3F0qMoiAjX/2jqyo"', 'Vary': 'Accept-Encoding', 'Content-Encoding': 'gzip', 'CF-Cache-Status': 'DYNAMIC', 'Report-To': '{"endpoints":[{"url":"https:\\/\\/a.nel.cloudflare.com\\/report\\/v4?s=BOKqhRV0j87xj3jamUiZ9D2ctavSnZVX6NQjitNQ5bL1kLpcaSrh6xj0bX5r34J98RzjFJuTTEsbsK8NRfRwMPlMpf9eEf%2BUdW%2F%2B48Zkw%2BP9i4UahfgVu7NreFWzpKig"}],"group":"cf-nel","max_age":604800}', 'NEL': '{"success_fraction":0,"report_to":"cf-nel","max_age":604800}', 'Server': 'cloudflare', 'CF-RAY': '8a71a347ca6b3afa-IAD', 'alt-svc': 'h3=":443"; ma=86400'} 
 body={"results":[{"gender":"female","name":{"title":"Ms","first":"Irma","last":"Hudson"},"location":{"street":{"number":8972,"name":"W Sherman Dr"},"city":"Tamworth","state":"New South Wales","country":"Australia","postcode":6372,"coordinates":{"latitude":"-85.1708","longitude":"132.6897"},"timezone":{"offset":"+5:00","description":"Ekaterinburg, Islamabad, Karachi, Tashkent"}},"email":"irma.hudson@example.com","login":{"uuid":"66bbeed3-7ade-42ee-a741-13f727811302","username":"bigbutterfly303","password":"cyborg","salt":"O24h34OD","md5":"f5c39cdabab3fe23dadbccf0571d8a9d","sha1":"4c1120b8d77a1bad25f4aa853ce5c4315a8d46d9","sha256":"310215aa72495e1a349fd3cdbb9d93c399274412fb88d4b4c605f2e346688faa"},"dob":{"date":"2001-04-21T04:59:47.273Z","age":23},"registered":{"date":"2011-05-31T12:58:27.719Z","age":13},"phone":"04-5002-0124","cell":"0455-827-334","id":{"name":"TFN","value":"990053624"},"picture":{"large":"https://randomuser.me/api/portraits/women/17.jpg","medium":"https://randomuser.me/api/portraits/med/women/17.jpg","thumbnail":"https://randomuser.me/api/portraits/thumb/women/17.jpg"},"nat":"AU"}],"info":{"seed":"ef7375915b51fc82","results":1,"page":1,"version":"1.4"}} 
 </msg>
<msg time="2024-07-22T07:15:08.162501" level="INFO">/opt/hostedtoolcache/Python/3.12.4/x64/lib/python3.12/site-packages/urllib3/connectionpool.py:1099: InsecureRequestWarning: Unverified HTTPS request is being made to host 'randomuser.me'. Adding certificate verification is strongly advised. See: https://urllib3.readthedocs.io/en/latest/advanced-usage.html#tls-warnings
  warnings.warn(</msg>
<msg time="2024-07-22T07:15:08.162641" level="INFO">${response} = &lt;Response [200]&gt;</msg>
<var>${response}</var>
<arg>consultarAPI</arg>
<arg>/api</arg>
<doc>Sends a GET request on a previously created HTTP Session.</doc>
<status status="PASS" start="2024-07-22T07:15:07.927818" elapsed="0.234866"/>
</kw>
<kw name="Should Be Equal As Numbers" owner="BuiltIn">
<msg time="2024-07-22T07:15:08.163851" level="INFO">Argument types are:
&lt;class 'int'&gt;
&lt;class 'str'&gt;</msg>
<arg>${response.status_code}</arg>
<arg>200</arg>
<doc>Fails if objects are unequal after converting them to real numbers.</doc>
<status status="PASS" start="2024-07-22T07:15:08.163334" elapsed="0.000585"/>
</kw>
<kw name="Log" owner="BuiltIn">
<msg time="2024-07-22T07:15:08.164631" level="INFO">200</msg>
<arg>${response.status_code}</arg>
<doc>Logs the given message with the given level.</doc>
<status status="PASS" start="2024-07-22T07:15:08.164266" elapsed="0.000410"/>
</kw>
<kw name="Set Variable" owner="BuiltIn">
<msg time="2024-07-22T07:15:08.165431" level="INFO">${json_data} = {'results': [{'gender': 'female', 'name': {'title': 'Ms', 'first': 'Irma', 'last': 'Hudson'}, 'location': {'street': {'number': 8972, 'name': 'W Sherman Dr'}, 'city': 'Tamworth', 'state': 'New South W...</msg>
<var>${json_data}</var>
<arg>${response.json()}</arg>
<doc>Returns the given values which can then be assigned to a variables.</doc>
<status status="PASS" start="2024-07-22T07:15:08.164988" elapsed="0.000472"/>
</kw>
<kw name="Dictionary Should Contain Key" owner="Collections">
<arg>${json_data}</arg>
<arg>results</arg>
<doc>Fails if ``key`` is not found from ``dictionary``.</doc>
<status status="PASS" start="2024-07-22T07:15:08.165776" elapsed="0.000377"/>
</kw>
<status status="PASS" start="2024-07-22T07:15:07.927567" elapsed="0.238751"/>
</kw>
<doc>Testa se a API responde corretamente e retorna um objeto JSON válido.</doc>
<tag>testeRequisicaoBasica</tag>
<status status="PASS" start="2024-07-22T07:15:07.927084" elapsed="0.239413"/>
</test>
<test id="s1-s1-t3" name="Validar estrutura de resposta" line="22">
<kw name="Teste de Estrutura de Resposta" owner="random-user-service">
<kw name="GET On Session" owner="RequestsLibrary">
<msg time="2024-07-22T07:15:08.261052" level="INFO">GET Request : url=https://randomuser.me/api 
 path_url=/api 
 headers={'User-Agent': 'python-requests/2.32.3', 'Accept-Encoding': 'gzip, deflate', 'Accept': '*/*', 'Connection': 'keep-alive'} 
 body=None 
 </msg>
<msg time="2024-07-22T07:15:08.261146" level="INFO">GET Response : url=https://randomuser.me/api 
 status=200, reason=OK 
 headers={'Date': 'Mon, 22 Jul 2024 07:15:08 GMT', 'Content-Type': 'application/json; charset=utf-8', 'Transfer-Encoding': 'chunked', 'Connection': 'keep-alive', 'X-Powered-By': 'Express', 'Access-Control-Allow-Origin': '*', 'Cache-Control': 'no-cache', 'ETag': 'W/"48c-XZ4mtxEh9Z+CtgoSuih0nsRwhUY"', 'Vary': 'Accept-Encoding', 'Content-Encoding': 'gzip', 'CF-Cache-Status': 'DYNAMIC', 'Report-To': '{"endpoints":[{"url":"https:\\/\\/a.nel.cloudflare.com\\/report\\/v4?s=mfpp4OPAwGKbUVG2p2mSMxck2vRgUMwbb0XWwhrENa038%2Bj7MUTpjiTsE%2FoNX9sLksHuykpwfI0SaX5yb45sffW6griDwZNhbltHdyPVboiBTNEShzQv5lDp%2BM8%2FHKnN"}],"group":"cf-nel","max_age":604800}', 'NEL': '{"success_fraction":0,"report_to":"cf-nel","max_age":604800}', 'Server': 'cloudflare', 'CF-RAY': '8a71a3481aa83afa-IAD', 'alt-svc': 'h3=":443"; ma=86400'} 
 body={"results":[{"gender":"female","name":{"title":"Miss","first":"Roksana","last":"Iemec"},"location":{"street":{"number":395,"name":"Rodimceva"},"city":"Mospine","state":"Ternopilska","country":"Ukraine","postcode":53050,"coordinates":{"latitude":"77.8866","longitude":"36.5126"},"timezone":{"offset":"+10:00","description":"Eastern Australia, Guam, Vladivostok"}},"email":"roksana.iemec@example.com","login":{"uuid":"b45f0c9c-742a-458e-8bbe-624d7aad27b4","username":"tinygorilla236","password":"redhot","salt":"qiOtG6XT","md5":"7819bc839e79b81ad6b6ef0564963f1e","sha1":"23fac7519ed379c2fe4baf912a53ca455a40e7a8","sha256":"6c2f0b50689cdd37e82902be9737613296f25cc48fb62e7cedf909bbefa48afd"},"dob":{"date":"1962-05-06T11:38:39.400Z","age":62},"registered":{"date":"2019-06-23T08:37:47.745Z","age":5},"phone":"(097) Q81-4726","cell":"(098) H39-2078","id":{"name":"","value":null},"picture":{"large":"https://randomuser.me/api/portraits/women/46.jpg","medium":"https://randomuser.me/api/portraits/med/women/46.jpg","thumbnail":"https://randomuser.me/api/portraits/thumb/women/46.jpg"},"nat":"UA"}],"info":{"seed":"0788311f2deff005","results":1,"page":1,"version":"1.4"}} 
 </msg>
<msg time="2024-07-22T07:15:08.261285" level="INFO">/opt/hostedtoolcache/Python/3.12.4/x64/lib/python3.12/site-packages/urllib3/connectionpool.py:1099: InsecureRequestWarning: Unverified HTTPS request is being made to host 'randomuser.me'. Adding certificate verification is strongly advised. See: https://urllib3.readthedocs.io/en/latest/advanced-usage.html#tls-warnings
  warnings.warn(</msg>
<msg time="2024-07-22T07:15:08.261407" level="INFO">${response} = &lt;Response [200]&gt;</msg>
<var>${response}</var>
<arg>consultarAPI</arg>
<arg>/api</arg>
<doc>Sends a GET request on a previously created HTTP Session.</doc>
<status status="PASS" start="2024-07-22T07:15:08.169312" elapsed="0.092136"/>
</kw>
<kw name="Set Variable" owner="BuiltIn">
<msg time="2024-07-22T07:15:08.262595" level="INFO">${json_data} = {'results': [{'gender': 'female', 'name': {'title': 'Miss', 'first': 'Roksana', 'last': 'Iemec'}, 'location': {'street': {'number': 395, 'name': 'Rodimceva'}, 'city': 'Mospine', 'state': 'Ternopilska'...</msg>
<var>${json_data}</var>
<arg>${response.json()}</arg>
<doc>Returns the given values which can then be assigned to a variables.</doc>
<status status="PASS" start="2024-07-22T07:15:08.261968" elapsed="0.000657"/>
</kw>
<kw name="Log" owner="BuiltIn">
<msg time="2024-07-22T07:15:08.263113" level="INFO">{'results': [{'gender': 'female', 'name': {'title': 'Miss', 'first': 'Roksana', 'last': 'Iemec'}, 'location': {'street': {'number': 395, 'name': 'Rodimceva'}, 'city': 'Mospine', 'state': 'Ternopilska', 'country': 'Ukraine', 'postcode': 53050, 'coordinates': {'latitude': '77.8866', 'longitude': '36.5126'}, 'timezone': {'offset': '+10:00', 'description': 'Eastern Australia, Guam, Vladivostok'}}, 'email': 'roksana.iemec@example.com', 'login': {'uuid': 'b45f0c9c-742a-458e-8bbe-624d7aad27b4', 'username': 'tinygorilla236', 'password': 'redhot', 'salt': 'qiOtG6XT', 'md5': '7819bc839e79b81ad6b6ef0564963f1e', 'sha1': '23fac7519ed379c2fe4baf912a53ca455a40e7a8', 'sha256': '6c2f0b50689cdd37e82902be9737613296f25cc48fb62e7cedf909bbefa48afd'}, 'dob': {'date': '1962-05-06T11:38:39.400Z', 'age': 62}, 'registered': {'date': '2019-06-23T08:37:47.745Z', 'age': 5}, 'phone': '(097) Q81-4726', 'cell': '(098) H39-2078', 'id': {'name': '', 'value': None}, 'picture': {'large': 'https://randomuser.me/api/portraits/women/46.jpg', 'medium': 'https://randomuser.me/api/portraits/med/women/46.jpg', 'thumbnail': 'https://randomuser.me/api/portraits/thumb/women/46.jpg'}, 'nat': 'UA'}], 'info': {'seed': '0788311f2deff005', 'results': 1, 'page': 1, 'version': '1.4'}}</msg>
<arg>${json_data}</arg>
<doc>Logs the given message with the given level.</doc>
<status status="PASS" start="2024-07-22T07:15:08.262947" elapsed="0.000217"/>
</kw>
<kw name="Dictionary Should Contain Key" owner="Collections">
<arg>${json_data}</arg>
<arg>results</arg>
<doc>Fails if ``key`` is not found from ``dictionary``.</doc>
<status status="PASS" start="2024-07-22T07:15:08.263460" elapsed="0.000164"/>
</kw>
<kw name="Should Not Be Empty" owner="BuiltIn">
<msg time="2024-07-22T07:15:08.263933" level="INFO">Length is 2.</msg>
<arg>${json_data}</arg>
<doc>Verifies that the given item is not empty.</doc>
<status status="PASS" start="2024-07-22T07:15:08.263809" elapsed="0.000163"/>
</kw>
<kw name="Create List" owner="BuiltIn">
<msg time="2024-07-22T07:15:08.264419" level="INFO">${expected_keys} = ['gender', 'name', 'location', 'email', 'login']</msg>
<var>${expected_keys}</var>
<arg>gender</arg>
<arg>name</arg>
<arg>location</arg>
<arg>email</arg>
<arg>login</arg>
<doc>Returns a list containing given items.</doc>
<status status="PASS" start="2024-07-22T07:15:08.264268" elapsed="0.000176"/>
</kw>
<for flavor="IN">
<iter>
<kw name="Dictionary Should Contain Key" owner="Collections">
<arg>${json_data['results'][0]}</arg>
<arg>${key}</arg>
<doc>Fails if ``key`` is not found from ``dictionary``.</doc>
<status status="PASS" start="2024-07-22T07:15:08.265029" elapsed="0.000413"/>
</kw>
<kw name="Log" owner="BuiltIn">
<msg time="2024-07-22T07:15:08.266007" level="INFO">{'gender': 'female', 'name': {'title': 'Miss', 'first': 'Roksana', 'last': 'Iemec'}, 'location': {'street': {'number': 395, 'name': 'Rodimceva'}, 'city': 'Mospine', 'state': 'Ternopilska', 'country': 'Ukraine', 'postcode': 53050, 'coordinates': {'latitude': '77.8866', 'longitude': '36.5126'}, 'timezone': {'offset': '+10:00', 'description': 'Eastern Australia, Guam, Vladivostok'}}, 'email': 'roksana.iemec@example.com', 'login': {'uuid': 'b45f0c9c-742a-458e-8bbe-624d7aad27b4', 'username': 'tinygorilla236', 'password': 'redhot', 'salt': 'qiOtG6XT', 'md5': '7819bc839e79b81ad6b6ef0564963f1e', 'sha1': '23fac7519ed379c2fe4baf912a53ca455a40e7a8', 'sha256': '6c2f0b50689cdd37e82902be9737613296f25cc48fb62e7cedf909bbefa48afd'}, 'dob': {'date': '1962-05-06T11:38:39.400Z', 'age': 62}, 'registered': {'date': '2019-06-23T08:37:47.745Z', 'age': 5}, 'phone': '(097) Q81-4726', 'cell': '(098) H39-2078', 'id': {'name': '', 'value': None}, 'picture': {'large': 'https://randomuser.me/api/portraits/women/46.jpg', 'medium': 'https://randomuser.me/api/portraits/med/women/46.jpg', 'thumbnail': 'https://randomuser.me/api/portraits/thumb/women/46.jpg'}, 'nat': 'UA'}</msg>
<arg>${json_data['results'][0]}</arg>
<doc>Logs the given message with the given level.</doc>
<status status="PASS" start="2024-07-22T07:15:08.265627" elapsed="0.000435"/>
</kw>
<kw name="Log" owner="BuiltIn">
<msg time="2024-07-22T07:15:08.266497" level="INFO">gender</msg>
<arg>${key}</arg>
<doc>Logs the given message with the given level.</doc>
<status status="PASS" start="2024-07-22T07:15:08.266366" elapsed="0.000171"/>
</kw>
<var name="${key}">gender</var>
<status status="PASS" start="2024-07-22T07:15:08.264902" elapsed="0.001852"/>
</iter>
<iter>
<kw name="Dictionary Should Contain Key" owner="Collections">
<arg>${json_data['results'][0]}</arg>
<arg>${key}</arg>
<doc>Fails if ``key`` is not found from ``dictionary``.</doc>
<status status="PASS" start="2024-07-22T07:15:08.267051" elapsed="0.000388"/>
</kw>
<kw name="Log" owner="BuiltIn">
<msg time="2024-07-22T07:15:08.267979" level="INFO">{'gender': 'female', 'name': {'title': 'Miss', 'first': 'Roksana', 'last': 'Iemec'}, 'location': {'street': {'number': 395, 'name': 'Rodimceva'}, 'city': 'Mospine', 'state': 'Ternopilska', 'country': 'Ukraine', 'postcode': 53050, 'coordinates': {'latitude': '77.8866', 'longitude': '36.5126'}, 'timezone': {'offset': '+10:00', 'description': 'Eastern Australia, Guam, Vladivostok'}}, 'email': 'roksana.iemec@example.com', 'login': {'uuid': 'b45f0c9c-742a-458e-8bbe-624d7aad27b4', 'username': 'tinygorilla236', 'password': 'redhot', 'salt': 'qiOtG6XT', 'md5': '7819bc839e79b81ad6b6ef0564963f1e', 'sha1': '23fac7519ed379c2fe4baf912a53ca455a40e7a8', 'sha256': '6c2f0b50689cdd37e82902be9737613296f25cc48fb62e7cedf909bbefa48afd'}, 'dob': {'date': '1962-05-06T11:38:39.400Z', 'age': 62}, 'registered': {'date': '2019-06-23T08:37:47.745Z', 'age': 5}, 'phone': '(097) Q81-4726', 'cell': '(098) H39-2078', 'id': {'name': '', 'value': None}, 'picture': {'large': 'https://randomuser.me/api/portraits/women/46.jpg', 'medium': 'https://randomuser.me/api/portraits/med/women/46.jpg', 'thumbnail': 'https://randomuser.me/api/portraits/thumb/women/46.jpg'}, 'nat': 'UA'}</msg>
<arg>${json_data['results'][0]}</arg>
<doc>Logs the given message with the given level.</doc>
<status status="PASS" start="2024-07-22T07:15:08.267622" elapsed="0.000439"/>
</kw>
<kw name="Log" owner="BuiltIn">
<msg time="2024-07-22T07:15:08.268487" level="INFO">name</msg>
<arg>${key}</arg>
<doc>Logs the given message with the given level.</doc>
<status status="PASS" start="2024-07-22T07:15:08.268359" elapsed="0.000166"/>
</kw>
<var name="${key}">name</var>
<status status="PASS" start="2024-07-22T07:15:08.266938" elapsed="0.001805"/>
</iter>
<iter>
<kw name="Dictionary Should Contain Key" owner="Collections">
<arg>${json_data['results'][0]}</arg>
<arg>${key}</arg>
<doc>Fails if ``key`` is not found from ``dictionary``.</doc>
<status status="PASS" start="2024-07-22T07:15:08.269024" elapsed="0.000377"/>
</kw>
<kw name="Log" owner="BuiltIn">
<msg time="2024-07-22T07:15:08.269944" level="INFO">{'gender': 'female', 'name': {'title': 'Miss', 'first': 'Roksana', 'last': 'Iemec'}, 'location': {'street': {'number': 395, 'name': 'Rodimceva'}, 'city': 'Mospine', 'state': 'Ternopilska', 'country': 'Ukraine', 'postcode': 53050, 'coordinates': {'latitude': '77.8866', 'longitude': '36.5126'}, 'timezone': {'offset': '+10:00', 'description': 'Eastern Australia, Guam, Vladivostok'}}, 'email': 'roksana.iemec@example.com', 'login': {'uuid': 'b45f0c9c-742a-458e-8bbe-624d7aad27b4', 'username': 'tinygorilla236', 'password': 'redhot', 'salt': 'qiOtG6XT', 'md5': '7819bc839e79b81ad6b6ef0564963f1e', 'sha1': '23fac7519ed379c2fe4baf912a53ca455a40e7a8', 'sha256': '6c2f0b50689cdd37e82902be9737613296f25cc48fb62e7cedf909bbefa48afd'}, 'dob': {'date': '1962-05-06T11:38:39.400Z', 'age': 62}, 'registered': {'date': '2019-06-23T08:37:47.745Z', 'age': 5}, 'phone': '(097) Q81-4726', 'cell': '(098) H39-2078', 'id': {'name': '', 'value': None}, 'picture': {'large': 'https://randomuser.me/api/portraits/women/46.jpg', 'medium': 'https://randomuser.me/api/portraits/med/women/46.jpg', 'thumbnail': 'https://randomuser.me/api/portraits/thumb/women/46.jpg'}, 'nat': 'UA'}</msg>
<arg>${json_data['results'][0]}</arg>
<doc>Logs the given message with the given level.</doc>
<status status="PASS" start="2024-07-22T07:15:08.269587" elapsed="0.000426"/>
</kw>
<kw name="Log" owner="BuiltIn">
<msg time="2024-07-22T07:15:08.270444" level="INFO">location</msg>
<arg>${key}</arg>
<doc>Logs the given message with the given level.</doc>
<status status="PASS" start="2024-07-22T07:15:08.270316" elapsed="0.000165"/>
</kw>
<var name="${key}">location</var>
<status status="PASS" start="2024-07-22T07:15:08.268917" elapsed="0.001783"/>
</iter>
<iter>
<kw name="Dictionary Should Contain Key" owner="Collections">
<arg>${json_data['results'][0]}</arg>
<arg>${key}</arg>
<doc>Fails if ``key`` is not found from ``dictionary``.</doc>
<status status="PASS" start="2024-07-22T07:15:08.270979" elapsed="0.000379"/>
</kw>
<kw name="Log" owner="BuiltIn">
<msg time="2024-07-22T07:15:08.272015" level="INFO">{'gender': 'female', 'name': {'title': 'Miss', 'first': 'Roksana', 'last': 'Iemec'}, 'location': {'street': {'number': 395, 'name': 'Rodimceva'}, 'city': 'Mospine', 'state': 'Ternopilska', 'country': 'Ukraine', 'postcode': 53050, 'coordinates': {'latitude': '77.8866', 'longitude': '36.5126'}, 'timezone': {'offset': '+10:00', 'description': 'Eastern Australia, Guam, Vladivostok'}}, 'email': 'roksana.iemec@example.com', 'login': {'uuid': 'b45f0c9c-742a-458e-8bbe-624d7aad27b4', 'username': 'tinygorilla236', 'password': 'redhot', 'salt': 'qiOtG6XT', 'md5': '7819bc839e79b81ad6b6ef0564963f1e', 'sha1': '23fac7519ed379c2fe4baf912a53ca455a40e7a8', 'sha256': '6c2f0b50689cdd37e82902be9737613296f25cc48fb62e7cedf909bbefa48afd'}, 'dob': {'date': '1962-05-06T11:38:39.400Z', 'age': 62}, 'registered': {'date': '2019-06-23T08:37:47.745Z', 'age': 5}, 'phone': '(097) Q81-4726', 'cell': '(098) H39-2078', 'id': {'name': '', 'value': None}, 'picture': {'large': 'https://randomuser.me/api/portraits/women/46.jpg', 'medium': 'https://randomuser.me/api/portraits/med/women/46.jpg', 'thumbnail': 'https://randomuser.me/api/portraits/thumb/women/46.jpg'}, 'nat': 'UA'}</msg>
<arg>${json_data['results'][0]}</arg>
<doc>Logs the given message with the given level.</doc>
<status status="PASS" start="2024-07-22T07:15:08.271659" elapsed="0.000413"/>
</kw>
<kw name="Log" owner="BuiltIn">
<msg time="2024-07-22T07:15:08.272491" level="INFO">email</msg>
<arg>${key}</arg>
<doc>Logs the given message with the given level.</doc>
<status status="PASS" start="2024-07-22T07:15:08.272365" elapsed="0.000164"/>
</kw>
<var name="${key}">email</var>
<status status="PASS" start="2024-07-22T07:15:08.270872" elapsed="0.001870"/>
</iter>
<iter>
<kw name="Dictionary Should Contain Key" owner="Collections">
<arg>${json_data['results'][0]}</arg>
<arg>${key}</arg>
<doc>Fails if ``key`` is not found from ``dictionary``.</doc>
<status status="PASS" start="2024-07-22T07:15:08.273022" elapsed="0.000376"/>
</kw>
<kw name="Log" owner="BuiltIn">
<msg time="2024-07-22T07:15:08.273922" level="INFO">{'gender': 'female', 'name': {'title': 'Miss', 'first': 'Roksana', 'last': 'Iemec'}, 'location': {'street': {'number': 395, 'name': 'Rodimceva'}, 'city': 'Mospine', 'state': 'Ternopilska', 'country': 'Ukraine', 'postcode': 53050, 'coordinates': {'latitude': '77.8866', 'longitude': '36.5126'}, 'timezone': {'offset': '+10:00', 'description': 'Eastern Australia, Guam, Vladivostok'}}, 'email': 'roksana.iemec@example.com', 'login': {'uuid': 'b45f0c9c-742a-458e-8bbe-624d7aad27b4', 'username': 'tinygorilla236', 'password': 'redhot', 'salt': 'qiOtG6XT', 'md5': '7819bc839e79b81ad6b6ef0564963f1e', 'sha1': '23fac7519ed379c2fe4baf912a53ca455a40e7a8', 'sha256': '6c2f0b50689cdd37e82902be9737613296f25cc48fb62e7cedf909bbefa48afd'}, 'dob': {'date': '1962-05-06T11:38:39.400Z', 'age': 62}, 'registered': {'date': '2019-06-23T08:37:47.745Z', 'age': 5}, 'phone': '(097) Q81-4726', 'cell': '(098) H39-2078', 'id': {'name': '', 'value': None}, 'picture': {'large': 'https://randomuser.me/api/portraits/women/46.jpg', 'medium': 'https://randomuser.me/api/portraits/med/women/46.jpg', 'thumbnail': 'https://randomuser.me/api/portraits/thumb/women/46.jpg'}, 'nat': 'UA'}</msg>
<arg>${json_data['results'][0]}</arg>
<doc>Logs the given message with the given level.</doc>
<status status="PASS" start="2024-07-22T07:15:08.273578" elapsed="0.000391"/>
</kw>
<kw name="Log" owner="BuiltIn">
<msg time="2024-07-22T07:15:08.274411" level="INFO">login</msg>
<arg>${key}</arg>
<doc>Logs the given message with the given level.</doc>
<status status="PASS" start="2024-07-22T07:15:08.274286" elapsed="0.000162"/>
</kw>
<var name="${key}">login</var>
<status status="PASS" start="2024-07-22T07:15:08.272913" elapsed="0.001745"/>
</iter>
<var>${key}</var>
<value>@{expected_keys}</value>
<status status="PASS" start="2024-07-22T07:15:08.264708" elapsed="0.010068"/>
</for>
<kw name="Create List" owner="BuiltIn">
<msg time="2024-07-22T07:15:08.275096" level="INFO">${expected_keysTwo} = ['username', 'password']</msg>
<var>${expected_keysTwo}</var>
<arg>username</arg>
<arg>password</arg>
<doc>Returns a list containing given items.</doc>
<status status="PASS" start="2024-07-22T07:15:08.274965" elapsed="0.000184"/>
</kw>
<for flavor="IN">
<iter>
<kw name="Dictionary Should Contain Key" owner="Collections">
<arg>${json_data['results'][0]['login']}</arg>
<arg>${keyTwo}</arg>
<doc>Fails if ``key`` is not found from ``dictionary``.</doc>
<status status="PASS" start="2024-07-22T07:15:08.275649" elapsed="0.000386"/>
</kw>
<kw name="Dictionary Should Contain Key" owner="Collections">
<arg>${json_data['results'][0]['login']}</arg>
<arg>${keyTwo}</arg>
<doc>Fails if ``key`` is not found from ``dictionary``.</doc>
<status status="PASS" start="2024-07-22T07:15:08.276219" elapsed="0.000376"/>
</kw>
<kw name="Log" owner="BuiltIn">
<msg time="2024-07-22T07:15:08.276892" level="INFO">username</msg>
<arg>${keyTwo}</arg>
<doc>Logs the given message with the given level.</doc>
<status status="PASS" start="2024-07-22T07:15:08.276773" elapsed="0.000157"/>
</kw>
<var name="${keyTwo}">username</var>
<status status="PASS" start="2024-07-22T07:15:08.275541" elapsed="0.001609"/>
</iter>
<iter>
<kw name="Dictionary Should Contain Key" owner="Collections">
<arg>${json_data['results'][0]['login']}</arg>
<arg>${keyTwo}</arg>
<doc>Fails if ``key`` is not found from ``dictionary``.</doc>
<status status="PASS" start="2024-07-22T07:15:08.277431" elapsed="0.000378"/>
</kw>
<kw name="Dictionary Should Contain Key" owner="Collections">
<arg>${json_data['results'][0]['login']}</arg>
<arg>${keyTwo}</arg>
<doc>Fails if ``key`` is not found from ``dictionary``.</doc>
<status status="PASS" start="2024-07-22T07:15:08.278007" elapsed="0.000373"/>
</kw>
<kw name="Log" owner="BuiltIn">
<msg time="2024-07-22T07:15:08.278680" level="INFO">password</msg>
<arg>${keyTwo}</arg>
<doc>Logs the given message with the given level.</doc>
<status status="PASS" start="2024-07-22T07:15:08.278555" elapsed="0.000162"/>
</kw>
<var name="${keyTwo}">password</var>
<status status="PASS" start="2024-07-22T07:15:08.277318" elapsed="0.001619"/>
</iter>
<var>${keyTwo}</var>
<value>@{expected_keysTwo}</value>
<status status="PASS" start="2024-07-22T07:15:08.275390" elapsed="0.003668"/>
</for>
<status status="PASS" start="2024-07-22T07:15:08.169071" elapsed="0.110126"/>
</kw>
<doc>Testa a estrutura da resposta da API.</doc>
<tag>testeEstruturaResposta</tag>
<status status="PASS" start="2024-07-22T07:15:08.168546" elapsed="0.110804"/>
</test>
<test id="s1-s1-t4" name="Validar tipos de dados" line="28">
<kw name="Teste de Tipos de Dados" owner="random-user-service">
<kw name="GET On Session" owner="RequestsLibrary">
<msg time="2024-07-22T07:15:08.357514" level="INFO">GET Request : url=https://randomuser.me/api 
 path_url=/api 
 headers={'User-Agent': 'python-requests/2.32.3', 'Accept-Encoding': 'gzip, deflate', 'Accept': '*/*', 'Connection': 'keep-alive'} 
 body=None 
 </msg>
<msg time="2024-07-22T07:15:08.357586" level="INFO">GET Response : url=https://randomuser.me/api 
 status=200, reason=OK 
 headers={'Date': 'Mon, 22 Jul 2024 07:15:08 GMT', 'Content-Type': 'application/json; charset=utf-8', 'Transfer-Encoding': 'chunked', 'Connection': 'keep-alive', 'X-Powered-By': 'Express', 'Access-Control-Allow-Origin': '*', 'Cache-Control': 'no-cache', 'ETag': 'W/"4a9-0FhV6I3f7tPbeohQkjCa3Amfp1o"', 'Vary': 'Accept-Encoding', 'Content-Encoding': 'gzip', 'CF-Cache-Status': 'DYNAMIC', 'Report-To': '{"endpoints":[{"url":"https:\\/\\/a.nel.cloudflare.com\\/report\\/v4?s=PvhythfI%2BEYo%2FcQBpFMFXI6dCnpXNE2Vg8Xc%2BECPM4FBPmte1aisBHjb1ISUXLsJuSPp9HSPQoy7HzfilSXIsLVWjN%2FsYkGCH7An5Q5bON%2BwOoiu4H%2BhbvM%2F1MfBDFvc"}],"group":"cf-nel","max_age":604800}', 'NEL': '{"success_fraction":0,"report_to":"cf-nel","max_age":604800}', 'Server': 'cloudflare', 'CF-RAY': '8a71a348cb3f3afa-IAD', 'alt-svc': 'h3=":443"; ma=86400'} 
 body={"results":[{"gender":"female","name":{"title":"Miss","first":"رونیکا","last":"گلشن"},"location":{"street":{"number":3433,"name":"میدان شهیدان رحیمی"},"city":"ساری","state":"گلستان","country":"Iran","postcode":47147,"coordinates":{"latitude":"13.8992","longitude":"13.6920"},"timezone":{"offset":"+10:00","description":"Eastern Australia, Guam, Vladivostok"}},"email":"rwnykh.glshn@example.com","login":{"uuid":"6f3f5c7e-6f39-4810-82ef-516f4f2b6a32","username":"yellowgoose212","password":"thedon","salt":"7oLGddsk","md5":"7ea4af0fffb929d539e93bcad24196ef","sha1":"c322b22e0e57450a963903e020aa1e74c356979a","sha256":"2f27df951c84d675ef1e0164fa9be331105c5881ecbd34c0d0cf57ae3c491a42"},"dob":{"date":"1966-12-17T14:05:58.160Z","age":57},"registered":{"date":"2022-01-02T22:57:42.058Z","age":2},"phone":"091-64611755","cell":"0913-372-9430","id":{"name":"","value":null},"picture":{"large":"https://randomuser.me/api/portraits/women/24.jpg","medium":"https://randomuser.me/api/portraits/med/women/24.jpg","thumbnail":"https://randomuser.me/api/portraits/thumb/women/24.jpg"},"nat":"IR"}],"info":{"seed":"3f9f17e7b2726f24","results":1,"page":1,"version":"1.4"}} 
 </msg>
<msg time="2024-07-22T07:15:08.357650" level="INFO">/opt/hostedtoolcache/Python/3.12.4/x64/lib/python3.12/site-packages/urllib3/connectionpool.py:1099: InsecureRequestWarning: Unverified HTTPS request is being made to host 'randomuser.me'. Adding certificate verification is strongly advised. See: https://urllib3.readthedocs.io/en/latest/advanced-usage.html#tls-warnings
  warnings.warn(</msg>
<msg time="2024-07-22T07:15:08.357749" level="INFO">${response} = &lt;Response [200]&gt;</msg>
<var>${response}</var>
<arg>consultarAPI</arg>
<arg>/api</arg>
<doc>Sends a GET request on a previously created HTTP Session.</doc>
<status status="PASS" start="2024-07-22T07:15:08.281800" elapsed="0.075989"/>
</kw>
<kw name="Set Variable" owner="BuiltIn">
<msg time="2024-07-22T07:15:08.358666" level="INFO">${json_data} = {'results': [{'gender': 'female', 'name': {'title': 'Miss', 'first': 'رونیکا', 'last': 'گلشن'}, 'location': {'street': {'number': 3433, 'name': 'میدان شهیدان رحیمی'}, 'city': 'ساری', 'state': 'گلستان'...</msg>
<var>${json_data}</var>
<arg>${response.json()}</arg>
<doc>Returns the given values which can then be assigned to a variables.</doc>
<status status="PASS" start="2024-07-22T07:15:08.358186" elapsed="0.000511"/>
</kw>
<kw name="Log" owner="BuiltIn">
<msg time="2024-07-22T07:15:08.359158" level="INFO">{'results': [{'gender': 'female', 'name': {'title': 'Miss', 'first': 'رونیکا', 'last': 'گلشن'}, 'location': {'street': {'number': 3433, 'name': 'میدان شهیدان رحیمی'}, 'city': 'ساری', 'state': 'گلستان', 'country': 'Iran', 'postcode': 47147, 'coordinates': {'latitude': '13.8992', 'longitude': '13.6920'}, 'timezone': {'offset': '+10:00', 'description': 'Eastern Australia, Guam, Vladivostok'}}, 'email': 'rwnykh.glshn@example.com', 'login': {'uuid': '6f3f5c7e-6f39-4810-82ef-516f4f2b6a32', 'username': 'yellowgoose212', 'password': 'thedon', 'salt': '7oLGddsk', 'md5': '7ea4af0fffb929d539e93bcad24196ef', 'sha1': 'c322b22e0e57450a963903e020aa1e74c356979a', 'sha256': '2f27df951c84d675ef1e0164fa9be331105c5881ecbd34c0d0cf57ae3c491a42'}, 'dob': {'date': '1966-12-17T14:05:58.160Z', 'age': 57}, 'registered': {'date': '2022-01-02T22:57:42.058Z', 'age': 2}, 'phone': '091-64611755', 'cell': '0913-372-9430', 'id': {'name': '', 'value': None}, 'picture': {'large': 'https://randomuser.me/api/portraits/women/24.jpg', 'medium': 'https://randomuser.me/api/portraits/med/women/24.jpg', 'thumbnail': 'https://randomuser.me/api/portraits/thumb/women/24.jpg'}, 'nat': 'IR'}], 'info': {'seed': '3f9f17e7b2726f24', 'results': 1, 'page': 1, 'version': '1.4'}}</msg>
<arg>${json_data}</arg>
<doc>Logs the given message with the given level.</doc>
<status status="PASS" start="2024-07-22T07:15:08.359001" elapsed="0.000206"/>
</kw>
<kw name="Should Be String" owner="String">
<arg>${json_data['results'][0]['gender']}</arg>
<doc>Fails if the given ``item`` is not a string.</doc>
<status status="PASS" start="2024-07-22T07:15:08.359497" elapsed="0.000368"/>
</kw>
<kw name="Should Match Regexp" owner="BuiltIn">
<arg>${json_data['results'][0]['email']}</arg>
<arg>^[a-zA-Z0-9._%+-]+@[a-zA-Z0-9.-]+\.[a-zA-Z]{2,}$</arg>
<doc>Fails if ``string`` does not match ``pattern`` as a regular expression.</doc>
<status status="PASS" start="2024-07-22T07:15:08.360056" elapsed="0.000556"/>
</kw>
<kw name="Should Match Regexp" owner="BuiltIn">
<arg>${json_data['results'][0]['dob']['date']}</arg>
<arg>\\d{4}-\\d{2}-\\d{2}T\\d{2}:\\d{2}:\\d{2}\\.\\d{3}Z</arg>
<doc>Fails if ``string`` does not match ``pattern`` as a regular expression.</doc>
<status status="PASS" start="2024-07-22T07:15:08.360811" elapsed="0.000601"/>
</kw>
<kw name="Should Match Regexp" owner="BuiltIn">
<arg>${json_data['results'][0]['registered']['date']}</arg>
<arg>\\d{4}-\\d{2}-\\d{2}T\\d{2}:\\d{2}:\\d{2}\\.\\d{3}Z</arg>
<doc>Fails if ``string`` does not match ``pattern`` as a regular expression.</doc>
<status status="PASS" start="2024-07-22T07:15:08.361608" elapsed="0.000399"/>
</kw>
<kw name="Should Match Regexp" owner="BuiltIn">
<arg>${json_data['results'][0]['picture']['large']}</arg>
<arg>^https?://.*\.(?:png|jpe?g|gif|bmp)$</arg>
<doc>Fails if ``string`` does not match ``pattern`` as a regular expression.</doc>
<status status="PASS" start="2024-07-22T07:15:08.362199" elapsed="0.000462"/>
</kw>
<kw name="Should Match Regexp" owner="BuiltIn">
<arg>${json_data['results'][0]['picture']['medium']}</arg>
<arg>^https?://.*\.(?:png|jpe?g|gif|bmp)$</arg>
<doc>Fails if ``string`` does not match ``pattern`` as a regular expression.</doc>
<status status="PASS" start="2024-07-22T07:15:08.362851" elapsed="0.000359"/>
</kw>
<kw name="Should Match Regexp" owner="BuiltIn">
<arg>${json_data['results'][0]['picture']['thumbnail']}</arg>
<arg>^https?://.*\.(?:png|jpe?g|gif|bmp)$</arg>
<doc>Fails if ``string`` does not match ``pattern`` as a regular expression.</doc>
<status status="PASS" start="2024-07-22T07:15:08.363398" elapsed="0.000350"/>
</kw>
<kw name="Log" owner="BuiltIn">
<msg time="2024-07-22T07:15:08.364254" level="INFO">{'large': 'https://randomuser.me/api/portraits/women/24.jpg', 'medium': 'https://randomuser.me/api/portraits/med/women/24.jpg', 'thumbnail': 'https://randomuser.me/api/portraits/thumb/women/24.jpg'}</msg>
<arg>${json_data['results'][0]['picture']}</arg>
<doc>Logs the given message with the given level.</doc>
<status status="PASS" start="2024-07-22T07:15:08.363930" elapsed="0.000365"/>
</kw>
<status status="PASS" start="2024-07-22T07:15:08.281576" elapsed="0.082974"/>
</kw>
<kw name="Teste de Tipos de Dados - Postcode" owner="random-user-service">
<kw name="GET On Session" owner="RequestsLibrary">
<msg time="2024-07-22T07:15:08.464742" level="INFO">GET Request : url=https://randomuser.me/api 
 path_url=/api 
 headers={'User-Agent': 'python-requests/2.32.3', 'Accept-Encoding': 'gzip, deflate', 'Accept': '*/*', 'Connection': 'keep-alive'} 
 body=None 
 </msg>
<msg time="2024-07-22T07:15:08.464811" level="INFO">GET Response : url=https://randomuser.me/api 
 status=200, reason=OK 
 headers={'Date': 'Mon, 22 Jul 2024 07:15:08 GMT', 'Content-Type': 'application/json; charset=utf-8', 'Transfer-Encoding': 'chunked', 'Connection': 'keep-alive', 'X-Powered-By': 'Express', 'Access-Control-Allow-Origin': '*', 'Cache-Control': 'no-cache', 'ETag': 'W/"47c-hnbAf6V4IVnmfrI8bN+hnXiL2Ts"', 'Vary': 'Accept-Encoding', 'Content-Encoding': 'gzip', 'CF-Cache-Status': 'DYNAMIC', 'Report-To': '{"endpoints":[{"url":"https:\\/\\/a.nel.cloudflare.com\\/report\\/v4?s=I9ASnWT4cFdV6in6RFdezR06GZcSArY1K2lc1feqmInoXI8YPMALLfrjBDJhd47uECgYhnyPzlHVrBwQ9biUofjPqkuRKftWgh3EH5KghdX7RLBKA%2FF%2FhJc5%2BToPdN6O"}],"group":"cf-nel","max_age":604800}', 'NEL': '{"success_fraction":0,"report_to":"cf-nel","max_age":604800}', 'Server': 'cloudflare', 'CF-RAY': '8a71a3495bba3afa-IAD', 'alt-svc': 'h3=":443"; ma=86400'} 
 body={"results":[{"gender":"female","name":{"title":"Ms","first":"Isabel","last":"Calvo"},"location":{"street":{"number":9090,"name":"Calle de Argumosa"},"city":"Logroño","state":"Región de Murcia","country":"Spain","postcode":44341,"coordinates":{"latitude":"-38.3719","longitude":"123.1002"},"timezone":{"offset":"+3:30","description":"Tehran"}},"email":"isabel.calvo@example.com","login":{"uuid":"71f9e57f-6b1c-46c9-9d7c-24f5ac189166","username":"smallcat336","password":"jeremy","salt":"UdXyVKwY","md5":"c17fe9850b5b0317c0d13ae2a2610fa7","sha1":"48c302b0e1d5464f43b82a5b3eb18cd23d2a8d66","sha256":"090bb76b44a673560664168038840dbde6b203e64ceb97013f5104b632280540"},"dob":{"date":"1999-02-11T20:24:01.520Z","age":25},"registered":{"date":"2008-08-11T18:14:56.399Z","age":15},"phone":"971-560-340","cell":"685-573-758","id":{"name":"DNI","value":"95870474-C"},"picture":{"large":"https://randomuser.me/api/portraits/women/66.jpg","medium":"https://randomuser.me/api/portraits/med/women/66.jpg","thumbnail":"https://randomuser.me/api/portraits/thumb/women/66.jpg"},"nat":"ES"}],"info":{"seed":"fb08b457d306b902","results":1,"page":1,"version":"1.4"}} 
 </msg>
<msg time="2024-07-22T07:15:08.464871" level="INFO">/opt/hostedtoolcache/Python/3.12.4/x64/lib/python3.12/site-packages/urllib3/connectionpool.py:1099: InsecureRequestWarning: Unverified HTTPS request is being made to host 'randomuser.me'. Adding certificate verification is strongly advised. See: https://urllib3.readthedocs.io/en/latest/advanced-usage.html#tls-warnings
  warnings.warn(</msg>
<msg time="2024-07-22T07:15:08.464958" level="INFO">${response} = &lt;Response [200]&gt;</msg>
<var>${response}</var>
<arg>consultarAPI</arg>
<arg>/api</arg>
<doc>Sends a GET request on a previously created HTTP Session.</doc>
<status status="PASS" start="2024-07-22T07:15:08.364991" elapsed="0.099996"/>
</kw>
<kw name="Set Variable" owner="BuiltIn">
<msg time="2024-07-22T07:15:08.465833" level="INFO">${json_data} = {'results': [{'gender': 'female', 'name': {'title': 'Ms', 'first': 'Isabel', 'last': 'Calvo'}, 'location': {'street': {'number': 9090, 'name': 'Calle de Argumosa'}, 'city': 'Logroño', 'state': 'Región...</msg>
<var>${json_data}</var>
<arg>${response.json()}</arg>
<doc>Returns the given values which can then be assigned to a variables.</doc>
<status status="PASS" start="2024-07-22T07:15:08.465378" elapsed="0.000486"/>
</kw>
<kw name="Log" owner="BuiltIn">
<msg time="2024-07-22T07:15:08.466367" level="INFO">{'results': [{'gender': 'female', 'name': {'title': 'Ms', 'first': 'Isabel', 'last': 'Calvo'}, 'location': {'street': {'number': 9090, 'name': 'Calle de Argumosa'}, 'city': 'Logroño', 'state': 'Región de Murcia', 'country': 'Spain', 'postcode': 44341, 'coordinates': {'latitude': '-38.3719', 'longitude': '123.1002'}, 'timezone': {'offset': '+3:30', 'description': 'Tehran'}}, 'email': 'isabel.calvo@example.com', 'login': {'uuid': '71f9e57f-6b1c-46c9-9d7c-24f5ac189166', 'username': 'smallcat336', 'password': 'jeremy', 'salt': 'UdXyVKwY', 'md5': 'c17fe9850b5b0317c0d13ae2a2610fa7', 'sha1': '48c302b0e1d5464f43b82a5b3eb18cd23d2a8d66', 'sha256': '090bb76b44a673560664168038840dbde6b203e64ceb97013f5104b632280540'}, 'dob': {'date': '1999-02-11T20:24:01.520Z', 'age': 25}, 'registered': {'date': '2008-08-11T18:14:56.399Z', 'age': 15}, 'phone': '971-560-340', 'cell': '685-573-758', 'id': {'name': 'DNI', 'value': '95870474-C'}, 'picture': {'large': 'https://randomuser.me/api/portraits/women/66.jpg', 'medium': 'https://randomuser.me/api/portraits/med/women/66.jpg', 'thumbnail': 'https://randomuser.me/api/portraits/thumb/women/66.jpg'}, 'nat': 'ES'}], 'info': {'seed': 'fb08b457d306b902', 'results': 1, 'page': 1, 'version': '1.4'}}</msg>
<arg>${json_data}</arg>
<doc>Logs the given message with the given level.</doc>
<status status="PASS" start="2024-07-22T07:15:08.466211" elapsed="0.000204"/>
</kw>
<kw name="Should Be Equal As Numbers" owner="BuiltIn">
<arg>${json_data['results'][0]['location']['postcode']}</arg>
<arg>${json_data['results'][0]['location']['postcode']}</arg>
<doc>Fails if objects are unequal after converting them to real numbers.</doc>
<status status="PASS" start="2024-07-22T07:15:08.466710" elapsed="0.000627"/>
</kw>
<kw name="Log" owner="BuiltIn">
<msg time="2024-07-22T07:15:08.467876" level="INFO">44341</msg>
<arg>${json_data['results'][0]['location']['postcode']}</arg>
<doc>Logs the given message with the given level.</doc>
<status status="PASS" start="2024-07-22T07:15:08.467534" elapsed="0.000383"/>
</kw>
<status status="PASS" start="2024-07-22T07:15:08.364768" elapsed="0.103434"/>
</kw>
<doc>Testa se os tipos de dados na resposta da API estão corretos.</doc>
<tag>testeTiposDados</tag>
<status status="PASS" start="2024-07-22T07:15:08.281129" elapsed="0.187261"/>
</test>
<test id="s1-s1-t5" name="Validar conteudo" line="35">
<kw name="Teste de Tipos de Conteudo" owner="random-user-service">
<kw name="GET On Session" owner="RequestsLibrary">
<msg time="2024-07-22T07:15:08.560350" level="INFO">GET Request : url=https://randomuser.me/api 
 path_url=/api 
 headers={'User-Agent': 'python-requests/2.32.3', 'Accept-Encoding': 'gzip, deflate', 'Accept': '*/*', 'Connection': 'keep-alive'} 
 body=None 
 </msg>
<msg time="2024-07-22T07:15:08.560459" level="INFO">GET Response : url=https://randomuser.me/api 
 status=200, reason=OK 
 headers={'Date': 'Mon, 22 Jul 2024 07:15:08 GMT', 'Content-Type': 'application/json; charset=utf-8', 'Transfer-Encoding': 'chunked', 'Connection': 'keep-alive', 'X-Powered-By': 'Express', 'Access-Control-Allow-Origin': '*', 'Cache-Control': 'no-cache', 'ETag': 'W/"484-e71fCvvO8Q/FjmJNX1ynmehCLiA"', 'Vary': 'Accept-Encoding', 'Content-Encoding': 'gzip', 'CF-Cache-Status': 'DYNAMIC', 'Report-To': '{"endpoints":[{"url":"https:\\/\\/a.nel.cloudflare.com\\/report\\/v4?s=XtHp7mPwFL6CtE3e0UoCKUo7WKwKN1bvUBQIOcyvsIj91gQN6%2BinOVUmsU68s3ZjMUG496g4%2FtNfedIKJifWQP0ecEAkynID8aS227LT1HhbaRj4WWQqT6ruk9m2PQOl"}],"group":"cf-nel","max_age":604800}', 'NEL': '{"success_fraction":0,"report_to":"cf-nel","max_age":604800}', 'Server': 'cloudflare', 'CF-RAY': '8a71a349fc483afa-IAD', 'alt-svc': 'h3=":443"; ma=86400'} 
 body={"results":[{"gender":"male","name":{"title":"Mr","first":"Eli","last":"Stephens"},"location":{"street":{"number":2140,"name":"George Street"},"city":"Dungarvan","state":"Cork","country":"Ireland","postcode":94000,"coordinates":{"latitude":"3.4555","longitude":"-69.1141"},"timezone":{"offset":"+5:00","description":"Ekaterinburg, Islamabad, Karachi, Tashkent"}},"email":"eli.stephens@example.com","login":{"uuid":"4db3352e-15a8-4997-a8e4-3bb1d9f5d7bc","username":"whitefish280","password":"kevin","salt":"gvQGMJCQ","md5":"d82727f110936d464e5439603e0f4ac3","sha1":"f16931f34160b78a3a2c8adeb3fa2732fbaa9f71","sha256":"de567550f71b7ffded37dc56363997af02159c0cc2c1ca414e66d9c72fa6d490"},"dob":{"date":"1984-04-03T13:30:19.161Z","age":40},"registered":{"date":"2016-10-05T10:45:41.374Z","age":7},"phone":"061-593-8468","cell":"081-316-4740","id":{"name":"PPS","value":"5593733T"},"picture":{"large":"https://randomuser.me/api/portraits/men/8.jpg","medium":"https://randomuser.me/api/portraits/med/men/8.jpg","thumbnail":"https://randomuser.me/api/portraits/thumb/men/8.jpg"},"nat":"IE"}],"info":{"seed":"272a17c0726c6d32","results":1,"page":1,"version":"1.4"}} 
 </msg>
<msg time="2024-07-22T07:15:08.560538" level="INFO">/opt/hostedtoolcache/Python/3.12.4/x64/lib/python3.12/site-packages/urllib3/connectionpool.py:1099: InsecureRequestWarning: Unverified HTTPS request is being made to host 'randomuser.me'. Adding certificate verification is strongly advised. See: https://urllib3.readthedocs.io/en/latest/advanced-usage.html#tls-warnings
  warnings.warn(</msg>
<msg time="2024-07-22T07:15:08.560672" level="INFO">${response} = &lt;Response [200]&gt;</msg>
<var>${response}</var>
<arg>consultarAPI</arg>
<arg>/api</arg>
<doc>Sends a GET request on a previously created HTTP Session.</doc>
<status status="PASS" start="2024-07-22T07:15:08.471246" elapsed="0.089476"/>
</kw>
<kw name="Set Variable" owner="BuiltIn">
<msg time="2024-07-22T07:15:08.561759" level="INFO">${json_data} = {'results': [{'gender': 'male', 'name': {'title': 'Mr', 'first': 'Eli', 'last': 'Stephens'}, 'location': {'street': {'number': 2140, 'name': 'George Street'}, 'city': 'Dungarvan', 'state': 'Cork', 'co...</msg>
<var>${json_data}</var>
<arg>${response.json()}</arg>
<doc>Returns the given values which can then be assigned to a variables.</doc>
<status status="PASS" start="2024-07-22T07:15:08.561244" elapsed="0.000543"/>
</kw>
<kw name="Set Variable" owner="BuiltIn">
<msg time="2024-07-22T07:15:08.562516" level="INFO">${name_title} = Mr</msg>
<var>${name_title}</var>
<arg>${json_data["results"][0]["name"]["title"]}</arg>
<doc>Returns the given values which can then be assigned to a variables.</doc>
<status status="PASS" start="2024-07-22T07:15:08.562121" elapsed="0.000421"/>
</kw>
<kw name="Create List" owner="BuiltIn">
<msg time="2024-07-22T07:15:08.562989" level="INFO">${allowed_titles} = ['Mr', 'Ms', 'Miss', 'Mrs', 'Madame', 'Monsieur']</msg>
<var>${allowed_titles}</var>
<arg>Mr</arg>
<arg>Ms</arg>
<arg>Miss</arg>
<arg>Mrs</arg>
<arg>Madame</arg>
<arg>Monsieur</arg>
<doc>Returns a list containing given items.</doc>
<status status="PASS" start="2024-07-22T07:15:08.562840" elapsed="0.000173"/>
</kw>
<kw name="List Should Contain Value" owner="Collections">
<arg>${allowed_titles}</arg>
<arg>${name_title}</arg>
<doc>Fails if the ``value`` is not found from ``list``.</doc>
<status status="PASS" start="2024-07-22T07:15:08.563312" elapsed="0.000181"/>
</kw>
<kw name="Set Variable" owner="BuiltIn">
<msg time="2024-07-22T07:15:08.564050" level="INFO">${name_country} = IE</msg>
<var>${name_country}</var>
<arg>${json_data["results"][0]["nat"]}</arg>
<doc>Returns the given values which can then be assigned to a variables.</doc>
<status status="PASS" start="2024-07-22T07:15:08.563673" elapsed="0.000402"/>
</kw>
<kw name="Create List" owner="BuiltIn">
<msg time="2024-07-22T07:15:08.564959" level="INFO">${list_country} = ['AD', 'AE', 'AF', 'AG', 'AI', 'AL', 'AM', 'AO', 'AQ', 'AR', 'AS', 'AT', 'AU', 'AW', 'AX', 'AZ', 'BA', 'BB', 'BD', 'BE', 'BF', 'BG', 'BH', 'BI', 'BJ', 'BL', 'BM', 'BN', 'BO', 'BQ', 'BR', 'BS', 'BT', '...</msg>
<var>${list_country}</var>
<arg>AD</arg>
<arg>AE</arg>
<arg>AF</arg>
<arg>AG</arg>
<arg>AI</arg>
<arg>AL</arg>
<arg>AM</arg>
<arg>AO</arg>
<arg>AQ</arg>
<arg>AR</arg>
<arg>AS</arg>
<arg>AT</arg>
<arg>AU</arg>
<arg>AW</arg>
<arg>AX</arg>
<arg>AZ</arg>
<arg>BA</arg>
<arg>BB</arg>
<arg>BD</arg>
<arg>BE</arg>
<arg>BF</arg>
<arg>BG</arg>
<arg>BH</arg>
<arg>BI</arg>
<arg>BJ</arg>
<arg>BL</arg>
<arg>BM</arg>
<arg>BN</arg>
<arg>BO</arg>
<arg>BQ</arg>
<arg>BR</arg>
<arg>BS</arg>
<arg>BT</arg>
<arg>BV</arg>
<arg>BW</arg>
<arg>BY</arg>
<arg>BZ</arg>
<arg>CA</arg>
<arg>CC</arg>
<arg>CD</arg>
<arg>CF</arg>
<arg>CG</arg>
<arg>CH</arg>
<arg>CI</arg>
<arg>CK</arg>
<arg>CL</arg>
<arg>CM</arg>
<arg>CN</arg>
<arg>CO</arg>
<arg>CR</arg>
<arg>CU</arg>
<arg>CV</arg>
<arg>CW</arg>
<arg>CX</arg>
<arg>CY</arg>
<arg>CZ</arg>
<arg>DE</arg>
<arg>DJ</arg>
<arg>DK</arg>
<arg>DM</arg>
<arg>DO</arg>
<arg>DZ</arg>
<arg>EC</arg>
<arg>EE</arg>
<arg>EG</arg>
<arg>EH</arg>
<arg>ER</arg>
<arg>ES</arg>
<arg>ET</arg>
<arg>FI</arg>
<arg>FJ</arg>
<arg>FK</arg>
<arg>FM</arg>
<arg>FO</arg>
<arg>FR</arg>
<arg>GA</arg>
<arg>GB</arg>
<arg>GD</arg>
<arg>GE</arg>
<arg>GF</arg>
<arg>GG</arg>
<arg>GH</arg>
<arg>GI</arg>
<arg>GL</arg>
<arg>GM</arg>
<arg>GN</arg>
<arg>GP</arg>
<arg>GQ</arg>
<arg>GR</arg>
<arg>GS</arg>
<arg>GT</arg>
<arg>GU</arg>
<arg>GW</arg>
<arg>GY</arg>
<arg>HK</arg>
<arg>HM</arg>
<arg>HN</arg>
<arg>HR</arg>
<arg>HT</arg>
<arg>HU</arg>
<arg>ID</arg>
<arg>IE</arg>
<arg>IL</arg>
<arg>IM</arg>
<arg>IN</arg>
<arg>IO</arg>
<arg>IQ</arg>
<arg>IR</arg>
<arg>IS</arg>
<arg>IT</arg>
<arg>JE</arg>
<arg>JM</arg>
<arg>JO</arg>
<arg>JP</arg>
<arg>KE</arg>
<arg>KG</arg>
<arg>KH</arg>
<arg>KI</arg>
<arg>KM</arg>
<arg>KN</arg>
<arg>KP</arg>
<arg>KR</arg>
<arg>KW</arg>
<arg>KY</arg>
<arg>KZ</arg>
<arg>LA</arg>
<arg>LB</arg>
<arg>LC</arg>
<arg>LI</arg>
<arg>LK</arg>
<arg>LR</arg>
<arg>LS</arg>
<arg>LT</arg>
<arg>LU</arg>
<arg>LV</arg>
<arg>LY</arg>
<arg>MA</arg>
<arg>MC</arg>
<arg>MD</arg>
<arg>ME</arg>
<arg>MF</arg>
<arg>MG</arg>
<arg>MH</arg>
<arg>MK</arg>
<arg>ML</arg>
<arg>MM</arg>
<arg>MN</arg>
<arg>MO</arg>
<arg>MP</arg>
<arg>MQ</arg>
<arg>MR</arg>
<arg>MS</arg>
<arg>MT</arg>
<arg>MU</arg>
<arg>MV</arg>
<arg>MW</arg>
<arg>MX</arg>
<arg>MY</arg>
<arg>MZ</arg>
<arg>NA</arg>
<arg>NC</arg>
<arg>NE</arg>
<arg>NF</arg>
<arg>NG</arg>
<arg>NI</arg>
<arg>NL</arg>
<arg>NO</arg>
<arg>NP</arg>
<arg>NR</arg>
<arg>NU</arg>
<arg>NZ</arg>
<arg>OM</arg>
<arg>PA</arg>
<arg>PE</arg>
<arg>PF</arg>
<arg>PG</arg>
<arg>PH</arg>
<arg>PK</arg>
<arg>PL</arg>
<arg>PM</arg>
<arg>PN</arg>
<arg>PR</arg>
<arg>PS</arg>
<arg>PT</arg>
<arg>PW</arg>
<arg>PY</arg>
<arg>QA</arg>
<arg>RE</arg>
<arg>RO</arg>
<arg>RS</arg>
<arg>RU</arg>
<arg>RW</arg>
<arg>SA</arg>
<arg>SB</arg>
<arg>SC</arg>
<arg>SD</arg>
<arg>SE</arg>
<arg>SG</arg>
<arg>SH</arg>
<arg>SI</arg>
<arg>SJ</arg>
<arg>SK</arg>
<arg>SL</arg>
<arg>SM</arg>
<arg>SN</arg>
<arg>SO</arg>
<arg>SR</arg>
<arg>SS</arg>
<arg>ST</arg>
<arg>SV</arg>
<arg>SX</arg>
<arg>SY</arg>
<arg>SZ</arg>
<arg>TC</arg>
<arg>TD</arg>
<arg>TF</arg>
<arg>TG</arg>
<arg>TH</arg>
<arg>TJ</arg>
<arg>TK</arg>
<arg>TL</arg>
<arg>TM</arg>
<arg>TN</arg>
<arg>TO</arg>
<arg>TR</arg>
<arg>TT</arg>
<arg>TV</arg>
<arg>TW</arg>
<arg>TZ</arg>
<arg>UA</arg>
<arg>UG</arg>
<arg>UM</arg>
<arg>US</arg>
<arg>UY</arg>
<arg>UZ</arg>
<arg>VA</arg>
<arg>VC</arg>
<arg>VE</arg>
<arg>VG</arg>
<arg>VI</arg>
<arg>VN</arg>
<arg>VU</arg>
<arg>WF</arg>
<arg>WS</arg>
<arg>XK</arg>
<arg>YE</arg>
<arg>YT</arg>
<arg>ZA</arg>
<arg>ZM</arg>
<arg>ZW</arg>
<doc>Returns a list containing given items.</doc>
<status status="PASS" start="2024-07-22T07:15:08.564367" elapsed="0.000618"/>
</kw>
<kw name="List Should Contain Value" owner="Collections">
<arg>${list_country}</arg>
<arg>${name_country}</arg>
<doc>Fails if the ``value`` is not found from ``list``.</doc>
<status status="PASS" start="2024-07-22T07:15:08.565960" elapsed="0.000242"/>
</kw>
<kw name="Run Keyword If" owner="BuiltIn">
<kw name="Should Be True" owner="BuiltIn">
<arg>${True}</arg>
<doc>Fails if the given condition is not true.</doc>
<status status="PASS" start="2024-07-22T07:15:08.567151" elapsed="0.000143"/>
</kw>
<arg>${json_data["results"][0]["location"]["coordinates"]["latitude"]} &gt;= -90 and ${json_data["results"][0]["location"]["coordinates"]["latitude"]} &lt;= 90</arg>
<arg>Should Be True</arg>
<arg>${True}</arg>
<doc>Runs the given keyword with the given arguments, if ``condition`` is true.</doc>
<status status="PASS" start="2024-07-22T07:15:08.566400" elapsed="0.001019"/>
</kw>
<kw name="Run Keyword If" owner="BuiltIn">
<kw name="Should Be True" owner="BuiltIn">
<arg>${True}</arg>
<doc>Fails if the given condition is not true.</doc>
<status status="PASS" start="2024-07-22T07:15:08.568303" elapsed="0.000137"/>
</kw>
<arg>${json_data["results"][0]["location"]["coordinates"]["longitude"]} &gt;= -180 and ${json_data["results"][0]["location"]["coordinates"]["longitude"]} &lt;= 180</arg>
<arg>Should Be True</arg>
<arg>${True}</arg>
<doc>Runs the given keyword with the given arguments, if ``condition`` is true.</doc>
<status status="PASS" start="2024-07-22T07:15:08.567602" elapsed="0.000960"/>
</kw>
<status status="PASS" start="2024-07-22T07:15:08.470869" elapsed="0.097826"/>
</kw>
<doc>Testa o conteúdo específico dos campos retornados pela API.</doc>
<tag>testeConteudo</tag>
<status status="PASS" start="2024-07-22T07:15:08.470207" elapsed="0.098639"/>
</test>
<status status="PASS" start="2024-07-22T07:15:07.563487" elapsed="1.007364"/>
</suite>
<status status="PASS" start="2024-07-22T07:15:07.548975" elapsed="1.026859"/>
</suite>
<statistics>
<total>
<stat pass="5" fail="0" skip="0">All Tests</stat>
</total>
<tag>
<stat pass="1" fail="0" skip="0">testeConteudo</stat>
<stat pass="1" fail="0" skip="0">testeEstruturaResposta</stat>
<stat pass="1" fail="0" skip="0">testeRequisicaoBasica</stat>
<stat pass="1" fail="0" skip="0">testeTiposDados</stat>
</tag>
<suite>
<stat pass="5" fail="0" skip="0" id="s1" name="Tests">Tests</stat>
<stat pass="5" fail="0" skip="0" id="s1-s1" name="Random-User-Test">Tests.Random-User-Test</stat>
</suite>
</statistics>
<errors>
</errors>
</robot>
