<?xml version="1.0" encoding="UTF-8"?>
<robot generator="Robot 7.0.1 (Python 3.12.3 on linux)" generated="2024-06-18T07:14:23.768482" rpa="false" schemaversion="5">
<suite id="s1" name="Tests" source="/home/runner/work/ApiRandomUser/ApiRandomUser/RamdonUser/tests">
<suite id="s1-s1" name="Random-User-Test" source="/home/runner/work/ApiRandomUser/ApiRandomUser/RamdonUser/tests/random-user-test.robot">
<test id="s1-s1-t1" name="Conectar" line="13">
<kw name="Conectar API" owner="random-user-service">
<kw name="Create Session" owner="RequestsLibrary">
<msg time="2024-06-18T07:14:24.172811" level="INFO">Creating Session using : alias=consultarAPI, url=https://randomuser.me/, headers={},                     cookies={}, auth=None, timeout=None, proxies=None, verify=False,                     debug=0 </msg>
<arg>consultarAPI</arg>
<arg>${URL}</arg>
<doc>Create Session: create a HTTP session to a server</doc>
<status status="PASS" start="2024-06-18T07:14:24.172563" elapsed="0.000447"/>
</kw>
<status status="PASS" start="2024-06-18T07:14:24.171567" elapsed="0.001824"/>
</kw>
<status status="PASS" start="2024-06-18T07:14:24.170993" elapsed="0.002598"/>
</test>
<test id="s1-s1-t2" name="Validar retorno 200 e JSON Válido" line="16">
<kw name="Teste de Requisicao Basica" owner="random-user-service">
<kw name="GET On Session" owner="RequestsLibrary">
<msg time="2024-06-18T07:14:24.453775" level="INFO">GET Request : url=https://randomuser.me/api 
 path_url=/api 
 headers={'User-Agent': 'python-requests/2.32.3', 'Accept-Encoding': 'gzip, deflate', 'Accept': '*/*', 'Connection': 'keep-alive'} 
 body=None 
 </msg>
<msg time="2024-06-18T07:14:24.453930" level="INFO">GET Response : url=https://randomuser.me/api 
 status=200, reason=OK 
 headers={'Date': 'Tue, 18 Jun 2024 07:14:24 GMT', 'Content-Type': 'application/json; charset=utf-8', 'Transfer-Encoding': 'chunked', 'Connection': 'keep-alive', 'X-Powered-By': 'Express', 'Access-Control-Allow-Origin': '*', 'Cache-Control': 'no-cache', 'ETag': 'W/"4a9-XsN1R1eVimTFRxs/0m4w438TN8I"', 'Vary': 'Accept-Encoding', 'Content-Encoding': 'gzip', 'CF-Cache-Status': 'DYNAMIC', 'Report-To': '{"endpoints":[{"url":"https:\\/\\/a.nel.cloudflare.com\\/report\\/v4?s=V4FDVqUi5Yf4Rjztt8TNyOi6cIJjn81qv2X7dJX9AB32movrEIjlFN07DFTtigg%2B3XJ9G2GTzPLk1kQHSK98h3VG31zS4Yh33bGDyvi%2FmjIa%2F7YsYdV9MK%2F%2BuPen%2FK5u"}],"group":"cf-nel","max_age":604800}', 'NEL': '{"success_fraction":0,"report_to":"cf-nel","max_age":604800}', 'Server': 'cloudflare', 'CF-RAY': '89597b763fc11008-LAX', 'alt-svc': 'h3=":443"; ma=86400'} 
 body={"results":[{"gender":"female","name":{"title":"Mademoiselle","first":"Christelle","last":"Dumont"},"location":{"street":{"number":5691,"name":"Rue Paul-Duvivier"},"city":"Wila","state":"Valais","country":"Switzerland","postcode":8008,"coordinates":{"latitude":"-63.8996","longitude":"128.4825"},"timezone":{"offset":"-1:00","description":"Azores, Cape Verde Islands"}},"email":"christelle.dumont@example.com","login":{"uuid":"23d69ffe-e2d5-427d-9eb3-6291b1c09425","username":"browngorilla255","password":"polaris","salt":"i2vjC1L4","md5":"922945d37cd7f7ee4588420720e1a8c1","sha1":"393550220b4ed8a08b49f29c27c285763b5f9dfd","sha256":"d0e0da540cceeda0dfa276720f95274488027602e9216a9db4dea76e41915742"},"dob":{"date":"1977-05-08T01:59:01.720Z","age":47},"registered":{"date":"2004-02-26T03:57:14.700Z","age":20},"phone":"075 521 30 75","cell":"075 759 11 06","id":{"name":"AVS","value":"756.1386.9544.37"},"picture":{"large":"https://randomuser.me/api/portraits/women/72.jpg","medium":"https://randomuser.me/api/portraits/med/women/72.jpg","thumbnail":"https://randomuser.me/api/portraits/thumb/women/72.jpg"},"nat":"CH"}],"info":{"seed":"29cc3a1b209f40d3","results":1,"page":1,"version":"1.4"}} 
 </msg>
<msg time="2024-06-18T07:14:24.454013" level="INFO">/opt/hostedtoolcache/Python/3.12.3/x64/lib/python3.12/site-packages/urllib3/connectionpool.py:1099: InsecureRequestWarning: Unverified HTTPS request is being made to host 'randomuser.me'. Adding certificate verification is strongly advised. See: https://urllib3.readthedocs.io/en/latest/advanced-usage.html#tls-warnings
  warnings.warn(</msg>
<msg time="2024-06-18T07:14:24.454172" level="INFO">${response} = &lt;Response [200]&gt;</msg>
<var>${response}</var>
<arg>consultarAPI</arg>
<arg>/api</arg>
<doc>Sends a GET request on a previously created HTTP Session.</doc>
<status status="PASS" start="2024-06-18T07:14:24.176191" elapsed="0.278026"/>
</kw>
<kw name="Should Be Equal As Numbers" owner="BuiltIn">
<msg time="2024-06-18T07:14:24.455227" level="INFO">Argument types are:
&lt;class 'int'&gt;
&lt;class 'str'&gt;</msg>
<arg>${response.status_code}</arg>
<arg>200</arg>
<doc>Fails if objects are unequal after converting them to real numbers.</doc>
<status status="PASS" start="2024-06-18T07:14:24.454771" elapsed="0.000522"/>
</kw>
<kw name="Log" owner="BuiltIn">
<msg time="2024-06-18T07:14:24.455979" level="INFO">200</msg>
<arg>${response.status_code}</arg>
<doc>Logs the given message with the given level.</doc>
<status status="PASS" start="2024-06-18T07:14:24.455626" elapsed="0.000395"/>
</kw>
<kw name="Set Variable" owner="BuiltIn">
<msg time="2024-06-18T07:14:24.456825" level="INFO">${json_data} = {'results': [{'gender': 'female', 'name': {'title': 'Mademoiselle', 'first': 'Christelle', 'last': 'Dumont'}, 'location': {'street': {'number': 5691, 'name': 'Rue Paul-Duvivier'}, 'city': 'Wila', 'sta...</msg>
<var>${json_data}</var>
<arg>${response.json()}</arg>
<doc>Returns the given values which can then be assigned to a variables.</doc>
<status status="PASS" start="2024-06-18T07:14:24.456332" elapsed="0.000522"/>
</kw>
<kw name="Dictionary Should Contain Key" owner="Collections">
<arg>${json_data}</arg>
<arg>results</arg>
<doc>Fails if ``key`` is not found from ``dictionary``.</doc>
<status status="PASS" start="2024-06-18T07:14:24.457156" elapsed="0.000166"/>
</kw>
<status status="PASS" start="2024-06-18T07:14:24.175948" elapsed="0.281524"/>
</kw>
<doc>Testa se a API responde corretamente e retorna um objeto JSON válido.</doc>
<tag>testeRequisicaoBasica</tag>
<status status="PASS" start="2024-06-18T07:14:24.175471" elapsed="0.282178"/>
</test>
<test id="s1-s1-t3" name="Validar estrutura de resposta" line="22">
<kw name="Teste de Estrutura de Resposta" owner="random-user-service">
<kw name="GET On Session" owner="RequestsLibrary">
<msg time="2024-06-18T07:14:24.553474" level="INFO">GET Request : url=https://randomuser.me/api 
 path_url=/api 
 headers={'User-Agent': 'python-requests/2.32.3', 'Accept-Encoding': 'gzip, deflate', 'Accept': '*/*', 'Connection': 'keep-alive'} 
 body=None 
 </msg>
<msg time="2024-06-18T07:14:24.553589" level="INFO">GET Response : url=https://randomuser.me/api 
 status=200, reason=OK 
 headers={'Date': 'Tue, 18 Jun 2024 07:14:24 GMT', 'Content-Type': 'application/json; charset=utf-8', 'Transfer-Encoding': 'chunked', 'Connection': 'keep-alive', 'X-Powered-By': 'Express', 'Access-Control-Allow-Origin': '*', 'Cache-Control': 'no-cache', 'ETag': 'W/"485-yGIb73YOUDXUlAGBx7hJkiINiHc"', 'Vary': 'Accept-Encoding', 'Content-Encoding': 'gzip', 'CF-Cache-Status': 'DYNAMIC', 'Report-To': '{"endpoints":[{"url":"https:\\/\\/a.nel.cloudflare.com\\/report\\/v4?s=CpmDhm99N1J0rXQPTvRBCrDiCJ%2FvNeQ%2B7vzzr5tux7Fxg0FTzd9zf8iSQQD4z9%2Fp2SirO83Pjd553Fp4rjA3ccXwS5PObjYzXJu%2BsbOorQRLcMVSc06ioow4fIvDoQmJ"}],"group":"cf-nel","max_age":604800}', 'NEL': '{"success_fraction":0,"report_to":"cf-nel","max_age":604800}', 'Server': 'cloudflare', 'CF-RAY': '89597b76e8891008-LAX', 'alt-svc': 'h3=":443"; ma=86400'} 
 body={"results":[{"gender":"male","name":{"title":"Mr","first":"Tihomir","last":"Yastremskiy"},"location":{"street":{"number":736,"name":"Provulok Osipenko"},"city":"Globine","state":"Harkivska","country":"Ukraine","postcode":56804,"coordinates":{"latitude":"76.8165","longitude":"-153.5022"},"timezone":{"offset":"+7:00","description":"Bangkok, Hanoi, Jakarta"}},"email":"tihomir.yastremskiy@example.com","login":{"uuid":"efd1a3c8-750a-463b-bc0d-2e38bf8ef4eb","username":"angryswan240","password":"rrrr","salt":"BvbQxoRo","md5":"4008aefc71cac12a809f1e13afe73e2c","sha1":"79753b5df2c864bd96b234d548e031f20e8a8d9d","sha256":"72676915dfb6955dc9e04cfb58d59e55bdc681e0e3d43e90a18a1c02b0a1614c"},"dob":{"date":"1995-11-03T07:43:51.493Z","age":28},"registered":{"date":"2007-01-20T14:22:11.357Z","age":17},"phone":"(098) Y59-9286","cell":"(098) Q40-1671","id":{"name":"","value":null},"picture":{"large":"https://randomuser.me/api/portraits/men/55.jpg","medium":"https://randomuser.me/api/portraits/med/men/55.jpg","thumbnail":"https://randomuser.me/api/portraits/thumb/men/55.jpg"},"nat":"UA"}],"info":{"seed":"1350364bb0582121","results":1,"page":1,"version":"1.4"}} 
 </msg>
<msg time="2024-06-18T07:14:24.553743" level="INFO">/opt/hostedtoolcache/Python/3.12.3/x64/lib/python3.12/site-packages/urllib3/connectionpool.py:1099: InsecureRequestWarning: Unverified HTTPS request is being made to host 'randomuser.me'. Adding certificate verification is strongly advised. See: https://urllib3.readthedocs.io/en/latest/advanced-usage.html#tls-warnings
  warnings.warn(</msg>
<msg time="2024-06-18T07:14:24.553876" level="INFO">${response} = &lt;Response [200]&gt;</msg>
<var>${response}</var>
<arg>consultarAPI</arg>
<arg>/api</arg>
<doc>Sends a GET request on a previously created HTTP Session.</doc>
<status status="PASS" start="2024-06-18T07:14:24.460327" elapsed="0.093590"/>
</kw>
<kw name="Set Variable" owner="BuiltIn">
<msg time="2024-06-18T07:14:24.555131" level="INFO">${json_data} = {'results': [{'gender': 'male', 'name': {'title': 'Mr', 'first': 'Tihomir', 'last': 'Yastremskiy'}, 'location': {'street': {'number': 736, 'name': 'Provulok Osipenko'}, 'city': 'Globine', 'state': 'Ha...</msg>
<var>${json_data}</var>
<arg>${response.json()}</arg>
<doc>Returns the given values which can then be assigned to a variables.</doc>
<status status="PASS" start="2024-06-18T07:14:24.554539" elapsed="0.000621"/>
</kw>
<kw name="Log" owner="BuiltIn">
<msg time="2024-06-18T07:14:24.555638" level="INFO">{'results': [{'gender': 'male', 'name': {'title': 'Mr', 'first': 'Tihomir', 'last': 'Yastremskiy'}, 'location': {'street': {'number': 736, 'name': 'Provulok Osipenko'}, 'city': 'Globine', 'state': 'Harkivska', 'country': 'Ukraine', 'postcode': 56804, 'coordinates': {'latitude': '76.8165', 'longitude': '-153.5022'}, 'timezone': {'offset': '+7:00', 'description': 'Bangkok, Hanoi, Jakarta'}}, 'email': 'tihomir.yastremskiy@example.com', 'login': {'uuid': 'efd1a3c8-750a-463b-bc0d-2e38bf8ef4eb', 'username': 'angryswan240', 'password': 'rrrr', 'salt': 'BvbQxoRo', 'md5': '4008aefc71cac12a809f1e13afe73e2c', 'sha1': '79753b5df2c864bd96b234d548e031f20e8a8d9d', 'sha256': '72676915dfb6955dc9e04cfb58d59e55bdc681e0e3d43e90a18a1c02b0a1614c'}, 'dob': {'date': '1995-11-03T07:43:51.493Z', 'age': 28}, 'registered': {'date': '2007-01-20T14:22:11.357Z', 'age': 17}, 'phone': '(098) Y59-9286', 'cell': '(098) Q40-1671', 'id': {'name': '', 'value': None}, 'picture': {'large': 'https://randomuser.me/api/portraits/men/55.jpg', 'medium': 'https://randomuser.me/api/portraits/med/men/55.jpg', 'thumbnail': 'https://randomuser.me/api/portraits/thumb/men/55.jpg'}, 'nat': 'UA'}], 'info': {'seed': '1350364bb0582121', 'results': 1, 'page': 1, 'version': '1.4'}}</msg>
<arg>${json_data}</arg>
<doc>Logs the given message with the given level.</doc>
<status status="PASS" start="2024-06-18T07:14:24.555469" elapsed="0.000220"/>
</kw>
<kw name="Dictionary Should Contain Key" owner="Collections">
<arg>${json_data}</arg>
<arg>results</arg>
<doc>Fails if ``key`` is not found from ``dictionary``.</doc>
<status status="PASS" start="2024-06-18T07:14:24.555990" elapsed="0.000160"/>
</kw>
<kw name="Should Not Be Empty" owner="BuiltIn">
<msg time="2024-06-18T07:14:24.556464" level="INFO">Length is 2.</msg>
<arg>${json_data}</arg>
<doc>Verifies that the given item is not empty.</doc>
<status status="PASS" start="2024-06-18T07:14:24.556333" elapsed="0.000174"/>
</kw>
<kw name="Create List" owner="BuiltIn">
<msg time="2024-06-18T07:14:24.557009" level="INFO">${expected_keys} = ['gender', 'name', 'location', 'email', 'login']</msg>
<var>${expected_keys}</var>
<arg>gender</arg>
<arg>name</arg>
<arg>location</arg>
<arg>email</arg>
<arg>login</arg>
<doc>Returns a list containing given items.</doc>
<status status="PASS" start="2024-06-18T07:14:24.556857" elapsed="0.000177"/>
</kw>
<for flavor="IN">
<iter>
<kw name="Dictionary Should Contain Key" owner="Collections">
<arg>${json_data['results'][0]}</arg>
<arg>${key}</arg>
<doc>Fails if ``key`` is not found from ``dictionary``.</doc>
<status status="PASS" start="2024-06-18T07:14:24.557796" elapsed="0.000406"/>
</kw>
<kw name="Log" owner="BuiltIn">
<msg time="2024-06-18T07:14:24.558738" level="INFO">{'gender': 'male', 'name': {'title': 'Mr', 'first': 'Tihomir', 'last': 'Yastremskiy'}, 'location': {'street': {'number': 736, 'name': 'Provulok Osipenko'}, 'city': 'Globine', 'state': 'Harkivska', 'country': 'Ukraine', 'postcode': 56804, 'coordinates': {'latitude': '76.8165', 'longitude': '-153.5022'}, 'timezone': {'offset': '+7:00', 'description': 'Bangkok, Hanoi, Jakarta'}}, 'email': 'tihomir.yastremskiy@example.com', 'login': {'uuid': 'efd1a3c8-750a-463b-bc0d-2e38bf8ef4eb', 'username': 'angryswan240', 'password': 'rrrr', 'salt': 'BvbQxoRo', 'md5': '4008aefc71cac12a809f1e13afe73e2c', 'sha1': '79753b5df2c864bd96b234d548e031f20e8a8d9d', 'sha256': '72676915dfb6955dc9e04cfb58d59e55bdc681e0e3d43e90a18a1c02b0a1614c'}, 'dob': {'date': '1995-11-03T07:43:51.493Z', 'age': 28}, 'registered': {'date': '2007-01-20T14:22:11.357Z', 'age': 17}, 'phone': '(098) Y59-9286', 'cell': '(098) Q40-1671', 'id': {'name': '', 'value': None}, 'picture': {'large': 'https://randomuser.me/api/portraits/men/55.jpg', 'medium': 'https://randomuser.me/api/portraits/med/men/55.jpg', 'thumbnail': 'https://randomuser.me/api/portraits/thumb/men/55.jpg'}, 'nat': 'UA'}</msg>
<arg>${json_data['results'][0]}</arg>
<doc>Logs the given message with the given level.</doc>
<status status="PASS" start="2024-06-18T07:14:24.558388" elapsed="0.000398"/>
</kw>
<kw name="Log" owner="BuiltIn">
<msg time="2024-06-18T07:14:24.559207" level="INFO">gender</msg>
<arg>${key}</arg>
<doc>Logs the given message with the given level.</doc>
<status status="PASS" start="2024-06-18T07:14:24.559080" elapsed="0.000164"/>
</kw>
<var name="${key}">gender</var>
<status status="PASS" start="2024-06-18T07:14:24.557665" elapsed="0.001797"/>
</iter>
<iter>
<kw name="Dictionary Should Contain Key" owner="Collections">
<arg>${json_data['results'][0]}</arg>
<arg>${key}</arg>
<doc>Fails if ``key`` is not found from ``dictionary``.</doc>
<status status="PASS" start="2024-06-18T07:14:24.559763" elapsed="0.000390"/>
</kw>
<kw name="Log" owner="BuiltIn">
<msg time="2024-06-18T07:14:24.560716" level="INFO">{'gender': 'male', 'name': {'title': 'Mr', 'first': 'Tihomir', 'last': 'Yastremskiy'}, 'location': {'street': {'number': 736, 'name': 'Provulok Osipenko'}, 'city': 'Globine', 'state': 'Harkivska', 'country': 'Ukraine', 'postcode': 56804, 'coordinates': {'latitude': '76.8165', 'longitude': '-153.5022'}, 'timezone': {'offset': '+7:00', 'description': 'Bangkok, Hanoi, Jakarta'}}, 'email': 'tihomir.yastremskiy@example.com', 'login': {'uuid': 'efd1a3c8-750a-463b-bc0d-2e38bf8ef4eb', 'username': 'angryswan240', 'password': 'rrrr', 'salt': 'BvbQxoRo', 'md5': '4008aefc71cac12a809f1e13afe73e2c', 'sha1': '79753b5df2c864bd96b234d548e031f20e8a8d9d', 'sha256': '72676915dfb6955dc9e04cfb58d59e55bdc681e0e3d43e90a18a1c02b0a1614c'}, 'dob': {'date': '1995-11-03T07:43:51.493Z', 'age': 28}, 'registered': {'date': '2007-01-20T14:22:11.357Z', 'age': 17}, 'phone': '(098) Y59-9286', 'cell': '(098) Q40-1671', 'id': {'name': '', 'value': None}, 'picture': {'large': 'https://randomuser.me/api/portraits/men/55.jpg', 'medium': 'https://randomuser.me/api/portraits/med/men/55.jpg', 'thumbnail': 'https://randomuser.me/api/portraits/thumb/men/55.jpg'}, 'nat': 'UA'}</msg>
<arg>${json_data['results'][0]}</arg>
<doc>Logs the given message with the given level.</doc>
<status status="PASS" start="2024-06-18T07:14:24.560343" elapsed="0.000458"/>
</kw>
<kw name="Log" owner="BuiltIn">
<msg time="2024-06-18T07:14:24.561231" level="INFO">name</msg>
<arg>${key}</arg>
<doc>Logs the given message with the given level.</doc>
<status status="PASS" start="2024-06-18T07:14:24.561103" elapsed="0.000165"/>
</kw>
<var name="${key}">name</var>
<status status="PASS" start="2024-06-18T07:14:24.559650" elapsed="0.001835"/>
</iter>
<iter>
<kw name="Dictionary Should Contain Key" owner="Collections">
<arg>${json_data['results'][0]}</arg>
<arg>${key}</arg>
<doc>Fails if ``key`` is not found from ``dictionary``.</doc>
<status status="PASS" start="2024-06-18T07:14:24.561776" elapsed="0.000381"/>
</kw>
<kw name="Log" owner="BuiltIn">
<msg time="2024-06-18T07:14:24.562688" level="INFO">{'gender': 'male', 'name': {'title': 'Mr', 'first': 'Tihomir', 'last': 'Yastremskiy'}, 'location': {'street': {'number': 736, 'name': 'Provulok Osipenko'}, 'city': 'Globine', 'state': 'Harkivska', 'country': 'Ukraine', 'postcode': 56804, 'coordinates': {'latitude': '76.8165', 'longitude': '-153.5022'}, 'timezone': {'offset': '+7:00', 'description': 'Bangkok, Hanoi, Jakarta'}}, 'email': 'tihomir.yastremskiy@example.com', 'login': {'uuid': 'efd1a3c8-750a-463b-bc0d-2e38bf8ef4eb', 'username': 'angryswan240', 'password': 'rrrr', 'salt': 'BvbQxoRo', 'md5': '4008aefc71cac12a809f1e13afe73e2c', 'sha1': '79753b5df2c864bd96b234d548e031f20e8a8d9d', 'sha256': '72676915dfb6955dc9e04cfb58d59e55bdc681e0e3d43e90a18a1c02b0a1614c'}, 'dob': {'date': '1995-11-03T07:43:51.493Z', 'age': 28}, 'registered': {'date': '2007-01-20T14:22:11.357Z', 'age': 17}, 'phone': '(098) Y59-9286', 'cell': '(098) Q40-1671', 'id': {'name': '', 'value': None}, 'picture': {'large': 'https://randomuser.me/api/portraits/men/55.jpg', 'medium': 'https://randomuser.me/api/portraits/med/men/55.jpg', 'thumbnail': 'https://randomuser.me/api/portraits/thumb/men/55.jpg'}, 'nat': 'UA'}</msg>
<arg>${json_data['results'][0]}</arg>
<doc>Logs the given message with the given level.</doc>
<status status="PASS" start="2024-06-18T07:14:24.562338" elapsed="0.000398"/>
</kw>
<kw name="Log" owner="BuiltIn">
<msg time="2024-06-18T07:14:24.563159" level="INFO">location</msg>
<arg>${key}</arg>
<doc>Logs the given message with the given level.</doc>
<status status="PASS" start="2024-06-18T07:14:24.563030" elapsed="0.000166"/>
</kw>
<var name="${key}">location</var>
<status status="PASS" start="2024-06-18T07:14:24.561664" elapsed="0.001750"/>
</iter>
<iter>
<kw name="Dictionary Should Contain Key" owner="Collections">
<arg>${json_data['results'][0]}</arg>
<arg>${key}</arg>
<doc>Fails if ``key`` is not found from ``dictionary``.</doc>
<status status="PASS" start="2024-06-18T07:14:24.563698" elapsed="0.000391"/>
</kw>
<kw name="Log" owner="BuiltIn">
<msg time="2024-06-18T07:14:24.564624" level="INFO">{'gender': 'male', 'name': {'title': 'Mr', 'first': 'Tihomir', 'last': 'Yastremskiy'}, 'location': {'street': {'number': 736, 'name': 'Provulok Osipenko'}, 'city': 'Globine', 'state': 'Harkivska', 'country': 'Ukraine', 'postcode': 56804, 'coordinates': {'latitude': '76.8165', 'longitude': '-153.5022'}, 'timezone': {'offset': '+7:00', 'description': 'Bangkok, Hanoi, Jakarta'}}, 'email': 'tihomir.yastremskiy@example.com', 'login': {'uuid': 'efd1a3c8-750a-463b-bc0d-2e38bf8ef4eb', 'username': 'angryswan240', 'password': 'rrrr', 'salt': 'BvbQxoRo', 'md5': '4008aefc71cac12a809f1e13afe73e2c', 'sha1': '79753b5df2c864bd96b234d548e031f20e8a8d9d', 'sha256': '72676915dfb6955dc9e04cfb58d59e55bdc681e0e3d43e90a18a1c02b0a1614c'}, 'dob': {'date': '1995-11-03T07:43:51.493Z', 'age': 28}, 'registered': {'date': '2007-01-20T14:22:11.357Z', 'age': 17}, 'phone': '(098) Y59-9286', 'cell': '(098) Q40-1671', 'id': {'name': '', 'value': None}, 'picture': {'large': 'https://randomuser.me/api/portraits/men/55.jpg', 'medium': 'https://randomuser.me/api/portraits/med/men/55.jpg', 'thumbnail': 'https://randomuser.me/api/portraits/thumb/men/55.jpg'}, 'nat': 'UA'}</msg>
<arg>${json_data['results'][0]}</arg>
<doc>Logs the given message with the given level.</doc>
<status status="PASS" start="2024-06-18T07:14:24.564275" elapsed="0.000425"/>
</kw>
<kw name="Log" owner="BuiltIn">
<msg time="2024-06-18T07:14:24.565137" level="INFO">email</msg>
<arg>${key}</arg>
<doc>Logs the given message with the given level.</doc>
<status status="PASS" start="2024-06-18T07:14:24.565008" elapsed="0.000167"/>
</kw>
<var name="${key}">email</var>
<status status="PASS" start="2024-06-18T07:14:24.563588" elapsed="0.001801"/>
</iter>
<iter>
<kw name="Dictionary Should Contain Key" owner="Collections">
<arg>${json_data['results'][0]}</arg>
<arg>${key}</arg>
<doc>Fails if ``key`` is not found from ``dictionary``.</doc>
<status status="PASS" start="2024-06-18T07:14:24.565672" elapsed="0.000395"/>
</kw>
<kw name="Log" owner="BuiltIn">
<msg time="2024-06-18T07:14:24.566608" level="INFO">{'gender': 'male', 'name': {'title': 'Mr', 'first': 'Tihomir', 'last': 'Yastremskiy'}, 'location': {'street': {'number': 736, 'name': 'Provulok Osipenko'}, 'city': 'Globine', 'state': 'Harkivska', 'country': 'Ukraine', 'postcode': 56804, 'coordinates': {'latitude': '76.8165', 'longitude': '-153.5022'}, 'timezone': {'offset': '+7:00', 'description': 'Bangkok, Hanoi, Jakarta'}}, 'email': 'tihomir.yastremskiy@example.com', 'login': {'uuid': 'efd1a3c8-750a-463b-bc0d-2e38bf8ef4eb', 'username': 'angryswan240', 'password': 'rrrr', 'salt': 'BvbQxoRo', 'md5': '4008aefc71cac12a809f1e13afe73e2c', 'sha1': '79753b5df2c864bd96b234d548e031f20e8a8d9d', 'sha256': '72676915dfb6955dc9e04cfb58d59e55bdc681e0e3d43e90a18a1c02b0a1614c'}, 'dob': {'date': '1995-11-03T07:43:51.493Z', 'age': 28}, 'registered': {'date': '2007-01-20T14:22:11.357Z', 'age': 17}, 'phone': '(098) Y59-9286', 'cell': '(098) Q40-1671', 'id': {'name': '', 'value': None}, 'picture': {'large': 'https://randomuser.me/api/portraits/men/55.jpg', 'medium': 'https://randomuser.me/api/portraits/med/men/55.jpg', 'thumbnail': 'https://randomuser.me/api/portraits/thumb/men/55.jpg'}, 'nat': 'UA'}</msg>
<arg>${json_data['results'][0]}</arg>
<doc>Logs the given message with the given level.</doc>
<status status="PASS" start="2024-06-18T07:14:24.566253" elapsed="0.000404"/>
</kw>
<kw name="Log" owner="BuiltIn">
<msg time="2024-06-18T07:14:24.567086" level="INFO">login</msg>
<arg>${key}</arg>
<doc>Logs the given message with the given level.</doc>
<status status="PASS" start="2024-06-18T07:14:24.566956" elapsed="0.000168"/>
</kw>
<var name="${key}">login</var>
<status status="PASS" start="2024-06-18T07:14:24.565563" elapsed="0.001778"/>
</iter>
<var>${key}</var>
<value>@{expected_keys}</value>
<status status="PASS" start="2024-06-18T07:14:24.557466" elapsed="0.009996"/>
</for>
<kw name="Create List" owner="BuiltIn">
<msg time="2024-06-18T07:14:24.567797" level="INFO">${expected_keysTwo} = ['username', 'password']</msg>
<var>${expected_keysTwo}</var>
<arg>username</arg>
<arg>password</arg>
<doc>Returns a list containing given items.</doc>
<status status="PASS" start="2024-06-18T07:14:24.567653" elapsed="0.000167"/>
</kw>
<for flavor="IN">
<iter>
<kw name="Dictionary Should Contain Key" owner="Collections">
<arg>${json_data['results'][0]['login']}</arg>
<arg>${keyTwo}</arg>
<doc>Fails if ``key`` is not found from ``dictionary``.</doc>
<status status="PASS" start="2024-06-18T07:14:24.568351" elapsed="0.000442"/>
</kw>
<kw name="Dictionary Should Contain Key" owner="Collections">
<arg>${json_data['results'][0]['login']}</arg>
<arg>${keyTwo}</arg>
<doc>Fails if ``key`` is not found from ``dictionary``.</doc>
<status status="PASS" start="2024-06-18T07:14:24.568978" elapsed="0.000379"/>
</kw>
<kw name="Log" owner="BuiltIn">
<msg time="2024-06-18T07:14:24.569657" level="INFO">username</msg>
<arg>${keyTwo}</arg>
<doc>Logs the given message with the given level.</doc>
<status status="PASS" start="2024-06-18T07:14:24.569537" elapsed="0.000163"/>
</kw>
<var name="${keyTwo}">username</var>
<status status="PASS" start="2024-06-18T07:14:24.568242" elapsed="0.001682"/>
</iter>
<iter>
<kw name="Dictionary Should Contain Key" owner="Collections">
<arg>${json_data['results'][0]['login']}</arg>
<arg>${keyTwo}</arg>
<doc>Fails if ``key`` is not found from ``dictionary``.</doc>
<status status="PASS" start="2024-06-18T07:14:24.570206" elapsed="0.000390"/>
</kw>
<kw name="Dictionary Should Contain Key" owner="Collections">
<arg>${json_data['results'][0]['login']}</arg>
<arg>${keyTwo}</arg>
<doc>Fails if ``key`` is not found from ``dictionary``.</doc>
<status status="PASS" start="2024-06-18T07:14:24.570775" elapsed="0.000375"/>
</kw>
<kw name="Log" owner="BuiltIn">
<msg time="2024-06-18T07:14:24.571445" level="INFO">password</msg>
<arg>${keyTwo}</arg>
<doc>Logs the given message with the given level.</doc>
<status status="PASS" start="2024-06-18T07:14:24.571327" elapsed="0.000154"/>
</kw>
<var name="${keyTwo}">password</var>
<status status="PASS" start="2024-06-18T07:14:24.570099" elapsed="0.001602"/>
</iter>
<var>${keyTwo}</var>
<value>@{expected_keysTwo}</value>
<status status="PASS" start="2024-06-18T07:14:24.568080" elapsed="0.003741"/>
</for>
<status status="PASS" start="2024-06-18T07:14:24.460088" elapsed="0.111874"/>
</kw>
<doc>Testa a estrutura da resposta da API.</doc>
<tag>testeEstruturaResposta</tag>
<status status="PASS" start="2024-06-18T07:14:24.459470" elapsed="0.112650"/>
</test>
<test id="s1-s1-t4" name="Validar tipos de dados" line="28">
<kw name="Teste de Tipos de Dados" owner="random-user-service">
<kw name="GET On Session" owner="RequestsLibrary">
<msg time="2024-06-18T07:14:24.669296" level="INFO">GET Request : url=https://randomuser.me/api 
 path_url=/api 
 headers={'User-Agent': 'python-requests/2.32.3', 'Accept-Encoding': 'gzip, deflate', 'Accept': '*/*', 'Connection': 'keep-alive'} 
 body=None 
 </msg>
<msg time="2024-06-18T07:14:24.669398" level="INFO">GET Response : url=https://randomuser.me/api 
 status=200, reason=OK 
 headers={'Date': 'Tue, 18 Jun 2024 07:14:24 GMT', 'Content-Type': 'application/json; charset=utf-8', 'Transfer-Encoding': 'chunked', 'Connection': 'keep-alive', 'X-Powered-By': 'Express', 'Access-Control-Allow-Origin': '*', 'Cache-Control': 'no-cache', 'ETag': 'W/"49c-VsNuyBM6nt2c6nh8ln8WtvRIgUg"', 'Vary': 'Accept-Encoding', 'Content-Encoding': 'gzip', 'CF-Cache-Status': 'DYNAMIC', 'Report-To': '{"endpoints":[{"url":"https:\\/\\/a.nel.cloudflare.com\\/report\\/v4?s=1AlBw5CmbAzgQ%2F7Qe%2F9u8puvuUuS2Ty22JbGPOYysVtJ2yWep3ciJ3NXEcw49n2slSr4P8Ca85IkFVgnW8YrxH3weqozsFE%2FBy6NLbtUvC6BXc3jj%2FgzBF%2BxjOv41ncT"}],"group":"cf-nel","max_age":604800}', 'NEL': '{"success_fraction":0,"report_to":"cf-nel","max_age":604800}', 'Server': 'cloudflare', 'CF-RAY': '89597b7799591008-LAX', 'alt-svc': 'h3=":443"; ma=86400'} 
 body={"results":[{"gender":"female","name":{"title":"Ms","first":"Tabita","last":"Santos"},"location":{"street":{"number":6757,"name":"Rua Tiradentes "},"city":"Trindade","state":"Minas Gerais","country":"Brazil","postcode":97173,"coordinates":{"latitude":"-77.8090","longitude":"34.9295"},"timezone":{"offset":"-1:00","description":"Azores, Cape Verde Islands"}},"email":"tabita.santos@example.com","login":{"uuid":"eeb6ade7-fbcb-40ff-b5af-463fa7fdf345","username":"yellowelephant470","password":"phialpha","salt":"TWSc707w","md5":"79b35a7776e9e0b0c7b3720abedd25be","sha1":"7af099bc80db3e5dd338513d40bbb416424af8ae","sha256":"1ba5e9c52467415ec6238bc4ed16bd77dee46fd2e22d3697cfb788601f18fa34"},"dob":{"date":"1957-03-23T16:14:45.879Z","age":67},"registered":{"date":"2021-07-27T21:56:08.560Z","age":2},"phone":"(49) 8922-3915","cell":"(56) 4400-3826","id":{"name":"CPF","value":"036.175.419-51"},"picture":{"large":"https://randomuser.me/api/portraits/women/60.jpg","medium":"https://randomuser.me/api/portraits/med/women/60.jpg","thumbnail":"https://randomuser.me/api/portraits/thumb/women/60.jpg"},"nat":"BR"}],"info":{"seed":"b52e6966f747a751","results":1,"page":1,"version":"1.4"}} 
 </msg>
<msg time="2024-06-18T07:14:24.669471" level="INFO">/opt/hostedtoolcache/Python/3.12.3/x64/lib/python3.12/site-packages/urllib3/connectionpool.py:1099: InsecureRequestWarning: Unverified HTTPS request is being made to host 'randomuser.me'. Adding certificate verification is strongly advised. See: https://urllib3.readthedocs.io/en/latest/advanced-usage.html#tls-warnings
  warnings.warn(</msg>
<msg time="2024-06-18T07:14:24.669605" level="INFO">${response} = &lt;Response [200]&gt;</msg>
<var>${response}</var>
<arg>consultarAPI</arg>
<arg>/api</arg>
<doc>Sends a GET request on a previously created HTTP Session.</doc>
<status status="PASS" start="2024-06-18T07:14:24.574839" elapsed="0.094808"/>
</kw>
<kw name="Set Variable" owner="BuiltIn">
<msg time="2024-06-18T07:14:24.670864" level="INFO">${json_data} = {'results': [{'gender': 'female', 'name': {'title': 'Ms', 'first': 'Tabita', 'last': 'Santos'}, 'location': {'street': {'number': 6757, 'name': 'Rua Tiradentes '}, 'city': 'Trindade', 'state': 'Minas ...</msg>
<var>${json_data}</var>
<arg>${response.json()}</arg>
<doc>Returns the given values which can then be assigned to a variables.</doc>
<status status="PASS" start="2024-06-18T07:14:24.670263" elapsed="0.000631"/>
</kw>
<kw name="Log" owner="BuiltIn">
<msg time="2024-06-18T07:14:24.671469" level="INFO">{'results': [{'gender': 'female', 'name': {'title': 'Ms', 'first': 'Tabita', 'last': 'Santos'}, 'location': {'street': {'number': 6757, 'name': 'Rua Tiradentes '}, 'city': 'Trindade', 'state': 'Minas Gerais', 'country': 'Brazil', 'postcode': 97173, 'coordinates': {'latitude': '-77.8090', 'longitude': '34.9295'}, 'timezone': {'offset': '-1:00', 'description': 'Azores, Cape Verde Islands'}}, 'email': 'tabita.santos@example.com', 'login': {'uuid': 'eeb6ade7-fbcb-40ff-b5af-463fa7fdf345', 'username': 'yellowelephant470', 'password': 'phialpha', 'salt': 'TWSc707w', 'md5': '79b35a7776e9e0b0c7b3720abedd25be', 'sha1': '7af099bc80db3e5dd338513d40bbb416424af8ae', 'sha256': '1ba5e9c52467415ec6238bc4ed16bd77dee46fd2e22d3697cfb788601f18fa34'}, 'dob': {'date': '1957-03-23T16:14:45.879Z', 'age': 67}, 'registered': {'date': '2021-07-27T21:56:08.560Z', 'age': 2}, 'phone': '(49) 8922-3915', 'cell': '(56) 4400-3826', 'id': {'name': 'CPF', 'value': '036.175.419-51'}, 'picture': {'large': 'https://randomuser.me/api/portraits/women/60.jpg', 'medium': 'https://randomuser.me/api/portraits/med/women/60.jpg', 'thumbnail': 'https://randomuser.me/api/portraits/thumb/women/60.jpg'}, 'nat': 'BR'}], 'info': {'seed': 'b52e6966f747a751', 'results': 1, 'page': 1, 'version': '1.4'}}</msg>
<arg>${json_data}</arg>
<doc>Logs the given message with the given level.</doc>
<status status="PASS" start="2024-06-18T07:14:24.671285" elapsed="0.000235"/>
</kw>
<kw name="Should Be String" owner="String">
<arg>${json_data['results'][0]['gender']}</arg>
<doc>Fails if the given ``item`` is not a string.</doc>
<status status="PASS" start="2024-06-18T07:14:24.671861" elapsed="0.000412"/>
</kw>
<kw name="Should Match Regexp" owner="BuiltIn">
<arg>${json_data['results'][0]['email']}</arg>
<arg>^[a-zA-Z0-9._%+-]+@[a-zA-Z0-9.-]+\.[a-zA-Z]{2,}$</arg>
<doc>Fails if ``string`` does not match ``pattern`` as a regular expression.</doc>
<status status="PASS" start="2024-06-18T07:14:24.672482" elapsed="0.000589"/>
</kw>
<kw name="Should Match Regexp" owner="BuiltIn">
<arg>${json_data['results'][0]['dob']['date']}</arg>
<arg>\\d{4}-\\d{2}-\\d{2}T\\d{2}:\\d{2}:\\d{2}\\.\\d{3}Z</arg>
<doc>Fails if ``string`` does not match ``pattern`` as a regular expression.</doc>
<status status="PASS" start="2024-06-18T07:14:24.673321" elapsed="0.000521"/>
</kw>
<kw name="Should Match Regexp" owner="BuiltIn">
<arg>${json_data['results'][0]['registered']['date']}</arg>
<arg>\\d{4}-\\d{2}-\\d{2}T\\d{2}:\\d{2}:\\d{2}\\.\\d{3}Z</arg>
<doc>Fails if ``string`` does not match ``pattern`` as a regular expression.</doc>
<status status="PASS" start="2024-06-18T07:14:24.674043" elapsed="0.000383"/>
</kw>
<kw name="Should Match Regexp" owner="BuiltIn">
<arg>${json_data['results'][0]['picture']['large']}</arg>
<arg>^https?://.*\.(?:png|jpe?g|gif|bmp)$</arg>
<doc>Fails if ``string`` does not match ``pattern`` as a regular expression.</doc>
<status status="PASS" start="2024-06-18T07:14:24.674617" elapsed="0.000487"/>
</kw>
<kw name="Should Match Regexp" owner="BuiltIn">
<arg>${json_data['results'][0]['picture']['medium']}</arg>
<arg>^https?://.*\.(?:png|jpe?g|gif|bmp)$</arg>
<doc>Fails if ``string`` does not match ``pattern`` as a regular expression.</doc>
<status status="PASS" start="2024-06-18T07:14:24.675297" elapsed="0.000365"/>
</kw>
<kw name="Should Match Regexp" owner="BuiltIn">
<arg>${json_data['results'][0]['picture']['thumbnail']}</arg>
<arg>^https?://.*\.(?:png|jpe?g|gif|bmp)$</arg>
<doc>Fails if ``string`` does not match ``pattern`` as a regular expression.</doc>
<status status="PASS" start="2024-06-18T07:14:24.675849" elapsed="0.000355"/>
</kw>
<kw name="Log" owner="BuiltIn">
<msg time="2024-06-18T07:14:24.676779" level="INFO">{'large': 'https://randomuser.me/api/portraits/women/60.jpg', 'medium': 'https://randomuser.me/api/portraits/med/women/60.jpg', 'thumbnail': 'https://randomuser.me/api/portraits/thumb/women/60.jpg'}</msg>
<arg>${json_data['results'][0]['picture']}</arg>
<doc>Logs the given message with the given level.</doc>
<status status="PASS" start="2024-06-18T07:14:24.676399" elapsed="0.000428"/>
</kw>
<status status="PASS" start="2024-06-18T07:14:24.574604" elapsed="0.102524"/>
</kw>
<kw name="Teste de Tipos de Dados - Postcode" owner="random-user-service">
<kw name="GET On Session" owner="RequestsLibrary">
<msg time="2024-06-18T07:14:24.790501" level="INFO">GET Request : url=https://randomuser.me/api 
 path_url=/api 
 headers={'User-Agent': 'python-requests/2.32.3', 'Accept-Encoding': 'gzip, deflate', 'Accept': '*/*', 'Connection': 'keep-alive'} 
 body=None 
 </msg>
<msg time="2024-06-18T07:14:24.790599" level="INFO">GET Response : url=https://randomuser.me/api 
 status=200, reason=OK 
 headers={'Date': 'Tue, 18 Jun 2024 07:14:24 GMT', 'Content-Type': 'application/json; charset=utf-8', 'Transfer-Encoding': 'chunked', 'Connection': 'keep-alive', 'X-Powered-By': 'Express', 'Access-Control-Allow-Origin': '*', 'Cache-Control': 'no-cache', 'ETag': 'W/"46e-W7w4E+UVk/8liKpmBhnL25OOU5E"', 'Vary': 'Accept-Encoding', 'Content-Encoding': 'gzip', 'CF-Cache-Status': 'DYNAMIC', 'Report-To': '{"endpoints":[{"url":"https:\\/\\/a.nel.cloudflare.com\\/report\\/v4?s=A5oGhGNexHCAvogOmmmgpZnB32VvoyElPglzX85h3TH0Ue44Ejg4eXpz0e5B%2FNuCh5szNRGmoe1frsyW7%2BhJ7y8yiUNGqE93E1RHuJT2%2Feu72hxL43cyXXAcZW5So%2FJk"}],"group":"cf-nel","max_age":604800}', 'NEL': '{"success_fraction":0,"report_to":"cf-nel","max_age":604800}', 'Server': 'cloudflare', 'CF-RAY': '89597b784a0f1008-LAX', 'alt-svc': 'h3=":443"; ma=86400'} 
 body={"results":[{"gender":"male","name":{"title":"Mr","first":"Corey","last":"Mills"},"location":{"street":{"number":4771,"name":"Manor Road"},"city":"Lusk","state":"Mayo","country":"Ireland","postcode":61229,"coordinates":{"latitude":"4.2606","longitude":"-83.2519"},"timezone":{"offset":"+7:00","description":"Bangkok, Hanoi, Jakarta"}},"email":"corey.mills@example.com","login":{"uuid":"39d769a9-f8a1-47bb-b353-dc83a69ba9fc","username":"goldenduck887","password":"charger","salt":"8IQgDTT7","md5":"64dda2da4ec86e5120f3f622dd1ca71e","sha1":"d00ec1be78e60cda703ad9c0be0d9c9dce293df2","sha256":"04a11078deb42aaa001f0965f116712972860359ccdea873f942d4c35c9c4ec8"},"dob":{"date":"1988-08-16T09:53:29.415Z","age":35},"registered":{"date":"2012-08-06T10:42:06.318Z","age":11},"phone":"051-466-6597","cell":"081-060-9723","id":{"name":"PPS","value":"0172080T"},"picture":{"large":"https://randomuser.me/api/portraits/men/23.jpg","medium":"https://randomuser.me/api/portraits/med/men/23.jpg","thumbnail":"https://randomuser.me/api/portraits/thumb/men/23.jpg"},"nat":"IE"}],"info":{"seed":"6ce7dd4497c4ee9c","results":1,"page":1,"version":"1.4"}} 
 </msg>
<msg time="2024-06-18T07:14:24.790670" level="INFO">/opt/hostedtoolcache/Python/3.12.3/x64/lib/python3.12/site-packages/urllib3/connectionpool.py:1099: InsecureRequestWarning: Unverified HTTPS request is being made to host 'randomuser.me'. Adding certificate verification is strongly advised. See: https://urllib3.readthedocs.io/en/latest/advanced-usage.html#tls-warnings
  warnings.warn(</msg>
<msg time="2024-06-18T07:14:24.790792" level="INFO">${response} = &lt;Response [200]&gt;</msg>
<var>${response}</var>
<arg>consultarAPI</arg>
<arg>/api</arg>
<doc>Sends a GET request on a previously created HTTP Session.</doc>
<status status="PASS" start="2024-06-18T07:14:24.677612" elapsed="0.113219"/>
</kw>
<kw name="Set Variable" owner="BuiltIn">
<msg time="2024-06-18T07:14:24.792041" level="INFO">${json_data} = {'results': [{'gender': 'male', 'name': {'title': 'Mr', 'first': 'Corey', 'last': 'Mills'}, 'location': {'street': {'number': 4771, 'name': 'Manor Road'}, 'city': 'Lusk', 'state': 'Mayo', 'country': '...</msg>
<var>${json_data}</var>
<arg>${response.json()}</arg>
<doc>Returns the given values which can then be assigned to a variables.</doc>
<status status="PASS" start="2024-06-18T07:14:24.791458" elapsed="0.000612"/>
</kw>
<kw name="Log" owner="BuiltIn">
<msg time="2024-06-18T07:14:24.792545" level="INFO">{'results': [{'gender': 'male', 'name': {'title': 'Mr', 'first': 'Corey', 'last': 'Mills'}, 'location': {'street': {'number': 4771, 'name': 'Manor Road'}, 'city': 'Lusk', 'state': 'Mayo', 'country': 'Ireland', 'postcode': 61229, 'coordinates': {'latitude': '4.2606', 'longitude': '-83.2519'}, 'timezone': {'offset': '+7:00', 'description': 'Bangkok, Hanoi, Jakarta'}}, 'email': 'corey.mills@example.com', 'login': {'uuid': '39d769a9-f8a1-47bb-b353-dc83a69ba9fc', 'username': 'goldenduck887', 'password': 'charger', 'salt': '8IQgDTT7', 'md5': '64dda2da4ec86e5120f3f622dd1ca71e', 'sha1': 'd00ec1be78e60cda703ad9c0be0d9c9dce293df2', 'sha256': '04a11078deb42aaa001f0965f116712972860359ccdea873f942d4c35c9c4ec8'}, 'dob': {'date': '1988-08-16T09:53:29.415Z', 'age': 35}, 'registered': {'date': '2012-08-06T10:42:06.318Z', 'age': 11}, 'phone': '051-466-6597', 'cell': '081-060-9723', 'id': {'name': 'PPS', 'value': '0172080T'}, 'picture': {'large': 'https://randomuser.me/api/portraits/men/23.jpg', 'medium': 'https://randomuser.me/api/portraits/med/men/23.jpg', 'thumbnail': 'https://randomuser.me/api/portraits/thumb/men/23.jpg'}, 'nat': 'IE'}], 'info': {'seed': '6ce7dd4497c4ee9c', 'results': 1, 'page': 1, 'version': '1.4'}}</msg>
<arg>${json_data}</arg>
<doc>Logs the given message with the given level.</doc>
<status status="PASS" start="2024-06-18T07:14:24.792386" elapsed="0.000206"/>
</kw>
<kw name="Should Be Equal As Numbers" owner="BuiltIn">
<arg>${json_data['results'][0]['location']['postcode']}</arg>
<arg>${json_data['results'][0]['location']['postcode']}</arg>
<doc>Fails if objects are unequal after converting them to real numbers.</doc>
<status status="PASS" start="2024-06-18T07:14:24.792943" elapsed="0.000636"/>
</kw>
<kw name="Log" owner="BuiltIn">
<msg time="2024-06-18T07:14:24.794112" level="INFO">61229</msg>
<arg>${json_data['results'][0]['location']['postcode']}</arg>
<doc>Logs the given message with the given level.</doc>
<status status="PASS" start="2024-06-18T07:14:24.793775" elapsed="0.000377"/>
</kw>
<status status="PASS" start="2024-06-18T07:14:24.677370" elapsed="0.117070"/>
</kw>
<doc>Testa se os tipos de dados na resposta da API estão corretos.</doc>
<tag>testeTiposDados</tag>
<status status="PASS" start="2024-06-18T07:14:24.573936" elapsed="0.220683"/>
</test>
<test id="s1-s1-t5" name="Validar conteudo" line="35">
<kw name="Teste de Tipos de Conteudo" owner="random-user-service">
<kw name="GET On Session" owner="RequestsLibrary">
<msg time="2024-06-18T07:14:24.897689" level="INFO">GET Request : url=https://randomuser.me/api 
 path_url=/api 
 headers={'User-Agent': 'python-requests/2.32.3', 'Accept-Encoding': 'gzip, deflate', 'Accept': '*/*', 'Connection': 'keep-alive'} 
 body=None 
 </msg>
<msg time="2024-06-18T07:14:24.897790" level="INFO">GET Response : url=https://randomuser.me/api 
 status=200, reason=OK 
 headers={'Date': 'Tue, 18 Jun 2024 07:14:24 GMT', 'Content-Type': 'application/json; charset=utf-8', 'Transfer-Encoding': 'chunked', 'Connection': 'keep-alive', 'X-Powered-By': 'Express', 'Access-Control-Allow-Origin': '*', 'Cache-Control': 'no-cache', 'ETag': 'W/"4a5-I2WeGej+hDHVUCh1tXCpUEg/jBo"', 'Vary': 'Accept-Encoding', 'Content-Encoding': 'gzip', 'CF-Cache-Status': 'DYNAMIC', 'Report-To': '{"endpoints":[{"url":"https:\\/\\/a.nel.cloudflare.com\\/report\\/v4?s=%2BT5jTQIK8igqVErLS1mcDQFvY%2BEuyxIPDwXPV3G95WJ3NCsfgr%2BL4H7euHk0B0%2BTBgJNBQOTB%2F3htSyHh3vrzk681cyfM%2FrWfMJmxgOF84OblW7B4xtfStAXEMTbvDq1"}],"group":"cf-nel","max_age":604800}', 'NEL': '{"success_fraction":0,"report_to":"cf-nel","max_age":604800}', 'Server': 'cloudflare', 'CF-RAY': '89597b790b201008-LAX', 'alt-svc': 'h3=":443"; ma=86400'} 
 body={"results":[{"gender":"male","name":{"title":"Mr","first":"Tristan","last":"Henry"},"location":{"street":{"number":8730,"name":"Rue Abel-Ferry"},"city":"Montreuil","state":"Saône-et-Loire","country":"France","postcode":14305,"coordinates":{"latitude":"-17.6725","longitude":"-144.9033"},"timezone":{"offset":"+5:30","description":"Bombay, Calcutta, Madras, New Delhi"}},"email":"tristan.henry@example.com","login":{"uuid":"f6bd58d0-618e-46f7-8e44-a2985fa0b779","username":"crazyelephant665","password":"thumper","salt":"AgI6y9Db","md5":"e570d892e3792bcc83d487ef3b4ea7ed","sha1":"3b52dcf211da81cab644746868b6c1237f318348","sha256":"e550032b9edf47e61538fd68640a39a5e7d6101093028be9a883c6387b3c00f4"},"dob":{"date":"1954-01-23T12:43:37.439Z","age":70},"registered":{"date":"2014-05-14T17:34:49.123Z","age":10},"phone":"02-96-07-44-69","cell":"06-59-43-55-91","id":{"name":"INSEE","value":"1540092081823 06"},"picture":{"large":"https://randomuser.me/api/portraits/men/53.jpg","medium":"https://randomuser.me/api/portraits/med/men/53.jpg","thumbnail":"https://randomuser.me/api/portraits/thumb/men/53.jpg"},"nat":"FR"}],"info":{"seed":"a3cb6d871dc2487c","results":1,"page":1,"version":"1.4"}} 
 </msg>
<msg time="2024-06-18T07:14:24.897881" level="INFO">/opt/hostedtoolcache/Python/3.12.3/x64/lib/python3.12/site-packages/urllib3/connectionpool.py:1099: InsecureRequestWarning: Unverified HTTPS request is being made to host 'randomuser.me'. Adding certificate verification is strongly advised. See: https://urllib3.readthedocs.io/en/latest/advanced-usage.html#tls-warnings
  warnings.warn(</msg>
<msg time="2024-06-18T07:14:24.898005" level="INFO">${response} = &lt;Response [200]&gt;</msg>
<var>${response}</var>
<arg>consultarAPI</arg>
<arg>/api</arg>
<doc>Sends a GET request on a previously created HTTP Session.</doc>
<status status="PASS" start="2024-06-18T07:14:24.797366" elapsed="0.100679"/>
</kw>
<kw name="Set Variable" owner="BuiltIn">
<msg time="2024-06-18T07:14:24.899249" level="INFO">${json_data} = {'results': [{'gender': 'male', 'name': {'title': 'Mr', 'first': 'Tristan', 'last': 'Henry'}, 'location': {'street': {'number': 8730, 'name': 'Rue Abel-Ferry'}, 'city': 'Montreuil', 'state': 'Saône-et...</msg>
<var>${json_data}</var>
<arg>${response.json()}</arg>
<doc>Returns the given values which can then be assigned to a variables.</doc>
<status status="PASS" start="2024-06-18T07:14:24.898668" elapsed="0.000611"/>
</kw>
<kw name="Set Variable" owner="BuiltIn">
<msg time="2024-06-18T07:14:24.899966" level="INFO">${name_title} = Mr</msg>
<var>${name_title}</var>
<arg>${json_data["results"][0]["name"]["title"]}</arg>
<doc>Returns the given values which can then be assigned to a variables.</doc>
<status status="PASS" start="2024-06-18T07:14:24.899588" elapsed="0.000403"/>
</kw>
<kw name="Create List" owner="BuiltIn">
<msg time="2024-06-18T07:14:24.900436" level="INFO">${allowed_titles} = ['Mr', 'Ms', 'Miss', 'Mrs', 'Madame', 'Monsieur']</msg>
<var>${allowed_titles}</var>
<arg>Mr</arg>
<arg>Ms</arg>
<arg>Miss</arg>
<arg>Mrs</arg>
<arg>Madame</arg>
<arg>Monsieur</arg>
<doc>Returns a list containing given items.</doc>
<status status="PASS" start="2024-06-18T07:14:24.900286" elapsed="0.000175"/>
</kw>
<kw name="List Should Contain Value" owner="Collections">
<arg>${allowed_titles}</arg>
<arg>${name_title}</arg>
<doc>Fails if the ``value`` is not found from ``list``.</doc>
<status status="PASS" start="2024-06-18T07:14:24.900805" elapsed="0.000183"/>
</kw>
<kw name="Set Variable" owner="BuiltIn">
<msg time="2024-06-18T07:14:24.901530" level="INFO">${name_country} = FR</msg>
<var>${name_country}</var>
<arg>${json_data["results"][0]["nat"]}</arg>
<doc>Returns the given values which can then be assigned to a variables.</doc>
<status status="PASS" start="2024-06-18T07:14:24.901166" elapsed="0.000388"/>
</kw>
<kw name="Create List" owner="BuiltIn">
<msg time="2024-06-18T07:14:24.902440" level="INFO">${list_country} = ['AD', 'AE', 'AF', 'AG', 'AI', 'AL', 'AM', 'AO', 'AQ', 'AR', 'AS', 'AT', 'AU', 'AW', 'AX', 'AZ', 'BA', 'BB', 'BD', 'BE', 'BF', 'BG', 'BH', 'BI', 'BJ', 'BL', 'BM', 'BN', 'BO', 'BQ', 'BR', 'BS', 'BT', '...</msg>
<var>${list_country}</var>
<arg>AD</arg>
<arg>AE</arg>
<arg>AF</arg>
<arg>AG</arg>
<arg>AI</arg>
<arg>AL</arg>
<arg>AM</arg>
<arg>AO</arg>
<arg>AQ</arg>
<arg>AR</arg>
<arg>AS</arg>
<arg>AT</arg>
<arg>AU</arg>
<arg>AW</arg>
<arg>AX</arg>
<arg>AZ</arg>
<arg>BA</arg>
<arg>BB</arg>
<arg>BD</arg>
<arg>BE</arg>
<arg>BF</arg>
<arg>BG</arg>
<arg>BH</arg>
<arg>BI</arg>
<arg>BJ</arg>
<arg>BL</arg>
<arg>BM</arg>
<arg>BN</arg>
<arg>BO</arg>
<arg>BQ</arg>
<arg>BR</arg>
<arg>BS</arg>
<arg>BT</arg>
<arg>BV</arg>
<arg>BW</arg>
<arg>BY</arg>
<arg>BZ</arg>
<arg>CA</arg>
<arg>CC</arg>
<arg>CD</arg>
<arg>CF</arg>
<arg>CG</arg>
<arg>CH</arg>
<arg>CI</arg>
<arg>CK</arg>
<arg>CL</arg>
<arg>CM</arg>
<arg>CN</arg>
<arg>CO</arg>
<arg>CR</arg>
<arg>CU</arg>
<arg>CV</arg>
<arg>CW</arg>
<arg>CX</arg>
<arg>CY</arg>
<arg>CZ</arg>
<arg>DE</arg>
<arg>DJ</arg>
<arg>DK</arg>
<arg>DM</arg>
<arg>DO</arg>
<arg>DZ</arg>
<arg>EC</arg>
<arg>EE</arg>
<arg>EG</arg>
<arg>EH</arg>
<arg>ER</arg>
<arg>ES</arg>
<arg>ET</arg>
<arg>FI</arg>
<arg>FJ</arg>
<arg>FK</arg>
<arg>FM</arg>
<arg>FO</arg>
<arg>FR</arg>
<arg>GA</arg>
<arg>GB</arg>
<arg>GD</arg>
<arg>GE</arg>
<arg>GF</arg>
<arg>GG</arg>
<arg>GH</arg>
<arg>GI</arg>
<arg>GL</arg>
<arg>GM</arg>
<arg>GN</arg>
<arg>GP</arg>
<arg>GQ</arg>
<arg>GR</arg>
<arg>GS</arg>
<arg>GT</arg>
<arg>GU</arg>
<arg>GW</arg>
<arg>GY</arg>
<arg>HK</arg>
<arg>HM</arg>
<arg>HN</arg>
<arg>HR</arg>
<arg>HT</arg>
<arg>HU</arg>
<arg>ID</arg>
<arg>IE</arg>
<arg>IL</arg>
<arg>IM</arg>
<arg>IN</arg>
<arg>IO</arg>
<arg>IQ</arg>
<arg>IR</arg>
<arg>IS</arg>
<arg>IT</arg>
<arg>JE</arg>
<arg>JM</arg>
<arg>JO</arg>
<arg>JP</arg>
<arg>KE</arg>
<arg>KG</arg>
<arg>KH</arg>
<arg>KI</arg>
<arg>KM</arg>
<arg>KN</arg>
<arg>KP</arg>
<arg>KR</arg>
<arg>KW</arg>
<arg>KY</arg>
<arg>KZ</arg>
<arg>LA</arg>
<arg>LB</arg>
<arg>LC</arg>
<arg>LI</arg>
<arg>LK</arg>
<arg>LR</arg>
<arg>LS</arg>
<arg>LT</arg>
<arg>LU</arg>
<arg>LV</arg>
<arg>LY</arg>
<arg>MA</arg>
<arg>MC</arg>
<arg>MD</arg>
<arg>ME</arg>
<arg>MF</arg>
<arg>MG</arg>
<arg>MH</arg>
<arg>MK</arg>
<arg>ML</arg>
<arg>MM</arg>
<arg>MN</arg>
<arg>MO</arg>
<arg>MP</arg>
<arg>MQ</arg>
<arg>MR</arg>
<arg>MS</arg>
<arg>MT</arg>
<arg>MU</arg>
<arg>MV</arg>
<arg>MW</arg>
<arg>MX</arg>
<arg>MY</arg>
<arg>MZ</arg>
<arg>NA</arg>
<arg>NC</arg>
<arg>NE</arg>
<arg>NF</arg>
<arg>NG</arg>
<arg>NI</arg>
<arg>NL</arg>
<arg>NO</arg>
<arg>NP</arg>
<arg>NR</arg>
<arg>NU</arg>
<arg>NZ</arg>
<arg>OM</arg>
<arg>PA</arg>
<arg>PE</arg>
<arg>PF</arg>
<arg>PG</arg>
<arg>PH</arg>
<arg>PK</arg>
<arg>PL</arg>
<arg>PM</arg>
<arg>PN</arg>
<arg>PR</arg>
<arg>PS</arg>
<arg>PT</arg>
<arg>PW</arg>
<arg>PY</arg>
<arg>QA</arg>
<arg>RE</arg>
<arg>RO</arg>
<arg>RS</arg>
<arg>RU</arg>
<arg>RW</arg>
<arg>SA</arg>
<arg>SB</arg>
<arg>SC</arg>
<arg>SD</arg>
<arg>SE</arg>
<arg>SG</arg>
<arg>SH</arg>
<arg>SI</arg>
<arg>SJ</arg>
<arg>SK</arg>
<arg>SL</arg>
<arg>SM</arg>
<arg>SN</arg>
<arg>SO</arg>
<arg>SR</arg>
<arg>SS</arg>
<arg>ST</arg>
<arg>SV</arg>
<arg>SX</arg>
<arg>SY</arg>
<arg>SZ</arg>
<arg>TC</arg>
<arg>TD</arg>
<arg>TF</arg>
<arg>TG</arg>
<arg>TH</arg>
<arg>TJ</arg>
<arg>TK</arg>
<arg>TL</arg>
<arg>TM</arg>
<arg>TN</arg>
<arg>TO</arg>
<arg>TR</arg>
<arg>TT</arg>
<arg>TV</arg>
<arg>TW</arg>
<arg>TZ</arg>
<arg>UA</arg>
<arg>UG</arg>
<arg>UM</arg>
<arg>US</arg>
<arg>UY</arg>
<arg>UZ</arg>
<arg>VA</arg>
<arg>VC</arg>
<arg>VE</arg>
<arg>VG</arg>
<arg>VI</arg>
<arg>VN</arg>
<arg>VU</arg>
<arg>WF</arg>
<arg>WS</arg>
<arg>XK</arg>
<arg>YE</arg>
<arg>YT</arg>
<arg>ZA</arg>
<arg>ZM</arg>
<arg>ZW</arg>
<doc>Returns a list containing given items.</doc>
<status status="PASS" start="2024-06-18T07:14:24.901846" elapsed="0.000620"/>
</kw>
<kw name="List Should Contain Value" owner="Collections">
<arg>${list_country}</arg>
<arg>${name_country}</arg>
<doc>Fails if the ``value`` is not found from ``list``.</doc>
<status status="PASS" start="2024-06-18T07:14:24.903268" elapsed="0.000207"/>
</kw>
<kw name="Run Keyword If" owner="BuiltIn">
<kw name="Should Be True" owner="BuiltIn">
<arg>${True}</arg>
<doc>Fails if the given condition is not true.</doc>
<status status="PASS" start="2024-06-18T07:14:24.904417" elapsed="0.000142"/>
</kw>
<arg>${json_data["results"][0]["location"]["coordinates"]["latitude"]} &gt;= -90 and ${json_data["results"][0]["location"]["coordinates"]["latitude"]} &lt;= 90</arg>
<arg>Should Be True</arg>
<arg>${True}</arg>
<doc>Runs the given keyword with the given arguments, if ``condition`` is true.</doc>
<status status="PASS" start="2024-06-18T07:14:24.903675" elapsed="0.001037"/>
</kw>
<kw name="Run Keyword If" owner="BuiltIn">
<kw name="Should Be True" owner="BuiltIn">
<arg>${True}</arg>
<doc>Fails if the given condition is not true.</doc>
<status status="PASS" start="2024-06-18T07:14:24.905612" elapsed="0.000138"/>
</kw>
<arg>${json_data["results"][0]["location"]["coordinates"]["longitude"]} &gt;= -180 and ${json_data["results"][0]["location"]["coordinates"]["longitude"]} &lt;= 180</arg>
<arg>Should Be True</arg>
<arg>${True}</arg>
<doc>Runs the given keyword with the given arguments, if ``condition`` is true.</doc>
<status status="PASS" start="2024-06-18T07:14:24.904909" elapsed="0.000964"/>
</kw>
<status status="PASS" start="2024-06-18T07:14:24.796965" elapsed="0.109040"/>
</kw>
<doc>Testa o conteúdo específico dos campos retornados pela API.</doc>
<tag>testeConteudo</tag>
<status status="PASS" start="2024-06-18T07:14:24.796385" elapsed="0.109775"/>
</test>
<status status="PASS" start="2024-06-18T07:14:23.829759" elapsed="1.078388"/>
</suite>
<status status="PASS" start="2024-06-18T07:14:23.815102" elapsed="1.098302"/>
</suite>
<statistics>
<total>
<stat pass="5" fail="0" skip="0">All Tests</stat>
</total>
<tag>
<stat pass="1" fail="0" skip="0">testeConteudo</stat>
<stat pass="1" fail="0" skip="0">testeEstruturaResposta</stat>
<stat pass="1" fail="0" skip="0">testeRequisicaoBasica</stat>
<stat pass="1" fail="0" skip="0">testeTiposDados</stat>
</tag>
<suite>
<stat pass="5" fail="0" skip="0" id="s1" name="Tests">Tests</stat>
<stat pass="5" fail="0" skip="0" id="s1-s1" name="Random-User-Test">Tests.Random-User-Test</stat>
</suite>
</statistics>
<errors>
</errors>
</robot>
