<?xml version="1.0" encoding="UTF-8"?>
<robot generator="Robot 7.0.1 (Python 3.12.4 on linux)" generated="2024-07-13T21:14:08.884910" rpa="false" schemaversion="5">
<suite id="s1" name="Tests" source="/home/runner/work/ApiRandomUser/ApiRandomUser/RamdonUser/tests">
<suite id="s1-s1" name="Random-User-Test" source="/home/runner/work/ApiRandomUser/ApiRandomUser/RamdonUser/tests/random-user-test.robot">
<test id="s1-s1-t1" name="Conectar" line="13">
<kw name="Conectar API" owner="random-user-service">
<kw name="Create Session" owner="RequestsLibrary">
<msg time="2024-07-13T21:14:09.290177" level="INFO">Creating Session using : alias=consultarAPI, url=https://randomuser.me/, headers={},                     cookies={}, auth=None, timeout=None, proxies=None, verify=False,                     debug=0 </msg>
<arg>consultarAPI</arg>
<arg>${URL}</arg>
<doc>Create Session: create a HTTP session to a server</doc>
<status status="PASS" start="2024-07-13T21:14:09.289972" elapsed="0.000385"/>
</kw>
<status status="PASS" start="2024-07-13T21:14:09.288992" elapsed="0.001729"/>
</kw>
<status status="PASS" start="2024-07-13T21:14:09.288424" elapsed="0.002495"/>
</test>
<test id="s1-s1-t2" name="Validar retorno 200 e JSON Válido" line="16">
<kw name="Teste de Requisicao Basica" owner="random-user-service">
<kw name="GET On Session" owner="RequestsLibrary">
<msg time="2024-07-13T21:14:09.589924" level="INFO">GET Request : url=https://randomuser.me/api 
 path_url=/api 
 headers={'User-Agent': 'python-requests/2.32.3', 'Accept-Encoding': 'gzip, deflate', 'Accept': '*/*', 'Connection': 'keep-alive'} 
 body=None 
 </msg>
<msg time="2024-07-13T21:14:09.590076" level="INFO">GET Response : url=https://randomuser.me/api 
 status=200, reason=OK 
 headers={'Date': 'Sat, 13 Jul 2024 21:14:09 GMT', 'Content-Type': 'application/json; charset=utf-8', 'Transfer-Encoding': 'chunked', 'Connection': 'keep-alive', 'X-Powered-By': 'Express', 'Access-Control-Allow-Origin': '*', 'Cache-Control': 'no-cache', 'ETag': 'W/"48f-cUMfaEWZmqLnGPllwWbFMRNFkZg"', 'Vary': 'Accept-Encoding', 'Content-Encoding': 'gzip', 'CF-Cache-Status': 'DYNAMIC', 'Report-To': '{"endpoints":[{"url":"https:\\/\\/a.nel.cloudflare.com\\/report\\/v4?s=v7eVTVt34QivA2f9fxQJcoO02durrwPxh0R1mE0Mh3XBoiM1VH5NPyPYWtWozEMT9N%2BJ7SVs%2B8aA8bTLG%2FHADZi4%2BayGb1bqFMCsIG2RjIROfmX%2BGxf5r1l0%2FUf1pa7r"}],"group":"cf-nel","max_age":604800}', 'NEL': '{"success_fraction":0,"report_to":"cf-nel","max_age":604800}', 'Server': 'cloudflare', 'CF-RAY': '8a2c47f19ff6e283-ORD', 'alt-svc': 'h3=":443"; ma=86400'} 
 body={"results":[{"gender":"female","name":{"title":"Ms","first":"Sophie","last":"Brown"},"location":{"street":{"number":8092,"name":"Lunn Avenue"},"city":"Auckland","state":"Gisborne","country":"New Zealand","postcode":85328,"coordinates":{"latitude":"50.3838","longitude":"95.0978"},"timezone":{"offset":"-4:00","description":"Atlantic Time (Canada), Caracas, La Paz"}},"email":"sophie.brown@example.com","login":{"uuid":"e0d4c703-d805-498d-9f4f-0649b06deaf7","username":"whitebird449","password":"cypress","salt":"GdtKG3J0","md5":"faba9f8e10a2f74f1fe7c566c51c7898","sha1":"df4127942a54f1a8d8629609cc96c816d2dcb3b1","sha256":"8a36b24bc38d47736404347f606736976aefadb810303bb67ddd52407ee11379"},"dob":{"date":"1959-06-29T22:58:55.199Z","age":65},"registered":{"date":"2013-08-28T11:25:16.150Z","age":10},"phone":"(038)-869-4028","cell":"(353)-500-4941","id":{"name":"","value":null},"picture":{"large":"https://randomuser.me/api/portraits/women/72.jpg","medium":"https://randomuser.me/api/portraits/med/women/72.jpg","thumbnail":"https://randomuser.me/api/portraits/thumb/women/72.jpg"},"nat":"NZ"}],"info":{"seed":"a2dfde5978f1b8c3","results":1,"page":1,"version":"1.4"}} 
 </msg>
<msg time="2024-07-13T21:14:09.590160" level="INFO">/opt/hostedtoolcache/Python/3.12.4/x64/lib/python3.12/site-packages/urllib3/connectionpool.py:1099: InsecureRequestWarning: Unverified HTTPS request is being made to host 'randomuser.me'. Adding certificate verification is strongly advised. See: https://urllib3.readthedocs.io/en/latest/advanced-usage.html#tls-warnings
  warnings.warn(</msg>
<msg time="2024-07-13T21:14:09.590328" level="INFO">${response} = &lt;Response [200]&gt;</msg>
<var>${response}</var>
<arg>consultarAPI</arg>
<arg>/api</arg>
<doc>Sends a GET request on a previously created HTTP Session.</doc>
<status status="PASS" start="2024-07-13T21:14:09.293555" elapsed="0.296816"/>
</kw>
<kw name="Should Be Equal As Numbers" owner="BuiltIn">
<msg time="2024-07-13T21:14:09.591356" level="INFO">Argument types are:
&lt;class 'int'&gt;
&lt;class 'str'&gt;</msg>
<arg>${response.status_code}</arg>
<arg>200</arg>
<doc>Fails if objects are unequal after converting them to real numbers.</doc>
<status status="PASS" start="2024-07-13T21:14:09.590879" elapsed="0.000546"/>
</kw>
<kw name="Log" owner="BuiltIn">
<msg time="2024-07-13T21:14:09.592183" level="INFO">200</msg>
<arg>${response.status_code}</arg>
<doc>Logs the given message with the given level.</doc>
<status status="PASS" start="2024-07-13T21:14:09.591812" elapsed="0.000416"/>
</kw>
<kw name="Set Variable" owner="BuiltIn">
<msg time="2024-07-13T21:14:09.592995" level="INFO">${json_data} = {'results': [{'gender': 'female', 'name': {'title': 'Ms', 'first': 'Sophie', 'last': 'Brown'}, 'location': {'street': {'number': 8092, 'name': 'Lunn Avenue'}, 'city': 'Auckland', 'state': 'Gisborne', ...</msg>
<var>${json_data}</var>
<arg>${response.json()}</arg>
<doc>Returns the given values which can then be assigned to a variables.</doc>
<status status="PASS" start="2024-07-13T21:14:09.592545" elapsed="0.000479"/>
</kw>
<kw name="Dictionary Should Contain Key" owner="Collections">
<arg>${json_data}</arg>
<arg>results</arg>
<doc>Fails if ``key`` is not found from ``dictionary``.</doc>
<status status="PASS" start="2024-07-13T21:14:09.593327" elapsed="0.000169"/>
</kw>
<status status="PASS" start="2024-07-13T21:14:09.293296" elapsed="0.300359"/>
</kw>
<doc>Testa se a API responde corretamente e retorna um objeto JSON válido.</doc>
<tag>testeRequisicaoBasica</tag>
<status status="PASS" start="2024-07-13T21:14:09.292827" elapsed="0.301015"/>
</test>
<test id="s1-s1-t3" name="Validar estrutura de resposta" line="22">
<kw name="Teste de Estrutura de Resposta" owner="random-user-service">
<kw name="GET On Session" owner="RequestsLibrary">
<msg time="2024-07-13T21:14:09.688149" level="INFO">GET Request : url=https://randomuser.me/api 
 path_url=/api 
 headers={'User-Agent': 'python-requests/2.32.3', 'Accept-Encoding': 'gzip, deflate', 'Accept': '*/*', 'Connection': 'keep-alive'} 
 body=None 
 </msg>
<msg time="2024-07-13T21:14:09.688279" level="INFO">GET Response : url=https://randomuser.me/api 
 status=200, reason=OK 
 headers={'Date': 'Sat, 13 Jul 2024 21:14:09 GMT', 'Content-Type': 'application/json; charset=utf-8', 'Transfer-Encoding': 'chunked', 'Connection': 'keep-alive', 'X-Powered-By': 'Express', 'Access-Control-Allow-Origin': '*', 'Cache-Control': 'no-cache', 'ETag': 'W/"486-D5bRt+gd3W7JKCkx529ELM4fn4Q"', 'Vary': 'Accept-Encoding', 'Content-Encoding': 'gzip', 'CF-Cache-Status': 'DYNAMIC', 'Report-To': '{"endpoints":[{"url":"https:\\/\\/a.nel.cloudflare.com\\/report\\/v4?s=ig1wsqOGn%2FVdEPPAtwfvA9Clzowm%2FzT6Ei4gYD563kZJJHu%2B69gFEChaKD0fTPEw6SbwSEYz2lAqm6E2MO7MZ4G%2BpYCjnGSp57c%2FL4Tq8V57w7VRPuwa40elNQuZunyt"}],"group":"cf-nel","max_age":604800}', 'NEL': '{"success_fraction":0,"report_to":"cf-nel","max_age":604800}', 'Server': 'cloudflare', 'CF-RAY': '8a2c47f1f842e283-ORD', 'alt-svc': 'h3=":443"; ma=86400'} 
 body={"results":[{"gender":"male","name":{"title":"Mr","first":"Boško","last":"Grujić"},"location":{"street":{"number":3368,"name":"Labljanska"},"city":"Niš","state":"Braničevo","country":"Serbia","postcode":20771,"coordinates":{"latitude":"62.0298","longitude":"-29.9794"},"timezone":{"offset":"+1:00","description":"Brussels, Copenhagen, Madrid, Paris"}},"email":"bosko.grujic@example.com","login":{"uuid":"12756801-078e-46f0-95c9-00943c7b7f20","username":"silverlion155","password":"freedom1","salt":"aCI4z8b1","md5":"bbc8243c71e491c0e4ca6033ebbe93f2","sha1":"81f6d0e6c19254a674135d44c2153eaaf2a34a2f","sha256":"0c38be38e12814f86a3b9e11a516d48b3a42621c9a5ce38dd87f214b57664d96"},"dob":{"date":"1944-11-12T22:45:16.091Z","age":79},"registered":{"date":"2014-04-09T10:01:22.863Z","age":10},"phone":"017-4649-109","cell":"060-6830-019","id":{"name":"SID","value":"572678744"},"picture":{"large":"https://randomuser.me/api/portraits/men/27.jpg","medium":"https://randomuser.me/api/portraits/med/men/27.jpg","thumbnail":"https://randomuser.me/api/portraits/thumb/men/27.jpg"},"nat":"RS"}],"info":{"seed":"0396ca4592b114f0","results":1,"page":1,"version":"1.4"}} 
 </msg>
<msg time="2024-07-13T21:14:09.688448" level="INFO">/opt/hostedtoolcache/Python/3.12.4/x64/lib/python3.12/site-packages/urllib3/connectionpool.py:1099: InsecureRequestWarning: Unverified HTTPS request is being made to host 'randomuser.me'. Adding certificate verification is strongly advised. See: https://urllib3.readthedocs.io/en/latest/advanced-usage.html#tls-warnings
  warnings.warn(</msg>
<msg time="2024-07-13T21:14:09.688602" level="INFO">${response} = &lt;Response [200]&gt;</msg>
<var>${response}</var>
<arg>consultarAPI</arg>
<arg>/api</arg>
<doc>Sends a GET request on a previously created HTTP Session.</doc>
<status status="PASS" start="2024-07-13T21:14:09.596572" elapsed="0.092075"/>
</kw>
<kw name="Set Variable" owner="BuiltIn">
<msg time="2024-07-13T21:14:09.689966" level="INFO">${json_data} = {'results': [{'gender': 'male', 'name': {'title': 'Mr', 'first': 'Boško', 'last': 'Grujić'}, 'location': {'street': {'number': 3368, 'name': 'Labljanska'}, 'city': 'Niš', 'state': 'Braničevo', 'countr...</msg>
<var>${json_data}</var>
<arg>${response.json()}</arg>
<doc>Returns the given values which can then be assigned to a variables.</doc>
<status status="PASS" start="2024-07-13T21:14:09.689237" elapsed="0.000777"/>
</kw>
<kw name="Log" owner="BuiltIn">
<msg time="2024-07-13T21:14:09.690748" level="INFO">{'results': [{'gender': 'male', 'name': {'title': 'Mr', 'first': 'Boško', 'last': 'Grujić'}, 'location': {'street': {'number': 3368, 'name': 'Labljanska'}, 'city': 'Niš', 'state': 'Braničevo', 'country': 'Serbia', 'postcode': 20771, 'coordinates': {'latitude': '62.0298', 'longitude': '-29.9794'}, 'timezone': {'offset': '+1:00', 'description': 'Brussels, Copenhagen, Madrid, Paris'}}, 'email': 'bosko.grujic@example.com', 'login': {'uuid': '12756801-078e-46f0-95c9-00943c7b7f20', 'username': 'silverlion155', 'password': 'freedom1', 'salt': 'aCI4z8b1', 'md5': 'bbc8243c71e491c0e4ca6033ebbe93f2', 'sha1': '81f6d0e6c19254a674135d44c2153eaaf2a34a2f', 'sha256': '0c38be38e12814f86a3b9e11a516d48b3a42621c9a5ce38dd87f214b57664d96'}, 'dob': {'date': '1944-11-12T22:45:16.091Z', 'age': 79}, 'registered': {'date': '2014-04-09T10:01:22.863Z', 'age': 10}, 'phone': '017-4649-109', 'cell': '060-6830-019', 'id': {'name': 'SID', 'value': '572678744'}, 'picture': {'large': 'https://randomuser.me/api/portraits/men/27.jpg', 'medium': 'https://randomuser.me/api/portraits/med/men/27.jpg', 'thumbnail': 'https://randomuser.me/api/portraits/thumb/men/27.jpg'}, 'nat': 'RS'}], 'info': {'seed': '0396ca4592b114f0', 'results': 1, 'page': 1, 'version': '1.4'}}</msg>
<arg>${json_data}</arg>
<doc>Logs the given message with the given level.</doc>
<status status="PASS" start="2024-07-13T21:14:09.690486" elapsed="0.000353"/>
</kw>
<kw name="Dictionary Should Contain Key" owner="Collections">
<arg>${json_data}</arg>
<arg>results</arg>
<doc>Fails if ``key`` is not found from ``dictionary``.</doc>
<status status="PASS" start="2024-07-13T21:14:09.691162" elapsed="0.000171"/>
</kw>
<kw name="Should Not Be Empty" owner="BuiltIn">
<msg time="2024-07-13T21:14:09.691669" level="INFO">Length is 2.</msg>
<arg>${json_data}</arg>
<doc>Verifies that the given item is not empty.</doc>
<status status="PASS" start="2024-07-13T21:14:09.691530" elapsed="0.000233"/>
</kw>
<kw name="Create List" owner="BuiltIn">
<msg time="2024-07-13T21:14:09.692245" level="INFO">${expected_keys} = ['gender', 'name', 'location', 'email', 'login']</msg>
<var>${expected_keys}</var>
<arg>gender</arg>
<arg>name</arg>
<arg>location</arg>
<arg>email</arg>
<arg>login</arg>
<doc>Returns a list containing given items.</doc>
<status status="PASS" start="2024-07-13T21:14:09.692091" elapsed="0.000178"/>
</kw>
<for flavor="IN">
<iter>
<kw name="Dictionary Should Contain Key" owner="Collections">
<arg>${json_data['results'][0]}</arg>
<arg>${key}</arg>
<doc>Fails if ``key`` is not found from ``dictionary``.</doc>
<status status="PASS" start="2024-07-13T21:14:09.693023" elapsed="0.000415"/>
</kw>
<kw name="Log" owner="BuiltIn">
<msg time="2024-07-13T21:14:09.694007" level="INFO">{'gender': 'male', 'name': {'title': 'Mr', 'first': 'Boško', 'last': 'Grujić'}, 'location': {'street': {'number': 3368, 'name': 'Labljanska'}, 'city': 'Niš', 'state': 'Braničevo', 'country': 'Serbia', 'postcode': 20771, 'coordinates': {'latitude': '62.0298', 'longitude': '-29.9794'}, 'timezone': {'offset': '+1:00', 'description': 'Brussels, Copenhagen, Madrid, Paris'}}, 'email': 'bosko.grujic@example.com', 'login': {'uuid': '12756801-078e-46f0-95c9-00943c7b7f20', 'username': 'silverlion155', 'password': 'freedom1', 'salt': 'aCI4z8b1', 'md5': 'bbc8243c71e491c0e4ca6033ebbe93f2', 'sha1': '81f6d0e6c19254a674135d44c2153eaaf2a34a2f', 'sha256': '0c38be38e12814f86a3b9e11a516d48b3a42621c9a5ce38dd87f214b57664d96'}, 'dob': {'date': '1944-11-12T22:45:16.091Z', 'age': 79}, 'registered': {'date': '2014-04-09T10:01:22.863Z', 'age': 10}, 'phone': '017-4649-109', 'cell': '060-6830-019', 'id': {'name': 'SID', 'value': '572678744'}, 'picture': {'large': 'https://randomuser.me/api/portraits/men/27.jpg', 'medium': 'https://randomuser.me/api/portraits/med/men/27.jpg', 'thumbnail': 'https://randomuser.me/api/portraits/thumb/men/27.jpg'}, 'nat': 'RS'}</msg>
<arg>${json_data['results'][0]}</arg>
<doc>Logs the given message with the given level.</doc>
<status status="PASS" start="2024-07-13T21:14:09.693636" elapsed="0.000426"/>
</kw>
<kw name="Log" owner="BuiltIn">
<msg time="2024-07-13T21:14:09.694504" level="INFO">gender</msg>
<arg>${key}</arg>
<doc>Logs the given message with the given level.</doc>
<status status="PASS" start="2024-07-13T21:14:09.694374" elapsed="0.000169"/>
</kw>
<var name="${key}">gender</var>
<status status="PASS" start="2024-07-13T21:14:09.692891" elapsed="0.001872"/>
</iter>
<iter>
<kw name="Dictionary Should Contain Key" owner="Collections">
<arg>${json_data['results'][0]}</arg>
<arg>${key}</arg>
<doc>Fails if ``key`` is not found from ``dictionary``.</doc>
<status status="PASS" start="2024-07-13T21:14:09.695066" elapsed="0.000396"/>
</kw>
<kw name="Log" owner="BuiltIn">
<msg time="2024-07-13T21:14:09.696043" level="INFO">{'gender': 'male', 'name': {'title': 'Mr', 'first': 'Boško', 'last': 'Grujić'}, 'location': {'street': {'number': 3368, 'name': 'Labljanska'}, 'city': 'Niš', 'state': 'Braničevo', 'country': 'Serbia', 'postcode': 20771, 'coordinates': {'latitude': '62.0298', 'longitude': '-29.9794'}, 'timezone': {'offset': '+1:00', 'description': 'Brussels, Copenhagen, Madrid, Paris'}}, 'email': 'bosko.grujic@example.com', 'login': {'uuid': '12756801-078e-46f0-95c9-00943c7b7f20', 'username': 'silverlion155', 'password': 'freedom1', 'salt': 'aCI4z8b1', 'md5': 'bbc8243c71e491c0e4ca6033ebbe93f2', 'sha1': '81f6d0e6c19254a674135d44c2153eaaf2a34a2f', 'sha256': '0c38be38e12814f86a3b9e11a516d48b3a42621c9a5ce38dd87f214b57664d96'}, 'dob': {'date': '1944-11-12T22:45:16.091Z', 'age': 79}, 'registered': {'date': '2014-04-09T10:01:22.863Z', 'age': 10}, 'phone': '017-4649-109', 'cell': '060-6830-019', 'id': {'name': 'SID', 'value': '572678744'}, 'picture': {'large': 'https://randomuser.me/api/portraits/men/27.jpg', 'medium': 'https://randomuser.me/api/portraits/med/men/27.jpg', 'thumbnail': 'https://randomuser.me/api/portraits/thumb/men/27.jpg'}, 'nat': 'RS'}</msg>
<arg>${json_data['results'][0]}</arg>
<doc>Logs the given message with the given level.</doc>
<status status="PASS" start="2024-07-13T21:14:09.695648" elapsed="0.000490"/>
</kw>
<kw name="Log" owner="BuiltIn">
<msg time="2024-07-13T21:14:09.696580" level="INFO">name</msg>
<arg>${key}</arg>
<doc>Logs the given message with the given level.</doc>
<status status="PASS" start="2024-07-13T21:14:09.696444" elapsed="0.000175"/>
</kw>
<var name="${key}">name</var>
<status status="PASS" start="2024-07-13T21:14:09.694953" elapsed="0.001885"/>
</iter>
<iter>
<kw name="Dictionary Should Contain Key" owner="Collections">
<arg>${json_data['results'][0]}</arg>
<arg>${key}</arg>
<doc>Fails if ``key`` is not found from ``dictionary``.</doc>
<status status="PASS" start="2024-07-13T21:14:09.697125" elapsed="0.000388"/>
</kw>
<kw name="Log" owner="BuiltIn">
<msg time="2024-07-13T21:14:09.698048" level="INFO">{'gender': 'male', 'name': {'title': 'Mr', 'first': 'Boško', 'last': 'Grujić'}, 'location': {'street': {'number': 3368, 'name': 'Labljanska'}, 'city': 'Niš', 'state': 'Braničevo', 'country': 'Serbia', 'postcode': 20771, 'coordinates': {'latitude': '62.0298', 'longitude': '-29.9794'}, 'timezone': {'offset': '+1:00', 'description': 'Brussels, Copenhagen, Madrid, Paris'}}, 'email': 'bosko.grujic@example.com', 'login': {'uuid': '12756801-078e-46f0-95c9-00943c7b7f20', 'username': 'silverlion155', 'password': 'freedom1', 'salt': 'aCI4z8b1', 'md5': 'bbc8243c71e491c0e4ca6033ebbe93f2', 'sha1': '81f6d0e6c19254a674135d44c2153eaaf2a34a2f', 'sha256': '0c38be38e12814f86a3b9e11a516d48b3a42621c9a5ce38dd87f214b57664d96'}, 'dob': {'date': '1944-11-12T22:45:16.091Z', 'age': 79}, 'registered': {'date': '2014-04-09T10:01:22.863Z', 'age': 10}, 'phone': '017-4649-109', 'cell': '060-6830-019', 'id': {'name': 'SID', 'value': '572678744'}, 'picture': {'large': 'https://randomuser.me/api/portraits/men/27.jpg', 'medium': 'https://randomuser.me/api/portraits/med/men/27.jpg', 'thumbnail': 'https://randomuser.me/api/portraits/thumb/men/27.jpg'}, 'nat': 'RS'}</msg>
<arg>${json_data['results'][0]}</arg>
<doc>Logs the given message with the given level.</doc>
<status status="PASS" start="2024-07-13T21:14:09.697697" elapsed="0.000412"/>
</kw>
<kw name="Log" owner="BuiltIn">
<msg time="2024-07-13T21:14:09.698533" level="INFO">location</msg>
<arg>${key}</arg>
<doc>Logs the given message with the given level.</doc>
<status status="PASS" start="2024-07-13T21:14:09.698406" elapsed="0.000163"/>
</kw>
<var name="${key}">location</var>
<status status="PASS" start="2024-07-13T21:14:09.697017" elapsed="0.001768"/>
</iter>
<iter>
<kw name="Dictionary Should Contain Key" owner="Collections">
<arg>${json_data['results'][0]}</arg>
<arg>${key}</arg>
<doc>Fails if ``key`` is not found from ``dictionary``.</doc>
<status status="PASS" start="2024-07-13T21:14:09.699065" elapsed="0.000388"/>
</kw>
<kw name="Log" owner="BuiltIn">
<msg time="2024-07-13T21:14:09.700028" level="INFO">{'gender': 'male', 'name': {'title': 'Mr', 'first': 'Boško', 'last': 'Grujić'}, 'location': {'street': {'number': 3368, 'name': 'Labljanska'}, 'city': 'Niš', 'state': 'Braničevo', 'country': 'Serbia', 'postcode': 20771, 'coordinates': {'latitude': '62.0298', 'longitude': '-29.9794'}, 'timezone': {'offset': '+1:00', 'description': 'Brussels, Copenhagen, Madrid, Paris'}}, 'email': 'bosko.grujic@example.com', 'login': {'uuid': '12756801-078e-46f0-95c9-00943c7b7f20', 'username': 'silverlion155', 'password': 'freedom1', 'salt': 'aCI4z8b1', 'md5': 'bbc8243c71e491c0e4ca6033ebbe93f2', 'sha1': '81f6d0e6c19254a674135d44c2153eaaf2a34a2f', 'sha256': '0c38be38e12814f86a3b9e11a516d48b3a42621c9a5ce38dd87f214b57664d96'}, 'dob': {'date': '1944-11-12T22:45:16.091Z', 'age': 79}, 'registered': {'date': '2014-04-09T10:01:22.863Z', 'age': 10}, 'phone': '017-4649-109', 'cell': '060-6830-019', 'id': {'name': 'SID', 'value': '572678744'}, 'picture': {'large': 'https://randomuser.me/api/portraits/men/27.jpg', 'medium': 'https://randomuser.me/api/portraits/med/men/27.jpg', 'thumbnail': 'https://randomuser.me/api/portraits/thumb/men/27.jpg'}, 'nat': 'RS'}</msg>
<arg>${json_data['results'][0]}</arg>
<doc>Logs the given message with the given level.</doc>
<status status="PASS" start="2024-07-13T21:14:09.699636" elapsed="0.000444"/>
</kw>
<kw name="Log" owner="BuiltIn">
<msg time="2024-07-13T21:14:09.700510" level="INFO">email</msg>
<arg>${key}</arg>
<doc>Logs the given message with the given level.</doc>
<status status="PASS" start="2024-07-13T21:14:09.700382" elapsed="0.000166"/>
</kw>
<var name="${key}">email</var>
<status status="PASS" start="2024-07-13T21:14:09.698958" elapsed="0.001805"/>
</iter>
<iter>
<kw name="Dictionary Should Contain Key" owner="Collections">
<arg>${json_data['results'][0]}</arg>
<arg>${key}</arg>
<doc>Fails if ``key`` is not found from ``dictionary``.</doc>
<status status="PASS" start="2024-07-13T21:14:09.701044" elapsed="0.000394"/>
</kw>
<kw name="Log" owner="BuiltIn">
<msg time="2024-07-13T21:14:09.701987" level="INFO">{'gender': 'male', 'name': {'title': 'Mr', 'first': 'Boško', 'last': 'Grujić'}, 'location': {'street': {'number': 3368, 'name': 'Labljanska'}, 'city': 'Niš', 'state': 'Braničevo', 'country': 'Serbia', 'postcode': 20771, 'coordinates': {'latitude': '62.0298', 'longitude': '-29.9794'}, 'timezone': {'offset': '+1:00', 'description': 'Brussels, Copenhagen, Madrid, Paris'}}, 'email': 'bosko.grujic@example.com', 'login': {'uuid': '12756801-078e-46f0-95c9-00943c7b7f20', 'username': 'silverlion155', 'password': 'freedom1', 'salt': 'aCI4z8b1', 'md5': 'bbc8243c71e491c0e4ca6033ebbe93f2', 'sha1': '81f6d0e6c19254a674135d44c2153eaaf2a34a2f', 'sha256': '0c38be38e12814f86a3b9e11a516d48b3a42621c9a5ce38dd87f214b57664d96'}, 'dob': {'date': '1944-11-12T22:45:16.091Z', 'age': 79}, 'registered': {'date': '2014-04-09T10:01:22.863Z', 'age': 10}, 'phone': '017-4649-109', 'cell': '060-6830-019', 'id': {'name': 'SID', 'value': '572678744'}, 'picture': {'large': 'https://randomuser.me/api/portraits/men/27.jpg', 'medium': 'https://randomuser.me/api/portraits/med/men/27.jpg', 'thumbnail': 'https://randomuser.me/api/portraits/thumb/men/27.jpg'}, 'nat': 'RS'}</msg>
<arg>${json_data['results'][0]}</arg>
<doc>Logs the given message with the given level.</doc>
<status status="PASS" start="2024-07-13T21:14:09.701622" elapsed="0.000416"/>
</kw>
<kw name="Log" owner="BuiltIn">
<msg time="2024-07-13T21:14:09.702458" level="INFO">login</msg>
<arg>${key}</arg>
<doc>Logs the given message with the given level.</doc>
<status status="PASS" start="2024-07-13T21:14:09.702330" elapsed="0.000165"/>
</kw>
<var name="${key}">login</var>
<status status="PASS" start="2024-07-13T21:14:09.700932" elapsed="0.001784"/>
</iter>
<var>${key}</var>
<value>@{expected_keys}</value>
<status status="PASS" start="2024-07-13T21:14:09.692697" elapsed="0.010143"/>
</for>
<kw name="Create List" owner="BuiltIn">
<msg time="2024-07-13T21:14:09.703167" level="INFO">${expected_keysTwo} = ['username', 'password']</msg>
<var>${expected_keysTwo}</var>
<arg>username</arg>
<arg>password</arg>
<doc>Returns a list containing given items.</doc>
<status status="PASS" start="2024-07-13T21:14:09.703032" elapsed="0.000159"/>
</kw>
<for flavor="IN">
<iter>
<kw name="Dictionary Should Contain Key" owner="Collections">
<arg>${json_data['results'][0]['login']}</arg>
<arg>${keyTwo}</arg>
<doc>Fails if ``key`` is not found from ``dictionary``.</doc>
<status status="PASS" start="2024-07-13T21:14:09.703746" elapsed="0.000404"/>
</kw>
<kw name="Dictionary Should Contain Key" owner="Collections">
<arg>${json_data['results'][0]['login']}</arg>
<arg>${keyTwo}</arg>
<doc>Fails if ``key`` is not found from ``dictionary``.</doc>
<status status="PASS" start="2024-07-13T21:14:09.704331" elapsed="0.000378"/>
</kw>
<kw name="Log" owner="BuiltIn">
<msg time="2024-07-13T21:14:09.705014" level="INFO">username</msg>
<arg>${keyTwo}</arg>
<doc>Logs the given message with the given level.</doc>
<status status="PASS" start="2024-07-13T21:14:09.704892" elapsed="0.000160"/>
</kw>
<var name="${keyTwo}">username</var>
<status status="PASS" start="2024-07-13T21:14:09.703609" elapsed="0.001669"/>
</iter>
<iter>
<kw name="Dictionary Should Contain Key" owner="Collections">
<arg>${json_data['results'][0]['login']}</arg>
<arg>${keyTwo}</arg>
<doc>Fails if ``key`` is not found from ``dictionary``.</doc>
<status status="PASS" start="2024-07-13T21:14:09.705560" elapsed="0.000387"/>
</kw>
<kw name="Dictionary Should Contain Key" owner="Collections">
<arg>${json_data['results'][0]['login']}</arg>
<arg>${keyTwo}</arg>
<doc>Fails if ``key`` is not found from ``dictionary``.</doc>
<status status="PASS" start="2024-07-13T21:14:09.706124" elapsed="0.000367"/>
</kw>
<kw name="Log" owner="BuiltIn">
<msg time="2024-07-13T21:14:09.706784" level="INFO">password</msg>
<arg>${keyTwo}</arg>
<doc>Logs the given message with the given level.</doc>
<status status="PASS" start="2024-07-13T21:14:09.706667" elapsed="0.000160"/>
</kw>
<var name="${keyTwo}">password</var>
<status status="PASS" start="2024-07-13T21:14:09.705452" elapsed="0.001596"/>
</iter>
<var>${keyTwo}</var>
<value>@{expected_keysTwo}</value>
<status status="PASS" start="2024-07-13T21:14:09.703456" elapsed="0.003711"/>
</for>
<status status="PASS" start="2024-07-13T21:14:09.596301" elapsed="0.111006"/>
</kw>
<doc>Testa a estrutura da resposta da API.</doc>
<tag>testeEstruturaResposta</tag>
<status status="PASS" start="2024-07-13T21:14:09.595750" elapsed="0.111729"/>
</test>
<test id="s1-s1-t4" name="Validar tipos de dados" line="28">
<kw name="Teste de Tipos de Dados" owner="random-user-service">
<kw name="GET On Session" owner="RequestsLibrary">
<msg time="2024-07-13T21:14:09.786336" level="INFO">GET Request : url=https://randomuser.me/api 
 path_url=/api 
 headers={'User-Agent': 'python-requests/2.32.3', 'Accept-Encoding': 'gzip, deflate', 'Accept': '*/*', 'Connection': 'keep-alive'} 
 body=None 
 </msg>
<msg time="2024-07-13T21:14:09.786437" level="INFO">GET Response : url=https://randomuser.me/api 
 status=200, reason=OK 
 headers={'Date': 'Sat, 13 Jul 2024 21:14:09 GMT', 'Content-Type': 'application/json; charset=utf-8', 'Transfer-Encoding': 'chunked', 'Connection': 'keep-alive', 'X-Powered-By': 'Express', 'Access-Control-Allow-Origin': '*', 'Cache-Control': 'no-cache', 'ETag': 'W/"48f-VsP1iQ1Dz1JdXzebzCEp9N4HPQw"', 'Vary': 'Accept-Encoding', 'Content-Encoding': 'gzip', 'CF-Cache-Status': 'DYNAMIC', 'Report-To': '{"endpoints":[{"url":"https:\\/\\/a.nel.cloudflare.com\\/report\\/v4?s=2C02a4H1A5zwbOl28K%2BPjq5EMlw6lTtpUBqy0itpORsUZ%2F5M8fNyd6VBPep04NXoZ6zyTqxPqRWxEBMOZ3mHYHlryoJzqIjJosDH5mTxAm6EWPzyAFRGMmaT0RIX9%2BrR"}],"group":"cf-nel","max_age":604800}', 'NEL': '{"success_fraction":0,"report_to":"cf-nel","max_age":604800}', 'Server': 'cloudflare', 'CF-RAY': '8a2c47f2b8d0e283-ORD', 'alt-svc': 'h3=":443"; ma=86400'} 
 body={"results":[{"gender":"male","name":{"title":"Mr","first":"Perry","last":"Craig"},"location":{"street":{"number":8060,"name":"South Street"},"city":"Glasgow","state":"Herefordshire","country":"United Kingdom","postcode":"K7 3YB","coordinates":{"latitude":"-12.6584","longitude":"-53.8211"},"timezone":{"offset":"-7:00","description":"Mountain Time (US &amp; Canada)"}},"email":"perry.craig@example.com","login":{"uuid":"b22cb57f-acc9-41af-a110-dd4c9ca1e900","username":"bigbear879","password":"abcdefgh","salt":"OWXJeP76","md5":"b924671bbbf6463e445afb284bd564d0","sha1":"a85f8170a89b1bc6a428c1590e64a71592bb0093","sha256":"80fccf81a2c5b403e0213e949dd9a24d92957ba264b3f48318c7bd239cbb4330"},"dob":{"date":"1992-11-25T05:42:51.623Z","age":31},"registered":{"date":"2008-02-11T07:31:57.772Z","age":16},"phone":"016977 6423","cell":"07407 063544","id":{"name":"NINO","value":"ZW 12 79 83 H"},"picture":{"large":"https://randomuser.me/api/portraits/men/78.jpg","medium":"https://randomuser.me/api/portraits/med/men/78.jpg","thumbnail":"https://randomuser.me/api/portraits/thumb/men/78.jpg"},"nat":"GB"}],"info":{"seed":"52b8b6efcbbbaa04","results":1,"page":1,"version":"1.4"}} 
 </msg>
<msg time="2024-07-13T21:14:09.786497" level="INFO">/opt/hostedtoolcache/Python/3.12.4/x64/lib/python3.12/site-packages/urllib3/connectionpool.py:1099: InsecureRequestWarning: Unverified HTTPS request is being made to host 'randomuser.me'. Adding certificate verification is strongly advised. See: https://urllib3.readthedocs.io/en/latest/advanced-usage.html#tls-warnings
  warnings.warn(</msg>
<msg time="2024-07-13T21:14:09.786584" level="INFO">${response} = &lt;Response [200]&gt;</msg>
<var>${response}</var>
<arg>consultarAPI</arg>
<arg>/api</arg>
<doc>Sends a GET request on a previously created HTTP Session.</doc>
<status status="PASS" start="2024-07-13T21:14:09.710069" elapsed="0.076545"/>
</kw>
<kw name="Set Variable" owner="BuiltIn">
<msg time="2024-07-13T21:14:09.787462" level="INFO">${json_data} = {'results': [{'gender': 'male', 'name': {'title': 'Mr', 'first': 'Perry', 'last': 'Craig'}, 'location': {'street': {'number': 8060, 'name': 'South Street'}, 'city': 'Glasgow', 'state': 'Herefordshire'...</msg>
<var>${json_data}</var>
<arg>${response.json()}</arg>
<doc>Returns the given values which can then be assigned to a variables.</doc>
<status status="PASS" start="2024-07-13T21:14:09.787003" elapsed="0.000488"/>
</kw>
<kw name="Log" owner="BuiltIn">
<msg time="2024-07-13T21:14:09.787992" level="INFO">{'results': [{'gender': 'male', 'name': {'title': 'Mr', 'first': 'Perry', 'last': 'Craig'}, 'location': {'street': {'number': 8060, 'name': 'South Street'}, 'city': 'Glasgow', 'state': 'Herefordshire', 'country': 'United Kingdom', 'postcode': 'K7 3YB', 'coordinates': {'latitude': '-12.6584', 'longitude': '-53.8211'}, 'timezone': {'offset': '-7:00', 'description': 'Mountain Time (US &amp; Canada)'}}, 'email': 'perry.craig@example.com', 'login': {'uuid': 'b22cb57f-acc9-41af-a110-dd4c9ca1e900', 'username': 'bigbear879', 'password': 'abcdefgh', 'salt': 'OWXJeP76', 'md5': 'b924671bbbf6463e445afb284bd564d0', 'sha1': 'a85f8170a89b1bc6a428c1590e64a71592bb0093', 'sha256': '80fccf81a2c5b403e0213e949dd9a24d92957ba264b3f48318c7bd239cbb4330'}, 'dob': {'date': '1992-11-25T05:42:51.623Z', 'age': 31}, 'registered': {'date': '2008-02-11T07:31:57.772Z', 'age': 16}, 'phone': '016977 6423', 'cell': '07407 063544', 'id': {'name': 'NINO', 'value': 'ZW 12 79 83 H'}, 'picture': {'large': 'https://randomuser.me/api/portraits/men/78.jpg', 'medium': 'https://randomuser.me/api/portraits/med/men/78.jpg', 'thumbnail': 'https://randomuser.me/api/portraits/thumb/men/78.jpg'}, 'nat': 'GB'}], 'info': {'seed': '52b8b6efcbbbaa04', 'results': 1, 'page': 1, 'version': '1.4'}}</msg>
<arg>${json_data}</arg>
<doc>Logs the given message with the given level.</doc>
<status status="PASS" start="2024-07-13T21:14:09.787839" elapsed="0.000204"/>
</kw>
<kw name="Should Be String" owner="String">
<arg>${json_data['results'][0]['gender']}</arg>
<doc>Fails if the given ``item`` is not a string.</doc>
<status status="PASS" start="2024-07-13T21:14:09.788335" elapsed="0.000374"/>
</kw>
<kw name="Should Match Regexp" owner="BuiltIn">
<arg>${json_data['results'][0]['email']}</arg>
<arg>^[a-zA-Z0-9._%+-]+@[a-zA-Z0-9.-]+\.[a-zA-Z]{2,}$</arg>
<doc>Fails if ``string`` does not match ``pattern`` as a regular expression.</doc>
<status status="PASS" start="2024-07-13T21:14:09.788899" elapsed="0.000513"/>
</kw>
<kw name="Should Match Regexp" owner="BuiltIn">
<arg>${json_data['results'][0]['dob']['date']}</arg>
<arg>\\d{4}-\\d{2}-\\d{2}T\\d{2}:\\d{2}:\\d{2}\\.\\d{3}Z</arg>
<doc>Fails if ``string`` does not match ``pattern`` as a regular expression.</doc>
<status status="PASS" start="2024-07-13T21:14:09.789645" elapsed="0.000495"/>
</kw>
<kw name="Should Match Regexp" owner="BuiltIn">
<arg>${json_data['results'][0]['registered']['date']}</arg>
<arg>\\d{4}-\\d{2}-\\d{2}T\\d{2}:\\d{2}:\\d{2}\\.\\d{3}Z</arg>
<doc>Fails if ``string`` does not match ``pattern`` as a regular expression.</doc>
<status status="PASS" start="2024-07-13T21:14:09.790334" elapsed="0.000369"/>
</kw>
<kw name="Should Match Regexp" owner="BuiltIn">
<arg>${json_data['results'][0]['picture']['large']}</arg>
<arg>^https?://.*\.(?:png|jpe?g|gif|bmp)$</arg>
<doc>Fails if ``string`` does not match ``pattern`` as a regular expression.</doc>
<status status="PASS" start="2024-07-13T21:14:09.790905" elapsed="0.000468"/>
</kw>
<kw name="Should Match Regexp" owner="BuiltIn">
<arg>${json_data['results'][0]['picture']['medium']}</arg>
<arg>^https?://.*\.(?:png|jpe?g|gif|bmp)$</arg>
<doc>Fails if ``string`` does not match ``pattern`` as a regular expression.</doc>
<status status="PASS" start="2024-07-13T21:14:09.791569" elapsed="0.000376"/>
</kw>
<kw name="Should Match Regexp" owner="BuiltIn">
<arg>${json_data['results'][0]['picture']['thumbnail']}</arg>
<arg>^https?://.*\.(?:png|jpe?g|gif|bmp)$</arg>
<doc>Fails if ``string`` does not match ``pattern`` as a regular expression.</doc>
<status status="PASS" start="2024-07-13T21:14:09.792131" elapsed="0.000348"/>
</kw>
<kw name="Log" owner="BuiltIn">
<msg time="2024-07-13T21:14:09.792997" level="INFO">{'large': 'https://randomuser.me/api/portraits/men/78.jpg', 'medium': 'https://randomuser.me/api/portraits/med/men/78.jpg', 'thumbnail': 'https://randomuser.me/api/portraits/thumb/men/78.jpg'}</msg>
<arg>${json_data['results'][0]['picture']}</arg>
<doc>Logs the given message with the given level.</doc>
<status status="PASS" start="2024-07-13T21:14:09.792667" elapsed="0.000373"/>
</kw>
<status status="PASS" start="2024-07-13T21:14:09.709843" elapsed="0.083482"/>
</kw>
<kw name="Teste de Tipos de Dados - Postcode" owner="random-user-service">
<kw name="GET On Session" owner="RequestsLibrary">
<msg time="2024-07-13T21:14:09.884436" level="INFO">GET Request : url=https://randomuser.me/api 
 path_url=/api 
 headers={'User-Agent': 'python-requests/2.32.3', 'Accept-Encoding': 'gzip, deflate', 'Accept': '*/*', 'Connection': 'keep-alive'} 
 body=None 
 </msg>
<msg time="2024-07-13T21:14:09.884516" level="INFO">GET Response : url=https://randomuser.me/api 
 status=200, reason=OK 
 headers={'Date': 'Sat, 13 Jul 2024 21:14:09 GMT', 'Content-Type': 'application/json; charset=utf-8', 'Transfer-Encoding': 'chunked', 'Connection': 'keep-alive', 'X-Powered-By': 'Express', 'Access-Control-Allow-Origin': '*', 'Cache-Control': 'no-cache', 'ETag': 'W/"499-sWlSJuSnJYmnN6wddA2PX0EBOqU"', 'Vary': 'Accept-Encoding', 'Content-Encoding': 'gzip', 'CF-Cache-Status': 'DYNAMIC', 'Report-To': '{"endpoints":[{"url":"https:\\/\\/a.nel.cloudflare.com\\/report\\/v4?s=ect7wtlIk1G1TK0dmMmf8f7L2soBsmWEpGMHCrrNjXhFuqXSXDIyCPAohJYiwm3CPVCT%2BnjTqh%2B3vurifMHpsZboDgQe8T92unv2Gc5KUV7g3HAF8Yt4mhrPCN%2By%2FvcW"}],"group":"cf-nel","max_age":604800}', 'NEL': '{"success_fraction":0,"report_to":"cf-nel","max_age":604800}', 'Server': 'cloudflare', 'CF-RAY': '8a2c47f33948e283-ORD', 'alt-svc': 'h3=":443"; ma=86400'} 
 body={"results":[{"gender":"male","name":{"title":"Mr","first":"Salvador","last":"Spencer"},"location":{"street":{"number":9907,"name":"Samaritan Dr"},"city":"Kalgoorlie","state":"Queensland","country":"Australia","postcode":5913,"coordinates":{"latitude":"-84.3043","longitude":"-18.8399"},"timezone":{"offset":"+3:00","description":"Baghdad, Riyadh, Moscow, St. Petersburg"}},"email":"salvador.spencer@example.com","login":{"uuid":"dd8fb775-19ed-4654-9cc7-892d8fa3df67","username":"smallkoala603","password":"shiner","salt":"gJ41Axre","md5":"45df415eb078eef04dd3c3d1c8979e87","sha1":"6b669203bd5f9efe40af3128bf2dffeec8b7317e","sha256":"84d75aa23d8f1e1443ee82d3f6680343077bdbc4594bbc4b48aa0e1a398a67ce"},"dob":{"date":"1977-03-29T17:33:04.240Z","age":47},"registered":{"date":"2005-09-12T16:40:53.604Z","age":18},"phone":"05-9628-9344","cell":"0445-703-794","id":{"name":"TFN","value":"508990006"},"picture":{"large":"https://randomuser.me/api/portraits/men/84.jpg","medium":"https://randomuser.me/api/portraits/med/men/84.jpg","thumbnail":"https://randomuser.me/api/portraits/thumb/men/84.jpg"},"nat":"AU"}],"info":{"seed":"6e75f3839ec29750","results":1,"page":1,"version":"1.4"}} 
 </msg>
<msg time="2024-07-13T21:14:09.884588" level="INFO">/opt/hostedtoolcache/Python/3.12.4/x64/lib/python3.12/site-packages/urllib3/connectionpool.py:1099: InsecureRequestWarning: Unverified HTTPS request is being made to host 'randomuser.me'. Adding certificate verification is strongly advised. See: https://urllib3.readthedocs.io/en/latest/advanced-usage.html#tls-warnings
  warnings.warn(</msg>
<msg time="2024-07-13T21:14:09.884686" level="INFO">${response} = &lt;Response [200]&gt;</msg>
<var>${response}</var>
<arg>consultarAPI</arg>
<arg>/api</arg>
<doc>Sends a GET request on a previously created HTTP Session.</doc>
<status status="PASS" start="2024-07-13T21:14:09.793799" elapsed="0.090922"/>
</kw>
<kw name="Set Variable" owner="BuiltIn">
<msg time="2024-07-13T21:14:09.885557" level="INFO">${json_data} = {'results': [{'gender': 'male', 'name': {'title': 'Mr', 'first': 'Salvador', 'last': 'Spencer'}, 'location': {'street': {'number': 9907, 'name': 'Samaritan Dr'}, 'city': 'Kalgoorlie', 'state': 'Queens...</msg>
<var>${json_data}</var>
<arg>${response.json()}</arg>
<doc>Returns the given values which can then be assigned to a variables.</doc>
<status status="PASS" start="2024-07-13T21:14:09.885109" elapsed="0.000476"/>
</kw>
<kw name="Log" owner="BuiltIn">
<msg time="2024-07-13T21:14:09.886036" level="INFO">{'results': [{'gender': 'male', 'name': {'title': 'Mr', 'first': 'Salvador', 'last': 'Spencer'}, 'location': {'street': {'number': 9907, 'name': 'Samaritan Dr'}, 'city': 'Kalgoorlie', 'state': 'Queensland', 'country': 'Australia', 'postcode': 5913, 'coordinates': {'latitude': '-84.3043', 'longitude': '-18.8399'}, 'timezone': {'offset': '+3:00', 'description': 'Baghdad, Riyadh, Moscow, St. Petersburg'}}, 'email': 'salvador.spencer@example.com', 'login': {'uuid': 'dd8fb775-19ed-4654-9cc7-892d8fa3df67', 'username': 'smallkoala603', 'password': 'shiner', 'salt': 'gJ41Axre', 'md5': '45df415eb078eef04dd3c3d1c8979e87', 'sha1': '6b669203bd5f9efe40af3128bf2dffeec8b7317e', 'sha256': '84d75aa23d8f1e1443ee82d3f6680343077bdbc4594bbc4b48aa0e1a398a67ce'}, 'dob': {'date': '1977-03-29T17:33:04.240Z', 'age': 47}, 'registered': {'date': '2005-09-12T16:40:53.604Z', 'age': 18}, 'phone': '05-9628-9344', 'cell': '0445-703-794', 'id': {'name': 'TFN', 'value': '508990006'}, 'picture': {'large': 'https://randomuser.me/api/portraits/men/84.jpg', 'medium': 'https://randomuser.me/api/portraits/med/men/84.jpg', 'thumbnail': 'https://randomuser.me/api/portraits/thumb/men/84.jpg'}, 'nat': 'AU'}], 'info': {'seed': '6e75f3839ec29750', 'results': 1, 'page': 1, 'version': '1.4'}}</msg>
<arg>${json_data}</arg>
<doc>Logs the given message with the given level.</doc>
<status status="PASS" start="2024-07-13T21:14:09.885885" elapsed="0.000198"/>
</kw>
<kw name="Should Be Equal As Numbers" owner="BuiltIn">
<arg>${json_data['results'][0]['location']['postcode']}</arg>
<arg>${json_data['results'][0]['location']['postcode']}</arg>
<doc>Fails if objects are unequal after converting them to real numbers.</doc>
<status status="PASS" start="2024-07-13T21:14:09.886378" elapsed="0.000648"/>
</kw>
<kw name="Log" owner="BuiltIn">
<msg time="2024-07-13T21:14:09.887561" level="INFO">5913</msg>
<arg>${json_data['results'][0]['location']['postcode']}</arg>
<doc>Logs the given message with the given level.</doc>
<status status="PASS" start="2024-07-13T21:14:09.887226" elapsed="0.000377"/>
</kw>
<status status="PASS" start="2024-07-13T21:14:09.793576" elapsed="0.094352"/>
</kw>
<doc>Testa se os tipos de dados na resposta da API estão corretos.</doc>
<tag>testeTiposDados</tag>
<status status="PASS" start="2024-07-13T21:14:09.709275" elapsed="0.178822"/>
</test>
<test id="s1-s1-t5" name="Validar conteudo" line="35">
<kw name="Teste de Tipos de Conteudo" owner="random-user-service">
<kw name="GET On Session" owner="RequestsLibrary">
<msg time="2024-07-13T21:14:09.991381" level="INFO">GET Request : url=https://randomuser.me/api 
 path_url=/api 
 headers={'User-Agent': 'python-requests/2.32.3', 'Accept-Encoding': 'gzip, deflate', 'Accept': '*/*', 'Connection': 'keep-alive'} 
 body=None 
 </msg>
<msg time="2024-07-13T21:14:09.991462" level="INFO">GET Response : url=https://randomuser.me/api 
 status=200, reason=OK 
 headers={'Date': 'Sat, 13 Jul 2024 21:14:09 GMT', 'Content-Type': 'application/json; charset=utf-8', 'Transfer-Encoding': 'chunked', 'Connection': 'keep-alive', 'X-Powered-By': 'Express', 'Access-Control-Allow-Origin': '*', 'Cache-Control': 'no-cache', 'ETag': 'W/"485-2nNHX3tC9fPB8x66zGoUa1SAX4o"', 'Vary': 'Accept-Encoding', 'Content-Encoding': 'gzip', 'CF-Cache-Status': 'DYNAMIC', 'Report-To': '{"endpoints":[{"url":"https:\\/\\/a.nel.cloudflare.com\\/report\\/v4?s=zI%2FmYJCnjM7kECaaUzRK3bNCZxhcv5I45s1I%2FxcXXUAXXCWdmYu4xzRN2d%2F2rrNGFNXZW06lGzaGpnpHeQzIoIu%2FYMss3ius4F8eY8kTjkTlikfpQ2t0eHS%2FQdM%2FjDyh"}],"group":"cf-nel","max_age":604800}', 'NEL': '{"success_fraction":0,"report_to":"cf-nel","max_age":604800}', 'Server': 'cloudflare', 'CF-RAY': '8a2c47f3d9fbe283-ORD', 'alt-svc': 'h3=":443"; ma=86400'} 
 body={"results":[{"gender":"female","name":{"title":"Miss","first":"Sophie","last":"Wade"},"location":{"street":{"number":5578,"name":"School Lane"},"city":"Dundee","state":"Buckinghamshire","country":"United Kingdom","postcode":"UU7 3ZJ","coordinates":{"latitude":"-12.3259","longitude":"170.9644"},"timezone":{"offset":"-9:00","description":"Alaska"}},"email":"sophie.wade@example.com","login":{"uuid":"ee018b41-a9dc-41c1-82bf-272beb833777","username":"whitecat508","password":"playing","salt":"LYXgYhIl","md5":"86f460982d068ee319f1467c17923e94","sha1":"4a1a8b652cd6c821880c77a5f4b4912491cb18c2","sha256":"70736bcb0c0c966e40d6c3d80e438e03b05f93d396cbdfeef33e8a1e088de1d8"},"dob":{"date":"1951-10-29T23:17:17.909Z","age":72},"registered":{"date":"2016-02-13T05:56:48.590Z","age":8},"phone":"01233 995966","cell":"07170 886795","id":{"name":"NINO","value":"KL 81 72 23 Q"},"picture":{"large":"https://randomuser.me/api/portraits/women/90.jpg","medium":"https://randomuser.me/api/portraits/med/women/90.jpg","thumbnail":"https://randomuser.me/api/portraits/thumb/women/90.jpg"},"nat":"GB"}],"info":{"seed":"0fa26a2fc59d3c19","results":1,"page":1,"version":"1.4"}} 
 </msg>
<msg time="2024-07-13T21:14:09.991544" level="INFO">/opt/hostedtoolcache/Python/3.12.4/x64/lib/python3.12/site-packages/urllib3/connectionpool.py:1099: InsecureRequestWarning: Unverified HTTPS request is being made to host 'randomuser.me'. Adding certificate verification is strongly advised. See: https://urllib3.readthedocs.io/en/latest/advanced-usage.html#tls-warnings
  warnings.warn(</msg>
<msg time="2024-07-13T21:14:09.991652" level="INFO">${response} = &lt;Response [200]&gt;</msg>
<var>${response}</var>
<arg>consultarAPI</arg>
<arg>/api</arg>
<doc>Sends a GET request on a previously created HTTP Session.</doc>
<status status="PASS" start="2024-07-13T21:14:09.890680" elapsed="0.101013"/>
</kw>
<kw name="Set Variable" owner="BuiltIn">
<msg time="2024-07-13T21:14:09.992544" level="INFO">${json_data} = {'results': [{'gender': 'female', 'name': {'title': 'Miss', 'first': 'Sophie', 'last': 'Wade'}, 'location': {'street': {'number': 5578, 'name': 'School Lane'}, 'city': 'Dundee', 'state': 'Buckinghamsh...</msg>
<var>${json_data}</var>
<arg>${response.json()}</arg>
<doc>Returns the given values which can then be assigned to a variables.</doc>
<status status="PASS" start="2024-07-13T21:14:09.992113" elapsed="0.000459"/>
</kw>
<kw name="Set Variable" owner="BuiltIn">
<msg time="2024-07-13T21:14:09.993240" level="INFO">${name_title} = Miss</msg>
<var>${name_title}</var>
<arg>${json_data["results"][0]["name"]["title"]}</arg>
<doc>Returns the given values which can then be assigned to a variables.</doc>
<status status="PASS" start="2024-07-13T21:14:09.992873" elapsed="0.000392"/>
</kw>
<kw name="Create List" owner="BuiltIn">
<msg time="2024-07-13T21:14:09.993704" level="INFO">${allowed_titles} = ['Mr', 'Ms', 'Miss', 'Mrs', 'Madame', 'Monsieur']</msg>
<var>${allowed_titles}</var>
<arg>Mr</arg>
<arg>Ms</arg>
<arg>Miss</arg>
<arg>Mrs</arg>
<arg>Madame</arg>
<arg>Monsieur</arg>
<doc>Returns a list containing given items.</doc>
<status status="PASS" start="2024-07-13T21:14:09.993558" elapsed="0.000170"/>
</kw>
<kw name="List Should Contain Value" owner="Collections">
<arg>${allowed_titles}</arg>
<arg>${name_title}</arg>
<doc>Fails if the ``value`` is not found from ``list``.</doc>
<status status="PASS" start="2024-07-13T21:14:09.994022" elapsed="0.000172"/>
</kw>
<kw name="Set Variable" owner="BuiltIn">
<msg time="2024-07-13T21:14:09.994729" level="INFO">${name_country} = GB</msg>
<var>${name_country}</var>
<arg>${json_data["results"][0]["nat"]}</arg>
<doc>Returns the given values which can then be assigned to a variables.</doc>
<status status="PASS" start="2024-07-13T21:14:09.994370" elapsed="0.000385"/>
</kw>
<kw name="Create List" owner="BuiltIn">
<msg time="2024-07-13T21:14:09.995636" level="INFO">${list_country} = ['AD', 'AE', 'AF', 'AG', 'AI', 'AL', 'AM', 'AO', 'AQ', 'AR', 'AS', 'AT', 'AU', 'AW', 'AX', 'AZ', 'BA', 'BB', 'BD', 'BE', 'BF', 'BG', 'BH', 'BI', 'BJ', 'BL', 'BM', 'BN', 'BO', 'BQ', 'BR', 'BS', 'BT', '...</msg>
<var>${list_country}</var>
<arg>AD</arg>
<arg>AE</arg>
<arg>AF</arg>
<arg>AG</arg>
<arg>AI</arg>
<arg>AL</arg>
<arg>AM</arg>
<arg>AO</arg>
<arg>AQ</arg>
<arg>AR</arg>
<arg>AS</arg>
<arg>AT</arg>
<arg>AU</arg>
<arg>AW</arg>
<arg>AX</arg>
<arg>AZ</arg>
<arg>BA</arg>
<arg>BB</arg>
<arg>BD</arg>
<arg>BE</arg>
<arg>BF</arg>
<arg>BG</arg>
<arg>BH</arg>
<arg>BI</arg>
<arg>BJ</arg>
<arg>BL</arg>
<arg>BM</arg>
<arg>BN</arg>
<arg>BO</arg>
<arg>BQ</arg>
<arg>BR</arg>
<arg>BS</arg>
<arg>BT</arg>
<arg>BV</arg>
<arg>BW</arg>
<arg>BY</arg>
<arg>BZ</arg>
<arg>CA</arg>
<arg>CC</arg>
<arg>CD</arg>
<arg>CF</arg>
<arg>CG</arg>
<arg>CH</arg>
<arg>CI</arg>
<arg>CK</arg>
<arg>CL</arg>
<arg>CM</arg>
<arg>CN</arg>
<arg>CO</arg>
<arg>CR</arg>
<arg>CU</arg>
<arg>CV</arg>
<arg>CW</arg>
<arg>CX</arg>
<arg>CY</arg>
<arg>CZ</arg>
<arg>DE</arg>
<arg>DJ</arg>
<arg>DK</arg>
<arg>DM</arg>
<arg>DO</arg>
<arg>DZ</arg>
<arg>EC</arg>
<arg>EE</arg>
<arg>EG</arg>
<arg>EH</arg>
<arg>ER</arg>
<arg>ES</arg>
<arg>ET</arg>
<arg>FI</arg>
<arg>FJ</arg>
<arg>FK</arg>
<arg>FM</arg>
<arg>FO</arg>
<arg>FR</arg>
<arg>GA</arg>
<arg>GB</arg>
<arg>GD</arg>
<arg>GE</arg>
<arg>GF</arg>
<arg>GG</arg>
<arg>GH</arg>
<arg>GI</arg>
<arg>GL</arg>
<arg>GM</arg>
<arg>GN</arg>
<arg>GP</arg>
<arg>GQ</arg>
<arg>GR</arg>
<arg>GS</arg>
<arg>GT</arg>
<arg>GU</arg>
<arg>GW</arg>
<arg>GY</arg>
<arg>HK</arg>
<arg>HM</arg>
<arg>HN</arg>
<arg>HR</arg>
<arg>HT</arg>
<arg>HU</arg>
<arg>ID</arg>
<arg>IE</arg>
<arg>IL</arg>
<arg>IM</arg>
<arg>IN</arg>
<arg>IO</arg>
<arg>IQ</arg>
<arg>IR</arg>
<arg>IS</arg>
<arg>IT</arg>
<arg>JE</arg>
<arg>JM</arg>
<arg>JO</arg>
<arg>JP</arg>
<arg>KE</arg>
<arg>KG</arg>
<arg>KH</arg>
<arg>KI</arg>
<arg>KM</arg>
<arg>KN</arg>
<arg>KP</arg>
<arg>KR</arg>
<arg>KW</arg>
<arg>KY</arg>
<arg>KZ</arg>
<arg>LA</arg>
<arg>LB</arg>
<arg>LC</arg>
<arg>LI</arg>
<arg>LK</arg>
<arg>LR</arg>
<arg>LS</arg>
<arg>LT</arg>
<arg>LU</arg>
<arg>LV</arg>
<arg>LY</arg>
<arg>MA</arg>
<arg>MC</arg>
<arg>MD</arg>
<arg>ME</arg>
<arg>MF</arg>
<arg>MG</arg>
<arg>MH</arg>
<arg>MK</arg>
<arg>ML</arg>
<arg>MM</arg>
<arg>MN</arg>
<arg>MO</arg>
<arg>MP</arg>
<arg>MQ</arg>
<arg>MR</arg>
<arg>MS</arg>
<arg>MT</arg>
<arg>MU</arg>
<arg>MV</arg>
<arg>MW</arg>
<arg>MX</arg>
<arg>MY</arg>
<arg>MZ</arg>
<arg>NA</arg>
<arg>NC</arg>
<arg>NE</arg>
<arg>NF</arg>
<arg>NG</arg>
<arg>NI</arg>
<arg>NL</arg>
<arg>NO</arg>
<arg>NP</arg>
<arg>NR</arg>
<arg>NU</arg>
<arg>NZ</arg>
<arg>OM</arg>
<arg>PA</arg>
<arg>PE</arg>
<arg>PF</arg>
<arg>PG</arg>
<arg>PH</arg>
<arg>PK</arg>
<arg>PL</arg>
<arg>PM</arg>
<arg>PN</arg>
<arg>PR</arg>
<arg>PS</arg>
<arg>PT</arg>
<arg>PW</arg>
<arg>PY</arg>
<arg>QA</arg>
<arg>RE</arg>
<arg>RO</arg>
<arg>RS</arg>
<arg>RU</arg>
<arg>RW</arg>
<arg>SA</arg>
<arg>SB</arg>
<arg>SC</arg>
<arg>SD</arg>
<arg>SE</arg>
<arg>SG</arg>
<arg>SH</arg>
<arg>SI</arg>
<arg>SJ</arg>
<arg>SK</arg>
<arg>SL</arg>
<arg>SM</arg>
<arg>SN</arg>
<arg>SO</arg>
<arg>SR</arg>
<arg>SS</arg>
<arg>ST</arg>
<arg>SV</arg>
<arg>SX</arg>
<arg>SY</arg>
<arg>SZ</arg>
<arg>TC</arg>
<arg>TD</arg>
<arg>TF</arg>
<arg>TG</arg>
<arg>TH</arg>
<arg>TJ</arg>
<arg>TK</arg>
<arg>TL</arg>
<arg>TM</arg>
<arg>TN</arg>
<arg>TO</arg>
<arg>TR</arg>
<arg>TT</arg>
<arg>TV</arg>
<arg>TW</arg>
<arg>TZ</arg>
<arg>UA</arg>
<arg>UG</arg>
<arg>UM</arg>
<arg>US</arg>
<arg>UY</arg>
<arg>UZ</arg>
<arg>VA</arg>
<arg>VC</arg>
<arg>VE</arg>
<arg>VG</arg>
<arg>VI</arg>
<arg>VN</arg>
<arg>VU</arg>
<arg>WF</arg>
<arg>WS</arg>
<arg>XK</arg>
<arg>YE</arg>
<arg>YT</arg>
<arg>ZA</arg>
<arg>ZM</arg>
<arg>ZW</arg>
<doc>Returns a list containing given items.</doc>
<status status="PASS" start="2024-07-13T21:14:09.995046" elapsed="0.000616"/>
</kw>
<kw name="List Should Contain Value" owner="Collections">
<arg>${list_country}</arg>
<arg>${name_country}</arg>
<doc>Fails if the ``value`` is not found from ``list``.</doc>
<status status="PASS" start="2024-07-13T21:14:09.996514" elapsed="0.000201"/>
</kw>
<kw name="Run Keyword If" owner="BuiltIn">
<kw name="Should Be True" owner="BuiltIn">
<arg>${True}</arg>
<doc>Fails if the given condition is not true.</doc>
<status status="PASS" start="2024-07-13T21:14:09.997641" elapsed="0.000140"/>
</kw>
<arg>${json_data["results"][0]["location"]["coordinates"]["latitude"]} &gt;= -90 and ${json_data["results"][0]["location"]["coordinates"]["latitude"]} &lt;= 90</arg>
<arg>Should Be True</arg>
<arg>${True}</arg>
<doc>Runs the given keyword with the given arguments, if ``condition`` is true.</doc>
<status status="PASS" start="2024-07-13T21:14:09.996909" elapsed="0.000996"/>
</kw>
<kw name="Run Keyword If" owner="BuiltIn">
<kw name="Should Be True" owner="BuiltIn">
<arg>${True}</arg>
<doc>Fails if the given condition is not true.</doc>
<status status="PASS" start="2024-07-13T21:14:09.998771" elapsed="0.000200"/>
</kw>
<arg>${json_data["results"][0]["location"]["coordinates"]["longitude"]} &gt;= -180 and ${json_data["results"][0]["location"]["coordinates"]["longitude"]} &lt;= 180</arg>
<arg>Should Be True</arg>
<arg>${True}</arg>
<doc>Runs the given keyword with the given arguments, if ``condition`` is true.</doc>
<status status="PASS" start="2024-07-13T21:14:09.998084" elapsed="0.001038"/>
</kw>
<status status="PASS" start="2024-07-13T21:14:09.890318" elapsed="0.108938"/>
</kw>
<doc>Testa o conteúdo específico dos campos retornados pela API.</doc>
<tag>testeConteudo</tag>
<status status="PASS" start="2024-07-13T21:14:09.889885" elapsed="0.109534"/>
</test>
<status status="PASS" start="2024-07-13T21:14:08.942965" elapsed="1.058380"/>
</suite>
<status status="PASS" start="2024-07-13T21:14:08.928613" elapsed="1.077909"/>
</suite>
<statistics>
<total>
<stat pass="5" fail="0" skip="0">All Tests</stat>
</total>
<tag>
<stat pass="1" fail="0" skip="0">testeConteudo</stat>
<stat pass="1" fail="0" skip="0">testeEstruturaResposta</stat>
<stat pass="1" fail="0" skip="0">testeRequisicaoBasica</stat>
<stat pass="1" fail="0" skip="0">testeTiposDados</stat>
</tag>
<suite>
<stat pass="5" fail="0" skip="0" id="s1" name="Tests">Tests</stat>
<stat pass="5" fail="0" skip="0" id="s1-s1" name="Random-User-Test">Tests.Random-User-Test</stat>
</suite>
</statistics>
<errors>
</errors>
</robot>
