<?xml version="1.0" encoding="UTF-8"?>
<robot generator="Robot 7.0.1 (Python 3.12.4 on linux)" generated="2024-08-05T01:10:29.787737" rpa="false" schemaversion="5">
<suite id="s1" name="Tests" source="/home/runner/work/ApiRandomUser/ApiRandomUser/RamdonUser/tests">
<suite id="s1-s1" name="Random-User-Test" source="/home/runner/work/ApiRandomUser/ApiRandomUser/RamdonUser/tests/random-user-test.robot">
<test id="s1-s1-t1" name="Conectar" line="13">
<kw name="Conectar API" owner="random-user-service">
<kw name="Create Session" owner="RequestsLibrary">
<msg time="2024-08-05T01:10:30.212707" level="INFO">Creating Session using : alias=consultarAPI, url=https://randomuser.me/, headers={},                     cookies={}, auth=None, timeout=None, proxies=None, verify=False,                     debug=0 </msg>
<arg>consultarAPI</arg>
<arg>${URL}</arg>
<doc>Create Session: create a HTTP session to a server</doc>
<status status="PASS" start="2024-08-05T01:10:30.212516" elapsed="0.000353"/>
</kw>
<status status="PASS" start="2024-08-05T01:10:30.211543" elapsed="0.001663"/>
</kw>
<status status="PASS" start="2024-08-05T01:10:30.211060" elapsed="0.002337"/>
</test>
<test id="s1-s1-t2" name="Validar retorno 200 e JSON Válido" line="16">
<kw name="Teste de Requisicao Basica" owner="random-user-service">
<kw name="GET On Session" owner="RequestsLibrary">
<msg time="2024-08-05T01:10:30.402547" level="INFO">GET Request : url=https://randomuser.me/api 
 path_url=/api 
 headers={'User-Agent': 'python-requests/2.32.3', 'Accept-Encoding': 'gzip, deflate', 'Accept': '*/*', 'Connection': 'keep-alive'} 
 body=None 
 </msg>
<msg time="2024-08-05T01:10:30.402664" level="INFO">GET Response : url=https://randomuser.me/api 
 status=200, reason=OK 
 headers={'Date': 'Mon, 05 Aug 2024 01:10:30 GMT', 'Content-Type': 'application/json; charset=utf-8', 'Transfer-Encoding': 'chunked', 'Connection': 'keep-alive', 'X-Powered-By': 'Express', 'Access-Control-Allow-Origin': '*', 'Cache-Control': 'no-cache', 'ETag': 'W/"481-yiUCoxipyHmCkm0A82xxG7+xKTE"', 'Vary': 'Accept-Encoding', 'Content-Encoding': 'gzip', 'CF-Cache-Status': 'DYNAMIC', 'Report-To': '{"endpoints":[{"url":"https:\\/\\/a.nel.cloudflare.com\\/report\\/v4?s=wYg%2F76zHe%2FxXhf4tGYBw%2BPt3E7IU2STZGopVP4B8wUEssaXHI7eAK6LcQ3DeM5V65EYrJu5BR%2FKEge0cQXiEvMcOMtx%2BF4qVyb6ZUD9Xuuzz9sg8ZBqLW67CnCmKAYMO"}],"group":"cf-nel","max_age":604800}', 'NEL': '{"success_fraction":0,"report_to":"cf-nel","max_age":604800}', 'Server': 'cloudflare', 'CF-RAY': '8ae2e867ca28c99d-IAD', 'alt-svc': 'h3=":443"; ma=86400'} 
 body={"results":[{"gender":"male","name":{"title":"Mr","first":"Danilo","last":"Šarović"},"location":{"street":{"number":3325,"name":"Posavskih Partizana"},"city":"Beočin","state":"Mačva","country":"Serbia","postcode":48498,"coordinates":{"latitude":"62.2443","longitude":"-59.8733"},"timezone":{"offset":"-11:00","description":"Midway Island, Samoa"}},"email":"danilo.sarovic@example.com","login":{"uuid":"2a05b156-7360-4b94-bf80-84eee77d588d","username":"orangebear586","password":"vienna","salt":"DnxcRJsT","md5":"f4c33da607089ff885c0cafdb60a9f91","sha1":"6cb281ef80f956436fa9cd64f5e8ca36804a1b8c","sha256":"7cc1608fa0b74c24ee953058b08009137e849eeb9c9c6694787edfc829c9d05c"},"dob":{"date":"1959-12-06T02:12:51.785Z","age":64},"registered":{"date":"2020-03-06T04:19:05.019Z","age":4},"phone":"034-4835-589","cell":"064-9200-449","id":{"name":"SID","value":"366897750"},"picture":{"large":"https://randomuser.me/api/portraits/men/93.jpg","medium":"https://randomuser.me/api/portraits/med/men/93.jpg","thumbnail":"https://randomuser.me/api/portraits/thumb/men/93.jpg"},"nat":"RS"}],"info":{"seed":"252db5c2a5883bd8","results":1,"page":1,"version":"1.4"}} 
 </msg>
<msg time="2024-08-05T01:10:30.402736" level="INFO">/opt/hostedtoolcache/Python/3.12.4/x64/lib/python3.12/site-packages/urllib3/connectionpool.py:1099: InsecureRequestWarning: Unverified HTTPS request is being made to host 'randomuser.me'. Adding certificate verification is strongly advised. See: https://urllib3.readthedocs.io/en/latest/advanced-usage.html#tls-warnings
  warnings.warn(</msg>
<msg time="2024-08-05T01:10:30.402868" level="INFO">${response} = &lt;Response [200]&gt;</msg>
<var>${response}</var>
<arg>consultarAPI</arg>
<arg>/api</arg>
<doc>Sends a GET request on a previously created HTTP Session.</doc>
<status status="PASS" start="2024-08-05T01:10:30.216062" elapsed="0.186848"/>
</kw>
<kw name="Should Be Equal As Numbers" owner="BuiltIn">
<msg time="2024-08-05T01:10:30.403794" level="INFO">Argument types are:
&lt;class 'int'&gt;
&lt;class 'str'&gt;</msg>
<arg>${response.status_code}</arg>
<arg>200</arg>
<doc>Fails if objects are unequal after converting them to real numbers.</doc>
<status status="PASS" start="2024-08-05T01:10:30.403382" elapsed="0.000476"/>
</kw>
<kw name="Log" owner="BuiltIn">
<msg time="2024-08-05T01:10:30.404517" level="INFO">200</msg>
<arg>${response.status_code}</arg>
<doc>Logs the given message with the given level.</doc>
<status status="PASS" start="2024-08-05T01:10:30.404171" elapsed="0.000389"/>
</kw>
<kw name="Set Variable" owner="BuiltIn">
<msg time="2024-08-05T01:10:30.405317" level="INFO">${json_data} = {'results': [{'gender': 'male', 'name': {'title': 'Mr', 'first': 'Danilo', 'last': 'Šarović'}, 'location': {'street': {'number': 3325, 'name': 'Posavskih Partizana'}, 'city': 'Beočin', 'state': 'Mačva...</msg>
<var>${json_data}</var>
<arg>${response.json()}</arg>
<doc>Returns the given values which can then be assigned to a variables.</doc>
<status status="PASS" start="2024-08-05T01:10:30.404872" elapsed="0.000476"/>
</kw>
<kw name="Dictionary Should Contain Key" owner="Collections">
<arg>${json_data}</arg>
<arg>results</arg>
<doc>Fails if ``key`` is not found from ``dictionary``.</doc>
<status status="PASS" start="2024-08-05T01:10:30.405654" elapsed="0.000344"/>
</kw>
<status status="PASS" start="2024-08-05T01:10:30.215815" elapsed="0.190336"/>
</kw>
<doc>Testa se a API responde corretamente e retorna um objeto JSON válido.</doc>
<tag>testeRequisicaoBasica</tag>
<status status="PASS" start="2024-08-05T01:10:30.215244" elapsed="0.191071"/>
</test>
<test id="s1-s1-t3" name="Validar estrutura de resposta" line="22">
<kw name="Teste de Estrutura de Resposta" owner="random-user-service">
<kw name="GET On Session" owner="RequestsLibrary">
<msg time="2024-08-05T01:10:30.522498" level="INFO">GET Request : url=https://randomuser.me/api 
 path_url=/api 
 headers={'User-Agent': 'python-requests/2.32.3', 'Accept-Encoding': 'gzip, deflate', 'Accept': '*/*', 'Connection': 'keep-alive'} 
 body=None 
 </msg>
<msg time="2024-08-05T01:10:30.522589" level="INFO">GET Response : url=https://randomuser.me/api 
 status=200, reason=OK 
 headers={'Date': 'Mon, 05 Aug 2024 01:10:30 GMT', 'Content-Type': 'application/json; charset=utf-8', 'Transfer-Encoding': 'chunked', 'Connection': 'keep-alive', 'X-Powered-By': 'Express', 'Access-Control-Allow-Origin': '*', 'Cache-Control': 'no-cache', 'ETag': 'W/"494-4NL4zEiVTxGyTn6My0UTNFUXuhY"', 'Vary': 'Accept-Encoding', 'Content-Encoding': 'gzip', 'CF-Cache-Status': 'DYNAMIC', 'Report-To': '{"endpoints":[{"url":"https:\\/\\/a.nel.cloudflare.com\\/report\\/v4?s=8J1VR6FDzdNVvvpAZmF6SUIQ4e0ltMcspO9k6SB8a74v8gkHzFU36vza%2FiMI1NzO5xeURtNWDiauU3qYtey3mV4A6suv44IpSWIFu87wvfu2U8E%2FDAsph0LgtnFUoEVD"}],"group":"cf-nel","max_age":604800}', 'NEL': '{"success_fraction":0,"report_to":"cf-nel","max_age":604800}', 'Server': 'cloudflare', 'CF-RAY': '8ae2e8681b02c99d-IAD', 'alt-svc': 'h3=":443"; ma=86400'} 
 body={"results":[{"gender":"female","name":{"title":"Miss","first":"Cleonei","last":"Aragão"},"location":{"street":{"number":1801,"name":"Rua São Sebastiao "},"city":"São Mateus","state":"Rondônia","country":"Brazil","postcode":82475,"coordinates":{"latitude":"-72.8857","longitude":"146.2763"},"timezone":{"offset":"-3:30","description":"Newfoundland"}},"email":"cleonei.aragao@example.com","login":{"uuid":"20152dec-c4f4-4937-a34f-d138242a58f5","username":"yellowsnake186","password":"denise","salt":"q0rLmC5m","md5":"c410b309e33fc30bb7225733bcdcf7e7","sha1":"8e7ea5be837b8566f2b3055b0d5d1eb940504fda","sha256":"96272fbfd25fd7ed1595017246bc0b710f20f2f7860f90d7f00971e2380716f5"},"dob":{"date":"1957-10-02T03:42:36.916Z","age":66},"registered":{"date":"2012-12-04T00:17:49.316Z","age":11},"phone":"(21) 6359-3179","cell":"(85) 5868-9065","id":{"name":"CPF","value":"727.481.291-99"},"picture":{"large":"https://randomuser.me/api/portraits/women/16.jpg","medium":"https://randomuser.me/api/portraits/med/women/16.jpg","thumbnail":"https://randomuser.me/api/portraits/thumb/women/16.jpg"},"nat":"BR"}],"info":{"seed":"2761e07f205cada8","results":1,"page":1,"version":"1.4"}} 
 </msg>
<msg time="2024-08-05T01:10:30.522683" level="INFO">/opt/hostedtoolcache/Python/3.12.4/x64/lib/python3.12/site-packages/urllib3/connectionpool.py:1099: InsecureRequestWarning: Unverified HTTPS request is being made to host 'randomuser.me'. Adding certificate verification is strongly advised. See: https://urllib3.readthedocs.io/en/latest/advanced-usage.html#tls-warnings
  warnings.warn(</msg>
<msg time="2024-08-05T01:10:30.522779" level="INFO">${response} = &lt;Response [200]&gt;</msg>
<var>${response}</var>
<arg>consultarAPI</arg>
<arg>/api</arg>
<doc>Sends a GET request on a previously created HTTP Session.</doc>
<status status="PASS" start="2024-08-05T01:10:30.408978" elapsed="0.113843"/>
</kw>
<kw name="Set Variable" owner="BuiltIn">
<msg time="2024-08-05T01:10:30.523815" level="INFO">${json_data} = {'results': [{'gender': 'female', 'name': {'title': 'Miss', 'first': 'Cleonei', 'last': 'Aragão'}, 'location': {'street': {'number': 1801, 'name': 'Rua São Sebastiao '}, 'city': 'São Mateus', 'state':...</msg>
<var>${json_data}</var>
<arg>${response.json()}</arg>
<doc>Returns the given values which can then be assigned to a variables.</doc>
<status status="PASS" start="2024-08-05T01:10:30.523261" elapsed="0.000584"/>
</kw>
<kw name="Log" owner="BuiltIn">
<msg time="2024-08-05T01:10:30.524319" level="INFO">{'results': [{'gender': 'female', 'name': {'title': 'Miss', 'first': 'Cleonei', 'last': 'Aragão'}, 'location': {'street': {'number': 1801, 'name': 'Rua São Sebastiao '}, 'city': 'São Mateus', 'state': 'Rondônia', 'country': 'Brazil', 'postcode': 82475, 'coordinates': {'latitude': '-72.8857', 'longitude': '146.2763'}, 'timezone': {'offset': '-3:30', 'description': 'Newfoundland'}}, 'email': 'cleonei.aragao@example.com', 'login': {'uuid': '20152dec-c4f4-4937-a34f-d138242a58f5', 'username': 'yellowsnake186', 'password': 'denise', 'salt': 'q0rLmC5m', 'md5': 'c410b309e33fc30bb7225733bcdcf7e7', 'sha1': '8e7ea5be837b8566f2b3055b0d5d1eb940504fda', 'sha256': '96272fbfd25fd7ed1595017246bc0b710f20f2f7860f90d7f00971e2380716f5'}, 'dob': {'date': '1957-10-02T03:42:36.916Z', 'age': 66}, 'registered': {'date': '2012-12-04T00:17:49.316Z', 'age': 11}, 'phone': '(21) 6359-3179', 'cell': '(85) 5868-9065', 'id': {'name': 'CPF', 'value': '727.481.291-99'}, 'picture': {'large': 'https://randomuser.me/api/portraits/women/16.jpg', 'medium': 'https://randomuser.me/api/portraits/med/women/16.jpg', 'thumbnail': 'https://randomuser.me/api/portraits/thumb/women/16.jpg'}, 'nat': 'BR'}], 'info': {'seed': '2761e07f205cada8', 'results': 1, 'page': 1, 'version': '1.4'}}</msg>
<arg>${json_data}</arg>
<doc>Logs the given message with the given level.</doc>
<status status="PASS" start="2024-08-05T01:10:30.524150" elapsed="0.000217"/>
</kw>
<kw name="Dictionary Should Contain Key" owner="Collections">
<arg>${json_data}</arg>
<arg>results</arg>
<doc>Fails if ``key`` is not found from ``dictionary``.</doc>
<status status="PASS" start="2024-08-05T01:10:30.524659" elapsed="0.000156"/>
</kw>
<kw name="Should Not Be Empty" owner="BuiltIn">
<msg time="2024-08-05T01:10:30.525119" level="INFO">Length is 2.</msg>
<arg>${json_data}</arg>
<doc>Verifies that the given item is not empty.</doc>
<status status="PASS" start="2024-08-05T01:10:30.524997" elapsed="0.000159"/>
</kw>
<kw name="Create List" owner="BuiltIn">
<msg time="2024-08-05T01:10:30.525590" level="INFO">${expected_keys} = ['gender', 'name', 'location', 'email', 'login']</msg>
<var>${expected_keys}</var>
<arg>gender</arg>
<arg>name</arg>
<arg>location</arg>
<arg>email</arg>
<arg>login</arg>
<doc>Returns a list containing given items.</doc>
<status status="PASS" start="2024-08-05T01:10:30.525438" elapsed="0.000176"/>
</kw>
<for flavor="IN">
<iter>
<kw name="Dictionary Should Contain Key" owner="Collections">
<arg>${json_data['results'][0]}</arg>
<arg>${key}</arg>
<doc>Fails if ``key`` is not found from ``dictionary``.</doc>
<status status="PASS" start="2024-08-05T01:10:30.526213" elapsed="0.000398"/>
</kw>
<kw name="Log" owner="BuiltIn">
<msg time="2024-08-05T01:10:30.527154" level="INFO">{'gender': 'female', 'name': {'title': 'Miss', 'first': 'Cleonei', 'last': 'Aragão'}, 'location': {'street': {'number': 1801, 'name': 'Rua São Sebastiao '}, 'city': 'São Mateus', 'state': 'Rondônia', 'country': 'Brazil', 'postcode': 82475, 'coordinates': {'latitude': '-72.8857', 'longitude': '146.2763'}, 'timezone': {'offset': '-3:30', 'description': 'Newfoundland'}}, 'email': 'cleonei.aragao@example.com', 'login': {'uuid': '20152dec-c4f4-4937-a34f-d138242a58f5', 'username': 'yellowsnake186', 'password': 'denise', 'salt': 'q0rLmC5m', 'md5': 'c410b309e33fc30bb7225733bcdcf7e7', 'sha1': '8e7ea5be837b8566f2b3055b0d5d1eb940504fda', 'sha256': '96272fbfd25fd7ed1595017246bc0b710f20f2f7860f90d7f00971e2380716f5'}, 'dob': {'date': '1957-10-02T03:42:36.916Z', 'age': 66}, 'registered': {'date': '2012-12-04T00:17:49.316Z', 'age': 11}, 'phone': '(21) 6359-3179', 'cell': '(85) 5868-9065', 'id': {'name': 'CPF', 'value': '727.481.291-99'}, 'picture': {'large': 'https://randomuser.me/api/portraits/women/16.jpg', 'medium': 'https://randomuser.me/api/portraits/med/women/16.jpg', 'thumbnail': 'https://randomuser.me/api/portraits/thumb/women/16.jpg'}, 'nat': 'BR'}</msg>
<arg>${json_data['results'][0]}</arg>
<doc>Logs the given message with the given level.</doc>
<status status="PASS" start="2024-08-05T01:10:30.526799" elapsed="0.000405"/>
</kw>
<kw name="Log" owner="BuiltIn">
<msg time="2024-08-05T01:10:30.527635" level="INFO">gender</msg>
<arg>${key}</arg>
<doc>Logs the given message with the given level.</doc>
<status status="PASS" start="2024-08-05T01:10:30.527504" elapsed="0.000169"/>
</kw>
<var name="${key}">gender</var>
<status status="PASS" start="2024-08-05T01:10:30.526086" elapsed="0.001807"/>
</iter>
<iter>
<kw name="Dictionary Should Contain Key" owner="Collections">
<arg>${json_data['results'][0]}</arg>
<arg>${key}</arg>
<doc>Fails if ``key`` is not found from ``dictionary``.</doc>
<status status="PASS" start="2024-08-05T01:10:30.528191" elapsed="0.000402"/>
</kw>
<kw name="Log" owner="BuiltIn">
<msg time="2024-08-05T01:10:30.529131" level="INFO">{'gender': 'female', 'name': {'title': 'Miss', 'first': 'Cleonei', 'last': 'Aragão'}, 'location': {'street': {'number': 1801, 'name': 'Rua São Sebastiao '}, 'city': 'São Mateus', 'state': 'Rondônia', 'country': 'Brazil', 'postcode': 82475, 'coordinates': {'latitude': '-72.8857', 'longitude': '146.2763'}, 'timezone': {'offset': '-3:30', 'description': 'Newfoundland'}}, 'email': 'cleonei.aragao@example.com', 'login': {'uuid': '20152dec-c4f4-4937-a34f-d138242a58f5', 'username': 'yellowsnake186', 'password': 'denise', 'salt': 'q0rLmC5m', 'md5': 'c410b309e33fc30bb7225733bcdcf7e7', 'sha1': '8e7ea5be837b8566f2b3055b0d5d1eb940504fda', 'sha256': '96272fbfd25fd7ed1595017246bc0b710f20f2f7860f90d7f00971e2380716f5'}, 'dob': {'date': '1957-10-02T03:42:36.916Z', 'age': 66}, 'registered': {'date': '2012-12-04T00:17:49.316Z', 'age': 11}, 'phone': '(21) 6359-3179', 'cell': '(85) 5868-9065', 'id': {'name': 'CPF', 'value': '727.481.291-99'}, 'picture': {'large': 'https://randomuser.me/api/portraits/women/16.jpg', 'medium': 'https://randomuser.me/api/portraits/med/women/16.jpg', 'thumbnail': 'https://randomuser.me/api/portraits/thumb/women/16.jpg'}, 'nat': 'BR'}</msg>
<arg>${json_data['results'][0]}</arg>
<doc>Logs the given message with the given level.</doc>
<status status="PASS" start="2024-08-05T01:10:30.528775" elapsed="0.000438"/>
</kw>
<kw name="Log" owner="BuiltIn">
<msg time="2024-08-05T01:10:30.529643" level="INFO">name</msg>
<arg>${key}</arg>
<doc>Logs the given message with the given level.</doc>
<status status="PASS" start="2024-08-05T01:10:30.529513" elapsed="0.000167"/>
</kw>
<var name="${key}">name</var>
<status status="PASS" start="2024-08-05T01:10:30.528079" elapsed="0.001859"/>
</iter>
<iter>
<kw name="Dictionary Should Contain Key" owner="Collections">
<arg>${json_data['results'][0]}</arg>
<arg>${key}</arg>
<doc>Fails if ``key`` is not found from ``dictionary``.</doc>
<status status="PASS" start="2024-08-05T01:10:30.530229" elapsed="0.000377"/>
</kw>
<kw name="Log" owner="BuiltIn">
<msg time="2024-08-05T01:10:30.531136" level="INFO">{'gender': 'female', 'name': {'title': 'Miss', 'first': 'Cleonei', 'last': 'Aragão'}, 'location': {'street': {'number': 1801, 'name': 'Rua São Sebastiao '}, 'city': 'São Mateus', 'state': 'Rondônia', 'country': 'Brazil', 'postcode': 82475, 'coordinates': {'latitude': '-72.8857', 'longitude': '146.2763'}, 'timezone': {'offset': '-3:30', 'description': 'Newfoundland'}}, 'email': 'cleonei.aragao@example.com', 'login': {'uuid': '20152dec-c4f4-4937-a34f-d138242a58f5', 'username': 'yellowsnake186', 'password': 'denise', 'salt': 'q0rLmC5m', 'md5': 'c410b309e33fc30bb7225733bcdcf7e7', 'sha1': '8e7ea5be837b8566f2b3055b0d5d1eb940504fda', 'sha256': '96272fbfd25fd7ed1595017246bc0b710f20f2f7860f90d7f00971e2380716f5'}, 'dob': {'date': '1957-10-02T03:42:36.916Z', 'age': 66}, 'registered': {'date': '2012-12-04T00:17:49.316Z', 'age': 11}, 'phone': '(21) 6359-3179', 'cell': '(85) 5868-9065', 'id': {'name': 'CPF', 'value': '727.481.291-99'}, 'picture': {'large': 'https://randomuser.me/api/portraits/women/16.jpg', 'medium': 'https://randomuser.me/api/portraits/med/women/16.jpg', 'thumbnail': 'https://randomuser.me/api/portraits/thumb/women/16.jpg'}, 'nat': 'BR'}</msg>
<arg>${json_data['results'][0]}</arg>
<doc>Logs the given message with the given level.</doc>
<status status="PASS" start="2024-08-05T01:10:30.530790" elapsed="0.000395"/>
</kw>
<kw name="Log" owner="BuiltIn">
<msg time="2024-08-05T01:10:30.531611" level="INFO">location</msg>
<arg>${key}</arg>
<doc>Logs the given message with the given level.</doc>
<status status="PASS" start="2024-08-05T01:10:30.531482" elapsed="0.000166"/>
</kw>
<var name="${key}">location</var>
<status status="PASS" start="2024-08-05T01:10:30.530119" elapsed="0.001757"/>
</iter>
<iter>
<kw name="Dictionary Should Contain Key" owner="Collections">
<arg>${json_data['results'][0]}</arg>
<arg>${key}</arg>
<doc>Fails if ``key`` is not found from ``dictionary``.</doc>
<status status="PASS" start="2024-08-05T01:10:30.532153" elapsed="0.000384"/>
</kw>
<kw name="Log" owner="BuiltIn">
<msg time="2024-08-05T01:10:30.533179" level="INFO">{'gender': 'female', 'name': {'title': 'Miss', 'first': 'Cleonei', 'last': 'Aragão'}, 'location': {'street': {'number': 1801, 'name': 'Rua São Sebastiao '}, 'city': 'São Mateus', 'state': 'Rondônia', 'country': 'Brazil', 'postcode': 82475, 'coordinates': {'latitude': '-72.8857', 'longitude': '146.2763'}, 'timezone': {'offset': '-3:30', 'description': 'Newfoundland'}}, 'email': 'cleonei.aragao@example.com', 'login': {'uuid': '20152dec-c4f4-4937-a34f-d138242a58f5', 'username': 'yellowsnake186', 'password': 'denise', 'salt': 'q0rLmC5m', 'md5': 'c410b309e33fc30bb7225733bcdcf7e7', 'sha1': '8e7ea5be837b8566f2b3055b0d5d1eb940504fda', 'sha256': '96272fbfd25fd7ed1595017246bc0b710f20f2f7860f90d7f00971e2380716f5'}, 'dob': {'date': '1957-10-02T03:42:36.916Z', 'age': 66}, 'registered': {'date': '2012-12-04T00:17:49.316Z', 'age': 11}, 'phone': '(21) 6359-3179', 'cell': '(85) 5868-9065', 'id': {'name': 'CPF', 'value': '727.481.291-99'}, 'picture': {'large': 'https://randomuser.me/api/portraits/women/16.jpg', 'medium': 'https://randomuser.me/api/portraits/med/women/16.jpg', 'thumbnail': 'https://randomuser.me/api/portraits/thumb/women/16.jpg'}, 'nat': 'BR'}</msg>
<arg>${json_data['results'][0]}</arg>
<doc>Logs the given message with the given level.</doc>
<status status="PASS" start="2024-08-05T01:10:30.532826" elapsed="0.000403"/>
</kw>
<kw name="Log" owner="BuiltIn">
<msg time="2024-08-05T01:10:30.533655" level="INFO">email</msg>
<arg>${key}</arg>
<doc>Logs the given message with the given level.</doc>
<status status="PASS" start="2024-08-05T01:10:30.533527" elapsed="0.000166"/>
</kw>
<var name="${key}">email</var>
<status status="PASS" start="2024-08-05T01:10:30.532047" elapsed="0.001893"/>
</iter>
<iter>
<kw name="Dictionary Should Contain Key" owner="Collections">
<arg>${json_data['results'][0]}</arg>
<arg>${key}</arg>
<doc>Fails if ``key`` is not found from ``dictionary``.</doc>
<status status="PASS" start="2024-08-05T01:10:30.534225" elapsed="0.000374"/>
</kw>
<kw name="Log" owner="BuiltIn">
<msg time="2024-08-05T01:10:30.535127" level="INFO">{'gender': 'female', 'name': {'title': 'Miss', 'first': 'Cleonei', 'last': 'Aragão'}, 'location': {'street': {'number': 1801, 'name': 'Rua São Sebastiao '}, 'city': 'São Mateus', 'state': 'Rondônia', 'country': 'Brazil', 'postcode': 82475, 'coordinates': {'latitude': '-72.8857', 'longitude': '146.2763'}, 'timezone': {'offset': '-3:30', 'description': 'Newfoundland'}}, 'email': 'cleonei.aragao@example.com', 'login': {'uuid': '20152dec-c4f4-4937-a34f-d138242a58f5', 'username': 'yellowsnake186', 'password': 'denise', 'salt': 'q0rLmC5m', 'md5': 'c410b309e33fc30bb7225733bcdcf7e7', 'sha1': '8e7ea5be837b8566f2b3055b0d5d1eb940504fda', 'sha256': '96272fbfd25fd7ed1595017246bc0b710f20f2f7860f90d7f00971e2380716f5'}, 'dob': {'date': '1957-10-02T03:42:36.916Z', 'age': 66}, 'registered': {'date': '2012-12-04T00:17:49.316Z', 'age': 11}, 'phone': '(21) 6359-3179', 'cell': '(85) 5868-9065', 'id': {'name': 'CPF', 'value': '727.481.291-99'}, 'picture': {'large': 'https://randomuser.me/api/portraits/women/16.jpg', 'medium': 'https://randomuser.me/api/portraits/med/women/16.jpg', 'thumbnail': 'https://randomuser.me/api/portraits/thumb/women/16.jpg'}, 'nat': 'BR'}</msg>
<arg>${json_data['results'][0]}</arg>
<doc>Logs the given message with the given level.</doc>
<status status="PASS" start="2024-08-05T01:10:30.534780" elapsed="0.000396"/>
</kw>
<kw name="Log" owner="BuiltIn">
<msg time="2024-08-05T01:10:30.535593" level="INFO">login</msg>
<arg>${key}</arg>
<doc>Logs the given message with the given level.</doc>
<status status="PASS" start="2024-08-05T01:10:30.535467" elapsed="0.000162"/>
</kw>
<var name="${key}">login</var>
<status status="PASS" start="2024-08-05T01:10:30.534116" elapsed="0.001728"/>
</iter>
<var>${key}</var>
<value>@{expected_keys}</value>
<status status="PASS" start="2024-08-05T01:10:30.525900" elapsed="0.010063"/>
</for>
<kw name="Create List" owner="BuiltIn">
<msg time="2024-08-05T01:10:30.536286" level="INFO">${expected_keysTwo} = ['username', 'password']</msg>
<var>${expected_keysTwo}</var>
<arg>username</arg>
<arg>password</arg>
<doc>Returns a list containing given items.</doc>
<status status="PASS" start="2024-08-05T01:10:30.536154" elapsed="0.000182"/>
</kw>
<for flavor="IN">
<iter>
<kw name="Dictionary Should Contain Key" owner="Collections">
<arg>${json_data['results'][0]['login']}</arg>
<arg>${keyTwo}</arg>
<doc>Fails if ``key`` is not found from ``dictionary``.</doc>
<status status="PASS" start="2024-08-05T01:10:30.536839" elapsed="0.000377"/>
</kw>
<kw name="Dictionary Should Contain Key" owner="Collections">
<arg>${json_data['results'][0]['login']}</arg>
<arg>${keyTwo}</arg>
<doc>Fails if ``key`` is not found from ``dictionary``.</doc>
<status status="PASS" start="2024-08-05T01:10:30.537397" elapsed="0.000396"/>
</kw>
<kw name="Log" owner="BuiltIn">
<msg time="2024-08-05T01:10:30.538128" level="INFO">username</msg>
<arg>${keyTwo}</arg>
<doc>Logs the given message with the given level.</doc>
<status status="PASS" start="2024-08-05T01:10:30.538006" elapsed="0.000158"/>
</kw>
<var name="${keyTwo}">username</var>
<status status="PASS" start="2024-08-05T01:10:30.536732" elapsed="0.001652"/>
</iter>
<iter>
<kw name="Dictionary Should Contain Key" owner="Collections">
<arg>${json_data['results'][0]['login']}</arg>
<arg>${keyTwo}</arg>
<doc>Fails if ``key`` is not found from ``dictionary``.</doc>
<status status="PASS" start="2024-08-05T01:10:30.538662" elapsed="0.000381"/>
</kw>
<kw name="Dictionary Should Contain Key" owner="Collections">
<arg>${json_data['results'][0]['login']}</arg>
<arg>${keyTwo}</arg>
<doc>Fails if ``key`` is not found from ``dictionary``.</doc>
<status status="PASS" start="2024-08-05T01:10:30.539222" elapsed="0.000367"/>
</kw>
<kw name="Log" owner="BuiltIn">
<msg time="2024-08-05T01:10:30.539887" level="INFO">password</msg>
<arg>${keyTwo}</arg>
<doc>Logs the given message with the given level.</doc>
<status status="PASS" start="2024-08-05T01:10:30.539767" elapsed="0.000156"/>
</kw>
<var name="${keyTwo}">password</var>
<status status="PASS" start="2024-08-05T01:10:30.538556" elapsed="0.001590"/>
</iter>
<var>${keyTwo}</var>
<value>@{expected_keysTwo}</value>
<status status="PASS" start="2024-08-05T01:10:30.536582" elapsed="0.003687"/>
</for>
<status status="PASS" start="2024-08-05T01:10:30.408710" elapsed="0.131697"/>
</kw>
<doc>Testa a estrutura da resposta da API.</doc>
<tag>testeEstruturaResposta</tag>
<status status="PASS" start="2024-08-05T01:10:30.408112" elapsed="0.132441"/>
</test>
<test id="s1-s1-t4" name="Validar tipos de dados" line="28">
<kw name="Teste de Tipos de Dados" owner="random-user-service">
<kw name="GET On Session" owner="RequestsLibrary">
<msg time="2024-08-05T01:10:30.655137" level="INFO">GET Request : url=https://randomuser.me/api 
 path_url=/api 
 headers={'User-Agent': 'python-requests/2.32.3', 'Accept-Encoding': 'gzip, deflate', 'Accept': '*/*', 'Connection': 'keep-alive'} 
 body=None 
 </msg>
<msg time="2024-08-05T01:10:30.655219" level="INFO">GET Response : url=https://randomuser.me/api 
 status=200, reason=OK 
 headers={'Date': 'Mon, 05 Aug 2024 01:10:30 GMT', 'Content-Type': 'application/json; charset=utf-8', 'Transfer-Encoding': 'chunked', 'Connection': 'keep-alive', 'X-Powered-By': 'Express', 'Access-Control-Allow-Origin': '*', 'Cache-Control': 'no-cache', 'ETag': 'W/"48f-1ZOOu7/f82y5W37cwnGDklk9dNc"', 'Vary': 'Accept-Encoding', 'Content-Encoding': 'gzip', 'CF-Cache-Status': 'DYNAMIC', 'Report-To': '{"endpoints":[{"url":"https:\\/\\/a.nel.cloudflare.com\\/report\\/v4?s=ZqwXWgtF65G7hD6UOYHOYOEOVa39QVAvjPJsZIbAssK%2FnL41x%2FiJ7tEGj0WwZzqjDO3B1Z3VfVNXDL6MdRZ2PYUol5yn%2Fhlntt2NudwjuMP3%2FdW0haliQLUxZdNQmStY"}],"group":"cf-nel","max_age":604800}', 'NEL': '{"success_fraction":0,"report_to":"cf-nel","max_age":604800}', 'Server': 'cloudflare', 'CF-RAY': '8ae2e868ed4ac99d-IAD', 'alt-svc': 'h3=":443"; ma=86400'} 
 body={"results":[{"gender":"male","name":{"title":"Mr","first":"Roope","last":"Kuusisto"},"location":{"street":{"number":1761,"name":"Tehtaankatu"},"city":"Tuusniemi","state":"Satakunta","country":"Finland","postcode":28673,"coordinates":{"latitude":"-26.3578","longitude":"-81.0515"},"timezone":{"offset":"+2:00","description":"Kaliningrad, South Africa"}},"email":"roope.kuusisto@example.com","login":{"uuid":"c682eea3-8d0c-4589-bf17-bb2d25885959","username":"beautifulladybug758","password":"work","salt":"F2aYwHMn","md5":"89985b2f5f2892112a7f1c70623017df","sha1":"5a44d2439da8e954d02315a1a97da10b998efe99","sha256":"a7c3cc4dba4cd0f30e0f783379288225bf8a5c7ad25a74ce275a3ca3f8d0e7a7"},"dob":{"date":"1984-05-18T11:05:09.269Z","age":40},"registered":{"date":"2005-12-20T12:02:21.582Z","age":18},"phone":"03-355-353","cell":"046-041-94-14","id":{"name":"HETU","value":"NaNNA287undefined"},"picture":{"large":"https://randomuser.me/api/portraits/men/82.jpg","medium":"https://randomuser.me/api/portraits/med/men/82.jpg","thumbnail":"https://randomuser.me/api/portraits/thumb/men/82.jpg"},"nat":"FI"}],"info":{"seed":"0203ba028bbe27f7","results":1,"page":1,"version":"1.4"}} 
 </msg>
<msg time="2024-08-05T01:10:30.655288" level="INFO">/opt/hostedtoolcache/Python/3.12.4/x64/lib/python3.12/site-packages/urllib3/connectionpool.py:1099: InsecureRequestWarning: Unverified HTTPS request is being made to host 'randomuser.me'. Adding certificate verification is strongly advised. See: https://urllib3.readthedocs.io/en/latest/advanced-usage.html#tls-warnings
  warnings.warn(</msg>
<msg time="2024-08-05T01:10:30.655403" level="INFO">${response} = &lt;Response [200]&gt;</msg>
<var>${response}</var>
<arg>consultarAPI</arg>
<arg>/api</arg>
<doc>Sends a GET request on a previously created HTTP Session.</doc>
<status status="PASS" start="2024-08-05T01:10:30.543027" elapsed="0.112432"/>
</kw>
<kw name="Set Variable" owner="BuiltIn">
<msg time="2024-08-05T01:10:30.656533" level="INFO">${json_data} = {'results': [{'gender': 'male', 'name': {'title': 'Mr', 'first': 'Roope', 'last': 'Kuusisto'}, 'location': {'street': {'number': 1761, 'name': 'Tehtaankatu'}, 'city': 'Tuusniemi', 'state': 'Satakunta'...</msg>
<var>${json_data}</var>
<arg>${response.json()}</arg>
<doc>Returns the given values which can then be assigned to a variables.</doc>
<status status="PASS" start="2024-08-05T01:10:30.655991" elapsed="0.000571"/>
</kw>
<kw name="Log" owner="BuiltIn">
<msg time="2024-08-05T01:10:30.657025" level="INFO">{'results': [{'gender': 'male', 'name': {'title': 'Mr', 'first': 'Roope', 'last': 'Kuusisto'}, 'location': {'street': {'number': 1761, 'name': 'Tehtaankatu'}, 'city': 'Tuusniemi', 'state': 'Satakunta', 'country': 'Finland', 'postcode': 28673, 'coordinates': {'latitude': '-26.3578', 'longitude': '-81.0515'}, 'timezone': {'offset': '+2:00', 'description': 'Kaliningrad, South Africa'}}, 'email': 'roope.kuusisto@example.com', 'login': {'uuid': 'c682eea3-8d0c-4589-bf17-bb2d25885959', 'username': 'beautifulladybug758', 'password': 'work', 'salt': 'F2aYwHMn', 'md5': '89985b2f5f2892112a7f1c70623017df', 'sha1': '5a44d2439da8e954d02315a1a97da10b998efe99', 'sha256': 'a7c3cc4dba4cd0f30e0f783379288225bf8a5c7ad25a74ce275a3ca3f8d0e7a7'}, 'dob': {'date': '1984-05-18T11:05:09.269Z', 'age': 40}, 'registered': {'date': '2005-12-20T12:02:21.582Z', 'age': 18}, 'phone': '03-355-353', 'cell': '046-041-94-14', 'id': {'name': 'HETU', 'value': 'NaNNA287undefined'}, 'picture': {'large': 'https://randomuser.me/api/portraits/men/82.jpg', 'medium': 'https://randomuser.me/api/portraits/med/men/82.jpg', 'thumbnail': 'https://randomuser.me/api/portraits/thumb/men/82.jpg'}, 'nat': 'FI'}], 'info': {'seed': '0203ba028bbe27f7', 'results': 1, 'page': 1, 'version': '1.4'}}</msg>
<arg>${json_data}</arg>
<doc>Logs the given message with the given level.</doc>
<status status="PASS" start="2024-08-05T01:10:30.656868" elapsed="0.000204"/>
</kw>
<kw name="Should Be String" owner="String">
<arg>${json_data['results'][0]['gender']}</arg>
<doc>Fails if the given ``item`` is not a string.</doc>
<status status="PASS" start="2024-08-05T01:10:30.657359" elapsed="0.000346"/>
</kw>
<kw name="Should Match Regexp" owner="BuiltIn">
<arg>${json_data['results'][0]['email']}</arg>
<arg>^[a-zA-Z0-9._%+-]+@[a-zA-Z0-9.-]+\.[a-zA-Z]{2,}$</arg>
<doc>Fails if ``string`` does not match ``pattern`` as a regular expression.</doc>
<status status="PASS" start="2024-08-05T01:10:30.657948" elapsed="0.000541"/>
</kw>
<kw name="Should Match Regexp" owner="BuiltIn">
<arg>${json_data['results'][0]['dob']['date']}</arg>
<arg>\\d{4}-\\d{2}-\\d{2}T\\d{2}:\\d{2}:\\d{2}\\.\\d{3}Z</arg>
<doc>Fails if ``string`` does not match ``pattern`` as a regular expression.</doc>
<status status="PASS" start="2024-08-05T01:10:30.658685" elapsed="0.000581"/>
</kw>
<kw name="Should Match Regexp" owner="BuiltIn">
<arg>${json_data['results'][0]['registered']['date']}</arg>
<arg>\\d{4}-\\d{2}-\\d{2}T\\d{2}:\\d{2}:\\d{2}\\.\\d{3}Z</arg>
<doc>Fails if ``string`` does not match ``pattern`` as a regular expression.</doc>
<status status="PASS" start="2024-08-05T01:10:30.659460" elapsed="0.000367"/>
</kw>
<kw name="Should Match Regexp" owner="BuiltIn">
<arg>${json_data['results'][0]['picture']['large']}</arg>
<arg>^https?://.*\.(?:png|jpe?g|gif|bmp)$</arg>
<doc>Fails if ``string`` does not match ``pattern`` as a regular expression.</doc>
<status status="PASS" start="2024-08-05T01:10:30.660011" elapsed="0.000450"/>
</kw>
<kw name="Should Match Regexp" owner="BuiltIn">
<arg>${json_data['results'][0]['picture']['medium']}</arg>
<arg>^https?://.*\.(?:png|jpe?g|gif|bmp)$</arg>
<doc>Fails if ``string`` does not match ``pattern`` as a regular expression.</doc>
<status status="PASS" start="2024-08-05T01:10:30.660647" elapsed="0.000349"/>
</kw>
<kw name="Should Match Regexp" owner="BuiltIn">
<arg>${json_data['results'][0]['picture']['thumbnail']}</arg>
<arg>^https?://.*\.(?:png|jpe?g|gif|bmp)$</arg>
<doc>Fails if ``string`` does not match ``pattern`` as a regular expression.</doc>
<status status="PASS" start="2024-08-05T01:10:30.661178" elapsed="0.000342"/>
</kw>
<kw name="Log" owner="BuiltIn">
<msg time="2024-08-05T01:10:30.662042" level="INFO">{'large': 'https://randomuser.me/api/portraits/men/82.jpg', 'medium': 'https://randomuser.me/api/portraits/med/men/82.jpg', 'thumbnail': 'https://randomuser.me/api/portraits/thumb/men/82.jpg'}</msg>
<arg>${json_data['results'][0]['picture']}</arg>
<doc>Logs the given message with the given level.</doc>
<status status="PASS" start="2024-08-05T01:10:30.661698" elapsed="0.000386"/>
</kw>
<status status="PASS" start="2024-08-05T01:10:30.542804" elapsed="0.119531"/>
</kw>
<kw name="Teste de Tipos de Dados - Postcode" owner="random-user-service">
<kw name="GET On Session" owner="RequestsLibrary">
<msg time="2024-08-05T01:10:30.702135" level="INFO">GET Request : url=https://randomuser.me/api 
 path_url=/api 
 headers={'User-Agent': 'python-requests/2.32.3', 'Accept-Encoding': 'gzip, deflate', 'Accept': '*/*', 'Connection': 'keep-alive'} 
 body=None 
 </msg>
<msg time="2024-08-05T01:10:30.702217" level="INFO">GET Response : url=https://randomuser.me/api 
 status=200, reason=OK 
 headers={'Date': 'Mon, 05 Aug 2024 01:10:30 GMT', 'Content-Type': 'application/json; charset=utf-8', 'Transfer-Encoding': 'chunked', 'Connection': 'keep-alive', 'X-Powered-By': 'Express', 'Access-Control-Allow-Origin': '*', 'Cache-Control': 'no-cache', 'ETag': 'W/"4bd-VdGrR2rnMLbUbwbjGxqUokLCoeE"', 'Vary': 'Accept-Encoding', 'Content-Encoding': 'gzip', 'CF-Cache-Status': 'DYNAMIC', 'Report-To': '{"endpoints":[{"url":"https:\\/\\/a.nel.cloudflare.com\\/report\\/v4?s=N11B%2FYRggc8ssKTY65WFThOCEFNXJk3xmjAkRMEzWQa6%2BwWoG8Ez2VxWMbjFwvqvCmIAE9RHEhuSjf56zOk9JNL0Ti1DPICDJm7uIPash6K%2B1F23ZBhbKoWEKdL1hK2I"}],"group":"cf-nel","max_age":604800}', 'NEL': '{"success_fraction":0,"report_to":"cf-nel","max_age":604800}', 'Server': 'cloudflare', 'CF-RAY': '8ae2e869afa3c99d-IAD', 'alt-svc': 'h3=":443"; ma=86400'} 
 body={"results":[{"gender":"male","name":{"title":"Monsieur","first":"Milo","last":"Bourgeois"},"location":{"street":{"number":330,"name":"Place de L'Abbé-Georges-Hénocque"},"city":"Unterlangenegg","state":"Neuchâtel","country":"Switzerland","postcode":4765,"coordinates":{"latitude":"-60.7356","longitude":"-165.4951"},"timezone":{"offset":"-5:00","description":"Eastern Time (US &amp; Canada), Bogota, Lima"}},"email":"milo.bourgeois@example.com","login":{"uuid":"a1303e7e-5537-4f08-bb70-05d465a77a22","username":"lazybear139","password":"poker","salt":"tvlE8aIB","md5":"aa4386a3aba173e6975dbcbed9528f59","sha1":"314f11e9f31365a610e2d3e4d505687d7acb1caa","sha256":"b90116d503b719a7d34fd1eed332cc89393430fb3ad53a52ff6edc642b855399"},"dob":{"date":"1965-05-17T16:21:22.157Z","age":59},"registered":{"date":"2019-08-13T17:03:37.737Z","age":4},"phone":"076 644 61 14","cell":"077 076 77 53","id":{"name":"AVS","value":"756.3326.6247.74"},"picture":{"large":"https://randomuser.me/api/portraits/men/26.jpg","medium":"https://randomuser.me/api/portraits/med/men/26.jpg","thumbnail":"https://randomuser.me/api/portraits/thumb/men/26.jpg"},"nat":"CH"}],"info":{"seed":"4a52ce9a054f6d9c","results":1,"page":1,"version":"1.4"}} 
 </msg>
<msg time="2024-08-05T01:10:30.702291" level="INFO">/opt/hostedtoolcache/Python/3.12.4/x64/lib/python3.12/site-packages/urllib3/connectionpool.py:1099: InsecureRequestWarning: Unverified HTTPS request is being made to host 'randomuser.me'. Adding certificate verification is strongly advised. See: https://urllib3.readthedocs.io/en/latest/advanced-usage.html#tls-warnings
  warnings.warn(</msg>
<msg time="2024-08-05T01:10:30.702400" level="INFO">${response} = &lt;Response [200]&gt;</msg>
<var>${response}</var>
<arg>consultarAPI</arg>
<arg>/api</arg>
<doc>Sends a GET request on a previously created HTTP Session.</doc>
<status status="PASS" start="2024-08-05T01:10:30.662772" elapsed="0.039682"/>
</kw>
<kw name="Set Variable" owner="BuiltIn">
<msg time="2024-08-05T01:10:30.703560" level="INFO">${json_data} = {'results': [{'gender': 'male', 'name': {'title': 'Monsieur', 'first': 'Milo', 'last': 'Bourgeois'}, 'location': {'street': {'number': 330, 'name': "Place de L'Abbé-Georges-Hénocque"}, 'city': 'Unterl...</msg>
<var>${json_data}</var>
<arg>${response.json()}</arg>
<doc>Returns the given values which can then be assigned to a variables.</doc>
<status status="PASS" start="2024-08-05T01:10:30.703009" elapsed="0.000581"/>
</kw>
<kw name="Log" owner="BuiltIn">
<msg time="2024-08-05T01:10:30.704054" level="INFO">{'results': [{'gender': 'male', 'name': {'title': 'Monsieur', 'first': 'Milo', 'last': 'Bourgeois'}, 'location': {'street': {'number': 330, 'name': "Place de L'Abbé-Georges-Hénocque"}, 'city': 'Unterlangenegg', 'state': 'Neuchâtel', 'country': 'Switzerland', 'postcode': 4765, 'coordinates': {'latitude': '-60.7356', 'longitude': '-165.4951'}, 'timezone': {'offset': '-5:00', 'description': 'Eastern Time (US &amp; Canada), Bogota, Lima'}}, 'email': 'milo.bourgeois@example.com', 'login': {'uuid': 'a1303e7e-5537-4f08-bb70-05d465a77a22', 'username': 'lazybear139', 'password': 'poker', 'salt': 'tvlE8aIB', 'md5': 'aa4386a3aba173e6975dbcbed9528f59', 'sha1': '314f11e9f31365a610e2d3e4d505687d7acb1caa', 'sha256': 'b90116d503b719a7d34fd1eed332cc89393430fb3ad53a52ff6edc642b855399'}, 'dob': {'date': '1965-05-17T16:21:22.157Z', 'age': 59}, 'registered': {'date': '2019-08-13T17:03:37.737Z', 'age': 4}, 'phone': '076 644 61 14', 'cell': '077 076 77 53', 'id': {'name': 'AVS', 'value': '756.3326.6247.74'}, 'picture': {'large': 'https://randomuser.me/api/portraits/men/26.jpg', 'medium': 'https://randomuser.me/api/portraits/med/men/26.jpg', 'thumbnail': 'https://randomuser.me/api/portraits/thumb/men/26.jpg'}, 'nat': 'CH'}], 'info': {'seed': '4a52ce9a054f6d9c', 'results': 1, 'page': 1, 'version': '1.4'}}</msg>
<arg>${json_data}</arg>
<doc>Logs the given message with the given level.</doc>
<status status="PASS" start="2024-08-05T01:10:30.703899" elapsed="0.000206"/>
</kw>
<kw name="Should Be Equal As Numbers" owner="BuiltIn">
<arg>${json_data['results'][0]['location']['postcode']}</arg>
<arg>${json_data['results'][0]['location']['postcode']}</arg>
<doc>Fails if objects are unequal after converting them to real numbers.</doc>
<status status="PASS" start="2024-08-05T01:10:30.704398" elapsed="0.000612"/>
</kw>
<kw name="Log" owner="BuiltIn">
<msg time="2024-08-05T01:10:30.705572" level="INFO">4765</msg>
<arg>${json_data['results'][0]['location']['postcode']}</arg>
<doc>Logs the given message with the given level.</doc>
<status status="PASS" start="2024-08-05T01:10:30.705233" elapsed="0.000380"/>
</kw>
<status status="PASS" start="2024-08-05T01:10:30.662559" elapsed="0.043339"/>
</kw>
<doc>Testa se os tipos de dados na resposta da API estão corretos.</doc>
<tag>testeTiposDados</tag>
<status status="PASS" start="2024-08-05T01:10:30.542284" elapsed="0.163775"/>
</test>
<test id="s1-s1-t5" name="Validar conteudo" line="35">
<kw name="Teste de Tipos de Conteudo" owner="random-user-service">
<kw name="GET On Session" owner="RequestsLibrary">
<msg time="2024-08-05T01:10:30.814393" level="INFO">GET Request : url=https://randomuser.me/api 
 path_url=/api 
 headers={'User-Agent': 'python-requests/2.32.3', 'Accept-Encoding': 'gzip, deflate', 'Accept': '*/*', 'Connection': 'keep-alive'} 
 body=None 
 </msg>
<msg time="2024-08-05T01:10:30.814478" level="INFO">GET Response : url=https://randomuser.me/api 
 status=200, reason=OK 
 headers={'Date': 'Mon, 05 Aug 2024 01:10:30 GMT', 'Content-Type': 'application/json; charset=utf-8', 'Transfer-Encoding': 'chunked', 'Connection': 'keep-alive', 'X-Powered-By': 'Express', 'Access-Control-Allow-Origin': '*', 'Cache-Control': 'no-cache', 'ETag': 'W/"483-Ari+RAvNRzbBHb5y16WFMSsRV4E"', 'Vary': 'Accept-Encoding', 'Content-Encoding': 'gzip', 'CF-Cache-Status': 'DYNAMIC', 'Report-To': '{"endpoints":[{"url":"https:\\/\\/a.nel.cloudflare.com\\/report\\/v4?s=h8yaLbwMkxE17L0w1bUjD9ehvBvExfo1qYNCp4h9XHult0LSoZOq0Gq%2BjrG%2FdsruDEf4ej6EdEEhX1sDqYeUCh1pJSdsAneN5yukzzND8D86vda4FGdfglNEk1F8nLWi"}],"group":"cf-nel","max_age":604800}', 'NEL': '{"success_fraction":0,"report_to":"cf-nel","max_age":604800}', 'Server': 'cloudflare', 'CF-RAY': '8ae2e869f86bc99d-IAD', 'alt-svc': 'h3=":443"; ma=86400'} 
 body={"results":[{"gender":"male","name":{"title":"Mr","first":"Roy","last":"Scott"},"location":{"street":{"number":6027,"name":"Cackson St"},"city":"Geraldton","state":"Northern Territory","country":"Australia","postcode":6889,"coordinates":{"latitude":"-82.4994","longitude":"-75.6647"},"timezone":{"offset":"-1:00","description":"Azores, Cape Verde Islands"}},"email":"roy.scott@example.com","login":{"uuid":"dd691643-c3cc-402b-92b7-bc0d692c216e","username":"sadladybug739","password":"bertie","salt":"UmXXdkSe","md5":"15064960bbbdc1f5318aab6d527e759c","sha1":"95f9661de5875d0459860e485deae6561593bf45","sha256":"2255cbb4a09bdc66999d76a9ba7c824f77135743cc413934bed1d47a56f11772"},"dob":{"date":"1990-05-30T05:12:08.565Z","age":34},"registered":{"date":"2003-05-04T23:01:42.453Z","age":21},"phone":"04-6181-0481","cell":"0452-844-916","id":{"name":"TFN","value":"114168001"},"picture":{"large":"https://randomuser.me/api/portraits/men/82.jpg","medium":"https://randomuser.me/api/portraits/med/men/82.jpg","thumbnail":"https://randomuser.me/api/portraits/thumb/men/82.jpg"},"nat":"AU"}],"info":{"seed":"ad4327bcf045a88b","results":1,"page":1,"version":"1.4"}} 
 </msg>
<msg time="2024-08-05T01:10:30.814550" level="INFO">/opt/hostedtoolcache/Python/3.12.4/x64/lib/python3.12/site-packages/urllib3/connectionpool.py:1099: InsecureRequestWarning: Unverified HTTPS request is being made to host 'randomuser.me'. Adding certificate verification is strongly advised. See: https://urllib3.readthedocs.io/en/latest/advanced-usage.html#tls-warnings
  warnings.warn(</msg>
<msg time="2024-08-05T01:10:30.814660" level="INFO">${response} = &lt;Response [200]&gt;</msg>
<var>${response}</var>
<arg>consultarAPI</arg>
<arg>/api</arg>
<doc>Sends a GET request on a previously created HTTP Session.</doc>
<status status="PASS" start="2024-08-05T01:10:30.708473" elapsed="0.106231"/>
</kw>
<kw name="Set Variable" owner="BuiltIn">
<msg time="2024-08-05T01:10:30.815628" level="INFO">${json_data} = {'results': [{'gender': 'male', 'name': {'title': 'Mr', 'first': 'Roy', 'last': 'Scott'}, 'location': {'street': {'number': 6027, 'name': 'Cackson St'}, 'city': 'Geraldton', 'state': 'Northern Territo...</msg>
<var>${json_data}</var>
<arg>${response.json()}</arg>
<doc>Returns the given values which can then be assigned to a variables.</doc>
<status status="PASS" start="2024-08-05T01:10:30.815182" elapsed="0.000474"/>
</kw>
<kw name="Set Variable" owner="BuiltIn">
<msg time="2024-08-05T01:10:30.816335" level="INFO">${name_title} = Mr</msg>
<var>${name_title}</var>
<arg>${json_data["results"][0]["name"]["title"]}</arg>
<doc>Returns the given values which can then be assigned to a variables.</doc>
<status status="PASS" start="2024-08-05T01:10:30.815957" elapsed="0.000404"/>
</kw>
<kw name="Create List" owner="BuiltIn">
<msg time="2024-08-05T01:10:30.816804" level="INFO">${allowed_titles} = ['Mr', 'Ms', 'Miss', 'Mrs', 'Madame', 'Monsieur']</msg>
<var>${allowed_titles}</var>
<arg>Mr</arg>
<arg>Ms</arg>
<arg>Miss</arg>
<arg>Mrs</arg>
<arg>Madame</arg>
<arg>Monsieur</arg>
<doc>Returns a list containing given items.</doc>
<status status="PASS" start="2024-08-05T01:10:30.816655" elapsed="0.000174"/>
</kw>
<kw name="List Should Contain Value" owner="Collections">
<arg>${allowed_titles}</arg>
<arg>${name_title}</arg>
<doc>Fails if the ``value`` is not found from ``list``.</doc>
<status status="PASS" start="2024-08-05T01:10:30.817127" elapsed="0.000178"/>
</kw>
<kw name="Set Variable" owner="BuiltIn">
<msg time="2024-08-05T01:10:30.817897" level="INFO">${name_country} = AU</msg>
<var>${name_country}</var>
<arg>${json_data["results"][0]["nat"]}</arg>
<doc>Returns the given values which can then be assigned to a variables.</doc>
<status status="PASS" start="2024-08-05T01:10:30.817484" elapsed="0.000447"/>
</kw>
<kw name="Create List" owner="BuiltIn">
<msg time="2024-08-05T01:10:30.818837" level="INFO">${list_country} = ['AD', 'AE', 'AF', 'AG', 'AI', 'AL', 'AM', 'AO', 'AQ', 'AR', 'AS', 'AT', 'AU', 'AW', 'AX', 'AZ', 'BA', 'BB', 'BD', 'BE', 'BF', 'BG', 'BH', 'BI', 'BJ', 'BL', 'BM', 'BN', 'BO', 'BQ', 'BR', 'BS', 'BT', '...</msg>
<var>${list_country}</var>
<arg>AD</arg>
<arg>AE</arg>
<arg>AF</arg>
<arg>AG</arg>
<arg>AI</arg>
<arg>AL</arg>
<arg>AM</arg>
<arg>AO</arg>
<arg>AQ</arg>
<arg>AR</arg>
<arg>AS</arg>
<arg>AT</arg>
<arg>AU</arg>
<arg>AW</arg>
<arg>AX</arg>
<arg>AZ</arg>
<arg>BA</arg>
<arg>BB</arg>
<arg>BD</arg>
<arg>BE</arg>
<arg>BF</arg>
<arg>BG</arg>
<arg>BH</arg>
<arg>BI</arg>
<arg>BJ</arg>
<arg>BL</arg>
<arg>BM</arg>
<arg>BN</arg>
<arg>BO</arg>
<arg>BQ</arg>
<arg>BR</arg>
<arg>BS</arg>
<arg>BT</arg>
<arg>BV</arg>
<arg>BW</arg>
<arg>BY</arg>
<arg>BZ</arg>
<arg>CA</arg>
<arg>CC</arg>
<arg>CD</arg>
<arg>CF</arg>
<arg>CG</arg>
<arg>CH</arg>
<arg>CI</arg>
<arg>CK</arg>
<arg>CL</arg>
<arg>CM</arg>
<arg>CN</arg>
<arg>CO</arg>
<arg>CR</arg>
<arg>CU</arg>
<arg>CV</arg>
<arg>CW</arg>
<arg>CX</arg>
<arg>CY</arg>
<arg>CZ</arg>
<arg>DE</arg>
<arg>DJ</arg>
<arg>DK</arg>
<arg>DM</arg>
<arg>DO</arg>
<arg>DZ</arg>
<arg>EC</arg>
<arg>EE</arg>
<arg>EG</arg>
<arg>EH</arg>
<arg>ER</arg>
<arg>ES</arg>
<arg>ET</arg>
<arg>FI</arg>
<arg>FJ</arg>
<arg>FK</arg>
<arg>FM</arg>
<arg>FO</arg>
<arg>FR</arg>
<arg>GA</arg>
<arg>GB</arg>
<arg>GD</arg>
<arg>GE</arg>
<arg>GF</arg>
<arg>GG</arg>
<arg>GH</arg>
<arg>GI</arg>
<arg>GL</arg>
<arg>GM</arg>
<arg>GN</arg>
<arg>GP</arg>
<arg>GQ</arg>
<arg>GR</arg>
<arg>GS</arg>
<arg>GT</arg>
<arg>GU</arg>
<arg>GW</arg>
<arg>GY</arg>
<arg>HK</arg>
<arg>HM</arg>
<arg>HN</arg>
<arg>HR</arg>
<arg>HT</arg>
<arg>HU</arg>
<arg>ID</arg>
<arg>IE</arg>
<arg>IL</arg>
<arg>IM</arg>
<arg>IN</arg>
<arg>IO</arg>
<arg>IQ</arg>
<arg>IR</arg>
<arg>IS</arg>
<arg>IT</arg>
<arg>JE</arg>
<arg>JM</arg>
<arg>JO</arg>
<arg>JP</arg>
<arg>KE</arg>
<arg>KG</arg>
<arg>KH</arg>
<arg>KI</arg>
<arg>KM</arg>
<arg>KN</arg>
<arg>KP</arg>
<arg>KR</arg>
<arg>KW</arg>
<arg>KY</arg>
<arg>KZ</arg>
<arg>LA</arg>
<arg>LB</arg>
<arg>LC</arg>
<arg>LI</arg>
<arg>LK</arg>
<arg>LR</arg>
<arg>LS</arg>
<arg>LT</arg>
<arg>LU</arg>
<arg>LV</arg>
<arg>LY</arg>
<arg>MA</arg>
<arg>MC</arg>
<arg>MD</arg>
<arg>ME</arg>
<arg>MF</arg>
<arg>MG</arg>
<arg>MH</arg>
<arg>MK</arg>
<arg>ML</arg>
<arg>MM</arg>
<arg>MN</arg>
<arg>MO</arg>
<arg>MP</arg>
<arg>MQ</arg>
<arg>MR</arg>
<arg>MS</arg>
<arg>MT</arg>
<arg>MU</arg>
<arg>MV</arg>
<arg>MW</arg>
<arg>MX</arg>
<arg>MY</arg>
<arg>MZ</arg>
<arg>NA</arg>
<arg>NC</arg>
<arg>NE</arg>
<arg>NF</arg>
<arg>NG</arg>
<arg>NI</arg>
<arg>NL</arg>
<arg>NO</arg>
<arg>NP</arg>
<arg>NR</arg>
<arg>NU</arg>
<arg>NZ</arg>
<arg>OM</arg>
<arg>PA</arg>
<arg>PE</arg>
<arg>PF</arg>
<arg>PG</arg>
<arg>PH</arg>
<arg>PK</arg>
<arg>PL</arg>
<arg>PM</arg>
<arg>PN</arg>
<arg>PR</arg>
<arg>PS</arg>
<arg>PT</arg>
<arg>PW</arg>
<arg>PY</arg>
<arg>QA</arg>
<arg>RE</arg>
<arg>RO</arg>
<arg>RS</arg>
<arg>RU</arg>
<arg>RW</arg>
<arg>SA</arg>
<arg>SB</arg>
<arg>SC</arg>
<arg>SD</arg>
<arg>SE</arg>
<arg>SG</arg>
<arg>SH</arg>
<arg>SI</arg>
<arg>SJ</arg>
<arg>SK</arg>
<arg>SL</arg>
<arg>SM</arg>
<arg>SN</arg>
<arg>SO</arg>
<arg>SR</arg>
<arg>SS</arg>
<arg>ST</arg>
<arg>SV</arg>
<arg>SX</arg>
<arg>SY</arg>
<arg>SZ</arg>
<arg>TC</arg>
<arg>TD</arg>
<arg>TF</arg>
<arg>TG</arg>
<arg>TH</arg>
<arg>TJ</arg>
<arg>TK</arg>
<arg>TL</arg>
<arg>TM</arg>
<arg>TN</arg>
<arg>TO</arg>
<arg>TR</arg>
<arg>TT</arg>
<arg>TV</arg>
<arg>TW</arg>
<arg>TZ</arg>
<arg>UA</arg>
<arg>UG</arg>
<arg>UM</arg>
<arg>US</arg>
<arg>UY</arg>
<arg>UZ</arg>
<arg>VA</arg>
<arg>VC</arg>
<arg>VE</arg>
<arg>VG</arg>
<arg>VI</arg>
<arg>VN</arg>
<arg>VU</arg>
<arg>WF</arg>
<arg>WS</arg>
<arg>XK</arg>
<arg>YE</arg>
<arg>YT</arg>
<arg>ZA</arg>
<arg>ZM</arg>
<arg>ZW</arg>
<doc>Returns a list containing given items.</doc>
<status status="PASS" start="2024-08-05T01:10:30.818225" elapsed="0.000638"/>
</kw>
<kw name="List Should Contain Value" owner="Collections">
<arg>${list_country}</arg>
<arg>${name_country}</arg>
<doc>Fails if the ``value`` is not found from ``list``.</doc>
<status status="PASS" start="2024-08-05T01:10:30.819796" elapsed="0.000209"/>
</kw>
<kw name="Run Keyword If" owner="BuiltIn">
<kw name="Should Be True" owner="BuiltIn">
<arg>${True}</arg>
<doc>Fails if the given condition is not true.</doc>
<status status="PASS" start="2024-08-05T01:10:30.820936" elapsed="0.000142"/>
</kw>
<arg>${json_data["results"][0]["location"]["coordinates"]["latitude"]} &gt;= -90 and ${json_data["results"][0]["location"]["coordinates"]["latitude"]} &lt;= 90</arg>
<arg>Should Be True</arg>
<arg>${True}</arg>
<doc>Runs the given keyword with the given arguments, if ``condition`` is true.</doc>
<status status="PASS" start="2024-08-05T01:10:30.820203" elapsed="0.001001"/>
</kw>
<kw name="Run Keyword If" owner="BuiltIn">
<kw name="Should Be True" owner="BuiltIn">
<arg>${True}</arg>
<doc>Fails if the given condition is not true.</doc>
<status status="PASS" start="2024-08-05T01:10:30.822098" elapsed="0.000138"/>
</kw>
<arg>${json_data["results"][0]["location"]["coordinates"]["longitude"]} &gt;= -180 and ${json_data["results"][0]["location"]["coordinates"]["longitude"]} &lt;= 180</arg>
<arg>Should Be True</arg>
<arg>${True}</arg>
<doc>Runs the given keyword with the given arguments, if ``condition`` is true.</doc>
<status status="PASS" start="2024-08-05T01:10:30.821381" elapsed="0.000980"/>
</kw>
<status status="PASS" start="2024-08-05T01:10:30.708255" elapsed="0.114232"/>
</kw>
<doc>Testa o conteúdo específico dos campos retornados pela API.</doc>
<tag>testeConteudo</tag>
<status status="PASS" start="2024-08-05T01:10:30.707746" elapsed="0.114880"/>
</test>
<status status="PASS" start="2024-08-05T01:10:29.862929" elapsed="0.961513"/>
</suite>
<status status="PASS" start="2024-08-05T01:10:29.841972" elapsed="0.987444"/>
</suite>
<statistics>
<total>
<stat pass="5" fail="0" skip="0">All Tests</stat>
</total>
<tag>
<stat pass="1" fail="0" skip="0">testeConteudo</stat>
<stat pass="1" fail="0" skip="0">testeEstruturaResposta</stat>
<stat pass="1" fail="0" skip="0">testeRequisicaoBasica</stat>
<stat pass="1" fail="0" skip="0">testeTiposDados</stat>
</tag>
<suite>
<stat pass="5" fail="0" skip="0" id="s1" name="Tests">Tests</stat>
<stat pass="5" fail="0" skip="0" id="s1-s1" name="Random-User-Test">Tests.Random-User-Test</stat>
</suite>
</statistics>
<errors>
</errors>
</robot>
