<?xml version="1.0" encoding="UTF-8"?>
<robot generator="Robot 7.0 (Python 3.12.3 on linux)" generated="2024-04-22T14:13:41.874828" rpa="false" schemaversion="5">
<suite id="s1" name="Tests" source="/home/runner/work/DesafioQAItauRogerioJordao/DesafioQAItauRogerioJordao/RamdonUser/tests">
<suite id="s1-s1" name="Random-User-Test" source="/home/runner/work/DesafioQAItauRogerioJordao/DesafioQAItauRogerioJordao/RamdonUser/tests/random-user-test.robot">
<test id="s1-s1-t1" name="Conectar" line="13">
<kw name="Conectar API" owner="random-user-service">
<kw name="Create Session" owner="RequestsLibrary">
<msg time="2024-04-22T14:13:42.259026" level="INFO">Creating Session using : alias=consultarAPI, url=https://randomuser.me/, headers={},                     cookies={}, auth=None, timeout=None, proxies=None, verify=False,                     debug=0 </msg>
<arg>consultarAPI</arg>
<arg>${URL}</arg>
<doc>Create Session: create a HTTP session to a server</doc>
<status status="PASS" start="2024-04-22T14:13:42.258824" elapsed="0.000404"/>
</kw>
<status status="PASS" start="2024-04-22T14:13:42.257819" elapsed="0.001780"/>
</kw>
<status status="PASS" start="2024-04-22T14:13:42.257107" elapsed="0.002687"/>
</test>
<test id="s1-s1-t2" name="Validar retorno 200 e JSON Válido" line="16">
<kw name="Teste de Requisicao Basica" owner="random-user-service">
<kw name="GET On Session" owner="RequestsLibrary">
<msg time="2024-04-22T14:13:42.840613" level="INFO">GET Request : url=https://randomuser.me/api 
 path_url=/api 
 headers={'User-Agent': 'python-requests/2.31.0', 'Accept-Encoding': 'gzip, deflate', 'Accept': '*/*', 'Connection': 'keep-alive'} 
 body=None 
 </msg>
<msg time="2024-04-22T14:13:42.840791" level="INFO">GET Response : url=https://randomuser.me/api 
 status=200, reason=OK 
 headers={'Date': 'Mon, 22 Apr 2024 14:13:42 GMT', 'Content-Type': 'application/json; charset=utf-8', 'Transfer-Encoding': 'chunked', 'Connection': 'keep-alive', 'X-Powered-By': 'Express', 'Access-Control-Allow-Origin': '*', 'Cache-Control': 'no-cache', 'ETag': 'W/"4a7-qSWVBroIvM4oqRrzPxSei3/pnng"', 'Vary': 'Accept-Encoding', 'Content-Encoding': 'gzip', 'CF-Cache-Status': 'DYNAMIC', 'Report-To': '{"endpoints":[{"url":"https:\\/\\/a.nel.cloudflare.com\\/report\\/v4?s=Pp5CAS5rvwoSPdm850bbBsQrtqVkmC771vhS%2BFDwizFe9EFCgrXcPoLul2m%2B6tnl4zr0Eqs2xMetBPHIRoBczsR4cDSLNNWOANJ2P9ON28u5umBCVM4yK1f2BjVUEAKI"}],"group":"cf-nel","max_age":604800}', 'NEL': '{"success_fraction":0,"report_to":"cf-nel","max_age":604800}', 'Server': 'cloudflare', 'CF-RAY': '8786374e2d6ecee1-SJC', 'alt-svc': 'h3=":443"; ma=86400'} 
 body={"results":[{"gender":"female","name":{"title":"Mrs","first":"Giovana","last":"Viana"},"location":{"street":{"number":6518,"name":"Rua Dezesseis de Maio"},"city":"São José","state":"Goiás","country":"Brazil","postcode":44666,"coordinates":{"latitude":"-77.9110","longitude":"156.1749"},"timezone":{"offset":"+10:00","description":"Eastern Australia, Guam, Vladivostok"}},"email":"giovana.viana@example.com","login":{"uuid":"5f5fa4d4-671d-495e-8fdf-8a480d7894b7","username":"whiteleopard694","password":"sunlight","salt":"De2Lw4G0","md5":"b3e87b2c903c6f4f2779ff641908be07","sha1":"c88f5881f9eacc57286e6b7bb536e6860c1e38a1","sha256":"94b604b101acca2d6c72f60897ab177cbad8b70d5f7ab182c7263ffe7456b9a0"},"dob":{"date":"1960-08-07T05:27:01.615Z","age":63},"registered":{"date":"2013-04-21T13:39:20.439Z","age":11},"phone":"(84) 5527-4839","cell":"(67) 7986-4970","id":{"name":"CPF","value":"420.746.122-88"},"picture":{"large":"https://randomuser.me/api/portraits/women/4.jpg","medium":"https://randomuser.me/api/portraits/med/women/4.jpg","thumbnail":"https://randomuser.me/api/portraits/thumb/women/4.jpg"},"nat":"BR"}],"info":{"seed":"a29bb80aafa04411","results":1,"page":1,"version":"1.4"}} 
 </msg>
<msg time="2024-04-22T14:13:42.840879" level="INFO">/opt/hostedtoolcache/Python/3.12.3/x64/lib/python3.12/site-packages/urllib3/connectionpool.py:1103: InsecureRequestWarning: Unverified HTTPS request is being made to host 'randomuser.me'. Adding certificate verification is strongly advised. See: https://urllib3.readthedocs.io/en/latest/advanced-usage.html#tls-warnings
  warnings.warn(</msg>
<msg time="2024-04-22T14:13:42.841043" level="INFO">${response} = &lt;Response [200]&gt;</msg>
<var>${response}</var>
<arg>consultarAPI</arg>
<arg>/api</arg>
<doc>Sends a GET request on a previously created HTTP Session.</doc>
<status status="PASS" start="2024-04-22T14:13:42.262519" elapsed="0.578568"/>
</kw>
<kw name="Should Be Equal As Numbers" owner="BuiltIn">
<msg time="2024-04-22T14:13:42.842161" level="INFO">Argument types are:
&lt;class 'int'&gt;
&lt;class 'str'&gt;</msg>
<arg>${response.status_code}</arg>
<arg>200</arg>
<doc>Fails if objects are unequal after converting them to real numbers.</doc>
<status status="PASS" start="2024-04-22T14:13:42.841693" elapsed="0.000532"/>
</kw>
<kw name="Log" owner="BuiltIn">
<msg time="2024-04-22T14:13:42.842903" level="INFO">200</msg>
<arg>${response.status_code}</arg>
<doc>Logs the given message with the given level.</doc>
<status status="PASS" start="2024-04-22T14:13:42.842561" elapsed="0.000383"/>
</kw>
<kw name="Set Variable" owner="BuiltIn">
<msg time="2024-04-22T14:13:42.843728" level="INFO">${json_data} = {'results': [{'gender': 'female', 'name': {'title': 'Mrs', 'first': 'Giovana', 'last': 'Viana'}, 'location': {'street': {'number': 6518, 'name': 'Rua Dezesseis de Maio'}, 'city': 'São José', 'state': ...</msg>
<var>${json_data}</var>
<arg>${response.json()}</arg>
<doc>Returns the given values which can then be assigned to a variables.</doc>
<status status="PASS" start="2024-04-22T14:13:42.843278" elapsed="0.000480"/>
</kw>
<kw name="Dictionary Should Contain Key" owner="Collections">
<msg time="2024-04-22T14:13:42.844236" level="INFO">False</msg>
<arg>${json_data}</arg>
<arg>results</arg>
<doc>Fails if ``key`` is not found from ``dictionary``.</doc>
<status status="PASS" start="2024-04-22T14:13:42.844066" elapsed="0.000208"/>
</kw>
<status status="PASS" start="2024-04-22T14:13:42.262266" elapsed="0.582276"/>
</kw>
<doc>Testa se a API responde corretamente e retorna um objeto JSON válido.</doc>
<tag>testeRequisicaoBasica</tag>
<status status="PASS" start="2024-04-22T14:13:42.261709" elapsed="0.583014"/>
</test>
<test id="s1-s1-t3" name="Validar estrutura de resposta" line="22">
<kw name="Teste de Estrutura de Resposta" owner="random-user-service">
<kw name="GET On Session" owner="RequestsLibrary">
<msg time="2024-04-22T14:13:42.956251" level="INFO">GET Request : url=https://randomuser.me/api 
 path_url=/api 
 headers={'User-Agent': 'python-requests/2.31.0', 'Accept-Encoding': 'gzip, deflate', 'Accept': '*/*', 'Connection': 'keep-alive'} 
 body=None 
 </msg>
<msg time="2024-04-22T14:13:42.956355" level="INFO">GET Response : url=https://randomuser.me/api 
 status=200, reason=OK 
 headers={'Date': 'Mon, 22 Apr 2024 14:13:42 GMT', 'Content-Type': 'application/json; charset=utf-8', 'Transfer-Encoding': 'chunked', 'Connection': 'keep-alive', 'X-Powered-By': 'Express', 'Access-Control-Allow-Origin': '*', 'Cache-Control': 'no-cache', 'ETag': 'W/"468-uR9i0lRA3O27Q7KS1h+ezabRUQM"', 'Vary': 'Accept-Encoding', 'Content-Encoding': 'gzip', 'CF-Cache-Status': 'DYNAMIC', 'Report-To': '{"endpoints":[{"url":"https:\\/\\/a.nel.cloudflare.com\\/report\\/v4?s=J4GdYBYt7hMSF6FPyaTaHoHKf0jELkj8pK0NL5hTaUndaPoZ82a25DKVZZwR%2BiwGfakKB03FHfaJZ%2Bui1GjyEcxDBFGhsWa%2F0FGGss4k%2Fn6elBRYxbo7c9WQLkXsJxoy"}],"group":"cf-nel","max_age":604800}', 'NEL': '{"success_fraction":0,"report_to":"cf-nel","max_age":604800}', 'Server': 'cloudflare', 'CF-RAY': '8786374ede47cee1-SJC', 'alt-svc': 'h3=":443"; ma=86400'} 
 body={"results":[{"gender":"male","name":{"title":"Mr","first":"Giray","last":"Ertürk"},"location":{"street":{"number":2893,"name":"Mevlana Cd"},"city":"Ardahan","state":"İstanbul","country":"Turkey","postcode":81332,"coordinates":{"latitude":"67.3462","longitude":"-173.1083"},"timezone":{"offset":"-9:00","description":"Alaska"}},"email":"giray.erturk@example.com","login":{"uuid":"7614ee6c-1e8a-473e-8ae1-4552ad4a1bca","username":"tinybutterfly345","password":"overkill","salt":"e4HNBo3t","md5":"33773af1280340eccc250df03033b70f","sha1":"e70f1c8dad6212dbf5534aafcfcdd4016d6c5e23","sha256":"3476391064d5e1491d45fd9d6ac878a6858472c0c641b5d6ade719fd9c201abc"},"dob":{"date":"1965-05-26T01:30:02.315Z","age":58},"registered":{"date":"2009-09-03T10:44:55.180Z","age":14},"phone":"(682)-607-7695","cell":"(381)-150-9013","id":{"name":"","value":null},"picture":{"large":"https://randomuser.me/api/portraits/men/15.jpg","medium":"https://randomuser.me/api/portraits/med/men/15.jpg","thumbnail":"https://randomuser.me/api/portraits/thumb/men/15.jpg"},"nat":"TR"}],"info":{"seed":"beaf6cf0aae3d48e","results":1,"page":1,"version":"1.4"}} 
 </msg>
<msg time="2024-04-22T14:13:42.956485" level="INFO">/opt/hostedtoolcache/Python/3.12.3/x64/lib/python3.12/site-packages/urllib3/connectionpool.py:1103: InsecureRequestWarning: Unverified HTTPS request is being made to host 'randomuser.me'. Adding certificate verification is strongly advised. See: https://urllib3.readthedocs.io/en/latest/advanced-usage.html#tls-warnings
  warnings.warn(</msg>
<msg time="2024-04-22T14:13:42.956641" level="INFO">${response} = &lt;Response [200]&gt;</msg>
<var>${response}</var>
<arg>consultarAPI</arg>
<arg>/api</arg>
<doc>Sends a GET request on a previously created HTTP Session.</doc>
<status status="PASS" start="2024-04-22T14:13:42.847386" elapsed="0.109302"/>
</kw>
<kw name="Set Variable" owner="BuiltIn">
<msg time="2024-04-22T14:13:42.957842" level="INFO">${json_data} = {'results': [{'gender': 'male', 'name': {'title': 'Mr', 'first': 'Giray', 'last': 'Ertürk'}, 'location': {'street': {'number': 2893, 'name': 'Mevlana Cd'}, 'city': 'Ardahan', 'state': 'İstanbul', 'cou...</msg>
<var>${json_data}</var>
<arg>${response.json()}</arg>
<doc>Returns the given values which can then be assigned to a variables.</doc>
<status status="PASS" start="2024-04-22T14:13:42.957254" elapsed="0.000619"/>
</kw>
<kw name="Log" owner="BuiltIn">
<msg time="2024-04-22T14:13:42.958353" level="INFO">{'results': [{'gender': 'male', 'name': {'title': 'Mr', 'first': 'Giray', 'last': 'Ertürk'}, 'location': {'street': {'number': 2893, 'name': 'Mevlana Cd'}, 'city': 'Ardahan', 'state': 'İstanbul', 'country': 'Turkey', 'postcode': 81332, 'coordinates': {'latitude': '67.3462', 'longitude': '-173.1083'}, 'timezone': {'offset': '-9:00', 'description': 'Alaska'}}, 'email': 'giray.erturk@example.com', 'login': {'uuid': '7614ee6c-1e8a-473e-8ae1-4552ad4a1bca', 'username': 'tinybutterfly345', 'password': 'overkill', 'salt': 'e4HNBo3t', 'md5': '33773af1280340eccc250df03033b70f', 'sha1': 'e70f1c8dad6212dbf5534aafcfcdd4016d6c5e23', 'sha256': '3476391064d5e1491d45fd9d6ac878a6858472c0c641b5d6ade719fd9c201abc'}, 'dob': {'date': '1965-05-26T01:30:02.315Z', 'age': 58}, 'registered': {'date': '2009-09-03T10:44:55.180Z', 'age': 14}, 'phone': '(682)-607-7695', 'cell': '(381)-150-9013', 'id': {'name': '', 'value': None}, 'picture': {'large': 'https://randomuser.me/api/portraits/men/15.jpg', 'medium': 'https://randomuser.me/api/portraits/med/men/15.jpg', 'thumbnail': 'https://randomuser.me/api/portraits/thumb/men/15.jpg'}, 'nat': 'TR'}], 'info': {'seed': 'beaf6cf0aae3d48e', 'results': 1, 'page': 1, 'version': '1.4'}}</msg>
<arg>${json_data}</arg>
<doc>Logs the given message with the given level.</doc>
<status status="PASS" start="2024-04-22T14:13:42.958187" elapsed="0.000218"/>
</kw>
<kw name="Dictionary Should Contain Key" owner="Collections">
<msg time="2024-04-22T14:13:42.958866" level="INFO">False</msg>
<arg>${json_data}</arg>
<arg>results</arg>
<doc>Fails if ``key`` is not found from ``dictionary``.</doc>
<status status="PASS" start="2024-04-22T14:13:42.958710" elapsed="0.000192"/>
</kw>
<kw name="Should Not Be Empty" owner="BuiltIn">
<msg time="2024-04-22T14:13:42.959322" level="INFO">Length is 2.</msg>
<arg>${json_data}</arg>
<doc>Verifies that the given item is not empty.</doc>
<status status="PASS" start="2024-04-22T14:13:42.959192" elapsed="0.000168"/>
</kw>
<kw name="Create List" owner="BuiltIn">
<msg time="2024-04-22T14:13:42.959972" level="INFO">${expected_keys} = ['gender', 'name', 'location', 'email', 'login']</msg>
<var>${expected_keys}</var>
<arg>gender</arg>
<arg>name</arg>
<arg>location</arg>
<arg>email</arg>
<arg>login</arg>
<doc>Returns a list containing given items.</doc>
<status status="PASS" start="2024-04-22T14:13:42.959653" elapsed="0.000344"/>
</kw>
<for flavor="IN">
<iter>
<kw name="Dictionary Should Contain Key" owner="Collections">
<msg time="2024-04-22T14:13:42.960997" level="INFO">False</msg>
<arg>${json_data['results'][0]}</arg>
<arg>${key}</arg>
<doc>Fails if ``key`` is not found from ``dictionary``.</doc>
<status status="PASS" start="2024-04-22T14:13:42.960588" elapsed="0.000447"/>
</kw>
<kw name="Log" owner="BuiltIn">
<msg time="2024-04-22T14:13:42.961753" level="INFO">{'gender': 'male', 'name': {'title': 'Mr', 'first': 'Giray', 'last': 'Ertürk'}, 'location': {'street': {'number': 2893, 'name': 'Mevlana Cd'}, 'city': 'Ardahan', 'state': 'İstanbul', 'country': 'Turkey', 'postcode': 81332, 'coordinates': {'latitude': '67.3462', 'longitude': '-173.1083'}, 'timezone': {'offset': '-9:00', 'description': 'Alaska'}}, 'email': 'giray.erturk@example.com', 'login': {'uuid': '7614ee6c-1e8a-473e-8ae1-4552ad4a1bca', 'username': 'tinybutterfly345', 'password': 'overkill', 'salt': 'e4HNBo3t', 'md5': '33773af1280340eccc250df03033b70f', 'sha1': 'e70f1c8dad6212dbf5534aafcfcdd4016d6c5e23', 'sha256': '3476391064d5e1491d45fd9d6ac878a6858472c0c641b5d6ade719fd9c201abc'}, 'dob': {'date': '1965-05-26T01:30:02.315Z', 'age': 58}, 'registered': {'date': '2009-09-03T10:44:55.180Z', 'age': 14}, 'phone': '(682)-607-7695', 'cell': '(381)-150-9013', 'id': {'name': '', 'value': None}, 'picture': {'large': 'https://randomuser.me/api/portraits/men/15.jpg', 'medium': 'https://randomuser.me/api/portraits/med/men/15.jpg', 'thumbnail': 'https://randomuser.me/api/portraits/thumb/men/15.jpg'}, 'nat': 'TR'}</msg>
<arg>${json_data['results'][0]}</arg>
<doc>Logs the given message with the given level.</doc>
<status status="PASS" start="2024-04-22T14:13:42.961338" elapsed="0.000466"/>
</kw>
<kw name="Log" owner="BuiltIn">
<msg time="2024-04-22T14:13:42.962234" level="INFO">gender</msg>
<arg>${key}</arg>
<doc>Logs the given message with the given level.</doc>
<status status="PASS" start="2024-04-22T14:13:42.962105" elapsed="0.000166"/>
</kw>
<var name="${key}">gender</var>
<status status="PASS" start="2024-04-22T14:13:42.960462" elapsed="0.002023"/>
</iter>
<iter>
<kw name="Dictionary Should Contain Key" owner="Collections">
<msg time="2024-04-22T14:13:42.963174" level="INFO">False</msg>
<arg>${json_data['results'][0]}</arg>
<arg>${key}</arg>
<doc>Fails if ``key`` is not found from ``dictionary``.</doc>
<status status="PASS" start="2024-04-22T14:13:42.962787" elapsed="0.000424"/>
</kw>
<kw name="Log" owner="BuiltIn">
<msg time="2024-04-22T14:13:42.963903" level="INFO">{'gender': 'male', 'name': {'title': 'Mr', 'first': 'Giray', 'last': 'Ertürk'}, 'location': {'street': {'number': 2893, 'name': 'Mevlana Cd'}, 'city': 'Ardahan', 'state': 'İstanbul', 'country': 'Turkey', 'postcode': 81332, 'coordinates': {'latitude': '67.3462', 'longitude': '-173.1083'}, 'timezone': {'offset': '-9:00', 'description': 'Alaska'}}, 'email': 'giray.erturk@example.com', 'login': {'uuid': '7614ee6c-1e8a-473e-8ae1-4552ad4a1bca', 'username': 'tinybutterfly345', 'password': 'overkill', 'salt': 'e4HNBo3t', 'md5': '33773af1280340eccc250df03033b70f', 'sha1': 'e70f1c8dad6212dbf5534aafcfcdd4016d6c5e23', 'sha256': '3476391064d5e1491d45fd9d6ac878a6858472c0c641b5d6ade719fd9c201abc'}, 'dob': {'date': '1965-05-26T01:30:02.315Z', 'age': 58}, 'registered': {'date': '2009-09-03T10:44:55.180Z', 'age': 14}, 'phone': '(682)-607-7695', 'cell': '(381)-150-9013', 'id': {'name': '', 'value': None}, 'picture': {'large': 'https://randomuser.me/api/portraits/men/15.jpg', 'medium': 'https://randomuser.me/api/portraits/med/men/15.jpg', 'thumbnail': 'https://randomuser.me/api/portraits/thumb/men/15.jpg'}, 'nat': 'TR'}</msg>
<arg>${json_data['results'][0]}</arg>
<doc>Logs the given message with the given level.</doc>
<status status="PASS" start="2024-04-22T14:13:42.963535" elapsed="0.000418"/>
</kw>
<kw name="Log" owner="BuiltIn">
<msg time="2024-04-22T14:13:42.964380" level="INFO">name</msg>
<arg>${key}</arg>
<doc>Logs the given message with the given level.</doc>
<status status="PASS" start="2024-04-22T14:13:42.964253" elapsed="0.000165"/>
</kw>
<var name="${key}">name</var>
<status status="PASS" start="2024-04-22T14:13:42.962672" elapsed="0.001961"/>
</iter>
<iter>
<kw name="Dictionary Should Contain Key" owner="Collections">
<msg time="2024-04-22T14:13:42.965313" level="INFO">False</msg>
<arg>${json_data['results'][0]}</arg>
<arg>${key}</arg>
<doc>Fails if ``key`` is not found from ``dictionary``.</doc>
<status status="PASS" start="2024-04-22T14:13:42.964923" elapsed="0.000427"/>
</kw>
<kw name="Log" owner="BuiltIn">
<msg time="2024-04-22T14:13:42.966059" level="INFO">{'gender': 'male', 'name': {'title': 'Mr', 'first': 'Giray', 'last': 'Ertürk'}, 'location': {'street': {'number': 2893, 'name': 'Mevlana Cd'}, 'city': 'Ardahan', 'state': 'İstanbul', 'country': 'Turkey', 'postcode': 81332, 'coordinates': {'latitude': '67.3462', 'longitude': '-173.1083'}, 'timezone': {'offset': '-9:00', 'description': 'Alaska'}}, 'email': 'giray.erturk@example.com', 'login': {'uuid': '7614ee6c-1e8a-473e-8ae1-4552ad4a1bca', 'username': 'tinybutterfly345', 'password': 'overkill', 'salt': 'e4HNBo3t', 'md5': '33773af1280340eccc250df03033b70f', 'sha1': 'e70f1c8dad6212dbf5534aafcfcdd4016d6c5e23', 'sha256': '3476391064d5e1491d45fd9d6ac878a6858472c0c641b5d6ade719fd9c201abc'}, 'dob': {'date': '1965-05-26T01:30:02.315Z', 'age': 58}, 'registered': {'date': '2009-09-03T10:44:55.180Z', 'age': 14}, 'phone': '(682)-607-7695', 'cell': '(381)-150-9013', 'id': {'name': '', 'value': None}, 'picture': {'large': 'https://randomuser.me/api/portraits/men/15.jpg', 'medium': 'https://randomuser.me/api/portraits/med/men/15.jpg', 'thumbnail': 'https://randomuser.me/api/portraits/thumb/men/15.jpg'}, 'nat': 'TR'}</msg>
<arg>${json_data['results'][0]}</arg>
<doc>Logs the given message with the given level.</doc>
<status status="PASS" start="2024-04-22T14:13:42.965695" elapsed="0.000415"/>
</kw>
<kw name="Log" owner="BuiltIn">
<msg time="2024-04-22T14:13:42.966530" level="INFO">location</msg>
<arg>${key}</arg>
<doc>Logs the given message with the given level.</doc>
<status status="PASS" start="2024-04-22T14:13:42.966405" elapsed="0.000163"/>
</kw>
<var name="${key}">location</var>
<status status="PASS" start="2024-04-22T14:13:42.964811" elapsed="0.001981"/>
</iter>
<iter>
<kw name="Dictionary Should Contain Key" owner="Collections">
<msg time="2024-04-22T14:13:42.967468" level="INFO">False</msg>
<arg>${json_data['results'][0]}</arg>
<arg>${key}</arg>
<doc>Fails if ``key`` is not found from ``dictionary``.</doc>
<status status="PASS" start="2024-04-22T14:13:42.967076" elapsed="0.000430"/>
</kw>
<kw name="Log" owner="BuiltIn">
<msg time="2024-04-22T14:13:42.968162" level="INFO">{'gender': 'male', 'name': {'title': 'Mr', 'first': 'Giray', 'last': 'Ertürk'}, 'location': {'street': {'number': 2893, 'name': 'Mevlana Cd'}, 'city': 'Ardahan', 'state': 'İstanbul', 'country': 'Turkey', 'postcode': 81332, 'coordinates': {'latitude': '67.3462', 'longitude': '-173.1083'}, 'timezone': {'offset': '-9:00', 'description': 'Alaska'}}, 'email': 'giray.erturk@example.com', 'login': {'uuid': '7614ee6c-1e8a-473e-8ae1-4552ad4a1bca', 'username': 'tinybutterfly345', 'password': 'overkill', 'salt': 'e4HNBo3t', 'md5': '33773af1280340eccc250df03033b70f', 'sha1': 'e70f1c8dad6212dbf5534aafcfcdd4016d6c5e23', 'sha256': '3476391064d5e1491d45fd9d6ac878a6858472c0c641b5d6ade719fd9c201abc'}, 'dob': {'date': '1965-05-26T01:30:02.315Z', 'age': 58}, 'registered': {'date': '2009-09-03T10:44:55.180Z', 'age': 14}, 'phone': '(682)-607-7695', 'cell': '(381)-150-9013', 'id': {'name': '', 'value': None}, 'picture': {'large': 'https://randomuser.me/api/portraits/men/15.jpg', 'medium': 'https://randomuser.me/api/portraits/med/men/15.jpg', 'thumbnail': 'https://randomuser.me/api/portraits/thumb/men/15.jpg'}, 'nat': 'TR'}</msg>
<arg>${json_data['results'][0]}</arg>
<doc>Logs the given message with the given level.</doc>
<status status="PASS" start="2024-04-22T14:13:42.967801" elapsed="0.000410"/>
</kw>
<kw name="Log" owner="BuiltIn">
<msg time="2024-04-22T14:13:42.968628" level="INFO">email</msg>
<arg>${key}</arg>
<doc>Logs the given message with the given level.</doc>
<status status="PASS" start="2024-04-22T14:13:42.968504" elapsed="0.000162"/>
</kw>
<var name="${key}">email</var>
<status status="PASS" start="2024-04-22T14:13:42.966966" elapsed="0.001918"/>
</iter>
<iter>
<kw name="Dictionary Should Contain Key" owner="Collections">
<msg time="2024-04-22T14:13:42.969592" level="INFO">False</msg>
<arg>${json_data['results'][0]}</arg>
<arg>${key}</arg>
<doc>Fails if ``key`` is not found from ``dictionary``.</doc>
<status status="PASS" start="2024-04-22T14:13:42.969168" elapsed="0.000462"/>
</kw>
<kw name="Log" owner="BuiltIn">
<msg time="2024-04-22T14:13:42.970292" level="INFO">{'gender': 'male', 'name': {'title': 'Mr', 'first': 'Giray', 'last': 'Ertürk'}, 'location': {'street': {'number': 2893, 'name': 'Mevlana Cd'}, 'city': 'Ardahan', 'state': 'İstanbul', 'country': 'Turkey', 'postcode': 81332, 'coordinates': {'latitude': '67.3462', 'longitude': '-173.1083'}, 'timezone': {'offset': '-9:00', 'description': 'Alaska'}}, 'email': 'giray.erturk@example.com', 'login': {'uuid': '7614ee6c-1e8a-473e-8ae1-4552ad4a1bca', 'username': 'tinybutterfly345', 'password': 'overkill', 'salt': 'e4HNBo3t', 'md5': '33773af1280340eccc250df03033b70f', 'sha1': 'e70f1c8dad6212dbf5534aafcfcdd4016d6c5e23', 'sha256': '3476391064d5e1491d45fd9d6ac878a6858472c0c641b5d6ade719fd9c201abc'}, 'dob': {'date': '1965-05-26T01:30:02.315Z', 'age': 58}, 'registered': {'date': '2009-09-03T10:44:55.180Z', 'age': 14}, 'phone': '(682)-607-7695', 'cell': '(381)-150-9013', 'id': {'name': '', 'value': None}, 'picture': {'large': 'https://randomuser.me/api/portraits/men/15.jpg', 'medium': 'https://randomuser.me/api/portraits/med/men/15.jpg', 'thumbnail': 'https://randomuser.me/api/portraits/thumb/men/15.jpg'}, 'nat': 'TR'}</msg>
<arg>${json_data['results'][0]}</arg>
<doc>Logs the given message with the given level.</doc>
<status status="PASS" start="2024-04-22T14:13:42.969924" elapsed="0.000419"/>
</kw>
<kw name="Log" owner="BuiltIn">
<msg time="2024-04-22T14:13:42.970763" level="INFO">login</msg>
<arg>${key}</arg>
<doc>Logs the given message with the given level.</doc>
<status status="PASS" start="2024-04-22T14:13:42.970638" elapsed="0.000162"/>
</kw>
<var name="${key}">login</var>
<status status="PASS" start="2024-04-22T14:13:42.969058" elapsed="0.001956"/>
</iter>
<var>${key}</var>
<value>@{expected_keys}</value>
<status status="PASS" start="2024-04-22T14:13:42.960266" elapsed="0.010868"/>
</for>
<kw name="Create List" owner="BuiltIn">
<msg time="2024-04-22T14:13:42.971508" level="INFO">${expected_keysTwo} = ['username', 'password']</msg>
<var>${expected_keysTwo}</var>
<arg>username</arg>
<arg>password</arg>
<doc>Returns a list containing given items.</doc>
<status status="PASS" start="2024-04-22T14:13:42.971369" elapsed="0.000163"/>
</kw>
<for flavor="IN">
<iter>
<kw name="Dictionary Should Contain Key" owner="Collections">
<msg time="2024-04-22T14:13:42.972428" level="INFO">False</msg>
<arg>${json_data['results'][0]['login']}</arg>
<arg>${keyTwo}</arg>
<doc>Fails if ``key`` is not found from ``dictionary``.</doc>
<status status="PASS" start="2024-04-22T14:13:42.972041" elapsed="0.000424"/>
</kw>
<kw name="Dictionary Should Contain Key" owner="Collections">
<msg time="2024-04-22T14:13:42.973143" level="INFO">False</msg>
<arg>${json_data['results'][0]['login']}</arg>
<arg>${keyTwo}</arg>
<doc>Fails if ``key`` is not found from ``dictionary``.</doc>
<status status="PASS" start="2024-04-22T14:13:42.972758" elapsed="0.000423"/>
</kw>
<kw name="Log" owner="BuiltIn">
<msg time="2024-04-22T14:13:42.973638" level="INFO">username</msg>
<arg>${keyTwo}</arg>
<doc>Logs the given message with the given level.</doc>
<status status="PASS" start="2024-04-22T14:13:42.973503" elapsed="0.000179"/>
</kw>
<var name="${keyTwo}">username</var>
<status status="PASS" start="2024-04-22T14:13:42.971932" elapsed="0.001967"/>
</iter>
<iter>
<kw name="Dictionary Should Contain Key" owner="Collections">
<msg time="2024-04-22T14:13:42.974563" level="INFO">False</msg>
<arg>${json_data['results'][0]['login']}</arg>
<arg>${keyTwo}</arg>
<doc>Fails if ``key`` is not found from ``dictionary``.</doc>
<status status="PASS" start="2024-04-22T14:13:42.974180" elapsed="0.000426"/>
</kw>
<kw name="Dictionary Should Contain Key" owner="Collections">
<msg time="2024-04-22T14:13:42.975354" level="INFO">False</msg>
<arg>${json_data['results'][0]['login']}</arg>
<arg>${keyTwo}</arg>
<doc>Fails if ``key`` is not found from ``dictionary``.</doc>
<status status="PASS" start="2024-04-22T14:13:42.974898" elapsed="0.000494"/>
</kw>
<kw name="Log" owner="BuiltIn">
<msg time="2024-04-22T14:13:42.975825" level="INFO">password</msg>
<arg>${keyTwo}</arg>
<doc>Logs the given message with the given level.</doc>
<status status="PASS" start="2024-04-22T14:13:42.975695" elapsed="0.000169"/>
</kw>
<var name="${keyTwo}">password</var>
<status status="PASS" start="2024-04-22T14:13:42.974069" elapsed="0.002011"/>
</iter>
<var>${keyTwo}</var>
<value>@{expected_keysTwo}</value>
<status status="PASS" start="2024-04-22T14:13:42.971774" elapsed="0.004428"/>
</for>
<status status="PASS" start="2024-04-22T14:13:42.847149" elapsed="0.129196"/>
</kw>
<doc>Testa a estrutura da resposta da API.</doc>
<tag>testeEstruturaResposta</tag>
<status status="PASS" start="2024-04-22T14:13:42.846595" elapsed="0.129911"/>
</test>
<test id="s1-s1-t4" name="Validar tipos de dados" line="28">
<kw name="Teste de Tipos de Dados" owner="random-user-service">
<kw name="GET On Session" owner="RequestsLibrary">
<msg time="2024-04-22T14:13:43.077169" level="INFO">GET Request : url=https://randomuser.me/api 
 path_url=/api 
 headers={'User-Agent': 'python-requests/2.31.0', 'Accept-Encoding': 'gzip, deflate', 'Accept': '*/*', 'Connection': 'keep-alive'} 
 body=None 
 </msg>
<msg time="2024-04-22T14:13:43.077277" level="INFO">GET Response : url=https://randomuser.me/api 
 status=200, reason=OK 
 headers={'Date': 'Mon, 22 Apr 2024 14:13:43 GMT', 'Content-Type': 'application/json; charset=utf-8', 'Transfer-Encoding': 'chunked', 'Connection': 'keep-alive', 'X-Powered-By': 'Express', 'Access-Control-Allow-Origin': '*', 'Cache-Control': 'no-cache', 'ETag': 'W/"47a-0ao2BvWUpP2SPuSd2GhhQKvy8uU"', 'Vary': 'Accept-Encoding', 'Content-Encoding': 'gzip', 'CF-Cache-Status': 'DYNAMIC', 'Report-To': '{"endpoints":[{"url":"https:\\/\\/a.nel.cloudflare.com\\/report\\/v4?s=yD2GOjEQucgg9gOdk5xQMU5TxBOexQoAWVxlECt%2F06uscfX61PvcLdUtlvQwJztjpCeCJPDbOv6SwnLOlMX3gIV4Z7OSfgEygqxx8Aq8YgmeOEeBAFPp2a9XT1PFsXY4"}],"group":"cf-nel","max_age":604800}', 'NEL': '{"success_fraction":0,"report_to":"cf-nel","max_age":604800}', 'Server': 'cloudflare', 'CF-RAY': '8786374faf49cee1-SJC', 'alt-svc': 'h3=":443"; ma=86400'} 
 body={"results":[{"gender":"male","name":{"title":"Mr","first":"Jordan","last":"Moulin"},"location":{"street":{"number":4472,"name":"Rue de Cuire"},"city":"Caen","state":"Côte-D'Or","country":"France","postcode":68726,"coordinates":{"latitude":"-19.5393","longitude":"-50.5645"},"timezone":{"offset":"+5:45","description":"Kathmandu"}},"email":"jordan.moulin@example.com","login":{"uuid":"6bb7733a-a9b9-4fdc-b87f-caa66bcb72b8","username":"heavyzebra779","password":"leopard","salt":"NKSM73VC","md5":"f145ce92e379d027808ef23fff9d8ef4","sha1":"7933084db7a4f48cfc52c167c99556e81c91995d","sha256":"318a8b93f45179dd6ec02e9334bc2fd9429872df525191258d825affb8e0ffcc"},"dob":{"date":"1982-02-02T06:17:44.472Z","age":42},"registered":{"date":"2015-03-21T04:58:27.135Z","age":9},"phone":"03-67-74-16-52","cell":"06-12-71-70-86","id":{"name":"INSEE","value":"1820162985856 49"},"picture":{"large":"https://randomuser.me/api/portraits/men/43.jpg","medium":"https://randomuser.me/api/portraits/med/men/43.jpg","thumbnail":"https://randomuser.me/api/portraits/thumb/men/43.jpg"},"nat":"FR"}],"info":{"seed":"c0b83b647c20cb07","results":1,"page":1,"version":"1.4"}} 
 </msg>
<msg time="2024-04-22T14:13:43.077349" level="INFO">/opt/hostedtoolcache/Python/3.12.3/x64/lib/python3.12/site-packages/urllib3/connectionpool.py:1103: InsecureRequestWarning: Unverified HTTPS request is being made to host 'randomuser.me'. Adding certificate verification is strongly advised. See: https://urllib3.readthedocs.io/en/latest/advanced-usage.html#tls-warnings
  warnings.warn(</msg>
<msg time="2024-04-22T14:13:43.077503" level="INFO">${response} = &lt;Response [200]&gt;</msg>
<var>${response}</var>
<arg>consultarAPI</arg>
<arg>/api</arg>
<doc>Sends a GET request on a previously created HTTP Session.</doc>
<status status="PASS" start="2024-04-22T14:13:42.979090" elapsed="0.098456"/>
</kw>
<kw name="Set Variable" owner="BuiltIn">
<msg time="2024-04-22T14:13:43.078788" level="INFO">${json_data} = {'results': [{'gender': 'male', 'name': {'title': 'Mr', 'first': 'Jordan', 'last': 'Moulin'}, 'location': {'street': {'number': 4472, 'name': 'Rue de Cuire'}, 'city': 'Caen', 'state': "Côte-D'Or", 'co...</msg>
<var>${json_data}</var>
<arg>${response.json()}</arg>
<doc>Returns the given values which can then be assigned to a variables.</doc>
<status status="PASS" start="2024-04-22T14:13:43.078195" elapsed="0.000622"/>
</kw>
<kw name="Log" owner="BuiltIn">
<msg time="2024-04-22T14:13:43.079292" level="INFO">{'results': [{'gender': 'male', 'name': {'title': 'Mr', 'first': 'Jordan', 'last': 'Moulin'}, 'location': {'street': {'number': 4472, 'name': 'Rue de Cuire'}, 'city': 'Caen', 'state': "Côte-D'Or", 'country': 'France', 'postcode': 68726, 'coordinates': {'latitude': '-19.5393', 'longitude': '-50.5645'}, 'timezone': {'offset': '+5:45', 'description': 'Kathmandu'}}, 'email': 'jordan.moulin@example.com', 'login': {'uuid': '6bb7733a-a9b9-4fdc-b87f-caa66bcb72b8', 'username': 'heavyzebra779', 'password': 'leopard', 'salt': 'NKSM73VC', 'md5': 'f145ce92e379d027808ef23fff9d8ef4', 'sha1': '7933084db7a4f48cfc52c167c99556e81c91995d', 'sha256': '318a8b93f45179dd6ec02e9334bc2fd9429872df525191258d825affb8e0ffcc'}, 'dob': {'date': '1982-02-02T06:17:44.472Z', 'age': 42}, 'registered': {'date': '2015-03-21T04:58:27.135Z', 'age': 9}, 'phone': '03-67-74-16-52', 'cell': '06-12-71-70-86', 'id': {'name': 'INSEE', 'value': '1820162985856 49'}, 'picture': {'large': 'https://randomuser.me/api/portraits/men/43.jpg', 'medium': 'https://randomuser.me/api/portraits/med/men/43.jpg', 'thumbnail': 'https://randomuser.me/api/portraits/thumb/men/43.jpg'}, 'nat': 'FR'}], 'info': {'seed': 'c0b83b647c20cb07', 'results': 1, 'page': 1, 'version': '1.4'}}</msg>
<arg>${json_data}</arg>
<doc>Logs the given message with the given level.</doc>
<status status="PASS" start="2024-04-22T14:13:43.079130" elapsed="0.000211"/>
</kw>
<kw name="Should Be String" owner="String">
<arg>${json_data['results'][0]['gender']}</arg>
<doc>Fails if the given ``item`` is not a string.</doc>
<status status="PASS" start="2024-04-22T14:13:43.079673" elapsed="0.000362"/>
</kw>
<kw name="Should Match Regexp" owner="BuiltIn">
<arg>${json_data['results'][0]['email']}</arg>
<arg>^[a-zA-Z0-9._%+-]+@[a-zA-Z0-9.-]+\.[a-zA-Z]{2,}$</arg>
<doc>Fails if ``string`` does not match ``pattern`` as a regular expression.</doc>
<status status="PASS" start="2024-04-22T14:13:43.080224" elapsed="0.000521"/>
</kw>
<kw name="Should Match Regexp" owner="BuiltIn">
<arg>${json_data['results'][0]['dob']['date']}</arg>
<arg>\\d{4}-\\d{2}-\\d{2}T\\d{2}:\\d{2}:\\d{2}\\.\\d{3}Z</arg>
<doc>Fails if ``string`` does not match ``pattern`` as a regular expression.</doc>
<status status="PASS" start="2024-04-22T14:13:43.080936" elapsed="0.000481"/>
</kw>
<kw name="Should Match Regexp" owner="BuiltIn">
<arg>${json_data['results'][0]['registered']['date']}</arg>
<arg>\\d{4}-\\d{2}-\\d{2}T\\d{2}:\\d{2}:\\d{2}\\.\\d{3}Z</arg>
<doc>Fails if ``string`` does not match ``pattern`` as a regular expression.</doc>
<status status="PASS" start="2024-04-22T14:13:43.081660" elapsed="0.000376"/>
</kw>
<kw name="Should Match Regexp" owner="BuiltIn">
<arg>${json_data['results'][0]['picture']['large']}</arg>
<arg>^https?://.*\.(?:png|jpe?g|gif|bmp)$</arg>
<doc>Fails if ``string`` does not match ``pattern`` as a regular expression.</doc>
<status status="PASS" start="2024-04-22T14:13:43.082222" elapsed="0.000461"/>
</kw>
<kw name="Should Match Regexp" owner="BuiltIn">
<arg>${json_data['results'][0]['picture']['medium']}</arg>
<arg>^https?://.*\.(?:png|jpe?g|gif|bmp)$</arg>
<doc>Fails if ``string`` does not match ``pattern`` as a regular expression.</doc>
<status status="PASS" start="2024-04-22T14:13:43.082875" elapsed="0.000364"/>
</kw>
<kw name="Should Match Regexp" owner="BuiltIn">
<arg>${json_data['results'][0]['picture']['thumbnail']}</arg>
<arg>^https?://.*\.(?:png|jpe?g|gif|bmp)$</arg>
<doc>Fails if ``string`` does not match ``pattern`` as a regular expression.</doc>
<status status="PASS" start="2024-04-22T14:13:43.083431" elapsed="0.000350"/>
</kw>
<kw name="Log" owner="BuiltIn">
<msg time="2024-04-22T14:13:43.084282" level="INFO">{'large': 'https://randomuser.me/api/portraits/men/43.jpg', 'medium': 'https://randomuser.me/api/portraits/med/men/43.jpg', 'thumbnail': 'https://randomuser.me/api/portraits/thumb/men/43.jpg'}</msg>
<arg>${json_data['results'][0]['picture']}</arg>
<doc>Logs the given message with the given level.</doc>
<status status="PASS" start="2024-04-22T14:13:43.083961" elapsed="0.000362"/>
</kw>
<status status="PASS" start="2024-04-22T14:13:42.978861" elapsed="0.105722"/>
</kw>
<kw name="Teste de Tipos de Dados - Postcode" owner="random-user-service">
<kw name="GET On Session" owner="RequestsLibrary">
<msg time="2024-04-22T14:13:43.171309" level="INFO">GET Request : url=https://randomuser.me/api 
 path_url=/api 
 headers={'User-Agent': 'python-requests/2.31.0', 'Accept-Encoding': 'gzip, deflate', 'Accept': '*/*', 'Connection': 'keep-alive'} 
 body=None 
 </msg>
<msg time="2024-04-22T14:13:43.171425" level="INFO">GET Response : url=https://randomuser.me/api 
 status=200, reason=OK 
 headers={'Date': 'Mon, 22 Apr 2024 14:13:43 GMT', 'Content-Type': 'application/json; charset=utf-8', 'Transfer-Encoding': 'chunked', 'Connection': 'keep-alive', 'X-Powered-By': 'Express', 'Access-Control-Allow-Origin': '*', 'Cache-Control': 'no-cache', 'ETag': 'W/"486-oH4HU4iT8RllVWC+Ok7mKXstymI"', 'Vary': 'Accept-Encoding', 'Content-Encoding': 'gzip', 'CF-Cache-Status': 'DYNAMIC', 'Report-To': '{"endpoints":[{"url":"https:\\/\\/a.nel.cloudflare.com\\/report\\/v4?s=OMD7XZwxT9iNOjT3egtPrWSnbxT3hb3fEvzpvnHlOBSaURPBKtMTsmeuy7B5THNzWTc9ecd4MPe1c3iobSZKEW2OcBfbLzrjWK%2BjVFUDMrY38foPP%2Bn92eI5WuGyPsjX"}],"group":"cf-nel","max_age":604800}', 'NEL': '{"success_fraction":0,"report_to":"cf-nel","max_age":604800}', 'Server': 'cloudflare', 'CF-RAY': '878637504810cee1-SJC', 'alt-svc': 'h3=":443"; ma=86400'} 
 body={"results":[{"gender":"female","name":{"title":"Ms","first":"Gerti","last":"Schöttler"},"location":{"street":{"number":4414,"name":"Waldweg"},"city":"Hausach","state":"Sachsen","country":"Germany","postcode":42385,"coordinates":{"latitude":"-50.4065","longitude":"64.6886"},"timezone":{"offset":"-12:00","description":"Eniwetok, Kwajalein"}},"email":"gerti.schottler@example.com","login":{"uuid":"5dc07f5c-5f44-4f8f-836b-729bee038279","username":"sadladybug224","password":"herbie","salt":"7sr8F7Fn","md5":"cabcafb8fe1e686dfcc687903b4162cf","sha1":"103523bddd97e055025089c003f1c8e2cbdd9a35","sha256":"000347dad12e7c69a3371bd94994139553047f4c9cebf574c2e7b29d7eb366e4"},"dob":{"date":"1979-09-14T02:27:44.770Z","age":44},"registered":{"date":"2016-02-28T02:05:49.602Z","age":8},"phone":"0902-5146936","cell":"0174-4301745","id":{"name":"SVNR","value":"19 130979 S 734"},"picture":{"large":"https://randomuser.me/api/portraits/women/90.jpg","medium":"https://randomuser.me/api/portraits/med/women/90.jpg","thumbnail":"https://randomuser.me/api/portraits/thumb/women/90.jpg"},"nat":"DE"}],"info":{"seed":"d3a9fddce055b77c","results":1,"page":1,"version":"1.4"}} 
 </msg>
<msg time="2024-04-22T14:13:43.171500" level="INFO">/opt/hostedtoolcache/Python/3.12.3/x64/lib/python3.12/site-packages/urllib3/connectionpool.py:1103: InsecureRequestWarning: Unverified HTTPS request is being made to host 'randomuser.me'. Adding certificate verification is strongly advised. See: https://urllib3.readthedocs.io/en/latest/advanced-usage.html#tls-warnings
  warnings.warn(</msg>
<msg time="2024-04-22T14:13:43.171627" level="INFO">${response} = &lt;Response [200]&gt;</msg>
<var>${response}</var>
<arg>consultarAPI</arg>
<arg>/api</arg>
<doc>Sends a GET request on a previously created HTTP Session.</doc>
<status status="PASS" start="2024-04-22T14:13:43.085058" elapsed="0.086607"/>
</kw>
<kw name="Set Variable" owner="BuiltIn">
<msg time="2024-04-22T14:13:43.172902" level="INFO">${json_data} = {'results': [{'gender': 'female', 'name': {'title': 'Ms', 'first': 'Gerti', 'last': 'Schöttler'}, 'location': {'street': {'number': 4414, 'name': 'Waldweg'}, 'city': 'Hausach', 'state': 'Sachsen', 'co...</msg>
<var>${json_data}</var>
<arg>${response.json()}</arg>
<doc>Returns the given values which can then be assigned to a variables.</doc>
<status status="PASS" start="2024-04-22T14:13:43.172322" elapsed="0.000610"/>
</kw>
<kw name="Log" owner="BuiltIn">
<msg time="2024-04-22T14:13:43.173430" level="INFO">{'results': [{'gender': 'female', 'name': {'title': 'Ms', 'first': 'Gerti', 'last': 'Schöttler'}, 'location': {'street': {'number': 4414, 'name': 'Waldweg'}, 'city': 'Hausach', 'state': 'Sachsen', 'country': 'Germany', 'postcode': 42385, 'coordinates': {'latitude': '-50.4065', 'longitude': '64.6886'}, 'timezone': {'offset': '-12:00', 'description': 'Eniwetok, Kwajalein'}}, 'email': 'gerti.schottler@example.com', 'login': {'uuid': '5dc07f5c-5f44-4f8f-836b-729bee038279', 'username': 'sadladybug224', 'password': 'herbie', 'salt': '7sr8F7Fn', 'md5': 'cabcafb8fe1e686dfcc687903b4162cf', 'sha1': '103523bddd97e055025089c003f1c8e2cbdd9a35', 'sha256': '000347dad12e7c69a3371bd94994139553047f4c9cebf574c2e7b29d7eb366e4'}, 'dob': {'date': '1979-09-14T02:27:44.770Z', 'age': 44}, 'registered': {'date': '2016-02-28T02:05:49.602Z', 'age': 8}, 'phone': '0902-5146936', 'cell': '0174-4301745', 'id': {'name': 'SVNR', 'value': '19 130979 S 734'}, 'picture': {'large': 'https://randomuser.me/api/portraits/women/90.jpg', 'medium': 'https://randomuser.me/api/portraits/med/women/90.jpg', 'thumbnail': 'https://randomuser.me/api/portraits/thumb/women/90.jpg'}, 'nat': 'DE'}], 'info': {'seed': 'd3a9fddce055b77c', 'results': 1, 'page': 1, 'version': '1.4'}}</msg>
<arg>${json_data}</arg>
<doc>Logs the given message with the given level.</doc>
<status status="PASS" start="2024-04-22T14:13:43.173258" elapsed="0.000273"/>
</kw>
<kw name="Should Be Equal As Numbers" owner="BuiltIn">
<arg>${json_data['results'][0]['location']['postcode']}</arg>
<arg>${json_data['results'][0]['location']['postcode']}</arg>
<doc>Fails if objects are unequal after converting them to real numbers.</doc>
<status status="PASS" start="2024-04-22T14:13:43.173855" elapsed="0.000809"/>
</kw>
<kw name="Log" owner="BuiltIn">
<msg time="2024-04-22T14:13:43.175234" level="INFO">42385</msg>
<arg>${json_data['results'][0]['location']['postcode']}</arg>
<doc>Logs the given message with the given level.</doc>
<status status="PASS" start="2024-04-22T14:13:43.174896" elapsed="0.000378"/>
</kw>
<status status="PASS" start="2024-04-22T14:13:43.084814" elapsed="0.090716"/>
</kw>
<doc>Testa se os tipos de dados na resposta da API estão corretos.</doc>
<tag>testeTiposDados</tag>
<status status="PASS" start="2024-04-22T14:13:42.978353" elapsed="0.197346"/>
</test>
<test id="s1-s1-t5" name="Validar conteudo" line="35">
<kw name="Teste de Tipos de Conteudo" owner="random-user-service">
<kw name="GET On Session" owner="RequestsLibrary">
<msg time="2024-04-22T14:13:43.283667" level="INFO">GET Request : url=https://randomuser.me/api 
 path_url=/api 
 headers={'User-Agent': 'python-requests/2.31.0', 'Accept-Encoding': 'gzip, deflate', 'Accept': '*/*', 'Connection': 'keep-alive'} 
 body=None 
 </msg>
<msg time="2024-04-22T14:13:43.283768" level="INFO">GET Response : url=https://randomuser.me/api 
 status=200, reason=OK 
 headers={'Date': 'Mon, 22 Apr 2024 14:13:43 GMT', 'Content-Type': 'application/json; charset=utf-8', 'Transfer-Encoding': 'chunked', 'Connection': 'keep-alive', 'X-Powered-By': 'Express', 'Access-Control-Allow-Origin': '*', 'Cache-Control': 'no-cache', 'ETag': 'W/"491-5uQTluuI4rnklwEY7HXO2VnAzoE"', 'Vary': 'Accept-Encoding', 'Content-Encoding': 'gzip', 'CF-Cache-Status': 'DYNAMIC', 'Report-To': '{"endpoints":[{"url":"https:\\/\\/a.nel.cloudflare.com\\/report\\/v4?s=49P9Vgeghq9AIslx2652FtwVDNXWoW1pDrGYwEiZf6ZvlCkHkGT4EIJil6EajTDhS8tGY1fYrTtRim9vUgmWKx%2F8aERRJPKh9MMY2tycgXTDcepwt4OnnID2OLHl1lD0"}],"group":"cf-nel","max_age":604800}', 'NEL': '{"success_fraction":0,"report_to":"cf-nel","max_age":604800}', 'Server': 'cloudflare', 'CF-RAY': '87863750e8b6cee1-SJC', 'alt-svc': 'h3=":443"; ma=86400'} 
 body={"results":[{"gender":"female","name":{"title":"Ms","first":"Lison","last":"Durand"},"location":{"street":{"number":2449,"name":"Rue des Jardins"},"city":"Brest","state":"Vosges","country":"France","postcode":25623,"coordinates":{"latitude":"-19.7363","longitude":"5.7379"},"timezone":{"offset":"-7:00","description":"Mountain Time (US &amp; Canada)"}},"email":"lison.durand@example.com","login":{"uuid":"94d33b3f-2769-4705-b38a-6c62ea269556","username":"redgorilla797","password":"lexmark","salt":"DyJEcv9n","md5":"eaa950871dc7cefe67fa2f5ba07e6a0b","sha1":"cc02d4753b5f0fd941ab783a74a49abb02b0143c","sha256":"f05fbe3da6a2065b5e464bf54e023894a3eef76fcf267b2a18b66f3d078a005d"},"dob":{"date":"1968-08-07T14:17:22.044Z","age":55},"registered":{"date":"2005-06-04T01:17:07.360Z","age":18},"phone":"04-14-63-33-35","cell":"06-27-34-03-26","id":{"name":"INSEE","value":"2680778923552 88"},"picture":{"large":"https://randomuser.me/api/portraits/women/90.jpg","medium":"https://randomuser.me/api/portraits/med/women/90.jpg","thumbnail":"https://randomuser.me/api/portraits/thumb/women/90.jpg"},"nat":"FR"}],"info":{"seed":"561dd0701b444f68","results":1,"page":1,"version":"1.4"}} 
 </msg>
<msg time="2024-04-22T14:13:43.283838" level="INFO">/opt/hostedtoolcache/Python/3.12.3/x64/lib/python3.12/site-packages/urllib3/connectionpool.py:1103: InsecureRequestWarning: Unverified HTTPS request is being made to host 'randomuser.me'. Adding certificate verification is strongly advised. See: https://urllib3.readthedocs.io/en/latest/advanced-usage.html#tls-warnings
  warnings.warn(</msg>
<msg time="2024-04-22T14:13:43.283968" level="INFO">${response} = &lt;Response [200]&gt;</msg>
<var>${response}</var>
<arg>consultarAPI</arg>
<arg>/api</arg>
<doc>Sends a GET request on a previously created HTTP Session.</doc>
<status status="PASS" start="2024-04-22T14:13:43.178292" elapsed="0.105716"/>
</kw>
<kw name="Set Variable" owner="BuiltIn">
<msg time="2024-04-22T14:13:43.285187" level="INFO">${json_data} = {'results': [{'gender': 'female', 'name': {'title': 'Ms', 'first': 'Lison', 'last': 'Durand'}, 'location': {'street': {'number': 2449, 'name': 'Rue des Jardins'}, 'city': 'Brest', 'state': 'Vosges', '...</msg>
<var>${json_data}</var>
<arg>${response.json()}</arg>
<doc>Returns the given values which can then be assigned to a variables.</doc>
<status status="PASS" start="2024-04-22T14:13:43.284641" elapsed="0.000575"/>
</kw>
<kw name="Set Variable" owner="BuiltIn">
<msg time="2024-04-22T14:13:43.285959" level="INFO">${name_title} = Ms</msg>
<var>${name_title}</var>
<arg>${json_data["results"][0]["name"]["title"]}</arg>
<doc>Returns the given values which can then be assigned to a variables.</doc>
<status status="PASS" start="2024-04-22T14:13:43.285567" elapsed="0.000417"/>
</kw>
<kw name="Create List" owner="BuiltIn">
<msg time="2024-04-22T14:13:43.286435" level="INFO">${allowed_titles} = ['Mr', 'Ms', 'Miss', 'Mrs', 'Madame', 'Monsieur']</msg>
<var>${allowed_titles}</var>
<arg>Mr</arg>
<arg>Ms</arg>
<arg>Miss</arg>
<arg>Mrs</arg>
<arg>Madame</arg>
<arg>Monsieur</arg>
<doc>Returns a list containing given items.</doc>
<status status="PASS" start="2024-04-22T14:13:43.286287" elapsed="0.000172"/>
</kw>
<kw name="List Should Contain Value" owner="Collections">
<msg time="2024-04-22T14:13:43.286927" level="INFO">False</msg>
<arg>${allowed_titles}</arg>
<arg>${name_title}</arg>
<doc>Fails if the ``value`` is not found from ``list``.</doc>
<status status="PASS" start="2024-04-22T14:13:43.286756" elapsed="0.000207"/>
</kw>
<kw name="Set Variable" owner="BuiltIn">
<msg time="2024-04-22T14:13:43.287634" level="INFO">${name_country} = FR</msg>
<var>${name_country}</var>
<arg>${json_data["results"][0]["nat"]}</arg>
<doc>Returns the given values which can then be assigned to a variables.</doc>
<status status="PASS" start="2024-04-22T14:13:43.287252" elapsed="0.000407"/>
</kw>
<kw name="Create List" owner="BuiltIn">
<msg time="2024-04-22T14:13:43.288535" level="INFO">${list_country} = ['AD', 'AE', 'AF', 'AG', 'AI', 'AL', 'AM', 'AO', 'AQ', 'AR', 'AS', 'AT', 'AU', 'AW', 'AX', 'AZ', 'BA', 'BB', 'BD', 'BE', 'BF', 'BG', 'BH', 'BI', 'BJ', 'BL', 'BM', 'BN', 'BO', 'BQ', 'BR', 'BS', 'BT', '...</msg>
<var>${list_country}</var>
<arg>AD</arg>
<arg>AE</arg>
<arg>AF</arg>
<arg>AG</arg>
<arg>AI</arg>
<arg>AL</arg>
<arg>AM</arg>
<arg>AO</arg>
<arg>AQ</arg>
<arg>AR</arg>
<arg>AS</arg>
<arg>AT</arg>
<arg>AU</arg>
<arg>AW</arg>
<arg>AX</arg>
<arg>AZ</arg>
<arg>BA</arg>
<arg>BB</arg>
<arg>BD</arg>
<arg>BE</arg>
<arg>BF</arg>
<arg>BG</arg>
<arg>BH</arg>
<arg>BI</arg>
<arg>BJ</arg>
<arg>BL</arg>
<arg>BM</arg>
<arg>BN</arg>
<arg>BO</arg>
<arg>BQ</arg>
<arg>BR</arg>
<arg>BS</arg>
<arg>BT</arg>
<arg>BV</arg>
<arg>BW</arg>
<arg>BY</arg>
<arg>BZ</arg>
<arg>CA</arg>
<arg>CC</arg>
<arg>CD</arg>
<arg>CF</arg>
<arg>CG</arg>
<arg>CH</arg>
<arg>CI</arg>
<arg>CK</arg>
<arg>CL</arg>
<arg>CM</arg>
<arg>CN</arg>
<arg>CO</arg>
<arg>CR</arg>
<arg>CU</arg>
<arg>CV</arg>
<arg>CW</arg>
<arg>CX</arg>
<arg>CY</arg>
<arg>CZ</arg>
<arg>DE</arg>
<arg>DJ</arg>
<arg>DK</arg>
<arg>DM</arg>
<arg>DO</arg>
<arg>DZ</arg>
<arg>EC</arg>
<arg>EE</arg>
<arg>EG</arg>
<arg>EH</arg>
<arg>ER</arg>
<arg>ES</arg>
<arg>ET</arg>
<arg>FI</arg>
<arg>FJ</arg>
<arg>FK</arg>
<arg>FM</arg>
<arg>FO</arg>
<arg>FR</arg>
<arg>GA</arg>
<arg>GB</arg>
<arg>GD</arg>
<arg>GE</arg>
<arg>GF</arg>
<arg>GG</arg>
<arg>GH</arg>
<arg>GI</arg>
<arg>GL</arg>
<arg>GM</arg>
<arg>GN</arg>
<arg>GP</arg>
<arg>GQ</arg>
<arg>GR</arg>
<arg>GS</arg>
<arg>GT</arg>
<arg>GU</arg>
<arg>GW</arg>
<arg>GY</arg>
<arg>HK</arg>
<arg>HM</arg>
<arg>HN</arg>
<arg>HR</arg>
<arg>HT</arg>
<arg>HU</arg>
<arg>ID</arg>
<arg>IE</arg>
<arg>IL</arg>
<arg>IM</arg>
<arg>IN</arg>
<arg>IO</arg>
<arg>IQ</arg>
<arg>IR</arg>
<arg>IS</arg>
<arg>IT</arg>
<arg>JE</arg>
<arg>JM</arg>
<arg>JO</arg>
<arg>JP</arg>
<arg>KE</arg>
<arg>KG</arg>
<arg>KH</arg>
<arg>KI</arg>
<arg>KM</arg>
<arg>KN</arg>
<arg>KP</arg>
<arg>KR</arg>
<arg>KW</arg>
<arg>KY</arg>
<arg>KZ</arg>
<arg>LA</arg>
<arg>LB</arg>
<arg>LC</arg>
<arg>LI</arg>
<arg>LK</arg>
<arg>LR</arg>
<arg>LS</arg>
<arg>LT</arg>
<arg>LU</arg>
<arg>LV</arg>
<arg>LY</arg>
<arg>MA</arg>
<arg>MC</arg>
<arg>MD</arg>
<arg>ME</arg>
<arg>MF</arg>
<arg>MG</arg>
<arg>MH</arg>
<arg>MK</arg>
<arg>ML</arg>
<arg>MM</arg>
<arg>MN</arg>
<arg>MO</arg>
<arg>MP</arg>
<arg>MQ</arg>
<arg>MR</arg>
<arg>MS</arg>
<arg>MT</arg>
<arg>MU</arg>
<arg>MV</arg>
<arg>MW</arg>
<arg>MX</arg>
<arg>MY</arg>
<arg>MZ</arg>
<arg>NA</arg>
<arg>NC</arg>
<arg>NE</arg>
<arg>NF</arg>
<arg>NG</arg>
<arg>NI</arg>
<arg>NL</arg>
<arg>NO</arg>
<arg>NP</arg>
<arg>NR</arg>
<arg>NU</arg>
<arg>NZ</arg>
<arg>OM</arg>
<arg>PA</arg>
<arg>PE</arg>
<arg>PF</arg>
<arg>PG</arg>
<arg>PH</arg>
<arg>PK</arg>
<arg>PL</arg>
<arg>PM</arg>
<arg>PN</arg>
<arg>PR</arg>
<arg>PS</arg>
<arg>PT</arg>
<arg>PW</arg>
<arg>PY</arg>
<arg>QA</arg>
<arg>RE</arg>
<arg>RO</arg>
<arg>RS</arg>
<arg>RU</arg>
<arg>RW</arg>
<arg>SA</arg>
<arg>SB</arg>
<arg>SC</arg>
<arg>SD</arg>
<arg>SE</arg>
<arg>SG</arg>
<arg>SH</arg>
<arg>SI</arg>
<arg>SJ</arg>
<arg>SK</arg>
<arg>SL</arg>
<arg>SM</arg>
<arg>SN</arg>
<arg>SO</arg>
<arg>SR</arg>
<arg>SS</arg>
<arg>ST</arg>
<arg>SV</arg>
<arg>SX</arg>
<arg>SY</arg>
<arg>SZ</arg>
<arg>TC</arg>
<arg>TD</arg>
<arg>TF</arg>
<arg>TG</arg>
<arg>TH</arg>
<arg>TJ</arg>
<arg>TK</arg>
<arg>TL</arg>
<arg>TM</arg>
<arg>TN</arg>
<arg>TO</arg>
<arg>TR</arg>
<arg>TT</arg>
<arg>TV</arg>
<arg>TW</arg>
<arg>TZ</arg>
<arg>UA</arg>
<arg>UG</arg>
<arg>UM</arg>
<arg>US</arg>
<arg>UY</arg>
<arg>UZ</arg>
<arg>VA</arg>
<arg>VC</arg>
<arg>VE</arg>
<arg>VG</arg>
<arg>VI</arg>
<arg>VN</arg>
<arg>VU</arg>
<arg>WF</arg>
<arg>WS</arg>
<arg>XK</arg>
<arg>YE</arg>
<arg>YT</arg>
<arg>ZA</arg>
<arg>ZM</arg>
<arg>ZW</arg>
<doc>Returns a list containing given items.</doc>
<status status="PASS" start="2024-04-22T14:13:43.287959" elapsed="0.000601"/>
</kw>
<kw name="List Should Contain Value" owner="Collections">
<msg time="2024-04-22T14:13:43.289578" level="INFO">False</msg>
<arg>${list_country}</arg>
<arg>${name_country}</arg>
<doc>Fails if the ``value`` is not found from ``list``.</doc>
<status status="PASS" start="2024-04-22T14:13:43.289349" elapsed="0.000267"/>
</kw>
<kw name="Run Keyword If" owner="BuiltIn">
<kw name="Should Be True" owner="BuiltIn">
<arg>${True}</arg>
<doc>Fails if the given condition is not true.</doc>
<status status="PASS" start="2024-04-22T14:13:43.290690" elapsed="0.000141"/>
</kw>
<arg>${json_data["results"][0]["location"]["coordinates"]["latitude"]} &gt;= -90 and ${json_data["results"][0]["location"]["coordinates"]["latitude"]} &lt;= 90</arg>
<arg>Should Be True</arg>
<arg>${True}</arg>
<doc>Runs the given keyword with the given arguments, if ``condition`` is true.</doc>
<status status="PASS" start="2024-04-22T14:13:43.289934" elapsed="0.001024"/>
</kw>
<kw name="Run Keyword If" owner="BuiltIn">
<kw name="Should Be True" owner="BuiltIn">
<arg>${True}</arg>
<doc>Fails if the given condition is not true.</doc>
<status status="PASS" start="2024-04-22T14:13:43.291883" elapsed="0.000258"/>
</kw>
<arg>${json_data["results"][0]["location"]["coordinates"]["longitude"]} &gt;= -180 and ${json_data["results"][0]["location"]["coordinates"]["longitude"]} &lt;= 180</arg>
<arg>Should Be True</arg>
<arg>${True}</arg>
<doc>Runs the given keyword with the given arguments, if ``condition`` is true.</doc>
<status status="PASS" start="2024-04-22T14:13:43.291179" elapsed="0.001088"/>
</kw>
<status status="PASS" start="2024-04-22T14:13:43.178055" elapsed="0.114345"/>
</kw>
<doc>Testa o conteúdo específico dos campos retornados pela API.</doc>
<tag>testeConteudo</tag>
<status status="PASS" start="2024-04-22T14:13:43.177489" elapsed="0.115065"/>
</test>
<status status="PASS" start="2024-04-22T14:13:41.935245" elapsed="1.359371"/>
</suite>
<status status="PASS" start="2024-04-22T14:13:41.921194" elapsed="1.378589"/>
</suite>
<statistics>
<total>
<stat pass="5" fail="0" skip="0">All Tests</stat>
</total>
<tag>
<stat pass="1" fail="0" skip="0">testeConteudo</stat>
<stat pass="1" fail="0" skip="0">testeEstruturaResposta</stat>
<stat pass="1" fail="0" skip="0">testeRequisicaoBasica</stat>
<stat pass="1" fail="0" skip="0">testeTiposDados</stat>
</tag>
<suite>
<stat pass="5" fail="0" skip="0" id="s1" name="Tests">Tests</stat>
<stat pass="5" fail="0" skip="0" id="s1-s1" name="Random-User-Test">Tests.Random-User-Test</stat>
</suite>
</statistics>
<errors>
</errors>
</robot>
