<?xml version="1.0" encoding="UTF-8"?>
<robot generator="Robot 7.0.1 (Python 3.12.4 on linux)" generated="2024-07-30T12:29:36.541348" rpa="false" schemaversion="5">
<suite id="s1" name="Tests" source="/home/runner/work/ApiRandomUser/ApiRandomUser/RamdonUser/tests">
<suite id="s1-s1" name="Random-User-Test" source="/home/runner/work/ApiRandomUser/ApiRandomUser/RamdonUser/tests/random-user-test.robot">
<test id="s1-s1-t1" name="Conectar" line="13">
<kw name="Conectar API" owner="random-user-service">
<kw name="Create Session" owner="RequestsLibrary">
<msg time="2024-07-30T12:29:36.954015" level="INFO">Creating Session using : alias=consultarAPI, url=https://randomuser.me/, headers={},                     cookies={}, auth=None, timeout=None, proxies=None, verify=False,                     debug=0 </msg>
<arg>consultarAPI</arg>
<arg>${URL}</arg>
<doc>Create Session: create a HTTP session to a server</doc>
<status status="PASS" start="2024-07-30T12:29:36.953820" elapsed="0.000376"/>
</kw>
<status status="PASS" start="2024-07-30T12:29:36.952758" elapsed="0.001793"/>
</kw>
<status status="PASS" start="2024-07-30T12:29:36.952213" elapsed="0.002533"/>
</test>
<test id="s1-s1-t2" name="Validar retorno 200 e JSON Válido" line="16">
<kw name="Teste de Requisicao Basica" owner="random-user-service">
<kw name="GET On Session" owner="RequestsLibrary">
<msg time="2024-07-30T12:29:37.086743" level="INFO">GET Request : url=https://randomuser.me/api 
 path_url=/api 
 headers={'User-Agent': 'python-requests/2.32.3', 'Accept-Encoding': 'gzip, deflate', 'Accept': '*/*', 'Connection': 'keep-alive'} 
 body=None 
 </msg>
<msg time="2024-07-30T12:29:37.086928" level="INFO">GET Response : url=https://randomuser.me/api 
 status=200, reason=OK 
 headers={'Date': 'Tue, 30 Jul 2024 12:29:37 GMT', 'Content-Type': 'application/json; charset=utf-8', 'Transfer-Encoding': 'chunked', 'Connection': 'keep-alive', 'X-Powered-By': 'Express', 'Access-Control-Allow-Origin': '*', 'Cache-Control': 'no-cache', 'ETag': 'W/"473-Rv2gVvhZLnYnhAKdsRtRVra7tUQ"', 'Vary': 'Accept-Encoding', 'Content-Encoding': 'gzip', 'CF-Cache-Status': 'DYNAMIC', 'Report-To': '{"endpoints":[{"url":"https:\\/\\/a.nel.cloudflare.com\\/report\\/v4?s=i5clNIvBbakmv3Vfxrj6BeuIMpMz5vJAoKKMSUSrKruZBuUUW9Q%2BH4Qqs6P0jK5n5fFXjyE9gShxLvxczIrHNxVsVs8WlLYunP1r%2FKL9UacHdWxF3XOEN0u6y0jDjTYU"}],"group":"cf-nel","max_age":604800}', 'NEL': '{"success_fraction":0,"report_to":"cf-nel","max_age":604800}', 'Server': 'cloudflare', 'CF-RAY': '8ab55af21841c56a-IAD', 'alt-svc': 'h3=":443"; ma=86400'} 
 body={"results":[{"gender":"male","name":{"title":"Mr","first":"Christoffer","last":"Jensen"},"location":{"street":{"number":5466,"name":"Smedevej"},"city":"Gjern","state":"Sjælland","country":"Denmark","postcode":77582,"coordinates":{"latitude":"-43.0652","longitude":"-144.2845"},"timezone":{"offset":"-2:00","description":"Mid-Atlantic"}},"email":"christoffer.jensen@example.com","login":{"uuid":"3358c3cc-3c47-4846-bd5f-0261d12202aa","username":"goldenzebra132","password":"speedo","salt":"mXqBHqy8","md5":"bf554887aa3d5f469a00a7b60ba4d3ce","sha1":"11f4b61ccab65891c2c5df5022b12be7eacd2fbc","sha256":"ab38ca8fc0e7660b57af57b1e5316fbaaa0be24e200e11bc0d86f19eac5ab927"},"dob":{"date":"1952-01-10T10:35:02.204Z","age":72},"registered":{"date":"2010-06-02T07:24:25.025Z","age":14},"phone":"81110166","cell":"96036662","id":{"name":"CPR","value":"100152-1680"},"picture":{"large":"https://randomuser.me/api/portraits/men/11.jpg","medium":"https://randomuser.me/api/portraits/med/men/11.jpg","thumbnail":"https://randomuser.me/api/portraits/thumb/men/11.jpg"},"nat":"DK"}],"info":{"seed":"7e66f6aafa8ed67a","results":1,"page":1,"version":"1.4"}} 
 </msg>
<msg time="2024-07-30T12:29:37.087068" level="INFO">/opt/hostedtoolcache/Python/3.12.4/x64/lib/python3.12/site-packages/urllib3/connectionpool.py:1099: InsecureRequestWarning: Unverified HTTPS request is being made to host 'randomuser.me'. Adding certificate verification is strongly advised. See: https://urllib3.readthedocs.io/en/latest/advanced-usage.html#tls-warnings
  warnings.warn(</msg>
<msg time="2024-07-30T12:29:37.087213" level="INFO">${response} = &lt;Response [200]&gt;</msg>
<var>${response}</var>
<arg>consultarAPI</arg>
<arg>/api</arg>
<doc>Sends a GET request on a previously created HTTP Session.</doc>
<status status="PASS" start="2024-07-30T12:29:36.957325" elapsed="0.129932"/>
</kw>
<kw name="Should Be Equal As Numbers" owner="BuiltIn">
<msg time="2024-07-30T12:29:37.088262" level="INFO">Argument types are:
&lt;class 'int'&gt;
&lt;class 'str'&gt;</msg>
<arg>${response.status_code}</arg>
<arg>200</arg>
<doc>Fails if objects are unequal after converting them to real numbers.</doc>
<status status="PASS" start="2024-07-30T12:29:37.087788" elapsed="0.000539"/>
</kw>
<kw name="Log" owner="BuiltIn">
<msg time="2024-07-30T12:29:37.089007" level="INFO">200</msg>
<arg>${response.status_code}</arg>
<doc>Logs the given message with the given level.</doc>
<status status="PASS" start="2024-07-30T12:29:37.088650" elapsed="0.000399"/>
</kw>
<kw name="Set Variable" owner="BuiltIn">
<msg time="2024-07-30T12:29:37.089797" level="INFO">${json_data} = {'results': [{'gender': 'male', 'name': {'title': 'Mr', 'first': 'Christoffer', 'last': 'Jensen'}, 'location': {'street': {'number': 5466, 'name': 'Smedevej'}, 'city': 'Gjern', 'state': 'Sjælland', 'c...</msg>
<var>${json_data}</var>
<arg>${response.json()}</arg>
<doc>Returns the given values which can then be assigned to a variables.</doc>
<status status="PASS" start="2024-07-30T12:29:37.089356" elapsed="0.000470"/>
</kw>
<kw name="Dictionary Should Contain Key" owner="Collections">
<arg>${json_data}</arg>
<arg>results</arg>
<doc>Fails if ``key`` is not found from ``dictionary``.</doc>
<status status="PASS" start="2024-07-30T12:29:37.090138" elapsed="0.000330"/>
</kw>
<status status="PASS" start="2024-07-30T12:29:36.957077" elapsed="0.133548"/>
</kw>
<doc>Testa se a API responde corretamente e retorna um objeto JSON válido.</doc>
<tag>testeRequisicaoBasica</tag>
<status status="PASS" start="2024-07-30T12:29:36.956623" elapsed="0.134178"/>
</test>
<test id="s1-s1-t3" name="Validar estrutura de resposta" line="22">
<kw name="Teste de Estrutura de Resposta" owner="random-user-service">
<kw name="GET On Session" owner="RequestsLibrary">
<msg time="2024-07-30T12:29:37.122402" level="INFO">GET Request : url=https://randomuser.me/api 
 path_url=/api 
 headers={'User-Agent': 'python-requests/2.32.3', 'Accept-Encoding': 'gzip, deflate', 'Accept': '*/*', 'Connection': 'keep-alive'} 
 body=None 
 </msg>
<msg time="2024-07-30T12:29:37.122482" level="INFO">GET Response : url=https://randomuser.me/api 
 status=200, reason=OK 
 headers={'Date': 'Tue, 30 Jul 2024 12:29:37 GMT', 'Content-Type': 'application/json; charset=utf-8', 'Transfer-Encoding': 'chunked', 'Connection': 'keep-alive', 'X-Powered-By': 'Express', 'Access-Control-Allow-Origin': '*', 'Cache-Control': 'no-cache', 'ETag': 'W/"4a3-YF4dTYgGsecGO7IwGCgI54HnOBk"', 'Vary': 'Accept-Encoding', 'Content-Encoding': 'gzip', 'CF-Cache-Status': 'DYNAMIC', 'Report-To': '{"endpoints":[{"url":"https:\\/\\/a.nel.cloudflare.com\\/report\\/v4?s=bKf%2BQNKpZaSt8z0wFj%2B1MFuY6qj8CQTAmHCH75Fq%2F1yjRrU%2Fz2Kil18OC1cQNIGY1PiYrv2fxT6TrR7BcIAUznll5JtkiIbTBzvI2MAhsIOGXY1ToXbpNpoJcwNPG35O"}],"group":"cf-nel","max_age":604800}', 'NEL': '{"success_fraction":0,"report_to":"cf-nel","max_age":604800}', 'Server': 'cloudflare', 'CF-RAY': '8ab55af2d8e3c56a-IAD', 'alt-svc': 'h3=":443"; ma=86400'} 
 body={"results":[{"gender":"female","name":{"title":"Miss","first":"Benedita","last":"da Rosa"},"location":{"street":{"number":5571,"name":"Rua da Paz "},"city":"Guarapari","state":"Rio Grande do Sul","country":"Brazil","postcode":59066,"coordinates":{"latitude":"-74.2931","longitude":"15.3927"},"timezone":{"offset":"-1:00","description":"Azores, Cape Verde Islands"}},"email":"benedita.darosa@example.com","login":{"uuid":"1526835c-8f73-475f-84d0-8f72913eafb1","username":"beautifullion984","password":"skyler","salt":"8BoEu7Vr","md5":"061df0fc289c7cae8941aa1d108ff3fe","sha1":"c1ab662dccf47183ad60cfbd82749db01912f683","sha256":"054c558437529da57219ed1028b9a4f0bd9904de5420390e24237f3157b737a5"},"dob":{"date":"1970-03-17T17:03:18.542Z","age":54},"registered":{"date":"2004-11-24T16:34:34.168Z","age":19},"phone":"(12) 8696-0697","cell":"(56) 4834-9162","id":{"name":"CPF","value":"102.820.633-49"},"picture":{"large":"https://randomuser.me/api/portraits/women/54.jpg","medium":"https://randomuser.me/api/portraits/med/women/54.jpg","thumbnail":"https://randomuser.me/api/portraits/thumb/women/54.jpg"},"nat":"BR"}],"info":{"seed":"0a59b1ba36437c63","results":1,"page":1,"version":"1.4"}} 
 </msg>
<msg time="2024-07-30T12:29:37.122597" level="INFO">/opt/hostedtoolcache/Python/3.12.4/x64/lib/python3.12/site-packages/urllib3/connectionpool.py:1099: InsecureRequestWarning: Unverified HTTPS request is being made to host 'randomuser.me'. Adding certificate verification is strongly advised. See: https://urllib3.readthedocs.io/en/latest/advanced-usage.html#tls-warnings
  warnings.warn(</msg>
<msg time="2024-07-30T12:29:37.122718" level="INFO">${response} = &lt;Response [200]&gt;</msg>
<var>${response}</var>
<arg>consultarAPI</arg>
<arg>/api</arg>
<doc>Sends a GET request on a previously created HTTP Session.</doc>
<status status="PASS" start="2024-07-30T12:29:37.093841" elapsed="0.028907"/>
</kw>
<kw name="Set Variable" owner="BuiltIn">
<msg time="2024-07-30T12:29:37.123732" level="INFO">${json_data} = {'results': [{'gender': 'female', 'name': {'title': 'Miss', 'first': 'Benedita', 'last': 'da Rosa'}, 'location': {'street': {'number': 5571, 'name': 'Rua da Paz '}, 'city': 'Guarapari', 'state': 'Rio ...</msg>
<var>${json_data}</var>
<arg>${response.json()}</arg>
<doc>Returns the given values which can then be assigned to a variables.</doc>
<status status="PASS" start="2024-07-30T12:29:37.123237" elapsed="0.000524"/>
</kw>
<kw name="Log" owner="BuiltIn">
<msg time="2024-07-30T12:29:37.124250" level="INFO">{'results': [{'gender': 'female', 'name': {'title': 'Miss', 'first': 'Benedita', 'last': 'da Rosa'}, 'location': {'street': {'number': 5571, 'name': 'Rua da Paz '}, 'city': 'Guarapari', 'state': 'Rio Grande do Sul', 'country': 'Brazil', 'postcode': 59066, 'coordinates': {'latitude': '-74.2931', 'longitude': '15.3927'}, 'timezone': {'offset': '-1:00', 'description': 'Azores, Cape Verde Islands'}}, 'email': 'benedita.darosa@example.com', 'login': {'uuid': '1526835c-8f73-475f-84d0-8f72913eafb1', 'username': 'beautifullion984', 'password': 'skyler', 'salt': '8BoEu7Vr', 'md5': '061df0fc289c7cae8941aa1d108ff3fe', 'sha1': 'c1ab662dccf47183ad60cfbd82749db01912f683', 'sha256': '054c558437529da57219ed1028b9a4f0bd9904de5420390e24237f3157b737a5'}, 'dob': {'date': '1970-03-17T17:03:18.542Z', 'age': 54}, 'registered': {'date': '2004-11-24T16:34:34.168Z', 'age': 19}, 'phone': '(12) 8696-0697', 'cell': '(56) 4834-9162', 'id': {'name': 'CPF', 'value': '102.820.633-49'}, 'picture': {'large': 'https://randomuser.me/api/portraits/women/54.jpg', 'medium': 'https://randomuser.me/api/portraits/med/women/54.jpg', 'thumbnail': 'https://randomuser.me/api/portraits/thumb/women/54.jpg'}, 'nat': 'BR'}], 'info': {'seed': '0a59b1ba36437c63', 'results': 1, 'page': 1, 'version': '1.4'}}</msg>
<arg>${json_data}</arg>
<doc>Logs the given message with the given level.</doc>
<status status="PASS" start="2024-07-30T12:29:37.124082" elapsed="0.000229"/>
</kw>
<kw name="Dictionary Should Contain Key" owner="Collections">
<arg>${json_data}</arg>
<arg>results</arg>
<doc>Fails if ``key`` is not found from ``dictionary``.</doc>
<status status="PASS" start="2024-07-30T12:29:37.124609" elapsed="0.000166"/>
</kw>
<kw name="Should Not Be Empty" owner="BuiltIn">
<msg time="2024-07-30T12:29:37.125095" level="INFO">Length is 2.</msg>
<arg>${json_data}</arg>
<doc>Verifies that the given item is not empty.</doc>
<status status="PASS" start="2024-07-30T12:29:37.124964" elapsed="0.000170"/>
</kw>
<kw name="Create List" owner="BuiltIn">
<msg time="2024-07-30T12:29:37.125583" level="INFO">${expected_keys} = ['gender', 'name', 'location', 'email', 'login']</msg>
<var>${expected_keys}</var>
<arg>gender</arg>
<arg>name</arg>
<arg>location</arg>
<arg>email</arg>
<arg>login</arg>
<doc>Returns a list containing given items.</doc>
<status status="PASS" start="2024-07-30T12:29:37.125428" elapsed="0.000180"/>
</kw>
<for flavor="IN">
<iter>
<kw name="Dictionary Should Contain Key" owner="Collections">
<arg>${json_data['results'][0]}</arg>
<arg>${key}</arg>
<doc>Fails if ``key`` is not found from ``dictionary``.</doc>
<status status="PASS" start="2024-07-30T12:29:37.126209" elapsed="0.000419"/>
</kw>
<kw name="Log" owner="BuiltIn">
<msg time="2024-07-30T12:29:37.127232" level="INFO">{'gender': 'female', 'name': {'title': 'Miss', 'first': 'Benedita', 'last': 'da Rosa'}, 'location': {'street': {'number': 5571, 'name': 'Rua da Paz '}, 'city': 'Guarapari', 'state': 'Rio Grande do Sul', 'country': 'Brazil', 'postcode': 59066, 'coordinates': {'latitude': '-74.2931', 'longitude': '15.3927'}, 'timezone': {'offset': '-1:00', 'description': 'Azores, Cape Verde Islands'}}, 'email': 'benedita.darosa@example.com', 'login': {'uuid': '1526835c-8f73-475f-84d0-8f72913eafb1', 'username': 'beautifullion984', 'password': 'skyler', 'salt': '8BoEu7Vr', 'md5': '061df0fc289c7cae8941aa1d108ff3fe', 'sha1': 'c1ab662dccf47183ad60cfbd82749db01912f683', 'sha256': '054c558437529da57219ed1028b9a4f0bd9904de5420390e24237f3157b737a5'}, 'dob': {'date': '1970-03-17T17:03:18.542Z', 'age': 54}, 'registered': {'date': '2004-11-24T16:34:34.168Z', 'age': 19}, 'phone': '(12) 8696-0697', 'cell': '(56) 4834-9162', 'id': {'name': 'CPF', 'value': '102.820.633-49'}, 'picture': {'large': 'https://randomuser.me/api/portraits/women/54.jpg', 'medium': 'https://randomuser.me/api/portraits/med/women/54.jpg', 'thumbnail': 'https://randomuser.me/api/portraits/thumb/women/54.jpg'}, 'nat': 'BR'}</msg>
<arg>${json_data['results'][0]}</arg>
<doc>Logs the given message with the given level.</doc>
<status status="PASS" start="2024-07-30T12:29:37.126820" elapsed="0.000462"/>
</kw>
<kw name="Log" owner="BuiltIn">
<msg time="2024-07-30T12:29:37.127727" level="INFO">gender</msg>
<arg>${key}</arg>
<doc>Logs the given message with the given level.</doc>
<status status="PASS" start="2024-07-30T12:29:37.127593" elapsed="0.000175"/>
</kw>
<var name="${key}">gender</var>
<status status="PASS" start="2024-07-30T12:29:37.126079" elapsed="0.001916"/>
</iter>
<iter>
<kw name="Dictionary Should Contain Key" owner="Collections">
<arg>${json_data['results'][0]}</arg>
<arg>${key}</arg>
<doc>Fails if ``key`` is not found from ``dictionary``.</doc>
<status status="PASS" start="2024-07-30T12:29:37.128297" elapsed="0.000392"/>
</kw>
<kw name="Log" owner="BuiltIn">
<msg time="2024-07-30T12:29:37.129274" level="INFO">{'gender': 'female', 'name': {'title': 'Miss', 'first': 'Benedita', 'last': 'da Rosa'}, 'location': {'street': {'number': 5571, 'name': 'Rua da Paz '}, 'city': 'Guarapari', 'state': 'Rio Grande do Sul', 'country': 'Brazil', 'postcode': 59066, 'coordinates': {'latitude': '-74.2931', 'longitude': '15.3927'}, 'timezone': {'offset': '-1:00', 'description': 'Azores, Cape Verde Islands'}}, 'email': 'benedita.darosa@example.com', 'login': {'uuid': '1526835c-8f73-475f-84d0-8f72913eafb1', 'username': 'beautifullion984', 'password': 'skyler', 'salt': '8BoEu7Vr', 'md5': '061df0fc289c7cae8941aa1d108ff3fe', 'sha1': 'c1ab662dccf47183ad60cfbd82749db01912f683', 'sha256': '054c558437529da57219ed1028b9a4f0bd9904de5420390e24237f3157b737a5'}, 'dob': {'date': '1970-03-17T17:03:18.542Z', 'age': 54}, 'registered': {'date': '2004-11-24T16:34:34.168Z', 'age': 19}, 'phone': '(12) 8696-0697', 'cell': '(56) 4834-9162', 'id': {'name': 'CPF', 'value': '102.820.633-49'}, 'picture': {'large': 'https://randomuser.me/api/portraits/women/54.jpg', 'medium': 'https://randomuser.me/api/portraits/med/women/54.jpg', 'thumbnail': 'https://randomuser.me/api/portraits/thumb/women/54.jpg'}, 'nat': 'BR'}</msg>
<arg>${json_data['results'][0]}</arg>
<doc>Logs the given message with the given level.</doc>
<status status="PASS" start="2024-07-30T12:29:37.128874" elapsed="0.000450"/>
</kw>
<kw name="Log" owner="BuiltIn">
<msg time="2024-07-30T12:29:37.129760" level="INFO">name</msg>
<arg>${key}</arg>
<doc>Logs the given message with the given level.</doc>
<status status="PASS" start="2024-07-30T12:29:37.129628" elapsed="0.000171"/>
</kw>
<var name="${key}">name</var>
<status status="PASS" start="2024-07-30T12:29:37.128182" elapsed="0.001835"/>
</iter>
<iter>
<kw name="Dictionary Should Contain Key" owner="Collections">
<arg>${json_data['results'][0]}</arg>
<arg>${key}</arg>
<doc>Fails if ``key`` is not found from ``dictionary``.</doc>
<status status="PASS" start="2024-07-30T12:29:37.130315" elapsed="0.000391"/>
</kw>
<kw name="Log" owner="BuiltIn">
<msg time="2024-07-30T12:29:37.131291" level="INFO">{'gender': 'female', 'name': {'title': 'Miss', 'first': 'Benedita', 'last': 'da Rosa'}, 'location': {'street': {'number': 5571, 'name': 'Rua da Paz '}, 'city': 'Guarapari', 'state': 'Rio Grande do Sul', 'country': 'Brazil', 'postcode': 59066, 'coordinates': {'latitude': '-74.2931', 'longitude': '15.3927'}, 'timezone': {'offset': '-1:00', 'description': 'Azores, Cape Verde Islands'}}, 'email': 'benedita.darosa@example.com', 'login': {'uuid': '1526835c-8f73-475f-84d0-8f72913eafb1', 'username': 'beautifullion984', 'password': 'skyler', 'salt': '8BoEu7Vr', 'md5': '061df0fc289c7cae8941aa1d108ff3fe', 'sha1': 'c1ab662dccf47183ad60cfbd82749db01912f683', 'sha256': '054c558437529da57219ed1028b9a4f0bd9904de5420390e24237f3157b737a5'}, 'dob': {'date': '1970-03-17T17:03:18.542Z', 'age': 54}, 'registered': {'date': '2004-11-24T16:34:34.168Z', 'age': 19}, 'phone': '(12) 8696-0697', 'cell': '(56) 4834-9162', 'id': {'name': 'CPF', 'value': '102.820.633-49'}, 'picture': {'large': 'https://randomuser.me/api/portraits/women/54.jpg', 'medium': 'https://randomuser.me/api/portraits/med/women/54.jpg', 'thumbnail': 'https://randomuser.me/api/portraits/thumb/women/54.jpg'}, 'nat': 'BR'}</msg>
<arg>${json_data['results'][0]}</arg>
<doc>Logs the given message with the given level.</doc>
<status status="PASS" start="2024-07-30T12:29:37.130896" elapsed="0.000453"/>
</kw>
<kw name="Log" owner="BuiltIn">
<msg time="2024-07-30T12:29:37.131783" level="INFO">location</msg>
<arg>${key}</arg>
<doc>Logs the given message with the given level.</doc>
<status status="PASS" start="2024-07-30T12:29:37.131651" elapsed="0.000171"/>
</kw>
<var name="${key}">location</var>
<status status="PASS" start="2024-07-30T12:29:37.130201" elapsed="0.001839"/>
</iter>
<iter>
<kw name="Dictionary Should Contain Key" owner="Collections">
<arg>${json_data['results'][0]}</arg>
<arg>${key}</arg>
<doc>Fails if ``key`` is not found from ``dictionary``.</doc>
<status status="PASS" start="2024-07-30T12:29:37.132324" elapsed="0.000384"/>
</kw>
<kw name="Log" owner="BuiltIn">
<msg time="2024-07-30T12:29:37.133373" level="INFO">{'gender': 'female', 'name': {'title': 'Miss', 'first': 'Benedita', 'last': 'da Rosa'}, 'location': {'street': {'number': 5571, 'name': 'Rua da Paz '}, 'city': 'Guarapari', 'state': 'Rio Grande do Sul', 'country': 'Brazil', 'postcode': 59066, 'coordinates': {'latitude': '-74.2931', 'longitude': '15.3927'}, 'timezone': {'offset': '-1:00', 'description': 'Azores, Cape Verde Islands'}}, 'email': 'benedita.darosa@example.com', 'login': {'uuid': '1526835c-8f73-475f-84d0-8f72913eafb1', 'username': 'beautifullion984', 'password': 'skyler', 'salt': '8BoEu7Vr', 'md5': '061df0fc289c7cae8941aa1d108ff3fe', 'sha1': 'c1ab662dccf47183ad60cfbd82749db01912f683', 'sha256': '054c558437529da57219ed1028b9a4f0bd9904de5420390e24237f3157b737a5'}, 'dob': {'date': '1970-03-17T17:03:18.542Z', 'age': 54}, 'registered': {'date': '2004-11-24T16:34:34.168Z', 'age': 19}, 'phone': '(12) 8696-0697', 'cell': '(56) 4834-9162', 'id': {'name': 'CPF', 'value': '102.820.633-49'}, 'picture': {'large': 'https://randomuser.me/api/portraits/women/54.jpg', 'medium': 'https://randomuser.me/api/portraits/med/women/54.jpg', 'thumbnail': 'https://randomuser.me/api/portraits/thumb/women/54.jpg'}, 'nat': 'BR'}</msg>
<arg>${json_data['results'][0]}</arg>
<doc>Logs the given message with the given level.</doc>
<status status="PASS" start="2024-07-30T12:29:37.133016" elapsed="0.000408"/>
</kw>
<kw name="Log" owner="BuiltIn">
<msg time="2024-07-30T12:29:37.133854" level="INFO">email</msg>
<arg>${key}</arg>
<doc>Logs the given message with the given level.</doc>
<status status="PASS" start="2024-07-30T12:29:37.133724" elapsed="0.000169"/>
</kw>
<var name="${key}">email</var>
<status status="PASS" start="2024-07-30T12:29:37.132214" elapsed="0.001904"/>
</iter>
<iter>
<kw name="Dictionary Should Contain Key" owner="Collections">
<arg>${json_data['results'][0]}</arg>
<arg>${key}</arg>
<doc>Fails if ``key`` is not found from ``dictionary``.</doc>
<status status="PASS" start="2024-07-30T12:29:37.134402" elapsed="0.000379"/>
</kw>
<kw name="Log" owner="BuiltIn">
<msg time="2024-07-30T12:29:37.135376" level="INFO">{'gender': 'female', 'name': {'title': 'Miss', 'first': 'Benedita', 'last': 'da Rosa'}, 'location': {'street': {'number': 5571, 'name': 'Rua da Paz '}, 'city': 'Guarapari', 'state': 'Rio Grande do Sul', 'country': 'Brazil', 'postcode': 59066, 'coordinates': {'latitude': '-74.2931', 'longitude': '15.3927'}, 'timezone': {'offset': '-1:00', 'description': 'Azores, Cape Verde Islands'}}, 'email': 'benedita.darosa@example.com', 'login': {'uuid': '1526835c-8f73-475f-84d0-8f72913eafb1', 'username': 'beautifullion984', 'password': 'skyler', 'salt': '8BoEu7Vr', 'md5': '061df0fc289c7cae8941aa1d108ff3fe', 'sha1': 'c1ab662dccf47183ad60cfbd82749db01912f683', 'sha256': '054c558437529da57219ed1028b9a4f0bd9904de5420390e24237f3157b737a5'}, 'dob': {'date': '1970-03-17T17:03:18.542Z', 'age': 54}, 'registered': {'date': '2004-11-24T16:34:34.168Z', 'age': 19}, 'phone': '(12) 8696-0697', 'cell': '(56) 4834-9162', 'id': {'name': 'CPF', 'value': '102.820.633-49'}, 'picture': {'large': 'https://randomuser.me/api/portraits/women/54.jpg', 'medium': 'https://randomuser.me/api/portraits/med/women/54.jpg', 'thumbnail': 'https://randomuser.me/api/portraits/thumb/women/54.jpg'}, 'nat': 'BR'}</msg>
<arg>${json_data['results'][0]}</arg>
<doc>Logs the given message with the given level.</doc>
<status status="PASS" start="2024-07-30T12:29:37.135003" elapsed="0.000421"/>
</kw>
<kw name="Log" owner="BuiltIn">
<msg time="2024-07-30T12:29:37.135850" level="INFO">login</msg>
<arg>${key}</arg>
<doc>Logs the given message with the given level.</doc>
<status status="PASS" start="2024-07-30T12:29:37.135720" elapsed="0.000168"/>
</kw>
<var name="${key}">login</var>
<status status="PASS" start="2024-07-30T12:29:37.134292" elapsed="0.001812"/>
</iter>
<var>${key}</var>
<value>@{expected_keys}</value>
<status status="PASS" start="2024-07-30T12:29:37.125883" elapsed="0.010343"/>
</for>
<kw name="Create List" owner="BuiltIn">
<msg time="2024-07-30T12:29:37.136586" level="INFO">${expected_keysTwo} = ['username', 'password']</msg>
<var>${expected_keysTwo}</var>
<arg>username</arg>
<arg>password</arg>
<doc>Returns a list containing given items.</doc>
<status status="PASS" start="2024-07-30T12:29:37.136446" elapsed="0.000164"/>
</kw>
<for flavor="IN">
<iter>
<kw name="Dictionary Should Contain Key" owner="Collections">
<arg>${json_data['results'][0]['login']}</arg>
<arg>${keyTwo}</arg>
<doc>Fails if ``key`` is not found from ``dictionary``.</doc>
<status status="PASS" start="2024-07-30T12:29:37.137113" elapsed="0.000400"/>
</kw>
<kw name="Dictionary Should Contain Key" owner="Collections">
<arg>${json_data['results'][0]['login']}</arg>
<arg>${keyTwo}</arg>
<doc>Fails if ``key`` is not found from ``dictionary``.</doc>
<status status="PASS" start="2024-07-30T12:29:37.137695" elapsed="0.000374"/>
</kw>
<kw name="Log" owner="BuiltIn">
<msg time="2024-07-30T12:29:37.138367" level="INFO">username</msg>
<arg>${keyTwo}</arg>
<doc>Logs the given message with the given level.</doc>
<status status="PASS" start="2024-07-30T12:29:37.138246" elapsed="0.000158"/>
</kw>
<var name="${keyTwo}">username</var>
<status status="PASS" start="2024-07-30T12:29:37.137004" elapsed="0.001620"/>
</iter>
<iter>
<kw name="Dictionary Should Contain Key" owner="Collections">
<arg>${json_data['results'][0]['login']}</arg>
<arg>${keyTwo}</arg>
<doc>Fails if ``key`` is not found from ``dictionary``.</doc>
<status status="PASS" start="2024-07-30T12:29:37.138912" elapsed="0.000418"/>
</kw>
<kw name="Dictionary Should Contain Key" owner="Collections">
<arg>${json_data['results'][0]['login']}</arg>
<arg>${keyTwo}</arg>
<doc>Fails if ``key`` is not found from ``dictionary``.</doc>
<status status="PASS" start="2024-07-30T12:29:37.139510" elapsed="0.000375"/>
</kw>
<kw name="Log" owner="BuiltIn">
<msg time="2024-07-30T12:29:37.140189" level="INFO">password</msg>
<arg>${keyTwo}</arg>
<doc>Logs the given message with the given level.</doc>
<status status="PASS" start="2024-07-30T12:29:37.140064" elapsed="0.000162"/>
</kw>
<var name="${keyTwo}">password</var>
<status status="PASS" start="2024-07-30T12:29:37.138799" elapsed="0.001649"/>
</iter>
<var>${keyTwo}</var>
<value>@{expected_keysTwo}</value>
<status status="PASS" start="2024-07-30T12:29:37.136849" elapsed="0.003722"/>
</for>
<status status="PASS" start="2024-07-30T12:29:37.093489" elapsed="0.047223"/>
</kw>
<doc>Testa a estrutura da resposta da API.</doc>
<tag>testeEstruturaResposta</tag>
<status status="PASS" start="2024-07-30T12:29:37.092709" elapsed="0.048161"/>
</test>
<test id="s1-s1-t4" name="Validar tipos de dados" line="28">
<kw name="Teste de Tipos de Dados" owner="random-user-service">
<kw name="GET On Session" owner="RequestsLibrary">
<msg time="2024-07-30T12:29:37.227907" level="INFO">GET Request : url=https://randomuser.me/api 
 path_url=/api 
 headers={'User-Agent': 'python-requests/2.32.3', 'Accept-Encoding': 'gzip, deflate', 'Accept': '*/*', 'Connection': 'keep-alive'} 
 body=None 
 </msg>
<msg time="2024-07-30T12:29:37.228019" level="INFO">GET Response : url=https://randomuser.me/api 
 status=200, reason=OK 
 headers={'Date': 'Tue, 30 Jul 2024 12:29:37 GMT', 'Content-Type': 'application/json; charset=utf-8', 'Transfer-Encoding': 'chunked', 'Connection': 'keep-alive', 'X-Powered-By': 'Express', 'Access-Control-Allow-Origin': '*', 'Cache-Control': 'no-cache', 'ETag': 'W/"494-w6W19ECE2Do3tJENL/BdbUh6858"', 'Vary': 'Accept-Encoding', 'Content-Encoding': 'gzip', 'cf-cache-status': 'DYNAMIC', 'Report-To': '{"endpoints":[{"url":"https:\\/\\/a.nel.cloudflare.com\\/report\\/v4?s=8K9XmxPTEZFq02roal74XRDy9Nk4qzgxqmzZTusjFmOWLYskAFvJ9ePeHnEolr2zwQT7xS6txyAd2SstgY%2BOivlWA1rfDMSVq8njdfYRvH5hGM080y4L41Rl6BCKhAr4"}],"group":"cf-nel","max_age":604800}', 'NEL': '{"success_fraction":0,"report_to":"cf-nel","max_age":604800}', 'Server': 'cloudflare', 'CF-RAY': '8ab55af3293ac56a-IAD', 'alt-svc': 'h3=":443"; ma=86400'} 
 body={"results":[{"gender":"female","name":{"title":"Madame","first":"Sophia","last":"Roux"},"location":{"street":{"number":8908,"name":"Avenue Jean-Jaurès"},"city":"Römerswil","state":"Ticino","country":"Switzerland","postcode":3439,"coordinates":{"latitude":"-60.1160","longitude":"113.0512"},"timezone":{"offset":"-3:30","description":"Newfoundland"}},"email":"sophia.roux@example.com","login":{"uuid":"eee5e1bc-63bd-4bbd-964a-1bc6ef4f05a4","username":"purplebutterfly723","password":"cyclone","salt":"oQYTR3vx","md5":"df97bc09d44adc17b0951d2fb5a4b93d","sha1":"d8c4d1a8606698d68c56efd843c2ac0db0b6f6a6","sha256":"d22e3351c6eabd2962bc4b91f23bce102cf153d6a9b243e53dae737b36cfe189"},"dob":{"date":"1989-04-02T12:59:57.691Z","age":35},"registered":{"date":"2009-11-04T20:06:27.618Z","age":14},"phone":"079 036 22 91","cell":"075 637 16 37","id":{"name":"AVS","value":"756.6357.9109.96"},"picture":{"large":"https://randomuser.me/api/portraits/women/85.jpg","medium":"https://randomuser.me/api/portraits/med/women/85.jpg","thumbnail":"https://randomuser.me/api/portraits/thumb/women/85.jpg"},"nat":"CH"}],"info":{"seed":"9ef5889a776d6fcf","results":1,"page":1,"version":"1.4"}} 
 </msg>
<msg time="2024-07-30T12:29:37.228108" level="INFO">/opt/hostedtoolcache/Python/3.12.4/x64/lib/python3.12/site-packages/urllib3/connectionpool.py:1099: InsecureRequestWarning: Unverified HTTPS request is being made to host 'randomuser.me'. Adding certificate verification is strongly advised. See: https://urllib3.readthedocs.io/en/latest/advanced-usage.html#tls-warnings
  warnings.warn(</msg>
<msg time="2024-07-30T12:29:37.228242" level="INFO">${response} = &lt;Response [200]&gt;</msg>
<var>${response}</var>
<arg>consultarAPI</arg>
<arg>/api</arg>
<doc>Sends a GET request on a previously created HTTP Session.</doc>
<status status="PASS" start="2024-07-30T12:29:37.143505" elapsed="0.084782"/>
</kw>
<kw name="Set Variable" owner="BuiltIn">
<msg time="2024-07-30T12:29:37.229370" level="INFO">${json_data} = {'results': [{'gender': 'female', 'name': {'title': 'Madame', 'first': 'Sophia', 'last': 'Roux'}, 'location': {'street': {'number': 8908, 'name': 'Avenue Jean-Jaurès'}, 'city': 'Römerswil', 'state': '...</msg>
<var>${json_data}</var>
<arg>${response.json()}</arg>
<doc>Returns the given values which can then be assigned to a variables.</doc>
<status status="PASS" start="2024-07-30T12:29:37.228824" elapsed="0.000576"/>
</kw>
<kw name="Log" owner="BuiltIn">
<msg time="2024-07-30T12:29:37.229875" level="INFO">{'results': [{'gender': 'female', 'name': {'title': 'Madame', 'first': 'Sophia', 'last': 'Roux'}, 'location': {'street': {'number': 8908, 'name': 'Avenue Jean-Jaurès'}, 'city': 'Römerswil', 'state': 'Ticino', 'country': 'Switzerland', 'postcode': 3439, 'coordinates': {'latitude': '-60.1160', 'longitude': '113.0512'}, 'timezone': {'offset': '-3:30', 'description': 'Newfoundland'}}, 'email': 'sophia.roux@example.com', 'login': {'uuid': 'eee5e1bc-63bd-4bbd-964a-1bc6ef4f05a4', 'username': 'purplebutterfly723', 'password': 'cyclone', 'salt': 'oQYTR3vx', 'md5': 'df97bc09d44adc17b0951d2fb5a4b93d', 'sha1': 'd8c4d1a8606698d68c56efd843c2ac0db0b6f6a6', 'sha256': 'd22e3351c6eabd2962bc4b91f23bce102cf153d6a9b243e53dae737b36cfe189'}, 'dob': {'date': '1989-04-02T12:59:57.691Z', 'age': 35}, 'registered': {'date': '2009-11-04T20:06:27.618Z', 'age': 14}, 'phone': '079 036 22 91', 'cell': '075 637 16 37', 'id': {'name': 'AVS', 'value': '756.6357.9109.96'}, 'picture': {'large': 'https://randomuser.me/api/portraits/women/85.jpg', 'medium': 'https://randomuser.me/api/portraits/med/women/85.jpg', 'thumbnail': 'https://randomuser.me/api/portraits/thumb/women/85.jpg'}, 'nat': 'CH'}], 'info': {'seed': '9ef5889a776d6fcf', 'results': 1, 'page': 1, 'version': '1.4'}}</msg>
<arg>${json_data}</arg>
<doc>Logs the given message with the given level.</doc>
<status status="PASS" start="2024-07-30T12:29:37.229713" elapsed="0.000212"/>
</kw>
<kw name="Should Be String" owner="String">
<arg>${json_data['results'][0]['gender']}</arg>
<doc>Fails if the given ``item`` is not a string.</doc>
<status status="PASS" start="2024-07-30T12:29:37.230222" elapsed="0.000370"/>
</kw>
<kw name="Should Match Regexp" owner="BuiltIn">
<arg>${json_data['results'][0]['email']}</arg>
<arg>^[a-zA-Z0-9._%+-]+@[a-zA-Z0-9.-]+\.[a-zA-Z]{2,}$</arg>
<doc>Fails if ``string`` does not match ``pattern`` as a regular expression.</doc>
<status status="PASS" start="2024-07-30T12:29:37.230822" elapsed="0.000589"/>
</kw>
<kw name="Should Match Regexp" owner="BuiltIn">
<arg>${json_data['results'][0]['dob']['date']}</arg>
<arg>\\d{4}-\\d{2}-\\d{2}T\\d{2}:\\d{2}:\\d{2}\\.\\d{3}Z</arg>
<doc>Fails if ``string`` does not match ``pattern`` as a regular expression.</doc>
<status status="PASS" start="2024-07-30T12:29:37.231611" elapsed="0.000643"/>
</kw>
<kw name="Should Match Regexp" owner="BuiltIn">
<arg>${json_data['results'][0]['registered']['date']}</arg>
<arg>\\d{4}-\\d{2}-\\d{2}T\\d{2}:\\d{2}:\\d{2}\\.\\d{3}Z</arg>
<doc>Fails if ``string`` does not match ``pattern`` as a regular expression.</doc>
<status status="PASS" start="2024-07-30T12:29:37.232451" elapsed="0.000387"/>
</kw>
<kw name="Should Match Regexp" owner="BuiltIn">
<arg>${json_data['results'][0]['picture']['large']}</arg>
<arg>^https?://.*\.(?:png|jpe?g|gif|bmp)$</arg>
<doc>Fails if ``string`` does not match ``pattern`` as a regular expression.</doc>
<status status="PASS" start="2024-07-30T12:29:37.233035" elapsed="0.000462"/>
</kw>
<kw name="Should Match Regexp" owner="BuiltIn">
<arg>${json_data['results'][0]['picture']['medium']}</arg>
<arg>^https?://.*\.(?:png|jpe?g|gif|bmp)$</arg>
<doc>Fails if ``string`` does not match ``pattern`` as a regular expression.</doc>
<status status="PASS" start="2024-07-30T12:29:37.233689" elapsed="0.000357"/>
</kw>
<kw name="Should Match Regexp" owner="BuiltIn">
<arg>${json_data['results'][0]['picture']['thumbnail']}</arg>
<arg>^https?://.*\.(?:png|jpe?g|gif|bmp)$</arg>
<doc>Fails if ``string`` does not match ``pattern`` as a regular expression.</doc>
<status status="PASS" start="2024-07-30T12:29:37.234233" elapsed="0.000353"/>
</kw>
<kw name="Log" owner="BuiltIn">
<msg time="2024-07-30T12:29:37.235126" level="INFO">{'large': 'https://randomuser.me/api/portraits/women/85.jpg', 'medium': 'https://randomuser.me/api/portraits/med/women/85.jpg', 'thumbnail': 'https://randomuser.me/api/portraits/thumb/women/85.jpg'}</msg>
<arg>${json_data['results'][0]['picture']}</arg>
<doc>Logs the given message with the given level.</doc>
<status status="PASS" start="2024-07-30T12:29:37.234767" elapsed="0.000414"/>
</kw>
<status status="PASS" start="2024-07-30T12:29:37.143276" elapsed="0.092181"/>
</kw>
<kw name="Teste de Tipos de Dados - Postcode" owner="random-user-service">
<kw name="GET On Session" owner="RequestsLibrary">
<msg time="2024-07-30T12:29:37.325659" level="INFO">GET Request : url=https://randomuser.me/api 
 path_url=/api 
 headers={'User-Agent': 'python-requests/2.32.3', 'Accept-Encoding': 'gzip, deflate', 'Accept': '*/*', 'Connection': 'keep-alive'} 
 body=None 
 </msg>
<msg time="2024-07-30T12:29:37.325753" level="INFO">GET Response : url=https://randomuser.me/api 
 status=200, reason=OK 
 headers={'Date': 'Tue, 30 Jul 2024 12:29:37 GMT', 'Content-Type': 'application/json; charset=utf-8', 'Transfer-Encoding': 'chunked', 'Connection': 'keep-alive', 'X-Powered-By': 'Express', 'Access-Control-Allow-Origin': '*', 'Cache-Control': 'no-cache', 'ETag': 'W/"492-3/kwW+jQR+qiNz7sIfNLWrx1gT0"', 'Vary': 'Accept-Encoding', 'Content-Encoding': 'gzip', 'CF-Cache-Status': 'DYNAMIC', 'Report-To': '{"endpoints":[{"url":"https:\\/\\/a.nel.cloudflare.com\\/report\\/v4?s=c4v0pIAvIY%2FQJoalJ035UBc47dlc6SvF0sYUtEO9OZxwWaZvnyiE1a4fTnwyjEKW2xgwJXjEVHI8G%2F0Hjibw4352ckAa88z42xv6hdCioMKB7Jhu8Y9oWv9hFXBde5Qu"}],"group":"cf-nel","max_age":604800}', 'NEL': '{"success_fraction":0,"report_to":"cf-nel","max_age":604800}', 'Server': 'cloudflare', 'CF-RAY': '8ab55af3b9dcc56a-IAD', 'alt-svc': 'h3=":443"; ma=86400'} 
 body={"results":[{"gender":"female","name":{"title":"Ms","first":"نازنین","last":"نكو نظر"},"location":{"street":{"number":3847,"name":"شهید علی باستانی"},"city":"گلستان","state":"کرمانشاه","country":"Iran","postcode":75921,"coordinates":{"latitude":"14.7320","longitude":"42.0331"},"timezone":{"offset":"-9:00","description":"Alaska"}},"email":"nznyn.nkwnzr@example.com","login":{"uuid":"ccb167fd-b0ed-4520-8d0a-617772f085e7","username":"purplekoala157","password":"545454","salt":"b52wjcY3","md5":"ddc61f2b7cae012ad728625f479677b8","sha1":"573f051f1578675258f94c67c95e496299c29222","sha256":"a75e9353fa742549a4d4284bda5c89f998c5909f80660d1822019f0e9f4d4684"},"dob":{"date":"1972-10-11T16:19:42.898Z","age":51},"registered":{"date":"2012-03-26T06:58:40.295Z","age":12},"phone":"019-05394992","cell":"0913-647-6384","id":{"name":"","value":null},"picture":{"large":"https://randomuser.me/api/portraits/women/44.jpg","medium":"https://randomuser.me/api/portraits/med/women/44.jpg","thumbnail":"https://randomuser.me/api/portraits/thumb/women/44.jpg"},"nat":"IR"}],"info":{"seed":"9deda86598eae6ab","results":1,"page":1,"version":"1.4"}} 
 </msg>
<msg time="2024-07-30T12:29:37.325827" level="INFO">/opt/hostedtoolcache/Python/3.12.4/x64/lib/python3.12/site-packages/urllib3/connectionpool.py:1099: InsecureRequestWarning: Unverified HTTPS request is being made to host 'randomuser.me'. Adding certificate verification is strongly advised. See: https://urllib3.readthedocs.io/en/latest/advanced-usage.html#tls-warnings
  warnings.warn(</msg>
<msg time="2024-07-30T12:29:37.325939" level="INFO">${response} = &lt;Response [200]&gt;</msg>
<var>${response}</var>
<arg>consultarAPI</arg>
<arg>/api</arg>
<doc>Sends a GET request on a previously created HTTP Session.</doc>
<status status="PASS" start="2024-07-30T12:29:37.235920" elapsed="0.090055"/>
</kw>
<kw name="Set Variable" owner="BuiltIn">
<msg time="2024-07-30T12:29:37.327033" level="INFO">${json_data} = {'results': [{'gender': 'female', 'name': {'title': 'Ms', 'first': 'نازنین', 'last': 'نكو نظر'}, 'location': {'street': {'number': 3847, 'name': 'شهید علی باستانی'}, 'city': 'گلستان', 'state': 'کرمانش...</msg>
<var>${json_data}</var>
<arg>${response.json()}</arg>
<doc>Returns the given values which can then be assigned to a variables.</doc>
<status status="PASS" start="2024-07-30T12:29:37.326476" elapsed="0.000588"/>
</kw>
<kw name="Log" owner="BuiltIn">
<msg time="2024-07-30T12:29:37.327554" level="INFO">{'results': [{'gender': 'female', 'name': {'title': 'Ms', 'first': 'نازنین', 'last': 'نكو نظر'}, 'location': {'street': {'number': 3847, 'name': 'شهید علی باستانی'}, 'city': 'گلستان', 'state': 'کرمانشاه', 'country': 'Iran', 'postcode': 75921, 'coordinates': {'latitude': '14.7320', 'longitude': '42.0331'}, 'timezone': {'offset': '-9:00', 'description': 'Alaska'}}, 'email': 'nznyn.nkwnzr@example.com', 'login': {'uuid': 'ccb167fd-b0ed-4520-8d0a-617772f085e7', 'username': 'purplekoala157', 'password': '545454', 'salt': 'b52wjcY3', 'md5': 'ddc61f2b7cae012ad728625f479677b8', 'sha1': '573f051f1578675258f94c67c95e496299c29222', 'sha256': 'a75e9353fa742549a4d4284bda5c89f998c5909f80660d1822019f0e9f4d4684'}, 'dob': {'date': '1972-10-11T16:19:42.898Z', 'age': 51}, 'registered': {'date': '2012-03-26T06:58:40.295Z', 'age': 12}, 'phone': '019-05394992', 'cell': '0913-647-6384', 'id': {'name': '', 'value': None}, 'picture': {'large': 'https://randomuser.me/api/portraits/women/44.jpg', 'medium': 'https://randomuser.me/api/portraits/med/women/44.jpg', 'thumbnail': 'https://randomuser.me/api/portraits/thumb/women/44.jpg'}, 'nat': 'IR'}], 'info': {'seed': '9deda86598eae6ab', 'results': 1, 'page': 1, 'version': '1.4'}}</msg>
<arg>${json_data}</arg>
<doc>Logs the given message with the given level.</doc>
<status status="PASS" start="2024-07-30T12:29:37.327385" elapsed="0.000220"/>
</kw>
<kw name="Should Be Equal As Numbers" owner="BuiltIn">
<arg>${json_data['results'][0]['location']['postcode']}</arg>
<arg>${json_data['results'][0]['location']['postcode']}</arg>
<doc>Fails if objects are unequal after converting them to real numbers.</doc>
<status status="PASS" start="2024-07-30T12:29:37.327906" elapsed="0.000637"/>
</kw>
<kw name="Log" owner="BuiltIn">
<msg time="2024-07-30T12:29:37.329117" level="INFO">75921</msg>
<arg>${json_data['results'][0]['location']['postcode']}</arg>
<doc>Logs the given message with the given level.</doc>
<status status="PASS" start="2024-07-30T12:29:37.328766" elapsed="0.000393"/>
</kw>
<status status="PASS" start="2024-07-30T12:29:37.235687" elapsed="0.093747"/>
</kw>
<doc>Testa se os tipos de dados na resposta da API estão corretos.</doc>
<tag>testeTiposDados</tag>
<status status="PASS" start="2024-07-30T12:29:37.142669" elapsed="0.186954"/>
</test>
<test id="s1-s1-t5" name="Validar conteudo" line="35">
<kw name="Teste de Tipos de Conteudo" owner="random-user-service">
<kw name="GET On Session" owner="RequestsLibrary">
<msg time="2024-07-30T12:29:37.425359" level="INFO">GET Request : url=https://randomuser.me/api 
 path_url=/api 
 headers={'User-Agent': 'python-requests/2.32.3', 'Accept-Encoding': 'gzip, deflate', 'Accept': '*/*', 'Connection': 'keep-alive'} 
 body=None 
 </msg>
<msg time="2024-07-30T12:29:37.425471" level="INFO">GET Response : url=https://randomuser.me/api 
 status=200, reason=OK 
 headers={'Date': 'Tue, 30 Jul 2024 12:29:37 GMT', 'Content-Type': 'application/json; charset=utf-8', 'Transfer-Encoding': 'chunked', 'Connection': 'keep-alive', 'X-Powered-By': 'Express', 'Access-Control-Allow-Origin': '*', 'Cache-Control': 'no-cache', 'ETag': 'W/"486-le7ckEeXykLkvlOFH9auo7puo9Q"', 'Vary': 'Accept-Encoding', 'Content-Encoding': 'gzip', 'CF-Cache-Status': 'DYNAMIC', 'Report-To': '{"endpoints":[{"url":"https:\\/\\/a.nel.cloudflare.com\\/report\\/v4?s=kpnt9v1ZbwC6w%2FaMippf%2B0bqYnkmyw7j%2FEYmeq0nBb0BgsbRamzNtodkHpYz3AQKSlQZwkSDRJEKoZYUhlRaLrSYvE7wecDDZQdlfHqArvuVMoLN32KPD6EQLc87jrEM"}],"group":"cf-nel","max_age":604800}', 'NEL': '{"success_fraction":0,"report_to":"cf-nel","max_age":604800}', 'Server': 'cloudflare', 'CF-RAY': '8ab55af45a62c56a-IAD', 'alt-svc': 'h3=":443"; ma=86400'} 
 body={"results":[{"gender":"female","name":{"title":"Mrs","first":"Megan","last":"Wilson"},"location":{"street":{"number":1159,"name":"Marsh Ln"},"city":"Santa Clara","state":"Mississippi","country":"United States","postcode":60643,"coordinates":{"latitude":"87.1148","longitude":"40.6098"},"timezone":{"offset":"-3:30","description":"Newfoundland"}},"email":"megan.wilson@example.com","login":{"uuid":"afa517c7-95a8-4d26-ac0e-72f9c7bb0382","username":"whiteladybug263","password":"1226","salt":"wPF3lxjV","md5":"6813ebf11bf7e45d2d56ff1f7e16054d","sha1":"b7a31d537c94a01067319f89efde25ff30c8b0b5","sha256":"6855fc1637614da3fa209d2f2022a4d6d2f8d614bad98f032f56391eb0c5f404"},"dob":{"date":"1998-11-07T09:53:22.459Z","age":25},"registered":{"date":"2013-10-07T21:18:13.637Z","age":10},"phone":"(576) 225-1876","cell":"(970) 291-1545","id":{"name":"SSN","value":"477-62-2150"},"picture":{"large":"https://randomuser.me/api/portraits/women/74.jpg","medium":"https://randomuser.me/api/portraits/med/women/74.jpg","thumbnail":"https://randomuser.me/api/portraits/thumb/women/74.jpg"},"nat":"US"}],"info":{"seed":"f03cda4688970764","results":1,"page":1,"version":"1.4"}} 
 </msg>
<msg time="2024-07-30T12:29:37.425559" level="INFO">/opt/hostedtoolcache/Python/3.12.4/x64/lib/python3.12/site-packages/urllib3/connectionpool.py:1099: InsecureRequestWarning: Unverified HTTPS request is being made to host 'randomuser.me'. Adding certificate verification is strongly advised. See: https://urllib3.readthedocs.io/en/latest/advanced-usage.html#tls-warnings
  warnings.warn(</msg>
<msg time="2024-07-30T12:29:37.425710" level="INFO">${response} = &lt;Response [200]&gt;</msg>
<var>${response}</var>
<arg>consultarAPI</arg>
<arg>/api</arg>
<doc>Sends a GET request on a previously created HTTP Session.</doc>
<status status="PASS" start="2024-07-30T12:29:37.332258" elapsed="0.093492"/>
</kw>
<kw name="Set Variable" owner="BuiltIn">
<msg time="2024-07-30T12:29:37.427033" level="INFO">${json_data} = {'results': [{'gender': 'female', 'name': {'title': 'Mrs', 'first': 'Megan', 'last': 'Wilson'}, 'location': {'street': {'number': 1159, 'name': 'Marsh Ln'}, 'city': 'Santa Clara', 'state': 'Mississipp...</msg>
<var>${json_data}</var>
<arg>${response.json()}</arg>
<doc>Returns the given values which can then be assigned to a variables.</doc>
<status status="PASS" start="2024-07-30T12:29:37.426397" elapsed="0.000667"/>
</kw>
<kw name="Set Variable" owner="BuiltIn">
<msg time="2024-07-30T12:29:37.427768" level="INFO">${name_title} = Mrs</msg>
<var>${name_title}</var>
<arg>${json_data["results"][0]["name"]["title"]}</arg>
<doc>Returns the given values which can then be assigned to a variables.</doc>
<status status="PASS" start="2024-07-30T12:29:37.427384" elapsed="0.000410"/>
</kw>
<kw name="Create List" owner="BuiltIn">
<msg time="2024-07-30T12:29:37.428257" level="INFO">${allowed_titles} = ['Mr', 'Ms', 'Miss', 'Mrs', 'Madame', 'Monsieur']</msg>
<var>${allowed_titles}</var>
<arg>Mr</arg>
<arg>Ms</arg>
<arg>Miss</arg>
<arg>Mrs</arg>
<arg>Madame</arg>
<arg>Monsieur</arg>
<doc>Returns a list containing given items.</doc>
<status status="PASS" start="2024-07-30T12:29:37.428107" elapsed="0.000175"/>
</kw>
<kw name="List Should Contain Value" owner="Collections">
<arg>${allowed_titles}</arg>
<arg>${name_title}</arg>
<doc>Fails if the ``value`` is not found from ``list``.</doc>
<status status="PASS" start="2024-07-30T12:29:37.428585" elapsed="0.000184"/>
</kw>
<kw name="Set Variable" owner="BuiltIn">
<msg time="2024-07-30T12:29:37.429341" level="INFO">${name_country} = US</msg>
<var>${name_country}</var>
<arg>${json_data["results"][0]["nat"]}</arg>
<doc>Returns the given values which can then be assigned to a variables.</doc>
<status status="PASS" start="2024-07-30T12:29:37.428959" elapsed="0.000407"/>
</kw>
<kw name="Create List" owner="BuiltIn">
<msg time="2024-07-30T12:29:37.430249" level="INFO">${list_country} = ['AD', 'AE', 'AF', 'AG', 'AI', 'AL', 'AM', 'AO', 'AQ', 'AR', 'AS', 'AT', 'AU', 'AW', 'AX', 'AZ', 'BA', 'BB', 'BD', 'BE', 'BF', 'BG', 'BH', 'BI', 'BJ', 'BL', 'BM', 'BN', 'BO', 'BQ', 'BR', 'BS', 'BT', '...</msg>
<var>${list_country}</var>
<arg>AD</arg>
<arg>AE</arg>
<arg>AF</arg>
<arg>AG</arg>
<arg>AI</arg>
<arg>AL</arg>
<arg>AM</arg>
<arg>AO</arg>
<arg>AQ</arg>
<arg>AR</arg>
<arg>AS</arg>
<arg>AT</arg>
<arg>AU</arg>
<arg>AW</arg>
<arg>AX</arg>
<arg>AZ</arg>
<arg>BA</arg>
<arg>BB</arg>
<arg>BD</arg>
<arg>BE</arg>
<arg>BF</arg>
<arg>BG</arg>
<arg>BH</arg>
<arg>BI</arg>
<arg>BJ</arg>
<arg>BL</arg>
<arg>BM</arg>
<arg>BN</arg>
<arg>BO</arg>
<arg>BQ</arg>
<arg>BR</arg>
<arg>BS</arg>
<arg>BT</arg>
<arg>BV</arg>
<arg>BW</arg>
<arg>BY</arg>
<arg>BZ</arg>
<arg>CA</arg>
<arg>CC</arg>
<arg>CD</arg>
<arg>CF</arg>
<arg>CG</arg>
<arg>CH</arg>
<arg>CI</arg>
<arg>CK</arg>
<arg>CL</arg>
<arg>CM</arg>
<arg>CN</arg>
<arg>CO</arg>
<arg>CR</arg>
<arg>CU</arg>
<arg>CV</arg>
<arg>CW</arg>
<arg>CX</arg>
<arg>CY</arg>
<arg>CZ</arg>
<arg>DE</arg>
<arg>DJ</arg>
<arg>DK</arg>
<arg>DM</arg>
<arg>DO</arg>
<arg>DZ</arg>
<arg>EC</arg>
<arg>EE</arg>
<arg>EG</arg>
<arg>EH</arg>
<arg>ER</arg>
<arg>ES</arg>
<arg>ET</arg>
<arg>FI</arg>
<arg>FJ</arg>
<arg>FK</arg>
<arg>FM</arg>
<arg>FO</arg>
<arg>FR</arg>
<arg>GA</arg>
<arg>GB</arg>
<arg>GD</arg>
<arg>GE</arg>
<arg>GF</arg>
<arg>GG</arg>
<arg>GH</arg>
<arg>GI</arg>
<arg>GL</arg>
<arg>GM</arg>
<arg>GN</arg>
<arg>GP</arg>
<arg>GQ</arg>
<arg>GR</arg>
<arg>GS</arg>
<arg>GT</arg>
<arg>GU</arg>
<arg>GW</arg>
<arg>GY</arg>
<arg>HK</arg>
<arg>HM</arg>
<arg>HN</arg>
<arg>HR</arg>
<arg>HT</arg>
<arg>HU</arg>
<arg>ID</arg>
<arg>IE</arg>
<arg>IL</arg>
<arg>IM</arg>
<arg>IN</arg>
<arg>IO</arg>
<arg>IQ</arg>
<arg>IR</arg>
<arg>IS</arg>
<arg>IT</arg>
<arg>JE</arg>
<arg>JM</arg>
<arg>JO</arg>
<arg>JP</arg>
<arg>KE</arg>
<arg>KG</arg>
<arg>KH</arg>
<arg>KI</arg>
<arg>KM</arg>
<arg>KN</arg>
<arg>KP</arg>
<arg>KR</arg>
<arg>KW</arg>
<arg>KY</arg>
<arg>KZ</arg>
<arg>LA</arg>
<arg>LB</arg>
<arg>LC</arg>
<arg>LI</arg>
<arg>LK</arg>
<arg>LR</arg>
<arg>LS</arg>
<arg>LT</arg>
<arg>LU</arg>
<arg>LV</arg>
<arg>LY</arg>
<arg>MA</arg>
<arg>MC</arg>
<arg>MD</arg>
<arg>ME</arg>
<arg>MF</arg>
<arg>MG</arg>
<arg>MH</arg>
<arg>MK</arg>
<arg>ML</arg>
<arg>MM</arg>
<arg>MN</arg>
<arg>MO</arg>
<arg>MP</arg>
<arg>MQ</arg>
<arg>MR</arg>
<arg>MS</arg>
<arg>MT</arg>
<arg>MU</arg>
<arg>MV</arg>
<arg>MW</arg>
<arg>MX</arg>
<arg>MY</arg>
<arg>MZ</arg>
<arg>NA</arg>
<arg>NC</arg>
<arg>NE</arg>
<arg>NF</arg>
<arg>NG</arg>
<arg>NI</arg>
<arg>NL</arg>
<arg>NO</arg>
<arg>NP</arg>
<arg>NR</arg>
<arg>NU</arg>
<arg>NZ</arg>
<arg>OM</arg>
<arg>PA</arg>
<arg>PE</arg>
<arg>PF</arg>
<arg>PG</arg>
<arg>PH</arg>
<arg>PK</arg>
<arg>PL</arg>
<arg>PM</arg>
<arg>PN</arg>
<arg>PR</arg>
<arg>PS</arg>
<arg>PT</arg>
<arg>PW</arg>
<arg>PY</arg>
<arg>QA</arg>
<arg>RE</arg>
<arg>RO</arg>
<arg>RS</arg>
<arg>RU</arg>
<arg>RW</arg>
<arg>SA</arg>
<arg>SB</arg>
<arg>SC</arg>
<arg>SD</arg>
<arg>SE</arg>
<arg>SG</arg>
<arg>SH</arg>
<arg>SI</arg>
<arg>SJ</arg>
<arg>SK</arg>
<arg>SL</arg>
<arg>SM</arg>
<arg>SN</arg>
<arg>SO</arg>
<arg>SR</arg>
<arg>SS</arg>
<arg>ST</arg>
<arg>SV</arg>
<arg>SX</arg>
<arg>SY</arg>
<arg>SZ</arg>
<arg>TC</arg>
<arg>TD</arg>
<arg>TF</arg>
<arg>TG</arg>
<arg>TH</arg>
<arg>TJ</arg>
<arg>TK</arg>
<arg>TL</arg>
<arg>TM</arg>
<arg>TN</arg>
<arg>TO</arg>
<arg>TR</arg>
<arg>TT</arg>
<arg>TV</arg>
<arg>TW</arg>
<arg>TZ</arg>
<arg>UA</arg>
<arg>UG</arg>
<arg>UM</arg>
<arg>US</arg>
<arg>UY</arg>
<arg>UZ</arg>
<arg>VA</arg>
<arg>VC</arg>
<arg>VE</arg>
<arg>VG</arg>
<arg>VI</arg>
<arg>VN</arg>
<arg>VU</arg>
<arg>WF</arg>
<arg>WS</arg>
<arg>XK</arg>
<arg>YE</arg>
<arg>YT</arg>
<arg>ZA</arg>
<arg>ZM</arg>
<arg>ZW</arg>
<doc>Returns a list containing given items.</doc>
<status status="PASS" start="2024-07-30T12:29:37.429661" elapsed="0.000613"/>
</kw>
<kw name="List Should Contain Value" owner="Collections">
<arg>${list_country}</arg>
<arg>${name_country}</arg>
<doc>Fails if the ``value`` is not found from ``list``.</doc>
<status status="PASS" start="2024-07-30T12:29:37.431274" elapsed="0.000213"/>
</kw>
<kw name="Run Keyword If" owner="BuiltIn">
<kw name="Should Be True" owner="BuiltIn">
<arg>${True}</arg>
<doc>Fails if the given condition is not true.</doc>
<status status="PASS" start="2024-07-30T12:29:37.432437" elapsed="0.000143"/>
</kw>
<arg>${json_data["results"][0]["location"]["coordinates"]["latitude"]} &gt;= -90 and ${json_data["results"][0]["location"]["coordinates"]["latitude"]} &lt;= 90</arg>
<arg>Should Be True</arg>
<arg>${True}</arg>
<doc>Runs the given keyword with the given arguments, if ``condition`` is true.</doc>
<status status="PASS" start="2024-07-30T12:29:37.431688" elapsed="0.001016"/>
</kw>
<kw name="Run Keyword If" owner="BuiltIn">
<kw name="Should Be True" owner="BuiltIn">
<arg>${True}</arg>
<doc>Fails if the given condition is not true.</doc>
<status status="PASS" start="2024-07-30T12:29:37.433577" elapsed="0.000137"/>
</kw>
<arg>${json_data["results"][0]["location"]["coordinates"]["longitude"]} &gt;= -180 and ${json_data["results"][0]["location"]["coordinates"]["longitude"]} &lt;= 180</arg>
<arg>Should Be True</arg>
<arg>${True}</arg>
<doc>Runs the given keyword with the given arguments, if ``condition`` is true.</doc>
<status status="PASS" start="2024-07-30T12:29:37.432885" elapsed="0.000954"/>
</kw>
<status status="PASS" start="2024-07-30T12:29:37.332025" elapsed="0.101947"/>
</kw>
<doc>Testa o conteúdo específico dos campos retornados pela API.</doc>
<tag>testeConteudo</tag>
<status status="PASS" start="2024-07-30T12:29:37.331442" elapsed="0.102682"/>
</test>
<status status="PASS" start="2024-07-30T12:29:36.601933" elapsed="0.834262"/>
</suite>
<status status="PASS" start="2024-07-30T12:29:36.586554" elapsed="0.854852"/>
</suite>
<statistics>
<total>
<stat pass="5" fail="0" skip="0">All Tests</stat>
</total>
<tag>
<stat pass="1" fail="0" skip="0">testeConteudo</stat>
<stat pass="1" fail="0" skip="0">testeEstruturaResposta</stat>
<stat pass="1" fail="0" skip="0">testeRequisicaoBasica</stat>
<stat pass="1" fail="0" skip="0">testeTiposDados</stat>
</tag>
<suite>
<stat pass="5" fail="0" skip="0" id="s1" name="Tests">Tests</stat>
<stat pass="5" fail="0" skip="0" id="s1-s1" name="Random-User-Test">Tests.Random-User-Test</stat>
</suite>
</statistics>
<errors>
</errors>
</robot>
