<?xml version="1.0" encoding="UTF-8"?>
<robot generator="Robot 7.0 (Python 3.12.3 on linux)" generated="2024-06-10T02:33:03.270403" rpa="false" schemaversion="5">
<suite id="s1" name="Tests" source="/home/runner/work/ApiRandomUser/ApiRandomUser/RamdonUser/tests">
<suite id="s1-s1" name="Random-User-Test" source="/home/runner/work/ApiRandomUser/ApiRandomUser/RamdonUser/tests/random-user-test.robot">
<test id="s1-s1-t1" name="Conectar" line="13">
<kw name="Conectar API" owner="random-user-service">
<kw name="Create Session" owner="RequestsLibrary">
<msg time="2024-06-10T02:33:03.658084" level="INFO">Creating Session using : alias=consultarAPI, url=https://randomuser.me/, headers={},                     cookies={}, auth=None, timeout=None, proxies=None, verify=False,                     debug=0 </msg>
<arg>consultarAPI</arg>
<arg>${URL}</arg>
<doc>Create Session: create a HTTP session to a server</doc>
<status status="PASS" start="2024-06-10T02:33:03.657876" elapsed="0.000391"/>
</kw>
<status status="PASS" start="2024-06-10T02:33:03.656897" elapsed="0.001763"/>
</kw>
<status status="PASS" start="2024-06-10T02:33:03.656320" elapsed="0.002532"/>
</test>
<test id="s1-s1-t2" name="Validar retorno 200 e JSON Válido" line="16">
<kw name="Teste de Requisicao Basica" owner="random-user-service">
<kw name="GET On Session" owner="RequestsLibrary">
<msg time="2024-06-10T02:33:03.747965" level="INFO">GET Request : url=https://randomuser.me/api 
 path_url=/api 
 headers={'User-Agent': 'python-requests/2.32.3', 'Accept-Encoding': 'gzip, deflate', 'Accept': '*/*', 'Connection': 'keep-alive'} 
 body=None 
 </msg>
<msg time="2024-06-10T02:33:03.748082" level="INFO">GET Response : url=https://randomuser.me/api 
 status=200, reason=OK 
 headers={'Date': 'Mon, 10 Jun 2024 02:33:03 GMT', 'Content-Type': 'application/json; charset=utf-8', 'Transfer-Encoding': 'chunked', 'Connection': 'keep-alive', 'X-Powered-By': 'Express', 'Access-Control-Allow-Origin': '*', 'Cache-Control': 'no-cache', 'ETag': 'W/"481-CJ5e6/zlnw+BeNH2QqFAHwwCtUA"', 'Vary': 'Accept-Encoding', 'Content-Encoding': 'gzip', 'CF-Cache-Status': 'DYNAMIC', 'Report-To': '{"endpoints":[{"url":"https:\\/\\/a.nel.cloudflare.com\\/report\\/v4?s=6bhA9EDP7LhLhGjxO9pQwo6JrwPeh1m2kq6f1Y22wSqfXMCX%2B8Dra07mNg51rrycQK%2FmOhGs0gQ0P2%2FwbC9n7lzOPf2VFeVmk5jaG5gVhrpliDrGnp05O58hzo4R%2FIsV"}],"group":"cf-nel","max_age":604800}', 'NEL': '{"success_fraction":0,"report_to":"cf-nel","max_age":604800}', 'Server': 'cloudflare', 'CF-RAY': '8915f456193661ab-ORD', 'alt-svc': 'h3=":443"; ma=86400'} 
 body={"results":[{"gender":"female","name":{"title":"Ms","first":"Annabelle","last":"Claire"},"location":{"street":{"number":4161,"name":"Alfred St"},"city":"Charlottetown","state":"Québec","country":"Canada","postcode":"R2F 7N7","coordinates":{"latitude":"-67.2420","longitude":"176.9811"},"timezone":{"offset":"-10:00","description":"Hawaii"}},"email":"annabelle.claire@example.com","login":{"uuid":"23b1622d-16a2-43d5-b378-44351736eb1b","username":"orangeelephant339","password":"italia","salt":"yOll2wQn","md5":"eac18709549fe9cd79e7168c845105f5","sha1":"216b0b4a0370713ffba45f76493d8dffbfffe444","sha256":"74c8e9bf95c48c77814ff65ed7fd8829426bd26eeee70714644c1dcd921c00cb"},"dob":{"date":"1956-03-03T11:05:03.114Z","age":68},"registered":{"date":"2009-08-16T14:21:49.821Z","age":14},"phone":"L14 X70-6851","cell":"I73 O95-4717","id":{"name":"SIN","value":"751853284"},"picture":{"large":"https://randomuser.me/api/portraits/women/7.jpg","medium":"https://randomuser.me/api/portraits/med/women/7.jpg","thumbnail":"https://randomuser.me/api/portraits/thumb/women/7.jpg"},"nat":"CA"}],"info":{"seed":"a65b27dcfbf2565e","results":1,"page":1,"version":"1.4"}} 
 </msg>
<msg time="2024-06-10T02:33:03.748155" level="INFO">/opt/hostedtoolcache/Python/3.12.3/x64/lib/python3.12/site-packages/urllib3/connectionpool.py:1103: InsecureRequestWarning: Unverified HTTPS request is being made to host 'randomuser.me'. Adding certificate verification is strongly advised. See: https://urllib3.readthedocs.io/en/latest/advanced-usage.html#tls-warnings
  warnings.warn(</msg>
<msg time="2024-06-10T02:33:03.748293" level="INFO">${response} = &lt;Response [200]&gt;</msg>
<var>${response}</var>
<arg>consultarAPI</arg>
<arg>/api</arg>
<doc>Sends a GET request on a previously created HTTP Session.</doc>
<status status="PASS" start="2024-06-10T02:33:03.661457" elapsed="0.086881"/>
</kw>
<kw name="Should Be Equal As Numbers" owner="BuiltIn">
<msg time="2024-06-10T02:33:03.749193" level="INFO">Argument types are:
&lt;class 'int'&gt;
&lt;class 'str'&gt;</msg>
<arg>${response.status_code}</arg>
<arg>200</arg>
<doc>Fails if objects are unequal after converting them to real numbers.</doc>
<status status="PASS" start="2024-06-10T02:33:03.748766" elapsed="0.000491"/>
</kw>
<kw name="Log" owner="BuiltIn">
<msg time="2024-06-10T02:33:03.749957" level="INFO">200</msg>
<arg>${response.status_code}</arg>
<doc>Logs the given message with the given level.</doc>
<status status="PASS" start="2024-06-10T02:33:03.749607" elapsed="0.000398"/>
</kw>
<kw name="Set Variable" owner="BuiltIn">
<msg time="2024-06-10T02:33:03.750817" level="INFO">${json_data} = {'results': [{'gender': 'female', 'name': {'title': 'Ms', 'first': 'Annabelle', 'last': 'Claire'}, 'location': {'street': {'number': 4161, 'name': 'Alfred St'}, 'city': 'Charlottetown', 'state': 'Québ...</msg>
<var>${json_data}</var>
<arg>${response.json()}</arg>
<doc>Returns the given values which can then be assigned to a variables.</doc>
<status status="PASS" start="2024-06-10T02:33:03.750326" elapsed="0.000522"/>
</kw>
<kw name="Dictionary Should Contain Key" owner="Collections">
<msg time="2024-06-10T02:33:03.751338" level="INFO">False</msg>
<arg>${json_data}</arg>
<arg>results</arg>
<doc>Fails if ``key`` is not found from ``dictionary``.</doc>
<status status="PASS" start="2024-06-10T02:33:03.751164" elapsed="0.000215"/>
</kw>
<status status="PASS" start="2024-06-10T02:33:03.661219" elapsed="0.090417"/>
</kw>
<doc>Testa se a API responde corretamente e retorna um objeto JSON válido.</doc>
<tag>testeRequisicaoBasica</tag>
<status status="PASS" start="2024-06-10T02:33:03.660705" elapsed="0.091107"/>
</test>
<test id="s1-s1-t3" name="Validar estrutura de resposta" line="22">
<kw name="Teste de Estrutura de Resposta" owner="random-user-service">
<kw name="GET On Session" owner="RequestsLibrary">
<msg time="2024-06-10T02:33:03.840475" level="INFO">GET Request : url=https://randomuser.me/api 
 path_url=/api 
 headers={'User-Agent': 'python-requests/2.32.3', 'Accept-Encoding': 'gzip, deflate', 'Accept': '*/*', 'Connection': 'keep-alive'} 
 body=None 
 </msg>
<msg time="2024-06-10T02:33:03.840577" level="INFO">GET Response : url=https://randomuser.me/api 
 status=200, reason=OK 
 headers={'Date': 'Mon, 10 Jun 2024 02:33:03 GMT', 'Content-Type': 'application/json; charset=utf-8', 'Transfer-Encoding': 'chunked', 'Connection': 'keep-alive', 'X-Powered-By': 'Express', 'Access-Control-Allow-Origin': '*', 'Cache-Control': 'no-cache', 'ETag': 'W/"478-gOnU0h6zbPLE/6c4L3oshHsEDYk"', 'Vary': 'Accept-Encoding', 'Content-Encoding': 'gzip', 'CF-Cache-Status': 'DYNAMIC', 'Report-To': '{"endpoints":[{"url":"https:\\/\\/a.nel.cloudflare.com\\/report\\/v4?s=b5EWi%2BmuWad7Ho7IfwnJgVo8vAlQoILK%2BvOfHsBQ%2FvgRiprRfu%2BK%2F8tfqMAaYlPBfZn6p%2Fgr9XGSHNUyqfWSgykGuz0y2y0f%2BMkgUp9pP9Kg5AKMQ0k5aWHAJeOiV5My"}],"group":"cf-nel","max_age":604800}', 'NEL': '{"success_fraction":0,"report_to":"cf-nel","max_age":604800}', 'Server': 'cloudflare', 'CF-RAY': '8915f456799661ab-ORD', 'alt-svc': 'h3=":443"; ma=86400'} 
 body={"results":[{"gender":"female","name":{"title":"Ms","first":"Rachel","last":"White"},"location":{"street":{"number":7455,"name":"Grafton Street"},"city":"Portlaoise","state":"Clare","country":"Ireland","postcode":14014,"coordinates":{"latitude":"-1.8491","longitude":"0.7032"},"timezone":{"offset":"-2:00","description":"Mid-Atlantic"}},"email":"rachel.white@example.com","login":{"uuid":"cff6b3c1-0626-46d7-b441-d82372974ad5","username":"beautifulswan600","password":"daisy","salt":"xkzy1DDp","md5":"0e803a2a55038123e500fc3979b6f0ad","sha1":"56142da8c29ace5a38c4a727d53e31bb69aaa817","sha256":"a0b073d3c222978e0dccfd1d55d6fd5dc8b68c6329313c0de3b075487db5fab2"},"dob":{"date":"1954-10-16T07:40:03.948Z","age":69},"registered":{"date":"2006-09-22T18:35:02.867Z","age":17},"phone":"011-642-6836","cell":"081-224-7854","id":{"name":"PPS","value":"7827587T"},"picture":{"large":"https://randomuser.me/api/portraits/women/46.jpg","medium":"https://randomuser.me/api/portraits/med/women/46.jpg","thumbnail":"https://randomuser.me/api/portraits/thumb/women/46.jpg"},"nat":"IE"}],"info":{"seed":"d708a8edd0232cee","results":1,"page":1,"version":"1.4"}} 
 </msg>
<msg time="2024-06-10T02:33:03.840714" level="INFO">/opt/hostedtoolcache/Python/3.12.3/x64/lib/python3.12/site-packages/urllib3/connectionpool.py:1103: InsecureRequestWarning: Unverified HTTPS request is being made to host 'randomuser.me'. Adding certificate verification is strongly advised. See: https://urllib3.readthedocs.io/en/latest/advanced-usage.html#tls-warnings
  warnings.warn(</msg>
<msg time="2024-06-10T02:33:03.840877" level="INFO">${response} = &lt;Response [200]&gt;</msg>
<var>${response}</var>
<arg>consultarAPI</arg>
<arg>/api</arg>
<doc>Sends a GET request on a previously created HTTP Session.</doc>
<status status="PASS" start="2024-06-10T02:33:03.754484" elapsed="0.086438"/>
</kw>
<kw name="Set Variable" owner="BuiltIn">
<msg time="2024-06-10T02:33:03.841882" level="INFO">${json_data} = {'results': [{'gender': 'female', 'name': {'title': 'Ms', 'first': 'Rachel', 'last': 'White'}, 'location': {'street': {'number': 7455, 'name': 'Grafton Street'}, 'city': 'Portlaoise', 'state': 'Clare'...</msg>
<var>${json_data}</var>
<arg>${response.json()}</arg>
<doc>Returns the given values which can then be assigned to a variables.</doc>
<status status="PASS" start="2024-06-10T02:33:03.841386" elapsed="0.000528"/>
</kw>
<kw name="Log" owner="BuiltIn">
<msg time="2024-06-10T02:33:03.842382" level="INFO">{'results': [{'gender': 'female', 'name': {'title': 'Ms', 'first': 'Rachel', 'last': 'White'}, 'location': {'street': {'number': 7455, 'name': 'Grafton Street'}, 'city': 'Portlaoise', 'state': 'Clare', 'country': 'Ireland', 'postcode': 14014, 'coordinates': {'latitude': '-1.8491', 'longitude': '0.7032'}, 'timezone': {'offset': '-2:00', 'description': 'Mid-Atlantic'}}, 'email': 'rachel.white@example.com', 'login': {'uuid': 'cff6b3c1-0626-46d7-b441-d82372974ad5', 'username': 'beautifulswan600', 'password': 'daisy', 'salt': 'xkzy1DDp', 'md5': '0e803a2a55038123e500fc3979b6f0ad', 'sha1': '56142da8c29ace5a38c4a727d53e31bb69aaa817', 'sha256': 'a0b073d3c222978e0dccfd1d55d6fd5dc8b68c6329313c0de3b075487db5fab2'}, 'dob': {'date': '1954-10-16T07:40:03.948Z', 'age': 69}, 'registered': {'date': '2006-09-22T18:35:02.867Z', 'age': 17}, 'phone': '011-642-6836', 'cell': '081-224-7854', 'id': {'name': 'PPS', 'value': '7827587T'}, 'picture': {'large': 'https://randomuser.me/api/portraits/women/46.jpg', 'medium': 'https://randomuser.me/api/portraits/med/women/46.jpg', 'thumbnail': 'https://randomuser.me/api/portraits/thumb/women/46.jpg'}, 'nat': 'IE'}], 'info': {'seed': 'd708a8edd0232cee', 'results': 1, 'page': 1, 'version': '1.4'}}</msg>
<arg>${json_data}</arg>
<doc>Logs the given message with the given level.</doc>
<status status="PASS" start="2024-06-10T02:33:03.842224" elapsed="0.000255"/>
</kw>
<kw name="Dictionary Should Contain Key" owner="Collections">
<msg time="2024-06-10T02:33:03.842959" level="INFO">False</msg>
<arg>${json_data}</arg>
<arg>results</arg>
<doc>Fails if ``key`` is not found from ``dictionary``.</doc>
<status status="PASS" start="2024-06-10T02:33:03.842798" elapsed="0.000198"/>
</kw>
<kw name="Should Not Be Empty" owner="BuiltIn">
<msg time="2024-06-10T02:33:03.843427" level="INFO">Length is 2.</msg>
<arg>${json_data}</arg>
<doc>Verifies that the given item is not empty.</doc>
<status status="PASS" start="2024-06-10T02:33:03.843294" elapsed="0.000171"/>
</kw>
<kw name="Create List" owner="BuiltIn">
<msg time="2024-06-10T02:33:03.844051" level="INFO">${expected_keys} = ['gender', 'name', 'location', 'email', 'login']</msg>
<var>${expected_keys}</var>
<arg>gender</arg>
<arg>name</arg>
<arg>location</arg>
<arg>email</arg>
<arg>login</arg>
<doc>Returns a list containing given items.</doc>
<status status="PASS" start="2024-06-10T02:33:03.843758" elapsed="0.000318"/>
</kw>
<for flavor="IN">
<iter>
<kw name="Dictionary Should Contain Key" owner="Collections">
<msg time="2024-06-10T02:33:03.845074" level="INFO">False</msg>
<arg>${json_data['results'][0]}</arg>
<arg>${key}</arg>
<doc>Fails if ``key`` is not found from ``dictionary``.</doc>
<status status="PASS" start="2024-06-10T02:33:03.844674" elapsed="0.000438"/>
</kw>
<kw name="Log" owner="BuiltIn">
<msg time="2024-06-10T02:33:03.845775" level="INFO">{'gender': 'female', 'name': {'title': 'Ms', 'first': 'Rachel', 'last': 'White'}, 'location': {'street': {'number': 7455, 'name': 'Grafton Street'}, 'city': 'Portlaoise', 'state': 'Clare', 'country': 'Ireland', 'postcode': 14014, 'coordinates': {'latitude': '-1.8491', 'longitude': '0.7032'}, 'timezone': {'offset': '-2:00', 'description': 'Mid-Atlantic'}}, 'email': 'rachel.white@example.com', 'login': {'uuid': 'cff6b3c1-0626-46d7-b441-d82372974ad5', 'username': 'beautifulswan600', 'password': 'daisy', 'salt': 'xkzy1DDp', 'md5': '0e803a2a55038123e500fc3979b6f0ad', 'sha1': '56142da8c29ace5a38c4a727d53e31bb69aaa817', 'sha256': 'a0b073d3c222978e0dccfd1d55d6fd5dc8b68c6329313c0de3b075487db5fab2'}, 'dob': {'date': '1954-10-16T07:40:03.948Z', 'age': 69}, 'registered': {'date': '2006-09-22T18:35:02.867Z', 'age': 17}, 'phone': '011-642-6836', 'cell': '081-224-7854', 'id': {'name': 'PPS', 'value': '7827587T'}, 'picture': {'large': 'https://randomuser.me/api/portraits/women/46.jpg', 'medium': 'https://randomuser.me/api/portraits/med/women/46.jpg', 'thumbnail': 'https://randomuser.me/api/portraits/thumb/women/46.jpg'}, 'nat': 'IE'}</msg>
<arg>${json_data['results'][0]}</arg>
<doc>Logs the given message with the given level.</doc>
<status status="PASS" start="2024-06-10T02:33:03.845415" elapsed="0.000409"/>
</kw>
<kw name="Log" owner="BuiltIn">
<msg time="2024-06-10T02:33:03.846249" level="INFO">gender</msg>
<arg>${key}</arg>
<doc>Logs the given message with the given level.</doc>
<status status="PASS" start="2024-06-10T02:33:03.846121" elapsed="0.000171"/>
</kw>
<var name="${key}">gender</var>
<status status="PASS" start="2024-06-10T02:33:03.844547" elapsed="0.001984"/>
</iter>
<iter>
<kw name="Dictionary Should Contain Key" owner="Collections">
<msg time="2024-06-10T02:33:03.847229" level="INFO">False</msg>
<arg>${json_data['results'][0]}</arg>
<arg>${key}</arg>
<doc>Fails if ``key`` is not found from ``dictionary``.</doc>
<status status="PASS" start="2024-06-10T02:33:03.846843" elapsed="0.000422"/>
</kw>
<kw name="Log" owner="BuiltIn">
<msg time="2024-06-10T02:33:03.847971" level="INFO">{'gender': 'female', 'name': {'title': 'Ms', 'first': 'Rachel', 'last': 'White'}, 'location': {'street': {'number': 7455, 'name': 'Grafton Street'}, 'city': 'Portlaoise', 'state': 'Clare', 'country': 'Ireland', 'postcode': 14014, 'coordinates': {'latitude': '-1.8491', 'longitude': '0.7032'}, 'timezone': {'offset': '-2:00', 'description': 'Mid-Atlantic'}}, 'email': 'rachel.white@example.com', 'login': {'uuid': 'cff6b3c1-0626-46d7-b441-d82372974ad5', 'username': 'beautifulswan600', 'password': 'daisy', 'salt': 'xkzy1DDp', 'md5': '0e803a2a55038123e500fc3979b6f0ad', 'sha1': '56142da8c29ace5a38c4a727d53e31bb69aaa817', 'sha256': 'a0b073d3c222978e0dccfd1d55d6fd5dc8b68c6329313c0de3b075487db5fab2'}, 'dob': {'date': '1954-10-16T07:40:03.948Z', 'age': 69}, 'registered': {'date': '2006-09-22T18:35:02.867Z', 'age': 17}, 'phone': '011-642-6836', 'cell': '081-224-7854', 'id': {'name': 'PPS', 'value': '7827587T'}, 'picture': {'large': 'https://randomuser.me/api/portraits/women/46.jpg', 'medium': 'https://randomuser.me/api/portraits/med/women/46.jpg', 'thumbnail': 'https://randomuser.me/api/portraits/thumb/women/46.jpg'}, 'nat': 'IE'}</msg>
<arg>${json_data['results'][0]}</arg>
<doc>Logs the given message with the given level.</doc>
<status status="PASS" start="2024-06-10T02:33:03.847590" elapsed="0.000428"/>
</kw>
<kw name="Log" owner="BuiltIn">
<msg time="2024-06-10T02:33:03.848525" level="INFO">name</msg>
<arg>${key}</arg>
<doc>Logs the given message with the given level.</doc>
<status status="PASS" start="2024-06-10T02:33:03.848335" elapsed="0.000229"/>
</kw>
<var name="${key}">name</var>
<status status="PASS" start="2024-06-10T02:33:03.846721" elapsed="0.002065"/>
</iter>
<iter>
<kw name="Dictionary Should Contain Key" owner="Collections">
<msg time="2024-06-10T02:33:03.849460" level="INFO">False</msg>
<arg>${json_data['results'][0]}</arg>
<arg>${key}</arg>
<doc>Fails if ``key`` is not found from ``dictionary``.</doc>
<status status="PASS" start="2024-06-10T02:33:03.849082" elapsed="0.000416"/>
</kw>
<kw name="Log" owner="BuiltIn">
<msg time="2024-06-10T02:33:03.850151" level="INFO">{'gender': 'female', 'name': {'title': 'Ms', 'first': 'Rachel', 'last': 'White'}, 'location': {'street': {'number': 7455, 'name': 'Grafton Street'}, 'city': 'Portlaoise', 'state': 'Clare', 'country': 'Ireland', 'postcode': 14014, 'coordinates': {'latitude': '-1.8491', 'longitude': '0.7032'}, 'timezone': {'offset': '-2:00', 'description': 'Mid-Atlantic'}}, 'email': 'rachel.white@example.com', 'login': {'uuid': 'cff6b3c1-0626-46d7-b441-d82372974ad5', 'username': 'beautifulswan600', 'password': 'daisy', 'salt': 'xkzy1DDp', 'md5': '0e803a2a55038123e500fc3979b6f0ad', 'sha1': '56142da8c29ace5a38c4a727d53e31bb69aaa817', 'sha256': 'a0b073d3c222978e0dccfd1d55d6fd5dc8b68c6329313c0de3b075487db5fab2'}, 'dob': {'date': '1954-10-16T07:40:03.948Z', 'age': 69}, 'registered': {'date': '2006-09-22T18:35:02.867Z', 'age': 17}, 'phone': '011-642-6836', 'cell': '081-224-7854', 'id': {'name': 'PPS', 'value': '7827587T'}, 'picture': {'large': 'https://randomuser.me/api/portraits/women/46.jpg', 'medium': 'https://randomuser.me/api/portraits/med/women/46.jpg', 'thumbnail': 'https://randomuser.me/api/portraits/thumb/women/46.jpg'}, 'nat': 'IE'}</msg>
<arg>${json_data['results'][0]}</arg>
<doc>Logs the given message with the given level.</doc>
<status status="PASS" start="2024-06-10T02:33:03.849795" elapsed="0.000405"/>
</kw>
<kw name="Log" owner="BuiltIn">
<msg time="2024-06-10T02:33:03.850665" level="INFO">location</msg>
<arg>${key}</arg>
<doc>Logs the given message with the given level.</doc>
<status status="PASS" start="2024-06-10T02:33:03.850534" elapsed="0.000169"/>
</kw>
<var name="${key}">location</var>
<status status="PASS" start="2024-06-10T02:33:03.848968" elapsed="0.001954"/>
</iter>
<iter>
<kw name="Dictionary Should Contain Key" owner="Collections">
<msg time="2024-06-10T02:33:03.851599" level="INFO">False</msg>
<arg>${json_data['results'][0]}</arg>
<arg>${key}</arg>
<doc>Fails if ``key`` is not found from ``dictionary``.</doc>
<status status="PASS" start="2024-06-10T02:33:03.851214" elapsed="0.000422"/>
</kw>
<kw name="Log" owner="BuiltIn">
<msg time="2024-06-10T02:33:03.852295" level="INFO">{'gender': 'female', 'name': {'title': 'Ms', 'first': 'Rachel', 'last': 'White'}, 'location': {'street': {'number': 7455, 'name': 'Grafton Street'}, 'city': 'Portlaoise', 'state': 'Clare', 'country': 'Ireland', 'postcode': 14014, 'coordinates': {'latitude': '-1.8491', 'longitude': '0.7032'}, 'timezone': {'offset': '-2:00', 'description': 'Mid-Atlantic'}}, 'email': 'rachel.white@example.com', 'login': {'uuid': 'cff6b3c1-0626-46d7-b441-d82372974ad5', 'username': 'beautifulswan600', 'password': 'daisy', 'salt': 'xkzy1DDp', 'md5': '0e803a2a55038123e500fc3979b6f0ad', 'sha1': '56142da8c29ace5a38c4a727d53e31bb69aaa817', 'sha256': 'a0b073d3c222978e0dccfd1d55d6fd5dc8b68c6329313c0de3b075487db5fab2'}, 'dob': {'date': '1954-10-16T07:40:03.948Z', 'age': 69}, 'registered': {'date': '2006-09-22T18:35:02.867Z', 'age': 17}, 'phone': '011-642-6836', 'cell': '081-224-7854', 'id': {'name': 'PPS', 'value': '7827587T'}, 'picture': {'large': 'https://randomuser.me/api/portraits/women/46.jpg', 'medium': 'https://randomuser.me/api/portraits/med/women/46.jpg', 'thumbnail': 'https://randomuser.me/api/portraits/thumb/women/46.jpg'}, 'nat': 'IE'}</msg>
<arg>${json_data['results'][0]}</arg>
<doc>Logs the given message with the given level.</doc>
<status status="PASS" start="2024-06-10T02:33:03.851933" elapsed="0.000410"/>
</kw>
<kw name="Log" owner="BuiltIn">
<msg time="2024-06-10T02:33:03.852767" level="INFO">email</msg>
<arg>${key}</arg>
<doc>Logs the given message with the given level.</doc>
<status status="PASS" start="2024-06-10T02:33:03.852640" elapsed="0.000165"/>
</kw>
<var name="${key}">email</var>
<status status="PASS" start="2024-06-10T02:33:03.851095" elapsed="0.001926"/>
</iter>
<iter>
<kw name="Dictionary Should Contain Key" owner="Collections">
<msg time="2024-06-10T02:33:03.853695" level="INFO">False</msg>
<arg>${json_data['results'][0]}</arg>
<arg>${key}</arg>
<doc>Fails if ``key`` is not found from ``dictionary``.</doc>
<status status="PASS" start="2024-06-10T02:33:03.853308" elapsed="0.000424"/>
</kw>
<kw name="Log" owner="BuiltIn">
<msg time="2024-06-10T02:33:03.854385" level="INFO">{'gender': 'female', 'name': {'title': 'Ms', 'first': 'Rachel', 'last': 'White'}, 'location': {'street': {'number': 7455, 'name': 'Grafton Street'}, 'city': 'Portlaoise', 'state': 'Clare', 'country': 'Ireland', 'postcode': 14014, 'coordinates': {'latitude': '-1.8491', 'longitude': '0.7032'}, 'timezone': {'offset': '-2:00', 'description': 'Mid-Atlantic'}}, 'email': 'rachel.white@example.com', 'login': {'uuid': 'cff6b3c1-0626-46d7-b441-d82372974ad5', 'username': 'beautifulswan600', 'password': 'daisy', 'salt': 'xkzy1DDp', 'md5': '0e803a2a55038123e500fc3979b6f0ad', 'sha1': '56142da8c29ace5a38c4a727d53e31bb69aaa817', 'sha256': 'a0b073d3c222978e0dccfd1d55d6fd5dc8b68c6329313c0de3b075487db5fab2'}, 'dob': {'date': '1954-10-16T07:40:03.948Z', 'age': 69}, 'registered': {'date': '2006-09-22T18:35:02.867Z', 'age': 17}, 'phone': '011-642-6836', 'cell': '081-224-7854', 'id': {'name': 'PPS', 'value': '7827587T'}, 'picture': {'large': 'https://randomuser.me/api/portraits/women/46.jpg', 'medium': 'https://randomuser.me/api/portraits/med/women/46.jpg', 'thumbnail': 'https://randomuser.me/api/portraits/thumb/women/46.jpg'}, 'nat': 'IE'}</msg>
<arg>${json_data['results'][0]}</arg>
<doc>Logs the given message with the given level.</doc>
<status status="PASS" start="2024-06-10T02:33:03.854028" elapsed="0.000426"/>
</kw>
<kw name="Log" owner="BuiltIn">
<msg time="2024-06-10T02:33:03.854881" level="INFO">login</msg>
<arg>${key}</arg>
<doc>Logs the given message with the given level.</doc>
<status status="PASS" start="2024-06-10T02:33:03.854752" elapsed="0.000166"/>
</kw>
<var name="${key}">login</var>
<status status="PASS" start="2024-06-10T02:33:03.853196" elapsed="0.001940"/>
</iter>
<var>${key}</var>
<value>@{expected_keys}</value>
<status status="PASS" start="2024-06-10T02:33:03.844345" elapsed="0.010937"/>
</for>
<kw name="Create List" owner="BuiltIn">
<msg time="2024-06-10T02:33:03.855627" level="INFO">${expected_keysTwo} = ['username', 'password']</msg>
<var>${expected_keysTwo}</var>
<arg>username</arg>
<arg>password</arg>
<doc>Returns a list containing given items.</doc>
<status status="PASS" start="2024-06-10T02:33:03.855482" elapsed="0.000169"/>
</kw>
<for flavor="IN">
<iter>
<kw name="Dictionary Should Contain Key" owner="Collections">
<msg time="2024-06-10T02:33:03.856525" level="INFO">False</msg>
<arg>${json_data['results'][0]['login']}</arg>
<arg>${keyTwo}</arg>
<doc>Fails if ``key`` is not found from ``dictionary``.</doc>
<status status="PASS" start="2024-06-10T02:33:03.856146" elapsed="0.000416"/>
</kw>
<kw name="Dictionary Should Contain Key" owner="Collections">
<msg time="2024-06-10T02:33:03.857248" level="INFO">False</msg>
<arg>${json_data['results'][0]['login']}</arg>
<arg>${keyTwo}</arg>
<doc>Fails if ``key`` is not found from ``dictionary``.</doc>
<status status="PASS" start="2024-06-10T02:33:03.856863" elapsed="0.000421"/>
</kw>
<kw name="Log" owner="BuiltIn">
<msg time="2024-06-10T02:33:03.857698" level="INFO">username</msg>
<arg>${keyTwo}</arg>
<doc>Logs the given message with the given level.</doc>
<status status="PASS" start="2024-06-10T02:33:03.857573" elapsed="0.000161"/>
</kw>
<var name="${keyTwo}">username</var>
<status status="PASS" start="2024-06-10T02:33:03.856037" elapsed="0.001909"/>
</iter>
<iter>
<kw name="Dictionary Should Contain Key" owner="Collections">
<msg time="2024-06-10T02:33:03.858649" level="INFO">False</msg>
<arg>${json_data['results'][0]['login']}</arg>
<arg>${keyTwo}</arg>
<doc>Fails if ``key`` is not found from ``dictionary``.</doc>
<status status="PASS" start="2024-06-10T02:33:03.858231" elapsed="0.000455"/>
</kw>
<kw name="Dictionary Should Contain Key" owner="Collections">
<msg time="2024-06-10T02:33:03.859444" level="INFO">False</msg>
<arg>${json_data['results'][0]['login']}</arg>
<arg>${keyTwo}</arg>
<doc>Fails if ``key`` is not found from ``dictionary``.</doc>
<status status="PASS" start="2024-06-10T02:33:03.858988" elapsed="0.000495"/>
</kw>
<kw name="Log" owner="BuiltIn">
<msg time="2024-06-10T02:33:03.859909" level="INFO">password</msg>
<arg>${keyTwo}</arg>
<doc>Logs the given message with the given level.</doc>
<status status="PASS" start="2024-06-10T02:33:03.859783" elapsed="0.000162"/>
</kw>
<var name="${keyTwo}">password</var>
<status status="PASS" start="2024-06-10T02:33:03.858117" elapsed="0.002043"/>
</iter>
<var>${keyTwo}</var>
<value>@{expected_keysTwo}</value>
<status status="PASS" start="2024-06-10T02:33:03.855887" elapsed="0.004393"/>
</for>
<status status="PASS" start="2024-06-10T02:33:03.754230" elapsed="0.106187"/>
</kw>
<doc>Testa a estrutura da resposta da API.</doc>
<tag>testeEstruturaResposta</tag>
<status status="PASS" start="2024-06-10T02:33:03.753741" elapsed="0.106832"/>
</test>
<test id="s1-s1-t4" name="Validar tipos de dados" line="28">
<kw name="Teste de Tipos de Dados" owner="random-user-service">
<kw name="GET On Session" owner="RequestsLibrary">
<msg time="2024-06-10T02:33:03.941784" level="INFO">GET Request : url=https://randomuser.me/api 
 path_url=/api 
 headers={'User-Agent': 'python-requests/2.32.3', 'Accept-Encoding': 'gzip, deflate', 'Accept': '*/*', 'Connection': 'keep-alive'} 
 body=None 
 </msg>
<msg time="2024-06-10T02:33:03.941868" level="INFO">GET Response : url=https://randomuser.me/api 
 status=200, reason=OK 
 headers={'Date': 'Mon, 10 Jun 2024 02:33:03 GMT', 'Content-Type': 'application/json; charset=utf-8', 'Transfer-Encoding': 'chunked', 'Connection': 'keep-alive', 'X-Powered-By': 'Express', 'Access-Control-Allow-Origin': '*', 'Cache-Control': 'no-cache', 'ETag': 'W/"47d-e60g5kpUnfKVG71fcU+7Y93dSZg"', 'Vary': 'Accept-Encoding', 'Content-Encoding': 'gzip', 'CF-Cache-Status': 'DYNAMIC', 'Report-To': '{"endpoints":[{"url":"https:\\/\\/a.nel.cloudflare.com\\/report\\/v4?s=IK9lMbpj%2B5IvDp00%2FyQSStmNd30hqckX%2FMO1u9tdmZFpvqrlaIsM%2B%2Ft6dtLWHUztA8fhXoneSp6WiHEWx6sc%2FuVR7RPuCCP89fADOngW3cGpd4cpm8ZpYTQTacT8pOK7"}],"group":"cf-nel","max_age":604800}', 'NEL': '{"success_fraction":0,"report_to":"cf-nel","max_age":604800}', 'Server': 'cloudflare', 'CF-RAY': '8915f4572a6e61ab-ORD', 'alt-svc': 'h3=":443"; ma=86400'} 
 body={"results":[{"gender":"male","name":{"title":"Mr","first":"Ümit","last":"Çağıran"},"location":{"street":{"number":4157,"name":"Istiklal Cd"},"city":"Bursa","state":"Kastamonu","country":"Turkey","postcode":39194,"coordinates":{"latitude":"72.0183","longitude":"-136.6168"},"timezone":{"offset":"-7:00","description":"Mountain Time (US &amp; Canada)"}},"email":"umit.cagiran@example.com","login":{"uuid":"ee267375-2b34-4d51-a03b-a99d51ab00b2","username":"brownostrich715","password":"21212121","salt":"jSnt1xfM","md5":"73744d40208d9fa810bd24fb88655ccf","sha1":"5e0f6c2a7482d5934dc7cba6ef98255791bc1999","sha256":"973e9aed5484181971be03437d88884bb8550f30d99e742c6a0bbebbd8fa710d"},"dob":{"date":"1977-09-20T10:40:55.743Z","age":46},"registered":{"date":"2014-10-11T04:19:36.287Z","age":9},"phone":"(316)-700-7130","cell":"(491)-498-1840","id":{"name":"","value":null},"picture":{"large":"https://randomuser.me/api/portraits/men/85.jpg","medium":"https://randomuser.me/api/portraits/med/men/85.jpg","thumbnail":"https://randomuser.me/api/portraits/thumb/men/85.jpg"},"nat":"TR"}],"info":{"seed":"95197483e31cfe28","results":1,"page":1,"version":"1.4"}} 
 </msg>
<msg time="2024-06-10T02:33:03.941971" level="INFO">/opt/hostedtoolcache/Python/3.12.3/x64/lib/python3.12/site-packages/urllib3/connectionpool.py:1103: InsecureRequestWarning: Unverified HTTPS request is being made to host 'randomuser.me'. Adding certificate verification is strongly advised. See: https://urllib3.readthedocs.io/en/latest/advanced-usage.html#tls-warnings
  warnings.warn(</msg>
<msg time="2024-06-10T02:33:03.942095" level="INFO">${response} = &lt;Response [200]&gt;</msg>
<var>${response}</var>
<arg>consultarAPI</arg>
<arg>/api</arg>
<doc>Sends a GET request on a previously created HTTP Session.</doc>
<status status="PASS" start="2024-06-10T02:33:03.863139" elapsed="0.078996"/>
</kw>
<kw name="Set Variable" owner="BuiltIn">
<msg time="2024-06-10T02:33:03.943004" level="INFO">${json_data} = {'results': [{'gender': 'male', 'name': {'title': 'Mr', 'first': 'Ümit', 'last': 'Çağıran'}, 'location': {'street': {'number': 4157, 'name': 'Istiklal Cd'}, 'city': 'Bursa', 'state': 'Kastamonu', 'cou...</msg>
<var>${json_data}</var>
<arg>${response.json()}</arg>
<doc>Returns the given values which can then be assigned to a variables.</doc>
<status status="PASS" start="2024-06-10T02:33:03.942541" elapsed="0.000495"/>
</kw>
<kw name="Log" owner="BuiltIn">
<msg time="2024-06-10T02:33:03.943498" level="INFO">{'results': [{'gender': 'male', 'name': {'title': 'Mr', 'first': 'Ümit', 'last': 'Çağıran'}, 'location': {'street': {'number': 4157, 'name': 'Istiklal Cd'}, 'city': 'Bursa', 'state': 'Kastamonu', 'country': 'Turkey', 'postcode': 39194, 'coordinates': {'latitude': '72.0183', 'longitude': '-136.6168'}, 'timezone': {'offset': '-7:00', 'description': 'Mountain Time (US &amp; Canada)'}}, 'email': 'umit.cagiran@example.com', 'login': {'uuid': 'ee267375-2b34-4d51-a03b-a99d51ab00b2', 'username': 'brownostrich715', 'password': '21212121', 'salt': 'jSnt1xfM', 'md5': '73744d40208d9fa810bd24fb88655ccf', 'sha1': '5e0f6c2a7482d5934dc7cba6ef98255791bc1999', 'sha256': '973e9aed5484181971be03437d88884bb8550f30d99e742c6a0bbebbd8fa710d'}, 'dob': {'date': '1977-09-20T10:40:55.743Z', 'age': 46}, 'registered': {'date': '2014-10-11T04:19:36.287Z', 'age': 9}, 'phone': '(316)-700-7130', 'cell': '(491)-498-1840', 'id': {'name': '', 'value': None}, 'picture': {'large': 'https://randomuser.me/api/portraits/men/85.jpg', 'medium': 'https://randomuser.me/api/portraits/med/men/85.jpg', 'thumbnail': 'https://randomuser.me/api/portraits/thumb/men/85.jpg'}, 'nat': 'TR'}], 'info': {'seed': '95197483e31cfe28', 'results': 1, 'page': 1, 'version': '1.4'}}</msg>
<arg>${json_data}</arg>
<doc>Logs the given message with the given level.</doc>
<status status="PASS" start="2024-06-10T02:33:03.943341" elapsed="0.000218"/>
</kw>
<kw name="Should Be String" owner="String">
<arg>${json_data['results'][0]['gender']}</arg>
<doc>Fails if the given ``item`` is not a string.</doc>
<status status="PASS" start="2024-06-10T02:33:03.943883" elapsed="0.000365"/>
</kw>
<kw name="Should Match Regexp" owner="BuiltIn">
<arg>${json_data['results'][0]['email']}</arg>
<arg>^[a-zA-Z0-9._%+-]+@[a-zA-Z0-9.-]+\.[a-zA-Z]{2,}$</arg>
<doc>Fails if ``string`` does not match ``pattern`` as a regular expression.</doc>
<status status="PASS" start="2024-06-10T02:33:03.944441" elapsed="0.000521"/>
</kw>
<kw name="Should Match Regexp" owner="BuiltIn">
<arg>${json_data['results'][0]['dob']['date']}</arg>
<arg>\\d{4}-\\d{2}-\\d{2}T\\d{2}:\\d{2}:\\d{2}\\.\\d{3}Z</arg>
<doc>Fails if ``string`` does not match ``pattern`` as a regular expression.</doc>
<status status="PASS" start="2024-06-10T02:33:03.945163" elapsed="0.000485"/>
</kw>
<kw name="Should Match Regexp" owner="BuiltIn">
<arg>${json_data['results'][0]['registered']['date']}</arg>
<arg>\\d{4}-\\d{2}-\\d{2}T\\d{2}:\\d{2}:\\d{2}\\.\\d{3}Z</arg>
<doc>Fails if ``string`` does not match ``pattern`` as a regular expression.</doc>
<status status="PASS" start="2024-06-10T02:33:03.945841" elapsed="0.000367"/>
</kw>
<kw name="Should Match Regexp" owner="BuiltIn">
<arg>${json_data['results'][0]['picture']['large']}</arg>
<arg>^https?://.*\.(?:png|jpe?g|gif|bmp)$</arg>
<doc>Fails if ``string`` does not match ``pattern`` as a regular expression.</doc>
<status status="PASS" start="2024-06-10T02:33:03.946403" elapsed="0.000501"/>
</kw>
<kw name="Should Match Regexp" owner="BuiltIn">
<arg>${json_data['results'][0]['picture']['medium']}</arg>
<arg>^https?://.*\.(?:png|jpe?g|gif|bmp)$</arg>
<doc>Fails if ``string`` does not match ``pattern`` as a regular expression.</doc>
<status status="PASS" start="2024-06-10T02:33:03.947096" elapsed="0.000351"/>
</kw>
<kw name="Should Match Regexp" owner="BuiltIn">
<arg>${json_data['results'][0]['picture']['thumbnail']}</arg>
<arg>^https?://.*\.(?:png|jpe?g|gif|bmp)$</arg>
<doc>Fails if ``string`` does not match ``pattern`` as a regular expression.</doc>
<status status="PASS" start="2024-06-10T02:33:03.947635" elapsed="0.000345"/>
</kw>
<kw name="Log" owner="BuiltIn">
<msg time="2024-06-10T02:33:03.948500" level="INFO">{'large': 'https://randomuser.me/api/portraits/men/85.jpg', 'medium': 'https://randomuser.me/api/portraits/med/men/85.jpg', 'thumbnail': 'https://randomuser.me/api/portraits/thumb/men/85.jpg'}</msg>
<arg>${json_data['results'][0]['picture']}</arg>
<doc>Logs the given message with the given level.</doc>
<status status="PASS" start="2024-06-10T02:33:03.948175" elapsed="0.000367"/>
</kw>
<status status="PASS" start="2024-06-10T02:33:03.862908" elapsed="0.085888"/>
</kw>
<kw name="Teste de Tipos de Dados - Postcode" owner="random-user-service">
<kw name="GET On Session" owner="RequestsLibrary">
<msg time="2024-06-10T02:33:04.040150" level="INFO">GET Request : url=https://randomuser.me/api 
 path_url=/api 
 headers={'User-Agent': 'python-requests/2.32.3', 'Accept-Encoding': 'gzip, deflate', 'Accept': '*/*', 'Connection': 'keep-alive'} 
 body=None 
 </msg>
<msg time="2024-06-10T02:33:04.040223" level="INFO">GET Response : url=https://randomuser.me/api 
 status=200, reason=OK 
 headers={'Date': 'Mon, 10 Jun 2024 02:33:04 GMT', 'Content-Type': 'application/json; charset=utf-8', 'Transfer-Encoding': 'chunked', 'Connection': 'keep-alive', 'X-Powered-By': 'Express', 'Access-Control-Allow-Origin': '*', 'Cache-Control': 'no-cache', 'ETag': 'W/"489-6wa1RKOggjafEcCkLRkdXGO3tzg"', 'Vary': 'Accept-Encoding', 'Content-Encoding': 'gzip', 'CF-Cache-Status': 'DYNAMIC', 'Report-To': '{"endpoints":[{"url":"https:\\/\\/a.nel.cloudflare.com\\/report\\/v4?s=I7IWumnTF98qfBQTQAZJEMCmE2haZB0%2Bc80KDbYgIXlmvB3QtgwpKdWbwhXPxsOaABGQMdB1kl%2FiQuOkvGD%2BcPqBIFH%2B5V1t6Jg6J7ow52qpGi2aZVGsUIq1e3z5tytG"}],"group":"cf-nel","max_age":604800}', 'NEL': '{"success_fraction":0,"report_to":"cf-nel","max_age":604800}', 'Server': 'cloudflare', 'CF-RAY': '8915f457ab0e61ab-ORD', 'alt-svc': 'h3=":443"; ma=86400'} 
 body={"results":[{"gender":"male","name":{"title":"Mr","first":"Victor","last":"Andre"},"location":{"street":{"number":3128,"name":"Rue Laure-Diebold"},"city":"Grenoble","state":"Côtes-D'Armor","country":"France","postcode":78289,"coordinates":{"latitude":"-15.1504","longitude":"-72.9389"},"timezone":{"offset":"-2:00","description":"Mid-Atlantic"}},"email":"victor.andre@example.com","login":{"uuid":"f065e53c-8c93-4cc5-96ce-7681d953450f","username":"smalltiger515","password":"general","salt":"HXLpVXwe","md5":"e5973b3aa7a636a9201e128cdb432902","sha1":"eacdd3a45fda9e1934238188e35c306118d1837d","sha256":"2730e3cb044a40c5b38f72bb169057e5ffa93946e7b1f2ea9758dd6aa5f7da0a"},"dob":{"date":"1967-04-14T05:04:46.609Z","age":57},"registered":{"date":"2012-07-21T10:48:38.386Z","age":11},"phone":"05-53-23-30-97","cell":"06-73-53-51-14","id":{"name":"INSEE","value":"1670345303608 61"},"picture":{"large":"https://randomuser.me/api/portraits/men/11.jpg","medium":"https://randomuser.me/api/portraits/med/men/11.jpg","thumbnail":"https://randomuser.me/api/portraits/thumb/men/11.jpg"},"nat":"FR"}],"info":{"seed":"086396430060845e","results":1,"page":1,"version":"1.4"}} 
 </msg>
<msg time="2024-06-10T02:33:04.040284" level="INFO">/opt/hostedtoolcache/Python/3.12.3/x64/lib/python3.12/site-packages/urllib3/connectionpool.py:1103: InsecureRequestWarning: Unverified HTTPS request is being made to host 'randomuser.me'. Adding certificate verification is strongly advised. See: https://urllib3.readthedocs.io/en/latest/advanced-usage.html#tls-warnings
  warnings.warn(</msg>
<msg time="2024-06-10T02:33:04.040398" level="INFO">${response} = &lt;Response [200]&gt;</msg>
<var>${response}</var>
<arg>consultarAPI</arg>
<arg>/api</arg>
<doc>Sends a GET request on a previously created HTTP Session.</doc>
<status status="PASS" start="2024-06-10T02:33:03.949230" elapsed="0.091210"/>
</kw>
<kw name="Set Variable" owner="BuiltIn">
<msg time="2024-06-10T02:33:04.041311" level="INFO">${json_data} = {'results': [{'gender': 'male', 'name': {'title': 'Mr', 'first': 'Victor', 'last': 'Andre'}, 'location': {'street': {'number': 3128, 'name': 'Rue Laure-Diebold'}, 'city': 'Grenoble', 'state': "Côtes-D...</msg>
<var>${json_data}</var>
<arg>${response.json()}</arg>
<doc>Returns the given values which can then be assigned to a variables.</doc>
<status status="PASS" start="2024-06-10T02:33:04.040835" elapsed="0.000507"/>
</kw>
<kw name="Log" owner="BuiltIn">
<msg time="2024-06-10T02:33:04.041801" level="INFO">{'results': [{'gender': 'male', 'name': {'title': 'Mr', 'first': 'Victor', 'last': 'Andre'}, 'location': {'street': {'number': 3128, 'name': 'Rue Laure-Diebold'}, 'city': 'Grenoble', 'state': "Côtes-D'Armor", 'country': 'France', 'postcode': 78289, 'coordinates': {'latitude': '-15.1504', 'longitude': '-72.9389'}, 'timezone': {'offset': '-2:00', 'description': 'Mid-Atlantic'}}, 'email': 'victor.andre@example.com', 'login': {'uuid': 'f065e53c-8c93-4cc5-96ce-7681d953450f', 'username': 'smalltiger515', 'password': 'general', 'salt': 'HXLpVXwe', 'md5': 'e5973b3aa7a636a9201e128cdb432902', 'sha1': 'eacdd3a45fda9e1934238188e35c306118d1837d', 'sha256': '2730e3cb044a40c5b38f72bb169057e5ffa93946e7b1f2ea9758dd6aa5f7da0a'}, 'dob': {'date': '1967-04-14T05:04:46.609Z', 'age': 57}, 'registered': {'date': '2012-07-21T10:48:38.386Z', 'age': 11}, 'phone': '05-53-23-30-97', 'cell': '06-73-53-51-14', 'id': {'name': 'INSEE', 'value': '1670345303608 61'}, 'picture': {'large': 'https://randomuser.me/api/portraits/men/11.jpg', 'medium': 'https://randomuser.me/api/portraits/med/men/11.jpg', 'thumbnail': 'https://randomuser.me/api/portraits/thumb/men/11.jpg'}, 'nat': 'FR'}], 'info': {'seed': '086396430060845e', 'results': 1, 'page': 1, 'version': '1.4'}}</msg>
<arg>${json_data}</arg>
<doc>Logs the given message with the given level.</doc>
<status status="PASS" start="2024-06-10T02:33:04.041647" elapsed="0.000202"/>
</kw>
<kw name="Should Be Equal As Numbers" owner="BuiltIn">
<arg>${json_data['results'][0]['location']['postcode']}</arg>
<arg>${json_data['results'][0]['location']['postcode']}</arg>
<doc>Fails if objects are unequal after converting them to real numbers.</doc>
<status status="PASS" start="2024-06-10T02:33:04.042148" elapsed="0.000828"/>
</kw>
<kw name="Log" owner="BuiltIn">
<msg time="2024-06-10T02:33:04.043551" level="INFO">78289</msg>
<arg>${json_data['results'][0]['location']['postcode']}</arg>
<doc>Logs the given message with the given level.</doc>
<status status="PASS" start="2024-06-10T02:33:04.043210" elapsed="0.000381"/>
</kw>
<status status="PASS" start="2024-06-10T02:33:03.949010" elapsed="0.094839"/>
</kw>
<doc>Testa se os tipos de dados na resposta da API estão corretos.</doc>
<tag>testeTiposDados</tag>
<status status="PASS" start="2024-06-10T02:33:03.862329" elapsed="0.181685"/>
</test>
<test id="s1-s1-t5" name="Validar conteudo" line="35">
<kw name="Teste de Tipos de Conteudo" owner="random-user-service">
<kw name="GET On Session" owner="RequestsLibrary">
<msg time="2024-06-10T02:33:04.140449" level="INFO">GET Request : url=https://randomuser.me/api 
 path_url=/api 
 headers={'User-Agent': 'python-requests/2.32.3', 'Accept-Encoding': 'gzip, deflate', 'Accept': '*/*', 'Connection': 'keep-alive'} 
 body=None 
 </msg>
<msg time="2024-06-10T02:33:04.140517" level="INFO">GET Response : url=https://randomuser.me/api 
 status=200, reason=OK 
 headers={'Date': 'Mon, 10 Jun 2024 02:33:04 GMT', 'Content-Type': 'application/json; charset=utf-8', 'Transfer-Encoding': 'chunked', 'Connection': 'keep-alive', 'X-Powered-By': 'Express', 'Access-Control-Allow-Origin': '*', 'Cache-Control': 'no-cache', 'ETag': 'W/"4b4-CVTl+4u6QPsmOpE1F2vLU8nF+Ro"', 'Vary': 'Accept-Encoding', 'Content-Encoding': 'gzip', 'CF-Cache-Status': 'DYNAMIC', 'Report-To': '{"endpoints":[{"url":"https:\\/\\/a.nel.cloudflare.com\\/report\\/v4?s=JtNHSVeom6Xisx%2BtKt6qW8Yic0GV41TL6H7bDoV10hMeNGr0MAWAR28Iba8I0DG6F7gg0%2BDLREGPztqZJfckai0KbalSDPUtXJ0hFDvcNA4oq0cVIbAmaB5xYaPf9eWZ"}],"group":"cf-nel","max_age":604800}', 'NEL': '{"success_fraction":0,"report_to":"cf-nel","max_age":604800}', 'Server': 'cloudflare', 'CF-RAY': '8915f4584bba61ab-ORD', 'alt-svc': 'h3=":443"; ma=86400'} 
 body={"results":[{"gender":"male","name":{"title":"Mr","first":"Roberto","last":"Román"},"location":{"street":{"number":9297,"name":"Avenida del Planetario"},"city":"Santa Cruz de Tenerife","state":"Comunidad Valenciana","country":"Spain","postcode":78695,"coordinates":{"latitude":"-37.6223","longitude":"-60.9198"},"timezone":{"offset":"+5:00","description":"Ekaterinburg, Islamabad, Karachi, Tashkent"}},"email":"roberto.roman@example.com","login":{"uuid":"dcbe2c8c-579f-4108-8b2f-8a37076be2ea","username":"bluezebra554","password":"qwertyui","salt":"wEL8gaGs","md5":"09ceac95f6b622eef37ec4b96dfb50e2","sha1":"082d2f029468be30650546f2dba1b77c85f4397b","sha256":"425ab6beefe5f6df47e57d111382116f8ec4be0306c6b6ce249a40a95b53c506"},"dob":{"date":"1982-05-03T14:18:51.846Z","age":42},"registered":{"date":"2007-01-16T00:03:12.866Z","age":17},"phone":"904-468-196","cell":"670-058-609","id":{"name":"DNI","value":"25708106-X"},"picture":{"large":"https://randomuser.me/api/portraits/men/44.jpg","medium":"https://randomuser.me/api/portraits/med/men/44.jpg","thumbnail":"https://randomuser.me/api/portraits/thumb/men/44.jpg"},"nat":"ES"}],"info":{"seed":"405c17881c11be2c","results":1,"page":1,"version":"1.4"}} 
 </msg>
<msg time="2024-06-10T02:33:04.140577" level="INFO">/opt/hostedtoolcache/Python/3.12.3/x64/lib/python3.12/site-packages/urllib3/connectionpool.py:1103: InsecureRequestWarning: Unverified HTTPS request is being made to host 'randomuser.me'. Adding certificate verification is strongly advised. See: https://urllib3.readthedocs.io/en/latest/advanced-usage.html#tls-warnings
  warnings.warn(</msg>
<msg time="2024-06-10T02:33:04.140691" level="INFO">${response} = &lt;Response [200]&gt;</msg>
<var>${response}</var>
<arg>consultarAPI</arg>
<arg>/api</arg>
<doc>Sends a GET request on a previously created HTTP Session.</doc>
<status status="PASS" start="2024-06-10T02:33:04.046539" elapsed="0.094196"/>
</kw>
<kw name="Set Variable" owner="BuiltIn">
<msg time="2024-06-10T02:33:04.141581" level="INFO">${json_data} = {'results': [{'gender': 'male', 'name': {'title': 'Mr', 'first': 'Roberto', 'last': 'Román'}, 'location': {'street': {'number': 9297, 'name': 'Avenida del Planetario'}, 'city': 'Santa Cruz de Tenerife...</msg>
<var>${json_data}</var>
<arg>${response.json()}</arg>
<doc>Returns the given values which can then be assigned to a variables.</doc>
<status status="PASS" start="2024-06-10T02:33:04.141119" elapsed="0.000491"/>
</kw>
<kw name="Set Variable" owner="BuiltIn">
<msg time="2024-06-10T02:33:04.142294" level="INFO">${name_title} = Mr</msg>
<var>${name_title}</var>
<arg>${json_data["results"][0]["name"]["title"]}</arg>
<doc>Returns the given values which can then be assigned to a variables.</doc>
<status status="PASS" start="2024-06-10T02:33:04.141916" elapsed="0.000403"/>
</kw>
<kw name="Create List" owner="BuiltIn">
<msg time="2024-06-10T02:33:04.142825" level="INFO">${allowed_titles} = ['Mr', 'Ms', 'Miss', 'Mrs', 'Madame', 'Monsieur']</msg>
<var>${allowed_titles}</var>
<arg>Mr</arg>
<arg>Ms</arg>
<arg>Miss</arg>
<arg>Mrs</arg>
<arg>Madame</arg>
<arg>Monsieur</arg>
<doc>Returns a list containing given items.</doc>
<status status="PASS" start="2024-06-10T02:33:04.142673" elapsed="0.000176"/>
</kw>
<kw name="List Should Contain Value" owner="Collections">
<msg time="2024-06-10T02:33:04.143330" level="INFO">False</msg>
<arg>${allowed_titles}</arg>
<arg>${name_title}</arg>
<doc>Fails if the ``value`` is not found from ``list``.</doc>
<status status="PASS" start="2024-06-10T02:33:04.143158" elapsed="0.000212"/>
</kw>
<kw name="Set Variable" owner="BuiltIn">
<msg time="2024-06-10T02:33:04.144031" level="INFO">${name_country} = ES</msg>
<var>${name_country}</var>
<arg>${json_data["results"][0]["nat"]}</arg>
<doc>Returns the given values which can then be assigned to a variables.</doc>
<status status="PASS" start="2024-06-10T02:33:04.143658" elapsed="0.000397"/>
</kw>
<kw name="Create List" owner="BuiltIn">
<msg time="2024-06-10T02:33:04.144951" level="INFO">${list_country} = ['AD', 'AE', 'AF', 'AG', 'AI', 'AL', 'AM', 'AO', 'AQ', 'AR', 'AS', 'AT', 'AU', 'AW', 'AX', 'AZ', 'BA', 'BB', 'BD', 'BE', 'BF', 'BG', 'BH', 'BI', 'BJ', 'BL', 'BM', 'BN', 'BO', 'BQ', 'BR', 'BS', 'BT', '...</msg>
<var>${list_country}</var>
<arg>AD</arg>
<arg>AE</arg>
<arg>AF</arg>
<arg>AG</arg>
<arg>AI</arg>
<arg>AL</arg>
<arg>AM</arg>
<arg>AO</arg>
<arg>AQ</arg>
<arg>AR</arg>
<arg>AS</arg>
<arg>AT</arg>
<arg>AU</arg>
<arg>AW</arg>
<arg>AX</arg>
<arg>AZ</arg>
<arg>BA</arg>
<arg>BB</arg>
<arg>BD</arg>
<arg>BE</arg>
<arg>BF</arg>
<arg>BG</arg>
<arg>BH</arg>
<arg>BI</arg>
<arg>BJ</arg>
<arg>BL</arg>
<arg>BM</arg>
<arg>BN</arg>
<arg>BO</arg>
<arg>BQ</arg>
<arg>BR</arg>
<arg>BS</arg>
<arg>BT</arg>
<arg>BV</arg>
<arg>BW</arg>
<arg>BY</arg>
<arg>BZ</arg>
<arg>CA</arg>
<arg>CC</arg>
<arg>CD</arg>
<arg>CF</arg>
<arg>CG</arg>
<arg>CH</arg>
<arg>CI</arg>
<arg>CK</arg>
<arg>CL</arg>
<arg>CM</arg>
<arg>CN</arg>
<arg>CO</arg>
<arg>CR</arg>
<arg>CU</arg>
<arg>CV</arg>
<arg>CW</arg>
<arg>CX</arg>
<arg>CY</arg>
<arg>CZ</arg>
<arg>DE</arg>
<arg>DJ</arg>
<arg>DK</arg>
<arg>DM</arg>
<arg>DO</arg>
<arg>DZ</arg>
<arg>EC</arg>
<arg>EE</arg>
<arg>EG</arg>
<arg>EH</arg>
<arg>ER</arg>
<arg>ES</arg>
<arg>ET</arg>
<arg>FI</arg>
<arg>FJ</arg>
<arg>FK</arg>
<arg>FM</arg>
<arg>FO</arg>
<arg>FR</arg>
<arg>GA</arg>
<arg>GB</arg>
<arg>GD</arg>
<arg>GE</arg>
<arg>GF</arg>
<arg>GG</arg>
<arg>GH</arg>
<arg>GI</arg>
<arg>GL</arg>
<arg>GM</arg>
<arg>GN</arg>
<arg>GP</arg>
<arg>GQ</arg>
<arg>GR</arg>
<arg>GS</arg>
<arg>GT</arg>
<arg>GU</arg>
<arg>GW</arg>
<arg>GY</arg>
<arg>HK</arg>
<arg>HM</arg>
<arg>HN</arg>
<arg>HR</arg>
<arg>HT</arg>
<arg>HU</arg>
<arg>ID</arg>
<arg>IE</arg>
<arg>IL</arg>
<arg>IM</arg>
<arg>IN</arg>
<arg>IO</arg>
<arg>IQ</arg>
<arg>IR</arg>
<arg>IS</arg>
<arg>IT</arg>
<arg>JE</arg>
<arg>JM</arg>
<arg>JO</arg>
<arg>JP</arg>
<arg>KE</arg>
<arg>KG</arg>
<arg>KH</arg>
<arg>KI</arg>
<arg>KM</arg>
<arg>KN</arg>
<arg>KP</arg>
<arg>KR</arg>
<arg>KW</arg>
<arg>KY</arg>
<arg>KZ</arg>
<arg>LA</arg>
<arg>LB</arg>
<arg>LC</arg>
<arg>LI</arg>
<arg>LK</arg>
<arg>LR</arg>
<arg>LS</arg>
<arg>LT</arg>
<arg>LU</arg>
<arg>LV</arg>
<arg>LY</arg>
<arg>MA</arg>
<arg>MC</arg>
<arg>MD</arg>
<arg>ME</arg>
<arg>MF</arg>
<arg>MG</arg>
<arg>MH</arg>
<arg>MK</arg>
<arg>ML</arg>
<arg>MM</arg>
<arg>MN</arg>
<arg>MO</arg>
<arg>MP</arg>
<arg>MQ</arg>
<arg>MR</arg>
<arg>MS</arg>
<arg>MT</arg>
<arg>MU</arg>
<arg>MV</arg>
<arg>MW</arg>
<arg>MX</arg>
<arg>MY</arg>
<arg>MZ</arg>
<arg>NA</arg>
<arg>NC</arg>
<arg>NE</arg>
<arg>NF</arg>
<arg>NG</arg>
<arg>NI</arg>
<arg>NL</arg>
<arg>NO</arg>
<arg>NP</arg>
<arg>NR</arg>
<arg>NU</arg>
<arg>NZ</arg>
<arg>OM</arg>
<arg>PA</arg>
<arg>PE</arg>
<arg>PF</arg>
<arg>PG</arg>
<arg>PH</arg>
<arg>PK</arg>
<arg>PL</arg>
<arg>PM</arg>
<arg>PN</arg>
<arg>PR</arg>
<arg>PS</arg>
<arg>PT</arg>
<arg>PW</arg>
<arg>PY</arg>
<arg>QA</arg>
<arg>RE</arg>
<arg>RO</arg>
<arg>RS</arg>
<arg>RU</arg>
<arg>RW</arg>
<arg>SA</arg>
<arg>SB</arg>
<arg>SC</arg>
<arg>SD</arg>
<arg>SE</arg>
<arg>SG</arg>
<arg>SH</arg>
<arg>SI</arg>
<arg>SJ</arg>
<arg>SK</arg>
<arg>SL</arg>
<arg>SM</arg>
<arg>SN</arg>
<arg>SO</arg>
<arg>SR</arg>
<arg>SS</arg>
<arg>ST</arg>
<arg>SV</arg>
<arg>SX</arg>
<arg>SY</arg>
<arg>SZ</arg>
<arg>TC</arg>
<arg>TD</arg>
<arg>TF</arg>
<arg>TG</arg>
<arg>TH</arg>
<arg>TJ</arg>
<arg>TK</arg>
<arg>TL</arg>
<arg>TM</arg>
<arg>TN</arg>
<arg>TO</arg>
<arg>TR</arg>
<arg>TT</arg>
<arg>TV</arg>
<arg>TW</arg>
<arg>TZ</arg>
<arg>UA</arg>
<arg>UG</arg>
<arg>UM</arg>
<arg>US</arg>
<arg>UY</arg>
<arg>UZ</arg>
<arg>VA</arg>
<arg>VC</arg>
<arg>VE</arg>
<arg>VG</arg>
<arg>VI</arg>
<arg>VN</arg>
<arg>VU</arg>
<arg>WF</arg>
<arg>WS</arg>
<arg>XK</arg>
<arg>YE</arg>
<arg>YT</arg>
<arg>ZA</arg>
<arg>ZM</arg>
<arg>ZW</arg>
<doc>Returns a list containing given items.</doc>
<status status="PASS" start="2024-06-10T02:33:04.144357" elapsed="0.000619"/>
</kw>
<kw name="List Should Contain Value" owner="Collections">
<msg time="2024-06-10T02:33:04.145973" level="INFO">False</msg>
<arg>${list_country}</arg>
<arg>${name_country}</arg>
<doc>Fails if the ``value`` is not found from ``list``.</doc>
<status status="PASS" start="2024-06-10T02:33:04.145770" elapsed="0.000240"/>
</kw>
<kw name="Run Keyword If" owner="BuiltIn">
<kw name="Should Be True" owner="BuiltIn">
<arg>${True}</arg>
<doc>Fails if the given condition is not true.</doc>
<status status="PASS" start="2024-06-10T02:33:04.147086" elapsed="0.000145"/>
</kw>
<arg>${json_data["results"][0]["location"]["coordinates"]["latitude"]} &gt;= -90 and ${json_data["results"][0]["location"]["coordinates"]["latitude"]} &lt;= 90</arg>
<arg>Should Be True</arg>
<arg>${True}</arg>
<doc>Runs the given keyword with the given arguments, if ``condition`` is true.</doc>
<status status="PASS" start="2024-06-10T02:33:04.146317" elapsed="0.001041"/>
</kw>
<kw name="Run Keyword If" owner="BuiltIn">
<kw name="Should Be True" owner="BuiltIn">
<arg>${True}</arg>
<doc>Fails if the given condition is not true.</doc>
<status status="PASS" start="2024-06-10T02:33:04.148226" elapsed="0.000243"/>
</kw>
<arg>${json_data["results"][0]["location"]["coordinates"]["longitude"]} &gt;= -180 and ${json_data["results"][0]["location"]["coordinates"]["longitude"]} &lt;= 180</arg>
<arg>Should Be True</arg>
<arg>${True}</arg>
<doc>Runs the given keyword with the given arguments, if ``condition`` is true.</doc>
<status status="PASS" start="2024-06-10T02:33:04.147542" elapsed="0.001052"/>
</kw>
<status status="PASS" start="2024-06-10T02:33:04.046281" elapsed="0.102444"/>
</kw>
<doc>Testa o conteúdo específico dos campos retornados pela API.</doc>
<tag>testeConteudo</tag>
<status status="PASS" start="2024-06-10T02:33:04.045763" elapsed="0.103109"/>
</test>
<status status="PASS" start="2024-06-10T02:33:03.328921" elapsed="0.821914"/>
</suite>
<status status="PASS" start="2024-06-10T02:33:03.315305" elapsed="0.840751"/>
</suite>
<statistics>
<total>
<stat pass="5" fail="0" skip="0">All Tests</stat>
</total>
<tag>
<stat pass="1" fail="0" skip="0">testeConteudo</stat>
<stat pass="1" fail="0" skip="0">testeEstruturaResposta</stat>
<stat pass="1" fail="0" skip="0">testeRequisicaoBasica</stat>
<stat pass="1" fail="0" skip="0">testeTiposDados</stat>
</tag>
<suite>
<stat pass="5" fail="0" skip="0" id="s1" name="Tests">Tests</stat>
<stat pass="5" fail="0" skip="0" id="s1-s1" name="Random-User-Test">Tests.Random-User-Test</stat>
</suite>
</statistics>
<errors>
</errors>
</robot>
