<?xml version="1.0" encoding="UTF-8"?>
<robot generator="Robot 7.0 (Python 3.12.3 on linux)" generated="2024-06-01T06:19:10.000524" rpa="false" schemaversion="5">
<suite id="s1" name="Tests" source="/home/runner/work/ApiRandomUser/ApiRandomUser/RamdonUser/tests">
<suite id="s1-s1" name="Random-User-Test" source="/home/runner/work/ApiRandomUser/ApiRandomUser/RamdonUser/tests/random-user-test.robot">
<test id="s1-s1-t1" name="Conectar" line="13">
<kw name="Conectar API" owner="random-user-service">
<kw name="Create Session" owner="RequestsLibrary">
<msg time="2024-06-01T06:19:10.406608" level="INFO">Creating Session using : alias=consultarAPI, url=https://randomuser.me/, headers={},                     cookies={}, auth=None, timeout=None, proxies=None, verify=False,                     debug=0 </msg>
<arg>consultarAPI</arg>
<arg>${URL}</arg>
<doc>Create Session: create a HTTP session to a server</doc>
<status status="PASS" start="2024-06-01T06:19:10.406398" elapsed="0.000393"/>
</kw>
<status status="PASS" start="2024-06-01T06:19:10.405406" elapsed="0.001778"/>
</kw>
<status status="PASS" start="2024-06-01T06:19:10.404766" elapsed="0.002619"/>
</test>
<test id="s1-s1-t2" name="Validar retorno 200 e JSON Válido" line="16">
<kw name="Teste de Requisicao Basica" owner="random-user-service">
<kw name="GET On Session" owner="RequestsLibrary">
<msg time="2024-06-01T06:19:10.619589" level="INFO">GET Request : url=https://randomuser.me/api 
 path_url=/api 
 headers={'User-Agent': 'python-requests/2.32.3', 'Accept-Encoding': 'gzip, deflate', 'Accept': '*/*', 'Connection': 'keep-alive'} 
 body=None 
 </msg>
<msg time="2024-06-01T06:19:10.619754" level="INFO">GET Response : url=https://randomuser.me/api 
 status=200, reason=OK 
 headers={'Date': 'Sat, 01 Jun 2024 06:19:10 GMT', 'Content-Type': 'application/json; charset=utf-8', 'Transfer-Encoding': 'chunked', 'Connection': 'keep-alive', 'X-Powered-By': 'Express', 'Access-Control-Allow-Origin': '*', 'Cache-Control': 'no-cache', 'ETag': 'W/"48d-KZpjgNQyat7b0rzfiPByy3/+Cww"', 'Vary': 'Accept-Encoding', 'Content-Encoding': 'gzip', 'CF-Cache-Status': 'DYNAMIC', 'Report-To': '{"endpoints":[{"url":"https:\\/\\/a.nel.cloudflare.com\\/report\\/v4?s=CK9wturglcdlQ%2FJD7R6Uh7%2FstRj9%2FTYY3RLIvIHf8VJH3PThM1jyLxSp2aOxTdX%2FHRRbv7Dz6nAl68Yr3WGGOUd2Ffl%2FtsooNdjupTI5ugYiFIl%2Ft0EQrb%2FYrkAhxR3e"}],"group":"cf-nel","max_age":604800}', 'NEL': '{"success_fraction":0,"report_to":"cf-nel","max_age":604800}', 'Server': 'cloudflare', 'CF-RAY': '88cd172efa7807d4-IAD', 'alt-svc': 'h3=":443"; ma=86400'} 
 body={"results":[{"gender":"male","name":{"title":"Mr","first":"Simon","last":"Rasmussen"},"location":{"street":{"number":481,"name":"Vestre Landevej"},"city":"Nørrebro","state":"Nordjylland","country":"Denmark","postcode":39812,"coordinates":{"latitude":"-43.4525","longitude":"-156.0415"},"timezone":{"offset":"+4:00","description":"Abu Dhabi, Muscat, Baku, Tbilisi"}},"email":"simon.rasmussen@example.com","login":{"uuid":"de90f9a5-a3c6-484d-afec-e71a19ab0922","username":"whiterabbit937","password":"willie","salt":"PpVyHr15","md5":"004ee8fe00686c445563169fcf712e10","sha1":"2c0f54817b81c899b13099d808324e8d8f1bdd03","sha256":"8155e8c7729f720437068e0121f23dab717464c2ecfd33de4327a9c5ba2241a9"},"dob":{"date":"1972-01-02T08:27:14.584Z","age":52},"registered":{"date":"2003-12-16T11:08:32.063Z","age":20},"phone":"15670511","cell":"38453583","id":{"name":"CPR","value":"020172-4241"},"picture":{"large":"https://randomuser.me/api/portraits/men/65.jpg","medium":"https://randomuser.me/api/portraits/med/men/65.jpg","thumbnail":"https://randomuser.me/api/portraits/thumb/men/65.jpg"},"nat":"DK"}],"info":{"seed":"b14cd95c2340b320","results":1,"page":1,"version":"1.4"}} 
 </msg>
<msg time="2024-06-01T06:19:10.619839" level="INFO">/opt/hostedtoolcache/Python/3.12.3/x64/lib/python3.12/site-packages/urllib3/connectionpool.py:1103: InsecureRequestWarning: Unverified HTTPS request is being made to host 'randomuser.me'. Adding certificate verification is strongly advised. See: https://urllib3.readthedocs.io/en/latest/advanced-usage.html#tls-warnings
  warnings.warn(</msg>
<msg time="2024-06-01T06:19:10.619993" level="INFO">${response} = &lt;Response [200]&gt;</msg>
<var>${response}</var>
<arg>consultarAPI</arg>
<arg>/api</arg>
<doc>Sends a GET request on a previously created HTTP Session.</doc>
<status status="PASS" start="2024-06-01T06:19:10.411120" elapsed="0.208916"/>
</kw>
<kw name="Should Be Equal As Numbers" owner="BuiltIn">
<msg time="2024-06-01T06:19:10.621212" level="INFO">Argument types are:
&lt;class 'int'&gt;
&lt;class 'str'&gt;</msg>
<arg>${response.status_code}</arg>
<arg>200</arg>
<doc>Fails if objects are unequal after converting them to real numbers.</doc>
<status status="PASS" start="2024-06-01T06:19:10.620699" elapsed="0.000579"/>
</kw>
<kw name="Log" owner="BuiltIn">
<msg time="2024-06-01T06:19:10.621967" level="INFO">200</msg>
<arg>${response.status_code}</arg>
<doc>Logs the given message with the given level.</doc>
<status status="PASS" start="2024-06-01T06:19:10.621623" elapsed="0.000389"/>
</kw>
<kw name="Set Variable" owner="BuiltIn">
<msg time="2024-06-01T06:19:10.622757" level="INFO">${json_data} = {'results': [{'gender': 'male', 'name': {'title': 'Mr', 'first': 'Simon', 'last': 'Rasmussen'}, 'location': {'street': {'number': 481, 'name': 'Vestre Landevej'}, 'city': 'Nørrebro', 'state': 'Nordjyl...</msg>
<var>${json_data}</var>
<arg>${response.json()}</arg>
<doc>Returns the given values which can then be assigned to a variables.</doc>
<status status="PASS" start="2024-06-01T06:19:10.622320" elapsed="0.000467"/>
</kw>
<kw name="Dictionary Should Contain Key" owner="Collections">
<msg time="2024-06-01T06:19:10.623296" level="INFO">False</msg>
<arg>${json_data}</arg>
<arg>results</arg>
<doc>Fails if ``key`` is not found from ``dictionary``.</doc>
<status status="PASS" start="2024-06-01T06:19:10.623089" elapsed="0.000252"/>
</kw>
<status status="PASS" start="2024-06-01T06:19:10.410726" elapsed="0.212877"/>
</kw>
<doc>Testa se a API responde corretamente e retorna um objeto JSON válido.</doc>
<tag>testeRequisicaoBasica</tag>
<status status="PASS" start="2024-06-01T06:19:10.410019" elapsed="0.213769"/>
</test>
<test id="s1-s1-t3" name="Validar estrutura de resposta" line="22">
<kw name="Teste de Estrutura de Resposta" owner="random-user-service">
<kw name="GET On Session" owner="RequestsLibrary">
<msg time="2024-06-01T06:19:10.678753" level="INFO">GET Request : url=https://randomuser.me/api 
 path_url=/api 
 headers={'User-Agent': 'python-requests/2.32.3', 'Accept-Encoding': 'gzip, deflate', 'Accept': '*/*', 'Connection': 'keep-alive'} 
 body=None 
 </msg>
<msg time="2024-06-01T06:19:10.678840" level="INFO">GET Response : url=https://randomuser.me/api 
 status=200, reason=OK 
 headers={'Date': 'Sat, 01 Jun 2024 06:19:10 GMT', 'Content-Type': 'application/json; charset=utf-8', 'Transfer-Encoding': 'chunked', 'Connection': 'keep-alive', 'X-Powered-By': 'Express', 'Access-Control-Allow-Origin': '*', 'Cache-Control': 'no-cache', 'ETag': 'W/"48a-sMoC8Xwm9B/+OkuqE90e4Grv81Q"', 'Vary': 'Accept-Encoding', 'Content-Encoding': 'gzip', 'CF-Cache-Status': 'DYNAMIC', 'Report-To': '{"endpoints":[{"url":"https:\\/\\/a.nel.cloudflare.com\\/report\\/v4?s=QXiMGnDPKOu8sVGfB0ch32pmdNTPuVuiWVwHXg%2Feg6Bn8BMhjb%2BAqywmWVITzCHrgJcINeyD0LBv0TBZlTfFzB1RR2XVrwFKueKXsM0Mz9X7%2FZFQWoT%2B2ZYdINjUMBlK"}],"group":"cf-nel","max_age":604800}', 'NEL': '{"success_fraction":0,"report_to":"cf-nel","max_age":604800}', 'Server': 'cloudflare', 'CF-RAY': '88cd172f6ac807d4-IAD', 'alt-svc': 'h3=":443"; ma=86400'} 
 body={"results":[{"gender":"male","name":{"title":"Mr","first":"Alberto","last":"Gibson"},"location":{"street":{"number":5047,"name":"Westheimer Rd"},"city":"Tweed","state":"Northern Territory","country":"Australia","postcode":3541,"coordinates":{"latitude":"-86.0075","longitude":"-72.6185"},"timezone":{"offset":"-8:00","description":"Pacific Time (US &amp; Canada)"}},"email":"alberto.gibson@example.com","login":{"uuid":"0428fe55-f7e9-41f9-a80f-0ea21cecce10","username":"angrywolf116","password":"letter","salt":"8D4Kg7Lj","md5":"07685c9027fc505f89572d59a877f608","sha1":"0300d80dc5e653246c7a22d78a939e07271e6ffd","sha256":"0be0013e04ee17941c378c85f42147c629cba05999cef1e24aab5b5ae89f2e08"},"dob":{"date":"1996-05-24T12:52:33.158Z","age":28},"registered":{"date":"2015-10-31T01:48:33.765Z","age":8},"phone":"00-8978-8002","cell":"0445-665-035","id":{"name":"TFN","value":"399049601"},"picture":{"large":"https://randomuser.me/api/portraits/men/13.jpg","medium":"https://randomuser.me/api/portraits/med/men/13.jpg","thumbnail":"https://randomuser.me/api/portraits/thumb/men/13.jpg"},"nat":"AU"}],"info":{"seed":"7c8f0573b529295c","results":1,"page":1,"version":"1.4"}} 
 </msg>
<msg time="2024-06-01T06:19:10.678959" level="INFO">/opt/hostedtoolcache/Python/3.12.3/x64/lib/python3.12/site-packages/urllib3/connectionpool.py:1103: InsecureRequestWarning: Unverified HTTPS request is being made to host 'randomuser.me'. Adding certificate verification is strongly advised. See: https://urllib3.readthedocs.io/en/latest/advanced-usage.html#tls-warnings
  warnings.warn(</msg>
<msg time="2024-06-01T06:19:10.679077" level="INFO">${response} = &lt;Response [200]&gt;</msg>
<var>${response}</var>
<arg>consultarAPI</arg>
<arg>/api</arg>
<doc>Sends a GET request on a previously created HTTP Session.</doc>
<status status="PASS" start="2024-06-01T06:19:10.626295" elapsed="0.052821"/>
</kw>
<kw name="Set Variable" owner="BuiltIn">
<msg time="2024-06-01T06:19:10.680105" level="INFO">${json_data} = {'results': [{'gender': 'male', 'name': {'title': 'Mr', 'first': 'Alberto', 'last': 'Gibson'}, 'location': {'street': {'number': 5047, 'name': 'Westheimer Rd'}, 'city': 'Tweed', 'state': 'Northern Ter...</msg>
<var>${json_data}</var>
<arg>${response.json()}</arg>
<doc>Returns the given values which can then be assigned to a variables.</doc>
<status status="PASS" start="2024-06-01T06:19:10.679591" elapsed="0.000544"/>
</kw>
<kw name="Log" owner="BuiltIn">
<msg time="2024-06-01T06:19:10.680604" level="INFO">{'results': [{'gender': 'male', 'name': {'title': 'Mr', 'first': 'Alberto', 'last': 'Gibson'}, 'location': {'street': {'number': 5047, 'name': 'Westheimer Rd'}, 'city': 'Tweed', 'state': 'Northern Territory', 'country': 'Australia', 'postcode': 3541, 'coordinates': {'latitude': '-86.0075', 'longitude': '-72.6185'}, 'timezone': {'offset': '-8:00', 'description': 'Pacific Time (US &amp; Canada)'}}, 'email': 'alberto.gibson@example.com', 'login': {'uuid': '0428fe55-f7e9-41f9-a80f-0ea21cecce10', 'username': 'angrywolf116', 'password': 'letter', 'salt': '8D4Kg7Lj', 'md5': '07685c9027fc505f89572d59a877f608', 'sha1': '0300d80dc5e653246c7a22d78a939e07271e6ffd', 'sha256': '0be0013e04ee17941c378c85f42147c629cba05999cef1e24aab5b5ae89f2e08'}, 'dob': {'date': '1996-05-24T12:52:33.158Z', 'age': 28}, 'registered': {'date': '2015-10-31T01:48:33.765Z', 'age': 8}, 'phone': '00-8978-8002', 'cell': '0445-665-035', 'id': {'name': 'TFN', 'value': '399049601'}, 'picture': {'large': 'https://randomuser.me/api/portraits/men/13.jpg', 'medium': 'https://randomuser.me/api/portraits/med/men/13.jpg', 'thumbnail': 'https://randomuser.me/api/portraits/thumb/men/13.jpg'}, 'nat': 'AU'}], 'info': {'seed': '7c8f0573b529295c', 'results': 1, 'page': 1, 'version': '1.4'}}</msg>
<arg>${json_data}</arg>
<doc>Logs the given message with the given level.</doc>
<status status="PASS" start="2024-06-01T06:19:10.680444" elapsed="0.000214"/>
</kw>
<kw name="Dictionary Should Contain Key" owner="Collections">
<msg time="2024-06-01T06:19:10.681121" level="INFO">False</msg>
<arg>${json_data}</arg>
<arg>results</arg>
<doc>Fails if ``key`` is not found from ``dictionary``.</doc>
<status status="PASS" start="2024-06-01T06:19:10.680963" elapsed="0.000201"/>
</kw>
<kw name="Should Not Be Empty" owner="BuiltIn">
<msg time="2024-06-01T06:19:10.681599" level="INFO">Length is 2.</msg>
<arg>${json_data}</arg>
<doc>Verifies that the given item is not empty.</doc>
<status status="PASS" start="2024-06-01T06:19:10.681467" elapsed="0.000170"/>
</kw>
<kw name="Create List" owner="BuiltIn">
<msg time="2024-06-01T06:19:10.682224" level="INFO">${expected_keys} = ['gender', 'name', 'location', 'email', 'login']</msg>
<var>${expected_keys}</var>
<arg>gender</arg>
<arg>name</arg>
<arg>location</arg>
<arg>email</arg>
<arg>login</arg>
<doc>Returns a list containing given items.</doc>
<status status="PASS" start="2024-06-01T06:19:10.681925" elapsed="0.000324"/>
</kw>
<for flavor="IN">
<iter>
<kw name="Dictionary Should Contain Key" owner="Collections">
<msg time="2024-06-01T06:19:10.683281" level="INFO">False</msg>
<arg>${json_data['results'][0]}</arg>
<arg>${key}</arg>
<doc>Fails if ``key`` is not found from ``dictionary``.</doc>
<status status="PASS" start="2024-06-01T06:19:10.682861" elapsed="0.000459"/>
</kw>
<kw name="Log" owner="BuiltIn">
<msg time="2024-06-01T06:19:10.683991" level="INFO">{'gender': 'male', 'name': {'title': 'Mr', 'first': 'Alberto', 'last': 'Gibson'}, 'location': {'street': {'number': 5047, 'name': 'Westheimer Rd'}, 'city': 'Tweed', 'state': 'Northern Territory', 'country': 'Australia', 'postcode': 3541, 'coordinates': {'latitude': '-86.0075', 'longitude': '-72.6185'}, 'timezone': {'offset': '-8:00', 'description': 'Pacific Time (US &amp; Canada)'}}, 'email': 'alberto.gibson@example.com', 'login': {'uuid': '0428fe55-f7e9-41f9-a80f-0ea21cecce10', 'username': 'angrywolf116', 'password': 'letter', 'salt': '8D4Kg7Lj', 'md5': '07685c9027fc505f89572d59a877f608', 'sha1': '0300d80dc5e653246c7a22d78a939e07271e6ffd', 'sha256': '0be0013e04ee17941c378c85f42147c629cba05999cef1e24aab5b5ae89f2e08'}, 'dob': {'date': '1996-05-24T12:52:33.158Z', 'age': 28}, 'registered': {'date': '2015-10-31T01:48:33.765Z', 'age': 8}, 'phone': '00-8978-8002', 'cell': '0445-665-035', 'id': {'name': 'TFN', 'value': '399049601'}, 'picture': {'large': 'https://randomuser.me/api/portraits/men/13.jpg', 'medium': 'https://randomuser.me/api/portraits/med/men/13.jpg', 'thumbnail': 'https://randomuser.me/api/portraits/thumb/men/13.jpg'}, 'nat': 'AU'}</msg>
<arg>${json_data['results'][0]}</arg>
<doc>Logs the given message with the given level.</doc>
<status status="PASS" start="2024-06-01T06:19:10.683621" elapsed="0.000420"/>
</kw>
<kw name="Log" owner="BuiltIn">
<msg time="2024-06-01T06:19:10.684467" level="INFO">gender</msg>
<arg>${key}</arg>
<doc>Logs the given message with the given level.</doc>
<status status="PASS" start="2024-06-01T06:19:10.684337" elapsed="0.000167"/>
</kw>
<var name="${key}">gender</var>
<status status="PASS" start="2024-06-01T06:19:10.682733" elapsed="0.001990"/>
</iter>
<iter>
<kw name="Dictionary Should Contain Key" owner="Collections">
<msg time="2024-06-01T06:19:10.685403" level="INFO">False</msg>
<arg>${json_data['results'][0]}</arg>
<arg>${key}</arg>
<doc>Fails if ``key`` is not found from ``dictionary``.</doc>
<status status="PASS" start="2024-06-01T06:19:10.685021" elapsed="0.000419"/>
</kw>
<kw name="Log" owner="BuiltIn">
<msg time="2024-06-01T06:19:10.686118" level="INFO">{'gender': 'male', 'name': {'title': 'Mr', 'first': 'Alberto', 'last': 'Gibson'}, 'location': {'street': {'number': 5047, 'name': 'Westheimer Rd'}, 'city': 'Tweed', 'state': 'Northern Territory', 'country': 'Australia', 'postcode': 3541, 'coordinates': {'latitude': '-86.0075', 'longitude': '-72.6185'}, 'timezone': {'offset': '-8:00', 'description': 'Pacific Time (US &amp; Canada)'}}, 'email': 'alberto.gibson@example.com', 'login': {'uuid': '0428fe55-f7e9-41f9-a80f-0ea21cecce10', 'username': 'angrywolf116', 'password': 'letter', 'salt': '8D4Kg7Lj', 'md5': '07685c9027fc505f89572d59a877f608', 'sha1': '0300d80dc5e653246c7a22d78a939e07271e6ffd', 'sha256': '0be0013e04ee17941c378c85f42147c629cba05999cef1e24aab5b5ae89f2e08'}, 'dob': {'date': '1996-05-24T12:52:33.158Z', 'age': 28}, 'registered': {'date': '2015-10-31T01:48:33.765Z', 'age': 8}, 'phone': '00-8978-8002', 'cell': '0445-665-035', 'id': {'name': 'TFN', 'value': '399049601'}, 'picture': {'large': 'https://randomuser.me/api/portraits/men/13.jpg', 'medium': 'https://randomuser.me/api/portraits/med/men/13.jpg', 'thumbnail': 'https://randomuser.me/api/portraits/thumb/men/13.jpg'}, 'nat': 'AU'}</msg>
<arg>${json_data['results'][0]}</arg>
<doc>Logs the given message with the given level.</doc>
<status status="PASS" start="2024-06-01T06:19:10.685760" elapsed="0.000407"/>
</kw>
<kw name="Log" owner="BuiltIn">
<msg time="2024-06-01T06:19:10.686602" level="INFO">name</msg>
<arg>${key}</arg>
<doc>Logs the given message with the given level.</doc>
<status status="PASS" start="2024-06-01T06:19:10.686473" elapsed="0.000166"/>
</kw>
<var name="${key}">name</var>
<status status="PASS" start="2024-06-01T06:19:10.684906" elapsed="0.001949"/>
</iter>
<iter>
<kw name="Dictionary Should Contain Key" owner="Collections">
<msg time="2024-06-01T06:19:10.687548" level="INFO">False</msg>
<arg>${json_data['results'][0]}</arg>
<arg>${key}</arg>
<doc>Fails if ``key`` is not found from ``dictionary``.</doc>
<status status="PASS" start="2024-06-01T06:19:10.687164" elapsed="0.000424"/>
</kw>
<kw name="Log" owner="BuiltIn">
<msg time="2024-06-01T06:19:10.688247" level="INFO">{'gender': 'male', 'name': {'title': 'Mr', 'first': 'Alberto', 'last': 'Gibson'}, 'location': {'street': {'number': 5047, 'name': 'Westheimer Rd'}, 'city': 'Tweed', 'state': 'Northern Territory', 'country': 'Australia', 'postcode': 3541, 'coordinates': {'latitude': '-86.0075', 'longitude': '-72.6185'}, 'timezone': {'offset': '-8:00', 'description': 'Pacific Time (US &amp; Canada)'}}, 'email': 'alberto.gibson@example.com', 'login': {'uuid': '0428fe55-f7e9-41f9-a80f-0ea21cecce10', 'username': 'angrywolf116', 'password': 'letter', 'salt': '8D4Kg7Lj', 'md5': '07685c9027fc505f89572d59a877f608', 'sha1': '0300d80dc5e653246c7a22d78a939e07271e6ffd', 'sha256': '0be0013e04ee17941c378c85f42147c629cba05999cef1e24aab5b5ae89f2e08'}, 'dob': {'date': '1996-05-24T12:52:33.158Z', 'age': 28}, 'registered': {'date': '2015-10-31T01:48:33.765Z', 'age': 8}, 'phone': '00-8978-8002', 'cell': '0445-665-035', 'id': {'name': 'TFN', 'value': '399049601'}, 'picture': {'large': 'https://randomuser.me/api/portraits/men/13.jpg', 'medium': 'https://randomuser.me/api/portraits/med/men/13.jpg', 'thumbnail': 'https://randomuser.me/api/portraits/thumb/men/13.jpg'}, 'nat': 'AU'}</msg>
<arg>${json_data['results'][0]}</arg>
<doc>Logs the given message with the given level.</doc>
<status status="PASS" start="2024-06-01T06:19:10.687890" elapsed="0.000408"/>
</kw>
<kw name="Log" owner="BuiltIn">
<msg time="2024-06-01T06:19:10.688732" level="INFO">location</msg>
<arg>${key}</arg>
<doc>Logs the given message with the given level.</doc>
<status status="PASS" start="2024-06-01T06:19:10.688604" elapsed="0.000165"/>
</kw>
<var name="${key}">location</var>
<status status="PASS" start="2024-06-01T06:19:10.687031" elapsed="0.001954"/>
</iter>
<iter>
<kw name="Dictionary Should Contain Key" owner="Collections">
<msg time="2024-06-01T06:19:10.689660" level="INFO">False</msg>
<arg>${json_data['results'][0]}</arg>
<arg>${key}</arg>
<doc>Fails if ``key`` is not found from ``dictionary``.</doc>
<status status="PASS" start="2024-06-01T06:19:10.689274" elapsed="0.000423"/>
</kw>
<kw name="Log" owner="BuiltIn">
<msg time="2024-06-01T06:19:10.690354" level="INFO">{'gender': 'male', 'name': {'title': 'Mr', 'first': 'Alberto', 'last': 'Gibson'}, 'location': {'street': {'number': 5047, 'name': 'Westheimer Rd'}, 'city': 'Tweed', 'state': 'Northern Territory', 'country': 'Australia', 'postcode': 3541, 'coordinates': {'latitude': '-86.0075', 'longitude': '-72.6185'}, 'timezone': {'offset': '-8:00', 'description': 'Pacific Time (US &amp; Canada)'}}, 'email': 'alberto.gibson@example.com', 'login': {'uuid': '0428fe55-f7e9-41f9-a80f-0ea21cecce10', 'username': 'angrywolf116', 'password': 'letter', 'salt': '8D4Kg7Lj', 'md5': '07685c9027fc505f89572d59a877f608', 'sha1': '0300d80dc5e653246c7a22d78a939e07271e6ffd', 'sha256': '0be0013e04ee17941c378c85f42147c629cba05999cef1e24aab5b5ae89f2e08'}, 'dob': {'date': '1996-05-24T12:52:33.158Z', 'age': 28}, 'registered': {'date': '2015-10-31T01:48:33.765Z', 'age': 8}, 'phone': '00-8978-8002', 'cell': '0445-665-035', 'id': {'name': 'TFN', 'value': '399049601'}, 'picture': {'large': 'https://randomuser.me/api/portraits/men/13.jpg', 'medium': 'https://randomuser.me/api/portraits/med/men/13.jpg', 'thumbnail': 'https://randomuser.me/api/portraits/thumb/men/13.jpg'}, 'nat': 'AU'}</msg>
<arg>${json_data['results'][0]}</arg>
<doc>Logs the given message with the given level.</doc>
<status status="PASS" start="2024-06-01T06:19:10.689992" elapsed="0.000412"/>
</kw>
<kw name="Log" owner="BuiltIn">
<msg time="2024-06-01T06:19:10.690824" level="INFO">email</msg>
<arg>${key}</arg>
<doc>Logs the given message with the given level.</doc>
<status status="PASS" start="2024-06-01T06:19:10.690697" elapsed="0.000170"/>
</kw>
<var name="${key}">email</var>
<status status="PASS" start="2024-06-01T06:19:10.689156" elapsed="0.001928"/>
</iter>
<iter>
<kw name="Dictionary Should Contain Key" owner="Collections">
<msg time="2024-06-01T06:19:10.691779" level="INFO">False</msg>
<arg>${json_data['results'][0]}</arg>
<arg>${key}</arg>
<doc>Fails if ``key`` is not found from ``dictionary``.</doc>
<status status="PASS" start="2024-06-01T06:19:10.691395" elapsed="0.000421"/>
</kw>
<kw name="Log" owner="BuiltIn">
<msg time="2024-06-01T06:19:10.692467" level="INFO">{'gender': 'male', 'name': {'title': 'Mr', 'first': 'Alberto', 'last': 'Gibson'}, 'location': {'street': {'number': 5047, 'name': 'Westheimer Rd'}, 'city': 'Tweed', 'state': 'Northern Territory', 'country': 'Australia', 'postcode': 3541, 'coordinates': {'latitude': '-86.0075', 'longitude': '-72.6185'}, 'timezone': {'offset': '-8:00', 'description': 'Pacific Time (US &amp; Canada)'}}, 'email': 'alberto.gibson@example.com', 'login': {'uuid': '0428fe55-f7e9-41f9-a80f-0ea21cecce10', 'username': 'angrywolf116', 'password': 'letter', 'salt': '8D4Kg7Lj', 'md5': '07685c9027fc505f89572d59a877f608', 'sha1': '0300d80dc5e653246c7a22d78a939e07271e6ffd', 'sha256': '0be0013e04ee17941c378c85f42147c629cba05999cef1e24aab5b5ae89f2e08'}, 'dob': {'date': '1996-05-24T12:52:33.158Z', 'age': 28}, 'registered': {'date': '2015-10-31T01:48:33.765Z', 'age': 8}, 'phone': '00-8978-8002', 'cell': '0445-665-035', 'id': {'name': 'TFN', 'value': '399049601'}, 'picture': {'large': 'https://randomuser.me/api/portraits/men/13.jpg', 'medium': 'https://randomuser.me/api/portraits/med/men/13.jpg', 'thumbnail': 'https://randomuser.me/api/portraits/thumb/men/13.jpg'}, 'nat': 'AU'}</msg>
<arg>${json_data['results'][0]}</arg>
<doc>Logs the given message with the given level.</doc>
<status status="PASS" start="2024-06-01T06:19:10.692108" elapsed="0.000408"/>
</kw>
<kw name="Log" owner="BuiltIn">
<msg time="2024-06-01T06:19:10.692933" level="INFO">login</msg>
<arg>${key}</arg>
<doc>Logs the given message with the given level.</doc>
<status status="PASS" start="2024-06-01T06:19:10.692806" elapsed="0.000164"/>
</kw>
<var name="${key}">login</var>
<status status="PASS" start="2024-06-01T06:19:10.691282" elapsed="0.001926"/>
</iter>
<var>${key}</var>
<value>@{expected_keys}</value>
<status status="PASS" start="2024-06-01T06:19:10.682520" elapsed="0.010813"/>
</for>
<kw name="Create List" owner="BuiltIn">
<msg time="2024-06-01T06:19:10.693677" level="INFO">${expected_keysTwo} = ['username', 'password']</msg>
<var>${expected_keysTwo}</var>
<arg>username</arg>
<arg>password</arg>
<doc>Returns a list containing given items.</doc>
<status status="PASS" start="2024-06-01T06:19:10.693540" elapsed="0.000160"/>
</kw>
<for flavor="IN">
<iter>
<kw name="Dictionary Should Contain Key" owner="Collections">
<msg time="2024-06-01T06:19:10.694595" level="INFO">False</msg>
<arg>${json_data['results'][0]['login']}</arg>
<arg>${keyTwo}</arg>
<doc>Fails if ``key`` is not found from ``dictionary``.</doc>
<status status="PASS" start="2024-06-01T06:19:10.694205" elapsed="0.000427"/>
</kw>
<kw name="Dictionary Should Contain Key" owner="Collections">
<msg time="2024-06-01T06:19:10.695337" level="INFO">False</msg>
<arg>${json_data['results'][0]['login']}</arg>
<arg>${keyTwo}</arg>
<doc>Fails if ``key`` is not found from ``dictionary``.</doc>
<status status="PASS" start="2024-06-01T06:19:10.694924" elapsed="0.000451"/>
</kw>
<kw name="Log" owner="BuiltIn">
<msg time="2024-06-01T06:19:10.695798" level="INFO">username</msg>
<arg>${keyTwo}</arg>
<doc>Logs the given message with the given level.</doc>
<status status="PASS" start="2024-06-01T06:19:10.695670" elapsed="0.000164"/>
</kw>
<var name="${keyTwo}">username</var>
<status status="PASS" start="2024-06-01T06:19:10.694095" elapsed="0.001950"/>
</iter>
<iter>
<kw name="Dictionary Should Contain Key" owner="Collections">
<msg time="2024-06-01T06:19:10.696706" level="INFO">False</msg>
<arg>${json_data['results'][0]['login']}</arg>
<arg>${keyTwo}</arg>
<doc>Fails if ``key`` is not found from ``dictionary``.</doc>
<status status="PASS" start="2024-06-01T06:19:10.696328" elapsed="0.000415"/>
</kw>
<kw name="Dictionary Should Contain Key" owner="Collections">
<msg time="2024-06-01T06:19:10.697490" level="INFO">False</msg>
<arg>${json_data['results'][0]['login']}</arg>
<arg>${keyTwo}</arg>
<doc>Fails if ``key`` is not found from ``dictionary``.</doc>
<status status="PASS" start="2024-06-01T06:19:10.697033" elapsed="0.000496"/>
</kw>
<kw name="Log" owner="BuiltIn">
<msg time="2024-06-01T06:19:10.697954" level="INFO">password</msg>
<arg>${keyTwo}</arg>
<doc>Logs the given message with the given level.</doc>
<status status="PASS" start="2024-06-01T06:19:10.697827" elapsed="0.000164"/>
</kw>
<var name="${keyTwo}">password</var>
<status status="PASS" start="2024-06-01T06:19:10.696214" elapsed="0.001990"/>
</iter>
<var>${keyTwo}</var>
<value>@{expected_keysTwo}</value>
<status status="PASS" start="2024-06-01T06:19:10.693941" elapsed="0.004382"/>
</for>
<status status="PASS" start="2024-06-01T06:19:10.626061" elapsed="0.072405"/>
</kw>
<doc>Testa a estrutura da resposta da API.</doc>
<tag>testeEstruturaResposta</tag>
<status status="PASS" start="2024-06-01T06:19:10.625572" elapsed="0.073052"/>
</test>
<test id="s1-s1-t4" name="Validar tipos de dados" line="28">
<kw name="Teste de Tipos de Dados" owner="random-user-service">
<kw name="GET On Session" owner="RequestsLibrary">
<msg time="2024-06-01T06:19:10.794024" level="INFO">GET Request : url=https://randomuser.me/api 
 path_url=/api 
 headers={'User-Agent': 'python-requests/2.32.3', 'Accept-Encoding': 'gzip, deflate', 'Accept': '*/*', 'Connection': 'keep-alive'} 
 body=None 
 </msg>
<msg time="2024-06-01T06:19:10.794142" level="INFO">GET Response : url=https://randomuser.me/api 
 status=200, reason=OK 
 headers={'Date': 'Sat, 01 Jun 2024 06:19:10 GMT', 'Content-Type': 'application/json; charset=utf-8', 'Transfer-Encoding': 'chunked', 'Connection': 'keep-alive', 'X-Powered-By': 'Express', 'Access-Control-Allow-Origin': '*', 'Cache-Control': 'no-cache', 'ETag': 'W/"48f-aLP4Doi8K10cMl1Y0iNvERsGYaI"', 'Vary': 'Accept-Encoding', 'Content-Encoding': 'gzip', 'CF-Cache-Status': 'DYNAMIC', 'Report-To': '{"endpoints":[{"url":"https:\\/\\/a.nel.cloudflare.com\\/report\\/v4?s=wtfFFqNDtRZavdi7mkgNPXclLSXByZjf2nVooyx73pVegB5iejGR3fSBI35rd5G%2FB2cKY8rAv9ZotvKLPFXosbvqhnZw4HD2AX8uYt1HCdpA%2FHOFYLDO1BI%2Fa%2FPb6qxc"}],"group":"cf-nel","max_age":604800}', 'NEL': '{"success_fraction":0,"report_to":"cf-nel","max_age":604800}', 'Server': 'cloudflare', 'CF-RAY': '88cd172feb2e07d4-IAD', 'alt-svc': 'h3=":443"; ma=86400'} 
 body={"results":[{"gender":"female","name":{"title":"Miss","first":"Faustine","last":"Leroy"},"location":{"street":{"number":4240,"name":"Rue Pasteur"},"city":"Perpignan","state":"Marne","country":"France","postcode":15389,"coordinates":{"latitude":"-17.5506","longitude":"9.3792"},"timezone":{"offset":"-12:00","description":"Eniwetok, Kwajalein"}},"email":"faustine.leroy@example.com","login":{"uuid":"69206fba-05b4-443b-b1fe-af56cd5f1f20","username":"tinyostrich962","password":"wolfen","salt":"wTpplUCd","md5":"6f98eb37b1705496b7cab58a05d61bea","sha1":"ac6f4d7e2db99acf9ea1bd8b1d58af2ac675bc71","sha256":"0d524c0ca2c1614359c69e960ddf060162f03d39c187ef2c07b8ab335717cbcb"},"dob":{"date":"1964-12-23T05:32:41.270Z","age":59},"registered":{"date":"2010-10-16T13:40:07.842Z","age":13},"phone":"05-39-19-10-53","cell":"06-20-90-60-22","id":{"name":"INSEE","value":"2641181497579 22"},"picture":{"large":"https://randomuser.me/api/portraits/women/78.jpg","medium":"https://randomuser.me/api/portraits/med/women/78.jpg","thumbnail":"https://randomuser.me/api/portraits/thumb/women/78.jpg"},"nat":"FR"}],"info":{"seed":"7d19fcd440523fb9","results":1,"page":1,"version":"1.4"}} 
 </msg>
<msg time="2024-06-01T06:19:10.794238" level="INFO">/opt/hostedtoolcache/Python/3.12.3/x64/lib/python3.12/site-packages/urllib3/connectionpool.py:1103: InsecureRequestWarning: Unverified HTTPS request is being made to host 'randomuser.me'. Adding certificate verification is strongly advised. See: https://urllib3.readthedocs.io/en/latest/advanced-usage.html#tls-warnings
  warnings.warn(</msg>
<msg time="2024-06-01T06:19:10.794376" level="INFO">${response} = &lt;Response [200]&gt;</msg>
<var>${response}</var>
<arg>consultarAPI</arg>
<arg>/api</arg>
<doc>Sends a GET request on a previously created HTTP Session.</doc>
<status status="PASS" start="2024-06-01T06:19:10.701116" elapsed="0.093302"/>
</kw>
<kw name="Set Variable" owner="BuiltIn">
<msg time="2024-06-01T06:19:10.795694" level="INFO">${json_data} = {'results': [{'gender': 'female', 'name': {'title': 'Miss', 'first': 'Faustine', 'last': 'Leroy'}, 'location': {'street': {'number': 4240, 'name': 'Rue Pasteur'}, 'city': 'Perpignan', 'state': 'Marne'...</msg>
<var>${json_data}</var>
<arg>${response.json()}</arg>
<doc>Returns the given values which can then be assigned to a variables.</doc>
<status status="PASS" start="2024-06-01T06:19:10.795074" elapsed="0.000650"/>
</kw>
<kw name="Log" owner="BuiltIn">
<msg time="2024-06-01T06:19:10.796213" level="INFO">{'results': [{'gender': 'female', 'name': {'title': 'Miss', 'first': 'Faustine', 'last': 'Leroy'}, 'location': {'street': {'number': 4240, 'name': 'Rue Pasteur'}, 'city': 'Perpignan', 'state': 'Marne', 'country': 'France', 'postcode': 15389, 'coordinates': {'latitude': '-17.5506', 'longitude': '9.3792'}, 'timezone': {'offset': '-12:00', 'description': 'Eniwetok, Kwajalein'}}, 'email': 'faustine.leroy@example.com', 'login': {'uuid': '69206fba-05b4-443b-b1fe-af56cd5f1f20', 'username': 'tinyostrich962', 'password': 'wolfen', 'salt': 'wTpplUCd', 'md5': '6f98eb37b1705496b7cab58a05d61bea', 'sha1': 'ac6f4d7e2db99acf9ea1bd8b1d58af2ac675bc71', 'sha256': '0d524c0ca2c1614359c69e960ddf060162f03d39c187ef2c07b8ab335717cbcb'}, 'dob': {'date': '1964-12-23T05:32:41.270Z', 'age': 59}, 'registered': {'date': '2010-10-16T13:40:07.842Z', 'age': 13}, 'phone': '05-39-19-10-53', 'cell': '06-20-90-60-22', 'id': {'name': 'INSEE', 'value': '2641181497579 22'}, 'picture': {'large': 'https://randomuser.me/api/portraits/women/78.jpg', 'medium': 'https://randomuser.me/api/portraits/med/women/78.jpg', 'thumbnail': 'https://randomuser.me/api/portraits/thumb/women/78.jpg'}, 'nat': 'FR'}], 'info': {'seed': '7d19fcd440523fb9', 'results': 1, 'page': 1, 'version': '1.4'}}</msg>
<arg>${json_data}</arg>
<doc>Logs the given message with the given level.</doc>
<status status="PASS" start="2024-06-01T06:19:10.796053" elapsed="0.000245"/>
</kw>
<kw name="Should Be String" owner="String">
<arg>${json_data['results'][0]['gender']}</arg>
<doc>Fails if the given ``item`` is not a string.</doc>
<status status="PASS" start="2024-06-01T06:19:10.796598" elapsed="0.000363"/>
</kw>
<kw name="Should Match Regexp" owner="BuiltIn">
<arg>${json_data['results'][0]['email']}</arg>
<arg>^[a-zA-Z0-9._%+-]+@[a-zA-Z0-9.-]+\.[a-zA-Z]{2,}$</arg>
<doc>Fails if ``string`` does not match ``pattern`` as a regular expression.</doc>
<status status="PASS" start="2024-06-01T06:19:10.797154" elapsed="0.000517"/>
</kw>
<kw name="Should Match Regexp" owner="BuiltIn">
<arg>${json_data['results'][0]['dob']['date']}</arg>
<arg>\\d{4}-\\d{2}-\\d{2}T\\d{2}:\\d{2}:\\d{2}\\.\\d{3}Z</arg>
<doc>Fails if ``string`` does not match ``pattern`` as a regular expression.</doc>
<status status="PASS" start="2024-06-01T06:19:10.797868" elapsed="0.000487"/>
</kw>
<kw name="Should Match Regexp" owner="BuiltIn">
<arg>${json_data['results'][0]['registered']['date']}</arg>
<arg>\\d{4}-\\d{2}-\\d{2}T\\d{2}:\\d{2}:\\d{2}\\.\\d{3}Z</arg>
<doc>Fails if ``string`` does not match ``pattern`` as a regular expression.</doc>
<status status="PASS" start="2024-06-01T06:19:10.798559" elapsed="0.000366"/>
</kw>
<kw name="Should Match Regexp" owner="BuiltIn">
<arg>${json_data['results'][0]['picture']['large']}</arg>
<arg>^https?://.*\.(?:png|jpe?g|gif|bmp)$</arg>
<doc>Fails if ``string`` does not match ``pattern`` as a regular expression.</doc>
<status status="PASS" start="2024-06-01T06:19:10.799115" elapsed="0.000506"/>
</kw>
<kw name="Should Match Regexp" owner="BuiltIn">
<arg>${json_data['results'][0]['picture']['medium']}</arg>
<arg>^https?://.*\.(?:png|jpe?g|gif|bmp)$</arg>
<doc>Fails if ``string`` does not match ``pattern`` as a regular expression.</doc>
<status status="PASS" start="2024-06-01T06:19:10.799816" elapsed="0.000352"/>
</kw>
<kw name="Should Match Regexp" owner="BuiltIn">
<arg>${json_data['results'][0]['picture']['thumbnail']}</arg>
<arg>^https?://.*\.(?:png|jpe?g|gif|bmp)$</arg>
<doc>Fails if ``string`` does not match ``pattern`` as a regular expression.</doc>
<status status="PASS" start="2024-06-01T06:19:10.800355" elapsed="0.000348"/>
</kw>
<kw name="Log" owner="BuiltIn">
<msg time="2024-06-01T06:19:10.801372" level="INFO">{'large': 'https://randomuser.me/api/portraits/women/78.jpg', 'medium': 'https://randomuser.me/api/portraits/med/women/78.jpg', 'thumbnail': 'https://randomuser.me/api/portraits/thumb/women/78.jpg'}</msg>
<arg>${json_data['results'][0]['picture']}</arg>
<doc>Logs the given message with the given level.</doc>
<status status="PASS" start="2024-06-01T06:19:10.800892" elapsed="0.000535"/>
</kw>
<status status="PASS" start="2024-06-01T06:19:10.700880" elapsed="0.100814"/>
</kw>
<kw name="Teste de Tipos de Dados - Postcode" owner="random-user-service">
<kw name="GET On Session" owner="RequestsLibrary">
<msg time="2024-06-01T06:19:10.880681" level="INFO">GET Request : url=https://randomuser.me/api 
 path_url=/api 
 headers={'User-Agent': 'python-requests/2.32.3', 'Accept-Encoding': 'gzip, deflate', 'Accept': '*/*', 'Connection': 'keep-alive'} 
 body=None 
 </msg>
<msg time="2024-06-01T06:19:10.880791" level="INFO">GET Response : url=https://randomuser.me/api 
 status=200, reason=OK 
 headers={'Date': 'Sat, 01 Jun 2024 06:19:10 GMT', 'Content-Type': 'application/json; charset=utf-8', 'Transfer-Encoding': 'chunked', 'Connection': 'keep-alive', 'X-Powered-By': 'Express', 'Access-Control-Allow-Origin': '*', 'Cache-Control': 'no-cache', 'ETag': 'W/"48b-7qN+p31jd8ZQaS6zvQwt2DCve1M"', 'Vary': 'Accept-Encoding', 'Content-Encoding': 'gzip', 'CF-Cache-Status': 'DYNAMIC', 'Report-To': '{"endpoints":[{"url":"https:\\/\\/a.nel.cloudflare.com\\/report\\/v4?s=pwVdlTuPOZGajiHEQhC%2Bytc1MNdlDml29vVaFOiJ3kPqInege8ZhebK3FwynrChwbtAzCEyt8AA6f46Y%2FG%2FvzA4antrdswkAx4s95psRJ0aJ7FCtLvKHS3v6BUwG0RL%2B"}],"group":"cf-nel","max_age":604800}', 'NEL': '{"success_fraction":0,"report_to":"cf-nel","max_age":604800}', 'Server': 'cloudflare', 'CF-RAY': '88cd17308bae07d4-IAD', 'alt-svc': 'h3=":443"; ma=86400'} 
 body={"results":[{"gender":"female","name":{"title":"Ms","first":"Alicia","last":"Santana"},"location":{"street":{"number":6170,"name":"Avenida de América"},"city":"Arrecife","state":"País Vasco","country":"Spain","postcode":46414,"coordinates":{"latitude":"-33.1967","longitude":"137.9362"},"timezone":{"offset":"-12:00","description":"Eniwetok, Kwajalein"}},"email":"alicia.santana@example.com","login":{"uuid":"0dd0901e-6203-4b72-9960-e2542aaa9703","username":"angryswan258","password":"goaway","salt":"ibpREjtL","md5":"d7fe0b17bbb29e1090288444b38da919","sha1":"cf35c9cf760a6b859ccb3a94352b38af4dc41bde","sha256":"f22f64ed07209c09c9b8c85e1654e645a11c24a44be25443baba4a7bc2dff7ba"},"dob":{"date":"1965-11-21T00:51:43.749Z","age":58},"registered":{"date":"2007-11-13T09:31:30.294Z","age":16},"phone":"966-654-012","cell":"606-366-255","id":{"name":"DNI","value":"76463020-A"},"picture":{"large":"https://randomuser.me/api/portraits/women/15.jpg","medium":"https://randomuser.me/api/portraits/med/women/15.jpg","thumbnail":"https://randomuser.me/api/portraits/thumb/women/15.jpg"},"nat":"ES"}],"info":{"seed":"f0faa1f86b9d312b","results":1,"page":1,"version":"1.4"}} 
 </msg>
<msg time="2024-06-01T06:19:10.880877" level="INFO">/opt/hostedtoolcache/Python/3.12.3/x64/lib/python3.12/site-packages/urllib3/connectionpool.py:1103: InsecureRequestWarning: Unverified HTTPS request is being made to host 'randomuser.me'. Adding certificate verification is strongly advised. See: https://urllib3.readthedocs.io/en/latest/advanced-usage.html#tls-warnings
  warnings.warn(</msg>
<msg time="2024-06-01T06:19:10.881006" level="INFO">${response} = &lt;Response [200]&gt;</msg>
<var>${response}</var>
<arg>consultarAPI</arg>
<arg>/api</arg>
<doc>Sends a GET request on a previously created HTTP Session.</doc>
<status status="PASS" start="2024-06-01T06:19:10.802202" elapsed="0.078842"/>
</kw>
<kw name="Set Variable" owner="BuiltIn">
<msg time="2024-06-01T06:19:10.882358" level="INFO">${json_data} = {'results': [{'gender': 'female', 'name': {'title': 'Ms', 'first': 'Alicia', 'last': 'Santana'}, 'location': {'street': {'number': 6170, 'name': 'Avenida de América'}, 'city': 'Arrecife', 'state': 'Pa...</msg>
<var>${json_data}</var>
<arg>${response.json()}</arg>
<doc>Returns the given values which can then be assigned to a variables.</doc>
<status status="PASS" start="2024-06-01T06:19:10.881730" elapsed="0.000662"/>
</kw>
<kw name="Log" owner="BuiltIn">
<msg time="2024-06-01T06:19:10.882870" level="INFO">{'results': [{'gender': 'female', 'name': {'title': 'Ms', 'first': 'Alicia', 'last': 'Santana'}, 'location': {'street': {'number': 6170, 'name': 'Avenida de América'}, 'city': 'Arrecife', 'state': 'País Vasco', 'country': 'Spain', 'postcode': 46414, 'coordinates': {'latitude': '-33.1967', 'longitude': '137.9362'}, 'timezone': {'offset': '-12:00', 'description': 'Eniwetok, Kwajalein'}}, 'email': 'alicia.santana@example.com', 'login': {'uuid': '0dd0901e-6203-4b72-9960-e2542aaa9703', 'username': 'angryswan258', 'password': 'goaway', 'salt': 'ibpREjtL', 'md5': 'd7fe0b17bbb29e1090288444b38da919', 'sha1': 'cf35c9cf760a6b859ccb3a94352b38af4dc41bde', 'sha256': 'f22f64ed07209c09c9b8c85e1654e645a11c24a44be25443baba4a7bc2dff7ba'}, 'dob': {'date': '1965-11-21T00:51:43.749Z', 'age': 58}, 'registered': {'date': '2007-11-13T09:31:30.294Z', 'age': 16}, 'phone': '966-654-012', 'cell': '606-366-255', 'id': {'name': 'DNI', 'value': '76463020-A'}, 'picture': {'large': 'https://randomuser.me/api/portraits/women/15.jpg', 'medium': 'https://randomuser.me/api/portraits/med/women/15.jpg', 'thumbnail': 'https://randomuser.me/api/portraits/thumb/women/15.jpg'}, 'nat': 'ES'}], 'info': {'seed': 'f0faa1f86b9d312b', 'results': 1, 'page': 1, 'version': '1.4'}}</msg>
<arg>${json_data}</arg>
<doc>Logs the given message with the given level.</doc>
<status status="PASS" start="2024-06-01T06:19:10.882709" elapsed="0.000244"/>
</kw>
<kw name="Should Be Equal As Numbers" owner="BuiltIn">
<arg>${json_data['results'][0]['location']['postcode']}</arg>
<arg>${json_data['results'][0]['location']['postcode']}</arg>
<doc>Fails if objects are unequal after converting them to real numbers.</doc>
<status status="PASS" start="2024-06-01T06:19:10.883301" elapsed="0.000800"/>
</kw>
<kw name="Log" owner="BuiltIn">
<msg time="2024-06-01T06:19:10.884634" level="INFO">46414</msg>
<arg>${json_data['results'][0]['location']['postcode']}</arg>
<doc>Logs the given message with the given level.</doc>
<status status="PASS" start="2024-06-01T06:19:10.884297" elapsed="0.000378"/>
</kw>
<status status="PASS" start="2024-06-01T06:19:10.801928" elapsed="0.083003"/>
</kw>
<doc>Testa se os tipos de dados na resposta da API estão corretos.</doc>
<tag>testeTiposDados</tag>
<status status="PASS" start="2024-06-01T06:19:10.700416" elapsed="0.184684"/>
</test>
<test id="s1-s1-t5" name="Validar conteudo" line="35">
<kw name="Teste de Tipos de Conteudo" owner="random-user-service">
<kw name="GET On Session" owner="RequestsLibrary">
<msg time="2024-06-01T06:19:10.978715" level="INFO">GET Request : url=https://randomuser.me/api 
 path_url=/api 
 headers={'User-Agent': 'python-requests/2.32.3', 'Accept-Encoding': 'gzip, deflate', 'Accept': '*/*', 'Connection': 'keep-alive'} 
 body=None 
 </msg>
<msg time="2024-06-01T06:19:10.978828" level="INFO">GET Response : url=https://randomuser.me/api 
 status=200, reason=OK 
 headers={'Date': 'Sat, 01 Jun 2024 06:19:10 GMT', 'Content-Type': 'application/json; charset=utf-8', 'Transfer-Encoding': 'chunked', 'Connection': 'keep-alive', 'X-Powered-By': 'Express', 'Access-Control-Allow-Origin': '*', 'Cache-Control': 'no-cache', 'ETag': 'W/"499-0ejhSP+da2DgLw1tXARzUq+t1kk"', 'Vary': 'Accept-Encoding', 'Content-Encoding': 'gzip', 'CF-Cache-Status': 'DYNAMIC', 'Report-To': '{"endpoints":[{"url":"https:\\/\\/a.nel.cloudflare.com\\/report\\/v4?s=UWggN2jDHSFQHKHs4fwRSuv1AxuRc2ssoM4RKvU5So1y7E%2BiMpm9wHxGCnMDn%2BRAHfJjJKWmD4ap3C1bQhq5TQ7E%2BIgp2YUETbnM6%2Fl8nLSv0e7UFLonH8u97AM4%2FBi9"}],"group":"cf-nel","max_age":604800}', 'NEL': '{"success_fraction":0,"report_to":"cf-nel","max_age":604800}', 'Server': 'cloudflare', 'CF-RAY': '88cd17310c2007d4-IAD', 'alt-svc': 'h3=":443"; ma=86400'} 
 body={"results":[{"gender":"male","name":{"title":"Mr","first":"Eduíno","last":"da Paz"},"location":{"street":{"number":7461,"name":"Rua Quatro"},"city":"Ribeirão Pires","state":"Distrito Federal","country":"Brazil","postcode":21667,"coordinates":{"latitude":"-74.1426","longitude":"-38.2191"},"timezone":{"offset":"-3:00","description":"Brazil, Buenos Aires, Georgetown"}},"email":"eduino.dapaz@example.com","login":{"uuid":"545b8b42-7cac-46c1-8abb-cbd3ae9c87c0","username":"sadpanda808","password":"pancho","salt":"DXQUyWhq","md5":"fc42fc02c7f70bcfa393e58de0dcdaed","sha1":"2adcf9875eddb54990a78e8ba645f90a962deeae","sha256":"a193a4c85b1c29b0c7113d7aab316e66e09fe9eceb8875e6602fc007eb93802b"},"dob":{"date":"1985-10-18T13:44:55.799Z","age":38},"registered":{"date":"2018-09-28T00:18:59.191Z","age":5},"phone":"(69) 6754-7082","cell":"(64) 8002-8606","id":{"name":"CPF","value":"888.991.834-22"},"picture":{"large":"https://randomuser.me/api/portraits/men/20.jpg","medium":"https://randomuser.me/api/portraits/med/men/20.jpg","thumbnail":"https://randomuser.me/api/portraits/thumb/men/20.jpg"},"nat":"BR"}],"info":{"seed":"d018901c407c7f13","results":1,"page":1,"version":"1.4"}} 
 </msg>
<msg time="2024-06-01T06:19:10.978918" level="INFO">/opt/hostedtoolcache/Python/3.12.3/x64/lib/python3.12/site-packages/urllib3/connectionpool.py:1103: InsecureRequestWarning: Unverified HTTPS request is being made to host 'randomuser.me'. Adding certificate verification is strongly advised. See: https://urllib3.readthedocs.io/en/latest/advanced-usage.html#tls-warnings
  warnings.warn(</msg>
<msg time="2024-06-01T06:19:10.979058" level="INFO">${response} = &lt;Response [200]&gt;</msg>
<var>${response}</var>
<arg>consultarAPI</arg>
<arg>/api</arg>
<doc>Sends a GET request on a previously created HTTP Session.</doc>
<status status="PASS" start="2024-06-01T06:19:10.887961" elapsed="0.091138"/>
</kw>
<kw name="Set Variable" owner="BuiltIn">
<msg time="2024-06-01T06:19:10.980454" level="INFO">${json_data} = {'results': [{'gender': 'male', 'name': {'title': 'Mr', 'first': 'Eduíno', 'last': 'da Paz'}, 'location': {'street': {'number': 7461, 'name': 'Rua Quatro'}, 'city': 'Ribeirão Pires', 'state': 'Distrit...</msg>
<var>${json_data}</var>
<arg>${response.json()}</arg>
<doc>Returns the given values which can then be assigned to a variables.</doc>
<status status="PASS" start="2024-06-01T06:19:10.979815" elapsed="0.000670"/>
</kw>
<kw name="Set Variable" owner="BuiltIn">
<msg time="2024-06-01T06:19:10.981179" level="INFO">${name_title} = Mr</msg>
<var>${name_title}</var>
<arg>${json_data["results"][0]["name"]["title"]}</arg>
<doc>Returns the given values which can then be assigned to a variables.</doc>
<status status="PASS" start="2024-06-01T06:19:10.980801" elapsed="0.000404"/>
</kw>
<kw name="Create List" owner="BuiltIn">
<msg time="2024-06-01T06:19:10.981653" level="INFO">${allowed_titles} = ['Mr', 'Ms', 'Miss', 'Mrs', 'Madame', 'Monsieur']</msg>
<var>${allowed_titles}</var>
<arg>Mr</arg>
<arg>Ms</arg>
<arg>Miss</arg>
<arg>Mrs</arg>
<arg>Madame</arg>
<arg>Monsieur</arg>
<doc>Returns a list containing given items.</doc>
<status status="PASS" start="2024-06-01T06:19:10.981504" elapsed="0.000173"/>
</kw>
<kw name="List Should Contain Value" owner="Collections">
<msg time="2024-06-01T06:19:10.982149" level="INFO">False</msg>
<arg>${allowed_titles}</arg>
<arg>${name_title}</arg>
<doc>Fails if the ``value`` is not found from ``list``.</doc>
<status status="PASS" start="2024-06-01T06:19:10.981974" elapsed="0.000216"/>
</kw>
<kw name="Set Variable" owner="BuiltIn">
<msg time="2024-06-01T06:19:10.982845" level="INFO">${name_country} = BR</msg>
<var>${name_country}</var>
<arg>${json_data["results"][0]["nat"]}</arg>
<doc>Returns the given values which can then be assigned to a variables.</doc>
<status status="PASS" start="2024-06-01T06:19:10.982476" elapsed="0.000394"/>
</kw>
<kw name="Create List" owner="BuiltIn">
<msg time="2024-06-01T06:19:10.983803" level="INFO">${list_country} = ['AD', 'AE', 'AF', 'AG', 'AI', 'AL', 'AM', 'AO', 'AQ', 'AR', 'AS', 'AT', 'AU', 'AW', 'AX', 'AZ', 'BA', 'BB', 'BD', 'BE', 'BF', 'BG', 'BH', 'BI', 'BJ', 'BL', 'BM', 'BN', 'BO', 'BQ', 'BR', 'BS', 'BT', '...</msg>
<var>${list_country}</var>
<arg>AD</arg>
<arg>AE</arg>
<arg>AF</arg>
<arg>AG</arg>
<arg>AI</arg>
<arg>AL</arg>
<arg>AM</arg>
<arg>AO</arg>
<arg>AQ</arg>
<arg>AR</arg>
<arg>AS</arg>
<arg>AT</arg>
<arg>AU</arg>
<arg>AW</arg>
<arg>AX</arg>
<arg>AZ</arg>
<arg>BA</arg>
<arg>BB</arg>
<arg>BD</arg>
<arg>BE</arg>
<arg>BF</arg>
<arg>BG</arg>
<arg>BH</arg>
<arg>BI</arg>
<arg>BJ</arg>
<arg>BL</arg>
<arg>BM</arg>
<arg>BN</arg>
<arg>BO</arg>
<arg>BQ</arg>
<arg>BR</arg>
<arg>BS</arg>
<arg>BT</arg>
<arg>BV</arg>
<arg>BW</arg>
<arg>BY</arg>
<arg>BZ</arg>
<arg>CA</arg>
<arg>CC</arg>
<arg>CD</arg>
<arg>CF</arg>
<arg>CG</arg>
<arg>CH</arg>
<arg>CI</arg>
<arg>CK</arg>
<arg>CL</arg>
<arg>CM</arg>
<arg>CN</arg>
<arg>CO</arg>
<arg>CR</arg>
<arg>CU</arg>
<arg>CV</arg>
<arg>CW</arg>
<arg>CX</arg>
<arg>CY</arg>
<arg>CZ</arg>
<arg>DE</arg>
<arg>DJ</arg>
<arg>DK</arg>
<arg>DM</arg>
<arg>DO</arg>
<arg>DZ</arg>
<arg>EC</arg>
<arg>EE</arg>
<arg>EG</arg>
<arg>EH</arg>
<arg>ER</arg>
<arg>ES</arg>
<arg>ET</arg>
<arg>FI</arg>
<arg>FJ</arg>
<arg>FK</arg>
<arg>FM</arg>
<arg>FO</arg>
<arg>FR</arg>
<arg>GA</arg>
<arg>GB</arg>
<arg>GD</arg>
<arg>GE</arg>
<arg>GF</arg>
<arg>GG</arg>
<arg>GH</arg>
<arg>GI</arg>
<arg>GL</arg>
<arg>GM</arg>
<arg>GN</arg>
<arg>GP</arg>
<arg>GQ</arg>
<arg>GR</arg>
<arg>GS</arg>
<arg>GT</arg>
<arg>GU</arg>
<arg>GW</arg>
<arg>GY</arg>
<arg>HK</arg>
<arg>HM</arg>
<arg>HN</arg>
<arg>HR</arg>
<arg>HT</arg>
<arg>HU</arg>
<arg>ID</arg>
<arg>IE</arg>
<arg>IL</arg>
<arg>IM</arg>
<arg>IN</arg>
<arg>IO</arg>
<arg>IQ</arg>
<arg>IR</arg>
<arg>IS</arg>
<arg>IT</arg>
<arg>JE</arg>
<arg>JM</arg>
<arg>JO</arg>
<arg>JP</arg>
<arg>KE</arg>
<arg>KG</arg>
<arg>KH</arg>
<arg>KI</arg>
<arg>KM</arg>
<arg>KN</arg>
<arg>KP</arg>
<arg>KR</arg>
<arg>KW</arg>
<arg>KY</arg>
<arg>KZ</arg>
<arg>LA</arg>
<arg>LB</arg>
<arg>LC</arg>
<arg>LI</arg>
<arg>LK</arg>
<arg>LR</arg>
<arg>LS</arg>
<arg>LT</arg>
<arg>LU</arg>
<arg>LV</arg>
<arg>LY</arg>
<arg>MA</arg>
<arg>MC</arg>
<arg>MD</arg>
<arg>ME</arg>
<arg>MF</arg>
<arg>MG</arg>
<arg>MH</arg>
<arg>MK</arg>
<arg>ML</arg>
<arg>MM</arg>
<arg>MN</arg>
<arg>MO</arg>
<arg>MP</arg>
<arg>MQ</arg>
<arg>MR</arg>
<arg>MS</arg>
<arg>MT</arg>
<arg>MU</arg>
<arg>MV</arg>
<arg>MW</arg>
<arg>MX</arg>
<arg>MY</arg>
<arg>MZ</arg>
<arg>NA</arg>
<arg>NC</arg>
<arg>NE</arg>
<arg>NF</arg>
<arg>NG</arg>
<arg>NI</arg>
<arg>NL</arg>
<arg>NO</arg>
<arg>NP</arg>
<arg>NR</arg>
<arg>NU</arg>
<arg>NZ</arg>
<arg>OM</arg>
<arg>PA</arg>
<arg>PE</arg>
<arg>PF</arg>
<arg>PG</arg>
<arg>PH</arg>
<arg>PK</arg>
<arg>PL</arg>
<arg>PM</arg>
<arg>PN</arg>
<arg>PR</arg>
<arg>PS</arg>
<arg>PT</arg>
<arg>PW</arg>
<arg>PY</arg>
<arg>QA</arg>
<arg>RE</arg>
<arg>RO</arg>
<arg>RS</arg>
<arg>RU</arg>
<arg>RW</arg>
<arg>SA</arg>
<arg>SB</arg>
<arg>SC</arg>
<arg>SD</arg>
<arg>SE</arg>
<arg>SG</arg>
<arg>SH</arg>
<arg>SI</arg>
<arg>SJ</arg>
<arg>SK</arg>
<arg>SL</arg>
<arg>SM</arg>
<arg>SN</arg>
<arg>SO</arg>
<arg>SR</arg>
<arg>SS</arg>
<arg>ST</arg>
<arg>SV</arg>
<arg>SX</arg>
<arg>SY</arg>
<arg>SZ</arg>
<arg>TC</arg>
<arg>TD</arg>
<arg>TF</arg>
<arg>TG</arg>
<arg>TH</arg>
<arg>TJ</arg>
<arg>TK</arg>
<arg>TL</arg>
<arg>TM</arg>
<arg>TN</arg>
<arg>TO</arg>
<arg>TR</arg>
<arg>TT</arg>
<arg>TV</arg>
<arg>TW</arg>
<arg>TZ</arg>
<arg>UA</arg>
<arg>UG</arg>
<arg>UM</arg>
<arg>US</arg>
<arg>UY</arg>
<arg>UZ</arg>
<arg>VA</arg>
<arg>VC</arg>
<arg>VE</arg>
<arg>VG</arg>
<arg>VI</arg>
<arg>VN</arg>
<arg>VU</arg>
<arg>WF</arg>
<arg>WS</arg>
<arg>XK</arg>
<arg>YE</arg>
<arg>YT</arg>
<arg>ZA</arg>
<arg>ZM</arg>
<arg>ZW</arg>
<doc>Returns a list containing given items.</doc>
<status status="PASS" start="2024-06-01T06:19:10.983201" elapsed="0.000628"/>
</kw>
<kw name="List Should Contain Value" owner="Collections">
<msg time="2024-06-01T06:19:10.984827" level="INFO">False</msg>
<arg>${list_country}</arg>
<arg>${name_country}</arg>
<doc>Fails if the ``value`` is not found from ``list``.</doc>
<status status="PASS" start="2024-06-01T06:19:10.984619" elapsed="0.000245"/>
</kw>
<kw name="Run Keyword If" owner="BuiltIn">
<kw name="Should Be True" owner="BuiltIn">
<arg>${True}</arg>
<doc>Fails if the given condition is not true.</doc>
<status status="PASS" start="2024-06-01T06:19:10.985909" elapsed="0.000143"/>
</kw>
<arg>${json_data["results"][0]["location"]["coordinates"]["latitude"]} &gt;= -90 and ${json_data["results"][0]["location"]["coordinates"]["latitude"]} &lt;= 90</arg>
<arg>Should Be True</arg>
<arg>${True}</arg>
<doc>Runs the given keyword with the given arguments, if ``condition`` is true.</doc>
<status status="PASS" start="2024-06-01T06:19:10.985170" elapsed="0.001004"/>
</kw>
<kw name="Run Keyword If" owner="BuiltIn">
<kw name="Should Be True" owner="BuiltIn">
<arg>${True}</arg>
<doc>Fails if the given condition is not true.</doc>
<status status="PASS" start="2024-06-01T06:19:10.987054" elapsed="0.000299"/>
</kw>
<arg>${json_data["results"][0]["location"]["coordinates"]["longitude"]} &gt;= -180 and ${json_data["results"][0]["location"]["coordinates"]["longitude"]} &lt;= 180</arg>
<arg>Should Be True</arg>
<arg>${True}</arg>
<doc>Runs the given keyword with the given arguments, if ``condition`` is true.</doc>
<status status="PASS" start="2024-06-01T06:19:10.986355" elapsed="0.001128"/>
</kw>
<status status="PASS" start="2024-06-01T06:19:10.887581" elapsed="0.100035"/>
</kw>
<doc>Testa o conteúdo específico dos campos retornados pela API.</doc>
<tag>testeConteudo</tag>
<status status="PASS" start="2024-06-01T06:19:10.886903" elapsed="0.100865"/>
</test>
<status status="PASS" start="2024-06-01T06:19:10.058633" elapsed="0.931097"/>
</suite>
<status status="PASS" start="2024-06-01T06:19:10.044961" elapsed="0.949985"/>
</suite>
<statistics>
<total>
<stat pass="5" fail="0" skip="0">All Tests</stat>
</total>
<tag>
<stat pass="1" fail="0" skip="0">testeConteudo</stat>
<stat pass="1" fail="0" skip="0">testeEstruturaResposta</stat>
<stat pass="1" fail="0" skip="0">testeRequisicaoBasica</stat>
<stat pass="1" fail="0" skip="0">testeTiposDados</stat>
</tag>
<suite>
<stat pass="5" fail="0" skip="0" id="s1" name="Tests">Tests</stat>
<stat pass="5" fail="0" skip="0" id="s1-s1" name="Random-User-Test">Tests.Random-User-Test</stat>
</suite>
</statistics>
<errors>
</errors>
</robot>
