<?xml version="1.0" encoding="UTF-8"?>
<robot generator="Robot 7.0 (Python 3.12.2 on linux)" generated="2024-04-09T03:16:35.132178" rpa="false" schemaversion="5">
<suite id="s1" name="Tests" source="/home/runner/work/DesafioQAItauRogerioJordao/DesafioQAItauRogerioJordao/RamdonUser/tests">
<suite id="s1-s1" name="Random-User-Test" source="/home/runner/work/DesafioQAItauRogerioJordao/DesafioQAItauRogerioJordao/RamdonUser/tests/random-user-test.robot">
<test id="s1-s1-t1" name="Conectar" line="13">
<kw name="Conectar API" owner="random-user-service">
<kw name="Create Session" owner="RequestsLibrary">
<msg time="2024-04-09T03:16:35.568399" level="INFO">Creating Session using : alias=consultarAPI, url=https://randomuser.me/, headers={},                     cookies={}, auth=None, timeout=None, proxies=None, verify=False,                     debug=0 </msg>
<arg>consultarAPI</arg>
<arg>${URL}</arg>
<doc>Create Session: create a HTTP session to a server</doc>
<status status="PASS" start="2024-04-09T03:16:35.568171" elapsed="0.000433"/>
</kw>
<status status="PASS" start="2024-04-09T03:16:35.567090" elapsed="0.001896"/>
</kw>
<status status="PASS" start="2024-04-09T03:16:35.566466" elapsed="0.002732"/>
</test>
<test id="s1-s1-t2" name="Validar retorno 200 e JSON Válido" line="16">
<kw name="Teste de Requisicao Basica" owner="random-user-service">
<kw name="GET On Session" owner="RequestsLibrary">
<msg time="2024-04-09T03:16:35.839689" level="INFO">GET Request : url=https://randomuser.me/api 
 path_url=/api 
 headers={'User-Agent': 'python-requests/2.31.0', 'Accept-Encoding': 'gzip, deflate', 'Accept': '*/*', 'Connection': 'keep-alive'} 
 body=None 
 </msg>
<msg time="2024-04-09T03:16:35.839867" level="INFO">GET Response : url=https://randomuser.me/api 
 status=200, reason=OK 
 headers={'Date': 'Tue, 09 Apr 2024 03:16:35 GMT', 'Content-Type': 'application/json; charset=utf-8', 'Transfer-Encoding': 'chunked', 'Connection': 'keep-alive', 'X-Powered-By': 'Express', 'Access-Control-Allow-Origin': '*', 'Cache-Control': 'no-cache', 'ETag': 'W/"496-qXT5bCNbyAOpkNeSp9XvU3nXQKc"', 'Vary': 'Accept-Encoding', 'Content-Encoding': 'gzip', 'CF-Cache-Status': 'DYNAMIC', 'Report-To': '{"endpoints":[{"url":"https:\\/\\/a.nel.cloudflare.com\\/report\\/v4?s=4%2BeqzYmNAi%2BovbOCGb7%2FDo%2Fd4C6T9EUyidKcPRU%2BBADeTAbi54F86N%2B5mIW9MfBk4Em6akes5Kz05fK8ZttpfEkCPfHaxufA%2BLluptJTiTEd4Vb4cMt5vA4ooQaA1nLQ"}],"group":"cf-nel","max_age":604800}', 'NEL': '{"success_fraction":0,"report_to":"cf-nel","max_age":604800}', 'Server': 'cloudflare', 'CF-RAY': '871756db7c1c620b-ORD', 'alt-svc': 'h3=":443"; ma=86400'} 
 body={"results":[{"gender":"male","name":{"title":"Monsieur","first":"Norbert","last":"Rey"},"location":{"street":{"number":2928,"name":"Rue Louis-Garrand"},"city":"Lugnez","state":"Uri","country":"Switzerland","postcode":4846,"coordinates":{"latitude":"-62.3419","longitude":"-135.6659"},"timezone":{"offset":"-3:00","description":"Brazil, Buenos Aires, Georgetown"}},"email":"norbert.rey@example.com","login":{"uuid":"bd54e8d9-4d36-4848-ab52-c4d56536dd90","username":"goldencat777","password":"quant4307s","salt":"s2mAItFN","md5":"d3d51508ba45609940a19eae4b4127e5","sha1":"33ff07a8a2ec517ceabce1b0773a6bc292e2630a","sha256":"cfcb46fad39f559ba370a6694ea66a3ccaa7a69c9719f0279511ee9871423246"},"dob":{"date":"1959-06-04T07:26:53.627Z","age":64},"registered":{"date":"2018-12-25T05:15:38.678Z","age":5},"phone":"076 248 85 08","cell":"079 113 05 73","id":{"name":"AVS","value":"756.5847.0475.82"},"picture":{"large":"https://randomuser.me/api/portraits/men/34.jpg","medium":"https://randomuser.me/api/portraits/med/men/34.jpg","thumbnail":"https://randomuser.me/api/portraits/thumb/men/34.jpg"},"nat":"CH"}],"info":{"seed":"99ee50e361d4b7dc","results":1,"page":1,"version":"1.4"}} 
 </msg>
<msg time="2024-04-09T03:16:35.839965" level="INFO">/opt/hostedtoolcache/Python/3.12.2/x64/lib/python3.12/site-packages/urllib3/connectionpool.py:1103: InsecureRequestWarning: Unverified HTTPS request is being made to host 'randomuser.me'. Adding certificate verification is strongly advised. See: https://urllib3.readthedocs.io/en/latest/advanced-usage.html#tls-warnings
  warnings.warn(</msg>
<msg time="2024-04-09T03:16:35.840134" level="INFO">${response} = &lt;Response [200]&gt;</msg>
<var>${response}</var>
<arg>consultarAPI</arg>
<arg>/api</arg>
<doc>Sends a GET request on a previously created HTTP Session.</doc>
<status status="PASS" start="2024-04-09T03:16:35.571911" elapsed="0.268270"/>
</kw>
<kw name="Should Be Equal As Numbers" owner="BuiltIn">
<msg time="2024-04-09T03:16:35.841233" level="INFO">Argument types are:
&lt;class 'int'&gt;
&lt;class 'str'&gt;</msg>
<arg>${response.status_code}</arg>
<arg>200</arg>
<doc>Fails if objects are unequal after converting them to real numbers.</doc>
<status status="PASS" start="2024-04-09T03:16:35.840748" elapsed="0.000556"/>
</kw>
<kw name="Log" owner="BuiltIn">
<msg time="2024-04-09T03:16:35.842085" level="INFO">200</msg>
<arg>${response.status_code}</arg>
<doc>Logs the given message with the given level.</doc>
<status status="PASS" start="2024-04-09T03:16:35.841677" elapsed="0.000464"/>
</kw>
<kw name="Set Variable" owner="BuiltIn">
<msg time="2024-04-09T03:16:35.842966" level="INFO">${json_data} = {'results': [{'gender': 'male', 'name': {'title': 'Monsieur', 'first': 'Norbert', 'last': 'Rey'}, 'location': {'street': {'number': 2928, 'name': 'Rue Louis-Garrand'}, 'city': 'Lugnez', 'state': 'Uri'...</msg>
<var>${json_data}</var>
<arg>${response.json()}</arg>
<doc>Returns the given values which can then be assigned to a variables.</doc>
<status status="PASS" start="2024-04-09T03:16:35.842505" elapsed="0.000490"/>
</kw>
<kw name="Dictionary Should Contain Key" owner="Collections">
<msg time="2024-04-09T03:16:35.843487" level="INFO">False</msg>
<arg>${json_data}</arg>
<arg>results</arg>
<doc>Fails if ``key`` is not found from ``dictionary``.</doc>
<status status="PASS" start="2024-04-09T03:16:35.843311" elapsed="0.000217"/>
</kw>
<status status="PASS" start="2024-04-09T03:16:35.571649" elapsed="0.272145"/>
</kw>
<doc>Testa se a API responde corretamente e retorna um objeto JSON válido.</doc>
<tag>testeRequisicaoBasica</tag>
<status status="PASS" start="2024-04-09T03:16:35.571108" elapsed="0.272883"/>
</test>
<test id="s1-s1-t3" name="Validar estrutura de resposta" line="22">
<kw name="Teste de Estrutura de Resposta" owner="random-user-service">
<kw name="GET On Session" owner="RequestsLibrary">
<msg time="2024-04-09T03:16:36.063852" level="INFO">GET Request : url=https://randomuser.me/api 
 path_url=/api 
 headers={'User-Agent': 'python-requests/2.31.0', 'Accept-Encoding': 'gzip, deflate', 'Accept': '*/*', 'Connection': 'keep-alive'} 
 body=None 
 </msg>
<msg time="2024-04-09T03:16:36.063969" level="INFO">GET Response : url=https://randomuser.me/api 
 status=200, reason=OK 
 headers={'Date': 'Tue, 09 Apr 2024 03:16:36 GMT', 'Content-Type': 'application/json; charset=utf-8', 'Transfer-Encoding': 'chunked', 'Connection': 'keep-alive', 'X-Powered-By': 'Express', 'Access-Control-Allow-Origin': '*', 'Cache-Control': 'no-cache', 'ETag': 'W/"4ae-yBNzygJk3/Lbnh+Xg/ZXOV49x64"', 'Vary': 'Accept-Encoding', 'Content-Encoding': 'gzip', 'CF-Cache-Status': 'DYNAMIC', 'Report-To': '{"endpoints":[{"url":"https:\\/\\/a.nel.cloudflare.com\\/report\\/v4?s=NA1AMIbdjDhXGYtN07XgWrAcXjalAMVgHQW2B16HJz6nLSlvYjjy%2FQCYe4UhteYFj%2FjGgKThlhD6J3ZPS%2F2wVHiv0PDni1Ng27NG8eE1tgHE0kS5sIcwsxBfnysmW0qz"}],"group":"cf-nel","max_age":604800}', 'NEL': '{"success_fraction":0,"report_to":"cf-nel","max_age":604800}', 'Server': 'cloudflare', 'CF-RAY': '871756dc0cd7620b-ORD', 'alt-svc': 'h3=":443"; ma=86400'} 
 body={"results":[{"gender":"male","name":{"title":"Mr","first":"Maxence","last":"Robin"},"location":{"street":{"number":3164,"name":"Esplanade du 9 Novembre 1989"},"city":"Orléans","state":"Creuse","country":"France","postcode":86742,"coordinates":{"latitude":"-18.9042","longitude":"-100.7397"},"timezone":{"offset":"+11:00","description":"Magadan, Solomon Islands, New Caledonia"}},"email":"maxence.robin@example.com","login":{"uuid":"aef52a3d-2621-450f-ba04-69ff3a166ff3","username":"beautifulelephant486","password":"ning","salt":"ixlhwb7D","md5":"e604af17c38118a8da58c987b8ad5d5e","sha1":"fd085eef299e5998186c85ece1b4dd8b85a201cc","sha256":"6b9de72fe48692438aa544955124b3e09a64a5fe23cd3065f89822c7caad0456"},"dob":{"date":"1976-11-26T17:08:55.368Z","age":47},"registered":{"date":"2021-03-11T04:19:08.075Z","age":3},"phone":"02-60-44-99-23","cell":"06-88-27-19-46","id":{"name":"INSEE","value":"1761081519491 60"},"picture":{"large":"https://randomuser.me/api/portraits/men/93.jpg","medium":"https://randomuser.me/api/portraits/med/men/93.jpg","thumbnail":"https://randomuser.me/api/portraits/thumb/men/93.jpg"},"nat":"FR"}],"info":{"seed":"048af59d6ea92d29","results":1,"page":1,"version":"1.4"}} 
 </msg>
<msg time="2024-04-09T03:16:36.064144" level="INFO">/opt/hostedtoolcache/Python/3.12.2/x64/lib/python3.12/site-packages/urllib3/connectionpool.py:1103: InsecureRequestWarning: Unverified HTTPS request is being made to host 'randomuser.me'. Adding certificate verification is strongly advised. See: https://urllib3.readthedocs.io/en/latest/advanced-usage.html#tls-warnings
  warnings.warn(</msg>
<msg time="2024-04-09T03:16:36.064317" level="INFO">${response} = &lt;Response [200]&gt;</msg>
<var>${response}</var>
<arg>consultarAPI</arg>
<arg>/api</arg>
<doc>Sends a GET request on a previously created HTTP Session.</doc>
<status status="PASS" start="2024-04-09T03:16:35.846855" elapsed="0.217508"/>
</kw>
<kw name="Set Variable" owner="BuiltIn">
<msg time="2024-04-09T03:16:36.065408" level="INFO">${json_data} = {'results': [{'gender': 'male', 'name': {'title': 'Mr', 'first': 'Maxence', 'last': 'Robin'}, 'location': {'street': {'number': 3164, 'name': 'Esplanade du 9 Novembre 1989'}, 'city': 'Orléans', 'state...</msg>
<var>${json_data}</var>
<arg>${response.json()}</arg>
<doc>Returns the given values which can then be assigned to a variables.</doc>
<status status="PASS" start="2024-04-09T03:16:36.064880" elapsed="0.000557"/>
</kw>
<kw name="Log" owner="BuiltIn">
<msg time="2024-04-09T03:16:36.065914" level="INFO">{'results': [{'gender': 'male', 'name': {'title': 'Mr', 'first': 'Maxence', 'last': 'Robin'}, 'location': {'street': {'number': 3164, 'name': 'Esplanade du 9 Novembre 1989'}, 'city': 'Orléans', 'state': 'Creuse', 'country': 'France', 'postcode': 86742, 'coordinates': {'latitude': '-18.9042', 'longitude': '-100.7397'}, 'timezone': {'offset': '+11:00', 'description': 'Magadan, Solomon Islands, New Caledonia'}}, 'email': 'maxence.robin@example.com', 'login': {'uuid': 'aef52a3d-2621-450f-ba04-69ff3a166ff3', 'username': 'beautifulelephant486', 'password': 'ning', 'salt': 'ixlhwb7D', 'md5': 'e604af17c38118a8da58c987b8ad5d5e', 'sha1': 'fd085eef299e5998186c85ece1b4dd8b85a201cc', 'sha256': '6b9de72fe48692438aa544955124b3e09a64a5fe23cd3065f89822c7caad0456'}, 'dob': {'date': '1976-11-26T17:08:55.368Z', 'age': 47}, 'registered': {'date': '2021-03-11T04:19:08.075Z', 'age': 3}, 'phone': '02-60-44-99-23', 'cell': '06-88-27-19-46', 'id': {'name': 'INSEE', 'value': '1761081519491 60'}, 'picture': {'large': 'https://randomuser.me/api/portraits/men/93.jpg', 'medium': 'https://randomuser.me/api/portraits/med/men/93.jpg', 'thumbnail': 'https://randomuser.me/api/portraits/thumb/men/93.jpg'}, 'nat': 'FR'}], 'info': {'seed': '048af59d6ea92d29', 'results': 1, 'page': 1, 'version': '1.4'}}</msg>
<arg>${json_data}</arg>
<doc>Logs the given message with the given level.</doc>
<status status="PASS" start="2024-04-09T03:16:36.065746" elapsed="0.000217"/>
</kw>
<kw name="Dictionary Should Contain Key" owner="Collections">
<msg time="2024-04-09T03:16:36.066467" level="INFO">False</msg>
<arg>${json_data}</arg>
<arg>results</arg>
<doc>Fails if ``key`` is not found from ``dictionary``.</doc>
<status status="PASS" start="2024-04-09T03:16:36.066306" elapsed="0.000200"/>
</kw>
<kw name="Should Not Be Empty" owner="BuiltIn">
<msg time="2024-04-09T03:16:36.066939" level="INFO">Length is 2.</msg>
<arg>${json_data}</arg>
<doc>Verifies that the given item is not empty.</doc>
<status status="PASS" start="2024-04-09T03:16:36.066806" elapsed="0.000172"/>
</kw>
<kw name="Create List" owner="BuiltIn">
<msg time="2024-04-09T03:16:36.067421" level="INFO">${expected_keys} = ['gender', 'name', 'location', 'email', 'login']</msg>
<var>${expected_keys}</var>
<arg>gender</arg>
<arg>name</arg>
<arg>location</arg>
<arg>email</arg>
<arg>login</arg>
<doc>Returns a list containing given items.</doc>
<status status="PASS" start="2024-04-09T03:16:36.067271" elapsed="0.000174"/>
</kw>
<for flavor="IN">
<iter>
<kw name="Dictionary Should Contain Key" owner="Collections">
<msg time="2024-04-09T03:16:36.068446" level="INFO">False</msg>
<arg>${json_data['results'][0]}</arg>
<arg>${key}</arg>
<doc>Fails if ``key`` is not found from ``dictionary``.</doc>
<status status="PASS" start="2024-04-09T03:16:36.068037" elapsed="0.000450"/>
</kw>
<kw name="Log" owner="BuiltIn">
<msg time="2024-04-09T03:16:36.069164" level="INFO">{'gender': 'male', 'name': {'title': 'Mr', 'first': 'Maxence', 'last': 'Robin'}, 'location': {'street': {'number': 3164, 'name': 'Esplanade du 9 Novembre 1989'}, 'city': 'Orléans', 'state': 'Creuse', 'country': 'France', 'postcode': 86742, 'coordinates': {'latitude': '-18.9042', 'longitude': '-100.7397'}, 'timezone': {'offset': '+11:00', 'description': 'Magadan, Solomon Islands, New Caledonia'}}, 'email': 'maxence.robin@example.com', 'login': {'uuid': 'aef52a3d-2621-450f-ba04-69ff3a166ff3', 'username': 'beautifulelephant486', 'password': 'ning', 'salt': 'ixlhwb7D', 'md5': 'e604af17c38118a8da58c987b8ad5d5e', 'sha1': 'fd085eef299e5998186c85ece1b4dd8b85a201cc', 'sha256': '6b9de72fe48692438aa544955124b3e09a64a5fe23cd3065f89822c7caad0456'}, 'dob': {'date': '1976-11-26T17:08:55.368Z', 'age': 47}, 'registered': {'date': '2021-03-11T04:19:08.075Z', 'age': 3}, 'phone': '02-60-44-99-23', 'cell': '06-88-27-19-46', 'id': {'name': 'INSEE', 'value': '1761081519491 60'}, 'picture': {'large': 'https://randomuser.me/api/portraits/men/93.jpg', 'medium': 'https://randomuser.me/api/portraits/med/men/93.jpg', 'thumbnail': 'https://randomuser.me/api/portraits/thumb/men/93.jpg'}, 'nat': 'FR'}</msg>
<arg>${json_data['results'][0]}</arg>
<doc>Logs the given message with the given level.</doc>
<status status="PASS" start="2024-04-09T03:16:36.068795" elapsed="0.000426"/>
</kw>
<kw name="Log" owner="BuiltIn">
<msg time="2024-04-09T03:16:36.069670" level="INFO">gender</msg>
<arg>${key}</arg>
<doc>Logs the given message with the given level.</doc>
<status status="PASS" start="2024-04-09T03:16:36.069527" elapsed="0.000182"/>
</kw>
<var name="${key}">gender</var>
<status status="PASS" start="2024-04-09T03:16:36.067913" elapsed="0.002019"/>
</iter>
<iter>
<kw name="Dictionary Should Contain Key" owner="Collections">
<msg time="2024-04-09T03:16:36.070659" level="INFO">False</msg>
<arg>${json_data['results'][0]}</arg>
<arg>${key}</arg>
<doc>Fails if ``key`` is not found from ``dictionary``.</doc>
<status status="PASS" start="2024-04-09T03:16:36.070271" elapsed="0.000460"/>
</kw>
<kw name="Log" owner="BuiltIn">
<msg time="2024-04-09T03:16:36.071395" level="INFO">{'gender': 'male', 'name': {'title': 'Mr', 'first': 'Maxence', 'last': 'Robin'}, 'location': {'street': {'number': 3164, 'name': 'Esplanade du 9 Novembre 1989'}, 'city': 'Orléans', 'state': 'Creuse', 'country': 'France', 'postcode': 86742, 'coordinates': {'latitude': '-18.9042', 'longitude': '-100.7397'}, 'timezone': {'offset': '+11:00', 'description': 'Magadan, Solomon Islands, New Caledonia'}}, 'email': 'maxence.robin@example.com', 'login': {'uuid': 'aef52a3d-2621-450f-ba04-69ff3a166ff3', 'username': 'beautifulelephant486', 'password': 'ning', 'salt': 'ixlhwb7D', 'md5': 'e604af17c38118a8da58c987b8ad5d5e', 'sha1': 'fd085eef299e5998186c85ece1b4dd8b85a201cc', 'sha256': '6b9de72fe48692438aa544955124b3e09a64a5fe23cd3065f89822c7caad0456'}, 'dob': {'date': '1976-11-26T17:08:55.368Z', 'age': 47}, 'registered': {'date': '2021-03-11T04:19:08.075Z', 'age': 3}, 'phone': '02-60-44-99-23', 'cell': '06-88-27-19-46', 'id': {'name': 'INSEE', 'value': '1761081519491 60'}, 'picture': {'large': 'https://randomuser.me/api/portraits/men/93.jpg', 'medium': 'https://randomuser.me/api/portraits/med/men/93.jpg', 'thumbnail': 'https://randomuser.me/api/portraits/thumb/men/93.jpg'}, 'nat': 'FR'}</msg>
<arg>${json_data['results'][0]}</arg>
<doc>Logs the given message with the given level.</doc>
<status status="PASS" start="2024-04-09T03:16:36.071038" elapsed="0.000407"/>
</kw>
<kw name="Log" owner="BuiltIn">
<msg time="2024-04-09T03:16:36.071873" level="INFO">name</msg>
<arg>${key}</arg>
<doc>Logs the given message with the given level.</doc>
<status status="PASS" start="2024-04-09T03:16:36.071745" elapsed="0.000166"/>
</kw>
<var name="${key}">name</var>
<status status="PASS" start="2024-04-09T03:16:36.070154" elapsed="0.001979"/>
</iter>
<iter>
<kw name="Dictionary Should Contain Key" owner="Collections">
<msg time="2024-04-09T03:16:36.072814" level="INFO">False</msg>
<arg>${json_data['results'][0]}</arg>
<arg>${key}</arg>
<doc>Fails if ``key`` is not found from ``dictionary``.</doc>
<status status="PASS" start="2024-04-09T03:16:36.072437" elapsed="0.000415"/>
</kw>
<kw name="Log" owner="BuiltIn">
<msg time="2024-04-09T03:16:36.073522" level="INFO">{'gender': 'male', 'name': {'title': 'Mr', 'first': 'Maxence', 'last': 'Robin'}, 'location': {'street': {'number': 3164, 'name': 'Esplanade du 9 Novembre 1989'}, 'city': 'Orléans', 'state': 'Creuse', 'country': 'France', 'postcode': 86742, 'coordinates': {'latitude': '-18.9042', 'longitude': '-100.7397'}, 'timezone': {'offset': '+11:00', 'description': 'Magadan, Solomon Islands, New Caledonia'}}, 'email': 'maxence.robin@example.com', 'login': {'uuid': 'aef52a3d-2621-450f-ba04-69ff3a166ff3', 'username': 'beautifulelephant486', 'password': 'ning', 'salt': 'ixlhwb7D', 'md5': 'e604af17c38118a8da58c987b8ad5d5e', 'sha1': 'fd085eef299e5998186c85ece1b4dd8b85a201cc', 'sha256': '6b9de72fe48692438aa544955124b3e09a64a5fe23cd3065f89822c7caad0456'}, 'dob': {'date': '1976-11-26T17:08:55.368Z', 'age': 47}, 'registered': {'date': '2021-03-11T04:19:08.075Z', 'age': 3}, 'phone': '02-60-44-99-23', 'cell': '06-88-27-19-46', 'id': {'name': 'INSEE', 'value': '1761081519491 60'}, 'picture': {'large': 'https://randomuser.me/api/portraits/men/93.jpg', 'medium': 'https://randomuser.me/api/portraits/med/men/93.jpg', 'thumbnail': 'https://randomuser.me/api/portraits/thumb/men/93.jpg'}, 'nat': 'FR'}</msg>
<arg>${json_data['results'][0]}</arg>
<doc>Logs the given message with the given level.</doc>
<status status="PASS" start="2024-04-09T03:16:36.073156" elapsed="0.000422"/>
</kw>
<kw name="Log" owner="BuiltIn">
<msg time="2024-04-09T03:16:36.074009" level="INFO">location</msg>
<arg>${key}</arg>
<doc>Logs the given message with the given level.</doc>
<status status="PASS" start="2024-04-09T03:16:36.073881" elapsed="0.000190"/>
</kw>
<var name="${key}">location</var>
<status status="PASS" start="2024-04-09T03:16:36.072314" elapsed="0.001984"/>
</iter>
<iter>
<kw name="Dictionary Should Contain Key" owner="Collections">
<msg time="2024-04-09T03:16:36.074960" level="INFO">False</msg>
<arg>${json_data['results'][0]}</arg>
<arg>${key}</arg>
<doc>Fails if ``key`` is not found from ``dictionary``.</doc>
<status status="PASS" start="2024-04-09T03:16:36.074583" elapsed="0.000414"/>
</kw>
<kw name="Log" owner="BuiltIn">
<msg time="2024-04-09T03:16:36.075660" level="INFO">{'gender': 'male', 'name': {'title': 'Mr', 'first': 'Maxence', 'last': 'Robin'}, 'location': {'street': {'number': 3164, 'name': 'Esplanade du 9 Novembre 1989'}, 'city': 'Orléans', 'state': 'Creuse', 'country': 'France', 'postcode': 86742, 'coordinates': {'latitude': '-18.9042', 'longitude': '-100.7397'}, 'timezone': {'offset': '+11:00', 'description': 'Magadan, Solomon Islands, New Caledonia'}}, 'email': 'maxence.robin@example.com', 'login': {'uuid': 'aef52a3d-2621-450f-ba04-69ff3a166ff3', 'username': 'beautifulelephant486', 'password': 'ning', 'salt': 'ixlhwb7D', 'md5': 'e604af17c38118a8da58c987b8ad5d5e', 'sha1': 'fd085eef299e5998186c85ece1b4dd8b85a201cc', 'sha256': '6b9de72fe48692438aa544955124b3e09a64a5fe23cd3065f89822c7caad0456'}, 'dob': {'date': '1976-11-26T17:08:55.368Z', 'age': 47}, 'registered': {'date': '2021-03-11T04:19:08.075Z', 'age': 3}, 'phone': '02-60-44-99-23', 'cell': '06-88-27-19-46', 'id': {'name': 'INSEE', 'value': '1761081519491 60'}, 'picture': {'large': 'https://randomuser.me/api/portraits/men/93.jpg', 'medium': 'https://randomuser.me/api/portraits/med/men/93.jpg', 'thumbnail': 'https://randomuser.me/api/portraits/thumb/men/93.jpg'}, 'nat': 'FR'}</msg>
<arg>${json_data['results'][0]}</arg>
<doc>Logs the given message with the given level.</doc>
<status status="PASS" start="2024-04-09T03:16:36.075296" elapsed="0.000415"/>
</kw>
<kw name="Log" owner="BuiltIn">
<msg time="2024-04-09T03:16:36.076158" level="INFO">email</msg>
<arg>${key}</arg>
<doc>Logs the given message with the given level.</doc>
<status status="PASS" start="2024-04-09T03:16:36.076028" elapsed="0.000167"/>
</kw>
<var name="${key}">email</var>
<status status="PASS" start="2024-04-09T03:16:36.074471" elapsed="0.001938"/>
</iter>
<iter>
<kw name="Dictionary Should Contain Key" owner="Collections">
<msg time="2024-04-09T03:16:36.077076" level="INFO">False</msg>
<arg>${json_data['results'][0]}</arg>
<arg>${key}</arg>
<doc>Fails if ``key`` is not found from ``dictionary``.</doc>
<status status="PASS" start="2024-04-09T03:16:36.076694" elapsed="0.000419"/>
</kw>
<kw name="Log" owner="BuiltIn">
<msg time="2024-04-09T03:16:36.077782" level="INFO">{'gender': 'male', 'name': {'title': 'Mr', 'first': 'Maxence', 'last': 'Robin'}, 'location': {'street': {'number': 3164, 'name': 'Esplanade du 9 Novembre 1989'}, 'city': 'Orléans', 'state': 'Creuse', 'country': 'France', 'postcode': 86742, 'coordinates': {'latitude': '-18.9042', 'longitude': '-100.7397'}, 'timezone': {'offset': '+11:00', 'description': 'Magadan, Solomon Islands, New Caledonia'}}, 'email': 'maxence.robin@example.com', 'login': {'uuid': 'aef52a3d-2621-450f-ba04-69ff3a166ff3', 'username': 'beautifulelephant486', 'password': 'ning', 'salt': 'ixlhwb7D', 'md5': 'e604af17c38118a8da58c987b8ad5d5e', 'sha1': 'fd085eef299e5998186c85ece1b4dd8b85a201cc', 'sha256': '6b9de72fe48692438aa544955124b3e09a64a5fe23cd3065f89822c7caad0456'}, 'dob': {'date': '1976-11-26T17:08:55.368Z', 'age': 47}, 'registered': {'date': '2021-03-11T04:19:08.075Z', 'age': 3}, 'phone': '02-60-44-99-23', 'cell': '06-88-27-19-46', 'id': {'name': 'INSEE', 'value': '1761081519491 60'}, 'picture': {'large': 'https://randomuser.me/api/portraits/men/93.jpg', 'medium': 'https://randomuser.me/api/portraits/med/men/93.jpg', 'thumbnail': 'https://randomuser.me/api/portraits/thumb/men/93.jpg'}, 'nat': 'FR'}</msg>
<arg>${json_data['results'][0]}</arg>
<doc>Logs the given message with the given level.</doc>
<status status="PASS" start="2024-04-09T03:16:36.077408" elapsed="0.000423"/>
</kw>
<kw name="Log" owner="BuiltIn">
<msg time="2024-04-09T03:16:36.078304" level="INFO">login</msg>
<arg>${key}</arg>
<doc>Logs the given message with the given level.</doc>
<status status="PASS" start="2024-04-09T03:16:36.078173" elapsed="0.000175"/>
</kw>
<var name="${key}">login</var>
<status status="PASS" start="2024-04-09T03:16:36.076582" elapsed="0.001987"/>
</iter>
<var>${key}</var>
<value>@{expected_keys}</value>
<status status="PASS" start="2024-04-09T03:16:36.067717" elapsed="0.010975"/>
</for>
<kw name="Create List" owner="BuiltIn">
<msg time="2024-04-09T03:16:36.079028" level="INFO">${expected_keysTwo} = ['username', 'password']</msg>
<var>${expected_keysTwo}</var>
<arg>username</arg>
<arg>password</arg>
<doc>Returns a list containing given items.</doc>
<status status="PASS" start="2024-04-09T03:16:36.078887" elapsed="0.000165"/>
</kw>
<for flavor="IN">
<iter>
<kw name="Dictionary Should Contain Key" owner="Collections">
<msg time="2024-04-09T03:16:36.080079" level="INFO">False</msg>
<arg>${json_data['results'][0]['login']}</arg>
<arg>${keyTwo}</arg>
<doc>Fails if ``key`` is not found from ``dictionary``.</doc>
<status status="PASS" start="2024-04-09T03:16:36.079674" elapsed="0.000444"/>
</kw>
<kw name="Dictionary Should Contain Key" owner="Collections">
<msg time="2024-04-09T03:16:36.080809" level="INFO">False</msg>
<arg>${json_data['results'][0]['login']}</arg>
<arg>${keyTwo}</arg>
<doc>Fails if ``key`` is not found from ``dictionary``.</doc>
<status status="PASS" start="2024-04-09T03:16:36.080418" elapsed="0.000430"/>
</kw>
<kw name="Log" owner="BuiltIn">
<msg time="2024-04-09T03:16:36.081273" level="INFO">username</msg>
<arg>${keyTwo}</arg>
<doc>Logs the given message with the given level.</doc>
<status status="PASS" start="2024-04-09T03:16:36.081145" elapsed="0.000166"/>
</kw>
<var name="${keyTwo}">username</var>
<status status="PASS" start="2024-04-09T03:16:36.079559" elapsed="0.001970"/>
</iter>
<iter>
<kw name="Dictionary Should Contain Key" owner="Collections">
<msg time="2024-04-09T03:16:36.082229" level="INFO">False</msg>
<arg>${json_data['results'][0]['login']}</arg>
<arg>${keyTwo}</arg>
<doc>Fails if ``key`` is not found from ``dictionary``.</doc>
<status status="PASS" start="2024-04-09T03:16:36.081817" elapsed="0.000452"/>
</kw>
<kw name="Dictionary Should Contain Key" owner="Collections">
<msg time="2024-04-09T03:16:36.082960" level="INFO">False</msg>
<arg>${json_data['results'][0]['login']}</arg>
<arg>${keyTwo}</arg>
<doc>Fails if ``key`` is not found from ``dictionary``.</doc>
<status status="PASS" start="2024-04-09T03:16:36.082566" elapsed="0.000431"/>
</kw>
<kw name="Log" owner="BuiltIn">
<msg time="2024-04-09T03:16:36.083420" level="INFO">password</msg>
<arg>${keyTwo}</arg>
<doc>Logs the given message with the given level.</doc>
<status status="PASS" start="2024-04-09T03:16:36.083291" elapsed="0.000168"/>
</kw>
<var name="${keyTwo}">password</var>
<status status="PASS" start="2024-04-09T03:16:36.081706" elapsed="0.001971"/>
</iter>
<var>${keyTwo}</var>
<value>@{expected_keysTwo}</value>
<status status="PASS" start="2024-04-09T03:16:36.079293" elapsed="0.004507"/>
</for>
<status status="PASS" start="2024-04-09T03:16:35.846602" elapsed="0.237340"/>
</kw>
<doc>Testa a estrutura da resposta da API.</doc>
<tag>testeEstruturaResposta</tag>
<status status="PASS" start="2024-04-09T03:16:35.845864" elapsed="0.238244"/>
</test>
<test id="s1-s1-t4" name="Validar tipos de dados" line="28">
<kw name="Teste de Tipos de Dados" owner="random-user-service">
<kw name="GET On Session" owner="RequestsLibrary">
<msg time="2024-04-09T03:16:36.135332" level="INFO">GET Request : url=https://randomuser.me/api 
 path_url=/api 
 headers={'User-Agent': 'python-requests/2.31.0', 'Accept-Encoding': 'gzip, deflate', 'Accept': '*/*', 'Connection': 'keep-alive'} 
 body=None 
 </msg>
<msg time="2024-04-09T03:16:36.135435" level="INFO">GET Response : url=https://randomuser.me/api 
 status=200, reason=OK 
 headers={'Date': 'Tue, 09 Apr 2024 03:16:36 GMT', 'Content-Type': 'application/json; charset=utf-8', 'Transfer-Encoding': 'chunked', 'Connection': 'keep-alive', 'X-Powered-By': 'Express', 'Access-Control-Allow-Origin': '*', 'Cache-Control': 'no-cache', 'ETag': 'W/"484-T2JJ/txonO5GC9Sneu0EOc220Qs"', 'Vary': 'Accept-Encoding', 'Content-Encoding': 'gzip', 'CF-Cache-Status': 'DYNAMIC', 'Report-To': '{"endpoints":[{"url":"https:\\/\\/a.nel.cloudflare.com\\/report\\/v4?s=uCufnHHeipt63i00zMxhVgnhw28e3RlBMlEisTNPr%2FBUBTIu2gS1mWzCcRmaY2LWNlHDfuRbYys1T5IsLrXzqzV8qvA4RrEGbZcDIW93Y8lKmg6VBVQLzUccSlLIlcuB"}],"group":"cf-nel","max_age":604800}', 'NEL': '{"success_fraction":0,"report_to":"cf-nel","max_age":604800}', 'Server': 'cloudflare', 'CF-RAY': '871756dd8f07620b-ORD', 'alt-svc': 'h3=":443"; ma=86400'} 
 body={"results":[{"gender":"male","name":{"title":"Mr","first":"Madhav","last":"Raval"},"location":{"street":{"number":4585,"name":"Fontainhas"},"city":"Jhansi","state":"Chandigarh","country":"India","postcode":26422,"coordinates":{"latitude":"7.0372","longitude":"-25.5482"},"timezone":{"offset":"+10:00","description":"Eastern Australia, Guam, Vladivostok"}},"email":"madhav.raval@example.com","login":{"uuid":"9cf74622-5692-4416-bbd2-5c832f06c0c1","username":"ticklishcat422","password":"ping","salt":"vxJjrezC","md5":"1eb3d84a3fa8de9a62cce8b6dd5f7ed1","sha1":"117a66355f4602098b2359ef021efff117ab896d","sha256":"47868995ab4825e990f3f7cf8daf5a8c9d0830f6ff4780247b1695f6d622764a"},"dob":{"date":"1989-06-25T14:22:12.776Z","age":34},"registered":{"date":"2012-12-12T07:55:09.688Z","age":11},"phone":"7903707027","cell":"9228098598","id":{"name":"UIDAI","value":"844335570928"},"picture":{"large":"https://randomuser.me/api/portraits/men/20.jpg","medium":"https://randomuser.me/api/portraits/med/men/20.jpg","thumbnail":"https://randomuser.me/api/portraits/thumb/men/20.jpg"},"nat":"IN"}],"info":{"seed":"b03f048d41615a4b","results":1,"page":1,"version":"1.4"}} 
 </msg>
<msg time="2024-04-09T03:16:36.135512" level="INFO">/opt/hostedtoolcache/Python/3.12.2/x64/lib/python3.12/site-packages/urllib3/connectionpool.py:1103: InsecureRequestWarning: Unverified HTTPS request is being made to host 'randomuser.me'. Adding certificate verification is strongly advised. See: https://urllib3.readthedocs.io/en/latest/advanced-usage.html#tls-warnings
  warnings.warn(</msg>
<msg time="2024-04-09T03:16:36.135648" level="INFO">${response} = &lt;Response [200]&gt;</msg>
<var>${response}</var>
<arg>consultarAPI</arg>
<arg>/api</arg>
<doc>Sends a GET request on a previously created HTTP Session.</doc>
<status status="PASS" start="2024-04-09T03:16:36.086632" elapsed="0.049060"/>
</kw>
<kw name="Set Variable" owner="BuiltIn">
<msg time="2024-04-09T03:16:36.136701" level="INFO">${json_data} = {'results': [{'gender': 'male', 'name': {'title': 'Mr', 'first': 'Madhav', 'last': 'Raval'}, 'location': {'street': {'number': 4585, 'name': 'Fontainhas'}, 'city': 'Jhansi', 'state': 'Chandigarh', 'co...</msg>
<var>${json_data}</var>
<arg>${response.json()}</arg>
<doc>Returns the given values which can then be assigned to a variables.</doc>
<status status="PASS" start="2024-04-09T03:16:36.136195" elapsed="0.000535"/>
</kw>
<kw name="Log" owner="BuiltIn">
<msg time="2024-04-09T03:16:36.137208" level="INFO">{'results': [{'gender': 'male', 'name': {'title': 'Mr', 'first': 'Madhav', 'last': 'Raval'}, 'location': {'street': {'number': 4585, 'name': 'Fontainhas'}, 'city': 'Jhansi', 'state': 'Chandigarh', 'country': 'India', 'postcode': 26422, 'coordinates': {'latitude': '7.0372', 'longitude': '-25.5482'}, 'timezone': {'offset': '+10:00', 'description': 'Eastern Australia, Guam, Vladivostok'}}, 'email': 'madhav.raval@example.com', 'login': {'uuid': '9cf74622-5692-4416-bbd2-5c832f06c0c1', 'username': 'ticklishcat422', 'password': 'ping', 'salt': 'vxJjrezC', 'md5': '1eb3d84a3fa8de9a62cce8b6dd5f7ed1', 'sha1': '117a66355f4602098b2359ef021efff117ab896d', 'sha256': '47868995ab4825e990f3f7cf8daf5a8c9d0830f6ff4780247b1695f6d622764a'}, 'dob': {'date': '1989-06-25T14:22:12.776Z', 'age': 34}, 'registered': {'date': '2012-12-12T07:55:09.688Z', 'age': 11}, 'phone': '7903707027', 'cell': '9228098598', 'id': {'name': 'UIDAI', 'value': '844335570928'}, 'picture': {'large': 'https://randomuser.me/api/portraits/men/20.jpg', 'medium': 'https://randomuser.me/api/portraits/med/men/20.jpg', 'thumbnail': 'https://randomuser.me/api/portraits/thumb/men/20.jpg'}, 'nat': 'IN'}], 'info': {'seed': 'b03f048d41615a4b', 'results': 1, 'page': 1, 'version': '1.4'}}</msg>
<arg>${json_data}</arg>
<doc>Logs the given message with the given level.</doc>
<status status="PASS" start="2024-04-09T03:16:36.137043" elapsed="0.000264"/>
</kw>
<kw name="Should Be String" owner="String">
<arg>${json_data['results'][0]['gender']}</arg>
<doc>Fails if the given ``item`` is not a string.</doc>
<status status="PASS" start="2024-04-09T03:16:36.137614" elapsed="0.000371"/>
</kw>
<kw name="Should Match Regexp" owner="BuiltIn">
<arg>${json_data['results'][0]['email']}</arg>
<arg>^[a-zA-Z0-9._%+-]+@[a-zA-Z0-9.-]+\.[a-zA-Z]{2,}$</arg>
<doc>Fails if ``string`` does not match ``pattern`` as a regular expression.</doc>
<status status="PASS" start="2024-04-09T03:16:36.138217" elapsed="0.000518"/>
</kw>
<kw name="Should Match Regexp" owner="BuiltIn">
<arg>${json_data['results'][0]['dob']['date']}</arg>
<arg>\\d{4}-\\d{2}-\\d{2}T\\d{2}:\\d{2}:\\d{2}\\.\\d{3}Z</arg>
<doc>Fails if ``string`` does not match ``pattern`` as a regular expression.</doc>
<status status="PASS" start="2024-04-09T03:16:36.138932" elapsed="0.000514"/>
</kw>
<kw name="Should Match Regexp" owner="BuiltIn">
<arg>${json_data['results'][0]['registered']['date']}</arg>
<arg>\\d{4}-\\d{2}-\\d{2}T\\d{2}:\\d{2}:\\d{2}\\.\\d{3}Z</arg>
<doc>Fails if ``string`` does not match ``pattern`` as a regular expression.</doc>
<status status="PASS" start="2024-04-09T03:16:36.139666" elapsed="0.000373"/>
</kw>
<kw name="Should Match Regexp" owner="BuiltIn">
<arg>${json_data['results'][0]['picture']['large']}</arg>
<arg>^https?://.*\.(?:png|jpe?g|gif|bmp)$</arg>
<doc>Fails if ``string`` does not match ``pattern`` as a regular expression.</doc>
<status status="PASS" start="2024-04-09T03:16:36.140230" elapsed="0.000471"/>
</kw>
<kw name="Should Match Regexp" owner="BuiltIn">
<arg>${json_data['results'][0]['picture']['medium']}</arg>
<arg>^https?://.*\.(?:png|jpe?g|gif|bmp)$</arg>
<doc>Fails if ``string`` does not match ``pattern`` as a regular expression.</doc>
<status status="PASS" start="2024-04-09T03:16:36.140902" elapsed="0.000362"/>
</kw>
<kw name="Should Match Regexp" owner="BuiltIn">
<arg>${json_data['results'][0]['picture']['thumbnail']}</arg>
<arg>^https?://.*\.(?:png|jpe?g|gif|bmp)$</arg>
<doc>Fails if ``string`` does not match ``pattern`` as a regular expression.</doc>
<status status="PASS" start="2024-04-09T03:16:36.141451" elapsed="0.000350"/>
</kw>
<kw name="Log" owner="BuiltIn">
<msg time="2024-04-09T03:16:36.142345" level="INFO">{'large': 'https://randomuser.me/api/portraits/men/20.jpg', 'medium': 'https://randomuser.me/api/portraits/med/men/20.jpg', 'thumbnail': 'https://randomuser.me/api/portraits/thumb/men/20.jpg'}</msg>
<arg>${json_data['results'][0]['picture']}</arg>
<doc>Logs the given message with the given level.</doc>
<status status="PASS" start="2024-04-09T03:16:36.141983" elapsed="0.000405"/>
</kw>
<status status="PASS" start="2024-04-09T03:16:36.086390" elapsed="0.056263"/>
</kw>
<kw name="Teste de Tipos de Dados - Postcode" owner="random-user-service">
<kw name="GET On Session" owner="RequestsLibrary">
<msg time="2024-04-09T03:16:36.261623" level="INFO">GET Request : url=https://randomuser.me/api 
 path_url=/api 
 headers={'User-Agent': 'python-requests/2.31.0', 'Accept-Encoding': 'gzip, deflate', 'Accept': '*/*', 'Connection': 'keep-alive'} 
 body=None 
 </msg>
<msg time="2024-04-09T03:16:36.261741" level="INFO">GET Response : url=https://randomuser.me/api 
 status=200, reason=OK 
 headers={'Date': 'Tue, 09 Apr 2024 03:16:36 GMT', 'Content-Type': 'application/json; charset=utf-8', 'Transfer-Encoding': 'chunked', 'Connection': 'keep-alive', 'X-Powered-By': 'Express', 'Access-Control-Allow-Origin': '*', 'Cache-Control': 'no-cache', 'ETag': 'W/"475-3Ztq8n7CY6jgiVSnFRBlYj+etpk"', 'Vary': 'Accept-Encoding', 'Content-Encoding': 'gzip', 'CF-Cache-Status': 'DYNAMIC', 'Report-To': '{"endpoints":[{"url":"https:\\/\\/a.nel.cloudflare.com\\/report\\/v4?s=2vGr6qf2Ioy8aNI8kBdRn9WrBiL1JWtwWNXs7nWSc1tx%2FReliE9Jqz0mu801F01YO6xEQFh5PZ9Vp5RlsogtuzM5Kk9oOfidOrLorN0d0K0o9N9BTOR%2F17sBnNg0THMN"}],"group":"cf-nel","max_age":604800}', 'NEL': '{"success_fraction":0,"report_to":"cf-nel","max_age":604800}', 'Server': 'cloudflare', 'CF-RAY': '871756ddefa2620b-ORD', 'alt-svc': 'h3=":443"; ma=86400'} 
 body={"results":[{"gender":"male","name":{"title":"Mr","first":"Velizar","last":"Kovač"},"location":{"street":{"number":7951,"name":"Ivana Jagodića"},"city":"Dimitrovgrad","state":"Braničevo","country":"Serbia","postcode":68122,"coordinates":{"latitude":"61.9352","longitude":"-32.0548"},"timezone":{"offset":"+3:30","description":"Tehran"}},"email":"velizar.kovac@example.com","login":{"uuid":"d59c431a-87b0-4baf-b55d-e92559894170","username":"greensnake887","password":"flames","salt":"HDSbSO99","md5":"4445f6bdd77905636d9ebf783c937cda","sha1":"8eed73b870b52005cc628cf82c716ebf26be6f03","sha256":"f78ac40a02383dac2ecd12b26d95deefafd819706c2d02f87d255313565477a0"},"dob":{"date":"1978-05-29T19:36:54.543Z","age":45},"registered":{"date":"2004-11-29T06:32:32.234Z","age":19},"phone":"026-5621-402","cell":"063-4156-557","id":{"name":"SID","value":"433793032"},"picture":{"large":"https://randomuser.me/api/portraits/men/32.jpg","medium":"https://randomuser.me/api/portraits/med/men/32.jpg","thumbnail":"https://randomuser.me/api/portraits/thumb/men/32.jpg"},"nat":"RS"}],"info":{"seed":"13c7a083eda291c5","results":1,"page":1,"version":"1.4"}} 
 </msg>
<msg time="2024-04-09T03:16:36.261839" level="INFO">/opt/hostedtoolcache/Python/3.12.2/x64/lib/python3.12/site-packages/urllib3/connectionpool.py:1103: InsecureRequestWarning: Unverified HTTPS request is being made to host 'randomuser.me'. Adding certificate verification is strongly advised. See: https://urllib3.readthedocs.io/en/latest/advanced-usage.html#tls-warnings
  warnings.warn(</msg>
<msg time="2024-04-09T03:16:36.261988" level="INFO">${response} = &lt;Response [200]&gt;</msg>
<var>${response}</var>
<arg>consultarAPI</arg>
<arg>/api</arg>
<doc>Sends a GET request on a previously created HTTP Session.</doc>
<status status="PASS" start="2024-04-09T03:16:36.143156" elapsed="0.118897"/>
</kw>
<kw name="Set Variable" owner="BuiltIn">
<msg time="2024-04-09T03:16:36.263125" level="INFO">${json_data} = {'results': [{'gender': 'male', 'name': {'title': 'Mr', 'first': 'Velizar', 'last': 'Kovač'}, 'location': {'street': {'number': 7951, 'name': 'Ivana Jagodića'}, 'city': 'Dimitrovgrad', 'state': 'Brani...</msg>
<var>${json_data}</var>
<arg>${response.json()}</arg>
<doc>Returns the given values which can then be assigned to a variables.</doc>
<status status="PASS" start="2024-04-09T03:16:36.262595" elapsed="0.000560"/>
</kw>
<kw name="Log" owner="BuiltIn">
<msg time="2024-04-09T03:16:36.263626" level="INFO">{'results': [{'gender': 'male', 'name': {'title': 'Mr', 'first': 'Velizar', 'last': 'Kovač'}, 'location': {'street': {'number': 7951, 'name': 'Ivana Jagodića'}, 'city': 'Dimitrovgrad', 'state': 'Braničevo', 'country': 'Serbia', 'postcode': 68122, 'coordinates': {'latitude': '61.9352', 'longitude': '-32.0548'}, 'timezone': {'offset': '+3:30', 'description': 'Tehran'}}, 'email': 'velizar.kovac@example.com', 'login': {'uuid': 'd59c431a-87b0-4baf-b55d-e92559894170', 'username': 'greensnake887', 'password': 'flames', 'salt': 'HDSbSO99', 'md5': '4445f6bdd77905636d9ebf783c937cda', 'sha1': '8eed73b870b52005cc628cf82c716ebf26be6f03', 'sha256': 'f78ac40a02383dac2ecd12b26d95deefafd819706c2d02f87d255313565477a0'}, 'dob': {'date': '1978-05-29T19:36:54.543Z', 'age': 45}, 'registered': {'date': '2004-11-29T06:32:32.234Z', 'age': 19}, 'phone': '026-5621-402', 'cell': '063-4156-557', 'id': {'name': 'SID', 'value': '433793032'}, 'picture': {'large': 'https://randomuser.me/api/portraits/men/32.jpg', 'medium': 'https://randomuser.me/api/portraits/med/men/32.jpg', 'thumbnail': 'https://randomuser.me/api/portraits/thumb/men/32.jpg'}, 'nat': 'RS'}], 'info': {'seed': '13c7a083eda291c5', 'results': 1, 'page': 1, 'version': '1.4'}}</msg>
<arg>${json_data}</arg>
<doc>Logs the given message with the given level.</doc>
<status status="PASS" start="2024-04-09T03:16:36.263465" elapsed="0.000246"/>
</kw>
<kw name="Should Be Equal As Numbers" owner="BuiltIn">
<arg>${json_data['results'][0]['location']['postcode']}</arg>
<arg>${json_data['results'][0]['location']['postcode']}</arg>
<doc>Fails if objects are unequal after converting them to real numbers.</doc>
<status status="PASS" start="2024-04-09T03:16:36.264018" elapsed="0.000633"/>
</kw>
<kw name="Log" owner="BuiltIn">
<msg time="2024-04-09T03:16:36.265179" level="INFO">68122</msg>
<arg>${json_data['results'][0]['location']['postcode']}</arg>
<doc>Logs the given message with the given level.</doc>
<status status="PASS" start="2024-04-09T03:16:36.264844" elapsed="0.000376"/>
</kw>
<status status="PASS" start="2024-04-09T03:16:36.142901" elapsed="0.122576"/>
</kw>
<doc>Testa se os tipos de dados na resposta da API estão corretos.</doc>
<tag>testeTiposDados</tag>
<status status="PASS" start="2024-04-09T03:16:36.085897" elapsed="0.179756"/>
</test>
<test id="s1-s1-t5" name="Validar conteudo" line="35">
<kw name="Teste de Tipos de Conteudo" owner="random-user-service">
<kw name="GET On Session" owner="RequestsLibrary">
<msg time="2024-04-09T03:16:36.336023" level="INFO">GET Request : url=https://randomuser.me/api 
 path_url=/api 
 headers={'User-Agent': 'python-requests/2.31.0', 'Accept-Encoding': 'gzip, deflate', 'Accept': '*/*', 'Connection': 'keep-alive'} 
 body=None 
 </msg>
<msg time="2024-04-09T03:16:36.336101" level="INFO">GET Response : url=https://randomuser.me/api 
 status=200, reason=OK 
 headers={'Date': 'Tue, 09 Apr 2024 03:16:36 GMT', 'Content-Type': 'application/json; charset=utf-8', 'Transfer-Encoding': 'chunked', 'Connection': 'keep-alive', 'X-Powered-By': 'Express', 'Access-Control-Allow-Origin': '*', 'Cache-Control': 'no-cache', 'ETag': 'W/"477-2WPb5W9xCMmAs45maQ2m1vvK16A"', 'Vary': 'Accept-Encoding', 'Content-Encoding': 'gzip', 'CF-Cache-Status': 'DYNAMIC', 'Report-To': '{"endpoints":[{"url":"https:\\/\\/a.nel.cloudflare.com\\/report\\/v4?s=jK%2FvyrGAHgMpWIX5NlzwV01RS3TYF8MlIiogXnRCLvMI0jA4D9uZfSkOKrHHL1VJYPwLh%2FGMfUjx6fIrGPoScKJpRvmEX5%2Frquas8bUTq1KGdMcgaWpoCDfX18fP7BIU"}],"group":"cf-nel","max_age":604800}', 'NEL': '{"success_fraction":0,"report_to":"cf-nel","max_age":604800}', 'Server': 'cloudflare', 'CF-RAY': '871756dea88f620b-ORD', 'alt-svc': 'h3=":443"; ma=86400'} 
 body={"results":[{"gender":"male","name":{"title":"Mr","first":"Josif","last":"Todorović"},"location":{"street":{"number":9629,"name":"Kraljice Katarine"},"city":"Beočin","state":"Rasina","country":"Serbia","postcode":75235,"coordinates":{"latitude":"59.3353","longitude":"-82.8516"},"timezone":{"offset":"-3:30","description":"Newfoundland"}},"email":"josif.todorovic@example.com","login":{"uuid":"5d5f61ab-33d1-40b1-9743-8a2ce19a83dc","username":"crazyduck566","password":"jingle","salt":"nnZgdTh2","md5":"9e5effde14ffdd234e573cfad5afd1dd","sha1":"f458442268dd6a696a5558a4e1cf9bdd98496bff","sha256":"12b64d80c835c20aa57b23e32e45a8e82714ab231a3b07b2a4c8e0dd39960ea1"},"dob":{"date":"1981-03-23T22:02:28.088Z","age":43},"registered":{"date":"2005-02-19T19:32:50.378Z","age":19},"phone":"031-5651-879","cell":"062-9865-245","id":{"name":"SID","value":"376479453"},"picture":{"large":"https://randomuser.me/api/portraits/men/79.jpg","medium":"https://randomuser.me/api/portraits/med/men/79.jpg","thumbnail":"https://randomuser.me/api/portraits/thumb/men/79.jpg"},"nat":"RS"}],"info":{"seed":"dde427ff5b69a0d2","results":1,"page":1,"version":"1.4"}} 
 </msg>
<msg time="2024-04-09T03:16:36.336167" level="INFO">/opt/hostedtoolcache/Python/3.12.2/x64/lib/python3.12/site-packages/urllib3/connectionpool.py:1103: InsecureRequestWarning: Unverified HTTPS request is being made to host 'randomuser.me'. Adding certificate verification is strongly advised. See: https://urllib3.readthedocs.io/en/latest/advanced-usage.html#tls-warnings
  warnings.warn(</msg>
<msg time="2024-04-09T03:16:36.336289" level="INFO">${response} = &lt;Response [200]&gt;</msg>
<var>${response}</var>
<arg>consultarAPI</arg>
<arg>/api</arg>
<doc>Sends a GET request on a previously created HTTP Session.</doc>
<status status="PASS" start="2024-04-09T03:16:36.268145" elapsed="0.068187"/>
</kw>
<kw name="Set Variable" owner="BuiltIn">
<msg time="2024-04-09T03:16:36.337248" level="INFO">${json_data} = {'results': [{'gender': 'male', 'name': {'title': 'Mr', 'first': 'Josif', 'last': 'Todorović'}, 'location': {'street': {'number': 9629, 'name': 'Kraljice Katarine'}, 'city': 'Beočin', 'state': 'Rasina...</msg>
<var>${json_data}</var>
<arg>${response.json()}</arg>
<doc>Returns the given values which can then be assigned to a variables.</doc>
<status status="PASS" start="2024-04-09T03:16:36.336753" elapsed="0.000526"/>
</kw>
<kw name="Set Variable" owner="BuiltIn">
<msg time="2024-04-09T03:16:36.337974" level="INFO">${name_title} = Mr</msg>
<var>${name_title}</var>
<arg>${json_data["results"][0]["name"]["title"]}</arg>
<doc>Returns the given values which can then be assigned to a variables.</doc>
<status status="PASS" start="2024-04-09T03:16:36.337589" elapsed="0.000411"/>
</kw>
<kw name="Create List" owner="BuiltIn">
<msg time="2024-04-09T03:16:36.338489" level="INFO">${allowed_titles} = ['Mr', 'Ms', 'Miss', 'Mrs', 'Madame', 'Monsieur']</msg>
<var>${allowed_titles}</var>
<arg>Mr</arg>
<arg>Ms</arg>
<arg>Miss</arg>
<arg>Mrs</arg>
<arg>Madame</arg>
<arg>Monsieur</arg>
<doc>Returns a list containing given items.</doc>
<status status="PASS" start="2024-04-09T03:16:36.338336" elapsed="0.000177"/>
</kw>
<kw name="List Should Contain Value" owner="Collections">
<msg time="2024-04-09T03:16:36.338991" level="INFO">False</msg>
<arg>${allowed_titles}</arg>
<arg>${name_title}</arg>
<doc>Fails if the ``value`` is not found from ``list``.</doc>
<status status="PASS" start="2024-04-09T03:16:36.338815" elapsed="0.000216"/>
</kw>
<kw name="Set Variable" owner="BuiltIn">
<msg time="2024-04-09T03:16:36.339708" level="INFO">${name_country} = RS</msg>
<var>${name_country}</var>
<arg>${json_data["results"][0]["nat"]}</arg>
<doc>Returns the given values which can then be assigned to a variables.</doc>
<status status="PASS" start="2024-04-09T03:16:36.339329" elapsed="0.000404"/>
</kw>
<kw name="Create List" owner="BuiltIn">
<msg time="2024-04-09T03:16:36.340634" level="INFO">${list_country} = ['AD', 'AE', 'AF', 'AG', 'AI', 'AL', 'AM', 'AO', 'AQ', 'AR', 'AS', 'AT', 'AU', 'AW', 'AX', 'AZ', 'BA', 'BB', 'BD', 'BE', 'BF', 'BG', 'BH', 'BI', 'BJ', 'BL', 'BM', 'BN', 'BO', 'BQ', 'BR', 'BS', 'BT', '...</msg>
<var>${list_country}</var>
<arg>AD</arg>
<arg>AE</arg>
<arg>AF</arg>
<arg>AG</arg>
<arg>AI</arg>
<arg>AL</arg>
<arg>AM</arg>
<arg>AO</arg>
<arg>AQ</arg>
<arg>AR</arg>
<arg>AS</arg>
<arg>AT</arg>
<arg>AU</arg>
<arg>AW</arg>
<arg>AX</arg>
<arg>AZ</arg>
<arg>BA</arg>
<arg>BB</arg>
<arg>BD</arg>
<arg>BE</arg>
<arg>BF</arg>
<arg>BG</arg>
<arg>BH</arg>
<arg>BI</arg>
<arg>BJ</arg>
<arg>BL</arg>
<arg>BM</arg>
<arg>BN</arg>
<arg>BO</arg>
<arg>BQ</arg>
<arg>BR</arg>
<arg>BS</arg>
<arg>BT</arg>
<arg>BV</arg>
<arg>BW</arg>
<arg>BY</arg>
<arg>BZ</arg>
<arg>CA</arg>
<arg>CC</arg>
<arg>CD</arg>
<arg>CF</arg>
<arg>CG</arg>
<arg>CH</arg>
<arg>CI</arg>
<arg>CK</arg>
<arg>CL</arg>
<arg>CM</arg>
<arg>CN</arg>
<arg>CO</arg>
<arg>CR</arg>
<arg>CU</arg>
<arg>CV</arg>
<arg>CW</arg>
<arg>CX</arg>
<arg>CY</arg>
<arg>CZ</arg>
<arg>DE</arg>
<arg>DJ</arg>
<arg>DK</arg>
<arg>DM</arg>
<arg>DO</arg>
<arg>DZ</arg>
<arg>EC</arg>
<arg>EE</arg>
<arg>EG</arg>
<arg>EH</arg>
<arg>ER</arg>
<arg>ES</arg>
<arg>ET</arg>
<arg>FI</arg>
<arg>FJ</arg>
<arg>FK</arg>
<arg>FM</arg>
<arg>FO</arg>
<arg>FR</arg>
<arg>GA</arg>
<arg>GB</arg>
<arg>GD</arg>
<arg>GE</arg>
<arg>GF</arg>
<arg>GG</arg>
<arg>GH</arg>
<arg>GI</arg>
<arg>GL</arg>
<arg>GM</arg>
<arg>GN</arg>
<arg>GP</arg>
<arg>GQ</arg>
<arg>GR</arg>
<arg>GS</arg>
<arg>GT</arg>
<arg>GU</arg>
<arg>GW</arg>
<arg>GY</arg>
<arg>HK</arg>
<arg>HM</arg>
<arg>HN</arg>
<arg>HR</arg>
<arg>HT</arg>
<arg>HU</arg>
<arg>ID</arg>
<arg>IE</arg>
<arg>IL</arg>
<arg>IM</arg>
<arg>IN</arg>
<arg>IO</arg>
<arg>IQ</arg>
<arg>IR</arg>
<arg>IS</arg>
<arg>IT</arg>
<arg>JE</arg>
<arg>JM</arg>
<arg>JO</arg>
<arg>JP</arg>
<arg>KE</arg>
<arg>KG</arg>
<arg>KH</arg>
<arg>KI</arg>
<arg>KM</arg>
<arg>KN</arg>
<arg>KP</arg>
<arg>KR</arg>
<arg>KW</arg>
<arg>KY</arg>
<arg>KZ</arg>
<arg>LA</arg>
<arg>LB</arg>
<arg>LC</arg>
<arg>LI</arg>
<arg>LK</arg>
<arg>LR</arg>
<arg>LS</arg>
<arg>LT</arg>
<arg>LU</arg>
<arg>LV</arg>
<arg>LY</arg>
<arg>MA</arg>
<arg>MC</arg>
<arg>MD</arg>
<arg>ME</arg>
<arg>MF</arg>
<arg>MG</arg>
<arg>MH</arg>
<arg>MK</arg>
<arg>ML</arg>
<arg>MM</arg>
<arg>MN</arg>
<arg>MO</arg>
<arg>MP</arg>
<arg>MQ</arg>
<arg>MR</arg>
<arg>MS</arg>
<arg>MT</arg>
<arg>MU</arg>
<arg>MV</arg>
<arg>MW</arg>
<arg>MX</arg>
<arg>MY</arg>
<arg>MZ</arg>
<arg>NA</arg>
<arg>NC</arg>
<arg>NE</arg>
<arg>NF</arg>
<arg>NG</arg>
<arg>NI</arg>
<arg>NL</arg>
<arg>NO</arg>
<arg>NP</arg>
<arg>NR</arg>
<arg>NU</arg>
<arg>NZ</arg>
<arg>OM</arg>
<arg>PA</arg>
<arg>PE</arg>
<arg>PF</arg>
<arg>PG</arg>
<arg>PH</arg>
<arg>PK</arg>
<arg>PL</arg>
<arg>PM</arg>
<arg>PN</arg>
<arg>PR</arg>
<arg>PS</arg>
<arg>PT</arg>
<arg>PW</arg>
<arg>PY</arg>
<arg>QA</arg>
<arg>RE</arg>
<arg>RO</arg>
<arg>RS</arg>
<arg>RU</arg>
<arg>RW</arg>
<arg>SA</arg>
<arg>SB</arg>
<arg>SC</arg>
<arg>SD</arg>
<arg>SE</arg>
<arg>SG</arg>
<arg>SH</arg>
<arg>SI</arg>
<arg>SJ</arg>
<arg>SK</arg>
<arg>SL</arg>
<arg>SM</arg>
<arg>SN</arg>
<arg>SO</arg>
<arg>SR</arg>
<arg>SS</arg>
<arg>ST</arg>
<arg>SV</arg>
<arg>SX</arg>
<arg>SY</arg>
<arg>SZ</arg>
<arg>TC</arg>
<arg>TD</arg>
<arg>TF</arg>
<arg>TG</arg>
<arg>TH</arg>
<arg>TJ</arg>
<arg>TK</arg>
<arg>TL</arg>
<arg>TM</arg>
<arg>TN</arg>
<arg>TO</arg>
<arg>TR</arg>
<arg>TT</arg>
<arg>TV</arg>
<arg>TW</arg>
<arg>TZ</arg>
<arg>UA</arg>
<arg>UG</arg>
<arg>UM</arg>
<arg>US</arg>
<arg>UY</arg>
<arg>UZ</arg>
<arg>VA</arg>
<arg>VC</arg>
<arg>VE</arg>
<arg>VG</arg>
<arg>VI</arg>
<arg>VN</arg>
<arg>VU</arg>
<arg>WF</arg>
<arg>WS</arg>
<arg>XK</arg>
<arg>YE</arg>
<arg>YT</arg>
<arg>ZA</arg>
<arg>ZM</arg>
<arg>ZW</arg>
<doc>Returns a list containing given items.</doc>
<status status="PASS" start="2024-04-09T03:16:36.340037" elapsed="0.000623"/>
</kw>
<kw name="List Should Contain Value" owner="Collections">
<msg time="2024-04-09T03:16:36.341665" level="INFO">False</msg>
<arg>${list_country}</arg>
<arg>${name_country}</arg>
<doc>Fails if the ``value`` is not found from ``list``.</doc>
<status status="PASS" start="2024-04-09T03:16:36.341446" elapsed="0.000258"/>
</kw>
<kw name="Run Keyword If" owner="BuiltIn">
<kw name="Should Be True" owner="BuiltIn">
<arg>${True}</arg>
<doc>Fails if the given condition is not true.</doc>
<status status="PASS" start="2024-04-09T03:16:36.342926" elapsed="0.000148"/>
</kw>
<arg>${json_data["results"][0]["location"]["coordinates"]["latitude"]} &gt;= -90 and ${json_data["results"][0]["location"]["coordinates"]["latitude"]} &lt;= 90</arg>
<arg>Should Be True</arg>
<arg>${True}</arg>
<doc>Runs the given keyword with the given arguments, if ``condition`` is true.</doc>
<status status="PASS" start="2024-04-09T03:16:36.342033" elapsed="0.001170"/>
</kw>
<kw name="Run Keyword If" owner="BuiltIn">
<kw name="Should Be True" owner="BuiltIn">
<arg>${True}</arg>
<doc>Fails if the given condition is not true.</doc>
<status status="PASS" start="2024-04-09T03:16:36.344311" elapsed="0.000155"/>
</kw>
<arg>${json_data["results"][0]["location"]["coordinates"]["longitude"]} &gt;= -180 and ${json_data["results"][0]["location"]["coordinates"]["longitude"]} &lt;= 180</arg>
<arg>Should Be True</arg>
<arg>${True}</arg>
<doc>Runs the given keyword with the given arguments, if ``condition`` is true.</doc>
<status status="PASS" start="2024-04-09T03:16:36.343390" elapsed="0.001202"/>
</kw>
<status status="PASS" start="2024-04-09T03:16:36.267917" elapsed="0.076806"/>
</kw>
<doc>Testa o conteúdo específico dos campos retornados pela API.</doc>
<tag>testeConteudo</tag>
<status status="PASS" start="2024-04-09T03:16:36.267418" elapsed="0.077464"/>
</test>
<status status="PASS" start="2024-04-09T03:16:35.185948" elapsed="1.160897"/>
</suite>
<status status="PASS" start="2024-04-09T03:16:35.171893" elapsed="1.180308"/>
</suite>
<statistics>
<total>
<stat pass="5" fail="0" skip="0">All Tests</stat>
</total>
<tag>
<stat pass="1" fail="0" skip="0">testeConteudo</stat>
<stat pass="1" fail="0" skip="0">testeEstruturaResposta</stat>
<stat pass="1" fail="0" skip="0">testeRequisicaoBasica</stat>
<stat pass="1" fail="0" skip="0">testeTiposDados</stat>
</tag>
<suite>
<stat pass="5" fail="0" skip="0" id="s1" name="Tests">Tests</stat>
<stat pass="5" fail="0" skip="0" id="s1-s1" name="Random-User-Test">Tests.Random-User-Test</stat>
</suite>
</statistics>
<errors>
</errors>
</robot>
