<?xml version="1.0" encoding="UTF-8"?>
<robot generator="Robot 7.0 (Python 3.12.2 on linux)" generated="2024-04-02T04:16:07.407675" rpa="false" schemaversion="5">
<suite id="s1" name="Tests" source="/home/runner/work/DesafioQAItauRogerioJordao/DesafioQAItauRogerioJordao/RamdonUser/tests">
<suite id="s1-s1" name="Random-User-Test" source="/home/runner/work/DesafioQAItauRogerioJordao/DesafioQAItauRogerioJordao/RamdonUser/tests/random-user-test.robot">
<test id="s1-s1-t1" name="Conectar" line="13">
<kw name="Conectar API" owner="random-user-service">
<kw name="Create Session" owner="RequestsLibrary">
<msg time="2024-04-02T04:16:07.788130" level="INFO">Creating Session using : alias=consultarAPI, url=https://randomuser.me/, headers={},                     cookies={}, auth=None, timeout=None, proxies=None, verify=False,                     debug=0 </msg>
<arg>consultarAPI</arg>
<arg>${URL}</arg>
<doc>Create Session: create a HTTP session to a server</doc>
<status status="PASS" start="2024-04-02T04:16:07.787936" elapsed="0.000347"/>
</kw>
<status status="PASS" start="2024-04-02T04:16:07.786944" elapsed="0.001685"/>
</kw>
<status status="PASS" start="2024-04-02T04:16:07.786383" elapsed="0.002445"/>
</test>
<test id="s1-s1-t2" name="Validar retorno 200 e JSON Válido" line="16">
<kw name="Teste de Requisicao Basica" owner="random-user-service">
<kw name="GET On Session" owner="RequestsLibrary">
<msg time="2024-04-02T04:16:07.947986" level="INFO">GET Request : url=https://randomuser.me/api 
 path_url=/api 
 headers={'User-Agent': 'python-requests/2.31.0', 'Accept-Encoding': 'gzip, deflate', 'Accept': '*/*', 'Connection': 'keep-alive'} 
 body=None 
 </msg>
<msg time="2024-04-02T04:16:07.948119" level="INFO">GET Response : url=https://randomuser.me/api 
 status=200, reason=OK 
 headers={'Date': 'Tue, 02 Apr 2024 04:16:07 GMT', 'Content-Type': 'application/json; charset=utf-8', 'Transfer-Encoding': 'chunked', 'Connection': 'keep-alive', 'X-Powered-By': 'Express', 'Access-Control-Allow-Origin': '*', 'Cache-Control': 'no-cache', 'ETag': 'W/"46b-XLml7FzadQ0f10++SEsf1iy57Vg"', 'Vary': 'Accept-Encoding', 'Content-Encoding': 'gzip', 'CF-Cache-Status': 'DYNAMIC', 'Report-To': '{"endpoints":[{"url":"https:\\/\\/a.nel.cloudflare.com\\/report\\/v4?s=9Kz9fYmJq9l173TbEazk28mQPWuyUJozjCgIcLfaGoDHqaIUXaY7ZTJsru9Kq8odutCtQk%2BrbUnAn1yccfK45hpZvdT7QmwrWCmE47MLeLeX1iyQfDulw8YiIlAmYa8Z"}],"group":"cf-nel","max_age":604800}', 'NEL': '{"success_fraction":0,"report_to":"cf-nel","max_age":604800}', 'Server': 'cloudflare', 'CF-RAY': '86de00716a752d1c-IAD', 'alt-svc': 'h3=":443"; ma=86400'} 
 body={"results":[{"gender":"male","name":{"title":"Mr","first":"Joshua","last":"Willumsen"},"location":{"street":{"number":5890,"name":"Nøtteveien"},"city":"Sørumsand","state":"Aust-Agder","country":"Norway","postcode":"8469","coordinates":{"latitude":"41.9048","longitude":"-63.8914"},"timezone":{"offset":"+4:30","description":"Kabul"}},"email":"joshua.willumsen@example.com","login":{"uuid":"7fa9ad1e-ddf3-4e04-a452-97f20639f36d","username":"greencat658","password":"divorce","salt":"ZY8m6asz","md5":"327d11ae32130d23ec5482e4650fc931","sha1":"8bd2a48059c42e0487c240bd832d0c765a69a970","sha256":"9045de0cb69ddd985bbdc2b8b5dc5df0a8ef47c19039b07b670dd4810e6be232"},"dob":{"date":"1971-02-14T15:03:44.564Z","age":53},"registered":{"date":"2021-06-21T19:20:04.703Z","age":2},"phone":"23259248","cell":"43617903","id":{"name":"FN","value":"14027136703"},"picture":{"large":"https://randomuser.me/api/portraits/men/16.jpg","medium":"https://randomuser.me/api/portraits/med/men/16.jpg","thumbnail":"https://randomuser.me/api/portraits/thumb/men/16.jpg"},"nat":"NO"}],"info":{"seed":"d8f8fd9242fe3ef8","results":1,"page":1,"version":"1.4"}} 
 </msg>
<msg time="2024-04-02T04:16:07.948243" level="INFO">/opt/hostedtoolcache/Python/3.12.2/x64/lib/python3.12/site-packages/urllib3/connectionpool.py:1103: InsecureRequestWarning: Unverified HTTPS request is being made to host 'randomuser.me'. Adding certificate verification is strongly advised. See: https://urllib3.readthedocs.io/en/latest/advanced-usage.html#tls-warnings
  warnings.warn(</msg>
<msg time="2024-04-02T04:16:07.948401" level="INFO">${response} = &lt;Response [200]&gt;</msg>
<var>${response}</var>
<arg>consultarAPI</arg>
<arg>/api</arg>
<doc>Sends a GET request on a previously created HTTP Session.</doc>
<status status="PASS" start="2024-04-02T04:16:07.791487" elapsed="0.156958"/>
</kw>
<kw name="Should Be Equal As Numbers" owner="BuiltIn">
<msg time="2024-04-02T04:16:07.949244" level="INFO">Argument types are:
&lt;class 'int'&gt;
&lt;class 'str'&gt;</msg>
<arg>${response.status_code}</arg>
<arg>200</arg>
<doc>Fails if objects are unequal after converting them to real numbers.</doc>
<status status="PASS" start="2024-04-02T04:16:07.948831" elapsed="0.000475"/>
</kw>
<kw name="Log" owner="BuiltIn">
<msg time="2024-04-02T04:16:07.949980" level="INFO">200</msg>
<arg>${response.status_code}</arg>
<doc>Logs the given message with the given level.</doc>
<status status="PASS" start="2024-04-02T04:16:07.949625" elapsed="0.000397"/>
</kw>
<kw name="Set Variable" owner="BuiltIn">
<msg time="2024-04-02T04:16:07.950847" level="INFO">${json_data} = {'results': [{'gender': 'male', 'name': {'title': 'Mr', 'first': 'Joshua', 'last': 'Willumsen'}, 'location': {'street': {'number': 5890, 'name': 'Nøtteveien'}, 'city': 'Sørumsand', 'state': 'Aust-Agde...</msg>
<var>${json_data}</var>
<arg>${response.json()}</arg>
<doc>Returns the given values which can then be assigned to a variables.</doc>
<status status="PASS" start="2024-04-02T04:16:07.950398" elapsed="0.000478"/>
</kw>
<kw name="Dictionary Should Contain Key" owner="Collections">
<msg time="2024-04-02T04:16:07.951346" level="INFO">False</msg>
<arg>${json_data}</arg>
<arg>results</arg>
<doc>Fails if ``key`` is not found from ``dictionary``.</doc>
<status status="PASS" start="2024-04-02T04:16:07.951181" elapsed="0.000203"/>
</kw>
<status status="PASS" start="2024-04-02T04:16:07.791237" elapsed="0.160396"/>
</kw>
<doc>Testa se a API responde corretamente e retorna um objeto JSON válido.</doc>
<tag>testeRequisicaoBasica</tag>
<status status="PASS" start="2024-04-02T04:16:07.790718" elapsed="0.161088"/>
</test>
<test id="s1-s1-t3" name="Validar estrutura de resposta" line="22">
<kw name="Teste de Estrutura de Resposta" owner="random-user-service">
<kw name="GET On Session" owner="RequestsLibrary">
<msg time="2024-04-02T04:16:08.044800" level="INFO">GET Request : url=https://randomuser.me/api 
 path_url=/api 
 headers={'User-Agent': 'python-requests/2.31.0', 'Accept-Encoding': 'gzip, deflate', 'Accept': '*/*', 'Connection': 'keep-alive'} 
 body=None 
 </msg>
<msg time="2024-04-02T04:16:08.044881" level="INFO">GET Response : url=https://randomuser.me/api 
 status=200, reason=OK 
 headers={'Date': 'Tue, 02 Apr 2024 04:16:08 GMT', 'Content-Type': 'application/json; charset=utf-8', 'Transfer-Encoding': 'chunked', 'Connection': 'keep-alive', 'X-Powered-By': 'Express', 'Access-Control-Allow-Origin': '*', 'Cache-Control': 'no-cache', 'ETag': 'W/"495-5VQq/aEVjf0uij7sjBVzeco1kck"', 'Vary': 'Accept-Encoding', 'Content-Encoding': 'gzip', 'CF-Cache-Status': 'DYNAMIC', 'Report-To': '{"endpoints":[{"url":"https:\\/\\/a.nel.cloudflare.com\\/report\\/v4?s=1JXt0nh%2BHBVxQWuOMY0aLSFEkuOYERSvrVEE2GjphKOHXqumIC5Be8JdH1qGku6hL%2BaxRg%2Bh2xM6cWhYAvlw2A5RVzpMl81GLU%2FyS0klFoNniPT8oBXYmWAf6d6fxN%2Bj"}],"group":"cf-nel","max_age":604800}', 'NEL': '{"success_fraction":0,"report_to":"cf-nel","max_age":604800}', 'Server': 'cloudflare', 'CF-RAY': '86de0071bac32d1c-IAD', 'alt-svc': 'h3=":443"; ma=86400'} 
 body={"results":[{"gender":"male","name":{"title":"Mr","first":"Mateo","last":"Lerøy"},"location":{"street":{"number":5389,"name":"Hjørungavåggata"},"city":"Forsøl","state":"Nord-Trøndelag","country":"Norway","postcode":"7596","coordinates":{"latitude":"41.6343","longitude":"-101.6580"},"timezone":{"offset":"+5:00","description":"Ekaterinburg, Islamabad, Karachi, Tashkent"}},"email":"mateo.leroy@example.com","login":{"uuid":"97b85376-155f-4a89-8268-20b517e39b43","username":"happyleopard253","password":"bookworm","salt":"evw8QFKV","md5":"e2cbf23fc5ccc12ee340c4102db5638f","sha1":"ab45a42211fe03e3751437d9bbe1584cc3191dda","sha256":"53b34c64b06220b40330758b16b5e43339f0c974ee09c8cb62386dbd3ce7b626"},"dob":{"date":"1947-04-13T00:10:46.024Z","age":76},"registered":{"date":"2016-06-13T08:00:15.582Z","age":7},"phone":"24925631","cell":"46669011","id":{"name":"FN","value":"13044732763"},"picture":{"large":"https://randomuser.me/api/portraits/men/35.jpg","medium":"https://randomuser.me/api/portraits/med/men/35.jpg","thumbnail":"https://randomuser.me/api/portraits/thumb/men/35.jpg"},"nat":"NO"}],"info":{"seed":"8d1a79c74e82f1a9","results":1,"page":1,"version":"1.4"}} 
 </msg>
<msg time="2024-04-02T04:16:08.045005" level="INFO">/opt/hostedtoolcache/Python/3.12.2/x64/lib/python3.12/site-packages/urllib3/connectionpool.py:1103: InsecureRequestWarning: Unverified HTTPS request is being made to host 'randomuser.me'. Adding certificate verification is strongly advised. See: https://urllib3.readthedocs.io/en/latest/advanced-usage.html#tls-warnings
  warnings.warn(</msg>
<msg time="2024-04-02T04:16:08.045268" level="INFO">${response} = &lt;Response [200]&gt;</msg>
<var>${response}</var>
<arg>consultarAPI</arg>
<arg>/api</arg>
<doc>Sends a GET request on a previously created HTTP Session.</doc>
<status status="PASS" start="2024-04-02T04:16:07.954435" elapsed="0.090873"/>
</kw>
<kw name="Set Variable" owner="BuiltIn">
<msg time="2024-04-02T04:16:08.046144" level="INFO">${json_data} = {'results': [{'gender': 'male', 'name': {'title': 'Mr', 'first': 'Mateo', 'last': 'Lerøy'}, 'location': {'street': {'number': 5389, 'name': 'Hjørungavåggata'}, 'city': 'Forsøl', 'state': 'Nord-Trøndel...</msg>
<var>${json_data}</var>
<arg>${response.json()}</arg>
<doc>Returns the given values which can then be assigned to a variables.</doc>
<status status="PASS" start="2024-04-02T04:16:08.045694" elapsed="0.000479"/>
</kw>
<kw name="Log" owner="BuiltIn">
<msg time="2024-04-02T04:16:08.046716" level="INFO">{'results': [{'gender': 'male', 'name': {'title': 'Mr', 'first': 'Mateo', 'last': 'Lerøy'}, 'location': {'street': {'number': 5389, 'name': 'Hjørungavåggata'}, 'city': 'Forsøl', 'state': 'Nord-Trøndelag', 'country': 'Norway', 'postcode': '7596', 'coordinates': {'latitude': '41.6343', 'longitude': '-101.6580'}, 'timezone': {'offset': '+5:00', 'description': 'Ekaterinburg, Islamabad, Karachi, Tashkent'}}, 'email': 'mateo.leroy@example.com', 'login': {'uuid': '97b85376-155f-4a89-8268-20b517e39b43', 'username': 'happyleopard253', 'password': 'bookworm', 'salt': 'evw8QFKV', 'md5': 'e2cbf23fc5ccc12ee340c4102db5638f', 'sha1': 'ab45a42211fe03e3751437d9bbe1584cc3191dda', 'sha256': '53b34c64b06220b40330758b16b5e43339f0c974ee09c8cb62386dbd3ce7b626'}, 'dob': {'date': '1947-04-13T00:10:46.024Z', 'age': 76}, 'registered': {'date': '2016-06-13T08:00:15.582Z', 'age': 7}, 'phone': '24925631', 'cell': '46669011', 'id': {'name': 'FN', 'value': '13044732763'}, 'picture': {'large': 'https://randomuser.me/api/portraits/men/35.jpg', 'medium': 'https://randomuser.me/api/portraits/med/men/35.jpg', 'thumbnail': 'https://randomuser.me/api/portraits/thumb/men/35.jpg'}, 'nat': 'NO'}], 'info': {'seed': '8d1a79c74e82f1a9', 'results': 1, 'page': 1, 'version': '1.4'}}</msg>
<arg>${json_data}</arg>
<doc>Logs the given message with the given level.</doc>
<status status="PASS" start="2024-04-02T04:16:08.046553" elapsed="0.000213"/>
</kw>
<kw name="Dictionary Should Contain Key" owner="Collections">
<msg time="2024-04-02T04:16:08.047219" level="INFO">False</msg>
<arg>${json_data}</arg>
<arg>results</arg>
<doc>Fails if ``key`` is not found from ``dictionary``.</doc>
<status status="PASS" start="2024-04-02T04:16:08.047066" elapsed="0.000190"/>
</kw>
<kw name="Should Not Be Empty" owner="BuiltIn">
<msg time="2024-04-02T04:16:08.047678" level="INFO">Length is 2.</msg>
<arg>${json_data}</arg>
<doc>Verifies that the given item is not empty.</doc>
<status status="PASS" start="2024-04-02T04:16:08.047546" elapsed="0.000170"/>
</kw>
<kw name="Create List" owner="BuiltIn">
<msg time="2024-04-02T04:16:08.048146" level="INFO">${expected_keys} = ['gender', 'name', 'location', 'email', 'login']</msg>
<var>${expected_keys}</var>
<arg>gender</arg>
<arg>name</arg>
<arg>location</arg>
<arg>email</arg>
<arg>login</arg>
<doc>Returns a list containing given items.</doc>
<status status="PASS" start="2024-04-02T04:16:08.048001" elapsed="0.000169"/>
</kw>
<for flavor="IN">
<iter>
<kw name="Dictionary Should Contain Key" owner="Collections">
<msg time="2024-04-02T04:16:08.049126" level="INFO">False</msg>
<arg>${json_data['results'][0]}</arg>
<arg>${key}</arg>
<doc>Fails if ``key`` is not found from ``dictionary``.</doc>
<status status="PASS" start="2024-04-02T04:16:08.048722" elapsed="0.000443"/>
</kw>
<kw name="Log" owner="BuiltIn">
<msg time="2024-04-02T04:16:08.049838" level="INFO">{'gender': 'male', 'name': {'title': 'Mr', 'first': 'Mateo', 'last': 'Lerøy'}, 'location': {'street': {'number': 5389, 'name': 'Hjørungavåggata'}, 'city': 'Forsøl', 'state': 'Nord-Trøndelag', 'country': 'Norway', 'postcode': '7596', 'coordinates': {'latitude': '41.6343', 'longitude': '-101.6580'}, 'timezone': {'offset': '+5:00', 'description': 'Ekaterinburg, Islamabad, Karachi, Tashkent'}}, 'email': 'mateo.leroy@example.com', 'login': {'uuid': '97b85376-155f-4a89-8268-20b517e39b43', 'username': 'happyleopard253', 'password': 'bookworm', 'salt': 'evw8QFKV', 'md5': 'e2cbf23fc5ccc12ee340c4102db5638f', 'sha1': 'ab45a42211fe03e3751437d9bbe1584cc3191dda', 'sha256': '53b34c64b06220b40330758b16b5e43339f0c974ee09c8cb62386dbd3ce7b626'}, 'dob': {'date': '1947-04-13T00:10:46.024Z', 'age': 76}, 'registered': {'date': '2016-06-13T08:00:15.582Z', 'age': 7}, 'phone': '24925631', 'cell': '46669011', 'id': {'name': 'FN', 'value': '13044732763'}, 'picture': {'large': 'https://randomuser.me/api/portraits/men/35.jpg', 'medium': 'https://randomuser.me/api/portraits/med/men/35.jpg', 'thumbnail': 'https://randomuser.me/api/portraits/thumb/men/35.jpg'}, 'nat': 'NO'}</msg>
<arg>${json_data['results'][0]}</arg>
<doc>Logs the given message with the given level.</doc>
<status status="PASS" start="2024-04-02T04:16:08.049470" elapsed="0.000424"/>
</kw>
<kw name="Log" owner="BuiltIn">
<msg time="2024-04-02T04:16:08.050363" level="INFO">gender</msg>
<arg>${key}</arg>
<doc>Logs the given message with the given level.</doc>
<status status="PASS" start="2024-04-02T04:16:08.050201" elapsed="0.000202"/>
</kw>
<var name="${key}">gender</var>
<status status="PASS" start="2024-04-02T04:16:08.048598" elapsed="0.002027"/>
</iter>
<iter>
<kw name="Dictionary Should Contain Key" owner="Collections">
<msg time="2024-04-02T04:16:08.051314" level="INFO">False</msg>
<arg>${json_data['results'][0]}</arg>
<arg>${key}</arg>
<doc>Fails if ``key`` is not found from ``dictionary``.</doc>
<status status="PASS" start="2024-04-02T04:16:08.050930" elapsed="0.000421"/>
</kw>
<kw name="Log" owner="BuiltIn">
<msg time="2024-04-02T04:16:08.052045" level="INFO">{'gender': 'male', 'name': {'title': 'Mr', 'first': 'Mateo', 'last': 'Lerøy'}, 'location': {'street': {'number': 5389, 'name': 'Hjørungavåggata'}, 'city': 'Forsøl', 'state': 'Nord-Trøndelag', 'country': 'Norway', 'postcode': '7596', 'coordinates': {'latitude': '41.6343', 'longitude': '-101.6580'}, 'timezone': {'offset': '+5:00', 'description': 'Ekaterinburg, Islamabad, Karachi, Tashkent'}}, 'email': 'mateo.leroy@example.com', 'login': {'uuid': '97b85376-155f-4a89-8268-20b517e39b43', 'username': 'happyleopard253', 'password': 'bookworm', 'salt': 'evw8QFKV', 'md5': 'e2cbf23fc5ccc12ee340c4102db5638f', 'sha1': 'ab45a42211fe03e3751437d9bbe1584cc3191dda', 'sha256': '53b34c64b06220b40330758b16b5e43339f0c974ee09c8cb62386dbd3ce7b626'}, 'dob': {'date': '1947-04-13T00:10:46.024Z', 'age': 76}, 'registered': {'date': '2016-06-13T08:00:15.582Z', 'age': 7}, 'phone': '24925631', 'cell': '46669011', 'id': {'name': 'FN', 'value': '13044732763'}, 'picture': {'large': 'https://randomuser.me/api/portraits/men/35.jpg', 'medium': 'https://randomuser.me/api/portraits/med/men/35.jpg', 'thumbnail': 'https://randomuser.me/api/portraits/thumb/men/35.jpg'}, 'nat': 'NO'}</msg>
<arg>${json_data['results'][0]}</arg>
<doc>Logs the given message with the given level.</doc>
<status status="PASS" start="2024-04-02T04:16:08.051680" elapsed="0.000414"/>
</kw>
<kw name="Log" owner="BuiltIn">
<msg time="2024-04-02T04:16:08.052525" level="INFO">name</msg>
<arg>${key}</arg>
<doc>Logs the given message with the given level.</doc>
<status status="PASS" start="2024-04-02T04:16:08.052396" elapsed="0.000166"/>
</kw>
<var name="${key}">name</var>
<status status="PASS" start="2024-04-02T04:16:08.050814" elapsed="0.001962"/>
</iter>
<iter>
<kw name="Dictionary Should Contain Key" owner="Collections">
<msg time="2024-04-02T04:16:08.053445" level="INFO">False</msg>
<arg>${json_data['results'][0]}</arg>
<arg>${key}</arg>
<doc>Fails if ``key`` is not found from ``dictionary``.</doc>
<status status="PASS" start="2024-04-02T04:16:08.053068" elapsed="0.000414"/>
</kw>
<kw name="Log" owner="BuiltIn">
<msg time="2024-04-02T04:16:08.054152" level="INFO">{'gender': 'male', 'name': {'title': 'Mr', 'first': 'Mateo', 'last': 'Lerøy'}, 'location': {'street': {'number': 5389, 'name': 'Hjørungavåggata'}, 'city': 'Forsøl', 'state': 'Nord-Trøndelag', 'country': 'Norway', 'postcode': '7596', 'coordinates': {'latitude': '41.6343', 'longitude': '-101.6580'}, 'timezone': {'offset': '+5:00', 'description': 'Ekaterinburg, Islamabad, Karachi, Tashkent'}}, 'email': 'mateo.leroy@example.com', 'login': {'uuid': '97b85376-155f-4a89-8268-20b517e39b43', 'username': 'happyleopard253', 'password': 'bookworm', 'salt': 'evw8QFKV', 'md5': 'e2cbf23fc5ccc12ee340c4102db5638f', 'sha1': 'ab45a42211fe03e3751437d9bbe1584cc3191dda', 'sha256': '53b34c64b06220b40330758b16b5e43339f0c974ee09c8cb62386dbd3ce7b626'}, 'dob': {'date': '1947-04-13T00:10:46.024Z', 'age': 76}, 'registered': {'date': '2016-06-13T08:00:15.582Z', 'age': 7}, 'phone': '24925631', 'cell': '46669011', 'id': {'name': 'FN', 'value': '13044732763'}, 'picture': {'large': 'https://randomuser.me/api/portraits/men/35.jpg', 'medium': 'https://randomuser.me/api/portraits/med/men/35.jpg', 'thumbnail': 'https://randomuser.me/api/portraits/thumb/men/35.jpg'}, 'nat': 'NO'}</msg>
<arg>${json_data['results'][0]}</arg>
<doc>Logs the given message with the given level.</doc>
<status status="PASS" start="2024-04-02T04:16:08.053783" elapsed="0.000424"/>
</kw>
<kw name="Log" owner="BuiltIn">
<msg time="2024-04-02T04:16:08.054674" level="INFO">location</msg>
<arg>${key}</arg>
<doc>Logs the given message with the given level.</doc>
<status status="PASS" start="2024-04-02T04:16:08.054546" elapsed="0.000167"/>
</kw>
<var name="${key}">location</var>
<status status="PASS" start="2024-04-02T04:16:08.052955" elapsed="0.001981"/>
</iter>
<iter>
<kw name="Dictionary Should Contain Key" owner="Collections">
<msg time="2024-04-02T04:16:08.055595" level="INFO">False</msg>
<arg>${json_data['results'][0]}</arg>
<arg>${key}</arg>
<doc>Fails if ``key`` is not found from ``dictionary``.</doc>
<status status="PASS" start="2024-04-02T04:16:08.055221" elapsed="0.000411"/>
</kw>
<kw name="Log" owner="BuiltIn">
<msg time="2024-04-02T04:16:08.056292" level="INFO">{'gender': 'male', 'name': {'title': 'Mr', 'first': 'Mateo', 'last': 'Lerøy'}, 'location': {'street': {'number': 5389, 'name': 'Hjørungavåggata'}, 'city': 'Forsøl', 'state': 'Nord-Trøndelag', 'country': 'Norway', 'postcode': '7596', 'coordinates': {'latitude': '41.6343', 'longitude': '-101.6580'}, 'timezone': {'offset': '+5:00', 'description': 'Ekaterinburg, Islamabad, Karachi, Tashkent'}}, 'email': 'mateo.leroy@example.com', 'login': {'uuid': '97b85376-155f-4a89-8268-20b517e39b43', 'username': 'happyleopard253', 'password': 'bookworm', 'salt': 'evw8QFKV', 'md5': 'e2cbf23fc5ccc12ee340c4102db5638f', 'sha1': 'ab45a42211fe03e3751437d9bbe1584cc3191dda', 'sha256': '53b34c64b06220b40330758b16b5e43339f0c974ee09c8cb62386dbd3ce7b626'}, 'dob': {'date': '1947-04-13T00:10:46.024Z', 'age': 76}, 'registered': {'date': '2016-06-13T08:00:15.582Z', 'age': 7}, 'phone': '24925631', 'cell': '46669011', 'id': {'name': 'FN', 'value': '13044732763'}, 'picture': {'large': 'https://randomuser.me/api/portraits/men/35.jpg', 'medium': 'https://randomuser.me/api/portraits/med/men/35.jpg', 'thumbnail': 'https://randomuser.me/api/portraits/thumb/men/35.jpg'}, 'nat': 'NO'}</msg>
<arg>${json_data['results'][0]}</arg>
<doc>Logs the given message with the given level.</doc>
<status status="PASS" start="2024-04-02T04:16:08.055929" elapsed="0.000413"/>
</kw>
<kw name="Log" owner="BuiltIn">
<msg time="2024-04-02T04:16:08.056765" level="INFO">email</msg>
<arg>${key}</arg>
<doc>Logs the given message with the given level.</doc>
<status status="PASS" start="2024-04-02T04:16:08.056638" elapsed="0.000164"/>
</kw>
<var name="${key}">email</var>
<status status="PASS" start="2024-04-02T04:16:08.055110" elapsed="0.001904"/>
</iter>
<iter>
<kw name="Dictionary Should Contain Key" owner="Collections">
<msg time="2024-04-02T04:16:08.057685" level="INFO">False</msg>
<arg>${json_data['results'][0]}</arg>
<arg>${key}</arg>
<doc>Fails if ``key`` is not found from ``dictionary``.</doc>
<status status="PASS" start="2024-04-02T04:16:08.057301" elapsed="0.000422"/>
</kw>
<kw name="Log" owner="BuiltIn">
<msg time="2024-04-02T04:16:08.058407" level="INFO">{'gender': 'male', 'name': {'title': 'Mr', 'first': 'Mateo', 'last': 'Lerøy'}, 'location': {'street': {'number': 5389, 'name': 'Hjørungavåggata'}, 'city': 'Forsøl', 'state': 'Nord-Trøndelag', 'country': 'Norway', 'postcode': '7596', 'coordinates': {'latitude': '41.6343', 'longitude': '-101.6580'}, 'timezone': {'offset': '+5:00', 'description': 'Ekaterinburg, Islamabad, Karachi, Tashkent'}}, 'email': 'mateo.leroy@example.com', 'login': {'uuid': '97b85376-155f-4a89-8268-20b517e39b43', 'username': 'happyleopard253', 'password': 'bookworm', 'salt': 'evw8QFKV', 'md5': 'e2cbf23fc5ccc12ee340c4102db5638f', 'sha1': 'ab45a42211fe03e3751437d9bbe1584cc3191dda', 'sha256': '53b34c64b06220b40330758b16b5e43339f0c974ee09c8cb62386dbd3ce7b626'}, 'dob': {'date': '1947-04-13T00:10:46.024Z', 'age': 76}, 'registered': {'date': '2016-06-13T08:00:15.582Z', 'age': 7}, 'phone': '24925631', 'cell': '46669011', 'id': {'name': 'FN', 'value': '13044732763'}, 'picture': {'large': 'https://randomuser.me/api/portraits/men/35.jpg', 'medium': 'https://randomuser.me/api/portraits/med/men/35.jpg', 'thumbnail': 'https://randomuser.me/api/portraits/thumb/men/35.jpg'}, 'nat': 'NO'}</msg>
<arg>${json_data['results'][0]}</arg>
<doc>Logs the given message with the given level.</doc>
<status status="PASS" start="2024-04-02T04:16:08.058015" elapsed="0.000441"/>
</kw>
<kw name="Log" owner="BuiltIn">
<msg time="2024-04-02T04:16:08.058880" level="INFO">login</msg>
<arg>${key}</arg>
<doc>Logs the given message with the given level.</doc>
<status status="PASS" start="2024-04-02T04:16:08.058751" elapsed="0.000268"/>
</kw>
<var name="${key}">login</var>
<status status="PASS" start="2024-04-02T04:16:08.057186" elapsed="0.002088"/>
</iter>
<var>${key}</var>
<value>@{expected_keys}</value>
<status status="PASS" start="2024-04-02T04:16:08.048421" elapsed="0.010983"/>
</for>
<kw name="Create List" owner="BuiltIn">
<msg time="2024-04-02T04:16:08.059738" level="INFO">${expected_keysTwo} = ['username', 'password']</msg>
<var>${expected_keysTwo}</var>
<arg>username</arg>
<arg>password</arg>
<doc>Returns a list containing given items.</doc>
<status status="PASS" start="2024-04-02T04:16:08.059600" elapsed="0.000162"/>
</kw>
<for flavor="IN">
<iter>
<kw name="Dictionary Should Contain Key" owner="Collections">
<msg time="2024-04-02T04:16:08.060642" level="INFO">False</msg>
<arg>${json_data['results'][0]['login']}</arg>
<arg>${keyTwo}</arg>
<doc>Fails if ``key`` is not found from ``dictionary``.</doc>
<status status="PASS" start="2024-04-02T04:16:08.060262" elapsed="0.000417"/>
</kw>
<kw name="Dictionary Should Contain Key" owner="Collections">
<msg time="2024-04-02T04:16:08.061348" level="INFO">False</msg>
<arg>${json_data['results'][0]['login']}</arg>
<arg>${keyTwo}</arg>
<doc>Fails if ``key`` is not found from ``dictionary``.</doc>
<status status="PASS" start="2024-04-02T04:16:08.060970" elapsed="0.000414"/>
</kw>
<kw name="Log" owner="BuiltIn">
<msg time="2024-04-02T04:16:08.061805" level="INFO">username</msg>
<arg>${keyTwo}</arg>
<doc>Logs the given message with the given level.</doc>
<status status="PASS" start="2024-04-02T04:16:08.061677" elapsed="0.000164"/>
</kw>
<var name="${keyTwo}">username</var>
<status status="PASS" start="2024-04-02T04:16:08.060152" elapsed="0.001904"/>
</iter>
<iter>
<kw name="Dictionary Should Contain Key" owner="Collections">
<msg time="2024-04-02T04:16:08.062754" level="INFO">False</msg>
<arg>${json_data['results'][0]['login']}</arg>
<arg>${keyTwo}</arg>
<doc>Fails if ``key`` is not found from ``dictionary``.</doc>
<status status="PASS" start="2024-04-02T04:16:08.062369" elapsed="0.000422"/>
</kw>
<kw name="Dictionary Should Contain Key" owner="Collections">
<msg time="2024-04-02T04:16:08.063457" level="INFO">False</msg>
<arg>${json_data['results'][0]['login']}</arg>
<arg>${keyTwo}</arg>
<doc>Fails if ``key`` is not found from ``dictionary``.</doc>
<status status="PASS" start="2024-04-02T04:16:08.063079" elapsed="0.000414"/>
</kw>
<kw name="Log" owner="BuiltIn">
<msg time="2024-04-02T04:16:08.063902" level="INFO">password</msg>
<arg>${keyTwo}</arg>
<doc>Logs the given message with the given level.</doc>
<status status="PASS" start="2024-04-02T04:16:08.063777" elapsed="0.000162"/>
</kw>
<var name="${keyTwo}">password</var>
<status status="PASS" start="2024-04-02T04:16:08.062228" elapsed="0.001926"/>
</iter>
<var>${keyTwo}</var>
<value>@{expected_keysTwo}</value>
<status status="PASS" start="2024-04-02T04:16:08.060000" elapsed="0.004277"/>
</for>
<status status="PASS" start="2024-04-02T04:16:07.954174" elapsed="0.110241"/>
</kw>
<doc>Testa a estrutura da resposta da API.</doc>
<tag>testeEstruturaResposta</tag>
<status status="PASS" start="2024-04-02T04:16:07.953584" elapsed="0.110981"/>
</test>
<test id="s1-s1-t4" name="Validar tipos de dados" line="28">
<kw name="Teste de Tipos de Dados" owner="random-user-service">
<kw name="GET On Session" owner="RequestsLibrary">
<msg time="2024-04-02T04:16:08.147093" level="INFO">GET Request : url=https://randomuser.me/api 
 path_url=/api 
 headers={'User-Agent': 'python-requests/2.31.0', 'Accept-Encoding': 'gzip, deflate', 'Accept': '*/*', 'Connection': 'keep-alive'} 
 body=None 
 </msg>
<msg time="2024-04-02T04:16:08.147174" level="INFO">GET Response : url=https://randomuser.me/api 
 status=200, reason=OK 
 headers={'Date': 'Tue, 02 Apr 2024 04:16:08 GMT', 'Content-Type': 'application/json; charset=utf-8', 'Transfer-Encoding': 'chunked', 'Connection': 'keep-alive', 'X-Powered-By': 'Express', 'Access-Control-Allow-Origin': '*', 'Cache-Control': 'no-cache', 'ETag': 'W/"47f-2YoNYsHoQxz84VZzyxwS28SOl3I"', 'Vary': 'Accept-Encoding', 'Content-Encoding': 'gzip', 'CF-Cache-Status': 'DYNAMIC', 'Report-To': '{"endpoints":[{"url":"https:\\/\\/a.nel.cloudflare.com\\/report\\/v4?s=TRfoZc%2FsN2MXKG4fOUFjeJyFHuVsN6pgleHov3huxjAqc4sOO2fw%2F6BaB7dLxArGp6lYDqzG5ZDLdCfUm8xbN0TEYAcxIId7fpOrj%2Fo%2BBLLzQJOMsuKvdkoBRE9FI8%2B3"}],"group":"cf-nel","max_age":604800}', 'NEL': '{"success_fraction":0,"report_to":"cf-nel","max_age":604800}', 'Server': 'cloudflare', 'CF-RAY': '86de00726b5b2d1c-IAD', 'alt-svc': 'h3=":443"; ma=86400'} 
 body={"results":[{"gender":"female","name":{"title":"Mrs","first":"Gerdien","last":"Nienhuis"},"location":{"street":{"number":8256,"name":"Heringsweg"},"city":"Abbega","state":"Zeeland","country":"Netherlands","postcode":"3892 JQ","coordinates":{"latitude":"34.1804","longitude":"50.3300"},"timezone":{"offset":"+5:45","description":"Kathmandu"}},"email":"gerdien.nienhuis@example.com","login":{"uuid":"588bdb0e-d2e5-479b-9f76-2993c10921c4","username":"greencat613","password":"jasper","salt":"i5vDLUg7","md5":"3348c76b0ed195467bca7e14d470623d","sha1":"453d4bc7f604b1a49f0a24ca8d0b339d79907d79","sha256":"7f5453abadfb792bbc94c9ebc07fca496bec293eb3aac9da5a9a7b6c8f56174a"},"dob":{"date":"1978-08-15T16:25:58.733Z","age":45},"registered":{"date":"2006-07-18T03:15:02.899Z","age":17},"phone":"(000) 6118268","cell":"(06) 44425529","id":{"name":"BSN","value":"76287399"},"picture":{"large":"https://randomuser.me/api/portraits/women/77.jpg","medium":"https://randomuser.me/api/portraits/med/women/77.jpg","thumbnail":"https://randomuser.me/api/portraits/thumb/women/77.jpg"},"nat":"NL"}],"info":{"seed":"3830dc63f3c064f6","results":1,"page":1,"version":"1.4"}} 
 </msg>
<msg time="2024-04-02T04:16:08.147243" level="INFO">/opt/hostedtoolcache/Python/3.12.2/x64/lib/python3.12/site-packages/urllib3/connectionpool.py:1103: InsecureRequestWarning: Unverified HTTPS request is being made to host 'randomuser.me'. Adding certificate verification is strongly advised. See: https://urllib3.readthedocs.io/en/latest/advanced-usage.html#tls-warnings
  warnings.warn(</msg>
<msg time="2024-04-02T04:16:08.147360" level="INFO">${response} = &lt;Response [200]&gt;</msg>
<var>${response}</var>
<arg>consultarAPI</arg>
<arg>/api</arg>
<doc>Sends a GET request on a previously created HTTP Session.</doc>
<status status="PASS" start="2024-04-02T04:16:08.067033" elapsed="0.080375"/>
</kw>
<kw name="Set Variable" owner="BuiltIn">
<msg time="2024-04-02T04:16:08.148275" level="INFO">${json_data} = {'results': [{'gender': 'female', 'name': {'title': 'Mrs', 'first': 'Gerdien', 'last': 'Nienhuis'}, 'location': {'street': {'number': 8256, 'name': 'Heringsweg'}, 'city': 'Abbega', 'state': 'Zeeland',...</msg>
<var>${json_data}</var>
<arg>${response.json()}</arg>
<doc>Returns the given values which can then be assigned to a variables.</doc>
<status status="PASS" start="2024-04-02T04:16:08.147840" elapsed="0.000463"/>
</kw>
<kw name="Log" owner="BuiltIn">
<msg time="2024-04-02T04:16:08.148759" level="INFO">{'results': [{'gender': 'female', 'name': {'title': 'Mrs', 'first': 'Gerdien', 'last': 'Nienhuis'}, 'location': {'street': {'number': 8256, 'name': 'Heringsweg'}, 'city': 'Abbega', 'state': 'Zeeland', 'country': 'Netherlands', 'postcode': '3892 JQ', 'coordinates': {'latitude': '34.1804', 'longitude': '50.3300'}, 'timezone': {'offset': '+5:45', 'description': 'Kathmandu'}}, 'email': 'gerdien.nienhuis@example.com', 'login': {'uuid': '588bdb0e-d2e5-479b-9f76-2993c10921c4', 'username': 'greencat613', 'password': 'jasper', 'salt': 'i5vDLUg7', 'md5': '3348c76b0ed195467bca7e14d470623d', 'sha1': '453d4bc7f604b1a49f0a24ca8d0b339d79907d79', 'sha256': '7f5453abadfb792bbc94c9ebc07fca496bec293eb3aac9da5a9a7b6c8f56174a'}, 'dob': {'date': '1978-08-15T16:25:58.733Z', 'age': 45}, 'registered': {'date': '2006-07-18T03:15:02.899Z', 'age': 17}, 'phone': '(000) 6118268', 'cell': '(06) 44425529', 'id': {'name': 'BSN', 'value': '76287399'}, 'picture': {'large': 'https://randomuser.me/api/portraits/women/77.jpg', 'medium': 'https://randomuser.me/api/portraits/med/women/77.jpg', 'thumbnail': 'https://randomuser.me/api/portraits/thumb/women/77.jpg'}, 'nat': 'NL'}], 'info': {'seed': '3830dc63f3c064f6', 'results': 1, 'page': 1, 'version': '1.4'}}</msg>
<arg>${json_data}</arg>
<doc>Logs the given message with the given level.</doc>
<status status="PASS" start="2024-04-02T04:16:08.148609" elapsed="0.000227"/>
</kw>
<kw name="Should Be String" owner="String">
<arg>${json_data['results'][0]['gender']}</arg>
<doc>Fails if the given ``item`` is not a string.</doc>
<status status="PASS" start="2024-04-02T04:16:08.149132" elapsed="0.000362"/>
</kw>
<kw name="Should Match Regexp" owner="BuiltIn">
<arg>${json_data['results'][0]['email']}</arg>
<arg>^[a-zA-Z0-9._%+-]+@[a-zA-Z0-9.-]+\.[a-zA-Z]{2,}$</arg>
<doc>Fails if ``string`` does not match ``pattern`` as a regular expression.</doc>
<status status="PASS" start="2024-04-02T04:16:08.149683" elapsed="0.000503"/>
</kw>
<kw name="Should Match Regexp" owner="BuiltIn">
<arg>${json_data['results'][0]['dob']['date']}</arg>
<arg>\\d{4}-\\d{2}-\\d{2}T\\d{2}:\\d{2}:\\d{2}\\.\\d{3}Z</arg>
<doc>Fails if ``string`` does not match ``pattern`` as a regular expression.</doc>
<status status="PASS" start="2024-04-02T04:16:08.150416" elapsed="0.000494"/>
</kw>
<kw name="Should Match Regexp" owner="BuiltIn">
<arg>${json_data['results'][0]['registered']['date']}</arg>
<arg>\\d{4}-\\d{2}-\\d{2}T\\d{2}:\\d{2}:\\d{2}\\.\\d{3}Z</arg>
<doc>Fails if ``string`` does not match ``pattern`` as a regular expression.</doc>
<status status="PASS" start="2024-04-02T04:16:08.151106" elapsed="0.000375"/>
</kw>
<kw name="Should Match Regexp" owner="BuiltIn">
<arg>${json_data['results'][0]['picture']['large']}</arg>
<arg>^https?://.*\.(?:png|jpe?g|gif|bmp)$</arg>
<doc>Fails if ``string`` does not match ``pattern`` as a regular expression.</doc>
<status status="PASS" start="2024-04-02T04:16:08.151671" elapsed="0.000455"/>
</kw>
<kw name="Should Match Regexp" owner="BuiltIn">
<arg>${json_data['results'][0]['picture']['medium']}</arg>
<arg>^https?://.*\.(?:png|jpe?g|gif|bmp)$</arg>
<doc>Fails if ``string`` does not match ``pattern`` as a regular expression.</doc>
<status status="PASS" start="2024-04-02T04:16:08.152315" elapsed="0.000359"/>
</kw>
<kw name="Should Match Regexp" owner="BuiltIn">
<arg>${json_data['results'][0]['picture']['thumbnail']}</arg>
<arg>^https?://.*\.(?:png|jpe?g|gif|bmp)$</arg>
<doc>Fails if ``string`` does not match ``pattern`` as a regular expression.</doc>
<status status="PASS" start="2024-04-02T04:16:08.152858" elapsed="0.000349"/>
</kw>
<kw name="Log" owner="BuiltIn">
<msg time="2024-04-02T04:16:08.153727" level="INFO">{'large': 'https://randomuser.me/api/portraits/women/77.jpg', 'medium': 'https://randomuser.me/api/portraits/med/women/77.jpg', 'thumbnail': 'https://randomuser.me/api/portraits/thumb/women/77.jpg'}</msg>
<arg>${json_data['results'][0]['picture']}</arg>
<doc>Logs the given message with the given level.</doc>
<status status="PASS" start="2024-04-02T04:16:08.153395" elapsed="0.000380"/>
</kw>
<status status="PASS" start="2024-04-02T04:16:08.066806" elapsed="0.087223"/>
</kw>
<kw name="Teste de Tipos de Dados - Postcode" owner="random-user-service">
<kw name="GET On Session" owner="RequestsLibrary">
<msg time="2024-04-02T04:16:08.246051" level="INFO">GET Request : url=https://randomuser.me/api 
 path_url=/api 
 headers={'User-Agent': 'python-requests/2.31.0', 'Accept-Encoding': 'gzip, deflate', 'Accept': '*/*', 'Connection': 'keep-alive'} 
 body=None 
 </msg>
<msg time="2024-04-02T04:16:08.246132" level="INFO">GET Response : url=https://randomuser.me/api 
 status=200, reason=OK 
 headers={'Date': 'Tue, 02 Apr 2024 04:16:08 GMT', 'Content-Type': 'application/json; charset=utf-8', 'Transfer-Encoding': 'chunked', 'Connection': 'keep-alive', 'X-Powered-By': 'Express', 'Access-Control-Allow-Origin': '*', 'Cache-Control': 'no-cache', 'ETag': 'W/"4a7-L/ZgOJnR3NihceQRL7JF1++k9L8"', 'Vary': 'Accept-Encoding', 'Content-Encoding': 'gzip', 'CF-Cache-Status': 'DYNAMIC', 'Report-To': '{"endpoints":[{"url":"https:\\/\\/a.nel.cloudflare.com\\/report\\/v4?s=mnzMXmuZmCNEgjFR5jDoTdd08ivmDdkSgC4QUfrj21z2jMG3xLcqRWvJEaIUsjax3BUpVjO4QMpOf1W5d1MXEDdq3K%2BI%2F5nS4aGEbTpf2M7y172DtqtLMw%2Fo7Pvd8Ga8"}],"group":"cf-nel","max_age":604800}', 'NEL': '{"success_fraction":0,"report_to":"cf-nel","max_age":604800}', 'Server': 'cloudflare', 'CF-RAY': '86de0072fbcf2d1c-IAD', 'alt-svc': 'h3=":443"; ma=86400'} 
 body={"results":[{"gender":"male","name":{"title":"Mr","first":"Milan","last":"Fontai"},"location":{"street":{"number":5867,"name":"Rue Dugas-Montbel"},"city":"Tourcoing","state":"Seine-Saint-Denis","country":"France","postcode":48907,"coordinates":{"latitude":"-18.3078","longitude":"-99.6569"},"timezone":{"offset":"+3:00","description":"Baghdad, Riyadh, Moscow, St. Petersburg"}},"email":"milan.fontai@example.com","login":{"uuid":"a489ded6-8b53-41d4-9dd3-52cee7b58b74","username":"smallduck406","password":"sunshine","salt":"HSvnfZrI","md5":"a0d82a05f9497b4753b24437b90a0367","sha1":"3d9ce6018e23b946c611a02a225d17c3d947d748","sha256":"a00b38f039064ea5e1f5006f48a29f1a6cd67127fa0a2b666f6f85ab22b108a8"},"dob":{"date":"1953-05-28T11:45:13.263Z","age":70},"registered":{"date":"2018-04-10T22:38:31.379Z","age":5},"phone":"05-47-35-74-24","cell":"06-63-83-65-18","id":{"name":"INSEE","value":"1530454782759 64"},"picture":{"large":"https://randomuser.me/api/portraits/men/90.jpg","medium":"https://randomuser.me/api/portraits/med/men/90.jpg","thumbnail":"https://randomuser.me/api/portraits/thumb/men/90.jpg"},"nat":"FR"}],"info":{"seed":"ddb01a9d69a0a523","results":1,"page":1,"version":"1.4"}} 
 </msg>
<msg time="2024-04-02T04:16:08.246215" level="INFO">/opt/hostedtoolcache/Python/3.12.2/x64/lib/python3.12/site-packages/urllib3/connectionpool.py:1103: InsecureRequestWarning: Unverified HTTPS request is being made to host 'randomuser.me'. Adding certificate verification is strongly advised. See: https://urllib3.readthedocs.io/en/latest/advanced-usage.html#tls-warnings
  warnings.warn(</msg>
<msg time="2024-04-02T04:16:08.246358" level="INFO">${response} = &lt;Response [200]&gt;</msg>
<var>${response}</var>
<arg>consultarAPI</arg>
<arg>/api</arg>
<doc>Sends a GET request on a previously created HTTP Session.</doc>
<status status="PASS" start="2024-04-02T04:16:08.154597" elapsed="0.091814"/>
</kw>
<kw name="Set Variable" owner="BuiltIn">
<msg time="2024-04-02T04:16:08.247317" level="INFO">${json_data} = {'results': [{'gender': 'male', 'name': {'title': 'Mr', 'first': 'Milan', 'last': 'Fontai'}, 'location': {'street': {'number': 5867, 'name': 'Rue Dugas-Montbel'}, 'city': 'Tourcoing', 'state': 'Seine-...</msg>
<var>${json_data}</var>
<arg>${response.json()}</arg>
<doc>Returns the given values which can then be assigned to a variables.</doc>
<status status="PASS" start="2024-04-02T04:16:08.246883" elapsed="0.000461"/>
</kw>
<kw name="Log" owner="BuiltIn">
<msg time="2024-04-02T04:16:08.247789" level="INFO">{'results': [{'gender': 'male', 'name': {'title': 'Mr', 'first': 'Milan', 'last': 'Fontai'}, 'location': {'street': {'number': 5867, 'name': 'Rue Dugas-Montbel'}, 'city': 'Tourcoing', 'state': 'Seine-Saint-Denis', 'country': 'France', 'postcode': 48907, 'coordinates': {'latitude': '-18.3078', 'longitude': '-99.6569'}, 'timezone': {'offset': '+3:00', 'description': 'Baghdad, Riyadh, Moscow, St. Petersburg'}}, 'email': 'milan.fontai@example.com', 'login': {'uuid': 'a489ded6-8b53-41d4-9dd3-52cee7b58b74', 'username': 'smallduck406', 'password': 'sunshine', 'salt': 'HSvnfZrI', 'md5': 'a0d82a05f9497b4753b24437b90a0367', 'sha1': '3d9ce6018e23b946c611a02a225d17c3d947d748', 'sha256': 'a00b38f039064ea5e1f5006f48a29f1a6cd67127fa0a2b666f6f85ab22b108a8'}, 'dob': {'date': '1953-05-28T11:45:13.263Z', 'age': 70}, 'registered': {'date': '2018-04-10T22:38:31.379Z', 'age': 5}, 'phone': '05-47-35-74-24', 'cell': '06-63-83-65-18', 'id': {'name': 'INSEE', 'value': '1530454782759 64'}, 'picture': {'large': 'https://randomuser.me/api/portraits/men/90.jpg', 'medium': 'https://randomuser.me/api/portraits/med/men/90.jpg', 'thumbnail': 'https://randomuser.me/api/portraits/thumb/men/90.jpg'}, 'nat': 'FR'}], 'info': {'seed': 'ddb01a9d69a0a523', 'results': 1, 'page': 1, 'version': '1.4'}}</msg>
<arg>${json_data}</arg>
<doc>Logs the given message with the given level.</doc>
<status status="PASS" start="2024-04-02T04:16:08.247641" elapsed="0.000224"/>
</kw>
<kw name="Should Be Equal As Numbers" owner="BuiltIn">
<arg>${json_data['results'][0]['location']['postcode']}</arg>
<arg>${json_data['results'][0]['location']['postcode']}</arg>
<doc>Fails if objects are unequal after converting them to real numbers.</doc>
<status status="PASS" start="2024-04-02T04:16:08.248161" elapsed="0.000611"/>
</kw>
<kw name="Log" owner="BuiltIn">
<msg time="2024-04-02T04:16:08.249293" level="INFO">48907</msg>
<arg>${json_data['results'][0]['location']['postcode']}</arg>
<doc>Logs the given message with the given level.</doc>
<status status="PASS" start="2024-04-02T04:16:08.248963" elapsed="0.000371"/>
</kw>
<status status="PASS" start="2024-04-02T04:16:08.154242" elapsed="0.095341"/>
</kw>
<doc>Testa se os tipos de dados na resposta da API estão corretos.</doc>
<tag>testeTiposDados</tag>
<status status="PASS" start="2024-04-02T04:16:08.066399" elapsed="0.183342"/>
</test>
<test id="s1-s1-t5" name="Validar conteudo" line="35">
<kw name="Teste de Tipos de Conteudo" owner="random-user-service">
<kw name="GET On Session" owner="RequestsLibrary">
<msg time="2024-04-02T04:16:08.353480" level="INFO">GET Request : url=https://randomuser.me/api 
 path_url=/api 
 headers={'User-Agent': 'python-requests/2.31.0', 'Accept-Encoding': 'gzip, deflate', 'Accept': '*/*', 'Connection': 'keep-alive'} 
 body=None 
 </msg>
<msg time="2024-04-02T04:16:08.353562" level="INFO">GET Response : url=https://randomuser.me/api 
 status=200, reason=OK 
 headers={'Date': 'Tue, 02 Apr 2024 04:16:08 GMT', 'Content-Type': 'application/json; charset=utf-8', 'Transfer-Encoding': 'chunked', 'Connection': 'keep-alive', 'X-Powered-By': 'Express', 'Access-Control-Allow-Origin': '*', 'Cache-Control': 'no-cache', 'ETag': 'W/"482-i9p9Qf9aol6GyZbYMCSgRwHY/h4"', 'Vary': 'Accept-Encoding', 'Content-Encoding': 'gzip', 'CF-Cache-Status': 'DYNAMIC', 'Report-To': '{"endpoints":[{"url":"https:\\/\\/a.nel.cloudflare.com\\/report\\/v4?s=EsNGMv8aW60Z33lABNm1J8hA6FHLC%2B0l1sB%2BNOa9aYop3Vz4t8kXVL7iF9nzwZkZ5d7KiSLvPaWhPM88YZfVgpiXLpBUcIeh%2BINQK1ibRo0%2FmGejZYc3mCcPuJLuK7eD"}],"group":"cf-nel","max_age":604800}', 'NEL': '{"success_fraction":0,"report_to":"cf-nel","max_age":604800}', 'Server': 'cloudflare', 'CF-RAY': '86de00739c582d1c-IAD', 'alt-svc': 'h3=":443"; ma=86400'} 
 body={"results":[{"gender":"male","name":{"title":"Monsieur","first":"Federico","last":"Bonnet"},"location":{"street":{"number":588,"name":"Rue Abel"},"city":"Amlikon-Bissegg","state":"Solothurn","country":"Switzerland","postcode":5868,"coordinates":{"latitude":"-56.3523","longitude":"-73.8432"},"timezone":{"offset":"+4:30","description":"Kabul"}},"email":"federico.bonnet@example.com","login":{"uuid":"41a050a2-9826-4b3e-a088-60c0810a1460","username":"orangeleopard440","password":"2469","salt":"LFjySl6x","md5":"09ff449aa2befcedc36603a3c5909f60","sha1":"eff484da305946f319e5ed92ff797c1be7010130","sha256":"4a15522680f0d65e345ae599b6eb6555f5881bb1c595ecf90391a5d8ce960378"},"dob":{"date":"1946-07-02T01:26:03.658Z","age":77},"registered":{"date":"2017-11-24T20:23:26.794Z","age":6},"phone":"075 061 23 03","cell":"078 846 11 47","id":{"name":"AVS","value":"756.3694.8511.71"},"picture":{"large":"https://randomuser.me/api/portraits/men/2.jpg","medium":"https://randomuser.me/api/portraits/med/men/2.jpg","thumbnail":"https://randomuser.me/api/portraits/thumb/men/2.jpg"},"nat":"CH"}],"info":{"seed":"b40fcf0d2e063d0e","results":1,"page":1,"version":"1.4"}} 
 </msg>
<msg time="2024-04-02T04:16:08.353631" level="INFO">/opt/hostedtoolcache/Python/3.12.2/x64/lib/python3.12/site-packages/urllib3/connectionpool.py:1103: InsecureRequestWarning: Unverified HTTPS request is being made to host 'randomuser.me'. Adding certificate verification is strongly advised. See: https://urllib3.readthedocs.io/en/latest/advanced-usage.html#tls-warnings
  warnings.warn(</msg>
<msg time="2024-04-02T04:16:08.353742" level="INFO">${response} = &lt;Response [200]&gt;</msg>
<var>${response}</var>
<arg>consultarAPI</arg>
<arg>/api</arg>
<doc>Sends a GET request on a previously created HTTP Session.</doc>
<status status="PASS" start="2024-04-02T04:16:08.252112" elapsed="0.101670"/>
</kw>
<kw name="Set Variable" owner="BuiltIn">
<msg time="2024-04-02T04:16:08.354669" level="INFO">${json_data} = {'results': [{'gender': 'male', 'name': {'title': 'Monsieur', 'first': 'Federico', 'last': 'Bonnet'}, 'location': {'street': {'number': 588, 'name': 'Rue Abel'}, 'city': 'Amlikon-Bissegg', 'state': 'S...</msg>
<var>${json_data}</var>
<arg>${response.json()}</arg>
<doc>Returns the given values which can then be assigned to a variables.</doc>
<status status="PASS" start="2024-04-02T04:16:08.354216" elapsed="0.000480"/>
</kw>
<kw name="Set Variable" owner="BuiltIn">
<msg time="2024-04-02T04:16:08.355368" level="INFO">${name_title} = Monsieur</msg>
<var>${name_title}</var>
<arg>${json_data["results"][0]["name"]["title"]}</arg>
<doc>Returns the given values which can then be assigned to a variables.</doc>
<status status="PASS" start="2024-04-02T04:16:08.354998" elapsed="0.000395"/>
</kw>
<kw name="Create List" owner="BuiltIn">
<msg time="2024-04-02T04:16:08.355836" level="INFO">${allowed_titles} = ['Mr', 'Ms', 'Miss', 'Mrs', 'Madame', 'Monsieur']</msg>
<var>${allowed_titles}</var>
<arg>Mr</arg>
<arg>Ms</arg>
<arg>Miss</arg>
<arg>Mrs</arg>
<arg>Madame</arg>
<arg>Monsieur</arg>
<doc>Returns a list containing given items.</doc>
<status status="PASS" start="2024-04-02T04:16:08.355688" elapsed="0.000171"/>
</kw>
<kw name="List Should Contain Value" owner="Collections">
<msg time="2024-04-02T04:16:08.356328" level="INFO">False</msg>
<arg>${allowed_titles}</arg>
<arg>${name_title}</arg>
<doc>Fails if the ``value`` is not found from ``list``.</doc>
<status status="PASS" start="2024-04-02T04:16:08.356157" elapsed="0.000208"/>
</kw>
<kw name="Set Variable" owner="BuiltIn">
<msg time="2024-04-02T04:16:08.357023" level="INFO">${name_country} = CH</msg>
<var>${name_country}</var>
<arg>${json_data["results"][0]["nat"]}</arg>
<doc>Returns the given values which can then be assigned to a variables.</doc>
<status status="PASS" start="2024-04-02T04:16:08.356652" elapsed="0.000397"/>
</kw>
<kw name="Create List" owner="BuiltIn">
<msg time="2024-04-02T04:16:08.357943" level="INFO">${list_country} = ['AD', 'AE', 'AF', 'AG', 'AI', 'AL', 'AM', 'AO', 'AQ', 'AR', 'AS', 'AT', 'AU', 'AW', 'AX', 'AZ', 'BA', 'BB', 'BD', 'BE', 'BF', 'BG', 'BH', 'BI', 'BJ', 'BL', 'BM', 'BN', 'BO', 'BQ', 'BR', 'BS', 'BT', '...</msg>
<var>${list_country}</var>
<arg>AD</arg>
<arg>AE</arg>
<arg>AF</arg>
<arg>AG</arg>
<arg>AI</arg>
<arg>AL</arg>
<arg>AM</arg>
<arg>AO</arg>
<arg>AQ</arg>
<arg>AR</arg>
<arg>AS</arg>
<arg>AT</arg>
<arg>AU</arg>
<arg>AW</arg>
<arg>AX</arg>
<arg>AZ</arg>
<arg>BA</arg>
<arg>BB</arg>
<arg>BD</arg>
<arg>BE</arg>
<arg>BF</arg>
<arg>BG</arg>
<arg>BH</arg>
<arg>BI</arg>
<arg>BJ</arg>
<arg>BL</arg>
<arg>BM</arg>
<arg>BN</arg>
<arg>BO</arg>
<arg>BQ</arg>
<arg>BR</arg>
<arg>BS</arg>
<arg>BT</arg>
<arg>BV</arg>
<arg>BW</arg>
<arg>BY</arg>
<arg>BZ</arg>
<arg>CA</arg>
<arg>CC</arg>
<arg>CD</arg>
<arg>CF</arg>
<arg>CG</arg>
<arg>CH</arg>
<arg>CI</arg>
<arg>CK</arg>
<arg>CL</arg>
<arg>CM</arg>
<arg>CN</arg>
<arg>CO</arg>
<arg>CR</arg>
<arg>CU</arg>
<arg>CV</arg>
<arg>CW</arg>
<arg>CX</arg>
<arg>CY</arg>
<arg>CZ</arg>
<arg>DE</arg>
<arg>DJ</arg>
<arg>DK</arg>
<arg>DM</arg>
<arg>DO</arg>
<arg>DZ</arg>
<arg>EC</arg>
<arg>EE</arg>
<arg>EG</arg>
<arg>EH</arg>
<arg>ER</arg>
<arg>ES</arg>
<arg>ET</arg>
<arg>FI</arg>
<arg>FJ</arg>
<arg>FK</arg>
<arg>FM</arg>
<arg>FO</arg>
<arg>FR</arg>
<arg>GA</arg>
<arg>GB</arg>
<arg>GD</arg>
<arg>GE</arg>
<arg>GF</arg>
<arg>GG</arg>
<arg>GH</arg>
<arg>GI</arg>
<arg>GL</arg>
<arg>GM</arg>
<arg>GN</arg>
<arg>GP</arg>
<arg>GQ</arg>
<arg>GR</arg>
<arg>GS</arg>
<arg>GT</arg>
<arg>GU</arg>
<arg>GW</arg>
<arg>GY</arg>
<arg>HK</arg>
<arg>HM</arg>
<arg>HN</arg>
<arg>HR</arg>
<arg>HT</arg>
<arg>HU</arg>
<arg>ID</arg>
<arg>IE</arg>
<arg>IL</arg>
<arg>IM</arg>
<arg>IN</arg>
<arg>IO</arg>
<arg>IQ</arg>
<arg>IR</arg>
<arg>IS</arg>
<arg>IT</arg>
<arg>JE</arg>
<arg>JM</arg>
<arg>JO</arg>
<arg>JP</arg>
<arg>KE</arg>
<arg>KG</arg>
<arg>KH</arg>
<arg>KI</arg>
<arg>KM</arg>
<arg>KN</arg>
<arg>KP</arg>
<arg>KR</arg>
<arg>KW</arg>
<arg>KY</arg>
<arg>KZ</arg>
<arg>LA</arg>
<arg>LB</arg>
<arg>LC</arg>
<arg>LI</arg>
<arg>LK</arg>
<arg>LR</arg>
<arg>LS</arg>
<arg>LT</arg>
<arg>LU</arg>
<arg>LV</arg>
<arg>LY</arg>
<arg>MA</arg>
<arg>MC</arg>
<arg>MD</arg>
<arg>ME</arg>
<arg>MF</arg>
<arg>MG</arg>
<arg>MH</arg>
<arg>MK</arg>
<arg>ML</arg>
<arg>MM</arg>
<arg>MN</arg>
<arg>MO</arg>
<arg>MP</arg>
<arg>MQ</arg>
<arg>MR</arg>
<arg>MS</arg>
<arg>MT</arg>
<arg>MU</arg>
<arg>MV</arg>
<arg>MW</arg>
<arg>MX</arg>
<arg>MY</arg>
<arg>MZ</arg>
<arg>NA</arg>
<arg>NC</arg>
<arg>NE</arg>
<arg>NF</arg>
<arg>NG</arg>
<arg>NI</arg>
<arg>NL</arg>
<arg>NO</arg>
<arg>NP</arg>
<arg>NR</arg>
<arg>NU</arg>
<arg>NZ</arg>
<arg>OM</arg>
<arg>PA</arg>
<arg>PE</arg>
<arg>PF</arg>
<arg>PG</arg>
<arg>PH</arg>
<arg>PK</arg>
<arg>PL</arg>
<arg>PM</arg>
<arg>PN</arg>
<arg>PR</arg>
<arg>PS</arg>
<arg>PT</arg>
<arg>PW</arg>
<arg>PY</arg>
<arg>QA</arg>
<arg>RE</arg>
<arg>RO</arg>
<arg>RS</arg>
<arg>RU</arg>
<arg>RW</arg>
<arg>SA</arg>
<arg>SB</arg>
<arg>SC</arg>
<arg>SD</arg>
<arg>SE</arg>
<arg>SG</arg>
<arg>SH</arg>
<arg>SI</arg>
<arg>SJ</arg>
<arg>SK</arg>
<arg>SL</arg>
<arg>SM</arg>
<arg>SN</arg>
<arg>SO</arg>
<arg>SR</arg>
<arg>SS</arg>
<arg>ST</arg>
<arg>SV</arg>
<arg>SX</arg>
<arg>SY</arg>
<arg>SZ</arg>
<arg>TC</arg>
<arg>TD</arg>
<arg>TF</arg>
<arg>TG</arg>
<arg>TH</arg>
<arg>TJ</arg>
<arg>TK</arg>
<arg>TL</arg>
<arg>TM</arg>
<arg>TN</arg>
<arg>TO</arg>
<arg>TR</arg>
<arg>TT</arg>
<arg>TV</arg>
<arg>TW</arg>
<arg>TZ</arg>
<arg>UA</arg>
<arg>UG</arg>
<arg>UM</arg>
<arg>US</arg>
<arg>UY</arg>
<arg>UZ</arg>
<arg>VA</arg>
<arg>VC</arg>
<arg>VE</arg>
<arg>VG</arg>
<arg>VI</arg>
<arg>VN</arg>
<arg>VU</arg>
<arg>WF</arg>
<arg>WS</arg>
<arg>XK</arg>
<arg>YE</arg>
<arg>YT</arg>
<arg>ZA</arg>
<arg>ZM</arg>
<arg>ZW</arg>
<doc>Returns a list containing given items.</doc>
<status status="PASS" start="2024-04-02T04:16:08.357349" elapsed="0.000619"/>
</kw>
<kw name="List Should Contain Value" owner="Collections">
<msg time="2024-04-02T04:16:08.359083" level="INFO">False</msg>
<arg>${list_country}</arg>
<arg>${name_country}</arg>
<doc>Fails if the ``value`` is not found from ``list``.</doc>
<status status="PASS" start="2024-04-02T04:16:08.358881" elapsed="0.000239"/>
</kw>
<kw name="Run Keyword If" owner="BuiltIn">
<kw name="Should Be True" owner="BuiltIn">
<arg>${True}</arg>
<doc>Fails if the given condition is not true.</doc>
<status status="PASS" start="2024-04-02T04:16:08.360175" elapsed="0.000147"/>
</kw>
<arg>${json_data["results"][0]["location"]["coordinates"]["latitude"]} &gt;= -90 and ${json_data["results"][0]["location"]["coordinates"]["latitude"]} &lt;= 90</arg>
<arg>Should Be True</arg>
<arg>${True}</arg>
<doc>Runs the given keyword with the given arguments, if ``condition`` is true.</doc>
<status status="PASS" start="2024-04-02T04:16:08.359427" elapsed="0.001025"/>
</kw>
<kw name="Run Keyword If" owner="BuiltIn">
<kw name="Should Be True" owner="BuiltIn">
<arg>${True}</arg>
<doc>Fails if the given condition is not true.</doc>
<status status="PASS" start="2024-04-02T04:16:08.361330" elapsed="0.000137"/>
</kw>
<arg>${json_data["results"][0]["location"]["coordinates"]["longitude"]} &gt;= -180 and ${json_data["results"][0]["location"]["coordinates"]["longitude"]} &lt;= 180</arg>
<arg>Should Be True</arg>
<arg>${True}</arg>
<doc>Runs the given keyword with the given arguments, if ``condition`` is true.</doc>
<status status="PASS" start="2024-04-02T04:16:08.360636" elapsed="0.000956"/>
</kw>
<status status="PASS" start="2024-04-02T04:16:08.251893" elapsed="0.109826"/>
</kw>
<doc>Testa o conteúdo específico dos campos retornados pela API.</doc>
<tag>testeConteudo</tag>
<status status="PASS" start="2024-04-02T04:16:08.251476" elapsed="0.110387"/>
</test>
<status status="PASS" start="2024-04-02T04:16:07.489393" elapsed="0.874358"/>
</suite>
<status status="PASS" start="2024-04-02T04:16:07.465504" elapsed="0.903464"/>
</suite>
<statistics>
<total>
<stat pass="5" fail="0" skip="0">All Tests</stat>
</total>
<tag>
<stat pass="1" fail="0" skip="0">testeConteudo</stat>
<stat pass="1" fail="0" skip="0">testeEstruturaResposta</stat>
<stat pass="1" fail="0" skip="0">testeRequisicaoBasica</stat>
<stat pass="1" fail="0" skip="0">testeTiposDados</stat>
</tag>
<suite>
<stat pass="5" fail="0" skip="0" id="s1" name="Tests">Tests</stat>
<stat pass="5" fail="0" skip="0" id="s1-s1" name="Random-User-Test">Tests.Random-User-Test</stat>
</suite>
</statistics>
<errors>
</errors>
</robot>
