<?xml version="1.0" encoding="UTF-8"?>
<robot generator="Robot 7.0 (Python 3.12.2 on linux)" generated="2024-04-04T05:15:36.098466" rpa="false" schemaversion="5">
<suite id="s1" name="Tests" source="/home/runner/work/DesafioQAItauRogerioJordao/DesafioQAItauRogerioJordao/RamdonUser/tests">
<suite id="s1-s1" name="Random-User-Test" source="/home/runner/work/DesafioQAItauRogerioJordao/DesafioQAItauRogerioJordao/RamdonUser/tests/random-user-test.robot">
<test id="s1-s1-t1" name="Conectar" line="13">
<kw name="Conectar API" owner="random-user-service">
<kw name="Create Session" owner="RequestsLibrary">
<msg time="2024-04-04T05:15:36.464724" level="INFO">Creating Session using : alias=consultarAPI, url=https://randomuser.me/, headers={},                     cookies={}, auth=None, timeout=None, proxies=None, verify=False,                     debug=0 </msg>
<arg>consultarAPI</arg>
<arg>${URL}</arg>
<doc>Create Session: create a HTTP session to a server</doc>
<status status="PASS" start="2024-04-04T05:15:36.464529" elapsed="0.000355"/>
</kw>
<status status="PASS" start="2024-04-04T05:15:36.463517" elapsed="0.001707"/>
</kw>
<status status="PASS" start="2024-04-04T05:15:36.462950" elapsed="0.002476"/>
</test>
<test id="s1-s1-t2" name="Validar retorno 200 e JSON Válido" line="16">
<kw name="Teste de Requisicao Basica" owner="random-user-service">
<kw name="GET On Session" owner="RequestsLibrary">
<msg time="2024-04-04T05:15:36.538781" level="INFO">GET Request : url=https://randomuser.me/api 
 path_url=/api 
 headers={'User-Agent': 'python-requests/2.31.0', 'Accept-Encoding': 'gzip, deflate', 'Accept': '*/*', 'Connection': 'keep-alive'} 
 body=None 
 </msg>
<msg time="2024-04-04T05:15:36.538908" level="INFO">GET Response : url=https://randomuser.me/api 
 status=200, reason=OK 
 headers={'Date': 'Thu, 04 Apr 2024 05:15:36 GMT', 'Content-Type': 'application/json; charset=utf-8', 'Transfer-Encoding': 'chunked', 'Connection': 'keep-alive', 'X-Powered-By': 'Express', 'Access-Control-Allow-Origin': '*', 'Cache-Control': 'no-cache', 'ETag': 'W/"487-WyAJp5pcp6aFlrjduSwFWufeK0M"', 'Vary': 'Accept-Encoding', 'Content-Encoding': 'gzip', 'CF-Cache-Status': 'DYNAMIC', 'Report-To': '{"endpoints":[{"url":"https:\\/\\/a.nel.cloudflare.com\\/report\\/v4?s=xEDx5ABi5tQBz48Ys%2FxE6mwx9rvJGOu35B%2F4ynatGQZPdU3whb70IM9rAqr3UUD%2B1LFX4pUnquvYysLvtVVs9S1IEgD%2FdgIHdtrrZreTZ62Gb80BzpkRjZPKz0FFIaLF"}],"group":"cf-nel","max_age":604800}', 'NEL': '{"success_fraction":0,"report_to":"cf-nel","max_age":604800}', 'Server': 'cloudflare', 'CF-RAY': '86eed2512b5f61f1-ORD', 'alt-svc': 'h3=":443"; ma=86400'} 
 body={"results":[{"gender":"female","name":{"title":"Mrs","first":"Jesús","last":"Montero"},"location":{"street":{"number":6595,"name":"Calle de Atocha"},"city":"Málaga","state":"Castilla la Mancha","country":"Spain","postcode":89634,"coordinates":{"latitude":"-32.7067","longitude":"136.1967"},"timezone":{"offset":"-3:30","description":"Newfoundland"}},"email":"jesus.montero@example.com","login":{"uuid":"7964a684-e5c1-4752-9416-7bdaf8d810e8","username":"happykoala764","password":"aquarius","salt":"uYhCvhKr","md5":"b5f7d0d1a765e1a72b98e12557c690fb","sha1":"ea640d8653acd9e5caa19ce47ec13b47713ae9e8","sha256":"e875f672166b6bf5e6dc41b2e3ad7aefc8dbb8b438e86ad3498764488cd73e39"},"dob":{"date":"1991-03-14T05:51:35.684Z","age":33},"registered":{"date":"2015-10-23T00:22:56.377Z","age":8},"phone":"958-510-854","cell":"634-633-813","id":{"name":"DNI","value":"61794208-W"},"picture":{"large":"https://randomuser.me/api/portraits/women/93.jpg","medium":"https://randomuser.me/api/portraits/med/women/93.jpg","thumbnail":"https://randomuser.me/api/portraits/thumb/women/93.jpg"},"nat":"ES"}],"info":{"seed":"ead7182e3894cc51","results":1,"page":1,"version":"1.4"}} 
 </msg>
<msg time="2024-04-04T05:15:36.539019" level="INFO">/opt/hostedtoolcache/Python/3.12.2/x64/lib/python3.12/site-packages/urllib3/connectionpool.py:1103: InsecureRequestWarning: Unverified HTTPS request is being made to host 'randomuser.me'. Adding certificate verification is strongly advised. See: https://urllib3.readthedocs.io/en/latest/advanced-usage.html#tls-warnings
  warnings.warn(</msg>
<msg time="2024-04-04T05:15:36.539143" level="INFO">${response} = &lt;Response [200]&gt;</msg>
<var>${response}</var>
<arg>consultarAPI</arg>
<arg>/api</arg>
<doc>Sends a GET request on a previously created HTTP Session.</doc>
<status status="PASS" start="2024-04-04T05:15:36.468016" elapsed="0.071169"/>
</kw>
<kw name="Should Be Equal As Numbers" owner="BuiltIn">
<msg time="2024-04-04T05:15:36.539967" level="INFO">Argument types are:
&lt;class 'int'&gt;
&lt;class 'str'&gt;</msg>
<arg>${response.status_code}</arg>
<arg>200</arg>
<doc>Fails if objects are unequal after converting them to real numbers.</doc>
<status status="PASS" start="2024-04-04T05:15:36.539576" elapsed="0.000452"/>
</kw>
<kw name="Log" owner="BuiltIn">
<msg time="2024-04-04T05:15:36.540744" level="INFO">200</msg>
<arg>${response.status_code}</arg>
<doc>Logs the given message with the given level.</doc>
<status status="PASS" start="2024-04-04T05:15:36.540386" elapsed="0.000401"/>
</kw>
<kw name="Set Variable" owner="BuiltIn">
<msg time="2024-04-04T05:15:36.541547" level="INFO">${json_data} = {'results': [{'gender': 'female', 'name': {'title': 'Mrs', 'first': 'Jesús', 'last': 'Montero'}, 'location': {'street': {'number': 6595, 'name': 'Calle de Atocha'}, 'city': 'Málaga', 'state': 'Castill...</msg>
<var>${json_data}</var>
<arg>${response.json()}</arg>
<doc>Returns the given values which can then be assigned to a variables.</doc>
<status status="PASS" start="2024-04-04T05:15:36.541106" elapsed="0.000470"/>
</kw>
<kw name="Dictionary Should Contain Key" owner="Collections">
<msg time="2024-04-04T05:15:36.542039" level="INFO">False</msg>
<arg>${json_data}</arg>
<arg>results</arg>
<doc>Fails if ``key`` is not found from ``dictionary``.</doc>
<status status="PASS" start="2024-04-04T05:15:36.541876" elapsed="0.000202"/>
</kw>
<status status="PASS" start="2024-04-04T05:15:36.467771" elapsed="0.074561"/>
</kw>
<doc>Testa se a API responde corretamente e retorna um objeto JSON válido.</doc>
<tag>testeRequisicaoBasica</tag>
<status status="PASS" start="2024-04-04T05:15:36.467247" elapsed="0.075255"/>
</test>
<test id="s1-s1-t3" name="Validar estrutura de resposta" line="22">
<kw name="Teste de Estrutura de Resposta" owner="random-user-service">
<kw name="GET On Session" owner="RequestsLibrary">
<msg time="2024-04-04T05:15:36.637020" level="INFO">GET Request : url=https://randomuser.me/api 
 path_url=/api 
 headers={'User-Agent': 'python-requests/2.31.0', 'Accept-Encoding': 'gzip, deflate', 'Accept': '*/*', 'Connection': 'keep-alive'} 
 body=None 
 </msg>
<msg time="2024-04-04T05:15:36.637106" level="INFO">GET Response : url=https://randomuser.me/api 
 status=200, reason=OK 
 headers={'Date': 'Thu, 04 Apr 2024 05:15:36 GMT', 'Content-Type': 'application/json; charset=utf-8', 'Transfer-Encoding': 'chunked', 'Connection': 'keep-alive', 'X-Powered-By': 'Express', 'Access-Control-Allow-Origin': '*', 'Cache-Control': 'no-cache', 'ETag': 'W/"488-Td/2j582w5DzYh9LJmlY15/KuF0"', 'Vary': 'Accept-Encoding', 'Content-Encoding': 'gzip', 'CF-Cache-Status': 'DYNAMIC', 'Report-To': '{"endpoints":[{"url":"https:\\/\\/a.nel.cloudflare.com\\/report\\/v4?s=50jyjwpnW7R9u4rnMicAF9sdYl8fZ7Mu7%2BVjXsH6Vaq2OjCJRuluykUYEpSCp7TQqdkxvG%2F6Dko0IqBAKk9NAtbB6bKSbI4BsndIqGeYs5HPdWLcIWZtxVJC8ZjSnNbS"}],"group":"cf-nel","max_age":604800}', 'NEL': '{"success_fraction":0,"report_to":"cf-nel","max_age":604800}', 'Server': 'cloudflare', 'CF-RAY': '86eed2516ba261f1-ORD', 'alt-svc': 'h3=":443"; ma=86400'} 
 body={"results":[{"gender":"male","name":{"title":"Mr","first":"Nirav","last":"Salian"},"location":{"street":{"number":4457,"name":"Kasturba Rd"},"city":"Bahraich","state":"Bihar","country":"India","postcode":68220,"coordinates":{"latitude":"10.7660","longitude":"-110.8576"},"timezone":{"offset":"-5:00","description":"Eastern Time (US &amp; Canada), Bogota, Lima"}},"email":"nirav.salian@example.com","login":{"uuid":"ac47612a-7609-4c46-9e4b-f82e0870fe7a","username":"brownostrich958","password":"tara","salt":"ExbKYszL","md5":"3edf1c56b31dfb74c82d3ade3216d886","sha1":"af23f7786a4008f18d0227751d19478dbbcfaa18","sha256":"afb8a15ed76c226ebec2517e7859ae8b8b9916e7c0ddf0f102c77da94e7ae662"},"dob":{"date":"1973-07-21T15:08:14.793Z","age":50},"registered":{"date":"2005-06-18T06:28:44.083Z","age":18},"phone":"7540994644","cell":"7701258503","id":{"name":"UIDAI","value":"956719500822"},"picture":{"large":"https://randomuser.me/api/portraits/men/88.jpg","medium":"https://randomuser.me/api/portraits/med/men/88.jpg","thumbnail":"https://randomuser.me/api/portraits/thumb/men/88.jpg"},"nat":"IN"}],"info":{"seed":"70fee957abf1a210","results":1,"page":1,"version":"1.4"}} 
 </msg>
<msg time="2024-04-04T05:15:36.637223" level="INFO">/opt/hostedtoolcache/Python/3.12.2/x64/lib/python3.12/site-packages/urllib3/connectionpool.py:1103: InsecureRequestWarning: Unverified HTTPS request is being made to host 'randomuser.me'. Adding certificate verification is strongly advised. See: https://urllib3.readthedocs.io/en/latest/advanced-usage.html#tls-warnings
  warnings.warn(</msg>
<msg time="2024-04-04T05:15:36.637336" level="INFO">${response} = &lt;Response [200]&gt;</msg>
<var>${response}</var>
<arg>consultarAPI</arg>
<arg>/api</arg>
<doc>Sends a GET request on a previously created HTTP Session.</doc>
<status status="PASS" start="2024-04-04T05:15:36.545216" elapsed="0.092158"/>
</kw>
<kw name="Set Variable" owner="BuiltIn">
<msg time="2024-04-04T05:15:36.638176" level="INFO">${json_data} = {'results': [{'gender': 'male', 'name': {'title': 'Mr', 'first': 'Nirav', 'last': 'Salian'}, 'location': {'street': {'number': 4457, 'name': 'Kasturba Rd'}, 'city': 'Bahraich', 'state': 'Bihar', 'coun...</msg>
<var>${json_data}</var>
<arg>${response.json()}</arg>
<doc>Returns the given values which can then be assigned to a variables.</doc>
<status status="PASS" start="2024-04-04T05:15:36.637737" elapsed="0.000467"/>
</kw>
<kw name="Log" owner="BuiltIn">
<msg time="2024-04-04T05:15:36.638662" level="INFO">{'results': [{'gender': 'male', 'name': {'title': 'Mr', 'first': 'Nirav', 'last': 'Salian'}, 'location': {'street': {'number': 4457, 'name': 'Kasturba Rd'}, 'city': 'Bahraich', 'state': 'Bihar', 'country': 'India', 'postcode': 68220, 'coordinates': {'latitude': '10.7660', 'longitude': '-110.8576'}, 'timezone': {'offset': '-5:00', 'description': 'Eastern Time (US &amp; Canada), Bogota, Lima'}}, 'email': 'nirav.salian@example.com', 'login': {'uuid': 'ac47612a-7609-4c46-9e4b-f82e0870fe7a', 'username': 'brownostrich958', 'password': 'tara', 'salt': 'ExbKYszL', 'md5': '3edf1c56b31dfb74c82d3ade3216d886', 'sha1': 'af23f7786a4008f18d0227751d19478dbbcfaa18', 'sha256': 'afb8a15ed76c226ebec2517e7859ae8b8b9916e7c0ddf0f102c77da94e7ae662'}, 'dob': {'date': '1973-07-21T15:08:14.793Z', 'age': 50}, 'registered': {'date': '2005-06-18T06:28:44.083Z', 'age': 18}, 'phone': '7540994644', 'cell': '7701258503', 'id': {'name': 'UIDAI', 'value': '956719500822'}, 'picture': {'large': 'https://randomuser.me/api/portraits/men/88.jpg', 'medium': 'https://randomuser.me/api/portraits/med/men/88.jpg', 'thumbnail': 'https://randomuser.me/api/portraits/thumb/men/88.jpg'}, 'nat': 'IN'}], 'info': {'seed': '70fee957abf1a210', 'results': 1, 'page': 1, 'version': '1.4'}}</msg>
<arg>${json_data}</arg>
<doc>Logs the given message with the given level.</doc>
<status status="PASS" start="2024-04-04T05:15:36.638508" elapsed="0.000202"/>
</kw>
<kw name="Dictionary Should Contain Key" owner="Collections">
<msg time="2024-04-04T05:15:36.639156" level="INFO">False</msg>
<arg>${json_data}</arg>
<arg>results</arg>
<doc>Fails if ``key`` is not found from ``dictionary``.</doc>
<status status="PASS" start="2024-04-04T05:15:36.639006" elapsed="0.000186"/>
</kw>
<kw name="Should Not Be Empty" owner="BuiltIn">
<msg time="2024-04-04T05:15:36.639626" level="INFO">Length is 2.</msg>
<arg>${json_data}</arg>
<doc>Verifies that the given item is not empty.</doc>
<status status="PASS" start="2024-04-04T05:15:36.639493" elapsed="0.000172"/>
</kw>
<kw name="Create List" owner="BuiltIn">
<msg time="2024-04-04T05:15:36.640104" level="INFO">${expected_keys} = ['gender', 'name', 'location', 'email', 'login']</msg>
<var>${expected_keys}</var>
<arg>gender</arg>
<arg>name</arg>
<arg>location</arg>
<arg>email</arg>
<arg>login</arg>
<doc>Returns a list containing given items.</doc>
<status status="PASS" start="2024-04-04T05:15:36.639955" elapsed="0.000210"/>
</kw>
<for flavor="IN">
<iter>
<kw name="Dictionary Should Contain Key" owner="Collections">
<msg time="2024-04-04T05:15:36.641122" level="INFO">False</msg>
<arg>${json_data['results'][0]}</arg>
<arg>${key}</arg>
<doc>Fails if ``key`` is not found from ``dictionary``.</doc>
<status status="PASS" start="2024-04-04T05:15:36.640723" elapsed="0.000438"/>
</kw>
<kw name="Log" owner="BuiltIn">
<msg time="2024-04-04T05:15:36.641835" level="INFO">{'gender': 'male', 'name': {'title': 'Mr', 'first': 'Nirav', 'last': 'Salian'}, 'location': {'street': {'number': 4457, 'name': 'Kasturba Rd'}, 'city': 'Bahraich', 'state': 'Bihar', 'country': 'India', 'postcode': 68220, 'coordinates': {'latitude': '10.7660', 'longitude': '-110.8576'}, 'timezone': {'offset': '-5:00', 'description': 'Eastern Time (US &amp; Canada), Bogota, Lima'}}, 'email': 'nirav.salian@example.com', 'login': {'uuid': 'ac47612a-7609-4c46-9e4b-f82e0870fe7a', 'username': 'brownostrich958', 'password': 'tara', 'salt': 'ExbKYszL', 'md5': '3edf1c56b31dfb74c82d3ade3216d886', 'sha1': 'af23f7786a4008f18d0227751d19478dbbcfaa18', 'sha256': 'afb8a15ed76c226ebec2517e7859ae8b8b9916e7c0ddf0f102c77da94e7ae662'}, 'dob': {'date': '1973-07-21T15:08:14.793Z', 'age': 50}, 'registered': {'date': '2005-06-18T06:28:44.083Z', 'age': 18}, 'phone': '7540994644', 'cell': '7701258503', 'id': {'name': 'UIDAI', 'value': '956719500822'}, 'picture': {'large': 'https://randomuser.me/api/portraits/men/88.jpg', 'medium': 'https://randomuser.me/api/portraits/med/men/88.jpg', 'thumbnail': 'https://randomuser.me/api/portraits/thumb/men/88.jpg'}, 'nat': 'IN'}</msg>
<arg>${json_data['results'][0]}</arg>
<doc>Logs the given message with the given level.</doc>
<status status="PASS" start="2024-04-04T05:15:36.641467" elapsed="0.000422"/>
</kw>
<kw name="Log" owner="BuiltIn">
<msg time="2024-04-04T05:15:36.642331" level="INFO">gender</msg>
<arg>${key}</arg>
<doc>Logs the given message with the given level.</doc>
<status status="PASS" start="2024-04-04T05:15:36.642201" elapsed="0.000168"/>
</kw>
<var name="${key}">gender</var>
<status status="PASS" start="2024-04-04T05:15:36.640600" elapsed="0.001986"/>
</iter>
<iter>
<kw name="Dictionary Should Contain Key" owner="Collections">
<msg time="2024-04-04T05:15:36.643272" level="INFO">False</msg>
<arg>${json_data['results'][0]}</arg>
<arg>${key}</arg>
<doc>Fails if ``key`` is not found from ``dictionary``.</doc>
<status status="PASS" start="2024-04-04T05:15:36.642890" elapsed="0.000420"/>
</kw>
<kw name="Log" owner="BuiltIn">
<msg time="2024-04-04T05:15:36.643992" level="INFO">{'gender': 'male', 'name': {'title': 'Mr', 'first': 'Nirav', 'last': 'Salian'}, 'location': {'street': {'number': 4457, 'name': 'Kasturba Rd'}, 'city': 'Bahraich', 'state': 'Bihar', 'country': 'India', 'postcode': 68220, 'coordinates': {'latitude': '10.7660', 'longitude': '-110.8576'}, 'timezone': {'offset': '-5:00', 'description': 'Eastern Time (US &amp; Canada), Bogota, Lima'}}, 'email': 'nirav.salian@example.com', 'login': {'uuid': 'ac47612a-7609-4c46-9e4b-f82e0870fe7a', 'username': 'brownostrich958', 'password': 'tara', 'salt': 'ExbKYszL', 'md5': '3edf1c56b31dfb74c82d3ade3216d886', 'sha1': 'af23f7786a4008f18d0227751d19478dbbcfaa18', 'sha256': 'afb8a15ed76c226ebec2517e7859ae8b8b9916e7c0ddf0f102c77da94e7ae662'}, 'dob': {'date': '1973-07-21T15:08:14.793Z', 'age': 50}, 'registered': {'date': '2005-06-18T06:28:44.083Z', 'age': 18}, 'phone': '7540994644', 'cell': '7701258503', 'id': {'name': 'UIDAI', 'value': '956719500822'}, 'picture': {'large': 'https://randomuser.me/api/portraits/men/88.jpg', 'medium': 'https://randomuser.me/api/portraits/med/men/88.jpg', 'thumbnail': 'https://randomuser.me/api/portraits/thumb/men/88.jpg'}, 'nat': 'IN'}</msg>
<arg>${json_data['results'][0]}</arg>
<doc>Logs the given message with the given level.</doc>
<status status="PASS" start="2024-04-04T05:15:36.643637" elapsed="0.000403"/>
</kw>
<kw name="Log" owner="BuiltIn">
<msg time="2024-04-04T05:15:36.644502" level="INFO">name</msg>
<arg>${key}</arg>
<doc>Logs the given message with the given level.</doc>
<status status="PASS" start="2024-04-04T05:15:36.644374" elapsed="0.000165"/>
</kw>
<var name="${key}">name</var>
<status status="PASS" start="2024-04-04T05:15:36.642774" elapsed="0.001982"/>
</iter>
<iter>
<kw name="Dictionary Should Contain Key" owner="Collections">
<msg time="2024-04-04T05:15:36.645444" level="INFO">False</msg>
<arg>${json_data['results'][0]}</arg>
<arg>${key}</arg>
<doc>Fails if ``key`` is not found from ``dictionary``.</doc>
<status status="PASS" start="2024-04-04T05:15:36.645048" elapsed="0.000436"/>
</kw>
<kw name="Log" owner="BuiltIn">
<msg time="2024-04-04T05:15:36.646140" level="INFO">{'gender': 'male', 'name': {'title': 'Mr', 'first': 'Nirav', 'last': 'Salian'}, 'location': {'street': {'number': 4457, 'name': 'Kasturba Rd'}, 'city': 'Bahraich', 'state': 'Bihar', 'country': 'India', 'postcode': 68220, 'coordinates': {'latitude': '10.7660', 'longitude': '-110.8576'}, 'timezone': {'offset': '-5:00', 'description': 'Eastern Time (US &amp; Canada), Bogota, Lima'}}, 'email': 'nirav.salian@example.com', 'login': {'uuid': 'ac47612a-7609-4c46-9e4b-f82e0870fe7a', 'username': 'brownostrich958', 'password': 'tara', 'salt': 'ExbKYszL', 'md5': '3edf1c56b31dfb74c82d3ade3216d886', 'sha1': 'af23f7786a4008f18d0227751d19478dbbcfaa18', 'sha256': 'afb8a15ed76c226ebec2517e7859ae8b8b9916e7c0ddf0f102c77da94e7ae662'}, 'dob': {'date': '1973-07-21T15:08:14.793Z', 'age': 50}, 'registered': {'date': '2005-06-18T06:28:44.083Z', 'age': 18}, 'phone': '7540994644', 'cell': '7701258503', 'id': {'name': 'UIDAI', 'value': '956719500822'}, 'picture': {'large': 'https://randomuser.me/api/portraits/men/88.jpg', 'medium': 'https://randomuser.me/api/portraits/med/men/88.jpg', 'thumbnail': 'https://randomuser.me/api/portraits/thumb/men/88.jpg'}, 'nat': 'IN'}</msg>
<arg>${json_data['results'][0]}</arg>
<doc>Logs the given message with the given level.</doc>
<status status="PASS" start="2024-04-04T05:15:36.645785" elapsed="0.000407"/>
</kw>
<kw name="Log" owner="BuiltIn">
<msg time="2024-04-04T05:15:36.646612" level="INFO">location</msg>
<arg>${key}</arg>
<doc>Logs the given message with the given level.</doc>
<status status="PASS" start="2024-04-04T05:15:36.646485" elapsed="0.000164"/>
</kw>
<var name="${key}">location</var>
<status status="PASS" start="2024-04-04T05:15:36.644937" elapsed="0.001925"/>
</iter>
<iter>
<kw name="Dictionary Should Contain Key" owner="Collections">
<msg time="2024-04-04T05:15:36.647518" level="INFO">False</msg>
<arg>${json_data['results'][0]}</arg>
<arg>${key}</arg>
<doc>Fails if ``key`` is not found from ``dictionary``.</doc>
<status status="PASS" start="2024-04-04T05:15:36.647147" elapsed="0.000408"/>
</kw>
<kw name="Log" owner="BuiltIn">
<msg time="2024-04-04T05:15:36.648248" level="INFO">{'gender': 'male', 'name': {'title': 'Mr', 'first': 'Nirav', 'last': 'Salian'}, 'location': {'street': {'number': 4457, 'name': 'Kasturba Rd'}, 'city': 'Bahraich', 'state': 'Bihar', 'country': 'India', 'postcode': 68220, 'coordinates': {'latitude': '10.7660', 'longitude': '-110.8576'}, 'timezone': {'offset': '-5:00', 'description': 'Eastern Time (US &amp; Canada), Bogota, Lima'}}, 'email': 'nirav.salian@example.com', 'login': {'uuid': 'ac47612a-7609-4c46-9e4b-f82e0870fe7a', 'username': 'brownostrich958', 'password': 'tara', 'salt': 'ExbKYszL', 'md5': '3edf1c56b31dfb74c82d3ade3216d886', 'sha1': 'af23f7786a4008f18d0227751d19478dbbcfaa18', 'sha256': 'afb8a15ed76c226ebec2517e7859ae8b8b9916e7c0ddf0f102c77da94e7ae662'}, 'dob': {'date': '1973-07-21T15:08:14.793Z', 'age': 50}, 'registered': {'date': '2005-06-18T06:28:44.083Z', 'age': 18}, 'phone': '7540994644', 'cell': '7701258503', 'id': {'name': 'UIDAI', 'value': '956719500822'}, 'picture': {'large': 'https://randomuser.me/api/portraits/men/88.jpg', 'medium': 'https://randomuser.me/api/portraits/med/men/88.jpg', 'thumbnail': 'https://randomuser.me/api/portraits/thumb/men/88.jpg'}, 'nat': 'IN'}</msg>
<arg>${json_data['results'][0]}</arg>
<doc>Logs the given message with the given level.</doc>
<status status="PASS" start="2024-04-04T05:15:36.647854" elapsed="0.000443"/>
</kw>
<kw name="Log" owner="BuiltIn">
<msg time="2024-04-04T05:15:36.648720" level="INFO">email</msg>
<arg>${key}</arg>
<doc>Logs the given message with the given level.</doc>
<status status="PASS" start="2024-04-04T05:15:36.648593" elapsed="0.000165"/>
</kw>
<var name="${key}">email</var>
<status status="PASS" start="2024-04-04T05:15:36.647037" elapsed="0.001933"/>
</iter>
<iter>
<kw name="Dictionary Should Contain Key" owner="Collections">
<msg time="2024-04-04T05:15:36.649634" level="INFO">False</msg>
<arg>${json_data['results'][0]}</arg>
<arg>${key}</arg>
<doc>Fails if ``key`` is not found from ``dictionary``.</doc>
<status status="PASS" start="2024-04-04T05:15:36.649253" elapsed="0.000419"/>
</kw>
<kw name="Log" owner="BuiltIn">
<msg time="2024-04-04T05:15:36.650321" level="INFO">{'gender': 'male', 'name': {'title': 'Mr', 'first': 'Nirav', 'last': 'Salian'}, 'location': {'street': {'number': 4457, 'name': 'Kasturba Rd'}, 'city': 'Bahraich', 'state': 'Bihar', 'country': 'India', 'postcode': 68220, 'coordinates': {'latitude': '10.7660', 'longitude': '-110.8576'}, 'timezone': {'offset': '-5:00', 'description': 'Eastern Time (US &amp; Canada), Bogota, Lima'}}, 'email': 'nirav.salian@example.com', 'login': {'uuid': 'ac47612a-7609-4c46-9e4b-f82e0870fe7a', 'username': 'brownostrich958', 'password': 'tara', 'salt': 'ExbKYszL', 'md5': '3edf1c56b31dfb74c82d3ade3216d886', 'sha1': 'af23f7786a4008f18d0227751d19478dbbcfaa18', 'sha256': 'afb8a15ed76c226ebec2517e7859ae8b8b9916e7c0ddf0f102c77da94e7ae662'}, 'dob': {'date': '1973-07-21T15:08:14.793Z', 'age': 50}, 'registered': {'date': '2005-06-18T06:28:44.083Z', 'age': 18}, 'phone': '7540994644', 'cell': '7701258503', 'id': {'name': 'UIDAI', 'value': '956719500822'}, 'picture': {'large': 'https://randomuser.me/api/portraits/men/88.jpg', 'medium': 'https://randomuser.me/api/portraits/med/men/88.jpg', 'thumbnail': 'https://randomuser.me/api/portraits/thumb/men/88.jpg'}, 'nat': 'IN'}</msg>
<arg>${json_data['results'][0]}</arg>
<doc>Logs the given message with the given level.</doc>
<status status="PASS" start="2024-04-04T05:15:36.649966" elapsed="0.000404"/>
</kw>
<kw name="Log" owner="BuiltIn">
<msg time="2024-04-04T05:15:36.650792" level="INFO">login</msg>
<arg>${key}</arg>
<doc>Logs the given message with the given level.</doc>
<status status="PASS" start="2024-04-04T05:15:36.650664" elapsed="0.000266"/>
</kw>
<var name="${key}">login</var>
<status status="PASS" start="2024-04-04T05:15:36.649144" elapsed="0.002035"/>
</iter>
<var>${key}</var>
<value>@{expected_keys}</value>
<status status="PASS" start="2024-04-04T05:15:36.640425" elapsed="0.010880"/>
</for>
<kw name="Create List" owner="BuiltIn">
<msg time="2024-04-04T05:15:36.651635" level="INFO">${expected_keysTwo} = ['username', 'password']</msg>
<var>${expected_keysTwo}</var>
<arg>username</arg>
<arg>password</arg>
<doc>Returns a list containing given items.</doc>
<status status="PASS" start="2024-04-04T05:15:36.651498" elapsed="0.000161"/>
</kw>
<for flavor="IN">
<iter>
<kw name="Dictionary Should Contain Key" owner="Collections">
<msg time="2024-04-04T05:15:36.652563" level="INFO">False</msg>
<arg>${json_data['results'][0]['login']}</arg>
<arg>${keyTwo}</arg>
<doc>Fails if ``key`` is not found from ``dictionary``.</doc>
<status status="PASS" start="2024-04-04T05:15:36.652181" elapsed="0.000419"/>
</kw>
<kw name="Dictionary Should Contain Key" owner="Collections">
<msg time="2024-04-04T05:15:36.653271" level="INFO">False</msg>
<arg>${json_data['results'][0]['login']}</arg>
<arg>${keyTwo}</arg>
<doc>Fails if ``key`` is not found from ``dictionary``.</doc>
<status status="PASS" start="2024-04-04T05:15:36.652896" elapsed="0.000412"/>
</kw>
<kw name="Log" owner="BuiltIn">
<msg time="2024-04-04T05:15:36.653728" level="INFO">username</msg>
<arg>${keyTwo}</arg>
<doc>Logs the given message with the given level.</doc>
<status status="PASS" start="2024-04-04T05:15:36.653600" elapsed="0.000166"/>
</kw>
<var name="${keyTwo}">username</var>
<status status="PASS" start="2024-04-04T05:15:36.652047" elapsed="0.001933"/>
</iter>
<iter>
<kw name="Dictionary Should Contain Key" owner="Collections">
<msg time="2024-04-04T05:15:36.654645" level="INFO">False</msg>
<arg>${json_data['results'][0]['login']}</arg>
<arg>${keyTwo}</arg>
<doc>Fails if ``key`` is not found from ``dictionary``.</doc>
<status status="PASS" start="2024-04-04T05:15:36.654267" elapsed="0.000416"/>
</kw>
<kw name="Dictionary Should Contain Key" owner="Collections">
<msg time="2024-04-04T05:15:36.655349" level="INFO">False</msg>
<arg>${json_data['results'][0]['login']}</arg>
<arg>${keyTwo}</arg>
<doc>Fails if ``key`` is not found from ``dictionary``.</doc>
<status status="PASS" start="2024-04-04T05:15:36.654972" elapsed="0.000412"/>
</kw>
<kw name="Log" owner="BuiltIn">
<msg time="2024-04-04T05:15:36.655800" level="INFO">password</msg>
<arg>${keyTwo}</arg>
<doc>Logs the given message with the given level.</doc>
<status status="PASS" start="2024-04-04T05:15:36.655674" elapsed="0.000163"/>
</kw>
<var name="${keyTwo}">password</var>
<status status="PASS" start="2024-04-04T05:15:36.654156" elapsed="0.001896"/>
</iter>
<var>${keyTwo}</var>
<value>@{expected_keysTwo}</value>
<status status="PASS" start="2024-04-04T05:15:36.651896" elapsed="0.004318"/>
</for>
<status status="PASS" start="2024-04-04T05:15:36.544987" elapsed="0.111369"/>
</kw>
<doc>Testa a estrutura da resposta da API.</doc>
<tag>testeEstruturaResposta</tag>
<status status="PASS" start="2024-04-04T05:15:36.544309" elapsed="0.112197"/>
</test>
<test id="s1-s1-t4" name="Validar tipos de dados" line="28">
<kw name="Teste de Tipos de Dados" owner="random-user-service">
<kw name="GET On Session" owner="RequestsLibrary">
<msg time="2024-04-04T05:15:36.740380" level="INFO">GET Request : url=https://randomuser.me/api 
 path_url=/api 
 headers={'User-Agent': 'python-requests/2.31.0', 'Accept-Encoding': 'gzip, deflate', 'Accept': '*/*', 'Connection': 'keep-alive'} 
 body=None 
 </msg>
<msg time="2024-04-04T05:15:36.740443" level="INFO">GET Response : url=https://randomuser.me/api 
 status=200, reason=OK 
 headers={'Date': 'Thu, 04 Apr 2024 05:15:36 GMT', 'Content-Type': 'application/json; charset=utf-8', 'Transfer-Encoding': 'chunked', 'Connection': 'keep-alive', 'X-Powered-By': 'Express', 'Access-Control-Allow-Origin': '*', 'Cache-Control': 'no-cache', 'ETag': 'W/"494-eZAhfodw8f1xHnvlpC5SiFKLOwE"', 'Vary': 'Accept-Encoding', 'Content-Encoding': 'gzip', 'CF-Cache-Status': 'DYNAMIC', 'Report-To': '{"endpoints":[{"url":"https:\\/\\/a.nel.cloudflare.com\\/report\\/v4?s=S%2B0HCZqSVJofKqaqq6OSy2YODoe2gjWstTHChG%2Bh%2FoJbJob6XrveedB%2FX5Rgl2kmVy2KM2HRkuNl%2FGqFpirV4TLvbCh7af2l2Peh7%2BuLCQAYz%2FAz3uAX85KKRbZ2WwKa"}],"group":"cf-nel","max_age":604800}', 'NEL': '{"success_fraction":0,"report_to":"cf-nel","max_age":604800}', 'Server': 'cloudflare', 'CF-RAY': '86eed2522c4561f1-ORD', 'alt-svc': 'h3=":443"; ma=86400'} 
 body={"results":[{"gender":"male","name":{"title":"Mr","first":"امیر","last":"جعفری"},"location":{"street":{"number":3252,"name":"سپهبد قرنی"},"city":"کرمانشاه","state":"سیستان و بلوچستان","country":"Iran","postcode":85950,"coordinates":{"latitude":"15.7026","longitude":"-35.2228"},"timezone":{"offset":"+5:45","description":"Kathmandu"}},"email":"myr.jaafry@example.com","login":{"uuid":"30c55e7d-9a73-4a78-bb09-941c99c42415","username":"beautifulmeercat609","password":"request","salt":"MOEoQCGU","md5":"95c5d23dac06d50d6d0e5c0bac8d197a","sha1":"a33dda7961e1f480c80cad44eb6073d7608d1e74","sha256":"27e723c8fa9b2b8061f2f4e59d24359689679cb1a7878b43c8c7d7e1ad9a7ae2"},"dob":{"date":"1960-07-28T03:48:04.918Z","age":63},"registered":{"date":"2003-08-24T20:30:25.611Z","age":20},"phone":"055-73120312","cell":"0918-283-1770","id":{"name":"","value":null},"picture":{"large":"https://randomuser.me/api/portraits/men/77.jpg","medium":"https://randomuser.me/api/portraits/med/men/77.jpg","thumbnail":"https://randomuser.me/api/portraits/thumb/men/77.jpg"},"nat":"IR"}],"info":{"seed":"ef7c0293626608e9","results":1,"page":1,"version":"1.4"}} 
 </msg>
<msg time="2024-04-04T05:15:36.740499" level="INFO">/opt/hostedtoolcache/Python/3.12.2/x64/lib/python3.12/site-packages/urllib3/connectionpool.py:1103: InsecureRequestWarning: Unverified HTTPS request is being made to host 'randomuser.me'. Adding certificate verification is strongly advised. See: https://urllib3.readthedocs.io/en/latest/advanced-usage.html#tls-warnings
  warnings.warn(</msg>
<msg time="2024-04-04T05:15:36.740602" level="INFO">${response} = &lt;Response [200]&gt;</msg>
<var>${response}</var>
<arg>consultarAPI</arg>
<arg>/api</arg>
<doc>Sends a GET request on a previously created HTTP Session.</doc>
<status status="PASS" start="2024-04-04T05:15:36.658977" elapsed="0.081665"/>
</kw>
<kw name="Set Variable" owner="BuiltIn">
<msg time="2024-04-04T05:15:36.741487" level="INFO">${json_data} = {'results': [{'gender': 'male', 'name': {'title': 'Mr', 'first': 'امیر', 'last': 'جعفری'}, 'location': {'street': {'number': 3252, 'name': 'سپهبد قرنی'}, 'city': 'کرمانشاه', 'state': 'سیستان و بلوچستا...</msg>
<var>${json_data}</var>
<arg>${response.json()}</arg>
<doc>Returns the given values which can then be assigned to a variables.</doc>
<status status="PASS" start="2024-04-04T05:15:36.741042" elapsed="0.000476"/>
</kw>
<kw name="Log" owner="BuiltIn">
<msg time="2024-04-04T05:15:36.741988" level="INFO">{'results': [{'gender': 'male', 'name': {'title': 'Mr', 'first': 'امیر', 'last': 'جعفری'}, 'location': {'street': {'number': 3252, 'name': 'سپهبد قرنی'}, 'city': 'کرمانشاه', 'state': 'سیستان و بلوچستان', 'country': 'Iran', 'postcode': 85950, 'coordinates': {'latitude': '15.7026', 'longitude': '-35.2228'}, 'timezone': {'offset': '+5:45', 'description': 'Kathmandu'}}, 'email': 'myr.jaafry@example.com', 'login': {'uuid': '30c55e7d-9a73-4a78-bb09-941c99c42415', 'username': 'beautifulmeercat609', 'password': 'request', 'salt': 'MOEoQCGU', 'md5': '95c5d23dac06d50d6d0e5c0bac8d197a', 'sha1': 'a33dda7961e1f480c80cad44eb6073d7608d1e74', 'sha256': '27e723c8fa9b2b8061f2f4e59d24359689679cb1a7878b43c8c7d7e1ad9a7ae2'}, 'dob': {'date': '1960-07-28T03:48:04.918Z', 'age': 63}, 'registered': {'date': '2003-08-24T20:30:25.611Z', 'age': 20}, 'phone': '055-73120312', 'cell': '0918-283-1770', 'id': {'name': '', 'value': None}, 'picture': {'large': 'https://randomuser.me/api/portraits/men/77.jpg', 'medium': 'https://randomuser.me/api/portraits/med/men/77.jpg', 'thumbnail': 'https://randomuser.me/api/portraits/thumb/men/77.jpg'}, 'nat': 'IR'}], 'info': {'seed': 'ef7c0293626608e9', 'results': 1, 'page': 1, 'version': '1.4'}}</msg>
<arg>${json_data}</arg>
<doc>Logs the given message with the given level.</doc>
<status status="PASS" start="2024-04-04T05:15:36.741829" elapsed="0.000243"/>
</kw>
<kw name="Should Be String" owner="String">
<arg>${json_data['results'][0]['gender']}</arg>
<doc>Fails if the given ``item`` is not a string.</doc>
<status status="PASS" start="2024-04-04T05:15:36.742373" elapsed="0.000358"/>
</kw>
<kw name="Should Match Regexp" owner="BuiltIn">
<arg>${json_data['results'][0]['email']}</arg>
<arg>^[a-zA-Z0-9._%+-]+@[a-zA-Z0-9.-]+\.[a-zA-Z]{2,}$</arg>
<doc>Fails if ``string`` does not match ``pattern`` as a regular expression.</doc>
<status status="PASS" start="2024-04-04T05:15:36.742921" elapsed="0.000491"/>
</kw>
<kw name="Should Match Regexp" owner="BuiltIn">
<arg>${json_data['results'][0]['dob']['date']}</arg>
<arg>\\d{4}-\\d{2}-\\d{2}T\\d{2}:\\d{2}:\\d{2}\\.\\d{3}Z</arg>
<doc>Fails if ``string`` does not match ``pattern`` as a regular expression.</doc>
<status status="PASS" start="2024-04-04T05:15:36.743608" elapsed="0.000484"/>
</kw>
<kw name="Should Match Regexp" owner="BuiltIn">
<arg>${json_data['results'][0]['registered']['date']}</arg>
<arg>\\d{4}-\\d{2}-\\d{2}T\\d{2}:\\d{2}:\\d{2}\\.\\d{3}Z</arg>
<doc>Fails if ``string`` does not match ``pattern`` as a regular expression.</doc>
<status status="PASS" start="2024-04-04T05:15:36.744333" elapsed="0.000377"/>
</kw>
<kw name="Should Match Regexp" owner="BuiltIn">
<arg>${json_data['results'][0]['picture']['large']}</arg>
<arg>^https?://.*\.(?:png|jpe?g|gif|bmp)$</arg>
<doc>Fails if ``string`` does not match ``pattern`` as a regular expression.</doc>
<status status="PASS" start="2024-04-04T05:15:36.744897" elapsed="0.000451"/>
</kw>
<kw name="Should Match Regexp" owner="BuiltIn">
<arg>${json_data['results'][0]['picture']['medium']}</arg>
<arg>^https?://.*\.(?:png|jpe?g|gif|bmp)$</arg>
<doc>Fails if ``string`` does not match ``pattern`` as a regular expression.</doc>
<status status="PASS" start="2024-04-04T05:15:36.745537" elapsed="0.000357"/>
</kw>
<kw name="Should Match Regexp" owner="BuiltIn">
<arg>${json_data['results'][0]['picture']['thumbnail']}</arg>
<arg>^https?://.*\.(?:png|jpe?g|gif|bmp)$</arg>
<doc>Fails if ``string`` does not match ``pattern`` as a regular expression.</doc>
<status status="PASS" start="2024-04-04T05:15:36.746077" elapsed="0.000344"/>
</kw>
<kw name="Log" owner="BuiltIn">
<msg time="2024-04-04T05:15:36.746930" level="INFO">{'large': 'https://randomuser.me/api/portraits/men/77.jpg', 'medium': 'https://randomuser.me/api/portraits/med/men/77.jpg', 'thumbnail': 'https://randomuser.me/api/portraits/thumb/men/77.jpg'}</msg>
<arg>${json_data['results'][0]['picture']}</arg>
<doc>Logs the given message with the given level.</doc>
<status status="PASS" start="2024-04-04T05:15:36.746601" elapsed="0.000405"/>
</kw>
<status status="PASS" start="2024-04-04T05:15:36.658749" elapsed="0.088529"/>
</kw>
<kw name="Teste de Tipos de Dados - Postcode" owner="random-user-service">
<kw name="GET On Session" owner="RequestsLibrary">
<msg time="2024-04-04T05:15:36.846414" level="INFO">GET Request : url=https://randomuser.me/api 
 path_url=/api 
 headers={'User-Agent': 'python-requests/2.31.0', 'Accept-Encoding': 'gzip, deflate', 'Accept': '*/*', 'Connection': 'keep-alive'} 
 body=None 
 </msg>
<msg time="2024-04-04T05:15:36.846491" level="INFO">GET Response : url=https://randomuser.me/api 
 status=200, reason=OK 
 headers={'Date': 'Thu, 04 Apr 2024 05:15:36 GMT', 'Content-Type': 'application/json; charset=utf-8', 'Transfer-Encoding': 'chunked', 'Connection': 'keep-alive', 'X-Powered-By': 'Express', 'Access-Control-Allow-Origin': '*', 'Cache-Control': 'no-cache', 'ETag': 'W/"487-BhPCJHd1Zp6YvuF20wY8zsNWYsI"', 'Vary': 'Accept-Encoding', 'Content-Encoding': 'gzip', 'CF-Cache-Status': 'DYNAMIC', 'Report-To': '{"endpoints":[{"url":"https:\\/\\/a.nel.cloudflare.com\\/report\\/v4?s=rbXLiB2wM%2BtU44bMzifwyP4GrVzhuTYTrd0FMPEdAONBpouwR7Gg%2BbK%2FcEirtNy%2B1GAgkfMgqSNgI2LQxepvkymw7qq6j9FvuiqvnQkNuDYhb9bh1lqsS2IVtngCLIQu"}],"group":"cf-nel","max_age":604800}', 'NEL': '{"success_fraction":0,"report_to":"cf-nel","max_age":604800}', 'Server': 'cloudflare', 'CF-RAY': '86eed252bcc761f1-ORD', 'alt-svc': 'h3=":443"; ma=86400'} 
 body={"results":[{"gender":"female","name":{"title":"Miss","first":"Tammy","last":"Wilson"},"location":{"street":{"number":3882,"name":"Jones Road"},"city":"Tuam","state":"Offaly","country":"Ireland","postcode":91808,"coordinates":{"latitude":"3.3631","longitude":"54.5214"},"timezone":{"offset":"+5:30","description":"Bombay, Calcutta, Madras, New Delhi"}},"email":"tammy.wilson@example.com","login":{"uuid":"ff3b65eb-ea41-4107-83f6-740b6429c199","username":"happyladybug357","password":"wutang","salt":"MshgcCWm","md5":"5cea3c3097609a5758d531aa60311591","sha1":"9322281a7008ea2b59ab73f252820c7ccfc5195c","sha256":"6ddb49e7ea9143c16ee08509efea5bea86f1c96c417f63daff13e9ebb20902a9"},"dob":{"date":"1945-06-03T02:43:23.832Z","age":78},"registered":{"date":"2016-08-13T00:12:38.661Z","age":7},"phone":"031-157-1557","cell":"081-835-4545","id":{"name":"PPS","value":"6356121T"},"picture":{"large":"https://randomuser.me/api/portraits/women/41.jpg","medium":"https://randomuser.me/api/portraits/med/women/41.jpg","thumbnail":"https://randomuser.me/api/portraits/thumb/women/41.jpg"},"nat":"IE"}],"info":{"seed":"d576a58736a288af","results":1,"page":1,"version":"1.4"}} 
 </msg>
<msg time="2024-04-04T05:15:36.846559" level="INFO">/opt/hostedtoolcache/Python/3.12.2/x64/lib/python3.12/site-packages/urllib3/connectionpool.py:1103: InsecureRequestWarning: Unverified HTTPS request is being made to host 'randomuser.me'. Adding certificate verification is strongly advised. See: https://urllib3.readthedocs.io/en/latest/advanced-usage.html#tls-warnings
  warnings.warn(</msg>
<msg time="2024-04-04T05:15:36.846650" level="INFO">${response} = &lt;Response [200]&gt;</msg>
<var>${response}</var>
<arg>consultarAPI</arg>
<arg>/api</arg>
<doc>Sends a GET request on a previously created HTTP Session.</doc>
<status status="PASS" start="2024-04-04T05:15:36.747825" elapsed="0.098864"/>
</kw>
<kw name="Set Variable" owner="BuiltIn">
<msg time="2024-04-04T05:15:36.847470" level="INFO">${json_data} = {'results': [{'gender': 'female', 'name': {'title': 'Miss', 'first': 'Tammy', 'last': 'Wilson'}, 'location': {'street': {'number': 3882, 'name': 'Jones Road'}, 'city': 'Tuam', 'state': 'Offaly', 'coun...</msg>
<var>${json_data}</var>
<arg>${response.json()}</arg>
<doc>Returns the given values which can then be assigned to a variables.</doc>
<status status="PASS" start="2024-04-04T05:15:36.847046" elapsed="0.000451"/>
</kw>
<kw name="Log" owner="BuiltIn">
<msg time="2024-04-04T05:15:36.847945" level="INFO">{'results': [{'gender': 'female', 'name': {'title': 'Miss', 'first': 'Tammy', 'last': 'Wilson'}, 'location': {'street': {'number': 3882, 'name': 'Jones Road'}, 'city': 'Tuam', 'state': 'Offaly', 'country': 'Ireland', 'postcode': 91808, 'coordinates': {'latitude': '3.3631', 'longitude': '54.5214'}, 'timezone': {'offset': '+5:30', 'description': 'Bombay, Calcutta, Madras, New Delhi'}}, 'email': 'tammy.wilson@example.com', 'login': {'uuid': 'ff3b65eb-ea41-4107-83f6-740b6429c199', 'username': 'happyladybug357', 'password': 'wutang', 'salt': 'MshgcCWm', 'md5': '5cea3c3097609a5758d531aa60311591', 'sha1': '9322281a7008ea2b59ab73f252820c7ccfc5195c', 'sha256': '6ddb49e7ea9143c16ee08509efea5bea86f1c96c417f63daff13e9ebb20902a9'}, 'dob': {'date': '1945-06-03T02:43:23.832Z', 'age': 78}, 'registered': {'date': '2016-08-13T00:12:38.661Z', 'age': 7}, 'phone': '031-157-1557', 'cell': '081-835-4545', 'id': {'name': 'PPS', 'value': '6356121T'}, 'picture': {'large': 'https://randomuser.me/api/portraits/women/41.jpg', 'medium': 'https://randomuser.me/api/portraits/med/women/41.jpg', 'thumbnail': 'https://randomuser.me/api/portraits/thumb/women/41.jpg'}, 'nat': 'IE'}], 'info': {'seed': 'd576a58736a288af', 'results': 1, 'page': 1, 'version': '1.4'}}</msg>
<arg>${json_data}</arg>
<doc>Logs the given message with the given level.</doc>
<status status="PASS" start="2024-04-04T05:15:36.847795" elapsed="0.000226"/>
</kw>
<kw name="Should Be Equal As Numbers" owner="BuiltIn">
<arg>${json_data['results'][0]['location']['postcode']}</arg>
<arg>${json_data['results'][0]['location']['postcode']}</arg>
<doc>Fails if objects are unequal after converting them to real numbers.</doc>
<status status="PASS" start="2024-04-04T05:15:36.848354" elapsed="0.000615"/>
</kw>
<kw name="Log" owner="BuiltIn">
<msg time="2024-04-04T05:15:36.849493" level="INFO">91808</msg>
<arg>${json_data['results'][0]['location']['postcode']}</arg>
<doc>Logs the given message with the given level.</doc>
<status status="PASS" start="2024-04-04T05:15:36.849161" elapsed="0.000371"/>
</kw>
<status status="PASS" start="2024-04-04T05:15:36.747488" elapsed="0.102292"/>
</kw>
<doc>Testa se os tipos de dados na resposta da API estão corretos.</doc>
<tag>testeTiposDados</tag>
<status status="PASS" start="2024-04-04T05:15:36.658238" elapsed="0.191698"/>
</test>
<test id="s1-s1-t5" name="Validar conteudo" line="35">
<kw name="Teste de Tipos de Conteudo" owner="random-user-service">
<kw name="GET On Session" owner="RequestsLibrary">
<msg time="2024-04-04T05:15:36.946279" level="INFO">GET Request : url=https://randomuser.me/api 
 path_url=/api 
 headers={'User-Agent': 'python-requests/2.31.0', 'Accept-Encoding': 'gzip, deflate', 'Accept': '*/*', 'Connection': 'keep-alive'} 
 body=None 
 </msg>
<msg time="2024-04-04T05:15:36.946355" level="INFO">GET Response : url=https://randomuser.me/api 
 status=200, reason=OK 
 headers={'Date': 'Thu, 04 Apr 2024 05:15:36 GMT', 'Content-Type': 'application/json; charset=utf-8', 'Transfer-Encoding': 'chunked', 'Connection': 'keep-alive', 'X-Powered-By': 'Express', 'Access-Control-Allow-Origin': '*', 'Cache-Control': 'no-cache', 'ETag': 'W/"481-KSsKsjbS57OOu+1NL/5gcDT/enw"', 'Vary': 'Accept-Encoding', 'Content-Encoding': 'gzip', 'CF-Cache-Status': 'DYNAMIC', 'Report-To': '{"endpoints":[{"url":"https:\\/\\/a.nel.cloudflare.com\\/report\\/v4?s=pvIQXy%2FscMfQnfh4IhAUDC0wuc0aKJwzEDq3MNr5ydzDwuA2LSHlBfdbwbzYhuFX9a%2BSO4KEXL%2FOg70JMp%2Fd0LEWgZmbwsMb60IXj8HWkgREiJ%2F7KBEFCZk6Zx2mxyRY"}],"group":"cf-nel","max_age":604800}', 'NEL': '{"success_fraction":0,"report_to":"cf-nel","max_age":604800}', 'Server': 'cloudflare', 'CF-RAY': '86eed2535d3161f1-ORD', 'alt-svc': 'h3=":443"; ma=86400'} 
 body={"results":[{"gender":"female","name":{"title":"Mrs","first":"Nisha","last":"Taj"},"location":{"street":{"number":7461,"name":"Dwaraka Nagar"},"city":"Aligarh","state":"Jammu and Kashmir","country":"India","postcode":29837,"coordinates":{"latitude":"7.0960","longitude":"100.8710"},"timezone":{"offset":"+7:00","description":"Bangkok, Hanoi, Jakarta"}},"email":"nisha.taj@example.com","login":{"uuid":"7f7cb406-3541-4c15-8501-343c69fd6fbc","username":"bigduck358","password":"121314","salt":"trfWhwWt","md5":"d14caf9b898bd56a31da0c981c353b34","sha1":"dec877648dc7f7289dfeab0051c8a99414d19487","sha256":"4e0426f726b0b85df8673aab24730b9bbaaaa774e86b9b6a06d377816a2d6a1e"},"dob":{"date":"1955-06-25T20:03:12.786Z","age":68},"registered":{"date":"2017-08-01T02:07:55.933Z","age":6},"phone":"8983978014","cell":"9744345941","id":{"name":"UIDAI","value":"624809278654"},"picture":{"large":"https://randomuser.me/api/portraits/women/39.jpg","medium":"https://randomuser.me/api/portraits/med/women/39.jpg","thumbnail":"https://randomuser.me/api/portraits/thumb/women/39.jpg"},"nat":"IN"}],"info":{"seed":"f646d7fc44851ade","results":1,"page":1,"version":"1.4"}} 
 </msg>
<msg time="2024-04-04T05:15:36.946416" level="INFO">/opt/hostedtoolcache/Python/3.12.2/x64/lib/python3.12/site-packages/urllib3/connectionpool.py:1103: InsecureRequestWarning: Unverified HTTPS request is being made to host 'randomuser.me'. Adding certificate verification is strongly advised. See: https://urllib3.readthedocs.io/en/latest/advanced-usage.html#tls-warnings
  warnings.warn(</msg>
<msg time="2024-04-04T05:15:36.946543" level="INFO">${response} = &lt;Response [200]&gt;</msg>
<var>${response}</var>
<arg>consultarAPI</arg>
<arg>/api</arg>
<doc>Sends a GET request on a previously created HTTP Session.</doc>
<status status="PASS" start="2024-04-04T05:15:36.852269" elapsed="0.094309"/>
</kw>
<kw name="Set Variable" owner="BuiltIn">
<msg time="2024-04-04T05:15:36.947421" level="INFO">${json_data} = {'results': [{'gender': 'female', 'name': {'title': 'Mrs', 'first': 'Nisha', 'last': 'Taj'}, 'location': {'street': {'number': 7461, 'name': 'Dwaraka Nagar'}, 'city': 'Aligarh', 'state': 'Jammu and Ka...</msg>
<var>${json_data}</var>
<arg>${response.json()}</arg>
<doc>Returns the given values which can then be assigned to a variables.</doc>
<status status="PASS" start="2024-04-04T05:15:36.946987" elapsed="0.000461"/>
</kw>
<kw name="Set Variable" owner="BuiltIn">
<msg time="2024-04-04T05:15:36.948152" level="INFO">${name_title} = Mrs</msg>
<var>${name_title}</var>
<arg>${json_data["results"][0]["name"]["title"]}</arg>
<doc>Returns the given values which can then be assigned to a variables.</doc>
<status status="PASS" start="2024-04-04T05:15:36.947747" elapsed="0.000435"/>
</kw>
<kw name="Create List" owner="BuiltIn">
<msg time="2024-04-04T05:15:36.948630" level="INFO">${allowed_titles} = ['Mr', 'Ms', 'Miss', 'Mrs', 'Madame', 'Monsieur']</msg>
<var>${allowed_titles}</var>
<arg>Mr</arg>
<arg>Ms</arg>
<arg>Miss</arg>
<arg>Mrs</arg>
<arg>Madame</arg>
<arg>Monsieur</arg>
<doc>Returns a list containing given items.</doc>
<status status="PASS" start="2024-04-04T05:15:36.948481" elapsed="0.000173"/>
</kw>
<kw name="List Should Contain Value" owner="Collections">
<msg time="2024-04-04T05:15:36.949125" level="INFO">False</msg>
<arg>${allowed_titles}</arg>
<arg>${name_title}</arg>
<doc>Fails if the ``value`` is not found from ``list``.</doc>
<status status="PASS" start="2024-04-04T05:15:36.948958" elapsed="0.000203"/>
</kw>
<kw name="Set Variable" owner="BuiltIn">
<msg time="2024-04-04T05:15:36.949817" level="INFO">${name_country} = IN</msg>
<var>${name_country}</var>
<arg>${json_data["results"][0]["nat"]}</arg>
<doc>Returns the given values which can then be assigned to a variables.</doc>
<status status="PASS" start="2024-04-04T05:15:36.949449" elapsed="0.000391"/>
</kw>
<kw name="Create List" owner="BuiltIn">
<msg time="2024-04-04T05:15:36.950719" level="INFO">${list_country} = ['AD', 'AE', 'AF', 'AG', 'AI', 'AL', 'AM', 'AO', 'AQ', 'AR', 'AS', 'AT', 'AU', 'AW', 'AX', 'AZ', 'BA', 'BB', 'BD', 'BE', 'BF', 'BG', 'BH', 'BI', 'BJ', 'BL', 'BM', 'BN', 'BO', 'BQ', 'BR', 'BS', 'BT', '...</msg>
<var>${list_country}</var>
<arg>AD</arg>
<arg>AE</arg>
<arg>AF</arg>
<arg>AG</arg>
<arg>AI</arg>
<arg>AL</arg>
<arg>AM</arg>
<arg>AO</arg>
<arg>AQ</arg>
<arg>AR</arg>
<arg>AS</arg>
<arg>AT</arg>
<arg>AU</arg>
<arg>AW</arg>
<arg>AX</arg>
<arg>AZ</arg>
<arg>BA</arg>
<arg>BB</arg>
<arg>BD</arg>
<arg>BE</arg>
<arg>BF</arg>
<arg>BG</arg>
<arg>BH</arg>
<arg>BI</arg>
<arg>BJ</arg>
<arg>BL</arg>
<arg>BM</arg>
<arg>BN</arg>
<arg>BO</arg>
<arg>BQ</arg>
<arg>BR</arg>
<arg>BS</arg>
<arg>BT</arg>
<arg>BV</arg>
<arg>BW</arg>
<arg>BY</arg>
<arg>BZ</arg>
<arg>CA</arg>
<arg>CC</arg>
<arg>CD</arg>
<arg>CF</arg>
<arg>CG</arg>
<arg>CH</arg>
<arg>CI</arg>
<arg>CK</arg>
<arg>CL</arg>
<arg>CM</arg>
<arg>CN</arg>
<arg>CO</arg>
<arg>CR</arg>
<arg>CU</arg>
<arg>CV</arg>
<arg>CW</arg>
<arg>CX</arg>
<arg>CY</arg>
<arg>CZ</arg>
<arg>DE</arg>
<arg>DJ</arg>
<arg>DK</arg>
<arg>DM</arg>
<arg>DO</arg>
<arg>DZ</arg>
<arg>EC</arg>
<arg>EE</arg>
<arg>EG</arg>
<arg>EH</arg>
<arg>ER</arg>
<arg>ES</arg>
<arg>ET</arg>
<arg>FI</arg>
<arg>FJ</arg>
<arg>FK</arg>
<arg>FM</arg>
<arg>FO</arg>
<arg>FR</arg>
<arg>GA</arg>
<arg>GB</arg>
<arg>GD</arg>
<arg>GE</arg>
<arg>GF</arg>
<arg>GG</arg>
<arg>GH</arg>
<arg>GI</arg>
<arg>GL</arg>
<arg>GM</arg>
<arg>GN</arg>
<arg>GP</arg>
<arg>GQ</arg>
<arg>GR</arg>
<arg>GS</arg>
<arg>GT</arg>
<arg>GU</arg>
<arg>GW</arg>
<arg>GY</arg>
<arg>HK</arg>
<arg>HM</arg>
<arg>HN</arg>
<arg>HR</arg>
<arg>HT</arg>
<arg>HU</arg>
<arg>ID</arg>
<arg>IE</arg>
<arg>IL</arg>
<arg>IM</arg>
<arg>IN</arg>
<arg>IO</arg>
<arg>IQ</arg>
<arg>IR</arg>
<arg>IS</arg>
<arg>IT</arg>
<arg>JE</arg>
<arg>JM</arg>
<arg>JO</arg>
<arg>JP</arg>
<arg>KE</arg>
<arg>KG</arg>
<arg>KH</arg>
<arg>KI</arg>
<arg>KM</arg>
<arg>KN</arg>
<arg>KP</arg>
<arg>KR</arg>
<arg>KW</arg>
<arg>KY</arg>
<arg>KZ</arg>
<arg>LA</arg>
<arg>LB</arg>
<arg>LC</arg>
<arg>LI</arg>
<arg>LK</arg>
<arg>LR</arg>
<arg>LS</arg>
<arg>LT</arg>
<arg>LU</arg>
<arg>LV</arg>
<arg>LY</arg>
<arg>MA</arg>
<arg>MC</arg>
<arg>MD</arg>
<arg>ME</arg>
<arg>MF</arg>
<arg>MG</arg>
<arg>MH</arg>
<arg>MK</arg>
<arg>ML</arg>
<arg>MM</arg>
<arg>MN</arg>
<arg>MO</arg>
<arg>MP</arg>
<arg>MQ</arg>
<arg>MR</arg>
<arg>MS</arg>
<arg>MT</arg>
<arg>MU</arg>
<arg>MV</arg>
<arg>MW</arg>
<arg>MX</arg>
<arg>MY</arg>
<arg>MZ</arg>
<arg>NA</arg>
<arg>NC</arg>
<arg>NE</arg>
<arg>NF</arg>
<arg>NG</arg>
<arg>NI</arg>
<arg>NL</arg>
<arg>NO</arg>
<arg>NP</arg>
<arg>NR</arg>
<arg>NU</arg>
<arg>NZ</arg>
<arg>OM</arg>
<arg>PA</arg>
<arg>PE</arg>
<arg>PF</arg>
<arg>PG</arg>
<arg>PH</arg>
<arg>PK</arg>
<arg>PL</arg>
<arg>PM</arg>
<arg>PN</arg>
<arg>PR</arg>
<arg>PS</arg>
<arg>PT</arg>
<arg>PW</arg>
<arg>PY</arg>
<arg>QA</arg>
<arg>RE</arg>
<arg>RO</arg>
<arg>RS</arg>
<arg>RU</arg>
<arg>RW</arg>
<arg>SA</arg>
<arg>SB</arg>
<arg>SC</arg>
<arg>SD</arg>
<arg>SE</arg>
<arg>SG</arg>
<arg>SH</arg>
<arg>SI</arg>
<arg>SJ</arg>
<arg>SK</arg>
<arg>SL</arg>
<arg>SM</arg>
<arg>SN</arg>
<arg>SO</arg>
<arg>SR</arg>
<arg>SS</arg>
<arg>ST</arg>
<arg>SV</arg>
<arg>SX</arg>
<arg>SY</arg>
<arg>SZ</arg>
<arg>TC</arg>
<arg>TD</arg>
<arg>TF</arg>
<arg>TG</arg>
<arg>TH</arg>
<arg>TJ</arg>
<arg>TK</arg>
<arg>TL</arg>
<arg>TM</arg>
<arg>TN</arg>
<arg>TO</arg>
<arg>TR</arg>
<arg>TT</arg>
<arg>TV</arg>
<arg>TW</arg>
<arg>TZ</arg>
<arg>UA</arg>
<arg>UG</arg>
<arg>UM</arg>
<arg>US</arg>
<arg>UY</arg>
<arg>UZ</arg>
<arg>VA</arg>
<arg>VC</arg>
<arg>VE</arg>
<arg>VG</arg>
<arg>VI</arg>
<arg>VN</arg>
<arg>VU</arg>
<arg>WF</arg>
<arg>WS</arg>
<arg>XK</arg>
<arg>YE</arg>
<arg>YT</arg>
<arg>ZA</arg>
<arg>ZM</arg>
<arg>ZW</arg>
<doc>Returns a list containing given items.</doc>
<status status="PASS" start="2024-04-04T05:15:36.950125" elapsed="0.000619"/>
</kw>
<kw name="List Should Contain Value" owner="Collections">
<msg time="2024-04-04T05:15:36.951839" level="INFO">False</msg>
<arg>${list_country}</arg>
<arg>${name_country}</arg>
<doc>Fails if the ``value`` is not found from ``list``.</doc>
<status status="PASS" start="2024-04-04T05:15:36.951636" elapsed="0.000239"/>
</kw>
<kw name="Run Keyword If" owner="BuiltIn">
<kw name="Should Be True" owner="BuiltIn">
<arg>${True}</arg>
<doc>Fails if the given condition is not true.</doc>
<status status="PASS" start="2024-04-04T05:15:36.952966" elapsed="0.000145"/>
</kw>
<arg>${json_data["results"][0]["location"]["coordinates"]["latitude"]} &gt;= -90 and ${json_data["results"][0]["location"]["coordinates"]["latitude"]} &lt;= 90</arg>
<arg>Should Be True</arg>
<arg>${True}</arg>
<doc>Runs the given keyword with the given arguments, if ``condition`` is true.</doc>
<status status="PASS" start="2024-04-04T05:15:36.952219" elapsed="0.001021"/>
</kw>
<kw name="Run Keyword If" owner="BuiltIn">
<kw name="Should Be True" owner="BuiltIn">
<arg>${True}</arg>
<doc>Fails if the given condition is not true.</doc>
<status status="PASS" start="2024-04-04T05:15:36.954125" elapsed="0.000139"/>
</kw>
<arg>${json_data["results"][0]["location"]["coordinates"]["longitude"]} &gt;= -180 and ${json_data["results"][0]["location"]["coordinates"]["longitude"]} &lt;= 180</arg>
<arg>Should Be True</arg>
<arg>${True}</arg>
<doc>Runs the given keyword with the given arguments, if ``condition`` is true.</doc>
<status status="PASS" start="2024-04-04T05:15:36.953425" elapsed="0.000965"/>
</kw>
<status status="PASS" start="2024-04-04T05:15:36.852004" elapsed="0.102516"/>
</kw>
<doc>Testa o conteúdo específico dos campos retornados pela API.</doc>
<tag>testeConteudo</tag>
<status status="PASS" start="2024-04-04T05:15:36.851609" elapsed="0.103057"/>
</test>
<status status="PASS" start="2024-04-04T05:15:36.152923" elapsed="0.803651"/>
</suite>
<status status="PASS" start="2024-04-04T05:15:36.138690" elapsed="0.823116"/>
</suite>
<statistics>
<total>
<stat pass="5" fail="0" skip="0">All Tests</stat>
</total>
<tag>
<stat pass="1" fail="0" skip="0">testeConteudo</stat>
<stat pass="1" fail="0" skip="0">testeEstruturaResposta</stat>
<stat pass="1" fail="0" skip="0">testeRequisicaoBasica</stat>
<stat pass="1" fail="0" skip="0">testeTiposDados</stat>
</tag>
<suite>
<stat pass="5" fail="0" skip="0" id="s1" name="Tests">Tests</stat>
<stat pass="5" fail="0" skip="0" id="s1-s1" name="Random-User-Test">Tests.Random-User-Test</stat>
</suite>
</statistics>
<errors>
</errors>
</robot>
