<?xml version="1.0" encoding="UTF-8"?>
<robot generator="Robot 7.0.1 (Python 3.12.4 on linux)" generated="2024-07-23T02:33:35.725823" rpa="false" schemaversion="5">
<suite id="s1" name="Tests" source="/home/runner/work/ApiRandomUser/ApiRandomUser/RamdonUser/tests">
<suite id="s1-s1" name="Random-User-Test" source="/home/runner/work/ApiRandomUser/ApiRandomUser/RamdonUser/tests/random-user-test.robot">
<test id="s1-s1-t1" name="Conectar" line="13">
<kw name="Conectar API" owner="random-user-service">
<kw name="Create Session" owner="RequestsLibrary">
<msg time="2024-07-23T02:33:36.113916" level="INFO">Creating Session using : alias=consultarAPI, url=https://randomuser.me/, headers={},                     cookies={}, auth=None, timeout=None, proxies=None, verify=False,                     debug=0 </msg>
<arg>consultarAPI</arg>
<arg>${URL}</arg>
<doc>Create Session: create a HTTP session to a server</doc>
<status status="PASS" start="2024-07-23T02:33:36.113727" elapsed="0.000356"/>
</kw>
<status status="PASS" start="2024-07-23T02:33:36.112740" elapsed="0.001683"/>
</kw>
<status status="PASS" start="2024-07-23T02:33:36.112169" elapsed="0.002443"/>
</test>
<test id="s1-s1-t2" name="Validar retorno 200 e JSON Válido" line="16">
<kw name="Teste de Requisicao Basica" owner="random-user-service">
<kw name="GET On Session" owner="RequestsLibrary">
<msg time="2024-07-23T02:33:36.377796" level="INFO">GET Request : url=https://randomuser.me/api 
 path_url=/api 
 headers={'User-Agent': 'python-requests/2.32.3', 'Accept-Encoding': 'gzip, deflate', 'Accept': '*/*', 'Connection': 'keep-alive'} 
 body=None 
 </msg>
<msg time="2024-07-23T02:33:36.377908" level="INFO">GET Response : url=https://randomuser.me/api 
 status=200, reason=OK 
 headers={'Date': 'Tue, 23 Jul 2024 02:33:36 GMT', 'Content-Type': 'application/json; charset=utf-8', 'Transfer-Encoding': 'chunked', 'Connection': 'keep-alive', 'X-Powered-By': 'Express', 'Access-Control-Allow-Origin': '*', 'Cache-Control': 'no-cache', 'ETag': 'W/"493-NAwXZSB+r6/AAt7Npnep+r1Ujr0"', 'Vary': 'Accept-Encoding', 'Content-Encoding': 'gzip', 'CF-Cache-Status': 'DYNAMIC', 'Report-To': '{"endpoints":[{"url":"https:\\/\\/a.nel.cloudflare.com\\/report\\/v4?s=eij8cIlZt%2BZVf3xGxB%2FnWJ0GY1I3AQ7fz8%2FjIrIDpDWL21Tk7BCAjJ3APFChZiOhLiSmP3v1wJ2eUWc8TMBU4%2BqyHDXt0FfXVuMzG3cbENErQ%2Bl7CwvFZO%2Bqi5t49CI4"}],"group":"cf-nel","max_age":604800}', 'NEL': '{"success_fraction":0,"report_to":"cf-nel","max_age":604800}', 'Server': 'cloudflare', 'CF-RAY': '8a784441be7d7cd9-LAX', 'alt-svc': 'h3=":443"; ma=86400'} 
 body={"results":[{"gender":"male","name":{"title":"Mr","first":"Juan","last":"Franklin"},"location":{"street":{"number":9369,"name":"New Street"},"city":"Lisburn","state":"Oxfordshire","country":"United Kingdom","postcode":"T3P 6LJ","coordinates":{"latitude":"-5.1109","longitude":"-42.5063"},"timezone":{"offset":"-7:00","description":"Mountain Time (US &amp; Canada)"}},"email":"juan.franklin@example.com","login":{"uuid":"842e77bc-e836-465e-ac38-de5dc867f94c","username":"brownleopard864","password":"sergio","salt":"3HmAxw66","md5":"116c4261c6bb6a1509c9b922ea4016d5","sha1":"84be843443594247e9dcd13f967f4af4b2ff161e","sha256":"87bc0a15e539b88200c312a8f1e909cfeecbcf6495267876fbf2ccc2ad6fe2e2"},"dob":{"date":"1996-04-06T11:15:08.045Z","age":28},"registered":{"date":"2009-07-31T22:10:58.512Z","age":14},"phone":"016974 26879","cell":"07165 704176","id":{"name":"NINO","value":"SZ 60 38 26 Z"},"picture":{"large":"https://randomuser.me/api/portraits/men/86.jpg","medium":"https://randomuser.me/api/portraits/med/men/86.jpg","thumbnail":"https://randomuser.me/api/portraits/thumb/men/86.jpg"},"nat":"GB"}],"info":{"seed":"45e4baf52634c790","results":1,"page":1,"version":"1.4"}} 
 </msg>
<msg time="2024-07-23T02:33:36.377979" level="INFO">/opt/hostedtoolcache/Python/3.12.4/x64/lib/python3.12/site-packages/urllib3/connectionpool.py:1099: InsecureRequestWarning: Unverified HTTPS request is being made to host 'randomuser.me'. Adding certificate verification is strongly advised. See: https://urllib3.readthedocs.io/en/latest/advanced-usage.html#tls-warnings
  warnings.warn(</msg>
<msg time="2024-07-23T02:33:36.378094" level="INFO">${response} = &lt;Response [200]&gt;</msg>
<var>${response}</var>
<arg>consultarAPI</arg>
<arg>/api</arg>
<doc>Sends a GET request on a previously created HTTP Session.</doc>
<status status="PASS" start="2024-07-23T02:33:36.117276" elapsed="0.260859"/>
</kw>
<kw name="Should Be Equal As Numbers" owner="BuiltIn">
<msg time="2024-07-23T02:33:36.379177" level="INFO">Argument types are:
&lt;class 'int'&gt;
&lt;class 'str'&gt;</msg>
<arg>${response.status_code}</arg>
<arg>200</arg>
<doc>Fails if objects are unequal after converting them to real numbers.</doc>
<status status="PASS" start="2024-07-23T02:33:36.378631" elapsed="0.000610"/>
</kw>
<kw name="Log" owner="BuiltIn">
<msg time="2024-07-23T02:33:36.379915" level="INFO">200</msg>
<arg>${response.status_code}</arg>
<doc>Logs the given message with the given level.</doc>
<status status="PASS" start="2024-07-23T02:33:36.379559" elapsed="0.000400"/>
</kw>
<kw name="Set Variable" owner="BuiltIn">
<msg time="2024-07-23T02:33:36.380696" level="INFO">${json_data} = {'results': [{'gender': 'male', 'name': {'title': 'Mr', 'first': 'Juan', 'last': 'Franklin'}, 'location': {'street': {'number': 9369, 'name': 'New Street'}, 'city': 'Lisburn', 'state': 'Oxfordshire', ...</msg>
<var>${json_data}</var>
<arg>${response.json()}</arg>
<doc>Returns the given values which can then be assigned to a variables.</doc>
<status status="PASS" start="2024-07-23T02:33:36.380263" elapsed="0.000461"/>
</kw>
<kw name="Dictionary Should Contain Key" owner="Collections">
<arg>${json_data}</arg>
<arg>results</arg>
<doc>Fails if ``key`` is not found from ``dictionary``.</doc>
<status status="PASS" start="2024-07-23T02:33:36.381024" elapsed="0.000292"/>
</kw>
<status status="PASS" start="2024-07-23T02:33:36.117036" elapsed="0.264428"/>
</kw>
<doc>Testa se a API responde corretamente e retorna um objeto JSON válido.</doc>
<tag>testeRequisicaoBasica</tag>
<status status="PASS" start="2024-07-23T02:33:36.116526" elapsed="0.265100"/>
</test>
<test id="s1-s1-t3" name="Validar estrutura de resposta" line="22">
<kw name="Teste de Estrutura de Resposta" owner="random-user-service">
<kw name="GET On Session" owner="RequestsLibrary">
<msg time="2024-07-23T02:33:36.510946" level="INFO">GET Request : url=https://randomuser.me/api 
 path_url=/api 
 headers={'User-Agent': 'python-requests/2.32.3', 'Accept-Encoding': 'gzip, deflate', 'Accept': '*/*', 'Connection': 'keep-alive'} 
 body=None 
 </msg>
<msg time="2024-07-23T02:33:36.511011" level="INFO">GET Response : url=https://randomuser.me/api 
 status=200, reason=OK 
 headers={'Date': 'Tue, 23 Jul 2024 02:33:36 GMT', 'Content-Type': 'application/json; charset=utf-8', 'Transfer-Encoding': 'chunked', 'Connection': 'keep-alive', 'X-Powered-By': 'Express', 'Access-Control-Allow-Origin': '*', 'Cache-Control': 'no-cache', 'ETag': 'W/"4a8-K/qa6yotF5o0xqDhuC/MPtVzF5A"', 'Vary': 'Accept-Encoding', 'Content-Encoding': 'gzip', 'CF-Cache-Status': 'DYNAMIC', 'Report-To': '{"endpoints":[{"url":"https:\\/\\/a.nel.cloudflare.com\\/report\\/v4?s=on8vZ3N8cjw318BCNLNbTMO5mwNBYsGgm3TKrf1aczdM8tXqXmDAq1wjxhUggrJJ%2FtAixYcR42z3tcvihkeD6xFB3baWjI3U8dSKOqFt8ZxkbCP29AA%2FFCUCONsgEnXF"}],"group":"cf-nel","max_age":604800}', 'NEL': '{"success_fraction":0,"report_to":"cf-nel","max_age":604800}', 'Server': 'cloudflare', 'CF-RAY': '8a7844426f587cd9-LAX', 'alt-svc': 'h3=":443"; ma=86400'} 
 body={"results":[{"gender":"male","name":{"title":"Monsieur","first":"Bajram","last":"Olivier"},"location":{"street":{"number":4651,"name":"Rue des Abbesses"},"city":"Saicourt","state":"Graubünden","country":"Switzerland","postcode":6680,"coordinates":{"latitude":"-62.7578","longitude":"-5.4759"},"timezone":{"offset":"-5:00","description":"Eastern Time (US &amp; Canada), Bogota, Lima"}},"email":"bajram.olivier@example.com","login":{"uuid":"1c37bc5a-1dbc-477a-91b7-d777a75babd7","username":"sadkoala847","password":"all4one","salt":"fYTXECOu","md5":"d608fe37c7b8ca1366f720a07521c183","sha1":"b0ad8a625e5013e1ee572435eedc242d936d0c9d","sha256":"e3369c5b4768801f9f88b40f0e700f067f9dded50e67042e90dad804f9088a56"},"dob":{"date":"1969-11-14T17:36:32.589Z","age":54},"registered":{"date":"2011-07-18T17:03:45.646Z","age":13},"phone":"077 376 78 42","cell":"079 646 21 55","id":{"name":"AVS","value":"756.9223.1494.18"},"picture":{"large":"https://randomuser.me/api/portraits/men/44.jpg","medium":"https://randomuser.me/api/portraits/med/men/44.jpg","thumbnail":"https://randomuser.me/api/portraits/thumb/men/44.jpg"},"nat":"CH"}],"info":{"seed":"7b8726661c0dd643","results":1,"page":1,"version":"1.4"}} 
 </msg>
<msg time="2024-07-23T02:33:36.511110" level="INFO">/opt/hostedtoolcache/Python/3.12.4/x64/lib/python3.12/site-packages/urllib3/connectionpool.py:1099: InsecureRequestWarning: Unverified HTTPS request is being made to host 'randomuser.me'. Adding certificate verification is strongly advised. See: https://urllib3.readthedocs.io/en/latest/advanced-usage.html#tls-warnings
  warnings.warn(</msg>
<msg time="2024-07-23T02:33:36.511205" level="INFO">${response} = &lt;Response [200]&gt;</msg>
<var>${response}</var>
<arg>consultarAPI</arg>
<arg>/api</arg>
<doc>Sends a GET request on a previously created HTTP Session.</doc>
<status status="PASS" start="2024-07-23T02:33:36.384305" elapsed="0.126941"/>
</kw>
<kw name="Set Variable" owner="BuiltIn">
<msg time="2024-07-23T02:33:36.512272" level="INFO">${json_data} = {'results': [{'gender': 'male', 'name': {'title': 'Monsieur', 'first': 'Bajram', 'last': 'Olivier'}, 'location': {'street': {'number': 4651, 'name': 'Rue des Abbesses'}, 'city': 'Saicourt', 'state': '...</msg>
<var>${json_data}</var>
<arg>${response.json()}</arg>
<doc>Returns the given values which can then be assigned to a variables.</doc>
<status status="PASS" start="2024-07-23T02:33:36.511711" elapsed="0.000590"/>
</kw>
<kw name="Log" owner="BuiltIn">
<msg time="2024-07-23T02:33:36.512763" level="INFO">{'results': [{'gender': 'male', 'name': {'title': 'Monsieur', 'first': 'Bajram', 'last': 'Olivier'}, 'location': {'street': {'number': 4651, 'name': 'Rue des Abbesses'}, 'city': 'Saicourt', 'state': 'Graubünden', 'country': 'Switzerland', 'postcode': 6680, 'coordinates': {'latitude': '-62.7578', 'longitude': '-5.4759'}, 'timezone': {'offset': '-5:00', 'description': 'Eastern Time (US &amp; Canada), Bogota, Lima'}}, 'email': 'bajram.olivier@example.com', 'login': {'uuid': '1c37bc5a-1dbc-477a-91b7-d777a75babd7', 'username': 'sadkoala847', 'password': 'all4one', 'salt': 'fYTXECOu', 'md5': 'd608fe37c7b8ca1366f720a07521c183', 'sha1': 'b0ad8a625e5013e1ee572435eedc242d936d0c9d', 'sha256': 'e3369c5b4768801f9f88b40f0e700f067f9dded50e67042e90dad804f9088a56'}, 'dob': {'date': '1969-11-14T17:36:32.589Z', 'age': 54}, 'registered': {'date': '2011-07-18T17:03:45.646Z', 'age': 13}, 'phone': '077 376 78 42', 'cell': '079 646 21 55', 'id': {'name': 'AVS', 'value': '756.9223.1494.18'}, 'picture': {'large': 'https://randomuser.me/api/portraits/men/44.jpg', 'medium': 'https://randomuser.me/api/portraits/med/men/44.jpg', 'thumbnail': 'https://randomuser.me/api/portraits/thumb/men/44.jpg'}, 'nat': 'CH'}], 'info': {'seed': '7b8726661c0dd643', 'results': 1, 'page': 1, 'version': '1.4'}}</msg>
<arg>${json_data}</arg>
<doc>Logs the given message with the given level.</doc>
<status status="PASS" start="2024-07-23T02:33:36.512603" elapsed="0.000210"/>
</kw>
<kw name="Dictionary Should Contain Key" owner="Collections">
<arg>${json_data}</arg>
<arg>results</arg>
<doc>Fails if ``key`` is not found from ``dictionary``.</doc>
<status status="PASS" start="2024-07-23T02:33:36.513112" elapsed="0.000157"/>
</kw>
<kw name="Should Not Be Empty" owner="BuiltIn">
<msg time="2024-07-23T02:33:36.513573" level="INFO">Length is 2.</msg>
<arg>${json_data}</arg>
<doc>Verifies that the given item is not empty.</doc>
<status status="PASS" start="2024-07-23T02:33:36.513450" elapsed="0.000160"/>
</kw>
<kw name="Create List" owner="BuiltIn">
<msg time="2024-07-23T02:33:36.514049" level="INFO">${expected_keys} = ['gender', 'name', 'location', 'email', 'login']</msg>
<var>${expected_keys}</var>
<arg>gender</arg>
<arg>name</arg>
<arg>location</arg>
<arg>email</arg>
<arg>login</arg>
<doc>Returns a list containing given items.</doc>
<status status="PASS" start="2024-07-23T02:33:36.513898" elapsed="0.000174"/>
</kw>
<for flavor="IN">
<iter>
<kw name="Dictionary Should Contain Key" owner="Collections">
<arg>${json_data['results'][0]}</arg>
<arg>${key}</arg>
<doc>Fails if ``key`` is not found from ``dictionary``.</doc>
<status status="PASS" start="2024-07-23T02:33:36.514629" elapsed="0.000433"/>
</kw>
<kw name="Log" owner="BuiltIn">
<msg time="2024-07-23T02:33:36.515604" level="INFO">{'gender': 'male', 'name': {'title': 'Monsieur', 'first': 'Bajram', 'last': 'Olivier'}, 'location': {'street': {'number': 4651, 'name': 'Rue des Abbesses'}, 'city': 'Saicourt', 'state': 'Graubünden', 'country': 'Switzerland', 'postcode': 6680, 'coordinates': {'latitude': '-62.7578', 'longitude': '-5.4759'}, 'timezone': {'offset': '-5:00', 'description': 'Eastern Time (US &amp; Canada), Bogota, Lima'}}, 'email': 'bajram.olivier@example.com', 'login': {'uuid': '1c37bc5a-1dbc-477a-91b7-d777a75babd7', 'username': 'sadkoala847', 'password': 'all4one', 'salt': 'fYTXECOu', 'md5': 'd608fe37c7b8ca1366f720a07521c183', 'sha1': 'b0ad8a625e5013e1ee572435eedc242d936d0c9d', 'sha256': 'e3369c5b4768801f9f88b40f0e700f067f9dded50e67042e90dad804f9088a56'}, 'dob': {'date': '1969-11-14T17:36:32.589Z', 'age': 54}, 'registered': {'date': '2011-07-18T17:03:45.646Z', 'age': 13}, 'phone': '077 376 78 42', 'cell': '079 646 21 55', 'id': {'name': 'AVS', 'value': '756.9223.1494.18'}, 'picture': {'large': 'https://randomuser.me/api/portraits/men/44.jpg', 'medium': 'https://randomuser.me/api/portraits/med/men/44.jpg', 'thumbnail': 'https://randomuser.me/api/portraits/thumb/men/44.jpg'}, 'nat': 'CH'}</msg>
<arg>${json_data['results'][0]}</arg>
<doc>Logs the given message with the given level.</doc>
<status status="PASS" start="2024-07-23T02:33:36.515248" elapsed="0.000408"/>
</kw>
<kw name="Log" owner="BuiltIn">
<msg time="2024-07-23T02:33:36.516084" level="INFO">gender</msg>
<arg>${key}</arg>
<doc>Logs the given message with the given level.</doc>
<status status="PASS" start="2024-07-23T02:33:36.515956" elapsed="0.000165"/>
</kw>
<var name="${key}">gender</var>
<status status="PASS" start="2024-07-23T02:33:36.514505" elapsed="0.001831"/>
</iter>
<iter>
<kw name="Dictionary Should Contain Key" owner="Collections">
<arg>${json_data['results'][0]}</arg>
<arg>${key}</arg>
<doc>Fails if ``key`` is not found from ``dictionary``.</doc>
<status status="PASS" start="2024-07-23T02:33:36.516629" elapsed="0.000385"/>
</kw>
<kw name="Log" owner="BuiltIn">
<msg time="2024-07-23T02:33:36.517592" level="INFO">{'gender': 'male', 'name': {'title': 'Monsieur', 'first': 'Bajram', 'last': 'Olivier'}, 'location': {'street': {'number': 4651, 'name': 'Rue des Abbesses'}, 'city': 'Saicourt', 'state': 'Graubünden', 'country': 'Switzerland', 'postcode': 6680, 'coordinates': {'latitude': '-62.7578', 'longitude': '-5.4759'}, 'timezone': {'offset': '-5:00', 'description': 'Eastern Time (US &amp; Canada), Bogota, Lima'}}, 'email': 'bajram.olivier@example.com', 'login': {'uuid': '1c37bc5a-1dbc-477a-91b7-d777a75babd7', 'username': 'sadkoala847', 'password': 'all4one', 'salt': 'fYTXECOu', 'md5': 'd608fe37c7b8ca1366f720a07521c183', 'sha1': 'b0ad8a625e5013e1ee572435eedc242d936d0c9d', 'sha256': 'e3369c5b4768801f9f88b40f0e700f067f9dded50e67042e90dad804f9088a56'}, 'dob': {'date': '1969-11-14T17:36:32.589Z', 'age': 54}, 'registered': {'date': '2011-07-18T17:03:45.646Z', 'age': 13}, 'phone': '077 376 78 42', 'cell': '079 646 21 55', 'id': {'name': 'AVS', 'value': '756.9223.1494.18'}, 'picture': {'large': 'https://randomuser.me/api/portraits/men/44.jpg', 'medium': 'https://randomuser.me/api/portraits/med/men/44.jpg', 'thumbnail': 'https://randomuser.me/api/portraits/thumb/men/44.jpg'}, 'nat': 'CH'}</msg>
<arg>${json_data['results'][0]}</arg>
<doc>Logs the given message with the given level.</doc>
<status status="PASS" start="2024-07-23T02:33:36.517231" elapsed="0.000414"/>
</kw>
<kw name="Log" owner="BuiltIn">
<msg time="2024-07-23T02:33:36.518071" level="INFO">name</msg>
<arg>${key}</arg>
<doc>Logs the given message with the given level.</doc>
<status status="PASS" start="2024-07-23T02:33:36.517943" elapsed="0.000165"/>
</kw>
<var name="${key}">name</var>
<status status="PASS" start="2024-07-23T02:33:36.516519" elapsed="0.001807"/>
</iter>
<iter>
<kw name="Dictionary Should Contain Key" owner="Collections">
<arg>${json_data['results'][0]}</arg>
<arg>${key}</arg>
<doc>Fails if ``key`` is not found from ``dictionary``.</doc>
<status status="PASS" start="2024-07-23T02:33:36.518605" elapsed="0.000400"/>
</kw>
<kw name="Log" owner="BuiltIn">
<msg time="2024-07-23T02:33:36.519547" level="INFO">{'gender': 'male', 'name': {'title': 'Monsieur', 'first': 'Bajram', 'last': 'Olivier'}, 'location': {'street': {'number': 4651, 'name': 'Rue des Abbesses'}, 'city': 'Saicourt', 'state': 'Graubünden', 'country': 'Switzerland', 'postcode': 6680, 'coordinates': {'latitude': '-62.7578', 'longitude': '-5.4759'}, 'timezone': {'offset': '-5:00', 'description': 'Eastern Time (US &amp; Canada), Bogota, Lima'}}, 'email': 'bajram.olivier@example.com', 'login': {'uuid': '1c37bc5a-1dbc-477a-91b7-d777a75babd7', 'username': 'sadkoala847', 'password': 'all4one', 'salt': 'fYTXECOu', 'md5': 'd608fe37c7b8ca1366f720a07521c183', 'sha1': 'b0ad8a625e5013e1ee572435eedc242d936d0c9d', 'sha256': 'e3369c5b4768801f9f88b40f0e700f067f9dded50e67042e90dad804f9088a56'}, 'dob': {'date': '1969-11-14T17:36:32.589Z', 'age': 54}, 'registered': {'date': '2011-07-18T17:03:45.646Z', 'age': 13}, 'phone': '077 376 78 42', 'cell': '079 646 21 55', 'id': {'name': 'AVS', 'value': '756.9223.1494.18'}, 'picture': {'large': 'https://randomuser.me/api/portraits/men/44.jpg', 'medium': 'https://randomuser.me/api/portraits/med/men/44.jpg', 'thumbnail': 'https://randomuser.me/api/portraits/thumb/men/44.jpg'}, 'nat': 'CH'}</msg>
<arg>${json_data['results'][0]}</arg>
<doc>Logs the given message with the given level.</doc>
<status status="PASS" start="2024-07-23T02:33:36.519197" elapsed="0.000400"/>
</kw>
<kw name="Log" owner="BuiltIn">
<msg time="2024-07-23T02:33:36.520022" level="INFO">location</msg>
<arg>${key}</arg>
<doc>Logs the given message with the given level.</doc>
<status status="PASS" start="2024-07-23T02:33:36.519895" elapsed="0.000164"/>
</kw>
<var name="${key}">location</var>
<status status="PASS" start="2024-07-23T02:33:36.518498" elapsed="0.001774"/>
</iter>
<iter>
<kw name="Dictionary Should Contain Key" owner="Collections">
<arg>${json_data['results'][0]}</arg>
<arg>${key}</arg>
<doc>Fails if ``key`` is not found from ``dictionary``.</doc>
<status status="PASS" start="2024-07-23T02:33:36.520547" elapsed="0.000387"/>
</kw>
<kw name="Log" owner="BuiltIn">
<msg time="2024-07-23T02:33:36.521584" level="INFO">{'gender': 'male', 'name': {'title': 'Monsieur', 'first': 'Bajram', 'last': 'Olivier'}, 'location': {'street': {'number': 4651, 'name': 'Rue des Abbesses'}, 'city': 'Saicourt', 'state': 'Graubünden', 'country': 'Switzerland', 'postcode': 6680, 'coordinates': {'latitude': '-62.7578', 'longitude': '-5.4759'}, 'timezone': {'offset': '-5:00', 'description': 'Eastern Time (US &amp; Canada), Bogota, Lima'}}, 'email': 'bajram.olivier@example.com', 'login': {'uuid': '1c37bc5a-1dbc-477a-91b7-d777a75babd7', 'username': 'sadkoala847', 'password': 'all4one', 'salt': 'fYTXECOu', 'md5': 'd608fe37c7b8ca1366f720a07521c183', 'sha1': 'b0ad8a625e5013e1ee572435eedc242d936d0c9d', 'sha256': 'e3369c5b4768801f9f88b40f0e700f067f9dded50e67042e90dad804f9088a56'}, 'dob': {'date': '1969-11-14T17:36:32.589Z', 'age': 54}, 'registered': {'date': '2011-07-18T17:03:45.646Z', 'age': 13}, 'phone': '077 376 78 42', 'cell': '079 646 21 55', 'id': {'name': 'AVS', 'value': '756.9223.1494.18'}, 'picture': {'large': 'https://randomuser.me/api/portraits/men/44.jpg', 'medium': 'https://randomuser.me/api/portraits/med/men/44.jpg', 'thumbnail': 'https://randomuser.me/api/portraits/thumb/men/44.jpg'}, 'nat': 'CH'}</msg>
<arg>${json_data['results'][0]}</arg>
<doc>Logs the given message with the given level.</doc>
<status status="PASS" start="2024-07-23T02:33:36.521227" elapsed="0.000409"/>
</kw>
<kw name="Log" owner="BuiltIn">
<msg time="2024-07-23T02:33:36.522059" level="INFO">email</msg>
<arg>${key}</arg>
<doc>Logs the given message with the given level.</doc>
<status status="PASS" start="2024-07-23T02:33:36.521932" elapsed="0.000164"/>
</kw>
<var name="${key}">email</var>
<status status="PASS" start="2024-07-23T02:33:36.520442" elapsed="0.001867"/>
</iter>
<iter>
<kw name="Dictionary Should Contain Key" owner="Collections">
<arg>${json_data['results'][0]}</arg>
<arg>${key}</arg>
<doc>Fails if ``key`` is not found from ``dictionary``.</doc>
<status status="PASS" start="2024-07-23T02:33:36.522586" elapsed="0.000403"/>
</kw>
<kw name="Log" owner="BuiltIn">
<msg time="2024-07-23T02:33:36.523518" level="INFO">{'gender': 'male', 'name': {'title': 'Monsieur', 'first': 'Bajram', 'last': 'Olivier'}, 'location': {'street': {'number': 4651, 'name': 'Rue des Abbesses'}, 'city': 'Saicourt', 'state': 'Graubünden', 'country': 'Switzerland', 'postcode': 6680, 'coordinates': {'latitude': '-62.7578', 'longitude': '-5.4759'}, 'timezone': {'offset': '-5:00', 'description': 'Eastern Time (US &amp; Canada), Bogota, Lima'}}, 'email': 'bajram.olivier@example.com', 'login': {'uuid': '1c37bc5a-1dbc-477a-91b7-d777a75babd7', 'username': 'sadkoala847', 'password': 'all4one', 'salt': 'fYTXECOu', 'md5': 'd608fe37c7b8ca1366f720a07521c183', 'sha1': 'b0ad8a625e5013e1ee572435eedc242d936d0c9d', 'sha256': 'e3369c5b4768801f9f88b40f0e700f067f9dded50e67042e90dad804f9088a56'}, 'dob': {'date': '1969-11-14T17:36:32.589Z', 'age': 54}, 'registered': {'date': '2011-07-18T17:03:45.646Z', 'age': 13}, 'phone': '077 376 78 42', 'cell': '079 646 21 55', 'id': {'name': 'AVS', 'value': '756.9223.1494.18'}, 'picture': {'large': 'https://randomuser.me/api/portraits/men/44.jpg', 'medium': 'https://randomuser.me/api/portraits/med/men/44.jpg', 'thumbnail': 'https://randomuser.me/api/portraits/thumb/men/44.jpg'}, 'nat': 'CH'}</msg>
<arg>${json_data['results'][0]}</arg>
<doc>Logs the given message with the given level.</doc>
<status status="PASS" start="2024-07-23T02:33:36.523169" elapsed="0.000400"/>
</kw>
<kw name="Log" owner="BuiltIn">
<msg time="2024-07-23T02:33:36.523984" level="INFO">login</msg>
<arg>${key}</arg>
<doc>Logs the given message with the given level.</doc>
<status status="PASS" start="2024-07-23T02:33:36.523859" elapsed="0.000161"/>
</kw>
<var name="${key}">login</var>
<status status="PASS" start="2024-07-23T02:33:36.522480" elapsed="0.001753"/>
</iter>
<var>${key}</var>
<value>@{expected_keys}</value>
<status status="PASS" start="2024-07-23T02:33:36.514326" elapsed="0.010054"/>
</for>
<kw name="Create List" owner="BuiltIn">
<msg time="2024-07-23T02:33:36.524707" level="INFO">${expected_keysTwo} = ['username', 'password']</msg>
<var>${expected_keysTwo}</var>
<arg>username</arg>
<arg>password</arg>
<doc>Returns a list containing given items.</doc>
<status status="PASS" start="2024-07-23T02:33:36.524574" elapsed="0.000155"/>
</kw>
<for flavor="IN">
<iter>
<kw name="Dictionary Should Contain Key" owner="Collections">
<arg>${json_data['results'][0]['login']}</arg>
<arg>${keyTwo}</arg>
<doc>Fails if ``key`` is not found from ``dictionary``.</doc>
<status status="PASS" start="2024-07-23T02:33:36.525212" elapsed="0.000383"/>
</kw>
<kw name="Dictionary Should Contain Key" owner="Collections">
<arg>${json_data['results'][0]['login']}</arg>
<arg>${keyTwo}</arg>
<doc>Fails if ``key`` is not found from ``dictionary``.</doc>
<status status="PASS" start="2024-07-23T02:33:36.525772" elapsed="0.000450"/>
</kw>
<kw name="Log" owner="BuiltIn">
<msg time="2024-07-23T02:33:36.526578" level="INFO">username</msg>
<arg>${keyTwo}</arg>
<doc>Logs the given message with the given level.</doc>
<status status="PASS" start="2024-07-23T02:33:36.526452" elapsed="0.000164"/>
</kw>
<var name="${keyTwo}">username</var>
<status status="PASS" start="2024-07-23T02:33:36.525108" elapsed="0.001755"/>
</iter>
<iter>
<kw name="Dictionary Should Contain Key" owner="Collections">
<arg>${json_data['results'][0]['login']}</arg>
<arg>${keyTwo}</arg>
<doc>Fails if ``key`` is not found from ``dictionary``.</doc>
<status status="PASS" start="2024-07-23T02:33:36.527136" elapsed="0.000373"/>
</kw>
<kw name="Dictionary Should Contain Key" owner="Collections">
<arg>${json_data['results'][0]['login']}</arg>
<arg>${keyTwo}</arg>
<doc>Fails if ``key`` is not found from ``dictionary``.</doc>
<status status="PASS" start="2024-07-23T02:33:36.527684" elapsed="0.000370"/>
</kw>
<kw name="Log" owner="BuiltIn">
<msg time="2024-07-23T02:33:36.528349" level="INFO">password</msg>
<arg>${keyTwo}</arg>
<doc>Logs the given message with the given level.</doc>
<status status="PASS" start="2024-07-23T02:33:36.528226" elapsed="0.000161"/>
</kw>
<var name="${keyTwo}">password</var>
<status status="PASS" start="2024-07-23T02:33:36.527031" elapsed="0.001574"/>
</iter>
<var>${keyTwo}</var>
<value>@{expected_keysTwo}</value>
<status status="PASS" start="2024-07-23T02:33:36.524960" elapsed="0.003763"/>
</for>
<status status="PASS" start="2024-07-23T02:33:36.384076" elapsed="0.144779"/>
</kw>
<doc>Testa a estrutura da resposta da API.</doc>
<tag>testeEstruturaResposta</tag>
<status status="PASS" start="2024-07-23T02:33:36.383497" elapsed="0.145503"/>
</test>
<test id="s1-s1-t4" name="Validar tipos de dados" line="28">
<kw name="Teste de Tipos de Dados" owner="random-user-service">
<kw name="GET On Session" owner="RequestsLibrary">
<msg time="2024-07-23T02:33:36.623321" level="INFO">GET Request : url=https://randomuser.me/api 
 path_url=/api 
 headers={'User-Agent': 'python-requests/2.32.3', 'Accept-Encoding': 'gzip, deflate', 'Accept': '*/*', 'Connection': 'keep-alive'} 
 body=None 
 </msg>
<msg time="2024-07-23T02:33:36.623397" level="INFO">GET Response : url=https://randomuser.me/api 
 status=200, reason=OK 
 headers={'Date': 'Tue, 23 Jul 2024 02:33:36 GMT', 'Content-Type': 'application/json; charset=utf-8', 'Transfer-Encoding': 'chunked', 'Connection': 'keep-alive', 'X-Powered-By': 'Express', 'Access-Control-Allow-Origin': '*', 'Cache-Control': 'no-cache', 'ETag': 'W/"491-FA9blpq/TcnyO89zq2buiqaXwNY"', 'Vary': 'Accept-Encoding', 'Content-Encoding': 'gzip', 'CF-Cache-Status': 'DYNAMIC', 'Report-To': '{"endpoints":[{"url":"https:\\/\\/a.nel.cloudflare.com\\/report\\/v4?s=i0ubzfO7y2E4j6pPoKqa%2Bt1FoAR4yskYt0CcN0hA9uZ70mSA3vhM3JpIgUjY3UtS2GUhH%2FYH34w6h%2BQY1Bq8PWRI2g46StGPyMqls6xfsOrpGGLT6IV%2FKQTdZPB7RVbL"}],"group":"cf-nel","max_age":604800}', 'NEL': '{"success_fraction":0,"report_to":"cf-nel","max_age":604800}', 'Server': 'cloudflare', 'CF-RAY': '8a78444358a97cd9-LAX', 'alt-svc': 'h3=":443"; ma=86400'} 
 body={"results":[{"gender":"male","name":{"title":"Mr","first":"محمد","last":"زارعی"},"location":{"street":{"number":2430,"name":"وحدت اسلامی"},"city":"دزفول","state":"قزوین","country":"Iran","postcode":45287,"coordinates":{"latitude":"17.6254","longitude":"-119.4738"},"timezone":{"offset":"-3:00","description":"Brazil, Buenos Aires, Georgetown"}},"email":"mhmd.zraay@example.com","login":{"uuid":"b453d686-913b-468e-99d1-a4779ef4454b","username":"ticklishbutterfly713","password":"mommy","salt":"KfoUzF5f","md5":"bece462000784613a230898510b3d862","sha1":"3907f3ee6282c3b1df5aa74c214b80c9bd076f23","sha256":"cfce3d9f0d4fb2298bd76ff76142c4a488325d01628e7708561adceb63cbf05c"},"dob":{"date":"1962-01-17T18:04:23.959Z","age":62},"registered":{"date":"2011-06-08T10:19:45.756Z","age":13},"phone":"069-92232768","cell":"0980-835-1500","id":{"name":"","value":null},"picture":{"large":"https://randomuser.me/api/portraits/men/46.jpg","medium":"https://randomuser.me/api/portraits/med/men/46.jpg","thumbnail":"https://randomuser.me/api/portraits/thumb/men/46.jpg"},"nat":"IR"}],"info":{"seed":"3c43ee8a8c2f1c86","results":1,"page":1,"version":"1.4"}} 
 </msg>
<msg time="2024-07-23T02:33:36.623468" level="INFO">/opt/hostedtoolcache/Python/3.12.4/x64/lib/python3.12/site-packages/urllib3/connectionpool.py:1099: InsecureRequestWarning: Unverified HTTPS request is being made to host 'randomuser.me'. Adding certificate verification is strongly advised. See: https://urllib3.readthedocs.io/en/latest/advanced-usage.html#tls-warnings
  warnings.warn(</msg>
<msg time="2024-07-23T02:33:36.623581" level="INFO">${response} = &lt;Response [200]&gt;</msg>
<var>${response}</var>
<arg>consultarAPI</arg>
<arg>/api</arg>
<doc>Sends a GET request on a previously created HTTP Session.</doc>
<status status="PASS" start="2024-07-23T02:33:36.531466" elapsed="0.092162"/>
</kw>
<kw name="Set Variable" owner="BuiltIn">
<msg time="2024-07-23T02:33:36.624721" level="INFO">${json_data} = {'results': [{'gender': 'male', 'name': {'title': 'Mr', 'first': 'محمد', 'last': 'زارعی'}, 'location': {'street': {'number': 2430, 'name': 'وحدت اسلامی'}, 'city': 'دزفول', 'state': 'قزوین', 'country':...</msg>
<var>${json_data}</var>
<arg>${response.json()}</arg>
<doc>Returns the given values which can then be assigned to a variables.</doc>
<status status="PASS" start="2024-07-23T02:33:36.624124" elapsed="0.000627"/>
</kw>
<kw name="Log" owner="BuiltIn">
<msg time="2024-07-23T02:33:36.625214" level="INFO">{'results': [{'gender': 'male', 'name': {'title': 'Mr', 'first': 'محمد', 'last': 'زارعی'}, 'location': {'street': {'number': 2430, 'name': 'وحدت اسلامی'}, 'city': 'دزفول', 'state': 'قزوین', 'country': 'Iran', 'postcode': 45287, 'coordinates': {'latitude': '17.6254', 'longitude': '-119.4738'}, 'timezone': {'offset': '-3:00', 'description': 'Brazil, Buenos Aires, Georgetown'}}, 'email': 'mhmd.zraay@example.com', 'login': {'uuid': 'b453d686-913b-468e-99d1-a4779ef4454b', 'username': 'ticklishbutterfly713', 'password': 'mommy', 'salt': 'KfoUzF5f', 'md5': 'bece462000784613a230898510b3d862', 'sha1': '3907f3ee6282c3b1df5aa74c214b80c9bd076f23', 'sha256': 'cfce3d9f0d4fb2298bd76ff76142c4a488325d01628e7708561adceb63cbf05c'}, 'dob': {'date': '1962-01-17T18:04:23.959Z', 'age': 62}, 'registered': {'date': '2011-06-08T10:19:45.756Z', 'age': 13}, 'phone': '069-92232768', 'cell': '0980-835-1500', 'id': {'name': '', 'value': None}, 'picture': {'large': 'https://randomuser.me/api/portraits/men/46.jpg', 'medium': 'https://randomuser.me/api/portraits/med/men/46.jpg', 'thumbnail': 'https://randomuser.me/api/portraits/thumb/men/46.jpg'}, 'nat': 'IR'}], 'info': {'seed': '3c43ee8a8c2f1c86', 'results': 1, 'page': 1, 'version': '1.4'}}</msg>
<arg>${json_data}</arg>
<doc>Logs the given message with the given level.</doc>
<status status="PASS" start="2024-07-23T02:33:36.625056" elapsed="0.000209"/>
</kw>
<kw name="Should Be String" owner="String">
<arg>${json_data['results'][0]['gender']}</arg>
<doc>Fails if the given ``item`` is not a string.</doc>
<status status="PASS" start="2024-07-23T02:33:36.625581" elapsed="0.000359"/>
</kw>
<kw name="Should Match Regexp" owner="BuiltIn">
<arg>${json_data['results'][0]['email']}</arg>
<arg>^[a-zA-Z0-9._%+-]+@[a-zA-Z0-9.-]+\.[a-zA-Z]{2,}$</arg>
<doc>Fails if ``string`` does not match ``pattern`` as a regular expression.</doc>
<status status="PASS" start="2024-07-23T02:33:36.626128" elapsed="0.000496"/>
</kw>
<kw name="Should Match Regexp" owner="BuiltIn">
<arg>${json_data['results'][0]['dob']['date']}</arg>
<arg>\\d{4}-\\d{2}-\\d{2}T\\d{2}:\\d{2}:\\d{2}\\.\\d{3}Z</arg>
<doc>Fails if ``string`` does not match ``pattern`` as a regular expression.</doc>
<status status="PASS" start="2024-07-23T02:33:36.626857" elapsed="0.000672"/>
</kw>
<kw name="Should Match Regexp" owner="BuiltIn">
<arg>${json_data['results'][0]['registered']['date']}</arg>
<arg>\\d{4}-\\d{2}-\\d{2}T\\d{2}:\\d{2}:\\d{2}\\.\\d{3}Z</arg>
<doc>Fails if ``string`` does not match ``pattern`` as a regular expression.</doc>
<status status="PASS" start="2024-07-23T02:33:36.627790" elapsed="0.000385"/>
</kw>
<kw name="Should Match Regexp" owner="BuiltIn">
<arg>${json_data['results'][0]['picture']['large']}</arg>
<arg>^https?://.*\.(?:png|jpe?g|gif|bmp)$</arg>
<doc>Fails if ``string`` does not match ``pattern`` as a regular expression.</doc>
<status status="PASS" start="2024-07-23T02:33:36.628362" elapsed="0.000454"/>
</kw>
<kw name="Should Match Regexp" owner="BuiltIn">
<arg>${json_data['results'][0]['picture']['medium']}</arg>
<arg>^https?://.*\.(?:png|jpe?g|gif|bmp)$</arg>
<doc>Fails if ``string`` does not match ``pattern`` as a regular expression.</doc>
<status status="PASS" start="2024-07-23T02:33:36.629003" elapsed="0.000350"/>
</kw>
<kw name="Should Match Regexp" owner="BuiltIn">
<arg>${json_data['results'][0]['picture']['thumbnail']}</arg>
<arg>^https?://.*\.(?:png|jpe?g|gif|bmp)$</arg>
<doc>Fails if ``string`` does not match ``pattern`` as a regular expression.</doc>
<status status="PASS" start="2024-07-23T02:33:36.629535" elapsed="0.000346"/>
</kw>
<kw name="Log" owner="BuiltIn">
<msg time="2024-07-23T02:33:36.630393" level="INFO">{'large': 'https://randomuser.me/api/portraits/men/46.jpg', 'medium': 'https://randomuser.me/api/portraits/med/men/46.jpg', 'thumbnail': 'https://randomuser.me/api/portraits/thumb/men/46.jpg'}</msg>
<arg>${json_data['results'][0]['picture']}</arg>
<doc>Logs the given message with the given level.</doc>
<status status="PASS" start="2024-07-23T02:33:36.630068" elapsed="0.000367"/>
</kw>
<status status="PASS" start="2024-07-23T02:33:36.531251" elapsed="0.099460"/>
</kw>
<kw name="Teste de Tipos de Dados - Postcode" owner="random-user-service">
<kw name="GET On Session" owner="RequestsLibrary">
<msg time="2024-07-23T02:33:36.741784" level="INFO">GET Request : url=https://randomuser.me/api 
 path_url=/api 
 headers={'User-Agent': 'python-requests/2.32.3', 'Accept-Encoding': 'gzip, deflate', 'Accept': '*/*', 'Connection': 'keep-alive'} 
 body=None 
 </msg>
<msg time="2024-07-23T02:33:36.741866" level="INFO">GET Response : url=https://randomuser.me/api 
 status=200, reason=OK 
 headers={'Date': 'Tue, 23 Jul 2024 02:33:36 GMT', 'Content-Type': 'application/json; charset=utf-8', 'Transfer-Encoding': 'chunked', 'Connection': 'keep-alive', 'X-Powered-By': 'Express', 'Access-Control-Allow-Origin': '*', 'Cache-Control': 'no-cache', 'ETag': 'W/"499-tuBlXRn7nM0247kxiMmKzkHguVg"', 'Vary': 'Accept-Encoding', 'Content-Encoding': 'gzip', 'CF-Cache-Status': 'DYNAMIC', 'Report-To': '{"endpoints":[{"url":"https:\\/\\/a.nel.cloudflare.com\\/report\\/v4?s=2z9ov0dUT%2FSsvb2dsG%2BpwYygB6tWjWFlttaSMk9FAR%2FSa5XdpygWgiDbT1JiNsNPoaW7M9GYA%2Fx6smHJei%2BHyRJQ%2BlBO60NqnZ3Ef2bUieTpO%2Fa%2FF8wuZe8PN%2FviVQCg"}],"group":"cf-nel","max_age":604800}', 'NEL': '{"success_fraction":0,"report_to":"cf-nel","max_age":604800}', 'Server': 'cloudflare', 'CF-RAY': '8a784443f9a77cd9-LAX', 'alt-svc': 'h3=":443"; ma=86400'} 
 body={"results":[{"gender":"female","name":{"title":"Mrs","first":"Cindy","last":"Stewart"},"location":{"street":{"number":9057,"name":"Hunters Creek Dr"},"city":"Devonport","state":"Tasmania","country":"Australia","postcode":4355,"coordinates":{"latitude":"-84.0094","longitude":"49.8666"},"timezone":{"offset":"+3:00","description":"Baghdad, Riyadh, Moscow, St. Petersburg"}},"email":"cindy.stewart@example.com","login":{"uuid":"3d78e65b-e0ec-415f-88fb-b2ecdca9f440","username":"sadpanda213","password":"wowwow","salt":"d4Yet7WH","md5":"16466ddd8d788a1398b420024ef0d155","sha1":"90785fd398ca8abec81610475f27ae1167d73d92","sha256":"1e3f24510332af0af219da935b637e0dd53e09e88ebf780fe5a8faad7a65daa0"},"dob":{"date":"1995-06-15T21:12:28.569Z","age":29},"registered":{"date":"2018-01-21T13:32:26.028Z","age":6},"phone":"07-6592-3045","cell":"0465-716-785","id":{"name":"TFN","value":"019077150"},"picture":{"large":"https://randomuser.me/api/portraits/women/83.jpg","medium":"https://randomuser.me/api/portraits/med/women/83.jpg","thumbnail":"https://randomuser.me/api/portraits/thumb/women/83.jpg"},"nat":"AU"}],"info":{"seed":"800ea144af3c1e7d","results":1,"page":1,"version":"1.4"}} 
 </msg>
<msg time="2024-07-23T02:33:36.741938" level="INFO">/opt/hostedtoolcache/Python/3.12.4/x64/lib/python3.12/site-packages/urllib3/connectionpool.py:1099: InsecureRequestWarning: Unverified HTTPS request is being made to host 'randomuser.me'. Adding certificate verification is strongly advised. See: https://urllib3.readthedocs.io/en/latest/advanced-usage.html#tls-warnings
  warnings.warn(</msg>
<msg time="2024-07-23T02:33:36.742053" level="INFO">${response} = &lt;Response [200]&gt;</msg>
<var>${response}</var>
<arg>consultarAPI</arg>
<arg>/api</arg>
<doc>Sends a GET request on a previously created HTTP Session.</doc>
<status status="PASS" start="2024-07-23T02:33:36.631152" elapsed="0.110953"/>
</kw>
<kw name="Set Variable" owner="BuiltIn">
<msg time="2024-07-23T02:33:36.743199" level="INFO">${json_data} = {'results': [{'gender': 'female', 'name': {'title': 'Mrs', 'first': 'Cindy', 'last': 'Stewart'}, 'location': {'street': {'number': 9057, 'name': 'Hunters Creek Dr'}, 'city': 'Devonport', 'state': 'Tas...</msg>
<var>${json_data}</var>
<arg>${response.json()}</arg>
<doc>Returns the given values which can then be assigned to a variables.</doc>
<status status="PASS" start="2024-07-23T02:33:36.742579" elapsed="0.000648"/>
</kw>
<kw name="Log" owner="BuiltIn">
<msg time="2024-07-23T02:33:36.743675" level="INFO">{'results': [{'gender': 'female', 'name': {'title': 'Mrs', 'first': 'Cindy', 'last': 'Stewart'}, 'location': {'street': {'number': 9057, 'name': 'Hunters Creek Dr'}, 'city': 'Devonport', 'state': 'Tasmania', 'country': 'Australia', 'postcode': 4355, 'coordinates': {'latitude': '-84.0094', 'longitude': '49.8666'}, 'timezone': {'offset': '+3:00', 'description': 'Baghdad, Riyadh, Moscow, St. Petersburg'}}, 'email': 'cindy.stewart@example.com', 'login': {'uuid': '3d78e65b-e0ec-415f-88fb-b2ecdca9f440', 'username': 'sadpanda213', 'password': 'wowwow', 'salt': 'd4Yet7WH', 'md5': '16466ddd8d788a1398b420024ef0d155', 'sha1': '90785fd398ca8abec81610475f27ae1167d73d92', 'sha256': '1e3f24510332af0af219da935b637e0dd53e09e88ebf780fe5a8faad7a65daa0'}, 'dob': {'date': '1995-06-15T21:12:28.569Z', 'age': 29}, 'registered': {'date': '2018-01-21T13:32:26.028Z', 'age': 6}, 'phone': '07-6592-3045', 'cell': '0465-716-785', 'id': {'name': 'TFN', 'value': '019077150'}, 'picture': {'large': 'https://randomuser.me/api/portraits/women/83.jpg', 'medium': 'https://randomuser.me/api/portraits/med/women/83.jpg', 'thumbnail': 'https://randomuser.me/api/portraits/thumb/women/83.jpg'}, 'nat': 'AU'}], 'info': {'seed': '800ea144af3c1e7d', 'results': 1, 'page': 1, 'version': '1.4'}}</msg>
<arg>${json_data}</arg>
<doc>Logs the given message with the given level.</doc>
<status status="PASS" start="2024-07-23T02:33:36.743527" elapsed="0.000193"/>
</kw>
<kw name="Should Be Equal As Numbers" owner="BuiltIn">
<arg>${json_data['results'][0]['location']['postcode']}</arg>
<arg>${json_data['results'][0]['location']['postcode']}</arg>
<doc>Fails if objects are unequal after converting them to real numbers.</doc>
<status status="PASS" start="2024-07-23T02:33:36.744000" elapsed="0.000604"/>
</kw>
<kw name="Log" owner="BuiltIn">
<msg time="2024-07-23T02:33:36.745164" level="INFO">4355</msg>
<arg>${json_data['results'][0]['location']['postcode']}</arg>
<doc>Logs the given message with the given level.</doc>
<status status="PASS" start="2024-07-23T02:33:36.744820" elapsed="0.000383"/>
</kw>
<status status="PASS" start="2024-07-23T02:33:36.630930" elapsed="0.114518"/>
</kw>
<doc>Testa se os tipos de dados na resposta da API estão corretos.</doc>
<tag>testeTiposDados</tag>
<status status="PASS" start="2024-07-23T02:33:36.530729" elapsed="0.214871"/>
</test>
<test id="s1-s1-t5" name="Validar conteudo" line="35">
<kw name="Teste de Tipos de Conteudo" owner="random-user-service">
<kw name="GET On Session" owner="RequestsLibrary">
<msg time="2024-07-23T02:33:36.849713" level="INFO">GET Request : url=https://randomuser.me/api 
 path_url=/api 
 headers={'User-Agent': 'python-requests/2.32.3', 'Accept-Encoding': 'gzip, deflate', 'Accept': '*/*', 'Connection': 'keep-alive'} 
 body=None 
 </msg>
<msg time="2024-07-23T02:33:36.849775" level="INFO">GET Response : url=https://randomuser.me/api 
 status=200, reason=OK 
 headers={'Date': 'Tue, 23 Jul 2024 02:33:36 GMT', 'Content-Type': 'application/json; charset=utf-8', 'Transfer-Encoding': 'chunked', 'Connection': 'keep-alive', 'X-Powered-By': 'Express', 'Access-Control-Allow-Origin': '*', 'Cache-Control': 'no-cache', 'ETag': 'W/"473-dbiFpQWpcqbY5OZPss65eojK1l8"', 'Vary': 'Accept-Encoding', 'Content-Encoding': 'gzip', 'CF-Cache-Status': 'DYNAMIC', 'Report-To': '{"endpoints":[{"url":"https:\\/\\/a.nel.cloudflare.com\\/report\\/v4?s=VzUIsw10CTuDCVHf92a5Yi%2BGr9zSROjpNXYgDmqqHypZx4GD8sqGzd5guiebM0HR%2FrKvDSbBgMoMB%2Fdihm9u%2FlbZPL25%2FR80p7S2pf6eTPoPeB%2FRHP%2BcVyiCPOedwzpa"}],"group":"cf-nel","max_age":604800}', 'NEL': '{"success_fraction":0,"report_to":"cf-nel","max_age":604800}', 'Server': 'cloudflare', 'CF-RAY': '8a784444bad67cd9-LAX', 'alt-svc': 'h3=":443"; ma=86400'} 
 body={"results":[{"gender":"male","name":{"title":"Mr","first":"Harold","last":"Warren"},"location":{"street":{"number":2628,"name":"Victoria Road"},"city":"Longford","state":"Roscommon","country":"Ireland","postcode":35150,"coordinates":{"latitude":"0.9515","longitude":"-175.0253"},"timezone":{"offset":"-10:00","description":"Hawaii"}},"email":"harold.warren@example.com","login":{"uuid":"6e14e9c4-fa50-44a9-a956-4e58021837e8","username":"goldengorilla357","password":"munchkin","salt":"9QtcpOMi","md5":"bca3f68520a8e6dff51572d318ae233a","sha1":"e8f92a7dc7363c31c48557c5265b0f33cf92e179","sha256":"90ef6d012e8ad83edebc85daed14992c0451afde52613296c22ab3a58d82188e"},"dob":{"date":"1997-04-28T19:48:53.523Z","age":27},"registered":{"date":"2008-10-26T17:14:32.178Z","age":15},"phone":"011-105-1495","cell":"081-549-8704","id":{"name":"PPS","value":"2715193T"},"picture":{"large":"https://randomuser.me/api/portraits/men/50.jpg","medium":"https://randomuser.me/api/portraits/med/men/50.jpg","thumbnail":"https://randomuser.me/api/portraits/thumb/men/50.jpg"},"nat":"IE"}],"info":{"seed":"1e74199043590dca","results":1,"page":1,"version":"1.4"}} 
 </msg>
<msg time="2024-07-23T02:33:36.849830" level="INFO">/opt/hostedtoolcache/Python/3.12.4/x64/lib/python3.12/site-packages/urllib3/connectionpool.py:1099: InsecureRequestWarning: Unverified HTTPS request is being made to host 'randomuser.me'. Adding certificate verification is strongly advised. See: https://urllib3.readthedocs.io/en/latest/advanced-usage.html#tls-warnings
  warnings.warn(</msg>
<msg time="2024-07-23T02:33:36.849914" level="INFO">${response} = &lt;Response [200]&gt;</msg>
<var>${response}</var>
<arg>consultarAPI</arg>
<arg>/api</arg>
<doc>Sends a GET request on a previously created HTTP Session.</doc>
<status status="PASS" start="2024-07-23T02:33:36.748067" elapsed="0.101886"/>
</kw>
<kw name="Set Variable" owner="BuiltIn">
<msg time="2024-07-23T02:33:36.850986" level="INFO">${json_data} = {'results': [{'gender': 'male', 'name': {'title': 'Mr', 'first': 'Harold', 'last': 'Warren'}, 'location': {'street': {'number': 2628, 'name': 'Victoria Road'}, 'city': 'Longford', 'state': 'Roscommon'...</msg>
<var>${json_data}</var>
<arg>${response.json()}</arg>
<doc>Returns the given values which can then be assigned to a variables.</doc>
<status status="PASS" start="2024-07-23T02:33:36.850404" elapsed="0.000610"/>
</kw>
<kw name="Set Variable" owner="BuiltIn">
<msg time="2024-07-23T02:33:36.851705" level="INFO">${name_title} = Mr</msg>
<var>${name_title}</var>
<arg>${json_data["results"][0]["name"]["title"]}</arg>
<doc>Returns the given values which can then be assigned to a variables.</doc>
<status status="PASS" start="2024-07-23T02:33:36.851325" elapsed="0.000405"/>
</kw>
<kw name="Create List" owner="BuiltIn">
<msg time="2024-07-23T02:33:36.852169" level="INFO">${allowed_titles} = ['Mr', 'Ms', 'Miss', 'Mrs', 'Madame', 'Monsieur']</msg>
<var>${allowed_titles}</var>
<arg>Mr</arg>
<arg>Ms</arg>
<arg>Miss</arg>
<arg>Mrs</arg>
<arg>Madame</arg>
<arg>Monsieur</arg>
<doc>Returns a list containing given items.</doc>
<status status="PASS" start="2024-07-23T02:33:36.852024" elapsed="0.000169"/>
</kw>
<kw name="List Should Contain Value" owner="Collections">
<arg>${allowed_titles}</arg>
<arg>${name_title}</arg>
<doc>Fails if the ``value`` is not found from ``list``.</doc>
<status status="PASS" start="2024-07-23T02:33:36.852488" elapsed="0.000169"/>
</kw>
<kw name="Set Variable" owner="BuiltIn">
<msg time="2024-07-23T02:33:36.853213" level="INFO">${name_country} = IE</msg>
<var>${name_country}</var>
<arg>${json_data["results"][0]["nat"]}</arg>
<doc>Returns the given values which can then be assigned to a variables.</doc>
<status status="PASS" start="2024-07-23T02:33:36.852834" elapsed="0.000405"/>
</kw>
<kw name="Create List" owner="BuiltIn">
<msg time="2024-07-23T02:33:36.854124" level="INFO">${list_country} = ['AD', 'AE', 'AF', 'AG', 'AI', 'AL', 'AM', 'AO', 'AQ', 'AR', 'AS', 'AT', 'AU', 'AW', 'AX', 'AZ', 'BA', 'BB', 'BD', 'BE', 'BF', 'BG', 'BH', 'BI', 'BJ', 'BL', 'BM', 'BN', 'BO', 'BQ', 'BR', 'BS', 'BT', '...</msg>
<var>${list_country}</var>
<arg>AD</arg>
<arg>AE</arg>
<arg>AF</arg>
<arg>AG</arg>
<arg>AI</arg>
<arg>AL</arg>
<arg>AM</arg>
<arg>AO</arg>
<arg>AQ</arg>
<arg>AR</arg>
<arg>AS</arg>
<arg>AT</arg>
<arg>AU</arg>
<arg>AW</arg>
<arg>AX</arg>
<arg>AZ</arg>
<arg>BA</arg>
<arg>BB</arg>
<arg>BD</arg>
<arg>BE</arg>
<arg>BF</arg>
<arg>BG</arg>
<arg>BH</arg>
<arg>BI</arg>
<arg>BJ</arg>
<arg>BL</arg>
<arg>BM</arg>
<arg>BN</arg>
<arg>BO</arg>
<arg>BQ</arg>
<arg>BR</arg>
<arg>BS</arg>
<arg>BT</arg>
<arg>BV</arg>
<arg>BW</arg>
<arg>BY</arg>
<arg>BZ</arg>
<arg>CA</arg>
<arg>CC</arg>
<arg>CD</arg>
<arg>CF</arg>
<arg>CG</arg>
<arg>CH</arg>
<arg>CI</arg>
<arg>CK</arg>
<arg>CL</arg>
<arg>CM</arg>
<arg>CN</arg>
<arg>CO</arg>
<arg>CR</arg>
<arg>CU</arg>
<arg>CV</arg>
<arg>CW</arg>
<arg>CX</arg>
<arg>CY</arg>
<arg>CZ</arg>
<arg>DE</arg>
<arg>DJ</arg>
<arg>DK</arg>
<arg>DM</arg>
<arg>DO</arg>
<arg>DZ</arg>
<arg>EC</arg>
<arg>EE</arg>
<arg>EG</arg>
<arg>EH</arg>
<arg>ER</arg>
<arg>ES</arg>
<arg>ET</arg>
<arg>FI</arg>
<arg>FJ</arg>
<arg>FK</arg>
<arg>FM</arg>
<arg>FO</arg>
<arg>FR</arg>
<arg>GA</arg>
<arg>GB</arg>
<arg>GD</arg>
<arg>GE</arg>
<arg>GF</arg>
<arg>GG</arg>
<arg>GH</arg>
<arg>GI</arg>
<arg>GL</arg>
<arg>GM</arg>
<arg>GN</arg>
<arg>GP</arg>
<arg>GQ</arg>
<arg>GR</arg>
<arg>GS</arg>
<arg>GT</arg>
<arg>GU</arg>
<arg>GW</arg>
<arg>GY</arg>
<arg>HK</arg>
<arg>HM</arg>
<arg>HN</arg>
<arg>HR</arg>
<arg>HT</arg>
<arg>HU</arg>
<arg>ID</arg>
<arg>IE</arg>
<arg>IL</arg>
<arg>IM</arg>
<arg>IN</arg>
<arg>IO</arg>
<arg>IQ</arg>
<arg>IR</arg>
<arg>IS</arg>
<arg>IT</arg>
<arg>JE</arg>
<arg>JM</arg>
<arg>JO</arg>
<arg>JP</arg>
<arg>KE</arg>
<arg>KG</arg>
<arg>KH</arg>
<arg>KI</arg>
<arg>KM</arg>
<arg>KN</arg>
<arg>KP</arg>
<arg>KR</arg>
<arg>KW</arg>
<arg>KY</arg>
<arg>KZ</arg>
<arg>LA</arg>
<arg>LB</arg>
<arg>LC</arg>
<arg>LI</arg>
<arg>LK</arg>
<arg>LR</arg>
<arg>LS</arg>
<arg>LT</arg>
<arg>LU</arg>
<arg>LV</arg>
<arg>LY</arg>
<arg>MA</arg>
<arg>MC</arg>
<arg>MD</arg>
<arg>ME</arg>
<arg>MF</arg>
<arg>MG</arg>
<arg>MH</arg>
<arg>MK</arg>
<arg>ML</arg>
<arg>MM</arg>
<arg>MN</arg>
<arg>MO</arg>
<arg>MP</arg>
<arg>MQ</arg>
<arg>MR</arg>
<arg>MS</arg>
<arg>MT</arg>
<arg>MU</arg>
<arg>MV</arg>
<arg>MW</arg>
<arg>MX</arg>
<arg>MY</arg>
<arg>MZ</arg>
<arg>NA</arg>
<arg>NC</arg>
<arg>NE</arg>
<arg>NF</arg>
<arg>NG</arg>
<arg>NI</arg>
<arg>NL</arg>
<arg>NO</arg>
<arg>NP</arg>
<arg>NR</arg>
<arg>NU</arg>
<arg>NZ</arg>
<arg>OM</arg>
<arg>PA</arg>
<arg>PE</arg>
<arg>PF</arg>
<arg>PG</arg>
<arg>PH</arg>
<arg>PK</arg>
<arg>PL</arg>
<arg>PM</arg>
<arg>PN</arg>
<arg>PR</arg>
<arg>PS</arg>
<arg>PT</arg>
<arg>PW</arg>
<arg>PY</arg>
<arg>QA</arg>
<arg>RE</arg>
<arg>RO</arg>
<arg>RS</arg>
<arg>RU</arg>
<arg>RW</arg>
<arg>SA</arg>
<arg>SB</arg>
<arg>SC</arg>
<arg>SD</arg>
<arg>SE</arg>
<arg>SG</arg>
<arg>SH</arg>
<arg>SI</arg>
<arg>SJ</arg>
<arg>SK</arg>
<arg>SL</arg>
<arg>SM</arg>
<arg>SN</arg>
<arg>SO</arg>
<arg>SR</arg>
<arg>SS</arg>
<arg>ST</arg>
<arg>SV</arg>
<arg>SX</arg>
<arg>SY</arg>
<arg>SZ</arg>
<arg>TC</arg>
<arg>TD</arg>
<arg>TF</arg>
<arg>TG</arg>
<arg>TH</arg>
<arg>TJ</arg>
<arg>TK</arg>
<arg>TL</arg>
<arg>TM</arg>
<arg>TN</arg>
<arg>TO</arg>
<arg>TR</arg>
<arg>TT</arg>
<arg>TV</arg>
<arg>TW</arg>
<arg>TZ</arg>
<arg>UA</arg>
<arg>UG</arg>
<arg>UM</arg>
<arg>US</arg>
<arg>UY</arg>
<arg>UZ</arg>
<arg>VA</arg>
<arg>VC</arg>
<arg>VE</arg>
<arg>VG</arg>
<arg>VI</arg>
<arg>VN</arg>
<arg>VU</arg>
<arg>WF</arg>
<arg>WS</arg>
<arg>XK</arg>
<arg>YE</arg>
<arg>YT</arg>
<arg>ZA</arg>
<arg>ZM</arg>
<arg>ZW</arg>
<doc>Returns a list containing given items.</doc>
<status status="PASS" start="2024-07-23T02:33:36.853532" elapsed="0.000617"/>
</kw>
<kw name="List Should Contain Value" owner="Collections">
<arg>${list_country}</arg>
<arg>${name_country}</arg>
<doc>Fails if the ``value`` is not found from ``list``.</doc>
<status status="PASS" start="2024-07-23T02:33:36.855106" elapsed="0.000211"/>
</kw>
<kw name="Run Keyword If" owner="BuiltIn">
<kw name="Should Be True" owner="BuiltIn">
<arg>${True}</arg>
<doc>Fails if the given condition is not true.</doc>
<status status="PASS" start="2024-07-23T02:33:36.856243" elapsed="0.000140"/>
</kw>
<arg>${json_data["results"][0]["location"]["coordinates"]["latitude"]} &gt;= -90 and ${json_data["results"][0]["location"]["coordinates"]["latitude"]} &lt;= 90</arg>
<arg>Should Be True</arg>
<arg>${True}</arg>
<doc>Runs the given keyword with the given arguments, if ``condition`` is true.</doc>
<status status="PASS" start="2024-07-23T02:33:36.855512" elapsed="0.000999"/>
</kw>
<kw name="Run Keyword If" owner="BuiltIn">
<kw name="Should Be True" owner="BuiltIn">
<arg>${True}</arg>
<doc>Fails if the given condition is not true.</doc>
<status status="PASS" start="2024-07-23T02:33:36.857377" elapsed="0.000135"/>
</kw>
<arg>${json_data["results"][0]["location"]["coordinates"]["longitude"]} &gt;= -180 and ${json_data["results"][0]["location"]["coordinates"]["longitude"]} &lt;= 180</arg>
<arg>Should Be True</arg>
<arg>${True}</arg>
<doc>Runs the given keyword with the given arguments, if ``condition`` is true.</doc>
<status status="PASS" start="2024-07-23T02:33:36.856692" elapsed="0.000943"/>
</kw>
<status status="PASS" start="2024-07-23T02:33:36.747855" elapsed="0.109907"/>
</kw>
<doc>Testa o conteúdo específico dos campos retornados pela API.</doc>
<tag>testeConteudo</tag>
<status status="PASS" start="2024-07-23T02:33:36.747368" elapsed="0.110534"/>
</test>
<status status="PASS" start="2024-07-23T02:33:35.784515" elapsed="1.075355"/>
</suite>
<status status="PASS" start="2024-07-23T02:33:35.769776" elapsed="1.095049"/>
</suite>
<statistics>
<total>
<stat pass="5" fail="0" skip="0">All Tests</stat>
</total>
<tag>
<stat pass="1" fail="0" skip="0">testeConteudo</stat>
<stat pass="1" fail="0" skip="0">testeEstruturaResposta</stat>
<stat pass="1" fail="0" skip="0">testeRequisicaoBasica</stat>
<stat pass="1" fail="0" skip="0">testeTiposDados</stat>
</tag>
<suite>
<stat pass="5" fail="0" skip="0" id="s1" name="Tests">Tests</stat>
<stat pass="5" fail="0" skip="0" id="s1-s1" name="Random-User-Test">Tests.Random-User-Test</stat>
</suite>
</statistics>
<errors>
</errors>
</robot>
