<?xml version="1.0" encoding="UTF-8"?>
<robot generator="Robot 7.0.1 (Python 3.12.4 on linux)" generated="2024-07-15T23:15:57.764785" rpa="false" schemaversion="5">
<suite id="s1" name="Tests" source="/home/runner/work/ApiRandomUser/ApiRandomUser/RamdonUser/tests">
<suite id="s1-s1" name="Random-User-Test" source="/home/runner/work/ApiRandomUser/ApiRandomUser/RamdonUser/tests/random-user-test.robot">
<test id="s1-s1-t1" name="Conectar" line="13">
<kw name="Conectar API" owner="random-user-service">
<kw name="Create Session" owner="RequestsLibrary">
<msg time="2024-07-15T23:15:58.196486" level="INFO">Creating Session using : alias=consultarAPI, url=https://randomuser.me/, headers={},                     cookies={}, auth=None, timeout=None, proxies=None, verify=False,                     debug=0 </msg>
<arg>consultarAPI</arg>
<arg>${URL}</arg>
<doc>Create Session: create a HTTP session to a server</doc>
<status status="PASS" start="2024-07-15T23:15:58.196288" elapsed="0.000395"/>
</kw>
<status status="PASS" start="2024-07-15T23:15:58.195350" elapsed="0.001685"/>
</kw>
<status status="PASS" start="2024-07-15T23:15:58.194821" elapsed="0.002407"/>
</test>
<test id="s1-s1-t2" name="Validar retorno 200 e JSON Válido" line="16">
<kw name="Teste de Requisicao Basica" owner="random-user-service">
<kw name="GET On Session" owner="RequestsLibrary">
<msg time="2024-07-15T23:15:58.737467" level="INFO">GET Request : url=https://randomuser.me/api 
 path_url=/api 
 headers={'User-Agent': 'python-requests/2.32.3', 'Accept-Encoding': 'gzip, deflate', 'Accept': '*/*', 'Connection': 'keep-alive'} 
 body=None 
 </msg>
<msg time="2024-07-15T23:15:58.737605" level="INFO">GET Response : url=https://randomuser.me/api 
 status=200, reason=OK 
 headers={'Date': 'Mon, 15 Jul 2024 23:15:58 GMT', 'Content-Type': 'application/json; charset=utf-8', 'Transfer-Encoding': 'chunked', 'Connection': 'keep-alive', 'X-Powered-By': 'Express', 'Access-Control-Allow-Origin': '*', 'Cache-Control': 'no-cache', 'ETag': 'W/"485-53e3n8uZEQBXAvLYSivXaSN5qO4"', 'Vary': 'Accept-Encoding', 'Content-Encoding': 'gzip', 'CF-Cache-Status': 'DYNAMIC', 'Report-To': '{"endpoints":[{"url":"https:\\/\\/a.nel.cloudflare.com\\/report\\/v4?s=fhCPx4f2rOVKu8t2rsVGXBj6fzerBbkZbwnjyuNIbsw9lZcTrbrscB86mvHPrEuwUS7blyLKaiDEStLGf5LpMlWFD8oeeRQBbgnlnOz3FGizYG5u2cBD2lKVJCiHXT9K"}],"group":"cf-nel","max_age":604800}', 'NEL': '{"success_fraction":0,"report_to":"cf-nel","max_age":604800}', 'Server': 'cloudflare', 'CF-RAY': '8a3d7521eec0222b-ORD', 'alt-svc': 'h3=":443"; ma=86400'} 
 body={"results":[{"gender":"female","name":{"title":"Ms","first":"Erika","last":"Welch"},"location":{"street":{"number":9200,"name":"Forest Ln"},"city":"Joliet","state":"Kansas","country":"United States","postcode":88655,"coordinates":{"latitude":"88.4382","longitude":"2.6519"},"timezone":{"offset":"-8:00","description":"Pacific Time (US &amp; Canada)"}},"email":"erika.welch@example.com","login":{"uuid":"5fb2e475-d530-46a6-a9a6-2ae3c248e7fe","username":"happydog714","password":"novell","salt":"upaANxNL","md5":"f543df091de5a189c89ff38d02411be3","sha1":"324968df52d1370e46d3a4cbb2c0b586f6aaddc3","sha256":"b23b58104e8cc2460dc7e6cb4f4aad764249856073610cba8e1166472248e6b7"},"dob":{"date":"1996-08-21T16:53:26.311Z","age":27},"registered":{"date":"2006-04-01T09:01:56.346Z","age":18},"phone":"(325) 949-8574","cell":"(661) 553-8147","id":{"name":"SSN","value":"364-10-2111"},"picture":{"large":"https://randomuser.me/api/portraits/women/73.jpg","medium":"https://randomuser.me/api/portraits/med/women/73.jpg","thumbnail":"https://randomuser.me/api/portraits/thumb/women/73.jpg"},"nat":"US"}],"info":{"seed":"7c3ea93147fb82d1","results":1,"page":1,"version":"1.4"}} 
 </msg>
<msg time="2024-07-15T23:15:58.737689" level="INFO">/opt/hostedtoolcache/Python/3.12.4/x64/lib/python3.12/site-packages/urllib3/connectionpool.py:1099: InsecureRequestWarning: Unverified HTTPS request is being made to host 'randomuser.me'. Adding certificate verification is strongly advised. See: https://urllib3.readthedocs.io/en/latest/advanced-usage.html#tls-warnings
  warnings.warn(</msg>
<msg time="2024-07-15T23:15:58.737832" level="INFO">${response} = &lt;Response [200]&gt;</msg>
<var>${response}</var>
<arg>consultarAPI</arg>
<arg>/api</arg>
<doc>Sends a GET request on a previously created HTTP Session.</doc>
<status status="PASS" start="2024-07-15T23:15:58.199800" elapsed="0.538074"/>
</kw>
<kw name="Should Be Equal As Numbers" owner="BuiltIn">
<msg time="2024-07-15T23:15:58.738958" level="INFO">Argument types are:
&lt;class 'int'&gt;
&lt;class 'str'&gt;</msg>
<arg>${response.status_code}</arg>
<arg>200</arg>
<doc>Fails if objects are unequal after converting them to real numbers.</doc>
<status status="PASS" start="2024-07-15T23:15:58.738476" elapsed="0.000544"/>
</kw>
<kw name="Log" owner="BuiltIn">
<msg time="2024-07-15T23:15:58.739674" level="INFO">200</msg>
<arg>${response.status_code}</arg>
<doc>Logs the given message with the given level.</doc>
<status status="PASS" start="2024-07-15T23:15:58.739330" elapsed="0.000385"/>
</kw>
<kw name="Set Variable" owner="BuiltIn">
<msg time="2024-07-15T23:15:58.740442" level="INFO">${json_data} = {'results': [{'gender': 'female', 'name': {'title': 'Ms', 'first': 'Erika', 'last': 'Welch'}, 'location': {'street': {'number': 9200, 'name': 'Forest Ln'}, 'city': 'Joliet', 'state': 'Kansas', 'countr...</msg>
<var>${json_data}</var>
<arg>${response.json()}</arg>
<doc>Returns the given values which can then be assigned to a variables.</doc>
<status status="PASS" start="2024-07-15T23:15:58.740020" elapsed="0.000450"/>
</kw>
<kw name="Dictionary Should Contain Key" owner="Collections">
<arg>${json_data}</arg>
<arg>results</arg>
<doc>Fails if ``key`` is not found from ``dictionary``.</doc>
<status status="PASS" start="2024-07-15T23:15:58.740801" elapsed="0.000164"/>
</kw>
<status status="PASS" start="2024-07-15T23:15:58.199556" elapsed="0.541556"/>
</kw>
<doc>Testa se a API responde corretamente e retorna um objeto JSON válido.</doc>
<tag>testeRequisicaoBasica</tag>
<status status="PASS" start="2024-07-15T23:15:58.199100" elapsed="0.542190"/>
</test>
<test id="s1-s1-t3" name="Validar estrutura de resposta" line="22">
<kw name="Teste de Estrutura de Resposta" owner="random-user-service">
<kw name="GET On Session" owner="RequestsLibrary">
<msg time="2024-07-15T23:15:59.060774" level="INFO">GET Request : url=https://randomuser.me/api 
 path_url=/api 
 headers={'User-Agent': 'python-requests/2.32.3', 'Accept-Encoding': 'gzip, deflate', 'Accept': '*/*', 'Connection': 'keep-alive'} 
 body=None 
 </msg>
<msg time="2024-07-15T23:15:59.060875" level="INFO">GET Response : url=https://randomuser.me/api 
 status=200, reason=OK 
 headers={'Date': 'Mon, 15 Jul 2024 23:15:59 GMT', 'Content-Type': 'application/json; charset=utf-8', 'Transfer-Encoding': 'chunked', 'Connection': 'keep-alive', 'X-Powered-By': 'Express', 'Access-Control-Allow-Origin': '*', 'Cache-Control': 'no-cache', 'ETag': 'W/"46c-F4xKoQoSEHkXARUy2UdRIlmejek"', 'Vary': 'Accept-Encoding', 'Content-Encoding': 'gzip', 'CF-Cache-Status': 'DYNAMIC', 'Report-To': '{"endpoints":[{"url":"https:\\/\\/a.nel.cloudflare.com\\/report\\/v4?s=zSpn%2BWWY0HuajZegkCaEdwG5e7cvxtAEaJHCdk4aQC1%2BZ43tHMMESG5t%2FI7FXKahLB1kVEJrwbTQtuhC4sfO1UBQfu%2FpkTD5vsc4s7QFZ9c9IfVJKiNl1AQbxYpjAlq8"}],"group":"cf-nel","max_age":604800}', 'NEL': '{"success_fraction":0,"report_to":"cf-nel","max_age":604800}', 'Server': 'cloudflare', 'CF-RAY': '8a3d7524296b222b-ORD', 'alt-svc': 'h3=":443"; ma=86400'} 
 body={"results":[{"gender":"female","name":{"title":"Mrs","first":"Lea","last":"Madsen"},"location":{"street":{"number":7129,"name":"Gurrevej"},"city":"Klitmøller","state":"Syddanmark","country":"Denmark","postcode":43968,"coordinates":{"latitude":"-42.1277","longitude":"93.5751"},"timezone":{"offset":"+3:30","description":"Tehran"}},"email":"lea.madsen@example.com","login":{"uuid":"8799b45d-6d0d-425e-929e-7df6964086a0","username":"whiteladybug838","password":"megane","salt":"1b2hw6wj","md5":"fa94153d206e74b00d66a0270f854d52","sha1":"cc5c1b0fddee0fbffc7e4a8d63486fad3c8fd064","sha256":"85c151a5e94dec781c60779a8f3f38265b67f39a19d8ee1f5a840a38e051d093"},"dob":{"date":"1999-08-13T22:51:38.328Z","age":24},"registered":{"date":"2010-08-09T17:29:53.066Z","age":13},"phone":"42054601","cell":"98224001","id":{"name":"CPR","value":"130899-1885"},"picture":{"large":"https://randomuser.me/api/portraits/women/59.jpg","medium":"https://randomuser.me/api/portraits/med/women/59.jpg","thumbnail":"https://randomuser.me/api/portraits/thumb/women/59.jpg"},"nat":"DK"}],"info":{"seed":"adb6981d2a20e9da","results":1,"page":1,"version":"1.4"}} 
 </msg>
<msg time="2024-07-15T23:15:59.060999" level="INFO">/opt/hostedtoolcache/Python/3.12.4/x64/lib/python3.12/site-packages/urllib3/connectionpool.py:1099: InsecureRequestWarning: Unverified HTTPS request is being made to host 'randomuser.me'. Adding certificate verification is strongly advised. See: https://urllib3.readthedocs.io/en/latest/advanced-usage.html#tls-warnings
  warnings.warn(</msg>
<msg time="2024-07-15T23:15:59.061114" level="INFO">${response} = &lt;Response [200]&gt;</msg>
<var>${response}</var>
<arg>consultarAPI</arg>
<arg>/api</arg>
<doc>Sends a GET request on a previously created HTTP Session.</doc>
<status status="PASS" start="2024-07-15T23:15:58.744215" elapsed="0.316933"/>
</kw>
<kw name="Set Variable" owner="BuiltIn">
<msg time="2024-07-15T23:15:59.062166" level="INFO">${json_data} = {'results': [{'gender': 'female', 'name': {'title': 'Mrs', 'first': 'Lea', 'last': 'Madsen'}, 'location': {'street': {'number': 7129, 'name': 'Gurrevej'}, 'city': 'Klitmøller', 'state': 'Syddanmark', ...</msg>
<var>${json_data}</var>
<arg>${response.json()}</arg>
<doc>Returns the given values which can then be assigned to a variables.</doc>
<status status="PASS" start="2024-07-15T23:15:59.061659" elapsed="0.000537"/>
</kw>
<kw name="Log" owner="BuiltIn">
<msg time="2024-07-15T23:15:59.062668" level="INFO">{'results': [{'gender': 'female', 'name': {'title': 'Mrs', 'first': 'Lea', 'last': 'Madsen'}, 'location': {'street': {'number': 7129, 'name': 'Gurrevej'}, 'city': 'Klitmøller', 'state': 'Syddanmark', 'country': 'Denmark', 'postcode': 43968, 'coordinates': {'latitude': '-42.1277', 'longitude': '93.5751'}, 'timezone': {'offset': '+3:30', 'description': 'Tehran'}}, 'email': 'lea.madsen@example.com', 'login': {'uuid': '8799b45d-6d0d-425e-929e-7df6964086a0', 'username': 'whiteladybug838', 'password': 'megane', 'salt': '1b2hw6wj', 'md5': 'fa94153d206e74b00d66a0270f854d52', 'sha1': 'cc5c1b0fddee0fbffc7e4a8d63486fad3c8fd064', 'sha256': '85c151a5e94dec781c60779a8f3f38265b67f39a19d8ee1f5a840a38e051d093'}, 'dob': {'date': '1999-08-13T22:51:38.328Z', 'age': 24}, 'registered': {'date': '2010-08-09T17:29:53.066Z', 'age': 13}, 'phone': '42054601', 'cell': '98224001', 'id': {'name': 'CPR', 'value': '130899-1885'}, 'picture': {'large': 'https://randomuser.me/api/portraits/women/59.jpg', 'medium': 'https://randomuser.me/api/portraits/med/women/59.jpg', 'thumbnail': 'https://randomuser.me/api/portraits/thumb/women/59.jpg'}, 'nat': 'DK'}], 'info': {'seed': 'adb6981d2a20e9da', 'results': 1, 'page': 1, 'version': '1.4'}}</msg>
<arg>${json_data}</arg>
<doc>Logs the given message with the given level.</doc>
<status status="PASS" start="2024-07-15T23:15:59.062508" elapsed="0.000209"/>
</kw>
<kw name="Dictionary Should Contain Key" owner="Collections">
<arg>${json_data}</arg>
<arg>results</arg>
<doc>Fails if ``key`` is not found from ``dictionary``.</doc>
<status status="PASS" start="2024-07-15T23:15:59.063010" elapsed="0.000156"/>
</kw>
<kw name="Should Not Be Empty" owner="BuiltIn">
<msg time="2024-07-15T23:15:59.063480" level="INFO">Length is 2.</msg>
<arg>${json_data}</arg>
<doc>Verifies that the given item is not empty.</doc>
<status status="PASS" start="2024-07-15T23:15:59.063348" elapsed="0.000174"/>
</kw>
<kw name="Create List" owner="BuiltIn">
<msg time="2024-07-15T23:15:59.064127" level="INFO">${expected_keys} = ['gender', 'name', 'location', 'email', 'login']</msg>
<var>${expected_keys}</var>
<arg>gender</arg>
<arg>name</arg>
<arg>location</arg>
<arg>email</arg>
<arg>login</arg>
<doc>Returns a list containing given items.</doc>
<status status="PASS" start="2024-07-15T23:15:59.063823" elapsed="0.000329"/>
</kw>
<for flavor="IN">
<iter>
<kw name="Dictionary Should Contain Key" owner="Collections">
<arg>${json_data['results'][0]}</arg>
<arg>${key}</arg>
<doc>Fails if ``key`` is not found from ``dictionary``.</doc>
<status status="PASS" start="2024-07-15T23:15:59.064773" elapsed="0.000398"/>
</kw>
<kw name="Log" owner="BuiltIn">
<msg time="2024-07-15T23:15:59.065747" level="INFO">{'gender': 'female', 'name': {'title': 'Mrs', 'first': 'Lea', 'last': 'Madsen'}, 'location': {'street': {'number': 7129, 'name': 'Gurrevej'}, 'city': 'Klitmøller', 'state': 'Syddanmark', 'country': 'Denmark', 'postcode': 43968, 'coordinates': {'latitude': '-42.1277', 'longitude': '93.5751'}, 'timezone': {'offset': '+3:30', 'description': 'Tehran'}}, 'email': 'lea.madsen@example.com', 'login': {'uuid': '8799b45d-6d0d-425e-929e-7df6964086a0', 'username': 'whiteladybug838', 'password': 'megane', 'salt': '1b2hw6wj', 'md5': 'fa94153d206e74b00d66a0270f854d52', 'sha1': 'cc5c1b0fddee0fbffc7e4a8d63486fad3c8fd064', 'sha256': '85c151a5e94dec781c60779a8f3f38265b67f39a19d8ee1f5a840a38e051d093'}, 'dob': {'date': '1999-08-13T22:51:38.328Z', 'age': 24}, 'registered': {'date': '2010-08-09T17:29:53.066Z', 'age': 13}, 'phone': '42054601', 'cell': '98224001', 'id': {'name': 'CPR', 'value': '130899-1885'}, 'picture': {'large': 'https://randomuser.me/api/portraits/women/59.jpg', 'medium': 'https://randomuser.me/api/portraits/med/women/59.jpg', 'thumbnail': 'https://randomuser.me/api/portraits/thumb/women/59.jpg'}, 'nat': 'DK'}</msg>
<arg>${json_data['results'][0]}</arg>
<doc>Logs the given message with the given level.</doc>
<status status="PASS" start="2024-07-15T23:15:59.065366" elapsed="0.000461"/>
</kw>
<kw name="Log" owner="BuiltIn">
<msg time="2024-07-15T23:15:59.066279" level="INFO">gender</msg>
<arg>${key}</arg>
<doc>Logs the given message with the given level.</doc>
<status status="PASS" start="2024-07-15T23:15:59.066151" elapsed="0.000165"/>
</kw>
<var name="${key}">gender</var>
<status status="PASS" start="2024-07-15T23:15:59.064639" elapsed="0.001892"/>
</iter>
<iter>
<kw name="Dictionary Should Contain Key" owner="Collections">
<arg>${json_data['results'][0]}</arg>
<arg>${key}</arg>
<doc>Fails if ``key`` is not found from ``dictionary``.</doc>
<status status="PASS" start="2024-07-15T23:15:59.066835" elapsed="0.000387"/>
</kw>
<kw name="Log" owner="BuiltIn">
<msg time="2024-07-15T23:15:59.067749" level="INFO">{'gender': 'female', 'name': {'title': 'Mrs', 'first': 'Lea', 'last': 'Madsen'}, 'location': {'street': {'number': 7129, 'name': 'Gurrevej'}, 'city': 'Klitmøller', 'state': 'Syddanmark', 'country': 'Denmark', 'postcode': 43968, 'coordinates': {'latitude': '-42.1277', 'longitude': '93.5751'}, 'timezone': {'offset': '+3:30', 'description': 'Tehran'}}, 'email': 'lea.madsen@example.com', 'login': {'uuid': '8799b45d-6d0d-425e-929e-7df6964086a0', 'username': 'whiteladybug838', 'password': 'megane', 'salt': '1b2hw6wj', 'md5': 'fa94153d206e74b00d66a0270f854d52', 'sha1': 'cc5c1b0fddee0fbffc7e4a8d63486fad3c8fd064', 'sha256': '85c151a5e94dec781c60779a8f3f38265b67f39a19d8ee1f5a840a38e051d093'}, 'dob': {'date': '1999-08-13T22:51:38.328Z', 'age': 24}, 'registered': {'date': '2010-08-09T17:29:53.066Z', 'age': 13}, 'phone': '42054601', 'cell': '98224001', 'id': {'name': 'CPR', 'value': '130899-1885'}, 'picture': {'large': 'https://randomuser.me/api/portraits/women/59.jpg', 'medium': 'https://randomuser.me/api/portraits/med/women/59.jpg', 'thumbnail': 'https://randomuser.me/api/portraits/thumb/women/59.jpg'}, 'nat': 'DK'}</msg>
<arg>${json_data['results'][0]}</arg>
<doc>Logs the given message with the given level.</doc>
<status status="PASS" start="2024-07-15T23:15:59.067401" elapsed="0.000432"/>
</kw>
<kw name="Log" owner="BuiltIn">
<msg time="2024-07-15T23:15:59.068267" level="INFO">name</msg>
<arg>${key}</arg>
<doc>Logs the given message with the given level.</doc>
<status status="PASS" start="2024-07-15T23:15:59.068139" elapsed="0.000165"/>
</kw>
<var name="${key}">name</var>
<status status="PASS" start="2024-07-15T23:15:59.066717" elapsed="0.001800"/>
</iter>
<iter>
<kw name="Dictionary Should Contain Key" owner="Collections">
<arg>${json_data['results'][0]}</arg>
<arg>${key}</arg>
<doc>Fails if ``key`` is not found from ``dictionary``.</doc>
<status status="PASS" start="2024-07-15T23:15:59.068827" elapsed="0.000376"/>
</kw>
<kw name="Log" owner="BuiltIn">
<msg time="2024-07-15T23:15:59.069732" level="INFO">{'gender': 'female', 'name': {'title': 'Mrs', 'first': 'Lea', 'last': 'Madsen'}, 'location': {'street': {'number': 7129, 'name': 'Gurrevej'}, 'city': 'Klitmøller', 'state': 'Syddanmark', 'country': 'Denmark', 'postcode': 43968, 'coordinates': {'latitude': '-42.1277', 'longitude': '93.5751'}, 'timezone': {'offset': '+3:30', 'description': 'Tehran'}}, 'email': 'lea.madsen@example.com', 'login': {'uuid': '8799b45d-6d0d-425e-929e-7df6964086a0', 'username': 'whiteladybug838', 'password': 'megane', 'salt': '1b2hw6wj', 'md5': 'fa94153d206e74b00d66a0270f854d52', 'sha1': 'cc5c1b0fddee0fbffc7e4a8d63486fad3c8fd064', 'sha256': '85c151a5e94dec781c60779a8f3f38265b67f39a19d8ee1f5a840a38e051d093'}, 'dob': {'date': '1999-08-13T22:51:38.328Z', 'age': 24}, 'registered': {'date': '2010-08-09T17:29:53.066Z', 'age': 13}, 'phone': '42054601', 'cell': '98224001', 'id': {'name': 'CPR', 'value': '130899-1885'}, 'picture': {'large': 'https://randomuser.me/api/portraits/women/59.jpg', 'medium': 'https://randomuser.me/api/portraits/med/women/59.jpg', 'thumbnail': 'https://randomuser.me/api/portraits/thumb/women/59.jpg'}, 'nat': 'DK'}</msg>
<arg>${json_data['results'][0]}</arg>
<doc>Logs the given message with the given level.</doc>
<status status="PASS" start="2024-07-15T23:15:59.069381" elapsed="0.000402"/>
</kw>
<kw name="Log" owner="BuiltIn">
<msg time="2024-07-15T23:15:59.070200" level="INFO">location</msg>
<arg>${key}</arg>
<doc>Logs the given message with the given level.</doc>
<status status="PASS" start="2024-07-15T23:15:59.070076" elapsed="0.000161"/>
</kw>
<var name="${key}">location</var>
<status status="PASS" start="2024-07-15T23:15:59.068721" elapsed="0.001727"/>
</iter>
<iter>
<kw name="Dictionary Should Contain Key" owner="Collections">
<arg>${json_data['results'][0]}</arg>
<arg>${key}</arg>
<doc>Fails if ``key`` is not found from ``dictionary``.</doc>
<status status="PASS" start="2024-07-15T23:15:59.070723" elapsed="0.000385"/>
</kw>
<kw name="Log" owner="BuiltIn">
<msg time="2024-07-15T23:15:59.071644" level="INFO">{'gender': 'female', 'name': {'title': 'Mrs', 'first': 'Lea', 'last': 'Madsen'}, 'location': {'street': {'number': 7129, 'name': 'Gurrevej'}, 'city': 'Klitmøller', 'state': 'Syddanmark', 'country': 'Denmark', 'postcode': 43968, 'coordinates': {'latitude': '-42.1277', 'longitude': '93.5751'}, 'timezone': {'offset': '+3:30', 'description': 'Tehran'}}, 'email': 'lea.madsen@example.com', 'login': {'uuid': '8799b45d-6d0d-425e-929e-7df6964086a0', 'username': 'whiteladybug838', 'password': 'megane', 'salt': '1b2hw6wj', 'md5': 'fa94153d206e74b00d66a0270f854d52', 'sha1': 'cc5c1b0fddee0fbffc7e4a8d63486fad3c8fd064', 'sha256': '85c151a5e94dec781c60779a8f3f38265b67f39a19d8ee1f5a840a38e051d093'}, 'dob': {'date': '1999-08-13T22:51:38.328Z', 'age': 24}, 'registered': {'date': '2010-08-09T17:29:53.066Z', 'age': 13}, 'phone': '42054601', 'cell': '98224001', 'id': {'name': 'CPR', 'value': '130899-1885'}, 'picture': {'large': 'https://randomuser.me/api/portraits/women/59.jpg', 'medium': 'https://randomuser.me/api/portraits/med/women/59.jpg', 'thumbnail': 'https://randomuser.me/api/portraits/thumb/women/59.jpg'}, 'nat': 'DK'}</msg>
<arg>${json_data['results'][0]}</arg>
<doc>Logs the given message with the given level.</doc>
<status status="PASS" start="2024-07-15T23:15:59.071292" elapsed="0.000402"/>
</kw>
<kw name="Log" owner="BuiltIn">
<msg time="2024-07-15T23:15:59.072120" level="INFO">email</msg>
<arg>${key}</arg>
<doc>Logs the given message with the given level.</doc>
<status status="PASS" start="2024-07-15T23:15:59.071989" elapsed="0.000168"/>
</kw>
<var name="${key}">email</var>
<status status="PASS" start="2024-07-15T23:15:59.070618" elapsed="0.001751"/>
</iter>
<iter>
<kw name="Dictionary Should Contain Key" owner="Collections">
<arg>${json_data['results'][0]}</arg>
<arg>${key}</arg>
<doc>Fails if ``key`` is not found from ``dictionary``.</doc>
<status status="PASS" start="2024-07-15T23:15:59.072668" elapsed="0.000399"/>
</kw>
<kw name="Log" owner="BuiltIn">
<msg time="2024-07-15T23:15:59.073596" level="INFO">{'gender': 'female', 'name': {'title': 'Mrs', 'first': 'Lea', 'last': 'Madsen'}, 'location': {'street': {'number': 7129, 'name': 'Gurrevej'}, 'city': 'Klitmøller', 'state': 'Syddanmark', 'country': 'Denmark', 'postcode': 43968, 'coordinates': {'latitude': '-42.1277', 'longitude': '93.5751'}, 'timezone': {'offset': '+3:30', 'description': 'Tehran'}}, 'email': 'lea.madsen@example.com', 'login': {'uuid': '8799b45d-6d0d-425e-929e-7df6964086a0', 'username': 'whiteladybug838', 'password': 'megane', 'salt': '1b2hw6wj', 'md5': 'fa94153d206e74b00d66a0270f854d52', 'sha1': 'cc5c1b0fddee0fbffc7e4a8d63486fad3c8fd064', 'sha256': '85c151a5e94dec781c60779a8f3f38265b67f39a19d8ee1f5a840a38e051d093'}, 'dob': {'date': '1999-08-13T22:51:38.328Z', 'age': 24}, 'registered': {'date': '2010-08-09T17:29:53.066Z', 'age': 13}, 'phone': '42054601', 'cell': '98224001', 'id': {'name': 'CPR', 'value': '130899-1885'}, 'picture': {'large': 'https://randomuser.me/api/portraits/women/59.jpg', 'medium': 'https://randomuser.me/api/portraits/med/women/59.jpg', 'thumbnail': 'https://randomuser.me/api/portraits/thumb/women/59.jpg'}, 'nat': 'DK'}</msg>
<arg>${json_data['results'][0]}</arg>
<doc>Logs the given message with the given level.</doc>
<status status="PASS" start="2024-07-15T23:15:59.073248" elapsed="0.000397"/>
</kw>
<kw name="Log" owner="BuiltIn">
<msg time="2024-07-15T23:15:59.074060" level="INFO">login</msg>
<arg>${key}</arg>
<doc>Logs the given message with the given level.</doc>
<status status="PASS" start="2024-07-15T23:15:59.073934" elapsed="0.000163"/>
</kw>
<var name="${key}">login</var>
<status status="PASS" start="2024-07-15T23:15:59.072537" elapsed="0.001769"/>
</iter>
<var>${key}</var>
<value>@{expected_keys}</value>
<status status="PASS" start="2024-07-15T23:15:59.064419" elapsed="0.010006"/>
</for>
<kw name="Create List" owner="BuiltIn">
<msg time="2024-07-15T23:15:59.074780" level="INFO">${expected_keysTwo} = ['username', 'password']</msg>
<var>${expected_keysTwo}</var>
<arg>username</arg>
<arg>password</arg>
<doc>Returns a list containing given items.</doc>
<status status="PASS" start="2024-07-15T23:15:59.074619" elapsed="0.000184"/>
</kw>
<for flavor="IN">
<iter>
<kw name="Dictionary Should Contain Key" owner="Collections">
<arg>${json_data['results'][0]['login']}</arg>
<arg>${keyTwo}</arg>
<doc>Fails if ``key`` is not found from ``dictionary``.</doc>
<status status="PASS" start="2024-07-15T23:15:59.075332" elapsed="0.000387"/>
</kw>
<kw name="Dictionary Should Contain Key" owner="Collections">
<arg>${json_data['results'][0]['login']}</arg>
<arg>${keyTwo}</arg>
<doc>Fails if ``key`` is not found from ``dictionary``.</doc>
<status status="PASS" start="2024-07-15T23:15:59.075909" elapsed="0.000369"/>
</kw>
<kw name="Log" owner="BuiltIn">
<msg time="2024-07-15T23:15:59.076576" level="INFO">username</msg>
<arg>${keyTwo}</arg>
<doc>Logs the given message with the given level.</doc>
<status status="PASS" start="2024-07-15T23:15:59.076456" elapsed="0.000183"/>
</kw>
<var name="${keyTwo}">username</var>
<status status="PASS" start="2024-07-15T23:15:59.075224" elapsed="0.001645"/>
</iter>
<iter>
<kw name="Dictionary Should Contain Key" owner="Collections">
<arg>${json_data['results'][0]['login']}</arg>
<arg>${keyTwo}</arg>
<doc>Fails if ``key`` is not found from ``dictionary``.</doc>
<status status="PASS" start="2024-07-15T23:15:59.077142" elapsed="0.000386"/>
</kw>
<kw name="Dictionary Should Contain Key" owner="Collections">
<arg>${json_data['results'][0]['login']}</arg>
<arg>${keyTwo}</arg>
<doc>Fails if ``key`` is not found from ``dictionary``.</doc>
<status status="PASS" start="2024-07-15T23:15:59.077703" elapsed="0.000368"/>
</kw>
<kw name="Log" owner="BuiltIn">
<msg time="2024-07-15T23:15:59.078369" level="INFO">password</msg>
<arg>${keyTwo}</arg>
<doc>Logs the given message with the given level.</doc>
<status status="PASS" start="2024-07-15T23:15:59.078251" elapsed="0.000159"/>
</kw>
<var name="${keyTwo}">password</var>
<status status="PASS" start="2024-07-15T23:15:59.077037" elapsed="0.001682"/>
</iter>
<var>${keyTwo}</var>
<value>@{expected_keysTwo}</value>
<status status="PASS" start="2024-07-15T23:15:59.075066" elapsed="0.003773"/>
</for>
<status status="PASS" start="2024-07-15T23:15:58.743879" elapsed="0.335101"/>
</kw>
<doc>Testa a estrutura da resposta da API.</doc>
<tag>testeEstruturaResposta</tag>
<status status="PASS" start="2024-07-15T23:15:58.743122" elapsed="0.336013"/>
</test>
<test id="s1-s1-t4" name="Validar tipos de dados" line="28">
<kw name="Teste de Tipos de Dados" owner="random-user-service">
<kw name="GET On Session" owner="RequestsLibrary">
<msg time="2024-07-15T23:15:59.247488" level="INFO">GET Request : url=https://randomuser.me/api 
 path_url=/api 
 headers={'User-Agent': 'python-requests/2.32.3', 'Accept-Encoding': 'gzip, deflate', 'Accept': '*/*', 'Connection': 'keep-alive'} 
 body=None 
 </msg>
<msg time="2024-07-15T23:15:59.247582" level="INFO">GET Response : url=https://randomuser.me/api 
 status=200, reason=OK 
 headers={'Date': 'Mon, 15 Jul 2024 23:15:59 GMT', 'Content-Type': 'application/json; charset=utf-8', 'Transfer-Encoding': 'chunked', 'Connection': 'keep-alive', 'X-Powered-By': 'Express', 'Access-Control-Allow-Origin': '*', 'Cache-Control': 'no-cache', 'ETag': 'W/"4a9-pzJ1X1DSVlVRRNE5t80Z5FEMsm8"', 'Vary': 'Accept-Encoding', 'Content-Encoding': 'gzip', 'CF-Cache-Status': 'DYNAMIC', 'Report-To': '{"endpoints":[{"url":"https:\\/\\/a.nel.cloudflare.com\\/report\\/v4?s=GsUnTS3YMsjdojeCXA%2FtoWtMZFtv7atn0E3CVBKob5LiGLSVdxQHyu2pcQ9gLsLEzCYWH2zLg%2F9B5p2q85Cwk%2B34uJYCRXnAsq%2Fv1CVqNJkoZZXS0iIbjqvqDuD9hJN1"}],"group":"cf-nel","max_age":604800}', 'NEL': '{"success_fraction":0,"report_to":"cf-nel","max_age":604800}', 'Server': 'cloudflare', 'CF-RAY': '8a3d75264c7e222b-ORD', 'alt-svc': 'h3=":443"; ma=86400'} 
 body={"results":[{"gender":"female","name":{"title":"Madame","first":"Noëlle","last":"Lemaire"},"location":{"street":{"number":1381,"name":"Rue des Chartreux"},"city":"Ried-Brig","state":"Bern","country":"Switzerland","postcode":1603,"coordinates":{"latitude":"-57.5294","longitude":"121.2253"},"timezone":{"offset":"+10:00","description":"Eastern Australia, Guam, Vladivostok"}},"email":"noelle.lemaire@example.com","login":{"uuid":"c89f2bb3-4c82-42ba-b0de-61973b1c8dc5","username":"tinygoose185","password":"soccer1","salt":"WIljTNRa","md5":"34735f099aaeb42a1dc794f61a29f2c1","sha1":"3b94f1b250aac289b8e3667785a7ad2121d035db","sha256":"46cb52992ba031fe3f0720d8b8abbed0a990e0adf8982384d8a837f5393e503e"},"dob":{"date":"1979-11-08T02:49:42.543Z","age":44},"registered":{"date":"2011-08-14T09:38:03.627Z","age":12},"phone":"078 587 39 87","cell":"076 110 66 73","id":{"name":"AVS","value":"756.6138.9812.38"},"picture":{"large":"https://randomuser.me/api/portraits/women/22.jpg","medium":"https://randomuser.me/api/portraits/med/women/22.jpg","thumbnail":"https://randomuser.me/api/portraits/thumb/women/22.jpg"},"nat":"CH"}],"info":{"seed":"4460110eedba7461","results":1,"page":1,"version":"1.4"}} 
 </msg>
<msg time="2024-07-15T23:15:59.247653" level="INFO">/opt/hostedtoolcache/Python/3.12.4/x64/lib/python3.12/site-packages/urllib3/connectionpool.py:1099: InsecureRequestWarning: Unverified HTTPS request is being made to host 'randomuser.me'. Adding certificate verification is strongly advised. See: https://urllib3.readthedocs.io/en/latest/advanced-usage.html#tls-warnings
  warnings.warn(</msg>
<msg time="2024-07-15T23:15:59.247771" level="INFO">${response} = &lt;Response [200]&gt;</msg>
<var>${response}</var>
<arg>consultarAPI</arg>
<arg>/api</arg>
<doc>Sends a GET request on a previously created HTTP Session.</doc>
<status status="PASS" start="2024-07-15T23:15:59.081645" elapsed="0.166166"/>
</kw>
<kw name="Set Variable" owner="BuiltIn">
<msg time="2024-07-15T23:15:59.249028" level="INFO">${json_data} = {'results': [{'gender': 'female', 'name': {'title': 'Madame', 'first': 'Noëlle', 'last': 'Lemaire'}, 'location': {'street': {'number': 1381, 'name': 'Rue des Chartreux'}, 'city': 'Ried-Brig', 'state':...</msg>
<var>${json_data}</var>
<arg>${response.json()}</arg>
<doc>Returns the given values which can then be assigned to a variables.</doc>
<status status="PASS" start="2024-07-15T23:15:59.248400" elapsed="0.000657"/>
</kw>
<kw name="Log" owner="BuiltIn">
<msg time="2024-07-15T23:15:59.249521" level="INFO">{'results': [{'gender': 'female', 'name': {'title': 'Madame', 'first': 'Noëlle', 'last': 'Lemaire'}, 'location': {'street': {'number': 1381, 'name': 'Rue des Chartreux'}, 'city': 'Ried-Brig', 'state': 'Bern', 'country': 'Switzerland', 'postcode': 1603, 'coordinates': {'latitude': '-57.5294', 'longitude': '121.2253'}, 'timezone': {'offset': '+10:00', 'description': 'Eastern Australia, Guam, Vladivostok'}}, 'email': 'noelle.lemaire@example.com', 'login': {'uuid': 'c89f2bb3-4c82-42ba-b0de-61973b1c8dc5', 'username': 'tinygoose185', 'password': 'soccer1', 'salt': 'WIljTNRa', 'md5': '34735f099aaeb42a1dc794f61a29f2c1', 'sha1': '3b94f1b250aac289b8e3667785a7ad2121d035db', 'sha256': '46cb52992ba031fe3f0720d8b8abbed0a990e0adf8982384d8a837f5393e503e'}, 'dob': {'date': '1979-11-08T02:49:42.543Z', 'age': 44}, 'registered': {'date': '2011-08-14T09:38:03.627Z', 'age': 12}, 'phone': '078 587 39 87', 'cell': '076 110 66 73', 'id': {'name': 'AVS', 'value': '756.6138.9812.38'}, 'picture': {'large': 'https://randomuser.me/api/portraits/women/22.jpg', 'medium': 'https://randomuser.me/api/portraits/med/women/22.jpg', 'thumbnail': 'https://randomuser.me/api/portraits/thumb/women/22.jpg'}, 'nat': 'CH'}], 'info': {'seed': '4460110eedba7461', 'results': 1, 'page': 1, 'version': '1.4'}}</msg>
<arg>${json_data}</arg>
<doc>Logs the given message with the given level.</doc>
<status status="PASS" start="2024-07-15T23:15:59.249364" elapsed="0.000207"/>
</kw>
<kw name="Should Be String" owner="String">
<arg>${json_data['results'][0]['gender']}</arg>
<doc>Fails if the given ``item`` is not a string.</doc>
<status status="PASS" start="2024-07-15T23:15:59.249858" elapsed="0.000360"/>
</kw>
<kw name="Should Match Regexp" owner="BuiltIn">
<arg>${json_data['results'][0]['email']}</arg>
<arg>^[a-zA-Z0-9._%+-]+@[a-zA-Z0-9.-]+\.[a-zA-Z]{2,}$</arg>
<doc>Fails if ``string`` does not match ``pattern`` as a regular expression.</doc>
<status status="PASS" start="2024-07-15T23:15:59.250403" elapsed="0.000502"/>
</kw>
<kw name="Should Match Regexp" owner="BuiltIn">
<arg>${json_data['results'][0]['dob']['date']}</arg>
<arg>\\d{4}-\\d{2}-\\d{2}T\\d{2}:\\d{2}:\\d{2}\\.\\d{3}Z</arg>
<doc>Fails if ``string`` does not match ``pattern`` as a regular expression.</doc>
<status status="PASS" start="2024-07-15T23:15:59.251139" elapsed="0.000487"/>
</kw>
<kw name="Should Match Regexp" owner="BuiltIn">
<arg>${json_data['results'][0]['registered']['date']}</arg>
<arg>\\d{4}-\\d{2}-\\d{2}T\\d{2}:\\d{2}:\\d{2}\\.\\d{3}Z</arg>
<doc>Fails if ``string`` does not match ``pattern`` as a regular expression.</doc>
<status status="PASS" start="2024-07-15T23:15:59.251814" elapsed="0.000369"/>
</kw>
<kw name="Should Match Regexp" owner="BuiltIn">
<arg>${json_data['results'][0]['picture']['large']}</arg>
<arg>^https?://.*\.(?:png|jpe?g|gif|bmp)$</arg>
<doc>Fails if ``string`` does not match ``pattern`` as a regular expression.</doc>
<status status="PASS" start="2024-07-15T23:15:59.252366" elapsed="0.000495"/>
</kw>
<kw name="Should Match Regexp" owner="BuiltIn">
<arg>${json_data['results'][0]['picture']['medium']}</arg>
<arg>^https?://.*\.(?:png|jpe?g|gif|bmp)$</arg>
<doc>Fails if ``string`` does not match ``pattern`` as a regular expression.</doc>
<status status="PASS" start="2024-07-15T23:15:59.253048" elapsed="0.000352"/>
</kw>
<kw name="Should Match Regexp" owner="BuiltIn">
<arg>${json_data['results'][0]['picture']['thumbnail']}</arg>
<arg>^https?://.*\.(?:png|jpe?g|gif|bmp)$</arg>
<doc>Fails if ``string`` does not match ``pattern`` as a regular expression.</doc>
<status status="PASS" start="2024-07-15T23:15:59.253581" elapsed="0.000345"/>
</kw>
<kw name="Log" owner="BuiltIn">
<msg time="2024-07-15T23:15:59.254440" level="INFO">{'large': 'https://randomuser.me/api/portraits/women/22.jpg', 'medium': 'https://randomuser.me/api/portraits/med/women/22.jpg', 'thumbnail': 'https://randomuser.me/api/portraits/thumb/women/22.jpg'}</msg>
<arg>${json_data['results'][0]['picture']}</arg>
<doc>Logs the given message with the given level.</doc>
<status status="PASS" start="2024-07-15T23:15:59.254112" elapsed="0.000370"/>
</kw>
<status status="PASS" start="2024-07-15T23:15:59.081421" elapsed="0.173317"/>
</kw>
<kw name="Teste de Tipos de Dados - Postcode" owner="random-user-service">
<kw name="GET On Session" owner="RequestsLibrary">
<msg time="2024-07-15T23:15:59.346950" level="INFO">GET Request : url=https://randomuser.me/api 
 path_url=/api 
 headers={'User-Agent': 'python-requests/2.32.3', 'Accept-Encoding': 'gzip, deflate', 'Accept': '*/*', 'Connection': 'keep-alive'} 
 body=None 
 </msg>
<msg time="2024-07-15T23:15:59.347033" level="INFO">GET Response : url=https://randomuser.me/api 
 status=200, reason=OK 
 headers={'Date': 'Mon, 15 Jul 2024 23:15:59 GMT', 'Content-Type': 'application/json; charset=utf-8', 'Transfer-Encoding': 'chunked', 'Connection': 'keep-alive', 'X-Powered-By': 'Express', 'Access-Control-Allow-Origin': '*', 'Cache-Control': 'no-cache', 'ETag': 'W/"4ae-+ePPSmRVJ/pit1PKYDJjEzFs0DI"', 'Vary': 'Accept-Encoding', 'Content-Encoding': 'gzip', 'CF-Cache-Status': 'DYNAMIC', 'Report-To': '{"endpoints":[{"url":"https:\\/\\/a.nel.cloudflare.com\\/report\\/v4?s=olSEM%2BjY2NtJQV3IbKxpPQl9gHmtfreG2SVQdhAS9nHbcoW5QyhkHb2obwQvopDfUrGzKXj2NhY1crTwFw75hNybByVlhNvl4PSKnOJ7GgCmWV1flEYtAug%2FJd0ixzEW"}],"group":"cf-nel","max_age":604800}', 'NEL': '{"success_fraction":0,"report_to":"cf-nel","max_age":604800}', 'Server': 'cloudflare', 'CF-RAY': '8a3d75275e13222b-ORD', 'alt-svc': 'h3=":443"; ma=86400'} 
 body={"results":[{"gender":"female","name":{"title":"Miss","first":"Maureen","last":"Barnes"},"location":{"street":{"number":2645,"name":"Northaven Rd"},"city":"Port Macquarie","state":"Australian Capital Territory","country":"Australia","postcode":6481,"coordinates":{"latitude":"-89.2752","longitude":"74.4447"},"timezone":{"offset":"+1:00","description":"Brussels, Copenhagen, Madrid, Paris"}},"email":"maureen.barnes@example.com","login":{"uuid":"a04748b1-b633-440e-bf93-5092f08a3a64","username":"browngoose145","password":"mega","salt":"zoosb3E7","md5":"d30a6ce80c36da405376e592172fd399","sha1":"0676fc528ad982a5f46daeb76e4ddccfb64941ce","sha256":"2405e8d6ab9cf7f11b993ad46cadea1fd27f71a1690ae35b1c3cdde5391e2e23"},"dob":{"date":"1977-12-16T05:30:13.505Z","age":46},"registered":{"date":"2005-11-23T00:32:19.278Z","age":18},"phone":"00-5626-4220","cell":"0494-234-729","id":{"name":"TFN","value":"875919816"},"picture":{"large":"https://randomuser.me/api/portraits/women/92.jpg","medium":"https://randomuser.me/api/portraits/med/women/92.jpg","thumbnail":"https://randomuser.me/api/portraits/thumb/women/92.jpg"},"nat":"AU"}],"info":{"seed":"83aa3c25d7adcd2f","results":1,"page":1,"version":"1.4"}} 
 </msg>
<msg time="2024-07-15T23:15:59.347106" level="INFO">/opt/hostedtoolcache/Python/3.12.4/x64/lib/python3.12/site-packages/urllib3/connectionpool.py:1099: InsecureRequestWarning: Unverified HTTPS request is being made to host 'randomuser.me'. Adding certificate verification is strongly advised. See: https://urllib3.readthedocs.io/en/latest/advanced-usage.html#tls-warnings
  warnings.warn(</msg>
<msg time="2024-07-15T23:15:59.347221" level="INFO">${response} = &lt;Response [200]&gt;</msg>
<var>${response}</var>
<arg>consultarAPI</arg>
<arg>/api</arg>
<doc>Sends a GET request on a previously created HTTP Session.</doc>
<status status="PASS" start="2024-07-15T23:15:59.255185" elapsed="0.092092"/>
</kw>
<kw name="Set Variable" owner="BuiltIn">
<msg time="2024-07-15T23:15:59.348321" level="INFO">${json_data} = {'results': [{'gender': 'female', 'name': {'title': 'Miss', 'first': 'Maureen', 'last': 'Barnes'}, 'location': {'street': {'number': 2645, 'name': 'Northaven Rd'}, 'city': 'Port Macquarie', 'state': '...</msg>
<var>${json_data}</var>
<arg>${response.json()}</arg>
<doc>Returns the given values which can then be assigned to a variables.</doc>
<status status="PASS" start="2024-07-15T23:15:59.347762" elapsed="0.000587"/>
</kw>
<kw name="Log" owner="BuiltIn">
<msg time="2024-07-15T23:15:59.348852" level="INFO">{'results': [{'gender': 'female', 'name': {'title': 'Miss', 'first': 'Maureen', 'last': 'Barnes'}, 'location': {'street': {'number': 2645, 'name': 'Northaven Rd'}, 'city': 'Port Macquarie', 'state': 'Australian Capital Territory', 'country': 'Australia', 'postcode': 6481, 'coordinates': {'latitude': '-89.2752', 'longitude': '74.4447'}, 'timezone': {'offset': '+1:00', 'description': 'Brussels, Copenhagen, Madrid, Paris'}}, 'email': 'maureen.barnes@example.com', 'login': {'uuid': 'a04748b1-b633-440e-bf93-5092f08a3a64', 'username': 'browngoose145', 'password': 'mega', 'salt': 'zoosb3E7', 'md5': 'd30a6ce80c36da405376e592172fd399', 'sha1': '0676fc528ad982a5f46daeb76e4ddccfb64941ce', 'sha256': '2405e8d6ab9cf7f11b993ad46cadea1fd27f71a1690ae35b1c3cdde5391e2e23'}, 'dob': {'date': '1977-12-16T05:30:13.505Z', 'age': 46}, 'registered': {'date': '2005-11-23T00:32:19.278Z', 'age': 18}, 'phone': '00-5626-4220', 'cell': '0494-234-729', 'id': {'name': 'TFN', 'value': '875919816'}, 'picture': {'large': 'https://randomuser.me/api/portraits/women/92.jpg', 'medium': 'https://randomuser.me/api/portraits/med/women/92.jpg', 'thumbnail': 'https://randomuser.me/api/portraits/thumb/women/92.jpg'}, 'nat': 'AU'}], 'info': {'seed': '83aa3c25d7adcd2f', 'results': 1, 'page': 1, 'version': '1.4'}}</msg>
<arg>${json_data}</arg>
<doc>Logs the given message with the given level.</doc>
<status status="PASS" start="2024-07-15T23:15:59.348687" elapsed="0.000215"/>
</kw>
<kw name="Should Be Equal As Numbers" owner="BuiltIn">
<arg>${json_data['results'][0]['location']['postcode']}</arg>
<arg>${json_data['results'][0]['location']['postcode']}</arg>
<doc>Fails if objects are unequal after converting them to real numbers.</doc>
<status status="PASS" start="2024-07-15T23:15:59.349188" elapsed="0.000613"/>
</kw>
<kw name="Log" owner="BuiltIn">
<msg time="2024-07-15T23:15:59.350443" level="INFO">6481</msg>
<arg>${json_data['results'][0]['location']['postcode']}</arg>
<doc>Logs the given message with the given level.</doc>
<status status="PASS" start="2024-07-15T23:15:59.349985" elapsed="0.000498"/>
</kw>
<status status="PASS" start="2024-07-15T23:15:59.254962" elapsed="0.095797"/>
</kw>
<doc>Testa se os tipos de dados na resposta da API estão corretos.</doc>
<tag>testeTiposDados</tag>
<status status="PASS" start="2024-07-15T23:15:59.080949" elapsed="0.269974"/>
</test>
<test id="s1-s1-t5" name="Validar conteudo" line="35">
<kw name="Teste de Tipos de Conteudo" owner="random-user-service">
<kw name="GET On Session" owner="RequestsLibrary">
<msg time="2024-07-15T23:15:59.400941" level="INFO">GET Request : url=https://randomuser.me/api 
 path_url=/api 
 headers={'User-Agent': 'python-requests/2.32.3', 'Accept-Encoding': 'gzip, deflate', 'Accept': '*/*', 'Connection': 'keep-alive'} 
 body=None 
 </msg>
<msg time="2024-07-15T23:15:59.401024" level="INFO">GET Response : url=https://randomuser.me/api 
 status=200, reason=OK 
 headers={'Date': 'Mon, 15 Jul 2024 23:15:59 GMT', 'Content-Type': 'application/json; charset=utf-8', 'Transfer-Encoding': 'chunked', 'Connection': 'keep-alive', 'X-Powered-By': 'Express', 'Access-Control-Allow-Origin': '*', 'Cache-Control': 'no-cache', 'ETag': 'W/"48e-bS19ZTSXfun6cp0Obil9007vV5c"', 'Vary': 'Accept-Encoding', 'Content-Encoding': 'gzip', 'CF-Cache-Status': 'DYNAMIC', 'Report-To': '{"endpoints":[{"url":"https:\\/\\/a.nel.cloudflare.com\\/report\\/v4?s=BGSgLtwswj1051CN01GX1diqteBLmm17kDKu93adSMXI%2B%2FmYaEmg0Zy5ZPLsqgMpGnaKlC%2FqPJrnldmmW8TWA5c1wWOd%2BkxW8dls%2FwERVHMojzKy3COtg9YwasAjZmu%2B"}],"group":"cf-nel","max_age":604800}', 'NEL': '{"success_fraction":0,"report_to":"cf-nel","max_age":604800}', 'Server': 'cloudflare', 'CF-RAY': '8a3d7527fef5222b-ORD', 'alt-svc': 'h3=":443"; ma=86400'} 
 body={"results":[{"gender":"female","name":{"title":"Mrs","first":"Adelayida","last":"Petrivskiy"},"location":{"street":{"number":5681,"name":"Mikulinecka"},"city":"Rzhishchiv","state":"Volinska","country":"Ukraine","postcode":62119,"coordinates":{"latitude":"79.6478","longitude":"2.3378"},"timezone":{"offset":"+6:00","description":"Almaty, Dhaka, Colombo"}},"email":"adelayida.petrivskiy@example.com","login":{"uuid":"0a7c99b1-927a-425a-84b6-c647b3217aa0","username":"greenpeacock480","password":"raven1","salt":"jCQkxNXp","md5":"c8eb76c5851f99d3604450ca46269519","sha1":"96c192d4901d19754f1dbcb1eabddd3b24156556","sha256":"e6335d0a1ffb0b6148ba021906940344e2c48782141cda54dbb6e81f8217edf5"},"dob":{"date":"1959-06-28T23:45:10.552Z","age":65},"registered":{"date":"2011-07-27T17:16:11.735Z","age":12},"phone":"(067) E04-6605","cell":"(096) F10-7071","id":{"name":"","value":null},"picture":{"large":"https://randomuser.me/api/portraits/women/68.jpg","medium":"https://randomuser.me/api/portraits/med/women/68.jpg","thumbnail":"https://randomuser.me/api/portraits/thumb/women/68.jpg"},"nat":"UA"}],"info":{"seed":"91069d422cc3fc69","results":1,"page":1,"version":"1.4"}} 
 </msg>
<msg time="2024-07-15T23:15:59.401098" level="INFO">/opt/hostedtoolcache/Python/3.12.4/x64/lib/python3.12/site-packages/urllib3/connectionpool.py:1099: InsecureRequestWarning: Unverified HTTPS request is being made to host 'randomuser.me'. Adding certificate verification is strongly advised. See: https://urllib3.readthedocs.io/en/latest/advanced-usage.html#tls-warnings
  warnings.warn(</msg>
<msg time="2024-07-15T23:15:59.401215" level="INFO">${response} = &lt;Response [200]&gt;</msg>
<var>${response}</var>
<arg>consultarAPI</arg>
<arg>/api</arg>
<doc>Sends a GET request on a previously created HTTP Session.</doc>
<status status="PASS" start="2024-07-15T23:15:59.353424" elapsed="0.047846"/>
</kw>
<kw name="Set Variable" owner="BuiltIn">
<msg time="2024-07-15T23:15:59.402337" level="INFO">${json_data} = {'results': [{'gender': 'female', 'name': {'title': 'Mrs', 'first': 'Adelayida', 'last': 'Petrivskiy'}, 'location': {'street': {'number': 5681, 'name': 'Mikulinecka'}, 'city': 'Rzhishchiv', 'state': '...</msg>
<var>${json_data}</var>
<arg>${response.json()}</arg>
<doc>Returns the given values which can then be assigned to a variables.</doc>
<status status="PASS" start="2024-07-15T23:15:59.401776" elapsed="0.000590"/>
</kw>
<kw name="Set Variable" owner="BuiltIn">
<msg time="2024-07-15T23:15:59.403060" level="INFO">${name_title} = Mrs</msg>
<var>${name_title}</var>
<arg>${json_data["results"][0]["name"]["title"]}</arg>
<doc>Returns the given values which can then be assigned to a variables.</doc>
<status status="PASS" start="2024-07-15T23:15:59.402669" elapsed="0.000417"/>
</kw>
<kw name="Create List" owner="BuiltIn">
<msg time="2024-07-15T23:15:59.403519" level="INFO">${allowed_titles} = ['Mr', 'Ms', 'Miss', 'Mrs', 'Madame', 'Monsieur']</msg>
<var>${allowed_titles}</var>
<arg>Mr</arg>
<arg>Ms</arg>
<arg>Miss</arg>
<arg>Mrs</arg>
<arg>Madame</arg>
<arg>Monsieur</arg>
<doc>Returns a list containing given items.</doc>
<status status="PASS" start="2024-07-15T23:15:59.403373" elapsed="0.000170"/>
</kw>
<kw name="List Should Contain Value" owner="Collections">
<arg>${allowed_titles}</arg>
<arg>${name_title}</arg>
<doc>Fails if the ``value`` is not found from ``list``.</doc>
<status status="PASS" start="2024-07-15T23:15:59.403831" elapsed="0.000176"/>
</kw>
<kw name="Set Variable" owner="BuiltIn">
<msg time="2024-07-15T23:15:59.404545" level="INFO">${name_country} = UA</msg>
<var>${name_country}</var>
<arg>${json_data["results"][0]["nat"]}</arg>
<doc>Returns the given values which can then be assigned to a variables.</doc>
<status status="PASS" start="2024-07-15T23:15:59.404183" elapsed="0.000387"/>
</kw>
<kw name="Create List" owner="BuiltIn">
<msg time="2024-07-15T23:15:59.405498" level="INFO">${list_country} = ['AD', 'AE', 'AF', 'AG', 'AI', 'AL', 'AM', 'AO', 'AQ', 'AR', 'AS', 'AT', 'AU', 'AW', 'AX', 'AZ', 'BA', 'BB', 'BD', 'BE', 'BF', 'BG', 'BH', 'BI', 'BJ', 'BL', 'BM', 'BN', 'BO', 'BQ', 'BR', 'BS', 'BT', '...</msg>
<var>${list_country}</var>
<arg>AD</arg>
<arg>AE</arg>
<arg>AF</arg>
<arg>AG</arg>
<arg>AI</arg>
<arg>AL</arg>
<arg>AM</arg>
<arg>AO</arg>
<arg>AQ</arg>
<arg>AR</arg>
<arg>AS</arg>
<arg>AT</arg>
<arg>AU</arg>
<arg>AW</arg>
<arg>AX</arg>
<arg>AZ</arg>
<arg>BA</arg>
<arg>BB</arg>
<arg>BD</arg>
<arg>BE</arg>
<arg>BF</arg>
<arg>BG</arg>
<arg>BH</arg>
<arg>BI</arg>
<arg>BJ</arg>
<arg>BL</arg>
<arg>BM</arg>
<arg>BN</arg>
<arg>BO</arg>
<arg>BQ</arg>
<arg>BR</arg>
<arg>BS</arg>
<arg>BT</arg>
<arg>BV</arg>
<arg>BW</arg>
<arg>BY</arg>
<arg>BZ</arg>
<arg>CA</arg>
<arg>CC</arg>
<arg>CD</arg>
<arg>CF</arg>
<arg>CG</arg>
<arg>CH</arg>
<arg>CI</arg>
<arg>CK</arg>
<arg>CL</arg>
<arg>CM</arg>
<arg>CN</arg>
<arg>CO</arg>
<arg>CR</arg>
<arg>CU</arg>
<arg>CV</arg>
<arg>CW</arg>
<arg>CX</arg>
<arg>CY</arg>
<arg>CZ</arg>
<arg>DE</arg>
<arg>DJ</arg>
<arg>DK</arg>
<arg>DM</arg>
<arg>DO</arg>
<arg>DZ</arg>
<arg>EC</arg>
<arg>EE</arg>
<arg>EG</arg>
<arg>EH</arg>
<arg>ER</arg>
<arg>ES</arg>
<arg>ET</arg>
<arg>FI</arg>
<arg>FJ</arg>
<arg>FK</arg>
<arg>FM</arg>
<arg>FO</arg>
<arg>FR</arg>
<arg>GA</arg>
<arg>GB</arg>
<arg>GD</arg>
<arg>GE</arg>
<arg>GF</arg>
<arg>GG</arg>
<arg>GH</arg>
<arg>GI</arg>
<arg>GL</arg>
<arg>GM</arg>
<arg>GN</arg>
<arg>GP</arg>
<arg>GQ</arg>
<arg>GR</arg>
<arg>GS</arg>
<arg>GT</arg>
<arg>GU</arg>
<arg>GW</arg>
<arg>GY</arg>
<arg>HK</arg>
<arg>HM</arg>
<arg>HN</arg>
<arg>HR</arg>
<arg>HT</arg>
<arg>HU</arg>
<arg>ID</arg>
<arg>IE</arg>
<arg>IL</arg>
<arg>IM</arg>
<arg>IN</arg>
<arg>IO</arg>
<arg>IQ</arg>
<arg>IR</arg>
<arg>IS</arg>
<arg>IT</arg>
<arg>JE</arg>
<arg>JM</arg>
<arg>JO</arg>
<arg>JP</arg>
<arg>KE</arg>
<arg>KG</arg>
<arg>KH</arg>
<arg>KI</arg>
<arg>KM</arg>
<arg>KN</arg>
<arg>KP</arg>
<arg>KR</arg>
<arg>KW</arg>
<arg>KY</arg>
<arg>KZ</arg>
<arg>LA</arg>
<arg>LB</arg>
<arg>LC</arg>
<arg>LI</arg>
<arg>LK</arg>
<arg>LR</arg>
<arg>LS</arg>
<arg>LT</arg>
<arg>LU</arg>
<arg>LV</arg>
<arg>LY</arg>
<arg>MA</arg>
<arg>MC</arg>
<arg>MD</arg>
<arg>ME</arg>
<arg>MF</arg>
<arg>MG</arg>
<arg>MH</arg>
<arg>MK</arg>
<arg>ML</arg>
<arg>MM</arg>
<arg>MN</arg>
<arg>MO</arg>
<arg>MP</arg>
<arg>MQ</arg>
<arg>MR</arg>
<arg>MS</arg>
<arg>MT</arg>
<arg>MU</arg>
<arg>MV</arg>
<arg>MW</arg>
<arg>MX</arg>
<arg>MY</arg>
<arg>MZ</arg>
<arg>NA</arg>
<arg>NC</arg>
<arg>NE</arg>
<arg>NF</arg>
<arg>NG</arg>
<arg>NI</arg>
<arg>NL</arg>
<arg>NO</arg>
<arg>NP</arg>
<arg>NR</arg>
<arg>NU</arg>
<arg>NZ</arg>
<arg>OM</arg>
<arg>PA</arg>
<arg>PE</arg>
<arg>PF</arg>
<arg>PG</arg>
<arg>PH</arg>
<arg>PK</arg>
<arg>PL</arg>
<arg>PM</arg>
<arg>PN</arg>
<arg>PR</arg>
<arg>PS</arg>
<arg>PT</arg>
<arg>PW</arg>
<arg>PY</arg>
<arg>QA</arg>
<arg>RE</arg>
<arg>RO</arg>
<arg>RS</arg>
<arg>RU</arg>
<arg>RW</arg>
<arg>SA</arg>
<arg>SB</arg>
<arg>SC</arg>
<arg>SD</arg>
<arg>SE</arg>
<arg>SG</arg>
<arg>SH</arg>
<arg>SI</arg>
<arg>SJ</arg>
<arg>SK</arg>
<arg>SL</arg>
<arg>SM</arg>
<arg>SN</arg>
<arg>SO</arg>
<arg>SR</arg>
<arg>SS</arg>
<arg>ST</arg>
<arg>SV</arg>
<arg>SX</arg>
<arg>SY</arg>
<arg>SZ</arg>
<arg>TC</arg>
<arg>TD</arg>
<arg>TF</arg>
<arg>TG</arg>
<arg>TH</arg>
<arg>TJ</arg>
<arg>TK</arg>
<arg>TL</arg>
<arg>TM</arg>
<arg>TN</arg>
<arg>TO</arg>
<arg>TR</arg>
<arg>TT</arg>
<arg>TV</arg>
<arg>TW</arg>
<arg>TZ</arg>
<arg>UA</arg>
<arg>UG</arg>
<arg>UM</arg>
<arg>US</arg>
<arg>UY</arg>
<arg>UZ</arg>
<arg>VA</arg>
<arg>VC</arg>
<arg>VE</arg>
<arg>VG</arg>
<arg>VI</arg>
<arg>VN</arg>
<arg>VU</arg>
<arg>WF</arg>
<arg>WS</arg>
<arg>XK</arg>
<arg>YE</arg>
<arg>YT</arg>
<arg>ZA</arg>
<arg>ZM</arg>
<arg>ZW</arg>
<doc>Returns a list containing given items.</doc>
<status status="PASS" start="2024-07-15T23:15:59.404908" elapsed="0.000616"/>
</kw>
<kw name="List Should Contain Value" owner="Collections">
<arg>${list_country}</arg>
<arg>${name_country}</arg>
<doc>Fails if the ``value`` is not found from ``list``.</doc>
<status status="PASS" start="2024-07-15T23:15:59.406308" elapsed="0.000201"/>
</kw>
<kw name="Run Keyword If" owner="BuiltIn">
<kw name="Should Be True" owner="BuiltIn">
<arg>${True}</arg>
<doc>Fails if the given condition is not true.</doc>
<status status="PASS" start="2024-07-15T23:15:59.407441" elapsed="0.000141"/>
</kw>
<arg>${json_data["results"][0]["location"]["coordinates"]["latitude"]} &gt;= -90 and ${json_data["results"][0]["location"]["coordinates"]["latitude"]} &lt;= 90</arg>
<arg>Should Be True</arg>
<arg>${True}</arg>
<doc>Runs the given keyword with the given arguments, if ``condition`` is true.</doc>
<status status="PASS" start="2024-07-15T23:15:59.406700" elapsed="0.001005"/>
</kw>
<kw name="Run Keyword If" owner="BuiltIn">
<kw name="Should Be True" owner="BuiltIn">
<arg>${True}</arg>
<doc>Fails if the given condition is not true.</doc>
<status status="PASS" start="2024-07-15T23:15:59.408569" elapsed="0.000255"/>
</kw>
<arg>${json_data["results"][0]["location"]["coordinates"]["longitude"]} &gt;= -180 and ${json_data["results"][0]["location"]["coordinates"]["longitude"]} &lt;= 180</arg>
<arg>Should Be True</arg>
<arg>${True}</arg>
<doc>Runs the given keyword with the given arguments, if ``condition`` is true.</doc>
<status status="PASS" start="2024-07-15T23:15:59.407882" elapsed="0.001072"/>
</kw>
<status status="PASS" start="2024-07-15T23:15:59.353208" elapsed="0.055876"/>
</kw>
<doc>Testa o conteúdo específico dos campos retornados pela API.</doc>
<tag>testeConteudo</tag>
<status status="PASS" start="2024-07-15T23:15:59.352683" elapsed="0.056540"/>
</test>
<status status="PASS" start="2024-07-15T23:15:57.823471" elapsed="1.587690"/>
</suite>
<status status="PASS" start="2024-07-15T23:15:57.808875" elapsed="1.607277"/>
</suite>
<statistics>
<total>
<stat pass="5" fail="0" skip="0">All Tests</stat>
</total>
<tag>
<stat pass="1" fail="0" skip="0">testeConteudo</stat>
<stat pass="1" fail="0" skip="0">testeEstruturaResposta</stat>
<stat pass="1" fail="0" skip="0">testeRequisicaoBasica</stat>
<stat pass="1" fail="0" skip="0">testeTiposDados</stat>
</tag>
<suite>
<stat pass="5" fail="0" skip="0" id="s1" name="Tests">Tests</stat>
<stat pass="5" fail="0" skip="0" id="s1-s1" name="Random-User-Test">Tests.Random-User-Test</stat>
</suite>
</statistics>
<errors>
</errors>
</robot>
