<?xml version="1.0" encoding="UTF-8"?>
<robot generator="Robot 7.0 (Python 3.12.3 on linux)" generated="2024-05-16T07:11:35.128935" rpa="false" schemaversion="5">
<suite id="s1" name="Tests" source="/home/runner/work/DesafioQAItauRogerioJordao/DesafioQAItauRogerioJordao/RamdonUser/tests">
<suite id="s1-s1" name="Random-User-Test" source="/home/runner/work/DesafioQAItauRogerioJordao/DesafioQAItauRogerioJordao/RamdonUser/tests/random-user-test.robot">
<test id="s1-s1-t1" name="Conectar" line="13">
<kw name="Conectar API" owner="random-user-service">
<kw name="Create Session" owner="RequestsLibrary">
<msg time="2024-05-16T07:11:35.486061" level="INFO">Creating Session using : alias=consultarAPI, url=https://randomuser.me/, headers={},                     cookies={}, auth=None, timeout=None, proxies=None, verify=False,                     debug=0 </msg>
<arg>consultarAPI</arg>
<arg>${URL}</arg>
<doc>Create Session: create a HTTP session to a server</doc>
<status status="PASS" start="2024-05-16T07:11:35.485861" elapsed="0.000398"/>
</kw>
<status status="PASS" start="2024-05-16T07:11:35.484889" elapsed="0.001743"/>
</kw>
<status status="PASS" start="2024-05-16T07:11:35.484335" elapsed="0.002496"/>
</test>
<test id="s1-s1-t2" name="Validar retorno 200 e JSON Válido" line="16">
<kw name="Teste de Requisicao Basica" owner="random-user-service">
<kw name="GET On Session" owner="RequestsLibrary">
<msg time="2024-05-16T07:11:35.676758" level="INFO">GET Request : url=https://randomuser.me/api 
 path_url=/api 
 headers={'User-Agent': 'python-requests/2.31.0', 'Accept-Encoding': 'gzip, deflate', 'Accept': '*/*', 'Connection': 'keep-alive'} 
 body=None 
 </msg>
<msg time="2024-05-16T07:11:35.676906" level="INFO">GET Response : url=https://randomuser.me/api 
 status=200, reason=OK 
 headers={'Date': 'Thu, 16 May 2024 07:11:35 GMT', 'Content-Type': 'application/json; charset=utf-8', 'Transfer-Encoding': 'chunked', 'Connection': 'keep-alive', 'X-Powered-By': 'Express', 'Access-Control-Allow-Origin': '*', 'Cache-Control': 'no-cache', 'ETag': 'W/"48d-OqnG0aRDoMb9Ig4ioN9pKlFOOj8"', 'Vary': 'Accept-Encoding', 'Content-Encoding': 'gzip', 'CF-Cache-Status': 'DYNAMIC', 'Report-To': '{"endpoints":[{"url":"https:\\/\\/a.nel.cloudflare.com\\/report\\/v4?s=BPrPORNax2RXJCIbztCAhzpFtqrY832o1Mn6HN6j4MDoB5Jf70rw8NIzI%2BlR54TvYoX3RyIvcsIc1ohRGXm1nvwhuR1hgokKLjazbjfFp14FxNgcvsBYriO%2FviXV%2Fk6y"}],"group":"cf-nel","max_age":604800}', 'NEL': '{"success_fraction":0,"report_to":"cf-nel","max_age":604800}', 'Server': 'cloudflare', 'CF-RAY': '88498df7af818f16-IAD', 'alt-svc': 'h3=":443"; ma=86400'} 
 body={"results":[{"gender":"male","name":{"title":"Mr","first":"Marc","last":"Cabrera"},"location":{"street":{"number":7455,"name":"Calle de Bravo Murillo"},"city":"Valladolid","state":"Comunidad de Madrid","country":"Spain","postcode":83181,"coordinates":{"latitude":"-35.4483","longitude":"-82.2176"},"timezone":{"offset":"-11:00","description":"Midway Island, Samoa"}},"email":"marc.cabrera@example.com","login":{"uuid":"b10b7f8d-bf89-4072-a5e3-dd833cc8f35e","username":"tinyduck874","password":"fidelio","salt":"S8FJcEiN","md5":"4d037dc900cda29349f01092fb20e599","sha1":"afda02c19ab602ac69faa19cb355aaa310cb9b20","sha256":"ab1322081df240e75fe7d080e7b09a1693f5555da8e4e90df4181dff5b7e48fe"},"dob":{"date":"1994-02-14T18:42:24.443Z","age":30},"registered":{"date":"2012-05-20T15:17:51.505Z","age":11},"phone":"927-759-139","cell":"661-034-092","id":{"name":"DNI","value":"94283403-O"},"picture":{"large":"https://randomuser.me/api/portraits/men/19.jpg","medium":"https://randomuser.me/api/portraits/med/men/19.jpg","thumbnail":"https://randomuser.me/api/portraits/thumb/men/19.jpg"},"nat":"ES"}],"info":{"seed":"ff5d55bbc81aef99","results":1,"page":1,"version":"1.4"}} 
 </msg>
<msg time="2024-05-16T07:11:35.676989" level="INFO">/opt/hostedtoolcache/Python/3.12.3/x64/lib/python3.12/site-packages/urllib3/connectionpool.py:1103: InsecureRequestWarning: Unverified HTTPS request is being made to host 'randomuser.me'. Adding certificate verification is strongly advised. See: https://urllib3.readthedocs.io/en/latest/advanced-usage.html#tls-warnings
  warnings.warn(</msg>
<msg time="2024-05-16T07:11:35.677281" level="INFO">${response} = &lt;Response [200]&gt;</msg>
<var>${response}</var>
<arg>consultarAPI</arg>
<arg>/api</arg>
<doc>Sends a GET request on a previously created HTTP Session.</doc>
<status status="PASS" start="2024-05-16T07:11:35.489399" elapsed="0.187935"/>
</kw>
<kw name="Should Be Equal As Numbers" owner="BuiltIn">
<msg time="2024-05-16T07:11:35.678446" level="INFO">Argument types are:
&lt;class 'int'&gt;
&lt;class 'str'&gt;</msg>
<arg>${response.status_code}</arg>
<arg>200</arg>
<doc>Fails if objects are unequal after converting them to real numbers.</doc>
<status status="PASS" start="2024-05-16T07:11:35.677942" elapsed="0.000575"/>
</kw>
<kw name="Log" owner="BuiltIn">
<msg time="2024-05-16T07:11:35.679265" level="INFO">200</msg>
<arg>${response.status_code}</arg>
<doc>Logs the given message with the given level.</doc>
<status status="PASS" start="2024-05-16T07:11:35.678899" elapsed="0.000411"/>
</kw>
<kw name="Set Variable" owner="BuiltIn">
<msg time="2024-05-16T07:11:35.680069" level="INFO">${json_data} = {'results': [{'gender': 'male', 'name': {'title': 'Mr', 'first': 'Marc', 'last': 'Cabrera'}, 'location': {'street': {'number': 7455, 'name': 'Calle de Bravo Murillo'}, 'city': 'Valladolid', 'state': '...</msg>
<var>${json_data}</var>
<arg>${response.json()}</arg>
<doc>Returns the given values which can then be assigned to a variables.</doc>
<status status="PASS" start="2024-05-16T07:11:35.679629" elapsed="0.000468"/>
</kw>
<kw name="Dictionary Should Contain Key" owner="Collections">
<msg time="2024-05-16T07:11:35.680583" level="INFO">False</msg>
<arg>${json_data}</arg>
<arg>results</arg>
<doc>Fails if ``key`` is not found from ``dictionary``.</doc>
<status status="PASS" start="2024-05-16T07:11:35.680408" elapsed="0.000216"/>
</kw>
<status status="PASS" start="2024-05-16T07:11:35.489159" elapsed="0.191729"/>
</kw>
<doc>Testa se a API responde corretamente e retorna um objeto JSON válido.</doc>
<tag>testeRequisicaoBasica</tag>
<status status="PASS" start="2024-05-16T07:11:35.488681" elapsed="0.192394"/>
</test>
<test id="s1-s1-t3" name="Validar estrutura de resposta" line="22">
<kw name="Teste de Estrutura de Resposta" owner="random-user-service">
<kw name="GET On Session" owner="RequestsLibrary">
<msg time="2024-05-16T07:11:35.838945" level="INFO">GET Request : url=https://randomuser.me/api 
 path_url=/api 
 headers={'User-Agent': 'python-requests/2.31.0', 'Accept-Encoding': 'gzip, deflate', 'Accept': '*/*', 'Connection': 'keep-alive'} 
 body=None 
 </msg>
<msg time="2024-05-16T07:11:35.839030" level="INFO">GET Response : url=https://randomuser.me/api 
 status=200, reason=OK 
 headers={'Date': 'Thu, 16 May 2024 07:11:35 GMT', 'Content-Type': 'application/json; charset=utf-8', 'Transfer-Encoding': 'chunked', 'Connection': 'keep-alive', 'X-Powered-By': 'Express', 'Access-Control-Allow-Origin': '*', 'Cache-Control': 'no-cache', 'ETag': 'W/"4a2-VdBxZvrW1jmlWNSyOfvnctTrzyU"', 'Vary': 'Accept-Encoding', 'Content-Encoding': 'gzip', 'CF-Cache-Status': 'DYNAMIC', 'Report-To': '{"endpoints":[{"url":"https:\\/\\/a.nel.cloudflare.com\\/report\\/v4?s=JYz9LAii3BK41IEObV88rPwnZIBuCODDAe4YXlmN%2BKTcR%2BtWnYHLiIVkQE7ss0T7CfSyEyOKjihnggKBgloQK0vmhfEH0joSjshk8HqptxPkS3GVGDWS%2BPRd5lBOMCMG"}],"group":"cf-nel","max_age":604800}', 'NEL': '{"success_fraction":0,"report_to":"cf-nel","max_age":604800}', 'Server': 'cloudflare', 'CF-RAY': '88498df80ff48f16-IAD', 'alt-svc': 'h3=":443"; ma=86400'} 
 body={"results":[{"gender":"male","name":{"title":"Mr","first":"Johnni","last":"Porter"},"location":{"street":{"number":8484,"name":"Rectory Lane"},"city":"Leeds","state":"County Armagh","country":"United Kingdom","postcode":"UI5S 5QY","coordinates":{"latitude":"-7.3912","longitude":"-111.6936"},"timezone":{"offset":"+5:00","description":"Ekaterinburg, Islamabad, Karachi, Tashkent"}},"email":"johnni.porter@example.com","login":{"uuid":"8badb621-62d2-4fb3-9db8-3dff4d70d725","username":"sadleopard316","password":"stars","salt":"yj1j9TlZ","md5":"298b1a3b2ae323f7c2e7013de4d8e457","sha1":"6a6a18b1cbb1e01331fdd2ac31791d2b561f90e9","sha256":"cdba1feb8d70ff231215cf7596ad7d14f730f6e9a15a2897dd635d9dfffcef7f"},"dob":{"date":"1992-06-10T20:07:49.654Z","age":31},"registered":{"date":"2022-02-19T05:14:20.836Z","age":2},"phone":"015394 10360","cell":"07011 635963","id":{"name":"NINO","value":"NC 89 33 41 U"},"picture":{"large":"https://randomuser.me/api/portraits/men/97.jpg","medium":"https://randomuser.me/api/portraits/med/men/97.jpg","thumbnail":"https://randomuser.me/api/portraits/thumb/men/97.jpg"},"nat":"GB"}],"info":{"seed":"5f1ab4a74d9e4387","results":1,"page":1,"version":"1.4"}} 
 </msg>
<msg time="2024-05-16T07:11:35.839147" level="INFO">/opt/hostedtoolcache/Python/3.12.3/x64/lib/python3.12/site-packages/urllib3/connectionpool.py:1103: InsecureRequestWarning: Unverified HTTPS request is being made to host 'randomuser.me'. Adding certificate verification is strongly advised. See: https://urllib3.readthedocs.io/en/latest/advanced-usage.html#tls-warnings
  warnings.warn(</msg>
<msg time="2024-05-16T07:11:35.839279" level="INFO">${response} = &lt;Response [200]&gt;</msg>
<var>${response}</var>
<arg>consultarAPI</arg>
<arg>/api</arg>
<doc>Sends a GET request on a previously created HTTP Session.</doc>
<status status="PASS" start="2024-05-16T07:11:35.683821" elapsed="0.155505"/>
</kw>
<kw name="Set Variable" owner="BuiltIn">
<msg time="2024-05-16T07:11:35.840396" level="INFO">${json_data} = {'results': [{'gender': 'male', 'name': {'title': 'Mr', 'first': 'Johnni', 'last': 'Porter'}, 'location': {'street': {'number': 8484, 'name': 'Rectory Lane'}, 'city': 'Leeds', 'state': 'County Armagh'...</msg>
<var>${json_data}</var>
<arg>${response.json()}</arg>
<doc>Returns the given values which can then be assigned to a variables.</doc>
<status status="PASS" start="2024-05-16T07:11:35.839821" elapsed="0.000603"/>
</kw>
<kw name="Log" owner="BuiltIn">
<msg time="2024-05-16T07:11:35.840890" level="INFO">{'results': [{'gender': 'male', 'name': {'title': 'Mr', 'first': 'Johnni', 'last': 'Porter'}, 'location': {'street': {'number': 8484, 'name': 'Rectory Lane'}, 'city': 'Leeds', 'state': 'County Armagh', 'country': 'United Kingdom', 'postcode': 'UI5S 5QY', 'coordinates': {'latitude': '-7.3912', 'longitude': '-111.6936'}, 'timezone': {'offset': '+5:00', 'description': 'Ekaterinburg, Islamabad, Karachi, Tashkent'}}, 'email': 'johnni.porter@example.com', 'login': {'uuid': '8badb621-62d2-4fb3-9db8-3dff4d70d725', 'username': 'sadleopard316', 'password': 'stars', 'salt': 'yj1j9TlZ', 'md5': '298b1a3b2ae323f7c2e7013de4d8e457', 'sha1': '6a6a18b1cbb1e01331fdd2ac31791d2b561f90e9', 'sha256': 'cdba1feb8d70ff231215cf7596ad7d14f730f6e9a15a2897dd635d9dfffcef7f'}, 'dob': {'date': '1992-06-10T20:07:49.654Z', 'age': 31}, 'registered': {'date': '2022-02-19T05:14:20.836Z', 'age': 2}, 'phone': '015394 10360', 'cell': '07011 635963', 'id': {'name': 'NINO', 'value': 'NC 89 33 41 U'}, 'picture': {'large': 'https://randomuser.me/api/portraits/men/97.jpg', 'medium': 'https://randomuser.me/api/portraits/med/men/97.jpg', 'thumbnail': 'https://randomuser.me/api/portraits/thumb/men/97.jpg'}, 'nat': 'GB'}], 'info': {'seed': '5f1ab4a74d9e4387', 'results': 1, 'page': 1, 'version': '1.4'}}</msg>
<arg>${json_data}</arg>
<doc>Logs the given message with the given level.</doc>
<status status="PASS" start="2024-05-16T07:11:35.840733" elapsed="0.000204"/>
</kw>
<kw name="Dictionary Should Contain Key" owner="Collections">
<msg time="2024-05-16T07:11:35.841389" level="INFO">False</msg>
<arg>${json_data}</arg>
<arg>results</arg>
<doc>Fails if ``key`` is not found from ``dictionary``.</doc>
<status status="PASS" start="2024-05-16T07:11:35.841230" elapsed="0.000195"/>
</kw>
<kw name="Should Not Be Empty" owner="BuiltIn">
<msg time="2024-05-16T07:11:35.841857" level="INFO">Length is 2.</msg>
<arg>${json_data}</arg>
<doc>Verifies that the given item is not empty.</doc>
<status status="PASS" start="2024-05-16T07:11:35.841723" elapsed="0.000316"/>
</kw>
<kw name="Create List" owner="BuiltIn">
<msg time="2024-05-16T07:11:35.842523" level="INFO">${expected_keys} = ['gender', 'name', 'location', 'email', 'login']</msg>
<var>${expected_keys}</var>
<arg>gender</arg>
<arg>name</arg>
<arg>location</arg>
<arg>email</arg>
<arg>login</arg>
<doc>Returns a list containing given items.</doc>
<status status="PASS" start="2024-05-16T07:11:35.842368" elapsed="0.000178"/>
</kw>
<for flavor="IN">
<iter>
<kw name="Dictionary Should Contain Key" owner="Collections">
<msg time="2024-05-16T07:11:35.843513" level="INFO">False</msg>
<arg>${json_data['results'][0]}</arg>
<arg>${key}</arg>
<doc>Fails if ``key`` is not found from ``dictionary``.</doc>
<status status="PASS" start="2024-05-16T07:11:35.843113" elapsed="0.000438"/>
</kw>
<kw name="Log" owner="BuiltIn">
<msg time="2024-05-16T07:11:35.844206" level="INFO">{'gender': 'male', 'name': {'title': 'Mr', 'first': 'Johnni', 'last': 'Porter'}, 'location': {'street': {'number': 8484, 'name': 'Rectory Lane'}, 'city': 'Leeds', 'state': 'County Armagh', 'country': 'United Kingdom', 'postcode': 'UI5S 5QY', 'coordinates': {'latitude': '-7.3912', 'longitude': '-111.6936'}, 'timezone': {'offset': '+5:00', 'description': 'Ekaterinburg, Islamabad, Karachi, Tashkent'}}, 'email': 'johnni.porter@example.com', 'login': {'uuid': '8badb621-62d2-4fb3-9db8-3dff4d70d725', 'username': 'sadleopard316', 'password': 'stars', 'salt': 'yj1j9TlZ', 'md5': '298b1a3b2ae323f7c2e7013de4d8e457', 'sha1': '6a6a18b1cbb1e01331fdd2ac31791d2b561f90e9', 'sha256': 'cdba1feb8d70ff231215cf7596ad7d14f730f6e9a15a2897dd635d9dfffcef7f'}, 'dob': {'date': '1992-06-10T20:07:49.654Z', 'age': 31}, 'registered': {'date': '2022-02-19T05:14:20.836Z', 'age': 2}, 'phone': '015394 10360', 'cell': '07011 635963', 'id': {'name': 'NINO', 'value': 'NC 89 33 41 U'}, 'picture': {'large': 'https://randomuser.me/api/portraits/men/97.jpg', 'medium': 'https://randomuser.me/api/portraits/med/men/97.jpg', 'thumbnail': 'https://randomuser.me/api/portraits/thumb/men/97.jpg'}, 'nat': 'GB'}</msg>
<arg>${json_data['results'][0]}</arg>
<doc>Logs the given message with the given level.</doc>
<status status="PASS" start="2024-05-16T07:11:35.843848" elapsed="0.000405"/>
</kw>
<kw name="Log" owner="BuiltIn">
<msg time="2024-05-16T07:11:35.844675" level="INFO">gender</msg>
<arg>${key}</arg>
<doc>Logs the given message with the given level.</doc>
<status status="PASS" start="2024-05-16T07:11:35.844548" elapsed="0.000163"/>
</kw>
<var name="${key}">gender</var>
<status status="PASS" start="2024-05-16T07:11:35.842990" elapsed="0.001931"/>
</iter>
<iter>
<kw name="Dictionary Should Contain Key" owner="Collections">
<msg time="2024-05-16T07:11:35.845600" level="INFO">False</msg>
<arg>${json_data['results'][0]}</arg>
<arg>${key}</arg>
<doc>Fails if ``key`` is not found from ``dictionary``.</doc>
<status status="PASS" start="2024-05-16T07:11:35.845220" elapsed="0.000416"/>
</kw>
<kw name="Log" owner="BuiltIn">
<msg time="2024-05-16T07:11:35.846355" level="INFO">{'gender': 'male', 'name': {'title': 'Mr', 'first': 'Johnni', 'last': 'Porter'}, 'location': {'street': {'number': 8484, 'name': 'Rectory Lane'}, 'city': 'Leeds', 'state': 'County Armagh', 'country': 'United Kingdom', 'postcode': 'UI5S 5QY', 'coordinates': {'latitude': '-7.3912', 'longitude': '-111.6936'}, 'timezone': {'offset': '+5:00', 'description': 'Ekaterinburg, Islamabad, Karachi, Tashkent'}}, 'email': 'johnni.porter@example.com', 'login': {'uuid': '8badb621-62d2-4fb3-9db8-3dff4d70d725', 'username': 'sadleopard316', 'password': 'stars', 'salt': 'yj1j9TlZ', 'md5': '298b1a3b2ae323f7c2e7013de4d8e457', 'sha1': '6a6a18b1cbb1e01331fdd2ac31791d2b561f90e9', 'sha256': 'cdba1feb8d70ff231215cf7596ad7d14f730f6e9a15a2897dd635d9dfffcef7f'}, 'dob': {'date': '1992-06-10T20:07:49.654Z', 'age': 31}, 'registered': {'date': '2022-02-19T05:14:20.836Z', 'age': 2}, 'phone': '015394 10360', 'cell': '07011 635963', 'id': {'name': 'NINO', 'value': 'NC 89 33 41 U'}, 'picture': {'large': 'https://randomuser.me/api/portraits/men/97.jpg', 'medium': 'https://randomuser.me/api/portraits/med/men/97.jpg', 'thumbnail': 'https://randomuser.me/api/portraits/thumb/men/97.jpg'}, 'nat': 'GB'}</msg>
<arg>${json_data['results'][0]}</arg>
<doc>Logs the given message with the given level.</doc>
<status status="PASS" start="2024-05-16T07:11:35.845966" elapsed="0.000439"/>
</kw>
<kw name="Log" owner="BuiltIn">
<msg time="2024-05-16T07:11:35.846834" level="INFO">name</msg>
<arg>${key}</arg>
<doc>Logs the given message with the given level.</doc>
<status status="PASS" start="2024-05-16T07:11:35.846708" elapsed="0.000163"/>
</kw>
<var name="${key}">name</var>
<status status="PASS" start="2024-05-16T07:11:35.845103" elapsed="0.001986"/>
</iter>
<iter>
<kw name="Dictionary Should Contain Key" owner="Collections">
<msg time="2024-05-16T07:11:35.847754" level="INFO">False</msg>
<arg>${json_data['results'][0]}</arg>
<arg>${key}</arg>
<doc>Fails if ``key`` is not found from ``dictionary``.</doc>
<status status="PASS" start="2024-05-16T07:11:35.847376" elapsed="0.000415"/>
</kw>
<kw name="Log" owner="BuiltIn">
<msg time="2024-05-16T07:11:35.848444" level="INFO">{'gender': 'male', 'name': {'title': 'Mr', 'first': 'Johnni', 'last': 'Porter'}, 'location': {'street': {'number': 8484, 'name': 'Rectory Lane'}, 'city': 'Leeds', 'state': 'County Armagh', 'country': 'United Kingdom', 'postcode': 'UI5S 5QY', 'coordinates': {'latitude': '-7.3912', 'longitude': '-111.6936'}, 'timezone': {'offset': '+5:00', 'description': 'Ekaterinburg, Islamabad, Karachi, Tashkent'}}, 'email': 'johnni.porter@example.com', 'login': {'uuid': '8badb621-62d2-4fb3-9db8-3dff4d70d725', 'username': 'sadleopard316', 'password': 'stars', 'salt': 'yj1j9TlZ', 'md5': '298b1a3b2ae323f7c2e7013de4d8e457', 'sha1': '6a6a18b1cbb1e01331fdd2ac31791d2b561f90e9', 'sha256': 'cdba1feb8d70ff231215cf7596ad7d14f730f6e9a15a2897dd635d9dfffcef7f'}, 'dob': {'date': '1992-06-10T20:07:49.654Z', 'age': 31}, 'registered': {'date': '2022-02-19T05:14:20.836Z', 'age': 2}, 'phone': '015394 10360', 'cell': '07011 635963', 'id': {'name': 'NINO', 'value': 'NC 89 33 41 U'}, 'picture': {'large': 'https://randomuser.me/api/portraits/men/97.jpg', 'medium': 'https://randomuser.me/api/portraits/med/men/97.jpg', 'thumbnail': 'https://randomuser.me/api/portraits/thumb/men/97.jpg'}, 'nat': 'GB'}</msg>
<arg>${json_data['results'][0]}</arg>
<doc>Logs the given message with the given level.</doc>
<status status="PASS" start="2024-05-16T07:11:35.848086" elapsed="0.000415"/>
</kw>
<kw name="Log" owner="BuiltIn">
<msg time="2024-05-16T07:11:35.848915" level="INFO">location</msg>
<arg>${key}</arg>
<doc>Logs the given message with the given level.</doc>
<status status="PASS" start="2024-05-16T07:11:35.848793" elapsed="0.000158"/>
</kw>
<var name="${key}">location</var>
<status status="PASS" start="2024-05-16T07:11:35.847265" elapsed="0.001898"/>
</iter>
<iter>
<kw name="Dictionary Should Contain Key" owner="Collections">
<msg time="2024-05-16T07:11:35.849820" level="INFO">False</msg>
<arg>${json_data['results'][0]}</arg>
<arg>${key}</arg>
<doc>Fails if ``key`` is not found from ``dictionary``.</doc>
<status status="PASS" start="2024-05-16T07:11:35.849442" elapsed="0.000415"/>
</kw>
<kw name="Log" owner="BuiltIn">
<msg time="2024-05-16T07:11:35.850544" level="INFO">{'gender': 'male', 'name': {'title': 'Mr', 'first': 'Johnni', 'last': 'Porter'}, 'location': {'street': {'number': 8484, 'name': 'Rectory Lane'}, 'city': 'Leeds', 'state': 'County Armagh', 'country': 'United Kingdom', 'postcode': 'UI5S 5QY', 'coordinates': {'latitude': '-7.3912', 'longitude': '-111.6936'}, 'timezone': {'offset': '+5:00', 'description': 'Ekaterinburg, Islamabad, Karachi, Tashkent'}}, 'email': 'johnni.porter@example.com', 'login': {'uuid': '8badb621-62d2-4fb3-9db8-3dff4d70d725', 'username': 'sadleopard316', 'password': 'stars', 'salt': 'yj1j9TlZ', 'md5': '298b1a3b2ae323f7c2e7013de4d8e457', 'sha1': '6a6a18b1cbb1e01331fdd2ac31791d2b561f90e9', 'sha256': 'cdba1feb8d70ff231215cf7596ad7d14f730f6e9a15a2897dd635d9dfffcef7f'}, 'dob': {'date': '1992-06-10T20:07:49.654Z', 'age': 31}, 'registered': {'date': '2022-02-19T05:14:20.836Z', 'age': 2}, 'phone': '015394 10360', 'cell': '07011 635963', 'id': {'name': 'NINO', 'value': 'NC 89 33 41 U'}, 'picture': {'large': 'https://randomuser.me/api/portraits/men/97.jpg', 'medium': 'https://randomuser.me/api/portraits/med/men/97.jpg', 'thumbnail': 'https://randomuser.me/api/portraits/thumb/men/97.jpg'}, 'nat': 'GB'}</msg>
<arg>${json_data['results'][0]}</arg>
<doc>Logs the given message with the given level.</doc>
<status status="PASS" start="2024-05-16T07:11:35.850151" elapsed="0.000441"/>
</kw>
<kw name="Log" owner="BuiltIn">
<msg time="2024-05-16T07:11:35.851011" level="INFO">email</msg>
<arg>${key}</arg>
<doc>Logs the given message with the given level.</doc>
<status status="PASS" start="2024-05-16T07:11:35.850886" elapsed="0.000162"/>
</kw>
<var name="${key}">email</var>
<status status="PASS" start="2024-05-16T07:11:35.849334" elapsed="0.001927"/>
</iter>
<iter>
<kw name="Dictionary Should Contain Key" owner="Collections">
<msg time="2024-05-16T07:11:35.851922" level="INFO">False</msg>
<arg>${json_data['results'][0]}</arg>
<arg>${key}</arg>
<doc>Fails if ``key`` is not found from ``dictionary``.</doc>
<status status="PASS" start="2024-05-16T07:11:35.851542" elapsed="0.000417"/>
</kw>
<kw name="Log" owner="BuiltIn">
<msg time="2024-05-16T07:11:35.852613" level="INFO">{'gender': 'male', 'name': {'title': 'Mr', 'first': 'Johnni', 'last': 'Porter'}, 'location': {'street': {'number': 8484, 'name': 'Rectory Lane'}, 'city': 'Leeds', 'state': 'County Armagh', 'country': 'United Kingdom', 'postcode': 'UI5S 5QY', 'coordinates': {'latitude': '-7.3912', 'longitude': '-111.6936'}, 'timezone': {'offset': '+5:00', 'description': 'Ekaterinburg, Islamabad, Karachi, Tashkent'}}, 'email': 'johnni.porter@example.com', 'login': {'uuid': '8badb621-62d2-4fb3-9db8-3dff4d70d725', 'username': 'sadleopard316', 'password': 'stars', 'salt': 'yj1j9TlZ', 'md5': '298b1a3b2ae323f7c2e7013de4d8e457', 'sha1': '6a6a18b1cbb1e01331fdd2ac31791d2b561f90e9', 'sha256': 'cdba1feb8d70ff231215cf7596ad7d14f730f6e9a15a2897dd635d9dfffcef7f'}, 'dob': {'date': '1992-06-10T20:07:49.654Z', 'age': 31}, 'registered': {'date': '2022-02-19T05:14:20.836Z', 'age': 2}, 'phone': '015394 10360', 'cell': '07011 635963', 'id': {'name': 'NINO', 'value': 'NC 89 33 41 U'}, 'picture': {'large': 'https://randomuser.me/api/portraits/men/97.jpg', 'medium': 'https://randomuser.me/api/portraits/med/men/97.jpg', 'thumbnail': 'https://randomuser.me/api/portraits/thumb/men/97.jpg'}, 'nat': 'GB'}</msg>
<arg>${json_data['results'][0]}</arg>
<doc>Logs the given message with the given level.</doc>
<status status="PASS" start="2024-05-16T07:11:35.852256" elapsed="0.000415"/>
</kw>
<kw name="Log" owner="BuiltIn">
<msg time="2024-05-16T07:11:35.853091" level="INFO">login</msg>
<arg>${key}</arg>
<doc>Logs the given message with the given level.</doc>
<status status="PASS" start="2024-05-16T07:11:35.852967" elapsed="0.000194"/>
</kw>
<var name="${key}">login</var>
<status status="PASS" start="2024-05-16T07:11:35.851431" elapsed="0.001954"/>
</iter>
<var>${key}</var>
<value>@{expected_keys}</value>
<status status="PASS" start="2024-05-16T07:11:35.842805" elapsed="0.010699"/>
</for>
<kw name="Create List" owner="BuiltIn">
<msg time="2024-05-16T07:11:35.853830" level="INFO">${expected_keysTwo} = ['username', 'password']</msg>
<var>${expected_keysTwo}</var>
<arg>username</arg>
<arg>password</arg>
<doc>Returns a list containing given items.</doc>
<status status="PASS" start="2024-05-16T07:11:35.853695" elapsed="0.000158"/>
</kw>
<for flavor="IN">
<iter>
<kw name="Dictionary Should Contain Key" owner="Collections">
<msg time="2024-05-16T07:11:35.854777" level="INFO">False</msg>
<arg>${json_data['results'][0]['login']}</arg>
<arg>${keyTwo}</arg>
<doc>Fails if ``key`` is not found from ``dictionary``.</doc>
<status status="PASS" start="2024-05-16T07:11:35.854391" elapsed="0.000422"/>
</kw>
<kw name="Dictionary Should Contain Key" owner="Collections">
<msg time="2024-05-16T07:11:35.855489" level="INFO">False</msg>
<arg>${json_data['results'][0]['login']}</arg>
<arg>${keyTwo}</arg>
<doc>Fails if ``key`` is not found from ``dictionary``.</doc>
<status status="PASS" start="2024-05-16T07:11:35.855110" elapsed="0.000416"/>
</kw>
<kw name="Log" owner="BuiltIn">
<msg time="2024-05-16T07:11:35.855949" level="INFO">username</msg>
<arg>${keyTwo}</arg>
<doc>Logs the given message with the given level.</doc>
<status status="PASS" start="2024-05-16T07:11:35.855825" elapsed="0.000165"/>
</kw>
<var name="${keyTwo}">username</var>
<status status="PASS" start="2024-05-16T07:11:35.854271" elapsed="0.001937"/>
</iter>
<iter>
<kw name="Dictionary Should Contain Key" owner="Collections">
<msg time="2024-05-16T07:11:35.856943" level="INFO">False</msg>
<arg>${json_data['results'][0]['login']}</arg>
<arg>${keyTwo}</arg>
<doc>Fails if ``key`` is not found from ``dictionary``.</doc>
<status status="PASS" start="2024-05-16T07:11:35.856492" elapsed="0.000491"/>
</kw>
<kw name="Dictionary Should Contain Key" owner="Collections">
<msg time="2024-05-16T07:11:35.857664" level="INFO">False</msg>
<arg>${json_data['results'][0]['login']}</arg>
<arg>${keyTwo}</arg>
<doc>Fails if ``key`` is not found from ``dictionary``.</doc>
<status status="PASS" start="2024-05-16T07:11:35.857289" elapsed="0.000411"/>
</kw>
<kw name="Log" owner="BuiltIn">
<msg time="2024-05-16T07:11:35.858120" level="INFO">password</msg>
<arg>${keyTwo}</arg>
<doc>Logs the given message with the given level.</doc>
<status status="PASS" start="2024-05-16T07:11:35.857995" elapsed="0.000162"/>
</kw>
<var name="${keyTwo}">password</var>
<status status="PASS" start="2024-05-16T07:11:35.856377" elapsed="0.002030"/>
</iter>
<var>${keyTwo}</var>
<value>@{expected_keysTwo}</value>
<status status="PASS" start="2024-05-16T07:11:35.854093" elapsed="0.004437"/>
</for>
<status status="PASS" start="2024-05-16T07:11:35.683578" elapsed="0.175093"/>
</kw>
<doc>Testa a estrutura da resposta da API.</doc>
<tag>testeEstruturaResposta</tag>
<status status="PASS" start="2024-05-16T07:11:35.682961" elapsed="0.175862"/>
</test>
<test id="s1-s1-t4" name="Validar tipos de dados" line="28">
<kw name="Teste de Tipos de Dados" owner="random-user-service">
<kw name="GET On Session" owner="RequestsLibrary">
<msg time="2024-05-16T07:11:35.915790" level="INFO">GET Request : url=https://randomuser.me/api 
 path_url=/api 
 headers={'User-Agent': 'python-requests/2.31.0', 'Accept-Encoding': 'gzip, deflate', 'Accept': '*/*', 'Connection': 'keep-alive'} 
 body=None 
 </msg>
<msg time="2024-05-16T07:11:35.915866" level="INFO">GET Response : url=https://randomuser.me/api 
 status=200, reason=OK 
 headers={'Date': 'Thu, 16 May 2024 07:11:35 GMT', 'Content-Type': 'application/json; charset=utf-8', 'Transfer-Encoding': 'chunked', 'Connection': 'keep-alive', 'X-Powered-By': 'Express', 'Access-Control-Allow-Origin': '*', 'Cache-Control': 'no-cache', 'ETag': 'W/"485-+y/kmB60TpZ9yfH3hbweslgfbYU"', 'Vary': 'Accept-Encoding', 'Content-Encoding': 'gzip', 'CF-Cache-Status': 'DYNAMIC', 'Report-To': '{"endpoints":[{"url":"https:\\/\\/a.nel.cloudflare.com\\/report\\/v4?s=AnJ7OJpZVDYqZSGNy%2FFw%2BbuhaEmEi%2FT92tAc7UD6MPfrknl61coldqkMqpZ3GfmadzzYlxY%2Fx4bcO4og%2FY3QHd4Cm%2F6GoHfjksLD8May8XXZEnw5Orx%2FiSvcX8yh95GH"}],"group":"cf-nel","max_age":604800}', 'NEL': '{"success_fraction":0,"report_to":"cf-nel","max_age":604800}', 'Server': 'cloudflare', 'CF-RAY': '88498df9297d8f16-IAD', 'alt-svc': 'h3=":443"; ma=86400'} 
 body={"results":[{"gender":"male","name":{"title":"Mr","first":"Josep","last":"Moya"},"location":{"street":{"number":63,"name":"Paseo de Zorrilla"},"city":"Ferrol","state":"Asturias","country":"Spain","postcode":87870,"coordinates":{"latitude":"-38.3842","longitude":"-5.2767"},"timezone":{"offset":"-5:00","description":"Eastern Time (US &amp; Canada), Bogota, Lima"}},"email":"josep.moya@example.com","login":{"uuid":"a940f41d-65d3-41c0-b363-5226fa39094b","username":"happyduck384","password":"carrot","salt":"yu1ogXcS","md5":"08750050311d99f9a015851ff066e638","sha1":"710cbd32ba7727359e789f60728e4c2ae513af7c","sha256":"8d74b90d809500271c7d29070f650bfc992d589137a45f57d0c204e9d216787f"},"dob":{"date":"1954-05-01T06:29:11.874Z","age":70},"registered":{"date":"2005-12-24T17:03:22.844Z","age":18},"phone":"996-260-627","cell":"680-618-586","id":{"name":"DNI","value":"75148839-I"},"picture":{"large":"https://randomuser.me/api/portraits/men/40.jpg","medium":"https://randomuser.me/api/portraits/med/men/40.jpg","thumbnail":"https://randomuser.me/api/portraits/thumb/men/40.jpg"},"nat":"ES"}],"info":{"seed":"30da0783852b8f6e","results":1,"page":1,"version":"1.4"}} 
 </msg>
<msg time="2024-05-16T07:11:35.915932" level="INFO">/opt/hostedtoolcache/Python/3.12.3/x64/lib/python3.12/site-packages/urllib3/connectionpool.py:1103: InsecureRequestWarning: Unverified HTTPS request is being made to host 'randomuser.me'. Adding certificate verification is strongly advised. See: https://urllib3.readthedocs.io/en/latest/advanced-usage.html#tls-warnings
  warnings.warn(</msg>
<msg time="2024-05-16T07:11:35.916035" level="INFO">${response} = &lt;Response [200]&gt;</msg>
<var>${response}</var>
<arg>consultarAPI</arg>
<arg>/api</arg>
<doc>Sends a GET request on a previously created HTTP Session.</doc>
<status status="PASS" start="2024-05-16T07:11:35.861382" elapsed="0.054702"/>
</kw>
<kw name="Set Variable" owner="BuiltIn">
<msg time="2024-05-16T07:11:35.917297" level="INFO">${json_data} = {'results': [{'gender': 'male', 'name': {'title': 'Mr', 'first': 'Josep', 'last': 'Moya'}, 'location': {'street': {'number': 63, 'name': 'Paseo de Zorrilla'}, 'city': 'Ferrol', 'state': 'Asturias', 'c...</msg>
<var>${json_data}</var>
<arg>${response.json()}</arg>
<doc>Returns the given values which can then be assigned to a variables.</doc>
<status status="PASS" start="2024-05-16T07:11:35.916629" elapsed="0.000697"/>
</kw>
<kw name="Log" owner="BuiltIn">
<msg time="2024-05-16T07:11:35.917778" level="INFO">{'results': [{'gender': 'male', 'name': {'title': 'Mr', 'first': 'Josep', 'last': 'Moya'}, 'location': {'street': {'number': 63, 'name': 'Paseo de Zorrilla'}, 'city': 'Ferrol', 'state': 'Asturias', 'country': 'Spain', 'postcode': 87870, 'coordinates': {'latitude': '-38.3842', 'longitude': '-5.2767'}, 'timezone': {'offset': '-5:00', 'description': 'Eastern Time (US &amp; Canada), Bogota, Lima'}}, 'email': 'josep.moya@example.com', 'login': {'uuid': 'a940f41d-65d3-41c0-b363-5226fa39094b', 'username': 'happyduck384', 'password': 'carrot', 'salt': 'yu1ogXcS', 'md5': '08750050311d99f9a015851ff066e638', 'sha1': '710cbd32ba7727359e789f60728e4c2ae513af7c', 'sha256': '8d74b90d809500271c7d29070f650bfc992d589137a45f57d0c204e9d216787f'}, 'dob': {'date': '1954-05-01T06:29:11.874Z', 'age': 70}, 'registered': {'date': '2005-12-24T17:03:22.844Z', 'age': 18}, 'phone': '996-260-627', 'cell': '680-618-586', 'id': {'name': 'DNI', 'value': '75148839-I'}, 'picture': {'large': 'https://randomuser.me/api/portraits/men/40.jpg', 'medium': 'https://randomuser.me/api/portraits/med/men/40.jpg', 'thumbnail': 'https://randomuser.me/api/portraits/thumb/men/40.jpg'}, 'nat': 'ES'}], 'info': {'seed': '30da0783852b8f6e', 'results': 1, 'page': 1, 'version': '1.4'}}</msg>
<arg>${json_data}</arg>
<doc>Logs the given message with the given level.</doc>
<status status="PASS" start="2024-05-16T07:11:35.917629" elapsed="0.000229"/>
</kw>
<kw name="Should Be String" owner="String">
<arg>${json_data['results'][0]['gender']}</arg>
<doc>Fails if the given ``item`` is not a string.</doc>
<status status="PASS" start="2024-05-16T07:11:35.918158" elapsed="0.000398"/>
</kw>
<kw name="Should Match Regexp" owner="BuiltIn">
<arg>${json_data['results'][0]['email']}</arg>
<arg>^[a-zA-Z0-9._%+-]+@[a-zA-Z0-9.-]+\.[a-zA-Z]{2,}$</arg>
<doc>Fails if ``string`` does not match ``pattern`` as a regular expression.</doc>
<status status="PASS" start="2024-05-16T07:11:35.918753" elapsed="0.000513"/>
</kw>
<kw name="Should Match Regexp" owner="BuiltIn">
<arg>${json_data['results'][0]['dob']['date']}</arg>
<arg>\\d{4}-\\d{2}-\\d{2}T\\d{2}:\\d{2}:\\d{2}\\.\\d{3}Z</arg>
<doc>Fails if ``string`` does not match ``pattern`` as a regular expression.</doc>
<status status="PASS" start="2024-05-16T07:11:35.919463" elapsed="0.000492"/>
</kw>
<kw name="Should Match Regexp" owner="BuiltIn">
<arg>${json_data['results'][0]['registered']['date']}</arg>
<arg>\\d{4}-\\d{2}-\\d{2}T\\d{2}:\\d{2}:\\d{2}\\.\\d{3}Z</arg>
<doc>Fails if ``string`` does not match ``pattern`` as a regular expression.</doc>
<status status="PASS" start="2024-05-16T07:11:35.920146" elapsed="0.000363"/>
</kw>
<kw name="Should Match Regexp" owner="BuiltIn">
<arg>${json_data['results'][0]['picture']['large']}</arg>
<arg>^https?://.*\.(?:png|jpe?g|gif|bmp)$</arg>
<doc>Fails if ``string`` does not match ``pattern`` as a regular expression.</doc>
<status status="PASS" start="2024-05-16T07:11:35.920702" elapsed="0.000457"/>
</kw>
<kw name="Should Match Regexp" owner="BuiltIn">
<arg>${json_data['results'][0]['picture']['medium']}</arg>
<arg>^https?://.*\.(?:png|jpe?g|gif|bmp)$</arg>
<doc>Fails if ``string`` does not match ``pattern`` as a regular expression.</doc>
<status status="PASS" start="2024-05-16T07:11:35.921349" elapsed="0.000354"/>
</kw>
<kw name="Should Match Regexp" owner="BuiltIn">
<arg>${json_data['results'][0]['picture']['thumbnail']}</arg>
<arg>^https?://.*\.(?:png|jpe?g|gif|bmp)$</arg>
<doc>Fails if ``string`` does not match ``pattern`` as a regular expression.</doc>
<status status="PASS" start="2024-05-16T07:11:35.921891" elapsed="0.000344"/>
</kw>
<kw name="Log" owner="BuiltIn">
<msg time="2024-05-16T07:11:35.922779" level="INFO">{'large': 'https://randomuser.me/api/portraits/men/40.jpg', 'medium': 'https://randomuser.me/api/portraits/med/men/40.jpg', 'thumbnail': 'https://randomuser.me/api/portraits/thumb/men/40.jpg'}</msg>
<arg>${json_data['results'][0]['picture']}</arg>
<doc>Logs the given message with the given level.</doc>
<status status="PASS" start="2024-05-16T07:11:35.922455" elapsed="0.000365"/>
</kw>
<status status="PASS" start="2024-05-16T07:11:35.861153" elapsed="0.061916"/>
</kw>
<kw name="Teste de Tipos de Dados - Postcode" owner="random-user-service">
<kw name="GET On Session" owner="RequestsLibrary">
<msg time="2024-05-16T07:11:36.460241" level="INFO">GET Request : url=https://randomuser.me/api 
 path_url=/api 
 headers={'User-Agent': 'python-requests/2.31.0', 'Accept-Encoding': 'gzip, deflate', 'Accept': '*/*', 'Connection': 'keep-alive'} 
 body=None 
 </msg>
<msg time="2024-05-16T07:11:36.460358" level="INFO">GET Response : url=https://randomuser.me/api 
 status=200, reason=OK 
 headers={'Date': 'Thu, 16 May 2024 07:11:36 GMT', 'Content-Type': 'application/json; charset=utf-8', 'Transfer-Encoding': 'chunked', 'Connection': 'keep-alive', 'X-Powered-By': 'Express', 'Access-Control-Allow-Origin': '*', 'Cache-Control': 'no-cache', 'ETag': 'W/"4a6-gV4t2O1/XQKGcEY+995FC6XbLpk"', 'Vary': 'Accept-Encoding', 'Content-Encoding': 'gzip', 'CF-Cache-Status': 'DYNAMIC', 'Report-To': '{"endpoints":[{"url":"https:\\/\\/a.nel.cloudflare.com\\/report\\/v4?s=Zsfkn6R4gKYMI50WyoMcv%2B%2FIxjq%2BXcVwyWr0MGI%2FcALxsdZ5IQ2%2BKQ8%2F%2FXqjs0xnPG3O%2BbzDDUqRjZJ69AaL%2FmCBivR3G7YRTZEy%2BZHhVGn1n7J5yIOTJJ%2BMK4tm7e9w"}],"group":"cf-nel","max_age":604800}', 'NEL': '{"success_fraction":0,"report_to":"cf-nel","max_age":604800}', 'Server': 'cloudflare', 'CF-RAY': '88498df989c78f16-IAD', 'alt-svc': 'h3=":443"; ma=86400'} 
 body={"results":[{"gender":"male","name":{"title":"Mr","first":"Virgil","last":"Ellis"},"location":{"street":{"number":4894,"name":"Robinson Rd"},"city":"Queanbeyan","state":"Australian Capital Territory","country":"Australia","postcode":5775,"coordinates":{"latitude":"-85.2896","longitude":"-166.2048"},"timezone":{"offset":"+5:00","description":"Ekaterinburg, Islamabad, Karachi, Tashkent"}},"email":"virgil.ellis@example.com","login":{"uuid":"f3a7bb03-c506-4f9a-a3f1-5c849497f709","username":"yellowbird400","password":"chivas","salt":"UuaA0LNz","md5":"e4c381ff770efeccdb9a8bc997776fc4","sha1":"fc79537a810d032ed7734a31116438f916bba14f","sha256":"310ec2591fa0ef8729f6d5db73c4a8868a3831e5090275223bb3eb4d4859d197"},"dob":{"date":"1989-11-28T19:21:27.469Z","age":34},"registered":{"date":"2013-02-19T09:46:58.070Z","age":11},"phone":"06-2649-4054","cell":"0478-023-670","id":{"name":"TFN","value":"458580514"},"picture":{"large":"https://randomuser.me/api/portraits/men/27.jpg","medium":"https://randomuser.me/api/portraits/med/men/27.jpg","thumbnail":"https://randomuser.me/api/portraits/thumb/men/27.jpg"},"nat":"AU"}],"info":{"seed":"8edd85c5a97bb9ac","results":1,"page":1,"version":"1.4"}} 
 </msg>
<msg time="2024-05-16T07:11:36.460445" level="INFO">/opt/hostedtoolcache/Python/3.12.3/x64/lib/python3.12/site-packages/urllib3/connectionpool.py:1103: InsecureRequestWarning: Unverified HTTPS request is being made to host 'randomuser.me'. Adding certificate verification is strongly advised. See: https://urllib3.readthedocs.io/en/latest/advanced-usage.html#tls-warnings
  warnings.warn(</msg>
<msg time="2024-05-16T07:11:36.460600" level="INFO">${response} = &lt;Response [200]&gt;</msg>
<var>${response}</var>
<arg>consultarAPI</arg>
<arg>/api</arg>
<doc>Sends a GET request on a previously created HTTP Session.</doc>
<status status="PASS" start="2024-05-16T07:11:35.923492" elapsed="0.537150"/>
</kw>
<kw name="Set Variable" owner="BuiltIn">
<msg time="2024-05-16T07:11:36.461811" level="INFO">${json_data} = {'results': [{'gender': 'male', 'name': {'title': 'Mr', 'first': 'Virgil', 'last': 'Ellis'}, 'location': {'street': {'number': 4894, 'name': 'Robinson Rd'}, 'city': 'Queanbeyan', 'state': 'Australian ...</msg>
<var>${json_data}</var>
<arg>${response.json()}</arg>
<doc>Returns the given values which can then be assigned to a variables.</doc>
<status status="PASS" start="2024-05-16T07:11:36.461260" elapsed="0.000579"/>
</kw>
<kw name="Log" owner="BuiltIn">
<msg time="2024-05-16T07:11:36.462368" level="INFO">{'results': [{'gender': 'male', 'name': {'title': 'Mr', 'first': 'Virgil', 'last': 'Ellis'}, 'location': {'street': {'number': 4894, 'name': 'Robinson Rd'}, 'city': 'Queanbeyan', 'state': 'Australian Capital Territory', 'country': 'Australia', 'postcode': 5775, 'coordinates': {'latitude': '-85.2896', 'longitude': '-166.2048'}, 'timezone': {'offset': '+5:00', 'description': 'Ekaterinburg, Islamabad, Karachi, Tashkent'}}, 'email': 'virgil.ellis@example.com', 'login': {'uuid': 'f3a7bb03-c506-4f9a-a3f1-5c849497f709', 'username': 'yellowbird400', 'password': 'chivas', 'salt': 'UuaA0LNz', 'md5': 'e4c381ff770efeccdb9a8bc997776fc4', 'sha1': 'fc79537a810d032ed7734a31116438f916bba14f', 'sha256': '310ec2591fa0ef8729f6d5db73c4a8868a3831e5090275223bb3eb4d4859d197'}, 'dob': {'date': '1989-11-28T19:21:27.469Z', 'age': 34}, 'registered': {'date': '2013-02-19T09:46:58.070Z', 'age': 11}, 'phone': '06-2649-4054', 'cell': '0478-023-670', 'id': {'name': 'TFN', 'value': '458580514'}, 'picture': {'large': 'https://randomuser.me/api/portraits/men/27.jpg', 'medium': 'https://randomuser.me/api/portraits/med/men/27.jpg', 'thumbnail': 'https://randomuser.me/api/portraits/thumb/men/27.jpg'}, 'nat': 'AU'}], 'info': {'seed': '8edd85c5a97bb9ac', 'results': 1, 'page': 1, 'version': '1.4'}}</msg>
<arg>${json_data}</arg>
<doc>Logs the given message with the given level.</doc>
<status status="PASS" start="2024-05-16T07:11:36.462155" elapsed="0.000299"/>
</kw>
<kw name="Should Be Equal As Numbers" owner="BuiltIn">
<arg>${json_data['results'][0]['location']['postcode']}</arg>
<arg>${json_data['results'][0]['location']['postcode']}</arg>
<doc>Fails if objects are unequal after converting them to real numbers.</doc>
<status status="PASS" start="2024-05-16T07:11:36.462942" elapsed="0.000622"/>
</kw>
<kw name="Log" owner="BuiltIn">
<msg time="2024-05-16T07:11:36.464094" level="INFO">5775</msg>
<arg>${json_data['results'][0]['location']['postcode']}</arg>
<doc>Logs the given message with the given level.</doc>
<status status="PASS" start="2024-05-16T07:11:36.463759" elapsed="0.000374"/>
</kw>
<status status="PASS" start="2024-05-16T07:11:35.923277" elapsed="0.541119"/>
</kw>
<doc>Testa se os tipos de dados na resposta da API estão corretos.</doc>
<tag>testeTiposDados</tag>
<status status="PASS" start="2024-05-16T07:11:35.860622" elapsed="0.603943"/>
</test>
<test id="s1-s1-t5" name="Validar conteudo" line="35">
<kw name="Teste de Tipos de Conteudo" owner="random-user-service">
<kw name="GET On Session" owner="RequestsLibrary">
<msg time="2024-05-16T07:11:36.589240" level="INFO">GET Request : url=https://randomuser.me/api 
 path_url=/api 
 headers={'User-Agent': 'python-requests/2.31.0', 'Accept-Encoding': 'gzip, deflate', 'Accept': '*/*', 'Connection': 'keep-alive'} 
 body=None 
 </msg>
<msg time="2024-05-16T07:11:36.589327" level="INFO">GET Response : url=https://randomuser.me/api 
 status=200, reason=OK 
 headers={'Date': 'Thu, 16 May 2024 07:11:36 GMT', 'Content-Type': 'application/json; charset=utf-8', 'Transfer-Encoding': 'chunked', 'Connection': 'keep-alive', 'X-Powered-By': 'Express', 'Access-Control-Allow-Origin': '*', 'Cache-Control': 'no-cache', 'ETag': 'W/"4a2-zURqw+w+Q0D7jzxWB65sA7iphiQ"', 'Vary': 'Accept-Encoding', 'Content-Encoding': 'gzip', 'CF-Cache-Status': 'DYNAMIC', 'Report-To': '{"endpoints":[{"url":"https:\\/\\/a.nel.cloudflare.com\\/report\\/v4?s=BmX8dvp7bftfJ2x40uyIvjmwKq3J3uOQrVJMTa22%2FfxNhhb3SfHIwG4SJFBNqSIIa1%2BWMGrmH1iTpi79NylsR0cs%2FIYbqW2ymXKewpZTW%2BOoXSPLOwl9h6Ssxt0kkqqT"}],"group":"cf-nel","max_age":604800}', 'NEL': '{"success_fraction":0,"report_to":"cf-nel","max_age":604800}', 'Server': 'cloudflare', 'CF-RAY': '88498dfcec328f16-IAD', 'alt-svc': 'h3=":443"; ma=86400'} 
 body={"results":[{"gender":"female","name":{"title":"Miss","first":"Emy","last":"Lefebvre"},"location":{"street":{"number":9777,"name":"Rue Jean-Baldassini"},"city":"Boulogne-Billancourt","state":"Hautes-Alpes","country":"France","postcode":33232,"coordinates":{"latitude":"-16.9804","longitude":"60.4362"},"timezone":{"offset":"-2:00","description":"Mid-Atlantic"}},"email":"emy.lefebvre@example.com","login":{"uuid":"5855fe27-4f81-4c53-870c-1c08948cd42c","username":"smallbutterfly807","password":"1234567","salt":"0HfYwpGD","md5":"4dc63e131f5b92136de21ef3bcb6f0c0","sha1":"161ecbead417f387b6d65aaa9bee726326988c5a","sha256":"88a21db9c41af47eddfcc5dddd21940221ef53daf28ea666a384e13ff85944c8"},"dob":{"date":"1945-09-29T19:01:09.964Z","age":78},"registered":{"date":"2012-10-20T10:42:46.758Z","age":11},"phone":"02-57-82-17-09","cell":"06-55-17-25-46","id":{"name":"INSEE","value":"2450804836165 18"},"picture":{"large":"https://randomuser.me/api/portraits/women/59.jpg","medium":"https://randomuser.me/api/portraits/med/women/59.jpg","thumbnail":"https://randomuser.me/api/portraits/thumb/women/59.jpg"},"nat":"FR"}],"info":{"seed":"7d88f244b21d082f","results":1,"page":1,"version":"1.4"}} 
 </msg>
<msg time="2024-05-16T07:11:36.589399" level="INFO">/opt/hostedtoolcache/Python/3.12.3/x64/lib/python3.12/site-packages/urllib3/connectionpool.py:1103: InsecureRequestWarning: Unverified HTTPS request is being made to host 'randomuser.me'. Adding certificate verification is strongly advised. See: https://urllib3.readthedocs.io/en/latest/advanced-usage.html#tls-warnings
  warnings.warn(</msg>
<msg time="2024-05-16T07:11:36.589521" level="INFO">${response} = &lt;Response [200]&gt;</msg>
<var>${response}</var>
<arg>consultarAPI</arg>
<arg>/api</arg>
<doc>Sends a GET request on a previously created HTTP Session.</doc>
<status status="PASS" start="2024-05-16T07:11:36.467078" elapsed="0.122496"/>
</kw>
<kw name="Set Variable" owner="BuiltIn">
<msg time="2024-05-16T07:11:36.590715" level="INFO">${json_data} = {'results': [{'gender': 'female', 'name': {'title': 'Miss', 'first': 'Emy', 'last': 'Lefebvre'}, 'location': {'street': {'number': 9777, 'name': 'Rue Jean-Baldassini'}, 'city': 'Boulogne-Billancourt',...</msg>
<var>${json_data}</var>
<arg>${response.json()}</arg>
<doc>Returns the given values which can then be assigned to a variables.</doc>
<status status="PASS" start="2024-05-16T07:11:36.590112" elapsed="0.000632"/>
</kw>
<kw name="Set Variable" owner="BuiltIn">
<msg time="2024-05-16T07:11:36.591437" level="INFO">${name_title} = Miss</msg>
<var>${name_title}</var>
<arg>${json_data["results"][0]["name"]["title"]}</arg>
<doc>Returns the given values which can then be assigned to a variables.</doc>
<status status="PASS" start="2024-05-16T07:11:36.591056" elapsed="0.000406"/>
</kw>
<kw name="Create List" owner="BuiltIn">
<msg time="2024-05-16T07:11:36.591924" level="INFO">${allowed_titles} = ['Mr', 'Ms', 'Miss', 'Mrs', 'Madame', 'Monsieur']</msg>
<var>${allowed_titles}</var>
<arg>Mr</arg>
<arg>Ms</arg>
<arg>Miss</arg>
<arg>Mrs</arg>
<arg>Madame</arg>
<arg>Monsieur</arg>
<doc>Returns a list containing given items.</doc>
<status status="PASS" start="2024-05-16T07:11:36.591777" elapsed="0.000171"/>
</kw>
<kw name="List Should Contain Value" owner="Collections">
<msg time="2024-05-16T07:11:36.592417" level="INFO">False</msg>
<arg>${allowed_titles}</arg>
<arg>${name_title}</arg>
<doc>Fails if the ``value`` is not found from ``list``.</doc>
<status status="PASS" start="2024-05-16T07:11:36.592246" elapsed="0.000207"/>
</kw>
<kw name="Set Variable" owner="BuiltIn">
<msg time="2024-05-16T07:11:36.593118" level="INFO">${name_country} = FR</msg>
<var>${name_country}</var>
<arg>${json_data["results"][0]["nat"]}</arg>
<doc>Returns the given values which can then be assigned to a variables.</doc>
<status status="PASS" start="2024-05-16T07:11:36.592742" elapsed="0.000401"/>
</kw>
<kw name="Create List" owner="BuiltIn">
<msg time="2024-05-16T07:11:36.594027" level="INFO">${list_country} = ['AD', 'AE', 'AF', 'AG', 'AI', 'AL', 'AM', 'AO', 'AQ', 'AR', 'AS', 'AT', 'AU', 'AW', 'AX', 'AZ', 'BA', 'BB', 'BD', 'BE', 'BF', 'BG', 'BH', 'BI', 'BJ', 'BL', 'BM', 'BN', 'BO', 'BQ', 'BR', 'BS', 'BT', '...</msg>
<var>${list_country}</var>
<arg>AD</arg>
<arg>AE</arg>
<arg>AF</arg>
<arg>AG</arg>
<arg>AI</arg>
<arg>AL</arg>
<arg>AM</arg>
<arg>AO</arg>
<arg>AQ</arg>
<arg>AR</arg>
<arg>AS</arg>
<arg>AT</arg>
<arg>AU</arg>
<arg>AW</arg>
<arg>AX</arg>
<arg>AZ</arg>
<arg>BA</arg>
<arg>BB</arg>
<arg>BD</arg>
<arg>BE</arg>
<arg>BF</arg>
<arg>BG</arg>
<arg>BH</arg>
<arg>BI</arg>
<arg>BJ</arg>
<arg>BL</arg>
<arg>BM</arg>
<arg>BN</arg>
<arg>BO</arg>
<arg>BQ</arg>
<arg>BR</arg>
<arg>BS</arg>
<arg>BT</arg>
<arg>BV</arg>
<arg>BW</arg>
<arg>BY</arg>
<arg>BZ</arg>
<arg>CA</arg>
<arg>CC</arg>
<arg>CD</arg>
<arg>CF</arg>
<arg>CG</arg>
<arg>CH</arg>
<arg>CI</arg>
<arg>CK</arg>
<arg>CL</arg>
<arg>CM</arg>
<arg>CN</arg>
<arg>CO</arg>
<arg>CR</arg>
<arg>CU</arg>
<arg>CV</arg>
<arg>CW</arg>
<arg>CX</arg>
<arg>CY</arg>
<arg>CZ</arg>
<arg>DE</arg>
<arg>DJ</arg>
<arg>DK</arg>
<arg>DM</arg>
<arg>DO</arg>
<arg>DZ</arg>
<arg>EC</arg>
<arg>EE</arg>
<arg>EG</arg>
<arg>EH</arg>
<arg>ER</arg>
<arg>ES</arg>
<arg>ET</arg>
<arg>FI</arg>
<arg>FJ</arg>
<arg>FK</arg>
<arg>FM</arg>
<arg>FO</arg>
<arg>FR</arg>
<arg>GA</arg>
<arg>GB</arg>
<arg>GD</arg>
<arg>GE</arg>
<arg>GF</arg>
<arg>GG</arg>
<arg>GH</arg>
<arg>GI</arg>
<arg>GL</arg>
<arg>GM</arg>
<arg>GN</arg>
<arg>GP</arg>
<arg>GQ</arg>
<arg>GR</arg>
<arg>GS</arg>
<arg>GT</arg>
<arg>GU</arg>
<arg>GW</arg>
<arg>GY</arg>
<arg>HK</arg>
<arg>HM</arg>
<arg>HN</arg>
<arg>HR</arg>
<arg>HT</arg>
<arg>HU</arg>
<arg>ID</arg>
<arg>IE</arg>
<arg>IL</arg>
<arg>IM</arg>
<arg>IN</arg>
<arg>IO</arg>
<arg>IQ</arg>
<arg>IR</arg>
<arg>IS</arg>
<arg>IT</arg>
<arg>JE</arg>
<arg>JM</arg>
<arg>JO</arg>
<arg>JP</arg>
<arg>KE</arg>
<arg>KG</arg>
<arg>KH</arg>
<arg>KI</arg>
<arg>KM</arg>
<arg>KN</arg>
<arg>KP</arg>
<arg>KR</arg>
<arg>KW</arg>
<arg>KY</arg>
<arg>KZ</arg>
<arg>LA</arg>
<arg>LB</arg>
<arg>LC</arg>
<arg>LI</arg>
<arg>LK</arg>
<arg>LR</arg>
<arg>LS</arg>
<arg>LT</arg>
<arg>LU</arg>
<arg>LV</arg>
<arg>LY</arg>
<arg>MA</arg>
<arg>MC</arg>
<arg>MD</arg>
<arg>ME</arg>
<arg>MF</arg>
<arg>MG</arg>
<arg>MH</arg>
<arg>MK</arg>
<arg>ML</arg>
<arg>MM</arg>
<arg>MN</arg>
<arg>MO</arg>
<arg>MP</arg>
<arg>MQ</arg>
<arg>MR</arg>
<arg>MS</arg>
<arg>MT</arg>
<arg>MU</arg>
<arg>MV</arg>
<arg>MW</arg>
<arg>MX</arg>
<arg>MY</arg>
<arg>MZ</arg>
<arg>NA</arg>
<arg>NC</arg>
<arg>NE</arg>
<arg>NF</arg>
<arg>NG</arg>
<arg>NI</arg>
<arg>NL</arg>
<arg>NO</arg>
<arg>NP</arg>
<arg>NR</arg>
<arg>NU</arg>
<arg>NZ</arg>
<arg>OM</arg>
<arg>PA</arg>
<arg>PE</arg>
<arg>PF</arg>
<arg>PG</arg>
<arg>PH</arg>
<arg>PK</arg>
<arg>PL</arg>
<arg>PM</arg>
<arg>PN</arg>
<arg>PR</arg>
<arg>PS</arg>
<arg>PT</arg>
<arg>PW</arg>
<arg>PY</arg>
<arg>QA</arg>
<arg>RE</arg>
<arg>RO</arg>
<arg>RS</arg>
<arg>RU</arg>
<arg>RW</arg>
<arg>SA</arg>
<arg>SB</arg>
<arg>SC</arg>
<arg>SD</arg>
<arg>SE</arg>
<arg>SG</arg>
<arg>SH</arg>
<arg>SI</arg>
<arg>SJ</arg>
<arg>SK</arg>
<arg>SL</arg>
<arg>SM</arg>
<arg>SN</arg>
<arg>SO</arg>
<arg>SR</arg>
<arg>SS</arg>
<arg>ST</arg>
<arg>SV</arg>
<arg>SX</arg>
<arg>SY</arg>
<arg>SZ</arg>
<arg>TC</arg>
<arg>TD</arg>
<arg>TF</arg>
<arg>TG</arg>
<arg>TH</arg>
<arg>TJ</arg>
<arg>TK</arg>
<arg>TL</arg>
<arg>TM</arg>
<arg>TN</arg>
<arg>TO</arg>
<arg>TR</arg>
<arg>TT</arg>
<arg>TV</arg>
<arg>TW</arg>
<arg>TZ</arg>
<arg>UA</arg>
<arg>UG</arg>
<arg>UM</arg>
<arg>US</arg>
<arg>UY</arg>
<arg>UZ</arg>
<arg>VA</arg>
<arg>VC</arg>
<arg>VE</arg>
<arg>VG</arg>
<arg>VI</arg>
<arg>VN</arg>
<arg>VU</arg>
<arg>WF</arg>
<arg>WS</arg>
<arg>XK</arg>
<arg>YE</arg>
<arg>YT</arg>
<arg>ZA</arg>
<arg>ZM</arg>
<arg>ZW</arg>
<doc>Returns a list containing given items.</doc>
<status status="PASS" start="2024-05-16T07:11:36.593440" elapsed="0.000611"/>
</kw>
<kw name="List Should Contain Value" owner="Collections">
<msg time="2024-05-16T07:11:36.595068" level="INFO">False</msg>
<arg>${list_country}</arg>
<arg>${name_country}</arg>
<doc>Fails if the ``value`` is not found from ``list``.</doc>
<status status="PASS" start="2024-05-16T07:11:36.594866" elapsed="0.000237"/>
</kw>
<kw name="Run Keyword If" owner="BuiltIn">
<kw name="Should Be True" owner="BuiltIn">
<arg>${True}</arg>
<doc>Fails if the given condition is not true.</doc>
<status status="PASS" start="2024-05-16T07:11:36.596162" elapsed="0.000242"/>
</kw>
<arg>${json_data["results"][0]["location"]["coordinates"]["latitude"]} &gt;= -90 and ${json_data["results"][0]["location"]["coordinates"]["latitude"]} &lt;= 90</arg>
<arg>Should Be True</arg>
<arg>${True}</arg>
<doc>Runs the given keyword with the given arguments, if ``condition`` is true.</doc>
<status status="PASS" start="2024-05-16T07:11:36.595417" elapsed="0.001120"/>
</kw>
<kw name="Run Keyword If" owner="BuiltIn">
<kw name="Should Be True" owner="BuiltIn">
<arg>${True}</arg>
<doc>Fails if the given condition is not true.</doc>
<status status="PASS" start="2024-05-16T07:11:36.597417" elapsed="0.000137"/>
</kw>
<arg>${json_data["results"][0]["location"]["coordinates"]["longitude"]} &gt;= -180 and ${json_data["results"][0]["location"]["coordinates"]["longitude"]} &lt;= 180</arg>
<arg>Should Be True</arg>
<arg>${True}</arg>
<doc>Runs the given keyword with the given arguments, if ``condition`` is true.</doc>
<status status="PASS" start="2024-05-16T07:11:36.596725" elapsed="0.000964"/>
</kw>
<status status="PASS" start="2024-05-16T07:11:36.466851" elapsed="0.130968"/>
</kw>
<doc>Testa o conteúdo específico dos campos retornados pela API.</doc>
<tag>testeConteudo</tag>
<status status="PASS" start="2024-05-16T07:11:36.466299" elapsed="0.131661"/>
</test>
<status status="PASS" start="2024-05-16T07:11:35.186273" elapsed="1.413662"/>
</suite>
<status status="PASS" start="2024-05-16T07:11:35.172706" elapsed="1.432408"/>
</suite>
<statistics>
<total>
<stat pass="5" fail="0" skip="0">All Tests</stat>
</total>
<tag>
<stat pass="1" fail="0" skip="0">testeConteudo</stat>
<stat pass="1" fail="0" skip="0">testeEstruturaResposta</stat>
<stat pass="1" fail="0" skip="0">testeRequisicaoBasica</stat>
<stat pass="1" fail="0" skip="0">testeTiposDados</stat>
</tag>
<suite>
<stat pass="5" fail="0" skip="0" id="s1" name="Tests">Tests</stat>
<stat pass="5" fail="0" skip="0" id="s1-s1" name="Random-User-Test">Tests.Random-User-Test</stat>
</suite>
</statistics>
<errors>
</errors>
</robot>
