<?xml version="1.0" encoding="UTF-8"?>
<robot generator="Robot 7.0 (Python 3.12.3 on linux)" generated="2024-05-14T17:12:26.071837" rpa="false" schemaversion="5">
<suite id="s1" name="Tests" source="/home/runner/work/DesafioQAItauRogerioJordao/DesafioQAItauRogerioJordao/RamdonUser/tests">
<suite id="s1-s1" name="Random-User-Test" source="/home/runner/work/DesafioQAItauRogerioJordao/DesafioQAItauRogerioJordao/RamdonUser/tests/random-user-test.robot">
<test id="s1-s1-t1" name="Conectar" line="13">
<kw name="Conectar API" owner="random-user-service">
<kw name="Create Session" owner="RequestsLibrary">
<msg time="2024-05-14T17:12:26.441391" level="INFO">Creating Session using : alias=consultarAPI, url=https://randomuser.me/, headers={},                     cookies={}, auth=None, timeout=None, proxies=None, verify=False,                     debug=0 </msg>
<arg>consultarAPI</arg>
<arg>${URL}</arg>
<doc>Create Session: create a HTTP session to a server</doc>
<status status="PASS" start="2024-05-14T17:12:26.441189" elapsed="0.000395"/>
</kw>
<status status="PASS" start="2024-05-14T17:12:26.440193" elapsed="0.001758"/>
</kw>
<status status="PASS" start="2024-05-14T17:12:26.439579" elapsed="0.002565"/>
</test>
<test id="s1-s1-t2" name="Validar retorno 200 e JSON Válido" line="16">
<kw name="Teste de Requisicao Basica" owner="random-user-service">
<kw name="GET On Session" owner="RequestsLibrary">
<msg time="2024-05-14T17:12:26.803506" level="INFO">GET Request : url=https://randomuser.me/api 
 path_url=/api 
 headers={'User-Agent': 'python-requests/2.31.0', 'Accept-Encoding': 'gzip, deflate', 'Accept': '*/*', 'Connection': 'keep-alive'} 
 body=None 
 </msg>
<msg time="2024-05-14T17:12:26.803657" level="INFO">GET Response : url=https://randomuser.me/api 
 status=200, reason=OK 
 headers={'Date': 'Tue, 14 May 2024 17:12:26 GMT', 'Content-Type': 'application/json; charset=utf-8', 'Transfer-Encoding': 'chunked', 'Connection': 'keep-alive', 'X-Powered-By': 'Express', 'Access-Control-Allow-Origin': '*', 'Cache-Control': 'no-cache', 'ETag': 'W/"47e-EV3XAZHUlZ3/99U2p8/hiEaUzF4"', 'Vary': 'Accept-Encoding', 'Content-Encoding': 'gzip', 'CF-Cache-Status': 'DYNAMIC', 'Report-To': '{"endpoints":[{"url":"https:\\/\\/a.nel.cloudflare.com\\/report\\/v4?s=WIhI1CHAEWGk%2FqGAiD5JpBH%2BOo744Gl9Gn%2F%2FQoxxwwvatavAiuta8GSs6jPkrTyezoREegZrZV18WOqbY8om7O9Q%2BEFE96EYr0gzZIqYXIdb2nvGrtK0zXhn0zwfOg0G"}],"group":"cf-nel","max_age":604800}', 'NEL': '{"success_fraction":0,"report_to":"cf-nel","max_age":604800}', 'Server': 'cloudflare', 'CF-RAY': '883c835d8d2e204e-IAD', 'alt-svc': 'h3=":443"; ma=86400'} 
 body={"results":[{"gender":"female","name":{"title":"Ms","first":"Urte","last":"Nyberg"},"location":{"street":{"number":265,"name":"Abildsøveien"},"city":"Ulefoss","state":"Møre og Romsdal","country":"Norway","postcode":"9700","coordinates":{"latitude":"44.7185","longitude":"72.1837"},"timezone":{"offset":"-12:00","description":"Eniwetok, Kwajalein"}},"email":"urte.nyberg@example.com","login":{"uuid":"f9f000e6-9bd7-428c-a8ba-f3c2a0416dad","username":"purplezebra273","password":"philip","salt":"S2DkHYkF","md5":"3302bd3334bc7b66247190883905bdde","sha1":"ce1bc2b1ba874463cfc2990b786c0ada3dd8e523","sha256":"05f0aeb49a81f28a64aa9a4fcd0b730a672bf24e3f16a8419d91a070bd43d270"},"dob":{"date":"1987-04-12T06:46:32.665Z","age":37},"registered":{"date":"2005-05-16T23:58:33.191Z","age":18},"phone":"22148686","cell":"41724971","id":{"name":"FN","value":"12048732818"},"picture":{"large":"https://randomuser.me/api/portraits/women/61.jpg","medium":"https://randomuser.me/api/portraits/med/women/61.jpg","thumbnail":"https://randomuser.me/api/portraits/thumb/women/61.jpg"},"nat":"NO"}],"info":{"seed":"e4e8e809b5ae14f5","results":1,"page":1,"version":"1.4"}} 
 </msg>
<msg time="2024-05-14T17:12:26.803747" level="INFO">/opt/hostedtoolcache/Python/3.12.3/x64/lib/python3.12/site-packages/urllib3/connectionpool.py:1103: InsecureRequestWarning: Unverified HTTPS request is being made to host 'randomuser.me'. Adding certificate verification is strongly advised. See: https://urllib3.readthedocs.io/en/latest/advanced-usage.html#tls-warnings
  warnings.warn(</msg>
<msg time="2024-05-14T17:12:26.803914" level="INFO">${response} = &lt;Response [200]&gt;</msg>
<var>${response}</var>
<arg>consultarAPI</arg>
<arg>/api</arg>
<doc>Sends a GET request on a previously created HTTP Session.</doc>
<status status="PASS" start="2024-05-14T17:12:26.444867" elapsed="0.359090"/>
</kw>
<kw name="Should Be Equal As Numbers" owner="BuiltIn">
<msg time="2024-05-14T17:12:26.804980" level="INFO">Argument types are:
&lt;class 'int'&gt;
&lt;class 'str'&gt;</msg>
<arg>${response.status_code}</arg>
<arg>200</arg>
<doc>Fails if objects are unequal after converting them to real numbers.</doc>
<status status="PASS" start="2024-05-14T17:12:26.804507" elapsed="0.000538"/>
</kw>
<kw name="Log" owner="BuiltIn">
<msg time="2024-05-14T17:12:26.805766" level="INFO">200</msg>
<arg>${response.status_code}</arg>
<doc>Logs the given message with the given level.</doc>
<status status="PASS" start="2024-05-14T17:12:26.805406" elapsed="0.000402"/>
</kw>
<kw name="Set Variable" owner="BuiltIn">
<msg time="2024-05-14T17:12:26.806563" level="INFO">${json_data} = {'results': [{'gender': 'female', 'name': {'title': 'Ms', 'first': 'Urte', 'last': 'Nyberg'}, 'location': {'street': {'number': 265, 'name': 'Abildsøveien'}, 'city': 'Ulefoss', 'state': 'Møre og Romsd...</msg>
<var>${json_data}</var>
<arg>${response.json()}</arg>
<doc>Returns the given values which can then be assigned to a variables.</doc>
<status status="PASS" start="2024-05-14T17:12:26.806113" elapsed="0.000479"/>
</kw>
<kw name="Dictionary Should Contain Key" owner="Collections">
<msg time="2024-05-14T17:12:26.807129" level="INFO">False</msg>
<arg>${json_data}</arg>
<arg>results</arg>
<doc>Fails if ``key`` is not found from ``dictionary``.</doc>
<status status="PASS" start="2024-05-14T17:12:26.806908" elapsed="0.000262"/>
</kw>
<status status="PASS" start="2024-05-14T17:12:26.444626" elapsed="0.362806"/>
</kw>
<doc>Testa se a API responde corretamente e retorna um objeto JSON válido.</doc>
<tag>testeRequisicaoBasica</tag>
<status status="PASS" start="2024-05-14T17:12:26.444102" elapsed="0.363515"/>
</test>
<test id="s1-s1-t3" name="Validar estrutura de resposta" line="22">
<kw name="Teste de Estrutura de Resposta" owner="random-user-service">
<kw name="GET On Session" owner="RequestsLibrary">
<msg time="2024-05-14T17:12:27.610672" level="INFO">GET Request : url=https://randomuser.me/api 
 path_url=/api 
 headers={'User-Agent': 'python-requests/2.31.0', 'Accept-Encoding': 'gzip, deflate', 'Accept': '*/*', 'Connection': 'keep-alive'} 
 body=None 
 </msg>
<msg time="2024-05-14T17:12:27.610775" level="INFO">GET Response : url=https://randomuser.me/api 
 status=200, reason=OK 
 headers={'Date': 'Tue, 14 May 2024 17:12:27 GMT', 'Content-Type': 'application/json; charset=utf-8', 'Transfer-Encoding': 'chunked', 'Connection': 'keep-alive', 'X-Powered-By': 'Express', 'Access-Control-Allow-Origin': '*', 'Cache-Control': 'no-cache', 'ETag': 'W/"493-q/fcDFc/72io1iaEoZVFDmn22zw"', 'Vary': 'Accept-Encoding', 'Content-Encoding': 'gzip', 'CF-Cache-Status': 'DYNAMIC', 'Report-To': '{"endpoints":[{"url":"https:\\/\\/a.nel.cloudflare.com\\/report\\/v4?s=wdpwfnu4PhFGj2I8Qv%2F7rpThu05utkKpUEqqNtPoUAPsWFLMjM3xJUv5%2B28dLLeKX2%2FxySPWOqRA%2BmKXV8Diy6LLbclLSMOG8k8kjby9L7AuU2ghxfOXpEkjJDnpLfZt"}],"group":"cf-nel","max_age":604800}', 'NEL': '{"success_fraction":0,"report_to":"cf-nel","max_age":604800}', 'Server': 'cloudflare', 'CF-RAY': '883c835f9fbf204e-IAD', 'alt-svc': 'h3=":443"; ma=86400'} 
 body={"results":[{"gender":"female","name":{"title":"Miss","first":"Olivia","last":"Polon"},"location":{"street":{"number":673,"name":"Reijolankatu"},"city":"Pyhäjärvi","state":"Southern Ostrobothnia","country":"Finland","postcode":64888,"coordinates":{"latitude":"-24.5219","longitude":"12.1157"},"timezone":{"offset":"-3:30","description":"Newfoundland"}},"email":"olivia.polon@example.com","login":{"uuid":"bb051bbc-965c-4e52-9cf8-5c83ff30efb3","username":"orangefrog788","password":"wildwood","salt":"yuV6vlvX","md5":"b9621b52e9959bdaaf8fcef9a031c26b","sha1":"7bf9cd46e07b9c7b35b5a386e4cfc3c20f100ec6","sha256":"32c3ab730177eb8929400d5f69655c1da5a160b62fbd11b0d81299725ce5b89b"},"dob":{"date":"1975-08-19T16:40:14.413Z","age":48},"registered":{"date":"2006-04-02T04:30:49.067Z","age":18},"phone":"09-209-962","cell":"041-770-68-07","id":{"name":"HETU","value":"NaNNA718undefined"},"picture":{"large":"https://randomuser.me/api/portraits/women/90.jpg","medium":"https://randomuser.me/api/portraits/med/women/90.jpg","thumbnail":"https://randomuser.me/api/portraits/thumb/women/90.jpg"},"nat":"FI"}],"info":{"seed":"e2f3264c8ead6d80","results":1,"page":1,"version":"1.4"}} 
 </msg>
<msg time="2024-05-14T17:12:27.610908" level="INFO">/opt/hostedtoolcache/Python/3.12.3/x64/lib/python3.12/site-packages/urllib3/connectionpool.py:1103: InsecureRequestWarning: Unverified HTTPS request is being made to host 'randomuser.me'. Adding certificate verification is strongly advised. See: https://urllib3.readthedocs.io/en/latest/advanced-usage.html#tls-warnings
  warnings.warn(</msg>
<msg time="2024-05-14T17:12:27.611083" level="INFO">${response} = &lt;Response [200]&gt;</msg>
<var>${response}</var>
<arg>consultarAPI</arg>
<arg>/api</arg>
<doc>Sends a GET request on a previously created HTTP Session.</doc>
<status status="PASS" start="2024-05-14T17:12:26.810640" elapsed="0.800480"/>
</kw>
<kw name="Set Variable" owner="BuiltIn">
<msg time="2024-05-14T17:12:27.612148" level="INFO">${json_data} = {'results': [{'gender': 'female', 'name': {'title': 'Miss', 'first': 'Olivia', 'last': 'Polon'}, 'location': {'street': {'number': 673, 'name': 'Reijolankatu'}, 'city': 'Pyhäjärvi', 'state': 'Southern...</msg>
<var>${json_data}</var>
<arg>${response.json()}</arg>
<doc>Returns the given values which can then be assigned to a variables.</doc>
<status status="PASS" start="2024-05-14T17:12:27.611614" elapsed="0.000562"/>
</kw>
<kw name="Log" owner="BuiltIn">
<msg time="2024-05-14T17:12:27.612646" level="INFO">{'results': [{'gender': 'female', 'name': {'title': 'Miss', 'first': 'Olivia', 'last': 'Polon'}, 'location': {'street': {'number': 673, 'name': 'Reijolankatu'}, 'city': 'Pyhäjärvi', 'state': 'Southern Ostrobothnia', 'country': 'Finland', 'postcode': 64888, 'coordinates': {'latitude': '-24.5219', 'longitude': '12.1157'}, 'timezone': {'offset': '-3:30', 'description': 'Newfoundland'}}, 'email': 'olivia.polon@example.com', 'login': {'uuid': 'bb051bbc-965c-4e52-9cf8-5c83ff30efb3', 'username': 'orangefrog788', 'password': 'wildwood', 'salt': 'yuV6vlvX', 'md5': 'b9621b52e9959bdaaf8fcef9a031c26b', 'sha1': '7bf9cd46e07b9c7b35b5a386e4cfc3c20f100ec6', 'sha256': '32c3ab730177eb8929400d5f69655c1da5a160b62fbd11b0d81299725ce5b89b'}, 'dob': {'date': '1975-08-19T16:40:14.413Z', 'age': 48}, 'registered': {'date': '2006-04-02T04:30:49.067Z', 'age': 18}, 'phone': '09-209-962', 'cell': '041-770-68-07', 'id': {'name': 'HETU', 'value': 'NaNNA718undefined'}, 'picture': {'large': 'https://randomuser.me/api/portraits/women/90.jpg', 'medium': 'https://randomuser.me/api/portraits/med/women/90.jpg', 'thumbnail': 'https://randomuser.me/api/portraits/thumb/women/90.jpg'}, 'nat': 'FI'}], 'info': {'seed': 'e2f3264c8ead6d80', 'results': 1, 'page': 1, 'version': '1.4'}}</msg>
<arg>${json_data}</arg>
<doc>Logs the given message with the given level.</doc>
<status status="PASS" start="2024-05-14T17:12:27.612480" elapsed="0.000216"/>
</kw>
<kw name="Dictionary Should Contain Key" owner="Collections">
<msg time="2024-05-14T17:12:27.613146" level="INFO">False</msg>
<arg>${json_data}</arg>
<arg>results</arg>
<doc>Fails if ``key`` is not found from ``dictionary``.</doc>
<status status="PASS" start="2024-05-14T17:12:27.612993" elapsed="0.000189"/>
</kw>
<kw name="Should Not Be Empty" owner="BuiltIn">
<msg time="2024-05-14T17:12:27.613603" level="INFO">Length is 2.</msg>
<arg>${json_data}</arg>
<doc>Verifies that the given item is not empty.</doc>
<status status="PASS" start="2024-05-14T17:12:27.613469" elapsed="0.000172"/>
</kw>
<kw name="Create List" owner="BuiltIn">
<msg time="2024-05-14T17:12:27.614231" level="INFO">${expected_keys} = ['gender', 'name', 'location', 'email', 'login']</msg>
<var>${expected_keys}</var>
<arg>gender</arg>
<arg>name</arg>
<arg>location</arg>
<arg>email</arg>
<arg>login</arg>
<doc>Returns a list containing given items.</doc>
<status status="PASS" start="2024-05-14T17:12:27.613925" elapsed="0.000330"/>
</kw>
<for flavor="IN">
<iter>
<kw name="Dictionary Should Contain Key" owner="Collections">
<msg time="2024-05-14T17:12:27.615317" level="INFO">False</msg>
<arg>${json_data['results'][0]}</arg>
<arg>${key}</arg>
<doc>Fails if ``key`` is not found from ``dictionary``.</doc>
<status status="PASS" start="2024-05-14T17:12:27.614839" elapsed="0.000516"/>
</kw>
<kw name="Log" owner="BuiltIn">
<msg time="2024-05-14T17:12:27.616038" level="INFO">{'gender': 'female', 'name': {'title': 'Miss', 'first': 'Olivia', 'last': 'Polon'}, 'location': {'street': {'number': 673, 'name': 'Reijolankatu'}, 'city': 'Pyhäjärvi', 'state': 'Southern Ostrobothnia', 'country': 'Finland', 'postcode': 64888, 'coordinates': {'latitude': '-24.5219', 'longitude': '12.1157'}, 'timezone': {'offset': '-3:30', 'description': 'Newfoundland'}}, 'email': 'olivia.polon@example.com', 'login': {'uuid': 'bb051bbc-965c-4e52-9cf8-5c83ff30efb3', 'username': 'orangefrog788', 'password': 'wildwood', 'salt': 'yuV6vlvX', 'md5': 'b9621b52e9959bdaaf8fcef9a031c26b', 'sha1': '7bf9cd46e07b9c7b35b5a386e4cfc3c20f100ec6', 'sha256': '32c3ab730177eb8929400d5f69655c1da5a160b62fbd11b0d81299725ce5b89b'}, 'dob': {'date': '1975-08-19T16:40:14.413Z', 'age': 48}, 'registered': {'date': '2006-04-02T04:30:49.067Z', 'age': 18}, 'phone': '09-209-962', 'cell': '041-770-68-07', 'id': {'name': 'HETU', 'value': 'NaNNA718undefined'}, 'picture': {'large': 'https://randomuser.me/api/portraits/women/90.jpg', 'medium': 'https://randomuser.me/api/portraits/med/women/90.jpg', 'thumbnail': 'https://randomuser.me/api/portraits/thumb/women/90.jpg'}, 'nat': 'FI'}</msg>
<arg>${json_data['results'][0]}</arg>
<doc>Logs the given message with the given level.</doc>
<status status="PASS" start="2024-05-14T17:12:27.615667" elapsed="0.000419"/>
</kw>
<kw name="Log" owner="BuiltIn">
<msg time="2024-05-14T17:12:27.616509" level="INFO">gender</msg>
<arg>${key}</arg>
<doc>Logs the given message with the given level.</doc>
<status status="PASS" start="2024-05-14T17:12:27.616382" elapsed="0.000163"/>
</kw>
<var name="${key}">gender</var>
<status status="PASS" start="2024-05-14T17:12:27.614713" elapsed="0.002111"/>
</iter>
<iter>
<kw name="Dictionary Should Contain Key" owner="Collections">
<msg time="2024-05-14T17:12:27.617538" level="INFO">False</msg>
<arg>${json_data['results'][0]}</arg>
<arg>${key}</arg>
<doc>Fails if ``key`` is not found from ``dictionary``.</doc>
<status status="PASS" start="2024-05-14T17:12:27.617151" elapsed="0.000423"/>
</kw>
<kw name="Log" owner="BuiltIn">
<msg time="2024-05-14T17:12:27.618265" level="INFO">{'gender': 'female', 'name': {'title': 'Miss', 'first': 'Olivia', 'last': 'Polon'}, 'location': {'street': {'number': 673, 'name': 'Reijolankatu'}, 'city': 'Pyhäjärvi', 'state': 'Southern Ostrobothnia', 'country': 'Finland', 'postcode': 64888, 'coordinates': {'latitude': '-24.5219', 'longitude': '12.1157'}, 'timezone': {'offset': '-3:30', 'description': 'Newfoundland'}}, 'email': 'olivia.polon@example.com', 'login': {'uuid': 'bb051bbc-965c-4e52-9cf8-5c83ff30efb3', 'username': 'orangefrog788', 'password': 'wildwood', 'salt': 'yuV6vlvX', 'md5': 'b9621b52e9959bdaaf8fcef9a031c26b', 'sha1': '7bf9cd46e07b9c7b35b5a386e4cfc3c20f100ec6', 'sha256': '32c3ab730177eb8929400d5f69655c1da5a160b62fbd11b0d81299725ce5b89b'}, 'dob': {'date': '1975-08-19T16:40:14.413Z', 'age': 48}, 'registered': {'date': '2006-04-02T04:30:49.067Z', 'age': 18}, 'phone': '09-209-962', 'cell': '041-770-68-07', 'id': {'name': 'HETU', 'value': 'NaNNA718undefined'}, 'picture': {'large': 'https://randomuser.me/api/portraits/women/90.jpg', 'medium': 'https://randomuser.me/api/portraits/med/women/90.jpg', 'thumbnail': 'https://randomuser.me/api/portraits/thumb/women/90.jpg'}, 'nat': 'FI'}</msg>
<arg>${json_data['results'][0]}</arg>
<doc>Logs the given message with the given level.</doc>
<status status="PASS" start="2024-05-14T17:12:27.617896" elapsed="0.000416"/>
</kw>
<kw name="Log" owner="BuiltIn">
<msg time="2024-05-14T17:12:27.618730" level="INFO">name</msg>
<arg>${key}</arg>
<doc>Logs the given message with the given level.</doc>
<status status="PASS" start="2024-05-14T17:12:27.618604" elapsed="0.000162"/>
</kw>
<var name="${key}">name</var>
<status status="PASS" start="2024-05-14T17:12:27.617032" elapsed="0.001978"/>
</iter>
<iter>
<kw name="Dictionary Should Contain Key" owner="Collections">
<msg time="2024-05-14T17:12:27.619689" level="INFO">False</msg>
<arg>${json_data['results'][0]}</arg>
<arg>${key}</arg>
<doc>Fails if ``key`` is not found from ``dictionary``.</doc>
<status status="PASS" start="2024-05-14T17:12:27.619307" elapsed="0.000419"/>
</kw>
<kw name="Log" owner="BuiltIn">
<msg time="2024-05-14T17:12:27.620384" level="INFO">{'gender': 'female', 'name': {'title': 'Miss', 'first': 'Olivia', 'last': 'Polon'}, 'location': {'street': {'number': 673, 'name': 'Reijolankatu'}, 'city': 'Pyhäjärvi', 'state': 'Southern Ostrobothnia', 'country': 'Finland', 'postcode': 64888, 'coordinates': {'latitude': '-24.5219', 'longitude': '12.1157'}, 'timezone': {'offset': '-3:30', 'description': 'Newfoundland'}}, 'email': 'olivia.polon@example.com', 'login': {'uuid': 'bb051bbc-965c-4e52-9cf8-5c83ff30efb3', 'username': 'orangefrog788', 'password': 'wildwood', 'salt': 'yuV6vlvX', 'md5': 'b9621b52e9959bdaaf8fcef9a031c26b', 'sha1': '7bf9cd46e07b9c7b35b5a386e4cfc3c20f100ec6', 'sha256': '32c3ab730177eb8929400d5f69655c1da5a160b62fbd11b0d81299725ce5b89b'}, 'dob': {'date': '1975-08-19T16:40:14.413Z', 'age': 48}, 'registered': {'date': '2006-04-02T04:30:49.067Z', 'age': 18}, 'phone': '09-209-962', 'cell': '041-770-68-07', 'id': {'name': 'HETU', 'value': 'NaNNA718undefined'}, 'picture': {'large': 'https://randomuser.me/api/portraits/women/90.jpg', 'medium': 'https://randomuser.me/api/portraits/med/women/90.jpg', 'thumbnail': 'https://randomuser.me/api/portraits/thumb/women/90.jpg'}, 'nat': 'FI'}</msg>
<arg>${json_data['results'][0]}</arg>
<doc>Logs the given message with the given level.</doc>
<status status="PASS" start="2024-05-14T17:12:27.620022" elapsed="0.000410"/>
</kw>
<kw name="Log" owner="BuiltIn">
<msg time="2024-05-14T17:12:27.620846" level="INFO">location</msg>
<arg>${key}</arg>
<doc>Logs the given message with the given level.</doc>
<status status="PASS" start="2024-05-14T17:12:27.620723" elapsed="0.000160"/>
</kw>
<var name="${key}">location</var>
<status status="PASS" start="2024-05-14T17:12:27.619196" elapsed="0.001896"/>
</iter>
<iter>
<kw name="Dictionary Should Contain Key" owner="Collections">
<msg time="2024-05-14T17:12:27.621746" level="INFO">False</msg>
<arg>${json_data['results'][0]}</arg>
<arg>${key}</arg>
<doc>Fails if ``key`` is not found from ``dictionary``.</doc>
<status status="PASS" start="2024-05-14T17:12:27.621369" elapsed="0.000413"/>
</kw>
<kw name="Log" owner="BuiltIn">
<msg time="2024-05-14T17:12:27.622432" level="INFO">{'gender': 'female', 'name': {'title': 'Miss', 'first': 'Olivia', 'last': 'Polon'}, 'location': {'street': {'number': 673, 'name': 'Reijolankatu'}, 'city': 'Pyhäjärvi', 'state': 'Southern Ostrobothnia', 'country': 'Finland', 'postcode': 64888, 'coordinates': {'latitude': '-24.5219', 'longitude': '12.1157'}, 'timezone': {'offset': '-3:30', 'description': 'Newfoundland'}}, 'email': 'olivia.polon@example.com', 'login': {'uuid': 'bb051bbc-965c-4e52-9cf8-5c83ff30efb3', 'username': 'orangefrog788', 'password': 'wildwood', 'salt': 'yuV6vlvX', 'md5': 'b9621b52e9959bdaaf8fcef9a031c26b', 'sha1': '7bf9cd46e07b9c7b35b5a386e4cfc3c20f100ec6', 'sha256': '32c3ab730177eb8929400d5f69655c1da5a160b62fbd11b0d81299725ce5b89b'}, 'dob': {'date': '1975-08-19T16:40:14.413Z', 'age': 48}, 'registered': {'date': '2006-04-02T04:30:49.067Z', 'age': 18}, 'phone': '09-209-962', 'cell': '041-770-68-07', 'id': {'name': 'HETU', 'value': 'NaNNA718undefined'}, 'picture': {'large': 'https://randomuser.me/api/portraits/women/90.jpg', 'medium': 'https://randomuser.me/api/portraits/med/women/90.jpg', 'thumbnail': 'https://randomuser.me/api/portraits/thumb/women/90.jpg'}, 'nat': 'FI'}</msg>
<arg>${json_data['results'][0]}</arg>
<doc>Logs the given message with the given level.</doc>
<status status="PASS" start="2024-05-14T17:12:27.622076" elapsed="0.000405"/>
</kw>
<kw name="Log" owner="BuiltIn">
<msg time="2024-05-14T17:12:27.622896" level="INFO">email</msg>
<arg>${key}</arg>
<doc>Logs the given message with the given level.</doc>
<status status="PASS" start="2024-05-14T17:12:27.622772" elapsed="0.000160"/>
</kw>
<var name="${key}">email</var>
<status status="PASS" start="2024-05-14T17:12:27.621261" elapsed="0.001936"/>
</iter>
<iter>
<kw name="Dictionary Should Contain Key" owner="Collections">
<msg time="2024-05-14T17:12:27.623863" level="INFO">False</msg>
<arg>${json_data['results'][0]}</arg>
<arg>${key}</arg>
<doc>Fails if ``key`` is not found from ``dictionary``.</doc>
<status status="PASS" start="2024-05-14T17:12:27.623477" elapsed="0.000423"/>
</kw>
<kw name="Log" owner="BuiltIn">
<msg time="2024-05-14T17:12:27.624555" level="INFO">{'gender': 'female', 'name': {'title': 'Miss', 'first': 'Olivia', 'last': 'Polon'}, 'location': {'street': {'number': 673, 'name': 'Reijolankatu'}, 'city': 'Pyhäjärvi', 'state': 'Southern Ostrobothnia', 'country': 'Finland', 'postcode': 64888, 'coordinates': {'latitude': '-24.5219', 'longitude': '12.1157'}, 'timezone': {'offset': '-3:30', 'description': 'Newfoundland'}}, 'email': 'olivia.polon@example.com', 'login': {'uuid': 'bb051bbc-965c-4e52-9cf8-5c83ff30efb3', 'username': 'orangefrog788', 'password': 'wildwood', 'salt': 'yuV6vlvX', 'md5': 'b9621b52e9959bdaaf8fcef9a031c26b', 'sha1': '7bf9cd46e07b9c7b35b5a386e4cfc3c20f100ec6', 'sha256': '32c3ab730177eb8929400d5f69655c1da5a160b62fbd11b0d81299725ce5b89b'}, 'dob': {'date': '1975-08-19T16:40:14.413Z', 'age': 48}, 'registered': {'date': '2006-04-02T04:30:49.067Z', 'age': 18}, 'phone': '09-209-962', 'cell': '041-770-68-07', 'id': {'name': 'HETU', 'value': 'NaNNA718undefined'}, 'picture': {'large': 'https://randomuser.me/api/portraits/women/90.jpg', 'medium': 'https://randomuser.me/api/portraits/med/women/90.jpg', 'thumbnail': 'https://randomuser.me/api/portraits/thumb/women/90.jpg'}, 'nat': 'FI'}</msg>
<arg>${json_data['results'][0]}</arg>
<doc>Logs the given message with the given level.</doc>
<status status="PASS" start="2024-05-14T17:12:27.624191" elapsed="0.000412"/>
</kw>
<kw name="Log" owner="BuiltIn">
<msg time="2024-05-14T17:12:27.625024" level="INFO">login</msg>
<arg>${key}</arg>
<doc>Logs the given message with the given level.</doc>
<status status="PASS" start="2024-05-14T17:12:27.624900" elapsed="0.000162"/>
</kw>
<var name="${key}">login</var>
<status status="PASS" start="2024-05-14T17:12:27.623369" elapsed="0.001940"/>
</iter>
<var>${key}</var>
<value>@{expected_keys}</value>
<status status="PASS" start="2024-05-14T17:12:27.614521" elapsed="0.010911"/>
</for>
<kw name="Create List" owner="BuiltIn">
<msg time="2024-05-14T17:12:27.625752" level="INFO">${expected_keysTwo} = ['username', 'password']</msg>
<var>${expected_keysTwo}</var>
<arg>username</arg>
<arg>password</arg>
<doc>Returns a list containing given items.</doc>
<status status="PASS" start="2024-05-14T17:12:27.625619" elapsed="0.000156"/>
</kw>
<for flavor="IN">
<iter>
<kw name="Dictionary Should Contain Key" owner="Collections">
<msg time="2024-05-14T17:12:27.626654" level="INFO">False</msg>
<arg>${json_data['results'][0]['login']}</arg>
<arg>${keyTwo}</arg>
<doc>Fails if ``key`` is not found from ``dictionary``.</doc>
<status status="PASS" start="2024-05-14T17:12:27.626266" elapsed="0.000424"/>
</kw>
<kw name="Dictionary Should Contain Key" owner="Collections">
<msg time="2024-05-14T17:12:27.627411" level="INFO">False</msg>
<arg>${json_data['results'][0]['login']}</arg>
<arg>${keyTwo}</arg>
<doc>Fails if ``key`` is not found from ``dictionary``.</doc>
<status status="PASS" start="2024-05-14T17:12:27.627015" elapsed="0.000433"/>
</kw>
<kw name="Log" owner="BuiltIn">
<msg time="2024-05-14T17:12:27.627869" level="INFO">username</msg>
<arg>${keyTwo}</arg>
<doc>Logs the given message with the given level.</doc>
<status status="PASS" start="2024-05-14T17:12:27.627743" elapsed="0.000168"/>
</kw>
<var name="${keyTwo}">username</var>
<status status="PASS" start="2024-05-14T17:12:27.626158" elapsed="0.001964"/>
</iter>
<iter>
<kw name="Dictionary Should Contain Key" owner="Collections">
<msg time="2024-05-14T17:12:27.628778" level="INFO">False</msg>
<arg>${json_data['results'][0]['login']}</arg>
<arg>${keyTwo}</arg>
<doc>Fails if ``key`` is not found from ``dictionary``.</doc>
<status status="PASS" start="2024-05-14T17:12:27.628400" elapsed="0.000415"/>
</kw>
<kw name="Dictionary Should Contain Key" owner="Collections">
<msg time="2024-05-14T17:12:27.629558" level="INFO">False</msg>
<arg>${json_data['results'][0]['login']}</arg>
<arg>${keyTwo}</arg>
<doc>Fails if ``key`` is not found from ``dictionary``.</doc>
<status status="PASS" start="2024-05-14T17:12:27.629102" elapsed="0.000494"/>
</kw>
<kw name="Log" owner="BuiltIn">
<msg time="2024-05-14T17:12:27.630013" level="INFO">password</msg>
<arg>${keyTwo}</arg>
<doc>Logs the given message with the given level.</doc>
<status status="PASS" start="2024-05-14T17:12:27.629888" elapsed="0.000162"/>
</kw>
<var name="${keyTwo}">password</var>
<status status="PASS" start="2024-05-14T17:12:27.628291" elapsed="0.001970"/>
</iter>
<var>${keyTwo}</var>
<value>@{expected_keysTwo}</value>
<status status="PASS" start="2024-05-14T17:12:27.626008" elapsed="0.004371"/>
</for>
<status status="PASS" start="2024-05-14T17:12:26.810304" elapsed="0.820213"/>
</kw>
<doc>Testa a estrutura da resposta da API.</doc>
<tag>testeEstruturaResposta</tag>
<status status="PASS" start="2024-05-14T17:12:26.809501" elapsed="0.821176"/>
</test>
<test id="s1-s1-t4" name="Validar tipos de dados" line="28">
<kw name="Teste de Tipos de Dados" owner="random-user-service">
<kw name="GET On Session" owner="RequestsLibrary">
<msg time="2024-05-14T17:12:30.025261" level="INFO">GET Request : url=https://randomuser.me/api 
 path_url=/api 
 headers={'User-Agent': 'python-requests/2.31.0', 'Accept-Encoding': 'gzip, deflate', 'Accept': '*/*', 'Connection': 'keep-alive'} 
 body=None 
 </msg>
<msg time="2024-05-14T17:12:30.025362" level="INFO">GET Response : url=https://randomuser.me/api 
 status=200, reason=OK 
 headers={'Date': 'Tue, 14 May 2024 17:12:30 GMT', 'Content-Type': 'application/json; charset=utf-8', 'Transfer-Encoding': 'chunked', 'Connection': 'keep-alive', 'X-Powered-By': 'Express', 'Access-Control-Allow-Origin': '*', 'Cache-Control': 'no-cache', 'ETag': 'W/"493-UjiLjd4NTow9R3fowYYjECHiTj4"', 'Vary': 'Accept-Encoding', 'Content-Encoding': 'gzip', 'CF-Cache-Status': 'DYNAMIC', 'Report-To': '{"endpoints":[{"url":"https:\\/\\/a.nel.cloudflare.com\\/report\\/v4?s=DOmdIl9FM%2BM4DUi7NuoLwSZNnNhjI2S%2FT35OfjRU2NrLWRz1M5xhVefEXY5S4hV4X%2FY5VOZVpJsj0WtbXnAWRlgJvO%2Fmkhhs%2F4grZSb%2BpgnoToWn7iLDYvS1LTqDt1ab"}],"group":"cf-nel","max_age":604800}', 'NEL': '{"success_fraction":0,"report_to":"cf-nel","max_age":604800}', 'Server': 'cloudflare', 'CF-RAY': '883c8364be3f204e-IAD', 'alt-svc': 'h3=":443"; ma=86400'} 
 body={"results":[{"gender":"male","name":{"title":"Mr","first":"Miro","last":"Juntunen"},"location":{"street":{"number":5315,"name":"Mannerheimintie"},"city":"Malax","state":"Åland","country":"Finland","postcode":59286,"coordinates":{"latitude":"-27.0333","longitude":"-146.0002"},"timezone":{"offset":"+9:00","description":"Tokyo, Seoul, Osaka, Sapporo, Yakutsk"}},"email":"miro.juntunen@example.com","login":{"uuid":"93e857f8-934c-4c4b-9531-abf502cecf53","username":"brownbird673","password":"faithful","salt":"MnqUVqRM","md5":"4b3a598d9ecc1c55ae0d86a4f5771d00","sha1":"355c9bd204c03d38748bcbaf7c01df786001027d","sha256":"df46a7c92775ffd746e8a24d2249a500d598c110ed26676acbab57a77db3c117"},"dob":{"date":"1985-11-09T11:32:20.550Z","age":38},"registered":{"date":"2022-05-07T10:03:19.675Z","age":2},"phone":"02-179-793","cell":"042-846-53-15","id":{"name":"HETU","value":"NaNNA315undefined"},"picture":{"large":"https://randomuser.me/api/portraits/men/35.jpg","medium":"https://randomuser.me/api/portraits/med/men/35.jpg","thumbnail":"https://randomuser.me/api/portraits/thumb/men/35.jpg"},"nat":"FI"}],"info":{"seed":"a0b77250c2e4ddce","results":1,"page":1,"version":"1.4"}} 
 </msg>
<msg time="2024-05-14T17:12:30.025433" level="INFO">/opt/hostedtoolcache/Python/3.12.3/x64/lib/python3.12/site-packages/urllib3/connectionpool.py:1103: InsecureRequestWarning: Unverified HTTPS request is being made to host 'randomuser.me'. Adding certificate verification is strongly advised. See: https://urllib3.readthedocs.io/en/latest/advanced-usage.html#tls-warnings
  warnings.warn(</msg>
<msg time="2024-05-14T17:12:30.025570" level="INFO">${response} = &lt;Response [200]&gt;</msg>
<var>${response}</var>
<arg>consultarAPI</arg>
<arg>/api</arg>
<doc>Sends a GET request on a previously created HTTP Session.</doc>
<status status="PASS" start="2024-05-14T17:12:27.633206" elapsed="2.392407"/>
</kw>
<kw name="Set Variable" owner="BuiltIn">
<msg time="2024-05-14T17:12:30.026673" level="INFO">${json_data} = {'results': [{'gender': 'male', 'name': {'title': 'Mr', 'first': 'Miro', 'last': 'Juntunen'}, 'location': {'street': {'number': 5315, 'name': 'Mannerheimintie'}, 'city': 'Malax', 'state': 'Åland', 'co...</msg>
<var>${json_data}</var>
<arg>${response.json()}</arg>
<doc>Returns the given values which can then be assigned to a variables.</doc>
<status status="PASS" start="2024-05-14T17:12:30.026141" elapsed="0.000561"/>
</kw>
<kw name="Log" owner="BuiltIn">
<msg time="2024-05-14T17:12:30.027239" level="INFO">{'results': [{'gender': 'male', 'name': {'title': 'Mr', 'first': 'Miro', 'last': 'Juntunen'}, 'location': {'street': {'number': 5315, 'name': 'Mannerheimintie'}, 'city': 'Malax', 'state': 'Åland', 'country': 'Finland', 'postcode': 59286, 'coordinates': {'latitude': '-27.0333', 'longitude': '-146.0002'}, 'timezone': {'offset': '+9:00', 'description': 'Tokyo, Seoul, Osaka, Sapporo, Yakutsk'}}, 'email': 'miro.juntunen@example.com', 'login': {'uuid': '93e857f8-934c-4c4b-9531-abf502cecf53', 'username': 'brownbird673', 'password': 'faithful', 'salt': 'MnqUVqRM', 'md5': '4b3a598d9ecc1c55ae0d86a4f5771d00', 'sha1': '355c9bd204c03d38748bcbaf7c01df786001027d', 'sha256': 'df46a7c92775ffd746e8a24d2249a500d598c110ed26676acbab57a77db3c117'}, 'dob': {'date': '1985-11-09T11:32:20.550Z', 'age': 38}, 'registered': {'date': '2022-05-07T10:03:19.675Z', 'age': 2}, 'phone': '02-179-793', 'cell': '042-846-53-15', 'id': {'name': 'HETU', 'value': 'NaNNA315undefined'}, 'picture': {'large': 'https://randomuser.me/api/portraits/men/35.jpg', 'medium': 'https://randomuser.me/api/portraits/med/men/35.jpg', 'thumbnail': 'https://randomuser.me/api/portraits/thumb/men/35.jpg'}, 'nat': 'FI'}], 'info': {'seed': 'a0b77250c2e4ddce', 'results': 1, 'page': 1, 'version': '1.4'}}</msg>
<arg>${json_data}</arg>
<doc>Logs the given message with the given level.</doc>
<status status="PASS" start="2024-05-14T17:12:30.027066" elapsed="0.000261"/>
</kw>
<kw name="Should Be String" owner="String">
<arg>${json_data['results'][0]['gender']}</arg>
<doc>Fails if the given ``item`` is not a string.</doc>
<status status="PASS" start="2024-05-14T17:12:30.027624" elapsed="0.000363"/>
</kw>
<kw name="Should Match Regexp" owner="BuiltIn">
<arg>${json_data['results'][0]['email']}</arg>
<arg>^[a-zA-Z0-9._%+-]+@[a-zA-Z0-9.-]+\.[a-zA-Z]{2,}$</arg>
<doc>Fails if ``string`` does not match ``pattern`` as a regular expression.</doc>
<status status="PASS" start="2024-05-14T17:12:30.028176" elapsed="0.000507"/>
</kw>
<kw name="Should Match Regexp" owner="BuiltIn">
<arg>${json_data['results'][0]['dob']['date']}</arg>
<arg>\\d{4}-\\d{2}-\\d{2}T\\d{2}:\\d{2}:\\d{2}\\.\\d{3}Z</arg>
<doc>Fails if ``string`` does not match ``pattern`` as a regular expression.</doc>
<status status="PASS" start="2024-05-14T17:12:30.028873" elapsed="0.000478"/>
</kw>
<kw name="Should Match Regexp" owner="BuiltIn">
<arg>${json_data['results'][0]['registered']['date']}</arg>
<arg>\\d{4}-\\d{2}-\\d{2}T\\d{2}:\\d{2}:\\d{2}\\.\\d{3}Z</arg>
<doc>Fails if ``string`` does not match ``pattern`` as a regular expression.</doc>
<status status="PASS" start="2024-05-14T17:12:30.029540" elapsed="0.000362"/>
</kw>
<kw name="Should Match Regexp" owner="BuiltIn">
<arg>${json_data['results'][0]['picture']['large']}</arg>
<arg>^https?://.*\.(?:png|jpe?g|gif|bmp)$</arg>
<doc>Fails if ``string`` does not match ``pattern`` as a regular expression.</doc>
<status status="PASS" start="2024-05-14T17:12:30.030083" elapsed="0.000470"/>
</kw>
<kw name="Should Match Regexp" owner="BuiltIn">
<arg>${json_data['results'][0]['picture']['medium']}</arg>
<arg>^https?://.*\.(?:png|jpe?g|gif|bmp)$</arg>
<doc>Fails if ``string`` does not match ``pattern`` as a regular expression.</doc>
<status status="PASS" start="2024-05-14T17:12:30.030737" elapsed="0.000377"/>
</kw>
<kw name="Should Match Regexp" owner="BuiltIn">
<arg>${json_data['results'][0]['picture']['thumbnail']}</arg>
<arg>^https?://.*\.(?:png|jpe?g|gif|bmp)$</arg>
<doc>Fails if ``string`` does not match ``pattern`` as a regular expression.</doc>
<status status="PASS" start="2024-05-14T17:12:30.031300" elapsed="0.000348"/>
</kw>
<kw name="Log" owner="BuiltIn">
<msg time="2024-05-14T17:12:30.032142" level="INFO">{'large': 'https://randomuser.me/api/portraits/men/35.jpg', 'medium': 'https://randomuser.me/api/portraits/med/men/35.jpg', 'thumbnail': 'https://randomuser.me/api/portraits/thumb/men/35.jpg'}</msg>
<arg>${json_data['results'][0]['picture']}</arg>
<doc>Logs the given message with the given level.</doc>
<status status="PASS" start="2024-05-14T17:12:30.031825" elapsed="0.000357"/>
</kw>
<status status="PASS" start="2024-05-14T17:12:27.632979" elapsed="2.399460"/>
</kw>
<kw name="Teste de Tipos de Dados - Postcode" owner="random-user-service">
<kw name="GET On Session" owner="RequestsLibrary">
<msg time="2024-05-14T17:12:30.790767" level="INFO">GET Request : url=https://randomuser.me/api 
 path_url=/api 
 headers={'User-Agent': 'python-requests/2.31.0', 'Accept-Encoding': 'gzip, deflate', 'Accept': '*/*', 'Connection': 'keep-alive'} 
 body=None 
 </msg>
<msg time="2024-05-14T17:12:30.790870" level="INFO">GET Response : url=https://randomuser.me/api 
 status=200, reason=OK 
 headers={'Date': 'Tue, 14 May 2024 17:12:30 GMT', 'Content-Type': 'application/json; charset=utf-8', 'Transfer-Encoding': 'chunked', 'Connection': 'keep-alive', 'X-Powered-By': 'Express', 'Access-Control-Allow-Origin': '*', 'Cache-Control': 'no-cache', 'ETag': 'W/"482-J4xAb0OPoKeDXEBWeXBBERIoZYc"', 'Vary': 'Accept-Encoding', 'Content-Encoding': 'gzip', 'CF-Cache-Status': 'DYNAMIC', 'Report-To': '{"endpoints":[{"url":"https:\\/\\/a.nel.cloudflare.com\\/report\\/v4?s=RGuZRjzZ4%2BBJbFPhcHqvWEQVU7KL3LC8uy3hKjp1jqD284SHeQwB2gkbbBIy9iPS5ETdTRbj%2FqdeGcxa3gAjPwnWpjPT%2FGx6m4CYTA8QJI6hHSuX0hAJRE1XedpCgHzE"}],"group":"cf-nel","max_age":604800}', 'NEL': '{"success_fraction":0,"report_to":"cf-nel","max_age":604800}', 'Server': 'cloudflare', 'CF-RAY': '883c8373b9b7204e-IAD', 'alt-svc': 'h3=":443"; ma=86400'} 
 body={"results":[{"gender":"male","name":{"title":"Mr","first":"Ege","last":"Süleymanoğlu"},"location":{"street":{"number":3490,"name":"Necatibey Cd"},"city":"Siirt","state":"Edirne","country":"Turkey","postcode":76360,"coordinates":{"latitude":"67.3518","longitude":"-56.8716"},"timezone":{"offset":"+4:00","description":"Abu Dhabi, Muscat, Baku, Tbilisi"}},"email":"ege.suleymanoglu@example.com","login":{"uuid":"5b958b4b-78ee-4975-97fc-376ab2435703","username":"yellowrabbit294","password":"jazz","salt":"BH33LCwt","md5":"ec9d043b0b923223e462a57765fac78d","sha1":"3cde9bd6166d8f34964a4d885a8d803910b9ca42","sha256":"3258ec67a1894d596e1153cc06960bd112fb0fc3920d3dc377f5107bf74021f7"},"dob":{"date":"1972-11-20T06:33:20.146Z","age":51},"registered":{"date":"2010-10-09T20:05:48.366Z","age":13},"phone":"(712)-134-0156","cell":"(861)-464-5224","id":{"name":"","value":null},"picture":{"large":"https://randomuser.me/api/portraits/men/68.jpg","medium":"https://randomuser.me/api/portraits/med/men/68.jpg","thumbnail":"https://randomuser.me/api/portraits/thumb/men/68.jpg"},"nat":"TR"}],"info":{"seed":"f82278f9c4d92bc2","results":1,"page":1,"version":"1.4"}} 
 </msg>
<msg time="2024-05-14T17:12:30.790984" level="INFO">/opt/hostedtoolcache/Python/3.12.3/x64/lib/python3.12/site-packages/urllib3/connectionpool.py:1103: InsecureRequestWarning: Unverified HTTPS request is being made to host 'randomuser.me'. Adding certificate verification is strongly advised. See: https://urllib3.readthedocs.io/en/latest/advanced-usage.html#tls-warnings
  warnings.warn(</msg>
<msg time="2024-05-14T17:12:30.791131" level="INFO">${response} = &lt;Response [200]&gt;</msg>
<var>${response}</var>
<arg>consultarAPI</arg>
<arg>/api</arg>
<doc>Sends a GET request on a previously created HTTP Session.</doc>
<status status="PASS" start="2024-05-14T17:12:30.032935" elapsed="0.758236"/>
</kw>
<kw name="Set Variable" owner="BuiltIn">
<msg time="2024-05-14T17:12:30.792770" level="INFO">${json_data} = {'results': [{'gender': 'male', 'name': {'title': 'Mr', 'first': 'Ege', 'last': 'Süleymanoğlu'}, 'location': {'street': {'number': 3490, 'name': 'Necatibey Cd'}, 'city': 'Siirt', 'state': 'Edirne', 'c...</msg>
<var>${json_data}</var>
<arg>${response.json()}</arg>
<doc>Returns the given values which can then be assigned to a variables.</doc>
<status status="PASS" start="2024-05-14T17:12:30.792025" elapsed="0.000808"/>
</kw>
<kw name="Log" owner="BuiltIn">
<msg time="2024-05-14T17:12:30.795893" level="INFO">{'results': [{'gender': 'male', 'name': {'title': 'Mr', 'first': 'Ege', 'last': 'Süleymanoğlu'}, 'location': {'street': {'number': 3490, 'name': 'Necatibey Cd'}, 'city': 'Siirt', 'state': 'Edirne', 'country': 'Turkey', 'postcode': 76360, 'coordinates': {'latitude': '67.3518', 'longitude': '-56.8716'}, 'timezone': {'offset': '+4:00', 'description': 'Abu Dhabi, Muscat, Baku, Tbilisi'}}, 'email': 'ege.suleymanoglu@example.com', 'login': {'uuid': '5b958b4b-78ee-4975-97fc-376ab2435703', 'username': 'yellowrabbit294', 'password': 'jazz', 'salt': 'BH33LCwt', 'md5': 'ec9d043b0b923223e462a57765fac78d', 'sha1': '3cde9bd6166d8f34964a4d885a8d803910b9ca42', 'sha256': '3258ec67a1894d596e1153cc06960bd112fb0fc3920d3dc377f5107bf74021f7'}, 'dob': {'date': '1972-11-20T06:33:20.146Z', 'age': 51}, 'registered': {'date': '2010-10-09T20:05:48.366Z', 'age': 13}, 'phone': '(712)-134-0156', 'cell': '(861)-464-5224', 'id': {'name': '', 'value': None}, 'picture': {'large': 'https://randomuser.me/api/portraits/men/68.jpg', 'medium': 'https://randomuser.me/api/portraits/med/men/68.jpg', 'thumbnail': 'https://randomuser.me/api/portraits/thumb/men/68.jpg'}, 'nat': 'TR'}], 'info': {'seed': 'f82278f9c4d92bc2', 'results': 1, 'page': 1, 'version': '1.4'}}</msg>
<arg>${json_data}</arg>
<doc>Logs the given message with the given level.</doc>
<status status="PASS" start="2024-05-14T17:12:30.795650" elapsed="0.000361"/>
</kw>
<kw name="Should Be Equal As Numbers" owner="BuiltIn">
<arg>${json_data['results'][0]['location']['postcode']}</arg>
<arg>${json_data['results'][0]['location']['postcode']}</arg>
<doc>Fails if objects are unequal after converting them to real numbers.</doc>
<status status="PASS" start="2024-05-14T17:12:30.796389" elapsed="0.001074"/>
</kw>
<kw name="Log" owner="BuiltIn">
<msg time="2024-05-14T17:12:30.798398" level="INFO">76360</msg>
<arg>${json_data['results'][0]['location']['postcode']}</arg>
<doc>Logs the given message with the given level.</doc>
<status status="PASS" start="2024-05-14T17:12:30.797900" elapsed="0.000543"/>
</kw>
<status status="PASS" start="2024-05-14T17:12:30.032667" elapsed="0.766115"/>
</kw>
<doc>Testa se os tipos de dados na resposta da API estão corretos.</doc>
<tag>testeTiposDados</tag>
<status status="PASS" start="2024-05-14T17:12:27.632507" elapsed="3.166527"/>
</test>
<test id="s1-s1-t5" name="Validar conteudo" line="35">
<kw name="Teste de Tipos de Conteudo" owner="random-user-service">
<kw name="GET On Session" owner="RequestsLibrary">
<msg time="2024-05-14T17:12:31.104209" level="INFO">GET Request : url=https://randomuser.me/api 
 path_url=/api 
 headers={'User-Agent': 'python-requests/2.31.0', 'Accept-Encoding': 'gzip, deflate', 'Accept': '*/*', 'Connection': 'keep-alive'} 
 body=None 
 </msg>
<msg time="2024-05-14T17:12:31.104313" level="INFO">GET Response : url=https://randomuser.me/api 
 status=200, reason=OK 
 headers={'Date': 'Tue, 14 May 2024 17:12:31 GMT', 'Content-Type': 'application/json; charset=utf-8', 'Transfer-Encoding': 'chunked', 'Connection': 'keep-alive', 'X-Powered-By': 'Express', 'Access-Control-Allow-Origin': '*', 'Cache-Control': 'no-cache', 'ETag': 'W/"491-XBPUqoCy2vt5M+JJFmykrNVuXD4"', 'Vary': 'Accept-Encoding', 'Content-Encoding': 'gzip', 'CF-Cache-Status': 'DYNAMIC', 'Report-To': '{"endpoints":[{"url":"https:\\/\\/a.nel.cloudflare.com\\/report\\/v4?s=6ml%2Fx2Wtk7NOCLpH4SqiowyNcAvW9FS8ZUzDWf9nFnQmHc2DdzFIKrL7OBwSVxe%2F1%2BljpapbZcQGE00VKPvLXXP55636oX9JCcUAEw5McB1LmKopOWSdgL8%2BkZaxTWzY"}],"group":"cf-nel","max_age":604800}', 'NEL': '{"success_fraction":0,"report_to":"cf-nel","max_age":604800}', 'Server': 'cloudflare', 'CF-RAY': '883c8378884d204e-IAD', 'alt-svc': 'h3=":443"; ma=86400'} 
 body={"results":[{"gender":"male","name":{"title":"Mr","first":"David","last":"Cruz"},"location":{"street":{"number":5951,"name":"Calle de Toledo"},"city":"San Sebastián de Los Reyes","state":"Cantabria","country":"Spain","postcode":34599,"coordinates":{"latitude":"-33.5400","longitude":"-8.4564"},"timezone":{"offset":"-8:00","description":"Pacific Time (US &amp; Canada)"}},"email":"david.cruz@example.com","login":{"uuid":"4229ab44-9d03-4203-8a03-73faad1c0fac","username":"beautifulduck525","password":"outback","salt":"LZbmldms","md5":"cca77836ce23c78ae1cba4b4a93aaac9","sha1":"8435a592525f4eee9f16565bc26cf4a90e6acac9","sha256":"877517f7e26ecdd32c03c4660d55dd9a82e2ba7bebde00752b01291dc6d06ca9"},"dob":{"date":"1955-05-21T16:37:41.088Z","age":68},"registered":{"date":"2021-07-29T09:16:32.762Z","age":2},"phone":"968-180-967","cell":"654-292-077","id":{"name":"DNI","value":"12993175-I"},"picture":{"large":"https://randomuser.me/api/portraits/men/67.jpg","medium":"https://randomuser.me/api/portraits/med/men/67.jpg","thumbnail":"https://randomuser.me/api/portraits/thumb/men/67.jpg"},"nat":"ES"}],"info":{"seed":"a864f2ae3ca14e68","results":1,"page":1,"version":"1.4"}} 
 </msg>
<msg time="2024-05-14T17:12:31.104385" level="INFO">/opt/hostedtoolcache/Python/3.12.3/x64/lib/python3.12/site-packages/urllib3/connectionpool.py:1103: InsecureRequestWarning: Unverified HTTPS request is being made to host 'randomuser.me'. Adding certificate verification is strongly advised. See: https://urllib3.readthedocs.io/en/latest/advanced-usage.html#tls-warnings
  warnings.warn(</msg>
<msg time="2024-05-14T17:12:31.104523" level="INFO">${response} = &lt;Response [200]&gt;</msg>
<var>${response}</var>
<arg>consultarAPI</arg>
<arg>/api</arg>
<doc>Sends a GET request on a previously created HTTP Session.</doc>
<status status="PASS" start="2024-05-14T17:12:30.802114" elapsed="0.302453"/>
</kw>
<kw name="Set Variable" owner="BuiltIn">
<msg time="2024-05-14T17:12:31.105600" level="INFO">${json_data} = {'results': [{'gender': 'male', 'name': {'title': 'Mr', 'first': 'David', 'last': 'Cruz'}, 'location': {'street': {'number': 5951, 'name': 'Calle de Toledo'}, 'city': 'San Sebastián de Los Reyes', 'st...</msg>
<var>${json_data}</var>
<arg>${response.json()}</arg>
<doc>Returns the given values which can then be assigned to a variables.</doc>
<status status="PASS" start="2024-05-14T17:12:31.105084" elapsed="0.000545"/>
</kw>
<kw name="Set Variable" owner="BuiltIn">
<msg time="2024-05-14T17:12:31.106312" level="INFO">${name_title} = Mr</msg>
<var>${name_title}</var>
<arg>${json_data["results"][0]["name"]["title"]}</arg>
<doc>Returns the given values which can then be assigned to a variables.</doc>
<status status="PASS" start="2024-05-14T17:12:31.105931" elapsed="0.000407"/>
</kw>
<kw name="Create List" owner="BuiltIn">
<msg time="2024-05-14T17:12:31.106792" level="INFO">${allowed_titles} = ['Mr', 'Ms', 'Miss', 'Mrs', 'Madame', 'Monsieur']</msg>
<var>${allowed_titles}</var>
<arg>Mr</arg>
<arg>Ms</arg>
<arg>Miss</arg>
<arg>Mrs</arg>
<arg>Madame</arg>
<arg>Monsieur</arg>
<doc>Returns a list containing given items.</doc>
<status status="PASS" start="2024-05-14T17:12:31.106644" elapsed="0.000172"/>
</kw>
<kw name="List Should Contain Value" owner="Collections">
<msg time="2024-05-14T17:12:31.107336" level="INFO">False</msg>
<arg>${allowed_titles}</arg>
<arg>${name_title}</arg>
<doc>Fails if the ``value`` is not found from ``list``.</doc>
<status status="PASS" start="2024-05-14T17:12:31.107161" elapsed="0.000212"/>
</kw>
<kw name="Set Variable" owner="BuiltIn">
<msg time="2024-05-14T17:12:31.108046" level="INFO">${name_country} = ES</msg>
<var>${name_country}</var>
<arg>${json_data["results"][0]["nat"]}</arg>
<doc>Returns the given values which can then be assigned to a variables.</doc>
<status status="PASS" start="2024-05-14T17:12:31.107663" elapsed="0.000407"/>
</kw>
<kw name="Create List" owner="BuiltIn">
<msg time="2024-05-14T17:12:31.108957" level="INFO">${list_country} = ['AD', 'AE', 'AF', 'AG', 'AI', 'AL', 'AM', 'AO', 'AQ', 'AR', 'AS', 'AT', 'AU', 'AW', 'AX', 'AZ', 'BA', 'BB', 'BD', 'BE', 'BF', 'BG', 'BH', 'BI', 'BJ', 'BL', 'BM', 'BN', 'BO', 'BQ', 'BR', 'BS', 'BT', '...</msg>
<var>${list_country}</var>
<arg>AD</arg>
<arg>AE</arg>
<arg>AF</arg>
<arg>AG</arg>
<arg>AI</arg>
<arg>AL</arg>
<arg>AM</arg>
<arg>AO</arg>
<arg>AQ</arg>
<arg>AR</arg>
<arg>AS</arg>
<arg>AT</arg>
<arg>AU</arg>
<arg>AW</arg>
<arg>AX</arg>
<arg>AZ</arg>
<arg>BA</arg>
<arg>BB</arg>
<arg>BD</arg>
<arg>BE</arg>
<arg>BF</arg>
<arg>BG</arg>
<arg>BH</arg>
<arg>BI</arg>
<arg>BJ</arg>
<arg>BL</arg>
<arg>BM</arg>
<arg>BN</arg>
<arg>BO</arg>
<arg>BQ</arg>
<arg>BR</arg>
<arg>BS</arg>
<arg>BT</arg>
<arg>BV</arg>
<arg>BW</arg>
<arg>BY</arg>
<arg>BZ</arg>
<arg>CA</arg>
<arg>CC</arg>
<arg>CD</arg>
<arg>CF</arg>
<arg>CG</arg>
<arg>CH</arg>
<arg>CI</arg>
<arg>CK</arg>
<arg>CL</arg>
<arg>CM</arg>
<arg>CN</arg>
<arg>CO</arg>
<arg>CR</arg>
<arg>CU</arg>
<arg>CV</arg>
<arg>CW</arg>
<arg>CX</arg>
<arg>CY</arg>
<arg>CZ</arg>
<arg>DE</arg>
<arg>DJ</arg>
<arg>DK</arg>
<arg>DM</arg>
<arg>DO</arg>
<arg>DZ</arg>
<arg>EC</arg>
<arg>EE</arg>
<arg>EG</arg>
<arg>EH</arg>
<arg>ER</arg>
<arg>ES</arg>
<arg>ET</arg>
<arg>FI</arg>
<arg>FJ</arg>
<arg>FK</arg>
<arg>FM</arg>
<arg>FO</arg>
<arg>FR</arg>
<arg>GA</arg>
<arg>GB</arg>
<arg>GD</arg>
<arg>GE</arg>
<arg>GF</arg>
<arg>GG</arg>
<arg>GH</arg>
<arg>GI</arg>
<arg>GL</arg>
<arg>GM</arg>
<arg>GN</arg>
<arg>GP</arg>
<arg>GQ</arg>
<arg>GR</arg>
<arg>GS</arg>
<arg>GT</arg>
<arg>GU</arg>
<arg>GW</arg>
<arg>GY</arg>
<arg>HK</arg>
<arg>HM</arg>
<arg>HN</arg>
<arg>HR</arg>
<arg>HT</arg>
<arg>HU</arg>
<arg>ID</arg>
<arg>IE</arg>
<arg>IL</arg>
<arg>IM</arg>
<arg>IN</arg>
<arg>IO</arg>
<arg>IQ</arg>
<arg>IR</arg>
<arg>IS</arg>
<arg>IT</arg>
<arg>JE</arg>
<arg>JM</arg>
<arg>JO</arg>
<arg>JP</arg>
<arg>KE</arg>
<arg>KG</arg>
<arg>KH</arg>
<arg>KI</arg>
<arg>KM</arg>
<arg>KN</arg>
<arg>KP</arg>
<arg>KR</arg>
<arg>KW</arg>
<arg>KY</arg>
<arg>KZ</arg>
<arg>LA</arg>
<arg>LB</arg>
<arg>LC</arg>
<arg>LI</arg>
<arg>LK</arg>
<arg>LR</arg>
<arg>LS</arg>
<arg>LT</arg>
<arg>LU</arg>
<arg>LV</arg>
<arg>LY</arg>
<arg>MA</arg>
<arg>MC</arg>
<arg>MD</arg>
<arg>ME</arg>
<arg>MF</arg>
<arg>MG</arg>
<arg>MH</arg>
<arg>MK</arg>
<arg>ML</arg>
<arg>MM</arg>
<arg>MN</arg>
<arg>MO</arg>
<arg>MP</arg>
<arg>MQ</arg>
<arg>MR</arg>
<arg>MS</arg>
<arg>MT</arg>
<arg>MU</arg>
<arg>MV</arg>
<arg>MW</arg>
<arg>MX</arg>
<arg>MY</arg>
<arg>MZ</arg>
<arg>NA</arg>
<arg>NC</arg>
<arg>NE</arg>
<arg>NF</arg>
<arg>NG</arg>
<arg>NI</arg>
<arg>NL</arg>
<arg>NO</arg>
<arg>NP</arg>
<arg>NR</arg>
<arg>NU</arg>
<arg>NZ</arg>
<arg>OM</arg>
<arg>PA</arg>
<arg>PE</arg>
<arg>PF</arg>
<arg>PG</arg>
<arg>PH</arg>
<arg>PK</arg>
<arg>PL</arg>
<arg>PM</arg>
<arg>PN</arg>
<arg>PR</arg>
<arg>PS</arg>
<arg>PT</arg>
<arg>PW</arg>
<arg>PY</arg>
<arg>QA</arg>
<arg>RE</arg>
<arg>RO</arg>
<arg>RS</arg>
<arg>RU</arg>
<arg>RW</arg>
<arg>SA</arg>
<arg>SB</arg>
<arg>SC</arg>
<arg>SD</arg>
<arg>SE</arg>
<arg>SG</arg>
<arg>SH</arg>
<arg>SI</arg>
<arg>SJ</arg>
<arg>SK</arg>
<arg>SL</arg>
<arg>SM</arg>
<arg>SN</arg>
<arg>SO</arg>
<arg>SR</arg>
<arg>SS</arg>
<arg>ST</arg>
<arg>SV</arg>
<arg>SX</arg>
<arg>SY</arg>
<arg>SZ</arg>
<arg>TC</arg>
<arg>TD</arg>
<arg>TF</arg>
<arg>TG</arg>
<arg>TH</arg>
<arg>TJ</arg>
<arg>TK</arg>
<arg>TL</arg>
<arg>TM</arg>
<arg>TN</arg>
<arg>TO</arg>
<arg>TR</arg>
<arg>TT</arg>
<arg>TV</arg>
<arg>TW</arg>
<arg>TZ</arg>
<arg>UA</arg>
<arg>UG</arg>
<arg>UM</arg>
<arg>US</arg>
<arg>UY</arg>
<arg>UZ</arg>
<arg>VA</arg>
<arg>VC</arg>
<arg>VE</arg>
<arg>VG</arg>
<arg>VI</arg>
<arg>VN</arg>
<arg>VU</arg>
<arg>WF</arg>
<arg>WS</arg>
<arg>XK</arg>
<arg>YE</arg>
<arg>YT</arg>
<arg>ZA</arg>
<arg>ZM</arg>
<arg>ZW</arg>
<doc>Returns a list containing given items.</doc>
<status status="PASS" start="2024-05-14T17:12:31.108373" elapsed="0.000610"/>
</kw>
<kw name="List Should Contain Value" owner="Collections">
<msg time="2024-05-14T17:12:31.109960" level="INFO">False</msg>
<arg>${list_country}</arg>
<arg>${name_country}</arg>
<doc>Fails if the ``value`` is not found from ``list``.</doc>
<status status="PASS" start="2024-05-14T17:12:31.109764" elapsed="0.000232"/>
</kw>
<kw name="Run Keyword If" owner="BuiltIn">
<kw name="Should Be True" owner="BuiltIn">
<arg>${True}</arg>
<doc>Fails if the given condition is not true.</doc>
<status status="PASS" start="2024-05-14T17:12:31.111087" elapsed="0.000144"/>
</kw>
<arg>${json_data["results"][0]["location"]["coordinates"]["latitude"]} &gt;= -90 and ${json_data["results"][0]["location"]["coordinates"]["latitude"]} &lt;= 90</arg>
<arg>Should Be True</arg>
<arg>${True}</arg>
<doc>Runs the given keyword with the given arguments, if ``condition`` is true.</doc>
<status status="PASS" start="2024-05-14T17:12:31.110304" elapsed="0.001053"/>
</kw>
<kw name="Run Keyword If" owner="BuiltIn">
<kw name="Should Be True" owner="BuiltIn">
<arg>${True}</arg>
<doc>Fails if the given condition is not true.</doc>
<status status="PASS" start="2024-05-14T17:12:31.112239" elapsed="0.000251"/>
</kw>
<arg>${json_data["results"][0]["location"]["coordinates"]["longitude"]} &gt;= -180 and ${json_data["results"][0]["location"]["coordinates"]["longitude"]} &lt;= 180</arg>
<arg>Should Be True</arg>
<arg>${True}</arg>
<doc>Runs the given keyword with the given arguments, if ``condition`` is true.</doc>
<status status="PASS" start="2024-05-14T17:12:31.111539" elapsed="0.001075"/>
</kw>
<status status="PASS" start="2024-05-14T17:12:30.801813" elapsed="0.310934"/>
</kw>
<doc>Testa o conteúdo específico dos campos retornados pela API.</doc>
<tag>testeConteudo</tag>
<status status="PASS" start="2024-05-14T17:12:30.801238" elapsed="0.311662"/>
</test>
<status status="PASS" start="2024-05-14T17:12:26.129745" elapsed="4.985077"/>
</suite>
<status status="PASS" start="2024-05-14T17:12:26.116280" elapsed="5.003710"/>
</suite>
<statistics>
<total>
<stat pass="5" fail="0" skip="0">All Tests</stat>
</total>
<tag>
<stat pass="1" fail="0" skip="0">testeConteudo</stat>
<stat pass="1" fail="0" skip="0">testeEstruturaResposta</stat>
<stat pass="1" fail="0" skip="0">testeRequisicaoBasica</stat>
<stat pass="1" fail="0" skip="0">testeTiposDados</stat>
</tag>
<suite>
<stat pass="5" fail="0" skip="0" id="s1" name="Tests">Tests</stat>
<stat pass="5" fail="0" skip="0" id="s1-s1" name="Random-User-Test">Tests.Random-User-Test</stat>
</suite>
</statistics>
<errors>
</errors>
</robot>
