<?xml version="1.0" encoding="UTF-8"?>
<robot generator="Robot 7.0 (Python 3.12.3 on linux)" generated="2024-04-25T12:21:31.735941" rpa="false" schemaversion="5">
<suite id="s1" name="Tests" source="/home/runner/work/DesafioQAItauRogerioJordao/DesafioQAItauRogerioJordao/RamdonUser/tests">
<suite id="s1-s1" name="Random-User-Test" source="/home/runner/work/DesafioQAItauRogerioJordao/DesafioQAItauRogerioJordao/RamdonUser/tests/random-user-test.robot">
<test id="s1-s1-t1" name="Conectar" line="13">
<kw name="Conectar API" owner="random-user-service">
<kw name="Create Session" owner="RequestsLibrary">
<msg time="2024-04-25T12:21:32.128856" level="INFO">Creating Session using : alias=consultarAPI, url=https://randomuser.me/, headers={},                     cookies={}, auth=None, timeout=None, proxies=None, verify=False,                     debug=0 </msg>
<arg>consultarAPI</arg>
<arg>${URL}</arg>
<doc>Create Session: create a HTTP session to a server</doc>
<status status="PASS" start="2024-04-25T12:21:32.128644" elapsed="0.000423"/>
</kw>
<status status="PASS" start="2024-04-25T12:21:32.127597" elapsed="0.001849"/>
</kw>
<status status="PASS" start="2024-04-25T12:21:32.127018" elapsed="0.002619"/>
</test>
<test id="s1-s1-t2" name="Validar retorno 200 e JSON Válido" line="16">
<kw name="Teste de Requisicao Basica" owner="random-user-service">
<kw name="GET On Session" owner="RequestsLibrary">
<msg time="2024-04-25T12:21:32.299304" level="INFO">GET Request : url=https://randomuser.me/api 
 path_url=/api 
 headers={'User-Agent': 'python-requests/2.31.0', 'Accept-Encoding': 'gzip, deflate', 'Accept': '*/*', 'Connection': 'keep-alive'} 
 body=None 
 </msg>
<msg time="2024-04-25T12:21:32.299463" level="INFO">GET Response : url=https://randomuser.me/api 
 status=200, reason=OK 
 headers={'Date': 'Thu, 25 Apr 2024 12:21:32 GMT', 'Content-Type': 'application/json; charset=utf-8', 'Transfer-Encoding': 'chunked', 'Connection': 'keep-alive', 'X-Powered-By': 'Express', 'Access-Control-Allow-Origin': '*', 'Cache-Control': 'no-cache', 'ETag': 'W/"482-Im7MNME405hwJ7Xd7A1118lgLSc"', 'Vary': 'Accept-Encoding', 'Content-Encoding': 'gzip', 'CF-Cache-Status': 'DYNAMIC', 'Report-To': '{"endpoints":[{"url":"https:\\/\\/a.nel.cloudflare.com\\/report\\/v4?s=24FthxTeh0FMePuC9CKU2sZ1%2BahxNsei18%2B%2Fi5GZQkO%2BtFZ9WCFgF9rGmVNp6D%2BKZN4LVy7J3N51PZuBhLvV5PB3FeM3jYQSqXHsuDhAreR%2BQmdR9AuH4DtEkDY7AOVO"}],"group":"cf-nel","max_age":604800}', 'NEL': '{"success_fraction":0,"report_to":"cf-nel","max_age":604800}', 'Server': 'cloudflare', 'CF-RAY': '879e4b1c38b82b8d-LAX', 'alt-svc': 'h3=":443"; ma=86400'} 
 body={"results":[{"gender":"female","name":{"title":"Mrs","first":"Susan","last":"Long"},"location":{"street":{"number":7741,"name":"New Street"},"city":"Salisbury","state":"Lothian","country":"United Kingdom","postcode":"YP7 1AJ","coordinates":{"latitude":"-10.9004","longitude":"157.8562"},"timezone":{"offset":"-3:30","description":"Newfoundland"}},"email":"susan.long@example.com","login":{"uuid":"e854c7b9-819f-4785-8b1c-55b8654e0bfa","username":"silvergoose433","password":"bank","salt":"fK9DGurT","md5":"561df3eefa71ef43be7b92cad93e7b1f","sha1":"f3252f22a1da672737a5a90df0e672e1cc1b1fe0","sha256":"d648cfc1a69f7eb734a5225c3dc476a57e4d15257899b95e1468522f1f416048"},"dob":{"date":"1985-07-25T06:41:08.841Z","age":38},"registered":{"date":"2012-06-24T16:29:43.629Z","age":11},"phone":"016977 8584","cell":"07568 871583","id":{"name":"NINO","value":"PX 11 92 79 S"},"picture":{"large":"https://randomuser.me/api/portraits/women/42.jpg","medium":"https://randomuser.me/api/portraits/med/women/42.jpg","thumbnail":"https://randomuser.me/api/portraits/thumb/women/42.jpg"},"nat":"GB"}],"info":{"seed":"bd5da2040b43f357","results":1,"page":1,"version":"1.4"}} 
 </msg>
<msg time="2024-04-25T12:21:32.299551" level="INFO">/opt/hostedtoolcache/Python/3.12.3/x64/lib/python3.12/site-packages/urllib3/connectionpool.py:1103: InsecureRequestWarning: Unverified HTTPS request is being made to host 'randomuser.me'. Adding certificate verification is strongly advised. See: https://urllib3.readthedocs.io/en/latest/advanced-usage.html#tls-warnings
  warnings.warn(</msg>
<msg time="2024-04-25T12:21:32.299724" level="INFO">${response} = &lt;Response [200]&gt;</msg>
<var>${response}</var>
<arg>consultarAPI</arg>
<arg>/api</arg>
<doc>Sends a GET request on a previously created HTTP Session.</doc>
<status status="PASS" start="2024-04-25T12:21:32.132234" elapsed="0.167537"/>
</kw>
<kw name="Should Be Equal As Numbers" owner="BuiltIn">
<msg time="2024-04-25T12:21:32.300871" level="INFO">Argument types are:
&lt;class 'int'&gt;
&lt;class 'str'&gt;</msg>
<arg>${response.status_code}</arg>
<arg>200</arg>
<doc>Fails if objects are unequal after converting them to real numbers.</doc>
<status status="PASS" start="2024-04-25T12:21:32.300343" elapsed="0.000598"/>
</kw>
<kw name="Log" owner="BuiltIn">
<msg time="2024-04-25T12:21:32.301683" level="INFO">200</msg>
<arg>${response.status_code}</arg>
<doc>Logs the given message with the given level.</doc>
<status status="PASS" start="2024-04-25T12:21:32.301313" elapsed="0.000413"/>
</kw>
<kw name="Set Variable" owner="BuiltIn">
<msg time="2024-04-25T12:21:32.302478" level="INFO">${json_data} = {'results': [{'gender': 'female', 'name': {'title': 'Mrs', 'first': 'Susan', 'last': 'Long'}, 'location': {'street': {'number': 7741, 'name': 'New Street'}, 'city': 'Salisbury', 'state': 'Lothian', 'c...</msg>
<var>${json_data}</var>
<arg>${response.json()}</arg>
<doc>Returns the given values which can then be assigned to a variables.</doc>
<status status="PASS" start="2024-04-25T12:21:32.302036" elapsed="0.000470"/>
</kw>
<kw name="Dictionary Should Contain Key" owner="Collections">
<msg time="2024-04-25T12:21:32.302985" level="INFO">False</msg>
<arg>${json_data}</arg>
<arg>results</arg>
<doc>Fails if ``key`` is not found from ``dictionary``.</doc>
<status status="PASS" start="2024-04-25T12:21:32.302808" elapsed="0.000219"/>
</kw>
<status status="PASS" start="2024-04-25T12:21:32.131988" elapsed="0.171311"/>
</kw>
<doc>Testa se a API responde corretamente e retorna um objeto JSON válido.</doc>
<tag>testeRequisicaoBasica</tag>
<status status="PASS" start="2024-04-25T12:21:32.131529" elapsed="0.171962"/>
</test>
<test id="s1-s1-t3" name="Validar estrutura de resposta" line="22">
<kw name="Teste de Estrutura de Resposta" owner="random-user-service">
<kw name="GET On Session" owner="RequestsLibrary">
<msg time="2024-04-25T12:21:32.407583" level="INFO">GET Request : url=https://randomuser.me/api 
 path_url=/api 
 headers={'User-Agent': 'python-requests/2.31.0', 'Accept-Encoding': 'gzip, deflate', 'Accept': '*/*', 'Connection': 'keep-alive'} 
 body=None 
 </msg>
<msg time="2024-04-25T12:21:32.407689" level="INFO">GET Response : url=https://randomuser.me/api 
 status=200, reason=OK 
 headers={'Date': 'Thu, 25 Apr 2024 12:21:32 GMT', 'Content-Type': 'application/json; charset=utf-8', 'Transfer-Encoding': 'chunked', 'Connection': 'keep-alive', 'X-Powered-By': 'Express', 'Access-Control-Allow-Origin': '*', 'Cache-Control': 'no-cache', 'ETag': 'W/"48c-HqR/z5936PwWI3nGvaunisHd9ik"', 'Vary': 'Accept-Encoding', 'Content-Encoding': 'gzip', 'CF-Cache-Status': 'DYNAMIC', 'Report-To': '{"endpoints":[{"url":"https:\\/\\/a.nel.cloudflare.com\\/report\\/v4?s=JCjkyrTGaDfiH6Pu1fLvnNfLJ%2F8utRHWfv4rPC7rFZCH3I4OU5xn%2F%2Buokzkqk1Ykp0u%2BQ%2FkqUYg1XFoUZbfeSToesvSKejNKD95pb3%2FnJIUvOhb3EGyzXWVc94K4Un1r"}],"group":"cf-nel","max_age":604800}', 'NEL': '{"success_fraction":0,"report_to":"cf-nel","max_age":604800}', 'Server': 'cloudflare', 'CF-RAY': '879e4b1cf9492b8d-LAX', 'alt-svc': 'h3=":443"; ma=86400'} 
 body={"results":[{"gender":"male","name":{"title":"Mr","first":"Sebastián","last":"Moya"},"location":{"street":{"number":9895,"name":"Calle Mota"},"city":"Fuenlabrada","state":"País Vasco","country":"Spain","postcode":78582,"coordinates":{"latitude":"-31.3114","longitude":"-126.3128"},"timezone":{"offset":"+5:30","description":"Bombay, Calcutta, Madras, New Delhi"}},"email":"sebastian.moya@example.com","login":{"uuid":"e9bfd4ec-c1d5-4213-b054-98251835c491","username":"greenfish630","password":"1230","salt":"VhZvjhoE","md5":"0aba018ee21838d65dacc49c779d527f","sha1":"3f055add68f740bfcdb586039143f1e2fe276a6f","sha256":"c4651a8923095ae6a30819dc9734c7595ab61adc49621f7212900c49e461c176"},"dob":{"date":"1973-10-09T11:48:33.370Z","age":50},"registered":{"date":"2005-05-08T01:51:15.546Z","age":18},"phone":"905-237-261","cell":"661-084-934","id":{"name":"DNI","value":"79620858-Z"},"picture":{"large":"https://randomuser.me/api/portraits/men/32.jpg","medium":"https://randomuser.me/api/portraits/med/men/32.jpg","thumbnail":"https://randomuser.me/api/portraits/thumb/men/32.jpg"},"nat":"ES"}],"info":{"seed":"8b9f5e0b852ea264","results":1,"page":1,"version":"1.4"}} 
 </msg>
<msg time="2024-04-25T12:21:32.407831" level="INFO">/opt/hostedtoolcache/Python/3.12.3/x64/lib/python3.12/site-packages/urllib3/connectionpool.py:1103: InsecureRequestWarning: Unverified HTTPS request is being made to host 'randomuser.me'. Adding certificate verification is strongly advised. See: https://urllib3.readthedocs.io/en/latest/advanced-usage.html#tls-warnings
  warnings.warn(</msg>
<msg time="2024-04-25T12:21:32.407987" level="INFO">${response} = &lt;Response [200]&gt;</msg>
<var>${response}</var>
<arg>consultarAPI</arg>
<arg>/api</arg>
<doc>Sends a GET request on a previously created HTTP Session.</doc>
<status status="PASS" start="2024-04-25T12:21:32.306142" elapsed="0.101888"/>
</kw>
<kw name="Set Variable" owner="BuiltIn">
<msg time="2024-04-25T12:21:32.409172" level="INFO">${json_data} = {'results': [{'gender': 'male', 'name': {'title': 'Mr', 'first': 'Sebastián', 'last': 'Moya'}, 'location': {'street': {'number': 9895, 'name': 'Calle Mota'}, 'city': 'Fuenlabrada', 'state': 'País Vasc...</msg>
<var>${json_data}</var>
<arg>${response.json()}</arg>
<doc>Returns the given values which can then be assigned to a variables.</doc>
<status status="PASS" start="2024-04-25T12:21:32.408597" elapsed="0.000607"/>
</kw>
<kw name="Log" owner="BuiltIn">
<msg time="2024-04-25T12:21:32.409711" level="INFO">{'results': [{'gender': 'male', 'name': {'title': 'Mr', 'first': 'Sebastián', 'last': 'Moya'}, 'location': {'street': {'number': 9895, 'name': 'Calle Mota'}, 'city': 'Fuenlabrada', 'state': 'País Vasco', 'country': 'Spain', 'postcode': 78582, 'coordinates': {'latitude': '-31.3114', 'longitude': '-126.3128'}, 'timezone': {'offset': '+5:30', 'description': 'Bombay, Calcutta, Madras, New Delhi'}}, 'email': 'sebastian.moya@example.com', 'login': {'uuid': 'e9bfd4ec-c1d5-4213-b054-98251835c491', 'username': 'greenfish630', 'password': '1230', 'salt': 'VhZvjhoE', 'md5': '0aba018ee21838d65dacc49c779d527f', 'sha1': '3f055add68f740bfcdb586039143f1e2fe276a6f', 'sha256': 'c4651a8923095ae6a30819dc9734c7595ab61adc49621f7212900c49e461c176'}, 'dob': {'date': '1973-10-09T11:48:33.370Z', 'age': 50}, 'registered': {'date': '2005-05-08T01:51:15.546Z', 'age': 18}, 'phone': '905-237-261', 'cell': '661-084-934', 'id': {'name': 'DNI', 'value': '79620858-Z'}, 'picture': {'large': 'https://randomuser.me/api/portraits/men/32.jpg', 'medium': 'https://randomuser.me/api/portraits/med/men/32.jpg', 'thumbnail': 'https://randomuser.me/api/portraits/thumb/men/32.jpg'}, 'nat': 'ES'}], 'info': {'seed': '8b9f5e0b852ea264', 'results': 1, 'page': 1, 'version': '1.4'}}</msg>
<arg>${json_data}</arg>
<doc>Logs the given message with the given level.</doc>
<status status="PASS" start="2024-04-25T12:21:32.409541" elapsed="0.000223"/>
</kw>
<kw name="Dictionary Should Contain Key" owner="Collections">
<msg time="2024-04-25T12:21:32.410247" level="INFO">False</msg>
<arg>${json_data}</arg>
<arg>results</arg>
<doc>Fails if ``key`` is not found from ``dictionary``.</doc>
<status status="PASS" start="2024-04-25T12:21:32.410069" elapsed="0.000217"/>
</kw>
<kw name="Should Not Be Empty" owner="BuiltIn">
<msg time="2024-04-25T12:21:32.410720" level="INFO">Length is 2.</msg>
<arg>${json_data}</arg>
<doc>Verifies that the given item is not empty.</doc>
<status status="PASS" start="2024-04-25T12:21:32.410585" elapsed="0.000348"/>
</kw>
<kw name="Create List" owner="BuiltIn">
<msg time="2024-04-25T12:21:32.411395" level="INFO">${expected_keys} = ['gender', 'name', 'location', 'email', 'login']</msg>
<var>${expected_keys}</var>
<arg>gender</arg>
<arg>name</arg>
<arg>location</arg>
<arg>email</arg>
<arg>login</arg>
<doc>Returns a list containing given items.</doc>
<status status="PASS" start="2024-04-25T12:21:32.411237" elapsed="0.000183"/>
</kw>
<for flavor="IN">
<iter>
<kw name="Dictionary Should Contain Key" owner="Collections">
<msg time="2024-04-25T12:21:32.412441" level="INFO">False</msg>
<arg>${json_data['results'][0]}</arg>
<arg>${key}</arg>
<doc>Fails if ``key`` is not found from ``dictionary``.</doc>
<status status="PASS" start="2024-04-25T12:21:32.412022" elapsed="0.000459"/>
</kw>
<kw name="Log" owner="BuiltIn">
<msg time="2024-04-25T12:21:32.413199" level="INFO">{'gender': 'male', 'name': {'title': 'Mr', 'first': 'Sebastián', 'last': 'Moya'}, 'location': {'street': {'number': 9895, 'name': 'Calle Mota'}, 'city': 'Fuenlabrada', 'state': 'País Vasco', 'country': 'Spain', 'postcode': 78582, 'coordinates': {'latitude': '-31.3114', 'longitude': '-126.3128'}, 'timezone': {'offset': '+5:30', 'description': 'Bombay, Calcutta, Madras, New Delhi'}}, 'email': 'sebastian.moya@example.com', 'login': {'uuid': 'e9bfd4ec-c1d5-4213-b054-98251835c491', 'username': 'greenfish630', 'password': '1230', 'salt': 'VhZvjhoE', 'md5': '0aba018ee21838d65dacc49c779d527f', 'sha1': '3f055add68f740bfcdb586039143f1e2fe276a6f', 'sha256': 'c4651a8923095ae6a30819dc9734c7595ab61adc49621f7212900c49e461c176'}, 'dob': {'date': '1973-10-09T11:48:33.370Z', 'age': 50}, 'registered': {'date': '2005-05-08T01:51:15.546Z', 'age': 18}, 'phone': '905-237-261', 'cell': '661-084-934', 'id': {'name': 'DNI', 'value': '79620858-Z'}, 'picture': {'large': 'https://randomuser.me/api/portraits/men/32.jpg', 'medium': 'https://randomuser.me/api/portraits/med/men/32.jpg', 'thumbnail': 'https://randomuser.me/api/portraits/thumb/men/32.jpg'}, 'nat': 'ES'}</msg>
<arg>${json_data['results'][0]}</arg>
<doc>Logs the given message with the given level.</doc>
<status status="PASS" start="2024-04-25T12:21:32.412827" elapsed="0.000422"/>
</kw>
<kw name="Log" owner="BuiltIn">
<msg time="2024-04-25T12:21:32.413678" level="INFO">gender</msg>
<arg>${key}</arg>
<doc>Logs the given message with the given level.</doc>
<status status="PASS" start="2024-04-25T12:21:32.413549" elapsed="0.000167"/>
</kw>
<var name="${key}">gender</var>
<status status="PASS" start="2024-04-25T12:21:32.411892" elapsed="0.002043"/>
</iter>
<iter>
<kw name="Dictionary Should Contain Key" owner="Collections">
<msg time="2024-04-25T12:21:32.414628" level="INFO">False</msg>
<arg>${json_data['results'][0]}</arg>
<arg>${key}</arg>
<doc>Fails if ``key`` is not found from ``dictionary``.</doc>
<status status="PASS" start="2024-04-25T12:21:32.414241" elapsed="0.000425"/>
</kw>
<kw name="Log" owner="BuiltIn">
<msg time="2024-04-25T12:21:32.415357" level="INFO">{'gender': 'male', 'name': {'title': 'Mr', 'first': 'Sebastián', 'last': 'Moya'}, 'location': {'street': {'number': 9895, 'name': 'Calle Mota'}, 'city': 'Fuenlabrada', 'state': 'País Vasco', 'country': 'Spain', 'postcode': 78582, 'coordinates': {'latitude': '-31.3114', 'longitude': '-126.3128'}, 'timezone': {'offset': '+5:30', 'description': 'Bombay, Calcutta, Madras, New Delhi'}}, 'email': 'sebastian.moya@example.com', 'login': {'uuid': 'e9bfd4ec-c1d5-4213-b054-98251835c491', 'username': 'greenfish630', 'password': '1230', 'salt': 'VhZvjhoE', 'md5': '0aba018ee21838d65dacc49c779d527f', 'sha1': '3f055add68f740bfcdb586039143f1e2fe276a6f', 'sha256': 'c4651a8923095ae6a30819dc9734c7595ab61adc49621f7212900c49e461c176'}, 'dob': {'date': '1973-10-09T11:48:33.370Z', 'age': 50}, 'registered': {'date': '2005-05-08T01:51:15.546Z', 'age': 18}, 'phone': '905-237-261', 'cell': '661-084-934', 'id': {'name': 'DNI', 'value': '79620858-Z'}, 'picture': {'large': 'https://randomuser.me/api/portraits/men/32.jpg', 'medium': 'https://randomuser.me/api/portraits/med/men/32.jpg', 'thumbnail': 'https://randomuser.me/api/portraits/thumb/men/32.jpg'}, 'nat': 'ES'}</msg>
<arg>${json_data['results'][0]}</arg>
<doc>Logs the given message with the given level.</doc>
<status status="PASS" start="2024-04-25T12:21:32.414989" elapsed="0.000419"/>
</kw>
<kw name="Log" owner="BuiltIn">
<msg time="2024-04-25T12:21:32.415838" level="INFO">name</msg>
<arg>${key}</arg>
<doc>Logs the given message with the given level.</doc>
<status status="PASS" start="2024-04-25T12:21:32.415711" elapsed="0.000165"/>
</kw>
<var name="${key}">name</var>
<status status="PASS" start="2024-04-25T12:21:32.414126" elapsed="0.001965"/>
</iter>
<iter>
<kw name="Dictionary Should Contain Key" owner="Collections">
<msg time="2024-04-25T12:21:32.416804" level="INFO">False</msg>
<arg>${json_data['results'][0]}</arg>
<arg>${key}</arg>
<doc>Fails if ``key`` is not found from ``dictionary``.</doc>
<status status="PASS" start="2024-04-25T12:21:32.416381" elapsed="0.000460"/>
</kw>
<kw name="Log" owner="BuiltIn">
<msg time="2024-04-25T12:21:32.417508" level="INFO">{'gender': 'male', 'name': {'title': 'Mr', 'first': 'Sebastián', 'last': 'Moya'}, 'location': {'street': {'number': 9895, 'name': 'Calle Mota'}, 'city': 'Fuenlabrada', 'state': 'País Vasco', 'country': 'Spain', 'postcode': 78582, 'coordinates': {'latitude': '-31.3114', 'longitude': '-126.3128'}, 'timezone': {'offset': '+5:30', 'description': 'Bombay, Calcutta, Madras, New Delhi'}}, 'email': 'sebastian.moya@example.com', 'login': {'uuid': 'e9bfd4ec-c1d5-4213-b054-98251835c491', 'username': 'greenfish630', 'password': '1230', 'salt': 'VhZvjhoE', 'md5': '0aba018ee21838d65dacc49c779d527f', 'sha1': '3f055add68f740bfcdb586039143f1e2fe276a6f', 'sha256': 'c4651a8923095ae6a30819dc9734c7595ab61adc49621f7212900c49e461c176'}, 'dob': {'date': '1973-10-09T11:48:33.370Z', 'age': 50}, 'registered': {'date': '2005-05-08T01:51:15.546Z', 'age': 18}, 'phone': '905-237-261', 'cell': '661-084-934', 'id': {'name': 'DNI', 'value': '79620858-Z'}, 'picture': {'large': 'https://randomuser.me/api/portraits/men/32.jpg', 'medium': 'https://randomuser.me/api/portraits/med/men/32.jpg', 'thumbnail': 'https://randomuser.me/api/portraits/thumb/men/32.jpg'}, 'nat': 'ES'}</msg>
<arg>${json_data['results'][0]}</arg>
<doc>Logs the given message with the given level.</doc>
<status status="PASS" start="2024-04-25T12:21:32.417144" elapsed="0.000413"/>
</kw>
<kw name="Log" owner="BuiltIn">
<msg time="2024-04-25T12:21:32.417982" level="INFO">location</msg>
<arg>${key}</arg>
<doc>Logs the given message with the given level.</doc>
<status status="PASS" start="2024-04-25T12:21:32.417857" elapsed="0.000162"/>
</kw>
<var name="${key}">location</var>
<status status="PASS" start="2024-04-25T12:21:32.416269" elapsed="0.001967"/>
</iter>
<iter>
<kw name="Dictionary Should Contain Key" owner="Collections">
<msg time="2024-04-25T12:21:32.418902" level="INFO">False</msg>
<arg>${json_data['results'][0]}</arg>
<arg>${key}</arg>
<doc>Fails if ``key`` is not found from ``dictionary``.</doc>
<status status="PASS" start="2024-04-25T12:21:32.418520" elapsed="0.000419"/>
</kw>
<kw name="Log" owner="BuiltIn">
<msg time="2024-04-25T12:21:32.419604" level="INFO">{'gender': 'male', 'name': {'title': 'Mr', 'first': 'Sebastián', 'last': 'Moya'}, 'location': {'street': {'number': 9895, 'name': 'Calle Mota'}, 'city': 'Fuenlabrada', 'state': 'País Vasco', 'country': 'Spain', 'postcode': 78582, 'coordinates': {'latitude': '-31.3114', 'longitude': '-126.3128'}, 'timezone': {'offset': '+5:30', 'description': 'Bombay, Calcutta, Madras, New Delhi'}}, 'email': 'sebastian.moya@example.com', 'login': {'uuid': 'e9bfd4ec-c1d5-4213-b054-98251835c491', 'username': 'greenfish630', 'password': '1230', 'salt': 'VhZvjhoE', 'md5': '0aba018ee21838d65dacc49c779d527f', 'sha1': '3f055add68f740bfcdb586039143f1e2fe276a6f', 'sha256': 'c4651a8923095ae6a30819dc9734c7595ab61adc49621f7212900c49e461c176'}, 'dob': {'date': '1973-10-09T11:48:33.370Z', 'age': 50}, 'registered': {'date': '2005-05-08T01:51:15.546Z', 'age': 18}, 'phone': '905-237-261', 'cell': '661-084-934', 'id': {'name': 'DNI', 'value': '79620858-Z'}, 'picture': {'large': 'https://randomuser.me/api/portraits/men/32.jpg', 'medium': 'https://randomuser.me/api/portraits/med/men/32.jpg', 'thumbnail': 'https://randomuser.me/api/portraits/thumb/men/32.jpg'}, 'nat': 'ES'}</msg>
<arg>${json_data['results'][0]}</arg>
<doc>Logs the given message with the given level.</doc>
<status status="PASS" start="2024-04-25T12:21:32.419237" elapsed="0.000418"/>
</kw>
<kw name="Log" owner="BuiltIn">
<msg time="2024-04-25T12:21:32.420075" level="INFO">email</msg>
<arg>${key}</arg>
<doc>Logs the given message with the given level.</doc>
<status status="PASS" start="2024-04-25T12:21:32.419949" elapsed="0.000165"/>
</kw>
<var name="${key}">email</var>
<status status="PASS" start="2024-04-25T12:21:32.418411" elapsed="0.001935"/>
</iter>
<iter>
<kw name="Dictionary Should Contain Key" owner="Collections">
<msg time="2024-04-25T12:21:32.421070" level="INFO">False</msg>
<arg>${json_data['results'][0]}</arg>
<arg>${key}</arg>
<doc>Fails if ``key`` is not found from ``dictionary``.</doc>
<status status="PASS" start="2024-04-25T12:21:32.420679" elapsed="0.000429"/>
</kw>
<kw name="Log" owner="BuiltIn">
<msg time="2024-04-25T12:21:32.421790" level="INFO">{'gender': 'male', 'name': {'title': 'Mr', 'first': 'Sebastián', 'last': 'Moya'}, 'location': {'street': {'number': 9895, 'name': 'Calle Mota'}, 'city': 'Fuenlabrada', 'state': 'País Vasco', 'country': 'Spain', 'postcode': 78582, 'coordinates': {'latitude': '-31.3114', 'longitude': '-126.3128'}, 'timezone': {'offset': '+5:30', 'description': 'Bombay, Calcutta, Madras, New Delhi'}}, 'email': 'sebastian.moya@example.com', 'login': {'uuid': 'e9bfd4ec-c1d5-4213-b054-98251835c491', 'username': 'greenfish630', 'password': '1230', 'salt': 'VhZvjhoE', 'md5': '0aba018ee21838d65dacc49c779d527f', 'sha1': '3f055add68f740bfcdb586039143f1e2fe276a6f', 'sha256': 'c4651a8923095ae6a30819dc9734c7595ab61adc49621f7212900c49e461c176'}, 'dob': {'date': '1973-10-09T11:48:33.370Z', 'age': 50}, 'registered': {'date': '2005-05-08T01:51:15.546Z', 'age': 18}, 'phone': '905-237-261', 'cell': '661-084-934', 'id': {'name': 'DNI', 'value': '79620858-Z'}, 'picture': {'large': 'https://randomuser.me/api/portraits/men/32.jpg', 'medium': 'https://randomuser.me/api/portraits/med/men/32.jpg', 'thumbnail': 'https://randomuser.me/api/portraits/thumb/men/32.jpg'}, 'nat': 'ES'}</msg>
<arg>${json_data['results'][0]}</arg>
<doc>Logs the given message with the given level.</doc>
<status status="PASS" start="2024-04-25T12:21:32.421413" elapsed="0.000426"/>
</kw>
<kw name="Log" owner="BuiltIn">
<msg time="2024-04-25T12:21:32.422269" level="INFO">login</msg>
<arg>${key}</arg>
<doc>Logs the given message with the given level.</doc>
<status status="PASS" start="2024-04-25T12:21:32.422141" elapsed="0.000167"/>
</kw>
<var name="${key}">login</var>
<status status="PASS" start="2024-04-25T12:21:32.420554" elapsed="0.001999"/>
</iter>
<var>${key}</var>
<value>@{expected_keys}</value>
<status status="PASS" start="2024-04-25T12:21:32.411689" elapsed="0.010994"/>
</for>
<kw name="Create List" owner="BuiltIn">
<msg time="2024-04-25T12:21:32.423031" level="INFO">${expected_keysTwo} = ['username', 'password']</msg>
<var>${expected_keysTwo}</var>
<arg>username</arg>
<arg>password</arg>
<doc>Returns a list containing given items.</doc>
<status status="PASS" start="2024-04-25T12:21:32.422888" elapsed="0.000167"/>
</kw>
<for flavor="IN">
<iter>
<kw name="Dictionary Should Contain Key" owner="Collections">
<msg time="2024-04-25T12:21:32.423980" level="INFO">False</msg>
<arg>${json_data['results'][0]['login']}</arg>
<arg>${keyTwo}</arg>
<doc>Fails if ``key`` is not found from ``dictionary``.</doc>
<status status="PASS" start="2024-04-25T12:21:32.423573" elapsed="0.000445"/>
</kw>
<kw name="Dictionary Should Contain Key" owner="Collections">
<msg time="2024-04-25T12:21:32.424733" level="INFO">False</msg>
<arg>${json_data['results'][0]['login']}</arg>
<arg>${keyTwo}</arg>
<doc>Fails if ``key`` is not found from ``dictionary``.</doc>
<status status="PASS" start="2024-04-25T12:21:32.424309" elapsed="0.000462"/>
</kw>
<kw name="Log" owner="BuiltIn">
<msg time="2024-04-25T12:21:32.425214" level="INFO">username</msg>
<arg>${keyTwo}</arg>
<doc>Logs the given message with the given level.</doc>
<status status="PASS" start="2024-04-25T12:21:32.425077" elapsed="0.000182"/>
</kw>
<var name="${keyTwo}">username</var>
<status status="PASS" start="2024-04-25T12:21:32.423462" elapsed="0.002017"/>
</iter>
<iter>
<kw name="Dictionary Should Contain Key" owner="Collections">
<msg time="2024-04-25T12:21:32.426278" level="INFO">False</msg>
<arg>${json_data['results'][0]['login']}</arg>
<arg>${keyTwo}</arg>
<doc>Fails if ``key`` is not found from ``dictionary``.</doc>
<status status="PASS" start="2024-04-25T12:21:32.425765" elapsed="0.000562"/>
</kw>
<kw name="Dictionary Should Contain Key" owner="Collections">
<msg time="2024-04-25T12:21:32.427011" level="INFO">False</msg>
<arg>${json_data['results'][0]['login']}</arg>
<arg>${keyTwo}</arg>
<doc>Fails if ``key`` is not found from ``dictionary``.</doc>
<status status="PASS" start="2024-04-25T12:21:32.426626" elapsed="0.000421"/>
</kw>
<kw name="Log" owner="BuiltIn">
<msg time="2024-04-25T12:21:32.427472" level="INFO">password</msg>
<arg>${keyTwo}</arg>
<doc>Logs the given message with the given level.</doc>
<status status="PASS" start="2024-04-25T12:21:32.427341" elapsed="0.000169"/>
</kw>
<var name="${keyTwo}">password</var>
<status status="PASS" start="2024-04-25T12:21:32.425655" elapsed="0.002073"/>
</iter>
<var>${keyTwo}</var>
<value>@{expected_keysTwo}</value>
<status status="PASS" start="2024-04-25T12:21:32.423298" elapsed="0.004550"/>
</for>
<status status="PASS" start="2024-04-25T12:21:32.305903" elapsed="0.122099"/>
</kw>
<doc>Testa a estrutura da resposta da API.</doc>
<tag>testeEstruturaResposta</tag>
<status status="PASS" start="2024-04-25T12:21:32.305376" elapsed="0.122794"/>
</test>
<test id="s1-s1-t4" name="Validar tipos de dados" line="28">
<kw name="Teste de Tipos de Dados" owner="random-user-service">
<kw name="GET On Session" owner="RequestsLibrary">
<msg time="2024-04-25T12:21:32.531476" level="INFO">GET Request : url=https://randomuser.me/api 
 path_url=/api 
 headers={'User-Agent': 'python-requests/2.31.0', 'Accept-Encoding': 'gzip, deflate', 'Accept': '*/*', 'Connection': 'keep-alive'} 
 body=None 
 </msg>
<msg time="2024-04-25T12:21:32.531594" level="INFO">GET Response : url=https://randomuser.me/api 
 status=200, reason=OK 
 headers={'Date': 'Thu, 25 Apr 2024 12:21:32 GMT', 'Content-Type': 'application/json; charset=utf-8', 'Transfer-Encoding': 'chunked', 'Connection': 'keep-alive', 'X-Powered-By': 'Express', 'Access-Control-Allow-Origin': '*', 'Cache-Control': 'no-cache', 'ETag': 'W/"461-T+2/yyMs2OLELkz6XkqZuaY6l7c"', 'Vary': 'Accept-Encoding', 'Content-Encoding': 'gzip', 'CF-Cache-Status': 'DYNAMIC', 'Report-To': '{"endpoints":[{"url":"https:\\/\\/a.nel.cloudflare.com\\/report\\/v4?s=8kDVdHs9Iaeb%2B00WcGJyo1LnSj2nnGr27Tt%2FYBHdOl9GXb6yRstrDtIeuZLIioCuhKsAyi1B2b1sVhDZHTD%2BktxP3vm%2Birol%2FoeCLmwur6wnnqvU3wUxXl1nQKYVOxx3"}],"group":"cf-nel","max_age":604800}', 'NEL': '{"success_fraction":0,"report_to":"cf-nel","max_age":604800}', 'Server': 'cloudflare', 'CF-RAY': '879e4b1db9df2b8d-LAX', 'alt-svc': 'h3=":443"; ma=86400'} 
 body={"results":[{"gender":"male","name":{"title":"Mr","first":"Ümit","last":"Sözeri"},"location":{"street":{"number":9121,"name":"Bağdat Cd"},"city":"Adana","state":"Yozgat","country":"Turkey","postcode":98647,"coordinates":{"latitude":"70.0349","longitude":"-4.9309"},"timezone":{"offset":"-2:00","description":"Mid-Atlantic"}},"email":"umit.sozeri@example.com","login":{"uuid":"fb6ed0df-e6ed-40e8-8705-6f2590d6fe93","username":"angrygoose477","password":"joe123","salt":"6x31b3GH","md5":"52c3617a8ed9d8d32fd807cc2054dd2e","sha1":"e97af9ce5ba38127614d7dda61599fa5a2a4e606","sha256":"5263c6cfe688a56789b0f61d0a85dd5406bb5f7594b797f3a77dea21a0305da5"},"dob":{"date":"1998-02-14T07:15:16.216Z","age":26},"registered":{"date":"2005-10-06T20:54:15.277Z","age":18},"phone":"(508)-498-5280","cell":"(785)-872-2137","id":{"name":"","value":null},"picture":{"large":"https://randomuser.me/api/portraits/men/37.jpg","medium":"https://randomuser.me/api/portraits/med/men/37.jpg","thumbnail":"https://randomuser.me/api/portraits/thumb/men/37.jpg"},"nat":"TR"}],"info":{"seed":"c3b5349d35367e0c","results":1,"page":1,"version":"1.4"}} 
 </msg>
<msg time="2024-04-25T12:21:32.531676" level="INFO">/opt/hostedtoolcache/Python/3.12.3/x64/lib/python3.12/site-packages/urllib3/connectionpool.py:1103: InsecureRequestWarning: Unverified HTTPS request is being made to host 'randomuser.me'. Adding certificate verification is strongly advised. See: https://urllib3.readthedocs.io/en/latest/advanced-usage.html#tls-warnings
  warnings.warn(</msg>
<msg time="2024-04-25T12:21:32.531831" level="INFO">${response} = &lt;Response [200]&gt;</msg>
<var>${response}</var>
<arg>consultarAPI</arg>
<arg>/api</arg>
<doc>Sends a GET request on a previously created HTTP Session.</doc>
<status status="PASS" start="2024-04-25T12:21:32.430805" elapsed="0.101067"/>
</kw>
<kw name="Set Variable" owner="BuiltIn">
<msg time="2024-04-25T12:21:32.533079" level="INFO">${json_data} = {'results': [{'gender': 'male', 'name': {'title': 'Mr', 'first': 'Ümit', 'last': 'Sözeri'}, 'location': {'street': {'number': 9121, 'name': 'Bağdat Cd'}, 'city': 'Adana', 'state': 'Yozgat', 'country':...</msg>
<var>${json_data}</var>
<arg>${response.json()}</arg>
<doc>Returns the given values which can then be assigned to a variables.</doc>
<status status="PASS" start="2024-04-25T12:21:32.532452" elapsed="0.000660"/>
</kw>
<kw name="Log" owner="BuiltIn">
<msg time="2024-04-25T12:21:32.533698" level="INFO">{'results': [{'gender': 'male', 'name': {'title': 'Mr', 'first': 'Ümit', 'last': 'Sözeri'}, 'location': {'street': {'number': 9121, 'name': 'Bağdat Cd'}, 'city': 'Adana', 'state': 'Yozgat', 'country': 'Turkey', 'postcode': 98647, 'coordinates': {'latitude': '70.0349', 'longitude': '-4.9309'}, 'timezone': {'offset': '-2:00', 'description': 'Mid-Atlantic'}}, 'email': 'umit.sozeri@example.com', 'login': {'uuid': 'fb6ed0df-e6ed-40e8-8705-6f2590d6fe93', 'username': 'angrygoose477', 'password': 'joe123', 'salt': '6x31b3GH', 'md5': '52c3617a8ed9d8d32fd807cc2054dd2e', 'sha1': 'e97af9ce5ba38127614d7dda61599fa5a2a4e606', 'sha256': '5263c6cfe688a56789b0f61d0a85dd5406bb5f7594b797f3a77dea21a0305da5'}, 'dob': {'date': '1998-02-14T07:15:16.216Z', 'age': 26}, 'registered': {'date': '2005-10-06T20:54:15.277Z', 'age': 18}, 'phone': '(508)-498-5280', 'cell': '(785)-872-2137', 'id': {'name': '', 'value': None}, 'picture': {'large': 'https://randomuser.me/api/portraits/men/37.jpg', 'medium': 'https://randomuser.me/api/portraits/med/men/37.jpg', 'thumbnail': 'https://randomuser.me/api/portraits/thumb/men/37.jpg'}, 'nat': 'TR'}], 'info': {'seed': 'c3b5349d35367e0c', 'results': 1, 'page': 1, 'version': '1.4'}}</msg>
<arg>${json_data}</arg>
<doc>Logs the given message with the given level.</doc>
<status status="PASS" start="2024-04-25T12:21:32.533512" elapsed="0.000283"/>
</kw>
<kw name="Should Be String" owner="String">
<arg>${json_data['results'][0]['gender']}</arg>
<doc>Fails if the given ``item`` is not a string.</doc>
<status status="PASS" start="2024-04-25T12:21:32.534150" elapsed="0.000416"/>
</kw>
<kw name="Should Match Regexp" owner="BuiltIn">
<arg>${json_data['results'][0]['email']}</arg>
<arg>^[a-zA-Z0-9._%+-]+@[a-zA-Z0-9.-]+\.[a-zA-Z]{2,}$</arg>
<doc>Fails if ``string`` does not match ``pattern`` as a regular expression.</doc>
<status status="PASS" start="2024-04-25T12:21:32.534775" elapsed="0.000544"/>
</kw>
<kw name="Should Match Regexp" owner="BuiltIn">
<arg>${json_data['results'][0]['dob']['date']}</arg>
<arg>\\d{4}-\\d{2}-\\d{2}T\\d{2}:\\d{2}:\\d{2}\\.\\d{3}Z</arg>
<doc>Fails if ``string`` does not match ``pattern`` as a regular expression.</doc>
<status status="PASS" start="2024-04-25T12:21:32.535526" elapsed="0.000511"/>
</kw>
<kw name="Should Match Regexp" owner="BuiltIn">
<arg>${json_data['results'][0]['registered']['date']}</arg>
<arg>\\d{4}-\\d{2}-\\d{2}T\\d{2}:\\d{2}:\\d{2}\\.\\d{3}Z</arg>
<doc>Fails if ``string`` does not match ``pattern`` as a regular expression.</doc>
<status status="PASS" start="2024-04-25T12:21:32.536231" elapsed="0.000405"/>
</kw>
<kw name="Should Match Regexp" owner="BuiltIn">
<arg>${json_data['results'][0]['picture']['large']}</arg>
<arg>^https?://.*\.(?:png|jpe?g|gif|bmp)$</arg>
<doc>Fails if ``string`` does not match ``pattern`` as a regular expression.</doc>
<status status="PASS" start="2024-04-25T12:21:32.536837" elapsed="0.000479"/>
</kw>
<kw name="Should Match Regexp" owner="BuiltIn">
<arg>${json_data['results'][0]['picture']['medium']}</arg>
<arg>^https?://.*\.(?:png|jpe?g|gif|bmp)$</arg>
<doc>Fails if ``string`` does not match ``pattern`` as a regular expression.</doc>
<status status="PASS" start="2024-04-25T12:21:32.537511" elapsed="0.000363"/>
</kw>
<kw name="Should Match Regexp" owner="BuiltIn">
<arg>${json_data['results'][0]['picture']['thumbnail']}</arg>
<arg>^https?://.*\.(?:png|jpe?g|gif|bmp)$</arg>
<doc>Fails if ``string`` does not match ``pattern`` as a regular expression.</doc>
<status status="PASS" start="2024-04-25T12:21:32.538065" elapsed="0.000351"/>
</kw>
<kw name="Log" owner="BuiltIn">
<msg time="2024-04-25T12:21:32.538940" level="INFO">{'large': 'https://randomuser.me/api/portraits/men/37.jpg', 'medium': 'https://randomuser.me/api/portraits/med/men/37.jpg', 'thumbnail': 'https://randomuser.me/api/portraits/thumb/men/37.jpg'}</msg>
<arg>${json_data['results'][0]['picture']}</arg>
<doc>Logs the given message with the given level.</doc>
<status status="PASS" start="2024-04-25T12:21:32.538598" elapsed="0.000384"/>
</kw>
<status status="PASS" start="2024-04-25T12:21:32.430555" elapsed="0.108704"/>
</kw>
<kw name="Teste de Tipos de Dados - Postcode" owner="random-user-service">
<kw name="GET On Session" owner="RequestsLibrary">
<msg time="2024-04-25T12:21:32.636623" level="INFO">GET Request : url=https://randomuser.me/api 
 path_url=/api 
 headers={'User-Agent': 'python-requests/2.31.0', 'Accept-Encoding': 'gzip, deflate', 'Accept': '*/*', 'Connection': 'keep-alive'} 
 body=None 
 </msg>
<msg time="2024-04-25T12:21:32.636746" level="INFO">GET Response : url=https://randomuser.me/api 
 status=200, reason=OK 
 headers={'Date': 'Thu, 25 Apr 2024 12:21:32 GMT', 'Content-Type': 'application/json; charset=utf-8', 'Transfer-Encoding': 'chunked', 'Connection': 'keep-alive', 'X-Powered-By': 'Express', 'Access-Control-Allow-Origin': '*', 'Cache-Control': 'no-cache', 'ETag': 'W/"482-Mdv740nGUwH7J0VhV+OUHJCPFGQ"', 'Vary': 'Accept-Encoding', 'Content-Encoding': 'gzip', 'CF-Cache-Status': 'DYNAMIC', 'Report-To': '{"endpoints":[{"url":"https:\\/\\/a.nel.cloudflare.com\\/report\\/v4?s=Nm98Rj%2BKfLZzX6Hf%2Fxk%2BUhz2ItTNIyfSVXlb0Cd9MKz9y1vo33VlqXhx70USGQsTvjRkUXqsBnP%2BaqzC643HH4gtryss3pfbDfjCEabVWKfDVE7iYnh4MmfuclmVyPUX"}],"group":"cf-nel","max_age":604800}', 'NEL': '{"success_fraction":0,"report_to":"cf-nel","max_age":604800}', 'Server': 'cloudflare', 'CF-RAY': '879e4b1e6a9b2b8d-LAX', 'alt-svc': 'h3=":443"; ma=86400'} 
 body={"results":[{"gender":"male","name":{"title":"Mr","first":"Anirudh","last":"Dhamdhame"},"location":{"street":{"number":1495,"name":"Linking Rd"},"city":"Ghaziabad","state":"Sikkim","country":"India","postcode":87480,"coordinates":{"latitude":"12.4911","longitude":"-9.1253"},"timezone":{"offset":"-8:00","description":"Pacific Time (US &amp; Canada)"}},"email":"anirudh.dhamdhame@example.com","login":{"uuid":"142275dd-1f31-4363-9641-1d5e3d4e54f4","username":"brownbird175","password":"gambit","salt":"h9oepxoh","md5":"e48c258a3ace83e062dacd0964f85819","sha1":"de5ceac25712ca5be0cec271074c1a564bc93f6a","sha256":"7d3ee7d9d87931c5f0faf4c1fcfd2ca678f3463dd7cd4a54f6b8744af73b8cb5"},"dob":{"date":"1994-04-17T17:58:30.365Z","age":30},"registered":{"date":"2008-12-20T11:35:13.418Z","age":15},"phone":"7828329330","cell":"8906222336","id":{"name":"UIDAI","value":"393290861968"},"picture":{"large":"https://randomuser.me/api/portraits/men/92.jpg","medium":"https://randomuser.me/api/portraits/med/men/92.jpg","thumbnail":"https://randomuser.me/api/portraits/thumb/men/92.jpg"},"nat":"IN"}],"info":{"seed":"b58f6f94bb77402d","results":1,"page":1,"version":"1.4"}} 
 </msg>
<msg time="2024-04-25T12:21:32.636825" level="INFO">/opt/hostedtoolcache/Python/3.12.3/x64/lib/python3.12/site-packages/urllib3/connectionpool.py:1103: InsecureRequestWarning: Unverified HTTPS request is being made to host 'randomuser.me'. Adding certificate verification is strongly advised. See: https://urllib3.readthedocs.io/en/latest/advanced-usage.html#tls-warnings
  warnings.warn(</msg>
<msg time="2024-04-25T12:21:32.636974" level="INFO">${response} = &lt;Response [200]&gt;</msg>
<var>${response}</var>
<arg>consultarAPI</arg>
<arg>/api</arg>
<doc>Sends a GET request on a previously created HTTP Session.</doc>
<status status="PASS" start="2024-04-25T12:21:32.539746" elapsed="0.097274"/>
</kw>
<kw name="Set Variable" owner="BuiltIn">
<msg time="2024-04-25T12:21:32.638134" level="INFO">${json_data} = {'results': [{'gender': 'male', 'name': {'title': 'Mr', 'first': 'Anirudh', 'last': 'Dhamdhame'}, 'location': {'street': {'number': 1495, 'name': 'Linking Rd'}, 'city': 'Ghaziabad', 'state': 'Sikkim',...</msg>
<var>${json_data}</var>
<arg>${response.json()}</arg>
<doc>Returns the given values which can then be assigned to a variables.</doc>
<status status="PASS" start="2024-04-25T12:21:32.637576" elapsed="0.000587"/>
</kw>
<kw name="Log" owner="BuiltIn">
<msg time="2024-04-25T12:21:32.638723" level="INFO">{'results': [{'gender': 'male', 'name': {'title': 'Mr', 'first': 'Anirudh', 'last': 'Dhamdhame'}, 'location': {'street': {'number': 1495, 'name': 'Linking Rd'}, 'city': 'Ghaziabad', 'state': 'Sikkim', 'country': 'India', 'postcode': 87480, 'coordinates': {'latitude': '12.4911', 'longitude': '-9.1253'}, 'timezone': {'offset': '-8:00', 'description': 'Pacific Time (US &amp; Canada)'}}, 'email': 'anirudh.dhamdhame@example.com', 'login': {'uuid': '142275dd-1f31-4363-9641-1d5e3d4e54f4', 'username': 'brownbird175', 'password': 'gambit', 'salt': 'h9oepxoh', 'md5': 'e48c258a3ace83e062dacd0964f85819', 'sha1': 'de5ceac25712ca5be0cec271074c1a564bc93f6a', 'sha256': '7d3ee7d9d87931c5f0faf4c1fcfd2ca678f3463dd7cd4a54f6b8744af73b8cb5'}, 'dob': {'date': '1994-04-17T17:58:30.365Z', 'age': 30}, 'registered': {'date': '2008-12-20T11:35:13.418Z', 'age': 15}, 'phone': '7828329330', 'cell': '8906222336', 'id': {'name': 'UIDAI', 'value': '393290861968'}, 'picture': {'large': 'https://randomuser.me/api/portraits/men/92.jpg', 'medium': 'https://randomuser.me/api/portraits/med/men/92.jpg', 'thumbnail': 'https://randomuser.me/api/portraits/thumb/men/92.jpg'}, 'nat': 'IN'}], 'info': {'seed': 'b58f6f94bb77402d', 'results': 1, 'page': 1, 'version': '1.4'}}</msg>
<arg>${json_data}</arg>
<doc>Logs the given message with the given level.</doc>
<status status="PASS" start="2024-04-25T12:21:32.638543" elapsed="0.000273"/>
</kw>
<kw name="Should Be Equal As Numbers" owner="BuiltIn">
<arg>${json_data['results'][0]['location']['postcode']}</arg>
<arg>${json_data['results'][0]['location']['postcode']}</arg>
<doc>Fails if objects are unequal after converting them to real numbers.</doc>
<status status="PASS" start="2024-04-25T12:21:32.639356" elapsed="0.000672"/>
</kw>
<kw name="Log" owner="BuiltIn">
<msg time="2024-04-25T12:21:32.640640" level="INFO">87480</msg>
<arg>${json_data['results'][0]['location']['postcode']}</arg>
<doc>Logs the given message with the given level.</doc>
<status status="PASS" start="2024-04-25T12:21:32.640241" elapsed="0.000443"/>
</kw>
<status status="PASS" start="2024-04-25T12:21:32.539499" elapsed="0.101472"/>
</kw>
<doc>Testa se os tipos de dados na resposta da API estão corretos.</doc>
<tag>testeTiposDados</tag>
<status status="PASS" start="2024-04-25T12:21:32.430008" elapsed="0.211146"/>
</test>
<test id="s1-s1-t5" name="Validar conteudo" line="35">
<kw name="Teste de Tipos de Conteudo" owner="random-user-service">
<kw name="GET On Session" owner="RequestsLibrary">
<msg time="2024-04-25T12:21:32.740820" level="INFO">GET Request : url=https://randomuser.me/api 
 path_url=/api 
 headers={'User-Agent': 'python-requests/2.31.0', 'Accept-Encoding': 'gzip, deflate', 'Accept': '*/*', 'Connection': 'keep-alive'} 
 body=None 
 </msg>
<msg time="2024-04-25T12:21:32.740935" level="INFO">GET Response : url=https://randomuser.me/api 
 status=200, reason=OK 
 headers={'Date': 'Thu, 25 Apr 2024 12:21:32 GMT', 'Content-Type': 'application/json; charset=utf-8', 'Transfer-Encoding': 'chunked', 'Connection': 'keep-alive', 'X-Powered-By': 'Express', 'Access-Control-Allow-Origin': '*', 'Cache-Control': 'no-cache', 'ETag': 'W/"47c-rT0LSZ5G+w+zRePPtL3zFLB9wfM"', 'Vary': 'Accept-Encoding', 'Content-Encoding': 'gzip', 'CF-Cache-Status': 'DYNAMIC', 'Report-To': '{"endpoints":[{"url":"https:\\/\\/a.nel.cloudflare.com\\/report\\/v4?s=FldI2RtZfSm8clp2w9nHa7PVoYaGaaPZakLfVNYLBDIpS9v%2FsrRiYtlqKzHMwBKvU1Wg13l61OaHBoUZqw6KIa2G0OURFl1rmXNIcJoshouLhXsjD%2FwERfjeV3G4EOlm"}],"group":"cf-nel","max_age":604800}', 'NEL': '{"success_fraction":0,"report_to":"cf-nel","max_age":604800}', 'Server': 'cloudflare', 'CF-RAY': '879e4b1f0aff2b8d-LAX', 'alt-svc': 'h3=":443"; ma=86400'} 
 body={"results":[{"gender":"male","name":{"title":"Mr","first":"Steven","last":"Robinson"},"location":{"street":{"number":7500,"name":"Miller Ave"},"city":"Grants Pass","state":"Illinois","country":"United States","postcode":64606,"coordinates":{"latitude":"89.9124","longitude":"-88.7020"},"timezone":{"offset":"+3:30","description":"Tehran"}},"email":"steven.robinson@example.com","login":{"uuid":"ec9c8549-a9e5-4ffe-90d9-3e87f7f0fcb9","username":"tinymeercat288","password":"1982","salt":"NK6w7061","md5":"c8d3fa508e43ff241f847c09e83f1a07","sha1":"4fd12f11eb09c781393818c3a584a4f655e6ed02","sha256":"b4829275b2fe8c832fb5320e2e6ff10821a999dbbf0b54b58f938a63c02802ec"},"dob":{"date":"1995-05-31T07:45:42.534Z","age":28},"registered":{"date":"2012-10-05T03:11:51.372Z","age":11},"phone":"(949) 298-7528","cell":"(311) 270-5558","id":{"name":"SSN","value":"331-93-4869"},"picture":{"large":"https://randomuser.me/api/portraits/men/44.jpg","medium":"https://randomuser.me/api/portraits/med/men/44.jpg","thumbnail":"https://randomuser.me/api/portraits/thumb/men/44.jpg"},"nat":"US"}],"info":{"seed":"76f04624c64ab618","results":1,"page":1,"version":"1.4"}} 
 </msg>
<msg time="2024-04-25T12:21:32.741007" level="INFO">/opt/hostedtoolcache/Python/3.12.3/x64/lib/python3.12/site-packages/urllib3/connectionpool.py:1103: InsecureRequestWarning: Unverified HTTPS request is being made to host 'randomuser.me'. Adding certificate verification is strongly advised. See: https://urllib3.readthedocs.io/en/latest/advanced-usage.html#tls-warnings
  warnings.warn(</msg>
<msg time="2024-04-25T12:21:32.741148" level="INFO">${response} = &lt;Response [200]&gt;</msg>
<var>${response}</var>
<arg>consultarAPI</arg>
<arg>/api</arg>
<doc>Sends a GET request on a previously created HTTP Session.</doc>
<status status="PASS" start="2024-04-25T12:21:32.644138" elapsed="0.097047"/>
</kw>
<kw name="Set Variable" owner="BuiltIn">
<msg time="2024-04-25T12:21:32.742262" level="INFO">${json_data} = {'results': [{'gender': 'male', 'name': {'title': 'Mr', 'first': 'Steven', 'last': 'Robinson'}, 'location': {'street': {'number': 7500, 'name': 'Miller Ave'}, 'city': 'Grants Pass', 'state': 'Illinois...</msg>
<var>${json_data}</var>
<arg>${response.json()}</arg>
<doc>Returns the given values which can then be assigned to a variables.</doc>
<status status="PASS" start="2024-04-25T12:21:32.741746" elapsed="0.000543"/>
</kw>
<kw name="Set Variable" owner="BuiltIn">
<msg time="2024-04-25T12:21:32.742983" level="INFO">${name_title} = Mr</msg>
<var>${name_title}</var>
<arg>${json_data["results"][0]["name"]["title"]}</arg>
<doc>Returns the given values which can then be assigned to a variables.</doc>
<status status="PASS" start="2024-04-25T12:21:32.742594" elapsed="0.000414"/>
</kw>
<kw name="Create List" owner="BuiltIn">
<msg time="2024-04-25T12:21:32.743454" level="INFO">${allowed_titles} = ['Mr', 'Ms', 'Miss', 'Mrs', 'Madame', 'Monsieur']</msg>
<var>${allowed_titles}</var>
<arg>Mr</arg>
<arg>Ms</arg>
<arg>Miss</arg>
<arg>Mrs</arg>
<arg>Madame</arg>
<arg>Monsieur</arg>
<doc>Returns a list containing given items.</doc>
<status status="PASS" start="2024-04-25T12:21:32.743306" elapsed="0.000172"/>
</kw>
<kw name="List Should Contain Value" owner="Collections">
<msg time="2024-04-25T12:21:32.743960" level="INFO">False</msg>
<arg>${allowed_titles}</arg>
<arg>${name_title}</arg>
<doc>Fails if the ``value`` is not found from ``list``.</doc>
<status status="PASS" start="2024-04-25T12:21:32.743784" elapsed="0.000213"/>
</kw>
<kw name="Set Variable" owner="BuiltIn">
<msg time="2024-04-25T12:21:32.744719" level="INFO">${name_country} = US</msg>
<var>${name_country}</var>
<arg>${json_data["results"][0]["nat"]}</arg>
<doc>Returns the given values which can then be assigned to a variables.</doc>
<status status="PASS" start="2024-04-25T12:21:32.744282" elapsed="0.000463"/>
</kw>
<kw name="Create List" owner="BuiltIn">
<msg time="2024-04-25T12:21:32.745640" level="INFO">${list_country} = ['AD', 'AE', 'AF', 'AG', 'AI', 'AL', 'AM', 'AO', 'AQ', 'AR', 'AS', 'AT', 'AU', 'AW', 'AX', 'AZ', 'BA', 'BB', 'BD', 'BE', 'BF', 'BG', 'BH', 'BI', 'BJ', 'BL', 'BM', 'BN', 'BO', 'BQ', 'BR', 'BS', 'BT', '...</msg>
<var>${list_country}</var>
<arg>AD</arg>
<arg>AE</arg>
<arg>AF</arg>
<arg>AG</arg>
<arg>AI</arg>
<arg>AL</arg>
<arg>AM</arg>
<arg>AO</arg>
<arg>AQ</arg>
<arg>AR</arg>
<arg>AS</arg>
<arg>AT</arg>
<arg>AU</arg>
<arg>AW</arg>
<arg>AX</arg>
<arg>AZ</arg>
<arg>BA</arg>
<arg>BB</arg>
<arg>BD</arg>
<arg>BE</arg>
<arg>BF</arg>
<arg>BG</arg>
<arg>BH</arg>
<arg>BI</arg>
<arg>BJ</arg>
<arg>BL</arg>
<arg>BM</arg>
<arg>BN</arg>
<arg>BO</arg>
<arg>BQ</arg>
<arg>BR</arg>
<arg>BS</arg>
<arg>BT</arg>
<arg>BV</arg>
<arg>BW</arg>
<arg>BY</arg>
<arg>BZ</arg>
<arg>CA</arg>
<arg>CC</arg>
<arg>CD</arg>
<arg>CF</arg>
<arg>CG</arg>
<arg>CH</arg>
<arg>CI</arg>
<arg>CK</arg>
<arg>CL</arg>
<arg>CM</arg>
<arg>CN</arg>
<arg>CO</arg>
<arg>CR</arg>
<arg>CU</arg>
<arg>CV</arg>
<arg>CW</arg>
<arg>CX</arg>
<arg>CY</arg>
<arg>CZ</arg>
<arg>DE</arg>
<arg>DJ</arg>
<arg>DK</arg>
<arg>DM</arg>
<arg>DO</arg>
<arg>DZ</arg>
<arg>EC</arg>
<arg>EE</arg>
<arg>EG</arg>
<arg>EH</arg>
<arg>ER</arg>
<arg>ES</arg>
<arg>ET</arg>
<arg>FI</arg>
<arg>FJ</arg>
<arg>FK</arg>
<arg>FM</arg>
<arg>FO</arg>
<arg>FR</arg>
<arg>GA</arg>
<arg>GB</arg>
<arg>GD</arg>
<arg>GE</arg>
<arg>GF</arg>
<arg>GG</arg>
<arg>GH</arg>
<arg>GI</arg>
<arg>GL</arg>
<arg>GM</arg>
<arg>GN</arg>
<arg>GP</arg>
<arg>GQ</arg>
<arg>GR</arg>
<arg>GS</arg>
<arg>GT</arg>
<arg>GU</arg>
<arg>GW</arg>
<arg>GY</arg>
<arg>HK</arg>
<arg>HM</arg>
<arg>HN</arg>
<arg>HR</arg>
<arg>HT</arg>
<arg>HU</arg>
<arg>ID</arg>
<arg>IE</arg>
<arg>IL</arg>
<arg>IM</arg>
<arg>IN</arg>
<arg>IO</arg>
<arg>IQ</arg>
<arg>IR</arg>
<arg>IS</arg>
<arg>IT</arg>
<arg>JE</arg>
<arg>JM</arg>
<arg>JO</arg>
<arg>JP</arg>
<arg>KE</arg>
<arg>KG</arg>
<arg>KH</arg>
<arg>KI</arg>
<arg>KM</arg>
<arg>KN</arg>
<arg>KP</arg>
<arg>KR</arg>
<arg>KW</arg>
<arg>KY</arg>
<arg>KZ</arg>
<arg>LA</arg>
<arg>LB</arg>
<arg>LC</arg>
<arg>LI</arg>
<arg>LK</arg>
<arg>LR</arg>
<arg>LS</arg>
<arg>LT</arg>
<arg>LU</arg>
<arg>LV</arg>
<arg>LY</arg>
<arg>MA</arg>
<arg>MC</arg>
<arg>MD</arg>
<arg>ME</arg>
<arg>MF</arg>
<arg>MG</arg>
<arg>MH</arg>
<arg>MK</arg>
<arg>ML</arg>
<arg>MM</arg>
<arg>MN</arg>
<arg>MO</arg>
<arg>MP</arg>
<arg>MQ</arg>
<arg>MR</arg>
<arg>MS</arg>
<arg>MT</arg>
<arg>MU</arg>
<arg>MV</arg>
<arg>MW</arg>
<arg>MX</arg>
<arg>MY</arg>
<arg>MZ</arg>
<arg>NA</arg>
<arg>NC</arg>
<arg>NE</arg>
<arg>NF</arg>
<arg>NG</arg>
<arg>NI</arg>
<arg>NL</arg>
<arg>NO</arg>
<arg>NP</arg>
<arg>NR</arg>
<arg>NU</arg>
<arg>NZ</arg>
<arg>OM</arg>
<arg>PA</arg>
<arg>PE</arg>
<arg>PF</arg>
<arg>PG</arg>
<arg>PH</arg>
<arg>PK</arg>
<arg>PL</arg>
<arg>PM</arg>
<arg>PN</arg>
<arg>PR</arg>
<arg>PS</arg>
<arg>PT</arg>
<arg>PW</arg>
<arg>PY</arg>
<arg>QA</arg>
<arg>RE</arg>
<arg>RO</arg>
<arg>RS</arg>
<arg>RU</arg>
<arg>RW</arg>
<arg>SA</arg>
<arg>SB</arg>
<arg>SC</arg>
<arg>SD</arg>
<arg>SE</arg>
<arg>SG</arg>
<arg>SH</arg>
<arg>SI</arg>
<arg>SJ</arg>
<arg>SK</arg>
<arg>SL</arg>
<arg>SM</arg>
<arg>SN</arg>
<arg>SO</arg>
<arg>SR</arg>
<arg>SS</arg>
<arg>ST</arg>
<arg>SV</arg>
<arg>SX</arg>
<arg>SY</arg>
<arg>SZ</arg>
<arg>TC</arg>
<arg>TD</arg>
<arg>TF</arg>
<arg>TG</arg>
<arg>TH</arg>
<arg>TJ</arg>
<arg>TK</arg>
<arg>TL</arg>
<arg>TM</arg>
<arg>TN</arg>
<arg>TO</arg>
<arg>TR</arg>
<arg>TT</arg>
<arg>TV</arg>
<arg>TW</arg>
<arg>TZ</arg>
<arg>UA</arg>
<arg>UG</arg>
<arg>UM</arg>
<arg>US</arg>
<arg>UY</arg>
<arg>UZ</arg>
<arg>VA</arg>
<arg>VC</arg>
<arg>VE</arg>
<arg>VG</arg>
<arg>VI</arg>
<arg>VN</arg>
<arg>VU</arg>
<arg>WF</arg>
<arg>WS</arg>
<arg>XK</arg>
<arg>YE</arg>
<arg>YT</arg>
<arg>ZA</arg>
<arg>ZM</arg>
<arg>ZW</arg>
<doc>Returns a list containing given items.</doc>
<status status="PASS" start="2024-04-25T12:21:32.745052" elapsed="0.000613"/>
</kw>
<kw name="List Should Contain Value" owner="Collections">
<msg time="2024-04-25T12:21:32.746664" level="INFO">False</msg>
<arg>${list_country}</arg>
<arg>${name_country}</arg>
<doc>Fails if the ``value`` is not found from ``list``.</doc>
<status status="PASS" start="2024-04-25T12:21:32.746460" elapsed="0.000241"/>
</kw>
<kw name="Run Keyword If" owner="BuiltIn">
<kw name="Should Be True" owner="BuiltIn">
<arg>${True}</arg>
<doc>Fails if the given condition is not true.</doc>
<status status="PASS" start="2024-04-25T12:21:32.747779" elapsed="0.000267"/>
</kw>
<arg>${json_data["results"][0]["location"]["coordinates"]["latitude"]} &gt;= -90 and ${json_data["results"][0]["location"]["coordinates"]["latitude"]} &lt;= 90</arg>
<arg>Should Be True</arg>
<arg>${True}</arg>
<doc>Runs the given keyword with the given arguments, if ``condition`` is true.</doc>
<status status="PASS" start="2024-04-25T12:21:32.747011" elapsed="0.001167"/>
</kw>
<kw name="Run Keyword If" owner="BuiltIn">
<kw name="Should Be True" owner="BuiltIn">
<arg>${True}</arg>
<doc>Fails if the given condition is not true.</doc>
<status status="PASS" start="2024-04-25T12:21:32.749119" elapsed="0.000139"/>
</kw>
<arg>${json_data["results"][0]["location"]["coordinates"]["longitude"]} &gt;= -180 and ${json_data["results"][0]["location"]["coordinates"]["longitude"]} &lt;= 180</arg>
<arg>Should Be True</arg>
<arg>${True}</arg>
<doc>Runs the given keyword with the given arguments, if ``condition`` is true.</doc>
<status status="PASS" start="2024-04-25T12:21:32.748363" elapsed="0.001019"/>
</kw>
<status status="PASS" start="2024-04-25T12:21:32.643726" elapsed="0.105787"/>
</kw>
<doc>Testa o conteúdo específico dos campos retornados pela API.</doc>
<tag>testeConteudo</tag>
<status status="PASS" start="2024-04-25T12:21:32.642989" elapsed="0.106677"/>
</test>
<status status="PASS" start="2024-04-25T12:21:31.795962" elapsed="0.955654"/>
</suite>
<status status="PASS" start="2024-04-25T12:21:31.781994" elapsed="0.974865"/>
</suite>
<statistics>
<total>
<stat pass="5" fail="0" skip="0">All Tests</stat>
</total>
<tag>
<stat pass="1" fail="0" skip="0">testeConteudo</stat>
<stat pass="1" fail="0" skip="0">testeEstruturaResposta</stat>
<stat pass="1" fail="0" skip="0">testeRequisicaoBasica</stat>
<stat pass="1" fail="0" skip="0">testeTiposDados</stat>
</tag>
<suite>
<stat pass="5" fail="0" skip="0" id="s1" name="Tests">Tests</stat>
<stat pass="5" fail="0" skip="0" id="s1-s1" name="Random-User-Test">Tests.Random-User-Test</stat>
</suite>
</statistics>
<errors>
</errors>
</robot>
