<?xml version="1.0" encoding="UTF-8"?>
<robot generator="Robot 7.0 (Python 3.12.3 on linux)" generated="2024-06-01T09:17:04.119095" rpa="false" schemaversion="5">
<suite id="s1" name="Tests" source="/home/runner/work/ApiRandomUser/ApiRandomUser/RamdonUser/tests">
<suite id="s1-s1" name="Random-User-Test" source="/home/runner/work/ApiRandomUser/ApiRandomUser/RamdonUser/tests/random-user-test.robot">
<test id="s1-s1-t1" name="Conectar" line="13">
<kw name="Conectar API" owner="random-user-service">
<kw name="Create Session" owner="RequestsLibrary">
<msg time="2024-06-01T09:17:04.493934" level="INFO">Creating Session using : alias=consultarAPI, url=https://randomuser.me/, headers={},                     cookies={}, auth=None, timeout=None, proxies=None, verify=False,                     debug=0 </msg>
<arg>consultarAPI</arg>
<arg>${URL}</arg>
<doc>Create Session: create a HTTP session to a server</doc>
<status status="PASS" start="2024-06-01T09:17:04.493733" elapsed="0.000367"/>
</kw>
<status status="PASS" start="2024-06-01T09:17:04.492659" elapsed="0.001784"/>
</kw>
<status status="PASS" start="2024-06-01T09:17:04.491996" elapsed="0.002640"/>
</test>
<test id="s1-s1-t2" name="Validar retorno 200 e JSON Válido" line="16">
<kw name="Teste de Requisicao Basica" owner="random-user-service">
<kw name="GET On Session" owner="RequestsLibrary">
<msg time="2024-06-01T09:17:05.533397" level="INFO">GET Request : url=https://randomuser.me/api 
 path_url=/api 
 headers={'User-Agent': 'python-requests/2.32.3', 'Accept-Encoding': 'gzip, deflate', 'Accept': '*/*', 'Connection': 'keep-alive'} 
 body=None 
 </msg>
<msg time="2024-06-01T09:17:05.533536" level="INFO">GET Response : url=https://randomuser.me/api 
 status=200, reason=OK 
 headers={'Date': 'Sat, 01 Jun 2024 09:17:05 GMT', 'Content-Type': 'application/json; charset=utf-8', 'Transfer-Encoding': 'chunked', 'Connection': 'keep-alive', 'X-Powered-By': 'Express', 'Access-Control-Allow-Origin': '*', 'Cache-Control': 'no-cache', 'ETag': 'W/"47a-zvFFbyKlzgRLMAytiXMBaObDYzs"', 'Vary': 'Accept-Encoding', 'Content-Encoding': 'gzip', 'CF-Cache-Status': 'DYNAMIC', 'Report-To': '{"endpoints":[{"url":"https:\\/\\/a.nel.cloudflare.com\\/report\\/v4?s=H5GS4oeTC2o1SQ8tECrsHzTvuzj17D89AQB2UQUwVSXsc1RRY48ATt3edxeqrvfKhJ30PRd2vTf0dbi5RxMZxPotPE7STE9ZyvC9c%2F3PmeugVzVEekJONAkvisOPJfcK"}],"group":"cf-nel","max_age":604800}', 'NEL': '{"success_fraction":0,"report_to":"cf-nel","max_age":604800}', 'Server': 'cloudflare', 'CF-RAY': '88ce1bc85b73e258-ORD', 'alt-svc': 'h3=":443"; ma=86400'} 
 body={"results":[{"gender":"male","name":{"title":"Mr","first":"Aleksandar","last":"Stiegler"},"location":{"street":{"number":3365,"name":"Am Sportplatz"},"city":"Niesky","state":"Hessen","country":"Germany","postcode":66684,"coordinates":{"latitude":"-55.4538","longitude":"-6.4682"},"timezone":{"offset":"-9:00","description":"Alaska"}},"email":"aleksandar.stiegler@example.com","login":{"uuid":"0d250a6a-dbae-4c67-a9ed-bd5790942936","username":"whitesnake718","password":"mars","salt":"2SM4WABP","md5":"16d0e3d49d75c6009260ac707ab4de51","sha1":"d12471388a028232f603a3664bafb05fc626cecd","sha256":"74e68100ff7db54ff5c6c971c41cb97226d8208f77bde12ec66fece3637e1ef9"},"dob":{"date":"1993-07-27T22:16:39.296Z","age":30},"registered":{"date":"2008-09-20T19:33:37.713Z","age":15},"phone":"0506-2162324","cell":"0173-7669606","id":{"name":"SVNR","value":"23 270793 S 046"},"picture":{"large":"https://randomuser.me/api/portraits/men/46.jpg","medium":"https://randomuser.me/api/portraits/med/men/46.jpg","thumbnail":"https://randomuser.me/api/portraits/thumb/men/46.jpg"},"nat":"DE"}],"info":{"seed":"99a37147ed584a74","results":1,"page":1,"version":"1.4"}} 
 </msg>
<msg time="2024-06-01T09:17:05.533606" level="INFO">/opt/hostedtoolcache/Python/3.12.3/x64/lib/python3.12/site-packages/urllib3/connectionpool.py:1103: InsecureRequestWarning: Unverified HTTPS request is being made to host 'randomuser.me'. Adding certificate verification is strongly advised. See: https://urllib3.readthedocs.io/en/latest/advanced-usage.html#tls-warnings
  warnings.warn(</msg>
<msg time="2024-06-01T09:17:05.533727" level="INFO">${response} = &lt;Response [200]&gt;</msg>
<var>${response}</var>
<arg>consultarAPI</arg>
<arg>/api</arg>
<doc>Sends a GET request on a previously created HTTP Session.</doc>
<status status="PASS" start="2024-06-01T09:17:04.497192" elapsed="1.036575"/>
</kw>
<kw name="Should Be Equal As Numbers" owner="BuiltIn">
<msg time="2024-06-01T09:17:05.534761" level="INFO">Argument types are:
&lt;class 'int'&gt;
&lt;class 'str'&gt;</msg>
<arg>${response.status_code}</arg>
<arg>200</arg>
<doc>Fails if objects are unequal after converting them to real numbers.</doc>
<status status="PASS" start="2024-06-01T09:17:05.534291" elapsed="0.000532"/>
</kw>
<kw name="Log" owner="BuiltIn">
<msg time="2024-06-01T09:17:05.535484" level="INFO">200</msg>
<arg>${response.status_code}</arg>
<doc>Logs the given message with the given level.</doc>
<status status="PASS" start="2024-06-01T09:17:05.535139" elapsed="0.000393"/>
</kw>
<kw name="Set Variable" owner="BuiltIn">
<msg time="2024-06-01T09:17:05.536253" level="INFO">${json_data} = {'results': [{'gender': 'male', 'name': {'title': 'Mr', 'first': 'Aleksandar', 'last': 'Stiegler'}, 'location': {'street': {'number': 3365, 'name': 'Am Sportplatz'}, 'city': 'Niesky', 'state': 'Hessen...</msg>
<var>${json_data}</var>
<arg>${response.json()}</arg>
<doc>Returns the given values which can then be assigned to a variables.</doc>
<status status="PASS" start="2024-06-01T09:17:05.535832" elapsed="0.000449"/>
</kw>
<kw name="Dictionary Should Contain Key" owner="Collections">
<msg time="2024-06-01T09:17:05.536747" level="INFO">False</msg>
<arg>${json_data}</arg>
<arg>results</arg>
<doc>Fails if ``key`` is not found from ``dictionary``.</doc>
<status status="PASS" start="2024-06-01T09:17:05.536584" elapsed="0.000336"/>
</kw>
<status status="PASS" start="2024-06-01T09:17:04.496950" elapsed="1.040228"/>
</kw>
<doc>Testa se a API responde corretamente e retorna um objeto JSON válido.</doc>
<tag>testeRequisicaoBasica</tag>
<status status="PASS" start="2024-06-01T09:17:04.496491" elapsed="1.040906"/>
</test>
<test id="s1-s1-t3" name="Validar estrutura de resposta" line="22">
<kw name="Teste de Estrutura de Resposta" owner="random-user-service">
<kw name="GET On Session" owner="RequestsLibrary">
<msg time="2024-06-01T09:17:05.827235" level="INFO">GET Request : url=https://randomuser.me/api 
 path_url=/api 
 headers={'User-Agent': 'python-requests/2.32.3', 'Accept-Encoding': 'gzip, deflate', 'Accept': '*/*', 'Connection': 'keep-alive'} 
 body=None 
 </msg>
<msg time="2024-06-01T09:17:05.827323" level="INFO">GET Response : url=https://randomuser.me/api 
 status=200, reason=OK 
 headers={'Date': 'Sat, 01 Jun 2024 09:17:05 GMT', 'Content-Type': 'application/json; charset=utf-8', 'Transfer-Encoding': 'chunked', 'Connection': 'keep-alive', 'X-Powered-By': 'Express', 'Access-Control-Allow-Origin': '*', 'Cache-Control': 'no-cache', 'ETag': 'W/"475-2qzBACCg675JEgTi31KEXeP8e5U"', 'Vary': 'Accept-Encoding', 'Content-Encoding': 'gzip', 'CF-Cache-Status': 'DYNAMIC', 'Report-To': '{"endpoints":[{"url":"https:\\/\\/a.nel.cloudflare.com\\/report\\/v4?s=IEH6ZoV82YWjBeex%2FsCmsMwdKBg8bbIe4LEmuKvVvq3kECr%2BRo%2BrFhDRmH7R1ZDCazeO41i5%2F2pF13gn0HLa935sNS8XUnDwcj%2FVZFYikDGq14lZp1j84papE6uLwGYg"}],"group":"cf-nel","max_age":604800}', 'NEL': '{"success_fraction":0,"report_to":"cf-nel","max_age":604800}', 'Server': 'cloudflare', 'CF-RAY': '88ce1bcdae12e258-ORD', 'alt-svc': 'h3=":443"; ma=86400'} 
 body={"results":[{"gender":"male","name":{"title":"Mr","first":"Sepp","last":"Weller"},"location":{"street":{"number":85,"name":"Berliner Straße"},"city":"Meißen","state":"Bayern","country":"Germany","postcode":80975,"coordinates":{"latitude":"-47.3888","longitude":"-75.4980"},"timezone":{"offset":"-2:00","description":"Mid-Atlantic"}},"email":"sepp.weller@example.com","login":{"uuid":"df60181c-0242-4d89-aeb6-495b0677b7d5","username":"redgorilla359","password":"tyvugq","salt":"dishYGL5","md5":"ce88d9a9b11cf1f49d58db3ac0b5fc1f","sha1":"1bee671556dc1dc1f525a441693aeb7fe00a06de","sha256":"0e68187740de5c0fc4afc66ade2df8496d8a6ac64640b06117505bfb354e6f9c"},"dob":{"date":"1978-05-26T16:45:55.263Z","age":46},"registered":{"date":"2008-12-08T00:58:05.873Z","age":15},"phone":"0044-4748373","cell":"0178-9650662","id":{"name":"SVNR","value":"21 260578 W 479"},"picture":{"large":"https://randomuser.me/api/portraits/men/73.jpg","medium":"https://randomuser.me/api/portraits/med/men/73.jpg","thumbnail":"https://randomuser.me/api/portraits/thumb/men/73.jpg"},"nat":"DE"}],"info":{"seed":"c84678703e765c8d","results":1,"page":1,"version":"1.4"}} 
 </msg>
<msg time="2024-06-01T09:17:05.827449" level="INFO">/opt/hostedtoolcache/Python/3.12.3/x64/lib/python3.12/site-packages/urllib3/connectionpool.py:1103: InsecureRequestWarning: Unverified HTTPS request is being made to host 'randomuser.me'. Adding certificate verification is strongly advised. See: https://urllib3.readthedocs.io/en/latest/advanced-usage.html#tls-warnings
  warnings.warn(</msg>
<msg time="2024-06-01T09:17:05.827581" level="INFO">${response} = &lt;Response [200]&gt;</msg>
<var>${response}</var>
<arg>consultarAPI</arg>
<arg>/api</arg>
<doc>Sends a GET request on a previously created HTTP Session.</doc>
<status status="PASS" start="2024-06-01T09:17:05.539985" elapsed="0.287650"/>
</kw>
<kw name="Set Variable" owner="BuiltIn">
<msg time="2024-06-01T09:17:05.828722" level="INFO">${json_data} = {'results': [{'gender': 'male', 'name': {'title': 'Mr', 'first': 'Sepp', 'last': 'Weller'}, 'location': {'street': {'number': 85, 'name': 'Berliner Straße'}, 'city': 'Meißen', 'state': 'Bayern', 'coun...</msg>
<var>${json_data}</var>
<arg>${response.json()}</arg>
<doc>Returns the given values which can then be assigned to a variables.</doc>
<status status="PASS" start="2024-06-01T09:17:05.828169" elapsed="0.000583"/>
</kw>
<kw name="Log" owner="BuiltIn">
<msg time="2024-06-01T09:17:05.829252" level="INFO">{'results': [{'gender': 'male', 'name': {'title': 'Mr', 'first': 'Sepp', 'last': 'Weller'}, 'location': {'street': {'number': 85, 'name': 'Berliner Straße'}, 'city': 'Meißen', 'state': 'Bayern', 'country': 'Germany', 'postcode': 80975, 'coordinates': {'latitude': '-47.3888', 'longitude': '-75.4980'}, 'timezone': {'offset': '-2:00', 'description': 'Mid-Atlantic'}}, 'email': 'sepp.weller@example.com', 'login': {'uuid': 'df60181c-0242-4d89-aeb6-495b0677b7d5', 'username': 'redgorilla359', 'password': 'tyvugq', 'salt': 'dishYGL5', 'md5': 'ce88d9a9b11cf1f49d58db3ac0b5fc1f', 'sha1': '1bee671556dc1dc1f525a441693aeb7fe00a06de', 'sha256': '0e68187740de5c0fc4afc66ade2df8496d8a6ac64640b06117505bfb354e6f9c'}, 'dob': {'date': '1978-05-26T16:45:55.263Z', 'age': 46}, 'registered': {'date': '2008-12-08T00:58:05.873Z', 'age': 15}, 'phone': '0044-4748373', 'cell': '0178-9650662', 'id': {'name': 'SVNR', 'value': '21 260578 W 479'}, 'picture': {'large': 'https://randomuser.me/api/portraits/men/73.jpg', 'medium': 'https://randomuser.me/api/portraits/med/men/73.jpg', 'thumbnail': 'https://randomuser.me/api/portraits/thumb/men/73.jpg'}, 'nat': 'DE'}], 'info': {'seed': 'c84678703e765c8d', 'results': 1, 'page': 1, 'version': '1.4'}}</msg>
<arg>${json_data}</arg>
<doc>Logs the given message with the given level.</doc>
<status status="PASS" start="2024-06-01T09:17:05.829061" elapsed="0.000254"/>
</kw>
<kw name="Dictionary Should Contain Key" owner="Collections">
<msg time="2024-06-01T09:17:05.829771" level="INFO">False</msg>
<arg>${json_data}</arg>
<arg>results</arg>
<doc>Fails if ``key`` is not found from ``dictionary``.</doc>
<status status="PASS" start="2024-06-01T09:17:05.829616" elapsed="0.000193"/>
</kw>
<kw name="Should Not Be Empty" owner="BuiltIn">
<msg time="2024-06-01T09:17:05.830238" level="INFO">Length is 2.</msg>
<arg>${json_data}</arg>
<doc>Verifies that the given item is not empty.</doc>
<status status="PASS" start="2024-06-01T09:17:05.830108" elapsed="0.000169"/>
</kw>
<kw name="Create List" owner="BuiltIn">
<msg time="2024-06-01T09:17:05.830712" level="INFO">${expected_keys} = ['gender', 'name', 'location', 'email', 'login']</msg>
<var>${expected_keys}</var>
<arg>gender</arg>
<arg>name</arg>
<arg>location</arg>
<arg>email</arg>
<arg>login</arg>
<doc>Returns a list containing given items.</doc>
<status status="PASS" start="2024-06-01T09:17:05.830567" elapsed="0.000168"/>
</kw>
<for flavor="IN">
<iter>
<kw name="Dictionary Should Contain Key" owner="Collections">
<msg time="2024-06-01T09:17:05.831689" level="INFO">False</msg>
<arg>${json_data['results'][0]}</arg>
<arg>${key}</arg>
<doc>Fails if ``key`` is not found from ``dictionary``.</doc>
<status status="PASS" start="2024-06-01T09:17:05.831283" elapsed="0.000448"/>
</kw>
<kw name="Log" owner="BuiltIn">
<msg time="2024-06-01T09:17:05.832394" level="INFO">{'gender': 'male', 'name': {'title': 'Mr', 'first': 'Sepp', 'last': 'Weller'}, 'location': {'street': {'number': 85, 'name': 'Berliner Straße'}, 'city': 'Meißen', 'state': 'Bayern', 'country': 'Germany', 'postcode': 80975, 'coordinates': {'latitude': '-47.3888', 'longitude': '-75.4980'}, 'timezone': {'offset': '-2:00', 'description': 'Mid-Atlantic'}}, 'email': 'sepp.weller@example.com', 'login': {'uuid': 'df60181c-0242-4d89-aeb6-495b0677b7d5', 'username': 'redgorilla359', 'password': 'tyvugq', 'salt': 'dishYGL5', 'md5': 'ce88d9a9b11cf1f49d58db3ac0b5fc1f', 'sha1': '1bee671556dc1dc1f525a441693aeb7fe00a06de', 'sha256': '0e68187740de5c0fc4afc66ade2df8496d8a6ac64640b06117505bfb354e6f9c'}, 'dob': {'date': '1978-05-26T16:45:55.263Z', 'age': 46}, 'registered': {'date': '2008-12-08T00:58:05.873Z', 'age': 15}, 'phone': '0044-4748373', 'cell': '0178-9650662', 'id': {'name': 'SVNR', 'value': '21 260578 W 479'}, 'picture': {'large': 'https://randomuser.me/api/portraits/men/73.jpg', 'medium': 'https://randomuser.me/api/portraits/med/men/73.jpg', 'thumbnail': 'https://randomuser.me/api/portraits/thumb/men/73.jpg'}, 'nat': 'DE'}</msg>
<arg>${json_data['results'][0]}</arg>
<doc>Logs the given message with the given level.</doc>
<status status="PASS" start="2024-06-01T09:17:05.832030" elapsed="0.000414"/>
</kw>
<kw name="Log" owner="BuiltIn">
<msg time="2024-06-01T09:17:05.832870" level="INFO">gender</msg>
<arg>${key}</arg>
<doc>Logs the given message with the given level.</doc>
<status status="PASS" start="2024-06-01T09:17:05.832743" elapsed="0.000163"/>
</kw>
<var name="${key}">gender</var>
<status status="PASS" start="2024-06-01T09:17:05.831161" elapsed="0.001957"/>
</iter>
<iter>
<kw name="Dictionary Should Contain Key" owner="Collections">
<msg time="2024-06-01T09:17:05.833837" level="INFO">False</msg>
<arg>${json_data['results'][0]}</arg>
<arg>${key}</arg>
<doc>Fails if ``key`` is not found from ``dictionary``.</doc>
<status status="PASS" start="2024-06-01T09:17:05.833455" elapsed="0.000419"/>
</kw>
<kw name="Log" owner="BuiltIn">
<msg time="2024-06-01T09:17:05.834555" level="INFO">{'gender': 'male', 'name': {'title': 'Mr', 'first': 'Sepp', 'last': 'Weller'}, 'location': {'street': {'number': 85, 'name': 'Berliner Straße'}, 'city': 'Meißen', 'state': 'Bayern', 'country': 'Germany', 'postcode': 80975, 'coordinates': {'latitude': '-47.3888', 'longitude': '-75.4980'}, 'timezone': {'offset': '-2:00', 'description': 'Mid-Atlantic'}}, 'email': 'sepp.weller@example.com', 'login': {'uuid': 'df60181c-0242-4d89-aeb6-495b0677b7d5', 'username': 'redgorilla359', 'password': 'tyvugq', 'salt': 'dishYGL5', 'md5': 'ce88d9a9b11cf1f49d58db3ac0b5fc1f', 'sha1': '1bee671556dc1dc1f525a441693aeb7fe00a06de', 'sha256': '0e68187740de5c0fc4afc66ade2df8496d8a6ac64640b06117505bfb354e6f9c'}, 'dob': {'date': '1978-05-26T16:45:55.263Z', 'age': 46}, 'registered': {'date': '2008-12-08T00:58:05.873Z', 'age': 15}, 'phone': '0044-4748373', 'cell': '0178-9650662', 'id': {'name': 'SVNR', 'value': '21 260578 W 479'}, 'picture': {'large': 'https://randomuser.me/api/portraits/men/73.jpg', 'medium': 'https://randomuser.me/api/portraits/med/men/73.jpg', 'thumbnail': 'https://randomuser.me/api/portraits/thumb/men/73.jpg'}, 'nat': 'DE'}</msg>
<arg>${json_data['results'][0]}</arg>
<doc>Logs the given message with the given level.</doc>
<status status="PASS" start="2024-06-01T09:17:05.834195" elapsed="0.000410"/>
</kw>
<kw name="Log" owner="BuiltIn">
<msg time="2024-06-01T09:17:05.835032" level="INFO">name</msg>
<arg>${key}</arg>
<doc>Logs the given message with the given level.</doc>
<status status="PASS" start="2024-06-01T09:17:05.834902" elapsed="0.000167"/>
</kw>
<var name="${key}">name</var>
<status status="PASS" start="2024-06-01T09:17:05.833339" elapsed="0.001942"/>
</iter>
<iter>
<kw name="Dictionary Should Contain Key" owner="Collections">
<msg time="2024-06-01T09:17:05.835947" level="INFO">False</msg>
<arg>${json_data['results'][0]}</arg>
<arg>${key}</arg>
<doc>Fails if ``key`` is not found from ``dictionary``.</doc>
<status status="PASS" start="2024-06-01T09:17:05.835567" elapsed="0.000416"/>
</kw>
<kw name="Log" owner="BuiltIn">
<msg time="2024-06-01T09:17:05.836646" level="INFO">{'gender': 'male', 'name': {'title': 'Mr', 'first': 'Sepp', 'last': 'Weller'}, 'location': {'street': {'number': 85, 'name': 'Berliner Straße'}, 'city': 'Meißen', 'state': 'Bayern', 'country': 'Germany', 'postcode': 80975, 'coordinates': {'latitude': '-47.3888', 'longitude': '-75.4980'}, 'timezone': {'offset': '-2:00', 'description': 'Mid-Atlantic'}}, 'email': 'sepp.weller@example.com', 'login': {'uuid': 'df60181c-0242-4d89-aeb6-495b0677b7d5', 'username': 'redgorilla359', 'password': 'tyvugq', 'salt': 'dishYGL5', 'md5': 'ce88d9a9b11cf1f49d58db3ac0b5fc1f', 'sha1': '1bee671556dc1dc1f525a441693aeb7fe00a06de', 'sha256': '0e68187740de5c0fc4afc66ade2df8496d8a6ac64640b06117505bfb354e6f9c'}, 'dob': {'date': '1978-05-26T16:45:55.263Z', 'age': 46}, 'registered': {'date': '2008-12-08T00:58:05.873Z', 'age': 15}, 'phone': '0044-4748373', 'cell': '0178-9650662', 'id': {'name': 'SVNR', 'value': '21 260578 W 479'}, 'picture': {'large': 'https://randomuser.me/api/portraits/men/73.jpg', 'medium': 'https://randomuser.me/api/portraits/med/men/73.jpg', 'thumbnail': 'https://randomuser.me/api/portraits/thumb/men/73.jpg'}, 'nat': 'DE'}</msg>
<arg>${json_data['results'][0]}</arg>
<doc>Logs the given message with the given level.</doc>
<status status="PASS" start="2024-06-01T09:17:05.836282" elapsed="0.000423"/>
</kw>
<kw name="Log" owner="BuiltIn">
<msg time="2024-06-01T09:17:05.837130" level="INFO">location</msg>
<arg>${key}</arg>
<doc>Logs the given message with the given level.</doc>
<status status="PASS" start="2024-06-01T09:17:05.837004" elapsed="0.000164"/>
</kw>
<var name="${key}">location</var>
<status status="PASS" start="2024-06-01T09:17:05.835456" elapsed="0.001972"/>
</iter>
<iter>
<kw name="Dictionary Should Contain Key" owner="Collections">
<msg time="2024-06-01T09:17:05.838187" level="INFO">False</msg>
<arg>${json_data['results'][0]}</arg>
<arg>${key}</arg>
<doc>Fails if ``key`` is not found from ``dictionary``.</doc>
<status status="PASS" start="2024-06-01T09:17:05.837709" elapsed="0.000516"/>
</kw>
<kw name="Log" owner="BuiltIn">
<msg time="2024-06-01T09:17:05.838881" level="INFO">{'gender': 'male', 'name': {'title': 'Mr', 'first': 'Sepp', 'last': 'Weller'}, 'location': {'street': {'number': 85, 'name': 'Berliner Straße'}, 'city': 'Meißen', 'state': 'Bayern', 'country': 'Germany', 'postcode': 80975, 'coordinates': {'latitude': '-47.3888', 'longitude': '-75.4980'}, 'timezone': {'offset': '-2:00', 'description': 'Mid-Atlantic'}}, 'email': 'sepp.weller@example.com', 'login': {'uuid': 'df60181c-0242-4d89-aeb6-495b0677b7d5', 'username': 'redgorilla359', 'password': 'tyvugq', 'salt': 'dishYGL5', 'md5': 'ce88d9a9b11cf1f49d58db3ac0b5fc1f', 'sha1': '1bee671556dc1dc1f525a441693aeb7fe00a06de', 'sha256': '0e68187740de5c0fc4afc66ade2df8496d8a6ac64640b06117505bfb354e6f9c'}, 'dob': {'date': '1978-05-26T16:45:55.263Z', 'age': 46}, 'registered': {'date': '2008-12-08T00:58:05.873Z', 'age': 15}, 'phone': '0044-4748373', 'cell': '0178-9650662', 'id': {'name': 'SVNR', 'value': '21 260578 W 479'}, 'picture': {'large': 'https://randomuser.me/api/portraits/men/73.jpg', 'medium': 'https://randomuser.me/api/portraits/med/men/73.jpg', 'thumbnail': 'https://randomuser.me/api/portraits/thumb/men/73.jpg'}, 'nat': 'DE'}</msg>
<arg>${json_data['results'][0]}</arg>
<doc>Logs the given message with the given level.</doc>
<status status="PASS" start="2024-06-01T09:17:05.838520" elapsed="0.000410"/>
</kw>
<kw name="Log" owner="BuiltIn">
<msg time="2024-06-01T09:17:05.839348" level="INFO">email</msg>
<arg>${key}</arg>
<doc>Logs the given message with the given level.</doc>
<status status="PASS" start="2024-06-01T09:17:05.839222" elapsed="0.000162"/>
</kw>
<var name="${key}">email</var>
<status status="PASS" start="2024-06-01T09:17:05.837599" elapsed="0.001998"/>
</iter>
<iter>
<kw name="Dictionary Should Contain Key" owner="Collections">
<msg time="2024-06-01T09:17:05.840263" level="INFO">False</msg>
<arg>${json_data['results'][0]}</arg>
<arg>${key}</arg>
<doc>Fails if ``key`` is not found from ``dictionary``.</doc>
<status status="PASS" start="2024-06-01T09:17:05.839883" elapsed="0.000415"/>
</kw>
<kw name="Log" owner="BuiltIn">
<msg time="2024-06-01T09:17:05.840942" level="INFO">{'gender': 'male', 'name': {'title': 'Mr', 'first': 'Sepp', 'last': 'Weller'}, 'location': {'street': {'number': 85, 'name': 'Berliner Straße'}, 'city': 'Meißen', 'state': 'Bayern', 'country': 'Germany', 'postcode': 80975, 'coordinates': {'latitude': '-47.3888', 'longitude': '-75.4980'}, 'timezone': {'offset': '-2:00', 'description': 'Mid-Atlantic'}}, 'email': 'sepp.weller@example.com', 'login': {'uuid': 'df60181c-0242-4d89-aeb6-495b0677b7d5', 'username': 'redgorilla359', 'password': 'tyvugq', 'salt': 'dishYGL5', 'md5': 'ce88d9a9b11cf1f49d58db3ac0b5fc1f', 'sha1': '1bee671556dc1dc1f525a441693aeb7fe00a06de', 'sha256': '0e68187740de5c0fc4afc66ade2df8496d8a6ac64640b06117505bfb354e6f9c'}, 'dob': {'date': '1978-05-26T16:45:55.263Z', 'age': 46}, 'registered': {'date': '2008-12-08T00:58:05.873Z', 'age': 15}, 'phone': '0044-4748373', 'cell': '0178-9650662', 'id': {'name': 'SVNR', 'value': '21 260578 W 479'}, 'picture': {'large': 'https://randomuser.me/api/portraits/men/73.jpg', 'medium': 'https://randomuser.me/api/portraits/med/men/73.jpg', 'thumbnail': 'https://randomuser.me/api/portraits/thumb/men/73.jpg'}, 'nat': 'DE'}</msg>
<arg>${json_data['results'][0]}</arg>
<doc>Logs the given message with the given level.</doc>
<status status="PASS" start="2024-06-01T09:17:05.840588" elapsed="0.000402"/>
</kw>
<kw name="Log" owner="BuiltIn">
<msg time="2024-06-01T09:17:05.841433" level="INFO">login</msg>
<arg>${key}</arg>
<doc>Logs the given message with the given level.</doc>
<status status="PASS" start="2024-06-01T09:17:05.841305" elapsed="0.000164"/>
</kw>
<var name="${key}">login</var>
<status status="PASS" start="2024-06-01T09:17:05.839772" elapsed="0.001909"/>
</iter>
<var>${key}</var>
<value>@{expected_keys}</value>
<status status="PASS" start="2024-06-01T09:17:05.830984" elapsed="0.010815"/>
</for>
<kw name="Create List" owner="BuiltIn">
<msg time="2024-06-01T09:17:05.842151" level="INFO">${expected_keysTwo} = ['username', 'password']</msg>
<var>${expected_keysTwo}</var>
<arg>username</arg>
<arg>password</arg>
<doc>Returns a list containing given items.</doc>
<status status="PASS" start="2024-06-01T09:17:05.842016" elapsed="0.000158"/>
</kw>
<for flavor="IN">
<iter>
<kw name="Dictionary Should Contain Key" owner="Collections">
<msg time="2024-06-01T09:17:05.843045" level="INFO">False</msg>
<arg>${json_data['results'][0]['login']}</arg>
<arg>${keyTwo}</arg>
<doc>Fails if ``key`` is not found from ``dictionary``.</doc>
<status status="PASS" start="2024-06-01T09:17:05.842663" elapsed="0.000417"/>
</kw>
<kw name="Dictionary Should Contain Key" owner="Collections">
<msg time="2024-06-01T09:17:05.843739" level="INFO">False</msg>
<arg>${json_data['results'][0]['login']}</arg>
<arg>${keyTwo}</arg>
<doc>Fails if ``key`` is not found from ``dictionary``.</doc>
<status status="PASS" start="2024-06-01T09:17:05.843368" elapsed="0.000407"/>
</kw>
<kw name="Log" owner="BuiltIn">
<msg time="2024-06-01T09:17:05.844186" level="INFO">username</msg>
<arg>${keyTwo}</arg>
<doc>Logs the given message with the given level.</doc>
<status status="PASS" start="2024-06-01T09:17:05.844062" elapsed="0.000160"/>
</kw>
<var name="${keyTwo}">username</var>
<status status="PASS" start="2024-06-01T09:17:05.842556" elapsed="0.001879"/>
</iter>
<iter>
<kw name="Dictionary Should Contain Key" owner="Collections">
<msg time="2024-06-01T09:17:05.845097" level="INFO">False</msg>
<arg>${json_data['results'][0]['login']}</arg>
<arg>${keyTwo}</arg>
<doc>Fails if ``key`` is not found from ``dictionary``.</doc>
<status status="PASS" start="2024-06-01T09:17:05.844718" elapsed="0.000415"/>
</kw>
<kw name="Dictionary Should Contain Key" owner="Collections">
<msg time="2024-06-01T09:17:05.845838" level="INFO">False</msg>
<arg>${json_data['results'][0]['login']}</arg>
<arg>${keyTwo}</arg>
<doc>Fails if ``key`` is not found from ``dictionary``.</doc>
<status status="PASS" start="2024-06-01T09:17:05.845456" elapsed="0.000419"/>
</kw>
<kw name="Log" owner="BuiltIn">
<msg time="2024-06-01T09:17:05.846286" level="INFO">password</msg>
<arg>${keyTwo}</arg>
<doc>Logs the given message with the given level.</doc>
<status status="PASS" start="2024-06-01T09:17:05.846163" elapsed="0.000159"/>
</kw>
<var name="${keyTwo}">password</var>
<status status="PASS" start="2024-06-01T09:17:05.844602" elapsed="0.001932"/>
</iter>
<var>${keyTwo}</var>
<value>@{expected_keysTwo}</value>
<status status="PASS" start="2024-06-01T09:17:05.842408" elapsed="0.004241"/>
</for>
<status status="PASS" start="2024-06-01T09:17:05.539751" elapsed="0.307032"/>
</kw>
<doc>Testa a estrutura da resposta da API.</doc>
<tag>testeEstruturaResposta</tag>
<status status="PASS" start="2024-06-01T09:17:05.539165" elapsed="0.307763"/>
</test>
<test id="s1-s1-t4" name="Validar tipos de dados" line="28">
<kw name="Teste de Tipos de Dados" owner="random-user-service">
<kw name="GET On Session" owner="RequestsLibrary">
<msg time="2024-06-01T09:17:05.932548" level="INFO">GET Request : url=https://randomuser.me/api 
 path_url=/api 
 headers={'User-Agent': 'python-requests/2.32.3', 'Accept-Encoding': 'gzip, deflate', 'Accept': '*/*', 'Connection': 'keep-alive'} 
 body=None 
 </msg>
<msg time="2024-06-01T09:17:05.932632" level="INFO">GET Response : url=https://randomuser.me/api 
 status=200, reason=OK 
 headers={'Date': 'Sat, 01 Jun 2024 09:17:05 GMT', 'Content-Type': 'application/json; charset=utf-8', 'Transfer-Encoding': 'chunked', 'Connection': 'keep-alive', 'X-Powered-By': 'Express', 'Access-Control-Allow-Origin': '*', 'Cache-Control': 'no-cache', 'ETag': 'W/"49e-pf+9aBbEyh32078xZAUEu8Bp1FE"', 'Vary': 'Accept-Encoding', 'Content-Encoding': 'gzip', 'CF-Cache-Status': 'DYNAMIC', 'Report-To': '{"endpoints":[{"url":"https:\\/\\/a.nel.cloudflare.com\\/report\\/v4?s=Af%2B1AGyT7E%2BpUgmdDr3XcWuFls3i6n5Lwf7kxyjj9VPlOA2ec3%2BopGabnxuHgX5%2BHfQlq920ReRc0mbFtR88c0ynhWhTpY%2BV0ndIl8beMoU%2FhW69DqAxAiRcekKtbEG2"}],"group":"cf-nel","max_age":604800}', 'NEL': '{"success_fraction":0,"report_to":"cf-nel","max_age":604800}', 'Server': 'cloudflare', 'CF-RAY': '88ce1bcf8f14e258-ORD', 'alt-svc': 'h3=":443"; ma=86400'} 
 body={"results":[{"gender":"female","name":{"title":"Mrs","first":"سوگند","last":"رضایی"},"location":{"street":{"number":3731,"name":"استاد نجات‌اللهی"},"city":"بابل","state":"کرمانشاه","country":"Iran","postcode":98023,"coordinates":{"latitude":"17.4303","longitude":"117.6538"},"timezone":{"offset":"-7:00","description":"Mountain Time (US &amp; Canada)"}},"email":"swgnd.rdyy@example.com","login":{"uuid":"8393513d-fb4b-4a1d-9256-7329cf27b3a2","username":"happykoala296","password":"felix","salt":"TsTQg2Jj","md5":"ca1008a51c002b88b491cf22f6f27e60","sha1":"3e5ad507ef1d254fc86448b9dd60d31f7f310f07","sha256":"ea23e73b2671c582e12acf8056f24e145f3d38e7b0419044b37f6fafb3ce3657"},"dob":{"date":"1951-10-01T13:42:48.525Z","age":72},"registered":{"date":"2013-11-24T18:00:22.721Z","age":10},"phone":"091-47161303","cell":"0942-170-6922","id":{"name":"","value":null},"picture":{"large":"https://randomuser.me/api/portraits/women/76.jpg","medium":"https://randomuser.me/api/portraits/med/women/76.jpg","thumbnail":"https://randomuser.me/api/portraits/thumb/women/76.jpg"},"nat":"IR"}],"info":{"seed":"a1a8305005763012","results":1,"page":1,"version":"1.4"}} 
 </msg>
<msg time="2024-06-01T09:17:05.932717" level="INFO">/opt/hostedtoolcache/Python/3.12.3/x64/lib/python3.12/site-packages/urllib3/connectionpool.py:1103: InsecureRequestWarning: Unverified HTTPS request is being made to host 'randomuser.me'. Adding certificate verification is strongly advised. See: https://urllib3.readthedocs.io/en/latest/advanced-usage.html#tls-warnings
  warnings.warn(</msg>
<msg time="2024-06-01T09:17:05.932834" level="INFO">${response} = &lt;Response [200]&gt;</msg>
<var>${response}</var>
<arg>consultarAPI</arg>
<arg>/api</arg>
<doc>Sends a GET request on a previously created HTTP Session.</doc>
<status status="PASS" start="2024-06-01T09:17:05.849435" elapsed="0.083453"/>
</kw>
<kw name="Set Variable" owner="BuiltIn">
<msg time="2024-06-01T09:17:05.934005" level="INFO">${json_data} = {'results': [{'gender': 'female', 'name': {'title': 'Mrs', 'first': 'سوگند', 'last': 'رضایی'}, 'location': {'street': {'number': 3731, 'name': 'استاد نجات\u200cاللهی'}, 'city': 'بابل', 'state': 'کرمان...</msg>
<var>${json_data}</var>
<arg>${response.json()}</arg>
<doc>Returns the given values which can then be assigned to a variables.</doc>
<status status="PASS" start="2024-06-01T09:17:05.933447" elapsed="0.000588"/>
</kw>
<kw name="Log" owner="BuiltIn">
<msg time="2024-06-01T09:17:05.934515" level="INFO">{'results': [{'gender': 'female', 'name': {'title': 'Mrs', 'first': 'سوگند', 'last': 'رضایی'}, 'location': {'street': {'number': 3731, 'name': 'استاد نجات\u200cاللهی'}, 'city': 'بابل', 'state': 'کرمانشاه', 'country': 'Iran', 'postcode': 98023, 'coordinates': {'latitude': '17.4303', 'longitude': '117.6538'}, 'timezone': {'offset': '-7:00', 'description': 'Mountain Time (US &amp; Canada)'}}, 'email': 'swgnd.rdyy@example.com', 'login': {'uuid': '8393513d-fb4b-4a1d-9256-7329cf27b3a2', 'username': 'happykoala296', 'password': 'felix', 'salt': 'TsTQg2Jj', 'md5': 'ca1008a51c002b88b491cf22f6f27e60', 'sha1': '3e5ad507ef1d254fc86448b9dd60d31f7f310f07', 'sha256': 'ea23e73b2671c582e12acf8056f24e145f3d38e7b0419044b37f6fafb3ce3657'}, 'dob': {'date': '1951-10-01T13:42:48.525Z', 'age': 72}, 'registered': {'date': '2013-11-24T18:00:22.721Z', 'age': 10}, 'phone': '091-47161303', 'cell': '0942-170-6922', 'id': {'name': '', 'value': None}, 'picture': {'large': 'https://randomuser.me/api/portraits/women/76.jpg', 'medium': 'https://randomuser.me/api/portraits/med/women/76.jpg', 'thumbnail': 'https://randomuser.me/api/portraits/thumb/women/76.jpg'}, 'nat': 'IR'}], 'info': {'seed': 'a1a8305005763012', 'results': 1, 'page': 1, 'version': '1.4'}}</msg>
<arg>${json_data}</arg>
<doc>Logs the given message with the given level.</doc>
<status status="PASS" start="2024-06-01T09:17:05.934359" elapsed="0.000237"/>
</kw>
<kw name="Should Be String" owner="String">
<arg>${json_data['results'][0]['gender']}</arg>
<doc>Fails if the given ``item`` is not a string.</doc>
<status status="PASS" start="2024-06-01T09:17:05.934902" elapsed="0.000375"/>
</kw>
<kw name="Should Match Regexp" owner="BuiltIn">
<arg>${json_data['results'][0]['email']}</arg>
<arg>^[a-zA-Z0-9._%+-]+@[a-zA-Z0-9.-]+\.[a-zA-Z]{2,}$</arg>
<doc>Fails if ``string`` does not match ``pattern`` as a regular expression.</doc>
<status status="PASS" start="2024-06-01T09:17:05.935467" elapsed="0.000617"/>
</kw>
<kw name="Should Match Regexp" owner="BuiltIn">
<arg>${json_data['results'][0]['dob']['date']}</arg>
<arg>\\d{4}-\\d{2}-\\d{2}T\\d{2}:\\d{2}:\\d{2}\\.\\d{3}Z</arg>
<doc>Fails if ``string`` does not match ``pattern`` as a regular expression.</doc>
<status status="PASS" start="2024-06-01T09:17:05.936284" elapsed="0.000488"/>
</kw>
<kw name="Should Match Regexp" owner="BuiltIn">
<arg>${json_data['results'][0]['registered']['date']}</arg>
<arg>\\d{4}-\\d{2}-\\d{2}T\\d{2}:\\d{2}:\\d{2}\\.\\d{3}Z</arg>
<doc>Fails if ``string`` does not match ``pattern`` as a regular expression.</doc>
<status status="PASS" start="2024-06-01T09:17:05.936966" elapsed="0.000410"/>
</kw>
<kw name="Should Match Regexp" owner="BuiltIn">
<arg>${json_data['results'][0]['picture']['large']}</arg>
<arg>^https?://.*\.(?:png|jpe?g|gif|bmp)$</arg>
<doc>Fails if ``string`` does not match ``pattern`` as a regular expression.</doc>
<status status="PASS" start="2024-06-01T09:17:05.937570" elapsed="0.000459"/>
</kw>
<kw name="Should Match Regexp" owner="BuiltIn">
<arg>${json_data['results'][0]['picture']['medium']}</arg>
<arg>^https?://.*\.(?:png|jpe?g|gif|bmp)$</arg>
<doc>Fails if ``string`` does not match ``pattern`` as a regular expression.</doc>
<status status="PASS" start="2024-06-01T09:17:05.938218" elapsed="0.000431"/>
</kw>
<kw name="Should Match Regexp" owner="BuiltIn">
<arg>${json_data['results'][0]['picture']['thumbnail']}</arg>
<arg>^https?://.*\.(?:png|jpe?g|gif|bmp)$</arg>
<doc>Fails if ``string`` does not match ``pattern`` as a regular expression.</doc>
<status status="PASS" start="2024-06-01T09:17:05.938837" elapsed="0.000349"/>
</kw>
<kw name="Log" owner="BuiltIn">
<msg time="2024-06-01T09:17:05.939687" level="INFO">{'large': 'https://randomuser.me/api/portraits/women/76.jpg', 'medium': 'https://randomuser.me/api/portraits/med/women/76.jpg', 'thumbnail': 'https://randomuser.me/api/portraits/thumb/women/76.jpg'}</msg>
<arg>${json_data['results'][0]['picture']}</arg>
<doc>Logs the given message with the given level.</doc>
<status status="PASS" start="2024-06-01T09:17:05.939366" elapsed="0.000364"/>
</kw>
<status status="PASS" start="2024-06-01T09:17:05.849183" elapsed="0.090794"/>
</kw>
<kw name="Teste de Tipos de Dados - Postcode" owner="random-user-service">
<kw name="GET On Session" owner="RequestsLibrary">
<msg time="2024-06-01T09:17:05.989968" level="INFO">GET Request : url=https://randomuser.me/api 
 path_url=/api 
 headers={'User-Agent': 'python-requests/2.32.3', 'Accept-Encoding': 'gzip, deflate', 'Accept': '*/*', 'Connection': 'keep-alive'} 
 body=None 
 </msg>
<msg time="2024-06-01T09:17:05.990041" level="INFO">GET Response : url=https://randomuser.me/api 
 status=200, reason=OK 
 headers={'Date': 'Sat, 01 Jun 2024 09:17:05 GMT', 'Content-Type': 'application/json; charset=utf-8', 'Transfer-Encoding': 'chunked', 'Connection': 'keep-alive', 'X-Powered-By': 'Express', 'Access-Control-Allow-Origin': '*', 'Cache-Control': 'no-cache', 'ETag': 'W/"4b5-6/CCbpnrCzw0pwjQTyjFaOVWgLw"', 'Vary': 'Accept-Encoding', 'Content-Encoding': 'gzip', 'CF-Cache-Status': 'DYNAMIC', 'Report-To': '{"endpoints":[{"url":"https:\\/\\/a.nel.cloudflare.com\\/report\\/v4?s=%2Bj%2BBSCwhjBfCZvQWtCevHCqrBF3ryKVwuKB3gdeMaYnKWMlEZTzRbjhf6PAgU%2Be2QgPs8CzwKpfZBkTa%2FFMEopjyr5wU3EkwThyFidQrZBSDBeggS%2BWMfTdt5eFlAYUg"}],"group":"cf-nel","max_age":604800}', 'NEL': '{"success_fraction":0,"report_to":"cf-nel","max_age":604800}', 'Server': 'cloudflare', 'CF-RAY': '88ce1bd02f57e258-ORD', 'alt-svc': 'h3=":443"; ma=86400'} 
 body={"results":[{"gender":"female","name":{"title":"Mademoiselle","first":"Stefanie","last":"Lacroix"},"location":{"street":{"number":2839,"name":"Rue Laure-Diebold"},"city":"Cham","state":"Glarus","country":"Switzerland","postcode":7534,"coordinates":{"latitude":"-64.2794","longitude":"165.0886"},"timezone":{"offset":"0:00","description":"Western Europe Time, London, Lisbon, Casablanca"}},"email":"stefanie.lacroix@example.com","login":{"uuid":"e7f74e25-888a-4341-92fb-fffa40b13fd8","username":"silverwolf978","password":"yang","salt":"IHQnqe1i","md5":"d96291a881d48d52e60e5d1401f2bf80","sha1":"90378d548ea8a73144ed507e29e4f949ab9bcae9","sha256":"940e310376c84b1a1347af21784ed5ef83915215a2c679017ae91d0ba804ca21"},"dob":{"date":"1999-01-27T02:16:56.225Z","age":25},"registered":{"date":"2015-11-03T05:16:42.847Z","age":8},"phone":"075 298 50 27","cell":"079 126 27 28","id":{"name":"AVS","value":"756.5554.5140.13"},"picture":{"large":"https://randomuser.me/api/portraits/women/29.jpg","medium":"https://randomuser.me/api/portraits/med/women/29.jpg","thumbnail":"https://randomuser.me/api/portraits/thumb/women/29.jpg"},"nat":"CH"}],"info":{"seed":"85aa05039b21c104","results":1,"page":1,"version":"1.4"}} 
 </msg>
<msg time="2024-06-01T09:17:05.990106" level="INFO">/opt/hostedtoolcache/Python/3.12.3/x64/lib/python3.12/site-packages/urllib3/connectionpool.py:1103: InsecureRequestWarning: Unverified HTTPS request is being made to host 'randomuser.me'. Adding certificate verification is strongly advised. See: https://urllib3.readthedocs.io/en/latest/advanced-usage.html#tls-warnings
  warnings.warn(</msg>
<msg time="2024-06-01T09:17:05.990209" level="INFO">${response} = &lt;Response [200]&gt;</msg>
<var>${response}</var>
<arg>consultarAPI</arg>
<arg>/api</arg>
<doc>Sends a GET request on a previously created HTTP Session.</doc>
<status status="PASS" start="2024-06-01T09:17:05.940404" elapsed="0.049848"/>
</kw>
<kw name="Set Variable" owner="BuiltIn">
<msg time="2024-06-01T09:17:05.991231" level="INFO">${json_data} = {'results': [{'gender': 'female', 'name': {'title': 'Mademoiselle', 'first': 'Stefanie', 'last': 'Lacroix'}, 'location': {'street': {'number': 2839, 'name': 'Rue Laure-Diebold'}, 'city': 'Cham', 'stat...</msg>
<var>${json_data}</var>
<arg>${response.json()}</arg>
<doc>Returns the given values which can then be assigned to a variables.</doc>
<status status="PASS" start="2024-06-01T09:17:05.990687" elapsed="0.000571"/>
</kw>
<kw name="Log" owner="BuiltIn">
<msg time="2024-06-01T09:17:05.991714" level="INFO">{'results': [{'gender': 'female', 'name': {'title': 'Mademoiselle', 'first': 'Stefanie', 'last': 'Lacroix'}, 'location': {'street': {'number': 2839, 'name': 'Rue Laure-Diebold'}, 'city': 'Cham', 'state': 'Glarus', 'country': 'Switzerland', 'postcode': 7534, 'coordinates': {'latitude': '-64.2794', 'longitude': '165.0886'}, 'timezone': {'offset': '0:00', 'description': 'Western Europe Time, London, Lisbon, Casablanca'}}, 'email': 'stefanie.lacroix@example.com', 'login': {'uuid': 'e7f74e25-888a-4341-92fb-fffa40b13fd8', 'username': 'silverwolf978', 'password': 'yang', 'salt': 'IHQnqe1i', 'md5': 'd96291a881d48d52e60e5d1401f2bf80', 'sha1': '90378d548ea8a73144ed507e29e4f949ab9bcae9', 'sha256': '940e310376c84b1a1347af21784ed5ef83915215a2c679017ae91d0ba804ca21'}, 'dob': {'date': '1999-01-27T02:16:56.225Z', 'age': 25}, 'registered': {'date': '2015-11-03T05:16:42.847Z', 'age': 8}, 'phone': '075 298 50 27', 'cell': '079 126 27 28', 'id': {'name': 'AVS', 'value': '756.5554.5140.13'}, 'picture': {'large': 'https://randomuser.me/api/portraits/women/29.jpg', 'medium': 'https://randomuser.me/api/portraits/med/women/29.jpg', 'thumbnail': 'https://randomuser.me/api/portraits/thumb/women/29.jpg'}, 'nat': 'CH'}], 'info': {'seed': '85aa05039b21c104', 'results': 1, 'page': 1, 'version': '1.4'}}</msg>
<arg>${json_data}</arg>
<doc>Logs the given message with the given level.</doc>
<status status="PASS" start="2024-06-01T09:17:05.991563" elapsed="0.000226"/>
</kw>
<kw name="Should Be Equal As Numbers" owner="BuiltIn">
<arg>${json_data['results'][0]['location']['postcode']}</arg>
<arg>${json_data['results'][0]['location']['postcode']}</arg>
<doc>Fails if objects are unequal after converting them to real numbers.</doc>
<status status="PASS" start="2024-06-01T09:17:05.992085" elapsed="0.000609"/>
</kw>
<kw name="Log" owner="BuiltIn">
<msg time="2024-06-01T09:17:05.993245" level="INFO">7534</msg>
<arg>${json_data['results'][0]['location']['postcode']}</arg>
<doc>Logs the given message with the given level.</doc>
<status status="PASS" start="2024-06-01T09:17:05.992884" elapsed="0.000407"/>
</kw>
<status status="PASS" start="2024-06-01T09:17:05.940190" elapsed="0.053361"/>
</kw>
<doc>Testa se os tipos de dados na resposta da API estão corretos.</doc>
<tag>testeTiposDados</tag>
<status status="PASS" start="2024-06-01T09:17:05.848638" elapsed="0.145070"/>
</test>
<test id="s1-s1-t5" name="Validar conteudo" line="35">
<kw name="Teste de Tipos de Conteudo" owner="random-user-service">
<kw name="GET On Session" owner="RequestsLibrary">
<msg time="2024-06-01T09:17:06.092770" level="INFO">GET Request : url=https://randomuser.me/api 
 path_url=/api 
 headers={'User-Agent': 'python-requests/2.32.3', 'Accept-Encoding': 'gzip, deflate', 'Accept': '*/*', 'Connection': 'keep-alive'} 
 body=None 
 </msg>
<msg time="2024-06-01T09:17:06.092856" level="INFO">GET Response : url=https://randomuser.me/api 
 status=200, reason=OK 
 headers={'Date': 'Sat, 01 Jun 2024 09:17:06 GMT', 'Content-Type': 'application/json; charset=utf-8', 'Transfer-Encoding': 'chunked', 'Connection': 'keep-alive', 'X-Powered-By': 'Express', 'Access-Control-Allow-Origin': '*', 'Cache-Control': 'no-cache', 'ETag': 'W/"4a5-Co3ijbOFgisU5/mTIdxghHTqma8"', 'Vary': 'Accept-Encoding', 'Content-Encoding': 'gzip', 'CF-Cache-Status': 'DYNAMIC', 'Report-To': '{"endpoints":[{"url":"https:\\/\\/a.nel.cloudflare.com\\/report\\/v4?s=BwkBlz%2FsMmd%2FsoQ6TQwC%2BHogatQg8Wmof8XnETz8VWeHMwUPn8Cv3Gi7HLsPD3lyn3XloBzegSrB7MGJmpz67tk1DlwlIm%2F9mVC1VKwFekNegcXVQHzSYjk7KjJdd%2Bv5"}],"group":"cf-nel","max_age":604800}', 'NEL': '{"success_fraction":0,"report_to":"cf-nel","max_age":604800}', 'Server': 'cloudflare', 'CF-RAY': '88ce1bd07f82e258-ORD', 'alt-svc': 'h3=":443"; ma=86400'} 
 body={"results":[{"gender":"male","name":{"title":"Mr","first":"Dragutin","last":"Maksimović"},"location":{"street":{"number":1882,"name":"Porodice Pantelić"},"city":"Bela Crkva","state":"Pomoravlje","country":"Serbia","postcode":19471,"coordinates":{"latitude":"56.2446","longitude":"-12.8823"},"timezone":{"offset":"-4:00","description":"Atlantic Time (Canada), Caracas, La Paz"}},"email":"dragutin.maksimovic@example.com","login":{"uuid":"4643a191-a5fd-4022-996c-ecd6ee0311ed","username":"happypeacock903","password":"mission","salt":"Nw8Ydklu","md5":"2e59d57f80ab541aeda72000f7b6e11c","sha1":"9ef1adaf34843822303e11846517282def81312d","sha256":"c15453d13f37e4b1d16b944c34dfe110c89e1b850a13876af713fc2efd349196"},"dob":{"date":"1988-04-03T05:50:50.014Z","age":36},"registered":{"date":"2018-11-23T17:41:21.151Z","age":5},"phone":"038-0210-986","cell":"064-3804-882","id":{"name":"SID","value":"498962667"},"picture":{"large":"https://randomuser.me/api/portraits/men/38.jpg","medium":"https://randomuser.me/api/portraits/med/men/38.jpg","thumbnail":"https://randomuser.me/api/portraits/thumb/men/38.jpg"},"nat":"RS"}],"info":{"seed":"ac3179e63f296b40","results":1,"page":1,"version":"1.4"}} 
 </msg>
<msg time="2024-06-01T09:17:06.092932" level="INFO">/opt/hostedtoolcache/Python/3.12.3/x64/lib/python3.12/site-packages/urllib3/connectionpool.py:1103: InsecureRequestWarning: Unverified HTTPS request is being made to host 'randomuser.me'. Adding certificate verification is strongly advised. See: https://urllib3.readthedocs.io/en/latest/advanced-usage.html#tls-warnings
  warnings.warn(</msg>
<msg time="2024-06-01T09:17:06.093051" level="INFO">${response} = &lt;Response [200]&gt;</msg>
<var>${response}</var>
<arg>consultarAPI</arg>
<arg>/api</arg>
<doc>Sends a GET request on a previously created HTTP Session.</doc>
<status status="PASS" start="2024-06-01T09:17:05.996156" elapsed="0.096949"/>
</kw>
<kw name="Set Variable" owner="BuiltIn">
<msg time="2024-06-01T09:17:06.094229" level="INFO">${json_data} = {'results': [{'gender': 'male', 'name': {'title': 'Mr', 'first': 'Dragutin', 'last': 'Maksimović'}, 'location': {'street': {'number': 1882, 'name': 'Porodice Pantelić'}, 'city': 'Bela Crkva', 'state':...</msg>
<var>${json_data}</var>
<arg>${response.json()}</arg>
<doc>Returns the given values which can then be assigned to a variables.</doc>
<status status="PASS" start="2024-06-01T09:17:06.093678" elapsed="0.000581"/>
</kw>
<kw name="Set Variable" owner="BuiltIn">
<msg time="2024-06-01T09:17:06.094945" level="INFO">${name_title} = Mr</msg>
<var>${name_title}</var>
<arg>${json_data["results"][0]["name"]["title"]}</arg>
<doc>Returns the given values which can then be assigned to a variables.</doc>
<status status="PASS" start="2024-06-01T09:17:06.094565" elapsed="0.000405"/>
</kw>
<kw name="Create List" owner="BuiltIn">
<msg time="2024-06-01T09:17:06.095409" level="INFO">${allowed_titles} = ['Mr', 'Ms', 'Miss', 'Mrs', 'Madame', 'Monsieur']</msg>
<var>${allowed_titles}</var>
<arg>Mr</arg>
<arg>Ms</arg>
<arg>Miss</arg>
<arg>Mrs</arg>
<arg>Madame</arg>
<arg>Monsieur</arg>
<doc>Returns a list containing given items.</doc>
<status status="PASS" start="2024-06-01T09:17:06.095263" elapsed="0.000170"/>
</kw>
<kw name="List Should Contain Value" owner="Collections">
<msg time="2024-06-01T09:17:06.095894" level="INFO">False</msg>
<arg>${allowed_titles}</arg>
<arg>${name_title}</arg>
<doc>Fails if the ``value`` is not found from ``list``.</doc>
<status status="PASS" start="2024-06-01T09:17:06.095729" elapsed="0.000201"/>
</kw>
<kw name="Set Variable" owner="BuiltIn">
<msg time="2024-06-01T09:17:06.096721" level="INFO">${name_country} = RS</msg>
<var>${name_country}</var>
<arg>${json_data["results"][0]["nat"]}</arg>
<doc>Returns the given values which can then be assigned to a variables.</doc>
<status status="PASS" start="2024-06-01T09:17:06.096220" elapsed="0.000526"/>
</kw>
<kw name="Create List" owner="BuiltIn">
<msg time="2024-06-01T09:17:06.097676" level="INFO">${list_country} = ['AD', 'AE', 'AF', 'AG', 'AI', 'AL', 'AM', 'AO', 'AQ', 'AR', 'AS', 'AT', 'AU', 'AW', 'AX', 'AZ', 'BA', 'BB', 'BD', 'BE', 'BF', 'BG', 'BH', 'BI', 'BJ', 'BL', 'BM', 'BN', 'BO', 'BQ', 'BR', 'BS', 'BT', '...</msg>
<var>${list_country}</var>
<arg>AD</arg>
<arg>AE</arg>
<arg>AF</arg>
<arg>AG</arg>
<arg>AI</arg>
<arg>AL</arg>
<arg>AM</arg>
<arg>AO</arg>
<arg>AQ</arg>
<arg>AR</arg>
<arg>AS</arg>
<arg>AT</arg>
<arg>AU</arg>
<arg>AW</arg>
<arg>AX</arg>
<arg>AZ</arg>
<arg>BA</arg>
<arg>BB</arg>
<arg>BD</arg>
<arg>BE</arg>
<arg>BF</arg>
<arg>BG</arg>
<arg>BH</arg>
<arg>BI</arg>
<arg>BJ</arg>
<arg>BL</arg>
<arg>BM</arg>
<arg>BN</arg>
<arg>BO</arg>
<arg>BQ</arg>
<arg>BR</arg>
<arg>BS</arg>
<arg>BT</arg>
<arg>BV</arg>
<arg>BW</arg>
<arg>BY</arg>
<arg>BZ</arg>
<arg>CA</arg>
<arg>CC</arg>
<arg>CD</arg>
<arg>CF</arg>
<arg>CG</arg>
<arg>CH</arg>
<arg>CI</arg>
<arg>CK</arg>
<arg>CL</arg>
<arg>CM</arg>
<arg>CN</arg>
<arg>CO</arg>
<arg>CR</arg>
<arg>CU</arg>
<arg>CV</arg>
<arg>CW</arg>
<arg>CX</arg>
<arg>CY</arg>
<arg>CZ</arg>
<arg>DE</arg>
<arg>DJ</arg>
<arg>DK</arg>
<arg>DM</arg>
<arg>DO</arg>
<arg>DZ</arg>
<arg>EC</arg>
<arg>EE</arg>
<arg>EG</arg>
<arg>EH</arg>
<arg>ER</arg>
<arg>ES</arg>
<arg>ET</arg>
<arg>FI</arg>
<arg>FJ</arg>
<arg>FK</arg>
<arg>FM</arg>
<arg>FO</arg>
<arg>FR</arg>
<arg>GA</arg>
<arg>GB</arg>
<arg>GD</arg>
<arg>GE</arg>
<arg>GF</arg>
<arg>GG</arg>
<arg>GH</arg>
<arg>GI</arg>
<arg>GL</arg>
<arg>GM</arg>
<arg>GN</arg>
<arg>GP</arg>
<arg>GQ</arg>
<arg>GR</arg>
<arg>GS</arg>
<arg>GT</arg>
<arg>GU</arg>
<arg>GW</arg>
<arg>GY</arg>
<arg>HK</arg>
<arg>HM</arg>
<arg>HN</arg>
<arg>HR</arg>
<arg>HT</arg>
<arg>HU</arg>
<arg>ID</arg>
<arg>IE</arg>
<arg>IL</arg>
<arg>IM</arg>
<arg>IN</arg>
<arg>IO</arg>
<arg>IQ</arg>
<arg>IR</arg>
<arg>IS</arg>
<arg>IT</arg>
<arg>JE</arg>
<arg>JM</arg>
<arg>JO</arg>
<arg>JP</arg>
<arg>KE</arg>
<arg>KG</arg>
<arg>KH</arg>
<arg>KI</arg>
<arg>KM</arg>
<arg>KN</arg>
<arg>KP</arg>
<arg>KR</arg>
<arg>KW</arg>
<arg>KY</arg>
<arg>KZ</arg>
<arg>LA</arg>
<arg>LB</arg>
<arg>LC</arg>
<arg>LI</arg>
<arg>LK</arg>
<arg>LR</arg>
<arg>LS</arg>
<arg>LT</arg>
<arg>LU</arg>
<arg>LV</arg>
<arg>LY</arg>
<arg>MA</arg>
<arg>MC</arg>
<arg>MD</arg>
<arg>ME</arg>
<arg>MF</arg>
<arg>MG</arg>
<arg>MH</arg>
<arg>MK</arg>
<arg>ML</arg>
<arg>MM</arg>
<arg>MN</arg>
<arg>MO</arg>
<arg>MP</arg>
<arg>MQ</arg>
<arg>MR</arg>
<arg>MS</arg>
<arg>MT</arg>
<arg>MU</arg>
<arg>MV</arg>
<arg>MW</arg>
<arg>MX</arg>
<arg>MY</arg>
<arg>MZ</arg>
<arg>NA</arg>
<arg>NC</arg>
<arg>NE</arg>
<arg>NF</arg>
<arg>NG</arg>
<arg>NI</arg>
<arg>NL</arg>
<arg>NO</arg>
<arg>NP</arg>
<arg>NR</arg>
<arg>NU</arg>
<arg>NZ</arg>
<arg>OM</arg>
<arg>PA</arg>
<arg>PE</arg>
<arg>PF</arg>
<arg>PG</arg>
<arg>PH</arg>
<arg>PK</arg>
<arg>PL</arg>
<arg>PM</arg>
<arg>PN</arg>
<arg>PR</arg>
<arg>PS</arg>
<arg>PT</arg>
<arg>PW</arg>
<arg>PY</arg>
<arg>QA</arg>
<arg>RE</arg>
<arg>RO</arg>
<arg>RS</arg>
<arg>RU</arg>
<arg>RW</arg>
<arg>SA</arg>
<arg>SB</arg>
<arg>SC</arg>
<arg>SD</arg>
<arg>SE</arg>
<arg>SG</arg>
<arg>SH</arg>
<arg>SI</arg>
<arg>SJ</arg>
<arg>SK</arg>
<arg>SL</arg>
<arg>SM</arg>
<arg>SN</arg>
<arg>SO</arg>
<arg>SR</arg>
<arg>SS</arg>
<arg>ST</arg>
<arg>SV</arg>
<arg>SX</arg>
<arg>SY</arg>
<arg>SZ</arg>
<arg>TC</arg>
<arg>TD</arg>
<arg>TF</arg>
<arg>TG</arg>
<arg>TH</arg>
<arg>TJ</arg>
<arg>TK</arg>
<arg>TL</arg>
<arg>TM</arg>
<arg>TN</arg>
<arg>TO</arg>
<arg>TR</arg>
<arg>TT</arg>
<arg>TV</arg>
<arg>TW</arg>
<arg>TZ</arg>
<arg>UA</arg>
<arg>UG</arg>
<arg>UM</arg>
<arg>US</arg>
<arg>UY</arg>
<arg>UZ</arg>
<arg>VA</arg>
<arg>VC</arg>
<arg>VE</arg>
<arg>VG</arg>
<arg>VI</arg>
<arg>VN</arg>
<arg>VU</arg>
<arg>WF</arg>
<arg>WS</arg>
<arg>XK</arg>
<arg>YE</arg>
<arg>YT</arg>
<arg>ZA</arg>
<arg>ZM</arg>
<arg>ZW</arg>
<doc>Returns a list containing given items.</doc>
<status status="PASS" start="2024-06-01T09:17:06.097049" elapsed="0.000653"/>
</kw>
<kw name="List Should Contain Value" owner="Collections">
<msg time="2024-06-01T09:17:06.098690" level="INFO">False</msg>
<arg>${list_country}</arg>
<arg>${name_country}</arg>
<doc>Fails if the ``value`` is not found from ``list``.</doc>
<status status="PASS" start="2024-06-01T09:17:06.098488" elapsed="0.000238"/>
</kw>
<kw name="Run Keyword If" owner="BuiltIn">
<kw name="Should Be True" owner="BuiltIn">
<arg>${True}</arg>
<doc>Fails if the given condition is not true.</doc>
<status status="PASS" start="2024-06-01T09:17:06.099781" elapsed="0.000141"/>
</kw>
<arg>${json_data["results"][0]["location"]["coordinates"]["latitude"]} &gt;= -90 and ${json_data["results"][0]["location"]["coordinates"]["latitude"]} &lt;= 90</arg>
<arg>Should Be True</arg>
<arg>${True}</arg>
<doc>Runs the given keyword with the given arguments, if ``condition`` is true.</doc>
<status status="PASS" start="2024-06-01T09:17:06.099038" elapsed="0.001008"/>
</kw>
<kw name="Run Keyword If" owner="BuiltIn">
<kw name="Should Be True" owner="BuiltIn">
<arg>${True}</arg>
<doc>Fails if the given condition is not true.</doc>
<status status="PASS" start="2024-06-01T09:17:06.100918" elapsed="0.000134"/>
</kw>
<arg>${json_data["results"][0]["location"]["coordinates"]["longitude"]} &gt;= -180 and ${json_data["results"][0]["location"]["coordinates"]["longitude"]} &lt;= 180</arg>
<arg>Should Be True</arg>
<arg>${True}</arg>
<doc>Runs the given keyword with the given arguments, if ``condition`` is true.</doc>
<status status="PASS" start="2024-06-01T09:17:06.100233" elapsed="0.000941"/>
</kw>
<status status="PASS" start="2024-06-01T09:17:05.995934" elapsed="0.105411"/>
</kw>
<doc>Testa o conteúdo específico dos campos retornados pela API.</doc>
<tag>testeConteudo</tag>
<status status="PASS" start="2024-06-01T09:17:05.995418" elapsed="0.106070"/>
</test>
<status status="PASS" start="2024-06-01T09:17:04.175503" elapsed="1.927903"/>
</suite>
<status status="PASS" start="2024-06-01T09:17:04.162307" elapsed="1.946242"/>
</suite>
<statistics>
<total>
<stat pass="5" fail="0" skip="0">All Tests</stat>
</total>
<tag>
<stat pass="1" fail="0" skip="0">testeConteudo</stat>
<stat pass="1" fail="0" skip="0">testeEstruturaResposta</stat>
<stat pass="1" fail="0" skip="0">testeRequisicaoBasica</stat>
<stat pass="1" fail="0" skip="0">testeTiposDados</stat>
</tag>
<suite>
<stat pass="5" fail="0" skip="0" id="s1" name="Tests">Tests</stat>
<stat pass="5" fail="0" skip="0" id="s1-s1" name="Random-User-Test">Tests.Random-User-Test</stat>
</suite>
</statistics>
<errors>
</errors>
</robot>
