<?xml version="1.0" encoding="UTF-8"?>
<robot generator="Robot 7.0.1 (Python 3.12.4 on linux)" generated="2024-08-03T11:12:59.082763" rpa="false" schemaversion="5">
<suite id="s1" name="Tests" source="/home/runner/work/ApiRandomUser/ApiRandomUser/RamdonUser/tests">
<suite id="s1-s1" name="Random-User-Test" source="/home/runner/work/ApiRandomUser/ApiRandomUser/RamdonUser/tests/random-user-test.robot">
<test id="s1-s1-t1" name="Conectar" line="13">
<kw name="Conectar API" owner="random-user-service">
<kw name="Create Session" owner="RequestsLibrary">
<msg time="2024-08-03T11:12:59.471178" level="INFO">Creating Session using : alias=consultarAPI, url=https://randomuser.me/, headers={},                     cookies={}, auth=None, timeout=None, proxies=None, verify=False,                     debug=0 </msg>
<arg>consultarAPI</arg>
<arg>${URL}</arg>
<doc>Create Session: create a HTTP session to a server</doc>
<status status="PASS" start="2024-08-03T11:12:59.470992" elapsed="0.000348"/>
</kw>
<status status="PASS" start="2024-08-03T11:12:59.470015" elapsed="0.001659"/>
</kw>
<status status="PASS" start="2024-08-03T11:12:59.469414" elapsed="0.002449"/>
</test>
<test id="s1-s1-t2" name="Validar retorno 200 e JSON Válido" line="16">
<kw name="Teste de Requisicao Basica" owner="random-user-service">
<kw name="GET On Session" owner="RequestsLibrary">
<msg time="2024-08-03T11:12:59.596266" level="INFO">GET Request : url=https://randomuser.me/api 
 path_url=/api 
 headers={'User-Agent': 'python-requests/2.32.3', 'Accept-Encoding': 'gzip, deflate', 'Accept': '*/*', 'Connection': 'keep-alive'} 
 body=None 
 </msg>
<msg time="2024-08-03T11:12:59.596403" level="INFO">GET Response : url=https://randomuser.me/api 
 status=200, reason=OK 
 headers={'Date': 'Sat, 03 Aug 2024 11:12:59 GMT', 'Content-Type': 'application/json; charset=utf-8', 'Transfer-Encoding': 'chunked', 'Connection': 'keep-alive', 'X-Powered-By': 'Express', 'Access-Control-Allow-Origin': '*', 'Cache-Control': 'no-cache', 'ETag': 'W/"4ab-37hxKxxC8qhCQVe/dtJwfZP7YJc"', 'Vary': 'Accept-Encoding', 'Content-Encoding': 'gzip', 'CF-Cache-Status': 'DYNAMIC', 'Report-To': '{"endpoints":[{"url":"https:\\/\\/a.nel.cloudflare.com\\/report\\/v4?s=MM1P553UaokvcBkgcmhqQcVI7iO5l2N7ob83wj7JfwwFe36teEm1DnpHM%2FBecWrw2iMJhgrrEb8kqrO7Y7sjgUrgnP2pRTyJnnm0rUEqZof9UqRT56bqVDUSfnAZmwSE"}],"group":"cf-nel","max_age":604800}', 'NEL': '{"success_fraction":0,"report_to":"cf-nel","max_age":604800}', 'Server': 'cloudflare', 'CF-RAY': '8ad5e033e97ccee5-SJC', 'alt-svc': 'h3=":443"; ma=86400'} 
 body={"results":[{"gender":"male","name":{"title":"Mr","first":"Gabriel","last":"Bourgeois"},"location":{"street":{"number":4341,"name":"Rue de la Charité"},"city":"Avignon","state":"Haute-Garonne","country":"France","postcode":45999,"coordinates":{"latitude":"-19.9362","longitude":"-109.0550"},"timezone":{"offset":"-4:00","description":"Atlantic Time (Canada), Caracas, La Paz"}},"email":"gabriel.bourgeois@example.com","login":{"uuid":"5146a266-9643-4317-81af-73ea73f77c6b","username":"redwolf499","password":"america1","salt":"MArlngEH","md5":"78418082b63151abab0964b94f5baaf0","sha1":"3e1b2faef82004bef2df7f59854550222b799039","sha256":"8bf4adc1d7b17e9a435bb8ab016765976e6315be2a2796e039895facb28e390b"},"dob":{"date":"1958-06-22T01:32:26.662Z","age":66},"registered":{"date":"2019-12-06T21:13:48.763Z","age":4},"phone":"03-29-44-74-62","cell":"06-19-06-30-83","id":{"name":"INSEE","value":"1580536080519 87"},"picture":{"large":"https://randomuser.me/api/portraits/men/63.jpg","medium":"https://randomuser.me/api/portraits/med/men/63.jpg","thumbnail":"https://randomuser.me/api/portraits/thumb/men/63.jpg"},"nat":"FR"}],"info":{"seed":"149f7d1a942af288","results":1,"page":1,"version":"1.4"}} 
 </msg>
<msg time="2024-08-03T11:12:59.596492" level="INFO">/opt/hostedtoolcache/Python/3.12.4/x64/lib/python3.12/site-packages/urllib3/connectionpool.py:1099: InsecureRequestWarning: Unverified HTTPS request is being made to host 'randomuser.me'. Adding certificate verification is strongly advised. See: https://urllib3.readthedocs.io/en/latest/advanced-usage.html#tls-warnings
  warnings.warn(</msg>
<msg time="2024-08-03T11:12:59.596656" level="INFO">${response} = &lt;Response [200]&gt;</msg>
<var>${response}</var>
<arg>consultarAPI</arg>
<arg>/api</arg>
<doc>Sends a GET request on a previously created HTTP Session.</doc>
<status status="PASS" start="2024-08-03T11:12:59.474579" elapsed="0.122136"/>
</kw>
<kw name="Should Be Equal As Numbers" owner="BuiltIn">
<msg time="2024-08-03T11:12:59.597551" level="INFO">Argument types are:
&lt;class 'int'&gt;
&lt;class 'str'&gt;</msg>
<arg>${response.status_code}</arg>
<arg>200</arg>
<doc>Fails if objects are unequal after converting them to real numbers.</doc>
<status status="PASS" start="2024-08-03T11:12:59.597142" elapsed="0.000469"/>
</kw>
<kw name="Log" owner="BuiltIn">
<msg time="2024-08-03T11:12:59.598274" level="INFO">200</msg>
<arg>${response.status_code}</arg>
<doc>Logs the given message with the given level.</doc>
<status status="PASS" start="2024-08-03T11:12:59.597923" elapsed="0.000394"/>
</kw>
<kw name="Set Variable" owner="BuiltIn">
<msg time="2024-08-03T11:12:59.599054" level="INFO">${json_data} = {'results': [{'gender': 'male', 'name': {'title': 'Mr', 'first': 'Gabriel', 'last': 'Bourgeois'}, 'location': {'street': {'number': 4341, 'name': 'Rue de la Charité'}, 'city': 'Avignon', 'state': 'Hau...</msg>
<var>${json_data}</var>
<arg>${response.json()}</arg>
<doc>Returns the given values which can then be assigned to a variables.</doc>
<status status="PASS" start="2024-08-03T11:12:59.598617" elapsed="0.000466"/>
</kw>
<kw name="Dictionary Should Contain Key" owner="Collections">
<arg>${json_data}</arg>
<arg>results</arg>
<doc>Fails if ``key`` is not found from ``dictionary``.</doc>
<status status="PASS" start="2024-08-03T11:12:59.599386" elapsed="0.000286"/>
</kw>
<status status="PASS" start="2024-08-03T11:12:59.474336" elapsed="0.125483"/>
</kw>
<doc>Testa se a API responde corretamente e retorna um objeto JSON válido.</doc>
<tag>testeRequisicaoBasica</tag>
<status status="PASS" start="2024-08-03T11:12:59.473763" elapsed="0.126216"/>
</test>
<test id="s1-s1-t3" name="Validar estrutura de resposta" line="22">
<kw name="Teste de Estrutura de Resposta" owner="random-user-service">
<kw name="GET On Session" owner="RequestsLibrary">
<msg time="2024-08-03T11:12:59.692678" level="INFO">GET Request : url=https://randomuser.me/api 
 path_url=/api 
 headers={'User-Agent': 'python-requests/2.32.3', 'Accept-Encoding': 'gzip, deflate', 'Accept': '*/*', 'Connection': 'keep-alive'} 
 body=None 
 </msg>
<msg time="2024-08-03T11:12:59.692764" level="INFO">GET Response : url=https://randomuser.me/api 
 status=200, reason=OK 
 headers={'Date': 'Sat, 03 Aug 2024 11:12:59 GMT', 'Content-Type': 'application/json; charset=utf-8', 'Transfer-Encoding': 'chunked', 'Connection': 'keep-alive', 'X-Powered-By': 'Express', 'Access-Control-Allow-Origin': '*', 'Cache-Control': 'no-cache', 'ETag': 'W/"48d-aTZqfvreQJVz439zazfDlIdXnT4"', 'Vary': 'Accept-Encoding', 'Content-Encoding': 'gzip', 'CF-Cache-Status': 'DYNAMIC', 'Report-To': '{"endpoints":[{"url":"https:\\/\\/a.nel.cloudflare.com\\/report\\/v4?s=vPmmmLR4Yz3CG3csWtnjdZxaMLZdZK%2BS8GEl4BlwWP7drYbrintq%2FLKLA89f3p1n3tU5JgZSCgMUQz8lzpeC1gy%2B118FF4ms0sQ%2FmQSERzlXWsm3zf9cOt7uFRG%2Bul6%2F"}],"group":"cf-nel","max_age":604800}', 'NEL': '{"success_fraction":0,"report_to":"cf-nel","max_age":604800}', 'Server': 'cloudflare', 'CF-RAY': '8ad5e0348a05cee5-SJC', 'alt-svc': 'h3=":443"; ma=86400'} 
 body={"results":[{"gender":"male","name":{"title":"Mr","first":"Daniel","last":"Jensen"},"location":{"street":{"number":9676,"name":"Neptunvej"},"city":"København Sv","state":"Nordjylland","country":"Denmark","postcode":96254,"coordinates":{"latitude":"-39.7106","longitude":"-138.8778"},"timezone":{"offset":"+11:00","description":"Magadan, Solomon Islands, New Caledonia"}},"email":"daniel.jensen@example.com","login":{"uuid":"33ff879f-3bdd-41fa-946f-1b3c1ad6d5cf","username":"happywolf208","password":"cupoi","salt":"oU11e9O1","md5":"71e4ddb9b4c277623ea7ba6f128c61a3","sha1":"0f5fba5066549c8c8c33f66e545a9432896e97ed","sha256":"afe3efb7ad1311551f78e752f2cac794d4736a829b85b17def73f049466fe427"},"dob":{"date":"1984-06-28T23:48:04.653Z","age":40},"registered":{"date":"2006-09-18T11:15:51.528Z","age":17},"phone":"16848379","cell":"44667226","id":{"name":"CPR","value":"280684-9457"},"picture":{"large":"https://randomuser.me/api/portraits/men/77.jpg","medium":"https://randomuser.me/api/portraits/med/men/77.jpg","thumbnail":"https://randomuser.me/api/portraits/thumb/men/77.jpg"},"nat":"DK"}],"info":{"seed":"6655dc88ee512739","results":1,"page":1,"version":"1.4"}} 
 </msg>
<msg time="2024-08-03T11:12:59.692892" level="INFO">/opt/hostedtoolcache/Python/3.12.4/x64/lib/python3.12/site-packages/urllib3/connectionpool.py:1099: InsecureRequestWarning: Unverified HTTPS request is being made to host 'randomuser.me'. Adding certificate verification is strongly advised. See: https://urllib3.readthedocs.io/en/latest/advanced-usage.html#tls-warnings
  warnings.warn(</msg>
<msg time="2024-08-03T11:12:59.693039" level="INFO">${response} = &lt;Response [200]&gt;</msg>
<var>${response}</var>
<arg>consultarAPI</arg>
<arg>/api</arg>
<doc>Sends a GET request on a previously created HTTP Session.</doc>
<status status="PASS" start="2024-08-03T11:12:59.602859" elapsed="0.090254"/>
</kw>
<kw name="Set Variable" owner="BuiltIn">
<msg time="2024-08-03T11:12:59.693971" level="INFO">${json_data} = {'results': [{'gender': 'male', 'name': {'title': 'Mr', 'first': 'Daniel', 'last': 'Jensen'}, 'location': {'street': {'number': 9676, 'name': 'Neptunvej'}, 'city': 'København Sv', 'state': 'Nordjyllan...</msg>
<var>${json_data}</var>
<arg>${response.json()}</arg>
<doc>Returns the given values which can then be assigned to a variables.</doc>
<status status="PASS" start="2024-08-03T11:12:59.693532" elapsed="0.000468"/>
</kw>
<kw name="Log" owner="BuiltIn">
<msg time="2024-08-03T11:12:59.694463" level="INFO">{'results': [{'gender': 'male', 'name': {'title': 'Mr', 'first': 'Daniel', 'last': 'Jensen'}, 'location': {'street': {'number': 9676, 'name': 'Neptunvej'}, 'city': 'København Sv', 'state': 'Nordjylland', 'country': 'Denmark', 'postcode': 96254, 'coordinates': {'latitude': '-39.7106', 'longitude': '-138.8778'}, 'timezone': {'offset': '+11:00', 'description': 'Magadan, Solomon Islands, New Caledonia'}}, 'email': 'daniel.jensen@example.com', 'login': {'uuid': '33ff879f-3bdd-41fa-946f-1b3c1ad6d5cf', 'username': 'happywolf208', 'password': 'cupoi', 'salt': 'oU11e9O1', 'md5': '71e4ddb9b4c277623ea7ba6f128c61a3', 'sha1': '0f5fba5066549c8c8c33f66e545a9432896e97ed', 'sha256': 'afe3efb7ad1311551f78e752f2cac794d4736a829b85b17def73f049466fe427'}, 'dob': {'date': '1984-06-28T23:48:04.653Z', 'age': 40}, 'registered': {'date': '2006-09-18T11:15:51.528Z', 'age': 17}, 'phone': '16848379', 'cell': '44667226', 'id': {'name': 'CPR', 'value': '280684-9457'}, 'picture': {'large': 'https://randomuser.me/api/portraits/men/77.jpg', 'medium': 'https://randomuser.me/api/portraits/med/men/77.jpg', 'thumbnail': 'https://randomuser.me/api/portraits/thumb/men/77.jpg'}, 'nat': 'DK'}], 'info': {'seed': '6655dc88ee512739', 'results': 1, 'page': 1, 'version': '1.4'}}</msg>
<arg>${json_data}</arg>
<doc>Logs the given message with the given level.</doc>
<status status="PASS" start="2024-08-03T11:12:59.694302" elapsed="0.000211"/>
</kw>
<kw name="Dictionary Should Contain Key" owner="Collections">
<arg>${json_data}</arg>
<arg>results</arg>
<doc>Fails if ``key`` is not found from ``dictionary``.</doc>
<status status="PASS" start="2024-08-03T11:12:59.694806" elapsed="0.000157"/>
</kw>
<kw name="Should Not Be Empty" owner="BuiltIn">
<msg time="2024-08-03T11:12:59.695271" level="INFO">Length is 2.</msg>
<arg>${json_data}</arg>
<doc>Verifies that the given item is not empty.</doc>
<status status="PASS" start="2024-08-03T11:12:59.695146" elapsed="0.000169"/>
</kw>
<kw name="Create List" owner="BuiltIn">
<msg time="2024-08-03T11:12:59.695755" level="INFO">${expected_keys} = ['gender', 'name', 'location', 'email', 'login']</msg>
<var>${expected_keys}</var>
<arg>gender</arg>
<arg>name</arg>
<arg>location</arg>
<arg>email</arg>
<arg>login</arg>
<doc>Returns a list containing given items.</doc>
<status status="PASS" start="2024-08-03T11:12:59.695601" elapsed="0.000178"/>
</kw>
<for flavor="IN">
<iter>
<kw name="Dictionary Should Contain Key" owner="Collections">
<arg>${json_data['results'][0]}</arg>
<arg>${key}</arg>
<doc>Fails if ``key`` is not found from ``dictionary``.</doc>
<status status="PASS" start="2024-08-03T11:12:59.696332" elapsed="0.000403"/>
</kw>
<kw name="Log" owner="BuiltIn">
<msg time="2024-08-03T11:12:59.697316" level="INFO">{'gender': 'male', 'name': {'title': 'Mr', 'first': 'Daniel', 'last': 'Jensen'}, 'location': {'street': {'number': 9676, 'name': 'Neptunvej'}, 'city': 'København Sv', 'state': 'Nordjylland', 'country': 'Denmark', 'postcode': 96254, 'coordinates': {'latitude': '-39.7106', 'longitude': '-138.8778'}, 'timezone': {'offset': '+11:00', 'description': 'Magadan, Solomon Islands, New Caledonia'}}, 'email': 'daniel.jensen@example.com', 'login': {'uuid': '33ff879f-3bdd-41fa-946f-1b3c1ad6d5cf', 'username': 'happywolf208', 'password': 'cupoi', 'salt': 'oU11e9O1', 'md5': '71e4ddb9b4c277623ea7ba6f128c61a3', 'sha1': '0f5fba5066549c8c8c33f66e545a9432896e97ed', 'sha256': 'afe3efb7ad1311551f78e752f2cac794d4736a829b85b17def73f049466fe427'}, 'dob': {'date': '1984-06-28T23:48:04.653Z', 'age': 40}, 'registered': {'date': '2006-09-18T11:15:51.528Z', 'age': 17}, 'phone': '16848379', 'cell': '44667226', 'id': {'name': 'CPR', 'value': '280684-9457'}, 'picture': {'large': 'https://randomuser.me/api/portraits/men/77.jpg', 'medium': 'https://randomuser.me/api/portraits/med/men/77.jpg', 'thumbnail': 'https://randomuser.me/api/portraits/thumb/men/77.jpg'}, 'nat': 'DK'}</msg>
<arg>${json_data['results'][0]}</arg>
<doc>Logs the given message with the given level.</doc>
<status status="PASS" start="2024-08-03T11:12:59.696920" elapsed="0.000447"/>
</kw>
<kw name="Log" owner="BuiltIn">
<msg time="2024-08-03T11:12:59.697801" level="INFO">gender</msg>
<arg>${key}</arg>
<doc>Logs the given message with the given level.</doc>
<status status="PASS" start="2024-08-03T11:12:59.697671" elapsed="0.000169"/>
</kw>
<var name="${key}">gender</var>
<status status="PASS" start="2024-08-03T11:12:59.696207" elapsed="0.001851"/>
</iter>
<iter>
<kw name="Dictionary Should Contain Key" owner="Collections">
<arg>${json_data['results'][0]}</arg>
<arg>${key}</arg>
<doc>Fails if ``key`` is not found from ``dictionary``.</doc>
<status status="PASS" start="2024-08-03T11:12:59.698353" elapsed="0.000382"/>
</kw>
<kw name="Log" owner="BuiltIn">
<msg time="2024-08-03T11:12:59.699278" level="INFO">{'gender': 'male', 'name': {'title': 'Mr', 'first': 'Daniel', 'last': 'Jensen'}, 'location': {'street': {'number': 9676, 'name': 'Neptunvej'}, 'city': 'København Sv', 'state': 'Nordjylland', 'country': 'Denmark', 'postcode': 96254, 'coordinates': {'latitude': '-39.7106', 'longitude': '-138.8778'}, 'timezone': {'offset': '+11:00', 'description': 'Magadan, Solomon Islands, New Caledonia'}}, 'email': 'daniel.jensen@example.com', 'login': {'uuid': '33ff879f-3bdd-41fa-946f-1b3c1ad6d5cf', 'username': 'happywolf208', 'password': 'cupoi', 'salt': 'oU11e9O1', 'md5': '71e4ddb9b4c277623ea7ba6f128c61a3', 'sha1': '0f5fba5066549c8c8c33f66e545a9432896e97ed', 'sha256': 'afe3efb7ad1311551f78e752f2cac794d4736a829b85b17def73f049466fe427'}, 'dob': {'date': '1984-06-28T23:48:04.653Z', 'age': 40}, 'registered': {'date': '2006-09-18T11:15:51.528Z', 'age': 17}, 'phone': '16848379', 'cell': '44667226', 'id': {'name': 'CPR', 'value': '280684-9457'}, 'picture': {'large': 'https://randomuser.me/api/portraits/men/77.jpg', 'medium': 'https://randomuser.me/api/portraits/med/men/77.jpg', 'thumbnail': 'https://randomuser.me/api/portraits/thumb/men/77.jpg'}, 'nat': 'DK'}</msg>
<arg>${json_data['results'][0]}</arg>
<doc>Logs the given message with the given level.</doc>
<status status="PASS" start="2024-08-03T11:12:59.698916" elapsed="0.000442"/>
</kw>
<kw name="Log" owner="BuiltIn">
<msg time="2024-08-03T11:12:59.699785" level="INFO">name</msg>
<arg>${key}</arg>
<doc>Logs the given message with the given level.</doc>
<status status="PASS" start="2024-08-03T11:12:59.699656" elapsed="0.000167"/>
</kw>
<var name="${key}">name</var>
<status status="PASS" start="2024-08-03T11:12:59.698242" elapsed="0.001794"/>
</iter>
<iter>
<kw name="Dictionary Should Contain Key" owner="Collections">
<arg>${json_data['results'][0]}</arg>
<arg>${key}</arg>
<doc>Fails if ``key`` is not found from ``dictionary``.</doc>
<status status="PASS" start="2024-08-03T11:12:59.700325" elapsed="0.000382"/>
</kw>
<kw name="Log" owner="BuiltIn">
<msg time="2024-08-03T11:12:59.701279" level="INFO">{'gender': 'male', 'name': {'title': 'Mr', 'first': 'Daniel', 'last': 'Jensen'}, 'location': {'street': {'number': 9676, 'name': 'Neptunvej'}, 'city': 'København Sv', 'state': 'Nordjylland', 'country': 'Denmark', 'postcode': 96254, 'coordinates': {'latitude': '-39.7106', 'longitude': '-138.8778'}, 'timezone': {'offset': '+11:00', 'description': 'Magadan, Solomon Islands, New Caledonia'}}, 'email': 'daniel.jensen@example.com', 'login': {'uuid': '33ff879f-3bdd-41fa-946f-1b3c1ad6d5cf', 'username': 'happywolf208', 'password': 'cupoi', 'salt': 'oU11e9O1', 'md5': '71e4ddb9b4c277623ea7ba6f128c61a3', 'sha1': '0f5fba5066549c8c8c33f66e545a9432896e97ed', 'sha256': 'afe3efb7ad1311551f78e752f2cac794d4736a829b85b17def73f049466fe427'}, 'dob': {'date': '1984-06-28T23:48:04.653Z', 'age': 40}, 'registered': {'date': '2006-09-18T11:15:51.528Z', 'age': 17}, 'phone': '16848379', 'cell': '44667226', 'id': {'name': 'CPR', 'value': '280684-9457'}, 'picture': {'large': 'https://randomuser.me/api/portraits/men/77.jpg', 'medium': 'https://randomuser.me/api/portraits/med/men/77.jpg', 'thumbnail': 'https://randomuser.me/api/portraits/thumb/men/77.jpg'}, 'nat': 'DK'}</msg>
<arg>${json_data['results'][0]}</arg>
<doc>Logs the given message with the given level.</doc>
<status status="PASS" start="2024-08-03T11:12:59.700894" elapsed="0.000436"/>
</kw>
<kw name="Log" owner="BuiltIn">
<msg time="2024-08-03T11:12:59.701765" level="INFO">location</msg>
<arg>${key}</arg>
<doc>Logs the given message with the given level.</doc>
<status status="PASS" start="2024-08-03T11:12:59.701634" elapsed="0.000169"/>
</kw>
<var name="${key}">location</var>
<status status="PASS" start="2024-08-03T11:12:59.700216" elapsed="0.001803"/>
</iter>
<iter>
<kw name="Dictionary Should Contain Key" owner="Collections">
<arg>${json_data['results'][0]}</arg>
<arg>${key}</arg>
<doc>Fails if ``key`` is not found from ``dictionary``.</doc>
<status status="PASS" start="2024-08-03T11:12:59.702301" elapsed="0.000388"/>
</kw>
<kw name="Log" owner="BuiltIn">
<msg time="2024-08-03T11:12:59.703343" level="INFO">{'gender': 'male', 'name': {'title': 'Mr', 'first': 'Daniel', 'last': 'Jensen'}, 'location': {'street': {'number': 9676, 'name': 'Neptunvej'}, 'city': 'København Sv', 'state': 'Nordjylland', 'country': 'Denmark', 'postcode': 96254, 'coordinates': {'latitude': '-39.7106', 'longitude': '-138.8778'}, 'timezone': {'offset': '+11:00', 'description': 'Magadan, Solomon Islands, New Caledonia'}}, 'email': 'daniel.jensen@example.com', 'login': {'uuid': '33ff879f-3bdd-41fa-946f-1b3c1ad6d5cf', 'username': 'happywolf208', 'password': 'cupoi', 'salt': 'oU11e9O1', 'md5': '71e4ddb9b4c277623ea7ba6f128c61a3', 'sha1': '0f5fba5066549c8c8c33f66e545a9432896e97ed', 'sha256': 'afe3efb7ad1311551f78e752f2cac794d4736a829b85b17def73f049466fe427'}, 'dob': {'date': '1984-06-28T23:48:04.653Z', 'age': 40}, 'registered': {'date': '2006-09-18T11:15:51.528Z', 'age': 17}, 'phone': '16848379', 'cell': '44667226', 'id': {'name': 'CPR', 'value': '280684-9457'}, 'picture': {'large': 'https://randomuser.me/api/portraits/men/77.jpg', 'medium': 'https://randomuser.me/api/portraits/med/men/77.jpg', 'thumbnail': 'https://randomuser.me/api/portraits/thumb/men/77.jpg'}, 'nat': 'DK'}</msg>
<arg>${json_data['results'][0]}</arg>
<doc>Logs the given message with the given level.</doc>
<status status="PASS" start="2024-08-03T11:12:59.702987" elapsed="0.000405"/>
</kw>
<kw name="Log" owner="BuiltIn">
<msg time="2024-08-03T11:12:59.703817" level="INFO">email</msg>
<arg>${key}</arg>
<doc>Logs the given message with the given level.</doc>
<status status="PASS" start="2024-08-03T11:12:59.703688" elapsed="0.000168"/>
</kw>
<var name="${key}">email</var>
<status status="PASS" start="2024-08-03T11:12:59.702193" elapsed="0.001877"/>
</iter>
<iter>
<kw name="Dictionary Should Contain Key" owner="Collections">
<arg>${json_data['results'][0]}</arg>
<arg>${key}</arg>
<doc>Fails if ``key`` is not found from ``dictionary``.</doc>
<status status="PASS" start="2024-08-03T11:12:59.704354" elapsed="0.000377"/>
</kw>
<kw name="Log" owner="BuiltIn">
<msg time="2024-08-03T11:12:59.705297" level="INFO">{'gender': 'male', 'name': {'title': 'Mr', 'first': 'Daniel', 'last': 'Jensen'}, 'location': {'street': {'number': 9676, 'name': 'Neptunvej'}, 'city': 'København Sv', 'state': 'Nordjylland', 'country': 'Denmark', 'postcode': 96254, 'coordinates': {'latitude': '-39.7106', 'longitude': '-138.8778'}, 'timezone': {'offset': '+11:00', 'description': 'Magadan, Solomon Islands, New Caledonia'}}, 'email': 'daniel.jensen@example.com', 'login': {'uuid': '33ff879f-3bdd-41fa-946f-1b3c1ad6d5cf', 'username': 'happywolf208', 'password': 'cupoi', 'salt': 'oU11e9O1', 'md5': '71e4ddb9b4c277623ea7ba6f128c61a3', 'sha1': '0f5fba5066549c8c8c33f66e545a9432896e97ed', 'sha256': 'afe3efb7ad1311551f78e752f2cac794d4736a829b85b17def73f049466fe427'}, 'dob': {'date': '1984-06-28T23:48:04.653Z', 'age': 40}, 'registered': {'date': '2006-09-18T11:15:51.528Z', 'age': 17}, 'phone': '16848379', 'cell': '44667226', 'id': {'name': 'CPR', 'value': '280684-9457'}, 'picture': {'large': 'https://randomuser.me/api/portraits/men/77.jpg', 'medium': 'https://randomuser.me/api/portraits/med/men/77.jpg', 'thumbnail': 'https://randomuser.me/api/portraits/thumb/men/77.jpg'}, 'nat': 'DK'}</msg>
<arg>${json_data['results'][0]}</arg>
<doc>Logs the given message with the given level.</doc>
<status status="PASS" start="2024-08-03T11:12:59.704914" elapsed="0.000434"/>
</kw>
<kw name="Log" owner="BuiltIn">
<msg time="2024-08-03T11:12:59.705769" level="INFO">login</msg>
<arg>${key}</arg>
<doc>Logs the given message with the given level.</doc>
<status status="PASS" start="2024-08-03T11:12:59.705641" elapsed="0.000166"/>
</kw>
<var name="${key}">login</var>
<status status="PASS" start="2024-08-03T11:12:59.704246" elapsed="0.001774"/>
</iter>
<var>${key}</var>
<value>@{expected_keys}</value>
<status status="PASS" start="2024-08-03T11:12:59.696032" elapsed="0.010111"/>
</for>
<kw name="Create List" owner="BuiltIn">
<msg time="2024-08-03T11:12:59.706462" level="INFO">${expected_keysTwo} = ['username', 'password']</msg>
<var>${expected_keysTwo}</var>
<arg>username</arg>
<arg>password</arg>
<doc>Returns a list containing given items.</doc>
<status status="PASS" start="2024-08-03T11:12:59.706328" elapsed="0.000185"/>
</kw>
<for flavor="IN">
<iter>
<kw name="Dictionary Should Contain Key" owner="Collections">
<arg>${json_data['results'][0]['login']}</arg>
<arg>${keyTwo}</arg>
<doc>Fails if ``key`` is not found from ``dictionary``.</doc>
<status status="PASS" start="2024-08-03T11:12:59.707014" elapsed="0.000379"/>
</kw>
<kw name="Dictionary Should Contain Key" owner="Collections">
<arg>${json_data['results'][0]['login']}</arg>
<arg>${keyTwo}</arg>
<doc>Fails if ``key`` is not found from ``dictionary``.</doc>
<status status="PASS" start="2024-08-03T11:12:59.707573" elapsed="0.000387"/>
</kw>
<kw name="Log" owner="BuiltIn">
<msg time="2024-08-03T11:12:59.708260" level="INFO">username</msg>
<arg>${keyTwo}</arg>
<doc>Logs the given message with the given level.</doc>
<status status="PASS" start="2024-08-03T11:12:59.708139" elapsed="0.000169"/>
</kw>
<var name="${keyTwo}">username</var>
<status status="PASS" start="2024-08-03T11:12:59.706907" elapsed="0.001620"/>
</iter>
<iter>
<kw name="Dictionary Should Contain Key" owner="Collections">
<arg>${json_data['results'][0]['login']}</arg>
<arg>${keyTwo}</arg>
<doc>Fails if ``key`` is not found from ``dictionary``.</doc>
<status status="PASS" start="2024-08-03T11:12:59.708812" elapsed="0.000404"/>
</kw>
<kw name="Dictionary Should Contain Key" owner="Collections">
<arg>${json_data['results'][0]['login']}</arg>
<arg>${keyTwo}</arg>
<doc>Fails if ``key`` is not found from ``dictionary``.</doc>
<status status="PASS" start="2024-08-03T11:12:59.709395" elapsed="0.000366"/>
</kw>
<kw name="Log" owner="BuiltIn">
<msg time="2024-08-03T11:12:59.710059" level="INFO">password</msg>
<arg>${keyTwo}</arg>
<doc>Logs the given message with the given level.</doc>
<status status="PASS" start="2024-08-03T11:12:59.709933" elapsed="0.000164"/>
</kw>
<var name="${keyTwo}">password</var>
<status status="PASS" start="2024-08-03T11:12:59.708700" elapsed="0.001616"/>
</iter>
<var>${keyTwo}</var>
<value>@{expected_keysTwo}</value>
<status status="PASS" start="2024-08-03T11:12:59.706758" elapsed="0.003680"/>
</for>
<status status="PASS" start="2024-08-03T11:12:59.602522" elapsed="0.108053"/>
</kw>
<doc>Testa a estrutura da resposta da API.</doc>
<tag>testeEstruturaResposta</tag>
<status status="PASS" start="2024-08-03T11:12:59.601781" elapsed="0.108940"/>
</test>
<test id="s1-s1-t4" name="Validar tipos de dados" line="28">
<kw name="Teste de Tipos de Dados" owner="random-user-service">
<kw name="GET On Session" owner="RequestsLibrary">
<msg time="2024-08-03T11:12:59.821168" level="INFO">GET Request : url=https://randomuser.me/api 
 path_url=/api 
 headers={'User-Agent': 'python-requests/2.32.3', 'Accept-Encoding': 'gzip, deflate', 'Accept': '*/*', 'Connection': 'keep-alive'} 
 body=None 
 </msg>
<msg time="2024-08-03T11:12:59.821259" level="INFO">GET Response : url=https://randomuser.me/api 
 status=200, reason=OK 
 headers={'Date': 'Sat, 03 Aug 2024 11:12:59 GMT', 'Content-Type': 'application/json; charset=utf-8', 'Transfer-Encoding': 'chunked', 'Connection': 'keep-alive', 'X-Powered-By': 'Express', 'Access-Control-Allow-Origin': '*', 'Cache-Control': 'no-cache', 'ETag': 'W/"48b-YhKmKXXwyaZfMw+/vaIT6i4HcVo"', 'Vary': 'Accept-Encoding', 'Content-Encoding': 'gzip', 'CF-Cache-Status': 'DYNAMIC', 'Report-To': '{"endpoints":[{"url":"https:\\/\\/a.nel.cloudflare.com\\/report\\/v4?s=LUeziFJwFKvj6iLimhRXHKMWhCNzHKimm1lO1kI2h2aBs0JzRg9hSzWCiIwA3JaDSImCjbJmwMOXtc3MJxIJAYIjl8b4cOGcNzVmUjePymas4bMXucufxzCfns3iIbNk"}],"group":"cf-nel","max_age":604800}', 'NEL': '{"success_fraction":0,"report_to":"cf-nel","max_age":604800}', 'Server': 'cloudflare', 'CF-RAY': '8ad5e0353aa1cee5-SJC', 'alt-svc': 'h3=":443"; ma=86400'} 
 body={"results":[{"gender":"male","name":{"title":"Mr","first":"Nikolaj","last":"Rasmussen"},"location":{"street":{"number":7498,"name":"Nørrevang"},"city":"Samsø","state":"Midtjylland","country":"Denmark","postcode":27175,"coordinates":{"latitude":"-41.8369","longitude":"-50.5980"},"timezone":{"offset":"+1:00","description":"Brussels, Copenhagen, Madrid, Paris"}},"email":"nikolaj.rasmussen@example.com","login":{"uuid":"ad7b9b63-38eb-4e54-b7c5-ccdced7a93e3","username":"smallgoose813","password":"incubus","salt":"oH5R6us0","md5":"d5b87c50e722ac16a8438fe8b6873750","sha1":"26883fe73725f2f675bba77de36a308d10c023fb","sha256":"f9056d3eabb52e6b7e4207b09a8ec1ca9f4fba596d6131104034d5c1994b2ff8"},"dob":{"date":"1988-06-27T17:04:48.865Z","age":36},"registered":{"date":"2019-08-23T21:59:01.791Z","age":4},"phone":"98465292","cell":"16379259","id":{"name":"CPR","value":"270688-6629"},"picture":{"large":"https://randomuser.me/api/portraits/men/76.jpg","medium":"https://randomuser.me/api/portraits/med/men/76.jpg","thumbnail":"https://randomuser.me/api/portraits/thumb/men/76.jpg"},"nat":"DK"}],"info":{"seed":"d137914769c47385","results":1,"page":1,"version":"1.4"}} 
 </msg>
<msg time="2024-08-03T11:12:59.821334" level="INFO">/opt/hostedtoolcache/Python/3.12.4/x64/lib/python3.12/site-packages/urllib3/connectionpool.py:1099: InsecureRequestWarning: Unverified HTTPS request is being made to host 'randomuser.me'. Adding certificate verification is strongly advised. See: https://urllib3.readthedocs.io/en/latest/advanced-usage.html#tls-warnings
  warnings.warn(</msg>
<msg time="2024-08-03T11:12:59.821469" level="INFO">${response} = &lt;Response [200]&gt;</msg>
<var>${response}</var>
<arg>consultarAPI</arg>
<arg>/api</arg>
<doc>Sends a GET request on a previously created HTTP Session.</doc>
<status status="PASS" start="2024-08-03T11:12:59.713070" elapsed="0.108455"/>
</kw>
<kw name="Set Variable" owner="BuiltIn">
<msg time="2024-08-03T11:12:59.822352" level="INFO">${json_data} = {'results': [{'gender': 'male', 'name': {'title': 'Mr', 'first': 'Nikolaj', 'last': 'Rasmussen'}, 'location': {'street': {'number': 7498, 'name': 'Nørrevang'}, 'city': 'Samsø', 'state': 'Midtjylland',...</msg>
<var>${json_data}</var>
<arg>${response.json()}</arg>
<doc>Returns the given values which can then be assigned to a variables.</doc>
<status status="PASS" start="2024-08-03T11:12:59.821898" elapsed="0.000484"/>
</kw>
<kw name="Log" owner="BuiltIn">
<msg time="2024-08-03T11:12:59.822841" level="INFO">{'results': [{'gender': 'male', 'name': {'title': 'Mr', 'first': 'Nikolaj', 'last': 'Rasmussen'}, 'location': {'street': {'number': 7498, 'name': 'Nørrevang'}, 'city': 'Samsø', 'state': 'Midtjylland', 'country': 'Denmark', 'postcode': 27175, 'coordinates': {'latitude': '-41.8369', 'longitude': '-50.5980'}, 'timezone': {'offset': '+1:00', 'description': 'Brussels, Copenhagen, Madrid, Paris'}}, 'email': 'nikolaj.rasmussen@example.com', 'login': {'uuid': 'ad7b9b63-38eb-4e54-b7c5-ccdced7a93e3', 'username': 'smallgoose813', 'password': 'incubus', 'salt': 'oH5R6us0', 'md5': 'd5b87c50e722ac16a8438fe8b6873750', 'sha1': '26883fe73725f2f675bba77de36a308d10c023fb', 'sha256': 'f9056d3eabb52e6b7e4207b09a8ec1ca9f4fba596d6131104034d5c1994b2ff8'}, 'dob': {'date': '1988-06-27T17:04:48.865Z', 'age': 36}, 'registered': {'date': '2019-08-23T21:59:01.791Z', 'age': 4}, 'phone': '98465292', 'cell': '16379259', 'id': {'name': 'CPR', 'value': '270688-6629'}, 'picture': {'large': 'https://randomuser.me/api/portraits/men/76.jpg', 'medium': 'https://randomuser.me/api/portraits/med/men/76.jpg', 'thumbnail': 'https://randomuser.me/api/portraits/thumb/men/76.jpg'}, 'nat': 'DK'}], 'info': {'seed': 'd137914769c47385', 'results': 1, 'page': 1, 'version': '1.4'}}</msg>
<arg>${json_data}</arg>
<doc>Logs the given message with the given level.</doc>
<status status="PASS" start="2024-08-03T11:12:59.822685" elapsed="0.000206"/>
</kw>
<kw name="Should Be String" owner="String">
<arg>${json_data['results'][0]['gender']}</arg>
<doc>Fails if the given ``item`` is not a string.</doc>
<status status="PASS" start="2024-08-03T11:12:59.823180" elapsed="0.000363"/>
</kw>
<kw name="Should Match Regexp" owner="BuiltIn">
<arg>${json_data['results'][0]['email']}</arg>
<arg>^[a-zA-Z0-9._%+-]+@[a-zA-Z0-9.-]+\.[a-zA-Z]{2,}$</arg>
<doc>Fails if ``string`` does not match ``pattern`` as a regular expression.</doc>
<status status="PASS" start="2024-08-03T11:12:59.823731" elapsed="0.000499"/>
</kw>
<kw name="Should Match Regexp" owner="BuiltIn">
<arg>${json_data['results'][0]['dob']['date']}</arg>
<arg>\\d{4}-\\d{2}-\\d{2}T\\d{2}:\\d{2}:\\d{2}\\.\\d{3}Z</arg>
<doc>Fails if ``string`` does not match ``pattern`` as a regular expression.</doc>
<status status="PASS" start="2024-08-03T11:12:59.824462" elapsed="0.000585"/>
</kw>
<kw name="Should Match Regexp" owner="BuiltIn">
<arg>${json_data['results'][0]['registered']['date']}</arg>
<arg>\\d{4}-\\d{2}-\\d{2}T\\d{2}:\\d{2}:\\d{2}\\.\\d{3}Z</arg>
<doc>Fails if ``string`` does not match ``pattern`` as a regular expression.</doc>
<status status="PASS" start="2024-08-03T11:12:59.825274" elapsed="0.000373"/>
</kw>
<kw name="Should Match Regexp" owner="BuiltIn">
<arg>${json_data['results'][0]['picture']['large']}</arg>
<arg>^https?://.*\.(?:png|jpe?g|gif|bmp)$</arg>
<doc>Fails if ``string`` does not match ``pattern`` as a regular expression.</doc>
<status status="PASS" start="2024-08-03T11:12:59.825830" elapsed="0.000460"/>
</kw>
<kw name="Should Match Regexp" owner="BuiltIn">
<arg>${json_data['results'][0]['picture']['medium']}</arg>
<arg>^https?://.*\.(?:png|jpe?g|gif|bmp)$</arg>
<doc>Fails if ``string`` does not match ``pattern`` as a regular expression.</doc>
<status status="PASS" start="2024-08-03T11:12:59.826476" elapsed="0.000353"/>
</kw>
<kw name="Should Match Regexp" owner="BuiltIn">
<arg>${json_data['results'][0]['picture']['thumbnail']}</arg>
<arg>^https?://.*\.(?:png|jpe?g|gif|bmp)$</arg>
<doc>Fails if ``string`` does not match ``pattern`` as a regular expression.</doc>
<status status="PASS" start="2024-08-03T11:12:59.827010" elapsed="0.000385"/>
</kw>
<kw name="Log" owner="BuiltIn">
<msg time="2024-08-03T11:12:59.827917" level="INFO">{'large': 'https://randomuser.me/api/portraits/men/76.jpg', 'medium': 'https://randomuser.me/api/portraits/med/men/76.jpg', 'thumbnail': 'https://randomuser.me/api/portraits/thumb/men/76.jpg'}</msg>
<arg>${json_data['results'][0]['picture']}</arg>
<doc>Logs the given message with the given level.</doc>
<status status="PASS" start="2024-08-03T11:12:59.827590" elapsed="0.000370"/>
</kw>
<status status="PASS" start="2024-08-03T11:12:59.712853" elapsed="0.115362"/>
</kw>
<kw name="Teste de Tipos de Dados - Postcode" owner="random-user-service">
<kw name="GET On Session" owner="RequestsLibrary">
<msg time="2024-08-03T11:12:59.916820" level="INFO">GET Request : url=https://randomuser.me/api 
 path_url=/api 
 headers={'User-Agent': 'python-requests/2.32.3', 'Accept-Encoding': 'gzip, deflate', 'Accept': '*/*', 'Connection': 'keep-alive'} 
 body=None 
 </msg>
<msg time="2024-08-03T11:12:59.916901" level="INFO">GET Response : url=https://randomuser.me/api 
 status=200, reason=OK 
 headers={'Date': 'Sat, 03 Aug 2024 11:12:59 GMT', 'Content-Type': 'application/json; charset=utf-8', 'Transfer-Encoding': 'chunked', 'Connection': 'keep-alive', 'X-Powered-By': 'Express', 'Access-Control-Allow-Origin': '*', 'Cache-Control': 'no-cache', 'ETag': 'W/"493-SDI++Wfund+qVFX2GGqbquNv2SQ"', 'Vary': 'Accept-Encoding', 'Content-Encoding': 'gzip', 'CF-Cache-Status': 'DYNAMIC', 'Report-To': '{"endpoints":[{"url":"https:\\/\\/a.nel.cloudflare.com\\/report\\/v4?s=8vD3A8510ooJGwmIWOHAfP9OvxKvwDFZEkC8gVUbS5SkU0McXg4rRK6qYa0LhcivpuYi%2FYjkjJ%2BQs2HXbH%2BQGSpSflTeg8TuM9kLDBHG1GGvcepn2rkhLmZwWCOjDXv2"}],"group":"cf-nel","max_age":604800}', 'NEL': '{"success_fraction":0,"report_to":"cf-nel","max_age":604800}', 'Server': 'cloudflare', 'CF-RAY': '8ad5e035fb10cee5-SJC', 'alt-svc': 'h3=":443"; ma=86400'} 
 body={"results":[{"gender":"female","name":{"title":"Ms","first":"Danielle","last":"Simpson"},"location":{"street":{"number":7101,"name":"Galway Road"},"city":"Naas","state":"Kilkenny","country":"Ireland","postcode":49346,"coordinates":{"latitude":"-3.1861","longitude":"39.9037"},"timezone":{"offset":"+8:00","description":"Beijing, Perth, Singapore, Hong Kong"}},"email":"danielle.simpson@example.com","login":{"uuid":"4dddb2a7-60c8-42f9-b9ee-bbe349c058e4","username":"whitepeacock763","password":"uptown","salt":"bXGk8JSL","md5":"a4a91345a16d671eafc1a3c03c651d1e","sha1":"c2619d24dba14f63ca02e79c3ab7d9695bec0168","sha256":"7c0a31eab9bec3aa4023538fe94e7acc46030928000312451642a9503122a0bf"},"dob":{"date":"1996-06-05T07:46:32.423Z","age":28},"registered":{"date":"2006-04-23T07:03:23.714Z","age":18},"phone":"051-803-5920","cell":"081-785-9560","id":{"name":"PPS","value":"4030979T"},"picture":{"large":"https://randomuser.me/api/portraits/women/25.jpg","medium":"https://randomuser.me/api/portraits/med/women/25.jpg","thumbnail":"https://randomuser.me/api/portraits/thumb/women/25.jpg"},"nat":"IE"}],"info":{"seed":"f5a0e06f25f17c30","results":1,"page":1,"version":"1.4"}} 
 </msg>
<msg time="2024-08-03T11:12:59.916973" level="INFO">/opt/hostedtoolcache/Python/3.12.4/x64/lib/python3.12/site-packages/urllib3/connectionpool.py:1099: InsecureRequestWarning: Unverified HTTPS request is being made to host 'randomuser.me'. Adding certificate verification is strongly advised. See: https://urllib3.readthedocs.io/en/latest/advanced-usage.html#tls-warnings
  warnings.warn(</msg>
<msg time="2024-08-03T11:12:59.917131" level="INFO">${response} = &lt;Response [200]&gt;</msg>
<var>${response}</var>
<arg>consultarAPI</arg>
<arg>/api</arg>
<doc>Sends a GET request on a previously created HTTP Session.</doc>
<status status="PASS" start="2024-08-03T11:12:59.828647" elapsed="0.088541"/>
</kw>
<kw name="Set Variable" owner="BuiltIn">
<msg time="2024-08-03T11:12:59.918103" level="INFO">${json_data} = {'results': [{'gender': 'female', 'name': {'title': 'Ms', 'first': 'Danielle', 'last': 'Simpson'}, 'location': {'street': {'number': 7101, 'name': 'Galway Road'}, 'city': 'Naas', 'state': 'Kilkenny', ...</msg>
<var>${json_data}</var>
<arg>${response.json()}</arg>
<doc>Returns the given values which can then be assigned to a variables.</doc>
<status status="PASS" start="2024-08-03T11:12:59.917633" elapsed="0.000497"/>
</kw>
<kw name="Log" owner="BuiltIn">
<msg time="2024-08-03T11:12:59.918581" level="INFO">{'results': [{'gender': 'female', 'name': {'title': 'Ms', 'first': 'Danielle', 'last': 'Simpson'}, 'location': {'street': {'number': 7101, 'name': 'Galway Road'}, 'city': 'Naas', 'state': 'Kilkenny', 'country': 'Ireland', 'postcode': 49346, 'coordinates': {'latitude': '-3.1861', 'longitude': '39.9037'}, 'timezone': {'offset': '+8:00', 'description': 'Beijing, Perth, Singapore, Hong Kong'}}, 'email': 'danielle.simpson@example.com', 'login': {'uuid': '4dddb2a7-60c8-42f9-b9ee-bbe349c058e4', 'username': 'whitepeacock763', 'password': 'uptown', 'salt': 'bXGk8JSL', 'md5': 'a4a91345a16d671eafc1a3c03c651d1e', 'sha1': 'c2619d24dba14f63ca02e79c3ab7d9695bec0168', 'sha256': '7c0a31eab9bec3aa4023538fe94e7acc46030928000312451642a9503122a0bf'}, 'dob': {'date': '1996-06-05T07:46:32.423Z', 'age': 28}, 'registered': {'date': '2006-04-23T07:03:23.714Z', 'age': 18}, 'phone': '051-803-5920', 'cell': '081-785-9560', 'id': {'name': 'PPS', 'value': '4030979T'}, 'picture': {'large': 'https://randomuser.me/api/portraits/women/25.jpg', 'medium': 'https://randomuser.me/api/portraits/med/women/25.jpg', 'thumbnail': 'https://randomuser.me/api/portraits/thumb/women/25.jpg'}, 'nat': 'IE'}], 'info': {'seed': 'f5a0e06f25f17c30', 'results': 1, 'page': 1, 'version': '1.4'}}</msg>
<arg>${json_data}</arg>
<doc>Logs the given message with the given level.</doc>
<status status="PASS" start="2024-08-03T11:12:59.918430" elapsed="0.000196"/>
</kw>
<kw name="Should Be Equal As Numbers" owner="BuiltIn">
<arg>${json_data['results'][0]['location']['postcode']}</arg>
<arg>${json_data['results'][0]['location']['postcode']}</arg>
<doc>Fails if objects are unequal after converting them to real numbers.</doc>
<status status="PASS" start="2024-08-03T11:12:59.918912" elapsed="0.000649"/>
</kw>
<kw name="Log" owner="BuiltIn">
<msg time="2024-08-03T11:12:59.920088" level="INFO">49346</msg>
<arg>${json_data['results'][0]['location']['postcode']}</arg>
<doc>Logs the given message with the given level.</doc>
<status status="PASS" start="2024-08-03T11:12:59.919756" elapsed="0.000373"/>
</kw>
<status status="PASS" start="2024-08-03T11:12:59.828424" elapsed="0.091981"/>
</kw>
<doc>Testa se os tipos de dados na resposta da API estão corretos.</doc>
<tag>testeTiposDados</tag>
<status status="PASS" start="2024-08-03T11:12:59.712421" elapsed="0.208142"/>
</test>
<test id="s1-s1-t5" name="Validar conteudo" line="35">
<kw name="Teste de Tipos de Conteudo" owner="random-user-service">
<kw name="GET On Session" owner="RequestsLibrary">
<msg time="2024-08-03T11:13:00.019568" level="INFO">GET Request : url=https://randomuser.me/api 
 path_url=/api 
 headers={'User-Agent': 'python-requests/2.32.3', 'Accept-Encoding': 'gzip, deflate', 'Accept': '*/*', 'Connection': 'keep-alive'} 
 body=None 
 </msg>
<msg time="2024-08-03T11:13:00.019654" level="INFO">GET Response : url=https://randomuser.me/api 
 status=200, reason=OK 
 headers={'Date': 'Sat, 03 Aug 2024 11:13:00 GMT', 'Content-Type': 'application/json; charset=utf-8', 'Transfer-Encoding': 'chunked', 'Connection': 'keep-alive', 'X-Powered-By': 'Express', 'Access-Control-Allow-Origin': '*', 'Cache-Control': 'no-cache', 'ETag': 'W/"48c-cscD4RJ8MS3baKFQefdyrWhJ3H0"', 'Vary': 'Accept-Encoding', 'Content-Encoding': 'gzip', 'CF-Cache-Status': 'DYNAMIC', 'Report-To': '{"endpoints":[{"url":"https:\\/\\/a.nel.cloudflare.com\\/report\\/v4?s=ZVDSss5P71q%2Fck4nsAzNWEa0X0FrhBQGKagxc%2BF6ve4eE4fjlQ3%2BO4kyEBDPxeo%2BJyX3Z4Qp7uF%2F3SXbSHq2SrAOgzRrFgcul3LAAdCBUakatPcYBF%2BmtDrZZPSD03vo"}],"group":"cf-nel","max_age":604800}', 'NEL': '{"success_fraction":0,"report_to":"cf-nel","max_age":604800}', 'Server': 'cloudflare', 'CF-RAY': '8ad5e0368b6dcee5-SJC', 'alt-svc': 'h3=":443"; ma=86400'} 
 body={"results":[{"gender":"female","name":{"title":"Mrs","first":"Ülkü","last":"Ertürk"},"location":{"street":{"number":98,"name":"Doktorlar Cd"},"city":"Balıkesir","state":"Osmaniye","country":"Turkey","postcode":62380,"coordinates":{"latitude":"71.2985","longitude":"39.0172"},"timezone":{"offset":"-4:00","description":"Atlantic Time (Canada), Caracas, La Paz"}},"email":"ulku.erturk@example.com","login":{"uuid":"e664021f-904d-4d6d-b46b-c3ca369ba45b","username":"redsnake272","password":"gamecube","salt":"bs1YA2Sr","md5":"9740ce11e14e1b5227242c2882fe3588","sha1":"0dbc590da270195bb4af51012578ab8645ecd722","sha256":"605606b172a22cb2248fb91a4b2ea7124f8eba8b9b1705d44b6d13fbe46a6272"},"dob":{"date":"1990-04-15T12:46:55.040Z","age":34},"registered":{"date":"2015-08-05T12:33:35.301Z","age":8},"phone":"(457)-623-7215","cell":"(556)-737-1622","id":{"name":"","value":null},"picture":{"large":"https://randomuser.me/api/portraits/women/23.jpg","medium":"https://randomuser.me/api/portraits/med/women/23.jpg","thumbnail":"https://randomuser.me/api/portraits/thumb/women/23.jpg"},"nat":"TR"}],"info":{"seed":"a83478255a1104ca","results":1,"page":1,"version":"1.4"}} 
 </msg>
<msg time="2024-08-03T11:13:00.019736" level="INFO">/opt/hostedtoolcache/Python/3.12.4/x64/lib/python3.12/site-packages/urllib3/connectionpool.py:1099: InsecureRequestWarning: Unverified HTTPS request is being made to host 'randomuser.me'. Adding certificate verification is strongly advised. See: https://urllib3.readthedocs.io/en/latest/advanced-usage.html#tls-warnings
  warnings.warn(</msg>
<msg time="2024-08-03T11:13:00.019875" level="INFO">${response} = &lt;Response [200]&gt;</msg>
<var>${response}</var>
<arg>consultarAPI</arg>
<arg>/api</arg>
<doc>Sends a GET request on a previously created HTTP Session.</doc>
<status status="PASS" start="2024-08-03T11:12:59.923291" elapsed="0.096639"/>
</kw>
<kw name="Set Variable" owner="BuiltIn">
<msg time="2024-08-03T11:13:00.020768" level="INFO">${json_data} = {'results': [{'gender': 'female', 'name': {'title': 'Mrs', 'first': 'Ülkü', 'last': 'Ertürk'}, 'location': {'street': {'number': 98, 'name': 'Doktorlar Cd'}, 'city': 'Balıkesir', 'state': 'Osmaniye', ...</msg>
<var>${json_data}</var>
<arg>${response.json()}</arg>
<doc>Returns the given values which can then be assigned to a variables.</doc>
<status status="PASS" start="2024-08-03T11:13:00.020312" elapsed="0.000486"/>
</kw>
<kw name="Set Variable" owner="BuiltIn">
<msg time="2024-08-03T11:13:00.021524" level="INFO">${name_title} = Mrs</msg>
<var>${name_title}</var>
<arg>${json_data["results"][0]["name"]["title"]}</arg>
<doc>Returns the given values which can then be assigned to a variables.</doc>
<status status="PASS" start="2024-08-03T11:13:00.021132" elapsed="0.000418"/>
</kw>
<kw name="Create List" owner="BuiltIn">
<msg time="2024-08-03T11:13:00.021992" level="INFO">${allowed_titles} = ['Mr', 'Ms', 'Miss', 'Mrs', 'Madame', 'Monsieur']</msg>
<var>${allowed_titles}</var>
<arg>Mr</arg>
<arg>Ms</arg>
<arg>Miss</arg>
<arg>Mrs</arg>
<arg>Madame</arg>
<arg>Monsieur</arg>
<doc>Returns a list containing given items.</doc>
<status status="PASS" start="2024-08-03T11:13:00.021842" elapsed="0.000174"/>
</kw>
<kw name="List Should Contain Value" owner="Collections">
<arg>${allowed_titles}</arg>
<arg>${name_title}</arg>
<doc>Fails if the ``value`` is not found from ``list``.</doc>
<status status="PASS" start="2024-08-03T11:13:00.022313" elapsed="0.000173"/>
</kw>
<kw name="Set Variable" owner="BuiltIn">
<msg time="2024-08-03T11:13:00.023034" level="INFO">${name_country} = TR</msg>
<var>${name_country}</var>
<arg>${json_data["results"][0]["nat"]}</arg>
<doc>Returns the given values which can then be assigned to a variables.</doc>
<status status="PASS" start="2024-08-03T11:13:00.022662" elapsed="0.000397"/>
</kw>
<kw name="Create List" owner="BuiltIn">
<msg time="2024-08-03T11:13:00.023929" level="INFO">${list_country} = ['AD', 'AE', 'AF', 'AG', 'AI', 'AL', 'AM', 'AO', 'AQ', 'AR', 'AS', 'AT', 'AU', 'AW', 'AX', 'AZ', 'BA', 'BB', 'BD', 'BE', 'BF', 'BG', 'BH', 'BI', 'BJ', 'BL', 'BM', 'BN', 'BO', 'BQ', 'BR', 'BS', 'BT', '...</msg>
<var>${list_country}</var>
<arg>AD</arg>
<arg>AE</arg>
<arg>AF</arg>
<arg>AG</arg>
<arg>AI</arg>
<arg>AL</arg>
<arg>AM</arg>
<arg>AO</arg>
<arg>AQ</arg>
<arg>AR</arg>
<arg>AS</arg>
<arg>AT</arg>
<arg>AU</arg>
<arg>AW</arg>
<arg>AX</arg>
<arg>AZ</arg>
<arg>BA</arg>
<arg>BB</arg>
<arg>BD</arg>
<arg>BE</arg>
<arg>BF</arg>
<arg>BG</arg>
<arg>BH</arg>
<arg>BI</arg>
<arg>BJ</arg>
<arg>BL</arg>
<arg>BM</arg>
<arg>BN</arg>
<arg>BO</arg>
<arg>BQ</arg>
<arg>BR</arg>
<arg>BS</arg>
<arg>BT</arg>
<arg>BV</arg>
<arg>BW</arg>
<arg>BY</arg>
<arg>BZ</arg>
<arg>CA</arg>
<arg>CC</arg>
<arg>CD</arg>
<arg>CF</arg>
<arg>CG</arg>
<arg>CH</arg>
<arg>CI</arg>
<arg>CK</arg>
<arg>CL</arg>
<arg>CM</arg>
<arg>CN</arg>
<arg>CO</arg>
<arg>CR</arg>
<arg>CU</arg>
<arg>CV</arg>
<arg>CW</arg>
<arg>CX</arg>
<arg>CY</arg>
<arg>CZ</arg>
<arg>DE</arg>
<arg>DJ</arg>
<arg>DK</arg>
<arg>DM</arg>
<arg>DO</arg>
<arg>DZ</arg>
<arg>EC</arg>
<arg>EE</arg>
<arg>EG</arg>
<arg>EH</arg>
<arg>ER</arg>
<arg>ES</arg>
<arg>ET</arg>
<arg>FI</arg>
<arg>FJ</arg>
<arg>FK</arg>
<arg>FM</arg>
<arg>FO</arg>
<arg>FR</arg>
<arg>GA</arg>
<arg>GB</arg>
<arg>GD</arg>
<arg>GE</arg>
<arg>GF</arg>
<arg>GG</arg>
<arg>GH</arg>
<arg>GI</arg>
<arg>GL</arg>
<arg>GM</arg>
<arg>GN</arg>
<arg>GP</arg>
<arg>GQ</arg>
<arg>GR</arg>
<arg>GS</arg>
<arg>GT</arg>
<arg>GU</arg>
<arg>GW</arg>
<arg>GY</arg>
<arg>HK</arg>
<arg>HM</arg>
<arg>HN</arg>
<arg>HR</arg>
<arg>HT</arg>
<arg>HU</arg>
<arg>ID</arg>
<arg>IE</arg>
<arg>IL</arg>
<arg>IM</arg>
<arg>IN</arg>
<arg>IO</arg>
<arg>IQ</arg>
<arg>IR</arg>
<arg>IS</arg>
<arg>IT</arg>
<arg>JE</arg>
<arg>JM</arg>
<arg>JO</arg>
<arg>JP</arg>
<arg>KE</arg>
<arg>KG</arg>
<arg>KH</arg>
<arg>KI</arg>
<arg>KM</arg>
<arg>KN</arg>
<arg>KP</arg>
<arg>KR</arg>
<arg>KW</arg>
<arg>KY</arg>
<arg>KZ</arg>
<arg>LA</arg>
<arg>LB</arg>
<arg>LC</arg>
<arg>LI</arg>
<arg>LK</arg>
<arg>LR</arg>
<arg>LS</arg>
<arg>LT</arg>
<arg>LU</arg>
<arg>LV</arg>
<arg>LY</arg>
<arg>MA</arg>
<arg>MC</arg>
<arg>MD</arg>
<arg>ME</arg>
<arg>MF</arg>
<arg>MG</arg>
<arg>MH</arg>
<arg>MK</arg>
<arg>ML</arg>
<arg>MM</arg>
<arg>MN</arg>
<arg>MO</arg>
<arg>MP</arg>
<arg>MQ</arg>
<arg>MR</arg>
<arg>MS</arg>
<arg>MT</arg>
<arg>MU</arg>
<arg>MV</arg>
<arg>MW</arg>
<arg>MX</arg>
<arg>MY</arg>
<arg>MZ</arg>
<arg>NA</arg>
<arg>NC</arg>
<arg>NE</arg>
<arg>NF</arg>
<arg>NG</arg>
<arg>NI</arg>
<arg>NL</arg>
<arg>NO</arg>
<arg>NP</arg>
<arg>NR</arg>
<arg>NU</arg>
<arg>NZ</arg>
<arg>OM</arg>
<arg>PA</arg>
<arg>PE</arg>
<arg>PF</arg>
<arg>PG</arg>
<arg>PH</arg>
<arg>PK</arg>
<arg>PL</arg>
<arg>PM</arg>
<arg>PN</arg>
<arg>PR</arg>
<arg>PS</arg>
<arg>PT</arg>
<arg>PW</arg>
<arg>PY</arg>
<arg>QA</arg>
<arg>RE</arg>
<arg>RO</arg>
<arg>RS</arg>
<arg>RU</arg>
<arg>RW</arg>
<arg>SA</arg>
<arg>SB</arg>
<arg>SC</arg>
<arg>SD</arg>
<arg>SE</arg>
<arg>SG</arg>
<arg>SH</arg>
<arg>SI</arg>
<arg>SJ</arg>
<arg>SK</arg>
<arg>SL</arg>
<arg>SM</arg>
<arg>SN</arg>
<arg>SO</arg>
<arg>SR</arg>
<arg>SS</arg>
<arg>ST</arg>
<arg>SV</arg>
<arg>SX</arg>
<arg>SY</arg>
<arg>SZ</arg>
<arg>TC</arg>
<arg>TD</arg>
<arg>TF</arg>
<arg>TG</arg>
<arg>TH</arg>
<arg>TJ</arg>
<arg>TK</arg>
<arg>TL</arg>
<arg>TM</arg>
<arg>TN</arg>
<arg>TO</arg>
<arg>TR</arg>
<arg>TT</arg>
<arg>TV</arg>
<arg>TW</arg>
<arg>TZ</arg>
<arg>UA</arg>
<arg>UG</arg>
<arg>UM</arg>
<arg>US</arg>
<arg>UY</arg>
<arg>UZ</arg>
<arg>VA</arg>
<arg>VC</arg>
<arg>VE</arg>
<arg>VG</arg>
<arg>VI</arg>
<arg>VN</arg>
<arg>VU</arg>
<arg>WF</arg>
<arg>WS</arg>
<arg>XK</arg>
<arg>YE</arg>
<arg>YT</arg>
<arg>ZA</arg>
<arg>ZM</arg>
<arg>ZW</arg>
<doc>Returns a list containing given items.</doc>
<status status="PASS" start="2024-08-03T11:13:00.023342" elapsed="0.000612"/>
</kw>
<kw name="List Should Contain Value" owner="Collections">
<arg>${list_country}</arg>
<arg>${name_country}</arg>
<doc>Fails if the ``value`` is not found from ``list``.</doc>
<status status="PASS" start="2024-08-03T11:13:00.024869" elapsed="0.000211"/>
</kw>
<kw name="Run Keyword If" owner="BuiltIn">
<kw name="Should Be True" owner="BuiltIn">
<arg>${True}</arg>
<doc>Fails if the given condition is not true.</doc>
<status status="PASS" start="2024-08-03T11:13:00.026046" elapsed="0.000144"/>
</kw>
<arg>${json_data["results"][0]["location"]["coordinates"]["latitude"]} &gt;= -90 and ${json_data["results"][0]["location"]["coordinates"]["latitude"]} &lt;= 90</arg>
<arg>Should Be True</arg>
<arg>${True}</arg>
<doc>Runs the given keyword with the given arguments, if ``condition`` is true.</doc>
<status status="PASS" start="2024-08-03T11:13:00.025308" elapsed="0.001009"/>
</kw>
<kw name="Run Keyword If" owner="BuiltIn">
<kw name="Should Be True" owner="BuiltIn">
<arg>${True}</arg>
<doc>Fails if the given condition is not true.</doc>
<status status="PASS" start="2024-08-03T11:13:00.027184" elapsed="0.000135"/>
</kw>
<arg>${json_data["results"][0]["location"]["coordinates"]["longitude"]} &gt;= -180 and ${json_data["results"][0]["location"]["coordinates"]["longitude"]} &lt;= 180</arg>
<arg>Should Be True</arg>
<arg>${True}</arg>
<doc>Runs the given keyword with the given arguments, if ``condition`` is true.</doc>
<status status="PASS" start="2024-08-03T11:13:00.026502" elapsed="0.000940"/>
</kw>
<status status="PASS" start="2024-08-03T11:12:59.922928" elapsed="0.104640"/>
</kw>
<doc>Testa o conteúdo específico dos campos retornados pela API.</doc>
<tag>testeConteudo</tag>
<status status="PASS" start="2024-08-03T11:12:59.922307" elapsed="0.105401"/>
</test>
<status status="PASS" start="2024-08-03T11:12:59.140855" elapsed="0.888741"/>
</suite>
<status status="PASS" start="2024-08-03T11:12:59.126770" elapsed="0.907811"/>
</suite>
<statistics>
<total>
<stat pass="5" fail="0" skip="0">All Tests</stat>
</total>
<tag>
<stat pass="1" fail="0" skip="0">testeConteudo</stat>
<stat pass="1" fail="0" skip="0">testeEstruturaResposta</stat>
<stat pass="1" fail="0" skip="0">testeRequisicaoBasica</stat>
<stat pass="1" fail="0" skip="0">testeTiposDados</stat>
</tag>
<suite>
<stat pass="5" fail="0" skip="0" id="s1" name="Tests">Tests</stat>
<stat pass="5" fail="0" skip="0" id="s1-s1" name="Random-User-Test">Tests.Random-User-Test</stat>
</suite>
</statistics>
<errors>
</errors>
</robot>
