<?xml version="1.0" encoding="UTF-8"?>
<robot generator="Robot 7.0.1 (Python 3.12.4 on linux)" generated="2024-08-07T08:20:25.401665" rpa="false" schemaversion="5">
<suite id="s1" name="Tests" source="/home/runner/work/ApiRandomUser/ApiRandomUser/RamdonUser/tests">
<suite id="s1-s1" name="Random-User-Test" source="/home/runner/work/ApiRandomUser/ApiRandomUser/RamdonUser/tests/random-user-test.robot">
<test id="s1-s1-t1" name="Conectar" line="13">
<kw name="Conectar API" owner="random-user-service">
<kw name="Create Session" owner="RequestsLibrary">
<msg time="2024-08-07T08:20:25.828573" level="INFO">Creating Session using : alias=consultarAPI, url=https://randomuser.me/, headers={},                     cookies={}, auth=None, timeout=None, proxies=None, verify=False,                     debug=0 </msg>
<arg>consultarAPI</arg>
<arg>${URL}</arg>
<doc>Create Session: create a HTTP session to a server</doc>
<status status="PASS" start="2024-08-07T08:20:25.828367" elapsed="0.000387"/>
</kw>
<status status="PASS" start="2024-08-07T08:20:25.827276" elapsed="0.001846"/>
</kw>
<status status="PASS" start="2024-08-07T08:20:25.826699" elapsed="0.002620"/>
</test>
<test id="s1-s1-t2" name="Validar retorno 200 e JSON Válido" line="16">
<kw name="Teste de Requisicao Basica" owner="random-user-service">
<kw name="GET On Session" owner="RequestsLibrary">
<msg time="2024-08-07T08:20:26.069083" level="INFO">GET Request : url=https://randomuser.me/api 
 path_url=/api 
 headers={'User-Agent': 'python-requests/2.32.3', 'Accept-Encoding': 'gzip, deflate', 'Accept': '*/*', 'Connection': 'keep-alive'} 
 body=None 
 </msg>
<msg time="2024-08-07T08:20:26.069243" level="INFO">GET Response : url=https://randomuser.me/api 
 status=200, reason=OK 
 headers={'Date': 'Wed, 07 Aug 2024 08:20:26 GMT', 'Content-Type': 'application/json; charset=utf-8', 'Transfer-Encoding': 'chunked', 'Connection': 'keep-alive', 'X-Powered-By': 'Express', 'Access-Control-Allow-Origin': '*', 'Cache-Control': 'no-cache', 'ETag': 'W/"477-711Xm5XE6G7PZqfaZ9JuC6/DOJE"', 'Vary': 'Accept-Encoding', 'Content-Encoding': 'gzip', 'CF-Cache-Status': 'DYNAMIC', 'Report-To': '{"endpoints":[{"url":"https:\\/\\/a.nel.cloudflare.com\\/report\\/v4?s=KwNT8OISWWlZFYmxOpecgUJKOW3ZrE4VTDGskT7UfcaaPcihBYaRuI2En5whtO0nS1gaZUxc8srdcGkWQ9mUisnRveDoex%2BBYznY4a644V17Xo6uOTdpXY%2F9Ml%2BXbGaH"}],"group":"cf-nel","max_age":604800}', 'NEL': '{"success_fraction":0,"report_to":"cf-nel","max_age":604800}', 'Server': 'cloudflare', 'CF-RAY': '8af5d8edbc945b1c-IAD', 'alt-svc': 'h3=":443"; ma=86400'} 
 body={"results":[{"gender":"male","name":{"title":"Mr","first":"Isaac","last":"Lopez"},"location":{"street":{"number":5117,"name":"Railroad St"},"city":"Stanley","state":"Nebraska","country":"United States","postcode":19207,"coordinates":{"latitude":"86.8920","longitude":"-109.9933"},"timezone":{"offset":"-3:30","description":"Newfoundland"}},"email":"isaac.lopez@example.com","login":{"uuid":"6848ad81-062a-47bb-a2be-53ba1430814b","username":"sadtiger419","password":"blazers","salt":"aAkOERTN","md5":"90a71cb0b5dc98f7aafa542cca8e84b5","sha1":"34589cf3ce55634290aac81fd29df030d98ea016","sha256":"7f29e53f9870236f5ed51840710960ced440196460a30a2f876a4731c39a1723"},"dob":{"date":"1955-10-24T18:17:15.624Z","age":68},"registered":{"date":"2016-10-09T20:29:51.616Z","age":7},"phone":"(232) 250-2738","cell":"(221) 876-0627","id":{"name":"SSN","value":"755-12-3060"},"picture":{"large":"https://randomuser.me/api/portraits/men/63.jpg","medium":"https://randomuser.me/api/portraits/med/men/63.jpg","thumbnail":"https://randomuser.me/api/portraits/thumb/men/63.jpg"},"nat":"US"}],"info":{"seed":"237ddf3af517abe2","results":1,"page":1,"version":"1.4"}} 
 </msg>
<msg time="2024-08-07T08:20:26.069325" level="INFO">/opt/hostedtoolcache/Python/3.12.4/x64/lib/python3.12/site-packages/urllib3/connectionpool.py:1099: InsecureRequestWarning: Unverified HTTPS request is being made to host 'randomuser.me'. Adding certificate verification is strongly advised. See: https://urllib3.readthedocs.io/en/latest/advanced-usage.html#tls-warnings
  warnings.warn(</msg>
<msg time="2024-08-07T08:20:26.069464" level="INFO">${response} = &lt;Response [200]&gt;</msg>
<var>${response}</var>
<arg>consultarAPI</arg>
<arg>/api</arg>
<doc>Sends a GET request on a previously created HTTP Session.</doc>
<status status="PASS" start="2024-08-07T08:20:25.831928" elapsed="0.237581"/>
</kw>
<kw name="Should Be Equal As Numbers" owner="BuiltIn">
<msg time="2024-08-07T08:20:26.070506" level="INFO">Argument types are:
&lt;class 'int'&gt;
&lt;class 'str'&gt;</msg>
<arg>${response.status_code}</arg>
<arg>200</arg>
<doc>Fails if objects are unequal after converting them to real numbers.</doc>
<status status="PASS" start="2024-08-07T08:20:26.070053" elapsed="0.000518"/>
</kw>
<kw name="Log" owner="BuiltIn">
<msg time="2024-08-07T08:20:26.071246" level="INFO">200</msg>
<arg>${response.status_code}</arg>
<doc>Logs the given message with the given level.</doc>
<status status="PASS" start="2024-08-07T08:20:26.070887" elapsed="0.000402"/>
</kw>
<kw name="Set Variable" owner="BuiltIn">
<msg time="2024-08-07T08:20:26.072028" level="INFO">${json_data} = {'results': [{'gender': 'male', 'name': {'title': 'Mr', 'first': 'Isaac', 'last': 'Lopez'}, 'location': {'street': {'number': 5117, 'name': 'Railroad St'}, 'city': 'Stanley', 'state': 'Nebraska', 'cou...</msg>
<var>${json_data}</var>
<arg>${response.json()}</arg>
<doc>Returns the given values which can then be assigned to a variables.</doc>
<status status="PASS" start="2024-08-07T08:20:26.071595" elapsed="0.000461"/>
</kw>
<kw name="Dictionary Should Contain Key" owner="Collections">
<arg>${json_data}</arg>
<arg>results</arg>
<doc>Fails if ``key`` is not found from ``dictionary``.</doc>
<status status="PASS" start="2024-08-07T08:20:26.072394" elapsed="0.000329"/>
</kw>
<status status="PASS" start="2024-08-07T08:20:25.831682" elapsed="0.241210"/>
</kw>
<doc>Testa se a API responde corretamente e retorna um objeto JSON válido.</doc>
<tag>testeRequisicaoBasica</tag>
<status status="PASS" start="2024-08-07T08:20:25.831217" elapsed="0.241855"/>
</test>
<test id="s1-s1-t3" name="Validar estrutura de resposta" line="22">
<kw name="Teste de Estrutura de Resposta" owner="random-user-service">
<kw name="GET On Session" owner="RequestsLibrary">
<msg time="2024-08-07T08:20:26.259860" level="INFO">GET Request : url=https://randomuser.me/api 
 path_url=/api 
 headers={'User-Agent': 'python-requests/2.32.3', 'Accept-Encoding': 'gzip, deflate', 'Accept': '*/*', 'Connection': 'keep-alive'} 
 body=None 
 </msg>
<msg time="2024-08-07T08:20:26.259959" level="INFO">GET Response : url=https://randomuser.me/api 
 status=200, reason=OK 
 headers={'Date': 'Wed, 07 Aug 2024 08:20:26 GMT', 'Content-Type': 'application/json; charset=utf-8', 'Transfer-Encoding': 'chunked', 'Connection': 'keep-alive', 'X-Powered-By': 'Express', 'Access-Control-Allow-Origin': '*', 'Cache-Control': 'no-cache', 'ETag': 'W/"477-vZHfyqhAHFu1hTx/KQtf1QYTFqo"', 'Vary': 'Accept-Encoding', 'Content-Encoding': 'gzip', 'CF-Cache-Status': 'DYNAMIC', 'Report-To': '{"endpoints":[{"url":"https:\\/\\/a.nel.cloudflare.com\\/report\\/v4?s=zE%2F28l%2FcvhH7Zm3EOAErJA5ACFooON5jgabvo7cNCFI1lSF96MXYtMBjjB26G0vmZgdhii%2BmRAkfwYmVSQ8iLi7yxByg5dRu3GBdeBd2q7nXOukxU5Nk2cBsI0S9h4fe"}],"group":"cf-nel","max_age":604800}', 'NEL': '{"success_fraction":0,"report_to":"cf-nel","max_age":604800}', 'Server': 'cloudflare', 'CF-RAY': '8af5d8eefd3d5b1c-IAD', 'alt-svc': 'h3=":443"; ma=86400'} 
 body={"results":[{"gender":"male","name":{"title":"Mr","first":"Eino","last":"Hakola"},"location":{"street":{"number":7449,"name":"Tahmelantie"},"city":"Inari","state":"Northern Savonia","country":"Finland","postcode":99051,"coordinates":{"latitude":"-26.4404","longitude":"-161.1206"},"timezone":{"offset":"+4:30","description":"Kabul"}},"email":"eino.hakola@example.com","login":{"uuid":"41abd27f-b164-4729-bdcf-230df4752437","username":"silverzebra254","password":"sparkle","salt":"ThyqElJo","md5":"711bb9ac4a0d7f9d0f8703f031191b72","sha1":"8ee192ec4e2e5faab086f8db51e97782c2f6c35f","sha256":"6797a646d3fc0087c8a9a27e7c687db6af5e3acf1e9d1cce887da7d480e9b780"},"dob":{"date":"1955-12-29T08:05:26.907Z","age":68},"registered":{"date":"2002-12-26T09:26:44.531Z","age":21},"phone":"09-243-131","cell":"044-401-75-74","id":{"name":"HETU","value":"NaNNA967undefined"},"picture":{"large":"https://randomuser.me/api/portraits/men/82.jpg","medium":"https://randomuser.me/api/portraits/med/men/82.jpg","thumbnail":"https://randomuser.me/api/portraits/thumb/men/82.jpg"},"nat":"FI"}],"info":{"seed":"cb9ac1d75b910ef1","results":1,"page":1,"version":"1.4"}} 
 </msg>
<msg time="2024-08-07T08:20:26.260086" level="INFO">/opt/hostedtoolcache/Python/3.12.4/x64/lib/python3.12/site-packages/urllib3/connectionpool.py:1099: InsecureRequestWarning: Unverified HTTPS request is being made to host 'randomuser.me'. Adding certificate verification is strongly advised. See: https://urllib3.readthedocs.io/en/latest/advanced-usage.html#tls-warnings
  warnings.warn(</msg>
<msg time="2024-08-07T08:20:26.260242" level="INFO">${response} = &lt;Response [200]&gt;</msg>
<var>${response}</var>
<arg>consultarAPI</arg>
<arg>/api</arg>
<doc>Sends a GET request on a previously created HTTP Session.</doc>
<status status="PASS" start="2024-08-07T08:20:26.076015" elapsed="0.184271"/>
</kw>
<kw name="Set Variable" owner="BuiltIn">
<msg time="2024-08-07T08:20:26.261316" level="INFO">${json_data} = {'results': [{'gender': 'male', 'name': {'title': 'Mr', 'first': 'Eino', 'last': 'Hakola'}, 'location': {'street': {'number': 7449, 'name': 'Tahmelantie'}, 'city': 'Inari', 'state': 'Northern Savonia'...</msg>
<var>${json_data}</var>
<arg>${response.json()}</arg>
<doc>Returns the given values which can then be assigned to a variables.</doc>
<status status="PASS" start="2024-08-07T08:20:26.260795" elapsed="0.000550"/>
</kw>
<kw name="Log" owner="BuiltIn">
<msg time="2024-08-07T08:20:26.261803" level="INFO">{'results': [{'gender': 'male', 'name': {'title': 'Mr', 'first': 'Eino', 'last': 'Hakola'}, 'location': {'street': {'number': 7449, 'name': 'Tahmelantie'}, 'city': 'Inari', 'state': 'Northern Savonia', 'country': 'Finland', 'postcode': 99051, 'coordinates': {'latitude': '-26.4404', 'longitude': '-161.1206'}, 'timezone': {'offset': '+4:30', 'description': 'Kabul'}}, 'email': 'eino.hakola@example.com', 'login': {'uuid': '41abd27f-b164-4729-bdcf-230df4752437', 'username': 'silverzebra254', 'password': 'sparkle', 'salt': 'ThyqElJo', 'md5': '711bb9ac4a0d7f9d0f8703f031191b72', 'sha1': '8ee192ec4e2e5faab086f8db51e97782c2f6c35f', 'sha256': '6797a646d3fc0087c8a9a27e7c687db6af5e3acf1e9d1cce887da7d480e9b780'}, 'dob': {'date': '1955-12-29T08:05:26.907Z', 'age': 68}, 'registered': {'date': '2002-12-26T09:26:44.531Z', 'age': 21}, 'phone': '09-243-131', 'cell': '044-401-75-74', 'id': {'name': 'HETU', 'value': 'NaNNA967undefined'}, 'picture': {'large': 'https://randomuser.me/api/portraits/men/82.jpg', 'medium': 'https://randomuser.me/api/portraits/med/men/82.jpg', 'thumbnail': 'https://randomuser.me/api/portraits/thumb/men/82.jpg'}, 'nat': 'FI'}], 'info': {'seed': 'cb9ac1d75b910ef1', 'results': 1, 'page': 1, 'version': '1.4'}}</msg>
<arg>${json_data}</arg>
<doc>Logs the given message with the given level.</doc>
<status status="PASS" start="2024-08-07T08:20:26.261646" elapsed="0.000205"/>
</kw>
<kw name="Dictionary Should Contain Key" owner="Collections">
<arg>${json_data}</arg>
<arg>results</arg>
<doc>Fails if ``key`` is not found from ``dictionary``.</doc>
<status status="PASS" start="2024-08-07T08:20:26.262137" elapsed="0.000162"/>
</kw>
<kw name="Should Not Be Empty" owner="BuiltIn">
<msg time="2024-08-07T08:20:26.262605" level="INFO">Length is 2.</msg>
<arg>${json_data}</arg>
<doc>Verifies that the given item is not empty.</doc>
<status status="PASS" start="2024-08-07T08:20:26.262481" elapsed="0.000161"/>
</kw>
<kw name="Create List" owner="BuiltIn">
<msg time="2024-08-07T08:20:26.263077" level="INFO">${expected_keys} = ['gender', 'name', 'location', 'email', 'login']</msg>
<var>${expected_keys}</var>
<arg>gender</arg>
<arg>name</arg>
<arg>location</arg>
<arg>email</arg>
<arg>login</arg>
<doc>Returns a list containing given items.</doc>
<status status="PASS" start="2024-08-07T08:20:26.262924" elapsed="0.000178"/>
</kw>
<for flavor="IN">
<iter>
<kw name="Dictionary Should Contain Key" owner="Collections">
<arg>${json_data['results'][0]}</arg>
<arg>${key}</arg>
<doc>Fails if ``key`` is not found from ``dictionary``.</doc>
<status status="PASS" start="2024-08-07T08:20:26.263687" elapsed="0.000404"/>
</kw>
<kw name="Log" owner="BuiltIn">
<msg time="2024-08-07T08:20:26.264693" level="INFO">{'gender': 'male', 'name': {'title': 'Mr', 'first': 'Eino', 'last': 'Hakola'}, 'location': {'street': {'number': 7449, 'name': 'Tahmelantie'}, 'city': 'Inari', 'state': 'Northern Savonia', 'country': 'Finland', 'postcode': 99051, 'coordinates': {'latitude': '-26.4404', 'longitude': '-161.1206'}, 'timezone': {'offset': '+4:30', 'description': 'Kabul'}}, 'email': 'eino.hakola@example.com', 'login': {'uuid': '41abd27f-b164-4729-bdcf-230df4752437', 'username': 'silverzebra254', 'password': 'sparkle', 'salt': 'ThyqElJo', 'md5': '711bb9ac4a0d7f9d0f8703f031191b72', 'sha1': '8ee192ec4e2e5faab086f8db51e97782c2f6c35f', 'sha256': '6797a646d3fc0087c8a9a27e7c687db6af5e3acf1e9d1cce887da7d480e9b780'}, 'dob': {'date': '1955-12-29T08:05:26.907Z', 'age': 68}, 'registered': {'date': '2002-12-26T09:26:44.531Z', 'age': 21}, 'phone': '09-243-131', 'cell': '044-401-75-74', 'id': {'name': 'HETU', 'value': 'NaNNA967undefined'}, 'picture': {'large': 'https://randomuser.me/api/portraits/men/82.jpg', 'medium': 'https://randomuser.me/api/portraits/med/men/82.jpg', 'thumbnail': 'https://randomuser.me/api/portraits/thumb/men/82.jpg'}, 'nat': 'FI'}</msg>
<arg>${json_data['results'][0]}</arg>
<doc>Logs the given message with the given level.</doc>
<status status="PASS" start="2024-08-07T08:20:26.264320" elapsed="0.000422"/>
</kw>
<kw name="Log" owner="BuiltIn">
<msg time="2024-08-07T08:20:26.265170" level="INFO">gender</msg>
<arg>${key}</arg>
<doc>Logs the given message with the given level.</doc>
<status status="PASS" start="2024-08-07T08:20:26.265041" elapsed="0.000168"/>
</kw>
<var name="${key}">gender</var>
<status status="PASS" start="2024-08-07T08:20:26.263558" elapsed="0.001873"/>
</iter>
<iter>
<kw name="Dictionary Should Contain Key" owner="Collections">
<arg>${json_data['results'][0]}</arg>
<arg>${key}</arg>
<doc>Fails if ``key`` is not found from ``dictionary``.</doc>
<status status="PASS" start="2024-08-07T08:20:26.265732" elapsed="0.000391"/>
</kw>
<kw name="Log" owner="BuiltIn">
<msg time="2024-08-07T08:20:26.266656" level="INFO">{'gender': 'male', 'name': {'title': 'Mr', 'first': 'Eino', 'last': 'Hakola'}, 'location': {'street': {'number': 7449, 'name': 'Tahmelantie'}, 'city': 'Inari', 'state': 'Northern Savonia', 'country': 'Finland', 'postcode': 99051, 'coordinates': {'latitude': '-26.4404', 'longitude': '-161.1206'}, 'timezone': {'offset': '+4:30', 'description': 'Kabul'}}, 'email': 'eino.hakola@example.com', 'login': {'uuid': '41abd27f-b164-4729-bdcf-230df4752437', 'username': 'silverzebra254', 'password': 'sparkle', 'salt': 'ThyqElJo', 'md5': '711bb9ac4a0d7f9d0f8703f031191b72', 'sha1': '8ee192ec4e2e5faab086f8db51e97782c2f6c35f', 'sha256': '6797a646d3fc0087c8a9a27e7c687db6af5e3acf1e9d1cce887da7d480e9b780'}, 'dob': {'date': '1955-12-29T08:05:26.907Z', 'age': 68}, 'registered': {'date': '2002-12-26T09:26:44.531Z', 'age': 21}, 'phone': '09-243-131', 'cell': '044-401-75-74', 'id': {'name': 'HETU', 'value': 'NaNNA967undefined'}, 'picture': {'large': 'https://randomuser.me/api/portraits/men/82.jpg', 'medium': 'https://randomuser.me/api/portraits/med/men/82.jpg', 'thumbnail': 'https://randomuser.me/api/portraits/thumb/men/82.jpg'}, 'nat': 'FI'}</msg>
<arg>${json_data['results'][0]}</arg>
<doc>Logs the given message with the given level.</doc>
<status status="PASS" start="2024-08-07T08:20:26.266305" elapsed="0.000432"/>
</kw>
<kw name="Log" owner="BuiltIn">
<msg time="2024-08-07T08:20:26.267163" level="INFO">name</msg>
<arg>${key}</arg>
<doc>Logs the given message with the given level.</doc>
<status status="PASS" start="2024-08-07T08:20:26.267034" elapsed="0.000167"/>
</kw>
<var name="${key}">name</var>
<status status="PASS" start="2024-08-07T08:20:26.265616" elapsed="0.001801"/>
</iter>
<iter>
<kw name="Dictionary Should Contain Key" owner="Collections">
<arg>${json_data['results'][0]}</arg>
<arg>${key}</arg>
<doc>Fails if ``key`` is not found from ``dictionary``.</doc>
<status status="PASS" start="2024-08-07T08:20:26.267708" elapsed="0.000386"/>
</kw>
<kw name="Log" owner="BuiltIn">
<msg time="2024-08-07T08:20:26.268655" level="INFO">{'gender': 'male', 'name': {'title': 'Mr', 'first': 'Eino', 'last': 'Hakola'}, 'location': {'street': {'number': 7449, 'name': 'Tahmelantie'}, 'city': 'Inari', 'state': 'Northern Savonia', 'country': 'Finland', 'postcode': 99051, 'coordinates': {'latitude': '-26.4404', 'longitude': '-161.1206'}, 'timezone': {'offset': '+4:30', 'description': 'Kabul'}}, 'email': 'eino.hakola@example.com', 'login': {'uuid': '41abd27f-b164-4729-bdcf-230df4752437', 'username': 'silverzebra254', 'password': 'sparkle', 'salt': 'ThyqElJo', 'md5': '711bb9ac4a0d7f9d0f8703f031191b72', 'sha1': '8ee192ec4e2e5faab086f8db51e97782c2f6c35f', 'sha256': '6797a646d3fc0087c8a9a27e7c687db6af5e3acf1e9d1cce887da7d480e9b780'}, 'dob': {'date': '1955-12-29T08:05:26.907Z', 'age': 68}, 'registered': {'date': '2002-12-26T09:26:44.531Z', 'age': 21}, 'phone': '09-243-131', 'cell': '044-401-75-74', 'id': {'name': 'HETU', 'value': 'NaNNA967undefined'}, 'picture': {'large': 'https://randomuser.me/api/portraits/men/82.jpg', 'medium': 'https://randomuser.me/api/portraits/med/men/82.jpg', 'thumbnail': 'https://randomuser.me/api/portraits/thumb/men/82.jpg'}, 'nat': 'FI'}</msg>
<arg>${json_data['results'][0]}</arg>
<doc>Logs the given message with the given level.</doc>
<status status="PASS" start="2024-08-07T08:20:26.268305" elapsed="0.000399"/>
</kw>
<kw name="Log" owner="BuiltIn">
<msg time="2024-08-07T08:20:26.269137" level="INFO">location</msg>
<arg>${key}</arg>
<doc>Logs the given message with the given level.</doc>
<status status="PASS" start="2024-08-07T08:20:26.269007" elapsed="0.000168"/>
</kw>
<var name="${key}">location</var>
<status status="PASS" start="2024-08-07T08:20:26.267594" elapsed="0.001797"/>
</iter>
<iter>
<kw name="Dictionary Should Contain Key" owner="Collections">
<arg>${json_data['results'][0]}</arg>
<arg>${key}</arg>
<doc>Fails if ``key`` is not found from ``dictionary``.</doc>
<status status="PASS" start="2024-08-07T08:20:26.269671" elapsed="0.000384"/>
</kw>
<kw name="Log" owner="BuiltIn">
<msg time="2024-08-07T08:20:26.270708" level="INFO">{'gender': 'male', 'name': {'title': 'Mr', 'first': 'Eino', 'last': 'Hakola'}, 'location': {'street': {'number': 7449, 'name': 'Tahmelantie'}, 'city': 'Inari', 'state': 'Northern Savonia', 'country': 'Finland', 'postcode': 99051, 'coordinates': {'latitude': '-26.4404', 'longitude': '-161.1206'}, 'timezone': {'offset': '+4:30', 'description': 'Kabul'}}, 'email': 'eino.hakola@example.com', 'login': {'uuid': '41abd27f-b164-4729-bdcf-230df4752437', 'username': 'silverzebra254', 'password': 'sparkle', 'salt': 'ThyqElJo', 'md5': '711bb9ac4a0d7f9d0f8703f031191b72', 'sha1': '8ee192ec4e2e5faab086f8db51e97782c2f6c35f', 'sha256': '6797a646d3fc0087c8a9a27e7c687db6af5e3acf1e9d1cce887da7d480e9b780'}, 'dob': {'date': '1955-12-29T08:05:26.907Z', 'age': 68}, 'registered': {'date': '2002-12-26T09:26:44.531Z', 'age': 21}, 'phone': '09-243-131', 'cell': '044-401-75-74', 'id': {'name': 'HETU', 'value': 'NaNNA967undefined'}, 'picture': {'large': 'https://randomuser.me/api/portraits/men/82.jpg', 'medium': 'https://randomuser.me/api/portraits/med/men/82.jpg', 'thumbnail': 'https://randomuser.me/api/portraits/thumb/men/82.jpg'}, 'nat': 'FI'}</msg>
<arg>${json_data['results'][0]}</arg>
<doc>Logs the given message with the given level.</doc>
<status status="PASS" start="2024-08-07T08:20:26.270356" elapsed="0.000410"/>
</kw>
<kw name="Log" owner="BuiltIn">
<msg time="2024-08-07T08:20:26.271193" level="INFO">email</msg>
<arg>${key}</arg>
<doc>Logs the given message with the given level.</doc>
<status status="PASS" start="2024-08-07T08:20:26.271063" elapsed="0.000169"/>
</kw>
<var name="${key}">email</var>
<status status="PASS" start="2024-08-07T08:20:26.269564" elapsed="0.001886"/>
</iter>
<iter>
<kw name="Dictionary Should Contain Key" owner="Collections">
<arg>${json_data['results'][0]}</arg>
<arg>${key}</arg>
<doc>Fails if ``key`` is not found from ``dictionary``.</doc>
<status status="PASS" start="2024-08-07T08:20:26.271733" elapsed="0.000374"/>
</kw>
<kw name="Log" owner="BuiltIn">
<msg time="2024-08-07T08:20:26.272676" level="INFO">{'gender': 'male', 'name': {'title': 'Mr', 'first': 'Eino', 'last': 'Hakola'}, 'location': {'street': {'number': 7449, 'name': 'Tahmelantie'}, 'city': 'Inari', 'state': 'Northern Savonia', 'country': 'Finland', 'postcode': 99051, 'coordinates': {'latitude': '-26.4404', 'longitude': '-161.1206'}, 'timezone': {'offset': '+4:30', 'description': 'Kabul'}}, 'email': 'eino.hakola@example.com', 'login': {'uuid': '41abd27f-b164-4729-bdcf-230df4752437', 'username': 'silverzebra254', 'password': 'sparkle', 'salt': 'ThyqElJo', 'md5': '711bb9ac4a0d7f9d0f8703f031191b72', 'sha1': '8ee192ec4e2e5faab086f8db51e97782c2f6c35f', 'sha256': '6797a646d3fc0087c8a9a27e7c687db6af5e3acf1e9d1cce887da7d480e9b780'}, 'dob': {'date': '1955-12-29T08:05:26.907Z', 'age': 68}, 'registered': {'date': '2002-12-26T09:26:44.531Z', 'age': 21}, 'phone': '09-243-131', 'cell': '044-401-75-74', 'id': {'name': 'HETU', 'value': 'NaNNA967undefined'}, 'picture': {'large': 'https://randomuser.me/api/portraits/men/82.jpg', 'medium': 'https://randomuser.me/api/portraits/med/men/82.jpg', 'thumbnail': 'https://randomuser.me/api/portraits/thumb/men/82.jpg'}, 'nat': 'FI'}</msg>
<arg>${json_data['results'][0]}</arg>
<doc>Logs the given message with the given level.</doc>
<status status="PASS" start="2024-08-07T08:20:26.272313" elapsed="0.000410"/>
</kw>
<kw name="Log" owner="BuiltIn">
<msg time="2024-08-07T08:20:26.273145" level="INFO">login</msg>
<arg>${key}</arg>
<doc>Logs the given message with the given level.</doc>
<status status="PASS" start="2024-08-07T08:20:26.273017" elapsed="0.000165"/>
</kw>
<var name="${key}">login</var>
<status status="PASS" start="2024-08-07T08:20:26.271625" elapsed="0.001772"/>
</iter>
<var>${key}</var>
<value>@{expected_keys}</value>
<status status="PASS" start="2024-08-07T08:20:26.263362" elapsed="0.010157"/>
</for>
<kw name="Create List" owner="BuiltIn">
<msg time="2024-08-07T08:20:26.273845" level="INFO">${expected_keysTwo} = ['username', 'password']</msg>
<var>${expected_keysTwo}</var>
<arg>username</arg>
<arg>password</arg>
<doc>Returns a list containing given items.</doc>
<status status="PASS" start="2024-08-07T08:20:26.273709" elapsed="0.000159"/>
</kw>
<for flavor="IN">
<iter>
<kw name="Dictionary Should Contain Key" owner="Collections">
<arg>${json_data['results'][0]['login']}</arg>
<arg>${keyTwo}</arg>
<doc>Fails if ``key`` is not found from ``dictionary``.</doc>
<status status="PASS" start="2024-08-07T08:20:26.274394" elapsed="0.000387"/>
</kw>
<kw name="Dictionary Should Contain Key" owner="Collections">
<arg>${json_data['results'][0]['login']}</arg>
<arg>${keyTwo}</arg>
<doc>Fails if ``key`` is not found from ``dictionary``.</doc>
<status status="PASS" start="2024-08-07T08:20:26.274966" elapsed="0.000365"/>
</kw>
<kw name="Log" owner="BuiltIn">
<msg time="2024-08-07T08:20:26.275630" level="INFO">username</msg>
<arg>${keyTwo}</arg>
<doc>Logs the given message with the given level.</doc>
<status status="PASS" start="2024-08-07T08:20:26.275510" elapsed="0.000159"/>
</kw>
<var name="${keyTwo}">username</var>
<status status="PASS" start="2024-08-07T08:20:26.274287" elapsed="0.001616"/>
</iter>
<iter>
<kw name="Dictionary Should Contain Key" owner="Collections">
<arg>${json_data['results'][0]['login']}</arg>
<arg>${keyTwo}</arg>
<doc>Fails if ``key`` is not found from ``dictionary``.</doc>
<status status="PASS" start="2024-08-07T08:20:26.276183" elapsed="0.000429"/>
</kw>
<kw name="Dictionary Should Contain Key" owner="Collections">
<arg>${json_data['results'][0]['login']}</arg>
<arg>${keyTwo}</arg>
<doc>Fails if ``key`` is not found from ``dictionary``.</doc>
<status status="PASS" start="2024-08-07T08:20:26.276792" elapsed="0.000370"/>
</kw>
<kw name="Log" owner="BuiltIn">
<msg time="2024-08-07T08:20:26.277457" level="INFO">password</msg>
<arg>${keyTwo}</arg>
<doc>Logs the given message with the given level.</doc>
<status status="PASS" start="2024-08-07T08:20:26.277338" elapsed="0.000158"/>
</kw>
<var name="${keyTwo}">password</var>
<status status="PASS" start="2024-08-07T08:20:26.276076" elapsed="0.001647"/>
</iter>
<var>${keyTwo}</var>
<value>@{expected_keysTwo}</value>
<status status="PASS" start="2024-08-07T08:20:26.274132" elapsed="0.003715"/>
</for>
<status status="PASS" start="2024-08-07T08:20:26.075682" elapsed="0.202309"/>
</kw>
<doc>Testa a estrutura da resposta da API.</doc>
<tag>testeEstruturaResposta</tag>
<status status="PASS" start="2024-08-07T08:20:26.074918" elapsed="0.203232"/>
</test>
<test id="s1-s1-t4" name="Validar tipos de dados" line="28">
<kw name="Teste de Tipos de Dados" owner="random-user-service">
<kw name="GET On Session" owner="RequestsLibrary">
<msg time="2024-08-07T08:20:26.481602" level="INFO">GET Request : url=https://randomuser.me/api 
 path_url=/api 
 headers={'User-Agent': 'python-requests/2.32.3', 'Accept-Encoding': 'gzip, deflate', 'Accept': '*/*', 'Connection': 'keep-alive'} 
 body=None 
 </msg>
<msg time="2024-08-07T08:20:26.481711" level="INFO">GET Response : url=https://randomuser.me/api 
 status=200, reason=OK 
 headers={'Date': 'Wed, 07 Aug 2024 08:20:26 GMT', 'Content-Type': 'application/json; charset=utf-8', 'Transfer-Encoding': 'chunked', 'Connection': 'keep-alive', 'X-Powered-By': 'Express', 'Access-Control-Allow-Origin': '*', 'Cache-Control': 'no-cache', 'ETag': 'W/"495-nWv8AFC6HniCKX/mSh95nXVWm/s"', 'Vary': 'Accept-Encoding', 'Content-Encoding': 'gzip', 'CF-Cache-Status': 'DYNAMIC', 'Report-To': '{"endpoints":[{"url":"https:\\/\\/a.nel.cloudflare.com\\/report\\/v4?s=uZv4eYONqUcjzb3qaNvrmsuj7yyscvMBogvJDfXhulJJd%2BPLWGolRilOrEnAFfXrnb0Fi6YKOk6usrNmzCK%2Fiw7fEkVXiaqmIxkE4fUwhwgMwHOimihJZSP5ZYKV6X4r"}],"group":"cf-nel","max_age":604800}', 'NEL': '{"success_fraction":0,"report_to":"cf-nel","max_age":604800}', 'Server': 'cloudflare', 'CF-RAY': '8af5d8f04dfb5b1c-IAD', 'alt-svc': 'h3=":443"; ma=86400'} 
 body={"results":[{"gender":"female","name":{"title":"Ms","first":"Diana","last":"Green"},"location":{"street":{"number":5635,"name":"White Oak Dr"},"city":"Lakewood","state":"Florida","country":"United States","postcode":96486,"coordinates":{"latitude":"85.7699","longitude":"82.8904"},"timezone":{"offset":"-4:00","description":"Atlantic Time (Canada), Caracas, La Paz"}},"email":"diana.green@example.com","login":{"uuid":"45e49f72-fd52-4110-b1c8-3b7717534453","username":"lazyduck729","password":"sales","salt":"ZukghbDe","md5":"b1601a37d301a0dcc8987946421732dc","sha1":"2bd3a6ecf2d7e3438900920603d50702d3f09fb7","sha256":"874e8bf8567f00fc23ef0a41ae92371ddf9504f97a39585a044d65025c872af0"},"dob":{"date":"1972-04-15T13:34:17.350Z","age":52},"registered":{"date":"2012-03-06T01:11:58.938Z","age":12},"phone":"(531) 423-2321","cell":"(364) 452-0864","id":{"name":"SSN","value":"127-08-6337"},"picture":{"large":"https://randomuser.me/api/portraits/women/9.jpg","medium":"https://randomuser.me/api/portraits/med/women/9.jpg","thumbnail":"https://randomuser.me/api/portraits/thumb/women/9.jpg"},"nat":"US"}],"info":{"seed":"ce048d81775650b8","results":1,"page":1,"version":"1.4"}} 
 </msg>
<msg time="2024-08-07T08:20:26.481791" level="INFO">/opt/hostedtoolcache/Python/3.12.4/x64/lib/python3.12/site-packages/urllib3/connectionpool.py:1099: InsecureRequestWarning: Unverified HTTPS request is being made to host 'randomuser.me'. Adding certificate verification is strongly advised. See: https://urllib3.readthedocs.io/en/latest/advanced-usage.html#tls-warnings
  warnings.warn(</msg>
<msg time="2024-08-07T08:20:26.481915" level="INFO">${response} = &lt;Response [200]&gt;</msg>
<var>${response}</var>
<arg>consultarAPI</arg>
<arg>/api</arg>
<doc>Sends a GET request on a previously created HTTP Session.</doc>
<status status="PASS" start="2024-08-07T08:20:26.280623" elapsed="0.201330"/>
</kw>
<kw name="Set Variable" owner="BuiltIn">
<msg time="2024-08-07T08:20:26.482979" level="INFO">${json_data} = {'results': [{'gender': 'female', 'name': {'title': 'Ms', 'first': 'Diana', 'last': 'Green'}, 'location': {'street': {'number': 5635, 'name': 'White Oak Dr'}, 'city': 'Lakewood', 'state': 'Florida', '...</msg>
<var>${json_data}</var>
<arg>${response.json()}</arg>
<doc>Returns the given values which can then be assigned to a variables.</doc>
<status status="PASS" start="2024-08-07T08:20:26.482462" elapsed="0.000545"/>
</kw>
<kw name="Log" owner="BuiltIn">
<msg time="2024-08-07T08:20:26.483477" level="INFO">{'results': [{'gender': 'female', 'name': {'title': 'Ms', 'first': 'Diana', 'last': 'Green'}, 'location': {'street': {'number': 5635, 'name': 'White Oak Dr'}, 'city': 'Lakewood', 'state': 'Florida', 'country': 'United States', 'postcode': 96486, 'coordinates': {'latitude': '85.7699', 'longitude': '82.8904'}, 'timezone': {'offset': '-4:00', 'description': 'Atlantic Time (Canada), Caracas, La Paz'}}, 'email': 'diana.green@example.com', 'login': {'uuid': '45e49f72-fd52-4110-b1c8-3b7717534453', 'username': 'lazyduck729', 'password': 'sales', 'salt': 'ZukghbDe', 'md5': 'b1601a37d301a0dcc8987946421732dc', 'sha1': '2bd3a6ecf2d7e3438900920603d50702d3f09fb7', 'sha256': '874e8bf8567f00fc23ef0a41ae92371ddf9504f97a39585a044d65025c872af0'}, 'dob': {'date': '1972-04-15T13:34:17.350Z', 'age': 52}, 'registered': {'date': '2012-03-06T01:11:58.938Z', 'age': 12}, 'phone': '(531) 423-2321', 'cell': '(364) 452-0864', 'id': {'name': 'SSN', 'value': '127-08-6337'}, 'picture': {'large': 'https://randomuser.me/api/portraits/women/9.jpg', 'medium': 'https://randomuser.me/api/portraits/med/women/9.jpg', 'thumbnail': 'https://randomuser.me/api/portraits/thumb/women/9.jpg'}, 'nat': 'US'}], 'info': {'seed': 'ce048d81775650b8', 'results': 1, 'page': 1, 'version': '1.4'}}</msg>
<arg>${json_data}</arg>
<doc>Logs the given message with the given level.</doc>
<status status="PASS" start="2024-08-07T08:20:26.483313" elapsed="0.000213"/>
</kw>
<kw name="Should Be String" owner="String">
<arg>${json_data['results'][0]['gender']}</arg>
<doc>Fails if the given ``item`` is not a string.</doc>
<status status="PASS" start="2024-08-07T08:20:26.483826" elapsed="0.000370"/>
</kw>
<kw name="Should Match Regexp" owner="BuiltIn">
<arg>${json_data['results'][0]['email']}</arg>
<arg>^[a-zA-Z0-9._%+-]+@[a-zA-Z0-9.-]+\.[a-zA-Z]{2,}$</arg>
<doc>Fails if ``string`` does not match ``pattern`` as a regular expression.</doc>
<status status="PASS" start="2024-08-07T08:20:26.484427" elapsed="0.000520"/>
</kw>
<kw name="Should Match Regexp" owner="BuiltIn">
<arg>${json_data['results'][0]['dob']['date']}</arg>
<arg>\\d{4}-\\d{2}-\\d{2}T\\d{2}:\\d{2}:\\d{2}\\.\\d{3}Z</arg>
<doc>Fails if ``string`` does not match ``pattern`` as a regular expression.</doc>
<status status="PASS" start="2024-08-07T08:20:26.485181" elapsed="0.000641"/>
</kw>
<kw name="Should Match Regexp" owner="BuiltIn">
<arg>${json_data['results'][0]['registered']['date']}</arg>
<arg>\\d{4}-\\d{2}-\\d{2}T\\d{2}:\\d{2}:\\d{2}\\.\\d{3}Z</arg>
<doc>Fails if ``string`` does not match ``pattern`` as a regular expression.</doc>
<status status="PASS" start="2024-08-07T08:20:26.486017" elapsed="0.000380"/>
</kw>
<kw name="Should Match Regexp" owner="BuiltIn">
<arg>${json_data['results'][0]['picture']['large']}</arg>
<arg>^https?://.*\.(?:png|jpe?g|gif|bmp)$</arg>
<doc>Fails if ``string`` does not match ``pattern`` as a regular expression.</doc>
<status status="PASS" start="2024-08-07T08:20:26.486582" elapsed="0.000458"/>
</kw>
<kw name="Should Match Regexp" owner="BuiltIn">
<arg>${json_data['results'][0]['picture']['medium']}</arg>
<arg>^https?://.*\.(?:png|jpe?g|gif|bmp)$</arg>
<doc>Fails if ``string`` does not match ``pattern`` as a regular expression.</doc>
<status status="PASS" start="2024-08-07T08:20:26.487228" elapsed="0.000355"/>
</kw>
<kw name="Should Match Regexp" owner="BuiltIn">
<arg>${json_data['results'][0]['picture']['thumbnail']}</arg>
<arg>^https?://.*\.(?:png|jpe?g|gif|bmp)$</arg>
<doc>Fails if ``string`` does not match ``pattern`` as a regular expression.</doc>
<status status="PASS" start="2024-08-07T08:20:26.487779" elapsed="0.000350"/>
</kw>
<kw name="Log" owner="BuiltIn">
<msg time="2024-08-07T08:20:26.488662" level="INFO">{'large': 'https://randomuser.me/api/portraits/women/9.jpg', 'medium': 'https://randomuser.me/api/portraits/med/women/9.jpg', 'thumbnail': 'https://randomuser.me/api/portraits/thumb/women/9.jpg'}</msg>
<arg>${json_data['results'][0]['picture']}</arg>
<doc>Logs the given message with the given level.</doc>
<status status="PASS" start="2024-08-07T08:20:26.488330" elapsed="0.000375"/>
</kw>
<status status="PASS" start="2024-08-07T08:20:26.280394" elapsed="0.208591"/>
</kw>
<kw name="Teste de Tipos de Dados - Postcode" owner="random-user-service">
<kw name="GET On Session" owner="RequestsLibrary">
<msg time="2024-08-07T08:20:26.694816" level="INFO">GET Request : url=https://randomuser.me/api 
 path_url=/api 
 headers={'User-Agent': 'python-requests/2.32.3', 'Accept-Encoding': 'gzip, deflate', 'Accept': '*/*', 'Connection': 'keep-alive'} 
 body=None 
 </msg>
<msg time="2024-08-07T08:20:26.694930" level="INFO">GET Response : url=https://randomuser.me/api 
 status=200, reason=OK 
 headers={'Date': 'Wed, 07 Aug 2024 08:20:26 GMT', 'Content-Type': 'application/json; charset=utf-8', 'Transfer-Encoding': 'chunked', 'Connection': 'keep-alive', 'X-Powered-By': 'Express', 'Access-Control-Allow-Origin': '*', 'Cache-Control': 'no-cache', 'ETag': 'W/"487-9SaoU15dfivqz6Wo01ZjhzO9diU"', 'Vary': 'Accept-Encoding', 'Content-Encoding': 'gzip', 'CF-Cache-Status': 'DYNAMIC', 'Report-To': '{"endpoints":[{"url":"https:\\/\\/a.nel.cloudflare.com\\/report\\/v4?s=2b%2BIP77Y%2BGOpNZwzGGU6Pmrw4Ln0nMjusmm0EApHZA1W4GqhO%2FlyK6Zb04bQCRSa66LIlGiiRbz6R671jHF9%2FlXQHJuzakcp%2BiOHugGzkaHBpWnt4Ty92iI4n%2BLcruRx"}],"group":"cf-nel","max_age":604800}', 'NEL': '{"success_fraction":0,"report_to":"cf-nel","max_age":604800}', 'Server': 'cloudflare', 'CF-RAY': '8af5d8f19eba5b1c-IAD', 'alt-svc': 'h3=":443"; ma=86400'} 
 body={"results":[{"gender":"male","name":{"title":"Mr","first":"احسان","last":"حیدری"},"location":{"street":{"number":2621,"name":"میدان فلسطین"},"city":"مشهد","state":"آذربایجان شرقی","country":"Iran","postcode":25598,"coordinates":{"latitude":"20.4972","longitude":"-117.3592"},"timezone":{"offset":"+5:45","description":"Kathmandu"}},"email":"hsn.hydry@example.com","login":{"uuid":"22b4cb02-6233-4db1-aa5b-f54355b825fb","username":"greenpeacock991","password":"niang","salt":"AkmnYRey","md5":"a21fa132acfd652ca65585e62b3e8dbc","sha1":"7b314fe9fef56d178e5f581f9b45e1f27010dca0","sha256":"0847c8900d0de31c35daaaedec636b6376d6ad70ff990aa93853be0e31558b47"},"dob":{"date":"1964-11-28T08:04:26.494Z","age":59},"registered":{"date":"2007-09-26T04:37:49.077Z","age":16},"phone":"033-75139738","cell":"0916-418-8424","id":{"name":"","value":null},"picture":{"large":"https://randomuser.me/api/portraits/men/21.jpg","medium":"https://randomuser.me/api/portraits/med/men/21.jpg","thumbnail":"https://randomuser.me/api/portraits/thumb/men/21.jpg"},"nat":"IR"}],"info":{"seed":"1345f4160b14c37d","results":1,"page":1,"version":"1.4"}} 
 </msg>
<msg time="2024-08-07T08:20:26.695013" level="INFO">/opt/hostedtoolcache/Python/3.12.4/x64/lib/python3.12/site-packages/urllib3/connectionpool.py:1099: InsecureRequestWarning: Unverified HTTPS request is being made to host 'randomuser.me'. Adding certificate verification is strongly advised. See: https://urllib3.readthedocs.io/en/latest/advanced-usage.html#tls-warnings
  warnings.warn(</msg>
<msg time="2024-08-07T08:20:26.695146" level="INFO">${response} = &lt;Response [200]&gt;</msg>
<var>${response}</var>
<arg>consultarAPI</arg>
<arg>/api</arg>
<doc>Sends a GET request on a previously created HTTP Session.</doc>
<status status="PASS" start="2024-08-07T08:20:26.489440" elapsed="0.205764"/>
</kw>
<kw name="Set Variable" owner="BuiltIn">
<msg time="2024-08-07T08:20:26.696481" level="INFO">${json_data} = {'results': [{'gender': 'male', 'name': {'title': 'Mr', 'first': 'احسان', 'last': 'حیدری'}, 'location': {'street': {'number': 2621, 'name': 'میدان فلسطین'}, 'city': 'مشهد', 'state': 'آذربایجان شرقی', ...</msg>
<var>${json_data}</var>
<arg>${response.json()}</arg>
<doc>Returns the given values which can then be assigned to a variables.</doc>
<status status="PASS" start="2024-08-07T08:20:26.695885" elapsed="0.000627"/>
</kw>
<kw name="Log" owner="BuiltIn">
<msg time="2024-08-07T08:20:26.696986" level="INFO">{'results': [{'gender': 'male', 'name': {'title': 'Mr', 'first': 'احسان', 'last': 'حیدری'}, 'location': {'street': {'number': 2621, 'name': 'میدان فلسطین'}, 'city': 'مشهد', 'state': 'آذربایجان شرقی', 'country': 'Iran', 'postcode': 25598, 'coordinates': {'latitude': '20.4972', 'longitude': '-117.3592'}, 'timezone': {'offset': '+5:45', 'description': 'Kathmandu'}}, 'email': 'hsn.hydry@example.com', 'login': {'uuid': '22b4cb02-6233-4db1-aa5b-f54355b825fb', 'username': 'greenpeacock991', 'password': 'niang', 'salt': 'AkmnYRey', 'md5': 'a21fa132acfd652ca65585e62b3e8dbc', 'sha1': '7b314fe9fef56d178e5f581f9b45e1f27010dca0', 'sha256': '0847c8900d0de31c35daaaedec636b6376d6ad70ff990aa93853be0e31558b47'}, 'dob': {'date': '1964-11-28T08:04:26.494Z', 'age': 59}, 'registered': {'date': '2007-09-26T04:37:49.077Z', 'age': 16}, 'phone': '033-75139738', 'cell': '0916-418-8424', 'id': {'name': '', 'value': None}, 'picture': {'large': 'https://randomuser.me/api/portraits/men/21.jpg', 'medium': 'https://randomuser.me/api/portraits/med/men/21.jpg', 'thumbnail': 'https://randomuser.me/api/portraits/thumb/men/21.jpg'}, 'nat': 'IR'}], 'info': {'seed': '1345f4160b14c37d', 'results': 1, 'page': 1, 'version': '1.4'}}</msg>
<arg>${json_data}</arg>
<doc>Logs the given message with the given level.</doc>
<status status="PASS" start="2024-08-07T08:20:26.696825" elapsed="0.000212"/>
</kw>
<kw name="Should Be Equal As Numbers" owner="BuiltIn">
<arg>${json_data['results'][0]['location']['postcode']}</arg>
<arg>${json_data['results'][0]['location']['postcode']}</arg>
<doc>Fails if objects are unequal after converting them to real numbers.</doc>
<status status="PASS" start="2024-08-07T08:20:26.697334" elapsed="0.000625"/>
</kw>
<kw name="Log" owner="BuiltIn">
<msg time="2024-08-07T08:20:26.698482" level="INFO">25598</msg>
<arg>${json_data['results'][0]['location']['postcode']}</arg>
<doc>Logs the given message with the given level.</doc>
<status status="PASS" start="2024-08-07T08:20:26.698146" elapsed="0.000377"/>
</kw>
<status status="PASS" start="2024-08-07T08:20:26.489213" elapsed="0.209599"/>
</kw>
<doc>Testa se os tipos de dados na resposta da API estão corretos.</doc>
<tag>testeTiposDados</tag>
<status status="PASS" start="2024-08-07T08:20:26.279904" elapsed="0.419080"/>
</test>
<test id="s1-s1-t5" name="Validar conteudo" line="35">
<kw name="Teste de Tipos de Conteudo" owner="random-user-service">
<kw name="GET On Session" owner="RequestsLibrary">
<msg time="2024-08-07T08:20:26.787211" level="INFO">GET Request : url=https://randomuser.me/api 
 path_url=/api 
 headers={'User-Agent': 'python-requests/2.32.3', 'Accept-Encoding': 'gzip, deflate', 'Accept': '*/*', 'Connection': 'keep-alive'} 
 body=None 
 </msg>
<msg time="2024-08-07T08:20:26.787319" level="INFO">GET Response : url=https://randomuser.me/api 
 status=200, reason=OK 
 headers={'Date': 'Wed, 07 Aug 2024 08:20:26 GMT', 'Content-Type': 'application/json; charset=utf-8', 'Transfer-Encoding': 'chunked', 'Connection': 'keep-alive', 'X-Powered-By': 'Express', 'Access-Control-Allow-Origin': '*', 'Cache-Control': 'no-cache', 'ETag': 'W/"481-0Y1FQ9i38vTfB0tglPTTN4tlEu0"', 'Vary': 'Accept-Encoding', 'Content-Encoding': 'gzip', 'CF-Cache-Status': 'DYNAMIC', 'Report-To': '{"endpoints":[{"url":"https:\\/\\/a.nel.cloudflare.com\\/report\\/v4?s=Wbr44P6wXfUobSvNT7KJ1SSVyuXzZjmDjPr6gIz88gcoywyq93xAubzqMMmwEotFaT7KEEofQT3GrJ%2F9i83I7R4Q%2BCVF2qjnbTaxDRTzet%2FFLTMQB%2B8WDghb7CRAiVnP"}],"group":"cf-nel","max_age":604800}', 'NEL': '{"success_fraction":0,"report_to":"cf-nel","max_age":604800}', 'Server': 'cloudflare', 'CF-RAY': '8af5d8f2ef825b1c-IAD', 'alt-svc': 'h3=":443"; ma=86400'} 
 body={"results":[{"gender":"male","name":{"title":"Mr","first":"Daniel","last":"Slawa"},"location":{"street":{"number":7794,"name":"Dundas Rd"},"city":"Cochrane","state":"Prince Edward Island","country":"Canada","postcode":"D2D 7L1","coordinates":{"latitude":"-72.3776","longitude":"-116.7183"},"timezone":{"offset":"+9:30","description":"Adelaide, Darwin"}},"email":"daniel.slawa@example.com","login":{"uuid":"3dec73cf-3fb5-4db2-b6c0-332e13bea280","username":"silverbear272","password":"grass","salt":"n8Su3Rjn","md5":"178ec80816d10f7b87c8b3afc8f05459","sha1":"7c31959343040e15f34c5405e56c9a8e221f4023","sha256":"20fe1d1b4bb6a23d7e509c1ff19584228a1a15039b2a26724436f0bccf7cce35"},"dob":{"date":"1957-05-15T16:53:14.243Z","age":67},"registered":{"date":"2004-10-18T04:22:37.105Z","age":19},"phone":"C27 W61-5041","cell":"M34 T97-7593","id":{"name":"SIN","value":"904059557"},"picture":{"large":"https://randomuser.me/api/portraits/men/87.jpg","medium":"https://randomuser.me/api/portraits/med/men/87.jpg","thumbnail":"https://randomuser.me/api/portraits/thumb/men/87.jpg"},"nat":"CA"}],"info":{"seed":"481b5aed1e30afc4","results":1,"page":1,"version":"1.4"}} 
 </msg>
<msg time="2024-08-07T08:20:26.787400" level="INFO">/opt/hostedtoolcache/Python/3.12.4/x64/lib/python3.12/site-packages/urllib3/connectionpool.py:1099: InsecureRequestWarning: Unverified HTTPS request is being made to host 'randomuser.me'. Adding certificate verification is strongly advised. See: https://urllib3.readthedocs.io/en/latest/advanced-usage.html#tls-warnings
  warnings.warn(</msg>
<msg time="2024-08-07T08:20:26.787524" level="INFO">${response} = &lt;Response [200]&gt;</msg>
<var>${response}</var>
<arg>consultarAPI</arg>
<arg>/api</arg>
<doc>Sends a GET request on a previously created HTTP Session.</doc>
<status status="PASS" start="2024-08-07T08:20:26.701764" elapsed="0.085788"/>
</kw>
<kw name="Set Variable" owner="BuiltIn">
<msg time="2024-08-07T08:20:26.788665" level="INFO">${json_data} = {'results': [{'gender': 'male', 'name': {'title': 'Mr', 'first': 'Daniel', 'last': 'Slawa'}, 'location': {'street': {'number': 7794, 'name': 'Dundas Rd'}, 'city': 'Cochrane', 'state': 'Prince Edward I...</msg>
<var>${json_data}</var>
<arg>${response.json()}</arg>
<doc>Returns the given values which can then be assigned to a variables.</doc>
<status status="PASS" start="2024-08-07T08:20:26.788120" elapsed="0.000574"/>
</kw>
<kw name="Set Variable" owner="BuiltIn">
<msg time="2024-08-07T08:20:26.789390" level="INFO">${name_title} = Mr</msg>
<var>${name_title}</var>
<arg>${json_data["results"][0]["name"]["title"]}</arg>
<doc>Returns the given values which can then be assigned to a variables.</doc>
<status status="PASS" start="2024-08-07T08:20:26.789003" elapsed="0.000413"/>
</kw>
<kw name="Create List" owner="BuiltIn">
<msg time="2024-08-07T08:20:26.789868" level="INFO">${allowed_titles} = ['Mr', 'Ms', 'Miss', 'Mrs', 'Madame', 'Monsieur']</msg>
<var>${allowed_titles}</var>
<arg>Mr</arg>
<arg>Ms</arg>
<arg>Miss</arg>
<arg>Mrs</arg>
<arg>Madame</arg>
<arg>Monsieur</arg>
<doc>Returns a list containing given items.</doc>
<status status="PASS" start="2024-08-07T08:20:26.789716" elapsed="0.000177"/>
</kw>
<kw name="List Should Contain Value" owner="Collections">
<arg>${allowed_titles}</arg>
<arg>${name_title}</arg>
<doc>Fails if the ``value`` is not found from ``list``.</doc>
<status status="PASS" start="2024-08-07T08:20:26.790190" elapsed="0.000180"/>
</kw>
<kw name="Set Variable" owner="BuiltIn">
<msg time="2024-08-07T08:20:26.790942" level="INFO">${name_country} = CA</msg>
<var>${name_country}</var>
<arg>${json_data["results"][0]["nat"]}</arg>
<doc>Returns the given values which can then be assigned to a variables.</doc>
<status status="PASS" start="2024-08-07T08:20:26.790557" elapsed="0.000410"/>
</kw>
<kw name="Create List" owner="BuiltIn">
<msg time="2024-08-07T08:20:26.791853" level="INFO">${list_country} = ['AD', 'AE', 'AF', 'AG', 'AI', 'AL', 'AM', 'AO', 'AQ', 'AR', 'AS', 'AT', 'AU', 'AW', 'AX', 'AZ', 'BA', 'BB', 'BD', 'BE', 'BF', 'BG', 'BH', 'BI', 'BJ', 'BL', 'BM', 'BN', 'BO', 'BQ', 'BR', 'BS', 'BT', '...</msg>
<var>${list_country}</var>
<arg>AD</arg>
<arg>AE</arg>
<arg>AF</arg>
<arg>AG</arg>
<arg>AI</arg>
<arg>AL</arg>
<arg>AM</arg>
<arg>AO</arg>
<arg>AQ</arg>
<arg>AR</arg>
<arg>AS</arg>
<arg>AT</arg>
<arg>AU</arg>
<arg>AW</arg>
<arg>AX</arg>
<arg>AZ</arg>
<arg>BA</arg>
<arg>BB</arg>
<arg>BD</arg>
<arg>BE</arg>
<arg>BF</arg>
<arg>BG</arg>
<arg>BH</arg>
<arg>BI</arg>
<arg>BJ</arg>
<arg>BL</arg>
<arg>BM</arg>
<arg>BN</arg>
<arg>BO</arg>
<arg>BQ</arg>
<arg>BR</arg>
<arg>BS</arg>
<arg>BT</arg>
<arg>BV</arg>
<arg>BW</arg>
<arg>BY</arg>
<arg>BZ</arg>
<arg>CA</arg>
<arg>CC</arg>
<arg>CD</arg>
<arg>CF</arg>
<arg>CG</arg>
<arg>CH</arg>
<arg>CI</arg>
<arg>CK</arg>
<arg>CL</arg>
<arg>CM</arg>
<arg>CN</arg>
<arg>CO</arg>
<arg>CR</arg>
<arg>CU</arg>
<arg>CV</arg>
<arg>CW</arg>
<arg>CX</arg>
<arg>CY</arg>
<arg>CZ</arg>
<arg>DE</arg>
<arg>DJ</arg>
<arg>DK</arg>
<arg>DM</arg>
<arg>DO</arg>
<arg>DZ</arg>
<arg>EC</arg>
<arg>EE</arg>
<arg>EG</arg>
<arg>EH</arg>
<arg>ER</arg>
<arg>ES</arg>
<arg>ET</arg>
<arg>FI</arg>
<arg>FJ</arg>
<arg>FK</arg>
<arg>FM</arg>
<arg>FO</arg>
<arg>FR</arg>
<arg>GA</arg>
<arg>GB</arg>
<arg>GD</arg>
<arg>GE</arg>
<arg>GF</arg>
<arg>GG</arg>
<arg>GH</arg>
<arg>GI</arg>
<arg>GL</arg>
<arg>GM</arg>
<arg>GN</arg>
<arg>GP</arg>
<arg>GQ</arg>
<arg>GR</arg>
<arg>GS</arg>
<arg>GT</arg>
<arg>GU</arg>
<arg>GW</arg>
<arg>GY</arg>
<arg>HK</arg>
<arg>HM</arg>
<arg>HN</arg>
<arg>HR</arg>
<arg>HT</arg>
<arg>HU</arg>
<arg>ID</arg>
<arg>IE</arg>
<arg>IL</arg>
<arg>IM</arg>
<arg>IN</arg>
<arg>IO</arg>
<arg>IQ</arg>
<arg>IR</arg>
<arg>IS</arg>
<arg>IT</arg>
<arg>JE</arg>
<arg>JM</arg>
<arg>JO</arg>
<arg>JP</arg>
<arg>KE</arg>
<arg>KG</arg>
<arg>KH</arg>
<arg>KI</arg>
<arg>KM</arg>
<arg>KN</arg>
<arg>KP</arg>
<arg>KR</arg>
<arg>KW</arg>
<arg>KY</arg>
<arg>KZ</arg>
<arg>LA</arg>
<arg>LB</arg>
<arg>LC</arg>
<arg>LI</arg>
<arg>LK</arg>
<arg>LR</arg>
<arg>LS</arg>
<arg>LT</arg>
<arg>LU</arg>
<arg>LV</arg>
<arg>LY</arg>
<arg>MA</arg>
<arg>MC</arg>
<arg>MD</arg>
<arg>ME</arg>
<arg>MF</arg>
<arg>MG</arg>
<arg>MH</arg>
<arg>MK</arg>
<arg>ML</arg>
<arg>MM</arg>
<arg>MN</arg>
<arg>MO</arg>
<arg>MP</arg>
<arg>MQ</arg>
<arg>MR</arg>
<arg>MS</arg>
<arg>MT</arg>
<arg>MU</arg>
<arg>MV</arg>
<arg>MW</arg>
<arg>MX</arg>
<arg>MY</arg>
<arg>MZ</arg>
<arg>NA</arg>
<arg>NC</arg>
<arg>NE</arg>
<arg>NF</arg>
<arg>NG</arg>
<arg>NI</arg>
<arg>NL</arg>
<arg>NO</arg>
<arg>NP</arg>
<arg>NR</arg>
<arg>NU</arg>
<arg>NZ</arg>
<arg>OM</arg>
<arg>PA</arg>
<arg>PE</arg>
<arg>PF</arg>
<arg>PG</arg>
<arg>PH</arg>
<arg>PK</arg>
<arg>PL</arg>
<arg>PM</arg>
<arg>PN</arg>
<arg>PR</arg>
<arg>PS</arg>
<arg>PT</arg>
<arg>PW</arg>
<arg>PY</arg>
<arg>QA</arg>
<arg>RE</arg>
<arg>RO</arg>
<arg>RS</arg>
<arg>RU</arg>
<arg>RW</arg>
<arg>SA</arg>
<arg>SB</arg>
<arg>SC</arg>
<arg>SD</arg>
<arg>SE</arg>
<arg>SG</arg>
<arg>SH</arg>
<arg>SI</arg>
<arg>SJ</arg>
<arg>SK</arg>
<arg>SL</arg>
<arg>SM</arg>
<arg>SN</arg>
<arg>SO</arg>
<arg>SR</arg>
<arg>SS</arg>
<arg>ST</arg>
<arg>SV</arg>
<arg>SX</arg>
<arg>SY</arg>
<arg>SZ</arg>
<arg>TC</arg>
<arg>TD</arg>
<arg>TF</arg>
<arg>TG</arg>
<arg>TH</arg>
<arg>TJ</arg>
<arg>TK</arg>
<arg>TL</arg>
<arg>TM</arg>
<arg>TN</arg>
<arg>TO</arg>
<arg>TR</arg>
<arg>TT</arg>
<arg>TV</arg>
<arg>TW</arg>
<arg>TZ</arg>
<arg>UA</arg>
<arg>UG</arg>
<arg>UM</arg>
<arg>US</arg>
<arg>UY</arg>
<arg>UZ</arg>
<arg>VA</arg>
<arg>VC</arg>
<arg>VE</arg>
<arg>VG</arg>
<arg>VI</arg>
<arg>VN</arg>
<arg>VU</arg>
<arg>WF</arg>
<arg>WS</arg>
<arg>XK</arg>
<arg>YE</arg>
<arg>YT</arg>
<arg>ZA</arg>
<arg>ZM</arg>
<arg>ZW</arg>
<doc>Returns a list containing given items.</doc>
<status status="PASS" start="2024-08-07T08:20:26.791259" elapsed="0.000621"/>
</kw>
<kw name="List Should Contain Value" owner="Collections">
<arg>${list_country}</arg>
<arg>${name_country}</arg>
<doc>Fails if the ``value`` is not found from ``list``.</doc>
<status status="PASS" start="2024-08-07T08:20:26.792887" elapsed="0.000213"/>
</kw>
<kw name="Run Keyword If" owner="BuiltIn">
<kw name="Should Be True" owner="BuiltIn">
<arg>${True}</arg>
<doc>Fails if the given condition is not true.</doc>
<status status="PASS" start="2024-08-07T08:20:26.794057" elapsed="0.000143"/>
</kw>
<arg>${json_data["results"][0]["location"]["coordinates"]["latitude"]} &gt;= -90 and ${json_data["results"][0]["location"]["coordinates"]["latitude"]} &lt;= 90</arg>
<arg>Should Be True</arg>
<arg>${True}</arg>
<doc>Runs the given keyword with the given arguments, if ``condition`` is true.</doc>
<status status="PASS" start="2024-08-07T08:20:26.793300" elapsed="0.001027"/>
</kw>
<kw name="Run Keyword If" owner="BuiltIn">
<kw name="Should Be True" owner="BuiltIn">
<arg>${True}</arg>
<doc>Fails if the given condition is not true.</doc>
<status status="PASS" start="2024-08-07T08:20:26.795200" elapsed="0.000137"/>
</kw>
<arg>${json_data["results"][0]["location"]["coordinates"]["longitude"]} &gt;= -180 and ${json_data["results"][0]["location"]["coordinates"]["longitude"]} &lt;= 180</arg>
<arg>Should Be True</arg>
<arg>${True}</arg>
<doc>Runs the given keyword with the given arguments, if ``condition`` is true.</doc>
<status status="PASS" start="2024-08-07T08:20:26.794508" elapsed="0.000952"/>
</kw>
<status status="PASS" start="2024-08-07T08:20:26.701394" elapsed="0.094199"/>
</kw>
<doc>Testa o conteúdo específico dos campos retornados pela API.</doc>
<tag>testeConteudo</tag>
<status status="PASS" start="2024-08-07T08:20:26.700748" elapsed="0.094998"/>
</test>
<status status="PASS" start="2024-08-07T08:20:25.460627" elapsed="1.337063"/>
</suite>
<status status="PASS" start="2024-08-07T08:20:25.446117" elapsed="1.356606"/>
</suite>
<statistics>
<total>
<stat pass="5" fail="0" skip="0">All Tests</stat>
</total>
<tag>
<stat pass="1" fail="0" skip="0">testeConteudo</stat>
<stat pass="1" fail="0" skip="0">testeEstruturaResposta</stat>
<stat pass="1" fail="0" skip="0">testeRequisicaoBasica</stat>
<stat pass="1" fail="0" skip="0">testeTiposDados</stat>
</tag>
<suite>
<stat pass="5" fail="0" skip="0" id="s1" name="Tests">Tests</stat>
<stat pass="5" fail="0" skip="0" id="s1-s1" name="Random-User-Test">Tests.Random-User-Test</stat>
</suite>
</statistics>
<errors>
</errors>
</robot>
