<?xml version="1.0" encoding="UTF-8"?>
<robot generator="Robot 7.0 (Python 3.12.3 on linux)" generated="2024-06-08T21:12:58.937722" rpa="false" schemaversion="5">
<suite id="s1" name="Tests" source="/home/runner/work/ApiRandomUser/ApiRandomUser/RamdonUser/tests">
<suite id="s1-s1" name="Random-User-Test" source="/home/runner/work/ApiRandomUser/ApiRandomUser/RamdonUser/tests/random-user-test.robot">
<test id="s1-s1-t1" name="Conectar" line="13">
<kw name="Conectar API" owner="random-user-service">
<kw name="Create Session" owner="RequestsLibrary">
<msg time="2024-06-08T21:12:59.321572" level="INFO">Creating Session using : alias=consultarAPI, url=https://randomuser.me/, headers={},                     cookies={}, auth=None, timeout=None, proxies=None, verify=False,                     debug=0 </msg>
<arg>consultarAPI</arg>
<arg>${URL}</arg>
<doc>Create Session: create a HTTP session to a server</doc>
<status status="PASS" start="2024-06-08T21:12:59.321361" elapsed="0.000394"/>
</kw>
<status status="PASS" start="2024-06-08T21:12:59.320263" elapsed="0.001859"/>
</kw>
<status status="PASS" start="2024-06-08T21:12:59.319699" elapsed="0.002617"/>
</test>
<test id="s1-s1-t2" name="Validar retorno 200 e JSON Válido" line="16">
<kw name="Teste de Requisicao Basica" owner="random-user-service">
<kw name="GET On Session" owner="RequestsLibrary">
<msg time="2024-06-08T21:12:59.405886" level="INFO">GET Request : url=https://randomuser.me/api 
 path_url=/api 
 headers={'User-Agent': 'python-requests/2.32.3', 'Accept-Encoding': 'gzip, deflate', 'Accept': '*/*', 'Connection': 'keep-alive'} 
 body=None 
 </msg>
<msg time="2024-06-08T21:12:59.406032" level="INFO">GET Response : url=https://randomuser.me/api 
 status=200, reason=OK 
 headers={'Date': 'Sat, 08 Jun 2024 21:12:59 GMT', 'Content-Type': 'application/json; charset=utf-8', 'Transfer-Encoding': 'chunked', 'Connection': 'keep-alive', 'X-Powered-By': 'Express', 'Access-Control-Allow-Origin': '*', 'Cache-Control': 'no-cache', 'ETag': 'W/"484-f6gcBU9JbP8/+Zb6rd642vJdUBU"', 'Vary': 'Accept-Encoding', 'Content-Encoding': 'gzip', 'CF-Cache-Status': 'DYNAMIC', 'Report-To': '{"endpoints":[{"url":"https:\\/\\/a.nel.cloudflare.com\\/report\\/v4?s=jEqqmfsPhDkaWAsjqja65Vc3pGAZMMPLjYJJVXQrgMrbTiZl%2FnFRYbiwRfwbOW1TWxNXypJpOtL9dE93F8XSqnYOK7hhQ%2BtfrFo3Xoy7eqijgjtB8eT6T8g0%2BE3nsHEA"}],"group":"cf-nel","max_age":604800}', 'NEL': '{"success_fraction":0,"report_to":"cf-nel","max_age":604800}', 'Server': 'cloudflare', 'CF-RAY': '890be21aecdf399a-IAD', 'alt-svc': 'h3=":443"; ma=86400'} 
 body={"results":[{"gender":"male","name":{"title":"Monsieur","first":"Andreas","last":"Lecomte"},"location":{"street":{"number":5446,"name":"Rue Abel-Hovelacque"},"city":"Bowil","state":"Zürich","country":"Switzerland","postcode":8890,"coordinates":{"latitude":"-62.9302","longitude":"-119.9740"},"timezone":{"offset":"+3:30","description":"Tehran"}},"email":"andreas.lecomte@example.com","login":{"uuid":"089851f2-6c34-48ec-8ca0-0ce9efb523da","username":"purplebear155","password":"ruby","salt":"zWopF4WY","md5":"703c19e8938057d98429733160d9b67c","sha1":"e205b4cd85300fa7c0db8e9cb804cb7d0fdb15dd","sha256":"b086c98922823c5c4200d9257bf5ce02bc0ee77d2e40c939b86d50f46ba0073e"},"dob":{"date":"1989-07-20T08:39:18.245Z","age":34},"registered":{"date":"2020-03-06T15:32:52.891Z","age":4},"phone":"079 731 18 66","cell":"076 593 40 02","id":{"name":"AVS","value":"756.7523.6446.23"},"picture":{"large":"https://randomuser.me/api/portraits/men/60.jpg","medium":"https://randomuser.me/api/portraits/med/men/60.jpg","thumbnail":"https://randomuser.me/api/portraits/thumb/men/60.jpg"},"nat":"CH"}],"info":{"seed":"0802c52ad457f5a1","results":1,"page":1,"version":"1.4"}} 
 </msg>
<msg time="2024-06-08T21:12:59.406115" level="INFO">/opt/hostedtoolcache/Python/3.12.3/x64/lib/python3.12/site-packages/urllib3/connectionpool.py:1103: InsecureRequestWarning: Unverified HTTPS request is being made to host 'randomuser.me'. Adding certificate verification is strongly advised. See: https://urllib3.readthedocs.io/en/latest/advanced-usage.html#tls-warnings
  warnings.warn(</msg>
<msg time="2024-06-08T21:12:59.406251" level="INFO">${response} = &lt;Response [200]&gt;</msg>
<var>${response}</var>
<arg>consultarAPI</arg>
<arg>/api</arg>
<doc>Sends a GET request on a previously created HTTP Session.</doc>
<status status="PASS" start="2024-06-08T21:12:59.324877" elapsed="0.081416"/>
</kw>
<kw name="Should Be Equal As Numbers" owner="BuiltIn">
<msg time="2024-06-08T21:12:59.407270" level="INFO">Argument types are:
&lt;class 'int'&gt;
&lt;class 'str'&gt;</msg>
<arg>${response.status_code}</arg>
<arg>200</arg>
<doc>Fails if objects are unequal after converting them to real numbers.</doc>
<status status="PASS" start="2024-06-08T21:12:59.406815" elapsed="0.000520"/>
</kw>
<kw name="Log" owner="BuiltIn">
<msg time="2024-06-08T21:12:59.408018" level="INFO">200</msg>
<arg>${response.status_code}</arg>
<doc>Logs the given message with the given level.</doc>
<status status="PASS" start="2024-06-08T21:12:59.407668" elapsed="0.000396"/>
</kw>
<kw name="Set Variable" owner="BuiltIn">
<msg time="2024-06-08T21:12:59.408820" level="INFO">${json_data} = {'results': [{'gender': 'male', 'name': {'title': 'Monsieur', 'first': 'Andreas', 'last': 'Lecomte'}, 'location': {'street': {'number': 5446, 'name': 'Rue Abel-Hovelacque'}, 'city': 'Bowil', 'state': ...</msg>
<var>${json_data}</var>
<arg>${response.json()}</arg>
<doc>Returns the given values which can then be assigned to a variables.</doc>
<status status="PASS" start="2024-06-08T21:12:59.408375" elapsed="0.000474"/>
</kw>
<kw name="Dictionary Should Contain Key" owner="Collections">
<msg time="2024-06-08T21:12:59.409401" level="INFO">False</msg>
<arg>${json_data}</arg>
<arg>results</arg>
<doc>Fails if ``key`` is not found from ``dictionary``.</doc>
<status status="PASS" start="2024-06-08T21:12:59.409207" elapsed="0.000411"/>
</kw>
<status status="PASS" start="2024-06-08T21:12:59.324636" elapsed="0.085255"/>
</kw>
<doc>Testa se a API responde corretamente e retorna um objeto JSON válido.</doc>
<tag>testeRequisicaoBasica</tag>
<status status="PASS" start="2024-06-08T21:12:59.324179" elapsed="0.085895"/>
</test>
<test id="s1-s1-t3" name="Validar estrutura de resposta" line="22">
<kw name="Teste de Estrutura de Resposta" owner="random-user-service">
<kw name="GET On Session" owner="RequestsLibrary">
<msg time="2024-06-08T21:12:59.489583" level="INFO">GET Request : url=https://randomuser.me/api 
 path_url=/api 
 headers={'User-Agent': 'python-requests/2.32.3', 'Accept-Encoding': 'gzip, deflate', 'Accept': '*/*', 'Connection': 'keep-alive'} 
 body=None 
 </msg>
<msg time="2024-06-08T21:12:59.489684" level="INFO">GET Response : url=https://randomuser.me/api 
 status=200, reason=OK 
 headers={'Date': 'Sat, 08 Jun 2024 21:12:59 GMT', 'Content-Type': 'application/json; charset=utf-8', 'Transfer-Encoding': 'chunked', 'Connection': 'keep-alive', 'X-Powered-By': 'Express', 'Access-Control-Allow-Origin': '*', 'Cache-Control': 'no-cache', 'ETag': 'W/"494-2madZR+jqDVWQR/tt0EOH6n8FvI"', 'Vary': 'Accept-Encoding', 'Content-Encoding': 'gzip', 'CF-Cache-Status': 'DYNAMIC', 'Report-To': '{"endpoints":[{"url":"https:\\/\\/a.nel.cloudflare.com\\/report\\/v4?s=eKizk8gW8HWnt4bYo2puQc31d0R2MBI6jlrAXDGZmnrcEHcLLKOlD9%2FKEwFcbmIYJVGFR9ikOxvT6YyKXHRip4Cu7m9cgJSkJV9Qly6cwOs44xhzRKa9iyTpSqr3jfsa"}],"group":"cf-nel","max_age":604800}', 'NEL': '{"success_fraction":0,"report_to":"cf-nel","max_age":604800}', 'Server': 'cloudflare', 'CF-RAY': '890be21b5d63399a-IAD', 'alt-svc': 'h3=":443"; ma=86400'} 
 body={"results":[{"gender":"female","name":{"title":"Ms","first":"Vicki","last":"Bell"},"location":{"street":{"number":6379,"name":"New Road"},"city":"Chester","state":"Cambridgeshire","country":"United Kingdom","postcode":"S7S 8UP","coordinates":{"latitude":"-5.7768","longitude":"97.7118"},"timezone":{"offset":"-1:00","description":"Azores, Cape Verde Islands"}},"email":"vicki.bell@example.com","login":{"uuid":"f0b6a731-e621-4be9-aff1-9480ece57f34","username":"bigmeercat350","password":"yyyyyyyy","salt":"zjhT5L57","md5":"80abb2ace1365fcf72230fc130937de1","sha1":"2459a95e589edce0d78dcf34ec9be1ac8ae15b7d","sha256":"37305a11d46456968f76b9c1da10c398713f60af858473b342e604bba5daf6da"},"dob":{"date":"1973-09-01T13:18:34.456Z","age":50},"registered":{"date":"2003-01-18T13:16:07.352Z","age":21},"phone":"015394 66941","cell":"07397 427094","id":{"name":"NINO","value":"RS 29 89 85 D"},"picture":{"large":"https://randomuser.me/api/portraits/women/90.jpg","medium":"https://randomuser.me/api/portraits/med/women/90.jpg","thumbnail":"https://randomuser.me/api/portraits/thumb/women/90.jpg"},"nat":"GB"}],"info":{"seed":"1bab4e210eaec433","results":1,"page":1,"version":"1.4"}} 
 </msg>
<msg time="2024-06-08T21:12:59.489819" level="INFO">/opt/hostedtoolcache/Python/3.12.3/x64/lib/python3.12/site-packages/urllib3/connectionpool.py:1103: InsecureRequestWarning: Unverified HTTPS request is being made to host 'randomuser.me'. Adding certificate verification is strongly advised. See: https://urllib3.readthedocs.io/en/latest/advanced-usage.html#tls-warnings
  warnings.warn(</msg>
<msg time="2024-06-08T21:12:59.489924" level="INFO">${response} = &lt;Response [200]&gt;</msg>
<var>${response}</var>
<arg>consultarAPI</arg>
<arg>/api</arg>
<doc>Sends a GET request on a previously created HTTP Session.</doc>
<status status="PASS" start="2024-06-08T21:12:59.412651" elapsed="0.077315"/>
</kw>
<kw name="Set Variable" owner="BuiltIn">
<msg time="2024-06-08T21:12:59.490945" level="INFO">${json_data} = {'results': [{'gender': 'female', 'name': {'title': 'Ms', 'first': 'Vicki', 'last': 'Bell'}, 'location': {'street': {'number': 6379, 'name': 'New Road'}, 'city': 'Chester', 'state': 'Cambridgeshire', ...</msg>
<var>${json_data}</var>
<arg>${response.json()}</arg>
<doc>Returns the given values which can then be assigned to a variables.</doc>
<status status="PASS" start="2024-06-08T21:12:59.490458" elapsed="0.000516"/>
</kw>
<kw name="Log" owner="BuiltIn">
<msg time="2024-06-08T21:12:59.491469" level="INFO">{'results': [{'gender': 'female', 'name': {'title': 'Ms', 'first': 'Vicki', 'last': 'Bell'}, 'location': {'street': {'number': 6379, 'name': 'New Road'}, 'city': 'Chester', 'state': 'Cambridgeshire', 'country': 'United Kingdom', 'postcode': 'S7S 8UP', 'coordinates': {'latitude': '-5.7768', 'longitude': '97.7118'}, 'timezone': {'offset': '-1:00', 'description': 'Azores, Cape Verde Islands'}}, 'email': 'vicki.bell@example.com', 'login': {'uuid': 'f0b6a731-e621-4be9-aff1-9480ece57f34', 'username': 'bigmeercat350', 'password': 'yyyyyyyy', 'salt': 'zjhT5L57', 'md5': '80abb2ace1365fcf72230fc130937de1', 'sha1': '2459a95e589edce0d78dcf34ec9be1ac8ae15b7d', 'sha256': '37305a11d46456968f76b9c1da10c398713f60af858473b342e604bba5daf6da'}, 'dob': {'date': '1973-09-01T13:18:34.456Z', 'age': 50}, 'registered': {'date': '2003-01-18T13:16:07.352Z', 'age': 21}, 'phone': '015394 66941', 'cell': '07397 427094', 'id': {'name': 'NINO', 'value': 'RS 29 89 85 D'}, 'picture': {'large': 'https://randomuser.me/api/portraits/women/90.jpg', 'medium': 'https://randomuser.me/api/portraits/med/women/90.jpg', 'thumbnail': 'https://randomuser.me/api/portraits/thumb/women/90.jpg'}, 'nat': 'GB'}], 'info': {'seed': '1bab4e210eaec433', 'results': 1, 'page': 1, 'version': '1.4'}}</msg>
<arg>${json_data}</arg>
<doc>Logs the given message with the given level.</doc>
<status status="PASS" start="2024-06-08T21:12:59.491310" elapsed="0.000206"/>
</kw>
<kw name="Dictionary Should Contain Key" owner="Collections">
<msg time="2024-06-08T21:12:59.491975" level="INFO">False</msg>
<arg>${json_data}</arg>
<arg>results</arg>
<doc>Fails if ``key`` is not found from ``dictionary``.</doc>
<status status="PASS" start="2024-06-08T21:12:59.491816" elapsed="0.000195"/>
</kw>
<kw name="Should Not Be Empty" owner="BuiltIn">
<msg time="2024-06-08T21:12:59.492436" level="INFO">Length is 2.</msg>
<arg>${json_data}</arg>
<doc>Verifies that the given item is not empty.</doc>
<status status="PASS" start="2024-06-08T21:12:59.492303" elapsed="0.000172"/>
</kw>
<kw name="Create List" owner="BuiltIn">
<msg time="2024-06-08T21:12:59.492937" level="INFO">${expected_keys} = ['gender', 'name', 'location', 'email', 'login']</msg>
<var>${expected_keys}</var>
<arg>gender</arg>
<arg>name</arg>
<arg>location</arg>
<arg>email</arg>
<arg>login</arg>
<doc>Returns a list containing given items.</doc>
<status status="PASS" start="2024-06-08T21:12:59.492765" elapsed="0.000198"/>
</kw>
<for flavor="IN">
<iter>
<kw name="Dictionary Should Contain Key" owner="Collections">
<msg time="2024-06-08T21:12:59.493957" level="INFO">False</msg>
<arg>${json_data['results'][0]}</arg>
<arg>${key}</arg>
<doc>Fails if ``key`` is not found from ``dictionary``.</doc>
<status status="PASS" start="2024-06-08T21:12:59.493559" elapsed="0.000442"/>
</kw>
<kw name="Log" owner="BuiltIn">
<msg time="2024-06-08T21:12:59.494659" level="INFO">{'gender': 'female', 'name': {'title': 'Ms', 'first': 'Vicki', 'last': 'Bell'}, 'location': {'street': {'number': 6379, 'name': 'New Road'}, 'city': 'Chester', 'state': 'Cambridgeshire', 'country': 'United Kingdom', 'postcode': 'S7S 8UP', 'coordinates': {'latitude': '-5.7768', 'longitude': '97.7118'}, 'timezone': {'offset': '-1:00', 'description': 'Azores, Cape Verde Islands'}}, 'email': 'vicki.bell@example.com', 'login': {'uuid': 'f0b6a731-e621-4be9-aff1-9480ece57f34', 'username': 'bigmeercat350', 'password': 'yyyyyyyy', 'salt': 'zjhT5L57', 'md5': '80abb2ace1365fcf72230fc130937de1', 'sha1': '2459a95e589edce0d78dcf34ec9be1ac8ae15b7d', 'sha256': '37305a11d46456968f76b9c1da10c398713f60af858473b342e604bba5daf6da'}, 'dob': {'date': '1973-09-01T13:18:34.456Z', 'age': 50}, 'registered': {'date': '2003-01-18T13:16:07.352Z', 'age': 21}, 'phone': '015394 66941', 'cell': '07397 427094', 'id': {'name': 'NINO', 'value': 'RS 29 89 85 D'}, 'picture': {'large': 'https://randomuser.me/api/portraits/women/90.jpg', 'medium': 'https://randomuser.me/api/portraits/med/women/90.jpg', 'thumbnail': 'https://randomuser.me/api/portraits/thumb/women/90.jpg'}, 'nat': 'GB'}</msg>
<arg>${json_data['results'][0]}</arg>
<doc>Logs the given message with the given level.</doc>
<status status="PASS" start="2024-06-08T21:12:59.494302" elapsed="0.000407"/>
</kw>
<kw name="Log" owner="BuiltIn">
<msg time="2024-06-08T21:12:59.495136" level="INFO">gender</msg>
<arg>${key}</arg>
<doc>Logs the given message with the given level.</doc>
<status status="PASS" start="2024-06-08T21:12:59.495008" elapsed="0.000166"/>
</kw>
<var name="${key}">gender</var>
<status status="PASS" start="2024-06-08T21:12:59.493432" elapsed="0.001954"/>
</iter>
<iter>
<kw name="Dictionary Should Contain Key" owner="Collections">
<msg time="2024-06-08T21:12:59.496071" level="INFO">False</msg>
<arg>${json_data['results'][0]}</arg>
<arg>${key}</arg>
<doc>Fails if ``key`` is not found from ``dictionary``.</doc>
<status status="PASS" start="2024-06-08T21:12:59.495687" elapsed="0.000422"/>
</kw>
<kw name="Log" owner="BuiltIn">
<msg time="2024-06-08T21:12:59.496801" level="INFO">{'gender': 'female', 'name': {'title': 'Ms', 'first': 'Vicki', 'last': 'Bell'}, 'location': {'street': {'number': 6379, 'name': 'New Road'}, 'city': 'Chester', 'state': 'Cambridgeshire', 'country': 'United Kingdom', 'postcode': 'S7S 8UP', 'coordinates': {'latitude': '-5.7768', 'longitude': '97.7118'}, 'timezone': {'offset': '-1:00', 'description': 'Azores, Cape Verde Islands'}}, 'email': 'vicki.bell@example.com', 'login': {'uuid': 'f0b6a731-e621-4be9-aff1-9480ece57f34', 'username': 'bigmeercat350', 'password': 'yyyyyyyy', 'salt': 'zjhT5L57', 'md5': '80abb2ace1365fcf72230fc130937de1', 'sha1': '2459a95e589edce0d78dcf34ec9be1ac8ae15b7d', 'sha256': '37305a11d46456968f76b9c1da10c398713f60af858473b342e604bba5daf6da'}, 'dob': {'date': '1973-09-01T13:18:34.456Z', 'age': 50}, 'registered': {'date': '2003-01-18T13:16:07.352Z', 'age': 21}, 'phone': '015394 66941', 'cell': '07397 427094', 'id': {'name': 'NINO', 'value': 'RS 29 89 85 D'}, 'picture': {'large': 'https://randomuser.me/api/portraits/women/90.jpg', 'medium': 'https://randomuser.me/api/portraits/med/women/90.jpg', 'thumbnail': 'https://randomuser.me/api/portraits/thumb/women/90.jpg'}, 'nat': 'GB'}</msg>
<arg>${json_data['results'][0]}</arg>
<doc>Logs the given message with the given level.</doc>
<status status="PASS" start="2024-06-08T21:12:59.496431" elapsed="0.000418"/>
</kw>
<kw name="Log" owner="BuiltIn">
<msg time="2024-06-08T21:12:59.497309" level="INFO">name</msg>
<arg>${key}</arg>
<doc>Logs the given message with the given level.</doc>
<status status="PASS" start="2024-06-08T21:12:59.497180" elapsed="0.000167"/>
</kw>
<var name="${key}">name</var>
<status status="PASS" start="2024-06-08T21:12:59.495572" elapsed="0.001995"/>
</iter>
<iter>
<kw name="Dictionary Should Contain Key" owner="Collections">
<msg time="2024-06-08T21:12:59.498232" level="INFO">False</msg>
<arg>${json_data['results'][0]}</arg>
<arg>${key}</arg>
<doc>Fails if ``key`` is not found from ``dictionary``.</doc>
<status status="PASS" start="2024-06-08T21:12:59.497860" elapsed="0.000409"/>
</kw>
<kw name="Log" owner="BuiltIn">
<msg time="2024-06-08T21:12:59.498930" level="INFO">{'gender': 'female', 'name': {'title': 'Ms', 'first': 'Vicki', 'last': 'Bell'}, 'location': {'street': {'number': 6379, 'name': 'New Road'}, 'city': 'Chester', 'state': 'Cambridgeshire', 'country': 'United Kingdom', 'postcode': 'S7S 8UP', 'coordinates': {'latitude': '-5.7768', 'longitude': '97.7118'}, 'timezone': {'offset': '-1:00', 'description': 'Azores, Cape Verde Islands'}}, 'email': 'vicki.bell@example.com', 'login': {'uuid': 'f0b6a731-e621-4be9-aff1-9480ece57f34', 'username': 'bigmeercat350', 'password': 'yyyyyyyy', 'salt': 'zjhT5L57', 'md5': '80abb2ace1365fcf72230fc130937de1', 'sha1': '2459a95e589edce0d78dcf34ec9be1ac8ae15b7d', 'sha256': '37305a11d46456968f76b9c1da10c398713f60af858473b342e604bba5daf6da'}, 'dob': {'date': '1973-09-01T13:18:34.456Z', 'age': 50}, 'registered': {'date': '2003-01-18T13:16:07.352Z', 'age': 21}, 'phone': '015394 66941', 'cell': '07397 427094', 'id': {'name': 'NINO', 'value': 'RS 29 89 85 D'}, 'picture': {'large': 'https://randomuser.me/api/portraits/women/90.jpg', 'medium': 'https://randomuser.me/api/portraits/med/women/90.jpg', 'thumbnail': 'https://randomuser.me/api/portraits/thumb/women/90.jpg'}, 'nat': 'GB'}</msg>
<arg>${json_data['results'][0]}</arg>
<doc>Logs the given message with the given level.</doc>
<status status="PASS" start="2024-06-08T21:12:59.498569" elapsed="0.000409"/>
</kw>
<kw name="Log" owner="BuiltIn">
<msg time="2024-06-08T21:12:59.499412" level="INFO">location</msg>
<arg>${key}</arg>
<doc>Logs the given message with the given level.</doc>
<status status="PASS" start="2024-06-08T21:12:59.499284" elapsed="0.000166"/>
</kw>
<var name="${key}">location</var>
<status status="PASS" start="2024-06-08T21:12:59.497745" elapsed="0.001919"/>
</iter>
<iter>
<kw name="Dictionary Should Contain Key" owner="Collections">
<msg time="2024-06-08T21:12:59.500431" level="INFO">False</msg>
<arg>${json_data['results'][0]}</arg>
<arg>${key}</arg>
<doc>Fails if ``key`` is not found from ``dictionary``.</doc>
<status status="PASS" start="2024-06-08T21:12:59.499948" elapsed="0.000522"/>
</kw>
<kw name="Log" owner="BuiltIn">
<msg time="2024-06-08T21:12:59.501147" level="INFO">{'gender': 'female', 'name': {'title': 'Ms', 'first': 'Vicki', 'last': 'Bell'}, 'location': {'street': {'number': 6379, 'name': 'New Road'}, 'city': 'Chester', 'state': 'Cambridgeshire', 'country': 'United Kingdom', 'postcode': 'S7S 8UP', 'coordinates': {'latitude': '-5.7768', 'longitude': '97.7118'}, 'timezone': {'offset': '-1:00', 'description': 'Azores, Cape Verde Islands'}}, 'email': 'vicki.bell@example.com', 'login': {'uuid': 'f0b6a731-e621-4be9-aff1-9480ece57f34', 'username': 'bigmeercat350', 'password': 'yyyyyyyy', 'salt': 'zjhT5L57', 'md5': '80abb2ace1365fcf72230fc130937de1', 'sha1': '2459a95e589edce0d78dcf34ec9be1ac8ae15b7d', 'sha256': '37305a11d46456968f76b9c1da10c398713f60af858473b342e604bba5daf6da'}, 'dob': {'date': '1973-09-01T13:18:34.456Z', 'age': 50}, 'registered': {'date': '2003-01-18T13:16:07.352Z', 'age': 21}, 'phone': '015394 66941', 'cell': '07397 427094', 'id': {'name': 'NINO', 'value': 'RS 29 89 85 D'}, 'picture': {'large': 'https://randomuser.me/api/portraits/women/90.jpg', 'medium': 'https://randomuser.me/api/portraits/med/women/90.jpg', 'thumbnail': 'https://randomuser.me/api/portraits/thumb/women/90.jpg'}, 'nat': 'GB'}</msg>
<arg>${json_data['results'][0]}</arg>
<doc>Logs the given message with the given level.</doc>
<status status="PASS" start="2024-06-08T21:12:59.500766" elapsed="0.000429"/>
</kw>
<kw name="Log" owner="BuiltIn">
<msg time="2024-06-08T21:12:59.501616" level="INFO">email</msg>
<arg>${key}</arg>
<doc>Logs the given message with the given level.</doc>
<status status="PASS" start="2024-06-08T21:12:59.501488" elapsed="0.000165"/>
</kw>
<var name="${key}">email</var>
<status status="PASS" start="2024-06-08T21:12:59.499837" elapsed="0.002037"/>
</iter>
<iter>
<kw name="Dictionary Should Contain Key" owner="Collections">
<msg time="2024-06-08T21:12:59.502537" level="INFO">False</msg>
<arg>${json_data['results'][0]}</arg>
<arg>${key}</arg>
<doc>Fails if ``key`` is not found from ``dictionary``.</doc>
<status status="PASS" start="2024-06-08T21:12:59.502158" elapsed="0.000416"/>
</kw>
<kw name="Log" owner="BuiltIn">
<msg time="2024-06-08T21:12:59.503228" level="INFO">{'gender': 'female', 'name': {'title': 'Ms', 'first': 'Vicki', 'last': 'Bell'}, 'location': {'street': {'number': 6379, 'name': 'New Road'}, 'city': 'Chester', 'state': 'Cambridgeshire', 'country': 'United Kingdom', 'postcode': 'S7S 8UP', 'coordinates': {'latitude': '-5.7768', 'longitude': '97.7118'}, 'timezone': {'offset': '-1:00', 'description': 'Azores, Cape Verde Islands'}}, 'email': 'vicki.bell@example.com', 'login': {'uuid': 'f0b6a731-e621-4be9-aff1-9480ece57f34', 'username': 'bigmeercat350', 'password': 'yyyyyyyy', 'salt': 'zjhT5L57', 'md5': '80abb2ace1365fcf72230fc130937de1', 'sha1': '2459a95e589edce0d78dcf34ec9be1ac8ae15b7d', 'sha256': '37305a11d46456968f76b9c1da10c398713f60af858473b342e604bba5daf6da'}, 'dob': {'date': '1973-09-01T13:18:34.456Z', 'age': 50}, 'registered': {'date': '2003-01-18T13:16:07.352Z', 'age': 21}, 'phone': '015394 66941', 'cell': '07397 427094', 'id': {'name': 'NINO', 'value': 'RS 29 89 85 D'}, 'picture': {'large': 'https://randomuser.me/api/portraits/women/90.jpg', 'medium': 'https://randomuser.me/api/portraits/med/women/90.jpg', 'thumbnail': 'https://randomuser.me/api/portraits/thumb/women/90.jpg'}, 'nat': 'GB'}</msg>
<arg>${json_data['results'][0]}</arg>
<doc>Logs the given message with the given level.</doc>
<status status="PASS" start="2024-06-08T21:12:59.502867" elapsed="0.000410"/>
</kw>
<kw name="Log" owner="BuiltIn">
<msg time="2024-06-08T21:12:59.503696" level="INFO">login</msg>
<arg>${key}</arg>
<doc>Logs the given message with the given level.</doc>
<status status="PASS" start="2024-06-08T21:12:59.503568" elapsed="0.000165"/>
</kw>
<var name="${key}">login</var>
<status status="PASS" start="2024-06-08T21:12:59.502047" elapsed="0.001923"/>
</iter>
<var>${key}</var>
<value>@{expected_keys}</value>
<status status="PASS" start="2024-06-08T21:12:59.493240" elapsed="0.010857"/>
</for>
<kw name="Create List" owner="BuiltIn">
<msg time="2024-06-08T21:12:59.504427" level="INFO">${expected_keysTwo} = ['username', 'password']</msg>
<var>${expected_keysTwo}</var>
<arg>username</arg>
<arg>password</arg>
<doc>Returns a list containing given items.</doc>
<status status="PASS" start="2024-06-08T21:12:59.504290" elapsed="0.000160"/>
</kw>
<for flavor="IN">
<iter>
<kw name="Dictionary Should Contain Key" owner="Collections">
<msg time="2024-06-08T21:12:59.505378" level="INFO">False</msg>
<arg>${json_data['results'][0]['login']}</arg>
<arg>${keyTwo}</arg>
<doc>Fails if ``key`` is not found from ``dictionary``.</doc>
<status status="PASS" start="2024-06-08T21:12:59.504992" elapsed="0.000423"/>
</kw>
<kw name="Dictionary Should Contain Key" owner="Collections">
<msg time="2024-06-08T21:12:59.506091" level="INFO">False</msg>
<arg>${json_data['results'][0]['login']}</arg>
<arg>${keyTwo}</arg>
<doc>Fails if ``key`` is not found from ``dictionary``.</doc>
<status status="PASS" start="2024-06-08T21:12:59.505717" elapsed="0.000410"/>
</kw>
<kw name="Log" owner="BuiltIn">
<msg time="2024-06-08T21:12:59.506542" level="INFO">username</msg>
<arg>${keyTwo}</arg>
<doc>Logs the given message with the given level.</doc>
<status status="PASS" start="2024-06-08T21:12:59.506415" elapsed="0.000164"/>
</kw>
<var name="${keyTwo}">username</var>
<status status="PASS" start="2024-06-08T21:12:59.504848" elapsed="0.001951"/>
</iter>
<iter>
<kw name="Dictionary Should Contain Key" owner="Collections">
<msg time="2024-06-08T21:12:59.507450" level="INFO">False</msg>
<arg>${json_data['results'][0]['login']}</arg>
<arg>${keyTwo}</arg>
<doc>Fails if ``key`` is not found from ``dictionary``.</doc>
<status status="PASS" start="2024-06-08T21:12:59.507078" elapsed="0.000409"/>
</kw>
<kw name="Dictionary Should Contain Key" owner="Collections">
<msg time="2024-06-08T21:12:59.508168" level="INFO">False</msg>
<arg>${json_data['results'][0]['login']}</arg>
<arg>${keyTwo}</arg>
<doc>Fails if ``key`` is not found from ``dictionary``.</doc>
<status status="PASS" start="2024-06-08T21:12:59.507790" elapsed="0.000415"/>
</kw>
<kw name="Log" owner="BuiltIn">
<msg time="2024-06-08T21:12:59.508629" level="INFO">password</msg>
<arg>${keyTwo}</arg>
<doc>Logs the given message with the given level.</doc>
<status status="PASS" start="2024-06-08T21:12:59.508505" elapsed="0.000160"/>
</kw>
<var name="${keyTwo}">password</var>
<status status="PASS" start="2024-06-08T21:12:59.506968" elapsed="0.001906"/>
</iter>
<var>${keyTwo}</var>
<value>@{expected_keysTwo}</value>
<status status="PASS" start="2024-06-08T21:12:59.504697" elapsed="0.004336"/>
</for>
<status status="PASS" start="2024-06-08T21:12:59.412412" elapsed="0.096763"/>
</kw>
<doc>Testa a estrutura da resposta da API.</doc>
<tag>testeEstruturaResposta</tag>
<status status="PASS" start="2024-06-08T21:12:59.411896" elapsed="0.097432"/>
</test>
<test id="s1-s1-t4" name="Validar tipos de dados" line="28">
<kw name="Teste de Tipos de Dados" owner="random-user-service">
<kw name="GET On Session" owner="RequestsLibrary">
<msg time="2024-06-08T21:12:59.589568" level="INFO">GET Request : url=https://randomuser.me/api 
 path_url=/api 
 headers={'User-Agent': 'python-requests/2.32.3', 'Accept-Encoding': 'gzip, deflate', 'Accept': '*/*', 'Connection': 'keep-alive'} 
 body=None 
 </msg>
<msg time="2024-06-08T21:12:59.589663" level="INFO">GET Response : url=https://randomuser.me/api 
 status=200, reason=OK 
 headers={'Date': 'Sat, 08 Jun 2024 21:12:59 GMT', 'Content-Type': 'application/json; charset=utf-8', 'Transfer-Encoding': 'chunked', 'Connection': 'keep-alive', 'X-Powered-By': 'Express', 'Access-Control-Allow-Origin': '*', 'Cache-Control': 'no-cache', 'ETag': 'W/"46e-Gdkj3johjN/XrQsoW9sJGXj5BH4"', 'Vary': 'Accept-Encoding', 'Content-Encoding': 'gzip', 'CF-Cache-Status': 'DYNAMIC', 'Report-To': '{"endpoints":[{"url":"https:\\/\\/a.nel.cloudflare.com\\/report\\/v4?s=erWBl80QfjobQ2qsVGvQkoN10WAB67KVCtb8vyi3Xy1GAWfA0HsV1QBXGzuRDll%2BxoMSQOM1VZOKq8irUc4s%2BzMjQ2SQMcq443lXedbpNMRYCbczPzA6fwaLyWt%2BRWbI"}],"group":"cf-nel","max_age":604800}', 'NEL': '{"success_fraction":0,"report_to":"cf-nel","max_age":604800}', 'Server': 'cloudflare', 'CF-RAY': '890be21bfe21399a-IAD', 'alt-svc': 'h3=":443"; ma=86400'} 
 body={"results":[{"gender":"female","name":{"title":"Mrs","first":"Gül","last":"Babaoğlu"},"location":{"street":{"number":689,"name":"Filistin Cd"},"city":"Samsun","state":"Şanlıurfa","country":"Turkey","postcode":74697,"coordinates":{"latitude":"65.7463","longitude":"99.1317"},"timezone":{"offset":"-2:00","description":"Mid-Atlantic"}},"email":"gul.babaoglu@example.com","login":{"uuid":"728619ac-bb78-478c-9c6b-89e21b64d2ea","username":"redleopard648","password":"glenn","salt":"QDHEGVKX","md5":"9dcb7678d1b4a9ffbc6ddc28c0d1c444","sha1":"6ab82f35e87631402344ec73eaf56043b664805c","sha256":"fa9d1b3a5fc7499d597bd9a616df5ff4c7cd6d0ff446834b5fdcf8539564fc7d"},"dob":{"date":"1996-05-20T12:07:58.308Z","age":28},"registered":{"date":"2005-01-20T01:04:39.040Z","age":19},"phone":"(742)-819-6013","cell":"(263)-630-6545","id":{"name":"","value":null},"picture":{"large":"https://randomuser.me/api/portraits/women/9.jpg","medium":"https://randomuser.me/api/portraits/med/women/9.jpg","thumbnail":"https://randomuser.me/api/portraits/thumb/women/9.jpg"},"nat":"TR"}],"info":{"seed":"cbada3635ef1e49d","results":1,"page":1,"version":"1.4"}} 
 </msg>
<msg time="2024-06-08T21:12:59.589743" level="INFO">/opt/hostedtoolcache/Python/3.12.3/x64/lib/python3.12/site-packages/urllib3/connectionpool.py:1103: InsecureRequestWarning: Unverified HTTPS request is being made to host 'randomuser.me'. Adding certificate verification is strongly advised. See: https://urllib3.readthedocs.io/en/latest/advanced-usage.html#tls-warnings
  warnings.warn(</msg>
<msg time="2024-06-08T21:12:59.589866" level="INFO">${response} = &lt;Response [200]&gt;</msg>
<var>${response}</var>
<arg>consultarAPI</arg>
<arg>/api</arg>
<doc>Sends a GET request on a previously created HTTP Session.</doc>
<status status="PASS" start="2024-06-08T21:12:59.511888" elapsed="0.078028"/>
</kw>
<kw name="Set Variable" owner="BuiltIn">
<msg time="2024-06-08T21:12:59.590957" level="INFO">${json_data} = {'results': [{'gender': 'female', 'name': {'title': 'Mrs', 'first': 'Gül', 'last': 'Babaoğlu'}, 'location': {'street': {'number': 689, 'name': 'Filistin Cd'}, 'city': 'Samsun', 'state': 'Şanlıurfa', '...</msg>
<var>${json_data}</var>
<arg>${response.json()}</arg>
<doc>Returns the given values which can then be assigned to a variables.</doc>
<status status="PASS" start="2024-06-08T21:12:59.590442" elapsed="0.000546"/>
</kw>
<kw name="Log" owner="BuiltIn">
<msg time="2024-06-08T21:12:59.591467" level="INFO">{'results': [{'gender': 'female', 'name': {'title': 'Mrs', 'first': 'Gül', 'last': 'Babaoğlu'}, 'location': {'street': {'number': 689, 'name': 'Filistin Cd'}, 'city': 'Samsun', 'state': 'Şanlıurfa', 'country': 'Turkey', 'postcode': 74697, 'coordinates': {'latitude': '65.7463', 'longitude': '99.1317'}, 'timezone': {'offset': '-2:00', 'description': 'Mid-Atlantic'}}, 'email': 'gul.babaoglu@example.com', 'login': {'uuid': '728619ac-bb78-478c-9c6b-89e21b64d2ea', 'username': 'redleopard648', 'password': 'glenn', 'salt': 'QDHEGVKX', 'md5': '9dcb7678d1b4a9ffbc6ddc28c0d1c444', 'sha1': '6ab82f35e87631402344ec73eaf56043b664805c', 'sha256': 'fa9d1b3a5fc7499d597bd9a616df5ff4c7cd6d0ff446834b5fdcf8539564fc7d'}, 'dob': {'date': '1996-05-20T12:07:58.308Z', 'age': 28}, 'registered': {'date': '2005-01-20T01:04:39.040Z', 'age': 19}, 'phone': '(742)-819-6013', 'cell': '(263)-630-6545', 'id': {'name': '', 'value': None}, 'picture': {'large': 'https://randomuser.me/api/portraits/women/9.jpg', 'medium': 'https://randomuser.me/api/portraits/med/women/9.jpg', 'thumbnail': 'https://randomuser.me/api/portraits/thumb/women/9.jpg'}, 'nat': 'TR'}], 'info': {'seed': 'cbada3635ef1e49d', 'results': 1, 'page': 1, 'version': '1.4'}}</msg>
<arg>${json_data}</arg>
<doc>Logs the given message with the given level.</doc>
<status status="PASS" start="2024-06-08T21:12:59.591305" elapsed="0.000252"/>
</kw>
<kw name="Should Be String" owner="String">
<arg>${json_data['results'][0]['gender']}</arg>
<doc>Fails if the given ``item`` is not a string.</doc>
<status status="PASS" start="2024-06-08T21:12:59.591858" elapsed="0.000367"/>
</kw>
<kw name="Should Match Regexp" owner="BuiltIn">
<arg>${json_data['results'][0]['email']}</arg>
<arg>^[a-zA-Z0-9._%+-]+@[a-zA-Z0-9.-]+\.[a-zA-Z]{2,}$</arg>
<doc>Fails if ``string`` does not match ``pattern`` as a regular expression.</doc>
<status status="PASS" start="2024-06-08T21:12:59.592416" elapsed="0.000684"/>
</kw>
<kw name="Should Match Regexp" owner="BuiltIn">
<arg>${json_data['results'][0]['dob']['date']}</arg>
<arg>\\d{4}-\\d{2}-\\d{2}T\\d{2}:\\d{2}:\\d{2}\\.\\d{3}Z</arg>
<doc>Fails if ``string`` does not match ``pattern`` as a regular expression.</doc>
<status status="PASS" start="2024-06-08T21:12:59.593301" elapsed="0.000482"/>
</kw>
<kw name="Should Match Regexp" owner="BuiltIn">
<arg>${json_data['results'][0]['registered']['date']}</arg>
<arg>\\d{4}-\\d{2}-\\d{2}T\\d{2}:\\d{2}:\\d{2}\\.\\d{3}Z</arg>
<doc>Fails if ``string`` does not match ``pattern`` as a regular expression.</doc>
<status status="PASS" start="2024-06-08T21:12:59.593977" elapsed="0.000362"/>
</kw>
<kw name="Should Match Regexp" owner="BuiltIn">
<arg>${json_data['results'][0]['picture']['large']}</arg>
<arg>^https?://.*\.(?:png|jpe?g|gif|bmp)$</arg>
<doc>Fails if ``string`` does not match ``pattern`` as a regular expression.</doc>
<status status="PASS" start="2024-06-08T21:12:59.594524" elapsed="0.000454"/>
</kw>
<kw name="Should Match Regexp" owner="BuiltIn">
<arg>${json_data['results'][0]['picture']['medium']}</arg>
<arg>^https?://.*\.(?:png|jpe?g|gif|bmp)$</arg>
<doc>Fails if ``string`` does not match ``pattern`` as a regular expression.</doc>
<status status="PASS" start="2024-06-08T21:12:59.595165" elapsed="0.000347"/>
</kw>
<kw name="Should Match Regexp" owner="BuiltIn">
<arg>${json_data['results'][0]['picture']['thumbnail']}</arg>
<arg>^https?://.*\.(?:png|jpe?g|gif|bmp)$</arg>
<doc>Fails if ``string`` does not match ``pattern`` as a regular expression.</doc>
<status status="PASS" start="2024-06-08T21:12:59.595697" elapsed="0.000344"/>
</kw>
<kw name="Log" owner="BuiltIn">
<msg time="2024-06-08T21:12:59.596545" level="INFO">{'large': 'https://randomuser.me/api/portraits/women/9.jpg', 'medium': 'https://randomuser.me/api/portraits/med/women/9.jpg', 'thumbnail': 'https://randomuser.me/api/portraits/thumb/women/9.jpg'}</msg>
<arg>${json_data['results'][0]['picture']}</arg>
<doc>Logs the given message with the given level.</doc>
<status status="PASS" start="2024-06-08T21:12:59.596221" elapsed="0.000366"/>
</kw>
<status status="PASS" start="2024-06-08T21:12:59.511655" elapsed="0.085189"/>
</kw>
<kw name="Teste de Tipos de Dados - Postcode" owner="random-user-service">
<kw name="GET On Session" owner="RequestsLibrary">
<msg time="2024-06-08T21:12:59.689615" level="INFO">GET Request : url=https://randomuser.me/api 
 path_url=/api 
 headers={'User-Agent': 'python-requests/2.32.3', 'Accept-Encoding': 'gzip, deflate', 'Accept': '*/*', 'Connection': 'keep-alive'} 
 body=None 
 </msg>
<msg time="2024-06-08T21:12:59.689728" level="INFO">GET Response : url=https://randomuser.me/api 
 status=200, reason=OK 
 headers={'Date': 'Sat, 08 Jun 2024 21:12:59 GMT', 'Content-Type': 'application/json; charset=utf-8', 'Transfer-Encoding': 'chunked', 'Connection': 'keep-alive', 'X-Powered-By': 'Express', 'Access-Control-Allow-Origin': '*', 'Cache-Control': 'no-cache', 'ETag': 'W/"483-BUa9L/vunYlhiPokd3GDYLUsFdo"', 'Vary': 'Accept-Encoding', 'Content-Encoding': 'gzip', 'CF-Cache-Status': 'DYNAMIC', 'Report-To': '{"endpoints":[{"url":"https:\\/\\/a.nel.cloudflare.com\\/report\\/v4?s=N4FNkr3FWEriKesa9bAeHsm1YYiUHTwjW1eArZkMAwLJyIm%2FIIdyQc6OgOchg5dX%2Fyxfs2rIRGQqAl5KpoFWAZmrMTrb7gRWJQenyGRun1QKQTBv1C%2BbImTUNh6v3Y4c"}],"group":"cf-nel","max_age":604800}', 'NEL': '{"success_fraction":0,"report_to":"cf-nel","max_age":604800}', 'Server': 'cloudflare', 'CF-RAY': '890be21c7ed3399a-IAD', 'alt-svc': 'h3=":443"; ma=86400'} 
 body={"results":[{"gender":"female","name":{"title":"Ms","first":"Aada","last":"Koskinen"},"location":{"street":{"number":9535,"name":"Myllypuronkatu"},"city":"Savitaipale","state":"Kymenlaakso","country":"Finland","postcode":80742,"coordinates":{"latitude":"-29.1466","longitude":"48.1509"},"timezone":{"offset":"-9:00","description":"Alaska"}},"email":"aada.koskinen@example.com","login":{"uuid":"05e1f7c3-c8eb-4519-9485-e4437f8a7221","username":"greenswan339","password":"lizzie","salt":"F4RvhJfq","md5":"102c7dee4a794f95a5999a6df8ce4804","sha1":"aa61611f8bb4cdfec17ba43775e52b8c18a4698c","sha256":"af116e5310dd5c1eeb5deae38abd29e2245dc13e85f4d34f6bdb778aacd1098f"},"dob":{"date":"1961-02-10T00:09:47.777Z","age":63},"registered":{"date":"2006-07-04T19:13:59.720Z","age":17},"phone":"09-564-110","cell":"044-608-87-46","id":{"name":"HETU","value":"NaNNA996undefined"},"picture":{"large":"https://randomuser.me/api/portraits/women/43.jpg","medium":"https://randomuser.me/api/portraits/med/women/43.jpg","thumbnail":"https://randomuser.me/api/portraits/thumb/women/43.jpg"},"nat":"FI"}],"info":{"seed":"e9de398b5a463cb5","results":1,"page":1,"version":"1.4"}} 
 </msg>
<msg time="2024-06-08T21:12:59.689812" level="INFO">/opt/hostedtoolcache/Python/3.12.3/x64/lib/python3.12/site-packages/urllib3/connectionpool.py:1103: InsecureRequestWarning: Unverified HTTPS request is being made to host 'randomuser.me'. Adding certificate verification is strongly advised. See: https://urllib3.readthedocs.io/en/latest/advanced-usage.html#tls-warnings
  warnings.warn(</msg>
<msg time="2024-06-08T21:12:59.689962" level="INFO">${response} = &lt;Response [200]&gt;</msg>
<var>${response}</var>
<arg>consultarAPI</arg>
<arg>/api</arg>
<doc>Sends a GET request on a previously created HTTP Session.</doc>
<status status="PASS" start="2024-06-08T21:12:59.597318" elapsed="0.092694"/>
</kw>
<kw name="Set Variable" owner="BuiltIn">
<msg time="2024-06-08T21:12:59.691048" level="INFO">${json_data} = {'results': [{'gender': 'female', 'name': {'title': 'Ms', 'first': 'Aada', 'last': 'Koskinen'}, 'location': {'street': {'number': 9535, 'name': 'Myllypuronkatu'}, 'city': 'Savitaipale', 'state': 'Kyme...</msg>
<var>${json_data}</var>
<arg>${response.json()}</arg>
<doc>Returns the given values which can then be assigned to a variables.</doc>
<status status="PASS" start="2024-06-08T21:12:59.690544" elapsed="0.000531"/>
</kw>
<kw name="Log" owner="BuiltIn">
<msg time="2024-06-08T21:12:59.691539" level="INFO">{'results': [{'gender': 'female', 'name': {'title': 'Ms', 'first': 'Aada', 'last': 'Koskinen'}, 'location': {'street': {'number': 9535, 'name': 'Myllypuronkatu'}, 'city': 'Savitaipale', 'state': 'Kymenlaakso', 'country': 'Finland', 'postcode': 80742, 'coordinates': {'latitude': '-29.1466', 'longitude': '48.1509'}, 'timezone': {'offset': '-9:00', 'description': 'Alaska'}}, 'email': 'aada.koskinen@example.com', 'login': {'uuid': '05e1f7c3-c8eb-4519-9485-e4437f8a7221', 'username': 'greenswan339', 'password': 'lizzie', 'salt': 'F4RvhJfq', 'md5': '102c7dee4a794f95a5999a6df8ce4804', 'sha1': 'aa61611f8bb4cdfec17ba43775e52b8c18a4698c', 'sha256': 'af116e5310dd5c1eeb5deae38abd29e2245dc13e85f4d34f6bdb778aacd1098f'}, 'dob': {'date': '1961-02-10T00:09:47.777Z', 'age': 63}, 'registered': {'date': '2006-07-04T19:13:59.720Z', 'age': 17}, 'phone': '09-564-110', 'cell': '044-608-87-46', 'id': {'name': 'HETU', 'value': 'NaNNA996undefined'}, 'picture': {'large': 'https://randomuser.me/api/portraits/women/43.jpg', 'medium': 'https://randomuser.me/api/portraits/med/women/43.jpg', 'thumbnail': 'https://randomuser.me/api/portraits/thumb/women/43.jpg'}, 'nat': 'FI'}], 'info': {'seed': 'e9de398b5a463cb5', 'results': 1, 'page': 1, 'version': '1.4'}}</msg>
<arg>${json_data}</arg>
<doc>Logs the given message with the given level.</doc>
<status status="PASS" start="2024-06-08T21:12:59.691383" elapsed="0.000239"/>
</kw>
<kw name="Should Be Equal As Numbers" owner="BuiltIn">
<arg>${json_data['results'][0]['location']['postcode']}</arg>
<arg>${json_data['results'][0]['location']['postcode']}</arg>
<doc>Fails if objects are unequal after converting them to real numbers.</doc>
<status status="PASS" start="2024-06-08T21:12:59.691925" elapsed="0.000620"/>
</kw>
<kw name="Log" owner="BuiltIn">
<msg time="2024-06-08T21:12:59.693116" level="INFO">80742</msg>
<arg>${json_data['results'][0]['location']['postcode']}</arg>
<doc>Logs the given message with the given level.</doc>
<status status="PASS" start="2024-06-08T21:12:59.692737" elapsed="0.000421"/>
</kw>
<status status="PASS" start="2024-06-08T21:12:59.597092" elapsed="0.096321"/>
</kw>
<doc>Testa se os tipos de dados na resposta da API estão corretos.</doc>
<tag>testeTiposDados</tag>
<status status="PASS" start="2024-06-08T21:12:59.511094" elapsed="0.182490"/>
</test>
<test id="s1-s1-t5" name="Validar conteudo" line="35">
<kw name="Teste de Tipos de Conteudo" owner="random-user-service">
<kw name="GET On Session" owner="RequestsLibrary">
<msg time="2024-06-08T21:12:59.786385" level="INFO">GET Request : url=https://randomuser.me/api 
 path_url=/api 
 headers={'User-Agent': 'python-requests/2.32.3', 'Accept-Encoding': 'gzip, deflate', 'Accept': '*/*', 'Connection': 'keep-alive'} 
 body=None 
 </msg>
<msg time="2024-06-08T21:12:59.786461" level="INFO">GET Response : url=https://randomuser.me/api 
 status=200, reason=OK 
 headers={'Date': 'Sat, 08 Jun 2024 21:12:59 GMT', 'Content-Type': 'application/json; charset=utf-8', 'Transfer-Encoding': 'chunked', 'Connection': 'keep-alive', 'X-Powered-By': 'Express', 'Access-Control-Allow-Origin': '*', 'Cache-Control': 'no-cache', 'ETag': 'W/"493-lYLZdJJpE56NEMW5paMBhaNd63o"', 'Vary': 'Accept-Encoding', 'Content-Encoding': 'gzip', 'CF-Cache-Status': 'DYNAMIC', 'Report-To': '{"endpoints":[{"url":"https:\\/\\/a.nel.cloudflare.com\\/report\\/v4?s=olWKM%2BDpU9oqp01MFufEToOF%2B3p3gyNBHe4WNceISCSllmrxL37tTRcXJA7MtlFBlff5da0Sx5cFzNBCNfjkOONY0SbnmTyiVAOFWIf2fhzEpTOBCgm%2FECh%2Bsgn%2BKP%2Fu"}],"group":"cf-nel","max_age":604800}', 'NEL': '{"success_fraction":0,"report_to":"cf-nel","max_age":604800}', 'Server': 'cloudflare', 'CF-RAY': '890be21d1fa0399a-IAD', 'alt-svc': 'h3=":443"; ma=86400'} 
 body={"results":[{"gender":"male","name":{"title":"Mr","first":"Ryan","last":"Bailey"},"location":{"street":{"number":1218,"name":"Prospect Rd"},"city":"Stanley","state":"Maryland","country":"United States","postcode":77624,"coordinates":{"latitude":"88.3952","longitude":"-43.3908"},"timezone":{"offset":"+5:30","description":"Bombay, Calcutta, Madras, New Delhi"}},"email":"ryan.bailey@example.com","login":{"uuid":"d0b1ad6c-2ad8-4082-81db-c8c646610fd4","username":"ticklishpanda831","password":"andyod22","salt":"iO1HcGkd","md5":"635f0d69508f601a0d0e3e995ad7a4d1","sha1":"42b4dbd110e2eb94d28019a5b874a2a577400ee3","sha256":"120f1125a86776087faefa31cdbb09f43e62bbf0374481158572674adfed910c"},"dob":{"date":"1975-05-12T01:17:15.315Z","age":49},"registered":{"date":"2017-08-05T16:26:38.415Z","age":6},"phone":"(444) 209-8201","cell":"(297) 971-1856","id":{"name":"SSN","value":"554-65-0943"},"picture":{"large":"https://randomuser.me/api/portraits/men/39.jpg","medium":"https://randomuser.me/api/portraits/med/men/39.jpg","thumbnail":"https://randomuser.me/api/portraits/thumb/men/39.jpg"},"nat":"US"}],"info":{"seed":"c6e4ccd1e6329137","results":1,"page":1,"version":"1.4"}} 
 </msg>
<msg time="2024-06-08T21:12:59.786522" level="INFO">/opt/hostedtoolcache/Python/3.12.3/x64/lib/python3.12/site-packages/urllib3/connectionpool.py:1103: InsecureRequestWarning: Unverified HTTPS request is being made to host 'randomuser.me'. Adding certificate verification is strongly advised. See: https://urllib3.readthedocs.io/en/latest/advanced-usage.html#tls-warnings
  warnings.warn(</msg>
<msg time="2024-06-08T21:12:59.786618" level="INFO">${response} = &lt;Response [200]&gt;</msg>
<var>${response}</var>
<arg>consultarAPI</arg>
<arg>/api</arg>
<doc>Sends a GET request on a previously created HTTP Session.</doc>
<status status="PASS" start="2024-06-08T21:12:59.696411" elapsed="0.090238"/>
</kw>
<kw name="Set Variable" owner="BuiltIn">
<msg time="2024-06-08T21:12:59.787560" level="INFO">${json_data} = {'results': [{'gender': 'male', 'name': {'title': 'Mr', 'first': 'Ryan', 'last': 'Bailey'}, 'location': {'street': {'number': 1218, 'name': 'Prospect Rd'}, 'city': 'Stanley', 'state': 'Maryland', 'cou...</msg>
<var>${json_data}</var>
<arg>${response.json()}</arg>
<doc>Returns the given values which can then be assigned to a variables.</doc>
<status status="PASS" start="2024-06-08T21:12:59.787083" elapsed="0.000507"/>
</kw>
<kw name="Set Variable" owner="BuiltIn">
<msg time="2024-06-08T21:12:59.788282" level="INFO">${name_title} = Mr</msg>
<var>${name_title}</var>
<arg>${json_data["results"][0]["name"]["title"]}</arg>
<doc>Returns the given values which can then be assigned to a variables.</doc>
<status status="PASS" start="2024-06-08T21:12:59.787904" elapsed="0.000403"/>
</kw>
<kw name="Create List" owner="BuiltIn">
<msg time="2024-06-08T21:12:59.788753" level="INFO">${allowed_titles} = ['Mr', 'Ms', 'Miss', 'Mrs', 'Madame', 'Monsieur']</msg>
<var>${allowed_titles}</var>
<arg>Mr</arg>
<arg>Ms</arg>
<arg>Miss</arg>
<arg>Mrs</arg>
<arg>Madame</arg>
<arg>Monsieur</arg>
<doc>Returns a list containing given items.</doc>
<status status="PASS" start="2024-06-08T21:12:59.788604" elapsed="0.000173"/>
</kw>
<kw name="List Should Contain Value" owner="Collections">
<msg time="2024-06-08T21:12:59.789285" level="INFO">False</msg>
<arg>${allowed_titles}</arg>
<arg>${name_title}</arg>
<doc>Fails if the ``value`` is not found from ``list``.</doc>
<status status="PASS" start="2024-06-08T21:12:59.789110" elapsed="0.000212"/>
</kw>
<kw name="Set Variable" owner="BuiltIn">
<msg time="2024-06-08T21:12:59.790153" level="INFO">${name_country} = US</msg>
<var>${name_country}</var>
<arg>${json_data["results"][0]["nat"]}</arg>
<doc>Returns the given values which can then be assigned to a variables.</doc>
<status status="PASS" start="2024-06-08T21:12:59.789615" elapsed="0.000563"/>
</kw>
<kw name="Create List" owner="BuiltIn">
<msg time="2024-06-08T21:12:59.791090" level="INFO">${list_country} = ['AD', 'AE', 'AF', 'AG', 'AI', 'AL', 'AM', 'AO', 'AQ', 'AR', 'AS', 'AT', 'AU', 'AW', 'AX', 'AZ', 'BA', 'BB', 'BD', 'BE', 'BF', 'BG', 'BH', 'BI', 'BJ', 'BL', 'BM', 'BN', 'BO', 'BQ', 'BR', 'BS', 'BT', '...</msg>
<var>${list_country}</var>
<arg>AD</arg>
<arg>AE</arg>
<arg>AF</arg>
<arg>AG</arg>
<arg>AI</arg>
<arg>AL</arg>
<arg>AM</arg>
<arg>AO</arg>
<arg>AQ</arg>
<arg>AR</arg>
<arg>AS</arg>
<arg>AT</arg>
<arg>AU</arg>
<arg>AW</arg>
<arg>AX</arg>
<arg>AZ</arg>
<arg>BA</arg>
<arg>BB</arg>
<arg>BD</arg>
<arg>BE</arg>
<arg>BF</arg>
<arg>BG</arg>
<arg>BH</arg>
<arg>BI</arg>
<arg>BJ</arg>
<arg>BL</arg>
<arg>BM</arg>
<arg>BN</arg>
<arg>BO</arg>
<arg>BQ</arg>
<arg>BR</arg>
<arg>BS</arg>
<arg>BT</arg>
<arg>BV</arg>
<arg>BW</arg>
<arg>BY</arg>
<arg>BZ</arg>
<arg>CA</arg>
<arg>CC</arg>
<arg>CD</arg>
<arg>CF</arg>
<arg>CG</arg>
<arg>CH</arg>
<arg>CI</arg>
<arg>CK</arg>
<arg>CL</arg>
<arg>CM</arg>
<arg>CN</arg>
<arg>CO</arg>
<arg>CR</arg>
<arg>CU</arg>
<arg>CV</arg>
<arg>CW</arg>
<arg>CX</arg>
<arg>CY</arg>
<arg>CZ</arg>
<arg>DE</arg>
<arg>DJ</arg>
<arg>DK</arg>
<arg>DM</arg>
<arg>DO</arg>
<arg>DZ</arg>
<arg>EC</arg>
<arg>EE</arg>
<arg>EG</arg>
<arg>EH</arg>
<arg>ER</arg>
<arg>ES</arg>
<arg>ET</arg>
<arg>FI</arg>
<arg>FJ</arg>
<arg>FK</arg>
<arg>FM</arg>
<arg>FO</arg>
<arg>FR</arg>
<arg>GA</arg>
<arg>GB</arg>
<arg>GD</arg>
<arg>GE</arg>
<arg>GF</arg>
<arg>GG</arg>
<arg>GH</arg>
<arg>GI</arg>
<arg>GL</arg>
<arg>GM</arg>
<arg>GN</arg>
<arg>GP</arg>
<arg>GQ</arg>
<arg>GR</arg>
<arg>GS</arg>
<arg>GT</arg>
<arg>GU</arg>
<arg>GW</arg>
<arg>GY</arg>
<arg>HK</arg>
<arg>HM</arg>
<arg>HN</arg>
<arg>HR</arg>
<arg>HT</arg>
<arg>HU</arg>
<arg>ID</arg>
<arg>IE</arg>
<arg>IL</arg>
<arg>IM</arg>
<arg>IN</arg>
<arg>IO</arg>
<arg>IQ</arg>
<arg>IR</arg>
<arg>IS</arg>
<arg>IT</arg>
<arg>JE</arg>
<arg>JM</arg>
<arg>JO</arg>
<arg>JP</arg>
<arg>KE</arg>
<arg>KG</arg>
<arg>KH</arg>
<arg>KI</arg>
<arg>KM</arg>
<arg>KN</arg>
<arg>KP</arg>
<arg>KR</arg>
<arg>KW</arg>
<arg>KY</arg>
<arg>KZ</arg>
<arg>LA</arg>
<arg>LB</arg>
<arg>LC</arg>
<arg>LI</arg>
<arg>LK</arg>
<arg>LR</arg>
<arg>LS</arg>
<arg>LT</arg>
<arg>LU</arg>
<arg>LV</arg>
<arg>LY</arg>
<arg>MA</arg>
<arg>MC</arg>
<arg>MD</arg>
<arg>ME</arg>
<arg>MF</arg>
<arg>MG</arg>
<arg>MH</arg>
<arg>MK</arg>
<arg>ML</arg>
<arg>MM</arg>
<arg>MN</arg>
<arg>MO</arg>
<arg>MP</arg>
<arg>MQ</arg>
<arg>MR</arg>
<arg>MS</arg>
<arg>MT</arg>
<arg>MU</arg>
<arg>MV</arg>
<arg>MW</arg>
<arg>MX</arg>
<arg>MY</arg>
<arg>MZ</arg>
<arg>NA</arg>
<arg>NC</arg>
<arg>NE</arg>
<arg>NF</arg>
<arg>NG</arg>
<arg>NI</arg>
<arg>NL</arg>
<arg>NO</arg>
<arg>NP</arg>
<arg>NR</arg>
<arg>NU</arg>
<arg>NZ</arg>
<arg>OM</arg>
<arg>PA</arg>
<arg>PE</arg>
<arg>PF</arg>
<arg>PG</arg>
<arg>PH</arg>
<arg>PK</arg>
<arg>PL</arg>
<arg>PM</arg>
<arg>PN</arg>
<arg>PR</arg>
<arg>PS</arg>
<arg>PT</arg>
<arg>PW</arg>
<arg>PY</arg>
<arg>QA</arg>
<arg>RE</arg>
<arg>RO</arg>
<arg>RS</arg>
<arg>RU</arg>
<arg>RW</arg>
<arg>SA</arg>
<arg>SB</arg>
<arg>SC</arg>
<arg>SD</arg>
<arg>SE</arg>
<arg>SG</arg>
<arg>SH</arg>
<arg>SI</arg>
<arg>SJ</arg>
<arg>SK</arg>
<arg>SL</arg>
<arg>SM</arg>
<arg>SN</arg>
<arg>SO</arg>
<arg>SR</arg>
<arg>SS</arg>
<arg>ST</arg>
<arg>SV</arg>
<arg>SX</arg>
<arg>SY</arg>
<arg>SZ</arg>
<arg>TC</arg>
<arg>TD</arg>
<arg>TF</arg>
<arg>TG</arg>
<arg>TH</arg>
<arg>TJ</arg>
<arg>TK</arg>
<arg>TL</arg>
<arg>TM</arg>
<arg>TN</arg>
<arg>TO</arg>
<arg>TR</arg>
<arg>TT</arg>
<arg>TV</arg>
<arg>TW</arg>
<arg>TZ</arg>
<arg>UA</arg>
<arg>UG</arg>
<arg>UM</arg>
<arg>US</arg>
<arg>UY</arg>
<arg>UZ</arg>
<arg>VA</arg>
<arg>VC</arg>
<arg>VE</arg>
<arg>VG</arg>
<arg>VI</arg>
<arg>VN</arg>
<arg>VU</arg>
<arg>WF</arg>
<arg>WS</arg>
<arg>XK</arg>
<arg>YE</arg>
<arg>YT</arg>
<arg>ZA</arg>
<arg>ZM</arg>
<arg>ZW</arg>
<doc>Returns a list containing given items.</doc>
<status status="PASS" start="2024-06-08T21:12:59.790494" elapsed="0.000622"/>
</kw>
<kw name="List Should Contain Value" owner="Collections">
<msg time="2024-06-08T21:12:59.792096" level="INFO">False</msg>
<arg>${list_country}</arg>
<arg>${name_country}</arg>
<doc>Fails if the ``value`` is not found from ``list``.</doc>
<status status="PASS" start="2024-06-08T21:12:59.791893" elapsed="0.000238"/>
</kw>
<kw name="Run Keyword If" owner="BuiltIn">
<kw name="Should Be True" owner="BuiltIn">
<arg>${True}</arg>
<doc>Fails if the given condition is not true.</doc>
<status status="PASS" start="2024-06-08T21:12:59.793230" elapsed="0.000143"/>
</kw>
<arg>${json_data["results"][0]["location"]["coordinates"]["latitude"]} &gt;= -90 and ${json_data["results"][0]["location"]["coordinates"]["latitude"]} &lt;= 90</arg>
<arg>Should Be True</arg>
<arg>${True}</arg>
<doc>Runs the given keyword with the given arguments, if ``condition`` is true.</doc>
<status status="PASS" start="2024-06-08T21:12:59.792442" elapsed="0.001058"/>
</kw>
<kw name="Run Keyword If" owner="BuiltIn">
<kw name="Should Be True" owner="BuiltIn">
<arg>${True}</arg>
<doc>Fails if the given condition is not true.</doc>
<status status="PASS" start="2024-06-08T21:12:59.794377" elapsed="0.000137"/>
</kw>
<arg>${json_data["results"][0]["location"]["coordinates"]["longitude"]} &gt;= -180 and ${json_data["results"][0]["location"]["coordinates"]["longitude"]} &lt;= 180</arg>
<arg>Should Be True</arg>
<arg>${True}</arg>
<doc>Runs the given keyword with the given arguments, if ``condition`` is true.</doc>
<status status="PASS" start="2024-06-08T21:12:59.793689" elapsed="0.000947"/>
</kw>
<status status="PASS" start="2024-06-08T21:12:59.696032" elapsed="0.098731"/>
</kw>
<doc>Testa o conteúdo específico dos campos retornados pela API.</doc>
<tag>testeConteudo</tag>
<status status="PASS" start="2024-06-08T21:12:59.695360" elapsed="0.099548"/>
</test>
<status status="PASS" start="2024-06-08T21:12:58.994488" elapsed="0.802356"/>
</suite>
<status status="PASS" start="2024-06-08T21:12:58.981181" elapsed="0.820795"/>
</suite>
<statistics>
<total>
<stat pass="5" fail="0" skip="0">All Tests</stat>
</total>
<tag>
<stat pass="1" fail="0" skip="0">testeConteudo</stat>
<stat pass="1" fail="0" skip="0">testeEstruturaResposta</stat>
<stat pass="1" fail="0" skip="0">testeRequisicaoBasica</stat>
<stat pass="1" fail="0" skip="0">testeTiposDados</stat>
</tag>
<suite>
<stat pass="5" fail="0" skip="0" id="s1" name="Tests">Tests</stat>
<stat pass="5" fail="0" skip="0" id="s1-s1" name="Random-User-Test">Tests.Random-User-Test</stat>
</suite>
</statistics>
<errors>
</errors>
</robot>
