<?xml version="1.0" encoding="UTF-8"?>
<robot generator="Robot 7.0 (Python 3.12.2 on linux)" generated="2024-03-30T08:17:24.998383" rpa="false" schemaversion="5">
<suite id="s1" name="Tests" source="/home/runner/work/DesafioQAItauRogerioJordao/DesafioQAItauRogerioJordao/RamdonUser/tests">
<suite id="s1-s1" name="Random-User-Test" source="/home/runner/work/DesafioQAItauRogerioJordao/DesafioQAItauRogerioJordao/RamdonUser/tests/random-user-test.robot">
<test id="s1-s1-t1" name="Conectar" line="13">
<kw name="Conectar API" owner="random-user-service">
<kw name="Create Session" owner="RequestsLibrary">
<msg time="2024-03-30T08:17:25.423285" level="INFO">Creating Session using : alias=consultarAPI, url=https://randomuser.me/, headers={},                     cookies={}, auth=None, timeout=None, proxies=None, verify=False,                     debug=0 </msg>
<arg>consultarAPI</arg>
<arg>${URL}</arg>
<doc>Create Session: create a HTTP session to a server</doc>
<status status="PASS" start="2024-03-30T08:17:25.423062" elapsed="0.000416"/>
</kw>
<status status="PASS" start="2024-03-30T08:17:25.421939" elapsed="0.001921"/>
</kw>
<status status="PASS" start="2024-03-30T08:17:25.421293" elapsed="0.002774"/>
</test>
<test id="s1-s1-t2" name="Validar retorno 200 e JSON Válido" line="16">
<kw name="Teste de Requisicao Basica" owner="random-user-service">
<kw name="GET On Session" owner="RequestsLibrary">
<msg time="2024-03-30T08:17:25.827482" level="INFO">GET Request : url=https://randomuser.me/api 
 path_url=/api 
 headers={'User-Agent': 'python-requests/2.31.0', 'Accept-Encoding': 'gzip, deflate', 'Accept': '*/*', 'Connection': 'keep-alive'} 
 body=None 
 </msg>
<msg time="2024-03-30T08:17:25.827639" level="INFO">GET Response : url=https://randomuser.me/api 
 status=200, reason=OK 
 headers={'Date': 'Sat, 30 Mar 2024 08:17:25 GMT', 'Content-Type': 'application/json; charset=utf-8', 'Transfer-Encoding': 'chunked', 'Connection': 'keep-alive', 'X-Powered-By': 'Express', 'Access-Control-Allow-Origin': '*', 'Cache-Control': 'no-cache', 'ETag': 'W/"48b-FB2uKTaw5X138X+ZWxBXhZXeekc"', 'Vary': 'Accept-Encoding', 'Content-Encoding': 'gzip', 'CF-Cache-Status': 'DYNAMIC', 'Report-To': '{"endpoints":[{"url":"https:\\/\\/a.nel.cloudflare.com\\/report\\/v4?s=WyRdgJQTil6svqj3zv0jm7wlFW52BHSpNfs%2BTMabAshGvRbCzhmZ9t4itiwch5jeGYkIm3x4h9XblU7%2FBWZZhwvs%2Fd9RTRI0GmA28Fu%2Fody01tAdExcttJGLqRTN3Le9"}],"group":"cf-nel","max_age":604800}', 'NEL': '{"success_fraction":0,"report_to":"cf-nel","max_age":604800}', 'Server': 'cloudflare', 'CF-RAY': '86c6a9c6b81d9663-SJC', 'alt-svc': 'h3=":443"; ma=86400'} 
 body={"results":[{"gender":"male","name":{"title":"Mr","first":"Willi","last":"Leupold"},"location":{"street":{"number":1174,"name":"Birkenweg"},"city":"Waghäusel","state":"Niedersachsen","country":"Germany","postcode":83587,"coordinates":{"latitude":"-54.7149","longitude":"-15.0113"},"timezone":{"offset":"+6:00","description":"Almaty, Dhaka, Colombo"}},"email":"willi.leupold@example.com","login":{"uuid":"f8c12e8d-3c7f-4564-a258-61880db65659","username":"goldenleopard454","password":"briggs","salt":"oVC0xztz","md5":"a1cb73cf532ec98e11ec4a3255916bfc","sha1":"8eaf8010cd84a1798c5455b49953e1ffa8966fa8","sha256":"3809c0e571c8bd494a19b7b71725564f36de1b9c215febde6a7094fc6395415f"},"dob":{"date":"1949-07-05T20:56:48.088Z","age":74},"registered":{"date":"2012-10-31T18:22:04.689Z","age":11},"phone":"0087-3333613","cell":"0171-3006207","id":{"name":"SVNR","value":"03 050749 L 361"},"picture":{"large":"https://randomuser.me/api/portraits/men/53.jpg","medium":"https://randomuser.me/api/portraits/med/men/53.jpg","thumbnail":"https://randomuser.me/api/portraits/thumb/men/53.jpg"},"nat":"DE"}],"info":{"seed":"fd12ec7d8fb34fac","results":1,"page":1,"version":"1.4"}} 
 </msg>
<msg time="2024-03-30T08:17:25.827754" level="INFO">/opt/hostedtoolcache/Python/3.12.2/x64/lib/python3.12/site-packages/urllib3/connectionpool.py:1103: InsecureRequestWarning: Unverified HTTPS request is being made to host 'randomuser.me'. Adding certificate verification is strongly advised. See: https://urllib3.readthedocs.io/en/latest/advanced-usage.html#tls-warnings
  warnings.warn(</msg>
<msg time="2024-03-30T08:17:25.827918" level="INFO">${response} = &lt;Response [200]&gt;</msg>
<var>${response}</var>
<arg>consultarAPI</arg>
<arg>/api</arg>
<doc>Sends a GET request on a previously created HTTP Session.</doc>
<status status="PASS" start="2024-03-30T08:17:25.426738" elapsed="0.401236"/>
</kw>
<kw name="Should Be Equal As Numbers" owner="BuiltIn">
<msg time="2024-03-30T08:17:25.828997" level="INFO">Argument types are:
&lt;class 'int'&gt;
&lt;class 'str'&gt;</msg>
<arg>${response.status_code}</arg>
<arg>200</arg>
<doc>Fails if objects are unequal after converting them to real numbers.</doc>
<status status="PASS" start="2024-03-30T08:17:25.828535" elapsed="0.000530"/>
</kw>
<kw name="Log" owner="BuiltIn">
<msg time="2024-03-30T08:17:25.829765" level="INFO">200</msg>
<arg>${response.status_code}</arg>
<doc>Logs the given message with the given level.</doc>
<status status="PASS" start="2024-03-30T08:17:25.829392" elapsed="0.000416"/>
</kw>
<kw name="Set Variable" owner="BuiltIn">
<msg time="2024-03-30T08:17:25.830594" level="INFO">${json_data} = {'results': [{'gender': 'male', 'name': {'title': 'Mr', 'first': 'Willi', 'last': 'Leupold'}, 'location': {'street': {'number': 1174, 'name': 'Birkenweg'}, 'city': 'Waghäusel', 'state': 'Niedersachsen...</msg>
<var>${json_data}</var>
<arg>${response.json()}</arg>
<doc>Returns the given values which can then be assigned to a variables.</doc>
<status status="PASS" start="2024-03-30T08:17:25.830145" elapsed="0.000477"/>
</kw>
<kw name="Dictionary Should Contain Key" owner="Collections">
<msg time="2024-03-30T08:17:25.831142" level="INFO">False</msg>
<arg>${json_data}</arg>
<arg>results</arg>
<doc>Fails if ``key`` is not found from ``dictionary``.</doc>
<status status="PASS" start="2024-03-30T08:17:25.830929" elapsed="0.000255"/>
</kw>
<status status="PASS" start="2024-03-30T08:17:25.426485" elapsed="0.404979"/>
</kw>
<doc>Testa se a API responde corretamente e retorna um objeto JSON válido.</doc>
<tag>testeRequisicaoBasica</tag>
<status status="PASS" start="2024-03-30T08:17:25.425916" elapsed="0.405750"/>
</test>
<test id="s1-s1-t3" name="Validar estrutura de resposta" line="22">
<kw name="Teste de Estrutura de Resposta" owner="random-user-service">
<kw name="GET On Session" owner="RequestsLibrary">
<msg time="2024-03-30T08:17:25.930331" level="INFO">GET Request : url=https://randomuser.me/api 
 path_url=/api 
 headers={'User-Agent': 'python-requests/2.31.0', 'Accept-Encoding': 'gzip, deflate', 'Accept': '*/*', 'Connection': 'keep-alive'} 
 body=None 
 </msg>
<msg time="2024-03-30T08:17:25.930448" level="INFO">GET Response : url=https://randomuser.me/api 
 status=200, reason=OK 
 headers={'Date': 'Sat, 30 Mar 2024 08:17:25 GMT', 'Content-Type': 'application/json; charset=utf-8', 'Transfer-Encoding': 'chunked', 'Connection': 'keep-alive', 'X-Powered-By': 'Express', 'Access-Control-Allow-Origin': '*', 'Cache-Control': 'no-cache', 'ETag': 'W/"486-jv6DEAaGojzwd2WxHwDYGDDbRNw"', 'Vary': 'Accept-Encoding', 'Content-Encoding': 'gzip', 'CF-Cache-Status': 'DYNAMIC', 'Report-To': '{"endpoints":[{"url":"https:\\/\\/a.nel.cloudflare.com\\/report\\/v4?s=KwwujKcBFzlE4mxBGEd8sfR6awjpd1GaKP4QA1jr0hfQhk7c%2F1lWzZ632RMPU9kcZJBwSYxwmX8Mf856rnSoFuBeBJhyw5jO3WPLY%2BHo40k38b4dgEHbt0WFOxAEgawg"}],"group":"cf-nel","max_age":604800}', 'NEL': '{"success_fraction":0,"report_to":"cf-nel","max_age":604800}', 'Server': 'cloudflare', 'CF-RAY': '86c6a9c879939663-SJC', 'alt-svc': 'h3=":443"; ma=86400'} 
 body={"results":[{"gender":"male","name":{"title":"Mr","first":"Oğuzhan","last":"Aykaç"},"location":{"street":{"number":6881,"name":"Anafartalar Cd"},"city":"Eskişehir","state":"Ağrı","country":"Turkey","postcode":86746,"coordinates":{"latitude":"66.9220","longitude":"-10.4487"},"timezone":{"offset":"+5:30","description":"Bombay, Calcutta, Madras, New Delhi"}},"email":"oguzhan.aykac@example.com","login":{"uuid":"c2bb150d-5335-41a5-96e4-870f1b74209a","username":"tinyfrog553","password":"gorgeous","salt":"vppveQuJ","md5":"c9c8f46aa2bf55fe556350d8b2a164a9","sha1":"b10f5735eae34a9b0e65ac549d37e60603535014","sha256":"fbd0c4ae537d71f93fee1367fd717f0ea865b5db3b1f1e41c82812e4222ce359"},"dob":{"date":"1969-12-22T21:26:48.211Z","age":54},"registered":{"date":"2002-08-07T08:22:09.216Z","age":21},"phone":"(164)-310-5694","cell":"(754)-579-4386","id":{"name":"","value":null},"picture":{"large":"https://randomuser.me/api/portraits/men/93.jpg","medium":"https://randomuser.me/api/portraits/med/men/93.jpg","thumbnail":"https://randomuser.me/api/portraits/thumb/men/93.jpg"},"nat":"TR"}],"info":{"seed":"0c51ae700928b6bf","results":1,"page":1,"version":"1.4"}} 
 </msg>
<msg time="2024-03-30T08:17:25.930609" level="INFO">/opt/hostedtoolcache/Python/3.12.2/x64/lib/python3.12/site-packages/urllib3/connectionpool.py:1103: InsecureRequestWarning: Unverified HTTPS request is being made to host 'randomuser.me'. Adding certificate verification is strongly advised. See: https://urllib3.readthedocs.io/en/latest/advanced-usage.html#tls-warnings
  warnings.warn(</msg>
<msg time="2024-03-30T08:17:25.930760" level="INFO">${response} = &lt;Response [200]&gt;</msg>
<var>${response}</var>
<arg>consultarAPI</arg>
<arg>/api</arg>
<doc>Sends a GET request on a previously created HTTP Session.</doc>
<status status="PASS" start="2024-03-30T08:17:25.834461" elapsed="0.096342"/>
</kw>
<kw name="Set Variable" owner="BuiltIn">
<msg time="2024-03-30T08:17:25.931915" level="INFO">${json_data} = {'results': [{'gender': 'male', 'name': {'title': 'Mr', 'first': 'Oğuzhan', 'last': 'Aykaç'}, 'location': {'street': {'number': 6881, 'name': 'Anafartalar Cd'}, 'city': 'Eskişehir', 'state': 'Ağrı', '...</msg>
<var>${json_data}</var>
<arg>${response.json()}</arg>
<doc>Returns the given values which can then be assigned to a variables.</doc>
<status status="PASS" start="2024-03-30T08:17:25.931362" elapsed="0.000584"/>
</kw>
<kw name="Log" owner="BuiltIn">
<msg time="2024-03-30T08:17:25.932445" level="INFO">{'results': [{'gender': 'male', 'name': {'title': 'Mr', 'first': 'Oğuzhan', 'last': 'Aykaç'}, 'location': {'street': {'number': 6881, 'name': 'Anafartalar Cd'}, 'city': 'Eskişehir', 'state': 'Ağrı', 'country': 'Turkey', 'postcode': 86746, 'coordinates': {'latitude': '66.9220', 'longitude': '-10.4487'}, 'timezone': {'offset': '+5:30', 'description': 'Bombay, Calcutta, Madras, New Delhi'}}, 'email': 'oguzhan.aykac@example.com', 'login': {'uuid': 'c2bb150d-5335-41a5-96e4-870f1b74209a', 'username': 'tinyfrog553', 'password': 'gorgeous', 'salt': 'vppveQuJ', 'md5': 'c9c8f46aa2bf55fe556350d8b2a164a9', 'sha1': 'b10f5735eae34a9b0e65ac549d37e60603535014', 'sha256': 'fbd0c4ae537d71f93fee1367fd717f0ea865b5db3b1f1e41c82812e4222ce359'}, 'dob': {'date': '1969-12-22T21:26:48.211Z', 'age': 54}, 'registered': {'date': '2002-08-07T08:22:09.216Z', 'age': 21}, 'phone': '(164)-310-5694', 'cell': '(754)-579-4386', 'id': {'name': '', 'value': None}, 'picture': {'large': 'https://randomuser.me/api/portraits/men/93.jpg', 'medium': 'https://randomuser.me/api/portraits/med/men/93.jpg', 'thumbnail': 'https://randomuser.me/api/portraits/thumb/men/93.jpg'}, 'nat': 'TR'}], 'info': {'seed': '0c51ae700928b6bf', 'results': 1, 'page': 1, 'version': '1.4'}}</msg>
<arg>${json_data}</arg>
<doc>Logs the given message with the given level.</doc>
<status status="PASS" start="2024-03-30T08:17:25.932278" elapsed="0.000218"/>
</kw>
<kw name="Dictionary Should Contain Key" owner="Collections">
<msg time="2024-03-30T08:17:25.932953" level="INFO">False</msg>
<arg>${json_data}</arg>
<arg>results</arg>
<doc>Fails if ``key`` is not found from ``dictionary``.</doc>
<status status="PASS" start="2024-03-30T08:17:25.932797" elapsed="0.000192"/>
</kw>
<kw name="Should Not Be Empty" owner="BuiltIn">
<msg time="2024-03-30T08:17:25.933415" level="INFO">Length is 2.</msg>
<arg>${json_data}</arg>
<doc>Verifies that the given item is not empty.</doc>
<status status="PASS" start="2024-03-30T08:17:25.933283" elapsed="0.000171"/>
</kw>
<kw name="Create List" owner="BuiltIn">
<msg time="2024-03-30T08:17:25.933903" level="INFO">${expected_keys} = ['gender', 'name', 'location', 'email', 'login']</msg>
<var>${expected_keys}</var>
<arg>gender</arg>
<arg>name</arg>
<arg>location</arg>
<arg>email</arg>
<arg>login</arg>
<doc>Returns a list containing given items.</doc>
<status status="PASS" start="2024-03-30T08:17:25.933748" elapsed="0.000180"/>
</kw>
<for flavor="IN">
<iter>
<kw name="Dictionary Should Contain Key" owner="Collections">
<msg time="2024-03-30T08:17:25.934945" level="INFO">False</msg>
<arg>${json_data['results'][0]}</arg>
<arg>${key}</arg>
<doc>Fails if ``key`` is not found from ``dictionary``.</doc>
<status status="PASS" start="2024-03-30T08:17:25.934531" elapsed="0.000453"/>
</kw>
<kw name="Log" owner="BuiltIn">
<msg time="2024-03-30T08:17:25.935722" level="INFO">{'gender': 'male', 'name': {'title': 'Mr', 'first': 'Oğuzhan', 'last': 'Aykaç'}, 'location': {'street': {'number': 6881, 'name': 'Anafartalar Cd'}, 'city': 'Eskişehir', 'state': 'Ağrı', 'country': 'Turkey', 'postcode': 86746, 'coordinates': {'latitude': '66.9220', 'longitude': '-10.4487'}, 'timezone': {'offset': '+5:30', 'description': 'Bombay, Calcutta, Madras, New Delhi'}}, 'email': 'oguzhan.aykac@example.com', 'login': {'uuid': 'c2bb150d-5335-41a5-96e4-870f1b74209a', 'username': 'tinyfrog553', 'password': 'gorgeous', 'salt': 'vppveQuJ', 'md5': 'c9c8f46aa2bf55fe556350d8b2a164a9', 'sha1': 'b10f5735eae34a9b0e65ac549d37e60603535014', 'sha256': 'fbd0c4ae537d71f93fee1367fd717f0ea865b5db3b1f1e41c82812e4222ce359'}, 'dob': {'date': '1969-12-22T21:26:48.211Z', 'age': 54}, 'registered': {'date': '2002-08-07T08:22:09.216Z', 'age': 21}, 'phone': '(164)-310-5694', 'cell': '(754)-579-4386', 'id': {'name': '', 'value': None}, 'picture': {'large': 'https://randomuser.me/api/portraits/men/93.jpg', 'medium': 'https://randomuser.me/api/portraits/med/men/93.jpg', 'thumbnail': 'https://randomuser.me/api/portraits/thumb/men/93.jpg'}, 'nat': 'TR'}</msg>
<arg>${json_data['results'][0]}</arg>
<doc>Logs the given message with the given level.</doc>
<status status="PASS" start="2024-03-30T08:17:25.935345" elapsed="0.000435"/>
</kw>
<kw name="Log" owner="BuiltIn">
<msg time="2024-03-30T08:17:25.936223" level="INFO">gender</msg>
<arg>${key}</arg>
<doc>Logs the given message with the given level.</doc>
<status status="PASS" start="2024-03-30T08:17:25.936091" elapsed="0.000171"/>
</kw>
<var name="${key}">gender</var>
<status status="PASS" start="2024-03-30T08:17:25.934403" elapsed="0.002085"/>
</iter>
<iter>
<kw name="Dictionary Should Contain Key" owner="Collections">
<msg time="2024-03-30T08:17:25.937170" level="INFO">False</msg>
<arg>${json_data['results'][0]}</arg>
<arg>${key}</arg>
<doc>Fails if ``key`` is not found from ``dictionary``.</doc>
<status status="PASS" start="2024-03-30T08:17:25.936795" elapsed="0.000413"/>
</kw>
<kw name="Log" owner="BuiltIn">
<msg time="2024-03-30T08:17:25.937906" level="INFO">{'gender': 'male', 'name': {'title': 'Mr', 'first': 'Oğuzhan', 'last': 'Aykaç'}, 'location': {'street': {'number': 6881, 'name': 'Anafartalar Cd'}, 'city': 'Eskişehir', 'state': 'Ağrı', 'country': 'Turkey', 'postcode': 86746, 'coordinates': {'latitude': '66.9220', 'longitude': '-10.4487'}, 'timezone': {'offset': '+5:30', 'description': 'Bombay, Calcutta, Madras, New Delhi'}}, 'email': 'oguzhan.aykac@example.com', 'login': {'uuid': 'c2bb150d-5335-41a5-96e4-870f1b74209a', 'username': 'tinyfrog553', 'password': 'gorgeous', 'salt': 'vppveQuJ', 'md5': 'c9c8f46aa2bf55fe556350d8b2a164a9', 'sha1': 'b10f5735eae34a9b0e65ac549d37e60603535014', 'sha256': 'fbd0c4ae537d71f93fee1367fd717f0ea865b5db3b1f1e41c82812e4222ce359'}, 'dob': {'date': '1969-12-22T21:26:48.211Z', 'age': 54}, 'registered': {'date': '2002-08-07T08:22:09.216Z', 'age': 21}, 'phone': '(164)-310-5694', 'cell': '(754)-579-4386', 'id': {'name': '', 'value': None}, 'picture': {'large': 'https://randomuser.me/api/portraits/men/93.jpg', 'medium': 'https://randomuser.me/api/portraits/med/men/93.jpg', 'thumbnail': 'https://randomuser.me/api/portraits/thumb/men/93.jpg'}, 'nat': 'TR'}</msg>
<arg>${json_data['results'][0]}</arg>
<doc>Logs the given message with the given level.</doc>
<status status="PASS" start="2024-03-30T08:17:25.937541" elapsed="0.000416"/>
</kw>
<kw name="Log" owner="BuiltIn">
<msg time="2024-03-30T08:17:25.938391" level="INFO">name</msg>
<arg>${key}</arg>
<doc>Logs the given message with the given level.</doc>
<status status="PASS" start="2024-03-30T08:17:25.938262" elapsed="0.000167"/>
</kw>
<var name="${key}">name</var>
<status status="PASS" start="2024-03-30T08:17:25.936679" elapsed="0.001970"/>
</iter>
<iter>
<kw name="Dictionary Should Contain Key" owner="Collections">
<msg time="2024-03-30T08:17:25.939353" level="INFO">False</msg>
<arg>${json_data['results'][0]}</arg>
<arg>${key}</arg>
<doc>Fails if ``key`` is not found from ``dictionary``.</doc>
<status status="PASS" start="2024-03-30T08:17:25.938941" elapsed="0.000451"/>
</kw>
<kw name="Log" owner="BuiltIn">
<msg time="2024-03-30T08:17:25.940062" level="INFO">{'gender': 'male', 'name': {'title': 'Mr', 'first': 'Oğuzhan', 'last': 'Aykaç'}, 'location': {'street': {'number': 6881, 'name': 'Anafartalar Cd'}, 'city': 'Eskişehir', 'state': 'Ağrı', 'country': 'Turkey', 'postcode': 86746, 'coordinates': {'latitude': '66.9220', 'longitude': '-10.4487'}, 'timezone': {'offset': '+5:30', 'description': 'Bombay, Calcutta, Madras, New Delhi'}}, 'email': 'oguzhan.aykac@example.com', 'login': {'uuid': 'c2bb150d-5335-41a5-96e4-870f1b74209a', 'username': 'tinyfrog553', 'password': 'gorgeous', 'salt': 'vppveQuJ', 'md5': 'c9c8f46aa2bf55fe556350d8b2a164a9', 'sha1': 'b10f5735eae34a9b0e65ac549d37e60603535014', 'sha256': 'fbd0c4ae537d71f93fee1367fd717f0ea865b5db3b1f1e41c82812e4222ce359'}, 'dob': {'date': '1969-12-22T21:26:48.211Z', 'age': 54}, 'registered': {'date': '2002-08-07T08:22:09.216Z', 'age': 21}, 'phone': '(164)-310-5694', 'cell': '(754)-579-4386', 'id': {'name': '', 'value': None}, 'picture': {'large': 'https://randomuser.me/api/portraits/men/93.jpg', 'medium': 'https://randomuser.me/api/portraits/med/men/93.jpg', 'thumbnail': 'https://randomuser.me/api/portraits/thumb/men/93.jpg'}, 'nat': 'TR'}</msg>
<arg>${json_data['results'][0]}</arg>
<doc>Logs the given message with the given level.</doc>
<status status="PASS" start="2024-03-30T08:17:25.939695" elapsed="0.000422"/>
</kw>
<kw name="Log" owner="BuiltIn">
<msg time="2024-03-30T08:17:25.940545" level="INFO">location</msg>
<arg>${key}</arg>
<doc>Logs the given message with the given level.</doc>
<status status="PASS" start="2024-03-30T08:17:25.940416" elapsed="0.000177"/>
</kw>
<var name="${key}">location</var>
<status status="PASS" start="2024-03-30T08:17:25.938830" elapsed="0.001981"/>
</iter>
<iter>
<kw name="Dictionary Should Contain Key" owner="Collections">
<msg time="2024-03-30T08:17:25.941473" level="INFO">False</msg>
<arg>${json_data['results'][0]}</arg>
<arg>${key}</arg>
<doc>Fails if ``key`` is not found from ``dictionary``.</doc>
<status status="PASS" start="2024-03-30T08:17:25.941102" elapsed="0.000409"/>
</kw>
<kw name="Log" owner="BuiltIn">
<msg time="2024-03-30T08:17:25.942168" level="INFO">{'gender': 'male', 'name': {'title': 'Mr', 'first': 'Oğuzhan', 'last': 'Aykaç'}, 'location': {'street': {'number': 6881, 'name': 'Anafartalar Cd'}, 'city': 'Eskişehir', 'state': 'Ağrı', 'country': 'Turkey', 'postcode': 86746, 'coordinates': {'latitude': '66.9220', 'longitude': '-10.4487'}, 'timezone': {'offset': '+5:30', 'description': 'Bombay, Calcutta, Madras, New Delhi'}}, 'email': 'oguzhan.aykac@example.com', 'login': {'uuid': 'c2bb150d-5335-41a5-96e4-870f1b74209a', 'username': 'tinyfrog553', 'password': 'gorgeous', 'salt': 'vppveQuJ', 'md5': 'c9c8f46aa2bf55fe556350d8b2a164a9', 'sha1': 'b10f5735eae34a9b0e65ac549d37e60603535014', 'sha256': 'fbd0c4ae537d71f93fee1367fd717f0ea865b5db3b1f1e41c82812e4222ce359'}, 'dob': {'date': '1969-12-22T21:26:48.211Z', 'age': 54}, 'registered': {'date': '2002-08-07T08:22:09.216Z', 'age': 21}, 'phone': '(164)-310-5694', 'cell': '(754)-579-4386', 'id': {'name': '', 'value': None}, 'picture': {'large': 'https://randomuser.me/api/portraits/men/93.jpg', 'medium': 'https://randomuser.me/api/portraits/med/men/93.jpg', 'thumbnail': 'https://randomuser.me/api/portraits/thumb/men/93.jpg'}, 'nat': 'TR'}</msg>
<arg>${json_data['results'][0]}</arg>
<doc>Logs the given message with the given level.</doc>
<status status="PASS" start="2024-03-30T08:17:25.941810" elapsed="0.000409"/>
</kw>
<kw name="Log" owner="BuiltIn">
<msg time="2024-03-30T08:17:25.942686" level="INFO">email</msg>
<arg>${key}</arg>
<doc>Logs the given message with the given level.</doc>
<status status="PASS" start="2024-03-30T08:17:25.942556" elapsed="0.000167"/>
</kw>
<var name="${key}">email</var>
<status status="PASS" start="2024-03-30T08:17:25.940991" elapsed="0.001950"/>
</iter>
<iter>
<kw name="Dictionary Should Contain Key" owner="Collections">
<msg time="2024-03-30T08:17:25.943681" level="INFO">False</msg>
<arg>${json_data['results'][0]}</arg>
<arg>${key}</arg>
<doc>Fails if ``key`` is not found from ``dictionary``.</doc>
<status status="PASS" start="2024-03-30T08:17:25.943289" elapsed="0.000430"/>
</kw>
<kw name="Log" owner="BuiltIn">
<msg time="2024-03-30T08:17:25.944384" level="INFO">{'gender': 'male', 'name': {'title': 'Mr', 'first': 'Oğuzhan', 'last': 'Aykaç'}, 'location': {'street': {'number': 6881, 'name': 'Anafartalar Cd'}, 'city': 'Eskişehir', 'state': 'Ağrı', 'country': 'Turkey', 'postcode': 86746, 'coordinates': {'latitude': '66.9220', 'longitude': '-10.4487'}, 'timezone': {'offset': '+5:30', 'description': 'Bombay, Calcutta, Madras, New Delhi'}}, 'email': 'oguzhan.aykac@example.com', 'login': {'uuid': 'c2bb150d-5335-41a5-96e4-870f1b74209a', 'username': 'tinyfrog553', 'password': 'gorgeous', 'salt': 'vppveQuJ', 'md5': 'c9c8f46aa2bf55fe556350d8b2a164a9', 'sha1': 'b10f5735eae34a9b0e65ac549d37e60603535014', 'sha256': 'fbd0c4ae537d71f93fee1367fd717f0ea865b5db3b1f1e41c82812e4222ce359'}, 'dob': {'date': '1969-12-22T21:26:48.211Z', 'age': 54}, 'registered': {'date': '2002-08-07T08:22:09.216Z', 'age': 21}, 'phone': '(164)-310-5694', 'cell': '(754)-579-4386', 'id': {'name': '', 'value': None}, 'picture': {'large': 'https://randomuser.me/api/portraits/men/93.jpg', 'medium': 'https://randomuser.me/api/portraits/med/men/93.jpg', 'thumbnail': 'https://randomuser.me/api/portraits/thumb/men/93.jpg'}, 'nat': 'TR'}</msg>
<arg>${json_data['results'][0]}</arg>
<doc>Logs the given message with the given level.</doc>
<status status="PASS" start="2024-03-30T08:17:25.944017" elapsed="0.000417"/>
</kw>
<kw name="Log" owner="BuiltIn">
<msg time="2024-03-30T08:17:25.944865" level="INFO">login</msg>
<arg>${key}</arg>
<doc>Logs the given message with the given level.</doc>
<status status="PASS" start="2024-03-30T08:17:25.944733" elapsed="0.000280"/>
</kw>
<var name="${key}">login</var>
<status status="PASS" start="2024-03-30T08:17:25.943159" elapsed="0.002094"/>
</iter>
<var>${key}</var>
<value>@{expected_keys}</value>
<status status="PASS" start="2024-03-30T08:17:25.934200" elapsed="0.011209"/>
</for>
<kw name="Create List" owner="BuiltIn">
<msg time="2024-03-30T08:17:25.945758" level="INFO">${expected_keysTwo} = ['username', 'password']</msg>
<var>${expected_keysTwo}</var>
<arg>username</arg>
<arg>password</arg>
<doc>Returns a list containing given items.</doc>
<status status="PASS" start="2024-03-30T08:17:25.945618" elapsed="0.000164"/>
</kw>
<for flavor="IN">
<iter>
<kw name="Dictionary Should Contain Key" owner="Collections">
<msg time="2024-03-30T08:17:25.946680" level="INFO">False</msg>
<arg>${json_data['results'][0]['login']}</arg>
<arg>${keyTwo}</arg>
<doc>Fails if ``key`` is not found from ``dictionary``.</doc>
<status status="PASS" start="2024-03-30T08:17:25.946292" elapsed="0.000426"/>
</kw>
<kw name="Dictionary Should Contain Key" owner="Collections">
<msg time="2024-03-30T08:17:25.947437" level="INFO">False</msg>
<arg>${json_data['results'][0]['login']}</arg>
<arg>${keyTwo}</arg>
<doc>Fails if ``key`` is not found from ``dictionary``.</doc>
<status status="PASS" start="2024-03-30T08:17:25.947048" elapsed="0.000427"/>
</kw>
<kw name="Log" owner="BuiltIn">
<msg time="2024-03-30T08:17:25.947904" level="INFO">username</msg>
<arg>${keyTwo}</arg>
<doc>Logs the given message with the given level.</doc>
<status status="PASS" start="2024-03-30T08:17:25.947774" elapsed="0.000168"/>
</kw>
<var name="${keyTwo}">username</var>
<status status="PASS" start="2024-03-30T08:17:25.946179" elapsed="0.001981"/>
</iter>
<iter>
<kw name="Dictionary Should Contain Key" owner="Collections">
<msg time="2024-03-30T08:17:25.948819" level="INFO">False</msg>
<arg>${json_data['results'][0]['login']}</arg>
<arg>${keyTwo}</arg>
<doc>Fails if ``key`` is not found from ``dictionary``.</doc>
<status status="PASS" start="2024-03-30T08:17:25.948444" elapsed="0.000413"/>
</kw>
<kw name="Dictionary Should Contain Key" owner="Collections">
<msg time="2024-03-30T08:17:25.949538" level="INFO">False</msg>
<arg>${json_data['results'][0]['login']}</arg>
<arg>${keyTwo}</arg>
<doc>Fails if ``key`` is not found from ``dictionary``.</doc>
<status status="PASS" start="2024-03-30T08:17:25.949150" elapsed="0.000426"/>
</kw>
<kw name="Log" owner="BuiltIn">
<msg time="2024-03-30T08:17:25.950009" level="INFO">password</msg>
<arg>${keyTwo}</arg>
<doc>Logs the given message with the given level.</doc>
<status status="PASS" start="2024-03-30T08:17:25.949880" elapsed="0.000168"/>
</kw>
<var name="${keyTwo}">password</var>
<status status="PASS" start="2024-03-30T08:17:25.948333" elapsed="0.001934"/>
</iter>
<var>${keyTwo}</var>
<value>@{expected_keysTwo}</value>
<status status="PASS" start="2024-03-30T08:17:25.946023" elapsed="0.004367"/>
</for>
<status status="PASS" start="2024-03-30T08:17:25.834218" elapsed="0.116316"/>
</kw>
<doc>Testa a estrutura da resposta da API.</doc>
<tag>testeEstruturaResposta</tag>
<status status="PASS" start="2024-03-30T08:17:25.833525" elapsed="0.117178"/>
</test>
<test id="s1-s1-t4" name="Validar tipos de dados" line="28">
<kw name="Teste de Tipos de Dados" owner="random-user-service">
<kw name="GET On Session" owner="RequestsLibrary">
<msg time="2024-03-30T08:17:26.047883" level="INFO">GET Request : url=https://randomuser.me/api 
 path_url=/api 
 headers={'User-Agent': 'python-requests/2.31.0', 'Accept-Encoding': 'gzip, deflate', 'Accept': '*/*', 'Connection': 'keep-alive'} 
 body=None 
 </msg>
<msg time="2024-03-30T08:17:26.047984" level="INFO">GET Response : url=https://randomuser.me/api 
 status=200, reason=OK 
 headers={'Date': 'Sat, 30 Mar 2024 08:17:26 GMT', 'Content-Type': 'application/json; charset=utf-8', 'Transfer-Encoding': 'chunked', 'Connection': 'keep-alive', 'X-Powered-By': 'Express', 'Access-Control-Allow-Origin': '*', 'Cache-Control': 'no-cache', 'ETag': 'W/"4b7-neTUrJt4vloqNfvNceQmnhrxbIY"', 'Vary': 'Accept-Encoding', 'Content-Encoding': 'gzip', 'CF-Cache-Status': 'DYNAMIC', 'Report-To': '{"endpoints":[{"url":"https:\\/\\/a.nel.cloudflare.com\\/report\\/v4?s=azdEJpA9rmCHBq8lnsUgQcNnvpIXV73m%2FbJMPyV1B%2FfHYfPdLVy%2FTEte0fPymXeWOe8iJP8I%2Fu06fakup1ATFooWxa795FSU0ZO0HYj0qvOKj2jCoEAnv4IYTVcYltJD"}],"group":"cf-nel","max_age":604800}', 'NEL': '{"success_fraction":0,"report_to":"cf-nel","max_age":604800}', 'Server': 'cloudflare', 'CF-RAY': '86c6a9c94a219663-SJC', 'alt-svc': 'h3=":443"; ma=86400'} 
 body={"results":[{"gender":"female","name":{"title":"Mademoiselle","first":"Diane","last":"Leclerc"},"location":{"street":{"number":1528,"name":"Rue de la Charité"},"city":"Ormont-Dessous","state":"Jura","country":"Switzerland","postcode":7625,"coordinates":{"latitude":"-57.9271","longitude":"118.1404"},"timezone":{"offset":"+11:00","description":"Magadan, Solomon Islands, New Caledonia"}},"email":"diane.leclerc@example.com","login":{"uuid":"38af2aa6-bccb-4044-bef1-356f25bc48ae","username":"bigelephant387","password":"wildbill","salt":"VYRaqtB6","md5":"09446761afb654fc05d57d9c584643f8","sha1":"ff73b75a52e31cd86b26320b83d7a4a7fe6d18ac","sha256":"ef8fe264539368d02b98afcc058ad961116d17d8047d224566ca9804c8035085"},"dob":{"date":"1968-06-07T02:42:30.126Z","age":55},"registered":{"date":"2021-10-30T19:49:57.952Z","age":2},"phone":"079 356 85 20","cell":"079 865 91 30","id":{"name":"AVS","value":"756.0442.1028.83"},"picture":{"large":"https://randomuser.me/api/portraits/women/12.jpg","medium":"https://randomuser.me/api/portraits/med/women/12.jpg","thumbnail":"https://randomuser.me/api/portraits/thumb/women/12.jpg"},"nat":"CH"}],"info":{"seed":"ea3cfd1bb79361e5","results":1,"page":1,"version":"1.4"}} 
 </msg>
<msg time="2024-03-30T08:17:26.048057" level="INFO">/opt/hostedtoolcache/Python/3.12.2/x64/lib/python3.12/site-packages/urllib3/connectionpool.py:1103: InsecureRequestWarning: Unverified HTTPS request is being made to host 'randomuser.me'. Adding certificate verification is strongly advised. See: https://urllib3.readthedocs.io/en/latest/advanced-usage.html#tls-warnings
  warnings.warn(</msg>
<msg time="2024-03-30T08:17:26.048180" level="INFO">${response} = &lt;Response [200]&gt;</msg>
<var>${response}</var>
<arg>consultarAPI</arg>
<arg>/api</arg>
<doc>Sends a GET request on a previously created HTTP Session.</doc>
<status status="PASS" start="2024-03-30T08:17:25.953299" elapsed="0.094908"/>
</kw>
<kw name="Set Variable" owner="BuiltIn">
<msg time="2024-03-30T08:17:26.049298" level="INFO">${json_data} = {'results': [{'gender': 'female', 'name': {'title': 'Mademoiselle', 'first': 'Diane', 'last': 'Leclerc'}, 'location': {'street': {'number': 1528, 'name': 'Rue de la Charité'}, 'city': 'Ormont-Dessous'...</msg>
<var>${json_data}</var>
<arg>${response.json()}</arg>
<doc>Returns the given values which can then be assigned to a variables.</doc>
<status status="PASS" start="2024-03-30T08:17:26.048764" elapsed="0.000563"/>
</kw>
<kw name="Log" owner="BuiltIn">
<msg time="2024-03-30T08:17:26.049805" level="INFO">{'results': [{'gender': 'female', 'name': {'title': 'Mademoiselle', 'first': 'Diane', 'last': 'Leclerc'}, 'location': {'street': {'number': 1528, 'name': 'Rue de la Charité'}, 'city': 'Ormont-Dessous', 'state': 'Jura', 'country': 'Switzerland', 'postcode': 7625, 'coordinates': {'latitude': '-57.9271', 'longitude': '118.1404'}, 'timezone': {'offset': '+11:00', 'description': 'Magadan, Solomon Islands, New Caledonia'}}, 'email': 'diane.leclerc@example.com', 'login': {'uuid': '38af2aa6-bccb-4044-bef1-356f25bc48ae', 'username': 'bigelephant387', 'password': 'wildbill', 'salt': 'VYRaqtB6', 'md5': '09446761afb654fc05d57d9c584643f8', 'sha1': 'ff73b75a52e31cd86b26320b83d7a4a7fe6d18ac', 'sha256': 'ef8fe264539368d02b98afcc058ad961116d17d8047d224566ca9804c8035085'}, 'dob': {'date': '1968-06-07T02:42:30.126Z', 'age': 55}, 'registered': {'date': '2021-10-30T19:49:57.952Z', 'age': 2}, 'phone': '079 356 85 20', 'cell': '079 865 91 30', 'id': {'name': 'AVS', 'value': '756.0442.1028.83'}, 'picture': {'large': 'https://randomuser.me/api/portraits/women/12.jpg', 'medium': 'https://randomuser.me/api/portraits/med/women/12.jpg', 'thumbnail': 'https://randomuser.me/api/portraits/thumb/women/12.jpg'}, 'nat': 'CH'}], 'info': {'seed': 'ea3cfd1bb79361e5', 'results': 1, 'page': 1, 'version': '1.4'}}</msg>
<arg>${json_data}</arg>
<doc>Logs the given message with the given level.</doc>
<status status="PASS" start="2024-03-30T08:17:26.049645" elapsed="0.000249"/>
</kw>
<kw name="Should Be String" owner="String">
<arg>${json_data['results'][0]['gender']}</arg>
<doc>Fails if the given ``item`` is not a string.</doc>
<status status="PASS" start="2024-03-30T08:17:26.050201" elapsed="0.000362"/>
</kw>
<kw name="Should Match Regexp" owner="BuiltIn">
<arg>${json_data['results'][0]['email']}</arg>
<arg>^[a-zA-Z0-9._%+-]+@[a-zA-Z0-9.-]+\.[a-zA-Z]{2,}$</arg>
<doc>Fails if ``string`` does not match ``pattern`` as a regular expression.</doc>
<status status="PASS" start="2024-03-30T08:17:26.050758" elapsed="0.000575"/>
</kw>
<kw name="Should Match Regexp" owner="BuiltIn">
<arg>${json_data['results'][0]['dob']['date']}</arg>
<arg>\\d{4}-\\d{2}-\\d{2}T\\d{2}:\\d{2}:\\d{2}\\.\\d{3}Z</arg>
<doc>Fails if ``string`` does not match ``pattern`` as a regular expression.</doc>
<status status="PASS" start="2024-03-30T08:17:26.051538" elapsed="0.000488"/>
</kw>
<kw name="Should Match Regexp" owner="BuiltIn">
<arg>${json_data['results'][0]['registered']['date']}</arg>
<arg>\\d{4}-\\d{2}-\\d{2}T\\d{2}:\\d{2}:\\d{2}\\.\\d{3}Z</arg>
<doc>Fails if ``string`` does not match ``pattern`` as a regular expression.</doc>
<status status="PASS" start="2024-03-30T08:17:26.052221" elapsed="0.000375"/>
</kw>
<kw name="Should Match Regexp" owner="BuiltIn">
<arg>${json_data['results'][0]['picture']['large']}</arg>
<arg>^https?://.*\.(?:png|jpe?g|gif|bmp)$</arg>
<doc>Fails if ``string`` does not match ``pattern`` as a regular expression.</doc>
<status status="PASS" start="2024-03-30T08:17:26.052815" elapsed="0.000492"/>
</kw>
<kw name="Should Match Regexp" owner="BuiltIn">
<arg>${json_data['results'][0]['picture']['medium']}</arg>
<arg>^https?://.*\.(?:png|jpe?g|gif|bmp)$</arg>
<doc>Fails if ``string`` does not match ``pattern`` as a regular expression.</doc>
<status status="PASS" start="2024-03-30T08:17:26.053500" elapsed="0.000370"/>
</kw>
<kw name="Should Match Regexp" owner="BuiltIn">
<arg>${json_data['results'][0]['picture']['thumbnail']}</arg>
<arg>^https?://.*\.(?:png|jpe?g|gif|bmp)$</arg>
<doc>Fails if ``string`` does not match ``pattern`` as a regular expression.</doc>
<status status="PASS" start="2024-03-30T08:17:26.054068" elapsed="0.000347"/>
</kw>
<kw name="Log" owner="BuiltIn">
<msg time="2024-03-30T08:17:26.054931" level="INFO">{'large': 'https://randomuser.me/api/portraits/women/12.jpg', 'medium': 'https://randomuser.me/api/portraits/med/women/12.jpg', 'thumbnail': 'https://randomuser.me/api/portraits/thumb/women/12.jpg'}</msg>
<arg>${json_data['results'][0]['picture']}</arg>
<doc>Logs the given message with the given level.</doc>
<status status="PASS" start="2024-03-30T08:17:26.054596" elapsed="0.000382"/>
</kw>
<status status="PASS" start="2024-03-30T08:17:25.953030" elapsed="0.102240"/>
</kw>
<kw name="Teste de Tipos de Dados - Postcode" owner="random-user-service">
<kw name="GET On Session" owner="RequestsLibrary">
<msg time="2024-03-30T08:17:26.144524" level="INFO">GET Request : url=https://randomuser.me/api 
 path_url=/api 
 headers={'User-Agent': 'python-requests/2.31.0', 'Accept-Encoding': 'gzip, deflate', 'Accept': '*/*', 'Connection': 'keep-alive'} 
 body=None 
 </msg>
<msg time="2024-03-30T08:17:26.144636" level="INFO">GET Response : url=https://randomuser.me/api 
 status=200, reason=OK 
 headers={'Date': 'Sat, 30 Mar 2024 08:17:26 GMT', 'Content-Type': 'application/json; charset=utf-8', 'Transfer-Encoding': 'chunked', 'Connection': 'keep-alive', 'X-Powered-By': 'Express', 'Access-Control-Allow-Origin': '*', 'Cache-Control': 'no-cache', 'ETag': 'W/"490-P4REHxQ3bkug+WJjHT8+EZNAjCw"', 'Vary': 'Accept-Encoding', 'Content-Encoding': 'gzip', 'CF-Cache-Status': 'DYNAMIC', 'Report-To': '{"endpoints":[{"url":"https:\\/\\/a.nel.cloudflare.com\\/report\\/v4?s=WDCOCPhjDYTU1%2BypTKoEMx8iKhprMYkDSl8XsamyZSMtnIYoRQjsql%2FGGSTJ%2Fvs%2BNnVhG1UlPi4r2O7AmiP0cKVQToSEgROs0vVYyzSNhp92QbRzTlR3RJ4v%2FT6Q7QWm"}],"group":"cf-nel","max_age":604800}', 'NEL': '{"success_fraction":0,"report_to":"cf-nel","max_age":604800}', 'Server': 'cloudflare', 'CF-RAY': '86c6a9c9da789663-SJC', 'alt-svc': 'h3=":443"; ma=86400'} 
 body={"results":[{"gender":"male","name":{"title":"Monsieur","first":"Enrico","last":"Schmitt"},"location":{"street":{"number":7942,"name":"Rue du 8 Mai 1945"},"city":"Effingen","state":"St. Gallen","country":"Switzerland","postcode":4983,"coordinates":{"latitude":"-59.3917","longitude":"-129.4902"},"timezone":{"offset":"-2:00","description":"Mid-Atlantic"}},"email":"enrico.schmitt@example.com","login":{"uuid":"4f5cc4b5-004d-4aa1-919f-9f1971e6a1e8","username":"purplezebra644","password":"asd123","salt":"bdsZPOgZ","md5":"cd9e3ee92a7cf3dc26182603bafb0891","sha1":"ed68c308fbe4730cdad07b0d46ee443877947744","sha256":"3e17984a054400cc34680f4f9f878c5bb71e5814e2955ef3f2fd7cbb66528e0d"},"dob":{"date":"2000-11-08T15:43:19.956Z","age":23},"registered":{"date":"2003-11-06T09:32:17.258Z","age":20},"phone":"075 936 19 55","cell":"077 029 01 68","id":{"name":"AVS","value":"756.1716.7206.09"},"picture":{"large":"https://randomuser.me/api/portraits/men/61.jpg","medium":"https://randomuser.me/api/portraits/med/men/61.jpg","thumbnail":"https://randomuser.me/api/portraits/thumb/men/61.jpg"},"nat":"CH"}],"info":{"seed":"ca1f1289bd92461d","results":1,"page":1,"version":"1.4"}} 
 </msg>
<msg time="2024-03-30T08:17:26.144738" level="INFO">/opt/hostedtoolcache/Python/3.12.2/x64/lib/python3.12/site-packages/urllib3/connectionpool.py:1103: InsecureRequestWarning: Unverified HTTPS request is being made to host 'randomuser.me'. Adding certificate verification is strongly advised. See: https://urllib3.readthedocs.io/en/latest/advanced-usage.html#tls-warnings
  warnings.warn(</msg>
<msg time="2024-03-30T08:17:26.144881" level="INFO">${response} = &lt;Response [200]&gt;</msg>
<var>${response}</var>
<arg>consultarAPI</arg>
<arg>/api</arg>
<doc>Sends a GET request on a previously created HTTP Session.</doc>
<status status="PASS" start="2024-03-30T08:17:26.055914" elapsed="0.089005"/>
</kw>
<kw name="Set Variable" owner="BuiltIn">
<msg time="2024-03-30T08:17:26.146012" level="INFO">${json_data} = {'results': [{'gender': 'male', 'name': {'title': 'Monsieur', 'first': 'Enrico', 'last': 'Schmitt'}, 'location': {'street': {'number': 7942, 'name': 'Rue du 8 Mai 1945'}, 'city': 'Effingen', 'state': ...</msg>
<var>${json_data}</var>
<arg>${response.json()}</arg>
<doc>Returns the given values which can then be assigned to a variables.</doc>
<status status="PASS" start="2024-03-30T08:17:26.145492" elapsed="0.000548"/>
</kw>
<kw name="Log" owner="BuiltIn">
<msg time="2024-03-30T08:17:26.146520" level="INFO">{'results': [{'gender': 'male', 'name': {'title': 'Monsieur', 'first': 'Enrico', 'last': 'Schmitt'}, 'location': {'street': {'number': 7942, 'name': 'Rue du 8 Mai 1945'}, 'city': 'Effingen', 'state': 'St. Gallen', 'country': 'Switzerland', 'postcode': 4983, 'coordinates': {'latitude': '-59.3917', 'longitude': '-129.4902'}, 'timezone': {'offset': '-2:00', 'description': 'Mid-Atlantic'}}, 'email': 'enrico.schmitt@example.com', 'login': {'uuid': '4f5cc4b5-004d-4aa1-919f-9f1971e6a1e8', 'username': 'purplezebra644', 'password': 'asd123', 'salt': 'bdsZPOgZ', 'md5': 'cd9e3ee92a7cf3dc26182603bafb0891', 'sha1': 'ed68c308fbe4730cdad07b0d46ee443877947744', 'sha256': '3e17984a054400cc34680f4f9f878c5bb71e5814e2955ef3f2fd7cbb66528e0d'}, 'dob': {'date': '2000-11-08T15:43:19.956Z', 'age': 23}, 'registered': {'date': '2003-11-06T09:32:17.258Z', 'age': 20}, 'phone': '075 936 19 55', 'cell': '077 029 01 68', 'id': {'name': 'AVS', 'value': '756.1716.7206.09'}, 'picture': {'large': 'https://randomuser.me/api/portraits/men/61.jpg', 'medium': 'https://randomuser.me/api/portraits/med/men/61.jpg', 'thumbnail': 'https://randomuser.me/api/portraits/thumb/men/61.jpg'}, 'nat': 'CH'}], 'info': {'seed': 'ca1f1289bd92461d', 'results': 1, 'page': 1, 'version': '1.4'}}</msg>
<arg>${json_data}</arg>
<doc>Logs the given message with the given level.</doc>
<status status="PASS" start="2024-03-30T08:17:26.146360" elapsed="0.000243"/>
</kw>
<kw name="Should Be Equal As Numbers" owner="BuiltIn">
<arg>${json_data['results'][0]['location']['postcode']}</arg>
<arg>${json_data['results'][0]['location']['postcode']}</arg>
<doc>Fails if objects are unequal after converting them to real numbers.</doc>
<status status="PASS" start="2024-03-30T08:17:26.146925" elapsed="0.000717"/>
</kw>
<kw name="Log" owner="BuiltIn">
<msg time="2024-03-30T08:17:26.148187" level="INFO">4983</msg>
<arg>${json_data['results'][0]['location']['postcode']}</arg>
<doc>Logs the given message with the given level.</doc>
<status status="PASS" start="2024-03-30T08:17:26.147840" elapsed="0.000391"/>
</kw>
<status status="PASS" start="2024-03-30T08:17:26.055517" elapsed="0.092991"/>
</kw>
<doc>Testa se os tipos de dados na resposta da API estão corretos.</doc>
<tag>testeTiposDados</tag>
<status status="PASS" start="2024-03-30T08:17:25.952542" elapsed="0.196144"/>
</test>
<test id="s1-s1-t5" name="Validar conteudo" line="35">
<kw name="Teste de Tipos de Conteudo" owner="random-user-service">
<kw name="GET On Session" owner="RequestsLibrary">
<msg time="2024-03-30T08:17:26.244549" level="INFO">GET Request : url=https://randomuser.me/api 
 path_url=/api 
 headers={'User-Agent': 'python-requests/2.31.0', 'Accept-Encoding': 'gzip, deflate', 'Accept': '*/*', 'Connection': 'keep-alive'} 
 body=None 
 </msg>
<msg time="2024-03-30T08:17:26.244664" level="INFO">GET Response : url=https://randomuser.me/api 
 status=200, reason=OK 
 headers={'Date': 'Sat, 30 Mar 2024 08:17:26 GMT', 'Content-Type': 'application/json; charset=utf-8', 'Transfer-Encoding': 'chunked', 'Connection': 'keep-alive', 'X-Powered-By': 'Express', 'Access-Control-Allow-Origin': '*', 'Cache-Control': 'no-cache', 'ETag': 'W/"493-HOQOwJGkWTdUGkZQaQb+TRRQKzo"', 'Vary': 'Accept-Encoding', 'Content-Encoding': 'gzip', 'CF-Cache-Status': 'DYNAMIC', 'Report-To': '{"endpoints":[{"url":"https:\\/\\/a.nel.cloudflare.com\\/report\\/v4?s=%2BAxPgCEjtn3XhS4pkPFin3OHGHlo5c%2FhrY3fBa6un0I4SjFlM1TJRuEIqBnTGsEGs9Ha92SHi%2FZvG4rB%2FX2L60tw6qap1zxDInQrD2dGXI1g0tF%2BLBpkM2OTeffP2fup"}],"group":"cf-nel","max_age":604800}', 'NEL': '{"success_fraction":0,"report_to":"cf-nel","max_age":604800}', 'Server': 'cloudflare', 'CF-RAY': '86c6a9ca7afc9663-SJC', 'alt-svc': 'h3=":443"; ma=86400'} 
 body={"results":[{"gender":"male","name":{"title":"Mr","first":"Isaac","last":"Guerrero"},"location":{"street":{"number":3158,"name":"Avenida de Castilla"},"city":"Sevilla","state":"Islas Baleares","country":"Spain","postcode":24257,"coordinates":{"latitude":"-33.5212","longitude":"-64.1228"},"timezone":{"offset":"-3:00","description":"Brazil, Buenos Aires, Georgetown"}},"email":"isaac.guerrero@example.com","login":{"uuid":"85551db2-31bb-4e4a-85e6-cf8966e8a159","username":"tinygorilla787","password":"edthom","salt":"leQT5qNG","md5":"96ae6d8a5baf14c91ffc86c2ca23a742","sha1":"c195dfc2cae3ea3cbe96498c9beac1e78c4bca90","sha256":"438edc197d995d3ca99e8696779d1370d70402c87289c41b37230a368e39ba3c"},"dob":{"date":"2000-08-22T20:24:56.629Z","age":23},"registered":{"date":"2012-06-24T13:00:15.549Z","age":11},"phone":"944-956-035","cell":"647-187-544","id":{"name":"DNI","value":"47094158-D"},"picture":{"large":"https://randomuser.me/api/portraits/men/61.jpg","medium":"https://randomuser.me/api/portraits/med/men/61.jpg","thumbnail":"https://randomuser.me/api/portraits/thumb/men/61.jpg"},"nat":"ES"}],"info":{"seed":"0ec661b9e7ffc5ef","results":1,"page":1,"version":"1.4"}} 
 </msg>
<msg time="2024-03-30T08:17:26.244745" level="INFO">/opt/hostedtoolcache/Python/3.12.2/x64/lib/python3.12/site-packages/urllib3/connectionpool.py:1103: InsecureRequestWarning: Unverified HTTPS request is being made to host 'randomuser.me'. Adding certificate verification is strongly advised. See: https://urllib3.readthedocs.io/en/latest/advanced-usage.html#tls-warnings
  warnings.warn(</msg>
<msg time="2024-03-30T08:17:26.244884" level="INFO">${response} = &lt;Response [200]&gt;</msg>
<var>${response}</var>
<arg>consultarAPI</arg>
<arg>/api</arg>
<doc>Sends a GET request on a previously created HTTP Session.</doc>
<status status="PASS" start="2024-03-30T08:17:26.151235" elapsed="0.093698"/>
</kw>
<kw name="Set Variable" owner="BuiltIn">
<msg time="2024-03-30T08:17:26.246017" level="INFO">${json_data} = {'results': [{'gender': 'male', 'name': {'title': 'Mr', 'first': 'Isaac', 'last': 'Guerrero'}, 'location': {'street': {'number': 3158, 'name': 'Avenida de Castilla'}, 'city': 'Sevilla', 'state': 'Isla...</msg>
<var>${json_data}</var>
<arg>${response.json()}</arg>
<doc>Returns the given values which can then be assigned to a variables.</doc>
<status status="PASS" start="2024-03-30T08:17:26.245480" elapsed="0.000567"/>
</kw>
<kw name="Set Variable" owner="BuiltIn">
<msg time="2024-03-30T08:17:26.246788" level="INFO">${name_title} = Mr</msg>
<var>${name_title}</var>
<arg>${json_data["results"][0]["name"]["title"]}</arg>
<doc>Returns the given values which can then be assigned to a variables.</doc>
<status status="PASS" start="2024-03-30T08:17:26.246375" elapsed="0.000440"/>
</kw>
<kw name="Create List" owner="BuiltIn">
<msg time="2024-03-30T08:17:26.247337" level="INFO">${allowed_titles} = ['Mr', 'Ms', 'Miss', 'Mrs', 'Madame', 'Monsieur']</msg>
<var>${allowed_titles}</var>
<arg>Mr</arg>
<arg>Ms</arg>
<arg>Miss</arg>
<arg>Mrs</arg>
<arg>Madame</arg>
<arg>Monsieur</arg>
<doc>Returns a list containing given items.</doc>
<status status="PASS" start="2024-03-30T08:17:26.247171" elapsed="0.000192"/>
</kw>
<kw name="List Should Contain Value" owner="Collections">
<msg time="2024-03-30T08:17:26.247883" level="INFO">False</msg>
<arg>${allowed_titles}</arg>
<arg>${name_title}</arg>
<doc>Fails if the ``value`` is not found from ``list``.</doc>
<status status="PASS" start="2024-03-30T08:17:26.247693" elapsed="0.000230"/>
</kw>
<kw name="Set Variable" owner="BuiltIn">
<msg time="2024-03-30T08:17:26.248612" level="INFO">${name_country} = ES</msg>
<var>${name_country}</var>
<arg>${json_data["results"][0]["nat"]}</arg>
<doc>Returns the given values which can then be assigned to a variables.</doc>
<status status="PASS" start="2024-03-30T08:17:26.248228" elapsed="0.000409"/>
</kw>
<kw name="Create List" owner="BuiltIn">
<msg time="2024-03-30T08:17:26.249564" level="INFO">${list_country} = ['AD', 'AE', 'AF', 'AG', 'AI', 'AL', 'AM', 'AO', 'AQ', 'AR', 'AS', 'AT', 'AU', 'AW', 'AX', 'AZ', 'BA', 'BB', 'BD', 'BE', 'BF', 'BG', 'BH', 'BI', 'BJ', 'BL', 'BM', 'BN', 'BO', 'BQ', 'BR', 'BS', 'BT', '...</msg>
<var>${list_country}</var>
<arg>AD</arg>
<arg>AE</arg>
<arg>AF</arg>
<arg>AG</arg>
<arg>AI</arg>
<arg>AL</arg>
<arg>AM</arg>
<arg>AO</arg>
<arg>AQ</arg>
<arg>AR</arg>
<arg>AS</arg>
<arg>AT</arg>
<arg>AU</arg>
<arg>AW</arg>
<arg>AX</arg>
<arg>AZ</arg>
<arg>BA</arg>
<arg>BB</arg>
<arg>BD</arg>
<arg>BE</arg>
<arg>BF</arg>
<arg>BG</arg>
<arg>BH</arg>
<arg>BI</arg>
<arg>BJ</arg>
<arg>BL</arg>
<arg>BM</arg>
<arg>BN</arg>
<arg>BO</arg>
<arg>BQ</arg>
<arg>BR</arg>
<arg>BS</arg>
<arg>BT</arg>
<arg>BV</arg>
<arg>BW</arg>
<arg>BY</arg>
<arg>BZ</arg>
<arg>CA</arg>
<arg>CC</arg>
<arg>CD</arg>
<arg>CF</arg>
<arg>CG</arg>
<arg>CH</arg>
<arg>CI</arg>
<arg>CK</arg>
<arg>CL</arg>
<arg>CM</arg>
<arg>CN</arg>
<arg>CO</arg>
<arg>CR</arg>
<arg>CU</arg>
<arg>CV</arg>
<arg>CW</arg>
<arg>CX</arg>
<arg>CY</arg>
<arg>CZ</arg>
<arg>DE</arg>
<arg>DJ</arg>
<arg>DK</arg>
<arg>DM</arg>
<arg>DO</arg>
<arg>DZ</arg>
<arg>EC</arg>
<arg>EE</arg>
<arg>EG</arg>
<arg>EH</arg>
<arg>ER</arg>
<arg>ES</arg>
<arg>ET</arg>
<arg>FI</arg>
<arg>FJ</arg>
<arg>FK</arg>
<arg>FM</arg>
<arg>FO</arg>
<arg>FR</arg>
<arg>GA</arg>
<arg>GB</arg>
<arg>GD</arg>
<arg>GE</arg>
<arg>GF</arg>
<arg>GG</arg>
<arg>GH</arg>
<arg>GI</arg>
<arg>GL</arg>
<arg>GM</arg>
<arg>GN</arg>
<arg>GP</arg>
<arg>GQ</arg>
<arg>GR</arg>
<arg>GS</arg>
<arg>GT</arg>
<arg>GU</arg>
<arg>GW</arg>
<arg>GY</arg>
<arg>HK</arg>
<arg>HM</arg>
<arg>HN</arg>
<arg>HR</arg>
<arg>HT</arg>
<arg>HU</arg>
<arg>ID</arg>
<arg>IE</arg>
<arg>IL</arg>
<arg>IM</arg>
<arg>IN</arg>
<arg>IO</arg>
<arg>IQ</arg>
<arg>IR</arg>
<arg>IS</arg>
<arg>IT</arg>
<arg>JE</arg>
<arg>JM</arg>
<arg>JO</arg>
<arg>JP</arg>
<arg>KE</arg>
<arg>KG</arg>
<arg>KH</arg>
<arg>KI</arg>
<arg>KM</arg>
<arg>KN</arg>
<arg>KP</arg>
<arg>KR</arg>
<arg>KW</arg>
<arg>KY</arg>
<arg>KZ</arg>
<arg>LA</arg>
<arg>LB</arg>
<arg>LC</arg>
<arg>LI</arg>
<arg>LK</arg>
<arg>LR</arg>
<arg>LS</arg>
<arg>LT</arg>
<arg>LU</arg>
<arg>LV</arg>
<arg>LY</arg>
<arg>MA</arg>
<arg>MC</arg>
<arg>MD</arg>
<arg>ME</arg>
<arg>MF</arg>
<arg>MG</arg>
<arg>MH</arg>
<arg>MK</arg>
<arg>ML</arg>
<arg>MM</arg>
<arg>MN</arg>
<arg>MO</arg>
<arg>MP</arg>
<arg>MQ</arg>
<arg>MR</arg>
<arg>MS</arg>
<arg>MT</arg>
<arg>MU</arg>
<arg>MV</arg>
<arg>MW</arg>
<arg>MX</arg>
<arg>MY</arg>
<arg>MZ</arg>
<arg>NA</arg>
<arg>NC</arg>
<arg>NE</arg>
<arg>NF</arg>
<arg>NG</arg>
<arg>NI</arg>
<arg>NL</arg>
<arg>NO</arg>
<arg>NP</arg>
<arg>NR</arg>
<arg>NU</arg>
<arg>NZ</arg>
<arg>OM</arg>
<arg>PA</arg>
<arg>PE</arg>
<arg>PF</arg>
<arg>PG</arg>
<arg>PH</arg>
<arg>PK</arg>
<arg>PL</arg>
<arg>PM</arg>
<arg>PN</arg>
<arg>PR</arg>
<arg>PS</arg>
<arg>PT</arg>
<arg>PW</arg>
<arg>PY</arg>
<arg>QA</arg>
<arg>RE</arg>
<arg>RO</arg>
<arg>RS</arg>
<arg>RU</arg>
<arg>RW</arg>
<arg>SA</arg>
<arg>SB</arg>
<arg>SC</arg>
<arg>SD</arg>
<arg>SE</arg>
<arg>SG</arg>
<arg>SH</arg>
<arg>SI</arg>
<arg>SJ</arg>
<arg>SK</arg>
<arg>SL</arg>
<arg>SM</arg>
<arg>SN</arg>
<arg>SO</arg>
<arg>SR</arg>
<arg>SS</arg>
<arg>ST</arg>
<arg>SV</arg>
<arg>SX</arg>
<arg>SY</arg>
<arg>SZ</arg>
<arg>TC</arg>
<arg>TD</arg>
<arg>TF</arg>
<arg>TG</arg>
<arg>TH</arg>
<arg>TJ</arg>
<arg>TK</arg>
<arg>TL</arg>
<arg>TM</arg>
<arg>TN</arg>
<arg>TO</arg>
<arg>TR</arg>
<arg>TT</arg>
<arg>TV</arg>
<arg>TW</arg>
<arg>TZ</arg>
<arg>UA</arg>
<arg>UG</arg>
<arg>UM</arg>
<arg>US</arg>
<arg>UY</arg>
<arg>UZ</arg>
<arg>VA</arg>
<arg>VC</arg>
<arg>VE</arg>
<arg>VG</arg>
<arg>VI</arg>
<arg>VN</arg>
<arg>VU</arg>
<arg>WF</arg>
<arg>WS</arg>
<arg>XK</arg>
<arg>YE</arg>
<arg>YT</arg>
<arg>ZA</arg>
<arg>ZM</arg>
<arg>ZW</arg>
<doc>Returns a list containing given items.</doc>
<status status="PASS" start="2024-03-30T08:17:26.248956" elapsed="0.000634"/>
</kw>
<kw name="List Should Contain Value" owner="Collections">
<msg time="2024-03-30T08:17:26.250738" level="INFO">False</msg>
<arg>${list_country}</arg>
<arg>${name_country}</arg>
<doc>Fails if the ``value`` is not found from ``list``.</doc>
<status status="PASS" start="2024-03-30T08:17:26.250530" elapsed="0.000247"/>
</kw>
<kw name="Run Keyword If" owner="BuiltIn">
<kw name="Should Be True" owner="BuiltIn">
<arg>${True}</arg>
<doc>Fails if the given condition is not true.</doc>
<status status="PASS" start="2024-03-30T08:17:26.251905" elapsed="0.000149"/>
</kw>
<arg>${json_data["results"][0]["location"]["coordinates"]["latitude"]} &gt;= -90 and ${json_data["results"][0]["location"]["coordinates"]["latitude"]} &lt;= 90</arg>
<arg>Should Be True</arg>
<arg>${True}</arg>
<doc>Runs the given keyword with the given arguments, if ``condition`` is true.</doc>
<status status="PASS" start="2024-03-30T08:17:26.251131" elapsed="0.001056"/>
</kw>
<kw name="Run Keyword If" owner="BuiltIn">
<kw name="Should Be True" owner="BuiltIn">
<arg>${True}</arg>
<doc>Fails if the given condition is not true.</doc>
<status status="PASS" start="2024-03-30T08:17:26.253077" elapsed="0.000142"/>
</kw>
<arg>${json_data["results"][0]["location"]["coordinates"]["longitude"]} &gt;= -180 and ${json_data["results"][0]["location"]["coordinates"]["longitude"]} &lt;= 180</arg>
<arg>Should Be True</arg>
<arg>${True}</arg>
<doc>Runs the given keyword with the given arguments, if ``condition`` is true.</doc>
<status status="PASS" start="2024-03-30T08:17:26.252377" elapsed="0.000969"/>
</kw>
<status status="PASS" start="2024-03-30T08:17:26.150959" elapsed="0.102523"/>
</kw>
<doc>Testa o conteúdo específico dos campos retornados pela API.</doc>
<tag>testeConteudo</tag>
<status status="PASS" start="2024-03-30T08:17:26.150473" elapsed="0.103172"/>
</test>
<status status="PASS" start="2024-03-30T08:17:25.052438" elapsed="1.203250"/>
</suite>
<status status="PASS" start="2024-03-30T08:17:25.038312" elapsed="1.222841"/>
</suite>
<statistics>
<total>
<stat pass="5" fail="0" skip="0">All Tests</stat>
</total>
<tag>
<stat pass="1" fail="0" skip="0">testeConteudo</stat>
<stat pass="1" fail="0" skip="0">testeEstruturaResposta</stat>
<stat pass="1" fail="0" skip="0">testeRequisicaoBasica</stat>
<stat pass="1" fail="0" skip="0">testeTiposDados</stat>
</tag>
<suite>
<stat pass="5" fail="0" skip="0" id="s1" name="Tests">Tests</stat>
<stat pass="5" fail="0" skip="0" id="s1-s1" name="Random-User-Test">Tests.Random-User-Test</stat>
</suite>
</statistics>
<errors>
</errors>
</robot>
