<?xml version="1.0" encoding="UTF-8"?>
<robot generator="Robot 7.0.1 (Python 3.12.4 on linux)" generated="2024-08-02T07:15:26.364506" rpa="false" schemaversion="5">
<suite id="s1" name="Tests" source="/home/runner/work/ApiRandomUser/ApiRandomUser/RamdonUser/tests">
<suite id="s1-s1" name="Random-User-Test" source="/home/runner/work/ApiRandomUser/ApiRandomUser/RamdonUser/tests/random-user-test.robot">
<test id="s1-s1-t1" name="Conectar" line="13">
<kw name="Conectar API" owner="random-user-service">
<kw name="Create Session" owner="RequestsLibrary">
<msg time="2024-08-02T07:15:26.762813" level="INFO">Creating Session using : alias=consultarAPI, url=https://randomuser.me/, headers={},                     cookies={}, auth=None, timeout=None, proxies=None, verify=False,                     debug=0 </msg>
<arg>consultarAPI</arg>
<arg>${URL}</arg>
<doc>Create Session: create a HTTP session to a server</doc>
<status status="PASS" start="2024-08-02T07:15:26.762588" elapsed="0.000416"/>
</kw>
<status status="PASS" start="2024-08-02T07:15:26.761463" elapsed="0.001910"/>
</kw>
<status status="PASS" start="2024-08-02T07:15:26.760891" elapsed="0.002683"/>
</test>
<test id="s1-s1-t2" name="Validar retorno 200 e JSON Válido" line="16">
<kw name="Teste de Requisicao Basica" owner="random-user-service">
<kw name="GET On Session" owner="RequestsLibrary">
<msg time="2024-08-02T07:15:27.018763" level="INFO">GET Request : url=https://randomuser.me/api 
 path_url=/api 
 headers={'User-Agent': 'python-requests/2.32.3', 'Accept-Encoding': 'gzip, deflate', 'Accept': '*/*', 'Connection': 'keep-alive'} 
 body=None 
 </msg>
<msg time="2024-08-02T07:15:27.018929" level="INFO">GET Response : url=https://randomuser.me/api 
 status=200, reason=OK 
 headers={'Date': 'Fri, 02 Aug 2024 07:15:27 GMT', 'Content-Type': 'application/json; charset=utf-8', 'Transfer-Encoding': 'chunked', 'Connection': 'keep-alive', 'X-Powered-By': 'Express', 'Access-Control-Allow-Origin': '*', 'Cache-Control': 'no-cache', 'ETag': 'W/"4a0-9AGmNGRl0t6LnaqLFJRqDqB2/1k"', 'Vary': 'Accept-Encoding', 'Content-Encoding': 'gzip', 'CF-Cache-Status': 'DYNAMIC', 'Report-To': '{"endpoints":[{"url":"https:\\/\\/a.nel.cloudflare.com\\/report\\/v4?s=DqTqBozM4xzbd1BXvUB2a2wKFX0JYT7poAWOY98cvIM2c589agN%2BA17%2B9uUG3mtK1ur%2Ba7iio9QQF3j%2BcohsaBg8cFNoDnQV9B6Wzmgz5QcdNscXmf6lbzZy9VZmpg4e"}],"group":"cf-nel","max_age":604800}', 'NEL': '{"success_fraction":0,"report_to":"cf-nel","max_age":604800}', 'Server': 'cloudflare', 'CF-RAY': '8acc46dd88411ff7-IAD', 'alt-svc': 'h3=":443"; ma=86400'} 
 body={"results":[{"gender":"female","name":{"title":"Ms","first":"Jennifer","last":"Pierce"},"location":{"street":{"number":3443,"name":"Church Street"},"city":"Carlisle","state":"Wiltshire","country":"United Kingdom","postcode":"TS39 2WA","coordinates":{"latitude":"-9.2260","longitude":"150.0430"},"timezone":{"offset":"-7:00","description":"Mountain Time (US &amp; Canada)"}},"email":"jennifer.pierce@example.com","login":{"uuid":"7bc2523f-c52b-4e9a-8939-0000640fe50a","username":"purplebear145","password":"chrono","salt":"wjU6JPqM","md5":"0d7b05d96198c125fff97b6f7c515722","sha1":"a150028e2509b57f2f58584dddb17b13ad68d8c3","sha256":"3607f248307b82e3310c98b05570661796e83c98bc4de6e6aa14fabf8cdf1b94"},"dob":{"date":"1947-03-11T00:41:57.868Z","age":77},"registered":{"date":"2003-03-12T03:27:17.747Z","age":21},"phone":"017687 73804","cell":"07664 417852","id":{"name":"NINO","value":"AR 28 89 98 U"},"picture":{"large":"https://randomuser.me/api/portraits/women/40.jpg","medium":"https://randomuser.me/api/portraits/med/women/40.jpg","thumbnail":"https://randomuser.me/api/portraits/thumb/women/40.jpg"},"nat":"GB"}],"info":{"seed":"f0517119a333c1de","results":1,"page":1,"version":"1.4"}} 
 </msg>
<msg time="2024-08-02T07:15:27.019025" level="INFO">/opt/hostedtoolcache/Python/3.12.4/x64/lib/python3.12/site-packages/urllib3/connectionpool.py:1099: InsecureRequestWarning: Unverified HTTPS request is being made to host 'randomuser.me'. Adding certificate verification is strongly advised. See: https://urllib3.readthedocs.io/en/latest/advanced-usage.html#tls-warnings
  warnings.warn(</msg>
<msg time="2024-08-02T07:15:27.019188" level="INFO">${response} = &lt;Response [200]&gt;</msg>
<var>${response}</var>
<arg>consultarAPI</arg>
<arg>/api</arg>
<doc>Sends a GET request on a previously created HTTP Session.</doc>
<status status="PASS" start="2024-08-02T07:15:26.766254" elapsed="0.252986"/>
</kw>
<kw name="Should Be Equal As Numbers" owner="BuiltIn">
<msg time="2024-08-02T07:15:27.020247" level="INFO">Argument types are:
&lt;class 'int'&gt;
&lt;class 'str'&gt;</msg>
<arg>${response.status_code}</arg>
<arg>200</arg>
<doc>Fails if objects are unequal after converting them to real numbers.</doc>
<status status="PASS" start="2024-08-02T07:15:27.019774" elapsed="0.000542"/>
</kw>
<kw name="Log" owner="BuiltIn">
<msg time="2024-08-02T07:15:27.021069" level="INFO">200</msg>
<arg>${response.status_code}</arg>
<doc>Logs the given message with the given level.</doc>
<status status="PASS" start="2024-08-02T07:15:27.020691" elapsed="0.000423"/>
</kw>
<kw name="Set Variable" owner="BuiltIn">
<msg time="2024-08-02T07:15:27.021875" level="INFO">${json_data} = {'results': [{'gender': 'female', 'name': {'title': 'Ms', 'first': 'Jennifer', 'last': 'Pierce'}, 'location': {'street': {'number': 3443, 'name': 'Church Street'}, 'city': 'Carlisle', 'state': 'Wiltsh...</msg>
<var>${json_data}</var>
<arg>${response.json()}</arg>
<doc>Returns the given values which can then be assigned to a variables.</doc>
<status status="PASS" start="2024-08-02T07:15:27.021431" elapsed="0.000473"/>
</kw>
<kw name="Dictionary Should Contain Key" owner="Collections">
<arg>${json_data}</arg>
<arg>results</arg>
<doc>Fails if ``key`` is not found from ``dictionary``.</doc>
<status status="PASS" start="2024-08-02T07:15:27.022229" elapsed="0.000334"/>
</kw>
<status status="PASS" start="2024-08-02T07:15:26.765996" elapsed="0.256727"/>
</kw>
<doc>Testa se a API responde corretamente e retorna um objeto JSON válido.</doc>
<tag>testeRequisicaoBasica</tag>
<status status="PASS" start="2024-08-02T07:15:26.765510" elapsed="0.257391"/>
</test>
<test id="s1-s1-t3" name="Validar estrutura de resposta" line="22">
<kw name="Teste de Estrutura de Resposta" owner="random-user-service">
<kw name="GET On Session" owner="RequestsLibrary">
<msg time="2024-08-02T07:15:27.102986" level="INFO">GET Request : url=https://randomuser.me/api 
 path_url=/api 
 headers={'User-Agent': 'python-requests/2.32.3', 'Accept-Encoding': 'gzip, deflate', 'Accept': '*/*', 'Connection': 'keep-alive'} 
 body=None 
 </msg>
<msg time="2024-08-02T07:15:27.103095" level="INFO">GET Response : url=https://randomuser.me/api 
 status=200, reason=OK 
 headers={'Date': 'Fri, 02 Aug 2024 07:15:27 GMT', 'Content-Type': 'application/json; charset=utf-8', 'Transfer-Encoding': 'chunked', 'Connection': 'keep-alive', 'X-Powered-By': 'Express', 'Access-Control-Allow-Origin': '*', 'Cache-Control': 'no-cache', 'ETag': 'W/"490-rjok8VWCkUC1PnCWjL9dULGf1Pg"', 'Vary': 'Accept-Encoding', 'Content-Encoding': 'gzip', 'CF-Cache-Status': 'DYNAMIC', 'Report-To': '{"endpoints":[{"url":"https:\\/\\/a.nel.cloudflare.com\\/report\\/v4?s=FduXYSFxlwM69E7KMUtPVWJao1crBFN7GKOy1nWgz7vr8q2RjZZjJXKIeOzUtrN8z9IFe2E4AshSx%2Fg3Pkt6V2wuhkFQcolXcoXNZ%2BnYsDmLN1ElnAEbGab9xkqfQsjK"}],"group":"cf-nel","max_age":604800}', 'NEL': '{"success_fraction":0,"report_to":"cf-nel","max_age":604800}', 'Server': 'cloudflare', 'CF-RAY': '8acc46dde8891ff7-IAD', 'alt-svc': 'h3=":443"; ma=86400'} 
 body={"results":[{"gender":"male","name":{"title":"Mr","first":"Terrance","last":"Moreno"},"location":{"street":{"number":9025,"name":"South Street"},"city":"Sunderland","state":"South Yorkshire","country":"United Kingdom","postcode":"X0 1SR","coordinates":{"latitude":"-5.1389","longitude":"-54.5711"},"timezone":{"offset":"-3:30","description":"Newfoundland"}},"email":"terrance.moreno@example.com","login":{"uuid":"ea4ebdc6-b9be-4318-84d5-def86afb883e","username":"ticklishgoose869","password":"dddddd","salt":"SJU4ogGY","md5":"e3e88e7abd234e11c7a51c5402537cc6","sha1":"3492e604847616f63a1a089e860f2ff78ca51e2c","sha256":"c36233f73935a74787d426cd60bab8a92e66c55c6f4180c270de99efa727d109"},"dob":{"date":"1996-11-21T03:31:57.441Z","age":27},"registered":{"date":"2021-12-16T20:06:22.585Z","age":2},"phone":"016973 49348","cell":"07308 248946","id":{"name":"NINO","value":"LB 16 86 07 T"},"picture":{"large":"https://randomuser.me/api/portraits/men/54.jpg","medium":"https://randomuser.me/api/portraits/med/men/54.jpg","thumbnail":"https://randomuser.me/api/portraits/thumb/men/54.jpg"},"nat":"GB"}],"info":{"seed":"53f84d6a333412f5","results":1,"page":1,"version":"1.4"}} 
 </msg>
<msg time="2024-08-02T07:15:27.103241" level="INFO">/opt/hostedtoolcache/Python/3.12.4/x64/lib/python3.12/site-packages/urllib3/connectionpool.py:1099: InsecureRequestWarning: Unverified HTTPS request is being made to host 'randomuser.me'. Adding certificate verification is strongly advised. See: https://urllib3.readthedocs.io/en/latest/advanced-usage.html#tls-warnings
  warnings.warn(</msg>
<msg time="2024-08-02T07:15:27.103382" level="INFO">${response} = &lt;Response [200]&gt;</msg>
<var>${response}</var>
<arg>consultarAPI</arg>
<arg>/api</arg>
<doc>Sends a GET request on a previously created HTTP Session.</doc>
<status status="PASS" start="2024-08-02T07:15:27.025558" elapsed="0.077872"/>
</kw>
<kw name="Set Variable" owner="BuiltIn">
<msg time="2024-08-02T07:15:27.104442" level="INFO">${json_data} = {'results': [{'gender': 'male', 'name': {'title': 'Mr', 'first': 'Terrance', 'last': 'Moreno'}, 'location': {'street': {'number': 9025, 'name': 'South Street'}, 'city': 'Sunderland', 'state': 'South Y...</msg>
<var>${json_data}</var>
<arg>${response.json()}</arg>
<doc>Returns the given values which can then be assigned to a variables.</doc>
<status status="PASS" start="2024-08-02T07:15:27.103926" elapsed="0.000545"/>
</kw>
<kw name="Log" owner="BuiltIn">
<msg time="2024-08-02T07:15:27.104974" level="INFO">{'results': [{'gender': 'male', 'name': {'title': 'Mr', 'first': 'Terrance', 'last': 'Moreno'}, 'location': {'street': {'number': 9025, 'name': 'South Street'}, 'city': 'Sunderland', 'state': 'South Yorkshire', 'country': 'United Kingdom', 'postcode': 'X0 1SR', 'coordinates': {'latitude': '-5.1389', 'longitude': '-54.5711'}, 'timezone': {'offset': '-3:30', 'description': 'Newfoundland'}}, 'email': 'terrance.moreno@example.com', 'login': {'uuid': 'ea4ebdc6-b9be-4318-84d5-def86afb883e', 'username': 'ticklishgoose869', 'password': 'dddddd', 'salt': 'SJU4ogGY', 'md5': 'e3e88e7abd234e11c7a51c5402537cc6', 'sha1': '3492e604847616f63a1a089e860f2ff78ca51e2c', 'sha256': 'c36233f73935a74787d426cd60bab8a92e66c55c6f4180c270de99efa727d109'}, 'dob': {'date': '1996-11-21T03:31:57.441Z', 'age': 27}, 'registered': {'date': '2021-12-16T20:06:22.585Z', 'age': 2}, 'phone': '016973 49348', 'cell': '07308 248946', 'id': {'name': 'NINO', 'value': 'LB 16 86 07 T'}, 'picture': {'large': 'https://randomuser.me/api/portraits/men/54.jpg', 'medium': 'https://randomuser.me/api/portraits/med/men/54.jpg', 'thumbnail': 'https://randomuser.me/api/portraits/thumb/men/54.jpg'}, 'nat': 'GB'}], 'info': {'seed': '53f84d6a333412f5', 'results': 1, 'page': 1, 'version': '1.4'}}</msg>
<arg>${json_data}</arg>
<doc>Logs the given message with the given level.</doc>
<status status="PASS" start="2024-08-02T07:15:27.104809" elapsed="0.000213"/>
</kw>
<kw name="Dictionary Should Contain Key" owner="Collections">
<arg>${json_data}</arg>
<arg>results</arg>
<doc>Fails if ``key`` is not found from ``dictionary``.</doc>
<status status="PASS" start="2024-08-02T07:15:27.105309" elapsed="0.000166"/>
</kw>
<kw name="Should Not Be Empty" owner="BuiltIn">
<msg time="2024-08-02T07:15:27.105783" level="INFO">Length is 2.</msg>
<arg>${json_data}</arg>
<doc>Verifies that the given item is not empty.</doc>
<status status="PASS" start="2024-08-02T07:15:27.105658" elapsed="0.000162"/>
</kw>
<kw name="Create List" owner="BuiltIn">
<msg time="2024-08-02T07:15:27.106254" level="INFO">${expected_keys} = ['gender', 'name', 'location', 'email', 'login']</msg>
<var>${expected_keys}</var>
<arg>gender</arg>
<arg>name</arg>
<arg>location</arg>
<arg>email</arg>
<arg>login</arg>
<doc>Returns a list containing given items.</doc>
<status status="PASS" start="2024-08-02T07:15:27.106103" elapsed="0.000175"/>
</kw>
<for flavor="IN">
<iter>
<kw name="Dictionary Should Contain Key" owner="Collections">
<arg>${json_data['results'][0]}</arg>
<arg>${key}</arg>
<doc>Fails if ``key`` is not found from ``dictionary``.</doc>
<status status="PASS" start="2024-08-02T07:15:27.106859" elapsed="0.000397"/>
</kw>
<kw name="Log" owner="BuiltIn">
<msg time="2024-08-02T07:15:27.107795" level="INFO">{'gender': 'male', 'name': {'title': 'Mr', 'first': 'Terrance', 'last': 'Moreno'}, 'location': {'street': {'number': 9025, 'name': 'South Street'}, 'city': 'Sunderland', 'state': 'South Yorkshire', 'country': 'United Kingdom', 'postcode': 'X0 1SR', 'coordinates': {'latitude': '-5.1389', 'longitude': '-54.5711'}, 'timezone': {'offset': '-3:30', 'description': 'Newfoundland'}}, 'email': 'terrance.moreno@example.com', 'login': {'uuid': 'ea4ebdc6-b9be-4318-84d5-def86afb883e', 'username': 'ticklishgoose869', 'password': 'dddddd', 'salt': 'SJU4ogGY', 'md5': 'e3e88e7abd234e11c7a51c5402537cc6', 'sha1': '3492e604847616f63a1a089e860f2ff78ca51e2c', 'sha256': 'c36233f73935a74787d426cd60bab8a92e66c55c6f4180c270de99efa727d109'}, 'dob': {'date': '1996-11-21T03:31:57.441Z', 'age': 27}, 'registered': {'date': '2021-12-16T20:06:22.585Z', 'age': 2}, 'phone': '016973 49348', 'cell': '07308 248946', 'id': {'name': 'NINO', 'value': 'LB 16 86 07 T'}, 'picture': {'large': 'https://randomuser.me/api/portraits/men/54.jpg', 'medium': 'https://randomuser.me/api/portraits/med/men/54.jpg', 'thumbnail': 'https://randomuser.me/api/portraits/thumb/men/54.jpg'}, 'nat': 'GB'}</msg>
<arg>${json_data['results'][0]}</arg>
<doc>Logs the given message with the given level.</doc>
<status status="PASS" start="2024-08-02T07:15:27.107444" elapsed="0.000399"/>
</kw>
<kw name="Log" owner="BuiltIn">
<msg time="2024-08-02T07:15:27.108262" level="INFO">gender</msg>
<arg>${key}</arg>
<doc>Logs the given message with the given level.</doc>
<status status="PASS" start="2024-08-02T07:15:27.108134" elapsed="0.000167"/>
</kw>
<var name="${key}">gender</var>
<status status="PASS" start="2024-08-02T07:15:27.106724" elapsed="0.001792"/>
</iter>
<iter>
<kw name="Dictionary Should Contain Key" owner="Collections">
<arg>${json_data['results'][0]}</arg>
<arg>${key}</arg>
<doc>Fails if ``key`` is not found from ``dictionary``.</doc>
<status status="PASS" start="2024-08-02T07:15:27.108845" elapsed="0.000385"/>
</kw>
<kw name="Log" owner="BuiltIn">
<msg time="2024-08-02T07:15:27.109760" level="INFO">{'gender': 'male', 'name': {'title': 'Mr', 'first': 'Terrance', 'last': 'Moreno'}, 'location': {'street': {'number': 9025, 'name': 'South Street'}, 'city': 'Sunderland', 'state': 'South Yorkshire', 'country': 'United Kingdom', 'postcode': 'X0 1SR', 'coordinates': {'latitude': '-5.1389', 'longitude': '-54.5711'}, 'timezone': {'offset': '-3:30', 'description': 'Newfoundland'}}, 'email': 'terrance.moreno@example.com', 'login': {'uuid': 'ea4ebdc6-b9be-4318-84d5-def86afb883e', 'username': 'ticklishgoose869', 'password': 'dddddd', 'salt': 'SJU4ogGY', 'md5': 'e3e88e7abd234e11c7a51c5402537cc6', 'sha1': '3492e604847616f63a1a089e860f2ff78ca51e2c', 'sha256': 'c36233f73935a74787d426cd60bab8a92e66c55c6f4180c270de99efa727d109'}, 'dob': {'date': '1996-11-21T03:31:57.441Z', 'age': 27}, 'registered': {'date': '2021-12-16T20:06:22.585Z', 'age': 2}, 'phone': '016973 49348', 'cell': '07308 248946', 'id': {'name': 'NINO', 'value': 'LB 16 86 07 T'}, 'picture': {'large': 'https://randomuser.me/api/portraits/men/54.jpg', 'medium': 'https://randomuser.me/api/portraits/med/men/54.jpg', 'thumbnail': 'https://randomuser.me/api/portraits/thumb/men/54.jpg'}, 'nat': 'GB'}</msg>
<arg>${json_data['results'][0]}</arg>
<doc>Logs the given message with the given level.</doc>
<status status="PASS" start="2024-08-02T07:15:27.109410" elapsed="0.000429"/>
</kw>
<kw name="Log" owner="BuiltIn">
<msg time="2024-08-02T07:15:27.110276" level="INFO">name</msg>
<arg>${key}</arg>
<doc>Logs the given message with the given level.</doc>
<status status="PASS" start="2024-08-02T07:15:27.110136" elapsed="0.000178"/>
</kw>
<var name="${key}">name</var>
<status status="PASS" start="2024-08-02T07:15:27.108724" elapsed="0.001805"/>
</iter>
<iter>
<kw name="Dictionary Should Contain Key" owner="Collections">
<arg>${json_data['results'][0]}</arg>
<arg>${key}</arg>
<doc>Fails if ``key`` is not found from ``dictionary``.</doc>
<status status="PASS" start="2024-08-02T07:15:27.110812" elapsed="0.000385"/>
</kw>
<kw name="Log" owner="BuiltIn">
<msg time="2024-08-02T07:15:27.111735" level="INFO">{'gender': 'male', 'name': {'title': 'Mr', 'first': 'Terrance', 'last': 'Moreno'}, 'location': {'street': {'number': 9025, 'name': 'South Street'}, 'city': 'Sunderland', 'state': 'South Yorkshire', 'country': 'United Kingdom', 'postcode': 'X0 1SR', 'coordinates': {'latitude': '-5.1389', 'longitude': '-54.5711'}, 'timezone': {'offset': '-3:30', 'description': 'Newfoundland'}}, 'email': 'terrance.moreno@example.com', 'login': {'uuid': 'ea4ebdc6-b9be-4318-84d5-def86afb883e', 'username': 'ticklishgoose869', 'password': 'dddddd', 'salt': 'SJU4ogGY', 'md5': 'e3e88e7abd234e11c7a51c5402537cc6', 'sha1': '3492e604847616f63a1a089e860f2ff78ca51e2c', 'sha256': 'c36233f73935a74787d426cd60bab8a92e66c55c6f4180c270de99efa727d109'}, 'dob': {'date': '1996-11-21T03:31:57.441Z', 'age': 27}, 'registered': {'date': '2021-12-16T20:06:22.585Z', 'age': 2}, 'phone': '016973 49348', 'cell': '07308 248946', 'id': {'name': 'NINO', 'value': 'LB 16 86 07 T'}, 'picture': {'large': 'https://randomuser.me/api/portraits/men/54.jpg', 'medium': 'https://randomuser.me/api/portraits/med/men/54.jpg', 'thumbnail': 'https://randomuser.me/api/portraits/thumb/men/54.jpg'}, 'nat': 'GB'}</msg>
<arg>${json_data['results'][0]}</arg>
<doc>Logs the given message with the given level.</doc>
<status status="PASS" start="2024-08-02T07:15:27.111384" elapsed="0.000401"/>
</kw>
<kw name="Log" owner="BuiltIn">
<msg time="2024-08-02T07:15:27.112210" level="INFO">location</msg>
<arg>${key}</arg>
<doc>Logs the given message with the given level.</doc>
<status status="PASS" start="2024-08-02T07:15:27.112082" elapsed="0.000165"/>
</kw>
<var name="${key}">location</var>
<status status="PASS" start="2024-08-02T07:15:27.110704" elapsed="0.001756"/>
</iter>
<iter>
<kw name="Dictionary Should Contain Key" owner="Collections">
<arg>${json_data['results'][0]}</arg>
<arg>${key}</arg>
<doc>Fails if ``key`` is not found from ``dictionary``.</doc>
<status status="PASS" start="2024-08-02T07:15:27.112759" elapsed="0.000413"/>
</kw>
<kw name="Log" owner="BuiltIn">
<msg time="2024-08-02T07:15:27.113831" level="INFO">{'gender': 'male', 'name': {'title': 'Mr', 'first': 'Terrance', 'last': 'Moreno'}, 'location': {'street': {'number': 9025, 'name': 'South Street'}, 'city': 'Sunderland', 'state': 'South Yorkshire', 'country': 'United Kingdom', 'postcode': 'X0 1SR', 'coordinates': {'latitude': '-5.1389', 'longitude': '-54.5711'}, 'timezone': {'offset': '-3:30', 'description': 'Newfoundland'}}, 'email': 'terrance.moreno@example.com', 'login': {'uuid': 'ea4ebdc6-b9be-4318-84d5-def86afb883e', 'username': 'ticklishgoose869', 'password': 'dddddd', 'salt': 'SJU4ogGY', 'md5': 'e3e88e7abd234e11c7a51c5402537cc6', 'sha1': '3492e604847616f63a1a089e860f2ff78ca51e2c', 'sha256': 'c36233f73935a74787d426cd60bab8a92e66c55c6f4180c270de99efa727d109'}, 'dob': {'date': '1996-11-21T03:31:57.441Z', 'age': 27}, 'registered': {'date': '2021-12-16T20:06:22.585Z', 'age': 2}, 'phone': '016973 49348', 'cell': '07308 248946', 'id': {'name': 'NINO', 'value': 'LB 16 86 07 T'}, 'picture': {'large': 'https://randomuser.me/api/portraits/men/54.jpg', 'medium': 'https://randomuser.me/api/portraits/med/men/54.jpg', 'thumbnail': 'https://randomuser.me/api/portraits/thumb/men/54.jpg'}, 'nat': 'GB'}</msg>
<arg>${json_data['results'][0]}</arg>
<doc>Logs the given message with the given level.</doc>
<status status="PASS" start="2024-08-02T07:15:27.113481" elapsed="0.000398"/>
</kw>
<kw name="Log" owner="BuiltIn">
<msg time="2024-08-02T07:15:27.114304" level="INFO">email</msg>
<arg>${key}</arg>
<doc>Logs the given message with the given level.</doc>
<status status="PASS" start="2024-08-02T07:15:27.114173" elapsed="0.000169"/>
</kw>
<var name="${key}">email</var>
<status status="PASS" start="2024-08-02T07:15:27.112630" elapsed="0.001926"/>
</iter>
<iter>
<kw name="Dictionary Should Contain Key" owner="Collections">
<arg>${json_data['results'][0]}</arg>
<arg>${key}</arg>
<doc>Fails if ``key`` is not found from ``dictionary``.</doc>
<status status="PASS" start="2024-08-02T07:15:27.114837" elapsed="0.000374"/>
</kw>
<kw name="Log" owner="BuiltIn">
<msg time="2024-08-02T07:15:27.115737" level="INFO">{'gender': 'male', 'name': {'title': 'Mr', 'first': 'Terrance', 'last': 'Moreno'}, 'location': {'street': {'number': 9025, 'name': 'South Street'}, 'city': 'Sunderland', 'state': 'South Yorkshire', 'country': 'United Kingdom', 'postcode': 'X0 1SR', 'coordinates': {'latitude': '-5.1389', 'longitude': '-54.5711'}, 'timezone': {'offset': '-3:30', 'description': 'Newfoundland'}}, 'email': 'terrance.moreno@example.com', 'login': {'uuid': 'ea4ebdc6-b9be-4318-84d5-def86afb883e', 'username': 'ticklishgoose869', 'password': 'dddddd', 'salt': 'SJU4ogGY', 'md5': 'e3e88e7abd234e11c7a51c5402537cc6', 'sha1': '3492e604847616f63a1a089e860f2ff78ca51e2c', 'sha256': 'c36233f73935a74787d426cd60bab8a92e66c55c6f4180c270de99efa727d109'}, 'dob': {'date': '1996-11-21T03:31:57.441Z', 'age': 27}, 'registered': {'date': '2021-12-16T20:06:22.585Z', 'age': 2}, 'phone': '016973 49348', 'cell': '07308 248946', 'id': {'name': 'NINO', 'value': 'LB 16 86 07 T'}, 'picture': {'large': 'https://randomuser.me/api/portraits/men/54.jpg', 'medium': 'https://randomuser.me/api/portraits/med/men/54.jpg', 'thumbnail': 'https://randomuser.me/api/portraits/thumb/men/54.jpg'}, 'nat': 'GB'}</msg>
<arg>${json_data['results'][0]}</arg>
<doc>Logs the given message with the given level.</doc>
<status status="PASS" start="2024-08-02T07:15:27.115393" elapsed="0.000393"/>
</kw>
<kw name="Log" owner="BuiltIn">
<msg time="2024-08-02T07:15:27.116213" level="INFO">login</msg>
<arg>${key}</arg>
<doc>Logs the given message with the given level.</doc>
<status status="PASS" start="2024-08-02T07:15:27.116086" elapsed="0.000165"/>
</kw>
<var name="${key}">login</var>
<status status="PASS" start="2024-08-02T07:15:27.114729" elapsed="0.001735"/>
</iter>
<var>${key}</var>
<value>@{expected_keys}</value>
<status status="PASS" start="2024-08-02T07:15:27.106536" elapsed="0.010049"/>
</for>
<kw name="Create List" owner="BuiltIn">
<msg time="2024-08-02T07:15:27.116931" level="INFO">${expected_keysTwo} = ['username', 'password']</msg>
<var>${expected_keysTwo}</var>
<arg>username</arg>
<arg>password</arg>
<doc>Returns a list containing given items.</doc>
<status status="PASS" start="2024-08-02T07:15:27.116797" elapsed="0.000186"/>
</kw>
<for flavor="IN">
<iter>
<kw name="Dictionary Should Contain Key" owner="Collections">
<arg>${json_data['results'][0]['login']}</arg>
<arg>${keyTwo}</arg>
<doc>Fails if ``key`` is not found from ``dictionary``.</doc>
<status status="PASS" start="2024-08-02T07:15:27.117489" elapsed="0.000386"/>
</kw>
<kw name="Dictionary Should Contain Key" owner="Collections">
<arg>${json_data['results'][0]['login']}</arg>
<arg>${keyTwo}</arg>
<doc>Fails if ``key`` is not found from ``dictionary``.</doc>
<status status="PASS" start="2024-08-02T07:15:27.118056" elapsed="0.000369"/>
</kw>
<kw name="Log" owner="BuiltIn">
<msg time="2024-08-02T07:15:27.118722" level="INFO">username</msg>
<arg>${keyTwo}</arg>
<doc>Logs the given message with the given level.</doc>
<status status="PASS" start="2024-08-02T07:15:27.118601" elapsed="0.000159"/>
</kw>
<var name="${keyTwo}">username</var>
<status status="PASS" start="2024-08-02T07:15:27.117380" elapsed="0.001600"/>
</iter>
<iter>
<kw name="Dictionary Should Contain Key" owner="Collections">
<arg>${json_data['results'][0]['login']}</arg>
<arg>${keyTwo}</arg>
<doc>Fails if ``key`` is not found from ``dictionary``.</doc>
<status status="PASS" start="2024-08-02T07:15:27.119263" elapsed="0.000385"/>
</kw>
<kw name="Dictionary Should Contain Key" owner="Collections">
<arg>${json_data['results'][0]['login']}</arg>
<arg>${keyTwo}</arg>
<doc>Fails if ``key`` is not found from ``dictionary``.</doc>
<status status="PASS" start="2024-08-02T07:15:27.119828" elapsed="0.000371"/>
</kw>
<kw name="Log" owner="BuiltIn">
<msg time="2024-08-02T07:15:27.120499" level="INFO">password</msg>
<arg>${keyTwo}</arg>
<doc>Logs the given message with the given level.</doc>
<status status="PASS" start="2024-08-02T07:15:27.120375" elapsed="0.000162"/>
</kw>
<var name="${keyTwo}">password</var>
<status status="PASS" start="2024-08-02T07:15:27.119152" elapsed="0.001636"/>
</iter>
<var>${keyTwo}</var>
<value>@{expected_keysTwo}</value>
<status status="PASS" start="2024-08-02T07:15:27.117229" elapsed="0.003681"/>
</for>
<status status="PASS" start="2024-08-02T07:15:27.025314" elapsed="0.095739"/>
</kw>
<doc>Testa a estrutura da resposta da API.</doc>
<tag>testeEstruturaResposta</tag>
<status status="PASS" start="2024-08-02T07:15:27.024782" elapsed="0.096437"/>
</test>
<test id="s1-s1-t4" name="Validar tipos de dados" line="28">
<kw name="Teste de Tipos de Dados" owner="random-user-service">
<kw name="GET On Session" owner="RequestsLibrary">
<msg time="2024-08-02T07:15:27.240561" level="INFO">GET Request : url=https://randomuser.me/api 
 path_url=/api 
 headers={'User-Agent': 'python-requests/2.32.3', 'Accept-Encoding': 'gzip, deflate', 'Accept': '*/*', 'Connection': 'keep-alive'} 
 body=None 
 </msg>
<msg time="2024-08-02T07:15:27.240698" level="INFO">GET Response : url=https://randomuser.me/api 
 status=200, reason=OK 
 headers={'Date': 'Fri, 02 Aug 2024 07:15:27 GMT', 'Content-Type': 'application/json; charset=utf-8', 'Transfer-Encoding': 'chunked', 'Connection': 'keep-alive', 'X-Powered-By': 'Express', 'Access-Control-Allow-Origin': '*', 'Cache-Control': 'no-cache', 'ETag': 'W/"46b-fPSMI956WJTywUHXxu4zPecQ+a0"', 'Vary': 'Accept-Encoding', 'Content-Encoding': 'gzip', 'CF-Cache-Status': 'DYNAMIC', 'Report-To': '{"endpoints":[{"url":"https:\\/\\/a.nel.cloudflare.com\\/report\\/v4?s=%2Ba0yGgKc7oLcQUVuubTVrk3NTktaG%2B9sWk6htvsc6v4%2BYT6nO8MyCHEN67dKFLgbvvSarqMgn4agra5q5e1Z6wQYYhhijXSSq7%2FUQAbDg%2BmKKY5M2IZ2cTy1pd9T%2BkW3"}],"group":"cf-nel","max_age":604800}', 'NEL': '{"success_fraction":0,"report_to":"cf-nel","max_age":604800}', 'Server': 'cloudflare', 'CF-RAY': '8acc46de88fe1ff7-IAD', 'alt-svc': 'h3=":443"; ma=86400'} 
 body={"results":[{"gender":"male","name":{"title":"Mr","first":"Barry","last":"Williamson"},"location":{"street":{"number":7621,"name":"West Street"},"city":"Birr","state":"Kildare","country":"Ireland","postcode":37672,"coordinates":{"latitude":"-3.8251","longitude":"-50.2817"},"timezone":{"offset":"+5:45","description":"Kathmandu"}},"email":"barry.williamson@example.com","login":{"uuid":"1fccf164-453f-472a-aa09-7c0fbb202453","username":"angrylion530","password":"nana","salt":"stn8DjPj","md5":"70b97978940151a68c4aa063d726ffbd","sha1":"365bc3df30b7efa2625b172008a6cf1149ddb135","sha256":"ce061ba0cfab234018c5f8d12194de313e28ec8cd250401c7fc752751877d1ec"},"dob":{"date":"1987-07-28T20:32:49.926Z","age":37},"registered":{"date":"2003-06-19T13:04:16.280Z","age":21},"phone":"061-710-1332","cell":"081-282-1469","id":{"name":"PPS","value":"9572357T"},"picture":{"large":"https://randomuser.me/api/portraits/men/97.jpg","medium":"https://randomuser.me/api/portraits/med/men/97.jpg","thumbnail":"https://randomuser.me/api/portraits/thumb/men/97.jpg"},"nat":"IE"}],"info":{"seed":"1abc41d3208ed9dc","results":1,"page":1,"version":"1.4"}} 
 </msg>
<msg time="2024-08-02T07:15:27.240776" level="INFO">/opt/hostedtoolcache/Python/3.12.4/x64/lib/python3.12/site-packages/urllib3/connectionpool.py:1099: InsecureRequestWarning: Unverified HTTPS request is being made to host 'randomuser.me'. Adding certificate verification is strongly advised. See: https://urllib3.readthedocs.io/en/latest/advanced-usage.html#tls-warnings
  warnings.warn(</msg>
<msg time="2024-08-02T07:15:27.240896" level="INFO">${response} = &lt;Response [200]&gt;</msg>
<var>${response}</var>
<arg>consultarAPI</arg>
<arg>/api</arg>
<doc>Sends a GET request on a previously created HTTP Session.</doc>
<status status="PASS" start="2024-08-02T07:15:27.123717" elapsed="0.117208"/>
</kw>
<kw name="Set Variable" owner="BuiltIn">
<msg time="2024-08-02T07:15:27.241998" level="INFO">${json_data} = {'results': [{'gender': 'male', 'name': {'title': 'Mr', 'first': 'Barry', 'last': 'Williamson'}, 'location': {'street': {'number': 7621, 'name': 'West Street'}, 'city': 'Birr', 'state': 'Kildare', 'co...</msg>
<var>${json_data}</var>
<arg>${response.json()}</arg>
<doc>Returns the given values which can then be assigned to a variables.</doc>
<status status="PASS" start="2024-08-02T07:15:27.241467" elapsed="0.000559"/>
</kw>
<kw name="Log" owner="BuiltIn">
<msg time="2024-08-02T07:15:27.242482" level="INFO">{'results': [{'gender': 'male', 'name': {'title': 'Mr', 'first': 'Barry', 'last': 'Williamson'}, 'location': {'street': {'number': 7621, 'name': 'West Street'}, 'city': 'Birr', 'state': 'Kildare', 'country': 'Ireland', 'postcode': 37672, 'coordinates': {'latitude': '-3.8251', 'longitude': '-50.2817'}, 'timezone': {'offset': '+5:45', 'description': 'Kathmandu'}}, 'email': 'barry.williamson@example.com', 'login': {'uuid': '1fccf164-453f-472a-aa09-7c0fbb202453', 'username': 'angrylion530', 'password': 'nana', 'salt': 'stn8DjPj', 'md5': '70b97978940151a68c4aa063d726ffbd', 'sha1': '365bc3df30b7efa2625b172008a6cf1149ddb135', 'sha256': 'ce061ba0cfab234018c5f8d12194de313e28ec8cd250401c7fc752751877d1ec'}, 'dob': {'date': '1987-07-28T20:32:49.926Z', 'age': 37}, 'registered': {'date': '2003-06-19T13:04:16.280Z', 'age': 21}, 'phone': '061-710-1332', 'cell': '081-282-1469', 'id': {'name': 'PPS', 'value': '9572357T'}, 'picture': {'large': 'https://randomuser.me/api/portraits/men/97.jpg', 'medium': 'https://randomuser.me/api/portraits/med/men/97.jpg', 'thumbnail': 'https://randomuser.me/api/portraits/thumb/men/97.jpg'}, 'nat': 'IE'}], 'info': {'seed': '1abc41d3208ed9dc', 'results': 1, 'page': 1, 'version': '1.4'}}</msg>
<arg>${json_data}</arg>
<doc>Logs the given message with the given level.</doc>
<status status="PASS" start="2024-08-02T07:15:27.242327" elapsed="0.000201"/>
</kw>
<kw name="Should Be String" owner="String">
<arg>${json_data['results'][0]['gender']}</arg>
<doc>Fails if the given ``item`` is not a string.</doc>
<status status="PASS" start="2024-08-02T07:15:27.242816" elapsed="0.000360"/>
</kw>
<kw name="Should Match Regexp" owner="BuiltIn">
<arg>${json_data['results'][0]['email']}</arg>
<arg>^[a-zA-Z0-9._%+-]+@[a-zA-Z0-9.-]+\.[a-zA-Z]{2,}$</arg>
<doc>Fails if ``string`` does not match ``pattern`` as a regular expression.</doc>
<status status="PASS" start="2024-08-02T07:15:27.243362" elapsed="0.000511"/>
</kw>
<kw name="Should Match Regexp" owner="BuiltIn">
<arg>${json_data['results'][0]['dob']['date']}</arg>
<arg>\\d{4}-\\d{2}-\\d{2}T\\d{2}:\\d{2}:\\d{2}\\.\\d{3}Z</arg>
<doc>Fails if ``string`` does not match ``pattern`` as a regular expression.</doc>
<status status="PASS" start="2024-08-02T07:15:27.244104" elapsed="0.000670"/>
</kw>
<kw name="Should Match Regexp" owner="BuiltIn">
<arg>${json_data['results'][0]['registered']['date']}</arg>
<arg>\\d{4}-\\d{2}-\\d{2}T\\d{2}:\\d{2}:\\d{2}\\.\\d{3}Z</arg>
<doc>Fails if ``string`` does not match ``pattern`` as a regular expression.</doc>
<status status="PASS" start="2024-08-02T07:15:27.244969" elapsed="0.000371"/>
</kw>
<kw name="Should Match Regexp" owner="BuiltIn">
<arg>${json_data['results'][0]['picture']['large']}</arg>
<arg>^https?://.*\.(?:png|jpe?g|gif|bmp)$</arg>
<doc>Fails if ``string`` does not match ``pattern`` as a regular expression.</doc>
<status status="PASS" start="2024-08-02T07:15:27.245524" elapsed="0.000451"/>
</kw>
<kw name="Should Match Regexp" owner="BuiltIn">
<arg>${json_data['results'][0]['picture']['medium']}</arg>
<arg>^https?://.*\.(?:png|jpe?g|gif|bmp)$</arg>
<doc>Fails if ``string`` does not match ``pattern`` as a regular expression.</doc>
<status status="PASS" start="2024-08-02T07:15:27.246165" elapsed="0.000349"/>
</kw>
<kw name="Should Match Regexp" owner="BuiltIn">
<arg>${json_data['results'][0]['picture']['thumbnail']}</arg>
<arg>^https?://.*\.(?:png|jpe?g|gif|bmp)$</arg>
<doc>Fails if ``string`` does not match ``pattern`` as a regular expression.</doc>
<status status="PASS" start="2024-08-02T07:15:27.246694" elapsed="0.000343"/>
</kw>
<kw name="Log" owner="BuiltIn">
<msg time="2024-08-02T07:15:27.247535" level="INFO">{'large': 'https://randomuser.me/api/portraits/men/97.jpg', 'medium': 'https://randomuser.me/api/portraits/med/men/97.jpg', 'thumbnail': 'https://randomuser.me/api/portraits/thumb/men/97.jpg'}</msg>
<arg>${json_data['results'][0]['picture']}</arg>
<doc>Logs the given message with the given level.</doc>
<status status="PASS" start="2024-08-02T07:15:27.247215" elapsed="0.000361"/>
</kw>
<status status="PASS" start="2024-08-02T07:15:27.123480" elapsed="0.124352"/>
</kw>
<kw name="Teste de Tipos de Dados - Postcode" owner="random-user-service">
<kw name="GET On Session" owner="RequestsLibrary">
<msg time="2024-08-02T07:15:27.314228" level="INFO">GET Request : url=https://randomuser.me/api 
 path_url=/api 
 headers={'User-Agent': 'python-requests/2.32.3', 'Accept-Encoding': 'gzip, deflate', 'Accept': '*/*', 'Connection': 'keep-alive'} 
 body=None 
 </msg>
<msg time="2024-08-02T07:15:27.314308" level="INFO">GET Response : url=https://randomuser.me/api 
 status=200, reason=OK 
 headers={'Date': 'Fri, 02 Aug 2024 07:15:27 GMT', 'Content-Type': 'application/json; charset=utf-8', 'Transfer-Encoding': 'chunked', 'Connection': 'keep-alive', 'X-Powered-By': 'Express', 'Access-Control-Allow-Origin': '*', 'Cache-Control': 'no-cache', 'ETag': 'W/"496-LRzUHnjFFutAiEn2u3SUGo+MD4I"', 'Vary': 'Accept-Encoding', 'Content-Encoding': 'gzip', 'CF-Cache-Status': 'DYNAMIC', 'Report-To': '{"endpoints":[{"url":"https:\\/\\/a.nel.cloudflare.com\\/report\\/v4?s=aQlQTowi0EGJc0ToO0k7ZPjQUBvLQmcGqRhfpCv44iAD4g%2F5t4u8G4HV7LKWZcHGp6G%2Fs%2BRi22xUiRUKdldxa4BSQ%2BQodQH3xl6OyJv11PrfOFhK2aJjj%2Bds%2F4IenXvE"}],"group":"cf-nel","max_age":604800}', 'NEL': '{"success_fraction":0,"report_to":"cf-nel","max_age":604800}', 'Server': 'cloudflare', 'CF-RAY': '8acc46df598a1ff7-IAD', 'alt-svc': 'h3=":443"; ma=86400'} 
 body={"results":[{"gender":"female","name":{"title":"Ms","first":"Charlene","last":"Wood"},"location":{"street":{"number":4955,"name":"Woodland St"},"city":"Sunshine Coast","state":"Western Australia","country":"Australia","postcode":3362,"coordinates":{"latitude":"-89.6108","longitude":"156.0733"},"timezone":{"offset":"+2:00","description":"Kaliningrad, South Africa"}},"email":"charlene.wood@example.com","login":{"uuid":"2ff87fcf-5496-4ada-bb75-25224083e6b3","username":"goldendog401","password":"irish1","salt":"sMzO2N8R","md5":"841fb6d2dc7bffa1a2d0db8fb8e6e58c","sha1":"a5003376567ede8b619f88af89909c159a3de127","sha256":"aef4427f312761a1fa7d760b0269e56deb7e32eec592e640471a6f46504834cc"},"dob":{"date":"1954-02-15T17:21:45.500Z","age":70},"registered":{"date":"2005-02-04T16:37:15.259Z","age":19},"phone":"00-5184-6231","cell":"0481-171-574","id":{"name":"TFN","value":"470808504"},"picture":{"large":"https://randomuser.me/api/portraits/women/25.jpg","medium":"https://randomuser.me/api/portraits/med/women/25.jpg","thumbnail":"https://randomuser.me/api/portraits/thumb/women/25.jpg"},"nat":"AU"}],"info":{"seed":"a0b722e7ca5a9c5f","results":1,"page":1,"version":"1.4"}} 
 </msg>
<msg time="2024-08-02T07:15:27.314376" level="INFO">/opt/hostedtoolcache/Python/3.12.4/x64/lib/python3.12/site-packages/urllib3/connectionpool.py:1099: InsecureRequestWarning: Unverified HTTPS request is being made to host 'randomuser.me'. Adding certificate verification is strongly advised. See: https://urllib3.readthedocs.io/en/latest/advanced-usage.html#tls-warnings
  warnings.warn(</msg>
<msg time="2024-08-02T07:15:27.314490" level="INFO">${response} = &lt;Response [200]&gt;</msg>
<var>${response}</var>
<arg>consultarAPI</arg>
<arg>/api</arg>
<doc>Sends a GET request on a previously created HTTP Session.</doc>
<status status="PASS" start="2024-08-02T07:15:27.248288" elapsed="0.066249"/>
</kw>
<kw name="Set Variable" owner="BuiltIn">
<msg time="2024-08-02T07:15:27.315601" level="INFO">${json_data} = {'results': [{'gender': 'female', 'name': {'title': 'Ms', 'first': 'Charlene', 'last': 'Wood'}, 'location': {'street': {'number': 4955, 'name': 'Woodland St'}, 'city': 'Sunshine Coast', 'state': 'West...</msg>
<var>${json_data}</var>
<arg>${response.json()}</arg>
<doc>Returns the given values which can then be assigned to a variables.</doc>
<status status="PASS" start="2024-08-02T07:15:27.315047" elapsed="0.000582"/>
</kw>
<kw name="Log" owner="BuiltIn">
<msg time="2024-08-02T07:15:27.316091" level="INFO">{'results': [{'gender': 'female', 'name': {'title': 'Ms', 'first': 'Charlene', 'last': 'Wood'}, 'location': {'street': {'number': 4955, 'name': 'Woodland St'}, 'city': 'Sunshine Coast', 'state': 'Western Australia', 'country': 'Australia', 'postcode': 3362, 'coordinates': {'latitude': '-89.6108', 'longitude': '156.0733'}, 'timezone': {'offset': '+2:00', 'description': 'Kaliningrad, South Africa'}}, 'email': 'charlene.wood@example.com', 'login': {'uuid': '2ff87fcf-5496-4ada-bb75-25224083e6b3', 'username': 'goldendog401', 'password': 'irish1', 'salt': 'sMzO2N8R', 'md5': '841fb6d2dc7bffa1a2d0db8fb8e6e58c', 'sha1': 'a5003376567ede8b619f88af89909c159a3de127', 'sha256': 'aef4427f312761a1fa7d760b0269e56deb7e32eec592e640471a6f46504834cc'}, 'dob': {'date': '1954-02-15T17:21:45.500Z', 'age': 70}, 'registered': {'date': '2005-02-04T16:37:15.259Z', 'age': 19}, 'phone': '00-5184-6231', 'cell': '0481-171-574', 'id': {'name': 'TFN', 'value': '470808504'}, 'picture': {'large': 'https://randomuser.me/api/portraits/women/25.jpg', 'medium': 'https://randomuser.me/api/portraits/med/women/25.jpg', 'thumbnail': 'https://randomuser.me/api/portraits/thumb/women/25.jpg'}, 'nat': 'AU'}], 'info': {'seed': 'a0b722e7ca5a9c5f', 'results': 1, 'page': 1, 'version': '1.4'}}</msg>
<arg>${json_data}</arg>
<doc>Logs the given message with the given level.</doc>
<status status="PASS" start="2024-08-02T07:15:27.315937" elapsed="0.000200"/>
</kw>
<kw name="Should Be Equal As Numbers" owner="BuiltIn">
<arg>${json_data['results'][0]['location']['postcode']}</arg>
<arg>${json_data['results'][0]['location']['postcode']}</arg>
<doc>Fails if objects are unequal after converting them to real numbers.</doc>
<status status="PASS" start="2024-08-02T07:15:27.316443" elapsed="0.000660"/>
</kw>
<kw name="Log" owner="BuiltIn">
<msg time="2024-08-02T07:15:27.317633" level="INFO">3362</msg>
<arg>${json_data['results'][0]['location']['postcode']}</arg>
<doc>Logs the given message with the given level.</doc>
<status status="PASS" start="2024-08-02T07:15:27.317295" elapsed="0.000379"/>
</kw>
<status status="PASS" start="2024-08-02T07:15:27.248058" elapsed="0.069898"/>
</kw>
<doc>Testa se os tipos de dados na resposta da API estão corretos.</doc>
<tag>testeTiposDados</tag>
<status status="PASS" start="2024-08-02T07:15:27.122987" elapsed="0.195139"/>
</test>
<test id="s1-s1-t5" name="Validar conteudo" line="35">
<kw name="Teste de Tipos de Conteudo" owner="random-user-service">
<kw name="GET On Session" owner="RequestsLibrary">
<msg time="2024-08-02T07:15:27.444976" level="INFO">GET Request : url=https://randomuser.me/api 
 path_url=/api 
 headers={'User-Agent': 'python-requests/2.32.3', 'Accept-Encoding': 'gzip, deflate', 'Accept': '*/*', 'Connection': 'keep-alive'} 
 body=None 
 </msg>
<msg time="2024-08-02T07:15:27.445081" level="INFO">GET Response : url=https://randomuser.me/api 
 status=200, reason=OK 
 headers={'Date': 'Fri, 02 Aug 2024 07:15:27 GMT', 'Content-Type': 'application/json; charset=utf-8', 'Transfer-Encoding': 'chunked', 'Connection': 'keep-alive', 'X-Powered-By': 'Express', 'Access-Control-Allow-Origin': '*', 'Cache-Control': 'no-cache', 'ETag': 'W/"485-YbHGxZjiXom1JudPorOYE3rL7s0"', 'Vary': 'Accept-Encoding', 'Content-Encoding': 'gzip', 'CF-Cache-Status': 'DYNAMIC', 'Report-To': '{"endpoints":[{"url":"https:\\/\\/a.nel.cloudflare.com\\/report\\/v4?s=KeRm3phdpW%2FVVb%2B4WVhU58eiatpz%2FElkO5mNLC3mqvLGbYWjufqpvJdS7RqCwNoFXQ3wyDBc9XF1PAZA70nrdy4sryshsczlkOAfoX9%2By4UPV6utVH96KOebgvatyr2w"}],"group":"cf-nel","max_age":604800}', 'NEL': '{"success_fraction":0,"report_to":"cf-nel","max_age":604800}', 'Server': 'cloudflare', 'CF-RAY': '8acc46dfc9e51ff7-IAD', 'alt-svc': 'h3=":443"; ma=86400'} 
 body={"results":[{"gender":"male","name":{"title":"Mr","first":"Yarilo","last":"Balanovskiy"},"location":{"street":{"number":1268,"name":"Kochubeyivskiy provulok"},"city":"Nizhin","state":"Odeska","country":"Ukraine","postcode":42241,"coordinates":{"latitude":"73.6771","longitude":"-78.1076"},"timezone":{"offset":"-11:00","description":"Midway Island, Samoa"}},"email":"yarilo.balanovskiy@example.com","login":{"uuid":"f0027995-3398-4408-9cad-bfcc805a49c9","username":"purpleswan729","password":"rhonda","salt":"onJHsbFu","md5":"c8e1214e27298be4fdfb8ed2636be5c2","sha1":"a5f5733c387ec5a668f5723774e1795c83fdf30c","sha256":"c7fdd38c801686ba2a2851101697d3d90ea75cb5936f9b5aedfb300b6c32c446"},"dob":{"date":"1998-10-20T18:17:23.767Z","age":25},"registered":{"date":"2017-08-06T06:59:28.083Z","age":6},"phone":"(096) B36-2575","cell":"(098) C29-6401","id":{"name":"","value":null},"picture":{"large":"https://randomuser.me/api/portraits/men/78.jpg","medium":"https://randomuser.me/api/portraits/med/men/78.jpg","thumbnail":"https://randomuser.me/api/portraits/thumb/men/78.jpg"},"nat":"UA"}],"info":{"seed":"4cf8e65b2f796da4","results":1,"page":1,"version":"1.4"}} 
 </msg>
<msg time="2024-08-02T07:15:27.445148" level="INFO">/opt/hostedtoolcache/Python/3.12.4/x64/lib/python3.12/site-packages/urllib3/connectionpool.py:1099: InsecureRequestWarning: Unverified HTTPS request is being made to host 'randomuser.me'. Adding certificate verification is strongly advised. See: https://urllib3.readthedocs.io/en/latest/advanced-usage.html#tls-warnings
  warnings.warn(</msg>
<msg time="2024-08-02T07:15:27.445270" level="INFO">${response} = &lt;Response [200]&gt;</msg>
<var>${response}</var>
<arg>consultarAPI</arg>
<arg>/api</arg>
<doc>Sends a GET request on a previously created HTTP Session.</doc>
<status status="PASS" start="2024-08-02T07:15:27.320563" elapsed="0.124747"/>
</kw>
<kw name="Set Variable" owner="BuiltIn">
<msg time="2024-08-02T07:15:27.446499" level="INFO">${json_data} = {'results': [{'gender': 'male', 'name': {'title': 'Mr', 'first': 'Yarilo', 'last': 'Balanovskiy'}, 'location': {'street': {'number': 1268, 'name': 'Kochubeyivskiy provulok'}, 'city': 'Nizhin', 'state'...</msg>
<var>${json_data}</var>
<arg>${response.json()}</arg>
<doc>Returns the given values which can then be assigned to a variables.</doc>
<status status="PASS" start="2024-08-02T07:15:27.445925" elapsed="0.000603"/>
</kw>
<kw name="Set Variable" owner="BuiltIn">
<msg time="2024-08-02T07:15:27.447213" level="INFO">${name_title} = Mr</msg>
<var>${name_title}</var>
<arg>${json_data["results"][0]["name"]["title"]}</arg>
<doc>Returns the given values which can then be assigned to a variables.</doc>
<status status="PASS" start="2024-08-02T07:15:27.446834" elapsed="0.000405"/>
</kw>
<kw name="Create List" owner="BuiltIn">
<msg time="2024-08-02T07:15:27.447681" level="INFO">${allowed_titles} = ['Mr', 'Ms', 'Miss', 'Mrs', 'Madame', 'Monsieur']</msg>
<var>${allowed_titles}</var>
<arg>Mr</arg>
<arg>Ms</arg>
<arg>Miss</arg>
<arg>Mrs</arg>
<arg>Madame</arg>
<arg>Monsieur</arg>
<doc>Returns a list containing given items.</doc>
<status status="PASS" start="2024-08-02T07:15:27.447534" elapsed="0.000172"/>
</kw>
<kw name="List Should Contain Value" owner="Collections">
<arg>${allowed_titles}</arg>
<arg>${name_title}</arg>
<doc>Fails if the ``value`` is not found from ``list``.</doc>
<status status="PASS" start="2024-08-02T07:15:27.448005" elapsed="0.000185"/>
</kw>
<kw name="Set Variable" owner="BuiltIn">
<msg time="2024-08-02T07:15:27.448784" level="INFO">${name_country} = UA</msg>
<var>${name_country}</var>
<arg>${json_data["results"][0]["nat"]}</arg>
<doc>Returns the given values which can then be assigned to a variables.</doc>
<status status="PASS" start="2024-08-02T07:15:27.448372" elapsed="0.000438"/>
</kw>
<kw name="Create List" owner="BuiltIn">
<msg time="2024-08-02T07:15:27.449694" level="INFO">${list_country} = ['AD', 'AE', 'AF', 'AG', 'AI', 'AL', 'AM', 'AO', 'AQ', 'AR', 'AS', 'AT', 'AU', 'AW', 'AX', 'AZ', 'BA', 'BB', 'BD', 'BE', 'BF', 'BG', 'BH', 'BI', 'BJ', 'BL', 'BM', 'BN', 'BO', 'BQ', 'BR', 'BS', 'BT', '...</msg>
<var>${list_country}</var>
<arg>AD</arg>
<arg>AE</arg>
<arg>AF</arg>
<arg>AG</arg>
<arg>AI</arg>
<arg>AL</arg>
<arg>AM</arg>
<arg>AO</arg>
<arg>AQ</arg>
<arg>AR</arg>
<arg>AS</arg>
<arg>AT</arg>
<arg>AU</arg>
<arg>AW</arg>
<arg>AX</arg>
<arg>AZ</arg>
<arg>BA</arg>
<arg>BB</arg>
<arg>BD</arg>
<arg>BE</arg>
<arg>BF</arg>
<arg>BG</arg>
<arg>BH</arg>
<arg>BI</arg>
<arg>BJ</arg>
<arg>BL</arg>
<arg>BM</arg>
<arg>BN</arg>
<arg>BO</arg>
<arg>BQ</arg>
<arg>BR</arg>
<arg>BS</arg>
<arg>BT</arg>
<arg>BV</arg>
<arg>BW</arg>
<arg>BY</arg>
<arg>BZ</arg>
<arg>CA</arg>
<arg>CC</arg>
<arg>CD</arg>
<arg>CF</arg>
<arg>CG</arg>
<arg>CH</arg>
<arg>CI</arg>
<arg>CK</arg>
<arg>CL</arg>
<arg>CM</arg>
<arg>CN</arg>
<arg>CO</arg>
<arg>CR</arg>
<arg>CU</arg>
<arg>CV</arg>
<arg>CW</arg>
<arg>CX</arg>
<arg>CY</arg>
<arg>CZ</arg>
<arg>DE</arg>
<arg>DJ</arg>
<arg>DK</arg>
<arg>DM</arg>
<arg>DO</arg>
<arg>DZ</arg>
<arg>EC</arg>
<arg>EE</arg>
<arg>EG</arg>
<arg>EH</arg>
<arg>ER</arg>
<arg>ES</arg>
<arg>ET</arg>
<arg>FI</arg>
<arg>FJ</arg>
<arg>FK</arg>
<arg>FM</arg>
<arg>FO</arg>
<arg>FR</arg>
<arg>GA</arg>
<arg>GB</arg>
<arg>GD</arg>
<arg>GE</arg>
<arg>GF</arg>
<arg>GG</arg>
<arg>GH</arg>
<arg>GI</arg>
<arg>GL</arg>
<arg>GM</arg>
<arg>GN</arg>
<arg>GP</arg>
<arg>GQ</arg>
<arg>GR</arg>
<arg>GS</arg>
<arg>GT</arg>
<arg>GU</arg>
<arg>GW</arg>
<arg>GY</arg>
<arg>HK</arg>
<arg>HM</arg>
<arg>HN</arg>
<arg>HR</arg>
<arg>HT</arg>
<arg>HU</arg>
<arg>ID</arg>
<arg>IE</arg>
<arg>IL</arg>
<arg>IM</arg>
<arg>IN</arg>
<arg>IO</arg>
<arg>IQ</arg>
<arg>IR</arg>
<arg>IS</arg>
<arg>IT</arg>
<arg>JE</arg>
<arg>JM</arg>
<arg>JO</arg>
<arg>JP</arg>
<arg>KE</arg>
<arg>KG</arg>
<arg>KH</arg>
<arg>KI</arg>
<arg>KM</arg>
<arg>KN</arg>
<arg>KP</arg>
<arg>KR</arg>
<arg>KW</arg>
<arg>KY</arg>
<arg>KZ</arg>
<arg>LA</arg>
<arg>LB</arg>
<arg>LC</arg>
<arg>LI</arg>
<arg>LK</arg>
<arg>LR</arg>
<arg>LS</arg>
<arg>LT</arg>
<arg>LU</arg>
<arg>LV</arg>
<arg>LY</arg>
<arg>MA</arg>
<arg>MC</arg>
<arg>MD</arg>
<arg>ME</arg>
<arg>MF</arg>
<arg>MG</arg>
<arg>MH</arg>
<arg>MK</arg>
<arg>ML</arg>
<arg>MM</arg>
<arg>MN</arg>
<arg>MO</arg>
<arg>MP</arg>
<arg>MQ</arg>
<arg>MR</arg>
<arg>MS</arg>
<arg>MT</arg>
<arg>MU</arg>
<arg>MV</arg>
<arg>MW</arg>
<arg>MX</arg>
<arg>MY</arg>
<arg>MZ</arg>
<arg>NA</arg>
<arg>NC</arg>
<arg>NE</arg>
<arg>NF</arg>
<arg>NG</arg>
<arg>NI</arg>
<arg>NL</arg>
<arg>NO</arg>
<arg>NP</arg>
<arg>NR</arg>
<arg>NU</arg>
<arg>NZ</arg>
<arg>OM</arg>
<arg>PA</arg>
<arg>PE</arg>
<arg>PF</arg>
<arg>PG</arg>
<arg>PH</arg>
<arg>PK</arg>
<arg>PL</arg>
<arg>PM</arg>
<arg>PN</arg>
<arg>PR</arg>
<arg>PS</arg>
<arg>PT</arg>
<arg>PW</arg>
<arg>PY</arg>
<arg>QA</arg>
<arg>RE</arg>
<arg>RO</arg>
<arg>RS</arg>
<arg>RU</arg>
<arg>RW</arg>
<arg>SA</arg>
<arg>SB</arg>
<arg>SC</arg>
<arg>SD</arg>
<arg>SE</arg>
<arg>SG</arg>
<arg>SH</arg>
<arg>SI</arg>
<arg>SJ</arg>
<arg>SK</arg>
<arg>SL</arg>
<arg>SM</arg>
<arg>SN</arg>
<arg>SO</arg>
<arg>SR</arg>
<arg>SS</arg>
<arg>ST</arg>
<arg>SV</arg>
<arg>SX</arg>
<arg>SY</arg>
<arg>SZ</arg>
<arg>TC</arg>
<arg>TD</arg>
<arg>TF</arg>
<arg>TG</arg>
<arg>TH</arg>
<arg>TJ</arg>
<arg>TK</arg>
<arg>TL</arg>
<arg>TM</arg>
<arg>TN</arg>
<arg>TO</arg>
<arg>TR</arg>
<arg>TT</arg>
<arg>TV</arg>
<arg>TW</arg>
<arg>TZ</arg>
<arg>UA</arg>
<arg>UG</arg>
<arg>UM</arg>
<arg>US</arg>
<arg>UY</arg>
<arg>UZ</arg>
<arg>VA</arg>
<arg>VC</arg>
<arg>VE</arg>
<arg>VG</arg>
<arg>VI</arg>
<arg>VN</arg>
<arg>VU</arg>
<arg>WF</arg>
<arg>WS</arg>
<arg>XK</arg>
<arg>YE</arg>
<arg>YT</arg>
<arg>ZA</arg>
<arg>ZM</arg>
<arg>ZW</arg>
<doc>Returns a list containing given items.</doc>
<status status="PASS" start="2024-08-02T07:15:27.449101" elapsed="0.000618"/>
</kw>
<kw name="List Should Contain Value" owner="Collections">
<arg>${list_country}</arg>
<arg>${name_country}</arg>
<doc>Fails if the ``value`` is not found from ``list``.</doc>
<status status="PASS" start="2024-08-02T07:15:27.450705" elapsed="0.000211"/>
</kw>
<kw name="Run Keyword If" owner="BuiltIn">
<kw name="Should Be True" owner="BuiltIn">
<arg>${True}</arg>
<doc>Fails if the given condition is not true.</doc>
<status status="PASS" start="2024-08-02T07:15:27.451860" elapsed="0.000143"/>
</kw>
<arg>${json_data["results"][0]["location"]["coordinates"]["latitude"]} &gt;= -90 and ${json_data["results"][0]["location"]["coordinates"]["latitude"]} &lt;= 90</arg>
<arg>Should Be True</arg>
<arg>${True}</arg>
<doc>Runs the given keyword with the given arguments, if ``condition`` is true.</doc>
<status status="PASS" start="2024-08-02T07:15:27.451116" elapsed="0.001015"/>
</kw>
<kw name="Run Keyword If" owner="BuiltIn">
<kw name="Should Be True" owner="BuiltIn">
<arg>${True}</arg>
<doc>Fails if the given condition is not true.</doc>
<status status="PASS" start="2024-08-02T07:15:27.453037" elapsed="0.000139"/>
</kw>
<arg>${json_data["results"][0]["location"]["coordinates"]["longitude"]} &gt;= -180 and ${json_data["results"][0]["location"]["coordinates"]["longitude"]} &lt;= 180</arg>
<arg>Should Be True</arg>
<arg>${True}</arg>
<doc>Runs the given keyword with the given arguments, if ``condition`` is true.</doc>
<status status="PASS" start="2024-08-02T07:15:27.452314" elapsed="0.000985"/>
</kw>
<status status="PASS" start="2024-08-02T07:15:27.320336" elapsed="0.133095"/>
</kw>
<doc>Testa o conteúdo específico dos campos retornados pela API.</doc>
<tag>testeConteudo</tag>
<status status="PASS" start="2024-08-02T07:15:27.319891" elapsed="0.133689"/>
</test>
<status status="PASS" start="2024-08-02T07:15:26.424556" elapsed="1.031005"/>
</suite>
<status status="PASS" start="2024-08-02T07:15:26.409880" elapsed="1.050878"/>
</suite>
<statistics>
<total>
<stat pass="5" fail="0" skip="0">All Tests</stat>
</total>
<tag>
<stat pass="1" fail="0" skip="0">testeConteudo</stat>
<stat pass="1" fail="0" skip="0">testeEstruturaResposta</stat>
<stat pass="1" fail="0" skip="0">testeRequisicaoBasica</stat>
<stat pass="1" fail="0" skip="0">testeTiposDados</stat>
</tag>
<suite>
<stat pass="5" fail="0" skip="0" id="s1" name="Tests">Tests</stat>
<stat pass="5" fail="0" skip="0" id="s1-s1" name="Random-User-Test">Tests.Random-User-Test</stat>
</suite>
</statistics>
<errors>
</errors>
</robot>
