<?xml version="1.0" encoding="UTF-8"?>
<robot generator="Robot 7.0 (Python 3.12.3 on linux)" generated="2024-05-23T18:18:50.657099" rpa="false" schemaversion="5">
<suite id="s1" name="Tests" source="/home/runner/work/DesafioQAItauRogerioJordao/DesafioQAItauRogerioJordao/RamdonUser/tests">
<suite id="s1-s1" name="Random-User-Test" source="/home/runner/work/DesafioQAItauRogerioJordao/DesafioQAItauRogerioJordao/RamdonUser/tests/random-user-test.robot">
<test id="s1-s1-t1" name="Conectar" line="13">
<kw name="Conectar API" owner="random-user-service">
<kw name="Create Session" owner="RequestsLibrary">
<msg time="2024-05-23T18:18:51.104641" level="INFO">Creating Session using : alias=consultarAPI, url=https://randomuser.me/, headers={},                     cookies={}, auth=None, timeout=None, proxies=None, verify=False,                     debug=0 </msg>
<arg>consultarAPI</arg>
<arg>${URL}</arg>
<doc>Create Session: create a HTTP session to a server</doc>
<status status="PASS" start="2024-05-23T18:18:51.104442" elapsed="0.000366"/>
</kw>
<status status="PASS" start="2024-05-23T18:18:51.103422" elapsed="0.001738"/>
</kw>
<status status="PASS" start="2024-05-23T18:18:51.102906" elapsed="0.002447"/>
</test>
<test id="s1-s1-t2" name="Validar retorno 200 e JSON Válido" line="16">
<kw name="Teste de Requisicao Basica" owner="random-user-service">
<kw name="GET On Session" owner="RequestsLibrary">
<msg time="2024-05-23T18:18:51.304805" level="INFO">GET Request : url=https://randomuser.me/api 
 path_url=/api 
 headers={'User-Agent': 'python-requests/2.32.2', 'Accept-Encoding': 'gzip, deflate', 'Accept': '*/*', 'Connection': 'keep-alive'} 
 body=None 
 </msg>
<msg time="2024-05-23T18:18:51.304945" level="INFO">GET Response : url=https://randomuser.me/api 
 status=200, reason=OK 
 headers={'Date': 'Thu, 23 May 2024 18:18:51 GMT', 'Content-Type': 'application/json; charset=utf-8', 'Transfer-Encoding': 'chunked', 'Connection': 'keep-alive', 'X-Powered-By': 'Express', 'Access-Control-Allow-Origin': '*', 'Cache-Control': 'no-cache', 'ETag': 'W/"489-9fHLyLLJVsUT2T08WIoM5K0b5Ao"', 'Vary': 'Accept-Encoding', 'Content-Encoding': 'gzip', 'CF-Cache-Status': 'DYNAMIC', 'Report-To': '{"endpoints":[{"url":"https:\\/\\/a.nel.cloudflare.com\\/report\\/v4?s=G4HsDifmmx1eQcKtWXOSKE4wzISz%2FcIkq4%2FpJAHCzOirXq9IJhfXGKstxqgF8vunlOtO%2Bugnz6zBp5yw7604S3GSkXL69p%2FK0fsEaRqeZWSJfhD%2BcQzwz1aDbazf4F%2Fp"}],"group":"cf-nel","max_age":604800}', 'NEL': '{"success_fraction":0,"report_to":"cf-nel","max_age":604800}', 'Server': 'cloudflare', 'CF-RAY': '88870d064d52397f-IAD', 'alt-svc': 'h3=":443"; ma=86400'} 
 body={"results":[{"gender":"male","name":{"title":"Mr","first":"Pablo","last":"Bertrand"},"location":{"street":{"number":5247,"name":"Rue de la Gare"},"city":"Nancy","state":"Meuse","country":"France","postcode":97967,"coordinates":{"latitude":"-14.2400","longitude":"-146.2562"},"timezone":{"offset":"-1:00","description":"Azores, Cape Verde Islands"}},"email":"pablo.bertrand@example.com","login":{"uuid":"c068a8af-fc06-4887-b0a3-bc192a11d4ab","username":"redduck774","password":"100000","salt":"9YcAGHCE","md5":"be0c8f0d125a047ecc54939a4a69d311","sha1":"403dc81d6b87dd54fb08abf0698835291c0a1dce","sha256":"c05358afc90e128d1599858fd2957670c26e4ade005a3eb0c768d4a80c8eee73"},"dob":{"date":"1989-09-21T09:29:06.350Z","age":34},"registered":{"date":"2003-10-19T20:29:09.077Z","age":20},"phone":"01-61-08-26-71","cell":"06-68-45-89-65","id":{"name":"INSEE","value":"1890827007335 69"},"picture":{"large":"https://randomuser.me/api/portraits/men/56.jpg","medium":"https://randomuser.me/api/portraits/med/men/56.jpg","thumbnail":"https://randomuser.me/api/portraits/thumb/men/56.jpg"},"nat":"FR"}],"info":{"seed":"fad7dd60085c944f","results":1,"page":1,"version":"1.4"}} 
 </msg>
<msg time="2024-05-23T18:18:51.305036" level="INFO">/opt/hostedtoolcache/Python/3.12.3/x64/lib/python3.12/site-packages/urllib3/connectionpool.py:1103: InsecureRequestWarning: Unverified HTTPS request is being made to host 'randomuser.me'. Adding certificate verification is strongly advised. See: https://urllib3.readthedocs.io/en/latest/advanced-usage.html#tls-warnings
  warnings.warn(</msg>
<msg time="2024-05-23T18:18:51.305187" level="INFO">${response} = &lt;Response [200]&gt;</msg>
<var>${response}</var>
<arg>consultarAPI</arg>
<arg>/api</arg>
<doc>Sends a GET request on a previously created HTTP Session.</doc>
<status status="PASS" start="2024-05-23T18:18:51.108010" elapsed="0.197234"/>
</kw>
<kw name="Should Be Equal As Numbers" owner="BuiltIn">
<msg time="2024-05-23T18:18:51.306290" level="INFO">Argument types are:
&lt;class 'int'&gt;
&lt;class 'str'&gt;</msg>
<arg>${response.status_code}</arg>
<arg>200</arg>
<doc>Fails if objects are unequal after converting them to real numbers.</doc>
<status status="PASS" start="2024-05-23T18:18:51.305769" elapsed="0.000587"/>
</kw>
<kw name="Log" owner="BuiltIn">
<msg time="2024-05-23T18:18:51.307030" level="INFO">200</msg>
<arg>${response.status_code}</arg>
<doc>Logs the given message with the given level.</doc>
<status status="PASS" start="2024-05-23T18:18:51.306683" elapsed="0.000396"/>
</kw>
<kw name="Set Variable" owner="BuiltIn">
<msg time="2024-05-23T18:18:51.307816" level="INFO">${json_data} = {'results': [{'gender': 'male', 'name': {'title': 'Mr', 'first': 'Pablo', 'last': 'Bertrand'}, 'location': {'street': {'number': 5247, 'name': 'Rue de la Gare'}, 'city': 'Nancy', 'state': 'Meuse', 'co...</msg>
<var>${json_data}</var>
<arg>${response.json()}</arg>
<doc>Returns the given values which can then be assigned to a variables.</doc>
<status status="PASS" start="2024-05-23T18:18:51.307391" elapsed="0.000453"/>
</kw>
<kw name="Dictionary Should Contain Key" owner="Collections">
<msg time="2024-05-23T18:18:51.308317" level="INFO">False</msg>
<arg>${json_data}</arg>
<arg>results</arg>
<doc>Fails if ``key`` is not found from ``dictionary``.</doc>
<status status="PASS" start="2024-05-23T18:18:51.308148" elapsed="0.000335"/>
</kw>
<status status="PASS" start="2024-05-23T18:18:51.107766" elapsed="0.200982"/>
</kw>
<doc>Testa se a API responde corretamente e retorna um objeto JSON válido.</doc>
<tag>testeRequisicaoBasica</tag>
<status status="PASS" start="2024-05-23T18:18:51.107240" elapsed="0.201684"/>
</test>
<test id="s1-s1-t3" name="Validar estrutura de resposta" line="22">
<kw name="Teste de Estrutura de Resposta" owner="random-user-service">
<kw name="GET On Session" owner="RequestsLibrary">
<msg time="2024-05-23T18:18:51.405470" level="INFO">GET Request : url=https://randomuser.me/api 
 path_url=/api 
 headers={'User-Agent': 'python-requests/2.32.2', 'Accept-Encoding': 'gzip, deflate', 'Accept': '*/*', 'Connection': 'keep-alive'} 
 body=None 
 </msg>
<msg time="2024-05-23T18:18:51.405561" level="INFO">GET Response : url=https://randomuser.me/api 
 status=200, reason=OK 
 headers={'Date': 'Thu, 23 May 2024 18:18:51 GMT', 'Content-Type': 'application/json; charset=utf-8', 'Transfer-Encoding': 'chunked', 'Connection': 'keep-alive', 'X-Powered-By': 'Express', 'Access-Control-Allow-Origin': '*', 'Cache-Control': 'no-cache', 'ETag': 'W/"495-48waviSv1GEA7GHajPLANY174zM"', 'Vary': 'Accept-Encoding', 'Content-Encoding': 'gzip', 'CF-Cache-Status': 'DYNAMIC', 'Report-To': '{"endpoints":[{"url":"https:\\/\\/a.nel.cloudflare.com\\/report\\/v4?s=nEAPWX8YmPnkshbJ%2F%2FecQ%2B2%2F4sfZ7HGw%2FqQX%2FqyuJ%2BNsj81WOaflXF5ovkVVDm80fpyMWRa3zxEtW4rYiKw9RpoZCWvLYLZrz7h1uJYr3i95n8oGywNKzAiC7wWDxHcP"}],"group":"cf-nel","max_age":604800}', 'NEL': '{"success_fraction":0,"report_to":"cf-nel","max_age":604800}', 'Server': 'cloudflare', 'CF-RAY': '88870d06bdd6397f-IAD', 'alt-svc': 'h3=":443"; ma=86400'} 
 body={"results":[{"gender":"male","name":{"title":"Mr","first":"Solovey","last":"Grineveckiy"},"location":{"street":{"number":1638,"name":"Andriyivska"},"city":"Molodogvardiysk","state":"Zaporizka","country":"Ukraine","postcode":60576,"coordinates":{"latitude":"78.1473","longitude":"-23.1385"},"timezone":{"offset":"+4:00","description":"Abu Dhabi, Muscat, Baku, Tbilisi"}},"email":"solovey.grineveckiy@example.com","login":{"uuid":"d3920848-db7a-4cb4-9c6b-ed22eb30be81","username":"greenpeacock932","password":"shrimp","salt":"2RBOWQqI","md5":"710e8238acbf2e9863c6fbd1af4d1bf9","sha1":"f5e1f42d0423b5e564d5bc5ee14c004a02b79256","sha256":"0cd1cd10b3cd58c93f52de8c8f71424accfbebba92ca217f8774fbd4fcdba5ab"},"dob":{"date":"1992-03-04T01:48:23.580Z","age":32},"registered":{"date":"2005-03-14T02:52:52.625Z","age":19},"phone":"(099) S10-7850","cell":"(099) I24-9976","id":{"name":"","value":null},"picture":{"large":"https://randomuser.me/api/portraits/men/16.jpg","medium":"https://randomuser.me/api/portraits/med/men/16.jpg","thumbnail":"https://randomuser.me/api/portraits/thumb/men/16.jpg"},"nat":"UA"}],"info":{"seed":"3cd7c3ed0d21df28","results":1,"page":1,"version":"1.4"}} 
 </msg>
<msg time="2024-05-23T18:18:51.405657" level="INFO">/opt/hostedtoolcache/Python/3.12.3/x64/lib/python3.12/site-packages/urllib3/connectionpool.py:1103: InsecureRequestWarning: Unverified HTTPS request is being made to host 'randomuser.me'. Adding certificate verification is strongly advised. See: https://urllib3.readthedocs.io/en/latest/advanced-usage.html#tls-warnings
  warnings.warn(</msg>
<msg time="2024-05-23T18:18:51.405766" level="INFO">${response} = &lt;Response [200]&gt;</msg>
<var>${response}</var>
<arg>consultarAPI</arg>
<arg>/api</arg>
<doc>Sends a GET request on a previously created HTTP Session.</doc>
<status status="PASS" start="2024-05-23T18:18:51.311571" elapsed="0.094234"/>
</kw>
<kw name="Set Variable" owner="BuiltIn">
<msg time="2024-05-23T18:18:51.406826" level="INFO">${json_data} = {'results': [{'gender': 'male', 'name': {'title': 'Mr', 'first': 'Solovey', 'last': 'Grineveckiy'}, 'location': {'street': {'number': 1638, 'name': 'Andriyivska'}, 'city': 'Molodogvardiysk', 'state': ...</msg>
<var>${json_data}</var>
<arg>${response.json()}</arg>
<doc>Returns the given values which can then be assigned to a variables.</doc>
<status status="PASS" start="2024-05-23T18:18:51.406274" elapsed="0.000580"/>
</kw>
<kw name="Log" owner="BuiltIn">
<msg time="2024-05-23T18:18:51.407315" level="INFO">{'results': [{'gender': 'male', 'name': {'title': 'Mr', 'first': 'Solovey', 'last': 'Grineveckiy'}, 'location': {'street': {'number': 1638, 'name': 'Andriyivska'}, 'city': 'Molodogvardiysk', 'state': 'Zaporizka', 'country': 'Ukraine', 'postcode': 60576, 'coordinates': {'latitude': '78.1473', 'longitude': '-23.1385'}, 'timezone': {'offset': '+4:00', 'description': 'Abu Dhabi, Muscat, Baku, Tbilisi'}}, 'email': 'solovey.grineveckiy@example.com', 'login': {'uuid': 'd3920848-db7a-4cb4-9c6b-ed22eb30be81', 'username': 'greenpeacock932', 'password': 'shrimp', 'salt': '2RBOWQqI', 'md5': '710e8238acbf2e9863c6fbd1af4d1bf9', 'sha1': 'f5e1f42d0423b5e564d5bc5ee14c004a02b79256', 'sha256': '0cd1cd10b3cd58c93f52de8c8f71424accfbebba92ca217f8774fbd4fcdba5ab'}, 'dob': {'date': '1992-03-04T01:48:23.580Z', 'age': 32}, 'registered': {'date': '2005-03-14T02:52:52.625Z', 'age': 19}, 'phone': '(099) S10-7850', 'cell': '(099) I24-9976', 'id': {'name': '', 'value': None}, 'picture': {'large': 'https://randomuser.me/api/portraits/men/16.jpg', 'medium': 'https://randomuser.me/api/portraits/med/men/16.jpg', 'thumbnail': 'https://randomuser.me/api/portraits/thumb/men/16.jpg'}, 'nat': 'UA'}], 'info': {'seed': '3cd7c3ed0d21df28', 'results': 1, 'page': 1, 'version': '1.4'}}</msg>
<arg>${json_data}</arg>
<doc>Logs the given message with the given level.</doc>
<status status="PASS" start="2024-05-23T18:18:51.407161" elapsed="0.000200"/>
</kw>
<kw name="Dictionary Should Contain Key" owner="Collections">
<msg time="2024-05-23T18:18:51.407806" level="INFO">False</msg>
<arg>${json_data}</arg>
<arg>results</arg>
<doc>Fails if ``key`` is not found from ``dictionary``.</doc>
<status status="PASS" start="2024-05-23T18:18:51.407653" elapsed="0.000190"/>
</kw>
<kw name="Should Not Be Empty" owner="BuiltIn">
<msg time="2024-05-23T18:18:51.408277" level="INFO">Length is 2.</msg>
<arg>${json_data}</arg>
<doc>Verifies that the given item is not empty.</doc>
<status status="PASS" start="2024-05-23T18:18:51.408142" elapsed="0.000173"/>
</kw>
<kw name="Create List" owner="BuiltIn">
<msg time="2024-05-23T18:18:51.408767" level="INFO">${expected_keys} = ['gender', 'name', 'location', 'email', 'login']</msg>
<var>${expected_keys}</var>
<arg>gender</arg>
<arg>name</arg>
<arg>location</arg>
<arg>email</arg>
<arg>login</arg>
<doc>Returns a list containing given items.</doc>
<status status="PASS" start="2024-05-23T18:18:51.408613" elapsed="0.000177"/>
</kw>
<for flavor="IN">
<iter>
<kw name="Dictionary Should Contain Key" owner="Collections">
<msg time="2024-05-23T18:18:51.409752" level="INFO">False</msg>
<arg>${json_data['results'][0]}</arg>
<arg>${key}</arg>
<doc>Fails if ``key`` is not found from ``dictionary``.</doc>
<status status="PASS" start="2024-05-23T18:18:51.409359" elapsed="0.000436"/>
</kw>
<kw name="Log" owner="BuiltIn">
<msg time="2024-05-23T18:18:51.410515" level="INFO">{'gender': 'male', 'name': {'title': 'Mr', 'first': 'Solovey', 'last': 'Grineveckiy'}, 'location': {'street': {'number': 1638, 'name': 'Andriyivska'}, 'city': 'Molodogvardiysk', 'state': 'Zaporizka', 'country': 'Ukraine', 'postcode': 60576, 'coordinates': {'latitude': '78.1473', 'longitude': '-23.1385'}, 'timezone': {'offset': '+4:00', 'description': 'Abu Dhabi, Muscat, Baku, Tbilisi'}}, 'email': 'solovey.grineveckiy@example.com', 'login': {'uuid': 'd3920848-db7a-4cb4-9c6b-ed22eb30be81', 'username': 'greenpeacock932', 'password': 'shrimp', 'salt': '2RBOWQqI', 'md5': '710e8238acbf2e9863c6fbd1af4d1bf9', 'sha1': 'f5e1f42d0423b5e564d5bc5ee14c004a02b79256', 'sha256': '0cd1cd10b3cd58c93f52de8c8f71424accfbebba92ca217f8774fbd4fcdba5ab'}, 'dob': {'date': '1992-03-04T01:48:23.580Z', 'age': 32}, 'registered': {'date': '2005-03-14T02:52:52.625Z', 'age': 19}, 'phone': '(099) S10-7850', 'cell': '(099) I24-9976', 'id': {'name': '', 'value': None}, 'picture': {'large': 'https://randomuser.me/api/portraits/men/16.jpg', 'medium': 'https://randomuser.me/api/portraits/med/men/16.jpg', 'thumbnail': 'https://randomuser.me/api/portraits/thumb/men/16.jpg'}, 'nat': 'UA'}</msg>
<arg>${json_data['results'][0]}</arg>
<doc>Logs the given message with the given level.</doc>
<status status="PASS" start="2024-05-23T18:18:51.410131" elapsed="0.000433"/>
</kw>
<kw name="Log" owner="BuiltIn">
<msg time="2024-05-23T18:18:51.410991" level="INFO">gender</msg>
<arg>${key}</arg>
<doc>Logs the given message with the given level.</doc>
<status status="PASS" start="2024-05-23T18:18:51.410863" elapsed="0.000166"/>
</kw>
<var name="${key}">gender</var>
<status status="PASS" start="2024-05-23T18:18:51.409236" elapsed="0.002010"/>
</iter>
<iter>
<kw name="Dictionary Should Contain Key" owner="Collections">
<msg time="2024-05-23T18:18:51.411929" level="INFO">False</msg>
<arg>${json_data['results'][0]}</arg>
<arg>${key}</arg>
<doc>Fails if ``key`` is not found from ``dictionary``.</doc>
<status status="PASS" start="2024-05-23T18:18:51.411544" elapsed="0.000421"/>
</kw>
<kw name="Log" owner="BuiltIn">
<msg time="2024-05-23T18:18:51.412645" level="INFO">{'gender': 'male', 'name': {'title': 'Mr', 'first': 'Solovey', 'last': 'Grineveckiy'}, 'location': {'street': {'number': 1638, 'name': 'Andriyivska'}, 'city': 'Molodogvardiysk', 'state': 'Zaporizka', 'country': 'Ukraine', 'postcode': 60576, 'coordinates': {'latitude': '78.1473', 'longitude': '-23.1385'}, 'timezone': {'offset': '+4:00', 'description': 'Abu Dhabi, Muscat, Baku, Tbilisi'}}, 'email': 'solovey.grineveckiy@example.com', 'login': {'uuid': 'd3920848-db7a-4cb4-9c6b-ed22eb30be81', 'username': 'greenpeacock932', 'password': 'shrimp', 'salt': '2RBOWQqI', 'md5': '710e8238acbf2e9863c6fbd1af4d1bf9', 'sha1': 'f5e1f42d0423b5e564d5bc5ee14c004a02b79256', 'sha256': '0cd1cd10b3cd58c93f52de8c8f71424accfbebba92ca217f8774fbd4fcdba5ab'}, 'dob': {'date': '1992-03-04T01:48:23.580Z', 'age': 32}, 'registered': {'date': '2005-03-14T02:52:52.625Z', 'age': 19}, 'phone': '(099) S10-7850', 'cell': '(099) I24-9976', 'id': {'name': '', 'value': None}, 'picture': {'large': 'https://randomuser.me/api/portraits/men/16.jpg', 'medium': 'https://randomuser.me/api/portraits/med/men/16.jpg', 'thumbnail': 'https://randomuser.me/api/portraits/thumb/men/16.jpg'}, 'nat': 'UA'}</msg>
<arg>${json_data['results'][0]}</arg>
<doc>Logs the given message with the given level.</doc>
<status status="PASS" start="2024-05-23T18:18:51.412285" elapsed="0.000408"/>
</kw>
<kw name="Log" owner="BuiltIn">
<msg time="2024-05-23T18:18:51.413115" level="INFO">name</msg>
<arg>${key}</arg>
<doc>Logs the given message with the given level.</doc>
<status status="PASS" start="2024-05-23T18:18:51.412988" elapsed="0.000163"/>
</kw>
<var name="${key}">name</var>
<status status="PASS" start="2024-05-23T18:18:51.411431" elapsed="0.001940"/>
</iter>
<iter>
<kw name="Dictionary Should Contain Key" owner="Collections">
<msg time="2024-05-23T18:18:51.414061" level="INFO">False</msg>
<arg>${json_data['results'][0]}</arg>
<arg>${key}</arg>
<doc>Fails if ``key`` is not found from ``dictionary``.</doc>
<status status="PASS" start="2024-05-23T18:18:51.413658" elapsed="0.000442"/>
</kw>
<kw name="Log" owner="BuiltIn">
<msg time="2024-05-23T18:18:51.414787" level="INFO">{'gender': 'male', 'name': {'title': 'Mr', 'first': 'Solovey', 'last': 'Grineveckiy'}, 'location': {'street': {'number': 1638, 'name': 'Andriyivska'}, 'city': 'Molodogvardiysk', 'state': 'Zaporizka', 'country': 'Ukraine', 'postcode': 60576, 'coordinates': {'latitude': '78.1473', 'longitude': '-23.1385'}, 'timezone': {'offset': '+4:00', 'description': 'Abu Dhabi, Muscat, Baku, Tbilisi'}}, 'email': 'solovey.grineveckiy@example.com', 'login': {'uuid': 'd3920848-db7a-4cb4-9c6b-ed22eb30be81', 'username': 'greenpeacock932', 'password': 'shrimp', 'salt': '2RBOWQqI', 'md5': '710e8238acbf2e9863c6fbd1af4d1bf9', 'sha1': 'f5e1f42d0423b5e564d5bc5ee14c004a02b79256', 'sha256': '0cd1cd10b3cd58c93f52de8c8f71424accfbebba92ca217f8774fbd4fcdba5ab'}, 'dob': {'date': '1992-03-04T01:48:23.580Z', 'age': 32}, 'registered': {'date': '2005-03-14T02:52:52.625Z', 'age': 19}, 'phone': '(099) S10-7850', 'cell': '(099) I24-9976', 'id': {'name': '', 'value': None}, 'picture': {'large': 'https://randomuser.me/api/portraits/men/16.jpg', 'medium': 'https://randomuser.me/api/portraits/med/men/16.jpg', 'thumbnail': 'https://randomuser.me/api/portraits/thumb/men/16.jpg'}, 'nat': 'UA'}</msg>
<arg>${json_data['results'][0]}</arg>
<doc>Logs the given message with the given level.</doc>
<status status="PASS" start="2024-05-23T18:18:51.414407" elapsed="0.000428"/>
</kw>
<kw name="Log" owner="BuiltIn">
<msg time="2024-05-23T18:18:51.415256" level="INFO">location</msg>
<arg>${key}</arg>
<doc>Logs the given message with the given level.</doc>
<status status="PASS" start="2024-05-23T18:18:51.415131" elapsed="0.000162"/>
</kw>
<var name="${key}">location</var>
<status status="PASS" start="2024-05-23T18:18:51.413545" elapsed="0.001969"/>
</iter>
<iter>
<kw name="Dictionary Should Contain Key" owner="Collections">
<msg time="2024-05-23T18:18:51.416296" level="INFO">False</msg>
<arg>${json_data['results'][0]}</arg>
<arg>${key}</arg>
<doc>Fails if ``key`` is not found from ``dictionary``.</doc>
<status status="PASS" start="2024-05-23T18:18:51.415820" elapsed="0.000514"/>
</kw>
<kw name="Log" owner="BuiltIn">
<msg time="2024-05-23T18:18:51.416996" level="INFO">{'gender': 'male', 'name': {'title': 'Mr', 'first': 'Solovey', 'last': 'Grineveckiy'}, 'location': {'street': {'number': 1638, 'name': 'Andriyivska'}, 'city': 'Molodogvardiysk', 'state': 'Zaporizka', 'country': 'Ukraine', 'postcode': 60576, 'coordinates': {'latitude': '78.1473', 'longitude': '-23.1385'}, 'timezone': {'offset': '+4:00', 'description': 'Abu Dhabi, Muscat, Baku, Tbilisi'}}, 'email': 'solovey.grineveckiy@example.com', 'login': {'uuid': 'd3920848-db7a-4cb4-9c6b-ed22eb30be81', 'username': 'greenpeacock932', 'password': 'shrimp', 'salt': '2RBOWQqI', 'md5': '710e8238acbf2e9863c6fbd1af4d1bf9', 'sha1': 'f5e1f42d0423b5e564d5bc5ee14c004a02b79256', 'sha256': '0cd1cd10b3cd58c93f52de8c8f71424accfbebba92ca217f8774fbd4fcdba5ab'}, 'dob': {'date': '1992-03-04T01:48:23.580Z', 'age': 32}, 'registered': {'date': '2005-03-14T02:52:52.625Z', 'age': 19}, 'phone': '(099) S10-7850', 'cell': '(099) I24-9976', 'id': {'name': '', 'value': None}, 'picture': {'large': 'https://randomuser.me/api/portraits/men/16.jpg', 'medium': 'https://randomuser.me/api/portraits/med/men/16.jpg', 'thumbnail': 'https://randomuser.me/api/portraits/thumb/men/16.jpg'}, 'nat': 'UA'}</msg>
<arg>${json_data['results'][0]}</arg>
<doc>Logs the given message with the given level.</doc>
<status status="PASS" start="2024-05-23T18:18:51.416637" elapsed="0.000408"/>
</kw>
<kw name="Log" owner="BuiltIn">
<msg time="2024-05-23T18:18:51.417468" level="INFO">email</msg>
<arg>${key}</arg>
<doc>Logs the given message with the given level.</doc>
<status status="PASS" start="2024-05-23T18:18:51.417340" elapsed="0.000164"/>
</kw>
<var name="${key}">email</var>
<status status="PASS" start="2024-05-23T18:18:51.415707" elapsed="0.002012"/>
</iter>
<iter>
<kw name="Dictionary Should Contain Key" owner="Collections">
<msg time="2024-05-23T18:18:51.418428" level="INFO">False</msg>
<arg>${json_data['results'][0]}</arg>
<arg>${key}</arg>
<doc>Fails if ``key`` is not found from ``dictionary``.</doc>
<status status="PASS" start="2024-05-23T18:18:51.418037" elapsed="0.000427"/>
</kw>
<kw name="Log" owner="BuiltIn">
<msg time="2024-05-23T18:18:51.419122" level="INFO">{'gender': 'male', 'name': {'title': 'Mr', 'first': 'Solovey', 'last': 'Grineveckiy'}, 'location': {'street': {'number': 1638, 'name': 'Andriyivska'}, 'city': 'Molodogvardiysk', 'state': 'Zaporizka', 'country': 'Ukraine', 'postcode': 60576, 'coordinates': {'latitude': '78.1473', 'longitude': '-23.1385'}, 'timezone': {'offset': '+4:00', 'description': 'Abu Dhabi, Muscat, Baku, Tbilisi'}}, 'email': 'solovey.grineveckiy@example.com', 'login': {'uuid': 'd3920848-db7a-4cb4-9c6b-ed22eb30be81', 'username': 'greenpeacock932', 'password': 'shrimp', 'salt': '2RBOWQqI', 'md5': '710e8238acbf2e9863c6fbd1af4d1bf9', 'sha1': 'f5e1f42d0423b5e564d5bc5ee14c004a02b79256', 'sha256': '0cd1cd10b3cd58c93f52de8c8f71424accfbebba92ca217f8774fbd4fcdba5ab'}, 'dob': {'date': '1992-03-04T01:48:23.580Z', 'age': 32}, 'registered': {'date': '2005-03-14T02:52:52.625Z', 'age': 19}, 'phone': '(099) S10-7850', 'cell': '(099) I24-9976', 'id': {'name': '', 'value': None}, 'picture': {'large': 'https://randomuser.me/api/portraits/men/16.jpg', 'medium': 'https://randomuser.me/api/portraits/med/men/16.jpg', 'thumbnail': 'https://randomuser.me/api/portraits/thumb/men/16.jpg'}, 'nat': 'UA'}</msg>
<arg>${json_data['results'][0]}</arg>
<doc>Logs the given message with the given level.</doc>
<status status="PASS" start="2024-05-23T18:18:51.418763" elapsed="0.000407"/>
</kw>
<kw name="Log" owner="BuiltIn">
<msg time="2024-05-23T18:18:51.419585" level="INFO">login</msg>
<arg>${key}</arg>
<doc>Logs the given message with the given level.</doc>
<status status="PASS" start="2024-05-23T18:18:51.419459" elapsed="0.000164"/>
</kw>
<var name="${key}">login</var>
<status status="PASS" start="2024-05-23T18:18:51.417892" elapsed="0.001972"/>
</iter>
<var>${key}</var>
<value>@{expected_keys}</value>
<status status="PASS" start="2024-05-23T18:18:51.409051" elapsed="0.010941"/>
</for>
<kw name="Create List" owner="BuiltIn">
<msg time="2024-05-23T18:18:51.420321" level="INFO">${expected_keysTwo} = ['username', 'password']</msg>
<var>${expected_keysTwo}</var>
<arg>username</arg>
<arg>password</arg>
<doc>Returns a list containing given items.</doc>
<status status="PASS" start="2024-05-23T18:18:51.420185" elapsed="0.000159"/>
</kw>
<for flavor="IN">
<iter>
<kw name="Dictionary Should Contain Key" owner="Collections">
<msg time="2024-05-23T18:18:51.421215" level="INFO">False</msg>
<arg>${json_data['results'][0]['login']}</arg>
<arg>${keyTwo}</arg>
<doc>Fails if ``key`` is not found from ``dictionary``.</doc>
<status status="PASS" start="2024-05-23T18:18:51.420844" elapsed="0.000408"/>
</kw>
<kw name="Dictionary Should Contain Key" owner="Collections">
<msg time="2024-05-23T18:18:51.422022" level="INFO">False</msg>
<arg>${json_data['results'][0]['login']}</arg>
<arg>${keyTwo}</arg>
<doc>Fails if ``key`` is not found from ``dictionary``.</doc>
<status status="PASS" start="2024-05-23T18:18:51.421572" elapsed="0.000492"/>
</kw>
<kw name="Log" owner="BuiltIn">
<msg time="2024-05-23T18:18:51.422491" level="INFO">username</msg>
<arg>${keyTwo}</arg>
<doc>Logs the given message with the given level.</doc>
<status status="PASS" start="2024-05-23T18:18:51.422364" elapsed="0.000164"/>
</kw>
<var name="${keyTwo}">username</var>
<status status="PASS" start="2024-05-23T18:18:51.420734" elapsed="0.002011"/>
</iter>
<iter>
<kw name="Dictionary Should Contain Key" owner="Collections">
<msg time="2024-05-23T18:18:51.423403" level="INFO">False</msg>
<arg>${json_data['results'][0]['login']}</arg>
<arg>${keyTwo}</arg>
<doc>Fails if ``key`` is not found from ``dictionary``.</doc>
<status status="PASS" start="2024-05-23T18:18:51.423027" elapsed="0.000414"/>
</kw>
<kw name="Dictionary Should Contain Key" owner="Collections">
<msg time="2024-05-23T18:18:51.424104" level="INFO">False</msg>
<arg>${json_data['results'][0]['login']}</arg>
<arg>${keyTwo}</arg>
<doc>Fails if ``key`` is not found from ``dictionary``.</doc>
<status status="PASS" start="2024-05-23T18:18:51.423734" elapsed="0.000406"/>
</kw>
<kw name="Log" owner="BuiltIn">
<msg time="2024-05-23T18:18:51.424556" level="INFO">password</msg>
<arg>${keyTwo}</arg>
<doc>Logs the given message with the given level.</doc>
<status status="PASS" start="2024-05-23T18:18:51.424430" elapsed="0.000164"/>
</kw>
<var name="${keyTwo}">password</var>
<status status="PASS" start="2024-05-23T18:18:51.422918" elapsed="0.001893"/>
</iter>
<var>${keyTwo}</var>
<value>@{expected_keysTwo}</value>
<status status="PASS" start="2024-05-23T18:18:51.420582" elapsed="0.004349"/>
</for>
<status status="PASS" start="2024-05-23T18:18:51.311335" elapsed="0.113734"/>
</kw>
<doc>Testa a estrutura da resposta da API.</doc>
<tag>testeEstruturaResposta</tag>
<status status="PASS" start="2024-05-23T18:18:51.310753" elapsed="0.114464"/>
</test>
<test id="s1-s1-t4" name="Validar tipos de dados" line="28">
<kw name="Teste de Tipos de Dados" owner="random-user-service">
<kw name="GET On Session" owner="RequestsLibrary">
<msg time="2024-05-23T18:18:51.504242" level="INFO">GET Request : url=https://randomuser.me/api 
 path_url=/api 
 headers={'User-Agent': 'python-requests/2.32.2', 'Accept-Encoding': 'gzip, deflate', 'Accept': '*/*', 'Connection': 'keep-alive'} 
 body=None 
 </msg>
<msg time="2024-05-23T18:18:51.504325" level="INFO">GET Response : url=https://randomuser.me/api 
 status=200, reason=OK 
 headers={'Date': 'Thu, 23 May 2024 18:18:51 GMT', 'Content-Type': 'application/json; charset=utf-8', 'Transfer-Encoding': 'chunked', 'Connection': 'keep-alive', 'X-Powered-By': 'Express', 'Access-Control-Allow-Origin': '*', 'Cache-Control': 'no-cache', 'ETag': 'W/"474-yfybiPxdyLEH84ibGjnIpBSRHLU"', 'Vary': 'Accept-Encoding', 'Content-Encoding': 'gzip', 'CF-Cache-Status': 'DYNAMIC', 'Report-To': '{"endpoints":[{"url":"https:\\/\\/a.nel.cloudflare.com\\/report\\/v4?s=ddXI3LlRY1jLFR3fjR6g33E7i%2FmHIulzPmxQUojODGhgDNGrFb2jja1AYBbx9ML4bjx916fp3D4V8qdl1do0Rl61ZHyYuE0mJnBvzoI0iq1pAmP05nxBHUwBC7EvGBjC"}],"group":"cf-nel","max_age":604800}', 'NEL': '{"success_fraction":0,"report_to":"cf-nel","max_age":604800}', 'Server': 'cloudflare', 'CF-RAY': '88870d077eae397f-IAD', 'alt-svc': 'h3=":443"; ma=86400'} 
 body={"results":[{"gender":"female","name":{"title":"Mrs","first":"Julie","last":"Jensen"},"location":{"street":{"number":8957,"name":"Sandagervej"},"city":"Esbjerg V","state":"Syddanmark","country":"Denmark","postcode":98860,"coordinates":{"latitude":"-45.0901","longitude":"157.7639"},"timezone":{"offset":"-2:00","description":"Mid-Atlantic"}},"email":"julie.jensen@example.com","login":{"uuid":"7396eb3f-fac7-441a-b2fb-5e06a5e52848","username":"redgoose891","password":"vectra","salt":"PVCrgNmk","md5":"efe96ef211a2ab07b29022909ff53622","sha1":"02b4e87e53c3b205ea426e8e0c7e323f4fec9754","sha256":"672c1ccea4698fc83862f082b0fbdf88a69a5fa5ae2ef1a1d7ff76f15498f561"},"dob":{"date":"1945-08-08T16:59:31.036Z","age":78},"registered":{"date":"2010-06-04T23:50:58.950Z","age":13},"phone":"39315258","cell":"26053962","id":{"name":"CPR","value":"080845-8629"},"picture":{"large":"https://randomuser.me/api/portraits/women/60.jpg","medium":"https://randomuser.me/api/portraits/med/women/60.jpg","thumbnail":"https://randomuser.me/api/portraits/thumb/women/60.jpg"},"nat":"DK"}],"info":{"seed":"4ea69dac10b6ff54","results":1,"page":1,"version":"1.4"}} 
 </msg>
<msg time="2024-05-23T18:18:51.504394" level="INFO">/opt/hostedtoolcache/Python/3.12.3/x64/lib/python3.12/site-packages/urllib3/connectionpool.py:1103: InsecureRequestWarning: Unverified HTTPS request is being made to host 'randomuser.me'. Adding certificate verification is strongly advised. See: https://urllib3.readthedocs.io/en/latest/advanced-usage.html#tls-warnings
  warnings.warn(</msg>
<msg time="2024-05-23T18:18:51.504504" level="INFO">${response} = &lt;Response [200]&gt;</msg>
<var>${response}</var>
<arg>consultarAPI</arg>
<arg>/api</arg>
<doc>Sends a GET request on a previously created HTTP Session.</doc>
<status status="PASS" start="2024-05-23T18:18:51.427763" elapsed="0.076795"/>
</kw>
<kw name="Set Variable" owner="BuiltIn">
<msg time="2024-05-23T18:18:51.505622" level="INFO">${json_data} = {'results': [{'gender': 'female', 'name': {'title': 'Mrs', 'first': 'Julie', 'last': 'Jensen'}, 'location': {'street': {'number': 8957, 'name': 'Sandagervej'}, 'city': 'Esbjerg V', 'state': 'Syddanmar...</msg>
<var>${json_data}</var>
<arg>${response.json()}</arg>
<doc>Returns the given values which can then be assigned to a variables.</doc>
<status status="PASS" start="2024-05-23T18:18:51.505063" elapsed="0.000588"/>
</kw>
<kw name="Log" owner="BuiltIn">
<msg time="2024-05-23T18:18:51.506161" level="INFO">{'results': [{'gender': 'female', 'name': {'title': 'Mrs', 'first': 'Julie', 'last': 'Jensen'}, 'location': {'street': {'number': 8957, 'name': 'Sandagervej'}, 'city': 'Esbjerg V', 'state': 'Syddanmark', 'country': 'Denmark', 'postcode': 98860, 'coordinates': {'latitude': '-45.0901', 'longitude': '157.7639'}, 'timezone': {'offset': '-2:00', 'description': 'Mid-Atlantic'}}, 'email': 'julie.jensen@example.com', 'login': {'uuid': '7396eb3f-fac7-441a-b2fb-5e06a5e52848', 'username': 'redgoose891', 'password': 'vectra', 'salt': 'PVCrgNmk', 'md5': 'efe96ef211a2ab07b29022909ff53622', 'sha1': '02b4e87e53c3b205ea426e8e0c7e323f4fec9754', 'sha256': '672c1ccea4698fc83862f082b0fbdf88a69a5fa5ae2ef1a1d7ff76f15498f561'}, 'dob': {'date': '1945-08-08T16:59:31.036Z', 'age': 78}, 'registered': {'date': '2010-06-04T23:50:58.950Z', 'age': 13}, 'phone': '39315258', 'cell': '26053962', 'id': {'name': 'CPR', 'value': '080845-8629'}, 'picture': {'large': 'https://randomuser.me/api/portraits/women/60.jpg', 'medium': 'https://randomuser.me/api/portraits/med/women/60.jpg', 'thumbnail': 'https://randomuser.me/api/portraits/thumb/women/60.jpg'}, 'nat': 'DK'}], 'info': {'seed': '4ea69dac10b6ff54', 'results': 1, 'page': 1, 'version': '1.4'}}</msg>
<arg>${json_data}</arg>
<doc>Logs the given message with the given level.</doc>
<status status="PASS" start="2024-05-23T18:18:51.505961" elapsed="0.000282"/>
</kw>
<kw name="Should Be String" owner="String">
<arg>${json_data['results'][0]['gender']}</arg>
<doc>Fails if the given ``item`` is not a string.</doc>
<status status="PASS" start="2024-05-23T18:18:51.506549" elapsed="0.000369"/>
</kw>
<kw name="Should Match Regexp" owner="BuiltIn">
<arg>${json_data['results'][0]['email']}</arg>
<arg>^[a-zA-Z0-9._%+-]+@[a-zA-Z0-9.-]+\.[a-zA-Z]{2,}$</arg>
<doc>Fails if ``string`` does not match ``pattern`` as a regular expression.</doc>
<status status="PASS" start="2024-05-23T18:18:51.507112" elapsed="0.000620"/>
</kw>
<kw name="Should Match Regexp" owner="BuiltIn">
<arg>${json_data['results'][0]['dob']['date']}</arg>
<arg>\\d{4}-\\d{2}-\\d{2}T\\d{2}:\\d{2}:\\d{2}\\.\\d{3}Z</arg>
<doc>Fails if ``string`` does not match ``pattern`` as a regular expression.</doc>
<status status="PASS" start="2024-05-23T18:18:51.507930" elapsed="0.000478"/>
</kw>
<kw name="Should Match Regexp" owner="BuiltIn">
<arg>${json_data['results'][0]['registered']['date']}</arg>
<arg>\\d{4}-\\d{2}-\\d{2}T\\d{2}:\\d{2}:\\d{2}\\.\\d{3}Z</arg>
<doc>Fails if ``string`` does not match ``pattern`` as a regular expression.</doc>
<status status="PASS" start="2024-05-23T18:18:51.508601" elapsed="0.000366"/>
</kw>
<kw name="Should Match Regexp" owner="BuiltIn">
<arg>${json_data['results'][0]['picture']['large']}</arg>
<arg>^https?://.*\.(?:png|jpe?g|gif|bmp)$</arg>
<doc>Fails if ``string`` does not match ``pattern`` as a regular expression.</doc>
<status status="PASS" start="2024-05-23T18:18:51.509152" elapsed="0.000458"/>
</kw>
<kw name="Should Match Regexp" owner="BuiltIn">
<arg>${json_data['results'][0]['picture']['medium']}</arg>
<arg>^https?://.*\.(?:png|jpe?g|gif|bmp)$</arg>
<doc>Fails if ``string`` does not match ``pattern`` as a regular expression.</doc>
<status status="PASS" start="2024-05-23T18:18:51.509804" elapsed="0.000397"/>
</kw>
<kw name="Should Match Regexp" owner="BuiltIn">
<arg>${json_data['results'][0]['picture']['thumbnail']}</arg>
<arg>^https?://.*\.(?:png|jpe?g|gif|bmp)$</arg>
<doc>Fails if ``string`` does not match ``pattern`` as a regular expression.</doc>
<status status="PASS" start="2024-05-23T18:18:51.510392" elapsed="0.000354"/>
</kw>
<kw name="Log" owner="BuiltIn">
<msg time="2024-05-23T18:18:51.511260" level="INFO">{'large': 'https://randomuser.me/api/portraits/women/60.jpg', 'medium': 'https://randomuser.me/api/portraits/med/women/60.jpg', 'thumbnail': 'https://randomuser.me/api/portraits/thumb/women/60.jpg'}</msg>
<arg>${json_data['results'][0]['picture']}</arg>
<doc>Logs the given message with the given level.</doc>
<status status="PASS" start="2024-05-23T18:18:51.510929" elapsed="0.000374"/>
</kw>
<status status="PASS" start="2024-05-23T18:18:51.427530" elapsed="0.084028"/>
</kw>
<kw name="Teste de Tipos de Dados - Postcode" owner="random-user-service">
<kw name="GET On Session" owner="RequestsLibrary">
<msg time="2024-05-23T18:18:51.609430" level="INFO">GET Request : url=https://randomuser.me/api 
 path_url=/api 
 headers={'User-Agent': 'python-requests/2.32.2', 'Accept-Encoding': 'gzip, deflate', 'Accept': '*/*', 'Connection': 'keep-alive'} 
 body=None 
 </msg>
<msg time="2024-05-23T18:18:51.609515" level="INFO">GET Response : url=https://randomuser.me/api 
 status=200, reason=OK 
 headers={'Date': 'Thu, 23 May 2024 18:18:51 GMT', 'Content-Type': 'application/json; charset=utf-8', 'Transfer-Encoding': 'chunked', 'Connection': 'keep-alive', 'X-Powered-By': 'Express', 'Access-Control-Allow-Origin': '*', 'Cache-Control': 'no-cache', 'ETag': 'W/"49f-k15+Lqj1Ef2jmbRigkMSbzmCBoY"', 'Vary': 'Accept-Encoding', 'Content-Encoding': 'gzip', 'CF-Cache-Status': 'DYNAMIC', 'Report-To': '{"endpoints":[{"url":"https:\\/\\/a.nel.cloudflare.com\\/report\\/v4?s=9HCq3MtLuzMGJ7uoL3201saf38AMzzek8XB3%2BYW9NpG5yK7JabMc%2BLHejQvngs2DCnmrObYrUfa2cRRuVLBsMJAbETnEwwfeD4MdSuT09RAVEHUSnJnKIs42R1ItCuIv"}],"group":"cf-nel","max_age":604800}', 'NEL': '{"success_fraction":0,"report_to":"cf-nel","max_age":604800}', 'Server': 'cloudflare', 'CF-RAY': '88870d07ff48397f-IAD', 'alt-svc': 'h3=":443"; ma=86400'} 
 body={"results":[{"gender":"male","name":{"title":"Mr","first":"Carlos","last":"Gutiérrez"},"location":{"street":{"number":6940,"name":"Calle de Arturo Soria"},"city":"Móstoles","state":"Navarra","country":"Spain","postcode":75578,"coordinates":{"latitude":"-32.1299","longitude":"-162.8468"},"timezone":{"offset":"+5:00","description":"Ekaterinburg, Islamabad, Karachi, Tashkent"}},"email":"carlos.gutierrez@example.com","login":{"uuid":"36ab69eb-e00b-4d17-a6e9-8f4a2d67dc97","username":"tinymouse563","password":"heather","salt":"6acT1gEh","md5":"0afde186df7dc86d0e3ebac73dd2afa9","sha1":"64fff1b5517235f2d2b4a4ea926dfdb793dfda20","sha256":"fd46b60eb7bc1a78bcfa3559d77535b31525f55a89787f70d3a5ef729c4f6676"},"dob":{"date":"1999-07-28T11:31:37.157Z","age":24},"registered":{"date":"2007-11-24T22:34:38.454Z","age":16},"phone":"918-448-754","cell":"646-661-314","id":{"name":"DNI","value":"48329177-C"},"picture":{"large":"https://randomuser.me/api/portraits/men/63.jpg","medium":"https://randomuser.me/api/portraits/med/men/63.jpg","thumbnail":"https://randomuser.me/api/portraits/thumb/men/63.jpg"},"nat":"ES"}],"info":{"seed":"0e1834aa904ed9e2","results":1,"page":1,"version":"1.4"}} 
 </msg>
<msg time="2024-05-23T18:18:51.609587" level="INFO">/opt/hostedtoolcache/Python/3.12.3/x64/lib/python3.12/site-packages/urllib3/connectionpool.py:1103: InsecureRequestWarning: Unverified HTTPS request is being made to host 'randomuser.me'. Adding certificate verification is strongly advised. See: https://urllib3.readthedocs.io/en/latest/advanced-usage.html#tls-warnings
  warnings.warn(</msg>
<msg time="2024-05-23T18:18:51.609704" level="INFO">${response} = &lt;Response [200]&gt;</msg>
<var>${response}</var>
<arg>consultarAPI</arg>
<arg>/api</arg>
<doc>Sends a GET request on a previously created HTTP Session.</doc>
<status status="PASS" start="2024-05-23T18:18:51.511986" elapsed="0.097771"/>
</kw>
<kw name="Set Variable" owner="BuiltIn">
<msg time="2024-05-23T18:18:51.610847" level="INFO">${json_data} = {'results': [{'gender': 'male', 'name': {'title': 'Mr', 'first': 'Carlos', 'last': 'Gutiérrez'}, 'location': {'street': {'number': 6940, 'name': 'Calle de Arturo Soria'}, 'city': 'Móstoles', 'state': ...</msg>
<var>${json_data}</var>
<arg>${response.json()}</arg>
<doc>Returns the given values which can then be assigned to a variables.</doc>
<status status="PASS" start="2024-05-23T18:18:51.610281" elapsed="0.000596"/>
</kw>
<kw name="Log" owner="BuiltIn">
<msg time="2024-05-23T18:18:51.611350" level="INFO">{'results': [{'gender': 'male', 'name': {'title': 'Mr', 'first': 'Carlos', 'last': 'Gutiérrez'}, 'location': {'street': {'number': 6940, 'name': 'Calle de Arturo Soria'}, 'city': 'Móstoles', 'state': 'Navarra', 'country': 'Spain', 'postcode': 75578, 'coordinates': {'latitude': '-32.1299', 'longitude': '-162.8468'}, 'timezone': {'offset': '+5:00', 'description': 'Ekaterinburg, Islamabad, Karachi, Tashkent'}}, 'email': 'carlos.gutierrez@example.com', 'login': {'uuid': '36ab69eb-e00b-4d17-a6e9-8f4a2d67dc97', 'username': 'tinymouse563', 'password': 'heather', 'salt': '6acT1gEh', 'md5': '0afde186df7dc86d0e3ebac73dd2afa9', 'sha1': '64fff1b5517235f2d2b4a4ea926dfdb793dfda20', 'sha256': 'fd46b60eb7bc1a78bcfa3559d77535b31525f55a89787f70d3a5ef729c4f6676'}, 'dob': {'date': '1999-07-28T11:31:37.157Z', 'age': 24}, 'registered': {'date': '2007-11-24T22:34:38.454Z', 'age': 16}, 'phone': '918-448-754', 'cell': '646-661-314', 'id': {'name': 'DNI', 'value': '48329177-C'}, 'picture': {'large': 'https://randomuser.me/api/portraits/men/63.jpg', 'medium': 'https://randomuser.me/api/portraits/med/men/63.jpg', 'thumbnail': 'https://randomuser.me/api/portraits/thumb/men/63.jpg'}, 'nat': 'ES'}], 'info': {'seed': '0e1834aa904ed9e2', 'results': 1, 'page': 1, 'version': '1.4'}}</msg>
<arg>${json_data}</arg>
<doc>Logs the given message with the given level.</doc>
<status status="PASS" start="2024-05-23T18:18:51.611193" elapsed="0.000247"/>
</kw>
<kw name="Should Be Equal As Numbers" owner="BuiltIn">
<arg>${json_data['results'][0]['location']['postcode']}</arg>
<arg>${json_data['results'][0]['location']['postcode']}</arg>
<doc>Fails if objects are unequal after converting them to real numbers.</doc>
<status status="PASS" start="2024-05-23T18:18:51.611746" elapsed="0.000608"/>
</kw>
<kw name="Log" owner="BuiltIn">
<msg time="2024-05-23T18:18:51.612884" level="INFO">75578</msg>
<arg>${json_data['results'][0]['location']['postcode']}</arg>
<doc>Logs the given message with the given level.</doc>
<status status="PASS" start="2024-05-23T18:18:51.612545" elapsed="0.000379"/>
</kw>
<status status="PASS" start="2024-05-23T18:18:51.511771" elapsed="0.101402"/>
</kw>
<doc>Testa se os tipos de dados na resposta da API estão corretos.</doc>
<tag>testeTiposDados</tag>
<status status="PASS" start="2024-05-23T18:18:51.427015" elapsed="0.186316"/>
</test>
<test id="s1-s1-t5" name="Validar conteudo" line="35">
<kw name="Teste de Tipos de Conteudo" owner="random-user-service">
<kw name="GET On Session" owner="RequestsLibrary">
<msg time="2024-05-23T18:18:51.714928" level="INFO">GET Request : url=https://randomuser.me/api 
 path_url=/api 
 headers={'User-Agent': 'python-requests/2.32.2', 'Accept-Encoding': 'gzip, deflate', 'Accept': '*/*', 'Connection': 'keep-alive'} 
 body=None 
 </msg>
<msg time="2024-05-23T18:18:51.715007" level="INFO">GET Response : url=https://randomuser.me/api 
 status=200, reason=OK 
 headers={'Date': 'Thu, 23 May 2024 18:18:51 GMT', 'Content-Type': 'application/json; charset=utf-8', 'Transfer-Encoding': 'chunked', 'Connection': 'keep-alive', 'X-Powered-By': 'Express', 'Access-Control-Allow-Origin': '*', 'Cache-Control': 'no-cache', 'ETag': 'W/"483-hSI16ubdq3Ka8BOdcR7m63UAnD0"', 'Vary': 'Accept-Encoding', 'Content-Encoding': 'gzip', 'CF-Cache-Status': 'DYNAMIC', 'Report-To': '{"endpoints":[{"url":"https:\\/\\/a.nel.cloudflare.com\\/report\\/v4?s=vp3vwqlVrlFwZdv0wSpiTMircRrZxNGgZjKJLb0Ql%2F%2B1f7BlWYE%2BIqvhf5uyVDtOWPTN1Cgz2HGOSM2nudyLvzmY1ZXvYlTMuLNPslgXem72BZm8TzEqcAml22c%2FO0bn"}],"group":"cf-nel","max_age":604800}', 'NEL': '{"success_fraction":0,"report_to":"cf-nel","max_age":604800}', 'Server': 'cloudflare', 'CF-RAY': '88870d089ff2397f-IAD', 'alt-svc': 'h3=":443"; ma=86400'} 
 body={"results":[{"gender":"male","name":{"title":"Mr","first":"Herbert","last":"Sullivan"},"location":{"street":{"number":5403,"name":"Church Street"},"city":"Truro","state":"Berkshire","country":"United Kingdom","postcode":"C19 6LZ","coordinates":{"latitude":"-8.4497","longitude":"-127.5103"},"timezone":{"offset":"+4:30","description":"Kabul"}},"email":"herbert.sullivan@example.com","login":{"uuid":"6ea82e00-2598-4d73-962d-483667f8b3eb","username":"blacksnake347","password":"giovanni","salt":"kvLHZBoJ","md5":"2033a43b8c6341c8ab49e9fbf5a35a61","sha1":"46c718ba61795868bc0aa0fde6f3813bbe9c43ee","sha256":"3e0b05a24ff6c513ec59dccc799c3b84a3bd00ff8d8d4da8febae7fff3fed1e8"},"dob":{"date":"1976-02-12T10:30:04.968Z","age":48},"registered":{"date":"2007-01-07T23:10:44.468Z","age":17},"phone":"015395 51609","cell":"07452 801341","id":{"name":"NINO","value":"XH 76 42 75 A"},"picture":{"large":"https://randomuser.me/api/portraits/men/39.jpg","medium":"https://randomuser.me/api/portraits/med/men/39.jpg","thumbnail":"https://randomuser.me/api/portraits/thumb/men/39.jpg"},"nat":"GB"}],"info":{"seed":"1552cfe24172ce69","results":1,"page":1,"version":"1.4"}} 
 </msg>
<msg time="2024-05-23T18:18:51.715073" level="INFO">/opt/hostedtoolcache/Python/3.12.3/x64/lib/python3.12/site-packages/urllib3/connectionpool.py:1103: InsecureRequestWarning: Unverified HTTPS request is being made to host 'randomuser.me'. Adding certificate verification is strongly advised. See: https://urllib3.readthedocs.io/en/latest/advanced-usage.html#tls-warnings
  warnings.warn(</msg>
<msg time="2024-05-23T18:18:51.715169" level="INFO">${response} = &lt;Response [200]&gt;</msg>
<var>${response}</var>
<arg>consultarAPI</arg>
<arg>/api</arg>
<doc>Sends a GET request on a previously created HTTP Session.</doc>
<status status="PASS" start="2024-05-23T18:18:51.615806" elapsed="0.099406"/>
</kw>
<kw name="Set Variable" owner="BuiltIn">
<msg time="2024-05-23T18:18:51.716219" level="INFO">${json_data} = {'results': [{'gender': 'male', 'name': {'title': 'Mr', 'first': 'Herbert', 'last': 'Sullivan'}, 'location': {'street': {'number': 5403, 'name': 'Church Street'}, 'city': 'Truro', 'state': 'Berkshire'...</msg>
<var>${json_data}</var>
<arg>${response.json()}</arg>
<doc>Returns the given values which can then be assigned to a variables.</doc>
<status status="PASS" start="2024-05-23T18:18:51.715675" elapsed="0.000572"/>
</kw>
<kw name="Set Variable" owner="BuiltIn">
<msg time="2024-05-23T18:18:51.716933" level="INFO">${name_title} = Mr</msg>
<var>${name_title}</var>
<arg>${json_data["results"][0]["name"]["title"]}</arg>
<doc>Returns the given values which can then be assigned to a variables.</doc>
<status status="PASS" start="2024-05-23T18:18:51.716553" elapsed="0.000405"/>
</kw>
<kw name="Create List" owner="BuiltIn">
<msg time="2024-05-23T18:18:51.717410" level="INFO">${allowed_titles} = ['Mr', 'Ms', 'Miss', 'Mrs', 'Madame', 'Monsieur']</msg>
<var>${allowed_titles}</var>
<arg>Mr</arg>
<arg>Ms</arg>
<arg>Miss</arg>
<arg>Mrs</arg>
<arg>Madame</arg>
<arg>Monsieur</arg>
<doc>Returns a list containing given items.</doc>
<status status="PASS" start="2024-05-23T18:18:51.717262" elapsed="0.000172"/>
</kw>
<kw name="List Should Contain Value" owner="Collections">
<msg time="2024-05-23T18:18:51.717909" level="INFO">False</msg>
<arg>${allowed_titles}</arg>
<arg>${name_title}</arg>
<doc>Fails if the ``value`` is not found from ``list``.</doc>
<status status="PASS" start="2024-05-23T18:18:51.717733" elapsed="0.000214"/>
</kw>
<kw name="Set Variable" owner="BuiltIn">
<msg time="2024-05-23T18:18:51.718820" level="INFO">${name_country} = GB</msg>
<var>${name_country}</var>
<arg>${json_data["results"][0]["nat"]}</arg>
<doc>Returns the given values which can then be assigned to a variables.</doc>
<status status="PASS" start="2024-05-23T18:18:51.718291" elapsed="0.000554"/>
</kw>
<kw name="Create List" owner="BuiltIn">
<msg time="2024-05-23T18:18:51.719775" level="INFO">${list_country} = ['AD', 'AE', 'AF', 'AG', 'AI', 'AL', 'AM', 'AO', 'AQ', 'AR', 'AS', 'AT', 'AU', 'AW', 'AX', 'AZ', 'BA', 'BB', 'BD', 'BE', 'BF', 'BG', 'BH', 'BI', 'BJ', 'BL', 'BM', 'BN', 'BO', 'BQ', 'BR', 'BS', 'BT', '...</msg>
<var>${list_country}</var>
<arg>AD</arg>
<arg>AE</arg>
<arg>AF</arg>
<arg>AG</arg>
<arg>AI</arg>
<arg>AL</arg>
<arg>AM</arg>
<arg>AO</arg>
<arg>AQ</arg>
<arg>AR</arg>
<arg>AS</arg>
<arg>AT</arg>
<arg>AU</arg>
<arg>AW</arg>
<arg>AX</arg>
<arg>AZ</arg>
<arg>BA</arg>
<arg>BB</arg>
<arg>BD</arg>
<arg>BE</arg>
<arg>BF</arg>
<arg>BG</arg>
<arg>BH</arg>
<arg>BI</arg>
<arg>BJ</arg>
<arg>BL</arg>
<arg>BM</arg>
<arg>BN</arg>
<arg>BO</arg>
<arg>BQ</arg>
<arg>BR</arg>
<arg>BS</arg>
<arg>BT</arg>
<arg>BV</arg>
<arg>BW</arg>
<arg>BY</arg>
<arg>BZ</arg>
<arg>CA</arg>
<arg>CC</arg>
<arg>CD</arg>
<arg>CF</arg>
<arg>CG</arg>
<arg>CH</arg>
<arg>CI</arg>
<arg>CK</arg>
<arg>CL</arg>
<arg>CM</arg>
<arg>CN</arg>
<arg>CO</arg>
<arg>CR</arg>
<arg>CU</arg>
<arg>CV</arg>
<arg>CW</arg>
<arg>CX</arg>
<arg>CY</arg>
<arg>CZ</arg>
<arg>DE</arg>
<arg>DJ</arg>
<arg>DK</arg>
<arg>DM</arg>
<arg>DO</arg>
<arg>DZ</arg>
<arg>EC</arg>
<arg>EE</arg>
<arg>EG</arg>
<arg>EH</arg>
<arg>ER</arg>
<arg>ES</arg>
<arg>ET</arg>
<arg>FI</arg>
<arg>FJ</arg>
<arg>FK</arg>
<arg>FM</arg>
<arg>FO</arg>
<arg>FR</arg>
<arg>GA</arg>
<arg>GB</arg>
<arg>GD</arg>
<arg>GE</arg>
<arg>GF</arg>
<arg>GG</arg>
<arg>GH</arg>
<arg>GI</arg>
<arg>GL</arg>
<arg>GM</arg>
<arg>GN</arg>
<arg>GP</arg>
<arg>GQ</arg>
<arg>GR</arg>
<arg>GS</arg>
<arg>GT</arg>
<arg>GU</arg>
<arg>GW</arg>
<arg>GY</arg>
<arg>HK</arg>
<arg>HM</arg>
<arg>HN</arg>
<arg>HR</arg>
<arg>HT</arg>
<arg>HU</arg>
<arg>ID</arg>
<arg>IE</arg>
<arg>IL</arg>
<arg>IM</arg>
<arg>IN</arg>
<arg>IO</arg>
<arg>IQ</arg>
<arg>IR</arg>
<arg>IS</arg>
<arg>IT</arg>
<arg>JE</arg>
<arg>JM</arg>
<arg>JO</arg>
<arg>JP</arg>
<arg>KE</arg>
<arg>KG</arg>
<arg>KH</arg>
<arg>KI</arg>
<arg>KM</arg>
<arg>KN</arg>
<arg>KP</arg>
<arg>KR</arg>
<arg>KW</arg>
<arg>KY</arg>
<arg>KZ</arg>
<arg>LA</arg>
<arg>LB</arg>
<arg>LC</arg>
<arg>LI</arg>
<arg>LK</arg>
<arg>LR</arg>
<arg>LS</arg>
<arg>LT</arg>
<arg>LU</arg>
<arg>LV</arg>
<arg>LY</arg>
<arg>MA</arg>
<arg>MC</arg>
<arg>MD</arg>
<arg>ME</arg>
<arg>MF</arg>
<arg>MG</arg>
<arg>MH</arg>
<arg>MK</arg>
<arg>ML</arg>
<arg>MM</arg>
<arg>MN</arg>
<arg>MO</arg>
<arg>MP</arg>
<arg>MQ</arg>
<arg>MR</arg>
<arg>MS</arg>
<arg>MT</arg>
<arg>MU</arg>
<arg>MV</arg>
<arg>MW</arg>
<arg>MX</arg>
<arg>MY</arg>
<arg>MZ</arg>
<arg>NA</arg>
<arg>NC</arg>
<arg>NE</arg>
<arg>NF</arg>
<arg>NG</arg>
<arg>NI</arg>
<arg>NL</arg>
<arg>NO</arg>
<arg>NP</arg>
<arg>NR</arg>
<arg>NU</arg>
<arg>NZ</arg>
<arg>OM</arg>
<arg>PA</arg>
<arg>PE</arg>
<arg>PF</arg>
<arg>PG</arg>
<arg>PH</arg>
<arg>PK</arg>
<arg>PL</arg>
<arg>PM</arg>
<arg>PN</arg>
<arg>PR</arg>
<arg>PS</arg>
<arg>PT</arg>
<arg>PW</arg>
<arg>PY</arg>
<arg>QA</arg>
<arg>RE</arg>
<arg>RO</arg>
<arg>RS</arg>
<arg>RU</arg>
<arg>RW</arg>
<arg>SA</arg>
<arg>SB</arg>
<arg>SC</arg>
<arg>SD</arg>
<arg>SE</arg>
<arg>SG</arg>
<arg>SH</arg>
<arg>SI</arg>
<arg>SJ</arg>
<arg>SK</arg>
<arg>SL</arg>
<arg>SM</arg>
<arg>SN</arg>
<arg>SO</arg>
<arg>SR</arg>
<arg>SS</arg>
<arg>ST</arg>
<arg>SV</arg>
<arg>SX</arg>
<arg>SY</arg>
<arg>SZ</arg>
<arg>TC</arg>
<arg>TD</arg>
<arg>TF</arg>
<arg>TG</arg>
<arg>TH</arg>
<arg>TJ</arg>
<arg>TK</arg>
<arg>TL</arg>
<arg>TM</arg>
<arg>TN</arg>
<arg>TO</arg>
<arg>TR</arg>
<arg>TT</arg>
<arg>TV</arg>
<arg>TW</arg>
<arg>TZ</arg>
<arg>UA</arg>
<arg>UG</arg>
<arg>UM</arg>
<arg>US</arg>
<arg>UY</arg>
<arg>UZ</arg>
<arg>VA</arg>
<arg>VC</arg>
<arg>VE</arg>
<arg>VG</arg>
<arg>VI</arg>
<arg>VN</arg>
<arg>VU</arg>
<arg>WF</arg>
<arg>WS</arg>
<arg>XK</arg>
<arg>YE</arg>
<arg>YT</arg>
<arg>ZA</arg>
<arg>ZM</arg>
<arg>ZW</arg>
<doc>Returns a list containing given items.</doc>
<status status="PASS" start="2024-05-23T18:18:51.719156" elapsed="0.000645"/>
</kw>
<kw name="List Should Contain Value" owner="Collections">
<msg time="2024-05-23T18:18:51.720789" level="INFO">False</msg>
<arg>${list_country}</arg>
<arg>${name_country}</arg>
<doc>Fails if the ``value`` is not found from ``list``.</doc>
<status status="PASS" start="2024-05-23T18:18:51.720587" elapsed="0.000238"/>
</kw>
<kw name="Run Keyword If" owner="BuiltIn">
<kw name="Should Be True" owner="BuiltIn">
<arg>${True}</arg>
<doc>Fails if the given condition is not true.</doc>
<status status="PASS" start="2024-05-23T18:18:51.721872" elapsed="0.000171"/>
</kw>
<arg>${json_data["results"][0]["location"]["coordinates"]["latitude"]} &gt;= -90 and ${json_data["results"][0]["location"]["coordinates"]["latitude"]} &lt;= 90</arg>
<arg>Should Be True</arg>
<arg>${True}</arg>
<doc>Runs the given keyword with the given arguments, if ``condition`` is true.</doc>
<status status="PASS" start="2024-05-23T18:18:51.721132" elapsed="0.001043"/>
</kw>
<kw name="Run Keyword If" owner="BuiltIn">
<kw name="Should Be True" owner="BuiltIn">
<arg>${True}</arg>
<doc>Fails if the given condition is not true.</doc>
<status status="PASS" start="2024-05-23T18:18:51.723057" elapsed="0.000148"/>
</kw>
<arg>${json_data["results"][0]["location"]["coordinates"]["longitude"]} &gt;= -180 and ${json_data["results"][0]["location"]["coordinates"]["longitude"]} &lt;= 180</arg>
<arg>Should Be True</arg>
<arg>${True}</arg>
<doc>Runs the given keyword with the given arguments, if ``condition`` is true.</doc>
<status status="PASS" start="2024-05-23T18:18:51.722359" elapsed="0.000966"/>
</kw>
<status status="PASS" start="2024-05-23T18:18:51.615588" elapsed="0.107865"/>
</kw>
<doc>Testa o conteúdo específico dos campos retornados pela API.</doc>
<tag>testeConteudo</tag>
<status status="PASS" start="2024-05-23T18:18:51.615086" elapsed="0.108514"/>
</test>
<status status="PASS" start="2024-05-23T18:18:50.720227" elapsed="1.005288"/>
</suite>
<status status="PASS" start="2024-05-23T18:18:50.705357" elapsed="1.025371"/>
</suite>
<statistics>
<total>
<stat pass="5" fail="0" skip="0">All Tests</stat>
</total>
<tag>
<stat pass="1" fail="0" skip="0">testeConteudo</stat>
<stat pass="1" fail="0" skip="0">testeEstruturaResposta</stat>
<stat pass="1" fail="0" skip="0">testeRequisicaoBasica</stat>
<stat pass="1" fail="0" skip="0">testeTiposDados</stat>
</tag>
<suite>
<stat pass="5" fail="0" skip="0" id="s1" name="Tests">Tests</stat>
<stat pass="5" fail="0" skip="0" id="s1-s1" name="Random-User-Test">Tests.Random-User-Test</stat>
</suite>
</statistics>
<errors>
</errors>
</robot>
