<?xml version="1.0" encoding="UTF-8"?>
<robot generator="Robot 7.0 (Python 3.12.3 on linux)" generated="2024-04-22T22:14:44.228145" rpa="false" schemaversion="5">
<suite id="s1" name="Tests" source="/home/runner/work/DesafioQAItauRogerioJordao/DesafioQAItauRogerioJordao/RamdonUser/tests">
<suite id="s1-s1" name="Random-User-Test" source="/home/runner/work/DesafioQAItauRogerioJordao/DesafioQAItauRogerioJordao/RamdonUser/tests/random-user-test.robot">
<test id="s1-s1-t1" name="Conectar" line="13">
<kw name="Conectar API" owner="random-user-service">
<kw name="Create Session" owner="RequestsLibrary">
<msg time="2024-04-22T22:14:44.597747" level="INFO">Creating Session using : alias=consultarAPI, url=https://randomuser.me/, headers={},                     cookies={}, auth=None, timeout=None, proxies=None, verify=False,                     debug=0 </msg>
<arg>consultarAPI</arg>
<arg>${URL}</arg>
<doc>Create Session: create a HTTP session to a server</doc>
<status status="PASS" start="2024-04-22T22:14:44.597532" elapsed="0.000412"/>
</kw>
<status status="PASS" start="2024-04-22T22:14:44.596510" elapsed="0.001817"/>
</kw>
<status status="PASS" start="2024-04-22T22:14:44.595832" elapsed="0.002699"/>
</test>
<test id="s1-s1-t2" name="Validar retorno 200 e JSON Válido" line="16">
<kw name="Teste de Requisicao Basica" owner="random-user-service">
<kw name="GET On Session" owner="RequestsLibrary">
<msg time="2024-04-22T22:14:45.278751" level="INFO">GET Request : url=https://randomuser.me/api 
 path_url=/api 
 headers={'User-Agent': 'python-requests/2.31.0', 'Accept-Encoding': 'gzip, deflate', 'Accept': '*/*', 'Connection': 'keep-alive'} 
 body=None 
 </msg>
<msg time="2024-04-22T22:14:45.278901" level="INFO">GET Response : url=https://randomuser.me/api 
 status=200, reason=OK 
 headers={'Date': 'Mon, 22 Apr 2024 22:14:45 GMT', 'Content-Type': 'application/json; charset=utf-8', 'Transfer-Encoding': 'chunked', 'Connection': 'keep-alive', 'X-Powered-By': 'Express', 'Access-Control-Allow-Origin': '*', 'Cache-Control': 'no-cache', 'ETag': 'W/"495-Lr91kFm82gxXxUuBE4CIn7MYy3A"', 'Vary': 'Accept-Encoding', 'Content-Encoding': 'gzip', 'CF-Cache-Status': 'DYNAMIC', 'Report-To': '{"endpoints":[{"url":"https:\\/\\/a.nel.cloudflare.com\\/report\\/v4?s=tME%2FvFp8vFnmOtmlf6vXdVl2PuGeYVrYjUI6vIduOoZSJBm%2BsMKrmK0xks5rmzPIZefStA2ER4wz57NBGkqnZq030Q8jXCt8BYf9Tc7%2FEWbdOhzvKdVfZWplj2B8XJOU"}],"group":"cf-nel","max_age":604800}', 'NEL': '{"success_fraction":0,"report_to":"cf-nel","max_age":604800}', 'Server': 'cloudflare', 'CF-RAY': '8788f7f109973b6c-IAD', 'alt-svc': 'h3=":443"; ma=86400'} 
 body={"results":[{"gender":"female","name":{"title":"Mrs","first":"Clara","last":"Harris"},"location":{"street":{"number":969,"name":"Grand Ave"},"city":"Lloydminster","state":"Yukon","country":"Canada","postcode":"J5D 9I8","coordinates":{"latitude":"-70.5340","longitude":"43.0188"},"timezone":{"offset":"-6:00","description":"Central Time (US &amp; Canada), Mexico City"}},"email":"clara.harris@example.com","login":{"uuid":"5693188e-2a8e-44b9-8b99-325e07ce2cea","username":"organicelephant250","password":"marvin","salt":"QG5rRKYS","md5":"aee21b114e8ec1bfc394ff574881efc6","sha1":"0c0c6bfbf48d9a2ab899d7df0e92e051003765a1","sha256":"c302e5167e35e483d3fd1cd588f7a10b1d962825570cb1bc7f09512eb4cfb00c"},"dob":{"date":"1964-11-04T14:21:05.992Z","age":59},"registered":{"date":"2019-12-09T17:29:00.167Z","age":4},"phone":"M79 D88-6896","cell":"F39 Y37-7173","id":{"name":"SIN","value":"897420642"},"picture":{"large":"https://randomuser.me/api/portraits/women/1.jpg","medium":"https://randomuser.me/api/portraits/med/women/1.jpg","thumbnail":"https://randomuser.me/api/portraits/thumb/women/1.jpg"},"nat":"CA"}],"info":{"seed":"5da4741ac39d0bcd","results":1,"page":1,"version":"1.4"}} 
 </msg>
<msg time="2024-04-22T22:14:45.278982" level="INFO">/opt/hostedtoolcache/Python/3.12.3/x64/lib/python3.12/site-packages/urllib3/connectionpool.py:1103: InsecureRequestWarning: Unverified HTTPS request is being made to host 'randomuser.me'. Adding certificate verification is strongly advised. See: https://urllib3.readthedocs.io/en/latest/advanced-usage.html#tls-warnings
  warnings.warn(</msg>
<msg time="2024-04-22T22:14:45.279123" level="INFO">${response} = &lt;Response [200]&gt;</msg>
<var>${response}</var>
<arg>consultarAPI</arg>
<arg>/api</arg>
<doc>Sends a GET request on a previously created HTTP Session.</doc>
<status status="PASS" start="2024-04-22T22:14:44.601287" elapsed="0.677877"/>
</kw>
<kw name="Should Be Equal As Numbers" owner="BuiltIn">
<msg time="2024-04-22T22:14:45.280218" level="INFO">Argument types are:
&lt;class 'int'&gt;
&lt;class 'str'&gt;</msg>
<arg>${response.status_code}</arg>
<arg>200</arg>
<doc>Fails if objects are unequal after converting them to real numbers.</doc>
<status status="PASS" start="2024-04-22T22:14:45.279703" elapsed="0.000581"/>
</kw>
<kw name="Log" owner="BuiltIn">
<msg time="2024-04-22T22:14:45.280944" level="INFO">200</msg>
<arg>${response.status_code}</arg>
<doc>Logs the given message with the given level.</doc>
<status status="PASS" start="2024-04-22T22:14:45.280603" elapsed="0.000383"/>
</kw>
<kw name="Set Variable" owner="BuiltIn">
<msg time="2024-04-22T22:14:45.281720" level="INFO">${json_data} = {'results': [{'gender': 'female', 'name': {'title': 'Mrs', 'first': 'Clara', 'last': 'Harris'}, 'location': {'street': {'number': 969, 'name': 'Grand Ave'}, 'city': 'Lloydminster', 'state': 'Yukon', '...</msg>
<var>${json_data}</var>
<arg>${response.json()}</arg>
<doc>Returns the given values which can then be assigned to a variables.</doc>
<status status="PASS" start="2024-04-22T22:14:45.281284" elapsed="0.000463"/>
</kw>
<kw name="Dictionary Should Contain Key" owner="Collections">
<msg time="2024-04-22T22:14:45.282221" level="INFO">False</msg>
<arg>${json_data}</arg>
<arg>results</arg>
<doc>Fails if ``key`` is not found from ``dictionary``.</doc>
<status status="PASS" start="2024-04-22T22:14:45.282056" elapsed="0.000202"/>
</kw>
<status status="PASS" start="2024-04-22T22:14:44.601026" elapsed="0.681489"/>
</kw>
<doc>Testa se a API responde corretamente e retorna um objeto JSON válido.</doc>
<tag>testeRequisicaoBasica</tag>
<status status="PASS" start="2024-04-22T22:14:44.600478" elapsed="0.682219"/>
</test>
<test id="s1-s1-t3" name="Validar estrutura de resposta" line="22">
<kw name="Teste de Estrutura de Resposta" owner="random-user-service">
<kw name="GET On Session" owner="RequestsLibrary">
<msg time="2024-04-22T22:14:45.436451" level="INFO">GET Request : url=https://randomuser.me/api 
 path_url=/api 
 headers={'User-Agent': 'python-requests/2.31.0', 'Accept-Encoding': 'gzip, deflate', 'Accept': '*/*', 'Connection': 'keep-alive'} 
 body=None 
 </msg>
<msg time="2024-04-22T22:14:45.436575" level="INFO">GET Response : url=https://randomuser.me/api 
 status=200, reason=OK 
 headers={'Date': 'Mon, 22 Apr 2024 22:14:45 GMT', 'Content-Type': 'application/json; charset=utf-8', 'Transfer-Encoding': 'chunked', 'Connection': 'keep-alive', 'X-Powered-By': 'Express', 'Access-Control-Allow-Origin': '*', 'Cache-Control': 'no-cache', 'ETag': 'W/"4aa-7tytxezTCuIcQ+FUDuxia5ZSx2s"', 'Vary': 'Accept-Encoding', 'Content-Encoding': 'gzip', 'CF-Cache-Status': 'DYNAMIC', 'Report-To': '{"endpoints":[{"url":"https:\\/\\/a.nel.cloudflare.com\\/report\\/v4?s=1QZJ7UvcTWZrnzfaO%2BA3Ua%2FblMztEAEhNIF36g4LZ8vkOhbzr3mZ6ybSAK3q7ng5hlJkhlnJY%2BiVs%2FUb8CsYuAANDLt2y2TEvgJ5ctysaiD2gZKioQ%2BZj2A%2BiuMl%2Fr1m"}],"group":"cf-nel","max_age":604800}', 'NEL': '{"success_fraction":0,"report_to":"cf-nel","max_age":604800}', 'Server': 'cloudflare', 'CF-RAY': '8788f7f50ed83b6c-IAD', 'alt-svc': 'h3=":443"; ma=86400'} 
 body={"results":[{"gender":"male","name":{"title":"Monsieur","first":"Tommaso","last":"Fabre"},"location":{"street":{"number":8982,"name":"Avenue de la République"},"city":"Lully (Fr)","state":"Valais","country":"Switzerland","postcode":7140,"coordinates":{"latitude":"-56.9206","longitude":"-79.0522"},"timezone":{"offset":"+10:00","description":"Eastern Australia, Guam, Vladivostok"}},"email":"tommaso.fabre@example.com","login":{"uuid":"e4fe08ed-91ea-4a56-a100-f319ae9a4ef8","username":"angrybear962","password":"adriana","salt":"Jg4QPtyh","md5":"eda2740ef6e84e705be9bd702d68af50","sha1":"33a1104ea9dfa73aed6b1cf6713b5301fab5794b","sha256":"57de7f1a491e3ec1ecec80b5d55b58b92b11e520bfbafa202e9087d0ce435a42"},"dob":{"date":"1955-12-27T00:43:30.843Z","age":68},"registered":{"date":"2004-05-31T19:33:00.548Z","age":19},"phone":"079 662 99 50","cell":"076 021 71 82","id":{"name":"AVS","value":"756.2258.0015.62"},"picture":{"large":"https://randomuser.me/api/portraits/men/58.jpg","medium":"https://randomuser.me/api/portraits/med/men/58.jpg","thumbnail":"https://randomuser.me/api/portraits/thumb/men/58.jpg"},"nat":"CH"}],"info":{"seed":"21c3d98ffcf16ef1","results":1,"page":1,"version":"1.4"}} 
 </msg>
<msg time="2024-04-22T22:14:45.436732" level="INFO">/opt/hostedtoolcache/Python/3.12.3/x64/lib/python3.12/site-packages/urllib3/connectionpool.py:1103: InsecureRequestWarning: Unverified HTTPS request is being made to host 'randomuser.me'. Adding certificate verification is strongly advised. See: https://urllib3.readthedocs.io/en/latest/advanced-usage.html#tls-warnings
  warnings.warn(</msg>
<msg time="2024-04-22T22:14:45.436860" level="INFO">${response} = &lt;Response [200]&gt;</msg>
<var>${response}</var>
<arg>consultarAPI</arg>
<arg>/api</arg>
<doc>Sends a GET request on a previously created HTTP Session.</doc>
<status status="PASS" start="2024-04-22T22:14:45.285304" elapsed="0.151598"/>
</kw>
<kw name="Set Variable" owner="BuiltIn">
<msg time="2024-04-22T22:14:45.438073" level="INFO">${json_data} = {'results': [{'gender': 'male', 'name': {'title': 'Monsieur', 'first': 'Tommaso', 'last': 'Fabre'}, 'location': {'street': {'number': 8982, 'name': 'Avenue de la République'}, 'city': 'Lully (Fr)', 's...</msg>
<var>${json_data}</var>
<arg>${response.json()}</arg>
<doc>Returns the given values which can then be assigned to a variables.</doc>
<status status="PASS" start="2024-04-22T22:14:45.437505" elapsed="0.000598"/>
</kw>
<kw name="Log" owner="BuiltIn">
<msg time="2024-04-22T22:14:45.438574" level="INFO">{'results': [{'gender': 'male', 'name': {'title': 'Monsieur', 'first': 'Tommaso', 'last': 'Fabre'}, 'location': {'street': {'number': 8982, 'name': 'Avenue de la République'}, 'city': 'Lully (Fr)', 'state': 'Valais', 'country': 'Switzerland', 'postcode': 7140, 'coordinates': {'latitude': '-56.9206', 'longitude': '-79.0522'}, 'timezone': {'offset': '+10:00', 'description': 'Eastern Australia, Guam, Vladivostok'}}, 'email': 'tommaso.fabre@example.com', 'login': {'uuid': 'e4fe08ed-91ea-4a56-a100-f319ae9a4ef8', 'username': 'angrybear962', 'password': 'adriana', 'salt': 'Jg4QPtyh', 'md5': 'eda2740ef6e84e705be9bd702d68af50', 'sha1': '33a1104ea9dfa73aed6b1cf6713b5301fab5794b', 'sha256': '57de7f1a491e3ec1ecec80b5d55b58b92b11e520bfbafa202e9087d0ce435a42'}, 'dob': {'date': '1955-12-27T00:43:30.843Z', 'age': 68}, 'registered': {'date': '2004-05-31T19:33:00.548Z', 'age': 19}, 'phone': '079 662 99 50', 'cell': '076 021 71 82', 'id': {'name': 'AVS', 'value': '756.2258.0015.62'}, 'picture': {'large': 'https://randomuser.me/api/portraits/men/58.jpg', 'medium': 'https://randomuser.me/api/portraits/med/men/58.jpg', 'thumbnail': 'https://randomuser.me/api/portraits/thumb/men/58.jpg'}, 'nat': 'CH'}], 'info': {'seed': '21c3d98ffcf16ef1', 'results': 1, 'page': 1, 'version': '1.4'}}</msg>
<arg>${json_data}</arg>
<doc>Logs the given message with the given level.</doc>
<status status="PASS" start="2024-04-22T22:14:45.438409" elapsed="0.000214"/>
</kw>
<kw name="Dictionary Should Contain Key" owner="Collections">
<msg time="2024-04-22T22:14:45.439075" level="INFO">False</msg>
<arg>${json_data}</arg>
<arg>results</arg>
<doc>Fails if ``key`` is not found from ``dictionary``.</doc>
<status status="PASS" start="2024-04-22T22:14:45.438922" elapsed="0.000189"/>
</kw>
<kw name="Should Not Be Empty" owner="BuiltIn">
<msg time="2024-04-22T22:14:45.439538" level="INFO">Length is 2.</msg>
<arg>${json_data}</arg>
<doc>Verifies that the given item is not empty.</doc>
<status status="PASS" start="2024-04-22T22:14:45.439404" elapsed="0.000171"/>
</kw>
<kw name="Create List" owner="BuiltIn">
<msg time="2024-04-22T22:14:45.440206" level="INFO">${expected_keys} = ['gender', 'name', 'location', 'email', 'login']</msg>
<var>${expected_keys}</var>
<arg>gender</arg>
<arg>name</arg>
<arg>location</arg>
<arg>email</arg>
<arg>login</arg>
<doc>Returns a list containing given items.</doc>
<status status="PASS" start="2024-04-22T22:14:45.439856" elapsed="0.000376"/>
</kw>
<for flavor="IN">
<iter>
<kw name="Dictionary Should Contain Key" owner="Collections">
<msg time="2024-04-22T22:14:45.441239" level="INFO">False</msg>
<arg>${json_data['results'][0]}</arg>
<arg>${key}</arg>
<doc>Fails if ``key`` is not found from ``dictionary``.</doc>
<status status="PASS" start="2024-04-22T22:14:45.440839" elapsed="0.000439"/>
</kw>
<kw name="Log" owner="BuiltIn">
<msg time="2024-04-22T22:14:45.441947" level="INFO">{'gender': 'male', 'name': {'title': 'Monsieur', 'first': 'Tommaso', 'last': 'Fabre'}, 'location': {'street': {'number': 8982, 'name': 'Avenue de la République'}, 'city': 'Lully (Fr)', 'state': 'Valais', 'country': 'Switzerland', 'postcode': 7140, 'coordinates': {'latitude': '-56.9206', 'longitude': '-79.0522'}, 'timezone': {'offset': '+10:00', 'description': 'Eastern Australia, Guam, Vladivostok'}}, 'email': 'tommaso.fabre@example.com', 'login': {'uuid': 'e4fe08ed-91ea-4a56-a100-f319ae9a4ef8', 'username': 'angrybear962', 'password': 'adriana', 'salt': 'Jg4QPtyh', 'md5': 'eda2740ef6e84e705be9bd702d68af50', 'sha1': '33a1104ea9dfa73aed6b1cf6713b5301fab5794b', 'sha256': '57de7f1a491e3ec1ecec80b5d55b58b92b11e520bfbafa202e9087d0ce435a42'}, 'dob': {'date': '1955-12-27T00:43:30.843Z', 'age': 68}, 'registered': {'date': '2004-05-31T19:33:00.548Z', 'age': 19}, 'phone': '079 662 99 50', 'cell': '076 021 71 82', 'id': {'name': 'AVS', 'value': '756.2258.0015.62'}, 'picture': {'large': 'https://randomuser.me/api/portraits/men/58.jpg', 'medium': 'https://randomuser.me/api/portraits/med/men/58.jpg', 'thumbnail': 'https://randomuser.me/api/portraits/thumb/men/58.jpg'}, 'nat': 'CH'}</msg>
<arg>${json_data['results'][0]}</arg>
<doc>Logs the given message with the given level.</doc>
<status status="PASS" start="2024-04-22T22:14:45.441576" elapsed="0.000420"/>
</kw>
<kw name="Log" owner="BuiltIn">
<msg time="2024-04-22T22:14:45.442415" level="INFO">gender</msg>
<arg>${key}</arg>
<doc>Logs the given message with the given level.</doc>
<status status="PASS" start="2024-04-22T22:14:45.442288" elapsed="0.000163"/>
</kw>
<var name="${key}">gender</var>
<status status="PASS" start="2024-04-22T22:14:45.440712" elapsed="0.001948"/>
</iter>
<iter>
<kw name="Dictionary Should Contain Key" owner="Collections">
<msg time="2024-04-22T22:14:45.443350" level="INFO">False</msg>
<arg>${json_data['results'][0]}</arg>
<arg>${key}</arg>
<doc>Fails if ``key`` is not found from ``dictionary``.</doc>
<status status="PASS" start="2024-04-22T22:14:45.442974" elapsed="0.000444"/>
</kw>
<kw name="Log" owner="BuiltIn">
<msg time="2024-04-22T22:14:45.444109" level="INFO">{'gender': 'male', 'name': {'title': 'Monsieur', 'first': 'Tommaso', 'last': 'Fabre'}, 'location': {'street': {'number': 8982, 'name': 'Avenue de la République'}, 'city': 'Lully (Fr)', 'state': 'Valais', 'country': 'Switzerland', 'postcode': 7140, 'coordinates': {'latitude': '-56.9206', 'longitude': '-79.0522'}, 'timezone': {'offset': '+10:00', 'description': 'Eastern Australia, Guam, Vladivostok'}}, 'email': 'tommaso.fabre@example.com', 'login': {'uuid': 'e4fe08ed-91ea-4a56-a100-f319ae9a4ef8', 'username': 'angrybear962', 'password': 'adriana', 'salt': 'Jg4QPtyh', 'md5': 'eda2740ef6e84e705be9bd702d68af50', 'sha1': '33a1104ea9dfa73aed6b1cf6713b5301fab5794b', 'sha256': '57de7f1a491e3ec1ecec80b5d55b58b92b11e520bfbafa202e9087d0ce435a42'}, 'dob': {'date': '1955-12-27T00:43:30.843Z', 'age': 68}, 'registered': {'date': '2004-05-31T19:33:00.548Z', 'age': 19}, 'phone': '079 662 99 50', 'cell': '076 021 71 82', 'id': {'name': 'AVS', 'value': '756.2258.0015.62'}, 'picture': {'large': 'https://randomuser.me/api/portraits/men/58.jpg', 'medium': 'https://randomuser.me/api/portraits/med/men/58.jpg', 'thumbnail': 'https://randomuser.me/api/portraits/thumb/men/58.jpg'}, 'nat': 'CH'}</msg>
<arg>${json_data['results'][0]}</arg>
<doc>Logs the given message with the given level.</doc>
<status status="PASS" start="2024-04-22T22:14:45.443719" elapsed="0.000446"/>
</kw>
<kw name="Log" owner="BuiltIn">
<msg time="2024-04-22T22:14:45.444586" level="INFO">name</msg>
<arg>${key}</arg>
<doc>Logs the given message with the given level.</doc>
<status status="PASS" start="2024-04-22T22:14:45.444459" elapsed="0.000164"/>
</kw>
<var name="${key}">name</var>
<status status="PASS" start="2024-04-22T22:14:45.442851" elapsed="0.001985"/>
</iter>
<iter>
<kw name="Dictionary Should Contain Key" owner="Collections">
<msg time="2024-04-22T22:14:45.445509" level="INFO">False</msg>
<arg>${json_data['results'][0]}</arg>
<arg>${key}</arg>
<doc>Fails if ``key`` is not found from ``dictionary``.</doc>
<status status="PASS" start="2024-04-22T22:14:45.445123" elapsed="0.000424"/>
</kw>
<kw name="Log" owner="BuiltIn">
<msg time="2024-04-22T22:14:45.446206" level="INFO">{'gender': 'male', 'name': {'title': 'Monsieur', 'first': 'Tommaso', 'last': 'Fabre'}, 'location': {'street': {'number': 8982, 'name': 'Avenue de la République'}, 'city': 'Lully (Fr)', 'state': 'Valais', 'country': 'Switzerland', 'postcode': 7140, 'coordinates': {'latitude': '-56.9206', 'longitude': '-79.0522'}, 'timezone': {'offset': '+10:00', 'description': 'Eastern Australia, Guam, Vladivostok'}}, 'email': 'tommaso.fabre@example.com', 'login': {'uuid': 'e4fe08ed-91ea-4a56-a100-f319ae9a4ef8', 'username': 'angrybear962', 'password': 'adriana', 'salt': 'Jg4QPtyh', 'md5': 'eda2740ef6e84e705be9bd702d68af50', 'sha1': '33a1104ea9dfa73aed6b1cf6713b5301fab5794b', 'sha256': '57de7f1a491e3ec1ecec80b5d55b58b92b11e520bfbafa202e9087d0ce435a42'}, 'dob': {'date': '1955-12-27T00:43:30.843Z', 'age': 68}, 'registered': {'date': '2004-05-31T19:33:00.548Z', 'age': 19}, 'phone': '079 662 99 50', 'cell': '076 021 71 82', 'id': {'name': 'AVS', 'value': '756.2258.0015.62'}, 'picture': {'large': 'https://randomuser.me/api/portraits/men/58.jpg', 'medium': 'https://randomuser.me/api/portraits/med/men/58.jpg', 'thumbnail': 'https://randomuser.me/api/portraits/thumb/men/58.jpg'}, 'nat': 'CH'}</msg>
<arg>${json_data['results'][0]}</arg>
<doc>Logs the given message with the given level.</doc>
<status status="PASS" start="2024-04-22T22:14:45.445843" elapsed="0.000413"/>
</kw>
<kw name="Log" owner="BuiltIn">
<msg time="2024-04-22T22:14:45.446671" level="INFO">location</msg>
<arg>${key}</arg>
<doc>Logs the given message with the given level.</doc>
<status status="PASS" start="2024-04-22T22:14:45.446546" elapsed="0.000163"/>
</kw>
<var name="${key}">location</var>
<status status="PASS" start="2024-04-22T22:14:45.445012" elapsed="0.001908"/>
</iter>
<iter>
<kw name="Dictionary Should Contain Key" owner="Collections">
<msg time="2024-04-22T22:14:45.447586" level="INFO">False</msg>
<arg>${json_data['results'][0]}</arg>
<arg>${key}</arg>
<doc>Fails if ``key`` is not found from ``dictionary``.</doc>
<status status="PASS" start="2024-04-22T22:14:45.447207" elapsed="0.000417"/>
</kw>
<kw name="Log" owner="BuiltIn">
<msg time="2024-04-22T22:14:45.448321" level="INFO">{'gender': 'male', 'name': {'title': 'Monsieur', 'first': 'Tommaso', 'last': 'Fabre'}, 'location': {'street': {'number': 8982, 'name': 'Avenue de la République'}, 'city': 'Lully (Fr)', 'state': 'Valais', 'country': 'Switzerland', 'postcode': 7140, 'coordinates': {'latitude': '-56.9206', 'longitude': '-79.0522'}, 'timezone': {'offset': '+10:00', 'description': 'Eastern Australia, Guam, Vladivostok'}}, 'email': 'tommaso.fabre@example.com', 'login': {'uuid': 'e4fe08ed-91ea-4a56-a100-f319ae9a4ef8', 'username': 'angrybear962', 'password': 'adriana', 'salt': 'Jg4QPtyh', 'md5': 'eda2740ef6e84e705be9bd702d68af50', 'sha1': '33a1104ea9dfa73aed6b1cf6713b5301fab5794b', 'sha256': '57de7f1a491e3ec1ecec80b5d55b58b92b11e520bfbafa202e9087d0ce435a42'}, 'dob': {'date': '1955-12-27T00:43:30.843Z', 'age': 68}, 'registered': {'date': '2004-05-31T19:33:00.548Z', 'age': 19}, 'phone': '079 662 99 50', 'cell': '076 021 71 82', 'id': {'name': 'AVS', 'value': '756.2258.0015.62'}, 'picture': {'large': 'https://randomuser.me/api/portraits/men/58.jpg', 'medium': 'https://randomuser.me/api/portraits/med/men/58.jpg', 'thumbnail': 'https://randomuser.me/api/portraits/thumb/men/58.jpg'}, 'nat': 'CH'}</msg>
<arg>${json_data['results'][0]}</arg>
<doc>Logs the given message with the given level.</doc>
<status status="PASS" start="2024-04-22T22:14:45.447917" elapsed="0.000454"/>
</kw>
<kw name="Log" owner="BuiltIn">
<msg time="2024-04-22T22:14:45.448794" level="INFO">email</msg>
<arg>${key}</arg>
<doc>Logs the given message with the given level.</doc>
<status status="PASS" start="2024-04-22T22:14:45.448668" elapsed="0.000163"/>
</kw>
<var name="${key}">email</var>
<status status="PASS" start="2024-04-22T22:14:45.447097" elapsed="0.001944"/>
</iter>
<iter>
<kw name="Dictionary Should Contain Key" owner="Collections">
<msg time="2024-04-22T22:14:45.449702" level="INFO">False</msg>
<arg>${json_data['results'][0]}</arg>
<arg>${key}</arg>
<doc>Fails if ``key`` is not found from ``dictionary``.</doc>
<status status="PASS" start="2024-04-22T22:14:45.449317" elapsed="0.000422"/>
</kw>
<kw name="Log" owner="BuiltIn">
<msg time="2024-04-22T22:14:45.450394" level="INFO">{'gender': 'male', 'name': {'title': 'Monsieur', 'first': 'Tommaso', 'last': 'Fabre'}, 'location': {'street': {'number': 8982, 'name': 'Avenue de la République'}, 'city': 'Lully (Fr)', 'state': 'Valais', 'country': 'Switzerland', 'postcode': 7140, 'coordinates': {'latitude': '-56.9206', 'longitude': '-79.0522'}, 'timezone': {'offset': '+10:00', 'description': 'Eastern Australia, Guam, Vladivostok'}}, 'email': 'tommaso.fabre@example.com', 'login': {'uuid': 'e4fe08ed-91ea-4a56-a100-f319ae9a4ef8', 'username': 'angrybear962', 'password': 'adriana', 'salt': 'Jg4QPtyh', 'md5': 'eda2740ef6e84e705be9bd702d68af50', 'sha1': '33a1104ea9dfa73aed6b1cf6713b5301fab5794b', 'sha256': '57de7f1a491e3ec1ecec80b5d55b58b92b11e520bfbafa202e9087d0ce435a42'}, 'dob': {'date': '1955-12-27T00:43:30.843Z', 'age': 68}, 'registered': {'date': '2004-05-31T19:33:00.548Z', 'age': 19}, 'phone': '079 662 99 50', 'cell': '076 021 71 82', 'id': {'name': 'AVS', 'value': '756.2258.0015.62'}, 'picture': {'large': 'https://randomuser.me/api/portraits/men/58.jpg', 'medium': 'https://randomuser.me/api/portraits/med/men/58.jpg', 'thumbnail': 'https://randomuser.me/api/portraits/thumb/men/58.jpg'}, 'nat': 'CH'}</msg>
<arg>${json_data['results'][0]}</arg>
<doc>Logs the given message with the given level.</doc>
<status status="PASS" start="2024-04-22T22:14:45.450030" elapsed="0.000414"/>
</kw>
<kw name="Log" owner="BuiltIn">
<msg time="2024-04-22T22:14:45.450862" level="INFO">login</msg>
<arg>${key}</arg>
<doc>Logs the given message with the given level.</doc>
<status status="PASS" start="2024-04-22T22:14:45.450738" elapsed="0.000191"/>
</kw>
<var name="${key}">login</var>
<status status="PASS" start="2024-04-22T22:14:45.449208" elapsed="0.001937"/>
</iter>
<var>${key}</var>
<value>@{expected_keys}</value>
<status status="PASS" start="2024-04-22T22:14:45.440517" elapsed="0.010748"/>
</for>
<kw name="Create List" owner="BuiltIn">
<msg time="2024-04-22T22:14:45.451590" level="INFO">${expected_keysTwo} = ['username', 'password']</msg>
<var>${expected_keysTwo}</var>
<arg>username</arg>
<arg>password</arg>
<doc>Returns a list containing given items.</doc>
<status status="PASS" start="2024-04-22T22:14:45.451456" elapsed="0.000157"/>
</kw>
<for flavor="IN">
<iter>
<kw name="Dictionary Should Contain Key" owner="Collections">
<msg time="2024-04-22T22:14:45.452562" level="INFO">False</msg>
<arg>${json_data['results'][0]['login']}</arg>
<arg>${keyTwo}</arg>
<doc>Fails if ``key`` is not found from ``dictionary``.</doc>
<status status="PASS" start="2024-04-22T22:14:45.452146" elapsed="0.000454"/>
</kw>
<kw name="Dictionary Should Contain Key" owner="Collections">
<msg time="2024-04-22T22:14:45.453282" level="INFO">False</msg>
<arg>${json_data['results'][0]['login']}</arg>
<arg>${keyTwo}</arg>
<doc>Fails if ``key`` is not found from ``dictionary``.</doc>
<status status="PASS" start="2024-04-22T22:14:45.452901" elapsed="0.000417"/>
</kw>
<kw name="Log" owner="BuiltIn">
<msg time="2024-04-22T22:14:45.453741" level="INFO">username</msg>
<arg>${keyTwo}</arg>
<doc>Logs the given message with the given level.</doc>
<status status="PASS" start="2024-04-22T22:14:45.453613" elapsed="0.000170"/>
</kw>
<var name="${keyTwo}">username</var>
<status status="PASS" start="2024-04-22T22:14:45.451996" elapsed="0.002006"/>
</iter>
<iter>
<kw name="Dictionary Should Contain Key" owner="Collections">
<msg time="2024-04-22T22:14:45.454680" level="INFO">False</msg>
<arg>${json_data['results'][0]['login']}</arg>
<arg>${keyTwo}</arg>
<doc>Fails if ``key`` is not found from ``dictionary``.</doc>
<status status="PASS" start="2024-04-22T22:14:45.454299" elapsed="0.000424"/>
</kw>
<kw name="Dictionary Should Contain Key" owner="Collections">
<msg time="2024-04-22T22:14:45.455471" level="INFO">False</msg>
<arg>${json_data['results'][0]['login']}</arg>
<arg>${keyTwo}</arg>
<doc>Fails if ``key`` is not found from ``dictionary``.</doc>
<status status="PASS" start="2024-04-22T22:14:45.455012" elapsed="0.000497"/>
</kw>
<kw name="Log" owner="BuiltIn">
<msg time="2024-04-22T22:14:45.455951" level="INFO">password</msg>
<arg>${keyTwo}</arg>
<doc>Logs the given message with the given level.</doc>
<status status="PASS" start="2024-04-22T22:14:45.455813" elapsed="0.000175"/>
</kw>
<var name="${keyTwo}">password</var>
<status status="PASS" start="2024-04-22T22:14:45.454173" elapsed="0.002063"/>
</iter>
<var>${keyTwo}</var>
<value>@{expected_keysTwo}</value>
<status status="PASS" start="2024-04-22T22:14:45.451845" elapsed="0.004514"/>
</for>
<status status="PASS" start="2024-04-22T22:14:45.285067" elapsed="0.171432"/>
</kw>
<doc>Testa a estrutura da resposta da API.</doc>
<tag>testeEstruturaResposta</tag>
<status status="PASS" start="2024-04-22T22:14:45.284542" elapsed="0.172117"/>
</test>
<test id="s1-s1-t4" name="Validar tipos de dados" line="28">
<kw name="Teste de Tipos de Dados" owner="random-user-service">
<kw name="GET On Session" owner="RequestsLibrary">
<msg time="2024-04-22T22:14:45.526560" level="INFO">GET Request : url=https://randomuser.me/api 
 path_url=/api 
 headers={'User-Agent': 'python-requests/2.31.0', 'Accept-Encoding': 'gzip, deflate', 'Accept': '*/*', 'Connection': 'keep-alive'} 
 body=None 
 </msg>
<msg time="2024-04-22T22:14:45.526650" level="INFO">GET Response : url=https://randomuser.me/api 
 status=200, reason=OK 
 headers={'Date': 'Mon, 22 Apr 2024 22:14:45 GMT', 'Content-Type': 'application/json; charset=utf-8', 'Transfer-Encoding': 'chunked', 'Connection': 'keep-alive', 'X-Powered-By': 'Express', 'Access-Control-Allow-Origin': '*', 'Cache-Control': 'no-cache', 'ETag': 'W/"4a7-xAEEYT2LcLr9H+X/2MznQ+jjKSs"', 'Vary': 'Accept-Encoding', 'Content-Encoding': 'gzip', 'CF-Cache-Status': 'DYNAMIC', 'Report-To': '{"endpoints":[{"url":"https:\\/\\/a.nel.cloudflare.com\\/report\\/v4?s=%2BSQ8ZNKMpUrJpuQzIaDWibQBxxTnxhWTRaBqv4WEueKMd2sEaa2I%2FKiijndPDwVzhTaSkgVcbZFsMZIMTzD%2Fba7Yhi0v4eOYNF5qRQAbHIK2q3kfxn2gjBw55GI2A3u%2B"}],"group":"cf-nel","max_age":604800}', 'NEL': '{"success_fraction":0,"report_to":"cf-nel","max_age":604800}', 'Server': 'cloudflare', 'CF-RAY': '8788f7f6282f3b6c-IAD', 'alt-svc': 'h3=":443"; ma=86400'} 
 body={"results":[{"gender":"female","name":{"title":"Mrs","first":"Janet","last":"Lynch"},"location":{"street":{"number":1103,"name":"The Green"},"city":"Nottingham","state":"Lincolnshire","country":"United Kingdom","postcode":"R51 7NZ","coordinates":{"latitude":"-5.1039","longitude":"153.7208"},"timezone":{"offset":"+11:00","description":"Magadan, Solomon Islands, New Caledonia"}},"email":"janet.lynch@example.com","login":{"uuid":"786f1d99-d595-488a-acf9-518a431650bb","username":"orangegoose200","password":"verizon","salt":"uMwFGP5V","md5":"6b26132dbe7a2f8c21370f6b9a089c7a","sha1":"de41edf514eee640a58f7f520fae57da91355c24","sha256":"04308d14caf4f58f1f478aada47a04d9da22074e19ccedafc372631caf888718"},"dob":{"date":"1974-02-23T06:39:06.186Z","age":50},"registered":{"date":"2015-03-15T01:20:38.599Z","age":9},"phone":"015394 15826","cell":"07653 340810","id":{"name":"NINO","value":"TK 46 60 49 V"},"picture":{"large":"https://randomuser.me/api/portraits/women/27.jpg","medium":"https://randomuser.me/api/portraits/med/women/27.jpg","thumbnail":"https://randomuser.me/api/portraits/thumb/women/27.jpg"},"nat":"GB"}],"info":{"seed":"fcee0a0ff27fdb6a","results":1,"page":1,"version":"1.4"}} 
 </msg>
<msg time="2024-04-22T22:14:45.526728" level="INFO">/opt/hostedtoolcache/Python/3.12.3/x64/lib/python3.12/site-packages/urllib3/connectionpool.py:1103: InsecureRequestWarning: Unverified HTTPS request is being made to host 'randomuser.me'. Adding certificate verification is strongly advised. See: https://urllib3.readthedocs.io/en/latest/advanced-usage.html#tls-warnings
  warnings.warn(</msg>
<msg time="2024-04-22T22:14:45.526845" level="INFO">${response} = &lt;Response [200]&gt;</msg>
<var>${response}</var>
<arg>consultarAPI</arg>
<arg>/api</arg>
<doc>Sends a GET request on a previously created HTTP Session.</doc>
<status status="PASS" start="2024-04-22T22:14:45.459242" elapsed="0.067647"/>
</kw>
<kw name="Set Variable" owner="BuiltIn">
<msg time="2024-04-22T22:14:45.527771" level="INFO">${json_data} = {'results': [{'gender': 'female', 'name': {'title': 'Mrs', 'first': 'Janet', 'last': 'Lynch'}, 'location': {'street': {'number': 1103, 'name': 'The Green'}, 'city': 'Nottingham', 'state': 'Lincolnshir...</msg>
<var>${json_data}</var>
<arg>${response.json()}</arg>
<doc>Returns the given values which can then be assigned to a variables.</doc>
<status status="PASS" start="2024-04-22T22:14:45.527298" elapsed="0.000502"/>
</kw>
<kw name="Log" owner="BuiltIn">
<msg time="2024-04-22T22:14:45.528313" level="INFO">{'results': [{'gender': 'female', 'name': {'title': 'Mrs', 'first': 'Janet', 'last': 'Lynch'}, 'location': {'street': {'number': 1103, 'name': 'The Green'}, 'city': 'Nottingham', 'state': 'Lincolnshire', 'country': 'United Kingdom', 'postcode': 'R51 7NZ', 'coordinates': {'latitude': '-5.1039', 'longitude': '153.7208'}, 'timezone': {'offset': '+11:00', 'description': 'Magadan, Solomon Islands, New Caledonia'}}, 'email': 'janet.lynch@example.com', 'login': {'uuid': '786f1d99-d595-488a-acf9-518a431650bb', 'username': 'orangegoose200', 'password': 'verizon', 'salt': 'uMwFGP5V', 'md5': '6b26132dbe7a2f8c21370f6b9a089c7a', 'sha1': 'de41edf514eee640a58f7f520fae57da91355c24', 'sha256': '04308d14caf4f58f1f478aada47a04d9da22074e19ccedafc372631caf888718'}, 'dob': {'date': '1974-02-23T06:39:06.186Z', 'age': 50}, 'registered': {'date': '2015-03-15T01:20:38.599Z', 'age': 9}, 'phone': '015394 15826', 'cell': '07653 340810', 'id': {'name': 'NINO', 'value': 'TK 46 60 49 V'}, 'picture': {'large': 'https://randomuser.me/api/portraits/women/27.jpg', 'medium': 'https://randomuser.me/api/portraits/med/women/27.jpg', 'thumbnail': 'https://randomuser.me/api/portraits/thumb/women/27.jpg'}, 'nat': 'GB'}], 'info': {'seed': 'fcee0a0ff27fdb6a', 'results': 1, 'page': 1, 'version': '1.4'}}</msg>
<arg>${json_data}</arg>
<doc>Logs the given message with the given level.</doc>
<status status="PASS" start="2024-04-22T22:14:45.528146" elapsed="0.000251"/>
</kw>
<kw name="Should Be String" owner="String">
<arg>${json_data['results'][0]['gender']}</arg>
<doc>Fails if the given ``item`` is not a string.</doc>
<status status="PASS" start="2024-04-22T22:14:45.528706" elapsed="0.000363"/>
</kw>
<kw name="Should Match Regexp" owner="BuiltIn">
<arg>${json_data['results'][0]['email']}</arg>
<arg>^[a-zA-Z0-9._%+-]+@[a-zA-Z0-9.-]+\.[a-zA-Z]{2,}$</arg>
<doc>Fails if ``string`` does not match ``pattern`` as a regular expression.</doc>
<status status="PASS" start="2024-04-22T22:14:45.529261" elapsed="0.000511"/>
</kw>
<kw name="Should Match Regexp" owner="BuiltIn">
<arg>${json_data['results'][0]['dob']['date']}</arg>
<arg>\\d{4}-\\d{2}-\\d{2}T\\d{2}:\\d{2}:\\d{2}\\.\\d{3}Z</arg>
<doc>Fails if ``string`` does not match ``pattern`` as a regular expression.</doc>
<status status="PASS" start="2024-04-22T22:14:45.529967" elapsed="0.000482"/>
</kw>
<kw name="Should Match Regexp" owner="BuiltIn">
<arg>${json_data['results'][0]['registered']['date']}</arg>
<arg>\\d{4}-\\d{2}-\\d{2}T\\d{2}:\\d{2}:\\d{2}\\.\\d{3}Z</arg>
<doc>Fails if ``string`` does not match ``pattern`` as a regular expression.</doc>
<status status="PASS" start="2024-04-22T22:14:45.530638" elapsed="0.000370"/>
</kw>
<kw name="Should Match Regexp" owner="BuiltIn">
<arg>${json_data['results'][0]['picture']['large']}</arg>
<arg>^https?://.*\.(?:png|jpe?g|gif|bmp)$</arg>
<doc>Fails if ``string`` does not match ``pattern`` as a regular expression.</doc>
<status status="PASS" start="2024-04-22T22:14:45.531196" elapsed="0.000452"/>
</kw>
<kw name="Should Match Regexp" owner="BuiltIn">
<arg>${json_data['results'][0]['picture']['medium']}</arg>
<arg>^https?://.*\.(?:png|jpe?g|gif|bmp)$</arg>
<doc>Fails if ``string`` does not match ``pattern`` as a regular expression.</doc>
<status status="PASS" start="2024-04-22T22:14:45.531843" elapsed="0.000393"/>
</kw>
<kw name="Should Match Regexp" owner="BuiltIn">
<arg>${json_data['results'][0]['picture']['thumbnail']}</arg>
<arg>^https?://.*\.(?:png|jpe?g|gif|bmp)$</arg>
<doc>Fails if ``string`` does not match ``pattern`` as a regular expression.</doc>
<status status="PASS" start="2024-04-22T22:14:45.532438" elapsed="0.000346"/>
</kw>
<kw name="Log" owner="BuiltIn">
<msg time="2024-04-22T22:14:45.533288" level="INFO">{'large': 'https://randomuser.me/api/portraits/women/27.jpg', 'medium': 'https://randomuser.me/api/portraits/med/women/27.jpg', 'thumbnail': 'https://randomuser.me/api/portraits/thumb/women/27.jpg'}</msg>
<arg>${json_data['results'][0]['picture']}</arg>
<doc>Logs the given message with the given level.</doc>
<status status="PASS" start="2024-04-22T22:14:45.532962" elapsed="0.000367"/>
</kw>
<status status="PASS" start="2024-04-22T22:14:45.459006" elapsed="0.074575"/>
</kw>
<kw name="Teste de Tipos de Dados - Postcode" owner="random-user-service">
<kw name="GET On Session" owner="RequestsLibrary">
<msg time="2024-04-22T22:14:45.621393" level="INFO">GET Request : url=https://randomuser.me/api 
 path_url=/api 
 headers={'User-Agent': 'python-requests/2.31.0', 'Accept-Encoding': 'gzip, deflate', 'Accept': '*/*', 'Connection': 'keep-alive'} 
 body=None 
 </msg>
<msg time="2024-04-22T22:14:45.621497" level="INFO">GET Response : url=https://randomuser.me/api 
 status=200, reason=OK 
 headers={'Date': 'Mon, 22 Apr 2024 22:14:45 GMT', 'Content-Type': 'application/json; charset=utf-8', 'Transfer-Encoding': 'chunked', 'Connection': 'keep-alive', 'X-Powered-By': 'Express', 'Access-Control-Allow-Origin': '*', 'Cache-Control': 'no-cache', 'ETag': 'W/"49b-HywQry7CgezlH9NkkvLCqZ/qM5o"', 'Vary': 'Accept-Encoding', 'Content-Encoding': 'gzip', 'CF-Cache-Status': 'DYNAMIC', 'Report-To': '{"endpoints":[{"url":"https:\\/\\/a.nel.cloudflare.com\\/report\\/v4?s=8mtJfKxFRG4jVrZMGEVnzPwN78dVcEagcRtaRnScNWDbZbwiLREVz5c%2FkOaUCuQgTHFNCi62L%2BrsRDDW0bUeloj82vspcqnRBOOSSCalK91ZhcsjH4oM2KjUwCgHDSBy"}],"group":"cf-nel","max_age":604800}', 'NEL': '{"success_fraction":0,"report_to":"cf-nel","max_age":604800}', 'Server': 'cloudflare', 'CF-RAY': '8788f7f698da3b6c-IAD', 'alt-svc': 'h3=":443"; ma=86400'} 
 body={"results":[{"gender":"female","name":{"title":"Ms","first":"Carolina","last":"Román"},"location":{"street":{"number":793,"name":"Avenida de América"},"city":"Gandía","state":"Andalucía","country":"Spain","postcode":30853,"coordinates":{"latitude":"-35.8348","longitude":"153.3133"},"timezone":{"offset":"+1:00","description":"Brussels, Copenhagen, Madrid, Paris"}},"email":"carolina.roman@example.com","login":{"uuid":"3cb71040-3111-472e-8ee0-cae2e5f9135e","username":"angrypeacock674","password":"tardis","salt":"fhgCi3b6","md5":"4f020ff2db762ffb9314c9f9a53f3513","sha1":"1907ae86b5735ac42c1592f763007fce7597c9f3","sha256":"4aa855a9b88cdce28738b188396e4b0f07d448d1a2e5e05dc6da443aa82a3a16"},"dob":{"date":"1996-04-17T23:59:48.106Z","age":28},"registered":{"date":"2005-05-03T17:30:15.863Z","age":18},"phone":"939-512-395","cell":"649-368-189","id":{"name":"DNI","value":"14927825-S"},"picture":{"large":"https://randomuser.me/api/portraits/women/88.jpg","medium":"https://randomuser.me/api/portraits/med/women/88.jpg","thumbnail":"https://randomuser.me/api/portraits/thumb/women/88.jpg"},"nat":"ES"}],"info":{"seed":"c9b1b4114208b238","results":1,"page":1,"version":"1.4"}} 
 </msg>
<msg time="2024-04-22T22:14:45.621580" level="INFO">/opt/hostedtoolcache/Python/3.12.3/x64/lib/python3.12/site-packages/urllib3/connectionpool.py:1103: InsecureRequestWarning: Unverified HTTPS request is being made to host 'randomuser.me'. Adding certificate verification is strongly advised. See: https://urllib3.readthedocs.io/en/latest/advanced-usage.html#tls-warnings
  warnings.warn(</msg>
<msg time="2024-04-22T22:14:45.621708" level="INFO">${response} = &lt;Response [200]&gt;</msg>
<var>${response}</var>
<arg>consultarAPI</arg>
<arg>/api</arg>
<doc>Sends a GET request on a previously created HTTP Session.</doc>
<status status="PASS" start="2024-04-22T22:14:45.534034" elapsed="0.087721"/>
</kw>
<kw name="Set Variable" owner="BuiltIn">
<msg time="2024-04-22T22:14:45.622825" level="INFO">${json_data} = {'results': [{'gender': 'female', 'name': {'title': 'Ms', 'first': 'Carolina', 'last': 'Román'}, 'location': {'street': {'number': 793, 'name': 'Avenida de América'}, 'city': 'Gandía', 'state': 'Andal...</msg>
<var>${json_data}</var>
<arg>${response.json()}</arg>
<doc>Returns the given values which can then be assigned to a variables.</doc>
<status status="PASS" start="2024-04-22T22:14:45.622308" elapsed="0.000544"/>
</kw>
<kw name="Log" owner="BuiltIn">
<msg time="2024-04-22T22:14:45.623330" level="INFO">{'results': [{'gender': 'female', 'name': {'title': 'Ms', 'first': 'Carolina', 'last': 'Román'}, 'location': {'street': {'number': 793, 'name': 'Avenida de América'}, 'city': 'Gandía', 'state': 'Andalucía', 'country': 'Spain', 'postcode': 30853, 'coordinates': {'latitude': '-35.8348', 'longitude': '153.3133'}, 'timezone': {'offset': '+1:00', 'description': 'Brussels, Copenhagen, Madrid, Paris'}}, 'email': 'carolina.roman@example.com', 'login': {'uuid': '3cb71040-3111-472e-8ee0-cae2e5f9135e', 'username': 'angrypeacock674', 'password': 'tardis', 'salt': 'fhgCi3b6', 'md5': '4f020ff2db762ffb9314c9f9a53f3513', 'sha1': '1907ae86b5735ac42c1592f763007fce7597c9f3', 'sha256': '4aa855a9b88cdce28738b188396e4b0f07d448d1a2e5e05dc6da443aa82a3a16'}, 'dob': {'date': '1996-04-17T23:59:48.106Z', 'age': 28}, 'registered': {'date': '2005-05-03T17:30:15.863Z', 'age': 18}, 'phone': '939-512-395', 'cell': '649-368-189', 'id': {'name': 'DNI', 'value': '14927825-S'}, 'picture': {'large': 'https://randomuser.me/api/portraits/women/88.jpg', 'medium': 'https://randomuser.me/api/portraits/med/women/88.jpg', 'thumbnail': 'https://randomuser.me/api/portraits/thumb/women/88.jpg'}, 'nat': 'ES'}], 'info': {'seed': 'c9b1b4114208b238', 'results': 1, 'page': 1, 'version': '1.4'}}</msg>
<arg>${json_data}</arg>
<doc>Logs the given message with the given level.</doc>
<status status="PASS" start="2024-04-22T22:14:45.623169" elapsed="0.000244"/>
</kw>
<kw name="Should Be Equal As Numbers" owner="BuiltIn">
<arg>${json_data['results'][0]['location']['postcode']}</arg>
<arg>${json_data['results'][0]['location']['postcode']}</arg>
<doc>Fails if objects are unequal after converting them to real numbers.</doc>
<status status="PASS" start="2024-04-22T22:14:45.623714" elapsed="0.000855"/>
</kw>
<kw name="Log" owner="BuiltIn">
<msg time="2024-04-22T22:14:45.625111" level="INFO">30853</msg>
<arg>${json_data['results'][0]['location']['postcode']}</arg>
<doc>Logs the given message with the given level.</doc>
<status status="PASS" start="2024-04-22T22:14:45.624772" elapsed="0.000378"/>
</kw>
<status status="PASS" start="2024-04-22T22:14:45.533804" elapsed="0.091598"/>
</kw>
<doc>Testa se os tipos de dados na resposta da API estão corretos.</doc>
<tag>testeTiposDados</tag>
<status status="PASS" start="2024-04-22T22:14:45.458474" elapsed="0.167093"/>
</test>
<test id="s1-s1-t5" name="Validar conteudo" line="35">
<kw name="Teste de Tipos de Conteudo" owner="random-user-service">
<kw name="GET On Session" owner="RequestsLibrary">
<msg time="2024-04-22T22:14:45.722703" level="INFO">GET Request : url=https://randomuser.me/api 
 path_url=/api 
 headers={'User-Agent': 'python-requests/2.31.0', 'Accept-Encoding': 'gzip, deflate', 'Accept': '*/*', 'Connection': 'keep-alive'} 
 body=None 
 </msg>
<msg time="2024-04-22T22:14:45.722806" level="INFO">GET Response : url=https://randomuser.me/api 
 status=200, reason=OK 
 headers={'Date': 'Mon, 22 Apr 2024 22:14:45 GMT', 'Content-Type': 'application/json; charset=utf-8', 'Transfer-Encoding': 'chunked', 'Connection': 'keep-alive', 'X-Powered-By': 'Express', 'Access-Control-Allow-Origin': '*', 'Cache-Control': 'no-cache', 'ETag': 'W/"484-Nm/uk1uuJz+e89OT5XUJNlxWgDY"', 'Vary': 'Accept-Encoding', 'Content-Encoding': 'gzip', 'CF-Cache-Status': 'DYNAMIC', 'Report-To': '{"endpoints":[{"url":"https:\\/\\/a.nel.cloudflare.com\\/report\\/v4?s=KT8DV%2FUkzUEE5OfwwuAd1HE4Z9jjeDvI6Uemxnxyqh0coNuV1onuzuHTKjwoFy6S58CBCJRF0SadVTsDXyevmlPcAuA3FBoryKzvZTl%2Fe84FTSMiLQK35p5dNaBU0WBe"}],"group":"cf-nel","max_age":604800}', 'NEL': '{"success_fraction":0,"report_to":"cf-nel","max_age":604800}', 'Server': 'cloudflare', 'CF-RAY': '8788f7f739b83b6c-IAD', 'alt-svc': 'h3=":443"; ma=86400'} 
 body={"results":[{"gender":"male","name":{"title":"Mr","first":"Sondre","last":"Smestad"},"location":{"street":{"number":553,"name":"Eiriks gate"},"city":"Lauvsnes","state":"Akershus","country":"Norway","postcode":"9310","coordinates":{"latitude":"42.7698","longitude":"-107.5936"},"timezone":{"offset":"+8:00","description":"Beijing, Perth, Singapore, Hong Kong"}},"email":"sondre.smestad@example.com","login":{"uuid":"dcd0270a-e565-4c79-b96e-2578e249183e","username":"happytiger265","password":"mnbvcx","salt":"4wyuXCLR","md5":"509005d0dc58a4e3b7c83e805c78c26b","sha1":"1b1bcbde03d905456bd00d76df3f9d8800e815ed","sha256":"9bd5da0fd404345eefbc795f823719f69cb25976c5806092c12079e571b56dc0"},"dob":{"date":"1963-12-02T04:20:55.776Z","age":60},"registered":{"date":"2012-04-10T00:16:46.848Z","age":12},"phone":"81350529","cell":"44196829","id":{"name":"FN","value":"02126326915"},"picture":{"large":"https://randomuser.me/api/portraits/men/55.jpg","medium":"https://randomuser.me/api/portraits/med/men/55.jpg","thumbnail":"https://randomuser.me/api/portraits/thumb/men/55.jpg"},"nat":"NO"}],"info":{"seed":"720f6e0e60e2c168","results":1,"page":1,"version":"1.4"}} 
 </msg>
<msg time="2024-04-22T22:14:45.722895" level="INFO">/opt/hostedtoolcache/Python/3.12.3/x64/lib/python3.12/site-packages/urllib3/connectionpool.py:1103: InsecureRequestWarning: Unverified HTTPS request is being made to host 'randomuser.me'. Adding certificate verification is strongly advised. See: https://urllib3.readthedocs.io/en/latest/advanced-usage.html#tls-warnings
  warnings.warn(</msg>
<msg time="2024-04-22T22:14:45.723023" level="INFO">${response} = &lt;Response [200]&gt;</msg>
<var>${response}</var>
<arg>consultarAPI</arg>
<arg>/api</arg>
<doc>Sends a GET request on a previously created HTTP Session.</doc>
<status status="PASS" start="2024-04-22T22:14:45.628052" elapsed="0.095006"/>
</kw>
<kw name="Set Variable" owner="BuiltIn">
<msg time="2024-04-22T22:14:45.724140" level="INFO">${json_data} = {'results': [{'gender': 'male', 'name': {'title': 'Mr', 'first': 'Sondre', 'last': 'Smestad'}, 'location': {'street': {'number': 553, 'name': 'Eiriks gate'}, 'city': 'Lauvsnes', 'state': 'Akershus', '...</msg>
<var>${json_data}</var>
<arg>${response.json()}</arg>
<doc>Returns the given values which can then be assigned to a variables.</doc>
<status status="PASS" start="2024-04-22T22:14:45.723604" elapsed="0.000576"/>
</kw>
<kw name="Set Variable" owner="BuiltIn">
<msg time="2024-04-22T22:14:45.724868" level="INFO">${name_title} = Mr</msg>
<var>${name_title}</var>
<arg>${json_data["results"][0]["name"]["title"]}</arg>
<doc>Returns the given values which can then be assigned to a variables.</doc>
<status status="PASS" start="2024-04-22T22:14:45.724487" elapsed="0.000405"/>
</kw>
<kw name="Create List" owner="BuiltIn">
<msg time="2024-04-22T22:14:45.725334" level="INFO">${allowed_titles} = ['Mr', 'Ms', 'Miss', 'Mrs', 'Madame', 'Monsieur']</msg>
<var>${allowed_titles}</var>
<arg>Mr</arg>
<arg>Ms</arg>
<arg>Miss</arg>
<arg>Mrs</arg>
<arg>Madame</arg>
<arg>Monsieur</arg>
<doc>Returns a list containing given items.</doc>
<status status="PASS" start="2024-04-22T22:14:45.725187" elapsed="0.000170"/>
</kw>
<kw name="List Should Contain Value" owner="Collections">
<msg time="2024-04-22T22:14:45.725827" level="INFO">False</msg>
<arg>${allowed_titles}</arg>
<arg>${name_title}</arg>
<doc>Fails if the ``value`` is not found from ``list``.</doc>
<status status="PASS" start="2024-04-22T22:14:45.725653" elapsed="0.000210"/>
</kw>
<kw name="Set Variable" owner="BuiltIn">
<msg time="2024-04-22T22:14:45.726524" level="INFO">${name_country} = NO</msg>
<var>${name_country}</var>
<arg>${json_data["results"][0]["nat"]}</arg>
<doc>Returns the given values which can then be assigned to a variables.</doc>
<status status="PASS" start="2024-04-22T22:14:45.726147" elapsed="0.000402"/>
</kw>
<kw name="Create List" owner="BuiltIn">
<msg time="2024-04-22T22:14:45.727440" level="INFO">${list_country} = ['AD', 'AE', 'AF', 'AG', 'AI', 'AL', 'AM', 'AO', 'AQ', 'AR', 'AS', 'AT', 'AU', 'AW', 'AX', 'AZ', 'BA', 'BB', 'BD', 'BE', 'BF', 'BG', 'BH', 'BI', 'BJ', 'BL', 'BM', 'BN', 'BO', 'BQ', 'BR', 'BS', 'BT', '...</msg>
<var>${list_country}</var>
<arg>AD</arg>
<arg>AE</arg>
<arg>AF</arg>
<arg>AG</arg>
<arg>AI</arg>
<arg>AL</arg>
<arg>AM</arg>
<arg>AO</arg>
<arg>AQ</arg>
<arg>AR</arg>
<arg>AS</arg>
<arg>AT</arg>
<arg>AU</arg>
<arg>AW</arg>
<arg>AX</arg>
<arg>AZ</arg>
<arg>BA</arg>
<arg>BB</arg>
<arg>BD</arg>
<arg>BE</arg>
<arg>BF</arg>
<arg>BG</arg>
<arg>BH</arg>
<arg>BI</arg>
<arg>BJ</arg>
<arg>BL</arg>
<arg>BM</arg>
<arg>BN</arg>
<arg>BO</arg>
<arg>BQ</arg>
<arg>BR</arg>
<arg>BS</arg>
<arg>BT</arg>
<arg>BV</arg>
<arg>BW</arg>
<arg>BY</arg>
<arg>BZ</arg>
<arg>CA</arg>
<arg>CC</arg>
<arg>CD</arg>
<arg>CF</arg>
<arg>CG</arg>
<arg>CH</arg>
<arg>CI</arg>
<arg>CK</arg>
<arg>CL</arg>
<arg>CM</arg>
<arg>CN</arg>
<arg>CO</arg>
<arg>CR</arg>
<arg>CU</arg>
<arg>CV</arg>
<arg>CW</arg>
<arg>CX</arg>
<arg>CY</arg>
<arg>CZ</arg>
<arg>DE</arg>
<arg>DJ</arg>
<arg>DK</arg>
<arg>DM</arg>
<arg>DO</arg>
<arg>DZ</arg>
<arg>EC</arg>
<arg>EE</arg>
<arg>EG</arg>
<arg>EH</arg>
<arg>ER</arg>
<arg>ES</arg>
<arg>ET</arg>
<arg>FI</arg>
<arg>FJ</arg>
<arg>FK</arg>
<arg>FM</arg>
<arg>FO</arg>
<arg>FR</arg>
<arg>GA</arg>
<arg>GB</arg>
<arg>GD</arg>
<arg>GE</arg>
<arg>GF</arg>
<arg>GG</arg>
<arg>GH</arg>
<arg>GI</arg>
<arg>GL</arg>
<arg>GM</arg>
<arg>GN</arg>
<arg>GP</arg>
<arg>GQ</arg>
<arg>GR</arg>
<arg>GS</arg>
<arg>GT</arg>
<arg>GU</arg>
<arg>GW</arg>
<arg>GY</arg>
<arg>HK</arg>
<arg>HM</arg>
<arg>HN</arg>
<arg>HR</arg>
<arg>HT</arg>
<arg>HU</arg>
<arg>ID</arg>
<arg>IE</arg>
<arg>IL</arg>
<arg>IM</arg>
<arg>IN</arg>
<arg>IO</arg>
<arg>IQ</arg>
<arg>IR</arg>
<arg>IS</arg>
<arg>IT</arg>
<arg>JE</arg>
<arg>JM</arg>
<arg>JO</arg>
<arg>JP</arg>
<arg>KE</arg>
<arg>KG</arg>
<arg>KH</arg>
<arg>KI</arg>
<arg>KM</arg>
<arg>KN</arg>
<arg>KP</arg>
<arg>KR</arg>
<arg>KW</arg>
<arg>KY</arg>
<arg>KZ</arg>
<arg>LA</arg>
<arg>LB</arg>
<arg>LC</arg>
<arg>LI</arg>
<arg>LK</arg>
<arg>LR</arg>
<arg>LS</arg>
<arg>LT</arg>
<arg>LU</arg>
<arg>LV</arg>
<arg>LY</arg>
<arg>MA</arg>
<arg>MC</arg>
<arg>MD</arg>
<arg>ME</arg>
<arg>MF</arg>
<arg>MG</arg>
<arg>MH</arg>
<arg>MK</arg>
<arg>ML</arg>
<arg>MM</arg>
<arg>MN</arg>
<arg>MO</arg>
<arg>MP</arg>
<arg>MQ</arg>
<arg>MR</arg>
<arg>MS</arg>
<arg>MT</arg>
<arg>MU</arg>
<arg>MV</arg>
<arg>MW</arg>
<arg>MX</arg>
<arg>MY</arg>
<arg>MZ</arg>
<arg>NA</arg>
<arg>NC</arg>
<arg>NE</arg>
<arg>NF</arg>
<arg>NG</arg>
<arg>NI</arg>
<arg>NL</arg>
<arg>NO</arg>
<arg>NP</arg>
<arg>NR</arg>
<arg>NU</arg>
<arg>NZ</arg>
<arg>OM</arg>
<arg>PA</arg>
<arg>PE</arg>
<arg>PF</arg>
<arg>PG</arg>
<arg>PH</arg>
<arg>PK</arg>
<arg>PL</arg>
<arg>PM</arg>
<arg>PN</arg>
<arg>PR</arg>
<arg>PS</arg>
<arg>PT</arg>
<arg>PW</arg>
<arg>PY</arg>
<arg>QA</arg>
<arg>RE</arg>
<arg>RO</arg>
<arg>RS</arg>
<arg>RU</arg>
<arg>RW</arg>
<arg>SA</arg>
<arg>SB</arg>
<arg>SC</arg>
<arg>SD</arg>
<arg>SE</arg>
<arg>SG</arg>
<arg>SH</arg>
<arg>SI</arg>
<arg>SJ</arg>
<arg>SK</arg>
<arg>SL</arg>
<arg>SM</arg>
<arg>SN</arg>
<arg>SO</arg>
<arg>SR</arg>
<arg>SS</arg>
<arg>ST</arg>
<arg>SV</arg>
<arg>SX</arg>
<arg>SY</arg>
<arg>SZ</arg>
<arg>TC</arg>
<arg>TD</arg>
<arg>TF</arg>
<arg>TG</arg>
<arg>TH</arg>
<arg>TJ</arg>
<arg>TK</arg>
<arg>TL</arg>
<arg>TM</arg>
<arg>TN</arg>
<arg>TO</arg>
<arg>TR</arg>
<arg>TT</arg>
<arg>TV</arg>
<arg>TW</arg>
<arg>TZ</arg>
<arg>UA</arg>
<arg>UG</arg>
<arg>UM</arg>
<arg>US</arg>
<arg>UY</arg>
<arg>UZ</arg>
<arg>VA</arg>
<arg>VC</arg>
<arg>VE</arg>
<arg>VG</arg>
<arg>VI</arg>
<arg>VN</arg>
<arg>VU</arg>
<arg>WF</arg>
<arg>WS</arg>
<arg>XK</arg>
<arg>YE</arg>
<arg>YT</arg>
<arg>ZA</arg>
<arg>ZM</arg>
<arg>ZW</arg>
<doc>Returns a list containing given items.</doc>
<status status="PASS" start="2024-04-22T22:14:45.726847" elapsed="0.000618"/>
</kw>
<kw name="List Should Contain Value" owner="Collections">
<msg time="2024-04-22T22:14:45.728472" level="INFO">False</msg>
<arg>${list_country}</arg>
<arg>${name_country}</arg>
<doc>Fails if the ``value`` is not found from ``list``.</doc>
<status status="PASS" start="2024-04-22T22:14:45.728271" elapsed="0.000237"/>
</kw>
<kw name="Run Keyword If" owner="BuiltIn">
<kw name="Should Be True" owner="BuiltIn">
<arg>${True}</arg>
<doc>Fails if the given condition is not true.</doc>
<status status="PASS" start="2024-04-22T22:14:45.729580" elapsed="0.000142"/>
</kw>
<arg>${json_data["results"][0]["location"]["coordinates"]["latitude"]} &gt;= -90 and ${json_data["results"][0]["location"]["coordinates"]["latitude"]} &lt;= 90</arg>
<arg>Should Be True</arg>
<arg>${True}</arg>
<doc>Runs the given keyword with the given arguments, if ``condition`` is true.</doc>
<status status="PASS" start="2024-04-22T22:14:45.728817" elapsed="0.001030"/>
</kw>
<kw name="Run Keyword If" owner="BuiltIn">
<kw name="Should Be True" owner="BuiltIn">
<arg>${True}</arg>
<doc>Fails if the given condition is not true.</doc>
<status status="PASS" start="2024-04-22T22:14:45.730720" elapsed="0.000250"/>
</kw>
<arg>${json_data["results"][0]["location"]["coordinates"]["longitude"]} &gt;= -180 and ${json_data["results"][0]["location"]["coordinates"]["longitude"]} &lt;= 180</arg>
<arg>Should Be True</arg>
<arg>${True}</arg>
<doc>Runs the given keyword with the given arguments, if ``condition`` is true.</doc>
<status status="PASS" start="2024-04-22T22:14:45.730029" elapsed="0.001065"/>
</kw>
<status status="PASS" start="2024-04-22T22:14:45.627824" elapsed="0.103401"/>
</kw>
<doc>Testa o conteúdo específico dos campos retornados pela API.</doc>
<tag>testeConteudo</tag>
<status status="PASS" start="2024-04-22T22:14:45.627352" elapsed="0.104025"/>
</test>
<status status="PASS" start="2024-04-22T22:14:44.289402" elapsed="1.443981"/>
</suite>
<status status="PASS" start="2024-04-22T22:14:44.275440" elapsed="1.463071"/>
</suite>
<statistics>
<total>
<stat pass="5" fail="0" skip="0">All Tests</stat>
</total>
<tag>
<stat pass="1" fail="0" skip="0">testeConteudo</stat>
<stat pass="1" fail="0" skip="0">testeEstruturaResposta</stat>
<stat pass="1" fail="0" skip="0">testeRequisicaoBasica</stat>
<stat pass="1" fail="0" skip="0">testeTiposDados</stat>
</tag>
<suite>
<stat pass="5" fail="0" skip="0" id="s1" name="Tests">Tests</stat>
<stat pass="5" fail="0" skip="0" id="s1-s1" name="Random-User-Test">Tests.Random-User-Test</stat>
</suite>
</statistics>
<errors>
</errors>
</robot>
