<?xml version="1.0" encoding="UTF-8"?>
<robot generator="Robot 7.0 (Python 3.12.3 on linux)" generated="2024-05-20T21:13:03.316738" rpa="false" schemaversion="5">
<suite id="s1" name="Tests" source="/home/runner/work/DesafioQAItauRogerioJordao/DesafioQAItauRogerioJordao/RamdonUser/tests">
<suite id="s1-s1" name="Random-User-Test" source="/home/runner/work/DesafioQAItauRogerioJordao/DesafioQAItauRogerioJordao/RamdonUser/tests/random-user-test.robot">
<test id="s1-s1-t1" name="Conectar" line="13">
<kw name="Conectar API" owner="random-user-service">
<kw name="Create Session" owner="RequestsLibrary">
<msg time="2024-05-20T21:13:03.730888" level="INFO">Creating Session using : alias=consultarAPI, url=https://randomuser.me/, headers={},                     cookies={}, auth=None, timeout=None, proxies=None, verify=False,                     debug=0 </msg>
<arg>consultarAPI</arg>
<arg>${URL}</arg>
<doc>Create Session: create a HTTP session to a server</doc>
<status status="PASS" start="2024-05-20T21:13:03.730684" elapsed="0.000407"/>
</kw>
<status status="PASS" start="2024-05-20T21:13:03.729678" elapsed="0.001790"/>
</kw>
<status status="PASS" start="2024-05-20T21:13:03.729012" elapsed="0.002651"/>
</test>
<test id="s1-s1-t2" name="Validar retorno 200 e JSON Válido" line="16">
<kw name="Teste de Requisicao Basica" owner="random-user-service">
<kw name="GET On Session" owner="RequestsLibrary">
<msg time="2024-05-20T21:13:04.741596" level="INFO">GET Request : url=https://randomuser.me/api 
 path_url=/api 
 headers={'User-Agent': 'python-requests/2.32.0', 'Accept-Encoding': 'gzip, deflate', 'Accept': '*/*', 'Connection': 'keep-alive'} 
 body=None 
 </msg>
<msg time="2024-05-20T21:13:04.741748" level="INFO">GET Response : url=https://randomuser.me/api 
 status=200, reason=OK 
 headers={'Date': 'Mon, 20 May 2024 21:13:04 GMT', 'Content-Type': 'application/json; charset=utf-8', 'Transfer-Encoding': 'chunked', 'Connection': 'keep-alive', 'X-Powered-By': 'Express', 'Access-Control-Allow-Origin': '*', 'Cache-Control': 'no-cache', 'ETag': 'W/"492-7XgTlEVtz+W7/YjR965l7j8tm/E"', 'Vary': 'Accept-Encoding', 'Content-Encoding': 'gzip', 'CF-Cache-Status': 'DYNAMIC', 'Report-To': '{"endpoints":[{"url":"https:\\/\\/a.nel.cloudflare.com\\/report\\/v4?s=eLIelThnY0Y9ZNuUlS8EVpCBPPkoYULSoLznB4jWEbFQDwLnVZ4YljC8Z7%2FfTw%2Fz6SVpPUtu3X6LFtqsTQ4piEdbNL7PRSJ26VdCCTL9Xc8wRBI1byh3hKDTcsyyjqIC"}],"group":"cf-nel","max_age":604800}', 'NEL': '{"success_fraction":0,"report_to":"cf-nel","max_age":604800}', 'Server': 'cloudflare', 'CF-RAY': '886f54169dab6345-ORD', 'alt-svc': 'h3=":443"; ma=86400'} 
 body={"results":[{"gender":"female","name":{"title":"Ms","first":"Marija","last":"Majstorović"},"location":{"street":{"number":2692,"name":"Žike Živkovića"},"city":"Kosjerić","state":"Peć","country":"Serbia","postcode":70063,"coordinates":{"latitude":"61.5217","longitude":"105.3277"},"timezone":{"offset":"-7:00","description":"Mountain Time (US &amp; Canada)"}},"email":"marija.majstorovic@example.com","login":{"uuid":"75c24f57-ab0c-4660-956c-66ec200e1137","username":"smallgoose456","password":"gore","salt":"TaXyzaLu","md5":"f1d87c085e091ba7a4c65094bbf677f5","sha1":"93cd255fce9275c2350574d7c431e67d895d682a","sha256":"d50c74bdd7a0ff629a7b9d6c07ec9360224ee64f99fea19a5980c8eb2cbdc7e6"},"dob":{"date":"1997-08-11T04:34:08.221Z","age":26},"registered":{"date":"2018-03-07T05:09:41.374Z","age":6},"phone":"010-8001-444","cell":"061-6009-004","id":{"name":"SID","value":"992441676"},"picture":{"large":"https://randomuser.me/api/portraits/women/12.jpg","medium":"https://randomuser.me/api/portraits/med/women/12.jpg","thumbnail":"https://randomuser.me/api/portraits/thumb/women/12.jpg"},"nat":"RS"}],"info":{"seed":"6ea976b99f411893","results":1,"page":1,"version":"1.4"}} 
 </msg>
<msg time="2024-05-20T21:13:04.741837" level="INFO">/opt/hostedtoolcache/Python/3.12.3/x64/lib/python3.12/site-packages/urllib3/connectionpool.py:1103: InsecureRequestWarning: Unverified HTTPS request is being made to host 'randomuser.me'. Adding certificate verification is strongly advised. See: https://urllib3.readthedocs.io/en/latest/advanced-usage.html#tls-warnings
  warnings.warn(</msg>
<msg time="2024-05-20T21:13:04.742001" level="INFO">${response} = &lt;Response [200]&gt;</msg>
<var>${response}</var>
<arg>consultarAPI</arg>
<arg>/api</arg>
<doc>Sends a GET request on a previously created HTTP Session.</doc>
<status status="PASS" start="2024-05-20T21:13:03.734427" elapsed="1.007617"/>
</kw>
<kw name="Should Be Equal As Numbers" owner="BuiltIn">
<msg time="2024-05-20T21:13:04.743061" level="INFO">Argument types are:
&lt;class 'int'&gt;
&lt;class 'str'&gt;</msg>
<arg>${response.status_code}</arg>
<arg>200</arg>
<doc>Fails if objects are unequal after converting them to real numbers.</doc>
<status status="PASS" start="2024-05-20T21:13:04.742605" elapsed="0.000522"/>
</kw>
<kw name="Log" owner="BuiltIn">
<msg time="2024-05-20T21:13:04.743829" level="INFO">200</msg>
<arg>${response.status_code}</arg>
<doc>Logs the given message with the given level.</doc>
<status status="PASS" start="2024-05-20T21:13:04.743478" elapsed="0.000399"/>
</kw>
<kw name="Set Variable" owner="BuiltIn">
<msg time="2024-05-20T21:13:04.744694" level="INFO">${json_data} = {'results': [{'gender': 'female', 'name': {'title': 'Ms', 'first': 'Marija', 'last': 'Majstorović'}, 'location': {'street': {'number': 2692, 'name': 'Žike Živkovića'}, 'city': 'Kosjerić', 'state': 'Pe...</msg>
<var>${json_data}</var>
<arg>${response.json()}</arg>
<doc>Returns the given values which can then be assigned to a variables.</doc>
<status status="PASS" start="2024-05-20T21:13:04.744182" elapsed="0.000542"/>
</kw>
<kw name="Dictionary Should Contain Key" owner="Collections">
<msg time="2024-05-20T21:13:04.745205" level="INFO">False</msg>
<arg>${json_data}</arg>
<arg>results</arg>
<doc>Fails if ``key`` is not found from ``dictionary``.</doc>
<status status="PASS" start="2024-05-20T21:13:04.745029" elapsed="0.000214"/>
</kw>
<status status="PASS" start="2024-05-20T21:13:03.734173" elapsed="1.011323"/>
</kw>
<doc>Testa se a API responde corretamente e retorna um objeto JSON válido.</doc>
<tag>testeRequisicaoBasica</tag>
<status status="PASS" start="2024-05-20T21:13:03.733605" elapsed="1.012076"/>
</test>
<test id="s1-s1-t3" name="Validar estrutura de resposta" line="22">
<kw name="Teste de Estrutura de Resposta" owner="random-user-service">
<kw name="GET On Session" owner="RequestsLibrary">
<msg time="2024-05-20T21:13:04.923850" level="INFO">GET Request : url=https://randomuser.me/api 
 path_url=/api 
 headers={'User-Agent': 'python-requests/2.32.0', 'Accept-Encoding': 'gzip, deflate', 'Accept': '*/*', 'Connection': 'keep-alive'} 
 body=None 
 </msg>
<msg time="2024-05-20T21:13:04.923955" level="INFO">GET Response : url=https://randomuser.me/api 
 status=200, reason=OK 
 headers={'Date': 'Mon, 20 May 2024 21:13:04 GMT', 'Content-Type': 'application/json; charset=utf-8', 'Transfer-Encoding': 'chunked', 'Connection': 'keep-alive', 'X-Powered-By': 'Express', 'Access-Control-Allow-Origin': '*', 'Cache-Control': 'no-cache', 'ETag': 'W/"47f-mIn6FHutjzOqdc73I9c13wgxMWI"', 'Vary': 'Accept-Encoding', 'Content-Encoding': 'gzip', 'CF-Cache-Status': 'DYNAMIC', 'Report-To': '{"endpoints":[{"url":"https:\\/\\/a.nel.cloudflare.com\\/report\\/v4?s=rR08gzF%2BNSnU9y5gaSJNEDTprRYC%2FUyqg%2BbHAxhW2AEGYeDd6wJqa%2FIXia%2BnNcYCtQXZVTZpmeG3YrH0AsCBt9gaWUQylG4SHEW2GmkG2gnJvGaIEBpnO3R4%2BIHXctsf"}],"group":"cf-nel","max_age":604800}', 'NEL': '{"success_fraction":0,"report_to":"cf-nel","max_age":604800}', 'Server': 'cloudflare', 'CF-RAY': '886f541cbba86345-ORD', 'alt-svc': 'h3=":443"; ma=86400'} 
 body={"results":[{"gender":"female","name":{"title":"Ms","first":"Melodie","last":"Lam"},"location":{"street":{"number":2483,"name":"Main St"},"city":"Sandy Lake","state":"Yukon","country":"Canada","postcode":"I5J 6G0","coordinates":{"latitude":"-68.8639","longitude":"10.1619"},"timezone":{"offset":"+7:00","description":"Bangkok, Hanoi, Jakarta"}},"email":"melodie.lam@example.com","login":{"uuid":"d7bc39bf-4470-4eac-b919-d0e9e71a5fdf","username":"purplesnake136","password":"apollo","salt":"rDd5NVCJ","md5":"bec9c316041e190b187049c4071773ed","sha1":"adfa93d37d3b593bf7644b7d7160d20ad7844dba","sha256":"1ec247ef9c4d64b472f5708cd3fde33ecb04b05733b3dfca5aac2be9027f4798"},"dob":{"date":"1994-12-13T06:10:03.867Z","age":29},"registered":{"date":"2014-02-19T21:08:22.376Z","age":10},"phone":"M06 J98-9915","cell":"U13 X31-6258","id":{"name":"SIN","value":"036437309"},"picture":{"large":"https://randomuser.me/api/portraits/women/90.jpg","medium":"https://randomuser.me/api/portraits/med/women/90.jpg","thumbnail":"https://randomuser.me/api/portraits/thumb/women/90.jpg"},"nat":"CA"}],"info":{"seed":"5f7f2804d31abdd2","results":1,"page":1,"version":"1.4"}} 
 </msg>
<msg time="2024-05-20T21:13:04.924085" level="INFO">/opt/hostedtoolcache/Python/3.12.3/x64/lib/python3.12/site-packages/urllib3/connectionpool.py:1103: InsecureRequestWarning: Unverified HTTPS request is being made to host 'randomuser.me'. Adding certificate verification is strongly advised. See: https://urllib3.readthedocs.io/en/latest/advanced-usage.html#tls-warnings
  warnings.warn(</msg>
<msg time="2024-05-20T21:13:04.924234" level="INFO">${response} = &lt;Response [200]&gt;</msg>
<var>${response}</var>
<arg>consultarAPI</arg>
<arg>/api</arg>
<doc>Sends a GET request on a previously created HTTP Session.</doc>
<status status="PASS" start="2024-05-20T21:13:04.748222" elapsed="0.176058"/>
</kw>
<kw name="Set Variable" owner="BuiltIn">
<msg time="2024-05-20T21:13:04.925350" level="INFO">${json_data} = {'results': [{'gender': 'female', 'name': {'title': 'Ms', 'first': 'Melodie', 'last': 'Lam'}, 'location': {'street': {'number': 2483, 'name': 'Main St'}, 'city': 'Sandy Lake', 'state': 'Yukon', 'count...</msg>
<var>${json_data}</var>
<arg>${response.json()}</arg>
<doc>Returns the given values which can then be assigned to a variables.</doc>
<status status="PASS" start="2024-05-20T21:13:04.924821" elapsed="0.000558"/>
</kw>
<kw name="Log" owner="BuiltIn">
<msg time="2024-05-20T21:13:04.925852" level="INFO">{'results': [{'gender': 'female', 'name': {'title': 'Ms', 'first': 'Melodie', 'last': 'Lam'}, 'location': {'street': {'number': 2483, 'name': 'Main St'}, 'city': 'Sandy Lake', 'state': 'Yukon', 'country': 'Canada', 'postcode': 'I5J 6G0', 'coordinates': {'latitude': '-68.8639', 'longitude': '10.1619'}, 'timezone': {'offset': '+7:00', 'description': 'Bangkok, Hanoi, Jakarta'}}, 'email': 'melodie.lam@example.com', 'login': {'uuid': 'd7bc39bf-4470-4eac-b919-d0e9e71a5fdf', 'username': 'purplesnake136', 'password': 'apollo', 'salt': 'rDd5NVCJ', 'md5': 'bec9c316041e190b187049c4071773ed', 'sha1': 'adfa93d37d3b593bf7644b7d7160d20ad7844dba', 'sha256': '1ec247ef9c4d64b472f5708cd3fde33ecb04b05733b3dfca5aac2be9027f4798'}, 'dob': {'date': '1994-12-13T06:10:03.867Z', 'age': 29}, 'registered': {'date': '2014-02-19T21:08:22.376Z', 'age': 10}, 'phone': 'M06 J98-9915', 'cell': 'U13 X31-6258', 'id': {'name': 'SIN', 'value': '036437309'}, 'picture': {'large': 'https://randomuser.me/api/portraits/women/90.jpg', 'medium': 'https://randomuser.me/api/portraits/med/women/90.jpg', 'thumbnail': 'https://randomuser.me/api/portraits/thumb/women/90.jpg'}, 'nat': 'CA'}], 'info': {'seed': '5f7f2804d31abdd2', 'results': 1, 'page': 1, 'version': '1.4'}}</msg>
<arg>${json_data}</arg>
<doc>Logs the given message with the given level.</doc>
<status status="PASS" start="2024-05-20T21:13:04.925691" elapsed="0.000215"/>
</kw>
<kw name="Dictionary Should Contain Key" owner="Collections">
<msg time="2024-05-20T21:13:04.926355" level="INFO">False</msg>
<arg>${json_data}</arg>
<arg>results</arg>
<doc>Fails if ``key`` is not found from ``dictionary``.</doc>
<status status="PASS" start="2024-05-20T21:13:04.926199" elapsed="0.000192"/>
</kw>
<kw name="Should Not Be Empty" owner="BuiltIn">
<msg time="2024-05-20T21:13:04.926814" level="INFO">Length is 2.</msg>
<arg>${json_data}</arg>
<doc>Verifies that the given item is not empty.</doc>
<status status="PASS" start="2024-05-20T21:13:04.926679" elapsed="0.000172"/>
</kw>
<kw name="Create List" owner="BuiltIn">
<msg time="2024-05-20T21:13:04.927452" level="INFO">${expected_keys} = ['gender', 'name', 'location', 'email', 'login']</msg>
<var>${expected_keys}</var>
<arg>gender</arg>
<arg>name</arg>
<arg>location</arg>
<arg>email</arg>
<arg>login</arg>
<doc>Returns a list containing given items.</doc>
<status status="PASS" start="2024-05-20T21:13:04.927144" elapsed="0.000333"/>
</kw>
<for flavor="IN">
<iter>
<kw name="Dictionary Should Contain Key" owner="Collections">
<msg time="2024-05-20T21:13:04.928521" level="INFO">False</msg>
<arg>${json_data['results'][0]}</arg>
<arg>${key}</arg>
<doc>Fails if ``key`` is not found from ``dictionary``.</doc>
<status status="PASS" start="2024-05-20T21:13:04.928063" elapsed="0.000504"/>
</kw>
<kw name="Log" owner="BuiltIn">
<msg time="2024-05-20T21:13:04.929236" level="INFO">{'gender': 'female', 'name': {'title': 'Ms', 'first': 'Melodie', 'last': 'Lam'}, 'location': {'street': {'number': 2483, 'name': 'Main St'}, 'city': 'Sandy Lake', 'state': 'Yukon', 'country': 'Canada', 'postcode': 'I5J 6G0', 'coordinates': {'latitude': '-68.8639', 'longitude': '10.1619'}, 'timezone': {'offset': '+7:00', 'description': 'Bangkok, Hanoi, Jakarta'}}, 'email': 'melodie.lam@example.com', 'login': {'uuid': 'd7bc39bf-4470-4eac-b919-d0e9e71a5fdf', 'username': 'purplesnake136', 'password': 'apollo', 'salt': 'rDd5NVCJ', 'md5': 'bec9c316041e190b187049c4071773ed', 'sha1': 'adfa93d37d3b593bf7644b7d7160d20ad7844dba', 'sha256': '1ec247ef9c4d64b472f5708cd3fde33ecb04b05733b3dfca5aac2be9027f4798'}, 'dob': {'date': '1994-12-13T06:10:03.867Z', 'age': 29}, 'registered': {'date': '2014-02-19T21:08:22.376Z', 'age': 10}, 'phone': 'M06 J98-9915', 'cell': 'U13 X31-6258', 'id': {'name': 'SIN', 'value': '036437309'}, 'picture': {'large': 'https://randomuser.me/api/portraits/women/90.jpg', 'medium': 'https://randomuser.me/api/portraits/med/women/90.jpg', 'thumbnail': 'https://randomuser.me/api/portraits/thumb/women/90.jpg'}, 'nat': 'CA'}</msg>
<arg>${json_data['results'][0]}</arg>
<doc>Logs the given message with the given level.</doc>
<status status="PASS" start="2024-05-20T21:13:04.928873" elapsed="0.000421"/>
</kw>
<kw name="Log" owner="BuiltIn">
<msg time="2024-05-20T21:13:04.929715" level="INFO">gender</msg>
<arg>${key}</arg>
<doc>Logs the given message with the given level.</doc>
<status status="PASS" start="2024-05-20T21:13:04.929587" elapsed="0.000164"/>
</kw>
<var name="${key}">gender</var>
<status status="PASS" start="2024-05-20T21:13:04.927936" elapsed="0.002028"/>
</iter>
<iter>
<kw name="Dictionary Should Contain Key" owner="Collections">
<msg time="2024-05-20T21:13:04.930649" level="INFO">False</msg>
<arg>${json_data['results'][0]}</arg>
<arg>${key}</arg>
<doc>Fails if ``key`` is not found from ``dictionary``.</doc>
<status status="PASS" start="2024-05-20T21:13:04.930269" elapsed="0.000416"/>
</kw>
<kw name="Log" owner="BuiltIn">
<msg time="2024-05-20T21:13:04.931369" level="INFO">{'gender': 'female', 'name': {'title': 'Ms', 'first': 'Melodie', 'last': 'Lam'}, 'location': {'street': {'number': 2483, 'name': 'Main St'}, 'city': 'Sandy Lake', 'state': 'Yukon', 'country': 'Canada', 'postcode': 'I5J 6G0', 'coordinates': {'latitude': '-68.8639', 'longitude': '10.1619'}, 'timezone': {'offset': '+7:00', 'description': 'Bangkok, Hanoi, Jakarta'}}, 'email': 'melodie.lam@example.com', 'login': {'uuid': 'd7bc39bf-4470-4eac-b919-d0e9e71a5fdf', 'username': 'purplesnake136', 'password': 'apollo', 'salt': 'rDd5NVCJ', 'md5': 'bec9c316041e190b187049c4071773ed', 'sha1': 'adfa93d37d3b593bf7644b7d7160d20ad7844dba', 'sha256': '1ec247ef9c4d64b472f5708cd3fde33ecb04b05733b3dfca5aac2be9027f4798'}, 'dob': {'date': '1994-12-13T06:10:03.867Z', 'age': 29}, 'registered': {'date': '2014-02-19T21:08:22.376Z', 'age': 10}, 'phone': 'M06 J98-9915', 'cell': 'U13 X31-6258', 'id': {'name': 'SIN', 'value': '036437309'}, 'picture': {'large': 'https://randomuser.me/api/portraits/women/90.jpg', 'medium': 'https://randomuser.me/api/portraits/med/women/90.jpg', 'thumbnail': 'https://randomuser.me/api/portraits/thumb/women/90.jpg'}, 'nat': 'CA'}</msg>
<arg>${json_data['results'][0]}</arg>
<doc>Logs the given message with the given level.</doc>
<status status="PASS" start="2024-05-20T21:13:04.931007" elapsed="0.000411"/>
</kw>
<kw name="Log" owner="BuiltIn">
<msg time="2024-05-20T21:13:04.931839" level="INFO">name</msg>
<arg>${key}</arg>
<doc>Logs the given message with the given level.</doc>
<status status="PASS" start="2024-05-20T21:13:04.931714" elapsed="0.000162"/>
</kw>
<var name="${key}">name</var>
<status status="PASS" start="2024-05-20T21:13:04.930154" elapsed="0.001934"/>
</iter>
<iter>
<kw name="Dictionary Should Contain Key" owner="Collections">
<msg time="2024-05-20T21:13:04.932781" level="INFO">False</msg>
<arg>${json_data['results'][0]}</arg>
<arg>${key}</arg>
<doc>Fails if ``key`` is not found from ``dictionary``.</doc>
<status status="PASS" start="2024-05-20T21:13:04.932377" elapsed="0.000439"/>
</kw>
<kw name="Log" owner="BuiltIn">
<msg time="2024-05-20T21:13:04.933459" level="INFO">{'gender': 'female', 'name': {'title': 'Ms', 'first': 'Melodie', 'last': 'Lam'}, 'location': {'street': {'number': 2483, 'name': 'Main St'}, 'city': 'Sandy Lake', 'state': 'Yukon', 'country': 'Canada', 'postcode': 'I5J 6G0', 'coordinates': {'latitude': '-68.8639', 'longitude': '10.1619'}, 'timezone': {'offset': '+7:00', 'description': 'Bangkok, Hanoi, Jakarta'}}, 'email': 'melodie.lam@example.com', 'login': {'uuid': 'd7bc39bf-4470-4eac-b919-d0e9e71a5fdf', 'username': 'purplesnake136', 'password': 'apollo', 'salt': 'rDd5NVCJ', 'md5': 'bec9c316041e190b187049c4071773ed', 'sha1': 'adfa93d37d3b593bf7644b7d7160d20ad7844dba', 'sha256': '1ec247ef9c4d64b472f5708cd3fde33ecb04b05733b3dfca5aac2be9027f4798'}, 'dob': {'date': '1994-12-13T06:10:03.867Z', 'age': 29}, 'registered': {'date': '2014-02-19T21:08:22.376Z', 'age': 10}, 'phone': 'M06 J98-9915', 'cell': 'U13 X31-6258', 'id': {'name': 'SIN', 'value': '036437309'}, 'picture': {'large': 'https://randomuser.me/api/portraits/women/90.jpg', 'medium': 'https://randomuser.me/api/portraits/med/women/90.jpg', 'thumbnail': 'https://randomuser.me/api/portraits/thumb/women/90.jpg'}, 'nat': 'CA'}</msg>
<arg>${json_data['results'][0]}</arg>
<doc>Logs the given message with the given level.</doc>
<status status="PASS" start="2024-05-20T21:13:04.933109" elapsed="0.000397"/>
</kw>
<kw name="Log" owner="BuiltIn">
<msg time="2024-05-20T21:13:04.933923" level="INFO">location</msg>
<arg>${key}</arg>
<doc>Logs the given message with the given level.</doc>
<status status="PASS" start="2024-05-20T21:13:04.933800" elapsed="0.000159"/>
</kw>
<var name="${key}">location</var>
<status status="PASS" start="2024-05-20T21:13:04.932268" elapsed="0.001902"/>
</iter>
<iter>
<kw name="Dictionary Should Contain Key" owner="Collections">
<msg time="2024-05-20T21:13:04.934832" level="INFO">False</msg>
<arg>${json_data['results'][0]}</arg>
<arg>${key}</arg>
<doc>Fails if ``key`` is not found from ``dictionary``.</doc>
<status status="PASS" start="2024-05-20T21:13:04.934452" elapsed="0.000423"/>
</kw>
<kw name="Log" owner="BuiltIn">
<msg time="2024-05-20T21:13:04.935523" level="INFO">{'gender': 'female', 'name': {'title': 'Ms', 'first': 'Melodie', 'last': 'Lam'}, 'location': {'street': {'number': 2483, 'name': 'Main St'}, 'city': 'Sandy Lake', 'state': 'Yukon', 'country': 'Canada', 'postcode': 'I5J 6G0', 'coordinates': {'latitude': '-68.8639', 'longitude': '10.1619'}, 'timezone': {'offset': '+7:00', 'description': 'Bangkok, Hanoi, Jakarta'}}, 'email': 'melodie.lam@example.com', 'login': {'uuid': 'd7bc39bf-4470-4eac-b919-d0e9e71a5fdf', 'username': 'purplesnake136', 'password': 'apollo', 'salt': 'rDd5NVCJ', 'md5': 'bec9c316041e190b187049c4071773ed', 'sha1': 'adfa93d37d3b593bf7644b7d7160d20ad7844dba', 'sha256': '1ec247ef9c4d64b472f5708cd3fde33ecb04b05733b3dfca5aac2be9027f4798'}, 'dob': {'date': '1994-12-13T06:10:03.867Z', 'age': 29}, 'registered': {'date': '2014-02-19T21:08:22.376Z', 'age': 10}, 'phone': 'M06 J98-9915', 'cell': 'U13 X31-6258', 'id': {'name': 'SIN', 'value': '036437309'}, 'picture': {'large': 'https://randomuser.me/api/portraits/women/90.jpg', 'medium': 'https://randomuser.me/api/portraits/med/women/90.jpg', 'thumbnail': 'https://randomuser.me/api/portraits/thumb/women/90.jpg'}, 'nat': 'CA'}</msg>
<arg>${json_data['results'][0]}</arg>
<doc>Logs the given message with the given level.</doc>
<status status="PASS" start="2024-05-20T21:13:04.935172" elapsed="0.000397"/>
</kw>
<kw name="Log" owner="BuiltIn">
<msg time="2024-05-20T21:13:04.935986" level="INFO">email</msg>
<arg>${key}</arg>
<doc>Logs the given message with the given level.</doc>
<status status="PASS" start="2024-05-20T21:13:04.935860" elapsed="0.000163"/>
</kw>
<var name="${key}">email</var>
<status status="PASS" start="2024-05-20T21:13:04.934342" elapsed="0.001904"/>
</iter>
<iter>
<kw name="Dictionary Should Contain Key" owner="Collections">
<msg time="2024-05-20T21:13:04.936946" level="INFO">False</msg>
<arg>${json_data['results'][0]}</arg>
<arg>${key}</arg>
<doc>Fails if ``key`` is not found from ``dictionary``.</doc>
<status status="PASS" start="2024-05-20T21:13:04.936564" elapsed="0.000419"/>
</kw>
<kw name="Log" owner="BuiltIn">
<msg time="2024-05-20T21:13:04.937636" level="INFO">{'gender': 'female', 'name': {'title': 'Ms', 'first': 'Melodie', 'last': 'Lam'}, 'location': {'street': {'number': 2483, 'name': 'Main St'}, 'city': 'Sandy Lake', 'state': 'Yukon', 'country': 'Canada', 'postcode': 'I5J 6G0', 'coordinates': {'latitude': '-68.8639', 'longitude': '10.1619'}, 'timezone': {'offset': '+7:00', 'description': 'Bangkok, Hanoi, Jakarta'}}, 'email': 'melodie.lam@example.com', 'login': {'uuid': 'd7bc39bf-4470-4eac-b919-d0e9e71a5fdf', 'username': 'purplesnake136', 'password': 'apollo', 'salt': 'rDd5NVCJ', 'md5': 'bec9c316041e190b187049c4071773ed', 'sha1': 'adfa93d37d3b593bf7644b7d7160d20ad7844dba', 'sha256': '1ec247ef9c4d64b472f5708cd3fde33ecb04b05733b3dfca5aac2be9027f4798'}, 'dob': {'date': '1994-12-13T06:10:03.867Z', 'age': 29}, 'registered': {'date': '2014-02-19T21:08:22.376Z', 'age': 10}, 'phone': 'M06 J98-9915', 'cell': 'U13 X31-6258', 'id': {'name': 'SIN', 'value': '036437309'}, 'picture': {'large': 'https://randomuser.me/api/portraits/women/90.jpg', 'medium': 'https://randomuser.me/api/portraits/med/women/90.jpg', 'thumbnail': 'https://randomuser.me/api/portraits/thumb/women/90.jpg'}, 'nat': 'CA'}</msg>
<arg>${json_data['results'][0]}</arg>
<doc>Logs the given message with the given level.</doc>
<status status="PASS" start="2024-05-20T21:13:04.937275" elapsed="0.000416"/>
</kw>
<kw name="Log" owner="BuiltIn">
<msg time="2024-05-20T21:13:04.938104" level="INFO">login</msg>
<arg>${key}</arg>
<doc>Logs the given message with the given level.</doc>
<status status="PASS" start="2024-05-20T21:13:04.937979" elapsed="0.000162"/>
</kw>
<var name="${key}">login</var>
<status status="PASS" start="2024-05-20T21:13:04.936441" elapsed="0.001915"/>
</iter>
<var>${key}</var>
<value>@{expected_keys}</value>
<status status="PASS" start="2024-05-20T21:13:04.927741" elapsed="0.010763"/>
</for>
<kw name="Create List" owner="BuiltIn">
<msg time="2024-05-20T21:13:04.938843" level="INFO">${expected_keysTwo} = ['username', 'password']</msg>
<var>${expected_keysTwo}</var>
<arg>username</arg>
<arg>password</arg>
<doc>Returns a list containing given items.</doc>
<status status="PASS" start="2024-05-20T21:13:04.938708" elapsed="0.000157"/>
</kw>
<for flavor="IN">
<iter>
<kw name="Dictionary Should Contain Key" owner="Collections">
<msg time="2024-05-20T21:13:04.939747" level="INFO">False</msg>
<arg>${json_data['results'][0]['login']}</arg>
<arg>${keyTwo}</arg>
<doc>Fails if ``key`` is not found from ``dictionary``.</doc>
<status status="PASS" start="2024-05-20T21:13:04.939366" elapsed="0.000417"/>
</kw>
<kw name="Dictionary Should Contain Key" owner="Collections">
<msg time="2024-05-20T21:13:04.940474" level="INFO">False</msg>
<arg>${json_data['results'][0]['login']}</arg>
<arg>${keyTwo}</arg>
<doc>Fails if ``key`` is not found from ``dictionary``.</doc>
<status status="PASS" start="2024-05-20T21:13:04.940073" elapsed="0.000438"/>
</kw>
<kw name="Log" owner="BuiltIn">
<msg time="2024-05-20T21:13:04.940927" level="INFO">username</msg>
<arg>${keyTwo}</arg>
<doc>Logs the given message with the given level.</doc>
<status status="PASS" start="2024-05-20T21:13:04.940804" elapsed="0.000160"/>
</kw>
<var name="${keyTwo}">username</var>
<status status="PASS" start="2024-05-20T21:13:04.939258" elapsed="0.001915"/>
</iter>
<iter>
<kw name="Dictionary Should Contain Key" owner="Collections">
<msg time="2024-05-20T21:13:04.941823" level="INFO">False</msg>
<arg>${json_data['results'][0]['login']}</arg>
<arg>${keyTwo}</arg>
<doc>Fails if ``key`` is not found from ``dictionary``.</doc>
<status status="PASS" start="2024-05-20T21:13:04.941451" elapsed="0.000408"/>
</kw>
<kw name="Dictionary Should Contain Key" owner="Collections">
<msg time="2024-05-20T21:13:04.942616" level="INFO">False</msg>
<arg>${json_data['results'][0]['login']}</arg>
<arg>${keyTwo}</arg>
<doc>Fails if ``key`` is not found from ``dictionary``.</doc>
<status status="PASS" start="2024-05-20T21:13:04.942155" elapsed="0.000498"/>
</kw>
<kw name="Log" owner="BuiltIn">
<msg time="2024-05-20T21:13:04.943070" level="INFO">password</msg>
<arg>${keyTwo}</arg>
<doc>Logs the given message with the given level.</doc>
<status status="PASS" start="2024-05-20T21:13:04.942942" elapsed="0.000164"/>
</kw>
<var name="${keyTwo}">password</var>
<status status="PASS" start="2024-05-20T21:13:04.941343" elapsed="0.001977"/>
</iter>
<var>${keyTwo}</var>
<value>@{expected_keysTwo}</value>
<status status="PASS" start="2024-05-20T21:13:04.939102" elapsed="0.004339"/>
</for>
<status status="PASS" start="2024-05-20T21:13:04.747987" elapsed="0.195594"/>
</kw>
<doc>Testa a estrutura da resposta da API.</doc>
<tag>testeEstruturaResposta</tag>
<status status="PASS" start="2024-05-20T21:13:04.747471" elapsed="0.196269"/>
</test>
<test id="s1-s1-t4" name="Validar tipos de dados" line="28">
<kw name="Teste de Tipos de Dados" owner="random-user-service">
<kw name="GET On Session" owner="RequestsLibrary">
<msg time="2024-05-20T21:13:05.008294" level="INFO">GET Request : url=https://randomuser.me/api 
 path_url=/api 
 headers={'User-Agent': 'python-requests/2.32.0', 'Accept-Encoding': 'gzip, deflate', 'Accept': '*/*', 'Connection': 'keep-alive'} 
 body=None 
 </msg>
<msg time="2024-05-20T21:13:05.008438" level="INFO">GET Response : url=https://randomuser.me/api 
 status=200, reason=OK 
 headers={'Date': 'Mon, 20 May 2024 21:13:05 GMT', 'Content-Type': 'application/json; charset=utf-8', 'Transfer-Encoding': 'chunked', 'Connection': 'keep-alive', 'X-Powered-By': 'Express', 'Access-Control-Allow-Origin': '*', 'Cache-Control': 'no-cache', 'ETag': 'W/"49f-AY14ydUy/ULMcGbCCDf7OTvviAk"', 'Vary': 'Accept-Encoding', 'Content-Encoding': 'gzip', 'CF-Cache-Status': 'DYNAMIC', 'Report-To': '{"endpoints":[{"url":"https:\\/\\/a.nel.cloudflare.com\\/report\\/v4?s=m8rWlQkswLGeb8qTYvjSczYqaWEWjiQ4yP%2FM7BnMOmfT5dj%2BWdasFhxcW3jXxXGiHiAqbUSyoLEdwzPVEY8jaCuEpCUxF9m3ovqUwZcEIBZbSIHakIk%2BOYZ%2Fb2f8apTd"}],"group":"cf-nel","max_age":604800}', 'NEL': '{"success_fraction":0,"report_to":"cf-nel","max_age":604800}', 'Server': 'cloudflare', 'CF-RAY': '886f541decc56345-ORD', 'alt-svc': 'h3=":443"; ma=86400'} 
 body={"results":[{"gender":"female","name":{"title":"Mrs","first":"Ilaine","last":"Novaes"},"location":{"street":{"number":1121,"name":"Rua Principal"},"city":"Bento Gonçalves","state":"Paraíba","country":"Brazil","postcode":38585,"coordinates":{"latitude":"-73.9143","longitude":"6.9808"},"timezone":{"offset":"+9:00","description":"Tokyo, Seoul, Osaka, Sapporo, Yakutsk"}},"email":"ilaine.novaes@example.com","login":{"uuid":"6b8d1818-5979-4fc7-a858-e40d1e8e6b5c","username":"lazyswan363","password":"estelle","salt":"JDK7XEyG","md5":"5bcf9f88040f20bb10f1a9e690b6a4bb","sha1":"591772ce3887d6987e73a3b230c616fb3cacb7a7","sha256":"888466ff01357c1b2241e627e07e28d31c5cecf154773f1240e20ae4b23c033a"},"dob":{"date":"1945-08-27T16:53:24.555Z","age":78},"registered":{"date":"2018-08-28T12:42:55.928Z","age":5},"phone":"(95) 9473-7557","cell":"(57) 8511-6044","id":{"name":"CPF","value":"042.102.896-82"},"picture":{"large":"https://randomuser.me/api/portraits/women/9.jpg","medium":"https://randomuser.me/api/portraits/med/women/9.jpg","thumbnail":"https://randomuser.me/api/portraits/thumb/women/9.jpg"},"nat":"BR"}],"info":{"seed":"5f6f184242d02210","results":1,"page":1,"version":"1.4"}} 
 </msg>
<msg time="2024-05-20T21:13:05.008531" level="INFO">/opt/hostedtoolcache/Python/3.12.3/x64/lib/python3.12/site-packages/urllib3/connectionpool.py:1103: InsecureRequestWarning: Unverified HTTPS request is being made to host 'randomuser.me'. Adding certificate verification is strongly advised. See: https://urllib3.readthedocs.io/en/latest/advanced-usage.html#tls-warnings
  warnings.warn(</msg>
<msg time="2024-05-20T21:13:05.008679" level="INFO">${response} = &lt;Response [200]&gt;</msg>
<var>${response}</var>
<arg>consultarAPI</arg>
<arg>/api</arg>
<doc>Sends a GET request on a previously created HTTP Session.</doc>
<status status="PASS" start="2024-05-20T21:13:04.946242" elapsed="0.062479"/>
</kw>
<kw name="Set Variable" owner="BuiltIn">
<msg time="2024-05-20T21:13:05.009763" level="INFO">${json_data} = {'results': [{'gender': 'female', 'name': {'title': 'Mrs', 'first': 'Ilaine', 'last': 'Novaes'}, 'location': {'street': {'number': 1121, 'name': 'Rua Principal'}, 'city': 'Bento Gonçalves', 'state': '...</msg>
<var>${json_data}</var>
<arg>${response.json()}</arg>
<doc>Returns the given values which can then be assigned to a variables.</doc>
<status status="PASS" start="2024-05-20T21:13:05.009236" elapsed="0.000557"/>
</kw>
<kw name="Log" owner="BuiltIn">
<msg time="2024-05-20T21:13:05.010259" level="INFO">{'results': [{'gender': 'female', 'name': {'title': 'Mrs', 'first': 'Ilaine', 'last': 'Novaes'}, 'location': {'street': {'number': 1121, 'name': 'Rua Principal'}, 'city': 'Bento Gonçalves', 'state': 'Paraíba', 'country': 'Brazil', 'postcode': 38585, 'coordinates': {'latitude': '-73.9143', 'longitude': '6.9808'}, 'timezone': {'offset': '+9:00', 'description': 'Tokyo, Seoul, Osaka, Sapporo, Yakutsk'}}, 'email': 'ilaine.novaes@example.com', 'login': {'uuid': '6b8d1818-5979-4fc7-a858-e40d1e8e6b5c', 'username': 'lazyswan363', 'password': 'estelle', 'salt': 'JDK7XEyG', 'md5': '5bcf9f88040f20bb10f1a9e690b6a4bb', 'sha1': '591772ce3887d6987e73a3b230c616fb3cacb7a7', 'sha256': '888466ff01357c1b2241e627e07e28d31c5cecf154773f1240e20ae4b23c033a'}, 'dob': {'date': '1945-08-27T16:53:24.555Z', 'age': 78}, 'registered': {'date': '2018-08-28T12:42:55.928Z', 'age': 5}, 'phone': '(95) 9473-7557', 'cell': '(57) 8511-6044', 'id': {'name': 'CPF', 'value': '042.102.896-82'}, 'picture': {'large': 'https://randomuser.me/api/portraits/women/9.jpg', 'medium': 'https://randomuser.me/api/portraits/med/women/9.jpg', 'thumbnail': 'https://randomuser.me/api/portraits/thumb/women/9.jpg'}, 'nat': 'BR'}], 'info': {'seed': '5f6f184242d02210', 'results': 1, 'page': 1, 'version': '1.4'}}</msg>
<arg>${json_data}</arg>
<doc>Logs the given message with the given level.</doc>
<status status="PASS" start="2024-05-20T21:13:05.010102" elapsed="0.000245"/>
</kw>
<kw name="Should Be String" owner="String">
<arg>${json_data['results'][0]['gender']}</arg>
<doc>Fails if the given ``item`` is not a string.</doc>
<status status="PASS" start="2024-05-20T21:13:05.010648" elapsed="0.000356"/>
</kw>
<kw name="Should Match Regexp" owner="BuiltIn">
<arg>${json_data['results'][0]['email']}</arg>
<arg>^[a-zA-Z0-9._%+-]+@[a-zA-Z0-9.-]+\.[a-zA-Z]{2,}$</arg>
<doc>Fails if ``string`` does not match ``pattern`` as a regular expression.</doc>
<status status="PASS" start="2024-05-20T21:13:05.011193" elapsed="0.000507"/>
</kw>
<kw name="Should Match Regexp" owner="BuiltIn">
<arg>${json_data['results'][0]['dob']['date']}</arg>
<arg>\\d{4}-\\d{2}-\\d{2}T\\d{2}:\\d{2}:\\d{2}\\.\\d{3}Z</arg>
<doc>Fails if ``string`` does not match ``pattern`` as a regular expression.</doc>
<status status="PASS" start="2024-05-20T21:13:05.011894" elapsed="0.000470"/>
</kw>
<kw name="Should Match Regexp" owner="BuiltIn">
<arg>${json_data['results'][0]['registered']['date']}</arg>
<arg>\\d{4}-\\d{2}-\\d{2}T\\d{2}:\\d{2}:\\d{2}\\.\\d{3}Z</arg>
<doc>Fails if ``string`` does not match ``pattern`` as a regular expression.</doc>
<status status="PASS" start="2024-05-20T21:13:05.012602" elapsed="0.000361"/>
</kw>
<kw name="Should Match Regexp" owner="BuiltIn">
<arg>${json_data['results'][0]['picture']['large']}</arg>
<arg>^https?://.*\.(?:png|jpe?g|gif|bmp)$</arg>
<doc>Fails if ``string`` does not match ``pattern`` as a regular expression.</doc>
<status status="PASS" start="2024-05-20T21:13:05.013149" elapsed="0.000458"/>
</kw>
<kw name="Should Match Regexp" owner="BuiltIn">
<arg>${json_data['results'][0]['picture']['medium']}</arg>
<arg>^https?://.*\.(?:png|jpe?g|gif|bmp)$</arg>
<doc>Fails if ``string`` does not match ``pattern`` as a regular expression.</doc>
<status status="PASS" start="2024-05-20T21:13:05.013794" elapsed="0.000350"/>
</kw>
<kw name="Should Match Regexp" owner="BuiltIn">
<arg>${json_data['results'][0]['picture']['thumbnail']}</arg>
<arg>^https?://.*\.(?:png|jpe?g|gif|bmp)$</arg>
<doc>Fails if ``string`` does not match ``pattern`` as a regular expression.</doc>
<status status="PASS" start="2024-05-20T21:13:05.014327" elapsed="0.000343"/>
</kw>
<kw name="Log" owner="BuiltIn">
<msg time="2024-05-20T21:13:05.015173" level="INFO">{'large': 'https://randomuser.me/api/portraits/women/9.jpg', 'medium': 'https://randomuser.me/api/portraits/med/women/9.jpg', 'thumbnail': 'https://randomuser.me/api/portraits/thumb/women/9.jpg'}</msg>
<arg>${json_data['results'][0]['picture']}</arg>
<doc>Logs the given message with the given level.</doc>
<status status="PASS" start="2024-05-20T21:13:05.014849" elapsed="0.000365"/>
</kw>
<status status="PASS" start="2024-05-20T21:13:04.946010" elapsed="0.069474"/>
</kw>
<kw name="Teste de Tipos de Dados - Postcode" owner="random-user-service">
<kw name="GET On Session" owner="RequestsLibrary">
<msg time="2024-05-20T21:13:05.103550" level="INFO">GET Request : url=https://randomuser.me/api 
 path_url=/api 
 headers={'User-Agent': 'python-requests/2.32.0', 'Accept-Encoding': 'gzip, deflate', 'Accept': '*/*', 'Connection': 'keep-alive'} 
 body=None 
 </msg>
<msg time="2024-05-20T21:13:05.103660" level="INFO">GET Response : url=https://randomuser.me/api 
 status=200, reason=OK 
 headers={'Date': 'Mon, 20 May 2024 21:13:05 GMT', 'Content-Type': 'application/json; charset=utf-8', 'Transfer-Encoding': 'chunked', 'Connection': 'keep-alive', 'X-Powered-By': 'Express', 'Access-Control-Allow-Origin': '*', 'Cache-Control': 'no-cache', 'ETag': 'W/"490-JKozrhj2vnPep5nGnRAOd4AgmRM"', 'Vary': 'Accept-Encoding', 'Content-Encoding': 'gzip', 'CF-Cache-Status': 'DYNAMIC', 'Report-To': '{"endpoints":[{"url":"https:\\/\\/a.nel.cloudflare.com\\/report\\/v4?s=%2BQPSASpoYIYgFamJVQAJGz9bYIJIo5PWItSpkIUQnIiaZBv0C4DQaLQQdI5Uq9G812Iw4Q6yANQVyORwJ7uYfzNkUH87aUFEXVKADHAPjgGPfV7TF%2BS9vNL5IOBSkCyr"}],"group":"cf-nel","max_age":604800}', 'NEL': '{"success_fraction":0,"report_to":"cf-nel","max_age":604800}', 'Server': 'cloudflare', 'CF-RAY': '886f541e5d546345-ORD', 'alt-svc': 'h3=":443"; ma=86400'} 
 body={"results":[{"gender":"male","name":{"title":"Mr","first":"Mike","last":"Lowe"},"location":{"street":{"number":8515,"name":"Brown Terrace"},"city":"Orange","state":"Utah","country":"United States","postcode":44872,"coordinates":{"latitude":"81.5344","longitude":"-36.4850"},"timezone":{"offset":"-4:00","description":"Atlantic Time (Canada), Caracas, La Paz"}},"email":"mike.lowe@example.com","login":{"uuid":"b84d0ad6-1519-4a26-b15b-435a51d27a90","username":"greenpeacock326","password":"applepie","salt":"eveJQixS","md5":"8af0eea95529873072b37c42159adba7","sha1":"d6e3fc002a9b3ba63d1f28bb9a4c241ae6981282","sha256":"795cac25cced610719e6d6cb3e9964327938d72b3aed72ef38797c7a104ab696"},"dob":{"date":"1957-12-02T07:24:58.132Z","age":66},"registered":{"date":"2009-04-01T15:41:24.457Z","age":15},"phone":"(408) 346-5053","cell":"(527) 318-4167","id":{"name":"SSN","value":"662-46-1487"},"picture":{"large":"https://randomuser.me/api/portraits/men/64.jpg","medium":"https://randomuser.me/api/portraits/med/men/64.jpg","thumbnail":"https://randomuser.me/api/portraits/thumb/men/64.jpg"},"nat":"US"}],"info":{"seed":"641b6091c812b362","results":1,"page":1,"version":"1.4"}} 
 </msg>
<msg time="2024-05-20T21:13:05.103743" level="INFO">/opt/hostedtoolcache/Python/3.12.3/x64/lib/python3.12/site-packages/urllib3/connectionpool.py:1103: InsecureRequestWarning: Unverified HTTPS request is being made to host 'randomuser.me'. Adding certificate verification is strongly advised. See: https://urllib3.readthedocs.io/en/latest/advanced-usage.html#tls-warnings
  warnings.warn(</msg>
<msg time="2024-05-20T21:13:05.103889" level="INFO">${response} = &lt;Response [200]&gt;</msg>
<var>${response}</var>
<arg>consultarAPI</arg>
<arg>/api</arg>
<doc>Sends a GET request on a previously created HTTP Session.</doc>
<status status="PASS" start="2024-05-20T21:13:05.015953" elapsed="0.087979"/>
</kw>
<kw name="Set Variable" owner="BuiltIn">
<msg time="2024-05-20T21:13:05.105026" level="INFO">${json_data} = {'results': [{'gender': 'male', 'name': {'title': 'Mr', 'first': 'Mike', 'last': 'Lowe'}, 'location': {'street': {'number': 8515, 'name': 'Brown Terrace'}, 'city': 'Orange', 'state': 'Utah', 'country'...</msg>
<var>${json_data}</var>
<arg>${response.json()}</arg>
<doc>Returns the given values which can then be assigned to a variables.</doc>
<status status="PASS" start="2024-05-20T21:13:05.104489" elapsed="0.000565"/>
</kw>
<kw name="Log" owner="BuiltIn">
<msg time="2024-05-20T21:13:05.105534" level="INFO">{'results': [{'gender': 'male', 'name': {'title': 'Mr', 'first': 'Mike', 'last': 'Lowe'}, 'location': {'street': {'number': 8515, 'name': 'Brown Terrace'}, 'city': 'Orange', 'state': 'Utah', 'country': 'United States', 'postcode': 44872, 'coordinates': {'latitude': '81.5344', 'longitude': '-36.4850'}, 'timezone': {'offset': '-4:00', 'description': 'Atlantic Time (Canada), Caracas, La Paz'}}, 'email': 'mike.lowe@example.com', 'login': {'uuid': 'b84d0ad6-1519-4a26-b15b-435a51d27a90', 'username': 'greenpeacock326', 'password': 'applepie', 'salt': 'eveJQixS', 'md5': '8af0eea95529873072b37c42159adba7', 'sha1': 'd6e3fc002a9b3ba63d1f28bb9a4c241ae6981282', 'sha256': '795cac25cced610719e6d6cb3e9964327938d72b3aed72ef38797c7a104ab696'}, 'dob': {'date': '1957-12-02T07:24:58.132Z', 'age': 66}, 'registered': {'date': '2009-04-01T15:41:24.457Z', 'age': 15}, 'phone': '(408) 346-5053', 'cell': '(527) 318-4167', 'id': {'name': 'SSN', 'value': '662-46-1487'}, 'picture': {'large': 'https://randomuser.me/api/portraits/men/64.jpg', 'medium': 'https://randomuser.me/api/portraits/med/men/64.jpg', 'thumbnail': 'https://randomuser.me/api/portraits/thumb/men/64.jpg'}, 'nat': 'US'}], 'info': {'seed': '641b6091c812b362', 'results': 1, 'page': 1, 'version': '1.4'}}</msg>
<arg>${json_data}</arg>
<doc>Logs the given message with the given level.</doc>
<status status="PASS" start="2024-05-20T21:13:05.105376" elapsed="0.000251"/>
</kw>
<kw name="Should Be Equal As Numbers" owner="BuiltIn">
<arg>${json_data['results'][0]['location']['postcode']}</arg>
<arg>${json_data['results'][0]['location']['postcode']}</arg>
<doc>Fails if objects are unequal after converting them to real numbers.</doc>
<status status="PASS" start="2024-05-20T21:13:05.105929" elapsed="0.000809"/>
</kw>
<kw name="Log" owner="BuiltIn">
<msg time="2024-05-20T21:13:05.107267" level="INFO">44872</msg>
<arg>${json_data['results'][0]['location']['postcode']}</arg>
<doc>Logs the given message with the given level.</doc>
<status status="PASS" start="2024-05-20T21:13:05.106933" elapsed="0.000374"/>
</kw>
<status status="PASS" start="2024-05-20T21:13:05.015722" elapsed="0.091839"/>
</kw>
<doc>Testa se os tipos de dados na resposta da API estão corretos.</doc>
<tag>testeTiposDados</tag>
<status status="PASS" start="2024-05-20T21:13:04.945536" elapsed="0.162192"/>
</test>
<test id="s1-s1-t5" name="Validar conteudo" line="35">
<kw name="Teste de Tipos de Conteudo" owner="random-user-service">
<kw name="GET On Session" owner="RequestsLibrary">
<msg time="2024-05-20T21:13:05.210921" level="INFO">GET Request : url=https://randomuser.me/api 
 path_url=/api 
 headers={'User-Agent': 'python-requests/2.32.0', 'Accept-Encoding': 'gzip, deflate', 'Accept': '*/*', 'Connection': 'keep-alive'} 
 body=None 
 </msg>
<msg time="2024-05-20T21:13:05.211026" level="INFO">GET Response : url=https://randomuser.me/api 
 status=200, reason=OK 
 headers={'Date': 'Mon, 20 May 2024 21:13:05 GMT', 'Content-Type': 'application/json; charset=utf-8', 'Transfer-Encoding': 'chunked', 'Connection': 'keep-alive', 'X-Powered-By': 'Express', 'Access-Control-Allow-Origin': '*', 'Cache-Control': 'no-cache', 'ETag': 'W/"46c-gfohwjIW2OONOdN9YkdtXr6YhqU"', 'Vary': 'Accept-Encoding', 'Content-Encoding': 'gzip', 'CF-Cache-Status': 'DYNAMIC', 'Report-To': '{"endpoints":[{"url":"https:\\/\\/a.nel.cloudflare.com\\/report\\/v4?s=rtby87Dbf8KaZkDqFHL1h%2BqDB0%2B%2FjqOx8kWEm1UhiAzeTEBoN9UF60QI1swL6XrPqM2%2BHTLW55YLuDGg%2FGE0vlyBNvDSXd1oWn92jNVMAbbt7CKIRGafT32aTrXa0D2S"}],"group":"cf-nel","max_age":604800}', 'NEL': '{"success_fraction":0,"report_to":"cf-nel","max_age":604800}', 'Server': 'cloudflare', 'CF-RAY': '886f541efe016345-ORD', 'alt-svc': 'h3=":443"; ma=86400'} 
 body={"results":[{"gender":"male","name":{"title":"Mr","first":"John","last":"Lewis"},"location":{"street":{"number":5085,"name":"Guyton Street"},"city":"Tauranga","state":"Marlborough","country":"New Zealand","postcode":94829,"coordinates":{"latitude":"52.4715","longitude":"-48.4985"},"timezone":{"offset":"+5:45","description":"Kathmandu"}},"email":"john.lewis@example.com","login":{"uuid":"97b85c6f-d283-40ad-9ec5-d4529d73066c","username":"smallfrog855","password":"trailers","salt":"3iFldNZI","md5":"84602da68e582d4f42245c7ead887b64","sha1":"0880bfa735c3035a833922e7db13c0b5a8f73b6d","sha256":"9e54d2502c79b8f4a595e15b81483887e503752d32c940208c3bf4bd191417b2"},"dob":{"date":"1961-12-01T09:41:38.143Z","age":62},"registered":{"date":"2008-12-03T10:07:05.393Z","age":15},"phone":"(684)-104-4745","cell":"(084)-300-2159","id":{"name":"","value":null},"picture":{"large":"https://randomuser.me/api/portraits/men/15.jpg","medium":"https://randomuser.me/api/portraits/med/men/15.jpg","thumbnail":"https://randomuser.me/api/portraits/thumb/men/15.jpg"},"nat":"NZ"}],"info":{"seed":"d3041ad079be4c67","results":1,"page":1,"version":"1.4"}} 
 </msg>
<msg time="2024-05-20T21:13:05.211096" level="INFO">/opt/hostedtoolcache/Python/3.12.3/x64/lib/python3.12/site-packages/urllib3/connectionpool.py:1103: InsecureRequestWarning: Unverified HTTPS request is being made to host 'randomuser.me'. Adding certificate verification is strongly advised. See: https://urllib3.readthedocs.io/en/latest/advanced-usage.html#tls-warnings
  warnings.warn(</msg>
<msg time="2024-05-20T21:13:05.211231" level="INFO">${response} = &lt;Response [200]&gt;</msg>
<var>${response}</var>
<arg>consultarAPI</arg>
<arg>/api</arg>
<doc>Sends a GET request on a previously created HTTP Session.</doc>
<status status="PASS" start="2024-05-20T21:13:05.110255" elapsed="0.101015"/>
</kw>
<kw name="Set Variable" owner="BuiltIn">
<msg time="2024-05-20T21:13:05.212302" level="INFO">${json_data} = {'results': [{'gender': 'male', 'name': {'title': 'Mr', 'first': 'John', 'last': 'Lewis'}, 'location': {'street': {'number': 5085, 'name': 'Guyton Street'}, 'city': 'Tauranga', 'state': 'Marlborough',...</msg>
<var>${json_data}</var>
<arg>${response.json()}</arg>
<doc>Returns the given values which can then be assigned to a variables.</doc>
<status status="PASS" start="2024-05-20T21:13:05.211781" elapsed="0.000551"/>
</kw>
<kw name="Set Variable" owner="BuiltIn">
<msg time="2024-05-20T21:13:05.213079" level="INFO">${name_title} = Mr</msg>
<var>${name_title}</var>
<arg>${json_data["results"][0]["name"]["title"]}</arg>
<doc>Returns the given values which can then be assigned to a variables.</doc>
<status status="PASS" start="2024-05-20T21:13:05.212692" elapsed="0.000411"/>
</kw>
<kw name="Create List" owner="BuiltIn">
<msg time="2024-05-20T21:13:05.213555" level="INFO">${allowed_titles} = ['Mr', 'Ms', 'Miss', 'Mrs', 'Madame', 'Monsieur']</msg>
<var>${allowed_titles}</var>
<arg>Mr</arg>
<arg>Ms</arg>
<arg>Miss</arg>
<arg>Mrs</arg>
<arg>Madame</arg>
<arg>Monsieur</arg>
<doc>Returns a list containing given items.</doc>
<status status="PASS" start="2024-05-20T21:13:05.213406" elapsed="0.000172"/>
</kw>
<kw name="List Should Contain Value" owner="Collections">
<msg time="2024-05-20T21:13:05.214045" level="INFO">False</msg>
<arg>${allowed_titles}</arg>
<arg>${name_title}</arg>
<doc>Fails if the ``value`` is not found from ``list``.</doc>
<status status="PASS" start="2024-05-20T21:13:05.213874" elapsed="0.000208"/>
</kw>
<kw name="Set Variable" owner="BuiltIn">
<msg time="2024-05-20T21:13:05.214744" level="INFO">${name_country} = NZ</msg>
<var>${name_country}</var>
<arg>${json_data["results"][0]["nat"]}</arg>
<doc>Returns the given values which can then be assigned to a variables.</doc>
<status status="PASS" start="2024-05-20T21:13:05.214369" elapsed="0.000399"/>
</kw>
<kw name="Create List" owner="BuiltIn">
<msg time="2024-05-20T21:13:05.215664" level="INFO">${list_country} = ['AD', 'AE', 'AF', 'AG', 'AI', 'AL', 'AM', 'AO', 'AQ', 'AR', 'AS', 'AT', 'AU', 'AW', 'AX', 'AZ', 'BA', 'BB', 'BD', 'BE', 'BF', 'BG', 'BH', 'BI', 'BJ', 'BL', 'BM', 'BN', 'BO', 'BQ', 'BR', 'BS', 'BT', '...</msg>
<var>${list_country}</var>
<arg>AD</arg>
<arg>AE</arg>
<arg>AF</arg>
<arg>AG</arg>
<arg>AI</arg>
<arg>AL</arg>
<arg>AM</arg>
<arg>AO</arg>
<arg>AQ</arg>
<arg>AR</arg>
<arg>AS</arg>
<arg>AT</arg>
<arg>AU</arg>
<arg>AW</arg>
<arg>AX</arg>
<arg>AZ</arg>
<arg>BA</arg>
<arg>BB</arg>
<arg>BD</arg>
<arg>BE</arg>
<arg>BF</arg>
<arg>BG</arg>
<arg>BH</arg>
<arg>BI</arg>
<arg>BJ</arg>
<arg>BL</arg>
<arg>BM</arg>
<arg>BN</arg>
<arg>BO</arg>
<arg>BQ</arg>
<arg>BR</arg>
<arg>BS</arg>
<arg>BT</arg>
<arg>BV</arg>
<arg>BW</arg>
<arg>BY</arg>
<arg>BZ</arg>
<arg>CA</arg>
<arg>CC</arg>
<arg>CD</arg>
<arg>CF</arg>
<arg>CG</arg>
<arg>CH</arg>
<arg>CI</arg>
<arg>CK</arg>
<arg>CL</arg>
<arg>CM</arg>
<arg>CN</arg>
<arg>CO</arg>
<arg>CR</arg>
<arg>CU</arg>
<arg>CV</arg>
<arg>CW</arg>
<arg>CX</arg>
<arg>CY</arg>
<arg>CZ</arg>
<arg>DE</arg>
<arg>DJ</arg>
<arg>DK</arg>
<arg>DM</arg>
<arg>DO</arg>
<arg>DZ</arg>
<arg>EC</arg>
<arg>EE</arg>
<arg>EG</arg>
<arg>EH</arg>
<arg>ER</arg>
<arg>ES</arg>
<arg>ET</arg>
<arg>FI</arg>
<arg>FJ</arg>
<arg>FK</arg>
<arg>FM</arg>
<arg>FO</arg>
<arg>FR</arg>
<arg>GA</arg>
<arg>GB</arg>
<arg>GD</arg>
<arg>GE</arg>
<arg>GF</arg>
<arg>GG</arg>
<arg>GH</arg>
<arg>GI</arg>
<arg>GL</arg>
<arg>GM</arg>
<arg>GN</arg>
<arg>GP</arg>
<arg>GQ</arg>
<arg>GR</arg>
<arg>GS</arg>
<arg>GT</arg>
<arg>GU</arg>
<arg>GW</arg>
<arg>GY</arg>
<arg>HK</arg>
<arg>HM</arg>
<arg>HN</arg>
<arg>HR</arg>
<arg>HT</arg>
<arg>HU</arg>
<arg>ID</arg>
<arg>IE</arg>
<arg>IL</arg>
<arg>IM</arg>
<arg>IN</arg>
<arg>IO</arg>
<arg>IQ</arg>
<arg>IR</arg>
<arg>IS</arg>
<arg>IT</arg>
<arg>JE</arg>
<arg>JM</arg>
<arg>JO</arg>
<arg>JP</arg>
<arg>KE</arg>
<arg>KG</arg>
<arg>KH</arg>
<arg>KI</arg>
<arg>KM</arg>
<arg>KN</arg>
<arg>KP</arg>
<arg>KR</arg>
<arg>KW</arg>
<arg>KY</arg>
<arg>KZ</arg>
<arg>LA</arg>
<arg>LB</arg>
<arg>LC</arg>
<arg>LI</arg>
<arg>LK</arg>
<arg>LR</arg>
<arg>LS</arg>
<arg>LT</arg>
<arg>LU</arg>
<arg>LV</arg>
<arg>LY</arg>
<arg>MA</arg>
<arg>MC</arg>
<arg>MD</arg>
<arg>ME</arg>
<arg>MF</arg>
<arg>MG</arg>
<arg>MH</arg>
<arg>MK</arg>
<arg>ML</arg>
<arg>MM</arg>
<arg>MN</arg>
<arg>MO</arg>
<arg>MP</arg>
<arg>MQ</arg>
<arg>MR</arg>
<arg>MS</arg>
<arg>MT</arg>
<arg>MU</arg>
<arg>MV</arg>
<arg>MW</arg>
<arg>MX</arg>
<arg>MY</arg>
<arg>MZ</arg>
<arg>NA</arg>
<arg>NC</arg>
<arg>NE</arg>
<arg>NF</arg>
<arg>NG</arg>
<arg>NI</arg>
<arg>NL</arg>
<arg>NO</arg>
<arg>NP</arg>
<arg>NR</arg>
<arg>NU</arg>
<arg>NZ</arg>
<arg>OM</arg>
<arg>PA</arg>
<arg>PE</arg>
<arg>PF</arg>
<arg>PG</arg>
<arg>PH</arg>
<arg>PK</arg>
<arg>PL</arg>
<arg>PM</arg>
<arg>PN</arg>
<arg>PR</arg>
<arg>PS</arg>
<arg>PT</arg>
<arg>PW</arg>
<arg>PY</arg>
<arg>QA</arg>
<arg>RE</arg>
<arg>RO</arg>
<arg>RS</arg>
<arg>RU</arg>
<arg>RW</arg>
<arg>SA</arg>
<arg>SB</arg>
<arg>SC</arg>
<arg>SD</arg>
<arg>SE</arg>
<arg>SG</arg>
<arg>SH</arg>
<arg>SI</arg>
<arg>SJ</arg>
<arg>SK</arg>
<arg>SL</arg>
<arg>SM</arg>
<arg>SN</arg>
<arg>SO</arg>
<arg>SR</arg>
<arg>SS</arg>
<arg>ST</arg>
<arg>SV</arg>
<arg>SX</arg>
<arg>SY</arg>
<arg>SZ</arg>
<arg>TC</arg>
<arg>TD</arg>
<arg>TF</arg>
<arg>TG</arg>
<arg>TH</arg>
<arg>TJ</arg>
<arg>TK</arg>
<arg>TL</arg>
<arg>TM</arg>
<arg>TN</arg>
<arg>TO</arg>
<arg>TR</arg>
<arg>TT</arg>
<arg>TV</arg>
<arg>TW</arg>
<arg>TZ</arg>
<arg>UA</arg>
<arg>UG</arg>
<arg>UM</arg>
<arg>US</arg>
<arg>UY</arg>
<arg>UZ</arg>
<arg>VA</arg>
<arg>VC</arg>
<arg>VE</arg>
<arg>VG</arg>
<arg>VI</arg>
<arg>VN</arg>
<arg>VU</arg>
<arg>WF</arg>
<arg>WS</arg>
<arg>XK</arg>
<arg>YE</arg>
<arg>YT</arg>
<arg>ZA</arg>
<arg>ZM</arg>
<arg>ZW</arg>
<doc>Returns a list containing given items.</doc>
<status status="PASS" start="2024-05-20T21:13:05.215065" elapsed="0.000623"/>
</kw>
<kw name="List Should Contain Value" owner="Collections">
<msg time="2024-05-20T21:13:05.216695" level="INFO">False</msg>
<arg>${list_country}</arg>
<arg>${name_country}</arg>
<doc>Fails if the ``value`` is not found from ``list``.</doc>
<status status="PASS" start="2024-05-20T21:13:05.216493" elapsed="0.000237"/>
</kw>
<kw name="Run Keyword If" owner="BuiltIn">
<kw name="Should Be True" owner="BuiltIn">
<arg>${True}</arg>
<doc>Fails if the given condition is not true.</doc>
<status status="PASS" start="2024-05-20T21:13:05.217793" elapsed="0.000142"/>
</kw>
<arg>${json_data["results"][0]["location"]["coordinates"]["latitude"]} &gt;= -90 and ${json_data["results"][0]["location"]["coordinates"]["latitude"]} &lt;= 90</arg>
<arg>Should Be True</arg>
<arg>${True}</arg>
<doc>Runs the given keyword with the given arguments, if ``condition`` is true.</doc>
<status status="PASS" start="2024-05-20T21:13:05.217043" elapsed="0.001017"/>
</kw>
<kw name="Run Keyword If" owner="BuiltIn">
<kw name="Should Be True" owner="BuiltIn">
<arg>${True}</arg>
<doc>Fails if the given condition is not true.</doc>
<status status="PASS" start="2024-05-20T21:13:05.218941" elapsed="0.000259"/>
</kw>
<arg>${json_data["results"][0]["location"]["coordinates"]["longitude"]} &gt;= -180 and ${json_data["results"][0]["location"]["coordinates"]["longitude"]} &lt;= 180</arg>
<arg>Should Be True</arg>
<arg>${True}</arg>
<doc>Runs the given keyword with the given arguments, if ``condition`` is true.</doc>
<status status="PASS" start="2024-05-20T21:13:05.218246" elapsed="0.001082"/>
</kw>
<status status="PASS" start="2024-05-20T21:13:05.110028" elapsed="0.109434"/>
</kw>
<doc>Testa o conteúdo específico dos campos retornados pela API.</doc>
<tag>testeConteudo</tag>
<status status="PASS" start="2024-05-20T21:13:05.109495" elapsed="0.110128"/>
</test>
<status status="PASS" start="2024-05-20T21:13:03.377225" elapsed="1.844477"/>
</suite>
<status status="PASS" start="2024-05-20T21:13:03.363250" elapsed="1.863663"/>
</suite>
<statistics>
<total>
<stat pass="5" fail="0" skip="0">All Tests</stat>
</total>
<tag>
<stat pass="1" fail="0" skip="0">testeConteudo</stat>
<stat pass="1" fail="0" skip="0">testeEstruturaResposta</stat>
<stat pass="1" fail="0" skip="0">testeRequisicaoBasica</stat>
<stat pass="1" fail="0" skip="0">testeTiposDados</stat>
</tag>
<suite>
<stat pass="5" fail="0" skip="0" id="s1" name="Tests">Tests</stat>
<stat pass="5" fail="0" skip="0" id="s1-s1" name="Random-User-Test">Tests.Random-User-Test</stat>
</suite>
</statistics>
<errors>
</errors>
</robot>
