<?xml version="1.0" encoding="UTF-8"?>
<robot generator="Robot 7.0 (Python 3.12.2 on linux)" generated="2024-03-25T07:13:11.775921" rpa="false" schemaversion="5">
<suite id="s1" name="Tests" source="/home/runner/work/DesafioQAItauRogerioJordao/DesafioQAItauRogerioJordao/RamdonUser/tests">
<suite id="s1-s1" name="Random-User-Test" source="/home/runner/work/DesafioQAItauRogerioJordao/DesafioQAItauRogerioJordao/RamdonUser/tests/random-user-test.robot">
<test id="s1-s1-t1" name="Conectar" line="13">
<kw name="Conectar API" owner="random-user-service">
<kw name="Create Session" owner="RequestsLibrary">
<msg time="2024-03-25T07:13:12.166470" level="INFO">Creating Session using : alias=consultarAPI, url=https://randomuser.me/, headers={},                     cookies={}, auth=None, timeout=None, proxies=None, verify=False,                     debug=0 </msg>
<arg>consultarAPI</arg>
<arg>${URL}</arg>
<doc>Create Session: create a HTTP session to a server</doc>
<status status="PASS" start="2024-03-25T07:13:12.166255" elapsed="0.000412"/>
</kw>
<status status="PASS" start="2024-03-25T07:13:12.165162" elapsed="0.001897"/>
</kw>
<status status="PASS" start="2024-03-25T07:13:12.164555" elapsed="0.002709"/>
</test>
<test id="s1-s1-t2" name="Validar retorno 200 e JSON Válido" line="16">
<kw name="Teste de Requisicao Basica" owner="random-user-service">
<kw name="GET On Session" owner="RequestsLibrary">
<msg time="2024-03-25T07:13:12.224087" level="INFO">GET Request : url=https://randomuser.me/api 
 path_url=/api 
 headers={'User-Agent': 'python-requests/2.31.0', 'Accept-Encoding': 'gzip, deflate', 'Accept': '*/*', 'Connection': 'keep-alive'} 
 body=None 
 </msg>
<msg time="2024-03-25T07:13:12.224256" level="INFO">GET Response : url=https://randomuser.me/api 
 status=200, reason=OK 
 headers={'Date': 'Mon, 25 Mar 2024 07:13:12 GMT', 'Content-Type': 'application/json; charset=utf-8', 'Transfer-Encoding': 'chunked', 'Connection': 'keep-alive', 'X-Powered-By': 'Express', 'Access-Control-Allow-Origin': '*', 'Cache-Control': 'no-cache', 'ETag': 'W/"4a4-+iM+vjIT3F4pw1msYqq+ShlJQCQ"', 'Vary': 'Accept-Encoding', 'Content-Encoding': 'gzip', 'CF-Cache-Status': 'DYNAMIC', 'Report-To': '{"endpoints":[{"url":"https:\\/\\/a.nel.cloudflare.com\\/report\\/v4?s=3NfwVsiVf61qiCD4hDE3xv9tixdGvJLpiUxJPxWrcMnpoJIMCeic6hmxSEl7hLdX8hHjzC%2FsE1O%2FOKQkx13HvuljDQ3VOzbsls2tYtkb9EzdJwMRdmqw87NljyhdW2vR"}],"group":"cf-nel","max_age":604800}', 'NEL': '{"success_fraction":0,"report_to":"cf-nel","max_age":604800}', 'Server': 'cloudflare', 'CF-RAY': '869d18d32db859cd-IAD', 'alt-svc': 'h3=":443"; ma=86400'} 
 body={"results":[{"gender":"female","name":{"title":"Miss","first":"Irânia","last":"Melo"},"location":{"street":{"number":3496,"name":"Rua Sete de Setembro "},"city":"Barretos","state":"Rio Grande do Norte","country":"Brazil","postcode":73963,"coordinates":{"latitude":"-78.4530","longitude":"178.2276"},"timezone":{"offset":"-8:00","description":"Pacific Time (US &amp; Canada)"}},"email":"irania.melo@example.com","login":{"uuid":"79425b1b-b9de-49d1-8808-ea1d971a7e99","username":"orangetiger691","password":"4wwvte","salt":"M26JZgrH","md5":"2143955523891d06eb9f90f298e32d6c","sha1":"87633f20b22c65ce6fddc0c4d14e3a5ad472200a","sha256":"0bde559c05bf336b17ecef1d37d0dc3c665d01b056584c0f47fdb7c209db90db"},"dob":{"date":"1949-10-06T03:15:35.089Z","age":74},"registered":{"date":"2019-04-11T19:03:22.342Z","age":4},"phone":"(40) 6485-5846","cell":"(13) 8013-1780","id":{"name":"CPF","value":"939.065.810-39"},"picture":{"large":"https://randomuser.me/api/portraits/women/55.jpg","medium":"https://randomuser.me/api/portraits/med/women/55.jpg","thumbnail":"https://randomuser.me/api/portraits/thumb/women/55.jpg"},"nat":"BR"}],"info":{"seed":"4e7707310e33baf8","results":1,"page":1,"version":"1.4"}} 
 </msg>
<msg time="2024-03-25T07:13:12.224375" level="INFO">/opt/hostedtoolcache/Python/3.12.2/x64/lib/python3.12/site-packages/urllib3/connectionpool.py:1103: InsecureRequestWarning: Unverified HTTPS request is being made to host 'randomuser.me'. Adding certificate verification is strongly advised. See: https://urllib3.readthedocs.io/en/latest/advanced-usage.html#tls-warnings
  warnings.warn(</msg>
<msg time="2024-03-25T07:13:12.224520" level="INFO">${response} = &lt;Response [200]&gt;</msg>
<var>${response}</var>
<arg>consultarAPI</arg>
<arg>/api</arg>
<doc>Sends a GET request on a previously created HTTP Session.</doc>
<status status="PASS" start="2024-03-25T07:13:12.169904" elapsed="0.054655"/>
</kw>
<kw name="Should Be Equal As Numbers" owner="BuiltIn">
<msg time="2024-03-25T07:13:12.225647" level="INFO">Argument types are:
&lt;class 'int'&gt;
&lt;class 'str'&gt;</msg>
<arg>${response.status_code}</arg>
<arg>200</arg>
<doc>Fails if objects are unequal after converting them to real numbers.</doc>
<status status="PASS" start="2024-03-25T07:13:12.225168" elapsed="0.000548"/>
</kw>
<kw name="Log" owner="BuiltIn">
<msg time="2024-03-25T07:13:12.226431" level="INFO">200</msg>
<arg>${response.status_code}</arg>
<doc>Logs the given message with the given level.</doc>
<status status="PASS" start="2024-03-25T07:13:12.226063" elapsed="0.000410"/>
</kw>
<kw name="Set Variable" owner="BuiltIn">
<msg time="2024-03-25T07:13:12.227279" level="INFO">${json_data} = {'results': [{'gender': 'female', 'name': {'title': 'Miss', 'first': 'Irânia', 'last': 'Melo'}, 'location': {'street': {'number': 3496, 'name': 'Rua Sete de Setembro '}, 'city': 'Barretos', 'state': '...</msg>
<var>${json_data}</var>
<arg>${response.json()}</arg>
<doc>Returns the given values which can then be assigned to a variables.</doc>
<status status="PASS" start="2024-03-25T07:13:12.226818" elapsed="0.000532"/>
</kw>
<kw name="Dictionary Should Contain Key" owner="Collections">
<msg time="2024-03-25T07:13:12.227839" level="INFO">False</msg>
<arg>${json_data}</arg>
<arg>results</arg>
<doc>Fails if ``key`` is not found from ``dictionary``.</doc>
<status status="PASS" start="2024-03-25T07:13:12.227664" elapsed="0.000215"/>
</kw>
<status status="PASS" start="2024-03-25T07:13:12.169646" elapsed="0.058499"/>
</kw>
<doc>Testa se a API responde corretamente e retorna um objeto JSON válido.</doc>
<tag>testeRequisicaoBasica</tag>
<status status="PASS" start="2024-03-25T07:13:12.169153" elapsed="0.059188"/>
</test>
<test id="s1-s1-t3" name="Validar estrutura de resposta" line="22">
<kw name="Teste de Estrutura de Resposta" owner="random-user-service">
<kw name="GET On Session" owner="RequestsLibrary">
<msg time="2024-03-25T07:13:12.327599" level="INFO">GET Request : url=https://randomuser.me/api 
 path_url=/api 
 headers={'User-Agent': 'python-requests/2.31.0', 'Accept-Encoding': 'gzip, deflate', 'Accept': '*/*', 'Connection': 'keep-alive'} 
 body=None 
 </msg>
<msg time="2024-03-25T07:13:12.327711" level="INFO">GET Response : url=https://randomuser.me/api 
 status=200, reason=OK 
 headers={'Date': 'Mon, 25 Mar 2024 07:13:12 GMT', 'Content-Type': 'application/json; charset=utf-8', 'Transfer-Encoding': 'chunked', 'Connection': 'keep-alive', 'X-Powered-By': 'Express', 'Access-Control-Allow-Origin': '*', 'Cache-Control': 'no-cache', 'ETag': 'W/"495-xTyYvxyHkv/od1bdmaucXly8V8U"', 'Vary': 'Accept-Encoding', 'Content-Encoding': 'gzip', 'CF-Cache-Status': 'DYNAMIC', 'Report-To': '{"endpoints":[{"url":"https:\\/\\/a.nel.cloudflare.com\\/report\\/v4?s=XBRzlZSR8Q7HlXKqTK84rQZyhc6FUy3uygOpBGPry7ph%2FlAXREqBO6n89Jzb6tTphl5IlVxCzQVqNxQ5FLKHEM2CLVdABXRBv%2Bgdu4r%2FlssikqW6a2egFy8M6ziVl5v3"}],"group":"cf-nel","max_age":604800}', 'NEL': '{"success_fraction":0,"report_to":"cf-nel","max_age":604800}', 'Server': 'cloudflare', 'CF-RAY': '869d18d37dd759cd-IAD', 'alt-svc': 'h3=":443"; ma=86400'} 
 body={"results":[{"gender":"male","name":{"title":"Mr","first":"Aléxis","last":"da Cruz"},"location":{"street":{"number":2064,"name":"Rua Principal"},"city":"Passos","state":"Mato Grosso","country":"Brazil","postcode":92719,"coordinates":{"latitude":"-77.3988","longitude":"-138.1511"},"timezone":{"offset":"+5:30","description":"Bombay, Calcutta, Madras, New Delhi"}},"email":"alexis.dacruz@example.com","login":{"uuid":"13b38a6e-07ce-4139-9170-af434b1f5d9d","username":"heavybear706","password":"akira","salt":"aCU3fnJh","md5":"bd59acf6073076341a531874d6397813","sha1":"c86b05ef4e2ca839977e7b9adc83e342b7da77fe","sha256":"0ffc89f9bb0497b7c7752233840215f55aaf3f38ec8858172b453172212933b5"},"dob":{"date":"1999-09-26T21:34:58.253Z","age":24},"registered":{"date":"2008-02-29T06:24:53.905Z","age":16},"phone":"(37) 0938-6832","cell":"(62) 7847-9589","id":{"name":"CPF","value":"818.325.739-25"},"picture":{"large":"https://randomuser.me/api/portraits/men/23.jpg","medium":"https://randomuser.me/api/portraits/med/men/23.jpg","thumbnail":"https://randomuser.me/api/portraits/thumb/men/23.jpg"},"nat":"BR"}],"info":{"seed":"f70e1e65fb672a05","results":1,"page":1,"version":"1.4"}} 
 </msg>
<msg time="2024-03-25T07:13:12.327876" level="INFO">/opt/hostedtoolcache/Python/3.12.2/x64/lib/python3.12/site-packages/urllib3/connectionpool.py:1103: InsecureRequestWarning: Unverified HTTPS request is being made to host 'randomuser.me'. Adding certificate verification is strongly advised. See: https://urllib3.readthedocs.io/en/latest/advanced-usage.html#tls-warnings
  warnings.warn(</msg>
<msg time="2024-03-25T07:13:12.328019" level="INFO">${response} = &lt;Response [200]&gt;</msg>
<var>${response}</var>
<arg>consultarAPI</arg>
<arg>/api</arg>
<doc>Sends a GET request on a previously created HTTP Session.</doc>
<status status="PASS" start="2024-03-25T07:13:12.231156" elapsed="0.096904"/>
</kw>
<kw name="Set Variable" owner="BuiltIn">
<msg time="2024-03-25T07:13:12.329361" level="INFO">${json_data} = {'results': [{'gender': 'male', 'name': {'title': 'Mr', 'first': 'Aléxis', 'last': 'da Cruz'}, 'location': {'street': {'number': 2064, 'name': 'Rua Principal'}, 'city': 'Passos', 'state': 'Mato Grosso...</msg>
<var>${json_data}</var>
<arg>${response.json()}</arg>
<doc>Returns the given values which can then be assigned to a variables.</doc>
<status status="PASS" start="2024-03-25T07:13:12.328750" elapsed="0.000641"/>
</kw>
<kw name="Log" owner="BuiltIn">
<msg time="2024-03-25T07:13:12.329883" level="INFO">{'results': [{'gender': 'male', 'name': {'title': 'Mr', 'first': 'Aléxis', 'last': 'da Cruz'}, 'location': {'street': {'number': 2064, 'name': 'Rua Principal'}, 'city': 'Passos', 'state': 'Mato Grosso', 'country': 'Brazil', 'postcode': 92719, 'coordinates': {'latitude': '-77.3988', 'longitude': '-138.1511'}, 'timezone': {'offset': '+5:30', 'description': 'Bombay, Calcutta, Madras, New Delhi'}}, 'email': 'alexis.dacruz@example.com', 'login': {'uuid': '13b38a6e-07ce-4139-9170-af434b1f5d9d', 'username': 'heavybear706', 'password': 'akira', 'salt': 'aCU3fnJh', 'md5': 'bd59acf6073076341a531874d6397813', 'sha1': 'c86b05ef4e2ca839977e7b9adc83e342b7da77fe', 'sha256': '0ffc89f9bb0497b7c7752233840215f55aaf3f38ec8858172b453172212933b5'}, 'dob': {'date': '1999-09-26T21:34:58.253Z', 'age': 24}, 'registered': {'date': '2008-02-29T06:24:53.905Z', 'age': 16}, 'phone': '(37) 0938-6832', 'cell': '(62) 7847-9589', 'id': {'name': 'CPF', 'value': '818.325.739-25'}, 'picture': {'large': 'https://randomuser.me/api/portraits/men/23.jpg', 'medium': 'https://randomuser.me/api/portraits/med/men/23.jpg', 'thumbnail': 'https://randomuser.me/api/portraits/thumb/men/23.jpg'}, 'nat': 'BR'}], 'info': {'seed': 'f70e1e65fb672a05', 'results': 1, 'page': 1, 'version': '1.4'}}</msg>
<arg>${json_data}</arg>
<doc>Logs the given message with the given level.</doc>
<status status="PASS" start="2024-03-25T07:13:12.329715" elapsed="0.000217"/>
</kw>
<kw name="Dictionary Should Contain Key" owner="Collections">
<msg time="2024-03-25T07:13:12.330391" level="INFO">False</msg>
<arg>${json_data}</arg>
<arg>results</arg>
<doc>Fails if ``key`` is not found from ``dictionary``.</doc>
<status status="PASS" start="2024-03-25T07:13:12.330232" elapsed="0.000196"/>
</kw>
<kw name="Should Not Be Empty" owner="BuiltIn">
<msg time="2024-03-25T07:13:12.330871" level="INFO">Length is 2.</msg>
<arg>${json_data}</arg>
<doc>Verifies that the given item is not empty.</doc>
<status status="PASS" start="2024-03-25T07:13:12.330737" elapsed="0.000173"/>
</kw>
<kw name="Create List" owner="BuiltIn">
<msg time="2024-03-25T07:13:12.331400" level="INFO">${expected_keys} = ['gender', 'name', 'location', 'email', 'login']</msg>
<var>${expected_keys}</var>
<arg>gender</arg>
<arg>name</arg>
<arg>location</arg>
<arg>email</arg>
<arg>login</arg>
<doc>Returns a list containing given items.</doc>
<status status="PASS" start="2024-03-25T07:13:12.331200" elapsed="0.000225"/>
</kw>
<for flavor="IN">
<iter>
<kw name="Dictionary Should Contain Key" owner="Collections">
<msg time="2024-03-25T07:13:12.332453" level="INFO">False</msg>
<arg>${json_data['results'][0]}</arg>
<arg>${key}</arg>
<doc>Fails if ``key`` is not found from ``dictionary``.</doc>
<status status="PASS" start="2024-03-25T07:13:12.332038" elapsed="0.000455"/>
</kw>
<kw name="Log" owner="BuiltIn">
<msg time="2024-03-25T07:13:12.333218" level="INFO">{'gender': 'male', 'name': {'title': 'Mr', 'first': 'Aléxis', 'last': 'da Cruz'}, 'location': {'street': {'number': 2064, 'name': 'Rua Principal'}, 'city': 'Passos', 'state': 'Mato Grosso', 'country': 'Brazil', 'postcode': 92719, 'coordinates': {'latitude': '-77.3988', 'longitude': '-138.1511'}, 'timezone': {'offset': '+5:30', 'description': 'Bombay, Calcutta, Madras, New Delhi'}}, 'email': 'alexis.dacruz@example.com', 'login': {'uuid': '13b38a6e-07ce-4139-9170-af434b1f5d9d', 'username': 'heavybear706', 'password': 'akira', 'salt': 'aCU3fnJh', 'md5': 'bd59acf6073076341a531874d6397813', 'sha1': 'c86b05ef4e2ca839977e7b9adc83e342b7da77fe', 'sha256': '0ffc89f9bb0497b7c7752233840215f55aaf3f38ec8858172b453172212933b5'}, 'dob': {'date': '1999-09-26T21:34:58.253Z', 'age': 24}, 'registered': {'date': '2008-02-29T06:24:53.905Z', 'age': 16}, 'phone': '(37) 0938-6832', 'cell': '(62) 7847-9589', 'id': {'name': 'CPF', 'value': '818.325.739-25'}, 'picture': {'large': 'https://randomuser.me/api/portraits/men/23.jpg', 'medium': 'https://randomuser.me/api/portraits/med/men/23.jpg', 'thumbnail': 'https://randomuser.me/api/portraits/thumb/men/23.jpg'}, 'nat': 'BR'}</msg>
<arg>${json_data['results'][0]}</arg>
<doc>Logs the given message with the given level.</doc>
<status status="PASS" start="2024-03-25T07:13:12.332831" elapsed="0.000443"/>
</kw>
<kw name="Log" owner="BuiltIn">
<msg time="2024-03-25T07:13:12.333712" level="INFO">gender</msg>
<arg>${key}</arg>
<doc>Logs the given message with the given level.</doc>
<status status="PASS" start="2024-03-25T07:13:12.333580" elapsed="0.000171"/>
</kw>
<var name="${key}">gender</var>
<status status="PASS" start="2024-03-25T07:13:12.331910" elapsed="0.002064"/>
</iter>
<iter>
<kw name="Dictionary Should Contain Key" owner="Collections">
<msg time="2024-03-25T07:13:12.334688" level="INFO">False</msg>
<arg>${json_data['results'][0]}</arg>
<arg>${key}</arg>
<doc>Fails if ``key`` is not found from ``dictionary``.</doc>
<status status="PASS" start="2024-03-25T07:13:12.334299" elapsed="0.000428"/>
</kw>
<kw name="Log" owner="BuiltIn">
<msg time="2024-03-25T07:13:12.335462" level="INFO">{'gender': 'male', 'name': {'title': 'Mr', 'first': 'Aléxis', 'last': 'da Cruz'}, 'location': {'street': {'number': 2064, 'name': 'Rua Principal'}, 'city': 'Passos', 'state': 'Mato Grosso', 'country': 'Brazil', 'postcode': 92719, 'coordinates': {'latitude': '-77.3988', 'longitude': '-138.1511'}, 'timezone': {'offset': '+5:30', 'description': 'Bombay, Calcutta, Madras, New Delhi'}}, 'email': 'alexis.dacruz@example.com', 'login': {'uuid': '13b38a6e-07ce-4139-9170-af434b1f5d9d', 'username': 'heavybear706', 'password': 'akira', 'salt': 'aCU3fnJh', 'md5': 'bd59acf6073076341a531874d6397813', 'sha1': 'c86b05ef4e2ca839977e7b9adc83e342b7da77fe', 'sha256': '0ffc89f9bb0497b7c7752233840215f55aaf3f38ec8858172b453172212933b5'}, 'dob': {'date': '1999-09-26T21:34:58.253Z', 'age': 24}, 'registered': {'date': '2008-02-29T06:24:53.905Z', 'age': 16}, 'phone': '(37) 0938-6832', 'cell': '(62) 7847-9589', 'id': {'name': 'CPF', 'value': '818.325.739-25'}, 'picture': {'large': 'https://randomuser.me/api/portraits/men/23.jpg', 'medium': 'https://randomuser.me/api/portraits/med/men/23.jpg', 'thumbnail': 'https://randomuser.me/api/portraits/thumb/men/23.jpg'}, 'nat': 'BR'}</msg>
<arg>${json_data['results'][0]}</arg>
<doc>Logs the given message with the given level.</doc>
<status status="PASS" start="2024-03-25T07:13:12.335067" elapsed="0.000446"/>
</kw>
<kw name="Log" owner="BuiltIn">
<msg time="2024-03-25T07:13:12.335947" level="INFO">name</msg>
<arg>${key}</arg>
<doc>Logs the given message with the given level.</doc>
<status status="PASS" start="2024-03-25T07:13:12.335817" elapsed="0.000168"/>
</kw>
<var name="${key}">name</var>
<status status="PASS" start="2024-03-25T07:13:12.334172" elapsed="0.002030"/>
</iter>
<iter>
<kw name="Dictionary Should Contain Key" owner="Collections">
<msg time="2024-03-25T07:13:12.336872" level="INFO">False</msg>
<arg>${json_data['results'][0]}</arg>
<arg>${key}</arg>
<doc>Fails if ``key`` is not found from ``dictionary``.</doc>
<status status="PASS" start="2024-03-25T07:13:12.336496" elapsed="0.000414"/>
</kw>
<kw name="Log" owner="BuiltIn">
<msg time="2024-03-25T07:13:12.337580" level="INFO">{'gender': 'male', 'name': {'title': 'Mr', 'first': 'Aléxis', 'last': 'da Cruz'}, 'location': {'street': {'number': 2064, 'name': 'Rua Principal'}, 'city': 'Passos', 'state': 'Mato Grosso', 'country': 'Brazil', 'postcode': 92719, 'coordinates': {'latitude': '-77.3988', 'longitude': '-138.1511'}, 'timezone': {'offset': '+5:30', 'description': 'Bombay, Calcutta, Madras, New Delhi'}}, 'email': 'alexis.dacruz@example.com', 'login': {'uuid': '13b38a6e-07ce-4139-9170-af434b1f5d9d', 'username': 'heavybear706', 'password': 'akira', 'salt': 'aCU3fnJh', 'md5': 'bd59acf6073076341a531874d6397813', 'sha1': 'c86b05ef4e2ca839977e7b9adc83e342b7da77fe', 'sha256': '0ffc89f9bb0497b7c7752233840215f55aaf3f38ec8858172b453172212933b5'}, 'dob': {'date': '1999-09-26T21:34:58.253Z', 'age': 24}, 'registered': {'date': '2008-02-29T06:24:53.905Z', 'age': 16}, 'phone': '(37) 0938-6832', 'cell': '(62) 7847-9589', 'id': {'name': 'CPF', 'value': '818.325.739-25'}, 'picture': {'large': 'https://randomuser.me/api/portraits/men/23.jpg', 'medium': 'https://randomuser.me/api/portraits/med/men/23.jpg', 'thumbnail': 'https://randomuser.me/api/portraits/thumb/men/23.jpg'}, 'nat': 'BR'}</msg>
<arg>${json_data['results'][0]}</arg>
<doc>Logs the given message with the given level.</doc>
<status status="PASS" start="2024-03-25T07:13:12.337206" elapsed="0.000427"/>
</kw>
<kw name="Log" owner="BuiltIn">
<msg time="2024-03-25T07:13:12.338057" level="INFO">location</msg>
<arg>${key}</arg>
<doc>Logs the given message with the given level.</doc>
<status status="PASS" start="2024-03-25T07:13:12.337931" elapsed="0.000163"/>
</kw>
<var name="${key}">location</var>
<status status="PASS" start="2024-03-25T07:13:12.336385" elapsed="0.001922"/>
</iter>
<iter>
<kw name="Dictionary Should Contain Key" owner="Collections">
<msg time="2024-03-25T07:13:12.338962" level="INFO">False</msg>
<arg>${json_data['results'][0]}</arg>
<arg>${key}</arg>
<doc>Fails if ``key`` is not found from ``dictionary``.</doc>
<status status="PASS" start="2024-03-25T07:13:12.338591" elapsed="0.000409"/>
</kw>
<kw name="Log" owner="BuiltIn">
<msg time="2024-03-25T07:13:12.339700" level="INFO">{'gender': 'male', 'name': {'title': 'Mr', 'first': 'Aléxis', 'last': 'da Cruz'}, 'location': {'street': {'number': 2064, 'name': 'Rua Principal'}, 'city': 'Passos', 'state': 'Mato Grosso', 'country': 'Brazil', 'postcode': 92719, 'coordinates': {'latitude': '-77.3988', 'longitude': '-138.1511'}, 'timezone': {'offset': '+5:30', 'description': 'Bombay, Calcutta, Madras, New Delhi'}}, 'email': 'alexis.dacruz@example.com', 'login': {'uuid': '13b38a6e-07ce-4139-9170-af434b1f5d9d', 'username': 'heavybear706', 'password': 'akira', 'salt': 'aCU3fnJh', 'md5': 'bd59acf6073076341a531874d6397813', 'sha1': 'c86b05ef4e2ca839977e7b9adc83e342b7da77fe', 'sha256': '0ffc89f9bb0497b7c7752233840215f55aaf3f38ec8858172b453172212933b5'}, 'dob': {'date': '1999-09-26T21:34:58.253Z', 'age': 24}, 'registered': {'date': '2008-02-29T06:24:53.905Z', 'age': 16}, 'phone': '(37) 0938-6832', 'cell': '(62) 7847-9589', 'id': {'name': 'CPF', 'value': '818.325.739-25'}, 'picture': {'large': 'https://randomuser.me/api/portraits/men/23.jpg', 'medium': 'https://randomuser.me/api/portraits/med/men/23.jpg', 'thumbnail': 'https://randomuser.me/api/portraits/thumb/men/23.jpg'}, 'nat': 'BR'}</msg>
<arg>${json_data['results'][0]}</arg>
<doc>Logs the given message with the given level.</doc>
<status status="PASS" start="2024-03-25T07:13:12.339332" elapsed="0.000418"/>
</kw>
<kw name="Log" owner="BuiltIn">
<msg time="2024-03-25T07:13:12.340173" level="INFO">email</msg>
<arg>${key}</arg>
<doc>Logs the given message with the given level.</doc>
<status status="PASS" start="2024-03-25T07:13:12.340046" elapsed="0.000165"/>
</kw>
<var name="${key}">email</var>
<status status="PASS" start="2024-03-25T07:13:12.338482" elapsed="0.001942"/>
</iter>
<iter>
<kw name="Dictionary Should Contain Key" owner="Collections">
<msg time="2024-03-25T07:13:12.341099" level="INFO">False</msg>
<arg>${json_data['results'][0]}</arg>
<arg>${key}</arg>
<doc>Fails if ``key`` is not found from ``dictionary``.</doc>
<status status="PASS" start="2024-03-25T07:13:12.340713" elapsed="0.000423"/>
</kw>
<kw name="Log" owner="BuiltIn">
<msg time="2024-03-25T07:13:12.341796" level="INFO">{'gender': 'male', 'name': {'title': 'Mr', 'first': 'Aléxis', 'last': 'da Cruz'}, 'location': {'street': {'number': 2064, 'name': 'Rua Principal'}, 'city': 'Passos', 'state': 'Mato Grosso', 'country': 'Brazil', 'postcode': 92719, 'coordinates': {'latitude': '-77.3988', 'longitude': '-138.1511'}, 'timezone': {'offset': '+5:30', 'description': 'Bombay, Calcutta, Madras, New Delhi'}}, 'email': 'alexis.dacruz@example.com', 'login': {'uuid': '13b38a6e-07ce-4139-9170-af434b1f5d9d', 'username': 'heavybear706', 'password': 'akira', 'salt': 'aCU3fnJh', 'md5': 'bd59acf6073076341a531874d6397813', 'sha1': 'c86b05ef4e2ca839977e7b9adc83e342b7da77fe', 'sha256': '0ffc89f9bb0497b7c7752233840215f55aaf3f38ec8858172b453172212933b5'}, 'dob': {'date': '1999-09-26T21:34:58.253Z', 'age': 24}, 'registered': {'date': '2008-02-29T06:24:53.905Z', 'age': 16}, 'phone': '(37) 0938-6832', 'cell': '(62) 7847-9589', 'id': {'name': 'CPF', 'value': '818.325.739-25'}, 'picture': {'large': 'https://randomuser.me/api/portraits/men/23.jpg', 'medium': 'https://randomuser.me/api/portraits/med/men/23.jpg', 'thumbnail': 'https://randomuser.me/api/portraits/thumb/men/23.jpg'}, 'nat': 'BR'}</msg>
<arg>${json_data['results'][0]}</arg>
<doc>Logs the given message with the given level.</doc>
<status status="PASS" start="2024-03-25T07:13:12.341428" elapsed="0.000416"/>
</kw>
<kw name="Log" owner="BuiltIn">
<msg time="2024-03-25T07:13:12.342264" level="INFO">login</msg>
<arg>${key}</arg>
<doc>Logs the given message with the given level.</doc>
<status status="PASS" start="2024-03-25T07:13:12.342138" elapsed="0.000295"/>
</kw>
<var name="${key}">login</var>
<status status="PASS" start="2024-03-25T07:13:12.340596" elapsed="0.002106"/>
</iter>
<var>${key}</var>
<value>@{expected_keys}</value>
<status status="PASS" start="2024-03-25T07:13:12.331704" elapsed="0.011128"/>
</for>
<kw name="Create List" owner="BuiltIn">
<msg time="2024-03-25T07:13:12.343176" level="INFO">${expected_keysTwo} = ['username', 'password']</msg>
<var>${expected_keysTwo}</var>
<arg>username</arg>
<arg>password</arg>
<doc>Returns a list containing given items.</doc>
<status status="PASS" start="2024-03-25T07:13:12.343037" elapsed="0.000162"/>
</kw>
<for flavor="IN">
<iter>
<kw name="Dictionary Should Contain Key" owner="Collections">
<msg time="2024-03-25T07:13:12.344138" level="INFO">False</msg>
<arg>${json_data['results'][0]['login']}</arg>
<arg>${keyTwo}</arg>
<doc>Fails if ``key`` is not found from ``dictionary``.</doc>
<status status="PASS" start="2024-03-25T07:13:12.343748" elapsed="0.000427"/>
</kw>
<kw name="Dictionary Should Contain Key" owner="Collections">
<msg time="2024-03-25T07:13:12.344868" level="INFO">False</msg>
<arg>${json_data['results'][0]['login']}</arg>
<arg>${keyTwo}</arg>
<doc>Fails if ``key`` is not found from ``dictionary``.</doc>
<status status="PASS" start="2024-03-25T07:13:12.344470" elapsed="0.000439"/>
</kw>
<kw name="Log" owner="BuiltIn">
<msg time="2024-03-25T07:13:12.345338" level="INFO">username</msg>
<arg>${keyTwo}</arg>
<doc>Logs the given message with the given level.</doc>
<status status="PASS" start="2024-03-25T07:13:12.345208" elapsed="0.000167"/>
</kw>
<var name="${keyTwo}">username</var>
<status status="PASS" start="2024-03-25T07:13:12.343637" elapsed="0.001953"/>
</iter>
<iter>
<kw name="Dictionary Should Contain Key" owner="Collections">
<msg time="2024-03-25T07:13:12.346251" level="INFO">False</msg>
<arg>${json_data['results'][0]['login']}</arg>
<arg>${keyTwo}</arg>
<doc>Fails if ``key`` is not found from ``dictionary``.</doc>
<status status="PASS" start="2024-03-25T07:13:12.345872" elapsed="0.000417"/>
</kw>
<kw name="Dictionary Should Contain Key" owner="Collections">
<msg time="2024-03-25T07:13:12.346966" level="INFO">False</msg>
<arg>${json_data['results'][0]['login']}</arg>
<arg>${keyTwo}</arg>
<doc>Fails if ``key`` is not found from ``dictionary``.</doc>
<status status="PASS" start="2024-03-25T07:13:12.346580" elapsed="0.000422"/>
</kw>
<kw name="Log" owner="BuiltIn">
<msg time="2024-03-25T07:13:12.347470" level="INFO">password</msg>
<arg>${keyTwo}</arg>
<doc>Logs the given message with the given level.</doc>
<status status="PASS" start="2024-03-25T07:13:12.347328" elapsed="0.000181"/>
</kw>
<var name="${keyTwo}">password</var>
<status status="PASS" start="2024-03-25T07:13:12.345764" elapsed="0.001965"/>
</iter>
<var>${keyTwo}</var>
<value>@{expected_keysTwo}</value>
<status status="PASS" start="2024-03-25T07:13:12.343476" elapsed="0.004376"/>
</for>
<status status="PASS" start="2024-03-25T07:13:12.230899" elapsed="0.117104"/>
</kw>
<doc>Testa a estrutura da resposta da API.</doc>
<tag>testeEstruturaResposta</tag>
<status status="PASS" start="2024-03-25T07:13:12.230205" elapsed="0.117972"/>
</test>
<test id="s1-s1-t4" name="Validar tipos de dados" line="28">
<kw name="Teste de Tipos de Dados" owner="random-user-service">
<kw name="GET On Session" owner="RequestsLibrary">
<msg time="2024-03-25T07:13:12.763455" level="INFO">GET Request : url=https://randomuser.me/api 
 path_url=/api 
 headers={'User-Agent': 'python-requests/2.31.0', 'Accept-Encoding': 'gzip, deflate', 'Accept': '*/*', 'Connection': 'keep-alive'} 
 body=None 
 </msg>
<msg time="2024-03-25T07:13:12.763563" level="INFO">GET Response : url=https://randomuser.me/api 
 status=200, reason=OK 
 headers={'Date': 'Mon, 25 Mar 2024 07:13:12 GMT', 'Content-Type': 'application/json; charset=utf-8', 'Transfer-Encoding': 'chunked', 'Connection': 'keep-alive', 'X-Powered-By': 'Express', 'Access-Control-Allow-Origin': '*', 'Cache-Control': 'no-cache', 'ETag': 'W/"487-cLsbhLrfHO7K7NDv5FsMSCEf0tQ"', 'Vary': 'Accept-Encoding', 'Content-Encoding': 'gzip', 'CF-Cache-Status': 'DYNAMIC', 'Report-To': '{"endpoints":[{"url":"https:\\/\\/a.nel.cloudflare.com\\/report\\/v4?s=Mr7i5V0XnwpQ06ZAKrvAusejS2e%2Fw1UOkNoovIaxs%2BlPZcJNGFNM70XGHNex8ZEtUpRX5ZuXtORKj1DQKvl6v%2BvicZk6SuhCmHdr39EJbCarp04rrtdW5MuG96HbFRVD"}],"group":"cf-nel","max_age":604800}', 'NEL': '{"success_fraction":0,"report_to":"cf-nel","max_age":604800}', 'Server': 'cloudflare', 'CF-RAY': '869d18d43e1859cd-IAD', 'alt-svc': 'h3=":443"; ma=86400'} 
 body={"results":[{"gender":"male","name":{"title":"Mr","first":"Sabri","last":"Maurer"},"location":{"street":{"number":5711,"name":"Gartenstraße"},"city":"Lippe","state":"Thüringen","country":"Germany","postcode":88468,"coordinates":{"latitude":"-52.4685","longitude":"-154.0148"},"timezone":{"offset":"-8:00","description":"Pacific Time (US &amp; Canada)"}},"email":"sabri.maurer@example.com","login":{"uuid":"d92958fd-80c5-48b7-a038-d24f5d5ce9bb","username":"brownleopard882","password":"1979","salt":"FaWxFSB4","md5":"f08ae5fcb168d1f2a8701a86bb72928c","sha1":"8ac31690079460c0962fcd1623cecbce4bb47c24","sha256":"d681500596937bed93d90e1df9983c29b79012a2562613d5c3c89ab4a97f92a4"},"dob":{"date":"1953-01-12T07:19:16.511Z","age":71},"registered":{"date":"2008-02-20T21:46:37.219Z","age":16},"phone":"0383-7857742","cell":"0173-7595987","id":{"name":"SVNR","value":"43 120153 M 413"},"picture":{"large":"https://randomuser.me/api/portraits/men/96.jpg","medium":"https://randomuser.me/api/portraits/med/men/96.jpg","thumbnail":"https://randomuser.me/api/portraits/thumb/men/96.jpg"},"nat":"DE"}],"info":{"seed":"0d7bc7eb9bb6153e","results":1,"page":1,"version":"1.4"}} 
 </msg>
<msg time="2024-03-25T07:13:12.763643" level="INFO">/opt/hostedtoolcache/Python/3.12.2/x64/lib/python3.12/site-packages/urllib3/connectionpool.py:1103: InsecureRequestWarning: Unverified HTTPS request is being made to host 'randomuser.me'. Adding certificate verification is strongly advised. See: https://urllib3.readthedocs.io/en/latest/advanced-usage.html#tls-warnings
  warnings.warn(</msg>
<msg time="2024-03-25T07:13:12.763775" level="INFO">${response} = &lt;Response [200]&gt;</msg>
<var>${response}</var>
<arg>consultarAPI</arg>
<arg>/api</arg>
<doc>Sends a GET request on a previously created HTTP Session.</doc>
<status status="PASS" start="2024-03-25T07:13:12.350752" elapsed="0.413063"/>
</kw>
<kw name="Set Variable" owner="BuiltIn">
<msg time="2024-03-25T07:13:12.765135" level="INFO">${json_data} = {'results': [{'gender': 'male', 'name': {'title': 'Mr', 'first': 'Sabri', 'last': 'Maurer'}, 'location': {'street': {'number': 5711, 'name': 'Gartenstraße'}, 'city': 'Lippe', 'state': 'Thüringen', 'co...</msg>
<var>${json_data}</var>
<arg>${response.json()}</arg>
<doc>Returns the given values which can then be assigned to a variables.</doc>
<status status="PASS" start="2024-03-25T07:13:12.764509" elapsed="0.000658"/>
</kw>
<kw name="Log" owner="BuiltIn">
<msg time="2024-03-25T07:13:12.765730" level="INFO">{'results': [{'gender': 'male', 'name': {'title': 'Mr', 'first': 'Sabri', 'last': 'Maurer'}, 'location': {'street': {'number': 5711, 'name': 'Gartenstraße'}, 'city': 'Lippe', 'state': 'Thüringen', 'country': 'Germany', 'postcode': 88468, 'coordinates': {'latitude': '-52.4685', 'longitude': '-154.0148'}, 'timezone': {'offset': '-8:00', 'description': 'Pacific Time (US &amp; Canada)'}}, 'email': 'sabri.maurer@example.com', 'login': {'uuid': 'd92958fd-80c5-48b7-a038-d24f5d5ce9bb', 'username': 'brownleopard882', 'password': '1979', 'salt': 'FaWxFSB4', 'md5': 'f08ae5fcb168d1f2a8701a86bb72928c', 'sha1': '8ac31690079460c0962fcd1623cecbce4bb47c24', 'sha256': 'd681500596937bed93d90e1df9983c29b79012a2562613d5c3c89ab4a97f92a4'}, 'dob': {'date': '1953-01-12T07:19:16.511Z', 'age': 71}, 'registered': {'date': '2008-02-20T21:46:37.219Z', 'age': 16}, 'phone': '0383-7857742', 'cell': '0173-7595987', 'id': {'name': 'SVNR', 'value': '43 120153 M 413'}, 'picture': {'large': 'https://randomuser.me/api/portraits/men/96.jpg', 'medium': 'https://randomuser.me/api/portraits/med/men/96.jpg', 'thumbnail': 'https://randomuser.me/api/portraits/thumb/men/96.jpg'}, 'nat': 'DE'}], 'info': {'seed': '0d7bc7eb9bb6153e', 'results': 1, 'page': 1, 'version': '1.4'}}</msg>
<arg>${json_data}</arg>
<doc>Logs the given message with the given level.</doc>
<status status="PASS" start="2024-03-25T07:13:12.765553" elapsed="0.000267"/>
</kw>
<kw name="Should Be String" owner="String">
<arg>${json_data['results'][0]['gender']}</arg>
<doc>Fails if the given ``item`` is not a string.</doc>
<status status="PASS" start="2024-03-25T07:13:12.766123" elapsed="0.000375"/>
</kw>
<kw name="Should Match Regexp" owner="BuiltIn">
<arg>${json_data['results'][0]['email']}</arg>
<arg>^[a-zA-Z0-9._%+-]+@[a-zA-Z0-9.-]+\.[a-zA-Z]{2,}$</arg>
<doc>Fails if ``string`` does not match ``pattern`` as a regular expression.</doc>
<status status="PASS" start="2024-03-25T07:13:12.766689" elapsed="0.000535"/>
</kw>
<kw name="Should Match Regexp" owner="BuiltIn">
<arg>${json_data['results'][0]['dob']['date']}</arg>
<arg>\\d{4}-\\d{2}-\\d{2}T\\d{2}:\\d{2}:\\d{2}\\.\\d{3}Z</arg>
<doc>Fails if ``string`` does not match ``pattern`` as a regular expression.</doc>
<status status="PASS" start="2024-03-25T07:13:12.767468" elapsed="0.000491"/>
</kw>
<kw name="Should Match Regexp" owner="BuiltIn">
<arg>${json_data['results'][0]['registered']['date']}</arg>
<arg>\\d{4}-\\d{2}-\\d{2}T\\d{2}:\\d{2}:\\d{2}\\.\\d{3}Z</arg>
<doc>Fails if ``string`` does not match ``pattern`` as a regular expression.</doc>
<status status="PASS" start="2024-03-25T07:13:12.768151" elapsed="0.000371"/>
</kw>
<kw name="Should Match Regexp" owner="BuiltIn">
<arg>${json_data['results'][0]['picture']['large']}</arg>
<arg>^https?://.*\.(?:png|jpe?g|gif|bmp)$</arg>
<doc>Fails if ``string`` does not match ``pattern`` as a regular expression.</doc>
<status status="PASS" start="2024-03-25T07:13:12.768707" elapsed="0.000454"/>
</kw>
<kw name="Should Match Regexp" owner="BuiltIn">
<arg>${json_data['results'][0]['picture']['medium']}</arg>
<arg>^https?://.*\.(?:png|jpe?g|gif|bmp)$</arg>
<doc>Fails if ``string`` does not match ``pattern`` as a regular expression.</doc>
<status status="PASS" start="2024-03-25T07:13:12.769348" elapsed="0.000353"/>
</kw>
<kw name="Should Match Regexp" owner="BuiltIn">
<arg>${json_data['results'][0]['picture']['thumbnail']}</arg>
<arg>^https?://.*\.(?:png|jpe?g|gif|bmp)$</arg>
<doc>Fails if ``string`` does not match ``pattern`` as a regular expression.</doc>
<status status="PASS" start="2024-03-25T07:13:12.769883" elapsed="0.000349"/>
</kw>
<kw name="Log" owner="BuiltIn">
<msg time="2024-03-25T07:13:12.770738" level="INFO">{'large': 'https://randomuser.me/api/portraits/men/96.jpg', 'medium': 'https://randomuser.me/api/portraits/med/men/96.jpg', 'thumbnail': 'https://randomuser.me/api/portraits/thumb/men/96.jpg'}</msg>
<arg>${json_data['results'][0]['picture']}</arg>
<doc>Logs the given message with the given level.</doc>
<status status="PASS" start="2024-03-25T07:13:12.770411" elapsed="0.000373"/>
</kw>
<status status="PASS" start="2024-03-25T07:13:12.350501" elapsed="0.420545"/>
</kw>
<kw name="Teste de Tipos de Dados - Postcode" owner="random-user-service">
<kw name="GET On Session" owner="RequestsLibrary">
<msg time="2024-03-25T07:13:13.023796" level="INFO">GET Request : url=https://randomuser.me/api 
 path_url=/api 
 headers={'User-Agent': 'python-requests/2.31.0', 'Accept-Encoding': 'gzip, deflate', 'Accept': '*/*', 'Connection': 'keep-alive'} 
 body=None 
 </msg>
<msg time="2024-03-25T07:13:13.023900" level="INFO">GET Response : url=https://randomuser.me/api 
 status=200, reason=OK 
 headers={'Date': 'Mon, 25 Mar 2024 07:13:13 GMT', 'Content-Type': 'application/json; charset=utf-8', 'Transfer-Encoding': 'chunked', 'Connection': 'keep-alive', 'X-Powered-By': 'Express', 'Access-Control-Allow-Origin': '*', 'Cache-Control': 'no-cache', 'ETag': 'W/"4bb-DtWoTWxD9oyhfCCiYvU8tsCTqZc"', 'Vary': 'Accept-Encoding', 'Content-Encoding': 'gzip', 'CF-Cache-Status': 'DYNAMIC', 'Report-To': '{"endpoints":[{"url":"https:\\/\\/a.nel.cloudflare.com\\/report\\/v4?s=IgBApWA9nzf0UQhJpAQ4BHXwt4pVVKlQB0Vrb8KsFJag7DTbHEdWOog8q4ZOhg1BHKwJ8SCa6MSaNaLHHum%2BCLosNV6O9hDVFFSeDDbaGzz%2Fj%2BJPJGaX3AN9wQjbl6aO"}],"group":"cf-nel","max_age":604800}', 'NEL': '{"success_fraction":0,"report_to":"cf-nel","max_age":604800}', 'Server': 'cloudflare', 'CF-RAY': '869d18d6df3e59cd-IAD', 'alt-svc': 'h3=":443"; ma=86400'} 
 body={"results":[{"gender":"female","name":{"title":"Mademoiselle","first":"Lucia","last":"Lucas"},"location":{"street":{"number":7062,"name":"Esplanade du 9 Novembre 1989"},"city":"Geroldswil","state":"Nidwalden","country":"Switzerland","postcode":2029,"coordinates":{"latitude":"-60.6586","longitude":"24.4249"},"timezone":{"offset":"+5:00","description":"Ekaterinburg, Islamabad, Karachi, Tashkent"}},"email":"lucia.lucas@example.com","login":{"uuid":"99fab258-3404-4891-93d8-f101141e6ce2","username":"orangewolf207","password":"spinner","salt":"sasHLevp","md5":"7eef654d34f30105a43772600da6b3f5","sha1":"f2f5fe5e50bb10ce058353a7e7dcfaa82c2fe06f","sha256":"f5a0e69ff860f65202d1d41c3f119830049ad29a87e592f2891fe30b0977e43e"},"dob":{"date":"1947-08-08T14:42:58.120Z","age":76},"registered":{"date":"2004-07-16T13:05:41.441Z","age":19},"phone":"079 479 14 57","cell":"077 535 24 71","id":{"name":"AVS","value":"756.6243.3295.99"},"picture":{"large":"https://randomuser.me/api/portraits/women/7.jpg","medium":"https://randomuser.me/api/portraits/med/women/7.jpg","thumbnail":"https://randomuser.me/api/portraits/thumb/women/7.jpg"},"nat":"CH"}],"info":{"seed":"b80c98504e5f53e4","results":1,"page":1,"version":"1.4"}} 
 </msg>
<msg time="2024-03-25T07:13:13.023997" level="INFO">/opt/hostedtoolcache/Python/3.12.2/x64/lib/python3.12/site-packages/urllib3/connectionpool.py:1103: InsecureRequestWarning: Unverified HTTPS request is being made to host 'randomuser.me'. Adding certificate verification is strongly advised. See: https://urllib3.readthedocs.io/en/latest/advanced-usage.html#tls-warnings
  warnings.warn(</msg>
<msg time="2024-03-25T07:13:13.024139" level="INFO">${response} = &lt;Response [200]&gt;</msg>
<var>${response}</var>
<arg>consultarAPI</arg>
<arg>/api</arg>
<doc>Sends a GET request on a previously created HTTP Session.</doc>
<status status="PASS" start="2024-03-25T07:13:12.771716" elapsed="0.252464"/>
</kw>
<kw name="Set Variable" owner="BuiltIn">
<msg time="2024-03-25T07:13:13.025494" level="INFO">${json_data} = {'results': [{'gender': 'female', 'name': {'title': 'Mademoiselle', 'first': 'Lucia', 'last': 'Lucas'}, 'location': {'street': {'number': 7062, 'name': 'Esplanade du 9 Novembre 1989'}, 'city': 'Gerold...</msg>
<var>${json_data}</var>
<arg>${response.json()}</arg>
<doc>Returns the given values which can then be assigned to a variables.</doc>
<status status="PASS" start="2024-03-25T07:13:13.024885" elapsed="0.000638"/>
</kw>
<kw name="Log" owner="BuiltIn">
<msg time="2024-03-25T07:13:13.026021" level="INFO">{'results': [{'gender': 'female', 'name': {'title': 'Mademoiselle', 'first': 'Lucia', 'last': 'Lucas'}, 'location': {'street': {'number': 7062, 'name': 'Esplanade du 9 Novembre 1989'}, 'city': 'Geroldswil', 'state': 'Nidwalden', 'country': 'Switzerland', 'postcode': 2029, 'coordinates': {'latitude': '-60.6586', 'longitude': '24.4249'}, 'timezone': {'offset': '+5:00', 'description': 'Ekaterinburg, Islamabad, Karachi, Tashkent'}}, 'email': 'lucia.lucas@example.com', 'login': {'uuid': '99fab258-3404-4891-93d8-f101141e6ce2', 'username': 'orangewolf207', 'password': 'spinner', 'salt': 'sasHLevp', 'md5': '7eef654d34f30105a43772600da6b3f5', 'sha1': 'f2f5fe5e50bb10ce058353a7e7dcfaa82c2fe06f', 'sha256': 'f5a0e69ff860f65202d1d41c3f119830049ad29a87e592f2891fe30b0977e43e'}, 'dob': {'date': '1947-08-08T14:42:58.120Z', 'age': 76}, 'registered': {'date': '2004-07-16T13:05:41.441Z', 'age': 19}, 'phone': '079 479 14 57', 'cell': '077 535 24 71', 'id': {'name': 'AVS', 'value': '756.6243.3295.99'}, 'picture': {'large': 'https://randomuser.me/api/portraits/women/7.jpg', 'medium': 'https://randomuser.me/api/portraits/med/women/7.jpg', 'thumbnail': 'https://randomuser.me/api/portraits/thumb/women/7.jpg'}, 'nat': 'CH'}], 'info': {'seed': 'b80c98504e5f53e4', 'results': 1, 'page': 1, 'version': '1.4'}}</msg>
<arg>${json_data}</arg>
<doc>Logs the given message with the given level.</doc>
<status status="PASS" start="2024-03-25T07:13:13.025855" elapsed="0.000250"/>
</kw>
<kw name="Should Be Equal As Numbers" owner="BuiltIn">
<arg>${json_data['results'][0]['location']['postcode']}</arg>
<arg>${json_data['results'][0]['location']['postcode']}</arg>
<doc>Fails if objects are unequal after converting them to real numbers.</doc>
<status status="PASS" start="2024-03-25T07:13:13.026408" elapsed="0.000630"/>
</kw>
<kw name="Log" owner="BuiltIn">
<msg time="2024-03-25T07:13:13.027673" level="INFO">2029</msg>
<arg>${json_data['results'][0]['location']['postcode']}</arg>
<doc>Logs the given message with the given level.</doc>
<status status="PASS" start="2024-03-25T07:13:13.027230" elapsed="0.000484"/>
</kw>
<status status="PASS" start="2024-03-25T07:13:12.771309" elapsed="0.256665"/>
</kw>
<doc>Testa se os tipos de dados na resposta da API estão corretos.</doc>
<tag>testeTiposDados</tag>
<status status="PASS" start="2024-03-25T07:13:12.349980" elapsed="0.678168"/>
</test>
<test id="s1-s1-t5" name="Validar conteudo" line="35">
<kw name="Teste de Tipos de Conteudo" owner="random-user-service">
<kw name="GET On Session" owner="RequestsLibrary">
<msg time="2024-03-25T07:13:13.118140" level="INFO">GET Request : url=https://randomuser.me/api 
 path_url=/api 
 headers={'User-Agent': 'python-requests/2.31.0', 'Accept-Encoding': 'gzip, deflate', 'Accept': '*/*', 'Connection': 'keep-alive'} 
 body=None 
 </msg>
<msg time="2024-03-25T07:13:13.118246" level="INFO">GET Response : url=https://randomuser.me/api 
 status=200, reason=OK 
 headers={'Date': 'Mon, 25 Mar 2024 07:13:13 GMT', 'Content-Type': 'application/json; charset=utf-8', 'Transfer-Encoding': 'chunked', 'Connection': 'keep-alive', 'X-Powered-By': 'Express', 'Access-Control-Allow-Origin': '*', 'Cache-Control': 'no-cache', 'ETag': 'W/"49e-FMGMDnXDwUx3Q/0rs7dseyEqcVQ"', 'Vary': 'Accept-Encoding', 'Content-Encoding': 'gzip', 'CF-Cache-Status': 'DYNAMIC', 'Report-To': '{"endpoints":[{"url":"https:\\/\\/a.nel.cloudflare.com\\/report\\/v4?s=0FRAWbSu9hLU8EyTeX3f29VxSFx5GN1qbRrHhvCP5sbg0gXgmyCHqdWEcJ1R%2BX7msZP6thwjdtpPIt5or1nnZID5T6Nstib3tJVuz%2B5uJk%2Bqfxshv1L7YuySG0IXk6ih"}],"group":"cf-nel","max_age":604800}', 'NEL': '{"success_fraction":0,"report_to":"cf-nel","max_age":604800}', 'Server': 'cloudflare', 'CF-RAY': '869d18d87ffd59cd-IAD', 'alt-svc': 'h3=":443"; ma=86400'} 
 body={"results":[{"gender":"male","name":{"title":"Mr","first":"Wayne","last":"Davidson"},"location":{"street":{"number":2185,"name":"Washington Ave"},"city":"Hobart","state":"Northern Territory","country":"Australia","postcode":5496,"coordinates":{"latitude":"-82.0053","longitude":"-178.0918"},"timezone":{"offset":"-4:00","description":"Atlantic Time (Canada), Caracas, La Paz"}},"email":"wayne.davidson@example.com","login":{"uuid":"f343f74c-3c2a-45db-991e-b51a97118634","username":"beautifultiger746","password":"moto","salt":"pVjNvYT1","md5":"39d091bf329f8cea2d2b15e3c632f471","sha1":"4f83fb37685bf645faf39f15cb0533477f0389f4","sha256":"242252d463758c1541532ec7c6490ebc5dc8ee61aeb75f1fe6457566cc649b1c"},"dob":{"date":"1965-04-10T11:15:48.036Z","age":58},"registered":{"date":"2003-09-16T20:21:34.031Z","age":20},"phone":"05-4005-4235","cell":"0433-233-535","id":{"name":"TFN","value":"078801949"},"picture":{"large":"https://randomuser.me/api/portraits/men/67.jpg","medium":"https://randomuser.me/api/portraits/med/men/67.jpg","thumbnail":"https://randomuser.me/api/portraits/thumb/men/67.jpg"},"nat":"AU"}],"info":{"seed":"f4c97872264b244c","results":1,"page":1,"version":"1.4"}} 
 </msg>
<msg time="2024-03-25T07:13:13.118319" level="INFO">/opt/hostedtoolcache/Python/3.12.2/x64/lib/python3.12/site-packages/urllib3/connectionpool.py:1103: InsecureRequestWarning: Unverified HTTPS request is being made to host 'randomuser.me'. Adding certificate verification is strongly advised. See: https://urllib3.readthedocs.io/en/latest/advanced-usage.html#tls-warnings
  warnings.warn(</msg>
<msg time="2024-03-25T07:13:13.118447" level="INFO">${response} = &lt;Response [200]&gt;</msg>
<var>${response}</var>
<arg>consultarAPI</arg>
<arg>/api</arg>
<doc>Sends a GET request on a previously created HTTP Session.</doc>
<status status="PASS" start="2024-03-25T07:13:13.030598" elapsed="0.087875"/>
</kw>
<kw name="Set Variable" owner="BuiltIn">
<msg time="2024-03-25T07:13:13.119620" level="INFO">${json_data} = {'results': [{'gender': 'male', 'name': {'title': 'Mr', 'first': 'Wayne', 'last': 'Davidson'}, 'location': {'street': {'number': 2185, 'name': 'Washington Ave'}, 'city': 'Hobart', 'state': 'Northern T...</msg>
<var>${json_data}</var>
<arg>${response.json()}</arg>
<doc>Returns the given values which can then be assigned to a variables.</doc>
<status status="PASS" start="2024-03-25T07:13:13.119053" elapsed="0.000596"/>
</kw>
<kw name="Set Variable" owner="BuiltIn">
<msg time="2024-03-25T07:13:13.120394" level="INFO">${name_title} = Mr</msg>
<var>${name_title}</var>
<arg>${json_data["results"][0]["name"]["title"]}</arg>
<doc>Returns the given values which can then be assigned to a variables.</doc>
<status status="PASS" start="2024-03-25T07:13:13.119983" elapsed="0.000437"/>
</kw>
<kw name="Create List" owner="BuiltIn">
<msg time="2024-03-25T07:13:13.120888" level="INFO">${allowed_titles} = ['Mr', 'Ms', 'Miss', 'Mrs', 'Madame', 'Monsieur']</msg>
<var>${allowed_titles}</var>
<arg>Mr</arg>
<arg>Ms</arg>
<arg>Miss</arg>
<arg>Mrs</arg>
<arg>Madame</arg>
<arg>Monsieur</arg>
<doc>Returns a list containing given items.</doc>
<status status="PASS" start="2024-03-25T07:13:13.120737" elapsed="0.000175"/>
</kw>
<kw name="List Should Contain Value" owner="Collections">
<msg time="2024-03-25T07:13:13.121399" level="INFO">False</msg>
<arg>${allowed_titles}</arg>
<arg>${name_title}</arg>
<doc>Fails if the ``value`` is not found from ``list``.</doc>
<status status="PASS" start="2024-03-25T07:13:13.121219" elapsed="0.000218"/>
</kw>
<kw name="Set Variable" owner="BuiltIn">
<msg time="2024-03-25T07:13:13.122108" level="INFO">${name_country} = AU</msg>
<var>${name_country}</var>
<arg>${json_data["results"][0]["nat"]}</arg>
<doc>Returns the given values which can then be assigned to a variables.</doc>
<status status="PASS" start="2024-03-25T07:13:13.121732" elapsed="0.000401"/>
</kw>
<kw name="Create List" owner="BuiltIn">
<msg time="2024-03-25T07:13:13.123037" level="INFO">${list_country} = ['AD', 'AE', 'AF', 'AG', 'AI', 'AL', 'AM', 'AO', 'AQ', 'AR', 'AS', 'AT', 'AU', 'AW', 'AX', 'AZ', 'BA', 'BB', 'BD', 'BE', 'BF', 'BG', 'BH', 'BI', 'BJ', 'BL', 'BM', 'BN', 'BO', 'BQ', 'BR', 'BS', 'BT', '...</msg>
<var>${list_country}</var>
<arg>AD</arg>
<arg>AE</arg>
<arg>AF</arg>
<arg>AG</arg>
<arg>AI</arg>
<arg>AL</arg>
<arg>AM</arg>
<arg>AO</arg>
<arg>AQ</arg>
<arg>AR</arg>
<arg>AS</arg>
<arg>AT</arg>
<arg>AU</arg>
<arg>AW</arg>
<arg>AX</arg>
<arg>AZ</arg>
<arg>BA</arg>
<arg>BB</arg>
<arg>BD</arg>
<arg>BE</arg>
<arg>BF</arg>
<arg>BG</arg>
<arg>BH</arg>
<arg>BI</arg>
<arg>BJ</arg>
<arg>BL</arg>
<arg>BM</arg>
<arg>BN</arg>
<arg>BO</arg>
<arg>BQ</arg>
<arg>BR</arg>
<arg>BS</arg>
<arg>BT</arg>
<arg>BV</arg>
<arg>BW</arg>
<arg>BY</arg>
<arg>BZ</arg>
<arg>CA</arg>
<arg>CC</arg>
<arg>CD</arg>
<arg>CF</arg>
<arg>CG</arg>
<arg>CH</arg>
<arg>CI</arg>
<arg>CK</arg>
<arg>CL</arg>
<arg>CM</arg>
<arg>CN</arg>
<arg>CO</arg>
<arg>CR</arg>
<arg>CU</arg>
<arg>CV</arg>
<arg>CW</arg>
<arg>CX</arg>
<arg>CY</arg>
<arg>CZ</arg>
<arg>DE</arg>
<arg>DJ</arg>
<arg>DK</arg>
<arg>DM</arg>
<arg>DO</arg>
<arg>DZ</arg>
<arg>EC</arg>
<arg>EE</arg>
<arg>EG</arg>
<arg>EH</arg>
<arg>ER</arg>
<arg>ES</arg>
<arg>ET</arg>
<arg>FI</arg>
<arg>FJ</arg>
<arg>FK</arg>
<arg>FM</arg>
<arg>FO</arg>
<arg>FR</arg>
<arg>GA</arg>
<arg>GB</arg>
<arg>GD</arg>
<arg>GE</arg>
<arg>GF</arg>
<arg>GG</arg>
<arg>GH</arg>
<arg>GI</arg>
<arg>GL</arg>
<arg>GM</arg>
<arg>GN</arg>
<arg>GP</arg>
<arg>GQ</arg>
<arg>GR</arg>
<arg>GS</arg>
<arg>GT</arg>
<arg>GU</arg>
<arg>GW</arg>
<arg>GY</arg>
<arg>HK</arg>
<arg>HM</arg>
<arg>HN</arg>
<arg>HR</arg>
<arg>HT</arg>
<arg>HU</arg>
<arg>ID</arg>
<arg>IE</arg>
<arg>IL</arg>
<arg>IM</arg>
<arg>IN</arg>
<arg>IO</arg>
<arg>IQ</arg>
<arg>IR</arg>
<arg>IS</arg>
<arg>IT</arg>
<arg>JE</arg>
<arg>JM</arg>
<arg>JO</arg>
<arg>JP</arg>
<arg>KE</arg>
<arg>KG</arg>
<arg>KH</arg>
<arg>KI</arg>
<arg>KM</arg>
<arg>KN</arg>
<arg>KP</arg>
<arg>KR</arg>
<arg>KW</arg>
<arg>KY</arg>
<arg>KZ</arg>
<arg>LA</arg>
<arg>LB</arg>
<arg>LC</arg>
<arg>LI</arg>
<arg>LK</arg>
<arg>LR</arg>
<arg>LS</arg>
<arg>LT</arg>
<arg>LU</arg>
<arg>LV</arg>
<arg>LY</arg>
<arg>MA</arg>
<arg>MC</arg>
<arg>MD</arg>
<arg>ME</arg>
<arg>MF</arg>
<arg>MG</arg>
<arg>MH</arg>
<arg>MK</arg>
<arg>ML</arg>
<arg>MM</arg>
<arg>MN</arg>
<arg>MO</arg>
<arg>MP</arg>
<arg>MQ</arg>
<arg>MR</arg>
<arg>MS</arg>
<arg>MT</arg>
<arg>MU</arg>
<arg>MV</arg>
<arg>MW</arg>
<arg>MX</arg>
<arg>MY</arg>
<arg>MZ</arg>
<arg>NA</arg>
<arg>NC</arg>
<arg>NE</arg>
<arg>NF</arg>
<arg>NG</arg>
<arg>NI</arg>
<arg>NL</arg>
<arg>NO</arg>
<arg>NP</arg>
<arg>NR</arg>
<arg>NU</arg>
<arg>NZ</arg>
<arg>OM</arg>
<arg>PA</arg>
<arg>PE</arg>
<arg>PF</arg>
<arg>PG</arg>
<arg>PH</arg>
<arg>PK</arg>
<arg>PL</arg>
<arg>PM</arg>
<arg>PN</arg>
<arg>PR</arg>
<arg>PS</arg>
<arg>PT</arg>
<arg>PW</arg>
<arg>PY</arg>
<arg>QA</arg>
<arg>RE</arg>
<arg>RO</arg>
<arg>RS</arg>
<arg>RU</arg>
<arg>RW</arg>
<arg>SA</arg>
<arg>SB</arg>
<arg>SC</arg>
<arg>SD</arg>
<arg>SE</arg>
<arg>SG</arg>
<arg>SH</arg>
<arg>SI</arg>
<arg>SJ</arg>
<arg>SK</arg>
<arg>SL</arg>
<arg>SM</arg>
<arg>SN</arg>
<arg>SO</arg>
<arg>SR</arg>
<arg>SS</arg>
<arg>ST</arg>
<arg>SV</arg>
<arg>SX</arg>
<arg>SY</arg>
<arg>SZ</arg>
<arg>TC</arg>
<arg>TD</arg>
<arg>TF</arg>
<arg>TG</arg>
<arg>TH</arg>
<arg>TJ</arg>
<arg>TK</arg>
<arg>TL</arg>
<arg>TM</arg>
<arg>TN</arg>
<arg>TO</arg>
<arg>TR</arg>
<arg>TT</arg>
<arg>TV</arg>
<arg>TW</arg>
<arg>TZ</arg>
<arg>UA</arg>
<arg>UG</arg>
<arg>UM</arg>
<arg>US</arg>
<arg>UY</arg>
<arg>UZ</arg>
<arg>VA</arg>
<arg>VC</arg>
<arg>VE</arg>
<arg>VG</arg>
<arg>VI</arg>
<arg>VN</arg>
<arg>VU</arg>
<arg>WF</arg>
<arg>WS</arg>
<arg>XK</arg>
<arg>YE</arg>
<arg>YT</arg>
<arg>ZA</arg>
<arg>ZM</arg>
<arg>ZW</arg>
<doc>Returns a list containing given items.</doc>
<status status="PASS" start="2024-03-25T07:13:13.122441" elapsed="0.000621"/>
</kw>
<kw name="List Should Contain Value" owner="Collections">
<msg time="2024-03-25T07:13:13.124231" level="INFO">False</msg>
<arg>${list_country}</arg>
<arg>${name_country}</arg>
<doc>Fails if the ``value`` is not found from ``list``.</doc>
<status status="PASS" start="2024-03-25T07:13:13.124025" elapsed="0.000244"/>
</kw>
<kw name="Run Keyword If" owner="BuiltIn">
<kw name="Should Be True" owner="BuiltIn">
<arg>${True}</arg>
<doc>Fails if the given condition is not true.</doc>
<status status="PASS" start="2024-03-25T07:13:13.125353" elapsed="0.000147"/>
</kw>
<arg>${json_data["results"][0]["location"]["coordinates"]["latitude"]} &gt;= -90 and ${json_data["results"][0]["location"]["coordinates"]["latitude"]} &lt;= 90</arg>
<arg>Should Be True</arg>
<arg>${True}</arg>
<doc>Runs the given keyword with the given arguments, if ``condition`` is true.</doc>
<status status="PASS" start="2024-03-25T07:13:13.124582" elapsed="0.001045"/>
</kw>
<kw name="Run Keyword If" owner="BuiltIn">
<kw name="Should Be True" owner="BuiltIn">
<arg>${True}</arg>
<doc>Fails if the given condition is not true.</doc>
<status status="PASS" start="2024-03-25T07:13:13.126512" elapsed="0.000148"/>
</kw>
<arg>${json_data["results"][0]["location"]["coordinates"]["longitude"]} &gt;= -180 and ${json_data["results"][0]["location"]["coordinates"]["longitude"]} &lt;= 180</arg>
<arg>Should Be True</arg>
<arg>${True}</arg>
<doc>Runs the given keyword with the given arguments, if ``condition`` is true.</doc>
<status status="PASS" start="2024-03-25T07:13:13.125812" elapsed="0.000974"/>
</kw>
<status status="PASS" start="2024-03-25T07:13:13.030364" elapsed="0.096559"/>
</kw>
<doc>Testa o conteúdo específico dos campos retornados pela API.</doc>
<tag>testeConteudo</tag>
<status status="PASS" start="2024-03-25T07:13:13.029903" elapsed="0.097175"/>
</test>
<status status="PASS" start="2024-03-25T07:13:11.832179" elapsed="1.296850"/>
</suite>
<status status="PASS" start="2024-03-25T07:13:11.817731" elapsed="1.316636"/>
</suite>
<statistics>
<total>
<stat pass="5" fail="0" skip="0">All Tests</stat>
</total>
<tag>
<stat pass="1" fail="0" skip="0">testeConteudo</stat>
<stat pass="1" fail="0" skip="0">testeEstruturaResposta</stat>
<stat pass="1" fail="0" skip="0">testeRequisicaoBasica</stat>
<stat pass="1" fail="0" skip="0">testeTiposDados</stat>
</tag>
<suite>
<stat pass="5" fail="0" skip="0" id="s1" name="Tests">Tests</stat>
<stat pass="5" fail="0" skip="0" id="s1-s1" name="Random-User-Test">Tests.Random-User-Test</stat>
</suite>
</statistics>
<errors>
</errors>
</robot>
