<?xml version="1.0" encoding="UTF-8"?>
<robot generator="Robot 7.0.1 (Python 3.12.4 on linux)" generated="2024-07-15T12:30:08.389787" rpa="false" schemaversion="5">
<suite id="s1" name="Tests" source="/home/runner/work/ApiRandomUser/ApiRandomUser/RamdonUser/tests">
<suite id="s1-s1" name="Random-User-Test" source="/home/runner/work/ApiRandomUser/ApiRandomUser/RamdonUser/tests/random-user-test.robot">
<test id="s1-s1-t1" name="Conectar" line="13">
<kw name="Conectar API" owner="random-user-service">
<kw name="Create Session" owner="RequestsLibrary">
<msg time="2024-07-15T12:30:08.786244" level="INFO">Creating Session using : alias=consultarAPI, url=https://randomuser.me/, headers={},                     cookies={}, auth=None, timeout=None, proxies=None, verify=False,                     debug=0 </msg>
<arg>consultarAPI</arg>
<arg>${URL}</arg>
<doc>Create Session: create a HTTP session to a server</doc>
<status status="PASS" start="2024-07-15T12:30:08.786011" elapsed="0.000420"/>
</kw>
<status status="PASS" start="2024-07-15T12:30:08.785023" elapsed="0.001778"/>
</kw>
<status status="PASS" start="2024-07-15T12:30:08.784365" elapsed="0.002634"/>
</test>
<test id="s1-s1-t2" name="Validar retorno 200 e JSON Válido" line="16">
<kw name="Teste de Requisicao Basica" owner="random-user-service">
<kw name="GET On Session" owner="RequestsLibrary">
<msg time="2024-07-15T12:30:09.123714" level="INFO">GET Request : url=https://randomuser.me/api 
 path_url=/api 
 headers={'User-Agent': 'python-requests/2.32.3', 'Accept-Encoding': 'gzip, deflate', 'Accept': '*/*', 'Connection': 'keep-alive'} 
 body=None 
 </msg>
<msg time="2024-07-15T12:30:09.123866" level="INFO">GET Response : url=https://randomuser.me/api 
 status=200, reason=OK 
 headers={'Date': 'Mon, 15 Jul 2024 12:30:09 GMT', 'Content-Type': 'application/json; charset=utf-8', 'Transfer-Encoding': 'chunked', 'Connection': 'keep-alive', 'X-Powered-By': 'Express', 'Access-Control-Allow-Origin': '*', 'Cache-Control': 'no-cache', 'ETag': 'W/"48f-xcYcoAbJAfjp1G5cHX9HA2sBLoQ"', 'Vary': 'Accept-Encoding', 'Content-Encoding': 'gzip', 'CF-Cache-Status': 'DYNAMIC', 'Report-To': '{"endpoints":[{"url":"https:\\/\\/a.nel.cloudflare.com\\/report\\/v4?s=kTn1ImpxnoIGudNiCwOS61gdDTlX1mYJ9jzEmY5VMwTjEIqxMeKwfUvNfRJzPJwnYWdH8xqq9IhcNMPp%2BipuTGNbZUhwSpRtb%2BkGAl63xWVWX5Rvbc3QiUAgk%2B3EvkB%2B"}],"group":"cf-nel","max_age":604800}', 'NEL': '{"success_fraction":0,"report_to":"cf-nel","max_age":604800}', 'Server': 'cloudflare', 'CF-RAY': '8a39c31a1ba51fdc-IAD', 'alt-svc': 'h3=":443"; ma=86400'} 
 body={"results":[{"gender":"male","name":{"title":"Mr","first":"Valdemar","last":"Andersen"},"location":{"street":{"number":4951,"name":"Næssundvej"},"city":"København V","state":"Syddanmark","country":"Denmark","postcode":94450,"coordinates":{"latitude":"-45.8444","longitude":"-75.1488"},"timezone":{"offset":"+4:00","description":"Abu Dhabi, Muscat, Baku, Tbilisi"}},"email":"valdemar.andersen@example.com","login":{"uuid":"e09797ff-e6b8-4cfc-ac8b-d8029d3fe28c","username":"lazypeacock871","password":"sheeba","salt":"3xUGW7WN","md5":"455960c70bc4e5ed788d521a9f0dd709","sha1":"b4cb1adcbc860da99f0fa5082f5422618d1d6040","sha256":"beb627014a89bd6a3e752e6e136e430fa264169fad7350fc7b2ec473f856354f"},"dob":{"date":"1975-07-09T00:02:01.644Z","age":49},"registered":{"date":"2002-06-03T23:17:14.477Z","age":22},"phone":"68299157","cell":"10156008","id":{"name":"CPR","value":"080775-9669"},"picture":{"large":"https://randomuser.me/api/portraits/men/13.jpg","medium":"https://randomuser.me/api/portraits/med/men/13.jpg","thumbnail":"https://randomuser.me/api/portraits/thumb/men/13.jpg"},"nat":"DK"}],"info":{"seed":"989fdce783c1b44f","results":1,"page":1,"version":"1.4"}} 
 </msg>
<msg time="2024-07-15T12:30:09.123952" level="INFO">/opt/hostedtoolcache/Python/3.12.4/x64/lib/python3.12/site-packages/urllib3/connectionpool.py:1099: InsecureRequestWarning: Unverified HTTPS request is being made to host 'randomuser.me'. Adding certificate verification is strongly advised. See: https://urllib3.readthedocs.io/en/latest/advanced-usage.html#tls-warnings
  warnings.warn(</msg>
<msg time="2024-07-15T12:30:09.124099" level="INFO">${response} = &lt;Response [200]&gt;</msg>
<var>${response}</var>
<arg>consultarAPI</arg>
<arg>/api</arg>
<doc>Sends a GET request on a previously created HTTP Session.</doc>
<status status="PASS" start="2024-07-15T12:30:08.789684" elapsed="0.334460"/>
</kw>
<kw name="Should Be Equal As Numbers" owner="BuiltIn">
<msg time="2024-07-15T12:30:09.125184" level="INFO">Argument types are:
&lt;class 'int'&gt;
&lt;class 'str'&gt;</msg>
<arg>${response.status_code}</arg>
<arg>200</arg>
<doc>Fails if objects are unequal after converting them to real numbers.</doc>
<status status="PASS" start="2024-07-15T12:30:09.124716" elapsed="0.000536"/>
</kw>
<kw name="Log" owner="BuiltIn">
<msg time="2024-07-15T12:30:09.125937" level="INFO">200</msg>
<arg>${response.status_code}</arg>
<doc>Logs the given message with the given level.</doc>
<status status="PASS" start="2024-07-15T12:30:09.125581" elapsed="0.000399"/>
</kw>
<kw name="Set Variable" owner="BuiltIn">
<msg time="2024-07-15T12:30:09.126785" level="INFO">${json_data} = {'results': [{'gender': 'male', 'name': {'title': 'Mr', 'first': 'Valdemar', 'last': 'Andersen'}, 'location': {'street': {'number': 4951, 'name': 'Næssundvej'}, 'city': 'København V', 'state': 'Syddan...</msg>
<var>${json_data}</var>
<arg>${response.json()}</arg>
<doc>Returns the given values which can then be assigned to a variables.</doc>
<status status="PASS" start="2024-07-15T12:30:09.126335" elapsed="0.000480"/>
</kw>
<kw name="Dictionary Should Contain Key" owner="Collections">
<arg>${json_data}</arg>
<arg>results</arg>
<doc>Fails if ``key`` is not found from ``dictionary``.</doc>
<status status="PASS" start="2024-07-15T12:30:09.127121" elapsed="0.000168"/>
</kw>
<status status="PASS" start="2024-07-15T12:30:08.789433" elapsed="0.338011"/>
</kw>
<doc>Testa se a API responde corretamente e retorna um objeto JSON válido.</doc>
<tag>testeRequisicaoBasica</tag>
<status status="PASS" start="2024-07-15T12:30:08.788873" elapsed="0.338755"/>
</test>
<test id="s1-s1-t3" name="Validar estrutura de resposta" line="22">
<kw name="Teste de Estrutura de Resposta" owner="random-user-service">
<kw name="GET On Session" owner="RequestsLibrary">
<msg time="2024-07-15T12:30:09.177395" level="INFO">GET Request : url=https://randomuser.me/api 
 path_url=/api 
 headers={'User-Agent': 'python-requests/2.32.3', 'Accept-Encoding': 'gzip, deflate', 'Accept': '*/*', 'Connection': 'keep-alive'} 
 body=None 
 </msg>
<msg time="2024-07-15T12:30:09.177507" level="INFO">GET Response : url=https://randomuser.me/api 
 status=200, reason=OK 
 headers={'Date': 'Mon, 15 Jul 2024 12:30:09 GMT', 'Content-Type': 'application/json; charset=utf-8', 'Transfer-Encoding': 'chunked', 'Connection': 'keep-alive', 'X-Powered-By': 'Express', 'Access-Control-Allow-Origin': '*', 'Cache-Control': 'no-cache', 'ETag': 'W/"4a5-8/w3Wr44R3RcLlXkt1cPCjomyEM"', 'Vary': 'Accept-Encoding', 'Content-Encoding': 'gzip', 'CF-Cache-Status': 'DYNAMIC', 'Report-To': '{"endpoints":[{"url":"https:\\/\\/a.nel.cloudflare.com\\/report\\/v4?s=VaJj1N6sd3W2zYEf0oaobVQYTfjajg22s5P0fIFvn3ucbEQj4%2F4U%2BOiVQgZMhavWNnGhwyfDO%2FB677FAPTVwdrX%2FgimeLq6EHS8UEdlJbXDmbfK71aDhRXMSs8KxYsTM"}],"group":"cf-nel","max_age":604800}', 'NEL': '{"success_fraction":0,"report_to":"cf-nel","max_age":604800}', 'Server': 'cloudflare', 'CF-RAY': '8a39c31b1c9a1fdc-IAD', 'alt-svc': 'h3=":443"; ma=86400'} 
 body={"results":[{"gender":"female","name":{"title":"Miss","first":"Hazel","last":"Palmer"},"location":{"street":{"number":5905,"name":"Preston Rd"},"city":"Garden Grove","state":"South Carolina","country":"United States","postcode":73396,"coordinates":{"latitude":"86.5171","longitude":"49.0533"},"timezone":{"offset":"-3:00","description":"Brazil, Buenos Aires, Georgetown"}},"email":"hazel.palmer@example.com","login":{"uuid":"6a159a5c-b3cb-4cd0-b381-d74b714ac21c","username":"beautifulsnake500","password":"lindsay","salt":"pXSX2boo","md5":"391f8f7b2c8ac810cb1603d6afea54a5","sha1":"54f846a58b84c2d668e14145fe2306267830970e","sha256":"43d7bce02d1e11ea220cea6f139c03cedc1b8afb98f1226d4fcad30793aa4e79"},"dob":{"date":"1960-06-29T17:32:16.765Z","age":64},"registered":{"date":"2016-04-22T04:08:53.132Z","age":8},"phone":"(226) 811-7420","cell":"(352) 923-2674","id":{"name":"SSN","value":"489-91-6976"},"picture":{"large":"https://randomuser.me/api/portraits/women/48.jpg","medium":"https://randomuser.me/api/portraits/med/women/48.jpg","thumbnail":"https://randomuser.me/api/portraits/thumb/women/48.jpg"},"nat":"US"}],"info":{"seed":"ed9c4ce892f6bea1","results":1,"page":1,"version":"1.4"}} 
 </msg>
<msg time="2024-07-15T12:30:09.177651" level="INFO">/opt/hostedtoolcache/Python/3.12.4/x64/lib/python3.12/site-packages/urllib3/connectionpool.py:1099: InsecureRequestWarning: Unverified HTTPS request is being made to host 'randomuser.me'. Adding certificate verification is strongly advised. See: https://urllib3.readthedocs.io/en/latest/advanced-usage.html#tls-warnings
  warnings.warn(</msg>
<msg time="2024-07-15T12:30:09.177929" level="INFO">${response} = &lt;Response [200]&gt;</msg>
<var>${response}</var>
<arg>consultarAPI</arg>
<arg>/api</arg>
<doc>Sends a GET request on a previously created HTTP Session.</doc>
<status status="PASS" start="2024-07-15T12:30:09.130654" elapsed="0.047317"/>
</kw>
<kw name="Set Variable" owner="BuiltIn">
<msg time="2024-07-15T12:30:09.179134" level="INFO">${json_data} = {'results': [{'gender': 'female', 'name': {'title': 'Miss', 'first': 'Hazel', 'last': 'Palmer'}, 'location': {'street': {'number': 5905, 'name': 'Preston Rd'}, 'city': 'Garden Grove', 'state': 'South ...</msg>
<var>${json_data}</var>
<arg>${response.json()}</arg>
<doc>Returns the given values which can then be assigned to a variables.</doc>
<status status="PASS" start="2024-07-15T12:30:09.178598" elapsed="0.000566"/>
</kw>
<kw name="Log" owner="BuiltIn">
<msg time="2024-07-15T12:30:09.179641" level="INFO">{'results': [{'gender': 'female', 'name': {'title': 'Miss', 'first': 'Hazel', 'last': 'Palmer'}, 'location': {'street': {'number': 5905, 'name': 'Preston Rd'}, 'city': 'Garden Grove', 'state': 'South Carolina', 'country': 'United States', 'postcode': 73396, 'coordinates': {'latitude': '86.5171', 'longitude': '49.0533'}, 'timezone': {'offset': '-3:00', 'description': 'Brazil, Buenos Aires, Georgetown'}}, 'email': 'hazel.palmer@example.com', 'login': {'uuid': '6a159a5c-b3cb-4cd0-b381-d74b714ac21c', 'username': 'beautifulsnake500', 'password': 'lindsay', 'salt': 'pXSX2boo', 'md5': '391f8f7b2c8ac810cb1603d6afea54a5', 'sha1': '54f846a58b84c2d668e14145fe2306267830970e', 'sha256': '43d7bce02d1e11ea220cea6f139c03cedc1b8afb98f1226d4fcad30793aa4e79'}, 'dob': {'date': '1960-06-29T17:32:16.765Z', 'age': 64}, 'registered': {'date': '2016-04-22T04:08:53.132Z', 'age': 8}, 'phone': '(226) 811-7420', 'cell': '(352) 923-2674', 'id': {'name': 'SSN', 'value': '489-91-6976'}, 'picture': {'large': 'https://randomuser.me/api/portraits/women/48.jpg', 'medium': 'https://randomuser.me/api/portraits/med/women/48.jpg', 'thumbnail': 'https://randomuser.me/api/portraits/thumb/women/48.jpg'}, 'nat': 'US'}], 'info': {'seed': 'ed9c4ce892f6bea1', 'results': 1, 'page': 1, 'version': '1.4'}}</msg>
<arg>${json_data}</arg>
<doc>Logs the given message with the given level.</doc>
<status status="PASS" start="2024-07-15T12:30:09.179480" elapsed="0.000221"/>
</kw>
<kw name="Dictionary Should Contain Key" owner="Collections">
<arg>${json_data}</arg>
<arg>results</arg>
<doc>Fails if ``key`` is not found from ``dictionary``.</doc>
<status status="PASS" start="2024-07-15T12:30:09.179992" elapsed="0.000159"/>
</kw>
<kw name="Should Not Be Empty" owner="BuiltIn">
<msg time="2024-07-15T12:30:09.180474" level="INFO">Length is 2.</msg>
<arg>${json_data}</arg>
<doc>Verifies that the given item is not empty.</doc>
<status status="PASS" start="2024-07-15T12:30:09.180335" elapsed="0.000179"/>
</kw>
<kw name="Create List" owner="BuiltIn">
<msg time="2024-07-15T12:30:09.181120" level="INFO">${expected_keys} = ['gender', 'name', 'location', 'email', 'login']</msg>
<var>${expected_keys}</var>
<arg>gender</arg>
<arg>name</arg>
<arg>location</arg>
<arg>email</arg>
<arg>login</arg>
<doc>Returns a list containing given items.</doc>
<status status="PASS" start="2024-07-15T12:30:09.180808" elapsed="0.000338"/>
</kw>
<for flavor="IN">
<iter>
<kw name="Dictionary Should Contain Key" owner="Collections">
<arg>${json_data['results'][0]}</arg>
<arg>${key}</arg>
<doc>Fails if ``key`` is not found from ``dictionary``.</doc>
<status status="PASS" start="2024-07-15T12:30:09.181739" elapsed="0.000401"/>
</kw>
<kw name="Log" owner="BuiltIn">
<msg time="2024-07-15T12:30:09.182733" level="INFO">{'gender': 'female', 'name': {'title': 'Miss', 'first': 'Hazel', 'last': 'Palmer'}, 'location': {'street': {'number': 5905, 'name': 'Preston Rd'}, 'city': 'Garden Grove', 'state': 'South Carolina', 'country': 'United States', 'postcode': 73396, 'coordinates': {'latitude': '86.5171', 'longitude': '49.0533'}, 'timezone': {'offset': '-3:00', 'description': 'Brazil, Buenos Aires, Georgetown'}}, 'email': 'hazel.palmer@example.com', 'login': {'uuid': '6a159a5c-b3cb-4cd0-b381-d74b714ac21c', 'username': 'beautifulsnake500', 'password': 'lindsay', 'salt': 'pXSX2boo', 'md5': '391f8f7b2c8ac810cb1603d6afea54a5', 'sha1': '54f846a58b84c2d668e14145fe2306267830970e', 'sha256': '43d7bce02d1e11ea220cea6f139c03cedc1b8afb98f1226d4fcad30793aa4e79'}, 'dob': {'date': '1960-06-29T17:32:16.765Z', 'age': 64}, 'registered': {'date': '2016-04-22T04:08:53.132Z', 'age': 8}, 'phone': '(226) 811-7420', 'cell': '(352) 923-2674', 'id': {'name': 'SSN', 'value': '489-91-6976'}, 'picture': {'large': 'https://randomuser.me/api/portraits/women/48.jpg', 'medium': 'https://randomuser.me/api/portraits/med/women/48.jpg', 'thumbnail': 'https://randomuser.me/api/portraits/thumb/women/48.jpg'}, 'nat': 'US'}</msg>
<arg>${json_data['results'][0]}</arg>
<doc>Logs the given message with the given level.</doc>
<status status="PASS" start="2024-07-15T12:30:09.182369" elapsed="0.000413"/>
</kw>
<kw name="Log" owner="BuiltIn">
<msg time="2024-07-15T12:30:09.183211" level="INFO">gender</msg>
<arg>${key}</arg>
<doc>Logs the given message with the given level.</doc>
<status status="PASS" start="2024-07-15T12:30:09.183082" elapsed="0.000168"/>
</kw>
<var name="${key}">gender</var>
<status status="PASS" start="2024-07-15T12:30:09.181614" elapsed="0.001851"/>
</iter>
<iter>
<kw name="Dictionary Should Contain Key" owner="Collections">
<arg>${json_data['results'][0]}</arg>
<arg>${key}</arg>
<doc>Fails if ``key`` is not found from ``dictionary``.</doc>
<status status="PASS" start="2024-07-15T12:30:09.183757" elapsed="0.000385"/>
</kw>
<kw name="Log" owner="BuiltIn">
<msg time="2024-07-15T12:30:09.184717" level="INFO">{'gender': 'female', 'name': {'title': 'Miss', 'first': 'Hazel', 'last': 'Palmer'}, 'location': {'street': {'number': 5905, 'name': 'Preston Rd'}, 'city': 'Garden Grove', 'state': 'South Carolina', 'country': 'United States', 'postcode': 73396, 'coordinates': {'latitude': '86.5171', 'longitude': '49.0533'}, 'timezone': {'offset': '-3:00', 'description': 'Brazil, Buenos Aires, Georgetown'}}, 'email': 'hazel.palmer@example.com', 'login': {'uuid': '6a159a5c-b3cb-4cd0-b381-d74b714ac21c', 'username': 'beautifulsnake500', 'password': 'lindsay', 'salt': 'pXSX2boo', 'md5': '391f8f7b2c8ac810cb1603d6afea54a5', 'sha1': '54f846a58b84c2d668e14145fe2306267830970e', 'sha256': '43d7bce02d1e11ea220cea6f139c03cedc1b8afb98f1226d4fcad30793aa4e79'}, 'dob': {'date': '1960-06-29T17:32:16.765Z', 'age': 64}, 'registered': {'date': '2016-04-22T04:08:53.132Z', 'age': 8}, 'phone': '(226) 811-7420', 'cell': '(352) 923-2674', 'id': {'name': 'SSN', 'value': '489-91-6976'}, 'picture': {'large': 'https://randomuser.me/api/portraits/women/48.jpg', 'medium': 'https://randomuser.me/api/portraits/med/women/48.jpg', 'thumbnail': 'https://randomuser.me/api/portraits/thumb/women/48.jpg'}, 'nat': 'US'}</msg>
<arg>${json_data['results'][0]}</arg>
<doc>Logs the given message with the given level.</doc>
<status status="PASS" start="2024-07-15T12:30:09.184321" elapsed="0.000445"/>
</kw>
<kw name="Log" owner="BuiltIn">
<msg time="2024-07-15T12:30:09.185191" level="INFO">name</msg>
<arg>${key}</arg>
<doc>Logs the given message with the given level.</doc>
<status status="PASS" start="2024-07-15T12:30:09.185063" elapsed="0.000165"/>
</kw>
<var name="${key}">name</var>
<status status="PASS" start="2024-07-15T12:30:09.183647" elapsed="0.001796"/>
</iter>
<iter>
<kw name="Dictionary Should Contain Key" owner="Collections">
<arg>${json_data['results'][0]}</arg>
<arg>${key}</arg>
<doc>Fails if ``key`` is not found from ``dictionary``.</doc>
<status status="PASS" start="2024-07-15T12:30:09.185723" elapsed="0.000376"/>
</kw>
<kw name="Log" owner="BuiltIn">
<msg time="2024-07-15T12:30:09.186672" level="INFO">{'gender': 'female', 'name': {'title': 'Miss', 'first': 'Hazel', 'last': 'Palmer'}, 'location': {'street': {'number': 5905, 'name': 'Preston Rd'}, 'city': 'Garden Grove', 'state': 'South Carolina', 'country': 'United States', 'postcode': 73396, 'coordinates': {'latitude': '86.5171', 'longitude': '49.0533'}, 'timezone': {'offset': '-3:00', 'description': 'Brazil, Buenos Aires, Georgetown'}}, 'email': 'hazel.palmer@example.com', 'login': {'uuid': '6a159a5c-b3cb-4cd0-b381-d74b714ac21c', 'username': 'beautifulsnake500', 'password': 'lindsay', 'salt': 'pXSX2boo', 'md5': '391f8f7b2c8ac810cb1603d6afea54a5', 'sha1': '54f846a58b84c2d668e14145fe2306267830970e', 'sha256': '43d7bce02d1e11ea220cea6f139c03cedc1b8afb98f1226d4fcad30793aa4e79'}, 'dob': {'date': '1960-06-29T17:32:16.765Z', 'age': 64}, 'registered': {'date': '2016-04-22T04:08:53.132Z', 'age': 8}, 'phone': '(226) 811-7420', 'cell': '(352) 923-2674', 'id': {'name': 'SSN', 'value': '489-91-6976'}, 'picture': {'large': 'https://randomuser.me/api/portraits/women/48.jpg', 'medium': 'https://randomuser.me/api/portraits/med/women/48.jpg', 'thumbnail': 'https://randomuser.me/api/portraits/thumb/women/48.jpg'}, 'nat': 'US'}</msg>
<arg>${json_data['results'][0]}</arg>
<doc>Logs the given message with the given level.</doc>
<status status="PASS" start="2024-07-15T12:30:09.186318" elapsed="0.000401"/>
</kw>
<kw name="Log" owner="BuiltIn">
<msg time="2024-07-15T12:30:09.187138" level="INFO">location</msg>
<arg>${key}</arg>
<doc>Logs the given message with the given level.</doc>
<status status="PASS" start="2024-07-15T12:30:09.187012" elapsed="0.000163"/>
</kw>
<var name="${key}">location</var>
<status status="PASS" start="2024-07-15T12:30:09.185617" elapsed="0.001772"/>
</iter>
<iter>
<kw name="Dictionary Should Contain Key" owner="Collections">
<arg>${json_data['results'][0]}</arg>
<arg>${key}</arg>
<doc>Fails if ``key`` is not found from ``dictionary``.</doc>
<status status="PASS" start="2024-07-15T12:30:09.187664" elapsed="0.000385"/>
</kw>
<kw name="Log" owner="BuiltIn">
<msg time="2024-07-15T12:30:09.188584" level="INFO">{'gender': 'female', 'name': {'title': 'Miss', 'first': 'Hazel', 'last': 'Palmer'}, 'location': {'street': {'number': 5905, 'name': 'Preston Rd'}, 'city': 'Garden Grove', 'state': 'South Carolina', 'country': 'United States', 'postcode': 73396, 'coordinates': {'latitude': '86.5171', 'longitude': '49.0533'}, 'timezone': {'offset': '-3:00', 'description': 'Brazil, Buenos Aires, Georgetown'}}, 'email': 'hazel.palmer@example.com', 'login': {'uuid': '6a159a5c-b3cb-4cd0-b381-d74b714ac21c', 'username': 'beautifulsnake500', 'password': 'lindsay', 'salt': 'pXSX2boo', 'md5': '391f8f7b2c8ac810cb1603d6afea54a5', 'sha1': '54f846a58b84c2d668e14145fe2306267830970e', 'sha256': '43d7bce02d1e11ea220cea6f139c03cedc1b8afb98f1226d4fcad30793aa4e79'}, 'dob': {'date': '1960-06-29T17:32:16.765Z', 'age': 64}, 'registered': {'date': '2016-04-22T04:08:53.132Z', 'age': 8}, 'phone': '(226) 811-7420', 'cell': '(352) 923-2674', 'id': {'name': 'SSN', 'value': '489-91-6976'}, 'picture': {'large': 'https://randomuser.me/api/portraits/women/48.jpg', 'medium': 'https://randomuser.me/api/portraits/med/women/48.jpg', 'thumbnail': 'https://randomuser.me/api/portraits/thumb/women/48.jpg'}, 'nat': 'US'}</msg>
<arg>${json_data['results'][0]}</arg>
<doc>Logs the given message with the given level.</doc>
<status status="PASS" start="2024-07-15T12:30:09.188234" elapsed="0.000399"/>
</kw>
<kw name="Log" owner="BuiltIn">
<msg time="2024-07-15T12:30:09.189056" level="INFO">email</msg>
<arg>${key}</arg>
<doc>Logs the given message with the given level.</doc>
<status status="PASS" start="2024-07-15T12:30:09.188926" elapsed="0.000168"/>
</kw>
<var name="${key}">email</var>
<status status="PASS" start="2024-07-15T12:30:09.187558" elapsed="0.001748"/>
</iter>
<iter>
<kw name="Dictionary Should Contain Key" owner="Collections">
<arg>${json_data['results'][0]}</arg>
<arg>${key}</arg>
<doc>Fails if ``key`` is not found from ``dictionary``.</doc>
<status status="PASS" start="2024-07-15T12:30:09.189587" elapsed="0.000377"/>
</kw>
<kw name="Log" owner="BuiltIn">
<msg time="2024-07-15T12:30:09.190536" level="INFO">{'gender': 'female', 'name': {'title': 'Miss', 'first': 'Hazel', 'last': 'Palmer'}, 'location': {'street': {'number': 5905, 'name': 'Preston Rd'}, 'city': 'Garden Grove', 'state': 'South Carolina', 'country': 'United States', 'postcode': 73396, 'coordinates': {'latitude': '86.5171', 'longitude': '49.0533'}, 'timezone': {'offset': '-3:00', 'description': 'Brazil, Buenos Aires, Georgetown'}}, 'email': 'hazel.palmer@example.com', 'login': {'uuid': '6a159a5c-b3cb-4cd0-b381-d74b714ac21c', 'username': 'beautifulsnake500', 'password': 'lindsay', 'salt': 'pXSX2boo', 'md5': '391f8f7b2c8ac810cb1603d6afea54a5', 'sha1': '54f846a58b84c2d668e14145fe2306267830970e', 'sha256': '43d7bce02d1e11ea220cea6f139c03cedc1b8afb98f1226d4fcad30793aa4e79'}, 'dob': {'date': '1960-06-29T17:32:16.765Z', 'age': 64}, 'registered': {'date': '2016-04-22T04:08:53.132Z', 'age': 8}, 'phone': '(226) 811-7420', 'cell': '(352) 923-2674', 'id': {'name': 'SSN', 'value': '489-91-6976'}, 'picture': {'large': 'https://randomuser.me/api/portraits/women/48.jpg', 'medium': 'https://randomuser.me/api/portraits/med/women/48.jpg', 'thumbnail': 'https://randomuser.me/api/portraits/thumb/women/48.jpg'}, 'nat': 'US'}</msg>
<arg>${json_data['results'][0]}</arg>
<doc>Logs the given message with the given level.</doc>
<status status="PASS" start="2024-07-15T12:30:09.190143" elapsed="0.000441"/>
</kw>
<kw name="Log" owner="BuiltIn">
<msg time="2024-07-15T12:30:09.191002" level="INFO">login</msg>
<arg>${key}</arg>
<doc>Logs the given message with the given level.</doc>
<status status="PASS" start="2024-07-15T12:30:09.190875" elapsed="0.000165"/>
</kw>
<var name="${key}">login</var>
<status status="PASS" start="2024-07-15T12:30:09.189475" elapsed="0.001787"/>
</iter>
<var>${key}</var>
<value>@{expected_keys}</value>
<status status="PASS" start="2024-07-15T12:30:09.181418" elapsed="0.009966"/>
</for>
<kw name="Create List" owner="BuiltIn">
<msg time="2024-07-15T12:30:09.191744" level="INFO">${expected_keysTwo} = ['username', 'password']</msg>
<var>${expected_keysTwo}</var>
<arg>username</arg>
<arg>password</arg>
<doc>Returns a list containing given items.</doc>
<status status="PASS" start="2024-07-15T12:30:09.191601" elapsed="0.000167"/>
</kw>
<for flavor="IN">
<iter>
<kw name="Dictionary Should Contain Key" owner="Collections">
<arg>${json_data['results'][0]['login']}</arg>
<arg>${keyTwo}</arg>
<doc>Fails if ``key`` is not found from ``dictionary``.</doc>
<status status="PASS" start="2024-07-15T12:30:09.192259" elapsed="0.000379"/>
</kw>
<kw name="Dictionary Should Contain Key" owner="Collections">
<arg>${json_data['results'][0]['login']}</arg>
<arg>${keyTwo}</arg>
<doc>Fails if ``key`` is not found from ``dictionary``.</doc>
<status status="PASS" start="2024-07-15T12:30:09.192817" elapsed="0.000376"/>
</kw>
<kw name="Log" owner="BuiltIn">
<msg time="2024-07-15T12:30:09.193493" level="INFO">username</msg>
<arg>${keyTwo}</arg>
<doc>Logs the given message with the given level.</doc>
<status status="PASS" start="2024-07-15T12:30:09.193373" elapsed="0.000158"/>
</kw>
<var name="${keyTwo}">username</var>
<status status="PASS" start="2024-07-15T12:30:09.192152" elapsed="0.001598"/>
</iter>
<iter>
<kw name="Dictionary Should Contain Key" owner="Collections">
<arg>${json_data['results'][0]['login']}</arg>
<arg>${keyTwo}</arg>
<doc>Fails if ``key`` is not found from ``dictionary``.</doc>
<status status="PASS" start="2024-07-15T12:30:09.194025" elapsed="0.000430"/>
</kw>
<kw name="Dictionary Should Contain Key" owner="Collections">
<arg>${json_data['results'][0]['login']}</arg>
<arg>${keyTwo}</arg>
<doc>Fails if ``key`` is not found from ``dictionary``.</doc>
<status status="PASS" start="2024-07-15T12:30:09.194636" elapsed="0.000366"/>
</kw>
<kw name="Log" owner="BuiltIn">
<msg time="2024-07-15T12:30:09.195293" level="INFO">password</msg>
<arg>${keyTwo}</arg>
<doc>Logs the given message with the given level.</doc>
<status status="PASS" start="2024-07-15T12:30:09.195175" elapsed="0.000159"/>
</kw>
<var name="${keyTwo}">password</var>
<status status="PASS" start="2024-07-15T12:30:09.193920" elapsed="0.001725"/>
</iter>
<var>${keyTwo}</var>
<value>@{expected_keysTwo}</value>
<status status="PASS" start="2024-07-15T12:30:09.192002" elapsed="0.003763"/>
</for>
<status status="PASS" start="2024-07-15T12:30:09.130306" elapsed="0.065599"/>
</kw>
<doc>Testa a estrutura da resposta da API.</doc>
<tag>testeEstruturaResposta</tag>
<status status="PASS" start="2024-07-15T12:30:09.129486" elapsed="0.066575"/>
</test>
<test id="s1-s1-t4" name="Validar tipos de dados" line="28">
<kw name="Teste de Tipos de Dados" owner="random-user-service">
<kw name="GET On Session" owner="RequestsLibrary">
<msg time="2024-07-15T12:30:09.270944" level="INFO">GET Request : url=https://randomuser.me/api 
 path_url=/api 
 headers={'User-Agent': 'python-requests/2.32.3', 'Accept-Encoding': 'gzip, deflate', 'Accept': '*/*', 'Connection': 'keep-alive'} 
 body=None 
 </msg>
<msg time="2024-07-15T12:30:09.271040" level="INFO">GET Response : url=https://randomuser.me/api 
 status=200, reason=OK 
 headers={'Date': 'Mon, 15 Jul 2024 12:30:09 GMT', 'Content-Type': 'application/json; charset=utf-8', 'Transfer-Encoding': 'chunked', 'Connection': 'keep-alive', 'X-Powered-By': 'Express', 'Access-Control-Allow-Origin': '*', 'Cache-Control': 'no-cache', 'ETag': 'W/"4a1-SX+/sCO+kSUX9EFbTpk98Q2Uumg"', 'Vary': 'Accept-Encoding', 'Content-Encoding': 'gzip', 'CF-Cache-Status': 'DYNAMIC', 'Report-To': '{"endpoints":[{"url":"https:\\/\\/a.nel.cloudflare.com\\/report\\/v4?s=hC5tA9xW%2FIJQdwMG9LlcJFpqn8n3mHjsTWk9lD%2FCYf%2FST2Jwvbf8%2B%2FJC3SKuNQOokJnZdfD70mh3sBrXChBLV1WHWaeF8uVqWir1FnnD0OyYpR6w3gxpUtu5aDt%2Fu%2BWO"}],"group":"cf-nel","max_age":604800}', 'NEL': '{"success_fraction":0,"report_to":"cf-nel","max_age":604800}', 'Server': 'cloudflare', 'CF-RAY': '8a39c31b8d061fdc-IAD', 'alt-svc': 'h3=":443"; ma=86400'} 
 body={"results":[{"gender":"female","name":{"title":"Mrs","first":"Albane","last":"Da Silva"},"location":{"street":{"number":2271,"name":"Rue de Bonnel"},"city":"Champigny-sur-Marne","state":"Creuse","country":"France","postcode":70059,"coordinates":{"latitude":"-21.2014","longitude":"17.2158"},"timezone":{"offset":"-1:00","description":"Azores, Cape Verde Islands"}},"email":"albane.dasilva@example.com","login":{"uuid":"02563733-a0d2-4a7c-bbcf-d3b74789c0f9","username":"yellowsnake299","password":"shun","salt":"dZlNEW8Q","md5":"b062af7a7e864034ce1a06ddc244baa6","sha1":"05c27c04e834643897ca31d1925d99474a4a7616","sha256":"c42a694a85b826ab0d6b83230609e51d37f75cbe72a177fee63efc33276b043d"},"dob":{"date":"1986-05-27T01:24:01.736Z","age":38},"registered":{"date":"2011-12-23T07:27:59.532Z","age":12},"phone":"03-55-70-96-76","cell":"06-86-18-33-23","id":{"name":"INSEE","value":"2860494679975 94"},"picture":{"large":"https://randomuser.me/api/portraits/women/25.jpg","medium":"https://randomuser.me/api/portraits/med/women/25.jpg","thumbnail":"https://randomuser.me/api/portraits/thumb/women/25.jpg"},"nat":"FR"}],"info":{"seed":"050ffc6d2f285eae","results":1,"page":1,"version":"1.4"}} 
 </msg>
<msg time="2024-07-15T12:30:09.271110" level="INFO">/opt/hostedtoolcache/Python/3.12.4/x64/lib/python3.12/site-packages/urllib3/connectionpool.py:1099: InsecureRequestWarning: Unverified HTTPS request is being made to host 'randomuser.me'. Adding certificate verification is strongly advised. See: https://urllib3.readthedocs.io/en/latest/advanced-usage.html#tls-warnings
  warnings.warn(</msg>
<msg time="2024-07-15T12:30:09.271229" level="INFO">${response} = &lt;Response [200]&gt;</msg>
<var>${response}</var>
<arg>consultarAPI</arg>
<arg>/api</arg>
<doc>Sends a GET request on a previously created HTTP Session.</doc>
<status status="PASS" start="2024-07-15T12:30:09.198543" elapsed="0.072728"/>
</kw>
<kw name="Set Variable" owner="BuiltIn">
<msg time="2024-07-15T12:30:09.272375" level="INFO">${json_data} = {'results': [{'gender': 'female', 'name': {'title': 'Mrs', 'first': 'Albane', 'last': 'Da Silva'}, 'location': {'street': {'number': 2271, 'name': 'Rue de Bonnel'}, 'city': 'Champigny-sur-Marne', 'sta...</msg>
<var>${json_data}</var>
<arg>${response.json()}</arg>
<doc>Returns the given values which can then be assigned to a variables.</doc>
<status status="PASS" start="2024-07-15T12:30:09.271805" elapsed="0.000601"/>
</kw>
<kw name="Log" owner="BuiltIn">
<msg time="2024-07-15T12:30:09.272926" level="INFO">{'results': [{'gender': 'female', 'name': {'title': 'Mrs', 'first': 'Albane', 'last': 'Da Silva'}, 'location': {'street': {'number': 2271, 'name': 'Rue de Bonnel'}, 'city': 'Champigny-sur-Marne', 'state': 'Creuse', 'country': 'France', 'postcode': 70059, 'coordinates': {'latitude': '-21.2014', 'longitude': '17.2158'}, 'timezone': {'offset': '-1:00', 'description': 'Azores, Cape Verde Islands'}}, 'email': 'albane.dasilva@example.com', 'login': {'uuid': '02563733-a0d2-4a7c-bbcf-d3b74789c0f9', 'username': 'yellowsnake299', 'password': 'shun', 'salt': 'dZlNEW8Q', 'md5': 'b062af7a7e864034ce1a06ddc244baa6', 'sha1': '05c27c04e834643897ca31d1925d99474a4a7616', 'sha256': 'c42a694a85b826ab0d6b83230609e51d37f75cbe72a177fee63efc33276b043d'}, 'dob': {'date': '1986-05-27T01:24:01.736Z', 'age': 38}, 'registered': {'date': '2011-12-23T07:27:59.532Z', 'age': 12}, 'phone': '03-55-70-96-76', 'cell': '06-86-18-33-23', 'id': {'name': 'INSEE', 'value': '2860494679975 94'}, 'picture': {'large': 'https://randomuser.me/api/portraits/women/25.jpg', 'medium': 'https://randomuser.me/api/portraits/med/women/25.jpg', 'thumbnail': 'https://randomuser.me/api/portraits/thumb/women/25.jpg'}, 'nat': 'FR'}], 'info': {'seed': '050ffc6d2f285eae', 'results': 1, 'page': 1, 'version': '1.4'}}</msg>
<arg>${json_data}</arg>
<doc>Logs the given message with the given level.</doc>
<status status="PASS" start="2024-07-15T12:30:09.272759" elapsed="0.000222"/>
</kw>
<kw name="Should Be String" owner="String">
<arg>${json_data['results'][0]['gender']}</arg>
<doc>Fails if the given ``item`` is not a string.</doc>
<status status="PASS" start="2024-07-15T12:30:09.273290" elapsed="0.000382"/>
</kw>
<kw name="Should Match Regexp" owner="BuiltIn">
<arg>${json_data['results'][0]['email']}</arg>
<arg>^[a-zA-Z0-9._%+-]+@[a-zA-Z0-9.-]+\.[a-zA-Z]{2,}$</arg>
<doc>Fails if ``string`` does not match ``pattern`` as a regular expression.</doc>
<status status="PASS" start="2024-07-15T12:30:09.273908" elapsed="0.000588"/>
</kw>
<kw name="Should Match Regexp" owner="BuiltIn">
<arg>${json_data['results'][0]['dob']['date']}</arg>
<arg>\\d{4}-\\d{2}-\\d{2}T\\d{2}:\\d{2}:\\d{2}\\.\\d{3}Z</arg>
<doc>Fails if ``string`` does not match ``pattern`` as a regular expression.</doc>
<status status="PASS" start="2024-07-15T12:30:09.274706" elapsed="0.000501"/>
</kw>
<kw name="Should Match Regexp" owner="BuiltIn">
<arg>${json_data['results'][0]['registered']['date']}</arg>
<arg>\\d{4}-\\d{2}-\\d{2}T\\d{2}:\\d{2}:\\d{2}\\.\\d{3}Z</arg>
<doc>Fails if ``string`` does not match ``pattern`` as a regular expression.</doc>
<status status="PASS" start="2024-07-15T12:30:09.275404" elapsed="0.000372"/>
</kw>
<kw name="Should Match Regexp" owner="BuiltIn">
<arg>${json_data['results'][0]['picture']['large']}</arg>
<arg>^https?://.*\.(?:png|jpe?g|gif|bmp)$</arg>
<doc>Fails if ``string`` does not match ``pattern`` as a regular expression.</doc>
<status status="PASS" start="2024-07-15T12:30:09.275967" elapsed="0.000464"/>
</kw>
<kw name="Should Match Regexp" owner="BuiltIn">
<arg>${json_data['results'][0]['picture']['medium']}</arg>
<arg>^https?://.*\.(?:png|jpe?g|gif|bmp)$</arg>
<doc>Fails if ``string`` does not match ``pattern`` as a regular expression.</doc>
<status status="PASS" start="2024-07-15T12:30:09.276644" elapsed="0.000379"/>
</kw>
<kw name="Should Match Regexp" owner="BuiltIn">
<arg>${json_data['results'][0]['picture']['thumbnail']}</arg>
<arg>^https?://.*\.(?:png|jpe?g|gif|bmp)$</arg>
<doc>Fails if ``string`` does not match ``pattern`` as a regular expression.</doc>
<status status="PASS" start="2024-07-15T12:30:09.277208" elapsed="0.000349"/>
</kw>
<kw name="Log" owner="BuiltIn">
<msg time="2024-07-15T12:30:09.278071" level="INFO">{'large': 'https://randomuser.me/api/portraits/women/25.jpg', 'medium': 'https://randomuser.me/api/portraits/med/women/25.jpg', 'thumbnail': 'https://randomuser.me/api/portraits/thumb/women/25.jpg'}</msg>
<arg>${json_data['results'][0]['picture']}</arg>
<doc>Logs the given message with the given level.</doc>
<status status="PASS" start="2024-07-15T12:30:09.277740" elapsed="0.000375"/>
</kw>
<status status="PASS" start="2024-07-15T12:30:09.198315" elapsed="0.080093"/>
</kw>
<kw name="Teste de Tipos de Dados - Postcode" owner="random-user-service">
<kw name="GET On Session" owner="RequestsLibrary">
<msg time="2024-07-15T12:30:09.363498" level="INFO">GET Request : url=https://randomuser.me/api 
 path_url=/api 
 headers={'User-Agent': 'python-requests/2.32.3', 'Accept-Encoding': 'gzip, deflate', 'Accept': '*/*', 'Connection': 'keep-alive'} 
 body=None 
 </msg>
<msg time="2024-07-15T12:30:09.363609" level="INFO">GET Response : url=https://randomuser.me/api 
 status=200, reason=OK 
 headers={'Date': 'Mon, 15 Jul 2024 12:30:09 GMT', 'Content-Type': 'application/json; charset=utf-8', 'Transfer-Encoding': 'chunked', 'Connection': 'keep-alive', 'X-Powered-By': 'Express', 'Access-Control-Allow-Origin': '*', 'Cache-Control': 'no-cache', 'ETag': 'W/"489-gwfDOgJFVv4JSYQZQBfaMrnVceQ"', 'Vary': 'Accept-Encoding', 'Content-Encoding': 'gzip', 'CF-Cache-Status': 'DYNAMIC', 'Report-To': '{"endpoints":[{"url":"https:\\/\\/a.nel.cloudflare.com\\/report\\/v4?s=I5Elg04TpImFns4lfp%2BTPg7RKohGSpQfhPa1E3sw1lzV0NajpdB11oEh8af3uCG7i%2FDoBCz%2BlumujfWaj42JnsK5fmONDGqu9%2BTbow8RaksSJULZxLMJg6Qrc%2FSmDZEa"}],"group":"cf-nel","max_age":604800}', 'NEL': '{"success_fraction":0,"report_to":"cf-nel","max_age":604800}', 'Server': 'cloudflare', 'CF-RAY': '8a39c31c0d671fdc-IAD', 'alt-svc': 'h3=":443"; ma=86400'} 
 body={"results":[{"gender":"male","name":{"title":"Mr","first":"Samu","last":"Karvonen"},"location":{"street":{"number":2718,"name":"Reijolankatu"},"city":"Merikarvia","state":"Northern Ostrobothnia","country":"Finland","postcode":83942,"coordinates":{"latitude":"-23.7814","longitude":"-104.5152"},"timezone":{"offset":"-9:00","description":"Alaska"}},"email":"samu.karvonen@example.com","login":{"uuid":"d424a86d-c348-4061-83d3-6d16731b9cf3","username":"ticklishduck470","password":"chrysler","salt":"VmtFcxhW","md5":"cc22ae813d3fd67584e318c5a270d993","sha1":"df927881a7301fff46fd887994976f1b546d7912","sha256":"8654293e9013a08f444c5ec8945a7661d27fb89ea4a7e7f04f935af74771bfeb"},"dob":{"date":"1991-11-21T20:05:54.761Z","age":32},"registered":{"date":"2004-03-07T01:32:34.609Z","age":20},"phone":"05-207-579","cell":"041-883-87-33","id":{"name":"HETU","value":"NaNNA721undefined"},"picture":{"large":"https://randomuser.me/api/portraits/men/42.jpg","medium":"https://randomuser.me/api/portraits/med/men/42.jpg","thumbnail":"https://randomuser.me/api/portraits/thumb/men/42.jpg"},"nat":"FI"}],"info":{"seed":"6c59c22c33ac63fd","results":1,"page":1,"version":"1.4"}} 
 </msg>
<msg time="2024-07-15T12:30:09.363689" level="INFO">/opt/hostedtoolcache/Python/3.12.4/x64/lib/python3.12/site-packages/urllib3/connectionpool.py:1099: InsecureRequestWarning: Unverified HTTPS request is being made to host 'randomuser.me'. Adding certificate verification is strongly advised. See: https://urllib3.readthedocs.io/en/latest/advanced-usage.html#tls-warnings
  warnings.warn(</msg>
<msg time="2024-07-15T12:30:09.363824" level="INFO">${response} = &lt;Response [200]&gt;</msg>
<var>${response}</var>
<arg>consultarAPI</arg>
<arg>/api</arg>
<doc>Sends a GET request on a previously created HTTP Session.</doc>
<status status="PASS" start="2024-07-15T12:30:09.278873" elapsed="0.084998"/>
</kw>
<kw name="Set Variable" owner="BuiltIn">
<msg time="2024-07-15T12:30:09.364959" level="INFO">${json_data} = {'results': [{'gender': 'male', 'name': {'title': 'Mr', 'first': 'Samu', 'last': 'Karvonen'}, 'location': {'street': {'number': 2718, 'name': 'Reijolankatu'}, 'city': 'Merikarvia', 'state': 'Northern ...</msg>
<var>${json_data}</var>
<arg>${response.json()}</arg>
<doc>Returns the given values which can then be assigned to a variables.</doc>
<status status="PASS" start="2024-07-15T12:30:09.364431" elapsed="0.000557"/>
</kw>
<kw name="Log" owner="BuiltIn">
<msg time="2024-07-15T12:30:09.365507" level="INFO">{'results': [{'gender': 'male', 'name': {'title': 'Mr', 'first': 'Samu', 'last': 'Karvonen'}, 'location': {'street': {'number': 2718, 'name': 'Reijolankatu'}, 'city': 'Merikarvia', 'state': 'Northern Ostrobothnia', 'country': 'Finland', 'postcode': 83942, 'coordinates': {'latitude': '-23.7814', 'longitude': '-104.5152'}, 'timezone': {'offset': '-9:00', 'description': 'Alaska'}}, 'email': 'samu.karvonen@example.com', 'login': {'uuid': 'd424a86d-c348-4061-83d3-6d16731b9cf3', 'username': 'ticklishduck470', 'password': 'chrysler', 'salt': 'VmtFcxhW', 'md5': 'cc22ae813d3fd67584e318c5a270d993', 'sha1': 'df927881a7301fff46fd887994976f1b546d7912', 'sha256': '8654293e9013a08f444c5ec8945a7661d27fb89ea4a7e7f04f935af74771bfeb'}, 'dob': {'date': '1991-11-21T20:05:54.761Z', 'age': 32}, 'registered': {'date': '2004-03-07T01:32:34.609Z', 'age': 20}, 'phone': '05-207-579', 'cell': '041-883-87-33', 'id': {'name': 'HETU', 'value': 'NaNNA721undefined'}, 'picture': {'large': 'https://randomuser.me/api/portraits/men/42.jpg', 'medium': 'https://randomuser.me/api/portraits/med/men/42.jpg', 'thumbnail': 'https://randomuser.me/api/portraits/thumb/men/42.jpg'}, 'nat': 'FI'}], 'info': {'seed': '6c59c22c33ac63fd', 'results': 1, 'page': 1, 'version': '1.4'}}</msg>
<arg>${json_data}</arg>
<doc>Logs the given message with the given level.</doc>
<status status="PASS" start="2024-07-15T12:30:09.365336" elapsed="0.000222"/>
</kw>
<kw name="Should Be Equal As Numbers" owner="BuiltIn">
<arg>${json_data['results'][0]['location']['postcode']}</arg>
<arg>${json_data['results'][0]['location']['postcode']}</arg>
<doc>Fails if objects are unequal after converting them to real numbers.</doc>
<status status="PASS" start="2024-07-15T12:30:09.365863" elapsed="0.000710"/>
</kw>
<kw name="Log" owner="BuiltIn">
<msg time="2024-07-15T12:30:09.367339" level="INFO">83942</msg>
<arg>${json_data['results'][0]['location']['postcode']}</arg>
<doc>Logs the given message with the given level.</doc>
<status status="PASS" start="2024-07-15T12:30:09.366811" elapsed="0.000571"/>
</kw>
<status status="PASS" start="2024-07-15T12:30:09.278642" elapsed="0.089007"/>
</kw>
<doc>Testa se os tipos de dados na resposta da API estão corretos.</doc>
<tag>testeTiposDados</tag>
<status status="PASS" start="2024-07-15T12:30:09.197823" elapsed="0.169993"/>
</test>
<test id="s1-s1-t5" name="Validar conteudo" line="35">
<kw name="Teste de Tipos de Conteudo" owner="random-user-service">
<kw name="GET On Session" owner="RequestsLibrary">
<msg time="2024-07-15T12:30:09.479128" level="INFO">GET Request : url=https://randomuser.me/api 
 path_url=/api 
 headers={'User-Agent': 'python-requests/2.32.3', 'Accept-Encoding': 'gzip, deflate', 'Accept': '*/*', 'Connection': 'keep-alive'} 
 body=None 
 </msg>
<msg time="2024-07-15T12:30:09.479236" level="INFO">GET Response : url=https://randomuser.me/api 
 status=200, reason=OK 
 headers={'Date': 'Mon, 15 Jul 2024 12:30:09 GMT', 'Content-Type': 'application/json; charset=utf-8', 'Transfer-Encoding': 'chunked', 'Connection': 'keep-alive', 'X-Powered-By': 'Express', 'Access-Control-Allow-Origin': '*', 'Cache-Control': 'no-cache', 'ETag': 'W/"47b-IIgnJFp3SqlqSmB5+mzd3lgFER4"', 'Vary': 'Accept-Encoding', 'Content-Encoding': 'gzip', 'CF-Cache-Status': 'DYNAMIC', 'Report-To': '{"endpoints":[{"url":"https:\\/\\/a.nel.cloudflare.com\\/report\\/v4?s=2HzgH%2BFDVOUj77yJnizdwlgoHRhVLP8IJs8TKV0FUwe8LEbK3xg8ftWsM9pIAhcSCaMhauOq8gom2T4%2FkKJ7Vmv%2FUtHIO0rXy%2FbWby8P%2FIg8KVAIz7ps16ELXazIYeWj"}],"group":"cf-nel","max_age":604800}', 'NEL': '{"success_fraction":0,"report_to":"cf-nel","max_age":604800}', 'Server': 'cloudflare', 'CF-RAY': '8a39c31c9e001fdc-IAD', 'alt-svc': 'h3=":443"; ma=86400'} 
 body={"results":[{"gender":"female","name":{"title":"Mrs","first":"Shubhangi","last":"Babu"},"location":{"street":{"number":8964,"name":"Vellala St"},"city":"Tenali","state":"Odisha","country":"India","postcode":94977,"coordinates":{"latitude":"12.1313","longitude":"63.4119"},"timezone":{"offset":"-11:00","description":"Midway Island, Samoa"}},"email":"shubhangi.babu@example.com","login":{"uuid":"c190efeb-f64a-42ec-9724-b45ffb19e171","username":"brownpanda326","password":"bite","salt":"BqPi3XJE","md5":"8e2fc15c39fdf74a4ee7833e79023302","sha1":"a40a320e84b094c260941eb9288c1cbeea94698c","sha256":"9bab5c84e66a7a25809a70c433107216287043586a969d699150999472e05fb0"},"dob":{"date":"1965-09-25T16:43:31.509Z","age":58},"registered":{"date":"2022-05-17T10:54:54.321Z","age":2},"phone":"9069040774","cell":"8225084130","id":{"name":"UIDAI","value":"571722088578"},"picture":{"large":"https://randomuser.me/api/portraits/women/96.jpg","medium":"https://randomuser.me/api/portraits/med/women/96.jpg","thumbnail":"https://randomuser.me/api/portraits/thumb/women/96.jpg"},"nat":"IN"}],"info":{"seed":"d5da08452ac47f7b","results":1,"page":1,"version":"1.4"}} 
 </msg>
<msg time="2024-07-15T12:30:09.479316" level="INFO">/opt/hostedtoolcache/Python/3.12.4/x64/lib/python3.12/site-packages/urllib3/connectionpool.py:1099: InsecureRequestWarning: Unverified HTTPS request is being made to host 'randomuser.me'. Adding certificate verification is strongly advised. See: https://urllib3.readthedocs.io/en/latest/advanced-usage.html#tls-warnings
  warnings.warn(</msg>
<msg time="2024-07-15T12:30:09.479436" level="INFO">${response} = &lt;Response [200]&gt;</msg>
<var>${response}</var>
<arg>consultarAPI</arg>
<arg>/api</arg>
<doc>Sends a GET request on a previously created HTTP Session.</doc>
<status status="PASS" start="2024-07-15T12:30:09.370825" elapsed="0.108642"/>
</kw>
<kw name="Set Variable" owner="BuiltIn">
<msg time="2024-07-15T12:30:09.480531" level="INFO">${json_data} = {'results': [{'gender': 'female', 'name': {'title': 'Mrs', 'first': 'Shubhangi', 'last': 'Babu'}, 'location': {'street': {'number': 8964, 'name': 'Vellala St'}, 'city': 'Tenali', 'state': 'Odisha', 'c...</msg>
<var>${json_data}</var>
<arg>${response.json()}</arg>
<doc>Returns the given values which can then be assigned to a variables.</doc>
<status status="PASS" start="2024-07-15T12:30:09.480011" elapsed="0.000549"/>
</kw>
<kw name="Set Variable" owner="BuiltIn">
<msg time="2024-07-15T12:30:09.481257" level="INFO">${name_title} = Mrs</msg>
<var>${name_title}</var>
<arg>${json_data["results"][0]["name"]["title"]}</arg>
<doc>Returns the given values which can then be assigned to a variables.</doc>
<status status="PASS" start="2024-07-15T12:30:09.480866" elapsed="0.000417"/>
</kw>
<kw name="Create List" owner="BuiltIn">
<msg time="2024-07-15T12:30:09.481724" level="INFO">${allowed_titles} = ['Mr', 'Ms', 'Miss', 'Mrs', 'Madame', 'Monsieur']</msg>
<var>${allowed_titles}</var>
<arg>Mr</arg>
<arg>Ms</arg>
<arg>Miss</arg>
<arg>Mrs</arg>
<arg>Madame</arg>
<arg>Monsieur</arg>
<doc>Returns a list containing given items.</doc>
<status status="PASS" start="2024-07-15T12:30:09.481578" elapsed="0.000170"/>
</kw>
<kw name="List Should Contain Value" owner="Collections">
<arg>${allowed_titles}</arg>
<arg>${name_title}</arg>
<doc>Fails if the ``value`` is not found from ``list``.</doc>
<status status="PASS" start="2024-07-15T12:30:09.482041" elapsed="0.000240"/>
</kw>
<kw name="Set Variable" owner="BuiltIn">
<msg time="2024-07-15T12:30:09.482834" level="INFO">${name_country} = IN</msg>
<var>${name_country}</var>
<arg>${json_data["results"][0]["nat"]}</arg>
<doc>Returns the given values which can then be assigned to a variables.</doc>
<status status="PASS" start="2024-07-15T12:30:09.482469" elapsed="0.000390"/>
</kw>
<kw name="Create List" owner="BuiltIn">
<msg time="2024-07-15T12:30:09.483745" level="INFO">${list_country} = ['AD', 'AE', 'AF', 'AG', 'AI', 'AL', 'AM', 'AO', 'AQ', 'AR', 'AS', 'AT', 'AU', 'AW', 'AX', 'AZ', 'BA', 'BB', 'BD', 'BE', 'BF', 'BG', 'BH', 'BI', 'BJ', 'BL', 'BM', 'BN', 'BO', 'BQ', 'BR', 'BS', 'BT', '...</msg>
<var>${list_country}</var>
<arg>AD</arg>
<arg>AE</arg>
<arg>AF</arg>
<arg>AG</arg>
<arg>AI</arg>
<arg>AL</arg>
<arg>AM</arg>
<arg>AO</arg>
<arg>AQ</arg>
<arg>AR</arg>
<arg>AS</arg>
<arg>AT</arg>
<arg>AU</arg>
<arg>AW</arg>
<arg>AX</arg>
<arg>AZ</arg>
<arg>BA</arg>
<arg>BB</arg>
<arg>BD</arg>
<arg>BE</arg>
<arg>BF</arg>
<arg>BG</arg>
<arg>BH</arg>
<arg>BI</arg>
<arg>BJ</arg>
<arg>BL</arg>
<arg>BM</arg>
<arg>BN</arg>
<arg>BO</arg>
<arg>BQ</arg>
<arg>BR</arg>
<arg>BS</arg>
<arg>BT</arg>
<arg>BV</arg>
<arg>BW</arg>
<arg>BY</arg>
<arg>BZ</arg>
<arg>CA</arg>
<arg>CC</arg>
<arg>CD</arg>
<arg>CF</arg>
<arg>CG</arg>
<arg>CH</arg>
<arg>CI</arg>
<arg>CK</arg>
<arg>CL</arg>
<arg>CM</arg>
<arg>CN</arg>
<arg>CO</arg>
<arg>CR</arg>
<arg>CU</arg>
<arg>CV</arg>
<arg>CW</arg>
<arg>CX</arg>
<arg>CY</arg>
<arg>CZ</arg>
<arg>DE</arg>
<arg>DJ</arg>
<arg>DK</arg>
<arg>DM</arg>
<arg>DO</arg>
<arg>DZ</arg>
<arg>EC</arg>
<arg>EE</arg>
<arg>EG</arg>
<arg>EH</arg>
<arg>ER</arg>
<arg>ES</arg>
<arg>ET</arg>
<arg>FI</arg>
<arg>FJ</arg>
<arg>FK</arg>
<arg>FM</arg>
<arg>FO</arg>
<arg>FR</arg>
<arg>GA</arg>
<arg>GB</arg>
<arg>GD</arg>
<arg>GE</arg>
<arg>GF</arg>
<arg>GG</arg>
<arg>GH</arg>
<arg>GI</arg>
<arg>GL</arg>
<arg>GM</arg>
<arg>GN</arg>
<arg>GP</arg>
<arg>GQ</arg>
<arg>GR</arg>
<arg>GS</arg>
<arg>GT</arg>
<arg>GU</arg>
<arg>GW</arg>
<arg>GY</arg>
<arg>HK</arg>
<arg>HM</arg>
<arg>HN</arg>
<arg>HR</arg>
<arg>HT</arg>
<arg>HU</arg>
<arg>ID</arg>
<arg>IE</arg>
<arg>IL</arg>
<arg>IM</arg>
<arg>IN</arg>
<arg>IO</arg>
<arg>IQ</arg>
<arg>IR</arg>
<arg>IS</arg>
<arg>IT</arg>
<arg>JE</arg>
<arg>JM</arg>
<arg>JO</arg>
<arg>JP</arg>
<arg>KE</arg>
<arg>KG</arg>
<arg>KH</arg>
<arg>KI</arg>
<arg>KM</arg>
<arg>KN</arg>
<arg>KP</arg>
<arg>KR</arg>
<arg>KW</arg>
<arg>KY</arg>
<arg>KZ</arg>
<arg>LA</arg>
<arg>LB</arg>
<arg>LC</arg>
<arg>LI</arg>
<arg>LK</arg>
<arg>LR</arg>
<arg>LS</arg>
<arg>LT</arg>
<arg>LU</arg>
<arg>LV</arg>
<arg>LY</arg>
<arg>MA</arg>
<arg>MC</arg>
<arg>MD</arg>
<arg>ME</arg>
<arg>MF</arg>
<arg>MG</arg>
<arg>MH</arg>
<arg>MK</arg>
<arg>ML</arg>
<arg>MM</arg>
<arg>MN</arg>
<arg>MO</arg>
<arg>MP</arg>
<arg>MQ</arg>
<arg>MR</arg>
<arg>MS</arg>
<arg>MT</arg>
<arg>MU</arg>
<arg>MV</arg>
<arg>MW</arg>
<arg>MX</arg>
<arg>MY</arg>
<arg>MZ</arg>
<arg>NA</arg>
<arg>NC</arg>
<arg>NE</arg>
<arg>NF</arg>
<arg>NG</arg>
<arg>NI</arg>
<arg>NL</arg>
<arg>NO</arg>
<arg>NP</arg>
<arg>NR</arg>
<arg>NU</arg>
<arg>NZ</arg>
<arg>OM</arg>
<arg>PA</arg>
<arg>PE</arg>
<arg>PF</arg>
<arg>PG</arg>
<arg>PH</arg>
<arg>PK</arg>
<arg>PL</arg>
<arg>PM</arg>
<arg>PN</arg>
<arg>PR</arg>
<arg>PS</arg>
<arg>PT</arg>
<arg>PW</arg>
<arg>PY</arg>
<arg>QA</arg>
<arg>RE</arg>
<arg>RO</arg>
<arg>RS</arg>
<arg>RU</arg>
<arg>RW</arg>
<arg>SA</arg>
<arg>SB</arg>
<arg>SC</arg>
<arg>SD</arg>
<arg>SE</arg>
<arg>SG</arg>
<arg>SH</arg>
<arg>SI</arg>
<arg>SJ</arg>
<arg>SK</arg>
<arg>SL</arg>
<arg>SM</arg>
<arg>SN</arg>
<arg>SO</arg>
<arg>SR</arg>
<arg>SS</arg>
<arg>ST</arg>
<arg>SV</arg>
<arg>SX</arg>
<arg>SY</arg>
<arg>SZ</arg>
<arg>TC</arg>
<arg>TD</arg>
<arg>TF</arg>
<arg>TG</arg>
<arg>TH</arg>
<arg>TJ</arg>
<arg>TK</arg>
<arg>TL</arg>
<arg>TM</arg>
<arg>TN</arg>
<arg>TO</arg>
<arg>TR</arg>
<arg>TT</arg>
<arg>TV</arg>
<arg>TW</arg>
<arg>TZ</arg>
<arg>UA</arg>
<arg>UG</arg>
<arg>UM</arg>
<arg>US</arg>
<arg>UY</arg>
<arg>UZ</arg>
<arg>VA</arg>
<arg>VC</arg>
<arg>VE</arg>
<arg>VG</arg>
<arg>VI</arg>
<arg>VN</arg>
<arg>VU</arg>
<arg>WF</arg>
<arg>WS</arg>
<arg>XK</arg>
<arg>YE</arg>
<arg>YT</arg>
<arg>ZA</arg>
<arg>ZM</arg>
<arg>ZW</arg>
<doc>Returns a list containing given items.</doc>
<status status="PASS" start="2024-07-15T12:30:09.483152" elapsed="0.000619"/>
</kw>
<kw name="List Should Contain Value" owner="Collections">
<arg>${list_country}</arg>
<arg>${name_country}</arg>
<doc>Fails if the ``value`` is not found from ``list``.</doc>
<status status="PASS" start="2024-07-15T12:30:09.484566" elapsed="0.000200"/>
</kw>
<kw name="Run Keyword If" owner="BuiltIn">
<kw name="Should Be True" owner="BuiltIn">
<arg>${True}</arg>
<doc>Fails if the given condition is not true.</doc>
<status status="PASS" start="2024-07-15T12:30:09.485706" elapsed="0.000141"/>
</kw>
<arg>${json_data["results"][0]["location"]["coordinates"]["latitude"]} &gt;= -90 and ${json_data["results"][0]["location"]["coordinates"]["latitude"]} &lt;= 90</arg>
<arg>Should Be True</arg>
<arg>${True}</arg>
<doc>Runs the given keyword with the given arguments, if ``condition`` is true.</doc>
<status status="PASS" start="2024-07-15T12:30:09.484967" elapsed="0.001005"/>
</kw>
<kw name="Run Keyword If" owner="BuiltIn">
<kw name="Should Be True" owner="BuiltIn">
<arg>${True}</arg>
<doc>Fails if the given condition is not true.</doc>
<status status="PASS" start="2024-07-15T12:30:09.486882" elapsed="0.000248"/>
</kw>
<arg>${json_data["results"][0]["location"]["coordinates"]["longitude"]} &gt;= -180 and ${json_data["results"][0]["location"]["coordinates"]["longitude"]} &lt;= 180</arg>
<arg>Should Be True</arg>
<arg>${True}</arg>
<doc>Runs the given keyword with the given arguments, if ``condition`` is true.</doc>
<status status="PASS" start="2024-07-15T12:30:09.486155" elapsed="0.001105"/>
</kw>
<status status="PASS" start="2024-07-15T12:30:09.370443" elapsed="0.116953"/>
</kw>
<doc>Testa o conteúdo específico dos campos retornados pela API.</doc>
<tag>testeConteudo</tag>
<status status="PASS" start="2024-07-15T12:30:09.369703" elapsed="0.117847"/>
</test>
<status status="PASS" start="2024-07-15T12:30:08.449076" elapsed="1.040422"/>
</suite>
<status status="PASS" start="2024-07-15T12:30:08.434739" elapsed="1.059807"/>
</suite>
<statistics>
<total>
<stat pass="5" fail="0" skip="0">All Tests</stat>
</total>
<tag>
<stat pass="1" fail="0" skip="0">testeConteudo</stat>
<stat pass="1" fail="0" skip="0">testeEstruturaResposta</stat>
<stat pass="1" fail="0" skip="0">testeRequisicaoBasica</stat>
<stat pass="1" fail="0" skip="0">testeTiposDados</stat>
</tag>
<suite>
<stat pass="5" fail="0" skip="0" id="s1" name="Tests">Tests</stat>
<stat pass="5" fail="0" skip="0" id="s1-s1" name="Random-User-Test">Tests.Random-User-Test</stat>
</suite>
</statistics>
<errors>
</errors>
</robot>
