<?xml version="1.0" encoding="UTF-8"?>
<robot generator="Robot 7.0.1 (Python 3.12.4 on linux)" generated="2024-08-09T11:13:28.857740" rpa="false" schemaversion="5">
<suite id="s1" name="Tests" source="/home/runner/work/ApiRandomUser/ApiRandomUser/RamdonUser/tests">
<suite id="s1-s1" name="Random-User-Test" source="/home/runner/work/ApiRandomUser/ApiRandomUser/RamdonUser/tests/random-user-test.robot">
<test id="s1-s1-t1" name="Conectar" line="13">
<kw name="Conectar API" owner="random-user-service">
<kw name="Create Session" owner="RequestsLibrary">
<msg time="2024-08-09T11:13:29.278203" level="INFO">Creating Session using : alias=consultarAPI, url=https://randomuser.me/, headers={},                     cookies={}, auth=None, timeout=None, proxies=None, verify=False,                     debug=0 </msg>
<arg>consultarAPI</arg>
<arg>${URL}</arg>
<doc>Create Session: create a HTTP session to a server</doc>
<status status="PASS" start="2024-08-09T11:13:29.278009" elapsed="0.000365"/>
</kw>
<status status="PASS" start="2024-08-09T11:13:29.276978" elapsed="0.001750"/>
</kw>
<status status="PASS" start="2024-08-09T11:13:29.276411" elapsed="0.002506"/>
</test>
<test id="s1-s1-t2" name="Validar retorno 200 e JSON Válido" line="16">
<kw name="Teste de Requisicao Basica" owner="random-user-service">
<kw name="GET On Session" owner="RequestsLibrary">
<msg time="2024-08-09T11:13:29.516380" level="INFO">GET Request : url=https://randomuser.me/api 
 path_url=/api 
 headers={'User-Agent': 'python-requests/2.32.3', 'Accept-Encoding': 'gzip, deflate', 'Accept': '*/*', 'Connection': 'keep-alive'} 
 body=None 
 </msg>
<msg time="2024-08-09T11:13:29.516522" level="INFO">GET Response : url=https://randomuser.me/api 
 status=200, reason=OK 
 headers={'Date': 'Fri, 09 Aug 2024 11:13:29 GMT', 'Content-Type': 'application/json; charset=utf-8', 'Transfer-Encoding': 'chunked', 'Connection': 'keep-alive', 'X-Powered-By': 'Express', 'Access-Control-Allow-Origin': '*', 'Cache-Control': 'no-cache', 'ETag': 'W/"47c-3omoZX5EEGQ2gS7o3woy4RxTK2g"', 'Vary': 'Accept-Encoding', 'Content-Encoding': 'gzip', 'CF-Cache-Status': 'DYNAMIC', 'Report-To': '{"endpoints":[{"url":"https:\\/\\/a.nel.cloudflare.com\\/report\\/v4?s=xFQ%2FBU8hmmb29uLz%2FwAb76KsKUfzpTwUmH2uAaZkeqU1bdScxd00AeYTAZRHu%2Fmtp%2B3egVe3BD%2BeF2DVdl4%2BEK3liYgeWU4wmWNban48q7g7Vm0%2F2K5gFgC0GODtAp9d"}],"group":"cf-nel","max_age":604800}', 'NEL': '{"success_fraction":0,"report_to":"cf-nel","max_age":604800}', 'Server': 'cloudflare', 'CF-RAY': '8b07512f2db4c9a7-IAD', 'alt-svc': 'h3=":443"; ma=86400'} 
 body={"results":[{"gender":"male","name":{"title":"Mr","first":"Dorian","last":"Leroux"},"location":{"street":{"number":5646,"name":"Place de L'Église"},"city":"Montpellier","state":"Ain","country":"France","postcode":25478,"coordinates":{"latitude":"-14.1702","longitude":"-91.6384"},"timezone":{"offset":"+3:30","description":"Tehran"}},"email":"dorian.leroux@example.com","login":{"uuid":"39993802-485d-45b1-a300-348452ea1753","username":"angrybird315","password":"claire","salt":"pGuYtTeN","md5":"27d77fce2d75cccd5f5ac1ebf431e177","sha1":"c27699459ddd87ebc7755b96ae85859f07fa8669","sha256":"5ac51b35cdea02afd878d550b8765430aff6ea36e2726eb044761a0267d65754"},"dob":{"date":"1959-12-10T17:06:56.097Z","age":64},"registered":{"date":"2013-03-22T00:35:14.450Z","age":11},"phone":"02-18-60-43-21","cell":"06-16-21-85-95","id":{"name":"INSEE","value":"1591197815404 26"},"picture":{"large":"https://randomuser.me/api/portraits/men/25.jpg","medium":"https://randomuser.me/api/portraits/med/men/25.jpg","thumbnail":"https://randomuser.me/api/portraits/thumb/men/25.jpg"},"nat":"FR"}],"info":{"seed":"4383d0b91d00f2a8","results":1,"page":1,"version":"1.4"}} 
 </msg>
<msg time="2024-08-09T11:13:29.516601" level="INFO">/opt/hostedtoolcache/Python/3.12.4/x64/lib/python3.12/site-packages/urllib3/connectionpool.py:1099: InsecureRequestWarning: Unverified HTTPS request is being made to host 'randomuser.me'. Adding certificate verification is strongly advised. See: https://urllib3.readthedocs.io/en/latest/advanced-usage.html#tls-warnings
  warnings.warn(</msg>
<msg time="2024-08-09T11:13:29.516740" level="INFO">${response} = &lt;Response [200]&gt;</msg>
<var>${response}</var>
<arg>consultarAPI</arg>
<arg>/api</arg>
<doc>Sends a GET request on a previously created HTTP Session.</doc>
<status status="PASS" start="2024-08-09T11:13:29.281644" elapsed="0.235131"/>
</kw>
<kw name="Should Be Equal As Numbers" owner="BuiltIn">
<msg time="2024-08-09T11:13:29.517710" level="INFO">Argument types are:
&lt;class 'int'&gt;
&lt;class 'str'&gt;</msg>
<arg>${response.status_code}</arg>
<arg>200</arg>
<doc>Fails if objects are unequal after converting them to real numbers.</doc>
<status status="PASS" start="2024-08-09T11:13:29.517260" elapsed="0.000513"/>
</kw>
<kw name="Log" owner="BuiltIn">
<msg time="2024-08-09T11:13:29.518428" level="INFO">200</msg>
<arg>${response.status_code}</arg>
<doc>Logs the given message with the given level.</doc>
<status status="PASS" start="2024-08-09T11:13:29.518077" elapsed="0.000393"/>
</kw>
<kw name="Set Variable" owner="BuiltIn">
<msg time="2024-08-09T11:13:29.519240" level="INFO">${json_data} = {'results': [{'gender': 'male', 'name': {'title': 'Mr', 'first': 'Dorian', 'last': 'Leroux'}, 'location': {'street': {'number': 5646, 'name': "Place de L'Église"}, 'city': 'Montpellier', 'state': 'Ain...</msg>
<var>${json_data}</var>
<arg>${response.json()}</arg>
<doc>Returns the given values which can then be assigned to a variables.</doc>
<status status="PASS" start="2024-08-09T11:13:29.518766" elapsed="0.000504"/>
</kw>
<kw name="Dictionary Should Contain Key" owner="Collections">
<arg>${json_data}</arg>
<arg>results</arg>
<doc>Fails if ``key`` is not found from ``dictionary``.</doc>
<status status="PASS" start="2024-08-09T11:13:29.519584" elapsed="0.000329"/>
</kw>
<status status="PASS" start="2024-08-09T11:13:29.281378" elapsed="0.238694"/>
</kw>
<doc>Testa se a API responde corretamente e retorna um objeto JSON válido.</doc>
<tag>testeRequisicaoBasica</tag>
<status status="PASS" start="2024-08-09T11:13:29.280925" elapsed="0.239319"/>
</test>
<test id="s1-s1-t3" name="Validar estrutura de resposta" line="22">
<kw name="Teste de Estrutura de Resposta" owner="random-user-service">
<kw name="GET On Session" owner="RequestsLibrary">
<msg time="2024-08-09T11:13:29.611087" level="INFO">GET Request : url=https://randomuser.me/api 
 path_url=/api 
 headers={'User-Agent': 'python-requests/2.32.3', 'Accept-Encoding': 'gzip, deflate', 'Accept': '*/*', 'Connection': 'keep-alive'} 
 body=None 
 </msg>
<msg time="2024-08-09T11:13:29.611211" level="INFO">GET Response : url=https://randomuser.me/api 
 status=200, reason=OK 
 headers={'Date': 'Fri, 09 Aug 2024 11:13:29 GMT', 'Content-Type': 'application/json; charset=utf-8', 'Transfer-Encoding': 'chunked', 'Connection': 'keep-alive', 'X-Powered-By': 'Express', 'Access-Control-Allow-Origin': '*', 'Cache-Control': 'no-cache', 'ETag': 'W/"48d-b4+qqSwbYgAiIbcJYiOxpFhCaVU"', 'Vary': 'Accept-Encoding', 'Content-Encoding': 'gzip', 'CF-Cache-Status': 'DYNAMIC', 'Report-To': '{"endpoints":[{"url":"https:\\/\\/a.nel.cloudflare.com\\/report\\/v4?s=%2F8x9odNEOhH5Ief2A9pQ5RoRqJmF3dgy7DsFcKEKhxCqJrjbrHSyIRlq4Caglc0088N486R2hnFv4dt6Jny1lutkvHM8nzo2cDEoJwJF2LmFWF%2Fbsd4Kh4Unv5di%2Bu7g"}],"group":"cf-nel","max_age":604800}', 'NEL': '{"success_fraction":0,"report_to":"cf-nel","max_age":604800}', 'Server': 'cloudflare', 'CF-RAY': '8b07512f8e7ac9a7-IAD', 'alt-svc': 'h3=":443"; ma=86400'} 
 body={"results":[{"gender":"female","name":{"title":"Mrs","first":"Milena","last":"Tasić"},"location":{"street":{"number":2308,"name":"Kotlinska"},"city":"Smederevska Palanka","state":"Peć","country":"Serbia","postcode":63112,"coordinates":{"latitude":"63.8632","longitude":"41.8990"},"timezone":{"offset":"-1:00","description":"Azores, Cape Verde Islands"}},"email":"milena.tasic@example.com","login":{"uuid":"8c7636c7-99a6-4dd6-93c4-9327d020bcaa","username":"crazymeercat278","password":"russell","salt":"KQy2YBuo","md5":"59f48cf49d2790e45d0802fb70f3a22a","sha1":"776f884ef2f418f3e69e44e090dd30f04c6f01fb","sha256":"706a996f55d8b0bd87143abadfd16f157c6c52cdd5d9ba171bae6f237fbd536c"},"dob":{"date":"1952-06-01T17:17:36.572Z","age":72},"registered":{"date":"2012-01-11T00:41:46.346Z","age":12},"phone":"011-0776-624","cell":"062-7070-859","id":{"name":"SID","value":"017251370"},"picture":{"large":"https://randomuser.me/api/portraits/women/84.jpg","medium":"https://randomuser.me/api/portraits/med/women/84.jpg","thumbnail":"https://randomuser.me/api/portraits/thumb/women/84.jpg"},"nat":"RS"}],"info":{"seed":"6e9d5a2455066263","results":1,"page":1,"version":"1.4"}} 
 </msg>
<msg time="2024-08-09T11:13:29.611344" level="INFO">/opt/hostedtoolcache/Python/3.12.4/x64/lib/python3.12/site-packages/urllib3/connectionpool.py:1099: InsecureRequestWarning: Unverified HTTPS request is being made to host 'randomuser.me'. Adding certificate verification is strongly advised. See: https://urllib3.readthedocs.io/en/latest/advanced-usage.html#tls-warnings
  warnings.warn(</msg>
<msg time="2024-08-09T11:13:29.611456" level="INFO">${response} = &lt;Response [200]&gt;</msg>
<var>${response}</var>
<arg>consultarAPI</arg>
<arg>/api</arg>
<doc>Sends a GET request on a previously created HTTP Session.</doc>
<status status="PASS" start="2024-08-09T11:13:29.523173" elapsed="0.088318"/>
</kw>
<kw name="Set Variable" owner="BuiltIn">
<msg time="2024-08-09T11:13:29.612351" level="INFO">${json_data} = {'results': [{'gender': 'female', 'name': {'title': 'Mrs', 'first': 'Milena', 'last': 'Tasić'}, 'location': {'street': {'number': 2308, 'name': 'Kotlinska'}, 'city': 'Smederevska Palanka', 'state': 'P...</msg>
<var>${json_data}</var>
<arg>${response.json()}</arg>
<doc>Returns the given values which can then be assigned to a variables.</doc>
<status status="PASS" start="2024-08-09T11:13:29.611873" elapsed="0.000508"/>
</kw>
<kw name="Log" owner="BuiltIn">
<msg time="2024-08-09T11:13:29.612840" level="INFO">{'results': [{'gender': 'female', 'name': {'title': 'Mrs', 'first': 'Milena', 'last': 'Tasić'}, 'location': {'street': {'number': 2308, 'name': 'Kotlinska'}, 'city': 'Smederevska Palanka', 'state': 'Peć', 'country': 'Serbia', 'postcode': 63112, 'coordinates': {'latitude': '63.8632', 'longitude': '41.8990'}, 'timezone': {'offset': '-1:00', 'description': 'Azores, Cape Verde Islands'}}, 'email': 'milena.tasic@example.com', 'login': {'uuid': '8c7636c7-99a6-4dd6-93c4-9327d020bcaa', 'username': 'crazymeercat278', 'password': 'russell', 'salt': 'KQy2YBuo', 'md5': '59f48cf49d2790e45d0802fb70f3a22a', 'sha1': '776f884ef2f418f3e69e44e090dd30f04c6f01fb', 'sha256': '706a996f55d8b0bd87143abadfd16f157c6c52cdd5d9ba171bae6f237fbd536c'}, 'dob': {'date': '1952-06-01T17:17:36.572Z', 'age': 72}, 'registered': {'date': '2012-01-11T00:41:46.346Z', 'age': 12}, 'phone': '011-0776-624', 'cell': '062-7070-859', 'id': {'name': 'SID', 'value': '017251370'}, 'picture': {'large': 'https://randomuser.me/api/portraits/women/84.jpg', 'medium': 'https://randomuser.me/api/portraits/med/women/84.jpg', 'thumbnail': 'https://randomuser.me/api/portraits/thumb/women/84.jpg'}, 'nat': 'RS'}], 'info': {'seed': '6e9d5a2455066263', 'results': 1, 'page': 1, 'version': '1.4'}}</msg>
<arg>${json_data}</arg>
<doc>Logs the given message with the given level.</doc>
<status status="PASS" start="2024-08-09T11:13:29.612682" elapsed="0.000208"/>
</kw>
<kw name="Dictionary Should Contain Key" owner="Collections">
<arg>${json_data}</arg>
<arg>results</arg>
<doc>Fails if ``key`` is not found from ``dictionary``.</doc>
<status status="PASS" start="2024-08-09T11:13:29.613175" elapsed="0.000161"/>
</kw>
<kw name="Should Not Be Empty" owner="BuiltIn">
<msg time="2024-08-09T11:13:29.613636" level="INFO">Length is 2.</msg>
<arg>${json_data}</arg>
<doc>Verifies that the given item is not empty.</doc>
<status status="PASS" start="2024-08-09T11:13:29.613515" elapsed="0.000158"/>
</kw>
<kw name="Create List" owner="BuiltIn">
<msg time="2024-08-09T11:13:29.614103" level="INFO">${expected_keys} = ['gender', 'name', 'location', 'email', 'login']</msg>
<var>${expected_keys}</var>
<arg>gender</arg>
<arg>name</arg>
<arg>location</arg>
<arg>email</arg>
<arg>login</arg>
<doc>Returns a list containing given items.</doc>
<status status="PASS" start="2024-08-09T11:13:29.613952" elapsed="0.000175"/>
</kw>
<for flavor="IN">
<iter>
<kw name="Dictionary Should Contain Key" owner="Collections">
<arg>${json_data['results'][0]}</arg>
<arg>${key}</arg>
<doc>Fails if ``key`` is not found from ``dictionary``.</doc>
<status status="PASS" start="2024-08-09T11:13:29.614683" elapsed="0.000449"/>
</kw>
<kw name="Log" owner="BuiltIn">
<msg time="2024-08-09T11:13:29.615703" level="INFO">{'gender': 'female', 'name': {'title': 'Mrs', 'first': 'Milena', 'last': 'Tasić'}, 'location': {'street': {'number': 2308, 'name': 'Kotlinska'}, 'city': 'Smederevska Palanka', 'state': 'Peć', 'country': 'Serbia', 'postcode': 63112, 'coordinates': {'latitude': '63.8632', 'longitude': '41.8990'}, 'timezone': {'offset': '-1:00', 'description': 'Azores, Cape Verde Islands'}}, 'email': 'milena.tasic@example.com', 'login': {'uuid': '8c7636c7-99a6-4dd6-93c4-9327d020bcaa', 'username': 'crazymeercat278', 'password': 'russell', 'salt': 'KQy2YBuo', 'md5': '59f48cf49d2790e45d0802fb70f3a22a', 'sha1': '776f884ef2f418f3e69e44e090dd30f04c6f01fb', 'sha256': '706a996f55d8b0bd87143abadfd16f157c6c52cdd5d9ba171bae6f237fbd536c'}, 'dob': {'date': '1952-06-01T17:17:36.572Z', 'age': 72}, 'registered': {'date': '2012-01-11T00:41:46.346Z', 'age': 12}, 'phone': '011-0776-624', 'cell': '062-7070-859', 'id': {'name': 'SID', 'value': '017251370'}, 'picture': {'large': 'https://randomuser.me/api/portraits/women/84.jpg', 'medium': 'https://randomuser.me/api/portraits/med/women/84.jpg', 'thumbnail': 'https://randomuser.me/api/portraits/thumb/women/84.jpg'}, 'nat': 'RS'}</msg>
<arg>${json_data['results'][0]}</arg>
<doc>Logs the given message with the given level.</doc>
<status status="PASS" start="2024-08-09T11:13:29.615335" elapsed="0.000420"/>
</kw>
<kw name="Log" owner="BuiltIn">
<msg time="2024-08-09T11:13:29.616211" level="INFO">gender</msg>
<arg>${key}</arg>
<doc>Logs the given message with the given level.</doc>
<status status="PASS" start="2024-08-09T11:13:29.616052" elapsed="0.000199"/>
</kw>
<var name="${key}">gender</var>
<status status="PASS" start="2024-08-09T11:13:29.614563" elapsed="0.001913"/>
</iter>
<iter>
<kw name="Dictionary Should Contain Key" owner="Collections">
<arg>${json_data['results'][0]}</arg>
<arg>${key}</arg>
<doc>Fails if ``key`` is not found from ``dictionary``.</doc>
<status status="PASS" start="2024-08-09T11:13:29.616769" elapsed="0.000381"/>
</kw>
<kw name="Log" owner="BuiltIn">
<msg time="2024-08-09T11:13:29.617674" level="INFO">{'gender': 'female', 'name': {'title': 'Mrs', 'first': 'Milena', 'last': 'Tasić'}, 'location': {'street': {'number': 2308, 'name': 'Kotlinska'}, 'city': 'Smederevska Palanka', 'state': 'Peć', 'country': 'Serbia', 'postcode': 63112, 'coordinates': {'latitude': '63.8632', 'longitude': '41.8990'}, 'timezone': {'offset': '-1:00', 'description': 'Azores, Cape Verde Islands'}}, 'email': 'milena.tasic@example.com', 'login': {'uuid': '8c7636c7-99a6-4dd6-93c4-9327d020bcaa', 'username': 'crazymeercat278', 'password': 'russell', 'salt': 'KQy2YBuo', 'md5': '59f48cf49d2790e45d0802fb70f3a22a', 'sha1': '776f884ef2f418f3e69e44e090dd30f04c6f01fb', 'sha256': '706a996f55d8b0bd87143abadfd16f157c6c52cdd5d9ba171bae6f237fbd536c'}, 'dob': {'date': '1952-06-01T17:17:36.572Z', 'age': 72}, 'registered': {'date': '2012-01-11T00:41:46.346Z', 'age': 12}, 'phone': '011-0776-624', 'cell': '062-7070-859', 'id': {'name': 'SID', 'value': '017251370'}, 'picture': {'large': 'https://randomuser.me/api/portraits/women/84.jpg', 'medium': 'https://randomuser.me/api/portraits/med/women/84.jpg', 'thumbnail': 'https://randomuser.me/api/portraits/thumb/women/84.jpg'}, 'nat': 'RS'}</msg>
<arg>${json_data['results'][0]}</arg>
<doc>Logs the given message with the given level.</doc>
<status status="PASS" start="2024-08-09T11:13:29.617330" elapsed="0.000425"/>
</kw>
<kw name="Log" owner="BuiltIn">
<msg time="2024-08-09T11:13:29.618179" level="INFO">name</msg>
<arg>${key}</arg>
<doc>Logs the given message with the given level.</doc>
<status status="PASS" start="2024-08-09T11:13:29.618052" elapsed="0.000165"/>
</kw>
<var name="${key}">name</var>
<status status="PASS" start="2024-08-09T11:13:29.616656" elapsed="0.001774"/>
</iter>
<iter>
<kw name="Dictionary Should Contain Key" owner="Collections">
<arg>${json_data['results'][0]}</arg>
<arg>${key}</arg>
<doc>Fails if ``key`` is not found from ``dictionary``.</doc>
<status status="PASS" start="2024-08-09T11:13:29.618709" elapsed="0.000376"/>
</kw>
<kw name="Log" owner="BuiltIn">
<msg time="2024-08-09T11:13:29.619634" level="INFO">{'gender': 'female', 'name': {'title': 'Mrs', 'first': 'Milena', 'last': 'Tasić'}, 'location': {'street': {'number': 2308, 'name': 'Kotlinska'}, 'city': 'Smederevska Palanka', 'state': 'Peć', 'country': 'Serbia', 'postcode': 63112, 'coordinates': {'latitude': '63.8632', 'longitude': '41.8990'}, 'timezone': {'offset': '-1:00', 'description': 'Azores, Cape Verde Islands'}}, 'email': 'milena.tasic@example.com', 'login': {'uuid': '8c7636c7-99a6-4dd6-93c4-9327d020bcaa', 'username': 'crazymeercat278', 'password': 'russell', 'salt': 'KQy2YBuo', 'md5': '59f48cf49d2790e45d0802fb70f3a22a', 'sha1': '776f884ef2f418f3e69e44e090dd30f04c6f01fb', 'sha256': '706a996f55d8b0bd87143abadfd16f157c6c52cdd5d9ba171bae6f237fbd536c'}, 'dob': {'date': '1952-06-01T17:17:36.572Z', 'age': 72}, 'registered': {'date': '2012-01-11T00:41:46.346Z', 'age': 12}, 'phone': '011-0776-624', 'cell': '062-7070-859', 'id': {'name': 'SID', 'value': '017251370'}, 'picture': {'large': 'https://randomuser.me/api/portraits/women/84.jpg', 'medium': 'https://randomuser.me/api/portraits/med/women/84.jpg', 'thumbnail': 'https://randomuser.me/api/portraits/thumb/women/84.jpg'}, 'nat': 'RS'}</msg>
<arg>${json_data['results'][0]}</arg>
<doc>Logs the given message with the given level.</doc>
<status status="PASS" start="2024-08-09T11:13:29.619288" elapsed="0.000396"/>
</kw>
<kw name="Log" owner="BuiltIn">
<msg time="2024-08-09T11:13:29.620123" level="INFO">location</msg>
<arg>${key}</arg>
<doc>Logs the given message with the given level.</doc>
<status status="PASS" start="2024-08-09T11:13:29.619988" elapsed="0.000172"/>
</kw>
<var name="${key}">location</var>
<status status="PASS" start="2024-08-09T11:13:29.618603" elapsed="0.001775"/>
</iter>
<iter>
<kw name="Dictionary Should Contain Key" owner="Collections">
<arg>${json_data['results'][0]}</arg>
<arg>${key}</arg>
<doc>Fails if ``key`` is not found from ``dictionary``.</doc>
<status status="PASS" start="2024-08-09T11:13:29.620650" elapsed="0.000378"/>
</kw>
<kw name="Log" owner="BuiltIn">
<msg time="2024-08-09T11:13:29.621663" level="INFO">{'gender': 'female', 'name': {'title': 'Mrs', 'first': 'Milena', 'last': 'Tasić'}, 'location': {'street': {'number': 2308, 'name': 'Kotlinska'}, 'city': 'Smederevska Palanka', 'state': 'Peć', 'country': 'Serbia', 'postcode': 63112, 'coordinates': {'latitude': '63.8632', 'longitude': '41.8990'}, 'timezone': {'offset': '-1:00', 'description': 'Azores, Cape Verde Islands'}}, 'email': 'milena.tasic@example.com', 'login': {'uuid': '8c7636c7-99a6-4dd6-93c4-9327d020bcaa', 'username': 'crazymeercat278', 'password': 'russell', 'salt': 'KQy2YBuo', 'md5': '59f48cf49d2790e45d0802fb70f3a22a', 'sha1': '776f884ef2f418f3e69e44e090dd30f04c6f01fb', 'sha256': '706a996f55d8b0bd87143abadfd16f157c6c52cdd5d9ba171bae6f237fbd536c'}, 'dob': {'date': '1952-06-01T17:17:36.572Z', 'age': 72}, 'registered': {'date': '2012-01-11T00:41:46.346Z', 'age': 12}, 'phone': '011-0776-624', 'cell': '062-7070-859', 'id': {'name': 'SID', 'value': '017251370'}, 'picture': {'large': 'https://randomuser.me/api/portraits/women/84.jpg', 'medium': 'https://randomuser.me/api/portraits/med/women/84.jpg', 'thumbnail': 'https://randomuser.me/api/portraits/thumb/women/84.jpg'}, 'nat': 'RS'}</msg>
<arg>${json_data['results'][0]}</arg>
<doc>Logs the given message with the given level.</doc>
<status status="PASS" start="2024-08-09T11:13:29.621314" elapsed="0.000399"/>
</kw>
<kw name="Log" owner="BuiltIn">
<msg time="2024-08-09T11:13:29.622133" level="INFO">email</msg>
<arg>${key}</arg>
<doc>Logs the given message with the given level.</doc>
<status status="PASS" start="2024-08-09T11:13:29.622006" elapsed="0.000165"/>
</kw>
<var name="${key}">email</var>
<status status="PASS" start="2024-08-09T11:13:29.620547" elapsed="0.001845"/>
</iter>
<iter>
<kw name="Dictionary Should Contain Key" owner="Collections">
<arg>${json_data['results'][0]}</arg>
<arg>${key}</arg>
<doc>Fails if ``key`` is not found from ``dictionary``.</doc>
<status status="PASS" start="2024-08-09T11:13:29.622670" elapsed="0.000370"/>
</kw>
<kw name="Log" owner="BuiltIn">
<msg time="2024-08-09T11:13:29.623606" level="INFO">{'gender': 'female', 'name': {'title': 'Mrs', 'first': 'Milena', 'last': 'Tasić'}, 'location': {'street': {'number': 2308, 'name': 'Kotlinska'}, 'city': 'Smederevska Palanka', 'state': 'Peć', 'country': 'Serbia', 'postcode': 63112, 'coordinates': {'latitude': '63.8632', 'longitude': '41.8990'}, 'timezone': {'offset': '-1:00', 'description': 'Azores, Cape Verde Islands'}}, 'email': 'milena.tasic@example.com', 'login': {'uuid': '8c7636c7-99a6-4dd6-93c4-9327d020bcaa', 'username': 'crazymeercat278', 'password': 'russell', 'salt': 'KQy2YBuo', 'md5': '59f48cf49d2790e45d0802fb70f3a22a', 'sha1': '776f884ef2f418f3e69e44e090dd30f04c6f01fb', 'sha256': '706a996f55d8b0bd87143abadfd16f157c6c52cdd5d9ba171bae6f237fbd536c'}, 'dob': {'date': '1952-06-01T17:17:36.572Z', 'age': 72}, 'registered': {'date': '2012-01-11T00:41:46.346Z', 'age': 12}, 'phone': '011-0776-624', 'cell': '062-7070-859', 'id': {'name': 'SID', 'value': '017251370'}, 'picture': {'large': 'https://randomuser.me/api/portraits/women/84.jpg', 'medium': 'https://randomuser.me/api/portraits/med/women/84.jpg', 'thumbnail': 'https://randomuser.me/api/portraits/thumb/women/84.jpg'}, 'nat': 'RS'}</msg>
<arg>${json_data['results'][0]}</arg>
<doc>Logs the given message with the given level.</doc>
<status status="PASS" start="2024-08-09T11:13:29.623259" elapsed="0.000396"/>
</kw>
<kw name="Log" owner="BuiltIn">
<msg time="2024-08-09T11:13:29.624068" level="INFO">login</msg>
<arg>${key}</arg>
<doc>Logs the given message with the given level.</doc>
<status status="PASS" start="2024-08-09T11:13:29.623942" elapsed="0.000162"/>
</kw>
<var name="${key}">login</var>
<status status="PASS" start="2024-08-09T11:13:29.622565" elapsed="0.001752"/>
</iter>
<var>${key}</var>
<value>@{expected_keys}</value>
<status status="PASS" start="2024-08-09T11:13:29.614380" elapsed="0.010056"/>
</for>
<kw name="Create List" owner="BuiltIn">
<msg time="2024-08-09T11:13:29.624761" level="INFO">${expected_keysTwo} = ['username', 'password']</msg>
<var>${expected_keysTwo}</var>
<arg>username</arg>
<arg>password</arg>
<doc>Returns a list containing given items.</doc>
<status status="PASS" start="2024-08-09T11:13:29.624629" elapsed="0.000183"/>
</kw>
<for flavor="IN">
<iter>
<kw name="Dictionary Should Contain Key" owner="Collections">
<arg>${json_data['results'][0]['login']}</arg>
<arg>${keyTwo}</arg>
<doc>Fails if ``key`` is not found from ``dictionary``.</doc>
<status status="PASS" start="2024-08-09T11:13:29.625305" elapsed="0.000382"/>
</kw>
<kw name="Dictionary Should Contain Key" owner="Collections">
<arg>${json_data['results'][0]['login']}</arg>
<arg>${keyTwo}</arg>
<doc>Fails if ``key`` is not found from ``dictionary``.</doc>
<status status="PASS" start="2024-08-09T11:13:29.625864" elapsed="0.000362"/>
</kw>
<kw name="Log" owner="BuiltIn">
<msg time="2024-08-09T11:13:29.626524" level="INFO">username</msg>
<arg>${keyTwo}</arg>
<doc>Logs the given message with the given level.</doc>
<status status="PASS" start="2024-08-09T11:13:29.626403" elapsed="0.000158"/>
</kw>
<var name="${keyTwo}">username</var>
<status status="PASS" start="2024-08-09T11:13:29.625200" elapsed="0.001575"/>
</iter>
<iter>
<kw name="Dictionary Should Contain Key" owner="Collections">
<arg>${json_data['results'][0]['login']}</arg>
<arg>${keyTwo}</arg>
<doc>Fails if ``key`` is not found from ``dictionary``.</doc>
<status status="PASS" start="2024-08-09T11:13:29.627047" elapsed="0.000414"/>
</kw>
<kw name="Dictionary Should Contain Key" owner="Collections">
<arg>${json_data['results'][0]['login']}</arg>
<arg>${keyTwo}</arg>
<doc>Fails if ``key`` is not found from ``dictionary``.</doc>
<status status="PASS" start="2024-08-09T11:13:29.627635" elapsed="0.000362"/>
</kw>
<kw name="Log" owner="BuiltIn">
<msg time="2024-08-09T11:13:29.628285" level="INFO">password</msg>
<arg>${keyTwo}</arg>
<doc>Logs the given message with the given level.</doc>
<status status="PASS" start="2024-08-09T11:13:29.628168" elapsed="0.000152"/>
</kw>
<var name="${keyTwo}">password</var>
<status status="PASS" start="2024-08-09T11:13:29.626943" elapsed="0.001592"/>
</iter>
<var>${keyTwo}</var>
<value>@{expected_keysTwo}</value>
<status status="PASS" start="2024-08-09T11:13:29.625052" elapsed="0.003600"/>
</for>
<status status="PASS" start="2024-08-09T11:13:29.522817" elapsed="0.105970"/>
</kw>
<doc>Testa a estrutura da resposta da API.</doc>
<tag>testeEstruturaResposta</tag>
<status status="PASS" start="2024-08-09T11:13:29.522047" elapsed="0.106896"/>
</test>
<test id="s1-s1-t4" name="Validar tipos de dados" line="28">
<kw name="Teste de Tipos de Dados" owner="random-user-service">
<kw name="GET On Session" owner="RequestsLibrary">
<msg time="2024-08-09T11:13:29.703070" level="INFO">GET Request : url=https://randomuser.me/api 
 path_url=/api 
 headers={'User-Agent': 'python-requests/2.32.3', 'Accept-Encoding': 'gzip, deflate', 'Accept': '*/*', 'Connection': 'keep-alive'} 
 body=None 
 </msg>
<msg time="2024-08-09T11:13:29.703200" level="INFO">GET Response : url=https://randomuser.me/api 
 status=200, reason=OK 
 headers={'Date': 'Fri, 09 Aug 2024 11:13:29 GMT', 'Content-Type': 'application/json; charset=utf-8', 'Transfer-Encoding': 'chunked', 'Connection': 'keep-alive', 'X-Powered-By': 'Express', 'Access-Control-Allow-Origin': '*', 'Cache-Control': 'no-cache', 'ETag': 'W/"498-48fMEo60ZBpJyHWM4OgleBRmAyI"', 'Vary': 'Accept-Encoding', 'Content-Encoding': 'gzip', 'CF-Cache-Status': 'DYNAMIC', 'Report-To': '{"endpoints":[{"url":"https:\\/\\/a.nel.cloudflare.com\\/report\\/v4?s=Qr%2BBYdaOwMGvmFVu5FNvm9kkRSyh1qMElCkPQL0eShryccJ3C%2FmRSGqCv8iH5BRHmJ1gIu7ohuB%2FqmGCVmQwhgswPwCAjnDm4y7g3emNtuwrYlq3MTyBJKmyqXZvaGkc"}],"group":"cf-nel","max_age":604800}', 'NEL': '{"success_fraction":0,"report_to":"cf-nel","max_age":604800}', 'Server': 'cloudflare', 'CF-RAY': '8b0751303ffbc9a7-IAD', 'alt-svc': 'h3=":443"; ma=86400'} 
 body={"results":[{"gender":"female","name":{"title":"Miss","first":"Beverly","last":"Fisher"},"location":{"street":{"number":7800,"name":"Paddock Way"},"city":"Albany","state":"Queensland","country":"Australia","postcode":6657,"coordinates":{"latitude":"-89.1380","longitude":"136.4027"},"timezone":{"offset":"+3:00","description":"Baghdad, Riyadh, Moscow, St. Petersburg"}},"email":"beverly.fisher@example.com","login":{"uuid":"1328c906-6c7b-45a9-98c2-2c1316d6c0b2","username":"bluecat787","password":"robert1","salt":"XBSwPK2F","md5":"fd5cddfc46e0959bba7587922c846fc1","sha1":"a3b2f81fbb32d5b023672ea455bc0d2a6c621a49","sha256":"fda34990a843608c0567bcdca7c198357d152ce21bc1e319dadcd5290ca42f23"},"dob":{"date":"1951-07-22T15:08:15.051Z","age":73},"registered":{"date":"2007-03-29T20:03:28.997Z","age":17},"phone":"03-8480-7199","cell":"0435-337-033","id":{"name":"TFN","value":"579102441"},"picture":{"large":"https://randomuser.me/api/portraits/women/10.jpg","medium":"https://randomuser.me/api/portraits/med/women/10.jpg","thumbnail":"https://randomuser.me/api/portraits/thumb/women/10.jpg"},"nat":"AU"}],"info":{"seed":"cc31a772b7fda037","results":1,"page":1,"version":"1.4"}} 
 </msg>
<msg time="2024-08-09T11:13:29.703277" level="INFO">/opt/hostedtoolcache/Python/3.12.4/x64/lib/python3.12/site-packages/urllib3/connectionpool.py:1099: InsecureRequestWarning: Unverified HTTPS request is being made to host 'randomuser.me'. Adding certificate verification is strongly advised. See: https://urllib3.readthedocs.io/en/latest/advanced-usage.html#tls-warnings
  warnings.warn(</msg>
<msg time="2024-08-09T11:13:29.703397" level="INFO">${response} = &lt;Response [200]&gt;</msg>
<var>${response}</var>
<arg>consultarAPI</arg>
<arg>/api</arg>
<doc>Sends a GET request on a previously created HTTP Session.</doc>
<status status="PASS" start="2024-08-09T11:13:29.631404" elapsed="0.072041"/>
</kw>
<kw name="Set Variable" owner="BuiltIn">
<msg time="2024-08-09T11:13:29.704450" level="INFO">${json_data} = {'results': [{'gender': 'female', 'name': {'title': 'Miss', 'first': 'Beverly', 'last': 'Fisher'}, 'location': {'street': {'number': 7800, 'name': 'Paddock Way'}, 'city': 'Albany', 'state': 'Queenslan...</msg>
<var>${json_data}</var>
<arg>${response.json()}</arg>
<doc>Returns the given values which can then be assigned to a variables.</doc>
<status status="PASS" start="2024-08-09T11:13:29.703957" elapsed="0.000521"/>
</kw>
<kw name="Log" owner="BuiltIn">
<msg time="2024-08-09T11:13:29.704933" level="INFO">{'results': [{'gender': 'female', 'name': {'title': 'Miss', 'first': 'Beverly', 'last': 'Fisher'}, 'location': {'street': {'number': 7800, 'name': 'Paddock Way'}, 'city': 'Albany', 'state': 'Queensland', 'country': 'Australia', 'postcode': 6657, 'coordinates': {'latitude': '-89.1380', 'longitude': '136.4027'}, 'timezone': {'offset': '+3:00', 'description': 'Baghdad, Riyadh, Moscow, St. Petersburg'}}, 'email': 'beverly.fisher@example.com', 'login': {'uuid': '1328c906-6c7b-45a9-98c2-2c1316d6c0b2', 'username': 'bluecat787', 'password': 'robert1', 'salt': 'XBSwPK2F', 'md5': 'fd5cddfc46e0959bba7587922c846fc1', 'sha1': 'a3b2f81fbb32d5b023672ea455bc0d2a6c621a49', 'sha256': 'fda34990a843608c0567bcdca7c198357d152ce21bc1e319dadcd5290ca42f23'}, 'dob': {'date': '1951-07-22T15:08:15.051Z', 'age': 73}, 'registered': {'date': '2007-03-29T20:03:28.997Z', 'age': 17}, 'phone': '03-8480-7199', 'cell': '0435-337-033', 'id': {'name': 'TFN', 'value': '579102441'}, 'picture': {'large': 'https://randomuser.me/api/portraits/women/10.jpg', 'medium': 'https://randomuser.me/api/portraits/med/women/10.jpg', 'thumbnail': 'https://randomuser.me/api/portraits/thumb/women/10.jpg'}, 'nat': 'AU'}], 'info': {'seed': 'cc31a772b7fda037', 'results': 1, 'page': 1, 'version': '1.4'}}</msg>
<arg>${json_data}</arg>
<doc>Logs the given message with the given level.</doc>
<status status="PASS" start="2024-08-09T11:13:29.704784" elapsed="0.000197"/>
</kw>
<kw name="Should Be String" owner="String">
<arg>${json_data['results'][0]['gender']}</arg>
<doc>Fails if the given ``item`` is not a string.</doc>
<status status="PASS" start="2024-08-09T11:13:29.705265" elapsed="0.000353"/>
</kw>
<kw name="Should Match Regexp" owner="BuiltIn">
<arg>${json_data['results'][0]['email']}</arg>
<arg>^[a-zA-Z0-9._%+-]+@[a-zA-Z0-9.-]+\.[a-zA-Z]{2,}$</arg>
<doc>Fails if ``string`` does not match ``pattern`` as a regular expression.</doc>
<status status="PASS" start="2024-08-09T11:13:29.705806" elapsed="0.000546"/>
</kw>
<kw name="Should Match Regexp" owner="BuiltIn">
<arg>${json_data['results'][0]['dob']['date']}</arg>
<arg>\\d{4}-\\d{2}-\\d{2}T\\d{2}:\\d{2}:\\d{2}\\.\\d{3}Z</arg>
<doc>Fails if ``string`` does not match ``pattern`` as a regular expression.</doc>
<status status="PASS" start="2024-08-09T11:13:29.706546" elapsed="0.000669"/>
</kw>
<kw name="Should Match Regexp" owner="BuiltIn">
<arg>${json_data['results'][0]['registered']['date']}</arg>
<arg>\\d{4}-\\d{2}-\\d{2}T\\d{2}:\\d{2}:\\d{2}\\.\\d{3}Z</arg>
<doc>Fails if ``string`` does not match ``pattern`` as a regular expression.</doc>
<status status="PASS" start="2024-08-09T11:13:29.707410" elapsed="0.000369"/>
</kw>
<kw name="Should Match Regexp" owner="BuiltIn">
<arg>${json_data['results'][0]['picture']['large']}</arg>
<arg>^https?://.*\.(?:png|jpe?g|gif|bmp)$</arg>
<doc>Fails if ``string`` does not match ``pattern`` as a regular expression.</doc>
<status status="PASS" start="2024-08-09T11:13:29.707960" elapsed="0.000453"/>
</kw>
<kw name="Should Match Regexp" owner="BuiltIn">
<arg>${json_data['results'][0]['picture']['medium']}</arg>
<arg>^https?://.*\.(?:png|jpe?g|gif|bmp)$</arg>
<doc>Fails if ``string`` does not match ``pattern`` as a regular expression.</doc>
<status status="PASS" start="2024-08-09T11:13:29.708598" elapsed="0.000358"/>
</kw>
<kw name="Should Match Regexp" owner="BuiltIn">
<arg>${json_data['results'][0]['picture']['thumbnail']}</arg>
<arg>^https?://.*\.(?:png|jpe?g|gif|bmp)$</arg>
<doc>Fails if ``string`` does not match ``pattern`` as a regular expression.</doc>
<status status="PASS" start="2024-08-09T11:13:29.709135" elapsed="0.000348"/>
</kw>
<kw name="Log" owner="BuiltIn">
<msg time="2024-08-09T11:13:29.709981" level="INFO">{'large': 'https://randomuser.me/api/portraits/women/10.jpg', 'medium': 'https://randomuser.me/api/portraits/med/women/10.jpg', 'thumbnail': 'https://randomuser.me/api/portraits/thumb/women/10.jpg'}</msg>
<arg>${json_data['results'][0]['picture']}</arg>
<doc>Logs the given message with the given level.</doc>
<status status="PASS" start="2024-08-09T11:13:29.709662" elapsed="0.000361"/>
</kw>
<status status="PASS" start="2024-08-09T11:13:29.631163" elapsed="0.079114"/>
</kw>
<kw name="Teste de Tipos de Dados - Postcode" owner="random-user-service">
<kw name="GET On Session" owner="RequestsLibrary">
<msg time="2024-08-09T11:13:29.818838" level="INFO">GET Request : url=https://randomuser.me/api 
 path_url=/api 
 headers={'User-Agent': 'python-requests/2.32.3', 'Accept-Encoding': 'gzip, deflate', 'Accept': '*/*', 'Connection': 'keep-alive'} 
 body=None 
 </msg>
<msg time="2024-08-09T11:13:29.818904" level="INFO">GET Response : url=https://randomuser.me/api 
 status=200, reason=OK 
 headers={'Date': 'Fri, 09 Aug 2024 11:13:29 GMT', 'Content-Type': 'application/json; charset=utf-8', 'Transfer-Encoding': 'chunked', 'Connection': 'keep-alive', 'X-Powered-By': 'Express', 'Access-Control-Allow-Origin': '*', 'Cache-Control': 'no-cache', 'ETag': 'W/"496-ypB6bkGptPgWcAREOq3c7vpMg58"', 'Vary': 'Accept-Encoding', 'Content-Encoding': 'gzip', 'CF-Cache-Status': 'DYNAMIC', 'Report-To': '{"endpoints":[{"url":"https:\\/\\/a.nel.cloudflare.com\\/report\\/v4?s=ZcLNcH4zMu0TaByuF7Zj8Rkr38gFLeGGBcNnGyrIXGhoACoMwl%2F%2B2urZRs4aJWtD%2BoQkr3I4KYRQYBgf9oZFJQmGmVsPVuW3gmlOkhQgu47w85STddU%2FMQAohVWith05"}],"group":"cf-nel","max_age":604800}', 'NEL': '{"success_fraction":0,"report_to":"cf-nel","max_age":604800}', 'Server': 'cloudflare', 'CF-RAY': '8b075130b93ac9a7-IAD', 'alt-svc': 'h3=":443"; ma=86400'} 
 body={"results":[{"gender":"male","name":{"title":"Mr","first":"Frederik","last":"Møller"},"location":{"street":{"number":7514,"name":"Vesterbyvej"},"city":"Silkeboeg","state":"Syddanmark","country":"Denmark","postcode":25099,"coordinates":{"latitude":"-42.9042","longitude":"-99.7094"},"timezone":{"offset":"+11:00","description":"Magadan, Solomon Islands, New Caledonia"}},"email":"frederik.moller@example.com","login":{"uuid":"59fcebf2-0364-45db-8b0e-8a0e7e97a1cf","username":"beautifultiger567","password":"reginald","salt":"cmzsvYRF","md5":"0d8864775d83e6cc528008a8c646de6d","sha1":"06366f0ec267cda9fcd41dd3986a47bf66bb9f58","sha256":"851dd170143ac2364431655f224c1e0d429f0933929f66411ecefafbfa128e11"},"dob":{"date":"1981-03-30T01:57:50.810Z","age":43},"registered":{"date":"2002-10-16T07:32:14.518Z","age":21},"phone":"49646079","cell":"59164539","id":{"name":"CPR","value":"290381-4464"},"picture":{"large":"https://randomuser.me/api/portraits/men/89.jpg","medium":"https://randomuser.me/api/portraits/med/men/89.jpg","thumbnail":"https://randomuser.me/api/portraits/thumb/men/89.jpg"},"nat":"DK"}],"info":{"seed":"343b1232d04ccec2","results":1,"page":1,"version":"1.4"}} 
 </msg>
<msg time="2024-08-09T11:13:29.818963" level="INFO">/opt/hostedtoolcache/Python/3.12.4/x64/lib/python3.12/site-packages/urllib3/connectionpool.py:1099: InsecureRequestWarning: Unverified HTTPS request is being made to host 'randomuser.me'. Adding certificate verification is strongly advised. See: https://urllib3.readthedocs.io/en/latest/advanced-usage.html#tls-warnings
  warnings.warn(</msg>
<msg time="2024-08-09T11:13:29.819055" level="INFO">${response} = &lt;Response [200]&gt;</msg>
<var>${response}</var>
<arg>consultarAPI</arg>
<arg>/api</arg>
<doc>Sends a GET request on a previously created HTTP Session.</doc>
<status status="PASS" start="2024-08-09T11:13:29.710724" elapsed="0.108363"/>
</kw>
<kw name="Set Variable" owner="BuiltIn">
<msg time="2024-08-09T11:13:29.819960" level="INFO">${json_data} = {'results': [{'gender': 'male', 'name': {'title': 'Mr', 'first': 'Frederik', 'last': 'Møller'}, 'location': {'street': {'number': 7514, 'name': 'Vesterbyvej'}, 'city': 'Silkeboeg', 'state': 'Syddanmar...</msg>
<var>${json_data}</var>
<arg>${response.json()}</arg>
<doc>Returns the given values which can then be assigned to a variables.</doc>
<status status="PASS" start="2024-08-09T11:13:29.819490" elapsed="0.000499"/>
</kw>
<kw name="Log" owner="BuiltIn">
<msg time="2024-08-09T11:13:29.820434" level="INFO">{'results': [{'gender': 'male', 'name': {'title': 'Mr', 'first': 'Frederik', 'last': 'Møller'}, 'location': {'street': {'number': 7514, 'name': 'Vesterbyvej'}, 'city': 'Silkeboeg', 'state': 'Syddanmark', 'country': 'Denmark', 'postcode': 25099, 'coordinates': {'latitude': '-42.9042', 'longitude': '-99.7094'}, 'timezone': {'offset': '+11:00', 'description': 'Magadan, Solomon Islands, New Caledonia'}}, 'email': 'frederik.moller@example.com', 'login': {'uuid': '59fcebf2-0364-45db-8b0e-8a0e7e97a1cf', 'username': 'beautifultiger567', 'password': 'reginald', 'salt': 'cmzsvYRF', 'md5': '0d8864775d83e6cc528008a8c646de6d', 'sha1': '06366f0ec267cda9fcd41dd3986a47bf66bb9f58', 'sha256': '851dd170143ac2364431655f224c1e0d429f0933929f66411ecefafbfa128e11'}, 'dob': {'date': '1981-03-30T01:57:50.810Z', 'age': 43}, 'registered': {'date': '2002-10-16T07:32:14.518Z', 'age': 21}, 'phone': '49646079', 'cell': '59164539', 'id': {'name': 'CPR', 'value': '290381-4464'}, 'picture': {'large': 'https://randomuser.me/api/portraits/men/89.jpg', 'medium': 'https://randomuser.me/api/portraits/med/men/89.jpg', 'thumbnail': 'https://randomuser.me/api/portraits/thumb/men/89.jpg'}, 'nat': 'DK'}], 'info': {'seed': '343b1232d04ccec2', 'results': 1, 'page': 1, 'version': '1.4'}}</msg>
<arg>${json_data}</arg>
<doc>Logs the given message with the given level.</doc>
<status status="PASS" start="2024-08-09T11:13:29.820281" elapsed="0.000201"/>
</kw>
<kw name="Should Be Equal As Numbers" owner="BuiltIn">
<arg>${json_data['results'][0]['location']['postcode']}</arg>
<arg>${json_data['results'][0]['location']['postcode']}</arg>
<doc>Fails if objects are unequal after converting them to real numbers.</doc>
<status status="PASS" start="2024-08-09T11:13:29.820770" elapsed="0.000609"/>
</kw>
<kw name="Log" owner="BuiltIn">
<msg time="2024-08-09T11:13:29.821893" level="INFO">25099</msg>
<arg>${json_data['results'][0]['location']['postcode']}</arg>
<doc>Logs the given message with the given level.</doc>
<status status="PASS" start="2024-08-09T11:13:29.821562" elapsed="0.000404"/>
</kw>
<status status="PASS" start="2024-08-09T11:13:29.710501" elapsed="0.111713"/>
</kw>
<doc>Testa se os tipos de dados na resposta da API estão corretos.</doc>
<tag>testeTiposDados</tag>
<status status="PASS" start="2024-08-09T11:13:29.630651" elapsed="0.191724"/>
</test>
<test id="s1-s1-t5" name="Validar conteudo" line="35">
<kw name="Teste de Tipos de Conteudo" owner="random-user-service">
<kw name="GET On Session" owner="RequestsLibrary">
<msg time="2024-08-09T11:13:29.899299" level="INFO">GET Request : url=https://randomuser.me/api 
 path_url=/api 
 headers={'User-Agent': 'python-requests/2.32.3', 'Accept-Encoding': 'gzip, deflate', 'Accept': '*/*', 'Connection': 'keep-alive'} 
 body=None 
 </msg>
<msg time="2024-08-09T11:13:29.899388" level="INFO">GET Response : url=https://randomuser.me/api 
 status=200, reason=OK 
 headers={'Date': 'Fri, 09 Aug 2024 11:13:29 GMT', 'Content-Type': 'application/json; charset=utf-8', 'Transfer-Encoding': 'chunked', 'Connection': 'keep-alive', 'X-Powered-By': 'Express', 'Access-Control-Allow-Origin': '*', 'Cache-Control': 'no-cache', 'ETag': 'W/"47d-leqgb8FoYAolBJrM3nZvIh5SDZk"', 'Vary': 'Accept-Encoding', 'Content-Encoding': 'gzip', 'CF-Cache-Status': 'DYNAMIC', 'Report-To': '{"endpoints":[{"url":"https:\\/\\/a.nel.cloudflare.com\\/report\\/v4?s=bFUNgtzVrcRA1oZRvnZEaUdd3xstcfVzvAahEv3XEbRdZfhMtScJa%2FTseYk%2BQcF8Q1cuv9%2BnUJqH0l%2FIFg88F1V5XeN0S5mf4pHVxTH%2F5Y8PKJCmQAqd6rYUDSOerPSs"}],"group":"cf-nel","max_age":604800}', 'NEL': '{"success_fraction":0,"report_to":"cf-nel","max_age":604800}', 'Server': 'cloudflare', 'CF-RAY': '8b0751316abfc9a7-IAD', 'alt-svc': 'h3=":443"; ma=86400'} 
 body={"results":[{"gender":"male","name":{"title":"Mr","first":"Ryan","last":"Murphy"},"location":{"street":{"number":1787,"name":"Hogan St"},"city":"Cedar Rapids","state":"Colorado","country":"United States","postcode":53058,"coordinates":{"latitude":"87.5906","longitude":"-142.2334"},"timezone":{"offset":"-3:30","description":"Newfoundland"}},"email":"ryan.murphy@example.com","login":{"uuid":"da526217-20d9-474d-8f89-86c3c3739f33","username":"orangemeercat596","password":"volume","salt":"kd1KBrZI","md5":"405bbaf394e41eb259677e34cc93572b","sha1":"3d5034241f37e98ed535513fab8e3328483157e6","sha256":"05f8f4c85320799efe6d7c413214dde191443cccf126127ee0f6e8c168874e5b"},"dob":{"date":"1969-03-09T23:17:38.737Z","age":55},"registered":{"date":"2017-07-06T13:24:27.461Z","age":7},"phone":"(824) 359-2254","cell":"(919) 385-0953","id":{"name":"SSN","value":"304-90-0811"},"picture":{"large":"https://randomuser.me/api/portraits/men/19.jpg","medium":"https://randomuser.me/api/portraits/med/men/19.jpg","thumbnail":"https://randomuser.me/api/portraits/thumb/men/19.jpg"},"nat":"US"}],"info":{"seed":"b30f34a91e99540c","results":1,"page":1,"version":"1.4"}} 
 </msg>
<msg time="2024-08-09T11:13:29.899462" level="INFO">/opt/hostedtoolcache/Python/3.12.4/x64/lib/python3.12/site-packages/urllib3/connectionpool.py:1099: InsecureRequestWarning: Unverified HTTPS request is being made to host 'randomuser.me'. Adding certificate verification is strongly advised. See: https://urllib3.readthedocs.io/en/latest/advanced-usage.html#tls-warnings
  warnings.warn(</msg>
<msg time="2024-08-09T11:13:29.899573" level="INFO">${response} = &lt;Response [200]&gt;</msg>
<var>${response}</var>
<arg>consultarAPI</arg>
<arg>/api</arg>
<doc>Sends a GET request on a previously created HTTP Session.</doc>
<status status="PASS" start="2024-08-09T11:13:29.825208" elapsed="0.074406"/>
</kw>
<kw name="Set Variable" owner="BuiltIn">
<msg time="2024-08-09T11:13:29.900538" level="INFO">${json_data} = {'results': [{'gender': 'male', 'name': {'title': 'Mr', 'first': 'Ryan', 'last': 'Murphy'}, 'location': {'street': {'number': 1787, 'name': 'Hogan St'}, 'city': 'Cedar Rapids', 'state': 'Colorado', 'c...</msg>
<var>${json_data}</var>
<arg>${response.json()}</arg>
<doc>Returns the given values which can then be assigned to a variables.</doc>
<status status="PASS" start="2024-08-09T11:13:29.900086" elapsed="0.000481"/>
</kw>
<kw name="Set Variable" owner="BuiltIn">
<msg time="2024-08-09T11:13:29.901239" level="INFO">${name_title} = Mr</msg>
<var>${name_title}</var>
<arg>${json_data["results"][0]["name"]["title"]}</arg>
<doc>Returns the given values which can then be assigned to a variables.</doc>
<status status="PASS" start="2024-08-09T11:13:29.900862" elapsed="0.000402"/>
</kw>
<kw name="Create List" owner="BuiltIn">
<msg time="2024-08-09T11:13:29.901703" level="INFO">${allowed_titles} = ['Mr', 'Ms', 'Miss', 'Mrs', 'Madame', 'Monsieur']</msg>
<var>${allowed_titles}</var>
<arg>Mr</arg>
<arg>Ms</arg>
<arg>Miss</arg>
<arg>Mrs</arg>
<arg>Madame</arg>
<arg>Monsieur</arg>
<doc>Returns a list containing given items.</doc>
<status status="PASS" start="2024-08-09T11:13:29.901556" elapsed="0.000171"/>
</kw>
<kw name="List Should Contain Value" owner="Collections">
<arg>${allowed_titles}</arg>
<arg>${name_title}</arg>
<doc>Fails if the ``value`` is not found from ``list``.</doc>
<status status="PASS" start="2024-08-09T11:13:29.902016" elapsed="0.000171"/>
</kw>
<kw name="Set Variable" owner="BuiltIn">
<msg time="2024-08-09T11:13:29.902750" level="INFO">${name_country} = US</msg>
<var>${name_country}</var>
<arg>${json_data["results"][0]["nat"]}</arg>
<doc>Returns the given values which can then be assigned to a variables.</doc>
<status status="PASS" start="2024-08-09T11:13:29.902370" elapsed="0.000405"/>
</kw>
<kw name="Create List" owner="BuiltIn">
<msg time="2024-08-09T11:13:29.903690" level="INFO">${list_country} = ['AD', 'AE', 'AF', 'AG', 'AI', 'AL', 'AM', 'AO', 'AQ', 'AR', 'AS', 'AT', 'AU', 'AW', 'AX', 'AZ', 'BA', 'BB', 'BD', 'BE', 'BF', 'BG', 'BH', 'BI', 'BJ', 'BL', 'BM', 'BN', 'BO', 'BQ', 'BR', 'BS', 'BT', '...</msg>
<var>${list_country}</var>
<arg>AD</arg>
<arg>AE</arg>
<arg>AF</arg>
<arg>AG</arg>
<arg>AI</arg>
<arg>AL</arg>
<arg>AM</arg>
<arg>AO</arg>
<arg>AQ</arg>
<arg>AR</arg>
<arg>AS</arg>
<arg>AT</arg>
<arg>AU</arg>
<arg>AW</arg>
<arg>AX</arg>
<arg>AZ</arg>
<arg>BA</arg>
<arg>BB</arg>
<arg>BD</arg>
<arg>BE</arg>
<arg>BF</arg>
<arg>BG</arg>
<arg>BH</arg>
<arg>BI</arg>
<arg>BJ</arg>
<arg>BL</arg>
<arg>BM</arg>
<arg>BN</arg>
<arg>BO</arg>
<arg>BQ</arg>
<arg>BR</arg>
<arg>BS</arg>
<arg>BT</arg>
<arg>BV</arg>
<arg>BW</arg>
<arg>BY</arg>
<arg>BZ</arg>
<arg>CA</arg>
<arg>CC</arg>
<arg>CD</arg>
<arg>CF</arg>
<arg>CG</arg>
<arg>CH</arg>
<arg>CI</arg>
<arg>CK</arg>
<arg>CL</arg>
<arg>CM</arg>
<arg>CN</arg>
<arg>CO</arg>
<arg>CR</arg>
<arg>CU</arg>
<arg>CV</arg>
<arg>CW</arg>
<arg>CX</arg>
<arg>CY</arg>
<arg>CZ</arg>
<arg>DE</arg>
<arg>DJ</arg>
<arg>DK</arg>
<arg>DM</arg>
<arg>DO</arg>
<arg>DZ</arg>
<arg>EC</arg>
<arg>EE</arg>
<arg>EG</arg>
<arg>EH</arg>
<arg>ER</arg>
<arg>ES</arg>
<arg>ET</arg>
<arg>FI</arg>
<arg>FJ</arg>
<arg>FK</arg>
<arg>FM</arg>
<arg>FO</arg>
<arg>FR</arg>
<arg>GA</arg>
<arg>GB</arg>
<arg>GD</arg>
<arg>GE</arg>
<arg>GF</arg>
<arg>GG</arg>
<arg>GH</arg>
<arg>GI</arg>
<arg>GL</arg>
<arg>GM</arg>
<arg>GN</arg>
<arg>GP</arg>
<arg>GQ</arg>
<arg>GR</arg>
<arg>GS</arg>
<arg>GT</arg>
<arg>GU</arg>
<arg>GW</arg>
<arg>GY</arg>
<arg>HK</arg>
<arg>HM</arg>
<arg>HN</arg>
<arg>HR</arg>
<arg>HT</arg>
<arg>HU</arg>
<arg>ID</arg>
<arg>IE</arg>
<arg>IL</arg>
<arg>IM</arg>
<arg>IN</arg>
<arg>IO</arg>
<arg>IQ</arg>
<arg>IR</arg>
<arg>IS</arg>
<arg>IT</arg>
<arg>JE</arg>
<arg>JM</arg>
<arg>JO</arg>
<arg>JP</arg>
<arg>KE</arg>
<arg>KG</arg>
<arg>KH</arg>
<arg>KI</arg>
<arg>KM</arg>
<arg>KN</arg>
<arg>KP</arg>
<arg>KR</arg>
<arg>KW</arg>
<arg>KY</arg>
<arg>KZ</arg>
<arg>LA</arg>
<arg>LB</arg>
<arg>LC</arg>
<arg>LI</arg>
<arg>LK</arg>
<arg>LR</arg>
<arg>LS</arg>
<arg>LT</arg>
<arg>LU</arg>
<arg>LV</arg>
<arg>LY</arg>
<arg>MA</arg>
<arg>MC</arg>
<arg>MD</arg>
<arg>ME</arg>
<arg>MF</arg>
<arg>MG</arg>
<arg>MH</arg>
<arg>MK</arg>
<arg>ML</arg>
<arg>MM</arg>
<arg>MN</arg>
<arg>MO</arg>
<arg>MP</arg>
<arg>MQ</arg>
<arg>MR</arg>
<arg>MS</arg>
<arg>MT</arg>
<arg>MU</arg>
<arg>MV</arg>
<arg>MW</arg>
<arg>MX</arg>
<arg>MY</arg>
<arg>MZ</arg>
<arg>NA</arg>
<arg>NC</arg>
<arg>NE</arg>
<arg>NF</arg>
<arg>NG</arg>
<arg>NI</arg>
<arg>NL</arg>
<arg>NO</arg>
<arg>NP</arg>
<arg>NR</arg>
<arg>NU</arg>
<arg>NZ</arg>
<arg>OM</arg>
<arg>PA</arg>
<arg>PE</arg>
<arg>PF</arg>
<arg>PG</arg>
<arg>PH</arg>
<arg>PK</arg>
<arg>PL</arg>
<arg>PM</arg>
<arg>PN</arg>
<arg>PR</arg>
<arg>PS</arg>
<arg>PT</arg>
<arg>PW</arg>
<arg>PY</arg>
<arg>QA</arg>
<arg>RE</arg>
<arg>RO</arg>
<arg>RS</arg>
<arg>RU</arg>
<arg>RW</arg>
<arg>SA</arg>
<arg>SB</arg>
<arg>SC</arg>
<arg>SD</arg>
<arg>SE</arg>
<arg>SG</arg>
<arg>SH</arg>
<arg>SI</arg>
<arg>SJ</arg>
<arg>SK</arg>
<arg>SL</arg>
<arg>SM</arg>
<arg>SN</arg>
<arg>SO</arg>
<arg>SR</arg>
<arg>SS</arg>
<arg>ST</arg>
<arg>SV</arg>
<arg>SX</arg>
<arg>SY</arg>
<arg>SZ</arg>
<arg>TC</arg>
<arg>TD</arg>
<arg>TF</arg>
<arg>TG</arg>
<arg>TH</arg>
<arg>TJ</arg>
<arg>TK</arg>
<arg>TL</arg>
<arg>TM</arg>
<arg>TN</arg>
<arg>TO</arg>
<arg>TR</arg>
<arg>TT</arg>
<arg>TV</arg>
<arg>TW</arg>
<arg>TZ</arg>
<arg>UA</arg>
<arg>UG</arg>
<arg>UM</arg>
<arg>US</arg>
<arg>UY</arg>
<arg>UZ</arg>
<arg>VA</arg>
<arg>VC</arg>
<arg>VE</arg>
<arg>VG</arg>
<arg>VI</arg>
<arg>VN</arg>
<arg>VU</arg>
<arg>WF</arg>
<arg>WS</arg>
<arg>XK</arg>
<arg>YE</arg>
<arg>YT</arg>
<arg>ZA</arg>
<arg>ZM</arg>
<arg>ZW</arg>
<doc>Returns a list containing given items.</doc>
<status status="PASS" start="2024-08-09T11:13:29.903057" elapsed="0.000660"/>
</kw>
<kw name="List Should Contain Value" owner="Collections">
<arg>${list_country}</arg>
<arg>${name_country}</arg>
<doc>Fails if the ``value`` is not found from ``list``.</doc>
<status status="PASS" start="2024-08-09T11:13:29.904655" elapsed="0.000208"/>
</kw>
<kw name="Run Keyword If" owner="BuiltIn">
<kw name="Should Be True" owner="BuiltIn">
<arg>${True}</arg>
<doc>Fails if the given condition is not true.</doc>
<status status="PASS" start="2024-08-09T11:13:29.905802" elapsed="0.000141"/>
</kw>
<arg>${json_data["results"][0]["location"]["coordinates"]["latitude"]} &gt;= -90 and ${json_data["results"][0]["location"]["coordinates"]["latitude"]} &lt;= 90</arg>
<arg>Should Be True</arg>
<arg>${True}</arg>
<doc>Runs the given keyword with the given arguments, if ``condition`` is true.</doc>
<status status="PASS" start="2024-08-09T11:13:29.905068" elapsed="0.001000"/>
</kw>
<kw name="Run Keyword If" owner="BuiltIn">
<kw name="Should Be True" owner="BuiltIn">
<arg>${True}</arg>
<doc>Fails if the given condition is not true.</doc>
<status status="PASS" start="2024-08-09T11:13:29.906952" elapsed="0.000166"/>
</kw>
<arg>${json_data["results"][0]["location"]["coordinates"]["longitude"]} &gt;= -180 and ${json_data["results"][0]["location"]["coordinates"]["longitude"]} &lt;= 180</arg>
<arg>Should Be True</arg>
<arg>${True}</arg>
<doc>Runs the given keyword with the given arguments, if ``condition`` is true.</doc>
<status status="PASS" start="2024-08-09T11:13:29.906245" elapsed="0.001002"/>
</kw>
<status status="PASS" start="2024-08-09T11:13:29.824839" elapsed="0.082534"/>
</kw>
<doc>Testa o conteúdo específico dos campos retornados pela API.</doc>
<tag>testeConteudo</tag>
<status status="PASS" start="2024-08-09T11:13:29.824166" elapsed="0.083348"/>
</test>
<status status="PASS" start="2024-08-09T11:13:28.926442" elapsed="0.982951"/>
</suite>
<status status="PASS" start="2024-08-09T11:13:28.911882" elapsed="1.002544"/>
</suite>
<statistics>
<total>
<stat pass="5" fail="0" skip="0">All Tests</stat>
</total>
<tag>
<stat pass="1" fail="0" skip="0">testeConteudo</stat>
<stat pass="1" fail="0" skip="0">testeEstruturaResposta</stat>
<stat pass="1" fail="0" skip="0">testeRequisicaoBasica</stat>
<stat pass="1" fail="0" skip="0">testeTiposDados</stat>
</tag>
<suite>
<stat pass="5" fail="0" skip="0" id="s1" name="Tests">Tests</stat>
<stat pass="5" fail="0" skip="0" id="s1-s1" name="Random-User-Test">Tests.Random-User-Test</stat>
</suite>
</statistics>
<errors>
</errors>
</robot>
