<?xml version="1.0" encoding="UTF-8"?>
<robot generator="Robot 7.0 (Python 3.12.2 on linux)" generated="2024-04-10T20:14:21.843111" rpa="false" schemaversion="5">
<suite id="s1" name="Tests" source="/home/runner/work/DesafioQAItauRogerioJordao/DesafioQAItauRogerioJordao/RamdonUser/tests">
<suite id="s1-s1" name="Random-User-Test" source="/home/runner/work/DesafioQAItauRogerioJordao/DesafioQAItauRogerioJordao/RamdonUser/tests/random-user-test.robot">
<test id="s1-s1-t1" name="Conectar" line="13">
<kw name="Conectar API" owner="random-user-service">
<kw name="Create Session" owner="RequestsLibrary">
<msg time="2024-04-10T20:14:22.232619" level="INFO">Creating Session using : alias=consultarAPI, url=https://randomuser.me/, headers={},                     cookies={}, auth=None, timeout=None, proxies=None, verify=False,                     debug=0 </msg>
<arg>consultarAPI</arg>
<arg>${URL}</arg>
<doc>Create Session: create a HTTP session to a server</doc>
<status status="PASS" start="2024-04-10T20:14:22.232421" elapsed="0.000370"/>
</kw>
<status status="PASS" start="2024-04-10T20:14:22.231392" elapsed="0.001759"/>
</kw>
<status status="PASS" start="2024-04-10T20:14:22.230835" elapsed="0.002520"/>
</test>
<test id="s1-s1-t2" name="Validar retorno 200 e JSON Válido" line="16">
<kw name="Teste de Requisicao Basica" owner="random-user-service">
<kw name="GET On Session" owner="RequestsLibrary">
<msg time="2024-04-10T20:14:22.394279" level="INFO">GET Request : url=https://randomuser.me/api 
 path_url=/api 
 headers={'User-Agent': 'python-requests/2.31.0', 'Accept-Encoding': 'gzip, deflate', 'Accept': '*/*', 'Connection': 'keep-alive'} 
 body=None 
 </msg>
<msg time="2024-04-10T20:14:22.394461" level="INFO">GET Response : url=https://randomuser.me/api 
 status=200, reason=OK 
 headers={'Date': 'Wed, 10 Apr 2024 20:14:22 GMT', 'Content-Type': 'application/json; charset=utf-8', 'Transfer-Encoding': 'chunked', 'Connection': 'keep-alive', 'X-Powered-By': 'Express', 'Access-Control-Allow-Origin': '*', 'Cache-Control': 'no-cache', 'ETag': 'W/"4ad-bs/JMEhHMkV4QaXKPiC/rUGP1es"', 'Vary': 'Accept-Encoding', 'Content-Encoding': 'gzip', 'CF-Cache-Status': 'DYNAMIC', 'Report-To': '{"endpoints":[{"url":"https:\\/\\/a.nel.cloudflare.com\\/report\\/v4?s=lDgFUpDLPiPWEtcbJOlC705fjV8BB8nlWKhbbPC1xksLXbylrFZ0bZW9%2Fcl%2FkHDQfgg4D2AmflYkYTKK3hj%2Bv9Xp1hhaV8Rqks5lrygjAMgqKt6Mwbv6PFvJPCFKqEq7"}],"group":"cf-nel","max_age":604800}', 'NEL': '{"success_fraction":0,"report_to":"cf-nel","max_age":604800}', 'Server': 'cloudflare', 'CF-RAY': '8725671d4a612ac5-LAX', 'alt-svc': 'h3=":443"; ma=86400'} 
 body={"results":[{"gender":"male","name":{"title":"Mr","first":"Ertuğrul","last":"Boessenkool"},"location":{"street":{"number":8930,"name":"Arnhemse Karweg"},"city":"Gerwen","state":"Gelderland","country":"Netherlands","postcode":"8755 OZ","coordinates":{"latitude":"30.6847","longitude":"-170.4191"},"timezone":{"offset":"+5:00","description":"Ekaterinburg, Islamabad, Karachi, Tashkent"}},"email":"ertugrul.boessenkool@example.com","login":{"uuid":"41be144a-7b02-40e1-afd2-6cbade8607f5","username":"ticklishdog437","password":"weekend","salt":"DRajb5ei","md5":"7228216e7fe9c4230355ae649d7d0fb4","sha1":"c5884674250bdd9a4716cb2d7c1057839011a301","sha256":"f8fa506f616bd2aaec3fae6745ea7e70ec96b31ac320c7a96fe67f83778c0e17"},"dob":{"date":"1987-08-17T03:34:04.350Z","age":36},"registered":{"date":"2016-03-22T18:58:19.308Z","age":8},"phone":"(089) 5404938","cell":"(06) 77214734","id":{"name":"BSN","value":"58162461"},"picture":{"large":"https://randomuser.me/api/portraits/men/67.jpg","medium":"https://randomuser.me/api/portraits/med/men/67.jpg","thumbnail":"https://randomuser.me/api/portraits/thumb/men/67.jpg"},"nat":"NL"}],"info":{"seed":"76d6afcdb2ba409b","results":1,"page":1,"version":"1.4"}} 
 </msg>
<msg time="2024-04-10T20:14:22.394552" level="INFO">/opt/hostedtoolcache/Python/3.12.2/x64/lib/python3.12/site-packages/urllib3/connectionpool.py:1103: InsecureRequestWarning: Unverified HTTPS request is being made to host 'randomuser.me'. Adding certificate verification is strongly advised. See: https://urllib3.readthedocs.io/en/latest/advanced-usage.html#tls-warnings
  warnings.warn(</msg>
<msg time="2024-04-10T20:14:22.394710" level="INFO">${response} = &lt;Response [200]&gt;</msg>
<var>${response}</var>
<arg>consultarAPI</arg>
<arg>/api</arg>
<doc>Sends a GET request on a previously created HTTP Session.</doc>
<status status="PASS" start="2024-04-10T20:14:22.235947" elapsed="0.158797"/>
</kw>
<kw name="Should Be Equal As Numbers" owner="BuiltIn">
<msg time="2024-04-10T20:14:22.395697" level="INFO">Argument types are:
&lt;class 'int'&gt;
&lt;class 'str'&gt;</msg>
<arg>${response.status_code}</arg>
<arg>200</arg>
<doc>Fails if objects are unequal after converting them to real numbers.</doc>
<status status="PASS" start="2024-04-10T20:14:22.395239" elapsed="0.000523"/>
</kw>
<kw name="Log" owner="BuiltIn">
<msg time="2024-04-10T20:14:22.396446" level="INFO">200</msg>
<arg>${response.status_code}</arg>
<doc>Logs the given message with the given level.</doc>
<status status="PASS" start="2024-04-10T20:14:22.396086" elapsed="0.000403"/>
</kw>
<kw name="Set Variable" owner="BuiltIn">
<msg time="2024-04-10T20:14:22.397258" level="INFO">${json_data} = {'results': [{'gender': 'male', 'name': {'title': 'Mr', 'first': 'Ertuğrul', 'last': 'Boessenkool'}, 'location': {'street': {'number': 8930, 'name': 'Arnhemse Karweg'}, 'city': 'Gerwen', 'state': 'Gel...</msg>
<var>${json_data}</var>
<arg>${response.json()}</arg>
<doc>Returns the given values which can then be assigned to a variables.</doc>
<status status="PASS" start="2024-04-10T20:14:22.396808" elapsed="0.000480"/>
</kw>
<kw name="Dictionary Should Contain Key" owner="Collections">
<msg time="2024-04-10T20:14:22.397800" level="INFO">False</msg>
<arg>${json_data}</arg>
<arg>results</arg>
<doc>Fails if ``key`` is not found from ``dictionary``.</doc>
<status status="PASS" start="2024-04-10T20:14:22.397625" elapsed="0.000219"/>
</kw>
<status status="PASS" start="2024-04-10T20:14:22.235701" elapsed="0.162407"/>
</kw>
<doc>Testa se a API responde corretamente e retorna um objeto JSON válido.</doc>
<tag>testeRequisicaoBasica</tag>
<status status="PASS" start="2024-04-10T20:14:22.235216" elapsed="0.163083"/>
</test>
<test id="s1-s1-t3" name="Validar estrutura de resposta" line="22">
<kw name="Teste de Estrutura de Resposta" owner="random-user-service">
<kw name="GET On Session" owner="RequestsLibrary">
<msg time="2024-04-10T20:14:22.518176" level="INFO">GET Request : url=https://randomuser.me/api 
 path_url=/api 
 headers={'User-Agent': 'python-requests/2.31.0', 'Accept-Encoding': 'gzip, deflate', 'Accept': '*/*', 'Connection': 'keep-alive'} 
 body=None 
 </msg>
<msg time="2024-04-10T20:14:22.518264" level="INFO">GET Response : url=https://randomuser.me/api 
 status=200, reason=OK 
 headers={'Date': 'Wed, 10 Apr 2024 20:14:22 GMT', 'Content-Type': 'application/json; charset=utf-8', 'Transfer-Encoding': 'chunked', 'Connection': 'keep-alive', 'X-Powered-By': 'Express', 'Access-Control-Allow-Origin': '*', 'Cache-Control': 'no-cache', 'ETag': 'W/"488-wz1K0qoL5Pw5gELqJFyoW9JrBys"', 'Vary': 'Accept-Encoding', 'Content-Encoding': 'gzip', 'CF-Cache-Status': 'DYNAMIC', 'Report-To': '{"endpoints":[{"url":"https:\\/\\/a.nel.cloudflare.com\\/report\\/v4?s=fV33s8ih2%2FstWDcOk8YVjvaIXoQGlGTLbDcFjF4TkXmtmsKJ34GWOXHcmC5J0043QrPEO2YJyn7yVvyE2v5dI96%2BZhzL%2FCrsG%2B%2FGOuqe8ne%2FbqoVlPyoh67n8tv9cfSV"}],"group":"cf-nel","max_age":604800}', 'NEL': '{"success_fraction":0,"report_to":"cf-nel","max_age":604800}', 'Server': 'cloudflare', 'CF-RAY': '8725671e0b632ac5-LAX', 'alt-svc': 'h3=":443"; ma=86400'} 
 body={"results":[{"gender":"female","name":{"title":"Mrs","first":"Sally","last":"Walker"},"location":{"street":{"number":7628,"name":"Stevens Creek Blvd"},"city":"Ballarat","state":"New South Wales","country":"Australia","postcode":6183,"coordinates":{"latitude":"-82.8481","longitude":"177.2304"},"timezone":{"offset":"-3:30","description":"Newfoundland"}},"email":"sally.walker@example.com","login":{"uuid":"de85cc12-49af-48fd-88e2-86b06d4c0b87","username":"blacklion453","password":"tennis1","salt":"LP7F71cF","md5":"8235c243a421552ab840d6fd984c2409","sha1":"603e811bf95987abd6f6e58603f76a0f440e6743","sha256":"56767650605cc3383667037422dce530dd6c49d397ac471824d35d162eeb07ce"},"dob":{"date":"1984-08-02T11:38:37.123Z","age":39},"registered":{"date":"2002-12-24T21:26:45.044Z","age":21},"phone":"08-2706-5480","cell":"0475-039-243","id":{"name":"TFN","value":"785237486"},"picture":{"large":"https://randomuser.me/api/portraits/women/36.jpg","medium":"https://randomuser.me/api/portraits/med/women/36.jpg","thumbnail":"https://randomuser.me/api/portraits/thumb/women/36.jpg"},"nat":"AU"}],"info":{"seed":"7f0e64cea18a1455","results":1,"page":1,"version":"1.4"}} 
 </msg>
<msg time="2024-04-10T20:14:22.518404" level="INFO">/opt/hostedtoolcache/Python/3.12.2/x64/lib/python3.12/site-packages/urllib3/connectionpool.py:1103: InsecureRequestWarning: Unverified HTTPS request is being made to host 'randomuser.me'. Adding certificate verification is strongly advised. See: https://urllib3.readthedocs.io/en/latest/advanced-usage.html#tls-warnings
  warnings.warn(</msg>
<msg time="2024-04-10T20:14:22.518556" level="INFO">${response} = &lt;Response [200]&gt;</msg>
<var>${response}</var>
<arg>consultarAPI</arg>
<arg>/api</arg>
<doc>Sends a GET request on a previously created HTTP Session.</doc>
<status status="PASS" start="2024-04-10T20:14:22.401158" elapsed="0.117452"/>
</kw>
<kw name="Set Variable" owner="BuiltIn">
<msg time="2024-04-10T20:14:22.519467" level="INFO">${json_data} = {'results': [{'gender': 'female', 'name': {'title': 'Mrs', 'first': 'Sally', 'last': 'Walker'}, 'location': {'street': {'number': 7628, 'name': 'Stevens Creek Blvd'}, 'city': 'Ballarat', 'state': 'New...</msg>
<var>${json_data}</var>
<arg>${response.json()}</arg>
<doc>Returns the given values which can then be assigned to a variables.</doc>
<status status="PASS" start="2024-04-10T20:14:22.519017" elapsed="0.000478"/>
</kw>
<kw name="Log" owner="BuiltIn">
<msg time="2024-04-10T20:14:22.519954" level="INFO">{'results': [{'gender': 'female', 'name': {'title': 'Mrs', 'first': 'Sally', 'last': 'Walker'}, 'location': {'street': {'number': 7628, 'name': 'Stevens Creek Blvd'}, 'city': 'Ballarat', 'state': 'New South Wales', 'country': 'Australia', 'postcode': 6183, 'coordinates': {'latitude': '-82.8481', 'longitude': '177.2304'}, 'timezone': {'offset': '-3:30', 'description': 'Newfoundland'}}, 'email': 'sally.walker@example.com', 'login': {'uuid': 'de85cc12-49af-48fd-88e2-86b06d4c0b87', 'username': 'blacklion453', 'password': 'tennis1', 'salt': 'LP7F71cF', 'md5': '8235c243a421552ab840d6fd984c2409', 'sha1': '603e811bf95987abd6f6e58603f76a0f440e6743', 'sha256': '56767650605cc3383667037422dce530dd6c49d397ac471824d35d162eeb07ce'}, 'dob': {'date': '1984-08-02T11:38:37.123Z', 'age': 39}, 'registered': {'date': '2002-12-24T21:26:45.044Z', 'age': 21}, 'phone': '08-2706-5480', 'cell': '0475-039-243', 'id': {'name': 'TFN', 'value': '785237486'}, 'picture': {'large': 'https://randomuser.me/api/portraits/women/36.jpg', 'medium': 'https://randomuser.me/api/portraits/med/women/36.jpg', 'thumbnail': 'https://randomuser.me/api/portraits/thumb/women/36.jpg'}, 'nat': 'AU'}], 'info': {'seed': '7f0e64cea18a1455', 'results': 1, 'page': 1, 'version': '1.4'}}</msg>
<arg>${json_data}</arg>
<doc>Logs the given message with the given level.</doc>
<status status="PASS" start="2024-04-10T20:14:22.519801" elapsed="0.000199"/>
</kw>
<kw name="Dictionary Should Contain Key" owner="Collections">
<msg time="2024-04-10T20:14:22.520442" level="INFO">False</msg>
<arg>${json_data}</arg>
<arg>results</arg>
<doc>Fails if ``key`` is not found from ``dictionary``.</doc>
<status status="PASS" start="2024-04-10T20:14:22.520293" elapsed="0.000185"/>
</kw>
<kw name="Should Not Be Empty" owner="BuiltIn">
<msg time="2024-04-10T20:14:22.520897" level="INFO">Length is 2.</msg>
<arg>${json_data}</arg>
<doc>Verifies that the given item is not empty.</doc>
<status status="PASS" start="2024-04-10T20:14:22.520767" elapsed="0.000167"/>
</kw>
<kw name="Create List" owner="BuiltIn">
<msg time="2024-04-10T20:14:22.521387" level="INFO">${expected_keys} = ['gender', 'name', 'location', 'email', 'login']</msg>
<var>${expected_keys}</var>
<arg>gender</arg>
<arg>name</arg>
<arg>location</arg>
<arg>email</arg>
<arg>login</arg>
<doc>Returns a list containing given items.</doc>
<status status="PASS" start="2024-04-10T20:14:22.521229" elapsed="0.000182"/>
</kw>
<for flavor="IN">
<iter>
<kw name="Dictionary Should Contain Key" owner="Collections">
<msg time="2024-04-10T20:14:22.522427" level="INFO">False</msg>
<arg>${json_data['results'][0]}</arg>
<arg>${key}</arg>
<doc>Fails if ``key`` is not found from ``dictionary``.</doc>
<status status="PASS" start="2024-04-10T20:14:22.522034" elapsed="0.000432"/>
</kw>
<kw name="Log" owner="BuiltIn">
<msg time="2024-04-10T20:14:22.523136" level="INFO">{'gender': 'female', 'name': {'title': 'Mrs', 'first': 'Sally', 'last': 'Walker'}, 'location': {'street': {'number': 7628, 'name': 'Stevens Creek Blvd'}, 'city': 'Ballarat', 'state': 'New South Wales', 'country': 'Australia', 'postcode': 6183, 'coordinates': {'latitude': '-82.8481', 'longitude': '177.2304'}, 'timezone': {'offset': '-3:30', 'description': 'Newfoundland'}}, 'email': 'sally.walker@example.com', 'login': {'uuid': 'de85cc12-49af-48fd-88e2-86b06d4c0b87', 'username': 'blacklion453', 'password': 'tennis1', 'salt': 'LP7F71cF', 'md5': '8235c243a421552ab840d6fd984c2409', 'sha1': '603e811bf95987abd6f6e58603f76a0f440e6743', 'sha256': '56767650605cc3383667037422dce530dd6c49d397ac471824d35d162eeb07ce'}, 'dob': {'date': '1984-08-02T11:38:37.123Z', 'age': 39}, 'registered': {'date': '2002-12-24T21:26:45.044Z', 'age': 21}, 'phone': '08-2706-5480', 'cell': '0475-039-243', 'id': {'name': 'TFN', 'value': '785237486'}, 'picture': {'large': 'https://randomuser.me/api/portraits/women/36.jpg', 'medium': 'https://randomuser.me/api/portraits/med/women/36.jpg', 'thumbnail': 'https://randomuser.me/api/portraits/thumb/women/36.jpg'}, 'nat': 'AU'}</msg>
<arg>${json_data['results'][0]}</arg>
<doc>Logs the given message with the given level.</doc>
<status status="PASS" start="2024-04-10T20:14:22.522777" elapsed="0.000421"/>
</kw>
<kw name="Log" owner="BuiltIn">
<msg time="2024-04-10T20:14:22.523627" level="INFO">gender</msg>
<arg>${key}</arg>
<doc>Logs the given message with the given level.</doc>
<status status="PASS" start="2024-04-10T20:14:22.523499" elapsed="0.000166"/>
</kw>
<var name="${key}">gender</var>
<status status="PASS" start="2024-04-10T20:14:22.521909" elapsed="0.001977"/>
</iter>
<iter>
<kw name="Dictionary Should Contain Key" owner="Collections">
<msg time="2024-04-10T20:14:22.524570" level="INFO">False</msg>
<arg>${json_data['results'][0]}</arg>
<arg>${key}</arg>
<doc>Fails if ``key`` is not found from ``dictionary``.</doc>
<status status="PASS" start="2024-04-10T20:14:22.524186" elapsed="0.000420"/>
</kw>
<kw name="Log" owner="BuiltIn">
<msg time="2024-04-10T20:14:22.525279" level="INFO">{'gender': 'female', 'name': {'title': 'Mrs', 'first': 'Sally', 'last': 'Walker'}, 'location': {'street': {'number': 7628, 'name': 'Stevens Creek Blvd'}, 'city': 'Ballarat', 'state': 'New South Wales', 'country': 'Australia', 'postcode': 6183, 'coordinates': {'latitude': '-82.8481', 'longitude': '177.2304'}, 'timezone': {'offset': '-3:30', 'description': 'Newfoundland'}}, 'email': 'sally.walker@example.com', 'login': {'uuid': 'de85cc12-49af-48fd-88e2-86b06d4c0b87', 'username': 'blacklion453', 'password': 'tennis1', 'salt': 'LP7F71cF', 'md5': '8235c243a421552ab840d6fd984c2409', 'sha1': '603e811bf95987abd6f6e58603f76a0f440e6743', 'sha256': '56767650605cc3383667037422dce530dd6c49d397ac471824d35d162eeb07ce'}, 'dob': {'date': '1984-08-02T11:38:37.123Z', 'age': 39}, 'registered': {'date': '2002-12-24T21:26:45.044Z', 'age': 21}, 'phone': '08-2706-5480', 'cell': '0475-039-243', 'id': {'name': 'TFN', 'value': '785237486'}, 'picture': {'large': 'https://randomuser.me/api/portraits/women/36.jpg', 'medium': 'https://randomuser.me/api/portraits/med/women/36.jpg', 'thumbnail': 'https://randomuser.me/api/portraits/thumb/women/36.jpg'}, 'nat': 'AU'}</msg>
<arg>${json_data['results'][0]}</arg>
<doc>Logs the given message with the given level.</doc>
<status status="PASS" start="2024-04-10T20:14:22.524926" elapsed="0.000400"/>
</kw>
<kw name="Log" owner="BuiltIn">
<msg time="2024-04-10T20:14:22.525776" level="INFO">name</msg>
<arg>${key}</arg>
<doc>Logs the given message with the given level.</doc>
<status status="PASS" start="2024-04-10T20:14:22.525643" elapsed="0.000170"/>
</kw>
<var name="${key}">name</var>
<status status="PASS" start="2024-04-10T20:14:22.524073" elapsed="0.001954"/>
</iter>
<iter>
<kw name="Dictionary Should Contain Key" owner="Collections">
<msg time="2024-04-10T20:14:22.526686" level="INFO">False</msg>
<arg>${json_data['results'][0]}</arg>
<arg>${key}</arg>
<doc>Fails if ``key`` is not found from ``dictionary``.</doc>
<status status="PASS" start="2024-04-10T20:14:22.526312" elapsed="0.000411"/>
</kw>
<kw name="Log" owner="BuiltIn">
<msg time="2024-04-10T20:14:22.527371" level="INFO">{'gender': 'female', 'name': {'title': 'Mrs', 'first': 'Sally', 'last': 'Walker'}, 'location': {'street': {'number': 7628, 'name': 'Stevens Creek Blvd'}, 'city': 'Ballarat', 'state': 'New South Wales', 'country': 'Australia', 'postcode': 6183, 'coordinates': {'latitude': '-82.8481', 'longitude': '177.2304'}, 'timezone': {'offset': '-3:30', 'description': 'Newfoundland'}}, 'email': 'sally.walker@example.com', 'login': {'uuid': 'de85cc12-49af-48fd-88e2-86b06d4c0b87', 'username': 'blacklion453', 'password': 'tennis1', 'salt': 'LP7F71cF', 'md5': '8235c243a421552ab840d6fd984c2409', 'sha1': '603e811bf95987abd6f6e58603f76a0f440e6743', 'sha256': '56767650605cc3383667037422dce530dd6c49d397ac471824d35d162eeb07ce'}, 'dob': {'date': '1984-08-02T11:38:37.123Z', 'age': 39}, 'registered': {'date': '2002-12-24T21:26:45.044Z', 'age': 21}, 'phone': '08-2706-5480', 'cell': '0475-039-243', 'id': {'name': 'TFN', 'value': '785237486'}, 'picture': {'large': 'https://randomuser.me/api/portraits/women/36.jpg', 'medium': 'https://randomuser.me/api/portraits/med/women/36.jpg', 'thumbnail': 'https://randomuser.me/api/portraits/thumb/women/36.jpg'}, 'nat': 'AU'}</msg>
<arg>${json_data['results'][0]}</arg>
<doc>Logs the given message with the given level.</doc>
<status status="PASS" start="2024-04-10T20:14:22.527021" elapsed="0.000402"/>
</kw>
<kw name="Log" owner="BuiltIn">
<msg time="2024-04-10T20:14:22.527837" level="INFO">location</msg>
<arg>${key}</arg>
<doc>Logs the given message with the given level.</doc>
<status status="PASS" start="2024-04-10T20:14:22.527712" elapsed="0.000163"/>
</kw>
<var name="${key}">location</var>
<status status="PASS" start="2024-04-10T20:14:22.526203" elapsed="0.001884"/>
</iter>
<iter>
<kw name="Dictionary Should Contain Key" owner="Collections">
<msg time="2024-04-10T20:14:22.528745" level="INFO">False</msg>
<arg>${json_data['results'][0]}</arg>
<arg>${key}</arg>
<doc>Fails if ``key`` is not found from ``dictionary``.</doc>
<status status="PASS" start="2024-04-10T20:14:22.528366" elapsed="0.000423"/>
</kw>
<kw name="Log" owner="BuiltIn">
<msg time="2024-04-10T20:14:22.529436" level="INFO">{'gender': 'female', 'name': {'title': 'Mrs', 'first': 'Sally', 'last': 'Walker'}, 'location': {'street': {'number': 7628, 'name': 'Stevens Creek Blvd'}, 'city': 'Ballarat', 'state': 'New South Wales', 'country': 'Australia', 'postcode': 6183, 'coordinates': {'latitude': '-82.8481', 'longitude': '177.2304'}, 'timezone': {'offset': '-3:30', 'description': 'Newfoundland'}}, 'email': 'sally.walker@example.com', 'login': {'uuid': 'de85cc12-49af-48fd-88e2-86b06d4c0b87', 'username': 'blacklion453', 'password': 'tennis1', 'salt': 'LP7F71cF', 'md5': '8235c243a421552ab840d6fd984c2409', 'sha1': '603e811bf95987abd6f6e58603f76a0f440e6743', 'sha256': '56767650605cc3383667037422dce530dd6c49d397ac471824d35d162eeb07ce'}, 'dob': {'date': '1984-08-02T11:38:37.123Z', 'age': 39}, 'registered': {'date': '2002-12-24T21:26:45.044Z', 'age': 21}, 'phone': '08-2706-5480', 'cell': '0475-039-243', 'id': {'name': 'TFN', 'value': '785237486'}, 'picture': {'large': 'https://randomuser.me/api/portraits/women/36.jpg', 'medium': 'https://randomuser.me/api/portraits/med/women/36.jpg', 'thumbnail': 'https://randomuser.me/api/portraits/thumb/women/36.jpg'}, 'nat': 'AU'}</msg>
<arg>${json_data['results'][0]}</arg>
<doc>Logs the given message with the given level.</doc>
<status status="PASS" start="2024-04-10T20:14:22.529087" elapsed="0.000396"/>
</kw>
<kw name="Log" owner="BuiltIn">
<msg time="2024-04-10T20:14:22.529997" level="INFO">email</msg>
<arg>${key}</arg>
<doc>Logs the given message with the given level.</doc>
<status status="PASS" start="2024-04-10T20:14:22.529863" elapsed="0.000171"/>
</kw>
<var name="${key}">email</var>
<status status="PASS" start="2024-04-10T20:14:22.528257" elapsed="0.001994"/>
</iter>
<iter>
<kw name="Dictionary Should Contain Key" owner="Collections">
<msg time="2024-04-10T20:14:22.530902" level="INFO">False</msg>
<arg>${json_data['results'][0]}</arg>
<arg>${key}</arg>
<doc>Fails if ``key`` is not found from ``dictionary``.</doc>
<status status="PASS" start="2024-04-10T20:14:22.530533" elapsed="0.000404"/>
</kw>
<kw name="Log" owner="BuiltIn">
<msg time="2024-04-10T20:14:22.531722" level="INFO">{'gender': 'female', 'name': {'title': 'Mrs', 'first': 'Sally', 'last': 'Walker'}, 'location': {'street': {'number': 7628, 'name': 'Stevens Creek Blvd'}, 'city': 'Ballarat', 'state': 'New South Wales', 'country': 'Australia', 'postcode': 6183, 'coordinates': {'latitude': '-82.8481', 'longitude': '177.2304'}, 'timezone': {'offset': '-3:30', 'description': 'Newfoundland'}}, 'email': 'sally.walker@example.com', 'login': {'uuid': 'de85cc12-49af-48fd-88e2-86b06d4c0b87', 'username': 'blacklion453', 'password': 'tennis1', 'salt': 'LP7F71cF', 'md5': '8235c243a421552ab840d6fd984c2409', 'sha1': '603e811bf95987abd6f6e58603f76a0f440e6743', 'sha256': '56767650605cc3383667037422dce530dd6c49d397ac471824d35d162eeb07ce'}, 'dob': {'date': '1984-08-02T11:38:37.123Z', 'age': 39}, 'registered': {'date': '2002-12-24T21:26:45.044Z', 'age': 21}, 'phone': '08-2706-5480', 'cell': '0475-039-243', 'id': {'name': 'TFN', 'value': '785237486'}, 'picture': {'large': 'https://randomuser.me/api/portraits/women/36.jpg', 'medium': 'https://randomuser.me/api/portraits/med/women/36.jpg', 'thumbnail': 'https://randomuser.me/api/portraits/thumb/women/36.jpg'}, 'nat': 'AU'}</msg>
<arg>${json_data['results'][0]}</arg>
<doc>Logs the given message with the given level.</doc>
<status status="PASS" start="2024-04-10T20:14:22.531350" elapsed="0.000418"/>
</kw>
<kw name="Log" owner="BuiltIn">
<msg time="2024-04-10T20:14:22.532188" level="INFO">login</msg>
<arg>${key}</arg>
<doc>Logs the given message with the given level.</doc>
<status status="PASS" start="2024-04-10T20:14:22.532062" elapsed="0.000168"/>
</kw>
<var name="${key}">login</var>
<status status="PASS" start="2024-04-10T20:14:22.530423" elapsed="0.002046"/>
</iter>
<var>${key}</var>
<value>@{expected_keys}</value>
<status status="PASS" start="2024-04-10T20:14:22.521713" elapsed="0.010884"/>
</for>
<kw name="Create List" owner="BuiltIn">
<msg time="2024-04-10T20:14:22.532923" level="INFO">${expected_keysTwo} = ['username', 'password']</msg>
<var>${expected_keysTwo}</var>
<arg>username</arg>
<arg>password</arg>
<doc>Returns a list containing given items.</doc>
<status status="PASS" start="2024-04-10T20:14:22.532788" elapsed="0.000158"/>
</kw>
<for flavor="IN">
<iter>
<kw name="Dictionary Should Contain Key" owner="Collections">
<msg time="2024-04-10T20:14:22.533955" level="INFO">False</msg>
<arg>${json_data['results'][0]['login']}</arg>
<arg>${keyTwo}</arg>
<doc>Fails if ``key`` is not found from ``dictionary``.</doc>
<status status="PASS" start="2024-04-10T20:14:22.533548" elapsed="0.000444"/>
</kw>
<kw name="Dictionary Should Contain Key" owner="Collections">
<msg time="2024-04-10T20:14:22.534680" level="INFO">False</msg>
<arg>${json_data['results'][0]['login']}</arg>
<arg>${keyTwo}</arg>
<doc>Fails if ``key`` is not found from ``dictionary``.</doc>
<status status="PASS" start="2024-04-10T20:14:22.534288" elapsed="0.000438"/>
</kw>
<kw name="Log" owner="BuiltIn">
<msg time="2024-04-10T20:14:22.535148" level="INFO">username</msg>
<arg>${keyTwo}</arg>
<doc>Logs the given message with the given level.</doc>
<status status="PASS" start="2024-04-10T20:14:22.535022" elapsed="0.000163"/>
</kw>
<var name="${keyTwo}">username</var>
<status status="PASS" start="2024-04-10T20:14:22.533437" elapsed="0.001960"/>
</iter>
<iter>
<kw name="Dictionary Should Contain Key" owner="Collections">
<msg time="2024-04-10T20:14:22.536047" level="INFO">False</msg>
<arg>${json_data['results'][0]['login']}</arg>
<arg>${keyTwo}</arg>
<doc>Fails if ``key`` is not found from ``dictionary``.</doc>
<status status="PASS" start="2024-04-10T20:14:22.535676" elapsed="0.000407"/>
</kw>
<kw name="Dictionary Should Contain Key" owner="Collections">
<msg time="2024-04-10T20:14:22.536755" level="INFO">False</msg>
<arg>${json_data['results'][0]['login']}</arg>
<arg>${keyTwo}</arg>
<doc>Fails if ``key`` is not found from ``dictionary``.</doc>
<status status="PASS" start="2024-04-10T20:14:22.536371" elapsed="0.000420"/>
</kw>
<kw name="Log" owner="BuiltIn">
<msg time="2024-04-10T20:14:22.537219" level="INFO">password</msg>
<arg>${keyTwo}</arg>
<doc>Logs the given message with the given level.</doc>
<status status="PASS" start="2024-04-10T20:14:22.537095" elapsed="0.000161"/>
</kw>
<var name="${keyTwo}">password</var>
<status status="PASS" start="2024-04-10T20:14:22.535567" elapsed="0.001903"/>
</iter>
<var>${keyTwo}</var>
<value>@{expected_keysTwo}</value>
<status status="PASS" start="2024-04-10T20:14:22.533186" elapsed="0.004438"/>
</for>
<status status="PASS" start="2024-04-10T20:14:22.400919" elapsed="0.136858"/>
</kw>
<doc>Testa a estrutura da resposta da API.</doc>
<tag>testeEstruturaResposta</tag>
<status status="PASS" start="2024-04-10T20:14:22.400167" elapsed="0.137766"/>
</test>
<test id="s1-s1-t4" name="Validar tipos de dados" line="28">
<kw name="Teste de Tipos de Dados" owner="random-user-service">
<kw name="GET On Session" owner="RequestsLibrary">
<msg time="2024-04-10T20:14:22.648295" level="INFO">GET Request : url=https://randomuser.me/api 
 path_url=/api 
 headers={'User-Agent': 'python-requests/2.31.0', 'Accept-Encoding': 'gzip, deflate', 'Accept': '*/*', 'Connection': 'keep-alive'} 
 body=None 
 </msg>
<msg time="2024-04-10T20:14:22.648379" level="INFO">GET Response : url=https://randomuser.me/api 
 status=200, reason=OK 
 headers={'Date': 'Wed, 10 Apr 2024 20:14:22 GMT', 'Content-Type': 'application/json; charset=utf-8', 'Transfer-Encoding': 'chunked', 'Connection': 'keep-alive', 'X-Powered-By': 'Express', 'Access-Control-Allow-Origin': '*', 'Cache-Control': 'no-cache', 'ETag': 'W/"4a6-jBrkxREFr/blDrlirXEeBTn9MaM"', 'Vary': 'Accept-Encoding', 'Content-Encoding': 'gzip', 'CF-Cache-Status': 'DYNAMIC', 'Report-To': '{"endpoints":[{"url":"https:\\/\\/a.nel.cloudflare.com\\/report\\/v4?s=ZCQmaTdQwxF4bnpQaiINhbJcfjIGPEwINo%2BWzjCwR6wm1bl2LMM5QwqAJVEHiL1BXPIsLNWOedeULDt7DxonEAhwDQJzhuqNjG3BNpt8ZBAsgEbh0sYR%2F8ZSsvfXZCnc"}],"group":"cf-nel","max_age":604800}', 'NEL': '{"success_fraction":0,"report_to":"cf-nel","max_age":604800}', 'Server': 'cloudflare', 'CF-RAY': '8725671eec8a2ac5-LAX', 'alt-svc': 'h3=":443"; ma=86400'} 
 body={"results":[{"gender":"female","name":{"title":"Ms","first":"درسا","last":"مرادی"},"location":{"street":{"number":6797,"name":"نبرد"},"city":"کرمانشاه","state":"چهارمحال و بختیاری","country":"Iran","postcode":67371,"coordinates":{"latitude":"20.1121","longitude":"112.2644"},"timezone":{"offset":"+10:00","description":"Eastern Australia, Guam, Vladivostok"}},"email":"drs.mrdy@example.com","login":{"uuid":"59efadec-a134-4811-ba2e-b85530086f46","username":"tinypeacock553","password":"bilbo","salt":"empFfgnO","md5":"736bcdad20b91f96c5b3ef9cbc789ff5","sha1":"5cc08f824c5bce8409b289893b1a63873c80ad5d","sha256":"ac0a218278d4c83c250b5a675c4cd85d2a9be7958faffd54dc4466952691e0e1"},"dob":{"date":"1964-05-28T22:57:16.028Z","age":59},"registered":{"date":"2009-06-01T21:48:00.620Z","age":14},"phone":"000-53923455","cell":"0968-042-2503","id":{"name":"","value":null},"picture":{"large":"https://randomuser.me/api/portraits/women/24.jpg","medium":"https://randomuser.me/api/portraits/med/women/24.jpg","thumbnail":"https://randomuser.me/api/portraits/thumb/women/24.jpg"},"nat":"IR"}],"info":{"seed":"adcb2854a7507422","results":1,"page":1,"version":"1.4"}} 
 </msg>
<msg time="2024-04-10T20:14:22.648454" level="INFO">/opt/hostedtoolcache/Python/3.12.2/x64/lib/python3.12/site-packages/urllib3/connectionpool.py:1103: InsecureRequestWarning: Unverified HTTPS request is being made to host 'randomuser.me'. Adding certificate verification is strongly advised. See: https://urllib3.readthedocs.io/en/latest/advanced-usage.html#tls-warnings
  warnings.warn(</msg>
<msg time="2024-04-10T20:14:22.648586" level="INFO">${response} = &lt;Response [200]&gt;</msg>
<var>${response}</var>
<arg>consultarAPI</arg>
<arg>/api</arg>
<doc>Sends a GET request on a previously created HTTP Session.</doc>
<status status="PASS" start="2024-04-10T20:14:22.540404" elapsed="0.108231"/>
</kw>
<kw name="Set Variable" owner="BuiltIn">
<msg time="2024-04-10T20:14:22.649536" level="INFO">${json_data} = {'results': [{'gender': 'female', 'name': {'title': 'Ms', 'first': 'درسا', 'last': 'مرادی'}, 'location': {'street': {'number': 6797, 'name': 'نبرد'}, 'city': 'کرمانشاه', 'state': 'چهارمحال و بختیاری',...</msg>
<var>${json_data}</var>
<arg>${response.json()}</arg>
<doc>Returns the given values which can then be assigned to a variables.</doc>
<status status="PASS" start="2024-04-10T20:14:22.649075" elapsed="0.000490"/>
</kw>
<kw name="Log" owner="BuiltIn">
<msg time="2024-04-10T20:14:22.650076" level="INFO">{'results': [{'gender': 'female', 'name': {'title': 'Ms', 'first': 'درسا', 'last': 'مرادی'}, 'location': {'street': {'number': 6797, 'name': 'نبرد'}, 'city': 'کرمانشاه', 'state': 'چهارمحال و بختیاری', 'country': 'Iran', 'postcode': 67371, 'coordinates': {'latitude': '20.1121', 'longitude': '112.2644'}, 'timezone': {'offset': '+10:00', 'description': 'Eastern Australia, Guam, Vladivostok'}}, 'email': 'drs.mrdy@example.com', 'login': {'uuid': '59efadec-a134-4811-ba2e-b85530086f46', 'username': 'tinypeacock553', 'password': 'bilbo', 'salt': 'empFfgnO', 'md5': '736bcdad20b91f96c5b3ef9cbc789ff5', 'sha1': '5cc08f824c5bce8409b289893b1a63873c80ad5d', 'sha256': 'ac0a218278d4c83c250b5a675c4cd85d2a9be7958faffd54dc4466952691e0e1'}, 'dob': {'date': '1964-05-28T22:57:16.028Z', 'age': 59}, 'registered': {'date': '2009-06-01T21:48:00.620Z', 'age': 14}, 'phone': '000-53923455', 'cell': '0968-042-2503', 'id': {'name': '', 'value': None}, 'picture': {'large': 'https://randomuser.me/api/portraits/women/24.jpg', 'medium': 'https://randomuser.me/api/portraits/med/women/24.jpg', 'thumbnail': 'https://randomuser.me/api/portraits/thumb/women/24.jpg'}, 'nat': 'IR'}], 'info': {'seed': 'adcb2854a7507422', 'results': 1, 'page': 1, 'version': '1.4'}}</msg>
<arg>${json_data}</arg>
<doc>Logs the given message with the given level.</doc>
<status status="PASS" start="2024-04-10T20:14:22.649919" elapsed="0.000241"/>
</kw>
<kw name="Should Be String" owner="String">
<arg>${json_data['results'][0]['gender']}</arg>
<doc>Fails if the given ``item`` is not a string.</doc>
<status status="PASS" start="2024-04-10T20:14:22.650461" elapsed="0.000368"/>
</kw>
<kw name="Should Match Regexp" owner="BuiltIn">
<arg>${json_data['results'][0]['email']}</arg>
<arg>^[a-zA-Z0-9._%+-]+@[a-zA-Z0-9.-]+\.[a-zA-Z]{2,}$</arg>
<doc>Fails if ``string`` does not match ``pattern`` as a regular expression.</doc>
<status status="PASS" start="2024-04-10T20:14:22.651020" elapsed="0.000509"/>
</kw>
<kw name="Should Match Regexp" owner="BuiltIn">
<arg>${json_data['results'][0]['dob']['date']}</arg>
<arg>\\d{4}-\\d{2}-\\d{2}T\\d{2}:\\d{2}:\\d{2}\\.\\d{3}Z</arg>
<doc>Fails if ``string`` does not match ``pattern`` as a regular expression.</doc>
<status status="PASS" start="2024-04-10T20:14:22.651725" elapsed="0.000476"/>
</kw>
<kw name="Should Match Regexp" owner="BuiltIn">
<arg>${json_data['results'][0]['registered']['date']}</arg>
<arg>\\d{4}-\\d{2}-\\d{2}T\\d{2}:\\d{2}:\\d{2}\\.\\d{3}Z</arg>
<doc>Fails if ``string`` does not match ``pattern`` as a regular expression.</doc>
<status status="PASS" start="2024-04-10T20:14:22.652397" elapsed="0.000377"/>
</kw>
<kw name="Should Match Regexp" owner="BuiltIn">
<arg>${json_data['results'][0]['picture']['large']}</arg>
<arg>^https?://.*\.(?:png|jpe?g|gif|bmp)$</arg>
<doc>Fails if ``string`` does not match ``pattern`` as a regular expression.</doc>
<status status="PASS" start="2024-04-10T20:14:22.652961" elapsed="0.000454"/>
</kw>
<kw name="Should Match Regexp" owner="BuiltIn">
<arg>${json_data['results'][0]['picture']['medium']}</arg>
<arg>^https?://.*\.(?:png|jpe?g|gif|bmp)$</arg>
<doc>Fails if ``string`` does not match ``pattern`` as a regular expression.</doc>
<status status="PASS" start="2024-04-10T20:14:22.653632" elapsed="0.000383"/>
</kw>
<kw name="Should Match Regexp" owner="BuiltIn">
<arg>${json_data['results'][0]['picture']['thumbnail']}</arg>
<arg>^https?://.*\.(?:png|jpe?g|gif|bmp)$</arg>
<doc>Fails if ``string`` does not match ``pattern`` as a regular expression.</doc>
<status status="PASS" start="2024-04-10T20:14:22.654201" elapsed="0.000357"/>
</kw>
<kw name="Log" owner="BuiltIn">
<msg time="2024-04-10T20:14:22.655058" level="INFO">{'large': 'https://randomuser.me/api/portraits/women/24.jpg', 'medium': 'https://randomuser.me/api/portraits/med/women/24.jpg', 'thumbnail': 'https://randomuser.me/api/portraits/thumb/women/24.jpg'}</msg>
<arg>${json_data['results'][0]['picture']}</arg>
<doc>Logs the given message with the given level.</doc>
<status status="PASS" start="2024-04-10T20:14:22.654737" elapsed="0.000362"/>
</kw>
<status status="PASS" start="2024-04-10T20:14:22.540179" elapsed="0.115173"/>
</kw>
<kw name="Teste de Tipos de Dados - Postcode" owner="random-user-service">
<kw name="GET On Session" owner="RequestsLibrary">
<msg time="2024-04-10T20:14:22.752590" level="INFO">GET Request : url=https://randomuser.me/api 
 path_url=/api 
 headers={'User-Agent': 'python-requests/2.31.0', 'Accept-Encoding': 'gzip, deflate', 'Accept': '*/*', 'Connection': 'keep-alive'} 
 body=None 
 </msg>
<msg time="2024-04-10T20:14:22.752675" level="INFO">GET Response : url=https://randomuser.me/api 
 status=200, reason=OK 
 headers={'Date': 'Wed, 10 Apr 2024 20:14:22 GMT', 'Content-Type': 'application/json; charset=utf-8', 'Transfer-Encoding': 'chunked', 'Connection': 'keep-alive', 'X-Powered-By': 'Express', 'Access-Control-Allow-Origin': '*', 'Cache-Control': 'no-cache', 'ETag': 'W/"478-gxG/n94Hh1rmuqmAEGS40FmGDRo"', 'Vary': 'Accept-Encoding', 'Content-Encoding': 'gzip', 'CF-Cache-Status': 'DYNAMIC', 'Report-To': '{"endpoints":[{"url":"https:\\/\\/a.nel.cloudflare.com\\/report\\/v4?s=SrKTYV%2BRkCkSaTlBc9Yv2GRQc5qhIgDekB%2F3FQhjmVcMcaGJBMYDMYc3R9FFIObiATwrxcBJgyJwar1DQnUrBrMa9S8pBw86CmxLLwPzycDoQvzadxBdxPBI8Zxy4wkz"}],"group":"cf-nel","max_age":604800}', 'NEL': '{"success_fraction":0,"report_to":"cf-nel","max_age":604800}', 'Server': 'cloudflare', 'CF-RAY': '8725671fad842ac5-LAX', 'alt-svc': 'h3=":443"; ma=86400'} 
 body={"results":[{"gender":"female","name":{"title":"Ms","first":"Norma","last":"Lane"},"location":{"street":{"number":823,"name":"Fairview St"},"city":"Warrnambool","state":"New South Wales","country":"Australia","postcode":7702,"coordinates":{"latitude":"-83.5923","longitude":"5.3751"},"timezone":{"offset":"+5:45","description":"Kathmandu"}},"email":"norma.lane@example.com","login":{"uuid":"b8ab14f3-b22e-437f-8a94-51709b96285d","username":"crazyfrog196","password":"modles","salt":"kl4mB0IP","md5":"b69cf083a9190039ee7a75a97af56119","sha1":"7bc8703310394f9cd05ebd3de9d569c7718baf37","sha256":"fcd5d29fdcd9634c46dd39a1c112fb96e1e3d936894c6d9415e67215b6fa6a50"},"dob":{"date":"1970-12-31T22:58:19.964Z","age":53},"registered":{"date":"2002-10-20T13:38:16.383Z","age":21},"phone":"07-5415-3848","cell":"0494-169-185","id":{"name":"TFN","value":"285939887"},"picture":{"large":"https://randomuser.me/api/portraits/women/57.jpg","medium":"https://randomuser.me/api/portraits/med/women/57.jpg","thumbnail":"https://randomuser.me/api/portraits/thumb/women/57.jpg"},"nat":"AU"}],"info":{"seed":"85e84ec588785355","results":1,"page":1,"version":"1.4"}} 
 </msg>
<msg time="2024-04-10T20:14:22.752763" level="INFO">/opt/hostedtoolcache/Python/3.12.2/x64/lib/python3.12/site-packages/urllib3/connectionpool.py:1103: InsecureRequestWarning: Unverified HTTPS request is being made to host 'randomuser.me'. Adding certificate verification is strongly advised. See: https://urllib3.readthedocs.io/en/latest/advanced-usage.html#tls-warnings
  warnings.warn(</msg>
<msg time="2024-04-10T20:14:22.752908" level="INFO">${response} = &lt;Response [200]&gt;</msg>
<var>${response}</var>
<arg>consultarAPI</arg>
<arg>/api</arg>
<doc>Sends a GET request on a previously created HTTP Session.</doc>
<status status="PASS" start="2024-04-10T20:14:22.655799" elapsed="0.097165"/>
</kw>
<kw name="Set Variable" owner="BuiltIn">
<msg time="2024-04-10T20:14:22.753853" level="INFO">${json_data} = {'results': [{'gender': 'female', 'name': {'title': 'Ms', 'first': 'Norma', 'last': 'Lane'}, 'location': {'street': {'number': 823, 'name': 'Fairview St'}, 'city': 'Warrnambool', 'state': 'New South W...</msg>
<var>${json_data}</var>
<arg>${response.json()}</arg>
<doc>Returns the given values which can then be assigned to a variables.</doc>
<status status="PASS" start="2024-04-10T20:14:22.753361" elapsed="0.000520"/>
</kw>
<kw name="Log" owner="BuiltIn">
<msg time="2024-04-10T20:14:22.754332" level="INFO">{'results': [{'gender': 'female', 'name': {'title': 'Ms', 'first': 'Norma', 'last': 'Lane'}, 'location': {'street': {'number': 823, 'name': 'Fairview St'}, 'city': 'Warrnambool', 'state': 'New South Wales', 'country': 'Australia', 'postcode': 7702, 'coordinates': {'latitude': '-83.5923', 'longitude': '5.3751'}, 'timezone': {'offset': '+5:45', 'description': 'Kathmandu'}}, 'email': 'norma.lane@example.com', 'login': {'uuid': 'b8ab14f3-b22e-437f-8a94-51709b96285d', 'username': 'crazyfrog196', 'password': 'modles', 'salt': 'kl4mB0IP', 'md5': 'b69cf083a9190039ee7a75a97af56119', 'sha1': '7bc8703310394f9cd05ebd3de9d569c7718baf37', 'sha256': 'fcd5d29fdcd9634c46dd39a1c112fb96e1e3d936894c6d9415e67215b6fa6a50'}, 'dob': {'date': '1970-12-31T22:58:19.964Z', 'age': 53}, 'registered': {'date': '2002-10-20T13:38:16.383Z', 'age': 21}, 'phone': '07-5415-3848', 'cell': '0494-169-185', 'id': {'name': 'TFN', 'value': '285939887'}, 'picture': {'large': 'https://randomuser.me/api/portraits/women/57.jpg', 'medium': 'https://randomuser.me/api/portraits/med/women/57.jpg', 'thumbnail': 'https://randomuser.me/api/portraits/thumb/women/57.jpg'}, 'nat': 'AU'}], 'info': {'seed': '85e84ec588785355', 'results': 1, 'page': 1, 'version': '1.4'}}</msg>
<arg>${json_data}</arg>
<doc>Logs the given message with the given level.</doc>
<status status="PASS" start="2024-04-10T20:14:22.754183" elapsed="0.000226"/>
</kw>
<kw name="Should Be Equal As Numbers" owner="BuiltIn">
<arg>${json_data['results'][0]['location']['postcode']}</arg>
<arg>${json_data['results'][0]['location']['postcode']}</arg>
<doc>Fails if objects are unequal after converting them to real numbers.</doc>
<status status="PASS" start="2024-04-10T20:14:22.754707" elapsed="0.000613"/>
</kw>
<kw name="Log" owner="BuiltIn">
<msg time="2024-04-10T20:14:22.755836" level="INFO">7702</msg>
<arg>${json_data['results'][0]['location']['postcode']}</arg>
<doc>Logs the given message with the given level.</doc>
<status status="PASS" start="2024-04-10T20:14:22.755508" elapsed="0.000368"/>
</kw>
<status status="PASS" start="2024-04-10T20:14:22.655568" elapsed="0.100557"/>
</kw>
<doc>Testa se os tipos de dados na resposta da API estão corretos.</doc>
<tag>testeTiposDados</tag>
<status status="PASS" start="2024-04-10T20:14:22.539658" elapsed="0.216630"/>
</test>
<test id="s1-s1-t5" name="Validar conteudo" line="35">
<kw name="Teste de Tipos de Conteudo" owner="random-user-service">
<kw name="GET On Session" owner="RequestsLibrary">
<msg time="2024-04-10T20:14:22.867762" level="INFO">GET Request : url=https://randomuser.me/api 
 path_url=/api 
 headers={'User-Agent': 'python-requests/2.31.0', 'Accept-Encoding': 'gzip, deflate', 'Accept': '*/*', 'Connection': 'keep-alive'} 
 body=None 
 </msg>
<msg time="2024-04-10T20:14:22.867857" level="INFO">GET Response : url=https://randomuser.me/api 
 status=200, reason=OK 
 headers={'Date': 'Wed, 10 Apr 2024 20:14:22 GMT', 'Content-Type': 'application/json; charset=utf-8', 'Transfer-Encoding': 'chunked', 'Connection': 'keep-alive', 'X-Powered-By': 'Express', 'Access-Control-Allow-Origin': '*', 'Cache-Control': 'no-cache', 'ETag': 'W/"477-ZS3TxbNY1tlBWWiVZqahiR3bKkw"', 'Vary': 'Accept-Encoding', 'Content-Encoding': 'gzip', 'CF-Cache-Status': 'DYNAMIC', 'Report-To': '{"endpoints":[{"url":"https:\\/\\/a.nel.cloudflare.com\\/report\\/v4?s=j%2BjsSwLTbSI%2FDPYTXZrV0QoKuN7olnW436Qb8%2BfIswwD1%2FJCdF62X4fhJAcnoqQq85gH2RMbVTAVtcfQycgNn982NHDmFu6qE9wbK0B3VCBK7oluGxB4gedtPUvgf3eP"}],"group":"cf-nel","max_age":604800}', 'NEL': '{"success_fraction":0,"report_to":"cf-nel","max_age":604800}', 'Server': 'cloudflare', 'CF-RAY': '872567204e5b2ac5-LAX', 'alt-svc': 'h3=":443"; ma=86400'} 
 body={"results":[{"gender":"male","name":{"title":"Mr","first":"Vedat","last":"Erez"},"location":{"street":{"number":7178,"name":"Tunalı Hilmi Cd"},"city":"Balıkesir","state":"Iğdır","country":"Turkey","postcode":57566,"coordinates":{"latitude":"65.1356","longitude":"-28.8218"},"timezone":{"offset":"+2:00","description":"Kaliningrad, South Africa"}},"email":"vedat.erez@example.com","login":{"uuid":"f58ba1f8-8971-44d0-a76e-b75e5f3ff20c","username":"heavywolf749","password":"john316","salt":"ILCeqYc6","md5":"80ee3f6345612a915035019568122c53","sha1":"a7f5d35d4f40cbf84aced19e83514784383fe41e","sha256":"49e1390293afbdcbd5d746422b5f53b553b67a63bee189def79db1f833d5d3aa"},"dob":{"date":"1971-06-05T09:33:25.991Z","age":52},"registered":{"date":"2009-10-04T14:46:00.111Z","age":14},"phone":"(392)-991-0867","cell":"(783)-370-1953","id":{"name":"","value":null},"picture":{"large":"https://randomuser.me/api/portraits/men/91.jpg","medium":"https://randomuser.me/api/portraits/med/men/91.jpg","thumbnail":"https://randomuser.me/api/portraits/thumb/men/91.jpg"},"nat":"TR"}],"info":{"seed":"7b29e059b67c2d44","results":1,"page":1,"version":"1.4"}} 
 </msg>
<msg time="2024-04-10T20:14:22.867938" level="INFO">/opt/hostedtoolcache/Python/3.12.2/x64/lib/python3.12/site-packages/urllib3/connectionpool.py:1103: InsecureRequestWarning: Unverified HTTPS request is being made to host 'randomuser.me'. Adding certificate verification is strongly advised. See: https://urllib3.readthedocs.io/en/latest/advanced-usage.html#tls-warnings
  warnings.warn(</msg>
<msg time="2024-04-10T20:14:22.868084" level="INFO">${response} = &lt;Response [200]&gt;</msg>
<var>${response}</var>
<arg>consultarAPI</arg>
<arg>/api</arg>
<doc>Sends a GET request on a previously created HTTP Session.</doc>
<status status="PASS" start="2024-04-10T20:14:22.758839" elapsed="0.109291"/>
</kw>
<kw name="Set Variable" owner="BuiltIn">
<msg time="2024-04-10T20:14:22.869093" level="INFO">${json_data} = {'results': [{'gender': 'male', 'name': {'title': 'Mr', 'first': 'Vedat', 'last': 'Erez'}, 'location': {'street': {'number': 7178, 'name': 'Tunalı Hilmi Cd'}, 'city': 'Balıkesir', 'state': 'Iğdır', 'c...</msg>
<var>${json_data}</var>
<arg>${response.json()}</arg>
<doc>Returns the given values which can then be assigned to a variables.</doc>
<status status="PASS" start="2024-04-10T20:14:22.868597" elapsed="0.000526"/>
</kw>
<kw name="Set Variable" owner="BuiltIn">
<msg time="2024-04-10T20:14:22.869851" level="INFO">${name_title} = Mr</msg>
<var>${name_title}</var>
<arg>${json_data["results"][0]["name"]["title"]}</arg>
<doc>Returns the given values which can then be assigned to a variables.</doc>
<status status="PASS" start="2024-04-10T20:14:22.869428" elapsed="0.000448"/>
</kw>
<kw name="Create List" owner="BuiltIn">
<msg time="2024-04-10T20:14:22.870327" level="INFO">${allowed_titles} = ['Mr', 'Ms', 'Miss', 'Mrs', 'Madame', 'Monsieur']</msg>
<var>${allowed_titles}</var>
<arg>Mr</arg>
<arg>Ms</arg>
<arg>Miss</arg>
<arg>Mrs</arg>
<arg>Madame</arg>
<arg>Monsieur</arg>
<doc>Returns a list containing given items.</doc>
<status status="PASS" start="2024-04-10T20:14:22.870178" elapsed="0.000173"/>
</kw>
<kw name="List Should Contain Value" owner="Collections">
<msg time="2024-04-10T20:14:22.870831" level="INFO">False</msg>
<arg>${allowed_titles}</arg>
<arg>${name_title}</arg>
<doc>Fails if the ``value`` is not found from ``list``.</doc>
<status status="PASS" start="2024-04-10T20:14:22.870658" elapsed="0.000210"/>
</kw>
<kw name="Set Variable" owner="BuiltIn">
<msg time="2024-04-10T20:14:22.871542" level="INFO">${name_country} = TR</msg>
<var>${name_country}</var>
<arg>${json_data["results"][0]["nat"]}</arg>
<doc>Returns the given values which can then be assigned to a variables.</doc>
<status status="PASS" start="2024-04-10T20:14:22.871164" elapsed="0.000403"/>
</kw>
<kw name="Create List" owner="BuiltIn">
<msg time="2024-04-10T20:14:22.872467" level="INFO">${list_country} = ['AD', 'AE', 'AF', 'AG', 'AI', 'AL', 'AM', 'AO', 'AQ', 'AR', 'AS', 'AT', 'AU', 'AW', 'AX', 'AZ', 'BA', 'BB', 'BD', 'BE', 'BF', 'BG', 'BH', 'BI', 'BJ', 'BL', 'BM', 'BN', 'BO', 'BQ', 'BR', 'BS', 'BT', '...</msg>
<var>${list_country}</var>
<arg>AD</arg>
<arg>AE</arg>
<arg>AF</arg>
<arg>AG</arg>
<arg>AI</arg>
<arg>AL</arg>
<arg>AM</arg>
<arg>AO</arg>
<arg>AQ</arg>
<arg>AR</arg>
<arg>AS</arg>
<arg>AT</arg>
<arg>AU</arg>
<arg>AW</arg>
<arg>AX</arg>
<arg>AZ</arg>
<arg>BA</arg>
<arg>BB</arg>
<arg>BD</arg>
<arg>BE</arg>
<arg>BF</arg>
<arg>BG</arg>
<arg>BH</arg>
<arg>BI</arg>
<arg>BJ</arg>
<arg>BL</arg>
<arg>BM</arg>
<arg>BN</arg>
<arg>BO</arg>
<arg>BQ</arg>
<arg>BR</arg>
<arg>BS</arg>
<arg>BT</arg>
<arg>BV</arg>
<arg>BW</arg>
<arg>BY</arg>
<arg>BZ</arg>
<arg>CA</arg>
<arg>CC</arg>
<arg>CD</arg>
<arg>CF</arg>
<arg>CG</arg>
<arg>CH</arg>
<arg>CI</arg>
<arg>CK</arg>
<arg>CL</arg>
<arg>CM</arg>
<arg>CN</arg>
<arg>CO</arg>
<arg>CR</arg>
<arg>CU</arg>
<arg>CV</arg>
<arg>CW</arg>
<arg>CX</arg>
<arg>CY</arg>
<arg>CZ</arg>
<arg>DE</arg>
<arg>DJ</arg>
<arg>DK</arg>
<arg>DM</arg>
<arg>DO</arg>
<arg>DZ</arg>
<arg>EC</arg>
<arg>EE</arg>
<arg>EG</arg>
<arg>EH</arg>
<arg>ER</arg>
<arg>ES</arg>
<arg>ET</arg>
<arg>FI</arg>
<arg>FJ</arg>
<arg>FK</arg>
<arg>FM</arg>
<arg>FO</arg>
<arg>FR</arg>
<arg>GA</arg>
<arg>GB</arg>
<arg>GD</arg>
<arg>GE</arg>
<arg>GF</arg>
<arg>GG</arg>
<arg>GH</arg>
<arg>GI</arg>
<arg>GL</arg>
<arg>GM</arg>
<arg>GN</arg>
<arg>GP</arg>
<arg>GQ</arg>
<arg>GR</arg>
<arg>GS</arg>
<arg>GT</arg>
<arg>GU</arg>
<arg>GW</arg>
<arg>GY</arg>
<arg>HK</arg>
<arg>HM</arg>
<arg>HN</arg>
<arg>HR</arg>
<arg>HT</arg>
<arg>HU</arg>
<arg>ID</arg>
<arg>IE</arg>
<arg>IL</arg>
<arg>IM</arg>
<arg>IN</arg>
<arg>IO</arg>
<arg>IQ</arg>
<arg>IR</arg>
<arg>IS</arg>
<arg>IT</arg>
<arg>JE</arg>
<arg>JM</arg>
<arg>JO</arg>
<arg>JP</arg>
<arg>KE</arg>
<arg>KG</arg>
<arg>KH</arg>
<arg>KI</arg>
<arg>KM</arg>
<arg>KN</arg>
<arg>KP</arg>
<arg>KR</arg>
<arg>KW</arg>
<arg>KY</arg>
<arg>KZ</arg>
<arg>LA</arg>
<arg>LB</arg>
<arg>LC</arg>
<arg>LI</arg>
<arg>LK</arg>
<arg>LR</arg>
<arg>LS</arg>
<arg>LT</arg>
<arg>LU</arg>
<arg>LV</arg>
<arg>LY</arg>
<arg>MA</arg>
<arg>MC</arg>
<arg>MD</arg>
<arg>ME</arg>
<arg>MF</arg>
<arg>MG</arg>
<arg>MH</arg>
<arg>MK</arg>
<arg>ML</arg>
<arg>MM</arg>
<arg>MN</arg>
<arg>MO</arg>
<arg>MP</arg>
<arg>MQ</arg>
<arg>MR</arg>
<arg>MS</arg>
<arg>MT</arg>
<arg>MU</arg>
<arg>MV</arg>
<arg>MW</arg>
<arg>MX</arg>
<arg>MY</arg>
<arg>MZ</arg>
<arg>NA</arg>
<arg>NC</arg>
<arg>NE</arg>
<arg>NF</arg>
<arg>NG</arg>
<arg>NI</arg>
<arg>NL</arg>
<arg>NO</arg>
<arg>NP</arg>
<arg>NR</arg>
<arg>NU</arg>
<arg>NZ</arg>
<arg>OM</arg>
<arg>PA</arg>
<arg>PE</arg>
<arg>PF</arg>
<arg>PG</arg>
<arg>PH</arg>
<arg>PK</arg>
<arg>PL</arg>
<arg>PM</arg>
<arg>PN</arg>
<arg>PR</arg>
<arg>PS</arg>
<arg>PT</arg>
<arg>PW</arg>
<arg>PY</arg>
<arg>QA</arg>
<arg>RE</arg>
<arg>RO</arg>
<arg>RS</arg>
<arg>RU</arg>
<arg>RW</arg>
<arg>SA</arg>
<arg>SB</arg>
<arg>SC</arg>
<arg>SD</arg>
<arg>SE</arg>
<arg>SG</arg>
<arg>SH</arg>
<arg>SI</arg>
<arg>SJ</arg>
<arg>SK</arg>
<arg>SL</arg>
<arg>SM</arg>
<arg>SN</arg>
<arg>SO</arg>
<arg>SR</arg>
<arg>SS</arg>
<arg>ST</arg>
<arg>SV</arg>
<arg>SX</arg>
<arg>SY</arg>
<arg>SZ</arg>
<arg>TC</arg>
<arg>TD</arg>
<arg>TF</arg>
<arg>TG</arg>
<arg>TH</arg>
<arg>TJ</arg>
<arg>TK</arg>
<arg>TL</arg>
<arg>TM</arg>
<arg>TN</arg>
<arg>TO</arg>
<arg>TR</arg>
<arg>TT</arg>
<arg>TV</arg>
<arg>TW</arg>
<arg>TZ</arg>
<arg>UA</arg>
<arg>UG</arg>
<arg>UM</arg>
<arg>US</arg>
<arg>UY</arg>
<arg>UZ</arg>
<arg>VA</arg>
<arg>VC</arg>
<arg>VE</arg>
<arg>VG</arg>
<arg>VI</arg>
<arg>VN</arg>
<arg>VU</arg>
<arg>WF</arg>
<arg>WS</arg>
<arg>XK</arg>
<arg>YE</arg>
<arg>YT</arg>
<arg>ZA</arg>
<arg>ZM</arg>
<arg>ZW</arg>
<doc>Returns a list containing given items.</doc>
<status status="PASS" start="2024-04-10T20:14:22.871870" elapsed="0.000622"/>
</kw>
<kw name="List Should Contain Value" owner="Collections">
<msg time="2024-04-10T20:14:22.873484" level="INFO">False</msg>
<arg>${list_country}</arg>
<arg>${name_country}</arg>
<doc>Fails if the ``value`` is not found from ``list``.</doc>
<status status="PASS" start="2024-04-10T20:14:22.873274" elapsed="0.000246"/>
</kw>
<kw name="Run Keyword If" owner="BuiltIn">
<kw name="Should Be True" owner="BuiltIn">
<arg>${True}</arg>
<doc>Fails if the given condition is not true.</doc>
<status status="PASS" start="2024-04-10T20:14:22.874765" elapsed="0.000146"/>
</kw>
<arg>${json_data["results"][0]["location"]["coordinates"]["latitude"]} &gt;= -90 and ${json_data["results"][0]["location"]["coordinates"]["latitude"]} &lt;= 90</arg>
<arg>Should Be True</arg>
<arg>${True}</arg>
<doc>Runs the given keyword with the given arguments, if ``condition`` is true.</doc>
<status status="PASS" start="2024-04-10T20:14:22.873880" elapsed="0.001159"/>
</kw>
<kw name="Run Keyword If" owner="BuiltIn">
<kw name="Should Be True" owner="BuiltIn">
<arg>${True}</arg>
<doc>Fails if the given condition is not true.</doc>
<status status="PASS" start="2024-04-10T20:14:22.875918" elapsed="0.000138"/>
</kw>
<arg>${json_data["results"][0]["location"]["coordinates"]["longitude"]} &gt;= -180 and ${json_data["results"][0]["location"]["coordinates"]["longitude"]} &lt;= 180</arg>
<arg>Should Be True</arg>
<arg>${True}</arg>
<doc>Runs the given keyword with the given arguments, if ``condition`` is true.</doc>
<status status="PASS" start="2024-04-10T20:14:22.875222" elapsed="0.000958"/>
</kw>
<status status="PASS" start="2024-04-10T20:14:22.758598" elapsed="0.117712"/>
</kw>
<doc>Testa o conteúdo específico dos campos retornados pela API.</doc>
<tag>testeConteudo</tag>
<status status="PASS" start="2024-04-10T20:14:22.758070" elapsed="0.118397"/>
</test>
<status status="PASS" start="2024-04-10T20:14:21.896586" elapsed="0.981864"/>
</suite>
<status status="PASS" start="2024-04-10T20:14:21.882784" elapsed="1.001002"/>
</suite>
<statistics>
<total>
<stat pass="5" fail="0" skip="0">All Tests</stat>
</total>
<tag>
<stat pass="1" fail="0" skip="0">testeConteudo</stat>
<stat pass="1" fail="0" skip="0">testeEstruturaResposta</stat>
<stat pass="1" fail="0" skip="0">testeRequisicaoBasica</stat>
<stat pass="1" fail="0" skip="0">testeTiposDados</stat>
</tag>
<suite>
<stat pass="5" fail="0" skip="0" id="s1" name="Tests">Tests</stat>
<stat pass="5" fail="0" skip="0" id="s1-s1" name="Random-User-Test">Tests.Random-User-Test</stat>
</suite>
</statistics>
<errors>
</errors>
</robot>
