<?xml version="1.0" encoding="UTF-8"?>
<robot generator="Robot 7.0 (Python 3.12.3 on linux)" generated="2024-06-02T13:14:40.975764" rpa="false" schemaversion="5">
<suite id="s1" name="Tests" source="/home/runner/work/ApiRandomUser/ApiRandomUser/RamdonUser/tests">
<suite id="s1-s1" name="Random-User-Test" source="/home/runner/work/ApiRandomUser/ApiRandomUser/RamdonUser/tests/random-user-test.robot">
<test id="s1-s1-t1" name="Conectar" line="13">
<kw name="Conectar API" owner="random-user-service">
<kw name="Create Session" owner="RequestsLibrary">
<msg time="2024-06-02T13:14:41.360095" level="INFO">Creating Session using : alias=consultarAPI, url=https://randomuser.me/, headers={},                     cookies={}, auth=None, timeout=None, proxies=None, verify=False,                     debug=0 </msg>
<arg>consultarAPI</arg>
<arg>${URL}</arg>
<doc>Create Session: create a HTTP session to a server</doc>
<status status="PASS" start="2024-06-02T13:14:41.359891" elapsed="0.000379"/>
</kw>
<status status="PASS" start="2024-06-02T13:14:41.358866" elapsed="0.001762"/>
</kw>
<status status="PASS" start="2024-06-02T13:14:41.358312" elapsed="0.002523"/>
</test>
<test id="s1-s1-t2" name="Validar retorno 200 e JSON Válido" line="16">
<kw name="Teste de Requisicao Basica" owner="random-user-service">
<kw name="GET On Session" owner="RequestsLibrary">
<msg time="2024-06-02T13:14:41.421438" level="INFO">GET Request : url=https://randomuser.me/api 
 path_url=/api 
 headers={'User-Agent': 'python-requests/2.32.3', 'Accept-Encoding': 'gzip, deflate', 'Accept': '*/*', 'Connection': 'keep-alive'} 
 body=None 
 </msg>
<msg time="2024-06-02T13:14:41.421579" level="INFO">GET Response : url=https://randomuser.me/api 
 status=200, reason=OK 
 headers={'Date': 'Sun, 02 Jun 2024 13:14:41 GMT', 'Content-Type': 'application/json; charset=utf-8', 'Transfer-Encoding': 'chunked', 'Connection': 'keep-alive', 'X-Powered-By': 'Express', 'Access-Control-Allow-Origin': '*', 'Cache-Control': 'no-cache', 'ETag': 'W/"491-03SUzh1dly5dz2CKIVLtpHQKTsk"', 'Vary': 'Accept-Encoding', 'Content-Encoding': 'gzip', 'CF-Cache-Status': 'DYNAMIC', 'Report-To': '{"endpoints":[{"url":"https:\\/\\/a.nel.cloudflare.com\\/report\\/v4?s=sfGsEexcI6pti%2Fe0cfwnnyu2J%2F9XYxW31%2BSjBylO1PAENJD%2FE5YoVci7LA3Ru15wCClHkI6qlc5FF7L%2BKfFwIAMUfj4rV5VVxYaij5425zxlQU3T06U2kMYynZzEyxkz"}],"group":"cf-nel","max_age":604800}', 'NEL': '{"success_fraction":0,"report_to":"cf-nel","max_age":604800}', 'Server': 'cloudflare', 'CF-RAY': '88d7b538bdd23b17-IAD', 'alt-svc': 'h3=":443"; ma=86400'} 
 body={"results":[{"gender":"male","name":{"title":"Mr","first":"Macit","last":"Özbir"},"location":{"street":{"number":2182,"name":"Fatih Sultan Mehmet Cd"},"city":"Karabük","state":"Kahramanmaraş","country":"Turkey","postcode":66351,"coordinates":{"latitude":"71.9143","longitude":"-149.4650"},"timezone":{"offset":"+1:00","description":"Brussels, Copenhagen, Madrid, Paris"}},"email":"macit.ozbir@example.com","login":{"uuid":"af73cf9a-ad5b-4500-ba3c-a0f7a08467da","username":"brownrabbit675","password":"nipples","salt":"NZvRwcaT","md5":"18bab8f7cced0dfc5055bbb1839d48bc","sha1":"d3fe3ed98629c4cc9723f7fcaa82544e67a3d1d8","sha256":"43623b65f955bfb4cfdb77cb1fc0b7ce007bbd6a5302514007c2f5481468a008"},"dob":{"date":"1947-05-27T03:08:31.809Z","age":77},"registered":{"date":"2021-10-17T23:20:55.716Z","age":2},"phone":"(605)-244-8603","cell":"(741)-201-6161","id":{"name":"","value":null},"picture":{"large":"https://randomuser.me/api/portraits/men/49.jpg","medium":"https://randomuser.me/api/portraits/med/men/49.jpg","thumbnail":"https://randomuser.me/api/portraits/thumb/men/49.jpg"},"nat":"TR"}],"info":{"seed":"71f78e1378d311b6","results":1,"page":1,"version":"1.4"}} 
 </msg>
<msg time="2024-06-02T13:14:41.421673" level="INFO">/opt/hostedtoolcache/Python/3.12.3/x64/lib/python3.12/site-packages/urllib3/connectionpool.py:1103: InsecureRequestWarning: Unverified HTTPS request is being made to host 'randomuser.me'. Adding certificate verification is strongly advised. See: https://urllib3.readthedocs.io/en/latest/advanced-usage.html#tls-warnings
  warnings.warn(</msg>
<msg time="2024-06-02T13:14:41.421837" level="INFO">${response} = &lt;Response [200]&gt;</msg>
<var>${response}</var>
<arg>consultarAPI</arg>
<arg>/api</arg>
<doc>Sends a GET request on a previously created HTTP Session.</doc>
<status status="PASS" start="2024-06-02T13:14:41.363562" elapsed="0.058320"/>
</kw>
<kw name="Should Be Equal As Numbers" owner="BuiltIn">
<msg time="2024-06-02T13:14:41.422756" level="INFO">Argument types are:
&lt;class 'int'&gt;
&lt;class 'str'&gt;</msg>
<arg>${response.status_code}</arg>
<arg>200</arg>
<doc>Fails if objects are unequal after converting them to real numbers.</doc>
<status status="PASS" start="2024-06-02T13:14:41.422302" elapsed="0.000519"/>
</kw>
<kw name="Log" owner="BuiltIn">
<msg time="2024-06-02T13:14:41.423524" level="INFO">200</msg>
<arg>${response.status_code}</arg>
<doc>Logs the given message with the given level.</doc>
<status status="PASS" start="2024-06-02T13:14:41.423176" elapsed="0.000396"/>
</kw>
<kw name="Set Variable" owner="BuiltIn">
<msg time="2024-06-02T13:14:41.424332" level="INFO">${json_data} = {'results': [{'gender': 'male', 'name': {'title': 'Mr', 'first': 'Macit', 'last': 'Özbir'}, 'location': {'street': {'number': 2182, 'name': 'Fatih Sultan Mehmet Cd'}, 'city': 'Karabük', 'state': 'Kahr...</msg>
<var>${json_data}</var>
<arg>${response.json()}</arg>
<doc>Returns the given values which can then be assigned to a variables.</doc>
<status status="PASS" start="2024-06-02T13:14:41.423885" elapsed="0.000477"/>
</kw>
<kw name="Dictionary Should Contain Key" owner="Collections">
<msg time="2024-06-02T13:14:41.424841" level="INFO">False</msg>
<arg>${json_data}</arg>
<arg>results</arg>
<doc>Fails if ``key`` is not found from ``dictionary``.</doc>
<status status="PASS" start="2024-06-02T13:14:41.424667" elapsed="0.000342"/>
</kw>
<status status="PASS" start="2024-06-02T13:14:41.363315" elapsed="0.061960"/>
</kw>
<doc>Testa se a API responde corretamente e retorna um objeto JSON válido.</doc>
<tag>testeRequisicaoBasica</tag>
<status status="PASS" start="2024-06-02T13:14:41.362777" elapsed="0.062669"/>
</test>
<test id="s1-s1-t3" name="Validar estrutura de resposta" line="22">
<kw name="Teste de Estrutura de Resposta" owner="random-user-service">
<kw name="GET On Session" owner="RequestsLibrary">
<msg time="2024-06-02T13:14:41.517664" level="INFO">GET Request : url=https://randomuser.me/api 
 path_url=/api 
 headers={'User-Agent': 'python-requests/2.32.3', 'Accept-Encoding': 'gzip, deflate', 'Accept': '*/*', 'Connection': 'keep-alive'} 
 body=None 
 </msg>
<msg time="2024-06-02T13:14:41.517762" level="INFO">GET Response : url=https://randomuser.me/api 
 status=200, reason=OK 
 headers={'Date': 'Sun, 02 Jun 2024 13:14:41 GMT', 'Content-Type': 'application/json; charset=utf-8', 'Transfer-Encoding': 'chunked', 'Connection': 'keep-alive', 'X-Powered-By': 'Express', 'Access-Control-Allow-Origin': '*', 'Cache-Control': 'no-cache', 'ETag': 'W/"494-4j2ICn/CgaIIXdpOoktNWOowE/A"', 'Vary': 'Accept-Encoding', 'Content-Encoding': 'gzip', 'CF-Cache-Status': 'DYNAMIC', 'Report-To': '{"endpoints":[{"url":"https:\\/\\/a.nel.cloudflare.com\\/report\\/v4?s=Nbie264RsxIaf1UQ4MrCAzZ5F5ZXNfW%2FBYkuX8EsZW8z3ffxU5Pt9JD5nZH1mLZOQeMfhI3D1PJCwchuMG1xZcXyzX5%2BM53DNVoHue86igabSlskvWoI2e8LXuTChAES"}],"group":"cf-nel","max_age":604800}', 'NEL': '{"success_fraction":0,"report_to":"cf-nel","max_age":604800}', 'Server': 'cloudflare', 'CF-RAY': '88d7b538fe183b17-IAD', 'alt-svc': 'h3=":443"; ma=86400'} 
 body={"results":[{"gender":"female","name":{"title":"Miss","first":"Olivia","last":"Lawrence"},"location":{"street":{"number":7274,"name":"W Sherman Dr"},"city":"Kalgoorlie","state":"Australian Capital Territory","country":"Australia","postcode":2465,"coordinates":{"latitude":"-88.7313","longitude":"83.2597"},"timezone":{"offset":"+3:30","description":"Tehran"}},"email":"olivia.lawrence@example.com","login":{"uuid":"b829be70-21cc-49a5-834b-588993c060ed","username":"silvergoose558","password":"dolphin1","salt":"fVWKOwtm","md5":"7fb1ce39b00892bd75f557f03e2e04c2","sha1":"b7da364abf9f5d0be703b10577664c55dddf4e0b","sha256":"f999d2545d9acf29b69f7fbd3ddef9a4c3c7691ae74689205574b4507935b41b"},"dob":{"date":"1973-06-18T16:56:30.139Z","age":50},"registered":{"date":"2013-10-12T05:26:32.885Z","age":10},"phone":"02-8030-9888","cell":"0446-659-306","id":{"name":"TFN","value":"252476786"},"picture":{"large":"https://randomuser.me/api/portraits/women/60.jpg","medium":"https://randomuser.me/api/portraits/med/women/60.jpg","thumbnail":"https://randomuser.me/api/portraits/thumb/women/60.jpg"},"nat":"AU"}],"info":{"seed":"d7c592d2a0e81118","results":1,"page":1,"version":"1.4"}} 
 </msg>
<msg time="2024-06-02T13:14:41.517887" level="INFO">/opt/hostedtoolcache/Python/3.12.3/x64/lib/python3.12/site-packages/urllib3/connectionpool.py:1103: InsecureRequestWarning: Unverified HTTPS request is being made to host 'randomuser.me'. Adding certificate verification is strongly advised. See: https://urllib3.readthedocs.io/en/latest/advanced-usage.html#tls-warnings
  warnings.warn(</msg>
<msg time="2024-06-02T13:14:41.518007" level="INFO">${response} = &lt;Response [200]&gt;</msg>
<var>${response}</var>
<arg>consultarAPI</arg>
<arg>/api</arg>
<doc>Sends a GET request on a previously created HTTP Session.</doc>
<status status="PASS" start="2024-06-02T13:14:41.428005" elapsed="0.090036"/>
</kw>
<kw name="Set Variable" owner="BuiltIn">
<msg time="2024-06-02T13:14:41.518978" level="INFO">${json_data} = {'results': [{'gender': 'female', 'name': {'title': 'Miss', 'first': 'Olivia', 'last': 'Lawrence'}, 'location': {'street': {'number': 7274, 'name': 'W Sherman Dr'}, 'city': 'Kalgoorlie', 'state': 'Aus...</msg>
<var>${json_data}</var>
<arg>${response.json()}</arg>
<doc>Returns the given values which can then be assigned to a variables.</doc>
<status status="PASS" start="2024-06-02T13:14:41.518486" elapsed="0.000521"/>
</kw>
<kw name="Log" owner="BuiltIn">
<msg time="2024-06-02T13:14:41.519469" level="INFO">{'results': [{'gender': 'female', 'name': {'title': 'Miss', 'first': 'Olivia', 'last': 'Lawrence'}, 'location': {'street': {'number': 7274, 'name': 'W Sherman Dr'}, 'city': 'Kalgoorlie', 'state': 'Australian Capital Territory', 'country': 'Australia', 'postcode': 2465, 'coordinates': {'latitude': '-88.7313', 'longitude': '83.2597'}, 'timezone': {'offset': '+3:30', 'description': 'Tehran'}}, 'email': 'olivia.lawrence@example.com', 'login': {'uuid': 'b829be70-21cc-49a5-834b-588993c060ed', 'username': 'silvergoose558', 'password': 'dolphin1', 'salt': 'fVWKOwtm', 'md5': '7fb1ce39b00892bd75f557f03e2e04c2', 'sha1': 'b7da364abf9f5d0be703b10577664c55dddf4e0b', 'sha256': 'f999d2545d9acf29b69f7fbd3ddef9a4c3c7691ae74689205574b4507935b41b'}, 'dob': {'date': '1973-06-18T16:56:30.139Z', 'age': 50}, 'registered': {'date': '2013-10-12T05:26:32.885Z', 'age': 10}, 'phone': '02-8030-9888', 'cell': '0446-659-306', 'id': {'name': 'TFN', 'value': '252476786'}, 'picture': {'large': 'https://randomuser.me/api/portraits/women/60.jpg', 'medium': 'https://randomuser.me/api/portraits/med/women/60.jpg', 'thumbnail': 'https://randomuser.me/api/portraits/thumb/women/60.jpg'}, 'nat': 'AU'}], 'info': {'seed': 'd7c592d2a0e81118', 'results': 1, 'page': 1, 'version': '1.4'}}</msg>
<arg>${json_data}</arg>
<doc>Logs the given message with the given level.</doc>
<status status="PASS" start="2024-06-02T13:14:41.519315" elapsed="0.000201"/>
</kw>
<kw name="Dictionary Should Contain Key" owner="Collections">
<msg time="2024-06-02T13:14:41.519961" level="INFO">False</msg>
<arg>${json_data}</arg>
<arg>results</arg>
<doc>Fails if ``key`` is not found from ``dictionary``.</doc>
<status status="PASS" start="2024-06-02T13:14:41.519809" elapsed="0.000188"/>
</kw>
<kw name="Should Not Be Empty" owner="BuiltIn">
<msg time="2024-06-02T13:14:41.520448" level="INFO">Length is 2.</msg>
<arg>${json_data}</arg>
<doc>Verifies that the given item is not empty.</doc>
<status status="PASS" start="2024-06-02T13:14:41.520312" elapsed="0.000174"/>
</kw>
<kw name="Create List" owner="BuiltIn">
<msg time="2024-06-02T13:14:41.520923" level="INFO">${expected_keys} = ['gender', 'name', 'location', 'email', 'login']</msg>
<var>${expected_keys}</var>
<arg>gender</arg>
<arg>name</arg>
<arg>location</arg>
<arg>email</arg>
<arg>login</arg>
<doc>Returns a list containing given items.</doc>
<status status="PASS" start="2024-06-02T13:14:41.520777" elapsed="0.000169"/>
</kw>
<for flavor="IN">
<iter>
<kw name="Dictionary Should Contain Key" owner="Collections">
<msg time="2024-06-02T13:14:41.521914" level="INFO">False</msg>
<arg>${json_data['results'][0]}</arg>
<arg>${key}</arg>
<doc>Fails if ``key`` is not found from ``dictionary``.</doc>
<status status="PASS" start="2024-06-02T13:14:41.521512" elapsed="0.000446"/>
</kw>
<kw name="Log" owner="BuiltIn">
<msg time="2024-06-02T13:14:41.522698" level="INFO">{'gender': 'female', 'name': {'title': 'Miss', 'first': 'Olivia', 'last': 'Lawrence'}, 'location': {'street': {'number': 7274, 'name': 'W Sherman Dr'}, 'city': 'Kalgoorlie', 'state': 'Australian Capital Territory', 'country': 'Australia', 'postcode': 2465, 'coordinates': {'latitude': '-88.7313', 'longitude': '83.2597'}, 'timezone': {'offset': '+3:30', 'description': 'Tehran'}}, 'email': 'olivia.lawrence@example.com', 'login': {'uuid': 'b829be70-21cc-49a5-834b-588993c060ed', 'username': 'silvergoose558', 'password': 'dolphin1', 'salt': 'fVWKOwtm', 'md5': '7fb1ce39b00892bd75f557f03e2e04c2', 'sha1': 'b7da364abf9f5d0be703b10577664c55dddf4e0b', 'sha256': 'f999d2545d9acf29b69f7fbd3ddef9a4c3c7691ae74689205574b4507935b41b'}, 'dob': {'date': '1973-06-18T16:56:30.139Z', 'age': 50}, 'registered': {'date': '2013-10-12T05:26:32.885Z', 'age': 10}, 'phone': '02-8030-9888', 'cell': '0446-659-306', 'id': {'name': 'TFN', 'value': '252476786'}, 'picture': {'large': 'https://randomuser.me/api/portraits/women/60.jpg', 'medium': 'https://randomuser.me/api/portraits/med/women/60.jpg', 'thumbnail': 'https://randomuser.me/api/portraits/thumb/women/60.jpg'}, 'nat': 'AU'}</msg>
<arg>${json_data['results'][0]}</arg>
<doc>Logs the given message with the given level.</doc>
<status status="PASS" start="2024-06-02T13:14:41.522262" elapsed="0.000513"/>
</kw>
<kw name="Log" owner="BuiltIn">
<msg time="2024-06-02T13:14:41.523263" level="INFO">gender</msg>
<arg>${key}</arg>
<doc>Logs the given message with the given level.</doc>
<status status="PASS" start="2024-06-02T13:14:41.523131" elapsed="0.000170"/>
</kw>
<var name="${key}">gender</var>
<status status="PASS" start="2024-06-02T13:14:41.521388" elapsed="0.002130"/>
</iter>
<iter>
<kw name="Dictionary Should Contain Key" owner="Collections">
<msg time="2024-06-02T13:14:41.524217" level="INFO">False</msg>
<arg>${json_data['results'][0]}</arg>
<arg>${key}</arg>
<doc>Fails if ``key`` is not found from ``dictionary``.</doc>
<status status="PASS" start="2024-06-02T13:14:41.523829" elapsed="0.000427"/>
</kw>
<kw name="Log" owner="BuiltIn">
<msg time="2024-06-02T13:14:41.524941" level="INFO">{'gender': 'female', 'name': {'title': 'Miss', 'first': 'Olivia', 'last': 'Lawrence'}, 'location': {'street': {'number': 7274, 'name': 'W Sherman Dr'}, 'city': 'Kalgoorlie', 'state': 'Australian Capital Territory', 'country': 'Australia', 'postcode': 2465, 'coordinates': {'latitude': '-88.7313', 'longitude': '83.2597'}, 'timezone': {'offset': '+3:30', 'description': 'Tehran'}}, 'email': 'olivia.lawrence@example.com', 'login': {'uuid': 'b829be70-21cc-49a5-834b-588993c060ed', 'username': 'silvergoose558', 'password': 'dolphin1', 'salt': 'fVWKOwtm', 'md5': '7fb1ce39b00892bd75f557f03e2e04c2', 'sha1': 'b7da364abf9f5d0be703b10577664c55dddf4e0b', 'sha256': 'f999d2545d9acf29b69f7fbd3ddef9a4c3c7691ae74689205574b4507935b41b'}, 'dob': {'date': '1973-06-18T16:56:30.139Z', 'age': 50}, 'registered': {'date': '2013-10-12T05:26:32.885Z', 'age': 10}, 'phone': '02-8030-9888', 'cell': '0446-659-306', 'id': {'name': 'TFN', 'value': '252476786'}, 'picture': {'large': 'https://randomuser.me/api/portraits/women/60.jpg', 'medium': 'https://randomuser.me/api/portraits/med/women/60.jpg', 'thumbnail': 'https://randomuser.me/api/portraits/thumb/women/60.jpg'}, 'nat': 'AU'}</msg>
<arg>${json_data['results'][0]}</arg>
<doc>Logs the given message with the given level.</doc>
<status status="PASS" start="2024-06-02T13:14:41.524582" elapsed="0.000410"/>
</kw>
<kw name="Log" owner="BuiltIn">
<msg time="2024-06-02T13:14:41.525421" level="INFO">name</msg>
<arg>${key}</arg>
<doc>Logs the given message with the given level.</doc>
<status status="PASS" start="2024-06-02T13:14:41.525293" elapsed="0.000166"/>
</kw>
<var name="${key}">name</var>
<status status="PASS" start="2024-06-02T13:14:41.523712" elapsed="0.001967"/>
</iter>
<iter>
<kw name="Dictionary Should Contain Key" owner="Collections">
<msg time="2024-06-02T13:14:41.526345" level="INFO">False</msg>
<arg>${json_data['results'][0]}</arg>
<arg>${key}</arg>
<doc>Fails if ``key`` is not found from ``dictionary``.</doc>
<status status="PASS" start="2024-06-02T13:14:41.525971" elapsed="0.000413"/>
</kw>
<kw name="Log" owner="BuiltIn">
<msg time="2024-06-02T13:14:41.527093" level="INFO">{'gender': 'female', 'name': {'title': 'Miss', 'first': 'Olivia', 'last': 'Lawrence'}, 'location': {'street': {'number': 7274, 'name': 'W Sherman Dr'}, 'city': 'Kalgoorlie', 'state': 'Australian Capital Territory', 'country': 'Australia', 'postcode': 2465, 'coordinates': {'latitude': '-88.7313', 'longitude': '83.2597'}, 'timezone': {'offset': '+3:30', 'description': 'Tehran'}}, 'email': 'olivia.lawrence@example.com', 'login': {'uuid': 'b829be70-21cc-49a5-834b-588993c060ed', 'username': 'silvergoose558', 'password': 'dolphin1', 'salt': 'fVWKOwtm', 'md5': '7fb1ce39b00892bd75f557f03e2e04c2', 'sha1': 'b7da364abf9f5d0be703b10577664c55dddf4e0b', 'sha256': 'f999d2545d9acf29b69f7fbd3ddef9a4c3c7691ae74689205574b4507935b41b'}, 'dob': {'date': '1973-06-18T16:56:30.139Z', 'age': 50}, 'registered': {'date': '2013-10-12T05:26:32.885Z', 'age': 10}, 'phone': '02-8030-9888', 'cell': '0446-659-306', 'id': {'name': 'TFN', 'value': '252476786'}, 'picture': {'large': 'https://randomuser.me/api/portraits/women/60.jpg', 'medium': 'https://randomuser.me/api/portraits/med/women/60.jpg', 'thumbnail': 'https://randomuser.me/api/portraits/thumb/women/60.jpg'}, 'nat': 'AU'}</msg>
<arg>${json_data['results'][0]}</arg>
<doc>Logs the given message with the given level.</doc>
<status status="PASS" start="2024-06-02T13:14:41.526725" elapsed="0.000426"/>
</kw>
<kw name="Log" owner="BuiltIn">
<msg time="2024-06-02T13:14:41.527582" level="INFO">location</msg>
<arg>${key}</arg>
<doc>Logs the given message with the given level.</doc>
<status status="PASS" start="2024-06-02T13:14:41.527454" elapsed="0.000167"/>
</kw>
<var name="${key}">location</var>
<status status="PASS" start="2024-06-02T13:14:41.525858" elapsed="0.001980"/>
</iter>
<iter>
<kw name="Dictionary Should Contain Key" owner="Collections">
<msg time="2024-06-02T13:14:41.528609" level="INFO">False</msg>
<arg>${json_data['results'][0]}</arg>
<arg>${key}</arg>
<doc>Fails if ``key`` is not found from ``dictionary``.</doc>
<status status="PASS" start="2024-06-02T13:14:41.528123" elapsed="0.000525"/>
</kw>
<kw name="Log" owner="BuiltIn">
<msg time="2024-06-02T13:14:41.529308" level="INFO">{'gender': 'female', 'name': {'title': 'Miss', 'first': 'Olivia', 'last': 'Lawrence'}, 'location': {'street': {'number': 7274, 'name': 'W Sherman Dr'}, 'city': 'Kalgoorlie', 'state': 'Australian Capital Territory', 'country': 'Australia', 'postcode': 2465, 'coordinates': {'latitude': '-88.7313', 'longitude': '83.2597'}, 'timezone': {'offset': '+3:30', 'description': 'Tehran'}}, 'email': 'olivia.lawrence@example.com', 'login': {'uuid': 'b829be70-21cc-49a5-834b-588993c060ed', 'username': 'silvergoose558', 'password': 'dolphin1', 'salt': 'fVWKOwtm', 'md5': '7fb1ce39b00892bd75f557f03e2e04c2', 'sha1': 'b7da364abf9f5d0be703b10577664c55dddf4e0b', 'sha256': 'f999d2545d9acf29b69f7fbd3ddef9a4c3c7691ae74689205574b4507935b41b'}, 'dob': {'date': '1973-06-18T16:56:30.139Z', 'age': 50}, 'registered': {'date': '2013-10-12T05:26:32.885Z', 'age': 10}, 'phone': '02-8030-9888', 'cell': '0446-659-306', 'id': {'name': 'TFN', 'value': '252476786'}, 'picture': {'large': 'https://randomuser.me/api/portraits/women/60.jpg', 'medium': 'https://randomuser.me/api/portraits/med/women/60.jpg', 'thumbnail': 'https://randomuser.me/api/portraits/thumb/women/60.jpg'}, 'nat': 'AU'}</msg>
<arg>${json_data['results'][0]}</arg>
<doc>Logs the given message with the given level.</doc>
<status status="PASS" start="2024-06-02T13:14:41.528949" elapsed="0.000409"/>
</kw>
<kw name="Log" owner="BuiltIn">
<msg time="2024-06-02T13:14:41.529786" level="INFO">email</msg>
<arg>${key}</arg>
<doc>Logs the given message with the given level.</doc>
<status status="PASS" start="2024-06-02T13:14:41.529656" elapsed="0.000168"/>
</kw>
<var name="${key}">email</var>
<status status="PASS" start="2024-06-02T13:14:41.528011" elapsed="0.002028"/>
</iter>
<iter>
<kw name="Dictionary Should Contain Key" owner="Collections">
<msg time="2024-06-02T13:14:41.530758" level="INFO">False</msg>
<arg>${json_data['results'][0]}</arg>
<arg>${key}</arg>
<doc>Fails if ``key`` is not found from ``dictionary``.</doc>
<status status="PASS" start="2024-06-02T13:14:41.530334" elapsed="0.000462"/>
</kw>
<kw name="Log" owner="BuiltIn">
<msg time="2024-06-02T13:14:41.531454" level="INFO">{'gender': 'female', 'name': {'title': 'Miss', 'first': 'Olivia', 'last': 'Lawrence'}, 'location': {'street': {'number': 7274, 'name': 'W Sherman Dr'}, 'city': 'Kalgoorlie', 'state': 'Australian Capital Territory', 'country': 'Australia', 'postcode': 2465, 'coordinates': {'latitude': '-88.7313', 'longitude': '83.2597'}, 'timezone': {'offset': '+3:30', 'description': 'Tehran'}}, 'email': 'olivia.lawrence@example.com', 'login': {'uuid': 'b829be70-21cc-49a5-834b-588993c060ed', 'username': 'silvergoose558', 'password': 'dolphin1', 'salt': 'fVWKOwtm', 'md5': '7fb1ce39b00892bd75f557f03e2e04c2', 'sha1': 'b7da364abf9f5d0be703b10577664c55dddf4e0b', 'sha256': 'f999d2545d9acf29b69f7fbd3ddef9a4c3c7691ae74689205574b4507935b41b'}, 'dob': {'date': '1973-06-18T16:56:30.139Z', 'age': 50}, 'registered': {'date': '2013-10-12T05:26:32.885Z', 'age': 10}, 'phone': '02-8030-9888', 'cell': '0446-659-306', 'id': {'name': 'TFN', 'value': '252476786'}, 'picture': {'large': 'https://randomuser.me/api/portraits/women/60.jpg', 'medium': 'https://randomuser.me/api/portraits/med/women/60.jpg', 'thumbnail': 'https://randomuser.me/api/portraits/thumb/women/60.jpg'}, 'nat': 'AU'}</msg>
<arg>${json_data['results'][0]}</arg>
<doc>Logs the given message with the given level.</doc>
<status status="PASS" start="2024-06-02T13:14:41.531092" elapsed="0.000409"/>
</kw>
<kw name="Log" owner="BuiltIn">
<msg time="2024-06-02T13:14:41.531956" level="INFO">login</msg>
<arg>${key}</arg>
<doc>Logs the given message with the given level.</doc>
<status status="PASS" start="2024-06-02T13:14:41.531826" elapsed="0.000169"/>
</kw>
<var name="${key}">login</var>
<status status="PASS" start="2024-06-02T13:14:41.530222" elapsed="0.002015"/>
</iter>
<var>${key}</var>
<value>@{expected_keys}</value>
<status status="PASS" start="2024-06-02T13:14:41.521201" elapsed="0.011163"/>
</for>
<kw name="Create List" owner="BuiltIn">
<msg time="2024-06-02T13:14:41.532717" level="INFO">${expected_keysTwo} = ['username', 'password']</msg>
<var>${expected_keysTwo}</var>
<arg>username</arg>
<arg>password</arg>
<doc>Returns a list containing given items.</doc>
<status status="PASS" start="2024-06-02T13:14:41.532558" elapsed="0.000183"/>
</kw>
<for flavor="IN">
<iter>
<kw name="Dictionary Should Contain Key" owner="Collections">
<msg time="2024-06-02T13:14:41.533622" level="INFO">False</msg>
<arg>${json_data['results'][0]['login']}</arg>
<arg>${keyTwo}</arg>
<doc>Fails if ``key`` is not found from ``dictionary``.</doc>
<status status="PASS" start="2024-06-02T13:14:41.533242" elapsed="0.000418"/>
</kw>
<kw name="Dictionary Should Contain Key" owner="Collections">
<msg time="2024-06-02T13:14:41.534335" level="INFO">False</msg>
<arg>${json_data['results'][0]['login']}</arg>
<arg>${keyTwo}</arg>
<doc>Fails if ``key`` is not found from ``dictionary``.</doc>
<status status="PASS" start="2024-06-02T13:14:41.533957" elapsed="0.000415"/>
</kw>
<kw name="Log" owner="BuiltIn">
<msg time="2024-06-02T13:14:41.534831" level="INFO">username</msg>
<arg>${keyTwo}</arg>
<doc>Logs the given message with the given level.</doc>
<status status="PASS" start="2024-06-02T13:14:41.534700" elapsed="0.000168"/>
</kw>
<var name="${keyTwo}">username</var>
<status status="PASS" start="2024-06-02T13:14:41.533132" elapsed="0.001951"/>
</iter>
<iter>
<kw name="Dictionary Should Contain Key" owner="Collections">
<msg time="2024-06-02T13:14:41.535760" level="INFO">False</msg>
<arg>${json_data['results'][0]['login']}</arg>
<arg>${keyTwo}</arg>
<doc>Fails if ``key`` is not found from ``dictionary``.</doc>
<status status="PASS" start="2024-06-02T13:14:41.535381" elapsed="0.000417"/>
</kw>
<kw name="Dictionary Should Contain Key" owner="Collections">
<msg time="2024-06-02T13:14:41.536468" level="INFO">False</msg>
<arg>${json_data['results'][0]['login']}</arg>
<arg>${keyTwo}</arg>
<doc>Fails if ``key`` is not found from ``dictionary``.</doc>
<status status="PASS" start="2024-06-02T13:14:41.536090" elapsed="0.000415"/>
</kw>
<kw name="Log" owner="BuiltIn">
<msg time="2024-06-02T13:14:41.536927" level="INFO">password</msg>
<arg>${keyTwo}</arg>
<doc>Logs the given message with the given level.</doc>
<status status="PASS" start="2024-06-02T13:14:41.536800" elapsed="0.000165"/>
</kw>
<var name="${keyTwo}">password</var>
<status status="PASS" start="2024-06-02T13:14:41.535271" elapsed="0.001912"/>
</iter>
<var>${keyTwo}</var>
<value>@{expected_keysTwo}</value>
<status status="PASS" start="2024-06-02T13:14:41.532981" elapsed="0.004324"/>
</for>
<status status="PASS" start="2024-06-02T13:14:41.427758" elapsed="0.109688"/>
</kw>
<doc>Testa a estrutura da resposta da API.</doc>
<tag>testeEstruturaResposta</tag>
<status status="PASS" start="2024-06-02T13:14:41.427271" elapsed="0.110325"/>
</test>
<test id="s1-s1-t4" name="Validar tipos de dados" line="28">
<kw name="Teste de Tipos de Dados" owner="random-user-service">
<kw name="GET On Session" owner="RequestsLibrary">
<msg time="2024-06-02T13:14:41.616297" level="INFO">GET Request : url=https://randomuser.me/api 
 path_url=/api 
 headers={'User-Agent': 'python-requests/2.32.3', 'Accept-Encoding': 'gzip, deflate', 'Accept': '*/*', 'Connection': 'keep-alive'} 
 body=None 
 </msg>
<msg time="2024-06-02T13:14:41.616385" level="INFO">GET Response : url=https://randomuser.me/api 
 status=200, reason=OK 
 headers={'Date': 'Sun, 02 Jun 2024 13:14:41 GMT', 'Content-Type': 'application/json; charset=utf-8', 'Transfer-Encoding': 'chunked', 'Connection': 'keep-alive', 'X-Powered-By': 'Express', 'Access-Control-Allow-Origin': '*', 'Cache-Control': 'no-cache', 'ETag': 'W/"493-DovScL1HearwhQYkqfYPTOI8zd0"', 'Vary': 'Accept-Encoding', 'Content-Encoding': 'gzip', 'CF-Cache-Status': 'DYNAMIC', 'Report-To': '{"endpoints":[{"url":"https:\\/\\/a.nel.cloudflare.com\\/report\\/v4?s=%2FJFoDfpev4PkhTD6%2Bkxth3fFV6bJWuyDjI6qwOShAPG4OAfxRU%2F3eHD6MX2CcrnfoarNPZJdX%2FJ4unL7hgDUNFrLWmHJtvWrT%2FROTOgmp%2Bljuxh%2BGkR5%2FtV2k3GZduGQ"}],"group":"cf-nel","max_age":604800}', 'NEL': '{"success_fraction":0,"report_to":"cf-nel","max_age":604800}', 'Server': 'cloudflare', 'CF-RAY': '88d7b539aede3b17-IAD', 'alt-svc': 'h3=":443"; ma=86400'} 
 body={"results":[{"gender":"female","name":{"title":"Mrs","first":"June","last":"Cole"},"location":{"street":{"number":8400,"name":"W Campbell Ave"},"city":"San Antonio","state":"Michigan","country":"United States","postcode":38414,"coordinates":{"latitude":"82.6103","longitude":"137.5144"},"timezone":{"offset":"+2:00","description":"Kaliningrad, South Africa"}},"email":"june.cole@example.com","login":{"uuid":"8288dec6-5c6b-41eb-802e-651331aa75d6","username":"whitegorilla384","password":"bungle","salt":"YxUf4TVa","md5":"10a11ba0ebeb7f04193e5ffe48093eb8","sha1":"c04f1c648670f6ac31bafb45b1f47d45f003c9c1","sha256":"4c3333ca1d7af37a9d0ceb4b2fe13d8c1a44e91abbfba5018ec77fccd957aad5"},"dob":{"date":"1948-12-14T10:35:15.093Z","age":75},"registered":{"date":"2006-10-05T09:31:38.876Z","age":17},"phone":"(266) 538-4314","cell":"(259) 935-8209","id":{"name":"SSN","value":"498-65-5666"},"picture":{"large":"https://randomuser.me/api/portraits/women/18.jpg","medium":"https://randomuser.me/api/portraits/med/women/18.jpg","thumbnail":"https://randomuser.me/api/portraits/thumb/women/18.jpg"},"nat":"US"}],"info":{"seed":"dbe6fdd4012e9a94","results":1,"page":1,"version":"1.4"}} 
 </msg>
<msg time="2024-06-02T13:14:41.616458" level="INFO">/opt/hostedtoolcache/Python/3.12.3/x64/lib/python3.12/site-packages/urllib3/connectionpool.py:1103: InsecureRequestWarning: Unverified HTTPS request is being made to host 'randomuser.me'. Adding certificate verification is strongly advised. See: https://urllib3.readthedocs.io/en/latest/advanced-usage.html#tls-warnings
  warnings.warn(</msg>
<msg time="2024-06-02T13:14:41.616580" level="INFO">${response} = &lt;Response [200]&gt;</msg>
<var>${response}</var>
<arg>consultarAPI</arg>
<arg>/api</arg>
<doc>Sends a GET request on a previously created HTTP Session.</doc>
<status status="PASS" start="2024-06-02T13:14:41.540148" elapsed="0.076480"/>
</kw>
<kw name="Set Variable" owner="BuiltIn">
<msg time="2024-06-02T13:14:41.617606" level="INFO">${json_data} = {'results': [{'gender': 'female', 'name': {'title': 'Mrs', 'first': 'June', 'last': 'Cole'}, 'location': {'street': {'number': 8400, 'name': 'W Campbell Ave'}, 'city': 'San Antonio', 'state': 'Michiga...</msg>
<var>${json_data}</var>
<arg>${response.json()}</arg>
<doc>Returns the given values which can then be assigned to a variables.</doc>
<status status="PASS" start="2024-06-02T13:14:41.617134" elapsed="0.000501"/>
</kw>
<kw name="Log" owner="BuiltIn">
<msg time="2024-06-02T13:14:41.618103" level="INFO">{'results': [{'gender': 'female', 'name': {'title': 'Mrs', 'first': 'June', 'last': 'Cole'}, 'location': {'street': {'number': 8400, 'name': 'W Campbell Ave'}, 'city': 'San Antonio', 'state': 'Michigan', 'country': 'United States', 'postcode': 38414, 'coordinates': {'latitude': '82.6103', 'longitude': '137.5144'}, 'timezone': {'offset': '+2:00', 'description': 'Kaliningrad, South Africa'}}, 'email': 'june.cole@example.com', 'login': {'uuid': '8288dec6-5c6b-41eb-802e-651331aa75d6', 'username': 'whitegorilla384', 'password': 'bungle', 'salt': 'YxUf4TVa', 'md5': '10a11ba0ebeb7f04193e5ffe48093eb8', 'sha1': 'c04f1c648670f6ac31bafb45b1f47d45f003c9c1', 'sha256': '4c3333ca1d7af37a9d0ceb4b2fe13d8c1a44e91abbfba5018ec77fccd957aad5'}, 'dob': {'date': '1948-12-14T10:35:15.093Z', 'age': 75}, 'registered': {'date': '2006-10-05T09:31:38.876Z', 'age': 17}, 'phone': '(266) 538-4314', 'cell': '(259) 935-8209', 'id': {'name': 'SSN', 'value': '498-65-5666'}, 'picture': {'large': 'https://randomuser.me/api/portraits/women/18.jpg', 'medium': 'https://randomuser.me/api/portraits/med/women/18.jpg', 'thumbnail': 'https://randomuser.me/api/portraits/thumb/women/18.jpg'}, 'nat': 'US'}], 'info': {'seed': 'dbe6fdd4012e9a94', 'results': 1, 'page': 1, 'version': '1.4'}}</msg>
<arg>${json_data}</arg>
<doc>Logs the given message with the given level.</doc>
<status status="PASS" start="2024-06-02T13:14:41.617946" elapsed="0.000239"/>
</kw>
<kw name="Should Be String" owner="String">
<arg>${json_data['results'][0]['gender']}</arg>
<doc>Fails if the given ``item`` is not a string.</doc>
<status status="PASS" start="2024-06-02T13:14:41.618487" elapsed="0.000414"/>
</kw>
<kw name="Should Match Regexp" owner="BuiltIn">
<arg>${json_data['results'][0]['email']}</arg>
<arg>^[a-zA-Z0-9._%+-]+@[a-zA-Z0-9.-]+\.[a-zA-Z]{2,}$</arg>
<doc>Fails if ``string`` does not match ``pattern`` as a regular expression.</doc>
<status status="PASS" start="2024-06-02T13:14:41.619096" elapsed="0.000623"/>
</kw>
<kw name="Should Match Regexp" owner="BuiltIn">
<arg>${json_data['results'][0]['dob']['date']}</arg>
<arg>\\d{4}-\\d{2}-\\d{2}T\\d{2}:\\d{2}:\\d{2}\\.\\d{3}Z</arg>
<doc>Fails if ``string`` does not match ``pattern`` as a regular expression.</doc>
<status status="PASS" start="2024-06-02T13:14:41.619919" elapsed="0.000483"/>
</kw>
<kw name="Should Match Regexp" owner="BuiltIn">
<arg>${json_data['results'][0]['registered']['date']}</arg>
<arg>\\d{4}-\\d{2}-\\d{2}T\\d{2}:\\d{2}:\\d{2}\\.\\d{3}Z</arg>
<doc>Fails if ``string`` does not match ``pattern`` as a regular expression.</doc>
<status status="PASS" start="2024-06-02T13:14:41.620595" elapsed="0.000375"/>
</kw>
<kw name="Should Match Regexp" owner="BuiltIn">
<arg>${json_data['results'][0]['picture']['large']}</arg>
<arg>^https?://.*\.(?:png|jpe?g|gif|bmp)$</arg>
<doc>Fails if ``string`` does not match ``pattern`` as a regular expression.</doc>
<status status="PASS" start="2024-06-02T13:14:41.621161" elapsed="0.000459"/>
</kw>
<kw name="Should Match Regexp" owner="BuiltIn">
<arg>${json_data['results'][0]['picture']['medium']}</arg>
<arg>^https?://.*\.(?:png|jpe?g|gif|bmp)$</arg>
<doc>Fails if ``string`` does not match ``pattern`` as a regular expression.</doc>
<status status="PASS" start="2024-06-02T13:14:41.621810" elapsed="0.000359"/>
</kw>
<kw name="Should Match Regexp" owner="BuiltIn">
<arg>${json_data['results'][0]['picture']['thumbnail']}</arg>
<arg>^https?://.*\.(?:png|jpe?g|gif|bmp)$</arg>
<doc>Fails if ``string`` does not match ``pattern`` as a regular expression.</doc>
<status status="PASS" start="2024-06-02T13:14:41.622360" elapsed="0.000377"/>
</kw>
<kw name="Log" owner="BuiltIn">
<msg time="2024-06-02T13:14:41.623247" level="INFO">{'large': 'https://randomuser.me/api/portraits/women/18.jpg', 'medium': 'https://randomuser.me/api/portraits/med/women/18.jpg', 'thumbnail': 'https://randomuser.me/api/portraits/thumb/women/18.jpg'}</msg>
<arg>${json_data['results'][0]['picture']}</arg>
<doc>Logs the given message with the given level.</doc>
<status status="PASS" start="2024-06-02T13:14:41.622923" elapsed="0.000365"/>
</kw>
<status status="PASS" start="2024-06-02T13:14:41.539915" elapsed="0.083632"/>
</kw>
<kw name="Teste de Tipos de Dados - Postcode" owner="random-user-service">
<kw name="GET On Session" owner="RequestsLibrary">
<msg time="2024-06-02T13:14:41.715675" level="INFO">GET Request : url=https://randomuser.me/api 
 path_url=/api 
 headers={'User-Agent': 'python-requests/2.32.3', 'Accept-Encoding': 'gzip, deflate', 'Accept': '*/*', 'Connection': 'keep-alive'} 
 body=None 
 </msg>
<msg time="2024-06-02T13:14:41.715763" level="INFO">GET Response : url=https://randomuser.me/api 
 status=200, reason=OK 
 headers={'Date': 'Sun, 02 Jun 2024 13:14:41 GMT', 'Content-Type': 'application/json; charset=utf-8', 'Transfer-Encoding': 'chunked', 'Connection': 'keep-alive', 'X-Powered-By': 'Express', 'Access-Control-Allow-Origin': '*', 'Cache-Control': 'no-cache', 'ETag': 'W/"48c-sG2X7YHR816WFBpv6Rp5rfpYAV8"', 'Vary': 'Accept-Encoding', 'Content-Encoding': 'gzip', 'CF-Cache-Status': 'DYNAMIC', 'Report-To': '{"endpoints":[{"url":"https:\\/\\/a.nel.cloudflare.com\\/report\\/v4?s=ScJY%2FGFvLTo8ByJe1xMMhQ5A0q29CDUdghYxc1UQXdXIQlkX4LoqGQcBiqluxnkZ8oqglYCY5kSH1dAVFMU7Kv09ll8yr3vaGXsP5jtY%2Fu2en3cWhxYU121D7tnpUm66"}],"group":"cf-nel","max_age":604800}', 'NEL': '{"success_fraction":0,"report_to":"cf-nel","max_age":604800}', 'Server': 'cloudflare', 'CF-RAY': '88d7b53a2f713b17-IAD', 'alt-svc': 'h3=":443"; ma=86400'} 
 body={"results":[{"gender":"male","name":{"title":"Mr","first":"Porfirio","last":"Ureña"},"location":{"street":{"number":4537,"name":"Pasaje Sur Barela"},"city":"Comala","state":"Oaxaca","country":"Mexico","postcode":12437,"coordinates":{"latitude":"22.1699","longitude":"-155.1730"},"timezone":{"offset":"-1:00","description":"Azores, Cape Verde Islands"}},"email":"porfirio.urena@example.com","login":{"uuid":"ce67a390-11fd-44e4-a6af-d10e89367976","username":"redzebra842","password":"hanson","salt":"fe02s5r6","md5":"f23bdc93140edb49abac6c5bc5d9a2fa","sha1":"9bb78d4685c720708ccca8f1e9df50a4fff4feac","sha256":"b89f70776fb2f5927d8787762bc96b39a370838819da320ee23b8fdfad7b88ee"},"dob":{"date":"1948-12-04T13:35:49.280Z","age":75},"registered":{"date":"2003-05-01T05:32:56.067Z","age":21},"phone":"(655) 234 6448","cell":"(625) 083 7264","id":{"name":"NSS","value":"05 75 32 5547 0"},"picture":{"large":"https://randomuser.me/api/portraits/men/87.jpg","medium":"https://randomuser.me/api/portraits/med/men/87.jpg","thumbnail":"https://randomuser.me/api/portraits/thumb/men/87.jpg"},"nat":"MX"}],"info":{"seed":"f371aa46772dc475","results":1,"page":1,"version":"1.4"}} 
 </msg>
<msg time="2024-06-02T13:14:41.715839" level="INFO">/opt/hostedtoolcache/Python/3.12.3/x64/lib/python3.12/site-packages/urllib3/connectionpool.py:1103: InsecureRequestWarning: Unverified HTTPS request is being made to host 'randomuser.me'. Adding certificate verification is strongly advised. See: https://urllib3.readthedocs.io/en/latest/advanced-usage.html#tls-warnings
  warnings.warn(</msg>
<msg time="2024-06-02T13:14:41.715955" level="INFO">${response} = &lt;Response [200]&gt;</msg>
<var>${response}</var>
<arg>consultarAPI</arg>
<arg>/api</arg>
<doc>Sends a GET request on a previously created HTTP Session.</doc>
<status status="PASS" start="2024-06-02T13:14:41.623983" elapsed="0.092017"/>
</kw>
<kw name="Set Variable" owner="BuiltIn">
<msg time="2024-06-02T13:14:41.716951" level="INFO">${json_data} = {'results': [{'gender': 'male', 'name': {'title': 'Mr', 'first': 'Porfirio', 'last': 'Ureña'}, 'location': {'street': {'number': 4537, 'name': 'Pasaje Sur Barela'}, 'city': 'Comala', 'state': 'Oaxaca'...</msg>
<var>${json_data}</var>
<arg>${response.json()}</arg>
<doc>Returns the given values which can then be assigned to a variables.</doc>
<status status="PASS" start="2024-06-02T13:14:41.716488" elapsed="0.000494"/>
</kw>
<kw name="Log" owner="BuiltIn">
<msg time="2024-06-02T13:14:41.717464" level="INFO">{'results': [{'gender': 'male', 'name': {'title': 'Mr', 'first': 'Porfirio', 'last': 'Ureña'}, 'location': {'street': {'number': 4537, 'name': 'Pasaje Sur Barela'}, 'city': 'Comala', 'state': 'Oaxaca', 'country': 'Mexico', 'postcode': 12437, 'coordinates': {'latitude': '22.1699', 'longitude': '-155.1730'}, 'timezone': {'offset': '-1:00', 'description': 'Azores, Cape Verde Islands'}}, 'email': 'porfirio.urena@example.com', 'login': {'uuid': 'ce67a390-11fd-44e4-a6af-d10e89367976', 'username': 'redzebra842', 'password': 'hanson', 'salt': 'fe02s5r6', 'md5': 'f23bdc93140edb49abac6c5bc5d9a2fa', 'sha1': '9bb78d4685c720708ccca8f1e9df50a4fff4feac', 'sha256': 'b89f70776fb2f5927d8787762bc96b39a370838819da320ee23b8fdfad7b88ee'}, 'dob': {'date': '1948-12-04T13:35:49.280Z', 'age': 75}, 'registered': {'date': '2003-05-01T05:32:56.067Z', 'age': 21}, 'phone': '(655) 234 6448', 'cell': '(625) 083 7264', 'id': {'name': 'NSS', 'value': '05 75 32 5547 0'}, 'picture': {'large': 'https://randomuser.me/api/portraits/men/87.jpg', 'medium': 'https://randomuser.me/api/portraits/med/men/87.jpg', 'thumbnail': 'https://randomuser.me/api/portraits/thumb/men/87.jpg'}, 'nat': 'MX'}], 'info': {'seed': 'f371aa46772dc475', 'results': 1, 'page': 1, 'version': '1.4'}}</msg>
<arg>${json_data}</arg>
<doc>Logs the given message with the given level.</doc>
<status status="PASS" start="2024-06-02T13:14:41.717299" elapsed="0.000248"/>
</kw>
<kw name="Should Be Equal As Numbers" owner="BuiltIn">
<arg>${json_data['results'][0]['location']['postcode']}</arg>
<arg>${json_data['results'][0]['location']['postcode']}</arg>
<doc>Fails if objects are unequal after converting them to real numbers.</doc>
<status status="PASS" start="2024-06-02T13:14:41.717860" elapsed="0.000630"/>
</kw>
<kw name="Log" owner="BuiltIn">
<msg time="2024-06-02T13:14:41.719118" level="INFO">12437</msg>
<arg>${json_data['results'][0]['location']['postcode']}</arg>
<doc>Logs the given message with the given level.</doc>
<status status="PASS" start="2024-06-02T13:14:41.718762" elapsed="0.000399"/>
</kw>
<status status="PASS" start="2024-06-02T13:14:41.623762" elapsed="0.095655"/>
</kw>
<doc>Testa se os tipos de dados na resposta da API estão corretos.</doc>
<tag>testeTiposDados</tag>
<status status="PASS" start="2024-06-02T13:14:41.539470" elapsed="0.180108"/>
</test>
<test id="s1-s1-t5" name="Validar conteudo" line="35">
<kw name="Teste de Tipos de Conteudo" owner="random-user-service">
<kw name="GET On Session" owner="RequestsLibrary">
<msg time="2024-06-02T13:14:41.818106" level="INFO">GET Request : url=https://randomuser.me/api 
 path_url=/api 
 headers={'User-Agent': 'python-requests/2.32.3', 'Accept-Encoding': 'gzip, deflate', 'Accept': '*/*', 'Connection': 'keep-alive'} 
 body=None 
 </msg>
<msg time="2024-06-02T13:14:41.818194" level="INFO">GET Response : url=https://randomuser.me/api 
 status=200, reason=OK 
 headers={'Date': 'Sun, 02 Jun 2024 13:14:41 GMT', 'Content-Type': 'application/json; charset=utf-8', 'Transfer-Encoding': 'chunked', 'Connection': 'keep-alive', 'X-Powered-By': 'Express', 'Access-Control-Allow-Origin': '*', 'Cache-Control': 'no-cache', 'ETag': 'W/"48e-h3jv97p7CAxLfOAzlDkJZRLmqkI"', 'Vary': 'Accept-Encoding', 'Content-Encoding': 'gzip', 'CF-Cache-Status': 'DYNAMIC', 'Report-To': '{"endpoints":[{"url":"https:\\/\\/a.nel.cloudflare.com\\/report\\/v4?s=y032f5v3VuV2phkIH5U4KncbNqtWbWBsbZmiDpsoQsMqyTooX8aDzSrlKQTRH0%2BGaT7gxFsnoZg%2F3OcA8aVogMTJcpo8Ib3lAb7ZgJoSiSO0Pdot%2Fn4ivPxXrj6dDrKM"}],"group":"cf-nel","max_age":604800}', 'NEL': '{"success_fraction":0,"report_to":"cf-nel","max_age":604800}', 'Server': 'cloudflare', 'CF-RAY': '88d7b53ac8123b17-IAD', 'alt-svc': 'h3=":443"; ma=86400'} 
 body={"results":[{"gender":"female","name":{"title":"Mrs","first":"Ana","last":"Álvarez"},"location":{"street":{"number":3454,"name":"Calle de Tetuán"},"city":"Alcalá de Henares","state":"Comunidad Valenciana","country":"Spain","postcode":88352,"coordinates":{"latitude":"-30.4826","longitude":"175.9197"},"timezone":{"offset":"-2:00","description":"Mid-Atlantic"}},"email":"ana.alvarez@example.com","login":{"uuid":"00965a08-dcce-4514-89e1-9aed9541e539","username":"bigmeercat672","password":"track","salt":"VW6wesWK","md5":"e81694ff015bcee39b49ccb303c72cbd","sha1":"5942599a43b88dbea8996a5a6614ca2ec5f52506","sha256":"3d54c52066126af25997eca6f6b241634e848f70a2390943086b7d676ac4bd49"},"dob":{"date":"1994-05-29T16:43:31.377Z","age":30},"registered":{"date":"2018-10-31T17:36:03.505Z","age":5},"phone":"932-193-269","cell":"692-345-974","id":{"name":"DNI","value":"62584838-N"},"picture":{"large":"https://randomuser.me/api/portraits/women/54.jpg","medium":"https://randomuser.me/api/portraits/med/women/54.jpg","thumbnail":"https://randomuser.me/api/portraits/thumb/women/54.jpg"},"nat":"ES"}],"info":{"seed":"b9aa7ebfd5ddf674","results":1,"page":1,"version":"1.4"}} 
 </msg>
<msg time="2024-06-02T13:14:41.818267" level="INFO">/opt/hostedtoolcache/Python/3.12.3/x64/lib/python3.12/site-packages/urllib3/connectionpool.py:1103: InsecureRequestWarning: Unverified HTTPS request is being made to host 'randomuser.me'. Adding certificate verification is strongly advised. See: https://urllib3.readthedocs.io/en/latest/advanced-usage.html#tls-warnings
  warnings.warn(</msg>
<msg time="2024-06-02T13:14:41.818394" level="INFO">${response} = &lt;Response [200]&gt;</msg>
<var>${response}</var>
<arg>consultarAPI</arg>
<arg>/api</arg>
<doc>Sends a GET request on a previously created HTTP Session.</doc>
<status status="PASS" start="2024-06-02T13:14:41.721999" elapsed="0.096444"/>
</kw>
<kw name="Set Variable" owner="BuiltIn">
<msg time="2024-06-02T13:14:41.819554" level="INFO">${json_data} = {'results': [{'gender': 'female', 'name': {'title': 'Mrs', 'first': 'Ana', 'last': 'Álvarez'}, 'location': {'street': {'number': 3454, 'name': 'Calle de Tetuán'}, 'city': 'Alcalá de Henares', 'state':...</msg>
<var>${json_data}</var>
<arg>${response.json()}</arg>
<doc>Returns the given values which can then be assigned to a variables.</doc>
<status status="PASS" start="2024-06-02T13:14:41.818998" elapsed="0.000587"/>
</kw>
<kw name="Set Variable" owner="BuiltIn">
<msg time="2024-06-02T13:14:41.820296" level="INFO">${name_title} = Mrs</msg>
<var>${name_title}</var>
<arg>${json_data["results"][0]["name"]["title"]}</arg>
<doc>Returns the given values which can then be assigned to a variables.</doc>
<status status="PASS" start="2024-06-02T13:14:41.819900" elapsed="0.000423"/>
</kw>
<kw name="Create List" owner="BuiltIn">
<msg time="2024-06-02T13:14:41.820777" level="INFO">${allowed_titles} = ['Mr', 'Ms', 'Miss', 'Mrs', 'Madame', 'Monsieur']</msg>
<var>${allowed_titles}</var>
<arg>Mr</arg>
<arg>Ms</arg>
<arg>Miss</arg>
<arg>Mrs</arg>
<arg>Madame</arg>
<arg>Monsieur</arg>
<doc>Returns a list containing given items.</doc>
<status status="PASS" start="2024-06-02T13:14:41.820629" elapsed="0.000173"/>
</kw>
<kw name="List Should Contain Value" owner="Collections">
<msg time="2024-06-02T13:14:41.821281" level="INFO">False</msg>
<arg>${allowed_titles}</arg>
<arg>${name_title}</arg>
<doc>Fails if the ``value`` is not found from ``list``.</doc>
<status status="PASS" start="2024-06-02T13:14:41.821108" elapsed="0.000209"/>
</kw>
<kw name="Set Variable" owner="BuiltIn">
<msg time="2024-06-02T13:14:41.822153" level="INFO">${name_country} = ES</msg>
<var>${name_country}</var>
<arg>${json_data["results"][0]["nat"]}</arg>
<doc>Returns the given values which can then be assigned to a variables.</doc>
<status status="PASS" start="2024-06-02T13:14:41.821613" elapsed="0.000566"/>
</kw>
<kw name="Create List" owner="BuiltIn">
<msg time="2024-06-02T13:14:41.823122" level="INFO">${list_country} = ['AD', 'AE', 'AF', 'AG', 'AI', 'AL', 'AM', 'AO', 'AQ', 'AR', 'AS', 'AT', 'AU', 'AW', 'AX', 'AZ', 'BA', 'BB', 'BD', 'BE', 'BF', 'BG', 'BH', 'BI', 'BJ', 'BL', 'BM', 'BN', 'BO', 'BQ', 'BR', 'BS', 'BT', '...</msg>
<var>${list_country}</var>
<arg>AD</arg>
<arg>AE</arg>
<arg>AF</arg>
<arg>AG</arg>
<arg>AI</arg>
<arg>AL</arg>
<arg>AM</arg>
<arg>AO</arg>
<arg>AQ</arg>
<arg>AR</arg>
<arg>AS</arg>
<arg>AT</arg>
<arg>AU</arg>
<arg>AW</arg>
<arg>AX</arg>
<arg>AZ</arg>
<arg>BA</arg>
<arg>BB</arg>
<arg>BD</arg>
<arg>BE</arg>
<arg>BF</arg>
<arg>BG</arg>
<arg>BH</arg>
<arg>BI</arg>
<arg>BJ</arg>
<arg>BL</arg>
<arg>BM</arg>
<arg>BN</arg>
<arg>BO</arg>
<arg>BQ</arg>
<arg>BR</arg>
<arg>BS</arg>
<arg>BT</arg>
<arg>BV</arg>
<arg>BW</arg>
<arg>BY</arg>
<arg>BZ</arg>
<arg>CA</arg>
<arg>CC</arg>
<arg>CD</arg>
<arg>CF</arg>
<arg>CG</arg>
<arg>CH</arg>
<arg>CI</arg>
<arg>CK</arg>
<arg>CL</arg>
<arg>CM</arg>
<arg>CN</arg>
<arg>CO</arg>
<arg>CR</arg>
<arg>CU</arg>
<arg>CV</arg>
<arg>CW</arg>
<arg>CX</arg>
<arg>CY</arg>
<arg>CZ</arg>
<arg>DE</arg>
<arg>DJ</arg>
<arg>DK</arg>
<arg>DM</arg>
<arg>DO</arg>
<arg>DZ</arg>
<arg>EC</arg>
<arg>EE</arg>
<arg>EG</arg>
<arg>EH</arg>
<arg>ER</arg>
<arg>ES</arg>
<arg>ET</arg>
<arg>FI</arg>
<arg>FJ</arg>
<arg>FK</arg>
<arg>FM</arg>
<arg>FO</arg>
<arg>FR</arg>
<arg>GA</arg>
<arg>GB</arg>
<arg>GD</arg>
<arg>GE</arg>
<arg>GF</arg>
<arg>GG</arg>
<arg>GH</arg>
<arg>GI</arg>
<arg>GL</arg>
<arg>GM</arg>
<arg>GN</arg>
<arg>GP</arg>
<arg>GQ</arg>
<arg>GR</arg>
<arg>GS</arg>
<arg>GT</arg>
<arg>GU</arg>
<arg>GW</arg>
<arg>GY</arg>
<arg>HK</arg>
<arg>HM</arg>
<arg>HN</arg>
<arg>HR</arg>
<arg>HT</arg>
<arg>HU</arg>
<arg>ID</arg>
<arg>IE</arg>
<arg>IL</arg>
<arg>IM</arg>
<arg>IN</arg>
<arg>IO</arg>
<arg>IQ</arg>
<arg>IR</arg>
<arg>IS</arg>
<arg>IT</arg>
<arg>JE</arg>
<arg>JM</arg>
<arg>JO</arg>
<arg>JP</arg>
<arg>KE</arg>
<arg>KG</arg>
<arg>KH</arg>
<arg>KI</arg>
<arg>KM</arg>
<arg>KN</arg>
<arg>KP</arg>
<arg>KR</arg>
<arg>KW</arg>
<arg>KY</arg>
<arg>KZ</arg>
<arg>LA</arg>
<arg>LB</arg>
<arg>LC</arg>
<arg>LI</arg>
<arg>LK</arg>
<arg>LR</arg>
<arg>LS</arg>
<arg>LT</arg>
<arg>LU</arg>
<arg>LV</arg>
<arg>LY</arg>
<arg>MA</arg>
<arg>MC</arg>
<arg>MD</arg>
<arg>ME</arg>
<arg>MF</arg>
<arg>MG</arg>
<arg>MH</arg>
<arg>MK</arg>
<arg>ML</arg>
<arg>MM</arg>
<arg>MN</arg>
<arg>MO</arg>
<arg>MP</arg>
<arg>MQ</arg>
<arg>MR</arg>
<arg>MS</arg>
<arg>MT</arg>
<arg>MU</arg>
<arg>MV</arg>
<arg>MW</arg>
<arg>MX</arg>
<arg>MY</arg>
<arg>MZ</arg>
<arg>NA</arg>
<arg>NC</arg>
<arg>NE</arg>
<arg>NF</arg>
<arg>NG</arg>
<arg>NI</arg>
<arg>NL</arg>
<arg>NO</arg>
<arg>NP</arg>
<arg>NR</arg>
<arg>NU</arg>
<arg>NZ</arg>
<arg>OM</arg>
<arg>PA</arg>
<arg>PE</arg>
<arg>PF</arg>
<arg>PG</arg>
<arg>PH</arg>
<arg>PK</arg>
<arg>PL</arg>
<arg>PM</arg>
<arg>PN</arg>
<arg>PR</arg>
<arg>PS</arg>
<arg>PT</arg>
<arg>PW</arg>
<arg>PY</arg>
<arg>QA</arg>
<arg>RE</arg>
<arg>RO</arg>
<arg>RS</arg>
<arg>RU</arg>
<arg>RW</arg>
<arg>SA</arg>
<arg>SB</arg>
<arg>SC</arg>
<arg>SD</arg>
<arg>SE</arg>
<arg>SG</arg>
<arg>SH</arg>
<arg>SI</arg>
<arg>SJ</arg>
<arg>SK</arg>
<arg>SL</arg>
<arg>SM</arg>
<arg>SN</arg>
<arg>SO</arg>
<arg>SR</arg>
<arg>SS</arg>
<arg>ST</arg>
<arg>SV</arg>
<arg>SX</arg>
<arg>SY</arg>
<arg>SZ</arg>
<arg>TC</arg>
<arg>TD</arg>
<arg>TF</arg>
<arg>TG</arg>
<arg>TH</arg>
<arg>TJ</arg>
<arg>TK</arg>
<arg>TL</arg>
<arg>TM</arg>
<arg>TN</arg>
<arg>TO</arg>
<arg>TR</arg>
<arg>TT</arg>
<arg>TV</arg>
<arg>TW</arg>
<arg>TZ</arg>
<arg>UA</arg>
<arg>UG</arg>
<arg>UM</arg>
<arg>US</arg>
<arg>UY</arg>
<arg>UZ</arg>
<arg>VA</arg>
<arg>VC</arg>
<arg>VE</arg>
<arg>VG</arg>
<arg>VI</arg>
<arg>VN</arg>
<arg>VU</arg>
<arg>WF</arg>
<arg>WS</arg>
<arg>XK</arg>
<arg>YE</arg>
<arg>YT</arg>
<arg>ZA</arg>
<arg>ZM</arg>
<arg>ZW</arg>
<doc>Returns a list containing given items.</doc>
<status status="PASS" start="2024-06-02T13:14:41.822488" elapsed="0.000662"/>
</kw>
<kw name="List Should Contain Value" owner="Collections">
<msg time="2024-06-02T13:14:41.824141" level="INFO">False</msg>
<arg>${list_country}</arg>
<arg>${name_country}</arg>
<doc>Fails if the ``value`` is not found from ``list``.</doc>
<status status="PASS" start="2024-06-02T13:14:41.823939" elapsed="0.000238"/>
</kw>
<kw name="Run Keyword If" owner="BuiltIn">
<kw name="Should Be True" owner="BuiltIn">
<arg>${True}</arg>
<doc>Fails if the given condition is not true.</doc>
<status status="PASS" start="2024-06-02T13:14:41.825244" elapsed="0.000145"/>
</kw>
<arg>${json_data["results"][0]["location"]["coordinates"]["latitude"]} &gt;= -90 and ${json_data["results"][0]["location"]["coordinates"]["latitude"]} &lt;= 90</arg>
<arg>Should Be True</arg>
<arg>${True}</arg>
<doc>Runs the given keyword with the given arguments, if ``condition`` is true.</doc>
<status status="PASS" start="2024-06-02T13:14:41.824494" elapsed="0.001022"/>
</kw>
<kw name="Run Keyword If" owner="BuiltIn">
<kw name="Should Be True" owner="BuiltIn">
<arg>${True}</arg>
<doc>Fails if the given condition is not true.</doc>
<status status="PASS" start="2024-06-02T13:14:41.826402" elapsed="0.000167"/>
</kw>
<arg>${json_data["results"][0]["location"]["coordinates"]["longitude"]} &gt;= -180 and ${json_data["results"][0]["location"]["coordinates"]["longitude"]} &lt;= 180</arg>
<arg>Should Be True</arg>
<arg>${True}</arg>
<doc>Runs the given keyword with the given arguments, if ``condition`` is true.</doc>
<status status="PASS" start="2024-06-02T13:14:41.825709" elapsed="0.000997"/>
</kw>
<status status="PASS" start="2024-06-02T13:14:41.721766" elapsed="0.105077"/>
</kw>
<doc>Testa o conteúdo específico dos campos retornados pela API.</doc>
<tag>testeConteudo</tag>
<status status="PASS" start="2024-06-02T13:14:41.721339" elapsed="0.105650"/>
</test>
<status status="PASS" start="2024-06-02T13:14:41.032564" elapsed="0.796336"/>
</suite>
<status status="PASS" start="2024-06-02T13:14:41.019266" elapsed="0.814840"/>
</suite>
<statistics>
<total>
<stat pass="5" fail="0" skip="0">All Tests</stat>
</total>
<tag>
<stat pass="1" fail="0" skip="0">testeConteudo</stat>
<stat pass="1" fail="0" skip="0">testeEstruturaResposta</stat>
<stat pass="1" fail="0" skip="0">testeRequisicaoBasica</stat>
<stat pass="1" fail="0" skip="0">testeTiposDados</stat>
</tag>
<suite>
<stat pass="5" fail="0" skip="0" id="s1" name="Tests">Tests</stat>
<stat pass="5" fail="0" skip="0" id="s1-s1" name="Random-User-Test">Tests.Random-User-Test</stat>
</suite>
</statistics>
<errors>
</errors>
</robot>
