<?xml version="1.0" encoding="UTF-8"?>
<robot generator="Robot 7.0 (Python 3.12.2 on linux)" generated="2024-03-23T20:13:56.904171" rpa="false" schemaversion="5">
<suite id="s1" name="Tests" source="/home/runner/work/DesafioQAItauRogerioJordao/DesafioQAItauRogerioJordao/RamdonUser/tests">
<suite id="s1-s1" name="Random-User-Test" source="/home/runner/work/DesafioQAItauRogerioJordao/DesafioQAItauRogerioJordao/RamdonUser/tests/random-user-test.robot">
<test id="s1-s1-t1" name="Conectar" line="13">
<kw name="Conectar API" owner="random-user-service">
<kw name="Create Session" owner="RequestsLibrary">
<msg time="2024-03-23T20:13:57.263001" level="INFO">Creating Session using : alias=consultarAPI, url=https://randomuser.me/, headers={},                     cookies={}, auth=None, timeout=None, proxies=None, verify=False,                     debug=0 </msg>
<arg>consultarAPI</arg>
<arg>${URL}</arg>
<doc>Create Session: create a HTTP session to a server</doc>
<status status="PASS" start="2024-03-23T20:13:57.262806" elapsed="0.000359"/>
</kw>
<status status="PASS" start="2024-03-23T20:13:57.261828" elapsed="0.001711"/>
</kw>
<status status="PASS" start="2024-03-23T20:13:57.261325" elapsed="0.002417"/>
</test>
<test id="s1-s1-t2" name="Validar retorno 200 e JSON Válido" line="16">
<kw name="Teste de Requisicao Basica" owner="random-user-service">
<kw name="GET On Session" owner="RequestsLibrary">
<msg time="2024-03-23T20:13:57.349780" level="INFO">GET Request : url=https://randomuser.me/api 
 path_url=/api 
 headers={'User-Agent': 'python-requests/2.31.0', 'Accept-Encoding': 'gzip, deflate', 'Accept': '*/*', 'Connection': 'keep-alive'} 
 body=None 
 </msg>
<msg time="2024-03-23T20:13:57.349879" level="INFO">GET Response : url=https://randomuser.me/api 
 status=200, reason=OK 
 headers={'Date': 'Sat, 23 Mar 2024 20:13:57 GMT', 'Content-Type': 'application/json; charset=utf-8', 'Transfer-Encoding': 'chunked', 'Connection': 'keep-alive', 'X-Powered-By': 'Express', 'Access-Control-Allow-Origin': '*', 'Cache-Control': 'no-cache', 'ETag': 'W/"469-pyCA4qjZAluJ6PXalk351xNmrYE"', 'Vary': 'Accept-Encoding', 'Content-Encoding': 'gzip', 'CF-Cache-Status': 'DYNAMIC', 'Report-To': '{"endpoints":[{"url":"https:\\/\\/a.nel.cloudflare.com\\/report\\/v4?s=3trxTizz0lllK6Hi4PkM%2BJd3JwktlRTZr560FmU9C8S9pQDzOBK%2FOGvDqyRAZCi%2FOxIdkWF0VrCPacMwCCXgapebxKq0WpQA3HQiuryXeFsLZsf1NhTiq7lhgdesdC4F"}],"group":"cf-nel","max_age":604800}', 'NEL': '{"success_fraction":0,"report_to":"cf-nel","max_age":604800}', 'Server': 'cloudflare', 'CF-RAY': '869115c11cb002a7-ORD', 'alt-svc': 'h3=":443"; ma=86400'} 
 body={"results":[{"gender":"male","name":{"title":"Mr","first":"Tuur","last":"Radix"},"location":{"street":{"number":4837,"name":"Kesselcamp"},"city":"Havelte","state":"Groningen","country":"Netherlands","postcode":"8855 EL","coordinates":{"latitude":"37.9331","longitude":"-115.1987"},"timezone":{"offset":"+3:30","description":"Tehran"}},"email":"tuur.radix@example.com","login":{"uuid":"e997e557-8f8d-4ff4-9fb9-c9131b2fb195","username":"sadlion804","password":"yaya","salt":"G9GZ78qK","md5":"0e4606a74d955df9815dea3937711012","sha1":"a8739f469b840fd5bb2d8dad2ea77e8d618be0e8","sha256":"51eb53a7bfa99de495638a7b66c073d3c1ffe007689ad2e5e68e637ad7ac5238"},"dob":{"date":"1979-02-15T07:20:22.695Z","age":45},"registered":{"date":"2003-07-10T07:18:44.345Z","age":20},"phone":"(0940) 400476","cell":"(06) 49696520","id":{"name":"BSN","value":"03515134"},"picture":{"large":"https://randomuser.me/api/portraits/men/19.jpg","medium":"https://randomuser.me/api/portraits/med/men/19.jpg","thumbnail":"https://randomuser.me/api/portraits/thumb/men/19.jpg"},"nat":"NL"}],"info":{"seed":"9b6e8df7aeec9dd9","results":1,"page":1,"version":"1.4"}} 
 </msg>
<msg time="2024-03-23T20:13:57.349969" level="INFO">/opt/hostedtoolcache/Python/3.12.2/x64/lib/python3.12/site-packages/urllib3/connectionpool.py:1103: InsecureRequestWarning: Unverified HTTPS request is being made to host 'randomuser.me'. Adding certificate verification is strongly advised. See: https://urllib3.readthedocs.io/en/latest/advanced-usage.html#tls-warnings
  warnings.warn(</msg>
<msg time="2024-03-23T20:13:57.350088" level="INFO">${response} = &lt;Response [200]&gt;</msg>
<var>${response}</var>
<arg>consultarAPI</arg>
<arg>/api</arg>
<doc>Sends a GET request on a previously created HTTP Session.</doc>
<status status="PASS" start="2024-03-23T20:13:57.266275" elapsed="0.083858"/>
</kw>
<kw name="Should Be Equal As Numbers" owner="BuiltIn">
<msg time="2024-03-23T20:13:57.351187" level="INFO">Argument types are:
&lt;class 'int'&gt;
&lt;class 'str'&gt;</msg>
<arg>${response.status_code}</arg>
<arg>200</arg>
<doc>Fails if objects are unequal after converting them to real numbers.</doc>
<status status="PASS" start="2024-03-23T20:13:57.350655" elapsed="0.000593"/>
</kw>
<kw name="Log" owner="BuiltIn">
<msg time="2024-03-23T20:13:57.351919" level="INFO">200</msg>
<arg>${response.status_code}</arg>
<doc>Logs the given message with the given level.</doc>
<status status="PASS" start="2024-03-23T20:13:57.351580" elapsed="0.000379"/>
</kw>
<kw name="Set Variable" owner="BuiltIn">
<msg time="2024-03-23T20:13:57.352715" level="INFO">${json_data} = {'results': [{'gender': 'male', 'name': {'title': 'Mr', 'first': 'Tuur', 'last': 'Radix'}, 'location': {'street': {'number': 4837, 'name': 'Kesselcamp'}, 'city': 'Havelte', 'state': 'Groningen', 'coun...</msg>
<var>${json_data}</var>
<arg>${response.json()}</arg>
<doc>Returns the given values which can then be assigned to a variables.</doc>
<status status="PASS" start="2024-03-23T20:13:57.352280" elapsed="0.000463"/>
</kw>
<kw name="Dictionary Should Contain Key" owner="Collections">
<msg time="2024-03-23T20:13:57.353209" level="INFO">False</msg>
<arg>${json_data}</arg>
<arg>results</arg>
<doc>Fails if ``key`` is not found from ``dictionary``.</doc>
<status status="PASS" start="2024-03-23T20:13:57.353046" elapsed="0.000203"/>
</kw>
<status status="PASS" start="2024-03-23T20:13:57.266024" elapsed="0.087481"/>
</kw>
<doc>Testa se a API responde corretamente e retorna um objeto JSON válido.</doc>
<tag>testeRequisicaoBasica</tag>
<status status="PASS" start="2024-03-23T20:13:57.265561" elapsed="0.088118"/>
</test>
<test id="s1-s1-t3" name="Validar estrutura de resposta" line="22">
<kw name="Teste de Estrutura de Resposta" owner="random-user-service">
<kw name="GET On Session" owner="RequestsLibrary">
<msg time="2024-03-23T20:13:57.445086" level="INFO">GET Request : url=https://randomuser.me/api 
 path_url=/api 
 headers={'User-Agent': 'python-requests/2.31.0', 'Accept-Encoding': 'gzip, deflate', 'Accept': '*/*', 'Connection': 'keep-alive'} 
 body=None 
 </msg>
<msg time="2024-03-23T20:13:57.445153" level="INFO">GET Response : url=https://randomuser.me/api 
 status=200, reason=OK 
 headers={'Date': 'Sat, 23 Mar 2024 20:13:57 GMT', 'Content-Type': 'application/json; charset=utf-8', 'Transfer-Encoding': 'chunked', 'Connection': 'keep-alive', 'X-Powered-By': 'Express', 'Access-Control-Allow-Origin': '*', 'Cache-Control': 'no-cache', 'ETag': 'W/"47a-ZNuJN0NF7kOmBQayzgHrRIyhH08"', 'Vary': 'Accept-Encoding', 'Content-Encoding': 'gzip', 'CF-Cache-Status': 'DYNAMIC', 'Report-To': '{"endpoints":[{"url":"https:\\/\\/a.nel.cloudflare.com\\/report\\/v4?s=4a4OzZHV1ryhW10eFFAEWwNcwVlVH1eoFYy7nT8cD2mHi6g4PbHWV9E9ERDq87kTgy963glAQS6bsOTuqi4waFNIK7sbndhP1I0kgF9PSNYKxzEHWkomFHKt%2BUI0RTzC"}],"group":"cf-nel","max_age":604800}', 'NEL': '{"success_fraction":0,"report_to":"cf-nel","max_age":604800}', 'Server': 'cloudflare', 'CF-RAY': '869115c17d1d02a7-ORD', 'alt-svc': 'h3=":443"; ma=86400'} 
 body={"results":[{"gender":"male","name":{"title":"Mr","first":"Ievgeniy","last":"Sopronyuk"},"location":{"street":{"number":4067,"name":"Ivanova"},"city":"Melitopol","state":"Harkivska","country":"Ukraine","postcode":97061,"coordinates":{"latitude":"77.9420","longitude":"-71.2450"},"timezone":{"offset":"-11:00","description":"Midway Island, Samoa"}},"email":"ievgeniy.sopronyuk@example.com","login":{"uuid":"5c0638cf-cc47-4489-8586-297264b2c460","username":"lazykoala246","password":"fritz","salt":"WVqEsHJX","md5":"ed62f995c4e73ee9c0d5b8d2847a74e2","sha1":"f0ed7785301075936cc18e155c7d4547e8e863fb","sha256":"5d61084b718e112ccff636d853e8456bf7722b74a3b1a1ee3d6eccb8c8313548"},"dob":{"date":"1978-03-24T17:35:20.121Z","age":45},"registered":{"date":"2011-06-04T07:01:21.943Z","age":12},"phone":"(068) H71-7340","cell":"(097) W85-8048","id":{"name":"","value":null},"picture":{"large":"https://randomuser.me/api/portraits/men/14.jpg","medium":"https://randomuser.me/api/portraits/med/men/14.jpg","thumbnail":"https://randomuser.me/api/portraits/thumb/men/14.jpg"},"nat":"UA"}],"info":{"seed":"e0bae86d7aba4c8b","results":1,"page":1,"version":"1.4"}} 
 </msg>
<msg time="2024-03-23T20:13:57.445256" level="INFO">/opt/hostedtoolcache/Python/3.12.2/x64/lib/python3.12/site-packages/urllib3/connectionpool.py:1103: InsecureRequestWarning: Unverified HTTPS request is being made to host 'randomuser.me'. Adding certificate verification is strongly advised. See: https://urllib3.readthedocs.io/en/latest/advanced-usage.html#tls-warnings
  warnings.warn(</msg>
<msg time="2024-03-23T20:13:57.445354" level="INFO">${response} = &lt;Response [200]&gt;</msg>
<var>${response}</var>
<arg>consultarAPI</arg>
<arg>/api</arg>
<doc>Sends a GET request on a previously created HTTP Session.</doc>
<status status="PASS" start="2024-03-23T20:13:57.356724" elapsed="0.088669"/>
</kw>
<kw name="Set Variable" owner="BuiltIn">
<msg time="2024-03-23T20:13:57.446212" level="INFO">${json_data} = {'results': [{'gender': 'male', 'name': {'title': 'Mr', 'first': 'Ievgeniy', 'last': 'Sopronyuk'}, 'location': {'street': {'number': 4067, 'name': 'Ivanova'}, 'city': 'Melitopol', 'state': 'Harkivska'...</msg>
<var>${json_data}</var>
<arg>${response.json()}</arg>
<doc>Returns the given values which can then be assigned to a variables.</doc>
<status status="PASS" start="2024-03-23T20:13:57.445761" elapsed="0.000480"/>
</kw>
<kw name="Log" owner="BuiltIn">
<msg time="2024-03-23T20:13:57.446710" level="INFO">{'results': [{'gender': 'male', 'name': {'title': 'Mr', 'first': 'Ievgeniy', 'last': 'Sopronyuk'}, 'location': {'street': {'number': 4067, 'name': 'Ivanova'}, 'city': 'Melitopol', 'state': 'Harkivska', 'country': 'Ukraine', 'postcode': 97061, 'coordinates': {'latitude': '77.9420', 'longitude': '-71.2450'}, 'timezone': {'offset': '-11:00', 'description': 'Midway Island, Samoa'}}, 'email': 'ievgeniy.sopronyuk@example.com', 'login': {'uuid': '5c0638cf-cc47-4489-8586-297264b2c460', 'username': 'lazykoala246', 'password': 'fritz', 'salt': 'WVqEsHJX', 'md5': 'ed62f995c4e73ee9c0d5b8d2847a74e2', 'sha1': 'f0ed7785301075936cc18e155c7d4547e8e863fb', 'sha256': '5d61084b718e112ccff636d853e8456bf7722b74a3b1a1ee3d6eccb8c8313548'}, 'dob': {'date': '1978-03-24T17:35:20.121Z', 'age': 45}, 'registered': {'date': '2011-06-04T07:01:21.943Z', 'age': 12}, 'phone': '(068) H71-7340', 'cell': '(097) W85-8048', 'id': {'name': '', 'value': None}, 'picture': {'large': 'https://randomuser.me/api/portraits/men/14.jpg', 'medium': 'https://randomuser.me/api/portraits/med/men/14.jpg', 'thumbnail': 'https://randomuser.me/api/portraits/thumb/men/14.jpg'}, 'nat': 'UA'}], 'info': {'seed': 'e0bae86d7aba4c8b', 'results': 1, 'page': 1, 'version': '1.4'}}</msg>
<arg>${json_data}</arg>
<doc>Logs the given message with the given level.</doc>
<status status="PASS" start="2024-03-23T20:13:57.446552" elapsed="0.000206"/>
</kw>
<kw name="Dictionary Should Contain Key" owner="Collections">
<msg time="2024-03-23T20:13:57.447210" level="INFO">False</msg>
<arg>${json_data}</arg>
<arg>results</arg>
<doc>Fails if ``key`` is not found from ``dictionary``.</doc>
<status status="PASS" start="2024-03-23T20:13:57.447057" elapsed="0.000192"/>
</kw>
<kw name="Should Not Be Empty" owner="BuiltIn">
<msg time="2024-03-23T20:13:57.447725" level="INFO">Length is 2.</msg>
<arg>${json_data}</arg>
<doc>Verifies that the given item is not empty.</doc>
<status status="PASS" start="2024-03-23T20:13:57.447589" elapsed="0.000175"/>
</kw>
<kw name="Create List" owner="BuiltIn">
<msg time="2024-03-23T20:13:57.448227" level="INFO">${expected_keys} = ['gender', 'name', 'location', 'email', 'login']</msg>
<var>${expected_keys}</var>
<arg>gender</arg>
<arg>name</arg>
<arg>location</arg>
<arg>email</arg>
<arg>login</arg>
<doc>Returns a list containing given items.</doc>
<status status="PASS" start="2024-03-23T20:13:57.448058" elapsed="0.000195"/>
</kw>
<for flavor="IN">
<iter>
<kw name="Dictionary Should Contain Key" owner="Collections">
<msg time="2024-03-23T20:13:57.449227" level="INFO">False</msg>
<arg>${json_data['results'][0]}</arg>
<arg>${key}</arg>
<doc>Fails if ``key`` is not found from ``dictionary``.</doc>
<status status="PASS" start="2024-03-23T20:13:57.448819" elapsed="0.000448"/>
</kw>
<kw name="Log" owner="BuiltIn">
<msg time="2024-03-23T20:13:57.449953" level="INFO">{'gender': 'male', 'name': {'title': 'Mr', 'first': 'Ievgeniy', 'last': 'Sopronyuk'}, 'location': {'street': {'number': 4067, 'name': 'Ivanova'}, 'city': 'Melitopol', 'state': 'Harkivska', 'country': 'Ukraine', 'postcode': 97061, 'coordinates': {'latitude': '77.9420', 'longitude': '-71.2450'}, 'timezone': {'offset': '-11:00', 'description': 'Midway Island, Samoa'}}, 'email': 'ievgeniy.sopronyuk@example.com', 'login': {'uuid': '5c0638cf-cc47-4489-8586-297264b2c460', 'username': 'lazykoala246', 'password': 'fritz', 'salt': 'WVqEsHJX', 'md5': 'ed62f995c4e73ee9c0d5b8d2847a74e2', 'sha1': 'f0ed7785301075936cc18e155c7d4547e8e863fb', 'sha256': '5d61084b718e112ccff636d853e8456bf7722b74a3b1a1ee3d6eccb8c8313548'}, 'dob': {'date': '1978-03-24T17:35:20.121Z', 'age': 45}, 'registered': {'date': '2011-06-04T07:01:21.943Z', 'age': 12}, 'phone': '(068) H71-7340', 'cell': '(097) W85-8048', 'id': {'name': '', 'value': None}, 'picture': {'large': 'https://randomuser.me/api/portraits/men/14.jpg', 'medium': 'https://randomuser.me/api/portraits/med/men/14.jpg', 'thumbnail': 'https://randomuser.me/api/portraits/thumb/men/14.jpg'}, 'nat': 'UA'}</msg>
<arg>${json_data['results'][0]}</arg>
<doc>Logs the given message with the given level.</doc>
<status status="PASS" start="2024-03-23T20:13:57.449578" elapsed="0.000429"/>
</kw>
<kw name="Log" owner="BuiltIn">
<msg time="2024-03-23T20:13:57.450463" level="INFO">gender</msg>
<arg>${key}</arg>
<doc>Logs the given message with the given level.</doc>
<status status="PASS" start="2024-03-23T20:13:57.450330" elapsed="0.000171"/>
</kw>
<var name="${key}">gender</var>
<status status="PASS" start="2024-03-23T20:13:57.448696" elapsed="0.002029"/>
</iter>
<iter>
<kw name="Dictionary Should Contain Key" owner="Collections">
<msg time="2024-03-23T20:13:57.451441" level="INFO">False</msg>
<arg>${json_data['results'][0]}</arg>
<arg>${key}</arg>
<doc>Fails if ``key`` is not found from ``dictionary``.</doc>
<status status="PASS" start="2024-03-23T20:13:57.451030" elapsed="0.000449"/>
</kw>
<kw name="Log" owner="BuiltIn">
<msg time="2024-03-23T20:13:57.452186" level="INFO">{'gender': 'male', 'name': {'title': 'Mr', 'first': 'Ievgeniy', 'last': 'Sopronyuk'}, 'location': {'street': {'number': 4067, 'name': 'Ivanova'}, 'city': 'Melitopol', 'state': 'Harkivska', 'country': 'Ukraine', 'postcode': 97061, 'coordinates': {'latitude': '77.9420', 'longitude': '-71.2450'}, 'timezone': {'offset': '-11:00', 'description': 'Midway Island, Samoa'}}, 'email': 'ievgeniy.sopronyuk@example.com', 'login': {'uuid': '5c0638cf-cc47-4489-8586-297264b2c460', 'username': 'lazykoala246', 'password': 'fritz', 'salt': 'WVqEsHJX', 'md5': 'ed62f995c4e73ee9c0d5b8d2847a74e2', 'sha1': 'f0ed7785301075936cc18e155c7d4547e8e863fb', 'sha256': '5d61084b718e112ccff636d853e8456bf7722b74a3b1a1ee3d6eccb8c8313548'}, 'dob': {'date': '1978-03-24T17:35:20.121Z', 'age': 45}, 'registered': {'date': '2011-06-04T07:01:21.943Z', 'age': 12}, 'phone': '(068) H71-7340', 'cell': '(097) W85-8048', 'id': {'name': '', 'value': None}, 'picture': {'large': 'https://randomuser.me/api/portraits/men/14.jpg', 'medium': 'https://randomuser.me/api/portraits/med/men/14.jpg', 'thumbnail': 'https://randomuser.me/api/portraits/thumb/men/14.jpg'}, 'nat': 'UA'}</msg>
<arg>${json_data['results'][0]}</arg>
<doc>Logs the given message with the given level.</doc>
<status status="PASS" start="2024-03-23T20:13:57.451813" elapsed="0.000423"/>
</kw>
<kw name="Log" owner="BuiltIn">
<msg time="2024-03-23T20:13:57.452727" level="INFO">name</msg>
<arg>${key}</arg>
<doc>Logs the given message with the given level.</doc>
<status status="PASS" start="2024-03-23T20:13:57.452595" elapsed="0.000171"/>
</kw>
<var name="${key}">name</var>
<status status="PASS" start="2024-03-23T20:13:57.450915" elapsed="0.002070"/>
</iter>
<iter>
<kw name="Dictionary Should Contain Key" owner="Collections">
<msg time="2024-03-23T20:13:57.453656" level="INFO">False</msg>
<arg>${json_data['results'][0]}</arg>
<arg>${key}</arg>
<doc>Fails if ``key`` is not found from ``dictionary``.</doc>
<status status="PASS" start="2024-03-23T20:13:57.453278" elapsed="0.000417"/>
</kw>
<kw name="Log" owner="BuiltIn">
<msg time="2024-03-23T20:13:57.454406" level="INFO">{'gender': 'male', 'name': {'title': 'Mr', 'first': 'Ievgeniy', 'last': 'Sopronyuk'}, 'location': {'street': {'number': 4067, 'name': 'Ivanova'}, 'city': 'Melitopol', 'state': 'Harkivska', 'country': 'Ukraine', 'postcode': 97061, 'coordinates': {'latitude': '77.9420', 'longitude': '-71.2450'}, 'timezone': {'offset': '-11:00', 'description': 'Midway Island, Samoa'}}, 'email': 'ievgeniy.sopronyuk@example.com', 'login': {'uuid': '5c0638cf-cc47-4489-8586-297264b2c460', 'username': 'lazykoala246', 'password': 'fritz', 'salt': 'WVqEsHJX', 'md5': 'ed62f995c4e73ee9c0d5b8d2847a74e2', 'sha1': 'f0ed7785301075936cc18e155c7d4547e8e863fb', 'sha256': '5d61084b718e112ccff636d853e8456bf7722b74a3b1a1ee3d6eccb8c8313548'}, 'dob': {'date': '1978-03-24T17:35:20.121Z', 'age': 45}, 'registered': {'date': '2011-06-04T07:01:21.943Z', 'age': 12}, 'phone': '(068) H71-7340', 'cell': '(097) W85-8048', 'id': {'name': '', 'value': None}, 'picture': {'large': 'https://randomuser.me/api/portraits/men/14.jpg', 'medium': 'https://randomuser.me/api/portraits/med/men/14.jpg', 'thumbnail': 'https://randomuser.me/api/portraits/thumb/men/14.jpg'}, 'nat': 'UA'}</msg>
<arg>${json_data['results'][0]}</arg>
<doc>Logs the given message with the given level.</doc>
<status status="PASS" start="2024-03-23T20:13:57.454038" elapsed="0.000420"/>
</kw>
<kw name="Log" owner="BuiltIn">
<msg time="2024-03-23T20:13:57.454878" level="INFO">location</msg>
<arg>${key}</arg>
<doc>Logs the given message with the given level.</doc>
<status status="PASS" start="2024-03-23T20:13:57.454752" elapsed="0.000166"/>
</kw>
<var name="${key}">location</var>
<status status="PASS" start="2024-03-23T20:13:57.453166" elapsed="0.001967"/>
</iter>
<iter>
<kw name="Dictionary Should Contain Key" owner="Collections">
<msg time="2024-03-23T20:13:57.455835" level="INFO">False</msg>
<arg>${json_data['results'][0]}</arg>
<arg>${key}</arg>
<doc>Fails if ``key`` is not found from ``dictionary``.</doc>
<status status="PASS" start="2024-03-23T20:13:57.455449" elapsed="0.000424"/>
</kw>
<kw name="Log" owner="BuiltIn">
<msg time="2024-03-23T20:13:57.456535" level="INFO">{'gender': 'male', 'name': {'title': 'Mr', 'first': 'Ievgeniy', 'last': 'Sopronyuk'}, 'location': {'street': {'number': 4067, 'name': 'Ivanova'}, 'city': 'Melitopol', 'state': 'Harkivska', 'country': 'Ukraine', 'postcode': 97061, 'coordinates': {'latitude': '77.9420', 'longitude': '-71.2450'}, 'timezone': {'offset': '-11:00', 'description': 'Midway Island, Samoa'}}, 'email': 'ievgeniy.sopronyuk@example.com', 'login': {'uuid': '5c0638cf-cc47-4489-8586-297264b2c460', 'username': 'lazykoala246', 'password': 'fritz', 'salt': 'WVqEsHJX', 'md5': 'ed62f995c4e73ee9c0d5b8d2847a74e2', 'sha1': 'f0ed7785301075936cc18e155c7d4547e8e863fb', 'sha256': '5d61084b718e112ccff636d853e8456bf7722b74a3b1a1ee3d6eccb8c8313548'}, 'dob': {'date': '1978-03-24T17:35:20.121Z', 'age': 45}, 'registered': {'date': '2011-06-04T07:01:21.943Z', 'age': 12}, 'phone': '(068) H71-7340', 'cell': '(097) W85-8048', 'id': {'name': '', 'value': None}, 'picture': {'large': 'https://randomuser.me/api/portraits/men/14.jpg', 'medium': 'https://randomuser.me/api/portraits/med/men/14.jpg', 'thumbnail': 'https://randomuser.me/api/portraits/thumb/men/14.jpg'}, 'nat': 'UA'}</msg>
<arg>${json_data['results'][0]}</arg>
<doc>Logs the given message with the given level.</doc>
<status status="PASS" start="2024-03-23T20:13:57.456174" elapsed="0.000409"/>
</kw>
<kw name="Log" owner="BuiltIn">
<msg time="2024-03-23T20:13:57.457003" level="INFO">email</msg>
<arg>${key}</arg>
<doc>Logs the given message with the given level.</doc>
<status status="PASS" start="2024-03-23T20:13:57.456876" elapsed="0.000164"/>
</kw>
<var name="${key}">email</var>
<status status="PASS" start="2024-03-23T20:13:57.455307" elapsed="0.001945"/>
</iter>
<iter>
<kw name="Dictionary Should Contain Key" owner="Collections">
<msg time="2024-03-23T20:13:57.457933" level="INFO">False</msg>
<arg>${json_data['results'][0]}</arg>
<arg>${key}</arg>
<doc>Fails if ``key`` is not found from ``dictionary``.</doc>
<status status="PASS" start="2024-03-23T20:13:57.457547" elapsed="0.000423"/>
</kw>
<kw name="Log" owner="BuiltIn">
<msg time="2024-03-23T20:13:57.458618" level="INFO">{'gender': 'male', 'name': {'title': 'Mr', 'first': 'Ievgeniy', 'last': 'Sopronyuk'}, 'location': {'street': {'number': 4067, 'name': 'Ivanova'}, 'city': 'Melitopol', 'state': 'Harkivska', 'country': 'Ukraine', 'postcode': 97061, 'coordinates': {'latitude': '77.9420', 'longitude': '-71.2450'}, 'timezone': {'offset': '-11:00', 'description': 'Midway Island, Samoa'}}, 'email': 'ievgeniy.sopronyuk@example.com', 'login': {'uuid': '5c0638cf-cc47-4489-8586-297264b2c460', 'username': 'lazykoala246', 'password': 'fritz', 'salt': 'WVqEsHJX', 'md5': 'ed62f995c4e73ee9c0d5b8d2847a74e2', 'sha1': 'f0ed7785301075936cc18e155c7d4547e8e863fb', 'sha256': '5d61084b718e112ccff636d853e8456bf7722b74a3b1a1ee3d6eccb8c8313548'}, 'dob': {'date': '1978-03-24T17:35:20.121Z', 'age': 45}, 'registered': {'date': '2011-06-04T07:01:21.943Z', 'age': 12}, 'phone': '(068) H71-7340', 'cell': '(097) W85-8048', 'id': {'name': '', 'value': None}, 'picture': {'large': 'https://randomuser.me/api/portraits/men/14.jpg', 'medium': 'https://randomuser.me/api/portraits/med/men/14.jpg', 'thumbnail': 'https://randomuser.me/api/portraits/thumb/men/14.jpg'}, 'nat': 'UA'}</msg>
<arg>${json_data['results'][0]}</arg>
<doc>Logs the given message with the given level.</doc>
<status status="PASS" start="2024-03-23T20:13:57.458263" elapsed="0.000401"/>
</kw>
<kw name="Log" owner="BuiltIn">
<msg time="2024-03-23T20:13:57.459082" level="INFO">login</msg>
<arg>${key}</arg>
<doc>Logs the given message with the given level.</doc>
<status status="PASS" start="2024-03-23T20:13:57.458956" elapsed="0.000265"/>
</kw>
<var name="${key}">login</var>
<status status="PASS" start="2024-03-23T20:13:57.457426" elapsed="0.002045"/>
</iter>
<var>${key}</var>
<value>@{expected_keys}</value>
<status status="PASS" start="2024-03-23T20:13:57.448517" elapsed="0.011106"/>
</for>
<kw name="Create List" owner="BuiltIn">
<msg time="2024-03-23T20:13:57.459965" level="INFO">${expected_keysTwo} = ['username', 'password']</msg>
<var>${expected_keysTwo}</var>
<arg>username</arg>
<arg>password</arg>
<doc>Returns a list containing given items.</doc>
<status status="PASS" start="2024-03-23T20:13:57.459828" elapsed="0.000161"/>
</kw>
<for flavor="IN">
<iter>
<kw name="Dictionary Should Contain Key" owner="Collections">
<msg time="2024-03-23T20:13:57.460873" level="INFO">False</msg>
<arg>${json_data['results'][0]['login']}</arg>
<arg>${keyTwo}</arg>
<doc>Fails if ``key`` is not found from ``dictionary``.</doc>
<status status="PASS" start="2024-03-23T20:13:57.460490" elapsed="0.000420"/>
</kw>
<kw name="Dictionary Should Contain Key" owner="Collections">
<msg time="2024-03-23T20:13:57.461582" level="INFO">False</msg>
<arg>${json_data['results'][0]['login']}</arg>
<arg>${keyTwo}</arg>
<doc>Fails if ``key`` is not found from ``dictionary``.</doc>
<status status="PASS" start="2024-03-23T20:13:57.461206" elapsed="0.000413"/>
</kw>
<kw name="Log" owner="BuiltIn">
<msg time="2024-03-23T20:13:57.462044" level="INFO">username</msg>
<arg>${keyTwo}</arg>
<doc>Logs the given message with the given level.</doc>
<status status="PASS" start="2024-03-23T20:13:57.461916" elapsed="0.000166"/>
</kw>
<var name="${keyTwo}">username</var>
<status status="PASS" start="2024-03-23T20:13:57.460381" elapsed="0.001915"/>
</iter>
<iter>
<kw name="Dictionary Should Contain Key" owner="Collections">
<msg time="2024-03-23T20:13:57.462959" level="INFO">False</msg>
<arg>${json_data['results'][0]['login']}</arg>
<arg>${keyTwo}</arg>
<doc>Fails if ``key`` is not found from ``dictionary``.</doc>
<status status="PASS" start="2024-03-23T20:13:57.462580" elapsed="0.000417"/>
</kw>
<kw name="Dictionary Should Contain Key" owner="Collections">
<msg time="2024-03-23T20:13:57.463694" level="INFO">False</msg>
<arg>${json_data['results'][0]['login']}</arg>
<arg>${keyTwo}</arg>
<doc>Fails if ``key`` is not found from ``dictionary``.</doc>
<status status="PASS" start="2024-03-23T20:13:57.463288" elapsed="0.000444"/>
</kw>
<kw name="Log" owner="BuiltIn">
<msg time="2024-03-23T20:13:57.464152" level="INFO">password</msg>
<arg>${keyTwo}</arg>
<doc>Logs the given message with the given level.</doc>
<status status="PASS" start="2024-03-23T20:13:57.464025" elapsed="0.000163"/>
</kw>
<var name="${keyTwo}">password</var>
<status status="PASS" start="2024-03-23T20:13:57.462471" elapsed="0.001932"/>
</iter>
<var>${keyTwo}</var>
<value>@{expected_keysTwo}</value>
<status status="PASS" start="2024-03-23T20:13:57.460230" elapsed="0.004292"/>
</for>
<status status="PASS" start="2024-03-23T20:13:57.356416" elapsed="0.108244"/>
</kw>
<doc>Testa a estrutura da resposta da API.</doc>
<tag>testeEstruturaResposta</tag>
<status status="PASS" start="2024-03-23T20:13:57.355496" elapsed="0.109317"/>
</test>
<test id="s1-s1-t4" name="Validar tipos de dados" line="28">
<kw name="Teste de Tipos de Dados" owner="random-user-service">
<kw name="GET On Session" owner="RequestsLibrary">
<msg time="2024-03-23T20:13:57.540587" level="INFO">GET Request : url=https://randomuser.me/api 
 path_url=/api 
 headers={'User-Agent': 'python-requests/2.31.0', 'Accept-Encoding': 'gzip, deflate', 'Accept': '*/*', 'Connection': 'keep-alive'} 
 body=None 
 </msg>
<msg time="2024-03-23T20:13:57.540668" level="INFO">GET Response : url=https://randomuser.me/api 
 status=200, reason=OK 
 headers={'Date': 'Sat, 23 Mar 2024 20:13:57 GMT', 'Content-Type': 'application/json; charset=utf-8', 'Transfer-Encoding': 'chunked', 'Connection': 'keep-alive', 'X-Powered-By': 'Express', 'Access-Control-Allow-Origin': '*', 'Cache-Control': 'no-cache', 'ETag': 'W/"49e-RA43VNCWI3wZZu3p+2eFP0cblTM"', 'Vary': 'Accept-Encoding', 'Content-Encoding': 'gzip', 'CF-Cache-Status': 'DYNAMIC', 'Report-To': '{"endpoints":[{"url":"https:\\/\\/a.nel.cloudflare.com\\/report\\/v4?s=zV9LiOZjXrYcPQuFVwvfHwC3D8W%2FwCSW5Y8VWYqMv%2FfFZbl2742qnI00kj1HQQe3%2FlDNGwIV0LoIddDCKcXrsSYZqIEOFx2DhoTbk%2BPCF0YtGq6HRzqql0gEh5zctVA6"}],"group":"cf-nel","max_age":604800}', 'NEL': '{"success_fraction":0,"report_to":"cf-nel","max_age":604800}', 'Server': 'cloudflare', 'CF-RAY': '869115c22dd302a7-ORD', 'alt-svc': 'h3=":443"; ma=86400'} 
 body={"results":[{"gender":"male","name":{"title":"Mr","first":"Keith","last":"Jacobs"},"location":{"street":{"number":1363,"name":"Blossom Hill Rd"},"city":"Virginia Beach","state":"Wisconsin","country":"United States","postcode":60943,"coordinates":{"latitude":"88.1608","longitude":"-25.3816"},"timezone":{"offset":"+1:00","description":"Brussels, Copenhagen, Madrid, Paris"}},"email":"keith.jacobs@example.com","login":{"uuid":"97720ff9-1692-44bc-b887-0032ad594dc4","username":"orangekoala147","password":"ludwig","salt":"gzJkrTW9","md5":"9d28f058df317ac41e68c2b2a5501800","sha1":"cb9282b11e3c74605269824db5dad1d74499f344","sha256":"2424b9a5644cc5f06a3da2f3c14be7e1ca3621d5654565c8465042765d9a8aba"},"dob":{"date":"1947-10-06T03:35:36.328Z","age":76},"registered":{"date":"2007-02-19T09:29:51.800Z","age":17},"phone":"(783) 638-7298","cell":"(592) 505-7414","id":{"name":"SSN","value":"487-16-2832"},"picture":{"large":"https://randomuser.me/api/portraits/men/16.jpg","medium":"https://randomuser.me/api/portraits/med/men/16.jpg","thumbnail":"https://randomuser.me/api/portraits/thumb/men/16.jpg"},"nat":"US"}],"info":{"seed":"7513a646b4d4c8ef","results":1,"page":1,"version":"1.4"}} 
 </msg>
<msg time="2024-03-23T20:13:57.540750" level="INFO">/opt/hostedtoolcache/Python/3.12.2/x64/lib/python3.12/site-packages/urllib3/connectionpool.py:1103: InsecureRequestWarning: Unverified HTTPS request is being made to host 'randomuser.me'. Adding certificate verification is strongly advised. See: https://urllib3.readthedocs.io/en/latest/advanced-usage.html#tls-warnings
  warnings.warn(</msg>
<msg time="2024-03-23T20:13:57.540864" level="INFO">${response} = &lt;Response [200]&gt;</msg>
<var>${response}</var>
<arg>consultarAPI</arg>
<arg>/api</arg>
<doc>Sends a GET request on a previously created HTTP Session.</doc>
<status status="PASS" start="2024-03-23T20:13:57.467182" elapsed="0.073725"/>
</kw>
<kw name="Set Variable" owner="BuiltIn">
<msg time="2024-03-23T20:13:57.541769" level="INFO">${json_data} = {'results': [{'gender': 'male', 'name': {'title': 'Mr', 'first': 'Keith', 'last': 'Jacobs'}, 'location': {'street': {'number': 1363, 'name': 'Blossom Hill Rd'}, 'city': 'Virginia Beach', 'state': 'Wis...</msg>
<var>${json_data}</var>
<arg>${response.json()}</arg>
<doc>Returns the given values which can then be assigned to a variables.</doc>
<status status="PASS" start="2024-03-23T20:13:57.541334" elapsed="0.000463"/>
</kw>
<kw name="Log" owner="BuiltIn">
<msg time="2024-03-23T20:13:57.542258" level="INFO">{'results': [{'gender': 'male', 'name': {'title': 'Mr', 'first': 'Keith', 'last': 'Jacobs'}, 'location': {'street': {'number': 1363, 'name': 'Blossom Hill Rd'}, 'city': 'Virginia Beach', 'state': 'Wisconsin', 'country': 'United States', 'postcode': 60943, 'coordinates': {'latitude': '88.1608', 'longitude': '-25.3816'}, 'timezone': {'offset': '+1:00', 'description': 'Brussels, Copenhagen, Madrid, Paris'}}, 'email': 'keith.jacobs@example.com', 'login': {'uuid': '97720ff9-1692-44bc-b887-0032ad594dc4', 'username': 'orangekoala147', 'password': 'ludwig', 'salt': 'gzJkrTW9', 'md5': '9d28f058df317ac41e68c2b2a5501800', 'sha1': 'cb9282b11e3c74605269824db5dad1d74499f344', 'sha256': '2424b9a5644cc5f06a3da2f3c14be7e1ca3621d5654565c8465042765d9a8aba'}, 'dob': {'date': '1947-10-06T03:35:36.328Z', 'age': 76}, 'registered': {'date': '2007-02-19T09:29:51.800Z', 'age': 17}, 'phone': '(783) 638-7298', 'cell': '(592) 505-7414', 'id': {'name': 'SSN', 'value': '487-16-2832'}, 'picture': {'large': 'https://randomuser.me/api/portraits/men/16.jpg', 'medium': 'https://randomuser.me/api/portraits/med/men/16.jpg', 'thumbnail': 'https://randomuser.me/api/portraits/thumb/men/16.jpg'}, 'nat': 'US'}], 'info': {'seed': '7513a646b4d4c8ef', 'results': 1, 'page': 1, 'version': '1.4'}}</msg>
<arg>${json_data}</arg>
<doc>Logs the given message with the given level.</doc>
<status status="PASS" start="2024-03-23T20:13:57.542102" elapsed="0.000236"/>
</kw>
<kw name="Should Be String" owner="String">
<arg>${json_data['results'][0]['gender']}</arg>
<doc>Fails if the given ``item`` is not a string.</doc>
<status status="PASS" start="2024-03-23T20:13:57.542636" elapsed="0.000361"/>
</kw>
<kw name="Should Match Regexp" owner="BuiltIn">
<arg>${json_data['results'][0]['email']}</arg>
<arg>^[a-zA-Z0-9._%+-]+@[a-zA-Z0-9.-]+\.[a-zA-Z]{2,}$</arg>
<doc>Fails if ``string`` does not match ``pattern`` as a regular expression.</doc>
<status status="PASS" start="2024-03-23T20:13:57.543189" elapsed="0.000559"/>
</kw>
<kw name="Should Match Regexp" owner="BuiltIn">
<arg>${json_data['results'][0]['dob']['date']}</arg>
<arg>\\d{4}-\\d{2}-\\d{2}T\\d{2}:\\d{2}:\\d{2}\\.\\d{3}Z</arg>
<doc>Fails if ``string`` does not match ``pattern`` as a regular expression.</doc>
<status status="PASS" start="2024-03-23T20:13:57.543950" elapsed="0.000492"/>
</kw>
<kw name="Should Match Regexp" owner="BuiltIn">
<arg>${json_data['results'][0]['registered']['date']}</arg>
<arg>\\d{4}-\\d{2}-\\d{2}T\\d{2}:\\d{2}:\\d{2}\\.\\d{3}Z</arg>
<doc>Fails if ``string`` does not match ``pattern`` as a regular expression.</doc>
<status status="PASS" start="2024-03-23T20:13:57.544635" elapsed="0.000368"/>
</kw>
<kw name="Should Match Regexp" owner="BuiltIn">
<arg>${json_data['results'][0]['picture']['large']}</arg>
<arg>^https?://.*\.(?:png|jpe?g|gif|bmp)$</arg>
<doc>Fails if ``string`` does not match ``pattern`` as a regular expression.</doc>
<status status="PASS" start="2024-03-23T20:13:57.545190" elapsed="0.000453"/>
</kw>
<kw name="Should Match Regexp" owner="BuiltIn">
<arg>${json_data['results'][0]['picture']['medium']}</arg>
<arg>^https?://.*\.(?:png|jpe?g|gif|bmp)$</arg>
<doc>Fails if ``string`` does not match ``pattern`` as a regular expression.</doc>
<status status="PASS" start="2024-03-23T20:13:57.545833" elapsed="0.000360"/>
</kw>
<kw name="Should Match Regexp" owner="BuiltIn">
<arg>${json_data['results'][0]['picture']['thumbnail']}</arg>
<arg>^https?://.*\.(?:png|jpe?g|gif|bmp)$</arg>
<doc>Fails if ``string`` does not match ``pattern`` as a regular expression.</doc>
<status status="PASS" start="2024-03-23T20:13:57.546380" elapsed="0.000355"/>
</kw>
<kw name="Log" owner="BuiltIn">
<msg time="2024-03-23T20:13:57.547234" level="INFO">{'large': 'https://randomuser.me/api/portraits/men/16.jpg', 'medium': 'https://randomuser.me/api/portraits/med/men/16.jpg', 'thumbnail': 'https://randomuser.me/api/portraits/thumb/men/16.jpg'}</msg>
<arg>${json_data['results'][0]['picture']}</arg>
<doc>Logs the given message with the given level.</doc>
<status status="PASS" start="2024-03-23T20:13:57.546914" elapsed="0.000367"/>
</kw>
<status status="PASS" start="2024-03-23T20:13:57.466954" elapsed="0.080599"/>
</kw>
<kw name="Teste de Tipos de Dados - Postcode" owner="random-user-service">
<kw name="GET On Session" owner="RequestsLibrary">
<msg time="2024-03-23T20:13:57.644539" level="INFO">GET Request : url=https://randomuser.me/api 
 path_url=/api 
 headers={'User-Agent': 'python-requests/2.31.0', 'Accept-Encoding': 'gzip, deflate', 'Accept': '*/*', 'Connection': 'keep-alive'} 
 body=None 
 </msg>
<msg time="2024-03-23T20:13:57.644617" level="INFO">GET Response : url=https://randomuser.me/api 
 status=200, reason=OK 
 headers={'Date': 'Sat, 23 Mar 2024 20:13:57 GMT', 'Content-Type': 'application/json; charset=utf-8', 'Transfer-Encoding': 'chunked', 'Connection': 'keep-alive', 'X-Powered-By': 'Express', 'Access-Control-Allow-Origin': '*', 'Cache-Control': 'no-cache', 'ETag': 'W/"49f-tb1xzNNpwoY6Lvk1woZExvLK9Vw"', 'Vary': 'Accept-Encoding', 'Content-Encoding': 'gzip', 'CF-Cache-Status': 'DYNAMIC', 'Report-To': '{"endpoints":[{"url":"https:\\/\\/a.nel.cloudflare.com\\/report\\/v4?s=GicWEv0rJiNqduehqJfwiryQkJUnsWKy43M66htJXkTMG1FLdogNnYRyUh8t%2FZQbj6oMEPekERXVLG6S91e0pfJ92WldbWqSSHwvytWRRx%2By%2FhOvsjdDbWZUoiupkDCA"}],"group":"cf-nel","max_age":604800}', 'NEL': '{"success_fraction":0,"report_to":"cf-nel","max_age":604800}', 'Server': 'cloudflare', 'CF-RAY': '869115c2ae5d02a7-ORD', 'alt-svc': 'h3=":443"; ma=86400'} 
 body={"results":[{"gender":"female","name":{"title":"Miss","first":"Madison","last":"Myers"},"location":{"street":{"number":4592,"name":"Oak Lawn Ave"},"city":"Naperville","state":"Alaska","country":"United States","postcode":77126,"coordinates":{"latitude":"86.0701","longitude":"36.8705"},"timezone":{"offset":"+1:00","description":"Brussels, Copenhagen, Madrid, Paris"}},"email":"madison.myers@example.com","login":{"uuid":"aa377990-b47b-408b-bf36-98957b725523","username":"happymeercat560","password":"cable","salt":"rDTbISE7","md5":"6452642af9dd8955cb2cffdf99fb829f","sha1":"48bd081c4f5ff71395d4da846ba5ba2dca51468b","sha256":"32de578c5a0016a6ee237bcc7a4ef852d80f5dbc5aa008b6904791c8e23c17e3"},"dob":{"date":"1978-05-30T05:27:28.334Z","age":45},"registered":{"date":"2008-10-25T08:37:07.795Z","age":15},"phone":"(741) 431-2357","cell":"(784) 560-6843","id":{"name":"SSN","value":"040-80-4415"},"picture":{"large":"https://randomuser.me/api/portraits/women/46.jpg","medium":"https://randomuser.me/api/portraits/med/women/46.jpg","thumbnail":"https://randomuser.me/api/portraits/thumb/women/46.jpg"},"nat":"US"}],"info":{"seed":"9576bfbde490c03b","results":1,"page":1,"version":"1.4"}} 
 </msg>
<msg time="2024-03-23T20:13:57.644697" level="INFO">/opt/hostedtoolcache/Python/3.12.2/x64/lib/python3.12/site-packages/urllib3/connectionpool.py:1103: InsecureRequestWarning: Unverified HTTPS request is being made to host 'randomuser.me'. Adding certificate verification is strongly advised. See: https://urllib3.readthedocs.io/en/latest/advanced-usage.html#tls-warnings
  warnings.warn(</msg>
<msg time="2024-03-23T20:13:57.644805" level="INFO">${response} = &lt;Response [200]&gt;</msg>
<var>${response}</var>
<arg>consultarAPI</arg>
<arg>/api</arg>
<doc>Sends a GET request on a previously created HTTP Session.</doc>
<status status="PASS" start="2024-03-23T20:13:57.548104" elapsed="0.096751"/>
</kw>
<kw name="Set Variable" owner="BuiltIn">
<msg time="2024-03-23T20:13:57.645773" level="INFO">${json_data} = {'results': [{'gender': 'female', 'name': {'title': 'Miss', 'first': 'Madison', 'last': 'Myers'}, 'location': {'street': {'number': 4592, 'name': 'Oak Lawn Ave'}, 'city': 'Naperville', 'state': 'Alask...</msg>
<var>${json_data}</var>
<arg>${response.json()}</arg>
<doc>Returns the given values which can then be assigned to a variables.</doc>
<status status="PASS" start="2024-03-23T20:13:57.645305" elapsed="0.000497"/>
</kw>
<kw name="Log" owner="BuiltIn">
<msg time="2024-03-23T20:13:57.646265" level="INFO">{'results': [{'gender': 'female', 'name': {'title': 'Miss', 'first': 'Madison', 'last': 'Myers'}, 'location': {'street': {'number': 4592, 'name': 'Oak Lawn Ave'}, 'city': 'Naperville', 'state': 'Alaska', 'country': 'United States', 'postcode': 77126, 'coordinates': {'latitude': '86.0701', 'longitude': '36.8705'}, 'timezone': {'offset': '+1:00', 'description': 'Brussels, Copenhagen, Madrid, Paris'}}, 'email': 'madison.myers@example.com', 'login': {'uuid': 'aa377990-b47b-408b-bf36-98957b725523', 'username': 'happymeercat560', 'password': 'cable', 'salt': 'rDTbISE7', 'md5': '6452642af9dd8955cb2cffdf99fb829f', 'sha1': '48bd081c4f5ff71395d4da846ba5ba2dca51468b', 'sha256': '32de578c5a0016a6ee237bcc7a4ef852d80f5dbc5aa008b6904791c8e23c17e3'}, 'dob': {'date': '1978-05-30T05:27:28.334Z', 'age': 45}, 'registered': {'date': '2008-10-25T08:37:07.795Z', 'age': 15}, 'phone': '(741) 431-2357', 'cell': '(784) 560-6843', 'id': {'name': 'SSN', 'value': '040-80-4415'}, 'picture': {'large': 'https://randomuser.me/api/portraits/women/46.jpg', 'medium': 'https://randomuser.me/api/portraits/med/women/46.jpg', 'thumbnail': 'https://randomuser.me/api/portraits/thumb/women/46.jpg'}, 'nat': 'US'}], 'info': {'seed': '9576bfbde490c03b', 'results': 1, 'page': 1, 'version': '1.4'}}</msg>
<arg>${json_data}</arg>
<doc>Logs the given message with the given level.</doc>
<status status="PASS" start="2024-03-23T20:13:57.646112" elapsed="0.000229"/>
</kw>
<kw name="Should Be Equal As Numbers" owner="BuiltIn">
<arg>${json_data['results'][0]['location']['postcode']}</arg>
<arg>${json_data['results'][0]['location']['postcode']}</arg>
<doc>Fails if objects are unequal after converting them to real numbers.</doc>
<status status="PASS" start="2024-03-23T20:13:57.646628" elapsed="0.000587"/>
</kw>
<kw name="Log" owner="BuiltIn">
<msg time="2024-03-23T20:13:57.647753" level="INFO">77126</msg>
<arg>${json_data['results'][0]['location']['postcode']}</arg>
<doc>Logs the given message with the given level.</doc>
<status status="PASS" start="2024-03-23T20:13:57.647426" elapsed="0.000365"/>
</kw>
<status status="PASS" start="2024-03-23T20:13:57.547767" elapsed="0.100259"/>
</kw>
<doc>Testa se os tipos de dados na resposta da API estão corretos.</doc>
<tag>testeTiposDados</tag>
<status status="PASS" start="2024-03-23T20:13:57.466537" elapsed="0.181641"/>
</test>
<test id="s1-s1-t5" name="Validar conteudo" line="35">
<kw name="Teste de Tipos de Conteudo" owner="random-user-service">
<kw name="GET On Session" owner="RequestsLibrary">
<msg time="2024-03-23T20:13:57.742730" level="INFO">GET Request : url=https://randomuser.me/api 
 path_url=/api 
 headers={'User-Agent': 'python-requests/2.31.0', 'Accept-Encoding': 'gzip, deflate', 'Accept': '*/*', 'Connection': 'keep-alive'} 
 body=None 
 </msg>
<msg time="2024-03-23T20:13:57.742813" level="INFO">GET Response : url=https://randomuser.me/api 
 status=200, reason=OK 
 headers={'Date': 'Sat, 23 Mar 2024 20:13:57 GMT', 'Content-Type': 'application/json; charset=utf-8', 'Transfer-Encoding': 'chunked', 'Connection': 'keep-alive', 'X-Powered-By': 'Express', 'Access-Control-Allow-Origin': '*', 'Cache-Control': 'no-cache', 'ETag': 'W/"47d-967gaVmafXPk8NkkVwgDXkNNQRE"', 'Vary': 'Accept-Encoding', 'Content-Encoding': 'gzip', 'CF-Cache-Status': 'DYNAMIC', 'Report-To': '{"endpoints":[{"url":"https:\\/\\/a.nel.cloudflare.com\\/report\\/v4?s=8ighYnWgCRz3H6dm0qEXf%2BDKqsoALZ6lqAirRO5DxLxKKztgn1XFIbLohNzWicB8Cp%2FEfc%2BZQV5tT4hVmoo1dY%2Fr99vP7n5Kh5dgCl5t9%2FpAB25Jx6AmD689M0TlPs%2F3"}],"group":"cf-nel","max_age":604800}', 'NEL': '{"success_fraction":0,"report_to":"cf-nel","max_age":604800}', 'Server': 'cloudflare', 'CF-RAY': '869115c34f0e02a7-ORD', 'alt-svc': 'h3=":443"; ma=86400'} 
 body={"results":[{"gender":"male","name":{"title":"Mr","first":"Miguel","last":"Simmmons"},"location":{"street":{"number":6198,"name":"Green Lane"},"city":"Tralee","state":"South Dublin","country":"Ireland","postcode":71542,"coordinates":{"latitude":"0.5268","longitude":"-108.3317"},"timezone":{"offset":"-12:00","description":"Eniwetok, Kwajalein"}},"email":"miguel.simmmons@example.com","login":{"uuid":"bd094eda-4321-4dea-a121-5da5ebf96b91","username":"blackbird404","password":"aaaaaaaa","salt":"rnjf17OP","md5":"6d68e74adb3b586cd626f4f0c3440c94","sha1":"e6831d29bd22c64205117073cc669327a92be9aa","sha256":"6d17bd42def96c27fb498ad459f17e6c49e94f997d0ddb1396f61abe5adc1752"},"dob":{"date":"1992-11-10T09:47:16.142Z","age":31},"registered":{"date":"2015-12-02T17:09:37.105Z","age":8},"phone":"071-795-4760","cell":"081-229-7551","id":{"name":"PPS","value":"2773916T"},"picture":{"large":"https://randomuser.me/api/portraits/men/35.jpg","medium":"https://randomuser.me/api/portraits/med/men/35.jpg","thumbnail":"https://randomuser.me/api/portraits/thumb/men/35.jpg"},"nat":"IE"}],"info":{"seed":"087554657f36095d","results":1,"page":1,"version":"1.4"}} 
 </msg>
<msg time="2024-03-23T20:13:57.742882" level="INFO">/opt/hostedtoolcache/Python/3.12.2/x64/lib/python3.12/site-packages/urllib3/connectionpool.py:1103: InsecureRequestWarning: Unverified HTTPS request is being made to host 'randomuser.me'. Adding certificate verification is strongly advised. See: https://urllib3.readthedocs.io/en/latest/advanced-usage.html#tls-warnings
  warnings.warn(</msg>
<msg time="2024-03-23T20:13:57.742993" level="INFO">${response} = &lt;Response [200]&gt;</msg>
<var>${response}</var>
<arg>consultarAPI</arg>
<arg>/api</arg>
<doc>Sends a GET request on a previously created HTTP Session.</doc>
<status status="PASS" start="2024-03-23T20:13:57.650387" elapsed="0.092648"/>
</kw>
<kw name="Set Variable" owner="BuiltIn">
<msg time="2024-03-23T20:13:57.744014" level="INFO">${json_data} = {'results': [{'gender': 'male', 'name': {'title': 'Mr', 'first': 'Miguel', 'last': 'Simmmons'}, 'location': {'street': {'number': 6198, 'name': 'Green Lane'}, 'city': 'Tralee', 'state': 'South Dublin'...</msg>
<var>${json_data}</var>
<arg>${response.json()}</arg>
<doc>Returns the given values which can then be assigned to a variables.</doc>
<status status="PASS" start="2024-03-23T20:13:57.743570" elapsed="0.000473"/>
</kw>
<kw name="Set Variable" owner="BuiltIn">
<msg time="2024-03-23T20:13:57.744706" level="INFO">${name_title} = Mr</msg>
<var>${name_title}</var>
<arg>${json_data["results"][0]["name"]["title"]}</arg>
<doc>Returns the given values which can then be assigned to a variables.</doc>
<status status="PASS" start="2024-03-23T20:13:57.744346" elapsed="0.000383"/>
</kw>
<kw name="Create List" owner="BuiltIn">
<msg time="2024-03-23T20:13:57.745139" level="INFO">${allowed_titles} = ['Mr', 'Ms', 'Miss', 'Mrs', 'Madame', 'Monsieur']</msg>
<var>${allowed_titles}</var>
<arg>Mr</arg>
<arg>Ms</arg>
<arg>Miss</arg>
<arg>Mrs</arg>
<arg>Madame</arg>
<arg>Monsieur</arg>
<doc>Returns a list containing given items.</doc>
<status status="PASS" start="2024-03-23T20:13:57.745002" elapsed="0.000159"/>
</kw>
<kw name="List Should Contain Value" owner="Collections">
<msg time="2024-03-23T20:13:57.745643" level="INFO">False</msg>
<arg>${allowed_titles}</arg>
<arg>${name_title}</arg>
<doc>Fails if the ``value`` is not found from ``list``.</doc>
<status status="PASS" start="2024-03-23T20:13:57.745472" elapsed="0.000208"/>
</kw>
<kw name="Set Variable" owner="BuiltIn">
<msg time="2024-03-23T20:13:57.746349" level="INFO">${name_country} = IE</msg>
<var>${name_country}</var>
<arg>${json_data["results"][0]["nat"]}</arg>
<doc>Returns the given values which can then be assigned to a variables.</doc>
<status status="PASS" start="2024-03-23T20:13:57.745973" elapsed="0.000401"/>
</kw>
<kw name="Create List" owner="BuiltIn">
<msg time="2024-03-23T20:13:57.747232" level="INFO">${list_country} = ['AD', 'AE', 'AF', 'AG', 'AI', 'AL', 'AM', 'AO', 'AQ', 'AR', 'AS', 'AT', 'AU', 'AW', 'AX', 'AZ', 'BA', 'BB', 'BD', 'BE', 'BF', 'BG', 'BH', 'BI', 'BJ', 'BL', 'BM', 'BN', 'BO', 'BQ', 'BR', 'BS', 'BT', '...</msg>
<var>${list_country}</var>
<arg>AD</arg>
<arg>AE</arg>
<arg>AF</arg>
<arg>AG</arg>
<arg>AI</arg>
<arg>AL</arg>
<arg>AM</arg>
<arg>AO</arg>
<arg>AQ</arg>
<arg>AR</arg>
<arg>AS</arg>
<arg>AT</arg>
<arg>AU</arg>
<arg>AW</arg>
<arg>AX</arg>
<arg>AZ</arg>
<arg>BA</arg>
<arg>BB</arg>
<arg>BD</arg>
<arg>BE</arg>
<arg>BF</arg>
<arg>BG</arg>
<arg>BH</arg>
<arg>BI</arg>
<arg>BJ</arg>
<arg>BL</arg>
<arg>BM</arg>
<arg>BN</arg>
<arg>BO</arg>
<arg>BQ</arg>
<arg>BR</arg>
<arg>BS</arg>
<arg>BT</arg>
<arg>BV</arg>
<arg>BW</arg>
<arg>BY</arg>
<arg>BZ</arg>
<arg>CA</arg>
<arg>CC</arg>
<arg>CD</arg>
<arg>CF</arg>
<arg>CG</arg>
<arg>CH</arg>
<arg>CI</arg>
<arg>CK</arg>
<arg>CL</arg>
<arg>CM</arg>
<arg>CN</arg>
<arg>CO</arg>
<arg>CR</arg>
<arg>CU</arg>
<arg>CV</arg>
<arg>CW</arg>
<arg>CX</arg>
<arg>CY</arg>
<arg>CZ</arg>
<arg>DE</arg>
<arg>DJ</arg>
<arg>DK</arg>
<arg>DM</arg>
<arg>DO</arg>
<arg>DZ</arg>
<arg>EC</arg>
<arg>EE</arg>
<arg>EG</arg>
<arg>EH</arg>
<arg>ER</arg>
<arg>ES</arg>
<arg>ET</arg>
<arg>FI</arg>
<arg>FJ</arg>
<arg>FK</arg>
<arg>FM</arg>
<arg>FO</arg>
<arg>FR</arg>
<arg>GA</arg>
<arg>GB</arg>
<arg>GD</arg>
<arg>GE</arg>
<arg>GF</arg>
<arg>GG</arg>
<arg>GH</arg>
<arg>GI</arg>
<arg>GL</arg>
<arg>GM</arg>
<arg>GN</arg>
<arg>GP</arg>
<arg>GQ</arg>
<arg>GR</arg>
<arg>GS</arg>
<arg>GT</arg>
<arg>GU</arg>
<arg>GW</arg>
<arg>GY</arg>
<arg>HK</arg>
<arg>HM</arg>
<arg>HN</arg>
<arg>HR</arg>
<arg>HT</arg>
<arg>HU</arg>
<arg>ID</arg>
<arg>IE</arg>
<arg>IL</arg>
<arg>IM</arg>
<arg>IN</arg>
<arg>IO</arg>
<arg>IQ</arg>
<arg>IR</arg>
<arg>IS</arg>
<arg>IT</arg>
<arg>JE</arg>
<arg>JM</arg>
<arg>JO</arg>
<arg>JP</arg>
<arg>KE</arg>
<arg>KG</arg>
<arg>KH</arg>
<arg>KI</arg>
<arg>KM</arg>
<arg>KN</arg>
<arg>KP</arg>
<arg>KR</arg>
<arg>KW</arg>
<arg>KY</arg>
<arg>KZ</arg>
<arg>LA</arg>
<arg>LB</arg>
<arg>LC</arg>
<arg>LI</arg>
<arg>LK</arg>
<arg>LR</arg>
<arg>LS</arg>
<arg>LT</arg>
<arg>LU</arg>
<arg>LV</arg>
<arg>LY</arg>
<arg>MA</arg>
<arg>MC</arg>
<arg>MD</arg>
<arg>ME</arg>
<arg>MF</arg>
<arg>MG</arg>
<arg>MH</arg>
<arg>MK</arg>
<arg>ML</arg>
<arg>MM</arg>
<arg>MN</arg>
<arg>MO</arg>
<arg>MP</arg>
<arg>MQ</arg>
<arg>MR</arg>
<arg>MS</arg>
<arg>MT</arg>
<arg>MU</arg>
<arg>MV</arg>
<arg>MW</arg>
<arg>MX</arg>
<arg>MY</arg>
<arg>MZ</arg>
<arg>NA</arg>
<arg>NC</arg>
<arg>NE</arg>
<arg>NF</arg>
<arg>NG</arg>
<arg>NI</arg>
<arg>NL</arg>
<arg>NO</arg>
<arg>NP</arg>
<arg>NR</arg>
<arg>NU</arg>
<arg>NZ</arg>
<arg>OM</arg>
<arg>PA</arg>
<arg>PE</arg>
<arg>PF</arg>
<arg>PG</arg>
<arg>PH</arg>
<arg>PK</arg>
<arg>PL</arg>
<arg>PM</arg>
<arg>PN</arg>
<arg>PR</arg>
<arg>PS</arg>
<arg>PT</arg>
<arg>PW</arg>
<arg>PY</arg>
<arg>QA</arg>
<arg>RE</arg>
<arg>RO</arg>
<arg>RS</arg>
<arg>RU</arg>
<arg>RW</arg>
<arg>SA</arg>
<arg>SB</arg>
<arg>SC</arg>
<arg>SD</arg>
<arg>SE</arg>
<arg>SG</arg>
<arg>SH</arg>
<arg>SI</arg>
<arg>SJ</arg>
<arg>SK</arg>
<arg>SL</arg>
<arg>SM</arg>
<arg>SN</arg>
<arg>SO</arg>
<arg>SR</arg>
<arg>SS</arg>
<arg>ST</arg>
<arg>SV</arg>
<arg>SX</arg>
<arg>SY</arg>
<arg>SZ</arg>
<arg>TC</arg>
<arg>TD</arg>
<arg>TF</arg>
<arg>TG</arg>
<arg>TH</arg>
<arg>TJ</arg>
<arg>TK</arg>
<arg>TL</arg>
<arg>TM</arg>
<arg>TN</arg>
<arg>TO</arg>
<arg>TR</arg>
<arg>TT</arg>
<arg>TV</arg>
<arg>TW</arg>
<arg>TZ</arg>
<arg>UA</arg>
<arg>UG</arg>
<arg>UM</arg>
<arg>US</arg>
<arg>UY</arg>
<arg>UZ</arg>
<arg>VA</arg>
<arg>VC</arg>
<arg>VE</arg>
<arg>VG</arg>
<arg>VI</arg>
<arg>VN</arg>
<arg>VU</arg>
<arg>WF</arg>
<arg>WS</arg>
<arg>XK</arg>
<arg>YE</arg>
<arg>YT</arg>
<arg>ZA</arg>
<arg>ZM</arg>
<arg>ZW</arg>
<doc>Returns a list containing given items.</doc>
<status status="PASS" start="2024-03-23T20:13:57.746674" elapsed="0.000583"/>
</kw>
<kw name="List Should Contain Value" owner="Collections">
<msg time="2024-03-23T20:13:57.748292" level="INFO">False</msg>
<arg>${list_country}</arg>
<arg>${name_country}</arg>
<doc>Fails if the ``value`` is not found from ``list``.</doc>
<status status="PASS" start="2024-03-23T20:13:57.748103" elapsed="0.000223"/>
</kw>
<kw name="Run Keyword If" owner="BuiltIn">
<kw name="Should Be True" owner="BuiltIn">
<arg>${True}</arg>
<doc>Fails if the given condition is not true.</doc>
<status status="PASS" start="2024-03-23T20:13:57.749305" elapsed="0.000135"/>
</kw>
<arg>${json_data["results"][0]["location"]["coordinates"]["latitude"]} &gt;= -90 and ${json_data["results"][0]["location"]["coordinates"]["latitude"]} &lt;= 90</arg>
<arg>Should Be True</arg>
<arg>${True}</arg>
<doc>Runs the given keyword with the given arguments, if ``condition`` is true.</doc>
<status status="PASS" start="2024-03-23T20:13:57.748615" elapsed="0.000946"/>
</kw>
<kw name="Run Keyword If" owner="BuiltIn">
<kw name="Should Be True" owner="BuiltIn">
<arg>${True}</arg>
<doc>Fails if the given condition is not true.</doc>
<status status="PASS" start="2024-03-23T20:13:57.750399" elapsed="0.000141"/>
</kw>
<arg>${json_data["results"][0]["location"]["coordinates"]["longitude"]} &gt;= -180 and ${json_data["results"][0]["location"]["coordinates"]["longitude"]} &lt;= 180</arg>
<arg>Should Be True</arg>
<arg>${True}</arg>
<doc>Runs the given keyword with the given arguments, if ``condition`` is true.</doc>
<status status="PASS" start="2024-03-23T20:13:57.749737" elapsed="0.000931"/>
</kw>
<status status="PASS" start="2024-03-23T20:13:57.650183" elapsed="0.100615"/>
</kw>
<doc>Testa o conteúdo específico dos campos retornados pela API.</doc>
<tag>testeConteudo</tag>
<status status="PASS" start="2024-03-23T20:13:57.649787" elapsed="0.101160"/>
</test>
<status status="PASS" start="2024-03-23T20:13:56.955069" elapsed="0.797832"/>
</suite>
<status status="PASS" start="2024-03-23T20:13:56.941489" elapsed="0.816642"/>
</suite>
<statistics>
<total>
<stat pass="5" fail="0" skip="0">All Tests</stat>
</total>
<tag>
<stat pass="1" fail="0" skip="0">testeConteudo</stat>
<stat pass="1" fail="0" skip="0">testeEstruturaResposta</stat>
<stat pass="1" fail="0" skip="0">testeRequisicaoBasica</stat>
<stat pass="1" fail="0" skip="0">testeTiposDados</stat>
</tag>
<suite>
<stat pass="5" fail="0" skip="0" id="s1" name="Tests">Tests</stat>
<stat pass="5" fail="0" skip="0" id="s1-s1" name="Random-User-Test">Tests.Random-User-Test</stat>
</suite>
</statistics>
<errors>
</errors>
</robot>
