<?xml version="1.0" encoding="UTF-8"?>
<robot generator="Robot 7.0 (Python 3.12.3 on linux)" generated="2024-05-23T20:15:56.395216" rpa="false" schemaversion="5">
<suite id="s1" name="Tests" source="/home/runner/work/DesafioQAItauRogerioJordao/DesafioQAItauRogerioJordao/RamdonUser/tests">
<suite id="s1-s1" name="Random-User-Test" source="/home/runner/work/DesafioQAItauRogerioJordao/DesafioQAItauRogerioJordao/RamdonUser/tests/random-user-test.robot">
<test id="s1-s1-t1" name="Conectar" line="13">
<kw name="Conectar API" owner="random-user-service">
<kw name="Create Session" owner="RequestsLibrary">
<msg time="2024-05-23T20:15:56.786566" level="INFO">Creating Session using : alias=consultarAPI, url=https://randomuser.me/, headers={},                     cookies={}, auth=None, timeout=None, proxies=None, verify=False,                     debug=0 </msg>
<arg>consultarAPI</arg>
<arg>${URL}</arg>
<doc>Create Session: create a HTTP session to a server</doc>
<status status="PASS" start="2024-05-23T20:15:56.786363" elapsed="0.000398"/>
</kw>
<status status="PASS" start="2024-05-23T20:15:56.785353" elapsed="0.001806"/>
</kw>
<status status="PASS" start="2024-05-23T20:15:56.784738" elapsed="0.002615"/>
</test>
<test id="s1-s1-t2" name="Validar retorno 200 e JSON Válido" line="16">
<kw name="Teste de Requisicao Basica" owner="random-user-service">
<kw name="GET On Session" owner="RequestsLibrary">
<msg time="2024-05-23T20:15:56.855866" level="INFO">GET Request : url=https://randomuser.me/api 
 path_url=/api 
 headers={'User-Agent': 'python-requests/2.32.2', 'Accept-Encoding': 'gzip, deflate', 'Accept': '*/*', 'Connection': 'keep-alive'} 
 body=None 
 </msg>
<msg time="2024-05-23T20:15:56.856026" level="INFO">GET Response : url=https://randomuser.me/api 
 status=200, reason=OK 
 headers={'Date': 'Thu, 23 May 2024 20:15:56 GMT', 'Content-Type': 'application/json; charset=utf-8', 'Transfer-Encoding': 'chunked', 'Connection': 'keep-alive', 'X-Powered-By': 'Express', 'Access-Control-Allow-Origin': '*', 'Cache-Control': 'no-cache', 'ETag': 'W/"491-T0wzxVOoXq+OiAZWCzy7Do5NdiI"', 'Vary': 'Accept-Encoding', 'Content-Encoding': 'gzip', 'CF-Cache-Status': 'DYNAMIC', 'Report-To': '{"endpoints":[{"url":"https:\\/\\/a.nel.cloudflare.com\\/report\\/v4?s=yFz138JgEtWdURdSJfOpzQkGGWc%2FRqi19mnS9iTFMtXabuUw2l6WB8PGHclixDkmJ03qNKVoQu9MgXrEgmhdRfoYsqw5019j6LVE1cs7HxpCuvS8XV%2Fb0Kf9hZiyWJK3"}],"group":"cf-nel","max_age":604800}', 'NEL': '{"success_fraction":0,"report_to":"cf-nel","max_age":604800}', 'Server': 'cloudflare', 'CF-RAY': '8887b88c18312018-IAD', 'alt-svc': 'h3=":443"; ma=86400'} 
 body={"results":[{"gender":"female","name":{"title":"Mrs","first":"Mary","last":"Bradley"},"location":{"street":{"number":8379,"name":"School Lane"},"city":"Londonderry","state":"Clwyd","country":"United Kingdom","postcode":"H7 0WW","coordinates":{"latitude":"-11.8342","longitude":"55.8748"},"timezone":{"offset":"+6:00","description":"Almaty, Dhaka, Colombo"}},"email":"mary.bradley@example.com","login":{"uuid":"a19cdb82-0a5b-4ee9-8581-95c87f3bf176","username":"bigmeercat416","password":"madness","salt":"QvR56Mrw","md5":"a9cfc1fa357aaa23919364dd17731b7f","sha1":"d7cbd69b5a73f1ddb2dafdde05ceae4d5b6397a9","sha256":"bd7bbf8be6e9d4afdcbf9cb2e677ec2c5f07eb2d73619548fb78efd811f20703"},"dob":{"date":"1988-12-15T19:17:38.006Z","age":35},"registered":{"date":"2013-02-12T19:56:33.985Z","age":11},"phone":"01916 90438","cell":"07719 717070","id":{"name":"NINO","value":"PR 75 38 48 F"},"picture":{"large":"https://randomuser.me/api/portraits/women/42.jpg","medium":"https://randomuser.me/api/portraits/med/women/42.jpg","thumbnail":"https://randomuser.me/api/portraits/thumb/women/42.jpg"},"nat":"GB"}],"info":{"seed":"1e962f2ad1f34ac9","results":1,"page":1,"version":"1.4"}} 
 </msg>
<msg time="2024-05-23T20:15:56.856113" level="INFO">/opt/hostedtoolcache/Python/3.12.3/x64/lib/python3.12/site-packages/urllib3/connectionpool.py:1103: InsecureRequestWarning: Unverified HTTPS request is being made to host 'randomuser.me'. Adding certificate verification is strongly advised. See: https://urllib3.readthedocs.io/en/latest/advanced-usage.html#tls-warnings
  warnings.warn(</msg>
<msg time="2024-05-23T20:15:56.856286" level="INFO">${response} = &lt;Response [200]&gt;</msg>
<var>${response}</var>
<arg>consultarAPI</arg>
<arg>/api</arg>
<doc>Sends a GET request on a previously created HTTP Session.</doc>
<status status="PASS" start="2024-05-23T20:15:56.790010" elapsed="0.066313"/>
</kw>
<kw name="Should Be Equal As Numbers" owner="BuiltIn">
<msg time="2024-05-23T20:15:56.857303" level="INFO">Argument types are:
&lt;class 'int'&gt;
&lt;class 'str'&gt;</msg>
<arg>${response.status_code}</arg>
<arg>200</arg>
<doc>Fails if objects are unequal after converting them to real numbers.</doc>
<status status="PASS" start="2024-05-23T20:15:56.856849" elapsed="0.000520"/>
</kw>
<kw name="Log" owner="BuiltIn">
<msg time="2024-05-23T20:15:56.858063" level="INFO">200</msg>
<arg>${response.status_code}</arg>
<doc>Logs the given message with the given level.</doc>
<status status="PASS" start="2024-05-23T20:15:56.857710" elapsed="0.000400"/>
</kw>
<kw name="Set Variable" owner="BuiltIn">
<msg time="2024-05-23T20:15:56.858855" level="INFO">${json_data} = {'results': [{'gender': 'female', 'name': {'title': 'Mrs', 'first': 'Mary', 'last': 'Bradley'}, 'location': {'street': {'number': 8379, 'name': 'School Lane'}, 'city': 'Londonderry', 'state': 'Clwyd',...</msg>
<var>${json_data}</var>
<arg>${response.json()}</arg>
<doc>Returns the given values which can then be assigned to a variables.</doc>
<status status="PASS" start="2024-05-23T20:15:56.858421" elapsed="0.000494"/>
</kw>
<kw name="Dictionary Should Contain Key" owner="Collections">
<msg time="2024-05-23T20:15:56.859407" level="INFO">False</msg>
<arg>${json_data}</arg>
<arg>results</arg>
<doc>Fails if ``key`` is not found from ``dictionary``.</doc>
<status status="PASS" start="2024-05-23T20:15:56.859240" elapsed="0.000206"/>
</kw>
<status status="PASS" start="2024-05-23T20:15:56.789760" elapsed="0.069951"/>
</kw>
<doc>Testa se a API responde corretamente e retorna um objeto JSON válido.</doc>
<tag>testeRequisicaoBasica</tag>
<status status="PASS" start="2024-05-23T20:15:56.789239" elapsed="0.070660"/>
</test>
<test id="s1-s1-t3" name="Validar estrutura de resposta" line="22">
<kw name="Teste de Estrutura de Resposta" owner="random-user-service">
<kw name="GET On Session" owner="RequestsLibrary">
<msg time="2024-05-23T20:15:56.953073" level="INFO">GET Request : url=https://randomuser.me/api 
 path_url=/api 
 headers={'User-Agent': 'python-requests/2.32.2', 'Accept-Encoding': 'gzip, deflate', 'Accept': '*/*', 'Connection': 'keep-alive'} 
 body=None 
 </msg>
<msg time="2024-05-23T20:15:56.953176" level="INFO">GET Response : url=https://randomuser.me/api 
 status=200, reason=OK 
 headers={'Date': 'Thu, 23 May 2024 20:15:56 GMT', 'Content-Type': 'application/json; charset=utf-8', 'Transfer-Encoding': 'chunked', 'Connection': 'keep-alive', 'X-Powered-By': 'Express', 'Access-Control-Allow-Origin': '*', 'Cache-Control': 'no-cache', 'ETag': 'W/"49a-kOZtURnyX/2IaAGEw7ABAi+udGE"', 'Vary': 'Accept-Encoding', 'Content-Encoding': 'gzip', 'CF-Cache-Status': 'DYNAMIC', 'Report-To': '{"endpoints":[{"url":"https:\\/\\/a.nel.cloudflare.com\\/report\\/v4?s=SopySFfRHkdnlqHktndwlaUnQWF9%2BPttKss7F4qbtK9yd9sDmHYK6pizF6FujdILm6IjztymhbvctUD%2F5rBUiiEs%2Beh5gmRy8s5taHFMzR%2Be2Kqa6Cefa%2BOLDIw9U2tC"}],"group":"cf-nel","max_age":604800}', 'NEL': '{"success_fraction":0,"report_to":"cf-nel","max_age":604800}', 'Server': 'cloudflare', 'CF-RAY': '8887b88c68942018-IAD', 'alt-svc': 'h3=":443"; ma=86400'} 
 body={"results":[{"gender":"female","name":{"title":"Mrs","first":"سارینا","last":"رضایی"},"location":{"street":{"number":9286,"name":"برادران حسنی"},"city":"بیرجند","state":"آذربایجان غربی","country":"Iran","postcode":78084,"coordinates":{"latitude":"19.5164","longitude":"12.5450"},"timezone":{"offset":"-12:00","description":"Eniwetok, Kwajalein"}},"email":"sryn.rdyy@example.com","login":{"uuid":"7250e240-cb66-4ebd-a990-263b10aa8211","username":"angrycat480","password":"michael2","salt":"Rzy7Q26K","md5":"7d14eec0eae8a98e53ab41489e531b37","sha1":"f9a43043d2d247133e32521377df0c29113bc595","sha256":"14484ec8b14a386cf4fa5d56e8bef51b43d56552645ba81e519b4ce2922e2eee"},"dob":{"date":"1958-04-19T07:01:00.804Z","age":66},"registered":{"date":"2016-09-17T10:56:31.755Z","age":7},"phone":"006-65100425","cell":"0909-099-0684","id":{"name":"","value":null},"picture":{"large":"https://randomuser.me/api/portraits/women/9.jpg","medium":"https://randomuser.me/api/portraits/med/women/9.jpg","thumbnail":"https://randomuser.me/api/portraits/thumb/women/9.jpg"},"nat":"IR"}],"info":{"seed":"0cfe25e904e4b0e3","results":1,"page":1,"version":"1.4"}} 
 </msg>
<msg time="2024-05-23T20:15:56.953315" level="INFO">/opt/hostedtoolcache/Python/3.12.3/x64/lib/python3.12/site-packages/urllib3/connectionpool.py:1103: InsecureRequestWarning: Unverified HTTPS request is being made to host 'randomuser.me'. Adding certificate verification is strongly advised. See: https://urllib3.readthedocs.io/en/latest/advanced-usage.html#tls-warnings
  warnings.warn(</msg>
<msg time="2024-05-23T20:15:56.953467" level="INFO">${response} = &lt;Response [200]&gt;</msg>
<var>${response}</var>
<arg>consultarAPI</arg>
<arg>/api</arg>
<doc>Sends a GET request on a previously created HTTP Session.</doc>
<status status="PASS" start="2024-05-23T20:15:56.862658" elapsed="0.090854"/>
</kw>
<kw name="Set Variable" owner="BuiltIn">
<msg time="2024-05-23T20:15:56.954569" level="INFO">${json_data} = {'results': [{'gender': 'female', 'name': {'title': 'Mrs', 'first': 'سارینا', 'last': 'رضایی'}, 'location': {'street': {'number': 9286, 'name': 'برادران حسنی'}, 'city': 'بیرجند', 'state': 'آذربایجان غ...</msg>
<var>${json_data}</var>
<arg>${response.json()}</arg>
<doc>Returns the given values which can then be assigned to a variables.</doc>
<status status="PASS" start="2024-05-23T20:15:56.954040" elapsed="0.000560"/>
</kw>
<kw name="Log" owner="BuiltIn">
<msg time="2024-05-23T20:15:56.955130" level="INFO">{'results': [{'gender': 'female', 'name': {'title': 'Mrs', 'first': 'سارینا', 'last': 'رضایی'}, 'location': {'street': {'number': 9286, 'name': 'برادران حسنی'}, 'city': 'بیرجند', 'state': 'آذربایجان غربی', 'country': 'Iran', 'postcode': 78084, 'coordinates': {'latitude': '19.5164', 'longitude': '12.5450'}, 'timezone': {'offset': '-12:00', 'description': 'Eniwetok, Kwajalein'}}, 'email': 'sryn.rdyy@example.com', 'login': {'uuid': '7250e240-cb66-4ebd-a990-263b10aa8211', 'username': 'angrycat480', 'password': 'michael2', 'salt': 'Rzy7Q26K', 'md5': '7d14eec0eae8a98e53ab41489e531b37', 'sha1': 'f9a43043d2d247133e32521377df0c29113bc595', 'sha256': '14484ec8b14a386cf4fa5d56e8bef51b43d56552645ba81e519b4ce2922e2eee'}, 'dob': {'date': '1958-04-19T07:01:00.804Z', 'age': 66}, 'registered': {'date': '2016-09-17T10:56:31.755Z', 'age': 7}, 'phone': '006-65100425', 'cell': '0909-099-0684', 'id': {'name': '', 'value': None}, 'picture': {'large': 'https://randomuser.me/api/portraits/women/9.jpg', 'medium': 'https://randomuser.me/api/portraits/med/women/9.jpg', 'thumbnail': 'https://randomuser.me/api/portraits/thumb/women/9.jpg'}, 'nat': 'IR'}], 'info': {'seed': '0cfe25e904e4b0e3', 'results': 1, 'page': 1, 'version': '1.4'}}</msg>
<arg>${json_data}</arg>
<doc>Logs the given message with the given level.</doc>
<status status="PASS" start="2024-05-23T20:15:56.954956" elapsed="0.000232"/>
</kw>
<kw name="Dictionary Should Contain Key" owner="Collections">
<msg time="2024-05-23T20:15:56.955666" level="INFO">False</msg>
<arg>${json_data}</arg>
<arg>results</arg>
<doc>Fails if ``key`` is not found from ``dictionary``.</doc>
<status status="PASS" start="2024-05-23T20:15:56.955504" elapsed="0.000201"/>
</kw>
<kw name="Should Not Be Empty" owner="BuiltIn">
<msg time="2024-05-23T20:15:56.956143" level="INFO">Length is 2.</msg>
<arg>${json_data}</arg>
<doc>Verifies that the given item is not empty.</doc>
<status status="PASS" start="2024-05-23T20:15:56.956008" elapsed="0.000176"/>
</kw>
<kw name="Create List" owner="BuiltIn">
<msg time="2024-05-23T20:15:56.956807" level="INFO">${expected_keys} = ['gender', 'name', 'location', 'email', 'login']</msg>
<var>${expected_keys}</var>
<arg>gender</arg>
<arg>name</arg>
<arg>location</arg>
<arg>email</arg>
<arg>login</arg>
<doc>Returns a list containing given items.</doc>
<status status="PASS" start="2024-05-23T20:15:56.956488" elapsed="0.000345"/>
</kw>
<for flavor="IN">
<iter>
<kw name="Dictionary Should Contain Key" owner="Collections">
<msg time="2024-05-23T20:15:56.957857" level="INFO">False</msg>
<arg>${json_data['results'][0]}</arg>
<arg>${key}</arg>
<doc>Fails if ``key`` is not found from ``dictionary``.</doc>
<status status="PASS" start="2024-05-23T20:15:56.957442" elapsed="0.000455"/>
</kw>
<kw name="Log" owner="BuiltIn">
<msg time="2024-05-23T20:15:56.958576" level="INFO">{'gender': 'female', 'name': {'title': 'Mrs', 'first': 'سارینا', 'last': 'رضایی'}, 'location': {'street': {'number': 9286, 'name': 'برادران حسنی'}, 'city': 'بیرجند', 'state': 'آذربایجان غربی', 'country': 'Iran', 'postcode': 78084, 'coordinates': {'latitude': '19.5164', 'longitude': '12.5450'}, 'timezone': {'offset': '-12:00', 'description': 'Eniwetok, Kwajalein'}}, 'email': 'sryn.rdyy@example.com', 'login': {'uuid': '7250e240-cb66-4ebd-a990-263b10aa8211', 'username': 'angrycat480', 'password': 'michael2', 'salt': 'Rzy7Q26K', 'md5': '7d14eec0eae8a98e53ab41489e531b37', 'sha1': 'f9a43043d2d247133e32521377df0c29113bc595', 'sha256': '14484ec8b14a386cf4fa5d56e8bef51b43d56552645ba81e519b4ce2922e2eee'}, 'dob': {'date': '1958-04-19T07:01:00.804Z', 'age': 66}, 'registered': {'date': '2016-09-17T10:56:31.755Z', 'age': 7}, 'phone': '006-65100425', 'cell': '0909-099-0684', 'id': {'name': '', 'value': None}, 'picture': {'large': 'https://randomuser.me/api/portraits/women/9.jpg', 'medium': 'https://randomuser.me/api/portraits/med/women/9.jpg', 'thumbnail': 'https://randomuser.me/api/portraits/thumb/women/9.jpg'}, 'nat': 'IR'}</msg>
<arg>${json_data['results'][0]}</arg>
<doc>Logs the given message with the given level.</doc>
<status status="PASS" start="2024-05-23T20:15:56.958204" elapsed="0.000425"/>
</kw>
<kw name="Log" owner="BuiltIn">
<msg time="2024-05-23T20:15:56.959120" level="INFO">gender</msg>
<arg>${key}</arg>
<doc>Logs the given message with the given level.</doc>
<status status="PASS" start="2024-05-23T20:15:56.958982" elapsed="0.000176"/>
</kw>
<var name="${key}">gender</var>
<status status="PASS" start="2024-05-23T20:15:56.957313" elapsed="0.002067"/>
</iter>
<iter>
<kw name="Dictionary Should Contain Key" owner="Collections">
<msg time="2024-05-23T20:15:56.960083" level="INFO">False</msg>
<arg>${json_data['results'][0]}</arg>
<arg>${key}</arg>
<doc>Fails if ``key`` is not found from ``dictionary``.</doc>
<status status="PASS" start="2024-05-23T20:15:56.959687" elapsed="0.000435"/>
</kw>
<kw name="Log" owner="BuiltIn">
<msg time="2024-05-23T20:15:56.960817" level="INFO">{'gender': 'female', 'name': {'title': 'Mrs', 'first': 'سارینا', 'last': 'رضایی'}, 'location': {'street': {'number': 9286, 'name': 'برادران حسنی'}, 'city': 'بیرجند', 'state': 'آذربایجان غربی', 'country': 'Iran', 'postcode': 78084, 'coordinates': {'latitude': '19.5164', 'longitude': '12.5450'}, 'timezone': {'offset': '-12:00', 'description': 'Eniwetok, Kwajalein'}}, 'email': 'sryn.rdyy@example.com', 'login': {'uuid': '7250e240-cb66-4ebd-a990-263b10aa8211', 'username': 'angrycat480', 'password': 'michael2', 'salt': 'Rzy7Q26K', 'md5': '7d14eec0eae8a98e53ab41489e531b37', 'sha1': 'f9a43043d2d247133e32521377df0c29113bc595', 'sha256': '14484ec8b14a386cf4fa5d56e8bef51b43d56552645ba81e519b4ce2922e2eee'}, 'dob': {'date': '1958-04-19T07:01:00.804Z', 'age': 66}, 'registered': {'date': '2016-09-17T10:56:31.755Z', 'age': 7}, 'phone': '006-65100425', 'cell': '0909-099-0684', 'id': {'name': '', 'value': None}, 'picture': {'large': 'https://randomuser.me/api/portraits/women/9.jpg', 'medium': 'https://randomuser.me/api/portraits/med/women/9.jpg', 'thumbnail': 'https://randomuser.me/api/portraits/thumb/women/9.jpg'}, 'nat': 'IR'}</msg>
<arg>${json_data['results'][0]}</arg>
<doc>Logs the given message with the given level.</doc>
<status status="PASS" start="2024-05-23T20:15:56.960448" elapsed="0.000422"/>
</kw>
<kw name="Log" owner="BuiltIn">
<msg time="2024-05-23T20:15:56.961306" level="INFO">name</msg>
<arg>${key}</arg>
<doc>Logs the given message with the given level.</doc>
<status status="PASS" start="2024-05-23T20:15:56.961181" elapsed="0.000163"/>
</kw>
<var name="${key}">name</var>
<status status="PASS" start="2024-05-23T20:15:56.959572" elapsed="0.001989"/>
</iter>
<iter>
<kw name="Dictionary Should Contain Key" owner="Collections">
<msg time="2024-05-23T20:15:56.962251" level="INFO">False</msg>
<arg>${json_data['results'][0]}</arg>
<arg>${key}</arg>
<doc>Fails if ``key`` is not found from ``dictionary``.</doc>
<status status="PASS" start="2024-05-23T20:15:56.961870" elapsed="0.000418"/>
</kw>
<kw name="Log" owner="BuiltIn">
<msg time="2024-05-23T20:15:56.962988" level="INFO">{'gender': 'female', 'name': {'title': 'Mrs', 'first': 'سارینا', 'last': 'رضایی'}, 'location': {'street': {'number': 9286, 'name': 'برادران حسنی'}, 'city': 'بیرجند', 'state': 'آذربایجان غربی', 'country': 'Iran', 'postcode': 78084, 'coordinates': {'latitude': '19.5164', 'longitude': '12.5450'}, 'timezone': {'offset': '-12:00', 'description': 'Eniwetok, Kwajalein'}}, 'email': 'sryn.rdyy@example.com', 'login': {'uuid': '7250e240-cb66-4ebd-a990-263b10aa8211', 'username': 'angrycat480', 'password': 'michael2', 'salt': 'Rzy7Q26K', 'md5': '7d14eec0eae8a98e53ab41489e531b37', 'sha1': 'f9a43043d2d247133e32521377df0c29113bc595', 'sha256': '14484ec8b14a386cf4fa5d56e8bef51b43d56552645ba81e519b4ce2922e2eee'}, 'dob': {'date': '1958-04-19T07:01:00.804Z', 'age': 66}, 'registered': {'date': '2016-09-17T10:56:31.755Z', 'age': 7}, 'phone': '006-65100425', 'cell': '0909-099-0684', 'id': {'name': '', 'value': None}, 'picture': {'large': 'https://randomuser.me/api/portraits/women/9.jpg', 'medium': 'https://randomuser.me/api/portraits/med/women/9.jpg', 'thumbnail': 'https://randomuser.me/api/portraits/thumb/women/9.jpg'}, 'nat': 'IR'}</msg>
<arg>${json_data['results'][0]}</arg>
<doc>Logs the given message with the given level.</doc>
<status status="PASS" start="2024-05-23T20:15:56.962585" elapsed="0.000458"/>
</kw>
<kw name="Log" owner="BuiltIn">
<msg time="2024-05-23T20:15:56.963482" level="INFO">location</msg>
<arg>${key}</arg>
<doc>Logs the given message with the given level.</doc>
<status status="PASS" start="2024-05-23T20:15:56.963354" elapsed="0.000166"/>
</kw>
<var name="${key}">location</var>
<status status="PASS" start="2024-05-23T20:15:56.961750" elapsed="0.001988"/>
</iter>
<iter>
<kw name="Dictionary Should Contain Key" owner="Collections">
<msg time="2024-05-23T20:15:56.964412" level="INFO">False</msg>
<arg>${json_data['results'][0]}</arg>
<arg>${key}</arg>
<doc>Fails if ``key`` is not found from ``dictionary``.</doc>
<status status="PASS" start="2024-05-23T20:15:56.964027" elapsed="0.000427"/>
</kw>
<kw name="Log" owner="BuiltIn">
<msg time="2024-05-23T20:15:56.965124" level="INFO">{'gender': 'female', 'name': {'title': 'Mrs', 'first': 'سارینا', 'last': 'رضایی'}, 'location': {'street': {'number': 9286, 'name': 'برادران حسنی'}, 'city': 'بیرجند', 'state': 'آذربایجان غربی', 'country': 'Iran', 'postcode': 78084, 'coordinates': {'latitude': '19.5164', 'longitude': '12.5450'}, 'timezone': {'offset': '-12:00', 'description': 'Eniwetok, Kwajalein'}}, 'email': 'sryn.rdyy@example.com', 'login': {'uuid': '7250e240-cb66-4ebd-a990-263b10aa8211', 'username': 'angrycat480', 'password': 'michael2', 'salt': 'Rzy7Q26K', 'md5': '7d14eec0eae8a98e53ab41489e531b37', 'sha1': 'f9a43043d2d247133e32521377df0c29113bc595', 'sha256': '14484ec8b14a386cf4fa5d56e8bef51b43d56552645ba81e519b4ce2922e2eee'}, 'dob': {'date': '1958-04-19T07:01:00.804Z', 'age': 66}, 'registered': {'date': '2016-09-17T10:56:31.755Z', 'age': 7}, 'phone': '006-65100425', 'cell': '0909-099-0684', 'id': {'name': '', 'value': None}, 'picture': {'large': 'https://randomuser.me/api/portraits/women/9.jpg', 'medium': 'https://randomuser.me/api/portraits/med/women/9.jpg', 'thumbnail': 'https://randomuser.me/api/portraits/thumb/women/9.jpg'}, 'nat': 'IR'}</msg>
<arg>${json_data['results'][0]}</arg>
<doc>Logs the given message with the given level.</doc>
<status status="PASS" start="2024-05-23T20:15:56.964761" elapsed="0.000416"/>
</kw>
<kw name="Log" owner="BuiltIn">
<msg time="2024-05-23T20:15:56.965603" level="INFO">email</msg>
<arg>${key}</arg>
<doc>Logs the given message with the given level.</doc>
<status status="PASS" start="2024-05-23T20:15:56.965475" elapsed="0.000166"/>
</kw>
<var name="${key}">email</var>
<status status="PASS" start="2024-05-23T20:15:56.963914" elapsed="0.001942"/>
</iter>
<iter>
<kw name="Dictionary Should Contain Key" owner="Collections">
<msg time="2024-05-23T20:15:56.966538" level="INFO">False</msg>
<arg>${json_data['results'][0]}</arg>
<arg>${key}</arg>
<doc>Fails if ``key`` is not found from ``dictionary``.</doc>
<status status="PASS" start="2024-05-23T20:15:56.966147" elapsed="0.000429"/>
</kw>
<kw name="Log" owner="BuiltIn">
<msg time="2024-05-23T20:15:56.967281" level="INFO">{'gender': 'female', 'name': {'title': 'Mrs', 'first': 'سارینا', 'last': 'رضایی'}, 'location': {'street': {'number': 9286, 'name': 'برادران حسنی'}, 'city': 'بیرجند', 'state': 'آذربایجان غربی', 'country': 'Iran', 'postcode': 78084, 'coordinates': {'latitude': '19.5164', 'longitude': '12.5450'}, 'timezone': {'offset': '-12:00', 'description': 'Eniwetok, Kwajalein'}}, 'email': 'sryn.rdyy@example.com', 'login': {'uuid': '7250e240-cb66-4ebd-a990-263b10aa8211', 'username': 'angrycat480', 'password': 'michael2', 'salt': 'Rzy7Q26K', 'md5': '7d14eec0eae8a98e53ab41489e531b37', 'sha1': 'f9a43043d2d247133e32521377df0c29113bc595', 'sha256': '14484ec8b14a386cf4fa5d56e8bef51b43d56552645ba81e519b4ce2922e2eee'}, 'dob': {'date': '1958-04-19T07:01:00.804Z', 'age': 66}, 'registered': {'date': '2016-09-17T10:56:31.755Z', 'age': 7}, 'phone': '006-65100425', 'cell': '0909-099-0684', 'id': {'name': '', 'value': None}, 'picture': {'large': 'https://randomuser.me/api/portraits/women/9.jpg', 'medium': 'https://randomuser.me/api/portraits/med/women/9.jpg', 'thumbnail': 'https://randomuser.me/api/portraits/thumb/women/9.jpg'}, 'nat': 'IR'}</msg>
<arg>${json_data['results'][0]}</arg>
<doc>Logs the given message with the given level.</doc>
<status status="PASS" start="2024-05-23T20:15:56.966873" elapsed="0.000461"/>
</kw>
<kw name="Log" owner="BuiltIn">
<msg time="2024-05-23T20:15:56.967759" level="INFO">login</msg>
<arg>${key}</arg>
<doc>Logs the given message with the given level.</doc>
<status status="PASS" start="2024-05-23T20:15:56.967633" elapsed="0.000164"/>
</kw>
<var name="${key}">login</var>
<status status="PASS" start="2024-05-23T20:15:56.966033" elapsed="0.002010"/>
</iter>
<var>${key}</var>
<value>@{expected_keys}</value>
<status status="PASS" start="2024-05-23T20:15:56.957108" elapsed="0.011060"/>
</for>
<kw name="Create List" owner="BuiltIn">
<msg time="2024-05-23T20:15:56.968503" level="INFO">${expected_keysTwo} = ['username', 'password']</msg>
<var>${expected_keysTwo}</var>
<arg>username</arg>
<arg>password</arg>
<doc>Returns a list containing given items.</doc>
<status status="PASS" start="2024-05-23T20:15:56.968365" elapsed="0.000161"/>
</kw>
<for flavor="IN">
<iter>
<kw name="Dictionary Should Contain Key" owner="Collections">
<msg time="2024-05-23T20:15:56.969425" level="INFO">False</msg>
<arg>${json_data['results'][0]['login']}</arg>
<arg>${keyTwo}</arg>
<doc>Fails if ``key`` is not found from ``dictionary``.</doc>
<status status="PASS" start="2024-05-23T20:15:56.969034" elapsed="0.000429"/>
</kw>
<kw name="Dictionary Should Contain Key" owner="Collections">
<msg time="2024-05-23T20:15:56.970142" level="INFO">False</msg>
<arg>${json_data['results'][0]['login']}</arg>
<arg>${keyTwo}</arg>
<doc>Fails if ``key`` is not found from ``dictionary``.</doc>
<status status="PASS" start="2024-05-23T20:15:56.969760" elapsed="0.000420"/>
</kw>
<kw name="Log" owner="BuiltIn">
<msg time="2024-05-23T20:15:56.970601" level="INFO">username</msg>
<arg>${keyTwo}</arg>
<doc>Logs the given message with the given level.</doc>
<status status="PASS" start="2024-05-23T20:15:56.970475" elapsed="0.000163"/>
</kw>
<var name="${keyTwo}">username</var>
<status status="PASS" start="2024-05-23T20:15:56.968925" elapsed="0.001927"/>
</iter>
<iter>
<kw name="Dictionary Should Contain Key" owner="Collections">
<msg time="2024-05-23T20:15:56.971551" level="INFO">False</msg>
<arg>${json_data['results'][0]['login']}</arg>
<arg>${keyTwo}</arg>
<doc>Fails if ``key`` is not found from ``dictionary``.</doc>
<status status="PASS" start="2024-05-23T20:15:56.971174" elapsed="0.000415"/>
</kw>
<kw name="Dictionary Should Contain Key" owner="Collections">
<msg time="2024-05-23T20:15:56.972353" level="INFO">False</msg>
<arg>${json_data['results'][0]['login']}</arg>
<arg>${keyTwo}</arg>
<doc>Fails if ``key`` is not found from ``dictionary``.</doc>
<status status="PASS" start="2024-05-23T20:15:56.971889" elapsed="0.000503"/>
</kw>
<kw name="Log" owner="BuiltIn">
<msg time="2024-05-23T20:15:56.972819" level="INFO">password</msg>
<arg>${keyTwo}</arg>
<doc>Logs the given message with the given level.</doc>
<status status="PASS" start="2024-05-23T20:15:56.972693" elapsed="0.000162"/>
</kw>
<var name="${keyTwo}">password</var>
<status status="PASS" start="2024-05-23T20:15:56.971062" elapsed="0.002013"/>
</iter>
<var>${keyTwo}</var>
<value>@{expected_keysTwo}</value>
<status status="PASS" start="2024-05-23T20:15:56.968769" elapsed="0.004429"/>
</for>
<status status="PASS" start="2024-05-23T20:15:56.862420" elapsed="0.110925"/>
</kw>
<doc>Testa a estrutura da resposta da API.</doc>
<tag>testeEstruturaResposta</tag>
<status status="PASS" start="2024-05-23T20:15:56.861773" elapsed="0.111733"/>
</test>
<test id="s1-s1-t4" name="Validar tipos de dados" line="28">
<kw name="Teste de Tipos de Dados" owner="random-user-service">
<kw name="GET On Session" owner="RequestsLibrary">
<msg time="2024-05-23T20:15:57.090959" level="INFO">GET Request : url=https://randomuser.me/api 
 path_url=/api 
 headers={'User-Agent': 'python-requests/2.32.2', 'Accept-Encoding': 'gzip, deflate', 'Accept': '*/*', 'Connection': 'keep-alive'} 
 body=None 
 </msg>
<msg time="2024-05-23T20:15:57.091072" level="INFO">GET Response : url=https://randomuser.me/api 
 status=200, reason=OK 
 headers={'Date': 'Thu, 23 May 2024 20:15:57 GMT', 'Content-Type': 'application/json; charset=utf-8', 'Transfer-Encoding': 'chunked', 'Connection': 'keep-alive', 'X-Powered-By': 'Express', 'Access-Control-Allow-Origin': '*', 'Cache-Control': 'no-cache', 'ETag': 'W/"47a-ZUFKmIP+xESTfLbQ9XGMz7Bu4Y0"', 'Vary': 'Accept-Encoding', 'Content-Encoding': 'gzip', 'CF-Cache-Status': 'DYNAMIC', 'Report-To': '{"endpoints":[{"url":"https:\\/\\/a.nel.cloudflare.com\\/report\\/v4?s=ZjLQCBZrRLhJyMmLWg7gkDiW%2FwagAw8S0QklcjLEHZ22ruMNptUI283ewl6VbrFHMAWrHtzte%2FKj0O5G1MCUNwdobHfO0MaYxD8y2a6tKJEJN448QY6MjcdpaL3LaRZN"}],"group":"cf-nel","max_age":604800}', 'NEL': '{"success_fraction":0,"report_to":"cf-nel","max_age":604800}', 'Server': 'cloudflare', 'CF-RAY': '8887b88d19762018-IAD', 'alt-svc': 'h3=":443"; ma=86400'} 
 body={"results":[{"gender":"male","name":{"title":"Mr","first":"Solano","last":"Santos"},"location":{"street":{"number":7043,"name":"Rua Santa Maria "},"city":"Santos","state":"Roraima","country":"Brazil","postcode":50915,"coordinates":{"latitude":"-75.1595","longitude":"-39.7205"},"timezone":{"offset":"-3:30","description":"Newfoundland"}},"email":"solano.santos@example.com","login":{"uuid":"ee5bacd7-d12b-42b0-9851-082ad7a03e4d","username":"goldencat122","password":"lance","salt":"YfiSiTbh","md5":"20ccef34b8e92ea0c91f0089ab0c7fc9","sha1":"e3c1a8b512affa36c0209c7de0870202b00e95d5","sha256":"2d5613571a1f71ccde0dd46bba6e78cd7090646d48d6be63aea01945f5f527e1"},"dob":{"date":"1975-11-16T18:23:24.311Z","age":48},"registered":{"date":"2004-10-27T10:42:59.973Z","age":19},"phone":"(84) 6028-2867","cell":"(87) 3476-4849","id":{"name":"CPF","value":"141.493.982-54"},"picture":{"large":"https://randomuser.me/api/portraits/men/68.jpg","medium":"https://randomuser.me/api/portraits/med/men/68.jpg","thumbnail":"https://randomuser.me/api/portraits/thumb/men/68.jpg"},"nat":"BR"}],"info":{"seed":"10f0b13275865a78","results":1,"page":1,"version":"1.4"}} 
 </msg>
<msg time="2024-05-23T20:15:57.091155" level="INFO">/opt/hostedtoolcache/Python/3.12.3/x64/lib/python3.12/site-packages/urllib3/connectionpool.py:1103: InsecureRequestWarning: Unverified HTTPS request is being made to host 'randomuser.me'. Adding certificate verification is strongly advised. See: https://urllib3.readthedocs.io/en/latest/advanced-usage.html#tls-warnings
  warnings.warn(</msg>
<msg time="2024-05-23T20:15:57.091295" level="INFO">${response} = &lt;Response [200]&gt;</msg>
<var>${response}</var>
<arg>consultarAPI</arg>
<arg>/api</arg>
<doc>Sends a GET request on a previously created HTTP Session.</doc>
<status status="PASS" start="2024-05-23T20:15:56.976154" elapsed="0.115180"/>
</kw>
<kw name="Set Variable" owner="BuiltIn">
<msg time="2024-05-23T20:15:57.092370" level="INFO">${json_data} = {'results': [{'gender': 'male', 'name': {'title': 'Mr', 'first': 'Solano', 'last': 'Santos'}, 'location': {'street': {'number': 7043, 'name': 'Rua Santa Maria '}, 'city': 'Santos', 'state': 'Roraima',...</msg>
<var>${json_data}</var>
<arg>${response.json()}</arg>
<doc>Returns the given values which can then be assigned to a variables.</doc>
<status status="PASS" start="2024-05-23T20:15:57.091844" elapsed="0.000554"/>
</kw>
<kw name="Log" owner="BuiltIn">
<msg time="2024-05-23T20:15:57.092870" level="INFO">{'results': [{'gender': 'male', 'name': {'title': 'Mr', 'first': 'Solano', 'last': 'Santos'}, 'location': {'street': {'number': 7043, 'name': 'Rua Santa Maria '}, 'city': 'Santos', 'state': 'Roraima', 'country': 'Brazil', 'postcode': 50915, 'coordinates': {'latitude': '-75.1595', 'longitude': '-39.7205'}, 'timezone': {'offset': '-3:30', 'description': 'Newfoundland'}}, 'email': 'solano.santos@example.com', 'login': {'uuid': 'ee5bacd7-d12b-42b0-9851-082ad7a03e4d', 'username': 'goldencat122', 'password': 'lance', 'salt': 'YfiSiTbh', 'md5': '20ccef34b8e92ea0c91f0089ab0c7fc9', 'sha1': 'e3c1a8b512affa36c0209c7de0870202b00e95d5', 'sha256': '2d5613571a1f71ccde0dd46bba6e78cd7090646d48d6be63aea01945f5f527e1'}, 'dob': {'date': '1975-11-16T18:23:24.311Z', 'age': 48}, 'registered': {'date': '2004-10-27T10:42:59.973Z', 'age': 19}, 'phone': '(84) 6028-2867', 'cell': '(87) 3476-4849', 'id': {'name': 'CPF', 'value': '141.493.982-54'}, 'picture': {'large': 'https://randomuser.me/api/portraits/men/68.jpg', 'medium': 'https://randomuser.me/api/portraits/med/men/68.jpg', 'thumbnail': 'https://randomuser.me/api/portraits/thumb/men/68.jpg'}, 'nat': 'BR'}], 'info': {'seed': '10f0b13275865a78', 'results': 1, 'page': 1, 'version': '1.4'}}</msg>
<arg>${json_data}</arg>
<doc>Logs the given message with the given level.</doc>
<status status="PASS" start="2024-05-23T20:15:57.092711" elapsed="0.000249"/>
</kw>
<kw name="Should Be String" owner="String">
<arg>${json_data['results'][0]['gender']}</arg>
<doc>Fails if the given ``item`` is not a string.</doc>
<status status="PASS" start="2024-05-23T20:15:57.093270" elapsed="0.000369"/>
</kw>
<kw name="Should Match Regexp" owner="BuiltIn">
<arg>${json_data['results'][0]['email']}</arg>
<arg>^[a-zA-Z0-9._%+-]+@[a-zA-Z0-9.-]+\.[a-zA-Z]{2,}$</arg>
<doc>Fails if ``string`` does not match ``pattern`` as a regular expression.</doc>
<status status="PASS" start="2024-05-23T20:15:57.093833" elapsed="0.000533"/>
</kw>
<kw name="Should Match Regexp" owner="BuiltIn">
<arg>${json_data['results'][0]['dob']['date']}</arg>
<arg>\\d{4}-\\d{2}-\\d{2}T\\d{2}:\\d{2}:\\d{2}\\.\\d{3}Z</arg>
<doc>Fails if ``string`` does not match ``pattern`` as a regular expression.</doc>
<status status="PASS" start="2024-05-23T20:15:57.094563" elapsed="0.000533"/>
</kw>
<kw name="Should Match Regexp" owner="BuiltIn">
<arg>${json_data['results'][0]['registered']['date']}</arg>
<arg>\\d{4}-\\d{2}-\\d{2}T\\d{2}:\\d{2}:\\d{2}\\.\\d{3}Z</arg>
<doc>Fails if ``string`` does not match ``pattern`` as a regular expression.</doc>
<status status="PASS" start="2024-05-23T20:15:57.095300" elapsed="0.000367"/>
</kw>
<kw name="Should Match Regexp" owner="BuiltIn">
<arg>${json_data['results'][0]['picture']['large']}</arg>
<arg>^https?://.*\.(?:png|jpe?g|gif|bmp)$</arg>
<doc>Fails if ``string`` does not match ``pattern`` as a regular expression.</doc>
<status status="PASS" start="2024-05-23T20:15:57.095860" elapsed="0.000457"/>
</kw>
<kw name="Should Match Regexp" owner="BuiltIn">
<arg>${json_data['results'][0]['picture']['medium']}</arg>
<arg>^https?://.*\.(?:png|jpe?g|gif|bmp)$</arg>
<doc>Fails if ``string`` does not match ``pattern`` as a regular expression.</doc>
<status status="PASS" start="2024-05-23T20:15:57.096506" elapsed="0.000354"/>
</kw>
<kw name="Should Match Regexp" owner="BuiltIn">
<arg>${json_data['results'][0]['picture']['thumbnail']}</arg>
<arg>^https?://.*\.(?:png|jpe?g|gif|bmp)$</arg>
<doc>Fails if ``string`` does not match ``pattern`` as a regular expression.</doc>
<status status="PASS" start="2024-05-23T20:15:57.097044" elapsed="0.000345"/>
</kw>
<kw name="Log" owner="BuiltIn">
<msg time="2024-05-23T20:15:57.097899" level="INFO">{'large': 'https://randomuser.me/api/portraits/men/68.jpg', 'medium': 'https://randomuser.me/api/portraits/med/men/68.jpg', 'thumbnail': 'https://randomuser.me/api/portraits/thumb/men/68.jpg'}</msg>
<arg>${json_data['results'][0]['picture']}</arg>
<doc>Logs the given message with the given level.</doc>
<status status="PASS" start="2024-05-23T20:15:57.097578" elapsed="0.000363"/>
</kw>
<status status="PASS" start="2024-05-23T20:15:56.975912" elapsed="0.122290"/>
</kw>
<kw name="Teste de Tipos de Dados - Postcode" owner="random-user-service">
<kw name="GET On Session" owner="RequestsLibrary">
<msg time="2024-05-23T20:15:57.142040" level="INFO">GET Request : url=https://randomuser.me/api 
 path_url=/api 
 headers={'User-Agent': 'python-requests/2.32.2', 'Accept-Encoding': 'gzip, deflate', 'Accept': '*/*', 'Connection': 'keep-alive'} 
 body=None 
 </msg>
<msg time="2024-05-23T20:15:57.142146" level="INFO">GET Response : url=https://randomuser.me/api 
 status=200, reason=OK 
 headers={'Date': 'Thu, 23 May 2024 20:15:57 GMT', 'Content-Type': 'application/json; charset=utf-8', 'Transfer-Encoding': 'chunked', 'Connection': 'keep-alive', 'X-Powered-By': 'Express', 'Access-Control-Allow-Origin': '*', 'Cache-Control': 'no-cache', 'ETag': 'W/"497-Ev9I60GH9xKknT1uPEn+F1dwz80"', 'Vary': 'Accept-Encoding', 'Content-Encoding': 'gzip', 'CF-Cache-Status': 'DYNAMIC', 'Report-To': '{"endpoints":[{"url":"https:\\/\\/a.nel.cloudflare.com\\/report\\/v4?s=J2T%2BnHQ9mrFmG9oAozkInr4tXLkcT9DSrLPBEjKIL2vOiFNqkW5KdDWTVY7UwuO3plzuPII83Prc2w9j8vcfCq4ZExPdVsTEJSGLWf6sTi%2BiJGZ9IpoiAAmt%2BI6hzeuH"}],"group":"cf-nel","max_age":604800}', 'NEL': '{"success_fraction":0,"report_to":"cf-nel","max_age":604800}', 'Server': 'cloudflare', 'CF-RAY': '8887b88dea622018-IAD', 'alt-svc': 'h3=":443"; ma=86400'} 
 body={"results":[{"gender":"male","name":{"title":"Mr","first":"Svetislav","last":"Katić"},"location":{"street":{"number":9776,"name":"Mažićka"},"city":"Petrovac na Mlavi","state":"Raška","country":"Serbia","postcode":70416,"coordinates":{"latitude":"62.1048","longitude":"-126.4883"},"timezone":{"offset":"-6:00","description":"Central Time (US &amp; Canada), Mexico City"}},"email":"svetislav.katic@example.com","login":{"uuid":"c43f79ba-b90f-40e2-add2-3b2d777bc9be","username":"ticklishdog318","password":"spirit","salt":"ULc0d5k5","md5":"ea74d6ad1c72072307156dab20b71bd4","sha1":"840333c3cea7f5e84980f33fb8f420dae6069605","sha256":"6d15ad81537ca155a88c83c486cf7040de13b77c288388276e4e6e70c8f0ab4c"},"dob":{"date":"1984-05-08T10:57:48.897Z","age":40},"registered":{"date":"2005-10-28T03:15:22.214Z","age":18},"phone":"024-4775-785","cell":"063-7676-242","id":{"name":"SID","value":"481651163"},"picture":{"large":"https://randomuser.me/api/portraits/men/86.jpg","medium":"https://randomuser.me/api/portraits/med/men/86.jpg","thumbnail":"https://randomuser.me/api/portraits/thumb/men/86.jpg"},"nat":"RS"}],"info":{"seed":"79058ba46ff81765","results":1,"page":1,"version":"1.4"}} 
 </msg>
<msg time="2024-05-23T20:15:57.142233" level="INFO">/opt/hostedtoolcache/Python/3.12.3/x64/lib/python3.12/site-packages/urllib3/connectionpool.py:1103: InsecureRequestWarning: Unverified HTTPS request is being made to host 'randomuser.me'. Adding certificate verification is strongly advised. See: https://urllib3.readthedocs.io/en/latest/advanced-usage.html#tls-warnings
  warnings.warn(</msg>
<msg time="2024-05-23T20:15:57.142365" level="INFO">${response} = &lt;Response [200]&gt;</msg>
<var>${response}</var>
<arg>consultarAPI</arg>
<arg>/api</arg>
<doc>Sends a GET request on a previously created HTTP Session.</doc>
<status status="PASS" start="2024-05-23T20:15:57.098671" elapsed="0.043736"/>
</kw>
<kw name="Set Variable" owner="BuiltIn">
<msg time="2024-05-23T20:15:57.143445" level="INFO">${json_data} = {'results': [{'gender': 'male', 'name': {'title': 'Mr', 'first': 'Svetislav', 'last': 'Katić'}, 'location': {'street': {'number': 9776, 'name': 'Mažićka'}, 'city': 'Petrovac na Mlavi', 'state': 'Raška...</msg>
<var>${json_data}</var>
<arg>${response.json()}</arg>
<doc>Returns the given values which can then be assigned to a variables.</doc>
<status status="PASS" start="2024-05-23T20:15:57.142910" elapsed="0.000565"/>
</kw>
<kw name="Log" owner="BuiltIn">
<msg time="2024-05-23T20:15:57.143958" level="INFO">{'results': [{'gender': 'male', 'name': {'title': 'Mr', 'first': 'Svetislav', 'last': 'Katić'}, 'location': {'street': {'number': 9776, 'name': 'Mažićka'}, 'city': 'Petrovac na Mlavi', 'state': 'Raška', 'country': 'Serbia', 'postcode': 70416, 'coordinates': {'latitude': '62.1048', 'longitude': '-126.4883'}, 'timezone': {'offset': '-6:00', 'description': 'Central Time (US &amp; Canada), Mexico City'}}, 'email': 'svetislav.katic@example.com', 'login': {'uuid': 'c43f79ba-b90f-40e2-add2-3b2d777bc9be', 'username': 'ticklishdog318', 'password': 'spirit', 'salt': 'ULc0d5k5', 'md5': 'ea74d6ad1c72072307156dab20b71bd4', 'sha1': '840333c3cea7f5e84980f33fb8f420dae6069605', 'sha256': '6d15ad81537ca155a88c83c486cf7040de13b77c288388276e4e6e70c8f0ab4c'}, 'dob': {'date': '1984-05-08T10:57:48.897Z', 'age': 40}, 'registered': {'date': '2005-10-28T03:15:22.214Z', 'age': 18}, 'phone': '024-4775-785', 'cell': '063-7676-242', 'id': {'name': 'SID', 'value': '481651163'}, 'picture': {'large': 'https://randomuser.me/api/portraits/men/86.jpg', 'medium': 'https://randomuser.me/api/portraits/med/men/86.jpg', 'thumbnail': 'https://randomuser.me/api/portraits/thumb/men/86.jpg'}, 'nat': 'RS'}], 'info': {'seed': '79058ba46ff81765', 'results': 1, 'page': 1, 'version': '1.4'}}</msg>
<arg>${json_data}</arg>
<doc>Logs the given message with the given level.</doc>
<status status="PASS" start="2024-05-23T20:15:57.143795" elapsed="0.000251"/>
</kw>
<kw name="Should Be Equal As Numbers" owner="BuiltIn">
<arg>${json_data['results'][0]['location']['postcode']}</arg>
<arg>${json_data['results'][0]['location']['postcode']}</arg>
<doc>Fails if objects are unequal after converting them to real numbers.</doc>
<status status="PASS" start="2024-05-23T20:15:57.144355" elapsed="0.000803"/>
</kw>
<kw name="Log" owner="BuiltIn">
<msg time="2024-05-23T20:15:57.145694" level="INFO">70416</msg>
<arg>${json_data['results'][0]['location']['postcode']}</arg>
<doc>Logs the given message with the given level.</doc>
<status status="PASS" start="2024-05-23T20:15:57.145356" elapsed="0.000379"/>
</kw>
<status status="PASS" start="2024-05-23T20:15:57.098434" elapsed="0.047565"/>
</kw>
<doc>Testa se os tipos de dados na resposta da API estão corretos.</doc>
<tag>testeTiposDados</tag>
<status status="PASS" start="2024-05-23T20:15:56.975326" elapsed="0.170840"/>
</test>
<test id="s1-s1-t5" name="Validar conteudo" line="35">
<kw name="Teste de Tipos de Conteudo" owner="random-user-service">
<kw name="GET On Session" owner="RequestsLibrary">
<msg time="2024-05-23T20:15:57.244983" level="INFO">GET Request : url=https://randomuser.me/api 
 path_url=/api 
 headers={'User-Agent': 'python-requests/2.32.2', 'Accept-Encoding': 'gzip, deflate', 'Accept': '*/*', 'Connection': 'keep-alive'} 
 body=None 
 </msg>
<msg time="2024-05-23T20:15:57.245094" level="INFO">GET Response : url=https://randomuser.me/api 
 status=200, reason=OK 
 headers={'Date': 'Thu, 23 May 2024 20:15:57 GMT', 'Content-Type': 'application/json; charset=utf-8', 'Transfer-Encoding': 'chunked', 'Connection': 'keep-alive', 'X-Powered-By': 'Express', 'Access-Control-Allow-Origin': '*', 'Cache-Control': 'no-cache', 'ETag': 'W/"490-CSxq215XZuHO/8gj9gOFzV2P+aA"', 'Vary': 'Accept-Encoding', 'Content-Encoding': 'gzip', 'CF-Cache-Status': 'DYNAMIC', 'Report-To': '{"endpoints":[{"url":"https:\\/\\/a.nel.cloudflare.com\\/report\\/v4?s=lbDuHyo%2F1Fj7onXwVWAoMRhuhUf%2B%2B4webrmL1J4WqlAnYdr8ZgjU2y5C5aM%2BNV1F9T8KBB8oRm15FXjWE5BZeAgB7QIO%2F1%2FPGLnTdUcwOQ3OImHj08YgMHWOS8kuVwRs"}],"group":"cf-nel","max_age":604800}', 'NEL': '{"success_fraction":0,"report_to":"cf-nel","max_age":604800}', 'Server': 'cloudflare', 'CF-RAY': '8887b88e2ac12018-IAD', 'alt-svc': 'h3=":443"; ma=86400'} 
 body={"results":[{"gender":"female","name":{"title":"Ms","first":"Peppi","last":"Honkala"},"location":{"street":{"number":9846,"name":"Pyynikintie"},"city":"Haapavesi","state":"Central Ostrobothnia","country":"Finland","postcode":25316,"coordinates":{"latitude":"-21.6662","longitude":"17.7890"},"timezone":{"offset":"+9:30","description":"Adelaide, Darwin"}},"email":"peppi.honkala@example.com","login":{"uuid":"b2befa01-2abf-4d0e-a95f-4c0b2ca8b9e4","username":"yellowfish801","password":"fatty","salt":"PR72d6jL","md5":"5e82d5ded8a3337716ed1e16cfd3b35d","sha1":"49e38ef5060de923e00605b173289a00c31c3fba","sha256":"9f4e20765c512e24847bf191141c855798bb2902b74841fafd80ba36806a9f8f"},"dob":{"date":"1945-10-09T11:30:40.797Z","age":78},"registered":{"date":"2016-11-04T03:56:10.089Z","age":7},"phone":"08-657-693","cell":"042-547-51-59","id":{"name":"HETU","value":"NaNNA778undefined"},"picture":{"large":"https://randomuser.me/api/portraits/women/17.jpg","medium":"https://randomuser.me/api/portraits/med/women/17.jpg","thumbnail":"https://randomuser.me/api/portraits/thumb/women/17.jpg"},"nat":"FI"}],"info":{"seed":"c5a2b3f32e8bcd0f","results":1,"page":1,"version":"1.4"}} 
 </msg>
<msg time="2024-05-23T20:15:57.245176" level="INFO">/opt/hostedtoolcache/Python/3.12.3/x64/lib/python3.12/site-packages/urllib3/connectionpool.py:1103: InsecureRequestWarning: Unverified HTTPS request is being made to host 'randomuser.me'. Adding certificate verification is strongly advised. See: https://urllib3.readthedocs.io/en/latest/advanced-usage.html#tls-warnings
  warnings.warn(</msg>
<msg time="2024-05-23T20:15:57.245339" level="INFO">${response} = &lt;Response [200]&gt;</msg>
<var>${response}</var>
<arg>consultarAPI</arg>
<arg>/api</arg>
<doc>Sends a GET request on a previously created HTTP Session.</doc>
<status status="PASS" start="2024-05-23T20:15:57.148784" elapsed="0.096608"/>
</kw>
<kw name="Set Variable" owner="BuiltIn">
<msg time="2024-05-23T20:15:57.246471" level="INFO">${json_data} = {'results': [{'gender': 'female', 'name': {'title': 'Ms', 'first': 'Peppi', 'last': 'Honkala'}, 'location': {'street': {'number': 9846, 'name': 'Pyynikintie'}, 'city': 'Haapavesi', 'state': 'Central O...</msg>
<var>${json_data}</var>
<arg>${response.json()}</arg>
<doc>Returns the given values which can then be assigned to a variables.</doc>
<status status="PASS" start="2024-05-23T20:15:57.245942" elapsed="0.000558"/>
</kw>
<kw name="Set Variable" owner="BuiltIn">
<msg time="2024-05-23T20:15:57.247250" level="INFO">${name_title} = Ms</msg>
<var>${name_title}</var>
<arg>${json_data["results"][0]["name"]["title"]}</arg>
<doc>Returns the given values which can then be assigned to a variables.</doc>
<status status="PASS" start="2024-05-23T20:15:57.246812" elapsed="0.000463"/>
</kw>
<kw name="Create List" owner="BuiltIn">
<msg time="2024-05-23T20:15:57.247731" level="INFO">${allowed_titles} = ['Mr', 'Ms', 'Miss', 'Mrs', 'Madame', 'Monsieur']</msg>
<var>${allowed_titles}</var>
<arg>Mr</arg>
<arg>Ms</arg>
<arg>Miss</arg>
<arg>Mrs</arg>
<arg>Madame</arg>
<arg>Monsieur</arg>
<doc>Returns a list containing given items.</doc>
<status status="PASS" start="2024-05-23T20:15:57.247582" elapsed="0.000173"/>
</kw>
<kw name="List Should Contain Value" owner="Collections">
<msg time="2024-05-23T20:15:57.248241" level="INFO">False</msg>
<arg>${allowed_titles}</arg>
<arg>${name_title}</arg>
<doc>Fails if the ``value`` is not found from ``list``.</doc>
<status status="PASS" start="2024-05-23T20:15:57.248058" elapsed="0.000220"/>
</kw>
<kw name="Set Variable" owner="BuiltIn">
<msg time="2024-05-23T20:15:57.248962" level="INFO">${name_country} = FI</msg>
<var>${name_country}</var>
<arg>${json_data["results"][0]["nat"]}</arg>
<doc>Returns the given values which can then be assigned to a variables.</doc>
<status status="PASS" start="2024-05-23T20:15:57.248572" elapsed="0.000415"/>
</kw>
<kw name="Create List" owner="BuiltIn">
<msg time="2024-05-23T20:15:57.249887" level="INFO">${list_country} = ['AD', 'AE', 'AF', 'AG', 'AI', 'AL', 'AM', 'AO', 'AQ', 'AR', 'AS', 'AT', 'AU', 'AW', 'AX', 'AZ', 'BA', 'BB', 'BD', 'BE', 'BF', 'BG', 'BH', 'BI', 'BJ', 'BL', 'BM', 'BN', 'BO', 'BQ', 'BR', 'BS', 'BT', '...</msg>
<var>${list_country}</var>
<arg>AD</arg>
<arg>AE</arg>
<arg>AF</arg>
<arg>AG</arg>
<arg>AI</arg>
<arg>AL</arg>
<arg>AM</arg>
<arg>AO</arg>
<arg>AQ</arg>
<arg>AR</arg>
<arg>AS</arg>
<arg>AT</arg>
<arg>AU</arg>
<arg>AW</arg>
<arg>AX</arg>
<arg>AZ</arg>
<arg>BA</arg>
<arg>BB</arg>
<arg>BD</arg>
<arg>BE</arg>
<arg>BF</arg>
<arg>BG</arg>
<arg>BH</arg>
<arg>BI</arg>
<arg>BJ</arg>
<arg>BL</arg>
<arg>BM</arg>
<arg>BN</arg>
<arg>BO</arg>
<arg>BQ</arg>
<arg>BR</arg>
<arg>BS</arg>
<arg>BT</arg>
<arg>BV</arg>
<arg>BW</arg>
<arg>BY</arg>
<arg>BZ</arg>
<arg>CA</arg>
<arg>CC</arg>
<arg>CD</arg>
<arg>CF</arg>
<arg>CG</arg>
<arg>CH</arg>
<arg>CI</arg>
<arg>CK</arg>
<arg>CL</arg>
<arg>CM</arg>
<arg>CN</arg>
<arg>CO</arg>
<arg>CR</arg>
<arg>CU</arg>
<arg>CV</arg>
<arg>CW</arg>
<arg>CX</arg>
<arg>CY</arg>
<arg>CZ</arg>
<arg>DE</arg>
<arg>DJ</arg>
<arg>DK</arg>
<arg>DM</arg>
<arg>DO</arg>
<arg>DZ</arg>
<arg>EC</arg>
<arg>EE</arg>
<arg>EG</arg>
<arg>EH</arg>
<arg>ER</arg>
<arg>ES</arg>
<arg>ET</arg>
<arg>FI</arg>
<arg>FJ</arg>
<arg>FK</arg>
<arg>FM</arg>
<arg>FO</arg>
<arg>FR</arg>
<arg>GA</arg>
<arg>GB</arg>
<arg>GD</arg>
<arg>GE</arg>
<arg>GF</arg>
<arg>GG</arg>
<arg>GH</arg>
<arg>GI</arg>
<arg>GL</arg>
<arg>GM</arg>
<arg>GN</arg>
<arg>GP</arg>
<arg>GQ</arg>
<arg>GR</arg>
<arg>GS</arg>
<arg>GT</arg>
<arg>GU</arg>
<arg>GW</arg>
<arg>GY</arg>
<arg>HK</arg>
<arg>HM</arg>
<arg>HN</arg>
<arg>HR</arg>
<arg>HT</arg>
<arg>HU</arg>
<arg>ID</arg>
<arg>IE</arg>
<arg>IL</arg>
<arg>IM</arg>
<arg>IN</arg>
<arg>IO</arg>
<arg>IQ</arg>
<arg>IR</arg>
<arg>IS</arg>
<arg>IT</arg>
<arg>JE</arg>
<arg>JM</arg>
<arg>JO</arg>
<arg>JP</arg>
<arg>KE</arg>
<arg>KG</arg>
<arg>KH</arg>
<arg>KI</arg>
<arg>KM</arg>
<arg>KN</arg>
<arg>KP</arg>
<arg>KR</arg>
<arg>KW</arg>
<arg>KY</arg>
<arg>KZ</arg>
<arg>LA</arg>
<arg>LB</arg>
<arg>LC</arg>
<arg>LI</arg>
<arg>LK</arg>
<arg>LR</arg>
<arg>LS</arg>
<arg>LT</arg>
<arg>LU</arg>
<arg>LV</arg>
<arg>LY</arg>
<arg>MA</arg>
<arg>MC</arg>
<arg>MD</arg>
<arg>ME</arg>
<arg>MF</arg>
<arg>MG</arg>
<arg>MH</arg>
<arg>MK</arg>
<arg>ML</arg>
<arg>MM</arg>
<arg>MN</arg>
<arg>MO</arg>
<arg>MP</arg>
<arg>MQ</arg>
<arg>MR</arg>
<arg>MS</arg>
<arg>MT</arg>
<arg>MU</arg>
<arg>MV</arg>
<arg>MW</arg>
<arg>MX</arg>
<arg>MY</arg>
<arg>MZ</arg>
<arg>NA</arg>
<arg>NC</arg>
<arg>NE</arg>
<arg>NF</arg>
<arg>NG</arg>
<arg>NI</arg>
<arg>NL</arg>
<arg>NO</arg>
<arg>NP</arg>
<arg>NR</arg>
<arg>NU</arg>
<arg>NZ</arg>
<arg>OM</arg>
<arg>PA</arg>
<arg>PE</arg>
<arg>PF</arg>
<arg>PG</arg>
<arg>PH</arg>
<arg>PK</arg>
<arg>PL</arg>
<arg>PM</arg>
<arg>PN</arg>
<arg>PR</arg>
<arg>PS</arg>
<arg>PT</arg>
<arg>PW</arg>
<arg>PY</arg>
<arg>QA</arg>
<arg>RE</arg>
<arg>RO</arg>
<arg>RS</arg>
<arg>RU</arg>
<arg>RW</arg>
<arg>SA</arg>
<arg>SB</arg>
<arg>SC</arg>
<arg>SD</arg>
<arg>SE</arg>
<arg>SG</arg>
<arg>SH</arg>
<arg>SI</arg>
<arg>SJ</arg>
<arg>SK</arg>
<arg>SL</arg>
<arg>SM</arg>
<arg>SN</arg>
<arg>SO</arg>
<arg>SR</arg>
<arg>SS</arg>
<arg>ST</arg>
<arg>SV</arg>
<arg>SX</arg>
<arg>SY</arg>
<arg>SZ</arg>
<arg>TC</arg>
<arg>TD</arg>
<arg>TF</arg>
<arg>TG</arg>
<arg>TH</arg>
<arg>TJ</arg>
<arg>TK</arg>
<arg>TL</arg>
<arg>TM</arg>
<arg>TN</arg>
<arg>TO</arg>
<arg>TR</arg>
<arg>TT</arg>
<arg>TV</arg>
<arg>TW</arg>
<arg>TZ</arg>
<arg>UA</arg>
<arg>UG</arg>
<arg>UM</arg>
<arg>US</arg>
<arg>UY</arg>
<arg>UZ</arg>
<arg>VA</arg>
<arg>VC</arg>
<arg>VE</arg>
<arg>VG</arg>
<arg>VI</arg>
<arg>VN</arg>
<arg>VU</arg>
<arg>WF</arg>
<arg>WS</arg>
<arg>XK</arg>
<arg>YE</arg>
<arg>YT</arg>
<arg>ZA</arg>
<arg>ZM</arg>
<arg>ZW</arg>
<doc>Returns a list containing given items.</doc>
<status status="PASS" start="2024-05-23T20:15:57.249290" elapsed="0.000623"/>
</kw>
<kw name="List Should Contain Value" owner="Collections">
<msg time="2024-05-23T20:15:57.250960" level="INFO">False</msg>
<arg>${list_country}</arg>
<arg>${name_country}</arg>
<doc>Fails if the ``value`` is not found from ``list``.</doc>
<status status="PASS" start="2024-05-23T20:15:57.250708" elapsed="0.000293"/>
</kw>
<kw name="Run Keyword If" owner="BuiltIn">
<kw name="Should Be True" owner="BuiltIn">
<arg>${True}</arg>
<doc>Fails if the given condition is not true.</doc>
<status status="PASS" start="2024-05-23T20:15:57.252101" elapsed="0.000145"/>
</kw>
<arg>${json_data["results"][0]["location"]["coordinates"]["latitude"]} &gt;= -90 and ${json_data["results"][0]["location"]["coordinates"]["latitude"]} &lt;= 90</arg>
<arg>Should Be True</arg>
<arg>${True}</arg>
<doc>Runs the given keyword with the given arguments, if ``condition`` is true.</doc>
<status status="PASS" start="2024-05-23T20:15:57.251332" elapsed="0.001040"/>
</kw>
<kw name="Run Keyword If" owner="BuiltIn">
<kw name="Should Be True" owner="BuiltIn">
<arg>${True}</arg>
<doc>Fails if the given condition is not true.</doc>
<status status="PASS" start="2024-05-23T20:15:57.253265" elapsed="0.000269"/>
</kw>
<arg>${json_data["results"][0]["location"]["coordinates"]["longitude"]} &gt;= -180 and ${json_data["results"][0]["location"]["coordinates"]["longitude"]} &lt;= 180</arg>
<arg>Should Be True</arg>
<arg>${True}</arg>
<doc>Runs the given keyword with the given arguments, if ``condition`` is true.</doc>
<status status="PASS" start="2024-05-23T20:15:57.252558" elapsed="0.001106"/>
</kw>
<status status="PASS" start="2024-05-23T20:15:57.148552" elapsed="0.105245"/>
</kw>
<doc>Testa o conteúdo específico dos campos retornados pela API.</doc>
<tag>testeConteudo</tag>
<status status="PASS" start="2024-05-23T20:15:57.147987" elapsed="0.105964"/>
</test>
<status status="PASS" start="2024-05-23T20:15:56.452991" elapsed="0.802965"/>
</suite>
<status status="PASS" start="2024-05-23T20:15:56.439417" elapsed="0.821792"/>
</suite>
<statistics>
<total>
<stat pass="5" fail="0" skip="0">All Tests</stat>
</total>
<tag>
<stat pass="1" fail="0" skip="0">testeConteudo</stat>
<stat pass="1" fail="0" skip="0">testeEstruturaResposta</stat>
<stat pass="1" fail="0" skip="0">testeRequisicaoBasica</stat>
<stat pass="1" fail="0" skip="0">testeTiposDados</stat>
</tag>
<suite>
<stat pass="5" fail="0" skip="0" id="s1" name="Tests">Tests</stat>
<stat pass="5" fail="0" skip="0" id="s1-s1" name="Random-User-Test">Tests.Random-User-Test</stat>
</suite>
</statistics>
<errors>
</errors>
</robot>
