<?xml version="1.0" encoding="UTF-8"?>
<robot generator="Robot 7.0 (Python 3.12.2 on linux)" generated="2024-04-01T19:10:53.301534" rpa="false" schemaversion="5">
<suite id="s1" name="Tests" source="/home/runner/work/DesafioQAItauRogerioJordao/DesafioQAItauRogerioJordao/RamdonUser/tests">
<suite id="s1-s1" name="Random-User-Test" source="/home/runner/work/DesafioQAItauRogerioJordao/DesafioQAItauRogerioJordao/RamdonUser/tests/random-user-test.robot">
<test id="s1-s1-t1" name="Conectar" line="13">
<kw name="Conectar API" owner="random-user-service">
<kw name="Create Session" owner="RequestsLibrary">
<msg time="2024-04-01T19:10:53.650935" level="INFO">Creating Session using : alias=consultarAPI, url=https://randomuser.me/, headers={},                     cookies={}, auth=None, timeout=None, proxies=None, verify=False,                     debug=0 </msg>
<arg>consultarAPI</arg>
<arg>${URL}</arg>
<doc>Create Session: create a HTTP session to a server</doc>
<status status="PASS" start="2024-04-01T19:10:53.650741" elapsed="0.000362"/>
</kw>
<status status="PASS" start="2024-04-01T19:10:53.649749" elapsed="0.001733"/>
</kw>
<status status="PASS" start="2024-04-01T19:10:53.649135" elapsed="0.002556"/>
</test>
<test id="s1-s1-t2" name="Validar retorno 200 e JSON Válido" line="16">
<kw name="Teste de Requisicao Basica" owner="random-user-service">
<kw name="GET On Session" owner="RequestsLibrary">
<msg time="2024-04-01T19:10:53.900286" level="INFO">GET Request : url=https://randomuser.me/api 
 path_url=/api 
 headers={'User-Agent': 'python-requests/2.31.0', 'Accept-Encoding': 'gzip, deflate', 'Accept': '*/*', 'Connection': 'keep-alive'} 
 body=None 
 </msg>
<msg time="2024-04-01T19:10:53.900416" level="INFO">GET Response : url=https://randomuser.me/api 
 status=200, reason=OK 
 headers={'Date': 'Mon, 01 Apr 2024 19:10:53 GMT', 'Content-Type': 'application/json; charset=utf-8', 'Transfer-Encoding': 'chunked', 'Connection': 'keep-alive', 'X-Powered-By': 'Express', 'Access-Control-Allow-Origin': '*', 'Cache-Control': 'no-cache', 'ETag': 'W/"48a-JXUuHhMJTQb1wxSNBpdXGPMN2yg"', 'Vary': 'Accept-Encoding', 'Content-Encoding': 'gzip', 'CF-Cache-Status': 'DYNAMIC', 'Report-To': '{"endpoints":[{"url":"https:\\/\\/a.nel.cloudflare.com\\/report\\/v4?s=5QEsj%2BMuYMcH9YUb0NdBBywaut2bh1h0eJ5NEsebdnNZMWT1Rbuz3s8bWa6pN%2BMU%2FdhkR4goVF%2BNUETsWz40HDDJwr02aBivQBFqp9xAyATSDXnEjSX8GWB8hzACTZF5"}],"group":"cf-nel","max_age":604800}', 'NEL': '{"success_fraction":0,"report_to":"cf-nel","max_age":604800}', 'Server': 'cloudflare', 'CF-RAY': '86dae1c278212231-ORD', 'alt-svc': 'h3=":443"; ma=86400'} 
 body={"results":[{"gender":"male","name":{"title":"Mr","first":"Louis","last":"Lewis"},"location":{"street":{"number":4375,"name":"Tuam Street"},"city":"Nelson","state":"West Coast","country":"New Zealand","postcode":88756,"coordinates":{"latitude":"54.9929","longitude":"-13.2413"},"timezone":{"offset":"+8:00","description":"Beijing, Perth, Singapore, Hong Kong"}},"email":"louis.lewis@example.com","login":{"uuid":"a7d7e8fe-7bc7-4b86-8a19-b2f945a57a65","username":"beautifulmeercat760","password":"pantera1","salt":"CQWESGyF","md5":"05c092f03d6bc2a045d1be5aa3adae77","sha1":"37322bd030cad8236e298b245c0854aa9521105a","sha256":"a3b9c61a297ecaaf3d218a6dd263f5583d22f3b20a22e029d2615b2ca9bbc851"},"dob":{"date":"1953-07-19T09:26:42.708Z","age":70},"registered":{"date":"2021-05-09T18:09:29.879Z","age":2},"phone":"(236)-346-4368","cell":"(198)-260-2146","id":{"name":"","value":null},"picture":{"large":"https://randomuser.me/api/portraits/men/60.jpg","medium":"https://randomuser.me/api/portraits/med/men/60.jpg","thumbnail":"https://randomuser.me/api/portraits/thumb/men/60.jpg"},"nat":"NZ"}],"info":{"seed":"c1b1c3a05f00066c","results":1,"page":1,"version":"1.4"}} 
 </msg>
<msg time="2024-04-01T19:10:53.900535" level="INFO">/opt/hostedtoolcache/Python/3.12.2/x64/lib/python3.12/site-packages/urllib3/connectionpool.py:1103: InsecureRequestWarning: Unverified HTTPS request is being made to host 'randomuser.me'. Adding certificate verification is strongly advised. See: https://urllib3.readthedocs.io/en/latest/advanced-usage.html#tls-warnings
  warnings.warn(</msg>
<msg time="2024-04-01T19:10:53.900682" level="INFO">${response} = &lt;Response [200]&gt;</msg>
<var>${response}</var>
<arg>consultarAPI</arg>
<arg>/api</arg>
<doc>Sends a GET request on a previously created HTTP Session.</doc>
<status status="PASS" start="2024-04-01T19:10:53.654247" elapsed="0.246492"/>
</kw>
<kw name="Should Be Equal As Numbers" owner="BuiltIn">
<msg time="2024-04-01T19:10:53.901767" level="INFO">Argument types are:
&lt;class 'int'&gt;
&lt;class 'str'&gt;</msg>
<arg>${response.status_code}</arg>
<arg>200</arg>
<doc>Fails if objects are unequal after converting them to real numbers.</doc>
<status status="PASS" start="2024-04-01T19:10:53.901249" elapsed="0.000582"/>
</kw>
<kw name="Log" owner="BuiltIn">
<msg time="2024-04-01T19:10:53.902507" level="INFO">200</msg>
<arg>${response.status_code}</arg>
<doc>Logs the given message with the given level.</doc>
<status status="PASS" start="2024-04-01T19:10:53.902152" elapsed="0.000398"/>
</kw>
<kw name="Set Variable" owner="BuiltIn">
<msg time="2024-04-01T19:10:53.903317" level="INFO">${json_data} = {'results': [{'gender': 'male', 'name': {'title': 'Mr', 'first': 'Louis', 'last': 'Lewis'}, 'location': {'street': {'number': 4375, 'name': 'Tuam Street'}, 'city': 'Nelson', 'state': 'West Coast', 'co...</msg>
<var>${json_data}</var>
<arg>${response.json()}</arg>
<doc>Returns the given values which can then be assigned to a variables.</doc>
<status status="PASS" start="2024-04-01T19:10:53.902876" elapsed="0.000469"/>
</kw>
<kw name="Dictionary Should Contain Key" owner="Collections">
<msg time="2024-04-01T19:10:53.903868" level="INFO">False</msg>
<arg>${json_data}</arg>
<arg>results</arg>
<doc>Fails if ``key`` is not found from ``dictionary``.</doc>
<status status="PASS" start="2024-04-01T19:10:53.903701" elapsed="0.000206"/>
</kw>
<status status="PASS" start="2024-04-01T19:10:53.653996" elapsed="0.250167"/>
</kw>
<doc>Testa se a API responde corretamente e retorna um objeto JSON válido.</doc>
<tag>testeRequisicaoBasica</tag>
<status status="PASS" start="2024-04-01T19:10:53.653494" elapsed="0.250839"/>
</test>
<test id="s1-s1-t3" name="Validar estrutura de resposta" line="22">
<kw name="Teste de Estrutura de Resposta" owner="random-user-service">
<kw name="GET On Session" owner="RequestsLibrary">
<msg time="2024-04-01T19:10:54.932736" level="INFO">GET Request : url=https://randomuser.me/api 
 path_url=/api 
 headers={'User-Agent': 'python-requests/2.31.0', 'Accept-Encoding': 'gzip, deflate', 'Accept': '*/*', 'Connection': 'keep-alive'} 
 body=None 
 </msg>
<msg time="2024-04-01T19:10:54.932808" level="INFO">GET Response : url=https://randomuser.me/api 
 status=200, reason=OK 
 headers={'Date': 'Mon, 01 Apr 2024 19:10:54 GMT', 'Content-Type': 'application/json; charset=utf-8', 'Transfer-Encoding': 'chunked', 'Connection': 'keep-alive', 'X-Powered-By': 'Express', 'Access-Control-Allow-Origin': '*', 'Cache-Control': 'no-cache', 'ETag': 'W/"4a5-CqtTn4mJyv1hB0e7/d1biorqN6c"', 'Vary': 'Accept-Encoding', 'Content-Encoding': 'gzip', 'CF-Cache-Status': 'DYNAMIC', 'Report-To': '{"endpoints":[{"url":"https:\\/\\/a.nel.cloudflare.com\\/report\\/v4?s=mDD%2BiGH0IqNTQavBacXex%2BAU83qQHV1UAWtqP6mX3mbK6hXocOLfkbXb5umlr7F98JdhPiR9kIqyoXV2Z1C%2F3N0yyc%2B%2BezddgMtcetpMIbaShzPALGyzOA%2BPaBUtuIuc"}],"group":"cf-nel","max_age":604800}', 'NEL': '{"success_fraction":0,"report_to":"cf-nel","max_age":604800}', 'Server': 'cloudflare', 'CF-RAY': '86dae1c2e8d22231-ORD', 'alt-svc': 'h3=":443"; ma=86400'} 
 body={"results":[{"gender":"male","name":{"title":"Mr","first":"Dwayne","last":"Harris"},"location":{"street":{"number":4602,"name":"George Street"},"city":"Brighton and Hove","state":"Northumberland","country":"United Kingdom","postcode":"Y6P 1PA","coordinates":{"latitude":"-5.2094","longitude":"-6.4729"},"timezone":{"offset":"+6:00","description":"Almaty, Dhaka, Colombo"}},"email":"dwayne.harris@example.com","login":{"uuid":"45c721b9-be6b-4e3d-9bc1-f523f1fd1c3b","username":"silverbutterfly997","password":"redfish","salt":"R4yS6n2x","md5":"8df62417abb3693d93799dd7809f5f25","sha1":"ed99d117c0a3597b242f16a25974f287c0a401f5","sha256":"9c16fec20bb297c5f99f4641ffb65486645fc2f92049438544de7fcc363674f3"},"dob":{"date":"1964-10-16T06:23:29.117Z","age":59},"registered":{"date":"2005-12-02T13:50:28.192Z","age":18},"phone":"0114172 522 3709","cell":"07368 406062","id":{"name":"NINO","value":"YE 24 27 18 H"},"picture":{"large":"https://randomuser.me/api/portraits/men/23.jpg","medium":"https://randomuser.me/api/portraits/med/men/23.jpg","thumbnail":"https://randomuser.me/api/portraits/thumb/men/23.jpg"},"nat":"GB"}],"info":{"seed":"df5af9eba8a6717d","results":1,"page":1,"version":"1.4"}} 
 </msg>
<msg time="2024-04-01T19:10:54.932914" level="INFO">/opt/hostedtoolcache/Python/3.12.2/x64/lib/python3.12/site-packages/urllib3/connectionpool.py:1103: InsecureRequestWarning: Unverified HTTPS request is being made to host 'randomuser.me'. Adding certificate verification is strongly advised. See: https://urllib3.readthedocs.io/en/latest/advanced-usage.html#tls-warnings
  warnings.warn(</msg>
<msg time="2024-04-01T19:10:54.933011" level="INFO">${response} = &lt;Response [200]&gt;</msg>
<var>${response}</var>
<arg>consultarAPI</arg>
<arg>/api</arg>
<doc>Sends a GET request on a previously created HTTP Session.</doc>
<status status="PASS" start="2024-04-01T19:10:53.906931" elapsed="1.026117"/>
</kw>
<kw name="Set Variable" owner="BuiltIn">
<msg time="2024-04-01T19:10:54.933903" level="INFO">${json_data} = {'results': [{'gender': 'male', 'name': {'title': 'Mr', 'first': 'Dwayne', 'last': 'Harris'}, 'location': {'street': {'number': 4602, 'name': 'George Street'}, 'city': 'Brighton and Hove', 'state': 'N...</msg>
<var>${json_data}</var>
<arg>${response.json()}</arg>
<doc>Returns the given values which can then be assigned to a variables.</doc>
<status status="PASS" start="2024-04-01T19:10:54.933444" elapsed="0.000487"/>
</kw>
<kw name="Log" owner="BuiltIn">
<msg time="2024-04-01T19:10:54.934389" level="INFO">{'results': [{'gender': 'male', 'name': {'title': 'Mr', 'first': 'Dwayne', 'last': 'Harris'}, 'location': {'street': {'number': 4602, 'name': 'George Street'}, 'city': 'Brighton and Hove', 'state': 'Northumberland', 'country': 'United Kingdom', 'postcode': 'Y6P 1PA', 'coordinates': {'latitude': '-5.2094', 'longitude': '-6.4729'}, 'timezone': {'offset': '+6:00', 'description': 'Almaty, Dhaka, Colombo'}}, 'email': 'dwayne.harris@example.com', 'login': {'uuid': '45c721b9-be6b-4e3d-9bc1-f523f1fd1c3b', 'username': 'silverbutterfly997', 'password': 'redfish', 'salt': 'R4yS6n2x', 'md5': '8df62417abb3693d93799dd7809f5f25', 'sha1': 'ed99d117c0a3597b242f16a25974f287c0a401f5', 'sha256': '9c16fec20bb297c5f99f4641ffb65486645fc2f92049438544de7fcc363674f3'}, 'dob': {'date': '1964-10-16T06:23:29.117Z', 'age': 59}, 'registered': {'date': '2005-12-02T13:50:28.192Z', 'age': 18}, 'phone': '0114172 522 3709', 'cell': '07368 406062', 'id': {'name': 'NINO', 'value': 'YE 24 27 18 H'}, 'picture': {'large': 'https://randomuser.me/api/portraits/men/23.jpg', 'medium': 'https://randomuser.me/api/portraits/med/men/23.jpg', 'thumbnail': 'https://randomuser.me/api/portraits/thumb/men/23.jpg'}, 'nat': 'GB'}], 'info': {'seed': 'df5af9eba8a6717d', 'results': 1, 'page': 1, 'version': '1.4'}}</msg>
<arg>${json_data}</arg>
<doc>Logs the given message with the given level.</doc>
<status status="PASS" start="2024-04-01T19:10:54.934234" elapsed="0.000202"/>
</kw>
<kw name="Dictionary Should Contain Key" owner="Collections">
<msg time="2024-04-01T19:10:54.934885" level="INFO">False</msg>
<arg>${json_data}</arg>
<arg>results</arg>
<doc>Fails if ``key`` is not found from ``dictionary``.</doc>
<status status="PASS" start="2024-04-01T19:10:54.934735" elapsed="0.000186"/>
</kw>
<kw name="Should Not Be Empty" owner="BuiltIn">
<msg time="2024-04-01T19:10:54.935342" level="INFO">Length is 2.</msg>
<arg>${json_data}</arg>
<doc>Verifies that the given item is not empty.</doc>
<status status="PASS" start="2024-04-01T19:10:54.935211" elapsed="0.000168"/>
</kw>
<kw name="Create List" owner="BuiltIn">
<msg time="2024-04-01T19:10:54.935865" level="INFO">${expected_keys} = ['gender', 'name', 'location', 'email', 'login']</msg>
<var>${expected_keys}</var>
<arg>gender</arg>
<arg>name</arg>
<arg>location</arg>
<arg>email</arg>
<arg>login</arg>
<doc>Returns a list containing given items.</doc>
<status status="PASS" start="2024-04-01T19:10:54.935713" elapsed="0.000176"/>
</kw>
<for flavor="IN">
<iter>
<kw name="Dictionary Should Contain Key" owner="Collections">
<msg time="2024-04-01T19:10:54.936843" level="INFO">False</msg>
<arg>${json_data['results'][0]}</arg>
<arg>${key}</arg>
<doc>Fails if ``key`` is not found from ``dictionary``.</doc>
<status status="PASS" start="2024-04-01T19:10:54.936446" elapsed="0.000435"/>
</kw>
<kw name="Log" owner="BuiltIn">
<msg time="2024-04-01T19:10:54.937549" level="INFO">{'gender': 'male', 'name': {'title': 'Mr', 'first': 'Dwayne', 'last': 'Harris'}, 'location': {'street': {'number': 4602, 'name': 'George Street'}, 'city': 'Brighton and Hove', 'state': 'Northumberland', 'country': 'United Kingdom', 'postcode': 'Y6P 1PA', 'coordinates': {'latitude': '-5.2094', 'longitude': '-6.4729'}, 'timezone': {'offset': '+6:00', 'description': 'Almaty, Dhaka, Colombo'}}, 'email': 'dwayne.harris@example.com', 'login': {'uuid': '45c721b9-be6b-4e3d-9bc1-f523f1fd1c3b', 'username': 'silverbutterfly997', 'password': 'redfish', 'salt': 'R4yS6n2x', 'md5': '8df62417abb3693d93799dd7809f5f25', 'sha1': 'ed99d117c0a3597b242f16a25974f287c0a401f5', 'sha256': '9c16fec20bb297c5f99f4641ffb65486645fc2f92049438544de7fcc363674f3'}, 'dob': {'date': '1964-10-16T06:23:29.117Z', 'age': 59}, 'registered': {'date': '2005-12-02T13:50:28.192Z', 'age': 18}, 'phone': '0114172 522 3709', 'cell': '07368 406062', 'id': {'name': 'NINO', 'value': 'YE 24 27 18 H'}, 'picture': {'large': 'https://randomuser.me/api/portraits/men/23.jpg', 'medium': 'https://randomuser.me/api/portraits/med/men/23.jpg', 'thumbnail': 'https://randomuser.me/api/portraits/thumb/men/23.jpg'}, 'nat': 'GB'}</msg>
<arg>${json_data['results'][0]}</arg>
<doc>Logs the given message with the given level.</doc>
<status status="PASS" start="2024-04-01T19:10:54.937183" elapsed="0.000418"/>
</kw>
<kw name="Log" owner="BuiltIn">
<msg time="2024-04-01T19:10:54.938029" level="INFO">gender</msg>
<arg>${key}</arg>
<doc>Logs the given message with the given level.</doc>
<status status="PASS" start="2024-04-01T19:10:54.937900" elapsed="0.000167"/>
</kw>
<var name="${key}">gender</var>
<status status="PASS" start="2024-04-01T19:10:54.936323" elapsed="0.001963"/>
</iter>
<iter>
<kw name="Dictionary Should Contain Key" owner="Collections">
<msg time="2024-04-01T19:10:54.938952" level="INFO">False</msg>
<arg>${json_data['results'][0]}</arg>
<arg>${key}</arg>
<doc>Fails if ``key`` is not found from ``dictionary``.</doc>
<status status="PASS" start="2024-04-01T19:10:54.938581" elapsed="0.000409"/>
</kw>
<kw name="Log" owner="BuiltIn">
<msg time="2024-04-01T19:10:54.939691" level="INFO">{'gender': 'male', 'name': {'title': 'Mr', 'first': 'Dwayne', 'last': 'Harris'}, 'location': {'street': {'number': 4602, 'name': 'George Street'}, 'city': 'Brighton and Hove', 'state': 'Northumberland', 'country': 'United Kingdom', 'postcode': 'Y6P 1PA', 'coordinates': {'latitude': '-5.2094', 'longitude': '-6.4729'}, 'timezone': {'offset': '+6:00', 'description': 'Almaty, Dhaka, Colombo'}}, 'email': 'dwayne.harris@example.com', 'login': {'uuid': '45c721b9-be6b-4e3d-9bc1-f523f1fd1c3b', 'username': 'silverbutterfly997', 'password': 'redfish', 'salt': 'R4yS6n2x', 'md5': '8df62417abb3693d93799dd7809f5f25', 'sha1': 'ed99d117c0a3597b242f16a25974f287c0a401f5', 'sha256': '9c16fec20bb297c5f99f4641ffb65486645fc2f92049438544de7fcc363674f3'}, 'dob': {'date': '1964-10-16T06:23:29.117Z', 'age': 59}, 'registered': {'date': '2005-12-02T13:50:28.192Z', 'age': 18}, 'phone': '0114172 522 3709', 'cell': '07368 406062', 'id': {'name': 'NINO', 'value': 'YE 24 27 18 H'}, 'picture': {'large': 'https://randomuser.me/api/portraits/men/23.jpg', 'medium': 'https://randomuser.me/api/portraits/med/men/23.jpg', 'thumbnail': 'https://randomuser.me/api/portraits/thumb/men/23.jpg'}, 'nat': 'GB'}</msg>
<arg>${json_data['results'][0]}</arg>
<doc>Logs the given message with the given level.</doc>
<status status="PASS" start="2024-04-01T19:10:54.939316" elapsed="0.000420"/>
</kw>
<kw name="Log" owner="BuiltIn">
<msg time="2024-04-01T19:10:54.940161" level="INFO">name</msg>
<arg>${key}</arg>
<doc>Logs the given message with the given level.</doc>
<status status="PASS" start="2024-04-01T19:10:54.940035" elapsed="0.000163"/>
</kw>
<var name="${key}">name</var>
<status status="PASS" start="2024-04-01T19:10:54.938469" elapsed="0.001941"/>
</iter>
<iter>
<kw name="Dictionary Should Contain Key" owner="Collections">
<msg time="2024-04-01T19:10:54.941069" level="INFO">False</msg>
<arg>${json_data['results'][0]}</arg>
<arg>${key}</arg>
<doc>Fails if ``key`` is not found from ``dictionary``.</doc>
<status status="PASS" start="2024-04-01T19:10:54.940696" elapsed="0.000411"/>
</kw>
<kw name="Log" owner="BuiltIn">
<msg time="2024-04-01T19:10:54.941756" level="INFO">{'gender': 'male', 'name': {'title': 'Mr', 'first': 'Dwayne', 'last': 'Harris'}, 'location': {'street': {'number': 4602, 'name': 'George Street'}, 'city': 'Brighton and Hove', 'state': 'Northumberland', 'country': 'United Kingdom', 'postcode': 'Y6P 1PA', 'coordinates': {'latitude': '-5.2094', 'longitude': '-6.4729'}, 'timezone': {'offset': '+6:00', 'description': 'Almaty, Dhaka, Colombo'}}, 'email': 'dwayne.harris@example.com', 'login': {'uuid': '45c721b9-be6b-4e3d-9bc1-f523f1fd1c3b', 'username': 'silverbutterfly997', 'password': 'redfish', 'salt': 'R4yS6n2x', 'md5': '8df62417abb3693d93799dd7809f5f25', 'sha1': 'ed99d117c0a3597b242f16a25974f287c0a401f5', 'sha256': '9c16fec20bb297c5f99f4641ffb65486645fc2f92049438544de7fcc363674f3'}, 'dob': {'date': '1964-10-16T06:23:29.117Z', 'age': 59}, 'registered': {'date': '2005-12-02T13:50:28.192Z', 'age': 18}, 'phone': '0114172 522 3709', 'cell': '07368 406062', 'id': {'name': 'NINO', 'value': 'YE 24 27 18 H'}, 'picture': {'large': 'https://randomuser.me/api/portraits/men/23.jpg', 'medium': 'https://randomuser.me/api/portraits/med/men/23.jpg', 'thumbnail': 'https://randomuser.me/api/portraits/thumb/men/23.jpg'}, 'nat': 'GB'}</msg>
<arg>${json_data['results'][0]}</arg>
<doc>Logs the given message with the given level.</doc>
<status status="PASS" start="2024-04-01T19:10:54.941400" elapsed="0.000407"/>
</kw>
<kw name="Log" owner="BuiltIn">
<msg time="2024-04-01T19:10:54.942221" level="INFO">location</msg>
<arg>${key}</arg>
<doc>Logs the given message with the given level.</doc>
<status status="PASS" start="2024-04-01T19:10:54.942096" elapsed="0.000162"/>
</kw>
<var name="${key}">location</var>
<status status="PASS" start="2024-04-01T19:10:54.940586" elapsed="0.001886"/>
</iter>
<iter>
<kw name="Dictionary Should Contain Key" owner="Collections">
<msg time="2024-04-01T19:10:54.943118" level="INFO">False</msg>
<arg>${json_data['results'][0]}</arg>
<arg>${key}</arg>
<doc>Fails if ``key`` is not found from ``dictionary``.</doc>
<status status="PASS" start="2024-04-01T19:10:54.942748" elapsed="0.000407"/>
</kw>
<kw name="Log" owner="BuiltIn">
<msg time="2024-04-01T19:10:54.943839" level="INFO">{'gender': 'male', 'name': {'title': 'Mr', 'first': 'Dwayne', 'last': 'Harris'}, 'location': {'street': {'number': 4602, 'name': 'George Street'}, 'city': 'Brighton and Hove', 'state': 'Northumberland', 'country': 'United Kingdom', 'postcode': 'Y6P 1PA', 'coordinates': {'latitude': '-5.2094', 'longitude': '-6.4729'}, 'timezone': {'offset': '+6:00', 'description': 'Almaty, Dhaka, Colombo'}}, 'email': 'dwayne.harris@example.com', 'login': {'uuid': '45c721b9-be6b-4e3d-9bc1-f523f1fd1c3b', 'username': 'silverbutterfly997', 'password': 'redfish', 'salt': 'R4yS6n2x', 'md5': '8df62417abb3693d93799dd7809f5f25', 'sha1': 'ed99d117c0a3597b242f16a25974f287c0a401f5', 'sha256': '9c16fec20bb297c5f99f4641ffb65486645fc2f92049438544de7fcc363674f3'}, 'dob': {'date': '1964-10-16T06:23:29.117Z', 'age': 59}, 'registered': {'date': '2005-12-02T13:50:28.192Z', 'age': 18}, 'phone': '0114172 522 3709', 'cell': '07368 406062', 'id': {'name': 'NINO', 'value': 'YE 24 27 18 H'}, 'picture': {'large': 'https://randomuser.me/api/portraits/men/23.jpg', 'medium': 'https://randomuser.me/api/portraits/med/men/23.jpg', 'thumbnail': 'https://randomuser.me/api/portraits/thumb/men/23.jpg'}, 'nat': 'GB'}</msg>
<arg>${json_data['results'][0]}</arg>
<doc>Logs the given message with the given level.</doc>
<status status="PASS" start="2024-04-01T19:10:54.943467" elapsed="0.000418"/>
</kw>
<kw name="Log" owner="BuiltIn">
<msg time="2024-04-01T19:10:54.944300" level="INFO">email</msg>
<arg>${key}</arg>
<doc>Logs the given message with the given level.</doc>
<status status="PASS" start="2024-04-01T19:10:54.944174" elapsed="0.000163"/>
</kw>
<var name="${key}">email</var>
<status status="PASS" start="2024-04-01T19:10:54.942639" elapsed="0.001916"/>
</iter>
<iter>
<kw name="Dictionary Should Contain Key" owner="Collections">
<msg time="2024-04-01T19:10:54.945211" level="INFO">False</msg>
<arg>${json_data['results'][0]}</arg>
<arg>${key}</arg>
<doc>Fails if ``key`` is not found from ``dictionary``.</doc>
<status status="PASS" start="2024-04-01T19:10:54.944833" elapsed="0.000415"/>
</kw>
<kw name="Log" owner="BuiltIn">
<msg time="2024-04-01T19:10:54.945890" level="INFO">{'gender': 'male', 'name': {'title': 'Mr', 'first': 'Dwayne', 'last': 'Harris'}, 'location': {'street': {'number': 4602, 'name': 'George Street'}, 'city': 'Brighton and Hove', 'state': 'Northumberland', 'country': 'United Kingdom', 'postcode': 'Y6P 1PA', 'coordinates': {'latitude': '-5.2094', 'longitude': '-6.4729'}, 'timezone': {'offset': '+6:00', 'description': 'Almaty, Dhaka, Colombo'}}, 'email': 'dwayne.harris@example.com', 'login': {'uuid': '45c721b9-be6b-4e3d-9bc1-f523f1fd1c3b', 'username': 'silverbutterfly997', 'password': 'redfish', 'salt': 'R4yS6n2x', 'md5': '8df62417abb3693d93799dd7809f5f25', 'sha1': 'ed99d117c0a3597b242f16a25974f287c0a401f5', 'sha256': '9c16fec20bb297c5f99f4641ffb65486645fc2f92049438544de7fcc363674f3'}, 'dob': {'date': '1964-10-16T06:23:29.117Z', 'age': 59}, 'registered': {'date': '2005-12-02T13:50:28.192Z', 'age': 18}, 'phone': '0114172 522 3709', 'cell': '07368 406062', 'id': {'name': 'NINO', 'value': 'YE 24 27 18 H'}, 'picture': {'large': 'https://randomuser.me/api/portraits/men/23.jpg', 'medium': 'https://randomuser.me/api/portraits/med/men/23.jpg', 'thumbnail': 'https://randomuser.me/api/portraits/thumb/men/23.jpg'}, 'nat': 'GB'}</msg>
<arg>${json_data['results'][0]}</arg>
<doc>Logs the given message with the given level.</doc>
<status status="PASS" start="2024-04-01T19:10:54.945537" elapsed="0.000399"/>
</kw>
<kw name="Log" owner="BuiltIn">
<msg time="2024-04-01T19:10:54.946350" level="INFO">login</msg>
<arg>${key}</arg>
<doc>Logs the given message with the given level.</doc>
<status status="PASS" start="2024-04-01T19:10:54.946223" elapsed="0.000293"/>
</kw>
<var name="${key}">login</var>
<status status="PASS" start="2024-04-01T19:10:54.944725" elapsed="0.002018"/>
</iter>
<var>${key}</var>
<value>@{expected_keys}</value>
<status status="PASS" start="2024-04-01T19:10:54.936142" elapsed="0.010722"/>
</for>
<kw name="Create List" owner="BuiltIn">
<msg time="2024-04-01T19:10:54.947189" level="INFO">${expected_keysTwo} = ['username', 'password']</msg>
<var>${expected_keysTwo}</var>
<arg>username</arg>
<arg>password</arg>
<doc>Returns a list containing given items.</doc>
<status status="PASS" start="2024-04-01T19:10:54.947053" elapsed="0.000159"/>
</kw>
<for flavor="IN">
<iter>
<kw name="Dictionary Should Contain Key" owner="Collections">
<msg time="2024-04-01T19:10:54.948102" level="INFO">False</msg>
<arg>${json_data['results'][0]['login']}</arg>
<arg>${keyTwo}</arg>
<doc>Fails if ``key`` is not found from ``dictionary``.</doc>
<status status="PASS" start="2024-04-01T19:10:54.947727" elapsed="0.000412"/>
</kw>
<kw name="Dictionary Should Contain Key" owner="Collections">
<msg time="2024-04-01T19:10:54.948815" level="INFO">False</msg>
<arg>${json_data['results'][0]['login']}</arg>
<arg>${keyTwo}</arg>
<doc>Fails if ``key`` is not found from ``dictionary``.</doc>
<status status="PASS" start="2024-04-01T19:10:54.948443" elapsed="0.000409"/>
</kw>
<kw name="Log" owner="BuiltIn">
<msg time="2024-04-01T19:10:54.949265" level="INFO">username</msg>
<arg>${keyTwo}</arg>
<doc>Logs the given message with the given level.</doc>
<status status="PASS" start="2024-04-01T19:10:54.949140" elapsed="0.000162"/>
</kw>
<var name="${keyTwo}">username</var>
<status status="PASS" start="2024-04-01T19:10:54.947615" elapsed="0.001900"/>
</iter>
<iter>
<kw name="Dictionary Should Contain Key" owner="Collections">
<msg time="2024-04-01T19:10:54.950160" level="INFO">False</msg>
<arg>${json_data['results'][0]['login']}</arg>
<arg>${keyTwo}</arg>
<doc>Fails if ``key`` is not found from ``dictionary``.</doc>
<status status="PASS" start="2024-04-01T19:10:54.949792" elapsed="0.000404"/>
</kw>
<kw name="Dictionary Should Contain Key" owner="Collections">
<msg time="2024-04-01T19:10:54.950858" level="INFO">False</msg>
<arg>${json_data['results'][0]['login']}</arg>
<arg>${keyTwo}</arg>
<doc>Fails if ``key`` is not found from ``dictionary``.</doc>
<status status="PASS" start="2024-04-01T19:10:54.950484" elapsed="0.000409"/>
</kw>
<kw name="Log" owner="BuiltIn">
<msg time="2024-04-01T19:10:54.951304" level="INFO">password</msg>
<arg>${keyTwo}</arg>
<doc>Logs the given message with the given level.</doc>
<status status="PASS" start="2024-04-01T19:10:54.951180" elapsed="0.000161"/>
</kw>
<var name="${keyTwo}">password</var>
<status status="PASS" start="2024-04-01T19:10:54.949684" elapsed="0.001898"/>
</iter>
<var>${keyTwo}</var>
<value>@{expected_keysTwo}</value>
<status status="PASS" start="2024-04-01T19:10:54.947465" elapsed="0.004239"/>
</for>
<status status="PASS" start="2024-04-01T19:10:53.906702" elapsed="1.045140"/>
</kw>
<doc>Testa a estrutura da resposta da API.</doc>
<tag>testeEstruturaResposta</tag>
<status status="PASS" start="2024-04-01T19:10:53.906106" elapsed="1.045888"/>
</test>
<test id="s1-s1-t4" name="Validar tipos de dados" line="28">
<kw name="Teste de Tipos de Dados" owner="random-user-service">
<kw name="GET On Session" owner="RequestsLibrary">
<msg time="2024-04-01T19:10:55.432545" level="INFO">GET Request : url=https://randomuser.me/api 
 path_url=/api 
 headers={'User-Agent': 'python-requests/2.31.0', 'Accept-Encoding': 'gzip, deflate', 'Accept': '*/*', 'Connection': 'keep-alive'} 
 body=None 
 </msg>
<msg time="2024-04-01T19:10:55.432631" level="INFO">GET Response : url=https://randomuser.me/api 
 status=200, reason=OK 
 headers={'Date': 'Mon, 01 Apr 2024 19:10:55 GMT', 'Content-Type': 'application/json; charset=utf-8', 'Transfer-Encoding': 'chunked', 'Connection': 'keep-alive', 'X-Powered-By': 'Express', 'Access-Control-Allow-Origin': '*', 'Cache-Control': 'no-cache', 'ETag': 'W/"488-aidFC5at5/JkmFUO1OV94CrI2iY"', 'Vary': 'Accept-Encoding', 'Content-Encoding': 'gzip', 'CF-Cache-Status': 'DYNAMIC', 'Report-To': '{"endpoints":[{"url":"https:\\/\\/a.nel.cloudflare.com\\/report\\/v4?s=ng%2FpaknOKwysfPbcvzBuErFZBxWcN3pXfhLbwnBmCqWae%2BEb4dvnPuMsLabzTs6Pe5o2kqhalB9jeTkEcMaohpXR%2BHCd4vzDKjxLt8gna1rIVoB20AZnFCb9Uoqu7vAv"}],"group":"cf-nel","max_age":604800}', 'NEL': '{"success_fraction":0,"report_to":"cf-nel","max_age":604800}', 'Server': 'cloudflare', 'CF-RAY': '86dae1c97af42231-ORD', 'alt-svc': 'h3=":443"; ma=86400'} 
 body={"results":[{"gender":"male","name":{"title":"Mr","first":"Jamim","last":"Sales"},"location":{"street":{"number":9703,"name":"Rua Dois"},"city":"Blumenau","state":"Amapá","country":"Brazil","postcode":73886,"coordinates":{"latitude":"-78.5156","longitude":"-53.8629"},"timezone":{"offset":"+9:00","description":"Tokyo, Seoul, Osaka, Sapporo, Yakutsk"}},"email":"jamim.sales@example.com","login":{"uuid":"8eef421b-013b-4817-a3a8-df73d08497a6","username":"redleopard886","password":"call","salt":"afmTGdEN","md5":"2e5c6db20401a85b5096c02c2caef949","sha1":"bb64264ac7620d5956a34808669b3e739a0c5f51","sha256":"eef3a093f4e15ed059e7e1d39e339de6d2256767a0fece6701e65ecda6615d46"},"dob":{"date":"1998-07-10T22:19:41.278Z","age":25},"registered":{"date":"2011-07-22T17:03:59.545Z","age":12},"phone":"(80) 5264-6385","cell":"(41) 4549-5335","id":{"name":"CPF","value":"507.446.850-20"},"picture":{"large":"https://randomuser.me/api/portraits/men/22.jpg","medium":"https://randomuser.me/api/portraits/med/men/22.jpg","thumbnail":"https://randomuser.me/api/portraits/thumb/men/22.jpg"},"nat":"BR"}],"info":{"seed":"dbfb5752ef991d78","results":1,"page":1,"version":"1.4"}} 
 </msg>
<msg time="2024-04-01T19:10:55.432703" level="INFO">/opt/hostedtoolcache/Python/3.12.2/x64/lib/python3.12/site-packages/urllib3/connectionpool.py:1103: InsecureRequestWarning: Unverified HTTPS request is being made to host 'randomuser.me'. Adding certificate verification is strongly advised. See: https://urllib3.readthedocs.io/en/latest/advanced-usage.html#tls-warnings
  warnings.warn(</msg>
<msg time="2024-04-01T19:10:55.432816" level="INFO">${response} = &lt;Response [200]&gt;</msg>
<var>${response}</var>
<arg>consultarAPI</arg>
<arg>/api</arg>
<doc>Sends a GET request on a previously created HTTP Session.</doc>
<status status="PASS" start="2024-04-01T19:10:54.954383" elapsed="0.478473"/>
</kw>
<kw name="Set Variable" owner="BuiltIn">
<msg time="2024-04-01T19:10:55.433718" level="INFO">${json_data} = {'results': [{'gender': 'male', 'name': {'title': 'Mr', 'first': 'Jamim', 'last': 'Sales'}, 'location': {'street': {'number': 9703, 'name': 'Rua Dois'}, 'city': 'Blumenau', 'state': 'Amapá', 'country'...</msg>
<var>${json_data}</var>
<arg>${response.json()}</arg>
<doc>Returns the given values which can then be assigned to a variables.</doc>
<status status="PASS" start="2024-04-01T19:10:55.433267" elapsed="0.000480"/>
</kw>
<kw name="Log" owner="BuiltIn">
<msg time="2024-04-01T19:10:55.434210" level="INFO">{'results': [{'gender': 'male', 'name': {'title': 'Mr', 'first': 'Jamim', 'last': 'Sales'}, 'location': {'street': {'number': 9703, 'name': 'Rua Dois'}, 'city': 'Blumenau', 'state': 'Amapá', 'country': 'Brazil', 'postcode': 73886, 'coordinates': {'latitude': '-78.5156', 'longitude': '-53.8629'}, 'timezone': {'offset': '+9:00', 'description': 'Tokyo, Seoul, Osaka, Sapporo, Yakutsk'}}, 'email': 'jamim.sales@example.com', 'login': {'uuid': '8eef421b-013b-4817-a3a8-df73d08497a6', 'username': 'redleopard886', 'password': 'call', 'salt': 'afmTGdEN', 'md5': '2e5c6db20401a85b5096c02c2caef949', 'sha1': 'bb64264ac7620d5956a34808669b3e739a0c5f51', 'sha256': 'eef3a093f4e15ed059e7e1d39e339de6d2256767a0fece6701e65ecda6615d46'}, 'dob': {'date': '1998-07-10T22:19:41.278Z', 'age': 25}, 'registered': {'date': '2011-07-22T17:03:59.545Z', 'age': 12}, 'phone': '(80) 5264-6385', 'cell': '(41) 4549-5335', 'id': {'name': 'CPF', 'value': '507.446.850-20'}, 'picture': {'large': 'https://randomuser.me/api/portraits/men/22.jpg', 'medium': 'https://randomuser.me/api/portraits/med/men/22.jpg', 'thumbnail': 'https://randomuser.me/api/portraits/thumb/men/22.jpg'}, 'nat': 'BR'}], 'info': {'seed': 'dbfb5752ef991d78', 'results': 1, 'page': 1, 'version': '1.4'}}</msg>
<arg>${json_data}</arg>
<doc>Logs the given message with the given level.</doc>
<status status="PASS" start="2024-04-01T19:10:55.434052" elapsed="0.000241"/>
</kw>
<kw name="Should Be String" owner="String">
<arg>${json_data['results'][0]['gender']}</arg>
<doc>Fails if the given ``item`` is not a string.</doc>
<status status="PASS" start="2024-04-01T19:10:55.434593" elapsed="0.000353"/>
</kw>
<kw name="Should Match Regexp" owner="BuiltIn">
<arg>${json_data['results'][0]['email']}</arg>
<arg>^[a-zA-Z0-9._%+-]+@[a-zA-Z0-9.-]+\.[a-zA-Z]{2,}$</arg>
<doc>Fails if ``string`` does not match ``pattern`` as a regular expression.</doc>
<status status="PASS" start="2024-04-01T19:10:55.435136" elapsed="0.000550"/>
</kw>
<kw name="Should Match Regexp" owner="BuiltIn">
<arg>${json_data['results'][0]['dob']['date']}</arg>
<arg>\\d{4}-\\d{2}-\\d{2}T\\d{2}:\\d{2}:\\d{2}\\.\\d{3}Z</arg>
<doc>Fails if ``string`` does not match ``pattern`` as a regular expression.</doc>
<status status="PASS" start="2024-04-01T19:10:55.435886" elapsed="0.000481"/>
</kw>
<kw name="Should Match Regexp" owner="BuiltIn">
<arg>${json_data['results'][0]['registered']['date']}</arg>
<arg>\\d{4}-\\d{2}-\\d{2}T\\d{2}:\\d{2}:\\d{2}\\.\\d{3}Z</arg>
<doc>Fails if ``string`` does not match ``pattern`` as a regular expression.</doc>
<status status="PASS" start="2024-04-01T19:10:55.436559" elapsed="0.000362"/>
</kw>
<kw name="Should Match Regexp" owner="BuiltIn">
<arg>${json_data['results'][0]['picture']['large']}</arg>
<arg>^https?://.*\.(?:png|jpe?g|gif|bmp)$</arg>
<doc>Fails if ``string`` does not match ``pattern`` as a regular expression.</doc>
<status status="PASS" start="2024-04-01T19:10:55.437107" elapsed="0.000453"/>
</kw>
<kw name="Should Match Regexp" owner="BuiltIn">
<arg>${json_data['results'][0]['picture']['medium']}</arg>
<arg>^https?://.*\.(?:png|jpe?g|gif|bmp)$</arg>
<doc>Fails if ``string`` does not match ``pattern`` as a regular expression.</doc>
<status status="PASS" start="2024-04-01T19:10:55.437746" elapsed="0.000352"/>
</kw>
<kw name="Should Match Regexp" owner="BuiltIn">
<arg>${json_data['results'][0]['picture']['thumbnail']}</arg>
<arg>^https?://.*\.(?:png|jpe?g|gif|bmp)$</arg>
<doc>Fails if ``string`` does not match ``pattern`` as a regular expression.</doc>
<status status="PASS" start="2024-04-01T19:10:55.438279" elapsed="0.000342"/>
</kw>
<kw name="Log" owner="BuiltIn">
<msg time="2024-04-01T19:10:55.439123" level="INFO">{'large': 'https://randomuser.me/api/portraits/men/22.jpg', 'medium': 'https://randomuser.me/api/portraits/med/men/22.jpg', 'thumbnail': 'https://randomuser.me/api/portraits/thumb/men/22.jpg'}</msg>
<arg>${json_data['results'][0]['picture']}</arg>
<doc>Logs the given message with the given level.</doc>
<status status="PASS" start="2024-04-01T19:10:55.438800" elapsed="0.000369"/>
</kw>
<status status="PASS" start="2024-04-01T19:10:54.954161" elapsed="0.485292"/>
</kw>
<kw name="Teste de Tipos de Dados - Postcode" owner="random-user-service">
<kw name="GET On Session" owner="RequestsLibrary">
<msg time="2024-04-01T19:10:55.708531" level="INFO">GET Request : url=https://randomuser.me/api 
 path_url=/api 
 headers={'User-Agent': 'python-requests/2.31.0', 'Accept-Encoding': 'gzip, deflate', 'Accept': '*/*', 'Connection': 'keep-alive'} 
 body=None 
 </msg>
<msg time="2024-04-01T19:10:55.708594" level="INFO">GET Response : url=https://randomuser.me/api 
 status=200, reason=OK 
 headers={'Date': 'Mon, 01 Apr 2024 19:10:55 GMT', 'Content-Type': 'application/json; charset=utf-8', 'Transfer-Encoding': 'chunked', 'Connection': 'keep-alive', 'X-Powered-By': 'Express', 'Access-Control-Allow-Origin': '*', 'Cache-Control': 'no-cache', 'ETag': 'W/"4ab-JCBpH+tOuGit9a1Z5/vG3EZLF60"', 'Vary': 'Accept-Encoding', 'Content-Encoding': 'gzip', 'CF-Cache-Status': 'DYNAMIC', 'Report-To': '{"endpoints":[{"url":"https:\\/\\/a.nel.cloudflare.com\\/report\\/v4?s=9XNYmdQnB2%2BIyI2tU5U705qn%2F86cLM0dhZjBfID0Oqkj66TZ2dfq%2Bkydj%2F5XJPxq3R%2Fgb3NWOhCOTfP9DJCUIj3TzEAjy%2FDPr08NHqHiO95ak7tvkvZoPr0SqkKUpeFe"}],"group":"cf-nel","max_age":604800}', 'NEL': '{"success_fraction":0,"report_to":"cf-nel","max_age":604800}', 'Server': 'cloudflare', 'CF-RAY': '86dae1cc7fe92231-ORD', 'alt-svc': 'h3=":443"; ma=86400'} 
 body={"results":[{"gender":"female","name":{"title":"Miss","first":"Milica","last":"Jakšić"},"location":{"street":{"number":3254,"name":"Marte Jorgović "},"city":"Gadžin Han","state":"Kosovska Mitrovica","country":"Serbia","postcode":65721,"coordinates":{"latitude":"58.2298","longitude":"161.9307"},"timezone":{"offset":"+11:00","description":"Magadan, Solomon Islands, New Caledonia"}},"email":"milica.jaksic@example.com","login":{"uuid":"832f5734-9f12-4359-83b3-ab4d3fbb4fbd","username":"brownostrich734","password":"ramrod","salt":"9gkowMdm","md5":"5a2f0bbc21594ae08ac9d7b014fdfaa4","sha1":"9186007be6bfa9a65bc9adafe9ac0da8d1bce7ca","sha256":"0ea5ca8ebd7aeb59d897bbb572a659cf446e46889e7f857f1d58d75ff5295c45"},"dob":{"date":"1962-01-16T17:09:42.093Z","age":62},"registered":{"date":"2018-11-04T03:11:48.318Z","age":5},"phone":"037-7296-873","cell":"063-9410-547","id":{"name":"SID","value":"327729395"},"picture":{"large":"https://randomuser.me/api/portraits/women/23.jpg","medium":"https://randomuser.me/api/portraits/med/women/23.jpg","thumbnail":"https://randomuser.me/api/portraits/thumb/women/23.jpg"},"nat":"RS"}],"info":{"seed":"cc41a4a2bb316ee0","results":1,"page":1,"version":"1.4"}} 
 </msg>
<msg time="2024-04-01T19:10:55.708665" level="INFO">/opt/hostedtoolcache/Python/3.12.2/x64/lib/python3.12/site-packages/urllib3/connectionpool.py:1103: InsecureRequestWarning: Unverified HTTPS request is being made to host 'randomuser.me'. Adding certificate verification is strongly advised. See: https://urllib3.readthedocs.io/en/latest/advanced-usage.html#tls-warnings
  warnings.warn(</msg>
<msg time="2024-04-01T19:10:55.708753" level="INFO">${response} = &lt;Response [200]&gt;</msg>
<var>${response}</var>
<arg>consultarAPI</arg>
<arg>/api</arg>
<doc>Sends a GET request on a previously created HTTP Session.</doc>
<status status="PASS" start="2024-04-01T19:10:55.440018" elapsed="0.268774"/>
</kw>
<kw name="Set Variable" owner="BuiltIn">
<msg time="2024-04-01T19:10:55.709801" level="INFO">${json_data} = {'results': [{'gender': 'female', 'name': {'title': 'Miss', 'first': 'Milica', 'last': 'Jakšić'}, 'location': {'street': {'number': 3254, 'name': 'Marte Jorgović '}, 'city': 'Gadžin Han', 'state': 'Ko...</msg>
<var>${json_data}</var>
<arg>${response.json()}</arg>
<doc>Returns the given values which can then be assigned to a variables.</doc>
<status status="PASS" start="2024-04-01T19:10:55.709248" elapsed="0.000583"/>
</kw>
<kw name="Log" owner="BuiltIn">
<msg time="2024-04-01T19:10:55.710294" level="INFO">{'results': [{'gender': 'female', 'name': {'title': 'Miss', 'first': 'Milica', 'last': 'Jakšić'}, 'location': {'street': {'number': 3254, 'name': 'Marte Jorgović '}, 'city': 'Gadžin Han', 'state': 'Kosovska Mitrovica', 'country': 'Serbia', 'postcode': 65721, 'coordinates': {'latitude': '58.2298', 'longitude': '161.9307'}, 'timezone': {'offset': '+11:00', 'description': 'Magadan, Solomon Islands, New Caledonia'}}, 'email': 'milica.jaksic@example.com', 'login': {'uuid': '832f5734-9f12-4359-83b3-ab4d3fbb4fbd', 'username': 'brownostrich734', 'password': 'ramrod', 'salt': '9gkowMdm', 'md5': '5a2f0bbc21594ae08ac9d7b014fdfaa4', 'sha1': '9186007be6bfa9a65bc9adafe9ac0da8d1bce7ca', 'sha256': '0ea5ca8ebd7aeb59d897bbb572a659cf446e46889e7f857f1d58d75ff5295c45'}, 'dob': {'date': '1962-01-16T17:09:42.093Z', 'age': 62}, 'registered': {'date': '2018-11-04T03:11:48.318Z', 'age': 5}, 'phone': '037-7296-873', 'cell': '063-9410-547', 'id': {'name': 'SID', 'value': '327729395'}, 'picture': {'large': 'https://randomuser.me/api/portraits/women/23.jpg', 'medium': 'https://randomuser.me/api/portraits/med/women/23.jpg', 'thumbnail': 'https://randomuser.me/api/portraits/thumb/women/23.jpg'}, 'nat': 'RS'}], 'info': {'seed': 'cc41a4a2bb316ee0', 'results': 1, 'page': 1, 'version': '1.4'}}</msg>
<arg>${json_data}</arg>
<doc>Logs the given message with the given level.</doc>
<status status="PASS" start="2024-04-01T19:10:55.710138" elapsed="0.000236"/>
</kw>
<kw name="Should Be Equal As Numbers" owner="BuiltIn">
<arg>${json_data['results'][0]['location']['postcode']}</arg>
<arg>${json_data['results'][0]['location']['postcode']}</arg>
<doc>Fails if objects are unequal after converting them to real numbers.</doc>
<status status="PASS" start="2024-04-01T19:10:55.710673" elapsed="0.000612"/>
</kw>
<kw name="Log" owner="BuiltIn">
<msg time="2024-04-01T19:10:55.711858" level="INFO">65721</msg>
<arg>${json_data['results'][0]['location']['postcode']}</arg>
<doc>Logs the given message with the given level.</doc>
<status status="PASS" start="2024-04-01T19:10:55.711512" elapsed="0.000386"/>
</kw>
<status status="PASS" start="2024-04-01T19:10:55.439675" elapsed="0.272474"/>
</kw>
<doc>Testa se os tipos de dados na resposta da API estão corretos.</doc>
<tag>testeTiposDados</tag>
<status status="PASS" start="2024-04-01T19:10:54.953717" elapsed="0.758592"/>
</test>
<test id="s1-s1-t5" name="Validar conteudo" line="35">
<kw name="Teste de Tipos de Conteudo" owner="random-user-service">
<kw name="GET On Session" owner="RequestsLibrary">
<msg time="2024-04-01T19:10:55.822867" level="INFO">GET Request : url=https://randomuser.me/api 
 path_url=/api 
 headers={'User-Agent': 'python-requests/2.31.0', 'Accept-Encoding': 'gzip, deflate', 'Accept': '*/*', 'Connection': 'keep-alive'} 
 body=None 
 </msg>
<msg time="2024-04-01T19:10:55.822951" level="INFO">GET Response : url=https://randomuser.me/api 
 status=200, reason=OK 
 headers={'Date': 'Mon, 01 Apr 2024 19:10:55 GMT', 'Content-Type': 'application/json; charset=utf-8', 'Transfer-Encoding': 'chunked', 'Connection': 'keep-alive', 'X-Powered-By': 'Express', 'Access-Control-Allow-Origin': '*', 'Cache-Control': 'no-cache', 'ETag': 'W/"46f-9zaHsm2Sm1C+NgE1RqWa1LgESY0"', 'Vary': 'Accept-Encoding', 'Content-Encoding': 'gzip', 'CF-Cache-Status': 'DYNAMIC', 'Report-To': '{"endpoints":[{"url":"https:\\/\\/a.nel.cloudflare.com\\/report\\/v4?s=AYz6h4xeda5OqNr9fCIavZgr2X1FJHa7DvuPw%2BHCEGoPsvJTnXsTUJA1wWMrsBfl%2Fm03%2FDD9eJO3AjCAkIy7mlQO34mrF8BHI3ziaHL1szJ0h0WYJmDX3RKw3FwFXadJ"}],"group":"cf-nel","max_age":604800}', 'NEL': '{"success_fraction":0,"report_to":"cf-nel","max_age":604800}', 'Server': 'cloudflare', 'CF-RAY': '86dae1ce3b182231-ORD', 'alt-svc': 'h3=":443"; ma=86400'} 
 body={"results":[{"gender":"male","name":{"title":"Mr","first":"Niclas","last":"Myrseth"},"location":{"street":{"number":593,"name":"Kongshavnveien"},"city":"Ottersøy","state":"Hedmark","country":"Norway","postcode":"4274","coordinates":{"latitude":"43.9289","longitude":"-31.7800"},"timezone":{"offset":"-3:30","description":"Newfoundland"}},"email":"niclas.myrseth@example.com","login":{"uuid":"b950795e-3fea-4cd4-ae4b-6de1fa855517","username":"crazypeacock455","password":"turbo1","salt":"p77OXYsQ","md5":"e9139003fa68d99e348afa78181ed5fb","sha1":"e753c210df0c6425ead8754019c4680b8b6a1b3a","sha256":"a474368229f20af6d87b64aa6ff7f31bd24f214fdb5fd3fb6abc933c204d7111"},"dob":{"date":"1993-11-10T08:09:51.535Z","age":30},"registered":{"date":"2020-06-26T16:17:13.580Z","age":3},"phone":"86533304","cell":"90885849","id":{"name":"FN","value":"10119329545"},"picture":{"large":"https://randomuser.me/api/portraits/men/10.jpg","medium":"https://randomuser.me/api/portraits/med/men/10.jpg","thumbnail":"https://randomuser.me/api/portraits/thumb/men/10.jpg"},"nat":"NO"}],"info":{"seed":"8552a38e20b9c297","results":1,"page":1,"version":"1.4"}} 
 </msg>
<msg time="2024-04-01T19:10:55.823023" level="INFO">/opt/hostedtoolcache/Python/3.12.2/x64/lib/python3.12/site-packages/urllib3/connectionpool.py:1103: InsecureRequestWarning: Unverified HTTPS request is being made to host 'randomuser.me'. Adding certificate verification is strongly advised. See: https://urllib3.readthedocs.io/en/latest/advanced-usage.html#tls-warnings
  warnings.warn(</msg>
<msg time="2024-04-01T19:10:55.823140" level="INFO">${response} = &lt;Response [200]&gt;</msg>
<var>${response}</var>
<arg>consultarAPI</arg>
<arg>/api</arg>
<doc>Sends a GET request on a previously created HTTP Session.</doc>
<status status="PASS" start="2024-04-01T19:10:55.714643" elapsed="0.108537"/>
</kw>
<kw name="Set Variable" owner="BuiltIn">
<msg time="2024-04-01T19:10:55.824175" level="INFO">${json_data} = {'results': [{'gender': 'male', 'name': {'title': 'Mr', 'first': 'Niclas', 'last': 'Myrseth'}, 'location': {'street': {'number': 593, 'name': 'Kongshavnveien'}, 'city': 'Ottersøy', 'state': 'Hedmark',...</msg>
<var>${json_data}</var>
<arg>${response.json()}</arg>
<doc>Returns the given values which can then be assigned to a variables.</doc>
<status status="PASS" start="2024-04-01T19:10:55.823725" elapsed="0.000478"/>
</kw>
<kw name="Set Variable" owner="BuiltIn">
<msg time="2024-04-01T19:10:55.824884" level="INFO">${name_title} = Mr</msg>
<var>${name_title}</var>
<arg>${json_data["results"][0]["name"]["title"]}</arg>
<doc>Returns the given values which can then be assigned to a variables.</doc>
<status status="PASS" start="2024-04-01T19:10:55.824505" elapsed="0.000404"/>
</kw>
<kw name="Create List" owner="BuiltIn">
<msg time="2024-04-01T19:10:55.825351" level="INFO">${allowed_titles} = ['Mr', 'Ms', 'Miss', 'Mrs', 'Madame', 'Monsieur']</msg>
<var>${allowed_titles}</var>
<arg>Mr</arg>
<arg>Ms</arg>
<arg>Miss</arg>
<arg>Mrs</arg>
<arg>Madame</arg>
<arg>Monsieur</arg>
<doc>Returns a list containing given items.</doc>
<status status="PASS" start="2024-04-01T19:10:55.825203" elapsed="0.000173"/>
</kw>
<kw name="List Should Contain Value" owner="Collections">
<msg time="2024-04-01T19:10:55.825840" level="INFO">False</msg>
<arg>${allowed_titles}</arg>
<arg>${name_title}</arg>
<doc>Fails if the ``value`` is not found from ``list``.</doc>
<status status="PASS" start="2024-04-01T19:10:55.825673" elapsed="0.000208"/>
</kw>
<kw name="Set Variable" owner="BuiltIn">
<msg time="2024-04-01T19:10:55.826538" level="INFO">${name_country} = NO</msg>
<var>${name_country}</var>
<arg>${json_data["results"][0]["nat"]}</arg>
<doc>Returns the given values which can then be assigned to a variables.</doc>
<status status="PASS" start="2024-04-01T19:10:55.826164" elapsed="0.000399"/>
</kw>
<kw name="Create List" owner="BuiltIn">
<msg time="2024-04-01T19:10:55.827501" level="INFO">${list_country} = ['AD', 'AE', 'AF', 'AG', 'AI', 'AL', 'AM', 'AO', 'AQ', 'AR', 'AS', 'AT', 'AU', 'AW', 'AX', 'AZ', 'BA', 'BB', 'BD', 'BE', 'BF', 'BG', 'BH', 'BI', 'BJ', 'BL', 'BM', 'BN', 'BO', 'BQ', 'BR', 'BS', 'BT', '...</msg>
<var>${list_country}</var>
<arg>AD</arg>
<arg>AE</arg>
<arg>AF</arg>
<arg>AG</arg>
<arg>AI</arg>
<arg>AL</arg>
<arg>AM</arg>
<arg>AO</arg>
<arg>AQ</arg>
<arg>AR</arg>
<arg>AS</arg>
<arg>AT</arg>
<arg>AU</arg>
<arg>AW</arg>
<arg>AX</arg>
<arg>AZ</arg>
<arg>BA</arg>
<arg>BB</arg>
<arg>BD</arg>
<arg>BE</arg>
<arg>BF</arg>
<arg>BG</arg>
<arg>BH</arg>
<arg>BI</arg>
<arg>BJ</arg>
<arg>BL</arg>
<arg>BM</arg>
<arg>BN</arg>
<arg>BO</arg>
<arg>BQ</arg>
<arg>BR</arg>
<arg>BS</arg>
<arg>BT</arg>
<arg>BV</arg>
<arg>BW</arg>
<arg>BY</arg>
<arg>BZ</arg>
<arg>CA</arg>
<arg>CC</arg>
<arg>CD</arg>
<arg>CF</arg>
<arg>CG</arg>
<arg>CH</arg>
<arg>CI</arg>
<arg>CK</arg>
<arg>CL</arg>
<arg>CM</arg>
<arg>CN</arg>
<arg>CO</arg>
<arg>CR</arg>
<arg>CU</arg>
<arg>CV</arg>
<arg>CW</arg>
<arg>CX</arg>
<arg>CY</arg>
<arg>CZ</arg>
<arg>DE</arg>
<arg>DJ</arg>
<arg>DK</arg>
<arg>DM</arg>
<arg>DO</arg>
<arg>DZ</arg>
<arg>EC</arg>
<arg>EE</arg>
<arg>EG</arg>
<arg>EH</arg>
<arg>ER</arg>
<arg>ES</arg>
<arg>ET</arg>
<arg>FI</arg>
<arg>FJ</arg>
<arg>FK</arg>
<arg>FM</arg>
<arg>FO</arg>
<arg>FR</arg>
<arg>GA</arg>
<arg>GB</arg>
<arg>GD</arg>
<arg>GE</arg>
<arg>GF</arg>
<arg>GG</arg>
<arg>GH</arg>
<arg>GI</arg>
<arg>GL</arg>
<arg>GM</arg>
<arg>GN</arg>
<arg>GP</arg>
<arg>GQ</arg>
<arg>GR</arg>
<arg>GS</arg>
<arg>GT</arg>
<arg>GU</arg>
<arg>GW</arg>
<arg>GY</arg>
<arg>HK</arg>
<arg>HM</arg>
<arg>HN</arg>
<arg>HR</arg>
<arg>HT</arg>
<arg>HU</arg>
<arg>ID</arg>
<arg>IE</arg>
<arg>IL</arg>
<arg>IM</arg>
<arg>IN</arg>
<arg>IO</arg>
<arg>IQ</arg>
<arg>IR</arg>
<arg>IS</arg>
<arg>IT</arg>
<arg>JE</arg>
<arg>JM</arg>
<arg>JO</arg>
<arg>JP</arg>
<arg>KE</arg>
<arg>KG</arg>
<arg>KH</arg>
<arg>KI</arg>
<arg>KM</arg>
<arg>KN</arg>
<arg>KP</arg>
<arg>KR</arg>
<arg>KW</arg>
<arg>KY</arg>
<arg>KZ</arg>
<arg>LA</arg>
<arg>LB</arg>
<arg>LC</arg>
<arg>LI</arg>
<arg>LK</arg>
<arg>LR</arg>
<arg>LS</arg>
<arg>LT</arg>
<arg>LU</arg>
<arg>LV</arg>
<arg>LY</arg>
<arg>MA</arg>
<arg>MC</arg>
<arg>MD</arg>
<arg>ME</arg>
<arg>MF</arg>
<arg>MG</arg>
<arg>MH</arg>
<arg>MK</arg>
<arg>ML</arg>
<arg>MM</arg>
<arg>MN</arg>
<arg>MO</arg>
<arg>MP</arg>
<arg>MQ</arg>
<arg>MR</arg>
<arg>MS</arg>
<arg>MT</arg>
<arg>MU</arg>
<arg>MV</arg>
<arg>MW</arg>
<arg>MX</arg>
<arg>MY</arg>
<arg>MZ</arg>
<arg>NA</arg>
<arg>NC</arg>
<arg>NE</arg>
<arg>NF</arg>
<arg>NG</arg>
<arg>NI</arg>
<arg>NL</arg>
<arg>NO</arg>
<arg>NP</arg>
<arg>NR</arg>
<arg>NU</arg>
<arg>NZ</arg>
<arg>OM</arg>
<arg>PA</arg>
<arg>PE</arg>
<arg>PF</arg>
<arg>PG</arg>
<arg>PH</arg>
<arg>PK</arg>
<arg>PL</arg>
<arg>PM</arg>
<arg>PN</arg>
<arg>PR</arg>
<arg>PS</arg>
<arg>PT</arg>
<arg>PW</arg>
<arg>PY</arg>
<arg>QA</arg>
<arg>RE</arg>
<arg>RO</arg>
<arg>RS</arg>
<arg>RU</arg>
<arg>RW</arg>
<arg>SA</arg>
<arg>SB</arg>
<arg>SC</arg>
<arg>SD</arg>
<arg>SE</arg>
<arg>SG</arg>
<arg>SH</arg>
<arg>SI</arg>
<arg>SJ</arg>
<arg>SK</arg>
<arg>SL</arg>
<arg>SM</arg>
<arg>SN</arg>
<arg>SO</arg>
<arg>SR</arg>
<arg>SS</arg>
<arg>ST</arg>
<arg>SV</arg>
<arg>SX</arg>
<arg>SY</arg>
<arg>SZ</arg>
<arg>TC</arg>
<arg>TD</arg>
<arg>TF</arg>
<arg>TG</arg>
<arg>TH</arg>
<arg>TJ</arg>
<arg>TK</arg>
<arg>TL</arg>
<arg>TM</arg>
<arg>TN</arg>
<arg>TO</arg>
<arg>TR</arg>
<arg>TT</arg>
<arg>TV</arg>
<arg>TW</arg>
<arg>TZ</arg>
<arg>UA</arg>
<arg>UG</arg>
<arg>UM</arg>
<arg>US</arg>
<arg>UY</arg>
<arg>UZ</arg>
<arg>VA</arg>
<arg>VC</arg>
<arg>VE</arg>
<arg>VG</arg>
<arg>VI</arg>
<arg>VN</arg>
<arg>VU</arg>
<arg>WF</arg>
<arg>WS</arg>
<arg>XK</arg>
<arg>YE</arg>
<arg>YT</arg>
<arg>ZA</arg>
<arg>ZM</arg>
<arg>ZW</arg>
<doc>Returns a list containing given items.</doc>
<status status="PASS" start="2024-04-01T19:10:55.826866" elapsed="0.000665"/>
</kw>
<kw name="List Should Contain Value" owner="Collections">
<msg time="2024-04-01T19:10:55.828628" level="INFO">False</msg>
<arg>${list_country}</arg>
<arg>${name_country}</arg>
<doc>Fails if the ``value`` is not found from ``list``.</doc>
<status status="PASS" start="2024-04-01T19:10:55.828422" elapsed="0.000243"/>
</kw>
<kw name="Run Keyword If" owner="BuiltIn">
<kw name="Should Be True" owner="BuiltIn">
<arg>${True}</arg>
<doc>Fails if the given condition is not true.</doc>
<status status="PASS" start="2024-04-01T19:10:55.829711" elapsed="0.000143"/>
</kw>
<arg>${json_data["results"][0]["location"]["coordinates"]["latitude"]} &gt;= -90 and ${json_data["results"][0]["location"]["coordinates"]["latitude"]} &lt;= 90</arg>
<arg>Should Be True</arg>
<arg>${True}</arg>
<doc>Runs the given keyword with the given arguments, if ``condition`` is true.</doc>
<status status="PASS" start="2024-04-01T19:10:55.828972" elapsed="0.001010"/>
</kw>
<kw name="Run Keyword If" owner="BuiltIn">
<kw name="Should Be True" owner="BuiltIn">
<arg>${True}</arg>
<doc>Fails if the given condition is not true.</doc>
<status status="PASS" start="2024-04-01T19:10:55.830864" elapsed="0.000136"/>
</kw>
<arg>${json_data["results"][0]["location"]["coordinates"]["longitude"]} &gt;= -180 and ${json_data["results"][0]["location"]["coordinates"]["longitude"]} &lt;= 180</arg>
<arg>Should Be True</arg>
<arg>${True}</arg>
<doc>Runs the given keyword with the given arguments, if ``condition`` is true.</doc>
<status status="PASS" start="2024-04-01T19:10:55.830167" elapsed="0.000957"/>
</kw>
<status status="PASS" start="2024-04-01T19:10:55.714419" elapsed="0.116833"/>
</kw>
<doc>Testa o conteúdo específico dos campos retornados pela API.</doc>
<tag>testeConteudo</tag>
<status status="PASS" start="2024-04-01T19:10:55.714006" elapsed="0.117388"/>
</test>
<status status="PASS" start="2024-04-01T19:10:53.352982" elapsed="2.480296"/>
</suite>
<status status="PASS" start="2024-04-01T19:10:53.339590" elapsed="2.498956"/>
</suite>
<statistics>
<total>
<stat pass="5" fail="0" skip="0">All Tests</stat>
</total>
<tag>
<stat pass="1" fail="0" skip="0">testeConteudo</stat>
<stat pass="1" fail="0" skip="0">testeEstruturaResposta</stat>
<stat pass="1" fail="0" skip="0">testeRequisicaoBasica</stat>
<stat pass="1" fail="0" skip="0">testeTiposDados</stat>
</tag>
<suite>
<stat pass="5" fail="0" skip="0" id="s1" name="Tests">Tests</stat>
<stat pass="5" fail="0" skip="0" id="s1-s1" name="Random-User-Test">Tests.Random-User-Test</stat>
</suite>
</statistics>
<errors>
</errors>
</robot>
