<?xml version="1.0" encoding="UTF-8"?>
<robot generator="Robot 7.0.1 (Python 3.12.4 on linux)" generated="2024-08-04T15:15:41.989710" rpa="false" schemaversion="5">
<suite id="s1" name="Tests" source="/home/runner/work/ApiRandomUser/ApiRandomUser/RamdonUser/tests">
<suite id="s1-s1" name="Random-User-Test" source="/home/runner/work/ApiRandomUser/ApiRandomUser/RamdonUser/tests/random-user-test.robot">
<test id="s1-s1-t1" name="Conectar" line="13">
<kw name="Conectar API" owner="random-user-service">
<kw name="Create Session" owner="RequestsLibrary">
<msg time="2024-08-04T15:15:42.414563" level="INFO">Creating Session using : alias=consultarAPI, url=https://randomuser.me/, headers={},                     cookies={}, auth=None, timeout=None, proxies=None, verify=False,                     debug=0 </msg>
<arg>consultarAPI</arg>
<arg>${URL}</arg>
<doc>Create Session: create a HTTP session to a server</doc>
<status status="PASS" start="2024-08-04T15:15:42.414322" elapsed="0.000657"/>
</kw>
<status status="PASS" start="2024-08-04T15:15:42.412661" elapsed="0.002803"/>
</kw>
<status status="PASS" start="2024-08-04T15:15:42.412016" elapsed="0.003662"/>
</test>
<test id="s1-s1-t2" name="Validar retorno 200 e JSON Válido" line="16">
<kw name="Teste de Requisicao Basica" owner="random-user-service">
<kw name="GET On Session" owner="RequestsLibrary">
<msg time="2024-08-04T15:15:42.508366" level="INFO">GET Request : url=https://randomuser.me/api 
 path_url=/api 
 headers={'User-Agent': 'python-requests/2.32.3', 'Accept-Encoding': 'gzip, deflate', 'Accept': '*/*', 'Connection': 'keep-alive'} 
 body=None 
 </msg>
<msg time="2024-08-04T15:15:42.508592" level="INFO">GET Response : url=https://randomuser.me/api 
 status=200, reason=OK 
 headers={'Date': 'Sun, 04 Aug 2024 15:15:42 GMT', 'Content-Type': 'application/json; charset=utf-8', 'Transfer-Encoding': 'chunked', 'Connection': 'keep-alive', 'X-Powered-By': 'Express', 'Access-Control-Allow-Origin': '*', 'Cache-Control': 'no-cache', 'ETag': 'W/"498-mpgvnVE/Ii43UYi37K6AELZrHXI"', 'Vary': 'Accept-Encoding', 'Content-Encoding': 'gzip', 'CF-Cache-Status': 'DYNAMIC', 'Report-To': '{"endpoints":[{"url":"https:\\/\\/a.nel.cloudflare.com\\/report\\/v4?s=3DKkQnDqLrXTMtYpyASjPP3yKvWfNmCwMx2ifsFXB%2B74H3ULT5ekEeiUI7Cqpilaiqc8ExQgy2IB8%2BNiviUPiuf31gvC2KM3KRUNn0MS5bLr4IQy%2FZTOSKOgzKSIpyKV"}],"group":"cf-nel","max_age":604800}', 'NEL': '{"success_fraction":0,"report_to":"cf-nel","max_age":604800}', 'Server': 'cloudflare', 'CF-RAY': '8adf811e5802608d-ORD', 'alt-svc': 'h3=":443"; ma=86400'} 
 body={"results":[{"gender":"female","name":{"title":"Ms","first":"Evelyn","last":"Hudson"},"location":{"street":{"number":1793,"name":"Ranchview Dr"},"city":"Sydney","state":"South Australia","country":"Australia","postcode":8237,"coordinates":{"latitude":"-82.8458","longitude":"68.0329"},"timezone":{"offset":"-3:00","description":"Brazil, Buenos Aires, Georgetown"}},"email":"evelyn.hudson@example.com","login":{"uuid":"57b52bc8-09c4-476e-8900-1ed24bf772d4","username":"angrybutterfly898","password":"3x7pxr","salt":"IWqCz5HK","md5":"3c098fb923645d88929035cf353fedf6","sha1":"b273f078f3be2516725d128e0f07089520e41bb6","sha256":"bdeaae20fcabea3f3735970735050238eddb19cfc8c35bbc27656dc1c5f2ef81"},"dob":{"date":"1992-07-17T04:19:54.595Z","age":32},"registered":{"date":"2005-03-02T19:10:11.763Z","age":19},"phone":"07-9441-8244","cell":"0480-740-947","id":{"name":"TFN","value":"228494289"},"picture":{"large":"https://randomuser.me/api/portraits/women/29.jpg","medium":"https://randomuser.me/api/portraits/med/women/29.jpg","thumbnail":"https://randomuser.me/api/portraits/thumb/women/29.jpg"},"nat":"AU"}],"info":{"seed":"53d37201290c10a9","results":1,"page":1,"version":"1.4"}} 
 </msg>
<msg time="2024-08-04T15:15:42.508683" level="INFO">/opt/hostedtoolcache/Python/3.12.4/x64/lib/python3.12/site-packages/urllib3/connectionpool.py:1099: InsecureRequestWarning: Unverified HTTPS request is being made to host 'randomuser.me'. Adding certificate verification is strongly advised. See: https://urllib3.readthedocs.io/en/latest/advanced-usage.html#tls-warnings
  warnings.warn(</msg>
<msg time="2024-08-04T15:15:42.508840" level="INFO">${response} = &lt;Response [200]&gt;</msg>
<var>${response}</var>
<arg>consultarAPI</arg>
<arg>/api</arg>
<doc>Sends a GET request on a previously created HTTP Session.</doc>
<status status="PASS" start="2024-08-04T15:15:42.418768" elapsed="0.090116"/>
</kw>
<kw name="Should Be Equal As Numbers" owner="BuiltIn">
<msg time="2024-08-04T15:15:42.510123" level="INFO">Argument types are:
&lt;class 'int'&gt;
&lt;class 'str'&gt;</msg>
<arg>${response.status_code}</arg>
<arg>200</arg>
<doc>Fails if objects are unequal after converting them to real numbers.</doc>
<status status="PASS" start="2024-08-04T15:15:42.509635" elapsed="0.000559"/>
</kw>
<kw name="Log" owner="BuiltIn">
<msg time="2024-08-04T15:15:42.510955" level="INFO">200</msg>
<arg>${response.status_code}</arg>
<doc>Logs the given message with the given level.</doc>
<status status="PASS" start="2024-08-04T15:15:42.510554" elapsed="0.000445"/>
</kw>
<kw name="Set Variable" owner="BuiltIn">
<msg time="2024-08-04T15:15:42.511869" level="INFO">${json_data} = {'results': [{'gender': 'female', 'name': {'title': 'Ms', 'first': 'Evelyn', 'last': 'Hudson'}, 'location': {'street': {'number': 1793, 'name': 'Ranchview Dr'}, 'city': 'Sydney', 'state': 'South Austr...</msg>
<var>${json_data}</var>
<arg>${response.json()}</arg>
<doc>Returns the given values which can then be assigned to a variables.</doc>
<status status="PASS" start="2024-08-04T15:15:42.511324" elapsed="0.000640"/>
</kw>
<kw name="Dictionary Should Contain Key" owner="Collections">
<arg>${json_data}</arg>
<arg>results</arg>
<doc>Fails if ``key`` is not found from ``dictionary``.</doc>
<status status="PASS" start="2024-08-04T15:15:42.512370" elapsed="0.000359"/>
</kw>
<status status="PASS" start="2024-08-04T15:15:42.418466" elapsed="0.094425"/>
</kw>
<doc>Testa se a API responde corretamente e retorna um objeto JSON válido.</doc>
<tag>testeRequisicaoBasica</tag>
<status status="PASS" start="2024-08-04T15:15:42.417786" elapsed="0.095289"/>
</test>
<test id="s1-s1-t3" name="Validar estrutura de resposta" line="22">
<kw name="Teste de Estrutura de Resposta" owner="random-user-service">
<kw name="GET On Session" owner="RequestsLibrary">
<msg time="2024-08-04T15:15:42.603074" level="INFO">GET Request : url=https://randomuser.me/api 
 path_url=/api 
 headers={'User-Agent': 'python-requests/2.32.3', 'Accept-Encoding': 'gzip, deflate', 'Accept': '*/*', 'Connection': 'keep-alive'} 
 body=None 
 </msg>
<msg time="2024-08-04T15:15:42.603191" level="INFO">GET Response : url=https://randomuser.me/api 
 status=200, reason=OK 
 headers={'Date': 'Sun, 04 Aug 2024 15:15:42 GMT', 'Content-Type': 'application/json; charset=utf-8', 'Transfer-Encoding': 'chunked', 'Connection': 'keep-alive', 'X-Powered-By': 'Express', 'Access-Control-Allow-Origin': '*', 'Cache-Control': 'no-cache', 'ETag': 'W/"4a1-3zqxsBmMhecT5v0yziCwXfolivA"', 'Vary': 'Accept-Encoding', 'Content-Encoding': 'gzip', 'CF-Cache-Status': 'DYNAMIC', 'Report-To': '{"endpoints":[{"url":"https:\\/\\/a.nel.cloudflare.com\\/report\\/v4?s=zCRqT4hZs%2BcjXgHV9iLoMX7lmWeIDhugN%2B9JIhXxXfF4ARHO%2Fxl%2BhDlU0FFCibpmpQGl2a611ZgGRQXI0sLggFLLG%2B3T1GFb2UEFuyTsm1EizqzSsoMhkxqtVQbMMx1g"}],"group":"cf-nel","max_age":604800}', 'NEL': '{"success_fraction":0,"report_to":"cf-nel","max_age":604800}', 'Server': 'cloudflare', 'CF-RAY': '8adf811eb873608d-ORD', 'alt-svc': 'h3=":443"; ma=86400'} 
 body={"results":[{"gender":"female","name":{"title":"Mrs","first":"Lohana","last":"Almeida"},"location":{"street":{"number":7173,"name":"Rua São Paulo "},"city":"Poços de Caldas","state":"Acre","country":"Brazil","postcode":68430,"coordinates":{"latitude":"-79.7932","longitude":"155.1435"},"timezone":{"offset":"+4:00","description":"Abu Dhabi, Muscat, Baku, Tbilisi"}},"email":"lohana.almeida@example.com","login":{"uuid":"9079bcb0-a4b3-4818-8162-ae4646e6e2cd","username":"blackmouse911","password":"helene","salt":"sTmGfIXf","md5":"f91a8f9bd4002c8b2977b74faa4cb63a","sha1":"fbc1f3ae611e16c93d6fde12858d94f36e444564","sha256":"def5fc2991e7fa70cca4fa63660231d8d543159c02e313dc52206bcabadd96a0"},"dob":{"date":"1962-05-01T16:01:51.539Z","age":62},"registered":{"date":"2010-02-21T23:51:02.336Z","age":14},"phone":"(38) 3917-8558","cell":"(29) 5199-7059","id":{"name":"CPF","value":"150.134.833-41"},"picture":{"large":"https://randomuser.me/api/portraits/women/29.jpg","medium":"https://randomuser.me/api/portraits/med/women/29.jpg","thumbnail":"https://randomuser.me/api/portraits/thumb/women/29.jpg"},"nat":"BR"}],"info":{"seed":"d3473d102d9c82a2","results":1,"page":1,"version":"1.4"}} 
 </msg>
<msg time="2024-08-04T15:15:42.603331" level="INFO">/opt/hostedtoolcache/Python/3.12.4/x64/lib/python3.12/site-packages/urllib3/connectionpool.py:1099: InsecureRequestWarning: Unverified HTTPS request is being made to host 'randomuser.me'. Adding certificate verification is strongly advised. See: https://urllib3.readthedocs.io/en/latest/advanced-usage.html#tls-warnings
  warnings.warn(</msg>
<msg time="2024-08-04T15:15:42.603483" level="INFO">${response} = &lt;Response [200]&gt;</msg>
<var>${response}</var>
<arg>consultarAPI</arg>
<arg>/api</arg>
<doc>Sends a GET request on a previously created HTTP Session.</doc>
<status status="PASS" start="2024-08-04T15:15:42.516390" elapsed="0.087258"/>
</kw>
<kw name="Set Variable" owner="BuiltIn">
<msg time="2024-08-04T15:15:42.605309" level="INFO">${json_data} = {'results': [{'gender': 'female', 'name': {'title': 'Mrs', 'first': 'Lohana', 'last': 'Almeida'}, 'location': {'street': {'number': 7173, 'name': 'Rua São Paulo '}, 'city': 'Poços de Caldas', 'state':...</msg>
<var>${json_data}</var>
<arg>${response.json()}</arg>
<doc>Returns the given values which can then be assigned to a variables.</doc>
<status status="PASS" start="2024-08-04T15:15:42.604423" elapsed="0.000927"/>
</kw>
<kw name="Log" owner="BuiltIn">
<msg time="2024-08-04T15:15:42.605960" level="INFO">{'results': [{'gender': 'female', 'name': {'title': 'Mrs', 'first': 'Lohana', 'last': 'Almeida'}, 'location': {'street': {'number': 7173, 'name': 'Rua São Paulo '}, 'city': 'Poços de Caldas', 'state': 'Acre', 'country': 'Brazil', 'postcode': 68430, 'coordinates': {'latitude': '-79.7932', 'longitude': '155.1435'}, 'timezone': {'offset': '+4:00', 'description': 'Abu Dhabi, Muscat, Baku, Tbilisi'}}, 'email': 'lohana.almeida@example.com', 'login': {'uuid': '9079bcb0-a4b3-4818-8162-ae4646e6e2cd', 'username': 'blackmouse911', 'password': 'helene', 'salt': 'sTmGfIXf', 'md5': 'f91a8f9bd4002c8b2977b74faa4cb63a', 'sha1': 'fbc1f3ae611e16c93d6fde12858d94f36e444564', 'sha256': 'def5fc2991e7fa70cca4fa63660231d8d543159c02e313dc52206bcabadd96a0'}, 'dob': {'date': '1962-05-01T16:01:51.539Z', 'age': 62}, 'registered': {'date': '2010-02-21T23:51:02.336Z', 'age': 14}, 'phone': '(38) 3917-8558', 'cell': '(29) 5199-7059', 'id': {'name': 'CPF', 'value': '150.134.833-41'}, 'picture': {'large': 'https://randomuser.me/api/portraits/women/29.jpg', 'medium': 'https://randomuser.me/api/portraits/med/women/29.jpg', 'thumbnail': 'https://randomuser.me/api/portraits/thumb/women/29.jpg'}, 'nat': 'BR'}], 'info': {'seed': 'd3473d102d9c82a2', 'results': 1, 'page': 1, 'version': '1.4'}}</msg>
<arg>${json_data}</arg>
<doc>Logs the given message with the given level.</doc>
<status status="PASS" start="2024-08-04T15:15:42.605678" elapsed="0.000446"/>
</kw>
<kw name="Dictionary Should Contain Key" owner="Collections">
<arg>${json_data}</arg>
<arg>results</arg>
<doc>Fails if ``key`` is not found from ``dictionary``.</doc>
<status status="PASS" start="2024-08-04T15:15:42.606584" elapsed="0.000210"/>
</kw>
<kw name="Should Not Be Empty" owner="BuiltIn">
<msg time="2024-08-04T15:15:42.607120" level="INFO">Length is 2.</msg>
<arg>${json_data}</arg>
<doc>Verifies that the given item is not empty.</doc>
<status status="PASS" start="2024-08-04T15:15:42.606988" elapsed="0.000171"/>
</kw>
<kw name="Create List" owner="BuiltIn">
<msg time="2024-08-04T15:15:42.607690" level="INFO">${expected_keys} = ['gender', 'name', 'location', 'email', 'login']</msg>
<var>${expected_keys}</var>
<arg>gender</arg>
<arg>name</arg>
<arg>location</arg>
<arg>email</arg>
<arg>login</arg>
<doc>Returns a list containing given items.</doc>
<status status="PASS" start="2024-08-04T15:15:42.607455" elapsed="0.000263"/>
</kw>
<for flavor="IN">
<iter>
<kw name="Dictionary Should Contain Key" owner="Collections">
<arg>${json_data['results'][0]}</arg>
<arg>${key}</arg>
<doc>Fails if ``key`` is not found from ``dictionary``.</doc>
<status status="PASS" start="2024-08-04T15:15:42.608394" elapsed="0.000417"/>
</kw>
<kw name="Log" owner="BuiltIn">
<msg time="2024-08-04T15:15:42.609449" level="INFO">{'gender': 'female', 'name': {'title': 'Mrs', 'first': 'Lohana', 'last': 'Almeida'}, 'location': {'street': {'number': 7173, 'name': 'Rua São Paulo '}, 'city': 'Poços de Caldas', 'state': 'Acre', 'country': 'Brazil', 'postcode': 68430, 'coordinates': {'latitude': '-79.7932', 'longitude': '155.1435'}, 'timezone': {'offset': '+4:00', 'description': 'Abu Dhabi, Muscat, Baku, Tbilisi'}}, 'email': 'lohana.almeida@example.com', 'login': {'uuid': '9079bcb0-a4b3-4818-8162-ae4646e6e2cd', 'username': 'blackmouse911', 'password': 'helene', 'salt': 'sTmGfIXf', 'md5': 'f91a8f9bd4002c8b2977b74faa4cb63a', 'sha1': 'fbc1f3ae611e16c93d6fde12858d94f36e444564', 'sha256': 'def5fc2991e7fa70cca4fa63660231d8d543159c02e313dc52206bcabadd96a0'}, 'dob': {'date': '1962-05-01T16:01:51.539Z', 'age': 62}, 'registered': {'date': '2010-02-21T23:51:02.336Z', 'age': 14}, 'phone': '(38) 3917-8558', 'cell': '(29) 5199-7059', 'id': {'name': 'CPF', 'value': '150.134.833-41'}, 'picture': {'large': 'https://randomuser.me/api/portraits/women/29.jpg', 'medium': 'https://randomuser.me/api/portraits/med/women/29.jpg', 'thumbnail': 'https://randomuser.me/api/portraits/thumb/women/29.jpg'}, 'nat': 'BR'}</msg>
<arg>${json_data['results'][0]}</arg>
<doc>Logs the given message with the given level.</doc>
<status status="PASS" start="2024-08-04T15:15:42.609066" elapsed="0.000437"/>
</kw>
<kw name="Log" owner="BuiltIn">
<msg time="2024-08-04T15:15:42.609951" level="INFO">gender</msg>
<arg>${key}</arg>
<doc>Logs the given message with the given level.</doc>
<status status="PASS" start="2024-08-04T15:15:42.609816" elapsed="0.000176"/>
</kw>
<var name="${key}">gender</var>
<status status="PASS" start="2024-08-04T15:15:42.608266" elapsed="0.001997"/>
</iter>
<iter>
<kw name="Dictionary Should Contain Key" owner="Collections">
<arg>${json_data['results'][0]}</arg>
<arg>${key}</arg>
<doc>Fails if ``key`` is not found from ``dictionary``.</doc>
<status status="PASS" start="2024-08-04T15:15:42.610736" elapsed="0.000612"/>
</kw>
<kw name="Log" owner="BuiltIn">
<msg time="2024-08-04T15:15:42.612019" level="INFO">{'gender': 'female', 'name': {'title': 'Mrs', 'first': 'Lohana', 'last': 'Almeida'}, 'location': {'street': {'number': 7173, 'name': 'Rua São Paulo '}, 'city': 'Poços de Caldas', 'state': 'Acre', 'country': 'Brazil', 'postcode': 68430, 'coordinates': {'latitude': '-79.7932', 'longitude': '155.1435'}, 'timezone': {'offset': '+4:00', 'description': 'Abu Dhabi, Muscat, Baku, Tbilisi'}}, 'email': 'lohana.almeida@example.com', 'login': {'uuid': '9079bcb0-a4b3-4818-8162-ae4646e6e2cd', 'username': 'blackmouse911', 'password': 'helene', 'salt': 'sTmGfIXf', 'md5': 'f91a8f9bd4002c8b2977b74faa4cb63a', 'sha1': 'fbc1f3ae611e16c93d6fde12858d94f36e444564', 'sha256': 'def5fc2991e7fa70cca4fa63660231d8d543159c02e313dc52206bcabadd96a0'}, 'dob': {'date': '1962-05-01T16:01:51.539Z', 'age': 62}, 'registered': {'date': '2010-02-21T23:51:02.336Z', 'age': 14}, 'phone': '(38) 3917-8558', 'cell': '(29) 5199-7059', 'id': {'name': 'CPF', 'value': '150.134.833-41'}, 'picture': {'large': 'https://randomuser.me/api/portraits/women/29.jpg', 'medium': 'https://randomuser.me/api/portraits/med/women/29.jpg', 'thumbnail': 'https://randomuser.me/api/portraits/thumb/women/29.jpg'}, 'nat': 'BR'}</msg>
<arg>${json_data['results'][0]}</arg>
<doc>Logs the given message with the given level.</doc>
<status status="PASS" start="2024-08-04T15:15:42.611606" elapsed="0.000465"/>
</kw>
<kw name="Log" owner="BuiltIn">
<msg time="2024-08-04T15:15:42.612741" level="INFO">name</msg>
<arg>${key}</arg>
<doc>Logs the given message with the given level.</doc>
<status status="PASS" start="2024-08-04T15:15:42.612501" elapsed="0.000288"/>
</kw>
<var name="${key}">name</var>
<status status="PASS" start="2024-08-04T15:15:42.610495" elapsed="0.002532"/>
</iter>
<iter>
<kw name="Dictionary Should Contain Key" owner="Collections">
<arg>${json_data['results'][0]}</arg>
<arg>${key}</arg>
<doc>Fails if ``key`` is not found from ``dictionary``.</doc>
<status status="PASS" start="2024-08-04T15:15:42.613320" elapsed="0.000567"/>
</kw>
<kw name="Log" owner="BuiltIn">
<msg time="2024-08-04T15:15:42.614504" level="INFO">{'gender': 'female', 'name': {'title': 'Mrs', 'first': 'Lohana', 'last': 'Almeida'}, 'location': {'street': {'number': 7173, 'name': 'Rua São Paulo '}, 'city': 'Poços de Caldas', 'state': 'Acre', 'country': 'Brazil', 'postcode': 68430, 'coordinates': {'latitude': '-79.7932', 'longitude': '155.1435'}, 'timezone': {'offset': '+4:00', 'description': 'Abu Dhabi, Muscat, Baku, Tbilisi'}}, 'email': 'lohana.almeida@example.com', 'login': {'uuid': '9079bcb0-a4b3-4818-8162-ae4646e6e2cd', 'username': 'blackmouse911', 'password': 'helene', 'salt': 'sTmGfIXf', 'md5': 'f91a8f9bd4002c8b2977b74faa4cb63a', 'sha1': 'fbc1f3ae611e16c93d6fde12858d94f36e444564', 'sha256': 'def5fc2991e7fa70cca4fa63660231d8d543159c02e313dc52206bcabadd96a0'}, 'dob': {'date': '1962-05-01T16:01:51.539Z', 'age': 62}, 'registered': {'date': '2010-02-21T23:51:02.336Z', 'age': 14}, 'phone': '(38) 3917-8558', 'cell': '(29) 5199-7059', 'id': {'name': 'CPF', 'value': '150.134.833-41'}, 'picture': {'large': 'https://randomuser.me/api/portraits/women/29.jpg', 'medium': 'https://randomuser.me/api/portraits/med/women/29.jpg', 'thumbnail': 'https://randomuser.me/api/portraits/thumb/women/29.jpg'}, 'nat': 'BR'}</msg>
<arg>${json_data['results'][0]}</arg>
<doc>Logs the given message with the given level.</doc>
<status status="PASS" start="2024-08-04T15:15:42.614142" elapsed="0.000413"/>
</kw>
<kw name="Log" owner="BuiltIn">
<msg time="2024-08-04T15:15:42.615113" level="INFO">location</msg>
<arg>${key}</arg>
<doc>Logs the given message with the given level.</doc>
<status status="PASS" start="2024-08-04T15:15:42.614960" elapsed="0.000194"/>
</kw>
<var name="${key}">location</var>
<status status="PASS" start="2024-08-04T15:15:42.613208" elapsed="0.002244"/>
</iter>
<iter>
<kw name="Dictionary Should Contain Key" owner="Collections">
<arg>${json_data['results'][0]}</arg>
<arg>${key}</arg>
<doc>Fails if ``key`` is not found from ``dictionary``.</doc>
<status status="PASS" start="2024-08-04T15:15:42.615930" elapsed="0.000402"/>
</kw>
<kw name="Log" owner="BuiltIn">
<msg time="2024-08-04T15:15:42.617297" level="INFO">{'gender': 'female', 'name': {'title': 'Mrs', 'first': 'Lohana', 'last': 'Almeida'}, 'location': {'street': {'number': 7173, 'name': 'Rua São Paulo '}, 'city': 'Poços de Caldas', 'state': 'Acre', 'country': 'Brazil', 'postcode': 68430, 'coordinates': {'latitude': '-79.7932', 'longitude': '155.1435'}, 'timezone': {'offset': '+4:00', 'description': 'Abu Dhabi, Muscat, Baku, Tbilisi'}}, 'email': 'lohana.almeida@example.com', 'login': {'uuid': '9079bcb0-a4b3-4818-8162-ae4646e6e2cd', 'username': 'blackmouse911', 'password': 'helene', 'salt': 'sTmGfIXf', 'md5': 'f91a8f9bd4002c8b2977b74faa4cb63a', 'sha1': 'fbc1f3ae611e16c93d6fde12858d94f36e444564', 'sha256': 'def5fc2991e7fa70cca4fa63660231d8d543159c02e313dc52206bcabadd96a0'}, 'dob': {'date': '1962-05-01T16:01:51.539Z', 'age': 62}, 'registered': {'date': '2010-02-21T23:51:02.336Z', 'age': 14}, 'phone': '(38) 3917-8558', 'cell': '(29) 5199-7059', 'id': {'name': 'CPF', 'value': '150.134.833-41'}, 'picture': {'large': 'https://randomuser.me/api/portraits/women/29.jpg', 'medium': 'https://randomuser.me/api/portraits/med/women/29.jpg', 'thumbnail': 'https://randomuser.me/api/portraits/thumb/women/29.jpg'}, 'nat': 'BR'}</msg>
<arg>${json_data['results'][0]}</arg>
<doc>Logs the given message with the given level.</doc>
<status status="PASS" start="2024-08-04T15:15:42.616831" elapsed="0.000519"/>
</kw>
<kw name="Log" owner="BuiltIn">
<msg time="2024-08-04T15:15:42.618150" level="INFO">email</msg>
<arg>${key}</arg>
<doc>Logs the given message with the given level.</doc>
<status status="PASS" start="2024-08-04T15:15:42.618000" elapsed="0.000192"/>
</kw>
<var name="${key}">email</var>
<status status="PASS" start="2024-08-04T15:15:42.615718" elapsed="0.002698"/>
</iter>
<iter>
<kw name="Dictionary Should Contain Key" owner="Collections">
<arg>${json_data['results'][0]}</arg>
<arg>${key}</arg>
<doc>Fails if ``key`` is not found from ``dictionary``.</doc>
<status status="PASS" start="2024-08-04T15:15:42.618704" elapsed="0.000568"/>
</kw>
<kw name="Log" owner="BuiltIn">
<msg time="2024-08-04T15:15:42.619918" level="INFO">{'gender': 'female', 'name': {'title': 'Mrs', 'first': 'Lohana', 'last': 'Almeida'}, 'location': {'street': {'number': 7173, 'name': 'Rua São Paulo '}, 'city': 'Poços de Caldas', 'state': 'Acre', 'country': 'Brazil', 'postcode': 68430, 'coordinates': {'latitude': '-79.7932', 'longitude': '155.1435'}, 'timezone': {'offset': '+4:00', 'description': 'Abu Dhabi, Muscat, Baku, Tbilisi'}}, 'email': 'lohana.almeida@example.com', 'login': {'uuid': '9079bcb0-a4b3-4818-8162-ae4646e6e2cd', 'username': 'blackmouse911', 'password': 'helene', 'salt': 'sTmGfIXf', 'md5': 'f91a8f9bd4002c8b2977b74faa4cb63a', 'sha1': 'fbc1f3ae611e16c93d6fde12858d94f36e444564', 'sha256': 'def5fc2991e7fa70cca4fa63660231d8d543159c02e313dc52206bcabadd96a0'}, 'dob': {'date': '1962-05-01T16:01:51.539Z', 'age': 62}, 'registered': {'date': '2010-02-21T23:51:02.336Z', 'age': 14}, 'phone': '(38) 3917-8558', 'cell': '(29) 5199-7059', 'id': {'name': 'CPF', 'value': '150.134.833-41'}, 'picture': {'large': 'https://randomuser.me/api/portraits/women/29.jpg', 'medium': 'https://randomuser.me/api/portraits/med/women/29.jpg', 'thumbnail': 'https://randomuser.me/api/portraits/thumb/women/29.jpg'}, 'nat': 'BR'}</msg>
<arg>${json_data['results'][0]}</arg>
<doc>Logs the given message with the given level.</doc>
<status status="PASS" start="2024-08-04T15:15:42.619541" elapsed="0.000428"/>
</kw>
<kw name="Log" owner="BuiltIn">
<msg time="2024-08-04T15:15:42.620402" level="INFO">login</msg>
<arg>${key}</arg>
<doc>Logs the given message with the given level.</doc>
<status status="PASS" start="2024-08-04T15:15:42.620271" elapsed="0.000170"/>
</kw>
<var name="${key}">login</var>
<status status="PASS" start="2024-08-04T15:15:42.618592" elapsed="0.002067"/>
</iter>
<var>${key}</var>
<value>@{expected_keys}</value>
<status status="PASS" start="2024-08-04T15:15:42.608050" elapsed="0.012737"/>
</for>
<kw name="Create List" owner="BuiltIn">
<msg time="2024-08-04T15:15:42.621286" level="INFO">${expected_keysTwo} = ['username', 'password']</msg>
<var>${expected_keysTwo}</var>
<arg>username</arg>
<arg>password</arg>
<doc>Returns a list containing given items.</doc>
<status status="PASS" start="2024-08-04T15:15:42.621085" elapsed="0.000292"/>
</kw>
<for flavor="IN">
<iter>
<kw name="Dictionary Should Contain Key" owner="Collections">
<arg>${json_data['results'][0]['login']}</arg>
<arg>${keyTwo}</arg>
<doc>Fails if ``key`` is not found from ``dictionary``.</doc>
<status status="PASS" start="2024-08-04T15:15:42.622082" elapsed="0.000388"/>
</kw>
<kw name="Dictionary Should Contain Key" owner="Collections">
<arg>${json_data['results'][0]['login']}</arg>
<arg>${keyTwo}</arg>
<doc>Fails if ``key`` is not found from ``dictionary``.</doc>
<status status="PASS" start="2024-08-04T15:15:42.622653" elapsed="0.000521"/>
</kw>
<kw name="Log" owner="BuiltIn">
<msg time="2024-08-04T15:15:42.623487" level="INFO">username</msg>
<arg>${keyTwo}</arg>
<doc>Logs the given message with the given level.</doc>
<status status="PASS" start="2024-08-04T15:15:42.623360" elapsed="0.000166"/>
</kw>
<var name="${keyTwo}">username</var>
<status status="PASS" start="2024-08-04T15:15:42.621968" elapsed="0.001780"/>
</iter>
<iter>
<kw name="Dictionary Should Contain Key" owner="Collections">
<arg>${json_data['results'][0]['login']}</arg>
<arg>${keyTwo}</arg>
<doc>Fails if ``key`` is not found from ``dictionary``.</doc>
<status status="PASS" start="2024-08-04T15:15:42.624026" elapsed="0.000471"/>
</kw>
<kw name="Dictionary Should Contain Key" owner="Collections">
<arg>${json_data['results'][0]['login']}</arg>
<arg>${keyTwo}</arg>
<doc>Fails if ``key`` is not found from ``dictionary``.</doc>
<status status="PASS" start="2024-08-04T15:15:42.624680" elapsed="0.000491"/>
</kw>
<kw name="Log" owner="BuiltIn">
<msg time="2024-08-04T15:15:42.625544" level="INFO">password</msg>
<arg>${keyTwo}</arg>
<doc>Logs the given message with the given level.</doc>
<status status="PASS" start="2024-08-04T15:15:42.625354" elapsed="0.000233"/>
</kw>
<var name="${keyTwo}">password</var>
<status status="PASS" start="2024-08-04T15:15:42.623920" elapsed="0.001977"/>
</iter>
<var>${keyTwo}</var>
<value>@{expected_keysTwo}</value>
<status status="PASS" start="2024-08-04T15:15:42.621756" elapsed="0.004277"/>
</for>
<status status="PASS" start="2024-08-04T15:15:42.516133" elapsed="0.110048"/>
</kw>
<doc>Testa a estrutura da resposta da API.</doc>
<tag>testeEstruturaResposta</tag>
<status status="PASS" start="2024-08-04T15:15:42.515340" elapsed="0.111004"/>
</test>
<test id="s1-s1-t4" name="Validar tipos de dados" line="28">
<kw name="Teste de Tipos de Dados" owner="random-user-service">
<kw name="GET On Session" owner="RequestsLibrary">
<msg time="2024-08-04T15:15:42.706488" level="INFO">GET Request : url=https://randomuser.me/api 
 path_url=/api 
 headers={'User-Agent': 'python-requests/2.32.3', 'Accept-Encoding': 'gzip, deflate', 'Accept': '*/*', 'Connection': 'keep-alive'} 
 body=None 
 </msg>
<msg time="2024-08-04T15:15:42.706593" level="INFO">GET Response : url=https://randomuser.me/api 
 status=200, reason=OK 
 headers={'Date': 'Sun, 04 Aug 2024 15:15:42 GMT', 'Content-Type': 'application/json; charset=utf-8', 'Transfer-Encoding': 'chunked', 'Connection': 'keep-alive', 'X-Powered-By': 'Express', 'Access-Control-Allow-Origin': '*', 'Cache-Control': 'no-cache', 'ETag': 'W/"47e-geqHTFRL6Y/MX/2vAz479X1HyRQ"', 'Vary': 'Accept-Encoding', 'Content-Encoding': 'gzip', 'CF-Cache-Status': 'DYNAMIC', 'Report-To': '{"endpoints":[{"url":"https:\\/\\/a.nel.cloudflare.com\\/report\\/v4?s=Mbz1rfdrR6bxk7U4FnIj1MRHykJAuLJ5cNOQl85VS7pNNrFU73nVO0f6eJjDskLUJpQInBQ4Zv1ELbfAadvWqyX2KNYpf4H3dGrkxyXrRdvesQjAh2yqLjnVdXU9bGaT"}],"group":"cf-nel","max_age":604800}', 'NEL': '{"success_fraction":0,"report_to":"cf-nel","max_age":604800}', 'Server': 'cloudflare', 'CF-RAY': '8adf811f7910608d-ORD', 'alt-svc': 'h3=":443"; ma=86400'} 
 body={"results":[{"gender":"male","name":{"title":"Mr","first":"Frank","last":"Stone"},"location":{"street":{"number":9705,"name":"The Green"},"city":"Ely","state":"Wiltshire","country":"United Kingdom","postcode":"V41 9XF","coordinates":{"latitude":"-7.9177","longitude":"-19.4003"},"timezone":{"offset":"+7:00","description":"Bangkok, Hanoi, Jakarta"}},"email":"frank.stone@example.com","login":{"uuid":"5edfe5f1-4868-41f2-b03c-da1187b81316","username":"brownrabbit850","password":"1121","salt":"sIyGe7kT","md5":"e1b96f52e99cd732af18bfc0f7acc53d","sha1":"392cf8e6eb680b7e2511ac81adb8c89d7945e65c","sha256":"7f36b05b38d406423f288695bc9bc7b8fe4fdab48ec8888183f29b134f1f9132"},"dob":{"date":"1981-09-24T09:23:15.684Z","age":42},"registered":{"date":"2004-04-13T23:19:07.398Z","age":20},"phone":"016974 50842","cell":"07282 241116","id":{"name":"NINO","value":"OL 44 17 27 K"},"picture":{"large":"https://randomuser.me/api/portraits/men/8.jpg","medium":"https://randomuser.me/api/portraits/med/men/8.jpg","thumbnail":"https://randomuser.me/api/portraits/thumb/men/8.jpg"},"nat":"GB"}],"info":{"seed":"5e48849157e7be8d","results":1,"page":1,"version":"1.4"}} 
 </msg>
<msg time="2024-08-04T15:15:42.706666" level="INFO">/opt/hostedtoolcache/Python/3.12.4/x64/lib/python3.12/site-packages/urllib3/connectionpool.py:1099: InsecureRequestWarning: Unverified HTTPS request is being made to host 'randomuser.me'. Adding certificate verification is strongly advised. See: https://urllib3.readthedocs.io/en/latest/advanced-usage.html#tls-warnings
  warnings.warn(</msg>
<msg time="2024-08-04T15:15:42.706812" level="INFO">${response} = &lt;Response [200]&gt;</msg>
<var>${response}</var>
<arg>consultarAPI</arg>
<arg>/api</arg>
<doc>Sends a GET request on a previously created HTTP Session.</doc>
<status status="PASS" start="2024-08-04T15:15:42.629348" elapsed="0.077509"/>
</kw>
<kw name="Set Variable" owner="BuiltIn">
<msg time="2024-08-04T15:15:42.707918" level="INFO">${json_data} = {'results': [{'gender': 'male', 'name': {'title': 'Mr', 'first': 'Frank', 'last': 'Stone'}, 'location': {'street': {'number': 9705, 'name': 'The Green'}, 'city': 'Ely', 'state': 'Wiltshire', 'country'...</msg>
<var>${json_data}</var>
<arg>${response.json()}</arg>
<doc>Returns the given values which can then be assigned to a variables.</doc>
<status status="PASS" start="2024-08-04T15:15:42.707385" elapsed="0.000564"/>
</kw>
<kw name="Log" owner="BuiltIn">
<msg time="2024-08-04T15:15:42.708453" level="INFO">{'results': [{'gender': 'male', 'name': {'title': 'Mr', 'first': 'Frank', 'last': 'Stone'}, 'location': {'street': {'number': 9705, 'name': 'The Green'}, 'city': 'Ely', 'state': 'Wiltshire', 'country': 'United Kingdom', 'postcode': 'V41 9XF', 'coordinates': {'latitude': '-7.9177', 'longitude': '-19.4003'}, 'timezone': {'offset': '+7:00', 'description': 'Bangkok, Hanoi, Jakarta'}}, 'email': 'frank.stone@example.com', 'login': {'uuid': '5edfe5f1-4868-41f2-b03c-da1187b81316', 'username': 'brownrabbit850', 'password': '1121', 'salt': 'sIyGe7kT', 'md5': 'e1b96f52e99cd732af18bfc0f7acc53d', 'sha1': '392cf8e6eb680b7e2511ac81adb8c89d7945e65c', 'sha256': '7f36b05b38d406423f288695bc9bc7b8fe4fdab48ec8888183f29b134f1f9132'}, 'dob': {'date': '1981-09-24T09:23:15.684Z', 'age': 42}, 'registered': {'date': '2004-04-13T23:19:07.398Z', 'age': 20}, 'phone': '016974 50842', 'cell': '07282 241116', 'id': {'name': 'NINO', 'value': 'OL 44 17 27 K'}, 'picture': {'large': 'https://randomuser.me/api/portraits/men/8.jpg', 'medium': 'https://randomuser.me/api/portraits/med/men/8.jpg', 'thumbnail': 'https://randomuser.me/api/portraits/thumb/men/8.jpg'}, 'nat': 'GB'}], 'info': {'seed': '5e48849157e7be8d', 'results': 1, 'page': 1, 'version': '1.4'}}</msg>
<arg>${json_data}</arg>
<doc>Logs the given message with the given level.</doc>
<status status="PASS" start="2024-08-04T15:15:42.708282" elapsed="0.000220"/>
</kw>
<kw name="Should Be String" owner="String">
<arg>${json_data['results'][0]['gender']}</arg>
<doc>Fails if the given ``item`` is not a string.</doc>
<status status="PASS" start="2024-08-04T15:15:42.708806" elapsed="0.000373"/>
</kw>
<kw name="Should Match Regexp" owner="BuiltIn">
<arg>${json_data['results'][0]['email']}</arg>
<arg>^[a-zA-Z0-9._%+-]+@[a-zA-Z0-9.-]+\.[a-zA-Z]{2,}$</arg>
<doc>Fails if ``string`` does not match ``pattern`` as a regular expression.</doc>
<status status="PASS" start="2024-08-04T15:15:42.709521" elapsed="0.000577"/>
</kw>
<kw name="Should Match Regexp" owner="BuiltIn">
<arg>${json_data['results'][0]['dob']['date']}</arg>
<arg>\\d{4}-\\d{2}-\\d{2}T\\d{2}:\\d{2}:\\d{2}\\.\\d{3}Z</arg>
<doc>Fails if ``string`` does not match ``pattern`` as a regular expression.</doc>
<status status="PASS" start="2024-08-04T15:15:42.710308" elapsed="0.000733"/>
</kw>
<kw name="Should Match Regexp" owner="BuiltIn">
<arg>${json_data['results'][0]['registered']['date']}</arg>
<arg>\\d{4}-\\d{2}-\\d{2}T\\d{2}:\\d{2}:\\d{2}\\.\\d{3}Z</arg>
<doc>Fails if ``string`` does not match ``pattern`` as a regular expression.</doc>
<status status="PASS" start="2024-08-04T15:15:42.711255" elapsed="0.000389"/>
</kw>
<kw name="Should Match Regexp" owner="BuiltIn">
<arg>${json_data['results'][0]['picture']['large']}</arg>
<arg>^https?://.*\.(?:png|jpe?g|gif|bmp)$</arg>
<doc>Fails if ``string`` does not match ``pattern`` as a regular expression.</doc>
<status status="PASS" start="2024-08-04T15:15:42.711839" elapsed="0.000472"/>
</kw>
<kw name="Should Match Regexp" owner="BuiltIn">
<arg>${json_data['results'][0]['picture']['medium']}</arg>
<arg>^https?://.*\.(?:png|jpe?g|gif|bmp)$</arg>
<doc>Fails if ``string`` does not match ``pattern`` as a regular expression.</doc>
<status status="PASS" start="2024-08-04T15:15:42.712597" elapsed="0.003370"/>
</kw>
<kw name="Should Match Regexp" owner="BuiltIn">
<arg>${json_data['results'][0]['picture']['thumbnail']}</arg>
<arg>^https?://.*\.(?:png|jpe?g|gif|bmp)$</arg>
<doc>Fails if ``string`` does not match ``pattern`` as a regular expression.</doc>
<status status="PASS" start="2024-08-04T15:15:42.716296" elapsed="0.000475"/>
</kw>
<kw name="Log" owner="BuiltIn">
<msg time="2024-08-04T15:15:42.717385" level="INFO">{'large': 'https://randomuser.me/api/portraits/men/8.jpg', 'medium': 'https://randomuser.me/api/portraits/med/men/8.jpg', 'thumbnail': 'https://randomuser.me/api/portraits/thumb/men/8.jpg'}</msg>
<arg>${json_data['results'][0]['picture']}</arg>
<doc>Logs the given message with the given level.</doc>
<status status="PASS" start="2024-08-04T15:15:42.717028" elapsed="0.000403"/>
</kw>
<status status="PASS" start="2024-08-04T15:15:42.628930" elapsed="0.088787"/>
</kw>
<kw name="Teste de Tipos de Dados - Postcode" owner="random-user-service">
<kw name="GET On Session" owner="RequestsLibrary">
<msg time="2024-08-04T15:15:42.794735" level="INFO">GET Request : url=https://randomuser.me/api 
 path_url=/api 
 headers={'User-Agent': 'python-requests/2.32.3', 'Accept-Encoding': 'gzip, deflate', 'Accept': '*/*', 'Connection': 'keep-alive'} 
 body=None 
 </msg>
<msg time="2024-08-04T15:15:42.794829" level="INFO">GET Response : url=https://randomuser.me/api 
 status=200, reason=OK 
 headers={'Date': 'Sun, 04 Aug 2024 15:15:42 GMT', 'Content-Type': 'application/json; charset=utf-8', 'Transfer-Encoding': 'chunked', 'Connection': 'keep-alive', 'X-Powered-By': 'Express', 'Access-Control-Allow-Origin': '*', 'Cache-Control': 'no-cache', 'ETag': 'W/"46f-JzK0urAOxlpnVquJMds1frICsTQ"', 'Vary': 'Accept-Encoding', 'Content-Encoding': 'gzip', 'CF-Cache-Status': 'DYNAMIC', 'Report-To': '{"endpoints":[{"url":"https:\\/\\/a.nel.cloudflare.com\\/report\\/v4?s=Ifm7NJA%2B4rcvvxA8BaClejSb0ocHbGIdjmfS7zghtaE62yF2HYT6OxfKMwmgIYHcZVO%2FrHlBnfyVOLUn8blCuRM1jL537QkUjjgJ5qRfvKdjft0qrUUz9L2cEM9O%2FjCm"}],"group":"cf-nel","max_age":604800}', 'NEL': '{"success_fraction":0,"report_to":"cf-nel","max_age":604800}', 'Server': 'cloudflare', 'CF-RAY': '8adf811ff998608d-ORD', 'alt-svc': 'h3=":443"; ma=86400'} 
 body={"results":[{"gender":"female","name":{"title":"Mrs","first":"Thea","last":"Christensen"},"location":{"street":{"number":6091,"name":"Søvang"},"city":"Lintrup","state":"Syddanmark","country":"Denmark","postcode":51702,"coordinates":{"latitude":"-39.9143","longitude":"87.3247"},"timezone":{"offset":"-9:00","description":"Alaska"}},"email":"thea.christensen@example.com","login":{"uuid":"f1729d7d-7ad3-43e6-a2eb-7a501958b416","username":"sadladybug717","password":"tttt","salt":"O1on3x5j","md5":"89a9dcf4dd084a75bf0694a94df780d5","sha1":"77f158ec9ad68c2cd3a0185b7f6e69301b367bad","sha256":"97102feb091adf667e9dbd1ce71d29bd9bd48a827766460718423627a2c08c6d"},"dob":{"date":"1964-07-01T15:35:58.241Z","age":60},"registered":{"date":"2002-05-24T02:16:31.654Z","age":22},"phone":"63572034","cell":"40513931","id":{"name":"CPR","value":"010764-6737"},"picture":{"large":"https://randomuser.me/api/portraits/women/10.jpg","medium":"https://randomuser.me/api/portraits/med/women/10.jpg","thumbnail":"https://randomuser.me/api/portraits/thumb/women/10.jpg"},"nat":"DK"}],"info":{"seed":"eb0b2649a0e3772b","results":1,"page":1,"version":"1.4"}} 
 </msg>
<msg time="2024-08-04T15:15:42.794899" level="INFO">/opt/hostedtoolcache/Python/3.12.4/x64/lib/python3.12/site-packages/urllib3/connectionpool.py:1099: InsecureRequestWarning: Unverified HTTPS request is being made to host 'randomuser.me'. Adding certificate verification is strongly advised. See: https://urllib3.readthedocs.io/en/latest/advanced-usage.html#tls-warnings
  warnings.warn(</msg>
<msg time="2024-08-04T15:15:42.795009" level="INFO">${response} = &lt;Response [200]&gt;</msg>
<var>${response}</var>
<arg>consultarAPI</arg>
<arg>/api</arg>
<doc>Sends a GET request on a previously created HTTP Session.</doc>
<status status="PASS" start="2024-08-04T15:15:42.718304" elapsed="0.076791"/>
</kw>
<kw name="Set Variable" owner="BuiltIn">
<msg time="2024-08-04T15:15:42.796074" level="INFO">${json_data} = {'results': [{'gender': 'female', 'name': {'title': 'Mrs', 'first': 'Thea', 'last': 'Christensen'}, 'location': {'street': {'number': 6091, 'name': 'Søvang'}, 'city': 'Lintrup', 'state': 'Syddanmark',...</msg>
<var>${json_data}</var>
<arg>${response.json()}</arg>
<doc>Returns the given values which can then be assigned to a variables.</doc>
<status status="PASS" start="2024-08-04T15:15:42.795567" elapsed="0.000537"/>
</kw>
<kw name="Log" owner="BuiltIn">
<msg time="2024-08-04T15:15:42.796720" level="INFO">{'results': [{'gender': 'female', 'name': {'title': 'Mrs', 'first': 'Thea', 'last': 'Christensen'}, 'location': {'street': {'number': 6091, 'name': 'Søvang'}, 'city': 'Lintrup', 'state': 'Syddanmark', 'country': 'Denmark', 'postcode': 51702, 'coordinates': {'latitude': '-39.9143', 'longitude': '87.3247'}, 'timezone': {'offset': '-9:00', 'description': 'Alaska'}}, 'email': 'thea.christensen@example.com', 'login': {'uuid': 'f1729d7d-7ad3-43e6-a2eb-7a501958b416', 'username': 'sadladybug717', 'password': 'tttt', 'salt': 'O1on3x5j', 'md5': '89a9dcf4dd084a75bf0694a94df780d5', 'sha1': '77f158ec9ad68c2cd3a0185b7f6e69301b367bad', 'sha256': '97102feb091adf667e9dbd1ce71d29bd9bd48a827766460718423627a2c08c6d'}, 'dob': {'date': '1964-07-01T15:35:58.241Z', 'age': 60}, 'registered': {'date': '2002-05-24T02:16:31.654Z', 'age': 22}, 'phone': '63572034', 'cell': '40513931', 'id': {'name': 'CPR', 'value': '010764-6737'}, 'picture': {'large': 'https://randomuser.me/api/portraits/women/10.jpg', 'medium': 'https://randomuser.me/api/portraits/med/women/10.jpg', 'thumbnail': 'https://randomuser.me/api/portraits/thumb/women/10.jpg'}, 'nat': 'DK'}], 'info': {'seed': 'eb0b2649a0e3772b', 'results': 1, 'page': 1, 'version': '1.4'}}</msg>
<arg>${json_data}</arg>
<doc>Logs the given message with the given level.</doc>
<status status="PASS" start="2024-08-04T15:15:42.796547" elapsed="0.000223"/>
</kw>
<kw name="Should Be Equal As Numbers" owner="BuiltIn">
<arg>${json_data['results'][0]['location']['postcode']}</arg>
<arg>${json_data['results'][0]['location']['postcode']}</arg>
<doc>Fails if objects are unequal after converting them to real numbers.</doc>
<status status="PASS" start="2024-08-04T15:15:42.797077" elapsed="0.000791"/>
</kw>
<kw name="Log" owner="BuiltIn">
<msg time="2024-08-04T15:15:42.798424" level="INFO">51702</msg>
<arg>${json_data['results'][0]['location']['postcode']}</arg>
<doc>Logs the given message with the given level.</doc>
<status status="PASS" start="2024-08-04T15:15:42.798071" elapsed="0.000432"/>
</kw>
<status status="PASS" start="2024-08-04T15:15:42.718038" elapsed="0.080756"/>
</kw>
<doc>Testa se os tipos de dados na resposta da API estão corretos.</doc>
<tag>testeTiposDados</tag>
<status status="PASS" start="2024-08-04T15:15:42.628453" elapsed="0.170515"/>
</test>
<test id="s1-s1-t5" name="Validar conteudo" line="35">
<kw name="Teste de Tipos de Conteudo" owner="random-user-service">
<kw name="GET On Session" owner="RequestsLibrary">
<msg time="2024-08-04T15:15:42.911001" level="INFO">GET Request : url=https://randomuser.me/api 
 path_url=/api 
 headers={'User-Agent': 'python-requests/2.32.3', 'Accept-Encoding': 'gzip, deflate', 'Accept': '*/*', 'Connection': 'keep-alive'} 
 body=None 
 </msg>
<msg time="2024-08-04T15:15:42.911116" level="INFO">GET Response : url=https://randomuser.me/api 
 status=200, reason=OK 
 headers={'Date': 'Sun, 04 Aug 2024 15:15:42 GMT', 'Content-Type': 'application/json; charset=utf-8', 'Transfer-Encoding': 'chunked', 'Connection': 'keep-alive', 'X-Powered-By': 'Express', 'Access-Control-Allow-Origin': '*', 'Cache-Control': 'no-cache', 'ETag': 'W/"479-ez/9LD35yqsxp04GcY1yWzEpJr0"', 'Vary': 'Accept-Encoding', 'Content-Encoding': 'gzip', 'CF-Cache-Status': 'DYNAMIC', 'Report-To': '{"endpoints":[{"url":"https:\\/\\/a.nel.cloudflare.com\\/report\\/v4?s=QwPK8dxPyR7XohrQ4ujAIWMz7M82nXHjs0eXZfj%2BYdcRtut3llHVqtcwpvE432ZfU60fVrs1QM3JzIO9dphvdMFkVmvpM1%2BfsuMn2ak5H7gEARkNd5GWY%2BlwpkUijdMF"}],"group":"cf-nel","max_age":604800}', 'NEL': '{"success_fraction":0,"report_to":"cf-nel","max_age":604800}', 'Server': 'cloudflare', 'CF-RAY': '8adf81208a1c608d-ORD', 'alt-svc': 'h3=":443"; ma=86400'} 
 body={"results":[{"gender":"male","name":{"title":"Mr","first":"Ray","last":"Black"},"location":{"street":{"number":9736,"name":"Oak Ridge Ln"},"city":"Queanbeyan","state":"Tasmania","country":"Australia","postcode":6168,"coordinates":{"latitude":"-86.4506","longitude":"-5.8448"},"timezone":{"offset":"-12:00","description":"Eniwetok, Kwajalein"}},"email":"ray.black@example.com","login":{"uuid":"c10f9ba6-a882-4496-8ea6-6523c34c10e5","username":"purplegorilla450","password":"swimmer","salt":"PGHlrLzr","md5":"0a1e2ad0de5db96a129b7b0b1a2f1c93","sha1":"1ec78c3a3a9b9dfa2533e544f8c523c1a41936d9","sha256":"a1ab2fe7e2c9631fe38b2ac830a082a0debe439ed6b1b2a4cde024cc271ea8d0"},"dob":{"date":"1964-12-02T22:14:59.426Z","age":59},"registered":{"date":"2005-09-28T07:28:18.790Z","age":18},"phone":"07-2370-0932","cell":"0453-250-838","id":{"name":"TFN","value":"467373968"},"picture":{"large":"https://randomuser.me/api/portraits/men/20.jpg","medium":"https://randomuser.me/api/portraits/med/men/20.jpg","thumbnail":"https://randomuser.me/api/portraits/thumb/men/20.jpg"},"nat":"AU"}],"info":{"seed":"a93f93e6a64c75b6","results":1,"page":1,"version":"1.4"}} 
 </msg>
<msg time="2024-08-04T15:15:42.911195" level="INFO">/opt/hostedtoolcache/Python/3.12.4/x64/lib/python3.12/site-packages/urllib3/connectionpool.py:1099: InsecureRequestWarning: Unverified HTTPS request is being made to host 'randomuser.me'. Adding certificate verification is strongly advised. See: https://urllib3.readthedocs.io/en/latest/advanced-usage.html#tls-warnings
  warnings.warn(</msg>
<msg time="2024-08-04T15:15:42.911341" level="INFO">${response} = &lt;Response [200]&gt;</msg>
<var>${response}</var>
<arg>consultarAPI</arg>
<arg>/api</arg>
<doc>Sends a GET request on a previously created HTTP Session.</doc>
<status status="PASS" start="2024-08-04T15:15:42.801810" elapsed="0.109573"/>
</kw>
<kw name="Set Variable" owner="BuiltIn">
<msg time="2024-08-04T15:15:42.912645" level="INFO">${json_data} = {'results': [{'gender': 'male', 'name': {'title': 'Mr', 'first': 'Ray', 'last': 'Black'}, 'location': {'street': {'number': 9736, 'name': 'Oak Ridge Ln'}, 'city': 'Queanbeyan', 'state': 'Tasmania', 'c...</msg>
<var>${json_data}</var>
<arg>${response.json()}</arg>
<doc>Returns the given values which can then be assigned to a variables.</doc>
<status status="PASS" start="2024-08-04T15:15:42.912072" elapsed="0.000603"/>
</kw>
<kw name="Set Variable" owner="BuiltIn">
<msg time="2024-08-04T15:15:42.913438" level="INFO">${name_title} = Mr</msg>
<var>${name_title}</var>
<arg>${json_data["results"][0]["name"]["title"]}</arg>
<doc>Returns the given values which can then be assigned to a variables.</doc>
<status status="PASS" start="2024-08-04T15:15:42.913032" elapsed="0.000433"/>
</kw>
<kw name="Create List" owner="BuiltIn">
<msg time="2024-08-04T15:15:42.913931" level="INFO">${allowed_titles} = ['Mr', 'Ms', 'Miss', 'Mrs', 'Madame', 'Monsieur']</msg>
<var>${allowed_titles}</var>
<arg>Mr</arg>
<arg>Ms</arg>
<arg>Miss</arg>
<arg>Mrs</arg>
<arg>Madame</arg>
<arg>Monsieur</arg>
<doc>Returns a list containing given items.</doc>
<status status="PASS" start="2024-08-04T15:15:42.913775" elapsed="0.000181"/>
</kw>
<kw name="List Should Contain Value" owner="Collections">
<arg>${allowed_titles}</arg>
<arg>${name_title}</arg>
<doc>Fails if the ``value`` is not found from ``list``.</doc>
<status status="PASS" start="2024-08-04T15:15:42.914260" elapsed="0.000194"/>
</kw>
<kw name="Set Variable" owner="BuiltIn">
<msg time="2024-08-04T15:15:42.915071" level="INFO">${name_country} = AU</msg>
<var>${name_country}</var>
<arg>${json_data["results"][0]["nat"]}</arg>
<doc>Returns the given values which can then be assigned to a variables.</doc>
<status status="PASS" start="2024-08-04T15:15:42.914637" elapsed="0.000461"/>
</kw>
<kw name="Create List" owner="BuiltIn">
<msg time="2024-08-04T15:15:42.916000" level="INFO">${list_country} = ['AD', 'AE', 'AF', 'AG', 'AI', 'AL', 'AM', 'AO', 'AQ', 'AR', 'AS', 'AT', 'AU', 'AW', 'AX', 'AZ', 'BA', 'BB', 'BD', 'BE', 'BF', 'BG', 'BH', 'BI', 'BJ', 'BL', 'BM', 'BN', 'BO', 'BQ', 'BR', 'BS', 'BT', '...</msg>
<var>${list_country}</var>
<arg>AD</arg>
<arg>AE</arg>
<arg>AF</arg>
<arg>AG</arg>
<arg>AI</arg>
<arg>AL</arg>
<arg>AM</arg>
<arg>AO</arg>
<arg>AQ</arg>
<arg>AR</arg>
<arg>AS</arg>
<arg>AT</arg>
<arg>AU</arg>
<arg>AW</arg>
<arg>AX</arg>
<arg>AZ</arg>
<arg>BA</arg>
<arg>BB</arg>
<arg>BD</arg>
<arg>BE</arg>
<arg>BF</arg>
<arg>BG</arg>
<arg>BH</arg>
<arg>BI</arg>
<arg>BJ</arg>
<arg>BL</arg>
<arg>BM</arg>
<arg>BN</arg>
<arg>BO</arg>
<arg>BQ</arg>
<arg>BR</arg>
<arg>BS</arg>
<arg>BT</arg>
<arg>BV</arg>
<arg>BW</arg>
<arg>BY</arg>
<arg>BZ</arg>
<arg>CA</arg>
<arg>CC</arg>
<arg>CD</arg>
<arg>CF</arg>
<arg>CG</arg>
<arg>CH</arg>
<arg>CI</arg>
<arg>CK</arg>
<arg>CL</arg>
<arg>CM</arg>
<arg>CN</arg>
<arg>CO</arg>
<arg>CR</arg>
<arg>CU</arg>
<arg>CV</arg>
<arg>CW</arg>
<arg>CX</arg>
<arg>CY</arg>
<arg>CZ</arg>
<arg>DE</arg>
<arg>DJ</arg>
<arg>DK</arg>
<arg>DM</arg>
<arg>DO</arg>
<arg>DZ</arg>
<arg>EC</arg>
<arg>EE</arg>
<arg>EG</arg>
<arg>EH</arg>
<arg>ER</arg>
<arg>ES</arg>
<arg>ET</arg>
<arg>FI</arg>
<arg>FJ</arg>
<arg>FK</arg>
<arg>FM</arg>
<arg>FO</arg>
<arg>FR</arg>
<arg>GA</arg>
<arg>GB</arg>
<arg>GD</arg>
<arg>GE</arg>
<arg>GF</arg>
<arg>GG</arg>
<arg>GH</arg>
<arg>GI</arg>
<arg>GL</arg>
<arg>GM</arg>
<arg>GN</arg>
<arg>GP</arg>
<arg>GQ</arg>
<arg>GR</arg>
<arg>GS</arg>
<arg>GT</arg>
<arg>GU</arg>
<arg>GW</arg>
<arg>GY</arg>
<arg>HK</arg>
<arg>HM</arg>
<arg>HN</arg>
<arg>HR</arg>
<arg>HT</arg>
<arg>HU</arg>
<arg>ID</arg>
<arg>IE</arg>
<arg>IL</arg>
<arg>IM</arg>
<arg>IN</arg>
<arg>IO</arg>
<arg>IQ</arg>
<arg>IR</arg>
<arg>IS</arg>
<arg>IT</arg>
<arg>JE</arg>
<arg>JM</arg>
<arg>JO</arg>
<arg>JP</arg>
<arg>KE</arg>
<arg>KG</arg>
<arg>KH</arg>
<arg>KI</arg>
<arg>KM</arg>
<arg>KN</arg>
<arg>KP</arg>
<arg>KR</arg>
<arg>KW</arg>
<arg>KY</arg>
<arg>KZ</arg>
<arg>LA</arg>
<arg>LB</arg>
<arg>LC</arg>
<arg>LI</arg>
<arg>LK</arg>
<arg>LR</arg>
<arg>LS</arg>
<arg>LT</arg>
<arg>LU</arg>
<arg>LV</arg>
<arg>LY</arg>
<arg>MA</arg>
<arg>MC</arg>
<arg>MD</arg>
<arg>ME</arg>
<arg>MF</arg>
<arg>MG</arg>
<arg>MH</arg>
<arg>MK</arg>
<arg>ML</arg>
<arg>MM</arg>
<arg>MN</arg>
<arg>MO</arg>
<arg>MP</arg>
<arg>MQ</arg>
<arg>MR</arg>
<arg>MS</arg>
<arg>MT</arg>
<arg>MU</arg>
<arg>MV</arg>
<arg>MW</arg>
<arg>MX</arg>
<arg>MY</arg>
<arg>MZ</arg>
<arg>NA</arg>
<arg>NC</arg>
<arg>NE</arg>
<arg>NF</arg>
<arg>NG</arg>
<arg>NI</arg>
<arg>NL</arg>
<arg>NO</arg>
<arg>NP</arg>
<arg>NR</arg>
<arg>NU</arg>
<arg>NZ</arg>
<arg>OM</arg>
<arg>PA</arg>
<arg>PE</arg>
<arg>PF</arg>
<arg>PG</arg>
<arg>PH</arg>
<arg>PK</arg>
<arg>PL</arg>
<arg>PM</arg>
<arg>PN</arg>
<arg>PR</arg>
<arg>PS</arg>
<arg>PT</arg>
<arg>PW</arg>
<arg>PY</arg>
<arg>QA</arg>
<arg>RE</arg>
<arg>RO</arg>
<arg>RS</arg>
<arg>RU</arg>
<arg>RW</arg>
<arg>SA</arg>
<arg>SB</arg>
<arg>SC</arg>
<arg>SD</arg>
<arg>SE</arg>
<arg>SG</arg>
<arg>SH</arg>
<arg>SI</arg>
<arg>SJ</arg>
<arg>SK</arg>
<arg>SL</arg>
<arg>SM</arg>
<arg>SN</arg>
<arg>SO</arg>
<arg>SR</arg>
<arg>SS</arg>
<arg>ST</arg>
<arg>SV</arg>
<arg>SX</arg>
<arg>SY</arg>
<arg>SZ</arg>
<arg>TC</arg>
<arg>TD</arg>
<arg>TF</arg>
<arg>TG</arg>
<arg>TH</arg>
<arg>TJ</arg>
<arg>TK</arg>
<arg>TL</arg>
<arg>TM</arg>
<arg>TN</arg>
<arg>TO</arg>
<arg>TR</arg>
<arg>TT</arg>
<arg>TV</arg>
<arg>TW</arg>
<arg>TZ</arg>
<arg>UA</arg>
<arg>UG</arg>
<arg>UM</arg>
<arg>US</arg>
<arg>UY</arg>
<arg>UZ</arg>
<arg>VA</arg>
<arg>VC</arg>
<arg>VE</arg>
<arg>VG</arg>
<arg>VI</arg>
<arg>VN</arg>
<arg>VU</arg>
<arg>WF</arg>
<arg>WS</arg>
<arg>XK</arg>
<arg>YE</arg>
<arg>YT</arg>
<arg>ZA</arg>
<arg>ZM</arg>
<arg>ZW</arg>
<doc>Returns a list containing given items.</doc>
<status status="PASS" start="2024-08-04T15:15:42.915394" elapsed="0.000633"/>
</kw>
<kw name="List Should Contain Value" owner="Collections">
<arg>${list_country}</arg>
<arg>${name_country}</arg>
<doc>Fails if the ``value`` is not found from ``list``.</doc>
<status status="PASS" start="2024-08-04T15:15:42.917099" elapsed="0.000221"/>
</kw>
<kw name="Run Keyword If" owner="BuiltIn">
<kw name="Should Be True" owner="BuiltIn">
<arg>${True}</arg>
<doc>Fails if the given condition is not true.</doc>
<status status="PASS" start="2024-08-04T15:15:42.918334" elapsed="0.000156"/>
</kw>
<arg>${json_data["results"][0]["location"]["coordinates"]["latitude"]} &gt;= -90 and ${json_data["results"][0]["location"]["coordinates"]["latitude"]} &lt;= 90</arg>
<arg>Should Be True</arg>
<arg>${True}</arg>
<doc>Runs the given keyword with the given arguments, if ``condition`` is true.</doc>
<status status="PASS" start="2024-08-04T15:15:42.917527" elapsed="0.001094"/>
</kw>
<kw name="Run Keyword If" owner="BuiltIn">
<kw name="Should Be True" owner="BuiltIn">
<arg>${True}</arg>
<doc>Fails if the given condition is not true.</doc>
<status status="PASS" start="2024-08-04T15:15:42.919702" elapsed="0.000144"/>
</kw>
<arg>${json_data["results"][0]["location"]["coordinates"]["longitude"]} &gt;= -180 and ${json_data["results"][0]["location"]["coordinates"]["longitude"]} &lt;= 180</arg>
<arg>Should Be True</arg>
<arg>${True}</arg>
<doc>Runs the given keyword with the given arguments, if ``condition`` is true.</doc>
<status status="PASS" start="2024-08-04T15:15:42.918971" elapsed="0.001002"/>
</kw>
<status status="PASS" start="2024-08-04T15:15:42.801579" elapsed="0.118526"/>
</kw>
<doc>Testa o conteúdo específico dos campos retornados pela API.</doc>
<tag>testeConteudo</tag>
<status status="PASS" start="2024-08-04T15:15:42.801094" elapsed="0.119169"/>
</test>
<status status="PASS" start="2024-08-04T15:15:42.048308" elapsed="0.874125"/>
</suite>
<status status="PASS" start="2024-08-04T15:15:42.034127" elapsed="0.893963"/>
</suite>
<statistics>
<total>
<stat pass="5" fail="0" skip="0">All Tests</stat>
</total>
<tag>
<stat pass="1" fail="0" skip="0">testeConteudo</stat>
<stat pass="1" fail="0" skip="0">testeEstruturaResposta</stat>
<stat pass="1" fail="0" skip="0">testeRequisicaoBasica</stat>
<stat pass="1" fail="0" skip="0">testeTiposDados</stat>
</tag>
<suite>
<stat pass="5" fail="0" skip="0" id="s1" name="Tests">Tests</stat>
<stat pass="5" fail="0" skip="0" id="s1-s1" name="Random-User-Test">Tests.Random-User-Test</stat>
</suite>
</statistics>
<errors>
</errors>
</robot>
