<?xml version="1.0" encoding="UTF-8"?>
<robot generator="Robot 7.0 (Python 3.12.3 on linux)" generated="2024-06-03T08:19:42.677514" rpa="false" schemaversion="5">
<suite id="s1" name="Tests" source="/home/runner/work/ApiRandomUser/ApiRandomUser/RamdonUser/tests">
<suite id="s1-s1" name="Random-User-Test" source="/home/runner/work/ApiRandomUser/ApiRandomUser/RamdonUser/tests/random-user-test.robot">
<test id="s1-s1-t1" name="Conectar" line="13">
<kw name="Conectar API" owner="random-user-service">
<kw name="Create Session" owner="RequestsLibrary">
<msg time="2024-06-03T08:19:43.067489" level="INFO">Creating Session using : alias=consultarAPI, url=https://randomuser.me/, headers={},                     cookies={}, auth=None, timeout=None, proxies=None, verify=False,                     debug=0 </msg>
<arg>consultarAPI</arg>
<arg>${URL}</arg>
<doc>Create Session: create a HTTP session to a server</doc>
<status status="PASS" start="2024-06-03T08:19:43.067274" elapsed="0.000405"/>
</kw>
<status status="PASS" start="2024-06-03T08:19:43.066214" elapsed="0.001834"/>
</kw>
<status status="PASS" start="2024-06-03T08:19:43.065556" elapsed="0.002688"/>
</test>
<test id="s1-s1-t2" name="Validar retorno 200 e JSON Válido" line="16">
<kw name="Teste de Requisicao Basica" owner="random-user-service">
<kw name="GET On Session" owner="RequestsLibrary">
<msg time="2024-06-03T08:19:43.264065" level="INFO">GET Request : url=https://randomuser.me/api 
 path_url=/api 
 headers={'User-Agent': 'python-requests/2.32.3', 'Accept-Encoding': 'gzip, deflate', 'Accept': '*/*', 'Connection': 'keep-alive'} 
 body=None 
 </msg>
<msg time="2024-06-03T08:19:43.264224" level="INFO">GET Response : url=https://randomuser.me/api 
 status=200, reason=OK 
 headers={'Date': 'Mon, 03 Jun 2024 08:19:43 GMT', 'Content-Type': 'application/json; charset=utf-8', 'Transfer-Encoding': 'chunked', 'Connection': 'keep-alive', 'X-Powered-By': 'Express', 'Access-Control-Allow-Origin': '*', 'Cache-Control': 'no-cache', 'ETag': 'W/"467-qWi4pleT+VYUKS1zLu3vIa4fEZ8"', 'Vary': 'Accept-Encoding', 'Content-Encoding': 'gzip', 'CF-Cache-Status': 'DYNAMIC', 'Report-To': '{"endpoints":[{"url":"https:\\/\\/a.nel.cloudflare.com\\/report\\/v4?s=tk5GVUJn45EeHU5ewss9cELFLCe4Oh7AQvnPU7oBEYTEqiTBS217YeDoGG1%2BciQ67TC8VCB4zuc6%2FCzSKyyZPxDl897cgABnseBnRcDltc1CExD6L7y%2B68H5vr1Yg2NU"}],"group":"cf-nel","max_age":604800}', 'NEL': '{"success_fraction":0,"report_to":"cf-nel","max_age":604800}', 'Server': 'cloudflare', 'CF-RAY': '88de42826ee786ea-ORD', 'alt-svc': 'h3=":443"; ma=86400'} 
 body={"results":[{"gender":"male","name":{"title":"Mr","first":"Efe","last":"Bayındır"},"location":{"street":{"number":3928,"name":"Kushimoto Sk"},"city":"Yalova","state":"Burdur","country":"Turkey","postcode":94398,"coordinates":{"latitude":"71.3677","longitude":"-53.9054"},"timezone":{"offset":"+5:45","description":"Kathmandu"}},"email":"efe.bayindir@example.com","login":{"uuid":"43c63f2f-5927-4786-9861-a8aa29e2a518","username":"happybutterfly681","password":"lumina","salt":"vLkCDHA1","md5":"30bbb1b1f05c8cb618575e2a73ff4103","sha1":"509ba8682930c614d715cd2dff5058df2c69eabc","sha256":"825a6ce8bfba4e3c3ddb279aaa36436c056fa693f2c954d5f826e54b530a2dd1"},"dob":{"date":"1973-07-07T19:23:53.550Z","age":50},"registered":{"date":"2015-04-12T13:32:25.551Z","age":9},"phone":"(158)-163-0523","cell":"(622)-227-0935","id":{"name":"","value":null},"picture":{"large":"https://randomuser.me/api/portraits/men/65.jpg","medium":"https://randomuser.me/api/portraits/med/men/65.jpg","thumbnail":"https://randomuser.me/api/portraits/thumb/men/65.jpg"},"nat":"TR"}],"info":{"seed":"c270ce87fda7eb77","results":1,"page":1,"version":"1.4"}} 
 </msg>
<msg time="2024-06-03T08:19:43.264313" level="INFO">/opt/hostedtoolcache/Python/3.12.3/x64/lib/python3.12/site-packages/urllib3/connectionpool.py:1103: InsecureRequestWarning: Unverified HTTPS request is being made to host 'randomuser.me'. Adding certificate verification is strongly advised. See: https://urllib3.readthedocs.io/en/latest/advanced-usage.html#tls-warnings
  warnings.warn(</msg>
<msg time="2024-06-03T08:19:43.264461" level="INFO">${response} = &lt;Response [200]&gt;</msg>
<var>${response}</var>
<arg>consultarAPI</arg>
<arg>/api</arg>
<doc>Sends a GET request on a previously created HTTP Session.</doc>
<status status="PASS" start="2024-06-03T08:19:43.070952" elapsed="0.193550"/>
</kw>
<kw name="Should Be Equal As Numbers" owner="BuiltIn">
<msg time="2024-06-03T08:19:43.265702" level="INFO">Argument types are:
&lt;class 'int'&gt;
&lt;class 'str'&gt;</msg>
<arg>${response.status_code}</arg>
<arg>200</arg>
<doc>Fails if objects are unequal after converting them to real numbers.</doc>
<status status="PASS" start="2024-06-03T08:19:43.265189" elapsed="0.000578"/>
</kw>
<kw name="Log" owner="BuiltIn">
<msg time="2024-06-03T08:19:43.266474" level="INFO">200</msg>
<arg>${response.status_code}</arg>
<doc>Logs the given message with the given level.</doc>
<status status="PASS" start="2024-06-03T08:19:43.266123" elapsed="0.000406"/>
</kw>
<kw name="Set Variable" owner="BuiltIn">
<msg time="2024-06-03T08:19:43.267352" level="INFO">${json_data} = {'results': [{'gender': 'male', 'name': {'title': 'Mr', 'first': 'Efe', 'last': 'Bayındır'}, 'location': {'street': {'number': 3928, 'name': 'Kushimoto Sk'}, 'city': 'Yalova', 'state': 'Burdur', 'coun...</msg>
<var>${json_data}</var>
<arg>${response.json()}</arg>
<doc>Returns the given values which can then be assigned to a variables.</doc>
<status status="PASS" start="2024-06-03T08:19:43.266848" elapsed="0.000535"/>
</kw>
<kw name="Dictionary Should Contain Key" owner="Collections">
<msg time="2024-06-03T08:19:43.267865" level="INFO">False</msg>
<arg>${json_data}</arg>
<arg>results</arg>
<doc>Fails if ``key`` is not found from ``dictionary``.</doc>
<status status="PASS" start="2024-06-03T08:19:43.267694" elapsed="0.000210"/>
</kw>
<status status="PASS" start="2024-06-03T08:19:43.070682" elapsed="0.197481"/>
</kw>
<doc>Testa se a API responde corretamente e retorna um objeto JSON válido.</doc>
<tag>testeRequisicaoBasica</tag>
<status status="PASS" start="2024-06-03T08:19:43.070136" elapsed="0.198213"/>
</test>
<test id="s1-s1-t3" name="Validar estrutura de resposta" line="22">
<kw name="Teste de Estrutura de Resposta" owner="random-user-service">
<kw name="GET On Session" owner="RequestsLibrary">
<msg time="2024-06-03T08:19:43.330436" level="INFO">GET Request : url=https://randomuser.me/api 
 path_url=/api 
 headers={'User-Agent': 'python-requests/2.32.3', 'Accept-Encoding': 'gzip, deflate', 'Accept': '*/*', 'Connection': 'keep-alive'} 
 body=None 
 </msg>
<msg time="2024-06-03T08:19:43.330517" level="INFO">GET Response : url=https://randomuser.me/api 
 status=200, reason=OK 
 headers={'Date': 'Mon, 03 Jun 2024 08:19:43 GMT', 'Content-Type': 'application/json; charset=utf-8', 'Transfer-Encoding': 'chunked', 'Connection': 'keep-alive', 'X-Powered-By': 'Express', 'Access-Control-Allow-Origin': '*', 'Cache-Control': 'no-cache', 'ETag': 'W/"4b9-uORN1W501UkRTohTWJk2IWuO1II"', 'Vary': 'Accept-Encoding', 'Content-Encoding': 'gzip', 'CF-Cache-Status': 'DYNAMIC', 'Report-To': '{"endpoints":[{"url":"https:\\/\\/a.nel.cloudflare.com\\/report\\/v4?s=8RfKi%2FzJq2Iah5WL2YtyTFibfrbQ%2BLDgqlOu0R8Z9soC1rLFDDfvmAUUTRfkqcV8%2BRzntUgmN8s91juHi9bSMNNiXm1NYWPm5HLr0F6%2Ff1myWXKL9dVsk6ABkVv%2BNxn4"}],"group":"cf-nel","max_age":604800}', 'NEL': '{"success_fraction":0,"report_to":"cf-nel","max_age":604800}', 'Server': 'cloudflare', 'CF-RAY': '88de42837f8f86ea-ORD', 'alt-svc': 'h3=":443"; ma=86400'} 
 body={"results":[{"gender":"female","name":{"title":"Madame","first":"Mina","last":"Dumas"},"location":{"street":{"number":9366,"name":"Rue des Jardins"},"city":"Saubraz","state":"Appenzell Ausserrhoden","country":"Switzerland","postcode":1924,"coordinates":{"latitude":"-57.7777","longitude":"124.4357"},"timezone":{"offset":"0:00","description":"Western Europe Time, London, Lisbon, Casablanca"}},"email":"mina.dumas@example.com","login":{"uuid":"b3d7ebc0-e6ab-474d-9eb3-911e58148c12","username":"brownmeercat185","password":"prelude","salt":"yNQEs1u3","md5":"9829befb55176b90e46dde047351a9e5","sha1":"684292ef3cd4b30616985813a7435f4b381ec96c","sha256":"0addca005406020c6f528d5e1ce53a0786d914bf221c0b5b427da347874ad825"},"dob":{"date":"1948-08-31T01:17:51.759Z","age":75},"registered":{"date":"2020-06-09T10:56:36.092Z","age":3},"phone":"076 571 16 47","cell":"079 679 04 92","id":{"name":"AVS","value":"756.1665.3400.79"},"picture":{"large":"https://randomuser.me/api/portraits/women/30.jpg","medium":"https://randomuser.me/api/portraits/med/women/30.jpg","thumbnail":"https://randomuser.me/api/portraits/thumb/women/30.jpg"},"nat":"CH"}],"info":{"seed":"06780a64cf3f21cf","results":1,"page":1,"version":"1.4"}} 
 </msg>
<msg time="2024-06-03T08:19:43.330638" level="INFO">/opt/hostedtoolcache/Python/3.12.3/x64/lib/python3.12/site-packages/urllib3/connectionpool.py:1103: InsecureRequestWarning: Unverified HTTPS request is being made to host 'randomuser.me'. Adding certificate verification is strongly advised. See: https://urllib3.readthedocs.io/en/latest/advanced-usage.html#tls-warnings
  warnings.warn(</msg>
<msg time="2024-06-03T08:19:43.330757" level="INFO">${response} = &lt;Response [200]&gt;</msg>
<var>${response}</var>
<arg>consultarAPI</arg>
<arg>/api</arg>
<doc>Sends a GET request on a previously created HTTP Session.</doc>
<status status="PASS" start="2024-06-03T08:19:43.271055" elapsed="0.059753"/>
</kw>
<kw name="Set Variable" owner="BuiltIn">
<msg time="2024-06-03T08:19:43.331917" level="INFO">${json_data} = {'results': [{'gender': 'female', 'name': {'title': 'Madame', 'first': 'Mina', 'last': 'Dumas'}, 'location': {'street': {'number': 9366, 'name': 'Rue des Jardins'}, 'city': 'Saubraz', 'state': 'Appenz...</msg>
<var>${json_data}</var>
<arg>${response.json()}</arg>
<doc>Returns the given values which can then be assigned to a variables.</doc>
<status status="PASS" start="2024-06-03T08:19:43.331350" elapsed="0.000596"/>
</kw>
<kw name="Log" owner="BuiltIn">
<msg time="2024-06-03T08:19:43.332410" level="INFO">{'results': [{'gender': 'female', 'name': {'title': 'Madame', 'first': 'Mina', 'last': 'Dumas'}, 'location': {'street': {'number': 9366, 'name': 'Rue des Jardins'}, 'city': 'Saubraz', 'state': 'Appenzell Ausserrhoden', 'country': 'Switzerland', 'postcode': 1924, 'coordinates': {'latitude': '-57.7777', 'longitude': '124.4357'}, 'timezone': {'offset': '0:00', 'description': 'Western Europe Time, London, Lisbon, Casablanca'}}, 'email': 'mina.dumas@example.com', 'login': {'uuid': 'b3d7ebc0-e6ab-474d-9eb3-911e58148c12', 'username': 'brownmeercat185', 'password': 'prelude', 'salt': 'yNQEs1u3', 'md5': '9829befb55176b90e46dde047351a9e5', 'sha1': '684292ef3cd4b30616985813a7435f4b381ec96c', 'sha256': '0addca005406020c6f528d5e1ce53a0786d914bf221c0b5b427da347874ad825'}, 'dob': {'date': '1948-08-31T01:17:51.759Z', 'age': 75}, 'registered': {'date': '2020-06-09T10:56:36.092Z', 'age': 3}, 'phone': '076 571 16 47', 'cell': '079 679 04 92', 'id': {'name': 'AVS', 'value': '756.1665.3400.79'}, 'picture': {'large': 'https://randomuser.me/api/portraits/women/30.jpg', 'medium': 'https://randomuser.me/api/portraits/med/women/30.jpg', 'thumbnail': 'https://randomuser.me/api/portraits/thumb/women/30.jpg'}, 'nat': 'CH'}], 'info': {'seed': '06780a64cf3f21cf', 'results': 1, 'page': 1, 'version': '1.4'}}</msg>
<arg>${json_data}</arg>
<doc>Logs the given message with the given level.</doc>
<status status="PASS" start="2024-06-03T08:19:43.332253" elapsed="0.000210"/>
</kw>
<kw name="Dictionary Should Contain Key" owner="Collections">
<msg time="2024-06-03T08:19:43.332914" level="INFO">False</msg>
<arg>${json_data}</arg>
<arg>results</arg>
<doc>Fails if ``key`` is not found from ``dictionary``.</doc>
<status status="PASS" start="2024-06-03T08:19:43.332759" elapsed="0.000192"/>
</kw>
<kw name="Should Not Be Empty" owner="BuiltIn">
<msg time="2024-06-03T08:19:43.333383" level="INFO">Length is 2.</msg>
<arg>${json_data}</arg>
<doc>Verifies that the given item is not empty.</doc>
<status status="PASS" start="2024-06-03T08:19:43.333246" elapsed="0.000177"/>
</kw>
<kw name="Create List" owner="BuiltIn">
<msg time="2024-06-03T08:19:43.334004" level="INFO">${expected_keys} = ['gender', 'name', 'location', 'email', 'login']</msg>
<var>${expected_keys}</var>
<arg>gender</arg>
<arg>name</arg>
<arg>location</arg>
<arg>email</arg>
<arg>login</arg>
<doc>Returns a list containing given items.</doc>
<status status="PASS" start="2024-06-03T08:19:43.333718" elapsed="0.000311"/>
</kw>
<for flavor="IN">
<iter>
<kw name="Dictionary Should Contain Key" owner="Collections">
<msg time="2024-06-03T08:19:43.335099" level="INFO">False</msg>
<arg>${json_data['results'][0]}</arg>
<arg>${key}</arg>
<doc>Fails if ``key`` is not found from ``dictionary``.</doc>
<status status="PASS" start="2024-06-03T08:19:43.334630" elapsed="0.000510"/>
</kw>
<kw name="Log" owner="BuiltIn">
<msg time="2024-06-03T08:19:43.335817" level="INFO">{'gender': 'female', 'name': {'title': 'Madame', 'first': 'Mina', 'last': 'Dumas'}, 'location': {'street': {'number': 9366, 'name': 'Rue des Jardins'}, 'city': 'Saubraz', 'state': 'Appenzell Ausserrhoden', 'country': 'Switzerland', 'postcode': 1924, 'coordinates': {'latitude': '-57.7777', 'longitude': '124.4357'}, 'timezone': {'offset': '0:00', 'description': 'Western Europe Time, London, Lisbon, Casablanca'}}, 'email': 'mina.dumas@example.com', 'login': {'uuid': 'b3d7ebc0-e6ab-474d-9eb3-911e58148c12', 'username': 'brownmeercat185', 'password': 'prelude', 'salt': 'yNQEs1u3', 'md5': '9829befb55176b90e46dde047351a9e5', 'sha1': '684292ef3cd4b30616985813a7435f4b381ec96c', 'sha256': '0addca005406020c6f528d5e1ce53a0786d914bf221c0b5b427da347874ad825'}, 'dob': {'date': '1948-08-31T01:17:51.759Z', 'age': 75}, 'registered': {'date': '2020-06-09T10:56:36.092Z', 'age': 3}, 'phone': '076 571 16 47', 'cell': '079 679 04 92', 'id': {'name': 'AVS', 'value': '756.1665.3400.79'}, 'picture': {'large': 'https://randomuser.me/api/portraits/women/30.jpg', 'medium': 'https://randomuser.me/api/portraits/med/women/30.jpg', 'thumbnail': 'https://randomuser.me/api/portraits/thumb/women/30.jpg'}, 'nat': 'CH'}</msg>
<arg>${json_data['results'][0]}</arg>
<doc>Logs the given message with the given level.</doc>
<status status="PASS" start="2024-06-03T08:19:43.335445" elapsed="0.000433"/>
</kw>
<kw name="Log" owner="BuiltIn">
<msg time="2024-06-03T08:19:43.336346" level="INFO">gender</msg>
<arg>${key}</arg>
<doc>Logs the given message with the given level.</doc>
<status status="PASS" start="2024-06-03T08:19:43.336192" elapsed="0.000192"/>
</kw>
<var name="${key}">gender</var>
<status status="PASS" start="2024-06-03T08:19:43.334484" elapsed="0.002114"/>
</iter>
<iter>
<kw name="Dictionary Should Contain Key" owner="Collections">
<msg time="2024-06-03T08:19:43.337294" level="INFO">False</msg>
<arg>${json_data['results'][0]}</arg>
<arg>${key}</arg>
<doc>Fails if ``key`` is not found from ``dictionary``.</doc>
<status status="PASS" start="2024-06-03T08:19:43.336902" elapsed="0.000461"/>
</kw>
<kw name="Log" owner="BuiltIn">
<msg time="2024-06-03T08:19:43.338212" level="INFO">{'gender': 'female', 'name': {'title': 'Madame', 'first': 'Mina', 'last': 'Dumas'}, 'location': {'street': {'number': 9366, 'name': 'Rue des Jardins'}, 'city': 'Saubraz', 'state': 'Appenzell Ausserrhoden', 'country': 'Switzerland', 'postcode': 1924, 'coordinates': {'latitude': '-57.7777', 'longitude': '124.4357'}, 'timezone': {'offset': '0:00', 'description': 'Western Europe Time, London, Lisbon, Casablanca'}}, 'email': 'mina.dumas@example.com', 'login': {'uuid': 'b3d7ebc0-e6ab-474d-9eb3-911e58148c12', 'username': 'brownmeercat185', 'password': 'prelude', 'salt': 'yNQEs1u3', 'md5': '9829befb55176b90e46dde047351a9e5', 'sha1': '684292ef3cd4b30616985813a7435f4b381ec96c', 'sha256': '0addca005406020c6f528d5e1ce53a0786d914bf221c0b5b427da347874ad825'}, 'dob': {'date': '1948-08-31T01:17:51.759Z', 'age': 75}, 'registered': {'date': '2020-06-09T10:56:36.092Z', 'age': 3}, 'phone': '076 571 16 47', 'cell': '079 679 04 92', 'id': {'name': 'AVS', 'value': '756.1665.3400.79'}, 'picture': {'large': 'https://randomuser.me/api/portraits/women/30.jpg', 'medium': 'https://randomuser.me/api/portraits/med/women/30.jpg', 'thumbnail': 'https://randomuser.me/api/portraits/thumb/women/30.jpg'}, 'nat': 'CH'}</msg>
<arg>${json_data['results'][0]}</arg>
<doc>Logs the given message with the given level.</doc>
<status status="PASS" start="2024-06-03T08:19:43.337669" elapsed="0.000619"/>
</kw>
<kw name="Log" owner="BuiltIn">
<msg time="2024-06-03T08:19:43.338838" level="INFO">name</msg>
<arg>${key}</arg>
<doc>Logs the given message with the given level.</doc>
<status status="PASS" start="2024-06-03T08:19:43.338689" elapsed="0.000188"/>
</kw>
<var name="${key}">name</var>
<status status="PASS" start="2024-06-03T08:19:43.336785" elapsed="0.002347"/>
</iter>
<iter>
<kw name="Dictionary Should Contain Key" owner="Collections">
<msg time="2024-06-03T08:19:43.339803" level="INFO">False</msg>
<arg>${json_data['results'][0]}</arg>
<arg>${key}</arg>
<doc>Fails if ``key`` is not found from ``dictionary``.</doc>
<status status="PASS" start="2024-06-03T08:19:43.339425" elapsed="0.000417"/>
</kw>
<kw name="Log" owner="BuiltIn">
<msg time="2024-06-03T08:19:43.340499" level="INFO">{'gender': 'female', 'name': {'title': 'Madame', 'first': 'Mina', 'last': 'Dumas'}, 'location': {'street': {'number': 9366, 'name': 'Rue des Jardins'}, 'city': 'Saubraz', 'state': 'Appenzell Ausserrhoden', 'country': 'Switzerland', 'postcode': 1924, 'coordinates': {'latitude': '-57.7777', 'longitude': '124.4357'}, 'timezone': {'offset': '0:00', 'description': 'Western Europe Time, London, Lisbon, Casablanca'}}, 'email': 'mina.dumas@example.com', 'login': {'uuid': 'b3d7ebc0-e6ab-474d-9eb3-911e58148c12', 'username': 'brownmeercat185', 'password': 'prelude', 'salt': 'yNQEs1u3', 'md5': '9829befb55176b90e46dde047351a9e5', 'sha1': '684292ef3cd4b30616985813a7435f4b381ec96c', 'sha256': '0addca005406020c6f528d5e1ce53a0786d914bf221c0b5b427da347874ad825'}, 'dob': {'date': '1948-08-31T01:17:51.759Z', 'age': 75}, 'registered': {'date': '2020-06-09T10:56:36.092Z', 'age': 3}, 'phone': '076 571 16 47', 'cell': '079 679 04 92', 'id': {'name': 'AVS', 'value': '756.1665.3400.79'}, 'picture': {'large': 'https://randomuser.me/api/portraits/women/30.jpg', 'medium': 'https://randomuser.me/api/portraits/med/women/30.jpg', 'thumbnail': 'https://randomuser.me/api/portraits/thumb/women/30.jpg'}, 'nat': 'CH'}</msg>
<arg>${json_data['results'][0]}</arg>
<doc>Logs the given message with the given level.</doc>
<status status="PASS" start="2024-06-03T08:19:43.340139" elapsed="0.000409"/>
</kw>
<kw name="Log" owner="BuiltIn">
<msg time="2024-06-03T08:19:43.340985" level="INFO">location</msg>
<arg>${key}</arg>
<doc>Logs the given message with the given level.</doc>
<status status="PASS" start="2024-06-03T08:19:43.340850" elapsed="0.000174"/>
</kw>
<var name="${key}">location</var>
<status status="PASS" start="2024-06-03T08:19:43.339310" elapsed="0.001931"/>
</iter>
<iter>
<kw name="Dictionary Should Contain Key" owner="Collections">
<msg time="2024-06-03T08:19:43.341917" level="INFO">False</msg>
<arg>${json_data['results'][0]}</arg>
<arg>${key}</arg>
<doc>Fails if ``key`` is not found from ``dictionary``.</doc>
<status status="PASS" start="2024-06-03T08:19:43.341534" elapsed="0.000420"/>
</kw>
<kw name="Log" owner="BuiltIn">
<msg time="2024-06-03T08:19:43.342616" level="INFO">{'gender': 'female', 'name': {'title': 'Madame', 'first': 'Mina', 'last': 'Dumas'}, 'location': {'street': {'number': 9366, 'name': 'Rue des Jardins'}, 'city': 'Saubraz', 'state': 'Appenzell Ausserrhoden', 'country': 'Switzerland', 'postcode': 1924, 'coordinates': {'latitude': '-57.7777', 'longitude': '124.4357'}, 'timezone': {'offset': '0:00', 'description': 'Western Europe Time, London, Lisbon, Casablanca'}}, 'email': 'mina.dumas@example.com', 'login': {'uuid': 'b3d7ebc0-e6ab-474d-9eb3-911e58148c12', 'username': 'brownmeercat185', 'password': 'prelude', 'salt': 'yNQEs1u3', 'md5': '9829befb55176b90e46dde047351a9e5', 'sha1': '684292ef3cd4b30616985813a7435f4b381ec96c', 'sha256': '0addca005406020c6f528d5e1ce53a0786d914bf221c0b5b427da347874ad825'}, 'dob': {'date': '1948-08-31T01:17:51.759Z', 'age': 75}, 'registered': {'date': '2020-06-09T10:56:36.092Z', 'age': 3}, 'phone': '076 571 16 47', 'cell': '079 679 04 92', 'id': {'name': 'AVS', 'value': '756.1665.3400.79'}, 'picture': {'large': 'https://randomuser.me/api/portraits/women/30.jpg', 'medium': 'https://randomuser.me/api/portraits/med/women/30.jpg', 'thumbnail': 'https://randomuser.me/api/portraits/thumb/women/30.jpg'}, 'nat': 'CH'}</msg>
<arg>${json_data['results'][0]}</arg>
<doc>Logs the given message with the given level.</doc>
<status status="PASS" start="2024-06-03T08:19:43.342255" elapsed="0.000409"/>
</kw>
<kw name="Log" owner="BuiltIn">
<msg time="2024-06-03T08:19:43.343121" level="INFO">email</msg>
<arg>${key}</arg>
<doc>Logs the given message with the given level.</doc>
<status status="PASS" start="2024-06-03T08:19:43.342988" elapsed="0.000171"/>
</kw>
<var name="${key}">email</var>
<status status="PASS" start="2024-06-03T08:19:43.341415" elapsed="0.001963"/>
</iter>
<iter>
<kw name="Dictionary Should Contain Key" owner="Collections">
<msg time="2024-06-03T08:19:43.344054" level="INFO">False</msg>
<arg>${json_data['results'][0]}</arg>
<arg>${key}</arg>
<doc>Fails if ``key`` is not found from ``dictionary``.</doc>
<status status="PASS" start="2024-06-03T08:19:43.343667" elapsed="0.000425"/>
</kw>
<kw name="Log" owner="BuiltIn">
<msg time="2024-06-03T08:19:43.344749" level="INFO">{'gender': 'female', 'name': {'title': 'Madame', 'first': 'Mina', 'last': 'Dumas'}, 'location': {'street': {'number': 9366, 'name': 'Rue des Jardins'}, 'city': 'Saubraz', 'state': 'Appenzell Ausserrhoden', 'country': 'Switzerland', 'postcode': 1924, 'coordinates': {'latitude': '-57.7777', 'longitude': '124.4357'}, 'timezone': {'offset': '0:00', 'description': 'Western Europe Time, London, Lisbon, Casablanca'}}, 'email': 'mina.dumas@example.com', 'login': {'uuid': 'b3d7ebc0-e6ab-474d-9eb3-911e58148c12', 'username': 'brownmeercat185', 'password': 'prelude', 'salt': 'yNQEs1u3', 'md5': '9829befb55176b90e46dde047351a9e5', 'sha1': '684292ef3cd4b30616985813a7435f4b381ec96c', 'sha256': '0addca005406020c6f528d5e1ce53a0786d914bf221c0b5b427da347874ad825'}, 'dob': {'date': '1948-08-31T01:17:51.759Z', 'age': 75}, 'registered': {'date': '2020-06-09T10:56:36.092Z', 'age': 3}, 'phone': '076 571 16 47', 'cell': '079 679 04 92', 'id': {'name': 'AVS', 'value': '756.1665.3400.79'}, 'picture': {'large': 'https://randomuser.me/api/portraits/women/30.jpg', 'medium': 'https://randomuser.me/api/portraits/med/women/30.jpg', 'thumbnail': 'https://randomuser.me/api/portraits/thumb/women/30.jpg'}, 'nat': 'CH'}</msg>
<arg>${json_data['results'][0]}</arg>
<doc>Logs the given message with the given level.</doc>
<status status="PASS" start="2024-06-03T08:19:43.344386" elapsed="0.000412"/>
</kw>
<kw name="Log" owner="BuiltIn">
<msg time="2024-06-03T08:19:43.345249" level="INFO">login</msg>
<arg>${key}</arg>
<doc>Logs the given message with the given level.</doc>
<status status="PASS" start="2024-06-03T08:19:43.345118" elapsed="0.000169"/>
</kw>
<var name="${key}">login</var>
<status status="PASS" start="2024-06-03T08:19:43.343552" elapsed="0.001953"/>
</iter>
<var>${key}</var>
<value>@{expected_keys}</value>
<status status="PASS" start="2024-06-03T08:19:43.334292" elapsed="0.011338"/>
</for>
<kw name="Create List" owner="BuiltIn">
<msg time="2024-06-03T08:19:43.345972" level="INFO">${expected_keysTwo} = ['username', 'password']</msg>
<var>${expected_keysTwo}</var>
<arg>username</arg>
<arg>password</arg>
<doc>Returns a list containing given items.</doc>
<status status="PASS" start="2024-06-03T08:19:43.345828" elapsed="0.000169"/>
</kw>
<for flavor="IN">
<iter>
<kw name="Dictionary Should Contain Key" owner="Collections">
<msg time="2024-06-03T08:19:43.346886" level="INFO">False</msg>
<arg>${json_data['results'][0]['login']}</arg>
<arg>${keyTwo}</arg>
<doc>Fails if ``key`` is not found from ``dictionary``.</doc>
<status status="PASS" start="2024-06-03T08:19:43.346505" elapsed="0.000450"/>
</kw>
<kw name="Dictionary Should Contain Key" owner="Collections">
<msg time="2024-06-03T08:19:43.347639" level="INFO">False</msg>
<arg>${json_data['results'][0]['login']}</arg>
<arg>${keyTwo}</arg>
<doc>Fails if ``key`` is not found from ``dictionary``.</doc>
<status status="PASS" start="2024-06-03T08:19:43.347257" elapsed="0.000420"/>
</kw>
<kw name="Log" owner="BuiltIn">
<msg time="2024-06-03T08:19:43.348099" level="INFO">username</msg>
<arg>${keyTwo}</arg>
<doc>Logs the given message with the given level.</doc>
<status status="PASS" start="2024-06-03T08:19:43.347972" elapsed="0.000164"/>
</kw>
<var name="${keyTwo}">username</var>
<status status="PASS" start="2024-06-03T08:19:43.346395" elapsed="0.001966"/>
</iter>
<iter>
<kw name="Dictionary Should Contain Key" owner="Collections">
<msg time="2024-06-03T08:19:43.349016" level="INFO">False</msg>
<arg>${json_data['results'][0]['login']}</arg>
<arg>${keyTwo}</arg>
<doc>Fails if ``key`` is not found from ``dictionary``.</doc>
<status status="PASS" start="2024-06-03T08:19:43.348645" elapsed="0.000409"/>
</kw>
<kw name="Dictionary Should Contain Key" owner="Collections">
<msg time="2024-06-03T08:19:43.349809" level="INFO">False</msg>
<arg>${json_data['results'][0]['login']}</arg>
<arg>${keyTwo}</arg>
<doc>Fails if ``key`` is not found from ``dictionary``.</doc>
<status status="PASS" start="2024-06-03T08:19:43.349345" elapsed="0.000503"/>
</kw>
<kw name="Log" owner="BuiltIn">
<msg time="2024-06-03T08:19:43.350273" level="INFO">password</msg>
<arg>${keyTwo}</arg>
<doc>Logs the given message with the given level.</doc>
<status status="PASS" start="2024-06-03T08:19:43.350146" elapsed="0.000163"/>
</kw>
<var name="${keyTwo}">password</var>
<status status="PASS" start="2024-06-03T08:19:43.348530" elapsed="0.001994"/>
</iter>
<var>${keyTwo}</var>
<value>@{expected_keysTwo}</value>
<status status="PASS" start="2024-06-03T08:19:43.346241" elapsed="0.004404"/>
</for>
<status status="PASS" start="2024-06-03T08:19:43.270780" elapsed="0.080004"/>
</kw>
<doc>Testa a estrutura da resposta da API.</doc>
<tag>testeEstruturaResposta</tag>
<status status="PASS" start="2024-06-03T08:19:43.270185" elapsed="0.080797"/>
</test>
<test id="s1-s1-t4" name="Validar tipos de dados" line="28">
<kw name="Teste de Tipos de Dados" owner="random-user-service">
<kw name="GET On Session" owner="RequestsLibrary">
<msg time="2024-06-03T08:19:43.430395" level="INFO">GET Request : url=https://randomuser.me/api 
 path_url=/api 
 headers={'User-Agent': 'python-requests/2.32.3', 'Accept-Encoding': 'gzip, deflate', 'Accept': '*/*', 'Connection': 'keep-alive'} 
 body=None 
 </msg>
<msg time="2024-06-03T08:19:43.430485" level="INFO">GET Response : url=https://randomuser.me/api 
 status=200, reason=OK 
 headers={'Date': 'Mon, 03 Jun 2024 08:19:43 GMT', 'Content-Type': 'application/json; charset=utf-8', 'Transfer-Encoding': 'chunked', 'Connection': 'keep-alive', 'X-Powered-By': 'Express', 'Access-Control-Allow-Origin': '*', 'Cache-Control': 'no-cache', 'ETag': 'W/"498-YTI0Pfygxt/x0m2r63k0tC/qD5Q"', 'Vary': 'Accept-Encoding', 'Content-Encoding': 'gzip', 'CF-Cache-Status': 'DYNAMIC', 'Report-To': '{"endpoints":[{"url":"https:\\/\\/a.nel.cloudflare.com\\/report\\/v4?s=%2FX8WOZXLrGsLVsr%2BoAYujnz%2Fj50UsGK6%2FEJc2m4kgcXAKwLJWKHd2obJOz5sAN4N0wNHd6WRxHqtJ4bTIVnzk%2FIRAbpF7HN1anc%2FiLUN9iqxY%2BJa5wu5wlDmN0g7%2FTh%2F"}],"group":"cf-nel","max_age":604800}', 'NEL': '{"success_fraction":0,"report_to":"cf-nel","max_age":604800}', 'Server': 'cloudflare', 'CF-RAY': '88de4283fff686ea-ORD', 'alt-svc': 'h3=":443"; ma=86400'} 
 body={"results":[{"gender":"female","name":{"title":"Miss","first":"Slavica","last":"Meurer"},"location":{"street":{"number":739,"name":"Schulstraße"},"city":"Ober-Ramstadt","state":"Hamburg","country":"Germany","postcode":17904,"coordinates":{"latitude":"-55.3003","longitude":"42.0818"},"timezone":{"offset":"-12:00","description":"Eniwetok, Kwajalein"}},"email":"slavica.meurer@example.com","login":{"uuid":"e9001da5-1ed2-402f-a00a-18a713bb51bb","username":"purplebutterfly594","password":"123123123","salt":"41jbi76a","md5":"1cdc696091ba381d8dd7a5ec7a794cf7","sha1":"2c500e6850476dbd890d531a2f24f246260152d0","sha256":"d115be171af6b46e780ec5215db0a240661bd4b21b181987c669645335beed4e"},"dob":{"date":"1981-11-30T17:37:53.999Z","age":42},"registered":{"date":"2011-09-30T09:59:46.071Z","age":12},"phone":"0266-3077744","cell":"0174-1854320","id":{"name":"SVNR","value":"46 301181 M 570"},"picture":{"large":"https://randomuser.me/api/portraits/women/11.jpg","medium":"https://randomuser.me/api/portraits/med/women/11.jpg","thumbnail":"https://randomuser.me/api/portraits/thumb/women/11.jpg"},"nat":"DE"}],"info":{"seed":"8e7d35f80909c58a","results":1,"page":1,"version":"1.4"}} 
 </msg>
<msg time="2024-06-03T08:19:43.430553" level="INFO">/opt/hostedtoolcache/Python/3.12.3/x64/lib/python3.12/site-packages/urllib3/connectionpool.py:1103: InsecureRequestWarning: Unverified HTTPS request is being made to host 'randomuser.me'. Adding certificate verification is strongly advised. See: https://urllib3.readthedocs.io/en/latest/advanced-usage.html#tls-warnings
  warnings.warn(</msg>
<msg time="2024-06-03T08:19:43.430664" level="INFO">${response} = &lt;Response [200]&gt;</msg>
<var>${response}</var>
<arg>consultarAPI</arg>
<arg>/api</arg>
<doc>Sends a GET request on a previously created HTTP Session.</doc>
<status status="PASS" start="2024-06-03T08:19:43.353508" elapsed="0.077196"/>
</kw>
<kw name="Set Variable" owner="BuiltIn">
<msg time="2024-06-03T08:19:43.431755" level="INFO">${json_data} = {'results': [{'gender': 'female', 'name': {'title': 'Miss', 'first': 'Slavica', 'last': 'Meurer'}, 'location': {'street': {'number': 739, 'name': 'Schulstraße'}, 'city': 'Ober-Ramstadt', 'state': 'Ham...</msg>
<var>${json_data}</var>
<arg>${response.json()}</arg>
<doc>Returns the given values which can then be assigned to a variables.</doc>
<status status="PASS" start="2024-06-03T08:19:43.431250" elapsed="0.000536"/>
</kw>
<kw name="Log" owner="BuiltIn">
<msg time="2024-06-03T08:19:43.432254" level="INFO">{'results': [{'gender': 'female', 'name': {'title': 'Miss', 'first': 'Slavica', 'last': 'Meurer'}, 'location': {'street': {'number': 739, 'name': 'Schulstraße'}, 'city': 'Ober-Ramstadt', 'state': 'Hamburg', 'country': 'Germany', 'postcode': 17904, 'coordinates': {'latitude': '-55.3003', 'longitude': '42.0818'}, 'timezone': {'offset': '-12:00', 'description': 'Eniwetok, Kwajalein'}}, 'email': 'slavica.meurer@example.com', 'login': {'uuid': 'e9001da5-1ed2-402f-a00a-18a713bb51bb', 'username': 'purplebutterfly594', 'password': '123123123', 'salt': '41jbi76a', 'md5': '1cdc696091ba381d8dd7a5ec7a794cf7', 'sha1': '2c500e6850476dbd890d531a2f24f246260152d0', 'sha256': 'd115be171af6b46e780ec5215db0a240661bd4b21b181987c669645335beed4e'}, 'dob': {'date': '1981-11-30T17:37:53.999Z', 'age': 42}, 'registered': {'date': '2011-09-30T09:59:46.071Z', 'age': 12}, 'phone': '0266-3077744', 'cell': '0174-1854320', 'id': {'name': 'SVNR', 'value': '46 301181 M 570'}, 'picture': {'large': 'https://randomuser.me/api/portraits/women/11.jpg', 'medium': 'https://randomuser.me/api/portraits/med/women/11.jpg', 'thumbnail': 'https://randomuser.me/api/portraits/thumb/women/11.jpg'}, 'nat': 'DE'}], 'info': {'seed': '8e7d35f80909c58a', 'results': 1, 'page': 1, 'version': '1.4'}}</msg>
<arg>${json_data}</arg>
<doc>Logs the given message with the given level.</doc>
<status status="PASS" start="2024-06-03T08:19:43.432095" elapsed="0.000246"/>
</kw>
<kw name="Should Be String" owner="String">
<arg>${json_data['results'][0]['gender']}</arg>
<doc>Fails if the given ``item`` is not a string.</doc>
<status status="PASS" start="2024-06-03T08:19:43.432645" elapsed="0.000366"/>
</kw>
<kw name="Should Match Regexp" owner="BuiltIn">
<arg>${json_data['results'][0]['email']}</arg>
<arg>^[a-zA-Z0-9._%+-]+@[a-zA-Z0-9.-]+\.[a-zA-Z]{2,}$</arg>
<doc>Fails if ``string`` does not match ``pattern`` as a regular expression.</doc>
<status status="PASS" start="2024-06-03T08:19:43.433204" elapsed="0.000520"/>
</kw>
<kw name="Should Match Regexp" owner="BuiltIn">
<arg>${json_data['results'][0]['dob']['date']}</arg>
<arg>\\d{4}-\\d{2}-\\d{2}T\\d{2}:\\d{2}:\\d{2}\\.\\d{3}Z</arg>
<doc>Fails if ``string`` does not match ``pattern`` as a regular expression.</doc>
<status status="PASS" start="2024-06-03T08:19:43.433921" elapsed="0.000486"/>
</kw>
<kw name="Should Match Regexp" owner="BuiltIn">
<arg>${json_data['results'][0]['registered']['date']}</arg>
<arg>\\d{4}-\\d{2}-\\d{2}T\\d{2}:\\d{2}:\\d{2}\\.\\d{3}Z</arg>
<doc>Fails if ``string`` does not match ``pattern`` as a regular expression.</doc>
<status status="PASS" start="2024-06-03T08:19:43.434601" elapsed="0.000408"/>
</kw>
<kw name="Should Match Regexp" owner="BuiltIn">
<arg>${json_data['results'][0]['picture']['large']}</arg>
<arg>^https?://.*\.(?:png|jpe?g|gif|bmp)$</arg>
<doc>Fails if ``string`` does not match ``pattern`` as a regular expression.</doc>
<status status="PASS" start="2024-06-03T08:19:43.435217" elapsed="0.000468"/>
</kw>
<kw name="Should Match Regexp" owner="BuiltIn">
<arg>${json_data['results'][0]['picture']['medium']}</arg>
<arg>^https?://.*\.(?:png|jpe?g|gif|bmp)$</arg>
<doc>Fails if ``string`` does not match ``pattern`` as a regular expression.</doc>
<status status="PASS" start="2024-06-03T08:19:43.435878" elapsed="0.000358"/>
</kw>
<kw name="Should Match Regexp" owner="BuiltIn">
<arg>${json_data['results'][0]['picture']['thumbnail']}</arg>
<arg>^https?://.*\.(?:png|jpe?g|gif|bmp)$</arg>
<doc>Fails if ``string`` does not match ``pattern`` as a regular expression.</doc>
<status status="PASS" start="2024-06-03T08:19:43.436424" elapsed="0.000349"/>
</kw>
<kw name="Log" owner="BuiltIn">
<msg time="2024-06-03T08:19:43.437300" level="INFO">{'large': 'https://randomuser.me/api/portraits/women/11.jpg', 'medium': 'https://randomuser.me/api/portraits/med/women/11.jpg', 'thumbnail': 'https://randomuser.me/api/portraits/thumb/women/11.jpg'}</msg>
<arg>${json_data['results'][0]['picture']}</arg>
<doc>Logs the given message with the given level.</doc>
<status status="PASS" start="2024-06-03T08:19:43.436968" elapsed="0.000377"/>
</kw>
<status status="PASS" start="2024-06-03T08:19:43.353277" elapsed="0.084327"/>
</kw>
<kw name="Teste de Tipos de Dados - Postcode" owner="random-user-service">
<kw name="GET On Session" owner="RequestsLibrary">
<msg time="2024-06-03T08:19:43.515640" level="INFO">GET Request : url=https://randomuser.me/api 
 path_url=/api 
 headers={'User-Agent': 'python-requests/2.32.3', 'Accept-Encoding': 'gzip, deflate', 'Accept': '*/*', 'Connection': 'keep-alive'} 
 body=None 
 </msg>
<msg time="2024-06-03T08:19:43.515719" level="INFO">GET Response : url=https://randomuser.me/api 
 status=200, reason=OK 
 headers={'Date': 'Mon, 03 Jun 2024 08:19:43 GMT', 'Content-Type': 'application/json; charset=utf-8', 'Transfer-Encoding': 'chunked', 'Connection': 'keep-alive', 'X-Powered-By': 'Express', 'Access-Control-Allow-Origin': '*', 'Cache-Control': 'no-cache', 'ETag': 'W/"490-eht8O3sLxAynXWTaV/HdBkBiBFA"', 'Vary': 'Accept-Encoding', 'Content-Encoding': 'gzip', 'CF-Cache-Status': 'DYNAMIC', 'Report-To': '{"endpoints":[{"url":"https:\\/\\/a.nel.cloudflare.com\\/report\\/v4?s=PjeNJbRbptNvgTHxwfUHzC%2Ftr8nwxiFcbQjXHJlpp8%2Fbi0f1wI%2Fvsv3Fbj8WH8udA9UUQRdTi4tjVLq8NKxtlZ4AuJIy7RnQWHuaH%2B4kWRDyRghZ1GgptN232w8kLOIo"}],"group":"cf-nel","max_age":604800}', 'NEL': '{"success_fraction":0,"report_to":"cf-nel","max_age":604800}', 'Server': 'cloudflare', 'CF-RAY': '88de4284784986ea-ORD', 'alt-svc': 'h3=":443"; ma=86400'} 
 body={"results":[{"gender":"male","name":{"title":"Mr","first":"Joaquín","last":"Pizarro"},"location":{"street":{"number":4661,"name":"Diagonal Soria"},"city":"Cedral","state":"Zacatecas","country":"Mexico","postcode":85786,"coordinates":{"latitude":"27.0601","longitude":"-178.6578"},"timezone":{"offset":"-1:00","description":"Azores, Cape Verde Islands"}},"email":"joaquin.pizarro@example.com","login":{"uuid":"7b6791fd-0982-4c44-ad27-1f354beca2d3","username":"blackladybug164","password":"stan","salt":"bKHjWpqP","md5":"261943a9969dba4075f95b340526a731","sha1":"bdcbeb923697c7882521f588405d9c42b9f50734","sha256":"7caf9edcf5d04c8f2d258397bc53340b23426b32da57737df3dca0dbfde08a3a"},"dob":{"date":"2001-03-07T12:50:40.401Z","age":23},"registered":{"date":"2006-03-17T23:59:41.483Z","age":18},"phone":"(627) 976 1820","cell":"(620) 864 3406","id":{"name":"NSS","value":"89 54 15 2223 7"},"picture":{"large":"https://randomuser.me/api/portraits/men/33.jpg","medium":"https://randomuser.me/api/portraits/med/men/33.jpg","thumbnail":"https://randomuser.me/api/portraits/thumb/men/33.jpg"},"nat":"MX"}],"info":{"seed":"1d4677629435963a","results":1,"page":1,"version":"1.4"}} 
 </msg>
<msg time="2024-06-03T08:19:43.515784" level="INFO">/opt/hostedtoolcache/Python/3.12.3/x64/lib/python3.12/site-packages/urllib3/connectionpool.py:1103: InsecureRequestWarning: Unverified HTTPS request is being made to host 'randomuser.me'. Adding certificate verification is strongly advised. See: https://urllib3.readthedocs.io/en/latest/advanced-usage.html#tls-warnings
  warnings.warn(</msg>
<msg time="2024-06-03T08:19:43.515887" level="INFO">${response} = &lt;Response [200]&gt;</msg>
<var>${response}</var>
<arg>consultarAPI</arg>
<arg>/api</arg>
<doc>Sends a GET request on a previously created HTTP Session.</doc>
<status status="PASS" start="2024-06-03T08:19:43.438065" elapsed="0.077861"/>
</kw>
<kw name="Set Variable" owner="BuiltIn">
<msg time="2024-06-03T08:19:43.517013" level="INFO">${json_data} = {'results': [{'gender': 'male', 'name': {'title': 'Mr', 'first': 'Joaquín', 'last': 'Pizarro'}, 'location': {'street': {'number': 4661, 'name': 'Diagonal Soria'}, 'city': 'Cedral', 'state': 'Zacatecas...</msg>
<var>${json_data}</var>
<arg>${response.json()}</arg>
<doc>Returns the given values which can then be assigned to a variables.</doc>
<status status="PASS" start="2024-06-03T08:19:43.516452" elapsed="0.000591"/>
</kw>
<kw name="Log" owner="BuiltIn">
<msg time="2024-06-03T08:19:43.517512" level="INFO">{'results': [{'gender': 'male', 'name': {'title': 'Mr', 'first': 'Joaquín', 'last': 'Pizarro'}, 'location': {'street': {'number': 4661, 'name': 'Diagonal Soria'}, 'city': 'Cedral', 'state': 'Zacatecas', 'country': 'Mexico', 'postcode': 85786, 'coordinates': {'latitude': '27.0601', 'longitude': '-178.6578'}, 'timezone': {'offset': '-1:00', 'description': 'Azores, Cape Verde Islands'}}, 'email': 'joaquin.pizarro@example.com', 'login': {'uuid': '7b6791fd-0982-4c44-ad27-1f354beca2d3', 'username': 'blackladybug164', 'password': 'stan', 'salt': 'bKHjWpqP', 'md5': '261943a9969dba4075f95b340526a731', 'sha1': 'bdcbeb923697c7882521f588405d9c42b9f50734', 'sha256': '7caf9edcf5d04c8f2d258397bc53340b23426b32da57737df3dca0dbfde08a3a'}, 'dob': {'date': '2001-03-07T12:50:40.401Z', 'age': 23}, 'registered': {'date': '2006-03-17T23:59:41.483Z', 'age': 18}, 'phone': '(627) 976 1820', 'cell': '(620) 864 3406', 'id': {'name': 'NSS', 'value': '89 54 15 2223 7'}, 'picture': {'large': 'https://randomuser.me/api/portraits/men/33.jpg', 'medium': 'https://randomuser.me/api/portraits/med/men/33.jpg', 'thumbnail': 'https://randomuser.me/api/portraits/thumb/men/33.jpg'}, 'nat': 'MX'}], 'info': {'seed': '1d4677629435963a', 'results': 1, 'page': 1, 'version': '1.4'}}</msg>
<arg>${json_data}</arg>
<doc>Logs the given message with the given level.</doc>
<status status="PASS" start="2024-06-03T08:19:43.517356" elapsed="0.000240"/>
</kw>
<kw name="Should Be Equal As Numbers" owner="BuiltIn">
<arg>${json_data['results'][0]['location']['postcode']}</arg>
<arg>${json_data['results'][0]['location']['postcode']}</arg>
<doc>Fails if objects are unequal after converting them to real numbers.</doc>
<status status="PASS" start="2024-06-03T08:19:43.517905" elapsed="0.000783"/>
</kw>
<kw name="Log" owner="BuiltIn">
<msg time="2024-06-03T08:19:43.519266" level="INFO">85786</msg>
<arg>${json_data['results'][0]['location']['postcode']}</arg>
<doc>Logs the given message with the given level.</doc>
<status status="PASS" start="2024-06-03T08:19:43.518882" elapsed="0.000425"/>
</kw>
<status status="PASS" start="2024-06-03T08:19:43.437832" elapsed="0.081733"/>
</kw>
<doc>Testa se os tipos de dados na resposta da API estão corretos.</doc>
<tag>testeTiposDados</tag>
<status status="PASS" start="2024-06-03T08:19:43.352739" elapsed="0.166997"/>
</test>
<test id="s1-s1-t5" name="Validar conteudo" line="35">
<kw name="Teste de Tipos de Conteudo" owner="random-user-service">
<kw name="GET On Session" owner="RequestsLibrary">
<msg time="2024-06-03T08:19:43.658692" level="INFO">GET Request : url=https://randomuser.me/api 
 path_url=/api 
 headers={'User-Agent': 'python-requests/2.32.3', 'Accept-Encoding': 'gzip, deflate', 'Accept': '*/*', 'Connection': 'keep-alive'} 
 body=None 
 </msg>
<msg time="2024-06-03T08:19:43.658794" level="INFO">GET Response : url=https://randomuser.me/api 
 status=200, reason=OK 
 headers={'Date': 'Mon, 03 Jun 2024 08:19:43 GMT', 'Content-Type': 'application/json; charset=utf-8', 'Transfer-Encoding': 'chunked', 'Connection': 'keep-alive', 'X-Powered-By': 'Express', 'Access-Control-Allow-Origin': '*', 'Cache-Control': 'no-cache', 'ETag': 'W/"4b2-M5C1+n65jbJEAhJTLimH41orRZg"', 'Vary': 'Accept-Encoding', 'Content-Encoding': 'gzip', 'CF-Cache-Status': 'DYNAMIC', 'Report-To': '{"endpoints":[{"url":"https:\\/\\/a.nel.cloudflare.com\\/report\\/v4?s=vXNoTn6kkAg5Oph1ylDVn51bJRmSHiWsdHYhYRBXKCQsCbC0tbGUiWeJoN1lYDOLEcuaMw%2FyZ5IqPn9S6OOXX4wsNAKG%2F6HWjFkqlX8BVghs2JpgZ32FuCSsPhg1zwTW"}],"group":"cf-nel","max_age":604800}', 'NEL': '{"success_fraction":0,"report_to":"cf-nel","max_age":604800}', 'Server': 'cloudflare', 'CF-RAY': '88de4285089986ea-ORD', 'alt-svc': 'h3=":443"; ma=86400'} 
 body={"results":[{"gender":"female","name":{"title":"Miss","first":"Adela","last":"Escobar"},"location":{"street":{"number":8926,"name":"Eje vial Rincón"},"city":"La Punta","state":"Baja California Sur","country":"Mexico","postcode":67865,"coordinates":{"latitude":"28.7680","longitude":"109.2896"},"timezone":{"offset":"-6:00","description":"Central Time (US &amp; Canada), Mexico City"}},"email":"adela.escobar@example.com","login":{"uuid":"0433ea61-a243-49f5-8fbf-948b39fd3e27","username":"whitemeercat360","password":"playball","salt":"jrnM0uX0","md5":"3d8020564b6e26541560c534f31f91c4","sha1":"a69a66812b880284f527b09017c40253f4958369","sha256":"6b4bc65dc19a22471e2316823589679f6b7e5e142cb37cf08a0f7ad1532697ff"},"dob":{"date":"1975-01-21T11:29:46.160Z","age":49},"registered":{"date":"2016-02-17T07:24:31.862Z","age":8},"phone":"(669) 829 1462","cell":"(614) 353 9793","id":{"name":"NSS","value":"35 99 21 5895 3"},"picture":{"large":"https://randomuser.me/api/portraits/women/20.jpg","medium":"https://randomuser.me/api/portraits/med/women/20.jpg","thumbnail":"https://randomuser.me/api/portraits/thumb/women/20.jpg"},"nat":"MX"}],"info":{"seed":"877b06775e2a93c5","results":1,"page":1,"version":"1.4"}} 
 </msg>
<msg time="2024-06-03T08:19:43.658870" level="INFO">/opt/hostedtoolcache/Python/3.12.3/x64/lib/python3.12/site-packages/urllib3/connectionpool.py:1103: InsecureRequestWarning: Unverified HTTPS request is being made to host 'randomuser.me'. Adding certificate verification is strongly advised. See: https://urllib3.readthedocs.io/en/latest/advanced-usage.html#tls-warnings
  warnings.warn(</msg>
<msg time="2024-06-03T08:19:43.659028" level="INFO">${response} = &lt;Response [200]&gt;</msg>
<var>${response}</var>
<arg>consultarAPI</arg>
<arg>/api</arg>
<doc>Sends a GET request on a previously created HTTP Session.</doc>
<status status="PASS" start="2024-06-03T08:19:43.522280" elapsed="0.136793"/>
</kw>
<kw name="Set Variable" owner="BuiltIn">
<msg time="2024-06-03T08:19:43.660375" level="INFO">${json_data} = {'results': [{'gender': 'female', 'name': {'title': 'Miss', 'first': 'Adela', 'last': 'Escobar'}, 'location': {'street': {'number': 8926, 'name': 'Eje vial Rincón'}, 'city': 'La Punta', 'state': 'Baja...</msg>
<var>${json_data}</var>
<arg>${response.json()}</arg>
<doc>Returns the given values which can then be assigned to a variables.</doc>
<status status="PASS" start="2024-06-03T08:19:43.659711" elapsed="0.000694"/>
</kw>
<kw name="Set Variable" owner="BuiltIn">
<msg time="2024-06-03T08:19:43.661098" level="INFO">${name_title} = Miss</msg>
<var>${name_title}</var>
<arg>${json_data["results"][0]["name"]["title"]}</arg>
<doc>Returns the given values which can then be assigned to a variables.</doc>
<status status="PASS" start="2024-06-03T08:19:43.660713" elapsed="0.000411"/>
</kw>
<kw name="Create List" owner="BuiltIn">
<msg time="2024-06-03T08:19:43.661574" level="INFO">${allowed_titles} = ['Mr', 'Ms', 'Miss', 'Mrs', 'Madame', 'Monsieur']</msg>
<var>${allowed_titles}</var>
<arg>Mr</arg>
<arg>Ms</arg>
<arg>Miss</arg>
<arg>Mrs</arg>
<arg>Madame</arg>
<arg>Monsieur</arg>
<doc>Returns a list containing given items.</doc>
<status status="PASS" start="2024-06-03T08:19:43.661427" elapsed="0.000171"/>
</kw>
<kw name="List Should Contain Value" owner="Collections">
<msg time="2024-06-03T08:19:43.662080" level="INFO">False</msg>
<arg>${allowed_titles}</arg>
<arg>${name_title}</arg>
<doc>Fails if the ``value`` is not found from ``list``.</doc>
<status status="PASS" start="2024-06-03T08:19:43.661906" elapsed="0.000211"/>
</kw>
<kw name="Set Variable" owner="BuiltIn">
<msg time="2024-06-03T08:19:43.662786" level="INFO">${name_country} = MX</msg>
<var>${name_country}</var>
<arg>${json_data["results"][0]["nat"]}</arg>
<doc>Returns the given values which can then be assigned to a variables.</doc>
<status status="PASS" start="2024-06-03T08:19:43.662414" elapsed="0.000397"/>
</kw>
<kw name="Create List" owner="BuiltIn">
<msg time="2024-06-03T08:19:43.663741" level="INFO">${list_country} = ['AD', 'AE', 'AF', 'AG', 'AI', 'AL', 'AM', 'AO', 'AQ', 'AR', 'AS', 'AT', 'AU', 'AW', 'AX', 'AZ', 'BA', 'BB', 'BD', 'BE', 'BF', 'BG', 'BH', 'BI', 'BJ', 'BL', 'BM', 'BN', 'BO', 'BQ', 'BR', 'BS', 'BT', '...</msg>
<var>${list_country}</var>
<arg>AD</arg>
<arg>AE</arg>
<arg>AF</arg>
<arg>AG</arg>
<arg>AI</arg>
<arg>AL</arg>
<arg>AM</arg>
<arg>AO</arg>
<arg>AQ</arg>
<arg>AR</arg>
<arg>AS</arg>
<arg>AT</arg>
<arg>AU</arg>
<arg>AW</arg>
<arg>AX</arg>
<arg>AZ</arg>
<arg>BA</arg>
<arg>BB</arg>
<arg>BD</arg>
<arg>BE</arg>
<arg>BF</arg>
<arg>BG</arg>
<arg>BH</arg>
<arg>BI</arg>
<arg>BJ</arg>
<arg>BL</arg>
<arg>BM</arg>
<arg>BN</arg>
<arg>BO</arg>
<arg>BQ</arg>
<arg>BR</arg>
<arg>BS</arg>
<arg>BT</arg>
<arg>BV</arg>
<arg>BW</arg>
<arg>BY</arg>
<arg>BZ</arg>
<arg>CA</arg>
<arg>CC</arg>
<arg>CD</arg>
<arg>CF</arg>
<arg>CG</arg>
<arg>CH</arg>
<arg>CI</arg>
<arg>CK</arg>
<arg>CL</arg>
<arg>CM</arg>
<arg>CN</arg>
<arg>CO</arg>
<arg>CR</arg>
<arg>CU</arg>
<arg>CV</arg>
<arg>CW</arg>
<arg>CX</arg>
<arg>CY</arg>
<arg>CZ</arg>
<arg>DE</arg>
<arg>DJ</arg>
<arg>DK</arg>
<arg>DM</arg>
<arg>DO</arg>
<arg>DZ</arg>
<arg>EC</arg>
<arg>EE</arg>
<arg>EG</arg>
<arg>EH</arg>
<arg>ER</arg>
<arg>ES</arg>
<arg>ET</arg>
<arg>FI</arg>
<arg>FJ</arg>
<arg>FK</arg>
<arg>FM</arg>
<arg>FO</arg>
<arg>FR</arg>
<arg>GA</arg>
<arg>GB</arg>
<arg>GD</arg>
<arg>GE</arg>
<arg>GF</arg>
<arg>GG</arg>
<arg>GH</arg>
<arg>GI</arg>
<arg>GL</arg>
<arg>GM</arg>
<arg>GN</arg>
<arg>GP</arg>
<arg>GQ</arg>
<arg>GR</arg>
<arg>GS</arg>
<arg>GT</arg>
<arg>GU</arg>
<arg>GW</arg>
<arg>GY</arg>
<arg>HK</arg>
<arg>HM</arg>
<arg>HN</arg>
<arg>HR</arg>
<arg>HT</arg>
<arg>HU</arg>
<arg>ID</arg>
<arg>IE</arg>
<arg>IL</arg>
<arg>IM</arg>
<arg>IN</arg>
<arg>IO</arg>
<arg>IQ</arg>
<arg>IR</arg>
<arg>IS</arg>
<arg>IT</arg>
<arg>JE</arg>
<arg>JM</arg>
<arg>JO</arg>
<arg>JP</arg>
<arg>KE</arg>
<arg>KG</arg>
<arg>KH</arg>
<arg>KI</arg>
<arg>KM</arg>
<arg>KN</arg>
<arg>KP</arg>
<arg>KR</arg>
<arg>KW</arg>
<arg>KY</arg>
<arg>KZ</arg>
<arg>LA</arg>
<arg>LB</arg>
<arg>LC</arg>
<arg>LI</arg>
<arg>LK</arg>
<arg>LR</arg>
<arg>LS</arg>
<arg>LT</arg>
<arg>LU</arg>
<arg>LV</arg>
<arg>LY</arg>
<arg>MA</arg>
<arg>MC</arg>
<arg>MD</arg>
<arg>ME</arg>
<arg>MF</arg>
<arg>MG</arg>
<arg>MH</arg>
<arg>MK</arg>
<arg>ML</arg>
<arg>MM</arg>
<arg>MN</arg>
<arg>MO</arg>
<arg>MP</arg>
<arg>MQ</arg>
<arg>MR</arg>
<arg>MS</arg>
<arg>MT</arg>
<arg>MU</arg>
<arg>MV</arg>
<arg>MW</arg>
<arg>MX</arg>
<arg>MY</arg>
<arg>MZ</arg>
<arg>NA</arg>
<arg>NC</arg>
<arg>NE</arg>
<arg>NF</arg>
<arg>NG</arg>
<arg>NI</arg>
<arg>NL</arg>
<arg>NO</arg>
<arg>NP</arg>
<arg>NR</arg>
<arg>NU</arg>
<arg>NZ</arg>
<arg>OM</arg>
<arg>PA</arg>
<arg>PE</arg>
<arg>PF</arg>
<arg>PG</arg>
<arg>PH</arg>
<arg>PK</arg>
<arg>PL</arg>
<arg>PM</arg>
<arg>PN</arg>
<arg>PR</arg>
<arg>PS</arg>
<arg>PT</arg>
<arg>PW</arg>
<arg>PY</arg>
<arg>QA</arg>
<arg>RE</arg>
<arg>RO</arg>
<arg>RS</arg>
<arg>RU</arg>
<arg>RW</arg>
<arg>SA</arg>
<arg>SB</arg>
<arg>SC</arg>
<arg>SD</arg>
<arg>SE</arg>
<arg>SG</arg>
<arg>SH</arg>
<arg>SI</arg>
<arg>SJ</arg>
<arg>SK</arg>
<arg>SL</arg>
<arg>SM</arg>
<arg>SN</arg>
<arg>SO</arg>
<arg>SR</arg>
<arg>SS</arg>
<arg>ST</arg>
<arg>SV</arg>
<arg>SX</arg>
<arg>SY</arg>
<arg>SZ</arg>
<arg>TC</arg>
<arg>TD</arg>
<arg>TF</arg>
<arg>TG</arg>
<arg>TH</arg>
<arg>TJ</arg>
<arg>TK</arg>
<arg>TL</arg>
<arg>TM</arg>
<arg>TN</arg>
<arg>TO</arg>
<arg>TR</arg>
<arg>TT</arg>
<arg>TV</arg>
<arg>TW</arg>
<arg>TZ</arg>
<arg>UA</arg>
<arg>UG</arg>
<arg>UM</arg>
<arg>US</arg>
<arg>UY</arg>
<arg>UZ</arg>
<arg>VA</arg>
<arg>VC</arg>
<arg>VE</arg>
<arg>VG</arg>
<arg>VI</arg>
<arg>VN</arg>
<arg>VU</arg>
<arg>WF</arg>
<arg>WS</arg>
<arg>XK</arg>
<arg>YE</arg>
<arg>YT</arg>
<arg>ZA</arg>
<arg>ZM</arg>
<arg>ZW</arg>
<doc>Returns a list containing given items.</doc>
<status status="PASS" start="2024-06-03T08:19:43.663145" elapsed="0.000621"/>
</kw>
<kw name="List Should Contain Value" owner="Collections">
<msg time="2024-06-03T08:19:43.664776" level="INFO">False</msg>
<arg>${list_country}</arg>
<arg>${name_country}</arg>
<doc>Fails if the ``value`` is not found from ``list``.</doc>
<status status="PASS" start="2024-06-03T08:19:43.664564" elapsed="0.000249"/>
</kw>
<kw name="Run Keyword If" owner="BuiltIn">
<kw name="Should Be True" owner="BuiltIn">
<arg>${True}</arg>
<doc>Fails if the given condition is not true.</doc>
<status status="PASS" start="2024-06-03T08:19:43.665877" elapsed="0.000142"/>
</kw>
<arg>${json_data["results"][0]["location"]["coordinates"]["latitude"]} &gt;= -90 and ${json_data["results"][0]["location"]["coordinates"]["latitude"]} &lt;= 90</arg>
<arg>Should Be True</arg>
<arg>${True}</arg>
<doc>Runs the given keyword with the given arguments, if ``condition`` is true.</doc>
<status status="PASS" start="2024-06-03T08:19:43.665128" elapsed="0.001017"/>
</kw>
<kw name="Run Keyword If" owner="BuiltIn">
<kw name="Should Be True" owner="BuiltIn">
<arg>${True}</arg>
<doc>Fails if the given condition is not true.</doc>
<status status="PASS" start="2024-06-03T08:19:43.667058" elapsed="0.000262"/>
</kw>
<arg>${json_data["results"][0]["location"]["coordinates"]["longitude"]} &gt;= -180 and ${json_data["results"][0]["location"]["coordinates"]["longitude"]} &lt;= 180</arg>
<arg>Should Be True</arg>
<arg>${True}</arg>
<doc>Runs the given keyword with the given arguments, if ``condition`` is true.</doc>
<status status="PASS" start="2024-06-03T08:19:43.666330" elapsed="0.001118"/>
</kw>
<status status="PASS" start="2024-06-03T08:19:43.522052" elapsed="0.145530"/>
</kw>
<doc>Testa o conteúdo específico dos campos retornados pela API.</doc>
<tag>testeConteudo</tag>
<status status="PASS" start="2024-06-03T08:19:43.521516" elapsed="0.146269"/>
</test>
<status status="PASS" start="2024-06-03T08:19:42.735266" elapsed="0.934501"/>
</suite>
<status status="PASS" start="2024-06-03T08:19:42.721532" elapsed="0.953596"/>
</suite>
<statistics>
<total>
<stat pass="5" fail="0" skip="0">All Tests</stat>
</total>
<tag>
<stat pass="1" fail="0" skip="0">testeConteudo</stat>
<stat pass="1" fail="0" skip="0">testeEstruturaResposta</stat>
<stat pass="1" fail="0" skip="0">testeRequisicaoBasica</stat>
<stat pass="1" fail="0" skip="0">testeTiposDados</stat>
</tag>
<suite>
<stat pass="5" fail="0" skip="0" id="s1" name="Tests">Tests</stat>
<stat pass="5" fail="0" skip="0" id="s1-s1" name="Random-User-Test">Tests.Random-User-Test</stat>
</suite>
</statistics>
<errors>
</errors>
</robot>
