<?xml version="1.0" encoding="UTF-8"?>
<robot generator="Robot 7.0 (Python 3.12.2 on linux)" generated="2024-04-02T15:14:31.847073" rpa="false" schemaversion="5">
<suite id="s1" name="Tests" source="/home/runner/work/DesafioQAItauRogerioJordao/DesafioQAItauRogerioJordao/RamdonUser/tests">
<suite id="s1-s1" name="Random-User-Test" source="/home/runner/work/DesafioQAItauRogerioJordao/DesafioQAItauRogerioJordao/RamdonUser/tests/random-user-test.robot">
<test id="s1-s1-t1" name="Conectar" line="13">
<kw name="Conectar API" owner="random-user-service">
<kw name="Create Session" owner="RequestsLibrary">
<msg time="2024-04-02T15:14:32.220943" level="INFO">Creating Session using : alias=consultarAPI, url=https://randomuser.me/, headers={},                     cookies={}, auth=None, timeout=None, proxies=None, verify=False,                     debug=0 </msg>
<arg>consultarAPI</arg>
<arg>${URL}</arg>
<doc>Create Session: create a HTTP session to a server</doc>
<status status="PASS" start="2024-04-02T15:14:32.220721" elapsed="0.000425"/>
</kw>
<status status="PASS" start="2024-04-02T15:14:32.219641" elapsed="0.001939"/>
</kw>
<status status="PASS" start="2024-04-02T15:14:32.218999" elapsed="0.002793"/>
</test>
<test id="s1-s1-t2" name="Validar retorno 200 e JSON Válido" line="16">
<kw name="Teste de Requisicao Basica" owner="random-user-service">
<kw name="GET On Session" owner="RequestsLibrary">
<msg time="2024-04-02T15:14:33.739676" level="INFO">GET Request : url=https://randomuser.me/api 
 path_url=/api 
 headers={'User-Agent': 'python-requests/2.31.0', 'Accept-Encoding': 'gzip, deflate', 'Accept': '*/*', 'Connection': 'keep-alive'} 
 body=None 
 </msg>
<msg time="2024-04-02T15:14:33.739842" level="INFO">GET Response : url=https://randomuser.me/api 
 status=200, reason=OK 
 headers={'Date': 'Tue, 02 Apr 2024 15:14:33 GMT', 'Content-Type': 'application/json; charset=utf-8', 'Transfer-Encoding': 'chunked', 'Connection': 'keep-alive', 'X-Powered-By': 'Express', 'Access-Control-Allow-Origin': '*', 'Cache-Control': 'no-cache', 'ETag': 'W/"496-9+baETs346dau+5eBmDIKT78Fd8"', 'Vary': 'Accept-Encoding', 'Content-Encoding': 'gzip', 'CF-Cache-Status': 'DYNAMIC', 'Report-To': '{"endpoints":[{"url":"https:\\/\\/a.nel.cloudflare.com\\/report\\/v4?s=I8YHlYW7NlqHlnXQ1Fv6%2FSAOPxY0PG5dNp%2FFmBjeenwsflisvmvR3Ye6XiGXwLGW67zfQ4bwWZvSUeWdBi32aLxqMwV6kUJKyjxOnb382RmqbLwGAN%2BT1kZMLTub1alV"}],"group":"cf-nel","max_age":604800}', 'NEL': '{"success_fraction":0,"report_to":"cf-nel","max_age":604800}', 'Server': 'cloudflare', 'CF-RAY': '86e1c4e7aa639129-ORD', 'alt-svc': 'h3=":443"; ma=86400'} 
 body={"results":[{"gender":"male","name":{"title":"Mr","first":"Sergio","last":"Holmes"},"location":{"street":{"number":7306,"name":"Church Street"},"city":"Southampton","state":"Hampshire","country":"United Kingdom","postcode":"OJ0X 8BF","coordinates":{"latitude":"-12.0701","longitude":"-168.2869"},"timezone":{"offset":"-12:00","description":"Eniwetok, Kwajalein"}},"email":"sergio.holmes@example.com","login":{"uuid":"d60b2c72-3076-452c-bc0f-a492c92d7084","username":"beautifulzebra718","password":"scooter","salt":"odCzvhWB","md5":"cde729b30563f2409e5cfd2f1097d531","sha1":"361e46a71b2cc24d398abf24f019def0fc16e9c1","sha256":"23798d60cf968370bb238a88bec27c992cd4f298275f7a0117ef79467159d81f"},"dob":{"date":"1962-03-09T14:39:45.123Z","age":62},"registered":{"date":"2014-10-21T21:28:42.565Z","age":9},"phone":"015395 48238","cell":"07504 253050","id":{"name":"NINO","value":"GZ 04 10 47 A"},"picture":{"large":"https://randomuser.me/api/portraits/men/14.jpg","medium":"https://randomuser.me/api/portraits/med/men/14.jpg","thumbnail":"https://randomuser.me/api/portraits/thumb/men/14.jpg"},"nat":"GB"}],"info":{"seed":"cfde7f9f71335689","results":1,"page":1,"version":"1.4"}} 
 </msg>
<msg time="2024-04-02T15:14:33.739949" level="INFO">/opt/hostedtoolcache/Python/3.12.2/x64/lib/python3.12/site-packages/urllib3/connectionpool.py:1103: InsecureRequestWarning: Unverified HTTPS request is being made to host 'randomuser.me'. Adding certificate verification is strongly advised. See: https://urllib3.readthedocs.io/en/latest/advanced-usage.html#tls-warnings
  warnings.warn(</msg>
<msg time="2024-04-02T15:14:33.740089" level="INFO">${response} = &lt;Response [200]&gt;</msg>
<var>${response}</var>
<arg>consultarAPI</arg>
<arg>/api</arg>
<doc>Sends a GET request on a previously created HTTP Session.</doc>
<status status="PASS" start="2024-04-02T15:14:32.224423" elapsed="1.515702"/>
</kw>
<kw name="Should Be Equal As Numbers" owner="BuiltIn">
<msg time="2024-04-02T15:14:33.741179" level="INFO">Argument types are:
&lt;class 'int'&gt;
&lt;class 'str'&gt;</msg>
<arg>${response.status_code}</arg>
<arg>200</arg>
<doc>Fails if objects are unequal after converting them to real numbers.</doc>
<status status="PASS" start="2024-04-02T15:14:33.740710" elapsed="0.000536"/>
</kw>
<kw name="Log" owner="BuiltIn">
<msg time="2024-04-02T15:14:33.741993" level="INFO">200</msg>
<arg>${response.status_code}</arg>
<doc>Logs the given message with the given level.</doc>
<status status="PASS" start="2024-04-02T15:14:33.741615" elapsed="0.000426"/>
</kw>
<kw name="Set Variable" owner="BuiltIn">
<msg time="2024-04-02T15:14:33.742813" level="INFO">${json_data} = {'results': [{'gender': 'male', 'name': {'title': 'Mr', 'first': 'Sergio', 'last': 'Holmes'}, 'location': {'street': {'number': 7306, 'name': 'Church Street'}, 'city': 'Southampton', 'state': 'Hampshi...</msg>
<var>${json_data}</var>
<arg>${response.json()}</arg>
<doc>Returns the given values which can then be assigned to a variables.</doc>
<status status="PASS" start="2024-04-02T15:14:33.742367" elapsed="0.000474"/>
</kw>
<kw name="Dictionary Should Contain Key" owner="Collections">
<msg time="2024-04-02T15:14:33.743310" level="INFO">False</msg>
<arg>${json_data}</arg>
<arg>results</arg>
<doc>Fails if ``key`` is not found from ``dictionary``.</doc>
<status status="PASS" start="2024-04-02T15:14:33.743143" elapsed="0.000205"/>
</kw>
<status status="PASS" start="2024-04-02T15:14:32.224168" elapsed="1.519440"/>
</kw>
<doc>Testa se a API responde corretamente e retorna um objeto JSON válido.</doc>
<tag>testeRequisicaoBasica</tag>
<status status="PASS" start="2024-04-02T15:14:32.223647" elapsed="1.520150"/>
</test>
<test id="s1-s1-t3" name="Validar estrutura de resposta" line="22">
<kw name="Teste de Estrutura de Resposta" owner="random-user-service">
<kw name="GET On Session" owner="RequestsLibrary">
<msg time="2024-04-02T15:14:34.095889" level="INFO">GET Request : url=https://randomuser.me/api 
 path_url=/api 
 headers={'User-Agent': 'python-requests/2.31.0', 'Accept-Encoding': 'gzip, deflate', 'Accept': '*/*', 'Connection': 'keep-alive'} 
 body=None 
 </msg>
<msg time="2024-04-02T15:14:34.095995" level="INFO">GET Response : url=https://randomuser.me/api 
 status=200, reason=OK 
 headers={'Date': 'Tue, 02 Apr 2024 15:14:34 GMT', 'Content-Type': 'application/json; charset=utf-8', 'Transfer-Encoding': 'chunked', 'Connection': 'keep-alive', 'X-Powered-By': 'Express', 'Access-Control-Allow-Origin': '*', 'Cache-Control': 'no-cache', 'ETag': 'W/"490-zFf0LKZ5cCU4xdztwIbx/5t1khA"', 'Vary': 'Accept-Encoding', 'Content-Encoding': 'gzip', 'CF-Cache-Status': 'DYNAMIC', 'Report-To': '{"endpoints":[{"url":"https:\\/\\/a.nel.cloudflare.com\\/report\\/v4?s=9XYumFRSq0%2Fv%2ByZn3%2FBbbFZRtMclC%2FmXrRbiX8MhSj4NmPEDTQ5g3D1buZayk7cciRC%2BkWsDuSDZW%2FQR5CG9p2TFmKORrMvW%2FEsVtdPjQj229pFdBJ7IUUE3PfdSSwbo"}],"group":"cf-nel","max_age":604800}', 'NEL': '{"success_fraction":0,"report_to":"cf-nel","max_age":604800}', 'Server': 'cloudflare', 'CF-RAY': '86e1c4f0efb39129-ORD', 'alt-svc': 'h3=":443"; ma=86400'} 
 body={"results":[{"gender":"male","name":{"title":"Mr","first":"امیر","last":"قاسمی"},"location":{"street":{"number":3606,"name":"میدان فلسطین"},"city":"بابل","state":"کرمان","country":"Iran","postcode":98652,"coordinates":{"latitude":"15.3912","longitude":"-108.7141"},"timezone":{"offset":"+10:00","description":"Eastern Australia, Guam, Vladivostok"}},"email":"myr.qsmy@example.com","login":{"uuid":"38f5c3df-8603-4bf8-b13c-64e85622142b","username":"brownrabbit449","password":"baritone","salt":"FzdnT7FB","md5":"6476d958d1d450ccc0f83b5805acab85","sha1":"5561a589b7ab8ed87e255a46c96356d2595785fd","sha256":"318fcd47797af451b6405e77d09387f6bc65d13c5491c5728d1af8d9dba3ae38"},"dob":{"date":"1960-03-24T23:11:50.890Z","age":64},"registered":{"date":"2020-03-17T00:28:08.142Z","age":4},"phone":"033-11021669","cell":"0923-717-7075","id":{"name":"","value":null},"picture":{"large":"https://randomuser.me/api/portraits/men/52.jpg","medium":"https://randomuser.me/api/portraits/med/men/52.jpg","thumbnail":"https://randomuser.me/api/portraits/thumb/men/52.jpg"},"nat":"IR"}],"info":{"seed":"b6ccd4f5786032ae","results":1,"page":1,"version":"1.4"}} 
 </msg>
<msg time="2024-04-02T15:14:34.096152" level="INFO">/opt/hostedtoolcache/Python/3.12.2/x64/lib/python3.12/site-packages/urllib3/connectionpool.py:1103: InsecureRequestWarning: Unverified HTTPS request is being made to host 'randomuser.me'. Adding certificate verification is strongly advised. See: https://urllib3.readthedocs.io/en/latest/advanced-usage.html#tls-warnings
  warnings.warn(</msg>
<msg time="2024-04-02T15:14:34.096288" level="INFO">${response} = &lt;Response [200]&gt;</msg>
<var>${response}</var>
<arg>consultarAPI</arg>
<arg>/api</arg>
<doc>Sends a GET request on a previously created HTTP Session.</doc>
<status status="PASS" start="2024-04-02T15:14:33.746613" elapsed="0.349716"/>
</kw>
<kw name="Set Variable" owner="BuiltIn">
<msg time="2024-04-02T15:14:34.097657" level="INFO">${json_data} = {'results': [{'gender': 'male', 'name': {'title': 'Mr', 'first': 'امیر', 'last': 'قاسمی'}, 'location': {'street': {'number': 3606, 'name': 'میدان فلسطین'}, 'city': 'بابل', 'state': 'کرمان', 'country':...</msg>
<var>${json_data}</var>
<arg>${response.json()}</arg>
<doc>Returns the given values which can then be assigned to a variables.</doc>
<status status="PASS" start="2024-04-02T15:14:34.097002" elapsed="0.000687"/>
</kw>
<kw name="Log" owner="BuiltIn">
<msg time="2024-04-02T15:14:34.098195" level="INFO">{'results': [{'gender': 'male', 'name': {'title': 'Mr', 'first': 'امیر', 'last': 'قاسمی'}, 'location': {'street': {'number': 3606, 'name': 'میدان فلسطین'}, 'city': 'بابل', 'state': 'کرمان', 'country': 'Iran', 'postcode': 98652, 'coordinates': {'latitude': '15.3912', 'longitude': '-108.7141'}, 'timezone': {'offset': '+10:00', 'description': 'Eastern Australia, Guam, Vladivostok'}}, 'email': 'myr.qsmy@example.com', 'login': {'uuid': '38f5c3df-8603-4bf8-b13c-64e85622142b', 'username': 'brownrabbit449', 'password': 'baritone', 'salt': 'FzdnT7FB', 'md5': '6476d958d1d450ccc0f83b5805acab85', 'sha1': '5561a589b7ab8ed87e255a46c96356d2595785fd', 'sha256': '318fcd47797af451b6405e77d09387f6bc65d13c5491c5728d1af8d9dba3ae38'}, 'dob': {'date': '1960-03-24T23:11:50.890Z', 'age': 64}, 'registered': {'date': '2020-03-17T00:28:08.142Z', 'age': 4}, 'phone': '033-11021669', 'cell': '0923-717-7075', 'id': {'name': '', 'value': None}, 'picture': {'large': 'https://randomuser.me/api/portraits/men/52.jpg', 'medium': 'https://randomuser.me/api/portraits/med/men/52.jpg', 'thumbnail': 'https://randomuser.me/api/portraits/thumb/men/52.jpg'}, 'nat': 'IR'}], 'info': {'seed': 'b6ccd4f5786032ae', 'results': 1, 'page': 1, 'version': '1.4'}}</msg>
<arg>${json_data}</arg>
<doc>Logs the given message with the given level.</doc>
<status status="PASS" start="2024-04-02T15:14:34.098018" elapsed="0.000231"/>
</kw>
<kw name="Dictionary Should Contain Key" owner="Collections">
<msg time="2024-04-02T15:14:34.098742" level="INFO">False</msg>
<arg>${json_data}</arg>
<arg>results</arg>
<doc>Fails if ``key`` is not found from ``dictionary``.</doc>
<status status="PASS" start="2024-04-02T15:14:34.098579" elapsed="0.000204"/>
</kw>
<kw name="Should Not Be Empty" owner="BuiltIn">
<msg time="2024-04-02T15:14:34.099208" level="INFO">Length is 2.</msg>
<arg>${json_data}</arg>
<doc>Verifies that the given item is not empty.</doc>
<status status="PASS" start="2024-04-02T15:14:34.099077" elapsed="0.000169"/>
</kw>
<kw name="Create List" owner="BuiltIn">
<msg time="2024-04-02T15:14:34.099694" level="INFO">${expected_keys} = ['gender', 'name', 'location', 'email', 'login']</msg>
<var>${expected_keys}</var>
<arg>gender</arg>
<arg>name</arg>
<arg>location</arg>
<arg>email</arg>
<arg>login</arg>
<doc>Returns a list containing given items.</doc>
<status status="PASS" start="2024-04-02T15:14:34.099538" elapsed="0.000180"/>
</kw>
<for flavor="IN">
<iter>
<kw name="Dictionary Should Contain Key" owner="Collections">
<msg time="2024-04-02T15:14:34.100751" level="INFO">False</msg>
<arg>${json_data['results'][0]}</arg>
<arg>${key}</arg>
<doc>Fails if ``key`` is not found from ``dictionary``.</doc>
<status status="PASS" start="2024-04-02T15:14:34.100307" elapsed="0.000485"/>
</kw>
<kw name="Log" owner="BuiltIn">
<msg time="2024-04-02T15:14:34.101498" level="INFO">{'gender': 'male', 'name': {'title': 'Mr', 'first': 'امیر', 'last': 'قاسمی'}, 'location': {'street': {'number': 3606, 'name': 'میدان فلسطین'}, 'city': 'بابل', 'state': 'کرمان', 'country': 'Iran', 'postcode': 98652, 'coordinates': {'latitude': '15.3912', 'longitude': '-108.7141'}, 'timezone': {'offset': '+10:00', 'description': 'Eastern Australia, Guam, Vladivostok'}}, 'email': 'myr.qsmy@example.com', 'login': {'uuid': '38f5c3df-8603-4bf8-b13c-64e85622142b', 'username': 'brownrabbit449', 'password': 'baritone', 'salt': 'FzdnT7FB', 'md5': '6476d958d1d450ccc0f83b5805acab85', 'sha1': '5561a589b7ab8ed87e255a46c96356d2595785fd', 'sha256': '318fcd47797af451b6405e77d09387f6bc65d13c5491c5728d1af8d9dba3ae38'}, 'dob': {'date': '1960-03-24T23:11:50.890Z', 'age': 64}, 'registered': {'date': '2020-03-17T00:28:08.142Z', 'age': 4}, 'phone': '033-11021669', 'cell': '0923-717-7075', 'id': {'name': '', 'value': None}, 'picture': {'large': 'https://randomuser.me/api/portraits/men/52.jpg', 'medium': 'https://randomuser.me/api/portraits/med/men/52.jpg', 'thumbnail': 'https://randomuser.me/api/portraits/thumb/men/52.jpg'}, 'nat': 'IR'}</msg>
<arg>${json_data['results'][0]}</arg>
<doc>Logs the given message with the given level.</doc>
<status status="PASS" start="2024-04-02T15:14:34.101100" elapsed="0.000455"/>
</kw>
<kw name="Log" owner="BuiltIn">
<msg time="2024-04-02T15:14:34.101988" level="INFO">gender</msg>
<arg>${key}</arg>
<doc>Logs the given message with the given level.</doc>
<status status="PASS" start="2024-04-02T15:14:34.101858" elapsed="0.000169"/>
</kw>
<var name="${key}">gender</var>
<status status="PASS" start="2024-04-02T15:14:34.100180" elapsed="0.002061"/>
</iter>
<iter>
<kw name="Dictionary Should Contain Key" owner="Collections">
<msg time="2024-04-02T15:14:34.102921" level="INFO">False</msg>
<arg>${json_data['results'][0]}</arg>
<arg>${key}</arg>
<doc>Fails if ``key`` is not found from ``dictionary``.</doc>
<status status="PASS" start="2024-04-02T15:14:34.102544" elapsed="0.000414"/>
</kw>
<kw name="Log" owner="BuiltIn">
<msg time="2024-04-02T15:14:34.103662" level="INFO">{'gender': 'male', 'name': {'title': 'Mr', 'first': 'امیر', 'last': 'قاسمی'}, 'location': {'street': {'number': 3606, 'name': 'میدان فلسطین'}, 'city': 'بابل', 'state': 'کرمان', 'country': 'Iran', 'postcode': 98652, 'coordinates': {'latitude': '15.3912', 'longitude': '-108.7141'}, 'timezone': {'offset': '+10:00', 'description': 'Eastern Australia, Guam, Vladivostok'}}, 'email': 'myr.qsmy@example.com', 'login': {'uuid': '38f5c3df-8603-4bf8-b13c-64e85622142b', 'username': 'brownrabbit449', 'password': 'baritone', 'salt': 'FzdnT7FB', 'md5': '6476d958d1d450ccc0f83b5805acab85', 'sha1': '5561a589b7ab8ed87e255a46c96356d2595785fd', 'sha256': '318fcd47797af451b6405e77d09387f6bc65d13c5491c5728d1af8d9dba3ae38'}, 'dob': {'date': '1960-03-24T23:11:50.890Z', 'age': 64}, 'registered': {'date': '2020-03-17T00:28:08.142Z', 'age': 4}, 'phone': '033-11021669', 'cell': '0923-717-7075', 'id': {'name': '', 'value': None}, 'picture': {'large': 'https://randomuser.me/api/portraits/men/52.jpg', 'medium': 'https://randomuser.me/api/portraits/med/men/52.jpg', 'thumbnail': 'https://randomuser.me/api/portraits/thumb/men/52.jpg'}, 'nat': 'IR'}</msg>
<arg>${json_data['results'][0]}</arg>
<doc>Logs the given message with the given level.</doc>
<status status="PASS" start="2024-04-02T15:14:34.103293" elapsed="0.000420"/>
</kw>
<kw name="Log" owner="BuiltIn">
<msg time="2024-04-02T15:14:34.104166" level="INFO">name</msg>
<arg>${key}</arg>
<doc>Logs the given message with the given level.</doc>
<status status="PASS" start="2024-04-02T15:14:34.104031" elapsed="0.000173"/>
</kw>
<var name="${key}">name</var>
<status status="PASS" start="2024-04-02T15:14:34.102429" elapsed="0.001990"/>
</iter>
<iter>
<kw name="Dictionary Should Contain Key" owner="Collections">
<msg time="2024-04-02T15:14:34.105092" level="INFO">False</msg>
<arg>${json_data['results'][0]}</arg>
<arg>${key}</arg>
<doc>Fails if ``key`` is not found from ``dictionary``.</doc>
<status status="PASS" start="2024-04-02T15:14:34.104715" elapsed="0.000414"/>
</kw>
<kw name="Log" owner="BuiltIn">
<msg time="2024-04-02T15:14:34.105886" level="INFO">{'gender': 'male', 'name': {'title': 'Mr', 'first': 'امیر', 'last': 'قاسمی'}, 'location': {'street': {'number': 3606, 'name': 'میدان فلسطین'}, 'city': 'بابل', 'state': 'کرمان', 'country': 'Iran', 'postcode': 98652, 'coordinates': {'latitude': '15.3912', 'longitude': '-108.7141'}, 'timezone': {'offset': '+10:00', 'description': 'Eastern Australia, Guam, Vladivostok'}}, 'email': 'myr.qsmy@example.com', 'login': {'uuid': '38f5c3df-8603-4bf8-b13c-64e85622142b', 'username': 'brownrabbit449', 'password': 'baritone', 'salt': 'FzdnT7FB', 'md5': '6476d958d1d450ccc0f83b5805acab85', 'sha1': '5561a589b7ab8ed87e255a46c96356d2595785fd', 'sha256': '318fcd47797af451b6405e77d09387f6bc65d13c5491c5728d1af8d9dba3ae38'}, 'dob': {'date': '1960-03-24T23:11:50.890Z', 'age': 64}, 'registered': {'date': '2020-03-17T00:28:08.142Z', 'age': 4}, 'phone': '033-11021669', 'cell': '0923-717-7075', 'id': {'name': '', 'value': None}, 'picture': {'large': 'https://randomuser.me/api/portraits/men/52.jpg', 'medium': 'https://randomuser.me/api/portraits/med/men/52.jpg', 'thumbnail': 'https://randomuser.me/api/portraits/thumb/men/52.jpg'}, 'nat': 'IR'}</msg>
<arg>${json_data['results'][0]}</arg>
<doc>Logs the given message with the given level.</doc>
<status status="PASS" start="2024-04-02T15:14:34.105512" elapsed="0.000431"/>
</kw>
<kw name="Log" owner="BuiltIn">
<msg time="2024-04-02T15:14:34.106375" level="INFO">location</msg>
<arg>${key}</arg>
<doc>Logs the given message with the given level.</doc>
<status status="PASS" start="2024-04-02T15:14:34.106243" elapsed="0.000169"/>
</kw>
<var name="${key}">location</var>
<status status="PASS" start="2024-04-02T15:14:34.104604" elapsed="0.002035"/>
</iter>
<iter>
<kw name="Dictionary Should Contain Key" owner="Collections">
<msg time="2024-04-02T15:14:34.107307" level="INFO">False</msg>
<arg>${json_data['results'][0]}</arg>
<arg>${key}</arg>
<doc>Fails if ``key`` is not found from ``dictionary``.</doc>
<status status="PASS" start="2024-04-02T15:14:34.106928" elapsed="0.000417"/>
</kw>
<kw name="Log" owner="BuiltIn">
<msg time="2024-04-02T15:14:34.108031" level="INFO">{'gender': 'male', 'name': {'title': 'Mr', 'first': 'امیر', 'last': 'قاسمی'}, 'location': {'street': {'number': 3606, 'name': 'میدان فلسطین'}, 'city': 'بابل', 'state': 'کرمان', 'country': 'Iran', 'postcode': 98652, 'coordinates': {'latitude': '15.3912', 'longitude': '-108.7141'}, 'timezone': {'offset': '+10:00', 'description': 'Eastern Australia, Guam, Vladivostok'}}, 'email': 'myr.qsmy@example.com', 'login': {'uuid': '38f5c3df-8603-4bf8-b13c-64e85622142b', 'username': 'brownrabbit449', 'password': 'baritone', 'salt': 'FzdnT7FB', 'md5': '6476d958d1d450ccc0f83b5805acab85', 'sha1': '5561a589b7ab8ed87e255a46c96356d2595785fd', 'sha256': '318fcd47797af451b6405e77d09387f6bc65d13c5491c5728d1af8d9dba3ae38'}, 'dob': {'date': '1960-03-24T23:11:50.890Z', 'age': 64}, 'registered': {'date': '2020-03-17T00:28:08.142Z', 'age': 4}, 'phone': '033-11021669', 'cell': '0923-717-7075', 'id': {'name': '', 'value': None}, 'picture': {'large': 'https://randomuser.me/api/portraits/men/52.jpg', 'medium': 'https://randomuser.me/api/portraits/med/men/52.jpg', 'thumbnail': 'https://randomuser.me/api/portraits/thumb/men/52.jpg'}, 'nat': 'IR'}</msg>
<arg>${json_data['results'][0]}</arg>
<doc>Logs the given message with the given level.</doc>
<status status="PASS" start="2024-04-02T15:14:34.107656" elapsed="0.000425"/>
</kw>
<kw name="Log" owner="BuiltIn">
<msg time="2024-04-02T15:14:34.108521" level="INFO">email</msg>
<arg>${key}</arg>
<doc>Logs the given message with the given level.</doc>
<status status="PASS" start="2024-04-02T15:14:34.108384" elapsed="0.000182"/>
</kw>
<var name="${key}">email</var>
<status status="PASS" start="2024-04-02T15:14:34.106818" elapsed="0.001966"/>
</iter>
<iter>
<kw name="Dictionary Should Contain Key" owner="Collections">
<msg time="2024-04-02T15:14:34.109486" level="INFO">False</msg>
<arg>${json_data['results'][0]}</arg>
<arg>${key}</arg>
<doc>Fails if ``key`` is not found from ``dictionary``.</doc>
<status status="PASS" start="2024-04-02T15:14:34.109066" elapsed="0.000459"/>
</kw>
<kw name="Log" owner="BuiltIn">
<msg time="2024-04-02T15:14:34.110190" level="INFO">{'gender': 'male', 'name': {'title': 'Mr', 'first': 'امیر', 'last': 'قاسمی'}, 'location': {'street': {'number': 3606, 'name': 'میدان فلسطین'}, 'city': 'بابل', 'state': 'کرمان', 'country': 'Iran', 'postcode': 98652, 'coordinates': {'latitude': '15.3912', 'longitude': '-108.7141'}, 'timezone': {'offset': '+10:00', 'description': 'Eastern Australia, Guam, Vladivostok'}}, 'email': 'myr.qsmy@example.com', 'login': {'uuid': '38f5c3df-8603-4bf8-b13c-64e85622142b', 'username': 'brownrabbit449', 'password': 'baritone', 'salt': 'FzdnT7FB', 'md5': '6476d958d1d450ccc0f83b5805acab85', 'sha1': '5561a589b7ab8ed87e255a46c96356d2595785fd', 'sha256': '318fcd47797af451b6405e77d09387f6bc65d13c5491c5728d1af8d9dba3ae38'}, 'dob': {'date': '1960-03-24T23:11:50.890Z', 'age': 64}, 'registered': {'date': '2020-03-17T00:28:08.142Z', 'age': 4}, 'phone': '033-11021669', 'cell': '0923-717-7075', 'id': {'name': '', 'value': None}, 'picture': {'large': 'https://randomuser.me/api/portraits/men/52.jpg', 'medium': 'https://randomuser.me/api/portraits/med/men/52.jpg', 'thumbnail': 'https://randomuser.me/api/portraits/thumb/men/52.jpg'}, 'nat': 'IR'}</msg>
<arg>${json_data['results'][0]}</arg>
<doc>Logs the given message with the given level.</doc>
<status status="PASS" start="2024-04-02T15:14:34.109828" elapsed="0.000411"/>
</kw>
<kw name="Log" owner="BuiltIn">
<msg time="2024-04-02T15:14:34.110677" level="INFO">login</msg>
<arg>${key}</arg>
<doc>Logs the given message with the given level.</doc>
<status status="PASS" start="2024-04-02T15:14:34.110548" elapsed="0.000278"/>
</kw>
<var name="${key}">login</var>
<status status="PASS" start="2024-04-02T15:14:34.108955" elapsed="0.002129"/>
</iter>
<var>${key}</var>
<value>@{expected_keys}</value>
<status status="PASS" start="2024-04-02T15:14:34.099982" elapsed="0.011230"/>
</for>
<kw name="Create List" owner="BuiltIn">
<msg time="2024-04-02T15:14:34.111549" level="INFO">${expected_keysTwo} = ['username', 'password']</msg>
<var>${expected_keysTwo}</var>
<arg>username</arg>
<arg>password</arg>
<doc>Returns a list containing given items.</doc>
<status status="PASS" start="2024-04-02T15:14:34.111409" elapsed="0.000166"/>
</kw>
<for flavor="IN">
<iter>
<kw name="Dictionary Should Contain Key" owner="Collections">
<msg time="2024-04-02T15:14:34.112466" level="INFO">False</msg>
<arg>${json_data['results'][0]['login']}</arg>
<arg>${keyTwo}</arg>
<doc>Fails if ``key`` is not found from ``dictionary``.</doc>
<status status="PASS" start="2024-04-02T15:14:34.112083" elapsed="0.000421"/>
</kw>
<kw name="Dictionary Should Contain Key" owner="Collections">
<msg time="2024-04-02T15:14:34.113187" level="INFO">False</msg>
<arg>${json_data['results'][0]['login']}</arg>
<arg>${keyTwo}</arg>
<doc>Fails if ``key`` is not found from ``dictionary``.</doc>
<status status="PASS" start="2024-04-02T15:14:34.112803" elapsed="0.000423"/>
</kw>
<kw name="Log" owner="BuiltIn">
<msg time="2024-04-02T15:14:34.113681" level="INFO">username</msg>
<arg>${keyTwo}</arg>
<doc>Logs the given message with the given level.</doc>
<status status="PASS" start="2024-04-02T15:14:34.113553" elapsed="0.000165"/>
</kw>
<var name="${keyTwo}">username</var>
<status status="PASS" start="2024-04-02T15:14:34.111973" elapsed="0.001967"/>
</iter>
<iter>
<kw name="Dictionary Should Contain Key" owner="Collections">
<msg time="2024-04-02T15:14:34.114609" level="INFO">False</msg>
<arg>${json_data['results'][0]['login']}</arg>
<arg>${keyTwo}</arg>
<doc>Fails if ``key`` is not found from ``dictionary``.</doc>
<status status="PASS" start="2024-04-02T15:14:34.114226" elapsed="0.000422"/>
</kw>
<kw name="Dictionary Should Contain Key" owner="Collections">
<msg time="2024-04-02T15:14:34.115347" level="INFO">False</msg>
<arg>${json_data['results'][0]['login']}</arg>
<arg>${keyTwo}</arg>
<doc>Fails if ``key`` is not found from ``dictionary``.</doc>
<status status="PASS" start="2024-04-02T15:14:34.114959" elapsed="0.000425"/>
</kw>
<kw name="Log" owner="BuiltIn">
<msg time="2024-04-02T15:14:34.115808" level="INFO">password</msg>
<arg>${keyTwo}</arg>
<doc>Logs the given message with the given level.</doc>
<status status="PASS" start="2024-04-02T15:14:34.115674" elapsed="0.000173"/>
</kw>
<var name="${keyTwo}">password</var>
<status status="PASS" start="2024-04-02T15:14:34.114115" elapsed="0.001948"/>
</iter>
<var>${keyTwo}</var>
<value>@{expected_keysTwo}</value>
<status status="PASS" start="2024-04-02T15:14:34.111821" elapsed="0.004363"/>
</for>
<status status="PASS" start="2024-04-02T15:14:33.746374" elapsed="0.369960"/>
</kw>
<doc>Testa a estrutura da resposta da API.</doc>
<tag>testeEstruturaResposta</tag>
<status status="PASS" start="2024-04-02T15:14:33.745632" elapsed="0.370865"/>
</test>
<test id="s1-s1-t4" name="Validar tipos de dados" line="28">
<kw name="Teste de Tipos de Dados" owner="random-user-service">
<kw name="GET On Session" owner="RequestsLibrary">
<msg time="2024-04-02T15:14:34.168590" level="INFO">GET Request : url=https://randomuser.me/api 
 path_url=/api 
 headers={'User-Agent': 'python-requests/2.31.0', 'Accept-Encoding': 'gzip, deflate', 'Accept': '*/*', 'Connection': 'keep-alive'} 
 body=None 
 </msg>
<msg time="2024-04-02T15:14:34.168692" level="INFO">GET Response : url=https://randomuser.me/api 
 status=200, reason=OK 
 headers={'Date': 'Tue, 02 Apr 2024 15:14:34 GMT', 'Content-Type': 'application/json; charset=utf-8', 'Transfer-Encoding': 'chunked', 'Connection': 'keep-alive', 'X-Powered-By': 'Express', 'Access-Control-Allow-Origin': '*', 'Cache-Control': 'no-cache', 'ETag': 'W/"493-POuro1ocILojwViaopxkkn5UgtA"', 'Vary': 'Accept-Encoding', 'Content-Encoding': 'gzip', 'CF-Cache-Status': 'DYNAMIC', 'Report-To': '{"endpoints":[{"url":"https:\\/\\/a.nel.cloudflare.com\\/report\\/v4?s=j02PyXGTbfU679Wv0k%2BABqizQ45AYWMaJqrcHPEm0OI%2FVEjX9JdApfDN4e4BxKkxPUpnEKYoSdJIR2tEVEnvvOg5jM0HosFVDmvBNrpq4vPtwWqwFBYWgbh5W48IfsQ4"}],"group":"cf-nel","max_age":604800}', 'NEL': '{"success_fraction":0,"report_to":"cf-nel","max_age":604800}', 'Server': 'cloudflare', 'CF-RAY': '86e1c4f338a29129-ORD', 'alt-svc': 'h3=":443"; ma=86400'} 
 body={"results":[{"gender":"female","name":{"title":"Miss","first":"Slavomila","last":"Ribachuk"},"location":{"street":{"number":5073,"name":"Gorodnicka"},"city":"Vilnyansk","state":"Sumska","country":"Ukraine","postcode":63465,"coordinates":{"latitude":"73.2241","longitude":"116.3331"},"timezone":{"offset":"+10:00","description":"Eastern Australia, Guam, Vladivostok"}},"email":"slavomila.ribachuk@example.com","login":{"uuid":"db1f842b-9ec8-42ef-97a3-54a3043eadb5","username":"brownfrog344","password":"oliver1","salt":"5UIl40tD","md5":"d1c6c907c741fac27ed1b833011e0b8d","sha1":"7de6f64880f01a5d7d78a35160ba16398b29ef1f","sha256":"f7c2d4245725390d4b9fdfef7469128781c23ae9e33659d76dc200cc7cc74ffc"},"dob":{"date":"1983-04-02T06:35:38.720Z","age":41},"registered":{"date":"2007-03-22T20:45:45.139Z","age":17},"phone":"(067) G86-8736","cell":"(068) Q79-5105","id":{"name":"","value":null},"picture":{"large":"https://randomuser.me/api/portraits/women/2.jpg","medium":"https://randomuser.me/api/portraits/med/women/2.jpg","thumbnail":"https://randomuser.me/api/portraits/thumb/women/2.jpg"},"nat":"UA"}],"info":{"seed":"78fbbcd35d7326d2","results":1,"page":1,"version":"1.4"}} 
 </msg>
<msg time="2024-04-02T15:14:34.168762" level="INFO">/opt/hostedtoolcache/Python/3.12.2/x64/lib/python3.12/site-packages/urllib3/connectionpool.py:1103: InsecureRequestWarning: Unverified HTTPS request is being made to host 'randomuser.me'. Adding certificate verification is strongly advised. See: https://urllib3.readthedocs.io/en/latest/advanced-usage.html#tls-warnings
  warnings.warn(</msg>
<msg time="2024-04-02T15:14:34.168884" level="INFO">${response} = &lt;Response [200]&gt;</msg>
<var>${response}</var>
<arg>consultarAPI</arg>
<arg>/api</arg>
<doc>Sends a GET request on a previously created HTTP Session.</doc>
<status status="PASS" start="2024-04-02T15:14:34.119116" elapsed="0.049811"/>
</kw>
<kw name="Set Variable" owner="BuiltIn">
<msg time="2024-04-02T15:14:34.170220" level="INFO">${json_data} = {'results': [{'gender': 'female', 'name': {'title': 'Miss', 'first': 'Slavomila', 'last': 'Ribachuk'}, 'location': {'street': {'number': 5073, 'name': 'Gorodnicka'}, 'city': 'Vilnyansk', 'state': 'Sum...</msg>
<var>${json_data}</var>
<arg>${response.json()}</arg>
<doc>Returns the given values which can then be assigned to a variables.</doc>
<status status="PASS" start="2024-04-02T15:14:34.169626" elapsed="0.000623"/>
</kw>
<kw name="Log" owner="BuiltIn">
<msg time="2024-04-02T15:14:34.170729" level="INFO">{'results': [{'gender': 'female', 'name': {'title': 'Miss', 'first': 'Slavomila', 'last': 'Ribachuk'}, 'location': {'street': {'number': 5073, 'name': 'Gorodnicka'}, 'city': 'Vilnyansk', 'state': 'Sumska', 'country': 'Ukraine', 'postcode': 63465, 'coordinates': {'latitude': '73.2241', 'longitude': '116.3331'}, 'timezone': {'offset': '+10:00', 'description': 'Eastern Australia, Guam, Vladivostok'}}, 'email': 'slavomila.ribachuk@example.com', 'login': {'uuid': 'db1f842b-9ec8-42ef-97a3-54a3043eadb5', 'username': 'brownfrog344', 'password': 'oliver1', 'salt': '5UIl40tD', 'md5': 'd1c6c907c741fac27ed1b833011e0b8d', 'sha1': '7de6f64880f01a5d7d78a35160ba16398b29ef1f', 'sha256': 'f7c2d4245725390d4b9fdfef7469128781c23ae9e33659d76dc200cc7cc74ffc'}, 'dob': {'date': '1983-04-02T06:35:38.720Z', 'age': 41}, 'registered': {'date': '2007-03-22T20:45:45.139Z', 'age': 17}, 'phone': '(067) G86-8736', 'cell': '(068) Q79-5105', 'id': {'name': '', 'value': None}, 'picture': {'large': 'https://randomuser.me/api/portraits/women/2.jpg', 'medium': 'https://randomuser.me/api/portraits/med/women/2.jpg', 'thumbnail': 'https://randomuser.me/api/portraits/thumb/women/2.jpg'}, 'nat': 'UA'}], 'info': {'seed': '78fbbcd35d7326d2', 'results': 1, 'page': 1, 'version': '1.4'}}</msg>
<arg>${json_data}</arg>
<doc>Logs the given message with the given level.</doc>
<status status="PASS" start="2024-04-02T15:14:34.170571" elapsed="0.000247"/>
</kw>
<kw name="Should Be String" owner="String">
<arg>${json_data['results'][0]['gender']}</arg>
<doc>Fails if the given ``item`` is not a string.</doc>
<status status="PASS" start="2024-04-02T15:14:34.171123" elapsed="0.000361"/>
</kw>
<kw name="Should Match Regexp" owner="BuiltIn">
<arg>${json_data['results'][0]['email']}</arg>
<arg>^[a-zA-Z0-9._%+-]+@[a-zA-Z0-9.-]+\.[a-zA-Z]{2,}$</arg>
<doc>Fails if ``string`` does not match ``pattern`` as a regular expression.</doc>
<status status="PASS" start="2024-04-02T15:14:34.171676" elapsed="0.000527"/>
</kw>
<kw name="Should Match Regexp" owner="BuiltIn">
<arg>${json_data['results'][0]['dob']['date']}</arg>
<arg>\\d{4}-\\d{2}-\\d{2}T\\d{2}:\\d{2}:\\d{2}\\.\\d{3}Z</arg>
<doc>Fails if ``string`` does not match ``pattern`` as a regular expression.</doc>
<status status="PASS" start="2024-04-02T15:14:34.172405" elapsed="0.000487"/>
</kw>
<kw name="Should Match Regexp" owner="BuiltIn">
<arg>${json_data['results'][0]['registered']['date']}</arg>
<arg>\\d{4}-\\d{2}-\\d{2}T\\d{2}:\\d{2}:\\d{2}\\.\\d{3}Z</arg>
<doc>Fails if ``string`` does not match ``pattern`` as a regular expression.</doc>
<status status="PASS" start="2024-04-02T15:14:34.173085" elapsed="0.000399"/>
</kw>
<kw name="Should Match Regexp" owner="BuiltIn">
<arg>${json_data['results'][0]['picture']['large']}</arg>
<arg>^https?://.*\.(?:png|jpe?g|gif|bmp)$</arg>
<doc>Fails if ``string`` does not match ``pattern`` as a regular expression.</doc>
<status status="PASS" start="2024-04-02T15:14:34.173683" elapsed="0.000464"/>
</kw>
<kw name="Should Match Regexp" owner="BuiltIn">
<arg>${json_data['results'][0]['picture']['medium']}</arg>
<arg>^https?://.*\.(?:png|jpe?g|gif|bmp)$</arg>
<doc>Fails if ``string`` does not match ``pattern`` as a regular expression.</doc>
<status status="PASS" start="2024-04-02T15:14:34.174339" elapsed="0.000362"/>
</kw>
<kw name="Should Match Regexp" owner="BuiltIn">
<arg>${json_data['results'][0]['picture']['thumbnail']}</arg>
<arg>^https?://.*\.(?:png|jpe?g|gif|bmp)$</arg>
<doc>Fails if ``string`` does not match ``pattern`` as a regular expression.</doc>
<status status="PASS" start="2024-04-02T15:14:34.174889" elapsed="0.000352"/>
</kw>
<kw name="Log" owner="BuiltIn">
<msg time="2024-04-02T15:14:34.175745" level="INFO">{'large': 'https://randomuser.me/api/portraits/women/2.jpg', 'medium': 'https://randomuser.me/api/portraits/med/women/2.jpg', 'thumbnail': 'https://randomuser.me/api/portraits/thumb/women/2.jpg'}</msg>
<arg>${json_data['results'][0]['picture']}</arg>
<doc>Logs the given message with the given level.</doc>
<status status="PASS" start="2024-04-02T15:14:34.175422" elapsed="0.000372"/>
</kw>
<status status="PASS" start="2024-04-02T15:14:34.118882" elapsed="0.057178"/>
</kw>
<kw name="Teste de Tipos de Dados - Postcode" owner="random-user-service">
<kw name="GET On Session" owner="RequestsLibrary">
<msg time="2024-04-02T15:14:34.441357" level="INFO">GET Request : url=https://randomuser.me/api 
 path_url=/api 
 headers={'User-Agent': 'python-requests/2.31.0', 'Accept-Encoding': 'gzip, deflate', 'Accept': '*/*', 'Connection': 'keep-alive'} 
 body=None 
 </msg>
<msg time="2024-04-02T15:14:34.441508" level="INFO">GET Response : url=https://randomuser.me/api 
 status=200, reason=OK 
 headers={'Date': 'Tue, 02 Apr 2024 15:14:34 GMT', 'Content-Type': 'application/json; charset=utf-8', 'Transfer-Encoding': 'chunked', 'Connection': 'keep-alive', 'X-Powered-By': 'Express', 'Access-Control-Allow-Origin': '*', 'Cache-Control': 'no-cache', 'ETag': 'W/"476-WcK/9CvfJvKuBee9C8FHiuJghdQ"', 'Vary': 'Accept-Encoding', 'Content-Encoding': 'gzip', 'CF-Cache-Status': 'DYNAMIC', 'Report-To': '{"endpoints":[{"url":"https:\\/\\/a.nel.cloudflare.com\\/report\\/v4?s=ofN3ZcammEJVA9vsr%2ByDN32hnQhSdTsbqpBtLWGu%2FE1h9LgLQgL7T4%2FtYH1jKPIUlwQHhR4MnrG2%2Bjsx5dMvx1qC4RXEojYPXsOh0uXQqjv%2FyZoYIA4YEbHyoBLzLvgE"}],"group":"cf-nel","max_age":604800}', 'NEL': '{"success_fraction":0,"report_to":"cf-nel","max_age":604800}', 'Server': 'cloudflare', 'CF-RAY': '86e1c4f399e99129-ORD', 'alt-svc': 'h3=":443"; ma=86400'} 
 body={"results":[{"gender":"female","name":{"title":"Ms","first":"Adele","last":"Owren"},"location":{"street":{"number":8959,"name":"Munkebekken"},"city":"Eide","state":"Buskerud","country":"Norway","postcode":"3270","coordinates":{"latitude":"43.5831","longitude":"149.3392"},"timezone":{"offset":"+7:00","description":"Bangkok, Hanoi, Jakarta"}},"email":"adele.owren@example.com","login":{"uuid":"0abce922-c2b0-409b-902d-f6b829422a2d","username":"smallzebra463","password":"benfica","salt":"iRcbMTMb","md5":"61b58df147a1ba3519c158bbbcf599fc","sha1":"0b3a630fe6d55addf21813910f48663b18192ed5","sha256":"2e27601b6a7a5548a51e899d5670430329413737220c0269a4199e5abd2898d6"},"dob":{"date":"1983-11-06T13:26:58.519Z","age":40},"registered":{"date":"2012-12-12T22:38:42.983Z","age":11},"phone":"62116180","cell":"44006543","id":{"name":"FN","value":"06118333843"},"picture":{"large":"https://randomuser.me/api/portraits/women/14.jpg","medium":"https://randomuser.me/api/portraits/med/women/14.jpg","thumbnail":"https://randomuser.me/api/portraits/thumb/women/14.jpg"},"nat":"NO"}],"info":{"seed":"7d022bdf42387af9","results":1,"page":1,"version":"1.4"}} 
 </msg>
<msg time="2024-04-02T15:14:34.441621" level="INFO">/opt/hostedtoolcache/Python/3.12.2/x64/lib/python3.12/site-packages/urllib3/connectionpool.py:1103: InsecureRequestWarning: Unverified HTTPS request is being made to host 'randomuser.me'. Adding certificate verification is strongly advised. See: https://urllib3.readthedocs.io/en/latest/advanced-usage.html#tls-warnings
  warnings.warn(</msg>
<msg time="2024-04-02T15:14:34.441760" level="INFO">${response} = &lt;Response [200]&gt;</msg>
<var>${response}</var>
<arg>consultarAPI</arg>
<arg>/api</arg>
<doc>Sends a GET request on a previously created HTTP Session.</doc>
<status status="PASS" start="2024-04-02T15:14:34.176722" elapsed="0.265069"/>
</kw>
<kw name="Set Variable" owner="BuiltIn">
<msg time="2024-04-02T15:14:34.442923" level="INFO">${json_data} = {'results': [{'gender': 'female', 'name': {'title': 'Ms', 'first': 'Adele', 'last': 'Owren'}, 'location': {'street': {'number': 8959, 'name': 'Munkebekken'}, 'city': 'Eide', 'state': 'Buskerud', 'coun...</msg>
<var>${json_data}</var>
<arg>${response.json()}</arg>
<doc>Returns the given values which can then be assigned to a variables.</doc>
<status status="PASS" start="2024-04-02T15:14:34.442388" elapsed="0.000562"/>
</kw>
<kw name="Log" owner="BuiltIn">
<msg time="2024-04-02T15:14:34.443421" level="INFO">{'results': [{'gender': 'female', 'name': {'title': 'Ms', 'first': 'Adele', 'last': 'Owren'}, 'location': {'street': {'number': 8959, 'name': 'Munkebekken'}, 'city': 'Eide', 'state': 'Buskerud', 'country': 'Norway', 'postcode': '3270', 'coordinates': {'latitude': '43.5831', 'longitude': '149.3392'}, 'timezone': {'offset': '+7:00', 'description': 'Bangkok, Hanoi, Jakarta'}}, 'email': 'adele.owren@example.com', 'login': {'uuid': '0abce922-c2b0-409b-902d-f6b829422a2d', 'username': 'smallzebra463', 'password': 'benfica', 'salt': 'iRcbMTMb', 'md5': '61b58df147a1ba3519c158bbbcf599fc', 'sha1': '0b3a630fe6d55addf21813910f48663b18192ed5', 'sha256': '2e27601b6a7a5548a51e899d5670430329413737220c0269a4199e5abd2898d6'}, 'dob': {'date': '1983-11-06T13:26:58.519Z', 'age': 40}, 'registered': {'date': '2012-12-12T22:38:42.983Z', 'age': 11}, 'phone': '62116180', 'cell': '44006543', 'id': {'name': 'FN', 'value': '06118333843'}, 'picture': {'large': 'https://randomuser.me/api/portraits/women/14.jpg', 'medium': 'https://randomuser.me/api/portraits/med/women/14.jpg', 'thumbnail': 'https://randomuser.me/api/portraits/thumb/women/14.jpg'}, 'nat': 'NO'}], 'info': {'seed': '7d022bdf42387af9', 'results': 1, 'page': 1, 'version': '1.4'}}</msg>
<arg>${json_data}</arg>
<doc>Logs the given message with the given level.</doc>
<status status="PASS" start="2024-04-02T15:14:34.443257" elapsed="0.000247"/>
</kw>
<kw name="Should Be Equal As Numbers" owner="BuiltIn">
<arg>${json_data['results'][0]['location']['postcode']}</arg>
<arg>${json_data['results'][0]['location']['postcode']}</arg>
<doc>Fails if objects are unequal after converting them to real numbers.</doc>
<status status="PASS" start="2024-04-02T15:14:34.443808" elapsed="0.000632"/>
</kw>
<kw name="Log" owner="BuiltIn">
<msg time="2024-04-02T15:14:34.444967" level="INFO">3270</msg>
<arg>${json_data['results'][0]['location']['postcode']}</arg>
<doc>Logs the given message with the given level.</doc>
<status status="PASS" start="2024-04-02T15:14:34.444632" elapsed="0.000376"/>
</kw>
<status status="PASS" start="2024-04-02T15:14:34.176306" elapsed="0.268965"/>
</kw>
<doc>Testa se os tipos de dados na resposta da API estão corretos.</doc>
<tag>testeTiposDados</tag>
<status status="PASS" start="2024-04-02T15:14:34.118287" elapsed="0.327188"/>
</test>
<test id="s1-s1-t5" name="Validar conteudo" line="35">
<kw name="Teste de Tipos de Conteudo" owner="random-user-service">
<kw name="GET On Session" owner="RequestsLibrary">
<msg time="2024-04-02T15:14:35.231958" level="INFO">GET Request : url=https://randomuser.me/api 
 path_url=/api 
 headers={'User-Agent': 'python-requests/2.31.0', 'Accept-Encoding': 'gzip, deflate', 'Accept': '*/*', 'Connection': 'keep-alive'} 
 body=None 
 </msg>
<msg time="2024-04-02T15:14:35.232058" level="INFO">GET Response : url=https://randomuser.me/api 
 status=200, reason=OK 
 headers={'Date': 'Tue, 02 Apr 2024 15:14:35 GMT', 'Content-Type': 'application/json; charset=utf-8', 'Transfer-Encoding': 'chunked', 'Connection': 'keep-alive', 'X-Powered-By': 'Express', 'Access-Control-Allow-Origin': '*', 'Cache-Control': 'no-cache', 'ETag': 'W/"493-ZrMzgsTcxw6SzV07dBUmQhehFek"', 'Vary': 'Accept-Encoding', 'Content-Encoding': 'gzip', 'CF-Cache-Status': 'DYNAMIC', 'Report-To': '{"endpoints":[{"url":"https:\\/\\/a.nel.cloudflare.com\\/report\\/v4?s=SqCN9MX91UT6zT%2F0W1%2B58LOHIuJwUiKJzOSwUUYGom1u%2BViCPkmvt2bZH3MxxjXm4tG0s8BW76Cp5%2FxldykrpRhovABmMk54w4b%2FapQVRFT5POJuroR%2FeRDMWCHy2i4x"}],"group":"cf-nel","max_age":604800}', 'NEL': '{"success_fraction":0,"report_to":"cf-nel","max_age":604800}', 'Server': 'cloudflare', 'CF-RAY': '86e1c4f548589129-ORD', 'alt-svc': 'h3=":443"; ma=86400'} 
 body={"results":[{"gender":"female","name":{"title":"Mrs","first":"Lourdes","last":"Suarez"},"location":{"street":{"number":9704,"name":"Calle de Ferraz"},"city":"Ferrol","state":"La Rioja","country":"Spain","postcode":71098,"coordinates":{"latitude":"-35.5234","longitude":"138.5446"},"timezone":{"offset":"+5:30","description":"Bombay, Calcutta, Madras, New Delhi"}},"email":"lourdes.suarez@example.com","login":{"uuid":"8e7bf74c-af35-4494-b2a3-df0c4a71d812","username":"bluesnake953","password":"passw0rd","salt":"9puqKsmh","md5":"5278d9f616a028e58bfd49db3373fc5d","sha1":"ea96191ef08610c4e38dd1eb0abe6ed3ab5b06a6","sha256":"d95ce5a3e13a84519d11717106acfd81c9179213c71366db8d4553a18552ec7d"},"dob":{"date":"1944-12-13T18:15:31.447Z","age":79},"registered":{"date":"2018-01-09T23:09:36.466Z","age":6},"phone":"964-085-010","cell":"689-585-706","id":{"name":"DNI","value":"98652068-U"},"picture":{"large":"https://randomuser.me/api/portraits/women/28.jpg","medium":"https://randomuser.me/api/portraits/med/women/28.jpg","thumbnail":"https://randomuser.me/api/portraits/thumb/women/28.jpg"},"nat":"ES"}],"info":{"seed":"09a4be5bf6d8481a","results":1,"page":1,"version":"1.4"}} 
 </msg>
<msg time="2024-04-02T15:14:35.232126" level="INFO">/opt/hostedtoolcache/Python/3.12.2/x64/lib/python3.12/site-packages/urllib3/connectionpool.py:1103: InsecureRequestWarning: Unverified HTTPS request is being made to host 'randomuser.me'. Adding certificate verification is strongly advised. See: https://urllib3.readthedocs.io/en/latest/advanced-usage.html#tls-warnings
  warnings.warn(</msg>
<msg time="2024-04-02T15:14:35.232256" level="INFO">${response} = &lt;Response [200]&gt;</msg>
<var>${response}</var>
<arg>consultarAPI</arg>
<arg>/api</arg>
<doc>Sends a GET request on a previously created HTTP Session.</doc>
<status status="PASS" start="2024-04-02T15:14:34.447965" elapsed="0.784331"/>
</kw>
<kw name="Set Variable" owner="BuiltIn">
<msg time="2024-04-02T15:14:35.233567" level="INFO">${json_data} = {'results': [{'gender': 'female', 'name': {'title': 'Mrs', 'first': 'Lourdes', 'last': 'Suarez'}, 'location': {'street': {'number': 9704, 'name': 'Calle de Ferraz'}, 'city': 'Ferrol', 'state': 'La Rio...</msg>
<var>${json_data}</var>
<arg>${response.json()}</arg>
<doc>Returns the given values which can then be assigned to a variables.</doc>
<status status="PASS" start="2024-04-02T15:14:35.232964" elapsed="0.000632"/>
</kw>
<kw name="Set Variable" owner="BuiltIn">
<msg time="2024-04-02T15:14:35.234301" level="INFO">${name_title} = Mrs</msg>
<var>${name_title}</var>
<arg>${json_data["results"][0]["name"]["title"]}</arg>
<doc>Returns the given values which can then be assigned to a variables.</doc>
<status status="PASS" start="2024-04-02T15:14:35.233911" elapsed="0.000415"/>
</kw>
<kw name="Create List" owner="BuiltIn">
<msg time="2024-04-02T15:14:35.234779" level="INFO">${allowed_titles} = ['Mr', 'Ms', 'Miss', 'Mrs', 'Madame', 'Monsieur']</msg>
<var>${allowed_titles}</var>
<arg>Mr</arg>
<arg>Ms</arg>
<arg>Miss</arg>
<arg>Mrs</arg>
<arg>Madame</arg>
<arg>Monsieur</arg>
<doc>Returns a list containing given items.</doc>
<status status="PASS" start="2024-04-02T15:14:35.234630" elapsed="0.000175"/>
</kw>
<kw name="List Should Contain Value" owner="Collections">
<msg time="2024-04-02T15:14:35.235439" level="INFO">False</msg>
<arg>${allowed_titles}</arg>
<arg>${name_title}</arg>
<doc>Fails if the ``value`` is not found from ``list``.</doc>
<status status="PASS" start="2024-04-02T15:14:35.235234" elapsed="0.000244"/>
</kw>
<kw name="Set Variable" owner="BuiltIn">
<msg time="2024-04-02T15:14:35.236159" level="INFO">${name_country} = ES</msg>
<var>${name_country}</var>
<arg>${json_data["results"][0]["nat"]}</arg>
<doc>Returns the given values which can then be assigned to a variables.</doc>
<status status="PASS" start="2024-04-02T15:14:35.235783" elapsed="0.000404"/>
</kw>
<kw name="Create List" owner="BuiltIn">
<msg time="2024-04-02T15:14:35.237101" level="INFO">${list_country} = ['AD', 'AE', 'AF', 'AG', 'AI', 'AL', 'AM', 'AO', 'AQ', 'AR', 'AS', 'AT', 'AU', 'AW', 'AX', 'AZ', 'BA', 'BB', 'BD', 'BE', 'BF', 'BG', 'BH', 'BI', 'BJ', 'BL', 'BM', 'BN', 'BO', 'BQ', 'BR', 'BS', 'BT', '...</msg>
<var>${list_country}</var>
<arg>AD</arg>
<arg>AE</arg>
<arg>AF</arg>
<arg>AG</arg>
<arg>AI</arg>
<arg>AL</arg>
<arg>AM</arg>
<arg>AO</arg>
<arg>AQ</arg>
<arg>AR</arg>
<arg>AS</arg>
<arg>AT</arg>
<arg>AU</arg>
<arg>AW</arg>
<arg>AX</arg>
<arg>AZ</arg>
<arg>BA</arg>
<arg>BB</arg>
<arg>BD</arg>
<arg>BE</arg>
<arg>BF</arg>
<arg>BG</arg>
<arg>BH</arg>
<arg>BI</arg>
<arg>BJ</arg>
<arg>BL</arg>
<arg>BM</arg>
<arg>BN</arg>
<arg>BO</arg>
<arg>BQ</arg>
<arg>BR</arg>
<arg>BS</arg>
<arg>BT</arg>
<arg>BV</arg>
<arg>BW</arg>
<arg>BY</arg>
<arg>BZ</arg>
<arg>CA</arg>
<arg>CC</arg>
<arg>CD</arg>
<arg>CF</arg>
<arg>CG</arg>
<arg>CH</arg>
<arg>CI</arg>
<arg>CK</arg>
<arg>CL</arg>
<arg>CM</arg>
<arg>CN</arg>
<arg>CO</arg>
<arg>CR</arg>
<arg>CU</arg>
<arg>CV</arg>
<arg>CW</arg>
<arg>CX</arg>
<arg>CY</arg>
<arg>CZ</arg>
<arg>DE</arg>
<arg>DJ</arg>
<arg>DK</arg>
<arg>DM</arg>
<arg>DO</arg>
<arg>DZ</arg>
<arg>EC</arg>
<arg>EE</arg>
<arg>EG</arg>
<arg>EH</arg>
<arg>ER</arg>
<arg>ES</arg>
<arg>ET</arg>
<arg>FI</arg>
<arg>FJ</arg>
<arg>FK</arg>
<arg>FM</arg>
<arg>FO</arg>
<arg>FR</arg>
<arg>GA</arg>
<arg>GB</arg>
<arg>GD</arg>
<arg>GE</arg>
<arg>GF</arg>
<arg>GG</arg>
<arg>GH</arg>
<arg>GI</arg>
<arg>GL</arg>
<arg>GM</arg>
<arg>GN</arg>
<arg>GP</arg>
<arg>GQ</arg>
<arg>GR</arg>
<arg>GS</arg>
<arg>GT</arg>
<arg>GU</arg>
<arg>GW</arg>
<arg>GY</arg>
<arg>HK</arg>
<arg>HM</arg>
<arg>HN</arg>
<arg>HR</arg>
<arg>HT</arg>
<arg>HU</arg>
<arg>ID</arg>
<arg>IE</arg>
<arg>IL</arg>
<arg>IM</arg>
<arg>IN</arg>
<arg>IO</arg>
<arg>IQ</arg>
<arg>IR</arg>
<arg>IS</arg>
<arg>IT</arg>
<arg>JE</arg>
<arg>JM</arg>
<arg>JO</arg>
<arg>JP</arg>
<arg>KE</arg>
<arg>KG</arg>
<arg>KH</arg>
<arg>KI</arg>
<arg>KM</arg>
<arg>KN</arg>
<arg>KP</arg>
<arg>KR</arg>
<arg>KW</arg>
<arg>KY</arg>
<arg>KZ</arg>
<arg>LA</arg>
<arg>LB</arg>
<arg>LC</arg>
<arg>LI</arg>
<arg>LK</arg>
<arg>LR</arg>
<arg>LS</arg>
<arg>LT</arg>
<arg>LU</arg>
<arg>LV</arg>
<arg>LY</arg>
<arg>MA</arg>
<arg>MC</arg>
<arg>MD</arg>
<arg>ME</arg>
<arg>MF</arg>
<arg>MG</arg>
<arg>MH</arg>
<arg>MK</arg>
<arg>ML</arg>
<arg>MM</arg>
<arg>MN</arg>
<arg>MO</arg>
<arg>MP</arg>
<arg>MQ</arg>
<arg>MR</arg>
<arg>MS</arg>
<arg>MT</arg>
<arg>MU</arg>
<arg>MV</arg>
<arg>MW</arg>
<arg>MX</arg>
<arg>MY</arg>
<arg>MZ</arg>
<arg>NA</arg>
<arg>NC</arg>
<arg>NE</arg>
<arg>NF</arg>
<arg>NG</arg>
<arg>NI</arg>
<arg>NL</arg>
<arg>NO</arg>
<arg>NP</arg>
<arg>NR</arg>
<arg>NU</arg>
<arg>NZ</arg>
<arg>OM</arg>
<arg>PA</arg>
<arg>PE</arg>
<arg>PF</arg>
<arg>PG</arg>
<arg>PH</arg>
<arg>PK</arg>
<arg>PL</arg>
<arg>PM</arg>
<arg>PN</arg>
<arg>PR</arg>
<arg>PS</arg>
<arg>PT</arg>
<arg>PW</arg>
<arg>PY</arg>
<arg>QA</arg>
<arg>RE</arg>
<arg>RO</arg>
<arg>RS</arg>
<arg>RU</arg>
<arg>RW</arg>
<arg>SA</arg>
<arg>SB</arg>
<arg>SC</arg>
<arg>SD</arg>
<arg>SE</arg>
<arg>SG</arg>
<arg>SH</arg>
<arg>SI</arg>
<arg>SJ</arg>
<arg>SK</arg>
<arg>SL</arg>
<arg>SM</arg>
<arg>SN</arg>
<arg>SO</arg>
<arg>SR</arg>
<arg>SS</arg>
<arg>ST</arg>
<arg>SV</arg>
<arg>SX</arg>
<arg>SY</arg>
<arg>SZ</arg>
<arg>TC</arg>
<arg>TD</arg>
<arg>TF</arg>
<arg>TG</arg>
<arg>TH</arg>
<arg>TJ</arg>
<arg>TK</arg>
<arg>TL</arg>
<arg>TM</arg>
<arg>TN</arg>
<arg>TO</arg>
<arg>TR</arg>
<arg>TT</arg>
<arg>TV</arg>
<arg>TW</arg>
<arg>TZ</arg>
<arg>UA</arg>
<arg>UG</arg>
<arg>UM</arg>
<arg>US</arg>
<arg>UY</arg>
<arg>UZ</arg>
<arg>VA</arg>
<arg>VC</arg>
<arg>VE</arg>
<arg>VG</arg>
<arg>VI</arg>
<arg>VN</arg>
<arg>VU</arg>
<arg>WF</arg>
<arg>WS</arg>
<arg>XK</arg>
<arg>YE</arg>
<arg>YT</arg>
<arg>ZA</arg>
<arg>ZM</arg>
<arg>ZW</arg>
<doc>Returns a list containing given items.</doc>
<status status="PASS" start="2024-04-02T15:14:35.236499" elapsed="0.000628"/>
</kw>
<kw name="List Should Contain Value" owner="Collections">
<msg time="2024-04-02T15:14:35.238305" level="INFO">False</msg>
<arg>${list_country}</arg>
<arg>${name_country}</arg>
<doc>Fails if the ``value`` is not found from ``list``.</doc>
<status status="PASS" start="2024-04-02T15:14:35.238096" elapsed="0.000246"/>
</kw>
<kw name="Run Keyword If" owner="BuiltIn">
<kw name="Should Be True" owner="BuiltIn">
<arg>${True}</arg>
<doc>Fails if the given condition is not true.</doc>
<status status="PASS" start="2024-04-02T15:14:35.239431" elapsed="0.000154"/>
</kw>
<arg>${json_data["results"][0]["location"]["coordinates"]["latitude"]} &gt;= -90 and ${json_data["results"][0]["location"]["coordinates"]["latitude"]} &lt;= 90</arg>
<arg>Should Be True</arg>
<arg>${True}</arg>
<doc>Runs the given keyword with the given arguments, if ``condition`` is true.</doc>
<status status="PASS" start="2024-04-02T15:14:35.238661" elapsed="0.001054"/>
</kw>
<kw name="Run Keyword If" owner="BuiltIn">
<kw name="Should Be True" owner="BuiltIn">
<arg>${True}</arg>
<doc>Fails if the given condition is not true.</doc>
<status status="PASS" start="2024-04-02T15:14:35.240645" elapsed="0.000140"/>
</kw>
<arg>${json_data["results"][0]["location"]["coordinates"]["longitude"]} &gt;= -180 and ${json_data["results"][0]["location"]["coordinates"]["longitude"]} &lt;= 180</arg>
<arg>Should Be True</arg>
<arg>${True}</arg>
<doc>Runs the given keyword with the given arguments, if ``condition`` is true.</doc>
<status status="PASS" start="2024-04-02T15:14:35.239904" elapsed="0.001006"/>
</kw>
<status status="PASS" start="2024-04-02T15:14:34.447728" elapsed="0.793321"/>
</kw>
<doc>Testa o conteúdo específico dos campos retornados pela API.</doc>
<tag>testeConteudo</tag>
<status status="PASS" start="2024-04-02T15:14:34.447233" elapsed="0.793979"/>
</test>
<status status="PASS" start="2024-04-02T15:14:31.905370" elapsed="3.337844"/>
</suite>
<status status="PASS" start="2024-04-02T15:14:31.887604" elapsed="3.360984"/>
</suite>
<statistics>
<total>
<stat pass="5" fail="0" skip="0">All Tests</stat>
</total>
<tag>
<stat pass="1" fail="0" skip="0">testeConteudo</stat>
<stat pass="1" fail="0" skip="0">testeEstruturaResposta</stat>
<stat pass="1" fail="0" skip="0">testeRequisicaoBasica</stat>
<stat pass="1" fail="0" skip="0">testeTiposDados</stat>
</tag>
<suite>
<stat pass="5" fail="0" skip="0" id="s1" name="Tests">Tests</stat>
<stat pass="5" fail="0" skip="0" id="s1-s1" name="Random-User-Test">Tests.Random-User-Test</stat>
</suite>
</statistics>
<errors>
</errors>
</robot>
