<?xml version="1.0" encoding="UTF-8"?>
<robot generator="Robot 7.0 (Python 3.12.3 on linux)" generated="2024-04-19T19:11:54.691935" rpa="false" schemaversion="5">
<suite id="s1" name="Tests" source="/home/runner/work/DesafioQAItauRogerioJordao/DesafioQAItauRogerioJordao/RamdonUser/tests">
<suite id="s1-s1" name="Random-User-Test" source="/home/runner/work/DesafioQAItauRogerioJordao/DesafioQAItauRogerioJordao/RamdonUser/tests/random-user-test.robot">
<test id="s1-s1-t1" name="Conectar" line="13">
<kw name="Conectar API" owner="random-user-service">
<kw name="Create Session" owner="RequestsLibrary">
<msg time="2024-04-19T19:11:55.074910" level="INFO">Creating Session using : alias=consultarAPI, url=https://randomuser.me/, headers={},                     cookies={}, auth=None, timeout=None, proxies=None, verify=False,                     debug=0 </msg>
<arg>consultarAPI</arg>
<arg>${URL}</arg>
<doc>Create Session: create a HTTP session to a server</doc>
<status status="PASS" start="2024-04-19T19:11:55.074697" elapsed="0.000415"/>
</kw>
<status status="PASS" start="2024-04-19T19:11:55.073677" elapsed="0.001818"/>
</kw>
<status status="PASS" start="2024-04-19T19:11:55.073003" elapsed="0.002727"/>
</test>
<test id="s1-s1-t2" name="Validar retorno 200 e JSON Válido" line="16">
<kw name="Teste de Requisicao Basica" owner="random-user-service">
<kw name="GET On Session" owner="RequestsLibrary">
<msg time="2024-04-19T19:11:55.159770" level="INFO">GET Request : url=https://randomuser.me/api 
 path_url=/api 
 headers={'User-Agent': 'python-requests/2.31.0', 'Accept-Encoding': 'gzip, deflate', 'Accept': '*/*', 'Connection': 'keep-alive'} 
 body=None 
 </msg>
<msg time="2024-04-19T19:11:55.159932" level="INFO">GET Response : url=https://randomuser.me/api 
 status=200, reason=OK 
 headers={'Date': 'Fri, 19 Apr 2024 19:11:55 GMT', 'Content-Type': 'application/json; charset=utf-8', 'Transfer-Encoding': 'chunked', 'Connection': 'keep-alive', 'X-Powered-By': 'Express', 'Access-Control-Allow-Origin': '*', 'Cache-Control': 'no-cache', 'ETag': 'W/"494-/gUMihhSC1QRINwTud7MjpF4zes"', 'Vary': 'Accept-Encoding', 'Content-Encoding': 'gzip', 'CF-Cache-Status': 'DYNAMIC', 'Report-To': '{"endpoints":[{"url":"https:\\/\\/a.nel.cloudflare.com\\/report\\/v4?s=bjVsMOU4wwLwSpkN4EsRRjh3rwarg1i8MpWMKu3i1BDjnFELCJWq%2BdFPO1Pcfj5%2B%2B1DEK%2Brl7sWpAGLtG4ueuYInDOAXpv7mgb5NKgrJSb3cgKsv5PIRJk1nM3VEPRvu"}],"group":"cf-nel","max_age":604800}', 'NEL': '{"success_fraction":0,"report_to":"cf-nel","max_age":604800}', 'Server': 'cloudflare', 'CF-RAY': '876f34017ca681be-IAD', 'alt-svc': 'h3=":443"; ma=86400'} 
 body={"results":[{"gender":"male","name":{"title":"Mr","first":"Chris","last":"Perez"},"location":{"street":{"number":369,"name":"Woodland St"},"city":"Downey","state":"Pennsylvania","country":"United States","postcode":67637,"coordinates":{"latitude":"86.3314","longitude":"-173.6469"},"timezone":{"offset":"+3:00","description":"Baghdad, Riyadh, Moscow, St. Petersburg"}},"email":"chris.perez@example.com","login":{"uuid":"2b80f3ba-24ce-41d1-98b5-0a7568d5d877","username":"sadgoose106","password":"living","salt":"lrX5gZeL","md5":"a553e7077fadc8cc8476c5ed7bdb723b","sha1":"35a63dd4a16758a6fb20e01537bec5ff7f235a76","sha256":"bbcdd7f24955eea61fe0853a364c108f2b21424f8b94cc0a90d4381390f9d367"},"dob":{"date":"1983-06-02T23:12:24.328Z","age":40},"registered":{"date":"2012-01-12T14:46:55.907Z","age":12},"phone":"(558) 485-4445","cell":"(775) 531-6889","id":{"name":"SSN","value":"043-72-5711"},"picture":{"large":"https://randomuser.me/api/portraits/men/35.jpg","medium":"https://randomuser.me/api/portraits/med/men/35.jpg","thumbnail":"https://randomuser.me/api/portraits/thumb/men/35.jpg"},"nat":"US"}],"info":{"seed":"d0894c2b36bf1a75","results":1,"page":1,"version":"1.4"}} 
 </msg>
<msg time="2024-04-19T19:11:55.160016" level="INFO">/opt/hostedtoolcache/Python/3.12.3/x64/lib/python3.12/site-packages/urllib3/connectionpool.py:1103: InsecureRequestWarning: Unverified HTTPS request is being made to host 'randomuser.me'. Adding certificate verification is strongly advised. See: https://urllib3.readthedocs.io/en/latest/advanced-usage.html#tls-warnings
  warnings.warn(</msg>
<msg time="2024-04-19T19:11:55.160165" level="INFO">${response} = &lt;Response [200]&gt;</msg>
<var>${response}</var>
<arg>consultarAPI</arg>
<arg>/api</arg>
<doc>Sends a GET request on a previously created HTTP Session.</doc>
<status status="PASS" start="2024-04-19T19:11:55.078487" elapsed="0.081721"/>
</kw>
<kw name="Should Be Equal As Numbers" owner="BuiltIn">
<msg time="2024-04-19T19:11:55.161422" level="INFO">Argument types are:
&lt;class 'int'&gt;
&lt;class 'str'&gt;</msg>
<arg>${response.status_code}</arg>
<arg>200</arg>
<doc>Fails if objects are unequal after converting them to real numbers.</doc>
<status status="PASS" start="2024-04-19T19:11:55.160908" elapsed="0.000583"/>
</kw>
<kw name="Log" owner="BuiltIn">
<msg time="2024-04-19T19:11:55.162219" level="INFO">200</msg>
<arg>${response.status_code}</arg>
<doc>Logs the given message with the given level.</doc>
<status status="PASS" start="2024-04-19T19:11:55.161854" elapsed="0.000408"/>
</kw>
<kw name="Set Variable" owner="BuiltIn">
<msg time="2024-04-19T19:11:55.163024" level="INFO">${json_data} = {'results': [{'gender': 'male', 'name': {'title': 'Mr', 'first': 'Chris', 'last': 'Perez'}, 'location': {'street': {'number': 369, 'name': 'Woodland St'}, 'city': 'Downey', 'state': 'Pennsylvania', 'c...</msg>
<var>${json_data}</var>
<arg>${response.json()}</arg>
<doc>Returns the given values which can then be assigned to a variables.</doc>
<status status="PASS" start="2024-04-19T19:11:55.162582" elapsed="0.000471"/>
</kw>
<kw name="Dictionary Should Contain Key" owner="Collections">
<msg time="2024-04-19T19:11:55.163538" level="INFO">False</msg>
<arg>${json_data}</arg>
<arg>results</arg>
<doc>Fails if ``key`` is not found from ``dictionary``.</doc>
<status status="PASS" start="2024-04-19T19:11:55.163360" elapsed="0.000220"/>
</kw>
<status status="PASS" start="2024-04-19T19:11:55.078221" elapsed="0.085675"/>
</kw>
<doc>Testa se a API responde corretamente e retorna um objeto JSON válido.</doc>
<tag>testeRequisicaoBasica</tag>
<status status="PASS" start="2024-04-19T19:11:55.077639" elapsed="0.086449"/>
</test>
<test id="s1-s1-t3" name="Validar estrutura de resposta" line="22">
<kw name="Teste de Estrutura de Resposta" owner="random-user-service">
<kw name="GET On Session" owner="RequestsLibrary">
<msg time="2024-04-19T19:11:55.269502" level="INFO">GET Request : url=https://randomuser.me/api 
 path_url=/api 
 headers={'User-Agent': 'python-requests/2.31.0', 'Accept-Encoding': 'gzip, deflate', 'Accept': '*/*', 'Connection': 'keep-alive'} 
 body=None 
 </msg>
<msg time="2024-04-19T19:11:55.269617" level="INFO">GET Response : url=https://randomuser.me/api 
 status=200, reason=OK 
 headers={'Date': 'Fri, 19 Apr 2024 19:11:55 GMT', 'Content-Type': 'application/json; charset=utf-8', 'Transfer-Encoding': 'chunked', 'Connection': 'keep-alive', 'X-Powered-By': 'Express', 'Access-Control-Allow-Origin': '*', 'Cache-Control': 'no-cache', 'ETag': 'W/"48b-8x8u5GHVwQcpLI3DoPSeb3eoQ2Q"', 'Vary': 'Accept-Encoding', 'Content-Encoding': 'gzip', 'CF-Cache-Status': 'DYNAMIC', 'Report-To': '{"endpoints":[{"url":"https:\\/\\/a.nel.cloudflare.com\\/report\\/v4?s=OtUSm5ny1zw4khhpn91pJr2oHsHzp17DvahBCmxgod7y7CrXhIip0rIIliFUXEaU05olllrzXDqXMZKj0gPVky6kEptE8AIC5Jk3tE%2FKkAf%2BYZUu%2BeUaofEaJmqU0Gtm"}],"group":"cf-nel","max_age":604800}', 'NEL': '{"success_fraction":0,"report_to":"cf-nel","max_age":604800}', 'Server': 'cloudflare', 'CF-RAY': '876f3401dd0281be-IAD', 'alt-svc': 'h3=":443"; ma=86400'} 
 body={"results":[{"gender":"female","name":{"title":"Mrs","first":"Dhanashri","last":"Bhoja"},"location":{"street":{"number":6953,"name":"Naiduthota"},"city":"Mehsana","state":"Jharkhand","country":"India","postcode":99687,"coordinates":{"latitude":"6.5914","longitude":"139.9619"},"timezone":{"offset":"-8:00","description":"Pacific Time (US &amp; Canada)"}},"email":"dhanashri.bhoja@example.com","login":{"uuid":"3292b997-fffe-4b70-992b-8e72a6f92647","username":"redleopard893","password":"bluemoon","salt":"986RCbhK","md5":"51e0d83cdb64f101d6f7e7072910a0a1","sha1":"a8126a991d43c33528f0ea9744dfd1c615429e44","sha256":"b4435e2443ea5cb12f81d39c5eebdfa905656c4bcd9bbd93cd5ba035cee320b5"},"dob":{"date":"1972-03-24T11:17:50.580Z","age":52},"registered":{"date":"2005-07-13T13:06:14.659Z","age":18},"phone":"8951324666","cell":"8273098974","id":{"name":"UIDAI","value":"211060536788"},"picture":{"large":"https://randomuser.me/api/portraits/women/61.jpg","medium":"https://randomuser.me/api/portraits/med/women/61.jpg","thumbnail":"https://randomuser.me/api/portraits/thumb/women/61.jpg"},"nat":"IN"}],"info":{"seed":"fc79892328f509ad","results":1,"page":1,"version":"1.4"}} 
 </msg>
<msg time="2024-04-19T19:11:55.269772" level="INFO">/opt/hostedtoolcache/Python/3.12.3/x64/lib/python3.12/site-packages/urllib3/connectionpool.py:1103: InsecureRequestWarning: Unverified HTTPS request is being made to host 'randomuser.me'. Adding certificate verification is strongly advised. See: https://urllib3.readthedocs.io/en/latest/advanced-usage.html#tls-warnings
  warnings.warn(</msg>
<msg time="2024-04-19T19:11:55.269921" level="INFO">${response} = &lt;Response [200]&gt;</msg>
<var>${response}</var>
<arg>consultarAPI</arg>
<arg>/api</arg>
<doc>Sends a GET request on a previously created HTTP Session.</doc>
<status status="PASS" start="2024-04-19T19:11:55.166840" elapsed="0.103123"/>
</kw>
<kw name="Set Variable" owner="BuiltIn">
<msg time="2024-04-19T19:11:55.271048" level="INFO">${json_data} = {'results': [{'gender': 'female', 'name': {'title': 'Mrs', 'first': 'Dhanashri', 'last': 'Bhoja'}, 'location': {'street': {'number': 6953, 'name': 'Naiduthota'}, 'city': 'Mehsana', 'state': 'Jharkhand...</msg>
<var>${json_data}</var>
<arg>${response.json()}</arg>
<doc>Returns the given values which can then be assigned to a variables.</doc>
<status status="PASS" start="2024-04-19T19:11:55.270497" elapsed="0.000581"/>
</kw>
<kw name="Log" owner="BuiltIn">
<msg time="2024-04-19T19:11:55.271609" level="INFO">{'results': [{'gender': 'female', 'name': {'title': 'Mrs', 'first': 'Dhanashri', 'last': 'Bhoja'}, 'location': {'street': {'number': 6953, 'name': 'Naiduthota'}, 'city': 'Mehsana', 'state': 'Jharkhand', 'country': 'India', 'postcode': 99687, 'coordinates': {'latitude': '6.5914', 'longitude': '139.9619'}, 'timezone': {'offset': '-8:00', 'description': 'Pacific Time (US &amp; Canada)'}}, 'email': 'dhanashri.bhoja@example.com', 'login': {'uuid': '3292b997-fffe-4b70-992b-8e72a6f92647', 'username': 'redleopard893', 'password': 'bluemoon', 'salt': '986RCbhK', 'md5': '51e0d83cdb64f101d6f7e7072910a0a1', 'sha1': 'a8126a991d43c33528f0ea9744dfd1c615429e44', 'sha256': 'b4435e2443ea5cb12f81d39c5eebdfa905656c4bcd9bbd93cd5ba035cee320b5'}, 'dob': {'date': '1972-03-24T11:17:50.580Z', 'age': 52}, 'registered': {'date': '2005-07-13T13:06:14.659Z', 'age': 18}, 'phone': '8951324666', 'cell': '8273098974', 'id': {'name': 'UIDAI', 'value': '211060536788'}, 'picture': {'large': 'https://randomuser.me/api/portraits/women/61.jpg', 'medium': 'https://randomuser.me/api/portraits/med/women/61.jpg', 'thumbnail': 'https://randomuser.me/api/portraits/thumb/women/61.jpg'}, 'nat': 'IN'}], 'info': {'seed': 'fc79892328f509ad', 'results': 1, 'page': 1, 'version': '1.4'}}</msg>
<arg>${json_data}</arg>
<doc>Logs the given message with the given level.</doc>
<status status="PASS" start="2024-04-19T19:11:55.271438" elapsed="0.000265"/>
</kw>
<kw name="Dictionary Should Contain Key" owner="Collections">
<msg time="2024-04-19T19:11:55.272199" level="INFO">False</msg>
<arg>${json_data}</arg>
<arg>results</arg>
<doc>Fails if ``key`` is not found from ``dictionary``.</doc>
<status status="PASS" start="2024-04-19T19:11:55.272029" elapsed="0.000209"/>
</kw>
<kw name="Should Not Be Empty" owner="BuiltIn">
<msg time="2024-04-19T19:11:55.272686" level="INFO">Length is 2.</msg>
<arg>${json_data}</arg>
<doc>Verifies that the given item is not empty.</doc>
<status status="PASS" start="2024-04-19T19:11:55.272548" elapsed="0.000352"/>
</kw>
<kw name="Create List" owner="BuiltIn">
<msg time="2024-04-19T19:11:55.273360" level="INFO">${expected_keys} = ['gender', 'name', 'location', 'email', 'login']</msg>
<var>${expected_keys}</var>
<arg>gender</arg>
<arg>name</arg>
<arg>location</arg>
<arg>email</arg>
<arg>login</arg>
<doc>Returns a list containing given items.</doc>
<status status="PASS" start="2024-04-19T19:11:55.273206" elapsed="0.000179"/>
</kw>
<for flavor="IN">
<iter>
<kw name="Dictionary Should Contain Key" owner="Collections">
<msg time="2024-04-19T19:11:55.274422" level="INFO">False</msg>
<arg>${json_data['results'][0]}</arg>
<arg>${key}</arg>
<doc>Fails if ``key`` is not found from ``dictionary``.</doc>
<status status="PASS" start="2024-04-19T19:11:55.273991" elapsed="0.000470"/>
</kw>
<kw name="Log" owner="BuiltIn">
<msg time="2024-04-19T19:11:55.275131" level="INFO">{'gender': 'female', 'name': {'title': 'Mrs', 'first': 'Dhanashri', 'last': 'Bhoja'}, 'location': {'street': {'number': 6953, 'name': 'Naiduthota'}, 'city': 'Mehsana', 'state': 'Jharkhand', 'country': 'India', 'postcode': 99687, 'coordinates': {'latitude': '6.5914', 'longitude': '139.9619'}, 'timezone': {'offset': '-8:00', 'description': 'Pacific Time (US &amp; Canada)'}}, 'email': 'dhanashri.bhoja@example.com', 'login': {'uuid': '3292b997-fffe-4b70-992b-8e72a6f92647', 'username': 'redleopard893', 'password': 'bluemoon', 'salt': '986RCbhK', 'md5': '51e0d83cdb64f101d6f7e7072910a0a1', 'sha1': 'a8126a991d43c33528f0ea9744dfd1c615429e44', 'sha256': 'b4435e2443ea5cb12f81d39c5eebdfa905656c4bcd9bbd93cd5ba035cee320b5'}, 'dob': {'date': '1972-03-24T11:17:50.580Z', 'age': 52}, 'registered': {'date': '2005-07-13T13:06:14.659Z', 'age': 18}, 'phone': '8951324666', 'cell': '8273098974', 'id': {'name': 'UIDAI', 'value': '211060536788'}, 'picture': {'large': 'https://randomuser.me/api/portraits/women/61.jpg', 'medium': 'https://randomuser.me/api/portraits/med/women/61.jpg', 'thumbnail': 'https://randomuser.me/api/portraits/thumb/women/61.jpg'}, 'nat': 'IN'}</msg>
<arg>${json_data['results'][0]}</arg>
<doc>Logs the given message with the given level.</doc>
<status status="PASS" start="2024-04-19T19:11:55.274761" elapsed="0.000420"/>
</kw>
<kw name="Log" owner="BuiltIn">
<msg time="2024-04-19T19:11:55.275607" level="INFO">gender</msg>
<arg>${key}</arg>
<doc>Logs the given message with the given level.</doc>
<status status="PASS" start="2024-04-19T19:11:55.275478" elapsed="0.000190"/>
</kw>
<var name="${key}">gender</var>
<status status="PASS" start="2024-04-19T19:11:55.273861" elapsed="0.002026"/>
</iter>
<iter>
<kw name="Dictionary Should Contain Key" owner="Collections">
<msg time="2024-04-19T19:11:55.276604" level="INFO">False</msg>
<arg>${json_data['results'][0]}</arg>
<arg>${key}</arg>
<doc>Fails if ``key`` is not found from ``dictionary``.</doc>
<status status="PASS" start="2024-04-19T19:11:55.276197" elapsed="0.000446"/>
</kw>
<kw name="Log" owner="BuiltIn">
<msg time="2024-04-19T19:11:55.277336" level="INFO">{'gender': 'female', 'name': {'title': 'Mrs', 'first': 'Dhanashri', 'last': 'Bhoja'}, 'location': {'street': {'number': 6953, 'name': 'Naiduthota'}, 'city': 'Mehsana', 'state': 'Jharkhand', 'country': 'India', 'postcode': 99687, 'coordinates': {'latitude': '6.5914', 'longitude': '139.9619'}, 'timezone': {'offset': '-8:00', 'description': 'Pacific Time (US &amp; Canada)'}}, 'email': 'dhanashri.bhoja@example.com', 'login': {'uuid': '3292b997-fffe-4b70-992b-8e72a6f92647', 'username': 'redleopard893', 'password': 'bluemoon', 'salt': '986RCbhK', 'md5': '51e0d83cdb64f101d6f7e7072910a0a1', 'sha1': 'a8126a991d43c33528f0ea9744dfd1c615429e44', 'sha256': 'b4435e2443ea5cb12f81d39c5eebdfa905656c4bcd9bbd93cd5ba035cee320b5'}, 'dob': {'date': '1972-03-24T11:17:50.580Z', 'age': 52}, 'registered': {'date': '2005-07-13T13:06:14.659Z', 'age': 18}, 'phone': '8951324666', 'cell': '8273098974', 'id': {'name': 'UIDAI', 'value': '211060536788'}, 'picture': {'large': 'https://randomuser.me/api/portraits/women/61.jpg', 'medium': 'https://randomuser.me/api/portraits/med/women/61.jpg', 'thumbnail': 'https://randomuser.me/api/portraits/thumb/women/61.jpg'}, 'nat': 'IN'}</msg>
<arg>${json_data['results'][0]}</arg>
<doc>Logs the given message with the given level.</doc>
<status status="PASS" start="2024-04-19T19:11:55.276970" elapsed="0.000414"/>
</kw>
<kw name="Log" owner="BuiltIn">
<msg time="2024-04-19T19:11:55.277816" level="INFO">name</msg>
<arg>${key}</arg>
<doc>Logs the given message with the given level.</doc>
<status status="PASS" start="2024-04-19T19:11:55.277689" elapsed="0.000165"/>
</kw>
<var name="${key}">name</var>
<status status="PASS" start="2024-04-19T19:11:55.276079" elapsed="0.001994"/>
</iter>
<iter>
<kw name="Dictionary Should Contain Key" owner="Collections">
<msg time="2024-04-19T19:11:55.278754" level="INFO">False</msg>
<arg>${json_data['results'][0]}</arg>
<arg>${key}</arg>
<doc>Fails if ``key`` is not found from ``dictionary``.</doc>
<status status="PASS" start="2024-04-19T19:11:55.278366" elapsed="0.000426"/>
</kw>
<kw name="Log" owner="BuiltIn">
<msg time="2024-04-19T19:11:55.279463" level="INFO">{'gender': 'female', 'name': {'title': 'Mrs', 'first': 'Dhanashri', 'last': 'Bhoja'}, 'location': {'street': {'number': 6953, 'name': 'Naiduthota'}, 'city': 'Mehsana', 'state': 'Jharkhand', 'country': 'India', 'postcode': 99687, 'coordinates': {'latitude': '6.5914', 'longitude': '139.9619'}, 'timezone': {'offset': '-8:00', 'description': 'Pacific Time (US &amp; Canada)'}}, 'email': 'dhanashri.bhoja@example.com', 'login': {'uuid': '3292b997-fffe-4b70-992b-8e72a6f92647', 'username': 'redleopard893', 'password': 'bluemoon', 'salt': '986RCbhK', 'md5': '51e0d83cdb64f101d6f7e7072910a0a1', 'sha1': 'a8126a991d43c33528f0ea9744dfd1c615429e44', 'sha256': 'b4435e2443ea5cb12f81d39c5eebdfa905656c4bcd9bbd93cd5ba035cee320b5'}, 'dob': {'date': '1972-03-24T11:17:50.580Z', 'age': 52}, 'registered': {'date': '2005-07-13T13:06:14.659Z', 'age': 18}, 'phone': '8951324666', 'cell': '8273098974', 'id': {'name': 'UIDAI', 'value': '211060536788'}, 'picture': {'large': 'https://randomuser.me/api/portraits/women/61.jpg', 'medium': 'https://randomuser.me/api/portraits/med/women/61.jpg', 'thumbnail': 'https://randomuser.me/api/portraits/thumb/women/61.jpg'}, 'nat': 'IN'}</msg>
<arg>${json_data['results'][0]}</arg>
<doc>Logs the given message with the given level.</doc>
<status status="PASS" start="2024-04-19T19:11:55.279097" elapsed="0.000415"/>
</kw>
<kw name="Log" owner="BuiltIn">
<msg time="2024-04-19T19:11:55.279963" level="INFO">location</msg>
<arg>${key}</arg>
<doc>Logs the given message with the given level.</doc>
<status status="PASS" start="2024-04-19T19:11:55.279835" elapsed="0.000167"/>
</kw>
<var name="${key}">location</var>
<status status="PASS" start="2024-04-19T19:11:55.278252" elapsed="0.001987"/>
</iter>
<iter>
<kw name="Dictionary Should Contain Key" owner="Collections">
<msg time="2024-04-19T19:11:55.280944" level="INFO">False</msg>
<arg>${json_data['results'][0]}</arg>
<arg>${key}</arg>
<doc>Fails if ``key`` is not found from ``dictionary``.</doc>
<status status="PASS" start="2024-04-19T19:11:55.280552" elapsed="0.000429"/>
</kw>
<kw name="Log" owner="BuiltIn">
<msg time="2024-04-19T19:11:55.281648" level="INFO">{'gender': 'female', 'name': {'title': 'Mrs', 'first': 'Dhanashri', 'last': 'Bhoja'}, 'location': {'street': {'number': 6953, 'name': 'Naiduthota'}, 'city': 'Mehsana', 'state': 'Jharkhand', 'country': 'India', 'postcode': 99687, 'coordinates': {'latitude': '6.5914', 'longitude': '139.9619'}, 'timezone': {'offset': '-8:00', 'description': 'Pacific Time (US &amp; Canada)'}}, 'email': 'dhanashri.bhoja@example.com', 'login': {'uuid': '3292b997-fffe-4b70-992b-8e72a6f92647', 'username': 'redleopard893', 'password': 'bluemoon', 'salt': '986RCbhK', 'md5': '51e0d83cdb64f101d6f7e7072910a0a1', 'sha1': 'a8126a991d43c33528f0ea9744dfd1c615429e44', 'sha256': 'b4435e2443ea5cb12f81d39c5eebdfa905656c4bcd9bbd93cd5ba035cee320b5'}, 'dob': {'date': '1972-03-24T11:17:50.580Z', 'age': 52}, 'registered': {'date': '2005-07-13T13:06:14.659Z', 'age': 18}, 'phone': '8951324666', 'cell': '8273098974', 'id': {'name': 'UIDAI', 'value': '211060536788'}, 'picture': {'large': 'https://randomuser.me/api/portraits/women/61.jpg', 'medium': 'https://randomuser.me/api/portraits/med/women/61.jpg', 'thumbnail': 'https://randomuser.me/api/portraits/thumb/women/61.jpg'}, 'nat': 'IN'}</msg>
<arg>${json_data['results'][0]}</arg>
<doc>Logs the given message with the given level.</doc>
<status status="PASS" start="2024-04-19T19:11:55.281282" elapsed="0.000416"/>
</kw>
<kw name="Log" owner="BuiltIn">
<msg time="2024-04-19T19:11:55.282124" level="INFO">email</msg>
<arg>${key}</arg>
<doc>Logs the given message with the given level.</doc>
<status status="PASS" start="2024-04-19T19:11:55.281995" elapsed="0.000167"/>
</kw>
<var name="${key}">email</var>
<status status="PASS" start="2024-04-19T19:11:55.280437" elapsed="0.001959"/>
</iter>
<iter>
<kw name="Dictionary Should Contain Key" owner="Collections">
<msg time="2024-04-19T19:11:55.283058" level="INFO">False</msg>
<arg>${json_data['results'][0]}</arg>
<arg>${key}</arg>
<doc>Fails if ``key`` is not found from ``dictionary``.</doc>
<status status="PASS" start="2024-04-19T19:11:55.282679" elapsed="0.000417"/>
</kw>
<kw name="Log" owner="BuiltIn">
<msg time="2024-04-19T19:11:55.283787" level="INFO">{'gender': 'female', 'name': {'title': 'Mrs', 'first': 'Dhanashri', 'last': 'Bhoja'}, 'location': {'street': {'number': 6953, 'name': 'Naiduthota'}, 'city': 'Mehsana', 'state': 'Jharkhand', 'country': 'India', 'postcode': 99687, 'coordinates': {'latitude': '6.5914', 'longitude': '139.9619'}, 'timezone': {'offset': '-8:00', 'description': 'Pacific Time (US &amp; Canada)'}}, 'email': 'dhanashri.bhoja@example.com', 'login': {'uuid': '3292b997-fffe-4b70-992b-8e72a6f92647', 'username': 'redleopard893', 'password': 'bluemoon', 'salt': '986RCbhK', 'md5': '51e0d83cdb64f101d6f7e7072910a0a1', 'sha1': 'a8126a991d43c33528f0ea9744dfd1c615429e44', 'sha256': 'b4435e2443ea5cb12f81d39c5eebdfa905656c4bcd9bbd93cd5ba035cee320b5'}, 'dob': {'date': '1972-03-24T11:17:50.580Z', 'age': 52}, 'registered': {'date': '2005-07-13T13:06:14.659Z', 'age': 18}, 'phone': '8951324666', 'cell': '8273098974', 'id': {'name': 'UIDAI', 'value': '211060536788'}, 'picture': {'large': 'https://randomuser.me/api/portraits/women/61.jpg', 'medium': 'https://randomuser.me/api/portraits/med/women/61.jpg', 'thumbnail': 'https://randomuser.me/api/portraits/thumb/women/61.jpg'}, 'nat': 'IN'}</msg>
<arg>${json_data['results'][0]}</arg>
<doc>Logs the given message with the given level.</doc>
<status status="PASS" start="2024-04-19T19:11:55.283392" elapsed="0.000444"/>
</kw>
<kw name="Log" owner="BuiltIn">
<msg time="2024-04-19T19:11:55.284271" level="INFO">login</msg>
<arg>${key}</arg>
<doc>Logs the given message with the given level.</doc>
<status status="PASS" start="2024-04-19T19:11:55.284141" elapsed="0.000169"/>
</kw>
<var name="${key}">login</var>
<status status="PASS" start="2024-04-19T19:11:55.282567" elapsed="0.001988"/>
</iter>
<var>${key}</var>
<value>@{expected_keys}</value>
<status status="PASS" start="2024-04-19T19:11:55.273654" elapsed="0.011029"/>
</for>
<kw name="Create List" owner="BuiltIn">
<msg time="2024-04-19T19:11:55.285021" level="INFO">${expected_keysTwo} = ['username', 'password']</msg>
<var>${expected_keysTwo}</var>
<arg>username</arg>
<arg>password</arg>
<doc>Returns a list containing given items.</doc>
<status status="PASS" start="2024-04-19T19:11:55.284881" elapsed="0.000164"/>
</kw>
<for flavor="IN">
<iter>
<kw name="Dictionary Should Contain Key" owner="Collections">
<msg time="2024-04-19T19:11:55.285944" level="INFO">False</msg>
<arg>${json_data['results'][0]['login']}</arg>
<arg>${keyTwo}</arg>
<doc>Fails if ``key`` is not found from ``dictionary``.</doc>
<status status="PASS" start="2024-04-19T19:11:55.285556" elapsed="0.000425"/>
</kw>
<kw name="Dictionary Should Contain Key" owner="Collections">
<msg time="2024-04-19T19:11:55.286673" level="INFO">False</msg>
<arg>${json_data['results'][0]['login']}</arg>
<arg>${keyTwo}</arg>
<doc>Fails if ``key`` is not found from ``dictionary``.</doc>
<status status="PASS" start="2024-04-19T19:11:55.286285" elapsed="0.000425"/>
</kw>
<kw name="Log" owner="BuiltIn">
<msg time="2024-04-19T19:11:55.287131" level="INFO">username</msg>
<arg>${keyTwo}</arg>
<doc>Logs the given message with the given level.</doc>
<status status="PASS" start="2024-04-19T19:11:55.287005" elapsed="0.000170"/>
</kw>
<var name="${keyTwo}">username</var>
<status status="PASS" start="2024-04-19T19:11:55.285446" elapsed="0.001947"/>
</iter>
<iter>
<kw name="Dictionary Should Contain Key" owner="Collections">
<msg time="2024-04-19T19:11:55.288180" level="INFO">False</msg>
<arg>${json_data['results'][0]['login']}</arg>
<arg>${keyTwo}</arg>
<doc>Fails if ``key`` is not found from ``dictionary``.</doc>
<status status="PASS" start="2024-04-19T19:11:55.287701" elapsed="0.000529"/>
</kw>
<kw name="Dictionary Should Contain Key" owner="Collections">
<msg time="2024-04-19T19:11:55.288915" level="INFO">False</msg>
<arg>${json_data['results'][0]['login']}</arg>
<arg>${keyTwo}</arg>
<doc>Fails if ``key`` is not found from ``dictionary``.</doc>
<status status="PASS" start="2024-04-19T19:11:55.288532" elapsed="0.000419"/>
</kw>
<kw name="Log" owner="BuiltIn">
<msg time="2024-04-19T19:11:55.289370" level="INFO">password</msg>
<arg>${keyTwo}</arg>
<doc>Logs the given message with the given level.</doc>
<status status="PASS" start="2024-04-19T19:11:55.289243" elapsed="0.000164"/>
</kw>
<var name="${keyTwo}">password</var>
<status status="PASS" start="2024-04-19T19:11:55.287566" elapsed="0.002057"/>
</iter>
<var>${keyTwo}</var>
<value>@{expected_keysTwo}</value>
<status status="PASS" start="2024-04-19T19:11:55.285288" elapsed="0.004457"/>
</for>
<status status="PASS" start="2024-04-19T19:11:55.166594" elapsed="0.123297"/>
</kw>
<doc>Testa a estrutura da resposta da API.</doc>
<tag>testeEstruturaResposta</tag>
<status status="PASS" start="2024-04-19T19:11:55.165954" elapsed="0.124107"/>
</test>
<test id="s1-s1-t4" name="Validar tipos de dados" line="28">
<kw name="Teste de Tipos de Dados" owner="random-user-service">
<kw name="GET On Session" owner="RequestsLibrary">
<msg time="2024-04-19T19:11:55.352189" level="INFO">GET Request : url=https://randomuser.me/api 
 path_url=/api 
 headers={'User-Agent': 'python-requests/2.31.0', 'Accept-Encoding': 'gzip, deflate', 'Accept': '*/*', 'Connection': 'keep-alive'} 
 body=None 
 </msg>
<msg time="2024-04-19T19:11:55.352288" level="INFO">GET Response : url=https://randomuser.me/api 
 status=200, reason=OK 
 headers={'Date': 'Fri, 19 Apr 2024 19:11:55 GMT', 'Content-Type': 'application/json; charset=utf-8', 'Transfer-Encoding': 'chunked', 'Connection': 'keep-alive', 'X-Powered-By': 'Express', 'Access-Control-Allow-Origin': '*', 'Cache-Control': 'no-cache', 'ETag': 'W/"4a2-Awf1FoTJQMD5wpoE3cXy6zpeDdA"', 'Vary': 'Accept-Encoding', 'Content-Encoding': 'gzip', 'CF-Cache-Status': 'DYNAMIC', 'Report-To': '{"endpoints":[{"url":"https:\\/\\/a.nel.cloudflare.com\\/report\\/v4?s=o0IEURSKKVoTtOWUViKi6I%2FYJQoIGyTqM%2FMN0iL5MIJ0Ot7qdSxBX95mg5LpapFlIKG9CPmOKim0OY07bK82RX7DF4RY1%2Brd%2BC4wLKZSKUZxIH6C5Li49ycmnjaB7QdL"}],"group":"cf-nel","max_age":604800}', 'NEL': '{"success_fraction":0,"report_to":"cf-nel","max_age":604800}', 'Server': 'cloudflare', 'CF-RAY': '876f34029dde81be-IAD', 'alt-svc': 'h3=":443"; ma=86400'} 
 body={"results":[{"gender":"male","name":{"title":"Mr","first":"Joey","last":"Rodriguez"},"location":{"street":{"number":1707,"name":"Church Street"},"city":"Preston","state":"Humberside","country":"United Kingdom","postcode":"A5 4LD","coordinates":{"latitude":"-12.2002","longitude":"-160.9943"},"timezone":{"offset":"+11:00","description":"Magadan, Solomon Islands, New Caledonia"}},"email":"joey.rodriguez@example.com","login":{"uuid":"8cf22b89-b69f-44fc-9f37-abe4faf6dc97","username":"bluekoala688","password":"zzzzzz1","salt":"TyM7q8VK","md5":"9da6ab33002f031be14ccc5d737bda3f","sha1":"2efa3a3401aa3e011eda7b8960e46e5321e321cf","sha256":"f525809183ae05278df8fe109354c5ffb8cf42ef4d9b7a0bd7f323ea65d1ddce"},"dob":{"date":"1985-10-25T14:00:00.148Z","age":38},"registered":{"date":"2020-05-25T15:08:14.900Z","age":3},"phone":"015394 54777","cell":"07480 415407","id":{"name":"NINO","value":"TA 37 54 68 P"},"picture":{"large":"https://randomuser.me/api/portraits/men/27.jpg","medium":"https://randomuser.me/api/portraits/med/men/27.jpg","thumbnail":"https://randomuser.me/api/portraits/thumb/men/27.jpg"},"nat":"GB"}],"info":{"seed":"983c350145f8d461","results":1,"page":1,"version":"1.4"}} 
 </msg>
<msg time="2024-04-19T19:11:55.352361" level="INFO">/opt/hostedtoolcache/Python/3.12.3/x64/lib/python3.12/site-packages/urllib3/connectionpool.py:1103: InsecureRequestWarning: Unverified HTTPS request is being made to host 'randomuser.me'. Adding certificate verification is strongly advised. See: https://urllib3.readthedocs.io/en/latest/advanced-usage.html#tls-warnings
  warnings.warn(</msg>
<msg time="2024-04-19T19:11:55.352489" level="INFO">${response} = &lt;Response [200]&gt;</msg>
<var>${response}</var>
<arg>consultarAPI</arg>
<arg>/api</arg>
<doc>Sends a GET request on a previously created HTTP Session.</doc>
<status status="PASS" start="2024-04-19T19:11:55.292709" elapsed="0.059822"/>
</kw>
<kw name="Set Variable" owner="BuiltIn">
<msg time="2024-04-19T19:11:55.353740" level="INFO">${json_data} = {'results': [{'gender': 'male', 'name': {'title': 'Mr', 'first': 'Joey', 'last': 'Rodriguez'}, 'location': {'street': {'number': 1707, 'name': 'Church Street'}, 'city': 'Preston', 'state': 'Humberside...</msg>
<var>${json_data}</var>
<arg>${response.json()}</arg>
<doc>Returns the given values which can then be assigned to a variables.</doc>
<status status="PASS" start="2024-04-19T19:11:55.353166" elapsed="0.000604"/>
</kw>
<kw name="Log" owner="BuiltIn">
<msg time="2024-04-19T19:11:55.354286" level="INFO">{'results': [{'gender': 'male', 'name': {'title': 'Mr', 'first': 'Joey', 'last': 'Rodriguez'}, 'location': {'street': {'number': 1707, 'name': 'Church Street'}, 'city': 'Preston', 'state': 'Humberside', 'country': 'United Kingdom', 'postcode': 'A5 4LD', 'coordinates': {'latitude': '-12.2002', 'longitude': '-160.9943'}, 'timezone': {'offset': '+11:00', 'description': 'Magadan, Solomon Islands, New Caledonia'}}, 'email': 'joey.rodriguez@example.com', 'login': {'uuid': '8cf22b89-b69f-44fc-9f37-abe4faf6dc97', 'username': 'bluekoala688', 'password': 'zzzzzz1', 'salt': 'TyM7q8VK', 'md5': '9da6ab33002f031be14ccc5d737bda3f', 'sha1': '2efa3a3401aa3e011eda7b8960e46e5321e321cf', 'sha256': 'f525809183ae05278df8fe109354c5ffb8cf42ef4d9b7a0bd7f323ea65d1ddce'}, 'dob': {'date': '1985-10-25T14:00:00.148Z', 'age': 38}, 'registered': {'date': '2020-05-25T15:08:14.900Z', 'age': 3}, 'phone': '015394 54777', 'cell': '07480 415407', 'id': {'name': 'NINO', 'value': 'TA 37 54 68 P'}, 'picture': {'large': 'https://randomuser.me/api/portraits/men/27.jpg', 'medium': 'https://randomuser.me/api/portraits/med/men/27.jpg', 'thumbnail': 'https://randomuser.me/api/portraits/thumb/men/27.jpg'}, 'nat': 'GB'}], 'info': {'seed': '983c350145f8d461', 'results': 1, 'page': 1, 'version': '1.4'}}</msg>
<arg>${json_data}</arg>
<doc>Logs the given message with the given level.</doc>
<status status="PASS" start="2024-04-19T19:11:55.354120" elapsed="0.000255"/>
</kw>
<kw name="Should Be String" owner="String">
<arg>${json_data['results'][0]['gender']}</arg>
<doc>Fails if the given ``item`` is not a string.</doc>
<status status="PASS" start="2024-04-19T19:11:55.354690" elapsed="0.000374"/>
</kw>
<kw name="Should Match Regexp" owner="BuiltIn">
<arg>${json_data['results'][0]['email']}</arg>
<arg>^[a-zA-Z0-9._%+-]+@[a-zA-Z0-9.-]+\.[a-zA-Z]{2,}$</arg>
<doc>Fails if ``string`` does not match ``pattern`` as a regular expression.</doc>
<status status="PASS" start="2024-04-19T19:11:55.355259" elapsed="0.000564"/>
</kw>
<kw name="Should Match Regexp" owner="BuiltIn">
<arg>${json_data['results'][0]['dob']['date']}</arg>
<arg>\\d{4}-\\d{2}-\\d{2}T\\d{2}:\\d{2}:\\d{2}\\.\\d{3}Z</arg>
<doc>Fails if ``string`` does not match ``pattern`` as a regular expression.</doc>
<status status="PASS" start="2024-04-19T19:11:55.356022" elapsed="0.000496"/>
</kw>
<kw name="Should Match Regexp" owner="BuiltIn">
<arg>${json_data['results'][0]['registered']['date']}</arg>
<arg>\\d{4}-\\d{2}-\\d{2}T\\d{2}:\\d{2}:\\d{2}\\.\\d{3}Z</arg>
<doc>Fails if ``string`` does not match ``pattern`` as a regular expression.</doc>
<status status="PASS" start="2024-04-19T19:11:55.356711" elapsed="0.000366"/>
</kw>
<kw name="Should Match Regexp" owner="BuiltIn">
<arg>${json_data['results'][0]['picture']['large']}</arg>
<arg>^https?://.*\.(?:png|jpe?g|gif|bmp)$</arg>
<doc>Fails if ``string`` does not match ``pattern`` as a regular expression.</doc>
<status status="PASS" start="2024-04-19T19:11:55.357271" elapsed="0.000472"/>
</kw>
<kw name="Should Match Regexp" owner="BuiltIn">
<arg>${json_data['results'][0]['picture']['medium']}</arg>
<arg>^https?://.*\.(?:png|jpe?g|gif|bmp)$</arg>
<doc>Fails if ``string`` does not match ``pattern`` as a regular expression.</doc>
<status status="PASS" start="2024-04-19T19:11:55.357931" elapsed="0.000359"/>
</kw>
<kw name="Should Match Regexp" owner="BuiltIn">
<arg>${json_data['results'][0]['picture']['thumbnail']}</arg>
<arg>^https?://.*\.(?:png|jpe?g|gif|bmp)$</arg>
<doc>Fails if ``string`` does not match ``pattern`` as a regular expression.</doc>
<status status="PASS" start="2024-04-19T19:11:55.358479" elapsed="0.000385"/>
</kw>
<kw name="Log" owner="BuiltIn">
<msg time="2024-04-19T19:11:55.359374" level="INFO">{'large': 'https://randomuser.me/api/portraits/men/27.jpg', 'medium': 'https://randomuser.me/api/portraits/med/men/27.jpg', 'thumbnail': 'https://randomuser.me/api/portraits/thumb/men/27.jpg'}</msg>
<arg>${json_data['results'][0]['picture']}</arg>
<doc>Logs the given message with the given level.</doc>
<status status="PASS" start="2024-04-19T19:11:55.359048" elapsed="0.000368"/>
</kw>
<status status="PASS" start="2024-04-19T19:11:55.292467" elapsed="0.067230"/>
</kw>
<kw name="Teste de Tipos de Dados - Postcode" owner="random-user-service">
<kw name="GET On Session" owner="RequestsLibrary">
<msg time="2024-04-19T19:11:55.463389" level="INFO">GET Request : url=https://randomuser.me/api 
 path_url=/api 
 headers={'User-Agent': 'python-requests/2.31.0', 'Accept-Encoding': 'gzip, deflate', 'Accept': '*/*', 'Connection': 'keep-alive'} 
 body=None 
 </msg>
<msg time="2024-04-19T19:11:55.463490" level="INFO">GET Response : url=https://randomuser.me/api 
 status=200, reason=OK 
 headers={'Date': 'Fri, 19 Apr 2024 19:11:55 GMT', 'Content-Type': 'application/json; charset=utf-8', 'Transfer-Encoding': 'chunked', 'Connection': 'keep-alive', 'X-Powered-By': 'Express', 'Access-Control-Allow-Origin': '*', 'Cache-Control': 'no-cache', 'ETag': 'W/"499-ribGgfkhXTKcc+IddsDaG6ULb3Y"', 'Vary': 'Accept-Encoding', 'Content-Encoding': 'gzip', 'CF-Cache-Status': 'DYNAMIC', 'Report-To': '{"endpoints":[{"url":"https:\\/\\/a.nel.cloudflare.com\\/report\\/v4?s=aeckFblvUOYQFKUziext6LYWB7zUB8Ep%2B4lIUaPuuo21HaZbA4wG%2FOXed6Ryc9gqE%2BERmhIP99dd5UujIVbnpTcq7ZiBq5CGG8oYAtAB%2Fg%2Fcsj%2FPcB0gaZlM7kT7hs2d"}],"group":"cf-nel","max_age":604800}', 'NEL': '{"success_fraction":0,"report_to":"cf-nel","max_age":604800}', 'Server': 'cloudflare', 'CF-RAY': '876f34030e4e81be-IAD', 'alt-svc': 'h3=":443"; ma=86400'} 
 body={"results":[{"gender":"female","name":{"title":"Ms","first":"Hazel","last":"Dixon"},"location":{"street":{"number":7768,"name":"First Street"},"city":"Hobart","state":"Northern Territory","country":"Australia","postcode":9628,"coordinates":{"latitude":"-88.8622","longitude":"10.3103"},"timezone":{"offset":"+9:00","description":"Tokyo, Seoul, Osaka, Sapporo, Yakutsk"}},"email":"hazel.dixon@example.com","login":{"uuid":"63edc475-4032-487e-86c7-07b4d8c70df9","username":"heavybird496","password":"seminole","salt":"cmjGD6UA","md5":"f3a890609bc1665a8cf0519bcd33dc14","sha1":"8b8a583acb513e77cadf51290e7c829cfb97d8b9","sha256":"302160d2fe79add00e2cf60b36dcba2df405711dc41464f4f713b95e466a01f0"},"dob":{"date":"1984-11-17T15:40:17.563Z","age":39},"registered":{"date":"2007-08-22T22:31:12.270Z","age":16},"phone":"05-7408-9583","cell":"0457-702-445","id":{"name":"TFN","value":"273097587"},"picture":{"large":"https://randomuser.me/api/portraits/women/79.jpg","medium":"https://randomuser.me/api/portraits/med/women/79.jpg","thumbnail":"https://randomuser.me/api/portraits/thumb/women/79.jpg"},"nat":"AU"}],"info":{"seed":"c7e29365f708ed89","results":1,"page":1,"version":"1.4"}} 
 </msg>
<msg time="2024-04-19T19:11:55.463564" level="INFO">/opt/hostedtoolcache/Python/3.12.3/x64/lib/python3.12/site-packages/urllib3/connectionpool.py:1103: InsecureRequestWarning: Unverified HTTPS request is being made to host 'randomuser.me'. Adding certificate verification is strongly advised. See: https://urllib3.readthedocs.io/en/latest/advanced-usage.html#tls-warnings
  warnings.warn(</msg>
<msg time="2024-04-19T19:11:55.463728" level="INFO">${response} = &lt;Response [200]&gt;</msg>
<var>${response}</var>
<arg>consultarAPI</arg>
<arg>/api</arg>
<doc>Sends a GET request on a previously created HTTP Session.</doc>
<status status="PASS" start="2024-04-19T19:11:55.360174" elapsed="0.103596"/>
</kw>
<kw name="Set Variable" owner="BuiltIn">
<msg time="2024-04-19T19:11:55.464998" level="INFO">${json_data} = {'results': [{'gender': 'female', 'name': {'title': 'Ms', 'first': 'Hazel', 'last': 'Dixon'}, 'location': {'street': {'number': 7768, 'name': 'First Street'}, 'city': 'Hobart', 'state': 'Northern Terr...</msg>
<var>${json_data}</var>
<arg>${response.json()}</arg>
<doc>Returns the given values which can then be assigned to a variables.</doc>
<status status="PASS" start="2024-04-19T19:11:55.464421" elapsed="0.000606"/>
</kw>
<kw name="Log" owner="BuiltIn">
<msg time="2024-04-19T19:11:55.465549" level="INFO">{'results': [{'gender': 'female', 'name': {'title': 'Ms', 'first': 'Hazel', 'last': 'Dixon'}, 'location': {'street': {'number': 7768, 'name': 'First Street'}, 'city': 'Hobart', 'state': 'Northern Territory', 'country': 'Australia', 'postcode': 9628, 'coordinates': {'latitude': '-88.8622', 'longitude': '10.3103'}, 'timezone': {'offset': '+9:00', 'description': 'Tokyo, Seoul, Osaka, Sapporo, Yakutsk'}}, 'email': 'hazel.dixon@example.com', 'login': {'uuid': '63edc475-4032-487e-86c7-07b4d8c70df9', 'username': 'heavybird496', 'password': 'seminole', 'salt': 'cmjGD6UA', 'md5': 'f3a890609bc1665a8cf0519bcd33dc14', 'sha1': '8b8a583acb513e77cadf51290e7c829cfb97d8b9', 'sha256': '302160d2fe79add00e2cf60b36dcba2df405711dc41464f4f713b95e466a01f0'}, 'dob': {'date': '1984-11-17T15:40:17.563Z', 'age': 39}, 'registered': {'date': '2007-08-22T22:31:12.270Z', 'age': 16}, 'phone': '05-7408-9583', 'cell': '0457-702-445', 'id': {'name': 'TFN', 'value': '273097587'}, 'picture': {'large': 'https://randomuser.me/api/portraits/women/79.jpg', 'medium': 'https://randomuser.me/api/portraits/med/women/79.jpg', 'thumbnail': 'https://randomuser.me/api/portraits/thumb/women/79.jpg'}, 'nat': 'AU'}], 'info': {'seed': 'c7e29365f708ed89', 'results': 1, 'page': 1, 'version': '1.4'}}</msg>
<arg>${json_data}</arg>
<doc>Logs the given message with the given level.</doc>
<status status="PASS" start="2024-04-19T19:11:55.465383" elapsed="0.000248"/>
</kw>
<kw name="Should Be Equal As Numbers" owner="BuiltIn">
<arg>${json_data['results'][0]['location']['postcode']}</arg>
<arg>${json_data['results'][0]['location']['postcode']}</arg>
<doc>Fails if objects are unequal after converting them to real numbers.</doc>
<status status="PASS" start="2024-04-19T19:11:55.466133" elapsed="0.000652"/>
</kw>
<kw name="Log" owner="BuiltIn">
<msg time="2024-04-19T19:11:55.467321" level="INFO">9628</msg>
<arg>${json_data['results'][0]['location']['postcode']}</arg>
<doc>Logs the given message with the given level.</doc>
<status status="PASS" start="2024-04-19T19:11:55.466982" elapsed="0.000380"/>
</kw>
<status status="PASS" start="2024-04-19T19:11:55.359932" elapsed="0.107716"/>
</kw>
<doc>Testa se os tipos de dados na resposta da API estão corretos.</doc>
<tag>testeTiposDados</tag>
<status status="PASS" start="2024-04-19T19:11:55.291875" elapsed="0.175953"/>
</test>
<test id="s1-s1-t5" name="Validar conteudo" line="35">
<kw name="Teste de Tipos de Conteudo" owner="random-user-service">
<kw name="GET On Session" owner="RequestsLibrary">
<msg time="2024-04-19T19:11:55.551396" level="INFO">GET Request : url=https://randomuser.me/api 
 path_url=/api 
 headers={'User-Agent': 'python-requests/2.31.0', 'Accept-Encoding': 'gzip, deflate', 'Accept': '*/*', 'Connection': 'keep-alive'} 
 body=None 
 </msg>
<msg time="2024-04-19T19:11:55.551498" level="INFO">GET Response : url=https://randomuser.me/api 
 status=200, reason=OK 
 headers={'Date': 'Fri, 19 Apr 2024 19:11:55 GMT', 'Content-Type': 'application/json; charset=utf-8', 'Transfer-Encoding': 'chunked', 'Connection': 'keep-alive', 'X-Powered-By': 'Express', 'Access-Control-Allow-Origin': '*', 'Cache-Control': 'no-cache', 'ETag': 'W/"49f-k6cfsQtN0yE1i6gPwDpRjYFJi+I"', 'Vary': 'Accept-Encoding', 'Content-Encoding': 'gzip', 'CF-Cache-Status': 'DYNAMIC', 'Report-To': '{"endpoints":[{"url":"https:\\/\\/a.nel.cloudflare.com\\/report\\/v4?s=RTbeaduT9B8lSIPdIChPvDmIooH1Fgm1kx9U5DEXIRGorIN41CEkM8tWywGb6DmQuwKTeV6UgxmXAhw8RJF7an1IgVNJz1LnAlDlruqO9Reruc2RsLgYUsAm%2FaEclMag"}],"group":"cf-nel","max_age":604800}', 'NEL': '{"success_fraction":0,"report_to":"cf-nel","max_age":604800}', 'Server': 'cloudflare', 'CF-RAY': '876f3403bf1581be-IAD', 'alt-svc': 'h3=":443"; ma=86400'} 
 body={"results":[{"gender":"male","name":{"title":"Mr","first":"Horácio","last":"da Paz"},"location":{"street":{"number":7787,"name":"Rua São Pedro "},"city":"Brasília","state":"São Paulo","country":"Brazil","postcode":46828,"coordinates":{"latitude":"-74.9892","longitude":"-77.5974"},"timezone":{"offset":"-4:00","description":"Atlantic Time (Canada), Caracas, La Paz"}},"email":"horacio.dapaz@example.com","login":{"uuid":"744cc2e6-3405-474a-a446-54a84e8f2404","username":"brownkoala393","password":"december","salt":"nscuDqQk","md5":"2038bcbd2821be438724793da826b5b7","sha1":"a0e9db8f7d3eb20c051037f750074d75d52c727c","sha256":"8de857298eea2fbbb359b321d10ca0119187bef169d1426d76a8b6b64e2ae92e"},"dob":{"date":"1962-01-17T18:15:52.459Z","age":62},"registered":{"date":"2015-02-23T01:09:36.766Z","age":9},"phone":"(29) 5912-0217","cell":"(61) 6373-5338","id":{"name":"CPF","value":"591.391.149-46"},"picture":{"large":"https://randomuser.me/api/portraits/men/51.jpg","medium":"https://randomuser.me/api/portraits/med/men/51.jpg","thumbnail":"https://randomuser.me/api/portraits/thumb/men/51.jpg"},"nat":"BR"}],"info":{"seed":"9c64277688f238bf","results":1,"page":1,"version":"1.4"}} 
 </msg>
<msg time="2024-04-19T19:11:55.551573" level="INFO">/opt/hostedtoolcache/Python/3.12.3/x64/lib/python3.12/site-packages/urllib3/connectionpool.py:1103: InsecureRequestWarning: Unverified HTTPS request is being made to host 'randomuser.me'. Adding certificate verification is strongly advised. See: https://urllib3.readthedocs.io/en/latest/advanced-usage.html#tls-warnings
  warnings.warn(</msg>
<msg time="2024-04-19T19:11:55.551745" level="INFO">${response} = &lt;Response [200]&gt;</msg>
<var>${response}</var>
<arg>consultarAPI</arg>
<arg>/api</arg>
<doc>Sends a GET request on a previously created HTTP Session.</doc>
<status status="PASS" start="2024-04-19T19:11:55.470420" elapsed="0.081364"/>
</kw>
<kw name="Set Variable" owner="BuiltIn">
<msg time="2024-04-19T19:11:55.553029" level="INFO">${json_data} = {'results': [{'gender': 'male', 'name': {'title': 'Mr', 'first': 'Horácio', 'last': 'da Paz'}, 'location': {'street': {'number': 7787, 'name': 'Rua São Pedro '}, 'city': 'Brasília', 'state': 'São Paul...</msg>
<var>${json_data}</var>
<arg>${response.json()}</arg>
<doc>Returns the given values which can then be assigned to a variables.</doc>
<status status="PASS" start="2024-04-19T19:11:55.552463" elapsed="0.000599"/>
</kw>
<kw name="Set Variable" owner="BuiltIn">
<msg time="2024-04-19T19:11:55.553780" level="INFO">${name_title} = Mr</msg>
<var>${name_title}</var>
<arg>${json_data["results"][0]["name"]["title"]}</arg>
<doc>Returns the given values which can then be assigned to a variables.</doc>
<status status="PASS" start="2024-04-19T19:11:55.553384" elapsed="0.000421"/>
</kw>
<kw name="Create List" owner="BuiltIn">
<msg time="2024-04-19T19:11:55.554262" level="INFO">${allowed_titles} = ['Mr', 'Ms', 'Miss', 'Mrs', 'Madame', 'Monsieur']</msg>
<var>${allowed_titles}</var>
<arg>Mr</arg>
<arg>Ms</arg>
<arg>Miss</arg>
<arg>Mrs</arg>
<arg>Madame</arg>
<arg>Monsieur</arg>
<doc>Returns a list containing given items.</doc>
<status status="PASS" start="2024-04-19T19:11:55.554112" elapsed="0.000174"/>
</kw>
<kw name="List Should Contain Value" owner="Collections">
<msg time="2024-04-19T19:11:55.554764" level="INFO">False</msg>
<arg>${allowed_titles}</arg>
<arg>${name_title}</arg>
<doc>Fails if the ``value`` is not found from ``list``.</doc>
<status status="PASS" start="2024-04-19T19:11:55.554590" elapsed="0.000210"/>
</kw>
<kw name="Set Variable" owner="BuiltIn">
<msg time="2024-04-19T19:11:55.555481" level="INFO">${name_country} = BR</msg>
<var>${name_country}</var>
<arg>${json_data["results"][0]["nat"]}</arg>
<doc>Returns the given values which can then be assigned to a variables.</doc>
<status status="PASS" start="2024-04-19T19:11:55.555095" elapsed="0.000411"/>
</kw>
<kw name="Create List" owner="BuiltIn">
<msg time="2024-04-19T19:11:55.556441" level="INFO">${list_country} = ['AD', 'AE', 'AF', 'AG', 'AI', 'AL', 'AM', 'AO', 'AQ', 'AR', 'AS', 'AT', 'AU', 'AW', 'AX', 'AZ', 'BA', 'BB', 'BD', 'BE', 'BF', 'BG', 'BH', 'BI', 'BJ', 'BL', 'BM', 'BN', 'BO', 'BQ', 'BR', 'BS', 'BT', '...</msg>
<var>${list_country}</var>
<arg>AD</arg>
<arg>AE</arg>
<arg>AF</arg>
<arg>AG</arg>
<arg>AI</arg>
<arg>AL</arg>
<arg>AM</arg>
<arg>AO</arg>
<arg>AQ</arg>
<arg>AR</arg>
<arg>AS</arg>
<arg>AT</arg>
<arg>AU</arg>
<arg>AW</arg>
<arg>AX</arg>
<arg>AZ</arg>
<arg>BA</arg>
<arg>BB</arg>
<arg>BD</arg>
<arg>BE</arg>
<arg>BF</arg>
<arg>BG</arg>
<arg>BH</arg>
<arg>BI</arg>
<arg>BJ</arg>
<arg>BL</arg>
<arg>BM</arg>
<arg>BN</arg>
<arg>BO</arg>
<arg>BQ</arg>
<arg>BR</arg>
<arg>BS</arg>
<arg>BT</arg>
<arg>BV</arg>
<arg>BW</arg>
<arg>BY</arg>
<arg>BZ</arg>
<arg>CA</arg>
<arg>CC</arg>
<arg>CD</arg>
<arg>CF</arg>
<arg>CG</arg>
<arg>CH</arg>
<arg>CI</arg>
<arg>CK</arg>
<arg>CL</arg>
<arg>CM</arg>
<arg>CN</arg>
<arg>CO</arg>
<arg>CR</arg>
<arg>CU</arg>
<arg>CV</arg>
<arg>CW</arg>
<arg>CX</arg>
<arg>CY</arg>
<arg>CZ</arg>
<arg>DE</arg>
<arg>DJ</arg>
<arg>DK</arg>
<arg>DM</arg>
<arg>DO</arg>
<arg>DZ</arg>
<arg>EC</arg>
<arg>EE</arg>
<arg>EG</arg>
<arg>EH</arg>
<arg>ER</arg>
<arg>ES</arg>
<arg>ET</arg>
<arg>FI</arg>
<arg>FJ</arg>
<arg>FK</arg>
<arg>FM</arg>
<arg>FO</arg>
<arg>FR</arg>
<arg>GA</arg>
<arg>GB</arg>
<arg>GD</arg>
<arg>GE</arg>
<arg>GF</arg>
<arg>GG</arg>
<arg>GH</arg>
<arg>GI</arg>
<arg>GL</arg>
<arg>GM</arg>
<arg>GN</arg>
<arg>GP</arg>
<arg>GQ</arg>
<arg>GR</arg>
<arg>GS</arg>
<arg>GT</arg>
<arg>GU</arg>
<arg>GW</arg>
<arg>GY</arg>
<arg>HK</arg>
<arg>HM</arg>
<arg>HN</arg>
<arg>HR</arg>
<arg>HT</arg>
<arg>HU</arg>
<arg>ID</arg>
<arg>IE</arg>
<arg>IL</arg>
<arg>IM</arg>
<arg>IN</arg>
<arg>IO</arg>
<arg>IQ</arg>
<arg>IR</arg>
<arg>IS</arg>
<arg>IT</arg>
<arg>JE</arg>
<arg>JM</arg>
<arg>JO</arg>
<arg>JP</arg>
<arg>KE</arg>
<arg>KG</arg>
<arg>KH</arg>
<arg>KI</arg>
<arg>KM</arg>
<arg>KN</arg>
<arg>KP</arg>
<arg>KR</arg>
<arg>KW</arg>
<arg>KY</arg>
<arg>KZ</arg>
<arg>LA</arg>
<arg>LB</arg>
<arg>LC</arg>
<arg>LI</arg>
<arg>LK</arg>
<arg>LR</arg>
<arg>LS</arg>
<arg>LT</arg>
<arg>LU</arg>
<arg>LV</arg>
<arg>LY</arg>
<arg>MA</arg>
<arg>MC</arg>
<arg>MD</arg>
<arg>ME</arg>
<arg>MF</arg>
<arg>MG</arg>
<arg>MH</arg>
<arg>MK</arg>
<arg>ML</arg>
<arg>MM</arg>
<arg>MN</arg>
<arg>MO</arg>
<arg>MP</arg>
<arg>MQ</arg>
<arg>MR</arg>
<arg>MS</arg>
<arg>MT</arg>
<arg>MU</arg>
<arg>MV</arg>
<arg>MW</arg>
<arg>MX</arg>
<arg>MY</arg>
<arg>MZ</arg>
<arg>NA</arg>
<arg>NC</arg>
<arg>NE</arg>
<arg>NF</arg>
<arg>NG</arg>
<arg>NI</arg>
<arg>NL</arg>
<arg>NO</arg>
<arg>NP</arg>
<arg>NR</arg>
<arg>NU</arg>
<arg>NZ</arg>
<arg>OM</arg>
<arg>PA</arg>
<arg>PE</arg>
<arg>PF</arg>
<arg>PG</arg>
<arg>PH</arg>
<arg>PK</arg>
<arg>PL</arg>
<arg>PM</arg>
<arg>PN</arg>
<arg>PR</arg>
<arg>PS</arg>
<arg>PT</arg>
<arg>PW</arg>
<arg>PY</arg>
<arg>QA</arg>
<arg>RE</arg>
<arg>RO</arg>
<arg>RS</arg>
<arg>RU</arg>
<arg>RW</arg>
<arg>SA</arg>
<arg>SB</arg>
<arg>SC</arg>
<arg>SD</arg>
<arg>SE</arg>
<arg>SG</arg>
<arg>SH</arg>
<arg>SI</arg>
<arg>SJ</arg>
<arg>SK</arg>
<arg>SL</arg>
<arg>SM</arg>
<arg>SN</arg>
<arg>SO</arg>
<arg>SR</arg>
<arg>SS</arg>
<arg>ST</arg>
<arg>SV</arg>
<arg>SX</arg>
<arg>SY</arg>
<arg>SZ</arg>
<arg>TC</arg>
<arg>TD</arg>
<arg>TF</arg>
<arg>TG</arg>
<arg>TH</arg>
<arg>TJ</arg>
<arg>TK</arg>
<arg>TL</arg>
<arg>TM</arg>
<arg>TN</arg>
<arg>TO</arg>
<arg>TR</arg>
<arg>TT</arg>
<arg>TV</arg>
<arg>TW</arg>
<arg>TZ</arg>
<arg>UA</arg>
<arg>UG</arg>
<arg>UM</arg>
<arg>US</arg>
<arg>UY</arg>
<arg>UZ</arg>
<arg>VA</arg>
<arg>VC</arg>
<arg>VE</arg>
<arg>VG</arg>
<arg>VI</arg>
<arg>VN</arg>
<arg>VU</arg>
<arg>WF</arg>
<arg>WS</arg>
<arg>XK</arg>
<arg>YE</arg>
<arg>YT</arg>
<arg>ZA</arg>
<arg>ZM</arg>
<arg>ZW</arg>
<doc>Returns a list containing given items.</doc>
<status status="PASS" start="2024-04-19T19:11:55.555857" elapsed="0.000610"/>
</kw>
<kw name="List Should Contain Value" owner="Collections">
<msg time="2024-04-19T19:11:55.557475" level="INFO">False</msg>
<arg>${list_country}</arg>
<arg>${name_country}</arg>
<doc>Fails if the ``value`` is not found from ``list``.</doc>
<status status="PASS" start="2024-04-19T19:11:55.557266" elapsed="0.000248"/>
</kw>
<kw name="Run Keyword If" owner="BuiltIn">
<kw name="Should Be True" owner="BuiltIn">
<arg>${True}</arg>
<doc>Fails if the given condition is not true.</doc>
<status status="PASS" start="2024-04-19T19:11:55.558606" elapsed="0.000271"/>
</kw>
<arg>${json_data["results"][0]["location"]["coordinates"]["latitude"]} &gt;= -90 and ${json_data["results"][0]["location"]["coordinates"]["latitude"]} &lt;= 90</arg>
<arg>Should Be True</arg>
<arg>${True}</arg>
<doc>Runs the given keyword with the given arguments, if ``condition`` is true.</doc>
<status status="PASS" start="2024-04-19T19:11:55.557832" elapsed="0.001183"/>
</kw>
<kw name="Run Keyword If" owner="BuiltIn">
<kw name="Should Be True" owner="BuiltIn">
<arg>${True}</arg>
<doc>Fails if the given condition is not true.</doc>
<status status="PASS" start="2024-04-19T19:11:55.559965" elapsed="0.000146"/>
</kw>
<arg>${json_data["results"][0]["location"]["coordinates"]["longitude"]} &gt;= -180 and ${json_data["results"][0]["location"]["coordinates"]["longitude"]} &lt;= 180</arg>
<arg>Should Be True</arg>
<arg>${True}</arg>
<doc>Runs the given keyword with the given arguments, if ``condition`` is true.</doc>
<status status="PASS" start="2024-04-19T19:11:55.559212" elapsed="0.001028"/>
</kw>
<status status="PASS" start="2024-04-19T19:11:55.470182" elapsed="0.090191"/>
</kw>
<doc>Testa o conteúdo específico dos campos retornados pela API.</doc>
<tag>testeConteudo</tag>
<status status="PASS" start="2024-04-19T19:11:55.469622" elapsed="0.090901"/>
</test>
<status status="PASS" start="2024-04-19T19:11:54.753578" elapsed="0.808940"/>
</suite>
<status status="PASS" start="2024-04-19T19:11:54.739527" elapsed="0.828231"/>
</suite>
<statistics>
<total>
<stat pass="5" fail="0" skip="0">All Tests</stat>
</total>
<tag>
<stat pass="1" fail="0" skip="0">testeConteudo</stat>
<stat pass="1" fail="0" skip="0">testeEstruturaResposta</stat>
<stat pass="1" fail="0" skip="0">testeRequisicaoBasica</stat>
<stat pass="1" fail="0" skip="0">testeTiposDados</stat>
</tag>
<suite>
<stat pass="5" fail="0" skip="0" id="s1" name="Tests">Tests</stat>
<stat pass="5" fail="0" skip="0" id="s1-s1" name="Random-User-Test">Tests.Random-User-Test</stat>
</suite>
</statistics>
<errors>
</errors>
</robot>
