<?xml version="1.0" encoding="UTF-8"?>
<robot generator="Robot 7.0 (Python 3.12.3 on linux)" generated="2024-05-03T09:15:04.251183" rpa="false" schemaversion="5">
<suite id="s1" name="Tests" source="/home/runner/work/DesafioQAItauRogerioJordao/DesafioQAItauRogerioJordao/RamdonUser/tests">
<suite id="s1-s1" name="Random-User-Test" source="/home/runner/work/DesafioQAItauRogerioJordao/DesafioQAItauRogerioJordao/RamdonUser/tests/random-user-test.robot">
<test id="s1-s1-t1" name="Conectar" line="13">
<kw name="Conectar API" owner="random-user-service">
<kw name="Create Session" owner="RequestsLibrary">
<msg time="2024-05-03T09:15:04.610294" level="INFO">Creating Session using : alias=consultarAPI, url=https://randomuser.me/, headers={},                     cookies={}, auth=None, timeout=None, proxies=None, verify=False,                     debug=0 </msg>
<arg>consultarAPI</arg>
<arg>${URL}</arg>
<doc>Create Session: create a HTTP session to a server</doc>
<status status="PASS" start="2024-05-03T09:15:04.610102" elapsed="0.000365"/>
</kw>
<status status="PASS" start="2024-05-03T09:15:04.609178" elapsed="0.001634"/>
</kw>
<status status="PASS" start="2024-05-03T09:15:04.608656" elapsed="0.002346"/>
</test>
<test id="s1-s1-t2" name="Validar retorno 200 e JSON Válido" line="16">
<kw name="Teste de Requisicao Basica" owner="random-user-service">
<kw name="GET On Session" owner="RequestsLibrary">
<msg time="2024-05-03T09:15:05.636286" level="INFO">GET Request : url=https://randomuser.me/api 
 path_url=/api 
 headers={'User-Agent': 'python-requests/2.31.0', 'Accept-Encoding': 'gzip, deflate', 'Accept': '*/*', 'Connection': 'keep-alive'} 
 body=None 
 </msg>
<msg time="2024-05-03T09:15:05.636442" level="INFO">GET Response : url=https://randomuser.me/api 
 status=200, reason=OK 
 headers={'Date': 'Fri, 03 May 2024 09:15:05 GMT', 'Content-Type': 'application/json; charset=utf-8', 'Transfer-Encoding': 'chunked', 'Connection': 'keep-alive', 'X-Powered-By': 'Express', 'Access-Control-Allow-Origin': '*', 'Cache-Control': 'no-cache', 'ETag': 'W/"48d-8VP9qJsGNWqaBPTxmeEpC17AJo8"', 'Vary': 'Accept-Encoding', 'Content-Encoding': 'gzip', 'CF-Cache-Status': 'DYNAMIC', 'Report-To': '{"endpoints":[{"url":"https:\\/\\/a.nel.cloudflare.com\\/report\\/v4?s=5QVbPl6hOh4xPYCug1H9jDRw36dfqS6cGSz3CXASr16eakJJ88O8cgnQANdy4Vc7%2BVRTjMWxz%2BrKYncwQlSPINfBFSrqXycQXq5k%2BrUVge2Evw8K3%2FlbzPoRCY449GH5"}],"group":"cf-nel","max_age":604800}', 'NEL': '{"success_fraction":0,"report_to":"cf-nel","max_age":604800}', 'Server': 'cloudflare', 'CF-RAY': '87df24fa1d96821b-IAD', 'alt-svc': 'h3=":443"; ma=86400'} 
 body={"results":[{"gender":"female","name":{"title":"Miss","first":"Yivga","last":"Suhockiy"},"location":{"street":{"number":1618,"name":"Sergiya Moskalenka"},"city":"Bolgrad","state":"Cherkaska","country":"Ukraine","postcode":73819,"coordinates":{"latitude":"76.6963","longitude":"83.8734"},"timezone":{"offset":"-7:00","description":"Mountain Time (US &amp; Canada)"}},"email":"yivga.suhockiy@example.com","login":{"uuid":"5d23291e-b8c6-457a-8d8f-aba2e15ce8db","username":"yellowostrich771","password":"lynn","salt":"FWxuENrY","md5":"d30180a08754045e3a868bcd7991d686","sha1":"b5bf02a4de2135dc14a377052787a2b3997593c2","sha256":"92e851a48b08464eba3ddba51879fe9db3ba94dbf5366bf001948248a46fa571"},"dob":{"date":"1981-04-26T09:16:14.188Z","age":43},"registered":{"date":"2005-03-21T22:22:09.483Z","age":19},"phone":"(066) I78-5874","cell":"(067) Y27-5462","id":{"name":"","value":null},"picture":{"large":"https://randomuser.me/api/portraits/women/87.jpg","medium":"https://randomuser.me/api/portraits/med/women/87.jpg","thumbnail":"https://randomuser.me/api/portraits/thumb/women/87.jpg"},"nat":"UA"}],"info":{"seed":"316b0b4fc8dedb0c","results":1,"page":1,"version":"1.4"}} 
 </msg>
<msg time="2024-05-03T09:15:05.636539" level="INFO">/opt/hostedtoolcache/Python/3.12.3/x64/lib/python3.12/site-packages/urllib3/connectionpool.py:1103: InsecureRequestWarning: Unverified HTTPS request is being made to host 'randomuser.me'. Adding certificate verification is strongly advised. See: https://urllib3.readthedocs.io/en/latest/advanced-usage.html#tls-warnings
  warnings.warn(</msg>
<msg time="2024-05-03T09:15:05.636718" level="INFO">${response} = &lt;Response [200]&gt;</msg>
<var>${response}</var>
<arg>consultarAPI</arg>
<arg>/api</arg>
<doc>Sends a GET request on a previously created HTTP Session.</doc>
<status status="PASS" start="2024-05-03T09:15:04.613600" elapsed="1.023160"/>
</kw>
<kw name="Should Be Equal As Numbers" owner="BuiltIn">
<msg time="2024-05-03T09:15:05.637672" level="INFO">Argument types are:
&lt;class 'int'&gt;
&lt;class 'str'&gt;</msg>
<arg>${response.status_code}</arg>
<arg>200</arg>
<doc>Fails if objects are unequal after converting them to real numbers.</doc>
<status status="PASS" start="2024-05-03T09:15:05.637230" elapsed="0.000504"/>
</kw>
<kw name="Log" owner="BuiltIn">
<msg time="2024-05-03T09:15:05.638424" level="INFO">200</msg>
<arg>${response.status_code}</arg>
<doc>Logs the given message with the given level.</doc>
<status status="PASS" start="2024-05-03T09:15:05.638077" elapsed="0.000388"/>
</kw>
<kw name="Set Variable" owner="BuiltIn">
<msg time="2024-05-03T09:15:05.639195" level="INFO">${json_data} = {'results': [{'gender': 'female', 'name': {'title': 'Miss', 'first': 'Yivga', 'last': 'Suhockiy'}, 'location': {'street': {'number': 1618, 'name': 'Sergiya Moskalenka'}, 'city': 'Bolgrad', 'state': 'C...</msg>
<var>${json_data}</var>
<arg>${response.json()}</arg>
<doc>Returns the given values which can then be assigned to a variables.</doc>
<status status="PASS" start="2024-05-03T09:15:05.638767" elapsed="0.000455"/>
</kw>
<kw name="Dictionary Should Contain Key" owner="Collections">
<msg time="2024-05-03T09:15:05.639740" level="INFO">False</msg>
<arg>${json_data}</arg>
<arg>results</arg>
<doc>Fails if ``key`` is not found from ``dictionary``.</doc>
<status status="PASS" start="2024-05-03T09:15:05.639570" elapsed="0.000208"/>
</kw>
<status status="PASS" start="2024-05-03T09:15:04.613358" elapsed="1.026674"/>
</kw>
<doc>Testa se a API responde corretamente e retorna um objeto JSON válido.</doc>
<tag>testeRequisicaoBasica</tag>
<status status="PASS" start="2024-05-03T09:15:04.612899" elapsed="1.027307"/>
</test>
<test id="s1-s1-t3" name="Validar estrutura de resposta" line="22">
<kw name="Teste de Estrutura de Resposta" owner="random-user-service">
<kw name="GET On Session" owner="RequestsLibrary">
<msg time="2024-05-03T09:15:05.732439" level="INFO">GET Request : url=https://randomuser.me/api 
 path_url=/api 
 headers={'User-Agent': 'python-requests/2.31.0', 'Accept-Encoding': 'gzip, deflate', 'Accept': '*/*', 'Connection': 'keep-alive'} 
 body=None 
 </msg>
<msg time="2024-05-03T09:15:05.732528" level="INFO">GET Response : url=https://randomuser.me/api 
 status=200, reason=OK 
 headers={'Date': 'Fri, 03 May 2024 09:15:05 GMT', 'Content-Type': 'application/json; charset=utf-8', 'Transfer-Encoding': 'chunked', 'Connection': 'keep-alive', 'X-Powered-By': 'Express', 'Access-Control-Allow-Origin': '*', 'Cache-Control': 'no-cache', 'ETag': 'W/"4b0-VoA+CnA/vQpYbT1KhLibh8BuR3s"', 'Vary': 'Accept-Encoding', 'Content-Encoding': 'gzip', 'CF-Cache-Status': 'DYNAMIC', 'Report-To': '{"endpoints":[{"url":"https:\\/\\/a.nel.cloudflare.com\\/report\\/v4?s=oMLs1PO9ntF4N6nI%2BzRll4Hu7jSXSs2H2qjkTSoDgaJihUtAUQ0tjDK%2BFOt3JNMmW8g7dqsjdV4s7B7cuLntL04tWwTpLNnpVWuVadFKRaKKwCc%2FelTH4j8IvkU3jINC"}],"group":"cf-nel","max_age":604800}', 'NEL': '{"success_fraction":0,"report_to":"cf-nel","max_age":604800}', 'Server': 'cloudflare', 'CF-RAY': '87df25004a5b821b-IAD', 'alt-svc': 'h3=":443"; ma=86400'} 
 body={"results":[{"gender":"male","name":{"title":"Mr","first":"Pompeu","last":"da Cruz"},"location":{"street":{"number":8414,"name":"Rua Dezenove de Outubro"},"city":"Resende","state":"Rio Grande do Norte","country":"Brazil","postcode":46007,"coordinates":{"latitude":"-73.3691","longitude":"-102.0204"},"timezone":{"offset":"0:00","description":"Western Europe Time, London, Lisbon, Casablanca"}},"email":"pompeu.dacruz@example.com","login":{"uuid":"c37d3bb6-c90a-4932-a514-cf9522077b04","username":"bigfish779","password":"elvis","salt":"ULaOKoiN","md5":"342fa5c7186db45fa8c33e22d97e860d","sha1":"ac1e8b5da5d09c2c64f76746021895531580272d","sha256":"1f997bd70d0eae620241a53ad0bf6d08157e3ab6a904fd3e28b44415be827b93"},"dob":{"date":"1999-05-15T13:48:35.722Z","age":24},"registered":{"date":"2013-12-03T13:41:41.724Z","age":10},"phone":"(11) 0447-0207","cell":"(25) 3388-8484","id":{"name":"CPF","value":"549.478.247-62"},"picture":{"large":"https://randomuser.me/api/portraits/men/32.jpg","medium":"https://randomuser.me/api/portraits/med/men/32.jpg","thumbnail":"https://randomuser.me/api/portraits/thumb/men/32.jpg"},"nat":"BR"}],"info":{"seed":"01005ed7469563a1","results":1,"page":1,"version":"1.4"}} 
 </msg>
<msg time="2024-05-03T09:15:05.732638" level="INFO">/opt/hostedtoolcache/Python/3.12.3/x64/lib/python3.12/site-packages/urllib3/connectionpool.py:1103: InsecureRequestWarning: Unverified HTTPS request is being made to host 'randomuser.me'. Adding certificate verification is strongly advised. See: https://urllib3.readthedocs.io/en/latest/advanced-usage.html#tls-warnings
  warnings.warn(</msg>
<msg time="2024-05-03T09:15:05.732748" level="INFO">${response} = &lt;Response [200]&gt;</msg>
<var>${response}</var>
<arg>consultarAPI</arg>
<arg>/api</arg>
<doc>Sends a GET request on a previously created HTTP Session.</doc>
<status status="PASS" start="2024-05-03T09:15:05.643164" elapsed="0.089612"/>
</kw>
<kw name="Set Variable" owner="BuiltIn">
<msg time="2024-05-03T09:15:05.733561" level="INFO">${json_data} = {'results': [{'gender': 'male', 'name': {'title': 'Mr', 'first': 'Pompeu', 'last': 'da Cruz'}, 'location': {'street': {'number': 8414, 'name': 'Rua Dezenove de Outubro'}, 'city': 'Resende', 'state': '...</msg>
<var>${json_data}</var>
<arg>${response.json()}</arg>
<doc>Returns the given values which can then be assigned to a variables.</doc>
<status status="PASS" start="2024-05-03T09:15:05.733112" elapsed="0.000477"/>
</kw>
<kw name="Log" owner="BuiltIn">
<msg time="2024-05-03T09:15:05.734045" level="INFO">{'results': [{'gender': 'male', 'name': {'title': 'Mr', 'first': 'Pompeu', 'last': 'da Cruz'}, 'location': {'street': {'number': 8414, 'name': 'Rua Dezenove de Outubro'}, 'city': 'Resende', 'state': 'Rio Grande do Norte', 'country': 'Brazil', 'postcode': 46007, 'coordinates': {'latitude': '-73.3691', 'longitude': '-102.0204'}, 'timezone': {'offset': '0:00', 'description': 'Western Europe Time, London, Lisbon, Casablanca'}}, 'email': 'pompeu.dacruz@example.com', 'login': {'uuid': 'c37d3bb6-c90a-4932-a514-cf9522077b04', 'username': 'bigfish779', 'password': 'elvis', 'salt': 'ULaOKoiN', 'md5': '342fa5c7186db45fa8c33e22d97e860d', 'sha1': 'ac1e8b5da5d09c2c64f76746021895531580272d', 'sha256': '1f997bd70d0eae620241a53ad0bf6d08157e3ab6a904fd3e28b44415be827b93'}, 'dob': {'date': '1999-05-15T13:48:35.722Z', 'age': 24}, 'registered': {'date': '2013-12-03T13:41:41.724Z', 'age': 10}, 'phone': '(11) 0447-0207', 'cell': '(25) 3388-8484', 'id': {'name': 'CPF', 'value': '549.478.247-62'}, 'picture': {'large': 'https://randomuser.me/api/portraits/men/32.jpg', 'medium': 'https://randomuser.me/api/portraits/med/men/32.jpg', 'thumbnail': 'https://randomuser.me/api/portraits/thumb/men/32.jpg'}, 'nat': 'BR'}], 'info': {'seed': '01005ed7469563a1', 'results': 1, 'page': 1, 'version': '1.4'}}</msg>
<arg>${json_data}</arg>
<doc>Logs the given message with the given level.</doc>
<status status="PASS" start="2024-05-03T09:15:05.733889" elapsed="0.000203"/>
</kw>
<kw name="Dictionary Should Contain Key" owner="Collections">
<msg time="2024-05-03T09:15:05.734539" level="INFO">False</msg>
<arg>${json_data}</arg>
<arg>results</arg>
<doc>Fails if ``key`` is not found from ``dictionary``.</doc>
<status status="PASS" start="2024-05-03T09:15:05.734382" elapsed="0.000194"/>
</kw>
<kw name="Should Not Be Empty" owner="BuiltIn">
<msg time="2024-05-03T09:15:05.735001" level="INFO">Length is 2.</msg>
<arg>${json_data}</arg>
<doc>Verifies that the given item is not empty.</doc>
<status status="PASS" start="2024-05-03T09:15:05.734865" elapsed="0.000298"/>
</kw>
<kw name="Create List" owner="BuiltIn">
<msg time="2024-05-03T09:15:05.735647" level="INFO">${expected_keys} = ['gender', 'name', 'location', 'email', 'login']</msg>
<var>${expected_keys}</var>
<arg>gender</arg>
<arg>name</arg>
<arg>location</arg>
<arg>email</arg>
<arg>login</arg>
<doc>Returns a list containing given items.</doc>
<status status="PASS" start="2024-05-03T09:15:05.735493" elapsed="0.000178"/>
</kw>
<for flavor="IN">
<iter>
<kw name="Dictionary Should Contain Key" owner="Collections">
<msg time="2024-05-03T09:15:05.736631" level="INFO">False</msg>
<arg>${json_data['results'][0]}</arg>
<arg>${key}</arg>
<doc>Fails if ``key`` is not found from ``dictionary``.</doc>
<status status="PASS" start="2024-05-03T09:15:05.736230" elapsed="0.000440"/>
</kw>
<kw name="Log" owner="BuiltIn">
<msg time="2024-05-03T09:15:05.737336" level="INFO">{'gender': 'male', 'name': {'title': 'Mr', 'first': 'Pompeu', 'last': 'da Cruz'}, 'location': {'street': {'number': 8414, 'name': 'Rua Dezenove de Outubro'}, 'city': 'Resende', 'state': 'Rio Grande do Norte', 'country': 'Brazil', 'postcode': 46007, 'coordinates': {'latitude': '-73.3691', 'longitude': '-102.0204'}, 'timezone': {'offset': '0:00', 'description': 'Western Europe Time, London, Lisbon, Casablanca'}}, 'email': 'pompeu.dacruz@example.com', 'login': {'uuid': 'c37d3bb6-c90a-4932-a514-cf9522077b04', 'username': 'bigfish779', 'password': 'elvis', 'salt': 'ULaOKoiN', 'md5': '342fa5c7186db45fa8c33e22d97e860d', 'sha1': 'ac1e8b5da5d09c2c64f76746021895531580272d', 'sha256': '1f997bd70d0eae620241a53ad0bf6d08157e3ab6a904fd3e28b44415be827b93'}, 'dob': {'date': '1999-05-15T13:48:35.722Z', 'age': 24}, 'registered': {'date': '2013-12-03T13:41:41.724Z', 'age': 10}, 'phone': '(11) 0447-0207', 'cell': '(25) 3388-8484', 'id': {'name': 'CPF', 'value': '549.478.247-62'}, 'picture': {'large': 'https://randomuser.me/api/portraits/men/32.jpg', 'medium': 'https://randomuser.me/api/portraits/med/men/32.jpg', 'thumbnail': 'https://randomuser.me/api/portraits/thumb/men/32.jpg'}, 'nat': 'BR'}</msg>
<arg>${json_data['results'][0]}</arg>
<doc>Logs the given message with the given level.</doc>
<status status="PASS" start="2024-05-03T09:15:05.736971" elapsed="0.000412"/>
</kw>
<kw name="Log" owner="BuiltIn">
<msg time="2024-05-03T09:15:05.737805" level="INFO">gender</msg>
<arg>${key}</arg>
<doc>Logs the given message with the given level.</doc>
<status status="PASS" start="2024-05-03T09:15:05.737678" elapsed="0.000163"/>
</kw>
<var name="${key}">gender</var>
<status status="PASS" start="2024-05-03T09:15:05.736106" elapsed="0.001948"/>
</iter>
<iter>
<kw name="Dictionary Should Contain Key" owner="Collections">
<msg time="2024-05-03T09:15:05.738738" level="INFO">False</msg>
<arg>${json_data['results'][0]}</arg>
<arg>${key}</arg>
<doc>Fails if ``key`` is not found from ``dictionary``.</doc>
<status status="PASS" start="2024-05-03T09:15:05.738353" elapsed="0.000456"/>
</kw>
<kw name="Log" owner="BuiltIn">
<msg time="2024-05-03T09:15:05.739505" level="INFO">{'gender': 'male', 'name': {'title': 'Mr', 'first': 'Pompeu', 'last': 'da Cruz'}, 'location': {'street': {'number': 8414, 'name': 'Rua Dezenove de Outubro'}, 'city': 'Resende', 'state': 'Rio Grande do Norte', 'country': 'Brazil', 'postcode': 46007, 'coordinates': {'latitude': '-73.3691', 'longitude': '-102.0204'}, 'timezone': {'offset': '0:00', 'description': 'Western Europe Time, London, Lisbon, Casablanca'}}, 'email': 'pompeu.dacruz@example.com', 'login': {'uuid': 'c37d3bb6-c90a-4932-a514-cf9522077b04', 'username': 'bigfish779', 'password': 'elvis', 'salt': 'ULaOKoiN', 'md5': '342fa5c7186db45fa8c33e22d97e860d', 'sha1': 'ac1e8b5da5d09c2c64f76746021895531580272d', 'sha256': '1f997bd70d0eae620241a53ad0bf6d08157e3ab6a904fd3e28b44415be827b93'}, 'dob': {'date': '1999-05-15T13:48:35.722Z', 'age': 24}, 'registered': {'date': '2013-12-03T13:41:41.724Z', 'age': 10}, 'phone': '(11) 0447-0207', 'cell': '(25) 3388-8484', 'id': {'name': 'CPF', 'value': '549.478.247-62'}, 'picture': {'large': 'https://randomuser.me/api/portraits/men/32.jpg', 'medium': 'https://randomuser.me/api/portraits/med/men/32.jpg', 'thumbnail': 'https://randomuser.me/api/portraits/thumb/men/32.jpg'}, 'nat': 'BR'}</msg>
<arg>${json_data['results'][0]}</arg>
<doc>Logs the given message with the given level.</doc>
<status status="PASS" start="2024-05-03T09:15:05.739109" elapsed="0.000444"/>
</kw>
<kw name="Log" owner="BuiltIn">
<msg time="2024-05-03T09:15:05.739979" level="INFO">name</msg>
<arg>${key}</arg>
<doc>Logs the given message with the given level.</doc>
<status status="PASS" start="2024-05-03T09:15:05.739850" elapsed="0.000167"/>
</kw>
<var name="${key}">name</var>
<status status="PASS" start="2024-05-03T09:15:05.738238" elapsed="0.001992"/>
</iter>
<iter>
<kw name="Dictionary Should Contain Key" owner="Collections">
<msg time="2024-05-03T09:15:05.740908" level="INFO">False</msg>
<arg>${json_data['results'][0]}</arg>
<arg>${key}</arg>
<doc>Fails if ``key`` is not found from ``dictionary``.</doc>
<status status="PASS" start="2024-05-03T09:15:05.740522" elapsed="0.000424"/>
</kw>
<kw name="Log" owner="BuiltIn">
<msg time="2024-05-03T09:15:05.741603" level="INFO">{'gender': 'male', 'name': {'title': 'Mr', 'first': 'Pompeu', 'last': 'da Cruz'}, 'location': {'street': {'number': 8414, 'name': 'Rua Dezenove de Outubro'}, 'city': 'Resende', 'state': 'Rio Grande do Norte', 'country': 'Brazil', 'postcode': 46007, 'coordinates': {'latitude': '-73.3691', 'longitude': '-102.0204'}, 'timezone': {'offset': '0:00', 'description': 'Western Europe Time, London, Lisbon, Casablanca'}}, 'email': 'pompeu.dacruz@example.com', 'login': {'uuid': 'c37d3bb6-c90a-4932-a514-cf9522077b04', 'username': 'bigfish779', 'password': 'elvis', 'salt': 'ULaOKoiN', 'md5': '342fa5c7186db45fa8c33e22d97e860d', 'sha1': 'ac1e8b5da5d09c2c64f76746021895531580272d', 'sha256': '1f997bd70d0eae620241a53ad0bf6d08157e3ab6a904fd3e28b44415be827b93'}, 'dob': {'date': '1999-05-15T13:48:35.722Z', 'age': 24}, 'registered': {'date': '2013-12-03T13:41:41.724Z', 'age': 10}, 'phone': '(11) 0447-0207', 'cell': '(25) 3388-8484', 'id': {'name': 'CPF', 'value': '549.478.247-62'}, 'picture': {'large': 'https://randomuser.me/api/portraits/men/32.jpg', 'medium': 'https://randomuser.me/api/portraits/med/men/32.jpg', 'thumbnail': 'https://randomuser.me/api/portraits/thumb/men/32.jpg'}, 'nat': 'BR'}</msg>
<arg>${json_data['results'][0]}</arg>
<doc>Logs the given message with the given level.</doc>
<status status="PASS" start="2024-05-03T09:15:05.741244" elapsed="0.000408"/>
</kw>
<kw name="Log" owner="BuiltIn">
<msg time="2024-05-03T09:15:05.742074" level="INFO">location</msg>
<arg>${key}</arg>
<doc>Logs the given message with the given level.</doc>
<status status="PASS" start="2024-05-03T09:15:05.741947" elapsed="0.000165"/>
</kw>
<var name="${key}">location</var>
<status status="PASS" start="2024-05-03T09:15:05.740408" elapsed="0.001917"/>
</iter>
<iter>
<kw name="Dictionary Should Contain Key" owner="Collections">
<msg time="2024-05-03T09:15:05.742997" level="INFO">False</msg>
<arg>${json_data['results'][0]}</arg>
<arg>${key}</arg>
<doc>Fails if ``key`` is not found from ``dictionary``.</doc>
<status status="PASS" start="2024-05-03T09:15:05.742610" elapsed="0.000425"/>
</kw>
<kw name="Log" owner="BuiltIn">
<msg time="2024-05-03T09:15:05.743734" level="INFO">{'gender': 'male', 'name': {'title': 'Mr', 'first': 'Pompeu', 'last': 'da Cruz'}, 'location': {'street': {'number': 8414, 'name': 'Rua Dezenove de Outubro'}, 'city': 'Resende', 'state': 'Rio Grande do Norte', 'country': 'Brazil', 'postcode': 46007, 'coordinates': {'latitude': '-73.3691', 'longitude': '-102.0204'}, 'timezone': {'offset': '0:00', 'description': 'Western Europe Time, London, Lisbon, Casablanca'}}, 'email': 'pompeu.dacruz@example.com', 'login': {'uuid': 'c37d3bb6-c90a-4932-a514-cf9522077b04', 'username': 'bigfish779', 'password': 'elvis', 'salt': 'ULaOKoiN', 'md5': '342fa5c7186db45fa8c33e22d97e860d', 'sha1': 'ac1e8b5da5d09c2c64f76746021895531580272d', 'sha256': '1f997bd70d0eae620241a53ad0bf6d08157e3ab6a904fd3e28b44415be827b93'}, 'dob': {'date': '1999-05-15T13:48:35.722Z', 'age': 24}, 'registered': {'date': '2013-12-03T13:41:41.724Z', 'age': 10}, 'phone': '(11) 0447-0207', 'cell': '(25) 3388-8484', 'id': {'name': 'CPF', 'value': '549.478.247-62'}, 'picture': {'large': 'https://randomuser.me/api/portraits/men/32.jpg', 'medium': 'https://randomuser.me/api/portraits/med/men/32.jpg', 'thumbnail': 'https://randomuser.me/api/portraits/thumb/men/32.jpg'}, 'nat': 'BR'}</msg>
<arg>${json_data['results'][0]}</arg>
<doc>Logs the given message with the given level.</doc>
<status status="PASS" start="2024-05-03T09:15:05.743369" elapsed="0.000414"/>
</kw>
<kw name="Log" owner="BuiltIn">
<msg time="2024-05-03T09:15:05.744205" level="INFO">email</msg>
<arg>${key}</arg>
<doc>Logs the given message with the given level.</doc>
<status status="PASS" start="2024-05-03T09:15:05.744078" elapsed="0.000164"/>
</kw>
<var name="${key}">email</var>
<status status="PASS" start="2024-05-03T09:15:05.742499" elapsed="0.001954"/>
</iter>
<iter>
<kw name="Dictionary Should Contain Key" owner="Collections">
<msg time="2024-05-03T09:15:05.745131" level="INFO">False</msg>
<arg>${json_data['results'][0]}</arg>
<arg>${key}</arg>
<doc>Fails if ``key`` is not found from ``dictionary``.</doc>
<status status="PASS" start="2024-05-03T09:15:05.744737" elapsed="0.000432"/>
</kw>
<kw name="Log" owner="BuiltIn">
<msg time="2024-05-03T09:15:05.745835" level="INFO">{'gender': 'male', 'name': {'title': 'Mr', 'first': 'Pompeu', 'last': 'da Cruz'}, 'location': {'street': {'number': 8414, 'name': 'Rua Dezenove de Outubro'}, 'city': 'Resende', 'state': 'Rio Grande do Norte', 'country': 'Brazil', 'postcode': 46007, 'coordinates': {'latitude': '-73.3691', 'longitude': '-102.0204'}, 'timezone': {'offset': '0:00', 'description': 'Western Europe Time, London, Lisbon, Casablanca'}}, 'email': 'pompeu.dacruz@example.com', 'login': {'uuid': 'c37d3bb6-c90a-4932-a514-cf9522077b04', 'username': 'bigfish779', 'password': 'elvis', 'salt': 'ULaOKoiN', 'md5': '342fa5c7186db45fa8c33e22d97e860d', 'sha1': 'ac1e8b5da5d09c2c64f76746021895531580272d', 'sha256': '1f997bd70d0eae620241a53ad0bf6d08157e3ab6a904fd3e28b44415be827b93'}, 'dob': {'date': '1999-05-15T13:48:35.722Z', 'age': 24}, 'registered': {'date': '2013-12-03T13:41:41.724Z', 'age': 10}, 'phone': '(11) 0447-0207', 'cell': '(25) 3388-8484', 'id': {'name': 'CPF', 'value': '549.478.247-62'}, 'picture': {'large': 'https://randomuser.me/api/portraits/men/32.jpg', 'medium': 'https://randomuser.me/api/portraits/med/men/32.jpg', 'thumbnail': 'https://randomuser.me/api/portraits/thumb/men/32.jpg'}, 'nat': 'BR'}</msg>
<arg>${json_data['results'][0]}</arg>
<doc>Logs the given message with the given level.</doc>
<status status="PASS" start="2024-05-03T09:15:05.745467" elapsed="0.000417"/>
</kw>
<kw name="Log" owner="BuiltIn">
<msg time="2024-05-03T09:15:05.746329" level="INFO">login</msg>
<arg>${key}</arg>
<doc>Logs the given message with the given level.</doc>
<status status="PASS" start="2024-05-03T09:15:05.746200" elapsed="0.000167"/>
</kw>
<var name="${key}">login</var>
<status status="PASS" start="2024-05-03T09:15:05.744625" elapsed="0.001962"/>
</iter>
<var>${key}</var>
<value>@{expected_keys}</value>
<status status="PASS" start="2024-05-03T09:15:05.735923" elapsed="0.010787"/>
</for>
<kw name="Create List" owner="BuiltIn">
<msg time="2024-05-03T09:15:05.747046" level="INFO">${expected_keysTwo} = ['username', 'password']</msg>
<var>${expected_keysTwo}</var>
<arg>username</arg>
<arg>password</arg>
<doc>Returns a list containing given items.</doc>
<status status="PASS" start="2024-05-03T09:15:05.746902" elapsed="0.000168"/>
</kw>
<for flavor="IN">
<iter>
<kw name="Dictionary Should Contain Key" owner="Collections">
<msg time="2024-05-03T09:15:05.748008" level="INFO">False</msg>
<arg>${json_data['results'][0]['login']}</arg>
<arg>${keyTwo}</arg>
<doc>Fails if ``key`` is not found from ``dictionary``.</doc>
<status status="PASS" start="2024-05-03T09:15:05.747598" elapsed="0.000449"/>
</kw>
<kw name="Dictionary Should Contain Key" owner="Collections">
<msg time="2024-05-03T09:15:05.748738" level="INFO">False</msg>
<arg>${json_data['results'][0]['login']}</arg>
<arg>${keyTwo}</arg>
<doc>Fails if ``key`` is not found from ``dictionary``.</doc>
<status status="PASS" start="2024-05-03T09:15:05.748344" elapsed="0.000432"/>
</kw>
<kw name="Log" owner="BuiltIn">
<msg time="2024-05-03T09:15:05.749195" level="INFO">username</msg>
<arg>${keyTwo}</arg>
<doc>Logs the given message with the given level.</doc>
<status status="PASS" start="2024-05-03T09:15:05.749069" elapsed="0.000169"/>
</kw>
<var name="${keyTwo}">username</var>
<status status="PASS" start="2024-05-03T09:15:05.747488" elapsed="0.001963"/>
</iter>
<iter>
<kw name="Dictionary Should Contain Key" owner="Collections">
<msg time="2024-05-03T09:15:05.750199" level="INFO">False</msg>
<arg>${json_data['results'][0]['login']}</arg>
<arg>${keyTwo}</arg>
<doc>Fails if ``key`` is not found from ``dictionary``.</doc>
<status status="PASS" start="2024-05-03T09:15:05.749737" elapsed="0.000503"/>
</kw>
<kw name="Dictionary Should Contain Key" owner="Collections">
<msg time="2024-05-03T09:15:05.750924" level="INFO">False</msg>
<arg>${json_data['results'][0]['login']}</arg>
<arg>${keyTwo}</arg>
<doc>Fails if ``key`` is not found from ``dictionary``.</doc>
<status status="PASS" start="2024-05-03T09:15:05.750536" elapsed="0.000425"/>
</kw>
<kw name="Log" owner="BuiltIn">
<msg time="2024-05-03T09:15:05.751416" level="INFO">password</msg>
<arg>${keyTwo}</arg>
<doc>Logs the given message with the given level.</doc>
<status status="PASS" start="2024-05-03T09:15:05.751252" elapsed="0.000202"/>
</kw>
<var name="${keyTwo}">password</var>
<status status="PASS" start="2024-05-03T09:15:05.749622" elapsed="0.002051"/>
</iter>
<var>${keyTwo}</var>
<value>@{expected_keysTwo}</value>
<status status="PASS" start="2024-05-03T09:15:05.747332" elapsed="0.004462"/>
</for>
<status status="PASS" start="2024-05-03T09:15:05.642827" elapsed="0.109107"/>
</kw>
<doc>Testa a estrutura da resposta da API.</doc>
<tag>testeEstruturaResposta</tag>
<status status="PASS" start="2024-05-03T09:15:05.642043" elapsed="0.110037"/>
</test>
<test id="s1-s1-t4" name="Validar tipos de dados" line="28">
<kw name="Teste de Tipos de Dados" owner="random-user-service">
<kw name="GET On Session" owner="RequestsLibrary">
<msg time="2024-05-03T09:15:05.783382" level="INFO">GET Request : url=https://randomuser.me/api 
 path_url=/api 
 headers={'User-Agent': 'python-requests/2.31.0', 'Accept-Encoding': 'gzip, deflate', 'Accept': '*/*', 'Connection': 'keep-alive'} 
 body=None 
 </msg>
<msg time="2024-05-03T09:15:05.783464" level="INFO">GET Response : url=https://randomuser.me/api 
 status=200, reason=OK 
 headers={'Date': 'Fri, 03 May 2024 09:15:05 GMT', 'Content-Type': 'application/json; charset=utf-8', 'Transfer-Encoding': 'chunked', 'Connection': 'keep-alive', 'X-Powered-By': 'Express', 'Access-Control-Allow-Origin': '*', 'Cache-Control': 'no-cache', 'ETag': 'W/"488-9IBhLV5New0+9glDj6gG0J1U9W4"', 'Vary': 'Accept-Encoding', 'Content-Encoding': 'gzip', 'CF-Cache-Status': 'DYNAMIC', 'Report-To': '{"endpoints":[{"url":"https:\\/\\/a.nel.cloudflare.com\\/report\\/v4?s=oii2Qp651f0MBaOI60V8%2F76knbkBsvG9SttyZQqdIkvn3geA5TMZQH9lwISbEOoHMoX6fDL0OzWg2%2BzB1Ouc66A0jXNUiXdI69fZHvobqBgVlOS3U3N4CBttYqTOJZbt"}],"group":"cf-nel","max_age":604800}', 'NEL': '{"success_fraction":0,"report_to":"cf-nel","max_age":604800}', 'Server': 'cloudflare', 'CF-RAY': '87df2500fac9821b-IAD', 'alt-svc': 'h3=":443"; ma=86400'} 
 body={"results":[{"gender":"female","name":{"title":"Mrs","first":"Diana","last":"Karplyuk"},"location":{"street":{"number":2701,"name":"Mitna ploshcha"},"city":"Ustilug","state":"Avtonomna Respublika Krim","country":"Ukraine","postcode":35965,"coordinates":{"latitude":"76.3278","longitude":"39.8390"},"timezone":{"offset":"-3:30","description":"Newfoundland"}},"email":"diana.karplyuk@example.com","login":{"uuid":"368449e0-4de0-4279-b6c8-4d5e3e039098","username":"orangefish847","password":"russell","salt":"23ajCKmy","md5":"a4c14a074e2cfc6b028ef43130cd3143","sha1":"c07fabf5daeebeff9d8578a8d4a67c623d5b85e9","sha256":"6128bd939f42d268b9d4078fb91e028f548b1676ef1ddcb664892b656a5f8599"},"dob":{"date":"1965-06-08T10:45:36.156Z","age":58},"registered":{"date":"2020-07-16T10:04:49.954Z","age":3},"phone":"(099) B15-0556","cell":"(066) D14-0349","id":{"name":"","value":null},"picture":{"large":"https://randomuser.me/api/portraits/women/22.jpg","medium":"https://randomuser.me/api/portraits/med/women/22.jpg","thumbnail":"https://randomuser.me/api/portraits/thumb/women/22.jpg"},"nat":"UA"}],"info":{"seed":"b614c862e1899eff","results":1,"page":1,"version":"1.4"}} 
 </msg>
<msg time="2024-05-03T09:15:05.783536" level="INFO">/opt/hostedtoolcache/Python/3.12.3/x64/lib/python3.12/site-packages/urllib3/connectionpool.py:1103: InsecureRequestWarning: Unverified HTTPS request is being made to host 'randomuser.me'. Adding certificate verification is strongly advised. See: https://urllib3.readthedocs.io/en/latest/advanced-usage.html#tls-warnings
  warnings.warn(</msg>
<msg time="2024-05-03T09:15:05.783673" level="INFO">${response} = &lt;Response [200]&gt;</msg>
<var>${response}</var>
<arg>consultarAPI</arg>
<arg>/api</arg>
<doc>Sends a GET request on a previously created HTTP Session.</doc>
<status status="PASS" start="2024-05-03T09:15:05.754426" elapsed="0.029285"/>
</kw>
<kw name="Set Variable" owner="BuiltIn">
<msg time="2024-05-03T09:15:05.784541" level="INFO">${json_data} = {'results': [{'gender': 'female', 'name': {'title': 'Mrs', 'first': 'Diana', 'last': 'Karplyuk'}, 'location': {'street': {'number': 2701, 'name': 'Mitna ploshcha'}, 'city': 'Ustilug', 'state': 'Avtono...</msg>
<var>${json_data}</var>
<arg>${response.json()}</arg>
<doc>Returns the given values which can then be assigned to a variables.</doc>
<status status="PASS" start="2024-05-03T09:15:05.784093" elapsed="0.000476"/>
</kw>
<kw name="Log" owner="BuiltIn">
<msg time="2024-05-03T09:15:05.785015" level="INFO">{'results': [{'gender': 'female', 'name': {'title': 'Mrs', 'first': 'Diana', 'last': 'Karplyuk'}, 'location': {'street': {'number': 2701, 'name': 'Mitna ploshcha'}, 'city': 'Ustilug', 'state': 'Avtonomna Respublika Krim', 'country': 'Ukraine', 'postcode': 35965, 'coordinates': {'latitude': '76.3278', 'longitude': '39.8390'}, 'timezone': {'offset': '-3:30', 'description': 'Newfoundland'}}, 'email': 'diana.karplyuk@example.com', 'login': {'uuid': '368449e0-4de0-4279-b6c8-4d5e3e039098', 'username': 'orangefish847', 'password': 'russell', 'salt': '23ajCKmy', 'md5': 'a4c14a074e2cfc6b028ef43130cd3143', 'sha1': 'c07fabf5daeebeff9d8578a8d4a67c623d5b85e9', 'sha256': '6128bd939f42d268b9d4078fb91e028f548b1676ef1ddcb664892b656a5f8599'}, 'dob': {'date': '1965-06-08T10:45:36.156Z', 'age': 58}, 'registered': {'date': '2020-07-16T10:04:49.954Z', 'age': 3}, 'phone': '(099) B15-0556', 'cell': '(066) D14-0349', 'id': {'name': '', 'value': None}, 'picture': {'large': 'https://randomuser.me/api/portraits/women/22.jpg', 'medium': 'https://randomuser.me/api/portraits/med/women/22.jpg', 'thumbnail': 'https://randomuser.me/api/portraits/thumb/women/22.jpg'}, 'nat': 'UA'}], 'info': {'seed': 'b614c862e1899eff', 'results': 1, 'page': 1, 'version': '1.4'}}</msg>
<arg>${json_data}</arg>
<doc>Logs the given message with the given level.</doc>
<status status="PASS" start="2024-05-03T09:15:05.784870" elapsed="0.000217"/>
</kw>
<kw name="Should Be String" owner="String">
<arg>${json_data['results'][0]['gender']}</arg>
<doc>Fails if the given ``item`` is not a string.</doc>
<status status="PASS" start="2024-05-03T09:15:05.785361" elapsed="0.000333"/>
</kw>
<kw name="Should Match Regexp" owner="BuiltIn">
<arg>${json_data['results'][0]['email']}</arg>
<arg>^[a-zA-Z0-9._%+-]+@[a-zA-Z0-9.-]+\.[a-zA-Z]{2,}$</arg>
<doc>Fails if ``string`` does not match ``pattern`` as a regular expression.</doc>
<status status="PASS" start="2024-05-03T09:15:05.785876" elapsed="0.000508"/>
</kw>
<kw name="Should Match Regexp" owner="BuiltIn">
<arg>${json_data['results'][0]['dob']['date']}</arg>
<arg>\\d{4}-\\d{2}-\\d{2}T\\d{2}:\\d{2}:\\d{2}\\.\\d{3}Z</arg>
<doc>Fails if ``string`` does not match ``pattern`` as a regular expression.</doc>
<status status="PASS" start="2024-05-03T09:15:05.786578" elapsed="0.000487"/>
</kw>
<kw name="Should Match Regexp" owner="BuiltIn">
<arg>${json_data['results'][0]['registered']['date']}</arg>
<arg>\\d{4}-\\d{2}-\\d{2}T\\d{2}:\\d{2}:\\d{2}\\.\\d{3}Z</arg>
<doc>Fails if ``string`` does not match ``pattern`` as a regular expression.</doc>
<status status="PASS" start="2024-05-03T09:15:05.787255" elapsed="0.000402"/>
</kw>
<kw name="Should Match Regexp" owner="BuiltIn">
<arg>${json_data['results'][0]['picture']['large']}</arg>
<arg>^https?://.*\.(?:png|jpe?g|gif|bmp)$</arg>
<doc>Fails if ``string`` does not match ``pattern`` as a regular expression.</doc>
<status status="PASS" start="2024-05-03T09:15:05.787853" elapsed="0.000461"/>
</kw>
<kw name="Should Match Regexp" owner="BuiltIn">
<arg>${json_data['results'][0]['picture']['medium']}</arg>
<arg>^https?://.*\.(?:png|jpe?g|gif|bmp)$</arg>
<doc>Fails if ``string`` does not match ``pattern`` as a regular expression.</doc>
<status status="PASS" start="2024-05-03T09:15:05.788501" elapsed="0.000362"/>
</kw>
<kw name="Should Match Regexp" owner="BuiltIn">
<arg>${json_data['results'][0]['picture']['thumbnail']}</arg>
<arg>^https?://.*\.(?:png|jpe?g|gif|bmp)$</arg>
<doc>Fails if ``string`` does not match ``pattern`` as a regular expression.</doc>
<status status="PASS" start="2024-05-03T09:15:05.789055" elapsed="0.000350"/>
</kw>
<kw name="Log" owner="BuiltIn">
<msg time="2024-05-03T09:15:05.789910" level="INFO">{'large': 'https://randomuser.me/api/portraits/women/22.jpg', 'medium': 'https://randomuser.me/api/portraits/med/women/22.jpg', 'thumbnail': 'https://randomuser.me/api/portraits/thumb/women/22.jpg'}</msg>
<arg>${json_data['results'][0]['picture']}</arg>
<doc>Logs the given message with the given level.</doc>
<status status="PASS" start="2024-05-03T09:15:05.789586" elapsed="0.000364"/>
</kw>
<status status="PASS" start="2024-05-03T09:15:05.754204" elapsed="0.035997"/>
</kw>
<kw name="Teste de Tipos de Dados - Postcode" owner="random-user-service">
<kw name="GET On Session" owner="RequestsLibrary">
<msg time="2024-05-03T09:15:05.882856" level="INFO">GET Request : url=https://randomuser.me/api 
 path_url=/api 
 headers={'User-Agent': 'python-requests/2.31.0', 'Accept-Encoding': 'gzip, deflate', 'Accept': '*/*', 'Connection': 'keep-alive'} 
 body=None 
 </msg>
<msg time="2024-05-03T09:15:05.882946" level="INFO">GET Response : url=https://randomuser.me/api 
 status=200, reason=OK 
 headers={'Date': 'Fri, 03 May 2024 09:15:05 GMT', 'Content-Type': 'application/json; charset=utf-8', 'Transfer-Encoding': 'chunked', 'Connection': 'keep-alive', 'X-Powered-By': 'Express', 'Access-Control-Allow-Origin': '*', 'Cache-Control': 'no-cache', 'ETag': 'W/"487-6aIo3IufsUBwBJt80plAIrybcoY"', 'Vary': 'Accept-Encoding', 'Content-Encoding': 'gzip', 'CF-Cache-Status': 'DYNAMIC', 'Report-To': '{"endpoints":[{"url":"https:\\/\\/a.nel.cloudflare.com\\/report\\/v4?s=eKWAmK1cfbn11x83u0SV0sVQRp4rTyGX1sprmCGifmEN3RUI5rE95gRwMFGpIytpe0ndYth4dkc%2BNwKssPuSvh4tVFwJ%2BMLByqBdIRmTsCTF7V3ghsNW4FcxoOwWqG7A"}],"group":"cf-nel","max_age":604800}', 'NEL': '{"success_fraction":0,"report_to":"cf-nel","max_age":604800}', 'Server': 'cloudflare', 'CF-RAY': '87df25013afb821b-IAD', 'alt-svc': 'h3=":443"; ma=86400'} 
 body={"results":[{"gender":"male","name":{"title":"Mr","first":"Danilo","last":"Zdravković"},"location":{"street":{"number":4928,"name":"Milana Puzića "},"city":"Blace","state":"Nišava","country":"Serbia","postcode":67063,"coordinates":{"latitude":"57.8006","longitude":"-151.3199"},"timezone":{"offset":"-1:00","description":"Azores, Cape Verde Islands"}},"email":"danilo.zdravkovic@example.com","login":{"uuid":"2f67826a-b989-4e2a-9174-48e24c571ded","username":"lazyfish328","password":"anthony7","salt":"RKHL5kQf","md5":"15708b3cab944db6c0a2d8dd5c6742f3","sha1":"deca49e54c3f04abda9682686561af3d481b1a3e","sha256":"6e6ab33a1a52ea2c584eddfb785f41c48149b78db6e469b5bad193e7a31682ec"},"dob":{"date":"1973-08-21T22:09:33.218Z","age":50},"registered":{"date":"2019-12-09T15:56:31.214Z","age":4},"phone":"017-3418-889","cell":"068-9153-919","id":{"name":"SID","value":"701650622"},"picture":{"large":"https://randomuser.me/api/portraits/men/13.jpg","medium":"https://randomuser.me/api/portraits/med/men/13.jpg","thumbnail":"https://randomuser.me/api/portraits/thumb/men/13.jpg"},"nat":"RS"}],"info":{"seed":"9f7c4640ab7b90e6","results":1,"page":1,"version":"1.4"}} 
 </msg>
<msg time="2024-05-03T09:15:05.883022" level="INFO">/opt/hostedtoolcache/Python/3.12.3/x64/lib/python3.12/site-packages/urllib3/connectionpool.py:1103: InsecureRequestWarning: Unverified HTTPS request is being made to host 'randomuser.me'. Adding certificate verification is strongly advised. See: https://urllib3.readthedocs.io/en/latest/advanced-usage.html#tls-warnings
  warnings.warn(</msg>
<msg time="2024-05-03T09:15:05.883143" level="INFO">${response} = &lt;Response [200]&gt;</msg>
<var>${response}</var>
<arg>consultarAPI</arg>
<arg>/api</arg>
<doc>Sends a GET request on a previously created HTTP Session.</doc>
<status status="PASS" start="2024-05-03T09:15:05.790627" elapsed="0.092558"/>
</kw>
<kw name="Set Variable" owner="BuiltIn">
<msg time="2024-05-03T09:15:05.884026" level="INFO">${json_data} = {'results': [{'gender': 'male', 'name': {'title': 'Mr', 'first': 'Danilo', 'last': 'Zdravković'}, 'location': {'street': {'number': 4928, 'name': 'Milana Puzića '}, 'city': 'Blace', 'state': 'Nišava',...</msg>
<var>${json_data}</var>
<arg>${response.json()}</arg>
<doc>Returns the given values which can then be assigned to a variables.</doc>
<status status="PASS" start="2024-05-03T09:15:05.883564" elapsed="0.000491"/>
</kw>
<kw name="Log" owner="BuiltIn">
<msg time="2024-05-03T09:15:05.884512" level="INFO">{'results': [{'gender': 'male', 'name': {'title': 'Mr', 'first': 'Danilo', 'last': 'Zdravković'}, 'location': {'street': {'number': 4928, 'name': 'Milana Puzića '}, 'city': 'Blace', 'state': 'Nišava', 'country': 'Serbia', 'postcode': 67063, 'coordinates': {'latitude': '57.8006', 'longitude': '-151.3199'}, 'timezone': {'offset': '-1:00', 'description': 'Azores, Cape Verde Islands'}}, 'email': 'danilo.zdravkovic@example.com', 'login': {'uuid': '2f67826a-b989-4e2a-9174-48e24c571ded', 'username': 'lazyfish328', 'password': 'anthony7', 'salt': 'RKHL5kQf', 'md5': '15708b3cab944db6c0a2d8dd5c6742f3', 'sha1': 'deca49e54c3f04abda9682686561af3d481b1a3e', 'sha256': '6e6ab33a1a52ea2c584eddfb785f41c48149b78db6e469b5bad193e7a31682ec'}, 'dob': {'date': '1973-08-21T22:09:33.218Z', 'age': 50}, 'registered': {'date': '2019-12-09T15:56:31.214Z', 'age': 4}, 'phone': '017-3418-889', 'cell': '068-9153-919', 'id': {'name': 'SID', 'value': '701650622'}, 'picture': {'large': 'https://randomuser.me/api/portraits/men/13.jpg', 'medium': 'https://randomuser.me/api/portraits/med/men/13.jpg', 'thumbnail': 'https://randomuser.me/api/portraits/thumb/men/13.jpg'}, 'nat': 'RS'}], 'info': {'seed': '9f7c4640ab7b90e6', 'results': 1, 'page': 1, 'version': '1.4'}}</msg>
<arg>${json_data}</arg>
<doc>Logs the given message with the given level.</doc>
<status status="PASS" start="2024-05-03T09:15:05.884358" elapsed="0.000233"/>
</kw>
<kw name="Should Be Equal As Numbers" owner="BuiltIn">
<arg>${json_data['results'][0]['location']['postcode']}</arg>
<arg>${json_data['results'][0]['location']['postcode']}</arg>
<doc>Fails if objects are unequal after converting them to real numbers.</doc>
<status status="PASS" start="2024-05-03T09:15:05.885020" elapsed="0.000620"/>
</kw>
<kw name="Log" owner="BuiltIn">
<msg time="2024-05-03T09:15:05.886168" level="INFO">67063</msg>
<arg>${json_data['results'][0]['location']['postcode']}</arg>
<doc>Logs the given message with the given level.</doc>
<status status="PASS" start="2024-05-03T09:15:05.885829" elapsed="0.000379"/>
</kw>
<status status="PASS" start="2024-05-03T09:15:05.790410" elapsed="0.096048"/>
</kw>
<doc>Testa se os tipos de dados na resposta da API estão corretos.</doc>
<tag>testeTiposDados</tag>
<status status="PASS" start="2024-05-03T09:15:05.753787" elapsed="0.132829"/>
</test>
<test id="s1-s1-t5" name="Validar conteudo" line="35">
<kw name="Teste de Tipos de Conteudo" owner="random-user-service">
<kw name="GET On Session" owner="RequestsLibrary">
<msg time="2024-05-03T09:15:05.991171" level="INFO">GET Request : url=https://randomuser.me/api 
 path_url=/api 
 headers={'User-Agent': 'python-requests/2.31.0', 'Accept-Encoding': 'gzip, deflate', 'Accept': '*/*', 'Connection': 'keep-alive'} 
 body=None 
 </msg>
<msg time="2024-05-03T09:15:05.991257" level="INFO">GET Response : url=https://randomuser.me/api 
 status=200, reason=OK 
 headers={'Date': 'Fri, 03 May 2024 09:15:05 GMT', 'Content-Type': 'application/json; charset=utf-8', 'Transfer-Encoding': 'chunked', 'Connection': 'keep-alive', 'X-Powered-By': 'Express', 'Access-Control-Allow-Origin': '*', 'Cache-Control': 'no-cache', 'ETag': 'W/"4b4-qfZP3fYPtmW6w4Ap9JnntiowWZA"', 'Vary': 'Accept-Encoding', 'Content-Encoding': 'gzip', 'CF-Cache-Status': 'DYNAMIC', 'Report-To': '{"endpoints":[{"url":"https:\\/\\/a.nel.cloudflare.com\\/report\\/v4?s=5%2FK07L8z4f6RUqH3e7VSgOPHSeME8GQRZl0RfL7%2F989LnL1EwgE0ic1gQg19ND84qzmJsZTv%2Fu8znDbM1cHhwce%2BdL40t5PmfX3n9cJKLp60EAvBdINRIhBusRcuFl0S"}],"group":"cf-nel","max_age":604800}', 'NEL': '{"success_fraction":0,"report_to":"cf-nel","max_age":604800}', 'Server': 'cloudflare', 'CF-RAY': '87df2501db6c821b-IAD', 'alt-svc': 'h3=":443"; ma=86400'} 
 body={"results":[{"gender":"female","name":{"title":"Miss","first":"مهرسا","last":"نجاتی"},"location":{"street":{"number":5425,"name":"شهید بهشتی"},"city":"بوشهر","state":"سیستان و بلوچستان","country":"Iran","postcode":68913,"coordinates":{"latitude":"17.8628","longitude":"121.6700"},"timezone":{"offset":"+10:00","description":"Eastern Australia, Guam, Vladivostok"}},"email":"mhrs.njty@example.com","login":{"uuid":"bb2f8647-a464-4c3c-ab3f-4039b534f85f","username":"yellowelephant137","password":"chicken1","salt":"rzsVoV6S","md5":"f1c055b43a22e95833a5077990a40212","sha1":"47b613a5423462fc7d4757f0cd542ebb71bf5ebb","sha256":"70fb57340960113362b7e8d7f7fc9e4f60a2e05df8e42c3cba44bd530294eaaa"},"dob":{"date":"1956-10-28T14:54:07.305Z","age":67},"registered":{"date":"2013-09-11T08:33:31.390Z","age":10},"phone":"032-29539706","cell":"0965-145-3678","id":{"name":"","value":null},"picture":{"large":"https://randomuser.me/api/portraits/women/67.jpg","medium":"https://randomuser.me/api/portraits/med/women/67.jpg","thumbnail":"https://randomuser.me/api/portraits/thumb/women/67.jpg"},"nat":"IR"}],"info":{"seed":"2c55c0e9585916db","results":1,"page":1,"version":"1.4"}} 
 </msg>
<msg time="2024-05-03T09:15:05.991364" level="INFO">/opt/hostedtoolcache/Python/3.12.3/x64/lib/python3.12/site-packages/urllib3/connectionpool.py:1103: InsecureRequestWarning: Unverified HTTPS request is being made to host 'randomuser.me'. Adding certificate verification is strongly advised. See: https://urllib3.readthedocs.io/en/latest/advanced-usage.html#tls-warnings
  warnings.warn(</msg>
<msg time="2024-05-03T09:15:05.991467" level="INFO">${response} = &lt;Response [200]&gt;</msg>
<var>${response}</var>
<arg>consultarAPI</arg>
<arg>/api</arg>
<doc>Sends a GET request on a previously created HTTP Session.</doc>
<status status="PASS" start="2024-05-03T09:15:05.889028" elapsed="0.102482"/>
</kw>
<kw name="Set Variable" owner="BuiltIn">
<msg time="2024-05-03T09:15:05.992324" level="INFO">${json_data} = {'results': [{'gender': 'female', 'name': {'title': 'Miss', 'first': 'مهرسا', 'last': 'نجاتی'}, 'location': {'street': {'number': 5425, 'name': 'شهید بهشتی'}, 'city': 'بوشهر', 'state': 'سیستان و بلوچس...</msg>
<var>${json_data}</var>
<arg>${response.json()}</arg>
<doc>Returns the given values which can then be assigned to a variables.</doc>
<status status="PASS" start="2024-05-03T09:15:05.991878" elapsed="0.000476"/>
</kw>
<kw name="Set Variable" owner="BuiltIn">
<msg time="2024-05-03T09:15:05.993038" level="INFO">${name_title} = Miss</msg>
<var>${name_title}</var>
<arg>${json_data["results"][0]["name"]["title"]}</arg>
<doc>Returns the given values which can then be assigned to a variables.</doc>
<status status="PASS" start="2024-05-03T09:15:05.992657" elapsed="0.000406"/>
</kw>
<kw name="Create List" owner="BuiltIn">
<msg time="2024-05-03T09:15:05.993502" level="INFO">${allowed_titles} = ['Mr', 'Ms', 'Miss', 'Mrs', 'Madame', 'Monsieur']</msg>
<var>${allowed_titles}</var>
<arg>Mr</arg>
<arg>Ms</arg>
<arg>Miss</arg>
<arg>Mrs</arg>
<arg>Madame</arg>
<arg>Monsieur</arg>
<doc>Returns a list containing given items.</doc>
<status status="PASS" start="2024-05-03T09:15:05.993356" elapsed="0.000169"/>
</kw>
<kw name="List Should Contain Value" owner="Collections">
<msg time="2024-05-03T09:15:05.993986" level="INFO">False</msg>
<arg>${allowed_titles}</arg>
<arg>${name_title}</arg>
<doc>Fails if the ``value`` is not found from ``list``.</doc>
<status status="PASS" start="2024-05-03T09:15:05.993818" elapsed="0.000204"/>
</kw>
<kw name="Set Variable" owner="BuiltIn">
<msg time="2024-05-03T09:15:05.994689" level="INFO">${name_country} = IR</msg>
<var>${name_country}</var>
<arg>${json_data["results"][0]["nat"]}</arg>
<doc>Returns the given values which can then be assigned to a variables.</doc>
<status status="PASS" start="2024-05-03T09:15:05.994309" elapsed="0.000405"/>
</kw>
<kw name="Create List" owner="BuiltIn">
<msg time="2024-05-03T09:15:05.995628" level="INFO">${list_country} = ['AD', 'AE', 'AF', 'AG', 'AI', 'AL', 'AM', 'AO', 'AQ', 'AR', 'AS', 'AT', 'AU', 'AW', 'AX', 'AZ', 'BA', 'BB', 'BD', 'BE', 'BF', 'BG', 'BH', 'BI', 'BJ', 'BL', 'BM', 'BN', 'BO', 'BQ', 'BR', 'BS', 'BT', '...</msg>
<var>${list_country}</var>
<arg>AD</arg>
<arg>AE</arg>
<arg>AF</arg>
<arg>AG</arg>
<arg>AI</arg>
<arg>AL</arg>
<arg>AM</arg>
<arg>AO</arg>
<arg>AQ</arg>
<arg>AR</arg>
<arg>AS</arg>
<arg>AT</arg>
<arg>AU</arg>
<arg>AW</arg>
<arg>AX</arg>
<arg>AZ</arg>
<arg>BA</arg>
<arg>BB</arg>
<arg>BD</arg>
<arg>BE</arg>
<arg>BF</arg>
<arg>BG</arg>
<arg>BH</arg>
<arg>BI</arg>
<arg>BJ</arg>
<arg>BL</arg>
<arg>BM</arg>
<arg>BN</arg>
<arg>BO</arg>
<arg>BQ</arg>
<arg>BR</arg>
<arg>BS</arg>
<arg>BT</arg>
<arg>BV</arg>
<arg>BW</arg>
<arg>BY</arg>
<arg>BZ</arg>
<arg>CA</arg>
<arg>CC</arg>
<arg>CD</arg>
<arg>CF</arg>
<arg>CG</arg>
<arg>CH</arg>
<arg>CI</arg>
<arg>CK</arg>
<arg>CL</arg>
<arg>CM</arg>
<arg>CN</arg>
<arg>CO</arg>
<arg>CR</arg>
<arg>CU</arg>
<arg>CV</arg>
<arg>CW</arg>
<arg>CX</arg>
<arg>CY</arg>
<arg>CZ</arg>
<arg>DE</arg>
<arg>DJ</arg>
<arg>DK</arg>
<arg>DM</arg>
<arg>DO</arg>
<arg>DZ</arg>
<arg>EC</arg>
<arg>EE</arg>
<arg>EG</arg>
<arg>EH</arg>
<arg>ER</arg>
<arg>ES</arg>
<arg>ET</arg>
<arg>FI</arg>
<arg>FJ</arg>
<arg>FK</arg>
<arg>FM</arg>
<arg>FO</arg>
<arg>FR</arg>
<arg>GA</arg>
<arg>GB</arg>
<arg>GD</arg>
<arg>GE</arg>
<arg>GF</arg>
<arg>GG</arg>
<arg>GH</arg>
<arg>GI</arg>
<arg>GL</arg>
<arg>GM</arg>
<arg>GN</arg>
<arg>GP</arg>
<arg>GQ</arg>
<arg>GR</arg>
<arg>GS</arg>
<arg>GT</arg>
<arg>GU</arg>
<arg>GW</arg>
<arg>GY</arg>
<arg>HK</arg>
<arg>HM</arg>
<arg>HN</arg>
<arg>HR</arg>
<arg>HT</arg>
<arg>HU</arg>
<arg>ID</arg>
<arg>IE</arg>
<arg>IL</arg>
<arg>IM</arg>
<arg>IN</arg>
<arg>IO</arg>
<arg>IQ</arg>
<arg>IR</arg>
<arg>IS</arg>
<arg>IT</arg>
<arg>JE</arg>
<arg>JM</arg>
<arg>JO</arg>
<arg>JP</arg>
<arg>KE</arg>
<arg>KG</arg>
<arg>KH</arg>
<arg>KI</arg>
<arg>KM</arg>
<arg>KN</arg>
<arg>KP</arg>
<arg>KR</arg>
<arg>KW</arg>
<arg>KY</arg>
<arg>KZ</arg>
<arg>LA</arg>
<arg>LB</arg>
<arg>LC</arg>
<arg>LI</arg>
<arg>LK</arg>
<arg>LR</arg>
<arg>LS</arg>
<arg>LT</arg>
<arg>LU</arg>
<arg>LV</arg>
<arg>LY</arg>
<arg>MA</arg>
<arg>MC</arg>
<arg>MD</arg>
<arg>ME</arg>
<arg>MF</arg>
<arg>MG</arg>
<arg>MH</arg>
<arg>MK</arg>
<arg>ML</arg>
<arg>MM</arg>
<arg>MN</arg>
<arg>MO</arg>
<arg>MP</arg>
<arg>MQ</arg>
<arg>MR</arg>
<arg>MS</arg>
<arg>MT</arg>
<arg>MU</arg>
<arg>MV</arg>
<arg>MW</arg>
<arg>MX</arg>
<arg>MY</arg>
<arg>MZ</arg>
<arg>NA</arg>
<arg>NC</arg>
<arg>NE</arg>
<arg>NF</arg>
<arg>NG</arg>
<arg>NI</arg>
<arg>NL</arg>
<arg>NO</arg>
<arg>NP</arg>
<arg>NR</arg>
<arg>NU</arg>
<arg>NZ</arg>
<arg>OM</arg>
<arg>PA</arg>
<arg>PE</arg>
<arg>PF</arg>
<arg>PG</arg>
<arg>PH</arg>
<arg>PK</arg>
<arg>PL</arg>
<arg>PM</arg>
<arg>PN</arg>
<arg>PR</arg>
<arg>PS</arg>
<arg>PT</arg>
<arg>PW</arg>
<arg>PY</arg>
<arg>QA</arg>
<arg>RE</arg>
<arg>RO</arg>
<arg>RS</arg>
<arg>RU</arg>
<arg>RW</arg>
<arg>SA</arg>
<arg>SB</arg>
<arg>SC</arg>
<arg>SD</arg>
<arg>SE</arg>
<arg>SG</arg>
<arg>SH</arg>
<arg>SI</arg>
<arg>SJ</arg>
<arg>SK</arg>
<arg>SL</arg>
<arg>SM</arg>
<arg>SN</arg>
<arg>SO</arg>
<arg>SR</arg>
<arg>SS</arg>
<arg>ST</arg>
<arg>SV</arg>
<arg>SX</arg>
<arg>SY</arg>
<arg>SZ</arg>
<arg>TC</arg>
<arg>TD</arg>
<arg>TF</arg>
<arg>TG</arg>
<arg>TH</arg>
<arg>TJ</arg>
<arg>TK</arg>
<arg>TL</arg>
<arg>TM</arg>
<arg>TN</arg>
<arg>TO</arg>
<arg>TR</arg>
<arg>TT</arg>
<arg>TV</arg>
<arg>TW</arg>
<arg>TZ</arg>
<arg>UA</arg>
<arg>UG</arg>
<arg>UM</arg>
<arg>US</arg>
<arg>UY</arg>
<arg>UZ</arg>
<arg>VA</arg>
<arg>VC</arg>
<arg>VE</arg>
<arg>VG</arg>
<arg>VI</arg>
<arg>VN</arg>
<arg>VU</arg>
<arg>WF</arg>
<arg>WS</arg>
<arg>XK</arg>
<arg>YE</arg>
<arg>YT</arg>
<arg>ZA</arg>
<arg>ZM</arg>
<arg>ZW</arg>
<doc>Returns a list containing given items.</doc>
<status status="PASS" start="2024-05-03T09:15:05.995012" elapsed="0.000643"/>
</kw>
<kw name="List Should Contain Value" owner="Collections">
<msg time="2024-05-03T09:15:05.996654" level="INFO">False</msg>
<arg>${list_country}</arg>
<arg>${name_country}</arg>
<doc>Fails if the ``value`` is not found from ``list``.</doc>
<status status="PASS" start="2024-05-03T09:15:05.996455" elapsed="0.000235"/>
</kw>
<kw name="Run Keyword If" owner="BuiltIn">
<kw name="Should Be True" owner="BuiltIn">
<arg>${True}</arg>
<doc>Fails if the given condition is not true.</doc>
<status status="PASS" start="2024-05-03T09:15:05.997742" elapsed="0.000238"/>
</kw>
<arg>${json_data["results"][0]["location"]["coordinates"]["latitude"]} &gt;= -90 and ${json_data["results"][0]["location"]["coordinates"]["latitude"]} &lt;= 90</arg>
<arg>Should Be True</arg>
<arg>${True}</arg>
<doc>Runs the given keyword with the given arguments, if ``condition`` is true.</doc>
<status status="PASS" start="2024-05-03T09:15:05.996999" elapsed="0.001112"/>
</kw>
<kw name="Run Keyword If" owner="BuiltIn">
<kw name="Should Be True" owner="BuiltIn">
<arg>${True}</arg>
<doc>Fails if the given condition is not true.</doc>
<status status="PASS" start="2024-05-03T09:15:05.999004" elapsed="0.000137"/>
</kw>
<arg>${json_data["results"][0]["location"]["coordinates"]["longitude"]} &gt;= -180 and ${json_data["results"][0]["location"]["coordinates"]["longitude"]} &lt;= 180</arg>
<arg>Should Be True</arg>
<arg>${True}</arg>
<doc>Runs the given keyword with the given arguments, if ``condition`` is true.</doc>
<status status="PASS" start="2024-05-03T09:15:05.998296" elapsed="0.000988"/>
</kw>
<status status="PASS" start="2024-05-03T09:15:05.888810" elapsed="0.110614"/>
</kw>
<doc>Testa o conteúdo específico dos campos retornados pela API.</doc>
<tag>testeConteudo</tag>
<status status="PASS" start="2024-05-03T09:15:05.888392" elapsed="0.111173"/>
</test>
<status status="PASS" start="2024-05-03T09:15:04.308368" elapsed="1.693070"/>
</suite>
<status status="PASS" start="2024-05-03T09:15:04.294834" elapsed="1.711628"/>
</suite>
<statistics>
<total>
<stat pass="5" fail="0" skip="0">All Tests</stat>
</total>
<tag>
<stat pass="1" fail="0" skip="0">testeConteudo</stat>
<stat pass="1" fail="0" skip="0">testeEstruturaResposta</stat>
<stat pass="1" fail="0" skip="0">testeRequisicaoBasica</stat>
<stat pass="1" fail="0" skip="0">testeTiposDados</stat>
</tag>
<suite>
<stat pass="5" fail="0" skip="0" id="s1" name="Tests">Tests</stat>
<stat pass="5" fail="0" skip="0" id="s1-s1" name="Random-User-Test">Tests.Random-User-Test</stat>
</suite>
</statistics>
<errors>
</errors>
</robot>
