<?xml version="1.0" encoding="UTF-8"?>
<robot generator="Robot 7.0.1 (Python 3.12.4 on linux)" generated="2024-07-10T03:17:49.026834" rpa="false" schemaversion="5">
<suite id="s1" name="Tests" source="/home/runner/work/ApiRandomUser/ApiRandomUser/RamdonUser/tests">
<suite id="s1-s1" name="Random-User-Test" source="/home/runner/work/ApiRandomUser/ApiRandomUser/RamdonUser/tests/random-user-test.robot">
<test id="s1-s1-t1" name="Conectar" line="13">
<kw name="Conectar API" owner="random-user-service">
<kw name="Create Session" owner="RequestsLibrary">
<msg time="2024-07-10T03:17:49.481080" level="INFO">Creating Session using : alias=consultarAPI, url=https://randomuser.me/, headers={},                     cookies={}, auth=None, timeout=None, proxies=None, verify=False,                     debug=0 </msg>
<arg>consultarAPI</arg>
<arg>${URL}</arg>
<doc>Create Session: create a HTTP session to a server</doc>
<status status="PASS" start="2024-07-10T03:17:49.480876" elapsed="0.000395"/>
</kw>
<status status="PASS" start="2024-07-10T03:17:49.479883" elapsed="0.001748"/>
</kw>
<status status="PASS" start="2024-07-10T03:17:49.479320" elapsed="0.002503"/>
</test>
<test id="s1-s1-t2" name="Validar retorno 200 e JSON Válido" line="16">
<kw name="Teste de Requisicao Basica" owner="random-user-service">
<kw name="GET On Session" owner="RequestsLibrary">
<msg time="2024-07-10T03:17:49.607373" level="INFO">GET Request : url=https://randomuser.me/api 
 path_url=/api 
 headers={'User-Agent': 'python-requests/2.32.3', 'Accept-Encoding': 'gzip, deflate', 'Accept': '*/*', 'Connection': 'keep-alive'} 
 body=None 
 </msg>
<msg time="2024-07-10T03:17:49.607524" level="INFO">GET Response : url=https://randomuser.me/api 
 status=200, reason=OK 
 headers={'Date': 'Wed, 10 Jul 2024 03:17:49 GMT', 'Content-Type': 'application/json; charset=utf-8', 'Transfer-Encoding': 'chunked', 'Connection': 'keep-alive', 'X-Powered-By': 'Express', 'Access-Control-Allow-Origin': '*', 'Cache-Control': 'no-cache', 'ETag': 'W/"4ab-yCDVbfaVe1xtxkJAsizQHKw8+D8"', 'Vary': 'Accept-Encoding', 'Content-Encoding': 'gzip', 'CF-Cache-Status': 'DYNAMIC', 'Report-To': '{"endpoints":[{"url":"https:\\/\\/a.nel.cloudflare.com\\/report\\/v4?s=MIFYtfk0d6oPE3JLVcdum0iT%2BjygjUjA3cgFewRtmSl%2F7aZiNF%2FEdXOodF7jHBaxzGfo9FFmkS4iGZTmw2YOr96dvQropYLwzSqxTqCZ%2F1K7SBwgZYsC4b8H4iF7Bal9"}],"group":"cf-nel","max_age":604800}', 'NEL': '{"success_fraction":0,"report_to":"cf-nel","max_age":604800}', 'Server': 'cloudflare', 'CF-RAY': '8a0d67287fc27abb-SJC', 'alt-svc': 'h3=":443"; ma=86400'} 
 body={"results":[{"gender":"female","name":{"title":"Miss","first":"Alyssa","last":"Frazier"},"location":{"street":{"number":2283,"name":"Hamilton Ave"},"city":"Kansas City","state":"Virginia","country":"United States","postcode":81857,"coordinates":{"latitude":"84.3322","longitude":"52.6681"},"timezone":{"offset":"-6:00","description":"Central Time (US &amp; Canada), Mexico City"}},"email":"alyssa.frazier@example.com","login":{"uuid":"0403357e-c107-44f7-838f-1a4e99dd7186","username":"whitebutterfly679","password":"lesbens","salt":"edCq0EXm","md5":"2f2b95a1de55e8a685c6dcf1e22cc748","sha1":"3bab729640d3773cca74740f86fea16c4e34bc7b","sha256":"dc6fe9edda06c7ee883afbeca9b59c54fdbec4eec4265f787f2f8a802864c9ea"},"dob":{"date":"1959-11-24T17:01:31.325Z","age":64},"registered":{"date":"2020-02-08T06:32:53.071Z","age":4},"phone":"(688) 515-3903","cell":"(922) 440-3846","id":{"name":"SSN","value":"056-09-0743"},"picture":{"large":"https://randomuser.me/api/portraits/women/56.jpg","medium":"https://randomuser.me/api/portraits/med/women/56.jpg","thumbnail":"https://randomuser.me/api/portraits/thumb/women/56.jpg"},"nat":"US"}],"info":{"seed":"36763372c263dd70","results":1,"page":1,"version":"1.4"}} 
 </msg>
<msg time="2024-07-10T03:17:49.607613" level="INFO">/opt/hostedtoolcache/Python/3.12.4/x64/lib/python3.12/site-packages/urllib3/connectionpool.py:1099: InsecureRequestWarning: Unverified HTTPS request is being made to host 'randomuser.me'. Adding certificate verification is strongly advised. See: https://urllib3.readthedocs.io/en/latest/advanced-usage.html#tls-warnings
  warnings.warn(</msg>
<msg time="2024-07-10T03:17:49.607778" level="INFO">${response} = &lt;Response [200]&gt;</msg>
<var>${response}</var>
<arg>consultarAPI</arg>
<arg>/api</arg>
<doc>Sends a GET request on a previously created HTTP Session.</doc>
<status status="PASS" start="2024-07-10T03:17:49.484410" elapsed="0.123410"/>
</kw>
<kw name="Should Be Equal As Numbers" owner="BuiltIn">
<msg time="2024-07-10T03:17:49.608810" level="INFO">Argument types are:
&lt;class 'int'&gt;
&lt;class 'str'&gt;</msg>
<arg>${response.status_code}</arg>
<arg>200</arg>
<doc>Fails if objects are unequal after converting them to real numbers.</doc>
<status status="PASS" start="2024-07-10T03:17:49.608348" elapsed="0.000527"/>
</kw>
<kw name="Log" owner="BuiltIn">
<msg time="2024-07-10T03:17:49.609544" level="INFO">200</msg>
<arg>${response.status_code}</arg>
<doc>Logs the given message with the given level.</doc>
<status status="PASS" start="2024-07-10T03:17:49.609193" elapsed="0.000394"/>
</kw>
<kw name="Set Variable" owner="BuiltIn">
<msg time="2024-07-10T03:17:49.610376" level="INFO">${json_data} = {'results': [{'gender': 'female', 'name': {'title': 'Miss', 'first': 'Alyssa', 'last': 'Frazier'}, 'location': {'street': {'number': 2283, 'name': 'Hamilton Ave'}, 'city': 'Kansas City', 'state': 'Vir...</msg>
<var>${json_data}</var>
<arg>${response.json()}</arg>
<doc>Returns the given values which can then be assigned to a variables.</doc>
<status status="PASS" start="2024-07-10T03:17:49.609934" elapsed="0.000471"/>
</kw>
<kw name="Dictionary Should Contain Key" owner="Collections">
<arg>${json_data}</arg>
<arg>results</arg>
<doc>Fails if ``key`` is not found from ``dictionary``.</doc>
<status status="PASS" start="2024-07-10T03:17:49.610701" elapsed="0.000164"/>
</kw>
<status status="PASS" start="2024-07-10T03:17:49.484165" elapsed="0.126850"/>
</kw>
<doc>Testa se a API responde corretamente e retorna um objeto JSON válido.</doc>
<tag>testeRequisicaoBasica</tag>
<status status="PASS" start="2024-07-10T03:17:49.483721" elapsed="0.127475"/>
</test>
<test id="s1-s1-t3" name="Validar estrutura de resposta" line="22">
<kw name="Teste de Estrutura de Resposta" owner="random-user-service">
<kw name="GET On Session" owner="RequestsLibrary">
<msg time="2024-07-10T03:17:49.703751" level="INFO">GET Request : url=https://randomuser.me/api 
 path_url=/api 
 headers={'User-Agent': 'python-requests/2.32.3', 'Accept-Encoding': 'gzip, deflate', 'Accept': '*/*', 'Connection': 'keep-alive'} 
 body=None 
 </msg>
<msg time="2024-07-10T03:17:49.703863" level="INFO">GET Response : url=https://randomuser.me/api 
 status=200, reason=OK 
 headers={'Date': 'Wed, 10 Jul 2024 03:17:49 GMT', 'Content-Type': 'application/json; charset=utf-8', 'Transfer-Encoding': 'chunked', 'Connection': 'keep-alive', 'X-Powered-By': 'Express', 'Access-Control-Allow-Origin': '*', 'Cache-Control': 'no-cache', 'ETag': 'W/"499-ZH0K9KjVmkjMOc5YEl08XaTNAS0"', 'Vary': 'Accept-Encoding', 'Content-Encoding': 'gzip', 'CF-Cache-Status': 'DYNAMIC', 'Report-To': '{"endpoints":[{"url":"https:\\/\\/a.nel.cloudflare.com\\/report\\/v4?s=h%2BIrVSaRC2nqAgI5qnZxV6cJJdYousANhZjWFEQ5uZO6x3GiBW5gOMOVtjv2p0TbUWLpVnpRxxMenXAMNmtcPTUaOWdnIkUVxwqVOgEIvvMNqU4nroLpoS0UylafeY7Y"}],"group":"cf-nel","max_age":604800}', 'NEL': '{"success_fraction":0,"report_to":"cf-nel","max_age":604800}', 'Server': 'cloudflare', 'CF-RAY': '8a0d6729183c7abb-SJC', 'alt-svc': 'h3=":443"; ma=86400'} 
 body={"results":[{"gender":"male","name":{"title":"Mr","first":"Kenneth","last":"Campbell"},"location":{"street":{"number":4726,"name":"Valley View Ln"},"city":"Cape Coral","state":"Florida","country":"United States","postcode":73374,"coordinates":{"latitude":"87.6164","longitude":"-62.3120"},"timezone":{"offset":"-3:00","description":"Brazil, Buenos Aires, Georgetown"}},"email":"kenneth.campbell@example.com","login":{"uuid":"9157d22b-86bb-4197-8d91-78535f90542d","username":"orangecat520","password":"speed","salt":"HySTfKCd","md5":"ae5255061d52c017d114b551292c0c22","sha1":"2e1ef2e6e934b104a6918f5caa9fe7201d8b938b","sha256":"34cd8ffce80fa0dbeed5f44fa6f938915de23b16128f09e11df49d8de1a47881"},"dob":{"date":"1974-09-06T05:42:24.099Z","age":49},"registered":{"date":"2009-04-03T16:01:11.119Z","age":15},"phone":"(496) 232-1843","cell":"(257) 446-0694","id":{"name":"SSN","value":"448-86-1000"},"picture":{"large":"https://randomuser.me/api/portraits/men/22.jpg","medium":"https://randomuser.me/api/portraits/med/men/22.jpg","thumbnail":"https://randomuser.me/api/portraits/thumb/men/22.jpg"},"nat":"US"}],"info":{"seed":"79e75387a81c83d8","results":1,"page":1,"version":"1.4"}} 
 </msg>
<msg time="2024-07-10T03:17:49.704009" level="INFO">/opt/hostedtoolcache/Python/3.12.4/x64/lib/python3.12/site-packages/urllib3/connectionpool.py:1099: InsecureRequestWarning: Unverified HTTPS request is being made to host 'randomuser.me'. Adding certificate verification is strongly advised. See: https://urllib3.readthedocs.io/en/latest/advanced-usage.html#tls-warnings
  warnings.warn(</msg>
<msg time="2024-07-10T03:17:49.704172" level="INFO">${response} = &lt;Response [200]&gt;</msg>
<var>${response}</var>
<arg>consultarAPI</arg>
<arg>/api</arg>
<doc>Sends a GET request on a previously created HTTP Session.</doc>
<status status="PASS" start="2024-07-10T03:17:49.613785" elapsed="0.090433"/>
</kw>
<kw name="Set Variable" owner="BuiltIn">
<msg time="2024-07-10T03:17:49.705205" level="INFO">${json_data} = {'results': [{'gender': 'male', 'name': {'title': 'Mr', 'first': 'Kenneth', 'last': 'Campbell'}, 'location': {'street': {'number': 4726, 'name': 'Valley View Ln'}, 'city': 'Cape Coral', 'state': 'Flor...</msg>
<var>${json_data}</var>
<arg>${response.json()}</arg>
<doc>Returns the given values which can then be assigned to a variables.</doc>
<status status="PASS" start="2024-07-10T03:17:49.704700" elapsed="0.000534"/>
</kw>
<kw name="Log" owner="BuiltIn">
<msg time="2024-07-10T03:17:49.705705" level="INFO">{'results': [{'gender': 'male', 'name': {'title': 'Mr', 'first': 'Kenneth', 'last': 'Campbell'}, 'location': {'street': {'number': 4726, 'name': 'Valley View Ln'}, 'city': 'Cape Coral', 'state': 'Florida', 'country': 'United States', 'postcode': 73374, 'coordinates': {'latitude': '87.6164', 'longitude': '-62.3120'}, 'timezone': {'offset': '-3:00', 'description': 'Brazil, Buenos Aires, Georgetown'}}, 'email': 'kenneth.campbell@example.com', 'login': {'uuid': '9157d22b-86bb-4197-8d91-78535f90542d', 'username': 'orangecat520', 'password': 'speed', 'salt': 'HySTfKCd', 'md5': 'ae5255061d52c017d114b551292c0c22', 'sha1': '2e1ef2e6e934b104a6918f5caa9fe7201d8b938b', 'sha256': '34cd8ffce80fa0dbeed5f44fa6f938915de23b16128f09e11df49d8de1a47881'}, 'dob': {'date': '1974-09-06T05:42:24.099Z', 'age': 49}, 'registered': {'date': '2009-04-03T16:01:11.119Z', 'age': 15}, 'phone': '(496) 232-1843', 'cell': '(257) 446-0694', 'id': {'name': 'SSN', 'value': '448-86-1000'}, 'picture': {'large': 'https://randomuser.me/api/portraits/men/22.jpg', 'medium': 'https://randomuser.me/api/portraits/med/men/22.jpg', 'thumbnail': 'https://randomuser.me/api/portraits/thumb/men/22.jpg'}, 'nat': 'US'}], 'info': {'seed': '79e75387a81c83d8', 'results': 1, 'page': 1, 'version': '1.4'}}</msg>
<arg>${json_data}</arg>
<doc>Logs the given message with the given level.</doc>
<status status="PASS" start="2024-07-10T03:17:49.705546" elapsed="0.000209"/>
</kw>
<kw name="Dictionary Should Contain Key" owner="Collections">
<arg>${json_data}</arg>
<arg>results</arg>
<doc>Fails if ``key`` is not found from ``dictionary``.</doc>
<status status="PASS" start="2024-07-10T03:17:49.706088" elapsed="0.000157"/>
</kw>
<kw name="Should Not Be Empty" owner="BuiltIn">
<msg time="2024-07-10T03:17:49.706567" level="INFO">Length is 2.</msg>
<arg>${json_data}</arg>
<doc>Verifies that the given item is not empty.</doc>
<status status="PASS" start="2024-07-10T03:17:49.706433" elapsed="0.000174"/>
</kw>
<kw name="Create List" owner="BuiltIn">
<msg time="2024-07-10T03:17:49.707206" level="INFO">${expected_keys} = ['gender', 'name', 'location', 'email', 'login']</msg>
<var>${expected_keys}</var>
<arg>gender</arg>
<arg>name</arg>
<arg>location</arg>
<arg>email</arg>
<arg>login</arg>
<doc>Returns a list containing given items.</doc>
<status status="PASS" start="2024-07-10T03:17:49.706897" elapsed="0.000335"/>
</kw>
<for flavor="IN">
<iter>
<kw name="Dictionary Should Contain Key" owner="Collections">
<arg>${json_data['results'][0]}</arg>
<arg>${key}</arg>
<doc>Fails if ``key`` is not found from ``dictionary``.</doc>
<status status="PASS" start="2024-07-10T03:17:49.707832" elapsed="0.000409"/>
</kw>
<kw name="Log" owner="BuiltIn">
<msg time="2024-07-10T03:17:49.708835" level="INFO">{'gender': 'male', 'name': {'title': 'Mr', 'first': 'Kenneth', 'last': 'Campbell'}, 'location': {'street': {'number': 4726, 'name': 'Valley View Ln'}, 'city': 'Cape Coral', 'state': 'Florida', 'country': 'United States', 'postcode': 73374, 'coordinates': {'latitude': '87.6164', 'longitude': '-62.3120'}, 'timezone': {'offset': '-3:00', 'description': 'Brazil, Buenos Aires, Georgetown'}}, 'email': 'kenneth.campbell@example.com', 'login': {'uuid': '9157d22b-86bb-4197-8d91-78535f90542d', 'username': 'orangecat520', 'password': 'speed', 'salt': 'HySTfKCd', 'md5': 'ae5255061d52c017d114b551292c0c22', 'sha1': '2e1ef2e6e934b104a6918f5caa9fe7201d8b938b', 'sha256': '34cd8ffce80fa0dbeed5f44fa6f938915de23b16128f09e11df49d8de1a47881'}, 'dob': {'date': '1974-09-06T05:42:24.099Z', 'age': 49}, 'registered': {'date': '2009-04-03T16:01:11.119Z', 'age': 15}, 'phone': '(496) 232-1843', 'cell': '(257) 446-0694', 'id': {'name': 'SSN', 'value': '448-86-1000'}, 'picture': {'large': 'https://randomuser.me/api/portraits/men/22.jpg', 'medium': 'https://randomuser.me/api/portraits/med/men/22.jpg', 'thumbnail': 'https://randomuser.me/api/portraits/thumb/men/22.jpg'}, 'nat': 'US'}</msg>
<arg>${json_data['results'][0]}</arg>
<doc>Logs the given message with the given level.</doc>
<status status="PASS" start="2024-07-10T03:17:49.708432" elapsed="0.000462"/>
</kw>
<kw name="Log" owner="BuiltIn">
<msg time="2024-07-10T03:17:49.709327" level="INFO">gender</msg>
<arg>${key}</arg>
<doc>Logs the given message with the given level.</doc>
<status status="PASS" start="2024-07-10T03:17:49.709196" elapsed="0.000170"/>
</kw>
<var name="${key}">gender</var>
<status status="PASS" start="2024-07-10T03:17:49.707707" elapsed="0.001877"/>
</iter>
<iter>
<kw name="Dictionary Should Contain Key" owner="Collections">
<arg>${json_data['results'][0]}</arg>
<arg>${key}</arg>
<doc>Fails if ``key`` is not found from ``dictionary``.</doc>
<status status="PASS" start="2024-07-10T03:17:49.709910" elapsed="0.000395"/>
</kw>
<kw name="Log" owner="BuiltIn">
<msg time="2024-07-10T03:17:49.710836" level="INFO">{'gender': 'male', 'name': {'title': 'Mr', 'first': 'Kenneth', 'last': 'Campbell'}, 'location': {'street': {'number': 4726, 'name': 'Valley View Ln'}, 'city': 'Cape Coral', 'state': 'Florida', 'country': 'United States', 'postcode': 73374, 'coordinates': {'latitude': '87.6164', 'longitude': '-62.3120'}, 'timezone': {'offset': '-3:00', 'description': 'Brazil, Buenos Aires, Georgetown'}}, 'email': 'kenneth.campbell@example.com', 'login': {'uuid': '9157d22b-86bb-4197-8d91-78535f90542d', 'username': 'orangecat520', 'password': 'speed', 'salt': 'HySTfKCd', 'md5': 'ae5255061d52c017d114b551292c0c22', 'sha1': '2e1ef2e6e934b104a6918f5caa9fe7201d8b938b', 'sha256': '34cd8ffce80fa0dbeed5f44fa6f938915de23b16128f09e11df49d8de1a47881'}, 'dob': {'date': '1974-09-06T05:42:24.099Z', 'age': 49}, 'registered': {'date': '2009-04-03T16:01:11.119Z', 'age': 15}, 'phone': '(496) 232-1843', 'cell': '(257) 446-0694', 'id': {'name': 'SSN', 'value': '448-86-1000'}, 'picture': {'large': 'https://randomuser.me/api/portraits/men/22.jpg', 'medium': 'https://randomuser.me/api/portraits/med/men/22.jpg', 'thumbnail': 'https://randomuser.me/api/portraits/thumb/men/22.jpg'}, 'nat': 'US'}</msg>
<arg>${json_data['results'][0]}</arg>
<doc>Logs the given message with the given level.</doc>
<status status="PASS" start="2024-07-10T03:17:49.710488" elapsed="0.000432"/>
</kw>
<kw name="Log" owner="BuiltIn">
<msg time="2024-07-10T03:17:49.711353" level="INFO">name</msg>
<arg>${key}</arg>
<doc>Logs the given message with the given level.</doc>
<status status="PASS" start="2024-07-10T03:17:49.711225" elapsed="0.000167"/>
</kw>
<var name="${key}">name</var>
<status status="PASS" start="2024-07-10T03:17:49.709772" elapsed="0.001845"/>
</iter>
<iter>
<kw name="Dictionary Should Contain Key" owner="Collections">
<arg>${json_data['results'][0]}</arg>
<arg>${key}</arg>
<doc>Fails if ``key`` is not found from ``dictionary``.</doc>
<status status="PASS" start="2024-07-10T03:17:49.711909" elapsed="0.000380"/>
</kw>
<kw name="Log" owner="BuiltIn">
<msg time="2024-07-10T03:17:49.712825" level="INFO">{'gender': 'male', 'name': {'title': 'Mr', 'first': 'Kenneth', 'last': 'Campbell'}, 'location': {'street': {'number': 4726, 'name': 'Valley View Ln'}, 'city': 'Cape Coral', 'state': 'Florida', 'country': 'United States', 'postcode': 73374, 'coordinates': {'latitude': '87.6164', 'longitude': '-62.3120'}, 'timezone': {'offset': '-3:00', 'description': 'Brazil, Buenos Aires, Georgetown'}}, 'email': 'kenneth.campbell@example.com', 'login': {'uuid': '9157d22b-86bb-4197-8d91-78535f90542d', 'username': 'orangecat520', 'password': 'speed', 'salt': 'HySTfKCd', 'md5': 'ae5255061d52c017d114b551292c0c22', 'sha1': '2e1ef2e6e934b104a6918f5caa9fe7201d8b938b', 'sha256': '34cd8ffce80fa0dbeed5f44fa6f938915de23b16128f09e11df49d8de1a47881'}, 'dob': {'date': '1974-09-06T05:42:24.099Z', 'age': 49}, 'registered': {'date': '2009-04-03T16:01:11.119Z', 'age': 15}, 'phone': '(496) 232-1843', 'cell': '(257) 446-0694', 'id': {'name': 'SSN', 'value': '448-86-1000'}, 'picture': {'large': 'https://randomuser.me/api/portraits/men/22.jpg', 'medium': 'https://randomuser.me/api/portraits/med/men/22.jpg', 'thumbnail': 'https://randomuser.me/api/portraits/thumb/men/22.jpg'}, 'nat': 'US'}</msg>
<arg>${json_data['results'][0]}</arg>
<doc>Logs the given message with the given level.</doc>
<status status="PASS" start="2024-07-10T03:17:49.712475" elapsed="0.000398"/>
</kw>
<kw name="Log" owner="BuiltIn">
<msg time="2024-07-10T03:17:49.713303" level="INFO">location</msg>
<arg>${key}</arg>
<doc>Logs the given message with the given level.</doc>
<status status="PASS" start="2024-07-10T03:17:49.713175" elapsed="0.000167"/>
</kw>
<var name="${key}">location</var>
<status status="PASS" start="2024-07-10T03:17:49.711798" elapsed="0.001761"/>
</iter>
<iter>
<kw name="Dictionary Should Contain Key" owner="Collections">
<arg>${json_data['results'][0]}</arg>
<arg>${key}</arg>
<doc>Fails if ``key`` is not found from ``dictionary``.</doc>
<status status="PASS" start="2024-07-10T03:17:49.713862" elapsed="0.000404"/>
</kw>
<kw name="Log" owner="BuiltIn">
<msg time="2024-07-10T03:17:49.714819" level="INFO">{'gender': 'male', 'name': {'title': 'Mr', 'first': 'Kenneth', 'last': 'Campbell'}, 'location': {'street': {'number': 4726, 'name': 'Valley View Ln'}, 'city': 'Cape Coral', 'state': 'Florida', 'country': 'United States', 'postcode': 73374, 'coordinates': {'latitude': '87.6164', 'longitude': '-62.3120'}, 'timezone': {'offset': '-3:00', 'description': 'Brazil, Buenos Aires, Georgetown'}}, 'email': 'kenneth.campbell@example.com', 'login': {'uuid': '9157d22b-86bb-4197-8d91-78535f90542d', 'username': 'orangecat520', 'password': 'speed', 'salt': 'HySTfKCd', 'md5': 'ae5255061d52c017d114b551292c0c22', 'sha1': '2e1ef2e6e934b104a6918f5caa9fe7201d8b938b', 'sha256': '34cd8ffce80fa0dbeed5f44fa6f938915de23b16128f09e11df49d8de1a47881'}, 'dob': {'date': '1974-09-06T05:42:24.099Z', 'age': 49}, 'registered': {'date': '2009-04-03T16:01:11.119Z', 'age': 15}, 'phone': '(496) 232-1843', 'cell': '(257) 446-0694', 'id': {'name': 'SSN', 'value': '448-86-1000'}, 'picture': {'large': 'https://randomuser.me/api/portraits/men/22.jpg', 'medium': 'https://randomuser.me/api/portraits/med/men/22.jpg', 'thumbnail': 'https://randomuser.me/api/portraits/thumb/men/22.jpg'}, 'nat': 'US'}</msg>
<arg>${json_data['results'][0]}</arg>
<doc>Logs the given message with the given level.</doc>
<status status="PASS" start="2024-07-10T03:17:49.714461" elapsed="0.000407"/>
</kw>
<kw name="Log" owner="BuiltIn">
<msg time="2024-07-10T03:17:49.715305" level="INFO">email</msg>
<arg>${key}</arg>
<doc>Logs the given message with the given level.</doc>
<status status="PASS" start="2024-07-10T03:17:49.715164" elapsed="0.000179"/>
</kw>
<var name="${key}">email</var>
<status status="PASS" start="2024-07-10T03:17:49.713730" elapsed="0.001826"/>
</iter>
<iter>
<kw name="Dictionary Should Contain Key" owner="Collections">
<arg>${json_data['results'][0]}</arg>
<arg>${key}</arg>
<doc>Fails if ``key`` is not found from ``dictionary``.</doc>
<status status="PASS" start="2024-07-10T03:17:49.715841" elapsed="0.000383"/>
</kw>
<kw name="Log" owner="BuiltIn">
<msg time="2024-07-10T03:17:49.716751" level="INFO">{'gender': 'male', 'name': {'title': 'Mr', 'first': 'Kenneth', 'last': 'Campbell'}, 'location': {'street': {'number': 4726, 'name': 'Valley View Ln'}, 'city': 'Cape Coral', 'state': 'Florida', 'country': 'United States', 'postcode': 73374, 'coordinates': {'latitude': '87.6164', 'longitude': '-62.3120'}, 'timezone': {'offset': '-3:00', 'description': 'Brazil, Buenos Aires, Georgetown'}}, 'email': 'kenneth.campbell@example.com', 'login': {'uuid': '9157d22b-86bb-4197-8d91-78535f90542d', 'username': 'orangecat520', 'password': 'speed', 'salt': 'HySTfKCd', 'md5': 'ae5255061d52c017d114b551292c0c22', 'sha1': '2e1ef2e6e934b104a6918f5caa9fe7201d8b938b', 'sha256': '34cd8ffce80fa0dbeed5f44fa6f938915de23b16128f09e11df49d8de1a47881'}, 'dob': {'date': '1974-09-06T05:42:24.099Z', 'age': 49}, 'registered': {'date': '2009-04-03T16:01:11.119Z', 'age': 15}, 'phone': '(496) 232-1843', 'cell': '(257) 446-0694', 'id': {'name': 'SSN', 'value': '448-86-1000'}, 'picture': {'large': 'https://randomuser.me/api/portraits/men/22.jpg', 'medium': 'https://randomuser.me/api/portraits/med/men/22.jpg', 'thumbnail': 'https://randomuser.me/api/portraits/thumb/men/22.jpg'}, 'nat': 'US'}</msg>
<arg>${json_data['results'][0]}</arg>
<doc>Logs the given message with the given level.</doc>
<status status="PASS" start="2024-07-10T03:17:49.716407" elapsed="0.000393"/>
</kw>
<kw name="Log" owner="BuiltIn">
<msg time="2024-07-10T03:17:49.717219" level="INFO">login</msg>
<arg>${key}</arg>
<doc>Logs the given message with the given level.</doc>
<status status="PASS" start="2024-07-10T03:17:49.717093" elapsed="0.000163"/>
</kw>
<var name="${key}">login</var>
<status status="PASS" start="2024-07-10T03:17:49.715728" elapsed="0.001740"/>
</iter>
<var>${key}</var>
<value>@{expected_keys}</value>
<status status="PASS" start="2024-07-10T03:17:49.707502" elapsed="0.010089"/>
</for>
<kw name="Create List" owner="BuiltIn">
<msg time="2024-07-10T03:17:49.717983" level="INFO">${expected_keysTwo} = ['username', 'password']</msg>
<var>${expected_keysTwo}</var>
<arg>username</arg>
<arg>password</arg>
<doc>Returns a list containing given items.</doc>
<status status="PASS" start="2024-07-10T03:17:49.717785" elapsed="0.000224"/>
</kw>
<for flavor="IN">
<iter>
<kw name="Dictionary Should Contain Key" owner="Collections">
<arg>${json_data['results'][0]['login']}</arg>
<arg>${keyTwo}</arg>
<doc>Fails if ``key`` is not found from ``dictionary``.</doc>
<status status="PASS" start="2024-07-10T03:17:49.718521" elapsed="0.000389"/>
</kw>
<kw name="Dictionary Should Contain Key" owner="Collections">
<arg>${json_data['results'][0]['login']}</arg>
<arg>${keyTwo}</arg>
<doc>Fails if ``key`` is not found from ``dictionary``.</doc>
<status status="PASS" start="2024-07-10T03:17:49.719090" elapsed="0.000367"/>
</kw>
<kw name="Log" owner="BuiltIn">
<msg time="2024-07-10T03:17:49.719756" level="INFO">username</msg>
<arg>${keyTwo}</arg>
<doc>Logs the given message with the given level.</doc>
<status status="PASS" start="2024-07-10T03:17:49.719637" elapsed="0.000157"/>
</kw>
<var name="${keyTwo}">username</var>
<status status="PASS" start="2024-07-10T03:17:49.718412" elapsed="0.001602"/>
</iter>
<iter>
<kw name="Dictionary Should Contain Key" owner="Collections">
<arg>${json_data['results'][0]['login']}</arg>
<arg>${keyTwo}</arg>
<doc>Fails if ``key`` is not found from ``dictionary``.</doc>
<status status="PASS" start="2024-07-10T03:17:49.720291" elapsed="0.000388"/>
</kw>
<kw name="Dictionary Should Contain Key" owner="Collections">
<arg>${json_data['results'][0]['login']}</arg>
<arg>${keyTwo}</arg>
<doc>Fails if ``key`` is not found from ``dictionary``.</doc>
<status status="PASS" start="2024-07-10T03:17:49.720856" elapsed="0.000364"/>
</kw>
<kw name="Log" owner="BuiltIn">
<msg time="2024-07-10T03:17:49.721520" level="INFO">password</msg>
<arg>${keyTwo}</arg>
<doc>Logs the given message with the given level.</doc>
<status status="PASS" start="2024-07-10T03:17:49.721396" elapsed="0.000166"/>
</kw>
<var name="${keyTwo}">password</var>
<status status="PASS" start="2024-07-10T03:17:49.720185" elapsed="0.001714"/>
</iter>
<var>${keyTwo}</var>
<value>@{expected_keysTwo}</value>
<status status="PASS" start="2024-07-10T03:17:49.718255" elapsed="0.003774"/>
</for>
<status status="PASS" start="2024-07-10T03:17:49.613551" elapsed="0.108617"/>
</kw>
<doc>Testa a estrutura da resposta da API.</doc>
<tag>testeEstruturaResposta</tag>
<status status="PASS" start="2024-07-10T03:17:49.613035" elapsed="0.109288"/>
</test>
<test id="s1-s1-t4" name="Validar tipos de dados" line="28">
<kw name="Teste de Tipos de Dados" owner="random-user-service">
<kw name="GET On Session" owner="RequestsLibrary">
<msg time="2024-07-10T03:17:49.809951" level="INFO">GET Request : url=https://randomuser.me/api 
 path_url=/api 
 headers={'User-Agent': 'python-requests/2.32.3', 'Accept-Encoding': 'gzip, deflate', 'Accept': '*/*', 'Connection': 'keep-alive'} 
 body=None 
 </msg>
<msg time="2024-07-10T03:17:49.810064" level="INFO">GET Response : url=https://randomuser.me/api 
 status=200, reason=OK 
 headers={'Date': 'Wed, 10 Jul 2024 03:17:49 GMT', 'Content-Type': 'application/json; charset=utf-8', 'Transfer-Encoding': 'chunked', 'Connection': 'keep-alive', 'X-Powered-By': 'Express', 'Access-Control-Allow-Origin': '*', 'Cache-Control': 'no-cache', 'ETag': 'W/"46f-6ZkMfOEZqaFJDU2JPABTFg7m6js"', 'Vary': 'Accept-Encoding', 'Content-Encoding': 'gzip', 'CF-Cache-Status': 'DYNAMIC', 'Report-To': '{"endpoints":[{"url":"https:\\/\\/a.nel.cloudflare.com\\/report\\/v4?s=FFIfndQngcdbn1wE0D6GQ%2FNmDMyDxKD1%2Bpy%2F79Qk%2BjQzFAcqzdJAG6J%2FkAcIALI19v08ZEVim8kc8SiJfn2EyOnTiu%2FjrivfszD2gte3a%2BSNW7kdzjeBANQaq0H%2Fql2K"}],"group":"cf-nel","max_age":604800}', 'NEL': '{"success_fraction":0,"report_to":"cf-nel","max_age":604800}', 'Server': 'cloudflare', 'CF-RAY': '8a0d6729c8be7abb-SJC', 'alt-svc': 'h3=":443"; ma=86400'} 
 body={"results":[{"gender":"female","name":{"title":"Mrs","first":"Eli","last":"Rydland"},"location":{"street":{"number":2027,"name":"Kringkollen"},"city":"Kirkebygda","state":"Trøndelag","country":"Norway","postcode":"1341","coordinates":{"latitude":"43.4802","longitude":"12.5319"},"timezone":{"offset":"-10:00","description":"Hawaii"}},"email":"eli.rydland@example.com","login":{"uuid":"3b81375e-8783-4def-92d2-a8f486780dad","username":"blackostrich590","password":"sliver","salt":"CIn1671l","md5":"85056f6618710a1663858ba2612a8a82","sha1":"c4075f8028dde53eea0d90c2353fef581695f99a","sha256":"c58724ab7ef0af238e090e0ff323b1e7b7b41373befa40d5118923dee1e31d7e"},"dob":{"date":"1998-09-26T12:15:46.126Z","age":25},"registered":{"date":"2007-12-25T05:50:27.004Z","age":16},"phone":"54508680","cell":"41428235","id":{"name":"FN","value":"26099803044"},"picture":{"large":"https://randomuser.me/api/portraits/women/53.jpg","medium":"https://randomuser.me/api/portraits/med/women/53.jpg","thumbnail":"https://randomuser.me/api/portraits/thumb/women/53.jpg"},"nat":"NO"}],"info":{"seed":"2e676ad43ce93176","results":1,"page":1,"version":"1.4"}} 
 </msg>
<msg time="2024-07-10T03:17:49.810154" level="INFO">/opt/hostedtoolcache/Python/3.12.4/x64/lib/python3.12/site-packages/urllib3/connectionpool.py:1099: InsecureRequestWarning: Unverified HTTPS request is being made to host 'randomuser.me'. Adding certificate verification is strongly advised. See: https://urllib3.readthedocs.io/en/latest/advanced-usage.html#tls-warnings
  warnings.warn(</msg>
<msg time="2024-07-10T03:17:49.810319" level="INFO">${response} = &lt;Response [200]&gt;</msg>
<var>${response}</var>
<arg>consultarAPI</arg>
<arg>/api</arg>
<doc>Sends a GET request on a previously created HTTP Session.</doc>
<status status="PASS" start="2024-07-10T03:17:49.724782" elapsed="0.085583"/>
</kw>
<kw name="Set Variable" owner="BuiltIn">
<msg time="2024-07-10T03:17:49.811427" level="INFO">${json_data} = {'results': [{'gender': 'female', 'name': {'title': 'Mrs', 'first': 'Eli', 'last': 'Rydland'}, 'location': {'street': {'number': 2027, 'name': 'Kringkollen'}, 'city': 'Kirkebygda', 'state': 'Trøndelag...</msg>
<var>${json_data}</var>
<arg>${response.json()}</arg>
<doc>Returns the given values which can then be assigned to a variables.</doc>
<status status="PASS" start="2024-07-10T03:17:49.810880" elapsed="0.000579"/>
</kw>
<kw name="Log" owner="BuiltIn">
<msg time="2024-07-10T03:17:49.811950" level="INFO">{'results': [{'gender': 'female', 'name': {'title': 'Mrs', 'first': 'Eli', 'last': 'Rydland'}, 'location': {'street': {'number': 2027, 'name': 'Kringkollen'}, 'city': 'Kirkebygda', 'state': 'Trøndelag', 'country': 'Norway', 'postcode': '1341', 'coordinates': {'latitude': '43.4802', 'longitude': '12.5319'}, 'timezone': {'offset': '-10:00', 'description': 'Hawaii'}}, 'email': 'eli.rydland@example.com', 'login': {'uuid': '3b81375e-8783-4def-92d2-a8f486780dad', 'username': 'blackostrich590', 'password': 'sliver', 'salt': 'CIn1671l', 'md5': '85056f6618710a1663858ba2612a8a82', 'sha1': 'c4075f8028dde53eea0d90c2353fef581695f99a', 'sha256': 'c58724ab7ef0af238e090e0ff323b1e7b7b41373befa40d5118923dee1e31d7e'}, 'dob': {'date': '1998-09-26T12:15:46.126Z', 'age': 25}, 'registered': {'date': '2007-12-25T05:50:27.004Z', 'age': 16}, 'phone': '54508680', 'cell': '41428235', 'id': {'name': 'FN', 'value': '26099803044'}, 'picture': {'large': 'https://randomuser.me/api/portraits/women/53.jpg', 'medium': 'https://randomuser.me/api/portraits/med/women/53.jpg', 'thumbnail': 'https://randomuser.me/api/portraits/thumb/women/53.jpg'}, 'nat': 'NO'}], 'info': {'seed': '2e676ad43ce93176', 'results': 1, 'page': 1, 'version': '1.4'}}</msg>
<arg>${json_data}</arg>
<doc>Logs the given message with the given level.</doc>
<status status="PASS" start="2024-07-10T03:17:49.811786" elapsed="0.000217"/>
</kw>
<kw name="Should Be String" owner="String">
<arg>${json_data['results'][0]['gender']}</arg>
<doc>Fails if the given ``item`` is not a string.</doc>
<status status="PASS" start="2024-07-10T03:17:49.812304" elapsed="0.000373"/>
</kw>
<kw name="Should Match Regexp" owner="BuiltIn">
<arg>${json_data['results'][0]['email']}</arg>
<arg>^[a-zA-Z0-9._%+-]+@[a-zA-Z0-9.-]+\.[a-zA-Z]{2,}$</arg>
<doc>Fails if ``string`` does not match ``pattern`` as a regular expression.</doc>
<status status="PASS" start="2024-07-10T03:17:49.812873" elapsed="0.000524"/>
</kw>
<kw name="Should Match Regexp" owner="BuiltIn">
<arg>${json_data['results'][0]['dob']['date']}</arg>
<arg>\\d{4}-\\d{2}-\\d{2}T\\d{2}:\\d{2}:\\d{2}\\.\\d{3}Z</arg>
<doc>Fails if ``string`` does not match ``pattern`` as a regular expression.</doc>
<status status="PASS" start="2024-07-10T03:17:49.813640" elapsed="0.000551"/>
</kw>
<kw name="Should Match Regexp" owner="BuiltIn">
<arg>${json_data['results'][0]['registered']['date']}</arg>
<arg>\\d{4}-\\d{2}-\\d{2}T\\d{2}:\\d{2}:\\d{2}\\.\\d{3}Z</arg>
<doc>Fails if ``string`` does not match ``pattern`` as a regular expression.</doc>
<status status="PASS" start="2024-07-10T03:17:49.814387" elapsed="0.000370"/>
</kw>
<kw name="Should Match Regexp" owner="BuiltIn">
<arg>${json_data['results'][0]['picture']['large']}</arg>
<arg>^https?://.*\.(?:png|jpe?g|gif|bmp)$</arg>
<doc>Fails if ``string`` does not match ``pattern`` as a regular expression.</doc>
<status status="PASS" start="2024-07-10T03:17:49.814945" elapsed="0.000459"/>
</kw>
<kw name="Should Match Regexp" owner="BuiltIn">
<arg>${json_data['results'][0]['picture']['medium']}</arg>
<arg>^https?://.*\.(?:png|jpe?g|gif|bmp)$</arg>
<doc>Fails if ``string`` does not match ``pattern`` as a regular expression.</doc>
<status status="PASS" start="2024-07-10T03:17:49.815593" elapsed="0.000349"/>
</kw>
<kw name="Should Match Regexp" owner="BuiltIn">
<arg>${json_data['results'][0]['picture']['thumbnail']}</arg>
<arg>^https?://.*\.(?:png|jpe?g|gif|bmp)$</arg>
<doc>Fails if ``string`` does not match ``pattern`` as a regular expression.</doc>
<status status="PASS" start="2024-07-10T03:17:49.816127" elapsed="0.000347"/>
</kw>
<kw name="Log" owner="BuiltIn">
<msg time="2024-07-10T03:17:49.816989" level="INFO">{'large': 'https://randomuser.me/api/portraits/women/53.jpg', 'medium': 'https://randomuser.me/api/portraits/med/women/53.jpg', 'thumbnail': 'https://randomuser.me/api/portraits/thumb/women/53.jpg'}</msg>
<arg>${json_data['results'][0]['picture']}</arg>
<doc>Logs the given message with the given level.</doc>
<status status="PASS" start="2024-07-10T03:17:49.816661" elapsed="0.000371"/>
</kw>
<status status="PASS" start="2024-07-10T03:17:49.724556" elapsed="0.092737"/>
</kw>
<kw name="Teste de Tipos de Dados - Postcode" owner="random-user-service">
<kw name="GET On Session" owner="RequestsLibrary">
<msg time="2024-07-10T03:17:49.912505" level="INFO">GET Request : url=https://randomuser.me/api 
 path_url=/api 
 headers={'User-Agent': 'python-requests/2.32.3', 'Accept-Encoding': 'gzip, deflate', 'Accept': '*/*', 'Connection': 'keep-alive'} 
 body=None 
 </msg>
<msg time="2024-07-10T03:17:49.912602" level="INFO">GET Response : url=https://randomuser.me/api 
 status=200, reason=OK 
 headers={'Date': 'Wed, 10 Jul 2024 03:17:49 GMT', 'Content-Type': 'application/json; charset=utf-8', 'Transfer-Encoding': 'chunked', 'Connection': 'keep-alive', 'X-Powered-By': 'Express', 'Access-Control-Allow-Origin': '*', 'Cache-Control': 'no-cache', 'ETag': 'W/"48f-qhC8PJGxHhvKPnGlxXu1q8kXZ1Y"', 'Vary': 'Accept-Encoding', 'Content-Encoding': 'gzip', 'CF-Cache-Status': 'DYNAMIC', 'Report-To': '{"endpoints":[{"url":"https:\\/\\/a.nel.cloudflare.com\\/report\\/v4?s=6kD9s4NplCemrR64qeP8AZgaYHr%2BZjbgDKjIGRow4flMn245tFCetrxWnISQrGZcDohRgB7SN3We6Z6nuWWrImN%2BI1d3wcEpV7fXENDf0yGlB8oCnqPo2aEbkM6dW5yH"}],"group":"cf-nel","max_age":604800}', 'NEL': '{"success_fraction":0,"report_to":"cf-nel","max_age":604800}', 'Server': 'cloudflare', 'CF-RAY': '8a0d672a59457abb-SJC', 'alt-svc': 'h3=":443"; ma=86400'} 
 body={"results":[{"gender":"male","name":{"title":"Mr","first":"Leonard","last":"Douglas"},"location":{"street":{"number":5044,"name":"Cherry St"},"city":"Geraldton","state":"Tasmania","country":"Australia","postcode":4546,"coordinates":{"latitude":"-87.2465","longitude":"-69.3538"},"timezone":{"offset":"-3:00","description":"Brazil, Buenos Aires, Georgetown"}},"email":"leonard.douglas@example.com","login":{"uuid":"935816b3-0582-491c-ba1c-6acf9db1a15d","username":"beautifulpeacock476","password":"patrol","salt":"cuHiKfXQ","md5":"090a078bad8ad3bc8b76a5c9501c9ec6","sha1":"55f4dc5c6fb3245fc0ac874c83fee88286128844","sha256":"678ccfe9d1e5fa8d649f82a5194f6e24b464d85a467961096ad59d1c348530e0"},"dob":{"date":"1981-07-16T19:17:00.483Z","age":42},"registered":{"date":"2017-05-18T16:30:41.432Z","age":7},"phone":"06-8706-0383","cell":"0473-292-914","id":{"name":"TFN","value":"879722377"},"picture":{"large":"https://randomuser.me/api/portraits/men/99.jpg","medium":"https://randomuser.me/api/portraits/med/men/99.jpg","thumbnail":"https://randomuser.me/api/portraits/thumb/men/99.jpg"},"nat":"AU"}],"info":{"seed":"5d445e38a3c26b57","results":1,"page":1,"version":"1.4"}} 
 </msg>
<msg time="2024-07-10T03:17:49.912673" level="INFO">/opt/hostedtoolcache/Python/3.12.4/x64/lib/python3.12/site-packages/urllib3/connectionpool.py:1099: InsecureRequestWarning: Unverified HTTPS request is being made to host 'randomuser.me'. Adding certificate verification is strongly advised. See: https://urllib3.readthedocs.io/en/latest/advanced-usage.html#tls-warnings
  warnings.warn(</msg>
<msg time="2024-07-10T03:17:49.912816" level="INFO">${response} = &lt;Response [200]&gt;</msg>
<var>${response}</var>
<arg>consultarAPI</arg>
<arg>/api</arg>
<doc>Sends a GET request on a previously created HTTP Session.</doc>
<status status="PASS" start="2024-07-10T03:17:49.817758" elapsed="0.095102"/>
</kw>
<kw name="Set Variable" owner="BuiltIn">
<msg time="2024-07-10T03:17:49.913935" level="INFO">${json_data} = {'results': [{'gender': 'male', 'name': {'title': 'Mr', 'first': 'Leonard', 'last': 'Douglas'}, 'location': {'street': {'number': 5044, 'name': 'Cherry St'}, 'city': 'Geraldton', 'state': 'Tasmania', ...</msg>
<var>${json_data}</var>
<arg>${response.json()}</arg>
<doc>Returns the given values which can then be assigned to a variables.</doc>
<status status="PASS" start="2024-07-10T03:17:49.913383" elapsed="0.000588"/>
</kw>
<kw name="Log" owner="BuiltIn">
<msg time="2024-07-10T03:17:49.914443" level="INFO">{'results': [{'gender': 'male', 'name': {'title': 'Mr', 'first': 'Leonard', 'last': 'Douglas'}, 'location': {'street': {'number': 5044, 'name': 'Cherry St'}, 'city': 'Geraldton', 'state': 'Tasmania', 'country': 'Australia', 'postcode': 4546, 'coordinates': {'latitude': '-87.2465', 'longitude': '-69.3538'}, 'timezone': {'offset': '-3:00', 'description': 'Brazil, Buenos Aires, Georgetown'}}, 'email': 'leonard.douglas@example.com', 'login': {'uuid': '935816b3-0582-491c-ba1c-6acf9db1a15d', 'username': 'beautifulpeacock476', 'password': 'patrol', 'salt': 'cuHiKfXQ', 'md5': '090a078bad8ad3bc8b76a5c9501c9ec6', 'sha1': '55f4dc5c6fb3245fc0ac874c83fee88286128844', 'sha256': '678ccfe9d1e5fa8d649f82a5194f6e24b464d85a467961096ad59d1c348530e0'}, 'dob': {'date': '1981-07-16T19:17:00.483Z', 'age': 42}, 'registered': {'date': '2017-05-18T16:30:41.432Z', 'age': 7}, 'phone': '06-8706-0383', 'cell': '0473-292-914', 'id': {'name': 'TFN', 'value': '879722377'}, 'picture': {'large': 'https://randomuser.me/api/portraits/men/99.jpg', 'medium': 'https://randomuser.me/api/portraits/med/men/99.jpg', 'thumbnail': 'https://randomuser.me/api/portraits/thumb/men/99.jpg'}, 'nat': 'AU'}], 'info': {'seed': '5d445e38a3c26b57', 'results': 1, 'page': 1, 'version': '1.4'}}</msg>
<arg>${json_data}</arg>
<doc>Logs the given message with the given level.</doc>
<status status="PASS" start="2024-07-10T03:17:49.914288" elapsed="0.000203"/>
</kw>
<kw name="Should Be Equal As Numbers" owner="BuiltIn">
<arg>${json_data['results'][0]['location']['postcode']}</arg>
<arg>${json_data['results'][0]['location']['postcode']}</arg>
<doc>Fails if objects are unequal after converting them to real numbers.</doc>
<status status="PASS" start="2024-07-10T03:17:49.914792" elapsed="0.000621"/>
</kw>
<kw name="Log" owner="BuiltIn">
<msg time="2024-07-10T03:17:49.916122" level="INFO">4546</msg>
<arg>${json_data['results'][0]['location']['postcode']}</arg>
<doc>Logs the given message with the given level.</doc>
<status status="PASS" start="2024-07-10T03:17:49.915603" elapsed="0.000561"/>
</kw>
<status status="PASS" start="2024-07-10T03:17:49.817526" elapsed="0.098932"/>
</kw>
<doc>Testa se os tipos de dados na resposta da API estão corretos.</doc>
<tag>testeTiposDados</tag>
<status status="PASS" start="2024-07-10T03:17:49.724092" elapsed="0.192537"/>
</test>
<test id="s1-s1-t5" name="Validar conteudo" line="35">
<kw name="Teste de Tipos de Conteudo" owner="random-user-service">
<kw name="GET On Session" owner="RequestsLibrary">
<msg time="2024-07-10T03:17:50.009746" level="INFO">GET Request : url=https://randomuser.me/api 
 path_url=/api 
 headers={'User-Agent': 'python-requests/2.32.3', 'Accept-Encoding': 'gzip, deflate', 'Accept': '*/*', 'Connection': 'keep-alive'} 
 body=None 
 </msg>
<msg time="2024-07-10T03:17:50.009875" level="INFO">GET Response : url=https://randomuser.me/api 
 status=200, reason=OK 
 headers={'Date': 'Wed, 10 Jul 2024 03:17:50 GMT', 'Content-Type': 'application/json; charset=utf-8', 'Transfer-Encoding': 'chunked', 'Connection': 'keep-alive', 'X-Powered-By': 'Express', 'Access-Control-Allow-Origin': '*', 'Cache-Control': 'no-cache', 'ETag': 'W/"4a2-e4/yl3+IkZD4RsxvBvWRIKR8kKg"', 'Vary': 'Accept-Encoding', 'Content-Encoding': 'gzip', 'CF-Cache-Status': 'DYNAMIC', 'Report-To': '{"endpoints":[{"url":"https:\\/\\/a.nel.cloudflare.com\\/report\\/v4?s=tSR76Zw1cgvKdNy9kMzvQwWX6SEBPRXnqghPSssfjewGZwpqESb4rB89ovU1wIhXVs5tuu6sifozE%2FRQS78hvFqTJQgkKG6zOj6vJS5LC1yx3KoqT2rYzZVA7%2BbggH28"}],"group":"cf-nel","max_age":604800}', 'NEL': '{"success_fraction":0,"report_to":"cf-nel","max_age":604800}', 'Server': 'cloudflare', 'CF-RAY': '8a0d672b09cc7abb-SJC', 'alt-svc': 'h3=":443"; ma=86400'} 
 body={"results":[{"gender":"female","name":{"title":"Mrs","first":"یسنا","last":"قاسمی"},"location":{"street":{"number":2509,"name":"پارک شریعتی"},"city":"ارومیه","state":"مازندران","country":"Iran","postcode":16781,"coordinates":{"latitude":"17.8104","longitude":"98.3685"},"timezone":{"offset":"-6:00","description":"Central Time (US &amp; Canada), Mexico City"}},"email":"ysn.qsmy@example.com","login":{"uuid":"f7834e1a-1ded-415b-8976-6e8ffc5a3551","username":"greengorilla901","password":"ihateyou","salt":"Z3ZewSYM","md5":"b5fbcaad58e6ed575e6f34b0d71709d5","sha1":"a03e2f3e39d25fb021986bfb7ec74828d651fb99","sha256":"31a70122d3eae34a9b9c8b68c025fc431e1bd88fd2b3a5302f328bda94197bd3"},"dob":{"date":"1973-02-02T09:07:41.818Z","age":51},"registered":{"date":"2022-01-06T03:30:19.725Z","age":2},"phone":"073-62330030","cell":"0973-168-8750","id":{"name":"","value":null},"picture":{"large":"https://randomuser.me/api/portraits/women/93.jpg","medium":"https://randomuser.me/api/portraits/med/women/93.jpg","thumbnail":"https://randomuser.me/api/portraits/thumb/women/93.jpg"},"nat":"IR"}],"info":{"seed":"a312e833ed466721","results":1,"page":1,"version":"1.4"}} 
 </msg>
<msg time="2024-07-10T03:17:50.009959" level="INFO">/opt/hostedtoolcache/Python/3.12.4/x64/lib/python3.12/site-packages/urllib3/connectionpool.py:1099: InsecureRequestWarning: Unverified HTTPS request is being made to host 'randomuser.me'. Adding certificate verification is strongly advised. See: https://urllib3.readthedocs.io/en/latest/advanced-usage.html#tls-warnings
  warnings.warn(</msg>
<msg time="2024-07-10T03:17:50.010098" level="INFO">${response} = &lt;Response [200]&gt;</msg>
<var>${response}</var>
<arg>consultarAPI</arg>
<arg>/api</arg>
<doc>Sends a GET request on a previously created HTTP Session.</doc>
<status status="PASS" start="2024-07-10T03:17:49.919130" elapsed="0.091010"/>
</kw>
<kw name="Set Variable" owner="BuiltIn">
<msg time="2024-07-10T03:17:50.011184" level="INFO">${json_data} = {'results': [{'gender': 'female', 'name': {'title': 'Mrs', 'first': 'یسنا', 'last': 'قاسمی'}, 'location': {'street': {'number': 2509, 'name': 'پارک شریعتی'}, 'city': 'ارومیه', 'state': 'مازندران', 'co...</msg>
<var>${json_data}</var>
<arg>${response.json()}</arg>
<doc>Returns the given values which can then be assigned to a variables.</doc>
<status status="PASS" start="2024-07-10T03:17:50.010655" elapsed="0.000560"/>
</kw>
<kw name="Set Variable" owner="BuiltIn">
<msg time="2024-07-10T03:17:50.011910" level="INFO">${name_title} = Mrs</msg>
<var>${name_title}</var>
<arg>${json_data["results"][0]["name"]["title"]}</arg>
<doc>Returns the given values which can then be assigned to a variables.</doc>
<status status="PASS" start="2024-07-10T03:17:50.011522" elapsed="0.000415"/>
</kw>
<kw name="Create List" owner="BuiltIn">
<msg time="2024-07-10T03:17:50.012384" level="INFO">${allowed_titles} = ['Mr', 'Ms', 'Miss', 'Mrs', 'Madame', 'Monsieur']</msg>
<var>${allowed_titles}</var>
<arg>Mr</arg>
<arg>Ms</arg>
<arg>Miss</arg>
<arg>Mrs</arg>
<arg>Madame</arg>
<arg>Monsieur</arg>
<doc>Returns a list containing given items.</doc>
<status status="PASS" start="2024-07-10T03:17:50.012235" elapsed="0.000174"/>
</kw>
<kw name="List Should Contain Value" owner="Collections">
<arg>${allowed_titles}</arg>
<arg>${name_title}</arg>
<doc>Fails if the ``value`` is not found from ``list``.</doc>
<status status="PASS" start="2024-07-10T03:17:50.012710" elapsed="0.000173"/>
</kw>
<kw name="Set Variable" owner="BuiltIn">
<msg time="2024-07-10T03:17:50.013439" level="INFO">${name_country} = IR</msg>
<var>${name_country}</var>
<arg>${json_data["results"][0]["nat"]}</arg>
<doc>Returns the given values which can then be assigned to a variables.</doc>
<status status="PASS" start="2024-07-10T03:17:50.013068" elapsed="0.000397"/>
</kw>
<kw name="Create List" owner="BuiltIn">
<msg time="2024-07-10T03:17:50.014389" level="INFO">${list_country} = ['AD', 'AE', 'AF', 'AG', 'AI', 'AL', 'AM', 'AO', 'AQ', 'AR', 'AS', 'AT', 'AU', 'AW', 'AX', 'AZ', 'BA', 'BB', 'BD', 'BE', 'BF', 'BG', 'BH', 'BI', 'BJ', 'BL', 'BM', 'BN', 'BO', 'BQ', 'BR', 'BS', 'BT', '...</msg>
<var>${list_country}</var>
<arg>AD</arg>
<arg>AE</arg>
<arg>AF</arg>
<arg>AG</arg>
<arg>AI</arg>
<arg>AL</arg>
<arg>AM</arg>
<arg>AO</arg>
<arg>AQ</arg>
<arg>AR</arg>
<arg>AS</arg>
<arg>AT</arg>
<arg>AU</arg>
<arg>AW</arg>
<arg>AX</arg>
<arg>AZ</arg>
<arg>BA</arg>
<arg>BB</arg>
<arg>BD</arg>
<arg>BE</arg>
<arg>BF</arg>
<arg>BG</arg>
<arg>BH</arg>
<arg>BI</arg>
<arg>BJ</arg>
<arg>BL</arg>
<arg>BM</arg>
<arg>BN</arg>
<arg>BO</arg>
<arg>BQ</arg>
<arg>BR</arg>
<arg>BS</arg>
<arg>BT</arg>
<arg>BV</arg>
<arg>BW</arg>
<arg>BY</arg>
<arg>BZ</arg>
<arg>CA</arg>
<arg>CC</arg>
<arg>CD</arg>
<arg>CF</arg>
<arg>CG</arg>
<arg>CH</arg>
<arg>CI</arg>
<arg>CK</arg>
<arg>CL</arg>
<arg>CM</arg>
<arg>CN</arg>
<arg>CO</arg>
<arg>CR</arg>
<arg>CU</arg>
<arg>CV</arg>
<arg>CW</arg>
<arg>CX</arg>
<arg>CY</arg>
<arg>CZ</arg>
<arg>DE</arg>
<arg>DJ</arg>
<arg>DK</arg>
<arg>DM</arg>
<arg>DO</arg>
<arg>DZ</arg>
<arg>EC</arg>
<arg>EE</arg>
<arg>EG</arg>
<arg>EH</arg>
<arg>ER</arg>
<arg>ES</arg>
<arg>ET</arg>
<arg>FI</arg>
<arg>FJ</arg>
<arg>FK</arg>
<arg>FM</arg>
<arg>FO</arg>
<arg>FR</arg>
<arg>GA</arg>
<arg>GB</arg>
<arg>GD</arg>
<arg>GE</arg>
<arg>GF</arg>
<arg>GG</arg>
<arg>GH</arg>
<arg>GI</arg>
<arg>GL</arg>
<arg>GM</arg>
<arg>GN</arg>
<arg>GP</arg>
<arg>GQ</arg>
<arg>GR</arg>
<arg>GS</arg>
<arg>GT</arg>
<arg>GU</arg>
<arg>GW</arg>
<arg>GY</arg>
<arg>HK</arg>
<arg>HM</arg>
<arg>HN</arg>
<arg>HR</arg>
<arg>HT</arg>
<arg>HU</arg>
<arg>ID</arg>
<arg>IE</arg>
<arg>IL</arg>
<arg>IM</arg>
<arg>IN</arg>
<arg>IO</arg>
<arg>IQ</arg>
<arg>IR</arg>
<arg>IS</arg>
<arg>IT</arg>
<arg>JE</arg>
<arg>JM</arg>
<arg>JO</arg>
<arg>JP</arg>
<arg>KE</arg>
<arg>KG</arg>
<arg>KH</arg>
<arg>KI</arg>
<arg>KM</arg>
<arg>KN</arg>
<arg>KP</arg>
<arg>KR</arg>
<arg>KW</arg>
<arg>KY</arg>
<arg>KZ</arg>
<arg>LA</arg>
<arg>LB</arg>
<arg>LC</arg>
<arg>LI</arg>
<arg>LK</arg>
<arg>LR</arg>
<arg>LS</arg>
<arg>LT</arg>
<arg>LU</arg>
<arg>LV</arg>
<arg>LY</arg>
<arg>MA</arg>
<arg>MC</arg>
<arg>MD</arg>
<arg>ME</arg>
<arg>MF</arg>
<arg>MG</arg>
<arg>MH</arg>
<arg>MK</arg>
<arg>ML</arg>
<arg>MM</arg>
<arg>MN</arg>
<arg>MO</arg>
<arg>MP</arg>
<arg>MQ</arg>
<arg>MR</arg>
<arg>MS</arg>
<arg>MT</arg>
<arg>MU</arg>
<arg>MV</arg>
<arg>MW</arg>
<arg>MX</arg>
<arg>MY</arg>
<arg>MZ</arg>
<arg>NA</arg>
<arg>NC</arg>
<arg>NE</arg>
<arg>NF</arg>
<arg>NG</arg>
<arg>NI</arg>
<arg>NL</arg>
<arg>NO</arg>
<arg>NP</arg>
<arg>NR</arg>
<arg>NU</arg>
<arg>NZ</arg>
<arg>OM</arg>
<arg>PA</arg>
<arg>PE</arg>
<arg>PF</arg>
<arg>PG</arg>
<arg>PH</arg>
<arg>PK</arg>
<arg>PL</arg>
<arg>PM</arg>
<arg>PN</arg>
<arg>PR</arg>
<arg>PS</arg>
<arg>PT</arg>
<arg>PW</arg>
<arg>PY</arg>
<arg>QA</arg>
<arg>RE</arg>
<arg>RO</arg>
<arg>RS</arg>
<arg>RU</arg>
<arg>RW</arg>
<arg>SA</arg>
<arg>SB</arg>
<arg>SC</arg>
<arg>SD</arg>
<arg>SE</arg>
<arg>SG</arg>
<arg>SH</arg>
<arg>SI</arg>
<arg>SJ</arg>
<arg>SK</arg>
<arg>SL</arg>
<arg>SM</arg>
<arg>SN</arg>
<arg>SO</arg>
<arg>SR</arg>
<arg>SS</arg>
<arg>ST</arg>
<arg>SV</arg>
<arg>SX</arg>
<arg>SY</arg>
<arg>SZ</arg>
<arg>TC</arg>
<arg>TD</arg>
<arg>TF</arg>
<arg>TG</arg>
<arg>TH</arg>
<arg>TJ</arg>
<arg>TK</arg>
<arg>TL</arg>
<arg>TM</arg>
<arg>TN</arg>
<arg>TO</arg>
<arg>TR</arg>
<arg>TT</arg>
<arg>TV</arg>
<arg>TW</arg>
<arg>TZ</arg>
<arg>UA</arg>
<arg>UG</arg>
<arg>UM</arg>
<arg>US</arg>
<arg>UY</arg>
<arg>UZ</arg>
<arg>VA</arg>
<arg>VC</arg>
<arg>VE</arg>
<arg>VG</arg>
<arg>VI</arg>
<arg>VN</arg>
<arg>VU</arg>
<arg>WF</arg>
<arg>WS</arg>
<arg>XK</arg>
<arg>YE</arg>
<arg>YT</arg>
<arg>ZA</arg>
<arg>ZM</arg>
<arg>ZW</arg>
<doc>Returns a list containing given items.</doc>
<status status="PASS" start="2024-07-10T03:17:50.013759" elapsed="0.000657"/>
</kw>
<kw name="List Should Contain Value" owner="Collections">
<arg>${list_country}</arg>
<arg>${name_country}</arg>
<doc>Fails if the ``value`` is not found from ``list``.</doc>
<status status="PASS" start="2024-07-10T03:17:50.015220" elapsed="0.000202"/>
</kw>
<kw name="Run Keyword If" owner="BuiltIn">
<kw name="Should Be True" owner="BuiltIn">
<arg>${True}</arg>
<doc>Fails if the given condition is not true.</doc>
<status status="PASS" start="2024-07-10T03:17:50.016352" elapsed="0.000143"/>
</kw>
<arg>${json_data["results"][0]["location"]["coordinates"]["latitude"]} &gt;= -90 and ${json_data["results"][0]["location"]["coordinates"]["latitude"]} &lt;= 90</arg>
<arg>Should Be True</arg>
<arg>${True}</arg>
<doc>Runs the given keyword with the given arguments, if ``condition`` is true.</doc>
<status status="PASS" start="2024-07-10T03:17:50.015617" elapsed="0.001004"/>
</kw>
<kw name="Run Keyword If" owner="BuiltIn">
<kw name="Should Be True" owner="BuiltIn">
<arg>${True}</arg>
<doc>Fails if the given condition is not true.</doc>
<status status="PASS" start="2024-07-10T03:17:50.017492" elapsed="0.000241"/>
</kw>
<arg>${json_data["results"][0]["location"]["coordinates"]["longitude"]} &gt;= -180 and ${json_data["results"][0]["location"]["coordinates"]["longitude"]} &lt;= 180</arg>
<arg>Should Be True</arg>
<arg>${True}</arg>
<doc>Runs the given keyword with the given arguments, if ``condition`` is true.</doc>
<status status="PASS" start="2024-07-10T03:17:50.016799" elapsed="0.001091"/>
</kw>
<status status="PASS" start="2024-07-10T03:17:49.918904" elapsed="0.099131"/>
</kw>
<doc>Testa o conteúdo específico dos campos retornados pela API.</doc>
<tag>testeConteudo</tag>
<status status="PASS" start="2024-07-10T03:17:49.918436" elapsed="0.099752"/>
</test>
<status status="PASS" start="2024-07-10T03:17:49.085097" elapsed="0.935043"/>
</suite>
<status status="PASS" start="2024-07-10T03:17:49.070759" elapsed="0.954394"/>
</suite>
<statistics>
<total>
<stat pass="5" fail="0" skip="0">All Tests</stat>
</total>
<tag>
<stat pass="1" fail="0" skip="0">testeConteudo</stat>
<stat pass="1" fail="0" skip="0">testeEstruturaResposta</stat>
<stat pass="1" fail="0" skip="0">testeRequisicaoBasica</stat>
<stat pass="1" fail="0" skip="0">testeTiposDados</stat>
</tag>
<suite>
<stat pass="5" fail="0" skip="0" id="s1" name="Tests">Tests</stat>
<stat pass="5" fail="0" skip="0" id="s1-s1" name="Random-User-Test">Tests.Random-User-Test</stat>
</suite>
</statistics>
<errors>
</errors>
</robot>
