<?xml version="1.0" encoding="UTF-8"?>
<robot generator="Robot 7.0 (Python 3.12.3 on linux)" generated="2024-06-04T22:15:00.393116" rpa="false" schemaversion="5">
<suite id="s1" name="Tests" source="/home/runner/work/ApiRandomUser/ApiRandomUser/RamdonUser/tests">
<suite id="s1-s1" name="Random-User-Test" source="/home/runner/work/ApiRandomUser/ApiRandomUser/RamdonUser/tests/random-user-test.robot">
<test id="s1-s1-t1" name="Conectar" line="13">
<kw name="Conectar API" owner="random-user-service">
<kw name="Create Session" owner="RequestsLibrary">
<msg time="2024-06-04T22:15:00.786919" level="INFO">Creating Session using : alias=consultarAPI, url=https://randomuser.me/, headers={},                     cookies={}, auth=None, timeout=None, proxies=None, verify=False,                     debug=0 </msg>
<arg>consultarAPI</arg>
<arg>${URL}</arg>
<doc>Create Session: create a HTTP session to a server</doc>
<status status="PASS" start="2024-06-04T22:15:00.786700" elapsed="0.000414"/>
</kw>
<status status="PASS" start="2024-06-04T22:15:00.785615" elapsed="0.001887"/>
</kw>
<status status="PASS" start="2024-06-04T22:15:00.784951" elapsed="0.002754"/>
</test>
<test id="s1-s1-t2" name="Validar retorno 200 e JSON Válido" line="16">
<kw name="Teste de Requisicao Basica" owner="random-user-service">
<kw name="GET On Session" owner="RequestsLibrary">
<msg time="2024-06-04T22:15:00.897531" level="INFO">GET Request : url=https://randomuser.me/api 
 path_url=/api 
 headers={'User-Agent': 'python-requests/2.32.3', 'Accept-Encoding': 'gzip, deflate', 'Accept': '*/*', 'Connection': 'keep-alive'} 
 body=None 
 </msg>
<msg time="2024-06-04T22:15:00.897710" level="INFO">GET Response : url=https://randomuser.me/api 
 status=200, reason=OK 
 headers={'Date': 'Tue, 04 Jun 2024 22:15:00 GMT', 'Content-Type': 'application/json; charset=utf-8', 'Transfer-Encoding': 'chunked', 'Connection': 'keep-alive', 'X-Powered-By': 'Express', 'Access-Control-Allow-Origin': '*', 'Cache-Control': 'no-cache', 'ETag': 'W/"4a8-VLa5JlxlCl3YoTbIdjFArm6jmpI"', 'Vary': 'Accept-Encoding', 'Content-Encoding': 'gzip', 'CF-Cache-Status': 'DYNAMIC', 'Report-To': '{"endpoints":[{"url":"https:\\/\\/a.nel.cloudflare.com\\/report\\/v4?s=unYNeKtqEyXJlWr0y1%2FE3jKsrTcVAuUl3BPk5hSDLuWsIowr2A0Vuf%2F%2Fc95Bv3TrFSBaprwekqx9i8lnexa%2FBF5T0aX%2Bb%2FVW3csp7ENcn36BZTpXWMmHB2FLQdi2jLgg"}],"group":"cf-nel","max_age":604800}', 'NEL': '{"success_fraction":0,"report_to":"cf-nel","max_age":604800}', 'Server': 'cloudflare', 'CF-RAY': '88eb4776284f6336-ORD', 'alt-svc': 'h3=":443"; ma=86400'} 
 body={"results":[{"gender":"male","name":{"title":"Monsieur","first":"Roger","last":"Charles"},"location":{"street":{"number":9140,"name":"Place des 44 Enfants D'Izieu"},"city":"Veyras","state":"Schwyz","country":"Switzerland","postcode":7975,"coordinates":{"latitude":"-62.1641","longitude":"-45.1752"},"timezone":{"offset":"+8:00","description":"Beijing, Perth, Singapore, Hong Kong"}},"email":"roger.charles@example.com","login":{"uuid":"d2de4eaa-0192-4a2c-96ec-04abc911063f","username":"tinyrabbit104","password":"hazard","salt":"bfLjPiVg","md5":"25c3ac436015714d57a5828ccfca039a","sha1":"809ddf000590fcdc5e2a319ac543af9c0965b25f","sha256":"cb4db6ad144db89ab829c22aaca94d1051c53f4581482445c47c49bb09a75907"},"dob":{"date":"1961-10-21T06:12:44.275Z","age":62},"registered":{"date":"2015-07-24T04:57:20.928Z","age":8},"phone":"077 010 42 91","cell":"076 700 77 09","id":{"name":"AVS","value":"756.3428.0356.96"},"picture":{"large":"https://randomuser.me/api/portraits/men/70.jpg","medium":"https://randomuser.me/api/portraits/med/men/70.jpg","thumbnail":"https://randomuser.me/api/portraits/thumb/men/70.jpg"},"nat":"CH"}],"info":{"seed":"b2f9a5ba377bfe6e","results":1,"page":1,"version":"1.4"}} 
 </msg>
<msg time="2024-06-04T22:15:00.897794" level="INFO">/opt/hostedtoolcache/Python/3.12.3/x64/lib/python3.12/site-packages/urllib3/connectionpool.py:1103: InsecureRequestWarning: Unverified HTTPS request is being made to host 'randomuser.me'. Adding certificate verification is strongly advised. See: https://urllib3.readthedocs.io/en/latest/advanced-usage.html#tls-warnings
  warnings.warn(</msg>
<msg time="2024-06-04T22:15:00.897958" level="INFO">${response} = &lt;Response [200]&gt;</msg>
<var>${response}</var>
<arg>consultarAPI</arg>
<arg>/api</arg>
<doc>Sends a GET request on a previously created HTTP Session.</doc>
<status status="PASS" start="2024-06-04T22:15:00.790516" elapsed="0.107489"/>
</kw>
<kw name="Should Be Equal As Numbers" owner="BuiltIn">
<msg time="2024-06-04T22:15:00.899015" level="INFO">Argument types are:
&lt;class 'int'&gt;
&lt;class 'str'&gt;</msg>
<arg>${response.status_code}</arg>
<arg>200</arg>
<doc>Fails if objects are unequal after converting them to real numbers.</doc>
<status status="PASS" start="2024-06-04T22:15:00.898546" elapsed="0.000535"/>
</kw>
<kw name="Log" owner="BuiltIn">
<msg time="2024-06-04T22:15:00.899771" level="INFO">200</msg>
<arg>${response.status_code}</arg>
<doc>Logs the given message with the given level.</doc>
<status status="PASS" start="2024-06-04T22:15:00.899422" elapsed="0.000395"/>
</kw>
<kw name="Set Variable" owner="BuiltIn">
<msg time="2024-06-04T22:15:00.900599" level="INFO">${json_data} = {'results': [{'gender': 'male', 'name': {'title': 'Monsieur', 'first': 'Roger', 'last': 'Charles'}, 'location': {'street': {'number': 9140, 'name': "Place des 44 Enfants D'Izieu"}, 'city': 'Veyras', '...</msg>
<var>${json_data}</var>
<arg>${response.json()}</arg>
<doc>Returns the given values which can then be assigned to a variables.</doc>
<status status="PASS" start="2024-06-04T22:15:00.900158" elapsed="0.000471"/>
</kw>
<kw name="Dictionary Should Contain Key" owner="Collections">
<msg time="2024-06-04T22:15:00.901104" level="INFO">False</msg>
<arg>${json_data}</arg>
<arg>results</arg>
<doc>Fails if ``key`` is not found from ``dictionary``.</doc>
<status status="PASS" start="2024-06-04T22:15:00.900931" elapsed="0.000371"/>
</kw>
<status status="PASS" start="2024-06-04T22:15:00.790257" elapsed="0.111313"/>
</kw>
<doc>Testa se a API responde corretamente e retorna um objeto JSON válido.</doc>
<tag>testeRequisicaoBasica</tag>
<status status="PASS" start="2024-06-04T22:15:00.789649" elapsed="0.112108"/>
</test>
<test id="s1-s1-t3" name="Validar estrutura de resposta" line="22">
<kw name="Teste de Estrutura de Resposta" owner="random-user-service">
<kw name="GET On Session" owner="RequestsLibrary">
<msg time="2024-06-04T22:15:00.995685" level="INFO">GET Request : url=https://randomuser.me/api 
 path_url=/api 
 headers={'User-Agent': 'python-requests/2.32.3', 'Accept-Encoding': 'gzip, deflate', 'Accept': '*/*', 'Connection': 'keep-alive'} 
 body=None 
 </msg>
<msg time="2024-06-04T22:15:00.995803" level="INFO">GET Response : url=https://randomuser.me/api 
 status=200, reason=OK 
 headers={'Date': 'Tue, 04 Jun 2024 22:15:00 GMT', 'Content-Type': 'application/json; charset=utf-8', 'Transfer-Encoding': 'chunked', 'Connection': 'keep-alive', 'X-Powered-By': 'Express', 'Access-Control-Allow-Origin': '*', 'Cache-Control': 'no-cache', 'ETag': 'W/"47e-D1WChiiHOaLfgrOUAOsr0dGF+rw"', 'Vary': 'Accept-Encoding', 'Content-Encoding': 'gzip', 'CF-Cache-Status': 'DYNAMIC', 'Report-To': '{"endpoints":[{"url":"https:\\/\\/a.nel.cloudflare.com\\/report\\/v4?s=bLzZKHPrA9Xrg6udrgT1Dp%2BCZ%2BvShZn3RPJmoJBp2rWCAfIVKhv4jB%2FhvhiQHhggyco3Y4vWXLQ96KwJ%2BQXbPCRHPmhcXTACEpSmeMttDMn2GzTtSr%2F0d2BsC2KOOekN"}],"group":"cf-nel","max_age":604800}', 'NEL': '{"success_fraction":0,"report_to":"cf-nel","max_age":604800}', 'Server': 'cloudflare', 'CF-RAY': '88eb4776a91f6336-ORD', 'alt-svc': 'h3=":443"; ma=86400'} 
 body={"results":[{"gender":"male","name":{"title":"Mr","first":"Nathan","last":"Fortin"},"location":{"street":{"number":2807,"name":"Victoria Ave"},"city":"South River","state":"Prince Edward Island","country":"Canada","postcode":"H0M 5E1","coordinates":{"latitude":"-70.5595","longitude":"-59.1517"},"timezone":{"offset":"-10:00","description":"Hawaii"}},"email":"nathan.fortin@example.com","login":{"uuid":"a414ecb2-6ed5-4b85-a620-4f91a54fb633","username":"blackbird341","password":"hellas","salt":"y41uRIwk","md5":"2b00dd038f5cd9728babf8bfb168aa8a","sha1":"0b21d3113a50694c3b4e41eed6c6e2c1da26c078","sha256":"ce187f46de66f0ebb83660b7b573bc115e3241e1acd717badfec01882ec9af46"},"dob":{"date":"1998-12-18T14:33:08.682Z","age":25},"registered":{"date":"2014-08-10T06:19:28.871Z","age":9},"phone":"R33 Z64-2215","cell":"V16 A26-4059","id":{"name":"SIN","value":"899848436"},"picture":{"large":"https://randomuser.me/api/portraits/men/11.jpg","medium":"https://randomuser.me/api/portraits/med/men/11.jpg","thumbnail":"https://randomuser.me/api/portraits/thumb/men/11.jpg"},"nat":"CA"}],"info":{"seed":"316fe3f429d01ce4","results":1,"page":1,"version":"1.4"}} 
 </msg>
<msg time="2024-06-04T22:15:00.995950" level="INFO">/opt/hostedtoolcache/Python/3.12.3/x64/lib/python3.12/site-packages/urllib3/connectionpool.py:1103: InsecureRequestWarning: Unverified HTTPS request is being made to host 'randomuser.me'. Adding certificate verification is strongly advised. See: https://urllib3.readthedocs.io/en/latest/advanced-usage.html#tls-warnings
  warnings.warn(</msg>
<msg time="2024-06-04T22:15:00.996119" level="INFO">${response} = &lt;Response [200]&gt;</msg>
<var>${response}</var>
<arg>consultarAPI</arg>
<arg>/api</arg>
<doc>Sends a GET request on a previously created HTTP Session.</doc>
<status status="PASS" start="2024-06-04T22:15:00.904341" elapsed="0.091823"/>
</kw>
<kw name="Set Variable" owner="BuiltIn">
<msg time="2024-06-04T22:15:00.997208" level="INFO">${json_data} = {'results': [{'gender': 'male', 'name': {'title': 'Mr', 'first': 'Nathan', 'last': 'Fortin'}, 'location': {'street': {'number': 2807, 'name': 'Victoria Ave'}, 'city': 'South River', 'state': 'Prince E...</msg>
<var>${json_data}</var>
<arg>${response.json()}</arg>
<doc>Returns the given values which can then be assigned to a variables.</doc>
<status status="PASS" start="2024-06-04T22:15:00.996676" elapsed="0.000564"/>
</kw>
<kw name="Log" owner="BuiltIn">
<msg time="2024-06-04T22:15:00.997711" level="INFO">{'results': [{'gender': 'male', 'name': {'title': 'Mr', 'first': 'Nathan', 'last': 'Fortin'}, 'location': {'street': {'number': 2807, 'name': 'Victoria Ave'}, 'city': 'South River', 'state': 'Prince Edward Island', 'country': 'Canada', 'postcode': 'H0M 5E1', 'coordinates': {'latitude': '-70.5595', 'longitude': '-59.1517'}, 'timezone': {'offset': '-10:00', 'description': 'Hawaii'}}, 'email': 'nathan.fortin@example.com', 'login': {'uuid': 'a414ecb2-6ed5-4b85-a620-4f91a54fb633', 'username': 'blackbird341', 'password': 'hellas', 'salt': 'y41uRIwk', 'md5': '2b00dd038f5cd9728babf8bfb168aa8a', 'sha1': '0b21d3113a50694c3b4e41eed6c6e2c1da26c078', 'sha256': 'ce187f46de66f0ebb83660b7b573bc115e3241e1acd717badfec01882ec9af46'}, 'dob': {'date': '1998-12-18T14:33:08.682Z', 'age': 25}, 'registered': {'date': '2014-08-10T06:19:28.871Z', 'age': 9}, 'phone': 'R33 Z64-2215', 'cell': 'V16 A26-4059', 'id': {'name': 'SIN', 'value': '899848436'}, 'picture': {'large': 'https://randomuser.me/api/portraits/men/11.jpg', 'medium': 'https://randomuser.me/api/portraits/med/men/11.jpg', 'thumbnail': 'https://randomuser.me/api/portraits/thumb/men/11.jpg'}, 'nat': 'CA'}], 'info': {'seed': '316fe3f429d01ce4', 'results': 1, 'page': 1, 'version': '1.4'}}</msg>
<arg>${json_data}</arg>
<doc>Logs the given message with the given level.</doc>
<status status="PASS" start="2024-06-04T22:15:00.997551" elapsed="0.000209"/>
</kw>
<kw name="Dictionary Should Contain Key" owner="Collections">
<msg time="2024-06-04T22:15:00.998218" level="INFO">False</msg>
<arg>${json_data}</arg>
<arg>results</arg>
<doc>Fails if ``key`` is not found from ``dictionary``.</doc>
<status status="PASS" start="2024-06-04T22:15:00.998055" elapsed="0.000200"/>
</kw>
<kw name="Should Not Be Empty" owner="BuiltIn">
<msg time="2024-06-04T22:15:00.998684" level="INFO">Length is 2.</msg>
<arg>${json_data}</arg>
<doc>Verifies that the given item is not empty.</doc>
<status status="PASS" start="2024-06-04T22:15:00.998547" elapsed="0.000175"/>
</kw>
<kw name="Create List" owner="BuiltIn">
<msg time="2024-06-04T22:15:00.999183" level="INFO">${expected_keys} = ['gender', 'name', 'location', 'email', 'login']</msg>
<var>${expected_keys}</var>
<arg>gender</arg>
<arg>name</arg>
<arg>location</arg>
<arg>email</arg>
<arg>login</arg>
<doc>Returns a list containing given items.</doc>
<status status="PASS" start="2024-06-04T22:15:00.999021" elapsed="0.000186"/>
</kw>
<for flavor="IN">
<iter>
<kw name="Dictionary Should Contain Key" owner="Collections">
<msg time="2024-06-04T22:15:01.000240" level="INFO">False</msg>
<arg>${json_data['results'][0]}</arg>
<arg>${key}</arg>
<doc>Fails if ``key`` is not found from ``dictionary``.</doc>
<status status="PASS" start="2024-06-04T22:15:00.999789" elapsed="0.000496"/>
</kw>
<kw name="Log" owner="BuiltIn">
<msg time="2024-06-04T22:15:01.000959" level="INFO">{'gender': 'male', 'name': {'title': 'Mr', 'first': 'Nathan', 'last': 'Fortin'}, 'location': {'street': {'number': 2807, 'name': 'Victoria Ave'}, 'city': 'South River', 'state': 'Prince Edward Island', 'country': 'Canada', 'postcode': 'H0M 5E1', 'coordinates': {'latitude': '-70.5595', 'longitude': '-59.1517'}, 'timezone': {'offset': '-10:00', 'description': 'Hawaii'}}, 'email': 'nathan.fortin@example.com', 'login': {'uuid': 'a414ecb2-6ed5-4b85-a620-4f91a54fb633', 'username': 'blackbird341', 'password': 'hellas', 'salt': 'y41uRIwk', 'md5': '2b00dd038f5cd9728babf8bfb168aa8a', 'sha1': '0b21d3113a50694c3b4e41eed6c6e2c1da26c078', 'sha256': 'ce187f46de66f0ebb83660b7b573bc115e3241e1acd717badfec01882ec9af46'}, 'dob': {'date': '1998-12-18T14:33:08.682Z', 'age': 25}, 'registered': {'date': '2014-08-10T06:19:28.871Z', 'age': 9}, 'phone': 'R33 Z64-2215', 'cell': 'V16 A26-4059', 'id': {'name': 'SIN', 'value': '899848436'}, 'picture': {'large': 'https://randomuser.me/api/portraits/men/11.jpg', 'medium': 'https://randomuser.me/api/portraits/med/men/11.jpg', 'thumbnail': 'https://randomuser.me/api/portraits/thumb/men/11.jpg'}, 'nat': 'CA'}</msg>
<arg>${json_data['results'][0]}</arg>
<doc>Logs the given message with the given level.</doc>
<status status="PASS" start="2024-06-04T22:15:01.000594" elapsed="0.000415"/>
</kw>
<kw name="Log" owner="BuiltIn">
<msg time="2024-06-04T22:15:01.001432" level="INFO">gender</msg>
<arg>${key}</arg>
<doc>Logs the given message with the given level.</doc>
<status status="PASS" start="2024-06-04T22:15:01.001306" elapsed="0.000164"/>
</kw>
<var name="${key}">gender</var>
<status status="PASS" start="2024-06-04T22:15:00.999662" elapsed="0.002024"/>
</iter>
<iter>
<kw name="Dictionary Should Contain Key" owner="Collections">
<msg time="2024-06-04T22:15:01.002373" level="INFO">False</msg>
<arg>${json_data['results'][0]}</arg>
<arg>${key}</arg>
<doc>Fails if ``key`` is not found from ``dictionary``.</doc>
<status status="PASS" start="2024-06-04T22:15:01.001988" elapsed="0.000422"/>
</kw>
<kw name="Log" owner="BuiltIn">
<msg time="2024-06-04T22:15:01.003096" level="INFO">{'gender': 'male', 'name': {'title': 'Mr', 'first': 'Nathan', 'last': 'Fortin'}, 'location': {'street': {'number': 2807, 'name': 'Victoria Ave'}, 'city': 'South River', 'state': 'Prince Edward Island', 'country': 'Canada', 'postcode': 'H0M 5E1', 'coordinates': {'latitude': '-70.5595', 'longitude': '-59.1517'}, 'timezone': {'offset': '-10:00', 'description': 'Hawaii'}}, 'email': 'nathan.fortin@example.com', 'login': {'uuid': 'a414ecb2-6ed5-4b85-a620-4f91a54fb633', 'username': 'blackbird341', 'password': 'hellas', 'salt': 'y41uRIwk', 'md5': '2b00dd038f5cd9728babf8bfb168aa8a', 'sha1': '0b21d3113a50694c3b4e41eed6c6e2c1da26c078', 'sha256': 'ce187f46de66f0ebb83660b7b573bc115e3241e1acd717badfec01882ec9af46'}, 'dob': {'date': '1998-12-18T14:33:08.682Z', 'age': 25}, 'registered': {'date': '2014-08-10T06:19:28.871Z', 'age': 9}, 'phone': 'R33 Z64-2215', 'cell': 'V16 A26-4059', 'id': {'name': 'SIN', 'value': '899848436'}, 'picture': {'large': 'https://randomuser.me/api/portraits/men/11.jpg', 'medium': 'https://randomuser.me/api/portraits/med/men/11.jpg', 'thumbnail': 'https://randomuser.me/api/portraits/thumb/men/11.jpg'}, 'nat': 'CA'}</msg>
<arg>${json_data['results'][0]}</arg>
<doc>Logs the given message with the given level.</doc>
<status status="PASS" start="2024-06-04T22:15:01.002733" elapsed="0.000412"/>
</kw>
<kw name="Log" owner="BuiltIn">
<msg time="2024-06-04T22:15:01.003568" level="INFO">name</msg>
<arg>${key}</arg>
<doc>Logs the given message with the given level.</doc>
<status status="PASS" start="2024-06-04T22:15:01.003438" elapsed="0.000168"/>
</kw>
<var name="${key}">name</var>
<status status="PASS" start="2024-06-04T22:15:01.001873" elapsed="0.001948"/>
</iter>
<iter>
<kw name="Dictionary Should Contain Key" owner="Collections">
<msg time="2024-06-04T22:15:01.004506" level="INFO">False</msg>
<arg>${json_data['results'][0]}</arg>
<arg>${key}</arg>
<doc>Fails if ``key`` is not found from ``dictionary``.</doc>
<status status="PASS" start="2024-06-04T22:15:01.004131" elapsed="0.000412"/>
</kw>
<kw name="Log" owner="BuiltIn">
<msg time="2024-06-04T22:15:01.005215" level="INFO">{'gender': 'male', 'name': {'title': 'Mr', 'first': 'Nathan', 'last': 'Fortin'}, 'location': {'street': {'number': 2807, 'name': 'Victoria Ave'}, 'city': 'South River', 'state': 'Prince Edward Island', 'country': 'Canada', 'postcode': 'H0M 5E1', 'coordinates': {'latitude': '-70.5595', 'longitude': '-59.1517'}, 'timezone': {'offset': '-10:00', 'description': 'Hawaii'}}, 'email': 'nathan.fortin@example.com', 'login': {'uuid': 'a414ecb2-6ed5-4b85-a620-4f91a54fb633', 'username': 'blackbird341', 'password': 'hellas', 'salt': 'y41uRIwk', 'md5': '2b00dd038f5cd9728babf8bfb168aa8a', 'sha1': '0b21d3113a50694c3b4e41eed6c6e2c1da26c078', 'sha256': 'ce187f46de66f0ebb83660b7b573bc115e3241e1acd717badfec01882ec9af46'}, 'dob': {'date': '1998-12-18T14:33:08.682Z', 'age': 25}, 'registered': {'date': '2014-08-10T06:19:28.871Z', 'age': 9}, 'phone': 'R33 Z64-2215', 'cell': 'V16 A26-4059', 'id': {'name': 'SIN', 'value': '899848436'}, 'picture': {'large': 'https://randomuser.me/api/portraits/men/11.jpg', 'medium': 'https://randomuser.me/api/portraits/med/men/11.jpg', 'thumbnail': 'https://randomuser.me/api/portraits/thumb/men/11.jpg'}, 'nat': 'CA'}</msg>
<arg>${json_data['results'][0]}</arg>
<doc>Logs the given message with the given level.</doc>
<status status="PASS" start="2024-06-04T22:15:01.004852" elapsed="0.000410"/>
</kw>
<kw name="Log" owner="BuiltIn">
<msg time="2024-06-04T22:15:01.005685" level="INFO">location</msg>
<arg>${key}</arg>
<doc>Logs the given message with the given level.</doc>
<status status="PASS" start="2024-06-04T22:15:01.005559" elapsed="0.000163"/>
</kw>
<var name="${key}">location</var>
<status status="PASS" start="2024-06-04T22:15:01.003995" elapsed="0.001940"/>
</iter>
<iter>
<kw name="Dictionary Should Contain Key" owner="Collections">
<msg time="2024-06-04T22:15:01.006717" level="INFO">False</msg>
<arg>${json_data['results'][0]}</arg>
<arg>${key}</arg>
<doc>Fails if ``key`` is not found from ``dictionary``.</doc>
<status status="PASS" start="2024-06-04T22:15:01.006217" elapsed="0.000539"/>
</kw>
<kw name="Log" owner="BuiltIn">
<msg time="2024-06-04T22:15:01.007441" level="INFO">{'gender': 'male', 'name': {'title': 'Mr', 'first': 'Nathan', 'last': 'Fortin'}, 'location': {'street': {'number': 2807, 'name': 'Victoria Ave'}, 'city': 'South River', 'state': 'Prince Edward Island', 'country': 'Canada', 'postcode': 'H0M 5E1', 'coordinates': {'latitude': '-70.5595', 'longitude': '-59.1517'}, 'timezone': {'offset': '-10:00', 'description': 'Hawaii'}}, 'email': 'nathan.fortin@example.com', 'login': {'uuid': 'a414ecb2-6ed5-4b85-a620-4f91a54fb633', 'username': 'blackbird341', 'password': 'hellas', 'salt': 'y41uRIwk', 'md5': '2b00dd038f5cd9728babf8bfb168aa8a', 'sha1': '0b21d3113a50694c3b4e41eed6c6e2c1da26c078', 'sha256': 'ce187f46de66f0ebb83660b7b573bc115e3241e1acd717badfec01882ec9af46'}, 'dob': {'date': '1998-12-18T14:33:08.682Z', 'age': 25}, 'registered': {'date': '2014-08-10T06:19:28.871Z', 'age': 9}, 'phone': 'R33 Z64-2215', 'cell': 'V16 A26-4059', 'id': {'name': 'SIN', 'value': '899848436'}, 'picture': {'large': 'https://randomuser.me/api/portraits/men/11.jpg', 'medium': 'https://randomuser.me/api/portraits/med/men/11.jpg', 'thumbnail': 'https://randomuser.me/api/portraits/thumb/men/11.jpg'}, 'nat': 'CA'}</msg>
<arg>${json_data['results'][0]}</arg>
<doc>Logs the given message with the given level.</doc>
<status status="PASS" start="2024-06-04T22:15:01.007078" elapsed="0.000413"/>
</kw>
<kw name="Log" owner="BuiltIn">
<msg time="2024-06-04T22:15:01.007917" level="INFO">email</msg>
<arg>${key}</arg>
<doc>Logs the given message with the given level.</doc>
<status status="PASS" start="2024-06-04T22:15:01.007788" elapsed="0.000167"/>
</kw>
<var name="${key}">email</var>
<status status="PASS" start="2024-06-04T22:15:01.006106" elapsed="0.002087"/>
</iter>
<iter>
<kw name="Dictionary Should Contain Key" owner="Collections">
<msg time="2024-06-04T22:15:01.008887" level="INFO">False</msg>
<arg>${json_data['results'][0]}</arg>
<arg>${key}</arg>
<doc>Fails if ``key`` is not found from ``dictionary``.</doc>
<status status="PASS" start="2024-06-04T22:15:01.008479" elapsed="0.000446"/>
</kw>
<kw name="Log" owner="BuiltIn">
<msg time="2024-06-04T22:15:01.009645" level="INFO">{'gender': 'male', 'name': {'title': 'Mr', 'first': 'Nathan', 'last': 'Fortin'}, 'location': {'street': {'number': 2807, 'name': 'Victoria Ave'}, 'city': 'South River', 'state': 'Prince Edward Island', 'country': 'Canada', 'postcode': 'H0M 5E1', 'coordinates': {'latitude': '-70.5595', 'longitude': '-59.1517'}, 'timezone': {'offset': '-10:00', 'description': 'Hawaii'}}, 'email': 'nathan.fortin@example.com', 'login': {'uuid': 'a414ecb2-6ed5-4b85-a620-4f91a54fb633', 'username': 'blackbird341', 'password': 'hellas', 'salt': 'y41uRIwk', 'md5': '2b00dd038f5cd9728babf8bfb168aa8a', 'sha1': '0b21d3113a50694c3b4e41eed6c6e2c1da26c078', 'sha256': 'ce187f46de66f0ebb83660b7b573bc115e3241e1acd717badfec01882ec9af46'}, 'dob': {'date': '1998-12-18T14:33:08.682Z', 'age': 25}, 'registered': {'date': '2014-08-10T06:19:28.871Z', 'age': 9}, 'phone': 'R33 Z64-2215', 'cell': 'V16 A26-4059', 'id': {'name': 'SIN', 'value': '899848436'}, 'picture': {'large': 'https://randomuser.me/api/portraits/men/11.jpg', 'medium': 'https://randomuser.me/api/portraits/med/men/11.jpg', 'thumbnail': 'https://randomuser.me/api/portraits/thumb/men/11.jpg'}, 'nat': 'CA'}</msg>
<arg>${json_data['results'][0]}</arg>
<doc>Logs the given message with the given level.</doc>
<status status="PASS" start="2024-06-04T22:15:01.009265" elapsed="0.000426"/>
</kw>
<kw name="Log" owner="BuiltIn">
<msg time="2024-06-04T22:15:01.010108" level="INFO">login</msg>
<arg>${key}</arg>
<doc>Logs the given message with the given level.</doc>
<status status="PASS" start="2024-06-04T22:15:01.009982" elapsed="0.000163"/>
</kw>
<var name="${key}">login</var>
<status status="PASS" start="2024-06-04T22:15:01.008366" elapsed="0.001994"/>
</iter>
<var>${key}</var>
<value>@{expected_keys}</value>
<status status="PASS" start="2024-06-04T22:15:00.999469" elapsed="0.011036"/>
</for>
<kw name="Create List" owner="BuiltIn">
<msg time="2024-06-04T22:15:01.010843" level="INFO">${expected_keysTwo} = ['username', 'password']</msg>
<var>${expected_keysTwo}</var>
<arg>username</arg>
<arg>password</arg>
<doc>Returns a list containing given items.</doc>
<status status="PASS" start="2024-06-04T22:15:01.010708" elapsed="0.000158"/>
</kw>
<for flavor="IN">
<iter>
<kw name="Dictionary Should Contain Key" owner="Collections">
<msg time="2024-06-04T22:15:01.011736" level="INFO">False</msg>
<arg>${json_data['results'][0]['login']}</arg>
<arg>${keyTwo}</arg>
<doc>Fails if ``key`` is not found from ``dictionary``.</doc>
<status status="PASS" start="2024-06-04T22:15:01.011360" elapsed="0.000412"/>
</kw>
<kw name="Dictionary Should Contain Key" owner="Collections">
<msg time="2024-06-04T22:15:01.012463" level="INFO">False</msg>
<arg>${json_data['results'][0]['login']}</arg>
<arg>${keyTwo}</arg>
<doc>Fails if ``key`` is not found from ``dictionary``.</doc>
<status status="PASS" start="2024-06-04T22:15:01.012083" elapsed="0.000416"/>
</kw>
<kw name="Log" owner="BuiltIn">
<msg time="2024-06-04T22:15:01.012910" level="INFO">username</msg>
<arg>${keyTwo}</arg>
<doc>Logs the given message with the given level.</doc>
<status status="PASS" start="2024-06-04T22:15:01.012786" elapsed="0.000162"/>
</kw>
<var name="${keyTwo}">username</var>
<status status="PASS" start="2024-06-04T22:15:01.011254" elapsed="0.001905"/>
</iter>
<iter>
<kw name="Dictionary Should Contain Key" owner="Collections">
<msg time="2024-06-04T22:15:01.013809" level="INFO">False</msg>
<arg>${json_data['results'][0]['login']}</arg>
<arg>${keyTwo}</arg>
<doc>Fails if ``key`` is not found from ``dictionary``.</doc>
<status status="PASS" start="2024-06-04T22:15:01.013436" elapsed="0.000409"/>
</kw>
<kw name="Dictionary Should Contain Key" owner="Collections">
<msg time="2024-06-04T22:15:01.014505" level="INFO">False</msg>
<arg>${json_data['results'][0]['login']}</arg>
<arg>${keyTwo}</arg>
<doc>Fails if ``key`` is not found from ``dictionary``.</doc>
<status status="PASS" start="2024-06-04T22:15:01.014132" elapsed="0.000409"/>
</kw>
<kw name="Log" owner="BuiltIn">
<msg time="2024-06-04T22:15:01.014968" level="INFO">password</msg>
<arg>${keyTwo}</arg>
<doc>Logs the given message with the given level.</doc>
<status status="PASS" start="2024-06-04T22:15:01.014832" elapsed="0.000172"/>
</kw>
<var name="${keyTwo}">password</var>
<status status="PASS" start="2024-06-04T22:15:01.013327" elapsed="0.001890"/>
</iter>
<var>${keyTwo}</var>
<value>@{expected_keysTwo}</value>
<status status="PASS" start="2024-06-04T22:15:01.011103" elapsed="0.004230"/>
</for>
<status status="PASS" start="2024-06-04T22:15:00.904100" elapsed="0.111369"/>
</kw>
<doc>Testa a estrutura da resposta da API.</doc>
<tag>testeEstruturaResposta</tag>
<status status="PASS" start="2024-06-04T22:15:00.903573" elapsed="0.112058"/>
</test>
<test id="s1-s1-t4" name="Validar tipos de dados" line="28">
<kw name="Teste de Tipos de Dados" owner="random-user-service">
<kw name="GET On Session" owner="RequestsLibrary">
<msg time="2024-06-04T22:15:01.118996" level="INFO">GET Request : url=https://randomuser.me/api 
 path_url=/api 
 headers={'User-Agent': 'python-requests/2.32.3', 'Accept-Encoding': 'gzip, deflate', 'Accept': '*/*', 'Connection': 'keep-alive'} 
 body=None 
 </msg>
<msg time="2024-06-04T22:15:01.119134" level="INFO">GET Response : url=https://randomuser.me/api 
 status=200, reason=OK 
 headers={'Date': 'Tue, 04 Jun 2024 22:15:01 GMT', 'Content-Type': 'application/json; charset=utf-8', 'Transfer-Encoding': 'chunked', 'Connection': 'keep-alive', 'X-Powered-By': 'Express', 'Access-Control-Allow-Origin': '*', 'Cache-Control': 'no-cache', 'ETag': 'W/"49e-VtZWqA5DCwqu01ywfToDgANa2dE"', 'Vary': 'Accept-Encoding', 'Content-Encoding': 'gzip', 'CF-Cache-Status': 'DYNAMIC', 'Report-To': '{"endpoints":[{"url":"https:\\/\\/a.nel.cloudflare.com\\/report\\/v4?s=jxm1cxlyOnRqE0lBVvEMFfxUYUciMU30CgwTUQi7QoRLx7mYKG895Md8%2F3SrVCx2p0qI7oYPr1g43fWlTe0Nb4YrYkgI2bSTHf5picWjQis34DW1g1F4DmtKJeEzaXZG"}],"group":"cf-nel","max_age":604800}', 'NEL': '{"success_fraction":0,"report_to":"cf-nel","max_age":604800}', 'Server': 'cloudflare', 'CF-RAY': '88eb477769e16336-ORD', 'alt-svc': 'h3=":443"; ma=86400'} 
 body={"results":[{"gender":"female","name":{"title":"Ms","first":"پارمیس","last":"علیزاده"},"location":{"street":{"number":7078,"name":"یادگار امام"},"city":"اراک","state":"فارس","country":"Iran","postcode":83751,"coordinates":{"latitude":"18.6911","longitude":"166.7129"},"timezone":{"offset":"-6:00","description":"Central Time (US &amp; Canada), Mexico City"}},"email":"prmys.aalyzdh@example.com","login":{"uuid":"d7e3bf07-df4b-4049-8454-fdada467cfa5","username":"brownwolf846","password":"franky","salt":"8sUcpKYq","md5":"d8c7946743eb62af9697ebe6b7297f95","sha1":"571b72641e6b2b71b25826202d8ad2d5f6e0e8f5","sha256":"be81a3a11f0876af79a040a47545d06bbb622e140cdf67ab01ca939e6864e619"},"dob":{"date":"1982-08-16T20:34:20.926Z","age":41},"registered":{"date":"2019-07-08T16:38:18.072Z","age":4},"phone":"024-47963333","cell":"0903-976-6987","id":{"name":"","value":null},"picture":{"large":"https://randomuser.me/api/portraits/women/66.jpg","medium":"https://randomuser.me/api/portraits/med/women/66.jpg","thumbnail":"https://randomuser.me/api/portraits/thumb/women/66.jpg"},"nat":"IR"}],"info":{"seed":"37d41c3811b04ffb","results":1,"page":1,"version":"1.4"}} 
 </msg>
<msg time="2024-06-04T22:15:01.119251" level="INFO">/opt/hostedtoolcache/Python/3.12.3/x64/lib/python3.12/site-packages/urllib3/connectionpool.py:1103: InsecureRequestWarning: Unverified HTTPS request is being made to host 'randomuser.me'. Adding certificate verification is strongly advised. See: https://urllib3.readthedocs.io/en/latest/advanced-usage.html#tls-warnings
  warnings.warn(</msg>
<msg time="2024-06-04T22:15:01.119414" level="INFO">${response} = &lt;Response [200]&gt;</msg>
<var>${response}</var>
<arg>consultarAPI</arg>
<arg>/api</arg>
<doc>Sends a GET request on a previously created HTTP Session.</doc>
<status status="PASS" start="2024-06-04T22:15:01.018131" elapsed="0.101323"/>
</kw>
<kw name="Set Variable" owner="BuiltIn">
<msg time="2024-06-04T22:15:01.120901" level="INFO">${json_data} = {'results': [{'gender': 'female', 'name': {'title': 'Ms', 'first': 'پارمیس', 'last': 'علیزاده'}, 'location': {'street': {'number': 7078, 'name': 'یادگار امام'}, 'city': 'اراک', 'state': 'فارس', 'count...</msg>
<var>${json_data}</var>
<arg>${response.json()}</arg>
<doc>Returns the given values which can then be assigned to a variables.</doc>
<status status="PASS" start="2024-06-04T22:15:01.120140" elapsed="0.000806"/>
</kw>
<kw name="Log" owner="BuiltIn">
<msg time="2024-06-04T22:15:01.121628" level="INFO">{'results': [{'gender': 'female', 'name': {'title': 'Ms', 'first': 'پارمیس', 'last': 'علیزاده'}, 'location': {'street': {'number': 7078, 'name': 'یادگار امام'}, 'city': 'اراک', 'state': 'فارس', 'country': 'Iran', 'postcode': 83751, 'coordinates': {'latitude': '18.6911', 'longitude': '166.7129'}, 'timezone': {'offset': '-6:00', 'description': 'Central Time (US &amp; Canada), Mexico City'}}, 'email': 'prmys.aalyzdh@example.com', 'login': {'uuid': 'd7e3bf07-df4b-4049-8454-fdada467cfa5', 'username': 'brownwolf846', 'password': 'franky', 'salt': '8sUcpKYq', 'md5': 'd8c7946743eb62af9697ebe6b7297f95', 'sha1': '571b72641e6b2b71b25826202d8ad2d5f6e0e8f5', 'sha256': 'be81a3a11f0876af79a040a47545d06bbb622e140cdf67ab01ca939e6864e619'}, 'dob': {'date': '1982-08-16T20:34:20.926Z', 'age': 41}, 'registered': {'date': '2019-07-08T16:38:18.072Z', 'age': 4}, 'phone': '024-47963333', 'cell': '0903-976-6987', 'id': {'name': '', 'value': None}, 'picture': {'large': 'https://randomuser.me/api/portraits/women/66.jpg', 'medium': 'https://randomuser.me/api/portraits/med/women/66.jpg', 'thumbnail': 'https://randomuser.me/api/portraits/thumb/women/66.jpg'}, 'nat': 'IR'}], 'info': {'seed': '37d41c3811b04ffb', 'results': 1, 'page': 1, 'version': '1.4'}}</msg>
<arg>${json_data}</arg>
<doc>Logs the given message with the given level.</doc>
<status status="PASS" start="2024-06-04T22:15:01.121399" elapsed="0.000361"/>
</kw>
<kw name="Should Be String" owner="String">
<arg>${json_data['results'][0]['gender']}</arg>
<doc>Fails if the given ``item`` is not a string.</doc>
<status status="PASS" start="2024-06-04T22:15:01.122205" elapsed="0.000543"/>
</kw>
<kw name="Should Match Regexp" owner="BuiltIn">
<arg>${json_data['results'][0]['email']}</arg>
<arg>^[a-zA-Z0-9._%+-]+@[a-zA-Z0-9.-]+\.[a-zA-Z]{2,}$</arg>
<doc>Fails if ``string`` does not match ``pattern`` as a regular expression.</doc>
<status status="PASS" start="2024-06-04T22:15:01.123044" elapsed="0.001030"/>
</kw>
<kw name="Should Match Regexp" owner="BuiltIn">
<arg>${json_data['results'][0]['dob']['date']}</arg>
<arg>\\d{4}-\\d{2}-\\d{2}T\\d{2}:\\d{2}:\\d{2}\\.\\d{3}Z</arg>
<doc>Fails if ``string`` does not match ``pattern`` as a regular expression.</doc>
<status status="PASS" start="2024-06-04T22:15:01.124421" elapsed="0.000791"/>
</kw>
<kw name="Should Match Regexp" owner="BuiltIn">
<arg>${json_data['results'][0]['registered']['date']}</arg>
<arg>\\d{4}-\\d{2}-\\d{2}T\\d{2}:\\d{2}:\\d{2}\\.\\d{3}Z</arg>
<doc>Fails if ``string`` does not match ``pattern`` as a regular expression.</doc>
<status status="PASS" start="2024-06-04T22:15:01.125459" elapsed="0.000388"/>
</kw>
<kw name="Should Match Regexp" owner="BuiltIn">
<arg>${json_data['results'][0]['picture']['large']}</arg>
<arg>^https?://.*\.(?:png|jpe?g|gif|bmp)$</arg>
<doc>Fails if ``string`` does not match ``pattern`` as a regular expression.</doc>
<status status="PASS" start="2024-06-04T22:15:01.126044" elapsed="0.000476"/>
</kw>
<kw name="Should Match Regexp" owner="BuiltIn">
<arg>${json_data['results'][0]['picture']['medium']}</arg>
<arg>^https?://.*\.(?:png|jpe?g|gif|bmp)$</arg>
<doc>Fails if ``string`` does not match ``pattern`` as a regular expression.</doc>
<status status="PASS" start="2024-06-04T22:15:01.126716" elapsed="0.000361"/>
</kw>
<kw name="Should Match Regexp" owner="BuiltIn">
<arg>${json_data['results'][0]['picture']['thumbnail']}</arg>
<arg>^https?://.*\.(?:png|jpe?g|gif|bmp)$</arg>
<doc>Fails if ``string`` does not match ``pattern`` as a regular expression.</doc>
<status status="PASS" start="2024-06-04T22:15:01.127267" elapsed="0.000347"/>
</kw>
<kw name="Log" owner="BuiltIn">
<msg time="2024-06-04T22:15:01.128176" level="INFO">{'large': 'https://randomuser.me/api/portraits/women/66.jpg', 'medium': 'https://randomuser.me/api/portraits/med/women/66.jpg', 'thumbnail': 'https://randomuser.me/api/portraits/thumb/women/66.jpg'}</msg>
<arg>${json_data['results'][0]['picture']}</arg>
<doc>Logs the given message with the given level.</doc>
<status status="PASS" start="2024-06-04T22:15:01.127799" elapsed="0.000424"/>
</kw>
<status status="PASS" start="2024-06-04T22:15:01.017896" elapsed="0.110631"/>
</kw>
<kw name="Teste de Tipos de Dados - Postcode" owner="random-user-service">
<kw name="GET On Session" owner="RequestsLibrary">
<msg time="2024-06-04T22:15:01.221972" level="INFO">GET Request : url=https://randomuser.me/api 
 path_url=/api 
 headers={'User-Agent': 'python-requests/2.32.3', 'Accept-Encoding': 'gzip, deflate', 'Accept': '*/*', 'Connection': 'keep-alive'} 
 body=None 
 </msg>
<msg time="2024-06-04T22:15:01.222083" level="INFO">GET Response : url=https://randomuser.me/api 
 status=200, reason=OK 
 headers={'Date': 'Tue, 04 Jun 2024 22:15:01 GMT', 'Content-Type': 'application/json; charset=utf-8', 'Transfer-Encoding': 'chunked', 'Connection': 'keep-alive', 'X-Powered-By': 'Express', 'Access-Control-Allow-Origin': '*', 'Cache-Control': 'no-cache', 'ETag': 'W/"47b-n93vGCuuFmwoxy5Bl9ijcwVOvVM"', 'Vary': 'Accept-Encoding', 'Content-Encoding': 'gzip', 'CF-Cache-Status': 'DYNAMIC', 'Report-To': '{"endpoints":[{"url":"https:\\/\\/a.nel.cloudflare.com\\/report\\/v4?s=Rh4yle3OJr4S%2F6nYJNAXspN1pSCUSY6vHpWnY7i3C4O75Os84yPG7Mn9Gvi9NPvX86%2Fmascym8AQNCzLatFlNfHICGyJUnfabY%2FiAQ7k13%2B44aWri7fk47k5%2FmfecCmm"}],"group":"cf-nel","max_age":604800}', 'NEL': '{"success_fraction":0,"report_to":"cf-nel","max_age":604800}', 'Server': 'cloudflare', 'CF-RAY': '88eb47781aa36336-ORD', 'alt-svc': 'h3=":443"; ma=86400'} 
 body={"results":[{"gender":"male","name":{"title":"Mr","first":"Chandresh","last":"Manjunath"},"location":{"street":{"number":3217,"name":"Commercial St"},"city":"Alappuzha","state":"Sikkim","country":"India","postcode":83424,"coordinates":{"latitude":"8.7798","longitude":"-89.5144"},"timezone":{"offset":"-3:30","description":"Newfoundland"}},"email":"chandresh.manjunath@example.com","login":{"uuid":"474530dd-2756-4a41-adfe-6772f8120750","username":"whiteswan439","password":"sunny1","salt":"kEwxOrej","md5":"d78ca1c562f353c5f42ddd12a17d59b1","sha1":"c0e719cc664bf058915e38a79c1abc498e9b799e","sha256":"d5c9c924e1672025792f3e50c6bad161668e4412d3a7e6ce70fe26b1dca56932"},"dob":{"date":"1972-09-07T18:15:56.233Z","age":51},"registered":{"date":"2012-01-27T14:23:09.071Z","age":12},"phone":"9511043067","cell":"7913609714","id":{"name":"UIDAI","value":"436637715233"},"picture":{"large":"https://randomuser.me/api/portraits/men/13.jpg","medium":"https://randomuser.me/api/portraits/med/men/13.jpg","thumbnail":"https://randomuser.me/api/portraits/thumb/men/13.jpg"},"nat":"IN"}],"info":{"seed":"4d393dab14dd3542","results":1,"page":1,"version":"1.4"}} 
 </msg>
<msg time="2024-06-04T22:15:01.222164" level="INFO">/opt/hostedtoolcache/Python/3.12.3/x64/lib/python3.12/site-packages/urllib3/connectionpool.py:1103: InsecureRequestWarning: Unverified HTTPS request is being made to host 'randomuser.me'. Adding certificate verification is strongly advised. See: https://urllib3.readthedocs.io/en/latest/advanced-usage.html#tls-warnings
  warnings.warn(</msg>
<msg time="2024-06-04T22:15:01.222309" level="INFO">${response} = &lt;Response [200]&gt;</msg>
<var>${response}</var>
<arg>consultarAPI</arg>
<arg>/api</arg>
<doc>Sends a GET request on a previously created HTTP Session.</doc>
<status status="PASS" start="2024-06-04T22:15:01.128993" elapsed="0.093358"/>
</kw>
<kw name="Set Variable" owner="BuiltIn">
<msg time="2024-06-04T22:15:01.223556" level="INFO">${json_data} = {'results': [{'gender': 'male', 'name': {'title': 'Mr', 'first': 'Chandresh', 'last': 'Manjunath'}, 'location': {'street': {'number': 3217, 'name': 'Commercial St'}, 'city': 'Alappuzha', 'state': 'Sik...</msg>
<var>${json_data}</var>
<arg>${response.json()}</arg>
<doc>Returns the given values which can then be assigned to a variables.</doc>
<status status="PASS" start="2024-06-04T22:15:01.222991" elapsed="0.000593"/>
</kw>
<kw name="Log" owner="BuiltIn">
<msg time="2024-06-04T22:15:01.224088" level="INFO">{'results': [{'gender': 'male', 'name': {'title': 'Mr', 'first': 'Chandresh', 'last': 'Manjunath'}, 'location': {'street': {'number': 3217, 'name': 'Commercial St'}, 'city': 'Alappuzha', 'state': 'Sikkim', 'country': 'India', 'postcode': 83424, 'coordinates': {'latitude': '8.7798', 'longitude': '-89.5144'}, 'timezone': {'offset': '-3:30', 'description': 'Newfoundland'}}, 'email': 'chandresh.manjunath@example.com', 'login': {'uuid': '474530dd-2756-4a41-adfe-6772f8120750', 'username': 'whiteswan439', 'password': 'sunny1', 'salt': 'kEwxOrej', 'md5': 'd78ca1c562f353c5f42ddd12a17d59b1', 'sha1': 'c0e719cc664bf058915e38a79c1abc498e9b799e', 'sha256': 'd5c9c924e1672025792f3e50c6bad161668e4412d3a7e6ce70fe26b1dca56932'}, 'dob': {'date': '1972-09-07T18:15:56.233Z', 'age': 51}, 'registered': {'date': '2012-01-27T14:23:09.071Z', 'age': 12}, 'phone': '9511043067', 'cell': '7913609714', 'id': {'name': 'UIDAI', 'value': '436637715233'}, 'picture': {'large': 'https://randomuser.me/api/portraits/men/13.jpg', 'medium': 'https://randomuser.me/api/portraits/med/men/13.jpg', 'thumbnail': 'https://randomuser.me/api/portraits/thumb/men/13.jpg'}, 'nat': 'IN'}], 'info': {'seed': '4d393dab14dd3542', 'results': 1, 'page': 1, 'version': '1.4'}}</msg>
<arg>${json_data}</arg>
<doc>Logs the given message with the given level.</doc>
<status status="PASS" start="2024-06-04T22:15:01.223893" elapsed="0.000295"/>
</kw>
<kw name="Should Be Equal As Numbers" owner="BuiltIn">
<arg>${json_data['results'][0]['location']['postcode']}</arg>
<arg>${json_data['results'][0]['location']['postcode']}</arg>
<doc>Fails if objects are unequal after converting them to real numbers.</doc>
<status status="PASS" start="2024-06-04T22:15:01.224496" elapsed="0.000622"/>
</kw>
<kw name="Log" owner="BuiltIn">
<msg time="2024-06-04T22:15:01.225652" level="INFO">83424</msg>
<arg>${json_data['results'][0]['location']['postcode']}</arg>
<doc>Logs the given message with the given level.</doc>
<status status="PASS" start="2024-06-04T22:15:01.225317" elapsed="0.000376"/>
</kw>
<status status="PASS" start="2024-06-04T22:15:01.128758" elapsed="0.097190"/>
</kw>
<doc>Testa se os tipos de dados na resposta da API estão corretos.</doc>
<tag>testeTiposDados</tag>
<status status="PASS" start="2024-06-04T22:15:01.017420" elapsed="0.208700"/>
</test>
<test id="s1-s1-t5" name="Validar conteudo" line="35">
<kw name="Teste de Tipos de Conteudo" owner="random-user-service">
<kw name="GET On Session" owner="RequestsLibrary">
<msg time="2024-06-04T22:15:01.339874" level="INFO">GET Request : url=https://randomuser.me/api 
 path_url=/api 
 headers={'User-Agent': 'python-requests/2.32.3', 'Accept-Encoding': 'gzip, deflate', 'Accept': '*/*', 'Connection': 'keep-alive'} 
 body=None 
 </msg>
<msg time="2024-06-04T22:15:01.339971" level="INFO">GET Response : url=https://randomuser.me/api 
 status=200, reason=OK 
 headers={'Date': 'Tue, 04 Jun 2024 22:15:01 GMT', 'Content-Type': 'application/json; charset=utf-8', 'Transfer-Encoding': 'chunked', 'Connection': 'keep-alive', 'X-Powered-By': 'Express', 'Access-Control-Allow-Origin': '*', 'Cache-Control': 'no-cache', 'ETag': 'W/"482-aDa+gohDPPgyT5/YetgnRnG1nKo"', 'Vary': 'Accept-Encoding', 'Content-Encoding': 'gzip', 'CF-Cache-Status': 'DYNAMIC', 'Report-To': '{"endpoints":[{"url":"https:\\/\\/a.nel.cloudflare.com\\/report\\/v4?s=%2BiVkXJoLEi4sVRikwmB6c7Skc7ZtxD037xm%2F%2FeUv9nfS5QMWhFG825PYlI1LiGusWEhr%2FyY3NGnLkEimOnUZGF%2BA%2FjLDwG9oAYcGg3ZmDFKAK4NuF09YOe9P3e3uHObI"}],"group":"cf-nel","max_age":604800}', 'NEL': '{"success_fraction":0,"report_to":"cf-nel","max_age":604800}', 'Server': 'cloudflare', 'CF-RAY': '88eb4778bb6c6336-ORD', 'alt-svc': 'h3=":443"; ma=86400'} 
 body={"results":[{"gender":"male","name":{"title":"Mr","first":"Adam","last":"Fowler"},"location":{"street":{"number":6860,"name":"Camden Ave"},"city":"Manchester","state":"Alabama","country":"United States","postcode":37189,"coordinates":{"latitude":"87.0421","longitude":"-136.4104"},"timezone":{"offset":"-12:00","description":"Eniwetok, Kwajalein"}},"email":"adam.fowler@example.com","login":{"uuid":"040a1804-604e-47d5-b31e-0b648bf99a94","username":"bigtiger110","password":"christop","salt":"zds6E3wR","md5":"d52cf82f96344ba2fcdec76cc246ae4f","sha1":"eafc723349d779f878d68ebec80cbc06e69c410a","sha256":"7c9c6c7f03266db797b1c8d11ee8c7ddd11a8d286edc0cfc397b183e9494c8dd"},"dob":{"date":"1985-12-07T05:14:34.412Z","age":38},"registered":{"date":"2010-09-23T01:49:41.691Z","age":13},"phone":"(669) 666-5371","cell":"(373) 822-7659","id":{"name":"SSN","value":"478-84-4677"},"picture":{"large":"https://randomuser.me/api/portraits/men/26.jpg","medium":"https://randomuser.me/api/portraits/med/men/26.jpg","thumbnail":"https://randomuser.me/api/portraits/thumb/men/26.jpg"},"nat":"US"}],"info":{"seed":"c575deb343708ccf","results":1,"page":1,"version":"1.4"}} 
 </msg>
<msg time="2024-06-04T22:15:01.340075" level="INFO">/opt/hostedtoolcache/Python/3.12.3/x64/lib/python3.12/site-packages/urllib3/connectionpool.py:1103: InsecureRequestWarning: Unverified HTTPS request is being made to host 'randomuser.me'. Adding certificate verification is strongly advised. See: https://urllib3.readthedocs.io/en/latest/advanced-usage.html#tls-warnings
  warnings.warn(</msg>
<msg time="2024-06-04T22:15:01.340210" level="INFO">${response} = &lt;Response [200]&gt;</msg>
<var>${response}</var>
<arg>consultarAPI</arg>
<arg>/api</arg>
<doc>Sends a GET request on a previously created HTTP Session.</doc>
<status status="PASS" start="2024-06-04T22:15:01.228704" elapsed="0.111547"/>
</kw>
<kw name="Set Variable" owner="BuiltIn">
<msg time="2024-06-04T22:15:01.341443" level="INFO">${json_data} = {'results': [{'gender': 'male', 'name': {'title': 'Mr', 'first': 'Adam', 'last': 'Fowler'}, 'location': {'street': {'number': 6860, 'name': 'Camden Ave'}, 'city': 'Manchester', 'state': 'Alabama', 'co...</msg>
<var>${json_data}</var>
<arg>${response.json()}</arg>
<doc>Returns the given values which can then be assigned to a variables.</doc>
<status status="PASS" start="2024-06-04T22:15:01.340880" elapsed="0.000593"/>
</kw>
<kw name="Set Variable" owner="BuiltIn">
<msg time="2024-06-04T22:15:01.342176" level="INFO">${name_title} = Mr</msg>
<var>${name_title}</var>
<arg>${json_data["results"][0]["name"]["title"]}</arg>
<doc>Returns the given values which can then be assigned to a variables.</doc>
<status status="PASS" start="2024-06-04T22:15:01.341790" elapsed="0.000412"/>
</kw>
<kw name="Create List" owner="BuiltIn">
<msg time="2024-06-04T22:15:01.342650" level="INFO">${allowed_titles} = ['Mr', 'Ms', 'Miss', 'Mrs', 'Madame', 'Monsieur']</msg>
<var>${allowed_titles}</var>
<arg>Mr</arg>
<arg>Ms</arg>
<arg>Miss</arg>
<arg>Mrs</arg>
<arg>Madame</arg>
<arg>Monsieur</arg>
<doc>Returns a list containing given items.</doc>
<status status="PASS" start="2024-06-04T22:15:01.342501" elapsed="0.000173"/>
</kw>
<kw name="List Should Contain Value" owner="Collections">
<msg time="2024-06-04T22:15:01.343158" level="INFO">False</msg>
<arg>${allowed_titles}</arg>
<arg>${name_title}</arg>
<doc>Fails if the ``value`` is not found from ``list``.</doc>
<status status="PASS" start="2024-06-04T22:15:01.342978" elapsed="0.000216"/>
</kw>
<kw name="Set Variable" owner="BuiltIn">
<msg time="2024-06-04T22:15:01.344088" level="INFO">${name_country} = US</msg>
<var>${name_country}</var>
<arg>${json_data["results"][0]["nat"]}</arg>
<doc>Returns the given values which can then be assigned to a variables.</doc>
<status status="PASS" start="2024-06-04T22:15:01.343486" elapsed="0.000630"/>
</kw>
<kw name="Create List" owner="BuiltIn">
<msg time="2024-06-04T22:15:01.345034" level="INFO">${list_country} = ['AD', 'AE', 'AF', 'AG', 'AI', 'AL', 'AM', 'AO', 'AQ', 'AR', 'AS', 'AT', 'AU', 'AW', 'AX', 'AZ', 'BA', 'BB', 'BD', 'BE', 'BF', 'BG', 'BH', 'BI', 'BJ', 'BL', 'BM', 'BN', 'BO', 'BQ', 'BR', 'BS', 'BT', '...</msg>
<var>${list_country}</var>
<arg>AD</arg>
<arg>AE</arg>
<arg>AF</arg>
<arg>AG</arg>
<arg>AI</arg>
<arg>AL</arg>
<arg>AM</arg>
<arg>AO</arg>
<arg>AQ</arg>
<arg>AR</arg>
<arg>AS</arg>
<arg>AT</arg>
<arg>AU</arg>
<arg>AW</arg>
<arg>AX</arg>
<arg>AZ</arg>
<arg>BA</arg>
<arg>BB</arg>
<arg>BD</arg>
<arg>BE</arg>
<arg>BF</arg>
<arg>BG</arg>
<arg>BH</arg>
<arg>BI</arg>
<arg>BJ</arg>
<arg>BL</arg>
<arg>BM</arg>
<arg>BN</arg>
<arg>BO</arg>
<arg>BQ</arg>
<arg>BR</arg>
<arg>BS</arg>
<arg>BT</arg>
<arg>BV</arg>
<arg>BW</arg>
<arg>BY</arg>
<arg>BZ</arg>
<arg>CA</arg>
<arg>CC</arg>
<arg>CD</arg>
<arg>CF</arg>
<arg>CG</arg>
<arg>CH</arg>
<arg>CI</arg>
<arg>CK</arg>
<arg>CL</arg>
<arg>CM</arg>
<arg>CN</arg>
<arg>CO</arg>
<arg>CR</arg>
<arg>CU</arg>
<arg>CV</arg>
<arg>CW</arg>
<arg>CX</arg>
<arg>CY</arg>
<arg>CZ</arg>
<arg>DE</arg>
<arg>DJ</arg>
<arg>DK</arg>
<arg>DM</arg>
<arg>DO</arg>
<arg>DZ</arg>
<arg>EC</arg>
<arg>EE</arg>
<arg>EG</arg>
<arg>EH</arg>
<arg>ER</arg>
<arg>ES</arg>
<arg>ET</arg>
<arg>FI</arg>
<arg>FJ</arg>
<arg>FK</arg>
<arg>FM</arg>
<arg>FO</arg>
<arg>FR</arg>
<arg>GA</arg>
<arg>GB</arg>
<arg>GD</arg>
<arg>GE</arg>
<arg>GF</arg>
<arg>GG</arg>
<arg>GH</arg>
<arg>GI</arg>
<arg>GL</arg>
<arg>GM</arg>
<arg>GN</arg>
<arg>GP</arg>
<arg>GQ</arg>
<arg>GR</arg>
<arg>GS</arg>
<arg>GT</arg>
<arg>GU</arg>
<arg>GW</arg>
<arg>GY</arg>
<arg>HK</arg>
<arg>HM</arg>
<arg>HN</arg>
<arg>HR</arg>
<arg>HT</arg>
<arg>HU</arg>
<arg>ID</arg>
<arg>IE</arg>
<arg>IL</arg>
<arg>IM</arg>
<arg>IN</arg>
<arg>IO</arg>
<arg>IQ</arg>
<arg>IR</arg>
<arg>IS</arg>
<arg>IT</arg>
<arg>JE</arg>
<arg>JM</arg>
<arg>JO</arg>
<arg>JP</arg>
<arg>KE</arg>
<arg>KG</arg>
<arg>KH</arg>
<arg>KI</arg>
<arg>KM</arg>
<arg>KN</arg>
<arg>KP</arg>
<arg>KR</arg>
<arg>KW</arg>
<arg>KY</arg>
<arg>KZ</arg>
<arg>LA</arg>
<arg>LB</arg>
<arg>LC</arg>
<arg>LI</arg>
<arg>LK</arg>
<arg>LR</arg>
<arg>LS</arg>
<arg>LT</arg>
<arg>LU</arg>
<arg>LV</arg>
<arg>LY</arg>
<arg>MA</arg>
<arg>MC</arg>
<arg>MD</arg>
<arg>ME</arg>
<arg>MF</arg>
<arg>MG</arg>
<arg>MH</arg>
<arg>MK</arg>
<arg>ML</arg>
<arg>MM</arg>
<arg>MN</arg>
<arg>MO</arg>
<arg>MP</arg>
<arg>MQ</arg>
<arg>MR</arg>
<arg>MS</arg>
<arg>MT</arg>
<arg>MU</arg>
<arg>MV</arg>
<arg>MW</arg>
<arg>MX</arg>
<arg>MY</arg>
<arg>MZ</arg>
<arg>NA</arg>
<arg>NC</arg>
<arg>NE</arg>
<arg>NF</arg>
<arg>NG</arg>
<arg>NI</arg>
<arg>NL</arg>
<arg>NO</arg>
<arg>NP</arg>
<arg>NR</arg>
<arg>NU</arg>
<arg>NZ</arg>
<arg>OM</arg>
<arg>PA</arg>
<arg>PE</arg>
<arg>PF</arg>
<arg>PG</arg>
<arg>PH</arg>
<arg>PK</arg>
<arg>PL</arg>
<arg>PM</arg>
<arg>PN</arg>
<arg>PR</arg>
<arg>PS</arg>
<arg>PT</arg>
<arg>PW</arg>
<arg>PY</arg>
<arg>QA</arg>
<arg>RE</arg>
<arg>RO</arg>
<arg>RS</arg>
<arg>RU</arg>
<arg>RW</arg>
<arg>SA</arg>
<arg>SB</arg>
<arg>SC</arg>
<arg>SD</arg>
<arg>SE</arg>
<arg>SG</arg>
<arg>SH</arg>
<arg>SI</arg>
<arg>SJ</arg>
<arg>SK</arg>
<arg>SL</arg>
<arg>SM</arg>
<arg>SN</arg>
<arg>SO</arg>
<arg>SR</arg>
<arg>SS</arg>
<arg>ST</arg>
<arg>SV</arg>
<arg>SX</arg>
<arg>SY</arg>
<arg>SZ</arg>
<arg>TC</arg>
<arg>TD</arg>
<arg>TF</arg>
<arg>TG</arg>
<arg>TH</arg>
<arg>TJ</arg>
<arg>TK</arg>
<arg>TL</arg>
<arg>TM</arg>
<arg>TN</arg>
<arg>TO</arg>
<arg>TR</arg>
<arg>TT</arg>
<arg>TV</arg>
<arg>TW</arg>
<arg>TZ</arg>
<arg>UA</arg>
<arg>UG</arg>
<arg>UM</arg>
<arg>US</arg>
<arg>UY</arg>
<arg>UZ</arg>
<arg>VA</arg>
<arg>VC</arg>
<arg>VE</arg>
<arg>VG</arg>
<arg>VI</arg>
<arg>VN</arg>
<arg>VU</arg>
<arg>WF</arg>
<arg>WS</arg>
<arg>XK</arg>
<arg>YE</arg>
<arg>YT</arg>
<arg>ZA</arg>
<arg>ZM</arg>
<arg>ZW</arg>
<doc>Returns a list containing given items.</doc>
<status status="PASS" start="2024-06-04T22:15:01.344441" elapsed="0.000619"/>
</kw>
<kw name="List Should Contain Value" owner="Collections">
<msg time="2024-06-04T22:15:01.346056" level="INFO">False</msg>
<arg>${list_country}</arg>
<arg>${name_country}</arg>
<doc>Fails if the ``value`` is not found from ``list``.</doc>
<status status="PASS" start="2024-06-04T22:15:01.345847" elapsed="0.000245"/>
</kw>
<kw name="Run Keyword If" owner="BuiltIn">
<kw name="Should Be True" owner="BuiltIn">
<arg>${True}</arg>
<doc>Fails if the given condition is not true.</doc>
<status status="PASS" start="2024-06-04T22:15:01.347162" elapsed="0.000144"/>
</kw>
<arg>${json_data["results"][0]["location"]["coordinates"]["latitude"]} &gt;= -90 and ${json_data["results"][0]["location"]["coordinates"]["latitude"]} &lt;= 90</arg>
<arg>Should Be True</arg>
<arg>${True}</arg>
<doc>Runs the given keyword with the given arguments, if ``condition`` is true.</doc>
<status status="PASS" start="2024-06-04T22:15:01.346413" elapsed="0.001022"/>
</kw>
<kw name="Run Keyword If" owner="BuiltIn">
<kw name="Should Be True" owner="BuiltIn">
<arg>${True}</arg>
<doc>Fails if the given condition is not true.</doc>
<status status="PASS" start="2024-06-04T22:15:01.348346" elapsed="0.000139"/>
</kw>
<arg>${json_data["results"][0]["location"]["coordinates"]["longitude"]} &gt;= -180 and ${json_data["results"][0]["location"]["coordinates"]["longitude"]} &lt;= 180</arg>
<arg>Should Be True</arg>
<arg>${True}</arg>
<doc>Runs the given keyword with the given arguments, if ``condition`` is true.</doc>
<status status="PASS" start="2024-06-04T22:15:01.347624" elapsed="0.000984"/>
</kw>
<status status="PASS" start="2024-06-04T22:15:01.228463" elapsed="0.120275"/>
</kw>
<doc>Testa o conteúdo específico dos campos retornados pela API.</doc>
<tag>testeConteudo</tag>
<status status="PASS" start="2024-06-04T22:15:01.227891" elapsed="0.120999"/>
</test>
<status status="PASS" start="2024-06-04T22:15:00.450830" elapsed="0.900027"/>
</suite>
<status status="PASS" start="2024-06-04T22:15:00.437414" elapsed="0.918837"/>
</suite>
<statistics>
<total>
<stat pass="5" fail="0" skip="0">All Tests</stat>
</total>
<tag>
<stat pass="1" fail="0" skip="0">testeConteudo</stat>
<stat pass="1" fail="0" skip="0">testeEstruturaResposta</stat>
<stat pass="1" fail="0" skip="0">testeRequisicaoBasica</stat>
<stat pass="1" fail="0" skip="0">testeTiposDados</stat>
</tag>
<suite>
<stat pass="5" fail="0" skip="0" id="s1" name="Tests">Tests</stat>
<stat pass="5" fail="0" skip="0" id="s1-s1" name="Random-User-Test">Tests.Random-User-Test</stat>
</suite>
</statistics>
<errors>
</errors>
</robot>
