<?xml version="1.0" encoding="UTF-8"?>
<robot generator="Robot 7.0.1 (Python 3.12.3 on linux)" generated="2024-06-14T03:16:41.353963" rpa="false" schemaversion="5">
<suite id="s1" name="Tests" source="/home/runner/work/ApiRandomUser/ApiRandomUser/RamdonUser/tests">
<suite id="s1-s1" name="Random-User-Test" source="/home/runner/work/ApiRandomUser/ApiRandomUser/RamdonUser/tests/random-user-test.robot">
<test id="s1-s1-t1" name="Conectar" line="13">
<kw name="Conectar API" owner="random-user-service">
<kw name="Create Session" owner="RequestsLibrary">
<msg time="2024-06-14T03:16:41.757726" level="INFO">Creating Session using : alias=consultarAPI, url=https://randomuser.me/, headers={},                     cookies={}, auth=None, timeout=None, proxies=None, verify=False,                     debug=0 </msg>
<arg>consultarAPI</arg>
<arg>${URL}</arg>
<doc>Create Session: create a HTTP session to a server</doc>
<status status="PASS" start="2024-06-14T03:16:41.757511" elapsed="0.000414"/>
</kw>
<status status="PASS" start="2024-06-14T03:16:41.756399" elapsed="0.001915"/>
</kw>
<status status="PASS" start="2024-06-14T03:16:41.755844" elapsed="0.002673"/>
</test>
<test id="s1-s1-t2" name="Validar retorno 200 e JSON Válido" line="16">
<kw name="Teste de Requisicao Basica" owner="random-user-service">
<kw name="GET On Session" owner="RequestsLibrary">
<msg time="2024-06-14T03:16:42.152621" level="INFO">GET Request : url=https://randomuser.me/api 
 path_url=/api 
 headers={'User-Agent': 'python-requests/2.32.3', 'Accept-Encoding': 'gzip, deflate', 'Accept': '*/*', 'Connection': 'keep-alive'} 
 body=None 
 </msg>
<msg time="2024-06-14T03:16:42.152778" level="INFO">GET Response : url=https://randomuser.me/api 
 status=200, reason=OK 
 headers={'Date': 'Fri, 14 Jun 2024 03:16:42 GMT', 'Content-Type': 'application/json; charset=utf-8', 'Transfer-Encoding': 'chunked', 'Connection': 'keep-alive', 'X-Powered-By': 'Express', 'Access-Control-Allow-Origin': '*', 'Cache-Control': 'no-cache', 'ETag': 'W/"47d-a223uQoRBk+oq676w0NK+ILzvpc"', 'Vary': 'Accept-Encoding', 'Content-Encoding': 'gzip', 'CF-Cache-Status': 'DYNAMIC', 'Report-To': '{"endpoints":[{"url":"https:\\/\\/a.nel.cloudflare.com\\/report\\/v4?s=PYIDz0LAiC%2Bx5zPLl9aes1jICp%2FGHjnRFK5ldm7qAHlC%2FDGhc2ggfATjfVqjKkTQ1qZepm7eze9BBV%2Ftzc6LwvBMlesjuJD%2F6%2FhOBT%2BXenyt6uAUFOmJNg0Lm2kt09Jl"}],"group":"cf-nel","max_age":604800}', 'NEL': '{"success_fraction":0,"report_to":"cf-nel","max_age":604800}', 'Server': 'cloudflare', 'CF-RAY': '893729c1ef852315-ORD', 'alt-svc': 'h3=":443"; ma=86400'} 
 body={"results":[{"gender":"female","name":{"title":"Ms","first":"Nina","last":"Thomas"},"location":{"street":{"number":231,"name":"Emerson Street"},"city":"Masterton","state":"Marlborough","country":"New Zealand","postcode":20661,"coordinates":{"latitude":"55.0142","longitude":"110.1428"},"timezone":{"offset":"-11:00","description":"Midway Island, Samoa"}},"email":"nina.thomas@example.com","login":{"uuid":"bbd00366-1250-4cf1-a122-987b17e07141","username":"bluemeercat576","password":"body","salt":"jtaV0gke","md5":"f1761ef330f503fd1a94be86df369f23","sha1":"06d69854f0bde455832afe23a5132c565fb6b8df","sha256":"f65f7c784113d8b26359aee605648d14ba6f983a62a2cd3910aeb63bd6ac948d"},"dob":{"date":"1972-05-22T00:00:40.373Z","age":52},"registered":{"date":"2016-11-27T14:56:55.720Z","age":7},"phone":"(490)-403-1844","cell":"(588)-069-8754","id":{"name":"","value":null},"picture":{"large":"https://randomuser.me/api/portraits/women/8.jpg","medium":"https://randomuser.me/api/portraits/med/women/8.jpg","thumbnail":"https://randomuser.me/api/portraits/thumb/women/8.jpg"},"nat":"NZ"}],"info":{"seed":"a262d8c69165b7b9","results":1,"page":1,"version":"1.4"}} 
 </msg>
<msg time="2024-06-14T03:16:42.152862" level="INFO">/opt/hostedtoolcache/Python/3.12.3/x64/lib/python3.12/site-packages/urllib3/connectionpool.py:1103: InsecureRequestWarning: Unverified HTTPS request is being made to host 'randomuser.me'. Adding certificate verification is strongly advised. See: https://urllib3.readthedocs.io/en/latest/advanced-usage.html#tls-warnings
  warnings.warn(</msg>
<msg time="2024-06-14T03:16:42.153010" level="INFO">${response} = &lt;Response [200]&gt;</msg>
<var>${response}</var>
<arg>consultarAPI</arg>
<arg>/api</arg>
<doc>Sends a GET request on a previously created HTTP Session.</doc>
<status status="PASS" start="2024-06-14T03:16:41.761221" elapsed="0.391835"/>
</kw>
<kw name="Should Be Equal As Numbers" owner="BuiltIn">
<msg time="2024-06-14T03:16:42.154120" level="INFO">Argument types are:
&lt;class 'int'&gt;
&lt;class 'str'&gt;</msg>
<arg>${response.status_code}</arg>
<arg>200</arg>
<doc>Fails if objects are unequal after converting them to real numbers.</doc>
<status status="PASS" start="2024-06-14T03:16:42.153639" elapsed="0.000549"/>
</kw>
<kw name="Log" owner="BuiltIn">
<msg time="2024-06-14T03:16:42.154911" level="INFO">200</msg>
<arg>${response.status_code}</arg>
<doc>Logs the given message with the given level.</doc>
<status status="PASS" start="2024-06-14T03:16:42.154549" elapsed="0.000412"/>
</kw>
<kw name="Set Variable" owner="BuiltIn">
<msg time="2024-06-14T03:16:42.155717" level="INFO">${json_data} = {'results': [{'gender': 'female', 'name': {'title': 'Ms', 'first': 'Nina', 'last': 'Thomas'}, 'location': {'street': {'number': 231, 'name': 'Emerson Street'}, 'city': 'Masterton', 'state': 'Marlborou...</msg>
<var>${json_data}</var>
<arg>${response.json()}</arg>
<doc>Returns the given values which can then be assigned to a variables.</doc>
<status status="PASS" start="2024-06-14T03:16:42.155277" elapsed="0.000471"/>
</kw>
<kw name="Dictionary Should Contain Key" owner="Collections">
<arg>${json_data}</arg>
<arg>results</arg>
<doc>Fails if ``key`` is not found from ``dictionary``.</doc>
<status status="PASS" start="2024-06-14T03:16:42.156057" elapsed="0.000173"/>
</kw>
<status status="PASS" start="2024-06-14T03:16:41.760941" elapsed="0.395444"/>
</kw>
<doc>Testa se a API responde corretamente e retorna um objeto JSON válido.</doc>
<tag>testeRequisicaoBasica</tag>
<status status="PASS" start="2024-06-14T03:16:41.760397" elapsed="0.396169"/>
</test>
<test id="s1-s1-t3" name="Validar estrutura de resposta" line="22">
<kw name="Teste de Estrutura de Resposta" owner="random-user-service">
<kw name="GET On Session" owner="RequestsLibrary">
<msg time="2024-06-14T03:16:42.293531" level="INFO">GET Request : url=https://randomuser.me/api 
 path_url=/api 
 headers={'User-Agent': 'python-requests/2.32.3', 'Accept-Encoding': 'gzip, deflate', 'Accept': '*/*', 'Connection': 'keep-alive'} 
 body=None 
 </msg>
<msg time="2024-06-14T03:16:42.293615" level="INFO">GET Response : url=https://randomuser.me/api 
 status=200, reason=OK 
 headers={'Date': 'Fri, 14 Jun 2024 03:16:42 GMT', 'Content-Type': 'application/json; charset=utf-8', 'Transfer-Encoding': 'chunked', 'Connection': 'keep-alive', 'X-Powered-By': 'Express', 'Access-Control-Allow-Origin': '*', 'Cache-Control': 'no-cache', 'ETag': 'W/"49a-hqgFLpWHcxXScauVtCMm+kt0qRI"', 'Vary': 'Accept-Encoding', 'Content-Encoding': 'gzip', 'CF-Cache-Status': 'DYNAMIC', 'Report-To': '{"endpoints":[{"url":"https:\\/\\/a.nel.cloudflare.com\\/report\\/v4?s=ZoUflQJChGshYfxZnE94gILkunzqWoJu6ebxGg5cMYbWrQQklKk5Ib2OklDT8TbzN%2FzhZ%2Bep%2BJ80KfUW5q5zFOj1pE2OjVUba7%2BP%2Fls%2BUBEzmwmTQKUpFQ78tWH2zer8"}],"group":"cf-nel","max_age":604800}', 'NEL': '{"success_fraction":0,"report_to":"cf-nel","max_age":604800}', 'Server': 'cloudflare', 'CF-RAY': '893729c3794c2315-ORD', 'alt-svc': 'h3=":443"; ma=86400'} 
 body={"results":[{"gender":"female","name":{"title":"Ms","first":"Lily","last":"Gibson"},"location":{"street":{"number":8551,"name":"South Street"},"city":"Bristol","state":"Greater Manchester","country":"United Kingdom","postcode":"C8 4QQ","coordinates":{"latitude":"-8.3075","longitude":"150.7528"},"timezone":{"offset":"-7:00","description":"Mountain Time (US &amp; Canada)"}},"email":"lily.gibson@example.com","login":{"uuid":"94d2db26-8590-41c5-9a01-f6696007a065","username":"bigzebra438","password":"102030","salt":"wLdhYuJP","md5":"9889b5161e54c79887ae6c8b9935a5af","sha1":"e7f79dd08fb0d66199bb4701e493cb8acadf2d85","sha256":"179b3629f783b191cc1a01d0f12973dc8a403c4cb592fade131c75e80b04012f"},"dob":{"date":"1966-11-06T05:03:32.743Z","age":57},"registered":{"date":"2014-06-30T23:00:01.691Z","age":9},"phone":"016974 90936","cell":"07562 398349","id":{"name":"NINO","value":"LB 71 70 05 Z"},"picture":{"large":"https://randomuser.me/api/portraits/women/39.jpg","medium":"https://randomuser.me/api/portraits/med/women/39.jpg","thumbnail":"https://randomuser.me/api/portraits/thumb/women/39.jpg"},"nat":"GB"}],"info":{"seed":"bedeb4d53c4d306c","results":1,"page":1,"version":"1.4"}} 
 </msg>
<msg time="2024-06-14T03:16:42.293757" level="INFO">/opt/hostedtoolcache/Python/3.12.3/x64/lib/python3.12/site-packages/urllib3/connectionpool.py:1103: InsecureRequestWarning: Unverified HTTPS request is being made to host 'randomuser.me'. Adding certificate verification is strongly advised. See: https://urllib3.readthedocs.io/en/latest/advanced-usage.html#tls-warnings
  warnings.warn(</msg>
<msg time="2024-06-14T03:16:42.293852" level="INFO">${response} = &lt;Response [200]&gt;</msg>
<var>${response}</var>
<arg>consultarAPI</arg>
<arg>/api</arg>
<doc>Sends a GET request on a previously created HTTP Session.</doc>
<status status="PASS" start="2024-06-14T03:16:42.159423" elapsed="0.134462"/>
</kw>
<kw name="Set Variable" owner="BuiltIn">
<msg time="2024-06-14T03:16:42.294728" level="INFO">${json_data} = {'results': [{'gender': 'female', 'name': {'title': 'Ms', 'first': 'Lily', 'last': 'Gibson'}, 'location': {'street': {'number': 8551, 'name': 'South Street'}, 'city': 'Bristol', 'state': 'Greater Manc...</msg>
<var>${json_data}</var>
<arg>${response.json()}</arg>
<doc>Returns the given values which can then be assigned to a variables.</doc>
<status status="PASS" start="2024-06-14T03:16:42.294277" elapsed="0.000481"/>
</kw>
<kw name="Log" owner="BuiltIn">
<msg time="2024-06-14T03:16:42.295213" level="INFO">{'results': [{'gender': 'female', 'name': {'title': 'Ms', 'first': 'Lily', 'last': 'Gibson'}, 'location': {'street': {'number': 8551, 'name': 'South Street'}, 'city': 'Bristol', 'state': 'Greater Manchester', 'country': 'United Kingdom', 'postcode': 'C8 4QQ', 'coordinates': {'latitude': '-8.3075', 'longitude': '150.7528'}, 'timezone': {'offset': '-7:00', 'description': 'Mountain Time (US &amp; Canada)'}}, 'email': 'lily.gibson@example.com', 'login': {'uuid': '94d2db26-8590-41c5-9a01-f6696007a065', 'username': 'bigzebra438', 'password': '102030', 'salt': 'wLdhYuJP', 'md5': '9889b5161e54c79887ae6c8b9935a5af', 'sha1': 'e7f79dd08fb0d66199bb4701e493cb8acadf2d85', 'sha256': '179b3629f783b191cc1a01d0f12973dc8a403c4cb592fade131c75e80b04012f'}, 'dob': {'date': '1966-11-06T05:03:32.743Z', 'age': 57}, 'registered': {'date': '2014-06-30T23:00:01.691Z', 'age': 9}, 'phone': '016974 90936', 'cell': '07562 398349', 'id': {'name': 'NINO', 'value': 'LB 71 70 05 Z'}, 'picture': {'large': 'https://randomuser.me/api/portraits/women/39.jpg', 'medium': 'https://randomuser.me/api/portraits/med/women/39.jpg', 'thumbnail': 'https://randomuser.me/api/portraits/thumb/women/39.jpg'}, 'nat': 'GB'}], 'info': {'seed': 'bedeb4d53c4d306c', 'results': 1, 'page': 1, 'version': '1.4'}}</msg>
<arg>${json_data}</arg>
<doc>Logs the given message with the given level.</doc>
<status status="PASS" start="2024-06-14T03:16:42.295059" elapsed="0.000200"/>
</kw>
<kw name="Dictionary Should Contain Key" owner="Collections">
<arg>${json_data}</arg>
<arg>results</arg>
<doc>Fails if ``key`` is not found from ``dictionary``.</doc>
<status status="PASS" start="2024-06-14T03:16:42.295543" elapsed="0.000150"/>
</kw>
<kw name="Should Not Be Empty" owner="BuiltIn">
<msg time="2024-06-14T03:16:42.295994" level="INFO">Length is 2.</msg>
<arg>${json_data}</arg>
<doc>Verifies that the given item is not empty.</doc>
<status status="PASS" start="2024-06-14T03:16:42.295873" elapsed="0.000157"/>
</kw>
<kw name="Create List" owner="BuiltIn">
<msg time="2024-06-14T03:16:42.296456" level="INFO">${expected_keys} = ['gender', 'name', 'location', 'email', 'login']</msg>
<var>${expected_keys}</var>
<arg>gender</arg>
<arg>name</arg>
<arg>location</arg>
<arg>email</arg>
<arg>login</arg>
<doc>Returns a list containing given items.</doc>
<status status="PASS" start="2024-06-14T03:16:42.296312" elapsed="0.000168"/>
</kw>
<for flavor="IN">
<iter>
<kw name="Dictionary Should Contain Key" owner="Collections">
<arg>${json_data['results'][0]}</arg>
<arg>${key}</arg>
<doc>Fails if ``key`` is not found from ``dictionary``.</doc>
<status status="PASS" start="2024-06-14T03:16:42.297045" elapsed="0.000432"/>
</kw>
<kw name="Log" owner="BuiltIn">
<msg time="2024-06-14T03:16:42.298024" level="INFO">{'gender': 'female', 'name': {'title': 'Ms', 'first': 'Lily', 'last': 'Gibson'}, 'location': {'street': {'number': 8551, 'name': 'South Street'}, 'city': 'Bristol', 'state': 'Greater Manchester', 'country': 'United Kingdom', 'postcode': 'C8 4QQ', 'coordinates': {'latitude': '-8.3075', 'longitude': '150.7528'}, 'timezone': {'offset': '-7:00', 'description': 'Mountain Time (US &amp; Canada)'}}, 'email': 'lily.gibson@example.com', 'login': {'uuid': '94d2db26-8590-41c5-9a01-f6696007a065', 'username': 'bigzebra438', 'password': '102030', 'salt': 'wLdhYuJP', 'md5': '9889b5161e54c79887ae6c8b9935a5af', 'sha1': 'e7f79dd08fb0d66199bb4701e493cb8acadf2d85', 'sha256': '179b3629f783b191cc1a01d0f12973dc8a403c4cb592fade131c75e80b04012f'}, 'dob': {'date': '1966-11-06T05:03:32.743Z', 'age': 57}, 'registered': {'date': '2014-06-30T23:00:01.691Z', 'age': 9}, 'phone': '016974 90936', 'cell': '07562 398349', 'id': {'name': 'NINO', 'value': 'LB 71 70 05 Z'}, 'picture': {'large': 'https://randomuser.me/api/portraits/women/39.jpg', 'medium': 'https://randomuser.me/api/portraits/med/women/39.jpg', 'thumbnail': 'https://randomuser.me/api/portraits/thumb/women/39.jpg'}, 'nat': 'GB'}</msg>
<arg>${json_data['results'][0]}</arg>
<doc>Logs the given message with the given level.</doc>
<status status="PASS" start="2024-06-14T03:16:42.297669" elapsed="0.000404"/>
</kw>
<kw name="Log" owner="BuiltIn">
<msg time="2024-06-14T03:16:42.298488" level="INFO">gender</msg>
<arg>${key}</arg>
<doc>Logs the given message with the given level.</doc>
<status status="PASS" start="2024-06-14T03:16:42.298363" elapsed="0.000162"/>
</kw>
<var name="${key}">gender</var>
<status status="PASS" start="2024-06-14T03:16:42.296925" elapsed="0.001820"/>
</iter>
<iter>
<kw name="Dictionary Should Contain Key" owner="Collections">
<arg>${json_data['results'][0]}</arg>
<arg>${key}</arg>
<doc>Fails if ``key`` is not found from ``dictionary``.</doc>
<status status="PASS" start="2024-06-14T03:16:42.299036" elapsed="0.000379"/>
</kw>
<kw name="Log" owner="BuiltIn">
<msg time="2024-06-14T03:16:42.299979" level="INFO">{'gender': 'female', 'name': {'title': 'Ms', 'first': 'Lily', 'last': 'Gibson'}, 'location': {'street': {'number': 8551, 'name': 'South Street'}, 'city': 'Bristol', 'state': 'Greater Manchester', 'country': 'United Kingdom', 'postcode': 'C8 4QQ', 'coordinates': {'latitude': '-8.3075', 'longitude': '150.7528'}, 'timezone': {'offset': '-7:00', 'description': 'Mountain Time (US &amp; Canada)'}}, 'email': 'lily.gibson@example.com', 'login': {'uuid': '94d2db26-8590-41c5-9a01-f6696007a065', 'username': 'bigzebra438', 'password': '102030', 'salt': 'wLdhYuJP', 'md5': '9889b5161e54c79887ae6c8b9935a5af', 'sha1': 'e7f79dd08fb0d66199bb4701e493cb8acadf2d85', 'sha256': '179b3629f783b191cc1a01d0f12973dc8a403c4cb592fade131c75e80b04012f'}, 'dob': {'date': '1966-11-06T05:03:32.743Z', 'age': 57}, 'registered': {'date': '2014-06-30T23:00:01.691Z', 'age': 9}, 'phone': '016974 90936', 'cell': '07562 398349', 'id': {'name': 'NINO', 'value': 'LB 71 70 05 Z'}, 'picture': {'large': 'https://randomuser.me/api/portraits/women/39.jpg', 'medium': 'https://randomuser.me/api/portraits/med/women/39.jpg', 'thumbnail': 'https://randomuser.me/api/portraits/thumb/women/39.jpg'}, 'nat': 'GB'}</msg>
<arg>${json_data['results'][0]}</arg>
<doc>Logs the given message with the given level.</doc>
<status status="PASS" start="2024-06-14T03:16:42.299594" elapsed="0.000443"/>
</kw>
<kw name="Log" owner="BuiltIn">
<msg time="2024-06-14T03:16:42.300461" level="INFO">name</msg>
<arg>${key}</arg>
<doc>Logs the given message with the given level.</doc>
<status status="PASS" start="2024-06-14T03:16:42.300331" elapsed="0.000169"/>
</kw>
<var name="${key}">name</var>
<status status="PASS" start="2024-06-14T03:16:42.298927" elapsed="0.001789"/>
</iter>
<iter>
<kw name="Dictionary Should Contain Key" owner="Collections">
<arg>${json_data['results'][0]}</arg>
<arg>${key}</arg>
<doc>Fails if ``key`` is not found from ``dictionary``.</doc>
<status status="PASS" start="2024-06-14T03:16:42.300997" elapsed="0.000393"/>
</kw>
<kw name="Log" owner="BuiltIn">
<msg time="2024-06-14T03:16:42.301918" level="INFO">{'gender': 'female', 'name': {'title': 'Ms', 'first': 'Lily', 'last': 'Gibson'}, 'location': {'street': {'number': 8551, 'name': 'South Street'}, 'city': 'Bristol', 'state': 'Greater Manchester', 'country': 'United Kingdom', 'postcode': 'C8 4QQ', 'coordinates': {'latitude': '-8.3075', 'longitude': '150.7528'}, 'timezone': {'offset': '-7:00', 'description': 'Mountain Time (US &amp; Canada)'}}, 'email': 'lily.gibson@example.com', 'login': {'uuid': '94d2db26-8590-41c5-9a01-f6696007a065', 'username': 'bigzebra438', 'password': '102030', 'salt': 'wLdhYuJP', 'md5': '9889b5161e54c79887ae6c8b9935a5af', 'sha1': 'e7f79dd08fb0d66199bb4701e493cb8acadf2d85', 'sha256': '179b3629f783b191cc1a01d0f12973dc8a403c4cb592fade131c75e80b04012f'}, 'dob': {'date': '1966-11-06T05:03:32.743Z', 'age': 57}, 'registered': {'date': '2014-06-30T23:00:01.691Z', 'age': 9}, 'phone': '016974 90936', 'cell': '07562 398349', 'id': {'name': 'NINO', 'value': 'LB 71 70 05 Z'}, 'picture': {'large': 'https://randomuser.me/api/portraits/women/39.jpg', 'medium': 'https://randomuser.me/api/portraits/med/women/39.jpg', 'thumbnail': 'https://randomuser.me/api/portraits/thumb/women/39.jpg'}, 'nat': 'GB'}</msg>
<arg>${json_data['results'][0]}</arg>
<doc>Logs the given message with the given level.</doc>
<status status="PASS" start="2024-06-14T03:16:42.301574" elapsed="0.000392"/>
</kw>
<kw name="Log" owner="BuiltIn">
<msg time="2024-06-14T03:16:42.302373" level="INFO">location</msg>
<arg>${key}</arg>
<doc>Logs the given message with the given level.</doc>
<status status="PASS" start="2024-06-14T03:16:42.302250" elapsed="0.000159"/>
</kw>
<var name="${key}">location</var>
<status status="PASS" start="2024-06-14T03:16:42.300890" elapsed="0.001738"/>
</iter>
<iter>
<kw name="Dictionary Should Contain Key" owner="Collections">
<arg>${json_data['results'][0]}</arg>
<arg>${key}</arg>
<doc>Fails if ``key`` is not found from ``dictionary``.</doc>
<status status="PASS" start="2024-06-14T03:16:42.302901" elapsed="0.000375"/>
</kw>
<kw name="Log" owner="BuiltIn">
<msg time="2024-06-14T03:16:42.303806" level="INFO">{'gender': 'female', 'name': {'title': 'Ms', 'first': 'Lily', 'last': 'Gibson'}, 'location': {'street': {'number': 8551, 'name': 'South Street'}, 'city': 'Bristol', 'state': 'Greater Manchester', 'country': 'United Kingdom', 'postcode': 'C8 4QQ', 'coordinates': {'latitude': '-8.3075', 'longitude': '150.7528'}, 'timezone': {'offset': '-7:00', 'description': 'Mountain Time (US &amp; Canada)'}}, 'email': 'lily.gibson@example.com', 'login': {'uuid': '94d2db26-8590-41c5-9a01-f6696007a065', 'username': 'bigzebra438', 'password': '102030', 'salt': 'wLdhYuJP', 'md5': '9889b5161e54c79887ae6c8b9935a5af', 'sha1': 'e7f79dd08fb0d66199bb4701e493cb8acadf2d85', 'sha256': '179b3629f783b191cc1a01d0f12973dc8a403c4cb592fade131c75e80b04012f'}, 'dob': {'date': '1966-11-06T05:03:32.743Z', 'age': 57}, 'registered': {'date': '2014-06-30T23:00:01.691Z', 'age': 9}, 'phone': '016974 90936', 'cell': '07562 398349', 'id': {'name': 'NINO', 'value': 'LB 71 70 05 Z'}, 'picture': {'large': 'https://randomuser.me/api/portraits/women/39.jpg', 'medium': 'https://randomuser.me/api/portraits/med/women/39.jpg', 'thumbnail': 'https://randomuser.me/api/portraits/thumb/women/39.jpg'}, 'nat': 'GB'}</msg>
<arg>${json_data['results'][0]}</arg>
<doc>Logs the given message with the given level.</doc>
<status status="PASS" start="2024-06-14T03:16:42.303455" elapsed="0.000400"/>
</kw>
<kw name="Log" owner="BuiltIn">
<msg time="2024-06-14T03:16:42.304274" level="INFO">email</msg>
<arg>${key}</arg>
<doc>Logs the given message with the given level.</doc>
<status status="PASS" start="2024-06-14T03:16:42.304149" elapsed="0.000162"/>
</kw>
<var name="${key}">email</var>
<status status="PASS" start="2024-06-14T03:16:42.302797" elapsed="0.001725"/>
</iter>
<iter>
<kw name="Dictionary Should Contain Key" owner="Collections">
<arg>${json_data['results'][0]}</arg>
<arg>${key}</arg>
<doc>Fails if ``key`` is not found from ``dictionary``.</doc>
<status status="PASS" start="2024-06-14T03:16:42.304797" elapsed="0.000369"/>
</kw>
<kw name="Log" owner="BuiltIn">
<msg time="2024-06-14T03:16:42.305745" level="INFO">{'gender': 'female', 'name': {'title': 'Ms', 'first': 'Lily', 'last': 'Gibson'}, 'location': {'street': {'number': 8551, 'name': 'South Street'}, 'city': 'Bristol', 'state': 'Greater Manchester', 'country': 'United Kingdom', 'postcode': 'C8 4QQ', 'coordinates': {'latitude': '-8.3075', 'longitude': '150.7528'}, 'timezone': {'offset': '-7:00', 'description': 'Mountain Time (US &amp; Canada)'}}, 'email': 'lily.gibson@example.com', 'login': {'uuid': '94d2db26-8590-41c5-9a01-f6696007a065', 'username': 'bigzebra438', 'password': '102030', 'salt': 'wLdhYuJP', 'md5': '9889b5161e54c79887ae6c8b9935a5af', 'sha1': 'e7f79dd08fb0d66199bb4701e493cb8acadf2d85', 'sha256': '179b3629f783b191cc1a01d0f12973dc8a403c4cb592fade131c75e80b04012f'}, 'dob': {'date': '1966-11-06T05:03:32.743Z', 'age': 57}, 'registered': {'date': '2014-06-30T23:00:01.691Z', 'age': 9}, 'phone': '016974 90936', 'cell': '07562 398349', 'id': {'name': 'NINO', 'value': 'LB 71 70 05 Z'}, 'picture': {'large': 'https://randomuser.me/api/portraits/women/39.jpg', 'medium': 'https://randomuser.me/api/portraits/med/women/39.jpg', 'thumbnail': 'https://randomuser.me/api/portraits/thumb/women/39.jpg'}, 'nat': 'GB'}</msg>
<arg>${json_data['results'][0]}</arg>
<doc>Logs the given message with the given level.</doc>
<status status="PASS" start="2024-06-14T03:16:42.305392" elapsed="0.000402"/>
</kw>
<kw name="Log" owner="BuiltIn">
<msg time="2024-06-14T03:16:42.306304" level="INFO">login</msg>
<arg>${key}</arg>
<doc>Logs the given message with the given level.</doc>
<status status="PASS" start="2024-06-14T03:16:42.306080" elapsed="0.000261"/>
</kw>
<var name="${key}">login</var>
<status status="PASS" start="2024-06-14T03:16:42.304691" elapsed="0.001864"/>
</iter>
<var>${key}</var>
<value>@{expected_keys}</value>
<status status="PASS" start="2024-06-14T03:16:42.296734" elapsed="0.009939"/>
</for>
<kw name="Create List" owner="BuiltIn">
<msg time="2024-06-14T03:16:42.307019" level="INFO">${expected_keysTwo} = ['username', 'password']</msg>
<var>${expected_keysTwo}</var>
<arg>username</arg>
<arg>password</arg>
<doc>Returns a list containing given items.</doc>
<status status="PASS" start="2024-06-14T03:16:42.306885" elapsed="0.000157"/>
</kw>
<for flavor="IN">
<iter>
<kw name="Dictionary Should Contain Key" owner="Collections">
<arg>${json_data['results'][0]['login']}</arg>
<arg>${keyTwo}</arg>
<doc>Fails if ``key`` is not found from ``dictionary``.</doc>
<status status="PASS" start="2024-06-14T03:16:42.307525" elapsed="0.000371"/>
</kw>
<kw name="Dictionary Should Contain Key" owner="Collections">
<arg>${json_data['results'][0]['login']}</arg>
<arg>${keyTwo}</arg>
<doc>Fails if ``key`` is not found from ``dictionary``.</doc>
<status status="PASS" start="2024-06-14T03:16:42.308074" elapsed="0.000369"/>
</kw>
<kw name="Log" owner="BuiltIn">
<msg time="2024-06-14T03:16:42.308731" level="INFO">username</msg>
<arg>${keyTwo}</arg>
<doc>Logs the given message with the given level.</doc>
<status status="PASS" start="2024-06-14T03:16:42.308616" elapsed="0.000150"/>
</kw>
<var name="${keyTwo}">username</var>
<status status="PASS" start="2024-06-14T03:16:42.307421" elapsed="0.001563"/>
</iter>
<iter>
<kw name="Dictionary Should Contain Key" owner="Collections">
<arg>${json_data['results'][0]['login']}</arg>
<arg>${keyTwo}</arg>
<doc>Fails if ``key`` is not found from ``dictionary``.</doc>
<status status="PASS" start="2024-06-14T03:16:42.309286" elapsed="0.000367"/>
</kw>
<kw name="Dictionary Should Contain Key" owner="Collections">
<arg>${json_data['results'][0]['login']}</arg>
<arg>${keyTwo}</arg>
<doc>Fails if ``key`` is not found from ``dictionary``.</doc>
<status status="PASS" start="2024-06-14T03:16:42.309828" elapsed="0.000357"/>
</kw>
<kw name="Log" owner="BuiltIn">
<msg time="2024-06-14T03:16:42.310475" level="INFO">password</msg>
<arg>${keyTwo}</arg>
<doc>Logs the given message with the given level.</doc>
<status status="PASS" start="2024-06-14T03:16:42.310358" elapsed="0.000152"/>
</kw>
<var name="${keyTwo}">password</var>
<status status="PASS" start="2024-06-14T03:16:42.309158" elapsed="0.001571"/>
</iter>
<var>${keyTwo}</var>
<value>@{expected_keysTwo}</value>
<status status="PASS" start="2024-06-14T03:16:42.307273" elapsed="0.003575"/>
</for>
<status status="PASS" start="2024-06-14T03:16:42.159183" elapsed="0.151801"/>
</kw>
<doc>Testa a estrutura da resposta da API.</doc>
<tag>testeEstruturaResposta</tag>
<status status="PASS" start="2024-06-14T03:16:42.158486" elapsed="0.152649"/>
</test>
<test id="s1-s1-t4" name="Validar tipos de dados" line="28">
<kw name="Teste de Tipos de Dados" owner="random-user-service">
<kw name="GET On Session" owner="RequestsLibrary">
<msg time="2024-06-14T03:16:42.383951" level="INFO">GET Request : url=https://randomuser.me/api 
 path_url=/api 
 headers={'User-Agent': 'python-requests/2.32.3', 'Accept-Encoding': 'gzip, deflate', 'Accept': '*/*', 'Connection': 'keep-alive'} 
 body=None 
 </msg>
<msg time="2024-06-14T03:16:42.384017" level="INFO">GET Response : url=https://randomuser.me/api 
 status=200, reason=OK 
 headers={'Date': 'Fri, 14 Jun 2024 03:16:42 GMT', 'Content-Type': 'application/json; charset=utf-8', 'Transfer-Encoding': 'chunked', 'Connection': 'keep-alive', 'X-Powered-By': 'Express', 'Access-Control-Allow-Origin': '*', 'Cache-Control': 'no-cache', 'ETag': 'W/"48f-/4yPoV0Mhtu07IX1Fb44yyc4rbI"', 'Vary': 'Accept-Encoding', 'Content-Encoding': 'gzip', 'CF-Cache-Status': 'DYNAMIC', 'Report-To': '{"endpoints":[{"url":"https:\\/\\/a.nel.cloudflare.com\\/report\\/v4?s=arye5j7AZbZBXiBTuZtujVxDJwevWB7AoJaToRb1%2BHzTUQb5aa35%2FnV0KQrL3Oq1cOsauhW3RZ%2FOBhEnvsxDokt6DjFsjM0tx%2Bvk0mnnVRtk10AbmKNu3BTqpiNMgXnb"}],"group":"cf-nel","max_age":604800}', 'NEL': '{"success_fraction":0,"report_to":"cf-nel","max_age":604800}', 'Server': 'cloudflare', 'CF-RAY': '893729c47a4d2315-ORD', 'alt-svc': 'h3=":443"; ma=86400'} 
 body={"results":[{"gender":"male","name":{"title":"Mr","first":"اميرحسين","last":"حیدری"},"location":{"street":{"number":4383,"name":"فاطمی"},"city":"ایلام","state":"اصفهان","country":"Iran","postcode":20177,"coordinates":{"latitude":"14.2519","longitude":"-90.5484"},"timezone":{"offset":"+10:00","description":"Eastern Australia, Guam, Vladivostok"}},"email":"myrhsyn.hydry@example.com","login":{"uuid":"22e78211-1e27-439a-bda8-ace2eb42334f","username":"redleopard676","password":"susie","salt":"f6kCoMPU","md5":"4b14463d4dc42fea4bbf4dfeb795920b","sha1":"34a47ab8352bea395e950c32c8a79a08deb35831","sha256":"cd114ed1ba13d0dd10dce4edc4637faf4c7734a3d1a896b31f5c2cc780ae5a3f"},"dob":{"date":"1988-04-06T14:41:28.423Z","age":36},"registered":{"date":"2020-06-09T13:42:11.851Z","age":4},"phone":"087-21222942","cell":"0927-182-7157","id":{"name":"","value":null},"picture":{"large":"https://randomuser.me/api/portraits/men/18.jpg","medium":"https://randomuser.me/api/portraits/med/men/18.jpg","thumbnail":"https://randomuser.me/api/portraits/thumb/men/18.jpg"},"nat":"IR"}],"info":{"seed":"a15c73c3ef84802d","results":1,"page":1,"version":"1.4"}} 
 </msg>
<msg time="2024-06-14T03:16:42.384077" level="INFO">/opt/hostedtoolcache/Python/3.12.3/x64/lib/python3.12/site-packages/urllib3/connectionpool.py:1103: InsecureRequestWarning: Unverified HTTPS request is being made to host 'randomuser.me'. Adding certificate verification is strongly advised. See: https://urllib3.readthedocs.io/en/latest/advanced-usage.html#tls-warnings
  warnings.warn(</msg>
<msg time="2024-06-14T03:16:42.384163" level="INFO">${response} = &lt;Response [200]&gt;</msg>
<var>${response}</var>
<arg>consultarAPI</arg>
<arg>/api</arg>
<doc>Sends a GET request on a previously created HTTP Session.</doc>
<status status="PASS" start="2024-06-14T03:16:42.313556" elapsed="0.070648"/>
</kw>
<kw name="Set Variable" owner="BuiltIn">
<msg time="2024-06-14T03:16:42.385278" level="INFO">${json_data} = {'results': [{'gender': 'male', 'name': {'title': 'Mr', 'first': 'اميرحسين', 'last': 'حیدری'}, 'location': {'street': {'number': 4383, 'name': 'فاطمی'}, 'city': 'ایلام', 'state': 'اصفهان', 'country': ...</msg>
<var>${json_data}</var>
<arg>${response.json()}</arg>
<doc>Returns the given values which can then be assigned to a variables.</doc>
<status status="PASS" start="2024-06-14T03:16:42.384662" elapsed="0.000648"/>
</kw>
<kw name="Log" owner="BuiltIn">
<msg time="2024-06-14T03:16:42.385777" level="INFO">{'results': [{'gender': 'male', 'name': {'title': 'Mr', 'first': 'اميرحسين', 'last': 'حیدری'}, 'location': {'street': {'number': 4383, 'name': 'فاطمی'}, 'city': 'ایلام', 'state': 'اصفهان', 'country': 'Iran', 'postcode': 20177, 'coordinates': {'latitude': '14.2519', 'longitude': '-90.5484'}, 'timezone': {'offset': '+10:00', 'description': 'Eastern Australia, Guam, Vladivostok'}}, 'email': 'myrhsyn.hydry@example.com', 'login': {'uuid': '22e78211-1e27-439a-bda8-ace2eb42334f', 'username': 'redleopard676', 'password': 'susie', 'salt': 'f6kCoMPU', 'md5': '4b14463d4dc42fea4bbf4dfeb795920b', 'sha1': '34a47ab8352bea395e950c32c8a79a08deb35831', 'sha256': 'cd114ed1ba13d0dd10dce4edc4637faf4c7734a3d1a896b31f5c2cc780ae5a3f'}, 'dob': {'date': '1988-04-06T14:41:28.423Z', 'age': 36}, 'registered': {'date': '2020-06-09T13:42:11.851Z', 'age': 4}, 'phone': '087-21222942', 'cell': '0927-182-7157', 'id': {'name': '', 'value': None}, 'picture': {'large': 'https://randomuser.me/api/portraits/men/18.jpg', 'medium': 'https://randomuser.me/api/portraits/med/men/18.jpg', 'thumbnail': 'https://randomuser.me/api/portraits/thumb/men/18.jpg'}, 'nat': 'IR'}], 'info': {'seed': 'a15c73c3ef84802d', 'results': 1, 'page': 1, 'version': '1.4'}}</msg>
<arg>${json_data}</arg>
<doc>Logs the given message with the given level.</doc>
<status status="PASS" start="2024-06-14T03:16:42.385620" elapsed="0.000206"/>
</kw>
<kw name="Should Be String" owner="String">
<arg>${json_data['results'][0]['gender']}</arg>
<doc>Fails if the given ``item`` is not a string.</doc>
<status status="PASS" start="2024-06-14T03:16:42.386115" elapsed="0.000352"/>
</kw>
<kw name="Should Match Regexp" owner="BuiltIn">
<arg>${json_data['results'][0]['email']}</arg>
<arg>^[a-zA-Z0-9._%+-]+@[a-zA-Z0-9.-]+\.[a-zA-Z]{2,}$</arg>
<doc>Fails if ``string`` does not match ``pattern`` as a regular expression.</doc>
<status status="PASS" start="2024-06-14T03:16:42.386689" elapsed="0.000516"/>
</kw>
<kw name="Should Match Regexp" owner="BuiltIn">
<arg>${json_data['results'][0]['dob']['date']}</arg>
<arg>\\d{4}-\\d{2}-\\d{2}T\\d{2}:\\d{2}:\\d{2}\\.\\d{3}Z</arg>
<doc>Fails if ``string`` does not match ``pattern`` as a regular expression.</doc>
<status status="PASS" start="2024-06-14T03:16:42.387399" elapsed="0.000485"/>
</kw>
<kw name="Should Match Regexp" owner="BuiltIn">
<arg>${json_data['results'][0]['registered']['date']}</arg>
<arg>\\d{4}-\\d{2}-\\d{2}T\\d{2}:\\d{2}:\\d{2}\\.\\d{3}Z</arg>
<doc>Fails if ``string`` does not match ``pattern`` as a regular expression.</doc>
<status status="PASS" start="2024-06-14T03:16:42.388075" elapsed="0.000362"/>
</kw>
<kw name="Should Match Regexp" owner="BuiltIn">
<arg>${json_data['results'][0]['picture']['large']}</arg>
<arg>^https?://.*\.(?:png|jpe?g|gif|bmp)$</arg>
<doc>Fails if ``string`` does not match ``pattern`` as a regular expression.</doc>
<status status="PASS" start="2024-06-14T03:16:42.388620" elapsed="0.000459"/>
</kw>
<kw name="Should Match Regexp" owner="BuiltIn">
<arg>${json_data['results'][0]['picture']['medium']}</arg>
<arg>^https?://.*\.(?:png|jpe?g|gif|bmp)$</arg>
<doc>Fails if ``string`` does not match ``pattern`` as a regular expression.</doc>
<status status="PASS" start="2024-06-14T03:16:42.389301" elapsed="0.000354"/>
</kw>
<kw name="Should Match Regexp" owner="BuiltIn">
<arg>${json_data['results'][0]['picture']['thumbnail']}</arg>
<arg>^https?://.*\.(?:png|jpe?g|gif|bmp)$</arg>
<doc>Fails if ``string`` does not match ``pattern`` as a regular expression.</doc>
<status status="PASS" start="2024-06-14T03:16:42.389842" elapsed="0.000342"/>
</kw>
<kw name="Log" owner="BuiltIn">
<msg time="2024-06-14T03:16:42.390687" level="INFO">{'large': 'https://randomuser.me/api/portraits/men/18.jpg', 'medium': 'https://randomuser.me/api/portraits/med/men/18.jpg', 'thumbnail': 'https://randomuser.me/api/portraits/thumb/men/18.jpg'}</msg>
<arg>${json_data['results'][0]['picture']}</arg>
<doc>Logs the given message with the given level.</doc>
<status status="PASS" start="2024-06-14T03:16:42.390364" elapsed="0.000365"/>
</kw>
<status status="PASS" start="2024-06-14T03:16:42.313321" elapsed="0.077657"/>
</kw>
<kw name="Teste de Tipos de Dados - Postcode" owner="random-user-service">
<kw name="GET On Session" owner="RequestsLibrary">
<msg time="2024-06-14T03:16:42.479713" level="INFO">GET Request : url=https://randomuser.me/api 
 path_url=/api 
 headers={'User-Agent': 'python-requests/2.32.3', 'Accept-Encoding': 'gzip, deflate', 'Accept': '*/*', 'Connection': 'keep-alive'} 
 body=None 
 </msg>
<msg time="2024-06-14T03:16:42.479790" level="INFO">GET Response : url=https://randomuser.me/api 
 status=200, reason=OK 
 headers={'Date': 'Fri, 14 Jun 2024 03:16:42 GMT', 'Content-Type': 'application/json; charset=utf-8', 'Transfer-Encoding': 'chunked', 'Connection': 'keep-alive', 'X-Powered-By': 'Express', 'Access-Control-Allow-Origin': '*', 'Cache-Control': 'no-cache', 'ETag': 'W/"49f-zR9AKVxJjOo2dCKlpj7D9NIms+I"', 'Vary': 'Accept-Encoding', 'Content-Encoding': 'gzip', 'CF-Cache-Status': 'DYNAMIC', 'Report-To': '{"endpoints":[{"url":"https:\\/\\/a.nel.cloudflare.com\\/report\\/v4?s=EpoRqndtOTwokao8ybfuvEREF9R51Q0otmnaUBv8bOroEPH47T3zpxknB2FDOxHqWhATMIAA2hpjaDyKLUK%2Bys%2FYpMn5rHd5jptlDgFnhEcHOhfNUHF1pNt%2FDxZiWazR"}],"group":"cf-nel","max_age":604800}', 'NEL': '{"success_fraction":0,"report_to":"cf-nel","max_age":604800}', 'Server': 'cloudflare', 'CF-RAY': '893729c4fad62315-ORD', 'alt-svc': 'h3=":443"; ma=86400'} 
 body={"results":[{"gender":"female","name":{"title":"Mrs","first":"Antonia","last":"Castellanos"},"location":{"street":{"number":3200,"name":"Pasaje Batista"},"city":"Yahualica","state":"Tamaulipas","country":"Mexico","postcode":49613,"coordinates":{"latitude":"22.0734","longitude":"157.6962"},"timezone":{"offset":"+7:00","description":"Bangkok, Hanoi, Jakarta"}},"email":"antonia.castellanos@example.com","login":{"uuid":"139d5afd-7cc8-4109-8e3f-8f36102e6f2c","username":"yellowlion956","password":"changeme","salt":"WUFhbMV7","md5":"581727192c8ce8f74deb55591d4661c3","sha1":"9d5e6cc5c726c6d8d90ed340cefd4515ece02501","sha256":"3f9cc36cb30d81d88b0593c2823f509e95ec84ed0a1c10ca6f3a543f077893c6"},"dob":{"date":"1958-10-24T06:48:36.138Z","age":65},"registered":{"date":"2009-12-17T19:14:53.953Z","age":14},"phone":"(601) 939 1749","cell":"(607) 488 6184","id":{"name":"NSS","value":"85 30 58 9067 8"},"picture":{"large":"https://randomuser.me/api/portraits/women/6.jpg","medium":"https://randomuser.me/api/portraits/med/women/6.jpg","thumbnail":"https://randomuser.me/api/portraits/thumb/women/6.jpg"},"nat":"MX"}],"info":{"seed":"c665b413f8764f46","results":1,"page":1,"version":"1.4"}} 
 </msg>
<msg time="2024-06-14T03:16:42.479870" level="INFO">/opt/hostedtoolcache/Python/3.12.3/x64/lib/python3.12/site-packages/urllib3/connectionpool.py:1103: InsecureRequestWarning: Unverified HTTPS request is being made to host 'randomuser.me'. Adding certificate verification is strongly advised. See: https://urllib3.readthedocs.io/en/latest/advanced-usage.html#tls-warnings
  warnings.warn(</msg>
<msg time="2024-06-14T03:16:42.479982" level="INFO">${response} = &lt;Response [200]&gt;</msg>
<var>${response}</var>
<arg>consultarAPI</arg>
<arg>/api</arg>
<doc>Sends a GET request on a previously created HTTP Session.</doc>
<status status="PASS" start="2024-06-14T03:16:42.391416" elapsed="0.088615"/>
</kw>
<kw name="Set Variable" owner="BuiltIn">
<msg time="2024-06-14T03:16:42.481053" level="INFO">${json_data} = {'results': [{'gender': 'female', 'name': {'title': 'Mrs', 'first': 'Antonia', 'last': 'Castellanos'}, 'location': {'street': {'number': 3200, 'name': 'Pasaje Batista'}, 'city': 'Yahualica', 'state': ...</msg>
<var>${json_data}</var>
<arg>${response.json()}</arg>
<doc>Returns the given values which can then be assigned to a variables.</doc>
<status status="PASS" start="2024-06-14T03:16:42.480498" elapsed="0.000584"/>
</kw>
<kw name="Log" owner="BuiltIn">
<msg time="2024-06-14T03:16:42.481576" level="INFO">{'results': [{'gender': 'female', 'name': {'title': 'Mrs', 'first': 'Antonia', 'last': 'Castellanos'}, 'location': {'street': {'number': 3200, 'name': 'Pasaje Batista'}, 'city': 'Yahualica', 'state': 'Tamaulipas', 'country': 'Mexico', 'postcode': 49613, 'coordinates': {'latitude': '22.0734', 'longitude': '157.6962'}, 'timezone': {'offset': '+7:00', 'description': 'Bangkok, Hanoi, Jakarta'}}, 'email': 'antonia.castellanos@example.com', 'login': {'uuid': '139d5afd-7cc8-4109-8e3f-8f36102e6f2c', 'username': 'yellowlion956', 'password': 'changeme', 'salt': 'WUFhbMV7', 'md5': '581727192c8ce8f74deb55591d4661c3', 'sha1': '9d5e6cc5c726c6d8d90ed340cefd4515ece02501', 'sha256': '3f9cc36cb30d81d88b0593c2823f509e95ec84ed0a1c10ca6f3a543f077893c6'}, 'dob': {'date': '1958-10-24T06:48:36.138Z', 'age': 65}, 'registered': {'date': '2009-12-17T19:14:53.953Z', 'age': 14}, 'phone': '(601) 939 1749', 'cell': '(607) 488 6184', 'id': {'name': 'NSS', 'value': '85 30 58 9067 8'}, 'picture': {'large': 'https://randomuser.me/api/portraits/women/6.jpg', 'medium': 'https://randomuser.me/api/portraits/med/women/6.jpg', 'thumbnail': 'https://randomuser.me/api/portraits/thumb/women/6.jpg'}, 'nat': 'MX'}], 'info': {'seed': 'c665b413f8764f46', 'results': 1, 'page': 1, 'version': '1.4'}}</msg>
<arg>${json_data}</arg>
<doc>Logs the given message with the given level.</doc>
<status status="PASS" start="2024-06-14T03:16:42.481423" elapsed="0.000200"/>
</kw>
<kw name="Should Be Equal As Numbers" owner="BuiltIn">
<arg>${json_data['results'][0]['location']['postcode']}</arg>
<arg>${json_data['results'][0]['location']['postcode']}</arg>
<doc>Fails if objects are unequal after converting them to real numbers.</doc>
<status status="PASS" start="2024-06-14T03:16:42.481913" elapsed="0.000602"/>
</kw>
<kw name="Log" owner="BuiltIn">
<msg time="2024-06-14T03:16:42.483066" level="INFO">49613</msg>
<arg>${json_data['results'][0]['location']['postcode']}</arg>
<doc>Logs the given message with the given level.</doc>
<status status="PASS" start="2024-06-14T03:16:42.482735" elapsed="0.000371"/>
</kw>
<status status="PASS" start="2024-06-14T03:16:42.391190" elapsed="0.092163"/>
</kw>
<doc>Testa se os tipos de dados na resposta da API estão corretos.</doc>
<tag>testeTiposDados</tag>
<status status="PASS" start="2024-06-14T03:16:42.312846" elapsed="0.170666"/>
</test>
<test id="s1-s1-t5" name="Validar conteudo" line="35">
<kw name="Teste de Tipos de Conteudo" owner="random-user-service">
<kw name="GET On Session" owner="RequestsLibrary">
<msg time="2024-06-14T03:16:42.561843" level="INFO">GET Request : url=https://randomuser.me/api 
 path_url=/api 
 headers={'User-Agent': 'python-requests/2.32.3', 'Accept-Encoding': 'gzip, deflate', 'Accept': '*/*', 'Connection': 'keep-alive'} 
 body=None 
 </msg>
<msg time="2024-06-14T03:16:42.561933" level="INFO">GET Response : url=https://randomuser.me/api 
 status=200, reason=OK 
 headers={'Date': 'Fri, 14 Jun 2024 03:16:42 GMT', 'Content-Type': 'application/json; charset=utf-8', 'Transfer-Encoding': 'chunked', 'Connection': 'keep-alive', 'X-Powered-By': 'Express', 'Access-Control-Allow-Origin': '*', 'Cache-Control': 'no-cache', 'ETag': 'W/"493-T9tcf5GaQt89kQs5fnhj1U40MQk"', 'Vary': 'Accept-Encoding', 'Content-Encoding': 'gzip', 'CF-Cache-Status': 'DYNAMIC', 'Report-To': '{"endpoints":[{"url":"https:\\/\\/a.nel.cloudflare.com\\/report\\/v4?s=ihQHNm%2FbUmnYcVuXcDsMs6eQtMtZbmqJKrji%2BUs%2F4n8rJggAY1P1FVy7eWkVR3OLqg5jf1q1IDCrXvOT8W0Gh0ooscxM9tk3WSNC3j4L7g2Hrqt1wOI%2FI%2BCvpdhiue19"}],"group":"cf-nel","max_age":604800}', 'NEL': '{"success_fraction":0,"report_to":"cf-nel","max_age":604800}', 'Server': 'cloudflare', 'CF-RAY': '893729c58b952315-ORD', 'alt-svc': 'h3=":443"; ma=86400'} 
 body={"results":[{"gender":"female","name":{"title":"Mrs","first":"Tatiane","last":"Rezende"},"location":{"street":{"number":8326,"name":"Rua Minas Gerais "},"city":"Várzea Grande","state":"Mato Grosso","country":"Brazil","postcode":73869,"coordinates":{"latitude":"-74.9971","longitude":"24.0980"},"timezone":{"offset":"-10:00","description":"Hawaii"}},"email":"tatiane.rezende@example.com","login":{"uuid":"ed71d6f6-b2a5-4adf-b4b3-1115fe405700","username":"bluebutterfly209","password":"poodle","salt":"jQuP180q","md5":"ebdc96996c85d71e975ea057a63f3b64","sha1":"525c0f9934f98c6e7bc8910ded9a21467e1d804e","sha256":"0b215fb444e57453068ac1ca15298b03fa1340fe229bc72769b2f75fb7566aa9"},"dob":{"date":"1949-06-12T00:14:03.043Z","age":75},"registered":{"date":"2008-10-04T00:27:45.882Z","age":15},"phone":"(92) 0340-0697","cell":"(70) 0091-2500","id":{"name":"CPF","value":"422.389.085-44"},"picture":{"large":"https://randomuser.me/api/portraits/women/93.jpg","medium":"https://randomuser.me/api/portraits/med/women/93.jpg","thumbnail":"https://randomuser.me/api/portraits/thumb/women/93.jpg"},"nat":"BR"}],"info":{"seed":"d1a37914bec5b03a","results":1,"page":1,"version":"1.4"}} 
 </msg>
<msg time="2024-06-14T03:16:42.562008" level="INFO">/opt/hostedtoolcache/Python/3.12.3/x64/lib/python3.12/site-packages/urllib3/connectionpool.py:1103: InsecureRequestWarning: Unverified HTTPS request is being made to host 'randomuser.me'. Adding certificate verification is strongly advised. See: https://urllib3.readthedocs.io/en/latest/advanced-usage.html#tls-warnings
  warnings.warn(</msg>
<msg time="2024-06-14T03:16:42.562121" level="INFO">${response} = &lt;Response [200]&gt;</msg>
<var>${response}</var>
<arg>consultarAPI</arg>
<arg>/api</arg>
<doc>Sends a GET request on a previously created HTTP Session.</doc>
<status status="PASS" start="2024-06-14T03:16:42.486691" elapsed="0.075471"/>
</kw>
<kw name="Set Variable" owner="BuiltIn">
<msg time="2024-06-14T03:16:42.563011" level="INFO">${json_data} = {'results': [{'gender': 'female', 'name': {'title': 'Mrs', 'first': 'Tatiane', 'last': 'Rezende'}, 'location': {'street': {'number': 8326, 'name': 'Rua Minas Gerais '}, 'city': 'Várzea Grande', 'state...</msg>
<var>${json_data}</var>
<arg>${response.json()}</arg>
<doc>Returns the given values which can then be assigned to a variables.</doc>
<status status="PASS" start="2024-06-14T03:16:42.562569" elapsed="0.000470"/>
</kw>
<kw name="Set Variable" owner="BuiltIn">
<msg time="2024-06-14T03:16:42.563756" level="INFO">${name_title} = Mrs</msg>
<var>${name_title}</var>
<arg>${json_data["results"][0]["name"]["title"]}</arg>
<doc>Returns the given values which can then be assigned to a variables.</doc>
<status status="PASS" start="2024-06-14T03:16:42.563340" elapsed="0.000445"/>
</kw>
<kw name="Create List" owner="BuiltIn">
<msg time="2024-06-14T03:16:42.564319" level="INFO">${allowed_titles} = ['Mr', 'Ms', 'Miss', 'Mrs', 'Madame', 'Monsieur']</msg>
<var>${allowed_titles}</var>
<arg>Mr</arg>
<arg>Ms</arg>
<arg>Miss</arg>
<arg>Mrs</arg>
<arg>Madame</arg>
<arg>Monsieur</arg>
<doc>Returns a list containing given items.</doc>
<status status="PASS" start="2024-06-14T03:16:42.564140" elapsed="0.000205"/>
</kw>
<kw name="List Should Contain Value" owner="Collections">
<arg>${allowed_titles}</arg>
<arg>${name_title}</arg>
<doc>Fails if the ``value`` is not found from ``list``.</doc>
<status status="PASS" start="2024-06-14T03:16:42.564680" elapsed="0.000181"/>
</kw>
<kw name="Set Variable" owner="BuiltIn">
<msg time="2024-06-14T03:16:42.565449" level="INFO">${name_country} = BR</msg>
<var>${name_country}</var>
<arg>${json_data["results"][0]["nat"]}</arg>
<doc>Returns the given values which can then be assigned to a variables.</doc>
<status status="PASS" start="2024-06-14T03:16:42.565043" elapsed="0.000431"/>
</kw>
<kw name="Create List" owner="BuiltIn">
<msg time="2024-06-14T03:16:42.566365" level="INFO">${list_country} = ['AD', 'AE', 'AF', 'AG', 'AI', 'AL', 'AM', 'AO', 'AQ', 'AR', 'AS', 'AT', 'AU', 'AW', 'AX', 'AZ', 'BA', 'BB', 'BD', 'BE', 'BF', 'BG', 'BH', 'BI', 'BJ', 'BL', 'BM', 'BN', 'BO', 'BQ', 'BR', 'BS', 'BT', '...</msg>
<var>${list_country}</var>
<arg>AD</arg>
<arg>AE</arg>
<arg>AF</arg>
<arg>AG</arg>
<arg>AI</arg>
<arg>AL</arg>
<arg>AM</arg>
<arg>AO</arg>
<arg>AQ</arg>
<arg>AR</arg>
<arg>AS</arg>
<arg>AT</arg>
<arg>AU</arg>
<arg>AW</arg>
<arg>AX</arg>
<arg>AZ</arg>
<arg>BA</arg>
<arg>BB</arg>
<arg>BD</arg>
<arg>BE</arg>
<arg>BF</arg>
<arg>BG</arg>
<arg>BH</arg>
<arg>BI</arg>
<arg>BJ</arg>
<arg>BL</arg>
<arg>BM</arg>
<arg>BN</arg>
<arg>BO</arg>
<arg>BQ</arg>
<arg>BR</arg>
<arg>BS</arg>
<arg>BT</arg>
<arg>BV</arg>
<arg>BW</arg>
<arg>BY</arg>
<arg>BZ</arg>
<arg>CA</arg>
<arg>CC</arg>
<arg>CD</arg>
<arg>CF</arg>
<arg>CG</arg>
<arg>CH</arg>
<arg>CI</arg>
<arg>CK</arg>
<arg>CL</arg>
<arg>CM</arg>
<arg>CN</arg>
<arg>CO</arg>
<arg>CR</arg>
<arg>CU</arg>
<arg>CV</arg>
<arg>CW</arg>
<arg>CX</arg>
<arg>CY</arg>
<arg>CZ</arg>
<arg>DE</arg>
<arg>DJ</arg>
<arg>DK</arg>
<arg>DM</arg>
<arg>DO</arg>
<arg>DZ</arg>
<arg>EC</arg>
<arg>EE</arg>
<arg>EG</arg>
<arg>EH</arg>
<arg>ER</arg>
<arg>ES</arg>
<arg>ET</arg>
<arg>FI</arg>
<arg>FJ</arg>
<arg>FK</arg>
<arg>FM</arg>
<arg>FO</arg>
<arg>FR</arg>
<arg>GA</arg>
<arg>GB</arg>
<arg>GD</arg>
<arg>GE</arg>
<arg>GF</arg>
<arg>GG</arg>
<arg>GH</arg>
<arg>GI</arg>
<arg>GL</arg>
<arg>GM</arg>
<arg>GN</arg>
<arg>GP</arg>
<arg>GQ</arg>
<arg>GR</arg>
<arg>GS</arg>
<arg>GT</arg>
<arg>GU</arg>
<arg>GW</arg>
<arg>GY</arg>
<arg>HK</arg>
<arg>HM</arg>
<arg>HN</arg>
<arg>HR</arg>
<arg>HT</arg>
<arg>HU</arg>
<arg>ID</arg>
<arg>IE</arg>
<arg>IL</arg>
<arg>IM</arg>
<arg>IN</arg>
<arg>IO</arg>
<arg>IQ</arg>
<arg>IR</arg>
<arg>IS</arg>
<arg>IT</arg>
<arg>JE</arg>
<arg>JM</arg>
<arg>JO</arg>
<arg>JP</arg>
<arg>KE</arg>
<arg>KG</arg>
<arg>KH</arg>
<arg>KI</arg>
<arg>KM</arg>
<arg>KN</arg>
<arg>KP</arg>
<arg>KR</arg>
<arg>KW</arg>
<arg>KY</arg>
<arg>KZ</arg>
<arg>LA</arg>
<arg>LB</arg>
<arg>LC</arg>
<arg>LI</arg>
<arg>LK</arg>
<arg>LR</arg>
<arg>LS</arg>
<arg>LT</arg>
<arg>LU</arg>
<arg>LV</arg>
<arg>LY</arg>
<arg>MA</arg>
<arg>MC</arg>
<arg>MD</arg>
<arg>ME</arg>
<arg>MF</arg>
<arg>MG</arg>
<arg>MH</arg>
<arg>MK</arg>
<arg>ML</arg>
<arg>MM</arg>
<arg>MN</arg>
<arg>MO</arg>
<arg>MP</arg>
<arg>MQ</arg>
<arg>MR</arg>
<arg>MS</arg>
<arg>MT</arg>
<arg>MU</arg>
<arg>MV</arg>
<arg>MW</arg>
<arg>MX</arg>
<arg>MY</arg>
<arg>MZ</arg>
<arg>NA</arg>
<arg>NC</arg>
<arg>NE</arg>
<arg>NF</arg>
<arg>NG</arg>
<arg>NI</arg>
<arg>NL</arg>
<arg>NO</arg>
<arg>NP</arg>
<arg>NR</arg>
<arg>NU</arg>
<arg>NZ</arg>
<arg>OM</arg>
<arg>PA</arg>
<arg>PE</arg>
<arg>PF</arg>
<arg>PG</arg>
<arg>PH</arg>
<arg>PK</arg>
<arg>PL</arg>
<arg>PM</arg>
<arg>PN</arg>
<arg>PR</arg>
<arg>PS</arg>
<arg>PT</arg>
<arg>PW</arg>
<arg>PY</arg>
<arg>QA</arg>
<arg>RE</arg>
<arg>RO</arg>
<arg>RS</arg>
<arg>RU</arg>
<arg>RW</arg>
<arg>SA</arg>
<arg>SB</arg>
<arg>SC</arg>
<arg>SD</arg>
<arg>SE</arg>
<arg>SG</arg>
<arg>SH</arg>
<arg>SI</arg>
<arg>SJ</arg>
<arg>SK</arg>
<arg>SL</arg>
<arg>SM</arg>
<arg>SN</arg>
<arg>SO</arg>
<arg>SR</arg>
<arg>SS</arg>
<arg>ST</arg>
<arg>SV</arg>
<arg>SX</arg>
<arg>SY</arg>
<arg>SZ</arg>
<arg>TC</arg>
<arg>TD</arg>
<arg>TF</arg>
<arg>TG</arg>
<arg>TH</arg>
<arg>TJ</arg>
<arg>TK</arg>
<arg>TL</arg>
<arg>TM</arg>
<arg>TN</arg>
<arg>TO</arg>
<arg>TR</arg>
<arg>TT</arg>
<arg>TV</arg>
<arg>TW</arg>
<arg>TZ</arg>
<arg>UA</arg>
<arg>UG</arg>
<arg>UM</arg>
<arg>US</arg>
<arg>UY</arg>
<arg>UZ</arg>
<arg>VA</arg>
<arg>VC</arg>
<arg>VE</arg>
<arg>VG</arg>
<arg>VI</arg>
<arg>VN</arg>
<arg>VU</arg>
<arg>WF</arg>
<arg>WS</arg>
<arg>XK</arg>
<arg>YE</arg>
<arg>YT</arg>
<arg>ZA</arg>
<arg>ZM</arg>
<arg>ZW</arg>
<doc>Returns a list containing given items.</doc>
<status status="PASS" start="2024-06-14T03:16:42.565767" elapsed="0.000623"/>
</kw>
<kw name="List Should Contain Value" owner="Collections">
<arg>${list_country}</arg>
<arg>${name_country}</arg>
<doc>Fails if the ``value`` is not found from ``list``.</doc>
<status status="PASS" start="2024-06-14T03:16:42.567178" elapsed="0.000200"/>
</kw>
<kw name="Run Keyword If" owner="BuiltIn">
<kw name="Should Be True" owner="BuiltIn">
<arg>${True}</arg>
<doc>Fails if the given condition is not true.</doc>
<status status="PASS" start="2024-06-14T03:16:42.568398" elapsed="0.000138"/>
</kw>
<arg>${json_data["results"][0]["location"]["coordinates"]["latitude"]} &gt;= -90 and ${json_data["results"][0]["location"]["coordinates"]["latitude"]} &lt;= 90</arg>
<arg>Should Be True</arg>
<arg>${True}</arg>
<doc>Runs the given keyword with the given arguments, if ``condition`` is true.</doc>
<status status="PASS" start="2024-06-14T03:16:42.567565" elapsed="0.001105"/>
</kw>
<kw name="Run Keyword If" owner="BuiltIn">
<kw name="Should Be True" owner="BuiltIn">
<arg>${True}</arg>
<doc>Fails if the given condition is not true.</doc>
<status status="PASS" start="2024-06-14T03:16:42.569552" elapsed="0.000139"/>
</kw>
<arg>${json_data["results"][0]["location"]["coordinates"]["longitude"]} &gt;= -180 and ${json_data["results"][0]["location"]["coordinates"]["longitude"]} &lt;= 180</arg>
<arg>Should Be True</arg>
<arg>${True}</arg>
<doc>Runs the given keyword with the given arguments, if ``condition`` is true.</doc>
<status status="PASS" start="2024-06-14T03:16:42.568849" elapsed="0.000964"/>
</kw>
<status status="PASS" start="2024-06-14T03:16:42.486335" elapsed="0.083604"/>
</kw>
<doc>Testa o conteúdo específico dos campos retornados pela API.</doc>
<tag>testeConteudo</tag>
<status status="PASS" start="2024-06-14T03:16:42.485656" elapsed="0.084423"/>
</test>
<status status="PASS" start="2024-06-14T03:16:41.411284" elapsed="1.160695"/>
</suite>
<status status="PASS" start="2024-06-14T03:16:41.397973" elapsed="1.179007"/>
</suite>
<statistics>
<total>
<stat pass="5" fail="0" skip="0">All Tests</stat>
</total>
<tag>
<stat pass="1" fail="0" skip="0">testeConteudo</stat>
<stat pass="1" fail="0" skip="0">testeEstruturaResposta</stat>
<stat pass="1" fail="0" skip="0">testeRequisicaoBasica</stat>
<stat pass="1" fail="0" skip="0">testeTiposDados</stat>
</tag>
<suite>
<stat pass="5" fail="0" skip="0" id="s1" name="Tests">Tests</stat>
<stat pass="5" fail="0" skip="0" id="s1-s1" name="Random-User-Test">Tests.Random-User-Test</stat>
</suite>
</statistics>
<errors>
</errors>
</robot>
