<?xml version="1.0" encoding="UTF-8"?>
<robot generator="Robot 7.0.1 (Python 3.12.4 on linux)" generated="2024-07-03T17:13:36.317306" rpa="false" schemaversion="5">
<suite id="s1" name="Tests" source="/home/runner/work/ApiRandomUser/ApiRandomUser/RamdonUser/tests">
<suite id="s1-s1" name="Random-User-Test" source="/home/runner/work/ApiRandomUser/ApiRandomUser/RamdonUser/tests/random-user-test.robot">
<test id="s1-s1-t1" name="Conectar" line="13">
<kw name="Conectar API" owner="random-user-service">
<kw name="Create Session" owner="RequestsLibrary">
<msg time="2024-07-03T17:13:36.716603" level="INFO">Creating Session using : alias=consultarAPI, url=https://randomuser.me/, headers={},                     cookies={}, auth=None, timeout=None, proxies=None, verify=False,                     debug=0 </msg>
<arg>consultarAPI</arg>
<arg>${URL}</arg>
<doc>Create Session: create a HTTP session to a server</doc>
<status status="PASS" start="2024-07-03T17:13:36.716397" elapsed="0.000393"/>
</kw>
<status status="PASS" start="2024-07-03T17:13:36.715431" elapsed="0.001722"/>
</kw>
<status status="PASS" start="2024-07-03T17:13:36.714876" elapsed="0.002470"/>
</test>
<test id="s1-s1-t2" name="Validar retorno 200 e JSON Válido" line="16">
<kw name="Teste de Requisicao Basica" owner="random-user-service">
<kw name="GET On Session" owner="RequestsLibrary">
<msg time="2024-07-03T17:13:37.405866" level="INFO">GET Request : url=https://randomuser.me/api 
 path_url=/api 
 headers={'User-Agent': 'python-requests/2.32.3', 'Accept-Encoding': 'gzip, deflate', 'Accept': '*/*', 'Connection': 'keep-alive'} 
 body=None 
 </msg>
<msg time="2024-07-03T17:13:37.406041" level="INFO">GET Response : url=https://randomuser.me/api 
 status=200, reason=OK 
 headers={'Date': 'Wed, 03 Jul 2024 17:13:37 GMT', 'Content-Type': 'application/json; charset=utf-8', 'Transfer-Encoding': 'chunked', 'Connection': 'keep-alive', 'X-Powered-By': 'Express', 'Access-Control-Allow-Origin': '*', 'Cache-Control': 'no-cache', 'ETag': 'W/"478-u5pJdMt4XIlzr9Y2J5Yf5zZkr6w"', 'Vary': 'Accept-Encoding', 'Content-Encoding': 'gzip', 'CF-Cache-Status': 'DYNAMIC', 'Report-To': '{"endpoints":[{"url":"https:\\/\\/a.nel.cloudflare.com\\/report\\/v4?s=r60uCZA%2B%2Bqomxv%2FARYV5W7udgQF%2FXf29G01ON286GJ6zF9kaoaV927wL6808khDqfLft3GAdA%2BKjZAUoeReftoDlJ4%2FVcEbc%2B0SP3mE3iOS4RRODubnLwtFTEoeMO%2BeT"}],"group":"cf-nel","max_age":604800}', 'NEL': '{"success_fraction":0,"report_to":"cf-nel","max_age":604800}', 'Server': 'cloudflare', 'CF-RAY': '89d881d5edc97c62-LAX', 'alt-svc': 'h3=":443"; ma=86400'} 
 body={"results":[{"gender":"male","name":{"title":"Mr","first":"Ladolyub","last":"Filyuk"},"location":{"street":{"number":7181,"name":"Klavdiyi Radchenko"},"city":"Karlivka","state":"Kirovogradska","country":"Ukraine","postcode":21464,"coordinates":{"latitude":"79.9418","longitude":"-123.7980"},"timezone":{"offset":"-10:00","description":"Hawaii"}},"email":"ladolyub.filyuk@example.com","login":{"uuid":"7e1bc672-f367-4f08-ba0f-e0d89d94b878","username":"angryzebra895","password":"paintbal","salt":"9oyB7dFT","md5":"6f1eb767cc27dd24106fdfb427e00afb","sha1":"460a08901262d84a2b3dbe924570da5791611e3e","sha256":"df3f44daa4e76e12d980254e2c5639a09ce6234bec26d21eb9c364532b4b1440"},"dob":{"date":"1946-11-16T01:11:05.621Z","age":77},"registered":{"date":"2019-09-03T12:41:54.605Z","age":4},"phone":"(097) V62-7545","cell":"(096) M40-0239","id":{"name":"","value":null},"picture":{"large":"https://randomuser.me/api/portraits/men/52.jpg","medium":"https://randomuser.me/api/portraits/med/men/52.jpg","thumbnail":"https://randomuser.me/api/portraits/thumb/men/52.jpg"},"nat":"UA"}],"info":{"seed":"2d56dc5558ef4c92","results":1,"page":1,"version":"1.4"}} 
 </msg>
<msg time="2024-07-03T17:13:37.406136" level="INFO">/opt/hostedtoolcache/Python/3.12.4/x64/lib/python3.12/site-packages/urllib3/connectionpool.py:1099: InsecureRequestWarning: Unverified HTTPS request is being made to host 'randomuser.me'. Adding certificate verification is strongly advised. See: https://urllib3.readthedocs.io/en/latest/advanced-usage.html#tls-warnings
  warnings.warn(</msg>
<msg time="2024-07-03T17:13:37.406306" level="INFO">${response} = &lt;Response [200]&gt;</msg>
<var>${response}</var>
<arg>consultarAPI</arg>
<arg>/api</arg>
<doc>Sends a GET request on a previously created HTTP Session.</doc>
<status status="PASS" start="2024-07-03T17:13:36.719950" elapsed="0.686411"/>
</kw>
<kw name="Should Be Equal As Numbers" owner="BuiltIn">
<msg time="2024-07-03T17:13:37.407393" level="INFO">Argument types are:
&lt;class 'int'&gt;
&lt;class 'str'&gt;</msg>
<arg>${response.status_code}</arg>
<arg>200</arg>
<doc>Fails if objects are unequal after converting them to real numbers.</doc>
<status status="PASS" start="2024-07-03T17:13:37.406921" elapsed="0.000536"/>
</kw>
<kw name="Log" owner="BuiltIn">
<msg time="2024-07-03T17:13:37.408108" level="INFO">200</msg>
<arg>${response.status_code}</arg>
<doc>Logs the given message with the given level.</doc>
<status status="PASS" start="2024-07-03T17:13:37.407765" elapsed="0.000384"/>
</kw>
<kw name="Set Variable" owner="BuiltIn">
<msg time="2024-07-03T17:13:37.408874" level="INFO">${json_data} = {'results': [{'gender': 'male', 'name': {'title': 'Mr', 'first': 'Ladolyub', 'last': 'Filyuk'}, 'location': {'street': {'number': 7181, 'name': 'Klavdiyi Radchenko'}, 'city': 'Karlivka', 'state': 'Kir...</msg>
<var>${json_data}</var>
<arg>${response.json()}</arg>
<doc>Returns the given values which can then be assigned to a variables.</doc>
<status status="PASS" start="2024-07-03T17:13:37.408445" elapsed="0.000457"/>
</kw>
<kw name="Dictionary Should Contain Key" owner="Collections">
<arg>${json_data}</arg>
<arg>results</arg>
<doc>Fails if ``key`` is not found from ``dictionary``.</doc>
<status status="PASS" start="2024-07-03T17:13:37.409192" elapsed="0.000165"/>
</kw>
<status status="PASS" start="2024-07-03T17:13:36.719703" elapsed="0.689804"/>
</kw>
<doc>Testa se a API responde corretamente e retorna um objeto JSON válido.</doc>
<tag>testeRequisicaoBasica</tag>
<status status="PASS" start="2024-07-03T17:13:36.719249" elapsed="0.690488"/>
</test>
<test id="s1-s1-t3" name="Validar estrutura de resposta" line="22">
<kw name="Teste de Estrutura de Resposta" owner="random-user-service">
<kw name="GET On Session" owner="RequestsLibrary">
<msg time="2024-07-03T17:13:37.706425" level="INFO">GET Request : url=https://randomuser.me/api 
 path_url=/api 
 headers={'User-Agent': 'python-requests/2.32.3', 'Accept-Encoding': 'gzip, deflate', 'Accept': '*/*', 'Connection': 'keep-alive'} 
 body=None 
 </msg>
<msg time="2024-07-03T17:13:37.706563" level="INFO">GET Response : url=https://randomuser.me/api 
 status=200, reason=OK 
 headers={'Date': 'Wed, 03 Jul 2024 17:13:37 GMT', 'Content-Type': 'application/json; charset=utf-8', 'Transfer-Encoding': 'chunked', 'Connection': 'keep-alive', 'X-Powered-By': 'Express', 'Access-Control-Allow-Origin': '*', 'Cache-Control': 'no-cache', 'ETag': 'W/"49a-CnlA8FpqfGXcrTQbTsIvW+cgfXs"', 'Vary': 'Accept-Encoding', 'Content-Encoding': 'gzip', 'CF-Cache-Status': 'DYNAMIC', 'Report-To': '{"endpoints":[{"url":"https:\\/\\/a.nel.cloudflare.com\\/report\\/v4?s=TwBzoBnksbwLdONjVRWH4hDUQ3wdKsS0MNyldLMMfF0DS%2BREpa3awNPtdBhBG8hMGJanm1wWcp2QEGv7daqnY1b%2Fd%2BIao%2BRNdcYsKDvpGKW67qio1FF26xro0TQMm1X2"}],"group":"cf-nel","max_age":604800}', 'NEL': '{"success_fraction":0,"report_to":"cf-nel","max_age":604800}', 'Server': 'cloudflare', 'CF-RAY': '89d881d8d9847c62-LAX', 'alt-svc': 'h3=":443"; ma=86400'} 
 body={"results":[{"gender":"female","name":{"title":"Miss","first":"Virginia","last":"Rubio"},"location":{"street":{"number":1639,"name":"Calle de Bravo Murillo"},"city":"Palma de Mallorca","state":"Asturias","country":"Spain","postcode":11873,"coordinates":{"latitude":"-30.2538","longitude":"134.2261"},"timezone":{"offset":"-7:00","description":"Mountain Time (US &amp; Canada)"}},"email":"virginia.rubio@example.com","login":{"uuid":"fd2326a1-069b-4bd1-b0e2-da31fc3e6766","username":"blueswan713","password":"tong","salt":"AJSTYh8a","md5":"4555e89475f9f8b6360f6f14831a524f","sha1":"abd1c08652d1155bbd6a08c6ea217c139f097389","sha256":"11eb8a1746066a12c5fbcb08666cda0c0bbe243a56cc75583d6cb0e6e4a60aa2"},"dob":{"date":"1957-01-10T07:38:31.049Z","age":67},"registered":{"date":"2003-09-29T11:29:29.244Z","age":20},"phone":"972-934-433","cell":"693-058-026","id":{"name":"DNI","value":"29483546-H"},"picture":{"large":"https://randomuser.me/api/portraits/women/94.jpg","medium":"https://randomuser.me/api/portraits/med/women/94.jpg","thumbnail":"https://randomuser.me/api/portraits/thumb/women/94.jpg"},"nat":"ES"}],"info":{"seed":"8bd14287cb79351b","results":1,"page":1,"version":"1.4"}} 
 </msg>
<msg time="2024-07-03T17:13:37.706745" level="INFO">/opt/hostedtoolcache/Python/3.12.4/x64/lib/python3.12/site-packages/urllib3/connectionpool.py:1099: InsecureRequestWarning: Unverified HTTPS request is being made to host 'randomuser.me'. Adding certificate verification is strongly advised. See: https://urllib3.readthedocs.io/en/latest/advanced-usage.html#tls-warnings
  warnings.warn(</msg>
<msg time="2024-07-03T17:13:37.706880" level="INFO">${response} = &lt;Response [200]&gt;</msg>
<var>${response}</var>
<arg>consultarAPI</arg>
<arg>/api</arg>
<doc>Sends a GET request on a previously created HTTP Session.</doc>
<status status="PASS" start="2024-07-03T17:13:37.412308" elapsed="0.294612"/>
</kw>
<kw name="Set Variable" owner="BuiltIn">
<msg time="2024-07-03T17:13:37.708077" level="INFO">${json_data} = {'results': [{'gender': 'female', 'name': {'title': 'Miss', 'first': 'Virginia', 'last': 'Rubio'}, 'location': {'street': {'number': 1639, 'name': 'Calle de Bravo Murillo'}, 'city': 'Palma de Mallorca...</msg>
<var>${json_data}</var>
<arg>${response.json()}</arg>
<doc>Returns the given values which can then be assigned to a variables.</doc>
<status status="PASS" start="2024-07-03T17:13:37.707526" elapsed="0.000580"/>
</kw>
<kw name="Log" owner="BuiltIn">
<msg time="2024-07-03T17:13:37.708566" level="INFO">{'results': [{'gender': 'female', 'name': {'title': 'Miss', 'first': 'Virginia', 'last': 'Rubio'}, 'location': {'street': {'number': 1639, 'name': 'Calle de Bravo Murillo'}, 'city': 'Palma de Mallorca', 'state': 'Asturias', 'country': 'Spain', 'postcode': 11873, 'coordinates': {'latitude': '-30.2538', 'longitude': '134.2261'}, 'timezone': {'offset': '-7:00', 'description': 'Mountain Time (US &amp; Canada)'}}, 'email': 'virginia.rubio@example.com', 'login': {'uuid': 'fd2326a1-069b-4bd1-b0e2-da31fc3e6766', 'username': 'blueswan713', 'password': 'tong', 'salt': 'AJSTYh8a', 'md5': '4555e89475f9f8b6360f6f14831a524f', 'sha1': 'abd1c08652d1155bbd6a08c6ea217c139f097389', 'sha256': '11eb8a1746066a12c5fbcb08666cda0c0bbe243a56cc75583d6cb0e6e4a60aa2'}, 'dob': {'date': '1957-01-10T07:38:31.049Z', 'age': 67}, 'registered': {'date': '2003-09-29T11:29:29.244Z', 'age': 20}, 'phone': '972-934-433', 'cell': '693-058-026', 'id': {'name': 'DNI', 'value': '29483546-H'}, 'picture': {'large': 'https://randomuser.me/api/portraits/women/94.jpg', 'medium': 'https://randomuser.me/api/portraits/med/women/94.jpg', 'thumbnail': 'https://randomuser.me/api/portraits/thumb/women/94.jpg'}, 'nat': 'ES'}], 'info': {'seed': '8bd14287cb79351b', 'results': 1, 'page': 1, 'version': '1.4'}}</msg>
<arg>${json_data}</arg>
<doc>Logs the given message with the given level.</doc>
<status status="PASS" start="2024-07-03T17:13:37.708410" elapsed="0.000206"/>
</kw>
<kw name="Dictionary Should Contain Key" owner="Collections">
<arg>${json_data}</arg>
<arg>results</arg>
<doc>Fails if ``key`` is not found from ``dictionary``.</doc>
<status status="PASS" start="2024-07-03T17:13:37.708910" elapsed="0.000164"/>
</kw>
<kw name="Should Not Be Empty" owner="BuiltIn">
<msg time="2024-07-03T17:13:37.709386" level="INFO">Length is 2.</msg>
<arg>${json_data}</arg>
<doc>Verifies that the given item is not empty.</doc>
<status status="PASS" start="2024-07-03T17:13:37.709256" elapsed="0.000168"/>
</kw>
<kw name="Create List" owner="BuiltIn">
<msg time="2024-07-03T17:13:37.709923" level="INFO">${expected_keys} = ['gender', 'name', 'location', 'email', 'login']</msg>
<var>${expected_keys}</var>
<arg>gender</arg>
<arg>name</arg>
<arg>location</arg>
<arg>email</arg>
<arg>login</arg>
<doc>Returns a list containing given items.</doc>
<status status="PASS" start="2024-07-03T17:13:37.709768" elapsed="0.000179"/>
</kw>
<for flavor="IN">
<iter>
<kw name="Dictionary Should Contain Key" owner="Collections">
<arg>${json_data['results'][0]}</arg>
<arg>${key}</arg>
<doc>Fails if ``key`` is not found from ``dictionary``.</doc>
<status status="PASS" start="2024-07-03T17:13:37.710681" elapsed="0.000389"/>
</kw>
<kw name="Log" owner="BuiltIn">
<msg time="2024-07-03T17:13:37.711623" level="INFO">{'gender': 'female', 'name': {'title': 'Miss', 'first': 'Virginia', 'last': 'Rubio'}, 'location': {'street': {'number': 1639, 'name': 'Calle de Bravo Murillo'}, 'city': 'Palma de Mallorca', 'state': 'Asturias', 'country': 'Spain', 'postcode': 11873, 'coordinates': {'latitude': '-30.2538', 'longitude': '134.2261'}, 'timezone': {'offset': '-7:00', 'description': 'Mountain Time (US &amp; Canada)'}}, 'email': 'virginia.rubio@example.com', 'login': {'uuid': 'fd2326a1-069b-4bd1-b0e2-da31fc3e6766', 'username': 'blueswan713', 'password': 'tong', 'salt': 'AJSTYh8a', 'md5': '4555e89475f9f8b6360f6f14831a524f', 'sha1': 'abd1c08652d1155bbd6a08c6ea217c139f097389', 'sha256': '11eb8a1746066a12c5fbcb08666cda0c0bbe243a56cc75583d6cb0e6e4a60aa2'}, 'dob': {'date': '1957-01-10T07:38:31.049Z', 'age': 67}, 'registered': {'date': '2003-09-29T11:29:29.244Z', 'age': 20}, 'phone': '972-934-433', 'cell': '693-058-026', 'id': {'name': 'DNI', 'value': '29483546-H'}, 'picture': {'large': 'https://randomuser.me/api/portraits/women/94.jpg', 'medium': 'https://randomuser.me/api/portraits/med/women/94.jpg', 'thumbnail': 'https://randomuser.me/api/portraits/thumb/women/94.jpg'}, 'nat': 'ES'}</msg>
<arg>${json_data['results'][0]}</arg>
<doc>Logs the given message with the given level.</doc>
<status status="PASS" start="2024-07-03T17:13:37.711260" elapsed="0.000412"/>
</kw>
<kw name="Log" owner="BuiltIn">
<msg time="2024-07-03T17:13:37.712095" level="INFO">gender</msg>
<arg>${key}</arg>
<doc>Logs the given message with the given level.</doc>
<status status="PASS" start="2024-07-03T17:13:37.711966" elapsed="0.000166"/>
</kw>
<var name="${key}">gender</var>
<status status="PASS" start="2024-07-03T17:13:37.710560" elapsed="0.001786"/>
</iter>
<iter>
<kw name="Dictionary Should Contain Key" owner="Collections">
<arg>${json_data['results'][0]}</arg>
<arg>${key}</arg>
<doc>Fails if ``key`` is not found from ``dictionary``.</doc>
<status status="PASS" start="2024-07-03T17:13:37.712636" elapsed="0.000393"/>
</kw>
<kw name="Log" owner="BuiltIn">
<msg time="2024-07-03T17:13:37.713616" level="INFO">{'gender': 'female', 'name': {'title': 'Miss', 'first': 'Virginia', 'last': 'Rubio'}, 'location': {'street': {'number': 1639, 'name': 'Calle de Bravo Murillo'}, 'city': 'Palma de Mallorca', 'state': 'Asturias', 'country': 'Spain', 'postcode': 11873, 'coordinates': {'latitude': '-30.2538', 'longitude': '134.2261'}, 'timezone': {'offset': '-7:00', 'description': 'Mountain Time (US &amp; Canada)'}}, 'email': 'virginia.rubio@example.com', 'login': {'uuid': 'fd2326a1-069b-4bd1-b0e2-da31fc3e6766', 'username': 'blueswan713', 'password': 'tong', 'salt': 'AJSTYh8a', 'md5': '4555e89475f9f8b6360f6f14831a524f', 'sha1': 'abd1c08652d1155bbd6a08c6ea217c139f097389', 'sha256': '11eb8a1746066a12c5fbcb08666cda0c0bbe243a56cc75583d6cb0e6e4a60aa2'}, 'dob': {'date': '1957-01-10T07:38:31.049Z', 'age': 67}, 'registered': {'date': '2003-09-29T11:29:29.244Z', 'age': 20}, 'phone': '972-934-433', 'cell': '693-058-026', 'id': {'name': 'DNI', 'value': '29483546-H'}, 'picture': {'large': 'https://randomuser.me/api/portraits/women/94.jpg', 'medium': 'https://randomuser.me/api/portraits/med/women/94.jpg', 'thumbnail': 'https://randomuser.me/api/portraits/thumb/women/94.jpg'}, 'nat': 'ES'}</msg>
<arg>${json_data['results'][0]}</arg>
<doc>Logs the given message with the given level.</doc>
<status status="PASS" start="2024-07-03T17:13:37.713210" elapsed="0.000458"/>
</kw>
<kw name="Log" owner="BuiltIn">
<msg time="2024-07-03T17:13:37.714099" level="INFO">name</msg>
<arg>${key}</arg>
<doc>Logs the given message with the given level.</doc>
<status status="PASS" start="2024-07-03T17:13:37.713971" elapsed="0.000166"/>
</kw>
<var name="${key}">name</var>
<status status="PASS" start="2024-07-03T17:13:37.712527" elapsed="0.001826"/>
</iter>
<iter>
<kw name="Dictionary Should Contain Key" owner="Collections">
<arg>${json_data['results'][0]}</arg>
<arg>${key}</arg>
<doc>Fails if ``key`` is not found from ``dictionary``.</doc>
<status status="PASS" start="2024-07-03T17:13:37.714634" elapsed="0.000374"/>
</kw>
<kw name="Log" owner="BuiltIn">
<msg time="2024-07-03T17:13:37.715534" level="INFO">{'gender': 'female', 'name': {'title': 'Miss', 'first': 'Virginia', 'last': 'Rubio'}, 'location': {'street': {'number': 1639, 'name': 'Calle de Bravo Murillo'}, 'city': 'Palma de Mallorca', 'state': 'Asturias', 'country': 'Spain', 'postcode': 11873, 'coordinates': {'latitude': '-30.2538', 'longitude': '134.2261'}, 'timezone': {'offset': '-7:00', 'description': 'Mountain Time (US &amp; Canada)'}}, 'email': 'virginia.rubio@example.com', 'login': {'uuid': 'fd2326a1-069b-4bd1-b0e2-da31fc3e6766', 'username': 'blueswan713', 'password': 'tong', 'salt': 'AJSTYh8a', 'md5': '4555e89475f9f8b6360f6f14831a524f', 'sha1': 'abd1c08652d1155bbd6a08c6ea217c139f097389', 'sha256': '11eb8a1746066a12c5fbcb08666cda0c0bbe243a56cc75583d6cb0e6e4a60aa2'}, 'dob': {'date': '1957-01-10T07:38:31.049Z', 'age': 67}, 'registered': {'date': '2003-09-29T11:29:29.244Z', 'age': 20}, 'phone': '972-934-433', 'cell': '693-058-026', 'id': {'name': 'DNI', 'value': '29483546-H'}, 'picture': {'large': 'https://randomuser.me/api/portraits/women/94.jpg', 'medium': 'https://randomuser.me/api/portraits/med/women/94.jpg', 'thumbnail': 'https://randomuser.me/api/portraits/thumb/women/94.jpg'}, 'nat': 'ES'}</msg>
<arg>${json_data['results'][0]}</arg>
<doc>Logs the given message with the given level.</doc>
<status status="PASS" start="2024-07-03T17:13:37.715188" elapsed="0.000393"/>
</kw>
<kw name="Log" owner="BuiltIn">
<msg time="2024-07-03T17:13:37.716007" level="INFO">location</msg>
<arg>${key}</arg>
<doc>Logs the given message with the given level.</doc>
<status status="PASS" start="2024-07-03T17:13:37.715879" elapsed="0.000164"/>
</kw>
<var name="${key}">location</var>
<status status="PASS" start="2024-07-03T17:13:37.714526" elapsed="0.001729"/>
</iter>
<iter>
<kw name="Dictionary Should Contain Key" owner="Collections">
<arg>${json_data['results'][0]}</arg>
<arg>${key}</arg>
<doc>Fails if ``key`` is not found from ``dictionary``.</doc>
<status status="PASS" start="2024-07-03T17:13:37.716537" elapsed="0.000381"/>
</kw>
<kw name="Log" owner="BuiltIn">
<msg time="2024-07-03T17:13:37.717445" level="INFO">{'gender': 'female', 'name': {'title': 'Miss', 'first': 'Virginia', 'last': 'Rubio'}, 'location': {'street': {'number': 1639, 'name': 'Calle de Bravo Murillo'}, 'city': 'Palma de Mallorca', 'state': 'Asturias', 'country': 'Spain', 'postcode': 11873, 'coordinates': {'latitude': '-30.2538', 'longitude': '134.2261'}, 'timezone': {'offset': '-7:00', 'description': 'Mountain Time (US &amp; Canada)'}}, 'email': 'virginia.rubio@example.com', 'login': {'uuid': 'fd2326a1-069b-4bd1-b0e2-da31fc3e6766', 'username': 'blueswan713', 'password': 'tong', 'salt': 'AJSTYh8a', 'md5': '4555e89475f9f8b6360f6f14831a524f', 'sha1': 'abd1c08652d1155bbd6a08c6ea217c139f097389', 'sha256': '11eb8a1746066a12c5fbcb08666cda0c0bbe243a56cc75583d6cb0e6e4a60aa2'}, 'dob': {'date': '1957-01-10T07:38:31.049Z', 'age': 67}, 'registered': {'date': '2003-09-29T11:29:29.244Z', 'age': 20}, 'phone': '972-934-433', 'cell': '693-058-026', 'id': {'name': 'DNI', 'value': '29483546-H'}, 'picture': {'large': 'https://randomuser.me/api/portraits/women/94.jpg', 'medium': 'https://randomuser.me/api/portraits/med/women/94.jpg', 'thumbnail': 'https://randomuser.me/api/portraits/thumb/women/94.jpg'}, 'nat': 'ES'}</msg>
<arg>${json_data['results'][0]}</arg>
<doc>Logs the given message with the given level.</doc>
<status status="PASS" start="2024-07-03T17:13:37.717100" elapsed="0.000391"/>
</kw>
<kw name="Log" owner="BuiltIn">
<msg time="2024-07-03T17:13:37.717957" level="INFO">email</msg>
<arg>${key}</arg>
<doc>Logs the given message with the given level.</doc>
<status status="PASS" start="2024-07-03T17:13:37.717828" elapsed="0.000167"/>
</kw>
<var name="${key}">email</var>
<status status="PASS" start="2024-07-03T17:13:37.716423" elapsed="0.001791"/>
</iter>
<iter>
<kw name="Dictionary Should Contain Key" owner="Collections">
<arg>${json_data['results'][0]}</arg>
<arg>${key}</arg>
<doc>Fails if ``key`` is not found from ``dictionary``.</doc>
<status status="PASS" start="2024-07-03T17:13:37.718498" elapsed="0.000396"/>
</kw>
<kw name="Log" owner="BuiltIn">
<msg time="2024-07-03T17:13:37.719424" level="INFO">{'gender': 'female', 'name': {'title': 'Miss', 'first': 'Virginia', 'last': 'Rubio'}, 'location': {'street': {'number': 1639, 'name': 'Calle de Bravo Murillo'}, 'city': 'Palma de Mallorca', 'state': 'Asturias', 'country': 'Spain', 'postcode': 11873, 'coordinates': {'latitude': '-30.2538', 'longitude': '134.2261'}, 'timezone': {'offset': '-7:00', 'description': 'Mountain Time (US &amp; Canada)'}}, 'email': 'virginia.rubio@example.com', 'login': {'uuid': 'fd2326a1-069b-4bd1-b0e2-da31fc3e6766', 'username': 'blueswan713', 'password': 'tong', 'salt': 'AJSTYh8a', 'md5': '4555e89475f9f8b6360f6f14831a524f', 'sha1': 'abd1c08652d1155bbd6a08c6ea217c139f097389', 'sha256': '11eb8a1746066a12c5fbcb08666cda0c0bbe243a56cc75583d6cb0e6e4a60aa2'}, 'dob': {'date': '1957-01-10T07:38:31.049Z', 'age': 67}, 'registered': {'date': '2003-09-29T11:29:29.244Z', 'age': 20}, 'phone': '972-934-433', 'cell': '693-058-026', 'id': {'name': 'DNI', 'value': '29483546-H'}, 'picture': {'large': 'https://randomuser.me/api/portraits/women/94.jpg', 'medium': 'https://randomuser.me/api/portraits/med/women/94.jpg', 'thumbnail': 'https://randomuser.me/api/portraits/thumb/women/94.jpg'}, 'nat': 'ES'}</msg>
<arg>${json_data['results'][0]}</arg>
<doc>Logs the given message with the given level.</doc>
<status status="PASS" start="2024-07-03T17:13:37.719074" elapsed="0.000397"/>
</kw>
<kw name="Log" owner="BuiltIn">
<msg time="2024-07-03T17:13:37.719885" level="INFO">login</msg>
<arg>${key}</arg>
<doc>Logs the given message with the given level.</doc>
<status status="PASS" start="2024-07-03T17:13:37.719760" elapsed="0.000162"/>
</kw>
<var name="${key}">login</var>
<status status="PASS" start="2024-07-03T17:13:37.718384" elapsed="0.001755"/>
</iter>
<var>${key}</var>
<value>@{expected_keys}</value>
<status status="PASS" start="2024-07-03T17:13:37.710366" elapsed="0.009889"/>
</for>
<kw name="Create List" owner="BuiltIn">
<msg time="2024-07-03T17:13:37.720612" level="INFO">${expected_keysTwo} = ['username', 'password']</msg>
<var>${expected_keysTwo}</var>
<arg>username</arg>
<arg>password</arg>
<doc>Returns a list containing given items.</doc>
<status status="PASS" start="2024-07-03T17:13:37.720474" elapsed="0.000162"/>
</kw>
<for flavor="IN">
<iter>
<kw name="Dictionary Should Contain Key" owner="Collections">
<arg>${json_data['results'][0]['login']}</arg>
<arg>${keyTwo}</arg>
<doc>Fails if ``key`` is not found from ``dictionary``.</doc>
<status status="PASS" start="2024-07-03T17:13:37.721121" elapsed="0.000386"/>
</kw>
<kw name="Dictionary Should Contain Key" owner="Collections">
<arg>${json_data['results'][0]['login']}</arg>
<arg>${keyTwo}</arg>
<doc>Fails if ``key`` is not found from ``dictionary``.</doc>
<status status="PASS" start="2024-07-03T17:13:37.721718" elapsed="0.000370"/>
</kw>
<kw name="Log" owner="BuiltIn">
<msg time="2024-07-03T17:13:37.722390" level="INFO">username</msg>
<arg>${keyTwo}</arg>
<doc>Logs the given message with the given level.</doc>
<status status="PASS" start="2024-07-03T17:13:37.722268" elapsed="0.000159"/>
</kw>
<var name="${keyTwo}">username</var>
<status status="PASS" start="2024-07-03T17:13:37.721015" elapsed="0.001628"/>
</iter>
<iter>
<kw name="Dictionary Should Contain Key" owner="Collections">
<arg>${json_data['results'][0]['login']}</arg>
<arg>${keyTwo}</arg>
<doc>Fails if ``key`` is not found from ``dictionary``.</doc>
<status status="PASS" start="2024-07-03T17:13:37.722913" elapsed="0.000379"/>
</kw>
<kw name="Dictionary Should Contain Key" owner="Collections">
<arg>${json_data['results'][0]['login']}</arg>
<arg>${keyTwo}</arg>
<doc>Fails if ``key`` is not found from ``dictionary``.</doc>
<status status="PASS" start="2024-07-03T17:13:37.723467" elapsed="0.000365"/>
</kw>
<kw name="Log" owner="BuiltIn">
<msg time="2024-07-03T17:13:37.724121" level="INFO">password</msg>
<arg>${keyTwo}</arg>
<doc>Logs the given message with the given level.</doc>
<status status="PASS" start="2024-07-03T17:13:37.724006" elapsed="0.000166"/>
</kw>
<var name="${keyTwo}">password</var>
<status status="PASS" start="2024-07-03T17:13:37.722810" elapsed="0.001579"/>
</iter>
<var>${keyTwo}</var>
<value>@{expected_keysTwo}</value>
<status status="PASS" start="2024-07-03T17:13:37.720868" elapsed="0.003638"/>
</for>
<status status="PASS" start="2024-07-03T17:13:37.412079" elapsed="0.312565"/>
</kw>
<doc>Testa a estrutura da resposta da API.</doc>
<tag>testeEstruturaResposta</tag>
<status status="PASS" start="2024-07-03T17:13:37.411575" elapsed="0.313221"/>
</test>
<test id="s1-s1-t4" name="Validar tipos de dados" line="28">
<kw name="Teste de Tipos de Dados" owner="random-user-service">
<kw name="GET On Session" owner="RequestsLibrary">
<msg time="2024-07-03T17:13:37.860475" level="INFO">GET Request : url=https://randomuser.me/api 
 path_url=/api 
 headers={'User-Agent': 'python-requests/2.32.3', 'Accept-Encoding': 'gzip, deflate', 'Accept': '*/*', 'Connection': 'keep-alive'} 
 body=None 
 </msg>
<msg time="2024-07-03T17:13:37.860559" level="INFO">GET Response : url=https://randomuser.me/api 
 status=200, reason=OK 
 headers={'Date': 'Wed, 03 Jul 2024 17:13:37 GMT', 'Content-Type': 'application/json; charset=utf-8', 'Transfer-Encoding': 'chunked', 'Connection': 'keep-alive', 'X-Powered-By': 'Express', 'Access-Control-Allow-Origin': '*', 'Cache-Control': 'no-cache', 'ETag': 'W/"493-FBejlH5VAIfPjvEbirAbYATWB8U"', 'Vary': 'Accept-Encoding', 'Content-Encoding': 'gzip', 'CF-Cache-Status': 'DYNAMIC', 'Report-To': '{"endpoints":[{"url":"https:\\/\\/a.nel.cloudflare.com\\/report\\/v4?s=pM6jMAnqU0K3z6A8aSeoYQ8BzsRudZA4lic5cl20MpaF7XmyQ0MOvii8077Cr%2B6j4MiZJKf1WEep7qRnqCd%2B3h%2Bs7m%2Fsvju2KVl0WrjGTE6iHWxw8zH9sWzY3Yf4A4Ac"}],"group":"cf-nel","max_age":604800}', 'NEL': '{"success_fraction":0,"report_to":"cf-nel","max_age":604800}', 'Server': 'cloudflare', 'CF-RAY': '89d881dadc317c62-LAX', 'alt-svc': 'h3=":443"; ma=86400'} 
 body={"results":[{"gender":"female","name":{"title":"Miss","first":"Albane","last":"Leclerc"},"location":{"street":{"number":6287,"name":"Avenue Goerges Clémenceau"},"city":"Toulouse","state":"Paris","country":"France","postcode":16337,"coordinates":{"latitude":"-19.4057","longitude":"25.8877"},"timezone":{"offset":"+4:30","description":"Kabul"}},"email":"albane.leclerc@example.com","login":{"uuid":"080aa1ec-1875-44af-8b3d-c679b5c15c9c","username":"ticklishsnake481","password":"cannabis","salt":"HBvrP9GS","md5":"4b78ac176448ce2888481b89efdcda06","sha1":"93cd151defb0dc0deb0bc9520ecca6d40abcd58e","sha256":"d182987a46c6e004d4b7bf469d3a4f5a1c53748df35298205e743c5e0b81d4f0"},"dob":{"date":"1972-11-08T08:50:48.558Z","age":51},"registered":{"date":"2013-10-27T12:36:31.404Z","age":10},"phone":"02-71-38-57-78","cell":"06-65-90-96-25","id":{"name":"INSEE","value":"2721007332420 28"},"picture":{"large":"https://randomuser.me/api/portraits/women/68.jpg","medium":"https://randomuser.me/api/portraits/med/women/68.jpg","thumbnail":"https://randomuser.me/api/portraits/thumb/women/68.jpg"},"nat":"FR"}],"info":{"seed":"1d193eb484f91702","results":1,"page":1,"version":"1.4"}} 
 </msg>
<msg time="2024-07-03T17:13:37.860639" level="INFO">/opt/hostedtoolcache/Python/3.12.4/x64/lib/python3.12/site-packages/urllib3/connectionpool.py:1099: InsecureRequestWarning: Unverified HTTPS request is being made to host 'randomuser.me'. Adding certificate verification is strongly advised. See: https://urllib3.readthedocs.io/en/latest/advanced-usage.html#tls-warnings
  warnings.warn(</msg>
<msg time="2024-07-03T17:13:37.860750" level="INFO">${response} = &lt;Response [200]&gt;</msg>
<var>${response}</var>
<arg>consultarAPI</arg>
<arg>/api</arg>
<doc>Sends a GET request on a previously created HTTP Session.</doc>
<status status="PASS" start="2024-07-03T17:13:37.727466" elapsed="0.133334"/>
</kw>
<kw name="Set Variable" owner="BuiltIn">
<msg time="2024-07-03T17:13:37.862079" level="INFO">${json_data} = {'results': [{'gender': 'female', 'name': {'title': 'Miss', 'first': 'Albane', 'last': 'Leclerc'}, 'location': {'street': {'number': 6287, 'name': 'Avenue Goerges Clémenceau'}, 'city': 'Toulouse', 'st...</msg>
<var>${json_data}</var>
<arg>${response.json()}</arg>
<doc>Returns the given values which can then be assigned to a variables.</doc>
<status status="PASS" start="2024-07-03T17:13:37.861362" elapsed="0.000750"/>
</kw>
<kw name="Log" owner="BuiltIn">
<msg time="2024-07-03T17:13:37.862574" level="INFO">{'results': [{'gender': 'female', 'name': {'title': 'Miss', 'first': 'Albane', 'last': 'Leclerc'}, 'location': {'street': {'number': 6287, 'name': 'Avenue Goerges Clémenceau'}, 'city': 'Toulouse', 'state': 'Paris', 'country': 'France', 'postcode': 16337, 'coordinates': {'latitude': '-19.4057', 'longitude': '25.8877'}, 'timezone': {'offset': '+4:30', 'description': 'Kabul'}}, 'email': 'albane.leclerc@example.com', 'login': {'uuid': '080aa1ec-1875-44af-8b3d-c679b5c15c9c', 'username': 'ticklishsnake481', 'password': 'cannabis', 'salt': 'HBvrP9GS', 'md5': '4b78ac176448ce2888481b89efdcda06', 'sha1': '93cd151defb0dc0deb0bc9520ecca6d40abcd58e', 'sha256': 'd182987a46c6e004d4b7bf469d3a4f5a1c53748df35298205e743c5e0b81d4f0'}, 'dob': {'date': '1972-11-08T08:50:48.558Z', 'age': 51}, 'registered': {'date': '2013-10-27T12:36:31.404Z', 'age': 10}, 'phone': '02-71-38-57-78', 'cell': '06-65-90-96-25', 'id': {'name': 'INSEE', 'value': '2721007332420 28'}, 'picture': {'large': 'https://randomuser.me/api/portraits/women/68.jpg', 'medium': 'https://randomuser.me/api/portraits/med/women/68.jpg', 'thumbnail': 'https://randomuser.me/api/portraits/thumb/women/68.jpg'}, 'nat': 'FR'}], 'info': {'seed': '1d193eb484f91702', 'results': 1, 'page': 1, 'version': '1.4'}}</msg>
<arg>${json_data}</arg>
<doc>Logs the given message with the given level.</doc>
<status status="PASS" start="2024-07-03T17:13:37.862419" elapsed="0.000208"/>
</kw>
<kw name="Should Be String" owner="String">
<arg>${json_data['results'][0]['gender']}</arg>
<doc>Fails if the given ``item`` is not a string.</doc>
<status status="PASS" start="2024-07-03T17:13:37.862917" elapsed="0.000361"/>
</kw>
<kw name="Should Match Regexp" owner="BuiltIn">
<arg>${json_data['results'][0]['email']}</arg>
<arg>^[a-zA-Z0-9._%+-]+@[a-zA-Z0-9.-]+\.[a-zA-Z]{2,}$</arg>
<doc>Fails if ``string`` does not match ``pattern`` as a regular expression.</doc>
<status status="PASS" start="2024-07-03T17:13:37.863498" elapsed="0.000516"/>
</kw>
<kw name="Should Match Regexp" owner="BuiltIn">
<arg>${json_data['results'][0]['dob']['date']}</arg>
<arg>\\d{4}-\\d{2}-\\d{2}T\\d{2}:\\d{2}:\\d{2}\\.\\d{3}Z</arg>
<doc>Fails if ``string`` does not match ``pattern`` as a regular expression.</doc>
<status status="PASS" start="2024-07-03T17:13:37.864207" elapsed="0.000474"/>
</kw>
<kw name="Should Match Regexp" owner="BuiltIn">
<arg>${json_data['results'][0]['registered']['date']}</arg>
<arg>\\d{4}-\\d{2}-\\d{2}T\\d{2}:\\d{2}:\\d{2}\\.\\d{3}Z</arg>
<doc>Fails if ``string`` does not match ``pattern`` as a regular expression.</doc>
<status status="PASS" start="2024-07-03T17:13:37.864869" elapsed="0.000368"/>
</kw>
<kw name="Should Match Regexp" owner="BuiltIn">
<arg>${json_data['results'][0]['picture']['large']}</arg>
<arg>^https?://.*\.(?:png|jpe?g|gif|bmp)$</arg>
<doc>Fails if ``string`` does not match ``pattern`` as a regular expression.</doc>
<status status="PASS" start="2024-07-03T17:13:37.865419" elapsed="0.000495"/>
</kw>
<kw name="Should Match Regexp" owner="BuiltIn">
<arg>${json_data['results'][0]['picture']['medium']}</arg>
<arg>^https?://.*\.(?:png|jpe?g|gif|bmp)$</arg>
<doc>Fails if ``string`` does not match ``pattern`` as a regular expression.</doc>
<status status="PASS" start="2024-07-03T17:13:37.866101" elapsed="0.000351"/>
</kw>
<kw name="Should Match Regexp" owner="BuiltIn">
<arg>${json_data['results'][0]['picture']['thumbnail']}</arg>
<arg>^https?://.*\.(?:png|jpe?g|gif|bmp)$</arg>
<doc>Fails if ``string`` does not match ``pattern`` as a regular expression.</doc>
<status status="PASS" start="2024-07-03T17:13:37.866631" elapsed="0.000355"/>
</kw>
<kw name="Log" owner="BuiltIn">
<msg time="2024-07-03T17:13:37.867494" level="INFO">{'large': 'https://randomuser.me/api/portraits/women/68.jpg', 'medium': 'https://randomuser.me/api/portraits/med/women/68.jpg', 'thumbnail': 'https://randomuser.me/api/portraits/thumb/women/68.jpg'}</msg>
<arg>${json_data['results'][0]['picture']}</arg>
<doc>Logs the given message with the given level.</doc>
<status status="PASS" start="2024-07-03T17:13:37.867168" elapsed="0.000368"/>
</kw>
<status status="PASS" start="2024-07-03T17:13:37.727240" elapsed="0.140555"/>
</kw>
<kw name="Teste de Tipos de Dados - Postcode" owner="random-user-service">
<kw name="GET On Session" owner="RequestsLibrary">
<msg time="2024-07-03T17:13:37.970991" level="INFO">GET Request : url=https://randomuser.me/api 
 path_url=/api 
 headers={'User-Agent': 'python-requests/2.32.3', 'Accept-Encoding': 'gzip, deflate', 'Accept': '*/*', 'Connection': 'keep-alive'} 
 body=None 
 </msg>
<msg time="2024-07-03T17:13:37.971080" level="INFO">GET Response : url=https://randomuser.me/api 
 status=200, reason=OK 
 headers={'Date': 'Wed, 03 Jul 2024 17:13:37 GMT', 'Content-Type': 'application/json; charset=utf-8', 'Transfer-Encoding': 'chunked', 'Connection': 'keep-alive', 'X-Powered-By': 'Express', 'Access-Control-Allow-Origin': '*', 'Cache-Control': 'no-cache', 'ETag': 'W/"471-ACOYX3FlD+6qCZEIl+vExtH8DuU"', 'Vary': 'Accept-Encoding', 'Content-Encoding': 'gzip', 'CF-Cache-Status': 'DYNAMIC', 'Report-To': '{"endpoints":[{"url":"https:\\/\\/a.nel.cloudflare.com\\/report\\/v4?s=XRfx2efRS%2BWcGdNmC3s42JLgso0dza6ElNe9oUUvTaZlvg7FEZ%2Fu%2B3JzCs1d637wYUkmQcV8XWeHcbdxp%2F4zK883ejsrIND28K8VlfSN7QKKBLVIk7%2B43jvns3S7a9ph"}],"group":"cf-nel","max_age":604800}', 'NEL': '{"success_fraction":0,"report_to":"cf-nel","max_age":604800}', 'Server': 'cloudflare', 'CF-RAY': '89d881dbbdab7c62-LAX', 'alt-svc': 'h3=":443"; ma=86400'} 
 body={"results":[{"gender":"male","name":{"title":"Mr","first":"Jonah","last":"Leine"},"location":{"street":{"number":7335,"name":"Gransveien"},"city":"Byglandsfjord","state":"Hordaland","country":"Norway","postcode":"5966","coordinates":{"latitude":"46.3802","longitude":"-1.9386"},"timezone":{"offset":"-11:00","description":"Midway Island, Samoa"}},"email":"jonah.leine@example.com","login":{"uuid":"770b4158-9b0a-438b-b697-8111c5bf4d3c","username":"purplekoala556","password":"garage","salt":"LTcPmIRn","md5":"8a594c347351efd56a2c777e047e9338","sha1":"209cff2fa508e149e501fa428063540ff17ac852","sha256":"da8576fbd7ec00633a6d1e83418a25da580887b38a05f3bbff09e12ad33141b8"},"dob":{"date":"1951-03-28T19:32:59.039Z","age":73},"registered":{"date":"2004-07-05T06:46:18.402Z","age":19},"phone":"73792827","cell":"44925906","id":{"name":"FN","value":"28035116739"},"picture":{"large":"https://randomuser.me/api/portraits/men/6.jpg","medium":"https://randomuser.me/api/portraits/med/men/6.jpg","thumbnail":"https://randomuser.me/api/portraits/thumb/men/6.jpg"},"nat":"NO"}],"info":{"seed":"70e80969580b22b6","results":1,"page":1,"version":"1.4"}} 
 </msg>
<msg time="2024-07-03T17:13:37.971161" level="INFO">/opt/hostedtoolcache/Python/3.12.4/x64/lib/python3.12/site-packages/urllib3/connectionpool.py:1099: InsecureRequestWarning: Unverified HTTPS request is being made to host 'randomuser.me'. Adding certificate verification is strongly advised. See: https://urllib3.readthedocs.io/en/latest/advanced-usage.html#tls-warnings
  warnings.warn(</msg>
<msg time="2024-07-03T17:13:37.971283" level="INFO">${response} = &lt;Response [200]&gt;</msg>
<var>${response}</var>
<arg>consultarAPI</arg>
<arg>/api</arg>
<doc>Sends a GET request on a previously created HTTP Session.</doc>
<status status="PASS" start="2024-07-03T17:13:37.868218" elapsed="0.103112"/>
</kw>
<kw name="Set Variable" owner="BuiltIn">
<msg time="2024-07-03T17:13:37.972497" level="INFO">${json_data} = {'results': [{'gender': 'male', 'name': {'title': 'Mr', 'first': 'Jonah', 'last': 'Leine'}, 'location': {'street': {'number': 7335, 'name': 'Gransveien'}, 'city': 'Byglandsfjord', 'state': 'Hordaland'...</msg>
<var>${json_data}</var>
<arg>${response.json()}</arg>
<doc>Returns the given values which can then be assigned to a variables.</doc>
<status status="PASS" start="2024-07-03T17:13:37.971831" elapsed="0.000694"/>
</kw>
<kw name="Log" owner="BuiltIn">
<msg time="2024-07-03T17:13:37.972986" level="INFO">{'results': [{'gender': 'male', 'name': {'title': 'Mr', 'first': 'Jonah', 'last': 'Leine'}, 'location': {'street': {'number': 7335, 'name': 'Gransveien'}, 'city': 'Byglandsfjord', 'state': 'Hordaland', 'country': 'Norway', 'postcode': '5966', 'coordinates': {'latitude': '46.3802', 'longitude': '-1.9386'}, 'timezone': {'offset': '-11:00', 'description': 'Midway Island, Samoa'}}, 'email': 'jonah.leine@example.com', 'login': {'uuid': '770b4158-9b0a-438b-b697-8111c5bf4d3c', 'username': 'purplekoala556', 'password': 'garage', 'salt': 'LTcPmIRn', 'md5': '8a594c347351efd56a2c777e047e9338', 'sha1': '209cff2fa508e149e501fa428063540ff17ac852', 'sha256': 'da8576fbd7ec00633a6d1e83418a25da580887b38a05f3bbff09e12ad33141b8'}, 'dob': {'date': '1951-03-28T19:32:59.039Z', 'age': 73}, 'registered': {'date': '2004-07-05T06:46:18.402Z', 'age': 19}, 'phone': '73792827', 'cell': '44925906', 'id': {'name': 'FN', 'value': '28035116739'}, 'picture': {'large': 'https://randomuser.me/api/portraits/men/6.jpg', 'medium': 'https://randomuser.me/api/portraits/med/men/6.jpg', 'thumbnail': 'https://randomuser.me/api/portraits/thumb/men/6.jpg'}, 'nat': 'NO'}], 'info': {'seed': '70e80969580b22b6', 'results': 1, 'page': 1, 'version': '1.4'}}</msg>
<arg>${json_data}</arg>
<doc>Logs the given message with the given level.</doc>
<status status="PASS" start="2024-07-03T17:13:37.972833" elapsed="0.000200"/>
</kw>
<kw name="Should Be Equal As Numbers" owner="BuiltIn">
<arg>${json_data['results'][0]['location']['postcode']}</arg>
<arg>${json_data['results'][0]['location']['postcode']}</arg>
<doc>Fails if objects are unequal after converting them to real numbers.</doc>
<status status="PASS" start="2024-07-03T17:13:37.973325" elapsed="0.000664"/>
</kw>
<kw name="Log" owner="BuiltIn">
<msg time="2024-07-03T17:13:37.974519" level="INFO">5966</msg>
<arg>${json_data['results'][0]['location']['postcode']}</arg>
<doc>Logs the given message with the given level.</doc>
<status status="PASS" start="2024-07-03T17:13:37.974178" elapsed="0.000413"/>
</kw>
<status status="PASS" start="2024-07-03T17:13:37.868003" elapsed="0.106841"/>
</kw>
<doc>Testa se os tipos de dados na resposta da API estão corretos.</doc>
<tag>testeTiposDados</tag>
<status status="PASS" start="2024-07-03T17:13:37.726592" elapsed="0.248406"/>
</test>
<test id="s1-s1-t5" name="Validar conteudo" line="35">
<kw name="Teste de Tipos de Conteudo" owner="random-user-service">
<kw name="GET On Session" owner="RequestsLibrary">
<msg time="2024-07-03T17:13:38.081537" level="INFO">GET Request : url=https://randomuser.me/api 
 path_url=/api 
 headers={'User-Agent': 'python-requests/2.32.3', 'Accept-Encoding': 'gzip, deflate', 'Accept': '*/*', 'Connection': 'keep-alive'} 
 body=None 
 </msg>
<msg time="2024-07-03T17:13:38.081647" level="INFO">GET Response : url=https://randomuser.me/api 
 status=200, reason=OK 
 headers={'Date': 'Wed, 03 Jul 2024 17:13:38 GMT', 'Content-Type': 'application/json; charset=utf-8', 'Transfer-Encoding': 'chunked', 'Connection': 'keep-alive', 'X-Powered-By': 'Express', 'Access-Control-Allow-Origin': '*', 'Cache-Control': 'no-cache', 'ETag': 'W/"49a-ilu7j9icN17wRIhkWtEb3ytrmgU"', 'Vary': 'Accept-Encoding', 'Content-Encoding': 'gzip', 'CF-Cache-Status': 'DYNAMIC', 'Report-To': '{"endpoints":[{"url":"https:\\/\\/a.nel.cloudflare.com\\/report\\/v4?s=Cj4RD75JD3OoFmTMmLFIVh7W6G93H7Q1CPapKNKJN1iTHEiGawL0LSZ7rLYQ3QsslHRTuorXgviC7qIzADUKJGZ7eHJc0w7KWgjN5o8p3Z3ZMI%2BxYQcbDwPFoAYl%2FayV"}],"group":"cf-nel","max_age":604800}', 'NEL': '{"success_fraction":0,"report_to":"cf-nel","max_age":604800}', 'Server': 'cloudflare', 'CF-RAY': '89d881dc6e567c62-LAX', 'alt-svc': 'h3=":443"; ma=86400'} 
 body={"results":[{"gender":"female","name":{"title":"Miss","first":"Nuria","last":"Caballero"},"location":{"street":{"number":1114,"name":"Avenida de Burgos"},"city":"Ferrol","state":"Castilla la Mancha","country":"Spain","postcode":37827,"coordinates":{"latitude":"-30.2501","longitude":"126.0883"},"timezone":{"offset":"-1:00","description":"Azores, Cape Verde Islands"}},"email":"nuria.caballero@example.com","login":{"uuid":"b1561144-4aa4-41d5-b396-46052ea99392","username":"greenfish486","password":"makaveli","salt":"ONrfYvDl","md5":"a2063c24e259b725da0089862d683427","sha1":"a80eaa9d55419abff9838b50f960dbf010b913d9","sha256":"fd8eeabf0fe6a93b5f259612de3521c9446f155a84a79da41558acb148b9ee42"},"dob":{"date":"1945-01-14T13:39:46.414Z","age":79},"registered":{"date":"2009-06-10T17:05:27.544Z","age":15},"phone":"986-562-519","cell":"617-733-086","id":{"name":"DNI","value":"04782410-R"},"picture":{"large":"https://randomuser.me/api/portraits/women/15.jpg","medium":"https://randomuser.me/api/portraits/med/women/15.jpg","thumbnail":"https://randomuser.me/api/portraits/thumb/women/15.jpg"},"nat":"ES"}],"info":{"seed":"1f177507636b338c","results":1,"page":1,"version":"1.4"}} 
 </msg>
<msg time="2024-07-03T17:13:38.081737" level="INFO">/opt/hostedtoolcache/Python/3.12.4/x64/lib/python3.12/site-packages/urllib3/connectionpool.py:1099: InsecureRequestWarning: Unverified HTTPS request is being made to host 'randomuser.me'. Adding certificate verification is strongly advised. See: https://urllib3.readthedocs.io/en/latest/advanced-usage.html#tls-warnings
  warnings.warn(</msg>
<msg time="2024-07-03T17:13:38.081837" level="INFO">${response} = &lt;Response [200]&gt;</msg>
<var>${response}</var>
<arg>consultarAPI</arg>
<arg>/api</arg>
<doc>Sends a GET request on a previously created HTTP Session.</doc>
<status status="PASS" start="2024-07-03T17:13:37.977570" elapsed="0.104294"/>
</kw>
<kw name="Set Variable" owner="BuiltIn">
<msg time="2024-07-03T17:13:38.082807" level="INFO">${json_data} = {'results': [{'gender': 'female', 'name': {'title': 'Miss', 'first': 'Nuria', 'last': 'Caballero'}, 'location': {'street': {'number': 1114, 'name': 'Avenida de Burgos'}, 'city': 'Ferrol', 'state': 'Ca...</msg>
<var>${json_data}</var>
<arg>${response.json()}</arg>
<doc>Returns the given values which can then be assigned to a variables.</doc>
<status status="PASS" start="2024-07-03T17:13:38.082327" elapsed="0.000508"/>
</kw>
<kw name="Set Variable" owner="BuiltIn">
<msg time="2024-07-03T17:13:38.083519" level="INFO">${name_title} = Miss</msg>
<var>${name_title}</var>
<arg>${json_data["results"][0]["name"]["title"]}</arg>
<doc>Returns the given values which can then be assigned to a variables.</doc>
<status status="PASS" start="2024-07-03T17:13:38.083137" elapsed="0.000407"/>
</kw>
<kw name="Create List" owner="BuiltIn">
<msg time="2024-07-03T17:13:38.083987" level="INFO">${allowed_titles} = ['Mr', 'Ms', 'Miss', 'Mrs', 'Madame', 'Monsieur']</msg>
<var>${allowed_titles}</var>
<arg>Mr</arg>
<arg>Ms</arg>
<arg>Miss</arg>
<arg>Mrs</arg>
<arg>Madame</arg>
<arg>Monsieur</arg>
<doc>Returns a list containing given items.</doc>
<status status="PASS" start="2024-07-03T17:13:38.083839" elapsed="0.000172"/>
</kw>
<kw name="List Should Contain Value" owner="Collections">
<arg>${allowed_titles}</arg>
<arg>${name_title}</arg>
<doc>Fails if the ``value`` is not found from ``list``.</doc>
<status status="PASS" start="2024-07-03T17:13:38.084304" elapsed="0.000177"/>
</kw>
<kw name="Set Variable" owner="BuiltIn">
<msg time="2024-07-03T17:13:38.085022" level="INFO">${name_country} = ES</msg>
<var>${name_country}</var>
<arg>${json_data["results"][0]["nat"]}</arg>
<doc>Returns the given values which can then be assigned to a variables.</doc>
<status status="PASS" start="2024-07-03T17:13:38.084657" elapsed="0.000389"/>
</kw>
<kw name="Create List" owner="BuiltIn">
<msg time="2024-07-03T17:13:38.085962" level="INFO">${list_country} = ['AD', 'AE', 'AF', 'AG', 'AI', 'AL', 'AM', 'AO', 'AQ', 'AR', 'AS', 'AT', 'AU', 'AW', 'AX', 'AZ', 'BA', 'BB', 'BD', 'BE', 'BF', 'BG', 'BH', 'BI', 'BJ', 'BL', 'BM', 'BN', 'BO', 'BQ', 'BR', 'BS', 'BT', '...</msg>
<var>${list_country}</var>
<arg>AD</arg>
<arg>AE</arg>
<arg>AF</arg>
<arg>AG</arg>
<arg>AI</arg>
<arg>AL</arg>
<arg>AM</arg>
<arg>AO</arg>
<arg>AQ</arg>
<arg>AR</arg>
<arg>AS</arg>
<arg>AT</arg>
<arg>AU</arg>
<arg>AW</arg>
<arg>AX</arg>
<arg>AZ</arg>
<arg>BA</arg>
<arg>BB</arg>
<arg>BD</arg>
<arg>BE</arg>
<arg>BF</arg>
<arg>BG</arg>
<arg>BH</arg>
<arg>BI</arg>
<arg>BJ</arg>
<arg>BL</arg>
<arg>BM</arg>
<arg>BN</arg>
<arg>BO</arg>
<arg>BQ</arg>
<arg>BR</arg>
<arg>BS</arg>
<arg>BT</arg>
<arg>BV</arg>
<arg>BW</arg>
<arg>BY</arg>
<arg>BZ</arg>
<arg>CA</arg>
<arg>CC</arg>
<arg>CD</arg>
<arg>CF</arg>
<arg>CG</arg>
<arg>CH</arg>
<arg>CI</arg>
<arg>CK</arg>
<arg>CL</arg>
<arg>CM</arg>
<arg>CN</arg>
<arg>CO</arg>
<arg>CR</arg>
<arg>CU</arg>
<arg>CV</arg>
<arg>CW</arg>
<arg>CX</arg>
<arg>CY</arg>
<arg>CZ</arg>
<arg>DE</arg>
<arg>DJ</arg>
<arg>DK</arg>
<arg>DM</arg>
<arg>DO</arg>
<arg>DZ</arg>
<arg>EC</arg>
<arg>EE</arg>
<arg>EG</arg>
<arg>EH</arg>
<arg>ER</arg>
<arg>ES</arg>
<arg>ET</arg>
<arg>FI</arg>
<arg>FJ</arg>
<arg>FK</arg>
<arg>FM</arg>
<arg>FO</arg>
<arg>FR</arg>
<arg>GA</arg>
<arg>GB</arg>
<arg>GD</arg>
<arg>GE</arg>
<arg>GF</arg>
<arg>GG</arg>
<arg>GH</arg>
<arg>GI</arg>
<arg>GL</arg>
<arg>GM</arg>
<arg>GN</arg>
<arg>GP</arg>
<arg>GQ</arg>
<arg>GR</arg>
<arg>GS</arg>
<arg>GT</arg>
<arg>GU</arg>
<arg>GW</arg>
<arg>GY</arg>
<arg>HK</arg>
<arg>HM</arg>
<arg>HN</arg>
<arg>HR</arg>
<arg>HT</arg>
<arg>HU</arg>
<arg>ID</arg>
<arg>IE</arg>
<arg>IL</arg>
<arg>IM</arg>
<arg>IN</arg>
<arg>IO</arg>
<arg>IQ</arg>
<arg>IR</arg>
<arg>IS</arg>
<arg>IT</arg>
<arg>JE</arg>
<arg>JM</arg>
<arg>JO</arg>
<arg>JP</arg>
<arg>KE</arg>
<arg>KG</arg>
<arg>KH</arg>
<arg>KI</arg>
<arg>KM</arg>
<arg>KN</arg>
<arg>KP</arg>
<arg>KR</arg>
<arg>KW</arg>
<arg>KY</arg>
<arg>KZ</arg>
<arg>LA</arg>
<arg>LB</arg>
<arg>LC</arg>
<arg>LI</arg>
<arg>LK</arg>
<arg>LR</arg>
<arg>LS</arg>
<arg>LT</arg>
<arg>LU</arg>
<arg>LV</arg>
<arg>LY</arg>
<arg>MA</arg>
<arg>MC</arg>
<arg>MD</arg>
<arg>ME</arg>
<arg>MF</arg>
<arg>MG</arg>
<arg>MH</arg>
<arg>MK</arg>
<arg>ML</arg>
<arg>MM</arg>
<arg>MN</arg>
<arg>MO</arg>
<arg>MP</arg>
<arg>MQ</arg>
<arg>MR</arg>
<arg>MS</arg>
<arg>MT</arg>
<arg>MU</arg>
<arg>MV</arg>
<arg>MW</arg>
<arg>MX</arg>
<arg>MY</arg>
<arg>MZ</arg>
<arg>NA</arg>
<arg>NC</arg>
<arg>NE</arg>
<arg>NF</arg>
<arg>NG</arg>
<arg>NI</arg>
<arg>NL</arg>
<arg>NO</arg>
<arg>NP</arg>
<arg>NR</arg>
<arg>NU</arg>
<arg>NZ</arg>
<arg>OM</arg>
<arg>PA</arg>
<arg>PE</arg>
<arg>PF</arg>
<arg>PG</arg>
<arg>PH</arg>
<arg>PK</arg>
<arg>PL</arg>
<arg>PM</arg>
<arg>PN</arg>
<arg>PR</arg>
<arg>PS</arg>
<arg>PT</arg>
<arg>PW</arg>
<arg>PY</arg>
<arg>QA</arg>
<arg>RE</arg>
<arg>RO</arg>
<arg>RS</arg>
<arg>RU</arg>
<arg>RW</arg>
<arg>SA</arg>
<arg>SB</arg>
<arg>SC</arg>
<arg>SD</arg>
<arg>SE</arg>
<arg>SG</arg>
<arg>SH</arg>
<arg>SI</arg>
<arg>SJ</arg>
<arg>SK</arg>
<arg>SL</arg>
<arg>SM</arg>
<arg>SN</arg>
<arg>SO</arg>
<arg>SR</arg>
<arg>SS</arg>
<arg>ST</arg>
<arg>SV</arg>
<arg>SX</arg>
<arg>SY</arg>
<arg>SZ</arg>
<arg>TC</arg>
<arg>TD</arg>
<arg>TF</arg>
<arg>TG</arg>
<arg>TH</arg>
<arg>TJ</arg>
<arg>TK</arg>
<arg>TL</arg>
<arg>TM</arg>
<arg>TN</arg>
<arg>TO</arg>
<arg>TR</arg>
<arg>TT</arg>
<arg>TV</arg>
<arg>TW</arg>
<arg>TZ</arg>
<arg>UA</arg>
<arg>UG</arg>
<arg>UM</arg>
<arg>US</arg>
<arg>UY</arg>
<arg>UZ</arg>
<arg>VA</arg>
<arg>VC</arg>
<arg>VE</arg>
<arg>VG</arg>
<arg>VI</arg>
<arg>VN</arg>
<arg>VU</arg>
<arg>WF</arg>
<arg>WS</arg>
<arg>XK</arg>
<arg>YE</arg>
<arg>YT</arg>
<arg>ZA</arg>
<arg>ZM</arg>
<arg>ZW</arg>
<doc>Returns a list containing given items.</doc>
<status status="PASS" start="2024-07-03T17:13:38.085335" elapsed="0.000653"/>
</kw>
<kw name="List Should Contain Value" owner="Collections">
<arg>${list_country}</arg>
<arg>${name_country}</arg>
<doc>Fails if the ``value`` is not found from ``list``.</doc>
<status status="PASS" start="2024-07-03T17:13:38.086788" elapsed="0.000204"/>
</kw>
<kw name="Run Keyword If" owner="BuiltIn">
<kw name="Should Be True" owner="BuiltIn">
<arg>${True}</arg>
<doc>Fails if the given condition is not true.</doc>
<status status="PASS" start="2024-07-03T17:13:38.087970" elapsed="0.000140"/>
</kw>
<arg>${json_data["results"][0]["location"]["coordinates"]["latitude"]} &gt;= -90 and ${json_data["results"][0]["location"]["coordinates"]["latitude"]} &lt;= 90</arg>
<arg>Should Be True</arg>
<arg>${True}</arg>
<doc>Runs the given keyword with the given arguments, if ``condition`` is true.</doc>
<status status="PASS" start="2024-07-03T17:13:38.087206" elapsed="0.001029"/>
</kw>
<kw name="Run Keyword If" owner="BuiltIn">
<kw name="Should Be True" owner="BuiltIn">
<arg>${True}</arg>
<doc>Fails if the given condition is not true.</doc>
<status status="PASS" start="2024-07-03T17:13:38.089113" elapsed="0.000136"/>
</kw>
<arg>${json_data["results"][0]["location"]["coordinates"]["longitude"]} &gt;= -180 and ${json_data["results"][0]["location"]["coordinates"]["longitude"]} &lt;= 180</arg>
<arg>Should Be True</arg>
<arg>${True}</arg>
<doc>Runs the given keyword with the given arguments, if ``condition`` is true.</doc>
<status status="PASS" start="2024-07-03T17:13:38.088413" elapsed="0.000959"/>
</kw>
<status status="PASS" start="2024-07-03T17:13:37.977226" elapsed="0.112276"/>
</kw>
<doc>Testa o conteúdo específico dos campos retornados pela API.</doc>
<tag>testeConteudo</tag>
<status status="PASS" start="2024-07-03T17:13:37.976722" elapsed="0.112952"/>
</test>
<status status="PASS" start="2024-07-03T17:13:36.377946" elapsed="1.713650"/>
</suite>
<status status="PASS" start="2024-07-03T17:13:36.363485" elapsed="1.733218"/>
</suite>
<statistics>
<total>
<stat pass="5" fail="0" skip="0">All Tests</stat>
</total>
<tag>
<stat pass="1" fail="0" skip="0">testeConteudo</stat>
<stat pass="1" fail="0" skip="0">testeEstruturaResposta</stat>
<stat pass="1" fail="0" skip="0">testeRequisicaoBasica</stat>
<stat pass="1" fail="0" skip="0">testeTiposDados</stat>
</tag>
<suite>
<stat pass="5" fail="0" skip="0" id="s1" name="Tests">Tests</stat>
<stat pass="5" fail="0" skip="0" id="s1-s1" name="Random-User-Test">Tests.Random-User-Test</stat>
</suite>
</statistics>
<errors>
</errors>
</robot>
