<?xml version="1.0" encoding="UTF-8"?>
<robot generator="Robot 7.0.1 (Python 3.12.4 on linux)" generated="2024-07-20T02:30:54.451469" rpa="false" schemaversion="5">
<suite id="s1" name="Tests" source="/home/runner/work/ApiRandomUser/ApiRandomUser/RamdonUser/tests">
<suite id="s1-s1" name="Random-User-Test" source="/home/runner/work/ApiRandomUser/ApiRandomUser/RamdonUser/tests/random-user-test.robot">
<test id="s1-s1-t1" name="Conectar" line="13">
<kw name="Conectar API" owner="random-user-service">
<kw name="Create Session" owner="RequestsLibrary">
<msg time="2024-07-20T02:30:54.905532" level="INFO">Creating Session using : alias=consultarAPI, url=https://randomuser.me/, headers={},                     cookies={}, auth=None, timeout=None, proxies=None, verify=False,                     debug=0 </msg>
<arg>consultarAPI</arg>
<arg>${URL}</arg>
<doc>Create Session: create a HTTP session to a server</doc>
<status status="PASS" start="2024-07-20T02:30:54.905280" elapsed="0.000461"/>
</kw>
<status status="PASS" start="2024-07-20T02:30:54.904127" elapsed="0.001985"/>
</kw>
<status status="PASS" start="2024-07-20T02:30:54.903351" elapsed="0.004025"/>
</test>
<test id="s1-s1-t2" name="Validar retorno 200 e JSON Válido" line="16">
<kw name="Teste de Requisicao Basica" owner="random-user-service">
<kw name="GET On Session" owner="RequestsLibrary">
<msg time="2024-07-20T02:30:55.099970" level="INFO">GET Request : url=https://randomuser.me/api 
 path_url=/api 
 headers={'User-Agent': 'python-requests/2.32.3', 'Accept-Encoding': 'gzip, deflate', 'Accept': '*/*', 'Connection': 'keep-alive'} 
 body=None 
 </msg>
<msg time="2024-07-20T02:30:55.100132" level="INFO">GET Response : url=https://randomuser.me/api 
 status=200, reason=OK 
 headers={'Date': 'Sat, 20 Jul 2024 02:30:55 GMT', 'Content-Type': 'application/json; charset=utf-8', 'Transfer-Encoding': 'chunked', 'Connection': 'keep-alive', 'X-Powered-By': 'Express', 'Access-Control-Allow-Origin': '*', 'Cache-Control': 'no-cache', 'ETag': 'W/"48a-nckOV6k1kN534j+2nLJBpmUEjx4"', 'Vary': 'Accept-Encoding', 'Content-Encoding': 'gzip', 'CF-Cache-Status': 'DYNAMIC', 'Report-To': '{"endpoints":[{"url":"https:\\/\\/a.nel.cloudflare.com\\/report\\/v4?s=gyi5CAmsXkInkVowaHfAYqMpfWO69tLtA84V%2BhT%2FBlU5HP3BuHcWpyCWHiLCHjbRFoORpoBqplGFVQ%2BjB6ePpSZ23sm6f1d013U80Pf6LR1Eu6c8Azf%2Bpa7BGc6AFb2U"}],"group":"cf-nel","max_age":604800}', 'NEL': '{"success_fraction":0,"report_to":"cf-nel","max_age":604800}', 'Server': 'cloudflare', 'CF-RAY': '8a5f8831e9cee599-DFW', 'alt-svc': 'h3=":443"; ma=86400'} 
 body={"results":[{"gender":"male","name":{"title":"Mr","first":"Walter","last":"Steward"},"location":{"street":{"number":3335,"name":"Park Road"},"city":"Tuam","state":"Kerry","country":"Ireland","postcode":90677,"coordinates":{"latitude":"-3.2218","longitude":"-51.4130"},"timezone":{"offset":"+11:00","description":"Magadan, Solomon Islands, New Caledonia"}},"email":"walter.steward@example.com","login":{"uuid":"fdf59e5e-7e77-42f7-b958-06350a1fad14","username":"greenleopard123","password":"metallica","salt":"D4DEl7C8","md5":"9b9a677b741c30dc34d0cda5c832663b","sha1":"ff3b9015f06d83e1dac1005b502eab3a88cbac87","sha256":"17dab1eca3a46dabd0ed68ffff42be8b81c6cfccac1dd72da92b3f8031b76d99"},"dob":{"date":"1967-07-03T04:11:19.291Z","age":57},"registered":{"date":"2006-05-08T09:09:48.552Z","age":18},"phone":"011-609-6803","cell":"081-324-4100","id":{"name":"PPS","value":"9133153T"},"picture":{"large":"https://randomuser.me/api/portraits/men/31.jpg","medium":"https://randomuser.me/api/portraits/med/men/31.jpg","thumbnail":"https://randomuser.me/api/portraits/thumb/men/31.jpg"},"nat":"IE"}],"info":{"seed":"0da81f4ca2f605af","results":1,"page":1,"version":"1.4"}} 
 </msg>
<msg time="2024-07-20T02:30:55.100214" level="INFO">/opt/hostedtoolcache/Python/3.12.4/x64/lib/python3.12/site-packages/urllib3/connectionpool.py:1099: InsecureRequestWarning: Unverified HTTPS request is being made to host 'randomuser.me'. Adding certificate verification is strongly advised. See: https://urllib3.readthedocs.io/en/latest/advanced-usage.html#tls-warnings
  warnings.warn(</msg>
<msg time="2024-07-20T02:30:55.100390" level="INFO">${response} = &lt;Response [200]&gt;</msg>
<var>${response}</var>
<arg>consultarAPI</arg>
<arg>/api</arg>
<doc>Sends a GET request on a previously created HTTP Session.</doc>
<status status="PASS" start="2024-07-20T02:30:54.910245" elapsed="0.190193"/>
</kw>
<kw name="Should Be Equal As Numbers" owner="BuiltIn">
<msg time="2024-07-20T02:30:55.101881" level="INFO">Argument types are:
&lt;class 'int'&gt;
&lt;class 'str'&gt;</msg>
<arg>${response.status_code}</arg>
<arg>200</arg>
<doc>Fails if objects are unequal after converting them to real numbers.</doc>
<status status="PASS" start="2024-07-20T02:30:55.101004" elapsed="0.000965"/>
</kw>
<kw name="Log" owner="BuiltIn">
<msg time="2024-07-20T02:30:55.102797" level="INFO">200</msg>
<arg>${response.status_code}</arg>
<doc>Logs the given message with the given level.</doc>
<status status="PASS" start="2024-07-20T02:30:55.102356" elapsed="0.000491"/>
</kw>
<kw name="Set Variable" owner="BuiltIn">
<msg time="2024-07-20T02:30:55.103607" level="INFO">${json_data} = {'results': [{'gender': 'male', 'name': {'title': 'Mr', 'first': 'Walter', 'last': 'Steward'}, 'location': {'street': {'number': 3335, 'name': 'Park Road'}, 'city': 'Tuam', 'state': 'Kerry', 'country'...</msg>
<var>${json_data}</var>
<arg>${response.json()}</arg>
<doc>Returns the given values which can then be assigned to a variables.</doc>
<status status="PASS" start="2024-07-20T02:30:55.103168" elapsed="0.000501"/>
</kw>
<kw name="Dictionary Should Contain Key" owner="Collections">
<arg>${json_data}</arg>
<arg>results</arg>
<doc>Fails if ``key`` is not found from ``dictionary``.</doc>
<status status="PASS" start="2024-07-20T02:30:55.104436" elapsed="0.000703"/>
</kw>
<status status="PASS" start="2024-07-20T02:30:54.909734" elapsed="0.195895"/>
</kw>
<doc>Testa se a API responde corretamente e retorna um objeto JSON válido.</doc>
<tag>testeRequisicaoBasica</tag>
<status status="PASS" start="2024-07-20T02:30:54.909227" elapsed="0.196895"/>
</test>
<test id="s1-s1-t3" name="Validar estrutura de resposta" line="22">
<kw name="Teste de Estrutura de Resposta" owner="random-user-service">
<kw name="GET On Session" owner="RequestsLibrary">
<msg time="2024-07-20T02:30:55.209874" level="INFO">GET Request : url=https://randomuser.me/api 
 path_url=/api 
 headers={'User-Agent': 'python-requests/2.32.3', 'Accept-Encoding': 'gzip, deflate', 'Accept': '*/*', 'Connection': 'keep-alive'} 
 body=None 
 </msg>
<msg time="2024-07-20T02:30:55.209973" level="INFO">GET Response : url=https://randomuser.me/api 
 status=200, reason=OK 
 headers={'Date': 'Sat, 20 Jul 2024 02:30:55 GMT', 'Content-Type': 'application/json; charset=utf-8', 'Transfer-Encoding': 'chunked', 'Connection': 'keep-alive', 'X-Powered-By': 'Express', 'Access-Control-Allow-Origin': '*', 'Cache-Control': 'no-cache', 'ETag': 'W/"479-d7tuKxIU8sPIH/0z1VFD6h/xoNM"', 'Vary': 'Accept-Encoding', 'Content-Encoding': 'gzip', 'CF-Cache-Status': 'DYNAMIC', 'Report-To': '{"endpoints":[{"url":"https:\\/\\/a.nel.cloudflare.com\\/report\\/v4?s=qbh8zcahziCRqSKr%2FH%2BJwEe6FeX7u1EpqKVfh2ahtohqk69xHlfa61k6ufo89FB7l9tilskhT8Xl29S%2FEOv1%2BqdTszRTA7iyA%2FM9weJ2%2BJ2XipPk0Q4Jht%2FiBCM35OoQ"}],"group":"cf-nel","max_age":604800}', 'NEL': '{"success_fraction":0,"report_to":"cf-nel","max_age":604800}', 'Server': 'cloudflare', 'CF-RAY': '8a5f88329ab1e599-DFW', 'alt-svc': 'h3=":443"; ma=86400'} 
 body={"results":[{"gender":"male","name":{"title":"Mr","first":"Mahmut","last":"Huang"},"location":{"street":{"number":3266,"name":"Damiatestraat"},"city":"Stede Broec","state":"Friesland","country":"Netherlands","postcode":"0786 MG","coordinates":{"latitude":"30.6927","longitude":"-107.3231"},"timezone":{"offset":"+3:30","description":"Tehran"}},"email":"mahmut.huang@example.com","login":{"uuid":"95955c31-561a-43bf-80da-791e0deb2505","username":"smallmouse514","password":"4wwvte","salt":"wyfPlT7d","md5":"b723de60f04b4b45a7c0c5ce3ad8347f","sha1":"90200c3eef1d4d7e1991fda8f8f0e90db6674bbd","sha256":"795b2783b9bfa58a7d8cec75ed1c7aed3fd172b550d9c552ba887562afd09278"},"dob":{"date":"1980-01-01T13:39:44.432Z","age":44},"registered":{"date":"2004-02-21T16:30:21.821Z","age":20},"phone":"(008) 8613030","cell":"(06) 49752992","id":{"name":"BSN","value":"24903772"},"picture":{"large":"https://randomuser.me/api/portraits/men/87.jpg","medium":"https://randomuser.me/api/portraits/med/men/87.jpg","thumbnail":"https://randomuser.me/api/portraits/thumb/men/87.jpg"},"nat":"NL"}],"info":{"seed":"55dda3d4d521a5c0","results":1,"page":1,"version":"1.4"}} 
 </msg>
<msg time="2024-07-20T02:30:55.210101" level="INFO">/opt/hostedtoolcache/Python/3.12.4/x64/lib/python3.12/site-packages/urllib3/connectionpool.py:1099: InsecureRequestWarning: Unverified HTTPS request is being made to host 'randomuser.me'. Adding certificate verification is strongly advised. See: https://urllib3.readthedocs.io/en/latest/advanced-usage.html#tls-warnings
  warnings.warn(</msg>
<msg time="2024-07-20T02:30:55.210252" level="INFO">${response} = &lt;Response [200]&gt;</msg>
<var>${response}</var>
<arg>consultarAPI</arg>
<arg>/api</arg>
<doc>Sends a GET request on a previously created HTTP Session.</doc>
<status status="PASS" start="2024-07-20T02:30:55.110879" elapsed="0.099413"/>
</kw>
<kw name="Set Variable" owner="BuiltIn">
<msg time="2024-07-20T02:30:55.215100" level="INFO">${json_data} = {'results': [{'gender': 'male', 'name': {'title': 'Mr', 'first': 'Mahmut', 'last': 'Huang'}, 'location': {'street': {'number': 3266, 'name': 'Damiatestraat'}, 'city': 'Stede Broec', 'state': 'Frieslan...</msg>
<var>${json_data}</var>
<arg>${response.json()}</arg>
<doc>Returns the given values which can then be assigned to a variables.</doc>
<status status="PASS" start="2024-07-20T02:30:55.214593" elapsed="0.000537"/>
</kw>
<kw name="Log" owner="BuiltIn">
<msg time="2024-07-20T02:30:55.215593" level="INFO">{'results': [{'gender': 'male', 'name': {'title': 'Mr', 'first': 'Mahmut', 'last': 'Huang'}, 'location': {'street': {'number': 3266, 'name': 'Damiatestraat'}, 'city': 'Stede Broec', 'state': 'Friesland', 'country': 'Netherlands', 'postcode': '0786 MG', 'coordinates': {'latitude': '30.6927', 'longitude': '-107.3231'}, 'timezone': {'offset': '+3:30', 'description': 'Tehran'}}, 'email': 'mahmut.huang@example.com', 'login': {'uuid': '95955c31-561a-43bf-80da-791e0deb2505', 'username': 'smallmouse514', 'password': '4wwvte', 'salt': 'wyfPlT7d', 'md5': 'b723de60f04b4b45a7c0c5ce3ad8347f', 'sha1': '90200c3eef1d4d7e1991fda8f8f0e90db6674bbd', 'sha256': '795b2783b9bfa58a7d8cec75ed1c7aed3fd172b550d9c552ba887562afd09278'}, 'dob': {'date': '1980-01-01T13:39:44.432Z', 'age': 44}, 'registered': {'date': '2004-02-21T16:30:21.821Z', 'age': 20}, 'phone': '(008) 8613030', 'cell': '(06) 49752992', 'id': {'name': 'BSN', 'value': '24903772'}, 'picture': {'large': 'https://randomuser.me/api/portraits/men/87.jpg', 'medium': 'https://randomuser.me/api/portraits/med/men/87.jpg', 'thumbnail': 'https://randomuser.me/api/portraits/thumb/men/87.jpg'}, 'nat': 'NL'}], 'info': {'seed': '55dda3d4d521a5c0', 'results': 1, 'page': 1, 'version': '1.4'}}</msg>
<arg>${json_data}</arg>
<doc>Logs the given message with the given level.</doc>
<status status="PASS" start="2024-07-20T02:30:55.215433" elapsed="0.000227"/>
</kw>
<kw name="Dictionary Should Contain Key" owner="Collections">
<arg>${json_data}</arg>
<arg>results</arg>
<doc>Fails if ``key`` is not found from ``dictionary``.</doc>
<status status="PASS" start="2024-07-20T02:30:55.216002" elapsed="0.000176"/>
</kw>
<kw name="Should Not Be Empty" owner="BuiltIn">
<msg time="2024-07-20T02:30:55.216503" level="INFO">Length is 2.</msg>
<arg>${json_data}</arg>
<doc>Verifies that the given item is not empty.</doc>
<status status="PASS" start="2024-07-20T02:30:55.216367" elapsed="0.000176"/>
</kw>
<kw name="Create List" owner="BuiltIn">
<msg time="2024-07-20T02:30:55.216997" level="INFO">${expected_keys} = ['gender', 'name', 'location', 'email', 'login']</msg>
<var>${expected_keys}</var>
<arg>gender</arg>
<arg>name</arg>
<arg>location</arg>
<arg>email</arg>
<arg>login</arg>
<doc>Returns a list containing given items.</doc>
<status status="PASS" start="2024-07-20T02:30:55.216839" elapsed="0.000183"/>
</kw>
<for flavor="IN">
<iter>
<kw name="Dictionary Should Contain Key" owner="Collections">
<arg>${json_data['results'][0]}</arg>
<arg>${key}</arg>
<doc>Fails if ``key`` is not found from ``dictionary``.</doc>
<status status="PASS" start="2024-07-20T02:30:55.218057" elapsed="0.000550"/>
</kw>
<kw name="Log" owner="BuiltIn">
<msg time="2024-07-20T02:30:55.219171" level="INFO">{'gender': 'male', 'name': {'title': 'Mr', 'first': 'Mahmut', 'last': 'Huang'}, 'location': {'street': {'number': 3266, 'name': 'Damiatestraat'}, 'city': 'Stede Broec', 'state': 'Friesland', 'country': 'Netherlands', 'postcode': '0786 MG', 'coordinates': {'latitude': '30.6927', 'longitude': '-107.3231'}, 'timezone': {'offset': '+3:30', 'description': 'Tehran'}}, 'email': 'mahmut.huang@example.com', 'login': {'uuid': '95955c31-561a-43bf-80da-791e0deb2505', 'username': 'smallmouse514', 'password': '4wwvte', 'salt': 'wyfPlT7d', 'md5': 'b723de60f04b4b45a7c0c5ce3ad8347f', 'sha1': '90200c3eef1d4d7e1991fda8f8f0e90db6674bbd', 'sha256': '795b2783b9bfa58a7d8cec75ed1c7aed3fd172b550d9c552ba887562afd09278'}, 'dob': {'date': '1980-01-01T13:39:44.432Z', 'age': 44}, 'registered': {'date': '2004-02-21T16:30:21.821Z', 'age': 20}, 'phone': '(008) 8613030', 'cell': '(06) 49752992', 'id': {'name': 'BSN', 'value': '24903772'}, 'picture': {'large': 'https://randomuser.me/api/portraits/men/87.jpg', 'medium': 'https://randomuser.me/api/portraits/med/men/87.jpg', 'thumbnail': 'https://randomuser.me/api/portraits/thumb/men/87.jpg'}, 'nat': 'NL'}</msg>
<arg>${json_data['results'][0]}</arg>
<doc>Logs the given message with the given level.</doc>
<status status="PASS" start="2024-07-20T02:30:55.218802" elapsed="0.000419"/>
</kw>
<kw name="Log" owner="BuiltIn">
<msg time="2024-07-20T02:30:55.219670" level="INFO">gender</msg>
<arg>${key}</arg>
<doc>Logs the given message with the given level.</doc>
<status status="PASS" start="2024-07-20T02:30:55.219537" elapsed="0.000172"/>
</kw>
<var name="${key}">gender</var>
<status status="PASS" start="2024-07-20T02:30:55.217483" elapsed="0.002444"/>
</iter>
<iter>
<kw name="Dictionary Should Contain Key" owner="Collections">
<arg>${json_data['results'][0]}</arg>
<arg>${key}</arg>
<doc>Fails if ``key`` is not found from ``dictionary``.</doc>
<status status="PASS" start="2024-07-20T02:30:55.220232" elapsed="0.000385"/>
</kw>
<kw name="Log" owner="BuiltIn">
<msg time="2024-07-20T02:30:55.221170" level="INFO">{'gender': 'male', 'name': {'title': 'Mr', 'first': 'Mahmut', 'last': 'Huang'}, 'location': {'street': {'number': 3266, 'name': 'Damiatestraat'}, 'city': 'Stede Broec', 'state': 'Friesland', 'country': 'Netherlands', 'postcode': '0786 MG', 'coordinates': {'latitude': '30.6927', 'longitude': '-107.3231'}, 'timezone': {'offset': '+3:30', 'description': 'Tehran'}}, 'email': 'mahmut.huang@example.com', 'login': {'uuid': '95955c31-561a-43bf-80da-791e0deb2505', 'username': 'smallmouse514', 'password': '4wwvte', 'salt': 'wyfPlT7d', 'md5': 'b723de60f04b4b45a7c0c5ce3ad8347f', 'sha1': '90200c3eef1d4d7e1991fda8f8f0e90db6674bbd', 'sha256': '795b2783b9bfa58a7d8cec75ed1c7aed3fd172b550d9c552ba887562afd09278'}, 'dob': {'date': '1980-01-01T13:39:44.432Z', 'age': 44}, 'registered': {'date': '2004-02-21T16:30:21.821Z', 'age': 20}, 'phone': '(008) 8613030', 'cell': '(06) 49752992', 'id': {'name': 'BSN', 'value': '24903772'}, 'picture': {'large': 'https://randomuser.me/api/portraits/men/87.jpg', 'medium': 'https://randomuser.me/api/portraits/med/men/87.jpg', 'thumbnail': 'https://randomuser.me/api/portraits/thumb/men/87.jpg'}, 'nat': 'NL'}</msg>
<arg>${json_data['results'][0]}</arg>
<doc>Logs the given message with the given level.</doc>
<status status="PASS" start="2024-07-20T02:30:55.220799" elapsed="0.000454"/>
</kw>
<kw name="Log" owner="BuiltIn">
<msg time="2024-07-20T02:30:55.221717" level="INFO">name</msg>
<arg>${key}</arg>
<doc>Logs the given message with the given level.</doc>
<status status="PASS" start="2024-07-20T02:30:55.221583" elapsed="0.000173"/>
</kw>
<var name="${key}">name</var>
<status status="PASS" start="2024-07-20T02:30:55.220119" elapsed="0.001857"/>
</iter>
<iter>
<kw name="Dictionary Should Contain Key" owner="Collections">
<arg>${json_data['results'][0]}</arg>
<arg>${key}</arg>
<doc>Fails if ``key`` is not found from ``dictionary``.</doc>
<status status="PASS" start="2024-07-20T02:30:55.222261" elapsed="0.000543"/>
</kw>
<kw name="Log" owner="BuiltIn">
<msg time="2024-07-20T02:30:55.223825" level="INFO">{'gender': 'male', 'name': {'title': 'Mr', 'first': 'Mahmut', 'last': 'Huang'}, 'location': {'street': {'number': 3266, 'name': 'Damiatestraat'}, 'city': 'Stede Broec', 'state': 'Friesland', 'country': 'Netherlands', 'postcode': '0786 MG', 'coordinates': {'latitude': '30.6927', 'longitude': '-107.3231'}, 'timezone': {'offset': '+3:30', 'description': 'Tehran'}}, 'email': 'mahmut.huang@example.com', 'login': {'uuid': '95955c31-561a-43bf-80da-791e0deb2505', 'username': 'smallmouse514', 'password': '4wwvte', 'salt': 'wyfPlT7d', 'md5': 'b723de60f04b4b45a7c0c5ce3ad8347f', 'sha1': '90200c3eef1d4d7e1991fda8f8f0e90db6674bbd', 'sha256': '795b2783b9bfa58a7d8cec75ed1c7aed3fd172b550d9c552ba887562afd09278'}, 'dob': {'date': '1980-01-01T13:39:44.432Z', 'age': 44}, 'registered': {'date': '2004-02-21T16:30:21.821Z', 'age': 20}, 'phone': '(008) 8613030', 'cell': '(06) 49752992', 'id': {'name': 'BSN', 'value': '24903772'}, 'picture': {'large': 'https://randomuser.me/api/portraits/men/87.jpg', 'medium': 'https://randomuser.me/api/portraits/med/men/87.jpg', 'thumbnail': 'https://randomuser.me/api/portraits/thumb/men/87.jpg'}, 'nat': 'NL'}</msg>
<arg>${json_data['results'][0]}</arg>
<doc>Logs the given message with the given level.</doc>
<status status="PASS" start="2024-07-20T02:30:55.223023" elapsed="0.000857"/>
</kw>
<kw name="Log" owner="BuiltIn">
<msg time="2024-07-20T02:30:55.224328" level="INFO">location</msg>
<arg>${key}</arg>
<doc>Logs the given message with the given level.</doc>
<status status="PASS" start="2024-07-20T02:30:55.224195" elapsed="0.000172"/>
</kw>
<var name="${key}">location</var>
<status status="PASS" start="2024-07-20T02:30:55.222152" elapsed="0.002442"/>
</iter>
<iter>
<kw name="Dictionary Should Contain Key" owner="Collections">
<arg>${json_data['results'][0]}</arg>
<arg>${key}</arg>
<doc>Fails if ``key`` is not found from ``dictionary``.</doc>
<status status="PASS" start="2024-07-20T02:30:55.224875" elapsed="0.000391"/>
</kw>
<kw name="Log" owner="BuiltIn">
<msg time="2024-07-20T02:30:55.226070" level="INFO">{'gender': 'male', 'name': {'title': 'Mr', 'first': 'Mahmut', 'last': 'Huang'}, 'location': {'street': {'number': 3266, 'name': 'Damiatestraat'}, 'city': 'Stede Broec', 'state': 'Friesland', 'country': 'Netherlands', 'postcode': '0786 MG', 'coordinates': {'latitude': '30.6927', 'longitude': '-107.3231'}, 'timezone': {'offset': '+3:30', 'description': 'Tehran'}}, 'email': 'mahmut.huang@example.com', 'login': {'uuid': '95955c31-561a-43bf-80da-791e0deb2505', 'username': 'smallmouse514', 'password': '4wwvte', 'salt': 'wyfPlT7d', 'md5': 'b723de60f04b4b45a7c0c5ce3ad8347f', 'sha1': '90200c3eef1d4d7e1991fda8f8f0e90db6674bbd', 'sha256': '795b2783b9bfa58a7d8cec75ed1c7aed3fd172b550d9c552ba887562afd09278'}, 'dob': {'date': '1980-01-01T13:39:44.432Z', 'age': 44}, 'registered': {'date': '2004-02-21T16:30:21.821Z', 'age': 20}, 'phone': '(008) 8613030', 'cell': '(06) 49752992', 'id': {'name': 'BSN', 'value': '24903772'}, 'picture': {'large': 'https://randomuser.me/api/portraits/men/87.jpg', 'medium': 'https://randomuser.me/api/portraits/med/men/87.jpg', 'thumbnail': 'https://randomuser.me/api/portraits/thumb/men/87.jpg'}, 'nat': 'NL'}</msg>
<arg>${json_data['results'][0]}</arg>
<doc>Logs the given message with the given level.</doc>
<status status="PASS" start="2024-07-20T02:30:55.225622" elapsed="0.000503"/>
</kw>
<kw name="Log" owner="BuiltIn">
<msg time="2024-07-20T02:30:55.226723" level="INFO">email</msg>
<arg>${key}</arg>
<doc>Logs the given message with the given level.</doc>
<status status="PASS" start="2024-07-20T02:30:55.226588" elapsed="0.000557"/>
</kw>
<var name="${key}">email</var>
<status status="PASS" start="2024-07-20T02:30:55.224765" elapsed="0.002765"/>
</iter>
<iter>
<kw name="Dictionary Should Contain Key" owner="Collections">
<arg>${json_data['results'][0]}</arg>
<arg>${key}</arg>
<doc>Fails if ``key`` is not found from ``dictionary``.</doc>
<status status="PASS" start="2024-07-20T02:30:55.229785" elapsed="0.000537"/>
</kw>
<kw name="Log" owner="BuiltIn">
<msg time="2024-07-20T02:30:55.231241" level="INFO">{'gender': 'male', 'name': {'title': 'Mr', 'first': 'Mahmut', 'last': 'Huang'}, 'location': {'street': {'number': 3266, 'name': 'Damiatestraat'}, 'city': 'Stede Broec', 'state': 'Friesland', 'country': 'Netherlands', 'postcode': '0786 MG', 'coordinates': {'latitude': '30.6927', 'longitude': '-107.3231'}, 'timezone': {'offset': '+3:30', 'description': 'Tehran'}}, 'email': 'mahmut.huang@example.com', 'login': {'uuid': '95955c31-561a-43bf-80da-791e0deb2505', 'username': 'smallmouse514', 'password': '4wwvte', 'salt': 'wyfPlT7d', 'md5': 'b723de60f04b4b45a7c0c5ce3ad8347f', 'sha1': '90200c3eef1d4d7e1991fda8f8f0e90db6674bbd', 'sha256': '795b2783b9bfa58a7d8cec75ed1c7aed3fd172b550d9c552ba887562afd09278'}, 'dob': {'date': '1980-01-01T13:39:44.432Z', 'age': 44}, 'registered': {'date': '2004-02-21T16:30:21.821Z', 'age': 20}, 'phone': '(008) 8613030', 'cell': '(06) 49752992', 'id': {'name': 'BSN', 'value': '24903772'}, 'picture': {'large': 'https://randomuser.me/api/portraits/men/87.jpg', 'medium': 'https://randomuser.me/api/portraits/med/men/87.jpg', 'thumbnail': 'https://randomuser.me/api/portraits/thumb/men/87.jpg'}, 'nat': 'NL'}</msg>
<arg>${json_data['results'][0]}</arg>
<doc>Logs the given message with the given level.</doc>
<status status="PASS" start="2024-07-20T02:30:55.230610" elapsed="0.000690"/>
</kw>
<kw name="Log" owner="BuiltIn">
<msg time="2024-07-20T02:30:55.232270" level="INFO">login</msg>
<arg>${key}</arg>
<doc>Logs the given message with the given level.</doc>
<status status="PASS" start="2024-07-20T02:30:55.232123" elapsed="0.000188"/>
</kw>
<var name="${key}">login</var>
<status status="PASS" start="2024-07-20T02:30:55.229474" elapsed="0.003077"/>
</iter>
<var>${key}</var>
<value>@{expected_keys}</value>
<status status="PASS" start="2024-07-20T02:30:55.217287" elapsed="0.015393"/>
</for>
<kw name="Create List" owner="BuiltIn">
<msg time="2024-07-20T02:30:55.233055" level="INFO">${expected_keysTwo} = ['username', 'password']</msg>
<var>${expected_keysTwo}</var>
<arg>username</arg>
<arg>password</arg>
<doc>Returns a list containing given items.</doc>
<status status="PASS" start="2024-07-20T02:30:55.232887" elapsed="0.000207"/>
</kw>
<for flavor="IN">
<iter>
<kw name="Dictionary Should Contain Key" owner="Collections">
<arg>${json_data['results'][0]['login']}</arg>
<arg>${keyTwo}</arg>
<doc>Fails if ``key`` is not found from ``dictionary``.</doc>
<status status="PASS" start="2024-07-20T02:30:55.234065" elapsed="0.000449"/>
</kw>
<kw name="Dictionary Should Contain Key" owner="Collections">
<arg>${json_data['results'][0]['login']}</arg>
<arg>${keyTwo}</arg>
<doc>Fails if ``key`` is not found from ``dictionary``.</doc>
<status status="PASS" start="2024-07-20T02:30:55.234907" elapsed="0.000734"/>
</kw>
<kw name="Log" owner="BuiltIn">
<msg time="2024-07-20T02:30:55.236135" level="INFO">username</msg>
<arg>${keyTwo}</arg>
<doc>Logs the given message with the given level.</doc>
<status status="PASS" start="2024-07-20T02:30:55.235955" elapsed="0.000228"/>
</kw>
<var name="${keyTwo}">username</var>
<status status="PASS" start="2024-07-20T02:30:55.233862" elapsed="0.002603"/>
</iter>
<iter>
<kw name="Dictionary Should Contain Key" owner="Collections">
<arg>${json_data['results'][0]['login']}</arg>
<arg>${keyTwo}</arg>
<doc>Fails if ``key`` is not found from ``dictionary``.</doc>
<status status="PASS" start="2024-07-20T02:30:55.236998" elapsed="0.000503"/>
</kw>
<kw name="Dictionary Should Contain Key" owner="Collections">
<arg>${json_data['results'][0]['login']}</arg>
<arg>${keyTwo}</arg>
<doc>Fails if ``key`` is not found from ``dictionary``.</doc>
<status status="PASS" start="2024-07-20T02:30:55.237844" elapsed="0.000679"/>
</kw>
<kw name="Log" owner="BuiltIn">
<msg time="2024-07-20T02:30:55.239215" level="INFO">password</msg>
<arg>${keyTwo}</arg>
<doc>Logs the given message with the given level.</doc>
<status status="PASS" start="2024-07-20T02:30:55.238928" elapsed="0.000333"/>
</kw>
<var name="${keyTwo}">password</var>
<status status="PASS" start="2024-07-20T02:30:55.236870" elapsed="0.002792"/>
</iter>
<var>${keyTwo}</var>
<value>@{expected_keysTwo}</value>
<status status="PASS" start="2024-07-20T02:30:55.233398" elapsed="0.006537"/>
</for>
<status status="PASS" start="2024-07-20T02:30:55.110639" elapsed="0.129458"/>
</kw>
<doc>Testa a estrutura da resposta da API.</doc>
<tag>testeEstruturaResposta</tag>
<status status="PASS" start="2024-07-20T02:30:55.110089" elapsed="0.130305"/>
</test>
<test id="s1-s1-t4" name="Validar tipos de dados" line="28">
<kw name="Teste de Tipos de Dados" owner="random-user-service">
<kw name="GET On Session" owner="RequestsLibrary">
<msg time="2024-07-20T02:30:55.357941" level="INFO">GET Request : url=https://randomuser.me/api 
 path_url=/api 
 headers={'User-Agent': 'python-requests/2.32.3', 'Accept-Encoding': 'gzip, deflate', 'Accept': '*/*', 'Connection': 'keep-alive'} 
 body=None 
 </msg>
<msg time="2024-07-20T02:30:55.358040" level="INFO">GET Response : url=https://randomuser.me/api 
 status=200, reason=OK 
 headers={'Date': 'Sat, 20 Jul 2024 02:30:55 GMT', 'Content-Type': 'application/json; charset=utf-8', 'Transfer-Encoding': 'chunked', 'Connection': 'keep-alive', 'X-Powered-By': 'Express', 'Access-Control-Allow-Origin': '*', 'Cache-Control': 'no-cache', 'ETag': 'W/"472-aNp/CPKg0d0txGMQ+tVDEDIErlc"', 'Vary': 'Accept-Encoding', 'Content-Encoding': 'gzip', 'CF-Cache-Status': 'DYNAMIC', 'Report-To': '{"endpoints":[{"url":"https:\\/\\/a.nel.cloudflare.com\\/report\\/v4?s=mtTrNpa8RzvYC5hR0XJnp8X2pl8dUplk6Ivd%2Bgdo2ovIGV1785SRX5iBOrQZQnAA5e6ZpnGZUVU39VQXJbl%2BU52PjmH33pHkMd%2FflOZO6pICER3iLvRG1jnDkhhyQNbn"}],"group":"cf-nel","max_age":604800}', 'NEL': '{"success_fraction":0,"report_to":"cf-nel","max_age":604800}', 'Server': 'cloudflare', 'CF-RAY': '8a5f88336b93e599-DFW', 'alt-svc': 'h3=":443"; ma=86400'} 
 body={"results":[{"gender":"male","name":{"title":"Mr","first":"Dylan","last":"Sirko"},"location":{"street":{"number":7515,"name":"9th St"},"city":"Keswick","state":"Ontario","country":"Canada","postcode":"F5E 9B8","coordinates":{"latitude":"-69.2648","longitude":"-15.1531"},"timezone":{"offset":"-12:00","description":"Eniwetok, Kwajalein"}},"email":"dylan.sirko@example.com","login":{"uuid":"4d0c17a7-ace5-4667-9b64-6080fec97293","username":"happyelephant474","password":"pickle","salt":"OX6vzAEK","md5":"2c7a63247203be22ced179ee790e4de9","sha1":"f57068fa42fdaa5df21e82303f9da477e9243077","sha256":"c1421562df2abc75cbcc6b178451c583e52328c54f99a1919e1eac91d6c90f68"},"dob":{"date":"1945-04-21T18:43:13.749Z","age":79},"registered":{"date":"2013-04-13T23:32:14.641Z","age":11},"phone":"Z87 P41-5226","cell":"V96 E45-1667","id":{"name":"SIN","value":"774858450"},"picture":{"large":"https://randomuser.me/api/portraits/men/4.jpg","medium":"https://randomuser.me/api/portraits/med/men/4.jpg","thumbnail":"https://randomuser.me/api/portraits/thumb/men/4.jpg"},"nat":"CA"}],"info":{"seed":"ad5f23d256c0bf2f","results":1,"page":1,"version":"1.4"}} 
 </msg>
<msg time="2024-07-20T02:30:55.358109" level="INFO">/opt/hostedtoolcache/Python/3.12.4/x64/lib/python3.12/site-packages/urllib3/connectionpool.py:1099: InsecureRequestWarning: Unverified HTTPS request is being made to host 'randomuser.me'. Adding certificate verification is strongly advised. See: https://urllib3.readthedocs.io/en/latest/advanced-usage.html#tls-warnings
  warnings.warn(</msg>
<msg time="2024-07-20T02:30:55.358247" level="INFO">${response} = &lt;Response [200]&gt;</msg>
<var>${response}</var>
<arg>consultarAPI</arg>
<arg>/api</arg>
<doc>Sends a GET request on a previously created HTTP Session.</doc>
<status status="PASS" start="2024-07-20T02:30:55.245566" elapsed="0.112725"/>
</kw>
<kw name="Set Variable" owner="BuiltIn">
<msg time="2024-07-20T02:30:55.359437" level="INFO">${json_data} = {'results': [{'gender': 'male', 'name': {'title': 'Mr', 'first': 'Dylan', 'last': 'Sirko'}, 'location': {'street': {'number': 7515, 'name': '9th St'}, 'city': 'Keswick', 'state': 'Ontario', 'country':...</msg>
<var>${json_data}</var>
<arg>${response.json()}</arg>
<doc>Returns the given values which can then be assigned to a variables.</doc>
<status status="PASS" start="2024-07-20T02:30:55.358912" elapsed="0.000555"/>
</kw>
<kw name="Log" owner="BuiltIn">
<msg time="2024-07-20T02:30:55.359939" level="INFO">{'results': [{'gender': 'male', 'name': {'title': 'Mr', 'first': 'Dylan', 'last': 'Sirko'}, 'location': {'street': {'number': 7515, 'name': '9th St'}, 'city': 'Keswick', 'state': 'Ontario', 'country': 'Canada', 'postcode': 'F5E 9B8', 'coordinates': {'latitude': '-69.2648', 'longitude': '-15.1531'}, 'timezone': {'offset': '-12:00', 'description': 'Eniwetok, Kwajalein'}}, 'email': 'dylan.sirko@example.com', 'login': {'uuid': '4d0c17a7-ace5-4667-9b64-6080fec97293', 'username': 'happyelephant474', 'password': 'pickle', 'salt': 'OX6vzAEK', 'md5': '2c7a63247203be22ced179ee790e4de9', 'sha1': 'f57068fa42fdaa5df21e82303f9da477e9243077', 'sha256': 'c1421562df2abc75cbcc6b178451c583e52328c54f99a1919e1eac91d6c90f68'}, 'dob': {'date': '1945-04-21T18:43:13.749Z', 'age': 79}, 'registered': {'date': '2013-04-13T23:32:14.641Z', 'age': 11}, 'phone': 'Z87 P41-5226', 'cell': 'V96 E45-1667', 'id': {'name': 'SIN', 'value': '774858450'}, 'picture': {'large': 'https://randomuser.me/api/portraits/men/4.jpg', 'medium': 'https://randomuser.me/api/portraits/med/men/4.jpg', 'thumbnail': 'https://randomuser.me/api/portraits/thumb/men/4.jpg'}, 'nat': 'CA'}], 'info': {'seed': 'ad5f23d256c0bf2f', 'results': 1, 'page': 1, 'version': '1.4'}}</msg>
<arg>${json_data}</arg>
<doc>Logs the given message with the given level.</doc>
<status status="PASS" start="2024-07-20T02:30:55.359782" elapsed="0.000206"/>
</kw>
<kw name="Should Be String" owner="String">
<arg>${json_data['results'][0]['gender']}</arg>
<doc>Fails if the given ``item`` is not a string.</doc>
<status status="PASS" start="2024-07-20T02:30:55.360679" elapsed="0.000441"/>
</kw>
<kw name="Should Match Regexp" owner="BuiltIn">
<arg>${json_data['results'][0]['email']}</arg>
<arg>^[a-zA-Z0-9._%+-]+@[a-zA-Z0-9.-]+\.[a-zA-Z]{2,}$</arg>
<doc>Fails if ``string`` does not match ``pattern`` as a regular expression.</doc>
<status status="PASS" start="2024-07-20T02:30:55.361316" elapsed="0.000577"/>
</kw>
<kw name="Should Match Regexp" owner="BuiltIn">
<arg>${json_data['results'][0]['dob']['date']}</arg>
<arg>\\d{4}-\\d{2}-\\d{2}T\\d{2}:\\d{2}:\\d{2}\\.\\d{3}Z</arg>
<doc>Fails if ``string`` does not match ``pattern`` as a regular expression.</doc>
<status status="PASS" start="2024-07-20T02:30:55.362139" elapsed="0.000746"/>
</kw>
<kw name="Should Match Regexp" owner="BuiltIn">
<arg>${json_data['results'][0]['registered']['date']}</arg>
<arg>\\d{4}-\\d{2}-\\d{2}T\\d{2}:\\d{2}:\\d{2}\\.\\d{3}Z</arg>
<doc>Fails if ``string`` does not match ``pattern`` as a regular expression.</doc>
<status status="PASS" start="2024-07-20T02:30:55.363085" elapsed="0.000508"/>
</kw>
<kw name="Should Match Regexp" owner="BuiltIn">
<arg>${json_data['results'][0]['picture']['large']}</arg>
<arg>^https?://.*\.(?:png|jpe?g|gif|bmp)$</arg>
<doc>Fails if ``string`` does not match ``pattern`` as a regular expression.</doc>
<status status="PASS" start="2024-07-20T02:30:55.363794" elapsed="0.000594"/>
</kw>
<kw name="Should Match Regexp" owner="BuiltIn">
<arg>${json_data['results'][0]['picture']['medium']}</arg>
<arg>^https?://.*\.(?:png|jpe?g|gif|bmp)$</arg>
<doc>Fails if ``string`` does not match ``pattern`` as a regular expression.</doc>
<status status="PASS" start="2024-07-20T02:30:55.364585" elapsed="0.000624"/>
</kw>
<kw name="Should Match Regexp" owner="BuiltIn">
<arg>${json_data['results'][0]['picture']['thumbnail']}</arg>
<arg>^https?://.*\.(?:png|jpe?g|gif|bmp)$</arg>
<doc>Fails if ``string`` does not match ``pattern`` as a regular expression.</doc>
<status status="PASS" start="2024-07-20T02:30:55.365406" elapsed="0.000396"/>
</kw>
<kw name="Log" owner="BuiltIn">
<msg time="2024-07-20T02:30:55.366321" level="INFO">{'large': 'https://randomuser.me/api/portraits/men/4.jpg', 'medium': 'https://randomuser.me/api/portraits/med/men/4.jpg', 'thumbnail': 'https://randomuser.me/api/portraits/thumb/men/4.jpg'}</msg>
<arg>${json_data['results'][0]['picture']}</arg>
<doc>Logs the given message with the given level.</doc>
<status status="PASS" start="2024-07-20T02:30:55.365989" elapsed="0.000375"/>
</kw>
<status status="PASS" start="2024-07-20T02:30:55.245069" elapsed="0.121557"/>
</kw>
<kw name="Teste de Tipos de Dados - Postcode" owner="random-user-service">
<kw name="GET On Session" owner="RequestsLibrary">
<msg time="2024-07-20T02:30:55.459216" level="INFO">GET Request : url=https://randomuser.me/api 
 path_url=/api 
 headers={'User-Agent': 'python-requests/2.32.3', 'Accept-Encoding': 'gzip, deflate', 'Accept': '*/*', 'Connection': 'keep-alive'} 
 body=None 
 </msg>
<msg time="2024-07-20T02:30:55.459313" level="INFO">GET Response : url=https://randomuser.me/api 
 status=200, reason=OK 
 headers={'Date': 'Sat, 20 Jul 2024 02:30:55 GMT', 'Content-Type': 'application/json; charset=utf-8', 'Transfer-Encoding': 'chunked', 'Connection': 'keep-alive', 'X-Powered-By': 'Express', 'Access-Control-Allow-Origin': '*', 'Cache-Control': 'no-cache', 'ETag': 'W/"4ad-rVAjUhoWZVx4/QByVA3qTcqsPCY"', 'Vary': 'Accept-Encoding', 'Content-Encoding': 'gzip', 'CF-Cache-Status': 'DYNAMIC', 'Report-To': '{"endpoints":[{"url":"https:\\/\\/a.nel.cloudflare.com\\/report\\/v4?s=b49u8c1aZQXHhD9LRXlAf00Xqsexb8cMPixQ2csGAEgpmRniwRl4Kf8UqsUhpoHCuGEnF9OfC%2F3CP0bSN53ZWbE%2FK6IUouBXoJocoe%2F32rsWx8EF%2FYcaNK45Bkr75BgD"}],"group":"cf-nel","max_age":604800}', 'NEL': '{"success_fraction":0,"report_to":"cf-nel","max_age":604800}', 'Server': 'cloudflare', 'CF-RAY': '8a5f88342ccae599-DFW', 'alt-svc': 'h3=":443"; ma=86400'} 
 body={"results":[{"gender":"male","name":{"title":"Mr","first":"Celso","last":"Ferreira"},"location":{"street":{"number":2503,"name":"Rua Vinte E Quatro de Outubro"},"city":"Igarassu","state":"Paraná","country":"Brazil","postcode":75208,"coordinates":{"latitude":"-79.9176","longitude":"-98.3257"},"timezone":{"offset":"0:00","description":"Western Europe Time, London, Lisbon, Casablanca"}},"email":"celso.ferreira@example.com","login":{"uuid":"3774f68b-7265-4a35-b5ef-3632ee502ef2","username":"tinywolf323","password":"ducati","salt":"CjzvPmxS","md5":"e5f54866addfa0e2d28db60e74847c8e","sha1":"9d7611c37403438f347041865b7baae76d8d544f","sha256":"44f01fbf33d1bce12aa29eb404715b185de9fe06b18802694c09c44d54e92711"},"dob":{"date":"1967-08-20T00:22:17.799Z","age":56},"registered":{"date":"2006-12-12T23:46:46.896Z","age":17},"phone":"(89) 3019-9155","cell":"(94) 9980-5499","id":{"name":"CPF","value":"929.841.973-35"},"picture":{"large":"https://randomuser.me/api/portraits/men/15.jpg","medium":"https://randomuser.me/api/portraits/med/men/15.jpg","thumbnail":"https://randomuser.me/api/portraits/thumb/men/15.jpg"},"nat":"BR"}],"info":{"seed":"a7597f3dafe53745","results":1,"page":1,"version":"1.4"}} 
 </msg>
<msg time="2024-07-20T02:30:55.459383" level="INFO">/opt/hostedtoolcache/Python/3.12.4/x64/lib/python3.12/site-packages/urllib3/connectionpool.py:1099: InsecureRequestWarning: Unverified HTTPS request is being made to host 'randomuser.me'. Adding certificate verification is strongly advised. See: https://urllib3.readthedocs.io/en/latest/advanced-usage.html#tls-warnings
  warnings.warn(</msg>
<msg time="2024-07-20T02:30:55.459524" level="INFO">${response} = &lt;Response [200]&gt;</msg>
<var>${response}</var>
<arg>consultarAPI</arg>
<arg>/api</arg>
<doc>Sends a GET request on a previously created HTTP Session.</doc>
<status status="PASS" start="2024-07-20T02:30:55.367096" elapsed="0.092470"/>
</kw>
<kw name="Set Variable" owner="BuiltIn">
<msg time="2024-07-20T02:30:55.460671" level="INFO">${json_data} = {'results': [{'gender': 'male', 'name': {'title': 'Mr', 'first': 'Celso', 'last': 'Ferreira'}, 'location': {'street': {'number': 2503, 'name': 'Rua Vinte E Quatro de Outubro'}, 'city': 'Igarassu', 'st...</msg>
<var>${json_data}</var>
<arg>${response.json()}</arg>
<doc>Returns the given values which can then be assigned to a variables.</doc>
<status status="PASS" start="2024-07-20T02:30:55.460104" elapsed="0.000598"/>
</kw>
<kw name="Log" owner="BuiltIn">
<msg time="2024-07-20T02:30:55.461233" level="INFO">{'results': [{'gender': 'male', 'name': {'title': 'Mr', 'first': 'Celso', 'last': 'Ferreira'}, 'location': {'street': {'number': 2503, 'name': 'Rua Vinte E Quatro de Outubro'}, 'city': 'Igarassu', 'state': 'Paraná', 'country': 'Brazil', 'postcode': 75208, 'coordinates': {'latitude': '-79.9176', 'longitude': '-98.3257'}, 'timezone': {'offset': '0:00', 'description': 'Western Europe Time, London, Lisbon, Casablanca'}}, 'email': 'celso.ferreira@example.com', 'login': {'uuid': '3774f68b-7265-4a35-b5ef-3632ee502ef2', 'username': 'tinywolf323', 'password': 'ducati', 'salt': 'CjzvPmxS', 'md5': 'e5f54866addfa0e2d28db60e74847c8e', 'sha1': '9d7611c37403438f347041865b7baae76d8d544f', 'sha256': '44f01fbf33d1bce12aa29eb404715b185de9fe06b18802694c09c44d54e92711'}, 'dob': {'date': '1967-08-20T00:22:17.799Z', 'age': 56}, 'registered': {'date': '2006-12-12T23:46:46.896Z', 'age': 17}, 'phone': '(89) 3019-9155', 'cell': '(94) 9980-5499', 'id': {'name': 'CPF', 'value': '929.841.973-35'}, 'picture': {'large': 'https://randomuser.me/api/portraits/men/15.jpg', 'medium': 'https://randomuser.me/api/portraits/med/men/15.jpg', 'thumbnail': 'https://randomuser.me/api/portraits/thumb/men/15.jpg'}, 'nat': 'BR'}], 'info': {'seed': 'a7597f3dafe53745', 'results': 1, 'page': 1, 'version': '1.4'}}</msg>
<arg>${json_data}</arg>
<doc>Logs the given message with the given level.</doc>
<status status="PASS" start="2024-07-20T02:30:55.461055" elapsed="0.000230"/>
</kw>
<kw name="Should Be Equal As Numbers" owner="BuiltIn">
<arg>${json_data['results'][0]['location']['postcode']}</arg>
<arg>${json_data['results'][0]['location']['postcode']}</arg>
<doc>Fails if objects are unequal after converting them to real numbers.</doc>
<status status="PASS" start="2024-07-20T02:30:55.461635" elapsed="0.000930"/>
</kw>
<kw name="Log" owner="BuiltIn">
<msg time="2024-07-20T02:30:55.463170" level="INFO">75208</msg>
<arg>${json_data['results'][0]['location']['postcode']}</arg>
<doc>Logs the given message with the given level.</doc>
<status status="PASS" start="2024-07-20T02:30:55.462816" elapsed="0.000396"/>
</kw>
<status status="PASS" start="2024-07-20T02:30:55.366858" elapsed="0.096721"/>
</kw>
<doc>Testa se os tipos de dados na resposta da API estão corretos.</doc>
<tag>testeTiposDados</tag>
<status status="PASS" start="2024-07-20T02:30:55.244254" elapsed="0.219600"/>
</test>
<test id="s1-s1-t5" name="Validar conteudo" line="35">
<kw name="Teste de Tipos de Conteudo" owner="random-user-service">
<kw name="GET On Session" owner="RequestsLibrary">
<msg time="2024-07-20T02:30:55.573062" level="INFO">GET Request : url=https://randomuser.me/api 
 path_url=/api 
 headers={'User-Agent': 'python-requests/2.32.3', 'Accept-Encoding': 'gzip, deflate', 'Accept': '*/*', 'Connection': 'keep-alive'} 
 body=None 
 </msg>
<msg time="2024-07-20T02:30:55.573159" level="INFO">GET Response : url=https://randomuser.me/api 
 status=200, reason=OK 
 headers={'Date': 'Sat, 20 Jul 2024 02:30:55 GMT', 'Content-Type': 'application/json; charset=utf-8', 'Transfer-Encoding': 'chunked', 'Connection': 'keep-alive', 'X-Powered-By': 'Express', 'Access-Control-Allow-Origin': '*', 'Cache-Control': 'no-cache', 'ETag': 'W/"4a4-EawqxD6DBGsh/5/8E9TWYESsYJ4"', 'Vary': 'Accept-Encoding', 'Content-Encoding': 'gzip', 'CF-Cache-Status': 'DYNAMIC', 'Report-To': '{"endpoints":[{"url":"https:\\/\\/a.nel.cloudflare.com\\/report\\/v4?s=JsgIi5OQin%2BiUVaPWLMxMTzHfjGaf0j4EZLTP8ii%2B9rpqYOf3VrlT9zx8eT9xajXUnOG9uYFuaB9XVI6Jz49JxWgKXT5gvi9AeSkM5FyuPk2dI8riZjd8A21cBfrAt%2Fk"}],"group":"cf-nel","max_age":604800}', 'NEL': '{"success_fraction":0,"report_to":"cf-nel","max_age":604800}', 'Server': 'cloudflare', 'CF-RAY': '8a5f8834dd90e599-DFW', 'alt-svc': 'h3=":443"; ma=86400'} 
 body={"results":[{"gender":"female","name":{"title":"Ms","first":"Valeria","last":"Vujčić"},"location":{"street":{"number":9654,"name":"Porodice Radosavljević"},"city":"Požega","state":"Zaječar","country":"Serbia","postcode":78533,"coordinates":{"latitude":"57.9541","longitude":"38.4905"},"timezone":{"offset":"+5:00","description":"Ekaterinburg, Islamabad, Karachi, Tashkent"}},"email":"valeria.vujcic@example.com","login":{"uuid":"eedafbaf-c5fd-4951-8748-8dfcb0ed069e","username":"orangelion868","password":"dominic","salt":"u9ZJwgHE","md5":"86922a4dfad173d7dc561cfc94c1017a","sha1":"a98ffb1bd9147150406f81063905ed15febe9212","sha256":"c00b1d97d253e24dde909bce61cea52d4984fc2a83e5a23b3e1f6e0d60232869"},"dob":{"date":"2000-06-02T20:17:40.108Z","age":24},"registered":{"date":"2018-05-30T22:41:39.864Z","age":6},"phone":"019-8036-813","cell":"063-6863-487","id":{"name":"SID","value":"360550172"},"picture":{"large":"https://randomuser.me/api/portraits/women/69.jpg","medium":"https://randomuser.me/api/portraits/med/women/69.jpg","thumbnail":"https://randomuser.me/api/portraits/thumb/women/69.jpg"},"nat":"RS"}],"info":{"seed":"58a4567eb348998a","results":1,"page":1,"version":"1.4"}} 
 </msg>
<msg time="2024-07-20T02:30:55.573234" level="INFO">/opt/hostedtoolcache/Python/3.12.4/x64/lib/python3.12/site-packages/urllib3/connectionpool.py:1099: InsecureRequestWarning: Unverified HTTPS request is being made to host 'randomuser.me'. Adding certificate verification is strongly advised. See: https://urllib3.readthedocs.io/en/latest/advanced-usage.html#tls-warnings
  warnings.warn(</msg>
<msg time="2024-07-20T02:30:55.573375" level="INFO">${response} = &lt;Response [200]&gt;</msg>
<var>${response}</var>
<arg>consultarAPI</arg>
<arg>/api</arg>
<doc>Sends a GET request on a previously created HTTP Session.</doc>
<status status="PASS" start="2024-07-20T02:30:55.470908" elapsed="0.102508"/>
</kw>
<kw name="Set Variable" owner="BuiltIn">
<msg time="2024-07-20T02:30:55.574725" level="INFO">${json_data} = {'results': [{'gender': 'female', 'name': {'title': 'Ms', 'first': 'Valeria', 'last': 'Vujčić'}, 'location': {'street': {'number': 9654, 'name': 'Porodice Radosavljević'}, 'city': 'Požega', 'state': '...</msg>
<var>${json_data}</var>
<arg>${response.json()}</arg>
<doc>Returns the given values which can then be assigned to a variables.</doc>
<status status="PASS" start="2024-07-20T02:30:55.574081" elapsed="0.000680"/>
</kw>
<kw name="Set Variable" owner="BuiltIn">
<msg time="2024-07-20T02:30:55.575623" level="INFO">${name_title} = Ms</msg>
<var>${name_title}</var>
<arg>${json_data["results"][0]["name"]["title"]}</arg>
<doc>Returns the given values which can then be assigned to a variables.</doc>
<status status="PASS" start="2024-07-20T02:30:55.575134" elapsed="0.000523"/>
</kw>
<kw name="Create List" owner="BuiltIn">
<msg time="2024-07-20T02:30:55.576227" level="INFO">${allowed_titles} = ['Mr', 'Ms', 'Miss', 'Mrs', 'Madame', 'Monsieur']</msg>
<var>${allowed_titles}</var>
<arg>Mr</arg>
<arg>Ms</arg>
<arg>Miss</arg>
<arg>Mrs</arg>
<arg>Madame</arg>
<arg>Monsieur</arg>
<doc>Returns a list containing given items.</doc>
<status status="PASS" start="2024-07-20T02:30:55.576013" elapsed="0.000256"/>
</kw>
<kw name="List Should Contain Value" owner="Collections">
<arg>${allowed_titles}</arg>
<arg>${name_title}</arg>
<doc>Fails if the ``value`` is not found from ``list``.</doc>
<status status="PASS" start="2024-07-20T02:30:55.576741" elapsed="0.000287"/>
</kw>
<kw name="Set Variable" owner="BuiltIn">
<msg time="2024-07-20T02:30:55.577793" level="INFO">${name_country} = RS</msg>
<var>${name_country}</var>
<arg>${json_data["results"][0]["nat"]}</arg>
<doc>Returns the given values which can then be assigned to a variables.</doc>
<status status="PASS" start="2024-07-20T02:30:55.577297" elapsed="0.000524"/>
</kw>
<kw name="Create List" owner="BuiltIn">
<msg time="2024-07-20T02:30:55.578755" level="INFO">${list_country} = ['AD', 'AE', 'AF', 'AG', 'AI', 'AL', 'AM', 'AO', 'AQ', 'AR', 'AS', 'AT', 'AU', 'AW', 'AX', 'AZ', 'BA', 'BB', 'BD', 'BE', 'BF', 'BG', 'BH', 'BI', 'BJ', 'BL', 'BM', 'BN', 'BO', 'BQ', 'BR', 'BS', 'BT', '...</msg>
<var>${list_country}</var>
<arg>AD</arg>
<arg>AE</arg>
<arg>AF</arg>
<arg>AG</arg>
<arg>AI</arg>
<arg>AL</arg>
<arg>AM</arg>
<arg>AO</arg>
<arg>AQ</arg>
<arg>AR</arg>
<arg>AS</arg>
<arg>AT</arg>
<arg>AU</arg>
<arg>AW</arg>
<arg>AX</arg>
<arg>AZ</arg>
<arg>BA</arg>
<arg>BB</arg>
<arg>BD</arg>
<arg>BE</arg>
<arg>BF</arg>
<arg>BG</arg>
<arg>BH</arg>
<arg>BI</arg>
<arg>BJ</arg>
<arg>BL</arg>
<arg>BM</arg>
<arg>BN</arg>
<arg>BO</arg>
<arg>BQ</arg>
<arg>BR</arg>
<arg>BS</arg>
<arg>BT</arg>
<arg>BV</arg>
<arg>BW</arg>
<arg>BY</arg>
<arg>BZ</arg>
<arg>CA</arg>
<arg>CC</arg>
<arg>CD</arg>
<arg>CF</arg>
<arg>CG</arg>
<arg>CH</arg>
<arg>CI</arg>
<arg>CK</arg>
<arg>CL</arg>
<arg>CM</arg>
<arg>CN</arg>
<arg>CO</arg>
<arg>CR</arg>
<arg>CU</arg>
<arg>CV</arg>
<arg>CW</arg>
<arg>CX</arg>
<arg>CY</arg>
<arg>CZ</arg>
<arg>DE</arg>
<arg>DJ</arg>
<arg>DK</arg>
<arg>DM</arg>
<arg>DO</arg>
<arg>DZ</arg>
<arg>EC</arg>
<arg>EE</arg>
<arg>EG</arg>
<arg>EH</arg>
<arg>ER</arg>
<arg>ES</arg>
<arg>ET</arg>
<arg>FI</arg>
<arg>FJ</arg>
<arg>FK</arg>
<arg>FM</arg>
<arg>FO</arg>
<arg>FR</arg>
<arg>GA</arg>
<arg>GB</arg>
<arg>GD</arg>
<arg>GE</arg>
<arg>GF</arg>
<arg>GG</arg>
<arg>GH</arg>
<arg>GI</arg>
<arg>GL</arg>
<arg>GM</arg>
<arg>GN</arg>
<arg>GP</arg>
<arg>GQ</arg>
<arg>GR</arg>
<arg>GS</arg>
<arg>GT</arg>
<arg>GU</arg>
<arg>GW</arg>
<arg>GY</arg>
<arg>HK</arg>
<arg>HM</arg>
<arg>HN</arg>
<arg>HR</arg>
<arg>HT</arg>
<arg>HU</arg>
<arg>ID</arg>
<arg>IE</arg>
<arg>IL</arg>
<arg>IM</arg>
<arg>IN</arg>
<arg>IO</arg>
<arg>IQ</arg>
<arg>IR</arg>
<arg>IS</arg>
<arg>IT</arg>
<arg>JE</arg>
<arg>JM</arg>
<arg>JO</arg>
<arg>JP</arg>
<arg>KE</arg>
<arg>KG</arg>
<arg>KH</arg>
<arg>KI</arg>
<arg>KM</arg>
<arg>KN</arg>
<arg>KP</arg>
<arg>KR</arg>
<arg>KW</arg>
<arg>KY</arg>
<arg>KZ</arg>
<arg>LA</arg>
<arg>LB</arg>
<arg>LC</arg>
<arg>LI</arg>
<arg>LK</arg>
<arg>LR</arg>
<arg>LS</arg>
<arg>LT</arg>
<arg>LU</arg>
<arg>LV</arg>
<arg>LY</arg>
<arg>MA</arg>
<arg>MC</arg>
<arg>MD</arg>
<arg>ME</arg>
<arg>MF</arg>
<arg>MG</arg>
<arg>MH</arg>
<arg>MK</arg>
<arg>ML</arg>
<arg>MM</arg>
<arg>MN</arg>
<arg>MO</arg>
<arg>MP</arg>
<arg>MQ</arg>
<arg>MR</arg>
<arg>MS</arg>
<arg>MT</arg>
<arg>MU</arg>
<arg>MV</arg>
<arg>MW</arg>
<arg>MX</arg>
<arg>MY</arg>
<arg>MZ</arg>
<arg>NA</arg>
<arg>NC</arg>
<arg>NE</arg>
<arg>NF</arg>
<arg>NG</arg>
<arg>NI</arg>
<arg>NL</arg>
<arg>NO</arg>
<arg>NP</arg>
<arg>NR</arg>
<arg>NU</arg>
<arg>NZ</arg>
<arg>OM</arg>
<arg>PA</arg>
<arg>PE</arg>
<arg>PF</arg>
<arg>PG</arg>
<arg>PH</arg>
<arg>PK</arg>
<arg>PL</arg>
<arg>PM</arg>
<arg>PN</arg>
<arg>PR</arg>
<arg>PS</arg>
<arg>PT</arg>
<arg>PW</arg>
<arg>PY</arg>
<arg>QA</arg>
<arg>RE</arg>
<arg>RO</arg>
<arg>RS</arg>
<arg>RU</arg>
<arg>RW</arg>
<arg>SA</arg>
<arg>SB</arg>
<arg>SC</arg>
<arg>SD</arg>
<arg>SE</arg>
<arg>SG</arg>
<arg>SH</arg>
<arg>SI</arg>
<arg>SJ</arg>
<arg>SK</arg>
<arg>SL</arg>
<arg>SM</arg>
<arg>SN</arg>
<arg>SO</arg>
<arg>SR</arg>
<arg>SS</arg>
<arg>ST</arg>
<arg>SV</arg>
<arg>SX</arg>
<arg>SY</arg>
<arg>SZ</arg>
<arg>TC</arg>
<arg>TD</arg>
<arg>TF</arg>
<arg>TG</arg>
<arg>TH</arg>
<arg>TJ</arg>
<arg>TK</arg>
<arg>TL</arg>
<arg>TM</arg>
<arg>TN</arg>
<arg>TO</arg>
<arg>TR</arg>
<arg>TT</arg>
<arg>TV</arg>
<arg>TW</arg>
<arg>TZ</arg>
<arg>UA</arg>
<arg>UG</arg>
<arg>UM</arg>
<arg>US</arg>
<arg>UY</arg>
<arg>UZ</arg>
<arg>VA</arg>
<arg>VC</arg>
<arg>VE</arg>
<arg>VG</arg>
<arg>VI</arg>
<arg>VN</arg>
<arg>VU</arg>
<arg>WF</arg>
<arg>WS</arg>
<arg>XK</arg>
<arg>YE</arg>
<arg>YT</arg>
<arg>ZA</arg>
<arg>ZM</arg>
<arg>ZW</arg>
<doc>Returns a list containing given items.</doc>
<status status="PASS" start="2024-07-20T02:30:55.578132" elapsed="0.000664"/>
</kw>
<kw name="List Should Contain Value" owner="Collections">
<arg>${list_country}</arg>
<arg>${name_country}</arg>
<doc>Fails if the ``value`` is not found from ``list``.</doc>
<status status="PASS" start="2024-07-20T02:30:55.580659" elapsed="0.000233"/>
</kw>
<kw name="Run Keyword If" owner="BuiltIn">
<kw name="Should Be True" owner="BuiltIn">
<arg>${True}</arg>
<doc>Fails if the given condition is not true.</doc>
<status status="PASS" start="2024-07-20T02:30:55.582320" elapsed="0.000230"/>
</kw>
<arg>${json_data["results"][0]["location"]["coordinates"]["latitude"]} &gt;= -90 and ${json_data["results"][0]["location"]["coordinates"]["latitude"]} &lt;= 90</arg>
<arg>Should Be True</arg>
<arg>${True}</arg>
<doc>Runs the given keyword with the given arguments, if ``condition`` is true.</doc>
<status status="PASS" start="2024-07-20T02:30:55.581099" elapsed="0.001670"/>
</kw>
<kw name="Run Keyword If" owner="BuiltIn">
<kw name="Should Be True" owner="BuiltIn">
<arg>${True}</arg>
<doc>Fails if the given condition is not true.</doc>
<status status="PASS" start="2024-07-20T02:30:55.584026" elapsed="0.000145"/>
</kw>
<arg>${json_data["results"][0]["location"]["coordinates"]["longitude"]} &gt;= -180 and ${json_data["results"][0]["location"]["coordinates"]["longitude"]} &lt;= 180</arg>
<arg>Should Be True</arg>
<arg>${True}</arg>
<doc>Runs the given keyword with the given arguments, if ``condition`` is true.</doc>
<status status="PASS" start="2024-07-20T02:30:55.583085" elapsed="0.001574"/>
</kw>
<status status="PASS" start="2024-07-20T02:30:55.470606" elapsed="0.114299"/>
</kw>
<doc>Testa o conteúdo específico dos campos retornados pela API.</doc>
<tag>testeConteudo</tag>
<status status="PASS" start="2024-07-20T02:30:55.469940" elapsed="0.115172"/>
</test>
<status status="PASS" start="2024-07-20T02:30:54.523136" elapsed="1.064359"/>
</suite>
<status status="PASS" start="2024-07-20T02:30:54.507371" elapsed="1.085542"/>
</suite>
<statistics>
<total>
<stat pass="5" fail="0" skip="0">All Tests</stat>
</total>
<tag>
<stat pass="1" fail="0" skip="0">testeConteudo</stat>
<stat pass="1" fail="0" skip="0">testeEstruturaResposta</stat>
<stat pass="1" fail="0" skip="0">testeRequisicaoBasica</stat>
<stat pass="1" fail="0" skip="0">testeTiposDados</stat>
</tag>
<suite>
<stat pass="5" fail="0" skip="0" id="s1" name="Tests">Tests</stat>
<stat pass="5" fail="0" skip="0" id="s1-s1" name="Random-User-Test">Tests.Random-User-Test</stat>
</suite>
</statistics>
<errors>
</errors>
</robot>
