<?xml version="1.0" encoding="UTF-8"?>
<robot generator="Robot 7.0.1 (Python 3.12.4 on linux)" generated="2024-07-12T04:17:45.218718" rpa="false" schemaversion="5">
<suite id="s1" name="Tests" source="/home/runner/work/ApiRandomUser/ApiRandomUser/RamdonUser/tests">
<suite id="s1-s1" name="Random-User-Test" source="/home/runner/work/ApiRandomUser/ApiRandomUser/RamdonUser/tests/random-user-test.robot">
<test id="s1-s1-t1" name="Conectar" line="13">
<kw name="Conectar API" owner="random-user-service">
<kw name="Create Session" owner="RequestsLibrary">
<msg time="2024-07-12T04:17:45.632672" level="INFO">Creating Session using : alias=consultarAPI, url=https://randomuser.me/, headers={},                     cookies={}, auth=None, timeout=None, proxies=None, verify=False,                     debug=0 </msg>
<arg>consultarAPI</arg>
<arg>${URL}</arg>
<doc>Create Session: create a HTTP session to a server</doc>
<status status="PASS" start="2024-07-12T04:17:45.632455" elapsed="0.000409"/>
</kw>
<status status="PASS" start="2024-07-12T04:17:45.631449" elapsed="0.001794"/>
</kw>
<status status="PASS" start="2024-07-12T04:17:45.630841" elapsed="0.002640"/>
</test>
<test id="s1-s1-t2" name="Validar retorno 200 e JSON Válido" line="16">
<kw name="Teste de Requisicao Basica" owner="random-user-service">
<kw name="GET On Session" owner="RequestsLibrary">
<msg time="2024-07-12T04:17:45.869180" level="INFO">GET Request : url=https://randomuser.me/api 
 path_url=/api 
 headers={'User-Agent': 'python-requests/2.32.3', 'Accept-Encoding': 'gzip, deflate', 'Accept': '*/*', 'Connection': 'keep-alive'} 
 body=None 
 </msg>
<msg time="2024-07-12T04:17:45.869359" level="INFO">GET Response : url=https://randomuser.me/api 
 status=200, reason=OK 
 headers={'Date': 'Fri, 12 Jul 2024 04:17:45 GMT', 'Content-Type': 'application/json; charset=utf-8', 'Transfer-Encoding': 'chunked', 'Connection': 'keep-alive', 'X-Powered-By': 'Express', 'Access-Control-Allow-Origin': '*', 'Cache-Control': 'no-cache', 'ETag': 'W/"48a-H7nIb1RxfIbp4f3pld3Ar5GyWco"', 'Vary': 'Accept-Encoding', 'Content-Encoding': 'gzip', 'CF-Cache-Status': 'DYNAMIC', 'Report-To': '{"endpoints":[{"url":"https:\\/\\/a.nel.cloudflare.com\\/report\\/v4?s=XS39t10P6rSUMFUCJHC69jOlI5UxmdIvadXeFC7ZNGpda%2Bqk%2BDrNjcTRXDBbhE9OORuAJrTpBlqIA2UVFWL7UeoSknnbbYVfr2Ir8W%2B14IQFgJxI1%2BLBKjD%2FFiAkjjff"}],"group":"cf-nel","max_age":604800}', 'NEL': '{"success_fraction":0,"report_to":"cf-nel","max_age":604800}', 'Server': 'cloudflare', 'CF-RAY': '8a1e39b56f981133-ORD', 'alt-svc': 'h3=":443"; ma=86400'} 
 body={"results":[{"gender":"male","name":{"title":"Mr","first":"Balvan","last":"Mendonsa"},"location":{"street":{"number":5772,"name":"Janpath"},"city":"Varanasi","state":"Kerala","country":"India","postcode":59877,"coordinates":{"latitude":"11.8576","longitude":"-95.9327"},"timezone":{"offset":"+10:00","description":"Eastern Australia, Guam, Vladivostok"}},"email":"balvan.mendonsa@example.com","login":{"uuid":"38f95f88-6459-4bf8-b4f3-93952bc9059b","username":"yellowelephant622","password":"deluxe","salt":"AsuJS9G7","md5":"07a39ba470bfae7349ed738d575c4066","sha1":"0f1bf23a14d364682ad7d134342639ea39d90b9a","sha256":"6a95c86c31865c251ee46e40ec4128ffde15f7828e73720bba785098a0cb0fab"},"dob":{"date":"1957-06-20T14:57:21.175Z","age":67},"registered":{"date":"2014-09-27T05:03:44.369Z","age":9},"phone":"7775035760","cell":"9291071602","id":{"name":"UIDAI","value":"245603633959"},"picture":{"large":"https://randomuser.me/api/portraits/men/32.jpg","medium":"https://randomuser.me/api/portraits/med/men/32.jpg","thumbnail":"https://randomuser.me/api/portraits/thumb/men/32.jpg"},"nat":"IN"}],"info":{"seed":"dc2e57bcb7948d64","results":1,"page":1,"version":"1.4"}} 
 </msg>
<msg time="2024-07-12T04:17:45.869456" level="INFO">/opt/hostedtoolcache/Python/3.12.4/x64/lib/python3.12/site-packages/urllib3/connectionpool.py:1099: InsecureRequestWarning: Unverified HTTPS request is being made to host 'randomuser.me'. Adding certificate verification is strongly advised. See: https://urllib3.readthedocs.io/en/latest/advanced-usage.html#tls-warnings
  warnings.warn(</msg>
<msg time="2024-07-12T04:17:45.869601" level="INFO">${response} = &lt;Response [200]&gt;</msg>
<var>${response}</var>
<arg>consultarAPI</arg>
<arg>/api</arg>
<doc>Sends a GET request on a previously created HTTP Session.</doc>
<status status="PASS" start="2024-07-12T04:17:45.636117" elapsed="0.233537"/>
</kw>
<kw name="Should Be Equal As Numbers" owner="BuiltIn">
<msg time="2024-07-12T04:17:45.870843" level="INFO">Argument types are:
&lt;class 'int'&gt;
&lt;class 'str'&gt;</msg>
<arg>${response.status_code}</arg>
<arg>200</arg>
<doc>Fails if objects are unequal after converting them to real numbers.</doc>
<status status="PASS" start="2024-07-12T04:17:45.870325" elapsed="0.000588"/>
</kw>
<kw name="Log" owner="BuiltIn">
<msg time="2024-07-12T04:17:45.871660" level="INFO">200</msg>
<arg>${response.status_code}</arg>
<doc>Logs the given message with the given level.</doc>
<status status="PASS" start="2024-07-12T04:17:45.871287" elapsed="0.000418"/>
</kw>
<kw name="Set Variable" owner="BuiltIn">
<msg time="2024-07-12T04:17:45.872462" level="INFO">${json_data} = {'results': [{'gender': 'male', 'name': {'title': 'Mr', 'first': 'Balvan', 'last': 'Mendonsa'}, 'location': {'street': {'number': 5772, 'name': 'Janpath'}, 'city': 'Varanasi', 'state': 'Kerala', 'coun...</msg>
<var>${json_data}</var>
<arg>${response.json()}</arg>
<doc>Returns the given values which can then be assigned to a variables.</doc>
<status status="PASS" start="2024-07-12T04:17:45.872024" elapsed="0.000466"/>
</kw>
<kw name="Dictionary Should Contain Key" owner="Collections">
<arg>${json_data}</arg>
<arg>results</arg>
<doc>Fails if ``key`` is not found from ``dictionary``.</doc>
<status status="PASS" start="2024-07-12T04:17:45.872797" elapsed="0.000166"/>
</kw>
<status status="PASS" start="2024-07-12T04:17:45.635855" elapsed="0.237260"/>
</kw>
<doc>Testa se a API responde corretamente e retorna um objeto JSON válido.</doc>
<tag>testeRequisicaoBasica</tag>
<status status="PASS" start="2024-07-12T04:17:45.635366" elapsed="0.237971"/>
</test>
<test id="s1-s1-t3" name="Validar estrutura de resposta" line="22">
<kw name="Teste de Estrutura de Resposta" owner="random-user-service">
<kw name="GET On Session" owner="RequestsLibrary">
<msg time="2024-07-12T04:17:45.968646" level="INFO">GET Request : url=https://randomuser.me/api 
 path_url=/api 
 headers={'User-Agent': 'python-requests/2.32.3', 'Accept-Encoding': 'gzip, deflate', 'Accept': '*/*', 'Connection': 'keep-alive'} 
 body=None 
 </msg>
<msg time="2024-07-12T04:17:45.968790" level="INFO">GET Response : url=https://randomuser.me/api 
 status=200, reason=OK 
 headers={'Date': 'Fri, 12 Jul 2024 04:17:45 GMT', 'Content-Type': 'application/json; charset=utf-8', 'Transfer-Encoding': 'chunked', 'Connection': 'keep-alive', 'X-Powered-By': 'Express', 'Access-Control-Allow-Origin': '*', 'Cache-Control': 'no-cache', 'ETag': 'W/"483-YYICzAurOM/ym0xq98bQFz7JTgQ"', 'Vary': 'Accept-Encoding', 'Content-Encoding': 'gzip', 'CF-Cache-Status': 'DYNAMIC', 'Report-To': '{"endpoints":[{"url":"https:\\/\\/a.nel.cloudflare.com\\/report\\/v4?s=QAQIEm10Ex8ahUaAWW1GYFYSqQVUKH9mtYzUpLAlhKHG3G7FK0tb3Mih%2BFBCsQE59YwIiKjSBl0eyUc9WddzopIUoLYb0XvZMfrfgQQ7JIHqxWKca2ov%2BP7vqtPgOwcR"}],"group":"cf-nel","max_age":604800}', 'NEL': '{"success_fraction":0,"report_to":"cf-nel","max_age":604800}', 'Server': 'cloudflare', 'CF-RAY': '8a1e39b5bffb1133-ORD', 'alt-svc': 'h3=":443"; ma=86400'} 
 body={"results":[{"gender":"male","name":{"title":"Mr","first":"Vérter","last":"Duarte"},"location":{"street":{"number":7118,"name":"Rua Onze "},"city":"Araruama","state":"São Paulo","country":"Brazil","postcode":91761,"coordinates":{"latitude":"-81.2261","longitude":"-135.0281"},"timezone":{"offset":"-11:00","description":"Midway Island, Samoa"}},"email":"verter.duarte@example.com","login":{"uuid":"f60b70ee-0539-4c19-8c11-37c0e4d443de","username":"beautifulbird272","password":"sally","salt":"dwnIYhLY","md5":"4cf5de75608c3af31cc56842f6b54362","sha1":"af237ab76a3696362ec892dbf1bc1244e6f22020","sha256":"b17eb89942b0abb2a34f11e50a958a7bda8fff9ac4b4d22384ae918a726bb11b"},"dob":{"date":"1972-03-07T18:55:53.634Z","age":52},"registered":{"date":"2018-08-04T17:58:57.803Z","age":5},"phone":"(92) 8232-8937","cell":"(21) 2066-6031","id":{"name":"CPF","value":"336.609.027-35"},"picture":{"large":"https://randomuser.me/api/portraits/men/4.jpg","medium":"https://randomuser.me/api/portraits/med/men/4.jpg","thumbnail":"https://randomuser.me/api/portraits/thumb/men/4.jpg"},"nat":"BR"}],"info":{"seed":"30043858b752a5da","results":1,"page":1,"version":"1.4"}} 
 </msg>
<msg time="2024-07-12T04:17:45.968953" level="INFO">/opt/hostedtoolcache/Python/3.12.4/x64/lib/python3.12/site-packages/urllib3/connectionpool.py:1099: InsecureRequestWarning: Unverified HTTPS request is being made to host 'randomuser.me'. Adding certificate verification is strongly advised. See: https://urllib3.readthedocs.io/en/latest/advanced-usage.html#tls-warnings
  warnings.warn(</msg>
<msg time="2024-07-12T04:17:45.969092" level="INFO">${response} = &lt;Response [200]&gt;</msg>
<var>${response}</var>
<arg>consultarAPI</arg>
<arg>/api</arg>
<doc>Sends a GET request on a previously created HTTP Session.</doc>
<status status="PASS" start="2024-07-12T04:17:45.876090" elapsed="0.093049"/>
</kw>
<kw name="Set Variable" owner="BuiltIn">
<msg time="2024-07-12T04:17:45.970445" level="INFO">${json_data} = {'results': [{'gender': 'male', 'name': {'title': 'Mr', 'first': 'Vérter', 'last': 'Duarte'}, 'location': {'street': {'number': 7118, 'name': 'Rua Onze '}, 'city': 'Araruama', 'state': 'São Paulo', 'c...</msg>
<var>${json_data}</var>
<arg>${response.json()}</arg>
<doc>Returns the given values which can then be assigned to a variables.</doc>
<status status="PASS" start="2024-07-12T04:17:45.969842" elapsed="0.000633"/>
</kw>
<kw name="Log" owner="BuiltIn">
<msg time="2024-07-12T04:17:45.971052" level="INFO">{'results': [{'gender': 'male', 'name': {'title': 'Mr', 'first': 'Vérter', 'last': 'Duarte'}, 'location': {'street': {'number': 7118, 'name': 'Rua Onze '}, 'city': 'Araruama', 'state': 'São Paulo', 'country': 'Brazil', 'postcode': 91761, 'coordinates': {'latitude': '-81.2261', 'longitude': '-135.0281'}, 'timezone': {'offset': '-11:00', 'description': 'Midway Island, Samoa'}}, 'email': 'verter.duarte@example.com', 'login': {'uuid': 'f60b70ee-0539-4c19-8c11-37c0e4d443de', 'username': 'beautifulbird272', 'password': 'sally', 'salt': 'dwnIYhLY', 'md5': '4cf5de75608c3af31cc56842f6b54362', 'sha1': 'af237ab76a3696362ec892dbf1bc1244e6f22020', 'sha256': 'b17eb89942b0abb2a34f11e50a958a7bda8fff9ac4b4d22384ae918a726bb11b'}, 'dob': {'date': '1972-03-07T18:55:53.634Z', 'age': 52}, 'registered': {'date': '2018-08-04T17:58:57.803Z', 'age': 5}, 'phone': '(92) 8232-8937', 'cell': '(21) 2066-6031', 'id': {'name': 'CPF', 'value': '336.609.027-35'}, 'picture': {'large': 'https://randomuser.me/api/portraits/men/4.jpg', 'medium': 'https://randomuser.me/api/portraits/med/men/4.jpg', 'thumbnail': 'https://randomuser.me/api/portraits/thumb/men/4.jpg'}, 'nat': 'BR'}], 'info': {'seed': '30043858b752a5da', 'results': 1, 'page': 1, 'version': '1.4'}}</msg>
<arg>${json_data}</arg>
<doc>Logs the given message with the given level.</doc>
<status status="PASS" start="2024-07-12T04:17:45.970859" elapsed="0.000249"/>
</kw>
<kw name="Dictionary Should Contain Key" owner="Collections">
<arg>${json_data}</arg>
<arg>results</arg>
<doc>Fails if ``key`` is not found from ``dictionary``.</doc>
<status status="PASS" start="2024-07-12T04:17:45.971453" elapsed="0.000179"/>
</kw>
<kw name="Should Not Be Empty" owner="BuiltIn">
<msg time="2024-07-12T04:17:45.971972" level="INFO">Length is 2.</msg>
<arg>${json_data}</arg>
<doc>Verifies that the given item is not empty.</doc>
<status status="PASS" start="2024-07-12T04:17:45.971831" elapsed="0.000182"/>
</kw>
<kw name="Create List" owner="BuiltIn">
<msg time="2024-07-12T04:17:45.972657" level="INFO">${expected_keys} = ['gender', 'name', 'location', 'email', 'login']</msg>
<var>${expected_keys}</var>
<arg>gender</arg>
<arg>name</arg>
<arg>location</arg>
<arg>email</arg>
<arg>login</arg>
<doc>Returns a list containing given items.</doc>
<status status="PASS" start="2024-07-12T04:17:45.972322" elapsed="0.000361"/>
</kw>
<for flavor="IN">
<iter>
<kw name="Dictionary Should Contain Key" owner="Collections">
<arg>${json_data['results'][0]}</arg>
<arg>${key}</arg>
<doc>Fails if ``key`` is not found from ``dictionary``.</doc>
<status status="PASS" start="2024-07-12T04:17:45.973318" elapsed="0.000444"/>
</kw>
<kw name="Log" owner="BuiltIn">
<msg time="2024-07-12T04:17:45.974322" level="INFO">{'gender': 'male', 'name': {'title': 'Mr', 'first': 'Vérter', 'last': 'Duarte'}, 'location': {'street': {'number': 7118, 'name': 'Rua Onze '}, 'city': 'Araruama', 'state': 'São Paulo', 'country': 'Brazil', 'postcode': 91761, 'coordinates': {'latitude': '-81.2261', 'longitude': '-135.0281'}, 'timezone': {'offset': '-11:00', 'description': 'Midway Island, Samoa'}}, 'email': 'verter.duarte@example.com', 'login': {'uuid': 'f60b70ee-0539-4c19-8c11-37c0e4d443de', 'username': 'beautifulbird272', 'password': 'sally', 'salt': 'dwnIYhLY', 'md5': '4cf5de75608c3af31cc56842f6b54362', 'sha1': 'af237ab76a3696362ec892dbf1bc1244e6f22020', 'sha256': 'b17eb89942b0abb2a34f11e50a958a7bda8fff9ac4b4d22384ae918a726bb11b'}, 'dob': {'date': '1972-03-07T18:55:53.634Z', 'age': 52}, 'registered': {'date': '2018-08-04T17:58:57.803Z', 'age': 5}, 'phone': '(92) 8232-8937', 'cell': '(21) 2066-6031', 'id': {'name': 'CPF', 'value': '336.609.027-35'}, 'picture': {'large': 'https://randomuser.me/api/portraits/men/4.jpg', 'medium': 'https://randomuser.me/api/portraits/med/men/4.jpg', 'thumbnail': 'https://randomuser.me/api/portraits/thumb/men/4.jpg'}, 'nat': 'BR'}</msg>
<arg>${json_data['results'][0]}</arg>
<doc>Logs the given message with the given level.</doc>
<status status="PASS" start="2024-07-12T04:17:45.973954" elapsed="0.000420"/>
</kw>
<kw name="Log" owner="BuiltIn">
<msg time="2024-07-12T04:17:45.974814" level="INFO">gender</msg>
<arg>${key}</arg>
<doc>Logs the given message with the given level.</doc>
<status status="PASS" start="2024-07-12T04:17:45.974684" elapsed="0.000169"/>
</kw>
<var name="${key}">gender</var>
<status status="PASS" start="2024-07-12T04:17:45.973156" elapsed="0.001922"/>
</iter>
<iter>
<kw name="Dictionary Should Contain Key" owner="Collections">
<arg>${json_data['results'][0]}</arg>
<arg>${key}</arg>
<doc>Fails if ``key`` is not found from ``dictionary``.</doc>
<status status="PASS" start="2024-07-12T04:17:45.975397" elapsed="0.000408"/>
</kw>
<kw name="Log" owner="BuiltIn">
<msg time="2024-07-12T04:17:45.976355" level="INFO">{'gender': 'male', 'name': {'title': 'Mr', 'first': 'Vérter', 'last': 'Duarte'}, 'location': {'street': {'number': 7118, 'name': 'Rua Onze '}, 'city': 'Araruama', 'state': 'São Paulo', 'country': 'Brazil', 'postcode': 91761, 'coordinates': {'latitude': '-81.2261', 'longitude': '-135.0281'}, 'timezone': {'offset': '-11:00', 'description': 'Midway Island, Samoa'}}, 'email': 'verter.duarte@example.com', 'login': {'uuid': 'f60b70ee-0539-4c19-8c11-37c0e4d443de', 'username': 'beautifulbird272', 'password': 'sally', 'salt': 'dwnIYhLY', 'md5': '4cf5de75608c3af31cc56842f6b54362', 'sha1': 'af237ab76a3696362ec892dbf1bc1244e6f22020', 'sha256': 'b17eb89942b0abb2a34f11e50a958a7bda8fff9ac4b4d22384ae918a726bb11b'}, 'dob': {'date': '1972-03-07T18:55:53.634Z', 'age': 52}, 'registered': {'date': '2018-08-04T17:58:57.803Z', 'age': 5}, 'phone': '(92) 8232-8937', 'cell': '(21) 2066-6031', 'id': {'name': 'CPF', 'value': '336.609.027-35'}, 'picture': {'large': 'https://randomuser.me/api/portraits/men/4.jpg', 'medium': 'https://randomuser.me/api/portraits/med/men/4.jpg', 'thumbnail': 'https://randomuser.me/api/portraits/thumb/men/4.jpg'}, 'nat': 'BR'}</msg>
<arg>${json_data['results'][0]}</arg>
<doc>Logs the given message with the given level.</doc>
<status status="PASS" start="2024-07-12T04:17:45.975994" elapsed="0.000449"/>
</kw>
<kw name="Log" owner="BuiltIn">
<msg time="2024-07-12T04:17:45.976879" level="INFO">name</msg>
<arg>${key}</arg>
<doc>Logs the given message with the given level.</doc>
<status status="PASS" start="2024-07-12T04:17:45.976751" elapsed="0.000166"/>
</kw>
<var name="${key}">name</var>
<status status="PASS" start="2024-07-12T04:17:45.975280" elapsed="0.001861"/>
</iter>
<iter>
<kw name="Dictionary Should Contain Key" owner="Collections">
<arg>${json_data['results'][0]}</arg>
<arg>${key}</arg>
<doc>Fails if ``key`` is not found from ``dictionary``.</doc>
<status status="PASS" start="2024-07-12T04:17:45.977498" elapsed="0.000400"/>
</kw>
<kw name="Log" owner="BuiltIn">
<msg time="2024-07-12T04:17:45.978442" level="INFO">{'gender': 'male', 'name': {'title': 'Mr', 'first': 'Vérter', 'last': 'Duarte'}, 'location': {'street': {'number': 7118, 'name': 'Rua Onze '}, 'city': 'Araruama', 'state': 'São Paulo', 'country': 'Brazil', 'postcode': 91761, 'coordinates': {'latitude': '-81.2261', 'longitude': '-135.0281'}, 'timezone': {'offset': '-11:00', 'description': 'Midway Island, Samoa'}}, 'email': 'verter.duarte@example.com', 'login': {'uuid': 'f60b70ee-0539-4c19-8c11-37c0e4d443de', 'username': 'beautifulbird272', 'password': 'sally', 'salt': 'dwnIYhLY', 'md5': '4cf5de75608c3af31cc56842f6b54362', 'sha1': 'af237ab76a3696362ec892dbf1bc1244e6f22020', 'sha256': 'b17eb89942b0abb2a34f11e50a958a7bda8fff9ac4b4d22384ae918a726bb11b'}, 'dob': {'date': '1972-03-07T18:55:53.634Z', 'age': 52}, 'registered': {'date': '2018-08-04T17:58:57.803Z', 'age': 5}, 'phone': '(92) 8232-8937', 'cell': '(21) 2066-6031', 'id': {'name': 'CPF', 'value': '336.609.027-35'}, 'picture': {'large': 'https://randomuser.me/api/portraits/men/4.jpg', 'medium': 'https://randomuser.me/api/portraits/med/men/4.jpg', 'thumbnail': 'https://randomuser.me/api/portraits/thumb/men/4.jpg'}, 'nat': 'BR'}</msg>
<arg>${json_data['results'][0]}</arg>
<doc>Logs the given message with the given level.</doc>
<status status="PASS" start="2024-07-12T04:17:45.978082" elapsed="0.000414"/>
</kw>
<kw name="Log" owner="BuiltIn">
<msg time="2024-07-12T04:17:45.978953" level="INFO">location</msg>
<arg>${key}</arg>
<doc>Logs the given message with the given level.</doc>
<status status="PASS" start="2024-07-12T04:17:45.978818" elapsed="0.000175"/>
</kw>
<var name="${key}">location</var>
<status status="PASS" start="2024-07-12T04:17:45.977373" elapsed="0.001838"/>
</iter>
<iter>
<kw name="Dictionary Should Contain Key" owner="Collections">
<arg>${json_data['results'][0]}</arg>
<arg>${key}</arg>
<doc>Fails if ``key`` is not found from ``dictionary``.</doc>
<status status="PASS" start="2024-07-12T04:17:45.979498" elapsed="0.000406"/>
</kw>
<kw name="Log" owner="BuiltIn">
<msg time="2024-07-12T04:17:45.980442" level="INFO">{'gender': 'male', 'name': {'title': 'Mr', 'first': 'Vérter', 'last': 'Duarte'}, 'location': {'street': {'number': 7118, 'name': 'Rua Onze '}, 'city': 'Araruama', 'state': 'São Paulo', 'country': 'Brazil', 'postcode': 91761, 'coordinates': {'latitude': '-81.2261', 'longitude': '-135.0281'}, 'timezone': {'offset': '-11:00', 'description': 'Midway Island, Samoa'}}, 'email': 'verter.duarte@example.com', 'login': {'uuid': 'f60b70ee-0539-4c19-8c11-37c0e4d443de', 'username': 'beautifulbird272', 'password': 'sally', 'salt': 'dwnIYhLY', 'md5': '4cf5de75608c3af31cc56842f6b54362', 'sha1': 'af237ab76a3696362ec892dbf1bc1244e6f22020', 'sha256': 'b17eb89942b0abb2a34f11e50a958a7bda8fff9ac4b4d22384ae918a726bb11b'}, 'dob': {'date': '1972-03-07T18:55:53.634Z', 'age': 52}, 'registered': {'date': '2018-08-04T17:58:57.803Z', 'age': 5}, 'phone': '(92) 8232-8937', 'cell': '(21) 2066-6031', 'id': {'name': 'CPF', 'value': '336.609.027-35'}, 'picture': {'large': 'https://randomuser.me/api/portraits/men/4.jpg', 'medium': 'https://randomuser.me/api/portraits/med/men/4.jpg', 'thumbnail': 'https://randomuser.me/api/portraits/thumb/men/4.jpg'}, 'nat': 'BR'}</msg>
<arg>${json_data['results'][0]}</arg>
<doc>Logs the given message with the given level.</doc>
<status status="PASS" start="2024-07-12T04:17:45.980090" elapsed="0.000402"/>
</kw>
<kw name="Log" owner="BuiltIn">
<msg time="2024-07-12T04:17:45.980923" level="INFO">email</msg>
<arg>${key}</arg>
<doc>Logs the given message with the given level.</doc>
<status status="PASS" start="2024-07-12T04:17:45.980793" elapsed="0.000169"/>
</kw>
<var name="${key}">email</var>
<status status="PASS" start="2024-07-12T04:17:45.979388" elapsed="0.001794"/>
</iter>
<iter>
<kw name="Dictionary Should Contain Key" owner="Collections">
<arg>${json_data['results'][0]}</arg>
<arg>${key}</arg>
<doc>Fails if ``key`` is not found from ``dictionary``.</doc>
<status status="PASS" start="2024-07-12T04:17:45.981512" elapsed="0.000386"/>
</kw>
<kw name="Log" owner="BuiltIn">
<msg time="2024-07-12T04:17:45.982437" level="INFO">{'gender': 'male', 'name': {'title': 'Mr', 'first': 'Vérter', 'last': 'Duarte'}, 'location': {'street': {'number': 7118, 'name': 'Rua Onze '}, 'city': 'Araruama', 'state': 'São Paulo', 'country': 'Brazil', 'postcode': 91761, 'coordinates': {'latitude': '-81.2261', 'longitude': '-135.0281'}, 'timezone': {'offset': '-11:00', 'description': 'Midway Island, Samoa'}}, 'email': 'verter.duarte@example.com', 'login': {'uuid': 'f60b70ee-0539-4c19-8c11-37c0e4d443de', 'username': 'beautifulbird272', 'password': 'sally', 'salt': 'dwnIYhLY', 'md5': '4cf5de75608c3af31cc56842f6b54362', 'sha1': 'af237ab76a3696362ec892dbf1bc1244e6f22020', 'sha256': 'b17eb89942b0abb2a34f11e50a958a7bda8fff9ac4b4d22384ae918a726bb11b'}, 'dob': {'date': '1972-03-07T18:55:53.634Z', 'age': 52}, 'registered': {'date': '2018-08-04T17:58:57.803Z', 'age': 5}, 'phone': '(92) 8232-8937', 'cell': '(21) 2066-6031', 'id': {'name': 'CPF', 'value': '336.609.027-35'}, 'picture': {'large': 'https://randomuser.me/api/portraits/men/4.jpg', 'medium': 'https://randomuser.me/api/portraits/med/men/4.jpg', 'thumbnail': 'https://randomuser.me/api/portraits/thumb/men/4.jpg'}, 'nat': 'BR'}</msg>
<arg>${json_data['results'][0]}</arg>
<doc>Logs the given message with the given level.</doc>
<status status="PASS" start="2024-07-12T04:17:45.982082" elapsed="0.000405"/>
</kw>
<kw name="Log" owner="BuiltIn">
<msg time="2024-07-12T04:17:45.982904" level="INFO">login</msg>
<arg>${key}</arg>
<doc>Logs the given message with the given level.</doc>
<status status="PASS" start="2024-07-12T04:17:45.982778" elapsed="0.000163"/>
</kw>
<var name="${key}">login</var>
<status status="PASS" start="2024-07-12T04:17:45.981394" elapsed="0.001762"/>
</iter>
<var>${key}</var>
<value>@{expected_keys}</value>
<status status="PASS" start="2024-07-12T04:17:45.972956" elapsed="0.010323"/>
</for>
<kw name="Create List" owner="BuiltIn">
<msg time="2024-07-12T04:17:45.983617" level="INFO">${expected_keysTwo} = ['username', 'password']</msg>
<var>${expected_keysTwo}</var>
<arg>username</arg>
<arg>password</arg>
<doc>Returns a list containing given items.</doc>
<status status="PASS" start="2024-07-12T04:17:45.983476" elapsed="0.000166"/>
</kw>
<for flavor="IN">
<iter>
<kw name="Dictionary Should Contain Key" owner="Collections">
<arg>${json_data['results'][0]['login']}</arg>
<arg>${keyTwo}</arg>
<doc>Fails if ``key`` is not found from ``dictionary``.</doc>
<status status="PASS" start="2024-07-12T04:17:45.984183" elapsed="0.000381"/>
</kw>
<kw name="Dictionary Should Contain Key" owner="Collections">
<arg>${json_data['results'][0]['login']}</arg>
<arg>${keyTwo}</arg>
<doc>Fails if ``key`` is not found from ``dictionary``.</doc>
<status status="PASS" start="2024-07-12T04:17:45.984746" elapsed="0.000382"/>
</kw>
<kw name="Log" owner="BuiltIn">
<msg time="2024-07-12T04:17:45.985466" level="INFO">username</msg>
<arg>${keyTwo}</arg>
<doc>Logs the given message with the given level.</doc>
<status status="PASS" start="2024-07-12T04:17:45.985339" elapsed="0.000164"/>
</kw>
<var name="${keyTwo}">username</var>
<status status="PASS" start="2024-07-12T04:17:45.984075" elapsed="0.001651"/>
</iter>
<iter>
<kw name="Dictionary Should Contain Key" owner="Collections">
<arg>${json_data['results'][0]['login']}</arg>
<arg>${keyTwo}</arg>
<doc>Fails if ``key`` is not found from ``dictionary``.</doc>
<status status="PASS" start="2024-07-12T04:17:45.986009" elapsed="0.000379"/>
</kw>
<kw name="Dictionary Should Contain Key" owner="Collections">
<arg>${json_data['results'][0]['login']}</arg>
<arg>${keyTwo}</arg>
<doc>Fails if ``key`` is not found from ``dictionary``.</doc>
<status status="PASS" start="2024-07-12T04:17:45.986569" elapsed="0.000374"/>
</kw>
<kw name="Log" owner="BuiltIn">
<msg time="2024-07-12T04:17:45.987241" level="INFO">password</msg>
<arg>${keyTwo}</arg>
<doc>Logs the given message with the given level.</doc>
<status status="PASS" start="2024-07-12T04:17:45.987122" elapsed="0.000161"/>
</kw>
<var name="${keyTwo}">password</var>
<status status="PASS" start="2024-07-12T04:17:45.985900" elapsed="0.001698"/>
</iter>
<var>${keyTwo}</var>
<value>@{expected_keysTwo}</value>
<status status="PASS" start="2024-07-12T04:17:45.983913" elapsed="0.003808"/>
</for>
<status status="PASS" start="2024-07-12T04:17:45.875775" elapsed="0.112092"/>
</kw>
<doc>Testa a estrutura da resposta da API.</doc>
<tag>testeEstruturaResposta</tag>
<status status="PASS" start="2024-07-12T04:17:45.875208" elapsed="0.112815"/>
</test>
<test id="s1-s1-t4" name="Validar tipos de dados" line="28">
<kw name="Teste de Tipos de Dados" owner="random-user-service">
<kw name="GET On Session" owner="RequestsLibrary">
<msg time="2024-07-12T04:17:46.068974" level="INFO">GET Request : url=https://randomuser.me/api 
 path_url=/api 
 headers={'User-Agent': 'python-requests/2.32.3', 'Accept-Encoding': 'gzip, deflate', 'Accept': '*/*', 'Connection': 'keep-alive'} 
 body=None 
 </msg>
<msg time="2024-07-12T04:17:46.069091" level="INFO">GET Response : url=https://randomuser.me/api 
 status=200, reason=OK 
 headers={'Date': 'Fri, 12 Jul 2024 04:17:46 GMT', 'Content-Type': 'application/json; charset=utf-8', 'Transfer-Encoding': 'chunked', 'Connection': 'keep-alive', 'X-Powered-By': 'Express', 'Access-Control-Allow-Origin': '*', 'Cache-Control': 'no-cache', 'ETag': 'W/"485-s4xC4lZK3IQulPFG+ozuBgPNbzw"', 'Vary': 'Accept-Encoding', 'Content-Encoding': 'gzip', 'CF-Cache-Status': 'DYNAMIC', 'Report-To': '{"endpoints":[{"url":"https:\\/\\/a.nel.cloudflare.com\\/report\\/v4?s=BfbHl52PhfzKe%2FU6usGMTZAV5wt9eEfqavi4KOMoz9u2Er4%2BKbwRxn3WIKIX7yH7idUyuCbhbr6948rUmGEUBQVQdGwg%2B16Te6adnv0rjElLkOZztNI9M%2BOZ9uPf%2F5MM"}],"group":"cf-nel","max_age":604800}', 'NEL': '{"success_fraction":0,"report_to":"cf-nel","max_age":604800}', 'Server': 'cloudflare', 'CF-RAY': '8a1e39b668991133-ORD', 'alt-svc': 'h3=":443"; ma=86400'} 
 body={"results":[{"gender":"female","name":{"title":"Mrs","first":"Lily","last":"Newman"},"location":{"street":{"number":1232,"name":"Karen Dr"},"city":"Dumas","state":"Illinois","country":"United States","postcode":66266,"coordinates":{"latitude":"88.1982","longitude":"174.1369"},"timezone":{"offset":"+6:00","description":"Almaty, Dhaka, Colombo"}},"email":"lily.newman@example.com","login":{"uuid":"9a9c1634-a505-46be-972e-e2156d5c4310","username":"tinytiger227","password":"briggs","salt":"tdvxT5gD","md5":"71f661eaced3e6437502826d3aebdce8","sha1":"6035aaa8aebf4176989b7be02ded780049f675ba","sha256":"75ae7a8008094399aafb260333fcc65417dfcb880f313d3dd13ce9948bb4f1fb"},"dob":{"date":"1951-04-11T04:13:26.512Z","age":73},"registered":{"date":"2009-03-21T17:08:19.352Z","age":15},"phone":"(838) 420-0958","cell":"(759) 858-3291","id":{"name":"SSN","value":"179-45-7784"},"picture":{"large":"https://randomuser.me/api/portraits/women/40.jpg","medium":"https://randomuser.me/api/portraits/med/women/40.jpg","thumbnail":"https://randomuser.me/api/portraits/thumb/women/40.jpg"},"nat":"US"}],"info":{"seed":"b4a2965f80f68623","results":1,"page":1,"version":"1.4"}} 
 </msg>
<msg time="2024-07-12T04:17:46.069176" level="INFO">/opt/hostedtoolcache/Python/3.12.4/x64/lib/python3.12/site-packages/urllib3/connectionpool.py:1099: InsecureRequestWarning: Unverified HTTPS request is being made to host 'randomuser.me'. Adding certificate verification is strongly advised. See: https://urllib3.readthedocs.io/en/latest/advanced-usage.html#tls-warnings
  warnings.warn(</msg>
<msg time="2024-07-12T04:17:46.069358" level="INFO">${response} = &lt;Response [200]&gt;</msg>
<var>${response}</var>
<arg>consultarAPI</arg>
<arg>/api</arg>
<doc>Sends a GET request on a previously created HTTP Session.</doc>
<status status="PASS" start="2024-07-12T04:17:45.990568" elapsed="0.078837"/>
</kw>
<kw name="Set Variable" owner="BuiltIn">
<msg time="2024-07-12T04:17:46.070644" level="INFO">${json_data} = {'results': [{'gender': 'female', 'name': {'title': 'Mrs', 'first': 'Lily', 'last': 'Newman'}, 'location': {'street': {'number': 1232, 'name': 'Karen Dr'}, 'city': 'Dumas', 'state': 'Illinois', 'count...</msg>
<var>${json_data}</var>
<arg>${response.json()}</arg>
<doc>Returns the given values which can then be assigned to a variables.</doc>
<status status="PASS" start="2024-07-12T04:17:46.070059" elapsed="0.000616"/>
</kw>
<kw name="Log" owner="BuiltIn">
<msg time="2024-07-12T04:17:46.071254" level="INFO">{'results': [{'gender': 'female', 'name': {'title': 'Mrs', 'first': 'Lily', 'last': 'Newman'}, 'location': {'street': {'number': 1232, 'name': 'Karen Dr'}, 'city': 'Dumas', 'state': 'Illinois', 'country': 'United States', 'postcode': 66266, 'coordinates': {'latitude': '88.1982', 'longitude': '174.1369'}, 'timezone': {'offset': '+6:00', 'description': 'Almaty, Dhaka, Colombo'}}, 'email': 'lily.newman@example.com', 'login': {'uuid': '9a9c1634-a505-46be-972e-e2156d5c4310', 'username': 'tinytiger227', 'password': 'briggs', 'salt': 'tdvxT5gD', 'md5': '71f661eaced3e6437502826d3aebdce8', 'sha1': '6035aaa8aebf4176989b7be02ded780049f675ba', 'sha256': '75ae7a8008094399aafb260333fcc65417dfcb880f313d3dd13ce9948bb4f1fb'}, 'dob': {'date': '1951-04-11T04:13:26.512Z', 'age': 73}, 'registered': {'date': '2009-03-21T17:08:19.352Z', 'age': 15}, 'phone': '(838) 420-0958', 'cell': '(759) 858-3291', 'id': {'name': 'SSN', 'value': '179-45-7784'}, 'picture': {'large': 'https://randomuser.me/api/portraits/women/40.jpg', 'medium': 'https://randomuser.me/api/portraits/med/women/40.jpg', 'thumbnail': 'https://randomuser.me/api/portraits/thumb/women/40.jpg'}, 'nat': 'US'}], 'info': {'seed': 'b4a2965f80f68623', 'results': 1, 'page': 1, 'version': '1.4'}}</msg>
<arg>${json_data}</arg>
<doc>Logs the given message with the given level.</doc>
<status status="PASS" start="2024-07-12T04:17:46.071076" elapsed="0.000241"/>
</kw>
<kw name="Should Be String" owner="String">
<arg>${json_data['results'][0]['gender']}</arg>
<doc>Fails if the given ``item`` is not a string.</doc>
<status status="PASS" start="2024-07-12T04:17:46.071642" elapsed="0.000393"/>
</kw>
<kw name="Should Match Regexp" owner="BuiltIn">
<arg>${json_data['results'][0]['email']}</arg>
<arg>^[a-zA-Z0-9._%+-]+@[a-zA-Z0-9.-]+\.[a-zA-Z]{2,}$</arg>
<doc>Fails if ``string`` does not match ``pattern`` as a regular expression.</doc>
<status status="PASS" start="2024-07-12T04:17:46.072244" elapsed="0.000527"/>
</kw>
<kw name="Should Match Regexp" owner="BuiltIn">
<arg>${json_data['results'][0]['dob']['date']}</arg>
<arg>\\d{4}-\\d{2}-\\d{2}T\\d{2}:\\d{2}:\\d{2}\\.\\d{3}Z</arg>
<doc>Fails if ``string`` does not match ``pattern`` as a regular expression.</doc>
<status status="PASS" start="2024-07-12T04:17:46.073013" elapsed="0.000533"/>
</kw>
<kw name="Should Match Regexp" owner="BuiltIn">
<arg>${json_data['results'][0]['registered']['date']}</arg>
<arg>\\d{4}-\\d{2}-\\d{2}T\\d{2}:\\d{2}:\\d{2}\\.\\d{3}Z</arg>
<doc>Fails if ``string`` does not match ``pattern`` as a regular expression.</doc>
<status status="PASS" start="2024-07-12T04:17:46.073743" elapsed="0.000368"/>
</kw>
<kw name="Should Match Regexp" owner="BuiltIn">
<arg>${json_data['results'][0]['picture']['large']}</arg>
<arg>^https?://.*\.(?:png|jpe?g|gif|bmp)$</arg>
<doc>Fails if ``string`` does not match ``pattern`` as a regular expression.</doc>
<status status="PASS" start="2024-07-12T04:17:46.074298" elapsed="0.000461"/>
</kw>
<kw name="Should Match Regexp" owner="BuiltIn">
<arg>${json_data['results'][0]['picture']['medium']}</arg>
<arg>^https?://.*\.(?:png|jpe?g|gif|bmp)$</arg>
<doc>Fails if ``string`` does not match ``pattern`` as a regular expression.</doc>
<status status="PASS" start="2024-07-12T04:17:46.074947" elapsed="0.000363"/>
</kw>
<kw name="Should Match Regexp" owner="BuiltIn">
<arg>${json_data['results'][0]['picture']['thumbnail']}</arg>
<arg>^https?://.*\.(?:png|jpe?g|gif|bmp)$</arg>
<doc>Fails if ``string`` does not match ``pattern`` as a regular expression.</doc>
<status status="PASS" start="2024-07-12T04:17:46.075495" elapsed="0.000346"/>
</kw>
<kw name="Log" owner="BuiltIn">
<msg time="2024-07-12T04:17:46.076354" level="INFO">{'large': 'https://randomuser.me/api/portraits/women/40.jpg', 'medium': 'https://randomuser.me/api/portraits/med/women/40.jpg', 'thumbnail': 'https://randomuser.me/api/portraits/thumb/women/40.jpg'}</msg>
<arg>${json_data['results'][0]['picture']}</arg>
<doc>Logs the given message with the given level.</doc>
<status status="PASS" start="2024-07-12T04:17:46.076030" elapsed="0.000367"/>
</kw>
<status status="PASS" start="2024-07-12T04:17:45.990340" elapsed="0.086331"/>
</kw>
<kw name="Teste de Tipos de Dados - Postcode" owner="random-user-service">
<kw name="GET On Session" owner="RequestsLibrary">
<msg time="2024-07-12T04:17:46.167167" level="INFO">GET Request : url=https://randomuser.me/api 
 path_url=/api 
 headers={'User-Agent': 'python-requests/2.32.3', 'Accept-Encoding': 'gzip, deflate', 'Accept': '*/*', 'Connection': 'keep-alive'} 
 body=None 
 </msg>
<msg time="2024-07-12T04:17:46.167274" level="INFO">GET Response : url=https://randomuser.me/api 
 status=200, reason=OK 
 headers={'Date': 'Fri, 12 Jul 2024 04:17:46 GMT', 'Content-Type': 'application/json; charset=utf-8', 'Transfer-Encoding': 'chunked', 'Connection': 'keep-alive', 'X-Powered-By': 'Express', 'Access-Control-Allow-Origin': '*', 'Cache-Control': 'no-cache', 'ETag': 'W/"495-QxtnvIUY+M9gvi7JTD8Q3z1rdfU"', 'Vary': 'Accept-Encoding', 'Content-Encoding': 'gzip', 'CF-Cache-Status': 'DYNAMIC', 'Report-To': '{"endpoints":[{"url":"https:\\/\\/a.nel.cloudflare.com\\/report\\/v4?s=lOPPHGudlfdBE%2FNBFQtWdR9Fcl84On196WciWgQ%2Bk6LTo7qSM5icJnGicypdtgJNBd0F9t7XT%2Fg5xSB63cCXXfSaUmysfatqbf9ONplXk29iOBJ4d2WIK9s18hKtuZLQ"}],"group":"cf-nel","max_age":604800}', 'NEL': '{"success_fraction":0,"report_to":"cf-nel","max_age":604800}', 'Server': 'cloudflare', 'CF-RAY': '8a1e39b6f9211133-ORD', 'alt-svc': 'h3=":443"; ma=86400'} 
 body={"results":[{"gender":"female","name":{"title":"Miss","first":"Asta","last":"Rasmussen"},"location":{"street":{"number":6269,"name":"Mellemvej"},"city":"Gjern","state":"Nordjylland","country":"Denmark","postcode":17847,"coordinates":{"latitude":"-45.7010","longitude":"151.9950"},"timezone":{"offset":"-5:00","description":"Eastern Time (US &amp; Canada), Bogota, Lima"}},"email":"asta.rasmussen@example.com","login":{"uuid":"1e04a839-156d-4ec4-b832-aa5577907a0c","username":"blackostrich694","password":"closeup","salt":"uyZ6Vr0H","md5":"b092da758572d98a822ac58cf0af7e77","sha1":"907cedf2a1a5fd6b5b20c9c1385d1c43391a1d6c","sha256":"e9e77005a6999651aff2e71264588f03fa19973b41b7721269b4fe80a8565faa"},"dob":{"date":"1963-12-21T22:57:01.796Z","age":60},"registered":{"date":"2009-09-13T01:02:20.944Z","age":14},"phone":"45046076","cell":"50043778","id":{"name":"CPR","value":"211263-8080"},"picture":{"large":"https://randomuser.me/api/portraits/women/42.jpg","medium":"https://randomuser.me/api/portraits/med/women/42.jpg","thumbnail":"https://randomuser.me/api/portraits/thumb/women/42.jpg"},"nat":"DK"}],"info":{"seed":"949a6269b034019c","results":1,"page":1,"version":"1.4"}} 
 </msg>
<msg time="2024-07-12T04:17:46.167346" level="INFO">/opt/hostedtoolcache/Python/3.12.4/x64/lib/python3.12/site-packages/urllib3/connectionpool.py:1099: InsecureRequestWarning: Unverified HTTPS request is being made to host 'randomuser.me'. Adding certificate verification is strongly advised. See: https://urllib3.readthedocs.io/en/latest/advanced-usage.html#tls-warnings
  warnings.warn(</msg>
<msg time="2024-07-12T04:17:46.167468" level="INFO">${response} = &lt;Response [200]&gt;</msg>
<var>${response}</var>
<arg>consultarAPI</arg>
<arg>/api</arg>
<doc>Sends a GET request on a previously created HTTP Session.</doc>
<status status="PASS" start="2024-07-12T04:17:46.077145" elapsed="0.090365"/>
</kw>
<kw name="Set Variable" owner="BuiltIn">
<msg time="2024-07-12T04:17:46.168563" level="INFO">${json_data} = {'results': [{'gender': 'female', 'name': {'title': 'Miss', 'first': 'Asta', 'last': 'Rasmussen'}, 'location': {'street': {'number': 6269, 'name': 'Mellemvej'}, 'city': 'Gjern', 'state': 'Nordjylland'...</msg>
<var>${json_data}</var>
<arg>${response.json()}</arg>
<doc>Returns the given values which can then be assigned to a variables.</doc>
<status status="PASS" start="2024-07-12T04:17:46.168030" elapsed="0.000563"/>
</kw>
<kw name="Log" owner="BuiltIn">
<msg time="2024-07-12T04:17:46.169117" level="INFO">{'results': [{'gender': 'female', 'name': {'title': 'Miss', 'first': 'Asta', 'last': 'Rasmussen'}, 'location': {'street': {'number': 6269, 'name': 'Mellemvej'}, 'city': 'Gjern', 'state': 'Nordjylland', 'country': 'Denmark', 'postcode': 17847, 'coordinates': {'latitude': '-45.7010', 'longitude': '151.9950'}, 'timezone': {'offset': '-5:00', 'description': 'Eastern Time (US &amp; Canada), Bogota, Lima'}}, 'email': 'asta.rasmussen@example.com', 'login': {'uuid': '1e04a839-156d-4ec4-b832-aa5577907a0c', 'username': 'blackostrich694', 'password': 'closeup', 'salt': 'uyZ6Vr0H', 'md5': 'b092da758572d98a822ac58cf0af7e77', 'sha1': '907cedf2a1a5fd6b5b20c9c1385d1c43391a1d6c', 'sha256': 'e9e77005a6999651aff2e71264588f03fa19973b41b7721269b4fe80a8565faa'}, 'dob': {'date': '1963-12-21T22:57:01.796Z', 'age': 60}, 'registered': {'date': '2009-09-13T01:02:20.944Z', 'age': 14}, 'phone': '45046076', 'cell': '50043778', 'id': {'name': 'CPR', 'value': '211263-8080'}, 'picture': {'large': 'https://randomuser.me/api/portraits/women/42.jpg', 'medium': 'https://randomuser.me/api/portraits/med/women/42.jpg', 'thumbnail': 'https://randomuser.me/api/portraits/thumb/women/42.jpg'}, 'nat': 'DK'}], 'info': {'seed': '949a6269b034019c', 'results': 1, 'page': 1, 'version': '1.4'}}</msg>
<arg>${json_data}</arg>
<doc>Logs the given message with the given level.</doc>
<status status="PASS" start="2024-07-12T04:17:46.168948" elapsed="0.000219"/>
</kw>
<kw name="Should Be Equal As Numbers" owner="BuiltIn">
<arg>${json_data['results'][0]['location']['postcode']}</arg>
<arg>${json_data['results'][0]['location']['postcode']}</arg>
<doc>Fails if objects are unequal after converting them to real numbers.</doc>
<status status="PASS" start="2024-07-12T04:17:46.169516" elapsed="0.000651"/>
</kw>
<kw name="Log" owner="BuiltIn">
<msg time="2024-07-12T04:17:46.170883" level="INFO">17847</msg>
<arg>${json_data['results'][0]['location']['postcode']}</arg>
<doc>Logs the given message with the given level.</doc>
<status status="PASS" start="2024-07-12T04:17:46.170366" elapsed="0.000559"/>
</kw>
<status status="PASS" start="2024-07-12T04:17:46.076907" elapsed="0.094310"/>
</kw>
<doc>Testa se os tipos de dados na resposta da API estão corretos.</doc>
<tag>testeTiposDados</tag>
<status status="PASS" start="2024-07-12T04:17:45.989859" elapsed="0.181535"/>
</test>
<test id="s1-s1-t5" name="Validar conteudo" line="35">
<kw name="Teste de Tipos de Conteudo" owner="random-user-service">
<kw name="GET On Session" owner="RequestsLibrary">
<msg time="2024-07-12T04:17:46.267606" level="INFO">GET Request : url=https://randomuser.me/api 
 path_url=/api 
 headers={'User-Agent': 'python-requests/2.32.3', 'Accept-Encoding': 'gzip, deflate', 'Accept': '*/*', 'Connection': 'keep-alive'} 
 body=None 
 </msg>
<msg time="2024-07-12T04:17:46.267704" level="INFO">GET Response : url=https://randomuser.me/api 
 status=200, reason=OK 
 headers={'Date': 'Fri, 12 Jul 2024 04:17:46 GMT', 'Content-Type': 'application/json; charset=utf-8', 'Transfer-Encoding': 'chunked', 'Connection': 'keep-alive', 'X-Powered-By': 'Express', 'Access-Control-Allow-Origin': '*', 'Cache-Control': 'no-cache', 'ETag': 'W/"493-s68RaQxPPVjdyXfWFvQr/sZDPAE"', 'Vary': 'Accept-Encoding', 'Content-Encoding': 'gzip', 'CF-Cache-Status': 'DYNAMIC', 'Report-To': '{"endpoints":[{"url":"https:\\/\\/a.nel.cloudflare.com\\/report\\/v4?s=iuy5Tv2CeKGXS3qGkRBZ%2BnSPE0bMG1P4bp907wpGC4vGCEFlbVSjEHAwLMjh3viuLNoOBg1IJ5KQ6DX6ElX6nv9JhrZ5sR%2FdbecO0XLkVd8Te1SUINl2ikSvPdJrnlCf"}],"group":"cf-nel","max_age":604800}', 'NEL': '{"success_fraction":0,"report_to":"cf-nel","max_age":604800}', 'Server': 'cloudflare', 'CF-RAY': '8a1e39b799ba1133-ORD', 'alt-svc': 'h3=":443"; ma=86400'} 
 body={"results":[{"gender":"female","name":{"title":"Ms","first":"Lucy","last":"Anderson"},"location":{"street":{"number":7433,"name":"Seymour Street"},"city":"Upper Hutt","state":"Tasman","country":"New Zealand","postcode":88283,"coordinates":{"latitude":"50.9538","longitude":"150.4870"},"timezone":{"offset":"-4:00","description":"Atlantic Time (Canada), Caracas, La Paz"}},"email":"lucy.anderson@example.com","login":{"uuid":"90b4bcdc-d1ba-48db-bdf5-31a0a4660f6b","username":"goldenduck176","password":"zeng","salt":"gTPI2TE1","md5":"14d91d862dfef0b5a3e753bb9b1c9f61","sha1":"6ed60daf3daf49ae6fba4e77243123bc6f44094a","sha256":"c951f0ed04488f80cfa818a9a4f2d2f842787c7086258c0c7fbbaa17c591f660"},"dob":{"date":"1982-02-06T08:37:27.078Z","age":42},"registered":{"date":"2002-09-20T01:14:11.175Z","age":21},"phone":"(234)-093-7175","cell":"(580)-793-1100","id":{"name":"","value":null},"picture":{"large":"https://randomuser.me/api/portraits/women/61.jpg","medium":"https://randomuser.me/api/portraits/med/women/61.jpg","thumbnail":"https://randomuser.me/api/portraits/thumb/women/61.jpg"},"nat":"NZ"}],"info":{"seed":"3f158482cf5e30eb","results":1,"page":1,"version":"1.4"}} 
 </msg>
<msg time="2024-07-12T04:17:46.267776" level="INFO">/opt/hostedtoolcache/Python/3.12.4/x64/lib/python3.12/site-packages/urllib3/connectionpool.py:1099: InsecureRequestWarning: Unverified HTTPS request is being made to host 'randomuser.me'. Adding certificate verification is strongly advised. See: https://urllib3.readthedocs.io/en/latest/advanced-usage.html#tls-warnings
  warnings.warn(</msg>
<msg time="2024-07-12T04:17:46.267892" level="INFO">${response} = &lt;Response [200]&gt;</msg>
<var>${response}</var>
<arg>consultarAPI</arg>
<arg>/api</arg>
<doc>Sends a GET request on a previously created HTTP Session.</doc>
<status status="PASS" start="2024-07-12T04:17:46.173922" elapsed="0.093996"/>
</kw>
<kw name="Set Variable" owner="BuiltIn">
<msg time="2024-07-12T04:17:46.268956" level="INFO">${json_data} = {'results': [{'gender': 'female', 'name': {'title': 'Ms', 'first': 'Lucy', 'last': 'Anderson'}, 'location': {'street': {'number': 7433, 'name': 'Seymour Street'}, 'city': 'Upper Hutt', 'state': 'Tasma...</msg>
<var>${json_data}</var>
<arg>${response.json()}</arg>
<doc>Returns the given values which can then be assigned to a variables.</doc>
<status status="PASS" start="2024-07-12T04:17:46.268455" elapsed="0.000528"/>
</kw>
<kw name="Set Variable" owner="BuiltIn">
<msg time="2024-07-12T04:17:46.269724" level="INFO">${name_title} = Ms</msg>
<var>${name_title}</var>
<arg>${json_data["results"][0]["name"]["title"]}</arg>
<doc>Returns the given values which can then be assigned to a variables.</doc>
<status status="PASS" start="2024-07-12T04:17:46.269327" elapsed="0.000422"/>
</kw>
<kw name="Create List" owner="BuiltIn">
<msg time="2024-07-12T04:17:46.270190" level="INFO">${allowed_titles} = ['Mr', 'Ms', 'Miss', 'Mrs', 'Madame', 'Monsieur']</msg>
<var>${allowed_titles}</var>
<arg>Mr</arg>
<arg>Ms</arg>
<arg>Miss</arg>
<arg>Mrs</arg>
<arg>Madame</arg>
<arg>Monsieur</arg>
<doc>Returns a list containing given items.</doc>
<status status="PASS" start="2024-07-12T04:17:46.270043" elapsed="0.000173"/>
</kw>
<kw name="List Should Contain Value" owner="Collections">
<arg>${allowed_titles}</arg>
<arg>${name_title}</arg>
<doc>Fails if the ``value`` is not found from ``list``.</doc>
<status status="PASS" start="2024-07-12T04:17:46.270510" elapsed="0.000175"/>
</kw>
<kw name="Set Variable" owner="BuiltIn">
<msg time="2024-07-12T04:17:46.271231" level="INFO">${name_country} = NZ</msg>
<var>${name_country}</var>
<arg>${json_data["results"][0]["nat"]}</arg>
<doc>Returns the given values which can then be assigned to a variables.</doc>
<status status="PASS" start="2024-07-12T04:17:46.270866" elapsed="0.000390"/>
</kw>
<kw name="Create List" owner="BuiltIn">
<msg time="2024-07-12T04:17:46.272137" level="INFO">${list_country} = ['AD', 'AE', 'AF', 'AG', 'AI', 'AL', 'AM', 'AO', 'AQ', 'AR', 'AS', 'AT', 'AU', 'AW', 'AX', 'AZ', 'BA', 'BB', 'BD', 'BE', 'BF', 'BG', 'BH', 'BI', 'BJ', 'BL', 'BM', 'BN', 'BO', 'BQ', 'BR', 'BS', 'BT', '...</msg>
<var>${list_country}</var>
<arg>AD</arg>
<arg>AE</arg>
<arg>AF</arg>
<arg>AG</arg>
<arg>AI</arg>
<arg>AL</arg>
<arg>AM</arg>
<arg>AO</arg>
<arg>AQ</arg>
<arg>AR</arg>
<arg>AS</arg>
<arg>AT</arg>
<arg>AU</arg>
<arg>AW</arg>
<arg>AX</arg>
<arg>AZ</arg>
<arg>BA</arg>
<arg>BB</arg>
<arg>BD</arg>
<arg>BE</arg>
<arg>BF</arg>
<arg>BG</arg>
<arg>BH</arg>
<arg>BI</arg>
<arg>BJ</arg>
<arg>BL</arg>
<arg>BM</arg>
<arg>BN</arg>
<arg>BO</arg>
<arg>BQ</arg>
<arg>BR</arg>
<arg>BS</arg>
<arg>BT</arg>
<arg>BV</arg>
<arg>BW</arg>
<arg>BY</arg>
<arg>BZ</arg>
<arg>CA</arg>
<arg>CC</arg>
<arg>CD</arg>
<arg>CF</arg>
<arg>CG</arg>
<arg>CH</arg>
<arg>CI</arg>
<arg>CK</arg>
<arg>CL</arg>
<arg>CM</arg>
<arg>CN</arg>
<arg>CO</arg>
<arg>CR</arg>
<arg>CU</arg>
<arg>CV</arg>
<arg>CW</arg>
<arg>CX</arg>
<arg>CY</arg>
<arg>CZ</arg>
<arg>DE</arg>
<arg>DJ</arg>
<arg>DK</arg>
<arg>DM</arg>
<arg>DO</arg>
<arg>DZ</arg>
<arg>EC</arg>
<arg>EE</arg>
<arg>EG</arg>
<arg>EH</arg>
<arg>ER</arg>
<arg>ES</arg>
<arg>ET</arg>
<arg>FI</arg>
<arg>FJ</arg>
<arg>FK</arg>
<arg>FM</arg>
<arg>FO</arg>
<arg>FR</arg>
<arg>GA</arg>
<arg>GB</arg>
<arg>GD</arg>
<arg>GE</arg>
<arg>GF</arg>
<arg>GG</arg>
<arg>GH</arg>
<arg>GI</arg>
<arg>GL</arg>
<arg>GM</arg>
<arg>GN</arg>
<arg>GP</arg>
<arg>GQ</arg>
<arg>GR</arg>
<arg>GS</arg>
<arg>GT</arg>
<arg>GU</arg>
<arg>GW</arg>
<arg>GY</arg>
<arg>HK</arg>
<arg>HM</arg>
<arg>HN</arg>
<arg>HR</arg>
<arg>HT</arg>
<arg>HU</arg>
<arg>ID</arg>
<arg>IE</arg>
<arg>IL</arg>
<arg>IM</arg>
<arg>IN</arg>
<arg>IO</arg>
<arg>IQ</arg>
<arg>IR</arg>
<arg>IS</arg>
<arg>IT</arg>
<arg>JE</arg>
<arg>JM</arg>
<arg>JO</arg>
<arg>JP</arg>
<arg>KE</arg>
<arg>KG</arg>
<arg>KH</arg>
<arg>KI</arg>
<arg>KM</arg>
<arg>KN</arg>
<arg>KP</arg>
<arg>KR</arg>
<arg>KW</arg>
<arg>KY</arg>
<arg>KZ</arg>
<arg>LA</arg>
<arg>LB</arg>
<arg>LC</arg>
<arg>LI</arg>
<arg>LK</arg>
<arg>LR</arg>
<arg>LS</arg>
<arg>LT</arg>
<arg>LU</arg>
<arg>LV</arg>
<arg>LY</arg>
<arg>MA</arg>
<arg>MC</arg>
<arg>MD</arg>
<arg>ME</arg>
<arg>MF</arg>
<arg>MG</arg>
<arg>MH</arg>
<arg>MK</arg>
<arg>ML</arg>
<arg>MM</arg>
<arg>MN</arg>
<arg>MO</arg>
<arg>MP</arg>
<arg>MQ</arg>
<arg>MR</arg>
<arg>MS</arg>
<arg>MT</arg>
<arg>MU</arg>
<arg>MV</arg>
<arg>MW</arg>
<arg>MX</arg>
<arg>MY</arg>
<arg>MZ</arg>
<arg>NA</arg>
<arg>NC</arg>
<arg>NE</arg>
<arg>NF</arg>
<arg>NG</arg>
<arg>NI</arg>
<arg>NL</arg>
<arg>NO</arg>
<arg>NP</arg>
<arg>NR</arg>
<arg>NU</arg>
<arg>NZ</arg>
<arg>OM</arg>
<arg>PA</arg>
<arg>PE</arg>
<arg>PF</arg>
<arg>PG</arg>
<arg>PH</arg>
<arg>PK</arg>
<arg>PL</arg>
<arg>PM</arg>
<arg>PN</arg>
<arg>PR</arg>
<arg>PS</arg>
<arg>PT</arg>
<arg>PW</arg>
<arg>PY</arg>
<arg>QA</arg>
<arg>RE</arg>
<arg>RO</arg>
<arg>RS</arg>
<arg>RU</arg>
<arg>RW</arg>
<arg>SA</arg>
<arg>SB</arg>
<arg>SC</arg>
<arg>SD</arg>
<arg>SE</arg>
<arg>SG</arg>
<arg>SH</arg>
<arg>SI</arg>
<arg>SJ</arg>
<arg>SK</arg>
<arg>SL</arg>
<arg>SM</arg>
<arg>SN</arg>
<arg>SO</arg>
<arg>SR</arg>
<arg>SS</arg>
<arg>ST</arg>
<arg>SV</arg>
<arg>SX</arg>
<arg>SY</arg>
<arg>SZ</arg>
<arg>TC</arg>
<arg>TD</arg>
<arg>TF</arg>
<arg>TG</arg>
<arg>TH</arg>
<arg>TJ</arg>
<arg>TK</arg>
<arg>TL</arg>
<arg>TM</arg>
<arg>TN</arg>
<arg>TO</arg>
<arg>TR</arg>
<arg>TT</arg>
<arg>TV</arg>
<arg>TW</arg>
<arg>TZ</arg>
<arg>UA</arg>
<arg>UG</arg>
<arg>UM</arg>
<arg>US</arg>
<arg>UY</arg>
<arg>UZ</arg>
<arg>VA</arg>
<arg>VC</arg>
<arg>VE</arg>
<arg>VG</arg>
<arg>VI</arg>
<arg>VN</arg>
<arg>VU</arg>
<arg>WF</arg>
<arg>WS</arg>
<arg>XK</arg>
<arg>YE</arg>
<arg>YT</arg>
<arg>ZA</arg>
<arg>ZM</arg>
<arg>ZW</arg>
<doc>Returns a list containing given items.</doc>
<status status="PASS" start="2024-07-12T04:17:46.271546" elapsed="0.000616"/>
</kw>
<kw name="List Should Contain Value" owner="Collections">
<arg>${list_country}</arg>
<arg>${name_country}</arg>
<doc>Fails if the ``value`` is not found from ``list``.</doc>
<status status="PASS" start="2024-07-12T04:17:46.272944" elapsed="0.000201"/>
</kw>
<kw name="Run Keyword If" owner="BuiltIn">
<kw name="Should Be True" owner="BuiltIn">
<arg>${True}</arg>
<doc>Fails if the given condition is not true.</doc>
<status status="PASS" start="2024-07-12T04:17:46.274104" elapsed="0.000142"/>
</kw>
<arg>${json_data["results"][0]["location"]["coordinates"]["latitude"]} &gt;= -90 and ${json_data["results"][0]["location"]["coordinates"]["latitude"]} &lt;= 90</arg>
<arg>Should Be True</arg>
<arg>${True}</arg>
<doc>Runs the given keyword with the given arguments, if ``condition`` is true.</doc>
<status status="PASS" start="2024-07-12T04:17:46.273363" elapsed="0.001008"/>
</kw>
<kw name="Run Keyword If" owner="BuiltIn">
<kw name="Should Be True" owner="BuiltIn">
<arg>${True}</arg>
<doc>Fails if the given condition is not true.</doc>
<status status="PASS" start="2024-07-12T04:17:46.275240" elapsed="0.000245"/>
</kw>
<arg>${json_data["results"][0]["location"]["coordinates"]["longitude"]} &gt;= -180 and ${json_data["results"][0]["location"]["coordinates"]["longitude"]} &lt;= 180</arg>
<arg>Should Be True</arg>
<arg>${True}</arg>
<doc>Runs the given keyword with the given arguments, if ``condition`` is true.</doc>
<status status="PASS" start="2024-07-12T04:17:46.274551" elapsed="0.001061"/>
</kw>
<status status="PASS" start="2024-07-12T04:17:46.173686" elapsed="0.102059"/>
</kw>
<doc>Testa o conteúdo específico dos campos retornados pela API.</doc>
<tag>testeConteudo</tag>
<status status="PASS" start="2024-07-12T04:17:46.173177" elapsed="0.102721"/>
</test>
<status status="PASS" start="2024-07-12T04:17:45.281411" elapsed="0.996516"/>
</suite>
<status status="PASS" start="2024-07-12T04:17:45.266179" elapsed="1.016760"/>
</suite>
<statistics>
<total>
<stat pass="5" fail="0" skip="0">All Tests</stat>
</total>
<tag>
<stat pass="1" fail="0" skip="0">testeConteudo</stat>
<stat pass="1" fail="0" skip="0">testeEstruturaResposta</stat>
<stat pass="1" fail="0" skip="0">testeRequisicaoBasica</stat>
<stat pass="1" fail="0" skip="0">testeTiposDados</stat>
</tag>
<suite>
<stat pass="5" fail="0" skip="0" id="s1" name="Tests">Tests</stat>
<stat pass="5" fail="0" skip="0" id="s1-s1" name="Random-User-Test">Tests.Random-User-Test</stat>
</suite>
</statistics>
<errors>
</errors>
</robot>
