<?xml version="1.0" encoding="UTF-8"?>
<robot generator="Robot 7.0.1 (Python 3.12.4 on linux)" generated="2024-07-21T01:13:10.891255" rpa="false" schemaversion="5">
<suite id="s1" name="Tests" source="/home/runner/work/ApiRandomUser/ApiRandomUser/RamdonUser/tests">
<suite id="s1-s1" name="Random-User-Test" source="/home/runner/work/ApiRandomUser/ApiRandomUser/RamdonUser/tests/random-user-test.robot">
<test id="s1-s1-t1" name="Conectar" line="13">
<kw name="Conectar API" owner="random-user-service">
<kw name="Create Session" owner="RequestsLibrary">
<msg time="2024-07-21T01:13:11.332935" level="INFO">Creating Session using : alias=consultarAPI, url=https://randomuser.me/, headers={},                     cookies={}, auth=None, timeout=None, proxies=None, verify=False,                     debug=0 </msg>
<arg>consultarAPI</arg>
<arg>${URL}</arg>
<doc>Create Session: create a HTTP session to a server</doc>
<status status="PASS" start="2024-07-21T01:13:11.332702" elapsed="0.000443"/>
</kw>
<status status="PASS" start="2024-07-21T01:13:11.331632" elapsed="0.001936"/>
</kw>
<status status="PASS" start="2024-07-21T01:13:11.330995" elapsed="0.002784"/>
</test>
<test id="s1-s1-t2" name="Validar retorno 200 e JSON Válido" line="16">
<kw name="Teste de Requisicao Basica" owner="random-user-service">
<kw name="GET On Session" owner="RequestsLibrary">
<msg time="2024-07-21T01:13:11.566335" level="INFO">GET Request : url=https://randomuser.me/api 
 path_url=/api 
 headers={'User-Agent': 'python-requests/2.32.3', 'Accept-Encoding': 'gzip, deflate', 'Accept': '*/*', 'Connection': 'keep-alive'} 
 body=None 
 </msg>
<msg time="2024-07-21T01:13:11.566517" level="INFO">GET Response : url=https://randomuser.me/api 
 status=200, reason=OK 
 headers={'Date': 'Sun, 21 Jul 2024 01:13:11 GMT', 'Content-Type': 'application/json; charset=utf-8', 'Transfer-Encoding': 'chunked', 'Connection': 'keep-alive', 'X-Powered-By': 'Express', 'Access-Control-Allow-Origin': '*', 'Cache-Control': 'no-cache', 'ETag': 'W/"47c-Ps6YJZup9MkENe3Rg5y5oZQfjyo"', 'Vary': 'Accept-Encoding', 'Content-Encoding': 'gzip', 'CF-Cache-Status': 'DYNAMIC', 'Report-To': '{"endpoints":[{"url":"https:\\/\\/a.nel.cloudflare.com\\/report\\/v4?s=zYsVm%2FgqdjgdIgSTAb0nVxz9jVjMHDSZg6nCEZGCSvX7jOivdVlMT4AZTuS7vs2dBoGnVB2eiMEd9KuGaQHXVspfWnD73m6KBTBzepn5Z85N%2FXADQGYFHjMjyOcRG8BN"}],"group":"cf-nel","max_age":604800}', 'NEL': '{"success_fraction":0,"report_to":"cf-nel","max_age":604800}', 'Server': 'cloudflare', 'CF-RAY': '8a6753b718192892-IAD', 'alt-svc': 'h3=":443"; ma=86400'} 
 body={"results":[{"gender":"male","name":{"title":"Mr","first":"Villads","last":"Jensen"},"location":{"street":{"number":5179,"name":"Hvedevænget"},"city":"Gl. Rye","state":"Syddanmark","country":"Denmark","postcode":35003,"coordinates":{"latitude":"-45.8607","longitude":"-149.4887"},"timezone":{"offset":"+6:00","description":"Almaty, Dhaka, Colombo"}},"email":"villads.jensen@example.com","login":{"uuid":"f3c853f4-9ba0-4138-a836-c8be643f7549","username":"browngoose822","password":"letmein2","salt":"JSOdgmHP","md5":"be32ea92a24de4e624b6adb66b341ff2","sha1":"51e39170b9e8cf7beca07f2238eaa17014ed3c09","sha256":"5a8fc86a507e640f37a3b9db252db7d142f6b709e66725d7b6975764795ef88b"},"dob":{"date":"1976-02-12T14:55:29.719Z","age":48},"registered":{"date":"2016-04-20T04:01:54.021Z","age":8},"phone":"42194336","cell":"74842378","id":{"name":"CPR","value":"120276-4542"},"picture":{"large":"https://randomuser.me/api/portraits/men/92.jpg","medium":"https://randomuser.me/api/portraits/med/men/92.jpg","thumbnail":"https://randomuser.me/api/portraits/thumb/men/92.jpg"},"nat":"DK"}],"info":{"seed":"1f8f851c3d6d03f0","results":1,"page":1,"version":"1.4"}} 
 </msg>
<msg time="2024-07-21T01:13:11.566620" level="INFO">/opt/hostedtoolcache/Python/3.12.4/x64/lib/python3.12/site-packages/urllib3/connectionpool.py:1099: InsecureRequestWarning: Unverified HTTPS request is being made to host 'randomuser.me'. Adding certificate verification is strongly advised. See: https://urllib3.readthedocs.io/en/latest/advanced-usage.html#tls-warnings
  warnings.warn(</msg>
<msg time="2024-07-21T01:13:11.566801" level="INFO">${response} = &lt;Response [200]&gt;</msg>
<var>${response}</var>
<arg>consultarAPI</arg>
<arg>/api</arg>
<doc>Sends a GET request on a previously created HTTP Session.</doc>
<status status="PASS" start="2024-07-21T01:13:11.336444" elapsed="0.230407"/>
</kw>
<kw name="Should Be Equal As Numbers" owner="BuiltIn">
<msg time="2024-07-21T01:13:11.568020" level="INFO">Argument types are:
&lt;class 'int'&gt;
&lt;class 'str'&gt;</msg>
<arg>${response.status_code}</arg>
<arg>200</arg>
<doc>Fails if objects are unequal after converting them to real numbers.</doc>
<status status="PASS" start="2024-07-21T01:13:11.567492" elapsed="0.000600"/>
</kw>
<kw name="Log" owner="BuiltIn">
<msg time="2024-07-21T01:13:11.568905" level="INFO">200</msg>
<arg>${response.status_code}</arg>
<doc>Logs the given message with the given level.</doc>
<status status="PASS" start="2024-07-21T01:13:11.568500" elapsed="0.000453"/>
</kw>
<kw name="Set Variable" owner="BuiltIn">
<msg time="2024-07-21T01:13:11.569847" level="INFO">${json_data} = {'results': [{'gender': 'male', 'name': {'title': 'Mr', 'first': 'Villads', 'last': 'Jensen'}, 'location': {'street': {'number': 5179, 'name': 'Hvedevænget'}, 'city': 'Gl. Rye', 'state': 'Syddanmark',...</msg>
<var>${json_data}</var>
<arg>${response.json()}</arg>
<doc>Returns the given values which can then be assigned to a variables.</doc>
<status status="PASS" start="2024-07-21T01:13:11.569320" elapsed="0.000559"/>
</kw>
<kw name="Dictionary Should Contain Key" owner="Collections">
<arg>${json_data}</arg>
<arg>results</arg>
<doc>Fails if ``key`` is not found from ``dictionary``.</doc>
<status status="PASS" start="2024-07-21T01:13:11.570242" elapsed="0.000184"/>
</kw>
<status status="PASS" start="2024-07-21T01:13:11.336180" elapsed="0.234407"/>
</kw>
<doc>Testa se a API responde corretamente e retorna um objeto JSON válido.</doc>
<tag>testeRequisicaoBasica</tag>
<status status="PASS" start="2024-07-21T01:13:11.335672" elapsed="0.235103"/>
</test>
<test id="s1-s1-t3" name="Validar estrutura de resposta" line="22">
<kw name="Teste de Estrutura de Resposta" owner="random-user-service">
<kw name="GET On Session" owner="RequestsLibrary">
<msg time="2024-07-21T01:13:11.671442" level="INFO">GET Request : url=https://randomuser.me/api 
 path_url=/api 
 headers={'User-Agent': 'python-requests/2.32.3', 'Accept-Encoding': 'gzip, deflate', 'Accept': '*/*', 'Connection': 'keep-alive'} 
 body=None 
 </msg>
<msg time="2024-07-21T01:13:11.671545" level="INFO">GET Response : url=https://randomuser.me/api 
 status=200, reason=OK 
 headers={'Date': 'Sun, 21 Jul 2024 01:13:11 GMT', 'Content-Type': 'application/json; charset=utf-8', 'Transfer-Encoding': 'chunked', 'Connection': 'keep-alive', 'X-Powered-By': 'Express', 'Access-Control-Allow-Origin': '*', 'Cache-Control': 'no-cache', 'ETag': 'W/"485-OGLS81TlPX9cv3P7Bd0e40qN3nk"', 'Vary': 'Accept-Encoding', 'Content-Encoding': 'gzip', 'CF-Cache-Status': 'DYNAMIC', 'Report-To': '{"endpoints":[{"url":"https:\\/\\/a.nel.cloudflare.com\\/report\\/v4?s=diECHHpOloCuwTjom0yLDQ4JpCMmP0kAW44TRPlmRaqwFBUPNUy3FXEkwcs3H71jPkBhB7KC%2F65ugpaaOYmARTwaJNWmmwuFak9ujvKTZM8YL2VCVGUaXlPNCH%2BSP0j4"}],"group":"cf-nel","max_age":604800}', 'NEL': '{"success_fraction":0,"report_to":"cf-nel","max_age":604800}', 'Server': 'cloudflare', 'CF-RAY': '8a6753b768772892-IAD', 'alt-svc': 'h3=":443"; ma=86400'} 
 body={"results":[{"gender":"male","name":{"title":"Mr","first":"Ángel","last":"Vicente"},"location":{"street":{"number":6538,"name":"Calle de Pedro Bosch"},"city":"Pamplona","state":"Melilla","country":"Spain","postcode":95515,"coordinates":{"latitude":"-37.1562","longitude":"-86.4468"},"timezone":{"offset":"-1:00","description":"Azores, Cape Verde Islands"}},"email":"angel.vicente@example.com","login":{"uuid":"2f6a9acf-434d-4e7a-bb60-e6968a95c4d4","username":"greenbird907","password":"pookie","salt":"qorY3DNU","md5":"65d3b9515c24b712e8ff1e4add50510c","sha1":"4ac803d5e3c63da966d1cbac783522779196b7c2","sha256":"1a7bc299e060ff67a8492b0898c2dd5e60a82ddc8e42b33c8b7d58aefcf1c4d2"},"dob":{"date":"1968-03-22T07:46:43.699Z","age":56},"registered":{"date":"2014-03-27T21:15:44.535Z","age":10},"phone":"956-637-383","cell":"648-221-920","id":{"name":"DNI","value":"45337721-P"},"picture":{"large":"https://randomuser.me/api/portraits/men/40.jpg","medium":"https://randomuser.me/api/portraits/med/men/40.jpg","thumbnail":"https://randomuser.me/api/portraits/thumb/men/40.jpg"},"nat":"ES"}],"info":{"seed":"45cdffaa60bea1ce","results":1,"page":1,"version":"1.4"}} 
 </msg>
<msg time="2024-07-21T01:13:11.671677" level="INFO">/opt/hostedtoolcache/Python/3.12.4/x64/lib/python3.12/site-packages/urllib3/connectionpool.py:1099: InsecureRequestWarning: Unverified HTTPS request is being made to host 'randomuser.me'. Adding certificate verification is strongly advised. See: https://urllib3.readthedocs.io/en/latest/advanced-usage.html#tls-warnings
  warnings.warn(</msg>
<msg time="2024-07-21T01:13:11.671809" level="INFO">${response} = &lt;Response [200]&gt;</msg>
<var>${response}</var>
<arg>consultarAPI</arg>
<arg>/api</arg>
<doc>Sends a GET request on a previously created HTTP Session.</doc>
<status status="PASS" start="2024-07-21T01:13:11.573484" elapsed="0.098369"/>
</kw>
<kw name="Set Variable" owner="BuiltIn">
<msg time="2024-07-21T01:13:11.672914" level="INFO">${json_data} = {'results': [{'gender': 'male', 'name': {'title': 'Mr', 'first': 'Ángel', 'last': 'Vicente'}, 'location': {'street': {'number': 6538, 'name': 'Calle de Pedro Bosch'}, 'city': 'Pamplona', 'state': 'Mel...</msg>
<var>${json_data}</var>
<arg>${response.json()}</arg>
<doc>Returns the given values which can then be assigned to a variables.</doc>
<status status="PASS" start="2024-07-21T01:13:11.672389" elapsed="0.000555"/>
</kw>
<kw name="Log" owner="BuiltIn">
<msg time="2024-07-21T01:13:11.673419" level="INFO">{'results': [{'gender': 'male', 'name': {'title': 'Mr', 'first': 'Ángel', 'last': 'Vicente'}, 'location': {'street': {'number': 6538, 'name': 'Calle de Pedro Bosch'}, 'city': 'Pamplona', 'state': 'Melilla', 'country': 'Spain', 'postcode': 95515, 'coordinates': {'latitude': '-37.1562', 'longitude': '-86.4468'}, 'timezone': {'offset': '-1:00', 'description': 'Azores, Cape Verde Islands'}}, 'email': 'angel.vicente@example.com', 'login': {'uuid': '2f6a9acf-434d-4e7a-bb60-e6968a95c4d4', 'username': 'greenbird907', 'password': 'pookie', 'salt': 'qorY3DNU', 'md5': '65d3b9515c24b712e8ff1e4add50510c', 'sha1': '4ac803d5e3c63da966d1cbac783522779196b7c2', 'sha256': '1a7bc299e060ff67a8492b0898c2dd5e60a82ddc8e42b33c8b7d58aefcf1c4d2'}, 'dob': {'date': '1968-03-22T07:46:43.699Z', 'age': 56}, 'registered': {'date': '2014-03-27T21:15:44.535Z', 'age': 10}, 'phone': '956-637-383', 'cell': '648-221-920', 'id': {'name': 'DNI', 'value': '45337721-P'}, 'picture': {'large': 'https://randomuser.me/api/portraits/men/40.jpg', 'medium': 'https://randomuser.me/api/portraits/med/men/40.jpg', 'thumbnail': 'https://randomuser.me/api/portraits/thumb/men/40.jpg'}, 'nat': 'ES'}], 'info': {'seed': '45cdffaa60bea1ce', 'results': 1, 'page': 1, 'version': '1.4'}}</msg>
<arg>${json_data}</arg>
<doc>Logs the given message with the given level.</doc>
<status status="PASS" start="2024-07-21T01:13:11.673254" elapsed="0.000216"/>
</kw>
<kw name="Dictionary Should Contain Key" owner="Collections">
<arg>${json_data}</arg>
<arg>results</arg>
<doc>Fails if ``key`` is not found from ``dictionary``.</doc>
<status status="PASS" start="2024-07-21T01:13:11.673827" elapsed="0.000167"/>
</kw>
<kw name="Should Not Be Empty" owner="BuiltIn">
<msg time="2024-07-21T01:13:11.674328" level="INFO">Length is 2.</msg>
<arg>${json_data}</arg>
<doc>Verifies that the given item is not empty.</doc>
<status status="PASS" start="2024-07-21T01:13:11.674191" elapsed="0.000176"/>
</kw>
<kw name="Create List" owner="BuiltIn">
<msg time="2024-07-21T01:13:11.674984" level="INFO">${expected_keys} = ['gender', 'name', 'location', 'email', 'login']</msg>
<var>${expected_keys}</var>
<arg>gender</arg>
<arg>name</arg>
<arg>location</arg>
<arg>email</arg>
<arg>login</arg>
<doc>Returns a list containing given items.</doc>
<status status="PASS" start="2024-07-21T01:13:11.674659" elapsed="0.000350"/>
</kw>
<for flavor="IN">
<iter>
<kw name="Dictionary Should Contain Key" owner="Collections">
<arg>${json_data['results'][0]}</arg>
<arg>${key}</arg>
<doc>Fails if ``key`` is not found from ``dictionary``.</doc>
<status status="PASS" start="2024-07-21T01:13:11.675614" elapsed="0.000411"/>
</kw>
<kw name="Log" owner="BuiltIn">
<msg time="2024-07-21T01:13:11.676589" level="INFO">{'gender': 'male', 'name': {'title': 'Mr', 'first': 'Ángel', 'last': 'Vicente'}, 'location': {'street': {'number': 6538, 'name': 'Calle de Pedro Bosch'}, 'city': 'Pamplona', 'state': 'Melilla', 'country': 'Spain', 'postcode': 95515, 'coordinates': {'latitude': '-37.1562', 'longitude': '-86.4468'}, 'timezone': {'offset': '-1:00', 'description': 'Azores, Cape Verde Islands'}}, 'email': 'angel.vicente@example.com', 'login': {'uuid': '2f6a9acf-434d-4e7a-bb60-e6968a95c4d4', 'username': 'greenbird907', 'password': 'pookie', 'salt': 'qorY3DNU', 'md5': '65d3b9515c24b712e8ff1e4add50510c', 'sha1': '4ac803d5e3c63da966d1cbac783522779196b7c2', 'sha256': '1a7bc299e060ff67a8492b0898c2dd5e60a82ddc8e42b33c8b7d58aefcf1c4d2'}, 'dob': {'date': '1968-03-22T07:46:43.699Z', 'age': 56}, 'registered': {'date': '2014-03-27T21:15:44.535Z', 'age': 10}, 'phone': '956-637-383', 'cell': '648-221-920', 'id': {'name': 'DNI', 'value': '45337721-P'}, 'picture': {'large': 'https://randomuser.me/api/portraits/men/40.jpg', 'medium': 'https://randomuser.me/api/portraits/med/men/40.jpg', 'thumbnail': 'https://randomuser.me/api/portraits/thumb/men/40.jpg'}, 'nat': 'ES'}</msg>
<arg>${json_data['results'][0]}</arg>
<doc>Logs the given message with the given level.</doc>
<status status="PASS" start="2024-07-21T01:13:11.676221" elapsed="0.000417"/>
</kw>
<kw name="Log" owner="BuiltIn">
<msg time="2024-07-21T01:13:11.677064" level="INFO">gender</msg>
<arg>${key}</arg>
<doc>Logs the given message with the given level.</doc>
<status status="PASS" start="2024-07-21T01:13:11.676936" elapsed="0.000165"/>
</kw>
<var name="${key}">gender</var>
<status status="PASS" start="2024-07-21T01:13:11.675491" elapsed="0.001828"/>
</iter>
<iter>
<kw name="Dictionary Should Contain Key" owner="Collections">
<arg>${json_data['results'][0]}</arg>
<arg>${key}</arg>
<doc>Fails if ``key`` is not found from ``dictionary``.</doc>
<status status="PASS" start="2024-07-21T01:13:11.677643" elapsed="0.000387"/>
</kw>
<kw name="Log" owner="BuiltIn">
<msg time="2024-07-21T01:13:11.678563" level="INFO">{'gender': 'male', 'name': {'title': 'Mr', 'first': 'Ángel', 'last': 'Vicente'}, 'location': {'street': {'number': 6538, 'name': 'Calle de Pedro Bosch'}, 'city': 'Pamplona', 'state': 'Melilla', 'country': 'Spain', 'postcode': 95515, 'coordinates': {'latitude': '-37.1562', 'longitude': '-86.4468'}, 'timezone': {'offset': '-1:00', 'description': 'Azores, Cape Verde Islands'}}, 'email': 'angel.vicente@example.com', 'login': {'uuid': '2f6a9acf-434d-4e7a-bb60-e6968a95c4d4', 'username': 'greenbird907', 'password': 'pookie', 'salt': 'qorY3DNU', 'md5': '65d3b9515c24b712e8ff1e4add50510c', 'sha1': '4ac803d5e3c63da966d1cbac783522779196b7c2', 'sha256': '1a7bc299e060ff67a8492b0898c2dd5e60a82ddc8e42b33c8b7d58aefcf1c4d2'}, 'dob': {'date': '1968-03-22T07:46:43.699Z', 'age': 56}, 'registered': {'date': '2014-03-27T21:15:44.535Z', 'age': 10}, 'phone': '956-637-383', 'cell': '648-221-920', 'id': {'name': 'DNI', 'value': '45337721-P'}, 'picture': {'large': 'https://randomuser.me/api/portraits/men/40.jpg', 'medium': 'https://randomuser.me/api/portraits/med/men/40.jpg', 'thumbnail': 'https://randomuser.me/api/portraits/thumb/men/40.jpg'}, 'nat': 'ES'}</msg>
<arg>${json_data['results'][0]}</arg>
<doc>Logs the given message with the given level.</doc>
<status status="PASS" start="2024-07-21T01:13:11.678214" elapsed="0.000442"/>
</kw>
<kw name="Log" owner="BuiltIn">
<msg time="2024-07-21T01:13:11.679080" level="INFO">name</msg>
<arg>${key}</arg>
<doc>Logs the given message with the given level.</doc>
<status status="PASS" start="2024-07-21T01:13:11.678954" elapsed="0.000162"/>
</kw>
<var name="${key}">name</var>
<status status="PASS" start="2024-07-21T01:13:11.677506" elapsed="0.001826"/>
</iter>
<iter>
<kw name="Dictionary Should Contain Key" owner="Collections">
<arg>${json_data['results'][0]}</arg>
<arg>${key}</arg>
<doc>Fails if ``key`` is not found from ``dictionary``.</doc>
<status status="PASS" start="2024-07-21T01:13:11.679616" elapsed="0.000378"/>
</kw>
<kw name="Log" owner="BuiltIn">
<msg time="2024-07-21T01:13:11.680530" level="INFO">{'gender': 'male', 'name': {'title': 'Mr', 'first': 'Ángel', 'last': 'Vicente'}, 'location': {'street': {'number': 6538, 'name': 'Calle de Pedro Bosch'}, 'city': 'Pamplona', 'state': 'Melilla', 'country': 'Spain', 'postcode': 95515, 'coordinates': {'latitude': '-37.1562', 'longitude': '-86.4468'}, 'timezone': {'offset': '-1:00', 'description': 'Azores, Cape Verde Islands'}}, 'email': 'angel.vicente@example.com', 'login': {'uuid': '2f6a9acf-434d-4e7a-bb60-e6968a95c4d4', 'username': 'greenbird907', 'password': 'pookie', 'salt': 'qorY3DNU', 'md5': '65d3b9515c24b712e8ff1e4add50510c', 'sha1': '4ac803d5e3c63da966d1cbac783522779196b7c2', 'sha256': '1a7bc299e060ff67a8492b0898c2dd5e60a82ddc8e42b33c8b7d58aefcf1c4d2'}, 'dob': {'date': '1968-03-22T07:46:43.699Z', 'age': 56}, 'registered': {'date': '2014-03-27T21:15:44.535Z', 'age': 10}, 'phone': '956-637-383', 'cell': '648-221-920', 'id': {'name': 'DNI', 'value': '45337721-P'}, 'picture': {'large': 'https://randomuser.me/api/portraits/men/40.jpg', 'medium': 'https://randomuser.me/api/portraits/med/men/40.jpg', 'thumbnail': 'https://randomuser.me/api/portraits/thumb/men/40.jpg'}, 'nat': 'ES'}</msg>
<arg>${json_data['results'][0]}</arg>
<doc>Logs the given message with the given level.</doc>
<status status="PASS" start="2024-07-21T01:13:11.680183" elapsed="0.000398"/>
</kw>
<kw name="Log" owner="BuiltIn">
<msg time="2024-07-21T01:13:11.681006" level="INFO">location</msg>
<arg>${key}</arg>
<doc>Logs the given message with the given level.</doc>
<status status="PASS" start="2024-07-21T01:13:11.680879" elapsed="0.000165"/>
</kw>
<var name="${key}">location</var>
<status status="PASS" start="2024-07-21T01:13:11.679508" elapsed="0.001752"/>
</iter>
<iter>
<kw name="Dictionary Should Contain Key" owner="Collections">
<arg>${json_data['results'][0]}</arg>
<arg>${key}</arg>
<doc>Fails if ``key`` is not found from ``dictionary``.</doc>
<status status="PASS" start="2024-07-21T01:13:11.681567" elapsed="0.000390"/>
</kw>
<kw name="Log" owner="BuiltIn">
<msg time="2024-07-21T01:13:11.682492" level="INFO">{'gender': 'male', 'name': {'title': 'Mr', 'first': 'Ángel', 'last': 'Vicente'}, 'location': {'street': {'number': 6538, 'name': 'Calle de Pedro Bosch'}, 'city': 'Pamplona', 'state': 'Melilla', 'country': 'Spain', 'postcode': 95515, 'coordinates': {'latitude': '-37.1562', 'longitude': '-86.4468'}, 'timezone': {'offset': '-1:00', 'description': 'Azores, Cape Verde Islands'}}, 'email': 'angel.vicente@example.com', 'login': {'uuid': '2f6a9acf-434d-4e7a-bb60-e6968a95c4d4', 'username': 'greenbird907', 'password': 'pookie', 'salt': 'qorY3DNU', 'md5': '65d3b9515c24b712e8ff1e4add50510c', 'sha1': '4ac803d5e3c63da966d1cbac783522779196b7c2', 'sha256': '1a7bc299e060ff67a8492b0898c2dd5e60a82ddc8e42b33c8b7d58aefcf1c4d2'}, 'dob': {'date': '1968-03-22T07:46:43.699Z', 'age': 56}, 'registered': {'date': '2014-03-27T21:15:44.535Z', 'age': 10}, 'phone': '956-637-383', 'cell': '648-221-920', 'id': {'name': 'DNI', 'value': '45337721-P'}, 'picture': {'large': 'https://randomuser.me/api/portraits/men/40.jpg', 'medium': 'https://randomuser.me/api/portraits/med/men/40.jpg', 'thumbnail': 'https://randomuser.me/api/portraits/thumb/men/40.jpg'}, 'nat': 'ES'}</msg>
<arg>${json_data['results'][0]}</arg>
<doc>Logs the given message with the given level.</doc>
<status status="PASS" start="2024-07-21T01:13:11.682144" elapsed="0.000398"/>
</kw>
<kw name="Log" owner="BuiltIn">
<msg time="2024-07-21T01:13:11.682959" level="INFO">email</msg>
<arg>${key}</arg>
<doc>Logs the given message with the given level.</doc>
<status status="PASS" start="2024-07-21T01:13:11.682832" elapsed="0.000164"/>
</kw>
<var name="${key}">email</var>
<status status="PASS" start="2024-07-21T01:13:11.681432" elapsed="0.001777"/>
</iter>
<iter>
<kw name="Dictionary Should Contain Key" owner="Collections">
<arg>${json_data['results'][0]}</arg>
<arg>${key}</arg>
<doc>Fails if ``key`` is not found from ``dictionary``.</doc>
<status status="PASS" start="2024-07-21T01:13:11.683486" elapsed="0.000388"/>
</kw>
<kw name="Log" owner="BuiltIn">
<msg time="2024-07-21T01:13:11.684401" level="INFO">{'gender': 'male', 'name': {'title': 'Mr', 'first': 'Ángel', 'last': 'Vicente'}, 'location': {'street': {'number': 6538, 'name': 'Calle de Pedro Bosch'}, 'city': 'Pamplona', 'state': 'Melilla', 'country': 'Spain', 'postcode': 95515, 'coordinates': {'latitude': '-37.1562', 'longitude': '-86.4468'}, 'timezone': {'offset': '-1:00', 'description': 'Azores, Cape Verde Islands'}}, 'email': 'angel.vicente@example.com', 'login': {'uuid': '2f6a9acf-434d-4e7a-bb60-e6968a95c4d4', 'username': 'greenbird907', 'password': 'pookie', 'salt': 'qorY3DNU', 'md5': '65d3b9515c24b712e8ff1e4add50510c', 'sha1': '4ac803d5e3c63da966d1cbac783522779196b7c2', 'sha256': '1a7bc299e060ff67a8492b0898c2dd5e60a82ddc8e42b33c8b7d58aefcf1c4d2'}, 'dob': {'date': '1968-03-22T07:46:43.699Z', 'age': 56}, 'registered': {'date': '2014-03-27T21:15:44.535Z', 'age': 10}, 'phone': '956-637-383', 'cell': '648-221-920', 'id': {'name': 'DNI', 'value': '45337721-P'}, 'picture': {'large': 'https://randomuser.me/api/portraits/men/40.jpg', 'medium': 'https://randomuser.me/api/portraits/med/men/40.jpg', 'thumbnail': 'https://randomuser.me/api/portraits/thumb/men/40.jpg'}, 'nat': 'ES'}</msg>
<arg>${json_data['results'][0]}</arg>
<doc>Logs the given message with the given level.</doc>
<status status="PASS" start="2024-07-21T01:13:11.684054" elapsed="0.000405"/>
</kw>
<kw name="Log" owner="BuiltIn">
<msg time="2024-07-21T01:13:11.684885" level="INFO">login</msg>
<arg>${key}</arg>
<doc>Logs the given message with the given level.</doc>
<status status="PASS" start="2024-07-21T01:13:11.684759" elapsed="0.000169"/>
</kw>
<var name="${key}">login</var>
<status status="PASS" start="2024-07-21T01:13:11.683379" elapsed="0.001770"/>
</iter>
<var>${key}</var>
<value>@{expected_keys}</value>
<status status="PASS" start="2024-07-21T01:13:11.675286" elapsed="0.009985"/>
</for>
<kw name="Create List" owner="BuiltIn">
<msg time="2024-07-21T01:13:11.685664" level="INFO">${expected_keysTwo} = ['username', 'password']</msg>
<var>${expected_keysTwo}</var>
<arg>username</arg>
<arg>password</arg>
<doc>Returns a list containing given items.</doc>
<status status="PASS" start="2024-07-21T01:13:11.685485" elapsed="0.000205"/>
</kw>
<for flavor="IN">
<iter>
<kw name="Dictionary Should Contain Key" owner="Collections">
<arg>${json_data['results'][0]['login']}</arg>
<arg>${keyTwo}</arg>
<doc>Fails if ``key`` is not found from ``dictionary``.</doc>
<status status="PASS" start="2024-07-21T01:13:11.686242" elapsed="0.000393"/>
</kw>
<kw name="Dictionary Should Contain Key" owner="Collections">
<arg>${json_data['results'][0]['login']}</arg>
<arg>${keyTwo}</arg>
<doc>Fails if ``key`` is not found from ``dictionary``.</doc>
<status status="PASS" start="2024-07-21T01:13:11.686817" elapsed="0.000371"/>
</kw>
<kw name="Log" owner="BuiltIn">
<msg time="2024-07-21T01:13:11.687491" level="INFO">username</msg>
<arg>${keyTwo}</arg>
<doc>Logs the given message with the given level.</doc>
<status status="PASS" start="2024-07-21T01:13:11.687370" elapsed="0.000159"/>
</kw>
<var name="${keyTwo}">username</var>
<status status="PASS" start="2024-07-21T01:13:11.686134" elapsed="0.001614"/>
</iter>
<iter>
<kw name="Dictionary Should Contain Key" owner="Collections">
<arg>${json_data['results'][0]['login']}</arg>
<arg>${keyTwo}</arg>
<doc>Fails if ``key`` is not found from ``dictionary``.</doc>
<status status="PASS" start="2024-07-21T01:13:11.688031" elapsed="0.000383"/>
</kw>
<kw name="Dictionary Should Contain Key" owner="Collections">
<arg>${json_data['results'][0]['login']}</arg>
<arg>${keyTwo}</arg>
<doc>Fails if ``key`` is not found from ``dictionary``.</doc>
<status status="PASS" start="2024-07-21T01:13:11.688595" elapsed="0.000378"/>
</kw>
<kw name="Log" owner="BuiltIn">
<msg time="2024-07-21T01:13:11.689273" level="INFO">password</msg>
<arg>${keyTwo}</arg>
<doc>Logs the given message with the given level.</doc>
<status status="PASS" start="2024-07-21T01:13:11.689149" elapsed="0.000161"/>
</kw>
<var name="${keyTwo}">password</var>
<status status="PASS" start="2024-07-21T01:13:11.687921" elapsed="0.001740"/>
</iter>
<var>${keyTwo}</var>
<value>@{expected_keysTwo}</value>
<status status="PASS" start="2024-07-21T01:13:11.685973" elapsed="0.003811"/>
</for>
<status status="PASS" start="2024-07-21T01:13:11.573214" elapsed="0.116716"/>
</kw>
<doc>Testa a estrutura da resposta da API.</doc>
<tag>testeEstruturaResposta</tag>
<status status="PASS" start="2024-07-21T01:13:11.572654" elapsed="0.117436"/>
</test>
<test id="s1-s1-t4" name="Validar tipos de dados" line="28">
<kw name="Teste de Tipos de Dados" owner="random-user-service">
<kw name="GET On Session" owner="RequestsLibrary">
<msg time="2024-07-21T01:13:11.777423" level="INFO">GET Request : url=https://randomuser.me/api 
 path_url=/api 
 headers={'User-Agent': 'python-requests/2.32.3', 'Accept-Encoding': 'gzip, deflate', 'Accept': '*/*', 'Connection': 'keep-alive'} 
 body=None 
 </msg>
<msg time="2024-07-21T01:13:11.777572" level="INFO">GET Response : url=https://randomuser.me/api 
 status=200, reason=OK 
 headers={'Date': 'Sun, 21 Jul 2024 01:13:11 GMT', 'Content-Type': 'application/json; charset=utf-8', 'Transfer-Encoding': 'chunked', 'Connection': 'keep-alive', 'X-Powered-By': 'Express', 'Access-Control-Allow-Origin': '*', 'Cache-Control': 'no-cache', 'ETag': 'W/"477-TpBlQutQtRvjRcgGuwlx0j9+WZ4"', 'Vary': 'Accept-Encoding', 'Content-Encoding': 'gzip', 'CF-Cache-Status': 'DYNAMIC', 'Report-To': '{"endpoints":[{"url":"https:\\/\\/a.nel.cloudflare.com\\/report\\/v4?s=KvaMDaEf73jliLOTCeWvR50d7iUUCIn37NNy40gJ%2BKaG6Ce7XGfcU75xJXYexa3Hh%2FCrrLMHS7e4BMKJzeEt7NJgZ1ogdp73qyegY86M%2Bwr2Ceaz%2BSkuRbRfqEiUjKWG"}],"group":"cf-nel","max_age":604800}', 'NEL': '{"success_fraction":0,"report_to":"cf-nel","max_age":604800}', 'Server': 'cloudflare', 'CF-RAY': '8a6753b829282892-IAD', 'alt-svc': 'h3=":443"; ma=86400'} 
 body={"results":[{"gender":"female","name":{"title":"Ms","first":"Heidi","last":"Stave"},"location":{"street":{"number":9045,"name":"Ole Messelts vei"},"city":"Botten","state":"Aust-Agder","country":"Norway","postcode":"5516","coordinates":{"latitude":"41.8368","longitude":"22.9431"},"timezone":{"offset":"-2:00","description":"Mid-Atlantic"}},"email":"heidi.stave@example.com","login":{"uuid":"6cd6ea11-3e04-4dfb-ad60-0226167b55c7","username":"beautifulbird253","password":"hawaii50","salt":"6cp29U52","md5":"c55ff158717a2b29bd2e4c46b91e0da8","sha1":"7ed67ae7322338ac169cb77613dd797e17462c77","sha256":"a7a62a3e1f0cab7562578956c9d6fdceb1d2039eb898faa21bb1bd8be4408726"},"dob":{"date":"1954-03-16T19:19:37.406Z","age":70},"registered":{"date":"2009-11-21T13:31:55.369Z","age":14},"phone":"54733748","cell":"96447134","id":{"name":"FN","value":"16035426624"},"picture":{"large":"https://randomuser.me/api/portraits/women/12.jpg","medium":"https://randomuser.me/api/portraits/med/women/12.jpg","thumbnail":"https://randomuser.me/api/portraits/thumb/women/12.jpg"},"nat":"NO"}],"info":{"seed":"308cd9c07a69e2b6","results":1,"page":1,"version":"1.4"}} 
 </msg>
<msg time="2024-07-21T01:13:11.777664" level="INFO">/opt/hostedtoolcache/Python/3.12.4/x64/lib/python3.12/site-packages/urllib3/connectionpool.py:1099: InsecureRequestWarning: Unverified HTTPS request is being made to host 'randomuser.me'. Adding certificate verification is strongly advised. See: https://urllib3.readthedocs.io/en/latest/advanced-usage.html#tls-warnings
  warnings.warn(</msg>
<msg time="2024-07-21T01:13:11.777781" level="INFO">${response} = &lt;Response [200]&gt;</msg>
<var>${response}</var>
<arg>consultarAPI</arg>
<arg>/api</arg>
<doc>Sends a GET request on a previously created HTTP Session.</doc>
<status status="PASS" start="2024-07-21T01:13:11.692607" elapsed="0.085205"/>
</kw>
<kw name="Set Variable" owner="BuiltIn">
<msg time="2024-07-21T01:13:11.778864" level="INFO">${json_data} = {'results': [{'gender': 'female', 'name': {'title': 'Ms', 'first': 'Heidi', 'last': 'Stave'}, 'location': {'street': {'number': 9045, 'name': 'Ole Messelts vei'}, 'city': 'Botten', 'state': 'Aust-Agde...</msg>
<var>${json_data}</var>
<arg>${response.json()}</arg>
<doc>Returns the given values which can then be assigned to a variables.</doc>
<status status="PASS" start="2024-07-21T01:13:11.778342" elapsed="0.000551"/>
</kw>
<kw name="Log" owner="BuiltIn">
<msg time="2024-07-21T01:13:11.779362" level="INFO">{'results': [{'gender': 'female', 'name': {'title': 'Ms', 'first': 'Heidi', 'last': 'Stave'}, 'location': {'street': {'number': 9045, 'name': 'Ole Messelts vei'}, 'city': 'Botten', 'state': 'Aust-Agder', 'country': 'Norway', 'postcode': '5516', 'coordinates': {'latitude': '41.8368', 'longitude': '22.9431'}, 'timezone': {'offset': '-2:00', 'description': 'Mid-Atlantic'}}, 'email': 'heidi.stave@example.com', 'login': {'uuid': '6cd6ea11-3e04-4dfb-ad60-0226167b55c7', 'username': 'beautifulbird253', 'password': 'hawaii50', 'salt': '6cp29U52', 'md5': 'c55ff158717a2b29bd2e4c46b91e0da8', 'sha1': '7ed67ae7322338ac169cb77613dd797e17462c77', 'sha256': 'a7a62a3e1f0cab7562578956c9d6fdceb1d2039eb898faa21bb1bd8be4408726'}, 'dob': {'date': '1954-03-16T19:19:37.406Z', 'age': 70}, 'registered': {'date': '2009-11-21T13:31:55.369Z', 'age': 14}, 'phone': '54733748', 'cell': '96447134', 'id': {'name': 'FN', 'value': '16035426624'}, 'picture': {'large': 'https://randomuser.me/api/portraits/women/12.jpg', 'medium': 'https://randomuser.me/api/portraits/med/women/12.jpg', 'thumbnail': 'https://randomuser.me/api/portraits/thumb/women/12.jpg'}, 'nat': 'NO'}], 'info': {'seed': '308cd9c07a69e2b6', 'results': 1, 'page': 1, 'version': '1.4'}}</msg>
<arg>${json_data}</arg>
<doc>Logs the given message with the given level.</doc>
<status status="PASS" start="2024-07-21T01:13:11.779208" elapsed="0.000202"/>
</kw>
<kw name="Should Be String" owner="String">
<arg>${json_data['results'][0]['gender']}</arg>
<doc>Fails if the given ``item`` is not a string.</doc>
<status status="PASS" start="2024-07-21T01:13:11.779703" elapsed="0.000379"/>
</kw>
<kw name="Should Match Regexp" owner="BuiltIn">
<arg>${json_data['results'][0]['email']}</arg>
<arg>^[a-zA-Z0-9._%+-]+@[a-zA-Z0-9.-]+\.[a-zA-Z]{2,}$</arg>
<doc>Fails if ``string`` does not match ``pattern`` as a regular expression.</doc>
<status status="PASS" start="2024-07-21T01:13:11.780275" elapsed="0.000521"/>
</kw>
<kw name="Should Match Regexp" owner="BuiltIn">
<arg>${json_data['results'][0]['dob']['date']}</arg>
<arg>\\d{4}-\\d{2}-\\d{2}T\\d{2}:\\d{2}:\\d{2}\\.\\d{3}Z</arg>
<doc>Fails if ``string`` does not match ``pattern`` as a regular expression.</doc>
<status status="PASS" start="2024-07-21T01:13:11.781032" elapsed="0.000517"/>
</kw>
<kw name="Should Match Regexp" owner="BuiltIn">
<arg>${json_data['results'][0]['registered']['date']}</arg>
<arg>\\d{4}-\\d{2}-\\d{2}T\\d{2}:\\d{2}:\\d{2}\\.\\d{3}Z</arg>
<doc>Fails if ``string`` does not match ``pattern`` as a regular expression.</doc>
<status status="PASS" start="2024-07-21T01:13:11.781749" elapsed="0.000382"/>
</kw>
<kw name="Should Match Regexp" owner="BuiltIn">
<arg>${json_data['results'][0]['picture']['large']}</arg>
<arg>^https?://.*\.(?:png|jpe?g|gif|bmp)$</arg>
<doc>Fails if ``string`` does not match ``pattern`` as a regular expression.</doc>
<status status="PASS" start="2024-07-21T01:13:11.782319" elapsed="0.000465"/>
</kw>
<kw name="Should Match Regexp" owner="BuiltIn">
<arg>${json_data['results'][0]['picture']['medium']}</arg>
<arg>^https?://.*\.(?:png|jpe?g|gif|bmp)$</arg>
<doc>Fails if ``string`` does not match ``pattern`` as a regular expression.</doc>
<status status="PASS" start="2024-07-21T01:13:11.782973" elapsed="0.000357"/>
</kw>
<kw name="Should Match Regexp" owner="BuiltIn">
<arg>${json_data['results'][0]['picture']['thumbnail']}</arg>
<arg>^https?://.*\.(?:png|jpe?g|gif|bmp)$</arg>
<doc>Fails if ``string`` does not match ``pattern`` as a regular expression.</doc>
<status status="PASS" start="2024-07-21T01:13:11.783522" elapsed="0.000355"/>
</kw>
<kw name="Log" owner="BuiltIn">
<msg time="2024-07-21T01:13:11.784396" level="INFO">{'large': 'https://randomuser.me/api/portraits/women/12.jpg', 'medium': 'https://randomuser.me/api/portraits/med/women/12.jpg', 'thumbnail': 'https://randomuser.me/api/portraits/thumb/women/12.jpg'}</msg>
<arg>${json_data['results'][0]['picture']}</arg>
<doc>Logs the given message with the given level.</doc>
<status status="PASS" start="2024-07-21T01:13:11.784059" elapsed="0.000382"/>
</kw>
<status status="PASS" start="2024-07-21T01:13:11.692380" elapsed="0.092329"/>
</kw>
<kw name="Teste de Tipos de Dados - Postcode" owner="random-user-service">
<kw name="GET On Session" owner="RequestsLibrary">
<msg time="2024-07-21T01:13:11.868805" level="INFO">GET Request : url=https://randomuser.me/api 
 path_url=/api 
 headers={'User-Agent': 'python-requests/2.32.3', 'Accept-Encoding': 'gzip, deflate', 'Accept': '*/*', 'Connection': 'keep-alive'} 
 body=None 
 </msg>
<msg time="2024-07-21T01:13:11.868910" level="INFO">GET Response : url=https://randomuser.me/api 
 status=200, reason=OK 
 headers={'Date': 'Sun, 21 Jul 2024 01:13:11 GMT', 'Content-Type': 'application/json; charset=utf-8', 'Transfer-Encoding': 'chunked', 'Connection': 'keep-alive', 'X-Powered-By': 'Express', 'Access-Control-Allow-Origin': '*', 'Cache-Control': 'no-cache', 'ETag': 'W/"47a-CNzpOwLWsR8wA8Y33WocmS7Rbg4"', 'Vary': 'Accept-Encoding', 'Content-Encoding': 'gzip', 'CF-Cache-Status': 'DYNAMIC', 'Report-To': '{"endpoints":[{"url":"https:\\/\\/a.nel.cloudflare.com\\/report\\/v4?s=%2BVmyPDndFwsihmEZSzS993d1ol728FEfs7ctHSUD6av5jko1tqyo0tt0JHiYP%2BdNBjWuo3eifgEiI%2Fj%2Bhr7HoS1s4DmDVQx2aemd2EBC8k6deI6kMD4H%2FO2vyJzeP790"}],"group":"cf-nel","max_age":604800}', 'NEL': '{"success_fraction":0,"report_to":"cf-nel","max_age":604800}', 'Server': 'cloudflare', 'CF-RAY': '8a6753b8b9dd2892-IAD', 'alt-svc': 'h3=":443"; ma=86400'} 
 body={"results":[{"gender":"female","name":{"title":"Miss","first":"Vilma","last":"Jokinen"},"location":{"street":{"number":4648,"name":"Esplanadi"},"city":"Alavus","state":"South Karelia","country":"Finland","postcode":83685,"coordinates":{"latitude":"-22.0078","longitude":"118.2797"},"timezone":{"offset":"+3:30","description":"Tehran"}},"email":"vilma.jokinen@example.com","login":{"uuid":"f339710b-d384-4b9b-93e1-0b633ff2fa77","username":"bigbird740","password":"vamp","salt":"nHqQMRJm","md5":"159e1af3c83a9ba05f3f43a19ba56d39","sha1":"78fd26855c478cf29d17b2b4a8d57ad980ee0639","sha256":"9c474d9c20d1fd27d0550ebafe2b8cbd2ab3006ee8c9b6ffecd036d6c76e7436"},"dob":{"date":"1966-07-21T20:56:18.144Z","age":57},"registered":{"date":"2006-03-31T16:08:38.152Z","age":18},"phone":"09-919-644","cell":"042-055-81-95","id":{"name":"HETU","value":"NaNNA856undefined"},"picture":{"large":"https://randomuser.me/api/portraits/women/20.jpg","medium":"https://randomuser.me/api/portraits/med/women/20.jpg","thumbnail":"https://randomuser.me/api/portraits/thumb/women/20.jpg"},"nat":"FI"}],"info":{"seed":"292c2ae04360e00a","results":1,"page":1,"version":"1.4"}} 
 </msg>
<msg time="2024-07-21T01:13:11.868983" level="INFO">/opt/hostedtoolcache/Python/3.12.4/x64/lib/python3.12/site-packages/urllib3/connectionpool.py:1099: InsecureRequestWarning: Unverified HTTPS request is being made to host 'randomuser.me'. Adding certificate verification is strongly advised. See: https://urllib3.readthedocs.io/en/latest/advanced-usage.html#tls-warnings
  warnings.warn(</msg>
<msg time="2024-07-21T01:13:11.869108" level="INFO">${response} = &lt;Response [200]&gt;</msg>
<var>${response}</var>
<arg>consultarAPI</arg>
<arg>/api</arg>
<doc>Sends a GET request on a previously created HTTP Session.</doc>
<status status="PASS" start="2024-07-21T01:13:11.785200" elapsed="0.083936"/>
</kw>
<kw name="Set Variable" owner="BuiltIn">
<msg time="2024-07-21T01:13:11.870221" level="INFO">${json_data} = {'results': [{'gender': 'female', 'name': {'title': 'Miss', 'first': 'Vilma', 'last': 'Jokinen'}, 'location': {'street': {'number': 4648, 'name': 'Esplanadi'}, 'city': 'Alavus', 'state': 'South Kareli...</msg>
<var>${json_data}</var>
<arg>${response.json()}</arg>
<doc>Returns the given values which can then be assigned to a variables.</doc>
<status status="PASS" start="2024-07-21T01:13:11.869704" elapsed="0.000545"/>
</kw>
<kw name="Log" owner="BuiltIn">
<msg time="2024-07-21T01:13:11.870712" level="INFO">{'results': [{'gender': 'female', 'name': {'title': 'Miss', 'first': 'Vilma', 'last': 'Jokinen'}, 'location': {'street': {'number': 4648, 'name': 'Esplanadi'}, 'city': 'Alavus', 'state': 'South Karelia', 'country': 'Finland', 'postcode': 83685, 'coordinates': {'latitude': '-22.0078', 'longitude': '118.2797'}, 'timezone': {'offset': '+3:30', 'description': 'Tehran'}}, 'email': 'vilma.jokinen@example.com', 'login': {'uuid': 'f339710b-d384-4b9b-93e1-0b633ff2fa77', 'username': 'bigbird740', 'password': 'vamp', 'salt': 'nHqQMRJm', 'md5': '159e1af3c83a9ba05f3f43a19ba56d39', 'sha1': '78fd26855c478cf29d17b2b4a8d57ad980ee0639', 'sha256': '9c474d9c20d1fd27d0550ebafe2b8cbd2ab3006ee8c9b6ffecd036d6c76e7436'}, 'dob': {'date': '1966-07-21T20:56:18.144Z', 'age': 57}, 'registered': {'date': '2006-03-31T16:08:38.152Z', 'age': 18}, 'phone': '09-919-644', 'cell': '042-055-81-95', 'id': {'name': 'HETU', 'value': 'NaNNA856undefined'}, 'picture': {'large': 'https://randomuser.me/api/portraits/women/20.jpg', 'medium': 'https://randomuser.me/api/portraits/med/women/20.jpg', 'thumbnail': 'https://randomuser.me/api/portraits/thumb/women/20.jpg'}, 'nat': 'FI'}], 'info': {'seed': '292c2ae04360e00a', 'results': 1, 'page': 1, 'version': '1.4'}}</msg>
<arg>${json_data}</arg>
<doc>Logs the given message with the given level.</doc>
<status status="PASS" start="2024-07-21T01:13:11.870550" elapsed="0.000211"/>
</kw>
<kw name="Should Be Equal As Numbers" owner="BuiltIn">
<arg>${json_data['results'][0]['location']['postcode']}</arg>
<arg>${json_data['results'][0]['location']['postcode']}</arg>
<doc>Fails if objects are unequal after converting them to real numbers.</doc>
<status status="PASS" start="2024-07-21T01:13:11.871056" elapsed="0.000625"/>
</kw>
<kw name="Log" owner="BuiltIn">
<msg time="2024-07-21T01:13:11.872385" level="INFO">83685</msg>
<arg>${json_data['results'][0]['location']['postcode']}</arg>
<doc>Logs the given message with the given level.</doc>
<status status="PASS" start="2024-07-21T01:13:11.871874" elapsed="0.000552"/>
</kw>
<status status="PASS" start="2024-07-21T01:13:11.784949" elapsed="0.087770"/>
</kw>
<doc>Testa se os tipos de dados na resposta da API estão corretos.</doc>
<tag>testeTiposDados</tag>
<status status="PASS" start="2024-07-21T01:13:11.691853" elapsed="0.181037"/>
</test>
<test id="s1-s1-t5" name="Validar conteudo" line="35">
<kw name="Teste de Tipos de Conteudo" owner="random-user-service">
<kw name="GET On Session" owner="RequestsLibrary">
<msg time="2024-07-21T01:13:11.976093" level="INFO">GET Request : url=https://randomuser.me/api 
 path_url=/api 
 headers={'User-Agent': 'python-requests/2.32.3', 'Accept-Encoding': 'gzip, deflate', 'Accept': '*/*', 'Connection': 'keep-alive'} 
 body=None 
 </msg>
<msg time="2024-07-21T01:13:11.976195" level="INFO">GET Response : url=https://randomuser.me/api 
 status=200, reason=OK 
 headers={'Date': 'Sun, 21 Jul 2024 01:13:11 GMT', 'Content-Type': 'application/json; charset=utf-8', 'Transfer-Encoding': 'chunked', 'Connection': 'keep-alive', 'X-Powered-By': 'Express', 'Access-Control-Allow-Origin': '*', 'Cache-Control': 'no-cache', 'ETag': 'W/"480-sl8xE3/9BMys6VbDtZwI+U3Vlnw"', 'Vary': 'Accept-Encoding', 'Content-Encoding': 'gzip', 'CF-Cache-Status': 'DYNAMIC', 'Report-To': '{"endpoints":[{"url":"https:\\/\\/a.nel.cloudflare.com\\/report\\/v4?s=TV9NhjCy5BKw7h3n6LziMRIgAgsL5YEIudf3WwJ%2F%2BS03zpT2lrLjmr6Cm17q3c0bIBUEXaT%2F165dYabRP1DZjuMrxdVnDCe7VDSLIDn%2FNuO5IqSSa7fPKFFCYql5eyJH"}],"group":"cf-nel","max_age":604800}', 'NEL': '{"success_fraction":0,"report_to":"cf-nel","max_age":604800}', 'Server': 'cloudflare', 'CF-RAY': '8a6753b94a772892-IAD', 'alt-svc': 'h3=":443"; ma=86400'} 
 body={"results":[{"gender":"male","name":{"title":"Mr","first":"Jesús","last":"Marrero"},"location":{"street":{"number":3736,"name":"Privada Ecuador"},"city":"Ixtapa","state":"Jalisco","country":"Mexico","postcode":34513,"coordinates":{"latitude":"26.9184","longitude":"-48.5346"},"timezone":{"offset":"+9:30","description":"Adelaide, Darwin"}},"email":"jesus.marrero@example.com","login":{"uuid":"78e5d574-800a-42bd-910c-f629455162e2","username":"angryrabbit953","password":"admin","salt":"GadPkR22","md5":"ab0440c0eb015e67552078cc58b7907d","sha1":"b0b6dcd499c537a3f8799311dbbdf59a3fb434f5","sha256":"235118d76b037c63db279f4694c50cf42ddbcd6db4d24c83cd2487ff579650aa"},"dob":{"date":"1965-12-08T13:51:54.098Z","age":58},"registered":{"date":"2005-12-30T05:09:14.053Z","age":18},"phone":"(623) 314 1915","cell":"(694) 856 5779","id":{"name":"NSS","value":"46 60 80 0726 0"},"picture":{"large":"https://randomuser.me/api/portraits/men/60.jpg","medium":"https://randomuser.me/api/portraits/med/men/60.jpg","thumbnail":"https://randomuser.me/api/portraits/thumb/men/60.jpg"},"nat":"MX"}],"info":{"seed":"1be2aa526da87a41","results":1,"page":1,"version":"1.4"}} 
 </msg>
<msg time="2024-07-21T01:13:11.976270" level="INFO">/opt/hostedtoolcache/Python/3.12.4/x64/lib/python3.12/site-packages/urllib3/connectionpool.py:1099: InsecureRequestWarning: Unverified HTTPS request is being made to host 'randomuser.me'. Adding certificate verification is strongly advised. See: https://urllib3.readthedocs.io/en/latest/advanced-usage.html#tls-warnings
  warnings.warn(</msg>
<msg time="2024-07-21T01:13:11.976389" level="INFO">${response} = &lt;Response [200]&gt;</msg>
<var>${response}</var>
<arg>consultarAPI</arg>
<arg>/api</arg>
<doc>Sends a GET request on a previously created HTTP Session.</doc>
<status status="PASS" start="2024-07-21T01:13:11.875760" elapsed="0.100656"/>
</kw>
<kw name="Set Variable" owner="BuiltIn">
<msg time="2024-07-21T01:13:11.977481" level="INFO">${json_data} = {'results': [{'gender': 'male', 'name': {'title': 'Mr', 'first': 'Jesús', 'last': 'Marrero'}, 'location': {'street': {'number': 3736, 'name': 'Privada Ecuador'}, 'city': 'Ixtapa', 'state': 'Jalisco', ...</msg>
<var>${json_data}</var>
<arg>${response.json()}</arg>
<doc>Returns the given values which can then be assigned to a variables.</doc>
<status status="PASS" start="2024-07-21T01:13:11.976958" elapsed="0.000553"/>
</kw>
<kw name="Set Variable" owner="BuiltIn">
<msg time="2024-07-21T01:13:11.978270" level="INFO">${name_title} = Mr</msg>
<var>${name_title}</var>
<arg>${json_data["results"][0]["name"]["title"]}</arg>
<doc>Returns the given values which can then be assigned to a variables.</doc>
<status status="PASS" start="2024-07-21T01:13:11.977879" elapsed="0.000417"/>
</kw>
<kw name="Create List" owner="BuiltIn">
<msg time="2024-07-21T01:13:11.978744" level="INFO">${allowed_titles} = ['Mr', 'Ms', 'Miss', 'Mrs', 'Madame', 'Monsieur']</msg>
<var>${allowed_titles}</var>
<arg>Mr</arg>
<arg>Ms</arg>
<arg>Miss</arg>
<arg>Mrs</arg>
<arg>Madame</arg>
<arg>Monsieur</arg>
<doc>Returns a list containing given items.</doc>
<status status="PASS" start="2024-07-21T01:13:11.978596" elapsed="0.000173"/>
</kw>
<kw name="List Should Contain Value" owner="Collections">
<arg>${allowed_titles}</arg>
<arg>${name_title}</arg>
<doc>Fails if the ``value`` is not found from ``list``.</doc>
<status status="PASS" start="2024-07-21T01:13:11.979066" elapsed="0.000186"/>
</kw>
<kw name="Set Variable" owner="BuiltIn">
<msg time="2024-07-21T01:13:11.979803" level="INFO">${name_country} = MX</msg>
<var>${name_country}</var>
<arg>${json_data["results"][0]["nat"]}</arg>
<doc>Returns the given values which can then be assigned to a variables.</doc>
<status status="PASS" start="2024-07-21T01:13:11.979431" elapsed="0.000397"/>
</kw>
<kw name="Create List" owner="BuiltIn">
<msg time="2024-07-21T01:13:11.980709" level="INFO">${list_country} = ['AD', 'AE', 'AF', 'AG', 'AI', 'AL', 'AM', 'AO', 'AQ', 'AR', 'AS', 'AT', 'AU', 'AW', 'AX', 'AZ', 'BA', 'BB', 'BD', 'BE', 'BF', 'BG', 'BH', 'BI', 'BJ', 'BL', 'BM', 'BN', 'BO', 'BQ', 'BR', 'BS', 'BT', '...</msg>
<var>${list_country}</var>
<arg>AD</arg>
<arg>AE</arg>
<arg>AF</arg>
<arg>AG</arg>
<arg>AI</arg>
<arg>AL</arg>
<arg>AM</arg>
<arg>AO</arg>
<arg>AQ</arg>
<arg>AR</arg>
<arg>AS</arg>
<arg>AT</arg>
<arg>AU</arg>
<arg>AW</arg>
<arg>AX</arg>
<arg>AZ</arg>
<arg>BA</arg>
<arg>BB</arg>
<arg>BD</arg>
<arg>BE</arg>
<arg>BF</arg>
<arg>BG</arg>
<arg>BH</arg>
<arg>BI</arg>
<arg>BJ</arg>
<arg>BL</arg>
<arg>BM</arg>
<arg>BN</arg>
<arg>BO</arg>
<arg>BQ</arg>
<arg>BR</arg>
<arg>BS</arg>
<arg>BT</arg>
<arg>BV</arg>
<arg>BW</arg>
<arg>BY</arg>
<arg>BZ</arg>
<arg>CA</arg>
<arg>CC</arg>
<arg>CD</arg>
<arg>CF</arg>
<arg>CG</arg>
<arg>CH</arg>
<arg>CI</arg>
<arg>CK</arg>
<arg>CL</arg>
<arg>CM</arg>
<arg>CN</arg>
<arg>CO</arg>
<arg>CR</arg>
<arg>CU</arg>
<arg>CV</arg>
<arg>CW</arg>
<arg>CX</arg>
<arg>CY</arg>
<arg>CZ</arg>
<arg>DE</arg>
<arg>DJ</arg>
<arg>DK</arg>
<arg>DM</arg>
<arg>DO</arg>
<arg>DZ</arg>
<arg>EC</arg>
<arg>EE</arg>
<arg>EG</arg>
<arg>EH</arg>
<arg>ER</arg>
<arg>ES</arg>
<arg>ET</arg>
<arg>FI</arg>
<arg>FJ</arg>
<arg>FK</arg>
<arg>FM</arg>
<arg>FO</arg>
<arg>FR</arg>
<arg>GA</arg>
<arg>GB</arg>
<arg>GD</arg>
<arg>GE</arg>
<arg>GF</arg>
<arg>GG</arg>
<arg>GH</arg>
<arg>GI</arg>
<arg>GL</arg>
<arg>GM</arg>
<arg>GN</arg>
<arg>GP</arg>
<arg>GQ</arg>
<arg>GR</arg>
<arg>GS</arg>
<arg>GT</arg>
<arg>GU</arg>
<arg>GW</arg>
<arg>GY</arg>
<arg>HK</arg>
<arg>HM</arg>
<arg>HN</arg>
<arg>HR</arg>
<arg>HT</arg>
<arg>HU</arg>
<arg>ID</arg>
<arg>IE</arg>
<arg>IL</arg>
<arg>IM</arg>
<arg>IN</arg>
<arg>IO</arg>
<arg>IQ</arg>
<arg>IR</arg>
<arg>IS</arg>
<arg>IT</arg>
<arg>JE</arg>
<arg>JM</arg>
<arg>JO</arg>
<arg>JP</arg>
<arg>KE</arg>
<arg>KG</arg>
<arg>KH</arg>
<arg>KI</arg>
<arg>KM</arg>
<arg>KN</arg>
<arg>KP</arg>
<arg>KR</arg>
<arg>KW</arg>
<arg>KY</arg>
<arg>KZ</arg>
<arg>LA</arg>
<arg>LB</arg>
<arg>LC</arg>
<arg>LI</arg>
<arg>LK</arg>
<arg>LR</arg>
<arg>LS</arg>
<arg>LT</arg>
<arg>LU</arg>
<arg>LV</arg>
<arg>LY</arg>
<arg>MA</arg>
<arg>MC</arg>
<arg>MD</arg>
<arg>ME</arg>
<arg>MF</arg>
<arg>MG</arg>
<arg>MH</arg>
<arg>MK</arg>
<arg>ML</arg>
<arg>MM</arg>
<arg>MN</arg>
<arg>MO</arg>
<arg>MP</arg>
<arg>MQ</arg>
<arg>MR</arg>
<arg>MS</arg>
<arg>MT</arg>
<arg>MU</arg>
<arg>MV</arg>
<arg>MW</arg>
<arg>MX</arg>
<arg>MY</arg>
<arg>MZ</arg>
<arg>NA</arg>
<arg>NC</arg>
<arg>NE</arg>
<arg>NF</arg>
<arg>NG</arg>
<arg>NI</arg>
<arg>NL</arg>
<arg>NO</arg>
<arg>NP</arg>
<arg>NR</arg>
<arg>NU</arg>
<arg>NZ</arg>
<arg>OM</arg>
<arg>PA</arg>
<arg>PE</arg>
<arg>PF</arg>
<arg>PG</arg>
<arg>PH</arg>
<arg>PK</arg>
<arg>PL</arg>
<arg>PM</arg>
<arg>PN</arg>
<arg>PR</arg>
<arg>PS</arg>
<arg>PT</arg>
<arg>PW</arg>
<arg>PY</arg>
<arg>QA</arg>
<arg>RE</arg>
<arg>RO</arg>
<arg>RS</arg>
<arg>RU</arg>
<arg>RW</arg>
<arg>SA</arg>
<arg>SB</arg>
<arg>SC</arg>
<arg>SD</arg>
<arg>SE</arg>
<arg>SG</arg>
<arg>SH</arg>
<arg>SI</arg>
<arg>SJ</arg>
<arg>SK</arg>
<arg>SL</arg>
<arg>SM</arg>
<arg>SN</arg>
<arg>SO</arg>
<arg>SR</arg>
<arg>SS</arg>
<arg>ST</arg>
<arg>SV</arg>
<arg>SX</arg>
<arg>SY</arg>
<arg>SZ</arg>
<arg>TC</arg>
<arg>TD</arg>
<arg>TF</arg>
<arg>TG</arg>
<arg>TH</arg>
<arg>TJ</arg>
<arg>TK</arg>
<arg>TL</arg>
<arg>TM</arg>
<arg>TN</arg>
<arg>TO</arg>
<arg>TR</arg>
<arg>TT</arg>
<arg>TV</arg>
<arg>TW</arg>
<arg>TZ</arg>
<arg>UA</arg>
<arg>UG</arg>
<arg>UM</arg>
<arg>US</arg>
<arg>UY</arg>
<arg>UZ</arg>
<arg>VA</arg>
<arg>VC</arg>
<arg>VE</arg>
<arg>VG</arg>
<arg>VI</arg>
<arg>VN</arg>
<arg>VU</arg>
<arg>WF</arg>
<arg>WS</arg>
<arg>XK</arg>
<arg>YE</arg>
<arg>YT</arg>
<arg>ZA</arg>
<arg>ZM</arg>
<arg>ZW</arg>
<doc>Returns a list containing given items.</doc>
<status status="PASS" start="2024-07-21T01:13:11.980123" elapsed="0.000612"/>
</kw>
<kw name="List Should Contain Value" owner="Collections">
<arg>${list_country}</arg>
<arg>${name_country}</arg>
<doc>Fails if the ``value`` is not found from ``list``.</doc>
<status status="PASS" start="2024-07-21T01:13:11.981547" elapsed="0.000206"/>
</kw>
<kw name="Run Keyword If" owner="BuiltIn">
<kw name="Should Be True" owner="BuiltIn">
<arg>${True}</arg>
<doc>Fails if the given condition is not true.</doc>
<status status="PASS" start="2024-07-21T01:13:11.982714" elapsed="0.000145"/>
</kw>
<arg>${json_data["results"][0]["location"]["coordinates"]["latitude"]} &gt;= -90 and ${json_data["results"][0]["location"]["coordinates"]["latitude"]} &lt;= 90</arg>
<arg>Should Be True</arg>
<arg>${True}</arg>
<doc>Runs the given keyword with the given arguments, if ``condition`` is true.</doc>
<status status="PASS" start="2024-07-21T01:13:11.981950" elapsed="0.001037"/>
</kw>
<kw name="Run Keyword If" owner="BuiltIn">
<kw name="Should Be True" owner="BuiltIn">
<arg>${True}</arg>
<doc>Fails if the given condition is not true.</doc>
<status status="PASS" start="2024-07-21T01:13:11.983870" elapsed="0.000262"/>
</kw>
<arg>${json_data["results"][0]["location"]["coordinates"]["longitude"]} &gt;= -180 and ${json_data["results"][0]["location"]["coordinates"]["longitude"]} &lt;= 180</arg>
<arg>Should Be True</arg>
<arg>${True}</arg>
<doc>Runs the given keyword with the given arguments, if ``condition`` is true.</doc>
<status status="PASS" start="2024-07-21T01:13:11.983170" elapsed="0.001094"/>
</kw>
<status status="PASS" start="2024-07-21T01:13:11.875384" elapsed="0.109018"/>
</kw>
<doc>Testa o conteúdo específico dos campos retornados pela API.</doc>
<tag>testeConteudo</tag>
<status status="PASS" start="2024-07-21T01:13:11.874699" elapsed="0.109855"/>
</test>
<status status="PASS" start="2024-07-21T01:13:10.952988" elapsed="1.033658"/>
</suite>
<status status="PASS" start="2024-07-21T01:13:10.936943" elapsed="1.054905"/>
</suite>
<statistics>
<total>
<stat pass="5" fail="0" skip="0">All Tests</stat>
</total>
<tag>
<stat pass="1" fail="0" skip="0">testeConteudo</stat>
<stat pass="1" fail="0" skip="0">testeEstruturaResposta</stat>
<stat pass="1" fail="0" skip="0">testeRequisicaoBasica</stat>
<stat pass="1" fail="0" skip="0">testeTiposDados</stat>
</tag>
<suite>
<stat pass="5" fail="0" skip="0" id="s1" name="Tests">Tests</stat>
<stat pass="5" fail="0" skip="0" id="s1-s1" name="Random-User-Test">Tests.Random-User-Test</stat>
</suite>
</statistics>
<errors>
</errors>
</robot>
