<?xml version="1.0" encoding="UTF-8"?>
<robot generator="Robot 7.0 (Python 3.12.3 on linux)" generated="2024-05-15T03:18:58.881576" rpa="false" schemaversion="5">
<suite id="s1" name="Tests" source="/home/runner/work/DesafioQAItauRogerioJordao/DesafioQAItauRogerioJordao/RamdonUser/tests">
<suite id="s1-s1" name="Random-User-Test" source="/home/runner/work/DesafioQAItauRogerioJordao/DesafioQAItauRogerioJordao/RamdonUser/tests/random-user-test.robot">
<test id="s1-s1-t1" name="Conectar" line="13">
<kw name="Conectar API" owner="random-user-service">
<kw name="Create Session" owner="RequestsLibrary">
<msg time="2024-05-15T03:18:59.240354" level="INFO">Creating Session using : alias=consultarAPI, url=https://randomuser.me/, headers={},                     cookies={}, auth=None, timeout=None, proxies=None, verify=False,                     debug=0 </msg>
<arg>consultarAPI</arg>
<arg>${URL}</arg>
<doc>Create Session: create a HTTP session to a server</doc>
<status status="PASS" start="2024-05-15T03:18:59.240162" elapsed="0.000360"/>
</kw>
<status status="PASS" start="2024-05-15T03:18:59.239245" elapsed="0.001617"/>
</kw>
<status status="PASS" start="2024-05-15T03:18:59.238694" elapsed="0.002358"/>
</test>
<test id="s1-s1-t2" name="Validar retorno 200 e JSON Válido" line="16">
<kw name="Teste de Requisicao Basica" owner="random-user-service">
<kw name="GET On Session" owner="RequestsLibrary">
<msg time="2024-05-15T03:18:59.371942" level="INFO">GET Request : url=https://randomuser.me/api 
 path_url=/api 
 headers={'User-Agent': 'python-requests/2.31.0', 'Accept-Encoding': 'gzip, deflate', 'Accept': '*/*', 'Connection': 'keep-alive'} 
 body=None 
 </msg>
<msg time="2024-05-15T03:18:59.372074" level="INFO">GET Response : url=https://randomuser.me/api 
 status=200, reason=OK 
 headers={'Date': 'Wed, 15 May 2024 03:18:59 GMT', 'Content-Type': 'application/json; charset=utf-8', 'Transfer-Encoding': 'chunked', 'Connection': 'keep-alive', 'X-Powered-By': 'Express', 'Access-Control-Allow-Origin': '*', 'Cache-Control': 'no-cache', 'ETag': 'W/"49d-xd3zSj6WCHQCrf01wgo4dxen4Bs"', 'Vary': 'Accept-Encoding', 'Content-Encoding': 'gzip', 'CF-Cache-Status': 'DYNAMIC', 'Report-To': '{"endpoints":[{"url":"https:\\/\\/a.nel.cloudflare.com\\/report\\/v4?s=RhbGE7XatRFHYiz8hCBV%2FA6h9o9C0GbtQ8kYV7nfRCGLGIm1fMpUe%2FoeGXNySADatkFXFABLo2ZHXGtpBP1ebmn7hSc4zBR47ofP8eukz57mZUnYS7wzWxnJgJR2uofT"}],"group":"cf-nel","max_age":604800}', 'NEL': '{"success_fraction":0,"report_to":"cf-nel","max_age":604800}', 'Server': 'cloudflare', 'CF-RAY': '883ffbdc79cc1686-SJC', 'alt-svc': 'h3=":443"; ma=86400'} 
 body={"results":[{"gender":"female","name":{"title":"Miss","first":"Rebeca","last":"Hidalgo"},"location":{"street":{"number":707,"name":"Pasaje Batista"},"city":"Valle de Banderas","state":"Baja California","country":"Mexico","postcode":34834,"coordinates":{"latitude":"28.4603","longitude":"76.9835"},"timezone":{"offset":"-11:00","description":"Midway Island, Samoa"}},"email":"rebeca.hidalgo@example.com","login":{"uuid":"d6101ae0-4eef-4f70-839a-f29f3a2c0678","username":"redwolf247","password":"mailman","salt":"3689CdHo","md5":"08a3f75a7d06eac12cb20a36ac17aab2","sha1":"324161c1c68533139ea87fab9273f9196ee3a66b","sha256":"5300c1f8e272f9277c7e03b42436d99a93087755b5d884b858fc5055ff133a8c"},"dob":{"date":"1978-08-29T08:09:44.821Z","age":45},"registered":{"date":"2022-05-06T03:35:47.602Z","age":2},"phone":"(661) 704 4525","cell":"(679) 883 6593","id":{"name":"NSS","value":"66 99 24 9431 1"},"picture":{"large":"https://randomuser.me/api/portraits/women/20.jpg","medium":"https://randomuser.me/api/portraits/med/women/20.jpg","thumbnail":"https://randomuser.me/api/portraits/thumb/women/20.jpg"},"nat":"MX"}],"info":{"seed":"aff1eaf869177b19","results":1,"page":1,"version":"1.4"}} 
 </msg>
<msg time="2024-05-15T03:18:59.372152" level="INFO">/opt/hostedtoolcache/Python/3.12.3/x64/lib/python3.12/site-packages/urllib3/connectionpool.py:1103: InsecureRequestWarning: Unverified HTTPS request is being made to host 'randomuser.me'. Adding certificate verification is strongly advised. See: https://urllib3.readthedocs.io/en/latest/advanced-usage.html#tls-warnings
  warnings.warn(</msg>
<msg time="2024-05-15T03:18:59.372306" level="INFO">${response} = &lt;Response [200]&gt;</msg>
<var>${response}</var>
<arg>consultarAPI</arg>
<arg>/api</arg>
<doc>Sends a GET request on a previously created HTTP Session.</doc>
<status status="PASS" start="2024-05-15T03:18:59.244161" elapsed="0.128185"/>
</kw>
<kw name="Should Be Equal As Numbers" owner="BuiltIn">
<msg time="2024-05-15T03:18:59.373279" level="INFO">Argument types are:
&lt;class 'int'&gt;
&lt;class 'str'&gt;</msg>
<arg>${response.status_code}</arg>
<arg>200</arg>
<doc>Fails if objects are unequal after converting them to real numbers.</doc>
<status status="PASS" start="2024-05-15T03:18:59.372822" elapsed="0.000522"/>
</kw>
<kw name="Log" owner="BuiltIn">
<msg time="2024-05-15T03:18:59.374021" level="INFO">200</msg>
<arg>${response.status_code}</arg>
<doc>Logs the given message with the given level.</doc>
<status status="PASS" start="2024-05-15T03:18:59.373669" elapsed="0.000394"/>
</kw>
<kw name="Set Variable" owner="BuiltIn">
<msg time="2024-05-15T03:18:59.374850" level="INFO">${json_data} = {'results': [{'gender': 'female', 'name': {'title': 'Miss', 'first': 'Rebeca', 'last': 'Hidalgo'}, 'location': {'street': {'number': 707, 'name': 'Pasaje Batista'}, 'city': 'Valle de Banderas', 'state...</msg>
<var>${json_data}</var>
<arg>${response.json()}</arg>
<doc>Returns the given values which can then be assigned to a variables.</doc>
<status status="PASS" start="2024-05-15T03:18:59.374376" elapsed="0.000511"/>
</kw>
<kw name="Dictionary Should Contain Key" owner="Collections">
<msg time="2024-05-15T03:18:59.375363" level="INFO">False</msg>
<arg>${json_data}</arg>
<arg>results</arg>
<doc>Fails if ``key`` is not found from ``dictionary``.</doc>
<status status="PASS" start="2024-05-15T03:18:59.375191" elapsed="0.000213"/>
</kw>
<status status="PASS" start="2024-05-15T03:18:59.243770" elapsed="0.131890"/>
</kw>
<doc>Testa se a API responde corretamente e retorna um objeto JSON válido.</doc>
<tag>testeRequisicaoBasica</tag>
<status status="PASS" start="2024-05-15T03:18:59.243065" elapsed="0.132776"/>
</test>
<test id="s1-s1-t3" name="Validar estrutura de resposta" line="22">
<kw name="Teste de Estrutura de Resposta" owner="random-user-service">
<kw name="GET On Session" owner="RequestsLibrary">
<msg time="2024-05-15T03:18:59.463674" level="INFO">GET Request : url=https://randomuser.me/api 
 path_url=/api 
 headers={'User-Agent': 'python-requests/2.31.0', 'Accept-Encoding': 'gzip, deflate', 'Accept': '*/*', 'Connection': 'keep-alive'} 
 body=None 
 </msg>
<msg time="2024-05-15T03:18:59.463763" level="INFO">GET Response : url=https://randomuser.me/api 
 status=200, reason=OK 
 headers={'Date': 'Wed, 15 May 2024 03:18:59 GMT', 'Content-Type': 'application/json; charset=utf-8', 'Transfer-Encoding': 'chunked', 'Connection': 'keep-alive', 'X-Powered-By': 'Express', 'Access-Control-Allow-Origin': '*', 'Cache-Control': 'no-cache', 'ETag': 'W/"491-IsGyCKOdA/qA7tumDiX8NShScls"', 'Vary': 'Accept-Encoding', 'Content-Encoding': 'gzip', 'CF-Cache-Status': 'DYNAMIC', 'Report-To': '{"endpoints":[{"url":"https:\\/\\/a.nel.cloudflare.com\\/report\\/v4?s=VicpU1cIXxbjX0KD0xzNWKn%2F6eiFf4O9O9Mtlx7rQh%2B8Usz3FcBiuLhM2YbbISgQj9%2FBi0mXdW%2BgQnAeA4JJw4z4Z1MBvOj7MYxd%2FWALcUHlBFL%2F%2B%2FT0I1Evddf1Id1J"}],"group":"cf-nel","max_age":604800}', 'NEL': '{"success_fraction":0,"report_to":"cf-nel","max_age":604800}', 'Server': 'cloudflare', 'CF-RAY': '883ffbdd2a7a1686-SJC', 'alt-svc': 'h3=":443"; ma=86400'} 
 body={"results":[{"gender":"male","name":{"title":"Mr","first":"Teodor","last":"Todorović"},"location":{"street":{"number":6367,"name":"Visariona Pavlovića"},"city":"Topola","state":"Kosovo","country":"Serbia","postcode":52885,"coordinates":{"latitude":"57.3663","longitude":"-97.2273"},"timezone":{"offset":"+1:00","description":"Brussels, Copenhagen, Madrid, Paris"}},"email":"teodor.todorovic@example.com","login":{"uuid":"cd7aed27-7c7d-4566-9635-47e5615cb557","username":"bluefrog345","password":"gymnast","salt":"DVC3vyy3","md5":"355e348e42dee729f7918f63630acd15","sha1":"a34ed3c90684cf36ca8b8e38a903bbcf344eaa5b","sha256":"9cfbbd9b234be271259a6c7420904820b63059ec3e5d1071871fbb6e2e6dd559"},"dob":{"date":"1970-04-24T01:20:28.658Z","age":54},"registered":{"date":"2020-08-12T14:55:59.898Z","age":3},"phone":"020-3773-347","cell":"069-8968-565","id":{"name":"SID","value":"261103932"},"picture":{"large":"https://randomuser.me/api/portraits/men/32.jpg","medium":"https://randomuser.me/api/portraits/med/men/32.jpg","thumbnail":"https://randomuser.me/api/portraits/thumb/men/32.jpg"},"nat":"RS"}],"info":{"seed":"475422a9e1c9c311","results":1,"page":1,"version":"1.4"}} 
 </msg>
<msg time="2024-05-15T03:18:59.463891" level="INFO">/opt/hostedtoolcache/Python/3.12.3/x64/lib/python3.12/site-packages/urllib3/connectionpool.py:1103: InsecureRequestWarning: Unverified HTTPS request is being made to host 'randomuser.me'. Adding certificate verification is strongly advised. See: https://urllib3.readthedocs.io/en/latest/advanced-usage.html#tls-warnings
  warnings.warn(</msg>
<msg time="2024-05-15T03:18:59.464040" level="INFO">${response} = &lt;Response [200]&gt;</msg>
<var>${response}</var>
<arg>consultarAPI</arg>
<arg>/api</arg>
<doc>Sends a GET request on a previously created HTTP Session.</doc>
<status status="PASS" start="2024-05-15T03:18:59.378409" elapsed="0.085706"/>
</kw>
<kw name="Set Variable" owner="BuiltIn">
<msg time="2024-05-15T03:18:59.465029" level="INFO">${json_data} = {'results': [{'gender': 'male', 'name': {'title': 'Mr', 'first': 'Teodor', 'last': 'Todorović'}, 'location': {'street': {'number': 6367, 'name': 'Visariona Pavlovića'}, 'city': 'Topola', 'state': 'Kos...</msg>
<var>${json_data}</var>
<arg>${response.json()}</arg>
<doc>Returns the given values which can then be assigned to a variables.</doc>
<status status="PASS" start="2024-05-15T03:18:59.464563" elapsed="0.000495"/>
</kw>
<kw name="Log" owner="BuiltIn">
<msg time="2024-05-15T03:18:59.465536" level="INFO">{'results': [{'gender': 'male', 'name': {'title': 'Mr', 'first': 'Teodor', 'last': 'Todorović'}, 'location': {'street': {'number': 6367, 'name': 'Visariona Pavlovića'}, 'city': 'Topola', 'state': 'Kosovo', 'country': 'Serbia', 'postcode': 52885, 'coordinates': {'latitude': '57.3663', 'longitude': '-97.2273'}, 'timezone': {'offset': '+1:00', 'description': 'Brussels, Copenhagen, Madrid, Paris'}}, 'email': 'teodor.todorovic@example.com', 'login': {'uuid': 'cd7aed27-7c7d-4566-9635-47e5615cb557', 'username': 'bluefrog345', 'password': 'gymnast', 'salt': 'DVC3vyy3', 'md5': '355e348e42dee729f7918f63630acd15', 'sha1': 'a34ed3c90684cf36ca8b8e38a903bbcf344eaa5b', 'sha256': '9cfbbd9b234be271259a6c7420904820b63059ec3e5d1071871fbb6e2e6dd559'}, 'dob': {'date': '1970-04-24T01:20:28.658Z', 'age': 54}, 'registered': {'date': '2020-08-12T14:55:59.898Z', 'age': 3}, 'phone': '020-3773-347', 'cell': '069-8968-565', 'id': {'name': 'SID', 'value': '261103932'}, 'picture': {'large': 'https://randomuser.me/api/portraits/men/32.jpg', 'medium': 'https://randomuser.me/api/portraits/med/men/32.jpg', 'thumbnail': 'https://randomuser.me/api/portraits/thumb/men/32.jpg'}, 'nat': 'RS'}], 'info': {'seed': '475422a9e1c9c311', 'results': 1, 'page': 1, 'version': '1.4'}}</msg>
<arg>${json_data}</arg>
<doc>Logs the given message with the given level.</doc>
<status status="PASS" start="2024-05-15T03:18:59.465374" elapsed="0.000214"/>
</kw>
<kw name="Dictionary Should Contain Key" owner="Collections">
<msg time="2024-05-15T03:18:59.466040" level="INFO">False</msg>
<arg>${json_data}</arg>
<arg>results</arg>
<doc>Fails if ``key`` is not found from ``dictionary``.</doc>
<status status="PASS" start="2024-05-15T03:18:59.465883" elapsed="0.000195"/>
</kw>
<kw name="Should Not Be Empty" owner="BuiltIn">
<msg time="2024-05-15T03:18:59.466506" level="INFO">Length is 2.</msg>
<arg>${json_data}</arg>
<doc>Verifies that the given item is not empty.</doc>
<status status="PASS" start="2024-05-15T03:18:59.466373" elapsed="0.000382"/>
</kw>
<kw name="Create List" owner="BuiltIn">
<msg time="2024-05-15T03:18:59.467343" level="INFO">${expected_keys} = ['gender', 'name', 'location', 'email', 'login']</msg>
<var>${expected_keys}</var>
<arg>gender</arg>
<arg>name</arg>
<arg>location</arg>
<arg>email</arg>
<arg>login</arg>
<doc>Returns a list containing given items.</doc>
<status status="PASS" start="2024-05-15T03:18:59.467179" elapsed="0.000189"/>
</kw>
<for flavor="IN">
<iter>
<kw name="Dictionary Should Contain Key" owner="Collections">
<msg time="2024-05-15T03:18:59.468348" level="INFO">False</msg>
<arg>${json_data['results'][0]}</arg>
<arg>${key}</arg>
<doc>Fails if ``key`` is not found from ``dictionary``.</doc>
<status status="PASS" start="2024-05-15T03:18:59.467943" elapsed="0.000444"/>
</kw>
<kw name="Log" owner="BuiltIn">
<msg time="2024-05-15T03:18:59.469049" level="INFO">{'gender': 'male', 'name': {'title': 'Mr', 'first': 'Teodor', 'last': 'Todorović'}, 'location': {'street': {'number': 6367, 'name': 'Visariona Pavlovića'}, 'city': 'Topola', 'state': 'Kosovo', 'country': 'Serbia', 'postcode': 52885, 'coordinates': {'latitude': '57.3663', 'longitude': '-97.2273'}, 'timezone': {'offset': '+1:00', 'description': 'Brussels, Copenhagen, Madrid, Paris'}}, 'email': 'teodor.todorovic@example.com', 'login': {'uuid': 'cd7aed27-7c7d-4566-9635-47e5615cb557', 'username': 'bluefrog345', 'password': 'gymnast', 'salt': 'DVC3vyy3', 'md5': '355e348e42dee729f7918f63630acd15', 'sha1': 'a34ed3c90684cf36ca8b8e38a903bbcf344eaa5b', 'sha256': '9cfbbd9b234be271259a6c7420904820b63059ec3e5d1071871fbb6e2e6dd559'}, 'dob': {'date': '1970-04-24T01:20:28.658Z', 'age': 54}, 'registered': {'date': '2020-08-12T14:55:59.898Z', 'age': 3}, 'phone': '020-3773-347', 'cell': '069-8968-565', 'id': {'name': 'SID', 'value': '261103932'}, 'picture': {'large': 'https://randomuser.me/api/portraits/men/32.jpg', 'medium': 'https://randomuser.me/api/portraits/med/men/32.jpg', 'thumbnail': 'https://randomuser.me/api/portraits/thumb/men/32.jpg'}, 'nat': 'RS'}</msg>
<arg>${json_data['results'][0]}</arg>
<doc>Logs the given message with the given level.</doc>
<status status="PASS" start="2024-05-15T03:18:59.468682" elapsed="0.000418"/>
</kw>
<kw name="Log" owner="BuiltIn">
<msg time="2024-05-15T03:18:59.469524" level="INFO">gender</msg>
<arg>${key}</arg>
<doc>Logs the given message with the given level.</doc>
<status status="PASS" start="2024-05-15T03:18:59.469398" elapsed="0.000164"/>
</kw>
<var name="${key}">gender</var>
<status status="PASS" start="2024-05-15T03:18:59.467817" elapsed="0.001958"/>
</iter>
<iter>
<kw name="Dictionary Should Contain Key" owner="Collections">
<msg time="2024-05-15T03:18:59.470476" level="INFO">False</msg>
<arg>${json_data['results'][0]}</arg>
<arg>${key}</arg>
<doc>Fails if ``key`` is not found from ``dictionary``.</doc>
<status status="PASS" start="2024-05-15T03:18:59.470083" elapsed="0.000430"/>
</kw>
<kw name="Log" owner="BuiltIn">
<msg time="2024-05-15T03:18:59.471231" level="INFO">{'gender': 'male', 'name': {'title': 'Mr', 'first': 'Teodor', 'last': 'Todorović'}, 'location': {'street': {'number': 6367, 'name': 'Visariona Pavlovića'}, 'city': 'Topola', 'state': 'Kosovo', 'country': 'Serbia', 'postcode': 52885, 'coordinates': {'latitude': '57.3663', 'longitude': '-97.2273'}, 'timezone': {'offset': '+1:00', 'description': 'Brussels, Copenhagen, Madrid, Paris'}}, 'email': 'teodor.todorovic@example.com', 'login': {'uuid': 'cd7aed27-7c7d-4566-9635-47e5615cb557', 'username': 'bluefrog345', 'password': 'gymnast', 'salt': 'DVC3vyy3', 'md5': '355e348e42dee729f7918f63630acd15', 'sha1': 'a34ed3c90684cf36ca8b8e38a903bbcf344eaa5b', 'sha256': '9cfbbd9b234be271259a6c7420904820b63059ec3e5d1071871fbb6e2e6dd559'}, 'dob': {'date': '1970-04-24T01:20:28.658Z', 'age': 54}, 'registered': {'date': '2020-08-12T14:55:59.898Z', 'age': 3}, 'phone': '020-3773-347', 'cell': '069-8968-565', 'id': {'name': 'SID', 'value': '261103932'}, 'picture': {'large': 'https://randomuser.me/api/portraits/men/32.jpg', 'medium': 'https://randomuser.me/api/portraits/med/men/32.jpg', 'thumbnail': 'https://randomuser.me/api/portraits/thumb/men/32.jpg'}, 'nat': 'RS'}</msg>
<arg>${json_data['results'][0]}</arg>
<doc>Logs the given message with the given level.</doc>
<status status="PASS" start="2024-05-15T03:18:59.470862" elapsed="0.000419"/>
</kw>
<kw name="Log" owner="BuiltIn">
<msg time="2024-05-15T03:18:59.471704" level="INFO">name</msg>
<arg>${key}</arg>
<doc>Logs the given message with the given level.</doc>
<status status="PASS" start="2024-05-15T03:18:59.471579" elapsed="0.000162"/>
</kw>
<var name="${key}">name</var>
<status status="PASS" start="2024-05-15T03:18:59.469968" elapsed="0.001988"/>
</iter>
<iter>
<kw name="Dictionary Should Contain Key" owner="Collections">
<msg time="2024-05-15T03:18:59.472627" level="INFO">False</msg>
<arg>${json_data['results'][0]}</arg>
<arg>${key}</arg>
<doc>Fails if ``key`` is not found from ``dictionary``.</doc>
<status status="PASS" start="2024-05-15T03:18:59.472246" elapsed="0.000418"/>
</kw>
<kw name="Log" owner="BuiltIn">
<msg time="2024-05-15T03:18:59.473325" level="INFO">{'gender': 'male', 'name': {'title': 'Mr', 'first': 'Teodor', 'last': 'Todorović'}, 'location': {'street': {'number': 6367, 'name': 'Visariona Pavlovića'}, 'city': 'Topola', 'state': 'Kosovo', 'country': 'Serbia', 'postcode': 52885, 'coordinates': {'latitude': '57.3663', 'longitude': '-97.2273'}, 'timezone': {'offset': '+1:00', 'description': 'Brussels, Copenhagen, Madrid, Paris'}}, 'email': 'teodor.todorovic@example.com', 'login': {'uuid': 'cd7aed27-7c7d-4566-9635-47e5615cb557', 'username': 'bluefrog345', 'password': 'gymnast', 'salt': 'DVC3vyy3', 'md5': '355e348e42dee729f7918f63630acd15', 'sha1': 'a34ed3c90684cf36ca8b8e38a903bbcf344eaa5b', 'sha256': '9cfbbd9b234be271259a6c7420904820b63059ec3e5d1071871fbb6e2e6dd559'}, 'dob': {'date': '1970-04-24T01:20:28.658Z', 'age': 54}, 'registered': {'date': '2020-08-12T14:55:59.898Z', 'age': 3}, 'phone': '020-3773-347', 'cell': '069-8968-565', 'id': {'name': 'SID', 'value': '261103932'}, 'picture': {'large': 'https://randomuser.me/api/portraits/men/32.jpg', 'medium': 'https://randomuser.me/api/portraits/med/men/32.jpg', 'thumbnail': 'https://randomuser.me/api/portraits/thumb/men/32.jpg'}, 'nat': 'RS'}</msg>
<arg>${json_data['results'][0]}</arg>
<doc>Logs the given message with the given level.</doc>
<status status="PASS" start="2024-05-15T03:18:59.472959" elapsed="0.000416"/>
</kw>
<kw name="Log" owner="BuiltIn">
<msg time="2024-05-15T03:18:59.473793" level="INFO">location</msg>
<arg>${key}</arg>
<doc>Logs the given message with the given level.</doc>
<status status="PASS" start="2024-05-15T03:18:59.473668" elapsed="0.000162"/>
</kw>
<var name="${key}">location</var>
<status status="PASS" start="2024-05-15T03:18:59.472135" elapsed="0.001909"/>
</iter>
<iter>
<kw name="Dictionary Should Contain Key" owner="Collections">
<msg time="2024-05-15T03:18:59.474713" level="INFO">False</msg>
<arg>${json_data['results'][0]}</arg>
<arg>${key}</arg>
<doc>Fails if ``key`` is not found from ``dictionary``.</doc>
<status status="PASS" start="2024-05-15T03:18:59.474326" elapsed="0.000424"/>
</kw>
<kw name="Log" owner="BuiltIn">
<msg time="2024-05-15T03:18:59.475451" level="INFO">{'gender': 'male', 'name': {'title': 'Mr', 'first': 'Teodor', 'last': 'Todorović'}, 'location': {'street': {'number': 6367, 'name': 'Visariona Pavlovića'}, 'city': 'Topola', 'state': 'Kosovo', 'country': 'Serbia', 'postcode': 52885, 'coordinates': {'latitude': '57.3663', 'longitude': '-97.2273'}, 'timezone': {'offset': '+1:00', 'description': 'Brussels, Copenhagen, Madrid, Paris'}}, 'email': 'teodor.todorovic@example.com', 'login': {'uuid': 'cd7aed27-7c7d-4566-9635-47e5615cb557', 'username': 'bluefrog345', 'password': 'gymnast', 'salt': 'DVC3vyy3', 'md5': '355e348e42dee729f7918f63630acd15', 'sha1': 'a34ed3c90684cf36ca8b8e38a903bbcf344eaa5b', 'sha256': '9cfbbd9b234be271259a6c7420904820b63059ec3e5d1071871fbb6e2e6dd559'}, 'dob': {'date': '1970-04-24T01:20:28.658Z', 'age': 54}, 'registered': {'date': '2020-08-12T14:55:59.898Z', 'age': 3}, 'phone': '020-3773-347', 'cell': '069-8968-565', 'id': {'name': 'SID', 'value': '261103932'}, 'picture': {'large': 'https://randomuser.me/api/portraits/men/32.jpg', 'medium': 'https://randomuser.me/api/portraits/med/men/32.jpg', 'thumbnail': 'https://randomuser.me/api/portraits/thumb/men/32.jpg'}, 'nat': 'RS'}</msg>
<arg>${json_data['results'][0]}</arg>
<doc>Logs the given message with the given level.</doc>
<status status="PASS" start="2024-05-15T03:18:59.475085" elapsed="0.000417"/>
</kw>
<kw name="Log" owner="BuiltIn">
<msg time="2024-05-15T03:18:59.475920" level="INFO">email</msg>
<arg>${key}</arg>
<doc>Logs the given message with the given level.</doc>
<status status="PASS" start="2024-05-15T03:18:59.475794" elapsed="0.000163"/>
</kw>
<var name="${key}">email</var>
<status status="PASS" start="2024-05-15T03:18:59.474217" elapsed="0.001951"/>
</iter>
<iter>
<kw name="Dictionary Should Contain Key" owner="Collections">
<msg time="2024-05-15T03:18:59.476856" level="INFO">False</msg>
<arg>${json_data['results'][0]}</arg>
<arg>${key}</arg>
<doc>Fails if ``key`` is not found from ``dictionary``.</doc>
<status status="PASS" start="2024-05-15T03:18:59.476449" elapsed="0.000444"/>
</kw>
<kw name="Log" owner="BuiltIn">
<msg time="2024-05-15T03:18:59.477553" level="INFO">{'gender': 'male', 'name': {'title': 'Mr', 'first': 'Teodor', 'last': 'Todorović'}, 'location': {'street': {'number': 6367, 'name': 'Visariona Pavlovića'}, 'city': 'Topola', 'state': 'Kosovo', 'country': 'Serbia', 'postcode': 52885, 'coordinates': {'latitude': '57.3663', 'longitude': '-97.2273'}, 'timezone': {'offset': '+1:00', 'description': 'Brussels, Copenhagen, Madrid, Paris'}}, 'email': 'teodor.todorovic@example.com', 'login': {'uuid': 'cd7aed27-7c7d-4566-9635-47e5615cb557', 'username': 'bluefrog345', 'password': 'gymnast', 'salt': 'DVC3vyy3', 'md5': '355e348e42dee729f7918f63630acd15', 'sha1': 'a34ed3c90684cf36ca8b8e38a903bbcf344eaa5b', 'sha256': '9cfbbd9b234be271259a6c7420904820b63059ec3e5d1071871fbb6e2e6dd559'}, 'dob': {'date': '1970-04-24T01:20:28.658Z', 'age': 54}, 'registered': {'date': '2020-08-12T14:55:59.898Z', 'age': 3}, 'phone': '020-3773-347', 'cell': '069-8968-565', 'id': {'name': 'SID', 'value': '261103932'}, 'picture': {'large': 'https://randomuser.me/api/portraits/men/32.jpg', 'medium': 'https://randomuser.me/api/portraits/med/men/32.jpg', 'thumbnail': 'https://randomuser.me/api/portraits/thumb/men/32.jpg'}, 'nat': 'RS'}</msg>
<arg>${json_data['results'][0]}</arg>
<doc>Logs the given message with the given level.</doc>
<status status="PASS" start="2024-05-15T03:18:59.477184" elapsed="0.000418"/>
</kw>
<kw name="Log" owner="BuiltIn">
<msg time="2024-05-15T03:18:59.478021" level="INFO">login</msg>
<arg>${key}</arg>
<doc>Logs the given message with the given level.</doc>
<status status="PASS" start="2024-05-15T03:18:59.477896" elapsed="0.000163"/>
</kw>
<var name="${key}">login</var>
<status status="PASS" start="2024-05-15T03:18:59.476341" elapsed="0.001959"/>
</iter>
<var>${key}</var>
<value>@{expected_keys}</value>
<status status="PASS" start="2024-05-15T03:18:59.467632" elapsed="0.010793"/>
</for>
<kw name="Create List" owner="BuiltIn">
<msg time="2024-05-15T03:18:59.478746" level="INFO">${expected_keysTwo} = ['username', 'password']</msg>
<var>${expected_keysTwo}</var>
<arg>username</arg>
<arg>password</arg>
<doc>Returns a list containing given items.</doc>
<status status="PASS" start="2024-05-15T03:18:59.478611" elapsed="0.000157"/>
</kw>
<for flavor="IN">
<iter>
<kw name="Dictionary Should Contain Key" owner="Collections">
<msg time="2024-05-15T03:18:59.479704" level="INFO">False</msg>
<arg>${json_data['results'][0]['login']}</arg>
<arg>${keyTwo}</arg>
<doc>Fails if ``key`` is not found from ``dictionary``.</doc>
<status status="PASS" start="2024-05-15T03:18:59.479307" elapsed="0.000434"/>
</kw>
<kw name="Dictionary Should Contain Key" owner="Collections">
<msg time="2024-05-15T03:18:59.480418" level="INFO">False</msg>
<arg>${json_data['results'][0]['login']}</arg>
<arg>${keyTwo}</arg>
<doc>Fails if ``key`` is not found from ``dictionary``.</doc>
<status status="PASS" start="2024-05-15T03:18:59.480034" elapsed="0.000421"/>
</kw>
<kw name="Log" owner="BuiltIn">
<msg time="2024-05-15T03:18:59.480870" level="INFO">username</msg>
<arg>${keyTwo}</arg>
<doc>Logs the given message with the given level.</doc>
<status status="PASS" start="2024-05-15T03:18:59.480746" elapsed="0.000167"/>
</kw>
<var name="${keyTwo}">username</var>
<status status="PASS" start="2024-05-15T03:18:59.479197" elapsed="0.001926"/>
</iter>
<iter>
<kw name="Dictionary Should Contain Key" owner="Collections">
<msg time="2024-05-15T03:18:59.481874" level="INFO">False</msg>
<arg>${json_data['results'][0]['login']}</arg>
<arg>${keyTwo}</arg>
<doc>Fails if ``key`` is not found from ``dictionary``.</doc>
<status status="PASS" start="2024-05-15T03:18:59.481410" elapsed="0.000521"/>
</kw>
<kw name="Dictionary Should Contain Key" owner="Collections">
<msg time="2024-05-15T03:18:59.482598" level="INFO">False</msg>
<arg>${json_data['results'][0]['login']}</arg>
<arg>${keyTwo}</arg>
<doc>Fails if ``key`` is not found from ``dictionary``.</doc>
<status status="PASS" start="2024-05-15T03:18:59.482223" elapsed="0.000411"/>
</kw>
<kw name="Log" owner="BuiltIn">
<msg time="2024-05-15T03:18:59.483085" level="INFO">password</msg>
<arg>${keyTwo}</arg>
<doc>Logs the given message with the given level.</doc>
<status status="PASS" start="2024-05-15T03:18:59.482957" elapsed="0.000166"/>
</kw>
<var name="${keyTwo}">password</var>
<status status="PASS" start="2024-05-15T03:18:59.481293" elapsed="0.002046"/>
</iter>
<var>${keyTwo}</var>
<value>@{expected_keysTwo}</value>
<status status="PASS" start="2024-05-15T03:18:59.479044" elapsed="0.004415"/>
</for>
<status status="PASS" start="2024-05-15T03:18:59.378176" elapsed="0.105419"/>
</kw>
<doc>Testa a estrutura da resposta da API.</doc>
<tag>testeEstruturaResposta</tag>
<status status="PASS" start="2024-05-15T03:18:59.377671" elapsed="0.106069"/>
</test>
<test id="s1-s1-t4" name="Validar tipos de dados" line="28">
<kw name="Teste de Tipos de Dados" owner="random-user-service">
<kw name="GET On Session" owner="RequestsLibrary">
<msg time="2024-05-15T03:18:59.575050" level="INFO">GET Request : url=https://randomuser.me/api 
 path_url=/api 
 headers={'User-Agent': 'python-requests/2.31.0', 'Accept-Encoding': 'gzip, deflate', 'Accept': '*/*', 'Connection': 'keep-alive'} 
 body=None 
 </msg>
<msg time="2024-05-15T03:18:59.575127" level="INFO">GET Response : url=https://randomuser.me/api 
 status=200, reason=OK 
 headers={'Date': 'Wed, 15 May 2024 03:18:59 GMT', 'Content-Type': 'application/json; charset=utf-8', 'Transfer-Encoding': 'chunked', 'Connection': 'keep-alive', 'X-Powered-By': 'Express', 'Access-Control-Allow-Origin': '*', 'Cache-Control': 'no-cache', 'ETag': 'W/"48b-iI+9Rej0TUYK5GINe4GJ6samUuE"', 'Vary': 'Accept-Encoding', 'Content-Encoding': 'gzip', 'CF-Cache-Status': 'DYNAMIC', 'Report-To': '{"endpoints":[{"url":"https:\\/\\/a.nel.cloudflare.com\\/report\\/v4?s=%2Fnzzu1mWEBqiyFsBC4JoOtAxDpUQRibC1FVVcicGLPmiobXudtkop9N%2BO0raVxXdOi%2B3wMyJ%2B3O6lMsIH6p6MRqH%2FfLrxxazip%2FgrNDdWsS%2BQa717RMF%2BfFnBOlNkmIL"}],"group":"cf-nel","max_age":604800}', 'NEL': '{"success_fraction":0,"report_to":"cf-nel","max_age":604800}', 'Server': 'cloudflare', 'CF-RAY': '883ffbddcb051686-SJC', 'alt-svc': 'h3=":443"; ma=86400'} 
 body={"results":[{"gender":"female","name":{"title":"Miss","first":"Lily","last":"Williams"},"location":{"street":{"number":7088,"name":"Princes Street"},"city":"Upper Hutt","state":"Auckland","country":"New Zealand","postcode":76854,"coordinates":{"latitude":"49.1057","longitude":"32.8339"},"timezone":{"offset":"-3:00","description":"Brazil, Buenos Aires, Georgetown"}},"email":"lily.williams@example.com","login":{"uuid":"9e25bbd0-be33-4095-93bb-dcdbca661750","username":"sadswan809","password":"puff","salt":"5pocKvvp","md5":"9e8fa03bb3bd677b1d322e9a5ecd87f5","sha1":"afbf6656ccb436abc65ef731386100bba07e369e","sha256":"c14f857ec7687ea3a0cd9d6994cbf838a6016107b8b11b8773d9a98504d18b57"},"dob":{"date":"1991-12-22T19:13:11.990Z","age":32},"registered":{"date":"2017-03-16T08:38:10.169Z","age":7},"phone":"(643)-143-0459","cell":"(840)-789-2676","id":{"name":"","value":null},"picture":{"large":"https://randomuser.me/api/portraits/women/74.jpg","medium":"https://randomuser.me/api/portraits/med/women/74.jpg","thumbnail":"https://randomuser.me/api/portraits/thumb/women/74.jpg"},"nat":"NZ"}],"info":{"seed":"5ddf48dcf32c3046","results":1,"page":1,"version":"1.4"}} 
 </msg>
<msg time="2024-05-15T03:18:59.575195" level="INFO">/opt/hostedtoolcache/Python/3.12.3/x64/lib/python3.12/site-packages/urllib3/connectionpool.py:1103: InsecureRequestWarning: Unverified HTTPS request is being made to host 'randomuser.me'. Adding certificate verification is strongly advised. See: https://urllib3.readthedocs.io/en/latest/advanced-usage.html#tls-warnings
  warnings.warn(</msg>
<msg time="2024-05-15T03:18:59.575321" level="INFO">${response} = &lt;Response [200]&gt;</msg>
<var>${response}</var>
<arg>consultarAPI</arg>
<arg>/api</arg>
<doc>Sends a GET request on a previously created HTTP Session.</doc>
<status status="PASS" start="2024-05-15T03:18:59.486111" elapsed="0.089256"/>
</kw>
<kw name="Set Variable" owner="BuiltIn">
<msg time="2024-05-15T03:18:59.576222" level="INFO">${json_data} = {'results': [{'gender': 'female', 'name': {'title': 'Miss', 'first': 'Lily', 'last': 'Williams'}, 'location': {'street': {'number': 7088, 'name': 'Princes Street'}, 'city': 'Upper Hutt', 'state': 'Auc...</msg>
<var>${json_data}</var>
<arg>${response.json()}</arg>
<doc>Returns the given values which can then be assigned to a variables.</doc>
<status status="PASS" start="2024-05-15T03:18:59.575776" elapsed="0.000475"/>
</kw>
<kw name="Log" owner="BuiltIn">
<msg time="2024-05-15T03:18:59.576703" level="INFO">{'results': [{'gender': 'female', 'name': {'title': 'Miss', 'first': 'Lily', 'last': 'Williams'}, 'location': {'street': {'number': 7088, 'name': 'Princes Street'}, 'city': 'Upper Hutt', 'state': 'Auckland', 'country': 'New Zealand', 'postcode': 76854, 'coordinates': {'latitude': '49.1057', 'longitude': '32.8339'}, 'timezone': {'offset': '-3:00', 'description': 'Brazil, Buenos Aires, Georgetown'}}, 'email': 'lily.williams@example.com', 'login': {'uuid': '9e25bbd0-be33-4095-93bb-dcdbca661750', 'username': 'sadswan809', 'password': 'puff', 'salt': '5pocKvvp', 'md5': '9e8fa03bb3bd677b1d322e9a5ecd87f5', 'sha1': 'afbf6656ccb436abc65ef731386100bba07e369e', 'sha256': 'c14f857ec7687ea3a0cd9d6994cbf838a6016107b8b11b8773d9a98504d18b57'}, 'dob': {'date': '1991-12-22T19:13:11.990Z', 'age': 32}, 'registered': {'date': '2017-03-16T08:38:10.169Z', 'age': 7}, 'phone': '(643)-143-0459', 'cell': '(840)-789-2676', 'id': {'name': '', 'value': None}, 'picture': {'large': 'https://randomuser.me/api/portraits/women/74.jpg', 'medium': 'https://randomuser.me/api/portraits/med/women/74.jpg', 'thumbnail': 'https://randomuser.me/api/portraits/thumb/women/74.jpg'}, 'nat': 'NZ'}], 'info': {'seed': '5ddf48dcf32c3046', 'results': 1, 'page': 1, 'version': '1.4'}}</msg>
<arg>${json_data}</arg>
<doc>Logs the given message with the given level.</doc>
<status status="PASS" start="2024-05-15T03:18:59.576553" elapsed="0.000228"/>
</kw>
<kw name="Should Be String" owner="String">
<arg>${json_data['results'][0]['gender']}</arg>
<doc>Fails if the given ``item`` is not a string.</doc>
<status status="PASS" start="2024-05-15T03:18:59.577087" elapsed="0.000361"/>
</kw>
<kw name="Should Match Regexp" owner="BuiltIn">
<arg>${json_data['results'][0]['email']}</arg>
<arg>^[a-zA-Z0-9._%+-]+@[a-zA-Z0-9.-]+\.[a-zA-Z]{2,}$</arg>
<doc>Fails if ``string`` does not match ``pattern`` as a regular expression.</doc>
<status status="PASS" start="2024-05-15T03:18:59.577640" elapsed="0.000508"/>
</kw>
<kw name="Should Match Regexp" owner="BuiltIn">
<arg>${json_data['results'][0]['dob']['date']}</arg>
<arg>\\d{4}-\\d{2}-\\d{2}T\\d{2}:\\d{2}:\\d{2}\\.\\d{3}Z</arg>
<doc>Fails if ``string`` does not match ``pattern`` as a regular expression.</doc>
<status status="PASS" start="2024-05-15T03:18:59.578338" elapsed="0.000512"/>
</kw>
<kw name="Should Match Regexp" owner="BuiltIn">
<arg>${json_data['results'][0]['registered']['date']}</arg>
<arg>\\d{4}-\\d{2}-\\d{2}T\\d{2}:\\d{2}:\\d{2}\\.\\d{3}Z</arg>
<doc>Fails if ``string`` does not match ``pattern`` as a regular expression.</doc>
<status status="PASS" start="2024-05-15T03:18:59.579053" elapsed="0.000371"/>
</kw>
<kw name="Should Match Regexp" owner="BuiltIn">
<arg>${json_data['results'][0]['picture']['large']}</arg>
<arg>^https?://.*\.(?:png|jpe?g|gif|bmp)$</arg>
<doc>Fails if ``string`` does not match ``pattern`` as a regular expression.</doc>
<status status="PASS" start="2024-05-15T03:18:59.579614" elapsed="0.000456"/>
</kw>
<kw name="Should Match Regexp" owner="BuiltIn">
<arg>${json_data['results'][0]['picture']['medium']}</arg>
<arg>^https?://.*\.(?:png|jpe?g|gif|bmp)$</arg>
<doc>Fails if ``string`` does not match ``pattern`` as a regular expression.</doc>
<status status="PASS" start="2024-05-15T03:18:59.580267" elapsed="0.000366"/>
</kw>
<kw name="Should Match Regexp" owner="BuiltIn">
<arg>${json_data['results'][0]['picture']['thumbnail']}</arg>
<arg>^https?://.*\.(?:png|jpe?g|gif|bmp)$</arg>
<doc>Fails if ``string`` does not match ``pattern`` as a regular expression.</doc>
<status status="PASS" start="2024-05-15T03:18:59.580819" elapsed="0.000352"/>
</kw>
<kw name="Log" owner="BuiltIn">
<msg time="2024-05-15T03:18:59.581669" level="INFO">{'large': 'https://randomuser.me/api/portraits/women/74.jpg', 'medium': 'https://randomuser.me/api/portraits/med/women/74.jpg', 'thumbnail': 'https://randomuser.me/api/portraits/thumb/women/74.jpg'}</msg>
<arg>${json_data['results'][0]['picture']}</arg>
<doc>Logs the given message with the given level.</doc>
<status status="PASS" start="2024-05-15T03:18:59.581351" elapsed="0.000359"/>
</kw>
<status status="PASS" start="2024-05-15T03:18:59.485882" elapsed="0.096086"/>
</kw>
<kw name="Teste de Tipos de Dados - Postcode" owner="random-user-service">
<kw name="GET On Session" owner="RequestsLibrary">
<msg time="2024-05-15T03:18:59.670203" level="INFO">GET Request : url=https://randomuser.me/api 
 path_url=/api 
 headers={'User-Agent': 'python-requests/2.31.0', 'Accept-Encoding': 'gzip, deflate', 'Accept': '*/*', 'Connection': 'keep-alive'} 
 body=None 
 </msg>
<msg time="2024-05-15T03:18:59.670266" level="INFO">GET Response : url=https://randomuser.me/api 
 status=200, reason=OK 
 headers={'Date': 'Wed, 15 May 2024 03:18:59 GMT', 'Content-Type': 'application/json; charset=utf-8', 'Transfer-Encoding': 'chunked', 'Connection': 'keep-alive', 'X-Powered-By': 'Express', 'Access-Control-Allow-Origin': '*', 'Cache-Control': 'no-cache', 'ETag': 'W/"49f-r2HvmV8Cl7wJgdDp2Biov8iLA4Q"', 'Vary': 'Accept-Encoding', 'Content-Encoding': 'gzip', 'CF-Cache-Status': 'DYNAMIC', 'Report-To': '{"endpoints":[{"url":"https:\\/\\/a.nel.cloudflare.com\\/report\\/v4?s=Lndr90Bhgd5OEjq%2FCsq8mCyzvpAKsaAuBnpmslnceuA0Ta4J8aZ4rNOFOuLCQfqK1ROP0928Z7MQYQaN5oCwSBmGYWNzj%2F1j6Iqt8a5VxeRzL66TEl6u4xaD4FzXAuix"}],"group":"cf-nel","max_age":604800}', 'NEL': '{"success_fraction":0,"report_to":"cf-nel","max_age":604800}', 'Server': 'cloudflare', 'CF-RAY': '883ffbde6bc81686-SJC', 'alt-svc': 'h3=":443"; ma=86400'} 
 body={"results":[{"gender":"female","name":{"title":"Miss","first":"Katrine","last":"Rasmussen"},"location":{"street":{"number":9386,"name":"Toftevænget"},"city":"V.Skerninge","state":"Hovedstaden","country":"Denmark","postcode":17045,"coordinates":{"latitude":"-43.8817","longitude":"107.4885"},"timezone":{"offset":"+10:00","description":"Eastern Australia, Guam, Vladivostok"}},"email":"katrine.rasmussen@example.com","login":{"uuid":"7e3ffee3-129e-4aff-af6d-dea052560369","username":"smallsnake901","password":"hamburg","salt":"hI4Q0950","md5":"09c426cd3744f9c4858d7e70c370da8f","sha1":"2da11b6f46a923da7dcebf612e484383841d2cbd","sha256":"1e6aabc5c83f7fbe5cf295a04a9a26013d83ad150d3d751e6225d1c9115ea60e"},"dob":{"date":"1983-02-12T07:03:44.658Z","age":41},"registered":{"date":"2003-01-30T12:31:01.699Z","age":21},"phone":"13401464","cell":"50127264","id":{"name":"CPR","value":"120283-8609"},"picture":{"large":"https://randomuser.me/api/portraits/women/32.jpg","medium":"https://randomuser.me/api/portraits/med/women/32.jpg","thumbnail":"https://randomuser.me/api/portraits/thumb/women/32.jpg"},"nat":"DK"}],"info":{"seed":"fe8ae7404348453c","results":1,"page":1,"version":"1.4"}} 
 </msg>
<msg time="2024-05-15T03:18:59.670324" level="INFO">/opt/hostedtoolcache/Python/3.12.3/x64/lib/python3.12/site-packages/urllib3/connectionpool.py:1103: InsecureRequestWarning: Unverified HTTPS request is being made to host 'randomuser.me'. Adding certificate verification is strongly advised. See: https://urllib3.readthedocs.io/en/latest/advanced-usage.html#tls-warnings
  warnings.warn(</msg>
<msg time="2024-05-15T03:18:59.670429" level="INFO">${response} = &lt;Response [200]&gt;</msg>
<var>${response}</var>
<arg>consultarAPI</arg>
<arg>/api</arg>
<doc>Sends a GET request on a previously created HTTP Session.</doc>
<status status="PASS" start="2024-05-15T03:18:59.582414" elapsed="0.088056"/>
</kw>
<kw name="Set Variable" owner="BuiltIn">
<msg time="2024-05-15T03:18:59.671308" level="INFO">${json_data} = {'results': [{'gender': 'female', 'name': {'title': 'Miss', 'first': 'Katrine', 'last': 'Rasmussen'}, 'location': {'street': {'number': 9386, 'name': 'Toftevænget'}, 'city': 'V.Skerninge', 'state': 'H...</msg>
<var>${json_data}</var>
<arg>${response.json()}</arg>
<doc>Returns the given values which can then be assigned to a variables.</doc>
<status status="PASS" start="2024-05-15T03:18:59.670856" elapsed="0.000481"/>
</kw>
<kw name="Log" owner="BuiltIn">
<msg time="2024-05-15T03:18:59.671793" level="INFO">{'results': [{'gender': 'female', 'name': {'title': 'Miss', 'first': 'Katrine', 'last': 'Rasmussen'}, 'location': {'street': {'number': 9386, 'name': 'Toftevænget'}, 'city': 'V.Skerninge', 'state': 'Hovedstaden', 'country': 'Denmark', 'postcode': 17045, 'coordinates': {'latitude': '-43.8817', 'longitude': '107.4885'}, 'timezone': {'offset': '+10:00', 'description': 'Eastern Australia, Guam, Vladivostok'}}, 'email': 'katrine.rasmussen@example.com', 'login': {'uuid': '7e3ffee3-129e-4aff-af6d-dea052560369', 'username': 'smallsnake901', 'password': 'hamburg', 'salt': 'hI4Q0950', 'md5': '09c426cd3744f9c4858d7e70c370da8f', 'sha1': '2da11b6f46a923da7dcebf612e484383841d2cbd', 'sha256': '1e6aabc5c83f7fbe5cf295a04a9a26013d83ad150d3d751e6225d1c9115ea60e'}, 'dob': {'date': '1983-02-12T07:03:44.658Z', 'age': 41}, 'registered': {'date': '2003-01-30T12:31:01.699Z', 'age': 21}, 'phone': '13401464', 'cell': '50127264', 'id': {'name': 'CPR', 'value': '120283-8609'}, 'picture': {'large': 'https://randomuser.me/api/portraits/women/32.jpg', 'medium': 'https://randomuser.me/api/portraits/med/women/32.jpg', 'thumbnail': 'https://randomuser.me/api/portraits/thumb/women/32.jpg'}, 'nat': 'DK'}], 'info': {'seed': 'fe8ae7404348453c', 'results': 1, 'page': 1, 'version': '1.4'}}</msg>
<arg>${json_data}</arg>
<doc>Logs the given message with the given level.</doc>
<status status="PASS" start="2024-05-15T03:18:59.671640" elapsed="0.000231"/>
</kw>
<kw name="Should Be Equal As Numbers" owner="BuiltIn">
<arg>${json_data['results'][0]['location']['postcode']}</arg>
<arg>${json_data['results'][0]['location']['postcode']}</arg>
<doc>Fails if objects are unequal after converting them to real numbers.</doc>
<status status="PASS" start="2024-05-15T03:18:59.672299" elapsed="0.000612"/>
</kw>
<kw name="Log" owner="BuiltIn">
<msg time="2024-05-15T03:18:59.673438" level="INFO">17045</msg>
<arg>${json_data['results'][0]['location']['postcode']}</arg>
<doc>Logs the given message with the given level.</doc>
<status status="PASS" start="2024-05-15T03:18:59.673101" elapsed="0.000377"/>
</kw>
<status status="PASS" start="2024-05-15T03:18:59.582193" elapsed="0.091532"/>
</kw>
<doc>Testa se os tipos de dados na resposta da API estão corretos.</doc>
<tag>testeTiposDados</tag>
<status status="PASS" start="2024-05-15T03:18:59.485464" elapsed="0.188421"/>
</test>
<test id="s1-s1-t5" name="Validar conteudo" line="35">
<kw name="Teste de Tipos de Conteudo" owner="random-user-service">
<kw name="GET On Session" owner="RequestsLibrary">
<msg time="2024-05-15T03:18:59.773429" level="INFO">GET Request : url=https://randomuser.me/api 
 path_url=/api 
 headers={'User-Agent': 'python-requests/2.31.0', 'Accept-Encoding': 'gzip, deflate', 'Accept': '*/*', 'Connection': 'keep-alive'} 
 body=None 
 </msg>
<msg time="2024-05-15T03:18:59.773519" level="INFO">GET Response : url=https://randomuser.me/api 
 status=200, reason=OK 
 headers={'Date': 'Wed, 15 May 2024 03:18:59 GMT', 'Content-Type': 'application/json; charset=utf-8', 'Transfer-Encoding': 'chunked', 'Connection': 'keep-alive', 'X-Powered-By': 'Express', 'Access-Control-Allow-Origin': '*', 'Cache-Control': 'no-cache', 'ETag': 'W/"4bd-1dX41qBqj6c6E6ylFsHY3CE/LlA"', 'Vary': 'Accept-Encoding', 'Content-Encoding': 'gzip', 'CF-Cache-Status': 'DYNAMIC', 'Report-To': '{"endpoints":[{"url":"https:\\/\\/a.nel.cloudflare.com\\/report\\/v4?s=kOce7CchWkfUHFO6WHKcGkP%2Fe%2B4wzehm4VisW0mGP2%2B%2B0pB5IpuQ81ZZQW3RnLfiK0u1eYSVDgzRLutiFBl7lVCbtSRWgAIFYrFCGYSvEJm%2FiMWYdwttjE6SCm3pD%2F2S"}],"group":"cf-nel","max_age":604800}', 'NEL': '{"success_fraction":0,"report_to":"cf-nel","max_age":604800}', 'Server': 'cloudflare', 'CF-RAY': '883ffbdefc741686-SJC', 'alt-svc': 'h3=":443"; ma=86400'} 
 body={"results":[{"gender":"male","name":{"title":"Mr","first":"میلاد","last":"علیزاده"},"location":{"street":{"number":9137,"name":"میدان شهید نامجو"},"city":"قائم‌شهر","state":"آذربایجان غربی","country":"Iran","postcode":95036,"coordinates":{"latitude":"18.3347","longitude":"-13.3156"},"timezone":{"offset":"-4:00","description":"Atlantic Time (Canada), Caracas, La Paz"}},"email":"myld.aalyzdh@example.com","login":{"uuid":"e74eca0f-d1e7-4490-a671-d29dc5d0423f","username":"heavybutterfly850","password":"goten","salt":"Yh3ErLby","md5":"19780a9d578796816211611a29a65d66","sha1":"0744bcbc8a125fe9100db2bdecd77a421716bbc1","sha256":"be00ea33b912541e3c9cb3f1fed4b614acbb030dcdaf04b6502f59d6e107f8ab"},"dob":{"date":"1954-05-01T02:29:10.498Z","age":70},"registered":{"date":"2013-12-12T23:54:47.990Z","age":10},"phone":"073-80212922","cell":"0927-266-4387","id":{"name":"","value":null},"picture":{"large":"https://randomuser.me/api/portraits/men/84.jpg","medium":"https://randomuser.me/api/portraits/med/men/84.jpg","thumbnail":"https://randomuser.me/api/portraits/thumb/men/84.jpg"},"nat":"IR"}],"info":{"seed":"3326050d4c3d761b","results":1,"page":1,"version":"1.4"}} 
 </msg>
<msg time="2024-05-15T03:18:59.773598" level="INFO">/opt/hostedtoolcache/Python/3.12.3/x64/lib/python3.12/site-packages/urllib3/connectionpool.py:1103: InsecureRequestWarning: Unverified HTTPS request is being made to host 'randomuser.me'. Adding certificate verification is strongly advised. See: https://urllib3.readthedocs.io/en/latest/advanced-usage.html#tls-warnings
  warnings.warn(</msg>
<msg time="2024-05-15T03:18:59.773741" level="INFO">${response} = &lt;Response [200]&gt;</msg>
<var>${response}</var>
<arg>consultarAPI</arg>
<arg>/api</arg>
<doc>Sends a GET request on a previously created HTTP Session.</doc>
<status status="PASS" start="2024-05-15T03:18:59.676393" elapsed="0.097400"/>
</kw>
<kw name="Set Variable" owner="BuiltIn">
<msg time="2024-05-15T03:18:59.774698" level="INFO">${json_data} = {'results': [{'gender': 'male', 'name': {'title': 'Mr', 'first': 'میلاد', 'last': 'علیزاده'}, 'location': {'street': {'number': 9137, 'name': 'میدان شهید نامجو'}, 'city': 'قائم\u200cشهر', 'state': 'آذ...</msg>
<var>${json_data}</var>
<arg>${response.json()}</arg>
<doc>Returns the given values which can then be assigned to a variables.</doc>
<status status="PASS" start="2024-05-15T03:18:59.774246" elapsed="0.000482"/>
</kw>
<kw name="Set Variable" owner="BuiltIn">
<msg time="2024-05-15T03:18:59.775460" level="INFO">${name_title} = Mr</msg>
<var>${name_title}</var>
<arg>${json_data["results"][0]["name"]["title"]}</arg>
<doc>Returns the given values which can then be assigned to a variables.</doc>
<status status="PASS" start="2024-05-15T03:18:59.775078" elapsed="0.000408"/>
</kw>
<kw name="Create List" owner="BuiltIn">
<msg time="2024-05-15T03:18:59.775944" level="INFO">${allowed_titles} = ['Mr', 'Ms', 'Miss', 'Mrs', 'Madame', 'Monsieur']</msg>
<var>${allowed_titles}</var>
<arg>Mr</arg>
<arg>Ms</arg>
<arg>Miss</arg>
<arg>Mrs</arg>
<arg>Madame</arg>
<arg>Monsieur</arg>
<doc>Returns a list containing given items.</doc>
<status status="PASS" start="2024-05-15T03:18:59.775780" elapsed="0.000188"/>
</kw>
<kw name="List Should Contain Value" owner="Collections">
<msg time="2024-05-15T03:18:59.776438" level="INFO">False</msg>
<arg>${allowed_titles}</arg>
<arg>${name_title}</arg>
<doc>Fails if the ``value`` is not found from ``list``.</doc>
<status status="PASS" start="2024-05-15T03:18:59.776266" elapsed="0.000208"/>
</kw>
<kw name="Set Variable" owner="BuiltIn">
<msg time="2024-05-15T03:18:59.777151" level="INFO">${name_country} = IR</msg>
<var>${name_country}</var>
<arg>${json_data["results"][0]["nat"]}</arg>
<doc>Returns the given values which can then be assigned to a variables.</doc>
<status status="PASS" start="2024-05-15T03:18:59.776768" elapsed="0.000407"/>
</kw>
<kw name="Create List" owner="BuiltIn">
<msg time="2024-05-15T03:18:59.778058" level="INFO">${list_country} = ['AD', 'AE', 'AF', 'AG', 'AI', 'AL', 'AM', 'AO', 'AQ', 'AR', 'AS', 'AT', 'AU', 'AW', 'AX', 'AZ', 'BA', 'BB', 'BD', 'BE', 'BF', 'BG', 'BH', 'BI', 'BJ', 'BL', 'BM', 'BN', 'BO', 'BQ', 'BR', 'BS', 'BT', '...</msg>
<var>${list_country}</var>
<arg>AD</arg>
<arg>AE</arg>
<arg>AF</arg>
<arg>AG</arg>
<arg>AI</arg>
<arg>AL</arg>
<arg>AM</arg>
<arg>AO</arg>
<arg>AQ</arg>
<arg>AR</arg>
<arg>AS</arg>
<arg>AT</arg>
<arg>AU</arg>
<arg>AW</arg>
<arg>AX</arg>
<arg>AZ</arg>
<arg>BA</arg>
<arg>BB</arg>
<arg>BD</arg>
<arg>BE</arg>
<arg>BF</arg>
<arg>BG</arg>
<arg>BH</arg>
<arg>BI</arg>
<arg>BJ</arg>
<arg>BL</arg>
<arg>BM</arg>
<arg>BN</arg>
<arg>BO</arg>
<arg>BQ</arg>
<arg>BR</arg>
<arg>BS</arg>
<arg>BT</arg>
<arg>BV</arg>
<arg>BW</arg>
<arg>BY</arg>
<arg>BZ</arg>
<arg>CA</arg>
<arg>CC</arg>
<arg>CD</arg>
<arg>CF</arg>
<arg>CG</arg>
<arg>CH</arg>
<arg>CI</arg>
<arg>CK</arg>
<arg>CL</arg>
<arg>CM</arg>
<arg>CN</arg>
<arg>CO</arg>
<arg>CR</arg>
<arg>CU</arg>
<arg>CV</arg>
<arg>CW</arg>
<arg>CX</arg>
<arg>CY</arg>
<arg>CZ</arg>
<arg>DE</arg>
<arg>DJ</arg>
<arg>DK</arg>
<arg>DM</arg>
<arg>DO</arg>
<arg>DZ</arg>
<arg>EC</arg>
<arg>EE</arg>
<arg>EG</arg>
<arg>EH</arg>
<arg>ER</arg>
<arg>ES</arg>
<arg>ET</arg>
<arg>FI</arg>
<arg>FJ</arg>
<arg>FK</arg>
<arg>FM</arg>
<arg>FO</arg>
<arg>FR</arg>
<arg>GA</arg>
<arg>GB</arg>
<arg>GD</arg>
<arg>GE</arg>
<arg>GF</arg>
<arg>GG</arg>
<arg>GH</arg>
<arg>GI</arg>
<arg>GL</arg>
<arg>GM</arg>
<arg>GN</arg>
<arg>GP</arg>
<arg>GQ</arg>
<arg>GR</arg>
<arg>GS</arg>
<arg>GT</arg>
<arg>GU</arg>
<arg>GW</arg>
<arg>GY</arg>
<arg>HK</arg>
<arg>HM</arg>
<arg>HN</arg>
<arg>HR</arg>
<arg>HT</arg>
<arg>HU</arg>
<arg>ID</arg>
<arg>IE</arg>
<arg>IL</arg>
<arg>IM</arg>
<arg>IN</arg>
<arg>IO</arg>
<arg>IQ</arg>
<arg>IR</arg>
<arg>IS</arg>
<arg>IT</arg>
<arg>JE</arg>
<arg>JM</arg>
<arg>JO</arg>
<arg>JP</arg>
<arg>KE</arg>
<arg>KG</arg>
<arg>KH</arg>
<arg>KI</arg>
<arg>KM</arg>
<arg>KN</arg>
<arg>KP</arg>
<arg>KR</arg>
<arg>KW</arg>
<arg>KY</arg>
<arg>KZ</arg>
<arg>LA</arg>
<arg>LB</arg>
<arg>LC</arg>
<arg>LI</arg>
<arg>LK</arg>
<arg>LR</arg>
<arg>LS</arg>
<arg>LT</arg>
<arg>LU</arg>
<arg>LV</arg>
<arg>LY</arg>
<arg>MA</arg>
<arg>MC</arg>
<arg>MD</arg>
<arg>ME</arg>
<arg>MF</arg>
<arg>MG</arg>
<arg>MH</arg>
<arg>MK</arg>
<arg>ML</arg>
<arg>MM</arg>
<arg>MN</arg>
<arg>MO</arg>
<arg>MP</arg>
<arg>MQ</arg>
<arg>MR</arg>
<arg>MS</arg>
<arg>MT</arg>
<arg>MU</arg>
<arg>MV</arg>
<arg>MW</arg>
<arg>MX</arg>
<arg>MY</arg>
<arg>MZ</arg>
<arg>NA</arg>
<arg>NC</arg>
<arg>NE</arg>
<arg>NF</arg>
<arg>NG</arg>
<arg>NI</arg>
<arg>NL</arg>
<arg>NO</arg>
<arg>NP</arg>
<arg>NR</arg>
<arg>NU</arg>
<arg>NZ</arg>
<arg>OM</arg>
<arg>PA</arg>
<arg>PE</arg>
<arg>PF</arg>
<arg>PG</arg>
<arg>PH</arg>
<arg>PK</arg>
<arg>PL</arg>
<arg>PM</arg>
<arg>PN</arg>
<arg>PR</arg>
<arg>PS</arg>
<arg>PT</arg>
<arg>PW</arg>
<arg>PY</arg>
<arg>QA</arg>
<arg>RE</arg>
<arg>RO</arg>
<arg>RS</arg>
<arg>RU</arg>
<arg>RW</arg>
<arg>SA</arg>
<arg>SB</arg>
<arg>SC</arg>
<arg>SD</arg>
<arg>SE</arg>
<arg>SG</arg>
<arg>SH</arg>
<arg>SI</arg>
<arg>SJ</arg>
<arg>SK</arg>
<arg>SL</arg>
<arg>SM</arg>
<arg>SN</arg>
<arg>SO</arg>
<arg>SR</arg>
<arg>SS</arg>
<arg>ST</arg>
<arg>SV</arg>
<arg>SX</arg>
<arg>SY</arg>
<arg>SZ</arg>
<arg>TC</arg>
<arg>TD</arg>
<arg>TF</arg>
<arg>TG</arg>
<arg>TH</arg>
<arg>TJ</arg>
<arg>TK</arg>
<arg>TL</arg>
<arg>TM</arg>
<arg>TN</arg>
<arg>TO</arg>
<arg>TR</arg>
<arg>TT</arg>
<arg>TV</arg>
<arg>TW</arg>
<arg>TZ</arg>
<arg>UA</arg>
<arg>UG</arg>
<arg>UM</arg>
<arg>US</arg>
<arg>UY</arg>
<arg>UZ</arg>
<arg>VA</arg>
<arg>VC</arg>
<arg>VE</arg>
<arg>VG</arg>
<arg>VI</arg>
<arg>VN</arg>
<arg>VU</arg>
<arg>WF</arg>
<arg>WS</arg>
<arg>XK</arg>
<arg>YE</arg>
<arg>YT</arg>
<arg>ZA</arg>
<arg>ZM</arg>
<arg>ZW</arg>
<doc>Returns a list containing given items.</doc>
<status status="PASS" start="2024-05-15T03:18:59.777471" elapsed="0.000613"/>
</kw>
<kw name="List Should Contain Value" owner="Collections">
<msg time="2024-05-15T03:18:59.779089" level="INFO">False</msg>
<arg>${list_country}</arg>
<arg>${name_country}</arg>
<doc>Fails if the ``value`` is not found from ``list``.</doc>
<status status="PASS" start="2024-05-15T03:18:59.778890" elapsed="0.000235"/>
</kw>
<kw name="Run Keyword If" owner="BuiltIn">
<kw name="Should Be True" owner="BuiltIn">
<arg>${True}</arg>
<doc>Fails if the given condition is not true.</doc>
<status status="PASS" start="2024-05-15T03:18:59.780187" elapsed="0.000301"/>
</kw>
<arg>${json_data["results"][0]["location"]["coordinates"]["latitude"]} &gt;= -90 and ${json_data["results"][0]["location"]["coordinates"]["latitude"]} &lt;= 90</arg>
<arg>Should Be True</arg>
<arg>${True}</arg>
<doc>Runs the given keyword with the given arguments, if ``condition`` is true.</doc>
<status status="PASS" start="2024-05-15T03:18:59.779435" elapsed="0.001205"/>
</kw>
<kw name="Run Keyword If" owner="BuiltIn">
<kw name="Should Be True" owner="BuiltIn">
<arg>${True}</arg>
<doc>Fails if the given condition is not true.</doc>
<status status="PASS" start="2024-05-15T03:18:59.781532" elapsed="0.000138"/>
</kw>
<arg>${json_data["results"][0]["location"]["coordinates"]["longitude"]} &gt;= -180 and ${json_data["results"][0]["location"]["coordinates"]["longitude"]} &lt;= 180</arg>
<arg>Should Be True</arg>
<arg>${True}</arg>
<doc>Runs the given keyword with the given arguments, if ``condition`` is true.</doc>
<status status="PASS" start="2024-05-15T03:18:59.780831" elapsed="0.000964"/>
</kw>
<status status="PASS" start="2024-05-15T03:18:59.676174" elapsed="0.105752"/>
</kw>
<doc>Testa o conteúdo específico dos campos retornados pela API.</doc>
<tag>testeConteudo</tag>
<status status="PASS" start="2024-05-15T03:18:59.675669" elapsed="0.106401"/>
</test>
<status status="PASS" start="2024-05-15T03:18:58.938693" elapsed="0.845367"/>
</suite>
<status status="PASS" start="2024-05-15T03:18:58.925161" elapsed="0.864017"/>
</suite>
<statistics>
<total>
<stat pass="5" fail="0" skip="0">All Tests</stat>
</total>
<tag>
<stat pass="1" fail="0" skip="0">testeConteudo</stat>
<stat pass="1" fail="0" skip="0">testeEstruturaResposta</stat>
<stat pass="1" fail="0" skip="0">testeRequisicaoBasica</stat>
<stat pass="1" fail="0" skip="0">testeTiposDados</stat>
</tag>
<suite>
<stat pass="5" fail="0" skip="0" id="s1" name="Tests">Tests</stat>
<stat pass="5" fail="0" skip="0" id="s1-s1" name="Random-User-Test">Tests.Random-User-Test</stat>
</suite>
</statistics>
<errors>
</errors>
</robot>
