<?xml version="1.0" encoding="UTF-8"?>
<robot generator="Robot 7.0.1 (Python 3.12.3 on linux)" generated="2024-06-12T22:14:12.629802" rpa="false" schemaversion="5">
<suite id="s1" name="Tests" source="/home/runner/work/ApiRandomUser/ApiRandomUser/RamdonUser/tests">
<suite id="s1-s1" name="Random-User-Test" source="/home/runner/work/ApiRandomUser/ApiRandomUser/RamdonUser/tests/random-user-test.robot">
<test id="s1-s1-t1" name="Conectar" line="13">
<kw name="Conectar API" owner="random-user-service">
<kw name="Create Session" owner="RequestsLibrary">
<msg time="2024-06-12T22:14:13.018709" level="INFO">Creating Session using : alias=consultarAPI, url=https://randomuser.me/, headers={},                     cookies={}, auth=None, timeout=None, proxies=None, verify=False,                     debug=0 </msg>
<arg>consultarAPI</arg>
<arg>${URL}</arg>
<doc>Create Session: create a HTTP session to a server</doc>
<status status="PASS" start="2024-06-12T22:14:13.018501" elapsed="0.000399"/>
</kw>
<status status="PASS" start="2024-06-12T22:14:13.017434" elapsed="0.001839"/>
</kw>
<status status="PASS" start="2024-06-12T22:14:13.016811" elapsed="0.002660"/>
</test>
<test id="s1-s1-t2" name="Validar retorno 200 e JSON Válido" line="16">
<kw name="Teste de Requisicao Basica" owner="random-user-service">
<kw name="GET On Session" owner="RequestsLibrary">
<msg time="2024-06-12T22:14:13.085531" level="INFO">GET Request : url=https://randomuser.me/api 
 path_url=/api 
 headers={'User-Agent': 'python-requests/2.32.3', 'Accept-Encoding': 'gzip, deflate', 'Accept': '*/*', 'Connection': 'keep-alive'} 
 body=None 
 </msg>
<msg time="2024-06-12T22:14:13.085692" level="INFO">GET Response : url=https://randomuser.me/api 
 status=200, reason=OK 
 headers={'Date': 'Wed, 12 Jun 2024 22:14:13 GMT', 'Content-Type': 'application/json; charset=utf-8', 'Transfer-Encoding': 'chunked', 'Connection': 'keep-alive', 'X-Powered-By': 'Express', 'Access-Control-Allow-Origin': '*', 'Cache-Control': 'no-cache', 'ETag': 'W/"48b-/PpE4aD/HZtldjF5SVQfNXLcC8w"', 'Vary': 'Accept-Encoding', 'Content-Encoding': 'gzip', 'CF-Cache-Status': 'DYNAMIC', 'Report-To': '{"endpoints":[{"url":"https:\\/\\/a.nel.cloudflare.com\\/report\\/v4?s=TGqOOAZpzP1EDX9bWd7NFiyA0G9IrFewS0DRVgtrOLRdW%2B8Yrd69lbyGES4zEPL%2BZx049UGWWF7qIoN71VL5dR%2BWf4GxccpaKFbv0GvYYgRDoFwkC4orJhkaq9FrgqCz"}],"group":"cf-nel","max_age":604800}', 'NEL': '{"success_fraction":0,"report_to":"cf-nel","max_age":604800}', 'Server': 'cloudflare', 'CF-RAY': '892d314b7ace07ff-IAD', 'alt-svc': 'h3=":443"; ma=86400'} 
 body={"results":[{"gender":"male","name":{"title":"Mr","first":"Roberto","last":"Knight"},"location":{"street":{"number":5959,"name":"Henry Street"},"city":"Carrigaline","state":"Mayo","country":"Ireland","postcode":99199,"coordinates":{"latitude":"-2.1619","longitude":"-59.2252"},"timezone":{"offset":"+3:00","description":"Baghdad, Riyadh, Moscow, St. Petersburg"}},"email":"roberto.knight@example.com","login":{"uuid":"d88943af-c7c1-46d7-b03a-cb3522f49456","username":"brownmouse827","password":"1943","salt":"WBXhA1E0","md5":"e3bb27cbd4899c92a88fd2aa157be1ad","sha1":"cce0392595eb6614aab4082d67cec1625f049d99","sha256":"24b379e0a670d6e4d489f214b628d9a034ded22d326b7a03ca9f317f3acd7e15"},"dob":{"date":"1986-02-28T02:42:01.804Z","age":38},"registered":{"date":"2006-10-20T19:58:04.287Z","age":17},"phone":"021-193-6234","cell":"081-754-2413","id":{"name":"PPS","value":"7172052T"},"picture":{"large":"https://randomuser.me/api/portraits/men/35.jpg","medium":"https://randomuser.me/api/portraits/med/men/35.jpg","thumbnail":"https://randomuser.me/api/portraits/thumb/men/35.jpg"},"nat":"IE"}],"info":{"seed":"117a8bcdb83c84dd","results":1,"page":1,"version":"1.4"}} 
 </msg>
<msg time="2024-06-12T22:14:13.085772" level="INFO">/opt/hostedtoolcache/Python/3.12.3/x64/lib/python3.12/site-packages/urllib3/connectionpool.py:1103: InsecureRequestWarning: Unverified HTTPS request is being made to host 'randomuser.me'. Adding certificate verification is strongly advised. See: https://urllib3.readthedocs.io/en/latest/advanced-usage.html#tls-warnings
  warnings.warn(</msg>
<msg time="2024-06-12T22:14:13.085933" level="INFO">${response} = &lt;Response [200]&gt;</msg>
<var>${response}</var>
<arg>consultarAPI</arg>
<arg>/api</arg>
<doc>Sends a GET request on a previously created HTTP Session.</doc>
<status status="PASS" start="2024-06-12T22:14:13.022179" elapsed="0.063800"/>
</kw>
<kw name="Should Be Equal As Numbers" owner="BuiltIn">
<msg time="2024-06-12T22:14:13.087000" level="INFO">Argument types are:
&lt;class 'int'&gt;
&lt;class 'str'&gt;</msg>
<arg>${response.status_code}</arg>
<arg>200</arg>
<doc>Fails if objects are unequal after converting them to real numbers.</doc>
<status status="PASS" start="2024-06-12T22:14:13.086536" elapsed="0.000531"/>
</kw>
<kw name="Log" owner="BuiltIn">
<msg time="2024-06-12T22:14:13.087756" level="INFO">200</msg>
<arg>${response.status_code}</arg>
<doc>Logs the given message with the given level.</doc>
<status status="PASS" start="2024-06-12T22:14:13.087402" elapsed="0.000402"/>
</kw>
<kw name="Set Variable" owner="BuiltIn">
<msg time="2024-06-12T22:14:13.088595" level="INFO">${json_data} = {'results': [{'gender': 'male', 'name': {'title': 'Mr', 'first': 'Roberto', 'last': 'Knight'}, 'location': {'street': {'number': 5959, 'name': 'Henry Street'}, 'city': 'Carrigaline', 'state': 'Mayo', ...</msg>
<var>${json_data}</var>
<arg>${response.json()}</arg>
<doc>Returns the given values which can then be assigned to a variables.</doc>
<status status="PASS" start="2024-06-12T22:14:13.088112" elapsed="0.000512"/>
</kw>
<kw name="Dictionary Should Contain Key" owner="Collections">
<arg>${json_data}</arg>
<arg>results</arg>
<doc>Fails if ``key`` is not found from ``dictionary``.</doc>
<status status="PASS" start="2024-06-12T22:14:13.088930" elapsed="0.000172"/>
</kw>
<status status="PASS" start="2024-06-12T22:14:13.021940" elapsed="0.067315"/>
</kw>
<doc>Testa se a API responde corretamente e retorna um objeto JSON válido.</doc>
<tag>testeRequisicaoBasica</tag>
<status status="PASS" start="2024-06-12T22:14:13.021413" elapsed="0.068018"/>
</test>
<test id="s1-s1-t3" name="Validar estrutura de resposta" line="22">
<kw name="Teste de Estrutura de Resposta" owner="random-user-service">
<kw name="GET On Session" owner="RequestsLibrary">
<msg time="2024-06-12T22:14:13.194422" level="INFO">GET Request : url=https://randomuser.me/api 
 path_url=/api 
 headers={'User-Agent': 'python-requests/2.32.3', 'Accept-Encoding': 'gzip, deflate', 'Accept': '*/*', 'Connection': 'keep-alive'} 
 body=None 
 </msg>
<msg time="2024-06-12T22:14:13.194536" level="INFO">GET Response : url=https://randomuser.me/api 
 status=200, reason=OK 
 headers={'Date': 'Wed, 12 Jun 2024 22:14:13 GMT', 'Content-Type': 'application/json; charset=utf-8', 'Transfer-Encoding': 'chunked', 'Connection': 'keep-alive', 'X-Powered-By': 'Express', 'Access-Control-Allow-Origin': '*', 'Cache-Control': 'no-cache', 'ETag': 'W/"47b-zM23ixg+9nMXN+SqlXl5g27+GdY"', 'Vary': 'Accept-Encoding', 'Content-Encoding': 'gzip', 'CF-Cache-Status': 'DYNAMIC', 'Report-To': '{"endpoints":[{"url":"https:\\/\\/a.nel.cloudflare.com\\/report\\/v4?s=WymfPna0ShtRhS5%2FL8eyzrZ5eLhcx0nAE1BBIvxr3JyXDa6zj2kQ%2BIAV30pVY5TEilUY7C3aRknMJ5JExUvHYlTtGg9mzYqBx7kXnG3Lh0Whzhqt9E7JQSr8L6DZgIVe"}],"group":"cf-nel","max_age":604800}', 'NEL': '{"success_fraction":0,"report_to":"cf-nel","max_age":604800}', 'Server': 'cloudflare', 'CF-RAY': '892d314bdb3707ff-IAD', 'alt-svc': 'h3=":443"; ma=86400'} 
 body={"results":[{"gender":"male","name":{"title":"Mr","first":"Gilbert","last":"Peterson"},"location":{"street":{"number":1501,"name":"Hogan St"},"city":"Lafayette","state":"Kansas","country":"United States","postcode":95272,"coordinates":{"latitude":"82.9918","longitude":"-128.3627"},"timezone":{"offset":"+3:30","description":"Tehran"}},"email":"gilbert.peterson@example.com","login":{"uuid":"6b92674f-bf51-4711-85d1-82ab97522b9c","username":"smallbutterfly588","password":"fdsa","salt":"Q8xhEggG","md5":"347f4635991af608d6bdcfdfed8df609","sha1":"94478725f0b79c5105dd28f47b3517558a4a29cf","sha256":"dc50b2f5a4ec653f4318c3b10536e0d62ece4feae9cce6b2450b2f429c5757a5"},"dob":{"date":"1953-08-09T16:06:34.628Z","age":70},"registered":{"date":"2016-01-24T15:11:28.251Z","age":8},"phone":"(643) 317-5885","cell":"(938) 574-2926","id":{"name":"SSN","value":"188-85-2726"},"picture":{"large":"https://randomuser.me/api/portraits/men/71.jpg","medium":"https://randomuser.me/api/portraits/med/men/71.jpg","thumbnail":"https://randomuser.me/api/portraits/thumb/men/71.jpg"},"nat":"US"}],"info":{"seed":"b5e4b4ed2109567a","results":1,"page":1,"version":"1.4"}} 
 </msg>
<msg time="2024-06-12T22:14:13.194704" level="INFO">/opt/hostedtoolcache/Python/3.12.3/x64/lib/python3.12/site-packages/urllib3/connectionpool.py:1103: InsecureRequestWarning: Unverified HTTPS request is being made to host 'randomuser.me'. Adding certificate verification is strongly advised. See: https://urllib3.readthedocs.io/en/latest/advanced-usage.html#tls-warnings
  warnings.warn(</msg>
<msg time="2024-06-12T22:14:13.194873" level="INFO">${response} = &lt;Response [200]&gt;</msg>
<var>${response}</var>
<arg>consultarAPI</arg>
<arg>/api</arg>
<doc>Sends a GET request on a previously created HTTP Session.</doc>
<status status="PASS" start="2024-06-12T22:14:13.092645" elapsed="0.102269"/>
</kw>
<kw name="Set Variable" owner="BuiltIn">
<msg time="2024-06-12T22:14:13.195924" level="INFO">${json_data} = {'results': [{'gender': 'male', 'name': {'title': 'Mr', 'first': 'Gilbert', 'last': 'Peterson'}, 'location': {'street': {'number': 1501, 'name': 'Hogan St'}, 'city': 'Lafayette', 'state': 'Kansas', 'c...</msg>
<var>${json_data}</var>
<arg>${response.json()}</arg>
<doc>Returns the given values which can then be assigned to a variables.</doc>
<status status="PASS" start="2024-06-12T22:14:13.195408" elapsed="0.000545"/>
</kw>
<kw name="Log" owner="BuiltIn">
<msg time="2024-06-12T22:14:13.196471" level="INFO">{'results': [{'gender': 'male', 'name': {'title': 'Mr', 'first': 'Gilbert', 'last': 'Peterson'}, 'location': {'street': {'number': 1501, 'name': 'Hogan St'}, 'city': 'Lafayette', 'state': 'Kansas', 'country': 'United States', 'postcode': 95272, 'coordinates': {'latitude': '82.9918', 'longitude': '-128.3627'}, 'timezone': {'offset': '+3:30', 'description': 'Tehran'}}, 'email': 'gilbert.peterson@example.com', 'login': {'uuid': '6b92674f-bf51-4711-85d1-82ab97522b9c', 'username': 'smallbutterfly588', 'password': 'fdsa', 'salt': 'Q8xhEggG', 'md5': '347f4635991af608d6bdcfdfed8df609', 'sha1': '94478725f0b79c5105dd28f47b3517558a4a29cf', 'sha256': 'dc50b2f5a4ec653f4318c3b10536e0d62ece4feae9cce6b2450b2f429c5757a5'}, 'dob': {'date': '1953-08-09T16:06:34.628Z', 'age': 70}, 'registered': {'date': '2016-01-24T15:11:28.251Z', 'age': 8}, 'phone': '(643) 317-5885', 'cell': '(938) 574-2926', 'id': {'name': 'SSN', 'value': '188-85-2726'}, 'picture': {'large': 'https://randomuser.me/api/portraits/men/71.jpg', 'medium': 'https://randomuser.me/api/portraits/med/men/71.jpg', 'thumbnail': 'https://randomuser.me/api/portraits/thumb/men/71.jpg'}, 'nat': 'US'}], 'info': {'seed': 'b5e4b4ed2109567a', 'results': 1, 'page': 1, 'version': '1.4'}}</msg>
<arg>${json_data}</arg>
<doc>Logs the given message with the given level.</doc>
<status status="PASS" start="2024-06-12T22:14:13.196304" elapsed="0.000215"/>
</kw>
<kw name="Dictionary Should Contain Key" owner="Collections">
<arg>${json_data}</arg>
<arg>results</arg>
<doc>Fails if ``key`` is not found from ``dictionary``.</doc>
<status status="PASS" start="2024-06-12T22:14:13.196817" elapsed="0.000162"/>
</kw>
<kw name="Should Not Be Empty" owner="BuiltIn">
<msg time="2024-06-12T22:14:13.197290" level="INFO">Length is 2.</msg>
<arg>${json_data}</arg>
<doc>Verifies that the given item is not empty.</doc>
<status status="PASS" start="2024-06-12T22:14:13.197164" elapsed="0.000165"/>
</kw>
<kw name="Create List" owner="BuiltIn">
<msg time="2024-06-12T22:14:13.197766" level="INFO">${expected_keys} = ['gender', 'name', 'location', 'email', 'login']</msg>
<var>${expected_keys}</var>
<arg>gender</arg>
<arg>name</arg>
<arg>location</arg>
<arg>email</arg>
<arg>login</arg>
<doc>Returns a list containing given items.</doc>
<status status="PASS" start="2024-06-12T22:14:13.197619" elapsed="0.000171"/>
</kw>
<for flavor="IN">
<iter>
<kw name="Dictionary Should Contain Key" owner="Collections">
<arg>${json_data['results'][0]}</arg>
<arg>${key}</arg>
<doc>Fails if ``key`` is not found from ``dictionary``.</doc>
<status status="PASS" start="2024-06-12T22:14:13.198524" elapsed="0.000412"/>
</kw>
<kw name="Log" owner="BuiltIn">
<msg time="2024-06-12T22:14:13.199509" level="INFO">{'gender': 'male', 'name': {'title': 'Mr', 'first': 'Gilbert', 'last': 'Peterson'}, 'location': {'street': {'number': 1501, 'name': 'Hogan St'}, 'city': 'Lafayette', 'state': 'Kansas', 'country': 'United States', 'postcode': 95272, 'coordinates': {'latitude': '82.9918', 'longitude': '-128.3627'}, 'timezone': {'offset': '+3:30', 'description': 'Tehran'}}, 'email': 'gilbert.peterson@example.com', 'login': {'uuid': '6b92674f-bf51-4711-85d1-82ab97522b9c', 'username': 'smallbutterfly588', 'password': 'fdsa', 'salt': 'Q8xhEggG', 'md5': '347f4635991af608d6bdcfdfed8df609', 'sha1': '94478725f0b79c5105dd28f47b3517558a4a29cf', 'sha256': 'dc50b2f5a4ec653f4318c3b10536e0d62ece4feae9cce6b2450b2f429c5757a5'}, 'dob': {'date': '1953-08-09T16:06:34.628Z', 'age': 70}, 'registered': {'date': '2016-01-24T15:11:28.251Z', 'age': 8}, 'phone': '(643) 317-5885', 'cell': '(938) 574-2926', 'id': {'name': 'SSN', 'value': '188-85-2726'}, 'picture': {'large': 'https://randomuser.me/api/portraits/men/71.jpg', 'medium': 'https://randomuser.me/api/portraits/med/men/71.jpg', 'thumbnail': 'https://randomuser.me/api/portraits/thumb/men/71.jpg'}, 'nat': 'US'}</msg>
<arg>${json_data['results'][0]}</arg>
<doc>Logs the given message with the given level.</doc>
<status status="PASS" start="2024-06-12T22:14:13.199143" elapsed="0.000417"/>
</kw>
<kw name="Log" owner="BuiltIn">
<msg time="2024-06-12T22:14:13.199995" level="INFO">gender</msg>
<arg>${key}</arg>
<doc>Logs the given message with the given level.</doc>
<status status="PASS" start="2024-06-12T22:14:13.199863" elapsed="0.000171"/>
</kw>
<var name="${key}">gender</var>
<status status="PASS" start="2024-06-12T22:14:13.198387" elapsed="0.001895"/>
</iter>
<iter>
<kw name="Dictionary Should Contain Key" owner="Collections">
<arg>${json_data['results'][0]}</arg>
<arg>${key}</arg>
<doc>Fails if ``key`` is not found from ``dictionary``.</doc>
<status status="PASS" start="2024-06-12T22:14:13.200584" elapsed="0.000394"/>
</kw>
<kw name="Log" owner="BuiltIn">
<msg time="2024-06-12T22:14:13.201534" level="INFO">{'gender': 'male', 'name': {'title': 'Mr', 'first': 'Gilbert', 'last': 'Peterson'}, 'location': {'street': {'number': 1501, 'name': 'Hogan St'}, 'city': 'Lafayette', 'state': 'Kansas', 'country': 'United States', 'postcode': 95272, 'coordinates': {'latitude': '82.9918', 'longitude': '-128.3627'}, 'timezone': {'offset': '+3:30', 'description': 'Tehran'}}, 'email': 'gilbert.peterson@example.com', 'login': {'uuid': '6b92674f-bf51-4711-85d1-82ab97522b9c', 'username': 'smallbutterfly588', 'password': 'fdsa', 'salt': 'Q8xhEggG', 'md5': '347f4635991af608d6bdcfdfed8df609', 'sha1': '94478725f0b79c5105dd28f47b3517558a4a29cf', 'sha256': 'dc50b2f5a4ec653f4318c3b10536e0d62ece4feae9cce6b2450b2f429c5757a5'}, 'dob': {'date': '1953-08-09T16:06:34.628Z', 'age': 70}, 'registered': {'date': '2016-01-24T15:11:28.251Z', 'age': 8}, 'phone': '(643) 317-5885', 'cell': '(938) 574-2926', 'id': {'name': 'SSN', 'value': '188-85-2726'}, 'picture': {'large': 'https://randomuser.me/api/portraits/men/71.jpg', 'medium': 'https://randomuser.me/api/portraits/med/men/71.jpg', 'thumbnail': 'https://randomuser.me/api/portraits/thumb/men/71.jpg'}, 'nat': 'US'}</msg>
<arg>${json_data['results'][0]}</arg>
<doc>Logs the given message with the given level.</doc>
<status status="PASS" start="2024-06-12T22:14:13.201182" elapsed="0.000432"/>
</kw>
<kw name="Log" owner="BuiltIn">
<msg time="2024-06-12T22:14:13.202103" level="INFO">name</msg>
<arg>${key}</arg>
<doc>Logs the given message with the given level.</doc>
<status status="PASS" start="2024-06-12T22:14:13.201939" elapsed="0.000230"/>
</kw>
<var name="${key}">name</var>
<status status="PASS" start="2024-06-12T22:14:13.200472" elapsed="0.001929"/>
</iter>
<iter>
<kw name="Dictionary Should Contain Key" owner="Collections">
<arg>${json_data['results'][0]}</arg>
<arg>${key}</arg>
<doc>Fails if ``key`` is not found from ``dictionary``.</doc>
<status status="PASS" start="2024-06-12T22:14:13.202705" elapsed="0.000387"/>
</kw>
<kw name="Log" owner="BuiltIn">
<msg time="2024-06-12T22:14:13.203642" level="INFO">{'gender': 'male', 'name': {'title': 'Mr', 'first': 'Gilbert', 'last': 'Peterson'}, 'location': {'street': {'number': 1501, 'name': 'Hogan St'}, 'city': 'Lafayette', 'state': 'Kansas', 'country': 'United States', 'postcode': 95272, 'coordinates': {'latitude': '82.9918', 'longitude': '-128.3627'}, 'timezone': {'offset': '+3:30', 'description': 'Tehran'}}, 'email': 'gilbert.peterson@example.com', 'login': {'uuid': '6b92674f-bf51-4711-85d1-82ab97522b9c', 'username': 'smallbutterfly588', 'password': 'fdsa', 'salt': 'Q8xhEggG', 'md5': '347f4635991af608d6bdcfdfed8df609', 'sha1': '94478725f0b79c5105dd28f47b3517558a4a29cf', 'sha256': 'dc50b2f5a4ec653f4318c3b10536e0d62ece4feae9cce6b2450b2f429c5757a5'}, 'dob': {'date': '1953-08-09T16:06:34.628Z', 'age': 70}, 'registered': {'date': '2016-01-24T15:11:28.251Z', 'age': 8}, 'phone': '(643) 317-5885', 'cell': '(938) 574-2926', 'id': {'name': 'SSN', 'value': '188-85-2726'}, 'picture': {'large': 'https://randomuser.me/api/portraits/men/71.jpg', 'medium': 'https://randomuser.me/api/portraits/med/men/71.jpg', 'thumbnail': 'https://randomuser.me/api/portraits/thumb/men/71.jpg'}, 'nat': 'US'}</msg>
<arg>${json_data['results'][0]}</arg>
<doc>Logs the given message with the given level.</doc>
<status status="PASS" start="2024-06-12T22:14:13.203292" elapsed="0.000415"/>
</kw>
<kw name="Log" owner="BuiltIn">
<msg time="2024-06-12T22:14:13.204132" level="INFO">location</msg>
<arg>${key}</arg>
<doc>Logs the given message with the given level.</doc>
<status status="PASS" start="2024-06-12T22:14:13.204006" elapsed="0.000163"/>
</kw>
<var name="${key}">location</var>
<status status="PASS" start="2024-06-12T22:14:13.202595" elapsed="0.001842"/>
</iter>
<iter>
<kw name="Dictionary Should Contain Key" owner="Collections">
<arg>${json_data['results'][0]}</arg>
<arg>${key}</arg>
<doc>Fails if ``key`` is not found from ``dictionary``.</doc>
<status status="PASS" start="2024-06-12T22:14:13.204719" elapsed="0.000377"/>
</kw>
<kw name="Log" owner="BuiltIn">
<msg time="2024-06-12T22:14:13.205634" level="INFO">{'gender': 'male', 'name': {'title': 'Mr', 'first': 'Gilbert', 'last': 'Peterson'}, 'location': {'street': {'number': 1501, 'name': 'Hogan St'}, 'city': 'Lafayette', 'state': 'Kansas', 'country': 'United States', 'postcode': 95272, 'coordinates': {'latitude': '82.9918', 'longitude': '-128.3627'}, 'timezone': {'offset': '+3:30', 'description': 'Tehran'}}, 'email': 'gilbert.peterson@example.com', 'login': {'uuid': '6b92674f-bf51-4711-85d1-82ab97522b9c', 'username': 'smallbutterfly588', 'password': 'fdsa', 'salt': 'Q8xhEggG', 'md5': '347f4635991af608d6bdcfdfed8df609', 'sha1': '94478725f0b79c5105dd28f47b3517558a4a29cf', 'sha256': 'dc50b2f5a4ec653f4318c3b10536e0d62ece4feae9cce6b2450b2f429c5757a5'}, 'dob': {'date': '1953-08-09T16:06:34.628Z', 'age': 70}, 'registered': {'date': '2016-01-24T15:11:28.251Z', 'age': 8}, 'phone': '(643) 317-5885', 'cell': '(938) 574-2926', 'id': {'name': 'SSN', 'value': '188-85-2726'}, 'picture': {'large': 'https://randomuser.me/api/portraits/men/71.jpg', 'medium': 'https://randomuser.me/api/portraits/med/men/71.jpg', 'thumbnail': 'https://randomuser.me/api/portraits/thumb/men/71.jpg'}, 'nat': 'US'}</msg>
<arg>${json_data['results'][0]}</arg>
<doc>Logs the given message with the given level.</doc>
<status status="PASS" start="2024-06-12T22:14:13.205278" elapsed="0.000405"/>
</kw>
<kw name="Log" owner="BuiltIn">
<msg time="2024-06-12T22:14:13.206107" level="INFO">email</msg>
<arg>${key}</arg>
<doc>Logs the given message with the given level.</doc>
<status status="PASS" start="2024-06-12T22:14:13.205978" elapsed="0.000168"/>
</kw>
<var name="${key}">email</var>
<status status="PASS" start="2024-06-12T22:14:13.204611" elapsed="0.001751"/>
</iter>
<iter>
<kw name="Dictionary Should Contain Key" owner="Collections">
<arg>${json_data['results'][0]}</arg>
<arg>${key}</arg>
<doc>Fails if ``key`` is not found from ``dictionary``.</doc>
<status status="PASS" start="2024-06-12T22:14:13.206644" elapsed="0.000382"/>
</kw>
<kw name="Log" owner="BuiltIn">
<msg time="2024-06-12T22:14:13.207570" level="INFO">{'gender': 'male', 'name': {'title': 'Mr', 'first': 'Gilbert', 'last': 'Peterson'}, 'location': {'street': {'number': 1501, 'name': 'Hogan St'}, 'city': 'Lafayette', 'state': 'Kansas', 'country': 'United States', 'postcode': 95272, 'coordinates': {'latitude': '82.9918', 'longitude': '-128.3627'}, 'timezone': {'offset': '+3:30', 'description': 'Tehran'}}, 'email': 'gilbert.peterson@example.com', 'login': {'uuid': '6b92674f-bf51-4711-85d1-82ab97522b9c', 'username': 'smallbutterfly588', 'password': 'fdsa', 'salt': 'Q8xhEggG', 'md5': '347f4635991af608d6bdcfdfed8df609', 'sha1': '94478725f0b79c5105dd28f47b3517558a4a29cf', 'sha256': 'dc50b2f5a4ec653f4318c3b10536e0d62ece4feae9cce6b2450b2f429c5757a5'}, 'dob': {'date': '1953-08-09T16:06:34.628Z', 'age': 70}, 'registered': {'date': '2016-01-24T15:11:28.251Z', 'age': 8}, 'phone': '(643) 317-5885', 'cell': '(938) 574-2926', 'id': {'name': 'SSN', 'value': '188-85-2726'}, 'picture': {'large': 'https://randomuser.me/api/portraits/men/71.jpg', 'medium': 'https://randomuser.me/api/portraits/med/men/71.jpg', 'thumbnail': 'https://randomuser.me/api/portraits/thumb/men/71.jpg'}, 'nat': 'US'}</msg>
<arg>${json_data['results'][0]}</arg>
<doc>Logs the given message with the given level.</doc>
<status status="PASS" start="2024-06-12T22:14:13.207223" elapsed="0.000394"/>
</kw>
<kw name="Log" owner="BuiltIn">
<msg time="2024-06-12T22:14:13.208146" level="INFO">login</msg>
<arg>${key}</arg>
<doc>Logs the given message with the given level.</doc>
<status status="PASS" start="2024-06-12T22:14:13.207909" elapsed="0.000276"/>
</kw>
<var name="${key}">login</var>
<status status="PASS" start="2024-06-12T22:14:13.206536" elapsed="0.001893"/>
</iter>
<var>${key}</var>
<value>@{expected_keys}</value>
<status status="PASS" start="2024-06-12T22:14:13.198121" elapsed="0.010432"/>
</for>
<kw name="Create List" owner="BuiltIn">
<msg time="2024-06-12T22:14:13.208877" level="INFO">${expected_keysTwo} = ['username', 'password']</msg>
<var>${expected_keysTwo}</var>
<arg>username</arg>
<arg>password</arg>
<doc>Returns a list containing given items.</doc>
<status status="PASS" start="2024-06-12T22:14:13.208744" elapsed="0.000157"/>
</kw>
<for flavor="IN">
<iter>
<kw name="Dictionary Should Contain Key" owner="Collections">
<arg>${json_data['results'][0]['login']}</arg>
<arg>${keyTwo}</arg>
<doc>Fails if ``key`` is not found from ``dictionary``.</doc>
<status status="PASS" start="2024-06-12T22:14:13.209437" elapsed="0.000385"/>
</kw>
<kw name="Dictionary Should Contain Key" owner="Collections">
<arg>${json_data['results'][0]['login']}</arg>
<arg>${keyTwo}</arg>
<doc>Fails if ``key`` is not found from ``dictionary``.</doc>
<status status="PASS" start="2024-06-12T22:14:13.210005" elapsed="0.000370"/>
</kw>
<kw name="Log" owner="BuiltIn">
<msg time="2024-06-12T22:14:13.210682" level="INFO">username</msg>
<arg>${keyTwo}</arg>
<doc>Logs the given message with the given level.</doc>
<status status="PASS" start="2024-06-12T22:14:13.210552" elapsed="0.000167"/>
</kw>
<var name="${keyTwo}">username</var>
<status status="PASS" start="2024-06-12T22:14:13.209331" elapsed="0.001609"/>
</iter>
<iter>
<kw name="Dictionary Should Contain Key" owner="Collections">
<arg>${json_data['results'][0]['login']}</arg>
<arg>${keyTwo}</arg>
<doc>Fails if ``key`` is not found from ``dictionary``.</doc>
<status status="PASS" start="2024-06-12T22:14:13.211228" elapsed="0.000371"/>
</kw>
<kw name="Dictionary Should Contain Key" owner="Collections">
<arg>${json_data['results'][0]['login']}</arg>
<arg>${keyTwo}</arg>
<doc>Fails if ``key`` is not found from ``dictionary``.</doc>
<status status="PASS" start="2024-06-12T22:14:13.211778" elapsed="0.000372"/>
</kw>
<kw name="Log" owner="BuiltIn">
<msg time="2024-06-12T22:14:13.212489" level="INFO">password</msg>
<arg>${keyTwo}</arg>
<doc>Logs the given message with the given level.</doc>
<status status="PASS" start="2024-06-12T22:14:13.212368" elapsed="0.000158"/>
</kw>
<var name="${keyTwo}">password</var>
<status status="PASS" start="2024-06-12T22:14:13.211119" elapsed="0.001629"/>
</iter>
<var>${keyTwo}</var>
<value>@{expected_keysTwo}</value>
<status status="PASS" start="2024-06-12T22:14:13.209165" elapsed="0.003707"/>
</for>
<status status="PASS" start="2024-06-12T22:14:13.092306" elapsed="0.120707"/>
</kw>
<doc>Testa a estrutura da resposta da API.</doc>
<tag>testeEstruturaResposta</tag>
<status status="PASS" start="2024-06-12T22:14:13.091299" elapsed="0.121885"/>
</test>
<test id="s1-s1-t4" name="Validar tipos de dados" line="28">
<kw name="Teste de Tipos de Dados" owner="random-user-service">
<kw name="GET On Session" owner="RequestsLibrary">
<msg time="2024-06-12T22:14:13.298318" level="INFO">GET Request : url=https://randomuser.me/api 
 path_url=/api 
 headers={'User-Agent': 'python-requests/2.32.3', 'Accept-Encoding': 'gzip, deflate', 'Accept': '*/*', 'Connection': 'keep-alive'} 
 body=None 
 </msg>
<msg time="2024-06-12T22:14:13.298417" level="INFO">GET Response : url=https://randomuser.me/api 
 status=200, reason=OK 
 headers={'Date': 'Wed, 12 Jun 2024 22:14:13 GMT', 'Content-Type': 'application/json; charset=utf-8', 'Transfer-Encoding': 'chunked', 'Connection': 'keep-alive', 'X-Powered-By': 'Express', 'Access-Control-Allow-Origin': '*', 'Cache-Control': 'no-cache', 'ETag': 'W/"480-66lpJ7lVf3F79V3CxBDjK9goSfY"', 'Vary': 'Accept-Encoding', 'Content-Encoding': 'gzip', 'CF-Cache-Status': 'DYNAMIC', 'Report-To': '{"endpoints":[{"url":"https:\\/\\/a.nel.cloudflare.com\\/report\\/v4?s=91IbcudZsvMKo76N6JMIQi1yqXPZjmB4TycJdfehVHDU33ToZYR1EwzfrnDjLW0WiKI%2FecgLd1juLiyeSXFh5nwmMKEIfudJKAv2VtT4jtaXKyQGyG9kDUtJxSDRAJ9l"}],"group":"cf-nel","max_age":604800}', 'NEL': '{"success_fraction":0,"report_to":"cf-nel","max_age":604800}', 'Server': 'cloudflare', 'CF-RAY': '892d314c9c2007ff-IAD', 'alt-svc': 'h3=":443"; ma=86400'} 
 body={"results":[{"gender":"male","name":{"title":"Mr","first":"Nathan","last":"Brown"},"location":{"street":{"number":2106,"name":"Dame Street"},"city":"Newbridge","state":"Louth","country":"Ireland","postcode":41040,"coordinates":{"latitude":"1.7301","longitude":"-34.3357"},"timezone":{"offset":"-3:00","description":"Brazil, Buenos Aires, Georgetown"}},"email":"nathan.brown@example.com","login":{"uuid":"b1531b95-ba31-45f6-a380-82ee61321a34","username":"orangebear575","password":"commando","salt":"RPmhw0y4","md5":"53dbf7eb16317e72ce2ae9bb6c6aeb80","sha1":"d9216914130f311ed39b4cf39cc55fdc90913148","sha256":"353398c11b2c0a224ddf0231d72920771eaf6bb5c60e6dfad2a380627338c0c3"},"dob":{"date":"1953-10-04T00:53:30.588Z","age":70},"registered":{"date":"2020-06-04T04:57:31.401Z","age":4},"phone":"041-111-0623","cell":"081-906-8760","id":{"name":"PPS","value":"5450968T"},"picture":{"large":"https://randomuser.me/api/portraits/men/91.jpg","medium":"https://randomuser.me/api/portraits/med/men/91.jpg","thumbnail":"https://randomuser.me/api/portraits/thumb/men/91.jpg"},"nat":"IE"}],"info":{"seed":"5f7245ebeadde4e2","results":1,"page":1,"version":"1.4"}} 
 </msg>
<msg time="2024-06-12T22:14:13.298501" level="INFO">/opt/hostedtoolcache/Python/3.12.3/x64/lib/python3.12/site-packages/urllib3/connectionpool.py:1103: InsecureRequestWarning: Unverified HTTPS request is being made to host 'randomuser.me'. Adding certificate verification is strongly advised. See: https://urllib3.readthedocs.io/en/latest/advanced-usage.html#tls-warnings
  warnings.warn(</msg>
<msg time="2024-06-12T22:14:13.298644" level="INFO">${response} = &lt;Response [200]&gt;</msg>
<var>${response}</var>
<arg>consultarAPI</arg>
<arg>/api</arg>
<doc>Sends a GET request on a previously created HTTP Session.</doc>
<status status="PASS" start="2024-06-12T22:14:13.215636" elapsed="0.083061"/>
</kw>
<kw name="Set Variable" owner="BuiltIn">
<msg time="2024-06-12T22:14:13.299628" level="INFO">${json_data} = {'results': [{'gender': 'male', 'name': {'title': 'Mr', 'first': 'Nathan', 'last': 'Brown'}, 'location': {'street': {'number': 2106, 'name': 'Dame Street'}, 'city': 'Newbridge', 'state': 'Louth', 'cou...</msg>
<var>${json_data}</var>
<arg>${response.json()}</arg>
<doc>Returns the given values which can then be assigned to a variables.</doc>
<status status="PASS" start="2024-06-12T22:14:13.299157" elapsed="0.000500"/>
</kw>
<kw name="Log" owner="BuiltIn">
<msg time="2024-06-12T22:14:13.300110" level="INFO">{'results': [{'gender': 'male', 'name': {'title': 'Mr', 'first': 'Nathan', 'last': 'Brown'}, 'location': {'street': {'number': 2106, 'name': 'Dame Street'}, 'city': 'Newbridge', 'state': 'Louth', 'country': 'Ireland', 'postcode': 41040, 'coordinates': {'latitude': '1.7301', 'longitude': '-34.3357'}, 'timezone': {'offset': '-3:00', 'description': 'Brazil, Buenos Aires, Georgetown'}}, 'email': 'nathan.brown@example.com', 'login': {'uuid': 'b1531b95-ba31-45f6-a380-82ee61321a34', 'username': 'orangebear575', 'password': 'commando', 'salt': 'RPmhw0y4', 'md5': '53dbf7eb16317e72ce2ae9bb6c6aeb80', 'sha1': 'd9216914130f311ed39b4cf39cc55fdc90913148', 'sha256': '353398c11b2c0a224ddf0231d72920771eaf6bb5c60e6dfad2a380627338c0c3'}, 'dob': {'date': '1953-10-04T00:53:30.588Z', 'age': 70}, 'registered': {'date': '2020-06-04T04:57:31.401Z', 'age': 4}, 'phone': '041-111-0623', 'cell': '081-906-8760', 'id': {'name': 'PPS', 'value': '5450968T'}, 'picture': {'large': 'https://randomuser.me/api/portraits/men/91.jpg', 'medium': 'https://randomuser.me/api/portraits/med/men/91.jpg', 'thumbnail': 'https://randomuser.me/api/portraits/thumb/men/91.jpg'}, 'nat': 'IE'}], 'info': {'seed': '5f7245ebeadde4e2', 'results': 1, 'page': 1, 'version': '1.4'}}</msg>
<arg>${json_data}</arg>
<doc>Logs the given message with the given level.</doc>
<status status="PASS" start="2024-06-12T22:14:13.299957" elapsed="0.000201"/>
</kw>
<kw name="Should Be String" owner="String">
<arg>${json_data['results'][0]['gender']}</arg>
<doc>Fails if the given ``item`` is not a string.</doc>
<status status="PASS" start="2024-06-12T22:14:13.300511" elapsed="0.000366"/>
</kw>
<kw name="Should Match Regexp" owner="BuiltIn">
<arg>${json_data['results'][0]['email']}</arg>
<arg>^[a-zA-Z0-9._%+-]+@[a-zA-Z0-9.-]+\.[a-zA-Z]{2,}$</arg>
<doc>Fails if ``string`` does not match ``pattern`` as a regular expression.</doc>
<status status="PASS" start="2024-06-12T22:14:13.301067" elapsed="0.000508"/>
</kw>
<kw name="Should Match Regexp" owner="BuiltIn">
<arg>${json_data['results'][0]['dob']['date']}</arg>
<arg>\\d{4}-\\d{2}-\\d{2}T\\d{2}:\\d{2}:\\d{2}\\.\\d{3}Z</arg>
<doc>Fails if ``string`` does not match ``pattern`` as a regular expression.</doc>
<status status="PASS" start="2024-06-12T22:14:13.301806" elapsed="0.000504"/>
</kw>
<kw name="Should Match Regexp" owner="BuiltIn">
<arg>${json_data['results'][0]['registered']['date']}</arg>
<arg>\\d{4}-\\d{2}-\\d{2}T\\d{2}:\\d{2}:\\d{2}\\.\\d{3}Z</arg>
<doc>Fails if ``string`` does not match ``pattern`` as a regular expression.</doc>
<status status="PASS" start="2024-06-12T22:14:13.302504" elapsed="0.000378"/>
</kw>
<kw name="Should Match Regexp" owner="BuiltIn">
<arg>${json_data['results'][0]['picture']['large']}</arg>
<arg>^https?://.*\.(?:png|jpe?g|gif|bmp)$</arg>
<doc>Fails if ``string`` does not match ``pattern`` as a regular expression.</doc>
<status status="PASS" start="2024-06-12T22:14:13.303071" elapsed="0.000455"/>
</kw>
<kw name="Should Match Regexp" owner="BuiltIn">
<arg>${json_data['results'][0]['picture']['medium']}</arg>
<arg>^https?://.*\.(?:png|jpe?g|gif|bmp)$</arg>
<doc>Fails if ``string`` does not match ``pattern`` as a regular expression.</doc>
<status status="PASS" start="2024-06-12T22:14:13.303719" elapsed="0.000362"/>
</kw>
<kw name="Should Match Regexp" owner="BuiltIn">
<arg>${json_data['results'][0]['picture']['thumbnail']}</arg>
<arg>^https?://.*\.(?:png|jpe?g|gif|bmp)$</arg>
<doc>Fails if ``string`` does not match ``pattern`` as a regular expression.</doc>
<status status="PASS" start="2024-06-12T22:14:13.304298" elapsed="0.000362"/>
</kw>
<kw name="Log" owner="BuiltIn">
<msg time="2024-06-12T22:14:13.305193" level="INFO">{'large': 'https://randomuser.me/api/portraits/men/91.jpg', 'medium': 'https://randomuser.me/api/portraits/med/men/91.jpg', 'thumbnail': 'https://randomuser.me/api/portraits/thumb/men/91.jpg'}</msg>
<arg>${json_data['results'][0]['picture']}</arg>
<doc>Logs the given message with the given level.</doc>
<status status="PASS" start="2024-06-12T22:14:13.304844" elapsed="0.000393"/>
</kw>
<status status="PASS" start="2024-06-12T22:14:13.215407" elapsed="0.090087"/>
</kw>
<kw name="Teste de Tipos de Dados - Postcode" owner="random-user-service">
<kw name="GET On Session" owner="RequestsLibrary">
<msg time="2024-06-12T22:14:13.389449" level="INFO">GET Request : url=https://randomuser.me/api 
 path_url=/api 
 headers={'User-Agent': 'python-requests/2.32.3', 'Accept-Encoding': 'gzip, deflate', 'Accept': '*/*', 'Connection': 'keep-alive'} 
 body=None 
 </msg>
<msg time="2024-06-12T22:14:13.389541" level="INFO">GET Response : url=https://randomuser.me/api 
 status=200, reason=OK 
 headers={'Date': 'Wed, 12 Jun 2024 22:14:13 GMT', 'Content-Type': 'application/json; charset=utf-8', 'Transfer-Encoding': 'chunked', 'Connection': 'keep-alive', 'X-Powered-By': 'Express', 'Access-Control-Allow-Origin': '*', 'Cache-Control': 'no-cache', 'ETag': 'W/"493-yyt2YqMFCth2FDTnEpcmUw2XPsI"', 'Vary': 'Accept-Encoding', 'Content-Encoding': 'gzip', 'CF-Cache-Status': 'DYNAMIC', 'Report-To': '{"endpoints":[{"url":"https:\\/\\/a.nel.cloudflare.com\\/report\\/v4?s=Zj80oD8x4Sa%2B7XaB0lQ3wmrNB6gb8mNyLF1k5X3X6vGYk4fsVEePGLPYUJCq55%2B4GfS30TYFNuVDKi9goy0uh5i8zNsc%2FP4mGChH03ncZklHmHEC6SA1VWc32jPtW%2B%2Fo"}],"group":"cf-nel","max_age":604800}', 'NEL': '{"success_fraction":0,"report_to":"cf-nel","max_age":604800}', 'Server': 'cloudflare', 'CF-RAY': '892d314d2cb607ff-IAD', 'alt-svc': 'h3=":443"; ma=86400'} 
 body={"results":[{"gender":"male","name":{"title":"Mr","first":"Kurt","last":"Bates"},"location":{"street":{"number":2434,"name":"Taylor St"},"city":"Henderson","state":"Idaho","country":"United States","postcode":86442,"coordinates":{"latitude":"81.7118","longitude":"-117.4401"},"timezone":{"offset":"-5:00","description":"Eastern Time (US &amp; Canada), Bogota, Lima"}},"email":"kurt.bates@example.com","login":{"uuid":"9033d63d-9bb9-41f0-8127-e20c3fe995f0","username":"blackladybug917","password":"amazing","salt":"JTTJf8cF","md5":"ca2f9f209d83d8f6c4792fb578536a00","sha1":"28d5686c47740e7ff627f136f0e8f6b3c26e3e13","sha256":"a71b0fbc80b6e02b9b10bf79b520b475a2748804b7612e0f2ab71097a8131b60"},"dob":{"date":"1953-09-22T10:31:18.899Z","age":70},"registered":{"date":"2002-11-27T07:18:57.769Z","age":21},"phone":"(399) 663-9070","cell":"(976) 787-3870","id":{"name":"SSN","value":"718-73-7596"},"picture":{"large":"https://randomuser.me/api/portraits/men/78.jpg","medium":"https://randomuser.me/api/portraits/med/men/78.jpg","thumbnail":"https://randomuser.me/api/portraits/thumb/men/78.jpg"},"nat":"US"}],"info":{"seed":"feebd6fb804525c7","results":1,"page":1,"version":"1.4"}} 
 </msg>
<msg time="2024-06-12T22:14:13.389631" level="INFO">/opt/hostedtoolcache/Python/3.12.3/x64/lib/python3.12/site-packages/urllib3/connectionpool.py:1103: InsecureRequestWarning: Unverified HTTPS request is being made to host 'randomuser.me'. Adding certificate verification is strongly advised. See: https://urllib3.readthedocs.io/en/latest/advanced-usage.html#tls-warnings
  warnings.warn(</msg>
<msg time="2024-06-12T22:14:13.389782" level="INFO">${response} = &lt;Response [200]&gt;</msg>
<var>${response}</var>
<arg>consultarAPI</arg>
<arg>/api</arg>
<doc>Sends a GET request on a previously created HTTP Session.</doc>
<status status="PASS" start="2024-06-12T22:14:13.305952" elapsed="0.083874"/>
</kw>
<kw name="Set Variable" owner="BuiltIn">
<msg time="2024-06-12T22:14:13.390804" level="INFO">${json_data} = {'results': [{'gender': 'male', 'name': {'title': 'Mr', 'first': 'Kurt', 'last': 'Bates'}, 'location': {'street': {'number': 2434, 'name': 'Taylor St'}, 'city': 'Henderson', 'state': 'Idaho', 'country...</msg>
<var>${json_data}</var>
<arg>${response.json()}</arg>
<doc>Returns the given values which can then be assigned to a variables.</doc>
<status status="PASS" start="2024-06-12T22:14:13.390315" elapsed="0.000520"/>
</kw>
<kw name="Log" owner="BuiltIn">
<msg time="2024-06-12T22:14:13.391300" level="INFO">{'results': [{'gender': 'male', 'name': {'title': 'Mr', 'first': 'Kurt', 'last': 'Bates'}, 'location': {'street': {'number': 2434, 'name': 'Taylor St'}, 'city': 'Henderson', 'state': 'Idaho', 'country': 'United States', 'postcode': 86442, 'coordinates': {'latitude': '81.7118', 'longitude': '-117.4401'}, 'timezone': {'offset': '-5:00', 'description': 'Eastern Time (US &amp; Canada), Bogota, Lima'}}, 'email': 'kurt.bates@example.com', 'login': {'uuid': '9033d63d-9bb9-41f0-8127-e20c3fe995f0', 'username': 'blackladybug917', 'password': 'amazing', 'salt': 'JTTJf8cF', 'md5': 'ca2f9f209d83d8f6c4792fb578536a00', 'sha1': '28d5686c47740e7ff627f136f0e8f6b3c26e3e13', 'sha256': 'a71b0fbc80b6e02b9b10bf79b520b475a2748804b7612e0f2ab71097a8131b60'}, 'dob': {'date': '1953-09-22T10:31:18.899Z', 'age': 70}, 'registered': {'date': '2002-11-27T07:18:57.769Z', 'age': 21}, 'phone': '(399) 663-9070', 'cell': '(976) 787-3870', 'id': {'name': 'SSN', 'value': '718-73-7596'}, 'picture': {'large': 'https://randomuser.me/api/portraits/men/78.jpg', 'medium': 'https://randomuser.me/api/portraits/med/men/78.jpg', 'thumbnail': 'https://randomuser.me/api/portraits/thumb/men/78.jpg'}, 'nat': 'US'}], 'info': {'seed': 'feebd6fb804525c7', 'results': 1, 'page': 1, 'version': '1.4'}}</msg>
<arg>${json_data}</arg>
<doc>Logs the given message with the given level.</doc>
<status status="PASS" start="2024-06-12T22:14:13.391142" elapsed="0.000207"/>
</kw>
<kw name="Should Be Equal As Numbers" owner="BuiltIn">
<arg>${json_data['results'][0]['location']['postcode']}</arg>
<arg>${json_data['results'][0]['location']['postcode']}</arg>
<doc>Fails if objects are unequal after converting them to real numbers.</doc>
<status status="PASS" start="2024-06-12T22:14:13.391642" elapsed="0.000661"/>
</kw>
<kw name="Log" owner="BuiltIn">
<msg time="2024-06-12T22:14:13.392843" level="INFO">86442</msg>
<arg>${json_data['results'][0]['location']['postcode']}</arg>
<doc>Logs the given message with the given level.</doc>
<status status="PASS" start="2024-06-12T22:14:13.392507" elapsed="0.000377"/>
</kw>
<status status="PASS" start="2024-06-12T22:14:13.305721" elapsed="0.087449"/>
</kw>
<doc>Testa se os tipos de dados na resposta da API estão corretos.</doc>
<tag>testeTiposDados</tag>
<status status="PASS" start="2024-06-12T22:14:13.214964" elapsed="0.178381"/>
</test>
<test id="s1-s1-t5" name="Validar conteudo" line="35">
<kw name="Teste de Tipos de Conteudo" owner="random-user-service">
<kw name="GET On Session" owner="RequestsLibrary">
<msg time="2024-06-12T22:14:13.506490" level="INFO">GET Request : url=https://randomuser.me/api 
 path_url=/api 
 headers={'User-Agent': 'python-requests/2.32.3', 'Accept-Encoding': 'gzip, deflate', 'Accept': '*/*', 'Connection': 'keep-alive'} 
 body=None 
 </msg>
<msg time="2024-06-12T22:14:13.506581" level="INFO">GET Response : url=https://randomuser.me/api 
 status=200, reason=OK 
 headers={'Date': 'Wed, 12 Jun 2024 22:14:13 GMT', 'Content-Type': 'application/json; charset=utf-8', 'Transfer-Encoding': 'chunked', 'Connection': 'keep-alive', 'X-Powered-By': 'Express', 'Access-Control-Allow-Origin': '*', 'Cache-Control': 'no-cache', 'ETag': 'W/"480-9P1S7bDtbuGaWRKFKc+GdjXGMm4"', 'Vary': 'Accept-Encoding', 'Content-Encoding': 'gzip', 'CF-Cache-Status': 'DYNAMIC', 'Report-To': '{"endpoints":[{"url":"https:\\/\\/a.nel.cloudflare.com\\/report\\/v4?s=EwJNbA2i9U1F3aQJKtfMCguo0C7chVk9H9SXq%2BG5NtRJ%2B%2FdeYcAk0BdL0DOoFK6qjuyT4i5UlGEJBoi8ToTk2OwRNBt0XhC7ZrbJfUO2jbhE0m1B1Dc6FOJczj551ODe"}],"group":"cf-nel","max_age":604800}', 'NEL': '{"success_fraction":0,"report_to":"cf-nel","max_age":604800}', 'Server': 'cloudflare', 'CF-RAY': '892d314dbd4e07ff-IAD', 'alt-svc': 'h3=":443"; ma=86400'} 
 body={"results":[{"gender":"male","name":{"title":"Mr","first":"Anael","last":"Pereira"},"location":{"street":{"number":3947,"name":"Rua Santa Maria "},"city":"Brasília","state":"Rio Grande do Norte","country":"Brazil","postcode":25165,"coordinates":{"latitude":"-77.6161","longitude":"-176.7452"},"timezone":{"offset":"+3:30","description":"Tehran"}},"email":"anael.pereira@example.com","login":{"uuid":"1c96a2b2-05a4-4047-af74-3610d3ec972d","username":"heavyfish292","password":"xing","salt":"cuNqaqDy","md5":"540f7eff9aa486bc1fc479f5fb15b6dd","sha1":"6781e1deb365c2053e90bdd20df145356d780dc5","sha256":"c502dab6e621cc363f6c9857794d165d50fa015d6d597554bff589b19e5acd09"},"dob":{"date":"1966-03-12T14:06:41.583Z","age":58},"registered":{"date":"2004-04-04T04:52:43.605Z","age":20},"phone":"(82) 9754-1888","cell":"(63) 3199-9092","id":{"name":"CPF","value":"847.058.214-03"},"picture":{"large":"https://randomuser.me/api/portraits/men/2.jpg","medium":"https://randomuser.me/api/portraits/med/men/2.jpg","thumbnail":"https://randomuser.me/api/portraits/thumb/men/2.jpg"},"nat":"BR"}],"info":{"seed":"2482157980b85654","results":1,"page":1,"version":"1.4"}} 
 </msg>
<msg time="2024-06-12T22:14:13.506652" level="INFO">/opt/hostedtoolcache/Python/3.12.3/x64/lib/python3.12/site-packages/urllib3/connectionpool.py:1103: InsecureRequestWarning: Unverified HTTPS request is being made to host 'randomuser.me'. Adding certificate verification is strongly advised. See: https://urllib3.readthedocs.io/en/latest/advanced-usage.html#tls-warnings
  warnings.warn(</msg>
<msg time="2024-06-12T22:14:13.506791" level="INFO">${response} = &lt;Response [200]&gt;</msg>
<var>${response}</var>
<arg>consultarAPI</arg>
<arg>/api</arg>
<doc>Sends a GET request on a previously created HTTP Session.</doc>
<status status="PASS" start="2024-06-12T22:14:13.395871" elapsed="0.110961"/>
</kw>
<kw name="Set Variable" owner="BuiltIn">
<msg time="2024-06-12T22:14:13.507838" level="INFO">${json_data} = {'results': [{'gender': 'male', 'name': {'title': 'Mr', 'first': 'Anael', 'last': 'Pereira'}, 'location': {'street': {'number': 3947, 'name': 'Rua Santa Maria '}, 'city': 'Brasília', 'state': 'Rio Gra...</msg>
<var>${json_data}</var>
<arg>${response.json()}</arg>
<doc>Returns the given values which can then be assigned to a variables.</doc>
<status status="PASS" start="2024-06-12T22:14:13.507325" elapsed="0.000543"/>
</kw>
<kw name="Set Variable" owner="BuiltIn">
<msg time="2024-06-12T22:14:13.508627" level="INFO">${name_title} = Mr</msg>
<var>${name_title}</var>
<arg>${json_data["results"][0]["name"]["title"]}</arg>
<doc>Returns the given values which can then be assigned to a variables.</doc>
<status status="PASS" start="2024-06-12T22:14:13.508221" elapsed="0.000432"/>
</kw>
<kw name="Create List" owner="BuiltIn">
<msg time="2024-06-12T22:14:13.509110" level="INFO">${allowed_titles} = ['Mr', 'Ms', 'Miss', 'Mrs', 'Madame', 'Monsieur']</msg>
<var>${allowed_titles}</var>
<arg>Mr</arg>
<arg>Ms</arg>
<arg>Miss</arg>
<arg>Mrs</arg>
<arg>Madame</arg>
<arg>Monsieur</arg>
<doc>Returns a list containing given items.</doc>
<status status="PASS" start="2024-06-12T22:14:13.508958" elapsed="0.000177"/>
</kw>
<kw name="List Should Contain Value" owner="Collections">
<arg>${allowed_titles}</arg>
<arg>${name_title}</arg>
<doc>Fails if the ``value`` is not found from ``list``.</doc>
<status status="PASS" start="2024-06-12T22:14:13.509443" elapsed="0.000178"/>
</kw>
<kw name="Set Variable" owner="BuiltIn">
<msg time="2024-06-12T22:14:13.510184" level="INFO">${name_country} = BR</msg>
<var>${name_country}</var>
<arg>${json_data["results"][0]["nat"]}</arg>
<doc>Returns the given values which can then be assigned to a variables.</doc>
<status status="PASS" start="2024-06-12T22:14:13.509799" elapsed="0.000411"/>
</kw>
<kw name="Create List" owner="BuiltIn">
<msg time="2024-06-12T22:14:13.511117" level="INFO">${list_country} = ['AD', 'AE', 'AF', 'AG', 'AI', 'AL', 'AM', 'AO', 'AQ', 'AR', 'AS', 'AT', 'AU', 'AW', 'AX', 'AZ', 'BA', 'BB', 'BD', 'BE', 'BF', 'BG', 'BH', 'BI', 'BJ', 'BL', 'BM', 'BN', 'BO', 'BQ', 'BR', 'BS', 'BT', '...</msg>
<var>${list_country}</var>
<arg>AD</arg>
<arg>AE</arg>
<arg>AF</arg>
<arg>AG</arg>
<arg>AI</arg>
<arg>AL</arg>
<arg>AM</arg>
<arg>AO</arg>
<arg>AQ</arg>
<arg>AR</arg>
<arg>AS</arg>
<arg>AT</arg>
<arg>AU</arg>
<arg>AW</arg>
<arg>AX</arg>
<arg>AZ</arg>
<arg>BA</arg>
<arg>BB</arg>
<arg>BD</arg>
<arg>BE</arg>
<arg>BF</arg>
<arg>BG</arg>
<arg>BH</arg>
<arg>BI</arg>
<arg>BJ</arg>
<arg>BL</arg>
<arg>BM</arg>
<arg>BN</arg>
<arg>BO</arg>
<arg>BQ</arg>
<arg>BR</arg>
<arg>BS</arg>
<arg>BT</arg>
<arg>BV</arg>
<arg>BW</arg>
<arg>BY</arg>
<arg>BZ</arg>
<arg>CA</arg>
<arg>CC</arg>
<arg>CD</arg>
<arg>CF</arg>
<arg>CG</arg>
<arg>CH</arg>
<arg>CI</arg>
<arg>CK</arg>
<arg>CL</arg>
<arg>CM</arg>
<arg>CN</arg>
<arg>CO</arg>
<arg>CR</arg>
<arg>CU</arg>
<arg>CV</arg>
<arg>CW</arg>
<arg>CX</arg>
<arg>CY</arg>
<arg>CZ</arg>
<arg>DE</arg>
<arg>DJ</arg>
<arg>DK</arg>
<arg>DM</arg>
<arg>DO</arg>
<arg>DZ</arg>
<arg>EC</arg>
<arg>EE</arg>
<arg>EG</arg>
<arg>EH</arg>
<arg>ER</arg>
<arg>ES</arg>
<arg>ET</arg>
<arg>FI</arg>
<arg>FJ</arg>
<arg>FK</arg>
<arg>FM</arg>
<arg>FO</arg>
<arg>FR</arg>
<arg>GA</arg>
<arg>GB</arg>
<arg>GD</arg>
<arg>GE</arg>
<arg>GF</arg>
<arg>GG</arg>
<arg>GH</arg>
<arg>GI</arg>
<arg>GL</arg>
<arg>GM</arg>
<arg>GN</arg>
<arg>GP</arg>
<arg>GQ</arg>
<arg>GR</arg>
<arg>GS</arg>
<arg>GT</arg>
<arg>GU</arg>
<arg>GW</arg>
<arg>GY</arg>
<arg>HK</arg>
<arg>HM</arg>
<arg>HN</arg>
<arg>HR</arg>
<arg>HT</arg>
<arg>HU</arg>
<arg>ID</arg>
<arg>IE</arg>
<arg>IL</arg>
<arg>IM</arg>
<arg>IN</arg>
<arg>IO</arg>
<arg>IQ</arg>
<arg>IR</arg>
<arg>IS</arg>
<arg>IT</arg>
<arg>JE</arg>
<arg>JM</arg>
<arg>JO</arg>
<arg>JP</arg>
<arg>KE</arg>
<arg>KG</arg>
<arg>KH</arg>
<arg>KI</arg>
<arg>KM</arg>
<arg>KN</arg>
<arg>KP</arg>
<arg>KR</arg>
<arg>KW</arg>
<arg>KY</arg>
<arg>KZ</arg>
<arg>LA</arg>
<arg>LB</arg>
<arg>LC</arg>
<arg>LI</arg>
<arg>LK</arg>
<arg>LR</arg>
<arg>LS</arg>
<arg>LT</arg>
<arg>LU</arg>
<arg>LV</arg>
<arg>LY</arg>
<arg>MA</arg>
<arg>MC</arg>
<arg>MD</arg>
<arg>ME</arg>
<arg>MF</arg>
<arg>MG</arg>
<arg>MH</arg>
<arg>MK</arg>
<arg>ML</arg>
<arg>MM</arg>
<arg>MN</arg>
<arg>MO</arg>
<arg>MP</arg>
<arg>MQ</arg>
<arg>MR</arg>
<arg>MS</arg>
<arg>MT</arg>
<arg>MU</arg>
<arg>MV</arg>
<arg>MW</arg>
<arg>MX</arg>
<arg>MY</arg>
<arg>MZ</arg>
<arg>NA</arg>
<arg>NC</arg>
<arg>NE</arg>
<arg>NF</arg>
<arg>NG</arg>
<arg>NI</arg>
<arg>NL</arg>
<arg>NO</arg>
<arg>NP</arg>
<arg>NR</arg>
<arg>NU</arg>
<arg>NZ</arg>
<arg>OM</arg>
<arg>PA</arg>
<arg>PE</arg>
<arg>PF</arg>
<arg>PG</arg>
<arg>PH</arg>
<arg>PK</arg>
<arg>PL</arg>
<arg>PM</arg>
<arg>PN</arg>
<arg>PR</arg>
<arg>PS</arg>
<arg>PT</arg>
<arg>PW</arg>
<arg>PY</arg>
<arg>QA</arg>
<arg>RE</arg>
<arg>RO</arg>
<arg>RS</arg>
<arg>RU</arg>
<arg>RW</arg>
<arg>SA</arg>
<arg>SB</arg>
<arg>SC</arg>
<arg>SD</arg>
<arg>SE</arg>
<arg>SG</arg>
<arg>SH</arg>
<arg>SI</arg>
<arg>SJ</arg>
<arg>SK</arg>
<arg>SL</arg>
<arg>SM</arg>
<arg>SN</arg>
<arg>SO</arg>
<arg>SR</arg>
<arg>SS</arg>
<arg>ST</arg>
<arg>SV</arg>
<arg>SX</arg>
<arg>SY</arg>
<arg>SZ</arg>
<arg>TC</arg>
<arg>TD</arg>
<arg>TF</arg>
<arg>TG</arg>
<arg>TH</arg>
<arg>TJ</arg>
<arg>TK</arg>
<arg>TL</arg>
<arg>TM</arg>
<arg>TN</arg>
<arg>TO</arg>
<arg>TR</arg>
<arg>TT</arg>
<arg>TV</arg>
<arg>TW</arg>
<arg>TZ</arg>
<arg>UA</arg>
<arg>UG</arg>
<arg>UM</arg>
<arg>US</arg>
<arg>UY</arg>
<arg>UZ</arg>
<arg>VA</arg>
<arg>VC</arg>
<arg>VE</arg>
<arg>VG</arg>
<arg>VI</arg>
<arg>VN</arg>
<arg>VU</arg>
<arg>WF</arg>
<arg>WS</arg>
<arg>XK</arg>
<arg>YE</arg>
<arg>YT</arg>
<arg>ZA</arg>
<arg>ZM</arg>
<arg>ZW</arg>
<doc>Returns a list containing given items.</doc>
<status status="PASS" start="2024-06-12T22:14:13.510508" elapsed="0.000635"/>
</kw>
<kw name="List Should Contain Value" owner="Collections">
<arg>${list_country}</arg>
<arg>${name_country}</arg>
<doc>Fails if the ``value`` is not found from ``list``.</doc>
<status status="PASS" start="2024-06-12T22:14:13.511937" elapsed="0.000205"/>
</kw>
<kw name="Run Keyword If" owner="BuiltIn">
<kw name="Should Be True" owner="BuiltIn">
<arg>${True}</arg>
<doc>Fails if the given condition is not true.</doc>
<status status="PASS" start="2024-06-12T22:14:13.513245" elapsed="0.000144"/>
</kw>
<arg>${json_data["results"][0]["location"]["coordinates"]["latitude"]} &gt;= -90 and ${json_data["results"][0]["location"]["coordinates"]["latitude"]} &lt;= 90</arg>
<arg>Should Be True</arg>
<arg>${True}</arg>
<doc>Runs the given keyword with the given arguments, if ``condition`` is true.</doc>
<status status="PASS" start="2024-06-12T22:14:13.512367" elapsed="0.001152"/>
</kw>
<kw name="Run Keyword If" owner="BuiltIn">
<kw name="Should Be True" owner="BuiltIn">
<arg>${True}</arg>
<doc>Fails if the given condition is not true.</doc>
<status status="PASS" start="2024-06-12T22:14:13.514390" elapsed="0.000138"/>
</kw>
<arg>${json_data["results"][0]["location"]["coordinates"]["longitude"]} &gt;= -180 and ${json_data["results"][0]["location"]["coordinates"]["longitude"]} &lt;= 180</arg>
<arg>Should Be True</arg>
<arg>${True}</arg>
<doc>Runs the given keyword with the given arguments, if ``condition`` is true.</doc>
<status status="PASS" start="2024-06-12T22:14:13.513703" elapsed="0.000949"/>
</kw>
<status status="PASS" start="2024-06-12T22:14:13.395646" elapsed="0.119139"/>
</kw>
<doc>Testa o conteúdo específico dos campos retornados pela API.</doc>
<tag>testeConteudo</tag>
<status status="PASS" start="2024-06-12T22:14:13.395089" elapsed="0.119848"/>
</test>
<status status="PASS" start="2024-06-12T22:14:12.688746" elapsed="0.828155"/>
</suite>
<status status="PASS" start="2024-06-12T22:14:12.675226" elapsed="0.846707"/>
</suite>
<statistics>
<total>
<stat pass="5" fail="0" skip="0">All Tests</stat>
</total>
<tag>
<stat pass="1" fail="0" skip="0">testeConteudo</stat>
<stat pass="1" fail="0" skip="0">testeEstruturaResposta</stat>
<stat pass="1" fail="0" skip="0">testeRequisicaoBasica</stat>
<stat pass="1" fail="0" skip="0">testeTiposDados</stat>
</tag>
<suite>
<stat pass="5" fail="0" skip="0" id="s1" name="Tests">Tests</stat>
<stat pass="5" fail="0" skip="0" id="s1-s1" name="Random-User-Test">Tests.Random-User-Test</stat>
</suite>
</statistics>
<errors>
</errors>
</robot>
