<?xml version="1.0" encoding="UTF-8"?>
<robot generator="Robot 7.0.1 (Python 3.12.4 on linux)" generated="2024-07-08T22:14:43.610907" rpa="false" schemaversion="5">
<suite id="s1" name="Tests" source="/home/runner/work/ApiRandomUser/ApiRandomUser/RamdonUser/tests">
<suite id="s1-s1" name="Random-User-Test" source="/home/runner/work/ApiRandomUser/ApiRandomUser/RamdonUser/tests/random-user-test.robot">
<test id="s1-s1-t1" name="Conectar" line="13">
<kw name="Conectar API" owner="random-user-service">
<kw name="Create Session" owner="RequestsLibrary">
<msg time="2024-07-08T22:14:44.007781" level="INFO">Creating Session using : alias=consultarAPI, url=https://randomuser.me/, headers={},                     cookies={}, auth=None, timeout=None, proxies=None, verify=False,                     debug=0 </msg>
<arg>consultarAPI</arg>
<arg>${URL}</arg>
<doc>Create Session: create a HTTP session to a server</doc>
<status status="PASS" start="2024-07-08T22:14:44.007580" elapsed="0.000378"/>
</kw>
<status status="PASS" start="2024-07-08T22:14:44.006581" elapsed="0.001740"/>
</kw>
<status status="PASS" start="2024-07-08T22:14:44.005954" elapsed="0.002558"/>
</test>
<test id="s1-s1-t2" name="Validar retorno 200 e JSON Válido" line="16">
<kw name="Teste de Requisicao Basica" owner="random-user-service">
<kw name="GET On Session" owner="RequestsLibrary">
<msg time="2024-07-08T22:14:44.134883" level="INFO">GET Request : url=https://randomuser.me/api 
 path_url=/api 
 headers={'User-Agent': 'python-requests/2.32.3', 'Accept-Encoding': 'gzip, deflate', 'Accept': '*/*', 'Connection': 'keep-alive'} 
 body=None 
 </msg>
<msg time="2024-07-08T22:14:44.135029" level="INFO">GET Response : url=https://randomuser.me/api 
 status=200, reason=OK 
 headers={'Date': 'Mon, 08 Jul 2024 22:14:44 GMT', 'Content-Type': 'application/json; charset=utf-8', 'Transfer-Encoding': 'chunked', 'Connection': 'keep-alive', 'X-Powered-By': 'Express', 'Access-Control-Allow-Origin': '*', 'Cache-Control': 'no-cache', 'ETag': 'W/"499-zpx16TxlPO0uljMc3MXQZLB04gw"', 'Vary': 'Accept-Encoding', 'Content-Encoding': 'gzip', 'CF-Cache-Status': 'DYNAMIC', 'Report-To': '{"endpoints":[{"url":"https:\\/\\/a.nel.cloudflare.com\\/report\\/v4?s=jNai%2BywStdw%2BPDYwpuIoVOxJjEkBNVcHiACaR0PCzWxtBnzAIBrSnY8nf7wYpwWhW8eiqqKJIq%2B2n0kgQOeYe%2FYumX%2FfC7PVFtb0UUJWqQF3SlAxcRZCrmLPWLmZVoFj"}],"group":"cf-nel","max_age":604800}', 'NEL': '{"success_fraction":0,"report_to":"cf-nel","max_age":604800}', 'Server': 'cloudflare', 'CF-RAY': '8a036dcd3c8bcf4d-SJC', 'alt-svc': 'h3=":443"; ma=86400'} 
 body={"results":[{"gender":"female","name":{"title":"Ms","first":"Sofia","last":"Risberg"},"location":{"street":{"number":5652,"name":"Kristiansands gate"},"city":"Kaupanger","state":"Møre og Romsdal","country":"Norway","postcode":"6636","coordinates":{"latitude":"41.9117","longitude":"24.1206"},"timezone":{"offset":"+5:30","description":"Bombay, Calcutta, Madras, New Delhi"}},"email":"sofia.risberg@example.com","login":{"uuid":"dabb9756-7ae0-45cf-8814-63395225e7d4","username":"crazygorilla292","password":"asimov","salt":"P5cuW7WF","md5":"ef756bceda772cf09879b30cc1655757","sha1":"fa2a8d078cea530eb77b93a37a320586a9342b49","sha256":"333846c5f2c9a76626a6289dca7f58195477d792d70fafb443ca6be3f8538f73"},"dob":{"date":"1958-10-26T03:30:09.626Z","age":65},"registered":{"date":"2014-07-09T10:19:01.968Z","age":9},"phone":"21394826","cell":"44611000","id":{"name":"FN","value":"26105809688"},"picture":{"large":"https://randomuser.me/api/portraits/women/33.jpg","medium":"https://randomuser.me/api/portraits/med/women/33.jpg","thumbnail":"https://randomuser.me/api/portraits/thumb/women/33.jpg"},"nat":"NO"}],"info":{"seed":"a549cabadaf53fe8","results":1,"page":1,"version":"1.4"}} 
 </msg>
<msg time="2024-07-08T22:14:44.135114" level="INFO">/opt/hostedtoolcache/Python/3.12.4/x64/lib/python3.12/site-packages/urllib3/connectionpool.py:1099: InsecureRequestWarning: Unverified HTTPS request is being made to host 'randomuser.me'. Adding certificate verification is strongly advised. See: https://urllib3.readthedocs.io/en/latest/advanced-usage.html#tls-warnings
  warnings.warn(</msg>
<msg time="2024-07-08T22:14:44.135265" level="INFO">${response} = &lt;Response [200]&gt;</msg>
<var>${response}</var>
<arg>consultarAPI</arg>
<arg>/api</arg>
<doc>Sends a GET request on a previously created HTTP Session.</doc>
<status status="PASS" start="2024-07-08T22:14:44.011210" elapsed="0.124095"/>
</kw>
<kw name="Should Be Equal As Numbers" owner="BuiltIn">
<msg time="2024-07-08T22:14:44.136421" level="INFO">Argument types are:
&lt;class 'int'&gt;
&lt;class 'str'&gt;</msg>
<arg>${response.status_code}</arg>
<arg>200</arg>
<doc>Fails if objects are unequal after converting them to real numbers.</doc>
<status status="PASS" start="2024-07-08T22:14:44.135949" elapsed="0.000536"/>
</kw>
<kw name="Log" owner="BuiltIn">
<msg time="2024-07-08T22:14:44.137139" level="INFO">200</msg>
<arg>${response.status_code}</arg>
<doc>Logs the given message with the given level.</doc>
<status status="PASS" start="2024-07-08T22:14:44.136798" elapsed="0.000395"/>
</kw>
<kw name="Set Variable" owner="BuiltIn">
<msg time="2024-07-08T22:14:44.137977" level="INFO">${json_data} = {'results': [{'gender': 'female', 'name': {'title': 'Ms', 'first': 'Sofia', 'last': 'Risberg'}, 'location': {'street': {'number': 5652, 'name': 'Kristiansands gate'}, 'city': 'Kaupanger', 'state': 'Mø...</msg>
<var>${json_data}</var>
<arg>${response.json()}</arg>
<doc>Returns the given values which can then be assigned to a variables.</doc>
<status status="PASS" start="2024-07-08T22:14:44.137494" elapsed="0.000514"/>
</kw>
<kw name="Dictionary Should Contain Key" owner="Collections">
<arg>${json_data}</arg>
<arg>results</arg>
<doc>Fails if ``key`` is not found from ``dictionary``.</doc>
<status status="PASS" start="2024-07-08T22:14:44.138309" elapsed="0.000165"/>
</kw>
<status status="PASS" start="2024-07-08T22:14:44.010966" elapsed="0.127665"/>
</kw>
<doc>Testa se a API responde corretamente e retorna um objeto JSON válido.</doc>
<tag>testeRequisicaoBasica</tag>
<status status="PASS" start="2024-07-08T22:14:44.010431" elapsed="0.128373"/>
</test>
<test id="s1-s1-t3" name="Validar estrutura de resposta" line="22">
<kw name="Teste de Estrutura de Resposta" owner="random-user-service">
<kw name="GET On Session" owner="RequestsLibrary">
<msg time="2024-07-08T22:14:44.237408" level="INFO">GET Request : url=https://randomuser.me/api 
 path_url=/api 
 headers={'User-Agent': 'python-requests/2.32.3', 'Accept-Encoding': 'gzip, deflate', 'Accept': '*/*', 'Connection': 'keep-alive'} 
 body=None 
 </msg>
<msg time="2024-07-08T22:14:44.237507" level="INFO">GET Response : url=https://randomuser.me/api 
 status=200, reason=OK 
 headers={'Date': 'Mon, 08 Jul 2024 22:14:44 GMT', 'Content-Type': 'application/json; charset=utf-8', 'Transfer-Encoding': 'chunked', 'Connection': 'keep-alive', 'X-Powered-By': 'Express', 'Access-Control-Allow-Origin': '*', 'Cache-Control': 'no-cache', 'ETag': 'W/"48b-uMKH5Vky3gBuy0Xx3Bwzz4T42dE"', 'Vary': 'Accept-Encoding', 'Content-Encoding': 'gzip', 'CF-Cache-Status': 'DYNAMIC', 'Report-To': '{"endpoints":[{"url":"https:\\/\\/a.nel.cloudflare.com\\/report\\/v4?s=GrdDLKOfm5isRWlKvg33AgowA9T3bxX5FLQyMRbLNAI1wm%2FTF5bFgbheU49MguoLsSAmkkYmaw45xcHdwHknc5EHzspLb9VpRQouBB7PAs0aRzya45SREhE54atx3L0u"}],"group":"cf-nel","max_age":604800}', 'NEL': '{"success_fraction":0,"report_to":"cf-nel","max_age":604800}', 'Server': 'cloudflare', 'CF-RAY': '8a036dcded04cf4d-SJC', 'alt-svc': 'h3=":443"; ma=86400'} 
 body={"results":[{"gender":"male","name":{"title":"Mr","first":"Paul","last":"Soto"},"location":{"street":{"number":6064,"name":"E Sandy Lake Rd"},"city":"Maitland","state":"Australian Capital Territory","country":"Australia","postcode":9384,"coordinates":{"latitude":"-85.1019","longitude":"-79.7118"},"timezone":{"offset":"-12:00","description":"Eniwetok, Kwajalein"}},"email":"paul.soto@example.com","login":{"uuid":"cd093806-9f9d-4d09-ae2b-e4d2981fdb42","username":"bluepanda928","password":"sylveste","salt":"J7KYZcK6","md5":"0e7a6c4884a117522b93d65f25e3d5e1","sha1":"265767f49457f6fb4a2dbcd33741a5cbb3f8b53d","sha256":"f1764353363806bf3d256c3c6a376c7c19205921462b1fbbf369235fc22a1cd5"},"dob":{"date":"1962-05-11T11:40:52.428Z","age":62},"registered":{"date":"2019-03-17T08:50:47.049Z","age":5},"phone":"06-5098-7217","cell":"0422-043-127","id":{"name":"TFN","value":"843293060"},"picture":{"large":"https://randomuser.me/api/portraits/men/17.jpg","medium":"https://randomuser.me/api/portraits/med/men/17.jpg","thumbnail":"https://randomuser.me/api/portraits/thumb/men/17.jpg"},"nat":"AU"}],"info":{"seed":"39d040363d761b90","results":1,"page":1,"version":"1.4"}} 
 </msg>
<msg time="2024-07-08T22:14:44.237636" level="INFO">/opt/hostedtoolcache/Python/3.12.4/x64/lib/python3.12/site-packages/urllib3/connectionpool.py:1099: InsecureRequestWarning: Unverified HTTPS request is being made to host 'randomuser.me'. Adding certificate verification is strongly advised. See: https://urllib3.readthedocs.io/en/latest/advanced-usage.html#tls-warnings
  warnings.warn(</msg>
<msg time="2024-07-08T22:14:44.237772" level="INFO">${response} = &lt;Response [200]&gt;</msg>
<var>${response}</var>
<arg>consultarAPI</arg>
<arg>/api</arg>
<doc>Sends a GET request on a previously created HTTP Session.</doc>
<status status="PASS" start="2024-07-08T22:14:44.141352" elapsed="0.096460"/>
</kw>
<kw name="Set Variable" owner="BuiltIn">
<msg time="2024-07-08T22:14:44.238863" level="INFO">${json_data} = {'results': [{'gender': 'male', 'name': {'title': 'Mr', 'first': 'Paul', 'last': 'Soto'}, 'location': {'street': {'number': 6064, 'name': 'E Sandy Lake Rd'}, 'city': 'Maitland', 'state': 'Australian C...</msg>
<var>${json_data}</var>
<arg>${response.json()}</arg>
<doc>Returns the given values which can then be assigned to a variables.</doc>
<status status="PASS" start="2024-07-08T22:14:44.238342" elapsed="0.000551"/>
</kw>
<kw name="Log" owner="BuiltIn">
<msg time="2024-07-08T22:14:44.239373" level="INFO">{'results': [{'gender': 'male', 'name': {'title': 'Mr', 'first': 'Paul', 'last': 'Soto'}, 'location': {'street': {'number': 6064, 'name': 'E Sandy Lake Rd'}, 'city': 'Maitland', 'state': 'Australian Capital Territory', 'country': 'Australia', 'postcode': 9384, 'coordinates': {'latitude': '-85.1019', 'longitude': '-79.7118'}, 'timezone': {'offset': '-12:00', 'description': 'Eniwetok, Kwajalein'}}, 'email': 'paul.soto@example.com', 'login': {'uuid': 'cd093806-9f9d-4d09-ae2b-e4d2981fdb42', 'username': 'bluepanda928', 'password': 'sylveste', 'salt': 'J7KYZcK6', 'md5': '0e7a6c4884a117522b93d65f25e3d5e1', 'sha1': '265767f49457f6fb4a2dbcd33741a5cbb3f8b53d', 'sha256': 'f1764353363806bf3d256c3c6a376c7c19205921462b1fbbf369235fc22a1cd5'}, 'dob': {'date': '1962-05-11T11:40:52.428Z', 'age': 62}, 'registered': {'date': '2019-03-17T08:50:47.049Z', 'age': 5}, 'phone': '06-5098-7217', 'cell': '0422-043-127', 'id': {'name': 'TFN', 'value': '843293060'}, 'picture': {'large': 'https://randomuser.me/api/portraits/men/17.jpg', 'medium': 'https://randomuser.me/api/portraits/med/men/17.jpg', 'thumbnail': 'https://randomuser.me/api/portraits/thumb/men/17.jpg'}, 'nat': 'AU'}], 'info': {'seed': '39d040363d761b90', 'results': 1, 'page': 1, 'version': '1.4'}}</msg>
<arg>${json_data}</arg>
<doc>Logs the given message with the given level.</doc>
<status status="PASS" start="2024-07-08T22:14:44.239209" elapsed="0.000224"/>
</kw>
<kw name="Dictionary Should Contain Key" owner="Collections">
<arg>${json_data}</arg>
<arg>results</arg>
<doc>Fails if ``key`` is not found from ``dictionary``.</doc>
<status status="PASS" start="2024-07-08T22:14:44.239730" elapsed="0.000164"/>
</kw>
<kw name="Should Not Be Empty" owner="BuiltIn">
<msg time="2024-07-08T22:14:44.240217" level="INFO">Length is 2.</msg>
<arg>${json_data}</arg>
<doc>Verifies that the given item is not empty.</doc>
<status status="PASS" start="2024-07-08T22:14:44.240082" elapsed="0.000176"/>
</kw>
<kw name="Create List" owner="BuiltIn">
<msg time="2024-07-08T22:14:44.240702" level="INFO">${expected_keys} = ['gender', 'name', 'location', 'email', 'login']</msg>
<var>${expected_keys}</var>
<arg>gender</arg>
<arg>name</arg>
<arg>location</arg>
<arg>email</arg>
<arg>login</arg>
<doc>Returns a list containing given items.</doc>
<status status="PASS" start="2024-07-08T22:14:44.240554" elapsed="0.000173"/>
</kw>
<for flavor="IN">
<iter>
<kw name="Dictionary Should Contain Key" owner="Collections">
<arg>${json_data['results'][0]}</arg>
<arg>${key}</arg>
<doc>Fails if ``key`` is not found from ``dictionary``.</doc>
<status status="PASS" start="2024-07-08T22:14:44.241467" elapsed="0.000430"/>
</kw>
<kw name="Log" owner="BuiltIn">
<msg time="2024-07-08T22:14:44.242465" level="INFO">{'gender': 'male', 'name': {'title': 'Mr', 'first': 'Paul', 'last': 'Soto'}, 'location': {'street': {'number': 6064, 'name': 'E Sandy Lake Rd'}, 'city': 'Maitland', 'state': 'Australian Capital Territory', 'country': 'Australia', 'postcode': 9384, 'coordinates': {'latitude': '-85.1019', 'longitude': '-79.7118'}, 'timezone': {'offset': '-12:00', 'description': 'Eniwetok, Kwajalein'}}, 'email': 'paul.soto@example.com', 'login': {'uuid': 'cd093806-9f9d-4d09-ae2b-e4d2981fdb42', 'username': 'bluepanda928', 'password': 'sylveste', 'salt': 'J7KYZcK6', 'md5': '0e7a6c4884a117522b93d65f25e3d5e1', 'sha1': '265767f49457f6fb4a2dbcd33741a5cbb3f8b53d', 'sha256': 'f1764353363806bf3d256c3c6a376c7c19205921462b1fbbf369235fc22a1cd5'}, 'dob': {'date': '1962-05-11T11:40:52.428Z', 'age': 62}, 'registered': {'date': '2019-03-17T08:50:47.049Z', 'age': 5}, 'phone': '06-5098-7217', 'cell': '0422-043-127', 'id': {'name': 'TFN', 'value': '843293060'}, 'picture': {'large': 'https://randomuser.me/api/portraits/men/17.jpg', 'medium': 'https://randomuser.me/api/portraits/med/men/17.jpg', 'thumbnail': 'https://randomuser.me/api/portraits/thumb/men/17.jpg'}, 'nat': 'AU'}</msg>
<arg>${json_data['results'][0]}</arg>
<doc>Logs the given message with the given level.</doc>
<status status="PASS" start="2024-07-08T22:14:44.242100" elapsed="0.000415"/>
</kw>
<kw name="Log" owner="BuiltIn">
<msg time="2024-07-08T22:14:44.242942" level="INFO">gender</msg>
<arg>${key}</arg>
<doc>Logs the given message with the given level.</doc>
<status status="PASS" start="2024-07-08T22:14:44.242815" elapsed="0.000165"/>
</kw>
<var name="${key}">gender</var>
<status status="PASS" start="2024-07-08T22:14:44.241340" elapsed="0.001855"/>
</iter>
<iter>
<kw name="Dictionary Should Contain Key" owner="Collections">
<arg>${json_data['results'][0]}</arg>
<arg>${key}</arg>
<doc>Fails if ``key`` is not found from ``dictionary``.</doc>
<status status="PASS" start="2024-07-08T22:14:44.243492" elapsed="0.000381"/>
</kw>
<kw name="Log" owner="BuiltIn">
<msg time="2024-07-08T22:14:44.244405" level="INFO">{'gender': 'male', 'name': {'title': 'Mr', 'first': 'Paul', 'last': 'Soto'}, 'location': {'street': {'number': 6064, 'name': 'E Sandy Lake Rd'}, 'city': 'Maitland', 'state': 'Australian Capital Territory', 'country': 'Australia', 'postcode': 9384, 'coordinates': {'latitude': '-85.1019', 'longitude': '-79.7118'}, 'timezone': {'offset': '-12:00', 'description': 'Eniwetok, Kwajalein'}}, 'email': 'paul.soto@example.com', 'login': {'uuid': 'cd093806-9f9d-4d09-ae2b-e4d2981fdb42', 'username': 'bluepanda928', 'password': 'sylveste', 'salt': 'J7KYZcK6', 'md5': '0e7a6c4884a117522b93d65f25e3d5e1', 'sha1': '265767f49457f6fb4a2dbcd33741a5cbb3f8b53d', 'sha256': 'f1764353363806bf3d256c3c6a376c7c19205921462b1fbbf369235fc22a1cd5'}, 'dob': {'date': '1962-05-11T11:40:52.428Z', 'age': 62}, 'registered': {'date': '2019-03-17T08:50:47.049Z', 'age': 5}, 'phone': '06-5098-7217', 'cell': '0422-043-127', 'id': {'name': 'TFN', 'value': '843293060'}, 'picture': {'large': 'https://randomuser.me/api/portraits/men/17.jpg', 'medium': 'https://randomuser.me/api/portraits/med/men/17.jpg', 'thumbnail': 'https://randomuser.me/api/portraits/thumb/men/17.jpg'}, 'nat': 'AU'}</msg>
<arg>${json_data['results'][0]}</arg>
<doc>Logs the given message with the given level.</doc>
<status status="PASS" start="2024-07-08T22:14:44.244055" elapsed="0.000439"/>
</kw>
<kw name="Log" owner="BuiltIn">
<msg time="2024-07-08T22:14:44.244916" level="INFO">name</msg>
<arg>${key}</arg>
<doc>Logs the given message with the given level.</doc>
<status status="PASS" start="2024-07-08T22:14:44.244790" elapsed="0.000164"/>
</kw>
<var name="${key}">name</var>
<status status="PASS" start="2024-07-08T22:14:44.243382" elapsed="0.001790"/>
</iter>
<iter>
<kw name="Dictionary Should Contain Key" owner="Collections">
<arg>${json_data['results'][0]}</arg>
<arg>${key}</arg>
<doc>Fails if ``key`` is not found from ``dictionary``.</doc>
<status status="PASS" start="2024-07-08T22:14:44.245456" elapsed="0.000376"/>
</kw>
<kw name="Log" owner="BuiltIn">
<msg time="2024-07-08T22:14:44.246389" level="INFO">{'gender': 'male', 'name': {'title': 'Mr', 'first': 'Paul', 'last': 'Soto'}, 'location': {'street': {'number': 6064, 'name': 'E Sandy Lake Rd'}, 'city': 'Maitland', 'state': 'Australian Capital Territory', 'country': 'Australia', 'postcode': 9384, 'coordinates': {'latitude': '-85.1019', 'longitude': '-79.7118'}, 'timezone': {'offset': '-12:00', 'description': 'Eniwetok, Kwajalein'}}, 'email': 'paul.soto@example.com', 'login': {'uuid': 'cd093806-9f9d-4d09-ae2b-e4d2981fdb42', 'username': 'bluepanda928', 'password': 'sylveste', 'salt': 'J7KYZcK6', 'md5': '0e7a6c4884a117522b93d65f25e3d5e1', 'sha1': '265767f49457f6fb4a2dbcd33741a5cbb3f8b53d', 'sha256': 'f1764353363806bf3d256c3c6a376c7c19205921462b1fbbf369235fc22a1cd5'}, 'dob': {'date': '1962-05-11T11:40:52.428Z', 'age': 62}, 'registered': {'date': '2019-03-17T08:50:47.049Z', 'age': 5}, 'phone': '06-5098-7217', 'cell': '0422-043-127', 'id': {'name': 'TFN', 'value': '843293060'}, 'picture': {'large': 'https://randomuser.me/api/portraits/men/17.jpg', 'medium': 'https://randomuser.me/api/portraits/med/men/17.jpg', 'thumbnail': 'https://randomuser.me/api/portraits/thumb/men/17.jpg'}, 'nat': 'AU'}</msg>
<arg>${json_data['results'][0]}</arg>
<doc>Logs the given message with the given level.</doc>
<status status="PASS" start="2024-07-08T22:14:44.246040" elapsed="0.000397"/>
</kw>
<kw name="Log" owner="BuiltIn">
<msg time="2024-07-08T22:14:44.246856" level="INFO">location</msg>
<arg>${key}</arg>
<doc>Logs the given message with the given level.</doc>
<status status="PASS" start="2024-07-08T22:14:44.246732" elapsed="0.000161"/>
</kw>
<var name="${key}">location</var>
<status status="PASS" start="2024-07-08T22:14:44.245348" elapsed="0.001773"/>
</iter>
<iter>
<kw name="Dictionary Should Contain Key" owner="Collections">
<arg>${json_data['results'][0]}</arg>
<arg>${key}</arg>
<doc>Fails if ``key`` is not found from ``dictionary``.</doc>
<status status="PASS" start="2024-07-08T22:14:44.247410" elapsed="0.000379"/>
</kw>
<kw name="Log" owner="BuiltIn">
<msg time="2024-07-08T22:14:44.248321" level="INFO">{'gender': 'male', 'name': {'title': 'Mr', 'first': 'Paul', 'last': 'Soto'}, 'location': {'street': {'number': 6064, 'name': 'E Sandy Lake Rd'}, 'city': 'Maitland', 'state': 'Australian Capital Territory', 'country': 'Australia', 'postcode': 9384, 'coordinates': {'latitude': '-85.1019', 'longitude': '-79.7118'}, 'timezone': {'offset': '-12:00', 'description': 'Eniwetok, Kwajalein'}}, 'email': 'paul.soto@example.com', 'login': {'uuid': 'cd093806-9f9d-4d09-ae2b-e4d2981fdb42', 'username': 'bluepanda928', 'password': 'sylveste', 'salt': 'J7KYZcK6', 'md5': '0e7a6c4884a117522b93d65f25e3d5e1', 'sha1': '265767f49457f6fb4a2dbcd33741a5cbb3f8b53d', 'sha256': 'f1764353363806bf3d256c3c6a376c7c19205921462b1fbbf369235fc22a1cd5'}, 'dob': {'date': '1962-05-11T11:40:52.428Z', 'age': 62}, 'registered': {'date': '2019-03-17T08:50:47.049Z', 'age': 5}, 'phone': '06-5098-7217', 'cell': '0422-043-127', 'id': {'name': 'TFN', 'value': '843293060'}, 'picture': {'large': 'https://randomuser.me/api/portraits/men/17.jpg', 'medium': 'https://randomuser.me/api/portraits/med/men/17.jpg', 'thumbnail': 'https://randomuser.me/api/portraits/thumb/men/17.jpg'}, 'nat': 'AU'}</msg>
<arg>${json_data['results'][0]}</arg>
<doc>Logs the given message with the given level.</doc>
<status status="PASS" start="2024-07-08T22:14:44.247975" elapsed="0.000404"/>
</kw>
<kw name="Log" owner="BuiltIn">
<msg time="2024-07-08T22:14:44.248796" level="INFO">email</msg>
<arg>${key}</arg>
<doc>Logs the given message with the given level.</doc>
<status status="PASS" start="2024-07-08T22:14:44.248671" elapsed="0.000163"/>
</kw>
<var name="${key}">email</var>
<status status="PASS" start="2024-07-08T22:14:44.247303" elapsed="0.001752"/>
</iter>
<iter>
<kw name="Dictionary Should Contain Key" owner="Collections">
<arg>${json_data['results'][0]}</arg>
<arg>${key}</arg>
<doc>Fails if ``key`` is not found from ``dictionary``.</doc>
<status status="PASS" start="2024-07-08T22:14:44.249335" elapsed="0.000376"/>
</kw>
<kw name="Log" owner="BuiltIn">
<msg time="2024-07-08T22:14:44.250288" level="INFO">{'gender': 'male', 'name': {'title': 'Mr', 'first': 'Paul', 'last': 'Soto'}, 'location': {'street': {'number': 6064, 'name': 'E Sandy Lake Rd'}, 'city': 'Maitland', 'state': 'Australian Capital Territory', 'country': 'Australia', 'postcode': 9384, 'coordinates': {'latitude': '-85.1019', 'longitude': '-79.7118'}, 'timezone': {'offset': '-12:00', 'description': 'Eniwetok, Kwajalein'}}, 'email': 'paul.soto@example.com', 'login': {'uuid': 'cd093806-9f9d-4d09-ae2b-e4d2981fdb42', 'username': 'bluepanda928', 'password': 'sylveste', 'salt': 'J7KYZcK6', 'md5': '0e7a6c4884a117522b93d65f25e3d5e1', 'sha1': '265767f49457f6fb4a2dbcd33741a5cbb3f8b53d', 'sha256': 'f1764353363806bf3d256c3c6a376c7c19205921462b1fbbf369235fc22a1cd5'}, 'dob': {'date': '1962-05-11T11:40:52.428Z', 'age': 62}, 'registered': {'date': '2019-03-17T08:50:47.049Z', 'age': 5}, 'phone': '06-5098-7217', 'cell': '0422-043-127', 'id': {'name': 'TFN', 'value': '843293060'}, 'picture': {'large': 'https://randomuser.me/api/portraits/men/17.jpg', 'medium': 'https://randomuser.me/api/portraits/med/men/17.jpg', 'thumbnail': 'https://randomuser.me/api/portraits/thumb/men/17.jpg'}, 'nat': 'AU'}</msg>
<arg>${json_data['results'][0]}</arg>
<doc>Logs the given message with the given level.</doc>
<status status="PASS" start="2024-07-08T22:14:44.249930" elapsed="0.000405"/>
</kw>
<kw name="Log" owner="BuiltIn">
<msg time="2024-07-08T22:14:44.250747" level="INFO">login</msg>
<arg>${key}</arg>
<doc>Logs the given message with the given level.</doc>
<status status="PASS" start="2024-07-08T22:14:44.250623" elapsed="0.000165"/>
</kw>
<var name="${key}">login</var>
<status status="PASS" start="2024-07-08T22:14:44.249223" elapsed="0.001781"/>
</iter>
<var>${key}</var>
<value>@{expected_keys}</value>
<status status="PASS" start="2024-07-08T22:14:44.241147" elapsed="0.009976"/>
</for>
<kw name="Create List" owner="BuiltIn">
<msg time="2024-07-08T22:14:44.251438" level="INFO">${expected_keysTwo} = ['username', 'password']</msg>
<var>${expected_keysTwo}</var>
<arg>username</arg>
<arg>password</arg>
<doc>Returns a list containing given items.</doc>
<status status="PASS" start="2024-07-08T22:14:44.251308" elapsed="0.000154"/>
</kw>
<for flavor="IN">
<iter>
<kw name="Dictionary Should Contain Key" owner="Collections">
<arg>${json_data['results'][0]['login']}</arg>
<arg>${keyTwo}</arg>
<doc>Fails if ``key`` is not found from ``dictionary``.</doc>
<status status="PASS" start="2024-07-08T22:14:44.251985" elapsed="0.000382"/>
</kw>
<kw name="Dictionary Should Contain Key" owner="Collections">
<arg>${json_data['results'][0]['login']}</arg>
<arg>${keyTwo}</arg>
<doc>Fails if ``key`` is not found from ``dictionary``.</doc>
<status status="PASS" start="2024-07-08T22:14:44.252543" elapsed="0.000374"/>
</kw>
<kw name="Log" owner="BuiltIn">
<msg time="2024-07-08T22:14:44.253219" level="INFO">username</msg>
<arg>${keyTwo}</arg>
<doc>Logs the given message with the given level.</doc>
<status status="PASS" start="2024-07-08T22:14:44.253099" elapsed="0.000158"/>
</kw>
<var name="${keyTwo}">username</var>
<status status="PASS" start="2024-07-08T22:14:44.251870" elapsed="0.001610"/>
</iter>
<iter>
<kw name="Dictionary Should Contain Key" owner="Collections">
<arg>${json_data['results'][0]['login']}</arg>
<arg>${keyTwo}</arg>
<doc>Fails if ``key`` is not found from ``dictionary``.</doc>
<status status="PASS" start="2024-07-08T22:14:44.253754" elapsed="0.000408"/>
</kw>
<kw name="Dictionary Should Contain Key" owner="Collections">
<arg>${json_data['results'][0]['login']}</arg>
<arg>${keyTwo}</arg>
<doc>Fails if ``key`` is not found from ``dictionary``.</doc>
<status status="PASS" start="2024-07-08T22:14:44.254349" elapsed="0.000372"/>
</kw>
<kw name="Log" owner="BuiltIn">
<msg time="2024-07-08T22:14:44.255020" level="INFO">password</msg>
<arg>${keyTwo}</arg>
<doc>Logs the given message with the given level.</doc>
<status status="PASS" start="2024-07-08T22:14:44.254902" elapsed="0.000156"/>
</kw>
<var name="${keyTwo}">password</var>
<status status="PASS" start="2024-07-08T22:14:44.253649" elapsed="0.001627"/>
</iter>
<var>${keyTwo}</var>
<value>@{expected_keysTwo}</value>
<status status="PASS" start="2024-07-08T22:14:44.251718" elapsed="0.003677"/>
</for>
<status status="PASS" start="2024-07-08T22:14:44.141124" elapsed="0.114409"/>
</kw>
<doc>Testa a estrutura da resposta da API.</doc>
<tag>testeEstruturaResposta</tag>
<status status="PASS" start="2024-07-08T22:14:44.140632" elapsed="0.115054"/>
</test>
<test id="s1-s1-t4" name="Validar tipos de dados" line="28">
<kw name="Teste de Tipos de Dados" owner="random-user-service">
<kw name="GET On Session" owner="RequestsLibrary">
<msg time="2024-07-08T22:14:44.369516" level="INFO">GET Request : url=https://randomuser.me/api 
 path_url=/api 
 headers={'User-Agent': 'python-requests/2.32.3', 'Accept-Encoding': 'gzip, deflate', 'Accept': '*/*', 'Connection': 'keep-alive'} 
 body=None 
 </msg>
<msg time="2024-07-08T22:14:44.369612" level="INFO">GET Response : url=https://randomuser.me/api 
 status=200, reason=OK 
 headers={'Date': 'Mon, 08 Jul 2024 22:14:44 GMT', 'Content-Type': 'application/json; charset=utf-8', 'Transfer-Encoding': 'chunked', 'Connection': 'keep-alive', 'X-Powered-By': 'Express', 'Access-Control-Allow-Origin': '*', 'Cache-Control': 'no-cache', 'ETag': 'W/"467-+uQE3Eyj629rDIjdOH0NbrORsJs"', 'Vary': 'Accept-Encoding', 'Content-Encoding': 'gzip', 'CF-Cache-Status': 'DYNAMIC', 'Report-To': '{"endpoints":[{"url":"https:\\/\\/a.nel.cloudflare.com\\/report\\/v4?s=NZVgqeIDnPd01aMT%2B0tjkIUEaPTr3mgruBiwwcRX0COrJqktzFR4Gg6wP%2FkLBufuNAQ3xKV%2B0qfVnN2N4Ri4FuJ2KUYfy7OBPgkNCBdRmCkUu%2FhcC3bb%2BVq45EhGxzew"}],"group":"cf-nel","max_age":604800}', 'NEL': '{"success_fraction":0,"report_to":"cf-nel","max_age":604800}', 'Server': 'cloudflare', 'CF-RAY': '8a036dcead90cf4d-SJC', 'alt-svc': 'h3=":443"; ma=86400'} 
 body={"results":[{"gender":"male","name":{"title":"Mr","first":"Mille","last":"Møller"},"location":{"street":{"number":3494,"name":"Havrevej"},"city":"Haslev","state":"Hovedstaden","country":"Denmark","postcode":20039,"coordinates":{"latitude":"-46.0628","longitude":"-23.9702"},"timezone":{"offset":"-2:00","description":"Mid-Atlantic"}},"email":"mille.moller@example.com","login":{"uuid":"a9654421-2f41-4a72-a913-32b652f2440d","username":"bigelephant295","password":"mone","salt":"i0rfPCl3","md5":"abc4879d356932c52fc93d6a25c4d08b","sha1":"c4405e0daf5a686366ca616e0fefad2379850c22","sha256":"ab0d8626e1e0a718a4539232c832f13445238b0a24854e7ed3384d952091b24f"},"dob":{"date":"1955-02-14T04:04:35.381Z","age":69},"registered":{"date":"2016-12-15T13:41:16.298Z","age":7},"phone":"31912208","cell":"21485226","id":{"name":"CPR","value":"130255-4441"},"picture":{"large":"https://randomuser.me/api/portraits/men/38.jpg","medium":"https://randomuser.me/api/portraits/med/men/38.jpg","thumbnail":"https://randomuser.me/api/portraits/thumb/men/38.jpg"},"nat":"DK"}],"info":{"seed":"4352fffc045a199d","results":1,"page":1,"version":"1.4"}} 
 </msg>
<msg time="2024-07-08T22:14:44.369682" level="INFO">/opt/hostedtoolcache/Python/3.12.4/x64/lib/python3.12/site-packages/urllib3/connectionpool.py:1099: InsecureRequestWarning: Unverified HTTPS request is being made to host 'randomuser.me'. Adding certificate verification is strongly advised. See: https://urllib3.readthedocs.io/en/latest/advanced-usage.html#tls-warnings
  warnings.warn(</msg>
<msg time="2024-07-08T22:14:44.369812" level="INFO">${response} = &lt;Response [200]&gt;</msg>
<var>${response}</var>
<arg>consultarAPI</arg>
<arg>/api</arg>
<doc>Sends a GET request on a previously created HTTP Session.</doc>
<status status="PASS" start="2024-07-08T22:14:44.258250" elapsed="0.111625"/>
</kw>
<kw name="Set Variable" owner="BuiltIn">
<msg time="2024-07-08T22:14:44.371077" level="INFO">${json_data} = {'results': [{'gender': 'male', 'name': {'title': 'Mr', 'first': 'Mille', 'last': 'Møller'}, 'location': {'street': {'number': 3494, 'name': 'Havrevej'}, 'city': 'Haslev', 'state': 'Hovedstaden', 'cou...</msg>
<var>${json_data}</var>
<arg>${response.json()}</arg>
<doc>Returns the given values which can then be assigned to a variables.</doc>
<status status="PASS" start="2024-07-08T22:14:44.370510" elapsed="0.000601"/>
</kw>
<kw name="Log" owner="BuiltIn">
<msg time="2024-07-08T22:14:44.371585" level="INFO">{'results': [{'gender': 'male', 'name': {'title': 'Mr', 'first': 'Mille', 'last': 'Møller'}, 'location': {'street': {'number': 3494, 'name': 'Havrevej'}, 'city': 'Haslev', 'state': 'Hovedstaden', 'country': 'Denmark', 'postcode': 20039, 'coordinates': {'latitude': '-46.0628', 'longitude': '-23.9702'}, 'timezone': {'offset': '-2:00', 'description': 'Mid-Atlantic'}}, 'email': 'mille.moller@example.com', 'login': {'uuid': 'a9654421-2f41-4a72-a913-32b652f2440d', 'username': 'bigelephant295', 'password': 'mone', 'salt': 'i0rfPCl3', 'md5': 'abc4879d356932c52fc93d6a25c4d08b', 'sha1': 'c4405e0daf5a686366ca616e0fefad2379850c22', 'sha256': 'ab0d8626e1e0a718a4539232c832f13445238b0a24854e7ed3384d952091b24f'}, 'dob': {'date': '1955-02-14T04:04:35.381Z', 'age': 69}, 'registered': {'date': '2016-12-15T13:41:16.298Z', 'age': 7}, 'phone': '31912208', 'cell': '21485226', 'id': {'name': 'CPR', 'value': '130255-4441'}, 'picture': {'large': 'https://randomuser.me/api/portraits/men/38.jpg', 'medium': 'https://randomuser.me/api/portraits/med/men/38.jpg', 'thumbnail': 'https://randomuser.me/api/portraits/thumb/men/38.jpg'}, 'nat': 'DK'}], 'info': {'seed': '4352fffc045a199d', 'results': 1, 'page': 1, 'version': '1.4'}}</msg>
<arg>${json_data}</arg>
<doc>Logs the given message with the given level.</doc>
<status status="PASS" start="2024-07-08T22:14:44.371425" elapsed="0.000211"/>
</kw>
<kw name="Should Be String" owner="String">
<arg>${json_data['results'][0]['gender']}</arg>
<doc>Fails if the given ``item`` is not a string.</doc>
<status status="PASS" start="2024-07-08T22:14:44.371935" elapsed="0.000364"/>
</kw>
<kw name="Should Match Regexp" owner="BuiltIn">
<arg>${json_data['results'][0]['email']}</arg>
<arg>^[a-zA-Z0-9._%+-]+@[a-zA-Z0-9.-]+\.[a-zA-Z]{2,}$</arg>
<doc>Fails if ``string`` does not match ``pattern`` as a regular expression.</doc>
<status status="PASS" start="2024-07-08T22:14:44.372486" elapsed="0.000511"/>
</kw>
<kw name="Should Match Regexp" owner="BuiltIn">
<arg>${json_data['results'][0]['dob']['date']}</arg>
<arg>\\d{4}-\\d{2}-\\d{2}T\\d{2}:\\d{2}:\\d{2}\\.\\d{3}Z</arg>
<doc>Fails if ``string`` does not match ``pattern`` as a regular expression.</doc>
<status status="PASS" start="2024-07-08T22:14:44.373229" elapsed="0.000488"/>
</kw>
<kw name="Should Match Regexp" owner="BuiltIn">
<arg>${json_data['results'][0]['registered']['date']}</arg>
<arg>\\d{4}-\\d{2}-\\d{2}T\\d{2}:\\d{2}:\\d{2}\\.\\d{3}Z</arg>
<doc>Fails if ``string`` does not match ``pattern`` as a regular expression.</doc>
<status status="PASS" start="2024-07-08T22:14:44.373939" elapsed="0.000373"/>
</kw>
<kw name="Should Match Regexp" owner="BuiltIn">
<arg>${json_data['results'][0]['picture']['large']}</arg>
<arg>^https?://.*\.(?:png|jpe?g|gif|bmp)$</arg>
<doc>Fails if ``string`` does not match ``pattern`` as a regular expression.</doc>
<status status="PASS" start="2024-07-08T22:14:44.374496" elapsed="0.000457"/>
</kw>
<kw name="Should Match Regexp" owner="BuiltIn">
<arg>${json_data['results'][0]['picture']['medium']}</arg>
<arg>^https?://.*\.(?:png|jpe?g|gif|bmp)$</arg>
<doc>Fails if ``string`` does not match ``pattern`` as a regular expression.</doc>
<status status="PASS" start="2024-07-08T22:14:44.375139" elapsed="0.000346"/>
</kw>
<kw name="Should Match Regexp" owner="BuiltIn">
<arg>${json_data['results'][0]['picture']['thumbnail']}</arg>
<arg>^https?://.*\.(?:png|jpe?g|gif|bmp)$</arg>
<doc>Fails if ``string`` does not match ``pattern`` as a regular expression.</doc>
<status status="PASS" start="2024-07-08T22:14:44.375666" elapsed="0.000344"/>
</kw>
<kw name="Log" owner="BuiltIn">
<msg time="2024-07-08T22:14:44.376520" level="INFO">{'large': 'https://randomuser.me/api/portraits/men/38.jpg', 'medium': 'https://randomuser.me/api/portraits/med/men/38.jpg', 'thumbnail': 'https://randomuser.me/api/portraits/thumb/men/38.jpg'}</msg>
<arg>${json_data['results'][0]['picture']}</arg>
<doc>Logs the given message with the given level.</doc>
<status status="PASS" start="2024-07-08T22:14:44.376192" elapsed="0.000372"/>
</kw>
<status status="PASS" start="2024-07-08T22:14:44.258019" elapsed="0.118805"/>
</kw>
<kw name="Teste de Tipos de Dados - Postcode" owner="random-user-service">
<kw name="GET On Session" owner="RequestsLibrary">
<msg time="2024-07-08T22:14:44.468213" level="INFO">GET Request : url=https://randomuser.me/api 
 path_url=/api 
 headers={'User-Agent': 'python-requests/2.32.3', 'Accept-Encoding': 'gzip, deflate', 'Accept': '*/*', 'Connection': 'keep-alive'} 
 body=None 
 </msg>
<msg time="2024-07-08T22:14:44.468307" level="INFO">GET Response : url=https://randomuser.me/api 
 status=200, reason=OK 
 headers={'Date': 'Mon, 08 Jul 2024 22:14:44 GMT', 'Content-Type': 'application/json; charset=utf-8', 'Transfer-Encoding': 'chunked', 'Connection': 'keep-alive', 'X-Powered-By': 'Express', 'Access-Control-Allow-Origin': '*', 'Cache-Control': 'no-cache', 'ETag': 'W/"493-PZ+0QBS3C2aLsunz9ehBcqzFDeg"', 'Vary': 'Accept-Encoding', 'Content-Encoding': 'gzip', 'CF-Cache-Status': 'DYNAMIC', 'Report-To': '{"endpoints":[{"url":"https:\\/\\/a.nel.cloudflare.com\\/report\\/v4?s=G6e73F%2Bqi7gZz5U%2BCsRyzQWJskyIDMRV8DtE9d7AUl9Glh4WqN%2FvECgg5UPp8yAQXvjtgAR8uImdFyRgv99IIe%2BvlSKvc5PFcrCKBglhYC7VAIxPeN9ptckwP1UlRr1O"}],"group":"cf-nel","max_age":604800}', 'NEL': '{"success_fraction":0,"report_to":"cf-nel","max_age":604800}', 'Server': 'cloudflare', 'CF-RAY': '8a036dcf6e17cf4d-SJC', 'alt-svc': 'h3=":443"; ma=86400'} 
 body={"results":[{"gender":"female","name":{"title":"Ms","first":"Katrine","last":"Olsen"},"location":{"street":{"number":5143,"name":"Hobrovej"},"city":"Jystrup","state":"Midtjylland","country":"Denmark","postcode":52424,"coordinates":{"latitude":"-42.3036","longitude":"55.0157"},"timezone":{"offset":"+5:00","description":"Ekaterinburg, Islamabad, Karachi, Tashkent"}},"email":"katrine.olsen@example.com","login":{"uuid":"7aeb8556-7f9f-4eeb-9e1f-86a78c121a17","username":"yellowleopard471","password":"apache","salt":"9K944TK5","md5":"a431ad538ace52fef63876924b4f3ac9","sha1":"5fa6e482b698b28fe7cab2379529c892e5b1e26c","sha256":"5e2d1313b3b43fba35b26ee6fb6fe2df72fd383a2124742fa287a106a4379f54"},"dob":{"date":"1983-03-18T20:15:36.266Z","age":41},"registered":{"date":"2012-03-01T01:48:09.298Z","age":12},"phone":"70116047","cell":"78364034","id":{"name":"CPR","value":"180383-8316"},"picture":{"large":"https://randomuser.me/api/portraits/women/54.jpg","medium":"https://randomuser.me/api/portraits/med/women/54.jpg","thumbnail":"https://randomuser.me/api/portraits/thumb/women/54.jpg"},"nat":"DK"}],"info":{"seed":"9c6194a7cef17725","results":1,"page":1,"version":"1.4"}} 
 </msg>
<msg time="2024-07-08T22:14:44.468385" level="INFO">/opt/hostedtoolcache/Python/3.12.4/x64/lib/python3.12/site-packages/urllib3/connectionpool.py:1099: InsecureRequestWarning: Unverified HTTPS request is being made to host 'randomuser.me'. Adding certificate verification is strongly advised. See: https://urllib3.readthedocs.io/en/latest/advanced-usage.html#tls-warnings
  warnings.warn(</msg>
<msg time="2024-07-08T22:14:44.468525" level="INFO">${response} = &lt;Response [200]&gt;</msg>
<var>${response}</var>
<arg>consultarAPI</arg>
<arg>/api</arg>
<doc>Sends a GET request on a previously created HTTP Session.</doc>
<status status="PASS" start="2024-07-08T22:14:44.377284" elapsed="0.091284"/>
</kw>
<kw name="Set Variable" owner="BuiltIn">
<msg time="2024-07-08T22:14:44.469702" level="INFO">${json_data} = {'results': [{'gender': 'female', 'name': {'title': 'Ms', 'first': 'Katrine', 'last': 'Olsen'}, 'location': {'street': {'number': 5143, 'name': 'Hobrovej'}, 'city': 'Jystrup', 'state': 'Midtjylland', ...</msg>
<var>${json_data}</var>
<arg>${response.json()}</arg>
<doc>Returns the given values which can then be assigned to a variables.</doc>
<status status="PASS" start="2024-07-08T22:14:44.469133" elapsed="0.000597"/>
</kw>
<kw name="Log" owner="BuiltIn">
<msg time="2024-07-08T22:14:44.470238" level="INFO">{'results': [{'gender': 'female', 'name': {'title': 'Ms', 'first': 'Katrine', 'last': 'Olsen'}, 'location': {'street': {'number': 5143, 'name': 'Hobrovej'}, 'city': 'Jystrup', 'state': 'Midtjylland', 'country': 'Denmark', 'postcode': 52424, 'coordinates': {'latitude': '-42.3036', 'longitude': '55.0157'}, 'timezone': {'offset': '+5:00', 'description': 'Ekaterinburg, Islamabad, Karachi, Tashkent'}}, 'email': 'katrine.olsen@example.com', 'login': {'uuid': '7aeb8556-7f9f-4eeb-9e1f-86a78c121a17', 'username': 'yellowleopard471', 'password': 'apache', 'salt': '9K944TK5', 'md5': 'a431ad538ace52fef63876924b4f3ac9', 'sha1': '5fa6e482b698b28fe7cab2379529c892e5b1e26c', 'sha256': '5e2d1313b3b43fba35b26ee6fb6fe2df72fd383a2124742fa287a106a4379f54'}, 'dob': {'date': '1983-03-18T20:15:36.266Z', 'age': 41}, 'registered': {'date': '2012-03-01T01:48:09.298Z', 'age': 12}, 'phone': '70116047', 'cell': '78364034', 'id': {'name': 'CPR', 'value': '180383-8316'}, 'picture': {'large': 'https://randomuser.me/api/portraits/women/54.jpg', 'medium': 'https://randomuser.me/api/portraits/med/women/54.jpg', 'thumbnail': 'https://randomuser.me/api/portraits/thumb/women/54.jpg'}, 'nat': 'DK'}], 'info': {'seed': '9c6194a7cef17725', 'results': 1, 'page': 1, 'version': '1.4'}}</msg>
<arg>${json_data}</arg>
<doc>Logs the given message with the given level.</doc>
<status status="PASS" start="2024-07-08T22:14:44.470072" elapsed="0.000214"/>
</kw>
<kw name="Should Be Equal As Numbers" owner="BuiltIn">
<arg>${json_data['results'][0]['location']['postcode']}</arg>
<arg>${json_data['results'][0]['location']['postcode']}</arg>
<doc>Fails if objects are unequal after converting them to real numbers.</doc>
<status status="PASS" start="2024-07-08T22:14:44.470574" elapsed="0.000617"/>
</kw>
<kw name="Log" owner="BuiltIn">
<msg time="2024-07-08T22:14:44.471713" level="INFO">52424</msg>
<arg>${json_data['results'][0]['location']['postcode']}</arg>
<doc>Logs the given message with the given level.</doc>
<status status="PASS" start="2024-07-08T22:14:44.471376" elapsed="0.000379"/>
</kw>
<status status="PASS" start="2024-07-08T22:14:44.377058" elapsed="0.094980"/>
</kw>
<doc>Testa se os tipos de dados na resposta da API estão corretos.</doc>
<tag>testeTiposDados</tag>
<status status="PASS" start="2024-07-08T22:14:44.257447" elapsed="0.214761"/>
</test>
<test id="s1-s1-t5" name="Validar conteudo" line="35">
<kw name="Teste de Tipos de Conteudo" owner="random-user-service">
<kw name="GET On Session" owner="RequestsLibrary">
<msg time="2024-07-08T22:14:44.565197" level="INFO">GET Request : url=https://randomuser.me/api 
 path_url=/api 
 headers={'User-Agent': 'python-requests/2.32.3', 'Accept-Encoding': 'gzip, deflate', 'Accept': '*/*', 'Connection': 'keep-alive'} 
 body=None 
 </msg>
<msg time="2024-07-08T22:14:44.565291" level="INFO">GET Response : url=https://randomuser.me/api 
 status=200, reason=OK 
 headers={'Date': 'Mon, 08 Jul 2024 22:14:44 GMT', 'Content-Type': 'application/json; charset=utf-8', 'Transfer-Encoding': 'chunked', 'Connection': 'keep-alive', 'X-Powered-By': 'Express', 'Access-Control-Allow-Origin': '*', 'Cache-Control': 'no-cache', 'ETag': 'W/"489-/+Jy0jreHcXq/O0WoWWz3YfEhwQ"', 'Vary': 'Accept-Encoding', 'Content-Encoding': 'gzip', 'CF-Cache-Status': 'DYNAMIC', 'Report-To': '{"endpoints":[{"url":"https:\\/\\/a.nel.cloudflare.com\\/report\\/v4?s=8n92axezUk6DFS%2B%2B5r%2BcZF7OzVKFu0ONqe2OcegLgRrRECEZEyXkYx10HoD9G5x2s0ydGVawPaCnlPGD278oxkm5LBIF3Ap5AJ6GmQrOuR8cEUKWlx%2BFTs0Pgs%2FtAMbo"}],"group":"cf-nel","max_age":604800}', 'NEL': '{"success_fraction":0,"report_to":"cf-nel","max_age":604800}', 'Server': 'cloudflare', 'CF-RAY': '8a036dcffe89cf4d-SJC', 'alt-svc': 'h3=":443"; ma=86400'} 
 body={"results":[{"gender":"male","name":{"title":"Mr","first":"Michael","last":"George"},"location":{"street":{"number":4718,"name":"Station Road"},"city":"Dublin","state":"Wexford","country":"Ireland","postcode":91759,"coordinates":{"latitude":"3.3212","longitude":"-110.5207"},"timezone":{"offset":"-5:00","description":"Eastern Time (US &amp; Canada), Bogota, Lima"}},"email":"michael.george@example.com","login":{"uuid":"b537c5fe-80c7-4738-84bd-0cea5b65514a","username":"redsnake146","password":"delta1","salt":"GdYBBlGd","md5":"e2fa288d5db46e2b1ddf1d9ac037939a","sha1":"8c73b9208f61dd57b4f902604e2653e8db026824","sha256":"8d870d950e88a6acdd6c2b2b5b8368214bd4ae56285d1cb108acbc42acaed89f"},"dob":{"date":"1990-06-13T21:14:45.528Z","age":34},"registered":{"date":"2020-11-14T03:44:06.601Z","age":3},"phone":"031-733-3026","cell":"081-281-8209","id":{"name":"PPS","value":"3249251T"},"picture":{"large":"https://randomuser.me/api/portraits/men/64.jpg","medium":"https://randomuser.me/api/portraits/med/men/64.jpg","thumbnail":"https://randomuser.me/api/portraits/thumb/men/64.jpg"},"nat":"IE"}],"info":{"seed":"89f9144dd22ce07e","results":1,"page":1,"version":"1.4"}} 
 </msg>
<msg time="2024-07-08T22:14:44.565399" level="INFO">/opt/hostedtoolcache/Python/3.12.4/x64/lib/python3.12/site-packages/urllib3/connectionpool.py:1099: InsecureRequestWarning: Unverified HTTPS request is being made to host 'randomuser.me'. Adding certificate verification is strongly advised. See: https://urllib3.readthedocs.io/en/latest/advanced-usage.html#tls-warnings
  warnings.warn(</msg>
<msg time="2024-07-08T22:14:44.565542" level="INFO">${response} = &lt;Response [200]&gt;</msg>
<var>${response}</var>
<arg>consultarAPI</arg>
<arg>/api</arg>
<doc>Sends a GET request on a previously created HTTP Session.</doc>
<status status="PASS" start="2024-07-08T22:14:44.475058" elapsed="0.090538"/>
</kw>
<kw name="Set Variable" owner="BuiltIn">
<msg time="2024-07-08T22:14:44.566762" level="INFO">${json_data} = {'results': [{'gender': 'male', 'name': {'title': 'Mr', 'first': 'Michael', 'last': 'George'}, 'location': {'street': {'number': 4718, 'name': 'Station Road'}, 'city': 'Dublin', 'state': 'Wexford', 'c...</msg>
<var>${json_data}</var>
<arg>${response.json()}</arg>
<doc>Returns the given values which can then be assigned to a variables.</doc>
<status status="PASS" start="2024-07-08T22:14:44.566223" elapsed="0.000568"/>
</kw>
<kw name="Set Variable" owner="BuiltIn">
<msg time="2024-07-08T22:14:44.567478" level="INFO">${name_title} = Mr</msg>
<var>${name_title}</var>
<arg>${json_data["results"][0]["name"]["title"]}</arg>
<doc>Returns the given values which can then be assigned to a variables.</doc>
<status status="PASS" start="2024-07-08T22:14:44.567094" elapsed="0.000409"/>
</kw>
<kw name="Create List" owner="BuiltIn">
<msg time="2024-07-08T22:14:44.567960" level="INFO">${allowed_titles} = ['Mr', 'Ms', 'Miss', 'Mrs', 'Madame', 'Monsieur']</msg>
<var>${allowed_titles}</var>
<arg>Mr</arg>
<arg>Ms</arg>
<arg>Miss</arg>
<arg>Mrs</arg>
<arg>Madame</arg>
<arg>Monsieur</arg>
<doc>Returns a list containing given items.</doc>
<status status="PASS" start="2024-07-08T22:14:44.567813" elapsed="0.000171"/>
</kw>
<kw name="List Should Contain Value" owner="Collections">
<arg>${allowed_titles}</arg>
<arg>${name_title}</arg>
<doc>Fails if the ``value`` is not found from ``list``.</doc>
<status status="PASS" start="2024-07-08T22:14:44.568276" elapsed="0.000173"/>
</kw>
<kw name="Set Variable" owner="BuiltIn">
<msg time="2024-07-08T22:14:44.568987" level="INFO">${name_country} = IE</msg>
<var>${name_country}</var>
<arg>${json_data["results"][0]["nat"]}</arg>
<doc>Returns the given values which can then be assigned to a variables.</doc>
<status status="PASS" start="2024-07-08T22:14:44.568625" elapsed="0.000387"/>
</kw>
<kw name="Create List" owner="BuiltIn">
<msg time="2024-07-08T22:14:44.569918" level="INFO">${list_country} = ['AD', 'AE', 'AF', 'AG', 'AI', 'AL', 'AM', 'AO', 'AQ', 'AR', 'AS', 'AT', 'AU', 'AW', 'AX', 'AZ', 'BA', 'BB', 'BD', 'BE', 'BF', 'BG', 'BH', 'BI', 'BJ', 'BL', 'BM', 'BN', 'BO', 'BQ', 'BR', 'BS', 'BT', '...</msg>
<var>${list_country}</var>
<arg>AD</arg>
<arg>AE</arg>
<arg>AF</arg>
<arg>AG</arg>
<arg>AI</arg>
<arg>AL</arg>
<arg>AM</arg>
<arg>AO</arg>
<arg>AQ</arg>
<arg>AR</arg>
<arg>AS</arg>
<arg>AT</arg>
<arg>AU</arg>
<arg>AW</arg>
<arg>AX</arg>
<arg>AZ</arg>
<arg>BA</arg>
<arg>BB</arg>
<arg>BD</arg>
<arg>BE</arg>
<arg>BF</arg>
<arg>BG</arg>
<arg>BH</arg>
<arg>BI</arg>
<arg>BJ</arg>
<arg>BL</arg>
<arg>BM</arg>
<arg>BN</arg>
<arg>BO</arg>
<arg>BQ</arg>
<arg>BR</arg>
<arg>BS</arg>
<arg>BT</arg>
<arg>BV</arg>
<arg>BW</arg>
<arg>BY</arg>
<arg>BZ</arg>
<arg>CA</arg>
<arg>CC</arg>
<arg>CD</arg>
<arg>CF</arg>
<arg>CG</arg>
<arg>CH</arg>
<arg>CI</arg>
<arg>CK</arg>
<arg>CL</arg>
<arg>CM</arg>
<arg>CN</arg>
<arg>CO</arg>
<arg>CR</arg>
<arg>CU</arg>
<arg>CV</arg>
<arg>CW</arg>
<arg>CX</arg>
<arg>CY</arg>
<arg>CZ</arg>
<arg>DE</arg>
<arg>DJ</arg>
<arg>DK</arg>
<arg>DM</arg>
<arg>DO</arg>
<arg>DZ</arg>
<arg>EC</arg>
<arg>EE</arg>
<arg>EG</arg>
<arg>EH</arg>
<arg>ER</arg>
<arg>ES</arg>
<arg>ET</arg>
<arg>FI</arg>
<arg>FJ</arg>
<arg>FK</arg>
<arg>FM</arg>
<arg>FO</arg>
<arg>FR</arg>
<arg>GA</arg>
<arg>GB</arg>
<arg>GD</arg>
<arg>GE</arg>
<arg>GF</arg>
<arg>GG</arg>
<arg>GH</arg>
<arg>GI</arg>
<arg>GL</arg>
<arg>GM</arg>
<arg>GN</arg>
<arg>GP</arg>
<arg>GQ</arg>
<arg>GR</arg>
<arg>GS</arg>
<arg>GT</arg>
<arg>GU</arg>
<arg>GW</arg>
<arg>GY</arg>
<arg>HK</arg>
<arg>HM</arg>
<arg>HN</arg>
<arg>HR</arg>
<arg>HT</arg>
<arg>HU</arg>
<arg>ID</arg>
<arg>IE</arg>
<arg>IL</arg>
<arg>IM</arg>
<arg>IN</arg>
<arg>IO</arg>
<arg>IQ</arg>
<arg>IR</arg>
<arg>IS</arg>
<arg>IT</arg>
<arg>JE</arg>
<arg>JM</arg>
<arg>JO</arg>
<arg>JP</arg>
<arg>KE</arg>
<arg>KG</arg>
<arg>KH</arg>
<arg>KI</arg>
<arg>KM</arg>
<arg>KN</arg>
<arg>KP</arg>
<arg>KR</arg>
<arg>KW</arg>
<arg>KY</arg>
<arg>KZ</arg>
<arg>LA</arg>
<arg>LB</arg>
<arg>LC</arg>
<arg>LI</arg>
<arg>LK</arg>
<arg>LR</arg>
<arg>LS</arg>
<arg>LT</arg>
<arg>LU</arg>
<arg>LV</arg>
<arg>LY</arg>
<arg>MA</arg>
<arg>MC</arg>
<arg>MD</arg>
<arg>ME</arg>
<arg>MF</arg>
<arg>MG</arg>
<arg>MH</arg>
<arg>MK</arg>
<arg>ML</arg>
<arg>MM</arg>
<arg>MN</arg>
<arg>MO</arg>
<arg>MP</arg>
<arg>MQ</arg>
<arg>MR</arg>
<arg>MS</arg>
<arg>MT</arg>
<arg>MU</arg>
<arg>MV</arg>
<arg>MW</arg>
<arg>MX</arg>
<arg>MY</arg>
<arg>MZ</arg>
<arg>NA</arg>
<arg>NC</arg>
<arg>NE</arg>
<arg>NF</arg>
<arg>NG</arg>
<arg>NI</arg>
<arg>NL</arg>
<arg>NO</arg>
<arg>NP</arg>
<arg>NR</arg>
<arg>NU</arg>
<arg>NZ</arg>
<arg>OM</arg>
<arg>PA</arg>
<arg>PE</arg>
<arg>PF</arg>
<arg>PG</arg>
<arg>PH</arg>
<arg>PK</arg>
<arg>PL</arg>
<arg>PM</arg>
<arg>PN</arg>
<arg>PR</arg>
<arg>PS</arg>
<arg>PT</arg>
<arg>PW</arg>
<arg>PY</arg>
<arg>QA</arg>
<arg>RE</arg>
<arg>RO</arg>
<arg>RS</arg>
<arg>RU</arg>
<arg>RW</arg>
<arg>SA</arg>
<arg>SB</arg>
<arg>SC</arg>
<arg>SD</arg>
<arg>SE</arg>
<arg>SG</arg>
<arg>SH</arg>
<arg>SI</arg>
<arg>SJ</arg>
<arg>SK</arg>
<arg>SL</arg>
<arg>SM</arg>
<arg>SN</arg>
<arg>SO</arg>
<arg>SR</arg>
<arg>SS</arg>
<arg>ST</arg>
<arg>SV</arg>
<arg>SX</arg>
<arg>SY</arg>
<arg>SZ</arg>
<arg>TC</arg>
<arg>TD</arg>
<arg>TF</arg>
<arg>TG</arg>
<arg>TH</arg>
<arg>TJ</arg>
<arg>TK</arg>
<arg>TL</arg>
<arg>TM</arg>
<arg>TN</arg>
<arg>TO</arg>
<arg>TR</arg>
<arg>TT</arg>
<arg>TV</arg>
<arg>TW</arg>
<arg>TZ</arg>
<arg>UA</arg>
<arg>UG</arg>
<arg>UM</arg>
<arg>US</arg>
<arg>UY</arg>
<arg>UZ</arg>
<arg>VA</arg>
<arg>VC</arg>
<arg>VE</arg>
<arg>VG</arg>
<arg>VI</arg>
<arg>VN</arg>
<arg>VU</arg>
<arg>WF</arg>
<arg>WS</arg>
<arg>XK</arg>
<arg>YE</arg>
<arg>YT</arg>
<arg>ZA</arg>
<arg>ZM</arg>
<arg>ZW</arg>
<doc>Returns a list containing given items.</doc>
<status status="PASS" start="2024-07-08T22:14:44.569296" elapsed="0.000651"/>
</kw>
<kw name="List Should Contain Value" owner="Collections">
<arg>${list_country}</arg>
<arg>${name_country}</arg>
<doc>Fails if the ``value`` is not found from ``list``.</doc>
<status status="PASS" start="2024-07-08T22:14:44.570751" elapsed="0.000201"/>
</kw>
<kw name="Run Keyword If" owner="BuiltIn">
<kw name="Should Be True" owner="BuiltIn">
<arg>${True}</arg>
<doc>Fails if the given condition is not true.</doc>
<status status="PASS" start="2024-07-08T22:14:44.572160" elapsed="0.000147"/>
</kw>
<arg>${json_data["results"][0]["location"]["coordinates"]["latitude"]} &gt;= -90 and ${json_data["results"][0]["location"]["coordinates"]["latitude"]} &lt;= 90</arg>
<arg>Should Be True</arg>
<arg>${True}</arg>
<doc>Runs the given keyword with the given arguments, if ``condition`` is true.</doc>
<status status="PASS" start="2024-07-08T22:14:44.571149" elapsed="0.001287"/>
</kw>
<kw name="Run Keyword If" owner="BuiltIn">
<kw name="Should Be True" owner="BuiltIn">
<arg>${True}</arg>
<doc>Fails if the given condition is not true.</doc>
<status status="PASS" start="2024-07-08T22:14:44.573306" elapsed="0.000135"/>
</kw>
<arg>${json_data["results"][0]["location"]["coordinates"]["longitude"]} &gt;= -180 and ${json_data["results"][0]["location"]["coordinates"]["longitude"]} &lt;= 180</arg>
<arg>Should Be True</arg>
<arg>${True}</arg>
<doc>Runs the given keyword with the given arguments, if ``condition`` is true.</doc>
<status status="PASS" start="2024-07-08T22:14:44.572617" elapsed="0.000945"/>
</kw>
<status status="PASS" start="2024-07-08T22:14:44.474680" elapsed="0.099012"/>
</kw>
<doc>Testa o conteúdo específico dos campos retornados pela API.</doc>
<tag>testeConteudo</tag>
<status status="PASS" start="2024-07-08T22:14:44.474223" elapsed="0.099618"/>
</test>
<status status="PASS" start="2024-07-08T22:14:43.669399" elapsed="0.906461"/>
</suite>
<status status="PASS" start="2024-07-08T22:14:43.654984" elapsed="0.925966"/>
</suite>
<statistics>
<total>
<stat pass="5" fail="0" skip="0">All Tests</stat>
</total>
<tag>
<stat pass="1" fail="0" skip="0">testeConteudo</stat>
<stat pass="1" fail="0" skip="0">testeEstruturaResposta</stat>
<stat pass="1" fail="0" skip="0">testeRequisicaoBasica</stat>
<stat pass="1" fail="0" skip="0">testeTiposDados</stat>
</tag>
<suite>
<stat pass="5" fail="0" skip="0" id="s1" name="Tests">Tests</stat>
<stat pass="5" fail="0" skip="0" id="s1-s1" name="Random-User-Test">Tests.Random-User-Test</stat>
</suite>
</statistics>
<errors>
</errors>
</robot>
