<?xml version="1.0" encoding="UTF-8"?>
<robot generator="Robot 7.0.1 (Python 3.12.4 on linux)" generated="2024-07-05T10:16:21.779580" rpa="false" schemaversion="5">
<suite id="s1" name="Tests" source="/home/runner/work/ApiRandomUser/ApiRandomUser/RamdonUser/tests">
<suite id="s1-s1" name="Random-User-Test" source="/home/runner/work/ApiRandomUser/ApiRandomUser/RamdonUser/tests/random-user-test.robot">
<test id="s1-s1-t1" name="Conectar" line="13">
<kw name="Conectar API" owner="random-user-service">
<kw name="Create Session" owner="RequestsLibrary">
<msg time="2024-07-05T10:16:22.199441" level="INFO">Creating Session using : alias=consultarAPI, url=https://randomuser.me/, headers={},                     cookies={}, auth=None, timeout=None, proxies=None, verify=False,                     debug=0 </msg>
<arg>consultarAPI</arg>
<arg>${URL}</arg>
<doc>Create Session: create a HTTP session to a server</doc>
<status status="PASS" start="2024-07-05T10:16:22.199226" elapsed="0.000397"/>
</kw>
<status status="PASS" start="2024-07-05T10:16:22.197871" elapsed="0.002133"/>
</kw>
<status status="PASS" start="2024-07-05T10:16:22.197244" elapsed="0.002948"/>
</test>
<test id="s1-s1-t2" name="Validar retorno 200 e JSON Válido" line="16">
<kw name="Teste de Requisicao Basica" owner="random-user-service">
<kw name="GET On Session" owner="RequestsLibrary">
<msg time="2024-07-05T10:16:22.290015" level="INFO">GET Request : url=https://randomuser.me/api 
 path_url=/api 
 headers={'User-Agent': 'python-requests/2.32.3', 'Accept-Encoding': 'gzip, deflate', 'Accept': '*/*', 'Connection': 'keep-alive'} 
 body=None 
 </msg>
<msg time="2024-07-05T10:16:22.290146" level="INFO">GET Response : url=https://randomuser.me/api 
 status=200, reason=OK 
 headers={'Date': 'Fri, 05 Jul 2024 10:16:22 GMT', 'Content-Type': 'application/json; charset=utf-8', 'Transfer-Encoding': 'chunked', 'Connection': 'keep-alive', 'X-Powered-By': 'Express', 'Access-Control-Allow-Origin': '*', 'Cache-Control': 'no-cache', 'ETag': 'W/"478-zYAFY48P68opnV3jzNdTp/s0fho"', 'Vary': 'Accept-Encoding', 'Content-Encoding': 'gzip', 'CF-Cache-Status': 'DYNAMIC', 'Report-To': '{"endpoints":[{"url":"https:\\/\\/a.nel.cloudflare.com\\/report\\/v4?s=2BKAQr4OPzvt36B2i6aVrbr%2FBKdptMiBjcWqi%2FUj6IPStP6W4zY4IZy0LP40WvbI9Lu0QMOYrMFi9Y5hjvjQVl%2BWKvfVXzQ7lxaOjv0TQkj2f7VFNupSGchSoWvww0lN"}],"group":"cf-nel","max_age":604800}', 'NEL': '{"success_fraction":0,"report_to":"cf-nel","max_age":604800}', 'Server': 'cloudflare', 'CF-RAY': '89e699632c106fe3-IAD', 'alt-svc': 'h3=":443"; ma=86400'} 
 body={"results":[{"gender":"male","name":{"title":"Mr","first":"اميرحسين","last":"پارسا"},"location":{"street":{"number":3212,"name":"شهید عباس افضلی"},"city":"قم","state":"قزوین","country":"Iran","postcode":63635,"coordinates":{"latitude":"13.3472","longitude":"-102.2766"},"timezone":{"offset":"-10:00","description":"Hawaii"}},"email":"myrhsyn.prs@example.com","login":{"uuid":"2c157b89-e10a-49df-b212-9fc418503867","username":"bigdog622","password":"blazers","salt":"5gbQL17l","md5":"b45c0a457403c42767ee15a6edb159dd","sha1":"394cce5e2beba33e4359b664bced4d25e17b5159","sha256":"7d2d7191d00ce4d5e93a55714fc9dc849775e72766724566669f344f9bf9e969"},"dob":{"date":"1998-08-06T14:39:19.355Z","age":25},"registered":{"date":"2017-09-22T14:02:14.371Z","age":6},"phone":"005-30254426","cell":"0951-742-2601","id":{"name":"","value":null},"picture":{"large":"https://randomuser.me/api/portraits/men/29.jpg","medium":"https://randomuser.me/api/portraits/med/men/29.jpg","thumbnail":"https://randomuser.me/api/portraits/thumb/men/29.jpg"},"nat":"IR"}],"info":{"seed":"899779d31a81aac7","results":1,"page":1,"version":"1.4"}} 
 </msg>
<msg time="2024-07-05T10:16:22.290247" level="INFO">/opt/hostedtoolcache/Python/3.12.4/x64/lib/python3.12/site-packages/urllib3/connectionpool.py:1099: InsecureRequestWarning: Unverified HTTPS request is being made to host 'randomuser.me'. Adding certificate verification is strongly advised. See: https://urllib3.readthedocs.io/en/latest/advanced-usage.html#tls-warnings
  warnings.warn(</msg>
<msg time="2024-07-05T10:16:22.290378" level="INFO">${response} = &lt;Response [200]&gt;</msg>
<var>${response}</var>
<arg>consultarAPI</arg>
<arg>/api</arg>
<doc>Sends a GET request on a previously created HTTP Session.</doc>
<status status="PASS" start="2024-07-05T10:16:22.202863" elapsed="0.087664"/>
</kw>
<kw name="Should Be Equal As Numbers" owner="BuiltIn">
<msg time="2024-07-05T10:16:22.291573" level="INFO">Argument types are:
&lt;class 'int'&gt;
&lt;class 'str'&gt;</msg>
<arg>${response.status_code}</arg>
<arg>200</arg>
<doc>Fails if objects are unequal after converting them to real numbers.</doc>
<status status="PASS" start="2024-07-05T10:16:22.291118" elapsed="0.000521"/>
</kw>
<kw name="Log" owner="BuiltIn">
<msg time="2024-07-05T10:16:22.292329" level="INFO">200</msg>
<arg>${response.status_code}</arg>
<doc>Logs the given message with the given level.</doc>
<status status="PASS" start="2024-07-05T10:16:22.291953" elapsed="0.000429"/>
</kw>
<kw name="Set Variable" owner="BuiltIn">
<msg time="2024-07-05T10:16:22.293135" level="INFO">${json_data} = {'results': [{'gender': 'male', 'name': {'title': 'Mr', 'first': 'اميرحسين', 'last': 'پارسا'}, 'location': {'street': {'number': 3212, 'name': 'شهید عباس افضلی'}, 'city': 'قم', 'state': 'قزوین', 'coun...</msg>
<var>${json_data}</var>
<arg>${response.json()}</arg>
<doc>Returns the given values which can then be assigned to a variables.</doc>
<status status="PASS" start="2024-07-05T10:16:22.292688" elapsed="0.000477"/>
</kw>
<kw name="Dictionary Should Contain Key" owner="Collections">
<arg>${json_data}</arg>
<arg>results</arg>
<doc>Fails if ``key`` is not found from ``dictionary``.</doc>
<status status="PASS" start="2024-07-05T10:16:22.293463" elapsed="0.000166"/>
</kw>
<status status="PASS" start="2024-07-05T10:16:22.202621" elapsed="0.091154"/>
</kw>
<doc>Testa se a API responde corretamente e retorna um objeto JSON válido.</doc>
<tag>testeRequisicaoBasica</tag>
<status status="PASS" start="2024-07-05T10:16:22.202080" elapsed="0.091862"/>
</test>
<test id="s1-s1-t3" name="Validar estrutura de resposta" line="22">
<kw name="Teste de Estrutura de Resposta" owner="random-user-service">
<kw name="GET On Session" owner="RequestsLibrary">
<msg time="2024-07-05T10:16:22.393285" level="INFO">GET Request : url=https://randomuser.me/api 
 path_url=/api 
 headers={'User-Agent': 'python-requests/2.32.3', 'Accept-Encoding': 'gzip, deflate', 'Accept': '*/*', 'Connection': 'keep-alive'} 
 body=None 
 </msg>
<msg time="2024-07-05T10:16:22.393407" level="INFO">GET Response : url=https://randomuser.me/api 
 status=200, reason=OK 
 headers={'Date': 'Fri, 05 Jul 2024 10:16:22 GMT', 'Content-Type': 'application/json; charset=utf-8', 'Transfer-Encoding': 'chunked', 'Connection': 'keep-alive', 'X-Powered-By': 'Express', 'Access-Control-Allow-Origin': '*', 'Cache-Control': 'no-cache', 'ETag': 'W/"499-VHcvTAFgzkdAkLhwgx89GujtXK0"', 'Vary': 'Accept-Encoding', 'Content-Encoding': 'gzip', 'CF-Cache-Status': 'DYNAMIC', 'Report-To': '{"endpoints":[{"url":"https:\\/\\/a.nel.cloudflare.com\\/report\\/v4?s=u0T%2FU7uTVpp9G4WknGoOBSKJlanY3Dpr99dHDFfcpAYYo5NBQzh2xwKr5NvrfgTvzVoNhXrobf9T5XOL45Vh3p%2F15j9tweWPerQEAADxlORvVRzd0Wr1MO77G01m77nI"}],"group":"cf-nel","max_age":604800}', 'NEL': '{"success_fraction":0,"report_to":"cf-nel","max_age":604800}', 'Server': 'cloudflare', 'CF-RAY': '89e699636c346fe3-IAD', 'alt-svc': 'h3=":443"; ma=86400'} 
 body={"results":[{"gender":"male","name":{"title":"Mr","first":"Zboyislav","last":"Goriliy"},"location":{"street":{"number":8822,"name":"Bilocerkivskiy provulok"},"city":"Chop","state":"Zaporizka","country":"Ukraine","postcode":16754,"coordinates":{"latitude":"75.7903","longitude":"-51.6405"},"timezone":{"offset":"+11:00","description":"Magadan, Solomon Islands, New Caledonia"}},"email":"zboyislav.goriliy@example.com","login":{"uuid":"63fe1f41-364d-413b-8187-541e853ac8e5","username":"orangekoala387","password":"avenue","salt":"mAqYhnTd","md5":"41f9e5eb5c5df351533aa4d60c595199","sha1":"6a608b1c6b5861f25d824d89b8f1c6df155cdca7","sha256":"8874e416f20aed937f245ef58b6d737cbedfdef5688c3d8c7f75dcf4514f10c3"},"dob":{"date":"1962-04-30T14:42:30.920Z","age":62},"registered":{"date":"2003-08-17T00:18:43.889Z","age":20},"phone":"(096) J26-7593","cell":"(068) O16-2606","id":{"name":"","value":null},"picture":{"large":"https://randomuser.me/api/portraits/men/91.jpg","medium":"https://randomuser.me/api/portraits/med/men/91.jpg","thumbnail":"https://randomuser.me/api/portraits/thumb/men/91.jpg"},"nat":"UA"}],"info":{"seed":"a12f19d5a498c1d3","results":1,"page":1,"version":"1.4"}} 
 </msg>
<msg time="2024-07-05T10:16:22.393570" level="INFO">/opt/hostedtoolcache/Python/3.12.4/x64/lib/python3.12/site-packages/urllib3/connectionpool.py:1099: InsecureRequestWarning: Unverified HTTPS request is being made to host 'randomuser.me'. Adding certificate verification is strongly advised. See: https://urllib3.readthedocs.io/en/latest/advanced-usage.html#tls-warnings
  warnings.warn(</msg>
<msg time="2024-07-05T10:16:22.393728" level="INFO">${response} = &lt;Response [200]&gt;</msg>
<var>${response}</var>
<arg>consultarAPI</arg>
<arg>/api</arg>
<doc>Sends a GET request on a previously created HTTP Session.</doc>
<status status="PASS" start="2024-07-05T10:16:22.296637" elapsed="0.097137"/>
</kw>
<kw name="Set Variable" owner="BuiltIn">
<msg time="2024-07-05T10:16:22.395228" level="INFO">${json_data} = {'results': [{'gender': 'male', 'name': {'title': 'Mr', 'first': 'Zboyislav', 'last': 'Goriliy'}, 'location': {'street': {'number': 8822, 'name': 'Bilocerkivskiy provulok'}, 'city': 'Chop', 'state': '...</msg>
<var>${json_data}</var>
<arg>${response.json()}</arg>
<doc>Returns the given values which can then be assigned to a variables.</doc>
<status status="PASS" start="2024-07-05T10:16:22.394443" elapsed="0.000826"/>
</kw>
<kw name="Log" owner="BuiltIn">
<msg time="2024-07-05T10:16:22.395923" level="INFO">{'results': [{'gender': 'male', 'name': {'title': 'Mr', 'first': 'Zboyislav', 'last': 'Goriliy'}, 'location': {'street': {'number': 8822, 'name': 'Bilocerkivskiy provulok'}, 'city': 'Chop', 'state': 'Zaporizka', 'country': 'Ukraine', 'postcode': 16754, 'coordinates': {'latitude': '75.7903', 'longitude': '-51.6405'}, 'timezone': {'offset': '+11:00', 'description': 'Magadan, Solomon Islands, New Caledonia'}}, 'email': 'zboyislav.goriliy@example.com', 'login': {'uuid': '63fe1f41-364d-413b-8187-541e853ac8e5', 'username': 'orangekoala387', 'password': 'avenue', 'salt': 'mAqYhnTd', 'md5': '41f9e5eb5c5df351533aa4d60c595199', 'sha1': '6a608b1c6b5861f25d824d89b8f1c6df155cdca7', 'sha256': '8874e416f20aed937f245ef58b6d737cbedfdef5688c3d8c7f75dcf4514f10c3'}, 'dob': {'date': '1962-04-30T14:42:30.920Z', 'age': 62}, 'registered': {'date': '2003-08-17T00:18:43.889Z', 'age': 20}, 'phone': '(096) J26-7593', 'cell': '(068) O16-2606', 'id': {'name': '', 'value': None}, 'picture': {'large': 'https://randomuser.me/api/portraits/men/91.jpg', 'medium': 'https://randomuser.me/api/portraits/med/men/91.jpg', 'thumbnail': 'https://randomuser.me/api/portraits/thumb/men/91.jpg'}, 'nat': 'UA'}], 'info': {'seed': 'a12f19d5a498c1d3', 'results': 1, 'page': 1, 'version': '1.4'}}</msg>
<arg>${json_data}</arg>
<doc>Logs the given message with the given level.</doc>
<status status="PASS" start="2024-07-05T10:16:22.395700" elapsed="0.000300"/>
</kw>
<kw name="Dictionary Should Contain Key" owner="Collections">
<arg>${json_data}</arg>
<arg>results</arg>
<doc>Fails if ``key`` is not found from ``dictionary``.</doc>
<status status="PASS" start="2024-07-05T10:16:22.396452" elapsed="0.000243"/>
</kw>
<kw name="Should Not Be Empty" owner="BuiltIn">
<msg time="2024-07-05T10:16:22.397217" level="INFO">Length is 2.</msg>
<arg>${json_data}</arg>
<doc>Verifies that the given item is not empty.</doc>
<status status="PASS" start="2024-07-05T10:16:22.397003" elapsed="0.000275"/>
</kw>
<kw name="Create List" owner="BuiltIn">
<msg time="2024-07-05T10:16:22.398187" level="INFO">${expected_keys} = ['gender', 'name', 'location', 'email', 'login']</msg>
<var>${expected_keys}</var>
<arg>gender</arg>
<arg>name</arg>
<arg>location</arg>
<arg>email</arg>
<arg>login</arg>
<doc>Returns a list containing given items.</doc>
<status status="PASS" start="2024-07-05T10:16:22.397729" elapsed="0.000506"/>
</kw>
<for flavor="IN">
<iter>
<kw name="Dictionary Should Contain Key" owner="Collections">
<arg>${json_data['results'][0]}</arg>
<arg>${key}</arg>
<doc>Fails if ``key`` is not found from ``dictionary``.</doc>
<status status="PASS" start="2024-07-05T10:16:22.399139" elapsed="0.000664"/>
</kw>
<kw name="Log" owner="BuiltIn">
<msg time="2024-07-05T10:16:22.400755" level="INFO">{'gender': 'male', 'name': {'title': 'Mr', 'first': 'Zboyislav', 'last': 'Goriliy'}, 'location': {'street': {'number': 8822, 'name': 'Bilocerkivskiy provulok'}, 'city': 'Chop', 'state': 'Zaporizka', 'country': 'Ukraine', 'postcode': 16754, 'coordinates': {'latitude': '75.7903', 'longitude': '-51.6405'}, 'timezone': {'offset': '+11:00', 'description': 'Magadan, Solomon Islands, New Caledonia'}}, 'email': 'zboyislav.goriliy@example.com', 'login': {'uuid': '63fe1f41-364d-413b-8187-541e853ac8e5', 'username': 'orangekoala387', 'password': 'avenue', 'salt': 'mAqYhnTd', 'md5': '41f9e5eb5c5df351533aa4d60c595199', 'sha1': '6a608b1c6b5861f25d824d89b8f1c6df155cdca7', 'sha256': '8874e416f20aed937f245ef58b6d737cbedfdef5688c3d8c7f75dcf4514f10c3'}, 'dob': {'date': '1962-04-30T14:42:30.920Z', 'age': 62}, 'registered': {'date': '2003-08-17T00:18:43.889Z', 'age': 20}, 'phone': '(096) J26-7593', 'cell': '(068) O16-2606', 'id': {'name': '', 'value': None}, 'picture': {'large': 'https://randomuser.me/api/portraits/men/91.jpg', 'medium': 'https://randomuser.me/api/portraits/med/men/91.jpg', 'thumbnail': 'https://randomuser.me/api/portraits/thumb/men/91.jpg'}, 'nat': 'UA'}</msg>
<arg>${json_data['results'][0]}</arg>
<doc>Logs the given message with the given level.</doc>
<status status="PASS" start="2024-07-05T10:16:22.400113" elapsed="0.000722"/>
</kw>
<kw name="Log" owner="BuiltIn">
<msg time="2024-07-05T10:16:22.401503" level="INFO">gender</msg>
<arg>${key}</arg>
<doc>Logs the given message with the given level.</doc>
<status status="PASS" start="2024-07-05T10:16:22.401290" elapsed="0.000286"/>
</kw>
<var name="${key}">gender</var>
<status status="PASS" start="2024-07-05T10:16:22.398934" elapsed="0.002970"/>
</iter>
<iter>
<kw name="Dictionary Should Contain Key" owner="Collections">
<arg>${json_data['results'][0]}</arg>
<arg>${key}</arg>
<doc>Fails if ``key`` is not found from ``dictionary``.</doc>
<status status="PASS" start="2024-07-05T10:16:22.402420" elapsed="0.000646"/>
</kw>
<kw name="Log" owner="BuiltIn">
<msg time="2024-07-05T10:16:22.403935" level="INFO">{'gender': 'male', 'name': {'title': 'Mr', 'first': 'Zboyislav', 'last': 'Goriliy'}, 'location': {'street': {'number': 8822, 'name': 'Bilocerkivskiy provulok'}, 'city': 'Chop', 'state': 'Zaporizka', 'country': 'Ukraine', 'postcode': 16754, 'coordinates': {'latitude': '75.7903', 'longitude': '-51.6405'}, 'timezone': {'offset': '+11:00', 'description': 'Magadan, Solomon Islands, New Caledonia'}}, 'email': 'zboyislav.goriliy@example.com', 'login': {'uuid': '63fe1f41-364d-413b-8187-541e853ac8e5', 'username': 'orangekoala387', 'password': 'avenue', 'salt': 'mAqYhnTd', 'md5': '41f9e5eb5c5df351533aa4d60c595199', 'sha1': '6a608b1c6b5861f25d824d89b8f1c6df155cdca7', 'sha256': '8874e416f20aed937f245ef58b6d737cbedfdef5688c3d8c7f75dcf4514f10c3'}, 'dob': {'date': '1962-04-30T14:42:30.920Z', 'age': 62}, 'registered': {'date': '2003-08-17T00:18:43.889Z', 'age': 20}, 'phone': '(096) J26-7593', 'cell': '(068) O16-2606', 'id': {'name': '', 'value': None}, 'picture': {'large': 'https://randomuser.me/api/portraits/men/91.jpg', 'medium': 'https://randomuser.me/api/portraits/med/men/91.jpg', 'thumbnail': 'https://randomuser.me/api/portraits/thumb/men/91.jpg'}, 'nat': 'UA'}</msg>
<arg>${json_data['results'][0]}</arg>
<doc>Logs the given message with the given level.</doc>
<status status="PASS" start="2024-07-05T10:16:22.403349" elapsed="0.000712"/>
</kw>
<kw name="Log" owner="BuiltIn">
<msg time="2024-07-05T10:16:22.404783" level="INFO">name</msg>
<arg>${key}</arg>
<doc>Logs the given message with the given level.</doc>
<status status="PASS" start="2024-07-05T10:16:22.404573" elapsed="0.000270"/>
</kw>
<var name="${key}">name</var>
<status status="PASS" start="2024-07-05T10:16:22.402217" elapsed="0.002947"/>
</iter>
<iter>
<kw name="Dictionary Should Contain Key" owner="Collections">
<arg>${json_data['results'][0]}</arg>
<arg>${key}</arg>
<doc>Fails if ``key`` is not found from ``dictionary``.</doc>
<status status="PASS" start="2024-07-05T10:16:22.405655" elapsed="0.000641"/>
</kw>
<kw name="Log" owner="BuiltIn">
<msg time="2024-07-05T10:16:22.407213" level="INFO">{'gender': 'male', 'name': {'title': 'Mr', 'first': 'Zboyislav', 'last': 'Goriliy'}, 'location': {'street': {'number': 8822, 'name': 'Bilocerkivskiy provulok'}, 'city': 'Chop', 'state': 'Zaporizka', 'country': 'Ukraine', 'postcode': 16754, 'coordinates': {'latitude': '75.7903', 'longitude': '-51.6405'}, 'timezone': {'offset': '+11:00', 'description': 'Magadan, Solomon Islands, New Caledonia'}}, 'email': 'zboyislav.goriliy@example.com', 'login': {'uuid': '63fe1f41-364d-413b-8187-541e853ac8e5', 'username': 'orangekoala387', 'password': 'avenue', 'salt': 'mAqYhnTd', 'md5': '41f9e5eb5c5df351533aa4d60c595199', 'sha1': '6a608b1c6b5861f25d824d89b8f1c6df155cdca7', 'sha256': '8874e416f20aed937f245ef58b6d737cbedfdef5688c3d8c7f75dcf4514f10c3'}, 'dob': {'date': '1962-04-30T14:42:30.920Z', 'age': 62}, 'registered': {'date': '2003-08-17T00:18:43.889Z', 'age': 20}, 'phone': '(096) J26-7593', 'cell': '(068) O16-2606', 'id': {'name': '', 'value': None}, 'picture': {'large': 'https://randomuser.me/api/portraits/men/91.jpg', 'medium': 'https://randomuser.me/api/portraits/med/men/91.jpg', 'thumbnail': 'https://randomuser.me/api/portraits/thumb/men/91.jpg'}, 'nat': 'UA'}</msg>
<arg>${json_data['results'][0]}</arg>
<doc>Logs the given message with the given level.</doc>
<status status="PASS" start="2024-07-05T10:16:22.406606" elapsed="0.000693"/>
</kw>
<kw name="Log" owner="BuiltIn">
<msg time="2024-07-05T10:16:22.407947" level="INFO">location</msg>
<arg>${key}</arg>
<doc>Logs the given message with the given level.</doc>
<status status="PASS" start="2024-07-05T10:16:22.407754" elapsed="0.000262"/>
</kw>
<var name="${key}">location</var>
<status status="PASS" start="2024-07-05T10:16:22.405467" elapsed="0.002921"/>
</iter>
<iter>
<kw name="Dictionary Should Contain Key" owner="Collections">
<arg>${json_data['results'][0]}</arg>
<arg>${key}</arg>
<doc>Fails if ``key`` is not found from ``dictionary``.</doc>
<status status="PASS" start="2024-07-05T10:16:22.408835" elapsed="0.000670"/>
</kw>
<kw name="Log" owner="BuiltIn">
<msg time="2024-07-05T10:16:22.410376" level="INFO">{'gender': 'male', 'name': {'title': 'Mr', 'first': 'Zboyislav', 'last': 'Goriliy'}, 'location': {'street': {'number': 8822, 'name': 'Bilocerkivskiy provulok'}, 'city': 'Chop', 'state': 'Zaporizka', 'country': 'Ukraine', 'postcode': 16754, 'coordinates': {'latitude': '75.7903', 'longitude': '-51.6405'}, 'timezone': {'offset': '+11:00', 'description': 'Magadan, Solomon Islands, New Caledonia'}}, 'email': 'zboyislav.goriliy@example.com', 'login': {'uuid': '63fe1f41-364d-413b-8187-541e853ac8e5', 'username': 'orangekoala387', 'password': 'avenue', 'salt': 'mAqYhnTd', 'md5': '41f9e5eb5c5df351533aa4d60c595199', 'sha1': '6a608b1c6b5861f25d824d89b8f1c6df155cdca7', 'sha256': '8874e416f20aed937f245ef58b6d737cbedfdef5688c3d8c7f75dcf4514f10c3'}, 'dob': {'date': '1962-04-30T14:42:30.920Z', 'age': 62}, 'registered': {'date': '2003-08-17T00:18:43.889Z', 'age': 20}, 'phone': '(096) J26-7593', 'cell': '(068) O16-2606', 'id': {'name': '', 'value': None}, 'picture': {'large': 'https://randomuser.me/api/portraits/men/91.jpg', 'medium': 'https://randomuser.me/api/portraits/med/men/91.jpg', 'thumbnail': 'https://randomuser.me/api/portraits/thumb/men/91.jpg'}, 'nat': 'UA'}</msg>
<arg>${json_data['results'][0]}</arg>
<doc>Logs the given message with the given level.</doc>
<status status="PASS" start="2024-07-05T10:16:22.409812" elapsed="0.000642"/>
</kw>
<kw name="Log" owner="BuiltIn">
<msg time="2024-07-05T10:16:22.411146" level="INFO">email</msg>
<arg>${key}</arg>
<doc>Logs the given message with the given level.</doc>
<status status="PASS" start="2024-07-05T10:16:22.410931" elapsed="0.000282"/>
</kw>
<var name="${key}">email</var>
<status status="PASS" start="2024-07-05T10:16:22.408666" elapsed="0.002866"/>
</iter>
<iter>
<kw name="Dictionary Should Contain Key" owner="Collections">
<arg>${json_data['results'][0]}</arg>
<arg>${key}</arg>
<doc>Fails if ``key`` is not found from ``dictionary``.</doc>
<status status="PASS" start="2024-07-05T10:16:22.411986" elapsed="0.000701"/>
</kw>
<kw name="Log" owner="BuiltIn">
<msg time="2024-07-05T10:16:22.413634" level="INFO">{'gender': 'male', 'name': {'title': 'Mr', 'first': 'Zboyislav', 'last': 'Goriliy'}, 'location': {'street': {'number': 8822, 'name': 'Bilocerkivskiy provulok'}, 'city': 'Chop', 'state': 'Zaporizka', 'country': 'Ukraine', 'postcode': 16754, 'coordinates': {'latitude': '75.7903', 'longitude': '-51.6405'}, 'timezone': {'offset': '+11:00', 'description': 'Magadan, Solomon Islands, New Caledonia'}}, 'email': 'zboyislav.goriliy@example.com', 'login': {'uuid': '63fe1f41-364d-413b-8187-541e853ac8e5', 'username': 'orangekoala387', 'password': 'avenue', 'salt': 'mAqYhnTd', 'md5': '41f9e5eb5c5df351533aa4d60c595199', 'sha1': '6a608b1c6b5861f25d824d89b8f1c6df155cdca7', 'sha256': '8874e416f20aed937f245ef58b6d737cbedfdef5688c3d8c7f75dcf4514f10c3'}, 'dob': {'date': '1962-04-30T14:42:30.920Z', 'age': 62}, 'registered': {'date': '2003-08-17T00:18:43.889Z', 'age': 20}, 'phone': '(096) J26-7593', 'cell': '(068) O16-2606', 'id': {'name': '', 'value': None}, 'picture': {'large': 'https://randomuser.me/api/portraits/men/91.jpg', 'medium': 'https://randomuser.me/api/portraits/med/men/91.jpg', 'thumbnail': 'https://randomuser.me/api/portraits/thumb/men/91.jpg'}, 'nat': 'UA'}</msg>
<arg>${json_data['results'][0]}</arg>
<doc>Logs the given message with the given level.</doc>
<status status="PASS" start="2024-07-05T10:16:22.413006" elapsed="0.000716"/>
</kw>
<kw name="Log" owner="BuiltIn">
<msg time="2024-07-05T10:16:22.414329" level="INFO">login</msg>
<arg>${key}</arg>
<doc>Logs the given message with the given level.</doc>
<status status="PASS" start="2024-07-05T10:16:22.414151" elapsed="0.000239"/>
</kw>
<var name="${key}">login</var>
<status status="PASS" start="2024-07-05T10:16:22.411792" elapsed="0.002908"/>
</iter>
<var>${key}</var>
<value>@{expected_keys}</value>
<status status="PASS" start="2024-07-05T10:16:22.398656" elapsed="0.016226"/>
</for>
<kw name="Create List" owner="BuiltIn">
<msg time="2024-07-05T10:16:22.415415" level="INFO">${expected_keysTwo} = ['username', 'password']</msg>
<var>${expected_keysTwo}</var>
<arg>username</arg>
<arg>password</arg>
<doc>Returns a list containing given items.</doc>
<status status="PASS" start="2024-07-05T10:16:22.415170" elapsed="0.000285"/>
</kw>
<for flavor="IN">
<iter>
<kw name="Dictionary Should Contain Key" owner="Collections">
<arg>${json_data['results'][0]['login']}</arg>
<arg>${keyTwo}</arg>
<doc>Fails if ``key`` is not found from ``dictionary``.</doc>
<status status="PASS" start="2024-07-05T10:16:22.416228" elapsed="0.000647"/>
</kw>
<kw name="Dictionary Should Contain Key" owner="Collections">
<arg>${json_data['results'][0]['login']}</arg>
<arg>${keyTwo}</arg>
<doc>Fails if ``key`` is not found from ``dictionary``.</doc>
<status status="PASS" start="2024-07-05T10:16:22.417187" elapsed="0.000679"/>
</kw>
<kw name="Log" owner="BuiltIn">
<msg time="2024-07-05T10:16:22.418404" level="INFO">username</msg>
<arg>${keyTwo}</arg>
<doc>Logs the given message with the given level.</doc>
<status status="PASS" start="2024-07-05T10:16:22.418192" elapsed="0.000284"/>
</kw>
<var name="${keyTwo}">username</var>
<status status="PASS" start="2024-07-05T10:16:22.416059" elapsed="0.002793"/>
</iter>
<iter>
<kw name="Dictionary Should Contain Key" owner="Collections">
<arg>${json_data['results'][0]['login']}</arg>
<arg>${keyTwo}</arg>
<doc>Fails if ``key`` is not found from ``dictionary``.</doc>
<status status="PASS" start="2024-07-05T10:16:22.419278" elapsed="0.000592"/>
</kw>
<kw name="Dictionary Should Contain Key" owner="Collections">
<arg>${json_data['results'][0]['login']}</arg>
<arg>${keyTwo}</arg>
<doc>Fails if ``key`` is not found from ``dictionary``.</doc>
<status status="PASS" start="2024-07-05T10:16:22.420166" elapsed="0.000693"/>
</kw>
<kw name="Log" owner="BuiltIn">
<msg time="2024-07-05T10:16:22.421334" level="INFO">password</msg>
<arg>${keyTwo}</arg>
<doc>Logs the given message with the given level.</doc>
<status status="PASS" start="2024-07-05T10:16:22.421142" elapsed="0.000262"/>
</kw>
<var name="${keyTwo}">password</var>
<status status="PASS" start="2024-07-05T10:16:22.419120" elapsed="0.002757"/>
</iter>
<var>${keyTwo}</var>
<value>@{expected_keysTwo}</value>
<status status="PASS" start="2024-07-05T10:16:22.415813" elapsed="0.006253"/>
</for>
<status status="PASS" start="2024-07-05T10:16:22.296400" elapsed="0.125906"/>
</kw>
<doc>Testa a estrutura da resposta da API.</doc>
<tag>testeEstruturaResposta</tag>
<status status="PASS" start="2024-07-05T10:16:22.295744" elapsed="0.126832"/>
</test>
<test id="s1-s1-t4" name="Validar tipos de dados" line="28">
<kw name="Teste de Tipos de Dados" owner="random-user-service">
<kw name="GET On Session" owner="RequestsLibrary">
<msg time="2024-07-05T10:16:22.504875" level="INFO">GET Request : url=https://randomuser.me/api 
 path_url=/api 
 headers={'User-Agent': 'python-requests/2.32.3', 'Accept-Encoding': 'gzip, deflate', 'Accept': '*/*', 'Connection': 'keep-alive'} 
 body=None 
 </msg>
<msg time="2024-07-05T10:16:22.504962" level="INFO">GET Response : url=https://randomuser.me/api 
 status=200, reason=OK 
 headers={'Date': 'Fri, 05 Jul 2024 10:16:22 GMT', 'Content-Type': 'application/json; charset=utf-8', 'Transfer-Encoding': 'chunked', 'Connection': 'keep-alive', 'X-Powered-By': 'Express', 'Access-Control-Allow-Origin': '*', 'Cache-Control': 'no-cache', 'ETag': 'W/"499-Sozt6EA43IolODVbkI7+eHo3w3w"', 'Vary': 'Accept-Encoding', 'Content-Encoding': 'gzip', 'CF-Cache-Status': 'DYNAMIC', 'Report-To': '{"endpoints":[{"url":"https:\\/\\/a.nel.cloudflare.com\\/report\\/v4?s=ArW%2FMK150FApCYkILsQTP%2B9xxmUUrzgOAAS7eiFb6Sjm15Kl8bINpqJ8XGsyxjqRb4jUj6ZtCUuSx8464Jl3563WnZ3oX2vFieT0pvwlLueiZXJAtN%2BizqGmDsDIeZAi"}],"group":"cf-nel","max_age":604800}', 'NEL': '{"success_fraction":0,"report_to":"cf-nel","max_age":604800}', 'Server': 'cloudflare', 'CF-RAY': '89e699643c8f6fe3-IAD', 'alt-svc': 'h3=":443"; ma=86400'} 
 body={"results":[{"gender":"female","name":{"title":"Miss","first":"Holly","last":"Rhodes"},"location":{"street":{"number":5213,"name":"Sunset St"},"city":"Townsville","state":"Australian Capital Territory","country":"Australia","postcode":7292,"coordinates":{"latitude":"-85.5876","longitude":"25.7327"},"timezone":{"offset":"-11:00","description":"Midway Island, Samoa"}},"email":"holly.rhodes@example.com","login":{"uuid":"6c208cd0-d880-43b5-bec3-9eca3cefc017","username":"brownmeercat929","password":"rockets","salt":"HHdpTtE6","md5":"0b8831859843d12041bc4604f08cb0dd","sha1":"064653805ffbd114273c22981bef5af0e1c9fb3b","sha256":"fc1049799159a3a13be88cebfb55f7453bc3532679d65ff6e61cd08f60c9262c"},"dob":{"date":"1987-05-26T23:53:36.651Z","age":37},"registered":{"date":"2015-10-23T09:56:37.553Z","age":8},"phone":"07-9980-0464","cell":"0481-182-425","id":{"name":"TFN","value":"534988179"},"picture":{"large":"https://randomuser.me/api/portraits/women/22.jpg","medium":"https://randomuser.me/api/portraits/med/women/22.jpg","thumbnail":"https://randomuser.me/api/portraits/thumb/women/22.jpg"},"nat":"AU"}],"info":{"seed":"c61611998444ba8a","results":1,"page":1,"version":"1.4"}} 
 </msg>
<msg time="2024-07-05T10:16:22.505038" level="INFO">/opt/hostedtoolcache/Python/3.12.4/x64/lib/python3.12/site-packages/urllib3/connectionpool.py:1099: InsecureRequestWarning: Unverified HTTPS request is being made to host 'randomuser.me'. Adding certificate verification is strongly advised. See: https://urllib3.readthedocs.io/en/latest/advanced-usage.html#tls-warnings
  warnings.warn(</msg>
<msg time="2024-07-05T10:16:22.505154" level="INFO">${response} = &lt;Response [200]&gt;</msg>
<var>${response}</var>
<arg>consultarAPI</arg>
<arg>/api</arg>
<doc>Sends a GET request on a previously created HTTP Session.</doc>
<status status="PASS" start="2024-07-05T10:16:22.426849" elapsed="0.078351"/>
</kw>
<kw name="Set Variable" owner="BuiltIn">
<msg time="2024-07-05T10:16:22.506119" level="INFO">${json_data} = {'results': [{'gender': 'female', 'name': {'title': 'Miss', 'first': 'Holly', 'last': 'Rhodes'}, 'location': {'street': {'number': 5213, 'name': 'Sunset St'}, 'city': 'Townsville', 'state': 'Australia...</msg>
<var>${json_data}</var>
<arg>${response.json()}</arg>
<doc>Returns the given values which can then be assigned to a variables.</doc>
<status status="PASS" start="2024-07-05T10:16:22.505634" elapsed="0.000519"/>
</kw>
<kw name="Log" owner="BuiltIn">
<msg time="2024-07-05T10:16:22.506621" level="INFO">{'results': [{'gender': 'female', 'name': {'title': 'Miss', 'first': 'Holly', 'last': 'Rhodes'}, 'location': {'street': {'number': 5213, 'name': 'Sunset St'}, 'city': 'Townsville', 'state': 'Australian Capital Territory', 'country': 'Australia', 'postcode': 7292, 'coordinates': {'latitude': '-85.5876', 'longitude': '25.7327'}, 'timezone': {'offset': '-11:00', 'description': 'Midway Island, Samoa'}}, 'email': 'holly.rhodes@example.com', 'login': {'uuid': '6c208cd0-d880-43b5-bec3-9eca3cefc017', 'username': 'brownmeercat929', 'password': 'rockets', 'salt': 'HHdpTtE6', 'md5': '0b8831859843d12041bc4604f08cb0dd', 'sha1': '064653805ffbd114273c22981bef5af0e1c9fb3b', 'sha256': 'fc1049799159a3a13be88cebfb55f7453bc3532679d65ff6e61cd08f60c9262c'}, 'dob': {'date': '1987-05-26T23:53:36.651Z', 'age': 37}, 'registered': {'date': '2015-10-23T09:56:37.553Z', 'age': 8}, 'phone': '07-9980-0464', 'cell': '0481-182-425', 'id': {'name': 'TFN', 'value': '534988179'}, 'picture': {'large': 'https://randomuser.me/api/portraits/women/22.jpg', 'medium': 'https://randomuser.me/api/portraits/med/women/22.jpg', 'thumbnail': 'https://randomuser.me/api/portraits/thumb/women/22.jpg'}, 'nat': 'AU'}], 'info': {'seed': 'c61611998444ba8a', 'results': 1, 'page': 1, 'version': '1.4'}}</msg>
<arg>${json_data}</arg>
<doc>Logs the given message with the given level.</doc>
<status status="PASS" start="2024-07-05T10:16:22.506462" elapsed="0.000208"/>
</kw>
<kw name="Should Be String" owner="String">
<arg>${json_data['results'][0]['gender']}</arg>
<doc>Fails if the given ``item`` is not a string.</doc>
<status status="PASS" start="2024-07-05T10:16:22.506978" elapsed="0.000363"/>
</kw>
<kw name="Should Match Regexp" owner="BuiltIn">
<arg>${json_data['results'][0]['email']}</arg>
<arg>^[a-zA-Z0-9._%+-]+@[a-zA-Z0-9.-]+\.[a-zA-Z]{2,}$</arg>
<doc>Fails if ``string`` does not match ``pattern`` as a regular expression.</doc>
<status status="PASS" start="2024-07-05T10:16:22.507533" elapsed="0.000559"/>
</kw>
<kw name="Should Match Regexp" owner="BuiltIn">
<arg>${json_data['results'][0]['dob']['date']}</arg>
<arg>\\d{4}-\\d{2}-\\d{2}T\\d{2}:\\d{2}:\\d{2}\\.\\d{3}Z</arg>
<doc>Fails if ``string`` does not match ``pattern`` as a regular expression.</doc>
<status status="PASS" start="2024-07-05T10:16:22.508328" elapsed="0.000509"/>
</kw>
<kw name="Should Match Regexp" owner="BuiltIn">
<arg>${json_data['results'][0]['registered']['date']}</arg>
<arg>\\d{4}-\\d{2}-\\d{2}T\\d{2}:\\d{2}:\\d{2}\\.\\d{3}Z</arg>
<doc>Fails if ``string`` does not match ``pattern`` as a regular expression.</doc>
<status status="PASS" start="2024-07-05T10:16:22.509031" elapsed="0.000370"/>
</kw>
<kw name="Should Match Regexp" owner="BuiltIn">
<arg>${json_data['results'][0]['picture']['large']}</arg>
<arg>^https?://.*\.(?:png|jpe?g|gif|bmp)$</arg>
<doc>Fails if ``string`` does not match ``pattern`` as a regular expression.</doc>
<status status="PASS" start="2024-07-05T10:16:22.509589" elapsed="0.000456"/>
</kw>
<kw name="Should Match Regexp" owner="BuiltIn">
<arg>${json_data['results'][0]['picture']['medium']}</arg>
<arg>^https?://.*\.(?:png|jpe?g|gif|bmp)$</arg>
<doc>Fails if ``string`` does not match ``pattern`` as a regular expression.</doc>
<status status="PASS" start="2024-07-05T10:16:22.510232" elapsed="0.000352"/>
</kw>
<kw name="Should Match Regexp" owner="BuiltIn">
<arg>${json_data['results'][0]['picture']['thumbnail']}</arg>
<arg>^https?://.*\.(?:png|jpe?g|gif|bmp)$</arg>
<doc>Fails if ``string`` does not match ``pattern`` as a regular expression.</doc>
<status status="PASS" start="2024-07-05T10:16:22.510766" elapsed="0.000349"/>
</kw>
<kw name="Log" owner="BuiltIn">
<msg time="2024-07-05T10:16:22.511628" level="INFO">{'large': 'https://randomuser.me/api/portraits/women/22.jpg', 'medium': 'https://randomuser.me/api/portraits/med/women/22.jpg', 'thumbnail': 'https://randomuser.me/api/portraits/thumb/women/22.jpg'}</msg>
<arg>${json_data['results'][0]['picture']}</arg>
<doc>Logs the given message with the given level.</doc>
<status status="PASS" start="2024-07-05T10:16:22.511296" elapsed="0.000376"/>
</kw>
<status status="PASS" start="2024-07-05T10:16:22.426501" elapsed="0.085430"/>
</kw>
<kw name="Teste de Tipos de Dados - Postcode" owner="random-user-service">
<kw name="GET On Session" owner="RequestsLibrary">
<msg time="2024-07-05T10:16:22.665519" level="INFO">GET Request : url=https://randomuser.me/api 
 path_url=/api 
 headers={'User-Agent': 'python-requests/2.32.3', 'Accept-Encoding': 'gzip, deflate', 'Accept': '*/*', 'Connection': 'keep-alive'} 
 body=None 
 </msg>
<msg time="2024-07-05T10:16:22.665599" level="INFO">GET Response : url=https://randomuser.me/api 
 status=200, reason=OK 
 headers={'Date': 'Fri, 05 Jul 2024 10:16:22 GMT', 'Content-Type': 'application/json; charset=utf-8', 'Transfer-Encoding': 'chunked', 'Connection': 'keep-alive', 'X-Powered-By': 'Express', 'Access-Control-Allow-Origin': '*', 'Cache-Control': 'no-cache', 'ETag': 'W/"48d-8qSBDSTqHyKz16ai/qhQNnf8Pik"', 'Vary': 'Accept-Encoding', 'Content-Encoding': 'gzip', 'CF-Cache-Status': 'DYNAMIC', 'Report-To': '{"endpoints":[{"url":"https:\\/\\/a.nel.cloudflare.com\\/report\\/v4?s=kF5NW040iIAfp5vq9nt6gQuYvw%2FNNGSTHdgNOpHOf7A%2FRxnwlEorMqUCg7N1%2FFriNORBp7Bmsd9A%2FySX7DvP1DIEamA5Ngjcz6ruPiD4TW75Z1yc2w1%2FmEng1BfLYBty"}],"group":"cf-nel","max_age":604800}', 'NEL': '{"success_fraction":0,"report_to":"cf-nel","max_age":604800}', 'Server': 'cloudflare', 'CF-RAY': '89e69964bcde6fe3-IAD', 'alt-svc': 'h3=":443"; ma=86400'} 
 body={"results":[{"gender":"male","name":{"title":"Mr","first":"Marc","last":"Alonso"},"location":{"street":{"number":5776,"name":"Paseo de Zorrilla"},"city":"Murcia","state":"Canarias","country":"Spain","postcode":70613,"coordinates":{"latitude":"-36.0415","longitude":"-68.5090"},"timezone":{"offset":"-6:00","description":"Central Time (US &amp; Canada), Mexico City"}},"email":"marc.alonso@example.com","login":{"uuid":"b039f83a-0985-4fe2-9809-730c8c6ea5a4","username":"angrymeercat545","password":"laurent","salt":"bLHu93ju","md5":"0b252d40bfc634ee06fc2712cc4d8904","sha1":"0d2fc46dff5137211fc6e94d25f27c9f7911252d","sha256":"4e3fb75db289dc51bdac540c2572c5bfe1f94a2aae5c23735b1bdaaf8136684a"},"dob":{"date":"1958-05-30T12:11:49.023Z","age":66},"registered":{"date":"2002-04-21T14:29:11.948Z","age":22},"phone":"957-396-362","cell":"606-424-470","id":{"name":"DNI","value":"91729472-K"},"picture":{"large":"https://randomuser.me/api/portraits/men/78.jpg","medium":"https://randomuser.me/api/portraits/med/men/78.jpg","thumbnail":"https://randomuser.me/api/portraits/thumb/men/78.jpg"},"nat":"ES"}],"info":{"seed":"9217f75a5d8fc250","results":1,"page":1,"version":"1.4"}} 
 </msg>
<msg time="2024-07-05T10:16:22.665661" level="INFO">/opt/hostedtoolcache/Python/3.12.4/x64/lib/python3.12/site-packages/urllib3/connectionpool.py:1099: InsecureRequestWarning: Unverified HTTPS request is being made to host 'randomuser.me'. Adding certificate verification is strongly advised. See: https://urllib3.readthedocs.io/en/latest/advanced-usage.html#tls-warnings
  warnings.warn(</msg>
<msg time="2024-07-05T10:16:22.665756" level="INFO">${response} = &lt;Response [200]&gt;</msg>
<var>${response}</var>
<arg>consultarAPI</arg>
<arg>/api</arg>
<doc>Sends a GET request on a previously created HTTP Session.</doc>
<status status="PASS" start="2024-07-05T10:16:22.512419" elapsed="0.153365"/>
</kw>
<kw name="Set Variable" owner="BuiltIn">
<msg time="2024-07-05T10:16:22.666706" level="INFO">${json_data} = {'results': [{'gender': 'male', 'name': {'title': 'Mr', 'first': 'Marc', 'last': 'Alonso'}, 'location': {'street': {'number': 5776, 'name': 'Paseo de Zorrilla'}, 'city': 'Murcia', 'state': 'Canarias',...</msg>
<var>${json_data}</var>
<arg>${response.json()}</arg>
<doc>Returns the given values which can then be assigned to a variables.</doc>
<status status="PASS" start="2024-07-05T10:16:22.666230" elapsed="0.000504"/>
</kw>
<kw name="Log" owner="BuiltIn">
<msg time="2024-07-05T10:16:22.667191" level="INFO">{'results': [{'gender': 'male', 'name': {'title': 'Mr', 'first': 'Marc', 'last': 'Alonso'}, 'location': {'street': {'number': 5776, 'name': 'Paseo de Zorrilla'}, 'city': 'Murcia', 'state': 'Canarias', 'country': 'Spain', 'postcode': 70613, 'coordinates': {'latitude': '-36.0415', 'longitude': '-68.5090'}, 'timezone': {'offset': '-6:00', 'description': 'Central Time (US &amp; Canada), Mexico City'}}, 'email': 'marc.alonso@example.com', 'login': {'uuid': 'b039f83a-0985-4fe2-9809-730c8c6ea5a4', 'username': 'angrymeercat545', 'password': 'laurent', 'salt': 'bLHu93ju', 'md5': '0b252d40bfc634ee06fc2712cc4d8904', 'sha1': '0d2fc46dff5137211fc6e94d25f27c9f7911252d', 'sha256': '4e3fb75db289dc51bdac540c2572c5bfe1f94a2aae5c23735b1bdaaf8136684a'}, 'dob': {'date': '1958-05-30T12:11:49.023Z', 'age': 66}, 'registered': {'date': '2002-04-21T14:29:11.948Z', 'age': 22}, 'phone': '957-396-362', 'cell': '606-424-470', 'id': {'name': 'DNI', 'value': '91729472-K'}, 'picture': {'large': 'https://randomuser.me/api/portraits/men/78.jpg', 'medium': 'https://randomuser.me/api/portraits/med/men/78.jpg', 'thumbnail': 'https://randomuser.me/api/portraits/thumb/men/78.jpg'}, 'nat': 'ES'}], 'info': {'seed': '9217f75a5d8fc250', 'results': 1, 'page': 1, 'version': '1.4'}}</msg>
<arg>${json_data}</arg>
<doc>Logs the given message with the given level.</doc>
<status status="PASS" start="2024-07-05T10:16:22.667036" elapsed="0.000205"/>
</kw>
<kw name="Should Be Equal As Numbers" owner="BuiltIn">
<arg>${json_data['results'][0]['location']['postcode']}</arg>
<arg>${json_data['results'][0]['location']['postcode']}</arg>
<doc>Fails if objects are unequal after converting them to real numbers.</doc>
<status status="PASS" start="2024-07-05T10:16:22.667526" elapsed="0.000618"/>
</kw>
<kw name="Log" owner="BuiltIn">
<msg time="2024-07-05T10:16:22.668874" level="INFO">70613</msg>
<arg>${json_data['results'][0]['location']['postcode']}</arg>
<doc>Logs the given message with the given level.</doc>
<status status="PASS" start="2024-07-05T10:16:22.668370" elapsed="0.000578"/>
</kw>
<status status="PASS" start="2024-07-05T10:16:22.512161" elapsed="0.157044"/>
</kw>
<doc>Testa se os tipos de dados na resposta da API estão corretos.</doc>
<tag>testeTiposDados</tag>
<status status="PASS" start="2024-07-05T10:16:22.425811" elapsed="0.243556"/>
</test>
<test id="s1-s1-t5" name="Validar conteudo" line="35">
<kw name="Teste de Tipos de Conteudo" owner="random-user-service">
<kw name="GET On Session" owner="RequestsLibrary">
<msg time="2024-07-05T10:16:22.711644" level="INFO">GET Request : url=https://randomuser.me/api 
 path_url=/api 
 headers={'User-Agent': 'python-requests/2.32.3', 'Accept-Encoding': 'gzip, deflate', 'Accept': '*/*', 'Connection': 'keep-alive'} 
 body=None 
 </msg>
<msg time="2024-07-05T10:16:22.711715" level="INFO">GET Response : url=https://randomuser.me/api 
 status=200, reason=OK 
 headers={'Date': 'Fri, 05 Jul 2024 10:16:22 GMT', 'Content-Type': 'application/json; charset=utf-8', 'Transfer-Encoding': 'chunked', 'Connection': 'keep-alive', 'X-Powered-By': 'Express', 'Access-Control-Allow-Origin': '*', 'Cache-Control': 'no-cache', 'ETag': 'W/"477-2IP2OkyKkDl2ne0u90cuqpVl4Tc"', 'Vary': 'Accept-Encoding', 'Content-Encoding': 'gzip', 'CF-Cache-Status': 'DYNAMIC', 'Report-To': '{"endpoints":[{"url":"https:\\/\\/a.nel.cloudflare.com\\/report\\/v4?s=ZkaZzu1HpNMVv%2FBMrtV9WuY60U5EwxOIxl0CjtPsyp%2FLZsqDsTE0KngI12iLUkHalCFd5OHHERv0kMDxHlWPXsvCKNCqugGuQzbsPmyKbyXw1zBFO9JWm0ciwwRjhbg%2F"}],"group":"cf-nel","max_age":604800}', 'NEL': '{"success_fraction":0,"report_to":"cf-nel","max_age":604800}', 'Server': 'cloudflare', 'CF-RAY': '89e69965bd586fe3-IAD', 'alt-svc': 'h3=":443"; ma=86400'} 
 body={"results":[{"gender":"male","name":{"title":"Mr","first":"Bastian","last":"Næss"},"location":{"street":{"number":9251,"name":"Høybråtenstien"},"city":"Vestbygda","state":"Møre og Romsdal","country":"Norway","postcode":"0691","coordinates":{"latitude":"43.9921","longitude":"-126.5986"},"timezone":{"offset":"-3:30","description":"Newfoundland"}},"email":"bastian.naess@example.com","login":{"uuid":"195e6e68-6907-4778-aa73-49f779c52fdf","username":"lazyduck325","password":"ooooooo","salt":"yMdCDEHh","md5":"1bd49edb6b2355f593d1dbb8cef166a5","sha1":"be4750a2a18b3f49fefce83c74021f116bfa052b","sha256":"f3cedcb01cd68d3089dcbd882677af19c1530e45b6dbf172361f23de533dbb74"},"dob":{"date":"1980-01-07T11:06:12.788Z","age":44},"registered":{"date":"2021-07-16T02:02:59.214Z","age":2},"phone":"56831989","cell":"45936121","id":{"name":"FN","value":"07018033377"},"picture":{"large":"https://randomuser.me/api/portraits/men/49.jpg","medium":"https://randomuser.me/api/portraits/med/men/49.jpg","thumbnail":"https://randomuser.me/api/portraits/thumb/men/49.jpg"},"nat":"NO"}],"info":{"seed":"4026e13b4f1d3a3e","results":1,"page":1,"version":"1.4"}} 
 </msg>
<msg time="2024-07-05T10:16:22.711778" level="INFO">/opt/hostedtoolcache/Python/3.12.4/x64/lib/python3.12/site-packages/urllib3/connectionpool.py:1099: InsecureRequestWarning: Unverified HTTPS request is being made to host 'randomuser.me'. Adding certificate verification is strongly advised. See: https://urllib3.readthedocs.io/en/latest/advanced-usage.html#tls-warnings
  warnings.warn(</msg>
<msg time="2024-07-05T10:16:22.711870" level="INFO">${response} = &lt;Response [200]&gt;</msg>
<var>${response}</var>
<arg>consultarAPI</arg>
<arg>/api</arg>
<doc>Sends a GET request on a previously created HTTP Session.</doc>
<status status="PASS" start="2024-07-05T10:16:22.671849" elapsed="0.040046"/>
</kw>
<kw name="Set Variable" owner="BuiltIn">
<msg time="2024-07-05T10:16:22.712846" level="INFO">${json_data} = {'results': [{'gender': 'male', 'name': {'title': 'Mr', 'first': 'Bastian', 'last': 'Næss'}, 'location': {'street': {'number': 9251, 'name': 'Høybråtenstien'}, 'city': 'Vestbygda', 'state': 'Møre og R...</msg>
<var>${json_data}</var>
<arg>${response.json()}</arg>
<doc>Returns the given values which can then be assigned to a variables.</doc>
<status status="PASS" start="2024-07-05T10:16:22.712365" elapsed="0.000511"/>
</kw>
<kw name="Set Variable" owner="BuiltIn">
<msg time="2024-07-05T10:16:22.713549" level="INFO">${name_title} = Mr</msg>
<var>${name_title}</var>
<arg>${json_data["results"][0]["name"]["title"]}</arg>
<doc>Returns the given values which can then be assigned to a variables.</doc>
<status status="PASS" start="2024-07-05T10:16:22.713177" elapsed="0.000397"/>
</kw>
<kw name="Create List" owner="BuiltIn">
<msg time="2024-07-05T10:16:22.714011" level="INFO">${allowed_titles} = ['Mr', 'Ms', 'Miss', 'Mrs', 'Madame', 'Monsieur']</msg>
<var>${allowed_titles}</var>
<arg>Mr</arg>
<arg>Ms</arg>
<arg>Miss</arg>
<arg>Mrs</arg>
<arg>Madame</arg>
<arg>Monsieur</arg>
<doc>Returns a list containing given items.</doc>
<status status="PASS" start="2024-07-05T10:16:22.713865" elapsed="0.000169"/>
</kw>
<kw name="List Should Contain Value" owner="Collections">
<arg>${allowed_titles}</arg>
<arg>${name_title}</arg>
<doc>Fails if the ``value`` is not found from ``list``.</doc>
<status status="PASS" start="2024-07-05T10:16:22.714331" elapsed="0.000172"/>
</kw>
<kw name="Set Variable" owner="BuiltIn">
<msg time="2024-07-05T10:16:22.715063" level="INFO">${name_country} = NO</msg>
<var>${name_country}</var>
<arg>${json_data["results"][0]["nat"]}</arg>
<doc>Returns the given values which can then be assigned to a variables.</doc>
<status status="PASS" start="2024-07-05T10:16:22.714681" elapsed="0.000407"/>
</kw>
<kw name="Create List" owner="BuiltIn">
<msg time="2024-07-05T10:16:22.716047" level="INFO">${list_country} = ['AD', 'AE', 'AF', 'AG', 'AI', 'AL', 'AM', 'AO', 'AQ', 'AR', 'AS', 'AT', 'AU', 'AW', 'AX', 'AZ', 'BA', 'BB', 'BD', 'BE', 'BF', 'BG', 'BH', 'BI', 'BJ', 'BL', 'BM', 'BN', 'BO', 'BQ', 'BR', 'BS', 'BT', '...</msg>
<var>${list_country}</var>
<arg>AD</arg>
<arg>AE</arg>
<arg>AF</arg>
<arg>AG</arg>
<arg>AI</arg>
<arg>AL</arg>
<arg>AM</arg>
<arg>AO</arg>
<arg>AQ</arg>
<arg>AR</arg>
<arg>AS</arg>
<arg>AT</arg>
<arg>AU</arg>
<arg>AW</arg>
<arg>AX</arg>
<arg>AZ</arg>
<arg>BA</arg>
<arg>BB</arg>
<arg>BD</arg>
<arg>BE</arg>
<arg>BF</arg>
<arg>BG</arg>
<arg>BH</arg>
<arg>BI</arg>
<arg>BJ</arg>
<arg>BL</arg>
<arg>BM</arg>
<arg>BN</arg>
<arg>BO</arg>
<arg>BQ</arg>
<arg>BR</arg>
<arg>BS</arg>
<arg>BT</arg>
<arg>BV</arg>
<arg>BW</arg>
<arg>BY</arg>
<arg>BZ</arg>
<arg>CA</arg>
<arg>CC</arg>
<arg>CD</arg>
<arg>CF</arg>
<arg>CG</arg>
<arg>CH</arg>
<arg>CI</arg>
<arg>CK</arg>
<arg>CL</arg>
<arg>CM</arg>
<arg>CN</arg>
<arg>CO</arg>
<arg>CR</arg>
<arg>CU</arg>
<arg>CV</arg>
<arg>CW</arg>
<arg>CX</arg>
<arg>CY</arg>
<arg>CZ</arg>
<arg>DE</arg>
<arg>DJ</arg>
<arg>DK</arg>
<arg>DM</arg>
<arg>DO</arg>
<arg>DZ</arg>
<arg>EC</arg>
<arg>EE</arg>
<arg>EG</arg>
<arg>EH</arg>
<arg>ER</arg>
<arg>ES</arg>
<arg>ET</arg>
<arg>FI</arg>
<arg>FJ</arg>
<arg>FK</arg>
<arg>FM</arg>
<arg>FO</arg>
<arg>FR</arg>
<arg>GA</arg>
<arg>GB</arg>
<arg>GD</arg>
<arg>GE</arg>
<arg>GF</arg>
<arg>GG</arg>
<arg>GH</arg>
<arg>GI</arg>
<arg>GL</arg>
<arg>GM</arg>
<arg>GN</arg>
<arg>GP</arg>
<arg>GQ</arg>
<arg>GR</arg>
<arg>GS</arg>
<arg>GT</arg>
<arg>GU</arg>
<arg>GW</arg>
<arg>GY</arg>
<arg>HK</arg>
<arg>HM</arg>
<arg>HN</arg>
<arg>HR</arg>
<arg>HT</arg>
<arg>HU</arg>
<arg>ID</arg>
<arg>IE</arg>
<arg>IL</arg>
<arg>IM</arg>
<arg>IN</arg>
<arg>IO</arg>
<arg>IQ</arg>
<arg>IR</arg>
<arg>IS</arg>
<arg>IT</arg>
<arg>JE</arg>
<arg>JM</arg>
<arg>JO</arg>
<arg>JP</arg>
<arg>KE</arg>
<arg>KG</arg>
<arg>KH</arg>
<arg>KI</arg>
<arg>KM</arg>
<arg>KN</arg>
<arg>KP</arg>
<arg>KR</arg>
<arg>KW</arg>
<arg>KY</arg>
<arg>KZ</arg>
<arg>LA</arg>
<arg>LB</arg>
<arg>LC</arg>
<arg>LI</arg>
<arg>LK</arg>
<arg>LR</arg>
<arg>LS</arg>
<arg>LT</arg>
<arg>LU</arg>
<arg>LV</arg>
<arg>LY</arg>
<arg>MA</arg>
<arg>MC</arg>
<arg>MD</arg>
<arg>ME</arg>
<arg>MF</arg>
<arg>MG</arg>
<arg>MH</arg>
<arg>MK</arg>
<arg>ML</arg>
<arg>MM</arg>
<arg>MN</arg>
<arg>MO</arg>
<arg>MP</arg>
<arg>MQ</arg>
<arg>MR</arg>
<arg>MS</arg>
<arg>MT</arg>
<arg>MU</arg>
<arg>MV</arg>
<arg>MW</arg>
<arg>MX</arg>
<arg>MY</arg>
<arg>MZ</arg>
<arg>NA</arg>
<arg>NC</arg>
<arg>NE</arg>
<arg>NF</arg>
<arg>NG</arg>
<arg>NI</arg>
<arg>NL</arg>
<arg>NO</arg>
<arg>NP</arg>
<arg>NR</arg>
<arg>NU</arg>
<arg>NZ</arg>
<arg>OM</arg>
<arg>PA</arg>
<arg>PE</arg>
<arg>PF</arg>
<arg>PG</arg>
<arg>PH</arg>
<arg>PK</arg>
<arg>PL</arg>
<arg>PM</arg>
<arg>PN</arg>
<arg>PR</arg>
<arg>PS</arg>
<arg>PT</arg>
<arg>PW</arg>
<arg>PY</arg>
<arg>QA</arg>
<arg>RE</arg>
<arg>RO</arg>
<arg>RS</arg>
<arg>RU</arg>
<arg>RW</arg>
<arg>SA</arg>
<arg>SB</arg>
<arg>SC</arg>
<arg>SD</arg>
<arg>SE</arg>
<arg>SG</arg>
<arg>SH</arg>
<arg>SI</arg>
<arg>SJ</arg>
<arg>SK</arg>
<arg>SL</arg>
<arg>SM</arg>
<arg>SN</arg>
<arg>SO</arg>
<arg>SR</arg>
<arg>SS</arg>
<arg>ST</arg>
<arg>SV</arg>
<arg>SX</arg>
<arg>SY</arg>
<arg>SZ</arg>
<arg>TC</arg>
<arg>TD</arg>
<arg>TF</arg>
<arg>TG</arg>
<arg>TH</arg>
<arg>TJ</arg>
<arg>TK</arg>
<arg>TL</arg>
<arg>TM</arg>
<arg>TN</arg>
<arg>TO</arg>
<arg>TR</arg>
<arg>TT</arg>
<arg>TV</arg>
<arg>TW</arg>
<arg>TZ</arg>
<arg>UA</arg>
<arg>UG</arg>
<arg>UM</arg>
<arg>US</arg>
<arg>UY</arg>
<arg>UZ</arg>
<arg>VA</arg>
<arg>VC</arg>
<arg>VE</arg>
<arg>VG</arg>
<arg>VI</arg>
<arg>VN</arg>
<arg>VU</arg>
<arg>WF</arg>
<arg>WS</arg>
<arg>XK</arg>
<arg>YE</arg>
<arg>YT</arg>
<arg>ZA</arg>
<arg>ZM</arg>
<arg>ZW</arg>
<doc>Returns a list containing given items.</doc>
<status status="PASS" start="2024-07-05T10:16:22.715406" elapsed="0.000670"/>
</kw>
<kw name="List Should Contain Value" owner="Collections">
<arg>${list_country}</arg>
<arg>${name_country}</arg>
<doc>Fails if the ``value`` is not found from ``list``.</doc>
<status status="PASS" start="2024-07-05T10:16:22.716963" elapsed="0.000214"/>
</kw>
<kw name="Run Keyword If" owner="BuiltIn">
<kw name="Should Be True" owner="BuiltIn">
<arg>${True}</arg>
<doc>Fails if the given condition is not true.</doc>
<status status="PASS" start="2024-07-05T10:16:22.718116" elapsed="0.000140"/>
</kw>
<arg>${json_data["results"][0]["location"]["coordinates"]["latitude"]} &gt;= -90 and ${json_data["results"][0]["location"]["coordinates"]["latitude"]} &lt;= 90</arg>
<arg>Should Be True</arg>
<arg>${True}</arg>
<doc>Runs the given keyword with the given arguments, if ``condition`` is true.</doc>
<status status="PASS" start="2024-07-05T10:16:22.717370" elapsed="0.001007"/>
</kw>
<kw name="Run Keyword If" owner="BuiltIn">
<kw name="Should Be True" owner="BuiltIn">
<arg>${True}</arg>
<doc>Fails if the given condition is not true.</doc>
<status status="PASS" start="2024-07-05T10:16:22.719246" elapsed="0.000233"/>
</kw>
<arg>${json_data["results"][0]["location"]["coordinates"]["longitude"]} &gt;= -180 and ${json_data["results"][0]["location"]["coordinates"]["longitude"]} &lt;= 180</arg>
<arg>Should Be True</arg>
<arg>${True}</arg>
<doc>Runs the given keyword with the given arguments, if ``condition`` is true.</doc>
<status status="PASS" start="2024-07-05T10:16:22.718554" elapsed="0.001054"/>
</kw>
<status status="PASS" start="2024-07-05T10:16:22.671633" elapsed="0.048105"/>
</kw>
<doc>Testa o conteúdo específico dos campos retornados pela API.</doc>
<tag>testeConteudo</tag>
<status status="PASS" start="2024-07-05T10:16:22.671106" elapsed="0.048778"/>
</test>
<status status="PASS" start="2024-07-05T10:16:21.837135" elapsed="0.884689"/>
</suite>
<status status="PASS" start="2024-07-05T10:16:21.822942" elapsed="0.903889"/>
</suite>
<statistics>
<total>
<stat pass="5" fail="0" skip="0">All Tests</stat>
</total>
<tag>
<stat pass="1" fail="0" skip="0">testeConteudo</stat>
<stat pass="1" fail="0" skip="0">testeEstruturaResposta</stat>
<stat pass="1" fail="0" skip="0">testeRequisicaoBasica</stat>
<stat pass="1" fail="0" skip="0">testeTiposDados</stat>
</tag>
<suite>
<stat pass="5" fail="0" skip="0" id="s1" name="Tests">Tests</stat>
<stat pass="5" fail="0" skip="0" id="s1-s1" name="Random-User-Test">Tests.Random-User-Test</stat>
</suite>
</statistics>
<errors>
</errors>
</robot>
