<?xml version="1.0" encoding="UTF-8"?>
<robot generator="Robot 7.0.1 (Python 3.12.4 on linux)" generated="2024-08-05T09:16:32.521912" rpa="false" schemaversion="5">
<suite id="s1" name="Tests" source="/home/runner/work/ApiRandomUser/ApiRandomUser/RamdonUser/tests">
<suite id="s1-s1" name="Random-User-Test" source="/home/runner/work/ApiRandomUser/ApiRandomUser/RamdonUser/tests/random-user-test.robot">
<test id="s1-s1-t1" name="Conectar" line="13">
<kw name="Conectar API" owner="random-user-service">
<kw name="Create Session" owner="RequestsLibrary">
<msg time="2024-08-05T09:16:32.963311" level="INFO">Creating Session using : alias=consultarAPI, url=https://randomuser.me/, headers={},                     cookies={}, auth=None, timeout=None, proxies=None, verify=False,                     debug=0 </msg>
<arg>consultarAPI</arg>
<arg>${URL}</arg>
<doc>Create Session: create a HTTP session to a server</doc>
<status status="PASS" start="2024-08-05T09:16:32.963094" elapsed="0.000424"/>
</kw>
<status status="PASS" start="2024-08-05T09:16:32.961996" elapsed="0.001905"/>
</kw>
<status status="PASS" start="2024-08-05T09:16:32.961332" elapsed="0.002772"/>
</test>
<test id="s1-s1-t2" name="Validar retorno 200 e JSON Válido" line="16">
<kw name="Teste de Requisicao Basica" owner="random-user-service">
<kw name="GET On Session" owner="RequestsLibrary">
<msg time="2024-08-05T09:16:33.209898" level="INFO">GET Request : url=https://randomuser.me/api 
 path_url=/api 
 headers={'User-Agent': 'python-requests/2.32.3', 'Accept-Encoding': 'gzip, deflate', 'Accept': '*/*', 'Connection': 'keep-alive'} 
 body=None 
 </msg>
<msg time="2024-08-05T09:16:33.210066" level="INFO">GET Response : url=https://randomuser.me/api 
 status=200, reason=OK 
 headers={'Date': 'Mon, 05 Aug 2024 09:16:33 GMT', 'Content-Type': 'application/json; charset=utf-8', 'Transfer-Encoding': 'chunked', 'Connection': 'keep-alive', 'X-Powered-By': 'Express', 'Access-Control-Allow-Origin': '*', 'Cache-Control': 'no-cache', 'ETag': 'W/"489-qcmYPHO092yN5K3aOfzobPMrTqA"', 'Vary': 'Accept-Encoding', 'Content-Encoding': 'gzip', 'CF-Cache-Status': 'DYNAMIC', 'Report-To': '{"endpoints":[{"url":"https:\\/\\/a.nel.cloudflare.com\\/report\\/v4?s=FAobGSX9AEBzBgnM7U6k5fcEu6IjEhNymvrsmsPMFF3OqtXcc4IvciAPCcLwzyDCwPT8%2BNHCbErYnUA3DKeZfbpBJD5%2BSbkGwWIZKP2uY%2BAQKUba7SLHq1wDb1NgWNtW"}],"group":"cf-nel","max_age":604800}', 'NEL': '{"success_fraction":0,"report_to":"cf-nel","max_age":604800}', 'Server': 'cloudflare', 'CF-RAY': '8ae5b0633f4a1135-ORD', 'alt-svc': 'h3=":443"; ma=86400'} 
 body={"results":[{"gender":"male","name":{"title":"Mr","first":"Rava","last":"Palazhchenko"},"location":{"street":{"number":1205,"name":"Kuybisheva"},"city":"Svyatogirsk","state":"Kirovogradska","country":"Ukraine","postcode":68723,"coordinates":{"latitude":"77.5924","longitude":"-16.8027"},"timezone":{"offset":"-8:00","description":"Pacific Time (US &amp; Canada)"}},"email":"rava.palazhchenko@example.com","login":{"uuid":"ba217c7a-7197-44fa-9523-e5988ac2786e","username":"blackduck892","password":"funstuff","salt":"DgJDs9NY","md5":"6145c22a954aee7876bcd82aac1bac6e","sha1":"5df14214e4e30b9891e246e636b6a3ceaa69631b","sha256":"608fe99a9113edd7168127fabba7044ee7d28737f2a97dd1deeb47beda2a9a03"},"dob":{"date":"1964-05-09T08:20:24.678Z","age":60},"registered":{"date":"2014-01-07T20:55:13.078Z","age":10},"phone":"(096) Q71-4538","cell":"(068) Y85-5194","id":{"name":"","value":null},"picture":{"large":"https://randomuser.me/api/portraits/men/54.jpg","medium":"https://randomuser.me/api/portraits/med/men/54.jpg","thumbnail":"https://randomuser.me/api/portraits/thumb/men/54.jpg"},"nat":"UA"}],"info":{"seed":"0567856a13d854c0","results":1,"page":1,"version":"1.4"}} 
 </msg>
<msg time="2024-08-05T09:16:33.210158" level="INFO">/opt/hostedtoolcache/Python/3.12.4/x64/lib/python3.12/site-packages/urllib3/connectionpool.py:1099: InsecureRequestWarning: Unverified HTTPS request is being made to host 'randomuser.me'. Adding certificate verification is strongly advised. See: https://urllib3.readthedocs.io/en/latest/advanced-usage.html#tls-warnings
  warnings.warn(</msg>
<msg time="2024-08-05T09:16:33.210352" level="INFO">${response} = &lt;Response [200]&gt;</msg>
<var>${response}</var>
<arg>consultarAPI</arg>
<arg>/api</arg>
<doc>Sends a GET request on a previously created HTTP Session.</doc>
<status status="PASS" start="2024-08-05T09:16:32.966776" elapsed="0.243611"/>
</kw>
<kw name="Should Be Equal As Numbers" owner="BuiltIn">
<msg time="2024-08-05T09:16:33.211469" level="INFO">Argument types are:
&lt;class 'int'&gt;
&lt;class 'str'&gt;</msg>
<arg>${response.status_code}</arg>
<arg>200</arg>
<doc>Fails if objects are unequal after converting them to real numbers.</doc>
<status status="PASS" start="2024-08-05T09:16:33.210969" elapsed="0.000572"/>
</kw>
<kw name="Log" owner="BuiltIn">
<msg time="2024-08-05T09:16:33.212315" level="INFO">200</msg>
<arg>${response.status_code}</arg>
<doc>Logs the given message with the given level.</doc>
<status status="PASS" start="2024-08-05T09:16:33.211925" elapsed="0.000437"/>
</kw>
<kw name="Set Variable" owner="BuiltIn">
<msg time="2024-08-05T09:16:33.213183" level="INFO">${json_data} = {'results': [{'gender': 'male', 'name': {'title': 'Mr', 'first': 'Rava', 'last': 'Palazhchenko'}, 'location': {'street': {'number': 1205, 'name': 'Kuybisheva'}, 'city': 'Svyatogirsk', 'state': 'Kirovo...</msg>
<var>${json_data}</var>
<arg>${response.json()}</arg>
<doc>Returns the given values which can then be assigned to a variables.</doc>
<status status="PASS" start="2024-08-05T09:16:33.212703" elapsed="0.000509"/>
</kw>
<kw name="Dictionary Should Contain Key" owner="Collections">
<arg>${json_data}</arg>
<arg>results</arg>
<doc>Fails if ``key`` is not found from ``dictionary``.</doc>
<status status="PASS" start="2024-08-05T09:16:33.213535" elapsed="0.000405"/>
</kw>
<status status="PASS" start="2024-08-05T09:16:32.966504" elapsed="0.247601"/>
</kw>
<doc>Testa se a API responde corretamente e retorna um objeto JSON válido.</doc>
<tag>testeRequisicaoBasica</tag>
<status status="PASS" start="2024-08-05T09:16:32.966007" elapsed="0.248282"/>
</test>
<test id="s1-s1-t3" name="Validar estrutura de resposta" line="22">
<kw name="Teste de Estrutura de Resposta" owner="random-user-service">
<kw name="GET On Session" owner="RequestsLibrary">
<msg time="2024-08-05T09:16:33.401005" level="INFO">GET Request : url=https://randomuser.me/api 
 path_url=/api 
 headers={'User-Agent': 'python-requests/2.32.3', 'Accept-Encoding': 'gzip, deflate', 'Accept': '*/*', 'Connection': 'keep-alive'} 
 body=None 
 </msg>
<msg time="2024-08-05T09:16:33.401118" level="INFO">GET Response : url=https://randomuser.me/api 
 status=200, reason=OK 
 headers={'Date': 'Mon, 05 Aug 2024 09:16:33 GMT', 'Content-Type': 'application/json; charset=utf-8', 'Transfer-Encoding': 'chunked', 'Connection': 'keep-alive', 'X-Powered-By': 'Express', 'Access-Control-Allow-Origin': '*', 'Cache-Control': 'no-cache', 'ETag': 'W/"478-fYGZE3BSTyjA3g/dmJpYc8tL6j4"', 'Vary': 'Accept-Encoding', 'Content-Encoding': 'gzip', 'CF-Cache-Status': 'DYNAMIC', 'Report-To': '{"endpoints":[{"url":"https:\\/\\/a.nel.cloudflare.com\\/report\\/v4?s=FhzhuRjldskJ0hWJird0VYq9irPPB66kc1pTQnkrBilBww%2BcUDjzLoyRdho63RTm%2Bldy%2Bfy2CnZfyyx%2FnWzqnEw2mM8GAvyTjXlyGs5wLw%2BRl0cbohFNLDW4PgOawv%2BU"}],"group":"cf-nel","max_age":604800}', 'NEL': '{"success_fraction":0,"report_to":"cf-nel","max_age":604800}', 'Server': 'cloudflare', 'CF-RAY': '8ae5b0639fbc1135-ORD', 'alt-svc': 'h3=":443"; ma=86400'} 
 body={"results":[{"gender":"male","name":{"title":"Mr","first":"Tarak","last":"Kumar"},"location":{"street":{"number":6543,"name":"Sampige Rd"},"city":"Patiala","state":"Andhra Pradesh","country":"India","postcode":23001,"coordinates":{"latitude":"8.4461","longitude":"-37.0099"},"timezone":{"offset":"+6:00","description":"Almaty, Dhaka, Colombo"}},"email":"tarak.kumar@example.com","login":{"uuid":"e7cacb02-5d81-4436-8302-0bf8f74a9771","username":"angrycat136","password":"clifford","salt":"uYFfrozq","md5":"2d0fe19a07dc98294e42922462904615","sha1":"5738fa0c378aaf66307314519376b9e89690386a","sha256":"395c7b91c812dc0d15f8e8dca66ab71ca63e5f9973dfdd35dd6174cb166d44ba"},"dob":{"date":"1986-12-19T03:16:52.771Z","age":37},"registered":{"date":"2021-07-21T10:42:45.421Z","age":3},"phone":"9426544081","cell":"8093268594","id":{"name":"UIDAI","value":"131366255568"},"picture":{"large":"https://randomuser.me/api/portraits/men/55.jpg","medium":"https://randomuser.me/api/portraits/med/men/55.jpg","thumbnail":"https://randomuser.me/api/portraits/thumb/men/55.jpg"},"nat":"IN"}],"info":{"seed":"1326e9ee3da235d3","results":1,"page":1,"version":"1.4"}} 
 </msg>
<msg time="2024-08-05T09:16:33.401252" level="INFO">/opt/hostedtoolcache/Python/3.12.4/x64/lib/python3.12/site-packages/urllib3/connectionpool.py:1099: InsecureRequestWarning: Unverified HTTPS request is being made to host 'randomuser.me'. Adding certificate verification is strongly advised. See: https://urllib3.readthedocs.io/en/latest/advanced-usage.html#tls-warnings
  warnings.warn(</msg>
<msg time="2024-08-05T09:16:33.401400" level="INFO">${response} = &lt;Response [200]&gt;</msg>
<var>${response}</var>
<arg>consultarAPI</arg>
<arg>/api</arg>
<doc>Sends a GET request on a previously created HTTP Session.</doc>
<status status="PASS" start="2024-08-05T09:16:33.217358" elapsed="0.184090"/>
</kw>
<kw name="Set Variable" owner="BuiltIn">
<msg time="2024-08-05T09:16:33.402539" level="INFO">${json_data} = {'results': [{'gender': 'male', 'name': {'title': 'Mr', 'first': 'Tarak', 'last': 'Kumar'}, 'location': {'street': {'number': 6543, 'name': 'Sampige Rd'}, 'city': 'Patiala', 'state': 'Andhra Pradesh',...</msg>
<var>${json_data}</var>
<arg>${response.json()}</arg>
<doc>Returns the given values which can then be assigned to a variables.</doc>
<status status="PASS" start="2024-08-05T09:16:33.402008" elapsed="0.000560"/>
</kw>
<kw name="Log" owner="BuiltIn">
<msg time="2024-08-05T09:16:33.403051" level="INFO">{'results': [{'gender': 'male', 'name': {'title': 'Mr', 'first': 'Tarak', 'last': 'Kumar'}, 'location': {'street': {'number': 6543, 'name': 'Sampige Rd'}, 'city': 'Patiala', 'state': 'Andhra Pradesh', 'country': 'India', 'postcode': 23001, 'coordinates': {'latitude': '8.4461', 'longitude': '-37.0099'}, 'timezone': {'offset': '+6:00', 'description': 'Almaty, Dhaka, Colombo'}}, 'email': 'tarak.kumar@example.com', 'login': {'uuid': 'e7cacb02-5d81-4436-8302-0bf8f74a9771', 'username': 'angrycat136', 'password': 'clifford', 'salt': 'uYFfrozq', 'md5': '2d0fe19a07dc98294e42922462904615', 'sha1': '5738fa0c378aaf66307314519376b9e89690386a', 'sha256': '395c7b91c812dc0d15f8e8dca66ab71ca63e5f9973dfdd35dd6174cb166d44ba'}, 'dob': {'date': '1986-12-19T03:16:52.771Z', 'age': 37}, 'registered': {'date': '2021-07-21T10:42:45.421Z', 'age': 3}, 'phone': '9426544081', 'cell': '8093268594', 'id': {'name': 'UIDAI', 'value': '131366255568'}, 'picture': {'large': 'https://randomuser.me/api/portraits/men/55.jpg', 'medium': 'https://randomuser.me/api/portraits/med/men/55.jpg', 'thumbnail': 'https://randomuser.me/api/portraits/thumb/men/55.jpg'}, 'nat': 'IN'}], 'info': {'seed': '1326e9ee3da235d3', 'results': 1, 'page': 1, 'version': '1.4'}}</msg>
<arg>${json_data}</arg>
<doc>Logs the given message with the given level.</doc>
<status status="PASS" start="2024-08-05T09:16:33.402888" elapsed="0.000212"/>
</kw>
<kw name="Dictionary Should Contain Key" owner="Collections">
<arg>${json_data}</arg>
<arg>results</arg>
<doc>Fails if ``key`` is not found from ``dictionary``.</doc>
<status status="PASS" start="2024-08-05T09:16:33.403392" elapsed="0.000169"/>
</kw>
<kw name="Should Not Be Empty" owner="BuiltIn">
<msg time="2024-08-05T09:16:33.403870" level="INFO">Length is 2.</msg>
<arg>${json_data}</arg>
<doc>Verifies that the given item is not empty.</doc>
<status status="PASS" start="2024-08-05T09:16:33.403743" elapsed="0.000165"/>
</kw>
<kw name="Create List" owner="BuiltIn">
<msg time="2024-08-05T09:16:33.404348" level="INFO">${expected_keys} = ['gender', 'name', 'location', 'email', 'login']</msg>
<var>${expected_keys}</var>
<arg>gender</arg>
<arg>name</arg>
<arg>location</arg>
<arg>email</arg>
<arg>login</arg>
<doc>Returns a list containing given items.</doc>
<status status="PASS" start="2024-08-05T09:16:33.404201" elapsed="0.000170"/>
</kw>
<for flavor="IN">
<iter>
<kw name="Dictionary Should Contain Key" owner="Collections">
<arg>${json_data['results'][0]}</arg>
<arg>${key}</arg>
<doc>Fails if ``key`` is not found from ``dictionary``.</doc>
<status status="PASS" start="2024-08-05T09:16:33.404954" elapsed="0.000412"/>
</kw>
<kw name="Log" owner="BuiltIn">
<msg time="2024-08-05T09:16:33.405942" level="INFO">{'gender': 'male', 'name': {'title': 'Mr', 'first': 'Tarak', 'last': 'Kumar'}, 'location': {'street': {'number': 6543, 'name': 'Sampige Rd'}, 'city': 'Patiala', 'state': 'Andhra Pradesh', 'country': 'India', 'postcode': 23001, 'coordinates': {'latitude': '8.4461', 'longitude': '-37.0099'}, 'timezone': {'offset': '+6:00', 'description': 'Almaty, Dhaka, Colombo'}}, 'email': 'tarak.kumar@example.com', 'login': {'uuid': 'e7cacb02-5d81-4436-8302-0bf8f74a9771', 'username': 'angrycat136', 'password': 'clifford', 'salt': 'uYFfrozq', 'md5': '2d0fe19a07dc98294e42922462904615', 'sha1': '5738fa0c378aaf66307314519376b9e89690386a', 'sha256': '395c7b91c812dc0d15f8e8dca66ab71ca63e5f9973dfdd35dd6174cb166d44ba'}, 'dob': {'date': '1986-12-19T03:16:52.771Z', 'age': 37}, 'registered': {'date': '2021-07-21T10:42:45.421Z', 'age': 3}, 'phone': '9426544081', 'cell': '8093268594', 'id': {'name': 'UIDAI', 'value': '131366255568'}, 'picture': {'large': 'https://randomuser.me/api/portraits/men/55.jpg', 'medium': 'https://randomuser.me/api/portraits/med/men/55.jpg', 'thumbnail': 'https://randomuser.me/api/portraits/thumb/men/55.jpg'}, 'nat': 'IN'}</msg>
<arg>${json_data['results'][0]}</arg>
<doc>Logs the given message with the given level.</doc>
<status status="PASS" start="2024-08-05T09:16:33.405558" elapsed="0.000432"/>
</kw>
<kw name="Log" owner="BuiltIn">
<msg time="2024-08-05T09:16:33.406431" level="INFO">gender</msg>
<arg>${key}</arg>
<doc>Logs the given message with the given level.</doc>
<status status="PASS" start="2024-08-05T09:16:33.406298" elapsed="0.000171"/>
</kw>
<var name="${key}">gender</var>
<status status="PASS" start="2024-08-05T09:16:33.404827" elapsed="0.001861"/>
</iter>
<iter>
<kw name="Dictionary Should Contain Key" owner="Collections">
<arg>${json_data['results'][0]}</arg>
<arg>${key}</arg>
<doc>Fails if ``key`` is not found from ``dictionary``.</doc>
<status status="PASS" start="2024-08-05T09:16:33.407002" elapsed="0.000392"/>
</kw>
<kw name="Log" owner="BuiltIn">
<msg time="2024-08-05T09:16:33.407926" level="INFO">{'gender': 'male', 'name': {'title': 'Mr', 'first': 'Tarak', 'last': 'Kumar'}, 'location': {'street': {'number': 6543, 'name': 'Sampige Rd'}, 'city': 'Patiala', 'state': 'Andhra Pradesh', 'country': 'India', 'postcode': 23001, 'coordinates': {'latitude': '8.4461', 'longitude': '-37.0099'}, 'timezone': {'offset': '+6:00', 'description': 'Almaty, Dhaka, Colombo'}}, 'email': 'tarak.kumar@example.com', 'login': {'uuid': 'e7cacb02-5d81-4436-8302-0bf8f74a9771', 'username': 'angrycat136', 'password': 'clifford', 'salt': 'uYFfrozq', 'md5': '2d0fe19a07dc98294e42922462904615', 'sha1': '5738fa0c378aaf66307314519376b9e89690386a', 'sha256': '395c7b91c812dc0d15f8e8dca66ab71ca63e5f9973dfdd35dd6174cb166d44ba'}, 'dob': {'date': '1986-12-19T03:16:52.771Z', 'age': 37}, 'registered': {'date': '2021-07-21T10:42:45.421Z', 'age': 3}, 'phone': '9426544081', 'cell': '8093268594', 'id': {'name': 'UIDAI', 'value': '131366255568'}, 'picture': {'large': 'https://randomuser.me/api/portraits/men/55.jpg', 'medium': 'https://randomuser.me/api/portraits/med/men/55.jpg', 'thumbnail': 'https://randomuser.me/api/portraits/thumb/men/55.jpg'}, 'nat': 'IN'}</msg>
<arg>${json_data['results'][0]}</arg>
<doc>Logs the given message with the given level.</doc>
<status status="PASS" start="2024-08-05T09:16:33.407577" elapsed="0.000440"/>
</kw>
<kw name="Log" owner="BuiltIn">
<msg time="2024-08-05T09:16:33.408440" level="INFO">name</msg>
<arg>${key}</arg>
<doc>Logs the given message with the given level.</doc>
<status status="PASS" start="2024-08-05T09:16:33.408313" elapsed="0.000165"/>
</kw>
<var name="${key}">name</var>
<status status="PASS" start="2024-08-05T09:16:33.406883" elapsed="0.001811"/>
</iter>
<iter>
<kw name="Dictionary Should Contain Key" owner="Collections">
<arg>${json_data['results'][0]}</arg>
<arg>${key}</arg>
<doc>Fails if ``key`` is not found from ``dictionary``.</doc>
<status status="PASS" start="2024-08-05T09:16:33.408978" elapsed="0.000378"/>
</kw>
<kw name="Log" owner="BuiltIn">
<msg time="2024-08-05T09:16:33.409929" level="INFO">{'gender': 'male', 'name': {'title': 'Mr', 'first': 'Tarak', 'last': 'Kumar'}, 'location': {'street': {'number': 6543, 'name': 'Sampige Rd'}, 'city': 'Patiala', 'state': 'Andhra Pradesh', 'country': 'India', 'postcode': 23001, 'coordinates': {'latitude': '8.4461', 'longitude': '-37.0099'}, 'timezone': {'offset': '+6:00', 'description': 'Almaty, Dhaka, Colombo'}}, 'email': 'tarak.kumar@example.com', 'login': {'uuid': 'e7cacb02-5d81-4436-8302-0bf8f74a9771', 'username': 'angrycat136', 'password': 'clifford', 'salt': 'uYFfrozq', 'md5': '2d0fe19a07dc98294e42922462904615', 'sha1': '5738fa0c378aaf66307314519376b9e89690386a', 'sha256': '395c7b91c812dc0d15f8e8dca66ab71ca63e5f9973dfdd35dd6174cb166d44ba'}, 'dob': {'date': '1986-12-19T03:16:52.771Z', 'age': 37}, 'registered': {'date': '2021-07-21T10:42:45.421Z', 'age': 3}, 'phone': '9426544081', 'cell': '8093268594', 'id': {'name': 'UIDAI', 'value': '131366255568'}, 'picture': {'large': 'https://randomuser.me/api/portraits/men/55.jpg', 'medium': 'https://randomuser.me/api/portraits/med/men/55.jpg', 'thumbnail': 'https://randomuser.me/api/portraits/thumb/men/55.jpg'}, 'nat': 'IN'}</msg>
<arg>${json_data['results'][0]}</arg>
<doc>Logs the given message with the given level.</doc>
<status status="PASS" start="2024-08-05T09:16:33.409539" elapsed="0.000444"/>
</kw>
<kw name="Log" owner="BuiltIn">
<msg time="2024-08-05T09:16:33.410410" level="INFO">location</msg>
<arg>${key}</arg>
<doc>Logs the given message with the given level.</doc>
<status status="PASS" start="2024-08-05T09:16:33.410283" elapsed="0.000166"/>
</kw>
<var name="${key}">location</var>
<status status="PASS" start="2024-08-05T09:16:33.408870" elapsed="0.001802"/>
</iter>
<iter>
<kw name="Dictionary Should Contain Key" owner="Collections">
<arg>${json_data['results'][0]}</arg>
<arg>${key}</arg>
<doc>Fails if ``key`` is not found from ``dictionary``.</doc>
<status status="PASS" start="2024-08-05T09:16:33.410953" elapsed="0.000390"/>
</kw>
<kw name="Log" owner="BuiltIn">
<msg time="2024-08-05T09:16:33.412006" level="INFO">{'gender': 'male', 'name': {'title': 'Mr', 'first': 'Tarak', 'last': 'Kumar'}, 'location': {'street': {'number': 6543, 'name': 'Sampige Rd'}, 'city': 'Patiala', 'state': 'Andhra Pradesh', 'country': 'India', 'postcode': 23001, 'coordinates': {'latitude': '8.4461', 'longitude': '-37.0099'}, 'timezone': {'offset': '+6:00', 'description': 'Almaty, Dhaka, Colombo'}}, 'email': 'tarak.kumar@example.com', 'login': {'uuid': 'e7cacb02-5d81-4436-8302-0bf8f74a9771', 'username': 'angrycat136', 'password': 'clifford', 'salt': 'uYFfrozq', 'md5': '2d0fe19a07dc98294e42922462904615', 'sha1': '5738fa0c378aaf66307314519376b9e89690386a', 'sha256': '395c7b91c812dc0d15f8e8dca66ab71ca63e5f9973dfdd35dd6174cb166d44ba'}, 'dob': {'date': '1986-12-19T03:16:52.771Z', 'age': 37}, 'registered': {'date': '2021-07-21T10:42:45.421Z', 'age': 3}, 'phone': '9426544081', 'cell': '8093268594', 'id': {'name': 'UIDAI', 'value': '131366255568'}, 'picture': {'large': 'https://randomuser.me/api/portraits/men/55.jpg', 'medium': 'https://randomuser.me/api/portraits/med/men/55.jpg', 'thumbnail': 'https://randomuser.me/api/portraits/thumb/men/55.jpg'}, 'nat': 'IN'}</msg>
<arg>${json_data['results'][0]}</arg>
<doc>Logs the given message with the given level.</doc>
<status status="PASS" start="2024-08-05T09:16:33.411654" elapsed="0.000401"/>
</kw>
<kw name="Log" owner="BuiltIn">
<msg time="2024-08-05T09:16:33.412480" level="INFO">email</msg>
<arg>${key}</arg>
<doc>Logs the given message with the given level.</doc>
<status status="PASS" start="2024-08-05T09:16:33.412351" elapsed="0.000167"/>
</kw>
<var name="${key}">email</var>
<status status="PASS" start="2024-08-05T09:16:33.410843" elapsed="0.001892"/>
</iter>
<iter>
<kw name="Dictionary Should Contain Key" owner="Collections">
<arg>${json_data['results'][0]}</arg>
<arg>${key}</arg>
<doc>Fails if ``key`` is not found from ``dictionary``.</doc>
<status status="PASS" start="2024-08-05T09:16:33.413018" elapsed="0.000375"/>
</kw>
<kw name="Log" owner="BuiltIn">
<msg time="2024-08-05T09:16:33.413954" level="INFO">{'gender': 'male', 'name': {'title': 'Mr', 'first': 'Tarak', 'last': 'Kumar'}, 'location': {'street': {'number': 6543, 'name': 'Sampige Rd'}, 'city': 'Patiala', 'state': 'Andhra Pradesh', 'country': 'India', 'postcode': 23001, 'coordinates': {'latitude': '8.4461', 'longitude': '-37.0099'}, 'timezone': {'offset': '+6:00', 'description': 'Almaty, Dhaka, Colombo'}}, 'email': 'tarak.kumar@example.com', 'login': {'uuid': 'e7cacb02-5d81-4436-8302-0bf8f74a9771', 'username': 'angrycat136', 'password': 'clifford', 'salt': 'uYFfrozq', 'md5': '2d0fe19a07dc98294e42922462904615', 'sha1': '5738fa0c378aaf66307314519376b9e89690386a', 'sha256': '395c7b91c812dc0d15f8e8dca66ab71ca63e5f9973dfdd35dd6174cb166d44ba'}, 'dob': {'date': '1986-12-19T03:16:52.771Z', 'age': 37}, 'registered': {'date': '2021-07-21T10:42:45.421Z', 'age': 3}, 'phone': '9426544081', 'cell': '8093268594', 'id': {'name': 'UIDAI', 'value': '131366255568'}, 'picture': {'large': 'https://randomuser.me/api/portraits/men/55.jpg', 'medium': 'https://randomuser.me/api/portraits/med/men/55.jpg', 'thumbnail': 'https://randomuser.me/api/portraits/thumb/men/55.jpg'}, 'nat': 'IN'}</msg>
<arg>${json_data['results'][0]}</arg>
<doc>Logs the given message with the given level.</doc>
<status status="PASS" start="2024-08-05T09:16:33.413575" elapsed="0.000426"/>
</kw>
<kw name="Log" owner="BuiltIn">
<msg time="2024-08-05T09:16:33.414426" level="INFO">login</msg>
<arg>${key}</arg>
<doc>Logs the given message with the given level.</doc>
<status status="PASS" start="2024-08-05T09:16:33.414299" elapsed="0.000164"/>
</kw>
<var name="${key}">login</var>
<status status="PASS" start="2024-08-05T09:16:33.412909" elapsed="0.001769"/>
</iter>
<var>${key}</var>
<value>@{expected_keys}</value>
<status status="PASS" start="2024-08-05T09:16:33.404630" elapsed="0.010168"/>
</for>
<kw name="Create List" owner="BuiltIn">
<msg time="2024-08-05T09:16:33.415132" level="INFO">${expected_keysTwo} = ['username', 'password']</msg>
<var>${expected_keysTwo}</var>
<arg>username</arg>
<arg>password</arg>
<doc>Returns a list containing given items.</doc>
<status status="PASS" start="2024-08-05T09:16:33.414994" elapsed="0.000161"/>
</kw>
<for flavor="IN">
<iter>
<kw name="Dictionary Should Contain Key" owner="Collections">
<arg>${json_data['results'][0]['login']}</arg>
<arg>${keyTwo}</arg>
<doc>Fails if ``key`` is not found from ``dictionary``.</doc>
<status status="PASS" start="2024-08-05T09:16:33.415686" elapsed="0.000386"/>
</kw>
<kw name="Dictionary Should Contain Key" owner="Collections">
<arg>${json_data['results'][0]['login']}</arg>
<arg>${keyTwo}</arg>
<doc>Fails if ``key`` is not found from ``dictionary``.</doc>
<status status="PASS" start="2024-08-05T09:16:33.416253" elapsed="0.000380"/>
</kw>
<kw name="Log" owner="BuiltIn">
<msg time="2024-08-05T09:16:33.416929" level="INFO">username</msg>
<arg>${keyTwo}</arg>
<doc>Logs the given message with the given level.</doc>
<status status="PASS" start="2024-08-05T09:16:33.416808" elapsed="0.000158"/>
</kw>
<var name="${keyTwo}">username</var>
<status status="PASS" start="2024-08-05T09:16:33.415577" elapsed="0.001616"/>
</iter>
<iter>
<kw name="Dictionary Should Contain Key" owner="Collections">
<arg>${json_data['results'][0]['login']}</arg>
<arg>${keyTwo}</arg>
<doc>Fails if ``key`` is not found from ``dictionary``.</doc>
<status status="PASS" start="2024-08-05T09:16:33.417474" elapsed="0.000441"/>
</kw>
<kw name="Dictionary Should Contain Key" owner="Collections">
<arg>${json_data['results'][0]['login']}</arg>
<arg>${keyTwo}</arg>
<doc>Fails if ``key`` is not found from ``dictionary``.</doc>
<status status="PASS" start="2024-08-05T09:16:33.418097" elapsed="0.000375"/>
</kw>
<kw name="Log" owner="BuiltIn">
<msg time="2024-08-05T09:16:33.418769" level="INFO">password</msg>
<arg>${keyTwo}</arg>
<doc>Logs the given message with the given level.</doc>
<status status="PASS" start="2024-08-05T09:16:33.418650" elapsed="0.000157"/>
</kw>
<var name="${keyTwo}">password</var>
<status status="PASS" start="2024-08-05T09:16:33.417367" elapsed="0.001659"/>
</iter>
<var>${keyTwo}</var>
<value>@{expected_keysTwo}</value>
<status status="PASS" start="2024-08-05T09:16:33.415417" elapsed="0.003729"/>
</for>
<status status="PASS" start="2024-08-05T09:16:33.216997" elapsed="0.202292"/>
</kw>
<doc>Testa a estrutura da resposta da API.</doc>
<tag>testeEstruturaResposta</tag>
<status status="PASS" start="2024-08-05T09:16:33.216170" elapsed="0.203282"/>
</test>
<test id="s1-s1-t4" name="Validar tipos de dados" line="28">
<kw name="Teste de Tipos de Dados" owner="random-user-service">
<kw name="GET On Session" owner="RequestsLibrary">
<msg time="2024-08-05T09:16:33.557007" level="INFO">GET Request : url=https://randomuser.me/api 
 path_url=/api 
 headers={'User-Agent': 'python-requests/2.32.3', 'Accept-Encoding': 'gzip, deflate', 'Accept': '*/*', 'Connection': 'keep-alive'} 
 body=None 
 </msg>
<msg time="2024-08-05T09:16:33.557121" level="INFO">GET Response : url=https://randomuser.me/api 
 status=200, reason=OK 
 headers={'Date': 'Mon, 05 Aug 2024 09:16:33 GMT', 'Content-Type': 'application/json; charset=utf-8', 'Transfer-Encoding': 'chunked', 'Connection': 'keep-alive', 'X-Powered-By': 'Express', 'Access-Control-Allow-Origin': '*', 'Cache-Control': 'no-cache', 'ETag': 'W/"495-swnLkjcQuc1jnZQpoi9ojj9CSJY"', 'Vary': 'Accept-Encoding', 'Content-Encoding': 'gzip', 'CF-Cache-Status': 'DYNAMIC', 'Report-To': '{"endpoints":[{"url":"https:\\/\\/a.nel.cloudflare.com\\/report\\/v4?s=J1nHPgb4%2BNAqkzyrkMiUX4fFX3GLHAufWOTNdlR%2BSpoCPLmdyBlFGZz8TWJhVGa%2BOKE%2B%2BgCQl1ydmHbqoVHiFnvLLOFBZeX1sIy9NZxggeJWC9fULEJJ18eHY1jvCGQp"}],"group":"cf-nel","max_age":604800}', 'NEL': '{"success_fraction":0,"report_to":"cf-nel","max_age":604800}', 'Server': 'cloudflare', 'CF-RAY': '8ae5b064e9291135-ORD', 'alt-svc': 'h3=":443"; ma=86400'} 
 body={"results":[{"gender":"male","name":{"title":"Mr","first":"Romijn","last":"Geels"},"location":{"street":{"number":5931,"name":"Baanakkersweg"},"city":"Herkenbosch","state":"Drenthe","country":"Netherlands","postcode":"8540 ZU","coordinates":{"latitude":"38.3112","longitude":"-122.6591"},"timezone":{"offset":"-3:00","description":"Brazil, Buenos Aires, Georgetown"}},"email":"romijn.geels@example.com","login":{"uuid":"c3591505-20af-44fb-90c1-40ef5473da1b","username":"silverbutterfly342","password":"151515","salt":"kdO7s0Rv","md5":"27632c76d9103ade6b28428e0a938b4c","sha1":"49f2b61285bcfcc53b6b71d4f1e891d569dc9f61","sha256":"90cb08095ea2b0cd5a219af65dd4f05d0978d07add0a22d3c3c0299fa5a118f4"},"dob":{"date":"1947-12-01T10:48:14.491Z","age":76},"registered":{"date":"2019-11-25T17:29:04.663Z","age":4},"phone":"(033) 4286076","cell":"(06) 81608549","id":{"name":"BSN","value":"38387358"},"picture":{"large":"https://randomuser.me/api/portraits/men/98.jpg","medium":"https://randomuser.me/api/portraits/med/men/98.jpg","thumbnail":"https://randomuser.me/api/portraits/thumb/men/98.jpg"},"nat":"NL"}],"info":{"seed":"ca85122b4f928181","results":1,"page":1,"version":"1.4"}} 
 </msg>
<msg time="2024-08-05T09:16:33.557204" level="INFO">/opt/hostedtoolcache/Python/3.12.4/x64/lib/python3.12/site-packages/urllib3/connectionpool.py:1099: InsecureRequestWarning: Unverified HTTPS request is being made to host 'randomuser.me'. Adding certificate verification is strongly advised. See: https://urllib3.readthedocs.io/en/latest/advanced-usage.html#tls-warnings
  warnings.warn(</msg>
<msg time="2024-08-05T09:16:33.557345" level="INFO">${response} = &lt;Response [200]&gt;</msg>
<var>${response}</var>
<arg>consultarAPI</arg>
<arg>/api</arg>
<doc>Sends a GET request on a previously created HTTP Session.</doc>
<status status="PASS" start="2024-08-05T09:16:33.421935" elapsed="0.135455"/>
</kw>
<kw name="Set Variable" owner="BuiltIn">
<msg time="2024-08-05T09:16:33.558503" level="INFO">${json_data} = {'results': [{'gender': 'male', 'name': {'title': 'Mr', 'first': 'Romijn', 'last': 'Geels'}, 'location': {'street': {'number': 5931, 'name': 'Baanakkersweg'}, 'city': 'Herkenbosch', 'state': 'Drenthe'...</msg>
<var>${json_data}</var>
<arg>${response.json()}</arg>
<doc>Returns the given values which can then be assigned to a variables.</doc>
<status status="PASS" start="2024-08-05T09:16:33.557964" elapsed="0.000568"/>
</kw>
<kw name="Log" owner="BuiltIn">
<msg time="2024-08-05T09:16:33.559001" level="INFO">{'results': [{'gender': 'male', 'name': {'title': 'Mr', 'first': 'Romijn', 'last': 'Geels'}, 'location': {'street': {'number': 5931, 'name': 'Baanakkersweg'}, 'city': 'Herkenbosch', 'state': 'Drenthe', 'country': 'Netherlands', 'postcode': '8540 ZU', 'coordinates': {'latitude': '38.3112', 'longitude': '-122.6591'}, 'timezone': {'offset': '-3:00', 'description': 'Brazil, Buenos Aires, Georgetown'}}, 'email': 'romijn.geels@example.com', 'login': {'uuid': 'c3591505-20af-44fb-90c1-40ef5473da1b', 'username': 'silverbutterfly342', 'password': '151515', 'salt': 'kdO7s0Rv', 'md5': '27632c76d9103ade6b28428e0a938b4c', 'sha1': '49f2b61285bcfcc53b6b71d4f1e891d569dc9f61', 'sha256': '90cb08095ea2b0cd5a219af65dd4f05d0978d07add0a22d3c3c0299fa5a118f4'}, 'dob': {'date': '1947-12-01T10:48:14.491Z', 'age': 76}, 'registered': {'date': '2019-11-25T17:29:04.663Z', 'age': 4}, 'phone': '(033) 4286076', 'cell': '(06) 81608549', 'id': {'name': 'BSN', 'value': '38387358'}, 'picture': {'large': 'https://randomuser.me/api/portraits/men/98.jpg', 'medium': 'https://randomuser.me/api/portraits/med/men/98.jpg', 'thumbnail': 'https://randomuser.me/api/portraits/thumb/men/98.jpg'}, 'nat': 'NL'}], 'info': {'seed': 'ca85122b4f928181', 'results': 1, 'page': 1, 'version': '1.4'}}</msg>
<arg>${json_data}</arg>
<doc>Logs the given message with the given level.</doc>
<status status="PASS" start="2024-08-05T09:16:33.558845" elapsed="0.000206"/>
</kw>
<kw name="Should Be String" owner="String">
<arg>${json_data['results'][0]['gender']}</arg>
<doc>Fails if the given ``item`` is not a string.</doc>
<status status="PASS" start="2024-08-05T09:16:33.559340" elapsed="0.000365"/>
</kw>
<kw name="Should Match Regexp" owner="BuiltIn">
<arg>${json_data['results'][0]['email']}</arg>
<arg>^[a-zA-Z0-9._%+-]+@[a-zA-Z0-9.-]+\.[a-zA-Z]{2,}$</arg>
<doc>Fails if ``string`` does not match ``pattern`` as a regular expression.</doc>
<status status="PASS" start="2024-08-05T09:16:33.559898" elapsed="0.000527"/>
</kw>
<kw name="Should Match Regexp" owner="BuiltIn">
<arg>${json_data['results'][0]['dob']['date']}</arg>
<arg>\\d{4}-\\d{2}-\\d{2}T\\d{2}:\\d{2}:\\d{2}\\.\\d{3}Z</arg>
<doc>Fails if ``string`` does not match ``pattern`` as a regular expression.</doc>
<status status="PASS" start="2024-08-05T09:16:33.560657" elapsed="0.000631"/>
</kw>
<kw name="Should Match Regexp" owner="BuiltIn">
<arg>${json_data['results'][0]['registered']['date']}</arg>
<arg>\\d{4}-\\d{2}-\\d{2}T\\d{2}:\\d{2}:\\d{2}\\.\\d{3}Z</arg>
<doc>Fails if ``string`` does not match ``pattern`` as a regular expression.</doc>
<status status="PASS" start="2024-08-05T09:16:33.561485" elapsed="0.000402"/>
</kw>
<kw name="Should Match Regexp" owner="BuiltIn">
<arg>${json_data['results'][0]['picture']['large']}</arg>
<arg>^https?://.*\.(?:png|jpe?g|gif|bmp)$</arg>
<doc>Fails if ``string`` does not match ``pattern`` as a regular expression.</doc>
<status status="PASS" start="2024-08-05T09:16:33.562078" elapsed="0.000468"/>
</kw>
<kw name="Should Match Regexp" owner="BuiltIn">
<arg>${json_data['results'][0]['picture']['medium']}</arg>
<arg>^https?://.*\.(?:png|jpe?g|gif|bmp)$</arg>
<doc>Fails if ``string`` does not match ``pattern`` as a regular expression.</doc>
<status status="PASS" start="2024-08-05T09:16:33.562737" elapsed="0.000359"/>
</kw>
<kw name="Should Match Regexp" owner="BuiltIn">
<arg>${json_data['results'][0]['picture']['thumbnail']}</arg>
<arg>^https?://.*\.(?:png|jpe?g|gif|bmp)$</arg>
<doc>Fails if ``string`` does not match ``pattern`` as a regular expression.</doc>
<status status="PASS" start="2024-08-05T09:16:33.563281" elapsed="0.000356"/>
</kw>
<kw name="Log" owner="BuiltIn">
<msg time="2024-08-05T09:16:33.564158" level="INFO">{'large': 'https://randomuser.me/api/portraits/men/98.jpg', 'medium': 'https://randomuser.me/api/portraits/med/men/98.jpg', 'thumbnail': 'https://randomuser.me/api/portraits/thumb/men/98.jpg'}</msg>
<arg>${json_data['results'][0]['picture']}</arg>
<doc>Logs the given message with the given level.</doc>
<status status="PASS" start="2024-08-05T09:16:33.563827" elapsed="0.000373"/>
</kw>
<status status="PASS" start="2024-08-05T09:16:33.421673" elapsed="0.142801"/>
</kw>
<kw name="Teste de Tipos de Dados - Postcode" owner="random-user-service">
<kw name="GET On Session" owner="RequestsLibrary">
<msg time="2024-08-05T09:16:35.655147" level="INFO">GET Request : url=https://randomuser.me/api 
 path_url=/api 
 headers={'User-Agent': 'python-requests/2.32.3', 'Accept-Encoding': 'gzip, deflate', 'Accept': '*/*', 'Connection': 'keep-alive'} 
 body=None 
 </msg>
<msg time="2024-08-05T09:16:35.655243" level="INFO">GET Response : url=https://randomuser.me/api 
 status=200, reason=OK 
 headers={'Date': 'Mon, 05 Aug 2024 09:16:35 GMT', 'Content-Type': 'application/json; charset=utf-8', 'Transfer-Encoding': 'chunked', 'Connection': 'keep-alive', 'X-Powered-By': 'Express', 'Access-Control-Allow-Origin': '*', 'Cache-Control': 'no-cache', 'ETag': 'W/"486-grkGicPfCDOLMTqo+HvAthOu2H0"', 'Vary': 'Accept-Encoding', 'Content-Encoding': 'gzip', 'CF-Cache-Status': 'DYNAMIC', 'Report-To': '{"endpoints":[{"url":"https:\\/\\/a.nel.cloudflare.com\\/report\\/v4?s=uNuX8TR27KT03o0DuOt%2BP9%2BJ6Sc8MOdydVrVRwJqr6ayNLN27Ckz2OfrW4HNQEbSFcTOC3kyU0EU3tH83SQS%2FQJmR291iRCGyfF4bOeyYJiMxRAU596NOskRbHo7IDCP"}],"group":"cf-nel","max_age":604800}', 'NEL': '{"success_fraction":0,"report_to":"cf-nel","max_age":604800}', 'Server': 'cloudflare', 'CF-RAY': '8ae5b065c9c71135-ORD', 'alt-svc': 'h3=":443"; ma=86400'} 
 body={"results":[{"gender":"male","name":{"title":"Mr","first":"Beau","last":"Johnson"},"location":{"street":{"number":1256,"name":"Mahia Road"},"city":"Christchurch","state":"Waikato","country":"New Zealand","postcode":21322,"coordinates":{"latitude":"50.9813","longitude":"-13.4905"},"timezone":{"offset":"+5:30","description":"Bombay, Calcutta, Madras, New Delhi"}},"email":"beau.johnson@example.com","login":{"uuid":"25b271d2-48d7-40c7-809d-fc40937b382a","username":"organicswan947","password":"12344321","salt":"sIYCbWCH","md5":"ad006458a5309a0026ad5faa8687acd7","sha1":"e5934c646d01d4c81ce6c1a06aa03c41a23302c3","sha256":"b8c3b6891b3127ca3ee3eefc1316a25bca797f1733e0bd5476b4a206a723b39e"},"dob":{"date":"1990-01-17T20:37:50.929Z","age":34},"registered":{"date":"2008-03-21T14:58:18.717Z","age":16},"phone":"(624)-725-1624","cell":"(010)-376-7441","id":{"name":"","value":null},"picture":{"large":"https://randomuser.me/api/portraits/men/6.jpg","medium":"https://randomuser.me/api/portraits/med/men/6.jpg","thumbnail":"https://randomuser.me/api/portraits/thumb/men/6.jpg"},"nat":"NZ"}],"info":{"seed":"7dc243ecf59e9925","results":1,"page":1,"version":"1.4"}} 
 </msg>
<msg time="2024-08-05T09:16:35.655315" level="INFO">/opt/hostedtoolcache/Python/3.12.4/x64/lib/python3.12/site-packages/urllib3/connectionpool.py:1099: InsecureRequestWarning: Unverified HTTPS request is being made to host 'randomuser.me'. Adding certificate verification is strongly advised. See: https://urllib3.readthedocs.io/en/latest/advanced-usage.html#tls-warnings
  warnings.warn(</msg>
<msg time="2024-08-05T09:16:35.655456" level="INFO">${response} = &lt;Response [200]&gt;</msg>
<var>${response}</var>
<arg>consultarAPI</arg>
<arg>/api</arg>
<doc>Sends a GET request on a previously created HTTP Session.</doc>
<status status="PASS" start="2024-08-05T09:16:33.564941" elapsed="2.090561"/>
</kw>
<kw name="Set Variable" owner="BuiltIn">
<msg time="2024-08-05T09:16:35.656554" level="INFO">${json_data} = {'results': [{'gender': 'male', 'name': {'title': 'Mr', 'first': 'Beau', 'last': 'Johnson'}, 'location': {'street': {'number': 1256, 'name': 'Mahia Road'}, 'city': 'Christchurch', 'state': 'Waikato', ...</msg>
<var>${json_data}</var>
<arg>${response.json()}</arg>
<doc>Returns the given values which can then be assigned to a variables.</doc>
<status status="PASS" start="2024-08-05T09:16:35.656015" elapsed="0.000567"/>
</kw>
<kw name="Log" owner="BuiltIn">
<msg time="2024-08-05T09:16:35.657056" level="INFO">{'results': [{'gender': 'male', 'name': {'title': 'Mr', 'first': 'Beau', 'last': 'Johnson'}, 'location': {'street': {'number': 1256, 'name': 'Mahia Road'}, 'city': 'Christchurch', 'state': 'Waikato', 'country': 'New Zealand', 'postcode': 21322, 'coordinates': {'latitude': '50.9813', 'longitude': '-13.4905'}, 'timezone': {'offset': '+5:30', 'description': 'Bombay, Calcutta, Madras, New Delhi'}}, 'email': 'beau.johnson@example.com', 'login': {'uuid': '25b271d2-48d7-40c7-809d-fc40937b382a', 'username': 'organicswan947', 'password': '12344321', 'salt': 'sIYCbWCH', 'md5': 'ad006458a5309a0026ad5faa8687acd7', 'sha1': 'e5934c646d01d4c81ce6c1a06aa03c41a23302c3', 'sha256': 'b8c3b6891b3127ca3ee3eefc1316a25bca797f1733e0bd5476b4a206a723b39e'}, 'dob': {'date': '1990-01-17T20:37:50.929Z', 'age': 34}, 'registered': {'date': '2008-03-21T14:58:18.717Z', 'age': 16}, 'phone': '(624)-725-1624', 'cell': '(010)-376-7441', 'id': {'name': '', 'value': None}, 'picture': {'large': 'https://randomuser.me/api/portraits/men/6.jpg', 'medium': 'https://randomuser.me/api/portraits/med/men/6.jpg', 'thumbnail': 'https://randomuser.me/api/portraits/thumb/men/6.jpg'}, 'nat': 'NZ'}], 'info': {'seed': '7dc243ecf59e9925', 'results': 1, 'page': 1, 'version': '1.4'}}</msg>
<arg>${json_data}</arg>
<doc>Logs the given message with the given level.</doc>
<status status="PASS" start="2024-08-05T09:16:35.656891" elapsed="0.000211"/>
</kw>
<kw name="Should Be Equal As Numbers" owner="BuiltIn">
<arg>${json_data['results'][0]['location']['postcode']}</arg>
<arg>${json_data['results'][0]['location']['postcode']}</arg>
<doc>Fails if objects are unequal after converting them to real numbers.</doc>
<status status="PASS" start="2024-08-05T09:16:35.657394" elapsed="0.000680"/>
</kw>
<kw name="Log" owner="BuiltIn">
<msg time="2024-08-05T09:16:35.658611" level="INFO">21322</msg>
<arg>${json_data['results'][0]['location']['postcode']}</arg>
<doc>Logs the given message with the given level.</doc>
<status status="PASS" start="2024-08-05T09:16:35.658266" elapsed="0.000385"/>
</kw>
<status status="PASS" start="2024-08-05T09:16:33.564709" elapsed="2.094234"/>
</kw>
<doc>Testa se os tipos de dados na resposta da API estão corretos.</doc>
<tag>testeTiposDados</tag>
<status status="PASS" start="2024-08-05T09:16:33.421172" elapsed="2.237947"/>
</test>
<test id="s1-s1-t5" name="Validar conteudo" line="35">
<kw name="Teste de Tipos de Conteudo" owner="random-user-service">
<kw name="GET On Session" owner="RequestsLibrary">
<msg time="2024-08-05T09:16:38.369408" level="INFO">GET Request : url=https://randomuser.me/api 
 path_url=/api 
 headers={'User-Agent': 'python-requests/2.32.3', 'Accept-Encoding': 'gzip, deflate', 'Accept': '*/*', 'Connection': 'keep-alive'} 
 body=None 
 </msg>
<msg time="2024-08-05T09:16:38.369507" level="INFO">GET Response : url=https://randomuser.me/api 
 status=200, reason=OK 
 headers={'Date': 'Mon, 05 Aug 2024 09:16:38 GMT', 'Content-Type': 'application/json; charset=utf-8', 'Transfer-Encoding': 'chunked', 'Connection': 'keep-alive', 'X-Powered-By': 'Express', 'Access-Control-Allow-Origin': '*', 'Cache-Control': 'no-cache', 'ETag': 'W/"484-QKcIdn6yq8AhgxJhO+TCvYarymA"', 'Vary': 'Accept-Encoding', 'Content-Encoding': 'gzip', 'CF-Cache-Status': 'DYNAMIC', 'Report-To': '{"endpoints":[{"url":"https:\\/\\/a.nel.cloudflare.com\\/report\\/v4?s=bgNUlVHZkLTgTWfri%2BrtpEeOIk7B3LgnSs7NMRzgy8jWiViE2TKL9OXatD7SWVGs%2FZLly%2FXvvLDP7uI%2FWvHrLBAs7N8TykTswmWs5Yp6en4aVi4vFrBDKi56X3XFQaVO"}],"group":"cf-nel","max_age":604800}', 'NEL': '{"success_fraction":0,"report_to":"cf-nel","max_age":604800}', 'Server': 'cloudflare', 'CF-RAY': '8ae5b072ece61135-ORD', 'alt-svc': 'h3=":443"; ma=86400'} 
 body={"results":[{"gender":"male","name":{"title":"Mr","first":"Hunter","last":"Harris"},"location":{"street":{"number":5709,"name":"Frederick Ave"},"city":"Waterloo","state":"Newfoundland and Labrador","country":"Canada","postcode":"I9V 7U0","coordinates":{"latitude":"-67.8142","longitude":"-74.0493"},"timezone":{"offset":"+5:45","description":"Kathmandu"}},"email":"hunter.harris@example.com","login":{"uuid":"66b97f5a-5d87-46f8-b0fe-1cd99bddcb1f","username":"yellowswan176","password":"987987","salt":"v1GBz7HS","md5":"f1d0389db52cba6dafbed55d9bb52a88","sha1":"7ac7f65ccc35392597c264004bbcbdf8a71a28ad","sha256":"7f0b80e5a33daa4b9113c1d2508c3aabd35192fa83e97008a782f34e8271e278"},"dob":{"date":"1989-02-19T13:46:54.003Z","age":35},"registered":{"date":"2018-10-08T18:06:22.488Z","age":5},"phone":"P78 V77-1939","cell":"G45 X89-6627","id":{"name":"SIN","value":"638249714"},"picture":{"large":"https://randomuser.me/api/portraits/men/57.jpg","medium":"https://randomuser.me/api/portraits/med/men/57.jpg","thumbnail":"https://randomuser.me/api/portraits/thumb/men/57.jpg"},"nat":"CA"}],"info":{"seed":"e8bb82d053f298c9","results":1,"page":1,"version":"1.4"}} 
 </msg>
<msg time="2024-08-05T09:16:38.369576" level="INFO">/opt/hostedtoolcache/Python/3.12.4/x64/lib/python3.12/site-packages/urllib3/connectionpool.py:1099: InsecureRequestWarning: Unverified HTTPS request is being made to host 'randomuser.me'. Adding certificate verification is strongly advised. See: https://urllib3.readthedocs.io/en/latest/advanced-usage.html#tls-warnings
  warnings.warn(</msg>
<msg time="2024-08-05T09:16:38.369715" level="INFO">${response} = &lt;Response [200]&gt;</msg>
<var>${response}</var>
<arg>consultarAPI</arg>
<arg>/api</arg>
<doc>Sends a GET request on a previously created HTTP Session.</doc>
<status status="PASS" start="2024-08-05T09:16:35.661967" elapsed="2.707814"/>
</kw>
<kw name="Set Variable" owner="BuiltIn">
<msg time="2024-08-05T09:16:38.370850" level="INFO">${json_data} = {'results': [{'gender': 'male', 'name': {'title': 'Mr', 'first': 'Hunter', 'last': 'Harris'}, 'location': {'street': {'number': 5709, 'name': 'Frederick Ave'}, 'city': 'Waterloo', 'state': 'Newfoundla...</msg>
<var>${json_data}</var>
<arg>${response.json()}</arg>
<doc>Returns the given values which can then be assigned to a variables.</doc>
<status status="PASS" start="2024-08-05T09:16:38.370336" elapsed="0.000542"/>
</kw>
<kw name="Set Variable" owner="BuiltIn">
<msg time="2024-08-05T09:16:38.371566" level="INFO">${name_title} = Mr</msg>
<var>${name_title}</var>
<arg>${json_data["results"][0]["name"]["title"]}</arg>
<doc>Returns the given values which can then be assigned to a variables.</doc>
<status status="PASS" start="2024-08-05T09:16:38.371185" elapsed="0.000406"/>
</kw>
<kw name="Create List" owner="BuiltIn">
<msg time="2024-08-05T09:16:38.372036" level="INFO">${allowed_titles} = ['Mr', 'Ms', 'Miss', 'Mrs', 'Madame', 'Monsieur']</msg>
<var>${allowed_titles}</var>
<arg>Mr</arg>
<arg>Ms</arg>
<arg>Miss</arg>
<arg>Mrs</arg>
<arg>Madame</arg>
<arg>Monsieur</arg>
<doc>Returns a list containing given items.</doc>
<status status="PASS" start="2024-08-05T09:16:38.371887" elapsed="0.000174"/>
</kw>
<kw name="List Should Contain Value" owner="Collections">
<arg>${allowed_titles}</arg>
<arg>${name_title}</arg>
<doc>Fails if the ``value`` is not found from ``list``.</doc>
<status status="PASS" start="2024-08-05T09:16:38.372356" elapsed="0.000185"/>
</kw>
<kw name="Set Variable" owner="BuiltIn">
<msg time="2024-08-05T09:16:38.373087" level="INFO">${name_country} = CA</msg>
<var>${name_country}</var>
<arg>${json_data["results"][0]["nat"]}</arg>
<doc>Returns the given values which can then be assigned to a variables.</doc>
<status status="PASS" start="2024-08-05T09:16:38.372719" elapsed="0.000393"/>
</kw>
<kw name="Create List" owner="BuiltIn">
<msg time="2024-08-05T09:16:38.374023" level="INFO">${list_country} = ['AD', 'AE', 'AF', 'AG', 'AI', 'AL', 'AM', 'AO', 'AQ', 'AR', 'AS', 'AT', 'AU', 'AW', 'AX', 'AZ', 'BA', 'BB', 'BD', 'BE', 'BF', 'BG', 'BH', 'BI', 'BJ', 'BL', 'BM', 'BN', 'BO', 'BQ', 'BR', 'BS', 'BT', '...</msg>
<var>${list_country}</var>
<arg>AD</arg>
<arg>AE</arg>
<arg>AF</arg>
<arg>AG</arg>
<arg>AI</arg>
<arg>AL</arg>
<arg>AM</arg>
<arg>AO</arg>
<arg>AQ</arg>
<arg>AR</arg>
<arg>AS</arg>
<arg>AT</arg>
<arg>AU</arg>
<arg>AW</arg>
<arg>AX</arg>
<arg>AZ</arg>
<arg>BA</arg>
<arg>BB</arg>
<arg>BD</arg>
<arg>BE</arg>
<arg>BF</arg>
<arg>BG</arg>
<arg>BH</arg>
<arg>BI</arg>
<arg>BJ</arg>
<arg>BL</arg>
<arg>BM</arg>
<arg>BN</arg>
<arg>BO</arg>
<arg>BQ</arg>
<arg>BR</arg>
<arg>BS</arg>
<arg>BT</arg>
<arg>BV</arg>
<arg>BW</arg>
<arg>BY</arg>
<arg>BZ</arg>
<arg>CA</arg>
<arg>CC</arg>
<arg>CD</arg>
<arg>CF</arg>
<arg>CG</arg>
<arg>CH</arg>
<arg>CI</arg>
<arg>CK</arg>
<arg>CL</arg>
<arg>CM</arg>
<arg>CN</arg>
<arg>CO</arg>
<arg>CR</arg>
<arg>CU</arg>
<arg>CV</arg>
<arg>CW</arg>
<arg>CX</arg>
<arg>CY</arg>
<arg>CZ</arg>
<arg>DE</arg>
<arg>DJ</arg>
<arg>DK</arg>
<arg>DM</arg>
<arg>DO</arg>
<arg>DZ</arg>
<arg>EC</arg>
<arg>EE</arg>
<arg>EG</arg>
<arg>EH</arg>
<arg>ER</arg>
<arg>ES</arg>
<arg>ET</arg>
<arg>FI</arg>
<arg>FJ</arg>
<arg>FK</arg>
<arg>FM</arg>
<arg>FO</arg>
<arg>FR</arg>
<arg>GA</arg>
<arg>GB</arg>
<arg>GD</arg>
<arg>GE</arg>
<arg>GF</arg>
<arg>GG</arg>
<arg>GH</arg>
<arg>GI</arg>
<arg>GL</arg>
<arg>GM</arg>
<arg>GN</arg>
<arg>GP</arg>
<arg>GQ</arg>
<arg>GR</arg>
<arg>GS</arg>
<arg>GT</arg>
<arg>GU</arg>
<arg>GW</arg>
<arg>GY</arg>
<arg>HK</arg>
<arg>HM</arg>
<arg>HN</arg>
<arg>HR</arg>
<arg>HT</arg>
<arg>HU</arg>
<arg>ID</arg>
<arg>IE</arg>
<arg>IL</arg>
<arg>IM</arg>
<arg>IN</arg>
<arg>IO</arg>
<arg>IQ</arg>
<arg>IR</arg>
<arg>IS</arg>
<arg>IT</arg>
<arg>JE</arg>
<arg>JM</arg>
<arg>JO</arg>
<arg>JP</arg>
<arg>KE</arg>
<arg>KG</arg>
<arg>KH</arg>
<arg>KI</arg>
<arg>KM</arg>
<arg>KN</arg>
<arg>KP</arg>
<arg>KR</arg>
<arg>KW</arg>
<arg>KY</arg>
<arg>KZ</arg>
<arg>LA</arg>
<arg>LB</arg>
<arg>LC</arg>
<arg>LI</arg>
<arg>LK</arg>
<arg>LR</arg>
<arg>LS</arg>
<arg>LT</arg>
<arg>LU</arg>
<arg>LV</arg>
<arg>LY</arg>
<arg>MA</arg>
<arg>MC</arg>
<arg>MD</arg>
<arg>ME</arg>
<arg>MF</arg>
<arg>MG</arg>
<arg>MH</arg>
<arg>MK</arg>
<arg>ML</arg>
<arg>MM</arg>
<arg>MN</arg>
<arg>MO</arg>
<arg>MP</arg>
<arg>MQ</arg>
<arg>MR</arg>
<arg>MS</arg>
<arg>MT</arg>
<arg>MU</arg>
<arg>MV</arg>
<arg>MW</arg>
<arg>MX</arg>
<arg>MY</arg>
<arg>MZ</arg>
<arg>NA</arg>
<arg>NC</arg>
<arg>NE</arg>
<arg>NF</arg>
<arg>NG</arg>
<arg>NI</arg>
<arg>NL</arg>
<arg>NO</arg>
<arg>NP</arg>
<arg>NR</arg>
<arg>NU</arg>
<arg>NZ</arg>
<arg>OM</arg>
<arg>PA</arg>
<arg>PE</arg>
<arg>PF</arg>
<arg>PG</arg>
<arg>PH</arg>
<arg>PK</arg>
<arg>PL</arg>
<arg>PM</arg>
<arg>PN</arg>
<arg>PR</arg>
<arg>PS</arg>
<arg>PT</arg>
<arg>PW</arg>
<arg>PY</arg>
<arg>QA</arg>
<arg>RE</arg>
<arg>RO</arg>
<arg>RS</arg>
<arg>RU</arg>
<arg>RW</arg>
<arg>SA</arg>
<arg>SB</arg>
<arg>SC</arg>
<arg>SD</arg>
<arg>SE</arg>
<arg>SG</arg>
<arg>SH</arg>
<arg>SI</arg>
<arg>SJ</arg>
<arg>SK</arg>
<arg>SL</arg>
<arg>SM</arg>
<arg>SN</arg>
<arg>SO</arg>
<arg>SR</arg>
<arg>SS</arg>
<arg>ST</arg>
<arg>SV</arg>
<arg>SX</arg>
<arg>SY</arg>
<arg>SZ</arg>
<arg>TC</arg>
<arg>TD</arg>
<arg>TF</arg>
<arg>TG</arg>
<arg>TH</arg>
<arg>TJ</arg>
<arg>TK</arg>
<arg>TL</arg>
<arg>TM</arg>
<arg>TN</arg>
<arg>TO</arg>
<arg>TR</arg>
<arg>TT</arg>
<arg>TV</arg>
<arg>TW</arg>
<arg>TZ</arg>
<arg>UA</arg>
<arg>UG</arg>
<arg>UM</arg>
<arg>US</arg>
<arg>UY</arg>
<arg>UZ</arg>
<arg>VA</arg>
<arg>VC</arg>
<arg>VE</arg>
<arg>VG</arg>
<arg>VI</arg>
<arg>VN</arg>
<arg>VU</arg>
<arg>WF</arg>
<arg>WS</arg>
<arg>XK</arg>
<arg>YE</arg>
<arg>YT</arg>
<arg>ZA</arg>
<arg>ZM</arg>
<arg>ZW</arg>
<doc>Returns a list containing given items.</doc>
<status status="PASS" start="2024-08-05T09:16:38.373403" elapsed="0.000646"/>
</kw>
<kw name="List Should Contain Value" owner="Collections">
<arg>${list_country}</arg>
<arg>${name_country}</arg>
<doc>Fails if the ``value`` is not found from ``list``.</doc>
<status status="PASS" start="2024-08-05T09:16:38.375022" elapsed="0.000205"/>
</kw>
<kw name="Run Keyword If" owner="BuiltIn">
<kw name="Should Be True" owner="BuiltIn">
<arg>${True}</arg>
<doc>Fails if the given condition is not true.</doc>
<status status="PASS" start="2024-08-05T09:16:38.376177" elapsed="0.000145"/>
</kw>
<arg>${json_data["results"][0]["location"]["coordinates"]["latitude"]} &gt;= -90 and ${json_data["results"][0]["location"]["coordinates"]["latitude"]} &lt;= 90</arg>
<arg>Should Be True</arg>
<arg>${True}</arg>
<doc>Runs the given keyword with the given arguments, if ``condition`` is true.</doc>
<status status="PASS" start="2024-08-05T09:16:38.375425" elapsed="0.001023"/>
</kw>
<kw name="Run Keyword If" owner="BuiltIn">
<kw name="Should Be True" owner="BuiltIn">
<arg>${True}</arg>
<doc>Fails if the given condition is not true.</doc>
<status status="PASS" start="2024-08-05T09:16:38.377313" elapsed="0.000136"/>
</kw>
<arg>${json_data["results"][0]["location"]["coordinates"]["longitude"]} &gt;= -180 and ${json_data["results"][0]["location"]["coordinates"]["longitude"]} &lt;= 180</arg>
<arg>Should Be True</arg>
<arg>${True}</arg>
<doc>Runs the given keyword with the given arguments, if ``condition`` is true.</doc>
<status status="PASS" start="2024-08-05T09:16:38.376629" elapsed="0.000943"/>
</kw>
<status status="PASS" start="2024-08-05T09:16:35.661550" elapsed="2.716154"/>
</kw>
<doc>Testa o conteúdo específico dos campos retornados pela API.</doc>
<tag>testeConteudo</tag>
<status status="PASS" start="2024-08-05T09:16:35.660883" elapsed="2.717000"/>
</test>
<status status="PASS" start="2024-08-05T09:16:32.597128" elapsed="5.782723"/>
</suite>
<status status="PASS" start="2024-08-05T09:16:32.570383" elapsed="5.814577"/>
</suite>
<statistics>
<total>
<stat pass="5" fail="0" skip="0">All Tests</stat>
</total>
<tag>
<stat pass="1" fail="0" skip="0">testeConteudo</stat>
<stat pass="1" fail="0" skip="0">testeEstruturaResposta</stat>
<stat pass="1" fail="0" skip="0">testeRequisicaoBasica</stat>
<stat pass="1" fail="0" skip="0">testeTiposDados</stat>
</tag>
<suite>
<stat pass="5" fail="0" skip="0" id="s1" name="Tests">Tests</stat>
<stat pass="5" fail="0" skip="0" id="s1-s1" name="Random-User-Test">Tests.Random-User-Test</stat>
</suite>
</statistics>
<errors>
</errors>
</robot>
