<?xml version="1.0" encoding="UTF-8"?>
<robot generator="Robot 7.0 (Python 3.12.3 on linux)" generated="2024-05-12T03:15:31.808840" rpa="false" schemaversion="5">
<suite id="s1" name="Tests" source="/home/runner/work/DesafioQAItauRogerioJordao/DesafioQAItauRogerioJordao/RamdonUser/tests">
<suite id="s1-s1" name="Random-User-Test" source="/home/runner/work/DesafioQAItauRogerioJordao/DesafioQAItauRogerioJordao/RamdonUser/tests/random-user-test.robot">
<test id="s1-s1-t1" name="Conectar" line="13">
<kw name="Conectar API" owner="random-user-service">
<kw name="Create Session" owner="RequestsLibrary">
<msg time="2024-05-12T03:15:32.175294" level="INFO">Creating Session using : alias=consultarAPI, url=https://randomuser.me/, headers={},                     cookies={}, auth=None, timeout=None, proxies=None, verify=False,                     debug=0 </msg>
<arg>consultarAPI</arg>
<arg>${URL}</arg>
<doc>Create Session: create a HTTP session to a server</doc>
<status status="PASS" start="2024-05-12T03:15:32.175094" elapsed="0.000379"/>
</kw>
<status status="PASS" start="2024-05-12T03:15:32.174108" elapsed="0.001741"/>
</kw>
<status status="PASS" start="2024-05-12T03:15:32.173548" elapsed="0.002496"/>
</test>
<test id="s1-s1-t2" name="Validar retorno 200 e JSON Válido" line="16">
<kw name="Teste de Requisicao Basica" owner="random-user-service">
<kw name="GET On Session" owner="RequestsLibrary">
<msg time="2024-05-12T03:15:32.262011" level="INFO">GET Request : url=https://randomuser.me/api 
 path_url=/api 
 headers={'User-Agent': 'python-requests/2.31.0', 'Accept-Encoding': 'gzip, deflate', 'Accept': '*/*', 'Connection': 'keep-alive'} 
 body=None 
 </msg>
<msg time="2024-05-12T03:15:32.262180" level="INFO">GET Response : url=https://randomuser.me/api 
 status=200, reason=OK 
 headers={'Date': 'Sun, 12 May 2024 03:15:32 GMT', 'Content-Type': 'application/json; charset=utf-8', 'Transfer-Encoding': 'chunked', 'Connection': 'keep-alive', 'X-Powered-By': 'Express', 'Access-Control-Allow-Origin': '*', 'Cache-Control': 'no-cache', 'ETag': 'W/"4af-tcqmBZvtAxaJMlVWnL2TIA0c/0w"', 'Vary': 'Accept-Encoding', 'Content-Encoding': 'gzip', 'CF-Cache-Status': 'DYNAMIC', 'Report-To': '{"endpoints":[{"url":"https:\\/\\/a.nel.cloudflare.com\\/report\\/v4?s=zc2KfPD73nPEQDoDX7LEkfbPWhakI2ubpkDoxj%2BgDsU9TYGXGkR0vuwe4ti1yg5CXGQEC95N1VVDtSlQzQsn6joWsfeIherNCJU1haPCSbypDwt3XNlps4HrR01mUrzG"}],"group":"cf-nel","max_age":604800}', 'NEL': '{"success_fraction":0,"report_to":"cf-nel","max_age":604800}', 'Server': 'cloudflare', 'CF-RAY': '88273eae5c2aa243-ORD', 'alt-svc': 'h3=":443"; ma=86400'} 
 body={"results":[{"gender":"female","name":{"title":"Mrs","first":"Kayla","last":"Palmer"},"location":{"street":{"number":3025,"name":"Manchester Road"},"city":"Oxford","state":"Northumberland","country":"United Kingdom","postcode":"Q07 5GH","coordinates":{"latitude":"-12.4331","longitude":"89.9007"},"timezone":{"offset":"+11:00","description":"Magadan, Solomon Islands, New Caledonia"}},"email":"kayla.palmer@example.com","login":{"uuid":"8a7f46ab-a650-4e85-b405-70f489b97ae6","username":"goldenkoala134","password":"23232323","salt":"zvb4FvSr","md5":"44fead1331f29765e98d313b5c7bb1f9","sha1":"461741d48ebcd6ea44939c9dadd2ab70dd9d5520","sha256":"d510a1934efa6ef3d704089c656101be5fa78b6d2d335ed9deb7125ab4882906"},"dob":{"date":"2001-05-17T19:20:17.206Z","age":22},"registered":{"date":"2008-05-31T14:55:32.703Z","age":15},"phone":"017684 83397","cell":"07285 442689","id":{"name":"NINO","value":"SA 70 03 15 U"},"picture":{"large":"https://randomuser.me/api/portraits/women/51.jpg","medium":"https://randomuser.me/api/portraits/med/women/51.jpg","thumbnail":"https://randomuser.me/api/portraits/thumb/women/51.jpg"},"nat":"GB"}],"info":{"seed":"2bf4073e1c31c0e2","results":1,"page":1,"version":"1.4"}} 
 </msg>
<msg time="2024-05-12T03:15:32.262279" level="INFO">/opt/hostedtoolcache/Python/3.12.3/x64/lib/python3.12/site-packages/urllib3/connectionpool.py:1103: InsecureRequestWarning: Unverified HTTPS request is being made to host 'randomuser.me'. Adding certificate verification is strongly advised. See: https://urllib3.readthedocs.io/en/latest/advanced-usage.html#tls-warnings
  warnings.warn(</msg>
<msg time="2024-05-12T03:15:32.262445" level="INFO">${response} = &lt;Response [200]&gt;</msg>
<var>${response}</var>
<arg>consultarAPI</arg>
<arg>/api</arg>
<doc>Sends a GET request on a previously created HTTP Session.</doc>
<status status="PASS" start="2024-05-12T03:15:32.178822" elapsed="0.083664"/>
</kw>
<kw name="Should Be Equal As Numbers" owner="BuiltIn">
<msg time="2024-05-12T03:15:32.263500" level="INFO">Argument types are:
&lt;class 'int'&gt;
&lt;class 'str'&gt;</msg>
<arg>${response.status_code}</arg>
<arg>200</arg>
<doc>Fails if objects are unequal after converting them to real numbers.</doc>
<status status="PASS" start="2024-05-12T03:15:32.263015" elapsed="0.000551"/>
</kw>
<kw name="Log" owner="BuiltIn">
<msg time="2024-05-12T03:15:32.264271" level="INFO">200</msg>
<arg>${response.status_code}</arg>
<doc>Logs the given message with the given level.</doc>
<status status="PASS" start="2024-05-12T03:15:32.263905" elapsed="0.000410"/>
</kw>
<kw name="Set Variable" owner="BuiltIn">
<msg time="2024-05-12T03:15:32.265059" level="INFO">${json_data} = {'results': [{'gender': 'female', 'name': {'title': 'Mrs', 'first': 'Kayla', 'last': 'Palmer'}, 'location': {'street': {'number': 3025, 'name': 'Manchester Road'}, 'city': 'Oxford', 'state': 'Northumb...</msg>
<var>${json_data}</var>
<arg>${response.json()}</arg>
<doc>Returns the given values which can then be assigned to a variables.</doc>
<status status="PASS" start="2024-05-12T03:15:32.264621" elapsed="0.000466"/>
</kw>
<kw name="Dictionary Should Contain Key" owner="Collections">
<msg time="2024-05-12T03:15:32.265607" level="INFO">False</msg>
<arg>${json_data}</arg>
<arg>results</arg>
<doc>Fails if ``key`` is not found from ``dictionary``.</doc>
<status status="PASS" start="2024-05-12T03:15:32.265413" elapsed="0.000235"/>
</kw>
<status status="PASS" start="2024-05-12T03:15:32.178580" elapsed="0.087346"/>
</kw>
<doc>Testa se a API responde corretamente e retorna um objeto JSON válido.</doc>
<tag>testeRequisicaoBasica</tag>
<status status="PASS" start="2024-05-12T03:15:32.178016" elapsed="0.088096"/>
</test>
<test id="s1-s1-t3" name="Validar estrutura de resposta" line="22">
<kw name="Teste de Estrutura de Resposta" owner="random-user-service">
<kw name="GET On Session" owner="RequestsLibrary">
<msg time="2024-05-12T03:15:32.363225" level="INFO">GET Request : url=https://randomuser.me/api 
 path_url=/api 
 headers={'User-Agent': 'python-requests/2.31.0', 'Accept-Encoding': 'gzip, deflate', 'Accept': '*/*', 'Connection': 'keep-alive'} 
 body=None 
 </msg>
<msg time="2024-05-12T03:15:32.363312" level="INFO">GET Response : url=https://randomuser.me/api 
 status=200, reason=OK 
 headers={'Date': 'Sun, 12 May 2024 03:15:32 GMT', 'Content-Type': 'application/json; charset=utf-8', 'Transfer-Encoding': 'chunked', 'Connection': 'keep-alive', 'X-Powered-By': 'Express', 'Access-Control-Allow-Origin': '*', 'Cache-Control': 'no-cache', 'ETag': 'W/"4aa-0m8SWmhLHDWJe7skEFfAJEgfrW0"', 'Vary': 'Accept-Encoding', 'Content-Encoding': 'gzip', 'CF-Cache-Status': 'DYNAMIC', 'Report-To': '{"endpoints":[{"url":"https:\\/\\/a.nel.cloudflare.com\\/report\\/v4?s=x8ZUym9vXbWC0rGw0apRNAA6z%2BpsHC9p4%2FVE%2BpNsAJvTwB1K7W%2FtexdzwkrogKY44%2BKfOeEhCT1uQswyj2aGrXFfvPiDN2kts5el4NiOTznnexz06LqfXNAvK1WECOTG"}],"group":"cf-nel","max_age":604800}', 'NEL': '{"success_fraction":0,"report_to":"cf-nel","max_age":604800}', 'Server': 'cloudflare', 'CF-RAY': '88273eaebc7ba243-ORD', 'alt-svc': 'h3=":443"; ma=86400'} 
 body={"results":[{"gender":"male","name":{"title":"Mr","first":"Louis","last":"Legrand"},"location":{"street":{"number":529,"name":"Rue du Village"},"city":"Aix-En-Provence","state":"Pyrénées-Orientales","country":"France","postcode":60826,"coordinates":{"latitude":"-14.8511","longitude":"-141.7207"},"timezone":{"offset":"+1:00","description":"Brussels, Copenhagen, Madrid, Paris"}},"email":"louis.legrand@example.com","login":{"uuid":"7870d0c9-8ee4-4dd4-99c3-5bdfc3206e13","username":"smallduck404","password":"mayhem","salt":"G53q21r2","md5":"0d798015391e532ffba3ddf7c980c005","sha1":"2052ced67a2afa26cb5da47801ecc7bed0f43175","sha256":"afdca235b9cd0136a24d6bdcaf6863a3aaa8555840c553ba9695224950b86ddd"},"dob":{"date":"1985-03-29T15:33:12.845Z","age":39},"registered":{"date":"2018-08-13T21:41:32.736Z","age":5},"phone":"04-11-03-90-24","cell":"06-62-39-54-70","id":{"name":"INSEE","value":"1850224628209 79"},"picture":{"large":"https://randomuser.me/api/portraits/men/99.jpg","medium":"https://randomuser.me/api/portraits/med/men/99.jpg","thumbnail":"https://randomuser.me/api/portraits/thumb/men/99.jpg"},"nat":"FR"}],"info":{"seed":"f8c31da95d08a362","results":1,"page":1,"version":"1.4"}} 
 </msg>
<msg time="2024-05-12T03:15:32.363432" level="INFO">/opt/hostedtoolcache/Python/3.12.3/x64/lib/python3.12/site-packages/urllib3/connectionpool.py:1103: InsecureRequestWarning: Unverified HTTPS request is being made to host 'randomuser.me'. Adding certificate verification is strongly advised. See: https://urllib3.readthedocs.io/en/latest/advanced-usage.html#tls-warnings
  warnings.warn(</msg>
<msg time="2024-05-12T03:15:32.363556" level="INFO">${response} = &lt;Response [200]&gt;</msg>
<var>${response}</var>
<arg>consultarAPI</arg>
<arg>/api</arg>
<doc>Sends a GET request on a previously created HTTP Session.</doc>
<status status="PASS" start="2024-05-12T03:15:32.268804" elapsed="0.094793"/>
</kw>
<kw name="Set Variable" owner="BuiltIn">
<msg time="2024-05-12T03:15:32.364802" level="INFO">${json_data} = {'results': [{'gender': 'male', 'name': {'title': 'Mr', 'first': 'Louis', 'last': 'Legrand'}, 'location': {'street': {'number': 529, 'name': 'Rue du Village'}, 'city': 'Aix-En-Provence', 'state': 'Pyr...</msg>
<var>${json_data}</var>
<arg>${response.json()}</arg>
<doc>Returns the given values which can then be assigned to a variables.</doc>
<status status="PASS" start="2024-05-12T03:15:32.364159" elapsed="0.000673"/>
</kw>
<kw name="Log" owner="BuiltIn">
<msg time="2024-05-12T03:15:32.365310" level="INFO">{'results': [{'gender': 'male', 'name': {'title': 'Mr', 'first': 'Louis', 'last': 'Legrand'}, 'location': {'street': {'number': 529, 'name': 'Rue du Village'}, 'city': 'Aix-En-Provence', 'state': 'Pyrénées-Orientales', 'country': 'France', 'postcode': 60826, 'coordinates': {'latitude': '-14.8511', 'longitude': '-141.7207'}, 'timezone': {'offset': '+1:00', 'description': 'Brussels, Copenhagen, Madrid, Paris'}}, 'email': 'louis.legrand@example.com', 'login': {'uuid': '7870d0c9-8ee4-4dd4-99c3-5bdfc3206e13', 'username': 'smallduck404', 'password': 'mayhem', 'salt': 'G53q21r2', 'md5': '0d798015391e532ffba3ddf7c980c005', 'sha1': '2052ced67a2afa26cb5da47801ecc7bed0f43175', 'sha256': 'afdca235b9cd0136a24d6bdcaf6863a3aaa8555840c553ba9695224950b86ddd'}, 'dob': {'date': '1985-03-29T15:33:12.845Z', 'age': 39}, 'registered': {'date': '2018-08-13T21:41:32.736Z', 'age': 5}, 'phone': '04-11-03-90-24', 'cell': '06-62-39-54-70', 'id': {'name': 'INSEE', 'value': '1850224628209 79'}, 'picture': {'large': 'https://randomuser.me/api/portraits/men/99.jpg', 'medium': 'https://randomuser.me/api/portraits/med/men/99.jpg', 'thumbnail': 'https://randomuser.me/api/portraits/thumb/men/99.jpg'}, 'nat': 'FR'}], 'info': {'seed': 'f8c31da95d08a362', 'results': 1, 'page': 1, 'version': '1.4'}}</msg>
<arg>${json_data}</arg>
<doc>Logs the given message with the given level.</doc>
<status status="PASS" start="2024-05-12T03:15:32.365145" elapsed="0.000217"/>
</kw>
<kw name="Dictionary Should Contain Key" owner="Collections">
<msg time="2024-05-12T03:15:32.365867" level="INFO">False</msg>
<arg>${json_data}</arg>
<arg>results</arg>
<doc>Fails if ``key`` is not found from ``dictionary``.</doc>
<status status="PASS" start="2024-05-12T03:15:32.365702" elapsed="0.000203"/>
</kw>
<kw name="Should Not Be Empty" owner="BuiltIn">
<msg time="2024-05-12T03:15:32.366350" level="INFO">Length is 2.</msg>
<arg>${json_data}</arg>
<doc>Verifies that the given item is not empty.</doc>
<status status="PASS" start="2024-05-12T03:15:32.366211" elapsed="0.000333"/>
</kw>
<kw name="Create List" owner="BuiltIn">
<msg time="2024-05-12T03:15:32.366994" level="INFO">${expected_keys} = ['gender', 'name', 'location', 'email', 'login']</msg>
<var>${expected_keys}</var>
<arg>gender</arg>
<arg>name</arg>
<arg>location</arg>
<arg>email</arg>
<arg>login</arg>
<doc>Returns a list containing given items.</doc>
<status status="PASS" start="2024-05-12T03:15:32.366840" elapsed="0.000178"/>
</kw>
<for flavor="IN">
<iter>
<kw name="Dictionary Should Contain Key" owner="Collections">
<msg time="2024-05-12T03:15:32.368002" level="INFO">False</msg>
<arg>${json_data['results'][0]}</arg>
<arg>${key}</arg>
<doc>Fails if ``key`` is not found from ``dictionary``.</doc>
<status status="PASS" start="2024-05-12T03:15:32.367599" elapsed="0.000442"/>
</kw>
<kw name="Log" owner="BuiltIn">
<msg time="2024-05-12T03:15:32.368738" level="INFO">{'gender': 'male', 'name': {'title': 'Mr', 'first': 'Louis', 'last': 'Legrand'}, 'location': {'street': {'number': 529, 'name': 'Rue du Village'}, 'city': 'Aix-En-Provence', 'state': 'Pyrénées-Orientales', 'country': 'France', 'postcode': 60826, 'coordinates': {'latitude': '-14.8511', 'longitude': '-141.7207'}, 'timezone': {'offset': '+1:00', 'description': 'Brussels, Copenhagen, Madrid, Paris'}}, 'email': 'louis.legrand@example.com', 'login': {'uuid': '7870d0c9-8ee4-4dd4-99c3-5bdfc3206e13', 'username': 'smallduck404', 'password': 'mayhem', 'salt': 'G53q21r2', 'md5': '0d798015391e532ffba3ddf7c980c005', 'sha1': '2052ced67a2afa26cb5da47801ecc7bed0f43175', 'sha256': 'afdca235b9cd0136a24d6bdcaf6863a3aaa8555840c553ba9695224950b86ddd'}, 'dob': {'date': '1985-03-29T15:33:12.845Z', 'age': 39}, 'registered': {'date': '2018-08-13T21:41:32.736Z', 'age': 5}, 'phone': '04-11-03-90-24', 'cell': '06-62-39-54-70', 'id': {'name': 'INSEE', 'value': '1850224628209 79'}, 'picture': {'large': 'https://randomuser.me/api/portraits/men/99.jpg', 'medium': 'https://randomuser.me/api/portraits/med/men/99.jpg', 'thumbnail': 'https://randomuser.me/api/portraits/thumb/men/99.jpg'}, 'nat': 'FR'}</msg>
<arg>${json_data['results'][0]}</arg>
<doc>Logs the given message with the given level.</doc>
<status status="PASS" start="2024-05-12T03:15:32.368341" elapsed="0.000448"/>
</kw>
<kw name="Log" owner="BuiltIn">
<msg time="2024-05-12T03:15:32.369221" level="INFO">gender</msg>
<arg>${key}</arg>
<doc>Logs the given message with the given level.</doc>
<status status="PASS" start="2024-05-12T03:15:32.369091" elapsed="0.000169"/>
</kw>
<var name="${key}">gender</var>
<status status="PASS" start="2024-05-12T03:15:32.367471" elapsed="0.002035"/>
</iter>
<iter>
<kw name="Dictionary Should Contain Key" owner="Collections">
<msg time="2024-05-12T03:15:32.370209" level="INFO">False</msg>
<arg>${json_data['results'][0]}</arg>
<arg>${key}</arg>
<doc>Fails if ``key`` is not found from ``dictionary``.</doc>
<status status="PASS" start="2024-05-12T03:15:32.369824" elapsed="0.000454"/>
</kw>
<kw name="Log" owner="BuiltIn">
<msg time="2024-05-12T03:15:32.370946" level="INFO">{'gender': 'male', 'name': {'title': 'Mr', 'first': 'Louis', 'last': 'Legrand'}, 'location': {'street': {'number': 529, 'name': 'Rue du Village'}, 'city': 'Aix-En-Provence', 'state': 'Pyrénées-Orientales', 'country': 'France', 'postcode': 60826, 'coordinates': {'latitude': '-14.8511', 'longitude': '-141.7207'}, 'timezone': {'offset': '+1:00', 'description': 'Brussels, Copenhagen, Madrid, Paris'}}, 'email': 'louis.legrand@example.com', 'login': {'uuid': '7870d0c9-8ee4-4dd4-99c3-5bdfc3206e13', 'username': 'smallduck404', 'password': 'mayhem', 'salt': 'G53q21r2', 'md5': '0d798015391e532ffba3ddf7c980c005', 'sha1': '2052ced67a2afa26cb5da47801ecc7bed0f43175', 'sha256': 'afdca235b9cd0136a24d6bdcaf6863a3aaa8555840c553ba9695224950b86ddd'}, 'dob': {'date': '1985-03-29T15:33:12.845Z', 'age': 39}, 'registered': {'date': '2018-08-13T21:41:32.736Z', 'age': 5}, 'phone': '04-11-03-90-24', 'cell': '06-62-39-54-70', 'id': {'name': 'INSEE', 'value': '1850224628209 79'}, 'picture': {'large': 'https://randomuser.me/api/portraits/men/99.jpg', 'medium': 'https://randomuser.me/api/portraits/med/men/99.jpg', 'thumbnail': 'https://randomuser.me/api/portraits/thumb/men/99.jpg'}, 'nat': 'FR'}</msg>
<arg>${json_data['results'][0]}</arg>
<doc>Logs the given message with the given level.</doc>
<status status="PASS" start="2024-05-12T03:15:32.370580" elapsed="0.000415"/>
</kw>
<kw name="Log" owner="BuiltIn">
<msg time="2024-05-12T03:15:32.371429" level="INFO">name</msg>
<arg>${key}</arg>
<doc>Logs the given message with the given level.</doc>
<status status="PASS" start="2024-05-12T03:15:32.371302" elapsed="0.000165"/>
</kw>
<var name="${key}">name</var>
<status status="PASS" start="2024-05-12T03:15:32.369700" elapsed="0.001982"/>
</iter>
<iter>
<kw name="Dictionary Should Contain Key" owner="Collections">
<msg time="2024-05-12T03:15:32.372359" level="INFO">False</msg>
<arg>${json_data['results'][0]}</arg>
<arg>${key}</arg>
<doc>Fails if ``key`` is not found from ``dictionary``.</doc>
<status status="PASS" start="2024-05-12T03:15:32.371974" elapsed="0.000422"/>
</kw>
<kw name="Log" owner="BuiltIn">
<msg time="2024-05-12T03:15:32.373066" level="INFO">{'gender': 'male', 'name': {'title': 'Mr', 'first': 'Louis', 'last': 'Legrand'}, 'location': {'street': {'number': 529, 'name': 'Rue du Village'}, 'city': 'Aix-En-Provence', 'state': 'Pyrénées-Orientales', 'country': 'France', 'postcode': 60826, 'coordinates': {'latitude': '-14.8511', 'longitude': '-141.7207'}, 'timezone': {'offset': '+1:00', 'description': 'Brussels, Copenhagen, Madrid, Paris'}}, 'email': 'louis.legrand@example.com', 'login': {'uuid': '7870d0c9-8ee4-4dd4-99c3-5bdfc3206e13', 'username': 'smallduck404', 'password': 'mayhem', 'salt': 'G53q21r2', 'md5': '0d798015391e532ffba3ddf7c980c005', 'sha1': '2052ced67a2afa26cb5da47801ecc7bed0f43175', 'sha256': 'afdca235b9cd0136a24d6bdcaf6863a3aaa8555840c553ba9695224950b86ddd'}, 'dob': {'date': '1985-03-29T15:33:12.845Z', 'age': 39}, 'registered': {'date': '2018-08-13T21:41:32.736Z', 'age': 5}, 'phone': '04-11-03-90-24', 'cell': '06-62-39-54-70', 'id': {'name': 'INSEE', 'value': '1850224628209 79'}, 'picture': {'large': 'https://randomuser.me/api/portraits/men/99.jpg', 'medium': 'https://randomuser.me/api/portraits/med/men/99.jpg', 'thumbnail': 'https://randomuser.me/api/portraits/thumb/men/99.jpg'}, 'nat': 'FR'}</msg>
<arg>${json_data['results'][0]}</arg>
<doc>Logs the given message with the given level.</doc>
<status status="PASS" start="2024-05-12T03:15:32.372696" elapsed="0.000418"/>
</kw>
<kw name="Log" owner="BuiltIn">
<msg time="2024-05-12T03:15:32.373573" level="INFO">location</msg>
<arg>${key}</arg>
<doc>Logs the given message with the given level.</doc>
<status status="PASS" start="2024-05-12T03:15:32.373439" elapsed="0.000173"/>
</kw>
<var name="${key}">location</var>
<status status="PASS" start="2024-05-12T03:15:32.371861" elapsed="0.001969"/>
</iter>
<iter>
<kw name="Dictionary Should Contain Key" owner="Collections">
<msg time="2024-05-12T03:15:32.374499" level="INFO">False</msg>
<arg>${json_data['results'][0]}</arg>
<arg>${key}</arg>
<doc>Fails if ``key`` is not found from ``dictionary``.</doc>
<status status="PASS" start="2024-05-12T03:15:32.374114" elapsed="0.000424"/>
</kw>
<kw name="Log" owner="BuiltIn">
<msg time="2024-05-12T03:15:32.375218" level="INFO">{'gender': 'male', 'name': {'title': 'Mr', 'first': 'Louis', 'last': 'Legrand'}, 'location': {'street': {'number': 529, 'name': 'Rue du Village'}, 'city': 'Aix-En-Provence', 'state': 'Pyrénées-Orientales', 'country': 'France', 'postcode': 60826, 'coordinates': {'latitude': '-14.8511', 'longitude': '-141.7207'}, 'timezone': {'offset': '+1:00', 'description': 'Brussels, Copenhagen, Madrid, Paris'}}, 'email': 'louis.legrand@example.com', 'login': {'uuid': '7870d0c9-8ee4-4dd4-99c3-5bdfc3206e13', 'username': 'smallduck404', 'password': 'mayhem', 'salt': 'G53q21r2', 'md5': '0d798015391e532ffba3ddf7c980c005', 'sha1': '2052ced67a2afa26cb5da47801ecc7bed0f43175', 'sha256': 'afdca235b9cd0136a24d6bdcaf6863a3aaa8555840c553ba9695224950b86ddd'}, 'dob': {'date': '1985-03-29T15:33:12.845Z', 'age': 39}, 'registered': {'date': '2018-08-13T21:41:32.736Z', 'age': 5}, 'phone': '04-11-03-90-24', 'cell': '06-62-39-54-70', 'id': {'name': 'INSEE', 'value': '1850224628209 79'}, 'picture': {'large': 'https://randomuser.me/api/portraits/men/99.jpg', 'medium': 'https://randomuser.me/api/portraits/med/men/99.jpg', 'thumbnail': 'https://randomuser.me/api/portraits/thumb/men/99.jpg'}, 'nat': 'FR'}</msg>
<arg>${json_data['results'][0]}</arg>
<doc>Logs the given message with the given level.</doc>
<status status="PASS" start="2024-05-12T03:15:32.374850" elapsed="0.000418"/>
</kw>
<kw name="Log" owner="BuiltIn">
<msg time="2024-05-12T03:15:32.375690" level="INFO">email</msg>
<arg>${key}</arg>
<doc>Logs the given message with the given level.</doc>
<status status="PASS" start="2024-05-12T03:15:32.375563" elapsed="0.000164"/>
</kw>
<var name="${key}">email</var>
<status status="PASS" start="2024-05-12T03:15:32.374002" elapsed="0.001936"/>
</iter>
<iter>
<kw name="Dictionary Should Contain Key" owner="Collections">
<msg time="2024-05-12T03:15:32.376607" level="INFO">False</msg>
<arg>${json_data['results'][0]}</arg>
<arg>${key}</arg>
<doc>Fails if ``key`` is not found from ``dictionary``.</doc>
<status status="PASS" start="2024-05-12T03:15:32.376221" elapsed="0.000423"/>
</kw>
<kw name="Log" owner="BuiltIn">
<msg time="2024-05-12T03:15:32.377302" level="INFO">{'gender': 'male', 'name': {'title': 'Mr', 'first': 'Louis', 'last': 'Legrand'}, 'location': {'street': {'number': 529, 'name': 'Rue du Village'}, 'city': 'Aix-En-Provence', 'state': 'Pyrénées-Orientales', 'country': 'France', 'postcode': 60826, 'coordinates': {'latitude': '-14.8511', 'longitude': '-141.7207'}, 'timezone': {'offset': '+1:00', 'description': 'Brussels, Copenhagen, Madrid, Paris'}}, 'email': 'louis.legrand@example.com', 'login': {'uuid': '7870d0c9-8ee4-4dd4-99c3-5bdfc3206e13', 'username': 'smallduck404', 'password': 'mayhem', 'salt': 'G53q21r2', 'md5': '0d798015391e532ffba3ddf7c980c005', 'sha1': '2052ced67a2afa26cb5da47801ecc7bed0f43175', 'sha256': 'afdca235b9cd0136a24d6bdcaf6863a3aaa8555840c553ba9695224950b86ddd'}, 'dob': {'date': '1985-03-29T15:33:12.845Z', 'age': 39}, 'registered': {'date': '2018-08-13T21:41:32.736Z', 'age': 5}, 'phone': '04-11-03-90-24', 'cell': '06-62-39-54-70', 'id': {'name': 'INSEE', 'value': '1850224628209 79'}, 'picture': {'large': 'https://randomuser.me/api/portraits/men/99.jpg', 'medium': 'https://randomuser.me/api/portraits/med/men/99.jpg', 'thumbnail': 'https://randomuser.me/api/portraits/thumb/men/99.jpg'}, 'nat': 'FR'}</msg>
<arg>${json_data['results'][0]}</arg>
<doc>Logs the given message with the given level.</doc>
<status status="PASS" start="2024-05-12T03:15:32.376938" elapsed="0.000413"/>
</kw>
<kw name="Log" owner="BuiltIn">
<msg time="2024-05-12T03:15:32.377812" level="INFO">login</msg>
<arg>${key}</arg>
<doc>Logs the given message with the given level.</doc>
<status status="PASS" start="2024-05-12T03:15:32.377684" elapsed="0.000199"/>
</kw>
<var name="${key}">login</var>
<status status="PASS" start="2024-05-12T03:15:32.376111" elapsed="0.001993"/>
</iter>
<var>${key}</var>
<value>@{expected_keys}</value>
<status status="PASS" start="2024-05-12T03:15:32.367278" elapsed="0.010945"/>
</for>
<kw name="Create List" owner="BuiltIn">
<msg time="2024-05-12T03:15:32.378560" level="INFO">${expected_keysTwo} = ['username', 'password']</msg>
<var>${expected_keysTwo}</var>
<arg>username</arg>
<arg>password</arg>
<doc>Returns a list containing given items.</doc>
<status status="PASS" start="2024-05-12T03:15:32.378422" elapsed="0.000161"/>
</kw>
<for flavor="IN">
<iter>
<kw name="Dictionary Should Contain Key" owner="Collections">
<msg time="2024-05-12T03:15:32.379471" level="INFO">False</msg>
<arg>${json_data['results'][0]['login']}</arg>
<arg>${keyTwo}</arg>
<doc>Fails if ``key`` is not found from ``dictionary``.</doc>
<status status="PASS" start="2024-05-12T03:15:32.379081" elapsed="0.000428"/>
</kw>
<kw name="Dictionary Should Contain Key" owner="Collections">
<msg time="2024-05-12T03:15:32.380195" level="INFO">False</msg>
<arg>${json_data['results'][0]['login']}</arg>
<arg>${keyTwo}</arg>
<doc>Fails if ``key`` is not found from ``dictionary``.</doc>
<status status="PASS" start="2024-05-12T03:15:32.379809" elapsed="0.000424"/>
</kw>
<kw name="Log" owner="BuiltIn">
<msg time="2024-05-12T03:15:32.380652" level="INFO">username</msg>
<arg>${keyTwo}</arg>
<doc>Logs the given message with the given level.</doc>
<status status="PASS" start="2024-05-12T03:15:32.380524" elapsed="0.000170"/>
</kw>
<var name="${keyTwo}">username</var>
<status status="PASS" start="2024-05-12T03:15:32.378971" elapsed="0.001937"/>
</iter>
<iter>
<kw name="Dictionary Should Contain Key" owner="Collections">
<msg time="2024-05-12T03:15:32.381699" level="INFO">False</msg>
<arg>${json_data['results'][0]['login']}</arg>
<arg>${keyTwo}</arg>
<doc>Fails if ``key`` is not found from ``dictionary``.</doc>
<status status="PASS" start="2024-05-12T03:15:32.381200" elapsed="0.000539"/>
</kw>
<kw name="Dictionary Should Contain Key" owner="Collections">
<msg time="2024-05-12T03:15:32.382428" level="INFO">False</msg>
<arg>${json_data['results'][0]['login']}</arg>
<arg>${keyTwo}</arg>
<doc>Fails if ``key`` is not found from ``dictionary``.</doc>
<status status="PASS" start="2024-05-12T03:15:32.382041" elapsed="0.000424"/>
</kw>
<kw name="Log" owner="BuiltIn">
<msg time="2024-05-12T03:15:32.382889" level="INFO">password</msg>
<arg>${keyTwo}</arg>
<doc>Logs the given message with the given level.</doc>
<status status="PASS" start="2024-05-12T03:15:32.382760" elapsed="0.000167"/>
</kw>
<var name="${keyTwo}">password</var>
<status status="PASS" start="2024-05-12T03:15:32.381089" elapsed="0.002054"/>
</iter>
<var>${keyTwo}</var>
<value>@{expected_keysTwo}</value>
<status status="PASS" start="2024-05-12T03:15:32.378819" elapsed="0.004445"/>
</for>
<status status="PASS" start="2024-05-12T03:15:32.268570" elapsed="0.114835"/>
</kw>
<doc>Testa a estrutura da resposta da API.</doc>
<tag>testeEstruturaResposta</tag>
<status status="PASS" start="2024-05-12T03:15:32.267970" elapsed="0.115593"/>
</test>
<test id="s1-s1-t4" name="Validar tipos de dados" line="28">
<kw name="Teste de Tipos de Dados" owner="random-user-service">
<kw name="GET On Session" owner="RequestsLibrary">
<msg time="2024-05-12T03:15:32.462314" level="INFO">GET Request : url=https://randomuser.me/api 
 path_url=/api 
 headers={'User-Agent': 'python-requests/2.31.0', 'Accept-Encoding': 'gzip, deflate', 'Accept': '*/*', 'Connection': 'keep-alive'} 
 body=None 
 </msg>
<msg time="2024-05-12T03:15:32.462422" level="INFO">GET Response : url=https://randomuser.me/api 
 status=200, reason=OK 
 headers={'Date': 'Sun, 12 May 2024 03:15:32 GMT', 'Content-Type': 'application/json; charset=utf-8', 'Transfer-Encoding': 'chunked', 'Connection': 'keep-alive', 'X-Powered-By': 'Express', 'Access-Control-Allow-Origin': '*', 'Cache-Control': 'no-cache', 'ETag': 'W/"487-3FTb3BUwD72WrCav39p34xbfMF0"', 'Vary': 'Accept-Encoding', 'Content-Encoding': 'gzip', 'CF-Cache-Status': 'DYNAMIC', 'Report-To': '{"endpoints":[{"url":"https:\\/\\/a.nel.cloudflare.com\\/report\\/v4?s=u7J5Zs2Cio2Bs9Z6a7QW1K1TmxEahyLck0gQtUtHpulw4eCQSIrBLYiLslDtP0YbzRh1gmTub9Pa8n1Vr0dedDHrzEbKf6hBFT3faanTGHobeIb32v0Yvdsrs3k9Bw%2Bf"}],"group":"cf-nel","max_age":604800}', 'NEL': '{"success_fraction":0,"report_to":"cf-nel","max_age":604800}', 'Server': 'cloudflare', 'CF-RAY': '88273eaf6d46a243-ORD', 'alt-svc': 'h3=":443"; ma=86400'} 
 body={"results":[{"gender":"male","name":{"title":"Mr","first":"Caleb","last":"Walker"},"location":{"street":{"number":6207,"name":"Symonds Street"},"city":"Masterton","state":"Gisborne","country":"New Zealand","postcode":91289,"coordinates":{"latitude":"50.8094","longitude":"-94.0264"},"timezone":{"offset":"+8:00","description":"Beijing, Perth, Singapore, Hong Kong"}},"email":"caleb.walker@example.com","login":{"uuid":"3dd9d63e-18ef-42b6-a58a-e3e59ce92800","username":"orangemouse942","password":"foxy","salt":"gG68jSAy","md5":"0c66f7c445a6fdedd5f624f41ca8abc2","sha1":"69e18d96be544a96c7ca0770e26871ac941a5944","sha256":"864a0f09e16f89f0a631d415cec0245634665b8f539d5f195fcf95229e0bbb22"},"dob":{"date":"1955-12-05T22:43:20.651Z","age":68},"registered":{"date":"2020-01-25T22:22:25.125Z","age":4},"phone":"(578)-515-0035","cell":"(538)-913-5610","id":{"name":"","value":null},"picture":{"large":"https://randomuser.me/api/portraits/men/36.jpg","medium":"https://randomuser.me/api/portraits/med/men/36.jpg","thumbnail":"https://randomuser.me/api/portraits/thumb/men/36.jpg"},"nat":"NZ"}],"info":{"seed":"bf850699b9b9ac50","results":1,"page":1,"version":"1.4"}} 
 </msg>
<msg time="2024-05-12T03:15:32.462502" level="INFO">/opt/hostedtoolcache/Python/3.12.3/x64/lib/python3.12/site-packages/urllib3/connectionpool.py:1103: InsecureRequestWarning: Unverified HTTPS request is being made to host 'randomuser.me'. Adding certificate verification is strongly advised. See: https://urllib3.readthedocs.io/en/latest/advanced-usage.html#tls-warnings
  warnings.warn(</msg>
<msg time="2024-05-12T03:15:32.462635" level="INFO">${response} = &lt;Response [200]&gt;</msg>
<var>${response}</var>
<arg>consultarAPI</arg>
<arg>/api</arg>
<doc>Sends a GET request on a previously created HTTP Session.</doc>
<status status="PASS" start="2024-05-12T03:15:32.386181" elapsed="0.076503"/>
</kw>
<kw name="Set Variable" owner="BuiltIn">
<msg time="2024-05-12T03:15:32.463912" level="INFO">${json_data} = {'results': [{'gender': 'male', 'name': {'title': 'Mr', 'first': 'Caleb', 'last': 'Walker'}, 'location': {'street': {'number': 6207, 'name': 'Symonds Street'}, 'city': 'Masterton', 'state': 'Gisborne'...</msg>
<var>${json_data}</var>
<arg>${response.json()}</arg>
<doc>Returns the given values which can then be assigned to a variables.</doc>
<status status="PASS" start="2024-05-12T03:15:32.463321" elapsed="0.000620"/>
</kw>
<kw name="Log" owner="BuiltIn">
<msg time="2024-05-12T03:15:32.464412" level="INFO">{'results': [{'gender': 'male', 'name': {'title': 'Mr', 'first': 'Caleb', 'last': 'Walker'}, 'location': {'street': {'number': 6207, 'name': 'Symonds Street'}, 'city': 'Masterton', 'state': 'Gisborne', 'country': 'New Zealand', 'postcode': 91289, 'coordinates': {'latitude': '50.8094', 'longitude': '-94.0264'}, 'timezone': {'offset': '+8:00', 'description': 'Beijing, Perth, Singapore, Hong Kong'}}, 'email': 'caleb.walker@example.com', 'login': {'uuid': '3dd9d63e-18ef-42b6-a58a-e3e59ce92800', 'username': 'orangemouse942', 'password': 'foxy', 'salt': 'gG68jSAy', 'md5': '0c66f7c445a6fdedd5f624f41ca8abc2', 'sha1': '69e18d96be544a96c7ca0770e26871ac941a5944', 'sha256': '864a0f09e16f89f0a631d415cec0245634665b8f539d5f195fcf95229e0bbb22'}, 'dob': {'date': '1955-12-05T22:43:20.651Z', 'age': 68}, 'registered': {'date': '2020-01-25T22:22:25.125Z', 'age': 4}, 'phone': '(578)-515-0035', 'cell': '(538)-913-5610', 'id': {'name': '', 'value': None}, 'picture': {'large': 'https://randomuser.me/api/portraits/men/36.jpg', 'medium': 'https://randomuser.me/api/portraits/med/men/36.jpg', 'thumbnail': 'https://randomuser.me/api/portraits/thumb/men/36.jpg'}, 'nat': 'NZ'}], 'info': {'seed': 'bf850699b9b9ac50', 'results': 1, 'page': 1, 'version': '1.4'}}</msg>
<arg>${json_data}</arg>
<doc>Logs the given message with the given level.</doc>
<status status="PASS" start="2024-05-12T03:15:32.464254" elapsed="0.000242"/>
</kw>
<kw name="Should Be String" owner="String">
<arg>${json_data['results'][0]['gender']}</arg>
<doc>Fails if the given ``item`` is not a string.</doc>
<status status="PASS" start="2024-05-12T03:15:32.464794" elapsed="0.000371"/>
</kw>
<kw name="Should Match Regexp" owner="BuiltIn">
<arg>${json_data['results'][0]['email']}</arg>
<arg>^[a-zA-Z0-9._%+-]+@[a-zA-Z0-9.-]+\.[a-zA-Z]{2,}$</arg>
<doc>Fails if ``string`` does not match ``pattern`` as a regular expression.</doc>
<status status="PASS" start="2024-05-12T03:15:32.465357" elapsed="0.000588"/>
</kw>
<kw name="Should Match Regexp" owner="BuiltIn">
<arg>${json_data['results'][0]['dob']['date']}</arg>
<arg>\\d{4}-\\d{2}-\\d{2}T\\d{2}:\\d{2}:\\d{2}\\.\\d{3}Z</arg>
<doc>Fails if ``string`` does not match ``pattern`` as a regular expression.</doc>
<status status="PASS" start="2024-05-12T03:15:32.466136" elapsed="0.000492"/>
</kw>
<kw name="Should Match Regexp" owner="BuiltIn">
<arg>${json_data['results'][0]['registered']['date']}</arg>
<arg>\\d{4}-\\d{2}-\\d{2}T\\d{2}:\\d{2}:\\d{2}\\.\\d{3}Z</arg>
<doc>Fails if ``string`` does not match ``pattern`` as a regular expression.</doc>
<status status="PASS" start="2024-05-12T03:15:32.466817" elapsed="0.000373"/>
</kw>
<kw name="Should Match Regexp" owner="BuiltIn">
<arg>${json_data['results'][0]['picture']['large']}</arg>
<arg>^https?://.*\.(?:png|jpe?g|gif|bmp)$</arg>
<doc>Fails if ``string`` does not match ``pattern`` as a regular expression.</doc>
<status status="PASS" start="2024-05-12T03:15:32.467379" elapsed="0.000460"/>
</kw>
<kw name="Should Match Regexp" owner="BuiltIn">
<arg>${json_data['results'][0]['picture']['medium']}</arg>
<arg>^https?://.*\.(?:png|jpe?g|gif|bmp)$</arg>
<doc>Fails if ``string`` does not match ``pattern`` as a regular expression.</doc>
<status status="PASS" start="2024-05-12T03:15:32.468025" elapsed="0.000361"/>
</kw>
<kw name="Should Match Regexp" owner="BuiltIn">
<arg>${json_data['results'][0]['picture']['thumbnail']}</arg>
<arg>^https?://.*\.(?:png|jpe?g|gif|bmp)$</arg>
<doc>Fails if ``string`` does not match ``pattern`` as a regular expression.</doc>
<status status="PASS" start="2024-05-12T03:15:32.468575" elapsed="0.000349"/>
</kw>
<kw name="Log" owner="BuiltIn">
<msg time="2024-05-12T03:15:32.469449" level="INFO">{'large': 'https://randomuser.me/api/portraits/men/36.jpg', 'medium': 'https://randomuser.me/api/portraits/med/men/36.jpg', 'thumbnail': 'https://randomuser.me/api/portraits/thumb/men/36.jpg'}</msg>
<arg>${json_data['results'][0]['picture']}</arg>
<doc>Logs the given message with the given level.</doc>
<status status="PASS" start="2024-05-12T03:15:32.469101" elapsed="0.000391"/>
</kw>
<status status="PASS" start="2024-05-12T03:15:32.385951" elapsed="0.083803"/>
</kw>
<kw name="Teste de Tipos de Dados - Postcode" owner="random-user-service">
<kw name="GET On Session" owner="RequestsLibrary">
<msg time="2024-05-12T03:15:32.562365" level="INFO">GET Request : url=https://randomuser.me/api 
 path_url=/api 
 headers={'User-Agent': 'python-requests/2.31.0', 'Accept-Encoding': 'gzip, deflate', 'Accept': '*/*', 'Connection': 'keep-alive'} 
 body=None 
 </msg>
<msg time="2024-05-12T03:15:32.562476" level="INFO">GET Response : url=https://randomuser.me/api 
 status=200, reason=OK 
 headers={'Date': 'Sun, 12 May 2024 03:15:32 GMT', 'Content-Type': 'application/json; charset=utf-8', 'Transfer-Encoding': 'chunked', 'Connection': 'keep-alive', 'X-Powered-By': 'Express', 'Access-Control-Allow-Origin': '*', 'Cache-Control': 'no-cache', 'ETag': 'W/"490-yjGG8RAXWb6sCLcxtZpYUYIOMiA"', 'Vary': 'Accept-Encoding', 'Content-Encoding': 'gzip', 'CF-Cache-Status': 'DYNAMIC', 'Report-To': '{"endpoints":[{"url":"https:\\/\\/a.nel.cloudflare.com\\/report\\/v4?s=Ue7upNP47HButd%2Fv8I4kOACmjT6O2zh7iYkABYZFKZFUNkkL%2BJSYbBNwHwUExFNhezinGVO2Elht1G%2BckiztgfVtY8886%2FdrLvj9vzFMeF6Fk0KD1iT63DrFepsyKddG"}],"group":"cf-nel","max_age":604800}', 'NEL': '{"success_fraction":0,"report_to":"cf-nel","max_age":604800}', 'Server': 'cloudflare', 'CF-RAY': '88273eaffde5a243-ORD', 'alt-svc': 'h3=":443"; ma=86400'} 
 body={"results":[{"gender":"female","name":{"title":"Mrs","first":"Kayla","last":"Zhang"},"location":{"street":{"number":9281,"name":"Princess Street"},"city":"Napier","state":"Waikato","country":"New Zealand","postcode":30591,"coordinates":{"latitude":"48.6540","longitude":"107.4970"},"timezone":{"offset":"+11:00","description":"Magadan, Solomon Islands, New Caledonia"}},"email":"kayla.zhang@example.com","login":{"uuid":"8f8feb7d-346c-4f36-a4bf-765fbd0dbda0","username":"yellowkoala472","password":"razor","salt":"tzX7nA5s","md5":"cae54ccad060487891354af157abf419","sha1":"288b777106a3dc7466ec73a0c922106943924e52","sha256":"ca79a65e76157ed202f6cedbbc63cef998e595c2f68a3bf243efa08eadb283dd"},"dob":{"date":"1964-03-24T21:03:56.943Z","age":60},"registered":{"date":"2022-04-16T22:02:48.448Z","age":2},"phone":"(808)-786-0580","cell":"(172)-910-9127","id":{"name":"","value":null},"picture":{"large":"https://randomuser.me/api/portraits/women/69.jpg","medium":"https://randomuser.me/api/portraits/med/women/69.jpg","thumbnail":"https://randomuser.me/api/portraits/thumb/women/69.jpg"},"nat":"NZ"}],"info":{"seed":"98c233ea351510ad","results":1,"page":1,"version":"1.4"}} 
 </msg>
<msg time="2024-05-12T03:15:32.562560" level="INFO">/opt/hostedtoolcache/Python/3.12.3/x64/lib/python3.12/site-packages/urllib3/connectionpool.py:1103: InsecureRequestWarning: Unverified HTTPS request is being made to host 'randomuser.me'. Adding certificate verification is strongly advised. See: https://urllib3.readthedocs.io/en/latest/advanced-usage.html#tls-warnings
  warnings.warn(</msg>
<msg time="2024-05-12T03:15:32.562713" level="INFO">${response} = &lt;Response [200]&gt;</msg>
<var>${response}</var>
<arg>consultarAPI</arg>
<arg>/api</arg>
<doc>Sends a GET request on a previously created HTTP Session.</doc>
<status status="PASS" start="2024-05-12T03:15:32.470296" elapsed="0.092465"/>
</kw>
<kw name="Set Variable" owner="BuiltIn">
<msg time="2024-05-12T03:15:32.564007" level="INFO">${json_data} = {'results': [{'gender': 'female', 'name': {'title': 'Mrs', 'first': 'Kayla', 'last': 'Zhang'}, 'location': {'street': {'number': 9281, 'name': 'Princess Street'}, 'city': 'Napier', 'state': 'Waikato',...</msg>
<var>${json_data}</var>
<arg>${response.json()}</arg>
<doc>Returns the given values which can then be assigned to a variables.</doc>
<status status="PASS" start="2024-05-12T03:15:32.563420" elapsed="0.000616"/>
</kw>
<kw name="Log" owner="BuiltIn">
<msg time="2024-05-12T03:15:32.564513" level="INFO">{'results': [{'gender': 'female', 'name': {'title': 'Mrs', 'first': 'Kayla', 'last': 'Zhang'}, 'location': {'street': {'number': 9281, 'name': 'Princess Street'}, 'city': 'Napier', 'state': 'Waikato', 'country': 'New Zealand', 'postcode': 30591, 'coordinates': {'latitude': '48.6540', 'longitude': '107.4970'}, 'timezone': {'offset': '+11:00', 'description': 'Magadan, Solomon Islands, New Caledonia'}}, 'email': 'kayla.zhang@example.com', 'login': {'uuid': '8f8feb7d-346c-4f36-a4bf-765fbd0dbda0', 'username': 'yellowkoala472', 'password': 'razor', 'salt': 'tzX7nA5s', 'md5': 'cae54ccad060487891354af157abf419', 'sha1': '288b777106a3dc7466ec73a0c922106943924e52', 'sha256': 'ca79a65e76157ed202f6cedbbc63cef998e595c2f68a3bf243efa08eadb283dd'}, 'dob': {'date': '1964-03-24T21:03:56.943Z', 'age': 60}, 'registered': {'date': '2022-04-16T22:02:48.448Z', 'age': 2}, 'phone': '(808)-786-0580', 'cell': '(172)-910-9127', 'id': {'name': '', 'value': None}, 'picture': {'large': 'https://randomuser.me/api/portraits/women/69.jpg', 'medium': 'https://randomuser.me/api/portraits/med/women/69.jpg', 'thumbnail': 'https://randomuser.me/api/portraits/thumb/women/69.jpg'}, 'nat': 'NZ'}], 'info': {'seed': '98c233ea351510ad', 'results': 1, 'page': 1, 'version': '1.4'}}</msg>
<arg>${json_data}</arg>
<doc>Logs the given message with the given level.</doc>
<status status="PASS" start="2024-05-12T03:15:32.564355" elapsed="0.000241"/>
</kw>
<kw name="Should Be Equal As Numbers" owner="BuiltIn">
<arg>${json_data['results'][0]['location']['postcode']}</arg>
<arg>${json_data['results'][0]['location']['postcode']}</arg>
<doc>Fails if objects are unequal after converting them to real numbers.</doc>
<status status="PASS" start="2024-05-12T03:15:32.565102" elapsed="0.000694"/>
</kw>
<kw name="Log" owner="BuiltIn">
<msg time="2024-05-12T03:15:32.566336" level="INFO">30591</msg>
<arg>${json_data['results'][0]['location']['postcode']}</arg>
<doc>Logs the given message with the given level.</doc>
<status status="PASS" start="2024-05-12T03:15:32.565991" elapsed="0.000386"/>
</kw>
<status status="PASS" start="2024-05-12T03:15:32.469981" elapsed="0.096654"/>
</kw>
<doc>Testa se os tipos de dados na resposta da API estão corretos.</doc>
<tag>testeTiposDados</tag>
<status status="PASS" start="2024-05-12T03:15:32.385361" elapsed="0.181443"/>
</test>
<test id="s1-s1-t5" name="Validar conteudo" line="35">
<kw name="Teste de Tipos de Conteudo" owner="random-user-service">
<kw name="GET On Session" owner="RequestsLibrary">
<msg time="2024-05-12T03:15:32.663038" level="INFO">GET Request : url=https://randomuser.me/api 
 path_url=/api 
 headers={'User-Agent': 'python-requests/2.31.0', 'Accept-Encoding': 'gzip, deflate', 'Accept': '*/*', 'Connection': 'keep-alive'} 
 body=None 
 </msg>
<msg time="2024-05-12T03:15:32.663148" level="INFO">GET Response : url=https://randomuser.me/api 
 status=200, reason=OK 
 headers={'Date': 'Sun, 12 May 2024 03:15:32 GMT', 'Content-Type': 'application/json; charset=utf-8', 'Transfer-Encoding': 'chunked', 'Connection': 'keep-alive', 'X-Powered-By': 'Express', 'Access-Control-Allow-Origin': '*', 'Cache-Control': 'no-cache', 'ETag': 'W/"493-31B6GYfqbrOJmpT5TN7elT0mVw8"', 'Vary': 'Accept-Encoding', 'Content-Encoding': 'gzip', 'CF-Cache-Status': 'DYNAMIC', 'Report-To': '{"endpoints":[{"url":"https:\\/\\/a.nel.cloudflare.com\\/report\\/v4?s=%2BUaSsJK69dQHRMgADm3jWbrX6ksagVHRpQtCZMX5xA7aM7a5FZ85eEd48jh3rNW3BuYFpoR58cTpQXHUZ06bR%2Fqxe8L%2Fgeqh0VciV4Da1mMxdoe1IjKGbyf71Q8hLpNk"}],"group":"cf-nel","max_age":604800}', 'NEL': '{"success_fraction":0,"report_to":"cf-nel","max_age":604800}', 'Server': 'cloudflare', 'CF-RAY': '88273eb09e84a243-ORD', 'alt-svc': 'h3=":443"; ma=86400'} 
 body={"results":[{"gender":"male","name":{"title":"Mr","first":"Omkaar","last":"Shukla"},"location":{"street":{"number":5221,"name":"S.A Rd"},"city":"Rajpur Sonarpur","state":"Maharashtra","country":"India","postcode":58127,"coordinates":{"latitude":"7.9290","longitude":"-99.8110"},"timezone":{"offset":"+11:00","description":"Magadan, Solomon Islands, New Caledonia"}},"email":"omkaar.shukla@example.com","login":{"uuid":"aef8cc98-231d-41ac-87f9-4da25c01ef3a","username":"yellowmeercat353","password":"indiana","salt":"jogZeNYH","md5":"c70d05588e039bae7ee4c854b3f9c0ef","sha1":"986dc5bf4d1e42502f285db66572b409f0d8a410","sha256":"7e89b97f0b887c2dbdadad98b7c619ee7f39afcf64b3175cd38e7b97aac14f3f"},"dob":{"date":"1993-07-10T12:17:18.979Z","age":30},"registered":{"date":"2015-11-24T22:13:23.159Z","age":8},"phone":"8701992695","cell":"9327422879","id":{"name":"UIDAI","value":"777850865272"},"picture":{"large":"https://randomuser.me/api/portraits/men/17.jpg","medium":"https://randomuser.me/api/portraits/med/men/17.jpg","thumbnail":"https://randomuser.me/api/portraits/thumb/men/17.jpg"},"nat":"IN"}],"info":{"seed":"03e08a114ada873e","results":1,"page":1,"version":"1.4"}} 
 </msg>
<msg time="2024-05-12T03:15:32.663230" level="INFO">/opt/hostedtoolcache/Python/3.12.3/x64/lib/python3.12/site-packages/urllib3/connectionpool.py:1103: InsecureRequestWarning: Unverified HTTPS request is being made to host 'randomuser.me'. Adding certificate verification is strongly advised. See: https://urllib3.readthedocs.io/en/latest/advanced-usage.html#tls-warnings
  warnings.warn(</msg>
<msg time="2024-05-12T03:15:32.663353" level="INFO">${response} = &lt;Response [200]&gt;</msg>
<var>${response}</var>
<arg>consultarAPI</arg>
<arg>/api</arg>
<doc>Sends a GET request on a previously created HTTP Session.</doc>
<status status="PASS" start="2024-05-12T03:15:32.569420" elapsed="0.093974"/>
</kw>
<kw name="Set Variable" owner="BuiltIn">
<msg time="2024-05-12T03:15:32.664631" level="INFO">${json_data} = {'results': [{'gender': 'male', 'name': {'title': 'Mr', 'first': 'Omkaar', 'last': 'Shukla'}, 'location': {'street': {'number': 5221, 'name': 'S.A Rd'}, 'city': 'Rajpur Sonarpur', 'state': 'Maharashtr...</msg>
<var>${json_data}</var>
<arg>${response.json()}</arg>
<doc>Returns the given values which can then be assigned to a variables.</doc>
<status status="PASS" start="2024-05-12T03:15:32.664053" elapsed="0.000608"/>
</kw>
<kw name="Set Variable" owner="BuiltIn">
<msg time="2024-05-12T03:15:32.665432" level="INFO">${name_title} = Mr</msg>
<var>${name_title}</var>
<arg>${json_data["results"][0]["name"]["title"]}</arg>
<doc>Returns the given values which can then be assigned to a variables.</doc>
<status status="PASS" start="2024-05-12T03:15:32.664975" elapsed="0.000488"/>
</kw>
<kw name="Create List" owner="BuiltIn">
<msg time="2024-05-12T03:15:32.665947" level="INFO">${allowed_titles} = ['Mr', 'Ms', 'Miss', 'Mrs', 'Madame', 'Monsieur']</msg>
<var>${allowed_titles}</var>
<arg>Mr</arg>
<arg>Ms</arg>
<arg>Miss</arg>
<arg>Mrs</arg>
<arg>Madame</arg>
<arg>Monsieur</arg>
<doc>Returns a list containing given items.</doc>
<status status="PASS" start="2024-05-12T03:15:32.665793" elapsed="0.000179"/>
</kw>
<kw name="List Should Contain Value" owner="Collections">
<msg time="2024-05-12T03:15:32.666458" level="INFO">False</msg>
<arg>${allowed_titles}</arg>
<arg>${name_title}</arg>
<doc>Fails if the ``value`` is not found from ``list``.</doc>
<status status="PASS" start="2024-05-12T03:15:32.666278" elapsed="0.000217"/>
</kw>
<kw name="Set Variable" owner="BuiltIn">
<msg time="2024-05-12T03:15:32.667174" level="INFO">${name_country} = IN</msg>
<var>${name_country}</var>
<arg>${json_data["results"][0]["nat"]}</arg>
<doc>Returns the given values which can then be assigned to a variables.</doc>
<status status="PASS" start="2024-05-12T03:15:32.666788" elapsed="0.000411"/>
</kw>
<kw name="Create List" owner="BuiltIn">
<msg time="2024-05-12T03:15:32.668093" level="INFO">${list_country} = ['AD', 'AE', 'AF', 'AG', 'AI', 'AL', 'AM', 'AO', 'AQ', 'AR', 'AS', 'AT', 'AU', 'AW', 'AX', 'AZ', 'BA', 'BB', 'BD', 'BE', 'BF', 'BG', 'BH', 'BI', 'BJ', 'BL', 'BM', 'BN', 'BO', 'BQ', 'BR', 'BS', 'BT', '...</msg>
<var>${list_country}</var>
<arg>AD</arg>
<arg>AE</arg>
<arg>AF</arg>
<arg>AG</arg>
<arg>AI</arg>
<arg>AL</arg>
<arg>AM</arg>
<arg>AO</arg>
<arg>AQ</arg>
<arg>AR</arg>
<arg>AS</arg>
<arg>AT</arg>
<arg>AU</arg>
<arg>AW</arg>
<arg>AX</arg>
<arg>AZ</arg>
<arg>BA</arg>
<arg>BB</arg>
<arg>BD</arg>
<arg>BE</arg>
<arg>BF</arg>
<arg>BG</arg>
<arg>BH</arg>
<arg>BI</arg>
<arg>BJ</arg>
<arg>BL</arg>
<arg>BM</arg>
<arg>BN</arg>
<arg>BO</arg>
<arg>BQ</arg>
<arg>BR</arg>
<arg>BS</arg>
<arg>BT</arg>
<arg>BV</arg>
<arg>BW</arg>
<arg>BY</arg>
<arg>BZ</arg>
<arg>CA</arg>
<arg>CC</arg>
<arg>CD</arg>
<arg>CF</arg>
<arg>CG</arg>
<arg>CH</arg>
<arg>CI</arg>
<arg>CK</arg>
<arg>CL</arg>
<arg>CM</arg>
<arg>CN</arg>
<arg>CO</arg>
<arg>CR</arg>
<arg>CU</arg>
<arg>CV</arg>
<arg>CW</arg>
<arg>CX</arg>
<arg>CY</arg>
<arg>CZ</arg>
<arg>DE</arg>
<arg>DJ</arg>
<arg>DK</arg>
<arg>DM</arg>
<arg>DO</arg>
<arg>DZ</arg>
<arg>EC</arg>
<arg>EE</arg>
<arg>EG</arg>
<arg>EH</arg>
<arg>ER</arg>
<arg>ES</arg>
<arg>ET</arg>
<arg>FI</arg>
<arg>FJ</arg>
<arg>FK</arg>
<arg>FM</arg>
<arg>FO</arg>
<arg>FR</arg>
<arg>GA</arg>
<arg>GB</arg>
<arg>GD</arg>
<arg>GE</arg>
<arg>GF</arg>
<arg>GG</arg>
<arg>GH</arg>
<arg>GI</arg>
<arg>GL</arg>
<arg>GM</arg>
<arg>GN</arg>
<arg>GP</arg>
<arg>GQ</arg>
<arg>GR</arg>
<arg>GS</arg>
<arg>GT</arg>
<arg>GU</arg>
<arg>GW</arg>
<arg>GY</arg>
<arg>HK</arg>
<arg>HM</arg>
<arg>HN</arg>
<arg>HR</arg>
<arg>HT</arg>
<arg>HU</arg>
<arg>ID</arg>
<arg>IE</arg>
<arg>IL</arg>
<arg>IM</arg>
<arg>IN</arg>
<arg>IO</arg>
<arg>IQ</arg>
<arg>IR</arg>
<arg>IS</arg>
<arg>IT</arg>
<arg>JE</arg>
<arg>JM</arg>
<arg>JO</arg>
<arg>JP</arg>
<arg>KE</arg>
<arg>KG</arg>
<arg>KH</arg>
<arg>KI</arg>
<arg>KM</arg>
<arg>KN</arg>
<arg>KP</arg>
<arg>KR</arg>
<arg>KW</arg>
<arg>KY</arg>
<arg>KZ</arg>
<arg>LA</arg>
<arg>LB</arg>
<arg>LC</arg>
<arg>LI</arg>
<arg>LK</arg>
<arg>LR</arg>
<arg>LS</arg>
<arg>LT</arg>
<arg>LU</arg>
<arg>LV</arg>
<arg>LY</arg>
<arg>MA</arg>
<arg>MC</arg>
<arg>MD</arg>
<arg>ME</arg>
<arg>MF</arg>
<arg>MG</arg>
<arg>MH</arg>
<arg>MK</arg>
<arg>ML</arg>
<arg>MM</arg>
<arg>MN</arg>
<arg>MO</arg>
<arg>MP</arg>
<arg>MQ</arg>
<arg>MR</arg>
<arg>MS</arg>
<arg>MT</arg>
<arg>MU</arg>
<arg>MV</arg>
<arg>MW</arg>
<arg>MX</arg>
<arg>MY</arg>
<arg>MZ</arg>
<arg>NA</arg>
<arg>NC</arg>
<arg>NE</arg>
<arg>NF</arg>
<arg>NG</arg>
<arg>NI</arg>
<arg>NL</arg>
<arg>NO</arg>
<arg>NP</arg>
<arg>NR</arg>
<arg>NU</arg>
<arg>NZ</arg>
<arg>OM</arg>
<arg>PA</arg>
<arg>PE</arg>
<arg>PF</arg>
<arg>PG</arg>
<arg>PH</arg>
<arg>PK</arg>
<arg>PL</arg>
<arg>PM</arg>
<arg>PN</arg>
<arg>PR</arg>
<arg>PS</arg>
<arg>PT</arg>
<arg>PW</arg>
<arg>PY</arg>
<arg>QA</arg>
<arg>RE</arg>
<arg>RO</arg>
<arg>RS</arg>
<arg>RU</arg>
<arg>RW</arg>
<arg>SA</arg>
<arg>SB</arg>
<arg>SC</arg>
<arg>SD</arg>
<arg>SE</arg>
<arg>SG</arg>
<arg>SH</arg>
<arg>SI</arg>
<arg>SJ</arg>
<arg>SK</arg>
<arg>SL</arg>
<arg>SM</arg>
<arg>SN</arg>
<arg>SO</arg>
<arg>SR</arg>
<arg>SS</arg>
<arg>ST</arg>
<arg>SV</arg>
<arg>SX</arg>
<arg>SY</arg>
<arg>SZ</arg>
<arg>TC</arg>
<arg>TD</arg>
<arg>TF</arg>
<arg>TG</arg>
<arg>TH</arg>
<arg>TJ</arg>
<arg>TK</arg>
<arg>TL</arg>
<arg>TM</arg>
<arg>TN</arg>
<arg>TO</arg>
<arg>TR</arg>
<arg>TT</arg>
<arg>TV</arg>
<arg>TW</arg>
<arg>TZ</arg>
<arg>UA</arg>
<arg>UG</arg>
<arg>UM</arg>
<arg>US</arg>
<arg>UY</arg>
<arg>UZ</arg>
<arg>VA</arg>
<arg>VC</arg>
<arg>VE</arg>
<arg>VG</arg>
<arg>VI</arg>
<arg>VN</arg>
<arg>VU</arg>
<arg>WF</arg>
<arg>WS</arg>
<arg>XK</arg>
<arg>YE</arg>
<arg>YT</arg>
<arg>ZA</arg>
<arg>ZM</arg>
<arg>ZW</arg>
<doc>Returns a list containing given items.</doc>
<status status="PASS" start="2024-05-12T03:15:32.667502" elapsed="0.000616"/>
</kw>
<kw name="List Should Contain Value" owner="Collections">
<msg time="2024-05-12T03:15:32.669112" level="INFO">False</msg>
<arg>${list_country}</arg>
<arg>${name_country}</arg>
<doc>Fails if the ``value`` is not found from ``list``.</doc>
<status status="PASS" start="2024-05-12T03:15:32.668910" elapsed="0.000240"/>
</kw>
<kw name="Run Keyword If" owner="BuiltIn">
<kw name="Should Be True" owner="BuiltIn">
<arg>${True}</arg>
<doc>Fails if the given condition is not true.</doc>
<status status="PASS" start="2024-05-12T03:15:32.670256" elapsed="0.000262"/>
</kw>
<arg>${json_data["results"][0]["location"]["coordinates"]["latitude"]} &gt;= -90 and ${json_data["results"][0]["location"]["coordinates"]["latitude"]} &lt;= 90</arg>
<arg>Should Be True</arg>
<arg>${True}</arg>
<doc>Runs the given keyword with the given arguments, if ``condition`` is true.</doc>
<status status="PASS" start="2024-05-12T03:15:32.669499" elapsed="0.001152"/>
</kw>
<kw name="Run Keyword If" owner="BuiltIn">
<kw name="Should Be True" owner="BuiltIn">
<arg>${True}</arg>
<doc>Fails if the given condition is not true.</doc>
<status status="PASS" start="2024-05-12T03:15:32.671544" elapsed="0.000139"/>
</kw>
<arg>${json_data["results"][0]["location"]["coordinates"]["longitude"]} &gt;= -180 and ${json_data["results"][0]["location"]["coordinates"]["longitude"]} &lt;= 180</arg>
<arg>Should Be True</arg>
<arg>${True}</arg>
<doc>Runs the given keyword with the given arguments, if ``condition`` is true.</doc>
<status status="PASS" start="2024-05-12T03:15:32.670840" elapsed="0.000966"/>
</kw>
<status status="PASS" start="2024-05-12T03:15:32.569161" elapsed="0.102777"/>
</kw>
<doc>Testa o conteúdo específico dos campos retornados pela API.</doc>
<tag>testeConteudo</tag>
<status status="PASS" start="2024-05-12T03:15:32.568619" elapsed="0.103472"/>
</test>
<status status="PASS" start="2024-05-12T03:15:31.866838" elapsed="0.807451"/>
</suite>
<status status="PASS" start="2024-05-12T03:15:31.853241" elapsed="0.826348"/>
</suite>
<statistics>
<total>
<stat pass="5" fail="0" skip="0">All Tests</stat>
</total>
<tag>
<stat pass="1" fail="0" skip="0">testeConteudo</stat>
<stat pass="1" fail="0" skip="0">testeEstruturaResposta</stat>
<stat pass="1" fail="0" skip="0">testeRequisicaoBasica</stat>
<stat pass="1" fail="0" skip="0">testeTiposDados</stat>
</tag>
<suite>
<stat pass="5" fail="0" skip="0" id="s1" name="Tests">Tests</stat>
<stat pass="5" fail="0" skip="0" id="s1-s1" name="Random-User-Test">Tests.Random-User-Test</stat>
</suite>
</statistics>
<errors>
</errors>
</robot>
