<?xml version="1.0" encoding="UTF-8"?>
<robot generator="Robot 7.0.1 (Python 3.12.4 on linux)" generated="2024-07-11T03:19:11.794467" rpa="false" schemaversion="5">
<suite id="s1" name="Tests" source="/home/runner/work/ApiRandomUser/ApiRandomUser/RamdonUser/tests">
<suite id="s1-s1" name="Random-User-Test" source="/home/runner/work/ApiRandomUser/ApiRandomUser/RamdonUser/tests/random-user-test.robot">
<test id="s1-s1-t1" name="Conectar" line="13">
<kw name="Conectar API" owner="random-user-service">
<kw name="Create Session" owner="RequestsLibrary">
<msg time="2024-07-11T03:19:12.204465" level="INFO">Creating Session using : alias=consultarAPI, url=https://randomuser.me/, headers={},                     cookies={}, auth=None, timeout=None, proxies=None, verify=False,                     debug=0 </msg>
<arg>consultarAPI</arg>
<arg>${URL}</arg>
<doc>Create Session: create a HTTP session to a server</doc>
<status status="PASS" start="2024-07-11T03:19:12.204254" elapsed="0.000403"/>
</kw>
<status status="PASS" start="2024-07-11T03:19:12.203230" elapsed="0.001793"/>
</kw>
<status status="PASS" start="2024-07-11T03:19:12.202577" elapsed="0.002650"/>
</test>
<test id="s1-s1-t2" name="Validar retorno 200 e JSON Válido" line="16">
<kw name="Teste de Requisicao Basica" owner="random-user-service">
<kw name="GET On Session" owner="RequestsLibrary">
<msg time="2024-07-11T03:19:12.364138" level="INFO">GET Request : url=https://randomuser.me/api 
 path_url=/api 
 headers={'User-Agent': 'python-requests/2.32.3', 'Accept-Encoding': 'gzip, deflate', 'Accept': '*/*', 'Connection': 'keep-alive'} 
 body=None 
 </msg>
<msg time="2024-07-11T03:19:12.364293" level="INFO">GET Response : url=https://randomuser.me/api 
 status=200, reason=OK 
 headers={'Date': 'Thu, 11 Jul 2024 03:19:12 GMT', 'Content-Type': 'application/json; charset=utf-8', 'Transfer-Encoding': 'chunked', 'Connection': 'keep-alive', 'X-Powered-By': 'Express', 'Access-Control-Allow-Origin': '*', 'Cache-Control': 'no-cache', 'ETag': 'W/"4a6-BPb2bqIIgpnDjvqKOh6hiKg93dA"', 'Vary': 'Accept-Encoding', 'Content-Encoding': 'gzip', 'CF-Cache-Status': 'DYNAMIC', 'Report-To': '{"endpoints":[{"url":"https:\\/\\/a.nel.cloudflare.com\\/report\\/v4?s=i62a3eGqJYE8QsrMFLSag%2B38zj3y6Mjc57OuDcoCEJlCtVb1d6z14hCFJygv7PJHWX7JTRJMEfGxKQ5n%2BzNqC%2FT5FHsfDC9tEU3JgYAqBDcFPvdCzN%2FrEs5oKPunWzOi"}],"group":"cf-nel","max_age":604800}', 'NEL': '{"success_fraction":0,"report_to":"cf-nel","max_age":604800}', 'Server': 'cloudflare', 'CF-RAY': '8a15a68dab472f7c-LAX', 'alt-svc': 'h3=":443"; ma=86400'} 
 body={"results":[{"gender":"male","name":{"title":"Mr","first":"محمدامين","last":"سهيلي راد"},"location":{"street":{"number":4126,"name":"استاد قریب"},"city":"همدان","state":"کردستان","country":"Iran","postcode":89541,"coordinates":{"latitude":"16.9289","longitude":"-169.7908"},"timezone":{"offset":"+10:00","description":"Eastern Australia, Guam, Vladivostok"}},"email":"mhmdmyn.shylyrd@example.com","login":{"uuid":"c5f61dce-5cee-4421-a4ad-598980981d5a","username":"redsnake419","password":"crusader","salt":"wX46qie3","md5":"eca3d8a7d9385efa14601ba7544ed569","sha1":"fac899d3928a3d845f648d361422c9d5f0ee2312","sha256":"d553a31295e61898039e405adb5563c9b262afc8606824a0e46762389d030474"},"dob":{"date":"1979-11-18T13:34:27.422Z","age":44},"registered":{"date":"2013-06-19T23:22:20.714Z","age":11},"phone":"050-55083699","cell":"0990-902-3360","id":{"name":"","value":null},"picture":{"large":"https://randomuser.me/api/portraits/men/57.jpg","medium":"https://randomuser.me/api/portraits/med/men/57.jpg","thumbnail":"https://randomuser.me/api/portraits/thumb/men/57.jpg"},"nat":"IR"}],"info":{"seed":"f4d0803e90fcc8fe","results":1,"page":1,"version":"1.4"}} 
 </msg>
<msg time="2024-07-11T03:19:12.364387" level="INFO">/opt/hostedtoolcache/Python/3.12.4/x64/lib/python3.12/site-packages/urllib3/connectionpool.py:1099: InsecureRequestWarning: Unverified HTTPS request is being made to host 'randomuser.me'. Adding certificate verification is strongly advised. See: https://urllib3.readthedocs.io/en/latest/advanced-usage.html#tls-warnings
  warnings.warn(</msg>
<msg time="2024-07-11T03:19:12.364561" level="INFO">${response} = &lt;Response [200]&gt;</msg>
<var>${response}</var>
<arg>consultarAPI</arg>
<arg>/api</arg>
<doc>Sends a GET request on a previously created HTTP Session.</doc>
<status status="PASS" start="2024-07-11T03:19:12.207937" elapsed="0.156670"/>
</kw>
<kw name="Should Be Equal As Numbers" owner="BuiltIn">
<msg time="2024-07-11T03:19:12.365660" level="INFO">Argument types are:
&lt;class 'int'&gt;
&lt;class 'str'&gt;</msg>
<arg>${response.status_code}</arg>
<arg>200</arg>
<doc>Fails if objects are unequal after converting them to real numbers.</doc>
<status status="PASS" start="2024-07-11T03:19:12.365194" elapsed="0.000534"/>
</kw>
<kw name="Log" owner="BuiltIn">
<msg time="2024-07-11T03:19:12.366411" level="INFO">200</msg>
<arg>${response.status_code}</arg>
<doc>Logs the given message with the given level.</doc>
<status status="PASS" start="2024-07-11T03:19:12.366057" elapsed="0.000398"/>
</kw>
<kw name="Set Variable" owner="BuiltIn">
<msg time="2024-07-11T03:19:12.367210" level="INFO">${json_data} = {'results': [{'gender': 'male', 'name': {'title': 'Mr', 'first': 'محمدامين', 'last': 'سهيلي راد'}, 'location': {'street': {'number': 4126, 'name': 'استاد قریب'}, 'city': 'همدان', 'state': 'کردستان', '...</msg>
<var>${json_data}</var>
<arg>${response.json()}</arg>
<doc>Returns the given values which can then be assigned to a variables.</doc>
<status status="PASS" start="2024-07-11T03:19:12.366762" elapsed="0.000487"/>
</kw>
<kw name="Dictionary Should Contain Key" owner="Collections">
<arg>${json_data}</arg>
<arg>results</arg>
<doc>Fails if ``key`` is not found from ``dictionary``.</doc>
<status status="PASS" start="2024-07-11T03:19:12.367554" elapsed="0.000198"/>
</kw>
<status status="PASS" start="2024-07-11T03:19:12.207653" elapsed="0.160260"/>
</kw>
<doc>Testa se a API responde corretamente e retorna um objeto JSON válido.</doc>
<tag>testeRequisicaoBasica</tag>
<status status="PASS" start="2024-07-11T03:19:12.207093" elapsed="0.161008"/>
</test>
<test id="s1-s1-t3" name="Validar estrutura de resposta" line="22">
<kw name="Teste de Estrutura de Resposta" owner="random-user-service">
<kw name="GET On Session" owner="RequestsLibrary">
<msg time="2024-07-11T03:19:12.475748" level="INFO">GET Request : url=https://randomuser.me/api 
 path_url=/api 
 headers={'User-Agent': 'python-requests/2.32.3', 'Accept-Encoding': 'gzip, deflate', 'Accept': '*/*', 'Connection': 'keep-alive'} 
 body=None 
 </msg>
<msg time="2024-07-11T03:19:12.475876" level="INFO">GET Response : url=https://randomuser.me/api 
 status=200, reason=OK 
 headers={'Date': 'Thu, 11 Jul 2024 03:19:12 GMT', 'Content-Type': 'application/json; charset=utf-8', 'Transfer-Encoding': 'chunked', 'Connection': 'keep-alive', 'X-Powered-By': 'Express', 'Access-Control-Allow-Origin': '*', 'Cache-Control': 'no-cache', 'ETag': 'W/"48d-hhYYKV2mGTiNgXRSDfBCTfUGNM4"', 'Vary': 'Accept-Encoding', 'Content-Encoding': 'gzip', 'CF-Cache-Status': 'DYNAMIC', 'Report-To': '{"endpoints":[{"url":"https:\\/\\/a.nel.cloudflare.com\\/report\\/v4?s=36gLd%2BC0lohS1Nt52qq%2BqaDdopVF053NNImoEUdT%2FNP4eP8jmhUtryjsx3vlgTUApY0xsbYnWKWdSAog%2FyRjZeRIfhfhluVPz3YdykoJUIq1DONzJK4esfE%2FtbAGFfkg"}],"group":"cf-nel","max_age":604800}', 'NEL': '{"success_fraction":0,"report_to":"cf-nel","max_age":604800}', 'Server': 'cloudflare', 'CF-RAY': '8a15a68e5c452f7c-LAX', 'alt-svc': 'h3=":443"; ma=86400'} 
 body={"results":[{"gender":"male","name":{"title":"Mr","first":"Jar","last":"Cruz"},"location":{"street":{"number":6107,"name":"Railroad St"},"city":"Cape Coral","state":"Vermont","country":"United States","postcode":39000,"coordinates":{"latitude":"86.2426","longitude":"-149.2956"},"timezone":{"offset":"+10:00","description":"Eastern Australia, Guam, Vladivostok"}},"email":"jar.cruz@example.com","login":{"uuid":"72f9a2e5-852e-4122-91e9-6f350e2b2295","username":"tinymeercat461","password":"alan","salt":"Gvk4fkjZ","md5":"fcb553b1a6f9d0acb0a8ffc870d9e212","sha1":"0d557eaa4c03e9b84e806664c312e7df9ca98e98","sha256":"aa4e36bdd55d34d39f6881df9cf117d1d116b463dcc7a022c37fc8369a0a09d2"},"dob":{"date":"2000-03-18T02:03:57.487Z","age":24},"registered":{"date":"2006-10-26T01:52:04.063Z","age":17},"phone":"(291) 711-5392","cell":"(569) 554-0503","id":{"name":"SSN","value":"835-10-1432"},"picture":{"large":"https://randomuser.me/api/portraits/men/36.jpg","medium":"https://randomuser.me/api/portraits/med/men/36.jpg","thumbnail":"https://randomuser.me/api/portraits/thumb/men/36.jpg"},"nat":"US"}],"info":{"seed":"0a7a9ea8e5f02a0e","results":1,"page":1,"version":"1.4"}} 
 </msg>
<msg time="2024-07-11T03:19:12.476025" level="INFO">/opt/hostedtoolcache/Python/3.12.4/x64/lib/python3.12/site-packages/urllib3/connectionpool.py:1099: InsecureRequestWarning: Unverified HTTPS request is being made to host 'randomuser.me'. Adding certificate verification is strongly advised. See: https://urllib3.readthedocs.io/en/latest/advanced-usage.html#tls-warnings
  warnings.warn(</msg>
<msg time="2024-07-11T03:19:12.476190" level="INFO">${response} = &lt;Response [200]&gt;</msg>
<var>${response}</var>
<arg>consultarAPI</arg>
<arg>/api</arg>
<doc>Sends a GET request on a previously created HTTP Session.</doc>
<status status="PASS" start="2024-07-11T03:19:12.370799" elapsed="0.105441"/>
</kw>
<kw name="Set Variable" owner="BuiltIn">
<msg time="2024-07-11T03:19:12.477242" level="INFO">${json_data} = {'results': [{'gender': 'male', 'name': {'title': 'Mr', 'first': 'Jar', 'last': 'Cruz'}, 'location': {'street': {'number': 6107, 'name': 'Railroad St'}, 'city': 'Cape Coral', 'state': 'Vermont', 'coun...</msg>
<var>${json_data}</var>
<arg>${response.json()}</arg>
<doc>Returns the given values which can then be assigned to a variables.</doc>
<status status="PASS" start="2024-07-11T03:19:12.476737" elapsed="0.000534"/>
</kw>
<kw name="Log" owner="BuiltIn">
<msg time="2024-07-11T03:19:12.477741" level="INFO">{'results': [{'gender': 'male', 'name': {'title': 'Mr', 'first': 'Jar', 'last': 'Cruz'}, 'location': {'street': {'number': 6107, 'name': 'Railroad St'}, 'city': 'Cape Coral', 'state': 'Vermont', 'country': 'United States', 'postcode': 39000, 'coordinates': {'latitude': '86.2426', 'longitude': '-149.2956'}, 'timezone': {'offset': '+10:00', 'description': 'Eastern Australia, Guam, Vladivostok'}}, 'email': 'jar.cruz@example.com', 'login': {'uuid': '72f9a2e5-852e-4122-91e9-6f350e2b2295', 'username': 'tinymeercat461', 'password': 'alan', 'salt': 'Gvk4fkjZ', 'md5': 'fcb553b1a6f9d0acb0a8ffc870d9e212', 'sha1': '0d557eaa4c03e9b84e806664c312e7df9ca98e98', 'sha256': 'aa4e36bdd55d34d39f6881df9cf117d1d116b463dcc7a022c37fc8369a0a09d2'}, 'dob': {'date': '2000-03-18T02:03:57.487Z', 'age': 24}, 'registered': {'date': '2006-10-26T01:52:04.063Z', 'age': 17}, 'phone': '(291) 711-5392', 'cell': '(569) 554-0503', 'id': {'name': 'SSN', 'value': '835-10-1432'}, 'picture': {'large': 'https://randomuser.me/api/portraits/men/36.jpg', 'medium': 'https://randomuser.me/api/portraits/med/men/36.jpg', 'thumbnail': 'https://randomuser.me/api/portraits/thumb/men/36.jpg'}, 'nat': 'US'}], 'info': {'seed': '0a7a9ea8e5f02a0e', 'results': 1, 'page': 1, 'version': '1.4'}}</msg>
<arg>${json_data}</arg>
<doc>Logs the given message with the given level.</doc>
<status status="PASS" start="2024-07-11T03:19:12.477582" elapsed="0.000206"/>
</kw>
<kw name="Dictionary Should Contain Key" owner="Collections">
<arg>${json_data}</arg>
<arg>results</arg>
<doc>Fails if ``key`` is not found from ``dictionary``.</doc>
<status status="PASS" start="2024-07-11T03:19:12.478078" elapsed="0.000157"/>
</kw>
<kw name="Should Not Be Empty" owner="BuiltIn">
<msg time="2024-07-11T03:19:12.478552" level="INFO">Length is 2.</msg>
<arg>${json_data}</arg>
<doc>Verifies that the given item is not empty.</doc>
<status status="PASS" start="2024-07-11T03:19:12.478417" elapsed="0.000175"/>
</kw>
<kw name="Create List" owner="BuiltIn">
<msg time="2024-07-11T03:19:12.479192" level="INFO">${expected_keys} = ['gender', 'name', 'location', 'email', 'login']</msg>
<var>${expected_keys}</var>
<arg>gender</arg>
<arg>name</arg>
<arg>location</arg>
<arg>email</arg>
<arg>login</arg>
<doc>Returns a list containing given items.</doc>
<status status="PASS" start="2024-07-11T03:19:12.478877" elapsed="0.000340"/>
</kw>
<for flavor="IN">
<iter>
<kw name="Dictionary Should Contain Key" owner="Collections">
<arg>${json_data['results'][0]}</arg>
<arg>${key}</arg>
<doc>Fails if ``key`` is not found from ``dictionary``.</doc>
<status status="PASS" start="2024-07-11T03:19:12.479840" elapsed="0.000396"/>
</kw>
<kw name="Log" owner="BuiltIn">
<msg time="2024-07-11T03:19:12.480787" level="INFO">{'gender': 'male', 'name': {'title': 'Mr', 'first': 'Jar', 'last': 'Cruz'}, 'location': {'street': {'number': 6107, 'name': 'Railroad St'}, 'city': 'Cape Coral', 'state': 'Vermont', 'country': 'United States', 'postcode': 39000, 'coordinates': {'latitude': '86.2426', 'longitude': '-149.2956'}, 'timezone': {'offset': '+10:00', 'description': 'Eastern Australia, Guam, Vladivostok'}}, 'email': 'jar.cruz@example.com', 'login': {'uuid': '72f9a2e5-852e-4122-91e9-6f350e2b2295', 'username': 'tinymeercat461', 'password': 'alan', 'salt': 'Gvk4fkjZ', 'md5': 'fcb553b1a6f9d0acb0a8ffc870d9e212', 'sha1': '0d557eaa4c03e9b84e806664c312e7df9ca98e98', 'sha256': 'aa4e36bdd55d34d39f6881df9cf117d1d116b463dcc7a022c37fc8369a0a09d2'}, 'dob': {'date': '2000-03-18T02:03:57.487Z', 'age': 24}, 'registered': {'date': '2006-10-26T01:52:04.063Z', 'age': 17}, 'phone': '(291) 711-5392', 'cell': '(569) 554-0503', 'id': {'name': 'SSN', 'value': '835-10-1432'}, 'picture': {'large': 'https://randomuser.me/api/portraits/men/36.jpg', 'medium': 'https://randomuser.me/api/portraits/med/men/36.jpg', 'thumbnail': 'https://randomuser.me/api/portraits/thumb/men/36.jpg'}, 'nat': 'US'}</msg>
<arg>${json_data['results'][0]}</arg>
<doc>Logs the given message with the given level.</doc>
<status status="PASS" start="2024-07-11T03:19:12.480422" elapsed="0.000415"/>
</kw>
<kw name="Log" owner="BuiltIn">
<msg time="2024-07-11T03:19:12.481267" level="INFO">gender</msg>
<arg>${key}</arg>
<doc>Logs the given message with the given level.</doc>
<status status="PASS" start="2024-07-11T03:19:12.481137" elapsed="0.000169"/>
</kw>
<var name="${key}">gender</var>
<status status="PASS" start="2024-07-11T03:19:12.479711" elapsed="0.001809"/>
</iter>
<iter>
<kw name="Dictionary Should Contain Key" owner="Collections">
<arg>${json_data['results'][0]}</arg>
<arg>${key}</arg>
<doc>Fails if ``key`` is not found from ``dictionary``.</doc>
<status status="PASS" start="2024-07-11T03:19:12.481811" elapsed="0.000386"/>
</kw>
<kw name="Log" owner="BuiltIn">
<msg time="2024-07-11T03:19:12.482719" level="INFO">{'gender': 'male', 'name': {'title': 'Mr', 'first': 'Jar', 'last': 'Cruz'}, 'location': {'street': {'number': 6107, 'name': 'Railroad St'}, 'city': 'Cape Coral', 'state': 'Vermont', 'country': 'United States', 'postcode': 39000, 'coordinates': {'latitude': '86.2426', 'longitude': '-149.2956'}, 'timezone': {'offset': '+10:00', 'description': 'Eastern Australia, Guam, Vladivostok'}}, 'email': 'jar.cruz@example.com', 'login': {'uuid': '72f9a2e5-852e-4122-91e9-6f350e2b2295', 'username': 'tinymeercat461', 'password': 'alan', 'salt': 'Gvk4fkjZ', 'md5': 'fcb553b1a6f9d0acb0a8ffc870d9e212', 'sha1': '0d557eaa4c03e9b84e806664c312e7df9ca98e98', 'sha256': 'aa4e36bdd55d34d39f6881df9cf117d1d116b463dcc7a022c37fc8369a0a09d2'}, 'dob': {'date': '2000-03-18T02:03:57.487Z', 'age': 24}, 'registered': {'date': '2006-10-26T01:52:04.063Z', 'age': 17}, 'phone': '(291) 711-5392', 'cell': '(569) 554-0503', 'id': {'name': 'SSN', 'value': '835-10-1432'}, 'picture': {'large': 'https://randomuser.me/api/portraits/men/36.jpg', 'medium': 'https://randomuser.me/api/portraits/med/men/36.jpg', 'thumbnail': 'https://randomuser.me/api/portraits/thumb/men/36.jpg'}, 'nat': 'US'}</msg>
<arg>${json_data['results'][0]}</arg>
<doc>Logs the given message with the given level.</doc>
<status status="PASS" start="2024-07-11T03:19:12.482376" elapsed="0.000437"/>
</kw>
<kw name="Log" owner="BuiltIn">
<msg time="2024-07-11T03:19:12.483237" level="INFO">name</msg>
<arg>${key}</arg>
<doc>Logs the given message with the given level.</doc>
<status status="PASS" start="2024-07-11T03:19:12.483110" elapsed="0.000164"/>
</kw>
<var name="${key}">name</var>
<status status="PASS" start="2024-07-11T03:19:12.481701" elapsed="0.001806"/>
</iter>
<iter>
<kw name="Dictionary Should Contain Key" owner="Collections">
<arg>${json_data['results'][0]}</arg>
<arg>${key}</arg>
<doc>Fails if ``key`` is not found from ``dictionary``.</doc>
<status status="PASS" start="2024-07-11T03:19:12.483814" elapsed="0.000377"/>
</kw>
<kw name="Log" owner="BuiltIn">
<msg time="2024-07-11T03:19:12.484718" level="INFO">{'gender': 'male', 'name': {'title': 'Mr', 'first': 'Jar', 'last': 'Cruz'}, 'location': {'street': {'number': 6107, 'name': 'Railroad St'}, 'city': 'Cape Coral', 'state': 'Vermont', 'country': 'United States', 'postcode': 39000, 'coordinates': {'latitude': '86.2426', 'longitude': '-149.2956'}, 'timezone': {'offset': '+10:00', 'description': 'Eastern Australia, Guam, Vladivostok'}}, 'email': 'jar.cruz@example.com', 'login': {'uuid': '72f9a2e5-852e-4122-91e9-6f350e2b2295', 'username': 'tinymeercat461', 'password': 'alan', 'salt': 'Gvk4fkjZ', 'md5': 'fcb553b1a6f9d0acb0a8ffc870d9e212', 'sha1': '0d557eaa4c03e9b84e806664c312e7df9ca98e98', 'sha256': 'aa4e36bdd55d34d39f6881df9cf117d1d116b463dcc7a022c37fc8369a0a09d2'}, 'dob': {'date': '2000-03-18T02:03:57.487Z', 'age': 24}, 'registered': {'date': '2006-10-26T01:52:04.063Z', 'age': 17}, 'phone': '(291) 711-5392', 'cell': '(569) 554-0503', 'id': {'name': 'SSN', 'value': '835-10-1432'}, 'picture': {'large': 'https://randomuser.me/api/portraits/men/36.jpg', 'medium': 'https://randomuser.me/api/portraits/med/men/36.jpg', 'thumbnail': 'https://randomuser.me/api/portraits/thumb/men/36.jpg'}, 'nat': 'US'}</msg>
<arg>${json_data['results'][0]}</arg>
<doc>Logs the given message with the given level.</doc>
<status status="PASS" start="2024-07-11T03:19:12.484369" elapsed="0.000397"/>
</kw>
<kw name="Log" owner="BuiltIn">
<msg time="2024-07-11T03:19:12.485184" level="INFO">location</msg>
<arg>${key}</arg>
<doc>Logs the given message with the given level.</doc>
<status status="PASS" start="2024-07-11T03:19:12.485058" elapsed="0.000161"/>
</kw>
<var name="${key}">location</var>
<status status="PASS" start="2024-07-11T03:19:12.483682" elapsed="0.001747"/>
</iter>
<iter>
<kw name="Dictionary Should Contain Key" owner="Collections">
<arg>${json_data['results'][0]}</arg>
<arg>${key}</arg>
<doc>Fails if ``key`` is not found from ``dictionary``.</doc>
<status status="PASS" start="2024-07-11T03:19:12.485712" elapsed="0.000388"/>
</kw>
<kw name="Log" owner="BuiltIn">
<msg time="2024-07-11T03:19:12.486634" level="INFO">{'gender': 'male', 'name': {'title': 'Mr', 'first': 'Jar', 'last': 'Cruz'}, 'location': {'street': {'number': 6107, 'name': 'Railroad St'}, 'city': 'Cape Coral', 'state': 'Vermont', 'country': 'United States', 'postcode': 39000, 'coordinates': {'latitude': '86.2426', 'longitude': '-149.2956'}, 'timezone': {'offset': '+10:00', 'description': 'Eastern Australia, Guam, Vladivostok'}}, 'email': 'jar.cruz@example.com', 'login': {'uuid': '72f9a2e5-852e-4122-91e9-6f350e2b2295', 'username': 'tinymeercat461', 'password': 'alan', 'salt': 'Gvk4fkjZ', 'md5': 'fcb553b1a6f9d0acb0a8ffc870d9e212', 'sha1': '0d557eaa4c03e9b84e806664c312e7df9ca98e98', 'sha256': 'aa4e36bdd55d34d39f6881df9cf117d1d116b463dcc7a022c37fc8369a0a09d2'}, 'dob': {'date': '2000-03-18T02:03:57.487Z', 'age': 24}, 'registered': {'date': '2006-10-26T01:52:04.063Z', 'age': 17}, 'phone': '(291) 711-5392', 'cell': '(569) 554-0503', 'id': {'name': 'SSN', 'value': '835-10-1432'}, 'picture': {'large': 'https://randomuser.me/api/portraits/men/36.jpg', 'medium': 'https://randomuser.me/api/portraits/med/men/36.jpg', 'thumbnail': 'https://randomuser.me/api/portraits/thumb/men/36.jpg'}, 'nat': 'US'}</msg>
<arg>${json_data['results'][0]}</arg>
<doc>Logs the given message with the given level.</doc>
<status status="PASS" start="2024-07-11T03:19:12.486286" elapsed="0.000397"/>
</kw>
<kw name="Log" owner="BuiltIn">
<msg time="2024-07-11T03:19:12.487102" level="INFO">email</msg>
<arg>${key}</arg>
<doc>Logs the given message with the given level.</doc>
<status status="PASS" start="2024-07-11T03:19:12.486972" elapsed="0.000168"/>
</kw>
<var name="${key}">email</var>
<status status="PASS" start="2024-07-11T03:19:12.485596" elapsed="0.001756"/>
</iter>
<iter>
<kw name="Dictionary Should Contain Key" owner="Collections">
<arg>${json_data['results'][0]}</arg>
<arg>${key}</arg>
<doc>Fails if ``key`` is not found from ``dictionary``.</doc>
<status status="PASS" start="2024-07-11T03:19:12.487628" elapsed="0.000424"/>
</kw>
<kw name="Log" owner="BuiltIn">
<msg time="2024-07-11T03:19:12.488577" level="INFO">{'gender': 'male', 'name': {'title': 'Mr', 'first': 'Jar', 'last': 'Cruz'}, 'location': {'street': {'number': 6107, 'name': 'Railroad St'}, 'city': 'Cape Coral', 'state': 'Vermont', 'country': 'United States', 'postcode': 39000, 'coordinates': {'latitude': '86.2426', 'longitude': '-149.2956'}, 'timezone': {'offset': '+10:00', 'description': 'Eastern Australia, Guam, Vladivostok'}}, 'email': 'jar.cruz@example.com', 'login': {'uuid': '72f9a2e5-852e-4122-91e9-6f350e2b2295', 'username': 'tinymeercat461', 'password': 'alan', 'salt': 'Gvk4fkjZ', 'md5': 'fcb553b1a6f9d0acb0a8ffc870d9e212', 'sha1': '0d557eaa4c03e9b84e806664c312e7df9ca98e98', 'sha256': 'aa4e36bdd55d34d39f6881df9cf117d1d116b463dcc7a022c37fc8369a0a09d2'}, 'dob': {'date': '2000-03-18T02:03:57.487Z', 'age': 24}, 'registered': {'date': '2006-10-26T01:52:04.063Z', 'age': 17}, 'phone': '(291) 711-5392', 'cell': '(569) 554-0503', 'id': {'name': 'SSN', 'value': '835-10-1432'}, 'picture': {'large': 'https://randomuser.me/api/portraits/men/36.jpg', 'medium': 'https://randomuser.me/api/portraits/med/men/36.jpg', 'thumbnail': 'https://randomuser.me/api/portraits/thumb/men/36.jpg'}, 'nat': 'US'}</msg>
<arg>${json_data['results'][0]}</arg>
<doc>Logs the given message with the given level.</doc>
<status status="PASS" start="2024-07-11T03:19:12.488232" elapsed="0.000394"/>
</kw>
<kw name="Log" owner="BuiltIn">
<msg time="2024-07-11T03:19:12.489036" level="INFO">login</msg>
<arg>${key}</arg>
<doc>Logs the given message with the given level.</doc>
<status status="PASS" start="2024-07-11T03:19:12.488911" elapsed="0.000162"/>
</kw>
<var name="${key}">login</var>
<status status="PASS" start="2024-07-11T03:19:12.487518" elapsed="0.001774"/>
</iter>
<var>${key}</var>
<value>@{expected_keys}</value>
<status status="PASS" start="2024-07-11T03:19:12.479493" elapsed="0.009921"/>
</for>
<kw name="Create List" owner="BuiltIn">
<msg time="2024-07-11T03:19:12.489745" level="INFO">${expected_keysTwo} = ['username', 'password']</msg>
<var>${expected_keysTwo}</var>
<arg>username</arg>
<arg>password</arg>
<doc>Returns a list containing given items.</doc>
<status status="PASS" start="2024-07-11T03:19:12.489605" elapsed="0.000191"/>
</kw>
<for flavor="IN">
<iter>
<kw name="Dictionary Should Contain Key" owner="Collections">
<arg>${json_data['results'][0]['login']}</arg>
<arg>${keyTwo}</arg>
<doc>Fails if ``key`` is not found from ``dictionary``.</doc>
<status status="PASS" start="2024-07-11T03:19:12.490300" elapsed="0.000388"/>
</kw>
<kw name="Dictionary Should Contain Key" owner="Collections">
<arg>${json_data['results'][0]['login']}</arg>
<arg>${keyTwo}</arg>
<doc>Fails if ``key`` is not found from ``dictionary``.</doc>
<status status="PASS" start="2024-07-11T03:19:12.490866" elapsed="0.000363"/>
</kw>
<kw name="Log" owner="BuiltIn">
<msg time="2024-07-11T03:19:12.491540" level="INFO">username</msg>
<arg>${keyTwo}</arg>
<doc>Logs the given message with the given level.</doc>
<status status="PASS" start="2024-07-11T03:19:12.491407" elapsed="0.000170"/>
</kw>
<var name="${keyTwo}">username</var>
<status status="PASS" start="2024-07-11T03:19:12.490194" elapsed="0.001623"/>
</iter>
<iter>
<kw name="Dictionary Should Contain Key" owner="Collections">
<arg>${json_data['results'][0]['login']}</arg>
<arg>${keyTwo}</arg>
<doc>Fails if ``key`` is not found from ``dictionary``.</doc>
<status status="PASS" start="2024-07-11T03:19:12.492092" elapsed="0.000387"/>
</kw>
<kw name="Dictionary Should Contain Key" owner="Collections">
<arg>${json_data['results'][0]['login']}</arg>
<arg>${keyTwo}</arg>
<doc>Fails if ``key`` is not found from ``dictionary``.</doc>
<status status="PASS" start="2024-07-11T03:19:12.492656" elapsed="0.000367"/>
</kw>
<kw name="Log" owner="BuiltIn">
<msg time="2024-07-11T03:19:12.493312" level="INFO">password</msg>
<arg>${keyTwo}</arg>
<doc>Logs the given message with the given level.</doc>
<status status="PASS" start="2024-07-11T03:19:12.493195" elapsed="0.000157"/>
</kw>
<var name="${keyTwo}">password</var>
<status status="PASS" start="2024-07-11T03:19:12.491988" elapsed="0.001680"/>
</iter>
<var>${keyTwo}</var>
<value>@{expected_keysTwo}</value>
<status status="PASS" start="2024-07-11T03:19:12.490042" elapsed="0.003743"/>
</for>
<status status="PASS" start="2024-07-11T03:19:12.370564" elapsed="0.123360"/>
</kw>
<doc>Testa a estrutura da resposta da API.</doc>
<tag>testeEstruturaResposta</tag>
<status status="PASS" start="2024-07-11T03:19:12.369964" elapsed="0.124116"/>
</test>
<test id="s1-s1-t4" name="Validar tipos de dados" line="28">
<kw name="Teste de Tipos de Dados" owner="random-user-service">
<kw name="GET On Session" owner="RequestsLibrary">
<msg time="2024-07-11T03:19:12.607805" level="INFO">GET Request : url=https://randomuser.me/api 
 path_url=/api 
 headers={'User-Agent': 'python-requests/2.32.3', 'Accept-Encoding': 'gzip, deflate', 'Accept': '*/*', 'Connection': 'keep-alive'} 
 body=None 
 </msg>
<msg time="2024-07-11T03:19:12.607908" level="INFO">GET Response : url=https://randomuser.me/api 
 status=200, reason=OK 
 headers={'Date': 'Thu, 11 Jul 2024 03:19:12 GMT', 'Content-Type': 'application/json; charset=utf-8', 'Transfer-Encoding': 'chunked', 'Connection': 'keep-alive', 'X-Powered-By': 'Express', 'Access-Control-Allow-Origin': '*', 'Cache-Control': 'no-cache', 'ETag': 'W/"47c-mE+OrQjkgeuJPLCoI3qOFjHISd4"', 'Vary': 'Accept-Encoding', 'Content-Encoding': 'gzip', 'CF-Cache-Status': 'DYNAMIC', 'Report-To': '{"endpoints":[{"url":"https:\\/\\/a.nel.cloudflare.com\\/report\\/v4?s=4UUNx5m7u73oGv7K2YazVjcNS3kvFltZ5G4MtoAy0wpYQnaPBV9eG%2FbQKKHWevJVD%2FxTW2%2F9mnSGziHHlrk7g4yG4u73v2kSAsWwUKyN9rTqfWYGUsnTMXdXnEIZi3sw"}],"group":"cf-nel","max_age":604800}', 'NEL': '{"success_fraction":0,"report_to":"cf-nel","max_age":604800}', 'Server': 'cloudflare', 'CF-RAY': '8a15a68f2d832f7c-LAX', 'alt-svc': 'h3=":443"; ma=86400'} 
 body={"results":[{"gender":"female","name":{"title":"Mrs","first":"Ine","last":"Steen"},"location":{"street":{"number":6655,"name":"Dauw"},"city":"Losser","state":"Limburg","country":"Netherlands","postcode":"2337 KD","coordinates":{"latitude":"34.5012","longitude":"93.3769"},"timezone":{"offset":"+6:00","description":"Almaty, Dhaka, Colombo"}},"email":"ine.steen@example.com","login":{"uuid":"6a6ca577-4d35-4613-b164-75e0aa5c2f76","username":"crazyladybug413","password":"harald","salt":"1mvAhnRe","md5":"bf0002bcdda1d0b72447621f79ee3b0b","sha1":"6351b1941bcd3a5c5fc50694eed7c70cf170d8ee","sha256":"6a5c8eef58c6f008b9aefd7080b9c96d28a8c395c50bb58765e4c51e1f3c8362"},"dob":{"date":"1994-06-24T14:25:59.709Z","age":30},"registered":{"date":"2003-05-24T23:43:16.297Z","age":21},"phone":"(0162) 049701","cell":"(06) 93467772","id":{"name":"BSN","value":"18204013"},"picture":{"large":"https://randomuser.me/api/portraits/women/64.jpg","medium":"https://randomuser.me/api/portraits/med/women/64.jpg","thumbnail":"https://randomuser.me/api/portraits/thumb/women/64.jpg"},"nat":"NL"}],"info":{"seed":"0d779433b69a04fe","results":1,"page":1,"version":"1.4"}} 
 </msg>
<msg time="2024-07-11T03:19:12.607977" level="INFO">/opt/hostedtoolcache/Python/3.12.4/x64/lib/python3.12/site-packages/urllib3/connectionpool.py:1099: InsecureRequestWarning: Unverified HTTPS request is being made to host 'randomuser.me'. Adding certificate verification is strongly advised. See: https://urllib3.readthedocs.io/en/latest/advanced-usage.html#tls-warnings
  warnings.warn(</msg>
<msg time="2024-07-11T03:19:12.608113" level="INFO">${response} = &lt;Response [200]&gt;</msg>
<var>${response}</var>
<arg>consultarAPI</arg>
<arg>/api</arg>
<doc>Sends a GET request on a previously created HTTP Session.</doc>
<status status="PASS" start="2024-07-11T03:19:12.496540" elapsed="0.111619"/>
</kw>
<kw name="Set Variable" owner="BuiltIn">
<msg time="2024-07-11T03:19:12.609274" level="INFO">${json_data} = {'results': [{'gender': 'female', 'name': {'title': 'Mrs', 'first': 'Ine', 'last': 'Steen'}, 'location': {'street': {'number': 6655, 'name': 'Dauw'}, 'city': 'Losser', 'state': 'Limburg', 'country': '...</msg>
<var>${json_data}</var>
<arg>${response.json()}</arg>
<doc>Returns the given values which can then be assigned to a variables.</doc>
<status status="PASS" start="2024-07-11T03:19:12.608686" elapsed="0.000619"/>
</kw>
<kw name="Log" owner="BuiltIn">
<msg time="2024-07-11T03:19:12.609775" level="INFO">{'results': [{'gender': 'female', 'name': {'title': 'Mrs', 'first': 'Ine', 'last': 'Steen'}, 'location': {'street': {'number': 6655, 'name': 'Dauw'}, 'city': 'Losser', 'state': 'Limburg', 'country': 'Netherlands', 'postcode': '2337 KD', 'coordinates': {'latitude': '34.5012', 'longitude': '93.3769'}, 'timezone': {'offset': '+6:00', 'description': 'Almaty, Dhaka, Colombo'}}, 'email': 'ine.steen@example.com', 'login': {'uuid': '6a6ca577-4d35-4613-b164-75e0aa5c2f76', 'username': 'crazyladybug413', 'password': 'harald', 'salt': '1mvAhnRe', 'md5': 'bf0002bcdda1d0b72447621f79ee3b0b', 'sha1': '6351b1941bcd3a5c5fc50694eed7c70cf170d8ee', 'sha256': '6a5c8eef58c6f008b9aefd7080b9c96d28a8c395c50bb58765e4c51e1f3c8362'}, 'dob': {'date': '1994-06-24T14:25:59.709Z', 'age': 30}, 'registered': {'date': '2003-05-24T23:43:16.297Z', 'age': 21}, 'phone': '(0162) 049701', 'cell': '(06) 93467772', 'id': {'name': 'BSN', 'value': '18204013'}, 'picture': {'large': 'https://randomuser.me/api/portraits/women/64.jpg', 'medium': 'https://randomuser.me/api/portraits/med/women/64.jpg', 'thumbnail': 'https://randomuser.me/api/portraits/thumb/women/64.jpg'}, 'nat': 'NL'}], 'info': {'seed': '0d779433b69a04fe', 'results': 1, 'page': 1, 'version': '1.4'}}</msg>
<arg>${json_data}</arg>
<doc>Logs the given message with the given level.</doc>
<status status="PASS" start="2024-07-11T03:19:12.609621" elapsed="0.000202"/>
</kw>
<kw name="Should Be String" owner="String">
<arg>${json_data['results'][0]['gender']}</arg>
<doc>Fails if the given ``item`` is not a string.</doc>
<status status="PASS" start="2024-07-11T03:19:12.610112" elapsed="0.000356"/>
</kw>
<kw name="Should Match Regexp" owner="BuiltIn">
<arg>${json_data['results'][0]['email']}</arg>
<arg>^[a-zA-Z0-9._%+-]+@[a-zA-Z0-9.-]+\.[a-zA-Z]{2,}$</arg>
<doc>Fails if ``string`` does not match ``pattern`` as a regular expression.</doc>
<status status="PASS" start="2024-07-11T03:19:12.610656" elapsed="0.000507"/>
</kw>
<kw name="Should Match Regexp" owner="BuiltIn">
<arg>${json_data['results'][0]['dob']['date']}</arg>
<arg>\\d{4}-\\d{2}-\\d{2}T\\d{2}:\\d{2}:\\d{2}\\.\\d{3}Z</arg>
<doc>Fails if ``string`` does not match ``pattern`` as a regular expression.</doc>
<status status="PASS" start="2024-07-11T03:19:12.611394" elapsed="0.000524"/>
</kw>
<kw name="Should Match Regexp" owner="BuiltIn">
<arg>${json_data['results'][0]['registered']['date']}</arg>
<arg>\\d{4}-\\d{2}-\\d{2}T\\d{2}:\\d{2}:\\d{2}\\.\\d{3}Z</arg>
<doc>Fails if ``string`` does not match ``pattern`` as a regular expression.</doc>
<status status="PASS" start="2024-07-11T03:19:12.612112" elapsed="0.000368"/>
</kw>
<kw name="Should Match Regexp" owner="BuiltIn">
<arg>${json_data['results'][0]['picture']['large']}</arg>
<arg>^https?://.*\.(?:png|jpe?g|gif|bmp)$</arg>
<doc>Fails if ``string`` does not match ``pattern`` as a regular expression.</doc>
<status status="PASS" start="2024-07-11T03:19:12.612663" elapsed="0.000459"/>
</kw>
<kw name="Should Match Regexp" owner="BuiltIn">
<arg>${json_data['results'][0]['picture']['medium']}</arg>
<arg>^https?://.*\.(?:png|jpe?g|gif|bmp)$</arg>
<doc>Fails if ``string`` does not match ``pattern`` as a regular expression.</doc>
<status status="PASS" start="2024-07-11T03:19:12.613306" elapsed="0.000350"/>
</kw>
<kw name="Should Match Regexp" owner="BuiltIn">
<arg>${json_data['results'][0]['picture']['thumbnail']}</arg>
<arg>^https?://.*\.(?:png|jpe?g|gif|bmp)$</arg>
<doc>Fails if ``string`` does not match ``pattern`` as a regular expression.</doc>
<status status="PASS" start="2024-07-11T03:19:12.613847" elapsed="0.000342"/>
</kw>
<kw name="Log" owner="BuiltIn">
<msg time="2024-07-11T03:19:12.614704" level="INFO">{'large': 'https://randomuser.me/api/portraits/women/64.jpg', 'medium': 'https://randomuser.me/api/portraits/med/women/64.jpg', 'thumbnail': 'https://randomuser.me/api/portraits/thumb/women/64.jpg'}</msg>
<arg>${json_data['results'][0]['picture']}</arg>
<doc>Logs the given message with the given level.</doc>
<status status="PASS" start="2024-07-11T03:19:12.614370" elapsed="0.000376"/>
</kw>
<status status="PASS" start="2024-07-11T03:19:12.496311" elapsed="0.118693"/>
</kw>
<kw name="Teste de Tipos de Dados - Postcode" owner="random-user-service">
<kw name="GET On Session" owner="RequestsLibrary">
<msg time="2024-07-11T03:19:12.715916" level="INFO">GET Request : url=https://randomuser.me/api 
 path_url=/api 
 headers={'User-Agent': 'python-requests/2.32.3', 'Accept-Encoding': 'gzip, deflate', 'Accept': '*/*', 'Connection': 'keep-alive'} 
 body=None 
 </msg>
<msg time="2024-07-11T03:19:12.716027" level="INFO">GET Response : url=https://randomuser.me/api 
 status=200, reason=OK 
 headers={'Date': 'Thu, 11 Jul 2024 03:19:12 GMT', 'Content-Type': 'application/json; charset=utf-8', 'Transfer-Encoding': 'chunked', 'Connection': 'keep-alive', 'X-Powered-By': 'Express', 'Access-Control-Allow-Origin': '*', 'Cache-Control': 'no-cache', 'ETag': 'W/"48a-U5uIsE8BMHOJhOAf0xcgoqgRHSI"', 'Vary': 'Accept-Encoding', 'Content-Encoding': 'gzip', 'CF-Cache-Status': 'DYNAMIC', 'Report-To': '{"endpoints":[{"url":"https:\\/\\/a.nel.cloudflare.com\\/report\\/v4?s=Gla4z0Fs1CtU1yobgPKIvqt%2Be%2BXJ0G%2BR3KqhmDCo2bte%2F9Zso%2F5Jg77H8B8ww%2BsYu76cJTVKGjBuVcrF%2BGRUW%2FJbb6VVtz1cjhKj4j19PBTUgH3XAMkU0aAELS1mprcA"}],"group":"cf-nel","max_age":604800}', 'NEL': '{"success_fraction":0,"report_to":"cf-nel","max_age":604800}', 'Server': 'cloudflare', 'CF-RAY': '8a15a68feea72f7c-LAX', 'alt-svc': 'h3=":443"; ma=86400'} 
 body={"results":[{"gender":"male","name":{"title":"Mr","first":"Christoffer","last":"Johansen"},"location":{"street":{"number":8042,"name":"Kastrupvej"},"city":"Horsens","state":"Nordjylland","country":"Denmark","postcode":46623,"coordinates":{"latitude":"-45.9164","longitude":"-114.5068"},"timezone":{"offset":"+7:00","description":"Bangkok, Hanoi, Jakarta"}},"email":"christoffer.johansen@example.com","login":{"uuid":"34dc6486-7b6c-47c1-b504-0bf51b1cf5e2","username":"beautifulfish115","password":"freddie","salt":"DUxWDVdQ","md5":"a8c2e02ddfe70248b4ba6a6fb1e6d0c4","sha1":"191a9ea45a2661043678ccfc8d09ffd6d2628cf0","sha256":"ff22b3d7e05b96514ab8dceaf092243ed8851eceedccdf90562eb0e91149f0e0"},"dob":{"date":"1986-02-10T15:31:32.033Z","age":38},"registered":{"date":"2021-10-06T21:26:23.991Z","age":2},"phone":"07179381","cell":"96039834","id":{"name":"CPR","value":"100286-0815"},"picture":{"large":"https://randomuser.me/api/portraits/men/36.jpg","medium":"https://randomuser.me/api/portraits/med/men/36.jpg","thumbnail":"https://randomuser.me/api/portraits/thumb/men/36.jpg"},"nat":"DK"}],"info":{"seed":"c1d2b6c874876260","results":1,"page":1,"version":"1.4"}} 
 </msg>
<msg time="2024-07-11T03:19:12.716104" level="INFO">/opt/hostedtoolcache/Python/3.12.4/x64/lib/python3.12/site-packages/urllib3/connectionpool.py:1099: InsecureRequestWarning: Unverified HTTPS request is being made to host 'randomuser.me'. Adding certificate verification is strongly advised. See: https://urllib3.readthedocs.io/en/latest/advanced-usage.html#tls-warnings
  warnings.warn(</msg>
<msg time="2024-07-11T03:19:12.716260" level="INFO">${response} = &lt;Response [200]&gt;</msg>
<var>${response}</var>
<arg>consultarAPI</arg>
<arg>/api</arg>
<doc>Sends a GET request on a previously created HTTP Session.</doc>
<status status="PASS" start="2024-07-11T03:19:12.615463" elapsed="0.100850"/>
</kw>
<kw name="Set Variable" owner="BuiltIn">
<msg time="2024-07-11T03:19:12.717382" level="INFO">${json_data} = {'results': [{'gender': 'male', 'name': {'title': 'Mr', 'first': 'Christoffer', 'last': 'Johansen'}, 'location': {'street': {'number': 8042, 'name': 'Kastrupvej'}, 'city': 'Horsens', 'state': 'Nordjyl...</msg>
<var>${json_data}</var>
<arg>${response.json()}</arg>
<doc>Returns the given values which can then be assigned to a variables.</doc>
<status status="PASS" start="2024-07-11T03:19:12.716848" elapsed="0.000562"/>
</kw>
<kw name="Log" owner="BuiltIn">
<msg time="2024-07-11T03:19:12.717892" level="INFO">{'results': [{'gender': 'male', 'name': {'title': 'Mr', 'first': 'Christoffer', 'last': 'Johansen'}, 'location': {'street': {'number': 8042, 'name': 'Kastrupvej'}, 'city': 'Horsens', 'state': 'Nordjylland', 'country': 'Denmark', 'postcode': 46623, 'coordinates': {'latitude': '-45.9164', 'longitude': '-114.5068'}, 'timezone': {'offset': '+7:00', 'description': 'Bangkok, Hanoi, Jakarta'}}, 'email': 'christoffer.johansen@example.com', 'login': {'uuid': '34dc6486-7b6c-47c1-b504-0bf51b1cf5e2', 'username': 'beautifulfish115', 'password': 'freddie', 'salt': 'DUxWDVdQ', 'md5': 'a8c2e02ddfe70248b4ba6a6fb1e6d0c4', 'sha1': '191a9ea45a2661043678ccfc8d09ffd6d2628cf0', 'sha256': 'ff22b3d7e05b96514ab8dceaf092243ed8851eceedccdf90562eb0e91149f0e0'}, 'dob': {'date': '1986-02-10T15:31:32.033Z', 'age': 38}, 'registered': {'date': '2021-10-06T21:26:23.991Z', 'age': 2}, 'phone': '07179381', 'cell': '96039834', 'id': {'name': 'CPR', 'value': '100286-0815'}, 'picture': {'large': 'https://randomuser.me/api/portraits/men/36.jpg', 'medium': 'https://randomuser.me/api/portraits/med/men/36.jpg', 'thumbnail': 'https://randomuser.me/api/portraits/thumb/men/36.jpg'}, 'nat': 'DK'}], 'info': {'seed': 'c1d2b6c874876260', 'results': 1, 'page': 1, 'version': '1.4'}}</msg>
<arg>${json_data}</arg>
<doc>Logs the given message with the given level.</doc>
<status status="PASS" start="2024-07-11T03:19:12.717724" elapsed="0.000218"/>
</kw>
<kw name="Should Be Equal As Numbers" owner="BuiltIn">
<arg>${json_data['results'][0]['location']['postcode']}</arg>
<arg>${json_data['results'][0]['location']['postcode']}</arg>
<doc>Fails if objects are unequal after converting them to real numbers.</doc>
<status status="PASS" start="2024-07-11T03:19:12.718230" elapsed="0.000639"/>
</kw>
<kw name="Log" owner="BuiltIn">
<msg time="2024-07-11T03:19:12.719571" level="INFO">46623</msg>
<arg>${json_data['results'][0]['location']['postcode']}</arg>
<doc>Logs the given message with the given level.</doc>
<status status="PASS" start="2024-07-11T03:19:12.719059" elapsed="0.000553"/>
</kw>
<status status="PASS" start="2024-07-11T03:19:12.615235" elapsed="0.104698"/>
</kw>
<doc>Testa se os tipos de dados na resposta da API estão corretos.</doc>
<tag>testeTiposDados</tag>
<status status="PASS" start="2024-07-11T03:19:12.495861" elapsed="0.224237"/>
</test>
<test id="s1-s1-t5" name="Validar conteudo" line="35">
<kw name="Teste de Tipos de Conteudo" owner="random-user-service">
<kw name="GET On Session" owner="RequestsLibrary">
<msg time="2024-07-11T03:19:12.825168" level="INFO">GET Request : url=https://randomuser.me/api 
 path_url=/api 
 headers={'User-Agent': 'python-requests/2.32.3', 'Accept-Encoding': 'gzip, deflate', 'Accept': '*/*', 'Connection': 'keep-alive'} 
 body=None 
 </msg>
<msg time="2024-07-11T03:19:12.825264" level="INFO">GET Response : url=https://randomuser.me/api 
 status=200, reason=OK 
 headers={'Date': 'Thu, 11 Jul 2024 03:19:12 GMT', 'Content-Type': 'application/json; charset=utf-8', 'Transfer-Encoding': 'chunked', 'Connection': 'keep-alive', 'X-Powered-By': 'Express', 'Access-Control-Allow-Origin': '*', 'Cache-Control': 'no-cache', 'ETag': 'W/"48a-MPdskeV8VSWbOhtqJ4FUunBRJrc"', 'Vary': 'Accept-Encoding', 'Content-Encoding': 'gzip', 'CF-Cache-Status': 'DYNAMIC', 'Report-To': '{"endpoints":[{"url":"https:\\/\\/a.nel.cloudflare.com\\/report\\/v4?s=BBGIDZHIfHPpcS%2BJSbdtG8kqohmqoNLYfJVcioPkXuMBNwmWDb%2FhnPXOr%2B%2FPt5U6dPPYqL3SmgM%2FG%2FkdlsrDsD6WZbsyN4sx0vGnstPUSSblka0FQjPCi%2Fc5x2msin2Y"}],"group":"cf-nel","max_age":604800}', 'NEL': '{"success_fraction":0,"report_to":"cf-nel","max_age":604800}', 'Server': 'cloudflare', 'CF-RAY': '8a15a6909f7e2f7c-LAX', 'alt-svc': 'h3=":443"; ma=86400'} 
 body={"results":[{"gender":"male","name":{"title":"Monsieur","first":"Guido","last":"Legrand"},"location":{"street":{"number":1319,"name":"Avenue de la Libération"},"city":"Châtonnaye","state":"Genève","country":"Switzerland","postcode":3591,"coordinates":{"latitude":"-59.6816","longitude":"-39.3001"},"timezone":{"offset":"+4:30","description":"Kabul"}},"email":"guido.legrand@example.com","login":{"uuid":"68a20245-bbaa-4190-8745-283541576966","username":"crazyfrog226","password":"jimbo","salt":"SQOOhJbU","md5":"96deba2c3e627cbe55b7eb8a073f11e8","sha1":"7b480cf5c7a8fd306bc455efaab17bdf956e8e68","sha256":"f71ff84e5108e6320a81a9d1997c77abf76eafb26e520118f9f6b2299a8fe313"},"dob":{"date":"1973-09-12T02:45:11.736Z","age":50},"registered":{"date":"2006-03-16T01:08:49.281Z","age":18},"phone":"075 344 63 45","cell":"076 623 47 81","id":{"name":"AVS","value":"756.3931.1396.53"},"picture":{"large":"https://randomuser.me/api/portraits/men/32.jpg","medium":"https://randomuser.me/api/portraits/med/men/32.jpg","thumbnail":"https://randomuser.me/api/portraits/thumb/men/32.jpg"},"nat":"CH"}],"info":{"seed":"5dcb986ef1294990","results":1,"page":1,"version":"1.4"}} 
 </msg>
<msg time="2024-07-11T03:19:12.825334" level="INFO">/opt/hostedtoolcache/Python/3.12.4/x64/lib/python3.12/site-packages/urllib3/connectionpool.py:1099: InsecureRequestWarning: Unverified HTTPS request is being made to host 'randomuser.me'. Adding certificate verification is strongly advised. See: https://urllib3.readthedocs.io/en/latest/advanced-usage.html#tls-warnings
  warnings.warn(</msg>
<msg time="2024-07-11T03:19:12.825449" level="INFO">${response} = &lt;Response [200]&gt;</msg>
<var>${response}</var>
<arg>consultarAPI</arg>
<arg>/api</arg>
<doc>Sends a GET request on a previously created HTTP Session.</doc>
<status status="PASS" start="2024-07-11T03:19:12.722852" elapsed="0.102637"/>
</kw>
<kw name="Set Variable" owner="BuiltIn">
<msg time="2024-07-11T03:19:12.826572" level="INFO">${json_data} = {'results': [{'gender': 'male', 'name': {'title': 'Monsieur', 'first': 'Guido', 'last': 'Legrand'}, 'location': {'street': {'number': 1319, 'name': 'Avenue de la Libération'}, 'city': 'Châtonnaye', 's...</msg>
<var>${json_data}</var>
<arg>${response.json()}</arg>
<doc>Returns the given values which can then be assigned to a variables.</doc>
<status status="PASS" start="2024-07-11T03:19:12.826042" elapsed="0.000559"/>
</kw>
<kw name="Set Variable" owner="BuiltIn">
<msg time="2024-07-11T03:19:12.827294" level="INFO">${name_title} = Monsieur</msg>
<var>${name_title}</var>
<arg>${json_data["results"][0]["name"]["title"]}</arg>
<doc>Returns the given values which can then be assigned to a variables.</doc>
<status status="PASS" start="2024-07-11T03:19:12.826908" elapsed="0.000412"/>
</kw>
<kw name="Create List" owner="BuiltIn">
<msg time="2024-07-11T03:19:12.827811" level="INFO">${allowed_titles} = ['Mr', 'Ms', 'Miss', 'Mrs', 'Madame', 'Monsieur']</msg>
<var>${allowed_titles}</var>
<arg>Mr</arg>
<arg>Ms</arg>
<arg>Miss</arg>
<arg>Mrs</arg>
<arg>Madame</arg>
<arg>Monsieur</arg>
<doc>Returns a list containing given items.</doc>
<status status="PASS" start="2024-07-11T03:19:12.827612" elapsed="0.000224"/>
</kw>
<kw name="List Should Contain Value" owner="Collections">
<arg>${allowed_titles}</arg>
<arg>${name_title}</arg>
<doc>Fails if the ``value`` is not found from ``list``.</doc>
<status status="PASS" start="2024-07-11T03:19:12.828135" elapsed="0.000179"/>
</kw>
<kw name="Set Variable" owner="BuiltIn">
<msg time="2024-07-11T03:19:12.828854" level="INFO">${name_country} = CH</msg>
<var>${name_country}</var>
<arg>${json_data["results"][0]["nat"]}</arg>
<doc>Returns the given values which can then be assigned to a variables.</doc>
<status status="PASS" start="2024-07-11T03:19:12.828488" elapsed="0.000391"/>
</kw>
<kw name="Create List" owner="BuiltIn">
<msg time="2024-07-11T03:19:12.829756" level="INFO">${list_country} = ['AD', 'AE', 'AF', 'AG', 'AI', 'AL', 'AM', 'AO', 'AQ', 'AR', 'AS', 'AT', 'AU', 'AW', 'AX', 'AZ', 'BA', 'BB', 'BD', 'BE', 'BF', 'BG', 'BH', 'BI', 'BJ', 'BL', 'BM', 'BN', 'BO', 'BQ', 'BR', 'BS', 'BT', '...</msg>
<var>${list_country}</var>
<arg>AD</arg>
<arg>AE</arg>
<arg>AF</arg>
<arg>AG</arg>
<arg>AI</arg>
<arg>AL</arg>
<arg>AM</arg>
<arg>AO</arg>
<arg>AQ</arg>
<arg>AR</arg>
<arg>AS</arg>
<arg>AT</arg>
<arg>AU</arg>
<arg>AW</arg>
<arg>AX</arg>
<arg>AZ</arg>
<arg>BA</arg>
<arg>BB</arg>
<arg>BD</arg>
<arg>BE</arg>
<arg>BF</arg>
<arg>BG</arg>
<arg>BH</arg>
<arg>BI</arg>
<arg>BJ</arg>
<arg>BL</arg>
<arg>BM</arg>
<arg>BN</arg>
<arg>BO</arg>
<arg>BQ</arg>
<arg>BR</arg>
<arg>BS</arg>
<arg>BT</arg>
<arg>BV</arg>
<arg>BW</arg>
<arg>BY</arg>
<arg>BZ</arg>
<arg>CA</arg>
<arg>CC</arg>
<arg>CD</arg>
<arg>CF</arg>
<arg>CG</arg>
<arg>CH</arg>
<arg>CI</arg>
<arg>CK</arg>
<arg>CL</arg>
<arg>CM</arg>
<arg>CN</arg>
<arg>CO</arg>
<arg>CR</arg>
<arg>CU</arg>
<arg>CV</arg>
<arg>CW</arg>
<arg>CX</arg>
<arg>CY</arg>
<arg>CZ</arg>
<arg>DE</arg>
<arg>DJ</arg>
<arg>DK</arg>
<arg>DM</arg>
<arg>DO</arg>
<arg>DZ</arg>
<arg>EC</arg>
<arg>EE</arg>
<arg>EG</arg>
<arg>EH</arg>
<arg>ER</arg>
<arg>ES</arg>
<arg>ET</arg>
<arg>FI</arg>
<arg>FJ</arg>
<arg>FK</arg>
<arg>FM</arg>
<arg>FO</arg>
<arg>FR</arg>
<arg>GA</arg>
<arg>GB</arg>
<arg>GD</arg>
<arg>GE</arg>
<arg>GF</arg>
<arg>GG</arg>
<arg>GH</arg>
<arg>GI</arg>
<arg>GL</arg>
<arg>GM</arg>
<arg>GN</arg>
<arg>GP</arg>
<arg>GQ</arg>
<arg>GR</arg>
<arg>GS</arg>
<arg>GT</arg>
<arg>GU</arg>
<arg>GW</arg>
<arg>GY</arg>
<arg>HK</arg>
<arg>HM</arg>
<arg>HN</arg>
<arg>HR</arg>
<arg>HT</arg>
<arg>HU</arg>
<arg>ID</arg>
<arg>IE</arg>
<arg>IL</arg>
<arg>IM</arg>
<arg>IN</arg>
<arg>IO</arg>
<arg>IQ</arg>
<arg>IR</arg>
<arg>IS</arg>
<arg>IT</arg>
<arg>JE</arg>
<arg>JM</arg>
<arg>JO</arg>
<arg>JP</arg>
<arg>KE</arg>
<arg>KG</arg>
<arg>KH</arg>
<arg>KI</arg>
<arg>KM</arg>
<arg>KN</arg>
<arg>KP</arg>
<arg>KR</arg>
<arg>KW</arg>
<arg>KY</arg>
<arg>KZ</arg>
<arg>LA</arg>
<arg>LB</arg>
<arg>LC</arg>
<arg>LI</arg>
<arg>LK</arg>
<arg>LR</arg>
<arg>LS</arg>
<arg>LT</arg>
<arg>LU</arg>
<arg>LV</arg>
<arg>LY</arg>
<arg>MA</arg>
<arg>MC</arg>
<arg>MD</arg>
<arg>ME</arg>
<arg>MF</arg>
<arg>MG</arg>
<arg>MH</arg>
<arg>MK</arg>
<arg>ML</arg>
<arg>MM</arg>
<arg>MN</arg>
<arg>MO</arg>
<arg>MP</arg>
<arg>MQ</arg>
<arg>MR</arg>
<arg>MS</arg>
<arg>MT</arg>
<arg>MU</arg>
<arg>MV</arg>
<arg>MW</arg>
<arg>MX</arg>
<arg>MY</arg>
<arg>MZ</arg>
<arg>NA</arg>
<arg>NC</arg>
<arg>NE</arg>
<arg>NF</arg>
<arg>NG</arg>
<arg>NI</arg>
<arg>NL</arg>
<arg>NO</arg>
<arg>NP</arg>
<arg>NR</arg>
<arg>NU</arg>
<arg>NZ</arg>
<arg>OM</arg>
<arg>PA</arg>
<arg>PE</arg>
<arg>PF</arg>
<arg>PG</arg>
<arg>PH</arg>
<arg>PK</arg>
<arg>PL</arg>
<arg>PM</arg>
<arg>PN</arg>
<arg>PR</arg>
<arg>PS</arg>
<arg>PT</arg>
<arg>PW</arg>
<arg>PY</arg>
<arg>QA</arg>
<arg>RE</arg>
<arg>RO</arg>
<arg>RS</arg>
<arg>RU</arg>
<arg>RW</arg>
<arg>SA</arg>
<arg>SB</arg>
<arg>SC</arg>
<arg>SD</arg>
<arg>SE</arg>
<arg>SG</arg>
<arg>SH</arg>
<arg>SI</arg>
<arg>SJ</arg>
<arg>SK</arg>
<arg>SL</arg>
<arg>SM</arg>
<arg>SN</arg>
<arg>SO</arg>
<arg>SR</arg>
<arg>SS</arg>
<arg>ST</arg>
<arg>SV</arg>
<arg>SX</arg>
<arg>SY</arg>
<arg>SZ</arg>
<arg>TC</arg>
<arg>TD</arg>
<arg>TF</arg>
<arg>TG</arg>
<arg>TH</arg>
<arg>TJ</arg>
<arg>TK</arg>
<arg>TL</arg>
<arg>TM</arg>
<arg>TN</arg>
<arg>TO</arg>
<arg>TR</arg>
<arg>TT</arg>
<arg>TV</arg>
<arg>TW</arg>
<arg>TZ</arg>
<arg>UA</arg>
<arg>UG</arg>
<arg>UM</arg>
<arg>US</arg>
<arg>UY</arg>
<arg>UZ</arg>
<arg>VA</arg>
<arg>VC</arg>
<arg>VE</arg>
<arg>VG</arg>
<arg>VI</arg>
<arg>VN</arg>
<arg>VU</arg>
<arg>WF</arg>
<arg>WS</arg>
<arg>XK</arg>
<arg>YE</arg>
<arg>YT</arg>
<arg>ZA</arg>
<arg>ZM</arg>
<arg>ZW</arg>
<doc>Returns a list containing given items.</doc>
<status status="PASS" start="2024-07-11T03:19:12.829166" elapsed="0.000615"/>
</kw>
<kw name="List Should Contain Value" owner="Collections">
<arg>${list_country}</arg>
<arg>${name_country}</arg>
<doc>Fails if the ``value`` is not found from ``list``.</doc>
<status status="PASS" start="2024-07-11T03:19:12.830573" elapsed="0.000198"/>
</kw>
<kw name="Run Keyword If" owner="BuiltIn">
<kw name="Should Be True" owner="BuiltIn">
<arg>${True}</arg>
<doc>Fails if the given condition is not true.</doc>
<status status="PASS" start="2024-07-11T03:19:12.831724" elapsed="0.000142"/>
</kw>
<arg>${json_data["results"][0]["location"]["coordinates"]["latitude"]} &gt;= -90 and ${json_data["results"][0]["location"]["coordinates"]["latitude"]} &lt;= 90</arg>
<arg>Should Be True</arg>
<arg>${True}</arg>
<doc>Runs the given keyword with the given arguments, if ``condition`` is true.</doc>
<status status="PASS" start="2024-07-11T03:19:12.830974" elapsed="0.001016"/>
</kw>
<kw name="Run Keyword If" owner="BuiltIn">
<kw name="Should Be True" owner="BuiltIn">
<arg>${True}</arg>
<doc>Fails if the given condition is not true.</doc>
<status status="PASS" start="2024-07-11T03:19:12.832852" elapsed="0.000241"/>
</kw>
<arg>${json_data["results"][0]["location"]["coordinates"]["longitude"]} &gt;= -180 and ${json_data["results"][0]["location"]["coordinates"]["longitude"]} &lt;= 180</arg>
<arg>Should Be True</arg>
<arg>${True}</arg>
<doc>Runs the given keyword with the given arguments, if ``condition`` is true.</doc>
<status status="PASS" start="2024-07-11T03:19:12.832166" elapsed="0.001053"/>
</kw>
<status status="PASS" start="2024-07-11T03:19:12.722482" elapsed="0.110868"/>
</kw>
<doc>Testa o conteúdo específico dos campos retornados pela API.</doc>
<tag>testeConteudo</tag>
<status status="PASS" start="2024-07-11T03:19:12.721836" elapsed="0.111664"/>
</test>
<status status="PASS" start="2024-07-11T03:19:11.854326" elapsed="0.981090"/>
</suite>
<status status="PASS" start="2024-07-11T03:19:11.839173" elapsed="1.001192"/>
</suite>
<statistics>
<total>
<stat pass="5" fail="0" skip="0">All Tests</stat>
</total>
<tag>
<stat pass="1" fail="0" skip="0">testeConteudo</stat>
<stat pass="1" fail="0" skip="0">testeEstruturaResposta</stat>
<stat pass="1" fail="0" skip="0">testeRequisicaoBasica</stat>
<stat pass="1" fail="0" skip="0">testeTiposDados</stat>
</tag>
<suite>
<stat pass="5" fail="0" skip="0" id="s1" name="Tests">Tests</stat>
<stat pass="5" fail="0" skip="0" id="s1-s1" name="Random-User-Test">Tests.Random-User-Test</stat>
</suite>
</statistics>
<errors>
</errors>
</robot>
