<?xml version="1.0" encoding="UTF-8"?>
<robot generator="Robot 7.0 (Python 3.12.3 on linux)" generated="2024-04-25T15:14:40.242990" rpa="false" schemaversion="5">
<suite id="s1" name="Tests" source="/home/runner/work/DesafioQAItauRogerioJordao/DesafioQAItauRogerioJordao/RamdonUser/tests">
<suite id="s1-s1" name="Random-User-Test" source="/home/runner/work/DesafioQAItauRogerioJordao/DesafioQAItauRogerioJordao/RamdonUser/tests/random-user-test.robot">
<test id="s1-s1-t1" name="Conectar" line="13">
<kw name="Conectar API" owner="random-user-service">
<kw name="Create Session" owner="RequestsLibrary">
<msg time="2024-04-25T15:14:40.600983" level="INFO">Creating Session using : alias=consultarAPI, url=https://randomuser.me/, headers={},                     cookies={}, auth=None, timeout=None, proxies=None, verify=False,                     debug=0 </msg>
<arg>consultarAPI</arg>
<arg>${URL}</arg>
<doc>Create Session: create a HTTP session to a server</doc>
<status status="PASS" start="2024-04-25T15:14:40.600790" elapsed="0.000356"/>
</kw>
<status status="PASS" start="2024-04-25T15:14:40.599887" elapsed="0.001607"/>
</kw>
<status status="PASS" start="2024-04-25T15:14:40.599364" elapsed="0.002324"/>
</test>
<test id="s1-s1-t2" name="Validar retorno 200 e JSON Válido" line="16">
<kw name="Teste de Requisicao Basica" owner="random-user-service">
<kw name="GET On Session" owner="RequestsLibrary">
<msg time="2024-04-25T15:14:40.823875" level="INFO">GET Request : url=https://randomuser.me/api 
 path_url=/api 
 headers={'User-Agent': 'python-requests/2.31.0', 'Accept-Encoding': 'gzip, deflate', 'Accept': '*/*', 'Connection': 'keep-alive'} 
 body=None 
 </msg>
<msg time="2024-04-25T15:14:40.824023" level="INFO">GET Response : url=https://randomuser.me/api 
 status=200, reason=OK 
 headers={'Date': 'Thu, 25 Apr 2024 15:14:40 GMT', 'Content-Type': 'application/json; charset=utf-8', 'Transfer-Encoding': 'chunked', 'Connection': 'keep-alive', 'X-Powered-By': 'Express', 'Access-Control-Allow-Origin': '*', 'Cache-Control': 'no-cache', 'ETag': 'W/"47f-JeV2mHAEQg/Q2Ls3KxzlqshigW0"', 'Vary': 'Accept-Encoding', 'Content-Encoding': 'gzip', 'CF-Cache-Status': 'DYNAMIC', 'Report-To': '{"endpoints":[{"url":"https:\\/\\/a.nel.cloudflare.com\\/report\\/v4?s=Hl2xoBENkE7NrAo9Za64R0HfVHkB1SRG%2BKV9zBgXlLhQ0GgNjx161dGQHs9EMDz0vwrz89zDg2tJM52FMMs8kzrOrM6WhDIK%2FkJU7GN73goDTLap2w8draWe5V47i8Ia"}],"group":"cf-nel","max_age":604800}', 'NEL': '{"success_fraction":0,"report_to":"cf-nel","max_age":604800}', 'Server': 'cloudflare', 'CF-RAY': '879f48bc0cbd07b6-IAD', 'alt-svc': 'h3=":443"; ma=86400'} 
 body={"results":[{"gender":"male","name":{"title":"Mr","first":"Ryan","last":"Anderson"},"location":{"street":{"number":974,"name":"Main St"},"city":"Cornwall","state":"Québec","country":"Canada","postcode":"W8T 2A6","coordinates":{"latitude":"-68.3617","longitude":"-57.4880"},"timezone":{"offset":"-8:00","description":"Pacific Time (US &amp; Canada)"}},"email":"ryan.anderson@example.com","login":{"uuid":"c02193d5-934f-48e8-b2e7-ef8ac000b1a8","username":"tinyladybug912","password":"british","salt":"Lpq9G5Im","md5":"e05eb1817c435205ec9edab37ee1e88a","sha1":"662acae2fb1a3867e6546a6169dd6b05c5170964","sha256":"cf24dcbcadfc48423cd34596caf5fd472935dd47638a37e26d56a6636bcca856"},"dob":{"date":"1999-09-14T06:54:44.063Z","age":24},"registered":{"date":"2013-07-07T08:38:59.638Z","age":10},"phone":"U00 A60-6545","cell":"H90 H03-5091","id":{"name":"SIN","value":"629172214"},"picture":{"large":"https://randomuser.me/api/portraits/men/65.jpg","medium":"https://randomuser.me/api/portraits/med/men/65.jpg","thumbnail":"https://randomuser.me/api/portraits/thumb/men/65.jpg"},"nat":"CA"}],"info":{"seed":"52bcfc180cda92da","results":1,"page":1,"version":"1.4"}} 
 </msg>
<msg time="2024-04-25T15:14:40.824119" level="INFO">/opt/hostedtoolcache/Python/3.12.3/x64/lib/python3.12/site-packages/urllib3/connectionpool.py:1103: InsecureRequestWarning: Unverified HTTPS request is being made to host 'randomuser.me'. Adding certificate verification is strongly advised. See: https://urllib3.readthedocs.io/en/latest/advanced-usage.html#tls-warnings
  warnings.warn(</msg>
<msg time="2024-04-25T15:14:40.824288" level="INFO">${response} = &lt;Response [200]&gt;</msg>
<var>${response}</var>
<arg>consultarAPI</arg>
<arg>/api</arg>
<doc>Sends a GET request on a previously created HTTP Session.</doc>
<status status="PASS" start="2024-04-25T15:14:40.604549" elapsed="0.219783"/>
</kw>
<kw name="Should Be Equal As Numbers" owner="BuiltIn">
<msg time="2024-04-25T15:14:40.825331" level="INFO">Argument types are:
&lt;class 'int'&gt;
&lt;class 'str'&gt;</msg>
<arg>${response.status_code}</arg>
<arg>200</arg>
<doc>Fails if objects are unequal after converting them to real numbers.</doc>
<status status="PASS" start="2024-04-25T15:14:40.824848" elapsed="0.000550"/>
</kw>
<kw name="Log" owner="BuiltIn">
<msg time="2024-04-25T15:14:40.826154" level="INFO">200</msg>
<arg>${response.status_code}</arg>
<doc>Logs the given message with the given level.</doc>
<status status="PASS" start="2024-04-25T15:14:40.825758" elapsed="0.000440"/>
</kw>
<kw name="Set Variable" owner="BuiltIn">
<msg time="2024-04-25T15:14:40.826969" level="INFO">${json_data} = {'results': [{'gender': 'male', 'name': {'title': 'Mr', 'first': 'Ryan', 'last': 'Anderson'}, 'location': {'street': {'number': 974, 'name': 'Main St'}, 'city': 'Cornwall', 'state': 'Québec', 'country...</msg>
<var>${json_data}</var>
<arg>${response.json()}</arg>
<doc>Returns the given values which can then be assigned to a variables.</doc>
<status status="PASS" start="2024-04-25T15:14:40.826514" elapsed="0.000485"/>
</kw>
<kw name="Dictionary Should Contain Key" owner="Collections">
<msg time="2024-04-25T15:14:40.827478" level="INFO">False</msg>
<arg>${json_data}</arg>
<arg>results</arg>
<doc>Fails if ``key`` is not found from ``dictionary``.</doc>
<status status="PASS" start="2024-04-25T15:14:40.827304" elapsed="0.000215"/>
</kw>
<status status="PASS" start="2024-04-25T15:14:40.604255" elapsed="0.223532"/>
</kw>
<doc>Testa se a API responde corretamente e retorna um objeto JSON válido.</doc>
<tag>testeRequisicaoBasica</tag>
<status status="PASS" start="2024-04-25T15:14:40.603638" elapsed="0.224340"/>
</test>
<test id="s1-s1-t3" name="Validar estrutura de resposta" line="22">
<kw name="Teste de Estrutura de Resposta" owner="random-user-service">
<kw name="GET On Session" owner="RequestsLibrary">
<msg time="2024-04-25T15:14:41.198661" level="INFO">GET Request : url=https://randomuser.me/api 
 path_url=/api 
 headers={'User-Agent': 'python-requests/2.31.0', 'Accept-Encoding': 'gzip, deflate', 'Accept': '*/*', 'Connection': 'keep-alive'} 
 body=None 
 </msg>
<msg time="2024-04-25T15:14:41.198763" level="INFO">GET Response : url=https://randomuser.me/api 
 status=200, reason=OK 
 headers={'Date': 'Thu, 25 Apr 2024 15:14:41 GMT', 'Content-Type': 'application/json; charset=utf-8', 'Transfer-Encoding': 'chunked', 'Connection': 'keep-alive', 'X-Powered-By': 'Express', 'Access-Control-Allow-Origin': '*', 'Cache-Control': 'no-cache', 'ETag': 'W/"48e-nBPY1LypKHjdgnIalHa4Mi1c0eE"', 'Vary': 'Accept-Encoding', 'Content-Encoding': 'gzip', 'CF-Cache-Status': 'DYNAMIC', 'Report-To': '{"endpoints":[{"url":"https:\\/\\/a.nel.cloudflare.com\\/report\\/v4?s=iaN%2Bu9MKqES88iJJVnOX8sTjNZQTA99LaewqN8y4ycG4FxSA%2BP1LFKO1cOsyLbFHg%2Feti0ILpGoi2opUHNdKrWCen4tDDmciADT5Z69chiZtdJbYR7WiqcXG6reNH7DM"}],"group":"cf-nel","max_age":604800}', 'NEL': '{"success_fraction":0,"report_to":"cf-nel","max_age":604800}', 'Server': 'cloudflare', 'CF-RAY': '879f48bd3e2607b6-IAD', 'alt-svc': 'h3=":443"; ma=86400'} 
 body={"results":[{"gender":"male","name":{"title":"Monsieur","first":"Renzo","last":"Roy"},"location":{"street":{"number":4233,"name":"Avenue du Fort-Caire"},"city":"Manno","state":"Valais","country":"Switzerland","postcode":4628,"coordinates":{"latitude":"-57.3860","longitude":"-174.4431"},"timezone":{"offset":"+2:00","description":"Kaliningrad, South Africa"}},"email":"renzo.roy@example.com","login":{"uuid":"df8618da-7905-4602-9749-fab36c1f94bb","username":"crazymeercat973","password":"jason","salt":"CJatzak2","md5":"8d9ffd4a3f36d90ff153861f6ee1a8c2","sha1":"7cc38e9bd09d799eb29352e3ac1aee3b1a833329","sha256":"45d872c67b704af76e0d9fb6c9e591575d8b59e10153e80d83bc1f86ef27edd0"},"dob":{"date":"1981-10-31T20:13:54.023Z","age":42},"registered":{"date":"2016-08-31T08:46:55.047Z","age":7},"phone":"078 096 36 70","cell":"075 307 80 38","id":{"name":"AVS","value":"756.4982.2625.30"},"picture":{"large":"https://randomuser.me/api/portraits/men/23.jpg","medium":"https://randomuser.me/api/portraits/med/men/23.jpg","thumbnail":"https://randomuser.me/api/portraits/thumb/men/23.jpg"},"nat":"CH"}],"info":{"seed":"7ce0bb2f95d5b6f1","results":1,"page":1,"version":"1.4"}} 
 </msg>
<msg time="2024-04-25T15:14:41.198896" level="INFO">/opt/hostedtoolcache/Python/3.12.3/x64/lib/python3.12/site-packages/urllib3/connectionpool.py:1103: InsecureRequestWarning: Unverified HTTPS request is being made to host 'randomuser.me'. Adding certificate verification is strongly advised. See: https://urllib3.readthedocs.io/en/latest/advanced-usage.html#tls-warnings
  warnings.warn(</msg>
<msg time="2024-04-25T15:14:41.199063" level="INFO">${response} = &lt;Response [200]&gt;</msg>
<var>${response}</var>
<arg>consultarAPI</arg>
<arg>/api</arg>
<doc>Sends a GET request on a previously created HTTP Session.</doc>
<status status="PASS" start="2024-04-25T15:14:40.830623" elapsed="0.368481"/>
</kw>
<kw name="Set Variable" owner="BuiltIn">
<msg time="2024-04-25T15:14:41.200110" level="INFO">${json_data} = {'results': [{'gender': 'male', 'name': {'title': 'Monsieur', 'first': 'Renzo', 'last': 'Roy'}, 'location': {'street': {'number': 4233, 'name': 'Avenue du Fort-Caire'}, 'city': 'Manno', 'state': 'Vala...</msg>
<var>${json_data}</var>
<arg>${response.json()}</arg>
<doc>Returns the given values which can then be assigned to a variables.</doc>
<status status="PASS" start="2024-04-25T15:14:41.199592" elapsed="0.000546"/>
</kw>
<kw name="Log" owner="BuiltIn">
<msg time="2024-04-25T15:14:41.200609" level="INFO">{'results': [{'gender': 'male', 'name': {'title': 'Monsieur', 'first': 'Renzo', 'last': 'Roy'}, 'location': {'street': {'number': 4233, 'name': 'Avenue du Fort-Caire'}, 'city': 'Manno', 'state': 'Valais', 'country': 'Switzerland', 'postcode': 4628, 'coordinates': {'latitude': '-57.3860', 'longitude': '-174.4431'}, 'timezone': {'offset': '+2:00', 'description': 'Kaliningrad, South Africa'}}, 'email': 'renzo.roy@example.com', 'login': {'uuid': 'df8618da-7905-4602-9749-fab36c1f94bb', 'username': 'crazymeercat973', 'password': 'jason', 'salt': 'CJatzak2', 'md5': '8d9ffd4a3f36d90ff153861f6ee1a8c2', 'sha1': '7cc38e9bd09d799eb29352e3ac1aee3b1a833329', 'sha256': '45d872c67b704af76e0d9fb6c9e591575d8b59e10153e80d83bc1f86ef27edd0'}, 'dob': {'date': '1981-10-31T20:13:54.023Z', 'age': 42}, 'registered': {'date': '2016-08-31T08:46:55.047Z', 'age': 7}, 'phone': '078 096 36 70', 'cell': '075 307 80 38', 'id': {'name': 'AVS', 'value': '756.4982.2625.30'}, 'picture': {'large': 'https://randomuser.me/api/portraits/men/23.jpg', 'medium': 'https://randomuser.me/api/portraits/med/men/23.jpg', 'thumbnail': 'https://randomuser.me/api/portraits/thumb/men/23.jpg'}, 'nat': 'CH'}], 'info': {'seed': '7ce0bb2f95d5b6f1', 'results': 1, 'page': 1, 'version': '1.4'}}</msg>
<arg>${json_data}</arg>
<doc>Logs the given message with the given level.</doc>
<status status="PASS" start="2024-04-25T15:14:41.200450" elapsed="0.000207"/>
</kw>
<kw name="Dictionary Should Contain Key" owner="Collections">
<msg time="2024-04-25T15:14:41.201109" level="INFO">False</msg>
<arg>${json_data}</arg>
<arg>results</arg>
<doc>Fails if ``key`` is not found from ``dictionary``.</doc>
<status status="PASS" start="2024-04-25T15:14:41.200949" elapsed="0.000197"/>
</kw>
<kw name="Should Not Be Empty" owner="BuiltIn">
<msg time="2024-04-25T15:14:41.201563" level="INFO">Length is 2.</msg>
<arg>${json_data}</arg>
<doc>Verifies that the given item is not empty.</doc>
<status status="PASS" start="2024-04-25T15:14:41.201432" elapsed="0.000330"/>
</kw>
<kw name="Create List" owner="BuiltIn">
<msg time="2024-04-25T15:14:41.202264" level="INFO">${expected_keys} = ['gender', 'name', 'location', 'email', 'login']</msg>
<var>${expected_keys}</var>
<arg>gender</arg>
<arg>name</arg>
<arg>location</arg>
<arg>email</arg>
<arg>login</arg>
<doc>Returns a list containing given items.</doc>
<status status="PASS" start="2024-04-25T15:14:41.202107" elapsed="0.000182"/>
</kw>
<for flavor="IN">
<iter>
<kw name="Dictionary Should Contain Key" owner="Collections">
<msg time="2024-04-25T15:14:41.203267" level="INFO">False</msg>
<arg>${json_data['results'][0]}</arg>
<arg>${key}</arg>
<doc>Fails if ``key`` is not found from ``dictionary``.</doc>
<status status="PASS" start="2024-04-25T15:14:41.202868" elapsed="0.000437"/>
</kw>
<kw name="Log" owner="BuiltIn">
<msg time="2024-04-25T15:14:41.203965" level="INFO">{'gender': 'male', 'name': {'title': 'Monsieur', 'first': 'Renzo', 'last': 'Roy'}, 'location': {'street': {'number': 4233, 'name': 'Avenue du Fort-Caire'}, 'city': 'Manno', 'state': 'Valais', 'country': 'Switzerland', 'postcode': 4628, 'coordinates': {'latitude': '-57.3860', 'longitude': '-174.4431'}, 'timezone': {'offset': '+2:00', 'description': 'Kaliningrad, South Africa'}}, 'email': 'renzo.roy@example.com', 'login': {'uuid': 'df8618da-7905-4602-9749-fab36c1f94bb', 'username': 'crazymeercat973', 'password': 'jason', 'salt': 'CJatzak2', 'md5': '8d9ffd4a3f36d90ff153861f6ee1a8c2', 'sha1': '7cc38e9bd09d799eb29352e3ac1aee3b1a833329', 'sha256': '45d872c67b704af76e0d9fb6c9e591575d8b59e10153e80d83bc1f86ef27edd0'}, 'dob': {'date': '1981-10-31T20:13:54.023Z', 'age': 42}, 'registered': {'date': '2016-08-31T08:46:55.047Z', 'age': 7}, 'phone': '078 096 36 70', 'cell': '075 307 80 38', 'id': {'name': 'AVS', 'value': '756.4982.2625.30'}, 'picture': {'large': 'https://randomuser.me/api/portraits/men/23.jpg', 'medium': 'https://randomuser.me/api/portraits/med/men/23.jpg', 'thumbnail': 'https://randomuser.me/api/portraits/thumb/men/23.jpg'}, 'nat': 'CH'}</msg>
<arg>${json_data['results'][0]}</arg>
<doc>Logs the given message with the given level.</doc>
<status status="PASS" start="2024-04-25T15:14:41.203604" elapsed="0.000408"/>
</kw>
<kw name="Log" owner="BuiltIn">
<msg time="2024-04-25T15:14:41.204438" level="INFO">gender</msg>
<arg>${key}</arg>
<doc>Logs the given message with the given level.</doc>
<status status="PASS" start="2024-04-25T15:14:41.204311" elapsed="0.000163"/>
</kw>
<var name="${key}">gender</var>
<status status="PASS" start="2024-04-25T15:14:41.202743" elapsed="0.001952"/>
</iter>
<iter>
<kw name="Dictionary Should Contain Key" owner="Collections">
<msg time="2024-04-25T15:14:41.205380" level="INFO">False</msg>
<arg>${json_data['results'][0]}</arg>
<arg>${key}</arg>
<doc>Fails if ``key`` is not found from ``dictionary``.</doc>
<status status="PASS" start="2024-04-25T15:14:41.204989" elapsed="0.000429"/>
</kw>
<kw name="Log" owner="BuiltIn">
<msg time="2024-04-25T15:14:41.206122" level="INFO">{'gender': 'male', 'name': {'title': 'Monsieur', 'first': 'Renzo', 'last': 'Roy'}, 'location': {'street': {'number': 4233, 'name': 'Avenue du Fort-Caire'}, 'city': 'Manno', 'state': 'Valais', 'country': 'Switzerland', 'postcode': 4628, 'coordinates': {'latitude': '-57.3860', 'longitude': '-174.4431'}, 'timezone': {'offset': '+2:00', 'description': 'Kaliningrad, South Africa'}}, 'email': 'renzo.roy@example.com', 'login': {'uuid': 'df8618da-7905-4602-9749-fab36c1f94bb', 'username': 'crazymeercat973', 'password': 'jason', 'salt': 'CJatzak2', 'md5': '8d9ffd4a3f36d90ff153861f6ee1a8c2', 'sha1': '7cc38e9bd09d799eb29352e3ac1aee3b1a833329', 'sha256': '45d872c67b704af76e0d9fb6c9e591575d8b59e10153e80d83bc1f86ef27edd0'}, 'dob': {'date': '1981-10-31T20:13:54.023Z', 'age': 42}, 'registered': {'date': '2016-08-31T08:46:55.047Z', 'age': 7}, 'phone': '078 096 36 70', 'cell': '075 307 80 38', 'id': {'name': 'AVS', 'value': '756.4982.2625.30'}, 'picture': {'large': 'https://randomuser.me/api/portraits/men/23.jpg', 'medium': 'https://randomuser.me/api/portraits/med/men/23.jpg', 'thumbnail': 'https://randomuser.me/api/portraits/thumb/men/23.jpg'}, 'nat': 'CH'}</msg>
<arg>${json_data['results'][0]}</arg>
<doc>Logs the given message with the given level.</doc>
<status status="PASS" start="2024-04-25T15:14:41.205737" elapsed="0.000432"/>
</kw>
<kw name="Log" owner="BuiltIn">
<msg time="2024-04-25T15:14:41.206594" level="INFO">name</msg>
<arg>${key}</arg>
<doc>Logs the given message with the given level.</doc>
<status status="PASS" start="2024-04-25T15:14:41.206467" elapsed="0.000165"/>
</kw>
<var name="${key}">name</var>
<status status="PASS" start="2024-04-25T15:14:41.204876" elapsed="0.001969"/>
</iter>
<iter>
<kw name="Dictionary Should Contain Key" owner="Collections">
<msg time="2024-04-25T15:14:41.207513" level="INFO">False</msg>
<arg>${json_data['results'][0]}</arg>
<arg>${key}</arg>
<doc>Fails if ``key`` is not found from ``dictionary``.</doc>
<status status="PASS" start="2024-04-25T15:14:41.207134" elapsed="0.000415"/>
</kw>
<kw name="Log" owner="BuiltIn">
<msg time="2024-04-25T15:14:41.208214" level="INFO">{'gender': 'male', 'name': {'title': 'Monsieur', 'first': 'Renzo', 'last': 'Roy'}, 'location': {'street': {'number': 4233, 'name': 'Avenue du Fort-Caire'}, 'city': 'Manno', 'state': 'Valais', 'country': 'Switzerland', 'postcode': 4628, 'coordinates': {'latitude': '-57.3860', 'longitude': '-174.4431'}, 'timezone': {'offset': '+2:00', 'description': 'Kaliningrad, South Africa'}}, 'email': 'renzo.roy@example.com', 'login': {'uuid': 'df8618da-7905-4602-9749-fab36c1f94bb', 'username': 'crazymeercat973', 'password': 'jason', 'salt': 'CJatzak2', 'md5': '8d9ffd4a3f36d90ff153861f6ee1a8c2', 'sha1': '7cc38e9bd09d799eb29352e3ac1aee3b1a833329', 'sha256': '45d872c67b704af76e0d9fb6c9e591575d8b59e10153e80d83bc1f86ef27edd0'}, 'dob': {'date': '1981-10-31T20:13:54.023Z', 'age': 42}, 'registered': {'date': '2016-08-31T08:46:55.047Z', 'age': 7}, 'phone': '078 096 36 70', 'cell': '075 307 80 38', 'id': {'name': 'AVS', 'value': '756.4982.2625.30'}, 'picture': {'large': 'https://randomuser.me/api/portraits/men/23.jpg', 'medium': 'https://randomuser.me/api/portraits/med/men/23.jpg', 'thumbnail': 'https://randomuser.me/api/portraits/thumb/men/23.jpg'}, 'nat': 'CH'}</msg>
<arg>${json_data['results'][0]}</arg>
<doc>Logs the given message with the given level.</doc>
<status status="PASS" start="2024-04-25T15:14:41.207845" elapsed="0.000416"/>
</kw>
<kw name="Log" owner="BuiltIn">
<msg time="2024-04-25T15:14:41.208675" level="INFO">location</msg>
<arg>${key}</arg>
<doc>Logs the given message with the given level.</doc>
<status status="PASS" start="2024-04-25T15:14:41.208551" elapsed="0.000163"/>
</kw>
<var name="${key}">location</var>
<status status="PASS" start="2024-04-25T15:14:41.207023" elapsed="0.001900"/>
</iter>
<iter>
<kw name="Dictionary Should Contain Key" owner="Collections">
<msg time="2024-04-25T15:14:41.209603" level="INFO">False</msg>
<arg>${json_data['results'][0]}</arg>
<arg>${key}</arg>
<doc>Fails if ``key`` is not found from ``dictionary``.</doc>
<status status="PASS" start="2024-04-25T15:14:41.209214" elapsed="0.000426"/>
</kw>
<kw name="Log" owner="BuiltIn">
<msg time="2024-04-25T15:14:41.210330" level="INFO">{'gender': 'male', 'name': {'title': 'Monsieur', 'first': 'Renzo', 'last': 'Roy'}, 'location': {'street': {'number': 4233, 'name': 'Avenue du Fort-Caire'}, 'city': 'Manno', 'state': 'Valais', 'country': 'Switzerland', 'postcode': 4628, 'coordinates': {'latitude': '-57.3860', 'longitude': '-174.4431'}, 'timezone': {'offset': '+2:00', 'description': 'Kaliningrad, South Africa'}}, 'email': 'renzo.roy@example.com', 'login': {'uuid': 'df8618da-7905-4602-9749-fab36c1f94bb', 'username': 'crazymeercat973', 'password': 'jason', 'salt': 'CJatzak2', 'md5': '8d9ffd4a3f36d90ff153861f6ee1a8c2', 'sha1': '7cc38e9bd09d799eb29352e3ac1aee3b1a833329', 'sha256': '45d872c67b704af76e0d9fb6c9e591575d8b59e10153e80d83bc1f86ef27edd0'}, 'dob': {'date': '1981-10-31T20:13:54.023Z', 'age': 42}, 'registered': {'date': '2016-08-31T08:46:55.047Z', 'age': 7}, 'phone': '078 096 36 70', 'cell': '075 307 80 38', 'id': {'name': 'AVS', 'value': '756.4982.2625.30'}, 'picture': {'large': 'https://randomuser.me/api/portraits/men/23.jpg', 'medium': 'https://randomuser.me/api/portraits/med/men/23.jpg', 'thumbnail': 'https://randomuser.me/api/portraits/thumb/men/23.jpg'}, 'nat': 'CH'}</msg>
<arg>${json_data['results'][0]}</arg>
<doc>Logs the given message with the given level.</doc>
<status status="PASS" start="2024-04-25T15:14:41.209966" elapsed="0.000412"/>
</kw>
<kw name="Log" owner="BuiltIn">
<msg time="2024-04-25T15:14:41.210795" level="INFO">email</msg>
<arg>${key}</arg>
<doc>Logs the given message with the given level.</doc>
<status status="PASS" start="2024-04-25T15:14:41.210670" elapsed="0.000162"/>
</kw>
<var name="${key}">email</var>
<status status="PASS" start="2024-04-25T15:14:41.209096" elapsed="0.001945"/>
</iter>
<iter>
<kw name="Dictionary Should Contain Key" owner="Collections">
<msg time="2024-04-25T15:14:41.211775" level="INFO">False</msg>
<arg>${json_data['results'][0]}</arg>
<arg>${key}</arg>
<doc>Fails if ``key`` is not found from ``dictionary``.</doc>
<status status="PASS" start="2024-04-25T15:14:41.211320" elapsed="0.000493"/>
</kw>
<kw name="Log" owner="BuiltIn">
<msg time="2024-04-25T15:14:41.212485" level="INFO">{'gender': 'male', 'name': {'title': 'Monsieur', 'first': 'Renzo', 'last': 'Roy'}, 'location': {'street': {'number': 4233, 'name': 'Avenue du Fort-Caire'}, 'city': 'Manno', 'state': 'Valais', 'country': 'Switzerland', 'postcode': 4628, 'coordinates': {'latitude': '-57.3860', 'longitude': '-174.4431'}, 'timezone': {'offset': '+2:00', 'description': 'Kaliningrad, South Africa'}}, 'email': 'renzo.roy@example.com', 'login': {'uuid': 'df8618da-7905-4602-9749-fab36c1f94bb', 'username': 'crazymeercat973', 'password': 'jason', 'salt': 'CJatzak2', 'md5': '8d9ffd4a3f36d90ff153861f6ee1a8c2', 'sha1': '7cc38e9bd09d799eb29352e3ac1aee3b1a833329', 'sha256': '45d872c67b704af76e0d9fb6c9e591575d8b59e10153e80d83bc1f86ef27edd0'}, 'dob': {'date': '1981-10-31T20:13:54.023Z', 'age': 42}, 'registered': {'date': '2016-08-31T08:46:55.047Z', 'age': 7}, 'phone': '078 096 36 70', 'cell': '075 307 80 38', 'id': {'name': 'AVS', 'value': '756.4982.2625.30'}, 'picture': {'large': 'https://randomuser.me/api/portraits/men/23.jpg', 'medium': 'https://randomuser.me/api/portraits/med/men/23.jpg', 'thumbnail': 'https://randomuser.me/api/portraits/thumb/men/23.jpg'}, 'nat': 'CH'}</msg>
<arg>${json_data['results'][0]}</arg>
<doc>Logs the given message with the given level.</doc>
<status status="PASS" start="2024-04-25T15:14:41.212117" elapsed="0.000415"/>
</kw>
<kw name="Log" owner="BuiltIn">
<msg time="2024-04-25T15:14:41.212953" level="INFO">login</msg>
<arg>${key}</arg>
<doc>Logs the given message with the given level.</doc>
<status status="PASS" start="2024-04-25T15:14:41.212827" elapsed="0.000163"/>
</kw>
<var name="${key}">login</var>
<status status="PASS" start="2024-04-25T15:14:41.211211" elapsed="0.002016"/>
</iter>
<var>${key}</var>
<value>@{expected_keys}</value>
<status status="PASS" start="2024-04-25T15:14:41.202551" elapsed="0.010801"/>
</for>
<kw name="Create List" owner="BuiltIn">
<msg time="2024-04-25T15:14:41.213681" level="INFO">${expected_keysTwo} = ['username', 'password']</msg>
<var>${expected_keysTwo}</var>
<arg>username</arg>
<arg>password</arg>
<doc>Returns a list containing given items.</doc>
<status status="PASS" start="2024-04-25T15:14:41.213544" elapsed="0.000161"/>
</kw>
<for flavor="IN">
<iter>
<kw name="Dictionary Should Contain Key" owner="Collections">
<msg time="2024-04-25T15:14:41.214640" level="INFO">False</msg>
<arg>${json_data['results'][0]['login']}</arg>
<arg>${keyTwo}</arg>
<doc>Fails if ``key`` is not found from ``dictionary``.</doc>
<status status="PASS" start="2024-04-25T15:14:41.214244" elapsed="0.000433"/>
</kw>
<kw name="Dictionary Should Contain Key" owner="Collections">
<msg time="2024-04-25T15:14:41.215360" level="INFO">False</msg>
<arg>${json_data['results'][0]['login']}</arg>
<arg>${keyTwo}</arg>
<doc>Fails if ``key`` is not found from ``dictionary``.</doc>
<status status="PASS" start="2024-04-25T15:14:41.214971" elapsed="0.000427"/>
</kw>
<kw name="Log" owner="BuiltIn">
<msg time="2024-04-25T15:14:41.215813" level="INFO">username</msg>
<arg>${keyTwo}</arg>
<doc>Logs the given message with the given level.</doc>
<status status="PASS" start="2024-04-25T15:14:41.215687" elapsed="0.000170"/>
</kw>
<var name="${keyTwo}">username</var>
<status status="PASS" start="2024-04-25T15:14:41.214133" elapsed="0.001938"/>
</iter>
<iter>
<kw name="Dictionary Should Contain Key" owner="Collections">
<msg time="2024-04-25T15:14:41.216819" level="INFO">False</msg>
<arg>${json_data['results'][0]['login']}</arg>
<arg>${keyTwo}</arg>
<doc>Fails if ``key`` is not found from ``dictionary``.</doc>
<status status="PASS" start="2024-04-25T15:14:41.216351" elapsed="0.000515"/>
</kw>
<kw name="Dictionary Should Contain Key" owner="Collections">
<msg time="2024-04-25T15:14:41.217546" level="INFO">False</msg>
<arg>${json_data['results'][0]['login']}</arg>
<arg>${keyTwo}</arg>
<doc>Fails if ``key`` is not found from ``dictionary``.</doc>
<status status="PASS" start="2024-04-25T15:14:41.217164" elapsed="0.000419"/>
</kw>
<kw name="Log" owner="BuiltIn">
<msg time="2024-04-25T15:14:41.218029" level="INFO">password</msg>
<arg>${keyTwo}</arg>
<doc>Logs the given message with the given level.</doc>
<status status="PASS" start="2024-04-25T15:14:41.217892" elapsed="0.000174"/>
</kw>
<var name="${keyTwo}">password</var>
<status status="PASS" start="2024-04-25T15:14:41.216243" elapsed="0.002038"/>
</iter>
<var>${keyTwo}</var>
<value>@{expected_keysTwo}</value>
<status status="PASS" start="2024-04-25T15:14:41.213972" elapsed="0.004428"/>
</for>
<status status="PASS" start="2024-04-25T15:14:40.830388" elapsed="0.388152"/>
</kw>
<doc>Testa a estrutura da resposta da API.</doc>
<tag>testeEstruturaResposta</tag>
<status status="PASS" start="2024-04-25T15:14:40.829863" elapsed="0.388832"/>
</test>
<test id="s1-s1-t4" name="Validar tipos de dados" line="28">
<kw name="Teste de Tipos de Dados" owner="random-user-service">
<kw name="GET On Session" owner="RequestsLibrary">
<msg time="2024-04-25T15:14:41.338788" level="INFO">GET Request : url=https://randomuser.me/api 
 path_url=/api 
 headers={'User-Agent': 'python-requests/2.31.0', 'Accept-Encoding': 'gzip, deflate', 'Accept': '*/*', 'Connection': 'keep-alive'} 
 body=None 
 </msg>
<msg time="2024-04-25T15:14:41.338858" level="INFO">GET Response : url=https://randomuser.me/api 
 status=200, reason=OK 
 headers={'Date': 'Thu, 25 Apr 2024 15:14:41 GMT', 'Content-Type': 'application/json; charset=utf-8', 'Transfer-Encoding': 'chunked', 'Connection': 'keep-alive', 'X-Powered-By': 'Express', 'Access-Control-Allow-Origin': '*', 'Cache-Control': 'no-cache', 'ETag': 'W/"48f-mbAkSRBnXzLyNj4wJt/zpdhaPTk"', 'Vary': 'Accept-Encoding', 'Content-Encoding': 'gzip', 'CF-Cache-Status': 'DYNAMIC', 'Report-To': '{"endpoints":[{"url":"https:\\/\\/a.nel.cloudflare.com\\/report\\/v4?s=2x78k1ywld5u7SeuAzKiPkGU6LGFQMwlqow6KFID4JVkKYiJwQVsQrO8yxa%2BaEKWNuyO%2BiNLhhyW%2FknkSv0%2F3yodJBu8SnIRExj%2BJz60CCwg2XCcpTkj7HWEuz5vvG%2F3"}],"group":"cf-nel","max_age":604800}', 'NEL': '{"success_fraction":0,"report_to":"cf-nel","max_age":604800}', 'Server': 'cloudflare', 'CF-RAY': '879f48bfa94107b6-IAD', 'alt-svc': 'h3=":443"; ma=86400'} 
 body={"results":[{"gender":"female","name":{"title":"Ms","first":"Sadie","last":"Clarke"},"location":{"street":{"number":2051,"name":"Pine Hill Road"},"city":"Whangarei","state":"Nelson","country":"New Zealand","postcode":56701,"coordinates":{"latitude":"53.6481","longitude":"61.4825"},"timezone":{"offset":"+10:00","description":"Eastern Australia, Guam, Vladivostok"}},"email":"sadie.clarke@example.com","login":{"uuid":"d1ef3af7-881b-4350-9c73-a8fcaaa8c95b","username":"bluemouse576","password":"jupiter1","salt":"HgRnubJU","md5":"34e6fd508dc29e6cfb3f567892fb38b7","sha1":"b8ef7b7e64f52cf5decdc33398aa1f7c7f0ce26f","sha256":"e6c1275bebdbc0c1b1718c2d887b3c33bba494f91b0814dc5abf930d2bcf9c77"},"dob":{"date":"2000-07-01T19:37:52.745Z","age":23},"registered":{"date":"2018-04-04T22:51:33.435Z","age":6},"phone":"(665)-763-7971","cell":"(042)-233-2466","id":{"name":"","value":null},"picture":{"large":"https://randomuser.me/api/portraits/women/63.jpg","medium":"https://randomuser.me/api/portraits/med/women/63.jpg","thumbnail":"https://randomuser.me/api/portraits/thumb/women/63.jpg"},"nat":"NZ"}],"info":{"seed":"3021bded251049a2","results":1,"page":1,"version":"1.4"}} 
 </msg>
<msg time="2024-04-25T15:14:41.338917" level="INFO">/opt/hostedtoolcache/Python/3.12.3/x64/lib/python3.12/site-packages/urllib3/connectionpool.py:1103: InsecureRequestWarning: Unverified HTTPS request is being made to host 'randomuser.me'. Adding certificate verification is strongly advised. See: https://urllib3.readthedocs.io/en/latest/advanced-usage.html#tls-warnings
  warnings.warn(</msg>
<msg time="2024-04-25T15:14:41.339022" level="INFO">${response} = &lt;Response [200]&gt;</msg>
<var>${response}</var>
<arg>consultarAPI</arg>
<arg>/api</arg>
<doc>Sends a GET request on a previously created HTTP Session.</doc>
<status status="PASS" start="2024-04-25T15:14:41.221174" elapsed="0.117888"/>
</kw>
<kw name="Set Variable" owner="BuiltIn">
<msg time="2024-04-25T15:14:41.339879" level="INFO">${json_data} = {'results': [{'gender': 'female', 'name': {'title': 'Ms', 'first': 'Sadie', 'last': 'Clarke'}, 'location': {'street': {'number': 2051, 'name': 'Pine Hill Road'}, 'city': 'Whangarei', 'state': 'Nelson'...</msg>
<var>${json_data}</var>
<arg>${response.json()}</arg>
<doc>Returns the given values which can then be assigned to a variables.</doc>
<status status="PASS" start="2024-04-25T15:14:41.339425" elapsed="0.000482"/>
</kw>
<kw name="Log" owner="BuiltIn">
<msg time="2024-04-25T15:14:41.340359" level="INFO">{'results': [{'gender': 'female', 'name': {'title': 'Ms', 'first': 'Sadie', 'last': 'Clarke'}, 'location': {'street': {'number': 2051, 'name': 'Pine Hill Road'}, 'city': 'Whangarei', 'state': 'Nelson', 'country': 'New Zealand', 'postcode': 56701, 'coordinates': {'latitude': '53.6481', 'longitude': '61.4825'}, 'timezone': {'offset': '+10:00', 'description': 'Eastern Australia, Guam, Vladivostok'}}, 'email': 'sadie.clarke@example.com', 'login': {'uuid': 'd1ef3af7-881b-4350-9c73-a8fcaaa8c95b', 'username': 'bluemouse576', 'password': 'jupiter1', 'salt': 'HgRnubJU', 'md5': '34e6fd508dc29e6cfb3f567892fb38b7', 'sha1': 'b8ef7b7e64f52cf5decdc33398aa1f7c7f0ce26f', 'sha256': 'e6c1275bebdbc0c1b1718c2d887b3c33bba494f91b0814dc5abf930d2bcf9c77'}, 'dob': {'date': '2000-07-01T19:37:52.745Z', 'age': 23}, 'registered': {'date': '2018-04-04T22:51:33.435Z', 'age': 6}, 'phone': '(665)-763-7971', 'cell': '(042)-233-2466', 'id': {'name': '', 'value': None}, 'picture': {'large': 'https://randomuser.me/api/portraits/women/63.jpg', 'medium': 'https://randomuser.me/api/portraits/med/women/63.jpg', 'thumbnail': 'https://randomuser.me/api/portraits/thumb/women/63.jpg'}, 'nat': 'NZ'}], 'info': {'seed': '3021bded251049a2', 'results': 1, 'page': 1, 'version': '1.4'}}</msg>
<arg>${json_data}</arg>
<doc>Logs the given message with the given level.</doc>
<status status="PASS" start="2024-04-25T15:14:41.340210" elapsed="0.000227"/>
</kw>
<kw name="Should Be String" owner="String">
<arg>${json_data['results'][0]['gender']}</arg>
<doc>Fails if the given ``item`` is not a string.</doc>
<status status="PASS" start="2024-04-25T15:14:41.340732" elapsed="0.000356"/>
</kw>
<kw name="Should Match Regexp" owner="BuiltIn">
<arg>${json_data['results'][0]['email']}</arg>
<arg>^[a-zA-Z0-9._%+-]+@[a-zA-Z0-9.-]+\.[a-zA-Z]{2,}$</arg>
<doc>Fails if ``string`` does not match ``pattern`` as a regular expression.</doc>
<status status="PASS" start="2024-04-25T15:14:41.341278" elapsed="0.000518"/>
</kw>
<kw name="Should Match Regexp" owner="BuiltIn">
<arg>${json_data['results'][0]['dob']['date']}</arg>
<arg>\\d{4}-\\d{2}-\\d{2}T\\d{2}:\\d{2}:\\d{2}\\.\\d{3}Z</arg>
<doc>Fails if ``string`` does not match ``pattern`` as a regular expression.</doc>
<status status="PASS" start="2024-04-25T15:14:41.342048" elapsed="0.000487"/>
</kw>
<kw name="Should Match Regexp" owner="BuiltIn">
<arg>${json_data['results'][0]['registered']['date']}</arg>
<arg>\\d{4}-\\d{2}-\\d{2}T\\d{2}:\\d{2}:\\d{2}\\.\\d{3}Z</arg>
<doc>Fails if ``string`` does not match ``pattern`` as a regular expression.</doc>
<status status="PASS" start="2024-04-25T15:14:41.342724" elapsed="0.000369"/>
</kw>
<kw name="Should Match Regexp" owner="BuiltIn">
<arg>${json_data['results'][0]['picture']['large']}</arg>
<arg>^https?://.*\.(?:png|jpe?g|gif|bmp)$</arg>
<doc>Fails if ``string`` does not match ``pattern`` as a regular expression.</doc>
<status status="PASS" start="2024-04-25T15:14:41.343275" elapsed="0.000468"/>
</kw>
<kw name="Should Match Regexp" owner="BuiltIn">
<arg>${json_data['results'][0]['picture']['medium']}</arg>
<arg>^https?://.*\.(?:png|jpe?g|gif|bmp)$</arg>
<doc>Fails if ``string`` does not match ``pattern`` as a regular expression.</doc>
<status status="PASS" start="2024-04-25T15:14:41.343927" elapsed="0.000364"/>
</kw>
<kw name="Should Match Regexp" owner="BuiltIn">
<arg>${json_data['results'][0]['picture']['thumbnail']}</arg>
<arg>^https?://.*\.(?:png|jpe?g|gif|bmp)$</arg>
<doc>Fails if ``string`` does not match ``pattern`` as a regular expression.</doc>
<status status="PASS" start="2024-04-25T15:14:41.344476" elapsed="0.000347"/>
</kw>
<kw name="Log" owner="BuiltIn">
<msg time="2024-04-25T15:14:41.345319" level="INFO">{'large': 'https://randomuser.me/api/portraits/women/63.jpg', 'medium': 'https://randomuser.me/api/portraits/med/women/63.jpg', 'thumbnail': 'https://randomuser.me/api/portraits/thumb/women/63.jpg'}</msg>
<arg>${json_data['results'][0]['picture']}</arg>
<doc>Logs the given message with the given level.</doc>
<status status="PASS" start="2024-04-25T15:14:41.344999" elapsed="0.000360"/>
</kw>
<status status="PASS" start="2024-04-25T15:14:41.220950" elapsed="0.124660"/>
</kw>
<kw name="Teste de Tipos de Dados - Postcode" owner="random-user-service">
<kw name="GET On Session" owner="RequestsLibrary">
<msg time="2024-04-25T15:14:41.389493" level="INFO">GET Request : url=https://randomuser.me/api 
 path_url=/api 
 headers={'User-Agent': 'python-requests/2.31.0', 'Accept-Encoding': 'gzip, deflate', 'Accept': '*/*', 'Connection': 'keep-alive'} 
 body=None 
 </msg>
<msg time="2024-04-25T15:14:41.389571" level="INFO">GET Response : url=https://randomuser.me/api 
 status=200, reason=OK 
 headers={'Date': 'Thu, 25 Apr 2024 15:14:41 GMT', 'Content-Type': 'application/json; charset=utf-8', 'Transfer-Encoding': 'chunked', 'Connection': 'keep-alive', 'X-Powered-By': 'Express', 'Access-Control-Allow-Origin': '*', 'Cache-Control': 'no-cache', 'ETag': 'W/"47f-mQsGaVG7KUxZo74f4QaxCAYQGOA"', 'Vary': 'Accept-Encoding', 'Content-Encoding': 'gzip', 'CF-Cache-Status': 'DYNAMIC', 'Report-To': '{"endpoints":[{"url":"https:\\/\\/a.nel.cloudflare.com\\/report\\/v4?s=3NGLOeZ4U3gyL4zeeT8AOGjOuXqBXxlb1PmlrpnfKNvFV%2FZptt5khSLFAA3ODBtVOchwcXUo8Wy4VTbrKxOHLZNEjpiQwQzN0GLAJemhHVLSxC8UYPEQF1VbPWbc9baO"}],"group":"cf-nel","max_age":604800}', 'NEL': '{"success_fraction":0,"report_to":"cf-nel","max_age":604800}', 'Server': 'cloudflare', 'CF-RAY': '879f48c07a4407b6-IAD', 'alt-svc': 'h3=":443"; ma=86400'} 
 body={"results":[{"gender":"female","name":{"title":"Miss","first":"Brittany","last":"Peters"},"location":{"street":{"number":4582,"name":"Albert Road"},"city":"Tipperary","state":"Offaly","country":"Ireland","postcode":87534,"coordinates":{"latitude":"2.7899","longitude":"164.0758"},"timezone":{"offset":"-2:00","description":"Mid-Atlantic"}},"email":"brittany.peters@example.com","login":{"uuid":"2b2670eb-df67-437d-8697-42b1dbbcf356","username":"heavyelephant244","password":"maria1","salt":"8zEnEZcB","md5":"ca84959d826abfca6fb4547b1df91cf8","sha1":"3076ad60da1a9a04d336812899bd54a4ba865f56","sha256":"3da79647aef32ac15bc84c4db121c6c10e6da15c8d2d7977a33040a91fe14dba"},"dob":{"date":"1986-02-16T18:50:06.633Z","age":38},"registered":{"date":"2004-01-11T02:32:58.506Z","age":20},"phone":"061-779-2335","cell":"081-516-9230","id":{"name":"PPS","value":"4036626T"},"picture":{"large":"https://randomuser.me/api/portraits/women/82.jpg","medium":"https://randomuser.me/api/portraits/med/women/82.jpg","thumbnail":"https://randomuser.me/api/portraits/thumb/women/82.jpg"},"nat":"IE"}],"info":{"seed":"9fad4a2116087421","results":1,"page":1,"version":"1.4"}} 
 </msg>
<msg time="2024-04-25T15:14:41.389640" level="INFO">/opt/hostedtoolcache/Python/3.12.3/x64/lib/python3.12/site-packages/urllib3/connectionpool.py:1103: InsecureRequestWarning: Unverified HTTPS request is being made to host 'randomuser.me'. Adding certificate verification is strongly advised. See: https://urllib3.readthedocs.io/en/latest/advanced-usage.html#tls-warnings
  warnings.warn(</msg>
<msg time="2024-04-25T15:14:41.389765" level="INFO">${response} = &lt;Response [200]&gt;</msg>
<var>${response}</var>
<arg>consultarAPI</arg>
<arg>/api</arg>
<doc>Sends a GET request on a previously created HTTP Session.</doc>
<status status="PASS" start="2024-04-25T15:14:41.346074" elapsed="0.043741"/>
</kw>
<kw name="Set Variable" owner="BuiltIn">
<msg time="2024-04-25T15:14:41.390664" level="INFO">${json_data} = {'results': [{'gender': 'female', 'name': {'title': 'Miss', 'first': 'Brittany', 'last': 'Peters'}, 'location': {'street': {'number': 4582, 'name': 'Albert Road'}, 'city': 'Tipperary', 'state': 'Offal...</msg>
<var>${json_data}</var>
<arg>${response.json()}</arg>
<doc>Returns the given values which can then be assigned to a variables.</doc>
<status status="PASS" start="2024-04-25T15:14:41.390209" elapsed="0.000482"/>
</kw>
<kw name="Log" owner="BuiltIn">
<msg time="2024-04-25T15:14:41.391144" level="INFO">{'results': [{'gender': 'female', 'name': {'title': 'Miss', 'first': 'Brittany', 'last': 'Peters'}, 'location': {'street': {'number': 4582, 'name': 'Albert Road'}, 'city': 'Tipperary', 'state': 'Offaly', 'country': 'Ireland', 'postcode': 87534, 'coordinates': {'latitude': '2.7899', 'longitude': '164.0758'}, 'timezone': {'offset': '-2:00', 'description': 'Mid-Atlantic'}}, 'email': 'brittany.peters@example.com', 'login': {'uuid': '2b2670eb-df67-437d-8697-42b1dbbcf356', 'username': 'heavyelephant244', 'password': 'maria1', 'salt': '8zEnEZcB', 'md5': 'ca84959d826abfca6fb4547b1df91cf8', 'sha1': '3076ad60da1a9a04d336812899bd54a4ba865f56', 'sha256': '3da79647aef32ac15bc84c4db121c6c10e6da15c8d2d7977a33040a91fe14dba'}, 'dob': {'date': '1986-02-16T18:50:06.633Z', 'age': 38}, 'registered': {'date': '2004-01-11T02:32:58.506Z', 'age': 20}, 'phone': '061-779-2335', 'cell': '081-516-9230', 'id': {'name': 'PPS', 'value': '4036626T'}, 'picture': {'large': 'https://randomuser.me/api/portraits/women/82.jpg', 'medium': 'https://randomuser.me/api/portraits/med/women/82.jpg', 'thumbnail': 'https://randomuser.me/api/portraits/thumb/women/82.jpg'}, 'nat': 'IE'}], 'info': {'seed': '9fad4a2116087421', 'results': 1, 'page': 1, 'version': '1.4'}}</msg>
<arg>${json_data}</arg>
<doc>Logs the given message with the given level.</doc>
<status status="PASS" start="2024-04-25T15:14:41.390992" elapsed="0.000246"/>
</kw>
<kw name="Should Be Equal As Numbers" owner="BuiltIn">
<arg>${json_data['results'][0]['location']['postcode']}</arg>
<arg>${json_data['results'][0]['location']['postcode']}</arg>
<doc>Fails if objects are unequal after converting them to real numbers.</doc>
<status status="PASS" start="2024-04-25T15:14:41.391670" elapsed="0.000637"/>
</kw>
<kw name="Log" owner="BuiltIn">
<msg time="2024-04-25T15:14:41.392840" level="INFO">87534</msg>
<arg>${json_data['results'][0]['location']['postcode']}</arg>
<doc>Logs the given message with the given level.</doc>
<status status="PASS" start="2024-04-25T15:14:41.392499" elapsed="0.000382"/>
</kw>
<status status="PASS" start="2024-04-25T15:14:41.345822" elapsed="0.047315"/>
</kw>
<doc>Testa se os tipos de dados na resposta da API estão corretos.</doc>
<tag>testeTiposDados</tag>
<status status="PASS" start="2024-04-25T15:14:41.220477" elapsed="0.172821"/>
</test>
<test id="s1-s1-t5" name="Validar conteudo" line="35">
<kw name="Teste de Tipos de Conteudo" owner="random-user-service">
<kw name="GET On Session" owner="RequestsLibrary">
<msg time="2024-04-25T15:14:41.487333" level="INFO">GET Request : url=https://randomuser.me/api 
 path_url=/api 
 headers={'User-Agent': 'python-requests/2.31.0', 'Accept-Encoding': 'gzip, deflate', 'Accept': '*/*', 'Connection': 'keep-alive'} 
 body=None 
 </msg>
<msg time="2024-04-25T15:14:41.487413" level="INFO">GET Response : url=https://randomuser.me/api 
 status=200, reason=OK 
 headers={'Date': 'Thu, 25 Apr 2024 15:14:41 GMT', 'Content-Type': 'application/json; charset=utf-8', 'Transfer-Encoding': 'chunked', 'Connection': 'keep-alive', 'X-Powered-By': 'Express', 'Access-Control-Allow-Origin': '*', 'Cache-Control': 'no-cache', 'ETag': 'W/"497-lzSC5C9Cb/poPifh7Yy4QOLpdOs"', 'Vary': 'Accept-Encoding', 'Content-Encoding': 'gzip', 'CF-Cache-Status': 'DYNAMIC', 'Report-To': '{"endpoints":[{"url":"https:\\/\\/a.nel.cloudflare.com\\/report\\/v4?s=p0mu23J0izg4fPRHv6YTT81kUwGh%2B1b0TXzAZvikwgM37dIaTlDgo4R1wSzuZJnSZdddJgtJXsfZ2Ukq%2B1iER%2BZyPWTJcpytWjFIumXuYjk3%2FifQLlK7L2R4K34b%2BGhA"}],"group":"cf-nel","max_age":604800}', 'NEL': '{"success_fraction":0,"report_to":"cf-nel","max_age":604800}', 'Server': 'cloudflare', 'CF-RAY': '879f48c0cab707b6-IAD', 'alt-svc': 'h3=":443"; ma=86400'} 
 body={"results":[{"gender":"female","name":{"title":"Miss","first":"Ida","last":"Adams"},"location":{"street":{"number":2952,"name":"Preston Rd"},"city":"Rio Rancho","state":"Georgia","country":"United States","postcode":20692,"coordinates":{"latitude":"87.7797","longitude":"49.4258"},"timezone":{"offset":"+9:00","description":"Tokyo, Seoul, Osaka, Sapporo, Yakutsk"}},"email":"ida.adams@example.com","login":{"uuid":"603e4ab3-11a4-49c8-9938-fc826c15b35e","username":"lazyzebra780","password":"chipper","salt":"gQrJVHKJ","md5":"9b229a60aca4f31e0b1f87a02126e6dc","sha1":"e562eed49102a2f150af46fcca01cb40847cb591","sha256":"ade97e0f1988650e0b4ac975c0b769c7fae2c7dbd40a8c264181c8cd5293ee34"},"dob":{"date":"1975-05-22T12:10:25.622Z","age":48},"registered":{"date":"2005-01-30T12:24:17.618Z","age":19},"phone":"(813) 713-9072","cell":"(898) 558-2385","id":{"name":"SSN","value":"188-59-9058"},"picture":{"large":"https://randomuser.me/api/portraits/women/42.jpg","medium":"https://randomuser.me/api/portraits/med/women/42.jpg","thumbnail":"https://randomuser.me/api/portraits/thumb/women/42.jpg"},"nat":"US"}],"info":{"seed":"4d62925138760bd6","results":1,"page":1,"version":"1.4"}} 
 </msg>
<msg time="2024-04-25T15:14:41.487483" level="INFO">/opt/hostedtoolcache/Python/3.12.3/x64/lib/python3.12/site-packages/urllib3/connectionpool.py:1103: InsecureRequestWarning: Unverified HTTPS request is being made to host 'randomuser.me'. Adding certificate verification is strongly advised. See: https://urllib3.readthedocs.io/en/latest/advanced-usage.html#tls-warnings
  warnings.warn(</msg>
<msg time="2024-04-25T15:14:41.487607" level="INFO">${response} = &lt;Response [200]&gt;</msg>
<var>${response}</var>
<arg>consultarAPI</arg>
<arg>/api</arg>
<doc>Sends a GET request on a previously created HTTP Session.</doc>
<status status="PASS" start="2024-04-25T15:14:41.395870" elapsed="0.091786"/>
</kw>
<kw name="Set Variable" owner="BuiltIn">
<msg time="2024-04-25T15:14:41.488519" level="INFO">${json_data} = {'results': [{'gender': 'female', 'name': {'title': 'Miss', 'first': 'Ida', 'last': 'Adams'}, 'location': {'street': {'number': 2952, 'name': 'Preston Rd'}, 'city': 'Rio Rancho', 'state': 'Georgia', '...</msg>
<var>${json_data}</var>
<arg>${response.json()}</arg>
<doc>Returns the given values which can then be assigned to a variables.</doc>
<status status="PASS" start="2024-04-25T15:14:41.488093" elapsed="0.000454"/>
</kw>
<kw name="Set Variable" owner="BuiltIn">
<msg time="2024-04-25T15:14:41.489228" level="INFO">${name_title} = Miss</msg>
<var>${name_title}</var>
<arg>${json_data["results"][0]["name"]["title"]}</arg>
<doc>Returns the given values which can then be assigned to a variables.</doc>
<status status="PASS" start="2024-04-25T15:14:41.488849" elapsed="0.000404"/>
</kw>
<kw name="Create List" owner="BuiltIn">
<msg time="2024-04-25T15:14:41.489691" level="INFO">${allowed_titles} = ['Mr', 'Ms', 'Miss', 'Mrs', 'Madame', 'Monsieur']</msg>
<var>${allowed_titles}</var>
<arg>Mr</arg>
<arg>Ms</arg>
<arg>Miss</arg>
<arg>Mrs</arg>
<arg>Madame</arg>
<arg>Monsieur</arg>
<doc>Returns a list containing given items.</doc>
<status status="PASS" start="2024-04-25T15:14:41.489547" elapsed="0.000167"/>
</kw>
<kw name="List Should Contain Value" owner="Collections">
<msg time="2024-04-25T15:14:41.490228" level="INFO">False</msg>
<arg>${allowed_titles}</arg>
<arg>${name_title}</arg>
<doc>Fails if the ``value`` is not found from ``list``.</doc>
<status status="PASS" start="2024-04-25T15:14:41.490057" elapsed="0.000206"/>
</kw>
<kw name="Set Variable" owner="BuiltIn">
<msg time="2024-04-25T15:14:41.490922" level="INFO">${name_country} = US</msg>
<var>${name_country}</var>
<arg>${json_data["results"][0]["nat"]}</arg>
<doc>Returns the given values which can then be assigned to a variables.</doc>
<status status="PASS" start="2024-04-25T15:14:41.490547" elapsed="0.000400"/>
</kw>
<kw name="Create List" owner="BuiltIn">
<msg time="2024-04-25T15:14:41.491831" level="INFO">${list_country} = ['AD', 'AE', 'AF', 'AG', 'AI', 'AL', 'AM', 'AO', 'AQ', 'AR', 'AS', 'AT', 'AU', 'AW', 'AX', 'AZ', 'BA', 'BB', 'BD', 'BE', 'BF', 'BG', 'BH', 'BI', 'BJ', 'BL', 'BM', 'BN', 'BO', 'BQ', 'BR', 'BS', 'BT', '...</msg>
<var>${list_country}</var>
<arg>AD</arg>
<arg>AE</arg>
<arg>AF</arg>
<arg>AG</arg>
<arg>AI</arg>
<arg>AL</arg>
<arg>AM</arg>
<arg>AO</arg>
<arg>AQ</arg>
<arg>AR</arg>
<arg>AS</arg>
<arg>AT</arg>
<arg>AU</arg>
<arg>AW</arg>
<arg>AX</arg>
<arg>AZ</arg>
<arg>BA</arg>
<arg>BB</arg>
<arg>BD</arg>
<arg>BE</arg>
<arg>BF</arg>
<arg>BG</arg>
<arg>BH</arg>
<arg>BI</arg>
<arg>BJ</arg>
<arg>BL</arg>
<arg>BM</arg>
<arg>BN</arg>
<arg>BO</arg>
<arg>BQ</arg>
<arg>BR</arg>
<arg>BS</arg>
<arg>BT</arg>
<arg>BV</arg>
<arg>BW</arg>
<arg>BY</arg>
<arg>BZ</arg>
<arg>CA</arg>
<arg>CC</arg>
<arg>CD</arg>
<arg>CF</arg>
<arg>CG</arg>
<arg>CH</arg>
<arg>CI</arg>
<arg>CK</arg>
<arg>CL</arg>
<arg>CM</arg>
<arg>CN</arg>
<arg>CO</arg>
<arg>CR</arg>
<arg>CU</arg>
<arg>CV</arg>
<arg>CW</arg>
<arg>CX</arg>
<arg>CY</arg>
<arg>CZ</arg>
<arg>DE</arg>
<arg>DJ</arg>
<arg>DK</arg>
<arg>DM</arg>
<arg>DO</arg>
<arg>DZ</arg>
<arg>EC</arg>
<arg>EE</arg>
<arg>EG</arg>
<arg>EH</arg>
<arg>ER</arg>
<arg>ES</arg>
<arg>ET</arg>
<arg>FI</arg>
<arg>FJ</arg>
<arg>FK</arg>
<arg>FM</arg>
<arg>FO</arg>
<arg>FR</arg>
<arg>GA</arg>
<arg>GB</arg>
<arg>GD</arg>
<arg>GE</arg>
<arg>GF</arg>
<arg>GG</arg>
<arg>GH</arg>
<arg>GI</arg>
<arg>GL</arg>
<arg>GM</arg>
<arg>GN</arg>
<arg>GP</arg>
<arg>GQ</arg>
<arg>GR</arg>
<arg>GS</arg>
<arg>GT</arg>
<arg>GU</arg>
<arg>GW</arg>
<arg>GY</arg>
<arg>HK</arg>
<arg>HM</arg>
<arg>HN</arg>
<arg>HR</arg>
<arg>HT</arg>
<arg>HU</arg>
<arg>ID</arg>
<arg>IE</arg>
<arg>IL</arg>
<arg>IM</arg>
<arg>IN</arg>
<arg>IO</arg>
<arg>IQ</arg>
<arg>IR</arg>
<arg>IS</arg>
<arg>IT</arg>
<arg>JE</arg>
<arg>JM</arg>
<arg>JO</arg>
<arg>JP</arg>
<arg>KE</arg>
<arg>KG</arg>
<arg>KH</arg>
<arg>KI</arg>
<arg>KM</arg>
<arg>KN</arg>
<arg>KP</arg>
<arg>KR</arg>
<arg>KW</arg>
<arg>KY</arg>
<arg>KZ</arg>
<arg>LA</arg>
<arg>LB</arg>
<arg>LC</arg>
<arg>LI</arg>
<arg>LK</arg>
<arg>LR</arg>
<arg>LS</arg>
<arg>LT</arg>
<arg>LU</arg>
<arg>LV</arg>
<arg>LY</arg>
<arg>MA</arg>
<arg>MC</arg>
<arg>MD</arg>
<arg>ME</arg>
<arg>MF</arg>
<arg>MG</arg>
<arg>MH</arg>
<arg>MK</arg>
<arg>ML</arg>
<arg>MM</arg>
<arg>MN</arg>
<arg>MO</arg>
<arg>MP</arg>
<arg>MQ</arg>
<arg>MR</arg>
<arg>MS</arg>
<arg>MT</arg>
<arg>MU</arg>
<arg>MV</arg>
<arg>MW</arg>
<arg>MX</arg>
<arg>MY</arg>
<arg>MZ</arg>
<arg>NA</arg>
<arg>NC</arg>
<arg>NE</arg>
<arg>NF</arg>
<arg>NG</arg>
<arg>NI</arg>
<arg>NL</arg>
<arg>NO</arg>
<arg>NP</arg>
<arg>NR</arg>
<arg>NU</arg>
<arg>NZ</arg>
<arg>OM</arg>
<arg>PA</arg>
<arg>PE</arg>
<arg>PF</arg>
<arg>PG</arg>
<arg>PH</arg>
<arg>PK</arg>
<arg>PL</arg>
<arg>PM</arg>
<arg>PN</arg>
<arg>PR</arg>
<arg>PS</arg>
<arg>PT</arg>
<arg>PW</arg>
<arg>PY</arg>
<arg>QA</arg>
<arg>RE</arg>
<arg>RO</arg>
<arg>RS</arg>
<arg>RU</arg>
<arg>RW</arg>
<arg>SA</arg>
<arg>SB</arg>
<arg>SC</arg>
<arg>SD</arg>
<arg>SE</arg>
<arg>SG</arg>
<arg>SH</arg>
<arg>SI</arg>
<arg>SJ</arg>
<arg>SK</arg>
<arg>SL</arg>
<arg>SM</arg>
<arg>SN</arg>
<arg>SO</arg>
<arg>SR</arg>
<arg>SS</arg>
<arg>ST</arg>
<arg>SV</arg>
<arg>SX</arg>
<arg>SY</arg>
<arg>SZ</arg>
<arg>TC</arg>
<arg>TD</arg>
<arg>TF</arg>
<arg>TG</arg>
<arg>TH</arg>
<arg>TJ</arg>
<arg>TK</arg>
<arg>TL</arg>
<arg>TM</arg>
<arg>TN</arg>
<arg>TO</arg>
<arg>TR</arg>
<arg>TT</arg>
<arg>TV</arg>
<arg>TW</arg>
<arg>TZ</arg>
<arg>UA</arg>
<arg>UG</arg>
<arg>UM</arg>
<arg>US</arg>
<arg>UY</arg>
<arg>UZ</arg>
<arg>VA</arg>
<arg>VC</arg>
<arg>VE</arg>
<arg>VG</arg>
<arg>VI</arg>
<arg>VN</arg>
<arg>VU</arg>
<arg>WF</arg>
<arg>WS</arg>
<arg>XK</arg>
<arg>YE</arg>
<arg>YT</arg>
<arg>ZA</arg>
<arg>ZM</arg>
<arg>ZW</arg>
<doc>Returns a list containing given items.</doc>
<status status="PASS" start="2024-04-25T15:14:41.491246" elapsed="0.000610"/>
</kw>
<kw name="List Should Contain Value" owner="Collections">
<msg time="2024-04-25T15:14:41.492854" level="INFO">False</msg>
<arg>${list_country}</arg>
<arg>${name_country}</arg>
<doc>Fails if the ``value`` is not found from ``list``.</doc>
<status status="PASS" start="2024-04-25T15:14:41.492655" elapsed="0.000234"/>
</kw>
<kw name="Run Keyword If" owner="BuiltIn">
<kw name="Should Be True" owner="BuiltIn">
<arg>${True}</arg>
<doc>Fails if the given condition is not true.</doc>
<status status="PASS" start="2024-04-25T15:14:41.493967" elapsed="0.000238"/>
</kw>
<arg>${json_data["results"][0]["location"]["coordinates"]["latitude"]} &gt;= -90 and ${json_data["results"][0]["location"]["coordinates"]["latitude"]} &lt;= 90</arg>
<arg>Should Be True</arg>
<arg>${True}</arg>
<doc>Runs the given keyword with the given arguments, if ``condition`` is true.</doc>
<status status="PASS" start="2024-04-25T15:14:41.493197" elapsed="0.001141"/>
</kw>
<kw name="Run Keyword If" owner="BuiltIn">
<kw name="Should Be True" owner="BuiltIn">
<arg>${True}</arg>
<doc>Fails if the given condition is not true.</doc>
<status status="PASS" start="2024-04-25T15:14:41.495244" elapsed="0.000135"/>
</kw>
<arg>${json_data["results"][0]["location"]["coordinates"]["longitude"]} &gt;= -180 and ${json_data["results"][0]["location"]["coordinates"]["longitude"]} &lt;= 180</arg>
<arg>Should Be True</arg>
<arg>${True}</arg>
<doc>Runs the given keyword with the given arguments, if ``condition`` is true.</doc>
<status status="PASS" start="2024-04-25T15:14:41.494526" elapsed="0.000975"/>
</kw>
<status status="PASS" start="2024-04-25T15:14:41.395651" elapsed="0.099977"/>
</kw>
<doc>Testa o conteúdo específico dos campos retornados pela API.</doc>
<tag>testeConteudo</tag>
<status status="PASS" start="2024-04-25T15:14:41.395137" elapsed="0.100632"/>
</test>
<status status="PASS" start="2024-04-25T15:14:40.300370" elapsed="1.197275"/>
</suite>
<status status="PASS" start="2024-04-25T15:14:40.286873" elapsed="1.215821"/>
</suite>
<statistics>
<total>
<stat pass="5" fail="0" skip="0">All Tests</stat>
</total>
<tag>
<stat pass="1" fail="0" skip="0">testeConteudo</stat>
<stat pass="1" fail="0" skip="0">testeEstruturaResposta</stat>
<stat pass="1" fail="0" skip="0">testeRequisicaoBasica</stat>
<stat pass="1" fail="0" skip="0">testeTiposDados</stat>
</tag>
<suite>
<stat pass="5" fail="0" skip="0" id="s1" name="Tests">Tests</stat>
<stat pass="5" fail="0" skip="0" id="s1-s1" name="Random-User-Test">Tests.Random-User-Test</stat>
</suite>
</statistics>
<errors>
</errors>
</robot>
