<?xml version="1.0" encoding="UTF-8"?>
<robot generator="Robot 7.0.1 (Python 3.12.3 on linux)" generated="2024-06-13T12:28:21.417067" rpa="false" schemaversion="5">
<suite id="s1" name="Tests" source="/home/runner/work/ApiRandomUser/ApiRandomUser/RamdonUser/tests">
<suite id="s1-s1" name="Random-User-Test" source="/home/runner/work/ApiRandomUser/ApiRandomUser/RamdonUser/tests/random-user-test.robot">
<test id="s1-s1-t1" name="Conectar" line="13">
<kw name="Conectar API" owner="random-user-service">
<kw name="Create Session" owner="RequestsLibrary">
<msg time="2024-06-13T12:28:21.807671" level="INFO">Creating Session using : alias=consultarAPI, url=https://randomuser.me/, headers={},                     cookies={}, auth=None, timeout=None, proxies=None, verify=False,                     debug=0 </msg>
<arg>consultarAPI</arg>
<arg>${URL}</arg>
<doc>Create Session: create a HTTP session to a server</doc>
<status status="PASS" start="2024-06-13T12:28:21.807450" elapsed="0.000408"/>
</kw>
<status status="PASS" start="2024-06-13T12:28:21.806387" elapsed="0.001853"/>
</kw>
<status status="PASS" start="2024-06-13T12:28:21.805628" elapsed="0.002813"/>
</test>
<test id="s1-s1-t2" name="Validar retorno 200 e JSON Válido" line="16">
<kw name="Teste de Requisicao Basica" owner="random-user-service">
<kw name="GET On Session" owner="RequestsLibrary">
<msg time="2024-06-13T12:28:21.995875" level="INFO">GET Request : url=https://randomuser.me/api 
 path_url=/api 
 headers={'User-Agent': 'python-requests/2.32.3', 'Accept-Encoding': 'gzip, deflate', 'Accept': '*/*', 'Connection': 'keep-alive'} 
 body=None 
 </msg>
<msg time="2024-06-13T12:28:21.996035" level="INFO">GET Response : url=https://randomuser.me/api 
 status=200, reason=OK 
 headers={'Date': 'Thu, 13 Jun 2024 12:28:21 GMT', 'Content-Type': 'application/json; charset=utf-8', 'Transfer-Encoding': 'chunked', 'Connection': 'keep-alive', 'X-Powered-By': 'Express', 'Access-Control-Allow-Origin': '*', 'Cache-Control': 'no-cache', 'ETag': 'W/"495-eb2CTmCnGxnRTEeumwbwlsjzXWA"', 'Vary': 'Accept-Encoding', 'Content-Encoding': 'gzip', 'CF-Cache-Status': 'DYNAMIC', 'Report-To': '{"endpoints":[{"url":"https:\\/\\/a.nel.cloudflare.com\\/report\\/v4?s=uCAaxmogvwuRG5Bj885SheoSnGsIWMSausXwM64Kq6V72qOi8jVYRWALdutmWitmfyhvIVc7j9bTrp0s6X2kyo2CZkiCO9L2CV%2F93snluJWEfNVqNlXuK8vtBmr8mayN"}],"group":"cf-nel","max_age":604800}', 'NEL': '{"success_fraction":0,"report_to":"cf-nel","max_age":604800}', 'Server': 'cloudflare', 'CF-RAY': '8932147d3a3b81c1-IAD', 'alt-svc': 'h3=":443"; ma=86400'} 
 body={"results":[{"gender":"female","name":{"title":"Miss","first":"Rosario","last":"Santana"},"location":{"street":{"number":4874,"name":"Calle Nebrija"},"city":"Mérida","state":"Ceuta","country":"Spain","postcode":15632,"coordinates":{"latitude":"-33.1575","longitude":"54.2140"},"timezone":{"offset":"-4:00","description":"Atlantic Time (Canada), Caracas, La Paz"}},"email":"rosario.santana@example.com","login":{"uuid":"dd147e96-1455-4018-a7e3-9ba575cd6152","username":"bluemeercat733","password":"today","salt":"suvbgFND","md5":"091af8058d2ae449caf9f27ef93cc8cc","sha1":"46f6f053f6c6edd34861e5feb97965dfdcbfa509","sha256":"d96dcf55e05e171835f25526c7aea7a8eef125c949cadf501c2812efaf6c2c3c"},"dob":{"date":"1983-08-04T18:10:42.887Z","age":40},"registered":{"date":"2009-03-21T13:04:53.217Z","age":15},"phone":"937-840-313","cell":"645-521-452","id":{"name":"DNI","value":"38799293-X"},"picture":{"large":"https://randomuser.me/api/portraits/women/45.jpg","medium":"https://randomuser.me/api/portraits/med/women/45.jpg","thumbnail":"https://randomuser.me/api/portraits/thumb/women/45.jpg"},"nat":"ES"}],"info":{"seed":"d650419ee6e16cbe","results":1,"page":1,"version":"1.4"}} 
 </msg>
<msg time="2024-06-13T12:28:21.996128" level="INFO">/opt/hostedtoolcache/Python/3.12.3/x64/lib/python3.12/site-packages/urllib3/connectionpool.py:1103: InsecureRequestWarning: Unverified HTTPS request is being made to host 'randomuser.me'. Adding certificate verification is strongly advised. See: https://urllib3.readthedocs.io/en/latest/advanced-usage.html#tls-warnings
  warnings.warn(</msg>
<msg time="2024-06-13T12:28:21.996274" level="INFO">${response} = &lt;Response [200]&gt;</msg>
<var>${response}</var>
<arg>consultarAPI</arg>
<arg>/api</arg>
<doc>Sends a GET request on a previously created HTTP Session.</doc>
<status status="PASS" start="2024-06-13T12:28:21.811076" elapsed="0.185242"/>
</kw>
<kw name="Should Be Equal As Numbers" owner="BuiltIn">
<msg time="2024-06-13T12:28:21.997445" level="INFO">Argument types are:
&lt;class 'int'&gt;
&lt;class 'str'&gt;</msg>
<arg>${response.status_code}</arg>
<arg>200</arg>
<doc>Fails if objects are unequal after converting them to real numbers.</doc>
<status status="PASS" start="2024-06-13T12:28:21.996965" elapsed="0.000547"/>
</kw>
<kw name="Log" owner="BuiltIn">
<msg time="2024-06-13T12:28:21.998225" level="INFO">200</msg>
<arg>${response.status_code}</arg>
<doc>Logs the given message with the given level.</doc>
<status status="PASS" start="2024-06-13T12:28:21.997857" elapsed="0.000457"/>
</kw>
<kw name="Set Variable" owner="BuiltIn">
<msg time="2024-06-13T12:28:21.999083" level="INFO">${json_data} = {'results': [{'gender': 'female', 'name': {'title': 'Miss', 'first': 'Rosario', 'last': 'Santana'}, 'location': {'street': {'number': 4874, 'name': 'Calle Nebrija'}, 'city': 'Mérida', 'state': 'Ceuta'...</msg>
<var>${json_data}</var>
<arg>${response.json()}</arg>
<doc>Returns the given values which can then be assigned to a variables.</doc>
<status status="PASS" start="2024-06-13T12:28:21.998636" elapsed="0.000478"/>
</kw>
<kw name="Dictionary Should Contain Key" owner="Collections">
<arg>${json_data}</arg>
<arg>results</arg>
<doc>Fails if ``key`` is not found from ``dictionary``.</doc>
<status status="PASS" start="2024-06-13T12:28:21.999424" elapsed="0.000167"/>
</kw>
<status status="PASS" start="2024-06-13T12:28:21.810832" elapsed="0.188923"/>
</kw>
<doc>Testa se a API responde corretamente e retorna um objeto JSON válido.</doc>
<tag>testeRequisicaoBasica</tag>
<status status="PASS" start="2024-06-13T12:28:21.810349" elapsed="0.189583"/>
</test>
<test id="s1-s1-t3" name="Validar estrutura de resposta" line="22">
<kw name="Teste de Estrutura de Resposta" owner="random-user-service">
<kw name="GET On Session" owner="RequestsLibrary">
<msg time="2024-06-13T12:28:22.094998" level="INFO">GET Request : url=https://randomuser.me/api 
 path_url=/api 
 headers={'User-Agent': 'python-requests/2.32.3', 'Accept-Encoding': 'gzip, deflate', 'Accept': '*/*', 'Connection': 'keep-alive'} 
 body=None 
 </msg>
<msg time="2024-06-13T12:28:22.095098" level="INFO">GET Response : url=https://randomuser.me/api 
 status=200, reason=OK 
 headers={'Date': 'Thu, 13 Jun 2024 12:28:22 GMT', 'Content-Type': 'application/json; charset=utf-8', 'Transfer-Encoding': 'chunked', 'Connection': 'keep-alive', 'X-Powered-By': 'Express', 'Access-Control-Allow-Origin': '*', 'Cache-Control': 'no-cache', 'ETag': 'W/"49a-2VASSoZGPjsoBFphHVFKl8tNFPQ"', 'Vary': 'Accept-Encoding', 'Content-Encoding': 'gzip', 'CF-Cache-Status': 'DYNAMIC', 'Report-To': '{"endpoints":[{"url":"https:\\/\\/a.nel.cloudflare.com\\/report\\/v4?s=RJIfboeGqLccKq%2BSPo4oNgaZcvCtEbYfTpsOcqpgptP1QloWTgrHYIrrzZIMCbmC8BgA8z3Rt6ZgNorJHr6x1baCAscgPBL9MMj7osKM%2B8Z2xO1TF4QiovfVSzb%2BMUpe"}],"group":"cf-nel","max_age":604800}', 'NEL': '{"success_fraction":0,"report_to":"cf-nel","max_age":604800}', 'Server': 'cloudflare', 'CF-RAY': '8932147d8aa281c1-IAD', 'alt-svc': 'h3=":443"; ma=86400'} 
 body={"results":[{"gender":"female","name":{"title":"Miss","first":"Monika","last":"Alfredsen"},"location":{"street":{"number":3888,"name":"Lakkegata"},"city":"Stordal","state":"Description","country":"Norway","postcode":"5855","coordinates":{"latitude":"39.2309","longitude":"47.2055"},"timezone":{"offset":"+3:00","description":"Baghdad, Riyadh, Moscow, St. Petersburg"}},"email":"monika.alfredsen@example.com","login":{"uuid":"b05867c3-a2af-4877-86fd-651f3cee1d02","username":"ticklishgorilla412","password":"westwood","salt":"lQ9FDDIA","md5":"40deb5c5a5e14db19090ee06903aa21a","sha1":"510f40ec379878d65fc000971426129a824ff800","sha256":"49de56f17b240ac3bb78fcd3a1d8cbd9421ba14157959bb2c90357542abb7c40"},"dob":{"date":"1949-12-05T09:55:35.425Z","age":74},"registered":{"date":"2021-10-05T21:53:51.202Z","age":2},"phone":"78918019","cell":"44075281","id":{"name":"FN","value":"05124906875"},"picture":{"large":"https://randomuser.me/api/portraits/women/20.jpg","medium":"https://randomuser.me/api/portraits/med/women/20.jpg","thumbnail":"https://randomuser.me/api/portraits/thumb/women/20.jpg"},"nat":"NO"}],"info":{"seed":"e7f3cc16dcc67ffc","results":1,"page":1,"version":"1.4"}} 
 </msg>
<msg time="2024-06-13T12:28:22.095232" level="INFO">/opt/hostedtoolcache/Python/3.12.3/x64/lib/python3.12/site-packages/urllib3/connectionpool.py:1103: InsecureRequestWarning: Unverified HTTPS request is being made to host 'randomuser.me'. Adding certificate verification is strongly advised. See: https://urllib3.readthedocs.io/en/latest/advanced-usage.html#tls-warnings
  warnings.warn(</msg>
<msg time="2024-06-13T12:28:22.095375" level="INFO">${response} = &lt;Response [200]&gt;</msg>
<var>${response}</var>
<arg>consultarAPI</arg>
<arg>/api</arg>
<doc>Sends a GET request on a previously created HTTP Session.</doc>
<status status="PASS" start="2024-06-13T12:28:22.002663" elapsed="0.092754"/>
</kw>
<kw name="Set Variable" owner="BuiltIn">
<msg time="2024-06-13T12:28:22.096627" level="INFO">${json_data} = {'results': [{'gender': 'female', 'name': {'title': 'Miss', 'first': 'Monika', 'last': 'Alfredsen'}, 'location': {'street': {'number': 3888, 'name': 'Lakkegata'}, 'city': 'Stordal', 'state': 'Descript...</msg>
<var>${json_data}</var>
<arg>${response.json()}</arg>
<doc>Returns the given values which can then be assigned to a variables.</doc>
<status status="PASS" start="2024-06-13T12:28:22.096031" elapsed="0.000626"/>
</kw>
<kw name="Log" owner="BuiltIn">
<msg time="2024-06-13T12:28:22.097171" level="INFO">{'results': [{'gender': 'female', 'name': {'title': 'Miss', 'first': 'Monika', 'last': 'Alfredsen'}, 'location': {'street': {'number': 3888, 'name': 'Lakkegata'}, 'city': 'Stordal', 'state': 'Description', 'country': 'Norway', 'postcode': '5855', 'coordinates': {'latitude': '39.2309', 'longitude': '47.2055'}, 'timezone': {'offset': '+3:00', 'description': 'Baghdad, Riyadh, Moscow, St. Petersburg'}}, 'email': 'monika.alfredsen@example.com', 'login': {'uuid': 'b05867c3-a2af-4877-86fd-651f3cee1d02', 'username': 'ticklishgorilla412', 'password': 'westwood', 'salt': 'lQ9FDDIA', 'md5': '40deb5c5a5e14db19090ee06903aa21a', 'sha1': '510f40ec379878d65fc000971426129a824ff800', 'sha256': '49de56f17b240ac3bb78fcd3a1d8cbd9421ba14157959bb2c90357542abb7c40'}, 'dob': {'date': '1949-12-05T09:55:35.425Z', 'age': 74}, 'registered': {'date': '2021-10-05T21:53:51.202Z', 'age': 2}, 'phone': '78918019', 'cell': '44075281', 'id': {'name': 'FN', 'value': '05124906875'}, 'picture': {'large': 'https://randomuser.me/api/portraits/women/20.jpg', 'medium': 'https://randomuser.me/api/portraits/med/women/20.jpg', 'thumbnail': 'https://randomuser.me/api/portraits/thumb/women/20.jpg'}, 'nat': 'NO'}], 'info': {'seed': 'e7f3cc16dcc67ffc', 'results': 1, 'page': 1, 'version': '1.4'}}</msg>
<arg>${json_data}</arg>
<doc>Logs the given message with the given level.</doc>
<status status="PASS" start="2024-06-13T12:28:22.097002" elapsed="0.000223"/>
</kw>
<kw name="Dictionary Should Contain Key" owner="Collections">
<arg>${json_data}</arg>
<arg>results</arg>
<doc>Fails if ``key`` is not found from ``dictionary``.</doc>
<status status="PASS" start="2024-06-13T12:28:22.097532" elapsed="0.000164"/>
</kw>
<kw name="Should Not Be Empty" owner="BuiltIn">
<msg time="2024-06-13T12:28:22.098023" level="INFO">Length is 2.</msg>
<arg>${json_data}</arg>
<doc>Verifies that the given item is not empty.</doc>
<status status="PASS" start="2024-06-13T12:28:22.097886" elapsed="0.000176"/>
</kw>
<kw name="Create List" owner="BuiltIn">
<msg time="2024-06-13T12:28:22.098551" level="INFO">${expected_keys} = ['gender', 'name', 'location', 'email', 'login']</msg>
<var>${expected_keys}</var>
<arg>gender</arg>
<arg>name</arg>
<arg>location</arg>
<arg>email</arg>
<arg>login</arg>
<doc>Returns a list containing given items.</doc>
<status status="PASS" start="2024-06-13T12:28:22.098396" elapsed="0.000179"/>
</kw>
<for flavor="IN">
<iter>
<kw name="Dictionary Should Contain Key" owner="Collections">
<arg>${json_data['results'][0]}</arg>
<arg>${key}</arg>
<doc>Fails if ``key`` is not found from ``dictionary``.</doc>
<status status="PASS" start="2024-06-13T12:28:22.099357" elapsed="0.000419"/>
</kw>
<kw name="Log" owner="BuiltIn">
<msg time="2024-06-13T12:28:22.100334" level="INFO">{'gender': 'female', 'name': {'title': 'Miss', 'first': 'Monika', 'last': 'Alfredsen'}, 'location': {'street': {'number': 3888, 'name': 'Lakkegata'}, 'city': 'Stordal', 'state': 'Description', 'country': 'Norway', 'postcode': '5855', 'coordinates': {'latitude': '39.2309', 'longitude': '47.2055'}, 'timezone': {'offset': '+3:00', 'description': 'Baghdad, Riyadh, Moscow, St. Petersburg'}}, 'email': 'monika.alfredsen@example.com', 'login': {'uuid': 'b05867c3-a2af-4877-86fd-651f3cee1d02', 'username': 'ticklishgorilla412', 'password': 'westwood', 'salt': 'lQ9FDDIA', 'md5': '40deb5c5a5e14db19090ee06903aa21a', 'sha1': '510f40ec379878d65fc000971426129a824ff800', 'sha256': '49de56f17b240ac3bb78fcd3a1d8cbd9421ba14157959bb2c90357542abb7c40'}, 'dob': {'date': '1949-12-05T09:55:35.425Z', 'age': 74}, 'registered': {'date': '2021-10-05T21:53:51.202Z', 'age': 2}, 'phone': '78918019', 'cell': '44075281', 'id': {'name': 'FN', 'value': '05124906875'}, 'picture': {'large': 'https://randomuser.me/api/portraits/women/20.jpg', 'medium': 'https://randomuser.me/api/portraits/med/women/20.jpg', 'thumbnail': 'https://randomuser.me/api/portraits/thumb/women/20.jpg'}, 'nat': 'NO'}</msg>
<arg>${json_data['results'][0]}</arg>
<doc>Logs the given message with the given level.</doc>
<status status="PASS" start="2024-06-13T12:28:22.099965" elapsed="0.000418"/>
</kw>
<kw name="Log" owner="BuiltIn">
<msg time="2024-06-13T12:28:22.100810" level="INFO">gender</msg>
<arg>${key}</arg>
<doc>Logs the given message with the given level.</doc>
<status status="PASS" start="2024-06-13T12:28:22.100681" elapsed="0.000167"/>
</kw>
<var name="${key}">gender</var>
<status status="PASS" start="2024-06-13T12:28:22.099225" elapsed="0.001839"/>
</iter>
<iter>
<kw name="Dictionary Should Contain Key" owner="Collections">
<arg>${json_data['results'][0]}</arg>
<arg>${key}</arg>
<doc>Fails if ``key`` is not found from ``dictionary``.</doc>
<status status="PASS" start="2024-06-13T12:28:22.101369" elapsed="0.000382"/>
</kw>
<kw name="Log" owner="BuiltIn">
<msg time="2024-06-13T12:28:22.102321" level="INFO">{'gender': 'female', 'name': {'title': 'Miss', 'first': 'Monika', 'last': 'Alfredsen'}, 'location': {'street': {'number': 3888, 'name': 'Lakkegata'}, 'city': 'Stordal', 'state': 'Description', 'country': 'Norway', 'postcode': '5855', 'coordinates': {'latitude': '39.2309', 'longitude': '47.2055'}, 'timezone': {'offset': '+3:00', 'description': 'Baghdad, Riyadh, Moscow, St. Petersburg'}}, 'email': 'monika.alfredsen@example.com', 'login': {'uuid': 'b05867c3-a2af-4877-86fd-651f3cee1d02', 'username': 'ticklishgorilla412', 'password': 'westwood', 'salt': 'lQ9FDDIA', 'md5': '40deb5c5a5e14db19090ee06903aa21a', 'sha1': '510f40ec379878d65fc000971426129a824ff800', 'sha256': '49de56f17b240ac3bb78fcd3a1d8cbd9421ba14157959bb2c90357542abb7c40'}, 'dob': {'date': '1949-12-05T09:55:35.425Z', 'age': 74}, 'registered': {'date': '2021-10-05T21:53:51.202Z', 'age': 2}, 'phone': '78918019', 'cell': '44075281', 'id': {'name': 'FN', 'value': '05124906875'}, 'picture': {'large': 'https://randomuser.me/api/portraits/women/20.jpg', 'medium': 'https://randomuser.me/api/portraits/med/women/20.jpg', 'thumbnail': 'https://randomuser.me/api/portraits/thumb/women/20.jpg'}, 'nat': 'NO'}</msg>
<arg>${json_data['results'][0]}</arg>
<doc>Logs the given message with the given level.</doc>
<status status="PASS" start="2024-06-13T12:28:22.101940" elapsed="0.000464"/>
</kw>
<kw name="Log" owner="BuiltIn">
<msg time="2024-06-13T12:28:22.102835" level="INFO">name</msg>
<arg>${key}</arg>
<doc>Logs the given message with the given level.</doc>
<status status="PASS" start="2024-06-13T12:28:22.102706" elapsed="0.000164"/>
</kw>
<var name="${key}">name</var>
<status status="PASS" start="2024-06-13T12:28:22.101254" elapsed="0.001831"/>
</iter>
<iter>
<kw name="Dictionary Should Contain Key" owner="Collections">
<arg>${json_data['results'][0]}</arg>
<arg>${key}</arg>
<doc>Fails if ``key`` is not found from ``dictionary``.</doc>
<status status="PASS" start="2024-06-13T12:28:22.103380" elapsed="0.000377"/>
</kw>
<kw name="Log" owner="BuiltIn">
<msg time="2024-06-13T12:28:22.104298" level="INFO">{'gender': 'female', 'name': {'title': 'Miss', 'first': 'Monika', 'last': 'Alfredsen'}, 'location': {'street': {'number': 3888, 'name': 'Lakkegata'}, 'city': 'Stordal', 'state': 'Description', 'country': 'Norway', 'postcode': '5855', 'coordinates': {'latitude': '39.2309', 'longitude': '47.2055'}, 'timezone': {'offset': '+3:00', 'description': 'Baghdad, Riyadh, Moscow, St. Petersburg'}}, 'email': 'monika.alfredsen@example.com', 'login': {'uuid': 'b05867c3-a2af-4877-86fd-651f3cee1d02', 'username': 'ticklishgorilla412', 'password': 'westwood', 'salt': 'lQ9FDDIA', 'md5': '40deb5c5a5e14db19090ee06903aa21a', 'sha1': '510f40ec379878d65fc000971426129a824ff800', 'sha256': '49de56f17b240ac3bb78fcd3a1d8cbd9421ba14157959bb2c90357542abb7c40'}, 'dob': {'date': '1949-12-05T09:55:35.425Z', 'age': 74}, 'registered': {'date': '2021-10-05T21:53:51.202Z', 'age': 2}, 'phone': '78918019', 'cell': '44075281', 'id': {'name': 'FN', 'value': '05124906875'}, 'picture': {'large': 'https://randomuser.me/api/portraits/women/20.jpg', 'medium': 'https://randomuser.me/api/portraits/med/women/20.jpg', 'thumbnail': 'https://randomuser.me/api/portraits/thumb/women/20.jpg'}, 'nat': 'NO'}</msg>
<arg>${json_data['results'][0]}</arg>
<doc>Logs the given message with the given level.</doc>
<status status="PASS" start="2024-06-13T12:28:22.103938" elapsed="0.000417"/>
</kw>
<kw name="Log" owner="BuiltIn">
<msg time="2024-06-13T12:28:22.104779" level="INFO">location</msg>
<arg>${key}</arg>
<doc>Logs the given message with the given level.</doc>
<status status="PASS" start="2024-06-13T12:28:22.104651" elapsed="0.000165"/>
</kw>
<var name="${key}">location</var>
<status status="PASS" start="2024-06-13T12:28:22.103270" elapsed="0.001764"/>
</iter>
<iter>
<kw name="Dictionary Should Contain Key" owner="Collections">
<arg>${json_data['results'][0]}</arg>
<arg>${key}</arg>
<doc>Fails if ``key`` is not found from ``dictionary``.</doc>
<status status="PASS" start="2024-06-13T12:28:22.105317" elapsed="0.000396"/>
</kw>
<kw name="Log" owner="BuiltIn">
<msg time="2024-06-13T12:28:22.106279" level="INFO">{'gender': 'female', 'name': {'title': 'Miss', 'first': 'Monika', 'last': 'Alfredsen'}, 'location': {'street': {'number': 3888, 'name': 'Lakkegata'}, 'city': 'Stordal', 'state': 'Description', 'country': 'Norway', 'postcode': '5855', 'coordinates': {'latitude': '39.2309', 'longitude': '47.2055'}, 'timezone': {'offset': '+3:00', 'description': 'Baghdad, Riyadh, Moscow, St. Petersburg'}}, 'email': 'monika.alfredsen@example.com', 'login': {'uuid': 'b05867c3-a2af-4877-86fd-651f3cee1d02', 'username': 'ticklishgorilla412', 'password': 'westwood', 'salt': 'lQ9FDDIA', 'md5': '40deb5c5a5e14db19090ee06903aa21a', 'sha1': '510f40ec379878d65fc000971426129a824ff800', 'sha256': '49de56f17b240ac3bb78fcd3a1d8cbd9421ba14157959bb2c90357542abb7c40'}, 'dob': {'date': '1949-12-05T09:55:35.425Z', 'age': 74}, 'registered': {'date': '2021-10-05T21:53:51.202Z', 'age': 2}, 'phone': '78918019', 'cell': '44075281', 'id': {'name': 'FN', 'value': '05124906875'}, 'picture': {'large': 'https://randomuser.me/api/portraits/women/20.jpg', 'medium': 'https://randomuser.me/api/portraits/med/women/20.jpg', 'thumbnail': 'https://randomuser.me/api/portraits/thumb/women/20.jpg'}, 'nat': 'NO'}</msg>
<arg>${json_data['results'][0]}</arg>
<doc>Logs the given message with the given level.</doc>
<status status="PASS" start="2024-06-13T12:28:22.105901" elapsed="0.000433"/>
</kw>
<kw name="Log" owner="BuiltIn">
<msg time="2024-06-13T12:28:22.106768" level="INFO">email</msg>
<arg>${key}</arg>
<doc>Logs the given message with the given level.</doc>
<status status="PASS" start="2024-06-13T12:28:22.106638" elapsed="0.000167"/>
</kw>
<var name="${key}">email</var>
<status status="PASS" start="2024-06-13T12:28:22.105209" elapsed="0.001812"/>
</iter>
<iter>
<kw name="Dictionary Should Contain Key" owner="Collections">
<arg>${json_data['results'][0]}</arg>
<arg>${key}</arg>
<doc>Fails if ``key`` is not found from ``dictionary``.</doc>
<status status="PASS" start="2024-06-13T12:28:22.107309" elapsed="0.000410"/>
</kw>
<kw name="Log" owner="BuiltIn">
<msg time="2024-06-13T12:28:22.108256" level="INFO">{'gender': 'female', 'name': {'title': 'Miss', 'first': 'Monika', 'last': 'Alfredsen'}, 'location': {'street': {'number': 3888, 'name': 'Lakkegata'}, 'city': 'Stordal', 'state': 'Description', 'country': 'Norway', 'postcode': '5855', 'coordinates': {'latitude': '39.2309', 'longitude': '47.2055'}, 'timezone': {'offset': '+3:00', 'description': 'Baghdad, Riyadh, Moscow, St. Petersburg'}}, 'email': 'monika.alfredsen@example.com', 'login': {'uuid': 'b05867c3-a2af-4877-86fd-651f3cee1d02', 'username': 'ticklishgorilla412', 'password': 'westwood', 'salt': 'lQ9FDDIA', 'md5': '40deb5c5a5e14db19090ee06903aa21a', 'sha1': '510f40ec379878d65fc000971426129a824ff800', 'sha256': '49de56f17b240ac3bb78fcd3a1d8cbd9421ba14157959bb2c90357542abb7c40'}, 'dob': {'date': '1949-12-05T09:55:35.425Z', 'age': 74}, 'registered': {'date': '2021-10-05T21:53:51.202Z', 'age': 2}, 'phone': '78918019', 'cell': '44075281', 'id': {'name': 'FN', 'value': '05124906875'}, 'picture': {'large': 'https://randomuser.me/api/portraits/women/20.jpg', 'medium': 'https://randomuser.me/api/portraits/med/women/20.jpg', 'thumbnail': 'https://randomuser.me/api/portraits/thumb/women/20.jpg'}, 'nat': 'NO'}</msg>
<arg>${json_data['results'][0]}</arg>
<doc>Logs the given message with the given level.</doc>
<status status="PASS" start="2024-06-13T12:28:22.107905" elapsed="0.000400"/>
</kw>
<kw name="Log" owner="BuiltIn">
<msg time="2024-06-13T12:28:22.108731" level="INFO">login</msg>
<arg>${key}</arg>
<doc>Logs the given message with the given level.</doc>
<status status="PASS" start="2024-06-13T12:28:22.108603" elapsed="0.000172"/>
</kw>
<var name="${key}">login</var>
<status status="PASS" start="2024-06-13T12:28:22.107198" elapsed="0.001792"/>
</iter>
<var>${key}</var>
<value>@{expected_keys}</value>
<status status="PASS" start="2024-06-13T12:28:22.099026" elapsed="0.010089"/>
</for>
<kw name="Create List" owner="BuiltIn">
<msg time="2024-06-13T12:28:22.109487" level="INFO">${expected_keysTwo} = ['username', 'password']</msg>
<var>${expected_keysTwo}</var>
<arg>username</arg>
<arg>password</arg>
<doc>Returns a list containing given items.</doc>
<status status="PASS" start="2024-06-13T12:28:22.109310" elapsed="0.000202"/>
</kw>
<for flavor="IN">
<iter>
<kw name="Dictionary Should Contain Key" owner="Collections">
<arg>${json_data['results'][0]['login']}</arg>
<arg>${keyTwo}</arg>
<doc>Fails if ``key`` is not found from ``dictionary``.</doc>
<status status="PASS" start="2024-06-13T12:28:22.110019" elapsed="0.000422"/>
</kw>
<kw name="Dictionary Should Contain Key" owner="Collections">
<arg>${json_data['results'][0]['login']}</arg>
<arg>${keyTwo}</arg>
<doc>Fails if ``key`` is not found from ``dictionary``.</doc>
<status status="PASS" start="2024-06-13T12:28:22.110624" elapsed="0.000385"/>
</kw>
<kw name="Log" owner="BuiltIn">
<msg time="2024-06-13T12:28:22.111308" level="INFO">username</msg>
<arg>${keyTwo}</arg>
<doc>Logs the given message with the given level.</doc>
<status status="PASS" start="2024-06-13T12:28:22.111188" elapsed="0.000161"/>
</kw>
<var name="${keyTwo}">username</var>
<status status="PASS" start="2024-06-13T12:28:22.109911" elapsed="0.001660"/>
</iter>
<iter>
<kw name="Dictionary Should Contain Key" owner="Collections">
<arg>${json_data['results'][0]['login']}</arg>
<arg>${keyTwo}</arg>
<doc>Fails if ``key`` is not found from ``dictionary``.</doc>
<status status="PASS" start="2024-06-13T12:28:22.111861" elapsed="0.000389"/>
</kw>
<kw name="Dictionary Should Contain Key" owner="Collections">
<arg>${json_data['results'][0]['login']}</arg>
<arg>${keyTwo}</arg>
<doc>Fails if ``key`` is not found from ``dictionary``.</doc>
<status status="PASS" start="2024-06-13T12:28:22.112432" elapsed="0.000378"/>
</kw>
<kw name="Log" owner="BuiltIn">
<msg time="2024-06-13T12:28:22.113109" level="INFO">password</msg>
<arg>${keyTwo}</arg>
<doc>Logs the given message with the given level.</doc>
<status status="PASS" start="2024-06-13T12:28:22.112989" elapsed="0.000156"/>
</kw>
<var name="${keyTwo}">password</var>
<status status="PASS" start="2024-06-13T12:28:22.111750" elapsed="0.001616"/>
</iter>
<var>${keyTwo}</var>
<value>@{expected_keysTwo}</value>
<status status="PASS" start="2024-06-13T12:28:22.109753" elapsed="0.003736"/>
</for>
<status status="PASS" start="2024-06-13T12:28:22.002412" elapsed="0.111218"/>
</kw>
<doc>Testa a estrutura da resposta da API.</doc>
<tag>testeEstruturaResposta</tag>
<status status="PASS" start="2024-06-13T12:28:22.001749" elapsed="0.112040"/>
</test>
<test id="s1-s1-t4" name="Validar tipos de dados" line="28">
<kw name="Teste de Tipos de Dados" owner="random-user-service">
<kw name="GET On Session" owner="RequestsLibrary">
<msg time="2024-06-13T12:28:22.189989" level="INFO">GET Request : url=https://randomuser.me/api 
 path_url=/api 
 headers={'User-Agent': 'python-requests/2.32.3', 'Accept-Encoding': 'gzip, deflate', 'Accept': '*/*', 'Connection': 'keep-alive'} 
 body=None 
 </msg>
<msg time="2024-06-13T12:28:22.190064" level="INFO">GET Response : url=https://randomuser.me/api 
 status=200, reason=OK 
 headers={'Date': 'Thu, 13 Jun 2024 12:28:22 GMT', 'Content-Type': 'application/json; charset=utf-8', 'Transfer-Encoding': 'chunked', 'Connection': 'keep-alive', 'X-Powered-By': 'Express', 'Access-Control-Allow-Origin': '*', 'Cache-Control': 'no-cache', 'ETag': 'W/"48b-u2BSsaCCRyHbOSEubXhtjfaFMEo"', 'Vary': 'Accept-Encoding', 'Content-Encoding': 'gzip', 'CF-Cache-Status': 'DYNAMIC', 'Report-To': '{"endpoints":[{"url":"https:\\/\\/a.nel.cloudflare.com\\/report\\/v4?s=ZS928IkYFhMdfguEgHImHvo7OF5blDghvOFTOFrGPDFCuKjipSZU%2FdLzu6%2FyzdB%2BurO5mE47P6X5OGiPgQdrPL4YSrjYmCIpLZstmafJznIh4kapJsSHIPTyvDCQQvEm"}],"group":"cf-nel","max_age":604800}', 'NEL': '{"success_fraction":0,"report_to":"cf-nel","max_age":604800}', 'Server': 'cloudflare', 'CF-RAY': '8932147e4b9181c1-IAD', 'alt-svc': 'h3=":443"; ma=86400'} 
 body={"results":[{"gender":"female","name":{"title":"Ms","first":"Andrea","last":"Fields"},"location":{"street":{"number":3334,"name":"St. John’S Road"},"city":"Canterbury","state":"West Yorkshire","country":"United Kingdom","postcode":"OU47 2ES","coordinates":{"latitude":"-8.8985","longitude":"79.1418"},"timezone":{"offset":"+4:30","description":"Kabul"}},"email":"andrea.fields@example.com","login":{"uuid":"13da5c2f-f24b-4340-a60a-91ff1e6f94d1","username":"redmouse201","password":"1220","salt":"jpQnqdQA","md5":"c6c6bc41b32f796c533765b85d88b885","sha1":"cef9cb3e2e19e828844563a2a0965b1e5f8a8c1e","sha256":"c82fe0968391480f345388728ebaca1bfb08c9cb5b186b6c84d2435f1422ddd7"},"dob":{"date":"1998-09-10T05:28:21.739Z","age":25},"registered":{"date":"2021-03-11T05:20:12.690Z","age":3},"phone":"017684 43656","cell":"07363 568134","id":{"name":"NINO","value":"PL 36 04 68 E"},"picture":{"large":"https://randomuser.me/api/portraits/women/11.jpg","medium":"https://randomuser.me/api/portraits/med/women/11.jpg","thumbnail":"https://randomuser.me/api/portraits/thumb/women/11.jpg"},"nat":"GB"}],"info":{"seed":"1313c7170fd42c3d","results":1,"page":1,"version":"1.4"}} 
 </msg>
<msg time="2024-06-13T12:28:22.190131" level="INFO">/opt/hostedtoolcache/Python/3.12.3/x64/lib/python3.12/site-packages/urllib3/connectionpool.py:1103: InsecureRequestWarning: Unverified HTTPS request is being made to host 'randomuser.me'. Adding certificate verification is strongly advised. See: https://urllib3.readthedocs.io/en/latest/advanced-usage.html#tls-warnings
  warnings.warn(</msg>
<msg time="2024-06-13T12:28:22.190259" level="INFO">${response} = &lt;Response [200]&gt;</msg>
<var>${response}</var>
<arg>consultarAPI</arg>
<arg>/api</arg>
<doc>Sends a GET request on a previously created HTTP Session.</doc>
<status status="PASS" start="2024-06-13T12:28:22.116485" elapsed="0.073815"/>
</kw>
<kw name="Set Variable" owner="BuiltIn">
<msg time="2024-06-13T12:28:22.191360" level="INFO">${json_data} = {'results': [{'gender': 'female', 'name': {'title': 'Ms', 'first': 'Andrea', 'last': 'Fields'}, 'location': {'street': {'number': 3334, 'name': 'St. John’S Road'}, 'city': 'Canterbury', 'state': 'West...</msg>
<var>${json_data}</var>
<arg>${response.json()}</arg>
<doc>Returns the given values which can then be assigned to a variables.</doc>
<status status="PASS" start="2024-06-13T12:28:22.190796" elapsed="0.000596"/>
</kw>
<kw name="Log" owner="BuiltIn">
<msg time="2024-06-13T12:28:22.191870" level="INFO">{'results': [{'gender': 'female', 'name': {'title': 'Ms', 'first': 'Andrea', 'last': 'Fields'}, 'location': {'street': {'number': 3334, 'name': 'St. John’S Road'}, 'city': 'Canterbury', 'state': 'West Yorkshire', 'country': 'United Kingdom', 'postcode': 'OU47 2ES', 'coordinates': {'latitude': '-8.8985', 'longitude': '79.1418'}, 'timezone': {'offset': '+4:30', 'description': 'Kabul'}}, 'email': 'andrea.fields@example.com', 'login': {'uuid': '13da5c2f-f24b-4340-a60a-91ff1e6f94d1', 'username': 'redmouse201', 'password': '1220', 'salt': 'jpQnqdQA', 'md5': 'c6c6bc41b32f796c533765b85d88b885', 'sha1': 'cef9cb3e2e19e828844563a2a0965b1e5f8a8c1e', 'sha256': 'c82fe0968391480f345388728ebaca1bfb08c9cb5b186b6c84d2435f1422ddd7'}, 'dob': {'date': '1998-09-10T05:28:21.739Z', 'age': 25}, 'registered': {'date': '2021-03-11T05:20:12.690Z', 'age': 3}, 'phone': '017684 43656', 'cell': '07363 568134', 'id': {'name': 'NINO', 'value': 'PL 36 04 68 E'}, 'picture': {'large': 'https://randomuser.me/api/portraits/women/11.jpg', 'medium': 'https://randomuser.me/api/portraits/med/women/11.jpg', 'thumbnail': 'https://randomuser.me/api/portraits/thumb/women/11.jpg'}, 'nat': 'GB'}], 'info': {'seed': '1313c7170fd42c3d', 'results': 1, 'page': 1, 'version': '1.4'}}</msg>
<arg>${json_data}</arg>
<doc>Logs the given message with the given level.</doc>
<status status="PASS" start="2024-06-13T12:28:22.191711" elapsed="0.000210"/>
</kw>
<kw name="Should Be String" owner="String">
<arg>${json_data['results'][0]['gender']}</arg>
<doc>Fails if the given ``item`` is not a string.</doc>
<status status="PASS" start="2024-06-13T12:28:22.192218" elapsed="0.000353"/>
</kw>
<kw name="Should Match Regexp" owner="BuiltIn">
<arg>${json_data['results'][0]['email']}</arg>
<arg>^[a-zA-Z0-9._%+-]+@[a-zA-Z0-9.-]+\.[a-zA-Z]{2,}$</arg>
<doc>Fails if ``string`` does not match ``pattern`` as a regular expression.</doc>
<status status="PASS" start="2024-06-13T12:28:22.192761" elapsed="0.000560"/>
</kw>
<kw name="Should Match Regexp" owner="BuiltIn">
<arg>${json_data['results'][0]['dob']['date']}</arg>
<arg>\\d{4}-\\d{2}-\\d{2}T\\d{2}:\\d{2}:\\d{2}\\.\\d{3}Z</arg>
<doc>Fails if ``string`` does not match ``pattern`` as a regular expression.</doc>
<status status="PASS" start="2024-06-13T12:28:22.193519" elapsed="0.000477"/>
</kw>
<kw name="Should Match Regexp" owner="BuiltIn">
<arg>${json_data['results'][0]['registered']['date']}</arg>
<arg>\\d{4}-\\d{2}-\\d{2}T\\d{2}:\\d{2}:\\d{2}\\.\\d{3}Z</arg>
<doc>Fails if ``string`` does not match ``pattern`` as a regular expression.</doc>
<status status="PASS" start="2024-06-13T12:28:22.194192" elapsed="0.000405"/>
</kw>
<kw name="Should Match Regexp" owner="BuiltIn">
<arg>${json_data['results'][0]['picture']['large']}</arg>
<arg>^https?://.*\.(?:png|jpe?g|gif|bmp)$</arg>
<doc>Fails if ``string`` does not match ``pattern`` as a regular expression.</doc>
<status status="PASS" start="2024-06-13T12:28:22.194786" elapsed="0.000455"/>
</kw>
<kw name="Should Match Regexp" owner="BuiltIn">
<arg>${json_data['results'][0]['picture']['medium']}</arg>
<arg>^https?://.*\.(?:png|jpe?g|gif|bmp)$</arg>
<doc>Fails if ``string`` does not match ``pattern`` as a regular expression.</doc>
<status status="PASS" start="2024-06-13T12:28:22.195439" elapsed="0.000361"/>
</kw>
<kw name="Should Match Regexp" owner="BuiltIn">
<arg>${json_data['results'][0]['picture']['thumbnail']}</arg>
<arg>^https?://.*\.(?:png|jpe?g|gif|bmp)$</arg>
<doc>Fails if ``string`` does not match ``pattern`` as a regular expression.</doc>
<status status="PASS" start="2024-06-13T12:28:22.195986" elapsed="0.000354"/>
</kw>
<kw name="Log" owner="BuiltIn">
<msg time="2024-06-13T12:28:22.196846" level="INFO">{'large': 'https://randomuser.me/api/portraits/women/11.jpg', 'medium': 'https://randomuser.me/api/portraits/med/women/11.jpg', 'thumbnail': 'https://randomuser.me/api/portraits/thumb/women/11.jpg'}</msg>
<arg>${json_data['results'][0]['picture']}</arg>
<doc>Logs the given message with the given level.</doc>
<status status="PASS" start="2024-06-13T12:28:22.196524" elapsed="0.000365"/>
</kw>
<status status="PASS" start="2024-06-13T12:28:22.116254" elapsed="0.080888"/>
</kw>
<kw name="Teste de Tipos de Dados - Postcode" owner="random-user-service">
<kw name="GET On Session" owner="RequestsLibrary">
<msg time="2024-06-13T12:28:22.290833" level="INFO">GET Request : url=https://randomuser.me/api 
 path_url=/api 
 headers={'User-Agent': 'python-requests/2.32.3', 'Accept-Encoding': 'gzip, deflate', 'Accept': '*/*', 'Connection': 'keep-alive'} 
 body=None 
 </msg>
<msg time="2024-06-13T12:28:22.290925" level="INFO">GET Response : url=https://randomuser.me/api 
 status=200, reason=OK 
 headers={'Date': 'Thu, 13 Jun 2024 12:28:22 GMT', 'Content-Type': 'application/json; charset=utf-8', 'Transfer-Encoding': 'chunked', 'Connection': 'keep-alive', 'X-Powered-By': 'Express', 'Access-Control-Allow-Origin': '*', 'Cache-Control': 'no-cache', 'ETag': 'W/"496-GfxJEfVqT3bXaWkmp4kb+dSnbrU"', 'Vary': 'Accept-Encoding', 'Content-Encoding': 'gzip', 'CF-Cache-Status': 'DYNAMIC', 'Report-To': '{"endpoints":[{"url":"https:\\/\\/a.nel.cloudflare.com\\/report\\/v4?s=jSsKatK%2FryC9hyEeWeSDKRPD1pLFilmragdR7TvOxIvJiuvx6%2Fj1JM7zT15wI0Y1xXqBErfhhv9n5r3Y4%2FWV1yLd3%2FrO0tdb%2B%2FNvoahWNkdPhus7eA8yMk702BoF4dP1"}],"group":"cf-nel","max_age":604800}', 'NEL': '{"success_fraction":0,"report_to":"cf-nel","max_age":604800}', 'Server': 'cloudflare', 'CF-RAY': '8932147ecc2481c1-IAD', 'alt-svc': 'h3=":443"; ma=86400'} 
 body={"results":[{"gender":"female","name":{"title":"Ms","first":"Kaylee","last":"Evans"},"location":{"street":{"number":6870,"name":"Samaritan Dr"},"city":"Norwalk","state":"Louisiana","country":"United States","postcode":27462,"coordinates":{"latitude":"85.8700","longitude":"56.9817"},"timezone":{"offset":"+4:00","description":"Abu Dhabi, Muscat, Baku, Tbilisi"}},"email":"kaylee.evans@example.com","login":{"uuid":"83baab95-3dc5-45c8-a2f4-2c5062465ebb","username":"crazycat821","password":"webster","salt":"1WwxWIli","md5":"46d5be4eced5d09e5b6e75896e513449","sha1":"b2e40752baa48d61ffabce3340f2f7ee96e48379","sha256":"f049cfa3452eca9ca04bae1d386f12e7373e71cfbc11c2d187fb68f1143d4fb1"},"dob":{"date":"1963-05-05T15:05:24.932Z","age":61},"registered":{"date":"2003-06-19T14:37:09.099Z","age":20},"phone":"(323) 487-7037","cell":"(318) 806-8452","id":{"name":"SSN","value":"527-31-5230"},"picture":{"large":"https://randomuser.me/api/portraits/women/38.jpg","medium":"https://randomuser.me/api/portraits/med/women/38.jpg","thumbnail":"https://randomuser.me/api/portraits/thumb/women/38.jpg"},"nat":"US"}],"info":{"seed":"75e60df6a253491d","results":1,"page":1,"version":"1.4"}} 
 </msg>
<msg time="2024-06-13T12:28:22.291001" level="INFO">/opt/hostedtoolcache/Python/3.12.3/x64/lib/python3.12/site-packages/urllib3/connectionpool.py:1103: InsecureRequestWarning: Unverified HTTPS request is being made to host 'randomuser.me'. Adding certificate verification is strongly advised. See: https://urllib3.readthedocs.io/en/latest/advanced-usage.html#tls-warnings
  warnings.warn(</msg>
<msg time="2024-06-13T12:28:22.291123" level="INFO">${response} = &lt;Response [200]&gt;</msg>
<var>${response}</var>
<arg>consultarAPI</arg>
<arg>/api</arg>
<doc>Sends a GET request on a previously created HTTP Session.</doc>
<status status="PASS" start="2024-06-13T12:28:22.197583" elapsed="0.093578"/>
</kw>
<kw name="Set Variable" owner="BuiltIn">
<msg time="2024-06-13T12:28:22.292008" level="INFO">${json_data} = {'results': [{'gender': 'female', 'name': {'title': 'Ms', 'first': 'Kaylee', 'last': 'Evans'}, 'location': {'street': {'number': 6870, 'name': 'Samaritan Dr'}, 'city': 'Norwalk', 'state': 'Louisiana',...</msg>
<var>${json_data}</var>
<arg>${response.json()}</arg>
<doc>Returns the given values which can then be assigned to a variables.</doc>
<status status="PASS" start="2024-06-13T12:28:22.291553" elapsed="0.000484"/>
</kw>
<kw name="Log" owner="BuiltIn">
<msg time="2024-06-13T12:28:22.292486" level="INFO">{'results': [{'gender': 'female', 'name': {'title': 'Ms', 'first': 'Kaylee', 'last': 'Evans'}, 'location': {'street': {'number': 6870, 'name': 'Samaritan Dr'}, 'city': 'Norwalk', 'state': 'Louisiana', 'country': 'United States', 'postcode': 27462, 'coordinates': {'latitude': '85.8700', 'longitude': '56.9817'}, 'timezone': {'offset': '+4:00', 'description': 'Abu Dhabi, Muscat, Baku, Tbilisi'}}, 'email': 'kaylee.evans@example.com', 'login': {'uuid': '83baab95-3dc5-45c8-a2f4-2c5062465ebb', 'username': 'crazycat821', 'password': 'webster', 'salt': '1WwxWIli', 'md5': '46d5be4eced5d09e5b6e75896e513449', 'sha1': 'b2e40752baa48d61ffabce3340f2f7ee96e48379', 'sha256': 'f049cfa3452eca9ca04bae1d386f12e7373e71cfbc11c2d187fb68f1143d4fb1'}, 'dob': {'date': '1963-05-05T15:05:24.932Z', 'age': 61}, 'registered': {'date': '2003-06-19T14:37:09.099Z', 'age': 20}, 'phone': '(323) 487-7037', 'cell': '(318) 806-8452', 'id': {'name': 'SSN', 'value': '527-31-5230'}, 'picture': {'large': 'https://randomuser.me/api/portraits/women/38.jpg', 'medium': 'https://randomuser.me/api/portraits/med/women/38.jpg', 'thumbnail': 'https://randomuser.me/api/portraits/thumb/women/38.jpg'}, 'nat': 'US'}], 'info': {'seed': '75e60df6a253491d', 'results': 1, 'page': 1, 'version': '1.4'}}</msg>
<arg>${json_data}</arg>
<doc>Logs the given message with the given level.</doc>
<status status="PASS" start="2024-06-13T12:28:22.292334" elapsed="0.000200"/>
</kw>
<kw name="Should Be Equal As Numbers" owner="BuiltIn">
<arg>${json_data['results'][0]['location']['postcode']}</arg>
<arg>${json_data['results'][0]['location']['postcode']}</arg>
<doc>Fails if objects are unequal after converting them to real numbers.</doc>
<status status="PASS" start="2024-06-13T12:28:22.292832" elapsed="0.000621"/>
</kw>
<kw name="Log" owner="BuiltIn">
<msg time="2024-06-13T12:28:22.293998" level="INFO">27462</msg>
<arg>${json_data['results'][0]['location']['postcode']}</arg>
<doc>Logs the given message with the given level.</doc>
<status status="PASS" start="2024-06-13T12:28:22.293655" elapsed="0.000417"/>
</kw>
<status status="PASS" start="2024-06-13T12:28:22.197362" elapsed="0.096991"/>
</kw>
<doc>Testa se os tipos de dados na resposta da API estão corretos.</doc>
<tag>testeTiposDados</tag>
<status status="PASS" start="2024-06-13T12:28:22.115604" elapsed="0.178927"/>
</test>
<test id="s1-s1-t5" name="Validar conteudo" line="35">
<kw name="Teste de Tipos de Conteudo" owner="random-user-service">
<kw name="GET On Session" owner="RequestsLibrary">
<msg time="2024-06-13T12:28:22.401694" level="INFO">GET Request : url=https://randomuser.me/api 
 path_url=/api 
 headers={'User-Agent': 'python-requests/2.32.3', 'Accept-Encoding': 'gzip, deflate', 'Accept': '*/*', 'Connection': 'keep-alive'} 
 body=None 
 </msg>
<msg time="2024-06-13T12:28:22.401803" level="INFO">GET Response : url=https://randomuser.me/api 
 status=200, reason=OK 
 headers={'Date': 'Thu, 13 Jun 2024 12:28:22 GMT', 'Content-Type': 'application/json; charset=utf-8', 'Transfer-Encoding': 'chunked', 'Connection': 'keep-alive', 'X-Powered-By': 'Express', 'Access-Control-Allow-Origin': '*', 'Cache-Control': 'no-cache', 'ETag': 'W/"489-nGckGW5WzD+1a2iSD0aFKYoTYxQ"', 'Vary': 'Accept-Encoding', 'Content-Encoding': 'gzip', 'CF-Cache-Status': 'DYNAMIC', 'Report-To': '{"endpoints":[{"url":"https:\\/\\/a.nel.cloudflare.com\\/report\\/v4?s=xU12B7dGmtq3U8Qb8GYSWgtRco2QgpWdu4c3GPie5%2FDnOxU6rszIcQvhqkfZii5pGk4YJ1cXLY2kzfpEruPJnTclYcgkRnQkFPbcKc%2FCgWWZaOF1ca6adelrY5yh%2BK83"}],"group":"cf-nel","max_age":604800}', 'NEL': '{"success_fraction":0,"report_to":"cf-nel","max_age":604800}', 'Server': 'cloudflare', 'CF-RAY': '8932147f6ce881c1-IAD', 'alt-svc': 'h3=":443"; ma=86400'} 
 body={"results":[{"gender":"female","name":{"title":"Miss","first":"Silje","last":"Jensen"},"location":{"street":{"number":3584,"name":"Aabenraavej"},"city":"Esbjerg V","state":"Hovedstaden","country":"Denmark","postcode":63976,"coordinates":{"latitude":"-38.6391","longitude":"96.9342"},"timezone":{"offset":"-1:00","description":"Azores, Cape Verde Islands"}},"email":"silje.jensen@example.com","login":{"uuid":"d3465032-94e2-4d1b-a0b5-35b7e44c3946","username":"goldenelephant395","password":"qazqaz","salt":"s6i1fS5d","md5":"c6067c9ec7d4bc90fdd772c24e8b23cc","sha1":"a83c7873ead7975972e48b51872e94a220098d8b","sha256":"44e3a8a8e203ac95a9383879bd5f88c7c54971f52a21723ec92a28d97d22aa59"},"dob":{"date":"1986-09-19T01:08:55.946Z","age":37},"registered":{"date":"2011-11-16T17:55:24.247Z","age":12},"phone":"33726235","cell":"83437725","id":{"name":"CPR","value":"180986-8496"},"picture":{"large":"https://randomuser.me/api/portraits/women/88.jpg","medium":"https://randomuser.me/api/portraits/med/women/88.jpg","thumbnail":"https://randomuser.me/api/portraits/thumb/women/88.jpg"},"nat":"DK"}],"info":{"seed":"f07606bb9c95c837","results":1,"page":1,"version":"1.4"}} 
 </msg>
<msg time="2024-06-13T12:28:22.401901" level="INFO">/opt/hostedtoolcache/Python/3.12.3/x64/lib/python3.12/site-packages/urllib3/connectionpool.py:1103: InsecureRequestWarning: Unverified HTTPS request is being made to host 'randomuser.me'. Adding certificate verification is strongly advised. See: https://urllib3.readthedocs.io/en/latest/advanced-usage.html#tls-warnings
  warnings.warn(</msg>
<msg time="2024-06-13T12:28:22.402037" level="INFO">${response} = &lt;Response [200]&gt;</msg>
<var>${response}</var>
<arg>consultarAPI</arg>
<arg>/api</arg>
<doc>Sends a GET request on a previously created HTTP Session.</doc>
<status status="PASS" start="2024-06-13T12:28:22.297101" elapsed="0.104981"/>
</kw>
<kw name="Set Variable" owner="BuiltIn">
<msg time="2024-06-13T12:28:22.403201" level="INFO">${json_data} = {'results': [{'gender': 'female', 'name': {'title': 'Miss', 'first': 'Silje', 'last': 'Jensen'}, 'location': {'street': {'number': 3584, 'name': 'Aabenraavej'}, 'city': 'Esbjerg V', 'state': 'Hovedsta...</msg>
<var>${json_data}</var>
<arg>${response.json()}</arg>
<doc>Returns the given values which can then be assigned to a variables.</doc>
<status status="PASS" start="2024-06-13T12:28:22.402693" elapsed="0.000537"/>
</kw>
<kw name="Set Variable" owner="BuiltIn">
<msg time="2024-06-13T12:28:22.403908" level="INFO">${name_title} = Miss</msg>
<var>${name_title}</var>
<arg>${json_data["results"][0]["name"]["title"]}</arg>
<doc>Returns the given values which can then be assigned to a variables.</doc>
<status status="PASS" start="2024-06-13T12:28:22.403532" elapsed="0.000401"/>
</kw>
<kw name="Create List" owner="BuiltIn">
<msg time="2024-06-13T12:28:22.404377" level="INFO">${allowed_titles} = ['Mr', 'Ms', 'Miss', 'Mrs', 'Madame', 'Monsieur']</msg>
<var>${allowed_titles}</var>
<arg>Mr</arg>
<arg>Ms</arg>
<arg>Miss</arg>
<arg>Mrs</arg>
<arg>Madame</arg>
<arg>Monsieur</arg>
<doc>Returns a list containing given items.</doc>
<status status="PASS" start="2024-06-13T12:28:22.404227" elapsed="0.000174"/>
</kw>
<kw name="List Should Contain Value" owner="Collections">
<arg>${allowed_titles}</arg>
<arg>${name_title}</arg>
<doc>Fails if the ``value`` is not found from ``list``.</doc>
<status status="PASS" start="2024-06-13T12:28:22.404710" elapsed="0.000191"/>
</kw>
<kw name="Set Variable" owner="BuiltIn">
<msg time="2024-06-13T12:28:22.405441" level="INFO">${name_country} = DK</msg>
<var>${name_country}</var>
<arg>${json_data["results"][0]["nat"]}</arg>
<doc>Returns the given values which can then be assigned to a variables.</doc>
<status status="PASS" start="2024-06-13T12:28:22.405080" elapsed="0.000385"/>
</kw>
<kw name="Create List" owner="BuiltIn">
<msg time="2024-06-13T12:28:22.406408" level="INFO">${list_country} = ['AD', 'AE', 'AF', 'AG', 'AI', 'AL', 'AM', 'AO', 'AQ', 'AR', 'AS', 'AT', 'AU', 'AW', 'AX', 'AZ', 'BA', 'BB', 'BD', 'BE', 'BF', 'BG', 'BH', 'BI', 'BJ', 'BL', 'BM', 'BN', 'BO', 'BQ', 'BR', 'BS', 'BT', '...</msg>
<var>${list_country}</var>
<arg>AD</arg>
<arg>AE</arg>
<arg>AF</arg>
<arg>AG</arg>
<arg>AI</arg>
<arg>AL</arg>
<arg>AM</arg>
<arg>AO</arg>
<arg>AQ</arg>
<arg>AR</arg>
<arg>AS</arg>
<arg>AT</arg>
<arg>AU</arg>
<arg>AW</arg>
<arg>AX</arg>
<arg>AZ</arg>
<arg>BA</arg>
<arg>BB</arg>
<arg>BD</arg>
<arg>BE</arg>
<arg>BF</arg>
<arg>BG</arg>
<arg>BH</arg>
<arg>BI</arg>
<arg>BJ</arg>
<arg>BL</arg>
<arg>BM</arg>
<arg>BN</arg>
<arg>BO</arg>
<arg>BQ</arg>
<arg>BR</arg>
<arg>BS</arg>
<arg>BT</arg>
<arg>BV</arg>
<arg>BW</arg>
<arg>BY</arg>
<arg>BZ</arg>
<arg>CA</arg>
<arg>CC</arg>
<arg>CD</arg>
<arg>CF</arg>
<arg>CG</arg>
<arg>CH</arg>
<arg>CI</arg>
<arg>CK</arg>
<arg>CL</arg>
<arg>CM</arg>
<arg>CN</arg>
<arg>CO</arg>
<arg>CR</arg>
<arg>CU</arg>
<arg>CV</arg>
<arg>CW</arg>
<arg>CX</arg>
<arg>CY</arg>
<arg>CZ</arg>
<arg>DE</arg>
<arg>DJ</arg>
<arg>DK</arg>
<arg>DM</arg>
<arg>DO</arg>
<arg>DZ</arg>
<arg>EC</arg>
<arg>EE</arg>
<arg>EG</arg>
<arg>EH</arg>
<arg>ER</arg>
<arg>ES</arg>
<arg>ET</arg>
<arg>FI</arg>
<arg>FJ</arg>
<arg>FK</arg>
<arg>FM</arg>
<arg>FO</arg>
<arg>FR</arg>
<arg>GA</arg>
<arg>GB</arg>
<arg>GD</arg>
<arg>GE</arg>
<arg>GF</arg>
<arg>GG</arg>
<arg>GH</arg>
<arg>GI</arg>
<arg>GL</arg>
<arg>GM</arg>
<arg>GN</arg>
<arg>GP</arg>
<arg>GQ</arg>
<arg>GR</arg>
<arg>GS</arg>
<arg>GT</arg>
<arg>GU</arg>
<arg>GW</arg>
<arg>GY</arg>
<arg>HK</arg>
<arg>HM</arg>
<arg>HN</arg>
<arg>HR</arg>
<arg>HT</arg>
<arg>HU</arg>
<arg>ID</arg>
<arg>IE</arg>
<arg>IL</arg>
<arg>IM</arg>
<arg>IN</arg>
<arg>IO</arg>
<arg>IQ</arg>
<arg>IR</arg>
<arg>IS</arg>
<arg>IT</arg>
<arg>JE</arg>
<arg>JM</arg>
<arg>JO</arg>
<arg>JP</arg>
<arg>KE</arg>
<arg>KG</arg>
<arg>KH</arg>
<arg>KI</arg>
<arg>KM</arg>
<arg>KN</arg>
<arg>KP</arg>
<arg>KR</arg>
<arg>KW</arg>
<arg>KY</arg>
<arg>KZ</arg>
<arg>LA</arg>
<arg>LB</arg>
<arg>LC</arg>
<arg>LI</arg>
<arg>LK</arg>
<arg>LR</arg>
<arg>LS</arg>
<arg>LT</arg>
<arg>LU</arg>
<arg>LV</arg>
<arg>LY</arg>
<arg>MA</arg>
<arg>MC</arg>
<arg>MD</arg>
<arg>ME</arg>
<arg>MF</arg>
<arg>MG</arg>
<arg>MH</arg>
<arg>MK</arg>
<arg>ML</arg>
<arg>MM</arg>
<arg>MN</arg>
<arg>MO</arg>
<arg>MP</arg>
<arg>MQ</arg>
<arg>MR</arg>
<arg>MS</arg>
<arg>MT</arg>
<arg>MU</arg>
<arg>MV</arg>
<arg>MW</arg>
<arg>MX</arg>
<arg>MY</arg>
<arg>MZ</arg>
<arg>NA</arg>
<arg>NC</arg>
<arg>NE</arg>
<arg>NF</arg>
<arg>NG</arg>
<arg>NI</arg>
<arg>NL</arg>
<arg>NO</arg>
<arg>NP</arg>
<arg>NR</arg>
<arg>NU</arg>
<arg>NZ</arg>
<arg>OM</arg>
<arg>PA</arg>
<arg>PE</arg>
<arg>PF</arg>
<arg>PG</arg>
<arg>PH</arg>
<arg>PK</arg>
<arg>PL</arg>
<arg>PM</arg>
<arg>PN</arg>
<arg>PR</arg>
<arg>PS</arg>
<arg>PT</arg>
<arg>PW</arg>
<arg>PY</arg>
<arg>QA</arg>
<arg>RE</arg>
<arg>RO</arg>
<arg>RS</arg>
<arg>RU</arg>
<arg>RW</arg>
<arg>SA</arg>
<arg>SB</arg>
<arg>SC</arg>
<arg>SD</arg>
<arg>SE</arg>
<arg>SG</arg>
<arg>SH</arg>
<arg>SI</arg>
<arg>SJ</arg>
<arg>SK</arg>
<arg>SL</arg>
<arg>SM</arg>
<arg>SN</arg>
<arg>SO</arg>
<arg>SR</arg>
<arg>SS</arg>
<arg>ST</arg>
<arg>SV</arg>
<arg>SX</arg>
<arg>SY</arg>
<arg>SZ</arg>
<arg>TC</arg>
<arg>TD</arg>
<arg>TF</arg>
<arg>TG</arg>
<arg>TH</arg>
<arg>TJ</arg>
<arg>TK</arg>
<arg>TL</arg>
<arg>TM</arg>
<arg>TN</arg>
<arg>TO</arg>
<arg>TR</arg>
<arg>TT</arg>
<arg>TV</arg>
<arg>TW</arg>
<arg>TZ</arg>
<arg>UA</arg>
<arg>UG</arg>
<arg>UM</arg>
<arg>US</arg>
<arg>UY</arg>
<arg>UZ</arg>
<arg>VA</arg>
<arg>VC</arg>
<arg>VE</arg>
<arg>VG</arg>
<arg>VI</arg>
<arg>VN</arg>
<arg>VU</arg>
<arg>WF</arg>
<arg>WS</arg>
<arg>XK</arg>
<arg>YE</arg>
<arg>YT</arg>
<arg>ZA</arg>
<arg>ZM</arg>
<arg>ZW</arg>
<doc>Returns a list containing given items.</doc>
<status status="PASS" start="2024-06-13T12:28:22.405757" elapsed="0.000679"/>
</kw>
<kw name="List Should Contain Value" owner="Collections">
<arg>${list_country}</arg>
<arg>${name_country}</arg>
<doc>Fails if the ``value`` is not found from ``list``.</doc>
<status status="PASS" start="2024-06-13T12:28:22.407239" elapsed="0.000216"/>
</kw>
<kw name="Run Keyword If" owner="BuiltIn">
<kw name="Should Be True" owner="BuiltIn">
<arg>${True}</arg>
<doc>Fails if the given condition is not true.</doc>
<status status="PASS" start="2024-06-13T12:28:22.408405" elapsed="0.000140"/>
</kw>
<arg>${json_data["results"][0]["location"]["coordinates"]["latitude"]} &gt;= -90 and ${json_data["results"][0]["location"]["coordinates"]["latitude"]} &lt;= 90</arg>
<arg>Should Be True</arg>
<arg>${True}</arg>
<doc>Runs the given keyword with the given arguments, if ``condition`` is true.</doc>
<status status="PASS" start="2024-06-13T12:28:22.407656" elapsed="0.001014"/>
</kw>
<kw name="Run Keyword If" owner="BuiltIn">
<kw name="Should Be True" owner="BuiltIn">
<arg>${True}</arg>
<doc>Fails if the given condition is not true.</doc>
<status status="PASS" start="2024-06-13T12:28:22.409529" elapsed="0.000135"/>
</kw>
<arg>${json_data["results"][0]["location"]["coordinates"]["longitude"]} &gt;= -180 and ${json_data["results"][0]["location"]["coordinates"]["longitude"]} &lt;= 180</arg>
<arg>Should Be True</arg>
<arg>${True}</arg>
<doc>Runs the given keyword with the given arguments, if ``condition`` is true.</doc>
<status status="PASS" start="2024-06-13T12:28:22.408851" elapsed="0.000935"/>
</kw>
<status status="PASS" start="2024-06-13T12:28:22.296731" elapsed="0.113187"/>
</kw>
<doc>Testa o conteúdo específico dos campos retornados pela API.</doc>
<tag>testeConteudo</tag>
<status status="PASS" start="2024-06-13T12:28:22.296282" elapsed="0.113790"/>
</test>
<status status="PASS" start="2024-06-13T12:28:21.476546" elapsed="0.935468"/>
</suite>
<status status="PASS" start="2024-06-13T12:28:21.463026" elapsed="0.954161"/>
</suite>
<statistics>
<total>
<stat pass="5" fail="0" skip="0">All Tests</stat>
</total>
<tag>
<stat pass="1" fail="0" skip="0">testeConteudo</stat>
<stat pass="1" fail="0" skip="0">testeEstruturaResposta</stat>
<stat pass="1" fail="0" skip="0">testeRequisicaoBasica</stat>
<stat pass="1" fail="0" skip="0">testeTiposDados</stat>
</tag>
<suite>
<stat pass="5" fail="0" skip="0" id="s1" name="Tests">Tests</stat>
<stat pass="5" fail="0" skip="0" id="s1-s1" name="Random-User-Test">Tests.Random-User-Test</stat>
</suite>
</statistics>
<errors>
</errors>
</robot>
