<?xml version="1.0" encoding="UTF-8"?>
<robot generator="Robot 7.0 (Python 3.12.3 on linux)" generated="2024-05-21T16:17:49.965669" rpa="false" schemaversion="5">
<suite id="s1" name="Tests" source="/home/runner/work/DesafioQAItauRogerioJordao/DesafioQAItauRogerioJordao/RamdonUser/tests">
<suite id="s1-s1" name="Random-User-Test" source="/home/runner/work/DesafioQAItauRogerioJordao/DesafioQAItauRogerioJordao/RamdonUser/tests/random-user-test.robot">
<test id="s1-s1-t1" name="Conectar" line="13">
<kw name="Conectar API" owner="random-user-service">
<kw name="Create Session" owner="RequestsLibrary">
<msg time="2024-05-21T16:17:50.361955" level="INFO">Creating Session using : alias=consultarAPI, url=https://randomuser.me/, headers={},                     cookies={}, auth=None, timeout=None, proxies=None, verify=False,                     debug=0 </msg>
<arg>consultarAPI</arg>
<arg>${URL}</arg>
<doc>Create Session: create a HTTP session to a server</doc>
<status status="PASS" start="2024-05-21T16:17:50.361740" elapsed="0.000421"/>
</kw>
<status status="PASS" start="2024-05-21T16:17:50.360685" elapsed="0.001866"/>
</kw>
<status status="PASS" start="2024-05-21T16:17:50.360011" elapsed="0.002738"/>
</test>
<test id="s1-s1-t2" name="Validar retorno 200 e JSON Válido" line="16">
<kw name="Teste de Requisicao Basica" owner="random-user-service">
<kw name="GET On Session" owner="RequestsLibrary">
<msg time="2024-05-21T16:17:50.908257" level="INFO">GET Request : url=https://randomuser.me/api 
 path_url=/api 
 headers={'User-Agent': 'python-requests/2.32.1', 'Accept-Encoding': 'gzip, deflate', 'Accept': '*/*', 'Connection': 'keep-alive'} 
 body=None 
 </msg>
<msg time="2024-05-21T16:17:50.908419" level="INFO">GET Response : url=https://randomuser.me/api 
 status=200, reason=OK 
 headers={'Date': 'Tue, 21 May 2024 16:17:50 GMT', 'Content-Type': 'application/json; charset=utf-8', 'Transfer-Encoding': 'chunked', 'Connection': 'keep-alive', 'X-Powered-By': 'Express', 'Access-Control-Allow-Origin': '*', 'Cache-Control': 'no-cache', 'ETag': 'W/"48f-pH0skIxQb+hX6/4KXzsojjt9/bU"', 'Vary': 'Accept-Encoding', 'Content-Encoding': 'gzip', 'CF-Cache-Status': 'DYNAMIC', 'Report-To': '{"endpoints":[{"url":"https:\\/\\/a.nel.cloudflare.com\\/report\\/v4?s=n3xdjLMXsK4zMYDcxdqYRNr1fLazP30aMaHgZ43paycj79gTWlUnRymm%2Fh%2B1%2BJksjBhX5GFUkC0Wkrrpylyi37V%2Fg3OgrYCsjHGloFqZEPUyuh%2BE51qb8fJPC%2FVi0TnL"}],"group":"cf-nel","max_age":604800}', 'NEL': '{"success_fraction":0,"report_to":"cf-nel","max_age":604800}', 'Server': 'cloudflare', 'CF-RAY': '8875e102dddcfb28-SJC', 'alt-svc': 'h3=":443"; ma=86400'} 
 body={"results":[{"gender":"male","name":{"title":"Mr","first":"Marius","last":"Møller"},"location":{"street":{"number":6375,"name":"Solsortevej"},"city":"Snertinge","state":"Midtjylland","country":"Denmark","postcode":90655,"coordinates":{"latitude":"-42.0762","longitude":"-35.6692"},"timezone":{"offset":"-6:00","description":"Central Time (US &amp; Canada), Mexico City"}},"email":"marius.moller@example.com","login":{"uuid":"993acc5e-462b-4698-8d36-e267cef1809c","username":"browngorilla907","password":"skydive","salt":"rzjTzJIX","md5":"87a6b9a11210c4ec5716322ef24341ac","sha1":"f8774bdcb3bab0c88b0794ea659ba4c135caad64","sha256":"212b3c213bfe3d9a324d5906e1e3d8383a74c9d30da8dcdaf977cb6eebc79739"},"dob":{"date":"1954-02-16T05:24:08.496Z","age":70},"registered":{"date":"2010-12-25T16:37:51.330Z","age":13},"phone":"89905067","cell":"03448931","id":{"name":"CPR","value":"150254-5192"},"picture":{"large":"https://randomuser.me/api/portraits/men/45.jpg","medium":"https://randomuser.me/api/portraits/med/men/45.jpg","thumbnail":"https://randomuser.me/api/portraits/thumb/men/45.jpg"},"nat":"DK"}],"info":{"seed":"52fc3f90323b17c7","results":1,"page":1,"version":"1.4"}} 
 </msg>
<msg time="2024-05-21T16:17:50.908513" level="INFO">/opt/hostedtoolcache/Python/3.12.3/x64/lib/python3.12/site-packages/urllib3/connectionpool.py:1103: InsecureRequestWarning: Unverified HTTPS request is being made to host 'randomuser.me'. Adding certificate verification is strongly advised. See: https://urllib3.readthedocs.io/en/latest/advanced-usage.html#tls-warnings
  warnings.warn(</msg>
<msg time="2024-05-21T16:17:50.908674" level="INFO">${response} = &lt;Response [200]&gt;</msg>
<var>${response}</var>
<arg>consultarAPI</arg>
<arg>/api</arg>
<doc>Sends a GET request on a previously created HTTP Session.</doc>
<status status="PASS" start="2024-05-21T16:17:50.365500" elapsed="0.543221"/>
</kw>
<kw name="Should Be Equal As Numbers" owner="BuiltIn">
<msg time="2024-05-21T16:17:50.909747" level="INFO">Argument types are:
&lt;class 'int'&gt;
&lt;class 'str'&gt;</msg>
<arg>${response.status_code}</arg>
<arg>200</arg>
<doc>Fails if objects are unequal after converting them to real numbers.</doc>
<status status="PASS" start="2024-05-21T16:17:50.909286" elapsed="0.000526"/>
</kw>
<kw name="Log" owner="BuiltIn">
<msg time="2024-05-21T16:17:50.910515" level="INFO">200</msg>
<arg>${response.status_code}</arg>
<doc>Logs the given message with the given level.</doc>
<status status="PASS" start="2024-05-21T16:17:50.910165" elapsed="0.000396"/>
</kw>
<kw name="Set Variable" owner="BuiltIn">
<msg time="2024-05-21T16:17:50.911296" level="INFO">${json_data} = {'results': [{'gender': 'male', 'name': {'title': 'Mr', 'first': 'Marius', 'last': 'Møller'}, 'location': {'street': {'number': 6375, 'name': 'Solsortevej'}, 'city': 'Snertinge', 'state': 'Midtjylland...</msg>
<var>${json_data}</var>
<arg>${response.json()}</arg>
<doc>Returns the given values which can then be assigned to a variables.</doc>
<status status="PASS" start="2024-05-21T16:17:50.910864" elapsed="0.000461"/>
</kw>
<kw name="Dictionary Should Contain Key" owner="Collections">
<msg time="2024-05-21T16:17:50.911839" level="INFO">False</msg>
<arg>${json_data}</arg>
<arg>results</arg>
<doc>Fails if ``key`` is not found from ``dictionary``.</doc>
<status status="PASS" start="2024-05-21T16:17:50.911659" elapsed="0.000220"/>
</kw>
<status status="PASS" start="2024-05-21T16:17:50.365242" elapsed="0.546898"/>
</kw>
<doc>Testa se a API responde corretamente e retorna um objeto JSON válido.</doc>
<tag>testeRequisicaoBasica</tag>
<status status="PASS" start="2024-05-21T16:17:50.364689" elapsed="0.547638"/>
</test>
<test id="s1-s1-t3" name="Validar estrutura de resposta" line="22">
<kw name="Teste de Estrutura de Resposta" owner="random-user-service">
<kw name="GET On Session" owner="RequestsLibrary">
<msg time="2024-05-21T16:17:51.009692" level="INFO">GET Request : url=https://randomuser.me/api 
 path_url=/api 
 headers={'User-Agent': 'python-requests/2.32.1', 'Accept-Encoding': 'gzip, deflate', 'Accept': '*/*', 'Connection': 'keep-alive'} 
 body=None 
 </msg>
<msg time="2024-05-21T16:17:51.009804" level="INFO">GET Response : url=https://randomuser.me/api 
 status=200, reason=OK 
 headers={'Date': 'Tue, 21 May 2024 16:17:51 GMT', 'Content-Type': 'application/json; charset=utf-8', 'Transfer-Encoding': 'chunked', 'Connection': 'keep-alive', 'X-Powered-By': 'Express', 'Access-Control-Allow-Origin': '*', 'Cache-Control': 'no-cache', 'ETag': 'W/"487-pVNUQzP/ud47s7fDSdVjYc3WBIk"', 'Vary': 'Accept-Encoding', 'Content-Encoding': 'gzip', 'CF-Cache-Status': 'DYNAMIC', 'Report-To': '{"endpoints":[{"url":"https:\\/\\/a.nel.cloudflare.com\\/report\\/v4?s=4oL9P3PU6K80peAdfMm14wulo2rIevD6r9uaPKWMHdBZLjk3C3leo0OgHMjXEPYoiqqiwzJpxp3sj5MaCPCmGGDxa%2BxLbzm%2BY%2Bc7WLauYIXgyWonOsc46iDZAh8wqITX"}],"group":"cf-nel","max_age":604800}', 'NEL': '{"success_fraction":0,"report_to":"cf-nel","max_age":604800}', 'Server': 'cloudflare', 'CF-RAY': '8875e1053f9ffb28-SJC', 'alt-svc': 'h3=":443"; ma=86400'} 
 body={"results":[{"gender":"female","name":{"title":"Mrs","first":"Lila","last":"Bourgeois"},"location":{"street":{"number":1571,"name":"Rue de la Charité"},"city":"Limoges","state":"Gard","country":"France","postcode":58303,"coordinates":{"latitude":"-16.3198","longitude":"61.5089"},"timezone":{"offset":"+5:45","description":"Kathmandu"}},"email":"lila.bourgeois@example.com","login":{"uuid":"819b2a65-8549-48ce-a19e-a78b977e4d5f","username":"tinyostrich543","password":"mingus","salt":"wpLFV3Mg","md5":"6ef84d5b233d4071ff5dda16ab26c237","sha1":"caaf9350f60454e95992f2c5b7d4bdc372191cf7","sha256":"cfe4ace2bf49e9b3508c49d6fe0a6390bbd9b5bb5efa1ffe42db7c90cd6ece66"},"dob":{"date":"1976-04-23T05:56:33.874Z","age":48},"registered":{"date":"2017-01-28T19:56:52.807Z","age":7},"phone":"03-49-28-39-03","cell":"06-77-29-43-60","id":{"name":"INSEE","value":"2760311740384 18"},"picture":{"large":"https://randomuser.me/api/portraits/women/57.jpg","medium":"https://randomuser.me/api/portraits/med/women/57.jpg","thumbnail":"https://randomuser.me/api/portraits/thumb/women/57.jpg"},"nat":"FR"}],"info":{"seed":"72a0c76b3cb41b9c","results":1,"page":1,"version":"1.4"}} 
 </msg>
<msg time="2024-05-21T16:17:51.009940" level="INFO">/opt/hostedtoolcache/Python/3.12.3/x64/lib/python3.12/site-packages/urllib3/connectionpool.py:1103: InsecureRequestWarning: Unverified HTTPS request is being made to host 'randomuser.me'. Adding certificate verification is strongly advised. See: https://urllib3.readthedocs.io/en/latest/advanced-usage.html#tls-warnings
  warnings.warn(</msg>
<msg time="2024-05-21T16:17:51.010091" level="INFO">${response} = &lt;Response [200]&gt;</msg>
<var>${response}</var>
<arg>consultarAPI</arg>
<arg>/api</arg>
<doc>Sends a GET request on a previously created HTTP Session.</doc>
<status status="PASS" start="2024-05-21T16:17:50.914872" elapsed="0.095263"/>
</kw>
<kw name="Set Variable" owner="BuiltIn">
<msg time="2024-05-21T16:17:51.011259" level="INFO">${json_data} = {'results': [{'gender': 'female', 'name': {'title': 'Mrs', 'first': 'Lila', 'last': 'Bourgeois'}, 'location': {'street': {'number': 1571, 'name': 'Rue de la Charité'}, 'city': 'Limoges', 'state': 'Gar...</msg>
<var>${json_data}</var>
<arg>${response.json()}</arg>
<doc>Returns the given values which can then be assigned to a variables.</doc>
<status status="PASS" start="2024-05-21T16:17:51.010723" elapsed="0.000568"/>
</kw>
<kw name="Log" owner="BuiltIn">
<msg time="2024-05-21T16:17:51.011809" level="INFO">{'results': [{'gender': 'female', 'name': {'title': 'Mrs', 'first': 'Lila', 'last': 'Bourgeois'}, 'location': {'street': {'number': 1571, 'name': 'Rue de la Charité'}, 'city': 'Limoges', 'state': 'Gard', 'country': 'France', 'postcode': 58303, 'coordinates': {'latitude': '-16.3198', 'longitude': '61.5089'}, 'timezone': {'offset': '+5:45', 'description': 'Kathmandu'}}, 'email': 'lila.bourgeois@example.com', 'login': {'uuid': '819b2a65-8549-48ce-a19e-a78b977e4d5f', 'username': 'tinyostrich543', 'password': 'mingus', 'salt': 'wpLFV3Mg', 'md5': '6ef84d5b233d4071ff5dda16ab26c237', 'sha1': 'caaf9350f60454e95992f2c5b7d4bdc372191cf7', 'sha256': 'cfe4ace2bf49e9b3508c49d6fe0a6390bbd9b5bb5efa1ffe42db7c90cd6ece66'}, 'dob': {'date': '1976-04-23T05:56:33.874Z', 'age': 48}, 'registered': {'date': '2017-01-28T19:56:52.807Z', 'age': 7}, 'phone': '03-49-28-39-03', 'cell': '06-77-29-43-60', 'id': {'name': 'INSEE', 'value': '2760311740384 18'}, 'picture': {'large': 'https://randomuser.me/api/portraits/women/57.jpg', 'medium': 'https://randomuser.me/api/portraits/med/women/57.jpg', 'thumbnail': 'https://randomuser.me/api/portraits/thumb/women/57.jpg'}, 'nat': 'FR'}], 'info': {'seed': '72a0c76b3cb41b9c', 'results': 1, 'page': 1, 'version': '1.4'}}</msg>
<arg>${json_data}</arg>
<doc>Logs the given message with the given level.</doc>
<status status="PASS" start="2024-05-21T16:17:51.011641" elapsed="0.000223"/>
</kw>
<kw name="Dictionary Should Contain Key" owner="Collections">
<msg time="2024-05-21T16:17:51.012325" level="INFO">False</msg>
<arg>${json_data}</arg>
<arg>results</arg>
<doc>Fails if ``key`` is not found from ``dictionary``.</doc>
<status status="PASS" start="2024-05-21T16:17:51.012166" elapsed="0.000196"/>
</kw>
<kw name="Should Not Be Empty" owner="BuiltIn">
<msg time="2024-05-21T16:17:51.012799" level="INFO">Length is 2.</msg>
<arg>${json_data}</arg>
<doc>Verifies that the given item is not empty.</doc>
<status status="PASS" start="2024-05-21T16:17:51.012655" elapsed="0.000185"/>
</kw>
<kw name="Create List" owner="BuiltIn">
<msg time="2024-05-21T16:17:51.013448" level="INFO">${expected_keys} = ['gender', 'name', 'location', 'email', 'login']</msg>
<var>${expected_keys}</var>
<arg>gender</arg>
<arg>name</arg>
<arg>location</arg>
<arg>email</arg>
<arg>login</arg>
<doc>Returns a list containing given items.</doc>
<status status="PASS" start="2024-05-21T16:17:51.013126" elapsed="0.000346"/>
</kw>
<for flavor="IN">
<iter>
<kw name="Dictionary Should Contain Key" owner="Collections">
<msg time="2024-05-21T16:17:51.014465" level="INFO">False</msg>
<arg>${json_data['results'][0]}</arg>
<arg>${key}</arg>
<doc>Fails if ``key`` is not found from ``dictionary``.</doc>
<status status="PASS" start="2024-05-21T16:17:51.014071" elapsed="0.000432"/>
</kw>
<kw name="Log" owner="BuiltIn">
<msg time="2024-05-21T16:17:51.015170" level="INFO">{'gender': 'female', 'name': {'title': 'Mrs', 'first': 'Lila', 'last': 'Bourgeois'}, 'location': {'street': {'number': 1571, 'name': 'Rue de la Charité'}, 'city': 'Limoges', 'state': 'Gard', 'country': 'France', 'postcode': 58303, 'coordinates': {'latitude': '-16.3198', 'longitude': '61.5089'}, 'timezone': {'offset': '+5:45', 'description': 'Kathmandu'}}, 'email': 'lila.bourgeois@example.com', 'login': {'uuid': '819b2a65-8549-48ce-a19e-a78b977e4d5f', 'username': 'tinyostrich543', 'password': 'mingus', 'salt': 'wpLFV3Mg', 'md5': '6ef84d5b233d4071ff5dda16ab26c237', 'sha1': 'caaf9350f60454e95992f2c5b7d4bdc372191cf7', 'sha256': 'cfe4ace2bf49e9b3508c49d6fe0a6390bbd9b5bb5efa1ffe42db7c90cd6ece66'}, 'dob': {'date': '1976-04-23T05:56:33.874Z', 'age': 48}, 'registered': {'date': '2017-01-28T19:56:52.807Z', 'age': 7}, 'phone': '03-49-28-39-03', 'cell': '06-77-29-43-60', 'id': {'name': 'INSEE', 'value': '2760311740384 18'}, 'picture': {'large': 'https://randomuser.me/api/portraits/women/57.jpg', 'medium': 'https://randomuser.me/api/portraits/med/women/57.jpg', 'thumbnail': 'https://randomuser.me/api/portraits/thumb/women/57.jpg'}, 'nat': 'FR'}</msg>
<arg>${json_data['results'][0]}</arg>
<doc>Logs the given message with the given level.</doc>
<status status="PASS" start="2024-05-21T16:17:51.014807" elapsed="0.000422"/>
</kw>
<kw name="Log" owner="BuiltIn">
<msg time="2024-05-21T16:17:51.015683" level="INFO">gender</msg>
<arg>${key}</arg>
<doc>Logs the given message with the given level.</doc>
<status status="PASS" start="2024-05-21T16:17:51.015525" elapsed="0.000196"/>
</kw>
<var name="${key}">gender</var>
<status status="PASS" start="2024-05-21T16:17:51.013943" elapsed="0.002004"/>
</iter>
<iter>
<kw name="Dictionary Should Contain Key" owner="Collections">
<msg time="2024-05-21T16:17:51.016637" level="INFO">False</msg>
<arg>${json_data['results'][0]}</arg>
<arg>${key}</arg>
<doc>Fails if ``key`` is not found from ``dictionary``.</doc>
<status status="PASS" start="2024-05-21T16:17:51.016251" elapsed="0.000423"/>
</kw>
<kw name="Log" owner="BuiltIn">
<msg time="2024-05-21T16:17:51.017361" level="INFO">{'gender': 'female', 'name': {'title': 'Mrs', 'first': 'Lila', 'last': 'Bourgeois'}, 'location': {'street': {'number': 1571, 'name': 'Rue de la Charité'}, 'city': 'Limoges', 'state': 'Gard', 'country': 'France', 'postcode': 58303, 'coordinates': {'latitude': '-16.3198', 'longitude': '61.5089'}, 'timezone': {'offset': '+5:45', 'description': 'Kathmandu'}}, 'email': 'lila.bourgeois@example.com', 'login': {'uuid': '819b2a65-8549-48ce-a19e-a78b977e4d5f', 'username': 'tinyostrich543', 'password': 'mingus', 'salt': 'wpLFV3Mg', 'md5': '6ef84d5b233d4071ff5dda16ab26c237', 'sha1': 'caaf9350f60454e95992f2c5b7d4bdc372191cf7', 'sha256': 'cfe4ace2bf49e9b3508c49d6fe0a6390bbd9b5bb5efa1ffe42db7c90cd6ece66'}, 'dob': {'date': '1976-04-23T05:56:33.874Z', 'age': 48}, 'registered': {'date': '2017-01-28T19:56:52.807Z', 'age': 7}, 'phone': '03-49-28-39-03', 'cell': '06-77-29-43-60', 'id': {'name': 'INSEE', 'value': '2760311740384 18'}, 'picture': {'large': 'https://randomuser.me/api/portraits/women/57.jpg', 'medium': 'https://randomuser.me/api/portraits/med/women/57.jpg', 'thumbnail': 'https://randomuser.me/api/portraits/thumb/women/57.jpg'}, 'nat': 'FR'}</msg>
<arg>${json_data['results'][0]}</arg>
<doc>Logs the given message with the given level.</doc>
<status status="PASS" start="2024-05-21T16:17:51.016998" elapsed="0.000413"/>
</kw>
<kw name="Log" owner="BuiltIn">
<msg time="2024-05-21T16:17:51.017840" level="INFO">name</msg>
<arg>${key}</arg>
<doc>Logs the given message with the given level.</doc>
<status status="PASS" start="2024-05-21T16:17:51.017713" elapsed="0.000164"/>
</kw>
<var name="${key}">name</var>
<status status="PASS" start="2024-05-21T16:17:51.016136" elapsed="0.001956"/>
</iter>
<iter>
<kw name="Dictionary Should Contain Key" owner="Collections">
<msg time="2024-05-21T16:17:51.018763" level="INFO">False</msg>
<arg>${json_data['results'][0]}</arg>
<arg>${key}</arg>
<doc>Fails if ``key`` is not found from ``dictionary``.</doc>
<status status="PASS" start="2024-05-21T16:17:51.018390" elapsed="0.000410"/>
</kw>
<kw name="Log" owner="BuiltIn">
<msg time="2024-05-21T16:17:51.019452" level="INFO">{'gender': 'female', 'name': {'title': 'Mrs', 'first': 'Lila', 'last': 'Bourgeois'}, 'location': {'street': {'number': 1571, 'name': 'Rue de la Charité'}, 'city': 'Limoges', 'state': 'Gard', 'country': 'France', 'postcode': 58303, 'coordinates': {'latitude': '-16.3198', 'longitude': '61.5089'}, 'timezone': {'offset': '+5:45', 'description': 'Kathmandu'}}, 'email': 'lila.bourgeois@example.com', 'login': {'uuid': '819b2a65-8549-48ce-a19e-a78b977e4d5f', 'username': 'tinyostrich543', 'password': 'mingus', 'salt': 'wpLFV3Mg', 'md5': '6ef84d5b233d4071ff5dda16ab26c237', 'sha1': 'caaf9350f60454e95992f2c5b7d4bdc372191cf7', 'sha256': 'cfe4ace2bf49e9b3508c49d6fe0a6390bbd9b5bb5efa1ffe42db7c90cd6ece66'}, 'dob': {'date': '1976-04-23T05:56:33.874Z', 'age': 48}, 'registered': {'date': '2017-01-28T19:56:52.807Z', 'age': 7}, 'phone': '03-49-28-39-03', 'cell': '06-77-29-43-60', 'id': {'name': 'INSEE', 'value': '2760311740384 18'}, 'picture': {'large': 'https://randomuser.me/api/portraits/women/57.jpg', 'medium': 'https://randomuser.me/api/portraits/med/women/57.jpg', 'thumbnail': 'https://randomuser.me/api/portraits/thumb/women/57.jpg'}, 'nat': 'FR'}</msg>
<arg>${json_data['results'][0]}</arg>
<doc>Logs the given message with the given level.</doc>
<status status="PASS" start="2024-05-21T16:17:51.019096" elapsed="0.000405"/>
</kw>
<kw name="Log" owner="BuiltIn">
<msg time="2024-05-21T16:17:51.019986" level="INFO">location</msg>
<arg>${key}</arg>
<doc>Logs the given message with the given level.</doc>
<status status="PASS" start="2024-05-21T16:17:51.019858" elapsed="0.000165"/>
</kw>
<var name="${key}">location</var>
<status status="PASS" start="2024-05-21T16:17:51.018272" elapsed="0.001967"/>
</iter>
<iter>
<kw name="Dictionary Should Contain Key" owner="Collections">
<msg time="2024-05-21T16:17:51.020899" level="INFO">False</msg>
<arg>${json_data['results'][0]}</arg>
<arg>${key}</arg>
<doc>Fails if ``key`` is not found from ``dictionary``.</doc>
<status status="PASS" start="2024-05-21T16:17:51.020521" elapsed="0.000415"/>
</kw>
<kw name="Log" owner="BuiltIn">
<msg time="2024-05-21T16:17:51.021595" level="INFO">{'gender': 'female', 'name': {'title': 'Mrs', 'first': 'Lila', 'last': 'Bourgeois'}, 'location': {'street': {'number': 1571, 'name': 'Rue de la Charité'}, 'city': 'Limoges', 'state': 'Gard', 'country': 'France', 'postcode': 58303, 'coordinates': {'latitude': '-16.3198', 'longitude': '61.5089'}, 'timezone': {'offset': '+5:45', 'description': 'Kathmandu'}}, 'email': 'lila.bourgeois@example.com', 'login': {'uuid': '819b2a65-8549-48ce-a19e-a78b977e4d5f', 'username': 'tinyostrich543', 'password': 'mingus', 'salt': 'wpLFV3Mg', 'md5': '6ef84d5b233d4071ff5dda16ab26c237', 'sha1': 'caaf9350f60454e95992f2c5b7d4bdc372191cf7', 'sha256': 'cfe4ace2bf49e9b3508c49d6fe0a6390bbd9b5bb5efa1ffe42db7c90cd6ece66'}, 'dob': {'date': '1976-04-23T05:56:33.874Z', 'age': 48}, 'registered': {'date': '2017-01-28T19:56:52.807Z', 'age': 7}, 'phone': '03-49-28-39-03', 'cell': '06-77-29-43-60', 'id': {'name': 'INSEE', 'value': '2760311740384 18'}, 'picture': {'large': 'https://randomuser.me/api/portraits/women/57.jpg', 'medium': 'https://randomuser.me/api/portraits/med/women/57.jpg', 'thumbnail': 'https://randomuser.me/api/portraits/thumb/women/57.jpg'}, 'nat': 'FR'}</msg>
<arg>${json_data['results'][0]}</arg>
<doc>Logs the given message with the given level.</doc>
<status status="PASS" start="2024-05-21T16:17:51.021238" elapsed="0.000429"/>
</kw>
<kw name="Log" owner="BuiltIn">
<msg time="2024-05-21T16:17:51.022100" level="INFO">email</msg>
<arg>${key}</arg>
<doc>Logs the given message with the given level.</doc>
<status status="PASS" start="2024-05-21T16:17:51.021973" elapsed="0.000164"/>
</kw>
<var name="${key}">email</var>
<status status="PASS" start="2024-05-21T16:17:51.020411" elapsed="0.001947"/>
</iter>
<iter>
<kw name="Dictionary Should Contain Key" owner="Collections">
<msg time="2024-05-21T16:17:51.023045" level="INFO">False</msg>
<arg>${json_data['results'][0]}</arg>
<arg>${key}</arg>
<doc>Fails if ``key`` is not found from ``dictionary``.</doc>
<status status="PASS" start="2024-05-21T16:17:51.022637" elapsed="0.000446"/>
</kw>
<kw name="Log" owner="BuiltIn">
<msg time="2024-05-21T16:17:51.023768" level="INFO">{'gender': 'female', 'name': {'title': 'Mrs', 'first': 'Lila', 'last': 'Bourgeois'}, 'location': {'street': {'number': 1571, 'name': 'Rue de la Charité'}, 'city': 'Limoges', 'state': 'Gard', 'country': 'France', 'postcode': 58303, 'coordinates': {'latitude': '-16.3198', 'longitude': '61.5089'}, 'timezone': {'offset': '+5:45', 'description': 'Kathmandu'}}, 'email': 'lila.bourgeois@example.com', 'login': {'uuid': '819b2a65-8549-48ce-a19e-a78b977e4d5f', 'username': 'tinyostrich543', 'password': 'mingus', 'salt': 'wpLFV3Mg', 'md5': '6ef84d5b233d4071ff5dda16ab26c237', 'sha1': 'caaf9350f60454e95992f2c5b7d4bdc372191cf7', 'sha256': 'cfe4ace2bf49e9b3508c49d6fe0a6390bbd9b5bb5efa1ffe42db7c90cd6ece66'}, 'dob': {'date': '1976-04-23T05:56:33.874Z', 'age': 48}, 'registered': {'date': '2017-01-28T19:56:52.807Z', 'age': 7}, 'phone': '03-49-28-39-03', 'cell': '06-77-29-43-60', 'id': {'name': 'INSEE', 'value': '2760311740384 18'}, 'picture': {'large': 'https://randomuser.me/api/portraits/women/57.jpg', 'medium': 'https://randomuser.me/api/portraits/med/women/57.jpg', 'thumbnail': 'https://randomuser.me/api/portraits/thumb/women/57.jpg'}, 'nat': 'FR'}</msg>
<arg>${json_data['results'][0]}</arg>
<doc>Logs the given message with the given level.</doc>
<status status="PASS" start="2024-05-21T16:17:51.023380" elapsed="0.000436"/>
</kw>
<kw name="Log" owner="BuiltIn">
<msg time="2024-05-21T16:17:51.024239" level="INFO">login</msg>
<arg>${key}</arg>
<doc>Logs the given message with the given level.</doc>
<status status="PASS" start="2024-05-21T16:17:51.024112" elapsed="0.000165"/>
</kw>
<var name="${key}">login</var>
<status status="PASS" start="2024-05-21T16:17:51.022527" elapsed="0.001991"/>
</iter>
<var>${key}</var>
<value>@{expected_keys}</value>
<status status="PASS" start="2024-05-21T16:17:51.013740" elapsed="0.010903"/>
</for>
<kw name="Create List" owner="BuiltIn">
<msg time="2024-05-21T16:17:51.024966" level="INFO">${expected_keysTwo} = ['username', 'password']</msg>
<var>${expected_keysTwo}</var>
<arg>username</arg>
<arg>password</arg>
<doc>Returns a list containing given items.</doc>
<status status="PASS" start="2024-05-21T16:17:51.024833" elapsed="0.000157"/>
</kw>
<for flavor="IN">
<iter>
<kw name="Dictionary Should Contain Key" owner="Collections">
<msg time="2024-05-21T16:17:51.025870" level="INFO">False</msg>
<arg>${json_data['results'][0]['login']}</arg>
<arg>${keyTwo}</arg>
<doc>Fails if ``key`` is not found from ``dictionary``.</doc>
<status status="PASS" start="2024-05-21T16:17:51.025483" elapsed="0.000424"/>
</kw>
<kw name="Dictionary Should Contain Key" owner="Collections">
<msg time="2024-05-21T16:17:51.026587" level="INFO">False</msg>
<arg>${json_data['results'][0]['login']}</arg>
<arg>${keyTwo}</arg>
<doc>Fails if ``key`` is not found from ``dictionary``.</doc>
<status status="PASS" start="2024-05-21T16:17:51.026204" elapsed="0.000420"/>
</kw>
<kw name="Log" owner="BuiltIn">
<msg time="2024-05-21T16:17:51.027044" level="INFO">username</msg>
<arg>${keyTwo}</arg>
<doc>Logs the given message with the given level.</doc>
<status status="PASS" start="2024-05-21T16:17:51.026917" elapsed="0.000163"/>
</kw>
<var name="${keyTwo}">username</var>
<status status="PASS" start="2024-05-21T16:17:51.025375" elapsed="0.001919"/>
</iter>
<iter>
<kw name="Dictionary Should Contain Key" owner="Collections">
<msg time="2024-05-21T16:17:51.027986" level="INFO">False</msg>
<arg>${json_data['results'][0]['login']}</arg>
<arg>${keyTwo}</arg>
<doc>Fails if ``key`` is not found from ``dictionary``.</doc>
<status status="PASS" start="2024-05-21T16:17:51.027572" elapsed="0.000451"/>
</kw>
<kw name="Dictionary Should Contain Key" owner="Collections">
<msg time="2024-05-21T16:17:51.028776" level="INFO">False</msg>
<arg>${json_data['results'][0]['login']}</arg>
<arg>${keyTwo}</arg>
<doc>Fails if ``key`` is not found from ``dictionary``.</doc>
<status status="PASS" start="2024-05-21T16:17:51.028318" elapsed="0.000499"/>
</kw>
<kw name="Log" owner="BuiltIn">
<msg time="2024-05-21T16:17:51.029236" level="INFO">password</msg>
<arg>${keyTwo}</arg>
<doc>Logs the given message with the given level.</doc>
<status status="PASS" start="2024-05-21T16:17:51.029110" elapsed="0.000163"/>
</kw>
<var name="${keyTwo}">password</var>
<status status="PASS" start="2024-05-21T16:17:51.027464" elapsed="0.002020"/>
</iter>
<var>${keyTwo}</var>
<value>@{expected_keysTwo}</value>
<status status="PASS" start="2024-05-21T16:17:51.025225" elapsed="0.004377"/>
</for>
<status status="PASS" start="2024-05-21T16:17:50.914633" elapsed="0.115111"/>
</kw>
<doc>Testa a estrutura da resposta da API.</doc>
<tag>testeEstruturaResposta</tag>
<status status="PASS" start="2024-05-21T16:17:50.914116" elapsed="0.115783"/>
</test>
<test id="s1-s1-t4" name="Validar tipos de dados" line="28">
<kw name="Teste de Tipos de Dados" owner="random-user-service">
<kw name="GET On Session" owner="RequestsLibrary">
<msg time="2024-05-21T16:17:51.127789" level="INFO">GET Request : url=https://randomuser.me/api 
 path_url=/api 
 headers={'User-Agent': 'python-requests/2.32.1', 'Accept-Encoding': 'gzip, deflate', 'Accept': '*/*', 'Connection': 'keep-alive'} 
 body=None 
 </msg>
<msg time="2024-05-21T16:17:51.127888" level="INFO">GET Response : url=https://randomuser.me/api 
 status=200, reason=OK 
 headers={'Date': 'Tue, 21 May 2024 16:17:51 GMT', 'Content-Type': 'application/json; charset=utf-8', 'Transfer-Encoding': 'chunked', 'Connection': 'keep-alive', 'X-Powered-By': 'Express', 'Access-Control-Allow-Origin': '*', 'Cache-Control': 'no-cache', 'ETag': 'W/"49c-wbhTtm+JbBFjuoP7QUTymO7j1vE"', 'Vary': 'Accept-Encoding', 'Content-Encoding': 'gzip', 'CF-Cache-Status': 'DYNAMIC', 'Report-To': '{"endpoints":[{"url":"https:\\/\\/a.nel.cloudflare.com\\/report\\/v4?s=usFbYi1E1IBwXhDFnYdocEH2qAl548nb5SNf7cDmuzVjvx7z603kny3gJPLH3Fo3%2FaJuaAghpkvVlREok34aTxCU2N4WsWLvL26qdkjKFKdmQHVB9FgJR66DOI7sCoyv"}],"group":"cf-nel","max_age":604800}', 'NEL': '{"success_fraction":0,"report_to":"cf-nel","max_age":604800}', 'Server': 'cloudflare', 'CF-RAY': '8875e105f83dfb28-SJC', 'alt-svc': 'h3=":443"; ma=86400'} 
 body={"results":[{"gender":"female","name":{"title":"Miss","first":"Vidyalaxmi","last":"Bhardwaj"},"location":{"street":{"number":4131,"name":"Rajaji Salai"},"city":"Bhiwandi","state":"Odisha","country":"India","postcode":28855,"coordinates":{"latitude":"9.2085","longitude":"162.2123"},"timezone":{"offset":"+4:00","description":"Abu Dhabi, Muscat, Baku, Tbilisi"}},"email":"vidyalaxmi.bhardwaj@example.com","login":{"uuid":"f2296a2b-3bc6-4c9a-a9dd-a921f8560a0b","username":"ticklishostrich657","password":"sonja","salt":"UVBUMPhM","md5":"4dab972e77370d44e334a52de89e76cf","sha1":"d0d356c80414c7ea8f6a794a71aefce440b4b839","sha256":"035b9dc5d353f025bd0d144970c963d76c7012ea0dae6abfa3b58507e35e1b73"},"dob":{"date":"1955-03-09T07:34:30.805Z","age":69},"registered":{"date":"2003-12-16T16:27:58.585Z","age":20},"phone":"8330606013","cell":"7694895781","id":{"name":"UIDAI","value":"772108558715"},"picture":{"large":"https://randomuser.me/api/portraits/women/92.jpg","medium":"https://randomuser.me/api/portraits/med/women/92.jpg","thumbnail":"https://randomuser.me/api/portraits/thumb/women/92.jpg"},"nat":"IN"}],"info":{"seed":"542288aed0828a31","results":1,"page":1,"version":"1.4"}} 
 </msg>
<msg time="2024-05-21T16:17:51.127962" level="INFO">/opt/hostedtoolcache/Python/3.12.3/x64/lib/python3.12/site-packages/urllib3/connectionpool.py:1103: InsecureRequestWarning: Unverified HTTPS request is being made to host 'randomuser.me'. Adding certificate verification is strongly advised. See: https://urllib3.readthedocs.io/en/latest/advanced-usage.html#tls-warnings
  warnings.warn(</msg>
<msg time="2024-05-21T16:17:51.128088" level="INFO">${response} = &lt;Response [200]&gt;</msg>
<var>${response}</var>
<arg>consultarAPI</arg>
<arg>/api</arg>
<doc>Sends a GET request on a previously created HTTP Session.</doc>
<status status="PASS" start="2024-05-21T16:17:51.032450" elapsed="0.095678"/>
</kw>
<kw name="Set Variable" owner="BuiltIn">
<msg time="2024-05-21T16:17:51.129364" level="INFO">${json_data} = {'results': [{'gender': 'female', 'name': {'title': 'Miss', 'first': 'Vidyalaxmi', 'last': 'Bhardwaj'}, 'location': {'street': {'number': 4131, 'name': 'Rajaji Salai'}, 'city': 'Bhiwandi', 'state': 'O...</msg>
<var>${json_data}</var>
<arg>${response.json()}</arg>
<doc>Returns the given values which can then be assigned to a variables.</doc>
<status status="PASS" start="2024-05-21T16:17:51.128794" elapsed="0.000599"/>
</kw>
<kw name="Log" owner="BuiltIn">
<msg time="2024-05-21T16:17:51.129861" level="INFO">{'results': [{'gender': 'female', 'name': {'title': 'Miss', 'first': 'Vidyalaxmi', 'last': 'Bhardwaj'}, 'location': {'street': {'number': 4131, 'name': 'Rajaji Salai'}, 'city': 'Bhiwandi', 'state': 'Odisha', 'country': 'India', 'postcode': 28855, 'coordinates': {'latitude': '9.2085', 'longitude': '162.2123'}, 'timezone': {'offset': '+4:00', 'description': 'Abu Dhabi, Muscat, Baku, Tbilisi'}}, 'email': 'vidyalaxmi.bhardwaj@example.com', 'login': {'uuid': 'f2296a2b-3bc6-4c9a-a9dd-a921f8560a0b', 'username': 'ticklishostrich657', 'password': 'sonja', 'salt': 'UVBUMPhM', 'md5': '4dab972e77370d44e334a52de89e76cf', 'sha1': 'd0d356c80414c7ea8f6a794a71aefce440b4b839', 'sha256': '035b9dc5d353f025bd0d144970c963d76c7012ea0dae6abfa3b58507e35e1b73'}, 'dob': {'date': '1955-03-09T07:34:30.805Z', 'age': 69}, 'registered': {'date': '2003-12-16T16:27:58.585Z', 'age': 20}, 'phone': '8330606013', 'cell': '7694895781', 'id': {'name': 'UIDAI', 'value': '772108558715'}, 'picture': {'large': 'https://randomuser.me/api/portraits/women/92.jpg', 'medium': 'https://randomuser.me/api/portraits/med/women/92.jpg', 'thumbnail': 'https://randomuser.me/api/portraits/thumb/women/92.jpg'}, 'nat': 'IN'}], 'info': {'seed': '542288aed0828a31', 'results': 1, 'page': 1, 'version': '1.4'}}</msg>
<arg>${json_data}</arg>
<doc>Logs the given message with the given level.</doc>
<status status="PASS" start="2024-05-21T16:17:51.129706" elapsed="0.000239"/>
</kw>
<kw name="Should Be String" owner="String">
<arg>${json_data['results'][0]['gender']}</arg>
<doc>Fails if the given ``item`` is not a string.</doc>
<status status="PASS" start="2024-05-21T16:17:51.130249" elapsed="0.000359"/>
</kw>
<kw name="Should Match Regexp" owner="BuiltIn">
<arg>${json_data['results'][0]['email']}</arg>
<arg>^[a-zA-Z0-9._%+-]+@[a-zA-Z0-9.-]+\.[a-zA-Z]{2,}$</arg>
<doc>Fails if ``string`` does not match ``pattern`` as a regular expression.</doc>
<status status="PASS" start="2024-05-21T16:17:51.130803" elapsed="0.000518"/>
</kw>
<kw name="Should Match Regexp" owner="BuiltIn">
<arg>${json_data['results'][0]['dob']['date']}</arg>
<arg>\\d{4}-\\d{2}-\\d{2}T\\d{2}:\\d{2}:\\d{2}\\.\\d{3}Z</arg>
<doc>Fails if ``string`` does not match ``pattern`` as a regular expression.</doc>
<status status="PASS" start="2024-05-21T16:17:51.131518" elapsed="0.000522"/>
</kw>
<kw name="Should Match Regexp" owner="BuiltIn">
<arg>${json_data['results'][0]['registered']['date']}</arg>
<arg>\\d{4}-\\d{2}-\\d{2}T\\d{2}:\\d{2}:\\d{2}\\.\\d{3}Z</arg>
<doc>Fails if ``string`` does not match ``pattern`` as a regular expression.</doc>
<status status="PASS" start="2024-05-21T16:17:51.132233" elapsed="0.000361"/>
</kw>
<kw name="Should Match Regexp" owner="BuiltIn">
<arg>${json_data['results'][0]['picture']['large']}</arg>
<arg>^https?://.*\.(?:png|jpe?g|gif|bmp)$</arg>
<doc>Fails if ``string`` does not match ``pattern`` as a regular expression.</doc>
<status status="PASS" start="2024-05-21T16:17:51.132786" elapsed="0.000455"/>
</kw>
<kw name="Should Match Regexp" owner="BuiltIn">
<arg>${json_data['results'][0]['picture']['medium']}</arg>
<arg>^https?://.*\.(?:png|jpe?g|gif|bmp)$</arg>
<doc>Fails if ``string`` does not match ``pattern`` as a regular expression.</doc>
<status status="PASS" start="2024-05-21T16:17:51.133430" elapsed="0.000357"/>
</kw>
<kw name="Should Match Regexp" owner="BuiltIn">
<arg>${json_data['results'][0]['picture']['thumbnail']}</arg>
<arg>^https?://.*\.(?:png|jpe?g|gif|bmp)$</arg>
<doc>Fails if ``string`` does not match ``pattern`` as a regular expression.</doc>
<status status="PASS" start="2024-05-21T16:17:51.133972" elapsed="0.000351"/>
</kw>
<kw name="Log" owner="BuiltIn">
<msg time="2024-05-21T16:17:51.134823" level="INFO">{'large': 'https://randomuser.me/api/portraits/women/92.jpg', 'medium': 'https://randomuser.me/api/portraits/med/women/92.jpg', 'thumbnail': 'https://randomuser.me/api/portraits/thumb/women/92.jpg'}</msg>
<arg>${json_data['results'][0]['picture']}</arg>
<doc>Logs the given message with the given level.</doc>
<status status="PASS" start="2024-05-21T16:17:51.134503" elapsed="0.000361"/>
</kw>
<status status="PASS" start="2024-05-21T16:17:51.032217" elapsed="0.102907"/>
</kw>
<kw name="Teste de Tipos de Dados - Postcode" owner="random-user-service">
<kw name="GET On Session" owner="RequestsLibrary">
<msg time="2024-05-21T16:17:51.223142" level="INFO">GET Request : url=https://randomuser.me/api 
 path_url=/api 
 headers={'User-Agent': 'python-requests/2.32.1', 'Accept-Encoding': 'gzip, deflate', 'Accept': '*/*', 'Connection': 'keep-alive'} 
 body=None 
 </msg>
<msg time="2024-05-21T16:17:51.223250" level="INFO">GET Response : url=https://randomuser.me/api 
 status=200, reason=OK 
 headers={'Date': 'Tue, 21 May 2024 16:17:51 GMT', 'Content-Type': 'application/json; charset=utf-8', 'Transfer-Encoding': 'chunked', 'Connection': 'keep-alive', 'X-Powered-By': 'Express', 'Access-Control-Allow-Origin': '*', 'Cache-Control': 'no-cache', 'ETag': 'W/"477-CWEcJH3uRCzcs3LWRD1mEjMvWLc"', 'Vary': 'Accept-Encoding', 'Content-Encoding': 'gzip', 'CF-Cache-Status': 'DYNAMIC', 'Report-To': '{"endpoints":[{"url":"https:\\/\\/a.nel.cloudflare.com\\/report\\/v4?s=IXIUv9Ao1uGcONaeGePZyvuRuxU6jR0bK%2Bw%2FM5L%2FH0d2MIdrw%2FAQ1vAj5lulMDdFjLfqgQugjWzdgB%2F7gZlJ8nAvnRIeTGVoT19ca9yzZGvs9gpERQl6wlbSLYQerVMA"}],"group":"cf-nel","max_age":604800}', 'NEL': '{"success_fraction":0,"report_to":"cf-nel","max_age":604800}', 'Server': 'cloudflare', 'CF-RAY': '8875e10698e3fb28-SJC', 'alt-svc': 'h3=":443"; ma=86400'} 
 body={"results":[{"gender":"female","name":{"title":"Miss","first":"Diana","last":"Zhuravskiy"},"location":{"street":{"number":1879,"name":"Malogoloskivska"},"city":"Obuhiv","state":"Cherkaska","country":"Ukraine","postcode":10909,"coordinates":{"latitude":"80.8085","longitude":"31.1759"},"timezone":{"offset":"+4:30","description":"Kabul"}},"email":"diana.zhuravskiy@example.com","login":{"uuid":"353a389e-08cf-4868-9578-bbc02afa3f93","username":"orangepanda760","password":"jungle","salt":"HW8GzF2u","md5":"7f046dc78d7f60d774b40cea5b7bea8a","sha1":"f27298e31b2f8230f700969982408b6170a0fced","sha256":"e331c13ebeb4d54ad0341b2e57454656440ab3602fefaaa79f51f6568c955695"},"dob":{"date":"1988-01-05T07:47:38.806Z","age":36},"registered":{"date":"2003-01-13T17:53:28.066Z","age":21},"phone":"(097) Z62-9625","cell":"(068) B10-8732","id":{"name":"","value":null},"picture":{"large":"https://randomuser.me/api/portraits/women/14.jpg","medium":"https://randomuser.me/api/portraits/med/women/14.jpg","thumbnail":"https://randomuser.me/api/portraits/thumb/women/14.jpg"},"nat":"UA"}],"info":{"seed":"99c8adebcb0b0602","results":1,"page":1,"version":"1.4"}} 
 </msg>
<msg time="2024-05-21T16:17:51.223327" level="INFO">/opt/hostedtoolcache/Python/3.12.3/x64/lib/python3.12/site-packages/urllib3/connectionpool.py:1103: InsecureRequestWarning: Unverified HTTPS request is being made to host 'randomuser.me'. Adding certificate verification is strongly advised. See: https://urllib3.readthedocs.io/en/latest/advanced-usage.html#tls-warnings
  warnings.warn(</msg>
<msg time="2024-05-21T16:17:51.223452" level="INFO">${response} = &lt;Response [200]&gt;</msg>
<var>${response}</var>
<arg>consultarAPI</arg>
<arg>/api</arg>
<doc>Sends a GET request on a previously created HTTP Session.</doc>
<status status="PASS" start="2024-05-21T16:17:51.135624" elapsed="0.087866"/>
</kw>
<kw name="Set Variable" owner="BuiltIn">
<msg time="2024-05-21T16:17:51.224754" level="INFO">${json_data} = {'results': [{'gender': 'female', 'name': {'title': 'Miss', 'first': 'Diana', 'last': 'Zhuravskiy'}, 'location': {'street': {'number': 1879, 'name': 'Malogoloskivska'}, 'city': 'Obuhiv', 'state': 'Che...</msg>
<var>${json_data}</var>
<arg>${response.json()}</arg>
<doc>Returns the given values which can then be assigned to a variables.</doc>
<status status="PASS" start="2024-05-21T16:17:51.224175" elapsed="0.000608"/>
</kw>
<kw name="Log" owner="BuiltIn">
<msg time="2024-05-21T16:17:51.225248" level="INFO">{'results': [{'gender': 'female', 'name': {'title': 'Miss', 'first': 'Diana', 'last': 'Zhuravskiy'}, 'location': {'street': {'number': 1879, 'name': 'Malogoloskivska'}, 'city': 'Obuhiv', 'state': 'Cherkaska', 'country': 'Ukraine', 'postcode': 10909, 'coordinates': {'latitude': '80.8085', 'longitude': '31.1759'}, 'timezone': {'offset': '+4:30', 'description': 'Kabul'}}, 'email': 'diana.zhuravskiy@example.com', 'login': {'uuid': '353a389e-08cf-4868-9578-bbc02afa3f93', 'username': 'orangepanda760', 'password': 'jungle', 'salt': 'HW8GzF2u', 'md5': '7f046dc78d7f60d774b40cea5b7bea8a', 'sha1': 'f27298e31b2f8230f700969982408b6170a0fced', 'sha256': 'e331c13ebeb4d54ad0341b2e57454656440ab3602fefaaa79f51f6568c955695'}, 'dob': {'date': '1988-01-05T07:47:38.806Z', 'age': 36}, 'registered': {'date': '2003-01-13T17:53:28.066Z', 'age': 21}, 'phone': '(097) Z62-9625', 'cell': '(068) B10-8732', 'id': {'name': '', 'value': None}, 'picture': {'large': 'https://randomuser.me/api/portraits/women/14.jpg', 'medium': 'https://randomuser.me/api/portraits/med/women/14.jpg', 'thumbnail': 'https://randomuser.me/api/portraits/thumb/women/14.jpg'}, 'nat': 'UA'}], 'info': {'seed': '99c8adebcb0b0602', 'results': 1, 'page': 1, 'version': '1.4'}}</msg>
<arg>${json_data}</arg>
<doc>Logs the given message with the given level.</doc>
<status status="PASS" start="2024-05-21T16:17:51.225095" elapsed="0.000235"/>
</kw>
<kw name="Should Be Equal As Numbers" owner="BuiltIn">
<arg>${json_data['results'][0]['location']['postcode']}</arg>
<arg>${json_data['results'][0]['location']['postcode']}</arg>
<doc>Fails if objects are unequal after converting them to real numbers.</doc>
<status status="PASS" start="2024-05-21T16:17:51.225636" elapsed="0.000802"/>
</kw>
<kw name="Log" owner="BuiltIn">
<msg time="2024-05-21T16:17:51.226966" level="INFO">10909</msg>
<arg>${json_data['results'][0]['location']['postcode']}</arg>
<doc>Logs the given message with the given level.</doc>
<status status="PASS" start="2024-05-21T16:17:51.226631" elapsed="0.000375"/>
</kw>
<status status="PASS" start="2024-05-21T16:17:51.135358" elapsed="0.091908"/>
</kw>
<doc>Testa se os tipos de dados na resposta da API estão corretos.</doc>
<tag>testeTiposDados</tag>
<status status="PASS" start="2024-05-21T16:17:51.031677" elapsed="0.195759"/>
</test>
<test id="s1-s1-t5" name="Validar conteudo" line="35">
<kw name="Teste de Tipos de Conteudo" owner="random-user-service">
<kw name="GET On Session" owner="RequestsLibrary">
<msg time="2024-05-21T16:17:51.322688" level="INFO">GET Request : url=https://randomuser.me/api 
 path_url=/api 
 headers={'User-Agent': 'python-requests/2.32.1', 'Accept-Encoding': 'gzip, deflate', 'Accept': '*/*', 'Connection': 'keep-alive'} 
 body=None 
 </msg>
<msg time="2024-05-21T16:17:51.322808" level="INFO">GET Response : url=https://randomuser.me/api 
 status=200, reason=OK 
 headers={'Date': 'Tue, 21 May 2024 16:17:51 GMT', 'Content-Type': 'application/json; charset=utf-8', 'Transfer-Encoding': 'chunked', 'Connection': 'keep-alive', 'X-Powered-By': 'Express', 'Access-Control-Allow-Origin': '*', 'Cache-Control': 'no-cache', 'ETag': 'W/"48d-EoSio6J1hjSwWXPsL7QGQLZb2Kw"', 'Vary': 'Accept-Encoding', 'Content-Encoding': 'gzip', 'CF-Cache-Status': 'DYNAMIC', 'Report-To': '{"endpoints":[{"url":"https:\\/\\/a.nel.cloudflare.com\\/report\\/v4?s=96TqM8GwqVvPZBojtKasxykb3xAQpHfJDeflRBECI6GDrYyUzmnzm2bged87sFqlzmKVkpMWAEWBeYQRuNYIEoh8dONMhbDFLfnwWqFz7EBlFz8XOIZk9ukFW1AInn0%2F"}],"group":"cf-nel","max_age":604800}', 'NEL': '{"success_fraction":0,"report_to":"cf-nel","max_age":604800}', 'Server': 'cloudflare', 'CF-RAY': '8875e1073946fb28-SJC', 'alt-svc': 'h3=":443"; ma=86400'} 
 body={"results":[{"gender":"male","name":{"title":"Mr","first":"Ekansh","last":"Kumar"},"location":{"street":{"number":3567,"name":"Maharanipeta"},"city":"Ludhiana","state":"Maharashtra","country":"India","postcode":21356,"coordinates":{"latitude":"11.9701","longitude":"-106.5524"},"timezone":{"offset":"+3:00","description":"Baghdad, Riyadh, Moscow, St. Petersburg"}},"email":"ekansh.kumar@example.com","login":{"uuid":"57857892-77cd-4377-95b8-cda83eb92646","username":"sadleopard789","password":"franco","salt":"CDVZoDE3","md5":"356c17639b981870733ec992f23ce824","sha1":"d10c95ade03eb1c8151377588464fc8885e7d5e0","sha256":"be1d7e57f7ac56891790929beb2efad5c481c00d48a4604ef4e2b73c052d31a0"},"dob":{"date":"1991-02-26T02:36:16.252Z","age":33},"registered":{"date":"2015-09-28T13:31:15.696Z","age":8},"phone":"7965142396","cell":"7551538741","id":{"name":"UIDAI","value":"702502714765"},"picture":{"large":"https://randomuser.me/api/portraits/men/55.jpg","medium":"https://randomuser.me/api/portraits/med/men/55.jpg","thumbnail":"https://randomuser.me/api/portraits/thumb/men/55.jpg"},"nat":"IN"}],"info":{"seed":"2f1e0c6f5ea6691a","results":1,"page":1,"version":"1.4"}} 
 </msg>
<msg time="2024-05-21T16:17:51.322896" level="INFO">/opt/hostedtoolcache/Python/3.12.3/x64/lib/python3.12/site-packages/urllib3/connectionpool.py:1103: InsecureRequestWarning: Unverified HTTPS request is being made to host 'randomuser.me'. Adding certificate verification is strongly advised. See: https://urllib3.readthedocs.io/en/latest/advanced-usage.html#tls-warnings
  warnings.warn(</msg>
<msg time="2024-05-21T16:17:51.323036" level="INFO">${response} = &lt;Response [200]&gt;</msg>
<var>${response}</var>
<arg>consultarAPI</arg>
<arg>/api</arg>
<doc>Sends a GET request on a previously created HTTP Session.</doc>
<status status="PASS" start="2024-05-21T16:17:51.229980" elapsed="0.093097"/>
</kw>
<kw name="Set Variable" owner="BuiltIn">
<msg time="2024-05-21T16:17:51.324416" level="INFO">${json_data} = {'results': [{'gender': 'male', 'name': {'title': 'Mr', 'first': 'Ekansh', 'last': 'Kumar'}, 'location': {'street': {'number': 3567, 'name': 'Maharanipeta'}, 'city': 'Ludhiana', 'state': 'Maharashtra'...</msg>
<var>${json_data}</var>
<arg>${response.json()}</arg>
<doc>Returns the given values which can then be assigned to a variables.</doc>
<status status="PASS" start="2024-05-21T16:17:51.323816" elapsed="0.000629"/>
</kw>
<kw name="Set Variable" owner="BuiltIn">
<msg time="2024-05-21T16:17:51.325144" level="INFO">${name_title} = Mr</msg>
<var>${name_title}</var>
<arg>${json_data["results"][0]["name"]["title"]}</arg>
<doc>Returns the given values which can then be assigned to a variables.</doc>
<status status="PASS" start="2024-05-21T16:17:51.324757" elapsed="0.000412"/>
</kw>
<kw name="Create List" owner="BuiltIn">
<msg time="2024-05-21T16:17:51.325621" level="INFO">${allowed_titles} = ['Mr', 'Ms', 'Miss', 'Mrs', 'Madame', 'Monsieur']</msg>
<var>${allowed_titles}</var>
<arg>Mr</arg>
<arg>Ms</arg>
<arg>Miss</arg>
<arg>Mrs</arg>
<arg>Madame</arg>
<arg>Monsieur</arg>
<doc>Returns a list containing given items.</doc>
<status status="PASS" start="2024-05-21T16:17:51.325474" elapsed="0.000171"/>
</kw>
<kw name="List Should Contain Value" owner="Collections">
<msg time="2024-05-21T16:17:51.326124" level="INFO">False</msg>
<arg>${allowed_titles}</arg>
<arg>${name_title}</arg>
<doc>Fails if the ``value`` is not found from ``list``.</doc>
<status status="PASS" start="2024-05-21T16:17:51.325950" elapsed="0.000211"/>
</kw>
<kw name="Set Variable" owner="BuiltIn">
<msg time="2024-05-21T16:17:51.326825" level="INFO">${name_country} = IN</msg>
<var>${name_country}</var>
<arg>${json_data["results"][0]["nat"]}</arg>
<doc>Returns the given values which can then be assigned to a variables.</doc>
<status status="PASS" start="2024-05-21T16:17:51.326450" elapsed="0.000400"/>
</kw>
<kw name="Create List" owner="BuiltIn">
<msg time="2024-05-21T16:17:51.327793" level="INFO">${list_country} = ['AD', 'AE', 'AF', 'AG', 'AI', 'AL', 'AM', 'AO', 'AQ', 'AR', 'AS', 'AT', 'AU', 'AW', 'AX', 'AZ', 'BA', 'BB', 'BD', 'BE', 'BF', 'BG', 'BH', 'BI', 'BJ', 'BL', 'BM', 'BN', 'BO', 'BQ', 'BR', 'BS', 'BT', '...</msg>
<var>${list_country}</var>
<arg>AD</arg>
<arg>AE</arg>
<arg>AF</arg>
<arg>AG</arg>
<arg>AI</arg>
<arg>AL</arg>
<arg>AM</arg>
<arg>AO</arg>
<arg>AQ</arg>
<arg>AR</arg>
<arg>AS</arg>
<arg>AT</arg>
<arg>AU</arg>
<arg>AW</arg>
<arg>AX</arg>
<arg>AZ</arg>
<arg>BA</arg>
<arg>BB</arg>
<arg>BD</arg>
<arg>BE</arg>
<arg>BF</arg>
<arg>BG</arg>
<arg>BH</arg>
<arg>BI</arg>
<arg>BJ</arg>
<arg>BL</arg>
<arg>BM</arg>
<arg>BN</arg>
<arg>BO</arg>
<arg>BQ</arg>
<arg>BR</arg>
<arg>BS</arg>
<arg>BT</arg>
<arg>BV</arg>
<arg>BW</arg>
<arg>BY</arg>
<arg>BZ</arg>
<arg>CA</arg>
<arg>CC</arg>
<arg>CD</arg>
<arg>CF</arg>
<arg>CG</arg>
<arg>CH</arg>
<arg>CI</arg>
<arg>CK</arg>
<arg>CL</arg>
<arg>CM</arg>
<arg>CN</arg>
<arg>CO</arg>
<arg>CR</arg>
<arg>CU</arg>
<arg>CV</arg>
<arg>CW</arg>
<arg>CX</arg>
<arg>CY</arg>
<arg>CZ</arg>
<arg>DE</arg>
<arg>DJ</arg>
<arg>DK</arg>
<arg>DM</arg>
<arg>DO</arg>
<arg>DZ</arg>
<arg>EC</arg>
<arg>EE</arg>
<arg>EG</arg>
<arg>EH</arg>
<arg>ER</arg>
<arg>ES</arg>
<arg>ET</arg>
<arg>FI</arg>
<arg>FJ</arg>
<arg>FK</arg>
<arg>FM</arg>
<arg>FO</arg>
<arg>FR</arg>
<arg>GA</arg>
<arg>GB</arg>
<arg>GD</arg>
<arg>GE</arg>
<arg>GF</arg>
<arg>GG</arg>
<arg>GH</arg>
<arg>GI</arg>
<arg>GL</arg>
<arg>GM</arg>
<arg>GN</arg>
<arg>GP</arg>
<arg>GQ</arg>
<arg>GR</arg>
<arg>GS</arg>
<arg>GT</arg>
<arg>GU</arg>
<arg>GW</arg>
<arg>GY</arg>
<arg>HK</arg>
<arg>HM</arg>
<arg>HN</arg>
<arg>HR</arg>
<arg>HT</arg>
<arg>HU</arg>
<arg>ID</arg>
<arg>IE</arg>
<arg>IL</arg>
<arg>IM</arg>
<arg>IN</arg>
<arg>IO</arg>
<arg>IQ</arg>
<arg>IR</arg>
<arg>IS</arg>
<arg>IT</arg>
<arg>JE</arg>
<arg>JM</arg>
<arg>JO</arg>
<arg>JP</arg>
<arg>KE</arg>
<arg>KG</arg>
<arg>KH</arg>
<arg>KI</arg>
<arg>KM</arg>
<arg>KN</arg>
<arg>KP</arg>
<arg>KR</arg>
<arg>KW</arg>
<arg>KY</arg>
<arg>KZ</arg>
<arg>LA</arg>
<arg>LB</arg>
<arg>LC</arg>
<arg>LI</arg>
<arg>LK</arg>
<arg>LR</arg>
<arg>LS</arg>
<arg>LT</arg>
<arg>LU</arg>
<arg>LV</arg>
<arg>LY</arg>
<arg>MA</arg>
<arg>MC</arg>
<arg>MD</arg>
<arg>ME</arg>
<arg>MF</arg>
<arg>MG</arg>
<arg>MH</arg>
<arg>MK</arg>
<arg>ML</arg>
<arg>MM</arg>
<arg>MN</arg>
<arg>MO</arg>
<arg>MP</arg>
<arg>MQ</arg>
<arg>MR</arg>
<arg>MS</arg>
<arg>MT</arg>
<arg>MU</arg>
<arg>MV</arg>
<arg>MW</arg>
<arg>MX</arg>
<arg>MY</arg>
<arg>MZ</arg>
<arg>NA</arg>
<arg>NC</arg>
<arg>NE</arg>
<arg>NF</arg>
<arg>NG</arg>
<arg>NI</arg>
<arg>NL</arg>
<arg>NO</arg>
<arg>NP</arg>
<arg>NR</arg>
<arg>NU</arg>
<arg>NZ</arg>
<arg>OM</arg>
<arg>PA</arg>
<arg>PE</arg>
<arg>PF</arg>
<arg>PG</arg>
<arg>PH</arg>
<arg>PK</arg>
<arg>PL</arg>
<arg>PM</arg>
<arg>PN</arg>
<arg>PR</arg>
<arg>PS</arg>
<arg>PT</arg>
<arg>PW</arg>
<arg>PY</arg>
<arg>QA</arg>
<arg>RE</arg>
<arg>RO</arg>
<arg>RS</arg>
<arg>RU</arg>
<arg>RW</arg>
<arg>SA</arg>
<arg>SB</arg>
<arg>SC</arg>
<arg>SD</arg>
<arg>SE</arg>
<arg>SG</arg>
<arg>SH</arg>
<arg>SI</arg>
<arg>SJ</arg>
<arg>SK</arg>
<arg>SL</arg>
<arg>SM</arg>
<arg>SN</arg>
<arg>SO</arg>
<arg>SR</arg>
<arg>SS</arg>
<arg>ST</arg>
<arg>SV</arg>
<arg>SX</arg>
<arg>SY</arg>
<arg>SZ</arg>
<arg>TC</arg>
<arg>TD</arg>
<arg>TF</arg>
<arg>TG</arg>
<arg>TH</arg>
<arg>TJ</arg>
<arg>TK</arg>
<arg>TL</arg>
<arg>TM</arg>
<arg>TN</arg>
<arg>TO</arg>
<arg>TR</arg>
<arg>TT</arg>
<arg>TV</arg>
<arg>TW</arg>
<arg>TZ</arg>
<arg>UA</arg>
<arg>UG</arg>
<arg>UM</arg>
<arg>US</arg>
<arg>UY</arg>
<arg>UZ</arg>
<arg>VA</arg>
<arg>VC</arg>
<arg>VE</arg>
<arg>VG</arg>
<arg>VI</arg>
<arg>VN</arg>
<arg>VU</arg>
<arg>WF</arg>
<arg>WS</arg>
<arg>XK</arg>
<arg>YE</arg>
<arg>YT</arg>
<arg>ZA</arg>
<arg>ZM</arg>
<arg>ZW</arg>
<doc>Returns a list containing given items.</doc>
<status status="PASS" start="2024-05-21T16:17:51.327152" elapsed="0.000667"/>
</kw>
<kw name="List Should Contain Value" owner="Collections">
<msg time="2024-05-21T16:17:51.328818" level="INFO">False</msg>
<arg>${list_country}</arg>
<arg>${name_country}</arg>
<doc>Fails if the ``value`` is not found from ``list``.</doc>
<status status="PASS" start="2024-05-21T16:17:51.328611" elapsed="0.000243"/>
</kw>
<kw name="Run Keyword If" owner="BuiltIn">
<kw name="Should Be True" owner="BuiltIn">
<arg>${True}</arg>
<doc>Fails if the given condition is not true.</doc>
<status status="PASS" start="2024-05-21T16:17:51.329915" elapsed="0.000144"/>
</kw>
<arg>${json_data["results"][0]["location"]["coordinates"]["latitude"]} &gt;= -90 and ${json_data["results"][0]["location"]["coordinates"]["latitude"]} &lt;= 90</arg>
<arg>Should Be True</arg>
<arg>${True}</arg>
<doc>Runs the given keyword with the given arguments, if ``condition`` is true.</doc>
<status status="PASS" start="2024-05-21T16:17:51.329161" elapsed="0.001024"/>
</kw>
<kw name="Run Keyword If" owner="BuiltIn">
<kw name="Should Be True" owner="BuiltIn">
<arg>${True}</arg>
<doc>Fails if the given condition is not true.</doc>
<status status="PASS" start="2024-05-21T16:17:51.331057" elapsed="0.000257"/>
</kw>
<arg>${json_data["results"][0]["location"]["coordinates"]["longitude"]} &gt;= -180 and ${json_data["results"][0]["location"]["coordinates"]["longitude"]} &lt;= 180</arg>
<arg>Should Be True</arg>
<arg>${True}</arg>
<doc>Runs the given keyword with the given arguments, if ``condition`` is true.</doc>
<status status="PASS" start="2024-05-21T16:17:51.330369" elapsed="0.001071"/>
</kw>
<status status="PASS" start="2024-05-21T16:17:51.229748" elapsed="0.101824"/>
</kw>
<doc>Testa o conteúdo específico dos campos retornados pela API.</doc>
<tag>testeConteudo</tag>
<status status="PASS" start="2024-05-21T16:17:51.229209" elapsed="0.102564"/>
</test>
<status status="PASS" start="2024-05-21T16:17:50.025120" elapsed="1.308634"/>
</suite>
<status status="PASS" start="2024-05-21T16:17:50.010731" elapsed="1.328236"/>
</suite>
<statistics>
<total>
<stat pass="5" fail="0" skip="0">All Tests</stat>
</total>
<tag>
<stat pass="1" fail="0" skip="0">testeConteudo</stat>
<stat pass="1" fail="0" skip="0">testeEstruturaResposta</stat>
<stat pass="1" fail="0" skip="0">testeRequisicaoBasica</stat>
<stat pass="1" fail="0" skip="0">testeTiposDados</stat>
</tag>
<suite>
<stat pass="5" fail="0" skip="0" id="s1" name="Tests">Tests</stat>
<stat pass="5" fail="0" skip="0" id="s1-s1" name="Random-User-Test">Tests.Random-User-Test</stat>
</suite>
</statistics>
<errors>
</errors>
</robot>
