<?xml version="1.0" encoding="UTF-8"?>
<robot generator="Robot 7.0.1 (Python 3.12.4 on linux)" generated="2024-07-07T07:14:05.730821" rpa="false" schemaversion="5">
<suite id="s1" name="Tests" source="/home/runner/work/ApiRandomUser/ApiRandomUser/RamdonUser/tests">
<suite id="s1-s1" name="Random-User-Test" source="/home/runner/work/ApiRandomUser/ApiRandomUser/RamdonUser/tests/random-user-test.robot">
<test id="s1-s1-t1" name="Conectar" line="13">
<kw name="Conectar API" owner="random-user-service">
<kw name="Create Session" owner="RequestsLibrary">
<msg time="2024-07-07T07:14:06.124583" level="INFO">Creating Session using : alias=consultarAPI, url=https://randomuser.me/, headers={},                     cookies={}, auth=None, timeout=None, proxies=None, verify=False,                     debug=0 </msg>
<arg>consultarAPI</arg>
<arg>${URL}</arg>
<doc>Create Session: create a HTTP session to a server</doc>
<status status="PASS" start="2024-07-07T07:14:06.124377" elapsed="0.000409"/>
</kw>
<status status="PASS" start="2024-07-07T07:14:06.123444" elapsed="0.001700"/>
</kw>
<status status="PASS" start="2024-07-07T07:14:06.122909" elapsed="0.002429"/>
</test>
<test id="s1-s1-t2" name="Validar retorno 200 e JSON Válido" line="16">
<kw name="Teste de Requisicao Basica" owner="random-user-service">
<kw name="GET On Session" owner="RequestsLibrary">
<msg time="2024-07-07T07:14:06.313572" level="INFO">GET Request : url=https://randomuser.me/api 
 path_url=/api 
 headers={'User-Agent': 'python-requests/2.32.3', 'Accept-Encoding': 'gzip, deflate', 'Accept': '*/*', 'Connection': 'keep-alive'} 
 body=None 
 </msg>
<msg time="2024-07-07T07:14:06.313685" level="INFO">GET Response : url=https://randomuser.me/api 
 status=200, reason=OK 
 headers={'Date': 'Sun, 07 Jul 2024 07:14:06 GMT', 'Content-Type': 'application/json; charset=utf-8', 'Transfer-Encoding': 'chunked', 'Connection': 'keep-alive', 'X-Powered-By': 'Express', 'Access-Control-Allow-Origin': '*', 'Cache-Control': 'no-cache', 'ETag': 'W/"48a-9lDdftMG3SeyokUjVBSJqs8t4XE"', 'Vary': 'Accept-Encoding', 'Content-Encoding': 'gzip', 'CF-Cache-Status': 'DYNAMIC', 'Report-To': '{"endpoints":[{"url":"https:\\/\\/a.nel.cloudflare.com\\/report\\/v4?s=eWQTOvusNfqSKeGS%2Bvhw34Q9p0eSOS%2FYpmYrmnx%2BJ4XORNA3HEXDDWpED8Takc8J74M5g9ob96MvgK7RQBXlJiZrEhii3yWqJsAn%2BiCbSXrCk02apXXbqrdFaGOx8Fzp"}],"group":"cf-nel","max_age":604800}', 'NEL': '{"success_fraction":0,"report_to":"cf-nel","max_age":604800}', 'Server': 'cloudflare', 'CF-RAY': '89f60924994f2b90-LAX', 'alt-svc': 'h3=":443"; ma=86400'} 
 body={"results":[{"gender":"male","name":{"title":"Mr","first":"Hubert","last":"Mjåland"},"location":{"street":{"number":5544,"name":"Trimveien"},"city":"Sundvollen","state":"Nordland","country":"Norway","postcode":"7445","coordinates":{"latitude":"45.4433","longitude":"-7.4143"},"timezone":{"offset":"+3:00","description":"Baghdad, Riyadh, Moscow, St. Petersburg"}},"email":"hubert.mjaland@example.com","login":{"uuid":"5888ec7b-4b2c-4772-b579-9a6eed033d8f","username":"lazymeercat633","password":"einstein","salt":"sRiVCDlB","md5":"c7657d632c13d221366845496500cc24","sha1":"77cbb5b74849703e0c3d5fb051d72df9e768543a","sha256":"9b27f8c6e3f3932b7bfdd2209c8afe9796b21b771fd63809363cff9b8c1b6f38"},"dob":{"date":"1980-06-16T17:29:50.522Z","age":44},"registered":{"date":"2009-10-27T02:44:38.589Z","age":14},"phone":"88021859","cell":"95479245","id":{"name":"FN","value":"16068010105"},"picture":{"large":"https://randomuser.me/api/portraits/men/91.jpg","medium":"https://randomuser.me/api/portraits/med/men/91.jpg","thumbnail":"https://randomuser.me/api/portraits/thumb/men/91.jpg"},"nat":"NO"}],"info":{"seed":"b1746e1f87a5f34b","results":1,"page":1,"version":"1.4"}} 
 </msg>
<msg time="2024-07-07T07:14:06.313761" level="INFO">/opt/hostedtoolcache/Python/3.12.4/x64/lib/python3.12/site-packages/urllib3/connectionpool.py:1099: InsecureRequestWarning: Unverified HTTPS request is being made to host 'randomuser.me'. Adding certificate verification is strongly advised. See: https://urllib3.readthedocs.io/en/latest/advanced-usage.html#tls-warnings
  warnings.warn(</msg>
<msg time="2024-07-07T07:14:06.313876" level="INFO">${response} = &lt;Response [200]&gt;</msg>
<var>${response}</var>
<arg>consultarAPI</arg>
<arg>/api</arg>
<doc>Sends a GET request on a previously created HTTP Session.</doc>
<status status="PASS" start="2024-07-07T07:14:06.127922" elapsed="0.185992"/>
</kw>
<kw name="Should Be Equal As Numbers" owner="BuiltIn">
<msg time="2024-07-07T07:14:06.314771" level="INFO">Argument types are:
&lt;class 'int'&gt;
&lt;class 'str'&gt;</msg>
<arg>${response.status_code}</arg>
<arg>200</arg>
<doc>Fails if objects are unequal after converting them to real numbers.</doc>
<status status="PASS" start="2024-07-07T07:14:06.314348" elapsed="0.000489"/>
</kw>
<kw name="Log" owner="BuiltIn">
<msg time="2024-07-07T07:14:06.315514" level="INFO">200</msg>
<arg>${response.status_code}</arg>
<doc>Logs the given message with the given level.</doc>
<status status="PASS" start="2024-07-07T07:14:06.315163" elapsed="0.000395"/>
</kw>
<kw name="Set Variable" owner="BuiltIn">
<msg time="2024-07-07T07:14:06.316325" level="INFO">${json_data} = {'results': [{'gender': 'male', 'name': {'title': 'Mr', 'first': 'Hubert', 'last': 'Mjåland'}, 'location': {'street': {'number': 5544, 'name': 'Trimveien'}, 'city': 'Sundvollen', 'state': 'Nordland', ...</msg>
<var>${json_data}</var>
<arg>${response.json()}</arg>
<doc>Returns the given values which can then be assigned to a variables.</doc>
<status status="PASS" start="2024-07-07T07:14:06.315868" elapsed="0.000487"/>
</kw>
<kw name="Dictionary Should Contain Key" owner="Collections">
<arg>${json_data}</arg>
<arg>results</arg>
<doc>Fails if ``key`` is not found from ``dictionary``.</doc>
<status status="PASS" start="2024-07-07T07:14:06.316693" elapsed="0.000187"/>
</kw>
<status status="PASS" start="2024-07-07T07:14:06.127671" elapsed="0.189360"/>
</kw>
<doc>Testa se a API responde corretamente e retorna um objeto JSON válido.</doc>
<tag>testeRequisicaoBasica</tag>
<status status="PASS" start="2024-07-07T07:14:06.127207" elapsed="0.190002"/>
</test>
<test id="s1-s1-t3" name="Validar estrutura de resposta" line="22">
<kw name="Teste de Estrutura de Resposta" owner="random-user-service">
<kw name="GET On Session" owner="RequestsLibrary">
<msg time="2024-07-07T07:14:06.412605" level="INFO">GET Request : url=https://randomuser.me/api 
 path_url=/api 
 headers={'User-Agent': 'python-requests/2.32.3', 'Accept-Encoding': 'gzip, deflate', 'Accept': '*/*', 'Connection': 'keep-alive'} 
 body=None 
 </msg>
<msg time="2024-07-07T07:14:06.412708" level="INFO">GET Response : url=https://randomuser.me/api 
 status=200, reason=OK 
 headers={'Date': 'Sun, 07 Jul 2024 07:14:06 GMT', 'Content-Type': 'application/json; charset=utf-8', 'Transfer-Encoding': 'chunked', 'Connection': 'keep-alive', 'X-Powered-By': 'Express', 'Access-Control-Allow-Origin': '*', 'Cache-Control': 'no-cache', 'ETag': 'W/"49a-uwkluEibrR5Ld6oGG/W1z5H2UQw"', 'Vary': 'Accept-Encoding', 'Content-Encoding': 'gzip', 'CF-Cache-Status': 'DYNAMIC', 'Report-To': '{"endpoints":[{"url":"https:\\/\\/a.nel.cloudflare.com\\/report\\/v4?s=JmT05i%2FObwYUsLhZBKgGSb%2BP6dGqa7HNJPGgm9rNalBnNylafbwfjp6GCWrDO1p9X2ccR7fXDY8jLT7ZLHMMC1iF%2Fnu2shOYKAfOABxTVUWDn3ldXPEeBryzBFPUWLTs"}],"group":"cf-nel","max_age":604800}', 'NEL': '{"success_fraction":0,"report_to":"cf-nel","max_age":604800}', 'Server': 'cloudflare', 'CF-RAY': '89f609258a882b90-LAX', 'alt-svc': 'h3=":443"; ma=86400'} 
 body={"results":[{"gender":"male","name":{"title":"Mr","first":"Sandro","last":"Pereira"},"location":{"street":{"number":2172,"name":"Rua Pará "},"city":"Paulista","state":"Santa Catarina","country":"Brazil","postcode":61525,"coordinates":{"latitude":"-79.9142","longitude":"-170.1234"},"timezone":{"offset":"+9:00","description":"Tokyo, Seoul, Osaka, Sapporo, Yakutsk"}},"email":"sandro.pereira@example.com","login":{"uuid":"dcd37ad9-6a26-46c2-8828-4a4b93b13c63","username":"blacklion353","password":"kungfu","salt":"zNizBUjr","md5":"908d48437659aaf298fc94e33b559330","sha1":"c451e85b01291537c02ef66ff117a2480fdf079f","sha256":"185954cfe0a40915611320a0841a5413f5c4256c7fadd3ba198eddb78ba87801"},"dob":{"date":"1980-11-21T17:47:19.882Z","age":43},"registered":{"date":"2007-11-08T16:49:43.197Z","age":16},"phone":"(62) 6117-4213","cell":"(87) 6490-3838","id":{"name":"CPF","value":"342.353.789-34"},"picture":{"large":"https://randomuser.me/api/portraits/men/69.jpg","medium":"https://randomuser.me/api/portraits/med/men/69.jpg","thumbnail":"https://randomuser.me/api/portraits/thumb/men/69.jpg"},"nat":"BR"}],"info":{"seed":"3c0e7f623c9f3c7d","results":1,"page":1,"version":"1.4"}} 
 </msg>
<msg time="2024-07-07T07:14:06.412818" level="INFO">/opt/hostedtoolcache/Python/3.12.4/x64/lib/python3.12/site-packages/urllib3/connectionpool.py:1099: InsecureRequestWarning: Unverified HTTPS request is being made to host 'randomuser.me'. Adding certificate verification is strongly advised. See: https://urllib3.readthedocs.io/en/latest/advanced-usage.html#tls-warnings
  warnings.warn(</msg>
<msg time="2024-07-07T07:14:06.412914" level="INFO">${response} = &lt;Response [200]&gt;</msg>
<var>${response}</var>
<arg>consultarAPI</arg>
<arg>/api</arg>
<doc>Sends a GET request on a previously created HTTP Session.</doc>
<status status="PASS" start="2024-07-07T07:14:06.319781" elapsed="0.093158"/>
</kw>
<kw name="Set Variable" owner="BuiltIn">
<msg time="2024-07-07T07:14:06.413844" level="INFO">${json_data} = {'results': [{'gender': 'male', 'name': {'title': 'Mr', 'first': 'Sandro', 'last': 'Pereira'}, 'location': {'street': {'number': 2172, 'name': 'Rua Pará '}, 'city': 'Paulista', 'state': 'Santa Catarin...</msg>
<var>${json_data}</var>
<arg>${response.json()}</arg>
<doc>Returns the given values which can then be assigned to a variables.</doc>
<status status="PASS" start="2024-07-07T07:14:06.413367" elapsed="0.000522"/>
</kw>
<kw name="Log" owner="BuiltIn">
<msg time="2024-07-07T07:14:06.414589" level="INFO">{'results': [{'gender': 'male', 'name': {'title': 'Mr', 'first': 'Sandro', 'last': 'Pereira'}, 'location': {'street': {'number': 2172, 'name': 'Rua Pará '}, 'city': 'Paulista', 'state': 'Santa Catarina', 'country': 'Brazil', 'postcode': 61525, 'coordinates': {'latitude': '-79.9142', 'longitude': '-170.1234'}, 'timezone': {'offset': '+9:00', 'description': 'Tokyo, Seoul, Osaka, Sapporo, Yakutsk'}}, 'email': 'sandro.pereira@example.com', 'login': {'uuid': 'dcd37ad9-6a26-46c2-8828-4a4b93b13c63', 'username': 'blacklion353', 'password': 'kungfu', 'salt': 'zNizBUjr', 'md5': '908d48437659aaf298fc94e33b559330', 'sha1': 'c451e85b01291537c02ef66ff117a2480fdf079f', 'sha256': '185954cfe0a40915611320a0841a5413f5c4256c7fadd3ba198eddb78ba87801'}, 'dob': {'date': '1980-11-21T17:47:19.882Z', 'age': 43}, 'registered': {'date': '2007-11-08T16:49:43.197Z', 'age': 16}, 'phone': '(62) 6117-4213', 'cell': '(87) 6490-3838', 'id': {'name': 'CPF', 'value': '342.353.789-34'}, 'picture': {'large': 'https://randomuser.me/api/portraits/men/69.jpg', 'medium': 'https://randomuser.me/api/portraits/med/men/69.jpg', 'thumbnail': 'https://randomuser.me/api/portraits/thumb/men/69.jpg'}, 'nat': 'BR'}], 'info': {'seed': '3c0e7f623c9f3c7d', 'results': 1, 'page': 1, 'version': '1.4'}}</msg>
<arg>${json_data}</arg>
<doc>Logs the given message with the given level.</doc>
<status status="PASS" start="2024-07-07T07:14:06.414361" elapsed="0.000308"/>
</kw>
<kw name="Dictionary Should Contain Key" owner="Collections">
<arg>${json_data}</arg>
<arg>results</arg>
<doc>Fails if ``key`` is not found from ``dictionary``.</doc>
<status status="PASS" start="2024-07-07T07:14:06.415113" elapsed="0.000261"/>
</kw>
<kw name="Should Not Be Empty" owner="BuiltIn">
<msg time="2024-07-07T07:14:06.415897" level="INFO">Length is 2.</msg>
<arg>${json_data}</arg>
<doc>Verifies that the given item is not empty.</doc>
<status status="PASS" start="2024-07-07T07:14:06.415704" elapsed="0.000252"/>
</kw>
<kw name="Create List" owner="BuiltIn">
<msg time="2024-07-07T07:14:06.416596" level="INFO">${expected_keys} = ['gender', 'name', 'location', 'email', 'login']</msg>
<var>${expected_keys}</var>
<arg>gender</arg>
<arg>name</arg>
<arg>location</arg>
<arg>email</arg>
<arg>login</arg>
<doc>Returns a list containing given items.</doc>
<status status="PASS" start="2024-07-07T07:14:06.416380" elapsed="0.000255"/>
</kw>
<for flavor="IN">
<iter>
<kw name="Dictionary Should Contain Key" owner="Collections">
<arg>${json_data['results'][0]}</arg>
<arg>${key}</arg>
<doc>Fails if ``key`` is not found from ``dictionary``.</doc>
<status status="PASS" start="2024-07-07T07:14:06.417733" elapsed="0.000674"/>
</kw>
<kw name="Log" owner="BuiltIn">
<msg time="2024-07-07T07:14:06.419375" level="INFO">{'gender': 'male', 'name': {'title': 'Mr', 'first': 'Sandro', 'last': 'Pereira'}, 'location': {'street': {'number': 2172, 'name': 'Rua Pará '}, 'city': 'Paulista', 'state': 'Santa Catarina', 'country': 'Brazil', 'postcode': 61525, 'coordinates': {'latitude': '-79.9142', 'longitude': '-170.1234'}, 'timezone': {'offset': '+9:00', 'description': 'Tokyo, Seoul, Osaka, Sapporo, Yakutsk'}}, 'email': 'sandro.pereira@example.com', 'login': {'uuid': 'dcd37ad9-6a26-46c2-8828-4a4b93b13c63', 'username': 'blacklion353', 'password': 'kungfu', 'salt': 'zNizBUjr', 'md5': '908d48437659aaf298fc94e33b559330', 'sha1': 'c451e85b01291537c02ef66ff117a2480fdf079f', 'sha256': '185954cfe0a40915611320a0841a5413f5c4256c7fadd3ba198eddb78ba87801'}, 'dob': {'date': '1980-11-21T17:47:19.882Z', 'age': 43}, 'registered': {'date': '2007-11-08T16:49:43.197Z', 'age': 16}, 'phone': '(62) 6117-4213', 'cell': '(87) 6490-3838', 'id': {'name': 'CPF', 'value': '342.353.789-34'}, 'picture': {'large': 'https://randomuser.me/api/portraits/men/69.jpg', 'medium': 'https://randomuser.me/api/portraits/med/men/69.jpg', 'thumbnail': 'https://randomuser.me/api/portraits/thumb/men/69.jpg'}, 'nat': 'BR'}</msg>
<arg>${json_data['results'][0]}</arg>
<doc>Logs the given message with the given level.</doc>
<status status="PASS" start="2024-07-07T07:14:06.418741" elapsed="0.000713"/>
</kw>
<kw name="Log" owner="BuiltIn">
<msg time="2024-07-07T07:14:06.420095" level="INFO">gender</msg>
<arg>${key}</arg>
<doc>Logs the given message with the given level.</doc>
<status status="PASS" start="2024-07-07T07:14:06.419891" elapsed="0.000271"/>
</kw>
<var name="${key}">gender</var>
<status status="PASS" start="2024-07-07T07:14:06.417519" elapsed="0.002996"/>
</iter>
<iter>
<kw name="Dictionary Should Contain Key" owner="Collections">
<arg>${json_data['results'][0]}</arg>
<arg>${key}</arg>
<doc>Fails if ``key`` is not found from ``dictionary``.</doc>
<status status="PASS" start="2024-07-07T07:14:06.421038" elapsed="0.000667"/>
</kw>
<kw name="Log" owner="BuiltIn">
<msg time="2024-07-07T07:14:06.422628" level="INFO">{'gender': 'male', 'name': {'title': 'Mr', 'first': 'Sandro', 'last': 'Pereira'}, 'location': {'street': {'number': 2172, 'name': 'Rua Pará '}, 'city': 'Paulista', 'state': 'Santa Catarina', 'country': 'Brazil', 'postcode': 61525, 'coordinates': {'latitude': '-79.9142', 'longitude': '-170.1234'}, 'timezone': {'offset': '+9:00', 'description': 'Tokyo, Seoul, Osaka, Sapporo, Yakutsk'}}, 'email': 'sandro.pereira@example.com', 'login': {'uuid': 'dcd37ad9-6a26-46c2-8828-4a4b93b13c63', 'username': 'blacklion353', 'password': 'kungfu', 'salt': 'zNizBUjr', 'md5': '908d48437659aaf298fc94e33b559330', 'sha1': 'c451e85b01291537c02ef66ff117a2480fdf079f', 'sha256': '185954cfe0a40915611320a0841a5413f5c4256c7fadd3ba198eddb78ba87801'}, 'dob': {'date': '1980-11-21T17:47:19.882Z', 'age': 43}, 'registered': {'date': '2007-11-08T16:49:43.197Z', 'age': 16}, 'phone': '(62) 6117-4213', 'cell': '(87) 6490-3838', 'id': {'name': 'CPF', 'value': '342.353.789-34'}, 'picture': {'large': 'https://randomuser.me/api/portraits/men/69.jpg', 'medium': 'https://randomuser.me/api/portraits/med/men/69.jpg', 'thumbnail': 'https://randomuser.me/api/portraits/thumb/men/69.jpg'}, 'nat': 'BR'}</msg>
<arg>${json_data['results'][0]}</arg>
<doc>Logs the given message with the given level.</doc>
<status status="PASS" start="2024-07-07T07:14:06.421992" elapsed="0.000763"/>
</kw>
<kw name="Log" owner="BuiltIn">
<msg time="2024-07-07T07:14:06.423398" level="INFO">name</msg>
<arg>${key}</arg>
<doc>Logs the given message with the given level.</doc>
<status status="PASS" start="2024-07-07T07:14:06.423194" elapsed="0.000275"/>
</kw>
<var name="${key}">name</var>
<status status="PASS" start="2024-07-07T07:14:06.420835" elapsed="0.002995"/>
</iter>
<iter>
<kw name="Dictionary Should Contain Key" owner="Collections">
<arg>${json_data['results'][0]}</arg>
<arg>${key}</arg>
<doc>Fails if ``key`` is not found from ``dictionary``.</doc>
<status status="PASS" start="2024-07-07T07:14:06.424316" elapsed="0.000633"/>
</kw>
<kw name="Log" owner="BuiltIn">
<msg time="2024-07-07T07:14:06.425822" level="INFO">{'gender': 'male', 'name': {'title': 'Mr', 'first': 'Sandro', 'last': 'Pereira'}, 'location': {'street': {'number': 2172, 'name': 'Rua Pará '}, 'city': 'Paulista', 'state': 'Santa Catarina', 'country': 'Brazil', 'postcode': 61525, 'coordinates': {'latitude': '-79.9142', 'longitude': '-170.1234'}, 'timezone': {'offset': '+9:00', 'description': 'Tokyo, Seoul, Osaka, Sapporo, Yakutsk'}}, 'email': 'sandro.pereira@example.com', 'login': {'uuid': 'dcd37ad9-6a26-46c2-8828-4a4b93b13c63', 'username': 'blacklion353', 'password': 'kungfu', 'salt': 'zNizBUjr', 'md5': '908d48437659aaf298fc94e33b559330', 'sha1': 'c451e85b01291537c02ef66ff117a2480fdf079f', 'sha256': '185954cfe0a40915611320a0841a5413f5c4256c7fadd3ba198eddb78ba87801'}, 'dob': {'date': '1980-11-21T17:47:19.882Z', 'age': 43}, 'registered': {'date': '2007-11-08T16:49:43.197Z', 'age': 16}, 'phone': '(62) 6117-4213', 'cell': '(87) 6490-3838', 'id': {'name': 'CPF', 'value': '342.353.789-34'}, 'picture': {'large': 'https://randomuser.me/api/portraits/men/69.jpg', 'medium': 'https://randomuser.me/api/portraits/med/men/69.jpg', 'thumbnail': 'https://randomuser.me/api/portraits/thumb/men/69.jpg'}, 'nat': 'BR'}</msg>
<arg>${json_data['results'][0]}</arg>
<doc>Logs the given message with the given level.</doc>
<status status="PASS" start="2024-07-07T07:14:06.425232" elapsed="0.000674"/>
</kw>
<kw name="Log" owner="BuiltIn">
<msg time="2024-07-07T07:14:06.426608" level="INFO">location</msg>
<arg>${key}</arg>
<doc>Logs the given message with the given level.</doc>
<status status="PASS" start="2024-07-07T07:14:06.426392" elapsed="0.000288"/>
</kw>
<var name="${key}">location</var>
<status status="PASS" start="2024-07-07T07:14:06.424140" elapsed="0.002904"/>
</iter>
<iter>
<kw name="Dictionary Should Contain Key" owner="Collections">
<arg>${json_data['results'][0]}</arg>
<arg>${key}</arg>
<doc>Fails if ``key`` is not found from ``dictionary``.</doc>
<status status="PASS" start="2024-07-07T07:14:06.427531" elapsed="0.000643"/>
</kw>
<kw name="Log" owner="BuiltIn">
<msg time="2024-07-07T07:14:06.429061" level="INFO">{'gender': 'male', 'name': {'title': 'Mr', 'first': 'Sandro', 'last': 'Pereira'}, 'location': {'street': {'number': 2172, 'name': 'Rua Pará '}, 'city': 'Paulista', 'state': 'Santa Catarina', 'country': 'Brazil', 'postcode': 61525, 'coordinates': {'latitude': '-79.9142', 'longitude': '-170.1234'}, 'timezone': {'offset': '+9:00', 'description': 'Tokyo, Seoul, Osaka, Sapporo, Yakutsk'}}, 'email': 'sandro.pereira@example.com', 'login': {'uuid': 'dcd37ad9-6a26-46c2-8828-4a4b93b13c63', 'username': 'blacklion353', 'password': 'kungfu', 'salt': 'zNizBUjr', 'md5': '908d48437659aaf298fc94e33b559330', 'sha1': 'c451e85b01291537c02ef66ff117a2480fdf079f', 'sha256': '185954cfe0a40915611320a0841a5413f5c4256c7fadd3ba198eddb78ba87801'}, 'dob': {'date': '1980-11-21T17:47:19.882Z', 'age': 43}, 'registered': {'date': '2007-11-08T16:49:43.197Z', 'age': 16}, 'phone': '(62) 6117-4213', 'cell': '(87) 6490-3838', 'id': {'name': 'CPF', 'value': '342.353.789-34'}, 'picture': {'large': 'https://randomuser.me/api/portraits/men/69.jpg', 'medium': 'https://randomuser.me/api/portraits/med/men/69.jpg', 'thumbnail': 'https://randomuser.me/api/portraits/thumb/men/69.jpg'}, 'nat': 'BR'}</msg>
<arg>${json_data['results'][0]}</arg>
<doc>Logs the given message with the given level.</doc>
<status status="PASS" start="2024-07-07T07:14:06.428458" elapsed="0.000683"/>
</kw>
<kw name="Log" owner="BuiltIn">
<msg time="2024-07-07T07:14:06.429757" level="INFO">email</msg>
<arg>${key}</arg>
<doc>Logs the given message with the given level.</doc>
<status status="PASS" start="2024-07-07T07:14:06.429567" elapsed="0.000249"/>
</kw>
<var name="${key}">email</var>
<status status="PASS" start="2024-07-07T07:14:06.427348" elapsed="0.002787"/>
</iter>
<iter>
<kw name="Dictionary Should Contain Key" owner="Collections">
<arg>${json_data['results'][0]}</arg>
<arg>${key}</arg>
<doc>Fails if ``key`` is not found from ``dictionary``.</doc>
<status status="PASS" start="2024-07-07T07:14:06.430600" elapsed="0.000703"/>
</kw>
<kw name="Log" owner="BuiltIn">
<msg time="2024-07-07T07:14:06.432271" level="INFO">{'gender': 'male', 'name': {'title': 'Mr', 'first': 'Sandro', 'last': 'Pereira'}, 'location': {'street': {'number': 2172, 'name': 'Rua Pará '}, 'city': 'Paulista', 'state': 'Santa Catarina', 'country': 'Brazil', 'postcode': 61525, 'coordinates': {'latitude': '-79.9142', 'longitude': '-170.1234'}, 'timezone': {'offset': '+9:00', 'description': 'Tokyo, Seoul, Osaka, Sapporo, Yakutsk'}}, 'email': 'sandro.pereira@example.com', 'login': {'uuid': 'dcd37ad9-6a26-46c2-8828-4a4b93b13c63', 'username': 'blacklion353', 'password': 'kungfu', 'salt': 'zNizBUjr', 'md5': '908d48437659aaf298fc94e33b559330', 'sha1': 'c451e85b01291537c02ef66ff117a2480fdf079f', 'sha256': '185954cfe0a40915611320a0841a5413f5c4256c7fadd3ba198eddb78ba87801'}, 'dob': {'date': '1980-11-21T17:47:19.882Z', 'age': 43}, 'registered': {'date': '2007-11-08T16:49:43.197Z', 'age': 16}, 'phone': '(62) 6117-4213', 'cell': '(87) 6490-3838', 'id': {'name': 'CPF', 'value': '342.353.789-34'}, 'picture': {'large': 'https://randomuser.me/api/portraits/men/69.jpg', 'medium': 'https://randomuser.me/api/portraits/med/men/69.jpg', 'thumbnail': 'https://randomuser.me/api/portraits/thumb/men/69.jpg'}, 'nat': 'BR'}</msg>
<arg>${json_data['results'][0]}</arg>
<doc>Logs the given message with the given level.</doc>
<status status="PASS" start="2024-07-07T07:14:06.431628" elapsed="0.000743"/>
</kw>
<kw name="Log" owner="BuiltIn">
<msg time="2024-07-07T07:14:06.433043" level="INFO">login</msg>
<arg>${key}</arg>
<doc>Logs the given message with the given level.</doc>
<status status="PASS" start="2024-07-07T07:14:06.432859" elapsed="0.000243"/>
</kw>
<var name="${key}">login</var>
<status status="PASS" start="2024-07-07T07:14:06.430411" elapsed="0.003015"/>
</iter>
<var>${key}</var>
<value>@{expected_keys}</value>
<status status="PASS" start="2024-07-07T07:14:06.417237" elapsed="0.016369"/>
</for>
<kw name="Create List" owner="BuiltIn">
<msg time="2024-07-07T07:14:06.434146" level="INFO">${expected_keysTwo} = ['username', 'password']</msg>
<var>${expected_keysTwo}</var>
<arg>username</arg>
<arg>password</arg>
<doc>Returns a list containing given items.</doc>
<status status="PASS" start="2024-07-07T07:14:06.433903" elapsed="0.000280"/>
</kw>
<for flavor="IN">
<iter>
<kw name="Dictionary Should Contain Key" owner="Collections">
<arg>${json_data['results'][0]['login']}</arg>
<arg>${keyTwo}</arg>
<doc>Fails if ``key`` is not found from ``dictionary``.</doc>
<status status="PASS" start="2024-07-07T07:14:06.434933" elapsed="0.000679"/>
</kw>
<kw name="Dictionary Should Contain Key" owner="Collections">
<arg>${json_data['results'][0]['login']}</arg>
<arg>${keyTwo}</arg>
<doc>Fails if ``key`` is not found from ``dictionary``.</doc>
<status status="PASS" start="2024-07-07T07:14:06.435943" elapsed="0.000684"/>
</kw>
<kw name="Log" owner="BuiltIn">
<msg time="2024-07-07T07:14:06.437172" level="INFO">username</msg>
<arg>${keyTwo}</arg>
<doc>Logs the given message with the given level.</doc>
<status status="PASS" start="2024-07-07T07:14:06.436983" elapsed="0.000248"/>
</kw>
<var name="${keyTwo}">username</var>
<status status="PASS" start="2024-07-07T07:14:06.434759" elapsed="0.002793"/>
</iter>
<iter>
<kw name="Dictionary Should Contain Key" owner="Collections">
<arg>${json_data['results'][0]['login']}</arg>
<arg>${keyTwo}</arg>
<doc>Fails if ``key`` is not found from ``dictionary``.</doc>
<status status="PASS" start="2024-07-07T07:14:06.437973" elapsed="0.000608"/>
</kw>
<kw name="Dictionary Should Contain Key" owner="Collections">
<arg>${json_data['results'][0]['login']}</arg>
<arg>${keyTwo}</arg>
<doc>Fails if ``key`` is not found from ``dictionary``.</doc>
<status status="PASS" start="2024-07-07T07:14:06.438876" elapsed="0.000482"/>
</kw>
<kw name="Log" owner="BuiltIn">
<msg time="2024-07-07T07:14:06.439683" level="INFO">password</msg>
<arg>${keyTwo}</arg>
<doc>Logs the given message with the given level.</doc>
<status status="PASS" start="2024-07-07T07:14:06.439552" elapsed="0.000175"/>
</kw>
<var name="${keyTwo}">password</var>
<status status="PASS" start="2024-07-07T07:14:06.437808" elapsed="0.002148"/>
</iter>
<var>${keyTwo}</var>
<value>@{expected_keysTwo}</value>
<status status="PASS" start="2024-07-07T07:14:06.434528" elapsed="0.005553"/>
</for>
<status status="PASS" start="2024-07-07T07:14:06.319549" elapsed="0.120677"/>
</kw>
<doc>Testa a estrutura da resposta da API.</doc>
<tag>testeEstruturaResposta</tag>
<status status="PASS" start="2024-07-07T07:14:06.319049" elapsed="0.121330"/>
</test>
<test id="s1-s1-t4" name="Validar tipos de dados" line="28">
<kw name="Teste de Tipos de Dados" owner="random-user-service">
<kw name="GET On Session" owner="RequestsLibrary">
<msg time="2024-07-07T07:14:06.571049" level="INFO">GET Request : url=https://randomuser.me/api 
 path_url=/api 
 headers={'User-Agent': 'python-requests/2.32.3', 'Accept-Encoding': 'gzip, deflate', 'Accept': '*/*', 'Connection': 'keep-alive'} 
 body=None 
 </msg>
<msg time="2024-07-07T07:14:06.571141" level="INFO">GET Response : url=https://randomuser.me/api 
 status=200, reason=OK 
 headers={'Date': 'Sun, 07 Jul 2024 07:14:06 GMT', 'Content-Type': 'application/json; charset=utf-8', 'Transfer-Encoding': 'chunked', 'Connection': 'keep-alive', 'X-Powered-By': 'Express', 'Access-Control-Allow-Origin': '*', 'Cache-Control': 'no-cache', 'ETag': 'W/"48a-tjeEowmzHXxUWLECL2kwiN9Dezk"', 'Vary': 'Accept-Encoding', 'Content-Encoding': 'gzip', 'CF-Cache-Status': 'DYNAMIC', 'Report-To': '{"endpoints":[{"url":"https:\\/\\/a.nel.cloudflare.com\\/report\\/v4?s=J9eHBPlikIW1GoWp0SmdRCF31A9Qn3SxrP6wfSgkE3t2%2F1XLXZPBjz8yydyAA6AwQbg5jjFGtajKD1l%2B%2B14WQNBC7m5EwMDzgldL3ktgGUlgHYHdwjoP3azceGlFg8%2Fo"}],"group":"cf-nel","max_age":604800}', 'NEL': '{"success_fraction":0,"report_to":"cf-nel","max_age":604800}', 'Server': 'cloudflare', 'CF-RAY': '89f609264ba62b90-LAX', 'alt-svc': 'h3=":443"; ma=86400'} 
 body={"results":[{"gender":"male","name":{"title":"Mr","first":"Storm","last":"Kristensen"},"location":{"street":{"number":9351,"name":"Sundtoften"},"city":"Nørrebro","state":"Syddanmark","country":"Denmark","postcode":52219,"coordinates":{"latitude":"-44.0387","longitude":"-90.0515"},"timezone":{"offset":"+8:00","description":"Beijing, Perth, Singapore, Hong Kong"}},"email":"storm.kristensen@example.com","login":{"uuid":"d5dec9e7-1814-40ae-880d-108b52897409","username":"angrysnake199","password":"last","salt":"hHgscN5W","md5":"4702fdd088230c01b4a565b1efa9beb1","sha1":"6eba6955e1994e948bb4f0c25139810b7b44a577","sha256":"e5f0b19d6b1539a77a31dbda319314c3e1aee291ed5488760642ec0f6d2a8468"},"dob":{"date":"1946-09-15T01:40:53.148Z","age":77},"registered":{"date":"2012-07-16T06:38:43.221Z","age":11},"phone":"31564205","cell":"34302889","id":{"name":"CPR","value":"140946-5111"},"picture":{"large":"https://randomuser.me/api/portraits/men/71.jpg","medium":"https://randomuser.me/api/portraits/med/men/71.jpg","thumbnail":"https://randomuser.me/api/portraits/thumb/men/71.jpg"},"nat":"DK"}],"info":{"seed":"dfb86f972630f5ec","results":1,"page":1,"version":"1.4"}} 
 </msg>
<msg time="2024-07-07T07:14:06.571221" level="INFO">/opt/hostedtoolcache/Python/3.12.4/x64/lib/python3.12/site-packages/urllib3/connectionpool.py:1099: InsecureRequestWarning: Unverified HTTPS request is being made to host 'randomuser.me'. Adding certificate verification is strongly advised. See: https://urllib3.readthedocs.io/en/latest/advanced-usage.html#tls-warnings
  warnings.warn(</msg>
<msg time="2024-07-07T07:14:06.571345" level="INFO">${response} = &lt;Response [200]&gt;</msg>
<var>${response}</var>
<arg>consultarAPI</arg>
<arg>/api</arg>
<doc>Sends a GET request on a previously created HTTP Session.</doc>
<status status="PASS" start="2024-07-07T07:14:06.442943" elapsed="0.128457"/>
</kw>
<kw name="Set Variable" owner="BuiltIn">
<msg time="2024-07-07T07:14:06.572539" level="INFO">${json_data} = {'results': [{'gender': 'male', 'name': {'title': 'Mr', 'first': 'Storm', 'last': 'Kristensen'}, 'location': {'street': {'number': 9351, 'name': 'Sundtoften'}, 'city': 'Nørrebro', 'state': 'Syddanmark...</msg>
<var>${json_data}</var>
<arg>${response.json()}</arg>
<doc>Returns the given values which can then be assigned to a variables.</doc>
<status status="PASS" start="2024-07-07T07:14:06.571931" elapsed="0.000638"/>
</kw>
<kw name="Log" owner="BuiltIn">
<msg time="2024-07-07T07:14:06.573089" level="INFO">{'results': [{'gender': 'male', 'name': {'title': 'Mr', 'first': 'Storm', 'last': 'Kristensen'}, 'location': {'street': {'number': 9351, 'name': 'Sundtoften'}, 'city': 'Nørrebro', 'state': 'Syddanmark', 'country': 'Denmark', 'postcode': 52219, 'coordinates': {'latitude': '-44.0387', 'longitude': '-90.0515'}, 'timezone': {'offset': '+8:00', 'description': 'Beijing, Perth, Singapore, Hong Kong'}}, 'email': 'storm.kristensen@example.com', 'login': {'uuid': 'd5dec9e7-1814-40ae-880d-108b52897409', 'username': 'angrysnake199', 'password': 'last', 'salt': 'hHgscN5W', 'md5': '4702fdd088230c01b4a565b1efa9beb1', 'sha1': '6eba6955e1994e948bb4f0c25139810b7b44a577', 'sha256': 'e5f0b19d6b1539a77a31dbda319314c3e1aee291ed5488760642ec0f6d2a8468'}, 'dob': {'date': '1946-09-15T01:40:53.148Z', 'age': 77}, 'registered': {'date': '2012-07-16T06:38:43.221Z', 'age': 11}, 'phone': '31564205', 'cell': '34302889', 'id': {'name': 'CPR', 'value': '140946-5111'}, 'picture': {'large': 'https://randomuser.me/api/portraits/men/71.jpg', 'medium': 'https://randomuser.me/api/portraits/med/men/71.jpg', 'thumbnail': 'https://randomuser.me/api/portraits/thumb/men/71.jpg'}, 'nat': 'DK'}], 'info': {'seed': 'dfb86f972630f5ec', 'results': 1, 'page': 1, 'version': '1.4'}}</msg>
<arg>${json_data}</arg>
<doc>Logs the given message with the given level.</doc>
<status status="PASS" start="2024-07-07T07:14:06.572931" elapsed="0.000212"/>
</kw>
<kw name="Should Be String" owner="String">
<arg>${json_data['results'][0]['gender']}</arg>
<doc>Fails if the given ``item`` is not a string.</doc>
<status status="PASS" start="2024-07-07T07:14:06.573439" elapsed="0.000366"/>
</kw>
<kw name="Should Match Regexp" owner="BuiltIn">
<arg>${json_data['results'][0]['email']}</arg>
<arg>^[a-zA-Z0-9._%+-]+@[a-zA-Z0-9.-]+\.[a-zA-Z]{2,}$</arg>
<doc>Fails if ``string`` does not match ``pattern`` as a regular expression.</doc>
<status status="PASS" start="2024-07-07T07:14:06.573996" elapsed="0.000558"/>
</kw>
<kw name="Should Match Regexp" owner="BuiltIn">
<arg>${json_data['results'][0]['dob']['date']}</arg>
<arg>\\d{4}-\\d{2}-\\d{2}T\\d{2}:\\d{2}:\\d{2}\\.\\d{3}Z</arg>
<doc>Fails if ``string`` does not match ``pattern`` as a regular expression.</doc>
<status status="PASS" start="2024-07-07T07:14:06.574751" elapsed="0.000485"/>
</kw>
<kw name="Should Match Regexp" owner="BuiltIn">
<arg>${json_data['results'][0]['registered']['date']}</arg>
<arg>\\d{4}-\\d{2}-\\d{2}T\\d{2}:\\d{2}:\\d{2}\\.\\d{3}Z</arg>
<doc>Fails if ``string`` does not match ``pattern`` as a regular expression.</doc>
<status status="PASS" start="2024-07-07T07:14:06.575427" elapsed="0.000371"/>
</kw>
<kw name="Should Match Regexp" owner="BuiltIn">
<arg>${json_data['results'][0]['picture']['large']}</arg>
<arg>^https?://.*\.(?:png|jpe?g|gif|bmp)$</arg>
<doc>Fails if ``string`` does not match ``pattern`` as a regular expression.</doc>
<status status="PASS" start="2024-07-07T07:14:06.575984" elapsed="0.000467"/>
</kw>
<kw name="Should Match Regexp" owner="BuiltIn">
<arg>${json_data['results'][0]['picture']['medium']}</arg>
<arg>^https?://.*\.(?:png|jpe?g|gif|bmp)$</arg>
<doc>Fails if ``string`` does not match ``pattern`` as a regular expression.</doc>
<status status="PASS" start="2024-07-07T07:14:06.576639" elapsed="0.000376"/>
</kw>
<kw name="Should Match Regexp" owner="BuiltIn">
<arg>${json_data['results'][0]['picture']['thumbnail']}</arg>
<arg>^https?://.*\.(?:png|jpe?g|gif|bmp)$</arg>
<doc>Fails if ``string`` does not match ``pattern`` as a regular expression.</doc>
<status status="PASS" start="2024-07-07T07:14:06.577199" elapsed="0.000357"/>
</kw>
<kw name="Log" owner="BuiltIn">
<msg time="2024-07-07T07:14:06.578068" level="INFO">{'large': 'https://randomuser.me/api/portraits/men/71.jpg', 'medium': 'https://randomuser.me/api/portraits/med/men/71.jpg', 'thumbnail': 'https://randomuser.me/api/portraits/thumb/men/71.jpg'}</msg>
<arg>${json_data['results'][0]['picture']}</arg>
<doc>Logs the given message with the given level.</doc>
<status status="PASS" start="2024-07-07T07:14:06.577740" elapsed="0.000369"/>
</kw>
<status status="PASS" start="2024-07-07T07:14:06.442720" elapsed="0.135643"/>
</kw>
<kw name="Teste de Tipos de Dados - Postcode" owner="random-user-service">
<kw name="GET On Session" owner="RequestsLibrary">
<msg time="2024-07-07T07:14:06.673508" level="INFO">GET Request : url=https://randomuser.me/api 
 path_url=/api 
 headers={'User-Agent': 'python-requests/2.32.3', 'Accept-Encoding': 'gzip, deflate', 'Accept': '*/*', 'Connection': 'keep-alive'} 
 body=None 
 </msg>
<msg time="2024-07-07T07:14:06.673591" level="INFO">GET Response : url=https://randomuser.me/api 
 status=200, reason=OK 
 headers={'Date': 'Sun, 07 Jul 2024 07:14:06 GMT', 'Content-Type': 'application/json; charset=utf-8', 'Transfer-Encoding': 'chunked', 'Connection': 'keep-alive', 'X-Powered-By': 'Express', 'Access-Control-Allow-Origin': '*', 'Cache-Control': 'no-cache', 'ETag': 'W/"46d-S+F6iyz+Np8uhq55VPHIV4TD5mU"', 'Vary': 'Accept-Encoding', 'Content-Encoding': 'gzip', 'CF-Cache-Status': 'DYNAMIC', 'Report-To': '{"endpoints":[{"url":"https:\\/\\/a.nel.cloudflare.com\\/report\\/v4?s=IGuoCBuLMlPJxa2VxCROzkwCJ8uhInLPH3y24RzpYaW093XxNQ8QbCdIMJm0iFwyxwTjfm7pjBGiSii%2B%2BmlZaaX%2Bnq6KyGLNEB7euWZzt%2FhnzbIXoj0PMdFSVzcRW8AT"}],"group":"cf-nel","max_age":604800}', 'NEL': '{"success_fraction":0,"report_to":"cf-nel","max_age":604800}', 'Server': 'cloudflare', 'CF-RAY': '89f609272cb82b90-LAX', 'alt-svc': 'h3=":443"; ma=86400'} 
 body={"results":[{"gender":"male","name":{"title":"Mr","first":"Zlatodan","last":"Semanyuk"},"location":{"street":{"number":8154,"name":"Glibochicka"},"city":"Marganec","state":"Vinnicka","country":"Ukraine","postcode":79805,"coordinates":{"latitude":"72.8608","longitude":"-54.4942"},"timezone":{"offset":"+3:30","description":"Tehran"}},"email":"zlatodan.semanyuk@example.com","login":{"uuid":"6c9d381c-66b3-4919-999d-1e8a0e9ebc53","username":"purpleswan206","password":"models","salt":"zyTlJeM1","md5":"b65133e6f9c205424c35f2cca2fb2b50","sha1":"7b3d1aca5b4a6df02edc5fb3beab20f51997c194","sha256":"2021488cf3b3d569396e8a933b508bdf4f862b17795024bb2163f4f6de3fdf5f"},"dob":{"date":"1994-12-09T07:21:02.394Z","age":29},"registered":{"date":"2013-06-19T14:32:17.184Z","age":11},"phone":"(066) X69-6732","cell":"(066) H46-1286","id":{"name":"","value":null},"picture":{"large":"https://randomuser.me/api/portraits/men/62.jpg","medium":"https://randomuser.me/api/portraits/med/men/62.jpg","thumbnail":"https://randomuser.me/api/portraits/thumb/men/62.jpg"},"nat":"UA"}],"info":{"seed":"c882683b8cba4f5e","results":1,"page":1,"version":"1.4"}} 
 </msg>
<msg time="2024-07-07T07:14:06.673661" level="INFO">/opt/hostedtoolcache/Python/3.12.4/x64/lib/python3.12/site-packages/urllib3/connectionpool.py:1099: InsecureRequestWarning: Unverified HTTPS request is being made to host 'randomuser.me'. Adding certificate verification is strongly advised. See: https://urllib3.readthedocs.io/en/latest/advanced-usage.html#tls-warnings
  warnings.warn(</msg>
<msg time="2024-07-07T07:14:06.673779" level="INFO">${response} = &lt;Response [200]&gt;</msg>
<var>${response}</var>
<arg>consultarAPI</arg>
<arg>/api</arg>
<doc>Sends a GET request on a previously created HTTP Session.</doc>
<status status="PASS" start="2024-07-07T07:14:06.578789" elapsed="0.095045"/>
</kw>
<kw name="Set Variable" owner="BuiltIn">
<msg time="2024-07-07T07:14:06.674929" level="INFO">${json_data} = {'results': [{'gender': 'male', 'name': {'title': 'Mr', 'first': 'Zlatodan', 'last': 'Semanyuk'}, 'location': {'street': {'number': 8154, 'name': 'Glibochicka'}, 'city': 'Marganec', 'state': 'Vinnicka...</msg>
<var>${json_data}</var>
<arg>${response.json()}</arg>
<doc>Returns the given values which can then be assigned to a variables.</doc>
<status status="PASS" start="2024-07-07T07:14:06.674347" elapsed="0.000611"/>
</kw>
<kw name="Log" owner="BuiltIn">
<msg time="2024-07-07T07:14:06.675424" level="INFO">{'results': [{'gender': 'male', 'name': {'title': 'Mr', 'first': 'Zlatodan', 'last': 'Semanyuk'}, 'location': {'street': {'number': 8154, 'name': 'Glibochicka'}, 'city': 'Marganec', 'state': 'Vinnicka', 'country': 'Ukraine', 'postcode': 79805, 'coordinates': {'latitude': '72.8608', 'longitude': '-54.4942'}, 'timezone': {'offset': '+3:30', 'description': 'Tehran'}}, 'email': 'zlatodan.semanyuk@example.com', 'login': {'uuid': '6c9d381c-66b3-4919-999d-1e8a0e9ebc53', 'username': 'purpleswan206', 'password': 'models', 'salt': 'zyTlJeM1', 'md5': 'b65133e6f9c205424c35f2cca2fb2b50', 'sha1': '7b3d1aca5b4a6df02edc5fb3beab20f51997c194', 'sha256': '2021488cf3b3d569396e8a933b508bdf4f862b17795024bb2163f4f6de3fdf5f'}, 'dob': {'date': '1994-12-09T07:21:02.394Z', 'age': 29}, 'registered': {'date': '2013-06-19T14:32:17.184Z', 'age': 11}, 'phone': '(066) X69-6732', 'cell': '(066) H46-1286', 'id': {'name': '', 'value': None}, 'picture': {'large': 'https://randomuser.me/api/portraits/men/62.jpg', 'medium': 'https://randomuser.me/api/portraits/med/men/62.jpg', 'thumbnail': 'https://randomuser.me/api/portraits/thumb/men/62.jpg'}, 'nat': 'UA'}], 'info': {'seed': 'c882683b8cba4f5e', 'results': 1, 'page': 1, 'version': '1.4'}}</msg>
<arg>${json_data}</arg>
<doc>Logs the given message with the given level.</doc>
<status status="PASS" start="2024-07-07T07:14:06.675264" elapsed="0.000212"/>
</kw>
<kw name="Should Be Equal As Numbers" owner="BuiltIn">
<arg>${json_data['results'][0]['location']['postcode']}</arg>
<arg>${json_data['results'][0]['location']['postcode']}</arg>
<doc>Fails if objects are unequal after converting them to real numbers.</doc>
<status status="PASS" start="2024-07-07T07:14:06.675773" elapsed="0.000636"/>
</kw>
<kw name="Log" owner="BuiltIn">
<msg time="2024-07-07T07:14:06.676983" level="INFO">79805</msg>
<arg>${json_data['results'][0]['location']['postcode']}</arg>
<doc>Logs the given message with the given level.</doc>
<status status="PASS" start="2024-07-07T07:14:06.676594" elapsed="0.000431"/>
</kw>
<status status="PASS" start="2024-07-07T07:14:06.578574" elapsed="0.098724"/>
</kw>
<doc>Testa se os tipos de dados na resposta da API estão corretos.</doc>
<tag>testeTiposDados</tag>
<status status="PASS" start="2024-07-07T07:14:06.442176" elapsed="0.235277"/>
</test>
<test id="s1-s1-t5" name="Validar conteudo" line="35">
<kw name="Teste de Tipos de Conteudo" owner="random-user-service">
<kw name="GET On Session" owner="RequestsLibrary">
<msg time="2024-07-07T07:14:06.777311" level="INFO">GET Request : url=https://randomuser.me/api 
 path_url=/api 
 headers={'User-Agent': 'python-requests/2.32.3', 'Accept-Encoding': 'gzip, deflate', 'Accept': '*/*', 'Connection': 'keep-alive'} 
 body=None 
 </msg>
<msg time="2024-07-07T07:14:06.777379" level="INFO">GET Response : url=https://randomuser.me/api 
 status=200, reason=OK 
 headers={'Date': 'Sun, 07 Jul 2024 07:14:06 GMT', 'Content-Type': 'application/json; charset=utf-8', 'Transfer-Encoding': 'chunked', 'Connection': 'keep-alive', 'X-Powered-By': 'Express', 'Access-Control-Allow-Origin': '*', 'Cache-Control': 'no-cache', 'ETag': 'W/"492-B5bHgrXBgGCwa+IKxQdb/Wk9pXA"', 'Vary': 'Accept-Encoding', 'Content-Encoding': 'gzip', 'CF-Cache-Status': 'DYNAMIC', 'Report-To': '{"endpoints":[{"url":"https:\\/\\/a.nel.cloudflare.com\\/report\\/v4?s=lf4bcxdTcTopvxmUusrFOivDf2euSdPJgooSdv0KcWFTzTEPzBWMMnDJ7vpripAJe%2FMhsFZIiu9dPgY2SQ6kPfzKploIlMpAAdqOfJfKffSLrXqjqn1xntZja5jJc%2Fwi"}],"group":"cf-nel","max_age":604800}', 'NEL': '{"success_fraction":0,"report_to":"cf-nel","max_age":604800}', 'Server': 'cloudflare', 'CF-RAY': '89f60927cdcd2b90-LAX', 'alt-svc': 'h3=":443"; ma=86400'} 
 body={"results":[{"gender":"female","name":{"title":"Mrs","first":"Sabrina","last":"Schreier"},"location":{"street":{"number":4958,"name":"Ringstraße"},"city":"Aken (Elbe)","state":"Hessen","country":"Germany","postcode":34213,"coordinates":{"latitude":"-48.8187","longitude":"144.5845"},"timezone":{"offset":"+6:00","description":"Almaty, Dhaka, Colombo"}},"email":"sabrina.schreier@example.com","login":{"uuid":"dc9c7c06-4bb1-4691-b71b-96d9156477a5","username":"sadmeercat442","password":"baseball","salt":"STfyKeDC","md5":"6a4225098e2b9277630adc82f731478d","sha1":"4ba714e73db5fc6440c63674654fb9727a600a79","sha256":"2dfa573d940258fb163d85d16880e849e7242d56b97af6b88f9da3e80badd75d"},"dob":{"date":"1992-12-28T04:15:00.648Z","age":31},"registered":{"date":"2014-07-06T12:13:06.614Z","age":10},"phone":"0342-4463455","cell":"0177-7295723","id":{"name":"SVNR","value":"76 271292 S 767"},"picture":{"large":"https://randomuser.me/api/portraits/women/9.jpg","medium":"https://randomuser.me/api/portraits/med/women/9.jpg","thumbnail":"https://randomuser.me/api/portraits/thumb/women/9.jpg"},"nat":"DE"}],"info":{"seed":"dbe0135b4d0a8139","results":1,"page":1,"version":"1.4"}} 
 </msg>
<msg time="2024-07-07T07:14:06.777452" level="INFO">/opt/hostedtoolcache/Python/3.12.4/x64/lib/python3.12/site-packages/urllib3/connectionpool.py:1099: InsecureRequestWarning: Unverified HTTPS request is being made to host 'randomuser.me'. Adding certificate verification is strongly advised. See: https://urllib3.readthedocs.io/en/latest/advanced-usage.html#tls-warnings
  warnings.warn(</msg>
<msg time="2024-07-07T07:14:06.777550" level="INFO">${response} = &lt;Response [200]&gt;</msg>
<var>${response}</var>
<arg>consultarAPI</arg>
<arg>/api</arg>
<doc>Sends a GET request on a previously created HTTP Session.</doc>
<status status="PASS" start="2024-07-07T07:14:06.680571" elapsed="0.097023"/>
</kw>
<kw name="Set Variable" owner="BuiltIn">
<msg time="2024-07-07T07:14:06.778675" level="INFO">${json_data} = {'results': [{'gender': 'female', 'name': {'title': 'Mrs', 'first': 'Sabrina', 'last': 'Schreier'}, 'location': {'street': {'number': 4958, 'name': 'Ringstraße'}, 'city': 'Aken (Elbe)', 'state': 'Hess...</msg>
<var>${json_data}</var>
<arg>${response.json()}</arg>
<doc>Returns the given values which can then be assigned to a variables.</doc>
<status status="PASS" start="2024-07-07T07:14:06.778086" elapsed="0.000620"/>
</kw>
<kw name="Set Variable" owner="BuiltIn">
<msg time="2024-07-07T07:14:06.779383" level="INFO">${name_title} = Mrs</msg>
<var>${name_title}</var>
<arg>${json_data["results"][0]["name"]["title"]}</arg>
<doc>Returns the given values which can then be assigned to a variables.</doc>
<status status="PASS" start="2024-07-07T07:14:06.779008" elapsed="0.000401"/>
</kw>
<kw name="Create List" owner="BuiltIn">
<msg time="2024-07-07T07:14:06.779852" level="INFO">${allowed_titles} = ['Mr', 'Ms', 'Miss', 'Mrs', 'Madame', 'Monsieur']</msg>
<var>${allowed_titles}</var>
<arg>Mr</arg>
<arg>Ms</arg>
<arg>Miss</arg>
<arg>Mrs</arg>
<arg>Madame</arg>
<arg>Monsieur</arg>
<doc>Returns a list containing given items.</doc>
<status status="PASS" start="2024-07-07T07:14:06.779703" elapsed="0.000174"/>
</kw>
<kw name="List Should Contain Value" owner="Collections">
<arg>${allowed_titles}</arg>
<arg>${name_title}</arg>
<doc>Fails if the ``value`` is not found from ``list``.</doc>
<status status="PASS" start="2024-07-07T07:14:06.780172" elapsed="0.000174"/>
</kw>
<kw name="Set Variable" owner="BuiltIn">
<msg time="2024-07-07T07:14:06.780931" level="INFO">${name_country} = DE</msg>
<var>${name_country}</var>
<arg>${json_data["results"][0]["nat"]}</arg>
<doc>Returns the given values which can then be assigned to a variables.</doc>
<status status="PASS" start="2024-07-07T07:14:06.780525" elapsed="0.000432"/>
</kw>
<kw name="Create List" owner="BuiltIn">
<msg time="2024-07-07T07:14:06.781842" level="INFO">${list_country} = ['AD', 'AE', 'AF', 'AG', 'AI', 'AL', 'AM', 'AO', 'AQ', 'AR', 'AS', 'AT', 'AU', 'AW', 'AX', 'AZ', 'BA', 'BB', 'BD', 'BE', 'BF', 'BG', 'BH', 'BI', 'BJ', 'BL', 'BM', 'BN', 'BO', 'BQ', 'BR', 'BS', 'BT', '...</msg>
<var>${list_country}</var>
<arg>AD</arg>
<arg>AE</arg>
<arg>AF</arg>
<arg>AG</arg>
<arg>AI</arg>
<arg>AL</arg>
<arg>AM</arg>
<arg>AO</arg>
<arg>AQ</arg>
<arg>AR</arg>
<arg>AS</arg>
<arg>AT</arg>
<arg>AU</arg>
<arg>AW</arg>
<arg>AX</arg>
<arg>AZ</arg>
<arg>BA</arg>
<arg>BB</arg>
<arg>BD</arg>
<arg>BE</arg>
<arg>BF</arg>
<arg>BG</arg>
<arg>BH</arg>
<arg>BI</arg>
<arg>BJ</arg>
<arg>BL</arg>
<arg>BM</arg>
<arg>BN</arg>
<arg>BO</arg>
<arg>BQ</arg>
<arg>BR</arg>
<arg>BS</arg>
<arg>BT</arg>
<arg>BV</arg>
<arg>BW</arg>
<arg>BY</arg>
<arg>BZ</arg>
<arg>CA</arg>
<arg>CC</arg>
<arg>CD</arg>
<arg>CF</arg>
<arg>CG</arg>
<arg>CH</arg>
<arg>CI</arg>
<arg>CK</arg>
<arg>CL</arg>
<arg>CM</arg>
<arg>CN</arg>
<arg>CO</arg>
<arg>CR</arg>
<arg>CU</arg>
<arg>CV</arg>
<arg>CW</arg>
<arg>CX</arg>
<arg>CY</arg>
<arg>CZ</arg>
<arg>DE</arg>
<arg>DJ</arg>
<arg>DK</arg>
<arg>DM</arg>
<arg>DO</arg>
<arg>DZ</arg>
<arg>EC</arg>
<arg>EE</arg>
<arg>EG</arg>
<arg>EH</arg>
<arg>ER</arg>
<arg>ES</arg>
<arg>ET</arg>
<arg>FI</arg>
<arg>FJ</arg>
<arg>FK</arg>
<arg>FM</arg>
<arg>FO</arg>
<arg>FR</arg>
<arg>GA</arg>
<arg>GB</arg>
<arg>GD</arg>
<arg>GE</arg>
<arg>GF</arg>
<arg>GG</arg>
<arg>GH</arg>
<arg>GI</arg>
<arg>GL</arg>
<arg>GM</arg>
<arg>GN</arg>
<arg>GP</arg>
<arg>GQ</arg>
<arg>GR</arg>
<arg>GS</arg>
<arg>GT</arg>
<arg>GU</arg>
<arg>GW</arg>
<arg>GY</arg>
<arg>HK</arg>
<arg>HM</arg>
<arg>HN</arg>
<arg>HR</arg>
<arg>HT</arg>
<arg>HU</arg>
<arg>ID</arg>
<arg>IE</arg>
<arg>IL</arg>
<arg>IM</arg>
<arg>IN</arg>
<arg>IO</arg>
<arg>IQ</arg>
<arg>IR</arg>
<arg>IS</arg>
<arg>IT</arg>
<arg>JE</arg>
<arg>JM</arg>
<arg>JO</arg>
<arg>JP</arg>
<arg>KE</arg>
<arg>KG</arg>
<arg>KH</arg>
<arg>KI</arg>
<arg>KM</arg>
<arg>KN</arg>
<arg>KP</arg>
<arg>KR</arg>
<arg>KW</arg>
<arg>KY</arg>
<arg>KZ</arg>
<arg>LA</arg>
<arg>LB</arg>
<arg>LC</arg>
<arg>LI</arg>
<arg>LK</arg>
<arg>LR</arg>
<arg>LS</arg>
<arg>LT</arg>
<arg>LU</arg>
<arg>LV</arg>
<arg>LY</arg>
<arg>MA</arg>
<arg>MC</arg>
<arg>MD</arg>
<arg>ME</arg>
<arg>MF</arg>
<arg>MG</arg>
<arg>MH</arg>
<arg>MK</arg>
<arg>ML</arg>
<arg>MM</arg>
<arg>MN</arg>
<arg>MO</arg>
<arg>MP</arg>
<arg>MQ</arg>
<arg>MR</arg>
<arg>MS</arg>
<arg>MT</arg>
<arg>MU</arg>
<arg>MV</arg>
<arg>MW</arg>
<arg>MX</arg>
<arg>MY</arg>
<arg>MZ</arg>
<arg>NA</arg>
<arg>NC</arg>
<arg>NE</arg>
<arg>NF</arg>
<arg>NG</arg>
<arg>NI</arg>
<arg>NL</arg>
<arg>NO</arg>
<arg>NP</arg>
<arg>NR</arg>
<arg>NU</arg>
<arg>NZ</arg>
<arg>OM</arg>
<arg>PA</arg>
<arg>PE</arg>
<arg>PF</arg>
<arg>PG</arg>
<arg>PH</arg>
<arg>PK</arg>
<arg>PL</arg>
<arg>PM</arg>
<arg>PN</arg>
<arg>PR</arg>
<arg>PS</arg>
<arg>PT</arg>
<arg>PW</arg>
<arg>PY</arg>
<arg>QA</arg>
<arg>RE</arg>
<arg>RO</arg>
<arg>RS</arg>
<arg>RU</arg>
<arg>RW</arg>
<arg>SA</arg>
<arg>SB</arg>
<arg>SC</arg>
<arg>SD</arg>
<arg>SE</arg>
<arg>SG</arg>
<arg>SH</arg>
<arg>SI</arg>
<arg>SJ</arg>
<arg>SK</arg>
<arg>SL</arg>
<arg>SM</arg>
<arg>SN</arg>
<arg>SO</arg>
<arg>SR</arg>
<arg>SS</arg>
<arg>ST</arg>
<arg>SV</arg>
<arg>SX</arg>
<arg>SY</arg>
<arg>SZ</arg>
<arg>TC</arg>
<arg>TD</arg>
<arg>TF</arg>
<arg>TG</arg>
<arg>TH</arg>
<arg>TJ</arg>
<arg>TK</arg>
<arg>TL</arg>
<arg>TM</arg>
<arg>TN</arg>
<arg>TO</arg>
<arg>TR</arg>
<arg>TT</arg>
<arg>TV</arg>
<arg>TW</arg>
<arg>TZ</arg>
<arg>UA</arg>
<arg>UG</arg>
<arg>UM</arg>
<arg>US</arg>
<arg>UY</arg>
<arg>UZ</arg>
<arg>VA</arg>
<arg>VC</arg>
<arg>VE</arg>
<arg>VG</arg>
<arg>VI</arg>
<arg>VN</arg>
<arg>VU</arg>
<arg>WF</arg>
<arg>WS</arg>
<arg>XK</arg>
<arg>YE</arg>
<arg>YT</arg>
<arg>ZA</arg>
<arg>ZM</arg>
<arg>ZW</arg>
<doc>Returns a list containing given items.</doc>
<status status="PASS" start="2024-07-07T07:14:06.781252" elapsed="0.000616"/>
</kw>
<kw name="List Should Contain Value" owner="Collections">
<arg>${list_country}</arg>
<arg>${name_country}</arg>
<doc>Fails if the ``value`` is not found from ``list``.</doc>
<status status="PASS" start="2024-07-07T07:14:06.782663" elapsed="0.000205"/>
</kw>
<kw name="Run Keyword If" owner="BuiltIn">
<kw name="Should Be True" owner="BuiltIn">
<arg>${True}</arg>
<doc>Fails if the given condition is not true.</doc>
<status status="PASS" start="2024-07-07T07:14:06.783796" elapsed="0.000143"/>
</kw>
<arg>${json_data["results"][0]["location"]["coordinates"]["latitude"]} &gt;= -90 and ${json_data["results"][0]["location"]["coordinates"]["latitude"]} &lt;= 90</arg>
<arg>Should Be True</arg>
<arg>${True}</arg>
<doc>Runs the given keyword with the given arguments, if ``condition`` is true.</doc>
<status status="PASS" start="2024-07-07T07:14:06.783064" elapsed="0.000999"/>
</kw>
<kw name="Run Keyword If" owner="BuiltIn">
<kw name="Should Be True" owner="BuiltIn">
<arg>${True}</arg>
<doc>Fails if the given condition is not true.</doc>
<status status="PASS" start="2024-07-07T07:14:06.784979" elapsed="0.000147"/>
</kw>
<arg>${json_data["results"][0]["location"]["coordinates"]["longitude"]} &gt;= -180 and ${json_data["results"][0]["location"]["coordinates"]["longitude"]} &lt;= 180</arg>
<arg>Should Be True</arg>
<arg>${True}</arg>
<doc>Runs the given keyword with the given arguments, if ``condition`` is true.</doc>
<status status="PASS" start="2024-07-07T07:14:06.784245" elapsed="0.001006"/>
</kw>
<status status="PASS" start="2024-07-07T07:14:06.680024" elapsed="0.105358"/>
</kw>
<doc>Testa o conteúdo específico dos campos retornados pela API.</doc>
<tag>testeConteudo</tag>
<status status="PASS" start="2024-07-07T07:14:06.679339" elapsed="0.106189"/>
</test>
<status status="PASS" start="2024-07-07T07:14:05.789312" elapsed="0.998156"/>
</suite>
<status status="PASS" start="2024-07-07T07:14:05.774892" elapsed="1.017713"/>
</suite>
<statistics>
<total>
<stat pass="5" fail="0" skip="0">All Tests</stat>
</total>
<tag>
<stat pass="1" fail="0" skip="0">testeConteudo</stat>
<stat pass="1" fail="0" skip="0">testeEstruturaResposta</stat>
<stat pass="1" fail="0" skip="0">testeRequisicaoBasica</stat>
<stat pass="1" fail="0" skip="0">testeTiposDados</stat>
</tag>
<suite>
<stat pass="5" fail="0" skip="0" id="s1" name="Tests">Tests</stat>
<stat pass="5" fail="0" skip="0" id="s1-s1" name="Random-User-Test">Tests.Random-User-Test</stat>
</suite>
</statistics>
<errors>
</errors>
</robot>
