<?xml version="1.0" encoding="UTF-8"?>
<robot generator="Robot 7.0 (Python 3.12.3 on linux)" generated="2024-05-01T01:05:39.757093" rpa="false" schemaversion="5">
<suite id="s1" name="Tests" source="/home/runner/work/DesafioQAItauRogerioJordao/DesafioQAItauRogerioJordao/RamdonUser/tests">
<suite id="s1-s1" name="Random-User-Test" source="/home/runner/work/DesafioQAItauRogerioJordao/DesafioQAItauRogerioJordao/RamdonUser/tests/random-user-test.robot">
<test id="s1-s1-t1" name="Conectar" line="13">
<kw name="Conectar API" owner="random-user-service">
<kw name="Create Session" owner="RequestsLibrary">
<msg time="2024-05-01T01:05:40.219245" level="INFO">Creating Session using : alias=consultarAPI, url=https://randomuser.me/, headers={},                     cookies={}, auth=None, timeout=None, proxies=None, verify=False,                     debug=0 </msg>
<arg>consultarAPI</arg>
<arg>${URL}</arg>
<doc>Create Session: create a HTTP session to a server</doc>
<status status="PASS" start="2024-05-01T01:05:40.218998" elapsed="0.000467"/>
</kw>
<status status="PASS" start="2024-05-01T01:05:40.217898" elapsed="0.002050"/>
</kw>
<status status="PASS" start="2024-05-01T01:05:40.217134" elapsed="0.003033"/>
</test>
<test id="s1-s1-t2" name="Validar retorno 200 e JSON Válido" line="16">
<kw name="Teste de Requisicao Basica" owner="random-user-service">
<kw name="GET On Session" owner="RequestsLibrary">
<msg time="2024-05-01T01:05:40.483361" level="INFO">GET Request : url=https://randomuser.me/api 
 path_url=/api 
 headers={'User-Agent': 'python-requests/2.31.0', 'Accept-Encoding': 'gzip, deflate', 'Accept': '*/*', 'Connection': 'keep-alive'} 
 body=None 
 </msg>
<msg time="2024-05-01T01:05:40.483524" level="INFO">GET Response : url=https://randomuser.me/api 
 status=200, reason=OK 
 headers={'Date': 'Wed, 01 May 2024 01:05:40 GMT', 'Content-Type': 'application/json; charset=utf-8', 'Transfer-Encoding': 'chunked', 'Connection': 'keep-alive', 'X-Powered-By': 'Express', 'Access-Control-Allow-Origin': '*', 'Cache-Control': 'no-cache', 'ETag': 'W/"498-9oCChhzwgIDMQ3kvsVvYLE9CyCE"', 'Vary': 'Accept-Encoding', 'Content-Encoding': 'gzip', 'CF-Cache-Status': 'DYNAMIC', 'Report-To': '{"endpoints":[{"url":"https:\\/\\/a.nel.cloudflare.com\\/report\\/v4?s=toV%2ByWlR%2B0x1AUK5gZd%2BGySqNIOg5xeCwcIQ05Zoy8f%2B8JUWuqtB0HYLKXjOrFAS95J1Q7kF1Z8RhhwoLE4oectd63wsXDuZLK0E%2FNWXvsEKJtrXuBhPjG6Y4Wwn155s"}],"group":"cf-nel","max_age":604800}', 'NEL': '{"success_fraction":0,"report_to":"cf-nel","max_age":604800}', 'Server': 'cloudflare', 'CF-RAY': '87cbdd5389b9230b-ORD', 'alt-svc': 'h3=":443"; ma=86400'} 
 body={"results":[{"gender":"male","name":{"title":"Mr","first":"Rolf-Peter","last":"Hotz"},"location":{"street":{"number":5361,"name":"Fasanenweg"},"city":"Nabburg","state":"Bayern","country":"Germany","postcode":77311,"coordinates":{"latitude":"-48.7512","longitude":"-167.7967"},"timezone":{"offset":"-6:00","description":"Central Time (US &amp; Canada), Mexico City"}},"email":"rolf-peter.hotz@example.com","login":{"uuid":"d538491b-251e-443d-9107-ee77ec3142c8","username":"beautifulkoala906","password":"abcde","salt":"lue5sm12","md5":"4f34d589bc8267ea5c1e1ad82de6cb90","sha1":"42e9dc4589f882e4e0186aa93bfd1270c55b22cf","sha256":"259ef48748c6468f1bb8fed6d217301bdc9ae1b113a84a6d34102fe31389572f"},"dob":{"date":"1995-06-17T04:38:45.771Z","age":28},"registered":{"date":"2011-03-28T15:16:03.226Z","age":13},"phone":"0872-0217562","cell":"0174-0420439","id":{"name":"SVNR","value":"53 160695 H 100"},"picture":{"large":"https://randomuser.me/api/portraits/men/49.jpg","medium":"https://randomuser.me/api/portraits/med/men/49.jpg","thumbnail":"https://randomuser.me/api/portraits/thumb/men/49.jpg"},"nat":"DE"}],"info":{"seed":"a6bff1e6fe3686e3","results":1,"page":1,"version":"1.4"}} 
 </msg>
<msg time="2024-05-01T01:05:40.483615" level="INFO">/opt/hostedtoolcache/Python/3.12.3/x64/lib/python3.12/site-packages/urllib3/connectionpool.py:1103: InsecureRequestWarning: Unverified HTTPS request is being made to host 'randomuser.me'. Adding certificate verification is strongly advised. See: https://urllib3.readthedocs.io/en/latest/advanced-usage.html#tls-warnings
  warnings.warn(</msg>
<msg time="2024-05-01T01:05:40.483784" level="INFO">${response} = &lt;Response [200]&gt;</msg>
<var>${response}</var>
<arg>consultarAPI</arg>
<arg>/api</arg>
<doc>Sends a GET request on a previously created HTTP Session.</doc>
<status status="PASS" start="2024-05-01T01:05:40.223083" elapsed="0.260771"/>
</kw>
<kw name="Should Be Equal As Numbers" owner="BuiltIn">
<msg time="2024-05-01T01:05:40.484910" level="INFO">Argument types are:
&lt;class 'int'&gt;
&lt;class 'str'&gt;</msg>
<arg>${response.status_code}</arg>
<arg>200</arg>
<doc>Fails if objects are unequal after converting them to real numbers.</doc>
<status status="PASS" start="2024-05-01T01:05:40.484429" elapsed="0.000549"/>
</kw>
<kw name="Log" owner="BuiltIn">
<msg time="2024-05-01T01:05:40.485691" level="INFO">200</msg>
<arg>${response.status_code}</arg>
<doc>Logs the given message with the given level.</doc>
<status status="PASS" start="2024-05-01T01:05:40.485329" elapsed="0.000405"/>
</kw>
<kw name="Set Variable" owner="BuiltIn">
<msg time="2024-05-01T01:05:40.486474" level="INFO">${json_data} = {'results': [{'gender': 'male', 'name': {'title': 'Mr', 'first': 'Rolf-Peter', 'last': 'Hotz'}, 'location': {'street': {'number': 5361, 'name': 'Fasanenweg'}, 'city': 'Nabburg', 'state': 'Bayern', 'co...</msg>
<var>${json_data}</var>
<arg>${response.json()}</arg>
<doc>Returns the given values which can then be assigned to a variables.</doc>
<status status="PASS" start="2024-05-01T01:05:40.486041" elapsed="0.000462"/>
</kw>
<kw name="Dictionary Should Contain Key" owner="Collections">
<msg time="2024-05-01T01:05:40.486984" level="INFO">False</msg>
<arg>${json_data}</arg>
<arg>results</arg>
<doc>Fails if ``key`` is not found from ``dictionary``.</doc>
<status status="PASS" start="2024-05-01T01:05:40.486805" elapsed="0.000220"/>
</kw>
<status status="PASS" start="2024-05-01T01:05:40.222794" elapsed="0.264493"/>
</kw>
<doc>Testa se a API responde corretamente e retorna um objeto JSON válido.</doc>
<tag>testeRequisicaoBasica</tag>
<status status="PASS" start="2024-05-01T01:05:40.222138" elapsed="0.265346"/>
</test>
<test id="s1-s1-t3" name="Validar estrutura de resposta" line="22">
<kw name="Teste de Estrutura de Resposta" owner="random-user-service">
<kw name="GET On Session" owner="RequestsLibrary">
<msg time="2024-05-01T01:05:40.581894" level="INFO">GET Request : url=https://randomuser.me/api 
 path_url=/api 
 headers={'User-Agent': 'python-requests/2.31.0', 'Accept-Encoding': 'gzip, deflate', 'Accept': '*/*', 'Connection': 'keep-alive'} 
 body=None 
 </msg>
<msg time="2024-05-01T01:05:40.581998" level="INFO">GET Response : url=https://randomuser.me/api 
 status=200, reason=OK 
 headers={'Date': 'Wed, 01 May 2024 01:05:40 GMT', 'Content-Type': 'application/json; charset=utf-8', 'Transfer-Encoding': 'chunked', 'Connection': 'keep-alive', 'X-Powered-By': 'Express', 'Access-Control-Allow-Origin': '*', 'Cache-Control': 'no-cache', 'ETag': 'W/"491-AFW05je2f35mMvHj2IN7Hr9d5wk"', 'Vary': 'Accept-Encoding', 'Content-Encoding': 'gzip', 'CF-Cache-Status': 'DYNAMIC', 'Report-To': '{"endpoints":[{"url":"https:\\/\\/a.nel.cloudflare.com\\/report\\/v4?s=nEzQZz1n5YIhhyIM69fPV9%2Bum8k2P5Wvkt8aT9mu%2FEtUnx6hcsMPQIhHPYBSBR5onu8tNPaNBw8LVw7Wy2zJuUqtv8R354t9oJ8bJUt7MpLgNCO%2F0ymv1ErB92vxUugC"}],"group":"cf-nel","max_age":604800}', 'NEL': '{"success_fraction":0,"report_to":"cf-nel","max_age":604800}', 'Server': 'cloudflare', 'CF-RAY': '87cbdd541a96230b-ORD', 'alt-svc': 'h3=":443"; ma=86400'} 
 body={"results":[{"gender":"male","name":{"title":"Mr","first":"Vir","last":"Minyaylo"},"location":{"street":{"number":4278,"name":"Prospekt Ivana Mazepi"},"city":"Melitopol","state":"Vinnicka","country":"Ukraine","postcode":34651,"coordinates":{"latitude":"76.0629","longitude":"-48.9800"},"timezone":{"offset":"-4:00","description":"Atlantic Time (Canada), Caracas, La Paz"}},"email":"vir.minyaylo@example.com","login":{"uuid":"29468814-3f3f-48ab-a908-951168d05ba2","username":"angryleopard655","password":"mikey1","salt":"o8p9FOTj","md5":"e6ed6bcfeadb209066a259172098e383","sha1":"e263b077128c2fa6b5fccd73850c040044036802","sha256":"92ef2627d276a3f8cd86c8d969b91a7a018a479015219634853cbc53dd73346b"},"dob":{"date":"1964-01-28T14:49:50.924Z","age":60},"registered":{"date":"2004-02-15T23:52:00.517Z","age":20},"phone":"(068) N80-3761","cell":"(098) M16-6258","id":{"name":"","value":null},"picture":{"large":"https://randomuser.me/api/portraits/men/10.jpg","medium":"https://randomuser.me/api/portraits/med/men/10.jpg","thumbnail":"https://randomuser.me/api/portraits/thumb/men/10.jpg"},"nat":"UA"}],"info":{"seed":"0fc3381d73dd73a2","results":1,"page":1,"version":"1.4"}} 
 </msg>
<msg time="2024-05-01T01:05:40.582130" level="INFO">/opt/hostedtoolcache/Python/3.12.3/x64/lib/python3.12/site-packages/urllib3/connectionpool.py:1103: InsecureRequestWarning: Unverified HTTPS request is being made to host 'randomuser.me'. Adding certificate verification is strongly advised. See: https://urllib3.readthedocs.io/en/latest/advanced-usage.html#tls-warnings
  warnings.warn(</msg>
<msg time="2024-05-01T01:05:40.582282" level="INFO">${response} = &lt;Response [200]&gt;</msg>
<var>${response}</var>
<arg>consultarAPI</arg>
<arg>/api</arg>
<doc>Sends a GET request on a previously created HTTP Session.</doc>
<status status="PASS" start="2024-05-01T01:05:40.490329" elapsed="0.091999"/>
</kw>
<kw name="Set Variable" owner="BuiltIn">
<msg time="2024-05-01T01:05:40.583483" level="INFO">${json_data} = {'results': [{'gender': 'male', 'name': {'title': 'Mr', 'first': 'Vir', 'last': 'Minyaylo'}, 'location': {'street': {'number': 4278, 'name': 'Prospekt Ivana Mazepi'}, 'city': 'Melitopol', 'state': 'Vi...</msg>
<var>${json_data}</var>
<arg>${response.json()}</arg>
<doc>Returns the given values which can then be assigned to a variables.</doc>
<status status="PASS" start="2024-05-01T01:05:40.582938" elapsed="0.000574"/>
</kw>
<kw name="Log" owner="BuiltIn">
<msg time="2024-05-01T01:05:40.584050" level="INFO">{'results': [{'gender': 'male', 'name': {'title': 'Mr', 'first': 'Vir', 'last': 'Minyaylo'}, 'location': {'street': {'number': 4278, 'name': 'Prospekt Ivana Mazepi'}, 'city': 'Melitopol', 'state': 'Vinnicka', 'country': 'Ukraine', 'postcode': 34651, 'coordinates': {'latitude': '76.0629', 'longitude': '-48.9800'}, 'timezone': {'offset': '-4:00', 'description': 'Atlantic Time (Canada), Caracas, La Paz'}}, 'email': 'vir.minyaylo@example.com', 'login': {'uuid': '29468814-3f3f-48ab-a908-951168d05ba2', 'username': 'angryleopard655', 'password': 'mikey1', 'salt': 'o8p9FOTj', 'md5': 'e6ed6bcfeadb209066a259172098e383', 'sha1': 'e263b077128c2fa6b5fccd73850c040044036802', 'sha256': '92ef2627d276a3f8cd86c8d969b91a7a018a479015219634853cbc53dd73346b'}, 'dob': {'date': '1964-01-28T14:49:50.924Z', 'age': 60}, 'registered': {'date': '2004-02-15T23:52:00.517Z', 'age': 20}, 'phone': '(068) N80-3761', 'cell': '(098) M16-6258', 'id': {'name': '', 'value': None}, 'picture': {'large': 'https://randomuser.me/api/portraits/men/10.jpg', 'medium': 'https://randomuser.me/api/portraits/med/men/10.jpg', 'thumbnail': 'https://randomuser.me/api/portraits/thumb/men/10.jpg'}, 'nat': 'UA'}], 'info': {'seed': '0fc3381d73dd73a2', 'results': 1, 'page': 1, 'version': '1.4'}}</msg>
<arg>${json_data}</arg>
<doc>Logs the given message with the given level.</doc>
<status status="PASS" start="2024-05-01T01:05:40.583875" elapsed="0.000223"/>
</kw>
<kw name="Dictionary Should Contain Key" owner="Collections">
<msg time="2024-05-01T01:05:40.584723" level="INFO">False</msg>
<arg>${json_data}</arg>
<arg>results</arg>
<doc>Fails if ``key`` is not found from ``dictionary``.</doc>
<status status="PASS" start="2024-05-01T01:05:40.584487" elapsed="0.000295"/>
</kw>
<kw name="Should Not Be Empty" owner="BuiltIn">
<msg time="2024-05-01T01:05:40.585302" level="INFO">Length is 2.</msg>
<arg>${json_data}</arg>
<doc>Verifies that the given item is not empty.</doc>
<status status="PASS" start="2024-05-01T01:05:40.585156" elapsed="0.000356"/>
</kw>
<kw name="Create List" owner="BuiltIn">
<msg time="2024-05-01T01:05:40.585972" level="INFO">${expected_keys} = ['gender', 'name', 'location', 'email', 'login']</msg>
<var>${expected_keys}</var>
<arg>gender</arg>
<arg>name</arg>
<arg>location</arg>
<arg>email</arg>
<arg>login</arg>
<doc>Returns a list containing given items.</doc>
<status status="PASS" start="2024-05-01T01:05:40.585816" elapsed="0.000180"/>
</kw>
<for flavor="IN">
<iter>
<kw name="Dictionary Should Contain Key" owner="Collections">
<msg time="2024-05-01T01:05:40.587056" level="INFO">False</msg>
<arg>${json_data['results'][0]}</arg>
<arg>${key}</arg>
<doc>Fails if ``key`` is not found from ``dictionary``.</doc>
<status status="PASS" start="2024-05-01T01:05:40.586610" elapsed="0.000485"/>
</kw>
<kw name="Log" owner="BuiltIn">
<msg time="2024-05-01T01:05:40.587778" level="INFO">{'gender': 'male', 'name': {'title': 'Mr', 'first': 'Vir', 'last': 'Minyaylo'}, 'location': {'street': {'number': 4278, 'name': 'Prospekt Ivana Mazepi'}, 'city': 'Melitopol', 'state': 'Vinnicka', 'country': 'Ukraine', 'postcode': 34651, 'coordinates': {'latitude': '76.0629', 'longitude': '-48.9800'}, 'timezone': {'offset': '-4:00', 'description': 'Atlantic Time (Canada), Caracas, La Paz'}}, 'email': 'vir.minyaylo@example.com', 'login': {'uuid': '29468814-3f3f-48ab-a908-951168d05ba2', 'username': 'angryleopard655', 'password': 'mikey1', 'salt': 'o8p9FOTj', 'md5': 'e6ed6bcfeadb209066a259172098e383', 'sha1': 'e263b077128c2fa6b5fccd73850c040044036802', 'sha256': '92ef2627d276a3f8cd86c8d969b91a7a018a479015219634853cbc53dd73346b'}, 'dob': {'date': '1964-01-28T14:49:50.924Z', 'age': 60}, 'registered': {'date': '2004-02-15T23:52:00.517Z', 'age': 20}, 'phone': '(068) N80-3761', 'cell': '(098) M16-6258', 'id': {'name': '', 'value': None}, 'picture': {'large': 'https://randomuser.me/api/portraits/men/10.jpg', 'medium': 'https://randomuser.me/api/portraits/med/men/10.jpg', 'thumbnail': 'https://randomuser.me/api/portraits/thumb/men/10.jpg'}, 'nat': 'UA'}</msg>
<arg>${json_data['results'][0]}</arg>
<doc>Logs the given message with the given level.</doc>
<status status="PASS" start="2024-05-01T01:05:40.587402" elapsed="0.000465"/>
</kw>
<kw name="Log" owner="BuiltIn">
<msg time="2024-05-01T01:05:40.588306" level="INFO">gender</msg>
<arg>${key}</arg>
<doc>Logs the given message with the given level.</doc>
<status status="PASS" start="2024-05-01T01:05:40.588176" elapsed="0.000167"/>
</kw>
<var name="${key}">gender</var>
<status status="PASS" start="2024-05-01T01:05:40.586477" elapsed="0.002081"/>
</iter>
<iter>
<kw name="Dictionary Should Contain Key" owner="Collections">
<msg time="2024-05-01T01:05:40.589275" level="INFO">False</msg>
<arg>${json_data['results'][0]}</arg>
<arg>${key}</arg>
<doc>Fails if ``key`` is not found from ``dictionary``.</doc>
<status status="PASS" start="2024-05-01T01:05:40.588883" elapsed="0.000429"/>
</kw>
<kw name="Log" owner="BuiltIn">
<msg time="2024-05-01T01:05:40.590016" level="INFO">{'gender': 'male', 'name': {'title': 'Mr', 'first': 'Vir', 'last': 'Minyaylo'}, 'location': {'street': {'number': 4278, 'name': 'Prospekt Ivana Mazepi'}, 'city': 'Melitopol', 'state': 'Vinnicka', 'country': 'Ukraine', 'postcode': 34651, 'coordinates': {'latitude': '76.0629', 'longitude': '-48.9800'}, 'timezone': {'offset': '-4:00', 'description': 'Atlantic Time (Canada), Caracas, La Paz'}}, 'email': 'vir.minyaylo@example.com', 'login': {'uuid': '29468814-3f3f-48ab-a908-951168d05ba2', 'username': 'angryleopard655', 'password': 'mikey1', 'salt': 'o8p9FOTj', 'md5': 'e6ed6bcfeadb209066a259172098e383', 'sha1': 'e263b077128c2fa6b5fccd73850c040044036802', 'sha256': '92ef2627d276a3f8cd86c8d969b91a7a018a479015219634853cbc53dd73346b'}, 'dob': {'date': '1964-01-28T14:49:50.924Z', 'age': 60}, 'registered': {'date': '2004-02-15T23:52:00.517Z', 'age': 20}, 'phone': '(068) N80-3761', 'cell': '(098) M16-6258', 'id': {'name': '', 'value': None}, 'picture': {'large': 'https://randomuser.me/api/portraits/men/10.jpg', 'medium': 'https://randomuser.me/api/portraits/med/men/10.jpg', 'thumbnail': 'https://randomuser.me/api/portraits/thumb/men/10.jpg'}, 'nat': 'UA'}</msg>
<arg>${json_data['results'][0]}</arg>
<doc>Logs the given message with the given level.</doc>
<status status="PASS" start="2024-05-01T01:05:40.589646" elapsed="0.000418"/>
</kw>
<kw name="Log" owner="BuiltIn">
<msg time="2024-05-01T01:05:40.590492" level="INFO">name</msg>
<arg>${key}</arg>
<doc>Logs the given message with the given level.</doc>
<status status="PASS" start="2024-05-01T01:05:40.590364" elapsed="0.000165"/>
</kw>
<var name="${key}">name</var>
<status status="PASS" start="2024-05-01T01:05:40.588763" elapsed="0.001985"/>
</iter>
<iter>
<kw name="Dictionary Should Contain Key" owner="Collections">
<msg time="2024-05-01T01:05:40.591444" level="INFO">False</msg>
<arg>${json_data['results'][0]}</arg>
<arg>${key}</arg>
<doc>Fails if ``key`` is not found from ``dictionary``.</doc>
<status status="PASS" start="2024-05-01T01:05:40.591054" elapsed="0.000428"/>
</kw>
<kw name="Log" owner="BuiltIn">
<msg time="2024-05-01T01:05:40.592196" level="INFO">{'gender': 'male', 'name': {'title': 'Mr', 'first': 'Vir', 'last': 'Minyaylo'}, 'location': {'street': {'number': 4278, 'name': 'Prospekt Ivana Mazepi'}, 'city': 'Melitopol', 'state': 'Vinnicka', 'country': 'Ukraine', 'postcode': 34651, 'coordinates': {'latitude': '76.0629', 'longitude': '-48.9800'}, 'timezone': {'offset': '-4:00', 'description': 'Atlantic Time (Canada), Caracas, La Paz'}}, 'email': 'vir.minyaylo@example.com', 'login': {'uuid': '29468814-3f3f-48ab-a908-951168d05ba2', 'username': 'angryleopard655', 'password': 'mikey1', 'salt': 'o8p9FOTj', 'md5': 'e6ed6bcfeadb209066a259172098e383', 'sha1': 'e263b077128c2fa6b5fccd73850c040044036802', 'sha256': '92ef2627d276a3f8cd86c8d969b91a7a018a479015219634853cbc53dd73346b'}, 'dob': {'date': '1964-01-28T14:49:50.924Z', 'age': 60}, 'registered': {'date': '2004-02-15T23:52:00.517Z', 'age': 20}, 'phone': '(068) N80-3761', 'cell': '(098) M16-6258', 'id': {'name': '', 'value': None}, 'picture': {'large': 'https://randomuser.me/api/portraits/men/10.jpg', 'medium': 'https://randomuser.me/api/portraits/med/men/10.jpg', 'thumbnail': 'https://randomuser.me/api/portraits/thumb/men/10.jpg'}, 'nat': 'UA'}</msg>
<arg>${json_data['results'][0]}</arg>
<doc>Logs the given message with the given level.</doc>
<status status="PASS" start="2024-05-01T01:05:40.591789" elapsed="0.000454"/>
</kw>
<kw name="Log" owner="BuiltIn">
<msg time="2024-05-01T01:05:40.592670" level="INFO">location</msg>
<arg>${key}</arg>
<doc>Logs the given message with the given level.</doc>
<status status="PASS" start="2024-05-01T01:05:40.592541" elapsed="0.000166"/>
</kw>
<var name="${key}">location</var>
<status status="PASS" start="2024-05-01T01:05:40.590940" elapsed="0.001982"/>
</iter>
<iter>
<kw name="Dictionary Should Contain Key" owner="Collections">
<msg time="2024-05-01T01:05:40.593602" level="INFO">False</msg>
<arg>${json_data['results'][0]}</arg>
<arg>${key}</arg>
<doc>Fails if ``key`` is not found from ``dictionary``.</doc>
<status status="PASS" start="2024-05-01T01:05:40.593209" elapsed="0.000430"/>
</kw>
<kw name="Log" owner="BuiltIn">
<msg time="2024-05-01T01:05:40.594302" level="INFO">{'gender': 'male', 'name': {'title': 'Mr', 'first': 'Vir', 'last': 'Minyaylo'}, 'location': {'street': {'number': 4278, 'name': 'Prospekt Ivana Mazepi'}, 'city': 'Melitopol', 'state': 'Vinnicka', 'country': 'Ukraine', 'postcode': 34651, 'coordinates': {'latitude': '76.0629', 'longitude': '-48.9800'}, 'timezone': {'offset': '-4:00', 'description': 'Atlantic Time (Canada), Caracas, La Paz'}}, 'email': 'vir.minyaylo@example.com', 'login': {'uuid': '29468814-3f3f-48ab-a908-951168d05ba2', 'username': 'angryleopard655', 'password': 'mikey1', 'salt': 'o8p9FOTj', 'md5': 'e6ed6bcfeadb209066a259172098e383', 'sha1': 'e263b077128c2fa6b5fccd73850c040044036802', 'sha256': '92ef2627d276a3f8cd86c8d969b91a7a018a479015219634853cbc53dd73346b'}, 'dob': {'date': '1964-01-28T14:49:50.924Z', 'age': 60}, 'registered': {'date': '2004-02-15T23:52:00.517Z', 'age': 20}, 'phone': '(068) N80-3761', 'cell': '(098) M16-6258', 'id': {'name': '', 'value': None}, 'picture': {'large': 'https://randomuser.me/api/portraits/men/10.jpg', 'medium': 'https://randomuser.me/api/portraits/med/men/10.jpg', 'thumbnail': 'https://randomuser.me/api/portraits/thumb/men/10.jpg'}, 'nat': 'UA'}</msg>
<arg>${json_data['results'][0]}</arg>
<doc>Logs the given message with the given level.</doc>
<status status="PASS" start="2024-05-01T01:05:40.593938" elapsed="0.000411"/>
</kw>
<kw name="Log" owner="BuiltIn">
<msg time="2024-05-01T01:05:40.594768" level="INFO">email</msg>
<arg>${key}</arg>
<doc>Logs the given message with the given level.</doc>
<status status="PASS" start="2024-05-01T01:05:40.594643" elapsed="0.000163"/>
</kw>
<var name="${key}">email</var>
<status status="PASS" start="2024-05-01T01:05:40.593098" elapsed="0.001921"/>
</iter>
<iter>
<kw name="Dictionary Should Contain Key" owner="Collections">
<msg time="2024-05-01T01:05:40.595694" level="INFO">False</msg>
<arg>${json_data['results'][0]}</arg>
<arg>${key}</arg>
<doc>Fails if ``key`` is not found from ``dictionary``.</doc>
<status status="PASS" start="2024-05-01T01:05:40.595306" elapsed="0.000425"/>
</kw>
<kw name="Log" owner="BuiltIn">
<msg time="2024-05-01T01:05:40.596429" level="INFO">{'gender': 'male', 'name': {'title': 'Mr', 'first': 'Vir', 'last': 'Minyaylo'}, 'location': {'street': {'number': 4278, 'name': 'Prospekt Ivana Mazepi'}, 'city': 'Melitopol', 'state': 'Vinnicka', 'country': 'Ukraine', 'postcode': 34651, 'coordinates': {'latitude': '76.0629', 'longitude': '-48.9800'}, 'timezone': {'offset': '-4:00', 'description': 'Atlantic Time (Canada), Caracas, La Paz'}}, 'email': 'vir.minyaylo@example.com', 'login': {'uuid': '29468814-3f3f-48ab-a908-951168d05ba2', 'username': 'angryleopard655', 'password': 'mikey1', 'salt': 'o8p9FOTj', 'md5': 'e6ed6bcfeadb209066a259172098e383', 'sha1': 'e263b077128c2fa6b5fccd73850c040044036802', 'sha256': '92ef2627d276a3f8cd86c8d969b91a7a018a479015219634853cbc53dd73346b'}, 'dob': {'date': '1964-01-28T14:49:50.924Z', 'age': 60}, 'registered': {'date': '2004-02-15T23:52:00.517Z', 'age': 20}, 'phone': '(068) N80-3761', 'cell': '(098) M16-6258', 'id': {'name': '', 'value': None}, 'picture': {'large': 'https://randomuser.me/api/portraits/men/10.jpg', 'medium': 'https://randomuser.me/api/portraits/med/men/10.jpg', 'thumbnail': 'https://randomuser.me/api/portraits/thumb/men/10.jpg'}, 'nat': 'UA'}</msg>
<arg>${json_data['results'][0]}</arg>
<doc>Logs the given message with the given level.</doc>
<status status="PASS" start="2024-05-01T01:05:40.596062" elapsed="0.000414"/>
</kw>
<kw name="Log" owner="BuiltIn">
<msg time="2024-05-01T01:05:40.596903" level="INFO">login</msg>
<arg>${key}</arg>
<doc>Logs the given message with the given level.</doc>
<status status="PASS" start="2024-05-01T01:05:40.596776" elapsed="0.000165"/>
</kw>
<var name="${key}">login</var>
<status status="PASS" start="2024-05-01T01:05:40.595194" elapsed="0.001994"/>
</iter>
<var>${key}</var>
<value>@{expected_keys}</value>
<status status="PASS" start="2024-05-01T01:05:40.586260" elapsed="0.011055"/>
</for>
<kw name="Create List" owner="BuiltIn">
<msg time="2024-05-01T01:05:40.597659" level="INFO">${expected_keysTwo} = ['username', 'password']</msg>
<var>${expected_keysTwo}</var>
<arg>username</arg>
<arg>password</arg>
<doc>Returns a list containing given items.</doc>
<status status="PASS" start="2024-05-01T01:05:40.597519" elapsed="0.000164"/>
</kw>
<for flavor="IN">
<iter>
<kw name="Dictionary Should Contain Key" owner="Collections">
<msg time="2024-05-01T01:05:40.598592" level="INFO">False</msg>
<arg>${json_data['results'][0]['login']}</arg>
<arg>${keyTwo}</arg>
<doc>Fails if ``key`` is not found from ``dictionary``.</doc>
<status status="PASS" start="2024-05-01T01:05:40.598197" elapsed="0.000432"/>
</kw>
<kw name="Dictionary Should Contain Key" owner="Collections">
<msg time="2024-05-01T01:05:40.599309" level="INFO">False</msg>
<arg>${json_data['results'][0]['login']}</arg>
<arg>${keyTwo}</arg>
<doc>Fails if ``key`` is not found from ``dictionary``.</doc>
<status status="PASS" start="2024-05-01T01:05:40.598924" elapsed="0.000422"/>
</kw>
<kw name="Log" owner="BuiltIn">
<msg time="2024-05-01T01:05:40.599764" level="INFO">username</msg>
<arg>${keyTwo}</arg>
<doc>Logs the given message with the given level.</doc>
<status status="PASS" start="2024-05-01T01:05:40.599638" elapsed="0.000196"/>
</kw>
<var name="${keyTwo}">username</var>
<status status="PASS" start="2024-05-01T01:05:40.598085" elapsed="0.001980"/>
</iter>
<iter>
<kw name="Dictionary Should Contain Key" owner="Collections">
<msg time="2024-05-01T01:05:40.600837" level="INFO">False</msg>
<arg>${json_data['results'][0]['login']}</arg>
<arg>${keyTwo}</arg>
<doc>Fails if ``key`` is not found from ``dictionary``.</doc>
<status status="PASS" start="2024-05-01T01:05:40.600354" elapsed="0.000524"/>
</kw>
<kw name="Dictionary Should Contain Key" owner="Collections">
<msg time="2024-05-01T01:05:40.601561" level="INFO">False</msg>
<arg>${json_data['results'][0]['login']}</arg>
<arg>${keyTwo}</arg>
<doc>Fails if ``key`` is not found from ``dictionary``.</doc>
<status status="PASS" start="2024-05-01T01:05:40.601177" elapsed="0.000421"/>
</kw>
<kw name="Log" owner="BuiltIn">
<msg time="2024-05-01T01:05:40.602025" level="INFO">password</msg>
<arg>${keyTwo}</arg>
<doc>Logs the given message with the given level.</doc>
<status status="PASS" start="2024-05-01T01:05:40.601897" elapsed="0.000165"/>
</kw>
<var name="${keyTwo}">password</var>
<status status="PASS" start="2024-05-01T01:05:40.600238" elapsed="0.002043"/>
</iter>
<var>${keyTwo}</var>
<value>@{expected_keysTwo}</value>
<status status="PASS" start="2024-05-01T01:05:40.597923" elapsed="0.004480"/>
</for>
<status status="PASS" start="2024-05-01T01:05:40.490079" elapsed="0.112474"/>
</kw>
<doc>Testa a estrutura da resposta da API.</doc>
<tag>testeEstruturaResposta</tag>
<status status="PASS" start="2024-05-01T01:05:40.489407" elapsed="0.113309"/>
</test>
<test id="s1-s1-t4" name="Validar tipos de dados" line="28">
<kw name="Teste de Tipos de Dados" owner="random-user-service">
<kw name="GET On Session" owner="RequestsLibrary">
<msg time="2024-05-01T01:05:40.680400" level="INFO">GET Request : url=https://randomuser.me/api 
 path_url=/api 
 headers={'User-Agent': 'python-requests/2.31.0', 'Accept-Encoding': 'gzip, deflate', 'Accept': '*/*', 'Connection': 'keep-alive'} 
 body=None 
 </msg>
<msg time="2024-05-01T01:05:40.680516" level="INFO">GET Response : url=https://randomuser.me/api 
 status=200, reason=OK 
 headers={'Date': 'Wed, 01 May 2024 01:05:40 GMT', 'Content-Type': 'application/json; charset=utf-8', 'Transfer-Encoding': 'chunked', 'Connection': 'keep-alive', 'X-Powered-By': 'Express', 'Access-Control-Allow-Origin': '*', 'Cache-Control': 'no-cache', 'ETag': 'W/"49c-10hAcOrgmTB8K9V1Yns23KwuYuU"', 'Vary': 'Accept-Encoding', 'Content-Encoding': 'gzip', 'CF-Cache-Status': 'DYNAMIC', 'Report-To': '{"endpoints":[{"url":"https:\\/\\/a.nel.cloudflare.com\\/report\\/v4?s=NLXYVEoXQGl2tvsvildB8xEr0A%2FNPWfWsvaAplxWHsO3sv16uC6fwV4CmC5Fq%2FL1Y1nwcUp0FUjJDn52y863O63wNh28e5d%2FF3s4vsmCUsM45PBxhEnIgEpAIxVZJbxN"}],"group":"cf-nel","max_age":604800}', 'NEL': '{"success_fraction":0,"report_to":"cf-nel","max_age":604800}', 'Server': 'cloudflare', 'CF-RAY': '87cbdd54cb86230b-ORD', 'alt-svc': 'h3=":443"; ma=86400'} 
 body={"results":[{"gender":"male","name":{"title":"Mr","first":"Hellmut","last":"Kunz"},"location":{"street":{"number":2473,"name":"Breslauer Straße"},"city":"Erftstadt","state":"Rheinland-Pfalz","country":"Germany","postcode":53062,"coordinates":{"latitude":"-53.5746","longitude":"-70.2938"},"timezone":{"offset":"+1:00","description":"Brussels, Copenhagen, Madrid, Paris"}},"email":"hellmut.kunz@example.com","login":{"uuid":"777323a7-7467-4aee-b80c-a0db65a6640f","username":"angryrabbit672","password":"m5wkqf","salt":"CsBCO66S","md5":"d1c8ff53aa235c787607b8ceb38c3d92","sha1":"02217cefaf23d13175cd4678ce33f671d990f181","sha256":"5be32df882cbd085f112746e1d86ccff4bf7c1bdda2b4785dbbcff5d145bb020"},"dob":{"date":"1947-01-14T18:57:31.190Z","age":77},"registered":{"date":"2018-11-17T04:53:07.349Z","age":5},"phone":"0436-4330941","cell":"0171-3749831","id":{"name":"SVNR","value":"23 140147 K 489"},"picture":{"large":"https://randomuser.me/api/portraits/men/70.jpg","medium":"https://randomuser.me/api/portraits/med/men/70.jpg","thumbnail":"https://randomuser.me/api/portraits/thumb/men/70.jpg"},"nat":"DE"}],"info":{"seed":"dd19963a8d613197","results":1,"page":1,"version":"1.4"}} 
 </msg>
<msg time="2024-05-01T01:05:40.680601" level="INFO">/opt/hostedtoolcache/Python/3.12.3/x64/lib/python3.12/site-packages/urllib3/connectionpool.py:1103: InsecureRequestWarning: Unverified HTTPS request is being made to host 'randomuser.me'. Adding certificate verification is strongly advised. See: https://urllib3.readthedocs.io/en/latest/advanced-usage.html#tls-warnings
  warnings.warn(</msg>
<msg time="2024-05-01T01:05:40.680760" level="INFO">${response} = &lt;Response [200]&gt;</msg>
<var>${response}</var>
<arg>consultarAPI</arg>
<arg>/api</arg>
<doc>Sends a GET request on a previously created HTTP Session.</doc>
<status status="PASS" start="2024-05-01T01:05:40.605402" elapsed="0.075400"/>
</kw>
<kw name="Set Variable" owner="BuiltIn">
<msg time="2024-05-01T01:05:40.681923" level="INFO">${json_data} = {'results': [{'gender': 'male', 'name': {'title': 'Mr', 'first': 'Hellmut', 'last': 'Kunz'}, 'location': {'street': {'number': 2473, 'name': 'Breslauer Straße'}, 'city': 'Erftstadt', 'state': 'Rheinla...</msg>
<var>${json_data}</var>
<arg>${response.json()}</arg>
<doc>Returns the given values which can then be assigned to a variables.</doc>
<status status="PASS" start="2024-05-01T01:05:40.681379" elapsed="0.000574"/>
</kw>
<kw name="Log" owner="BuiltIn">
<msg time="2024-05-01T01:05:40.682439" level="INFO">{'results': [{'gender': 'male', 'name': {'title': 'Mr', 'first': 'Hellmut', 'last': 'Kunz'}, 'location': {'street': {'number': 2473, 'name': 'Breslauer Straße'}, 'city': 'Erftstadt', 'state': 'Rheinland-Pfalz', 'country': 'Germany', 'postcode': 53062, 'coordinates': {'latitude': '-53.5746', 'longitude': '-70.2938'}, 'timezone': {'offset': '+1:00', 'description': 'Brussels, Copenhagen, Madrid, Paris'}}, 'email': 'hellmut.kunz@example.com', 'login': {'uuid': '777323a7-7467-4aee-b80c-a0db65a6640f', 'username': 'angryrabbit672', 'password': 'm5wkqf', 'salt': 'CsBCO66S', 'md5': 'd1c8ff53aa235c787607b8ceb38c3d92', 'sha1': '02217cefaf23d13175cd4678ce33f671d990f181', 'sha256': '5be32df882cbd085f112746e1d86ccff4bf7c1bdda2b4785dbbcff5d145bb020'}, 'dob': {'date': '1947-01-14T18:57:31.190Z', 'age': 77}, 'registered': {'date': '2018-11-17T04:53:07.349Z', 'age': 5}, 'phone': '0436-4330941', 'cell': '0171-3749831', 'id': {'name': 'SVNR', 'value': '23 140147 K 489'}, 'picture': {'large': 'https://randomuser.me/api/portraits/men/70.jpg', 'medium': 'https://randomuser.me/api/portraits/med/men/70.jpg', 'thumbnail': 'https://randomuser.me/api/portraits/thumb/men/70.jpg'}, 'nat': 'DE'}], 'info': {'seed': 'dd19963a8d613197', 'results': 1, 'page': 1, 'version': '1.4'}}</msg>
<arg>${json_data}</arg>
<doc>Logs the given message with the given level.</doc>
<status status="PASS" start="2024-05-01T01:05:40.682277" elapsed="0.000250"/>
</kw>
<kw name="Should Be String" owner="String">
<arg>${json_data['results'][0]['gender']}</arg>
<doc>Fails if the given ``item`` is not a string.</doc>
<status status="PASS" start="2024-05-01T01:05:40.682835" elapsed="0.000380"/>
</kw>
<kw name="Should Match Regexp" owner="BuiltIn">
<arg>${json_data['results'][0]['email']}</arg>
<arg>^[a-zA-Z0-9._%+-]+@[a-zA-Z0-9.-]+\.[a-zA-Z]{2,}$</arg>
<doc>Fails if ``string`` does not match ``pattern`` as a regular expression.</doc>
<status status="PASS" start="2024-05-01T01:05:40.683412" elapsed="0.000577"/>
</kw>
<kw name="Should Match Regexp" owner="BuiltIn">
<arg>${json_data['results'][0]['dob']['date']}</arg>
<arg>\\d{4}-\\d{2}-\\d{2}T\\d{2}:\\d{2}:\\d{2}\\.\\d{3}Z</arg>
<doc>Fails if ``string`` does not match ``pattern`` as a regular expression.</doc>
<status status="PASS" start="2024-05-01T01:05:40.684192" elapsed="0.000512"/>
</kw>
<kw name="Should Match Regexp" owner="BuiltIn">
<arg>${json_data['results'][0]['registered']['date']}</arg>
<arg>\\d{4}-\\d{2}-\\d{2}T\\d{2}:\\d{2}:\\d{2}\\.\\d{3}Z</arg>
<doc>Fails if ``string`` does not match ``pattern`` as a regular expression.</doc>
<status status="PASS" start="2024-05-01T01:05:40.684901" elapsed="0.000372"/>
</kw>
<kw name="Should Match Regexp" owner="BuiltIn">
<arg>${json_data['results'][0]['picture']['large']}</arg>
<arg>^https?://.*\.(?:png|jpe?g|gif|bmp)$</arg>
<doc>Fails if ``string`` does not match ``pattern`` as a regular expression.</doc>
<status status="PASS" start="2024-05-01T01:05:40.685475" elapsed="0.000473"/>
</kw>
<kw name="Should Match Regexp" owner="BuiltIn">
<arg>${json_data['results'][0]['picture']['medium']}</arg>
<arg>^https?://.*\.(?:png|jpe?g|gif|bmp)$</arg>
<doc>Fails if ``string`` does not match ``pattern`` as a regular expression.</doc>
<status status="PASS" start="2024-05-01T01:05:40.686141" elapsed="0.000363"/>
</kw>
<kw name="Should Match Regexp" owner="BuiltIn">
<arg>${json_data['results'][0]['picture']['thumbnail']}</arg>
<arg>^https?://.*\.(?:png|jpe?g|gif|bmp)$</arg>
<doc>Fails if ``string`` does not match ``pattern`` as a regular expression.</doc>
<status status="PASS" start="2024-05-01T01:05:40.686698" elapsed="0.000349"/>
</kw>
<kw name="Log" owner="BuiltIn">
<msg time="2024-05-01T01:05:40.687558" level="INFO">{'large': 'https://randomuser.me/api/portraits/men/70.jpg', 'medium': 'https://randomuser.me/api/portraits/med/men/70.jpg', 'thumbnail': 'https://randomuser.me/api/portraits/thumb/men/70.jpg'}</msg>
<arg>${json_data['results'][0]['picture']}</arg>
<doc>Logs the given message with the given level.</doc>
<status status="PASS" start="2024-05-01T01:05:40.687231" elapsed="0.000369"/>
</kw>
<status status="PASS" start="2024-05-01T01:05:40.605157" elapsed="0.082804"/>
</kw>
<kw name="Teste de Tipos de Dados - Postcode" owner="random-user-service">
<kw name="GET On Session" owner="RequestsLibrary">
<msg time="2024-05-01T01:05:40.810235" level="INFO">GET Request : url=https://randomuser.me/api 
 path_url=/api 
 headers={'User-Agent': 'python-requests/2.31.0', 'Accept-Encoding': 'gzip, deflate', 'Accept': '*/*', 'Connection': 'keep-alive'} 
 body=None 
 </msg>
<msg time="2024-05-01T01:05:40.810339" level="INFO">GET Response : url=https://randomuser.me/api 
 status=200, reason=OK 
 headers={'Date': 'Wed, 01 May 2024 01:05:40 GMT', 'Content-Type': 'application/json; charset=utf-8', 'Transfer-Encoding': 'chunked', 'Connection': 'keep-alive', 'X-Powered-By': 'Express', 'Access-Control-Allow-Origin': '*', 'Cache-Control': 'no-cache', 'ETag': 'W/"4ab-bI8mytbaM9HN3pTpw6th6RJQ26A"', 'Vary': 'Accept-Encoding', 'Content-Encoding': 'gzip', 'CF-Cache-Status': 'DYNAMIC', 'Report-To': '{"endpoints":[{"url":"https:\\/\\/a.nel.cloudflare.com\\/report\\/v4?s=5pHyUnX0j4OhpFw6rfAfW3mNOLsYfceRAGJfBizyycfsBZJILZGkWTWAgH49awNdvvWHxgZmmzKwkWXhNmO8yOzLEI7T2lJVR3HWCaJsiToncJLl6%2BIVy1XwpNvGxM12"}],"group":"cf-nel","max_age":604800}', 'NEL': '{"success_fraction":0,"report_to":"cf-nel","max_age":604800}', 'Server': 'cloudflare', 'CF-RAY': '87cbdd554c2f230b-ORD', 'alt-svc': 'h3=":443"; ma=86400'} 
 body={"results":[{"gender":"female","name":{"title":"Mrs","first":"María","last":"Gómez"},"location":{"street":{"number":5302,"name":"Avenida de Andalucía"},"city":"Talavera de la Reina","state":"Andalucía","country":"Spain","postcode":69453,"coordinates":{"latitude":"-36.9935","longitude":"158.2761"},"timezone":{"offset":"-6:00","description":"Central Time (US &amp; Canada), Mexico City"}},"email":"maria.gomez@example.com","login":{"uuid":"958380d0-aa04-4b0a-a3bc-7d03c3ff14c9","username":"silverkoala835","password":"quantum","salt":"QarUdOio","md5":"b4f563fd47f9e826af3a5678f82fb930","sha1":"c36c77372b54c1867f7112c867ff0700a2dc43e9","sha256":"07d6caaa6ec9ee372147505d0d3f491d6efa4255f82344741e9bcab4ac24c3b3"},"dob":{"date":"1945-10-02T01:38:02.485Z","age":78},"registered":{"date":"2006-03-20T21:27:36.273Z","age":18},"phone":"929-902-861","cell":"624-707-462","id":{"name":"DNI","value":"69636820-Q"},"picture":{"large":"https://randomuser.me/api/portraits/women/73.jpg","medium":"https://randomuser.me/api/portraits/med/women/73.jpg","thumbnail":"https://randomuser.me/api/portraits/thumb/women/73.jpg"},"nat":"ES"}],"info":{"seed":"5ff6838ecfe2befe","results":1,"page":1,"version":"1.4"}} 
 </msg>
<msg time="2024-05-01T01:05:40.810420" level="INFO">/opt/hostedtoolcache/Python/3.12.3/x64/lib/python3.12/site-packages/urllib3/connectionpool.py:1103: InsecureRequestWarning: Unverified HTTPS request is being made to host 'randomuser.me'. Adding certificate verification is strongly advised. See: https://urllib3.readthedocs.io/en/latest/advanced-usage.html#tls-warnings
  warnings.warn(</msg>
<msg time="2024-05-01T01:05:40.810553" level="INFO">${response} = &lt;Response [200]&gt;</msg>
<var>${response}</var>
<arg>consultarAPI</arg>
<arg>/api</arg>
<doc>Sends a GET request on a previously created HTTP Session.</doc>
<status status="PASS" start="2024-05-01T01:05:40.688445" elapsed="0.122135"/>
</kw>
<kw name="Set Variable" owner="BuiltIn">
<msg time="2024-05-01T01:05:40.811736" level="INFO">${json_data} = {'results': [{'gender': 'female', 'name': {'title': 'Mrs', 'first': 'María', 'last': 'Gómez'}, 'location': {'street': {'number': 5302, 'name': 'Avenida de Andalucía'}, 'city': 'Talavera de la Reina', ...</msg>
<var>${json_data}</var>
<arg>${response.json()}</arg>
<doc>Returns the given values which can then be assigned to a variables.</doc>
<status status="PASS" start="2024-05-01T01:05:40.811156" elapsed="0.000610"/>
</kw>
<kw name="Log" owner="BuiltIn">
<msg time="2024-05-01T01:05:40.812379" level="INFO">{'results': [{'gender': 'female', 'name': {'title': 'Mrs', 'first': 'María', 'last': 'Gómez'}, 'location': {'street': {'number': 5302, 'name': 'Avenida de Andalucía'}, 'city': 'Talavera de la Reina', 'state': 'Andalucía', 'country': 'Spain', 'postcode': 69453, 'coordinates': {'latitude': '-36.9935', 'longitude': '158.2761'}, 'timezone': {'offset': '-6:00', 'description': 'Central Time (US &amp; Canada), Mexico City'}}, 'email': 'maria.gomez@example.com', 'login': {'uuid': '958380d0-aa04-4b0a-a3bc-7d03c3ff14c9', 'username': 'silverkoala835', 'password': 'quantum', 'salt': 'QarUdOio', 'md5': 'b4f563fd47f9e826af3a5678f82fb930', 'sha1': 'c36c77372b54c1867f7112c867ff0700a2dc43e9', 'sha256': '07d6caaa6ec9ee372147505d0d3f491d6efa4255f82344741e9bcab4ac24c3b3'}, 'dob': {'date': '1945-10-02T01:38:02.485Z', 'age': 78}, 'registered': {'date': '2006-03-20T21:27:36.273Z', 'age': 18}, 'phone': '929-902-861', 'cell': '624-707-462', 'id': {'name': 'DNI', 'value': '69636820-Q'}, 'picture': {'large': 'https://randomuser.me/api/portraits/women/73.jpg', 'medium': 'https://randomuser.me/api/portraits/med/women/73.jpg', 'thumbnail': 'https://randomuser.me/api/portraits/thumb/women/73.jpg'}, 'nat': 'ES'}], 'info': {'seed': '5ff6838ecfe2befe', 'results': 1, 'page': 1, 'version': '1.4'}}</msg>
<arg>${json_data}</arg>
<doc>Logs the given message with the given level.</doc>
<status status="PASS" start="2024-05-01T01:05:40.812200" elapsed="0.000269"/>
</kw>
<kw name="Should Be Equal As Numbers" owner="BuiltIn">
<arg>${json_data['results'][0]['location']['postcode']}</arg>
<arg>${json_data['results'][0]['location']['postcode']}</arg>
<doc>Fails if objects are unequal after converting them to real numbers.</doc>
<status status="PASS" start="2024-05-01T01:05:40.812985" elapsed="0.000645"/>
</kw>
<kw name="Log" owner="BuiltIn">
<msg time="2024-05-01T01:05:40.814169" level="INFO">69453</msg>
<arg>${json_data['results'][0]['location']['postcode']}</arg>
<doc>Logs the given message with the given level.</doc>
<status status="PASS" start="2024-05-01T01:05:40.813827" elapsed="0.000382"/>
</kw>
<status status="PASS" start="2024-05-01T01:05:40.688203" elapsed="0.126270"/>
</kw>
<doc>Testa se os tipos de dados na resposta da API estão corretos.</doc>
<tag>testeTiposDados</tag>
<status status="PASS" start="2024-05-01T01:05:40.604550" elapsed="0.210104"/>
</test>
<test id="s1-s1-t5" name="Validar conteudo" line="35">
<kw name="Teste de Tipos de Conteudo" owner="random-user-service">
<kw name="GET On Session" owner="RequestsLibrary">
<msg time="2024-05-01T01:05:40.941962" level="INFO">GET Request : url=https://randomuser.me/api 
 path_url=/api 
 headers={'User-Agent': 'python-requests/2.31.0', 'Accept-Encoding': 'gzip, deflate', 'Accept': '*/*', 'Connection': 'keep-alive'} 
 body=None 
 </msg>
<msg time="2024-05-01T01:05:40.942076" level="INFO">GET Response : url=https://randomuser.me/api 
 status=200, reason=OK 
 headers={'Date': 'Wed, 01 May 2024 01:05:40 GMT', 'Content-Type': 'application/json; charset=utf-8', 'Transfer-Encoding': 'chunked', 'Connection': 'keep-alive', 'X-Powered-By': 'Express', 'Access-Control-Allow-Origin': '*', 'Cache-Control': 'no-cache', 'ETag': 'W/"4b6-MD/+IoMfaO71Cca0roywi3fmFXk"', 'Vary': 'Accept-Encoding', 'Content-Encoding': 'gzip', 'CF-Cache-Status': 'DYNAMIC', 'Report-To': '{"endpoints":[{"url":"https:\\/\\/a.nel.cloudflare.com\\/report\\/v4?s=NkvkXMUR7oxT%2F7owgwuJh5evpZ%2BR1T4f3bP7C8IpTHGhPW6OHXDZQLBq10QYWupuMjJ5I067vPsvx1EkvEsmEpzJAXREddPjt42lYXOteg6hZwFU6Tmj8OOY7ncr%2F4Dn"}],"group":"cf-nel","max_age":604800}', 'NEL': '{"success_fraction":0,"report_to":"cf-nel","max_age":604800}', 'Server': 'cloudflare', 'CF-RAY': '87cbdd561d4f230b-ORD', 'alt-svc': 'h3=":443"; ma=86400'} 
 body={"results":[{"gender":"male","name":{"title":"Mr","first":"Noam","last":"Fontai"},"location":{"street":{"number":9131,"name":"Place du 22 Novembre 1943"},"city":"Roubaix","state":"Alpes-de-Haute-Provence","country":"France","postcode":58263,"coordinates":{"latitude":"-16.2333","longitude":"-105.0045"},"timezone":{"offset":"+9:00","description":"Tokyo, Seoul, Osaka, Sapporo, Yakutsk"}},"email":"noam.fontai@example.com","login":{"uuid":"b5de4c08-4c2b-4e46-9ef6-035bcfba4da9","username":"yellowgorilla141","password":"tottenham","salt":"sVhR3qAe","md5":"13f3534e7959be582bcb0186e387c033","sha1":"157db972c4ec807aac0ea6ea38b0e05eef1d8491","sha256":"9aae4b230c483c599bdde14880120654f5050b0568a7fe3a70854d0b0459845e"},"dob":{"date":"1956-04-15T09:08:19.001Z","age":68},"registered":{"date":"2008-10-15T19:55:11.679Z","age":15},"phone":"04-97-62-86-66","cell":"06-48-74-69-07","id":{"name":"INSEE","value":"1560304095092 24"},"picture":{"large":"https://randomuser.me/api/portraits/men/72.jpg","medium":"https://randomuser.me/api/portraits/med/men/72.jpg","thumbnail":"https://randomuser.me/api/portraits/thumb/men/72.jpg"},"nat":"FR"}],"info":{"seed":"6f901a6f469a49c4","results":1,"page":1,"version":"1.4"}} 
 </msg>
<msg time="2024-05-01T01:05:40.942156" level="INFO">/opt/hostedtoolcache/Python/3.12.3/x64/lib/python3.12/site-packages/urllib3/connectionpool.py:1103: InsecureRequestWarning: Unverified HTTPS request is being made to host 'randomuser.me'. Adding certificate verification is strongly advised. See: https://urllib3.readthedocs.io/en/latest/advanced-usage.html#tls-warnings
  warnings.warn(</msg>
<msg time="2024-05-01T01:05:40.942287" level="INFO">${response} = &lt;Response [200]&gt;</msg>
<var>${response}</var>
<arg>consultarAPI</arg>
<arg>/api</arg>
<doc>Sends a GET request on a previously created HTTP Session.</doc>
<status status="PASS" start="2024-05-01T01:05:40.818089" elapsed="0.124225"/>
</kw>
<kw name="Set Variable" owner="BuiltIn">
<msg time="2024-05-01T01:05:40.943409" level="INFO">${json_data} = {'results': [{'gender': 'male', 'name': {'title': 'Mr', 'first': 'Noam', 'last': 'Fontai'}, 'location': {'street': {'number': 9131, 'name': 'Place du 22 Novembre 1943'}, 'city': 'Roubaix', 'state': 'A...</msg>
<var>${json_data}</var>
<arg>${response.json()}</arg>
<doc>Returns the given values which can then be assigned to a variables.</doc>
<status status="PASS" start="2024-05-01T01:05:40.942878" elapsed="0.000560"/>
</kw>
<kw name="Set Variable" owner="BuiltIn">
<msg time="2024-05-01T01:05:40.944194" level="INFO">${name_title} = Mr</msg>
<var>${name_title}</var>
<arg>${json_data["results"][0]["name"]["title"]}</arg>
<doc>Returns the given values which can then be assigned to a variables.</doc>
<status status="PASS" start="2024-05-01T01:05:40.943745" elapsed="0.000476"/>
</kw>
<kw name="Create List" owner="BuiltIn">
<msg time="2024-05-01T01:05:40.944679" level="INFO">${allowed_titles} = ['Mr', 'Ms', 'Miss', 'Mrs', 'Madame', 'Monsieur']</msg>
<var>${allowed_titles}</var>
<arg>Mr</arg>
<arg>Ms</arg>
<arg>Miss</arg>
<arg>Mrs</arg>
<arg>Madame</arg>
<arg>Monsieur</arg>
<doc>Returns a list containing given items.</doc>
<status status="PASS" start="2024-05-01T01:05:40.944526" elapsed="0.000177"/>
</kw>
<kw name="List Should Contain Value" owner="Collections">
<msg time="2024-05-01T01:05:40.945186" level="INFO">False</msg>
<arg>${allowed_titles}</arg>
<arg>${name_title}</arg>
<doc>Fails if the ``value`` is not found from ``list``.</doc>
<status status="PASS" start="2024-05-01T01:05:40.945004" elapsed="0.000221"/>
</kw>
<kw name="Set Variable" owner="BuiltIn">
<msg time="2024-05-01T01:05:40.945947" level="INFO">${name_country} = FR</msg>
<var>${name_country}</var>
<arg>${json_data["results"][0]["nat"]}</arg>
<doc>Returns the given values which can then be assigned to a variables.</doc>
<status status="PASS" start="2024-05-01T01:05:40.945552" elapsed="0.000420"/>
</kw>
<kw name="Create List" owner="BuiltIn">
<msg time="2024-05-01T01:05:40.946868" level="INFO">${list_country} = ['AD', 'AE', 'AF', 'AG', 'AI', 'AL', 'AM', 'AO', 'AQ', 'AR', 'AS', 'AT', 'AU', 'AW', 'AX', 'AZ', 'BA', 'BB', 'BD', 'BE', 'BF', 'BG', 'BH', 'BI', 'BJ', 'BL', 'BM', 'BN', 'BO', 'BQ', 'BR', 'BS', 'BT', '...</msg>
<var>${list_country}</var>
<arg>AD</arg>
<arg>AE</arg>
<arg>AF</arg>
<arg>AG</arg>
<arg>AI</arg>
<arg>AL</arg>
<arg>AM</arg>
<arg>AO</arg>
<arg>AQ</arg>
<arg>AR</arg>
<arg>AS</arg>
<arg>AT</arg>
<arg>AU</arg>
<arg>AW</arg>
<arg>AX</arg>
<arg>AZ</arg>
<arg>BA</arg>
<arg>BB</arg>
<arg>BD</arg>
<arg>BE</arg>
<arg>BF</arg>
<arg>BG</arg>
<arg>BH</arg>
<arg>BI</arg>
<arg>BJ</arg>
<arg>BL</arg>
<arg>BM</arg>
<arg>BN</arg>
<arg>BO</arg>
<arg>BQ</arg>
<arg>BR</arg>
<arg>BS</arg>
<arg>BT</arg>
<arg>BV</arg>
<arg>BW</arg>
<arg>BY</arg>
<arg>BZ</arg>
<arg>CA</arg>
<arg>CC</arg>
<arg>CD</arg>
<arg>CF</arg>
<arg>CG</arg>
<arg>CH</arg>
<arg>CI</arg>
<arg>CK</arg>
<arg>CL</arg>
<arg>CM</arg>
<arg>CN</arg>
<arg>CO</arg>
<arg>CR</arg>
<arg>CU</arg>
<arg>CV</arg>
<arg>CW</arg>
<arg>CX</arg>
<arg>CY</arg>
<arg>CZ</arg>
<arg>DE</arg>
<arg>DJ</arg>
<arg>DK</arg>
<arg>DM</arg>
<arg>DO</arg>
<arg>DZ</arg>
<arg>EC</arg>
<arg>EE</arg>
<arg>EG</arg>
<arg>EH</arg>
<arg>ER</arg>
<arg>ES</arg>
<arg>ET</arg>
<arg>FI</arg>
<arg>FJ</arg>
<arg>FK</arg>
<arg>FM</arg>
<arg>FO</arg>
<arg>FR</arg>
<arg>GA</arg>
<arg>GB</arg>
<arg>GD</arg>
<arg>GE</arg>
<arg>GF</arg>
<arg>GG</arg>
<arg>GH</arg>
<arg>GI</arg>
<arg>GL</arg>
<arg>GM</arg>
<arg>GN</arg>
<arg>GP</arg>
<arg>GQ</arg>
<arg>GR</arg>
<arg>GS</arg>
<arg>GT</arg>
<arg>GU</arg>
<arg>GW</arg>
<arg>GY</arg>
<arg>HK</arg>
<arg>HM</arg>
<arg>HN</arg>
<arg>HR</arg>
<arg>HT</arg>
<arg>HU</arg>
<arg>ID</arg>
<arg>IE</arg>
<arg>IL</arg>
<arg>IM</arg>
<arg>IN</arg>
<arg>IO</arg>
<arg>IQ</arg>
<arg>IR</arg>
<arg>IS</arg>
<arg>IT</arg>
<arg>JE</arg>
<arg>JM</arg>
<arg>JO</arg>
<arg>JP</arg>
<arg>KE</arg>
<arg>KG</arg>
<arg>KH</arg>
<arg>KI</arg>
<arg>KM</arg>
<arg>KN</arg>
<arg>KP</arg>
<arg>KR</arg>
<arg>KW</arg>
<arg>KY</arg>
<arg>KZ</arg>
<arg>LA</arg>
<arg>LB</arg>
<arg>LC</arg>
<arg>LI</arg>
<arg>LK</arg>
<arg>LR</arg>
<arg>LS</arg>
<arg>LT</arg>
<arg>LU</arg>
<arg>LV</arg>
<arg>LY</arg>
<arg>MA</arg>
<arg>MC</arg>
<arg>MD</arg>
<arg>ME</arg>
<arg>MF</arg>
<arg>MG</arg>
<arg>MH</arg>
<arg>MK</arg>
<arg>ML</arg>
<arg>MM</arg>
<arg>MN</arg>
<arg>MO</arg>
<arg>MP</arg>
<arg>MQ</arg>
<arg>MR</arg>
<arg>MS</arg>
<arg>MT</arg>
<arg>MU</arg>
<arg>MV</arg>
<arg>MW</arg>
<arg>MX</arg>
<arg>MY</arg>
<arg>MZ</arg>
<arg>NA</arg>
<arg>NC</arg>
<arg>NE</arg>
<arg>NF</arg>
<arg>NG</arg>
<arg>NI</arg>
<arg>NL</arg>
<arg>NO</arg>
<arg>NP</arg>
<arg>NR</arg>
<arg>NU</arg>
<arg>NZ</arg>
<arg>OM</arg>
<arg>PA</arg>
<arg>PE</arg>
<arg>PF</arg>
<arg>PG</arg>
<arg>PH</arg>
<arg>PK</arg>
<arg>PL</arg>
<arg>PM</arg>
<arg>PN</arg>
<arg>PR</arg>
<arg>PS</arg>
<arg>PT</arg>
<arg>PW</arg>
<arg>PY</arg>
<arg>QA</arg>
<arg>RE</arg>
<arg>RO</arg>
<arg>RS</arg>
<arg>RU</arg>
<arg>RW</arg>
<arg>SA</arg>
<arg>SB</arg>
<arg>SC</arg>
<arg>SD</arg>
<arg>SE</arg>
<arg>SG</arg>
<arg>SH</arg>
<arg>SI</arg>
<arg>SJ</arg>
<arg>SK</arg>
<arg>SL</arg>
<arg>SM</arg>
<arg>SN</arg>
<arg>SO</arg>
<arg>SR</arg>
<arg>SS</arg>
<arg>ST</arg>
<arg>SV</arg>
<arg>SX</arg>
<arg>SY</arg>
<arg>SZ</arg>
<arg>TC</arg>
<arg>TD</arg>
<arg>TF</arg>
<arg>TG</arg>
<arg>TH</arg>
<arg>TJ</arg>
<arg>TK</arg>
<arg>TL</arg>
<arg>TM</arg>
<arg>TN</arg>
<arg>TO</arg>
<arg>TR</arg>
<arg>TT</arg>
<arg>TV</arg>
<arg>TW</arg>
<arg>TZ</arg>
<arg>UA</arg>
<arg>UG</arg>
<arg>UM</arg>
<arg>US</arg>
<arg>UY</arg>
<arg>UZ</arg>
<arg>VA</arg>
<arg>VC</arg>
<arg>VE</arg>
<arg>VG</arg>
<arg>VI</arg>
<arg>VN</arg>
<arg>VU</arg>
<arg>WF</arg>
<arg>WS</arg>
<arg>XK</arg>
<arg>YE</arg>
<arg>YT</arg>
<arg>ZA</arg>
<arg>ZM</arg>
<arg>ZW</arg>
<doc>Returns a list containing given items.</doc>
<status status="PASS" start="2024-05-01T01:05:40.946276" elapsed="0.000617"/>
</kw>
<kw name="List Should Contain Value" owner="Collections">
<msg time="2024-05-01T01:05:40.947911" level="INFO">False</msg>
<arg>${list_country}</arg>
<arg>${name_country}</arg>
<doc>Fails if the ``value`` is not found from ``list``.</doc>
<status status="PASS" start="2024-05-01T01:05:40.947688" elapsed="0.000262"/>
</kw>
<kw name="Run Keyword If" owner="BuiltIn">
<kw name="Should Be True" owner="BuiltIn">
<arg>${True}</arg>
<doc>Fails if the given condition is not true.</doc>
<status status="PASS" start="2024-05-01T01:05:40.949031" elapsed="0.000266"/>
</kw>
<arg>${json_data["results"][0]["location"]["coordinates"]["latitude"]} &gt;= -90 and ${json_data["results"][0]["location"]["coordinates"]["latitude"]} &lt;= 90</arg>
<arg>Should Be True</arg>
<arg>${True}</arg>
<doc>Runs the given keyword with the given arguments, if ``condition`` is true.</doc>
<status status="PASS" start="2024-05-01T01:05:40.948275" elapsed="0.001154"/>
</kw>
<kw name="Run Keyword If" owner="BuiltIn">
<kw name="Should Be True" owner="BuiltIn">
<arg>${True}</arg>
<doc>Fails if the given condition is not true.</doc>
<status status="PASS" start="2024-05-01T01:05:40.950332" elapsed="0.000138"/>
</kw>
<arg>${json_data["results"][0]["location"]["coordinates"]["longitude"]} &gt;= -180 and ${json_data["results"][0]["location"]["coordinates"]["longitude"]} &lt;= 180</arg>
<arg>Should Be True</arg>
<arg>${True}</arg>
<doc>Runs the given keyword with the given arguments, if ``condition`` is true.</doc>
<status status="PASS" start="2024-05-01T01:05:40.949617" elapsed="0.000975"/>
</kw>
<status status="PASS" start="2024-05-01T01:05:40.817692" elapsed="0.133033"/>
</kw>
<doc>Testa o conteúdo específico dos campos retornados pela API.</doc>
<tag>testeConteudo</tag>
<status status="PASS" start="2024-05-01T01:05:40.816476" elapsed="0.134402"/>
</test>
<status status="PASS" start="2024-05-01T01:05:39.825164" elapsed="1.127757"/>
</suite>
<status status="PASS" start="2024-05-01T01:05:39.807395" elapsed="1.150808"/>
</suite>
<statistics>
<total>
<stat pass="5" fail="0" skip="0">All Tests</stat>
</total>
<tag>
<stat pass="1" fail="0" skip="0">testeConteudo</stat>
<stat pass="1" fail="0" skip="0">testeEstruturaResposta</stat>
<stat pass="1" fail="0" skip="0">testeRequisicaoBasica</stat>
<stat pass="1" fail="0" skip="0">testeTiposDados</stat>
</tag>
<suite>
<stat pass="5" fail="0" skip="0" id="s1" name="Tests">Tests</stat>
<stat pass="5" fail="0" skip="0" id="s1-s1" name="Random-User-Test">Tests.Random-User-Test</stat>
</suite>
</statistics>
<errors>
</errors>
</robot>
