<?xml version="1.0" encoding="UTF-8"?>
<robot generator="Robot 7.0 (Python 3.12.3 on linux)" generated="2024-05-31T07:13:25.607085" rpa="false" schemaversion="5">
<suite id="s1" name="Tests" source="/home/runner/work/ApiRandomUser/ApiRandomUser/RamdonUser/tests">
<suite id="s1-s1" name="Random-User-Test" source="/home/runner/work/ApiRandomUser/ApiRandomUser/RamdonUser/tests/random-user-test.robot">
<test id="s1-s1-t1" name="Conectar" line="13">
<kw name="Conectar API" owner="random-user-service">
<kw name="Create Session" owner="RequestsLibrary">
<msg time="2024-05-31T07:13:25.997203" level="INFO">Creating Session using : alias=consultarAPI, url=https://randomuser.me/, headers={},                     cookies={}, auth=None, timeout=None, proxies=None, verify=False,                     debug=0 </msg>
<arg>consultarAPI</arg>
<arg>${URL}</arg>
<doc>Create Session: create a HTTP session to a server</doc>
<status status="PASS" start="2024-05-31T07:13:25.996991" elapsed="0.000396"/>
</kw>
<status status="PASS" start="2024-05-31T07:13:25.995895" elapsed="0.001869"/>
</kw>
<status status="PASS" start="2024-05-31T07:13:25.995318" elapsed="0.002657"/>
</test>
<test id="s1-s1-t2" name="Validar retorno 200 e JSON Válido" line="16">
<kw name="Teste de Requisicao Basica" owner="random-user-service">
<kw name="GET On Session" owner="RequestsLibrary">
<msg time="2024-05-31T07:13:26.263482" level="INFO">GET Request : url=https://randomuser.me/api 
 path_url=/api 
 headers={'User-Agent': 'python-requests/2.32.3', 'Accept-Encoding': 'gzip, deflate', 'Accept': '*/*', 'Connection': 'keep-alive'} 
 body=None 
 </msg>
<msg time="2024-05-31T07:13:26.263636" level="INFO">GET Response : url=https://randomuser.me/api 
 status=200, reason=OK 
 headers={'Date': 'Fri, 31 May 2024 07:13:26 GMT', 'Content-Type': 'application/json; charset=utf-8', 'Transfer-Encoding': 'chunked', 'Connection': 'keep-alive', 'X-Powered-By': 'Express', 'Access-Control-Allow-Origin': '*', 'Cache-Control': 'no-cache', 'ETag': 'W/"47f-q0ZVl0CNIHQ5EYYz7PpQsdAJwho"', 'Vary': 'Accept-Encoding', 'Content-Encoding': 'gzip', 'CF-Cache-Status': 'DYNAMIC', 'Report-To': '{"endpoints":[{"url":"https:\\/\\/a.nel.cloudflare.com\\/report\\/v4?s=KZiSMD3qmZw%2BDibK%2FAHj0IuRox%2FBzH4vO8%2Fpm7MO%2Bhg2TsZal1G%2F0txdm%2Bv1K0H4%2Fparb9qaK2eB81C0QM01ij5fwq2VUUp4PdADwVV3R7dEDBthgZLdhFxBtquhP%2FMU"}],"group":"cf-nel","max_age":604800}', 'NEL': '{"success_fraction":0,"report_to":"cf-nel","max_age":604800}', 'Server': 'cloudflare', 'CF-RAY': '88c5294a9c0196a7-SJC', 'alt-svc': 'h3=":443"; ma=86400'} 
 body={"results":[{"gender":"female","name":{"title":"Ms","first":"Lotta","last":"Pesola"},"location":{"street":{"number":431,"name":"Rautatienkatu"},"city":"Kannus","state":"South Karelia","country":"Finland","postcode":38534,"coordinates":{"latitude":"-28.3103","longitude":"176.0923"},"timezone":{"offset":"-10:00","description":"Hawaii"}},"email":"lotta.pesola@example.com","login":{"uuid":"8bc10a3b-5e8a-47a8-be25-0d2c30673b58","username":"greenbear849","password":"building","salt":"4FPDPHn5","md5":"71d2c5eae1ecc75956015fc514b0422a","sha1":"2bf99a5f0adb0469a602a63e0a74a787eb9c3b3b","sha256":"b674d397a4e3644e82fa3c6a84ecc09fbc2aba234a94e6c07752ddbae6a5629d"},"dob":{"date":"1952-01-29T07:37:10.320Z","age":72},"registered":{"date":"2017-11-17T07:44:13.495Z","age":6},"phone":"02-442-735","cell":"041-664-02-22","id":{"name":"HETU","value":"NaNNA542undefined"},"picture":{"large":"https://randomuser.me/api/portraits/women/22.jpg","medium":"https://randomuser.me/api/portraits/med/women/22.jpg","thumbnail":"https://randomuser.me/api/portraits/thumb/women/22.jpg"},"nat":"FI"}],"info":{"seed":"43eb9af198748683","results":1,"page":1,"version":"1.4"}} 
 </msg>
<msg time="2024-05-31T07:13:26.263718" level="INFO">/opt/hostedtoolcache/Python/3.12.3/x64/lib/python3.12/site-packages/urllib3/connectionpool.py:1103: InsecureRequestWarning: Unverified HTTPS request is being made to host 'randomuser.me'. Adding certificate verification is strongly advised. See: https://urllib3.readthedocs.io/en/latest/advanced-usage.html#tls-warnings
  warnings.warn(</msg>
<msg time="2024-05-31T07:13:26.263983" level="INFO">${response} = &lt;Response [200]&gt;</msg>
<var>${response}</var>
<arg>consultarAPI</arg>
<arg>/api</arg>
<doc>Sends a GET request on a previously created HTTP Session.</doc>
<status status="PASS" start="2024-05-31T07:13:26.000590" elapsed="0.263440"/>
</kw>
<kw name="Should Be Equal As Numbers" owner="BuiltIn">
<msg time="2024-05-31T07:13:26.265150" level="INFO">Argument types are:
&lt;class 'int'&gt;
&lt;class 'str'&gt;</msg>
<arg>${response.status_code}</arg>
<arg>200</arg>
<doc>Fails if objects are unequal after converting them to real numbers.</doc>
<status status="PASS" start="2024-05-31T07:13:26.264663" elapsed="0.000552"/>
</kw>
<kw name="Log" owner="BuiltIn">
<msg time="2024-05-31T07:13:26.265912" level="INFO">200</msg>
<arg>${response.status_code}</arg>
<doc>Logs the given message with the given level.</doc>
<status status="PASS" start="2024-05-31T07:13:26.265563" elapsed="0.000397"/>
</kw>
<kw name="Set Variable" owner="BuiltIn">
<msg time="2024-05-31T07:13:26.266697" level="INFO">${json_data} = {'results': [{'gender': 'female', 'name': {'title': 'Ms', 'first': 'Lotta', 'last': 'Pesola'}, 'location': {'street': {'number': 431, 'name': 'Rautatienkatu'}, 'city': 'Kannus', 'state': 'South Kareli...</msg>
<var>${json_data}</var>
<arg>${response.json()}</arg>
<doc>Returns the given values which can then be assigned to a variables.</doc>
<status status="PASS" start="2024-05-31T07:13:26.266270" elapsed="0.000457"/>
</kw>
<kw name="Dictionary Should Contain Key" owner="Collections">
<msg time="2024-05-31T07:13:26.267208" level="INFO">False</msg>
<arg>${json_data}</arg>
<arg>results</arg>
<doc>Fails if ``key`` is not found from ``dictionary``.</doc>
<status status="PASS" start="2024-05-31T07:13:26.267038" elapsed="0.000365"/>
</kw>
<status status="PASS" start="2024-05-31T07:13:26.000337" elapsed="0.267333"/>
</kw>
<doc>Testa se a API responde corretamente e retorna um objeto JSON válido.</doc>
<tag>testeRequisicaoBasica</tag>
<status status="PASS" start="2024-05-31T07:13:25.999859" elapsed="0.267996"/>
</test>
<test id="s1-s1-t3" name="Validar estrutura de resposta" line="22">
<kw name="Teste de Estrutura de Resposta" owner="random-user-service">
<kw name="GET On Session" owner="RequestsLibrary">
<msg time="2024-05-31T07:13:26.365211" level="INFO">GET Request : url=https://randomuser.me/api 
 path_url=/api 
 headers={'User-Agent': 'python-requests/2.32.3', 'Accept-Encoding': 'gzip, deflate', 'Accept': '*/*', 'Connection': 'keep-alive'} 
 body=None 
 </msg>
<msg time="2024-05-31T07:13:26.365310" level="INFO">GET Response : url=https://randomuser.me/api 
 status=200, reason=OK 
 headers={'Date': 'Fri, 31 May 2024 07:13:26 GMT', 'Content-Type': 'application/json; charset=utf-8', 'Transfer-Encoding': 'chunked', 'Connection': 'keep-alive', 'X-Powered-By': 'Express', 'Access-Control-Allow-Origin': '*', 'Cache-Control': 'no-cache', 'ETag': 'W/"49e-ZVHIVCM+cjZw9M4RjnRhfY6HHEI"', 'Vary': 'Accept-Encoding', 'Content-Encoding': 'gzip', 'CF-Cache-Status': 'DYNAMIC', 'Report-To': '{"endpoints":[{"url":"https:\\/\\/a.nel.cloudflare.com\\/report\\/v4?s=JUkiFuJEqH14Cs%2FZEQrJdBsXDS6daYW0YfBtEwhCmBwkDJ7CUUyMe%2FSNPLkINx6MpIzbCJ4xRCldv%2ByyB%2BAPIZgvAs7pCdum4JUSBVicU6oF9OAbqMIIEkEYCfG6Awa7"}],"group":"cf-nel","max_age":604800}', 'NEL': '{"success_fraction":0,"report_to":"cf-nel","max_age":604800}', 'Server': 'cloudflare', 'CF-RAY': '88c5294b3c5596a7-SJC', 'alt-svc': 'h3=":443"; ma=86400'} 
 body={"results":[{"gender":"male","name":{"title":"Mr","first":"Pat","last":"Kelley"},"location":{"street":{"number":1945,"name":"Brick Kiln Road"},"city":"Inverness","state":"Merseyside","country":"United Kingdom","postcode":"P0P 7GP","coordinates":{"latitude":"-11.2321","longitude":"-172.7373"},"timezone":{"offset":"-5:00","description":"Eastern Time (US &amp; Canada), Bogota, Lima"}},"email":"pat.kelley@example.com","login":{"uuid":"b743069b-7685-42e8-b162-7b374d191078","username":"happycat506","password":"airbus","salt":"BzHtk6Hm","md5":"1a1d949a179bd6097d2d7a706bfbba51","sha1":"cbbac0cfa2511ed6dd55a3221989cc7e93c909e9","sha256":"1b73cbec67bfd37d0fa93883e80c4fa171356e7f8894c0021b08066b5b18202a"},"dob":{"date":"1985-11-07T05:55:00.224Z","age":38},"registered":{"date":"2006-01-04T01:53:41.629Z","age":18},"phone":"017687 23798","cell":"07978 032584","id":{"name":"NINO","value":"LW 45 28 72 U"},"picture":{"large":"https://randomuser.me/api/portraits/men/49.jpg","medium":"https://randomuser.me/api/portraits/med/men/49.jpg","thumbnail":"https://randomuser.me/api/portraits/thumb/men/49.jpg"},"nat":"GB"}],"info":{"seed":"eba718c5cfa877c7","results":1,"page":1,"version":"1.4"}} 
 </msg>
<msg time="2024-05-31T07:13:26.365428" level="INFO">/opt/hostedtoolcache/Python/3.12.3/x64/lib/python3.12/site-packages/urllib3/connectionpool.py:1103: InsecureRequestWarning: Unverified HTTPS request is being made to host 'randomuser.me'. Adding certificate verification is strongly advised. See: https://urllib3.readthedocs.io/en/latest/advanced-usage.html#tls-warnings
  warnings.warn(</msg>
<msg time="2024-05-31T07:13:26.365540" level="INFO">${response} = &lt;Response [200]&gt;</msg>
<var>${response}</var>
<arg>consultarAPI</arg>
<arg>/api</arg>
<doc>Sends a GET request on a previously created HTTP Session.</doc>
<status status="PASS" start="2024-05-31T07:13:26.270559" elapsed="0.095021"/>
</kw>
<kw name="Set Variable" owner="BuiltIn">
<msg time="2024-05-31T07:13:26.366749" level="INFO">${json_data} = {'results': [{'gender': 'male', 'name': {'title': 'Mr', 'first': 'Pat', 'last': 'Kelley'}, 'location': {'street': {'number': 1945, 'name': 'Brick Kiln Road'}, 'city': 'Inverness', 'state': 'Merseyside...</msg>
<var>${json_data}</var>
<arg>${response.json()}</arg>
<doc>Returns the given values which can then be assigned to a variables.</doc>
<status status="PASS" start="2024-05-31T07:13:26.366133" elapsed="0.000645"/>
</kw>
<kw name="Log" owner="BuiltIn">
<msg time="2024-05-31T07:13:26.367252" level="INFO">{'results': [{'gender': 'male', 'name': {'title': 'Mr', 'first': 'Pat', 'last': 'Kelley'}, 'location': {'street': {'number': 1945, 'name': 'Brick Kiln Road'}, 'city': 'Inverness', 'state': 'Merseyside', 'country': 'United Kingdom', 'postcode': 'P0P 7GP', 'coordinates': {'latitude': '-11.2321', 'longitude': '-172.7373'}, 'timezone': {'offset': '-5:00', 'description': 'Eastern Time (US &amp; Canada), Bogota, Lima'}}, 'email': 'pat.kelley@example.com', 'login': {'uuid': 'b743069b-7685-42e8-b162-7b374d191078', 'username': 'happycat506', 'password': 'airbus', 'salt': 'BzHtk6Hm', 'md5': '1a1d949a179bd6097d2d7a706bfbba51', 'sha1': 'cbbac0cfa2511ed6dd55a3221989cc7e93c909e9', 'sha256': '1b73cbec67bfd37d0fa93883e80c4fa171356e7f8894c0021b08066b5b18202a'}, 'dob': {'date': '1985-11-07T05:55:00.224Z', 'age': 38}, 'registered': {'date': '2006-01-04T01:53:41.629Z', 'age': 18}, 'phone': '017687 23798', 'cell': '07978 032584', 'id': {'name': 'NINO', 'value': 'LW 45 28 72 U'}, 'picture': {'large': 'https://randomuser.me/api/portraits/men/49.jpg', 'medium': 'https://randomuser.me/api/portraits/med/men/49.jpg', 'thumbnail': 'https://randomuser.me/api/portraits/thumb/men/49.jpg'}, 'nat': 'GB'}], 'info': {'seed': 'eba718c5cfa877c7', 'results': 1, 'page': 1, 'version': '1.4'}}</msg>
<arg>${json_data}</arg>
<doc>Logs the given message with the given level.</doc>
<status status="PASS" start="2024-05-31T07:13:26.367094" elapsed="0.000206"/>
</kw>
<kw name="Dictionary Should Contain Key" owner="Collections">
<msg time="2024-05-31T07:13:26.367752" level="INFO">False</msg>
<arg>${json_data}</arg>
<arg>results</arg>
<doc>Fails if ``key`` is not found from ``dictionary``.</doc>
<status status="PASS" start="2024-05-31T07:13:26.367596" elapsed="0.000193"/>
</kw>
<kw name="Should Not Be Empty" owner="BuiltIn">
<msg time="2024-05-31T07:13:26.368230" level="INFO">Length is 2.</msg>
<arg>${json_data}</arg>
<doc>Verifies that the given item is not empty.</doc>
<status status="PASS" start="2024-05-31T07:13:26.368098" elapsed="0.000170"/>
</kw>
<kw name="Create List" owner="BuiltIn">
<msg time="2024-05-31T07:13:26.368716" level="INFO">${expected_keys} = ['gender', 'name', 'location', 'email', 'login']</msg>
<var>${expected_keys}</var>
<arg>gender</arg>
<arg>name</arg>
<arg>location</arg>
<arg>email</arg>
<arg>login</arg>
<doc>Returns a list containing given items.</doc>
<status status="PASS" start="2024-05-31T07:13:26.368568" elapsed="0.000172"/>
</kw>
<for flavor="IN">
<iter>
<kw name="Dictionary Should Contain Key" owner="Collections">
<msg time="2024-05-31T07:13:26.369763" level="INFO">False</msg>
<arg>${json_data['results'][0]}</arg>
<arg>${key}</arg>
<doc>Fails if ``key`` is not found from ``dictionary``.</doc>
<status status="PASS" start="2024-05-31T07:13:26.369360" elapsed="0.000449"/>
</kw>
<kw name="Log" owner="BuiltIn">
<msg time="2024-05-31T07:13:26.370472" level="INFO">{'gender': 'male', 'name': {'title': 'Mr', 'first': 'Pat', 'last': 'Kelley'}, 'location': {'street': {'number': 1945, 'name': 'Brick Kiln Road'}, 'city': 'Inverness', 'state': 'Merseyside', 'country': 'United Kingdom', 'postcode': 'P0P 7GP', 'coordinates': {'latitude': '-11.2321', 'longitude': '-172.7373'}, 'timezone': {'offset': '-5:00', 'description': 'Eastern Time (US &amp; Canada), Bogota, Lima'}}, 'email': 'pat.kelley@example.com', 'login': {'uuid': 'b743069b-7685-42e8-b162-7b374d191078', 'username': 'happycat506', 'password': 'airbus', 'salt': 'BzHtk6Hm', 'md5': '1a1d949a179bd6097d2d7a706bfbba51', 'sha1': 'cbbac0cfa2511ed6dd55a3221989cc7e93c909e9', 'sha256': '1b73cbec67bfd37d0fa93883e80c4fa171356e7f8894c0021b08066b5b18202a'}, 'dob': {'date': '1985-11-07T05:55:00.224Z', 'age': 38}, 'registered': {'date': '2006-01-04T01:53:41.629Z', 'age': 18}, 'phone': '017687 23798', 'cell': '07978 032584', 'id': {'name': 'NINO', 'value': 'LW 45 28 72 U'}, 'picture': {'large': 'https://randomuser.me/api/portraits/men/49.jpg', 'medium': 'https://randomuser.me/api/portraits/med/men/49.jpg', 'thumbnail': 'https://randomuser.me/api/portraits/thumb/men/49.jpg'}, 'nat': 'GB'}</msg>
<arg>${json_data['results'][0]}</arg>
<doc>Logs the given message with the given level.</doc>
<status status="PASS" start="2024-05-31T07:13:26.370111" elapsed="0.000422"/>
</kw>
<kw name="Log" owner="BuiltIn">
<msg time="2024-05-31T07:13:26.370961" level="INFO">gender</msg>
<arg>${key}</arg>
<doc>Logs the given message with the given level.</doc>
<status status="PASS" start="2024-05-31T07:13:26.370833" elapsed="0.000165"/>
</kw>
<var name="${key}">gender</var>
<status status="PASS" start="2024-05-31T07:13:26.369232" elapsed="0.001982"/>
</iter>
<iter>
<kw name="Dictionary Should Contain Key" owner="Collections">
<msg time="2024-05-31T07:13:26.371894" level="INFO">False</msg>
<arg>${json_data['results'][0]}</arg>
<arg>${key}</arg>
<doc>Fails if ``key`` is not found from ``dictionary``.</doc>
<status status="PASS" start="2024-05-31T07:13:26.371512" elapsed="0.000418"/>
</kw>
<kw name="Log" owner="BuiltIn">
<msg time="2024-05-31T07:13:26.372611" level="INFO">{'gender': 'male', 'name': {'title': 'Mr', 'first': 'Pat', 'last': 'Kelley'}, 'location': {'street': {'number': 1945, 'name': 'Brick Kiln Road'}, 'city': 'Inverness', 'state': 'Merseyside', 'country': 'United Kingdom', 'postcode': 'P0P 7GP', 'coordinates': {'latitude': '-11.2321', 'longitude': '-172.7373'}, 'timezone': {'offset': '-5:00', 'description': 'Eastern Time (US &amp; Canada), Bogota, Lima'}}, 'email': 'pat.kelley@example.com', 'login': {'uuid': 'b743069b-7685-42e8-b162-7b374d191078', 'username': 'happycat506', 'password': 'airbus', 'salt': 'BzHtk6Hm', 'md5': '1a1d949a179bd6097d2d7a706bfbba51', 'sha1': 'cbbac0cfa2511ed6dd55a3221989cc7e93c909e9', 'sha256': '1b73cbec67bfd37d0fa93883e80c4fa171356e7f8894c0021b08066b5b18202a'}, 'dob': {'date': '1985-11-07T05:55:00.224Z', 'age': 38}, 'registered': {'date': '2006-01-04T01:53:41.629Z', 'age': 18}, 'phone': '017687 23798', 'cell': '07978 032584', 'id': {'name': 'NINO', 'value': 'LW 45 28 72 U'}, 'picture': {'large': 'https://randomuser.me/api/portraits/men/49.jpg', 'medium': 'https://randomuser.me/api/portraits/med/men/49.jpg', 'thumbnail': 'https://randomuser.me/api/portraits/thumb/men/49.jpg'}, 'nat': 'GB'}</msg>
<arg>${json_data['results'][0]}</arg>
<doc>Logs the given message with the given level.</doc>
<status status="PASS" start="2024-05-31T07:13:26.372250" elapsed="0.000421"/>
</kw>
<kw name="Log" owner="BuiltIn">
<msg time="2024-05-31T07:13:26.373123" level="INFO">name</msg>
<arg>${key}</arg>
<doc>Logs the given message with the given level.</doc>
<status status="PASS" start="2024-05-31T07:13:26.372993" elapsed="0.000167"/>
</kw>
<var name="${key}">name</var>
<status status="PASS" start="2024-05-31T07:13:26.371397" elapsed="0.001982"/>
</iter>
<iter>
<kw name="Dictionary Should Contain Key" owner="Collections">
<msg time="2024-05-31T07:13:26.374042" level="INFO">False</msg>
<arg>${json_data['results'][0]}</arg>
<arg>${key}</arg>
<doc>Fails if ``key`` is not found from ``dictionary``.</doc>
<status status="PASS" start="2024-05-31T07:13:26.373668" elapsed="0.000412"/>
</kw>
<kw name="Log" owner="BuiltIn">
<msg time="2024-05-31T07:13:26.374749" level="INFO">{'gender': 'male', 'name': {'title': 'Mr', 'first': 'Pat', 'last': 'Kelley'}, 'location': {'street': {'number': 1945, 'name': 'Brick Kiln Road'}, 'city': 'Inverness', 'state': 'Merseyside', 'country': 'United Kingdom', 'postcode': 'P0P 7GP', 'coordinates': {'latitude': '-11.2321', 'longitude': '-172.7373'}, 'timezone': {'offset': '-5:00', 'description': 'Eastern Time (US &amp; Canada), Bogota, Lima'}}, 'email': 'pat.kelley@example.com', 'login': {'uuid': 'b743069b-7685-42e8-b162-7b374d191078', 'username': 'happycat506', 'password': 'airbus', 'salt': 'BzHtk6Hm', 'md5': '1a1d949a179bd6097d2d7a706bfbba51', 'sha1': 'cbbac0cfa2511ed6dd55a3221989cc7e93c909e9', 'sha256': '1b73cbec67bfd37d0fa93883e80c4fa171356e7f8894c0021b08066b5b18202a'}, 'dob': {'date': '1985-11-07T05:55:00.224Z', 'age': 38}, 'registered': {'date': '2006-01-04T01:53:41.629Z', 'age': 18}, 'phone': '017687 23798', 'cell': '07978 032584', 'id': {'name': 'NINO', 'value': 'LW 45 28 72 U'}, 'picture': {'large': 'https://randomuser.me/api/portraits/men/49.jpg', 'medium': 'https://randomuser.me/api/portraits/med/men/49.jpg', 'thumbnail': 'https://randomuser.me/api/portraits/thumb/men/49.jpg'}, 'nat': 'GB'}</msg>
<arg>${json_data['results'][0]}</arg>
<doc>Logs the given message with the given level.</doc>
<status status="PASS" start="2024-05-31T07:13:26.374386" elapsed="0.000412"/>
</kw>
<kw name="Log" owner="BuiltIn">
<msg time="2024-05-31T07:13:26.375223" level="INFO">location</msg>
<arg>${key}</arg>
<doc>Logs the given message with the given level.</doc>
<status status="PASS" start="2024-05-31T07:13:26.375097" elapsed="0.000163"/>
</kw>
<var name="${key}">location</var>
<status status="PASS" start="2024-05-31T07:13:26.373556" elapsed="0.001920"/>
</iter>
<iter>
<kw name="Dictionary Should Contain Key" owner="Collections">
<msg time="2024-05-31T07:13:26.376241" level="INFO">False</msg>
<arg>${json_data['results'][0]}</arg>
<arg>${key}</arg>
<doc>Fails if ``key`` is not found from ``dictionary``.</doc>
<status status="PASS" start="2024-05-31T07:13:26.375757" elapsed="0.000522"/>
</kw>
<kw name="Log" owner="BuiltIn">
<msg time="2024-05-31T07:13:26.376957" level="INFO">{'gender': 'male', 'name': {'title': 'Mr', 'first': 'Pat', 'last': 'Kelley'}, 'location': {'street': {'number': 1945, 'name': 'Brick Kiln Road'}, 'city': 'Inverness', 'state': 'Merseyside', 'country': 'United Kingdom', 'postcode': 'P0P 7GP', 'coordinates': {'latitude': '-11.2321', 'longitude': '-172.7373'}, 'timezone': {'offset': '-5:00', 'description': 'Eastern Time (US &amp; Canada), Bogota, Lima'}}, 'email': 'pat.kelley@example.com', 'login': {'uuid': 'b743069b-7685-42e8-b162-7b374d191078', 'username': 'happycat506', 'password': 'airbus', 'salt': 'BzHtk6Hm', 'md5': '1a1d949a179bd6097d2d7a706bfbba51', 'sha1': 'cbbac0cfa2511ed6dd55a3221989cc7e93c909e9', 'sha256': '1b73cbec67bfd37d0fa93883e80c4fa171356e7f8894c0021b08066b5b18202a'}, 'dob': {'date': '1985-11-07T05:55:00.224Z', 'age': 38}, 'registered': {'date': '2006-01-04T01:53:41.629Z', 'age': 18}, 'phone': '017687 23798', 'cell': '07978 032584', 'id': {'name': 'NINO', 'value': 'LW 45 28 72 U'}, 'picture': {'large': 'https://randomuser.me/api/portraits/men/49.jpg', 'medium': 'https://randomuser.me/api/portraits/med/men/49.jpg', 'thumbnail': 'https://randomuser.me/api/portraits/thumb/men/49.jpg'}, 'nat': 'GB'}</msg>
<arg>${json_data['results'][0]}</arg>
<doc>Logs the given message with the given level.</doc>
<status status="PASS" start="2024-05-31T07:13:26.376578" elapsed="0.000433"/>
</kw>
<kw name="Log" owner="BuiltIn">
<msg time="2024-05-31T07:13:26.377437" level="INFO">email</msg>
<arg>${key}</arg>
<doc>Logs the given message with the given level.</doc>
<status status="PASS" start="2024-05-31T07:13:26.377312" elapsed="0.000161"/>
</kw>
<var name="${key}">email</var>
<status status="PASS" start="2024-05-31T07:13:26.375646" elapsed="0.002041"/>
</iter>
<iter>
<kw name="Dictionary Should Contain Key" owner="Collections">
<msg time="2024-05-31T07:13:26.378359" level="INFO">False</msg>
<arg>${json_data['results'][0]}</arg>
<arg>${key}</arg>
<doc>Fails if ``key`` is not found from ``dictionary``.</doc>
<status status="PASS" start="2024-05-31T07:13:26.377979" elapsed="0.000418"/>
</kw>
<kw name="Log" owner="BuiltIn">
<msg time="2024-05-31T07:13:26.379046" level="INFO">{'gender': 'male', 'name': {'title': 'Mr', 'first': 'Pat', 'last': 'Kelley'}, 'location': {'street': {'number': 1945, 'name': 'Brick Kiln Road'}, 'city': 'Inverness', 'state': 'Merseyside', 'country': 'United Kingdom', 'postcode': 'P0P 7GP', 'coordinates': {'latitude': '-11.2321', 'longitude': '-172.7373'}, 'timezone': {'offset': '-5:00', 'description': 'Eastern Time (US &amp; Canada), Bogota, Lima'}}, 'email': 'pat.kelley@example.com', 'login': {'uuid': 'b743069b-7685-42e8-b162-7b374d191078', 'username': 'happycat506', 'password': 'airbus', 'salt': 'BzHtk6Hm', 'md5': '1a1d949a179bd6097d2d7a706bfbba51', 'sha1': 'cbbac0cfa2511ed6dd55a3221989cc7e93c909e9', 'sha256': '1b73cbec67bfd37d0fa93883e80c4fa171356e7f8894c0021b08066b5b18202a'}, 'dob': {'date': '1985-11-07T05:55:00.224Z', 'age': 38}, 'registered': {'date': '2006-01-04T01:53:41.629Z', 'age': 18}, 'phone': '017687 23798', 'cell': '07978 032584', 'id': {'name': 'NINO', 'value': 'LW 45 28 72 U'}, 'picture': {'large': 'https://randomuser.me/api/portraits/men/49.jpg', 'medium': 'https://randomuser.me/api/portraits/med/men/49.jpg', 'thumbnail': 'https://randomuser.me/api/portraits/thumb/men/49.jpg'}, 'nat': 'GB'}</msg>
<arg>${json_data['results'][0]}</arg>
<doc>Logs the given message with the given level.</doc>
<status status="PASS" start="2024-05-31T07:13:26.378691" elapsed="0.000403"/>
</kw>
<kw name="Log" owner="BuiltIn">
<msg time="2024-05-31T07:13:26.379509" level="INFO">login</msg>
<arg>${key}</arg>
<doc>Logs the given message with the given level.</doc>
<status status="PASS" start="2024-05-31T07:13:26.379383" elapsed="0.000194"/>
</kw>
<var name="${key}">login</var>
<status status="PASS" start="2024-05-31T07:13:26.377866" elapsed="0.001935"/>
</iter>
<var>${key}</var>
<value>@{expected_keys}</value>
<status status="PASS" start="2024-05-31T07:13:26.369041" elapsed="0.010883"/>
</for>
<kw name="Create List" owner="BuiltIn">
<msg time="2024-05-31T07:13:26.380253" level="INFO">${expected_keysTwo} = ['username', 'password']</msg>
<var>${expected_keysTwo}</var>
<arg>username</arg>
<arg>password</arg>
<doc>Returns a list containing given items.</doc>
<status status="PASS" start="2024-05-31T07:13:26.380117" elapsed="0.000159"/>
</kw>
<for flavor="IN">
<iter>
<kw name="Dictionary Should Contain Key" owner="Collections">
<msg time="2024-05-31T07:13:26.381203" level="INFO">False</msg>
<arg>${json_data['results'][0]['login']}</arg>
<arg>${keyTwo}</arg>
<doc>Fails if ``key`` is not found from ``dictionary``.</doc>
<status status="PASS" start="2024-05-31T07:13:26.380781" elapsed="0.000459"/>
</kw>
<kw name="Dictionary Should Contain Key" owner="Collections">
<msg time="2024-05-31T07:13:26.381922" level="INFO">False</msg>
<arg>${json_data['results'][0]['login']}</arg>
<arg>${keyTwo}</arg>
<doc>Fails if ``key`` is not found from ``dictionary``.</doc>
<status status="PASS" start="2024-05-31T07:13:26.381540" elapsed="0.000419"/>
</kw>
<kw name="Log" owner="BuiltIn">
<msg time="2024-05-31T07:13:26.382381" level="INFO">username</msg>
<arg>${keyTwo}</arg>
<doc>Logs the given message with the given level.</doc>
<status status="PASS" start="2024-05-31T07:13:26.382254" elapsed="0.000164"/>
</kw>
<var name="${keyTwo}">username</var>
<status status="PASS" start="2024-05-31T07:13:26.380670" elapsed="0.001962"/>
</iter>
<iter>
<kw name="Dictionary Should Contain Key" owner="Collections">
<msg time="2024-05-31T07:13:26.383289" level="INFO">False</msg>
<arg>${json_data['results'][0]['login']}</arg>
<arg>${keyTwo}</arg>
<doc>Fails if ``key`` is not found from ``dictionary``.</doc>
<status status="PASS" start="2024-05-31T07:13:26.382913" elapsed="0.000413"/>
</kw>
<kw name="Dictionary Should Contain Key" owner="Collections">
<msg time="2024-05-31T07:13:26.383996" level="INFO">False</msg>
<arg>${json_data['results'][0]['login']}</arg>
<arg>${keyTwo}</arg>
<doc>Fails if ``key`` is not found from ``dictionary``.</doc>
<status status="PASS" start="2024-05-31T07:13:26.383619" elapsed="0.000414"/>
</kw>
<kw name="Log" owner="BuiltIn">
<msg time="2024-05-31T07:13:26.384450" level="INFO">password</msg>
<arg>${keyTwo}</arg>
<doc>Logs the given message with the given level.</doc>
<status status="PASS" start="2024-05-31T07:13:26.384326" elapsed="0.000161"/>
</kw>
<var name="${keyTwo}">password</var>
<status status="PASS" start="2024-05-31T07:13:26.382803" elapsed="0.001902"/>
</iter>
<var>${keyTwo}</var>
<value>@{expected_keysTwo}</value>
<status status="PASS" start="2024-05-31T07:13:26.380517" elapsed="0.004308"/>
</for>
<status status="PASS" start="2024-05-31T07:13:26.270314" elapsed="0.114674"/>
</kw>
<doc>Testa a estrutura da resposta da API.</doc>
<tag>testeEstruturaResposta</tag>
<status status="PASS" start="2024-05-31T07:13:26.269718" elapsed="0.115435"/>
</test>
<test id="s1-s1-t4" name="Validar tipos de dados" line="28">
<kw name="Teste de Tipos de Dados" owner="random-user-service">
<kw name="GET On Session" owner="RequestsLibrary">
<msg time="2024-05-31T07:13:26.499595" level="INFO">GET Request : url=https://randomuser.me/api 
 path_url=/api 
 headers={'User-Agent': 'python-requests/2.32.3', 'Accept-Encoding': 'gzip, deflate', 'Accept': '*/*', 'Connection': 'keep-alive'} 
 body=None 
 </msg>
<msg time="2024-05-31T07:13:26.499691" level="INFO">GET Response : url=https://randomuser.me/api 
 status=200, reason=OK 
 headers={'Date': 'Fri, 31 May 2024 07:13:26 GMT', 'Content-Type': 'application/json; charset=utf-8', 'Transfer-Encoding': 'chunked', 'Connection': 'keep-alive', 'X-Powered-By': 'Express', 'Access-Control-Allow-Origin': '*', 'Cache-Control': 'no-cache', 'ETag': 'W/"483-TDtQx1xftZaIGvCY/5aUHJxkzO8"', 'Vary': 'Accept-Encoding', 'Content-Encoding': 'gzip', 'CF-Cache-Status': 'DYNAMIC', 'Report-To': '{"endpoints":[{"url":"https:\\/\\/a.nel.cloudflare.com\\/report\\/v4?s=HSfjiH83oikaFVKcp12HrasJpzp0FJaG9G9kqyu2Daot%2BBTr1lHFNBjYKP%2BweFP92NjvViIkUjXfeOGt8Fq4QmCJnuKErgZuly0oCwUcOQIQNIjveI%2FuSXq5AlVriMER"}],"group":"cf-nel","max_age":604800}', 'NEL': '{"success_fraction":0,"report_to":"cf-nel","max_age":604800}', 'Server': 'cloudflare', 'CF-RAY': '88c5294bfcc996a7-SJC', 'alt-svc': 'h3=":443"; ma=86400'} 
 body={"results":[{"gender":"male","name":{"title":"Mr","first":"Césaro","last":"das Neves"},"location":{"street":{"number":7650,"name":"Rua Piauí "},"city":"Santa Rita","state":"Distrito Federal","country":"Brazil","postcode":88636,"coordinates":{"latitude":"-76.9869","longitude":"-82.1929"},"timezone":{"offset":"-9:00","description":"Alaska"}},"email":"cesaro.dasneves@example.com","login":{"uuid":"451c8c4d-61b3-40bf-a276-783c7bcf6a31","username":"lazygorilla509","password":"bull","salt":"zgRobT75","md5":"87115793956239ddc99d2d30fcaf7c70","sha1":"2193bed83f817ef0bb4297a0f43e8e52cbf0c8dc","sha256":"d90e6b0fa3da236330c22a3b83818bdc63c062f0331ce324c75f28f13986c041"},"dob":{"date":"1976-02-18T17:30:06.249Z","age":48},"registered":{"date":"2006-12-07T05:07:14.469Z","age":17},"phone":"(46) 7936-1126","cell":"(66) 0386-7473","id":{"name":"CPF","value":"079.518.056-63"},"picture":{"large":"https://randomuser.me/api/portraits/men/77.jpg","medium":"https://randomuser.me/api/portraits/med/men/77.jpg","thumbnail":"https://randomuser.me/api/portraits/thumb/men/77.jpg"},"nat":"BR"}],"info":{"seed":"9fd231776fdf2725","results":1,"page":1,"version":"1.4"}} 
 </msg>
<msg time="2024-05-31T07:13:26.499764" level="INFO">/opt/hostedtoolcache/Python/3.12.3/x64/lib/python3.12/site-packages/urllib3/connectionpool.py:1103: InsecureRequestWarning: Unverified HTTPS request is being made to host 'randomuser.me'. Adding certificate verification is strongly advised. See: https://urllib3.readthedocs.io/en/latest/advanced-usage.html#tls-warnings
  warnings.warn(</msg>
<msg time="2024-05-31T07:13:26.499893" level="INFO">${response} = &lt;Response [200]&gt;</msg>
<var>${response}</var>
<arg>consultarAPI</arg>
<arg>/api</arg>
<doc>Sends a GET request on a previously created HTTP Session.</doc>
<status status="PASS" start="2024-05-31T07:13:26.387706" elapsed="0.112227"/>
</kw>
<kw name="Set Variable" owner="BuiltIn">
<msg time="2024-05-31T07:13:26.501132" level="INFO">${json_data} = {'results': [{'gender': 'male', 'name': {'title': 'Mr', 'first': 'Césaro', 'last': 'das Neves'}, 'location': {'street': {'number': 7650, 'name': 'Rua Piauí '}, 'city': 'Santa Rita', 'state': 'Distrito...</msg>
<var>${json_data}</var>
<arg>${response.json()}</arg>
<doc>Returns the given values which can then be assigned to a variables.</doc>
<status status="PASS" start="2024-05-31T07:13:26.500540" elapsed="0.000622"/>
</kw>
<kw name="Log" owner="BuiltIn">
<msg time="2024-05-31T07:13:26.501655" level="INFO">{'results': [{'gender': 'male', 'name': {'title': 'Mr', 'first': 'Césaro', 'last': 'das Neves'}, 'location': {'street': {'number': 7650, 'name': 'Rua Piauí '}, 'city': 'Santa Rita', 'state': 'Distrito Federal', 'country': 'Brazil', 'postcode': 88636, 'coordinates': {'latitude': '-76.9869', 'longitude': '-82.1929'}, 'timezone': {'offset': '-9:00', 'description': 'Alaska'}}, 'email': 'cesaro.dasneves@example.com', 'login': {'uuid': '451c8c4d-61b3-40bf-a276-783c7bcf6a31', 'username': 'lazygorilla509', 'password': 'bull', 'salt': 'zgRobT75', 'md5': '87115793956239ddc99d2d30fcaf7c70', 'sha1': '2193bed83f817ef0bb4297a0f43e8e52cbf0c8dc', 'sha256': 'd90e6b0fa3da236330c22a3b83818bdc63c062f0331ce324c75f28f13986c041'}, 'dob': {'date': '1976-02-18T17:30:06.249Z', 'age': 48}, 'registered': {'date': '2006-12-07T05:07:14.469Z', 'age': 17}, 'phone': '(46) 7936-1126', 'cell': '(66) 0386-7473', 'id': {'name': 'CPF', 'value': '079.518.056-63'}, 'picture': {'large': 'https://randomuser.me/api/portraits/men/77.jpg', 'medium': 'https://randomuser.me/api/portraits/med/men/77.jpg', 'thumbnail': 'https://randomuser.me/api/portraits/thumb/men/77.jpg'}, 'nat': 'BR'}], 'info': {'seed': '9fd231776fdf2725', 'results': 1, 'page': 1, 'version': '1.4'}}</msg>
<arg>${json_data}</arg>
<doc>Logs the given message with the given level.</doc>
<status status="PASS" start="2024-05-31T07:13:26.501494" elapsed="0.000248"/>
</kw>
<kw name="Should Be String" owner="String">
<arg>${json_data['results'][0]['gender']}</arg>
<doc>Fails if the given ``item`` is not a string.</doc>
<status status="PASS" start="2024-05-31T07:13:26.502044" elapsed="0.000367"/>
</kw>
<kw name="Should Match Regexp" owner="BuiltIn">
<arg>${json_data['results'][0]['email']}</arg>
<arg>^[a-zA-Z0-9._%+-]+@[a-zA-Z0-9.-]+\.[a-zA-Z]{2,}$</arg>
<doc>Fails if ``string`` does not match ``pattern`` as a regular expression.</doc>
<status status="PASS" start="2024-05-31T07:13:26.502652" elapsed="0.000663"/>
</kw>
<kw name="Should Match Regexp" owner="BuiltIn">
<arg>${json_data['results'][0]['dob']['date']}</arg>
<arg>\\d{4}-\\d{2}-\\d{2}T\\d{2}:\\d{2}:\\d{2}\\.\\d{3}Z</arg>
<doc>Fails if ``string`` does not match ``pattern`` as a regular expression.</doc>
<status status="PASS" start="2024-05-31T07:13:26.503511" elapsed="0.000480"/>
</kw>
<kw name="Should Match Regexp" owner="BuiltIn">
<arg>${json_data['results'][0]['registered']['date']}</arg>
<arg>\\d{4}-\\d{2}-\\d{2}T\\d{2}:\\d{2}:\\d{2}\\.\\d{3}Z</arg>
<doc>Fails if ``string`` does not match ``pattern`` as a regular expression.</doc>
<status status="PASS" start="2024-05-31T07:13:26.504187" elapsed="0.000364"/>
</kw>
<kw name="Should Match Regexp" owner="BuiltIn">
<arg>${json_data['results'][0]['picture']['large']}</arg>
<arg>^https?://.*\.(?:png|jpe?g|gif|bmp)$</arg>
<doc>Fails if ``string`` does not match ``pattern`` as a regular expression.</doc>
<status status="PASS" start="2024-05-31T07:13:26.504737" elapsed="0.000496"/>
</kw>
<kw name="Should Match Regexp" owner="BuiltIn">
<arg>${json_data['results'][0]['picture']['medium']}</arg>
<arg>^https?://.*\.(?:png|jpe?g|gif|bmp)$</arg>
<doc>Fails if ``string`` does not match ``pattern`` as a regular expression.</doc>
<status status="PASS" start="2024-05-31T07:13:26.505426" elapsed="0.000351"/>
</kw>
<kw name="Should Match Regexp" owner="BuiltIn">
<arg>${json_data['results'][0]['picture']['thumbnail']}</arg>
<arg>^https?://.*\.(?:png|jpe?g|gif|bmp)$</arg>
<doc>Fails if ``string`` does not match ``pattern`` as a regular expression.</doc>
<status status="PASS" start="2024-05-31T07:13:26.505969" elapsed="0.000344"/>
</kw>
<kw name="Log" owner="BuiltIn">
<msg time="2024-05-31T07:13:26.506809" level="INFO">{'large': 'https://randomuser.me/api/portraits/men/77.jpg', 'medium': 'https://randomuser.me/api/portraits/med/men/77.jpg', 'thumbnail': 'https://randomuser.me/api/portraits/thumb/men/77.jpg'}</msg>
<arg>${json_data['results'][0]['picture']}</arg>
<doc>Logs the given message with the given level.</doc>
<status status="PASS" start="2024-05-31T07:13:26.506492" elapsed="0.000357"/>
</kw>
<status status="PASS" start="2024-05-31T07:13:26.387469" elapsed="0.119638"/>
</kw>
<kw name="Teste de Tipos de Dados - Postcode" owner="random-user-service">
<kw name="GET On Session" owner="RequestsLibrary">
<msg time="2024-05-31T07:13:26.613690" level="INFO">GET Request : url=https://randomuser.me/api 
 path_url=/api 
 headers={'User-Agent': 'python-requests/2.32.3', 'Accept-Encoding': 'gzip, deflate', 'Accept': '*/*', 'Connection': 'keep-alive'} 
 body=None 
 </msg>
<msg time="2024-05-31T07:13:26.613795" level="INFO">GET Response : url=https://randomuser.me/api 
 status=200, reason=OK 
 headers={'Date': 'Fri, 31 May 2024 07:13:26 GMT', 'Content-Type': 'application/json; charset=utf-8', 'Transfer-Encoding': 'chunked', 'Connection': 'keep-alive', 'X-Powered-By': 'Express', 'Access-Control-Allow-Origin': '*', 'Cache-Control': 'no-cache', 'ETag': 'W/"49a-idLSgv2Pc8EcFQhN+9t4SwA3gMg"', 'Vary': 'Accept-Encoding', 'Content-Encoding': 'gzip', 'CF-Cache-Status': 'DYNAMIC', 'Report-To': '{"endpoints":[{"url":"https:\\/\\/a.nel.cloudflare.com\\/report\\/v4?s=dKkBT8WlSF03hz0r9JF00VXrCy%2F92AIWABLpfgEqyOnENH7Zn9RVyvxzbC8AiBbQb9Q7%2Bmta6Xi8f3ok2pTld14sUGjXmXd%2B7biV2UkD9C5d7Ml1ym8gcKBvpy43MCno"}],"group":"cf-nel","max_age":604800}', 'NEL': '{"success_fraction":0,"report_to":"cf-nel","max_age":604800}', 'Server': 'cloudflare', 'CF-RAY': '88c5294cbd4996a7-SJC', 'alt-svc': 'h3=":443"; ma=86400'} 
 body={"results":[{"gender":"female","name":{"title":"Ms","first":"Malou","last":"Jensen"},"location":{"street":{"number":9737,"name":"Herluf Trolles Vej"},"city":"København S","state":"Nordjylland","country":"Denmark","postcode":74325,"coordinates":{"latitude":"-46.6245","longitude":"45.2408"},"timezone":{"offset":"+5:00","description":"Ekaterinburg, Islamabad, Karachi, Tashkent"}},"email":"malou.jensen@example.com","login":{"uuid":"93baf46a-b706-48ad-a3d8-f9dfbd35484c","username":"lazywolf652","password":"spyder","salt":"EbyIQ2xn","md5":"02c94dfc32dd99ae817fd2e951d6730d","sha1":"4bf6ef576162ae23259b655181bc6ef612aab80f","sha256":"ca4cc9ffed6569c48580987bb3a413380e4d66abd8fa0c528fecc31a360609a1"},"dob":{"date":"1993-03-25T16:09:17.216Z","age":31},"registered":{"date":"2021-12-11T09:45:57.811Z","age":2},"phone":"82325273","cell":"75903975","id":{"name":"CPR","value":"250393-9918"},"picture":{"large":"https://randomuser.me/api/portraits/women/69.jpg","medium":"https://randomuser.me/api/portraits/med/women/69.jpg","thumbnail":"https://randomuser.me/api/portraits/thumb/women/69.jpg"},"nat":"DK"}],"info":{"seed":"22d9bb87f652f5e1","results":1,"page":1,"version":"1.4"}} 
 </msg>
<msg time="2024-05-31T07:13:26.613867" level="INFO">/opt/hostedtoolcache/Python/3.12.3/x64/lib/python3.12/site-packages/urllib3/connectionpool.py:1103: InsecureRequestWarning: Unverified HTTPS request is being made to host 'randomuser.me'. Adding certificate verification is strongly advised. See: https://urllib3.readthedocs.io/en/latest/advanced-usage.html#tls-warnings
  warnings.warn(</msg>
<msg time="2024-05-31T07:13:26.613984" level="INFO">${response} = &lt;Response [200]&gt;</msg>
<var>${response}</var>
<arg>consultarAPI</arg>
<arg>/api</arg>
<doc>Sends a GET request on a previously created HTTP Session.</doc>
<status status="PASS" start="2024-05-31T07:13:26.507562" elapsed="0.106462"/>
</kw>
<kw name="Set Variable" owner="BuiltIn">
<msg time="2024-05-31T07:13:26.615222" level="INFO">${json_data} = {'results': [{'gender': 'female', 'name': {'title': 'Ms', 'first': 'Malou', 'last': 'Jensen'}, 'location': {'street': {'number': 9737, 'name': 'Herluf Trolles Vej'}, 'city': 'København S', 'state': 'N...</msg>
<var>${json_data}</var>
<arg>${response.json()}</arg>
<doc>Returns the given values which can then be assigned to a variables.</doc>
<status status="PASS" start="2024-05-31T07:13:26.614632" elapsed="0.000619"/>
</kw>
<kw name="Log" owner="BuiltIn">
<msg time="2024-05-31T07:13:26.615729" level="INFO">{'results': [{'gender': 'female', 'name': {'title': 'Ms', 'first': 'Malou', 'last': 'Jensen'}, 'location': {'street': {'number': 9737, 'name': 'Herluf Trolles Vej'}, 'city': 'København S', 'state': 'Nordjylland', 'country': 'Denmark', 'postcode': 74325, 'coordinates': {'latitude': '-46.6245', 'longitude': '45.2408'}, 'timezone': {'offset': '+5:00', 'description': 'Ekaterinburg, Islamabad, Karachi, Tashkent'}}, 'email': 'malou.jensen@example.com', 'login': {'uuid': '93baf46a-b706-48ad-a3d8-f9dfbd35484c', 'username': 'lazywolf652', 'password': 'spyder', 'salt': 'EbyIQ2xn', 'md5': '02c94dfc32dd99ae817fd2e951d6730d', 'sha1': '4bf6ef576162ae23259b655181bc6ef612aab80f', 'sha256': 'ca4cc9ffed6569c48580987bb3a413380e4d66abd8fa0c528fecc31a360609a1'}, 'dob': {'date': '1993-03-25T16:09:17.216Z', 'age': 31}, 'registered': {'date': '2021-12-11T09:45:57.811Z', 'age': 2}, 'phone': '82325273', 'cell': '75903975', 'id': {'name': 'CPR', 'value': '250393-9918'}, 'picture': {'large': 'https://randomuser.me/api/portraits/women/69.jpg', 'medium': 'https://randomuser.me/api/portraits/med/women/69.jpg', 'thumbnail': 'https://randomuser.me/api/portraits/thumb/women/69.jpg'}, 'nat': 'DK'}], 'info': {'seed': '22d9bb87f652f5e1', 'results': 1, 'page': 1, 'version': '1.4'}}</msg>
<arg>${json_data}</arg>
<doc>Logs the given message with the given level.</doc>
<status status="PASS" start="2024-05-31T07:13:26.615570" elapsed="0.000243"/>
</kw>
<kw name="Should Be Equal As Numbers" owner="BuiltIn">
<arg>${json_data['results'][0]['location']['postcode']}</arg>
<arg>${json_data['results'][0]['location']['postcode']}</arg>
<doc>Fails if objects are unequal after converting them to real numbers.</doc>
<status status="PASS" start="2024-05-31T07:13:26.616117" elapsed="0.000612"/>
</kw>
<kw name="Log" owner="BuiltIn">
<msg time="2024-05-31T07:13:26.617316" level="INFO">74325</msg>
<arg>${json_data['results'][0]['location']['postcode']}</arg>
<doc>Logs the given message with the given level.</doc>
<status status="PASS" start="2024-05-31T07:13:26.616954" elapsed="0.000403"/>
</kw>
<status status="PASS" start="2024-05-31T07:13:26.507329" elapsed="0.110285"/>
</kw>
<doc>Testa se os tipos de dados na resposta da API estão corretos.</doc>
<tag>testeTiposDados</tag>
<status status="PASS" start="2024-05-31T07:13:26.386903" elapsed="0.230881"/>
</test>
<test id="s1-s1-t5" name="Validar conteudo" line="35">
<kw name="Teste de Tipos de Conteudo" owner="random-user-service">
<kw name="GET On Session" owner="RequestsLibrary">
<msg time="2024-05-31T07:13:26.704157" level="INFO">GET Request : url=https://randomuser.me/api 
 path_url=/api 
 headers={'User-Agent': 'python-requests/2.32.3', 'Accept-Encoding': 'gzip, deflate', 'Accept': '*/*', 'Connection': 'keep-alive'} 
 body=None 
 </msg>
<msg time="2024-05-31T07:13:26.704252" level="INFO">GET Response : url=https://randomuser.me/api 
 status=200, reason=OK 
 headers={'Date': 'Fri, 31 May 2024 07:13:26 GMT', 'Content-Type': 'application/json; charset=utf-8', 'Transfer-Encoding': 'chunked', 'Connection': 'keep-alive', 'X-Powered-By': 'Express', 'Access-Control-Allow-Origin': '*', 'Cache-Control': 'no-cache', 'ETag': 'W/"48d-solXXqebCZeuWnF37aB1vzsTuWA"', 'Vary': 'Accept-Encoding', 'Content-Encoding': 'gzip', 'CF-Cache-Status': 'DYNAMIC', 'Report-To': '{"endpoints":[{"url":"https:\\/\\/a.nel.cloudflare.com\\/report\\/v4?s=VB1UxAKOCirj9wqpn2nmY8ya644NyWjhFSY3dawL5ABmUNFtOQeB7uOOZ3FONx0mFuwb6X01zF%2FM5UCtPb%2Blz%2FxqNRkfi04V%2BDKsMATNKdw5k%2FSfa3sDG3WAI2oQCFpB"}],"group":"cf-nel","max_age":604800}', 'NEL': '{"success_fraction":0,"report_to":"cf-nel","max_age":604800}', 'Server': 'cloudflare', 'CF-RAY': '88c5294d6da996a7-SJC', 'alt-svc': 'h3=":443"; ma=86400'} 
 body={"results":[{"gender":"male","name":{"title":"Mr","first":"Adam","last":"Ginnish"},"location":{"street":{"number":1297,"name":"King St"},"city":"Aylmer","state":"Nova Scotia","country":"Canada","postcode":"Z3H 3N7","coordinates":{"latitude":"-68.0082","longitude":"-174.2117"},"timezone":{"offset":"+5:00","description":"Ekaterinburg, Islamabad, Karachi, Tashkent"}},"email":"adam.ginnish@example.com","login":{"uuid":"05a2807d-4dda-47d2-881e-6022b3cb7417","username":"bigtiger450","password":"lololo","salt":"r12PCYld","md5":"032a6307c1175ff12d4dff7d176e4172","sha1":"287c7161c4d8ee7debb62b61cf1563a33f437673","sha256":"cab7ca98171b39b5eb32222180a5db42e313b34b19cc29bf1a16b5b1f38e910a"},"dob":{"date":"1947-06-15T23:39:08.654Z","age":76},"registered":{"date":"2005-02-20T16:46:49.077Z","age":19},"phone":"T28 S43-0484","cell":"J81 Y40-0393","id":{"name":"SIN","value":"754087153"},"picture":{"large":"https://randomuser.me/api/portraits/men/14.jpg","medium":"https://randomuser.me/api/portraits/med/men/14.jpg","thumbnail":"https://randomuser.me/api/portraits/thumb/men/14.jpg"},"nat":"CA"}],"info":{"seed":"6e97e23c43b1f97e","results":1,"page":1,"version":"1.4"}} 
 </msg>
<msg time="2024-05-31T07:13:26.704322" level="INFO">/opt/hostedtoolcache/Python/3.12.3/x64/lib/python3.12/site-packages/urllib3/connectionpool.py:1103: InsecureRequestWarning: Unverified HTTPS request is being made to host 'randomuser.me'. Adding certificate verification is strongly advised. See: https://urllib3.readthedocs.io/en/latest/advanced-usage.html#tls-warnings
  warnings.warn(</msg>
<msg time="2024-05-31T07:13:26.704445" level="INFO">${response} = &lt;Response [200]&gt;</msg>
<var>${response}</var>
<arg>consultarAPI</arg>
<arg>/api</arg>
<doc>Sends a GET request on a previously created HTTP Session.</doc>
<status status="PASS" start="2024-05-31T07:13:26.620298" elapsed="0.084187"/>
</kw>
<kw name="Set Variable" owner="BuiltIn">
<msg time="2024-05-31T07:13:26.705688" level="INFO">${json_data} = {'results': [{'gender': 'male', 'name': {'title': 'Mr', 'first': 'Adam', 'last': 'Ginnish'}, 'location': {'street': {'number': 1297, 'name': 'King St'}, 'city': 'Aylmer', 'state': 'Nova Scotia', 'coun...</msg>
<var>${json_data}</var>
<arg>${response.json()}</arg>
<doc>Returns the given values which can then be assigned to a variables.</doc>
<status status="PASS" start="2024-05-31T07:13:26.705145" elapsed="0.000571"/>
</kw>
<kw name="Set Variable" owner="BuiltIn">
<msg time="2024-05-31T07:13:26.706415" level="INFO">${name_title} = Mr</msg>
<var>${name_title}</var>
<arg>${json_data["results"][0]["name"]["title"]}</arg>
<doc>Returns the given values which can then be assigned to a variables.</doc>
<status status="PASS" start="2024-05-31T07:13:26.706029" elapsed="0.000411"/>
</kw>
<kw name="Create List" owner="BuiltIn">
<msg time="2024-05-31T07:13:26.706896" level="INFO">${allowed_titles} = ['Mr', 'Ms', 'Miss', 'Mrs', 'Madame', 'Monsieur']</msg>
<var>${allowed_titles}</var>
<arg>Mr</arg>
<arg>Ms</arg>
<arg>Miss</arg>
<arg>Mrs</arg>
<arg>Madame</arg>
<arg>Monsieur</arg>
<doc>Returns a list containing given items.</doc>
<status status="PASS" start="2024-05-31T07:13:26.706746" elapsed="0.000175"/>
</kw>
<kw name="List Should Contain Value" owner="Collections">
<msg time="2024-05-31T07:13:26.707409" level="INFO">False</msg>
<arg>${allowed_titles}</arg>
<arg>${name_title}</arg>
<doc>Fails if the ``value`` is not found from ``list``.</doc>
<status status="PASS" start="2024-05-31T07:13:26.707233" elapsed="0.000213"/>
</kw>
<kw name="Set Variable" owner="BuiltIn">
<msg time="2024-05-31T07:13:26.708304" level="INFO">${name_country} = CA</msg>
<var>${name_country}</var>
<arg>${json_data["results"][0]["nat"]}</arg>
<doc>Returns the given values which can then be assigned to a variables.</doc>
<status status="PASS" start="2024-05-31T07:13:26.707744" elapsed="0.000586"/>
</kw>
<kw name="Create List" owner="BuiltIn">
<msg time="2024-05-31T07:13:26.709278" level="INFO">${list_country} = ['AD', 'AE', 'AF', 'AG', 'AI', 'AL', 'AM', 'AO', 'AQ', 'AR', 'AS', 'AT', 'AU', 'AW', 'AX', 'AZ', 'BA', 'BB', 'BD', 'BE', 'BF', 'BG', 'BH', 'BI', 'BJ', 'BL', 'BM', 'BN', 'BO', 'BQ', 'BR', 'BS', 'BT', '...</msg>
<var>${list_country}</var>
<arg>AD</arg>
<arg>AE</arg>
<arg>AF</arg>
<arg>AG</arg>
<arg>AI</arg>
<arg>AL</arg>
<arg>AM</arg>
<arg>AO</arg>
<arg>AQ</arg>
<arg>AR</arg>
<arg>AS</arg>
<arg>AT</arg>
<arg>AU</arg>
<arg>AW</arg>
<arg>AX</arg>
<arg>AZ</arg>
<arg>BA</arg>
<arg>BB</arg>
<arg>BD</arg>
<arg>BE</arg>
<arg>BF</arg>
<arg>BG</arg>
<arg>BH</arg>
<arg>BI</arg>
<arg>BJ</arg>
<arg>BL</arg>
<arg>BM</arg>
<arg>BN</arg>
<arg>BO</arg>
<arg>BQ</arg>
<arg>BR</arg>
<arg>BS</arg>
<arg>BT</arg>
<arg>BV</arg>
<arg>BW</arg>
<arg>BY</arg>
<arg>BZ</arg>
<arg>CA</arg>
<arg>CC</arg>
<arg>CD</arg>
<arg>CF</arg>
<arg>CG</arg>
<arg>CH</arg>
<arg>CI</arg>
<arg>CK</arg>
<arg>CL</arg>
<arg>CM</arg>
<arg>CN</arg>
<arg>CO</arg>
<arg>CR</arg>
<arg>CU</arg>
<arg>CV</arg>
<arg>CW</arg>
<arg>CX</arg>
<arg>CY</arg>
<arg>CZ</arg>
<arg>DE</arg>
<arg>DJ</arg>
<arg>DK</arg>
<arg>DM</arg>
<arg>DO</arg>
<arg>DZ</arg>
<arg>EC</arg>
<arg>EE</arg>
<arg>EG</arg>
<arg>EH</arg>
<arg>ER</arg>
<arg>ES</arg>
<arg>ET</arg>
<arg>FI</arg>
<arg>FJ</arg>
<arg>FK</arg>
<arg>FM</arg>
<arg>FO</arg>
<arg>FR</arg>
<arg>GA</arg>
<arg>GB</arg>
<arg>GD</arg>
<arg>GE</arg>
<arg>GF</arg>
<arg>GG</arg>
<arg>GH</arg>
<arg>GI</arg>
<arg>GL</arg>
<arg>GM</arg>
<arg>GN</arg>
<arg>GP</arg>
<arg>GQ</arg>
<arg>GR</arg>
<arg>GS</arg>
<arg>GT</arg>
<arg>GU</arg>
<arg>GW</arg>
<arg>GY</arg>
<arg>HK</arg>
<arg>HM</arg>
<arg>HN</arg>
<arg>HR</arg>
<arg>HT</arg>
<arg>HU</arg>
<arg>ID</arg>
<arg>IE</arg>
<arg>IL</arg>
<arg>IM</arg>
<arg>IN</arg>
<arg>IO</arg>
<arg>IQ</arg>
<arg>IR</arg>
<arg>IS</arg>
<arg>IT</arg>
<arg>JE</arg>
<arg>JM</arg>
<arg>JO</arg>
<arg>JP</arg>
<arg>KE</arg>
<arg>KG</arg>
<arg>KH</arg>
<arg>KI</arg>
<arg>KM</arg>
<arg>KN</arg>
<arg>KP</arg>
<arg>KR</arg>
<arg>KW</arg>
<arg>KY</arg>
<arg>KZ</arg>
<arg>LA</arg>
<arg>LB</arg>
<arg>LC</arg>
<arg>LI</arg>
<arg>LK</arg>
<arg>LR</arg>
<arg>LS</arg>
<arg>LT</arg>
<arg>LU</arg>
<arg>LV</arg>
<arg>LY</arg>
<arg>MA</arg>
<arg>MC</arg>
<arg>MD</arg>
<arg>ME</arg>
<arg>MF</arg>
<arg>MG</arg>
<arg>MH</arg>
<arg>MK</arg>
<arg>ML</arg>
<arg>MM</arg>
<arg>MN</arg>
<arg>MO</arg>
<arg>MP</arg>
<arg>MQ</arg>
<arg>MR</arg>
<arg>MS</arg>
<arg>MT</arg>
<arg>MU</arg>
<arg>MV</arg>
<arg>MW</arg>
<arg>MX</arg>
<arg>MY</arg>
<arg>MZ</arg>
<arg>NA</arg>
<arg>NC</arg>
<arg>NE</arg>
<arg>NF</arg>
<arg>NG</arg>
<arg>NI</arg>
<arg>NL</arg>
<arg>NO</arg>
<arg>NP</arg>
<arg>NR</arg>
<arg>NU</arg>
<arg>NZ</arg>
<arg>OM</arg>
<arg>PA</arg>
<arg>PE</arg>
<arg>PF</arg>
<arg>PG</arg>
<arg>PH</arg>
<arg>PK</arg>
<arg>PL</arg>
<arg>PM</arg>
<arg>PN</arg>
<arg>PR</arg>
<arg>PS</arg>
<arg>PT</arg>
<arg>PW</arg>
<arg>PY</arg>
<arg>QA</arg>
<arg>RE</arg>
<arg>RO</arg>
<arg>RS</arg>
<arg>RU</arg>
<arg>RW</arg>
<arg>SA</arg>
<arg>SB</arg>
<arg>SC</arg>
<arg>SD</arg>
<arg>SE</arg>
<arg>SG</arg>
<arg>SH</arg>
<arg>SI</arg>
<arg>SJ</arg>
<arg>SK</arg>
<arg>SL</arg>
<arg>SM</arg>
<arg>SN</arg>
<arg>SO</arg>
<arg>SR</arg>
<arg>SS</arg>
<arg>ST</arg>
<arg>SV</arg>
<arg>SX</arg>
<arg>SY</arg>
<arg>SZ</arg>
<arg>TC</arg>
<arg>TD</arg>
<arg>TF</arg>
<arg>TG</arg>
<arg>TH</arg>
<arg>TJ</arg>
<arg>TK</arg>
<arg>TL</arg>
<arg>TM</arg>
<arg>TN</arg>
<arg>TO</arg>
<arg>TR</arg>
<arg>TT</arg>
<arg>TV</arg>
<arg>TW</arg>
<arg>TZ</arg>
<arg>UA</arg>
<arg>UG</arg>
<arg>UM</arg>
<arg>US</arg>
<arg>UY</arg>
<arg>UZ</arg>
<arg>VA</arg>
<arg>VC</arg>
<arg>VE</arg>
<arg>VG</arg>
<arg>VI</arg>
<arg>VN</arg>
<arg>VU</arg>
<arg>WF</arg>
<arg>WS</arg>
<arg>XK</arg>
<arg>YE</arg>
<arg>YT</arg>
<arg>ZA</arg>
<arg>ZM</arg>
<arg>ZW</arg>
<doc>Returns a list containing given items.</doc>
<status status="PASS" start="2024-05-31T07:13:26.708648" elapsed="0.000656"/>
</kw>
<kw name="List Should Contain Value" owner="Collections">
<msg time="2024-05-31T07:13:26.710292" level="INFO">False</msg>
<arg>${list_country}</arg>
<arg>${name_country}</arg>
<doc>Fails if the ``value`` is not found from ``list``.</doc>
<status status="PASS" start="2024-05-31T07:13:26.710088" elapsed="0.000240"/>
</kw>
<kw name="Run Keyword If" owner="BuiltIn">
<kw name="Should Be True" owner="BuiltIn">
<arg>${True}</arg>
<doc>Fails if the given condition is not true.</doc>
<status status="PASS" start="2024-05-31T07:13:26.711401" elapsed="0.000147"/>
</kw>
<arg>${json_data["results"][0]["location"]["coordinates"]["latitude"]} &gt;= -90 and ${json_data["results"][0]["location"]["coordinates"]["latitude"]} &lt;= 90</arg>
<arg>Should Be True</arg>
<arg>${True}</arg>
<doc>Runs the given keyword with the given arguments, if ``condition`` is true.</doc>
<status status="PASS" start="2024-05-31T07:13:26.710644" elapsed="0.001032"/>
</kw>
<kw name="Run Keyword If" owner="BuiltIn">
<kw name="Should Be True" owner="BuiltIn">
<arg>${True}</arg>
<doc>Fails if the given condition is not true.</doc>
<status status="PASS" start="2024-05-31T07:13:26.712597" elapsed="0.000140"/>
</kw>
<arg>${json_data["results"][0]["location"]["coordinates"]["longitude"]} &gt;= -180 and ${json_data["results"][0]["location"]["coordinates"]["longitude"]} &lt;= 180</arg>
<arg>Should Be True</arg>
<arg>${True}</arg>
<doc>Runs the given keyword with the given arguments, if ``condition`` is true.</doc>
<status status="PASS" start="2024-05-31T07:13:26.711865" elapsed="0.001009"/>
</kw>
<status status="PASS" start="2024-05-31T07:13:26.620070" elapsed="0.092973"/>
</kw>
<doc>Testa o conteúdo específico dos campos retornados pela API.</doc>
<tag>testeConteudo</tag>
<status status="PASS" start="2024-05-31T07:13:26.619524" elapsed="0.093675"/>
</test>
<status status="PASS" start="2024-05-31T07:13:25.665838" elapsed="1.049331"/>
</suite>
<status status="PASS" start="2024-05-31T07:13:25.652059" elapsed="1.068397"/>
</suite>
<statistics>
<total>
<stat pass="5" fail="0" skip="0">All Tests</stat>
</total>
<tag>
<stat pass="1" fail="0" skip="0">testeConteudo</stat>
<stat pass="1" fail="0" skip="0">testeEstruturaResposta</stat>
<stat pass="1" fail="0" skip="0">testeRequisicaoBasica</stat>
<stat pass="1" fail="0" skip="0">testeTiposDados</stat>
</tag>
<suite>
<stat pass="5" fail="0" skip="0" id="s1" name="Tests">Tests</stat>
<stat pass="5" fail="0" skip="0" id="s1-s1" name="Random-User-Test">Tests.Random-User-Test</stat>
</suite>
</statistics>
<errors>
</errors>
</robot>
