<?xml version="1.0" encoding="UTF-8"?>
<robot generator="Robot 7.0.1 (Python 3.12.3 on linux)" generated="2024-06-15T06:19:12.644300" rpa="false" schemaversion="5">
<suite id="s1" name="Tests" source="/home/runner/work/ApiRandomUser/ApiRandomUser/RamdonUser/tests">
<suite id="s1-s1" name="Random-User-Test" source="/home/runner/work/ApiRandomUser/ApiRandomUser/RamdonUser/tests/random-user-test.robot">
<test id="s1-s1-t1" name="Conectar" line="13">
<kw name="Conectar API" owner="random-user-service">
<kw name="Create Session" owner="RequestsLibrary">
<msg time="2024-06-15T06:19:13.044040" level="INFO">Creating Session using : alias=consultarAPI, url=https://randomuser.me/, headers={},                     cookies={}, auth=None, timeout=None, proxies=None, verify=False,                     debug=0 </msg>
<arg>consultarAPI</arg>
<arg>${URL}</arg>
<doc>Create Session: create a HTTP session to a server</doc>
<status status="PASS" start="2024-06-15T06:19:13.043830" elapsed="0.000401"/>
</kw>
<status status="PASS" start="2024-06-15T06:19:13.042796" elapsed="0.001796"/>
</kw>
<status status="PASS" start="2024-06-15T06:19:13.042205" elapsed="0.002578"/>
</test>
<test id="s1-s1-t2" name="Validar retorno 200 e JSON Válido" line="16">
<kw name="Teste de Requisicao Basica" owner="random-user-service">
<kw name="GET On Session" owner="RequestsLibrary">
<msg time="2024-06-15T06:19:13.216964" level="INFO">GET Request : url=https://randomuser.me/api 
 path_url=/api 
 headers={'User-Agent': 'python-requests/2.32.3', 'Accept-Encoding': 'gzip, deflate', 'Accept': '*/*', 'Connection': 'keep-alive'} 
 body=None 
 </msg>
<msg time="2024-06-15T06:19:13.217114" level="INFO">GET Response : url=https://randomuser.me/api 
 status=200, reason=OK 
 headers={'Date': 'Sat, 15 Jun 2024 06:19:13 GMT', 'Content-Type': 'application/json; charset=utf-8', 'Transfer-Encoding': 'chunked', 'Connection': 'keep-alive', 'X-Powered-By': 'Express', 'Access-Control-Allow-Origin': '*', 'Cache-Control': 'no-cache', 'ETag': 'W/"487-/Ur7uy4AMxvPdtWnVlPfxfgrt+Y"', 'Vary': 'Accept-Encoding', 'Content-Encoding': 'gzip', 'CF-Cache-Status': 'DYNAMIC', 'Report-To': '{"endpoints":[{"url":"https:\\/\\/a.nel.cloudflare.com\\/report\\/v4?s=sChy965Zwqa6Zs8bEpKZTLEo5NHCl7sDBc6ll20H9tKUNyCX83urHhqfEjiWKJvZaEJxHjCqQ%2FNYT2kwsfoth9bg8G7D414a%2F5sDyE22XDejKbSJuqv8%2B8Y9yHRhqbkZ"}],"group":"cf-nel","max_age":604800}', 'NEL': '{"success_fraction":0,"report_to":"cf-nel","max_age":604800}', 'Server': 'cloudflare', 'CF-RAY': '8940727f6ff807d4-IAD', 'alt-svc': 'h3=":443"; ma=86400'} 
 body={"results":[{"gender":"male","name":{"title":"Mr","first":"Miladin","last":"Kralj"},"location":{"street":{"number":3565,"name":"Palih Boraca"},"city":"Irig","state":"Bor","country":"Serbia","postcode":77073,"coordinates":{"latitude":"56.7454","longitude":"-106.2963"},"timezone":{"offset":"-4:00","description":"Atlantic Time (Canada), Caracas, La Paz"}},"email":"miladin.kralj@example.com","login":{"uuid":"7545940b-603f-4c82-be34-f8744b0278a6","username":"brownelephant964","password":"swords","salt":"Aap8VHl8","md5":"7dcfe7d29d7594ef8f9b6a1cf6e51ef5","sha1":"b0b53a7b77815cb152eddf70b39e52b474bc5ab7","sha256":"fc492642cc29aefcecaecd6c4b5887bb0ab9df2c80ae39f3ef069bcbd4961961"},"dob":{"date":"1973-06-30T12:04:03.845Z","age":50},"registered":{"date":"2011-06-19T21:48:48.463Z","age":12},"phone":"017-0145-630","cell":"062-7299-702","id":{"name":"SID","value":"139791167"},"picture":{"large":"https://randomuser.me/api/portraits/men/28.jpg","medium":"https://randomuser.me/api/portraits/med/men/28.jpg","thumbnail":"https://randomuser.me/api/portraits/thumb/men/28.jpg"},"nat":"RS"}],"info":{"seed":"d5964a1ee1b337a6","results":1,"page":1,"version":"1.4"}} 
 </msg>
<msg time="2024-06-15T06:19:13.217194" level="INFO">/opt/hostedtoolcache/Python/3.12.3/x64/lib/python3.12/site-packages/urllib3/connectionpool.py:1103: InsecureRequestWarning: Unverified HTTPS request is being made to host 'randomuser.me'. Adding certificate verification is strongly advised. See: https://urllib3.readthedocs.io/en/latest/advanced-usage.html#tls-warnings
  warnings.warn(</msg>
<msg time="2024-06-15T06:19:13.217356" level="INFO">${response} = &lt;Response [200]&gt;</msg>
<var>${response}</var>
<arg>consultarAPI</arg>
<arg>/api</arg>
<doc>Sends a GET request on a previously created HTTP Session.</doc>
<status status="PASS" start="2024-06-15T06:19:13.047334" elapsed="0.170066"/>
</kw>
<kw name="Should Be Equal As Numbers" owner="BuiltIn">
<msg time="2024-06-15T06:19:13.218350" level="INFO">Argument types are:
&lt;class 'int'&gt;
&lt;class 'str'&gt;</msg>
<arg>${response.status_code}</arg>
<arg>200</arg>
<doc>Fails if objects are unequal after converting them to real numbers.</doc>
<status status="PASS" start="2024-06-15T06:19:13.217900" elapsed="0.000524"/>
</kw>
<kw name="Log" owner="BuiltIn">
<msg time="2024-06-15T06:19:13.219134" level="INFO">200</msg>
<arg>${response.status_code}</arg>
<doc>Logs the given message with the given level.</doc>
<status status="PASS" start="2024-06-15T06:19:13.218771" elapsed="0.000411"/>
</kw>
<kw name="Set Variable" owner="BuiltIn">
<msg time="2024-06-15T06:19:13.219958" level="INFO">${json_data} = {'results': [{'gender': 'male', 'name': {'title': 'Mr', 'first': 'Miladin', 'last': 'Kralj'}, 'location': {'street': {'number': 3565, 'name': 'Palih Boraca'}, 'city': 'Irig', 'state': 'Bor', 'country'...</msg>
<var>${json_data}</var>
<arg>${response.json()}</arg>
<doc>Returns the given values which can then be assigned to a variables.</doc>
<status status="PASS" start="2024-06-15T06:19:13.219491" elapsed="0.000496"/>
</kw>
<kw name="Dictionary Should Contain Key" owner="Collections">
<arg>${json_data}</arg>
<arg>results</arg>
<doc>Fails if ``key`` is not found from ``dictionary``.</doc>
<status status="PASS" start="2024-06-15T06:19:13.220290" elapsed="0.000167"/>
</kw>
<status status="PASS" start="2024-06-15T06:19:13.047099" elapsed="0.173513"/>
</kw>
<doc>Testa se a API responde corretamente e retorna um objeto JSON válido.</doc>
<tag>testeRequisicaoBasica</tag>
<status status="PASS" start="2024-06-15T06:19:13.046645" elapsed="0.174144"/>
</test>
<test id="s1-s1-t3" name="Validar estrutura de resposta" line="22">
<kw name="Teste de Estrutura de Resposta" owner="random-user-service">
<kw name="GET On Session" owner="RequestsLibrary">
<msg time="2024-06-15T06:19:13.334926" level="INFO">GET Request : url=https://randomuser.me/api 
 path_url=/api 
 headers={'User-Agent': 'python-requests/2.32.3', 'Accept-Encoding': 'gzip, deflate', 'Accept': '*/*', 'Connection': 'keep-alive'} 
 body=None 
 </msg>
<msg time="2024-06-15T06:19:13.335040" level="INFO">GET Response : url=https://randomuser.me/api 
 status=200, reason=OK 
 headers={'Date': 'Sat, 15 Jun 2024 06:19:13 GMT', 'Content-Type': 'application/json; charset=utf-8', 'Transfer-Encoding': 'chunked', 'Connection': 'keep-alive', 'X-Powered-By': 'Express', 'Access-Control-Allow-Origin': '*', 'Cache-Control': 'no-cache', 'ETag': 'W/"486-/UpvLCgJFZf3KC/FtYB0kDQG5xQ"', 'Vary': 'Accept-Encoding', 'Content-Encoding': 'gzip', 'CF-Cache-Status': 'DYNAMIC', 'Report-To': '{"endpoints":[{"url":"https:\\/\\/a.nel.cloudflare.com\\/report\\/v4?s=CewGc2eWLr8TPtS6g%2FswIWjvpoicmyptwLH7nRGb9kxb3auxmqPFecWmjNmm4kAp5zpq%2BJb7XMK3bLFih3oAWSrSUZM8M9uLr%2BpARCoWk8GkkxpkT9zdz9UmHoJ9aX6m"}],"group":"cf-nel","max_age":604800}', 'NEL': '{"success_fraction":0,"report_to":"cf-nel","max_age":604800}', 'Server': 'cloudflare', 'CF-RAY': '8940727fa83c07d4-IAD', 'alt-svc': 'h3=":443"; ma=86400'} 
 body={"results":[{"gender":"female","name":{"title":"Miss","first":"Heather","last":"Banks"},"location":{"street":{"number":9652,"name":"Galway Road"},"city":"Skerries","state":"Leitrim","country":"Ireland","postcode":64661,"coordinates":{"latitude":"-0.1324","longitude":"152.8953"},"timezone":{"offset":"-11:00","description":"Midway Island, Samoa"}},"email":"heather.banks@example.com","login":{"uuid":"6010f3d7-95d2-40b4-8079-77906b46a4cb","username":"organicladybug514","password":"jeter2","salt":"t2idTsqa","md5":"8f11550a1d72272b06b6a423df502a9e","sha1":"9713ab58a7d8de3cbb4fea7386579343bd5e4ea1","sha256":"e022ffb179ec09e67f1e0511ebfd72248dac90ac334872a01c8b952b1777eadc"},"dob":{"date":"1978-04-24T21:45:48.190Z","age":46},"registered":{"date":"2002-03-29T14:28:23.047Z","age":22},"phone":"061-236-2866","cell":"081-036-8796","id":{"name":"PPS","value":"9627074T"},"picture":{"large":"https://randomuser.me/api/portraits/women/41.jpg","medium":"https://randomuser.me/api/portraits/med/women/41.jpg","thumbnail":"https://randomuser.me/api/portraits/thumb/women/41.jpg"},"nat":"IE"}],"info":{"seed":"fc19c6cb3b4465f2","results":1,"page":1,"version":"1.4"}} 
 </msg>
<msg time="2024-06-15T06:19:13.335181" level="INFO">/opt/hostedtoolcache/Python/3.12.3/x64/lib/python3.12/site-packages/urllib3/connectionpool.py:1103: InsecureRequestWarning: Unverified HTTPS request is being made to host 'randomuser.me'. Adding certificate verification is strongly advised. See: https://urllib3.readthedocs.io/en/latest/advanced-usage.html#tls-warnings
  warnings.warn(</msg>
<msg time="2024-06-15T06:19:13.335349" level="INFO">${response} = &lt;Response [200]&gt;</msg>
<var>${response}</var>
<arg>consultarAPI</arg>
<arg>/api</arg>
<doc>Sends a GET request on a previously created HTTP Session.</doc>
<status status="PASS" start="2024-06-15T06:19:13.223385" elapsed="0.112012"/>
</kw>
<kw name="Set Variable" owner="BuiltIn">
<msg time="2024-06-15T06:19:13.336474" level="INFO">${json_data} = {'results': [{'gender': 'female', 'name': {'title': 'Miss', 'first': 'Heather', 'last': 'Banks'}, 'location': {'street': {'number': 9652, 'name': 'Galway Road'}, 'city': 'Skerries', 'state': 'Leitrim'...</msg>
<var>${json_data}</var>
<arg>${response.json()}</arg>
<doc>Returns the given values which can then be assigned to a variables.</doc>
<status status="PASS" start="2024-06-15T06:19:13.335946" elapsed="0.000559"/>
</kw>
<kw name="Log" owner="BuiltIn">
<msg time="2024-06-15T06:19:13.336986" level="INFO">{'results': [{'gender': 'female', 'name': {'title': 'Miss', 'first': 'Heather', 'last': 'Banks'}, 'location': {'street': {'number': 9652, 'name': 'Galway Road'}, 'city': 'Skerries', 'state': 'Leitrim', 'country': 'Ireland', 'postcode': 64661, 'coordinates': {'latitude': '-0.1324', 'longitude': '152.8953'}, 'timezone': {'offset': '-11:00', 'description': 'Midway Island, Samoa'}}, 'email': 'heather.banks@example.com', 'login': {'uuid': '6010f3d7-95d2-40b4-8079-77906b46a4cb', 'username': 'organicladybug514', 'password': 'jeter2', 'salt': 't2idTsqa', 'md5': '8f11550a1d72272b06b6a423df502a9e', 'sha1': '9713ab58a7d8de3cbb4fea7386579343bd5e4ea1', 'sha256': 'e022ffb179ec09e67f1e0511ebfd72248dac90ac334872a01c8b952b1777eadc'}, 'dob': {'date': '1978-04-24T21:45:48.190Z', 'age': 46}, 'registered': {'date': '2002-03-29T14:28:23.047Z', 'age': 22}, 'phone': '061-236-2866', 'cell': '081-036-8796', 'id': {'name': 'PPS', 'value': '9627074T'}, 'picture': {'large': 'https://randomuser.me/api/portraits/women/41.jpg', 'medium': 'https://randomuser.me/api/portraits/med/women/41.jpg', 'thumbnail': 'https://randomuser.me/api/portraits/thumb/women/41.jpg'}, 'nat': 'IE'}], 'info': {'seed': 'fc19c6cb3b4465f2', 'results': 1, 'page': 1, 'version': '1.4'}}</msg>
<arg>${json_data}</arg>
<doc>Logs the given message with the given level.</doc>
<status status="PASS" start="2024-06-15T06:19:13.336822" elapsed="0.000218"/>
</kw>
<kw name="Dictionary Should Contain Key" owner="Collections">
<arg>${json_data}</arg>
<arg>results</arg>
<doc>Fails if ``key`` is not found from ``dictionary``.</doc>
<status status="PASS" start="2024-06-15T06:19:13.337340" elapsed="0.000164"/>
</kw>
<kw name="Should Not Be Empty" owner="BuiltIn">
<msg time="2024-06-15T06:19:13.337831" level="INFO">Length is 2.</msg>
<arg>${json_data}</arg>
<doc>Verifies that the given item is not empty.</doc>
<status status="PASS" start="2024-06-15T06:19:13.337699" elapsed="0.000177"/>
</kw>
<kw name="Create List" owner="BuiltIn">
<msg time="2024-06-15T06:19:13.338319" level="INFO">${expected_keys} = ['gender', 'name', 'location', 'email', 'login']</msg>
<var>${expected_keys}</var>
<arg>gender</arg>
<arg>name</arg>
<arg>location</arg>
<arg>email</arg>
<arg>login</arg>
<doc>Returns a list containing given items.</doc>
<status status="PASS" start="2024-06-15T06:19:13.338168" elapsed="0.000175"/>
</kw>
<for flavor="IN">
<iter>
<kw name="Dictionary Should Contain Key" owner="Collections">
<arg>${json_data['results'][0]}</arg>
<arg>${key}</arg>
<doc>Fails if ``key`` is not found from ``dictionary``.</doc>
<status status="PASS" start="2024-06-15T06:19:13.339099" elapsed="0.000405"/>
</kw>
<kw name="Log" owner="BuiltIn">
<msg time="2024-06-15T06:19:13.340094" level="INFO">{'gender': 'female', 'name': {'title': 'Miss', 'first': 'Heather', 'last': 'Banks'}, 'location': {'street': {'number': 9652, 'name': 'Galway Road'}, 'city': 'Skerries', 'state': 'Leitrim', 'country': 'Ireland', 'postcode': 64661, 'coordinates': {'latitude': '-0.1324', 'longitude': '152.8953'}, 'timezone': {'offset': '-11:00', 'description': 'Midway Island, Samoa'}}, 'email': 'heather.banks@example.com', 'login': {'uuid': '6010f3d7-95d2-40b4-8079-77906b46a4cb', 'username': 'organicladybug514', 'password': 'jeter2', 'salt': 't2idTsqa', 'md5': '8f11550a1d72272b06b6a423df502a9e', 'sha1': '9713ab58a7d8de3cbb4fea7386579343bd5e4ea1', 'sha256': 'e022ffb179ec09e67f1e0511ebfd72248dac90ac334872a01c8b952b1777eadc'}, 'dob': {'date': '1978-04-24T21:45:48.190Z', 'age': 46}, 'registered': {'date': '2002-03-29T14:28:23.047Z', 'age': 22}, 'phone': '061-236-2866', 'cell': '081-036-8796', 'id': {'name': 'PPS', 'value': '9627074T'}, 'picture': {'large': 'https://randomuser.me/api/portraits/women/41.jpg', 'medium': 'https://randomuser.me/api/portraits/med/women/41.jpg', 'thumbnail': 'https://randomuser.me/api/portraits/thumb/women/41.jpg'}, 'nat': 'IE'}</msg>
<arg>${json_data['results'][0]}</arg>
<doc>Logs the given message with the given level.</doc>
<status status="PASS" start="2024-06-15T06:19:13.339726" elapsed="0.000427"/>
</kw>
<kw name="Log" owner="BuiltIn">
<msg time="2024-06-15T06:19:13.340585" level="INFO">gender</msg>
<arg>${key}</arg>
<doc>Logs the given message with the given level.</doc>
<status status="PASS" start="2024-06-15T06:19:13.340455" elapsed="0.000170"/>
</kw>
<var name="${key}">gender</var>
<status status="PASS" start="2024-06-15T06:19:13.338968" elapsed="0.001877"/>
</iter>
<iter>
<kw name="Dictionary Should Contain Key" owner="Collections">
<arg>${json_data['results'][0]}</arg>
<arg>${key}</arg>
<doc>Fails if ``key`` is not found from ``dictionary``.</doc>
<status status="PASS" start="2024-06-15T06:19:13.341147" elapsed="0.000397"/>
</kw>
<kw name="Log" owner="BuiltIn">
<msg time="2024-06-15T06:19:13.342089" level="INFO">{'gender': 'female', 'name': {'title': 'Miss', 'first': 'Heather', 'last': 'Banks'}, 'location': {'street': {'number': 9652, 'name': 'Galway Road'}, 'city': 'Skerries', 'state': 'Leitrim', 'country': 'Ireland', 'postcode': 64661, 'coordinates': {'latitude': '-0.1324', 'longitude': '152.8953'}, 'timezone': {'offset': '-11:00', 'description': 'Midway Island, Samoa'}}, 'email': 'heather.banks@example.com', 'login': {'uuid': '6010f3d7-95d2-40b4-8079-77906b46a4cb', 'username': 'organicladybug514', 'password': 'jeter2', 'salt': 't2idTsqa', 'md5': '8f11550a1d72272b06b6a423df502a9e', 'sha1': '9713ab58a7d8de3cbb4fea7386579343bd5e4ea1', 'sha256': 'e022ffb179ec09e67f1e0511ebfd72248dac90ac334872a01c8b952b1777eadc'}, 'dob': {'date': '1978-04-24T21:45:48.190Z', 'age': 46}, 'registered': {'date': '2002-03-29T14:28:23.047Z', 'age': 22}, 'phone': '061-236-2866', 'cell': '081-036-8796', 'id': {'name': 'PPS', 'value': '9627074T'}, 'picture': {'large': 'https://randomuser.me/api/portraits/women/41.jpg', 'medium': 'https://randomuser.me/api/portraits/med/women/41.jpg', 'thumbnail': 'https://randomuser.me/api/portraits/thumb/women/41.jpg'}, 'nat': 'IE'}</msg>
<arg>${json_data['results'][0]}</arg>
<doc>Logs the given message with the given level.</doc>
<status status="PASS" start="2024-06-15T06:19:13.341735" elapsed="0.000435"/>
</kw>
<kw name="Log" owner="BuiltIn">
<msg time="2024-06-15T06:19:13.342602" level="INFO">name</msg>
<arg>${key}</arg>
<doc>Logs the given message with the given level.</doc>
<status status="PASS" start="2024-06-15T06:19:13.342472" elapsed="0.000168"/>
</kw>
<var name="${key}">name</var>
<status status="PASS" start="2024-06-15T06:19:13.341033" elapsed="0.001824"/>
</iter>
<iter>
<kw name="Dictionary Should Contain Key" owner="Collections">
<arg>${json_data['results'][0]}</arg>
<arg>${key}</arg>
<doc>Fails if ``key`` is not found from ``dictionary``.</doc>
<status status="PASS" start="2024-06-15T06:19:13.343148" elapsed="0.000381"/>
</kw>
<kw name="Log" owner="BuiltIn">
<msg time="2024-06-15T06:19:13.344091" level="INFO">{'gender': 'female', 'name': {'title': 'Miss', 'first': 'Heather', 'last': 'Banks'}, 'location': {'street': {'number': 9652, 'name': 'Galway Road'}, 'city': 'Skerries', 'state': 'Leitrim', 'country': 'Ireland', 'postcode': 64661, 'coordinates': {'latitude': '-0.1324', 'longitude': '152.8953'}, 'timezone': {'offset': '-11:00', 'description': 'Midway Island, Samoa'}}, 'email': 'heather.banks@example.com', 'login': {'uuid': '6010f3d7-95d2-40b4-8079-77906b46a4cb', 'username': 'organicladybug514', 'password': 'jeter2', 'salt': 't2idTsqa', 'md5': '8f11550a1d72272b06b6a423df502a9e', 'sha1': '9713ab58a7d8de3cbb4fea7386579343bd5e4ea1', 'sha256': 'e022ffb179ec09e67f1e0511ebfd72248dac90ac334872a01c8b952b1777eadc'}, 'dob': {'date': '1978-04-24T21:45:48.190Z', 'age': 46}, 'registered': {'date': '2002-03-29T14:28:23.047Z', 'age': 22}, 'phone': '061-236-2866', 'cell': '081-036-8796', 'id': {'name': 'PPS', 'value': '9627074T'}, 'picture': {'large': 'https://randomuser.me/api/portraits/women/41.jpg', 'medium': 'https://randomuser.me/api/portraits/med/women/41.jpg', 'thumbnail': 'https://randomuser.me/api/portraits/thumb/women/41.jpg'}, 'nat': 'IE'}</msg>
<arg>${json_data['results'][0]}</arg>
<doc>Logs the given message with the given level.</doc>
<status status="PASS" start="2024-06-15T06:19:13.343737" elapsed="0.000402"/>
</kw>
<kw name="Log" owner="BuiltIn">
<msg time="2024-06-15T06:19:13.344572" level="INFO">location</msg>
<arg>${key}</arg>
<doc>Logs the given message with the given level.</doc>
<status status="PASS" start="2024-06-15T06:19:13.344438" elapsed="0.000170"/>
</kw>
<var name="${key}">location</var>
<status status="PASS" start="2024-06-15T06:19:13.343037" elapsed="0.001786"/>
</iter>
<iter>
<kw name="Dictionary Should Contain Key" owner="Collections">
<arg>${json_data['results'][0]}</arg>
<arg>${key}</arg>
<doc>Fails if ``key`` is not found from ``dictionary``.</doc>
<status status="PASS" start="2024-06-15T06:19:13.345184" elapsed="0.000625"/>
</kw>
<kw name="Log" owner="BuiltIn">
<msg time="2024-06-15T06:19:13.346660" level="INFO">{'gender': 'female', 'name': {'title': 'Miss', 'first': 'Heather', 'last': 'Banks'}, 'location': {'street': {'number': 9652, 'name': 'Galway Road'}, 'city': 'Skerries', 'state': 'Leitrim', 'country': 'Ireland', 'postcode': 64661, 'coordinates': {'latitude': '-0.1324', 'longitude': '152.8953'}, 'timezone': {'offset': '-11:00', 'description': 'Midway Island, Samoa'}}, 'email': 'heather.banks@example.com', 'login': {'uuid': '6010f3d7-95d2-40b4-8079-77906b46a4cb', 'username': 'organicladybug514', 'password': 'jeter2', 'salt': 't2idTsqa', 'md5': '8f11550a1d72272b06b6a423df502a9e', 'sha1': '9713ab58a7d8de3cbb4fea7386579343bd5e4ea1', 'sha256': 'e022ffb179ec09e67f1e0511ebfd72248dac90ac334872a01c8b952b1777eadc'}, 'dob': {'date': '1978-04-24T21:45:48.190Z', 'age': 46}, 'registered': {'date': '2002-03-29T14:28:23.047Z', 'age': 22}, 'phone': '061-236-2866', 'cell': '081-036-8796', 'id': {'name': 'PPS', 'value': '9627074T'}, 'picture': {'large': 'https://randomuser.me/api/portraits/women/41.jpg', 'medium': 'https://randomuser.me/api/portraits/med/women/41.jpg', 'thumbnail': 'https://randomuser.me/api/portraits/thumb/women/41.jpg'}, 'nat': 'IE'}</msg>
<arg>${json_data['results'][0]}</arg>
<doc>Logs the given message with the given level.</doc>
<status status="PASS" start="2024-06-15T06:19:13.346086" elapsed="0.000659"/>
</kw>
<kw name="Log" owner="BuiltIn">
<msg time="2024-06-15T06:19:13.347395" level="INFO">email</msg>
<arg>${key}</arg>
<doc>Logs the given message with the given level.</doc>
<status status="PASS" start="2024-06-15T06:19:13.347188" elapsed="0.000276"/>
</kw>
<var name="${key}">email</var>
<status status="PASS" start="2024-06-15T06:19:13.345022" elapsed="0.002831"/>
</iter>
<iter>
<kw name="Dictionary Should Contain Key" owner="Collections">
<arg>${json_data['results'][0]}</arg>
<arg>${key}</arg>
<doc>Fails if ``key`` is not found from ``dictionary``.</doc>
<status status="PASS" start="2024-06-15T06:19:13.348338" elapsed="0.000658"/>
</kw>
<kw name="Log" owner="BuiltIn">
<msg time="2024-06-15T06:19:13.349924" level="INFO">{'gender': 'female', 'name': {'title': 'Miss', 'first': 'Heather', 'last': 'Banks'}, 'location': {'street': {'number': 9652, 'name': 'Galway Road'}, 'city': 'Skerries', 'state': 'Leitrim', 'country': 'Ireland', 'postcode': 64661, 'coordinates': {'latitude': '-0.1324', 'longitude': '152.8953'}, 'timezone': {'offset': '-11:00', 'description': 'Midway Island, Samoa'}}, 'email': 'heather.banks@example.com', 'login': {'uuid': '6010f3d7-95d2-40b4-8079-77906b46a4cb', 'username': 'organicladybug514', 'password': 'jeter2', 'salt': 't2idTsqa', 'md5': '8f11550a1d72272b06b6a423df502a9e', 'sha1': '9713ab58a7d8de3cbb4fea7386579343bd5e4ea1', 'sha256': 'e022ffb179ec09e67f1e0511ebfd72248dac90ac334872a01c8b952b1777eadc'}, 'dob': {'date': '1978-04-24T21:45:48.190Z', 'age': 46}, 'registered': {'date': '2002-03-29T14:28:23.047Z', 'age': 22}, 'phone': '061-236-2866', 'cell': '081-036-8796', 'id': {'name': 'PPS', 'value': '9627074T'}, 'picture': {'large': 'https://randomuser.me/api/portraits/women/41.jpg', 'medium': 'https://randomuser.me/api/portraits/med/women/41.jpg', 'thumbnail': 'https://randomuser.me/api/portraits/thumb/women/41.jpg'}, 'nat': 'IE'}</msg>
<arg>${json_data['results'][0]}</arg>
<doc>Logs the given message with the given level.</doc>
<status status="PASS" start="2024-06-15T06:19:13.349307" elapsed="0.000698"/>
</kw>
<kw name="Log" owner="BuiltIn">
<msg time="2024-06-15T06:19:13.350669" level="INFO">login</msg>
<arg>${key}</arg>
<doc>Logs the given message with the given level.</doc>
<status status="PASS" start="2024-06-15T06:19:13.350457" elapsed="0.000281"/>
</kw>
<var name="${key}">login</var>
<status status="PASS" start="2024-06-15T06:19:13.348148" elapsed="0.002928"/>
</iter>
<var>${key}</var>
<value>@{expected_keys}</value>
<status status="PASS" start="2024-06-15T06:19:13.338769" elapsed="0.012495"/>
</for>
<kw name="Create List" owner="BuiltIn">
<msg time="2024-06-15T06:19:13.351837" level="INFO">${expected_keysTwo} = ['username', 'password']</msg>
<var>${expected_keysTwo}</var>
<arg>username</arg>
<arg>password</arg>
<doc>Returns a list containing given items.</doc>
<status status="PASS" start="2024-06-15T06:19:13.351573" elapsed="0.000307"/>
</kw>
<for flavor="IN">
<iter>
<kw name="Dictionary Should Contain Key" owner="Collections">
<arg>${json_data['results'][0]['login']}</arg>
<arg>${keyTwo}</arg>
<doc>Fails if ``key`` is not found from ``dictionary``.</doc>
<status status="PASS" start="2024-06-15T06:19:13.352726" elapsed="0.000630"/>
</kw>
<kw name="Dictionary Should Contain Key" owner="Collections">
<arg>${json_data['results'][0]['login']}</arg>
<arg>${keyTwo}</arg>
<doc>Fails if ``key`` is not found from ``dictionary``.</doc>
<status status="PASS" start="2024-06-15T06:19:13.353684" elapsed="0.000627"/>
</kw>
<kw name="Log" owner="BuiltIn">
<msg time="2024-06-15T06:19:13.354817" level="INFO">username</msg>
<arg>${keyTwo}</arg>
<doc>Logs the given message with the given level.</doc>
<status status="PASS" start="2024-06-15T06:19:13.354605" elapsed="0.000284"/>
</kw>
<var name="${keyTwo}">username</var>
<status status="PASS" start="2024-06-15T06:19:13.352542" elapsed="0.002703"/>
</iter>
<iter>
<kw name="Dictionary Should Contain Key" owner="Collections">
<arg>${json_data['results'][0]['login']}</arg>
<arg>${keyTwo}</arg>
<doc>Fails if ``key`` is not found from ``dictionary``.</doc>
<status status="PASS" start="2024-06-15T06:19:13.355754" elapsed="0.000682"/>
</kw>
<kw name="Dictionary Should Contain Key" owner="Collections">
<arg>${json_data['results'][0]['login']}</arg>
<arg>${keyTwo}</arg>
<doc>Fails if ``key`` is not found from ``dictionary``.</doc>
<status status="PASS" start="2024-06-15T06:19:13.356728" elapsed="0.000642"/>
</kw>
<kw name="Log" owner="BuiltIn">
<msg time="2024-06-15T06:19:13.357885" level="INFO">password</msg>
<arg>${keyTwo}</arg>
<doc>Logs the given message with the given level.</doc>
<status status="PASS" start="2024-06-15T06:19:13.357679" elapsed="0.000270"/>
</kw>
<var name="${keyTwo}">password</var>
<status status="PASS" start="2024-06-15T06:19:13.355545" elapsed="0.002758"/>
</iter>
<var>${keyTwo}</var>
<value>@{expected_keysTwo}</value>
<status status="PASS" start="2024-06-15T06:19:13.352284" elapsed="0.006221"/>
</for>
<status status="PASS" start="2024-06-15T06:19:13.223146" elapsed="0.135590"/>
</kw>
<doc>Testa a estrutura da resposta da API.</doc>
<tag>testeEstruturaResposta</tag>
<status status="PASS" start="2024-06-15T06:19:13.222649" elapsed="0.136369"/>
</test>
<test id="s1-s1-t4" name="Validar tipos de dados" line="28">
<kw name="Teste de Tipos de Dados" owner="random-user-service">
<kw name="GET On Session" owner="RequestsLibrary">
<msg time="2024-06-15T06:19:13.417153" level="INFO">GET Request : url=https://randomuser.me/api 
 path_url=/api 
 headers={'User-Agent': 'python-requests/2.32.3', 'Accept-Encoding': 'gzip, deflate', 'Accept': '*/*', 'Connection': 'keep-alive'} 
 body=None 
 </msg>
<msg time="2024-06-15T06:19:13.417256" level="INFO">GET Response : url=https://randomuser.me/api 
 status=200, reason=OK 
 headers={'Date': 'Sat, 15 Jun 2024 06:19:13 GMT', 'Content-Type': 'application/json; charset=utf-8', 'Transfer-Encoding': 'chunked', 'Connection': 'keep-alive', 'X-Powered-By': 'Express', 'Access-Control-Allow-Origin': '*', 'Cache-Control': 'no-cache', 'ETag': 'W/"492-xhb4EptxZnNpBp0XFcoP/24d0wo"', 'Vary': 'Accept-Encoding', 'Content-Encoding': 'gzip', 'CF-Cache-Status': 'DYNAMIC', 'Report-To': '{"endpoints":[{"url":"https:\\/\\/a.nel.cloudflare.com\\/report\\/v4?s=L5rIYMMZY3Kv%2F4rqfNip010iDoa2vVy%2BPHXOl8dakwiX0UhU6Cewi%2B%2F5Jeol4xxKp6pvUHpw7YidCxppyNBaRq6%2FARHyR9Unv0Vylwln4xSwwYN0t4dTgaxuE83zcOOS"}],"group":"cf-nel","max_age":604800}', 'NEL': '{"success_fraction":0,"report_to":"cf-nel","max_age":604800}', 'Server': 'cloudflare', 'CF-RAY': '89407280890d07d4-IAD', 'alt-svc': 'h3=":443"; ma=86400'} 
 body={"results":[{"gender":"female","name":{"title":"Ms","first":"Dolores","last":"Fox"},"location":{"street":{"number":3475,"name":"Eason Rd"},"city":"Sunshine Coast","state":"Victoria","country":"Australia","postcode":9288,"coordinates":{"latitude":"-87.9241","longitude":"23.0190"},"timezone":{"offset":"+4:00","description":"Abu Dhabi, Muscat, Baku, Tbilisi"}},"email":"dolores.fox@example.com","login":{"uuid":"44f953cc-d260-4359-8148-4aaab357633d","username":"orangeelephant669","password":"dragonfl","salt":"jxdptIdh","md5":"99f71d3e01d3ee6f36709c722bdde92e","sha1":"bd0ead3aa31772101fdd559ca8f57f203d3cff4b","sha256":"105b5ace27f58d9d90c8abd93f3fae63a2276906714a4ae44ef16a95d31e2484"},"dob":{"date":"1981-06-28T10:56:06.923Z","age":42},"registered":{"date":"2015-05-11T15:38:04.091Z","age":9},"phone":"02-3431-1824","cell":"0403-311-420","id":{"name":"TFN","value":"218171533"},"picture":{"large":"https://randomuser.me/api/portraits/women/71.jpg","medium":"https://randomuser.me/api/portraits/med/women/71.jpg","thumbnail":"https://randomuser.me/api/portraits/thumb/women/71.jpg"},"nat":"AU"}],"info":{"seed":"9256aaba337adb45","results":1,"page":1,"version":"1.4"}} 
 </msg>
<msg time="2024-06-15T06:19:13.417332" level="INFO">/opt/hostedtoolcache/Python/3.12.3/x64/lib/python3.12/site-packages/urllib3/connectionpool.py:1103: InsecureRequestWarning: Unverified HTTPS request is being made to host 'randomuser.me'. Adding certificate verification is strongly advised. See: https://urllib3.readthedocs.io/en/latest/advanced-usage.html#tls-warnings
  warnings.warn(</msg>
<msg time="2024-06-15T06:19:13.417474" level="INFO">${response} = &lt;Response [200]&gt;</msg>
<var>${response}</var>
<arg>consultarAPI</arg>
<arg>/api</arg>
<doc>Sends a GET request on a previously created HTTP Session.</doc>
<status status="PASS" start="2024-06-15T06:19:13.362221" elapsed="0.055300"/>
</kw>
<kw name="Set Variable" owner="BuiltIn">
<msg time="2024-06-15T06:19:13.418701" level="INFO">${json_data} = {'results': [{'gender': 'female', 'name': {'title': 'Ms', 'first': 'Dolores', 'last': 'Fox'}, 'location': {'street': {'number': 3475, 'name': 'Eason Rd'}, 'city': 'Sunshine Coast', 'state': 'Victoria'...</msg>
<var>${json_data}</var>
<arg>${response.json()}</arg>
<doc>Returns the given values which can then be assigned to a variables.</doc>
<status status="PASS" start="2024-06-15T06:19:13.418150" elapsed="0.000580"/>
</kw>
<kw name="Log" owner="BuiltIn">
<msg time="2024-06-15T06:19:13.419214" level="INFO">{'results': [{'gender': 'female', 'name': {'title': 'Ms', 'first': 'Dolores', 'last': 'Fox'}, 'location': {'street': {'number': 3475, 'name': 'Eason Rd'}, 'city': 'Sunshine Coast', 'state': 'Victoria', 'country': 'Australia', 'postcode': 9288, 'coordinates': {'latitude': '-87.9241', 'longitude': '23.0190'}, 'timezone': {'offset': '+4:00', 'description': 'Abu Dhabi, Muscat, Baku, Tbilisi'}}, 'email': 'dolores.fox@example.com', 'login': {'uuid': '44f953cc-d260-4359-8148-4aaab357633d', 'username': 'orangeelephant669', 'password': 'dragonfl', 'salt': 'jxdptIdh', 'md5': '99f71d3e01d3ee6f36709c722bdde92e', 'sha1': 'bd0ead3aa31772101fdd559ca8f57f203d3cff4b', 'sha256': '105b5ace27f58d9d90c8abd93f3fae63a2276906714a4ae44ef16a95d31e2484'}, 'dob': {'date': '1981-06-28T10:56:06.923Z', 'age': 42}, 'registered': {'date': '2015-05-11T15:38:04.091Z', 'age': 9}, 'phone': '02-3431-1824', 'cell': '0403-311-420', 'id': {'name': 'TFN', 'value': '218171533'}, 'picture': {'large': 'https://randomuser.me/api/portraits/women/71.jpg', 'medium': 'https://randomuser.me/api/portraits/med/women/71.jpg', 'thumbnail': 'https://randomuser.me/api/portraits/thumb/women/71.jpg'}, 'nat': 'AU'}], 'info': {'seed': '9256aaba337adb45', 'results': 1, 'page': 1, 'version': '1.4'}}</msg>
<arg>${json_data}</arg>
<doc>Logs the given message with the given level.</doc>
<status status="PASS" start="2024-06-15T06:19:13.419057" elapsed="0.000204"/>
</kw>
<kw name="Should Be String" owner="String">
<arg>${json_data['results'][0]['gender']}</arg>
<doc>Fails if the given ``item`` is not a string.</doc>
<status status="PASS" start="2024-06-15T06:19:13.419545" elapsed="0.000409"/>
</kw>
<kw name="Should Match Regexp" owner="BuiltIn">
<arg>${json_data['results'][0]['email']}</arg>
<arg>^[a-zA-Z0-9._%+-]+@[a-zA-Z0-9.-]+\.[a-zA-Z]{2,}$</arg>
<doc>Fails if ``string`` does not match ``pattern`` as a regular expression.</doc>
<status status="PASS" start="2024-06-15T06:19:13.420144" elapsed="0.000523"/>
</kw>
<kw name="Should Match Regexp" owner="BuiltIn">
<arg>${json_data['results'][0]['dob']['date']}</arg>
<arg>\\d{4}-\\d{2}-\\d{2}T\\d{2}:\\d{2}:\\d{2}\\.\\d{3}Z</arg>
<doc>Fails if ``string`` does not match ``pattern`` as a regular expression.</doc>
<status status="PASS" start="2024-06-15T06:19:13.420897" elapsed="0.000480"/>
</kw>
<kw name="Should Match Regexp" owner="BuiltIn">
<arg>${json_data['results'][0]['registered']['date']}</arg>
<arg>\\d{4}-\\d{2}-\\d{2}T\\d{2}:\\d{2}:\\d{2}\\.\\d{3}Z</arg>
<doc>Fails if ``string`` does not match ``pattern`` as a regular expression.</doc>
<status status="PASS" start="2024-06-15T06:19:13.421569" elapsed="0.000360"/>
</kw>
<kw name="Should Match Regexp" owner="BuiltIn">
<arg>${json_data['results'][0]['picture']['large']}</arg>
<arg>^https?://.*\.(?:png|jpe?g|gif|bmp)$</arg>
<doc>Fails if ``string`` does not match ``pattern`` as a regular expression.</doc>
<status status="PASS" start="2024-06-15T06:19:13.422112" elapsed="0.000447"/>
</kw>
<kw name="Should Match Regexp" owner="BuiltIn">
<arg>${json_data['results'][0]['picture']['medium']}</arg>
<arg>^https?://.*\.(?:png|jpe?g|gif|bmp)$</arg>
<doc>Fails if ``string`` does not match ``pattern`` as a regular expression.</doc>
<status status="PASS" start="2024-06-15T06:19:13.422749" elapsed="0.000354"/>
</kw>
<kw name="Should Match Regexp" owner="BuiltIn">
<arg>${json_data['results'][0]['picture']['thumbnail']}</arg>
<arg>^https?://.*\.(?:png|jpe?g|gif|bmp)$</arg>
<doc>Fails if ``string`` does not match ``pattern`` as a regular expression.</doc>
<status status="PASS" start="2024-06-15T06:19:13.423288" elapsed="0.000363"/>
</kw>
<kw name="Log" owner="BuiltIn">
<msg time="2024-06-15T06:19:13.424193" level="INFO">{'large': 'https://randomuser.me/api/portraits/women/71.jpg', 'medium': 'https://randomuser.me/api/portraits/med/women/71.jpg', 'thumbnail': 'https://randomuser.me/api/portraits/thumb/women/71.jpg'}</msg>
<arg>${json_data['results'][0]['picture']}</arg>
<doc>Logs the given message with the given level.</doc>
<status status="PASS" start="2024-06-15T06:19:13.423860" elapsed="0.000376"/>
</kw>
<status status="PASS" start="2024-06-15T06:19:13.361984" elapsed="0.062512"/>
</kw>
<kw name="Teste de Tipos de Dados - Postcode" owner="random-user-service">
<kw name="GET On Session" owner="RequestsLibrary">
<msg time="2024-06-15T06:19:13.543088" level="INFO">GET Request : url=https://randomuser.me/api 
 path_url=/api 
 headers={'User-Agent': 'python-requests/2.32.3', 'Accept-Encoding': 'gzip, deflate', 'Accept': '*/*', 'Connection': 'keep-alive'} 
 body=None 
 </msg>
<msg time="2024-06-15T06:19:13.543183" level="INFO">GET Response : url=https://randomuser.me/api 
 status=200, reason=OK 
 headers={'Date': 'Sat, 15 Jun 2024 06:19:13 GMT', 'Content-Type': 'application/json; charset=utf-8', 'Transfer-Encoding': 'chunked', 'Connection': 'keep-alive', 'X-Powered-By': 'Express', 'Access-Control-Allow-Origin': '*', 'Cache-Control': 'no-cache', 'ETag': 'W/"49f-Oq7MdlJuPtToDtqADuc0nI5qTMw"', 'Vary': 'Accept-Encoding', 'Content-Encoding': 'gzip', 'CF-Cache-Status': 'DYNAMIC', 'Report-To': '{"endpoints":[{"url":"https:\\/\\/a.nel.cloudflare.com\\/report\\/v4?s=9MInnZ3s%2FA5G40jE4UrXhfSogXWeqqvbfro4jYf57Y%2Frba5OI0Q%2BYZq41HxAaV6pwOo9XUI0Spi74EnrnpQu1F5tym%2BHWpwjwFnFlALqP1Q8IaW842CLglf48iOmLqMx"}],"group":"cf-nel","max_age":604800}', 'NEL': '{"success_fraction":0,"report_to":"cf-nel","max_age":604800}', 'Server': 'cloudflare', 'CF-RAY': '89407280e96307d4-IAD', 'alt-svc': 'h3=":443"; ma=86400'} 
 body={"results":[{"gender":"female","name":{"title":"Miss","first":"Caroline","last":"Kristensen"},"location":{"street":{"number":6732,"name":"Lergravsvej"},"city":"Århus C.","state":"Nordjylland","country":"Denmark","postcode":42801,"coordinates":{"latitude":"-43.8987","longitude":"53.2997"},"timezone":{"offset":"-4:00","description":"Atlantic Time (Canada), Caracas, La Paz"}},"email":"caroline.kristensen@example.com","login":{"uuid":"2504a7f9-55f4-4a11-9bba-c4e82f2b1f4a","username":"redrabbit340","password":"possum","salt":"u0rQgg3Q","md5":"42046505dc8090a046b840468ed51857","sha1":"a33cb419c6b8412f9c5b3968ba54fc7fbf0e4988","sha256":"bd54d2424d32d11c254ff6d1aff10e01a7bedacd4b57ba0484001d3dee5ef383"},"dob":{"date":"1995-12-29T03:06:41.050Z","age":28},"registered":{"date":"2012-05-27T12:10:13.780Z","age":12},"phone":"91719266","cell":"72275705","id":{"name":"CPR","value":"281295-9857"},"picture":{"large":"https://randomuser.me/api/portraits/women/12.jpg","medium":"https://randomuser.me/api/portraits/med/women/12.jpg","thumbnail":"https://randomuser.me/api/portraits/thumb/women/12.jpg"},"nat":"DK"}],"info":{"seed":"daf6785a70f5a879","results":1,"page":1,"version":"1.4"}} 
 </msg>
<msg time="2024-06-15T06:19:13.543251" level="INFO">/opt/hostedtoolcache/Python/3.12.3/x64/lib/python3.12/site-packages/urllib3/connectionpool.py:1103: InsecureRequestWarning: Unverified HTTPS request is being made to host 'randomuser.me'. Adding certificate verification is strongly advised. See: https://urllib3.readthedocs.io/en/latest/advanced-usage.html#tls-warnings
  warnings.warn(</msg>
<msg time="2024-06-15T06:19:13.543379" level="INFO">${response} = &lt;Response [200]&gt;</msg>
<var>${response}</var>
<arg>consultarAPI</arg>
<arg>/api</arg>
<doc>Sends a GET request on a previously created HTTP Session.</doc>
<status status="PASS" start="2024-06-15T06:19:13.424963" elapsed="0.118456"/>
</kw>
<kw name="Set Variable" owner="BuiltIn">
<msg time="2024-06-15T06:19:13.544622" level="INFO">${json_data} = {'results': [{'gender': 'female', 'name': {'title': 'Miss', 'first': 'Caroline', 'last': 'Kristensen'}, 'location': {'street': {'number': 6732, 'name': 'Lergravsvej'}, 'city': 'Århus C.', 'state': 'No...</msg>
<var>${json_data}</var>
<arg>${response.json()}</arg>
<doc>Returns the given values which can then be assigned to a variables.</doc>
<status status="PASS" start="2024-06-15T06:19:13.544051" elapsed="0.000600"/>
</kw>
<kw name="Log" owner="BuiltIn">
<msg time="2024-06-15T06:19:13.545118" level="INFO">{'results': [{'gender': 'female', 'name': {'title': 'Miss', 'first': 'Caroline', 'last': 'Kristensen'}, 'location': {'street': {'number': 6732, 'name': 'Lergravsvej'}, 'city': 'Århus C.', 'state': 'Nordjylland', 'country': 'Denmark', 'postcode': 42801, 'coordinates': {'latitude': '-43.8987', 'longitude': '53.2997'}, 'timezone': {'offset': '-4:00', 'description': 'Atlantic Time (Canada), Caracas, La Paz'}}, 'email': 'caroline.kristensen@example.com', 'login': {'uuid': '2504a7f9-55f4-4a11-9bba-c4e82f2b1f4a', 'username': 'redrabbit340', 'password': 'possum', 'salt': 'u0rQgg3Q', 'md5': '42046505dc8090a046b840468ed51857', 'sha1': 'a33cb419c6b8412f9c5b3968ba54fc7fbf0e4988', 'sha256': 'bd54d2424d32d11c254ff6d1aff10e01a7bedacd4b57ba0484001d3dee5ef383'}, 'dob': {'date': '1995-12-29T03:06:41.050Z', 'age': 28}, 'registered': {'date': '2012-05-27T12:10:13.780Z', 'age': 12}, 'phone': '91719266', 'cell': '72275705', 'id': {'name': 'CPR', 'value': '281295-9857'}, 'picture': {'large': 'https://randomuser.me/api/portraits/women/12.jpg', 'medium': 'https://randomuser.me/api/portraits/med/women/12.jpg', 'thumbnail': 'https://randomuser.me/api/portraits/thumb/women/12.jpg'}, 'nat': 'DK'}], 'info': {'seed': 'daf6785a70f5a879', 'results': 1, 'page': 1, 'version': '1.4'}}</msg>
<arg>${json_data}</arg>
<doc>Logs the given message with the given level.</doc>
<status status="PASS" start="2024-06-15T06:19:13.544958" elapsed="0.000212"/>
</kw>
<kw name="Should Be Equal As Numbers" owner="BuiltIn">
<arg>${json_data['results'][0]['location']['postcode']}</arg>
<arg>${json_data['results'][0]['location']['postcode']}</arg>
<doc>Fails if objects are unequal after converting them to real numbers.</doc>
<status status="PASS" start="2024-06-15T06:19:13.545473" elapsed="0.000614"/>
</kw>
<kw name="Log" owner="BuiltIn">
<msg time="2024-06-15T06:19:13.546615" level="INFO">42801</msg>
<arg>${json_data['results'][0]['location']['postcode']}</arg>
<doc>Logs the given message with the given level.</doc>
<status status="PASS" start="2024-06-15T06:19:13.546285" elapsed="0.000369"/>
</kw>
<status status="PASS" start="2024-06-15T06:19:13.424729" elapsed="0.122212"/>
</kw>
<doc>Testa se os tipos de dados na resposta da API estão corretos.</doc>
<tag>testeTiposDados</tag>
<status status="PASS" start="2024-06-15T06:19:13.361375" elapsed="0.185738"/>
</test>
<test id="s1-s1-t5" name="Validar conteudo" line="35">
<kw name="Teste de Tipos de Conteudo" owner="random-user-service">
<kw name="GET On Session" owner="RequestsLibrary">
<msg time="2024-06-15T06:19:13.620953" level="INFO">GET Request : url=https://randomuser.me/api 
 path_url=/api 
 headers={'User-Agent': 'python-requests/2.32.3', 'Accept-Encoding': 'gzip, deflate', 'Accept': '*/*', 'Connection': 'keep-alive'} 
 body=None 
 </msg>
<msg time="2024-06-15T06:19:13.621065" level="INFO">GET Response : url=https://randomuser.me/api 
 status=200, reason=OK 
 headers={'Date': 'Sat, 15 Jun 2024 06:19:13 GMT', 'Content-Type': 'application/json; charset=utf-8', 'Transfer-Encoding': 'chunked', 'Connection': 'keep-alive', 'X-Powered-By': 'Express', 'Access-Control-Allow-Origin': '*', 'Cache-Control': 'no-cache', 'ETag': 'W/"4a9-fJ3aGW3g15qa9gzcHvJl5+Gaz+Y"', 'Vary': 'Accept-Encoding', 'Content-Encoding': 'gzip', 'CF-Cache-Status': 'DYNAMIC', 'Report-To': '{"endpoints":[{"url":"https:\\/\\/a.nel.cloudflare.com\\/report\\/v4?s=BOrLNjuf3zf8aOv4kHsyEhEroXLeWP9lTDiTBuk%2B6K%2BcNf36D1L13dMDwtloUnp0eKKC4c9fd5MpCd9FdoXaF5cptsQRNKvzp0w1IrFWn4n2I6jWrrrzGxKYnCx%2Fr%2FHQ"}],"group":"cf-nel","max_age":604800}', 'NEL': '{"success_fraction":0,"report_to":"cf-nel","max_age":604800}', 'Server': 'cloudflare', 'CF-RAY': '89407281ba1807d4-IAD', 'alt-svc': 'h3=":443"; ma=86400'} 
 body={"results":[{"gender":"female","name":{"title":"Mrs","first":"تارا","last":"حیدری"},"location":{"street":{"number":5262,"name":"پاسداران"},"city":"آبادان","state":"چهارمحال و بختیاری","country":"Iran","postcode":34310,"coordinates":{"latitude":"12.9625","longitude":"146.5462"},"timezone":{"offset":"-4:00","description":"Atlantic Time (Canada), Caracas, La Paz"}},"email":"tr.hydry@example.com","login":{"uuid":"42748f0c-4878-43b9-8835-2f1d3ce9fcb4","username":"goldendog961","password":"caca","salt":"HEHnTKHI","md5":"e0845ca3c0245d053deee85fdc3db4cb","sha1":"74b7469d28b1931e4cd222f07c21be93b8c96d93","sha256":"f0ef61b43d700bbdf410bc7a8f412605f06999afbbb4f92d939c3ae45ccbfa29"},"dob":{"date":"1949-08-26T15:36:57.475Z","age":74},"registered":{"date":"2019-02-07T10:14:18.620Z","age":5},"phone":"079-59872956","cell":"0971-855-6742","id":{"name":"","value":null},"picture":{"large":"https://randomuser.me/api/portraits/women/18.jpg","medium":"https://randomuser.me/api/portraits/med/women/18.jpg","thumbnail":"https://randomuser.me/api/portraits/thumb/women/18.jpg"},"nat":"IR"}],"info":{"seed":"41c57785290d552b","results":1,"page":1,"version":"1.4"}} 
 </msg>
<msg time="2024-06-15T06:19:13.621159" level="INFO">/opt/hostedtoolcache/Python/3.12.3/x64/lib/python3.12/site-packages/urllib3/connectionpool.py:1103: InsecureRequestWarning: Unverified HTTPS request is being made to host 'randomuser.me'. Adding certificate verification is strongly advised. See: https://urllib3.readthedocs.io/en/latest/advanced-usage.html#tls-warnings
  warnings.warn(</msg>
<msg time="2024-06-15T06:19:13.621281" level="INFO">${response} = &lt;Response [200]&gt;</msg>
<var>${response}</var>
<arg>consultarAPI</arg>
<arg>/api</arg>
<doc>Sends a GET request on a previously created HTTP Session.</doc>
<status status="PASS" start="2024-06-15T06:19:13.549770" elapsed="0.071553"/>
</kw>
<kw name="Set Variable" owner="BuiltIn">
<msg time="2024-06-15T06:19:13.622380" level="INFO">${json_data} = {'results': [{'gender': 'female', 'name': {'title': 'Mrs', 'first': 'تارا', 'last': 'حیدری'}, 'location': {'street': {'number': 5262, 'name': 'پاسداران'}, 'city': 'آبادان', 'state': 'چهارمحال و بختیار...</msg>
<var>${json_data}</var>
<arg>${response.json()}</arg>
<doc>Returns the given values which can then be assigned to a variables.</doc>
<status status="PASS" start="2024-06-15T06:19:13.621849" elapsed="0.000562"/>
</kw>
<kw name="Set Variable" owner="BuiltIn">
<msg time="2024-06-15T06:19:13.623120" level="INFO">${name_title} = Mrs</msg>
<var>${name_title}</var>
<arg>${json_data["results"][0]["name"]["title"]}</arg>
<doc>Returns the given values which can then be assigned to a variables.</doc>
<status status="PASS" start="2024-06-15T06:19:13.622730" elapsed="0.000416"/>
</kw>
<kw name="Create List" owner="BuiltIn">
<msg time="2024-06-15T06:19:13.623600" level="INFO">${allowed_titles} = ['Mr', 'Ms', 'Miss', 'Mrs', 'Madame', 'Monsieur']</msg>
<var>${allowed_titles}</var>
<arg>Mr</arg>
<arg>Ms</arg>
<arg>Miss</arg>
<arg>Mrs</arg>
<arg>Madame</arg>
<arg>Monsieur</arg>
<doc>Returns a list containing given items.</doc>
<status status="PASS" start="2024-06-15T06:19:13.623449" elapsed="0.000175"/>
</kw>
<kw name="List Should Contain Value" owner="Collections">
<arg>${allowed_titles}</arg>
<arg>${name_title}</arg>
<doc>Fails if the ``value`` is not found from ``list``.</doc>
<status status="PASS" start="2024-06-15T06:19:13.623987" elapsed="0.000184"/>
</kw>
<kw name="Set Variable" owner="BuiltIn">
<msg time="2024-06-15T06:19:13.624721" level="INFO">${name_country} = IR</msg>
<var>${name_country}</var>
<arg>${json_data["results"][0]["nat"]}</arg>
<doc>Returns the given values which can then be assigned to a variables.</doc>
<status status="PASS" start="2024-06-15T06:19:13.624353" elapsed="0.000393"/>
</kw>
<kw name="Create List" owner="BuiltIn">
<msg time="2024-06-15T06:19:13.625639" level="INFO">${list_country} = ['AD', 'AE', 'AF', 'AG', 'AI', 'AL', 'AM', 'AO', 'AQ', 'AR', 'AS', 'AT', 'AU', 'AW', 'AX', 'AZ', 'BA', 'BB', 'BD', 'BE', 'BF', 'BG', 'BH', 'BI', 'BJ', 'BL', 'BM', 'BN', 'BO', 'BQ', 'BR', 'BS', 'BT', '...</msg>
<var>${list_country}</var>
<arg>AD</arg>
<arg>AE</arg>
<arg>AF</arg>
<arg>AG</arg>
<arg>AI</arg>
<arg>AL</arg>
<arg>AM</arg>
<arg>AO</arg>
<arg>AQ</arg>
<arg>AR</arg>
<arg>AS</arg>
<arg>AT</arg>
<arg>AU</arg>
<arg>AW</arg>
<arg>AX</arg>
<arg>AZ</arg>
<arg>BA</arg>
<arg>BB</arg>
<arg>BD</arg>
<arg>BE</arg>
<arg>BF</arg>
<arg>BG</arg>
<arg>BH</arg>
<arg>BI</arg>
<arg>BJ</arg>
<arg>BL</arg>
<arg>BM</arg>
<arg>BN</arg>
<arg>BO</arg>
<arg>BQ</arg>
<arg>BR</arg>
<arg>BS</arg>
<arg>BT</arg>
<arg>BV</arg>
<arg>BW</arg>
<arg>BY</arg>
<arg>BZ</arg>
<arg>CA</arg>
<arg>CC</arg>
<arg>CD</arg>
<arg>CF</arg>
<arg>CG</arg>
<arg>CH</arg>
<arg>CI</arg>
<arg>CK</arg>
<arg>CL</arg>
<arg>CM</arg>
<arg>CN</arg>
<arg>CO</arg>
<arg>CR</arg>
<arg>CU</arg>
<arg>CV</arg>
<arg>CW</arg>
<arg>CX</arg>
<arg>CY</arg>
<arg>CZ</arg>
<arg>DE</arg>
<arg>DJ</arg>
<arg>DK</arg>
<arg>DM</arg>
<arg>DO</arg>
<arg>DZ</arg>
<arg>EC</arg>
<arg>EE</arg>
<arg>EG</arg>
<arg>EH</arg>
<arg>ER</arg>
<arg>ES</arg>
<arg>ET</arg>
<arg>FI</arg>
<arg>FJ</arg>
<arg>FK</arg>
<arg>FM</arg>
<arg>FO</arg>
<arg>FR</arg>
<arg>GA</arg>
<arg>GB</arg>
<arg>GD</arg>
<arg>GE</arg>
<arg>GF</arg>
<arg>GG</arg>
<arg>GH</arg>
<arg>GI</arg>
<arg>GL</arg>
<arg>GM</arg>
<arg>GN</arg>
<arg>GP</arg>
<arg>GQ</arg>
<arg>GR</arg>
<arg>GS</arg>
<arg>GT</arg>
<arg>GU</arg>
<arg>GW</arg>
<arg>GY</arg>
<arg>HK</arg>
<arg>HM</arg>
<arg>HN</arg>
<arg>HR</arg>
<arg>HT</arg>
<arg>HU</arg>
<arg>ID</arg>
<arg>IE</arg>
<arg>IL</arg>
<arg>IM</arg>
<arg>IN</arg>
<arg>IO</arg>
<arg>IQ</arg>
<arg>IR</arg>
<arg>IS</arg>
<arg>IT</arg>
<arg>JE</arg>
<arg>JM</arg>
<arg>JO</arg>
<arg>JP</arg>
<arg>KE</arg>
<arg>KG</arg>
<arg>KH</arg>
<arg>KI</arg>
<arg>KM</arg>
<arg>KN</arg>
<arg>KP</arg>
<arg>KR</arg>
<arg>KW</arg>
<arg>KY</arg>
<arg>KZ</arg>
<arg>LA</arg>
<arg>LB</arg>
<arg>LC</arg>
<arg>LI</arg>
<arg>LK</arg>
<arg>LR</arg>
<arg>LS</arg>
<arg>LT</arg>
<arg>LU</arg>
<arg>LV</arg>
<arg>LY</arg>
<arg>MA</arg>
<arg>MC</arg>
<arg>MD</arg>
<arg>ME</arg>
<arg>MF</arg>
<arg>MG</arg>
<arg>MH</arg>
<arg>MK</arg>
<arg>ML</arg>
<arg>MM</arg>
<arg>MN</arg>
<arg>MO</arg>
<arg>MP</arg>
<arg>MQ</arg>
<arg>MR</arg>
<arg>MS</arg>
<arg>MT</arg>
<arg>MU</arg>
<arg>MV</arg>
<arg>MW</arg>
<arg>MX</arg>
<arg>MY</arg>
<arg>MZ</arg>
<arg>NA</arg>
<arg>NC</arg>
<arg>NE</arg>
<arg>NF</arg>
<arg>NG</arg>
<arg>NI</arg>
<arg>NL</arg>
<arg>NO</arg>
<arg>NP</arg>
<arg>NR</arg>
<arg>NU</arg>
<arg>NZ</arg>
<arg>OM</arg>
<arg>PA</arg>
<arg>PE</arg>
<arg>PF</arg>
<arg>PG</arg>
<arg>PH</arg>
<arg>PK</arg>
<arg>PL</arg>
<arg>PM</arg>
<arg>PN</arg>
<arg>PR</arg>
<arg>PS</arg>
<arg>PT</arg>
<arg>PW</arg>
<arg>PY</arg>
<arg>QA</arg>
<arg>RE</arg>
<arg>RO</arg>
<arg>RS</arg>
<arg>RU</arg>
<arg>RW</arg>
<arg>SA</arg>
<arg>SB</arg>
<arg>SC</arg>
<arg>SD</arg>
<arg>SE</arg>
<arg>SG</arg>
<arg>SH</arg>
<arg>SI</arg>
<arg>SJ</arg>
<arg>SK</arg>
<arg>SL</arg>
<arg>SM</arg>
<arg>SN</arg>
<arg>SO</arg>
<arg>SR</arg>
<arg>SS</arg>
<arg>ST</arg>
<arg>SV</arg>
<arg>SX</arg>
<arg>SY</arg>
<arg>SZ</arg>
<arg>TC</arg>
<arg>TD</arg>
<arg>TF</arg>
<arg>TG</arg>
<arg>TH</arg>
<arg>TJ</arg>
<arg>TK</arg>
<arg>TL</arg>
<arg>TM</arg>
<arg>TN</arg>
<arg>TO</arg>
<arg>TR</arg>
<arg>TT</arg>
<arg>TV</arg>
<arg>TW</arg>
<arg>TZ</arg>
<arg>UA</arg>
<arg>UG</arg>
<arg>UM</arg>
<arg>US</arg>
<arg>UY</arg>
<arg>UZ</arg>
<arg>VA</arg>
<arg>VC</arg>
<arg>VE</arg>
<arg>VG</arg>
<arg>VI</arg>
<arg>VN</arg>
<arg>VU</arg>
<arg>WF</arg>
<arg>WS</arg>
<arg>XK</arg>
<arg>YE</arg>
<arg>YT</arg>
<arg>ZA</arg>
<arg>ZM</arg>
<arg>ZW</arg>
<doc>Returns a list containing given items.</doc>
<status status="PASS" start="2024-06-15T06:19:13.625037" elapsed="0.000627"/>
</kw>
<kw name="List Should Contain Value" owner="Collections">
<arg>${list_country}</arg>
<arg>${name_country}</arg>
<doc>Fails if the ``value`` is not found from ``list``.</doc>
<status status="PASS" start="2024-06-15T06:19:13.626461" elapsed="0.000212"/>
</kw>
<kw name="Run Keyword If" owner="BuiltIn">
<kw name="Should Be True" owner="BuiltIn">
<arg>${True}</arg>
<doc>Fails if the given condition is not true.</doc>
<status status="PASS" start="2024-06-15T06:19:13.627618" elapsed="0.000171"/>
</kw>
<arg>${json_data["results"][0]["location"]["coordinates"]["latitude"]} &gt;= -90 and ${json_data["results"][0]["location"]["coordinates"]["latitude"]} &lt;= 90</arg>
<arg>Should Be True</arg>
<arg>${True}</arg>
<doc>Runs the given keyword with the given arguments, if ``condition`` is true.</doc>
<status status="PASS" start="2024-06-15T06:19:13.626876" elapsed="0.001040"/>
</kw>
<kw name="Run Keyword If" owner="BuiltIn">
<kw name="Should Be True" owner="BuiltIn">
<arg>${True}</arg>
<doc>Fails if the given condition is not true.</doc>
<status status="PASS" start="2024-06-15T06:19:13.628784" elapsed="0.000139"/>
</kw>
<arg>${json_data["results"][0]["location"]["coordinates"]["longitude"]} &gt;= -180 and ${json_data["results"][0]["location"]["coordinates"]["longitude"]} &lt;= 180</arg>
<arg>Should Be True</arg>
<arg>${True}</arg>
<doc>Runs the given keyword with the given arguments, if ``condition`` is true.</doc>
<status status="PASS" start="2024-06-15T06:19:13.628100" elapsed="0.000957"/>
</kw>
<status status="PASS" start="2024-06-15T06:19:13.549379" elapsed="0.079817"/>
</kw>
<doc>Testa o conteúdo específico dos campos retornados pela API.</doc>
<tag>testeConteudo</tag>
<status status="PASS" start="2024-06-15T06:19:13.548931" elapsed="0.080419"/>
</test>
<status status="PASS" start="2024-06-15T06:19:12.701683" elapsed="0.929604"/>
</suite>
<status status="PASS" start="2024-06-15T06:19:12.688234" elapsed="0.948303"/>
</suite>
<statistics>
<total>
<stat pass="5" fail="0" skip="0">All Tests</stat>
</total>
<tag>
<stat pass="1" fail="0" skip="0">testeConteudo</stat>
<stat pass="1" fail="0" skip="0">testeEstruturaResposta</stat>
<stat pass="1" fail="0" skip="0">testeRequisicaoBasica</stat>
<stat pass="1" fail="0" skip="0">testeTiposDados</stat>
</tag>
<suite>
<stat pass="5" fail="0" skip="0" id="s1" name="Tests">Tests</stat>
<stat pass="5" fail="0" skip="0" id="s1-s1" name="Random-User-Test">Tests.Random-User-Test</stat>
</suite>
</statistics>
<errors>
</errors>
</robot>
