<?xml version="1.0" encoding="UTF-8"?>
<robot generator="Robot 7.0.1 (Python 3.12.3 on linux)" generated="2024-06-16T19:13:34.902024" rpa="false" schemaversion="5">
<suite id="s1" name="Tests" source="/home/runner/work/ApiRandomUser/ApiRandomUser/RamdonUser/tests">
<suite id="s1-s1" name="Random-User-Test" source="/home/runner/work/ApiRandomUser/ApiRandomUser/RamdonUser/tests/random-user-test.robot">
<test id="s1-s1-t1" name="Conectar" line="13">
<kw name="Conectar API" owner="random-user-service">
<kw name="Create Session" owner="RequestsLibrary">
<msg time="2024-06-16T19:13:35.346224" level="INFO">Creating Session using : alias=consultarAPI, url=https://randomuser.me/, headers={},                     cookies={}, auth=None, timeout=None, proxies=None, verify=False,                     debug=0 </msg>
<arg>consultarAPI</arg>
<arg>${URL}</arg>
<doc>Create Session: create a HTTP session to a server</doc>
<status status="PASS" start="2024-06-16T19:13:35.346005" elapsed="0.000415"/>
</kw>
<status status="PASS" start="2024-06-16T19:13:35.344890" elapsed="0.001921"/>
</kw>
<status status="PASS" start="2024-06-16T19:13:35.344147" elapsed="0.002897"/>
</test>
<test id="s1-s1-t2" name="Validar retorno 200 e JSON Válido" line="16">
<kw name="Teste de Requisicao Basica" owner="random-user-service">
<kw name="GET On Session" owner="RequestsLibrary">
<msg time="2024-06-16T19:13:35.719661" level="INFO">GET Request : url=https://randomuser.me/api 
 path_url=/api 
 headers={'User-Agent': 'python-requests/2.32.3', 'Accept-Encoding': 'gzip, deflate', 'Accept': '*/*', 'Connection': 'keep-alive'} 
 body=None 
 </msg>
<msg time="2024-06-16T19:13:35.719817" level="INFO">GET Response : url=https://randomuser.me/api 
 status=200, reason=OK 
 headers={'Date': 'Sun, 16 Jun 2024 19:13:35 GMT', 'Content-Type': 'application/json; charset=utf-8', 'Transfer-Encoding': 'chunked', 'Connection': 'keep-alive', 'X-Powered-By': 'Express', 'Access-Control-Allow-Origin': '*', 'Cache-Control': 'no-cache', 'ETag': 'W/"471-LEs1DN2PmYj9pVzV9BGc4ZgXSWY"', 'Vary': 'Accept-Encoding', 'Content-Encoding': 'gzip', 'CF-Cache-Status': 'DYNAMIC', 'Report-To': '{"endpoints":[{"url":"https:\\/\\/a.nel.cloudflare.com\\/report\\/v4?s=C5cZe0VlT7OQ8iNnzXnn9b8OfHRlqnwXy8isbJ1PPIYObYwz2KqAhVVsX821d0VoTkbFzK4TjNwgxVJXE5E%2B%2FyYN3YrZHvun1knV2uE6kYIsTGlFLZcJD7%2FDxKi3SVJA"}],"group":"cf-nel","max_age":604800}', 'NEL': '{"success_fraction":0,"report_to":"cf-nel","max_age":604800}', 'Server': 'cloudflare', 'CF-RAY': '894d1e3608cb2c38-ORD', 'alt-svc': 'h3=":443"; ma=86400'} 
 body={"results":[{"gender":"male","name":{"title":"Mr","first":"Guillermo","last":"Moya"},"location":{"street":{"number":3841,"name":"Calle de Atocha"},"city":"Orihuela","state":"Galicia","country":"Spain","postcode":59268,"coordinates":{"latitude":"-35.7310","longitude":"-69.0402"},"timezone":{"offset":"-10:00","description":"Hawaii"}},"email":"guillermo.moya@example.com","login":{"uuid":"791669a8-521d-489e-b8a7-aaf8108cd328","username":"purpleladybug676","password":"komodo","salt":"tld1GL5R","md5":"7368eaeca2913775c2b306520c9d7666","sha1":"0c1a2ebf36cf4885fdf7e2eadadada05d64b1e24","sha256":"de2d4c2ba3a390365ab63c8f7cd6e5abc6b3f4b6ba84b6669ee1b9b76d2e6b50"},"dob":{"date":"1981-04-22T18:02:08.774Z","age":43},"registered":{"date":"2022-01-04T03:48:53.342Z","age":2},"phone":"910-588-215","cell":"612-073-503","id":{"name":"DNI","value":"08619807-A"},"picture":{"large":"https://randomuser.me/api/portraits/men/50.jpg","medium":"https://randomuser.me/api/portraits/med/men/50.jpg","thumbnail":"https://randomuser.me/api/portraits/thumb/men/50.jpg"},"nat":"ES"}],"info":{"seed":"e90f63bffcf88afe","results":1,"page":1,"version":"1.4"}} 
 </msg>
<msg time="2024-06-16T19:13:35.719898" level="INFO">/opt/hostedtoolcache/Python/3.12.3/x64/lib/python3.12/site-packages/urllib3/connectionpool.py:1103: InsecureRequestWarning: Unverified HTTPS request is being made to host 'randomuser.me'. Adding certificate verification is strongly advised. See: https://urllib3.readthedocs.io/en/latest/advanced-usage.html#tls-warnings
  warnings.warn(</msg>
<msg time="2024-06-16T19:13:35.720034" level="INFO">${response} = &lt;Response [200]&gt;</msg>
<var>${response}</var>
<arg>consultarAPI</arg>
<arg>/api</arg>
<doc>Sends a GET request on a previously created HTTP Session.</doc>
<status status="PASS" start="2024-06-16T19:13:35.349612" elapsed="0.370460"/>
</kw>
<kw name="Should Be Equal As Numbers" owner="BuiltIn">
<msg time="2024-06-16T19:13:35.721145" level="INFO">Argument types are:
&lt;class 'int'&gt;
&lt;class 'str'&gt;</msg>
<arg>${response.status_code}</arg>
<arg>200</arg>
<doc>Fails if objects are unequal after converting them to real numbers.</doc>
<status status="PASS" start="2024-06-16T19:13:35.720677" elapsed="0.000536"/>
</kw>
<kw name="Log" owner="BuiltIn">
<msg time="2024-06-16T19:13:35.721918" level="INFO">200</msg>
<arg>${response.status_code}</arg>
<doc>Logs the given message with the given level.</doc>
<status status="PASS" start="2024-06-16T19:13:35.721567" elapsed="0.000399"/>
</kw>
<kw name="Set Variable" owner="BuiltIn">
<msg time="2024-06-16T19:13:35.722705" level="INFO">${json_data} = {'results': [{'gender': 'male', 'name': {'title': 'Mr', 'first': 'Guillermo', 'last': 'Moya'}, 'location': {'street': {'number': 3841, 'name': 'Calle de Atocha'}, 'city': 'Orihuela', 'state': 'Galicia...</msg>
<var>${json_data}</var>
<arg>${response.json()}</arg>
<doc>Returns the given values which can then be assigned to a variables.</doc>
<status status="PASS" start="2024-06-16T19:13:35.722278" elapsed="0.000457"/>
</kw>
<kw name="Dictionary Should Contain Key" owner="Collections">
<arg>${json_data}</arg>
<arg>results</arg>
<doc>Fails if ``key`` is not found from ``dictionary``.</doc>
<status status="PASS" start="2024-06-16T19:13:35.723068" elapsed="0.000167"/>
</kw>
<status status="PASS" start="2024-06-16T19:13:35.349367" elapsed="0.374033"/>
</kw>
<doc>Testa se a API responde corretamente e retorna um objeto JSON válido.</doc>
<tag>testeRequisicaoBasica</tag>
<status status="PASS" start="2024-06-16T19:13:35.348916" elapsed="0.374661"/>
</test>
<test id="s1-s1-t3" name="Validar estrutura de resposta" line="22">
<kw name="Teste de Estrutura de Resposta" owner="random-user-service">
<kw name="GET On Session" owner="RequestsLibrary">
<msg time="2024-06-16T19:13:35.821295" level="INFO">GET Request : url=https://randomuser.me/api 
 path_url=/api 
 headers={'User-Agent': 'python-requests/2.32.3', 'Accept-Encoding': 'gzip, deflate', 'Accept': '*/*', 'Connection': 'keep-alive'} 
 body=None 
 </msg>
<msg time="2024-06-16T19:13:35.821399" level="INFO">GET Response : url=https://randomuser.me/api 
 status=200, reason=OK 
 headers={'Date': 'Sun, 16 Jun 2024 19:13:35 GMT', 'Content-Type': 'application/json; charset=utf-8', 'Transfer-Encoding': 'chunked', 'Connection': 'keep-alive', 'X-Powered-By': 'Express', 'Access-Control-Allow-Origin': '*', 'Cache-Control': 'no-cache', 'ETag': 'W/"490-ffc1Q62tZunynNNgtnoHodAU7hA"', 'Vary': 'Accept-Encoding', 'Content-Encoding': 'gzip', 'CF-Cache-Status': 'DYNAMIC', 'Report-To': '{"endpoints":[{"url":"https:\\/\\/a.nel.cloudflare.com\\/report\\/v4?s=bBOr7Bsg4d8ItArzhG3vMOxiYbbQPhsbEmAzjypihlzKetDMTWheE8i3DwdnIxTj17hE6F1ddVqITkUdgPt42xFLgVOUnT9uPqgK2sCgp%2FdAQFAkqN8R%2BNCawKhw7YJH"}],"group":"cf-nel","max_age":604800}', 'NEL': '{"success_fraction":0,"report_to":"cf-nel","max_age":604800}', 'Server': 'cloudflare', 'CF-RAY': '894d1e3649232c38-ORD', 'alt-svc': 'h3=":443"; ma=86400'} 
 body={"results":[{"gender":"male","name":{"title":"Mr","first":"Walter","last":"Carr"},"location":{"street":{"number":6782,"name":"Prospect Rd"},"city":"Mackay","state":"Queensland","country":"Australia","postcode":5592,"coordinates":{"latitude":"-89.9452","longitude":"-55.0876"},"timezone":{"offset":"0:00","description":"Western Europe Time, London, Lisbon, Casablanca"}},"email":"walter.carr@example.com","login":{"uuid":"f27aa86f-d3a7-4677-80a1-c871940e481d","username":"redbutterfly825","password":"124578","salt":"2lQCzEBG","md5":"ee7a393a586d950316b4799d4df80422","sha1":"5f6abfec2edcb49bd3f10b1790d491388d25ce27","sha256":"4e44c1fc266afb09884c64a9bbeaed8bb85edae857fd528c5c21421e14a55ccf"},"dob":{"date":"1975-04-17T14:59:49.662Z","age":49},"registered":{"date":"2012-03-16T02:40:30.556Z","age":12},"phone":"06-2083-5086","cell":"0431-130-509","id":{"name":"TFN","value":"503908258"},"picture":{"large":"https://randomuser.me/api/portraits/men/9.jpg","medium":"https://randomuser.me/api/portraits/med/men/9.jpg","thumbnail":"https://randomuser.me/api/portraits/thumb/men/9.jpg"},"nat":"AU"}],"info":{"seed":"98d688f15c8725e6","results":1,"page":1,"version":"1.4"}} 
 </msg>
<msg time="2024-06-16T19:13:35.821556" level="INFO">/opt/hostedtoolcache/Python/3.12.3/x64/lib/python3.12/site-packages/urllib3/connectionpool.py:1103: InsecureRequestWarning: Unverified HTTPS request is being made to host 'randomuser.me'. Adding certificate verification is strongly advised. See: https://urllib3.readthedocs.io/en/latest/advanced-usage.html#tls-warnings
  warnings.warn(</msg>
<msg time="2024-06-16T19:13:35.821683" level="INFO">${response} = &lt;Response [200]&gt;</msg>
<var>${response}</var>
<arg>consultarAPI</arg>
<arg>/api</arg>
<doc>Sends a GET request on a previously created HTTP Session.</doc>
<status status="PASS" start="2024-06-16T19:13:35.726472" elapsed="0.095245"/>
</kw>
<kw name="Set Variable" owner="BuiltIn">
<msg time="2024-06-16T19:13:35.822777" level="INFO">${json_data} = {'results': [{'gender': 'male', 'name': {'title': 'Mr', 'first': 'Walter', 'last': 'Carr'}, 'location': {'street': {'number': 6782, 'name': 'Prospect Rd'}, 'city': 'Mackay', 'state': 'Queensland', 'co...</msg>
<var>${json_data}</var>
<arg>${response.json()}</arg>
<doc>Returns the given values which can then be assigned to a variables.</doc>
<status status="PASS" start="2024-06-16T19:13:35.822257" elapsed="0.000549"/>
</kw>
<kw name="Log" owner="BuiltIn">
<msg time="2024-06-16T19:13:35.823342" level="INFO">{'results': [{'gender': 'male', 'name': {'title': 'Mr', 'first': 'Walter', 'last': 'Carr'}, 'location': {'street': {'number': 6782, 'name': 'Prospect Rd'}, 'city': 'Mackay', 'state': 'Queensland', 'country': 'Australia', 'postcode': 5592, 'coordinates': {'latitude': '-89.9452', 'longitude': '-55.0876'}, 'timezone': {'offset': '0:00', 'description': 'Western Europe Time, London, Lisbon, Casablanca'}}, 'email': 'walter.carr@example.com', 'login': {'uuid': 'f27aa86f-d3a7-4677-80a1-c871940e481d', 'username': 'redbutterfly825', 'password': '124578', 'salt': '2lQCzEBG', 'md5': 'ee7a393a586d950316b4799d4df80422', 'sha1': '5f6abfec2edcb49bd3f10b1790d491388d25ce27', 'sha256': '4e44c1fc266afb09884c64a9bbeaed8bb85edae857fd528c5c21421e14a55ccf'}, 'dob': {'date': '1975-04-17T14:59:49.662Z', 'age': 49}, 'registered': {'date': '2012-03-16T02:40:30.556Z', 'age': 12}, 'phone': '06-2083-5086', 'cell': '0431-130-509', 'id': {'name': 'TFN', 'value': '503908258'}, 'picture': {'large': 'https://randomuser.me/api/portraits/men/9.jpg', 'medium': 'https://randomuser.me/api/portraits/med/men/9.jpg', 'thumbnail': 'https://randomuser.me/api/portraits/thumb/men/9.jpg'}, 'nat': 'AU'}], 'info': {'seed': '98d688f15c8725e6', 'results': 1, 'page': 1, 'version': '1.4'}}</msg>
<arg>${json_data}</arg>
<doc>Logs the given message with the given level.</doc>
<status status="PASS" start="2024-06-16T19:13:35.823179" elapsed="0.000210"/>
</kw>
<kw name="Dictionary Should Contain Key" owner="Collections">
<arg>${json_data}</arg>
<arg>results</arg>
<doc>Fails if ``key`` is not found from ``dictionary``.</doc>
<status status="PASS" start="2024-06-16T19:13:35.823685" elapsed="0.000159"/>
</kw>
<kw name="Should Not Be Empty" owner="BuiltIn">
<msg time="2024-06-16T19:13:35.824152" level="INFO">Length is 2.</msg>
<arg>${json_data}</arg>
<doc>Verifies that the given item is not empty.</doc>
<status status="PASS" start="2024-06-16T19:13:35.824029" elapsed="0.000161"/>
</kw>
<kw name="Create List" owner="BuiltIn">
<msg time="2024-06-16T19:13:35.824632" level="INFO">${expected_keys} = ['gender', 'name', 'location', 'email', 'login']</msg>
<var>${expected_keys}</var>
<arg>gender</arg>
<arg>name</arg>
<arg>location</arg>
<arg>email</arg>
<arg>login</arg>
<doc>Returns a list containing given items.</doc>
<status status="PASS" start="2024-06-16T19:13:35.824488" elapsed="0.000167"/>
</kw>
<for flavor="IN">
<iter>
<kw name="Dictionary Should Contain Key" owner="Collections">
<arg>${json_data['results'][0]}</arg>
<arg>${key}</arg>
<doc>Fails if ``key`` is not found from ``dictionary``.</doc>
<status status="PASS" start="2024-06-16T19:13:35.825230" elapsed="0.000417"/>
</kw>
<kw name="Log" owner="BuiltIn">
<msg time="2024-06-16T19:13:35.826194" level="INFO">{'gender': 'male', 'name': {'title': 'Mr', 'first': 'Walter', 'last': 'Carr'}, 'location': {'street': {'number': 6782, 'name': 'Prospect Rd'}, 'city': 'Mackay', 'state': 'Queensland', 'country': 'Australia', 'postcode': 5592, 'coordinates': {'latitude': '-89.9452', 'longitude': '-55.0876'}, 'timezone': {'offset': '0:00', 'description': 'Western Europe Time, London, Lisbon, Casablanca'}}, 'email': 'walter.carr@example.com', 'login': {'uuid': 'f27aa86f-d3a7-4677-80a1-c871940e481d', 'username': 'redbutterfly825', 'password': '124578', 'salt': '2lQCzEBG', 'md5': 'ee7a393a586d950316b4799d4df80422', 'sha1': '5f6abfec2edcb49bd3f10b1790d491388d25ce27', 'sha256': '4e44c1fc266afb09884c64a9bbeaed8bb85edae857fd528c5c21421e14a55ccf'}, 'dob': {'date': '1975-04-17T14:59:49.662Z', 'age': 49}, 'registered': {'date': '2012-03-16T02:40:30.556Z', 'age': 12}, 'phone': '06-2083-5086', 'cell': '0431-130-509', 'id': {'name': 'TFN', 'value': '503908258'}, 'picture': {'large': 'https://randomuser.me/api/portraits/men/9.jpg', 'medium': 'https://randomuser.me/api/portraits/med/men/9.jpg', 'thumbnail': 'https://randomuser.me/api/portraits/thumb/men/9.jpg'}, 'nat': 'AU'}</msg>
<arg>${json_data['results'][0]}</arg>
<doc>Logs the given message with the given level.</doc>
<status status="PASS" start="2024-06-16T19:13:35.825839" elapsed="0.000404"/>
</kw>
<kw name="Log" owner="BuiltIn">
<msg time="2024-06-16T19:13:35.826666" level="INFO">gender</msg>
<arg>${key}</arg>
<doc>Logs the given message with the given level.</doc>
<status status="PASS" start="2024-06-16T19:13:35.826539" elapsed="0.000165"/>
</kw>
<var name="${key}">gender</var>
<status status="PASS" start="2024-06-16T19:13:35.825107" elapsed="0.001819"/>
</iter>
<iter>
<kw name="Dictionary Should Contain Key" owner="Collections">
<arg>${json_data['results'][0]}</arg>
<arg>${key}</arg>
<doc>Fails if ``key`` is not found from ``dictionary``.</doc>
<status status="PASS" start="2024-06-16T19:13:35.827268" elapsed="0.000390"/>
</kw>
<kw name="Log" owner="BuiltIn">
<msg time="2024-06-16T19:13:35.828185" level="INFO">{'gender': 'male', 'name': {'title': 'Mr', 'first': 'Walter', 'last': 'Carr'}, 'location': {'street': {'number': 6782, 'name': 'Prospect Rd'}, 'city': 'Mackay', 'state': 'Queensland', 'country': 'Australia', 'postcode': 5592, 'coordinates': {'latitude': '-89.9452', 'longitude': '-55.0876'}, 'timezone': {'offset': '0:00', 'description': 'Western Europe Time, London, Lisbon, Casablanca'}}, 'email': 'walter.carr@example.com', 'login': {'uuid': 'f27aa86f-d3a7-4677-80a1-c871940e481d', 'username': 'redbutterfly825', 'password': '124578', 'salt': '2lQCzEBG', 'md5': 'ee7a393a586d950316b4799d4df80422', 'sha1': '5f6abfec2edcb49bd3f10b1790d491388d25ce27', 'sha256': '4e44c1fc266afb09884c64a9bbeaed8bb85edae857fd528c5c21421e14a55ccf'}, 'dob': {'date': '1975-04-17T14:59:49.662Z', 'age': 49}, 'registered': {'date': '2012-03-16T02:40:30.556Z', 'age': 12}, 'phone': '06-2083-5086', 'cell': '0431-130-509', 'id': {'name': 'TFN', 'value': '503908258'}, 'picture': {'large': 'https://randomuser.me/api/portraits/men/9.jpg', 'medium': 'https://randomuser.me/api/portraits/med/men/9.jpg', 'thumbnail': 'https://randomuser.me/api/portraits/thumb/men/9.jpg'}, 'nat': 'AU'}</msg>
<arg>${json_data['results'][0]}</arg>
<doc>Logs the given message with the given level.</doc>
<status status="PASS" start="2024-06-16T19:13:35.827842" elapsed="0.000435"/>
</kw>
<kw name="Log" owner="BuiltIn">
<msg time="2024-06-16T19:13:35.828711" level="INFO">name</msg>
<arg>${key}</arg>
<doc>Logs the given message with the given level.</doc>
<status status="PASS" start="2024-06-16T19:13:35.828578" elapsed="0.000173"/>
</kw>
<var name="${key}">name</var>
<status status="PASS" start="2024-06-16T19:13:35.827154" elapsed="0.001818"/>
</iter>
<iter>
<kw name="Dictionary Should Contain Key" owner="Collections">
<arg>${json_data['results'][0]}</arg>
<arg>${key}</arg>
<doc>Fails if ``key`` is not found from ``dictionary``.</doc>
<status status="PASS" start="2024-06-16T19:13:35.829264" elapsed="0.000383"/>
</kw>
<kw name="Log" owner="BuiltIn">
<msg time="2024-06-16T19:13:35.830179" level="INFO">{'gender': 'male', 'name': {'title': 'Mr', 'first': 'Walter', 'last': 'Carr'}, 'location': {'street': {'number': 6782, 'name': 'Prospect Rd'}, 'city': 'Mackay', 'state': 'Queensland', 'country': 'Australia', 'postcode': 5592, 'coordinates': {'latitude': '-89.9452', 'longitude': '-55.0876'}, 'timezone': {'offset': '0:00', 'description': 'Western Europe Time, London, Lisbon, Casablanca'}}, 'email': 'walter.carr@example.com', 'login': {'uuid': 'f27aa86f-d3a7-4677-80a1-c871940e481d', 'username': 'redbutterfly825', 'password': '124578', 'salt': '2lQCzEBG', 'md5': 'ee7a393a586d950316b4799d4df80422', 'sha1': '5f6abfec2edcb49bd3f10b1790d491388d25ce27', 'sha256': '4e44c1fc266afb09884c64a9bbeaed8bb85edae857fd528c5c21421e14a55ccf'}, 'dob': {'date': '1975-04-17T14:59:49.662Z', 'age': 49}, 'registered': {'date': '2012-03-16T02:40:30.556Z', 'age': 12}, 'phone': '06-2083-5086', 'cell': '0431-130-509', 'id': {'name': 'TFN', 'value': '503908258'}, 'picture': {'large': 'https://randomuser.me/api/portraits/men/9.jpg', 'medium': 'https://randomuser.me/api/portraits/med/men/9.jpg', 'thumbnail': 'https://randomuser.me/api/portraits/thumb/men/9.jpg'}, 'nat': 'AU'}</msg>
<arg>${json_data['results'][0]}</arg>
<doc>Logs the given message with the given level.</doc>
<status status="PASS" start="2024-06-16T19:13:35.829834" elapsed="0.000391"/>
</kw>
<kw name="Log" owner="BuiltIn">
<msg time="2024-06-16T19:13:35.830638" level="INFO">location</msg>
<arg>${key}</arg>
<doc>Logs the given message with the given level.</doc>
<status status="PASS" start="2024-06-16T19:13:35.830515" elapsed="0.000160"/>
</kw>
<var name="${key}">location</var>
<status status="PASS" start="2024-06-16T19:13:35.829154" elapsed="0.001740"/>
</iter>
<iter>
<kw name="Dictionary Should Contain Key" owner="Collections">
<arg>${json_data['results'][0]}</arg>
<arg>${key}</arg>
<doc>Fails if ``key`` is not found from ``dictionary``.</doc>
<status status="PASS" start="2024-06-16T19:13:35.831206" elapsed="0.000380"/>
</kw>
<kw name="Log" owner="BuiltIn">
<msg time="2024-06-16T19:13:35.832115" level="INFO">{'gender': 'male', 'name': {'title': 'Mr', 'first': 'Walter', 'last': 'Carr'}, 'location': {'street': {'number': 6782, 'name': 'Prospect Rd'}, 'city': 'Mackay', 'state': 'Queensland', 'country': 'Australia', 'postcode': 5592, 'coordinates': {'latitude': '-89.9452', 'longitude': '-55.0876'}, 'timezone': {'offset': '0:00', 'description': 'Western Europe Time, London, Lisbon, Casablanca'}}, 'email': 'walter.carr@example.com', 'login': {'uuid': 'f27aa86f-d3a7-4677-80a1-c871940e481d', 'username': 'redbutterfly825', 'password': '124578', 'salt': '2lQCzEBG', 'md5': 'ee7a393a586d950316b4799d4df80422', 'sha1': '5f6abfec2edcb49bd3f10b1790d491388d25ce27', 'sha256': '4e44c1fc266afb09884c64a9bbeaed8bb85edae857fd528c5c21421e14a55ccf'}, 'dob': {'date': '1975-04-17T14:59:49.662Z', 'age': 49}, 'registered': {'date': '2012-03-16T02:40:30.556Z', 'age': 12}, 'phone': '06-2083-5086', 'cell': '0431-130-509', 'id': {'name': 'TFN', 'value': '503908258'}, 'picture': {'large': 'https://randomuser.me/api/portraits/men/9.jpg', 'medium': 'https://randomuser.me/api/portraits/med/men/9.jpg', 'thumbnail': 'https://randomuser.me/api/portraits/thumb/men/9.jpg'}, 'nat': 'AU'}</msg>
<arg>${json_data['results'][0]}</arg>
<doc>Logs the given message with the given level.</doc>
<status status="PASS" start="2024-06-16T19:13:35.831767" elapsed="0.000397"/>
</kw>
<kw name="Log" owner="BuiltIn">
<msg time="2024-06-16T19:13:35.832590" level="INFO">email</msg>
<arg>${key}</arg>
<doc>Logs the given message with the given level.</doc>
<status status="PASS" start="2024-06-16T19:13:35.832462" elapsed="0.000166"/>
</kw>
<var name="${key}">email</var>
<status status="PASS" start="2024-06-16T19:13:35.831098" elapsed="0.001744"/>
</iter>
<iter>
<kw name="Dictionary Should Contain Key" owner="Collections">
<arg>${json_data['results'][0]}</arg>
<arg>${key}</arg>
<doc>Fails if ``key`` is not found from ``dictionary``.</doc>
<status status="PASS" start="2024-06-16T19:13:35.833124" elapsed="0.000386"/>
</kw>
<kw name="Log" owner="BuiltIn">
<msg time="2024-06-16T19:13:35.834032" level="INFO">{'gender': 'male', 'name': {'title': 'Mr', 'first': 'Walter', 'last': 'Carr'}, 'location': {'street': {'number': 6782, 'name': 'Prospect Rd'}, 'city': 'Mackay', 'state': 'Queensland', 'country': 'Australia', 'postcode': 5592, 'coordinates': {'latitude': '-89.9452', 'longitude': '-55.0876'}, 'timezone': {'offset': '0:00', 'description': 'Western Europe Time, London, Lisbon, Casablanca'}}, 'email': 'walter.carr@example.com', 'login': {'uuid': 'f27aa86f-d3a7-4677-80a1-c871940e481d', 'username': 'redbutterfly825', 'password': '124578', 'salt': '2lQCzEBG', 'md5': 'ee7a393a586d950316b4799d4df80422', 'sha1': '5f6abfec2edcb49bd3f10b1790d491388d25ce27', 'sha256': '4e44c1fc266afb09884c64a9bbeaed8bb85edae857fd528c5c21421e14a55ccf'}, 'dob': {'date': '1975-04-17T14:59:49.662Z', 'age': 49}, 'registered': {'date': '2012-03-16T02:40:30.556Z', 'age': 12}, 'phone': '06-2083-5086', 'cell': '0431-130-509', 'id': {'name': 'TFN', 'value': '503908258'}, 'picture': {'large': 'https://randomuser.me/api/portraits/men/9.jpg', 'medium': 'https://randomuser.me/api/portraits/med/men/9.jpg', 'thumbnail': 'https://randomuser.me/api/portraits/thumb/men/9.jpg'}, 'nat': 'AU'}</msg>
<arg>${json_data['results'][0]}</arg>
<doc>Logs the given message with the given level.</doc>
<status status="PASS" start="2024-06-16T19:13:35.833693" elapsed="0.000396"/>
</kw>
<kw name="Log" owner="BuiltIn">
<msg time="2024-06-16T19:13:35.834632" level="INFO">login</msg>
<arg>${key}</arg>
<doc>Logs the given message with the given level.</doc>
<status status="PASS" start="2024-06-16T19:13:35.834386" elapsed="0.000284"/>
</kw>
<var name="${key}">login</var>
<status status="PASS" start="2024-06-16T19:13:35.833016" elapsed="0.001873"/>
</iter>
<var>${key}</var>
<value>@{expected_keys}</value>
<status status="PASS" start="2024-06-16T19:13:35.824913" elapsed="0.010139"/>
</for>
<kw name="Create List" owner="BuiltIn">
<msg time="2024-06-16T19:13:35.835385" level="INFO">${expected_keysTwo} = ['username', 'password']</msg>
<var>${expected_keysTwo}</var>
<arg>username</arg>
<arg>password</arg>
<doc>Returns a list containing given items.</doc>
<status status="PASS" start="2024-06-16T19:13:35.835248" elapsed="0.000194"/>
</kw>
<for flavor="IN">
<iter>
<kw name="Dictionary Should Contain Key" owner="Collections">
<arg>${json_data['results'][0]['login']}</arg>
<arg>${keyTwo}</arg>
<doc>Fails if ``key`` is not found from ``dictionary``.</doc>
<status status="PASS" start="2024-06-16T19:13:35.835958" elapsed="0.000388"/>
</kw>
<kw name="Dictionary Should Contain Key" owner="Collections">
<arg>${json_data['results'][0]['login']}</arg>
<arg>${keyTwo}</arg>
<doc>Fails if ``key`` is not found from ``dictionary``.</doc>
<status status="PASS" start="2024-06-16T19:13:35.836531" elapsed="0.000373"/>
</kw>
<kw name="Log" owner="BuiltIn">
<msg time="2024-06-16T19:13:35.837201" level="INFO">username</msg>
<arg>${keyTwo}</arg>
<doc>Logs the given message with the given level.</doc>
<status status="PASS" start="2024-06-16T19:13:35.837082" elapsed="0.000156"/>
</kw>
<var name="${keyTwo}">username</var>
<status status="PASS" start="2024-06-16T19:13:35.835850" elapsed="0.001609"/>
</iter>
<iter>
<kw name="Dictionary Should Contain Key" owner="Collections">
<arg>${json_data['results'][0]['login']}</arg>
<arg>${keyTwo}</arg>
<doc>Fails if ``key`` is not found from ``dictionary``.</doc>
<status status="PASS" start="2024-06-16T19:13:35.837750" elapsed="0.000373"/>
</kw>
<kw name="Dictionary Should Contain Key" owner="Collections">
<arg>${json_data['results'][0]['login']}</arg>
<arg>${keyTwo}</arg>
<doc>Fails if ``key`` is not found from ``dictionary``.</doc>
<status status="PASS" start="2024-06-16T19:13:35.838307" elapsed="0.000372"/>
</kw>
<kw name="Log" owner="BuiltIn">
<msg time="2024-06-16T19:13:35.839006" level="INFO">password</msg>
<arg>${keyTwo}</arg>
<doc>Logs the given message with the given level.</doc>
<status status="PASS" start="2024-06-16T19:13:35.838858" elapsed="0.000197"/>
</kw>
<var name="${keyTwo}">password</var>
<status status="PASS" start="2024-06-16T19:13:35.837641" elapsed="0.001644"/>
</iter>
<var>${keyTwo}</var>
<value>@{expected_keysTwo}</value>
<status status="PASS" start="2024-06-16T19:13:35.835694" elapsed="0.003715"/>
</for>
<status status="PASS" start="2024-06-16T19:13:35.726216" elapsed="0.113338"/>
</kw>
<doc>Testa a estrutura da resposta da API.</doc>
<tag>testeEstruturaResposta</tag>
<status status="PASS" start="2024-06-16T19:13:35.725401" elapsed="0.114313"/>
</test>
<test id="s1-s1-t4" name="Validar tipos de dados" line="28">
<kw name="Teste de Tipos de Dados" owner="random-user-service">
<kw name="GET On Session" owner="RequestsLibrary">
<msg time="2024-06-16T19:13:35.935729" level="INFO">GET Request : url=https://randomuser.me/api 
 path_url=/api 
 headers={'User-Agent': 'python-requests/2.32.3', 'Accept-Encoding': 'gzip, deflate', 'Accept': '*/*', 'Connection': 'keep-alive'} 
 body=None 
 </msg>
<msg time="2024-06-16T19:13:35.935828" level="INFO">GET Response : url=https://randomuser.me/api 
 status=200, reason=OK 
 headers={'Date': 'Sun, 16 Jun 2024 19:13:35 GMT', 'Content-Type': 'application/json; charset=utf-8', 'Transfer-Encoding': 'chunked', 'Connection': 'keep-alive', 'X-Powered-By': 'Express', 'Access-Control-Allow-Origin': '*', 'Cache-Control': 'no-cache', 'ETag': 'W/"46e-scyMPCjpdRKyF08EIVVTqVwYfrU"', 'Vary': 'Accept-Encoding', 'Content-Encoding': 'gzip', 'CF-Cache-Status': 'DYNAMIC', 'Report-To': '{"endpoints":[{"url":"https:\\/\\/a.nel.cloudflare.com\\/report\\/v4?s=nF%2FUWzAhq6wfI0pU%2FLyrApgpetM%2FClFg%2FZoVC20n8HKxRiHLl9w095LNNv5heyMJp1zRgIY7Jg6PN1kvRKvtBELPAerbWuGCvPnkAnvP41jJZzOrYK%2B2vPOtHd92pXjm"}],"group":"cf-nel","max_age":604800}', 'NEL': '{"success_fraction":0,"report_to":"cf-nel","max_age":604800}', 'Server': 'cloudflare', 'CF-RAY': '894d1e3709e52c38-ORD', 'alt-svc': 'h3=":443"; ma=86400'} 
 body={"results":[{"gender":"male","name":{"title":"Mr","first":"Vincent","last":"Walker"},"location":{"street":{"number":5078,"name":"Mt Wellington Highway"},"city":"Dunedin","state":"Nelson","country":"New Zealand","postcode":50695,"coordinates":{"latitude":"53.0816","longitude":"-73.5640"},"timezone":{"offset":"+4:30","description":"Kabul"}},"email":"vincent.walker@example.com","login":{"uuid":"fca89277-7ffb-453c-baf3-e161b965f39b","username":"whiteduck898","password":"orioles","salt":"C70SvoXB","md5":"7e9b0bb0c30b6f2f553b6bd401d5e6ae","sha1":"a712f2dc4a82e14209ae1bb509ff3d041eccaed9","sha256":"b167e1a5b31d4cd1579e9644e058acb53f3de9633cd7d28096831a6f6eee639f"},"dob":{"date":"1949-01-12T18:39:10.203Z","age":75},"registered":{"date":"2009-10-22T04:57:17.150Z","age":14},"phone":"(764)-392-6732","cell":"(536)-428-1120","id":{"name":"","value":null},"picture":{"large":"https://randomuser.me/api/portraits/men/7.jpg","medium":"https://randomuser.me/api/portraits/med/men/7.jpg","thumbnail":"https://randomuser.me/api/portraits/thumb/men/7.jpg"},"nat":"NZ"}],"info":{"seed":"d00e5166ee28e5e4","results":1,"page":1,"version":"1.4"}} 
 </msg>
<msg time="2024-06-16T19:13:35.935902" level="INFO">/opt/hostedtoolcache/Python/3.12.3/x64/lib/python3.12/site-packages/urllib3/connectionpool.py:1103: InsecureRequestWarning: Unverified HTTPS request is being made to host 'randomuser.me'. Adding certificate verification is strongly advised. See: https://urllib3.readthedocs.io/en/latest/advanced-usage.html#tls-warnings
  warnings.warn(</msg>
<msg time="2024-06-16T19:13:35.936028" level="INFO">${response} = &lt;Response [200]&gt;</msg>
<var>${response}</var>
<arg>consultarAPI</arg>
<arg>/api</arg>
<doc>Sends a GET request on a previously created HTTP Session.</doc>
<status status="PASS" start="2024-06-16T19:13:35.842194" elapsed="0.093875"/>
</kw>
<kw name="Set Variable" owner="BuiltIn">
<msg time="2024-06-16T19:13:35.937099" level="INFO">${json_data} = {'results': [{'gender': 'male', 'name': {'title': 'Mr', 'first': 'Vincent', 'last': 'Walker'}, 'location': {'street': {'number': 5078, 'name': 'Mt Wellington Highway'}, 'city': 'Dunedin', 'state': 'Ne...</msg>
<var>${json_data}</var>
<arg>${response.json()}</arg>
<doc>Returns the given values which can then be assigned to a variables.</doc>
<status status="PASS" start="2024-06-16T19:13:35.936586" elapsed="0.000542"/>
</kw>
<kw name="Log" owner="BuiltIn">
<msg time="2024-06-16T19:13:35.937608" level="INFO">{'results': [{'gender': 'male', 'name': {'title': 'Mr', 'first': 'Vincent', 'last': 'Walker'}, 'location': {'street': {'number': 5078, 'name': 'Mt Wellington Highway'}, 'city': 'Dunedin', 'state': 'Nelson', 'country': 'New Zealand', 'postcode': 50695, 'coordinates': {'latitude': '53.0816', 'longitude': '-73.5640'}, 'timezone': {'offset': '+4:30', 'description': 'Kabul'}}, 'email': 'vincent.walker@example.com', 'login': {'uuid': 'fca89277-7ffb-453c-baf3-e161b965f39b', 'username': 'whiteduck898', 'password': 'orioles', 'salt': 'C70SvoXB', 'md5': '7e9b0bb0c30b6f2f553b6bd401d5e6ae', 'sha1': 'a712f2dc4a82e14209ae1bb509ff3d041eccaed9', 'sha256': 'b167e1a5b31d4cd1579e9644e058acb53f3de9633cd7d28096831a6f6eee639f'}, 'dob': {'date': '1949-01-12T18:39:10.203Z', 'age': 75}, 'registered': {'date': '2009-10-22T04:57:17.150Z', 'age': 14}, 'phone': '(764)-392-6732', 'cell': '(536)-428-1120', 'id': {'name': '', 'value': None}, 'picture': {'large': 'https://randomuser.me/api/portraits/men/7.jpg', 'medium': 'https://randomuser.me/api/portraits/med/men/7.jpg', 'thumbnail': 'https://randomuser.me/api/portraits/thumb/men/7.jpg'}, 'nat': 'NZ'}], 'info': {'seed': 'd00e5166ee28e5e4', 'results': 1, 'page': 1, 'version': '1.4'}}</msg>
<arg>${json_data}</arg>
<doc>Logs the given message with the given level.</doc>
<status status="PASS" start="2024-06-16T19:13:35.937453" elapsed="0.000213"/>
</kw>
<kw name="Should Be String" owner="String">
<arg>${json_data['results'][0]['gender']}</arg>
<doc>Fails if the given ``item`` is not a string.</doc>
<status status="PASS" start="2024-06-16T19:13:35.937959" elapsed="0.000382"/>
</kw>
<kw name="Should Match Regexp" owner="BuiltIn">
<arg>${json_data['results'][0]['email']}</arg>
<arg>^[a-zA-Z0-9._%+-]+@[a-zA-Z0-9.-]+\.[a-zA-Z]{2,}$</arg>
<doc>Fails if ``string`` does not match ``pattern`` as a regular expression.</doc>
<status status="PASS" start="2024-06-16T19:13:35.938536" elapsed="0.000549"/>
</kw>
<kw name="Should Match Regexp" owner="BuiltIn">
<arg>${json_data['results'][0]['dob']['date']}</arg>
<arg>\\d{4}-\\d{2}-\\d{2}T\\d{2}:\\d{2}:\\d{2}\\.\\d{3}Z</arg>
<doc>Fails if ``string`` does not match ``pattern`` as a regular expression.</doc>
<status status="PASS" start="2024-06-16T19:13:35.939325" elapsed="0.000499"/>
</kw>
<kw name="Should Match Regexp" owner="BuiltIn">
<arg>${json_data['results'][0]['registered']['date']}</arg>
<arg>\\d{4}-\\d{2}-\\d{2}T\\d{2}:\\d{2}:\\d{2}\\.\\d{3}Z</arg>
<doc>Fails if ``string`` does not match ``pattern`` as a regular expression.</doc>
<status status="PASS" start="2024-06-16T19:13:35.940018" elapsed="0.000371"/>
</kw>
<kw name="Should Match Regexp" owner="BuiltIn">
<arg>${json_data['results'][0]['picture']['large']}</arg>
<arg>^https?://.*\.(?:png|jpe?g|gif|bmp)$</arg>
<doc>Fails if ``string`` does not match ``pattern`` as a regular expression.</doc>
<status status="PASS" start="2024-06-16T19:13:35.940577" elapsed="0.000450"/>
</kw>
<kw name="Should Match Regexp" owner="BuiltIn">
<arg>${json_data['results'][0]['picture']['medium']}</arg>
<arg>^https?://.*\.(?:png|jpe?g|gif|bmp)$</arg>
<doc>Fails if ``string`` does not match ``pattern`` as a regular expression.</doc>
<status status="PASS" start="2024-06-16T19:13:35.941223" elapsed="0.000352"/>
</kw>
<kw name="Should Match Regexp" owner="BuiltIn">
<arg>${json_data['results'][0]['picture']['thumbnail']}</arg>
<arg>^https?://.*\.(?:png|jpe?g|gif|bmp)$</arg>
<doc>Fails if ``string`` does not match ``pattern`` as a regular expression.</doc>
<status status="PASS" start="2024-06-16T19:13:35.941766" elapsed="0.000345"/>
</kw>
<kw name="Log" owner="BuiltIn">
<msg time="2024-06-16T19:13:35.942623" level="INFO">{'large': 'https://randomuser.me/api/portraits/men/7.jpg', 'medium': 'https://randomuser.me/api/portraits/med/men/7.jpg', 'thumbnail': 'https://randomuser.me/api/portraits/thumb/men/7.jpg'}</msg>
<arg>${json_data['results'][0]['picture']}</arg>
<doc>Logs the given message with the given level.</doc>
<status status="PASS" start="2024-06-16T19:13:35.942294" elapsed="0.000372"/>
</kw>
<status status="PASS" start="2024-06-16T19:13:35.841960" elapsed="0.100968"/>
</kw>
<kw name="Teste de Tipos de Dados - Postcode" owner="random-user-service">
<kw name="GET On Session" owner="RequestsLibrary">
<msg time="2024-06-16T19:13:36.021509" level="INFO">GET Request : url=https://randomuser.me/api 
 path_url=/api 
 headers={'User-Agent': 'python-requests/2.32.3', 'Accept-Encoding': 'gzip, deflate', 'Accept': '*/*', 'Connection': 'keep-alive'} 
 body=None 
 </msg>
<msg time="2024-06-16T19:13:36.021614" level="INFO">GET Response : url=https://randomuser.me/api 
 status=200, reason=OK 
 headers={'Date': 'Sun, 16 Jun 2024 19:13:36 GMT', 'Content-Type': 'application/json; charset=utf-8', 'Transfer-Encoding': 'chunked', 'Connection': 'keep-alive', 'X-Powered-By': 'Express', 'Access-Control-Allow-Origin': '*', 'Cache-Control': 'no-cache', 'ETag': 'W/"483-j64Fecnr6LyoiKCvGQBbKOBZvyk"', 'Vary': 'Accept-Encoding', 'Content-Encoding': 'gzip', 'CF-Cache-Status': 'DYNAMIC', 'Report-To': '{"endpoints":[{"url":"https:\\/\\/a.nel.cloudflare.com\\/report\\/v4?s=aWntlmw8eRTj70GFcKj80Vc0rF%2BnLVInVHGKrPzpu0bxeZweCDMzMrNUF5YZT%2Fn%2B4oPMP2RwKBgE2T3zC1Aluvm%2F0AfFXgUX8ZoaMSlzWZbHB8%2FJj8bawrPJqyZjCG0Z"}],"group":"cf-nel","max_age":604800}', 'NEL': '{"success_fraction":0,"report_to":"cf-nel","max_age":604800}', 'Server': 'cloudflare', 'CF-RAY': '894d1e37aa772c38-ORD', 'alt-svc': 'h3=":443"; ma=86400'} 
 body={"results":[{"gender":"male","name":{"title":"Mr","first":"Alex","last":"Anderson"},"location":{"street":{"number":9826,"name":"Albany Expressway"},"city":"Whanganui","state":"Taranaki","country":"New Zealand","postcode":40656,"coordinates":{"latitude":"53.1846","longitude":"-100.1721"},"timezone":{"offset":"+7:00","description":"Bangkok, Hanoi, Jakarta"}},"email":"alex.anderson@example.com","login":{"uuid":"00df0fb5-c0d5-45ba-951d-c7919041e2fd","username":"beautifulsnake796","password":"flyers","salt":"Ya3tuTOv","md5":"245f42e3423430af6ebf861d33e35d92","sha1":"2504b50157f6faa1cf1c9905b597b1f8d79f867c","sha256":"675672f86f1a7ae7db5ac4a30c4cb3a0d38a8726a457fa4a686b313359574fbd"},"dob":{"date":"1972-02-26T14:03:14.582Z","age":52},"registered":{"date":"2013-10-25T14:11:44.394Z","age":10},"phone":"(502)-081-9819","cell":"(489)-619-1244","id":{"name":"","value":null},"picture":{"large":"https://randomuser.me/api/portraits/men/6.jpg","medium":"https://randomuser.me/api/portraits/med/men/6.jpg","thumbnail":"https://randomuser.me/api/portraits/thumb/men/6.jpg"},"nat":"NZ"}],"info":{"seed":"41a6f8788907669d","results":1,"page":1,"version":"1.4"}} 
 </msg>
<msg time="2024-06-16T19:13:36.021713" level="INFO">/opt/hostedtoolcache/Python/3.12.3/x64/lib/python3.12/site-packages/urllib3/connectionpool.py:1103: InsecureRequestWarning: Unverified HTTPS request is being made to host 'randomuser.me'. Adding certificate verification is strongly advised. See: https://urllib3.readthedocs.io/en/latest/advanced-usage.html#tls-warnings
  warnings.warn(</msg>
<msg time="2024-06-16T19:13:36.021835" level="INFO">${response} = &lt;Response [200]&gt;</msg>
<var>${response}</var>
<arg>consultarAPI</arg>
<arg>/api</arg>
<doc>Sends a GET request on a previously created HTTP Session.</doc>
<status status="PASS" start="2024-06-16T19:13:35.943434" elapsed="0.078427"/>
</kw>
<kw name="Set Variable" owner="BuiltIn">
<msg time="2024-06-16T19:13:36.022876" level="INFO">${json_data} = {'results': [{'gender': 'male', 'name': {'title': 'Mr', 'first': 'Alex', 'last': 'Anderson'}, 'location': {'street': {'number': 9826, 'name': 'Albany Expressway'}, 'city': 'Whanganui', 'state': 'Taran...</msg>
<var>${json_data}</var>
<arg>${response.json()}</arg>
<doc>Returns the given values which can then be assigned to a variables.</doc>
<status status="PASS" start="2024-06-16T19:13:36.022370" elapsed="0.000533"/>
</kw>
<kw name="Log" owner="BuiltIn">
<msg time="2024-06-16T19:13:36.023412" level="INFO">{'results': [{'gender': 'male', 'name': {'title': 'Mr', 'first': 'Alex', 'last': 'Anderson'}, 'location': {'street': {'number': 9826, 'name': 'Albany Expressway'}, 'city': 'Whanganui', 'state': 'Taranaki', 'country': 'New Zealand', 'postcode': 40656, 'coordinates': {'latitude': '53.1846', 'longitude': '-100.1721'}, 'timezone': {'offset': '+7:00', 'description': 'Bangkok, Hanoi, Jakarta'}}, 'email': 'alex.anderson@example.com', 'login': {'uuid': '00df0fb5-c0d5-45ba-951d-c7919041e2fd', 'username': 'beautifulsnake796', 'password': 'flyers', 'salt': 'Ya3tuTOv', 'md5': '245f42e3423430af6ebf861d33e35d92', 'sha1': '2504b50157f6faa1cf1c9905b597b1f8d79f867c', 'sha256': '675672f86f1a7ae7db5ac4a30c4cb3a0d38a8726a457fa4a686b313359574fbd'}, 'dob': {'date': '1972-02-26T14:03:14.582Z', 'age': 52}, 'registered': {'date': '2013-10-25T14:11:44.394Z', 'age': 10}, 'phone': '(502)-081-9819', 'cell': '(489)-619-1244', 'id': {'name': '', 'value': None}, 'picture': {'large': 'https://randomuser.me/api/portraits/men/6.jpg', 'medium': 'https://randomuser.me/api/portraits/med/men/6.jpg', 'thumbnail': 'https://randomuser.me/api/portraits/thumb/men/6.jpg'}, 'nat': 'NZ'}], 'info': {'seed': '41a6f8788907669d', 'results': 1, 'page': 1, 'version': '1.4'}}</msg>
<arg>${json_data}</arg>
<doc>Logs the given message with the given level.</doc>
<status status="PASS" start="2024-06-16T19:13:36.023255" elapsed="0.000204"/>
</kw>
<kw name="Should Be Equal As Numbers" owner="BuiltIn">
<arg>${json_data['results'][0]['location']['postcode']}</arg>
<arg>${json_data['results'][0]['location']['postcode']}</arg>
<doc>Fails if objects are unequal after converting them to real numbers.</doc>
<status status="PASS" start="2024-06-16T19:13:36.023754" elapsed="0.000614"/>
</kw>
<kw name="Log" owner="BuiltIn">
<msg time="2024-06-16T19:13:36.024900" level="INFO">40656</msg>
<arg>${json_data['results'][0]['location']['postcode']}</arg>
<doc>Logs the given message with the given level.</doc>
<status status="PASS" start="2024-06-16T19:13:36.024565" elapsed="0.000374"/>
</kw>
<status status="PASS" start="2024-06-16T19:13:35.943188" elapsed="0.082038"/>
</kw>
<doc>Testa se os tipos de dados na resposta da API estão corretos.</doc>
<tag>testeTiposDados</tag>
<status status="PASS" start="2024-06-16T19:13:35.841467" elapsed="0.183929"/>
</test>
<test id="s1-s1-t5" name="Validar conteudo" line="35">
<kw name="Teste de Tipos de Conteudo" owner="random-user-service">
<kw name="GET On Session" owner="RequestsLibrary">
<msg time="2024-06-16T19:13:36.120241" level="INFO">GET Request : url=https://randomuser.me/api 
 path_url=/api 
 headers={'User-Agent': 'python-requests/2.32.3', 'Accept-Encoding': 'gzip, deflate', 'Accept': '*/*', 'Connection': 'keep-alive'} 
 body=None 
 </msg>
<msg time="2024-06-16T19:13:36.120339" level="INFO">GET Response : url=https://randomuser.me/api 
 status=200, reason=OK 
 headers={'Date': 'Sun, 16 Jun 2024 19:13:36 GMT', 'Content-Type': 'application/json; charset=utf-8', 'Transfer-Encoding': 'chunked', 'Connection': 'keep-alive', 'X-Powered-By': 'Express', 'Access-Control-Allow-Origin': '*', 'Cache-Control': 'no-cache', 'ETag': 'W/"492-Iqbii0b0UEIkhoAxJpke89Z5NtY"', 'Vary': 'Accept-Encoding', 'Content-Encoding': 'gzip', 'CF-Cache-Status': 'DYNAMIC', 'Report-To': '{"endpoints":[{"url":"https:\\/\\/a.nel.cloudflare.com\\/report\\/v4?s=WnrtLJuIvE4aPY%2F4ixXvxh40dX05DX7OoimnCk5%2BuTZ5gilRZsKhu5Eu2vQXfLKYMFIEQ%2FJAHqz%2FqwMcXRxkDWqRzAX%2BwRhnRPJxNesdDUfZNZr%2Bp94HvEGbtIpAdb4m"}],"group":"cf-nel","max_age":604800}', 'NEL': '{"success_fraction":0,"report_to":"cf-nel","max_age":604800}', 'Server': 'cloudflare', 'CF-RAY': '894d1e382af92c38-ORD', 'alt-svc': 'h3=":443"; ma=86400'} 
 body={"results":[{"gender":"male","name":{"title":"Mr","first":"Mathis","last":"Picard"},"location":{"street":{"number":3596,"name":"Rue Abel"},"city":"Brest","state":"Seine-et-Marne","country":"France","postcode":32701,"coordinates":{"latitude":"-16.9497","longitude":"-114.7684"},"timezone":{"offset":"+5:30","description":"Bombay, Calcutta, Madras, New Delhi"}},"email":"mathis.picard@example.com","login":{"uuid":"acb553d4-d09b-494e-ac42-539333f9321c","username":"crazycat404","password":"rolex","salt":"3aMRMt5N","md5":"2076e10f95832c6bff043d3df605674e","sha1":"916793ebbf1fcfc482106a002bddea815aa37e50","sha256":"78ba491c1152bc12749e8ee75efcc0f659902f69d67dfdbcbe09cc3bfffad5e8"},"dob":{"date":"1956-09-25T18:44:14.266Z","age":67},"registered":{"date":"2014-07-03T09:56:00.712Z","age":9},"phone":"02-29-52-10-80","cell":"06-79-07-50-62","id":{"name":"INSEE","value":"1560896261081 23"},"picture":{"large":"https://randomuser.me/api/portraits/men/21.jpg","medium":"https://randomuser.me/api/portraits/med/men/21.jpg","thumbnail":"https://randomuser.me/api/portraits/thumb/men/21.jpg"},"nat":"FR"}],"info":{"seed":"4760ebf2f6e24b68","results":1,"page":1,"version":"1.4"}} 
 </msg>
<msg time="2024-06-16T19:13:36.120412" level="INFO">/opt/hostedtoolcache/Python/3.12.3/x64/lib/python3.12/site-packages/urllib3/connectionpool.py:1103: InsecureRequestWarning: Unverified HTTPS request is being made to host 'randomuser.me'. Adding certificate verification is strongly advised. See: https://urllib3.readthedocs.io/en/latest/advanced-usage.html#tls-warnings
  warnings.warn(</msg>
<msg time="2024-06-16T19:13:36.120534" level="INFO">${response} = &lt;Response [200]&gt;</msg>
<var>${response}</var>
<arg>consultarAPI</arg>
<arg>/api</arg>
<doc>Sends a GET request on a previously created HTTP Session.</doc>
<status status="PASS" start="2024-06-16T19:13:36.027922" elapsed="0.092642"/>
</kw>
<kw name="Set Variable" owner="BuiltIn">
<msg time="2024-06-16T19:13:36.121617" level="INFO">${json_data} = {'results': [{'gender': 'male', 'name': {'title': 'Mr', 'first': 'Mathis', 'last': 'Picard'}, 'location': {'street': {'number': 3596, 'name': 'Rue Abel'}, 'city': 'Brest', 'state': 'Seine-et-Marne', '...</msg>
<var>${json_data}</var>
<arg>${response.json()}</arg>
<doc>Returns the given values which can then be assigned to a variables.</doc>
<status status="PASS" start="2024-06-16T19:13:36.121104" elapsed="0.000540"/>
</kw>
<kw name="Set Variable" owner="BuiltIn">
<msg time="2024-06-16T19:13:36.122334" level="INFO">${name_title} = Mr</msg>
<var>${name_title}</var>
<arg>${json_data["results"][0]["name"]["title"]}</arg>
<doc>Returns the given values which can then be assigned to a variables.</doc>
<status status="PASS" start="2024-06-16T19:13:36.121953" elapsed="0.000406"/>
</kw>
<kw name="Create List" owner="BuiltIn">
<msg time="2024-06-16T19:13:36.122812" level="INFO">${allowed_titles} = ['Mr', 'Ms', 'Miss', 'Mrs', 'Madame', 'Monsieur']</msg>
<var>${allowed_titles}</var>
<arg>Mr</arg>
<arg>Ms</arg>
<arg>Miss</arg>
<arg>Mrs</arg>
<arg>Madame</arg>
<arg>Monsieur</arg>
<doc>Returns a list containing given items.</doc>
<status status="PASS" start="2024-06-16T19:13:36.122663" elapsed="0.000173"/>
</kw>
<kw name="List Should Contain Value" owner="Collections">
<arg>${allowed_titles}</arg>
<arg>${name_title}</arg>
<doc>Fails if the ``value`` is not found from ``list``.</doc>
<status status="PASS" start="2024-06-16T19:13:36.123193" elapsed="0.000182"/>
</kw>
<kw name="Set Variable" owner="BuiltIn">
<msg time="2024-06-16T19:13:36.123929" level="INFO">${name_country} = FR</msg>
<var>${name_country}</var>
<arg>${json_data["results"][0]["nat"]}</arg>
<doc>Returns the given values which can then be assigned to a variables.</doc>
<status status="PASS" start="2024-06-16T19:13:36.123556" elapsed="0.000398"/>
</kw>
<kw name="Create List" owner="BuiltIn">
<msg time="2024-06-16T19:13:36.124847" level="INFO">${list_country} = ['AD', 'AE', 'AF', 'AG', 'AI', 'AL', 'AM', 'AO', 'AQ', 'AR', 'AS', 'AT', 'AU', 'AW', 'AX', 'AZ', 'BA', 'BB', 'BD', 'BE', 'BF', 'BG', 'BH', 'BI', 'BJ', 'BL', 'BM', 'BN', 'BO', 'BQ', 'BR', 'BS', 'BT', '...</msg>
<var>${list_country}</var>
<arg>AD</arg>
<arg>AE</arg>
<arg>AF</arg>
<arg>AG</arg>
<arg>AI</arg>
<arg>AL</arg>
<arg>AM</arg>
<arg>AO</arg>
<arg>AQ</arg>
<arg>AR</arg>
<arg>AS</arg>
<arg>AT</arg>
<arg>AU</arg>
<arg>AW</arg>
<arg>AX</arg>
<arg>AZ</arg>
<arg>BA</arg>
<arg>BB</arg>
<arg>BD</arg>
<arg>BE</arg>
<arg>BF</arg>
<arg>BG</arg>
<arg>BH</arg>
<arg>BI</arg>
<arg>BJ</arg>
<arg>BL</arg>
<arg>BM</arg>
<arg>BN</arg>
<arg>BO</arg>
<arg>BQ</arg>
<arg>BR</arg>
<arg>BS</arg>
<arg>BT</arg>
<arg>BV</arg>
<arg>BW</arg>
<arg>BY</arg>
<arg>BZ</arg>
<arg>CA</arg>
<arg>CC</arg>
<arg>CD</arg>
<arg>CF</arg>
<arg>CG</arg>
<arg>CH</arg>
<arg>CI</arg>
<arg>CK</arg>
<arg>CL</arg>
<arg>CM</arg>
<arg>CN</arg>
<arg>CO</arg>
<arg>CR</arg>
<arg>CU</arg>
<arg>CV</arg>
<arg>CW</arg>
<arg>CX</arg>
<arg>CY</arg>
<arg>CZ</arg>
<arg>DE</arg>
<arg>DJ</arg>
<arg>DK</arg>
<arg>DM</arg>
<arg>DO</arg>
<arg>DZ</arg>
<arg>EC</arg>
<arg>EE</arg>
<arg>EG</arg>
<arg>EH</arg>
<arg>ER</arg>
<arg>ES</arg>
<arg>ET</arg>
<arg>FI</arg>
<arg>FJ</arg>
<arg>FK</arg>
<arg>FM</arg>
<arg>FO</arg>
<arg>FR</arg>
<arg>GA</arg>
<arg>GB</arg>
<arg>GD</arg>
<arg>GE</arg>
<arg>GF</arg>
<arg>GG</arg>
<arg>GH</arg>
<arg>GI</arg>
<arg>GL</arg>
<arg>GM</arg>
<arg>GN</arg>
<arg>GP</arg>
<arg>GQ</arg>
<arg>GR</arg>
<arg>GS</arg>
<arg>GT</arg>
<arg>GU</arg>
<arg>GW</arg>
<arg>GY</arg>
<arg>HK</arg>
<arg>HM</arg>
<arg>HN</arg>
<arg>HR</arg>
<arg>HT</arg>
<arg>HU</arg>
<arg>ID</arg>
<arg>IE</arg>
<arg>IL</arg>
<arg>IM</arg>
<arg>IN</arg>
<arg>IO</arg>
<arg>IQ</arg>
<arg>IR</arg>
<arg>IS</arg>
<arg>IT</arg>
<arg>JE</arg>
<arg>JM</arg>
<arg>JO</arg>
<arg>JP</arg>
<arg>KE</arg>
<arg>KG</arg>
<arg>KH</arg>
<arg>KI</arg>
<arg>KM</arg>
<arg>KN</arg>
<arg>KP</arg>
<arg>KR</arg>
<arg>KW</arg>
<arg>KY</arg>
<arg>KZ</arg>
<arg>LA</arg>
<arg>LB</arg>
<arg>LC</arg>
<arg>LI</arg>
<arg>LK</arg>
<arg>LR</arg>
<arg>LS</arg>
<arg>LT</arg>
<arg>LU</arg>
<arg>LV</arg>
<arg>LY</arg>
<arg>MA</arg>
<arg>MC</arg>
<arg>MD</arg>
<arg>ME</arg>
<arg>MF</arg>
<arg>MG</arg>
<arg>MH</arg>
<arg>MK</arg>
<arg>ML</arg>
<arg>MM</arg>
<arg>MN</arg>
<arg>MO</arg>
<arg>MP</arg>
<arg>MQ</arg>
<arg>MR</arg>
<arg>MS</arg>
<arg>MT</arg>
<arg>MU</arg>
<arg>MV</arg>
<arg>MW</arg>
<arg>MX</arg>
<arg>MY</arg>
<arg>MZ</arg>
<arg>NA</arg>
<arg>NC</arg>
<arg>NE</arg>
<arg>NF</arg>
<arg>NG</arg>
<arg>NI</arg>
<arg>NL</arg>
<arg>NO</arg>
<arg>NP</arg>
<arg>NR</arg>
<arg>NU</arg>
<arg>NZ</arg>
<arg>OM</arg>
<arg>PA</arg>
<arg>PE</arg>
<arg>PF</arg>
<arg>PG</arg>
<arg>PH</arg>
<arg>PK</arg>
<arg>PL</arg>
<arg>PM</arg>
<arg>PN</arg>
<arg>PR</arg>
<arg>PS</arg>
<arg>PT</arg>
<arg>PW</arg>
<arg>PY</arg>
<arg>QA</arg>
<arg>RE</arg>
<arg>RO</arg>
<arg>RS</arg>
<arg>RU</arg>
<arg>RW</arg>
<arg>SA</arg>
<arg>SB</arg>
<arg>SC</arg>
<arg>SD</arg>
<arg>SE</arg>
<arg>SG</arg>
<arg>SH</arg>
<arg>SI</arg>
<arg>SJ</arg>
<arg>SK</arg>
<arg>SL</arg>
<arg>SM</arg>
<arg>SN</arg>
<arg>SO</arg>
<arg>SR</arg>
<arg>SS</arg>
<arg>ST</arg>
<arg>SV</arg>
<arg>SX</arg>
<arg>SY</arg>
<arg>SZ</arg>
<arg>TC</arg>
<arg>TD</arg>
<arg>TF</arg>
<arg>TG</arg>
<arg>TH</arg>
<arg>TJ</arg>
<arg>TK</arg>
<arg>TL</arg>
<arg>TM</arg>
<arg>TN</arg>
<arg>TO</arg>
<arg>TR</arg>
<arg>TT</arg>
<arg>TV</arg>
<arg>TW</arg>
<arg>TZ</arg>
<arg>UA</arg>
<arg>UG</arg>
<arg>UM</arg>
<arg>US</arg>
<arg>UY</arg>
<arg>UZ</arg>
<arg>VA</arg>
<arg>VC</arg>
<arg>VE</arg>
<arg>VG</arg>
<arg>VI</arg>
<arg>VN</arg>
<arg>VU</arg>
<arg>WF</arg>
<arg>WS</arg>
<arg>XK</arg>
<arg>YE</arg>
<arg>YT</arg>
<arg>ZA</arg>
<arg>ZM</arg>
<arg>ZW</arg>
<doc>Returns a list containing given items.</doc>
<status status="PASS" start="2024-06-16T19:13:36.124248" elapsed="0.000624"/>
</kw>
<kw name="List Should Contain Value" owner="Collections">
<arg>${list_country}</arg>
<arg>${name_country}</arg>
<doc>Fails if the ``value`` is not found from ``list``.</doc>
<status status="PASS" start="2024-06-16T19:13:36.125671" elapsed="0.000203"/>
</kw>
<kw name="Run Keyword If" owner="BuiltIn">
<kw name="Should Be True" owner="BuiltIn">
<arg>${True}</arg>
<doc>Fails if the given condition is not true.</doc>
<status status="PASS" start="2024-06-16T19:13:36.126976" elapsed="0.000153"/>
</kw>
<arg>${json_data["results"][0]["location"]["coordinates"]["latitude"]} &gt;= -90 and ${json_data["results"][0]["location"]["coordinates"]["latitude"]} &lt;= 90</arg>
<arg>Should Be True</arg>
<arg>${True}</arg>
<doc>Runs the given keyword with the given arguments, if ``condition`` is true.</doc>
<status status="PASS" start="2024-06-16T19:13:36.126072" elapsed="0.001186"/>
</kw>
<kw name="Run Keyword If" owner="BuiltIn">
<kw name="Should Be True" owner="BuiltIn">
<arg>${True}</arg>
<doc>Fails if the given condition is not true.</doc>
<status status="PASS" start="2024-06-16T19:13:36.128136" elapsed="0.000140"/>
</kw>
<arg>${json_data["results"][0]["location"]["coordinates"]["longitude"]} &gt;= -180 and ${json_data["results"][0]["location"]["coordinates"]["longitude"]} &lt;= 180</arg>
<arg>Should Be True</arg>
<arg>${True}</arg>
<doc>Runs the given keyword with the given arguments, if ``condition`` is true.</doc>
<status status="PASS" start="2024-06-16T19:13:36.127443" elapsed="0.000958"/>
</kw>
<status status="PASS" start="2024-06-16T19:13:36.027695" elapsed="0.100883"/>
</kw>
<doc>Testa o conteúdo específico dos campos retornados pela API.</doc>
<tag>testeConteudo</tag>
<status status="PASS" start="2024-06-16T19:13:36.027166" elapsed="0.101567"/>
</test>
<status status="PASS" start="2024-06-16T19:13:34.970308" elapsed="1.160381"/>
</suite>
<status status="PASS" start="2024-06-16T19:13:34.948530" elapsed="1.187271"/>
</suite>
<statistics>
<total>
<stat pass="5" fail="0" skip="0">All Tests</stat>
</total>
<tag>
<stat pass="1" fail="0" skip="0">testeConteudo</stat>
<stat pass="1" fail="0" skip="0">testeEstruturaResposta</stat>
<stat pass="1" fail="0" skip="0">testeRequisicaoBasica</stat>
<stat pass="1" fail="0" skip="0">testeTiposDados</stat>
</tag>
<suite>
<stat pass="5" fail="0" skip="0" id="s1" name="Tests">Tests</stat>
<stat pass="5" fail="0" skip="0" id="s1-s1" name="Random-User-Test">Tests.Random-User-Test</stat>
</suite>
</statistics>
<errors>
</errors>
</robot>
