<?xml version="1.0" encoding="UTF-8"?>
<robot generator="Robot 7.0 (Python 3.12.3 on linux)" generated="2024-06-05T14:15:40.851947" rpa="false" schemaversion="5">
<suite id="s1" name="Tests" source="/home/runner/work/ApiRandomUser/ApiRandomUser/RamdonUser/tests">
<suite id="s1-s1" name="Random-User-Test" source="/home/runner/work/ApiRandomUser/ApiRandomUser/RamdonUser/tests/random-user-test.robot">
<test id="s1-s1-t1" name="Conectar" line="13">
<kw name="Conectar API" owner="random-user-service">
<kw name="Create Session" owner="RequestsLibrary">
<msg time="2024-06-05T14:15:41.260052" level="INFO">Creating Session using : alias=consultarAPI, url=https://randomuser.me/, headers={},                     cookies={}, auth=None, timeout=None, proxies=None, verify=False,                     debug=0 </msg>
<arg>consultarAPI</arg>
<arg>${URL}</arg>
<doc>Create Session: create a HTTP session to a server</doc>
<status status="PASS" start="2024-06-05T14:15:41.259836" elapsed="0.000395"/>
</kw>
<status status="PASS" start="2024-06-05T14:15:41.258853" elapsed="0.001749"/>
</kw>
<status status="PASS" start="2024-06-05T14:15:41.258296" elapsed="0.002506"/>
</test>
<test id="s1-s1-t2" name="Validar retorno 200 e JSON Válido" line="16">
<kw name="Teste de Requisicao Basica" owner="random-user-service">
<kw name="GET On Session" owner="RequestsLibrary">
<msg time="2024-06-05T14:15:41.597996" level="INFO">GET Request : url=https://randomuser.me/api 
 path_url=/api 
 headers={'User-Agent': 'python-requests/2.32.3', 'Accept-Encoding': 'gzip, deflate', 'Accept': '*/*', 'Connection': 'keep-alive'} 
 body=None 
 </msg>
<msg time="2024-06-05T14:15:41.598153" level="INFO">GET Response : url=https://randomuser.me/api 
 status=200, reason=OK 
 headers={'Date': 'Wed, 05 Jun 2024 14:15:41 GMT', 'Content-Type': 'application/json; charset=utf-8', 'Transfer-Encoding': 'chunked', 'Connection': 'keep-alive', 'X-Powered-By': 'Express', 'Access-Control-Allow-Origin': '*', 'Cache-Control': 'no-cache', 'ETag': 'W/"47d-ilj44/FxiMzVi2moQFf3sdUa5uI"', 'Vary': 'Accept-Encoding', 'Content-Encoding': 'gzip', 'CF-Cache-Status': 'DYNAMIC', 'Report-To': '{"endpoints":[{"url":"https:\\/\\/a.nel.cloudflare.com\\/report\\/v4?s=MXS4sllNOdwixI%2BzM4O1j7RWDJKQKthmorwRNNfN6usn4Iw1boh4BkL2NrdI0MBdjDiOTTcK25nVgt%2ByquXjXmwJjNg04abs2Ibfjep1v6o9VVZIU4RY9oISn1imJqwi"}],"group":"cf-nel","max_age":604800}', 'NEL': '{"success_fraction":0,"report_to":"cf-nel","max_age":604800}', 'Server': 'cloudflare', 'CF-RAY': '88f0c6b47b9b2ca7-ORD', 'alt-svc': 'h3=":443"; ma=86400'} 
 body={"results":[{"gender":"male","name":{"title":"Mr","first":"Mariano","last":"Mora"},"location":{"street":{"number":3617,"name":"Calle del Prado"},"city":"Hospitalet de Llobregat","state":"Aragón","country":"Spain","postcode":18654,"coordinates":{"latitude":"-30.5510","longitude":"-155.9938"},"timezone":{"offset":"+9:30","description":"Adelaide, Darwin"}},"email":"mariano.mora@example.com","login":{"uuid":"b9e5d511-7792-4065-bea2-c7d365af5e1c","username":"reddog779","password":"user","salt":"BDLkbzvB","md5":"b1726b52634419dfe7e336484aff1f56","sha1":"bca3bccd19926369e558b2f9f38057f98bcaa1c1","sha256":"c0b5106311f795503c4c1eea31de73ef527b416fef8f7fbc6d61d318a1367eb3"},"dob":{"date":"1972-07-06T08:10:30.281Z","age":51},"registered":{"date":"2019-07-13T22:21:02.350Z","age":4},"phone":"943-693-907","cell":"665-917-286","id":{"name":"DNI","value":"54101094-T"},"picture":{"large":"https://randomuser.me/api/portraits/men/19.jpg","medium":"https://randomuser.me/api/portraits/med/men/19.jpg","thumbnail":"https://randomuser.me/api/portraits/thumb/men/19.jpg"},"nat":"ES"}],"info":{"seed":"b502cbff3e4c135c","results":1,"page":1,"version":"1.4"}} 
 </msg>
<msg time="2024-06-05T14:15:41.598239" level="INFO">/opt/hostedtoolcache/Python/3.12.3/x64/lib/python3.12/site-packages/urllib3/connectionpool.py:1103: InsecureRequestWarning: Unverified HTTPS request is being made to host 'randomuser.me'. Adding certificate verification is strongly advised. See: https://urllib3.readthedocs.io/en/latest/advanced-usage.html#tls-warnings
  warnings.warn(</msg>
<msg time="2024-06-05T14:15:41.598387" level="INFO">${response} = &lt;Response [200]&gt;</msg>
<var>${response}</var>
<arg>consultarAPI</arg>
<arg>/api</arg>
<doc>Sends a GET request on a previously created HTTP Session.</doc>
<status status="PASS" start="2024-06-05T14:15:41.263408" elapsed="0.335020"/>
</kw>
<kw name="Should Be Equal As Numbers" owner="BuiltIn">
<msg time="2024-06-05T14:15:41.599422" level="INFO">Argument types are:
&lt;class 'int'&gt;
&lt;class 'str'&gt;</msg>
<arg>${response.status_code}</arg>
<arg>200</arg>
<doc>Fails if objects are unequal after converting them to real numbers.</doc>
<status status="PASS" start="2024-06-05T14:15:41.598967" elapsed="0.000522"/>
</kw>
<kw name="Log" owner="BuiltIn">
<msg time="2024-06-05T14:15:41.600176" level="INFO">200</msg>
<arg>${response.status_code}</arg>
<doc>Logs the given message with the given level.</doc>
<status status="PASS" start="2024-06-05T14:15:41.599826" elapsed="0.000398"/>
</kw>
<kw name="Set Variable" owner="BuiltIn">
<msg time="2024-06-05T14:15:41.600970" level="INFO">${json_data} = {'results': [{'gender': 'male', 'name': {'title': 'Mr', 'first': 'Mariano', 'last': 'Mora'}, 'location': {'street': {'number': 3617, 'name': 'Calle del Prado'}, 'city': 'Hospitalet de Llobregat', 'sta...</msg>
<var>${json_data}</var>
<arg>${response.json()}</arg>
<doc>Returns the given values which can then be assigned to a variables.</doc>
<status status="PASS" start="2024-06-05T14:15:41.600528" elapsed="0.000471"/>
</kw>
<kw name="Dictionary Should Contain Key" owner="Collections">
<msg time="2024-06-05T14:15:41.601508" level="INFO">False</msg>
<arg>${json_data}</arg>
<arg>results</arg>
<doc>Fails if ``key`` is not found from ``dictionary``.</doc>
<status status="PASS" start="2024-06-05T14:15:41.601340" elapsed="0.000208"/>
</kw>
<status status="PASS" start="2024-06-05T14:15:41.263161" elapsed="0.338650"/>
</kw>
<doc>Testa se a API responde corretamente e retorna um objeto JSON válido.</doc>
<tag>testeRequisicaoBasica</tag>
<status status="PASS" start="2024-06-05T14:15:41.262677" elapsed="0.339317"/>
</test>
<test id="s1-s1-t3" name="Validar estrutura de resposta" line="22">
<kw name="Teste de Estrutura de Resposta" owner="random-user-service">
<kw name="GET On Session" owner="RequestsLibrary">
<msg time="2024-06-05T14:15:41.686972" level="INFO">GET Request : url=https://randomuser.me/api 
 path_url=/api 
 headers={'User-Agent': 'python-requests/2.32.3', 'Accept-Encoding': 'gzip, deflate', 'Accept': '*/*', 'Connection': 'keep-alive'} 
 body=None 
 </msg>
<msg time="2024-06-05T14:15:41.687094" level="INFO">GET Response : url=https://randomuser.me/api 
 status=200, reason=OK 
 headers={'Date': 'Wed, 05 Jun 2024 14:15:41 GMT', 'Content-Type': 'application/json; charset=utf-8', 'Transfer-Encoding': 'chunked', 'Connection': 'keep-alive', 'X-Powered-By': 'Express', 'Access-Control-Allow-Origin': '*', 'Cache-Control': 'no-cache', 'ETag': 'W/"494-Nxz4BQjy3SEFlYRVY5UBBgos7EU"', 'Vary': 'Accept-Encoding', 'Content-Encoding': 'gzip', 'CF-Cache-Status': 'DYNAMIC', 'Report-To': '{"endpoints":[{"url":"https:\\/\\/a.nel.cloudflare.com\\/report\\/v4?s=wF0rFUV7QkHt0SmPmtJ1QG8pUhWzFWZlU5%2FKOVbxyKxadRaJ3RgOft18hbK%2F5lP0Q6%2FyI085zS1N24ZaYC2BHsLkle0dtYGeQl02RJgXAZTdBnGO57QLwRkVieAzS7ow"}],"group":"cf-nel","max_age":604800}', 'NEL': '{"success_fraction":0,"report_to":"cf-nel","max_age":604800}', 'Server': 'cloudflare', 'CF-RAY': '88f0c6b50c6e2ca7-ORD', 'alt-svc': 'h3=":443"; ma=86400'} 
 body={"results":[{"gender":"female","name":{"title":"Mrs","first":"Ceylan","last":"Yıldızoğlu"},"location":{"street":{"number":145,"name":"Tunalı Hilmi Cd"},"city":"Samsun","state":"Batman","country":"Turkey","postcode":85513,"coordinates":{"latitude":"66.7896","longitude":"124.7319"},"timezone":{"offset":"+5:30","description":"Bombay, Calcutta, Madras, New Delhi"}},"email":"ceylan.yildizoglu@example.com","login":{"uuid":"3e9b0aae-d4c2-4355-9862-e3d0ebff67ef","username":"bluetiger312","password":"gambit","salt":"tWkptwuH","md5":"83dd27486465fcaa17c3a8b343c9089b","sha1":"29345aeb859ded962f00841f0ed6bf6e49e1ad44","sha256":"95a51a7f7467022ab695d49e2d924e38e15738203ce1b015c863c0c9c95d298f"},"dob":{"date":"1993-02-09T01:24:45.063Z","age":31},"registered":{"date":"2002-11-16T18:46:38.918Z","age":21},"phone":"(799)-449-9337","cell":"(979)-840-4235","id":{"name":"","value":null},"picture":{"large":"https://randomuser.me/api/portraits/women/89.jpg","medium":"https://randomuser.me/api/portraits/med/women/89.jpg","thumbnail":"https://randomuser.me/api/portraits/thumb/women/89.jpg"},"nat":"TR"}],"info":{"seed":"1a79c1de806b00d8","results":1,"page":1,"version":"1.4"}} 
 </msg>
<msg time="2024-06-05T14:15:41.687258" level="INFO">/opt/hostedtoolcache/Python/3.12.3/x64/lib/python3.12/site-packages/urllib3/connectionpool.py:1103: InsecureRequestWarning: Unverified HTTPS request is being made to host 'randomuser.me'. Adding certificate verification is strongly advised. See: https://urllib3.readthedocs.io/en/latest/advanced-usage.html#tls-warnings
  warnings.warn(</msg>
<msg time="2024-06-05T14:15:41.687389" level="INFO">${response} = &lt;Response [200]&gt;</msg>
<var>${response}</var>
<arg>consultarAPI</arg>
<arg>/api</arg>
<doc>Sends a GET request on a previously created HTTP Session.</doc>
<status status="PASS" start="2024-06-05T14:15:41.604548" elapsed="0.082879"/>
</kw>
<kw name="Set Variable" owner="BuiltIn">
<msg time="2024-06-05T14:15:41.688493" level="INFO">${json_data} = {'results': [{'gender': 'female', 'name': {'title': 'Mrs', 'first': 'Ceylan', 'last': 'Yıldızoğlu'}, 'location': {'street': {'number': 145, 'name': 'Tunalı Hilmi Cd'}, 'city': 'Samsun', 'state': 'Batm...</msg>
<var>${json_data}</var>
<arg>${response.json()}</arg>
<doc>Returns the given values which can then be assigned to a variables.</doc>
<status status="PASS" start="2024-06-05T14:15:41.687945" elapsed="0.000581"/>
</kw>
<kw name="Log" owner="BuiltIn">
<msg time="2024-06-05T14:15:41.689000" level="INFO">{'results': [{'gender': 'female', 'name': {'title': 'Mrs', 'first': 'Ceylan', 'last': 'Yıldızoğlu'}, 'location': {'street': {'number': 145, 'name': 'Tunalı Hilmi Cd'}, 'city': 'Samsun', 'state': 'Batman', 'country': 'Turkey', 'postcode': 85513, 'coordinates': {'latitude': '66.7896', 'longitude': '124.7319'}, 'timezone': {'offset': '+5:30', 'description': 'Bombay, Calcutta, Madras, New Delhi'}}, 'email': 'ceylan.yildizoglu@example.com', 'login': {'uuid': '3e9b0aae-d4c2-4355-9862-e3d0ebff67ef', 'username': 'bluetiger312', 'password': 'gambit', 'salt': 'tWkptwuH', 'md5': '83dd27486465fcaa17c3a8b343c9089b', 'sha1': '29345aeb859ded962f00841f0ed6bf6e49e1ad44', 'sha256': '95a51a7f7467022ab695d49e2d924e38e15738203ce1b015c863c0c9c95d298f'}, 'dob': {'date': '1993-02-09T01:24:45.063Z', 'age': 31}, 'registered': {'date': '2002-11-16T18:46:38.918Z', 'age': 21}, 'phone': '(799)-449-9337', 'cell': '(979)-840-4235', 'id': {'name': '', 'value': None}, 'picture': {'large': 'https://randomuser.me/api/portraits/women/89.jpg', 'medium': 'https://randomuser.me/api/portraits/med/women/89.jpg', 'thumbnail': 'https://randomuser.me/api/portraits/thumb/women/89.jpg'}, 'nat': 'TR'}], 'info': {'seed': '1a79c1de806b00d8', 'results': 1, 'page': 1, 'version': '1.4'}}</msg>
<arg>${json_data}</arg>
<doc>Logs the given message with the given level.</doc>
<status status="PASS" start="2024-06-05T14:15:41.688836" elapsed="0.000258"/>
</kw>
<kw name="Dictionary Should Contain Key" owner="Collections">
<msg time="2024-06-05T14:15:41.689562" level="INFO">False</msg>
<arg>${json_data}</arg>
<arg>results</arg>
<doc>Fails if ``key`` is not found from ``dictionary``.</doc>
<status status="PASS" start="2024-06-05T14:15:41.689406" elapsed="0.000194"/>
</kw>
<kw name="Should Not Be Empty" owner="BuiltIn">
<msg time="2024-06-05T14:15:41.690029" level="INFO">Length is 2.</msg>
<arg>${json_data}</arg>
<doc>Verifies that the given item is not empty.</doc>
<status status="PASS" start="2024-06-05T14:15:41.689896" elapsed="0.000170"/>
</kw>
<kw name="Create List" owner="BuiltIn">
<msg time="2024-06-05T14:15:41.690656" level="INFO">${expected_keys} = ['gender', 'name', 'location', 'email', 'login']</msg>
<var>${expected_keys}</var>
<arg>gender</arg>
<arg>name</arg>
<arg>location</arg>
<arg>email</arg>
<arg>login</arg>
<doc>Returns a list containing given items.</doc>
<status status="PASS" start="2024-06-05T14:15:41.690352" elapsed="0.000329"/>
</kw>
<for flavor="IN">
<iter>
<kw name="Dictionary Should Contain Key" owner="Collections">
<msg time="2024-06-05T14:15:41.691667" level="INFO">False</msg>
<arg>${json_data['results'][0]}</arg>
<arg>${key}</arg>
<doc>Fails if ``key`` is not found from ``dictionary``.</doc>
<status status="PASS" start="2024-06-05T14:15:41.691271" elapsed="0.000434"/>
</kw>
<kw name="Log" owner="BuiltIn">
<msg time="2024-06-05T14:15:41.692368" level="INFO">{'gender': 'female', 'name': {'title': 'Mrs', 'first': 'Ceylan', 'last': 'Yıldızoğlu'}, 'location': {'street': {'number': 145, 'name': 'Tunalı Hilmi Cd'}, 'city': 'Samsun', 'state': 'Batman', 'country': 'Turkey', 'postcode': 85513, 'coordinates': {'latitude': '66.7896', 'longitude': '124.7319'}, 'timezone': {'offset': '+5:30', 'description': 'Bombay, Calcutta, Madras, New Delhi'}}, 'email': 'ceylan.yildizoglu@example.com', 'login': {'uuid': '3e9b0aae-d4c2-4355-9862-e3d0ebff67ef', 'username': 'bluetiger312', 'password': 'gambit', 'salt': 'tWkptwuH', 'md5': '83dd27486465fcaa17c3a8b343c9089b', 'sha1': '29345aeb859ded962f00841f0ed6bf6e49e1ad44', 'sha256': '95a51a7f7467022ab695d49e2d924e38e15738203ce1b015c863c0c9c95d298f'}, 'dob': {'date': '1993-02-09T01:24:45.063Z', 'age': 31}, 'registered': {'date': '2002-11-16T18:46:38.918Z', 'age': 21}, 'phone': '(799)-449-9337', 'cell': '(979)-840-4235', 'id': {'name': '', 'value': None}, 'picture': {'large': 'https://randomuser.me/api/portraits/women/89.jpg', 'medium': 'https://randomuser.me/api/portraits/med/women/89.jpg', 'thumbnail': 'https://randomuser.me/api/portraits/thumb/women/89.jpg'}, 'nat': 'TR'}</msg>
<arg>${json_data['results'][0]}</arg>
<doc>Logs the given message with the given level.</doc>
<status status="PASS" start="2024-06-05T14:15:41.692004" elapsed="0.000417"/>
</kw>
<kw name="Log" owner="BuiltIn">
<msg time="2024-06-05T14:15:41.692848" level="INFO">gender</msg>
<arg>${key}</arg>
<doc>Logs the given message with the given level.</doc>
<status status="PASS" start="2024-06-05T14:15:41.692719" elapsed="0.000166"/>
</kw>
<var name="${key}">gender</var>
<status status="PASS" start="2024-06-05T14:15:41.691144" elapsed="0.001978"/>
</iter>
<iter>
<kw name="Dictionary Should Contain Key" owner="Collections">
<msg time="2024-06-05T14:15:41.693825" level="INFO">False</msg>
<arg>${json_data['results'][0]}</arg>
<arg>${key}</arg>
<doc>Fails if ``key`` is not found from ``dictionary``.</doc>
<status status="PASS" start="2024-06-05T14:15:41.693433" elapsed="0.000430"/>
</kw>
<kw name="Log" owner="BuiltIn">
<msg time="2024-06-05T14:15:41.694545" level="INFO">{'gender': 'female', 'name': {'title': 'Mrs', 'first': 'Ceylan', 'last': 'Yıldızoğlu'}, 'location': {'street': {'number': 145, 'name': 'Tunalı Hilmi Cd'}, 'city': 'Samsun', 'state': 'Batman', 'country': 'Turkey', 'postcode': 85513, 'coordinates': {'latitude': '66.7896', 'longitude': '124.7319'}, 'timezone': {'offset': '+5:30', 'description': 'Bombay, Calcutta, Madras, New Delhi'}}, 'email': 'ceylan.yildizoglu@example.com', 'login': {'uuid': '3e9b0aae-d4c2-4355-9862-e3d0ebff67ef', 'username': 'bluetiger312', 'password': 'gambit', 'salt': 'tWkptwuH', 'md5': '83dd27486465fcaa17c3a8b343c9089b', 'sha1': '29345aeb859ded962f00841f0ed6bf6e49e1ad44', 'sha256': '95a51a7f7467022ab695d49e2d924e38e15738203ce1b015c863c0c9c95d298f'}, 'dob': {'date': '1993-02-09T01:24:45.063Z', 'age': 31}, 'registered': {'date': '2002-11-16T18:46:38.918Z', 'age': 21}, 'phone': '(799)-449-9337', 'cell': '(979)-840-4235', 'id': {'name': '', 'value': None}, 'picture': {'large': 'https://randomuser.me/api/portraits/women/89.jpg', 'medium': 'https://randomuser.me/api/portraits/med/women/89.jpg', 'thumbnail': 'https://randomuser.me/api/portraits/thumb/women/89.jpg'}, 'nat': 'TR'}</msg>
<arg>${json_data['results'][0]}</arg>
<doc>Logs the given message with the given level.</doc>
<status status="PASS" start="2024-06-05T14:15:41.694186" elapsed="0.000411"/>
</kw>
<kw name="Log" owner="BuiltIn">
<msg time="2024-06-05T14:15:41.695021" level="INFO">name</msg>
<arg>${key}</arg>
<doc>Logs the given message with the given level.</doc>
<status status="PASS" start="2024-06-05T14:15:41.694895" elapsed="0.000163"/>
</kw>
<var name="${key}">name</var>
<status status="PASS" start="2024-06-05T14:15:41.693316" elapsed="0.001957"/>
</iter>
<iter>
<kw name="Dictionary Should Contain Key" owner="Collections">
<msg time="2024-06-05T14:15:41.695951" level="INFO">False</msg>
<arg>${json_data['results'][0]}</arg>
<arg>${key}</arg>
<doc>Fails if ``key`` is not found from ``dictionary``.</doc>
<status status="PASS" start="2024-06-05T14:15:41.695565" elapsed="0.000423"/>
</kw>
<kw name="Log" owner="BuiltIn">
<msg time="2024-06-05T14:15:41.696642" level="INFO">{'gender': 'female', 'name': {'title': 'Mrs', 'first': 'Ceylan', 'last': 'Yıldızoğlu'}, 'location': {'street': {'number': 145, 'name': 'Tunalı Hilmi Cd'}, 'city': 'Samsun', 'state': 'Batman', 'country': 'Turkey', 'postcode': 85513, 'coordinates': {'latitude': '66.7896', 'longitude': '124.7319'}, 'timezone': {'offset': '+5:30', 'description': 'Bombay, Calcutta, Madras, New Delhi'}}, 'email': 'ceylan.yildizoglu@example.com', 'login': {'uuid': '3e9b0aae-d4c2-4355-9862-e3d0ebff67ef', 'username': 'bluetiger312', 'password': 'gambit', 'salt': 'tWkptwuH', 'md5': '83dd27486465fcaa17c3a8b343c9089b', 'sha1': '29345aeb859ded962f00841f0ed6bf6e49e1ad44', 'sha256': '95a51a7f7467022ab695d49e2d924e38e15738203ce1b015c863c0c9c95d298f'}, 'dob': {'date': '1993-02-09T01:24:45.063Z', 'age': 31}, 'registered': {'date': '2002-11-16T18:46:38.918Z', 'age': 21}, 'phone': '(799)-449-9337', 'cell': '(979)-840-4235', 'id': {'name': '', 'value': None}, 'picture': {'large': 'https://randomuser.me/api/portraits/women/89.jpg', 'medium': 'https://randomuser.me/api/portraits/med/women/89.jpg', 'thumbnail': 'https://randomuser.me/api/portraits/thumb/women/89.jpg'}, 'nat': 'TR'}</msg>
<arg>${json_data['results'][0]}</arg>
<doc>Logs the given message with the given level.</doc>
<status status="PASS" start="2024-06-05T14:15:41.696282" elapsed="0.000411"/>
</kw>
<kw name="Log" owner="BuiltIn">
<msg time="2024-06-05T14:15:41.697150" level="INFO">location</msg>
<arg>${key}</arg>
<doc>Logs the given message with the given level.</doc>
<status status="PASS" start="2024-06-05T14:15:41.697004" elapsed="0.000193"/>
</kw>
<var name="${key}">location</var>
<status status="PASS" start="2024-06-05T14:15:41.695453" elapsed="0.001960"/>
</iter>
<iter>
<kw name="Dictionary Should Contain Key" owner="Collections">
<msg time="2024-06-05T14:15:41.698099" level="INFO">False</msg>
<arg>${json_data['results'][0]}</arg>
<arg>${key}</arg>
<doc>Fails if ``key`` is not found from ``dictionary``.</doc>
<status status="PASS" start="2024-06-05T14:15:41.697706" elapsed="0.000431"/>
</kw>
<kw name="Log" owner="BuiltIn">
<msg time="2024-06-05T14:15:41.698793" level="INFO">{'gender': 'female', 'name': {'title': 'Mrs', 'first': 'Ceylan', 'last': 'Yıldızoğlu'}, 'location': {'street': {'number': 145, 'name': 'Tunalı Hilmi Cd'}, 'city': 'Samsun', 'state': 'Batman', 'country': 'Turkey', 'postcode': 85513, 'coordinates': {'latitude': '66.7896', 'longitude': '124.7319'}, 'timezone': {'offset': '+5:30', 'description': 'Bombay, Calcutta, Madras, New Delhi'}}, 'email': 'ceylan.yildizoglu@example.com', 'login': {'uuid': '3e9b0aae-d4c2-4355-9862-e3d0ebff67ef', 'username': 'bluetiger312', 'password': 'gambit', 'salt': 'tWkptwuH', 'md5': '83dd27486465fcaa17c3a8b343c9089b', 'sha1': '29345aeb859ded962f00841f0ed6bf6e49e1ad44', 'sha256': '95a51a7f7467022ab695d49e2d924e38e15738203ce1b015c863c0c9c95d298f'}, 'dob': {'date': '1993-02-09T01:24:45.063Z', 'age': 31}, 'registered': {'date': '2002-11-16T18:46:38.918Z', 'age': 21}, 'phone': '(799)-449-9337', 'cell': '(979)-840-4235', 'id': {'name': '', 'value': None}, 'picture': {'large': 'https://randomuser.me/api/portraits/women/89.jpg', 'medium': 'https://randomuser.me/api/portraits/med/women/89.jpg', 'thumbnail': 'https://randomuser.me/api/portraits/thumb/women/89.jpg'}, 'nat': 'TR'}</msg>
<arg>${json_data['results'][0]}</arg>
<doc>Logs the given message with the given level.</doc>
<status status="PASS" start="2024-06-05T14:15:41.698431" elapsed="0.000413"/>
</kw>
<kw name="Log" owner="BuiltIn">
<msg time="2024-06-05T14:15:41.699267" level="INFO">email</msg>
<arg>${key}</arg>
<doc>Logs the given message with the given level.</doc>
<status status="PASS" start="2024-06-05T14:15:41.699142" elapsed="0.000164"/>
</kw>
<var name="${key}">email</var>
<status status="PASS" start="2024-06-05T14:15:41.697589" elapsed="0.001931"/>
</iter>
<iter>
<kw name="Dictionary Should Contain Key" owner="Collections">
<msg time="2024-06-05T14:15:41.700198" level="INFO">False</msg>
<arg>${json_data['results'][0]}</arg>
<arg>${key}</arg>
<doc>Fails if ``key`` is not found from ``dictionary``.</doc>
<status status="PASS" start="2024-06-05T14:15:41.699813" elapsed="0.000422"/>
</kw>
<kw name="Log" owner="BuiltIn">
<msg time="2024-06-05T14:15:41.700900" level="INFO">{'gender': 'female', 'name': {'title': 'Mrs', 'first': 'Ceylan', 'last': 'Yıldızoğlu'}, 'location': {'street': {'number': 145, 'name': 'Tunalı Hilmi Cd'}, 'city': 'Samsun', 'state': 'Batman', 'country': 'Turkey', 'postcode': 85513, 'coordinates': {'latitude': '66.7896', 'longitude': '124.7319'}, 'timezone': {'offset': '+5:30', 'description': 'Bombay, Calcutta, Madras, New Delhi'}}, 'email': 'ceylan.yildizoglu@example.com', 'login': {'uuid': '3e9b0aae-d4c2-4355-9862-e3d0ebff67ef', 'username': 'bluetiger312', 'password': 'gambit', 'salt': 'tWkptwuH', 'md5': '83dd27486465fcaa17c3a8b343c9089b', 'sha1': '29345aeb859ded962f00841f0ed6bf6e49e1ad44', 'sha256': '95a51a7f7467022ab695d49e2d924e38e15738203ce1b015c863c0c9c95d298f'}, 'dob': {'date': '1993-02-09T01:24:45.063Z', 'age': 31}, 'registered': {'date': '2002-11-16T18:46:38.918Z', 'age': 21}, 'phone': '(799)-449-9337', 'cell': '(979)-840-4235', 'id': {'name': '', 'value': None}, 'picture': {'large': 'https://randomuser.me/api/portraits/women/89.jpg', 'medium': 'https://randomuser.me/api/portraits/med/women/89.jpg', 'thumbnail': 'https://randomuser.me/api/portraits/thumb/women/89.jpg'}, 'nat': 'TR'}</msg>
<arg>${json_data['results'][0]}</arg>
<doc>Logs the given message with the given level.</doc>
<status status="PASS" start="2024-06-05T14:15:41.700532" elapsed="0.000420"/>
</kw>
<kw name="Log" owner="BuiltIn">
<msg time="2024-06-05T14:15:41.701406" level="INFO">login</msg>
<arg>${key}</arg>
<doc>Logs the given message with the given level.</doc>
<status status="PASS" start="2024-06-05T14:15:41.701281" elapsed="0.000163"/>
</kw>
<var name="${key}">login</var>
<status status="PASS" start="2024-06-05T14:15:41.699694" elapsed="0.001989"/>
</iter>
<var>${key}</var>
<value>@{expected_keys}</value>
<status status="PASS" start="2024-06-05T14:15:41.690947" elapsed="0.010862"/>
</for>
<kw name="Create List" owner="BuiltIn">
<msg time="2024-06-05T14:15:41.702141" level="INFO">${expected_keysTwo} = ['username', 'password']</msg>
<var>${expected_keysTwo}</var>
<arg>username</arg>
<arg>password</arg>
<doc>Returns a list containing given items.</doc>
<status status="PASS" start="2024-06-05T14:15:41.702007" elapsed="0.000157"/>
</kw>
<for flavor="IN">
<iter>
<kw name="Dictionary Should Contain Key" owner="Collections">
<msg time="2024-06-05T14:15:41.703043" level="INFO">False</msg>
<arg>${json_data['results'][0]['login']}</arg>
<arg>${keyTwo}</arg>
<doc>Fails if ``key`` is not found from ``dictionary``.</doc>
<status status="PASS" start="2024-06-05T14:15:41.702659" elapsed="0.000421"/>
</kw>
<kw name="Dictionary Should Contain Key" owner="Collections">
<msg time="2024-06-05T14:15:41.703758" level="INFO">False</msg>
<arg>${json_data['results'][0]['login']}</arg>
<arg>${keyTwo}</arg>
<doc>Fails if ``key`` is not found from ``dictionary``.</doc>
<status status="PASS" start="2024-06-05T14:15:41.703373" elapsed="0.000422"/>
</kw>
<kw name="Log" owner="BuiltIn">
<msg time="2024-06-05T14:15:41.704206" level="INFO">username</msg>
<arg>${keyTwo}</arg>
<doc>Logs the given message with the given level.</doc>
<status status="PASS" start="2024-06-05T14:15:41.704083" elapsed="0.000160"/>
</kw>
<var name="${keyTwo}">username</var>
<status status="PASS" start="2024-06-05T14:15:41.702549" elapsed="0.001905"/>
</iter>
<iter>
<kw name="Dictionary Should Contain Key" owner="Collections">
<msg time="2024-06-05T14:15:41.705140" level="INFO">False</msg>
<arg>${json_data['results'][0]['login']}</arg>
<arg>${keyTwo}</arg>
<doc>Fails if ``key`` is not found from ``dictionary``.</doc>
<status status="PASS" start="2024-06-05T14:15:41.704738" elapsed="0.000445"/>
</kw>
<kw name="Dictionary Should Contain Key" owner="Collections">
<msg time="2024-06-05T14:15:41.705939" level="INFO">False</msg>
<arg>${json_data['results'][0]['login']}</arg>
<arg>${keyTwo}</arg>
<doc>Fails if ``key`` is not found from ``dictionary``.</doc>
<status status="PASS" start="2024-06-05T14:15:41.705484" elapsed="0.000494"/>
</kw>
<kw name="Log" owner="BuiltIn">
<msg time="2024-06-05T14:15:41.706400" level="INFO">password</msg>
<arg>${keyTwo}</arg>
<doc>Logs the given message with the given level.</doc>
<status status="PASS" start="2024-06-05T14:15:41.706274" elapsed="0.000163"/>
</kw>
<var name="${keyTwo}">password</var>
<status status="PASS" start="2024-06-05T14:15:41.704623" elapsed="0.002027"/>
</iter>
<var>${keyTwo}</var>
<value>@{expected_keysTwo}</value>
<status status="PASS" start="2024-06-05T14:15:41.702400" elapsed="0.004371"/>
</for>
<status status="PASS" start="2024-06-05T14:15:41.604308" elapsed="0.102602"/>
</kw>
<doc>Testa a estrutura da resposta da API.</doc>
<tag>testeEstruturaResposta</tag>
<status status="PASS" start="2024-06-05T14:15:41.603802" elapsed="0.103262"/>
</test>
<test id="s1-s1-t4" name="Validar tipos de dados" line="28">
<kw name="Teste de Tipos de Dados" owner="random-user-service">
<kw name="GET On Session" owner="RequestsLibrary">
<msg time="2024-06-05T14:15:41.782921" level="INFO">GET Request : url=https://randomuser.me/api 
 path_url=/api 
 headers={'User-Agent': 'python-requests/2.32.3', 'Accept-Encoding': 'gzip, deflate', 'Accept': '*/*', 'Connection': 'keep-alive'} 
 body=None 
 </msg>
<msg time="2024-06-05T14:15:41.783014" level="INFO">GET Response : url=https://randomuser.me/api 
 status=200, reason=OK 
 headers={'Date': 'Wed, 05 Jun 2024 14:15:41 GMT', 'Content-Type': 'application/json; charset=utf-8', 'Transfer-Encoding': 'chunked', 'Connection': 'keep-alive', 'X-Powered-By': 'Express', 'Access-Control-Allow-Origin': '*', 'Cache-Control': 'no-cache', 'ETag': 'W/"493-aeAhwL3yvpbK/ftL1bfHQAr7+4o"', 'Vary': 'Accept-Encoding', 'Content-Encoding': 'gzip', 'CF-Cache-Status': 'DYNAMIC', 'Report-To': '{"endpoints":[{"url":"https:\\/\\/a.nel.cloudflare.com\\/report\\/v4?s=ziTLGFL3YQdK6PlsqHkxRu5B7WJvevz25a5wslWdI0pFe5bn0wVVIEKN%2BCSZl26QA2TWzQHOKlqCGbidh8bUg3lEQlCoP5oXcAFBrpSx33oEhF0wAvuf6uMHDmDC7nSu"}],"group":"cf-nel","max_age":604800}', 'NEL': '{"success_fraction":0,"report_to":"cf-nel","max_age":604800}', 'Server': 'cloudflare', 'CF-RAY': '88f0c6b5bda42ca7-ORD', 'alt-svc': 'h3=":443"; ma=86400'} 
 body={"results":[{"gender":"female","name":{"title":"Ms","first":"Amalie","last":"Christensen"},"location":{"street":{"number":5894,"name":"Oddervej"},"city":"Aaborg Øst","state":"Nordjylland","country":"Denmark","postcode":35588,"coordinates":{"latitude":"-44.4274","longitude":"153.9027"},"timezone":{"offset":"+4:00","description":"Abu Dhabi, Muscat, Baku, Tbilisi"}},"email":"amalie.christensen@example.com","login":{"uuid":"01d99908-4848-4ab7-acea-6b350d570968","username":"redgorilla762","password":"tickler","salt":"IqFPRCOW","md5":"d1006b5edb18d08e92fe5f1d9018eab8","sha1":"603d0bf07047ad32c9e0dd440cbfd63fe18df292","sha256":"dc2c2392d7c28625a87d9478b0f683427bac775884b156c28e5de0c8be59fba8"},"dob":{"date":"1955-11-07T14:39:09.193Z","age":68},"registered":{"date":"2009-01-31T17:31:51.145Z","age":15},"phone":"83406354","cell":"62882109","id":{"name":"CPR","value":"071155-7346"},"picture":{"large":"https://randomuser.me/api/portraits/women/4.jpg","medium":"https://randomuser.me/api/portraits/med/women/4.jpg","thumbnail":"https://randomuser.me/api/portraits/thumb/women/4.jpg"},"nat":"DK"}],"info":{"seed":"fae1bb390a39a7bb","results":1,"page":1,"version":"1.4"}} 
 </msg>
<msg time="2024-06-05T14:15:41.783097" level="INFO">/opt/hostedtoolcache/Python/3.12.3/x64/lib/python3.12/site-packages/urllib3/connectionpool.py:1103: InsecureRequestWarning: Unverified HTTPS request is being made to host 'randomuser.me'. Adding certificate verification is strongly advised. See: https://urllib3.readthedocs.io/en/latest/advanced-usage.html#tls-warnings
  warnings.warn(</msg>
<msg time="2024-06-05T14:15:41.783215" level="INFO">${response} = &lt;Response [200]&gt;</msg>
<var>${response}</var>
<arg>consultarAPI</arg>
<arg>/api</arg>
<doc>Sends a GET request on a previously created HTTP Session.</doc>
<status status="PASS" start="2024-06-05T14:15:41.709652" elapsed="0.073600"/>
</kw>
<kw name="Set Variable" owner="BuiltIn">
<msg time="2024-06-05T14:15:41.784279" level="INFO">${json_data} = {'results': [{'gender': 'female', 'name': {'title': 'Ms', 'first': 'Amalie', 'last': 'Christensen'}, 'location': {'street': {'number': 5894, 'name': 'Oddervej'}, 'city': 'Aaborg Øst', 'state': 'Nordjy...</msg>
<var>${json_data}</var>
<arg>${response.json()}</arg>
<doc>Returns the given values which can then be assigned to a variables.</doc>
<status status="PASS" start="2024-06-05T14:15:41.783769" elapsed="0.000540"/>
</kw>
<kw name="Log" owner="BuiltIn">
<msg time="2024-06-05T14:15:41.784798" level="INFO">{'results': [{'gender': 'female', 'name': {'title': 'Ms', 'first': 'Amalie', 'last': 'Christensen'}, 'location': {'street': {'number': 5894, 'name': 'Oddervej'}, 'city': 'Aaborg Øst', 'state': 'Nordjylland', 'country': 'Denmark', 'postcode': 35588, 'coordinates': {'latitude': '-44.4274', 'longitude': '153.9027'}, 'timezone': {'offset': '+4:00', 'description': 'Abu Dhabi, Muscat, Baku, Tbilisi'}}, 'email': 'amalie.christensen@example.com', 'login': {'uuid': '01d99908-4848-4ab7-acea-6b350d570968', 'username': 'redgorilla762', 'password': 'tickler', 'salt': 'IqFPRCOW', 'md5': 'd1006b5edb18d08e92fe5f1d9018eab8', 'sha1': '603d0bf07047ad32c9e0dd440cbfd63fe18df292', 'sha256': 'dc2c2392d7c28625a87d9478b0f683427bac775884b156c28e5de0c8be59fba8'}, 'dob': {'date': '1955-11-07T14:39:09.193Z', 'age': 68}, 'registered': {'date': '2009-01-31T17:31:51.145Z', 'age': 15}, 'phone': '83406354', 'cell': '62882109', 'id': {'name': 'CPR', 'value': '071155-7346'}, 'picture': {'large': 'https://randomuser.me/api/portraits/women/4.jpg', 'medium': 'https://randomuser.me/api/portraits/med/women/4.jpg', 'thumbnail': 'https://randomuser.me/api/portraits/thumb/women/4.jpg'}, 'nat': 'DK'}], 'info': {'seed': 'fae1bb390a39a7bb', 'results': 1, 'page': 1, 'version': '1.4'}}</msg>
<arg>${json_data}</arg>
<doc>Logs the given message with the given level.</doc>
<status status="PASS" start="2024-06-05T14:15:41.784637" elapsed="0.000246"/>
</kw>
<kw name="Should Be String" owner="String">
<arg>${json_data['results'][0]['gender']}</arg>
<doc>Fails if the given ``item`` is not a string.</doc>
<status status="PASS" start="2024-06-05T14:15:41.785237" elapsed="0.000364"/>
</kw>
<kw name="Should Match Regexp" owner="BuiltIn">
<arg>${json_data['results'][0]['email']}</arg>
<arg>^[a-zA-Z0-9._%+-]+@[a-zA-Z0-9.-]+\.[a-zA-Z]{2,}$</arg>
<doc>Fails if ``string`` does not match ``pattern`` as a regular expression.</doc>
<status status="PASS" start="2024-06-05T14:15:41.785795" elapsed="0.000524"/>
</kw>
<kw name="Should Match Regexp" owner="BuiltIn">
<arg>${json_data['results'][0]['dob']['date']}</arg>
<arg>\\d{4}-\\d{2}-\\d{2}T\\d{2}:\\d{2}:\\d{2}\\.\\d{3}Z</arg>
<doc>Fails if ``string`` does not match ``pattern`` as a regular expression.</doc>
<status status="PASS" start="2024-06-05T14:15:41.786518" elapsed="0.000485"/>
</kw>
<kw name="Should Match Regexp" owner="BuiltIn">
<arg>${json_data['results'][0]['registered']['date']}</arg>
<arg>\\d{4}-\\d{2}-\\d{2}T\\d{2}:\\d{2}:\\d{2}\\.\\d{3}Z</arg>
<doc>Fails if ``string`` does not match ``pattern`` as a regular expression.</doc>
<status status="PASS" start="2024-06-05T14:15:41.787194" elapsed="0.000357"/>
</kw>
<kw name="Should Match Regexp" owner="BuiltIn">
<arg>${json_data['results'][0]['picture']['large']}</arg>
<arg>^https?://.*\.(?:png|jpe?g|gif|bmp)$</arg>
<doc>Fails if ``string`` does not match ``pattern`` as a regular expression.</doc>
<status status="PASS" start="2024-06-05T14:15:41.787740" elapsed="0.000461"/>
</kw>
<kw name="Should Match Regexp" owner="BuiltIn">
<arg>${json_data['results'][0]['picture']['medium']}</arg>
<arg>^https?://.*\.(?:png|jpe?g|gif|bmp)$</arg>
<doc>Fails if ``string`` does not match ``pattern`` as a regular expression.</doc>
<status status="PASS" start="2024-06-05T14:15:41.788400" elapsed="0.000348"/>
</kw>
<kw name="Should Match Regexp" owner="BuiltIn">
<arg>${json_data['results'][0]['picture']['thumbnail']}</arg>
<arg>^https?://.*\.(?:png|jpe?g|gif|bmp)$</arg>
<doc>Fails if ``string`` does not match ``pattern`` as a regular expression.</doc>
<status status="PASS" start="2024-06-05T14:15:41.788937" elapsed="0.000383"/>
</kw>
<kw name="Log" owner="BuiltIn">
<msg time="2024-06-05T14:15:41.789841" level="INFO">{'large': 'https://randomuser.me/api/portraits/women/4.jpg', 'medium': 'https://randomuser.me/api/portraits/med/women/4.jpg', 'thumbnail': 'https://randomuser.me/api/portraits/thumb/women/4.jpg'}</msg>
<arg>${json_data['results'][0]['picture']}</arg>
<doc>Logs the given message with the given level.</doc>
<status status="PASS" start="2024-06-05T14:15:41.789512" elapsed="0.000371"/>
</kw>
<status status="PASS" start="2024-06-05T14:15:41.709416" elapsed="0.080724"/>
</kw>
<kw name="Teste de Tipos de Dados - Postcode" owner="random-user-service">
<kw name="GET On Session" owner="RequestsLibrary">
<msg time="2024-06-05T14:15:41.883068" level="INFO">GET Request : url=https://randomuser.me/api 
 path_url=/api 
 headers={'User-Agent': 'python-requests/2.32.3', 'Accept-Encoding': 'gzip, deflate', 'Accept': '*/*', 'Connection': 'keep-alive'} 
 body=None 
 </msg>
<msg time="2024-06-05T14:15:41.883176" level="INFO">GET Response : url=https://randomuser.me/api 
 status=200, reason=OK 
 headers={'Date': 'Wed, 05 Jun 2024 14:15:41 GMT', 'Content-Type': 'application/json; charset=utf-8', 'Transfer-Encoding': 'chunked', 'Connection': 'keep-alive', 'X-Powered-By': 'Express', 'Access-Control-Allow-Origin': '*', 'Cache-Control': 'no-cache', 'ETag': 'W/"484-SV70mhfCXsUque5MJwEzNxUmosY"', 'Vary': 'Accept-Encoding', 'Content-Encoding': 'gzip', 'CF-Cache-Status': 'DYNAMIC', 'Report-To': '{"endpoints":[{"url":"https:\\/\\/a.nel.cloudflare.com\\/report\\/v4?s=RE%2BTZ5kwILzHLw12RerWM8n%2BaEpIque6GZd17Xo29jxXEJgiSt0p9abjyAw9X41VbW3llobxKUrbPsHkcQh3P1bub4LE6vySk6lVs1eFTj9Mv5ryaO27hQwzfnoofhnN"}],"group":"cf-nel","max_age":604800}', 'NEL': '{"success_fraction":0,"report_to":"cf-nel","max_age":604800}', 'Server': 'cloudflare', 'CF-RAY': '88f0c6b63e562ca7-ORD', 'alt-svc': 'h3=":443"; ma=86400'} 
 body={"results":[{"gender":"female","name":{"title":"Ms","first":"Sanja","last":"Cvetković"},"location":{"street":{"number":4688,"name":"Simićev Puteljak"},"city":"Koceljeva","state":"Jablanica","country":"Serbia","postcode":15188,"coordinates":{"latitude":"59.9597","longitude":"175.7455"},"timezone":{"offset":"-10:00","description":"Hawaii"}},"email":"sanja.cvetkovic@example.com","login":{"uuid":"b1d17c52-0fa6-4d95-a0d6-17a4bda25f25","username":"happybutterfly548","password":"smiths","salt":"8NAYKt7c","md5":"dce736e89aacf2f7e22c5324d3e4235b","sha1":"d8d5e7885a7d11d3894181007f41b77500303ffd","sha256":"c19a8da380a9bffb8c4af516db4cc007c476f95991bbbfd071ec36e0b1c1412e"},"dob":{"date":"1982-03-28T23:27:36.933Z","age":42},"registered":{"date":"2008-06-19T16:12:45.002Z","age":15},"phone":"036-1391-356","cell":"060-5791-683","id":{"name":"SID","value":"205221762"},"picture":{"large":"https://randomuser.me/api/portraits/women/67.jpg","medium":"https://randomuser.me/api/portraits/med/women/67.jpg","thumbnail":"https://randomuser.me/api/portraits/thumb/women/67.jpg"},"nat":"RS"}],"info":{"seed":"3abb6704e88a122e","results":1,"page":1,"version":"1.4"}} 
 </msg>
<msg time="2024-06-05T14:15:41.883264" level="INFO">/opt/hostedtoolcache/Python/3.12.3/x64/lib/python3.12/site-packages/urllib3/connectionpool.py:1103: InsecureRequestWarning: Unverified HTTPS request is being made to host 'randomuser.me'. Adding certificate verification is strongly advised. See: https://urllib3.readthedocs.io/en/latest/advanced-usage.html#tls-warnings
  warnings.warn(</msg>
<msg time="2024-06-05T14:15:41.883398" level="INFO">${response} = &lt;Response [200]&gt;</msg>
<var>${response}</var>
<arg>consultarAPI</arg>
<arg>/api</arg>
<doc>Sends a GET request on a previously created HTTP Session.</doc>
<status status="PASS" start="2024-06-05T14:15:41.790654" elapsed="0.092793"/>
</kw>
<kw name="Set Variable" owner="BuiltIn">
<msg time="2024-06-05T14:15:41.884510" level="INFO">${json_data} = {'results': [{'gender': 'female', 'name': {'title': 'Ms', 'first': 'Sanja', 'last': 'Cvetković'}, 'location': {'street': {'number': 4688, 'name': 'Simićev Puteljak'}, 'city': 'Koceljeva', 'state': 'Ja...</msg>
<var>${json_data}</var>
<arg>${response.json()}</arg>
<doc>Returns the given values which can then be assigned to a variables.</doc>
<status status="PASS" start="2024-06-05T14:15:41.883988" elapsed="0.000554"/>
</kw>
<kw name="Log" owner="BuiltIn">
<msg time="2024-06-05T14:15:41.885012" level="INFO">{'results': [{'gender': 'female', 'name': {'title': 'Ms', 'first': 'Sanja', 'last': 'Cvetković'}, 'location': {'street': {'number': 4688, 'name': 'Simićev Puteljak'}, 'city': 'Koceljeva', 'state': 'Jablanica', 'country': 'Serbia', 'postcode': 15188, 'coordinates': {'latitude': '59.9597', 'longitude': '175.7455'}, 'timezone': {'offset': '-10:00', 'description': 'Hawaii'}}, 'email': 'sanja.cvetkovic@example.com', 'login': {'uuid': 'b1d17c52-0fa6-4d95-a0d6-17a4bda25f25', 'username': 'happybutterfly548', 'password': 'smiths', 'salt': '8NAYKt7c', 'md5': 'dce736e89aacf2f7e22c5324d3e4235b', 'sha1': 'd8d5e7885a7d11d3894181007f41b77500303ffd', 'sha256': 'c19a8da380a9bffb8c4af516db4cc007c476f95991bbbfd071ec36e0b1c1412e'}, 'dob': {'date': '1982-03-28T23:27:36.933Z', 'age': 42}, 'registered': {'date': '2008-06-19T16:12:45.002Z', 'age': 15}, 'phone': '036-1391-356', 'cell': '060-5791-683', 'id': {'name': 'SID', 'value': '205221762'}, 'picture': {'large': 'https://randomuser.me/api/portraits/women/67.jpg', 'medium': 'https://randomuser.me/api/portraits/med/women/67.jpg', 'thumbnail': 'https://randomuser.me/api/portraits/thumb/women/67.jpg'}, 'nat': 'RS'}], 'info': {'seed': '3abb6704e88a122e', 'results': 1, 'page': 1, 'version': '1.4'}}</msg>
<arg>${json_data}</arg>
<doc>Logs the given message with the given level.</doc>
<status status="PASS" start="2024-06-05T14:15:41.884854" elapsed="0.000293"/>
</kw>
<kw name="Should Be Equal As Numbers" owner="BuiltIn">
<arg>${json_data['results'][0]['location']['postcode']}</arg>
<arg>${json_data['results'][0]['location']['postcode']}</arg>
<doc>Fails if objects are unequal after converting them to real numbers.</doc>
<status status="PASS" start="2024-06-05T14:15:41.885464" elapsed="0.000789"/>
</kw>
<kw name="Log" owner="BuiltIn">
<msg time="2024-06-05T14:15:41.886780" level="INFO">15188</msg>
<arg>${json_data['results'][0]['location']['postcode']}</arg>
<doc>Logs the given message with the given level.</doc>
<status status="PASS" start="2024-06-05T14:15:41.886447" elapsed="0.000373"/>
</kw>
<status status="PASS" start="2024-06-05T14:15:41.790382" elapsed="0.096693"/>
</kw>
<doc>Testa se os tipos de dados na resposta da API estão corretos.</doc>
<tag>testeTiposDados</tag>
<status status="PASS" start="2024-06-05T14:15:41.708875" elapsed="0.178368"/>
</test>
<test id="s1-s1-t5" name="Validar conteudo" line="35">
<kw name="Teste de Tipos de Conteudo" owner="random-user-service">
<kw name="GET On Session" owner="RequestsLibrary">
<msg time="2024-06-05T14:15:41.982529" level="INFO">GET Request : url=https://randomuser.me/api 
 path_url=/api 
 headers={'User-Agent': 'python-requests/2.32.3', 'Accept-Encoding': 'gzip, deflate', 'Accept': '*/*', 'Connection': 'keep-alive'} 
 body=None 
 </msg>
<msg time="2024-06-05T14:15:41.982635" level="INFO">GET Response : url=https://randomuser.me/api 
 status=200, reason=OK 
 headers={'Date': 'Wed, 05 Jun 2024 14:15:41 GMT', 'Content-Type': 'application/json; charset=utf-8', 'Transfer-Encoding': 'chunked', 'Connection': 'keep-alive', 'X-Powered-By': 'Express', 'Access-Control-Allow-Origin': '*', 'Cache-Control': 'no-cache', 'ETag': 'W/"46c-VRMxt8n2vtke4rNVknM3fo3xzp4"', 'Vary': 'Accept-Encoding', 'Content-Encoding': 'gzip', 'CF-Cache-Status': 'DYNAMIC', 'Report-To': '{"endpoints":[{"url":"https:\\/\\/a.nel.cloudflare.com\\/report\\/v4?s=XpX1PKiFE72r%2Fw5oetZliHv4rO3DjVRJyWlsRSNO2ZVm9rohQCN9oabSRcDEpVCSIzB7mzbdUsJsrUwxcHH8v4%2FDkPqRnM2TZCWjHKdhWSTb36crG7SI2owsF9e1ubL9"}],"group":"cf-nel","max_age":604800}', 'NEL': '{"success_fraction":0,"report_to":"cf-nel","max_age":604800}', 'Server': 'cloudflare', 'CF-RAY': '88f0c6b6df192ca7-ORD', 'alt-svc': 'h3=":443"; ma=86400'} 
 body={"results":[{"gender":"female","name":{"title":"Ms","first":"Nalan","last":"Saygıner"},"location":{"street":{"number":4051,"name":"Abanoz Sk"},"city":"Gaziantep","state":"Gaziantep","country":"Turkey","postcode":64277,"coordinates":{"latitude":"67.9863","longitude":"130.0847"},"timezone":{"offset":"-10:00","description":"Hawaii"}},"email":"nalan.sayginer@example.com","login":{"uuid":"bbb16655-9c58-4232-8ba7-55c03b8fb227","username":"lazyfrog398","password":"pass","salt":"VvHlokrR","md5":"374de5e7a3cbf572a34cbef3429dfacd","sha1":"d9b4b0b881ce21833e48b1d90843cb9b2e1f0f9b","sha256":"92955e31e20986421800cf415d68410b788c39736910390442bd1517b47aa901"},"dob":{"date":"1989-11-24T14:55:27.188Z","age":34},"registered":{"date":"2002-10-15T14:15:52.569Z","age":21},"phone":"(659)-711-4133","cell":"(853)-871-1196","id":{"name":"","value":null},"picture":{"large":"https://randomuser.me/api/portraits/women/18.jpg","medium":"https://randomuser.me/api/portraits/med/women/18.jpg","thumbnail":"https://randomuser.me/api/portraits/thumb/women/18.jpg"},"nat":"TR"}],"info":{"seed":"3301180cc38a8c33","results":1,"page":1,"version":"1.4"}} 
 </msg>
<msg time="2024-06-05T14:15:41.982722" level="INFO">/opt/hostedtoolcache/Python/3.12.3/x64/lib/python3.12/site-packages/urllib3/connectionpool.py:1103: InsecureRequestWarning: Unverified HTTPS request is being made to host 'randomuser.me'. Adding certificate verification is strongly advised. See: https://urllib3.readthedocs.io/en/latest/advanced-usage.html#tls-warnings
  warnings.warn(</msg>
<msg time="2024-06-05T14:15:41.982847" level="INFO">${response} = &lt;Response [200]&gt;</msg>
<var>${response}</var>
<arg>consultarAPI</arg>
<arg>/api</arg>
<doc>Sends a GET request on a previously created HTTP Session.</doc>
<status status="PASS" start="2024-06-05T14:15:41.889984" elapsed="0.092894"/>
</kw>
<kw name="Set Variable" owner="BuiltIn">
<msg time="2024-06-05T14:15:41.983907" level="INFO">${json_data} = {'results': [{'gender': 'female', 'name': {'title': 'Ms', 'first': 'Nalan', 'last': 'Saygıner'}, 'location': {'street': {'number': 4051, 'name': 'Abanoz Sk'}, 'city': 'Gaziantep', 'state': 'Gaziantep'...</msg>
<var>${json_data}</var>
<arg>${response.json()}</arg>
<doc>Returns the given values which can then be assigned to a variables.</doc>
<status status="PASS" start="2024-06-05T14:15:41.983398" elapsed="0.000540"/>
</kw>
<kw name="Set Variable" owner="BuiltIn">
<msg time="2024-06-05T14:15:41.984629" level="INFO">${name_title} = Ms</msg>
<var>${name_title}</var>
<arg>${json_data["results"][0]["name"]["title"]}</arg>
<doc>Returns the given values which can then be assigned to a variables.</doc>
<status status="PASS" start="2024-06-05T14:15:41.984245" elapsed="0.000410"/>
</kw>
<kw name="Create List" owner="BuiltIn">
<msg time="2024-06-05T14:15:41.985143" level="INFO">${allowed_titles} = ['Mr', 'Ms', 'Miss', 'Mrs', 'Madame', 'Monsieur']</msg>
<var>${allowed_titles}</var>
<arg>Mr</arg>
<arg>Ms</arg>
<arg>Miss</arg>
<arg>Mrs</arg>
<arg>Madame</arg>
<arg>Monsieur</arg>
<doc>Returns a list containing given items.</doc>
<status status="PASS" start="2024-06-05T14:15:41.984953" elapsed="0.000222"/>
</kw>
<kw name="List Should Contain Value" owner="Collections">
<msg time="2024-06-05T14:15:41.985674" level="INFO">False</msg>
<arg>${allowed_titles}</arg>
<arg>${name_title}</arg>
<doc>Fails if the ``value`` is not found from ``list``.</doc>
<status status="PASS" start="2024-06-05T14:15:41.985486" elapsed="0.000224"/>
</kw>
<kw name="Set Variable" owner="BuiltIn">
<msg time="2024-06-05T14:15:41.986383" level="INFO">${name_country} = TR</msg>
<var>${name_country}</var>
<arg>${json_data["results"][0]["nat"]}</arg>
<doc>Returns the given values which can then be assigned to a variables.</doc>
<status status="PASS" start="2024-06-05T14:15:41.986013" elapsed="0.000396"/>
</kw>
<kw name="Create List" owner="BuiltIn">
<msg time="2024-06-05T14:15:41.987306" level="INFO">${list_country} = ['AD', 'AE', 'AF', 'AG', 'AI', 'AL', 'AM', 'AO', 'AQ', 'AR', 'AS', 'AT', 'AU', 'AW', 'AX', 'AZ', 'BA', 'BB', 'BD', 'BE', 'BF', 'BG', 'BH', 'BI', 'BJ', 'BL', 'BM', 'BN', 'BO', 'BQ', 'BR', 'BS', 'BT', '...</msg>
<var>${list_country}</var>
<arg>AD</arg>
<arg>AE</arg>
<arg>AF</arg>
<arg>AG</arg>
<arg>AI</arg>
<arg>AL</arg>
<arg>AM</arg>
<arg>AO</arg>
<arg>AQ</arg>
<arg>AR</arg>
<arg>AS</arg>
<arg>AT</arg>
<arg>AU</arg>
<arg>AW</arg>
<arg>AX</arg>
<arg>AZ</arg>
<arg>BA</arg>
<arg>BB</arg>
<arg>BD</arg>
<arg>BE</arg>
<arg>BF</arg>
<arg>BG</arg>
<arg>BH</arg>
<arg>BI</arg>
<arg>BJ</arg>
<arg>BL</arg>
<arg>BM</arg>
<arg>BN</arg>
<arg>BO</arg>
<arg>BQ</arg>
<arg>BR</arg>
<arg>BS</arg>
<arg>BT</arg>
<arg>BV</arg>
<arg>BW</arg>
<arg>BY</arg>
<arg>BZ</arg>
<arg>CA</arg>
<arg>CC</arg>
<arg>CD</arg>
<arg>CF</arg>
<arg>CG</arg>
<arg>CH</arg>
<arg>CI</arg>
<arg>CK</arg>
<arg>CL</arg>
<arg>CM</arg>
<arg>CN</arg>
<arg>CO</arg>
<arg>CR</arg>
<arg>CU</arg>
<arg>CV</arg>
<arg>CW</arg>
<arg>CX</arg>
<arg>CY</arg>
<arg>CZ</arg>
<arg>DE</arg>
<arg>DJ</arg>
<arg>DK</arg>
<arg>DM</arg>
<arg>DO</arg>
<arg>DZ</arg>
<arg>EC</arg>
<arg>EE</arg>
<arg>EG</arg>
<arg>EH</arg>
<arg>ER</arg>
<arg>ES</arg>
<arg>ET</arg>
<arg>FI</arg>
<arg>FJ</arg>
<arg>FK</arg>
<arg>FM</arg>
<arg>FO</arg>
<arg>FR</arg>
<arg>GA</arg>
<arg>GB</arg>
<arg>GD</arg>
<arg>GE</arg>
<arg>GF</arg>
<arg>GG</arg>
<arg>GH</arg>
<arg>GI</arg>
<arg>GL</arg>
<arg>GM</arg>
<arg>GN</arg>
<arg>GP</arg>
<arg>GQ</arg>
<arg>GR</arg>
<arg>GS</arg>
<arg>GT</arg>
<arg>GU</arg>
<arg>GW</arg>
<arg>GY</arg>
<arg>HK</arg>
<arg>HM</arg>
<arg>HN</arg>
<arg>HR</arg>
<arg>HT</arg>
<arg>HU</arg>
<arg>ID</arg>
<arg>IE</arg>
<arg>IL</arg>
<arg>IM</arg>
<arg>IN</arg>
<arg>IO</arg>
<arg>IQ</arg>
<arg>IR</arg>
<arg>IS</arg>
<arg>IT</arg>
<arg>JE</arg>
<arg>JM</arg>
<arg>JO</arg>
<arg>JP</arg>
<arg>KE</arg>
<arg>KG</arg>
<arg>KH</arg>
<arg>KI</arg>
<arg>KM</arg>
<arg>KN</arg>
<arg>KP</arg>
<arg>KR</arg>
<arg>KW</arg>
<arg>KY</arg>
<arg>KZ</arg>
<arg>LA</arg>
<arg>LB</arg>
<arg>LC</arg>
<arg>LI</arg>
<arg>LK</arg>
<arg>LR</arg>
<arg>LS</arg>
<arg>LT</arg>
<arg>LU</arg>
<arg>LV</arg>
<arg>LY</arg>
<arg>MA</arg>
<arg>MC</arg>
<arg>MD</arg>
<arg>ME</arg>
<arg>MF</arg>
<arg>MG</arg>
<arg>MH</arg>
<arg>MK</arg>
<arg>ML</arg>
<arg>MM</arg>
<arg>MN</arg>
<arg>MO</arg>
<arg>MP</arg>
<arg>MQ</arg>
<arg>MR</arg>
<arg>MS</arg>
<arg>MT</arg>
<arg>MU</arg>
<arg>MV</arg>
<arg>MW</arg>
<arg>MX</arg>
<arg>MY</arg>
<arg>MZ</arg>
<arg>NA</arg>
<arg>NC</arg>
<arg>NE</arg>
<arg>NF</arg>
<arg>NG</arg>
<arg>NI</arg>
<arg>NL</arg>
<arg>NO</arg>
<arg>NP</arg>
<arg>NR</arg>
<arg>NU</arg>
<arg>NZ</arg>
<arg>OM</arg>
<arg>PA</arg>
<arg>PE</arg>
<arg>PF</arg>
<arg>PG</arg>
<arg>PH</arg>
<arg>PK</arg>
<arg>PL</arg>
<arg>PM</arg>
<arg>PN</arg>
<arg>PR</arg>
<arg>PS</arg>
<arg>PT</arg>
<arg>PW</arg>
<arg>PY</arg>
<arg>QA</arg>
<arg>RE</arg>
<arg>RO</arg>
<arg>RS</arg>
<arg>RU</arg>
<arg>RW</arg>
<arg>SA</arg>
<arg>SB</arg>
<arg>SC</arg>
<arg>SD</arg>
<arg>SE</arg>
<arg>SG</arg>
<arg>SH</arg>
<arg>SI</arg>
<arg>SJ</arg>
<arg>SK</arg>
<arg>SL</arg>
<arg>SM</arg>
<arg>SN</arg>
<arg>SO</arg>
<arg>SR</arg>
<arg>SS</arg>
<arg>ST</arg>
<arg>SV</arg>
<arg>SX</arg>
<arg>SY</arg>
<arg>SZ</arg>
<arg>TC</arg>
<arg>TD</arg>
<arg>TF</arg>
<arg>TG</arg>
<arg>TH</arg>
<arg>TJ</arg>
<arg>TK</arg>
<arg>TL</arg>
<arg>TM</arg>
<arg>TN</arg>
<arg>TO</arg>
<arg>TR</arg>
<arg>TT</arg>
<arg>TV</arg>
<arg>TW</arg>
<arg>TZ</arg>
<arg>UA</arg>
<arg>UG</arg>
<arg>UM</arg>
<arg>US</arg>
<arg>UY</arg>
<arg>UZ</arg>
<arg>VA</arg>
<arg>VC</arg>
<arg>VE</arg>
<arg>VG</arg>
<arg>VI</arg>
<arg>VN</arg>
<arg>VU</arg>
<arg>WF</arg>
<arg>WS</arg>
<arg>XK</arg>
<arg>YE</arg>
<arg>YT</arg>
<arg>ZA</arg>
<arg>ZM</arg>
<arg>ZW</arg>
<doc>Returns a list containing given items.</doc>
<status status="PASS" start="2024-06-05T14:15:41.986711" elapsed="0.000621"/>
</kw>
<kw name="List Should Contain Value" owner="Collections">
<msg time="2024-06-05T14:15:41.988329" level="INFO">False</msg>
<arg>${list_country}</arg>
<arg>${name_country}</arg>
<doc>Fails if the ``value`` is not found from ``list``.</doc>
<status status="PASS" start="2024-06-05T14:15:41.988123" elapsed="0.000249"/>
</kw>
<kw name="Run Keyword If" owner="BuiltIn">
<kw name="Should Be True" owner="BuiltIn">
<arg>${True}</arg>
<doc>Fails if the given condition is not true.</doc>
<status status="PASS" start="2024-06-05T14:15:41.989464" elapsed="0.000145"/>
</kw>
<arg>${json_data["results"][0]["location"]["coordinates"]["latitude"]} &gt;= -90 and ${json_data["results"][0]["location"]["coordinates"]["latitude"]} &lt;= 90</arg>
<arg>Should Be True</arg>
<arg>${True}</arg>
<doc>Runs the given keyword with the given arguments, if ``condition`` is true.</doc>
<status status="PASS" start="2024-06-05T14:15:41.988682" elapsed="0.001054"/>
</kw>
<kw name="Run Keyword If" owner="BuiltIn">
<kw name="Should Be True" owner="BuiltIn">
<arg>${True}</arg>
<doc>Fails if the given condition is not true.</doc>
<status status="PASS" start="2024-06-05T14:15:41.990606" elapsed="0.000250"/>
</kw>
<arg>${json_data["results"][0]["location"]["coordinates"]["longitude"]} &gt;= -180 and ${json_data["results"][0]["location"]["coordinates"]["longitude"]} &lt;= 180</arg>
<arg>Should Be True</arg>
<arg>${True}</arg>
<doc>Runs the given keyword with the given arguments, if ``condition`` is true.</doc>
<status status="PASS" start="2024-06-05T14:15:41.989919" elapsed="0.001065"/>
</kw>
<status status="PASS" start="2024-06-05T14:15:41.889615" elapsed="0.101502"/>
</kw>
<doc>Testa o conteúdo específico dos campos retornados pela API.</doc>
<tag>testeConteudo</tag>
<status status="PASS" start="2024-06-05T14:15:41.888956" elapsed="0.102310"/>
</test>
<status status="PASS" start="2024-06-05T14:15:40.910088" elapsed="1.083095"/>
</suite>
<status status="PASS" start="2024-06-05T14:15:40.896176" elapsed="1.102177"/>
</suite>
<statistics>
<total>
<stat pass="5" fail="0" skip="0">All Tests</stat>
</total>
<tag>
<stat pass="1" fail="0" skip="0">testeConteudo</stat>
<stat pass="1" fail="0" skip="0">testeEstruturaResposta</stat>
<stat pass="1" fail="0" skip="0">testeRequisicaoBasica</stat>
<stat pass="1" fail="0" skip="0">testeTiposDados</stat>
</tag>
<suite>
<stat pass="5" fail="0" skip="0" id="s1" name="Tests">Tests</stat>
<stat pass="5" fail="0" skip="0" id="s1-s1" name="Random-User-Test">Tests.Random-User-Test</stat>
</suite>
</statistics>
<errors>
</errors>
</robot>
