<?xml version="1.0" encoding="UTF-8"?>
<robot generator="Robot 7.0 (Python 3.12.2 on linux)" generated="2024-04-02T03:16:33.309385" rpa="false" schemaversion="5">
<suite id="s1" name="Tests" source="/home/runner/work/DesafioQAItauRogerioJordao/DesafioQAItauRogerioJordao/RamdonUser/tests">
<suite id="s1-s1" name="Random-User-Test" source="/home/runner/work/DesafioQAItauRogerioJordao/DesafioQAItauRogerioJordao/RamdonUser/tests/random-user-test.robot">
<test id="s1-s1-t1" name="Conectar" line="13">
<kw name="Conectar API" owner="random-user-service">
<kw name="Create Session" owner="RequestsLibrary">
<msg time="2024-04-02T03:16:33.688457" level="INFO">Creating Session using : alias=consultarAPI, url=https://randomuser.me/, headers={},                     cookies={}, auth=None, timeout=None, proxies=None, verify=False,                     debug=0 </msg>
<arg>consultarAPI</arg>
<arg>${URL}</arg>
<doc>Create Session: create a HTTP session to a server</doc>
<status status="PASS" start="2024-04-02T03:16:33.688210" elapsed="0.000448"/>
</kw>
<status status="PASS" start="2024-04-02T03:16:33.686978" elapsed="0.002095"/>
</kw>
<status status="PASS" start="2024-04-02T03:16:33.686172" elapsed="0.003123"/>
</test>
<test id="s1-s1-t2" name="Validar retorno 200 e JSON Válido" line="16">
<kw name="Teste de Requisicao Basica" owner="random-user-service">
<kw name="GET On Session" owner="RequestsLibrary">
<msg time="2024-04-02T03:16:33.966583" level="INFO">GET Request : url=https://randomuser.me/api 
 path_url=/api 
 headers={'User-Agent': 'python-requests/2.31.0', 'Accept-Encoding': 'gzip, deflate', 'Accept': '*/*', 'Connection': 'keep-alive'} 
 body=None 
 </msg>
<msg time="2024-04-02T03:16:33.966742" level="INFO">GET Response : url=https://randomuser.me/api 
 status=200, reason=OK 
 headers={'Date': 'Tue, 02 Apr 2024 03:16:33 GMT', 'Content-Type': 'application/json; charset=utf-8', 'Transfer-Encoding': 'chunked', 'Connection': 'keep-alive', 'X-Powered-By': 'Express', 'Access-Control-Allow-Origin': '*', 'Cache-Control': 'no-cache', 'ETag': 'W/"4ab-h0epxB8cyro20eEkLm7HSWiZIM8"', 'Vary': 'Accept-Encoding', 'Content-Encoding': 'gzip', 'CF-Cache-Status': 'DYNAMIC', 'Report-To': '{"endpoints":[{"url":"https:\\/\\/a.nel.cloudflare.com\\/report\\/v4?s=oHfyVq3nS2l0cGHpZIHXZ2aFECHlfMyXv0Fbd1dh%2FoTSrIjHLBFXk3zLVIIb%2FYwk1q0Phu8sj6BK%2F%2BDovYWqAtydlOePflwFLI3%2FBMnfoiZ1m1smQgW0oq8oITIC7O1C"}],"group":"cf-nel","max_age":604800}', 'NEL': '{"success_fraction":0,"report_to":"cf-nel","max_age":604800}', 'Server': 'cloudflare', 'CF-RAY': '86dda92f9d0414e2-LAX', 'alt-svc': 'h3=":443"; ma=86400'} 
 body={"results":[{"gender":"female","name":{"title":"Ms","first":"Annita","last":"Dahmen"},"location":{"street":{"number":2806,"name":"Wiesenstraße"},"city":"Frankfurt (Oder)","state":"Mecklenburg-Vorpommern","country":"Germany","postcode":22682,"coordinates":{"latitude":"-48.5236","longitude":"133.7640"},"timezone":{"offset":"-8:00","description":"Pacific Time (US &amp; Canada)"}},"email":"annita.dahmen@example.com","login":{"uuid":"11c24f47-28aa-4ca3-9424-8944ce73604d","username":"crazyleopard637","password":"blacklab","salt":"FNQXPpfq","md5":"5c7411bbb8c6c1465f8a220532705f14","sha1":"d35a3c55a79c8efc27f7592bb3db3a7b81ab3e1d","sha256":"eaec901cb24c3e0fcc43b761dfd5ede0d367080930d89781eefdb50a8ea1f100"},"dob":{"date":"1959-12-30T09:21:19.492Z","age":64},"registered":{"date":"2008-03-07T17:41:10.875Z","age":16},"phone":"0942-3028271","cell":"0175-9273701","id":{"name":"SVNR","value":"54 301259 D 593"},"picture":{"large":"https://randomuser.me/api/portraits/women/75.jpg","medium":"https://randomuser.me/api/portraits/med/women/75.jpg","thumbnail":"https://randomuser.me/api/portraits/thumb/women/75.jpg"},"nat":"DE"}],"info":{"seed":"ec27ac8195130691","results":1,"page":1,"version":"1.4"}} 
 </msg>
<msg time="2024-04-02T03:16:33.966875" level="INFO">/opt/hostedtoolcache/Python/3.12.2/x64/lib/python3.12/site-packages/urllib3/connectionpool.py:1103: InsecureRequestWarning: Unverified HTTPS request is being made to host 'randomuser.me'. Adding certificate verification is strongly advised. See: https://urllib3.readthedocs.io/en/latest/advanced-usage.html#tls-warnings
  warnings.warn(</msg>
<msg time="2024-04-02T03:16:33.967038" level="INFO">${response} = &lt;Response [200]&gt;</msg>
<var>${response}</var>
<arg>consultarAPI</arg>
<arg>/api</arg>
<doc>Sends a GET request on a previously created HTTP Session.</doc>
<status status="PASS" start="2024-04-02T03:16:33.692097" elapsed="0.274984"/>
</kw>
<kw name="Should Be Equal As Numbers" owner="BuiltIn">
<msg time="2024-04-02T03:16:33.968425" level="INFO">Argument types are:
&lt;class 'int'&gt;
&lt;class 'str'&gt;</msg>
<arg>${response.status_code}</arg>
<arg>200</arg>
<doc>Fails if objects are unequal after converting them to real numbers.</doc>
<status status="PASS" start="2024-04-02T03:16:33.967889" elapsed="0.000609"/>
</kw>
<kw name="Log" owner="BuiltIn">
<msg time="2024-04-02T03:16:33.969327" level="INFO">200</msg>
<arg>${response.status_code}</arg>
<doc>Logs the given message with the given level.</doc>
<status status="PASS" start="2024-04-02T03:16:33.968909" elapsed="0.000465"/>
</kw>
<kw name="Set Variable" owner="BuiltIn">
<msg time="2024-04-02T03:16:33.970274" level="INFO">${json_data} = {'results': [{'gender': 'female', 'name': {'title': 'Ms', 'first': 'Annita', 'last': 'Dahmen'}, 'location': {'street': {'number': 2806, 'name': 'Wiesenstraße'}, 'city': 'Frankfurt (Oder)', 'state': 'M...</msg>
<var>${json_data}</var>
<arg>${response.json()}</arg>
<doc>Returns the given values which can then be assigned to a variables.</doc>
<status status="PASS" start="2024-04-02T03:16:33.969776" elapsed="0.000528"/>
</kw>
<kw name="Dictionary Should Contain Key" owner="Collections">
<msg time="2024-04-02T03:16:33.970844" level="INFO">False</msg>
<arg>${json_data}</arg>
<arg>results</arg>
<doc>Fails if ``key`` is not found from ``dictionary``.</doc>
<status status="PASS" start="2024-04-02T03:16:33.970654" elapsed="0.000232"/>
</kw>
<status status="PASS" start="2024-04-02T03:16:33.691790" elapsed="0.279384"/>
</kw>
<doc>Testa se a API responde corretamente e retorna um objeto JSON válido.</doc>
<tag>testeRequisicaoBasica</tag>
<status status="PASS" start="2024-04-02T03:16:33.691212" elapsed="0.280165"/>
</test>
<test id="s1-s1-t3" name="Validar estrutura de resposta" line="22">
<kw name="Teste de Estrutura de Resposta" owner="random-user-service">
<kw name="GET On Session" owner="RequestsLibrary">
<msg time="2024-04-02T03:16:34.067159" level="INFO">GET Request : url=https://randomuser.me/api 
 path_url=/api 
 headers={'User-Agent': 'python-requests/2.31.0', 'Accept-Encoding': 'gzip, deflate', 'Accept': '*/*', 'Connection': 'keep-alive'} 
 body=None 
 </msg>
<msg time="2024-04-02T03:16:34.067299" level="INFO">GET Response : url=https://randomuser.me/api 
 status=200, reason=OK 
 headers={'Date': 'Tue, 02 Apr 2024 03:16:34 GMT', 'Content-Type': 'application/json; charset=utf-8', 'Transfer-Encoding': 'chunked', 'Connection': 'keep-alive', 'X-Powered-By': 'Express', 'Access-Control-Allow-Origin': '*', 'Cache-Control': 'no-cache', 'ETag': 'W/"47e-1WALrB7A+QmHvpl/M79RSmvGhNc"', 'Vary': 'Accept-Encoding', 'Content-Encoding': 'gzip', 'CF-Cache-Status': 'DYNAMIC', 'Report-To': '{"endpoints":[{"url":"https:\\/\\/a.nel.cloudflare.com\\/report\\/v4?s=%2BAQy%2FvaxobQcCZI9%2FHfkh3Z2hz430FQsTwZZZV%2FyXVkFbR%2Fw1aeBD6QJlXeQBaaeeI%2FlQaCQFZix4bYMkD9VdVO920uY4xVEEhl01Rg5W41eDT7FK%2BOme%2BbZ%2FbX5jN%2BR"}],"group":"cf-nel","max_age":604800}', 'NEL': '{"success_fraction":0,"report_to":"cf-nel","max_age":604800}', 'Server': 'cloudflare', 'CF-RAY': '86dda9305e0614e2-LAX', 'alt-svc': 'h3=":443"; ma=86400'} 
 body={"results":[{"gender":"male","name":{"title":"Mr","first":"Babür","last":"Gönültaş"},"location":{"street":{"number":6462,"name":"Istiklal Cd"},"city":"Kırıkkale","state":"Karabük","country":"Turkey","postcode":47123,"coordinates":{"latitude":"72.4995","longitude":"-20.4486"},"timezone":{"offset":"+7:00","description":"Bangkok, Hanoi, Jakarta"}},"email":"babur.gonultas@example.com","login":{"uuid":"16ca7ef6-d064-4f3c-b6d2-2b055366646a","username":"ticklishcat232","password":"gonzo","salt":"Ybzs9mUU","md5":"5b9073f42885c6b3dce670ec8df36df6","sha1":"1a44121e2f6c5826088110e4836e7e1d982b2a90","sha256":"a95b4e07bcfefddc366ed59677ebe05481326f6bea0af1f6fe6d892e0caae569"},"dob":{"date":"1985-03-16T23:52:13.898Z","age":39},"registered":{"date":"2002-07-24T02:58:01.544Z","age":21},"phone":"(324)-342-4670","cell":"(887)-763-8659","id":{"name":"","value":null},"picture":{"large":"https://randomuser.me/api/portraits/men/31.jpg","medium":"https://randomuser.me/api/portraits/med/men/31.jpg","thumbnail":"https://randomuser.me/api/portraits/thumb/men/31.jpg"},"nat":"TR"}],"info":{"seed":"9854e27b71c5b05b","results":1,"page":1,"version":"1.4"}} 
 </msg>
<msg time="2024-04-02T03:16:34.067509" level="INFO">/opt/hostedtoolcache/Python/3.12.2/x64/lib/python3.12/site-packages/urllib3/connectionpool.py:1103: InsecureRequestWarning: Unverified HTTPS request is being made to host 'randomuser.me'. Adding certificate verification is strongly advised. See: https://urllib3.readthedocs.io/en/latest/advanced-usage.html#tls-warnings
  warnings.warn(</msg>
<msg time="2024-04-02T03:16:34.067664" level="INFO">${response} = &lt;Response [200]&gt;</msg>
<var>${response}</var>
<arg>consultarAPI</arg>
<arg>/api</arg>
<doc>Sends a GET request on a previously created HTTP Session.</doc>
<status status="PASS" start="2024-04-02T03:16:33.974399" elapsed="0.093306"/>
</kw>
<kw name="Set Variable" owner="BuiltIn">
<msg time="2024-04-02T03:16:34.068872" level="INFO">${json_data} = {'results': [{'gender': 'male', 'name': {'title': 'Mr', 'first': 'Babür', 'last': 'Gönültaş'}, 'location': {'street': {'number': 6462, 'name': 'Istiklal Cd'}, 'city': 'Kırıkkale', 'state': 'Karabük', ...</msg>
<var>${json_data}</var>
<arg>${response.json()}</arg>
<doc>Returns the given values which can then be assigned to a variables.</doc>
<status status="PASS" start="2024-04-02T03:16:34.068301" elapsed="0.000603"/>
</kw>
<kw name="Log" owner="BuiltIn">
<msg time="2024-04-02T03:16:34.069406" level="INFO">{'results': [{'gender': 'male', 'name': {'title': 'Mr', 'first': 'Babür', 'last': 'Gönültaş'}, 'location': {'street': {'number': 6462, 'name': 'Istiklal Cd'}, 'city': 'Kırıkkale', 'state': 'Karabük', 'country': 'Turkey', 'postcode': 47123, 'coordinates': {'latitude': '72.4995', 'longitude': '-20.4486'}, 'timezone': {'offset': '+7:00', 'description': 'Bangkok, Hanoi, Jakarta'}}, 'email': 'babur.gonultas@example.com', 'login': {'uuid': '16ca7ef6-d064-4f3c-b6d2-2b055366646a', 'username': 'ticklishcat232', 'password': 'gonzo', 'salt': 'Ybzs9mUU', 'md5': '5b9073f42885c6b3dce670ec8df36df6', 'sha1': '1a44121e2f6c5826088110e4836e7e1d982b2a90', 'sha256': 'a95b4e07bcfefddc366ed59677ebe05481326f6bea0af1f6fe6d892e0caae569'}, 'dob': {'date': '1985-03-16T23:52:13.898Z', 'age': 39}, 'registered': {'date': '2002-07-24T02:58:01.544Z', 'age': 21}, 'phone': '(324)-342-4670', 'cell': '(887)-763-8659', 'id': {'name': '', 'value': None}, 'picture': {'large': 'https://randomuser.me/api/portraits/men/31.jpg', 'medium': 'https://randomuser.me/api/portraits/med/men/31.jpg', 'thumbnail': 'https://randomuser.me/api/portraits/thumb/men/31.jpg'}, 'nat': 'TR'}], 'info': {'seed': '9854e27b71c5b05b', 'results': 1, 'page': 1, 'version': '1.4'}}</msg>
<arg>${json_data}</arg>
<doc>Logs the given message with the given level.</doc>
<status status="PASS" start="2024-04-02T03:16:34.069238" elapsed="0.000222"/>
</kw>
<kw name="Dictionary Should Contain Key" owner="Collections">
<msg time="2024-04-02T03:16:34.069929" level="INFO">False</msg>
<arg>${json_data}</arg>
<arg>results</arg>
<doc>Fails if ``key`` is not found from ``dictionary``.</doc>
<status status="PASS" start="2024-04-02T03:16:34.069768" elapsed="0.000200"/>
</kw>
<kw name="Should Not Be Empty" owner="BuiltIn">
<msg time="2024-04-02T03:16:34.070401" level="INFO">Length is 2.</msg>
<arg>${json_data}</arg>
<doc>Verifies that the given item is not empty.</doc>
<status status="PASS" start="2024-04-02T03:16:34.070268" elapsed="0.000173"/>
</kw>
<kw name="Create List" owner="BuiltIn">
<msg time="2024-04-02T03:16:34.070902" level="INFO">${expected_keys} = ['gender', 'name', 'location', 'email', 'login']</msg>
<var>${expected_keys}</var>
<arg>gender</arg>
<arg>name</arg>
<arg>location</arg>
<arg>email</arg>
<arg>login</arg>
<doc>Returns a list containing given items.</doc>
<status status="PASS" start="2024-04-02T03:16:34.070737" elapsed="0.000190"/>
</kw>
<for flavor="IN">
<iter>
<kw name="Dictionary Should Contain Key" owner="Collections">
<msg time="2024-04-02T03:16:34.072060" level="INFO">False</msg>
<arg>${json_data['results'][0]}</arg>
<arg>${key}</arg>
<doc>Fails if ``key`` is not found from ``dictionary``.</doc>
<status status="PASS" start="2024-04-02T03:16:34.071578" elapsed="0.000524"/>
</kw>
<kw name="Log" owner="BuiltIn">
<msg time="2024-04-02T03:16:34.072797" level="INFO">{'gender': 'male', 'name': {'title': 'Mr', 'first': 'Babür', 'last': 'Gönültaş'}, 'location': {'street': {'number': 6462, 'name': 'Istiklal Cd'}, 'city': 'Kırıkkale', 'state': 'Karabük', 'country': 'Turkey', 'postcode': 47123, 'coordinates': {'latitude': '72.4995', 'longitude': '-20.4486'}, 'timezone': {'offset': '+7:00', 'description': 'Bangkok, Hanoi, Jakarta'}}, 'email': 'babur.gonultas@example.com', 'login': {'uuid': '16ca7ef6-d064-4f3c-b6d2-2b055366646a', 'username': 'ticklishcat232', 'password': 'gonzo', 'salt': 'Ybzs9mUU', 'md5': '5b9073f42885c6b3dce670ec8df36df6', 'sha1': '1a44121e2f6c5826088110e4836e7e1d982b2a90', 'sha256': 'a95b4e07bcfefddc366ed59677ebe05481326f6bea0af1f6fe6d892e0caae569'}, 'dob': {'date': '1985-03-16T23:52:13.898Z', 'age': 39}, 'registered': {'date': '2002-07-24T02:58:01.544Z', 'age': 21}, 'phone': '(324)-342-4670', 'cell': '(887)-763-8659', 'id': {'name': '', 'value': None}, 'picture': {'large': 'https://randomuser.me/api/portraits/men/31.jpg', 'medium': 'https://randomuser.me/api/portraits/med/men/31.jpg', 'thumbnail': 'https://randomuser.me/api/portraits/thumb/men/31.jpg'}, 'nat': 'TR'}</msg>
<arg>${json_data['results'][0]}</arg>
<doc>Logs the given message with the given level.</doc>
<status status="PASS" start="2024-04-02T03:16:34.072419" elapsed="0.000437"/>
</kw>
<kw name="Log" owner="BuiltIn">
<msg time="2024-04-02T03:16:34.073304" level="INFO">gender</msg>
<arg>${key}</arg>
<doc>Logs the given message with the given level.</doc>
<status status="PASS" start="2024-04-02T03:16:34.073173" elapsed="0.000171"/>
</kw>
<var name="${key}">gender</var>
<status status="PASS" start="2024-04-02T03:16:34.071434" elapsed="0.002135"/>
</iter>
<iter>
<kw name="Dictionary Should Contain Key" owner="Collections">
<msg time="2024-04-02T03:16:34.074292" level="INFO">False</msg>
<arg>${json_data['results'][0]}</arg>
<arg>${key}</arg>
<doc>Fails if ``key`` is not found from ``dictionary``.</doc>
<status status="PASS" start="2024-04-02T03:16:34.073889" elapsed="0.000442"/>
</kw>
<kw name="Log" owner="BuiltIn">
<msg time="2024-04-02T03:16:34.075062" level="INFO">{'gender': 'male', 'name': {'title': 'Mr', 'first': 'Babür', 'last': 'Gönültaş'}, 'location': {'street': {'number': 6462, 'name': 'Istiklal Cd'}, 'city': 'Kırıkkale', 'state': 'Karabük', 'country': 'Turkey', 'postcode': 47123, 'coordinates': {'latitude': '72.4995', 'longitude': '-20.4486'}, 'timezone': {'offset': '+7:00', 'description': 'Bangkok, Hanoi, Jakarta'}}, 'email': 'babur.gonultas@example.com', 'login': {'uuid': '16ca7ef6-d064-4f3c-b6d2-2b055366646a', 'username': 'ticklishcat232', 'password': 'gonzo', 'salt': 'Ybzs9mUU', 'md5': '5b9073f42885c6b3dce670ec8df36df6', 'sha1': '1a44121e2f6c5826088110e4836e7e1d982b2a90', 'sha256': 'a95b4e07bcfefddc366ed59677ebe05481326f6bea0af1f6fe6d892e0caae569'}, 'dob': {'date': '1985-03-16T23:52:13.898Z', 'age': 39}, 'registered': {'date': '2002-07-24T02:58:01.544Z', 'age': 21}, 'phone': '(324)-342-4670', 'cell': '(887)-763-8659', 'id': {'name': '', 'value': None}, 'picture': {'large': 'https://randomuser.me/api/portraits/men/31.jpg', 'medium': 'https://randomuser.me/api/portraits/med/men/31.jpg', 'thumbnail': 'https://randomuser.me/api/portraits/thumb/men/31.jpg'}, 'nat': 'TR'}</msg>
<arg>${json_data['results'][0]}</arg>
<doc>Logs the given message with the given level.</doc>
<status status="PASS" start="2024-04-02T03:16:34.074676" elapsed="0.000438"/>
</kw>
<kw name="Log" owner="BuiltIn">
<msg time="2024-04-02T03:16:34.075562" level="INFO">name</msg>
<arg>${key}</arg>
<doc>Logs the given message with the given level.</doc>
<status status="PASS" start="2024-04-02T03:16:34.075429" elapsed="0.000176"/>
</kw>
<var name="${key}">name</var>
<status status="PASS" start="2024-04-02T03:16:34.073766" elapsed="0.002119"/>
</iter>
<iter>
<kw name="Dictionary Should Contain Key" owner="Collections">
<msg time="2024-04-02T03:16:34.076609" level="INFO">False</msg>
<arg>${json_data['results'][0]}</arg>
<arg>${key}</arg>
<doc>Fails if ``key`` is not found from ``dictionary``.</doc>
<status status="PASS" start="2024-04-02T03:16:34.076207" elapsed="0.000442"/>
</kw>
<kw name="Log" owner="BuiltIn">
<msg time="2024-04-02T03:16:34.077344" level="INFO">{'gender': 'male', 'name': {'title': 'Mr', 'first': 'Babür', 'last': 'Gönültaş'}, 'location': {'street': {'number': 6462, 'name': 'Istiklal Cd'}, 'city': 'Kırıkkale', 'state': 'Karabük', 'country': 'Turkey', 'postcode': 47123, 'coordinates': {'latitude': '72.4995', 'longitude': '-20.4486'}, 'timezone': {'offset': '+7:00', 'description': 'Bangkok, Hanoi, Jakarta'}}, 'email': 'babur.gonultas@example.com', 'login': {'uuid': '16ca7ef6-d064-4f3c-b6d2-2b055366646a', 'username': 'ticklishcat232', 'password': 'gonzo', 'salt': 'Ybzs9mUU', 'md5': '5b9073f42885c6b3dce670ec8df36df6', 'sha1': '1a44121e2f6c5826088110e4836e7e1d982b2a90', 'sha256': 'a95b4e07bcfefddc366ed59677ebe05481326f6bea0af1f6fe6d892e0caae569'}, 'dob': {'date': '1985-03-16T23:52:13.898Z', 'age': 39}, 'registered': {'date': '2002-07-24T02:58:01.544Z', 'age': 21}, 'phone': '(324)-342-4670', 'cell': '(887)-763-8659', 'id': {'name': '', 'value': None}, 'picture': {'large': 'https://randomuser.me/api/portraits/men/31.jpg', 'medium': 'https://randomuser.me/api/portraits/med/men/31.jpg', 'thumbnail': 'https://randomuser.me/api/portraits/thumb/men/31.jpg'}, 'nat': 'TR'}</msg>
<arg>${json_data['results'][0]}</arg>
<doc>Logs the given message with the given level.</doc>
<status status="PASS" start="2024-04-02T03:16:34.076963" elapsed="0.000438"/>
</kw>
<kw name="Log" owner="BuiltIn">
<msg time="2024-04-02T03:16:34.077835" level="INFO">location</msg>
<arg>${key}</arg>
<doc>Logs the given message with the given level.</doc>
<status status="PASS" start="2024-04-02T03:16:34.077706" elapsed="0.000167"/>
</kw>
<var name="${key}">location</var>
<status status="PASS" start="2024-04-02T03:16:34.076088" elapsed="0.002005"/>
</iter>
<iter>
<kw name="Dictionary Should Contain Key" owner="Collections">
<msg time="2024-04-02T03:16:34.078766" level="INFO">False</msg>
<arg>${json_data['results'][0]}</arg>
<arg>${key}</arg>
<doc>Fails if ``key`` is not found from ``dictionary``.</doc>
<status status="PASS" start="2024-04-02T03:16:34.078384" elapsed="0.000420"/>
</kw>
<kw name="Log" owner="BuiltIn">
<msg time="2024-04-02T03:16:34.079468" level="INFO">{'gender': 'male', 'name': {'title': 'Mr', 'first': 'Babür', 'last': 'Gönültaş'}, 'location': {'street': {'number': 6462, 'name': 'Istiklal Cd'}, 'city': 'Kırıkkale', 'state': 'Karabük', 'country': 'Turkey', 'postcode': 47123, 'coordinates': {'latitude': '72.4995', 'longitude': '-20.4486'}, 'timezone': {'offset': '+7:00', 'description': 'Bangkok, Hanoi, Jakarta'}}, 'email': 'babur.gonultas@example.com', 'login': {'uuid': '16ca7ef6-d064-4f3c-b6d2-2b055366646a', 'username': 'ticklishcat232', 'password': 'gonzo', 'salt': 'Ybzs9mUU', 'md5': '5b9073f42885c6b3dce670ec8df36df6', 'sha1': '1a44121e2f6c5826088110e4836e7e1d982b2a90', 'sha256': 'a95b4e07bcfefddc366ed59677ebe05481326f6bea0af1f6fe6d892e0caae569'}, 'dob': {'date': '1985-03-16T23:52:13.898Z', 'age': 39}, 'registered': {'date': '2002-07-24T02:58:01.544Z', 'age': 21}, 'phone': '(324)-342-4670', 'cell': '(887)-763-8659', 'id': {'name': '', 'value': None}, 'picture': {'large': 'https://randomuser.me/api/portraits/men/31.jpg', 'medium': 'https://randomuser.me/api/portraits/med/men/31.jpg', 'thumbnail': 'https://randomuser.me/api/portraits/thumb/men/31.jpg'}, 'nat': 'TR'}</msg>
<arg>${json_data['results'][0]}</arg>
<doc>Logs the given message with the given level.</doc>
<status status="PASS" start="2024-04-02T03:16:34.079104" elapsed="0.000414"/>
</kw>
<kw name="Log" owner="BuiltIn">
<msg time="2024-04-02T03:16:34.079989" level="INFO">email</msg>
<arg>${key}</arg>
<doc>Logs the given message with the given level.</doc>
<status status="PASS" start="2024-04-02T03:16:34.079848" elapsed="0.000179"/>
</kw>
<var name="${key}">email</var>
<status status="PASS" start="2024-04-02T03:16:34.078271" elapsed="0.001977"/>
</iter>
<iter>
<kw name="Dictionary Should Contain Key" owner="Collections">
<msg time="2024-04-02T03:16:34.080920" level="INFO">False</msg>
<arg>${json_data['results'][0]}</arg>
<arg>${key}</arg>
<doc>Fails if ``key`` is not found from ``dictionary``.</doc>
<status status="PASS" start="2024-04-02T03:16:34.080534" elapsed="0.000423"/>
</kw>
<kw name="Log" owner="BuiltIn">
<msg time="2024-04-02T03:16:34.081620" level="INFO">{'gender': 'male', 'name': {'title': 'Mr', 'first': 'Babür', 'last': 'Gönültaş'}, 'location': {'street': {'number': 6462, 'name': 'Istiklal Cd'}, 'city': 'Kırıkkale', 'state': 'Karabük', 'country': 'Turkey', 'postcode': 47123, 'coordinates': {'latitude': '72.4995', 'longitude': '-20.4486'}, 'timezone': {'offset': '+7:00', 'description': 'Bangkok, Hanoi, Jakarta'}}, 'email': 'babur.gonultas@example.com', 'login': {'uuid': '16ca7ef6-d064-4f3c-b6d2-2b055366646a', 'username': 'ticklishcat232', 'password': 'gonzo', 'salt': 'Ybzs9mUU', 'md5': '5b9073f42885c6b3dce670ec8df36df6', 'sha1': '1a44121e2f6c5826088110e4836e7e1d982b2a90', 'sha256': 'a95b4e07bcfefddc366ed59677ebe05481326f6bea0af1f6fe6d892e0caae569'}, 'dob': {'date': '1985-03-16T23:52:13.898Z', 'age': 39}, 'registered': {'date': '2002-07-24T02:58:01.544Z', 'age': 21}, 'phone': '(324)-342-4670', 'cell': '(887)-763-8659', 'id': {'name': '', 'value': None}, 'picture': {'large': 'https://randomuser.me/api/portraits/men/31.jpg', 'medium': 'https://randomuser.me/api/portraits/med/men/31.jpg', 'thumbnail': 'https://randomuser.me/api/portraits/thumb/men/31.jpg'}, 'nat': 'TR'}</msg>
<arg>${json_data['results'][0]}</arg>
<doc>Logs the given message with the given level.</doc>
<status status="PASS" start="2024-04-02T03:16:34.081255" elapsed="0.000415"/>
</kw>
<kw name="Log" owner="BuiltIn">
<msg time="2024-04-02T03:16:34.082092" level="INFO">login</msg>
<arg>${key}</arg>
<doc>Logs the given message with the given level.</doc>
<status status="PASS" start="2024-04-02T03:16:34.081966" elapsed="0.000301"/>
</kw>
<var name="${key}">login</var>
<status status="PASS" start="2024-04-02T03:16:34.080423" elapsed="0.002092"/>
</iter>
<var>${key}</var>
<value>@{expected_keys}</value>
<status status="PASS" start="2024-04-02T03:16:34.071221" elapsed="0.011454"/>
</for>
<kw name="Create List" owner="BuiltIn">
<msg time="2024-04-02T03:16:34.083036" level="INFO">${expected_keysTwo} = ['username', 'password']</msg>
<var>${expected_keysTwo}</var>
<arg>username</arg>
<arg>password</arg>
<doc>Returns a list containing given items.</doc>
<status status="PASS" start="2024-04-02T03:16:34.082893" elapsed="0.000168"/>
</kw>
<for flavor="IN">
<iter>
<kw name="Dictionary Should Contain Key" owner="Collections">
<msg time="2024-04-02T03:16:34.084003" level="INFO">False</msg>
<arg>${json_data['results'][0]['login']}</arg>
<arg>${keyTwo}</arg>
<doc>Fails if ``key`` is not found from ``dictionary``.</doc>
<status status="PASS" start="2024-04-02T03:16:34.083575" elapsed="0.000467"/>
</kw>
<kw name="Dictionary Should Contain Key" owner="Collections">
<msg time="2024-04-02T03:16:34.084728" level="INFO">False</msg>
<arg>${json_data['results'][0]['login']}</arg>
<arg>${keyTwo}</arg>
<doc>Fails if ``key`` is not found from ``dictionary``.</doc>
<status status="PASS" start="2024-04-02T03:16:34.084345" elapsed="0.000421"/>
</kw>
<kw name="Log" owner="BuiltIn">
<msg time="2024-04-02T03:16:34.085187" level="INFO">username</msg>
<arg>${keyTwo}</arg>
<doc>Logs the given message with the given level.</doc>
<status status="PASS" start="2024-04-02T03:16:34.085059" elapsed="0.000166"/>
</kw>
<var name="${keyTwo}">username</var>
<status status="PASS" start="2024-04-02T03:16:34.083464" elapsed="0.001978"/>
</iter>
<iter>
<kw name="Dictionary Should Contain Key" owner="Collections">
<msg time="2024-04-02T03:16:34.086123" level="INFO">False</msg>
<arg>${json_data['results'][0]['login']}</arg>
<arg>${keyTwo}</arg>
<doc>Fails if ``key`` is not found from ``dictionary``.</doc>
<status status="PASS" start="2024-04-02T03:16:34.085732" elapsed="0.000429"/>
</kw>
<kw name="Dictionary Should Contain Key" owner="Collections">
<msg time="2024-04-02T03:16:34.086839" level="INFO">False</msg>
<arg>${json_data['results'][0]['login']}</arg>
<arg>${keyTwo}</arg>
<doc>Fails if ``key`` is not found from ``dictionary``.</doc>
<status status="PASS" start="2024-04-02T03:16:34.086455" elapsed="0.000421"/>
</kw>
<kw name="Log" owner="BuiltIn">
<msg time="2024-04-02T03:16:34.087297" level="INFO">password</msg>
<arg>${keyTwo}</arg>
<doc>Logs the given message with the given level.</doc>
<status status="PASS" start="2024-04-02T03:16:34.087170" elapsed="0.000164"/>
</kw>
<var name="${keyTwo}">password</var>
<status status="PASS" start="2024-04-02T03:16:34.085615" elapsed="0.001936"/>
</iter>
<var>${keyTwo}</var>
<value>@{expected_keysTwo}</value>
<status status="PASS" start="2024-04-02T03:16:34.083306" elapsed="0.004365"/>
</for>
<status status="PASS" start="2024-04-02T03:16:33.974144" elapsed="0.113668"/>
</kw>
<doc>Testa a estrutura da resposta da API.</doc>
<tag>testeEstruturaResposta</tag>
<status status="PASS" start="2024-04-02T03:16:33.973320" elapsed="0.114708"/>
</test>
<test id="s1-s1-t4" name="Validar tipos de dados" line="28">
<kw name="Teste de Tipos de Dados" owner="random-user-service">
<kw name="GET On Session" owner="RequestsLibrary">
<msg time="2024-04-02T03:16:34.192212" level="INFO">GET Request : url=https://randomuser.me/api 
 path_url=/api 
 headers={'User-Agent': 'python-requests/2.31.0', 'Accept-Encoding': 'gzip, deflate', 'Accept': '*/*', 'Connection': 'keep-alive'} 
 body=None 
 </msg>
<msg time="2024-04-02T03:16:34.192316" level="INFO">GET Response : url=https://randomuser.me/api 
 status=200, reason=OK 
 headers={'Date': 'Tue, 02 Apr 2024 03:16:34 GMT', 'Content-Type': 'application/json; charset=utf-8', 'Transfer-Encoding': 'chunked', 'Connection': 'keep-alive', 'X-Powered-By': 'Express', 'Access-Control-Allow-Origin': '*', 'Cache-Control': 'no-cache', 'ETag': 'W/"497-dNBJpQYz5SCLpNeEUvYgXxXyRI0"', 'Vary': 'Accept-Encoding', 'Content-Encoding': 'gzip', 'CF-Cache-Status': 'DYNAMIC', 'Report-To': '{"endpoints":[{"url":"https:\\/\\/a.nel.cloudflare.com\\/report\\/v4?s=fONdzkvLBqxx07nWnZdx5r5i91G6ei4UL5iy94V62zbIh5AP4FUtYd%2F965GvMYt5SRx%2B8SvZ0g80kKmrBERcPH4obALUh5sHOG9OhdeBzFNZ%2Bhiybzfsi6CftHv9DQN7"}],"group":"cf-nel","max_age":604800}', 'NEL': '{"success_fraction":0,"report_to":"cf-nel","max_age":604800}', 'Server': 'cloudflare', 'CF-RAY': '86dda9311eed14e2-LAX', 'alt-svc': 'h3=":443"; ma=86400'} 
 body={"results":[{"gender":"female","name":{"title":"Ms","first":"Antonia","last":"Reyes"},"location":{"street":{"number":9259,"name":"Calle de Pedro Bosch"},"city":"Vitoria","state":"Castilla la Mancha","country":"Spain","postcode":67552,"coordinates":{"latitude":"-36.3117","longitude":"118.8852"},"timezone":{"offset":"+2:00","description":"Kaliningrad, South Africa"}},"email":"antonia.reyes@example.com","login":{"uuid":"1ce8e8f4-a7a1-4fcc-ab24-55eebece8997","username":"crazygoose381","password":"browning","salt":"CPe0YYlR","md5":"36d9b329197e38605bb9f23661cd18cc","sha1":"6773107d7555073a0ca8a2ff07227b425a3389ca","sha256":"e549482c8ab79d530d23ff33d7e18c8eff6d9fec229c2cfebc9f04cb3c3f8d50"},"dob":{"date":"1995-07-19T10:12:17.981Z","age":28},"registered":{"date":"2020-12-29T06:27:43.046Z","age":3},"phone":"997-855-642","cell":"626-827-893","id":{"name":"DNI","value":"82631285-D"},"picture":{"large":"https://randomuser.me/api/portraits/women/72.jpg","medium":"https://randomuser.me/api/portraits/med/women/72.jpg","thumbnail":"https://randomuser.me/api/portraits/thumb/women/72.jpg"},"nat":"ES"}],"info":{"seed":"324588da24d891df","results":1,"page":1,"version":"1.4"}} 
 </msg>
<msg time="2024-04-02T03:16:34.192387" level="INFO">/opt/hostedtoolcache/Python/3.12.2/x64/lib/python3.12/site-packages/urllib3/connectionpool.py:1103: InsecureRequestWarning: Unverified HTTPS request is being made to host 'randomuser.me'. Adding certificate verification is strongly advised. See: https://urllib3.readthedocs.io/en/latest/advanced-usage.html#tls-warnings
  warnings.warn(</msg>
<msg time="2024-04-02T03:16:34.192520" level="INFO">${response} = &lt;Response [200]&gt;</msg>
<var>${response}</var>
<arg>consultarAPI</arg>
<arg>/api</arg>
<doc>Sends a GET request on a previously created HTTP Session.</doc>
<status status="PASS" start="2024-04-02T03:16:34.090595" elapsed="0.101989"/>
</kw>
<kw name="Set Variable" owner="BuiltIn">
<msg time="2024-04-02T03:16:34.193862" level="INFO">${json_data} = {'results': [{'gender': 'female', 'name': {'title': 'Ms', 'first': 'Antonia', 'last': 'Reyes'}, 'location': {'street': {'number': 9259, 'name': 'Calle de Pedro Bosch'}, 'city': 'Vitoria', 'state': 'Ca...</msg>
<var>${json_data}</var>
<arg>${response.json()}</arg>
<doc>Returns the given values which can then be assigned to a variables.</doc>
<status status="PASS" start="2024-04-02T03:16:34.193286" elapsed="0.000605"/>
</kw>
<kw name="Log" owner="BuiltIn">
<msg time="2024-04-02T03:16:34.194383" level="INFO">{'results': [{'gender': 'female', 'name': {'title': 'Ms', 'first': 'Antonia', 'last': 'Reyes'}, 'location': {'street': {'number': 9259, 'name': 'Calle de Pedro Bosch'}, 'city': 'Vitoria', 'state': 'Castilla la Mancha', 'country': 'Spain', 'postcode': 67552, 'coordinates': {'latitude': '-36.3117', 'longitude': '118.8852'}, 'timezone': {'offset': '+2:00', 'description': 'Kaliningrad, South Africa'}}, 'email': 'antonia.reyes@example.com', 'login': {'uuid': '1ce8e8f4-a7a1-4fcc-ab24-55eebece8997', 'username': 'crazygoose381', 'password': 'browning', 'salt': 'CPe0YYlR', 'md5': '36d9b329197e38605bb9f23661cd18cc', 'sha1': '6773107d7555073a0ca8a2ff07227b425a3389ca', 'sha256': 'e549482c8ab79d530d23ff33d7e18c8eff6d9fec229c2cfebc9f04cb3c3f8d50'}, 'dob': {'date': '1995-07-19T10:12:17.981Z', 'age': 28}, 'registered': {'date': '2020-12-29T06:27:43.046Z', 'age': 3}, 'phone': '997-855-642', 'cell': '626-827-893', 'id': {'name': 'DNI', 'value': '82631285-D'}, 'picture': {'large': 'https://randomuser.me/api/portraits/women/72.jpg', 'medium': 'https://randomuser.me/api/portraits/med/women/72.jpg', 'thumbnail': 'https://randomuser.me/api/portraits/thumb/women/72.jpg'}, 'nat': 'ES'}], 'info': {'seed': '324588da24d891df', 'results': 1, 'page': 1, 'version': '1.4'}}</msg>
<arg>${json_data}</arg>
<doc>Logs the given message with the given level.</doc>
<status status="PASS" start="2024-04-02T03:16:34.194221" elapsed="0.000249"/>
</kw>
<kw name="Should Be String" owner="String">
<arg>${json_data['results'][0]['gender']}</arg>
<doc>Fails if the given ``item`` is not a string.</doc>
<status status="PASS" start="2024-04-02T03:16:34.194774" elapsed="0.000363"/>
</kw>
<kw name="Should Match Regexp" owner="BuiltIn">
<arg>${json_data['results'][0]['email']}</arg>
<arg>^[a-zA-Z0-9._%+-]+@[a-zA-Z0-9.-]+\.[a-zA-Z]{2,}$</arg>
<doc>Fails if ``string`` does not match ``pattern`` as a regular expression.</doc>
<status status="PASS" start="2024-04-02T03:16:34.195332" elapsed="0.000596"/>
</kw>
<kw name="Should Match Regexp" owner="BuiltIn">
<arg>${json_data['results'][0]['dob']['date']}</arg>
<arg>\\d{4}-\\d{2}-\\d{2}T\\d{2}:\\d{2}:\\d{2}\\.\\d{3}Z</arg>
<doc>Fails if ``string`` does not match ``pattern`` as a regular expression.</doc>
<status status="PASS" start="2024-04-02T03:16:34.196139" elapsed="0.000511"/>
</kw>
<kw name="Should Match Regexp" owner="BuiltIn">
<arg>${json_data['results'][0]['registered']['date']}</arg>
<arg>\\d{4}-\\d{2}-\\d{2}T\\d{2}:\\d{2}:\\d{2}\\.\\d{3}Z</arg>
<doc>Fails if ``string`` does not match ``pattern`` as a regular expression.</doc>
<status status="PASS" start="2024-04-02T03:16:34.196847" elapsed="0.000376"/>
</kw>
<kw name="Should Match Regexp" owner="BuiltIn">
<arg>${json_data['results'][0]['picture']['large']}</arg>
<arg>^https?://.*\.(?:png|jpe?g|gif|bmp)$</arg>
<doc>Fails if ``string`` does not match ``pattern`` as a regular expression.</doc>
<status status="PASS" start="2024-04-02T03:16:34.197411" elapsed="0.000471"/>
</kw>
<kw name="Should Match Regexp" owner="BuiltIn">
<arg>${json_data['results'][0]['picture']['medium']}</arg>
<arg>^https?://.*\.(?:png|jpe?g|gif|bmp)$</arg>
<doc>Fails if ``string`` does not match ``pattern`` as a regular expression.</doc>
<status status="PASS" start="2024-04-02T03:16:34.198071" elapsed="0.000362"/>
</kw>
<kw name="Should Match Regexp" owner="BuiltIn">
<arg>${json_data['results'][0]['picture']['thumbnail']}</arg>
<arg>^https?://.*\.(?:png|jpe?g|gif|bmp)$</arg>
<doc>Fails if ``string`` does not match ``pattern`` as a regular expression.</doc>
<status status="PASS" start="2024-04-02T03:16:34.198621" elapsed="0.000353"/>
</kw>
<kw name="Log" owner="BuiltIn">
<msg time="2024-04-02T03:16:34.199498" level="INFO">{'large': 'https://randomuser.me/api/portraits/women/72.jpg', 'medium': 'https://randomuser.me/api/portraits/med/women/72.jpg', 'thumbnail': 'https://randomuser.me/api/portraits/thumb/women/72.jpg'}</msg>
<arg>${json_data['results'][0]['picture']}</arg>
<doc>Logs the given message with the given level.</doc>
<status status="PASS" start="2024-04-02T03:16:34.199157" elapsed="0.000411"/>
</kw>
<status status="PASS" start="2024-04-02T03:16:34.090360" elapsed="0.109687"/>
</kw>
<kw name="Teste de Tipos de Dados - Postcode" owner="random-user-service">
<kw name="GET On Session" owner="RequestsLibrary">
<msg time="2024-04-02T03:16:34.306387" level="INFO">GET Request : url=https://randomuser.me/api 
 path_url=/api 
 headers={'User-Agent': 'python-requests/2.31.0', 'Accept-Encoding': 'gzip, deflate', 'Accept': '*/*', 'Connection': 'keep-alive'} 
 body=None 
 </msg>
<msg time="2024-04-02T03:16:34.306494" level="INFO">GET Response : url=https://randomuser.me/api 
 status=200, reason=OK 
 headers={'Date': 'Tue, 02 Apr 2024 03:16:34 GMT', 'Content-Type': 'application/json; charset=utf-8', 'Transfer-Encoding': 'chunked', 'Connection': 'keep-alive', 'X-Powered-By': 'Express', 'Access-Control-Allow-Origin': '*', 'Cache-Control': 'no-cache', 'ETag': 'W/"4a0-8iWbw2d8L8HySv2B8letvxMoWqA"', 'Vary': 'Accept-Encoding', 'Content-Encoding': 'gzip', 'CF-Cache-Status': 'DYNAMIC', 'Report-To': '{"endpoints":[{"url":"https:\\/\\/a.nel.cloudflare.com\\/report\\/v4?s=tNz9uvX5wiD3xLXOI8x%2F27ei4bK%2FAB0bd23TM4LzytZj26igg6Ncu5%2F%2BrX2z5RtXB9Z3PrIgJOtGJA3Bc%2BRpSP0yKodYoQ2V3W95W%2BT0aCJtY%2FVibrGV0gAifOy%2F%2FFwa"}],"group":"cf-nel","max_age":604800}', 'NEL': '{"success_fraction":0,"report_to":"cf-nel","max_age":604800}', 'Server': 'cloudflare', 'CF-RAY': '86dda931cfc714e2-LAX', 'alt-svc': 'h3=":443"; ma=86400'} 
 body={"results":[{"gender":"female","name":{"title":"Mrs","first":"Sonali","last":"Belligatti"},"location":{"street":{"number":5327,"name":"Racecource Rd"},"city":"Gandhinagar","state":"Lakshadweep","country":"India","postcode":60048,"coordinates":{"latitude":"12.4152","longitude":"13.5749"},"timezone":{"offset":"+4:00","description":"Abu Dhabi, Muscat, Baku, Tbilisi"}},"email":"sonali.belligatti@example.com","login":{"uuid":"d2a98a48-88c4-44ba-87e9-456a9e144034","username":"organicelephant410","password":"tracer","salt":"FUqtSNWD","md5":"ec3cc9c4f4d2b59526476f196d894b0f","sha1":"4f6f626c1a9fe5080dc78c4e5c416a0d41544dab","sha256":"d3c88b27355a309e96ecd4afb42133d72fbc70cfb1f0afeb97e360d73263eec0"},"dob":{"date":"1966-11-25T01:40:44.173Z","age":57},"registered":{"date":"2015-03-15T06:45:39.090Z","age":9},"phone":"9033012384","cell":"9605040807","id":{"name":"UIDAI","value":"284715187331"},"picture":{"large":"https://randomuser.me/api/portraits/women/55.jpg","medium":"https://randomuser.me/api/portraits/med/women/55.jpg","thumbnail":"https://randomuser.me/api/portraits/thumb/women/55.jpg"},"nat":"IN"}],"info":{"seed":"48211a17d86620f4","results":1,"page":1,"version":"1.4"}} 
 </msg>
<msg time="2024-04-02T03:16:34.306586" level="INFO">/opt/hostedtoolcache/Python/3.12.2/x64/lib/python3.12/site-packages/urllib3/connectionpool.py:1103: InsecureRequestWarning: Unverified HTTPS request is being made to host 'randomuser.me'. Adding certificate verification is strongly advised. See: https://urllib3.readthedocs.io/en/latest/advanced-usage.html#tls-warnings
  warnings.warn(</msg>
<msg time="2024-04-02T03:16:34.306713" level="INFO">${response} = &lt;Response [200]&gt;</msg>
<var>${response}</var>
<arg>consultarAPI</arg>
<arg>/api</arg>
<doc>Sends a GET request on a previously created HTTP Session.</doc>
<status status="PASS" start="2024-04-02T03:16:34.200750" elapsed="0.105989"/>
</kw>
<kw name="Set Variable" owner="BuiltIn">
<msg time="2024-04-02T03:16:34.307875" level="INFO">${json_data} = {'results': [{'gender': 'female', 'name': {'title': 'Mrs', 'first': 'Sonali', 'last': 'Belligatti'}, 'location': {'street': {'number': 5327, 'name': 'Racecource Rd'}, 'city': 'Gandhinagar', 'state': '...</msg>
<var>${json_data}</var>
<arg>${response.json()}</arg>
<doc>Returns the given values which can then be assigned to a variables.</doc>
<status status="PASS" start="2024-04-02T03:16:34.307308" elapsed="0.000608"/>
</kw>
<kw name="Log" owner="BuiltIn">
<msg time="2024-04-02T03:16:34.308390" level="INFO">{'results': [{'gender': 'female', 'name': {'title': 'Mrs', 'first': 'Sonali', 'last': 'Belligatti'}, 'location': {'street': {'number': 5327, 'name': 'Racecource Rd'}, 'city': 'Gandhinagar', 'state': 'Lakshadweep', 'country': 'India', 'postcode': 60048, 'coordinates': {'latitude': '12.4152', 'longitude': '13.5749'}, 'timezone': {'offset': '+4:00', 'description': 'Abu Dhabi, Muscat, Baku, Tbilisi'}}, 'email': 'sonali.belligatti@example.com', 'login': {'uuid': 'd2a98a48-88c4-44ba-87e9-456a9e144034', 'username': 'organicelephant410', 'password': 'tracer', 'salt': 'FUqtSNWD', 'md5': 'ec3cc9c4f4d2b59526476f196d894b0f', 'sha1': '4f6f626c1a9fe5080dc78c4e5c416a0d41544dab', 'sha256': 'd3c88b27355a309e96ecd4afb42133d72fbc70cfb1f0afeb97e360d73263eec0'}, 'dob': {'date': '1966-11-25T01:40:44.173Z', 'age': 57}, 'registered': {'date': '2015-03-15T06:45:39.090Z', 'age': 9}, 'phone': '9033012384', 'cell': '9605040807', 'id': {'name': 'UIDAI', 'value': '284715187331'}, 'picture': {'large': 'https://randomuser.me/api/portraits/women/55.jpg', 'medium': 'https://randomuser.me/api/portraits/med/women/55.jpg', 'thumbnail': 'https://randomuser.me/api/portraits/thumb/women/55.jpg'}, 'nat': 'IN'}], 'info': {'seed': '48211a17d86620f4', 'results': 1, 'page': 1, 'version': '1.4'}}</msg>
<arg>${json_data}</arg>
<doc>Logs the given message with the given level.</doc>
<status status="PASS" start="2024-04-02T03:16:34.308234" elapsed="0.000237"/>
</kw>
<kw name="Should Be Equal As Numbers" owner="BuiltIn">
<arg>${json_data['results'][0]['location']['postcode']}</arg>
<arg>${json_data['results'][0]['location']['postcode']}</arg>
<doc>Fails if objects are unequal after converting them to real numbers.</doc>
<status status="PASS" start="2024-04-02T03:16:34.308781" elapsed="0.000625"/>
</kw>
<kw name="Log" owner="BuiltIn">
<msg time="2024-04-02T03:16:34.309929" level="INFO">60048</msg>
<arg>${json_data['results'][0]['location']['postcode']}</arg>
<doc>Logs the given message with the given level.</doc>
<status status="PASS" start="2024-04-02T03:16:34.309598" elapsed="0.000372"/>
</kw>
<status status="PASS" start="2024-04-02T03:16:34.200300" elapsed="0.109928"/>
</kw>
<doc>Testa se os tipos de dados na resposta da API estão corretos.</doc>
<tag>testeTiposDados</tag>
<status status="PASS" start="2024-04-02T03:16:34.089796" elapsed="0.220604"/>
</test>
<test id="s1-s1-t5" name="Validar conteudo" line="35">
<kw name="Teste de Tipos de Conteudo" owner="random-user-service">
<kw name="GET On Session" owner="RequestsLibrary">
<msg time="2024-04-02T03:16:34.419727" level="INFO">GET Request : url=https://randomuser.me/api 
 path_url=/api 
 headers={'User-Agent': 'python-requests/2.31.0', 'Accept-Encoding': 'gzip, deflate', 'Accept': '*/*', 'Connection': 'keep-alive'} 
 body=None 
 </msg>
<msg time="2024-04-02T03:16:34.419870" level="INFO">GET Response : url=https://randomuser.me/api 
 status=200, reason=OK 
 headers={'Date': 'Tue, 02 Apr 2024 03:16:34 GMT', 'Content-Type': 'application/json; charset=utf-8', 'Transfer-Encoding': 'chunked', 'Connection': 'keep-alive', 'X-Powered-By': 'Express', 'Access-Control-Allow-Origin': '*', 'Cache-Control': 'no-cache', 'ETag': 'W/"478-+Ppu4Ce02Dzpj807zHUTqfmNaLg"', 'Vary': 'Accept-Encoding', 'Content-Encoding': 'gzip', 'CF-Cache-Status': 'DYNAMIC', 'Report-To': '{"endpoints":[{"url":"https:\\/\\/a.nel.cloudflare.com\\/report\\/v4?s=7G1AJxeuCfCibM9PchIHSALsZxYpbuMm583mZ4reKLm1cH8zBtkB5ekkXWna1hU7Si1EEIYWWGkUTAyjkRV8%2FTAHBatf%2Fb3iSplfk5HZbAD1UGq7JamePXsRwm8j6Z9j"}],"group":"cf-nel","max_age":604800}', 'NEL': '{"success_fraction":0,"report_to":"cf-nel","max_age":604800}', 'Server': 'cloudflare', 'CF-RAY': '86dda93278b314e2-LAX', 'alt-svc': 'h3=":443"; ma=86400'} 
 body={"results":[{"gender":"female","name":{"title":"Mrs","first":"Vanessa","last":"Bates"},"location":{"street":{"number":3760,"name":"The Green"},"city":"Buncrana","state":"Carlow","country":"Ireland","postcode":74421,"coordinates":{"latitude":"-2.3434","longitude":"12.3627"},"timezone":{"offset":"-11:00","description":"Midway Island, Samoa"}},"email":"vanessa.bates@example.com","login":{"uuid":"f0706e20-b536-49a2-a432-038102432003","username":"blackbear300","password":"cliff","salt":"uozKPkir","md5":"72e749efdc60e5581c7e52ed6fab9636","sha1":"c050fdd8891e17b4db5b49baaf1f5c3ad762fcb8","sha256":"4a23f3200477eb8c3732164540113796e681ad9970c7e1da478f1ab240909f23"},"dob":{"date":"1973-02-17T19:43:15.394Z","age":51},"registered":{"date":"2004-04-08T04:22:39.130Z","age":19},"phone":"021-221-0027","cell":"081-082-5179","id":{"name":"PPS","value":"7451000T"},"picture":{"large":"https://randomuser.me/api/portraits/women/4.jpg","medium":"https://randomuser.me/api/portraits/med/women/4.jpg","thumbnail":"https://randomuser.me/api/portraits/thumb/women/4.jpg"},"nat":"IE"}],"info":{"seed":"5fc664519eef718c","results":1,"page":1,"version":"1.4"}} 
 </msg>
<msg time="2024-04-02T03:16:34.419950" level="INFO">/opt/hostedtoolcache/Python/3.12.2/x64/lib/python3.12/site-packages/urllib3/connectionpool.py:1103: InsecureRequestWarning: Unverified HTTPS request is being made to host 'randomuser.me'. Adding certificate verification is strongly advised. See: https://urllib3.readthedocs.io/en/latest/advanced-usage.html#tls-warnings
  warnings.warn(</msg>
<msg time="2024-04-02T03:16:34.420085" level="INFO">${response} = &lt;Response [200]&gt;</msg>
<var>${response}</var>
<arg>consultarAPI</arg>
<arg>/api</arg>
<doc>Sends a GET request on a previously created HTTP Session.</doc>
<status status="PASS" start="2024-04-02T03:16:34.312960" elapsed="0.107167"/>
</kw>
<kw name="Set Variable" owner="BuiltIn">
<msg time="2024-04-02T03:16:34.421350" level="INFO">${json_data} = {'results': [{'gender': 'female', 'name': {'title': 'Mrs', 'first': 'Vanessa', 'last': 'Bates'}, 'location': {'street': {'number': 3760, 'name': 'The Green'}, 'city': 'Buncrana', 'state': 'Carlow', 'c...</msg>
<var>${json_data}</var>
<arg>${response.json()}</arg>
<doc>Returns the given values which can then be assigned to a variables.</doc>
<status status="PASS" start="2024-04-02T03:16:34.420797" elapsed="0.000582"/>
</kw>
<kw name="Set Variable" owner="BuiltIn">
<msg time="2024-04-02T03:16:34.422069" level="INFO">${name_title} = Mrs</msg>
<var>${name_title}</var>
<arg>${json_data["results"][0]["name"]["title"]}</arg>
<doc>Returns the given values which can then be assigned to a variables.</doc>
<status status="PASS" start="2024-04-02T03:16:34.421688" elapsed="0.000406"/>
</kw>
<kw name="Create List" owner="BuiltIn">
<msg time="2024-04-02T03:16:34.422545" level="INFO">${allowed_titles} = ['Mr', 'Ms', 'Miss', 'Mrs', 'Madame', 'Monsieur']</msg>
<var>${allowed_titles}</var>
<arg>Mr</arg>
<arg>Ms</arg>
<arg>Miss</arg>
<arg>Mrs</arg>
<arg>Madame</arg>
<arg>Monsieur</arg>
<doc>Returns a list containing given items.</doc>
<status status="PASS" start="2024-04-02T03:16:34.422396" elapsed="0.000173"/>
</kw>
<kw name="List Should Contain Value" owner="Collections">
<msg time="2024-04-02T03:16:34.423089" level="INFO">False</msg>
<arg>${allowed_titles}</arg>
<arg>${name_title}</arg>
<doc>Fails if the ``value`` is not found from ``list``.</doc>
<status status="PASS" start="2024-04-02T03:16:34.422890" elapsed="0.000240"/>
</kw>
<kw name="Set Variable" owner="BuiltIn">
<msg time="2024-04-02T03:16:34.423808" level="INFO">${name_country} = IE</msg>
<var>${name_country}</var>
<arg>${json_data["results"][0]["nat"]}</arg>
<doc>Returns the given values which can then be assigned to a variables.</doc>
<status status="PASS" start="2024-04-02T03:16:34.423423" elapsed="0.000444"/>
</kw>
<kw name="Create List" owner="BuiltIn">
<msg time="2024-04-02T03:16:34.424785" level="INFO">${list_country} = ['AD', 'AE', 'AF', 'AG', 'AI', 'AL', 'AM', 'AO', 'AQ', 'AR', 'AS', 'AT', 'AU', 'AW', 'AX', 'AZ', 'BA', 'BB', 'BD', 'BE', 'BF', 'BG', 'BH', 'BI', 'BJ', 'BL', 'BM', 'BN', 'BO', 'BQ', 'BR', 'BS', 'BT', '...</msg>
<var>${list_country}</var>
<arg>AD</arg>
<arg>AE</arg>
<arg>AF</arg>
<arg>AG</arg>
<arg>AI</arg>
<arg>AL</arg>
<arg>AM</arg>
<arg>AO</arg>
<arg>AQ</arg>
<arg>AR</arg>
<arg>AS</arg>
<arg>AT</arg>
<arg>AU</arg>
<arg>AW</arg>
<arg>AX</arg>
<arg>AZ</arg>
<arg>BA</arg>
<arg>BB</arg>
<arg>BD</arg>
<arg>BE</arg>
<arg>BF</arg>
<arg>BG</arg>
<arg>BH</arg>
<arg>BI</arg>
<arg>BJ</arg>
<arg>BL</arg>
<arg>BM</arg>
<arg>BN</arg>
<arg>BO</arg>
<arg>BQ</arg>
<arg>BR</arg>
<arg>BS</arg>
<arg>BT</arg>
<arg>BV</arg>
<arg>BW</arg>
<arg>BY</arg>
<arg>BZ</arg>
<arg>CA</arg>
<arg>CC</arg>
<arg>CD</arg>
<arg>CF</arg>
<arg>CG</arg>
<arg>CH</arg>
<arg>CI</arg>
<arg>CK</arg>
<arg>CL</arg>
<arg>CM</arg>
<arg>CN</arg>
<arg>CO</arg>
<arg>CR</arg>
<arg>CU</arg>
<arg>CV</arg>
<arg>CW</arg>
<arg>CX</arg>
<arg>CY</arg>
<arg>CZ</arg>
<arg>DE</arg>
<arg>DJ</arg>
<arg>DK</arg>
<arg>DM</arg>
<arg>DO</arg>
<arg>DZ</arg>
<arg>EC</arg>
<arg>EE</arg>
<arg>EG</arg>
<arg>EH</arg>
<arg>ER</arg>
<arg>ES</arg>
<arg>ET</arg>
<arg>FI</arg>
<arg>FJ</arg>
<arg>FK</arg>
<arg>FM</arg>
<arg>FO</arg>
<arg>FR</arg>
<arg>GA</arg>
<arg>GB</arg>
<arg>GD</arg>
<arg>GE</arg>
<arg>GF</arg>
<arg>GG</arg>
<arg>GH</arg>
<arg>GI</arg>
<arg>GL</arg>
<arg>GM</arg>
<arg>GN</arg>
<arg>GP</arg>
<arg>GQ</arg>
<arg>GR</arg>
<arg>GS</arg>
<arg>GT</arg>
<arg>GU</arg>
<arg>GW</arg>
<arg>GY</arg>
<arg>HK</arg>
<arg>HM</arg>
<arg>HN</arg>
<arg>HR</arg>
<arg>HT</arg>
<arg>HU</arg>
<arg>ID</arg>
<arg>IE</arg>
<arg>IL</arg>
<arg>IM</arg>
<arg>IN</arg>
<arg>IO</arg>
<arg>IQ</arg>
<arg>IR</arg>
<arg>IS</arg>
<arg>IT</arg>
<arg>JE</arg>
<arg>JM</arg>
<arg>JO</arg>
<arg>JP</arg>
<arg>KE</arg>
<arg>KG</arg>
<arg>KH</arg>
<arg>KI</arg>
<arg>KM</arg>
<arg>KN</arg>
<arg>KP</arg>
<arg>KR</arg>
<arg>KW</arg>
<arg>KY</arg>
<arg>KZ</arg>
<arg>LA</arg>
<arg>LB</arg>
<arg>LC</arg>
<arg>LI</arg>
<arg>LK</arg>
<arg>LR</arg>
<arg>LS</arg>
<arg>LT</arg>
<arg>LU</arg>
<arg>LV</arg>
<arg>LY</arg>
<arg>MA</arg>
<arg>MC</arg>
<arg>MD</arg>
<arg>ME</arg>
<arg>MF</arg>
<arg>MG</arg>
<arg>MH</arg>
<arg>MK</arg>
<arg>ML</arg>
<arg>MM</arg>
<arg>MN</arg>
<arg>MO</arg>
<arg>MP</arg>
<arg>MQ</arg>
<arg>MR</arg>
<arg>MS</arg>
<arg>MT</arg>
<arg>MU</arg>
<arg>MV</arg>
<arg>MW</arg>
<arg>MX</arg>
<arg>MY</arg>
<arg>MZ</arg>
<arg>NA</arg>
<arg>NC</arg>
<arg>NE</arg>
<arg>NF</arg>
<arg>NG</arg>
<arg>NI</arg>
<arg>NL</arg>
<arg>NO</arg>
<arg>NP</arg>
<arg>NR</arg>
<arg>NU</arg>
<arg>NZ</arg>
<arg>OM</arg>
<arg>PA</arg>
<arg>PE</arg>
<arg>PF</arg>
<arg>PG</arg>
<arg>PH</arg>
<arg>PK</arg>
<arg>PL</arg>
<arg>PM</arg>
<arg>PN</arg>
<arg>PR</arg>
<arg>PS</arg>
<arg>PT</arg>
<arg>PW</arg>
<arg>PY</arg>
<arg>QA</arg>
<arg>RE</arg>
<arg>RO</arg>
<arg>RS</arg>
<arg>RU</arg>
<arg>RW</arg>
<arg>SA</arg>
<arg>SB</arg>
<arg>SC</arg>
<arg>SD</arg>
<arg>SE</arg>
<arg>SG</arg>
<arg>SH</arg>
<arg>SI</arg>
<arg>SJ</arg>
<arg>SK</arg>
<arg>SL</arg>
<arg>SM</arg>
<arg>SN</arg>
<arg>SO</arg>
<arg>SR</arg>
<arg>SS</arg>
<arg>ST</arg>
<arg>SV</arg>
<arg>SX</arg>
<arg>SY</arg>
<arg>SZ</arg>
<arg>TC</arg>
<arg>TD</arg>
<arg>TF</arg>
<arg>TG</arg>
<arg>TH</arg>
<arg>TJ</arg>
<arg>TK</arg>
<arg>TL</arg>
<arg>TM</arg>
<arg>TN</arg>
<arg>TO</arg>
<arg>TR</arg>
<arg>TT</arg>
<arg>TV</arg>
<arg>TW</arg>
<arg>TZ</arg>
<arg>UA</arg>
<arg>UG</arg>
<arg>UM</arg>
<arg>US</arg>
<arg>UY</arg>
<arg>UZ</arg>
<arg>VA</arg>
<arg>VC</arg>
<arg>VE</arg>
<arg>VG</arg>
<arg>VI</arg>
<arg>VN</arg>
<arg>VU</arg>
<arg>WF</arg>
<arg>WS</arg>
<arg>XK</arg>
<arg>YE</arg>
<arg>YT</arg>
<arg>ZA</arg>
<arg>ZM</arg>
<arg>ZW</arg>
<doc>Returns a list containing given items.</doc>
<status status="PASS" start="2024-04-02T03:16:34.424185" elapsed="0.000626"/>
</kw>
<kw name="List Should Contain Value" owner="Collections">
<msg time="2024-04-02T03:16:34.425970" level="INFO">False</msg>
<arg>${list_country}</arg>
<arg>${name_country}</arg>
<doc>Fails if the ``value`` is not found from ``list``.</doc>
<status status="PASS" start="2024-04-02T03:16:34.425747" elapsed="0.000262"/>
</kw>
<kw name="Run Keyword If" owner="BuiltIn">
<kw name="Should Be True" owner="BuiltIn">
<arg>${True}</arg>
<doc>Fails if the given condition is not true.</doc>
<status status="PASS" start="2024-04-02T03:16:34.427101" elapsed="0.000150"/>
</kw>
<arg>${json_data["results"][0]["location"]["coordinates"]["latitude"]} &gt;= -90 and ${json_data["results"][0]["location"]["coordinates"]["latitude"]} &lt;= 90</arg>
<arg>Should Be True</arg>
<arg>${True}</arg>
<doc>Runs the given keyword with the given arguments, if ``condition`` is true.</doc>
<status status="PASS" start="2024-04-02T03:16:34.426326" elapsed="0.001056"/>
</kw>
<kw name="Run Keyword If" owner="BuiltIn">
<kw name="Should Be True" owner="BuiltIn">
<arg>${True}</arg>
<doc>Fails if the given condition is not true.</doc>
<status status="PASS" start="2024-04-02T03:16:34.428353" elapsed="0.000149"/>
</kw>
<arg>${json_data["results"][0]["location"]["coordinates"]["longitude"]} &gt;= -180 and ${json_data["results"][0]["location"]["coordinates"]["longitude"]} &lt;= 180</arg>
<arg>Should Be True</arg>
<arg>${True}</arg>
<doc>Runs the given keyword with the given arguments, if ``condition`` is true.</doc>
<status status="PASS" start="2024-04-02T03:16:34.427575" elapsed="0.001059"/>
</kw>
<status status="PASS" start="2024-04-02T03:16:34.312728" elapsed="0.116045"/>
</kw>
<doc>Testa o conteúdo específico dos campos retornados pela API.</doc>
<tag>testeConteudo</tag>
<status status="PASS" start="2024-04-02T03:16:34.312187" elapsed="0.116752"/>
</test>
<status status="PASS" start="2024-04-02T03:16:33.363902" elapsed="1.067019"/>
</suite>
<status status="PASS" start="2024-04-02T03:16:33.349880" elapsed="1.086460"/>
</suite>
<statistics>
<total>
<stat pass="5" fail="0" skip="0">All Tests</stat>
</total>
<tag>
<stat pass="1" fail="0" skip="0">testeConteudo</stat>
<stat pass="1" fail="0" skip="0">testeEstruturaResposta</stat>
<stat pass="1" fail="0" skip="0">testeRequisicaoBasica</stat>
<stat pass="1" fail="0" skip="0">testeTiposDados</stat>
</tag>
<suite>
<stat pass="5" fail="0" skip="0" id="s1" name="Tests">Tests</stat>
<stat pass="5" fail="0" skip="0" id="s1-s1" name="Random-User-Test">Tests.Random-User-Test</stat>
</suite>
</statistics>
<errors>
</errors>
</robot>
