<?xml version="1.0" encoding="UTF-8"?>
<robot generator="Robot 7.0.1 (Python 3.12.4 on linux)" generated="2024-07-09T18:20:11.686973" rpa="false" schemaversion="5">
<suite id="s1" name="Tests" source="/home/runner/work/ApiRandomUser/ApiRandomUser/RamdonUser/tests">
<suite id="s1-s1" name="Random-User-Test" source="/home/runner/work/ApiRandomUser/ApiRandomUser/RamdonUser/tests/random-user-test.robot">
<test id="s1-s1-t1" name="Conectar" line="13">
<kw name="Conectar API" owner="random-user-service">
<kw name="Create Session" owner="RequestsLibrary">
<msg time="2024-07-09T18:20:12.112705" level="INFO">Creating Session using : alias=consultarAPI, url=https://randomuser.me/, headers={},                     cookies={}, auth=None, timeout=None, proxies=None, verify=False,                     debug=0 </msg>
<arg>consultarAPI</arg>
<arg>${URL}</arg>
<doc>Create Session: create a HTTP session to a server</doc>
<status status="PASS" start="2024-07-09T18:20:12.112488" elapsed="0.000425"/>
</kw>
<status status="PASS" start="2024-07-09T18:20:12.111344" elapsed="0.001969"/>
</kw>
<status status="PASS" start="2024-07-09T18:20:12.110673" elapsed="0.002842"/>
</test>
<test id="s1-s1-t2" name="Validar retorno 200 e JSON Válido" line="16">
<kw name="Teste de Requisicao Basica" owner="random-user-service">
<kw name="GET On Session" owner="RequestsLibrary">
<msg time="2024-07-09T18:20:12.406147" level="INFO">GET Request : url=https://randomuser.me/api 
 path_url=/api 
 headers={'User-Agent': 'python-requests/2.32.3', 'Accept-Encoding': 'gzip, deflate', 'Accept': '*/*', 'Connection': 'keep-alive'} 
 body=None 
 </msg>
<msg time="2024-07-09T18:20:12.406445" level="INFO">GET Response : url=https://randomuser.me/api 
 status=200, reason=OK 
 headers={'Date': 'Tue, 09 Jul 2024 18:20:12 GMT', 'Content-Type': 'application/json; charset=utf-8', 'Transfer-Encoding': 'chunked', 'Connection': 'keep-alive', 'X-Powered-By': 'Express', 'Access-Control-Allow-Origin': '*', 'Cache-Control': 'no-cache', 'ETag': 'W/"49d-Xo7ZlrCoAKSotIzV+dyC5XTlX1A"', 'Vary': 'Accept-Encoding', 'Content-Encoding': 'gzip', 'CF-Cache-Status': 'DYNAMIC', 'Report-To': '{"endpoints":[{"url":"https:\\/\\/a.nel.cloudflare.com\\/report\\/v4?s=hWOizxZMmauVrlXIdPpK2mrk55Y%2FHgLPt8IZvr5afKaDLtzWaGVQZRKu1ETf9zThk%2FxalwlX4ME0%2F3szVrfHa66dzQnPGlGYQ1spurj5PMElaAcv7WW82gMC34rqGtfs"}],"group":"cf-nel","max_age":604800}', 'NEL': '{"success_fraction":0,"report_to":"cf-nel","max_age":604800}', 'Server': 'cloudflare', 'CF-RAY': '8a0a53a15ad11fe2-IAD', 'alt-svc': 'h3=":443"; ma=86400'} 
 body={"results":[{"gender":"female","name":{"title":"Miss","first":"Elli","last":"Korpela"},"location":{"street":{"number":2096,"name":"Mannerheimintie"},"city":"Hattula","state":"Northern Ostrobothnia","country":"Finland","postcode":71570,"coordinates":{"latitude":"-22.8218","longitude":"140.5370"},"timezone":{"offset":"+7:00","description":"Bangkok, Hanoi, Jakarta"}},"email":"elli.korpela@example.com","login":{"uuid":"254c3516-ae96-4d4e-b2d4-8f7d8aad5289","username":"crazyleopard988","password":"sssss","salt":"4Kx3r3Qj","md5":"e0227a18522bb89d32e16a577d26afc6","sha1":"a10391cc1e9a1c1a73ebd6cc589c07ae4cffc3da","sha256":"3a31fb976506139ec8cf1ecdd69333252a4f96cfc5f23f7cf45184cb37362578"},"dob":{"date":"1972-01-19T20:46:16.174Z","age":52},"registered":{"date":"2019-02-26T04:50:20.554Z","age":5},"phone":"07-683-155","cell":"048-716-59-87","id":{"name":"HETU","value":"NaNNA410undefined"},"picture":{"large":"https://randomuser.me/api/portraits/women/52.jpg","medium":"https://randomuser.me/api/portraits/med/women/52.jpg","thumbnail":"https://randomuser.me/api/portraits/thumb/women/52.jpg"},"nat":"FI"}],"info":{"seed":"bd58546a15f4263f","results":1,"page":1,"version":"1.4"}} 
 </msg>
<msg time="2024-07-09T18:20:12.406587" level="INFO">/opt/hostedtoolcache/Python/3.12.4/x64/lib/python3.12/site-packages/urllib3/connectionpool.py:1099: InsecureRequestWarning: Unverified HTTPS request is being made to host 'randomuser.me'. Adding certificate verification is strongly advised. See: https://urllib3.readthedocs.io/en/latest/advanced-usage.html#tls-warnings
  warnings.warn(</msg>
<msg time="2024-07-09T18:20:12.406825" level="INFO">${response} = &lt;Response [200]&gt;</msg>
<var>${response}</var>
<arg>consultarAPI</arg>
<arg>/api</arg>
<doc>Sends a GET request on a previously created HTTP Session.</doc>
<status status="PASS" start="2024-07-09T18:20:12.116316" elapsed="0.290568"/>
</kw>
<kw name="Should Be Equal As Numbers" owner="BuiltIn">
<msg time="2024-07-09T18:20:12.408396" level="INFO">Argument types are:
&lt;class 'int'&gt;
&lt;class 'str'&gt;</msg>
<arg>${response.status_code}</arg>
<arg>200</arg>
<doc>Fails if objects are unequal after converting them to real numbers.</doc>
<status status="PASS" start="2024-07-09T18:20:12.407723" elapsed="0.000759"/>
</kw>
<kw name="Log" owner="BuiltIn">
<msg time="2024-07-09T18:20:12.409294" level="INFO">200</msg>
<arg>${response.status_code}</arg>
<doc>Logs the given message with the given level.</doc>
<status status="PASS" start="2024-07-09T18:20:12.408866" elapsed="0.000479"/>
</kw>
<kw name="Set Variable" owner="BuiltIn">
<msg time="2024-07-09T18:20:12.410223" level="INFO">${json_data} = {'results': [{'gender': 'female', 'name': {'title': 'Miss', 'first': 'Elli', 'last': 'Korpela'}, 'location': {'street': {'number': 2096, 'name': 'Mannerheimintie'}, 'city': 'Hattula', 'state': 'Northe...</msg>
<var>${json_data}</var>
<arg>${response.json()}</arg>
<doc>Returns the given values which can then be assigned to a variables.</doc>
<status status="PASS" start="2024-07-09T18:20:12.409690" elapsed="0.000570"/>
</kw>
<kw name="Dictionary Should Contain Key" owner="Collections">
<arg>${json_data}</arg>
<arg>results</arg>
<doc>Fails if ``key`` is not found from ``dictionary``.</doc>
<status status="PASS" start="2024-07-09T18:20:12.410609" elapsed="0.000183"/>
</kw>
<status status="PASS" start="2024-07-09T18:20:12.116061" elapsed="0.294911"/>
</kw>
<doc>Testa se a API responde corretamente e retorna um objeto JSON válido.</doc>
<tag>testeRequisicaoBasica</tag>
<status status="PASS" start="2024-07-09T18:20:12.115503" elapsed="0.295696"/>
</test>
<test id="s1-s1-t3" name="Validar estrutura de resposta" line="22">
<kw name="Teste de Estrutura de Resposta" owner="random-user-service">
<kw name="GET On Session" owner="RequestsLibrary">
<msg time="2024-07-09T18:20:12.511271" level="INFO">GET Request : url=https://randomuser.me/api 
 path_url=/api 
 headers={'User-Agent': 'python-requests/2.32.3', 'Accept-Encoding': 'gzip, deflate', 'Accept': '*/*', 'Connection': 'keep-alive'} 
 body=None 
 </msg>
<msg time="2024-07-09T18:20:12.511423" level="INFO">GET Response : url=https://randomuser.me/api 
 status=200, reason=OK 
 headers={'Date': 'Tue, 09 Jul 2024 18:20:12 GMT', 'Content-Type': 'application/json; charset=utf-8', 'Transfer-Encoding': 'chunked', 'Connection': 'keep-alive', 'X-Powered-By': 'Express', 'Access-Control-Allow-Origin': '*', 'Cache-Control': 'no-cache', 'ETag': 'W/"477-ut4r6BzejD1YjgwNsPzRhI2ha0Q"', 'Vary': 'Accept-Encoding', 'Content-Encoding': 'gzip', 'CF-Cache-Status': 'DYNAMIC', 'Report-To': '{"endpoints":[{"url":"https:\\/\\/a.nel.cloudflare.com\\/report\\/v4?s=%2B9AkfjeDfnSHwLbcE13KOQyJfneYXbBUCKB5rh0OtMcCj89R0QQr1c64yGXf1O8Qi%2B3PYc9qDw1VYy9dZQoihzZl6g2iJM5vLoyn1mUFIH5VLbAEm9lWJBsHLi%2Fcsuqw"}],"group":"cf-nel","max_age":604800}', 'NEL': '{"success_fraction":0,"report_to":"cf-nel","max_age":604800}', 'Server': 'cloudflare', 'CF-RAY': '8a0a53a19b231fe2-IAD', 'alt-svc': 'h3=":443"; ma=86400'} 
 body={"results":[{"gender":"male","name":{"title":"Mr","first":"Leevi","last":"Heino"},"location":{"street":{"number":2193,"name":"Pispalan Valtatie"},"city":"Malax","state":"Uusimaa","country":"Finland","postcode":88984,"coordinates":{"latitude":"-29.7276","longitude":"-33.7382"},"timezone":{"offset":"-3:30","description":"Newfoundland"}},"email":"leevi.heino@example.com","login":{"uuid":"725397fe-0929-4308-93a6-b42c75e46f3a","username":"redgoose741","password":"chicken","salt":"cJiLmbIt","md5":"916ec8de4c6783eb39ca173ecf0aaca5","sha1":"5d306b2286e01b21281cc076b92136b1d8c3ddfe","sha256":"91bc023aca44cf3144ee2351556b81a98a02a5077ad320fb8d12992e09ef4b2e"},"dob":{"date":"1961-12-16T01:32:26.173Z","age":62},"registered":{"date":"2005-03-14T05:13:29.452Z","age":19},"phone":"05-392-491","cell":"046-130-09-91","id":{"name":"HETU","value":"NaNNA913undefined"},"picture":{"large":"https://randomuser.me/api/portraits/men/81.jpg","medium":"https://randomuser.me/api/portraits/med/men/81.jpg","thumbnail":"https://randomuser.me/api/portraits/thumb/men/81.jpg"},"nat":"FI"}],"info":{"seed":"88bd70699559be2c","results":1,"page":1,"version":"1.4"}} 
 </msg>
<msg time="2024-07-09T18:20:12.511617" level="INFO">/opt/hostedtoolcache/Python/3.12.4/x64/lib/python3.12/site-packages/urllib3/connectionpool.py:1099: InsecureRequestWarning: Unverified HTTPS request is being made to host 'randomuser.me'. Adding certificate verification is strongly advised. See: https://urllib3.readthedocs.io/en/latest/advanced-usage.html#tls-warnings
  warnings.warn(</msg>
<msg time="2024-07-09T18:20:12.511805" level="INFO">${response} = &lt;Response [200]&gt;</msg>
<var>${response}</var>
<arg>consultarAPI</arg>
<arg>/api</arg>
<doc>Sends a GET request on a previously created HTTP Session.</doc>
<status status="PASS" start="2024-07-09T18:20:12.414331" elapsed="0.097531"/>
</kw>
<kw name="Set Variable" owner="BuiltIn">
<msg time="2024-07-09T18:20:12.513316" level="INFO">${json_data} = {'results': [{'gender': 'male', 'name': {'title': 'Mr', 'first': 'Leevi', 'last': 'Heino'}, 'location': {'street': {'number': 2193, 'name': 'Pispalan Valtatie'}, 'city': 'Malax', 'state': 'Uusimaa', '...</msg>
<var>${json_data}</var>
<arg>${response.json()}</arg>
<doc>Returns the given values which can then be assigned to a variables.</doc>
<status status="PASS" start="2024-07-09T18:20:12.512590" elapsed="0.000761"/>
</kw>
<kw name="Log" owner="BuiltIn">
<msg time="2024-07-09T18:20:12.513934" level="INFO">{'results': [{'gender': 'male', 'name': {'title': 'Mr', 'first': 'Leevi', 'last': 'Heino'}, 'location': {'street': {'number': 2193, 'name': 'Pispalan Valtatie'}, 'city': 'Malax', 'state': 'Uusimaa', 'country': 'Finland', 'postcode': 88984, 'coordinates': {'latitude': '-29.7276', 'longitude': '-33.7382'}, 'timezone': {'offset': '-3:30', 'description': 'Newfoundland'}}, 'email': 'leevi.heino@example.com', 'login': {'uuid': '725397fe-0929-4308-93a6-b42c75e46f3a', 'username': 'redgoose741', 'password': 'chicken', 'salt': 'cJiLmbIt', 'md5': '916ec8de4c6783eb39ca173ecf0aaca5', 'sha1': '5d306b2286e01b21281cc076b92136b1d8c3ddfe', 'sha256': '91bc023aca44cf3144ee2351556b81a98a02a5077ad320fb8d12992e09ef4b2e'}, 'dob': {'date': '1961-12-16T01:32:26.173Z', 'age': 62}, 'registered': {'date': '2005-03-14T05:13:29.452Z', 'age': 19}, 'phone': '05-392-491', 'cell': '046-130-09-91', 'id': {'name': 'HETU', 'value': 'NaNNA913undefined'}, 'picture': {'large': 'https://randomuser.me/api/portraits/men/81.jpg', 'medium': 'https://randomuser.me/api/portraits/med/men/81.jpg', 'thumbnail': 'https://randomuser.me/api/portraits/thumb/men/81.jpg'}, 'nat': 'FI'}], 'info': {'seed': '88bd70699559be2c', 'results': 1, 'page': 1, 'version': '1.4'}}</msg>
<arg>${json_data}</arg>
<doc>Logs the given message with the given level.</doc>
<status status="PASS" start="2024-07-09T18:20:12.513742" elapsed="0.000254"/>
</kw>
<kw name="Dictionary Should Contain Key" owner="Collections">
<arg>${json_data}</arg>
<arg>results</arg>
<doc>Fails if ``key`` is not found from ``dictionary``.</doc>
<status status="PASS" start="2024-07-09T18:20:12.514400" elapsed="0.000208"/>
</kw>
<kw name="Should Not Be Empty" owner="BuiltIn">
<msg time="2024-07-09T18:20:12.514981" level="INFO">Length is 2.</msg>
<arg>${json_data}</arg>
<doc>Verifies that the given item is not empty.</doc>
<status status="PASS" start="2024-07-09T18:20:12.514842" elapsed="0.000182"/>
</kw>
<kw name="Create List" owner="BuiltIn">
<msg time="2024-07-09T18:20:12.515507" level="INFO">${expected_keys} = ['gender', 'name', 'location', 'email', 'login']</msg>
<var>${expected_keys}</var>
<arg>gender</arg>
<arg>name</arg>
<arg>location</arg>
<arg>email</arg>
<arg>login</arg>
<doc>Returns a list containing given items.</doc>
<status status="PASS" start="2024-07-09T18:20:12.515346" elapsed="0.000188"/>
</kw>
<for flavor="IN">
<iter>
<kw name="Dictionary Should Contain Key" owner="Collections">
<arg>${json_data['results'][0]}</arg>
<arg>${key}</arg>
<doc>Fails if ``key`` is not found from ``dictionary``.</doc>
<status status="PASS" start="2024-07-09T18:20:12.516484" elapsed="0.000428"/>
</kw>
<kw name="Log" owner="BuiltIn">
<msg time="2024-07-09T18:20:12.517503" level="INFO">{'gender': 'male', 'name': {'title': 'Mr', 'first': 'Leevi', 'last': 'Heino'}, 'location': {'street': {'number': 2193, 'name': 'Pispalan Valtatie'}, 'city': 'Malax', 'state': 'Uusimaa', 'country': 'Finland', 'postcode': 88984, 'coordinates': {'latitude': '-29.7276', 'longitude': '-33.7382'}, 'timezone': {'offset': '-3:30', 'description': 'Newfoundland'}}, 'email': 'leevi.heino@example.com', 'login': {'uuid': '725397fe-0929-4308-93a6-b42c75e46f3a', 'username': 'redgoose741', 'password': 'chicken', 'salt': 'cJiLmbIt', 'md5': '916ec8de4c6783eb39ca173ecf0aaca5', 'sha1': '5d306b2286e01b21281cc076b92136b1d8c3ddfe', 'sha256': '91bc023aca44cf3144ee2351556b81a98a02a5077ad320fb8d12992e09ef4b2e'}, 'dob': {'date': '1961-12-16T01:32:26.173Z', 'age': 62}, 'registered': {'date': '2005-03-14T05:13:29.452Z', 'age': 19}, 'phone': '05-392-491', 'cell': '046-130-09-91', 'id': {'name': 'HETU', 'value': 'NaNNA913undefined'}, 'picture': {'large': 'https://randomuser.me/api/portraits/men/81.jpg', 'medium': 'https://randomuser.me/api/portraits/med/men/81.jpg', 'thumbnail': 'https://randomuser.me/api/portraits/thumb/men/81.jpg'}, 'nat': 'FI'}</msg>
<arg>${json_data['results'][0]}</arg>
<doc>Logs the given message with the given level.</doc>
<status status="PASS" start="2024-07-09T18:20:12.517116" elapsed="0.000441"/>
</kw>
<kw name="Log" owner="BuiltIn">
<msg time="2024-07-09T18:20:12.518009" level="INFO">gender</msg>
<arg>${key}</arg>
<doc>Logs the given message with the given level.</doc>
<status status="PASS" start="2024-07-09T18:20:12.517878" elapsed="0.000171"/>
</kw>
<var name="${key}">gender</var>
<status status="PASS" start="2024-07-09T18:20:12.516347" elapsed="0.001947"/>
</iter>
<iter>
<kw name="Dictionary Should Contain Key" owner="Collections">
<arg>${json_data['results'][0]}</arg>
<arg>${key}</arg>
<doc>Fails if ``key`` is not found from ``dictionary``.</doc>
<status status="PASS" start="2024-07-09T18:20:12.518607" elapsed="0.000406"/>
</kw>
<kw name="Log" owner="BuiltIn">
<msg time="2024-07-09T18:20:12.519571" level="INFO">{'gender': 'male', 'name': {'title': 'Mr', 'first': 'Leevi', 'last': 'Heino'}, 'location': {'street': {'number': 2193, 'name': 'Pispalan Valtatie'}, 'city': 'Malax', 'state': 'Uusimaa', 'country': 'Finland', 'postcode': 88984, 'coordinates': {'latitude': '-29.7276', 'longitude': '-33.7382'}, 'timezone': {'offset': '-3:30', 'description': 'Newfoundland'}}, 'email': 'leevi.heino@example.com', 'login': {'uuid': '725397fe-0929-4308-93a6-b42c75e46f3a', 'username': 'redgoose741', 'password': 'chicken', 'salt': 'cJiLmbIt', 'md5': '916ec8de4c6783eb39ca173ecf0aaca5', 'sha1': '5d306b2286e01b21281cc076b92136b1d8c3ddfe', 'sha256': '91bc023aca44cf3144ee2351556b81a98a02a5077ad320fb8d12992e09ef4b2e'}, 'dob': {'date': '1961-12-16T01:32:26.173Z', 'age': 62}, 'registered': {'date': '2005-03-14T05:13:29.452Z', 'age': 19}, 'phone': '05-392-491', 'cell': '046-130-09-91', 'id': {'name': 'HETU', 'value': 'NaNNA913undefined'}, 'picture': {'large': 'https://randomuser.me/api/portraits/men/81.jpg', 'medium': 'https://randomuser.me/api/portraits/med/men/81.jpg', 'thumbnail': 'https://randomuser.me/api/portraits/thumb/men/81.jpg'}, 'nat': 'FI'}</msg>
<arg>${json_data['results'][0]}</arg>
<doc>Logs the given message with the given level.</doc>
<status status="PASS" start="2024-07-09T18:20:12.519207" elapsed="0.000460"/>
</kw>
<kw name="Log" owner="BuiltIn">
<msg time="2024-07-09T18:20:12.520114" level="INFO">name</msg>
<arg>${key}</arg>
<doc>Logs the given message with the given level.</doc>
<status status="PASS" start="2024-07-09T18:20:12.519981" elapsed="0.000172"/>
</kw>
<var name="${key}">name</var>
<status status="PASS" start="2024-07-09T18:20:12.518492" elapsed="0.001887"/>
</iter>
<iter>
<kw name="Dictionary Should Contain Key" owner="Collections">
<arg>${json_data['results'][0]}</arg>
<arg>${key}</arg>
<doc>Fails if ``key`` is not found from ``dictionary``.</doc>
<status status="PASS" start="2024-07-09T18:20:12.520675" elapsed="0.000390"/>
</kw>
<kw name="Log" owner="BuiltIn">
<msg time="2024-07-09T18:20:12.521619" level="INFO">{'gender': 'male', 'name': {'title': 'Mr', 'first': 'Leevi', 'last': 'Heino'}, 'location': {'street': {'number': 2193, 'name': 'Pispalan Valtatie'}, 'city': 'Malax', 'state': 'Uusimaa', 'country': 'Finland', 'postcode': 88984, 'coordinates': {'latitude': '-29.7276', 'longitude': '-33.7382'}, 'timezone': {'offset': '-3:30', 'description': 'Newfoundland'}}, 'email': 'leevi.heino@example.com', 'login': {'uuid': '725397fe-0929-4308-93a6-b42c75e46f3a', 'username': 'redgoose741', 'password': 'chicken', 'salt': 'cJiLmbIt', 'md5': '916ec8de4c6783eb39ca173ecf0aaca5', 'sha1': '5d306b2286e01b21281cc076b92136b1d8c3ddfe', 'sha256': '91bc023aca44cf3144ee2351556b81a98a02a5077ad320fb8d12992e09ef4b2e'}, 'dob': {'date': '1961-12-16T01:32:26.173Z', 'age': 62}, 'registered': {'date': '2005-03-14T05:13:29.452Z', 'age': 19}, 'phone': '05-392-491', 'cell': '046-130-09-91', 'id': {'name': 'HETU', 'value': 'NaNNA913undefined'}, 'picture': {'large': 'https://randomuser.me/api/portraits/men/81.jpg', 'medium': 'https://randomuser.me/api/portraits/med/men/81.jpg', 'thumbnail': 'https://randomuser.me/api/portraits/thumb/men/81.jpg'}, 'nat': 'FI'}</msg>
<arg>${json_data['results'][0]}</arg>
<doc>Logs the given message with the given level.</doc>
<status status="PASS" start="2024-07-09T18:20:12.521253" elapsed="0.000418"/>
</kw>
<kw name="Log" owner="BuiltIn">
<msg time="2024-07-09T18:20:12.522109" level="INFO">location</msg>
<arg>${key}</arg>
<doc>Logs the given message with the given level.</doc>
<status status="PASS" start="2024-07-09T18:20:12.521979" elapsed="0.000168"/>
</kw>
<var name="${key}">location</var>
<status status="PASS" start="2024-07-09T18:20:12.520563" elapsed="0.001846"/>
</iter>
<iter>
<kw name="Dictionary Should Contain Key" owner="Collections">
<arg>${json_data['results'][0]}</arg>
<arg>${key}</arg>
<doc>Fails if ``key`` is not found from ``dictionary``.</doc>
<status status="PASS" start="2024-07-09T18:20:12.522697" elapsed="0.000397"/>
</kw>
<kw name="Log" owner="BuiltIn">
<msg time="2024-07-09T18:20:12.523635" level="INFO">{'gender': 'male', 'name': {'title': 'Mr', 'first': 'Leevi', 'last': 'Heino'}, 'location': {'street': {'number': 2193, 'name': 'Pispalan Valtatie'}, 'city': 'Malax', 'state': 'Uusimaa', 'country': 'Finland', 'postcode': 88984, 'coordinates': {'latitude': '-29.7276', 'longitude': '-33.7382'}, 'timezone': {'offset': '-3:30', 'description': 'Newfoundland'}}, 'email': 'leevi.heino@example.com', 'login': {'uuid': '725397fe-0929-4308-93a6-b42c75e46f3a', 'username': 'redgoose741', 'password': 'chicken', 'salt': 'cJiLmbIt', 'md5': '916ec8de4c6783eb39ca173ecf0aaca5', 'sha1': '5d306b2286e01b21281cc076b92136b1d8c3ddfe', 'sha256': '91bc023aca44cf3144ee2351556b81a98a02a5077ad320fb8d12992e09ef4b2e'}, 'dob': {'date': '1961-12-16T01:32:26.173Z', 'age': 62}, 'registered': {'date': '2005-03-14T05:13:29.452Z', 'age': 19}, 'phone': '05-392-491', 'cell': '046-130-09-91', 'id': {'name': 'HETU', 'value': 'NaNNA913undefined'}, 'picture': {'large': 'https://randomuser.me/api/portraits/men/81.jpg', 'medium': 'https://randomuser.me/api/portraits/med/men/81.jpg', 'thumbnail': 'https://randomuser.me/api/portraits/thumb/men/81.jpg'}, 'nat': 'FI'}</msg>
<arg>${json_data['results'][0]}</arg>
<doc>Logs the given message with the given level.</doc>
<status status="PASS" start="2024-07-09T18:20:12.523278" elapsed="0.000420"/>
</kw>
<kw name="Log" owner="BuiltIn">
<msg time="2024-07-09T18:20:12.524135" level="INFO">email</msg>
<arg>${key}</arg>
<doc>Logs the given message with the given level.</doc>
<status status="PASS" start="2024-07-09T18:20:12.524006" elapsed="0.000170"/>
</kw>
<var name="${key}">email</var>
<status status="PASS" start="2024-07-09T18:20:12.522585" elapsed="0.001814"/>
</iter>
<iter>
<kw name="Dictionary Should Contain Key" owner="Collections">
<arg>${json_data['results'][0]}</arg>
<arg>${key}</arg>
<doc>Fails if ``key`` is not found from ``dictionary``.</doc>
<status status="PASS" start="2024-07-09T18:20:12.524699" elapsed="0.000402"/>
</kw>
<kw name="Log" owner="BuiltIn">
<msg time="2024-07-09T18:20:12.525641" level="INFO">{'gender': 'male', 'name': {'title': 'Mr', 'first': 'Leevi', 'last': 'Heino'}, 'location': {'street': {'number': 2193, 'name': 'Pispalan Valtatie'}, 'city': 'Malax', 'state': 'Uusimaa', 'country': 'Finland', 'postcode': 88984, 'coordinates': {'latitude': '-29.7276', 'longitude': '-33.7382'}, 'timezone': {'offset': '-3:30', 'description': 'Newfoundland'}}, 'email': 'leevi.heino@example.com', 'login': {'uuid': '725397fe-0929-4308-93a6-b42c75e46f3a', 'username': 'redgoose741', 'password': 'chicken', 'salt': 'cJiLmbIt', 'md5': '916ec8de4c6783eb39ca173ecf0aaca5', 'sha1': '5d306b2286e01b21281cc076b92136b1d8c3ddfe', 'sha256': '91bc023aca44cf3144ee2351556b81a98a02a5077ad320fb8d12992e09ef4b2e'}, 'dob': {'date': '1961-12-16T01:32:26.173Z', 'age': 62}, 'registered': {'date': '2005-03-14T05:13:29.452Z', 'age': 19}, 'phone': '05-392-491', 'cell': '046-130-09-91', 'id': {'name': 'HETU', 'value': 'NaNNA913undefined'}, 'picture': {'large': 'https://randomuser.me/api/portraits/men/81.jpg', 'medium': 'https://randomuser.me/api/portraits/med/men/81.jpg', 'thumbnail': 'https://randomuser.me/api/portraits/thumb/men/81.jpg'}, 'nat': 'FI'}</msg>
<arg>${json_data['results'][0]}</arg>
<doc>Logs the given message with the given level.</doc>
<status status="PASS" start="2024-07-09T18:20:12.525287" elapsed="0.000405"/>
</kw>
<kw name="Log" owner="BuiltIn">
<msg time="2024-07-09T18:20:12.526122" level="INFO">login</msg>
<arg>${key}</arg>
<doc>Logs the given message with the given level.</doc>
<status status="PASS" start="2024-07-09T18:20:12.525993" elapsed="0.000167"/>
</kw>
<var name="${key}">login</var>
<status status="PASS" start="2024-07-09T18:20:12.524584" elapsed="0.001876"/>
</iter>
<var>${key}</var>
<value>@{expected_keys}</value>
<status status="PASS" start="2024-07-09T18:20:12.516094" elapsed="0.010492"/>
</for>
<kw name="Create List" owner="BuiltIn">
<msg time="2024-07-09T18:20:12.526928" level="INFO">${expected_keysTwo} = ['username', 'password']</msg>
<var>${expected_keysTwo}</var>
<arg>username</arg>
<arg>password</arg>
<doc>Returns a list containing given items.</doc>
<status status="PASS" start="2024-07-09T18:20:12.526788" elapsed="0.000165"/>
</kw>
<for flavor="IN">
<iter>
<kw name="Dictionary Should Contain Key" owner="Collections">
<arg>${json_data['results'][0]['login']}</arg>
<arg>${keyTwo}</arg>
<doc>Fails if ``key`` is not found from ``dictionary``.</doc>
<status status="PASS" start="2024-07-09T18:20:12.527494" elapsed="0.000396"/>
</kw>
<kw name="Dictionary Should Contain Key" owner="Collections">
<arg>${json_data['results'][0]['login']}</arg>
<arg>${keyTwo}</arg>
<doc>Fails if ``key`` is not found from ``dictionary``.</doc>
<status status="PASS" start="2024-07-09T18:20:12.528087" elapsed="0.000388"/>
</kw>
<kw name="Log" owner="BuiltIn">
<msg time="2024-07-09T18:20:12.528792" level="INFO">username</msg>
<arg>${keyTwo}</arg>
<doc>Logs the given message with the given level.</doc>
<status status="PASS" start="2024-07-09T18:20:12.528666" elapsed="0.000165"/>
</kw>
<var name="${keyTwo}">username</var>
<status status="PASS" start="2024-07-09T18:20:12.527384" elapsed="0.001678"/>
</iter>
<iter>
<kw name="Dictionary Should Contain Key" owner="Collections">
<arg>${json_data['results'][0]['login']}</arg>
<arg>${keyTwo}</arg>
<doc>Fails if ``key`` is not found from ``dictionary``.</doc>
<status status="PASS" start="2024-07-09T18:20:12.529351" elapsed="0.000405"/>
</kw>
<kw name="Dictionary Should Contain Key" owner="Collections">
<arg>${json_data['results'][0]['login']}</arg>
<arg>${keyTwo}</arg>
<doc>Fails if ``key`` is not found from ``dictionary``.</doc>
<status status="PASS" start="2024-07-09T18:20:12.529940" elapsed="0.000425"/>
</kw>
<kw name="Log" owner="BuiltIn">
<msg time="2024-07-09T18:20:12.530678" level="INFO">password</msg>
<arg>${keyTwo}</arg>
<doc>Logs the given message with the given level.</doc>
<status status="PASS" start="2024-07-09T18:20:12.530553" elapsed="0.000169"/>
</kw>
<var name="${keyTwo}">password</var>
<status status="PASS" start="2024-07-09T18:20:12.529240" elapsed="0.001716"/>
</iter>
<var>${keyTwo}</var>
<value>@{expected_keysTwo}</value>
<status status="PASS" start="2024-07-09T18:20:12.527227" elapsed="0.003856"/>
</for>
<status status="PASS" start="2024-07-09T18:20:12.414036" elapsed="0.117201"/>
</kw>
<doc>Testa a estrutura da resposta da API.</doc>
<tag>testeEstruturaResposta</tag>
<status status="PASS" start="2024-07-09T18:20:12.413300" elapsed="0.118121"/>
</test>
<test id="s1-s1-t4" name="Validar tipos de dados" line="28">
<kw name="Teste de Tipos de Dados" owner="random-user-service">
<kw name="GET On Session" owner="RequestsLibrary">
<msg time="2024-07-09T18:20:12.619596" level="INFO">GET Request : url=https://randomuser.me/api 
 path_url=/api 
 headers={'User-Agent': 'python-requests/2.32.3', 'Accept-Encoding': 'gzip, deflate', 'Accept': '*/*', 'Connection': 'keep-alive'} 
 body=None 
 </msg>
<msg time="2024-07-09T18:20:12.619747" level="INFO">GET Response : url=https://randomuser.me/api 
 status=200, reason=OK 
 headers={'Date': 'Tue, 09 Jul 2024 18:20:12 GMT', 'Content-Type': 'application/json; charset=utf-8', 'Transfer-Encoding': 'chunked', 'Connection': 'keep-alive', 'X-Powered-By': 'Express', 'Access-Control-Allow-Origin': '*', 'Cache-Control': 'no-cache', 'ETag': 'W/"492-d1pCysCcXymT760zk8ObAb5OzEg"', 'Vary': 'Accept-Encoding', 'Content-Encoding': 'gzip', 'CF-Cache-Status': 'DYNAMIC', 'Report-To': '{"endpoints":[{"url":"https:\\/\\/a.nel.cloudflare.com\\/report\\/v4?s=YerfrurB9D2oUdsfdyKCjDSl5Pv2pUYeZV%2F5Ai2iK7%2FQkqBZBvrc%2F9LTqyfZ0lyB7CEB%2BKfm%2BdB6c%2BL2w9fKsdgWmKo%2B7owRbK59uO%2BwIF%2FWCd6rg7%2FoGz4espHDNAJn"}],"group":"cf-nel","max_age":604800}', 'NEL': '{"success_fraction":0,"report_to":"cf-nel","max_age":604800}', 'Server': 'cloudflare', 'CF-RAY': '8a0a53a25c0f1fe2-IAD', 'alt-svc': 'h3=":443"; ma=86400'} 
 body={"results":[{"gender":"female","name":{"title":"Mrs","first":"Rosalyn","last":"Morris"},"location":{"street":{"number":9256,"name":"North Road"},"city":"Birmingham","state":"Northumberland","country":"United Kingdom","postcode":"U5J 5LD","coordinates":{"latitude":"-11.3437","longitude":"122.8022"},"timezone":{"offset":"+5:45","description":"Kathmandu"}},"email":"rosalyn.morris@example.com","login":{"uuid":"ca5be81b-b8ea-4fdf-b8f9-f4735532d08a","username":"purplewolf354","password":"vermont","salt":"H3P917lH","md5":"2264460bf982267fc122fcadb2f2d5e2","sha1":"6983e2e7a2ef2e1115006fedff1e0be0a7196515","sha256":"e4547e6513a73a3a940e398abc266194958f72ca168c537c45c1b6270d7ec7a4"},"dob":{"date":"1972-01-24T02:30:59.208Z","age":52},"registered":{"date":"2007-01-11T15:24:45.473Z","age":17},"phone":"013873 59608","cell":"07557 794808","id":{"name":"NINO","value":"OY 07 15 95 S"},"picture":{"large":"https://randomuser.me/api/portraits/women/30.jpg","medium":"https://randomuser.me/api/portraits/med/women/30.jpg","thumbnail":"https://randomuser.me/api/portraits/thumb/women/30.jpg"},"nat":"GB"}],"info":{"seed":"a9faa89bd78b8e29","results":1,"page":1,"version":"1.4"}} 
 </msg>
<msg time="2024-07-09T18:20:12.619859" level="INFO">/opt/hostedtoolcache/Python/3.12.4/x64/lib/python3.12/site-packages/urllib3/connectionpool.py:1099: InsecureRequestWarning: Unverified HTTPS request is being made to host 'randomuser.me'. Adding certificate verification is strongly advised. See: https://urllib3.readthedocs.io/en/latest/advanced-usage.html#tls-warnings
  warnings.warn(</msg>
<msg time="2024-07-09T18:20:12.620044" level="INFO">${response} = &lt;Response [200]&gt;</msg>
<var>${response}</var>
<arg>consultarAPI</arg>
<arg>/api</arg>
<doc>Sends a GET request on a previously created HTTP Session.</doc>
<status status="PASS" start="2024-07-09T18:20:12.534385" elapsed="0.085719"/>
</kw>
<kw name="Set Variable" owner="BuiltIn">
<msg time="2024-07-09T18:20:12.621646" level="INFO">${json_data} = {'results': [{'gender': 'female', 'name': {'title': 'Mrs', 'first': 'Rosalyn', 'last': 'Morris'}, 'location': {'street': {'number': 9256, 'name': 'North Road'}, 'city': 'Birmingham', 'state': 'Northum...</msg>
<var>${json_data}</var>
<arg>${response.json()}</arg>
<doc>Returns the given values which can then be assigned to a variables.</doc>
<status status="PASS" start="2024-07-09T18:20:12.620927" elapsed="0.000754"/>
</kw>
<kw name="Log" owner="BuiltIn">
<msg time="2024-07-09T18:20:12.622272" level="INFO">{'results': [{'gender': 'female', 'name': {'title': 'Mrs', 'first': 'Rosalyn', 'last': 'Morris'}, 'location': {'street': {'number': 9256, 'name': 'North Road'}, 'city': 'Birmingham', 'state': 'Northumberland', 'country': 'United Kingdom', 'postcode': 'U5J 5LD', 'coordinates': {'latitude': '-11.3437', 'longitude': '122.8022'}, 'timezone': {'offset': '+5:45', 'description': 'Kathmandu'}}, 'email': 'rosalyn.morris@example.com', 'login': {'uuid': 'ca5be81b-b8ea-4fdf-b8f9-f4735532d08a', 'username': 'purplewolf354', 'password': 'vermont', 'salt': 'H3P917lH', 'md5': '2264460bf982267fc122fcadb2f2d5e2', 'sha1': '6983e2e7a2ef2e1115006fedff1e0be0a7196515', 'sha256': 'e4547e6513a73a3a940e398abc266194958f72ca168c537c45c1b6270d7ec7a4'}, 'dob': {'date': '1972-01-24T02:30:59.208Z', 'age': 52}, 'registered': {'date': '2007-01-11T15:24:45.473Z', 'age': 17}, 'phone': '013873 59608', 'cell': '07557 794808', 'id': {'name': 'NINO', 'value': 'OY 07 15 95 S'}, 'picture': {'large': 'https://randomuser.me/api/portraits/women/30.jpg', 'medium': 'https://randomuser.me/api/portraits/med/women/30.jpg', 'thumbnail': 'https://randomuser.me/api/portraits/thumb/women/30.jpg'}, 'nat': 'GB'}], 'info': {'seed': 'a9faa89bd78b8e29', 'results': 1, 'page': 1, 'version': '1.4'}}</msg>
<arg>${json_data}</arg>
<doc>Logs the given message with the given level.</doc>
<status status="PASS" start="2024-07-09T18:20:12.622055" elapsed="0.000281"/>
</kw>
<kw name="Should Be String" owner="String">
<arg>${json_data['results'][0]['gender']}</arg>
<doc>Fails if the given ``item`` is not a string.</doc>
<status status="PASS" start="2024-07-09T18:20:12.622685" elapsed="0.000453"/>
</kw>
<kw name="Should Match Regexp" owner="BuiltIn">
<arg>${json_data['results'][0]['email']}</arg>
<arg>^[a-zA-Z0-9._%+-]+@[a-zA-Z0-9.-]+\.[a-zA-Z]{2,}$</arg>
<doc>Fails if ``string`` does not match ``pattern`` as a regular expression.</doc>
<status status="PASS" start="2024-07-09T18:20:12.623355" elapsed="0.000624"/>
</kw>
<kw name="Should Match Regexp" owner="BuiltIn">
<arg>${json_data['results'][0]['dob']['date']}</arg>
<arg>\\d{4}-\\d{2}-\\d{2}T\\d{2}:\\d{2}:\\d{2}\\.\\d{3}Z</arg>
<doc>Fails if ``string`` does not match ``pattern`` as a regular expression.</doc>
<status status="PASS" start="2024-07-09T18:20:12.624235" elapsed="0.000546"/>
</kw>
<kw name="Should Match Regexp" owner="BuiltIn">
<arg>${json_data['results'][0]['registered']['date']}</arg>
<arg>\\d{4}-\\d{2}-\\d{2}T\\d{2}:\\d{2}:\\d{2}\\.\\d{3}Z</arg>
<doc>Fails if ``string`` does not match ``pattern`` as a regular expression.</doc>
<status status="PASS" start="2024-07-09T18:20:12.624995" elapsed="0.000394"/>
</kw>
<kw name="Should Match Regexp" owner="BuiltIn">
<arg>${json_data['results'][0]['picture']['large']}</arg>
<arg>^https?://.*\.(?:png|jpe?g|gif|bmp)$</arg>
<doc>Fails if ``string`` does not match ``pattern`` as a regular expression.</doc>
<status status="PASS" start="2024-07-09T18:20:12.625588" elapsed="0.000509"/>
</kw>
<kw name="Should Match Regexp" owner="BuiltIn">
<arg>${json_data['results'][0]['picture']['medium']}</arg>
<arg>^https?://.*\.(?:png|jpe?g|gif|bmp)$</arg>
<doc>Fails if ``string`` does not match ``pattern`` as a regular expression.</doc>
<status status="PASS" start="2024-07-09T18:20:12.626348" elapsed="0.000380"/>
</kw>
<kw name="Should Match Regexp" owner="BuiltIn">
<arg>${json_data['results'][0]['picture']['thumbnail']}</arg>
<arg>^https?://.*\.(?:png|jpe?g|gif|bmp)$</arg>
<doc>Fails if ``string`` does not match ``pattern`` as a regular expression.</doc>
<status status="PASS" start="2024-07-09T18:20:12.626925" elapsed="0.000369"/>
</kw>
<kw name="Log" owner="BuiltIn">
<msg time="2024-07-09T18:20:12.627841" level="INFO">{'large': 'https://randomuser.me/api/portraits/women/30.jpg', 'medium': 'https://randomuser.me/api/portraits/med/women/30.jpg', 'thumbnail': 'https://randomuser.me/api/portraits/thumb/women/30.jpg'}</msg>
<arg>${json_data['results'][0]['picture']}</arg>
<doc>Logs the given message with the given level.</doc>
<status status="PASS" start="2024-07-09T18:20:12.627492" elapsed="0.000395"/>
</kw>
<status status="PASS" start="2024-07-09T18:20:12.534103" elapsed="0.094066"/>
</kw>
<kw name="Teste de Tipos de Dados - Postcode" owner="random-user-service">
<kw name="GET On Session" owner="RequestsLibrary">
<msg time="2024-07-09T18:20:12.709244" level="INFO">GET Request : url=https://randomuser.me/api 
 path_url=/api 
 headers={'User-Agent': 'python-requests/2.32.3', 'Accept-Encoding': 'gzip, deflate', 'Accept': '*/*', 'Connection': 'keep-alive'} 
 body=None 
 </msg>
<msg time="2024-07-09T18:20:12.709378" level="INFO">GET Response : url=https://randomuser.me/api 
 status=200, reason=OK 
 headers={'Date': 'Tue, 09 Jul 2024 18:20:12 GMT', 'Content-Type': 'application/json; charset=utf-8', 'Transfer-Encoding': 'chunked', 'Connection': 'keep-alive', 'X-Powered-By': 'Express', 'Access-Control-Allow-Origin': '*', 'Cache-Control': 'no-cache', 'ETag': 'W/"471-49bU1IPRL2XQUEEa9tX4A5j1f+Y"', 'Vary': 'Accept-Encoding', 'Content-Encoding': 'gzip', 'CF-Cache-Status': 'DYNAMIC', 'Report-To': '{"endpoints":[{"url":"https:\\/\\/a.nel.cloudflare.com\\/report\\/v4?s=iz5cPFJwVHmfCz5SZbg6tBXoeMaE%2FLwlLuT9FxLUeH40gMNl20Y6FpWrWFAETK9%2F0%2Bui8SoCA8HhCWWv2VwVmCs8sgOXEJralRmfvsxVBG7kY0UVWu4b2y8URbvTCHcL"}],"group":"cf-nel","max_age":604800}', 'NEL': '{"success_fraction":0,"report_to":"cf-nel","max_age":604800}', 'Server': 'cloudflare', 'CF-RAY': '8a0a53a2fce51fe2-IAD', 'alt-svc': 'h3=":443"; ma=86400'} 
 body={"results":[{"gender":"female","name":{"title":"Mrs","first":"Esma","last":"Adan"},"location":{"street":{"number":6140,"name":"Necatibey Cd"},"city":"Osmaniye","state":"Yalova","country":"Turkey","postcode":16442,"coordinates":{"latitude":"67.6283","longitude":"105.5941"},"timezone":{"offset":"-11:00","description":"Midway Island, Samoa"}},"email":"esma.adan@example.com","login":{"uuid":"50a098ff-14e9-41de-9f23-9bc12aa60794","username":"bluelion728","password":"bonita","salt":"p5Je35g7","md5":"78cc2e48142631101a20a12e3f82842c","sha1":"a8d769e2838e4b2fa6eee9fe7d37e04a9185c21c","sha256":"c0c407cb78530de0788bd1c48a136897e0f45c2d3bbafe9d513857b9cdb88179"},"dob":{"date":"1988-01-17T17:47:27.899Z","age":36},"registered":{"date":"2004-04-29T14:36:30.205Z","age":20},"phone":"(664)-046-2548","cell":"(416)-984-7500","id":{"name":"","value":null},"picture":{"large":"https://randomuser.me/api/portraits/women/15.jpg","medium":"https://randomuser.me/api/portraits/med/women/15.jpg","thumbnail":"https://randomuser.me/api/portraits/thumb/women/15.jpg"},"nat":"TR"}],"info":{"seed":"dd27eaa55432063a","results":1,"page":1,"version":"1.4"}} 
 </msg>
<msg time="2024-07-09T18:20:12.709486" level="INFO">/opt/hostedtoolcache/Python/3.12.4/x64/lib/python3.12/site-packages/urllib3/connectionpool.py:1099: InsecureRequestWarning: Unverified HTTPS request is being made to host 'randomuser.me'. Adding certificate verification is strongly advised. See: https://urllib3.readthedocs.io/en/latest/advanced-usage.html#tls-warnings
  warnings.warn(</msg>
<msg time="2024-07-09T18:20:12.709667" level="INFO">${response} = &lt;Response [200]&gt;</msg>
<var>${response}</var>
<arg>consultarAPI</arg>
<arg>/api</arg>
<doc>Sends a GET request on a previously created HTTP Session.</doc>
<status status="PASS" start="2024-07-09T18:20:12.628718" elapsed="0.081006"/>
</kw>
<kw name="Set Variable" owner="BuiltIn">
<msg time="2024-07-09T18:20:12.711143" level="INFO">${json_data} = {'results': [{'gender': 'female', 'name': {'title': 'Mrs', 'first': 'Esma', 'last': 'Adan'}, 'location': {'street': {'number': 6140, 'name': 'Necatibey Cd'}, 'city': 'Osmaniye', 'state': 'Yalova', 'co...</msg>
<var>${json_data}</var>
<arg>${response.json()}</arg>
<doc>Returns the given values which can then be assigned to a variables.</doc>
<status status="PASS" start="2024-07-09T18:20:12.710416" elapsed="0.000761"/>
</kw>
<kw name="Log" owner="BuiltIn">
<msg time="2024-07-09T18:20:12.711717" level="INFO">{'results': [{'gender': 'female', 'name': {'title': 'Mrs', 'first': 'Esma', 'last': 'Adan'}, 'location': {'street': {'number': 6140, 'name': 'Necatibey Cd'}, 'city': 'Osmaniye', 'state': 'Yalova', 'country': 'Turkey', 'postcode': 16442, 'coordinates': {'latitude': '67.6283', 'longitude': '105.5941'}, 'timezone': {'offset': '-11:00', 'description': 'Midway Island, Samoa'}}, 'email': 'esma.adan@example.com', 'login': {'uuid': '50a098ff-14e9-41de-9f23-9bc12aa60794', 'username': 'bluelion728', 'password': 'bonita', 'salt': 'p5Je35g7', 'md5': '78cc2e48142631101a20a12e3f82842c', 'sha1': 'a8d769e2838e4b2fa6eee9fe7d37e04a9185c21c', 'sha256': 'c0c407cb78530de0788bd1c48a136897e0f45c2d3bbafe9d513857b9cdb88179'}, 'dob': {'date': '1988-01-17T17:47:27.899Z', 'age': 36}, 'registered': {'date': '2004-04-29T14:36:30.205Z', 'age': 20}, 'phone': '(664)-046-2548', 'cell': '(416)-984-7500', 'id': {'name': '', 'value': None}, 'picture': {'large': 'https://randomuser.me/api/portraits/women/15.jpg', 'medium': 'https://randomuser.me/api/portraits/med/women/15.jpg', 'thumbnail': 'https://randomuser.me/api/portraits/thumb/women/15.jpg'}, 'nat': 'TR'}], 'info': {'seed': 'dd27eaa55432063a', 'results': 1, 'page': 1, 'version': '1.4'}}</msg>
<arg>${json_data}</arg>
<doc>Logs the given message with the given level.</doc>
<status status="PASS" start="2024-07-09T18:20:12.711531" elapsed="0.000246"/>
</kw>
<kw name="Should Be Equal As Numbers" owner="BuiltIn">
<arg>${json_data['results'][0]['location']['postcode']}</arg>
<arg>${json_data['results'][0]['location']['postcode']}</arg>
<doc>Fails if objects are unequal after converting them to real numbers.</doc>
<status status="PASS" start="2024-07-09T18:20:12.712114" elapsed="0.000725"/>
</kw>
<kw name="Log" owner="BuiltIn">
<msg time="2024-07-09T18:20:12.713406" level="INFO">16442</msg>
<arg>${json_data['results'][0]['location']['postcode']}</arg>
<doc>Logs the given message with the given level.</doc>
<status status="PASS" start="2024-07-09T18:20:12.713050" elapsed="0.000400"/>
</kw>
<status status="PASS" start="2024-07-09T18:20:12.628444" elapsed="0.085308"/>
</kw>
<doc>Testa se os tipos de dados na resposta da API estão corretos.</doc>
<tag>testeTiposDados</tag>
<status status="PASS" start="2024-07-09T18:20:12.533362" elapsed="0.180580"/>
</test>
<test id="s1-s1-t5" name="Validar conteudo" line="35">
<kw name="Teste de Tipos de Conteudo" owner="random-user-service">
<kw name="GET On Session" owner="RequestsLibrary">
<msg time="2024-07-09T18:20:12.813939" level="INFO">GET Request : url=https://randomuser.me/api 
 path_url=/api 
 headers={'User-Agent': 'python-requests/2.32.3', 'Accept-Encoding': 'gzip, deflate', 'Accept': '*/*', 'Connection': 'keep-alive'} 
 body=None 
 </msg>
<msg time="2024-07-09T18:20:12.814086" level="INFO">GET Response : url=https://randomuser.me/api 
 status=200, reason=OK 
 headers={'Date': 'Tue, 09 Jul 2024 18:20:12 GMT', 'Content-Type': 'application/json; charset=utf-8', 'Transfer-Encoding': 'chunked', 'Connection': 'keep-alive', 'X-Powered-By': 'Express', 'Access-Control-Allow-Origin': '*', 'Cache-Control': 'no-cache', 'ETag': 'W/"485-hgAWLOpcsovCqNEWwnT8d2X+Qp8"', 'Vary': 'Accept-Encoding', 'Content-Encoding': 'gzip', 'CF-Cache-Status': 'DYNAMIC', 'Report-To': '{"endpoints":[{"url":"https:\\/\\/a.nel.cloudflare.com\\/report\\/v4?s=%2BoIj7arw4B0%2FTQfVi06RgU%2F9gJ1NaX91OZaju6RZ7fR5AY%2FK6meaCtALCxVdwyD5pgV5oJ5lRTF%2BjPqQebZ%2FoDhsXO4pIzTGk1W%2FwpOdfw7q%2BIX9LwdSEH5TgrWf8kwj"}],"group":"cf-nel","max_age":604800}', 'NEL': '{"success_fraction":0,"report_to":"cf-nel","max_age":604800}', 'Server': 'cloudflare', 'CF-RAY': '8a0a53a38d8b1fe2-IAD', 'alt-svc': 'h3=":443"; ma=86400'} 
 body={"results":[{"gender":"female","name":{"title":"Ms","first":"Ege","last":"Alnıaçık"},"location":{"street":{"number":3560,"name":"Doktorlar Cd"},"city":"Kahramanmaraş","state":"Kocaeli","country":"Turkey","postcode":40528,"coordinates":{"latitude":"65.1396","longitude":"68.7061"},"timezone":{"offset":"+2:00","description":"Kaliningrad, South Africa"}},"email":"ege.alniacik@example.com","login":{"uuid":"41f85298-58a4-40ff-85a6-83c1fe0be74a","username":"heavylion313","password":"namaste","salt":"HNpb90bt","md5":"b5d398cf2a2b1a6a6df1c7d5c0399327","sha1":"acbb874e6a7646ad32b4be59e28c2ceac722bed3","sha256":"af1903bf5834f2f09b43c86335a9c99730e43e02ef55d2de41f0d82645145be5"},"dob":{"date":"1989-06-08T14:00:06.822Z","age":35},"registered":{"date":"2004-02-20T07:51:49.695Z","age":20},"phone":"(907)-942-6979","cell":"(661)-029-7329","id":{"name":"","value":null},"picture":{"large":"https://randomuser.me/api/portraits/women/93.jpg","medium":"https://randomuser.me/api/portraits/med/women/93.jpg","thumbnail":"https://randomuser.me/api/portraits/thumb/women/93.jpg"},"nat":"TR"}],"info":{"seed":"056f20393309b5e3","results":1,"page":1,"version":"1.4"}} 
 </msg>
<msg time="2024-07-09T18:20:12.814245" level="INFO">/opt/hostedtoolcache/Python/3.12.4/x64/lib/python3.12/site-packages/urllib3/connectionpool.py:1099: InsecureRequestWarning: Unverified HTTPS request is being made to host 'randomuser.me'. Adding certificate verification is strongly advised. See: https://urllib3.readthedocs.io/en/latest/advanced-usage.html#tls-warnings
  warnings.warn(</msg>
<msg time="2024-07-09T18:20:12.814418" level="INFO">${response} = &lt;Response [200]&gt;</msg>
<var>${response}</var>
<arg>consultarAPI</arg>
<arg>/api</arg>
<doc>Sends a GET request on a previously created HTTP Session.</doc>
<status status="PASS" start="2024-07-09T18:20:12.716918" elapsed="0.097551"/>
</kw>
<kw name="Set Variable" owner="BuiltIn">
<msg time="2024-07-09T18:20:12.815719" level="INFO">${json_data} = {'results': [{'gender': 'female', 'name': {'title': 'Ms', 'first': 'Ege', 'last': 'Alnıaçık'}, 'location': {'street': {'number': 3560, 'name': 'Doktorlar Cd'}, 'city': 'Kahramanmaraş', 'state': 'Kocae...</msg>
<var>${json_data}</var>
<arg>${response.json()}</arg>
<doc>Returns the given values which can then be assigned to a variables.</doc>
<status status="PASS" start="2024-07-09T18:20:12.815079" elapsed="0.000675"/>
</kw>
<kw name="Set Variable" owner="BuiltIn">
<msg time="2024-07-09T18:20:12.816528" level="INFO">${name_title} = Ms</msg>
<var>${name_title}</var>
<arg>${json_data["results"][0]["name"]["title"]}</arg>
<doc>Returns the given values which can then be assigned to a variables.</doc>
<status status="PASS" start="2024-07-09T18:20:12.816101" elapsed="0.000454"/>
</kw>
<kw name="Create List" owner="BuiltIn">
<msg time="2024-07-09T18:20:12.817025" level="INFO">${allowed_titles} = ['Mr', 'Ms', 'Miss', 'Mrs', 'Madame', 'Monsieur']</msg>
<var>${allowed_titles}</var>
<arg>Mr</arg>
<arg>Ms</arg>
<arg>Miss</arg>
<arg>Mrs</arg>
<arg>Madame</arg>
<arg>Monsieur</arg>
<doc>Returns a list containing given items.</doc>
<status status="PASS" start="2024-07-09T18:20:12.816869" elapsed="0.000182"/>
</kw>
<kw name="List Should Contain Value" owner="Collections">
<arg>${allowed_titles}</arg>
<arg>${name_title}</arg>
<doc>Fails if the ``value`` is not found from ``list``.</doc>
<status status="PASS" start="2024-07-09T18:20:12.817363" elapsed="0.000186"/>
</kw>
<kw name="Set Variable" owner="BuiltIn">
<msg time="2024-07-09T18:20:12.818115" level="INFO">${name_country} = TR</msg>
<var>${name_country}</var>
<arg>${json_data["results"][0]["nat"]}</arg>
<doc>Returns the given values which can then be assigned to a variables.</doc>
<status status="PASS" start="2024-07-09T18:20:12.817735" elapsed="0.000406"/>
</kw>
<kw name="Create List" owner="BuiltIn">
<msg time="2024-07-09T18:20:12.819137" level="INFO">${list_country} = ['AD', 'AE', 'AF', 'AG', 'AI', 'AL', 'AM', 'AO', 'AQ', 'AR', 'AS', 'AT', 'AU', 'AW', 'AX', 'AZ', 'BA', 'BB', 'BD', 'BE', 'BF', 'BG', 'BH', 'BI', 'BJ', 'BL', 'BM', 'BN', 'BO', 'BQ', 'BR', 'BS', 'BT', '...</msg>
<var>${list_country}</var>
<arg>AD</arg>
<arg>AE</arg>
<arg>AF</arg>
<arg>AG</arg>
<arg>AI</arg>
<arg>AL</arg>
<arg>AM</arg>
<arg>AO</arg>
<arg>AQ</arg>
<arg>AR</arg>
<arg>AS</arg>
<arg>AT</arg>
<arg>AU</arg>
<arg>AW</arg>
<arg>AX</arg>
<arg>AZ</arg>
<arg>BA</arg>
<arg>BB</arg>
<arg>BD</arg>
<arg>BE</arg>
<arg>BF</arg>
<arg>BG</arg>
<arg>BH</arg>
<arg>BI</arg>
<arg>BJ</arg>
<arg>BL</arg>
<arg>BM</arg>
<arg>BN</arg>
<arg>BO</arg>
<arg>BQ</arg>
<arg>BR</arg>
<arg>BS</arg>
<arg>BT</arg>
<arg>BV</arg>
<arg>BW</arg>
<arg>BY</arg>
<arg>BZ</arg>
<arg>CA</arg>
<arg>CC</arg>
<arg>CD</arg>
<arg>CF</arg>
<arg>CG</arg>
<arg>CH</arg>
<arg>CI</arg>
<arg>CK</arg>
<arg>CL</arg>
<arg>CM</arg>
<arg>CN</arg>
<arg>CO</arg>
<arg>CR</arg>
<arg>CU</arg>
<arg>CV</arg>
<arg>CW</arg>
<arg>CX</arg>
<arg>CY</arg>
<arg>CZ</arg>
<arg>DE</arg>
<arg>DJ</arg>
<arg>DK</arg>
<arg>DM</arg>
<arg>DO</arg>
<arg>DZ</arg>
<arg>EC</arg>
<arg>EE</arg>
<arg>EG</arg>
<arg>EH</arg>
<arg>ER</arg>
<arg>ES</arg>
<arg>ET</arg>
<arg>FI</arg>
<arg>FJ</arg>
<arg>FK</arg>
<arg>FM</arg>
<arg>FO</arg>
<arg>FR</arg>
<arg>GA</arg>
<arg>GB</arg>
<arg>GD</arg>
<arg>GE</arg>
<arg>GF</arg>
<arg>GG</arg>
<arg>GH</arg>
<arg>GI</arg>
<arg>GL</arg>
<arg>GM</arg>
<arg>GN</arg>
<arg>GP</arg>
<arg>GQ</arg>
<arg>GR</arg>
<arg>GS</arg>
<arg>GT</arg>
<arg>GU</arg>
<arg>GW</arg>
<arg>GY</arg>
<arg>HK</arg>
<arg>HM</arg>
<arg>HN</arg>
<arg>HR</arg>
<arg>HT</arg>
<arg>HU</arg>
<arg>ID</arg>
<arg>IE</arg>
<arg>IL</arg>
<arg>IM</arg>
<arg>IN</arg>
<arg>IO</arg>
<arg>IQ</arg>
<arg>IR</arg>
<arg>IS</arg>
<arg>IT</arg>
<arg>JE</arg>
<arg>JM</arg>
<arg>JO</arg>
<arg>JP</arg>
<arg>KE</arg>
<arg>KG</arg>
<arg>KH</arg>
<arg>KI</arg>
<arg>KM</arg>
<arg>KN</arg>
<arg>KP</arg>
<arg>KR</arg>
<arg>KW</arg>
<arg>KY</arg>
<arg>KZ</arg>
<arg>LA</arg>
<arg>LB</arg>
<arg>LC</arg>
<arg>LI</arg>
<arg>LK</arg>
<arg>LR</arg>
<arg>LS</arg>
<arg>LT</arg>
<arg>LU</arg>
<arg>LV</arg>
<arg>LY</arg>
<arg>MA</arg>
<arg>MC</arg>
<arg>MD</arg>
<arg>ME</arg>
<arg>MF</arg>
<arg>MG</arg>
<arg>MH</arg>
<arg>MK</arg>
<arg>ML</arg>
<arg>MM</arg>
<arg>MN</arg>
<arg>MO</arg>
<arg>MP</arg>
<arg>MQ</arg>
<arg>MR</arg>
<arg>MS</arg>
<arg>MT</arg>
<arg>MU</arg>
<arg>MV</arg>
<arg>MW</arg>
<arg>MX</arg>
<arg>MY</arg>
<arg>MZ</arg>
<arg>NA</arg>
<arg>NC</arg>
<arg>NE</arg>
<arg>NF</arg>
<arg>NG</arg>
<arg>NI</arg>
<arg>NL</arg>
<arg>NO</arg>
<arg>NP</arg>
<arg>NR</arg>
<arg>NU</arg>
<arg>NZ</arg>
<arg>OM</arg>
<arg>PA</arg>
<arg>PE</arg>
<arg>PF</arg>
<arg>PG</arg>
<arg>PH</arg>
<arg>PK</arg>
<arg>PL</arg>
<arg>PM</arg>
<arg>PN</arg>
<arg>PR</arg>
<arg>PS</arg>
<arg>PT</arg>
<arg>PW</arg>
<arg>PY</arg>
<arg>QA</arg>
<arg>RE</arg>
<arg>RO</arg>
<arg>RS</arg>
<arg>RU</arg>
<arg>RW</arg>
<arg>SA</arg>
<arg>SB</arg>
<arg>SC</arg>
<arg>SD</arg>
<arg>SE</arg>
<arg>SG</arg>
<arg>SH</arg>
<arg>SI</arg>
<arg>SJ</arg>
<arg>SK</arg>
<arg>SL</arg>
<arg>SM</arg>
<arg>SN</arg>
<arg>SO</arg>
<arg>SR</arg>
<arg>SS</arg>
<arg>ST</arg>
<arg>SV</arg>
<arg>SX</arg>
<arg>SY</arg>
<arg>SZ</arg>
<arg>TC</arg>
<arg>TD</arg>
<arg>TF</arg>
<arg>TG</arg>
<arg>TH</arg>
<arg>TJ</arg>
<arg>TK</arg>
<arg>TL</arg>
<arg>TM</arg>
<arg>TN</arg>
<arg>TO</arg>
<arg>TR</arg>
<arg>TT</arg>
<arg>TV</arg>
<arg>TW</arg>
<arg>TZ</arg>
<arg>UA</arg>
<arg>UG</arg>
<arg>UM</arg>
<arg>US</arg>
<arg>UY</arg>
<arg>UZ</arg>
<arg>VA</arg>
<arg>VC</arg>
<arg>VE</arg>
<arg>VG</arg>
<arg>VI</arg>
<arg>VN</arg>
<arg>VU</arg>
<arg>WF</arg>
<arg>WS</arg>
<arg>XK</arg>
<arg>YE</arg>
<arg>YT</arg>
<arg>ZA</arg>
<arg>ZM</arg>
<arg>ZW</arg>
<doc>Returns a list containing given items.</doc>
<status status="PASS" start="2024-07-09T18:20:12.818480" elapsed="0.000684"/>
</kw>
<kw name="List Should Contain Value" owner="Collections">
<arg>${list_country}</arg>
<arg>${name_country}</arg>
<doc>Fails if the ``value`` is not found from ``list``.</doc>
<status status="PASS" start="2024-07-09T18:20:12.820030" elapsed="0.000222"/>
</kw>
<kw name="Run Keyword If" owner="BuiltIn">
<kw name="Should Be True" owner="BuiltIn">
<arg>${True}</arg>
<doc>Fails if the given condition is not true.</doc>
<status status="PASS" start="2024-07-09T18:20:12.821201" elapsed="0.000142"/>
</kw>
<arg>${json_data["results"][0]["location"]["coordinates"]["latitude"]} &gt;= -90 and ${json_data["results"][0]["location"]["coordinates"]["latitude"]} &lt;= 90</arg>
<arg>Should Be True</arg>
<arg>${True}</arg>
<doc>Runs the given keyword with the given arguments, if ``condition`` is true.</doc>
<status status="PASS" start="2024-07-09T18:20:12.820452" elapsed="0.001015"/>
</kw>
<kw name="Run Keyword If" owner="BuiltIn">
<kw name="Should Be True" owner="BuiltIn">
<arg>${True}</arg>
<doc>Fails if the given condition is not true.</doc>
<status status="PASS" start="2024-07-09T18:20:12.822379" elapsed="0.000137"/>
</kw>
<arg>${json_data["results"][0]["location"]["coordinates"]["longitude"]} &gt;= -180 and ${json_data["results"][0]["location"]["coordinates"]["longitude"]} &lt;= 180</arg>
<arg>Should Be True</arg>
<arg>${True}</arg>
<doc>Runs the given keyword with the given arguments, if ``condition`` is true.</doc>
<status status="PASS" start="2024-07-09T18:20:12.821647" elapsed="0.000994"/>
</kw>
<status status="PASS" start="2024-07-09T18:20:12.716453" elapsed="0.106325"/>
</kw>
<doc>Testa o conteúdo específico dos campos retornados pela API.</doc>
<tag>testeConteudo</tag>
<status status="PASS" start="2024-07-09T18:20:12.715895" elapsed="0.107045"/>
</test>
<status status="PASS" start="2024-07-09T18:20:11.751876" elapsed="1.073103"/>
</suite>
<status status="PASS" start="2024-07-09T18:20:11.736358" elapsed="1.094306"/>
</suite>
<statistics>
<total>
<stat pass="5" fail="0" skip="0">All Tests</stat>
</total>
<tag>
<stat pass="1" fail="0" skip="0">testeConteudo</stat>
<stat pass="1" fail="0" skip="0">testeEstruturaResposta</stat>
<stat pass="1" fail="0" skip="0">testeRequisicaoBasica</stat>
<stat pass="1" fail="0" skip="0">testeTiposDados</stat>
</tag>
<suite>
<stat pass="5" fail="0" skip="0" id="s1" name="Tests">Tests</stat>
<stat pass="5" fail="0" skip="0" id="s1-s1" name="Random-User-Test">Tests.Random-User-Test</stat>
</suite>
</statistics>
<errors>
</errors>
</robot>
