<?xml version="1.0" encoding="UTF-8"?>
<robot generator="Robot 7.0 (Python 3.12.3 on linux)" generated="2024-04-20T15:13:28.747669" rpa="false" schemaversion="5">
<suite id="s1" name="Tests" source="/home/runner/work/DesafioQAItauRogerioJordao/DesafioQAItauRogerioJordao/RamdonUser/tests">
<suite id="s1-s1" name="Random-User-Test" source="/home/runner/work/DesafioQAItauRogerioJordao/DesafioQAItauRogerioJordao/RamdonUser/tests/random-user-test.robot">
<test id="s1-s1-t1" name="Conectar" line="13">
<kw name="Conectar API" owner="random-user-service">
<kw name="Create Session" owner="RequestsLibrary">
<msg time="2024-04-20T15:13:29.128631" level="INFO">Creating Session using : alias=consultarAPI, url=https://randomuser.me/, headers={},                     cookies={}, auth=None, timeout=None, proxies=None, verify=False,                     debug=0 </msg>
<arg>consultarAPI</arg>
<arg>${URL}</arg>
<doc>Create Session: create a HTTP session to a server</doc>
<status status="PASS" start="2024-04-20T15:13:29.128423" elapsed="0.000393"/>
</kw>
<status status="PASS" start="2024-04-20T15:13:29.127392" elapsed="0.001817"/>
</kw>
<status status="PASS" start="2024-04-20T15:13:29.126688" elapsed="0.002720"/>
</test>
<test id="s1-s1-t2" name="Validar retorno 200 e JSON Válido" line="16">
<kw name="Teste de Requisicao Basica" owner="random-user-service">
<kw name="GET On Session" owner="RequestsLibrary">
<msg time="2024-04-20T15:13:29.491977" level="INFO">GET Request : url=https://randomuser.me/api 
 path_url=/api 
 headers={'User-Agent': 'python-requests/2.31.0', 'Accept-Encoding': 'gzip, deflate', 'Accept': '*/*', 'Connection': 'keep-alive'} 
 body=None 
 </msg>
<msg time="2024-04-20T15:13:29.492146" level="INFO">GET Response : url=https://randomuser.me/api 
 status=200, reason=OK 
 headers={'Date': 'Sat, 20 Apr 2024 15:13:29 GMT', 'Content-Type': 'application/json; charset=utf-8', 'Transfer-Encoding': 'chunked', 'Connection': 'keep-alive', 'X-Powered-By': 'Express', 'Access-Control-Allow-Origin': '*', 'Cache-Control': 'no-cache', 'ETag': 'W/"4a9-qeSG+Lr2cmXgBOy1aWKtZ1qJr7c"', 'Vary': 'Accept-Encoding', 'Content-Encoding': 'gzip', 'CF-Cache-Status': 'DYNAMIC', 'Report-To': '{"endpoints":[{"url":"https:\\/\\/a.nel.cloudflare.com\\/report\\/v4?s=X6ybFlahT8%2BX%2F39R4K0PyRW2NYsv97QfF6O1kEKmEoKXtQwvN9EvgXlKUdWAcD4ShpiSLjBk1qYCdZPm01SAwpFMu618IyhOvzN5rJHIjFtYSMxI%2FLsgk1bIHtom1D1j"}],"group":"cf-nel","max_age":604800}', 'NEL': '{"success_fraction":0,"report_to":"cf-nel","max_age":604800}', 'Server': 'cloudflare', 'CF-RAY': '8776141d5e061ce2-ORD', 'alt-svc': 'h3=":443"; ma=86400'} 
 body={"results":[{"gender":"male","name":{"title":"Mr","first":"Loïs","last":"Marie"},"location":{"street":{"number":3689,"name":"Cours Charlemagne"},"city":"Aulnay-sous-Bois","state":"Loire-Atlantique","country":"France","postcode":96285,"coordinates":{"latitude":"-14.0705","longitude":"-93.0645"},"timezone":{"offset":"+9:00","description":"Tokyo, Seoul, Osaka, Sapporo, Yakutsk"}},"email":"lois.marie@example.com","login":{"uuid":"89d5219f-c4f5-4213-8bca-1bf30f3a7866","username":"smallostrich193","password":"pocket","salt":"Us7tjgnF","md5":"5d44156baaa173037ed23837c8cbc500","sha1":"2c384c969d11018d30aeea2020f4d020ab6c4177","sha256":"cab2046650ae46ddea4f126b8f8f9c5e3aa57f9bae43357a58717ed3f691dc55"},"dob":{"date":"1986-03-07T07:29:21.668Z","age":38},"registered":{"date":"2021-08-16T14:25:33.213Z","age":2},"phone":"01-92-64-53-39","cell":"06-40-54-47-13","id":{"name":"INSEE","value":"1860224625528 92"},"picture":{"large":"https://randomuser.me/api/portraits/men/18.jpg","medium":"https://randomuser.me/api/portraits/med/men/18.jpg","thumbnail":"https://randomuser.me/api/portraits/thumb/men/18.jpg"},"nat":"FR"}],"info":{"seed":"1331c819a811139b","results":1,"page":1,"version":"1.4"}} 
 </msg>
<msg time="2024-04-20T15:13:29.492245" level="INFO">/opt/hostedtoolcache/Python/3.12.3/x64/lib/python3.12/site-packages/urllib3/connectionpool.py:1103: InsecureRequestWarning: Unverified HTTPS request is being made to host 'randomuser.me'. Adding certificate verification is strongly advised. See: https://urllib3.readthedocs.io/en/latest/advanced-usage.html#tls-warnings
  warnings.warn(</msg>
<msg time="2024-04-20T15:13:29.492396" level="INFO">${response} = &lt;Response [200]&gt;</msg>
<var>${response}</var>
<arg>consultarAPI</arg>
<arg>/api</arg>
<doc>Sends a GET request on a previously created HTTP Session.</doc>
<status status="PASS" start="2024-04-20T15:13:29.132110" elapsed="0.360327"/>
</kw>
<kw name="Should Be Equal As Numbers" owner="BuiltIn">
<msg time="2024-04-20T15:13:29.493459" level="INFO">Argument types are:
&lt;class 'int'&gt;
&lt;class 'str'&gt;</msg>
<arg>${response.status_code}</arg>
<arg>200</arg>
<doc>Fails if objects are unequal after converting them to real numbers.</doc>
<status status="PASS" start="2024-04-20T15:13:29.492972" elapsed="0.000552"/>
</kw>
<kw name="Log" owner="BuiltIn">
<msg time="2024-04-20T15:13:29.494221" level="INFO">200</msg>
<arg>${response.status_code}</arg>
<doc>Logs the given message with the given level.</doc>
<status status="PASS" start="2024-04-20T15:13:29.493877" elapsed="0.000387"/>
</kw>
<kw name="Set Variable" owner="BuiltIn">
<msg time="2024-04-20T15:13:29.495000" level="INFO">${json_data} = {'results': [{'gender': 'male', 'name': {'title': 'Mr', 'first': 'Loïs', 'last': 'Marie'}, 'location': {'street': {'number': 3689, 'name': 'Cours Charlemagne'}, 'city': 'Aulnay-sous-Bois', 'state': 'L...</msg>
<var>${json_data}</var>
<arg>${response.json()}</arg>
<doc>Returns the given values which can then be assigned to a variables.</doc>
<status status="PASS" start="2024-04-20T15:13:29.494563" elapsed="0.000466"/>
</kw>
<kw name="Dictionary Should Contain Key" owner="Collections">
<msg time="2024-04-20T15:13:29.495504" level="INFO">False</msg>
<arg>${json_data}</arg>
<arg>results</arg>
<doc>Fails if ``key`` is not found from ``dictionary``.</doc>
<status status="PASS" start="2024-04-20T15:13:29.495333" elapsed="0.000212"/>
</kw>
<status status="PASS" start="2024-04-20T15:13:29.131856" elapsed="0.363948"/>
</kw>
<doc>Testa se a API responde corretamente e retorna um objeto JSON válido.</doc>
<tag>testeRequisicaoBasica</tag>
<status status="PASS" start="2024-04-20T15:13:29.131290" elapsed="0.364693"/>
</test>
<test id="s1-s1-t3" name="Validar estrutura de resposta" line="22">
<kw name="Teste de Estrutura de Resposta" owner="random-user-service">
<kw name="GET On Session" owner="RequestsLibrary">
<msg time="2024-04-20T15:13:29.569123" level="INFO">GET Request : url=https://randomuser.me/api 
 path_url=/api 
 headers={'User-Agent': 'python-requests/2.31.0', 'Accept-Encoding': 'gzip, deflate', 'Accept': '*/*', 'Connection': 'keep-alive'} 
 body=None 
 </msg>
<msg time="2024-04-20T15:13:29.569240" level="INFO">GET Response : url=https://randomuser.me/api 
 status=200, reason=OK 
 headers={'Date': 'Sat, 20 Apr 2024 15:13:29 GMT', 'Content-Type': 'application/json; charset=utf-8', 'Transfer-Encoding': 'chunked', 'Connection': 'keep-alive', 'X-Powered-By': 'Express', 'Access-Control-Allow-Origin': '*', 'Cache-Control': 'no-cache', 'ETag': 'W/"46e-ID8lvO0a7cMc/ld6N03oHVI+hH4"', 'Vary': 'Accept-Encoding', 'Content-Encoding': 'gzip', 'CF-Cache-Status': 'DYNAMIC', 'Report-To': '{"endpoints":[{"url":"https:\\/\\/a.nel.cloudflare.com\\/report\\/v4?s=RRsftwvGP50zsFHb0f%2BAcMpb1iRLH2HILzEKu3LpoHd1CWCf6DhkqGmLO5E1IdKhJYWZb2ACRbjYtC85O1OOtei3roJSuhV5ZcesU8OAJMh%2B7leFikGIZ%2FnOos01ixVy"}],"group":"cf-nel","max_age":604800}', 'NEL': '{"success_fraction":0,"report_to":"cf-nel","max_age":604800}', 'Server': 'cloudflare', 'CF-RAY': '8776141f68831ce2-ORD', 'alt-svc': 'h3=":443"; ma=86400'} 
 body={"results":[{"gender":"female","name":{"title":"Mrs","first":"Ece","last":"Çamdalı"},"location":{"street":{"number":4738,"name":"Tunalı Hilmi Cd"},"city":"Erzurum","state":"Kırıkkale","country":"Turkey","postcode":85253,"coordinates":{"latitude":"65.4931","longitude":"7.8307"},"timezone":{"offset":"+5:45","description":"Kathmandu"}},"email":"ece.camdali@example.com","login":{"uuid":"6e6c7a4e-dd79-430a-a522-3c6a1f6002a0","username":"blackduck818","password":"bookie","salt":"ZBLodOPt","md5":"ee846fe9ed32fe11bb6cfe1647977590","sha1":"ae016d047d4b665386311c00ff9bdb6b37c6ac11","sha256":"29ba6401b01f4d04c06a7b02da76127a7ec1c675f21ff5e43c2f128321aa0613"},"dob":{"date":"1966-09-18T09:19:09.838Z","age":57},"registered":{"date":"2015-03-23T15:26:32.903Z","age":9},"phone":"(930)-016-0731","cell":"(376)-167-6797","id":{"name":"","value":null},"picture":{"large":"https://randomuser.me/api/portraits/women/6.jpg","medium":"https://randomuser.me/api/portraits/med/women/6.jpg","thumbnail":"https://randomuser.me/api/portraits/thumb/women/6.jpg"},"nat":"TR"}],"info":{"seed":"eeb84147f42dded5","results":1,"page":1,"version":"1.4"}} 
 </msg>
<msg time="2024-04-20T15:13:29.569388" level="INFO">/opt/hostedtoolcache/Python/3.12.3/x64/lib/python3.12/site-packages/urllib3/connectionpool.py:1103: InsecureRequestWarning: Unverified HTTPS request is being made to host 'randomuser.me'. Adding certificate verification is strongly advised. See: https://urllib3.readthedocs.io/en/latest/advanced-usage.html#tls-warnings
  warnings.warn(</msg>
<msg time="2024-04-20T15:13:29.569520" level="INFO">${response} = &lt;Response [200]&gt;</msg>
<var>${response}</var>
<arg>consultarAPI</arg>
<arg>/api</arg>
<doc>Sends a GET request on a previously created HTTP Session.</doc>
<status status="PASS" start="2024-04-20T15:13:29.498550" elapsed="0.071033"/>
</kw>
<kw name="Set Variable" owner="BuiltIn">
<msg time="2024-04-20T15:13:29.570607" level="INFO">${json_data} = {'results': [{'gender': 'female', 'name': {'title': 'Mrs', 'first': 'Ece', 'last': 'Çamdalı'}, 'location': {'street': {'number': 4738, 'name': 'Tunalı Hilmi Cd'}, 'city': 'Erzurum', 'state': 'Kırıkkal...</msg>
<var>${json_data}</var>
<arg>${response.json()}</arg>
<doc>Returns the given values which can then be assigned to a variables.</doc>
<status status="PASS" start="2024-04-20T15:13:29.570077" elapsed="0.000561"/>
</kw>
<kw name="Log" owner="BuiltIn">
<msg time="2024-04-20T15:13:29.571107" level="INFO">{'results': [{'gender': 'female', 'name': {'title': 'Mrs', 'first': 'Ece', 'last': 'Çamdalı'}, 'location': {'street': {'number': 4738, 'name': 'Tunalı Hilmi Cd'}, 'city': 'Erzurum', 'state': 'Kırıkkale', 'country': 'Turkey', 'postcode': 85253, 'coordinates': {'latitude': '65.4931', 'longitude': '7.8307'}, 'timezone': {'offset': '+5:45', 'description': 'Kathmandu'}}, 'email': 'ece.camdali@example.com', 'login': {'uuid': '6e6c7a4e-dd79-430a-a522-3c6a1f6002a0', 'username': 'blackduck818', 'password': 'bookie', 'salt': 'ZBLodOPt', 'md5': 'ee846fe9ed32fe11bb6cfe1647977590', 'sha1': 'ae016d047d4b665386311c00ff9bdb6b37c6ac11', 'sha256': '29ba6401b01f4d04c06a7b02da76127a7ec1c675f21ff5e43c2f128321aa0613'}, 'dob': {'date': '1966-09-18T09:19:09.838Z', 'age': 57}, 'registered': {'date': '2015-03-23T15:26:32.903Z', 'age': 9}, 'phone': '(930)-016-0731', 'cell': '(376)-167-6797', 'id': {'name': '', 'value': None}, 'picture': {'large': 'https://randomuser.me/api/portraits/women/6.jpg', 'medium': 'https://randomuser.me/api/portraits/med/women/6.jpg', 'thumbnail': 'https://randomuser.me/api/portraits/thumb/women/6.jpg'}, 'nat': 'TR'}], 'info': {'seed': 'eeb84147f42dded5', 'results': 1, 'page': 1, 'version': '1.4'}}</msg>
<arg>${json_data}</arg>
<doc>Logs the given message with the given level.</doc>
<status status="PASS" start="2024-04-20T15:13:29.570944" elapsed="0.000222"/>
</kw>
<kw name="Dictionary Should Contain Key" owner="Collections">
<msg time="2024-04-20T15:13:29.571619" level="INFO">False</msg>
<arg>${json_data}</arg>
<arg>results</arg>
<doc>Fails if ``key`` is not found from ``dictionary``.</doc>
<status status="PASS" start="2024-04-20T15:13:29.571460" elapsed="0.000196"/>
</kw>
<kw name="Should Not Be Empty" owner="BuiltIn">
<msg time="2024-04-20T15:13:29.572069" level="INFO">Length is 2.</msg>
<arg>${json_data}</arg>
<doc>Verifies that the given item is not empty.</doc>
<status status="PASS" start="2024-04-20T15:13:29.571941" elapsed="0.000325"/>
</kw>
<kw name="Create List" owner="BuiltIn">
<msg time="2024-04-20T15:13:29.572727" level="INFO">${expected_keys} = ['gender', 'name', 'location', 'email', 'login']</msg>
<var>${expected_keys}</var>
<arg>gender</arg>
<arg>name</arg>
<arg>location</arg>
<arg>email</arg>
<arg>login</arg>
<doc>Returns a list containing given items.</doc>
<status status="PASS" start="2024-04-20T15:13:29.572578" elapsed="0.000174"/>
</kw>
<for flavor="IN">
<iter>
<kw name="Dictionary Should Contain Key" owner="Collections">
<msg time="2024-04-20T15:13:29.573772" level="INFO">False</msg>
<arg>${json_data['results'][0]}</arg>
<arg>${key}</arg>
<doc>Fails if ``key`` is not found from ``dictionary``.</doc>
<status status="PASS" start="2024-04-20T15:13:29.573361" elapsed="0.000449"/>
</kw>
<kw name="Log" owner="BuiltIn">
<msg time="2024-04-20T15:13:29.574473" level="INFO">{'gender': 'female', 'name': {'title': 'Mrs', 'first': 'Ece', 'last': 'Çamdalı'}, 'location': {'street': {'number': 4738, 'name': 'Tunalı Hilmi Cd'}, 'city': 'Erzurum', 'state': 'Kırıkkale', 'country': 'Turkey', 'postcode': 85253, 'coordinates': {'latitude': '65.4931', 'longitude': '7.8307'}, 'timezone': {'offset': '+5:45', 'description': 'Kathmandu'}}, 'email': 'ece.camdali@example.com', 'login': {'uuid': '6e6c7a4e-dd79-430a-a522-3c6a1f6002a0', 'username': 'blackduck818', 'password': 'bookie', 'salt': 'ZBLodOPt', 'md5': 'ee846fe9ed32fe11bb6cfe1647977590', 'sha1': 'ae016d047d4b665386311c00ff9bdb6b37c6ac11', 'sha256': '29ba6401b01f4d04c06a7b02da76127a7ec1c675f21ff5e43c2f128321aa0613'}, 'dob': {'date': '1966-09-18T09:19:09.838Z', 'age': 57}, 'registered': {'date': '2015-03-23T15:26:32.903Z', 'age': 9}, 'phone': '(930)-016-0731', 'cell': '(376)-167-6797', 'id': {'name': '', 'value': None}, 'picture': {'large': 'https://randomuser.me/api/portraits/women/6.jpg', 'medium': 'https://randomuser.me/api/portraits/med/women/6.jpg', 'thumbnail': 'https://randomuser.me/api/portraits/thumb/women/6.jpg'}, 'nat': 'TR'}</msg>
<arg>${json_data['results'][0]}</arg>
<doc>Logs the given message with the given level.</doc>
<status status="PASS" start="2024-04-20T15:13:29.574107" elapsed="0.000417"/>
</kw>
<kw name="Log" owner="BuiltIn">
<msg time="2024-04-20T15:13:29.574948" level="INFO">gender</msg>
<arg>${key}</arg>
<doc>Logs the given message with the given level.</doc>
<status status="PASS" start="2024-04-20T15:13:29.574821" elapsed="0.000163"/>
</kw>
<var name="${key}">gender</var>
<status status="PASS" start="2024-04-20T15:13:29.573234" elapsed="0.001960"/>
</iter>
<iter>
<kw name="Dictionary Should Contain Key" owner="Collections">
<msg time="2024-04-20T15:13:29.575875" level="INFO">False</msg>
<arg>${json_data['results'][0]}</arg>
<arg>${key}</arg>
<doc>Fails if ``key`` is not found from ``dictionary``.</doc>
<status status="PASS" start="2024-04-20T15:13:29.575490" elapsed="0.000422"/>
</kw>
<kw name="Log" owner="BuiltIn">
<msg time="2024-04-20T15:13:29.576606" level="INFO">{'gender': 'female', 'name': {'title': 'Mrs', 'first': 'Ece', 'last': 'Çamdalı'}, 'location': {'street': {'number': 4738, 'name': 'Tunalı Hilmi Cd'}, 'city': 'Erzurum', 'state': 'Kırıkkale', 'country': 'Turkey', 'postcode': 85253, 'coordinates': {'latitude': '65.4931', 'longitude': '7.8307'}, 'timezone': {'offset': '+5:45', 'description': 'Kathmandu'}}, 'email': 'ece.camdali@example.com', 'login': {'uuid': '6e6c7a4e-dd79-430a-a522-3c6a1f6002a0', 'username': 'blackduck818', 'password': 'bookie', 'salt': 'ZBLodOPt', 'md5': 'ee846fe9ed32fe11bb6cfe1647977590', 'sha1': 'ae016d047d4b665386311c00ff9bdb6b37c6ac11', 'sha256': '29ba6401b01f4d04c06a7b02da76127a7ec1c675f21ff5e43c2f128321aa0613'}, 'dob': {'date': '1966-09-18T09:19:09.838Z', 'age': 57}, 'registered': {'date': '2015-03-23T15:26:32.903Z', 'age': 9}, 'phone': '(930)-016-0731', 'cell': '(376)-167-6797', 'id': {'name': '', 'value': None}, 'picture': {'large': 'https://randomuser.me/api/portraits/women/6.jpg', 'medium': 'https://randomuser.me/api/portraits/med/women/6.jpg', 'thumbnail': 'https://randomuser.me/api/portraits/thumb/women/6.jpg'}, 'nat': 'TR'}</msg>
<arg>${json_data['results'][0]}</arg>
<doc>Logs the given message with the given level.</doc>
<status status="PASS" start="2024-04-20T15:13:29.576238" elapsed="0.000419"/>
</kw>
<kw name="Log" owner="BuiltIn">
<msg time="2024-04-20T15:13:29.577097" level="INFO">name</msg>
<arg>${key}</arg>
<doc>Logs the given message with the given level.</doc>
<status status="PASS" start="2024-04-20T15:13:29.576950" elapsed="0.000186"/>
</kw>
<var name="${key}">name</var>
<status status="PASS" start="2024-04-20T15:13:29.575376" elapsed="0.001971"/>
</iter>
<iter>
<kw name="Dictionary Should Contain Key" owner="Collections">
<msg time="2024-04-20T15:13:29.578014" level="INFO">False</msg>
<arg>${json_data['results'][0]}</arg>
<arg>${key}</arg>
<doc>Fails if ``key`` is not found from ``dictionary``.</doc>
<status status="PASS" start="2024-04-20T15:13:29.577631" elapsed="0.000420"/>
</kw>
<kw name="Log" owner="BuiltIn">
<msg time="2024-04-20T15:13:29.578741" level="INFO">{'gender': 'female', 'name': {'title': 'Mrs', 'first': 'Ece', 'last': 'Çamdalı'}, 'location': {'street': {'number': 4738, 'name': 'Tunalı Hilmi Cd'}, 'city': 'Erzurum', 'state': 'Kırıkkale', 'country': 'Turkey', 'postcode': 85253, 'coordinates': {'latitude': '65.4931', 'longitude': '7.8307'}, 'timezone': {'offset': '+5:45', 'description': 'Kathmandu'}}, 'email': 'ece.camdali@example.com', 'login': {'uuid': '6e6c7a4e-dd79-430a-a522-3c6a1f6002a0', 'username': 'blackduck818', 'password': 'bookie', 'salt': 'ZBLodOPt', 'md5': 'ee846fe9ed32fe11bb6cfe1647977590', 'sha1': 'ae016d047d4b665386311c00ff9bdb6b37c6ac11', 'sha256': '29ba6401b01f4d04c06a7b02da76127a7ec1c675f21ff5e43c2f128321aa0613'}, 'dob': {'date': '1966-09-18T09:19:09.838Z', 'age': 57}, 'registered': {'date': '2015-03-23T15:26:32.903Z', 'age': 9}, 'phone': '(930)-016-0731', 'cell': '(376)-167-6797', 'id': {'name': '', 'value': None}, 'picture': {'large': 'https://randomuser.me/api/portraits/women/6.jpg', 'medium': 'https://randomuser.me/api/portraits/med/women/6.jpg', 'thumbnail': 'https://randomuser.me/api/portraits/thumb/women/6.jpg'}, 'nat': 'TR'}</msg>
<arg>${json_data['results'][0]}</arg>
<doc>Logs the given message with the given level.</doc>
<status status="PASS" start="2024-04-20T15:13:29.578345" elapsed="0.000458"/>
</kw>
<kw name="Log" owner="BuiltIn">
<msg time="2024-04-20T15:13:29.579226" level="INFO">location</msg>
<arg>${key}</arg>
<doc>Logs the given message with the given level.</doc>
<status status="PASS" start="2024-04-20T15:13:29.579100" elapsed="0.000163"/>
</kw>
<var name="${key}">location</var>
<status status="PASS" start="2024-04-20T15:13:29.577522" elapsed="0.001952"/>
</iter>
<iter>
<kw name="Dictionary Should Contain Key" owner="Collections">
<msg time="2024-04-20T15:13:29.580136" level="INFO">False</msg>
<arg>${json_data['results'][0]}</arg>
<arg>${key}</arg>
<doc>Fails if ``key`` is not found from ``dictionary``.</doc>
<status status="PASS" start="2024-04-20T15:13:29.579751" elapsed="0.000422"/>
</kw>
<kw name="Log" owner="BuiltIn">
<msg time="2024-04-20T15:13:29.580834" level="INFO">{'gender': 'female', 'name': {'title': 'Mrs', 'first': 'Ece', 'last': 'Çamdalı'}, 'location': {'street': {'number': 4738, 'name': 'Tunalı Hilmi Cd'}, 'city': 'Erzurum', 'state': 'Kırıkkale', 'country': 'Turkey', 'postcode': 85253, 'coordinates': {'latitude': '65.4931', 'longitude': '7.8307'}, 'timezone': {'offset': '+5:45', 'description': 'Kathmandu'}}, 'email': 'ece.camdali@example.com', 'login': {'uuid': '6e6c7a4e-dd79-430a-a522-3c6a1f6002a0', 'username': 'blackduck818', 'password': 'bookie', 'salt': 'ZBLodOPt', 'md5': 'ee846fe9ed32fe11bb6cfe1647977590', 'sha1': 'ae016d047d4b665386311c00ff9bdb6b37c6ac11', 'sha256': '29ba6401b01f4d04c06a7b02da76127a7ec1c675f21ff5e43c2f128321aa0613'}, 'dob': {'date': '1966-09-18T09:19:09.838Z', 'age': 57}, 'registered': {'date': '2015-03-23T15:26:32.903Z', 'age': 9}, 'phone': '(930)-016-0731', 'cell': '(376)-167-6797', 'id': {'name': '', 'value': None}, 'picture': {'large': 'https://randomuser.me/api/portraits/women/6.jpg', 'medium': 'https://randomuser.me/api/portraits/med/women/6.jpg', 'thumbnail': 'https://randomuser.me/api/portraits/thumb/women/6.jpg'}, 'nat': 'TR'}</msg>
<arg>${json_data['results'][0]}</arg>
<doc>Logs the given message with the given level.</doc>
<status status="PASS" start="2024-04-20T15:13:29.580465" elapsed="0.000418"/>
</kw>
<kw name="Log" owner="BuiltIn">
<msg time="2024-04-20T15:13:29.581330" level="INFO">email</msg>
<arg>${key}</arg>
<doc>Logs the given message with the given level.</doc>
<status status="PASS" start="2024-04-20T15:13:29.581201" elapsed="0.000168"/>
</kw>
<var name="${key}">email</var>
<status status="PASS" start="2024-04-20T15:13:29.579642" elapsed="0.001942"/>
</iter>
<iter>
<kw name="Dictionary Should Contain Key" owner="Collections">
<msg time="2024-04-20T15:13:29.582250" level="INFO">False</msg>
<arg>${json_data['results'][0]}</arg>
<arg>${key}</arg>
<doc>Fails if ``key`` is not found from ``dictionary``.</doc>
<status status="PASS" start="2024-04-20T15:13:29.581864" elapsed="0.000424"/>
</kw>
<kw name="Log" owner="BuiltIn">
<msg time="2024-04-20T15:13:29.582947" level="INFO">{'gender': 'female', 'name': {'title': 'Mrs', 'first': 'Ece', 'last': 'Çamdalı'}, 'location': {'street': {'number': 4738, 'name': 'Tunalı Hilmi Cd'}, 'city': 'Erzurum', 'state': 'Kırıkkale', 'country': 'Turkey', 'postcode': 85253, 'coordinates': {'latitude': '65.4931', 'longitude': '7.8307'}, 'timezone': {'offset': '+5:45', 'description': 'Kathmandu'}}, 'email': 'ece.camdali@example.com', 'login': {'uuid': '6e6c7a4e-dd79-430a-a522-3c6a1f6002a0', 'username': 'blackduck818', 'password': 'bookie', 'salt': 'ZBLodOPt', 'md5': 'ee846fe9ed32fe11bb6cfe1647977590', 'sha1': 'ae016d047d4b665386311c00ff9bdb6b37c6ac11', 'sha256': '29ba6401b01f4d04c06a7b02da76127a7ec1c675f21ff5e43c2f128321aa0613'}, 'dob': {'date': '1966-09-18T09:19:09.838Z', 'age': 57}, 'registered': {'date': '2015-03-23T15:26:32.903Z', 'age': 9}, 'phone': '(930)-016-0731', 'cell': '(376)-167-6797', 'id': {'name': '', 'value': None}, 'picture': {'large': 'https://randomuser.me/api/portraits/women/6.jpg', 'medium': 'https://randomuser.me/api/portraits/med/women/6.jpg', 'thumbnail': 'https://randomuser.me/api/portraits/thumb/women/6.jpg'}, 'nat': 'TR'}</msg>
<arg>${json_data['results'][0]}</arg>
<doc>Logs the given message with the given level.</doc>
<status status="PASS" start="2024-04-20T15:13:29.582575" elapsed="0.000421"/>
</kw>
<kw name="Log" owner="BuiltIn">
<msg time="2024-04-20T15:13:29.583410" level="INFO">login</msg>
<arg>${key}</arg>
<doc>Logs the given message with the given level.</doc>
<status status="PASS" start="2024-04-20T15:13:29.583284" elapsed="0.000163"/>
</kw>
<var name="${key}">login</var>
<status status="PASS" start="2024-04-20T15:13:29.581754" elapsed="0.001911"/>
</iter>
<var>${key}</var>
<value>@{expected_keys}</value>
<status status="PASS" start="2024-04-20T15:13:29.573009" elapsed="0.010775"/>
</for>
<kw name="Create List" owner="BuiltIn">
<msg time="2024-04-20T15:13:29.584139" level="INFO">${expected_keysTwo} = ['username', 'password']</msg>
<var>${expected_keysTwo}</var>
<arg>username</arg>
<arg>password</arg>
<doc>Returns a list containing given items.</doc>
<status status="PASS" start="2024-04-20T15:13:29.584001" elapsed="0.000162"/>
</kw>
<for flavor="IN">
<iter>
<kw name="Dictionary Should Contain Key" owner="Collections">
<msg time="2024-04-20T15:13:29.585071" level="INFO">False</msg>
<arg>${json_data['results'][0]['login']}</arg>
<arg>${keyTwo}</arg>
<doc>Fails if ``key`` is not found from ``dictionary``.</doc>
<status status="PASS" start="2024-04-20T15:13:29.584657" elapsed="0.000456"/>
</kw>
<kw name="Dictionary Should Contain Key" owner="Collections">
<msg time="2024-04-20T15:13:29.585790" level="INFO">False</msg>
<arg>${json_data['results'][0]['login']}</arg>
<arg>${keyTwo}</arg>
<doc>Fails if ``key`` is not found from ``dictionary``.</doc>
<status status="PASS" start="2024-04-20T15:13:29.585408" elapsed="0.000419"/>
</kw>
<kw name="Log" owner="BuiltIn">
<msg time="2024-04-20T15:13:29.586242" level="INFO">username</msg>
<arg>${keyTwo}</arg>
<doc>Logs the given message with the given level.</doc>
<status status="PASS" start="2024-04-20T15:13:29.586117" elapsed="0.000166"/>
</kw>
<var name="${keyTwo}">username</var>
<status status="PASS" start="2024-04-20T15:13:29.584548" elapsed="0.001948"/>
</iter>
<iter>
<kw name="Dictionary Should Contain Key" owner="Collections">
<msg time="2024-04-20T15:13:29.587392" level="INFO">False</msg>
<arg>${json_data['results'][0]['login']}</arg>
<arg>${keyTwo}</arg>
<doc>Fails if ``key`` is not found from ``dictionary``.</doc>
<status status="PASS" start="2024-04-20T15:13:29.586907" elapsed="0.000531"/>
</kw>
<kw name="Dictionary Should Contain Key" owner="Collections">
<msg time="2024-04-20T15:13:29.588123" level="INFO">False</msg>
<arg>${json_data['results'][0]['login']}</arg>
<arg>${keyTwo}</arg>
<doc>Fails if ``key`` is not found from ``dictionary``.</doc>
<status status="PASS" start="2024-04-20T15:13:29.587739" elapsed="0.000421"/>
</kw>
<kw name="Log" owner="BuiltIn">
<msg time="2024-04-20T15:13:29.588576" level="INFO">password</msg>
<arg>${keyTwo}</arg>
<doc>Logs the given message with the given level.</doc>
<status status="PASS" start="2024-04-20T15:13:29.588450" elapsed="0.000162"/>
</kw>
<var name="${keyTwo}">password</var>
<status status="PASS" start="2024-04-20T15:13:29.586703" elapsed="0.002123"/>
</iter>
<var>${keyTwo}</var>
<value>@{expected_keysTwo}</value>
<status status="PASS" start="2024-04-20T15:13:29.584397" elapsed="0.004548"/>
</for>
<status status="PASS" start="2024-04-20T15:13:29.498314" elapsed="0.090795"/>
</kw>
<doc>Testa a estrutura da resposta da API.</doc>
<tag>testeEstruturaResposta</tag>
<status status="PASS" start="2024-04-20T15:13:29.497806" elapsed="0.091463"/>
</test>
<test id="s1-s1-t4" name="Validar tipos de dados" line="28">
<kw name="Teste de Tipos de Dados" owner="random-user-service">
<kw name="GET On Session" owner="RequestsLibrary">
<msg time="2024-04-20T15:13:29.663213" level="INFO">GET Request : url=https://randomuser.me/api 
 path_url=/api 
 headers={'User-Agent': 'python-requests/2.31.0', 'Accept-Encoding': 'gzip, deflate', 'Accept': '*/*', 'Connection': 'keep-alive'} 
 body=None 
 </msg>
<msg time="2024-04-20T15:13:29.663318" level="INFO">GET Response : url=https://randomuser.me/api 
 status=200, reason=OK 
 headers={'Date': 'Sat, 20 Apr 2024 15:13:29 GMT', 'Content-Type': 'application/json; charset=utf-8', 'Transfer-Encoding': 'chunked', 'Connection': 'keep-alive', 'X-Powered-By': 'Express', 'Access-Control-Allow-Origin': '*', 'Cache-Control': 'no-cache', 'ETag': 'W/"4ad-GFqfFlLrx33OuaXvuQ48nVXeLeA"', 'Vary': 'Accept-Encoding', 'Content-Encoding': 'gzip', 'CF-Cache-Status': 'DYNAMIC', 'Report-To': '{"endpoints":[{"url":"https:\\/\\/a.nel.cloudflare.com\\/report\\/v4?s=OOWz5vdk%2FFDKt9HjwTP0bT0%2Fu6ylB215fwU%2BcheT2TJHBtgExLBypDS1pVW%2B9IjAXyBvN3nG8jbVeWV7y23DTUhAgqOxC4hd7v5967RI%2FvDL0U%2B0u5omrhqCPZfgdy6%2B"}],"group":"cf-nel","max_age":604800}', 'NEL': '{"success_fraction":0,"report_to":"cf-nel","max_age":604800}', 'Server': 'cloudflare', 'CF-RAY': '8776141ff9301ce2-ORD', 'alt-svc': 'h3=":443"; ma=86400'} 
 body={"results":[{"gender":"female","name":{"title":"Mrs","first":"Hilla","last":"Hakola"},"location":{"street":{"number":4025,"name":"Itsenäisyydenkatu"},"city":"Utajärvi","state":"North Karelia","country":"Finland","postcode":61818,"coordinates":{"latitude":"-22.8329","longitude":"86.1063"},"timezone":{"offset":"-4:00","description":"Atlantic Time (Canada), Caracas, La Paz"}},"email":"hilla.hakola@example.com","login":{"uuid":"419464e5-92de-40c6-a90d-92f7398692ce","username":"ticklishmeercat266","password":"151515","salt":"lY3dWAAM","md5":"bfe1deec1ba3d70c2ea6b0596992a70d","sha1":"831d00d4960ab638798cc1c1657c16a2c3094536","sha256":"b47c467693ef351fa588e7dbe1da7b0a2e78dc8be341b891d4789159a21510ef"},"dob":{"date":"1999-07-03T09:47:20.190Z","age":24},"registered":{"date":"2011-04-26T19:27:04.145Z","age":12},"phone":"06-546-178","cell":"044-665-84-37","id":{"name":"HETU","value":"NaNNA944undefined"},"picture":{"large":"https://randomuser.me/api/portraits/women/18.jpg","medium":"https://randomuser.me/api/portraits/med/women/18.jpg","thumbnail":"https://randomuser.me/api/portraits/thumb/women/18.jpg"},"nat":"FI"}],"info":{"seed":"d6679edabbc8755a","results":1,"page":1,"version":"1.4"}} 
 </msg>
<msg time="2024-04-20T15:13:29.663405" level="INFO">/opt/hostedtoolcache/Python/3.12.3/x64/lib/python3.12/site-packages/urllib3/connectionpool.py:1103: InsecureRequestWarning: Unverified HTTPS request is being made to host 'randomuser.me'. Adding certificate verification is strongly advised. See: https://urllib3.readthedocs.io/en/latest/advanced-usage.html#tls-warnings
  warnings.warn(</msg>
<msg time="2024-04-20T15:13:29.663541" level="INFO">${response} = &lt;Response [200]&gt;</msg>
<var>${response}</var>
<arg>consultarAPI</arg>
<arg>/api</arg>
<doc>Sends a GET request on a previously created HTTP Session.</doc>
<status status="PASS" start="2024-04-20T15:13:29.591726" elapsed="0.071862"/>
</kw>
<kw name="Set Variable" owner="BuiltIn">
<msg time="2024-04-20T15:13:29.664855" level="INFO">${json_data} = {'results': [{'gender': 'female', 'name': {'title': 'Mrs', 'first': 'Hilla', 'last': 'Hakola'}, 'location': {'street': {'number': 4025, 'name': 'Itsenäisyydenkatu'}, 'city': 'Utajärvi', 'state': 'Nort...</msg>
<var>${json_data}</var>
<arg>${response.json()}</arg>
<doc>Returns the given values which can then be assigned to a variables.</doc>
<status status="PASS" start="2024-04-20T15:13:29.664228" elapsed="0.000658"/>
</kw>
<kw name="Log" owner="BuiltIn">
<msg time="2024-04-20T15:13:29.665453" level="INFO">{'results': [{'gender': 'female', 'name': {'title': 'Mrs', 'first': 'Hilla', 'last': 'Hakola'}, 'location': {'street': {'number': 4025, 'name': 'Itsenäisyydenkatu'}, 'city': 'Utajärvi', 'state': 'North Karelia', 'country': 'Finland', 'postcode': 61818, 'coordinates': {'latitude': '-22.8329', 'longitude': '86.1063'}, 'timezone': {'offset': '-4:00', 'description': 'Atlantic Time (Canada), Caracas, La Paz'}}, 'email': 'hilla.hakola@example.com', 'login': {'uuid': '419464e5-92de-40c6-a90d-92f7398692ce', 'username': 'ticklishmeercat266', 'password': '151515', 'salt': 'lY3dWAAM', 'md5': 'bfe1deec1ba3d70c2ea6b0596992a70d', 'sha1': '831d00d4960ab638798cc1c1657c16a2c3094536', 'sha256': 'b47c467693ef351fa588e7dbe1da7b0a2e78dc8be341b891d4789159a21510ef'}, 'dob': {'date': '1999-07-03T09:47:20.190Z', 'age': 24}, 'registered': {'date': '2011-04-26T19:27:04.145Z', 'age': 12}, 'phone': '06-546-178', 'cell': '044-665-84-37', 'id': {'name': 'HETU', 'value': 'NaNNA944undefined'}, 'picture': {'large': 'https://randomuser.me/api/portraits/women/18.jpg', 'medium': 'https://randomuser.me/api/portraits/med/women/18.jpg', 'thumbnail': 'https://randomuser.me/api/portraits/thumb/women/18.jpg'}, 'nat': 'FI'}], 'info': {'seed': 'd6679edabbc8755a', 'results': 1, 'page': 1, 'version': '1.4'}}</msg>
<arg>${json_data}</arg>
<doc>Logs the given message with the given level.</doc>
<status status="PASS" start="2024-04-20T15:13:29.665282" elapsed="0.000260"/>
</kw>
<kw name="Should Be String" owner="String">
<arg>${json_data['results'][0]['gender']}</arg>
<doc>Fails if the given ``item`` is not a string.</doc>
<status status="PASS" start="2024-04-20T15:13:29.665861" elapsed="0.000378"/>
</kw>
<kw name="Should Match Regexp" owner="BuiltIn">
<arg>${json_data['results'][0]['email']}</arg>
<arg>^[a-zA-Z0-9._%+-]+@[a-zA-Z0-9.-]+\.[a-zA-Z]{2,}$</arg>
<doc>Fails if ``string`` does not match ``pattern`` as a regular expression.</doc>
<status status="PASS" start="2024-04-20T15:13:29.666436" elapsed="0.000536"/>
</kw>
<kw name="Should Match Regexp" owner="BuiltIn">
<arg>${json_data['results'][0]['dob']['date']}</arg>
<arg>\\d{4}-\\d{2}-\\d{2}T\\d{2}:\\d{2}:\\d{2}\\.\\d{3}Z</arg>
<doc>Fails if ``string`` does not match ``pattern`` as a regular expression.</doc>
<status status="PASS" start="2024-04-20T15:13:29.667167" elapsed="0.000488"/>
</kw>
<kw name="Should Match Regexp" owner="BuiltIn">
<arg>${json_data['results'][0]['registered']['date']}</arg>
<arg>\\d{4}-\\d{2}-\\d{2}T\\d{2}:\\d{2}:\\d{2}\\.\\d{3}Z</arg>
<doc>Fails if ``string`` does not match ``pattern`` as a regular expression.</doc>
<status status="PASS" start="2024-04-20T15:13:29.667844" elapsed="0.000369"/>
</kw>
<kw name="Should Match Regexp" owner="BuiltIn">
<arg>${json_data['results'][0]['picture']['large']}</arg>
<arg>^https?://.*\.(?:png|jpe?g|gif|bmp)$</arg>
<doc>Fails if ``string`` does not match ``pattern`` as a regular expression.</doc>
<status status="PASS" start="2024-04-20T15:13:29.668402" elapsed="0.000462"/>
</kw>
<kw name="Should Match Regexp" owner="BuiltIn">
<arg>${json_data['results'][0]['picture']['medium']}</arg>
<arg>^https?://.*\.(?:png|jpe?g|gif|bmp)$</arg>
<doc>Fails if ``string`` does not match ``pattern`` as a regular expression.</doc>
<status status="PASS" start="2024-04-20T15:13:29.669072" elapsed="0.000373"/>
</kw>
<kw name="Should Match Regexp" owner="BuiltIn">
<arg>${json_data['results'][0]['picture']['thumbnail']}</arg>
<arg>^https?://.*\.(?:png|jpe?g|gif|bmp)$</arg>
<doc>Fails if ``string`` does not match ``pattern`` as a regular expression.</doc>
<status status="PASS" start="2024-04-20T15:13:29.669636" elapsed="0.000353"/>
</kw>
<kw name="Log" owner="BuiltIn">
<msg time="2024-04-20T15:13:29.670492" level="INFO">{'large': 'https://randomuser.me/api/portraits/women/18.jpg', 'medium': 'https://randomuser.me/api/portraits/med/women/18.jpg', 'thumbnail': 'https://randomuser.me/api/portraits/thumb/women/18.jpg'}</msg>
<arg>${json_data['results'][0]['picture']}</arg>
<doc>Logs the given message with the given level.</doc>
<status status="PASS" start="2024-04-20T15:13:29.670170" elapsed="0.000363"/>
</kw>
<status status="PASS" start="2024-04-20T15:13:29.591497" elapsed="0.079296"/>
</kw>
<kw name="Teste de Tipos de Dados - Postcode" owner="random-user-service">
<kw name="GET On Session" owner="RequestsLibrary">
<msg time="2024-04-20T15:13:29.749260" level="INFO">GET Request : url=https://randomuser.me/api 
 path_url=/api 
 headers={'User-Agent': 'python-requests/2.31.0', 'Accept-Encoding': 'gzip, deflate', 'Accept': '*/*', 'Connection': 'keep-alive'} 
 body=None 
 </msg>
<msg time="2024-04-20T15:13:29.749369" level="INFO">GET Response : url=https://randomuser.me/api 
 status=200, reason=OK 
 headers={'Date': 'Sat, 20 Apr 2024 15:13:29 GMT', 'Content-Type': 'application/json; charset=utf-8', 'Transfer-Encoding': 'chunked', 'Connection': 'keep-alive', 'X-Powered-By': 'Express', 'Access-Control-Allow-Origin': '*', 'Cache-Control': 'no-cache', 'ETag': 'W/"4a1-Q8bix4wH9b9WCV7E5js5CUDujKg"', 'Vary': 'Accept-Encoding', 'Content-Encoding': 'gzip', 'CF-Cache-Status': 'DYNAMIC', 'Report-To': '{"endpoints":[{"url":"https:\\/\\/a.nel.cloudflare.com\\/report\\/v4?s=oqNztim%2BsmOtCFa%2FJuJ1LdXHRSCXyLCgTZtJuNG2qmGua%2FVbSuWt1%2FN9pTBEWcZAKIRoZgkiYo2qySCXrDux7zY500bxspIiBnub2Tey4ZD0bQukg9MDrXhNdiH2jL8g"}],"group":"cf-nel","max_age":604800}', 'NEL': '{"success_fraction":0,"report_to":"cf-nel","max_age":604800}', 'Server': 'cloudflare', 'CF-RAY': '8776142079ef1ce2-ORD', 'alt-svc': 'h3=":443"; ma=86400'} 
 body={"results":[{"gender":"female","name":{"title":"Mrs","first":"Tina","last":"Jakovljević"},"location":{"street":{"number":8784,"name":"Vinogradski Venac"},"city":"Zvečan","state":"Braničevo","country":"Serbia","postcode":68792,"coordinates":{"latitude":"60.2709","longitude":"56.9792"},"timezone":{"offset":"+1:00","description":"Brussels, Copenhagen, Madrid, Paris"}},"email":"tina.jakovljevic@example.com","login":{"uuid":"e397eef1-a802-4321-a4af-ce74adc3a18b","username":"whitepeacock927","password":"nintendo","salt":"Haiojhys","md5":"3f80bbd5acd2e1f87d376e0b4a740196","sha1":"69153f650a5f06a00cc14e605710a007082ad83d","sha256":"f96f8f530b61a80273bd8a65d5c2d4e2d2dae39fe6c23fc45e913035f714cfb3"},"dob":{"date":"1970-09-01T17:14:00.054Z","age":53},"registered":{"date":"2007-08-26T10:28:48.028Z","age":16},"phone":"038-1605-638","cell":"063-5987-088","id":{"name":"SID","value":"061300043"},"picture":{"large":"https://randomuser.me/api/portraits/women/62.jpg","medium":"https://randomuser.me/api/portraits/med/women/62.jpg","thumbnail":"https://randomuser.me/api/portraits/thumb/women/62.jpg"},"nat":"RS"}],"info":{"seed":"dce4fa71e27bfdce","results":1,"page":1,"version":"1.4"}} 
 </msg>
<msg time="2024-04-20T15:13:29.749453" level="INFO">/opt/hostedtoolcache/Python/3.12.3/x64/lib/python3.12/site-packages/urllib3/connectionpool.py:1103: InsecureRequestWarning: Unverified HTTPS request is being made to host 'randomuser.me'. Adding certificate verification is strongly advised. See: https://urllib3.readthedocs.io/en/latest/advanced-usage.html#tls-warnings
  warnings.warn(</msg>
<msg time="2024-04-20T15:13:29.749588" level="INFO">${response} = &lt;Response [200]&gt;</msg>
<var>${response}</var>
<arg>consultarAPI</arg>
<arg>/api</arg>
<doc>Sends a GET request on a previously created HTTP Session.</doc>
<status status="PASS" start="2024-04-20T15:13:29.671271" elapsed="0.078364"/>
</kw>
<kw name="Set Variable" owner="BuiltIn">
<msg time="2024-04-20T15:13:29.750930" level="INFO">${json_data} = {'results': [{'gender': 'female', 'name': {'title': 'Mrs', 'first': 'Tina', 'last': 'Jakovljević'}, 'location': {'street': {'number': 8784, 'name': 'Vinogradski Venac'}, 'city': 'Zvečan', 'state': 'Br...</msg>
<var>${json_data}</var>
<arg>${response.json()}</arg>
<doc>Returns the given values which can then be assigned to a variables.</doc>
<status status="PASS" start="2024-04-20T15:13:29.750316" elapsed="0.000645"/>
</kw>
<kw name="Log" owner="BuiltIn">
<msg time="2024-04-20T15:13:29.751479" level="INFO">{'results': [{'gender': 'female', 'name': {'title': 'Mrs', 'first': 'Tina', 'last': 'Jakovljević'}, 'location': {'street': {'number': 8784, 'name': 'Vinogradski Venac'}, 'city': 'Zvečan', 'state': 'Braničevo', 'country': 'Serbia', 'postcode': 68792, 'coordinates': {'latitude': '60.2709', 'longitude': '56.9792'}, 'timezone': {'offset': '+1:00', 'description': 'Brussels, Copenhagen, Madrid, Paris'}}, 'email': 'tina.jakovljevic@example.com', 'login': {'uuid': 'e397eef1-a802-4321-a4af-ce74adc3a18b', 'username': 'whitepeacock927', 'password': 'nintendo', 'salt': 'Haiojhys', 'md5': '3f80bbd5acd2e1f87d376e0b4a740196', 'sha1': '69153f650a5f06a00cc14e605710a007082ad83d', 'sha256': 'f96f8f530b61a80273bd8a65d5c2d4e2d2dae39fe6c23fc45e913035f714cfb3'}, 'dob': {'date': '1970-09-01T17:14:00.054Z', 'age': 53}, 'registered': {'date': '2007-08-26T10:28:48.028Z', 'age': 16}, 'phone': '038-1605-638', 'cell': '063-5987-088', 'id': {'name': 'SID', 'value': '061300043'}, 'picture': {'large': 'https://randomuser.me/api/portraits/women/62.jpg', 'medium': 'https://randomuser.me/api/portraits/med/women/62.jpg', 'thumbnail': 'https://randomuser.me/api/portraits/thumb/women/62.jpg'}, 'nat': 'RS'}], 'info': {'seed': 'dce4fa71e27bfdce', 'results': 1, 'page': 1, 'version': '1.4'}}</msg>
<arg>${json_data}</arg>
<doc>Logs the given message with the given level.</doc>
<status status="PASS" start="2024-04-20T15:13:29.751307" elapsed="0.000258"/>
</kw>
<kw name="Should Be Equal As Numbers" owner="BuiltIn">
<arg>${json_data['results'][0]['location']['postcode']}</arg>
<arg>${json_data['results'][0]['location']['postcode']}</arg>
<doc>Fails if objects are unequal after converting them to real numbers.</doc>
<status status="PASS" start="2024-04-20T15:13:29.752048" elapsed="0.000641"/>
</kw>
<kw name="Log" owner="BuiltIn">
<msg time="2024-04-20T15:13:29.753266" level="INFO">68792</msg>
<arg>${json_data['results'][0]['location']['postcode']}</arg>
<doc>Logs the given message with the given level.</doc>
<status status="PASS" start="2024-04-20T15:13:29.752885" elapsed="0.000423"/>
</kw>
<status status="PASS" start="2024-04-20T15:13:29.671030" elapsed="0.082540"/>
</kw>
<doc>Testa se os tipos de dados na resposta da API estão corretos.</doc>
<tag>testeTiposDados</tag>
<status status="PASS" start="2024-04-20T15:13:29.591038" elapsed="0.162701"/>
</test>
<test id="s1-s1-t5" name="Validar conteudo" line="35">
<kw name="Teste de Tipos de Conteudo" owner="random-user-service">
<kw name="GET On Session" owner="RequestsLibrary">
<msg time="2024-04-20T15:13:29.857108" level="INFO">GET Request : url=https://randomuser.me/api 
 path_url=/api 
 headers={'User-Agent': 'python-requests/2.31.0', 'Accept-Encoding': 'gzip, deflate', 'Accept': '*/*', 'Connection': 'keep-alive'} 
 body=None 
 </msg>
<msg time="2024-04-20T15:13:29.857211" level="INFO">GET Response : url=https://randomuser.me/api 
 status=200, reason=OK 
 headers={'Date': 'Sat, 20 Apr 2024 15:13:29 GMT', 'Content-Type': 'application/json; charset=utf-8', 'Transfer-Encoding': 'chunked', 'Connection': 'keep-alive', 'X-Powered-By': 'Express', 'Access-Control-Allow-Origin': '*', 'Cache-Control': 'no-cache', 'ETag': 'W/"48e-HBQB9BIRAZo8eKW9a7N0JN4n/lo"', 'Vary': 'Accept-Encoding', 'Content-Encoding': 'gzip', 'CF-Cache-Status': 'DYNAMIC', 'Report-To': '{"endpoints":[{"url":"https:\\/\\/a.nel.cloudflare.com\\/report\\/v4?s=3ML8v%2FNCCQJIKMu7LbHBCQP6wTsT7%2FawJU%2BuySSA6tcttYOuPDkUbnSSL7Qrpaytl5qn4J%2BEGmyMLe95tg2vz0OP3dKWyZq0gQjvFJdlIo6811I2RVc2GsCgscP1PPLt"}],"group":"cf-nel","max_age":604800}', 'NEL': '{"success_fraction":0,"report_to":"cf-nel","max_age":604800}', 'Server': 'cloudflare', 'CF-RAY': '877614210aaf1ce2-ORD', 'alt-svc': 'h3=":443"; ma=86400'} 
 body={"results":[{"gender":"male","name":{"title":"Mr","first":"Paul","last":"Perry"},"location":{"street":{"number":1083,"name":"Forest Ln"},"city":"Rockhampton","state":"New South Wales","country":"Australia","postcode":6073,"coordinates":{"latitude":"-86.2537","longitude":"-145.9822"},"timezone":{"offset":"+1:00","description":"Brussels, Copenhagen, Madrid, Paris"}},"email":"paul.perry@example.com","login":{"uuid":"cb714b3c-54f6-49f3-9106-0446429372dc","username":"angrygorilla103","password":"astra","salt":"vr9zJ8nx","md5":"5f9d54bcc32d2309dd4fd6e53f39b55b","sha1":"e11ee27a712cebae6c9c2e22c365b7c519196b8f","sha256":"aa96c73c6d5dabd2f1523e1e71b54578475c1d2b404cc088c9b4eae24261f0e8"},"dob":{"date":"1959-04-02T08:03:12.820Z","age":65},"registered":{"date":"2007-07-04T03:17:11.934Z","age":16},"phone":"03-1524-1878","cell":"0428-874-334","id":{"name":"TFN","value":"694831441"},"picture":{"large":"https://randomuser.me/api/portraits/men/42.jpg","medium":"https://randomuser.me/api/portraits/med/men/42.jpg","thumbnail":"https://randomuser.me/api/portraits/thumb/men/42.jpg"},"nat":"AU"}],"info":{"seed":"164c1a7db102ca06","results":1,"page":1,"version":"1.4"}} 
 </msg>
<msg time="2024-04-20T15:13:29.857287" level="INFO">/opt/hostedtoolcache/Python/3.12.3/x64/lib/python3.12/site-packages/urllib3/connectionpool.py:1103: InsecureRequestWarning: Unverified HTTPS request is being made to host 'randomuser.me'. Adding certificate verification is strongly advised. See: https://urllib3.readthedocs.io/en/latest/advanced-usage.html#tls-warnings
  warnings.warn(</msg>
<msg time="2024-04-20T15:13:29.857413" level="INFO">${response} = &lt;Response [200]&gt;</msg>
<var>${response}</var>
<arg>consultarAPI</arg>
<arg>/api</arg>
<doc>Sends a GET request on a previously created HTTP Session.</doc>
<status status="PASS" start="2024-04-20T15:13:29.756295" elapsed="0.101157"/>
</kw>
<kw name="Set Variable" owner="BuiltIn">
<msg time="2024-04-20T15:13:29.858634" level="INFO">${json_data} = {'results': [{'gender': 'male', 'name': {'title': 'Mr', 'first': 'Paul', 'last': 'Perry'}, 'location': {'street': {'number': 1083, 'name': 'Forest Ln'}, 'city': 'Rockhampton', 'state': 'New South Wale...</msg>
<var>${json_data}</var>
<arg>${response.json()}</arg>
<doc>Returns the given values which can then be assigned to a variables.</doc>
<status status="PASS" start="2024-04-20T15:13:29.858084" elapsed="0.000579"/>
</kw>
<kw name="Set Variable" owner="BuiltIn">
<msg time="2024-04-20T15:13:29.859367" level="INFO">${name_title} = Mr</msg>
<var>${name_title}</var>
<arg>${json_data["results"][0]["name"]["title"]}</arg>
<doc>Returns the given values which can then be assigned to a variables.</doc>
<status status="PASS" start="2024-04-20T15:13:29.858976" elapsed="0.000417"/>
</kw>
<kw name="Create List" owner="BuiltIn">
<msg time="2024-04-20T15:13:29.859835" level="INFO">${allowed_titles} = ['Mr', 'Ms', 'Miss', 'Mrs', 'Madame', 'Monsieur']</msg>
<var>${allowed_titles}</var>
<arg>Mr</arg>
<arg>Ms</arg>
<arg>Miss</arg>
<arg>Mrs</arg>
<arg>Madame</arg>
<arg>Monsieur</arg>
<doc>Returns a list containing given items.</doc>
<status status="PASS" start="2024-04-20T15:13:29.859686" elapsed="0.000174"/>
</kw>
<kw name="List Should Contain Value" owner="Collections">
<msg time="2024-04-20T15:13:29.860330" level="INFO">False</msg>
<arg>${allowed_titles}</arg>
<arg>${name_title}</arg>
<doc>Fails if the ``value`` is not found from ``list``.</doc>
<status status="PASS" start="2024-04-20T15:13:29.860157" elapsed="0.000210"/>
</kw>
<kw name="Set Variable" owner="BuiltIn">
<msg time="2024-04-20T15:13:29.861037" level="INFO">${name_country} = AU</msg>
<var>${name_country}</var>
<arg>${json_data["results"][0]["nat"]}</arg>
<doc>Returns the given values which can then be assigned to a variables.</doc>
<status status="PASS" start="2024-04-20T15:13:29.860651" elapsed="0.000443"/>
</kw>
<kw name="Create List" owner="BuiltIn">
<msg time="2024-04-20T15:13:29.862002" level="INFO">${list_country} = ['AD', 'AE', 'AF', 'AG', 'AI', 'AL', 'AM', 'AO', 'AQ', 'AR', 'AS', 'AT', 'AU', 'AW', 'AX', 'AZ', 'BA', 'BB', 'BD', 'BE', 'BF', 'BG', 'BH', 'BI', 'BJ', 'BL', 'BM', 'BN', 'BO', 'BQ', 'BR', 'BS', 'BT', '...</msg>
<var>${list_country}</var>
<arg>AD</arg>
<arg>AE</arg>
<arg>AF</arg>
<arg>AG</arg>
<arg>AI</arg>
<arg>AL</arg>
<arg>AM</arg>
<arg>AO</arg>
<arg>AQ</arg>
<arg>AR</arg>
<arg>AS</arg>
<arg>AT</arg>
<arg>AU</arg>
<arg>AW</arg>
<arg>AX</arg>
<arg>AZ</arg>
<arg>BA</arg>
<arg>BB</arg>
<arg>BD</arg>
<arg>BE</arg>
<arg>BF</arg>
<arg>BG</arg>
<arg>BH</arg>
<arg>BI</arg>
<arg>BJ</arg>
<arg>BL</arg>
<arg>BM</arg>
<arg>BN</arg>
<arg>BO</arg>
<arg>BQ</arg>
<arg>BR</arg>
<arg>BS</arg>
<arg>BT</arg>
<arg>BV</arg>
<arg>BW</arg>
<arg>BY</arg>
<arg>BZ</arg>
<arg>CA</arg>
<arg>CC</arg>
<arg>CD</arg>
<arg>CF</arg>
<arg>CG</arg>
<arg>CH</arg>
<arg>CI</arg>
<arg>CK</arg>
<arg>CL</arg>
<arg>CM</arg>
<arg>CN</arg>
<arg>CO</arg>
<arg>CR</arg>
<arg>CU</arg>
<arg>CV</arg>
<arg>CW</arg>
<arg>CX</arg>
<arg>CY</arg>
<arg>CZ</arg>
<arg>DE</arg>
<arg>DJ</arg>
<arg>DK</arg>
<arg>DM</arg>
<arg>DO</arg>
<arg>DZ</arg>
<arg>EC</arg>
<arg>EE</arg>
<arg>EG</arg>
<arg>EH</arg>
<arg>ER</arg>
<arg>ES</arg>
<arg>ET</arg>
<arg>FI</arg>
<arg>FJ</arg>
<arg>FK</arg>
<arg>FM</arg>
<arg>FO</arg>
<arg>FR</arg>
<arg>GA</arg>
<arg>GB</arg>
<arg>GD</arg>
<arg>GE</arg>
<arg>GF</arg>
<arg>GG</arg>
<arg>GH</arg>
<arg>GI</arg>
<arg>GL</arg>
<arg>GM</arg>
<arg>GN</arg>
<arg>GP</arg>
<arg>GQ</arg>
<arg>GR</arg>
<arg>GS</arg>
<arg>GT</arg>
<arg>GU</arg>
<arg>GW</arg>
<arg>GY</arg>
<arg>HK</arg>
<arg>HM</arg>
<arg>HN</arg>
<arg>HR</arg>
<arg>HT</arg>
<arg>HU</arg>
<arg>ID</arg>
<arg>IE</arg>
<arg>IL</arg>
<arg>IM</arg>
<arg>IN</arg>
<arg>IO</arg>
<arg>IQ</arg>
<arg>IR</arg>
<arg>IS</arg>
<arg>IT</arg>
<arg>JE</arg>
<arg>JM</arg>
<arg>JO</arg>
<arg>JP</arg>
<arg>KE</arg>
<arg>KG</arg>
<arg>KH</arg>
<arg>KI</arg>
<arg>KM</arg>
<arg>KN</arg>
<arg>KP</arg>
<arg>KR</arg>
<arg>KW</arg>
<arg>KY</arg>
<arg>KZ</arg>
<arg>LA</arg>
<arg>LB</arg>
<arg>LC</arg>
<arg>LI</arg>
<arg>LK</arg>
<arg>LR</arg>
<arg>LS</arg>
<arg>LT</arg>
<arg>LU</arg>
<arg>LV</arg>
<arg>LY</arg>
<arg>MA</arg>
<arg>MC</arg>
<arg>MD</arg>
<arg>ME</arg>
<arg>MF</arg>
<arg>MG</arg>
<arg>MH</arg>
<arg>MK</arg>
<arg>ML</arg>
<arg>MM</arg>
<arg>MN</arg>
<arg>MO</arg>
<arg>MP</arg>
<arg>MQ</arg>
<arg>MR</arg>
<arg>MS</arg>
<arg>MT</arg>
<arg>MU</arg>
<arg>MV</arg>
<arg>MW</arg>
<arg>MX</arg>
<arg>MY</arg>
<arg>MZ</arg>
<arg>NA</arg>
<arg>NC</arg>
<arg>NE</arg>
<arg>NF</arg>
<arg>NG</arg>
<arg>NI</arg>
<arg>NL</arg>
<arg>NO</arg>
<arg>NP</arg>
<arg>NR</arg>
<arg>NU</arg>
<arg>NZ</arg>
<arg>OM</arg>
<arg>PA</arg>
<arg>PE</arg>
<arg>PF</arg>
<arg>PG</arg>
<arg>PH</arg>
<arg>PK</arg>
<arg>PL</arg>
<arg>PM</arg>
<arg>PN</arg>
<arg>PR</arg>
<arg>PS</arg>
<arg>PT</arg>
<arg>PW</arg>
<arg>PY</arg>
<arg>QA</arg>
<arg>RE</arg>
<arg>RO</arg>
<arg>RS</arg>
<arg>RU</arg>
<arg>RW</arg>
<arg>SA</arg>
<arg>SB</arg>
<arg>SC</arg>
<arg>SD</arg>
<arg>SE</arg>
<arg>SG</arg>
<arg>SH</arg>
<arg>SI</arg>
<arg>SJ</arg>
<arg>SK</arg>
<arg>SL</arg>
<arg>SM</arg>
<arg>SN</arg>
<arg>SO</arg>
<arg>SR</arg>
<arg>SS</arg>
<arg>ST</arg>
<arg>SV</arg>
<arg>SX</arg>
<arg>SY</arg>
<arg>SZ</arg>
<arg>TC</arg>
<arg>TD</arg>
<arg>TF</arg>
<arg>TG</arg>
<arg>TH</arg>
<arg>TJ</arg>
<arg>TK</arg>
<arg>TL</arg>
<arg>TM</arg>
<arg>TN</arg>
<arg>TO</arg>
<arg>TR</arg>
<arg>TT</arg>
<arg>TV</arg>
<arg>TW</arg>
<arg>TZ</arg>
<arg>UA</arg>
<arg>UG</arg>
<arg>UM</arg>
<arg>US</arg>
<arg>UY</arg>
<arg>UZ</arg>
<arg>VA</arg>
<arg>VC</arg>
<arg>VE</arg>
<arg>VG</arg>
<arg>VI</arg>
<arg>VN</arg>
<arg>VU</arg>
<arg>WF</arg>
<arg>WS</arg>
<arg>XK</arg>
<arg>YE</arg>
<arg>YT</arg>
<arg>ZA</arg>
<arg>ZM</arg>
<arg>ZW</arg>
<doc>Returns a list containing given items.</doc>
<status status="PASS" start="2024-04-20T15:13:29.861412" elapsed="0.000617"/>
</kw>
<kw name="List Should Contain Value" owner="Collections">
<msg time="2024-04-20T15:13:29.863011" level="INFO">False</msg>
<arg>${list_country}</arg>
<arg>${name_country}</arg>
<doc>Fails if the ``value`` is not found from ``list``.</doc>
<status status="PASS" start="2024-04-20T15:13:29.862814" elapsed="0.000234"/>
</kw>
<kw name="Run Keyword If" owner="BuiltIn">
<kw name="Should Be True" owner="BuiltIn">
<arg>${True}</arg>
<doc>Fails if the given condition is not true.</doc>
<status status="PASS" start="2024-04-20T15:13:29.864124" elapsed="0.000266"/>
</kw>
<arg>${json_data["results"][0]["location"]["coordinates"]["latitude"]} &gt;= -90 and ${json_data["results"][0]["location"]["coordinates"]["latitude"]} &lt;= 90</arg>
<arg>Should Be True</arg>
<arg>${True}</arg>
<doc>Runs the given keyword with the given arguments, if ``condition`` is true.</doc>
<status status="PASS" start="2024-04-20T15:13:29.863359" elapsed="0.001164"/>
</kw>
<kw name="Run Keyword If" owner="BuiltIn">
<kw name="Should Be True" owner="BuiltIn">
<arg>${True}</arg>
<doc>Fails if the given condition is not true.</doc>
<status status="PASS" start="2024-04-20T15:13:29.865454" elapsed="0.000139"/>
</kw>
<arg>${json_data["results"][0]["location"]["coordinates"]["longitude"]} &gt;= -180 and ${json_data["results"][0]["location"]["coordinates"]["longitude"]} &lt;= 180</arg>
<arg>Should Be True</arg>
<arg>${True}</arg>
<doc>Runs the given keyword with the given arguments, if ``condition`` is true.</doc>
<status status="PASS" start="2024-04-20T15:13:29.864713" elapsed="0.001013"/>
</kw>
<status status="PASS" start="2024-04-20T15:13:29.756062" elapsed="0.109797"/>
</kw>
<doc>Testa o conteúdo específico dos campos retornados pela API.</doc>
<tag>testeConteudo</tag>
<status status="PASS" start="2024-04-20T15:13:29.755522" elapsed="0.110493"/>
</test>
<status status="PASS" start="2024-04-20T15:13:28.806643" elapsed="1.061361"/>
</suite>
<status status="PASS" start="2024-04-20T15:13:28.792717" elapsed="1.080518"/>
</suite>
<statistics>
<total>
<stat pass="5" fail="0" skip="0">All Tests</stat>
</total>
<tag>
<stat pass="1" fail="0" skip="0">testeConteudo</stat>
<stat pass="1" fail="0" skip="0">testeEstruturaResposta</stat>
<stat pass="1" fail="0" skip="0">testeRequisicaoBasica</stat>
<stat pass="1" fail="0" skip="0">testeTiposDados</stat>
</tag>
<suite>
<stat pass="5" fail="0" skip="0" id="s1" name="Tests">Tests</stat>
<stat pass="5" fail="0" skip="0" id="s1-s1" name="Random-User-Test">Tests.Random-User-Test</stat>
</suite>
</statistics>
<errors>
</errors>
</robot>
