<?xml version="1.0" encoding="UTF-8"?>
<robot generator="Robot 7.0.1 (Python 3.12.4 on linux)" generated="2024-07-20T21:13:39.270338" rpa="false" schemaversion="5">
<suite id="s1" name="Tests" source="/home/runner/work/ApiRandomUser/ApiRandomUser/RamdonUser/tests">
<suite id="s1-s1" name="Random-User-Test" source="/home/runner/work/ApiRandomUser/ApiRandomUser/RamdonUser/tests/random-user-test.robot">
<test id="s1-s1-t1" name="Conectar" line="13">
<kw name="Conectar API" owner="random-user-service">
<kw name="Create Session" owner="RequestsLibrary">
<msg time="2024-07-20T21:13:39.692610" level="INFO">Creating Session using : alias=consultarAPI, url=https://randomuser.me/, headers={},                     cookies={}, auth=None, timeout=None, proxies=None, verify=False,                     debug=0 </msg>
<arg>consultarAPI</arg>
<arg>${URL}</arg>
<doc>Create Session: create a HTTP session to a server</doc>
<status status="PASS" start="2024-07-20T21:13:39.692398" elapsed="0.000404"/>
</kw>
<status status="PASS" start="2024-07-20T21:13:39.691306" elapsed="0.001871"/>
</kw>
<status status="PASS" start="2024-07-20T21:13:39.690704" elapsed="0.002670"/>
</test>
<test id="s1-s1-t2" name="Validar retorno 200 e JSON Válido" line="16">
<kw name="Teste de Requisicao Basica" owner="random-user-service">
<kw name="GET On Session" owner="RequestsLibrary">
<msg time="2024-07-20T21:13:39.816102" level="INFO">GET Request : url=https://randomuser.me/api 
 path_url=/api 
 headers={'User-Agent': 'python-requests/2.32.3', 'Accept-Encoding': 'gzip, deflate', 'Accept': '*/*', 'Connection': 'keep-alive'} 
 body=None 
 </msg>
<msg time="2024-07-20T21:13:39.816286" level="INFO">GET Response : url=https://randomuser.me/api 
 status=200, reason=OK 
 headers={'Date': 'Sat, 20 Jul 2024 21:13:39 GMT', 'Content-Type': 'application/json; charset=utf-8', 'Transfer-Encoding': 'chunked', 'Connection': 'keep-alive', 'X-Powered-By': 'Express', 'Access-Control-Allow-Origin': '*', 'Cache-Control': 'no-cache', 'ETag': 'W/"4a3-j50yxl2IBpkL3+hLOFQwuWyMBpI"', 'Vary': 'Accept-Encoding', 'Content-Encoding': 'gzip', 'CF-Cache-Status': 'DYNAMIC', 'Report-To': '{"endpoints":[{"url":"https:\\/\\/a.nel.cloudflare.com\\/report\\/v4?s=L0khpLpuWl6lN57v6KJEWWEwOq2xZ2GaxYAryEZP17iRyxw4a6fm8ErEMbKvcOh7r3oFKK0BYAP3Ed1E%2Fngy37Gf%2B86J3DLli3PLgniySJxOGW54T1rJWZd%2Fu%2BXZPONM"}],"group":"cf-nel","max_age":604800}', 'NEL': '{"success_fraction":0,"report_to":"cf-nel","max_age":604800}', 'Server': 'cloudflare', 'CF-RAY': '8a65f4d74b6d7ac4-SJC', 'alt-svc': 'h3=":443"; ma=86400'} 
 body={"results":[{"gender":"male","name":{"title":"Mr","first":"Leslie","last":"Perez"},"location":{"street":{"number":6910,"name":"Spring Hill Rd"},"city":"Daly City","state":"South Carolina","country":"United States","postcode":78063,"coordinates":{"latitude":"81.5486","longitude":"-179.0102"},"timezone":{"offset":"-4:00","description":"Atlantic Time (Canada), Caracas, La Paz"}},"email":"leslie.perez@example.com","login":{"uuid":"9b4bc3cc-af84-49fe-a4e6-5475b0cd64ad","username":"tinygorilla409","password":"cuddles","salt":"O7FqM85k","md5":"1a4e97d4d72c9099165e69f6af85f3d5","sha1":"12ced0f9ba73206df8d813fa6630c6ffaae4e877","sha256":"ff2b99f9671923113091aeb7a66e5c26495577ddfb4de66f62910973a1ff71be"},"dob":{"date":"1961-07-09T12:48:11.827Z","age":63},"registered":{"date":"2012-01-06T18:28:31.641Z","age":12},"phone":"(707) 832-6825","cell":"(277) 388-1368","id":{"name":"SSN","value":"072-87-7930"},"picture":{"large":"https://randomuser.me/api/portraits/men/33.jpg","medium":"https://randomuser.me/api/portraits/med/men/33.jpg","thumbnail":"https://randomuser.me/api/portraits/thumb/men/33.jpg"},"nat":"US"}],"info":{"seed":"8d8897b04425ffa6","results":1,"page":1,"version":"1.4"}} 
 </msg>
<msg time="2024-07-20T21:13:39.816423" level="INFO">/opt/hostedtoolcache/Python/3.12.4/x64/lib/python3.12/site-packages/urllib3/connectionpool.py:1099: InsecureRequestWarning: Unverified HTTPS request is being made to host 'randomuser.me'. Adding certificate verification is strongly advised. See: https://urllib3.readthedocs.io/en/latest/advanced-usage.html#tls-warnings
  warnings.warn(</msg>
<msg time="2024-07-20T21:13:39.816626" level="INFO">${response} = &lt;Response [200]&gt;</msg>
<var>${response}</var>
<arg>consultarAPI</arg>
<arg>/api</arg>
<doc>Sends a GET request on a previously created HTTP Session.</doc>
<status status="PASS" start="2024-07-20T21:13:39.696029" elapsed="0.120646"/>
</kw>
<kw name="Should Be Equal As Numbers" owner="BuiltIn">
<msg time="2024-07-20T21:13:39.817722" level="INFO">Argument types are:
&lt;class 'int'&gt;
&lt;class 'str'&gt;</msg>
<arg>${response.status_code}</arg>
<arg>200</arg>
<doc>Fails if objects are unequal after converting them to real numbers.</doc>
<status status="PASS" start="2024-07-20T21:13:39.817229" elapsed="0.000562"/>
</kw>
<kw name="Log" owner="BuiltIn">
<msg time="2024-07-20T21:13:39.818478" level="INFO">200</msg>
<arg>${response.status_code}</arg>
<doc>Logs the given message with the given level.</doc>
<status status="PASS" start="2024-07-20T21:13:39.818124" elapsed="0.000398"/>
</kw>
<kw name="Set Variable" owner="BuiltIn">
<msg time="2024-07-20T21:13:39.819279" level="INFO">${json_data} = {'results': [{'gender': 'male', 'name': {'title': 'Mr', 'first': 'Leslie', 'last': 'Perez'}, 'location': {'street': {'number': 6910, 'name': 'Spring Hill Rd'}, 'city': 'Daly City', 'state': 'South Car...</msg>
<var>${json_data}</var>
<arg>${response.json()}</arg>
<doc>Returns the given values which can then be assigned to a variables.</doc>
<status status="PASS" start="2024-07-20T21:13:39.818829" elapsed="0.000478"/>
</kw>
<kw name="Dictionary Should Contain Key" owner="Collections">
<arg>${json_data}</arg>
<arg>results</arg>
<doc>Fails if ``key`` is not found from ``dictionary``.</doc>
<status status="PASS" start="2024-07-20T21:13:39.819606" elapsed="0.000329"/>
</kw>
<status status="PASS" start="2024-07-20T21:13:39.695773" elapsed="0.124326"/>
</kw>
<doc>Testa se a API responde corretamente e retorna um objeto JSON válido.</doc>
<tag>testeRequisicaoBasica</tag>
<status status="PASS" start="2024-07-20T21:13:39.695271" elapsed="0.125004"/>
</test>
<test id="s1-s1-t3" name="Validar estrutura de resposta" line="22">
<kw name="Teste de Estrutura de Resposta" owner="random-user-service">
<kw name="GET On Session" owner="RequestsLibrary">
<msg time="2024-07-20T21:13:39.933230" level="INFO">GET Request : url=https://randomuser.me/api 
 path_url=/api 
 headers={'User-Agent': 'python-requests/2.32.3', 'Accept-Encoding': 'gzip, deflate', 'Accept': '*/*', 'Connection': 'keep-alive'} 
 body=None 
 </msg>
<msg time="2024-07-20T21:13:39.933335" level="INFO">GET Response : url=https://randomuser.me/api 
 status=200, reason=OK 
 headers={'Date': 'Sat, 20 Jul 2024 21:13:39 GMT', 'Content-Type': 'application/json; charset=utf-8', 'Transfer-Encoding': 'chunked', 'Connection': 'keep-alive', 'X-Powered-By': 'Express', 'Access-Control-Allow-Origin': '*', 'Cache-Control': 'no-cache', 'ETag': 'W/"4ab-HFr8girXjgCy4vfmF7xV5K9Vh9Y"', 'Vary': 'Accept-Encoding', 'Content-Encoding': 'gzip', 'CF-Cache-Status': 'DYNAMIC', 'Report-To': '{"endpoints":[{"url":"https:\\/\\/a.nel.cloudflare.com\\/report\\/v4?s=ie5WjvjgOAbO8nbyPu2RjfTjjnFPjLRs7g5RUL8LhsrxWrU0%2BL6clG3CpCybbU1%2FivZf51J8t4S1FTDajw78v%2FqLWaX4nz6eHC%2Btk1I9E72JbN50NayXN3GzEahO1Zte"}],"group":"cf-nel","max_age":604800}', 'NEL': '{"success_fraction":0,"report_to":"cf-nel","max_age":604800}', 'Server': 'cloudflare', 'CF-RAY': '8a65f4d7ebd07ac4-SJC', 'alt-svc': 'h3=":443"; ma=86400'} 
 body={"results":[{"gender":"female","name":{"title":"Miss","first":"Zilda","last":"da Conceição"},"location":{"street":{"number":380,"name":"Rua Treze "},"city":"Ji-Paraná","state":"Piauí","country":"Brazil","postcode":42232,"coordinates":{"latitude":"-75.9907","longitude":"161.5079"},"timezone":{"offset":"+11:00","description":"Magadan, Solomon Islands, New Caledonia"}},"email":"zilda.daconceicao@example.com","login":{"uuid":"f32f0d7a-5e80-436c-be40-c5a6a01dfa34","username":"angryrabbit385","password":"compton","salt":"6IdoAYD4","md5":"160dfccc4f4303c9d73b403c24a057fb","sha1":"0e56ba8ea74d5e8dfda75339e0b2fc65ec5de9e7","sha256":"bdf4292d8e6e7804896b250ada0753e5558debeb420f98fe55bae3eb50ae65fd"},"dob":{"date":"1982-10-04T17:15:05.865Z","age":41},"registered":{"date":"2010-05-17T20:14:43.017Z","age":14},"phone":"(01) 8962-2570","cell":"(50) 9437-1489","id":{"name":"CPF","value":"071.978.205-57"},"picture":{"large":"https://randomuser.me/api/portraits/women/62.jpg","medium":"https://randomuser.me/api/portraits/med/women/62.jpg","thumbnail":"https://randomuser.me/api/portraits/thumb/women/62.jpg"},"nat":"BR"}],"info":{"seed":"09048838e281ff5c","results":1,"page":1,"version":"1.4"}} 
 </msg>
<msg time="2024-07-20T21:13:39.933471" level="INFO">/opt/hostedtoolcache/Python/3.12.4/x64/lib/python3.12/site-packages/urllib3/connectionpool.py:1099: InsecureRequestWarning: Unverified HTTPS request is being made to host 'randomuser.me'. Adding certificate verification is strongly advised. See: https://urllib3.readthedocs.io/en/latest/advanced-usage.html#tls-warnings
  warnings.warn(</msg>
<msg time="2024-07-20T21:13:39.933612" level="INFO">${response} = &lt;Response [200]&gt;</msg>
<var>${response}</var>
<arg>consultarAPI</arg>
<arg>/api</arg>
<doc>Sends a GET request on a previously created HTTP Session.</doc>
<status status="PASS" start="2024-07-20T21:13:39.823323" elapsed="0.110330"/>
</kw>
<kw name="Set Variable" owner="BuiltIn">
<msg time="2024-07-20T21:13:39.934865" level="INFO">${json_data} = {'results': [{'gender': 'female', 'name': {'title': 'Miss', 'first': 'Zilda', 'last': 'da Conceição'}, 'location': {'street': {'number': 380, 'name': 'Rua Treze '}, 'city': 'Ji-Paraná', 'state': 'Piau...</msg>
<var>${json_data}</var>
<arg>${response.json()}</arg>
<doc>Returns the given values which can then be assigned to a variables.</doc>
<status status="PASS" start="2024-07-20T21:13:39.934285" elapsed="0.000611"/>
</kw>
<kw name="Log" owner="BuiltIn">
<msg time="2024-07-20T21:13:39.935383" level="INFO">{'results': [{'gender': 'female', 'name': {'title': 'Miss', 'first': 'Zilda', 'last': 'da Conceição'}, 'location': {'street': {'number': 380, 'name': 'Rua Treze '}, 'city': 'Ji-Paraná', 'state': 'Piauí', 'country': 'Brazil', 'postcode': 42232, 'coordinates': {'latitude': '-75.9907', 'longitude': '161.5079'}, 'timezone': {'offset': '+11:00', 'description': 'Magadan, Solomon Islands, New Caledonia'}}, 'email': 'zilda.daconceicao@example.com', 'login': {'uuid': 'f32f0d7a-5e80-436c-be40-c5a6a01dfa34', 'username': 'angryrabbit385', 'password': 'compton', 'salt': '6IdoAYD4', 'md5': '160dfccc4f4303c9d73b403c24a057fb', 'sha1': '0e56ba8ea74d5e8dfda75339e0b2fc65ec5de9e7', 'sha256': 'bdf4292d8e6e7804896b250ada0753e5558debeb420f98fe55bae3eb50ae65fd'}, 'dob': {'date': '1982-10-04T17:15:05.865Z', 'age': 41}, 'registered': {'date': '2010-05-17T20:14:43.017Z', 'age': 14}, 'phone': '(01) 8962-2570', 'cell': '(50) 9437-1489', 'id': {'name': 'CPF', 'value': '071.978.205-57'}, 'picture': {'large': 'https://randomuser.me/api/portraits/women/62.jpg', 'medium': 'https://randomuser.me/api/portraits/med/women/62.jpg', 'thumbnail': 'https://randomuser.me/api/portraits/thumb/women/62.jpg'}, 'nat': 'BR'}], 'info': {'seed': '09048838e281ff5c', 'results': 1, 'page': 1, 'version': '1.4'}}</msg>
<arg>${json_data}</arg>
<doc>Logs the given message with the given level.</doc>
<status status="PASS" start="2024-07-20T21:13:39.935212" elapsed="0.000231"/>
</kw>
<kw name="Dictionary Should Contain Key" owner="Collections">
<arg>${json_data}</arg>
<arg>results</arg>
<doc>Fails if ``key`` is not found from ``dictionary``.</doc>
<status status="PASS" start="2024-07-20T21:13:39.935743" elapsed="0.000164"/>
</kw>
<kw name="Should Not Be Empty" owner="BuiltIn">
<msg time="2024-07-20T21:13:39.936223" level="INFO">Length is 2.</msg>
<arg>${json_data}</arg>
<doc>Verifies that the given item is not empty.</doc>
<status status="PASS" start="2024-07-20T21:13:39.936098" elapsed="0.000162"/>
</kw>
<kw name="Create List" owner="BuiltIn">
<msg time="2024-07-20T21:13:39.936756" level="INFO">${expected_keys} = ['gender', 'name', 'location', 'email', 'login']</msg>
<var>${expected_keys}</var>
<arg>gender</arg>
<arg>name</arg>
<arg>location</arg>
<arg>email</arg>
<arg>login</arg>
<doc>Returns a list containing given items.</doc>
<status status="PASS" start="2024-07-20T21:13:39.936604" elapsed="0.000176"/>
</kw>
<for flavor="IN">
<iter>
<kw name="Dictionary Should Contain Key" owner="Collections">
<arg>${json_data['results'][0]}</arg>
<arg>${key}</arg>
<doc>Fails if ``key`` is not found from ``dictionary``.</doc>
<status status="PASS" start="2024-07-20T21:13:39.937368" elapsed="0.000417"/>
</kw>
<kw name="Log" owner="BuiltIn">
<msg time="2024-07-20T21:13:39.938334" level="INFO">{'gender': 'female', 'name': {'title': 'Miss', 'first': 'Zilda', 'last': 'da Conceição'}, 'location': {'street': {'number': 380, 'name': 'Rua Treze '}, 'city': 'Ji-Paraná', 'state': 'Piauí', 'country': 'Brazil', 'postcode': 42232, 'coordinates': {'latitude': '-75.9907', 'longitude': '161.5079'}, 'timezone': {'offset': '+11:00', 'description': 'Magadan, Solomon Islands, New Caledonia'}}, 'email': 'zilda.daconceicao@example.com', 'login': {'uuid': 'f32f0d7a-5e80-436c-be40-c5a6a01dfa34', 'username': 'angryrabbit385', 'password': 'compton', 'salt': '6IdoAYD4', 'md5': '160dfccc4f4303c9d73b403c24a057fb', 'sha1': '0e56ba8ea74d5e8dfda75339e0b2fc65ec5de9e7', 'sha256': 'bdf4292d8e6e7804896b250ada0753e5558debeb420f98fe55bae3eb50ae65fd'}, 'dob': {'date': '1982-10-04T17:15:05.865Z', 'age': 41}, 'registered': {'date': '2010-05-17T20:14:43.017Z', 'age': 14}, 'phone': '(01) 8962-2570', 'cell': '(50) 9437-1489', 'id': {'name': 'CPF', 'value': '071.978.205-57'}, 'picture': {'large': 'https://randomuser.me/api/portraits/women/62.jpg', 'medium': 'https://randomuser.me/api/portraits/med/women/62.jpg', 'thumbnail': 'https://randomuser.me/api/portraits/thumb/women/62.jpg'}, 'nat': 'BR'}</msg>
<arg>${json_data['results'][0]}</arg>
<doc>Logs the given message with the given level.</doc>
<status status="PASS" start="2024-07-20T21:13:39.937974" elapsed="0.000411"/>
</kw>
<kw name="Log" owner="BuiltIn">
<msg time="2024-07-20T21:13:39.938816" level="INFO">gender</msg>
<arg>${key}</arg>
<doc>Logs the given message with the given level.</doc>
<status status="PASS" start="2024-07-20T21:13:39.938688" elapsed="0.000166"/>
</kw>
<var name="${key}">gender</var>
<status status="PASS" start="2024-07-20T21:13:39.937238" elapsed="0.001831"/>
</iter>
<iter>
<kw name="Dictionary Should Contain Key" owner="Collections">
<arg>${json_data['results'][0]}</arg>
<arg>${key}</arg>
<doc>Fails if ``key`` is not found from ``dictionary``.</doc>
<status status="PASS" start="2024-07-20T21:13:39.939364" elapsed="0.000383"/>
</kw>
<kw name="Log" owner="BuiltIn">
<msg time="2024-07-20T21:13:39.940325" level="INFO">{'gender': 'female', 'name': {'title': 'Miss', 'first': 'Zilda', 'last': 'da Conceição'}, 'location': {'street': {'number': 380, 'name': 'Rua Treze '}, 'city': 'Ji-Paraná', 'state': 'Piauí', 'country': 'Brazil', 'postcode': 42232, 'coordinates': {'latitude': '-75.9907', 'longitude': '161.5079'}, 'timezone': {'offset': '+11:00', 'description': 'Magadan, Solomon Islands, New Caledonia'}}, 'email': 'zilda.daconceicao@example.com', 'login': {'uuid': 'f32f0d7a-5e80-436c-be40-c5a6a01dfa34', 'username': 'angryrabbit385', 'password': 'compton', 'salt': '6IdoAYD4', 'md5': '160dfccc4f4303c9d73b403c24a057fb', 'sha1': '0e56ba8ea74d5e8dfda75339e0b2fc65ec5de9e7', 'sha256': 'bdf4292d8e6e7804896b250ada0753e5558debeb420f98fe55bae3eb50ae65fd'}, 'dob': {'date': '1982-10-04T17:15:05.865Z', 'age': 41}, 'registered': {'date': '2010-05-17T20:14:43.017Z', 'age': 14}, 'phone': '(01) 8962-2570', 'cell': '(50) 9437-1489', 'id': {'name': 'CPF', 'value': '071.978.205-57'}, 'picture': {'large': 'https://randomuser.me/api/portraits/women/62.jpg', 'medium': 'https://randomuser.me/api/portraits/med/women/62.jpg', 'thumbnail': 'https://randomuser.me/api/portraits/thumb/women/62.jpg'}, 'nat': 'BR'}</msg>
<arg>${json_data['results'][0]}</arg>
<doc>Logs the given message with the given level.</doc>
<status status="PASS" start="2024-07-20T21:13:39.939963" elapsed="0.000442"/>
</kw>
<kw name="Log" owner="BuiltIn">
<msg time="2024-07-20T21:13:39.940836" level="INFO">name</msg>
<arg>${key}</arg>
<doc>Logs the given message with the given level.</doc>
<status status="PASS" start="2024-07-20T21:13:39.940709" elapsed="0.000165"/>
</kw>
<var name="${key}">name</var>
<status status="PASS" start="2024-07-20T21:13:39.939252" elapsed="0.001838"/>
</iter>
<iter>
<kw name="Dictionary Should Contain Key" owner="Collections">
<arg>${json_data['results'][0]}</arg>
<arg>${key}</arg>
<doc>Fails if ``key`` is not found from ``dictionary``.</doc>
<status status="PASS" start="2024-07-20T21:13:39.941373" elapsed="0.000380"/>
</kw>
<kw name="Log" owner="BuiltIn">
<msg time="2024-07-20T21:13:39.942295" level="INFO">{'gender': 'female', 'name': {'title': 'Miss', 'first': 'Zilda', 'last': 'da Conceição'}, 'location': {'street': {'number': 380, 'name': 'Rua Treze '}, 'city': 'Ji-Paraná', 'state': 'Piauí', 'country': 'Brazil', 'postcode': 42232, 'coordinates': {'latitude': '-75.9907', 'longitude': '161.5079'}, 'timezone': {'offset': '+11:00', 'description': 'Magadan, Solomon Islands, New Caledonia'}}, 'email': 'zilda.daconceicao@example.com', 'login': {'uuid': 'f32f0d7a-5e80-436c-be40-c5a6a01dfa34', 'username': 'angryrabbit385', 'password': 'compton', 'salt': '6IdoAYD4', 'md5': '160dfccc4f4303c9d73b403c24a057fb', 'sha1': '0e56ba8ea74d5e8dfda75339e0b2fc65ec5de9e7', 'sha256': 'bdf4292d8e6e7804896b250ada0753e5558debeb420f98fe55bae3eb50ae65fd'}, 'dob': {'date': '1982-10-04T17:15:05.865Z', 'age': 41}, 'registered': {'date': '2010-05-17T20:14:43.017Z', 'age': 14}, 'phone': '(01) 8962-2570', 'cell': '(50) 9437-1489', 'id': {'name': 'CPF', 'value': '071.978.205-57'}, 'picture': {'large': 'https://randomuser.me/api/portraits/women/62.jpg', 'medium': 'https://randomuser.me/api/portraits/med/women/62.jpg', 'thumbnail': 'https://randomuser.me/api/portraits/thumb/women/62.jpg'}, 'nat': 'BR'}</msg>
<arg>${json_data['results'][0]}</arg>
<doc>Logs the given message with the given level.</doc>
<status status="PASS" start="2024-07-20T21:13:39.941945" elapsed="0.000399"/>
</kw>
<kw name="Log" owner="BuiltIn">
<msg time="2024-07-20T21:13:39.942763" level="INFO">location</msg>
<arg>${key}</arg>
<doc>Logs the given message with the given level.</doc>
<status status="PASS" start="2024-07-20T21:13:39.942638" elapsed="0.000163"/>
</kw>
<var name="${key}">location</var>
<status status="PASS" start="2024-07-20T21:13:39.941265" elapsed="0.001749"/>
</iter>
<iter>
<kw name="Dictionary Should Contain Key" owner="Collections">
<arg>${json_data['results'][0]}</arg>
<arg>${key}</arg>
<doc>Fails if ``key`` is not found from ``dictionary``.</doc>
<status status="PASS" start="2024-07-20T21:13:39.943294" elapsed="0.000385"/>
</kw>
<kw name="Log" owner="BuiltIn">
<msg time="2024-07-20T21:13:39.944379" level="INFO">{'gender': 'female', 'name': {'title': 'Miss', 'first': 'Zilda', 'last': 'da Conceição'}, 'location': {'street': {'number': 380, 'name': 'Rua Treze '}, 'city': 'Ji-Paraná', 'state': 'Piauí', 'country': 'Brazil', 'postcode': 42232, 'coordinates': {'latitude': '-75.9907', 'longitude': '161.5079'}, 'timezone': {'offset': '+11:00', 'description': 'Magadan, Solomon Islands, New Caledonia'}}, 'email': 'zilda.daconceicao@example.com', 'login': {'uuid': 'f32f0d7a-5e80-436c-be40-c5a6a01dfa34', 'username': 'angryrabbit385', 'password': 'compton', 'salt': '6IdoAYD4', 'md5': '160dfccc4f4303c9d73b403c24a057fb', 'sha1': '0e56ba8ea74d5e8dfda75339e0b2fc65ec5de9e7', 'sha256': 'bdf4292d8e6e7804896b250ada0753e5558debeb420f98fe55bae3eb50ae65fd'}, 'dob': {'date': '1982-10-04T17:15:05.865Z', 'age': 41}, 'registered': {'date': '2010-05-17T20:14:43.017Z', 'age': 14}, 'phone': '(01) 8962-2570', 'cell': '(50) 9437-1489', 'id': {'name': 'CPF', 'value': '071.978.205-57'}, 'picture': {'large': 'https://randomuser.me/api/portraits/women/62.jpg', 'medium': 'https://randomuser.me/api/portraits/med/women/62.jpg', 'thumbnail': 'https://randomuser.me/api/portraits/thumb/women/62.jpg'}, 'nat': 'BR'}</msg>
<arg>${json_data['results'][0]}</arg>
<doc>Logs the given message with the given level.</doc>
<status status="PASS" start="2024-07-20T21:13:39.943996" elapsed="0.000449"/>
</kw>
<kw name="Log" owner="BuiltIn">
<msg time="2024-07-20T21:13:39.944874" level="INFO">email</msg>
<arg>${key}</arg>
<doc>Logs the given message with the given level.</doc>
<status status="PASS" start="2024-07-20T21:13:39.944746" elapsed="0.000167"/>
</kw>
<var name="${key}">email</var>
<status status="PASS" start="2024-07-20T21:13:39.943186" elapsed="0.001940"/>
</iter>
<iter>
<kw name="Dictionary Should Contain Key" owner="Collections">
<arg>${json_data['results'][0]}</arg>
<arg>${key}</arg>
<doc>Fails if ``key`` is not found from ``dictionary``.</doc>
<status status="PASS" start="2024-07-20T21:13:39.945410" elapsed="0.000379"/>
</kw>
<kw name="Log" owner="BuiltIn">
<msg time="2024-07-20T21:13:39.946327" level="INFO">{'gender': 'female', 'name': {'title': 'Miss', 'first': 'Zilda', 'last': 'da Conceição'}, 'location': {'street': {'number': 380, 'name': 'Rua Treze '}, 'city': 'Ji-Paraná', 'state': 'Piauí', 'country': 'Brazil', 'postcode': 42232, 'coordinates': {'latitude': '-75.9907', 'longitude': '161.5079'}, 'timezone': {'offset': '+11:00', 'description': 'Magadan, Solomon Islands, New Caledonia'}}, 'email': 'zilda.daconceicao@example.com', 'login': {'uuid': 'f32f0d7a-5e80-436c-be40-c5a6a01dfa34', 'username': 'angryrabbit385', 'password': 'compton', 'salt': '6IdoAYD4', 'md5': '160dfccc4f4303c9d73b403c24a057fb', 'sha1': '0e56ba8ea74d5e8dfda75339e0b2fc65ec5de9e7', 'sha256': 'bdf4292d8e6e7804896b250ada0753e5558debeb420f98fe55bae3eb50ae65fd'}, 'dob': {'date': '1982-10-04T17:15:05.865Z', 'age': 41}, 'registered': {'date': '2010-05-17T20:14:43.017Z', 'age': 14}, 'phone': '(01) 8962-2570', 'cell': '(50) 9437-1489', 'id': {'name': 'CPF', 'value': '071.978.205-57'}, 'picture': {'large': 'https://randomuser.me/api/portraits/women/62.jpg', 'medium': 'https://randomuser.me/api/portraits/med/women/62.jpg', 'thumbnail': 'https://randomuser.me/api/portraits/thumb/women/62.jpg'}, 'nat': 'BR'}</msg>
<arg>${json_data['results'][0]}</arg>
<doc>Logs the given message with the given level.</doc>
<status status="PASS" start="2024-07-20T21:13:39.945970" elapsed="0.000407"/>
</kw>
<kw name="Log" owner="BuiltIn">
<msg time="2024-07-20T21:13:39.946990" level="INFO">login</msg>
<arg>${key}</arg>
<doc>Logs the given message with the given level.</doc>
<status status="PASS" start="2024-07-20T21:13:39.946800" elapsed="0.000243"/>
</kw>
<var name="${key}">login</var>
<status status="PASS" start="2024-07-20T21:13:39.945297" elapsed="0.002048"/>
</iter>
<var>${key}</var>
<value>@{expected_keys}</value>
<status status="PASS" start="2024-07-20T21:13:39.937041" elapsed="0.010527"/>
</for>
<kw name="Create List" owner="BuiltIn">
<msg time="2024-07-20T21:13:39.947961" level="INFO">${expected_keysTwo} = ['username', 'password']</msg>
<var>${expected_keysTwo}</var>
<arg>username</arg>
<arg>password</arg>
<doc>Returns a list containing given items.</doc>
<status status="PASS" start="2024-07-20T21:13:39.947818" elapsed="0.000167"/>
</kw>
<for flavor="IN">
<iter>
<kw name="Dictionary Should Contain Key" owner="Collections">
<arg>${json_data['results'][0]['login']}</arg>
<arg>${keyTwo}</arg>
<doc>Fails if ``key`` is not found from ``dictionary``.</doc>
<status status="PASS" start="2024-07-20T21:13:39.948532" elapsed="0.000392"/>
</kw>
<kw name="Dictionary Should Contain Key" owner="Collections">
<arg>${json_data['results'][0]['login']}</arg>
<arg>${keyTwo}</arg>
<doc>Fails if ``key`` is not found from ``dictionary``.</doc>
<status status="PASS" start="2024-07-20T21:13:39.949110" elapsed="0.000383"/>
</kw>
<kw name="Log" owner="BuiltIn">
<msg time="2024-07-20T21:13:39.949799" level="INFO">username</msg>
<arg>${keyTwo}</arg>
<doc>Logs the given message with the given level.</doc>
<status status="PASS" start="2024-07-20T21:13:39.949676" elapsed="0.000169"/>
</kw>
<var name="${keyTwo}">username</var>
<status status="PASS" start="2024-07-20T21:13:39.948418" elapsed="0.001648"/>
</iter>
<iter>
<kw name="Dictionary Should Contain Key" owner="Collections">
<arg>${json_data['results'][0]['login']}</arg>
<arg>${keyTwo}</arg>
<doc>Fails if ``key`` is not found from ``dictionary``.</doc>
<status status="PASS" start="2024-07-20T21:13:39.950348" elapsed="0.000381"/>
</kw>
<kw name="Dictionary Should Contain Key" owner="Collections">
<arg>${json_data['results'][0]['login']}</arg>
<arg>${keyTwo}</arg>
<doc>Fails if ``key`` is not found from ``dictionary``.</doc>
<status status="PASS" start="2024-07-20T21:13:39.950908" elapsed="0.000374"/>
</kw>
<kw name="Log" owner="BuiltIn">
<msg time="2024-07-20T21:13:39.951582" level="INFO">password</msg>
<arg>${keyTwo}</arg>
<doc>Logs the given message with the given level.</doc>
<status status="PASS" start="2024-07-20T21:13:39.951458" elapsed="0.000162"/>
</kw>
<var name="${keyTwo}">password</var>
<status status="PASS" start="2024-07-20T21:13:39.950236" elapsed="0.001604"/>
</iter>
<var>${keyTwo}</var>
<value>@{expected_keysTwo}</value>
<status status="PASS" start="2024-07-20T21:13:39.948230" elapsed="0.003730"/>
</for>
<status status="PASS" start="2024-07-20T21:13:39.822983" elapsed="0.129119"/>
</kw>
<doc>Testa a estrutura da resposta da API.</doc>
<tag>testeEstruturaResposta</tag>
<status status="PASS" start="2024-07-20T21:13:39.822204" elapsed="0.130056"/>
</test>
<test id="s1-s1-t4" name="Validar tipos de dados" line="28">
<kw name="Teste de Tipos de Dados" owner="random-user-service">
<kw name="GET On Session" owner="RequestsLibrary">
<msg time="2024-07-20T21:13:40.043379" level="INFO">GET Request : url=https://randomuser.me/api 
 path_url=/api 
 headers={'User-Agent': 'python-requests/2.32.3', 'Accept-Encoding': 'gzip, deflate', 'Accept': '*/*', 'Connection': 'keep-alive'} 
 body=None 
 </msg>
<msg time="2024-07-20T21:13:40.043488" level="INFO">GET Response : url=https://randomuser.me/api 
 status=200, reason=OK 
 headers={'Date': 'Sat, 20 Jul 2024 21:13:40 GMT', 'Content-Type': 'application/json; charset=utf-8', 'Transfer-Encoding': 'chunked', 'Connection': 'keep-alive', 'X-Powered-By': 'Express', 'Access-Control-Allow-Origin': '*', 'Cache-Control': 'no-cache', 'ETag': 'W/"49b-45+jy8S2TECnR7MchYA9k3a+Jgo"', 'Vary': 'Accept-Encoding', 'Content-Encoding': 'gzip', 'CF-Cache-Status': 'DYNAMIC', 'Report-To': '{"endpoints":[{"url":"https:\\/\\/a.nel.cloudflare.com\\/report\\/v4?s=xoYqA4VLhhMeIs8rTQFF7mPZQMtjvryPP1Uerk9Q3AcX0JqNvyz2K6ZVnKX2hdnItRRJ%2Bg6GDt74UhvmQvtWR4YY4qwWaaC6av0wUwubbjWOfTFmCKdxnSpBZIJ%2Fn0Xu"}],"group":"cf-nel","max_age":604800}', 'NEL': '{"success_fraction":0,"report_to":"cf-nel","max_age":604800}', 'Server': 'cloudflare', 'CF-RAY': '8a65f4d8bc7a7ac4-SJC', 'alt-svc': 'h3=":443"; ma=86400'} 
 body={"results":[{"gender":"male","name":{"title":"Mr","first":"Lonnie","last":"Moore"},"location":{"street":{"number":1656,"name":"Hunters Creek Dr"},"city":"Ballarat","state":"New South Wales","country":"Australia","postcode":5907,"coordinates":{"latitude":"-82.8620","longitude":"-152.3383"},"timezone":{"offset":"-6:00","description":"Central Time (US &amp; Canada), Mexico City"}},"email":"lonnie.moore@example.com","login":{"uuid":"a9326121-13cb-4e81-8deb-3a6ee5dd47ad","username":"whitepanda288","password":"superfly","salt":"epXT4GeF","md5":"c47e804d0bb7d40aa23c9d290600ddb9","sha1":"a74bf3a41e153712461a7556ddfa9219f14b1de3","sha256":"00524171609bb0481dd7a70444c69efd4d9c60de9d231ade1e8860152662d815"},"dob":{"date":"1981-08-07T23:05:16.090Z","age":42},"registered":{"date":"2010-06-27T09:07:03.551Z","age":14},"phone":"09-3882-4680","cell":"0442-647-654","id":{"name":"TFN","value":"586861815"},"picture":{"large":"https://randomuser.me/api/portraits/men/89.jpg","medium":"https://randomuser.me/api/portraits/med/men/89.jpg","thumbnail":"https://randomuser.me/api/portraits/thumb/men/89.jpg"},"nat":"AU"}],"info":{"seed":"78aad81c4b897969","results":1,"page":1,"version":"1.4"}} 
 </msg>
<msg time="2024-07-20T21:13:40.043560" level="INFO">/opt/hostedtoolcache/Python/3.12.4/x64/lib/python3.12/site-packages/urllib3/connectionpool.py:1099: InsecureRequestWarning: Unverified HTTPS request is being made to host 'randomuser.me'. Adding certificate verification is strongly advised. See: https://urllib3.readthedocs.io/en/latest/advanced-usage.html#tls-warnings
  warnings.warn(</msg>
<msg time="2024-07-20T21:13:40.043692" level="INFO">${response} = &lt;Response [200]&gt;</msg>
<var>${response}</var>
<arg>consultarAPI</arg>
<arg>/api</arg>
<doc>Sends a GET request on a previously created HTTP Session.</doc>
<status status="PASS" start="2024-07-20T21:13:39.954877" elapsed="0.088864"/>
</kw>
<kw name="Set Variable" owner="BuiltIn">
<msg time="2024-07-20T21:13:40.044984" level="INFO">${json_data} = {'results': [{'gender': 'male', 'name': {'title': 'Mr', 'first': 'Lonnie', 'last': 'Moore'}, 'location': {'street': {'number': 1656, 'name': 'Hunters Creek Dr'}, 'city': 'Ballarat', 'state': 'New Sout...</msg>
<var>${json_data}</var>
<arg>${response.json()}</arg>
<doc>Returns the given values which can then be assigned to a variables.</doc>
<status status="PASS" start="2024-07-20T21:13:40.044383" elapsed="0.000629"/>
</kw>
<kw name="Log" owner="BuiltIn">
<msg time="2024-07-20T21:13:40.045475" level="INFO">{'results': [{'gender': 'male', 'name': {'title': 'Mr', 'first': 'Lonnie', 'last': 'Moore'}, 'location': {'street': {'number': 1656, 'name': 'Hunters Creek Dr'}, 'city': 'Ballarat', 'state': 'New South Wales', 'country': 'Australia', 'postcode': 5907, 'coordinates': {'latitude': '-82.8620', 'longitude': '-152.3383'}, 'timezone': {'offset': '-6:00', 'description': 'Central Time (US &amp; Canada), Mexico City'}}, 'email': 'lonnie.moore@example.com', 'login': {'uuid': 'a9326121-13cb-4e81-8deb-3a6ee5dd47ad', 'username': 'whitepanda288', 'password': 'superfly', 'salt': 'epXT4GeF', 'md5': 'c47e804d0bb7d40aa23c9d290600ddb9', 'sha1': 'a74bf3a41e153712461a7556ddfa9219f14b1de3', 'sha256': '00524171609bb0481dd7a70444c69efd4d9c60de9d231ade1e8860152662d815'}, 'dob': {'date': '1981-08-07T23:05:16.090Z', 'age': 42}, 'registered': {'date': '2010-06-27T09:07:03.551Z', 'age': 14}, 'phone': '09-3882-4680', 'cell': '0442-647-654', 'id': {'name': 'TFN', 'value': '586861815'}, 'picture': {'large': 'https://randomuser.me/api/portraits/men/89.jpg', 'medium': 'https://randomuser.me/api/portraits/med/men/89.jpg', 'thumbnail': 'https://randomuser.me/api/portraits/thumb/men/89.jpg'}, 'nat': 'AU'}], 'info': {'seed': '78aad81c4b897969', 'results': 1, 'page': 1, 'version': '1.4'}}</msg>
<arg>${json_data}</arg>
<doc>Logs the given message with the given level.</doc>
<status status="PASS" start="2024-07-20T21:13:40.045319" elapsed="0.000207"/>
</kw>
<kw name="Should Be String" owner="String">
<arg>${json_data['results'][0]['gender']}</arg>
<doc>Fails if the given ``item`` is not a string.</doc>
<status status="PASS" start="2024-07-20T21:13:40.045852" elapsed="0.000365"/>
</kw>
<kw name="Should Match Regexp" owner="BuiltIn">
<arg>${json_data['results'][0]['email']}</arg>
<arg>^[a-zA-Z0-9._%+-]+@[a-zA-Z0-9.-]+\.[a-zA-Z]{2,}$</arg>
<doc>Fails if ``string`` does not match ``pattern`` as a regular expression.</doc>
<status status="PASS" start="2024-07-20T21:13:40.046408" elapsed="0.000527"/>
</kw>
<kw name="Should Match Regexp" owner="BuiltIn">
<arg>${json_data['results'][0]['dob']['date']}</arg>
<arg>\\d{4}-\\d{2}-\\d{2}T\\d{2}:\\d{2}:\\d{2}\\.\\d{3}Z</arg>
<doc>Fails if ``string`` does not match ``pattern`` as a regular expression.</doc>
<status status="PASS" start="2024-07-20T21:13:40.047129" elapsed="0.000635"/>
</kw>
<kw name="Should Match Regexp" owner="BuiltIn">
<arg>${json_data['results'][0]['registered']['date']}</arg>
<arg>\\d{4}-\\d{2}-\\d{2}T\\d{2}:\\d{2}:\\d{2}\\.\\d{3}Z</arg>
<doc>Fails if ``string`` does not match ``pattern`` as a regular expression.</doc>
<status status="PASS" start="2024-07-20T21:13:40.047955" elapsed="0.000373"/>
</kw>
<kw name="Should Match Regexp" owner="BuiltIn">
<arg>${json_data['results'][0]['picture']['large']}</arg>
<arg>^https?://.*\.(?:png|jpe?g|gif|bmp)$</arg>
<doc>Fails if ``string`` does not match ``pattern`` as a regular expression.</doc>
<status status="PASS" start="2024-07-20T21:13:40.048554" elapsed="0.000467"/>
</kw>
<kw name="Should Match Regexp" owner="BuiltIn">
<arg>${json_data['results'][0]['picture']['medium']}</arg>
<arg>^https?://.*\.(?:png|jpe?g|gif|bmp)$</arg>
<doc>Fails if ``string`` does not match ``pattern`` as a regular expression.</doc>
<status status="PASS" start="2024-07-20T21:13:40.049213" elapsed="0.000359"/>
</kw>
<kw name="Should Match Regexp" owner="BuiltIn">
<arg>${json_data['results'][0]['picture']['thumbnail']}</arg>
<arg>^https?://.*\.(?:png|jpe?g|gif|bmp)$</arg>
<doc>Fails if ``string`` does not match ``pattern`` as a regular expression.</doc>
<status status="PASS" start="2024-07-20T21:13:40.049758" elapsed="0.000358"/>
</kw>
<kw name="Log" owner="BuiltIn">
<msg time="2024-07-20T21:13:40.050618" level="INFO">{'large': 'https://randomuser.me/api/portraits/men/89.jpg', 'medium': 'https://randomuser.me/api/portraits/med/men/89.jpg', 'thumbnail': 'https://randomuser.me/api/portraits/thumb/men/89.jpg'}</msg>
<arg>${json_data['results'][0]['picture']}</arg>
<doc>Logs the given message with the given level.</doc>
<status status="PASS" start="2024-07-20T21:13:40.050296" elapsed="0.000365"/>
</kw>
<status status="PASS" start="2024-07-20T21:13:39.954650" elapsed="0.096269"/>
</kw>
<kw name="Teste de Tipos de Dados - Postcode" owner="random-user-service">
<kw name="GET On Session" owner="RequestsLibrary">
<msg time="2024-07-20T21:13:40.146260" level="INFO">GET Request : url=https://randomuser.me/api 
 path_url=/api 
 headers={'User-Agent': 'python-requests/2.32.3', 'Accept-Encoding': 'gzip, deflate', 'Accept': '*/*', 'Connection': 'keep-alive'} 
 body=None 
 </msg>
<msg time="2024-07-20T21:13:40.146357" level="INFO">GET Response : url=https://randomuser.me/api 
 status=200, reason=OK 
 headers={'Date': 'Sat, 20 Jul 2024 21:13:40 GMT', 'Content-Type': 'application/json; charset=utf-8', 'Transfer-Encoding': 'chunked', 'Connection': 'keep-alive', 'X-Powered-By': 'Express', 'Access-Control-Allow-Origin': '*', 'Cache-Control': 'no-cache', 'ETag': 'W/"48f-2vEEBmtsSctsujSjzAA7hcRpwdQ"', 'Vary': 'Accept-Encoding', 'Content-Encoding': 'gzip', 'CF-Cache-Status': 'DYNAMIC', 'Report-To': '{"endpoints":[{"url":"https:\\/\\/a.nel.cloudflare.com\\/report\\/v4?s=j%2B0nqDO4slXaT3QbbSjDtT1VXB6LNypuR3fSU1b6wL0mjc7R1nt6WDWqnflP96%2BqC7ZgvXTm9W5H5wmQ2%2F4K%2FhE317fx1xPBZPtfVt%2F3aQoPOg3CkBPtXTTz3w%2BChrtX"}],"group":"cf-nel","max_age":604800}', 'NEL': '{"success_fraction":0,"report_to":"cf-nel","max_age":604800}', 'Server': 'cloudflare', 'CF-RAY': '8a65f4d95cc17ac4-SJC', 'alt-svc': 'h3=":443"; ma=86400'} 
 body={"results":[{"gender":"female","name":{"title":"Miss","first":"Tracy","last":"Cunningham"},"location":{"street":{"number":493,"name":"Richmond Park"},"city":"Shannon","state":"Clare","country":"Ireland","postcode":40392,"coordinates":{"latitude":"-1.2697","longitude":"10.1502"},"timezone":{"offset":"+1:00","description":"Brussels, Copenhagen, Madrid, Paris"}},"email":"tracy.cunningham@example.com","login":{"uuid":"f2070ad1-5fbf-4c74-8fbb-9bd91b9fca99","username":"sadmouse721","password":"reserve","salt":"7S8VDtc9","md5":"3c5aafbec2c174f8f8c07d5ea4c0067c","sha1":"ecf1130e6ce55b0482717874bb2125f7567e0c77","sha256":"e402ecd0481ef42ded9020bfe5fdbafea2d3513102aa458ce67dce19213e16eb"},"dob":{"date":"1993-08-15T13:36:04.145Z","age":30},"registered":{"date":"2013-10-16T23:06:48.657Z","age":10},"phone":"061-697-6569","cell":"081-031-1543","id":{"name":"PPS","value":"7550418T"},"picture":{"large":"https://randomuser.me/api/portraits/women/9.jpg","medium":"https://randomuser.me/api/portraits/med/women/9.jpg","thumbnail":"https://randomuser.me/api/portraits/thumb/women/9.jpg"},"nat":"IE"}],"info":{"seed":"42f43bac857ea990","results":1,"page":1,"version":"1.4"}} 
 </msg>
<msg time="2024-07-20T21:13:40.146425" level="INFO">/opt/hostedtoolcache/Python/3.12.4/x64/lib/python3.12/site-packages/urllib3/connectionpool.py:1099: InsecureRequestWarning: Unverified HTTPS request is being made to host 'randomuser.me'. Adding certificate verification is strongly advised. See: https://urllib3.readthedocs.io/en/latest/advanced-usage.html#tls-warnings
  warnings.warn(</msg>
<msg time="2024-07-20T21:13:40.146543" level="INFO">${response} = &lt;Response [200]&gt;</msg>
<var>${response}</var>
<arg>consultarAPI</arg>
<arg>/api</arg>
<doc>Sends a GET request on a previously created HTTP Session.</doc>
<status status="PASS" start="2024-07-20T21:13:40.051379" elapsed="0.095204"/>
</kw>
<kw name="Set Variable" owner="BuiltIn">
<msg time="2024-07-20T21:13:40.147764" level="INFO">${json_data} = {'results': [{'gender': 'female', 'name': {'title': 'Miss', 'first': 'Tracy', 'last': 'Cunningham'}, 'location': {'street': {'number': 493, 'name': 'Richmond Park'}, 'city': 'Shannon', 'state': 'Clare...</msg>
<var>${json_data}</var>
<arg>${response.json()}</arg>
<doc>Returns the given values which can then be assigned to a variables.</doc>
<status status="PASS" start="2024-07-20T21:13:40.147203" elapsed="0.000589"/>
</kw>
<kw name="Log" owner="BuiltIn">
<msg time="2024-07-20T21:13:40.148262" level="INFO">{'results': [{'gender': 'female', 'name': {'title': 'Miss', 'first': 'Tracy', 'last': 'Cunningham'}, 'location': {'street': {'number': 493, 'name': 'Richmond Park'}, 'city': 'Shannon', 'state': 'Clare', 'country': 'Ireland', 'postcode': 40392, 'coordinates': {'latitude': '-1.2697', 'longitude': '10.1502'}, 'timezone': {'offset': '+1:00', 'description': 'Brussels, Copenhagen, Madrid, Paris'}}, 'email': 'tracy.cunningham@example.com', 'login': {'uuid': 'f2070ad1-5fbf-4c74-8fbb-9bd91b9fca99', 'username': 'sadmouse721', 'password': 'reserve', 'salt': '7S8VDtc9', 'md5': '3c5aafbec2c174f8f8c07d5ea4c0067c', 'sha1': 'ecf1130e6ce55b0482717874bb2125f7567e0c77', 'sha256': 'e402ecd0481ef42ded9020bfe5fdbafea2d3513102aa458ce67dce19213e16eb'}, 'dob': {'date': '1993-08-15T13:36:04.145Z', 'age': 30}, 'registered': {'date': '2013-10-16T23:06:48.657Z', 'age': 10}, 'phone': '061-697-6569', 'cell': '081-031-1543', 'id': {'name': 'PPS', 'value': '7550418T'}, 'picture': {'large': 'https://randomuser.me/api/portraits/women/9.jpg', 'medium': 'https://randomuser.me/api/portraits/med/women/9.jpg', 'thumbnail': 'https://randomuser.me/api/portraits/thumb/women/9.jpg'}, 'nat': 'IE'}], 'info': {'seed': '42f43bac857ea990', 'results': 1, 'page': 1, 'version': '1.4'}}</msg>
<arg>${json_data}</arg>
<doc>Logs the given message with the given level.</doc>
<status status="PASS" start="2024-07-20T21:13:40.148102" elapsed="0.000207"/>
</kw>
<kw name="Should Be Equal As Numbers" owner="BuiltIn">
<arg>${json_data['results'][0]['location']['postcode']}</arg>
<arg>${json_data['results'][0]['location']['postcode']}</arg>
<doc>Fails if objects are unequal after converting them to real numbers.</doc>
<status status="PASS" start="2024-07-20T21:13:40.148659" elapsed="0.000630"/>
</kw>
<kw name="Log" owner="BuiltIn">
<msg time="2024-07-20T21:13:40.149857" level="INFO">40392</msg>
<arg>${json_data['results'][0]['location']['postcode']}</arg>
<doc>Logs the given message with the given level.</doc>
<status status="PASS" start="2024-07-20T21:13:40.149517" elapsed="0.000379"/>
</kw>
<status status="PASS" start="2024-07-20T21:13:40.051144" elapsed="0.099010"/>
</kw>
<doc>Testa se os tipos de dados na resposta da API estão corretos.</doc>
<tag>testeTiposDados</tag>
<status status="PASS" start="2024-07-20T21:13:39.954084" elapsed="0.196239"/>
</test>
<test id="s1-s1-t5" name="Validar conteudo" line="35">
<kw name="Teste de Tipos de Conteudo" owner="random-user-service">
<kw name="GET On Session" owner="RequestsLibrary">
<msg time="2024-07-20T21:13:40.256541" level="INFO">GET Request : url=https://randomuser.me/api 
 path_url=/api 
 headers={'User-Agent': 'python-requests/2.32.3', 'Accept-Encoding': 'gzip, deflate', 'Accept': '*/*', 'Connection': 'keep-alive'} 
 body=None 
 </msg>
<msg time="2024-07-20T21:13:40.256635" level="INFO">GET Response : url=https://randomuser.me/api 
 status=200, reason=OK 
 headers={'Date': 'Sat, 20 Jul 2024 21:13:40 GMT', 'Content-Type': 'application/json; charset=utf-8', 'Transfer-Encoding': 'chunked', 'Connection': 'keep-alive', 'X-Powered-By': 'Express', 'Access-Control-Allow-Origin': '*', 'Cache-Control': 'no-cache', 'ETag': 'W/"4ad-MGzmbiFKpFB2A36cn1M81R5YyUY"', 'Vary': 'Accept-Encoding', 'Content-Encoding': 'gzip', 'CF-Cache-Status': 'DYNAMIC', 'Report-To': '{"endpoints":[{"url":"https:\\/\\/a.nel.cloudflare.com\\/report\\/v4?s=B1bPQsw3QJ3JHZ4zf9aDfrKALnghDYLLTONd%2FGqViWPhGhyoh6HDskxSn5LPStJIlZKO4AEWK3DurL3kJVRnmUyO4ttCO%2BhL9BZmuHYNYcfatnsvG8N05j5RJvFyaEE0"}],"group":"cf-nel","max_age":604800}', 'NEL': '{"success_fraction":0,"report_to":"cf-nel","max_age":604800}', 'Server': 'cloudflare', 'CF-RAY': '8a65f4d9fd177ac4-SJC', 'alt-svc': 'h3=":443"; ma=86400'} 
 body={"results":[{"gender":"female","name":{"title":"Mrs","first":"Tabea","last":"Wehrle"},"location":{"street":{"number":982,"name":"Königsberger Straße"},"city":"Bernkastel-Kues","state":"Berlin","country":"Germany","postcode":44259,"coordinates":{"latitude":"-49.6249","longitude":"120.9495"},"timezone":{"offset":"0:00","description":"Western Europe Time, London, Lisbon, Casablanca"}},"email":"tabea.wehrle@example.com","login":{"uuid":"ee871812-6db6-4c01-92f4-06452093b213","username":"crazybear455","password":"weng","salt":"2RAXcgYj","md5":"90bcf85eac24ab28130e0bef0aa410ce","sha1":"316f53650bbab361e7c5531bde19e0be6d2aab33","sha256":"e212b995bb6c0fe849222ecf1fec58afad659073b7fe48230f1aac5d7f177b72"},"dob":{"date":"1960-08-06T04:33:34.397Z","age":63},"registered":{"date":"2008-12-28T20:58:35.652Z","age":15},"phone":"0062-7111234","cell":"0171-4901169","id":{"name":"SVNR","value":"04 050860 W 601"},"picture":{"large":"https://randomuser.me/api/portraits/women/15.jpg","medium":"https://randomuser.me/api/portraits/med/women/15.jpg","thumbnail":"https://randomuser.me/api/portraits/thumb/women/15.jpg"},"nat":"DE"}],"info":{"seed":"62b8fe1f1048884a","results":1,"page":1,"version":"1.4"}} 
 </msg>
<msg time="2024-07-20T21:13:40.256705" level="INFO">/opt/hostedtoolcache/Python/3.12.4/x64/lib/python3.12/site-packages/urllib3/connectionpool.py:1099: InsecureRequestWarning: Unverified HTTPS request is being made to host 'randomuser.me'. Adding certificate verification is strongly advised. See: https://urllib3.readthedocs.io/en/latest/advanced-usage.html#tls-warnings
  warnings.warn(</msg>
<msg time="2024-07-20T21:13:40.256820" level="INFO">${response} = &lt;Response [200]&gt;</msg>
<var>${response}</var>
<arg>consultarAPI</arg>
<arg>/api</arg>
<doc>Sends a GET request on a previously created HTTP Session.</doc>
<status status="PASS" start="2024-07-20T21:13:40.152891" elapsed="0.103967"/>
</kw>
<kw name="Set Variable" owner="BuiltIn">
<msg time="2024-07-20T21:13:40.258043" level="INFO">${json_data} = {'results': [{'gender': 'female', 'name': {'title': 'Mrs', 'first': 'Tabea', 'last': 'Wehrle'}, 'location': {'street': {'number': 982, 'name': 'Königsberger Straße'}, 'city': 'Bernkastel-Kues', 'state...</msg>
<var>${json_data}</var>
<arg>${response.json()}</arg>
<doc>Returns the given values which can then be assigned to a variables.</doc>
<status status="PASS" start="2024-07-20T21:13:40.257476" elapsed="0.000597"/>
</kw>
<kw name="Set Variable" owner="BuiltIn">
<msg time="2024-07-20T21:13:40.258762" level="INFO">${name_title} = Mrs</msg>
<var>${name_title}</var>
<arg>${json_data["results"][0]["name"]["title"]}</arg>
<doc>Returns the given values which can then be assigned to a variables.</doc>
<status status="PASS" start="2024-07-20T21:13:40.258385" elapsed="0.000403"/>
</kw>
<kw name="Create List" owner="BuiltIn">
<msg time="2024-07-20T21:13:40.259230" level="INFO">${allowed_titles} = ['Mr', 'Ms', 'Miss', 'Mrs', 'Madame', 'Monsieur']</msg>
<var>${allowed_titles}</var>
<arg>Mr</arg>
<arg>Ms</arg>
<arg>Miss</arg>
<arg>Mrs</arg>
<arg>Madame</arg>
<arg>Monsieur</arg>
<doc>Returns a list containing given items.</doc>
<status status="PASS" start="2024-07-20T21:13:40.259083" elapsed="0.000171"/>
</kw>
<kw name="List Should Contain Value" owner="Collections">
<arg>${allowed_titles}</arg>
<arg>${name_title}</arg>
<doc>Fails if the ``value`` is not found from ``list``.</doc>
<status status="PASS" start="2024-07-20T21:13:40.259550" elapsed="0.000185"/>
</kw>
<kw name="Set Variable" owner="BuiltIn">
<msg time="2024-07-20T21:13:40.260286" level="INFO">${name_country} = DE</msg>
<var>${name_country}</var>
<arg>${json_data["results"][0]["nat"]}</arg>
<doc>Returns the given values which can then be assigned to a variables.</doc>
<status status="PASS" start="2024-07-20T21:13:40.259915" elapsed="0.000396"/>
</kw>
<kw name="Create List" owner="BuiltIn">
<msg time="2024-07-20T21:13:40.261264" level="INFO">${list_country} = ['AD', 'AE', 'AF', 'AG', 'AI', 'AL', 'AM', 'AO', 'AQ', 'AR', 'AS', 'AT', 'AU', 'AW', 'AX', 'AZ', 'BA', 'BB', 'BD', 'BE', 'BF', 'BG', 'BH', 'BI', 'BJ', 'BL', 'BM', 'BN', 'BO', 'BQ', 'BR', 'BS', 'BT', '...</msg>
<var>${list_country}</var>
<arg>AD</arg>
<arg>AE</arg>
<arg>AF</arg>
<arg>AG</arg>
<arg>AI</arg>
<arg>AL</arg>
<arg>AM</arg>
<arg>AO</arg>
<arg>AQ</arg>
<arg>AR</arg>
<arg>AS</arg>
<arg>AT</arg>
<arg>AU</arg>
<arg>AW</arg>
<arg>AX</arg>
<arg>AZ</arg>
<arg>BA</arg>
<arg>BB</arg>
<arg>BD</arg>
<arg>BE</arg>
<arg>BF</arg>
<arg>BG</arg>
<arg>BH</arg>
<arg>BI</arg>
<arg>BJ</arg>
<arg>BL</arg>
<arg>BM</arg>
<arg>BN</arg>
<arg>BO</arg>
<arg>BQ</arg>
<arg>BR</arg>
<arg>BS</arg>
<arg>BT</arg>
<arg>BV</arg>
<arg>BW</arg>
<arg>BY</arg>
<arg>BZ</arg>
<arg>CA</arg>
<arg>CC</arg>
<arg>CD</arg>
<arg>CF</arg>
<arg>CG</arg>
<arg>CH</arg>
<arg>CI</arg>
<arg>CK</arg>
<arg>CL</arg>
<arg>CM</arg>
<arg>CN</arg>
<arg>CO</arg>
<arg>CR</arg>
<arg>CU</arg>
<arg>CV</arg>
<arg>CW</arg>
<arg>CX</arg>
<arg>CY</arg>
<arg>CZ</arg>
<arg>DE</arg>
<arg>DJ</arg>
<arg>DK</arg>
<arg>DM</arg>
<arg>DO</arg>
<arg>DZ</arg>
<arg>EC</arg>
<arg>EE</arg>
<arg>EG</arg>
<arg>EH</arg>
<arg>ER</arg>
<arg>ES</arg>
<arg>ET</arg>
<arg>FI</arg>
<arg>FJ</arg>
<arg>FK</arg>
<arg>FM</arg>
<arg>FO</arg>
<arg>FR</arg>
<arg>GA</arg>
<arg>GB</arg>
<arg>GD</arg>
<arg>GE</arg>
<arg>GF</arg>
<arg>GG</arg>
<arg>GH</arg>
<arg>GI</arg>
<arg>GL</arg>
<arg>GM</arg>
<arg>GN</arg>
<arg>GP</arg>
<arg>GQ</arg>
<arg>GR</arg>
<arg>GS</arg>
<arg>GT</arg>
<arg>GU</arg>
<arg>GW</arg>
<arg>GY</arg>
<arg>HK</arg>
<arg>HM</arg>
<arg>HN</arg>
<arg>HR</arg>
<arg>HT</arg>
<arg>HU</arg>
<arg>ID</arg>
<arg>IE</arg>
<arg>IL</arg>
<arg>IM</arg>
<arg>IN</arg>
<arg>IO</arg>
<arg>IQ</arg>
<arg>IR</arg>
<arg>IS</arg>
<arg>IT</arg>
<arg>JE</arg>
<arg>JM</arg>
<arg>JO</arg>
<arg>JP</arg>
<arg>KE</arg>
<arg>KG</arg>
<arg>KH</arg>
<arg>KI</arg>
<arg>KM</arg>
<arg>KN</arg>
<arg>KP</arg>
<arg>KR</arg>
<arg>KW</arg>
<arg>KY</arg>
<arg>KZ</arg>
<arg>LA</arg>
<arg>LB</arg>
<arg>LC</arg>
<arg>LI</arg>
<arg>LK</arg>
<arg>LR</arg>
<arg>LS</arg>
<arg>LT</arg>
<arg>LU</arg>
<arg>LV</arg>
<arg>LY</arg>
<arg>MA</arg>
<arg>MC</arg>
<arg>MD</arg>
<arg>ME</arg>
<arg>MF</arg>
<arg>MG</arg>
<arg>MH</arg>
<arg>MK</arg>
<arg>ML</arg>
<arg>MM</arg>
<arg>MN</arg>
<arg>MO</arg>
<arg>MP</arg>
<arg>MQ</arg>
<arg>MR</arg>
<arg>MS</arg>
<arg>MT</arg>
<arg>MU</arg>
<arg>MV</arg>
<arg>MW</arg>
<arg>MX</arg>
<arg>MY</arg>
<arg>MZ</arg>
<arg>NA</arg>
<arg>NC</arg>
<arg>NE</arg>
<arg>NF</arg>
<arg>NG</arg>
<arg>NI</arg>
<arg>NL</arg>
<arg>NO</arg>
<arg>NP</arg>
<arg>NR</arg>
<arg>NU</arg>
<arg>NZ</arg>
<arg>OM</arg>
<arg>PA</arg>
<arg>PE</arg>
<arg>PF</arg>
<arg>PG</arg>
<arg>PH</arg>
<arg>PK</arg>
<arg>PL</arg>
<arg>PM</arg>
<arg>PN</arg>
<arg>PR</arg>
<arg>PS</arg>
<arg>PT</arg>
<arg>PW</arg>
<arg>PY</arg>
<arg>QA</arg>
<arg>RE</arg>
<arg>RO</arg>
<arg>RS</arg>
<arg>RU</arg>
<arg>RW</arg>
<arg>SA</arg>
<arg>SB</arg>
<arg>SC</arg>
<arg>SD</arg>
<arg>SE</arg>
<arg>SG</arg>
<arg>SH</arg>
<arg>SI</arg>
<arg>SJ</arg>
<arg>SK</arg>
<arg>SL</arg>
<arg>SM</arg>
<arg>SN</arg>
<arg>SO</arg>
<arg>SR</arg>
<arg>SS</arg>
<arg>ST</arg>
<arg>SV</arg>
<arg>SX</arg>
<arg>SY</arg>
<arg>SZ</arg>
<arg>TC</arg>
<arg>TD</arg>
<arg>TF</arg>
<arg>TG</arg>
<arg>TH</arg>
<arg>TJ</arg>
<arg>TK</arg>
<arg>TL</arg>
<arg>TM</arg>
<arg>TN</arg>
<arg>TO</arg>
<arg>TR</arg>
<arg>TT</arg>
<arg>TV</arg>
<arg>TW</arg>
<arg>TZ</arg>
<arg>UA</arg>
<arg>UG</arg>
<arg>UM</arg>
<arg>US</arg>
<arg>UY</arg>
<arg>UZ</arg>
<arg>VA</arg>
<arg>VC</arg>
<arg>VE</arg>
<arg>VG</arg>
<arg>VI</arg>
<arg>VN</arg>
<arg>VU</arg>
<arg>WF</arg>
<arg>WS</arg>
<arg>XK</arg>
<arg>YE</arg>
<arg>YT</arg>
<arg>ZA</arg>
<arg>ZM</arg>
<arg>ZW</arg>
<doc>Returns a list containing given items.</doc>
<status status="PASS" start="2024-07-20T21:13:40.260677" elapsed="0.000612"/>
</kw>
<kw name="List Should Contain Value" owner="Collections">
<arg>${list_country}</arg>
<arg>${name_country}</arg>
<doc>Fails if the ``value`` is not found from ``list``.</doc>
<status status="PASS" start="2024-07-20T21:13:40.262328" elapsed="0.000209"/>
</kw>
<kw name="Run Keyword If" owner="BuiltIn">
<kw name="Should Be True" owner="BuiltIn">
<arg>${True}</arg>
<doc>Fails if the given condition is not true.</doc>
<status status="PASS" start="2024-07-20T21:13:40.263479" elapsed="0.000140"/>
</kw>
<arg>${json_data["results"][0]["location"]["coordinates"]["latitude"]} &gt;= -90 and ${json_data["results"][0]["location"]["coordinates"]["latitude"]} &lt;= 90</arg>
<arg>Should Be True</arg>
<arg>${True}</arg>
<doc>Runs the given keyword with the given arguments, if ``condition`` is true.</doc>
<status status="PASS" start="2024-07-20T21:13:40.262738" elapsed="0.001006"/>
</kw>
<kw name="Run Keyword If" owner="BuiltIn">
<kw name="Should Be True" owner="BuiltIn">
<arg>${True}</arg>
<doc>Fails if the given condition is not true.</doc>
<status status="PASS" start="2024-07-20T21:13:40.264657" elapsed="0.000138"/>
</kw>
<arg>${json_data["results"][0]["location"]["coordinates"]["longitude"]} &gt;= -180 and ${json_data["results"][0]["location"]["coordinates"]["longitude"]} &lt;= 180</arg>
<arg>Should Be True</arg>
<arg>${True}</arg>
<doc>Runs the given keyword with the given arguments, if ``condition`` is true.</doc>
<status status="PASS" start="2024-07-20T21:13:40.263926" elapsed="0.000992"/>
</kw>
<status status="PASS" start="2024-07-20T21:13:40.152661" elapsed="0.112389"/>
</kw>
<doc>Testa o conteúdo específico dos campos retornados pela API.</doc>
<tag>testeConteudo</tag>
<status status="PASS" start="2024-07-20T21:13:40.152096" elapsed="0.113104"/>
</test>
<status status="PASS" start="2024-07-20T21:13:39.330952" elapsed="0.936213"/>
</suite>
<status status="PASS" start="2024-07-20T21:13:39.316057" elapsed="0.956031"/>
</suite>
<statistics>
<total>
<stat pass="5" fail="0" skip="0">All Tests</stat>
</total>
<tag>
<stat pass="1" fail="0" skip="0">testeConteudo</stat>
<stat pass="1" fail="0" skip="0">testeEstruturaResposta</stat>
<stat pass="1" fail="0" skip="0">testeRequisicaoBasica</stat>
<stat pass="1" fail="0" skip="0">testeTiposDados</stat>
</tag>
<suite>
<stat pass="5" fail="0" skip="0" id="s1" name="Tests">Tests</stat>
<stat pass="5" fail="0" skip="0" id="s1-s1" name="Random-User-Test">Tests.Random-User-Test</stat>
</suite>
</statistics>
<errors>
</errors>
</robot>
