<?xml version="1.0" encoding="UTF-8"?>
<robot generator="Robot 7.0.1 (Python 3.12.3 on linux)" generated="2024-06-12T18:20:07.915962" rpa="false" schemaversion="5">
<suite id="s1" name="Tests" source="/home/runner/work/ApiRandomUser/ApiRandomUser/RamdonUser/tests">
<suite id="s1-s1" name="Random-User-Test" source="/home/runner/work/ApiRandomUser/ApiRandomUser/RamdonUser/tests/random-user-test.robot">
<test id="s1-s1-t1" name="Conectar" line="13">
<kw name="Conectar API" owner="random-user-service">
<kw name="Create Session" owner="RequestsLibrary">
<msg time="2024-06-12T18:20:08.311903" level="INFO">Creating Session using : alias=consultarAPI, url=https://randomuser.me/, headers={},                     cookies={}, auth=None, timeout=None, proxies=None, verify=False,                     debug=0 </msg>
<arg>consultarAPI</arg>
<arg>${URL}</arg>
<doc>Create Session: create a HTTP session to a server</doc>
<status status="PASS" start="2024-06-12T18:20:08.311701" elapsed="0.000386"/>
</kw>
<status status="PASS" start="2024-06-12T18:20:08.310721" elapsed="0.001727"/>
</kw>
<status status="PASS" start="2024-06-12T18:20:08.310147" elapsed="0.002494"/>
</test>
<test id="s1-s1-t2" name="Validar retorno 200 e JSON Válido" line="16">
<kw name="Teste de Requisicao Basica" owner="random-user-service">
<kw name="GET On Session" owner="RequestsLibrary">
<msg time="2024-06-12T18:20:17.049497" level="INFO">GET Request : url=https://randomuser.me/api 
 path_url=/api 
 headers={'User-Agent': 'python-requests/2.32.3', 'Accept-Encoding': 'gzip, deflate', 'Accept': '*/*', 'Connection': 'keep-alive'} 
 body=None 
 </msg>
<msg time="2024-06-12T18:20:17.049652" level="INFO">GET Response : url=https://randomuser.me/api 
 status=200, reason=OK 
 headers={'Date': 'Wed, 12 Jun 2024 18:20:17 GMT', 'Content-Type': 'application/json; charset=utf-8', 'Transfer-Encoding': 'chunked', 'Connection': 'keep-alive', 'X-Powered-By': 'Express', 'Access-Control-Allow-Origin': '*', 'Cache-Control': 'no-cache', 'ETag': 'W/"4a7-GEqY8rkoTFQtXAjptGIj5gdajWA"', 'Vary': 'Accept-Encoding', 'Content-Encoding': 'gzip', 'CF-Cache-Status': 'DYNAMIC', 'Report-To': '{"endpoints":[{"url":"https:\\/\\/a.nel.cloudflare.com\\/report\\/v4?s=o02DsDdz1R6m76mkEy4duE8Ad1Y3hkGEP2RYaIy2X06ZrG5%2FPazwvI%2FWDcVT4IMDBLkn4ZFAj2a7X4K7Z4GZY9WjteVyc%2Fyak61IyfpMxMZSzvdVwWtLHyo9CAQ8wBc2"}],"group":"cf-nel","max_age":604800}', 'NEL': '{"success_fraction":0,"report_to":"cf-nel","max_age":604800}', 'Server': 'cloudflare', 'CF-RAY': '892bda682e527f86-IAD', 'alt-svc': 'h3=":443"; ma=86400'} 
 body={"results":[{"gender":"male","name":{"title":"Mr","first":"Anselmo","last":"Rocha"},"location":{"street":{"number":1079,"name":"Rua Dezenove de Outubro"},"city":"Franco da Rocha","state":"Sergipe","country":"Brazil","postcode":27234,"coordinates":{"latitude":"-80.8280","longitude":"-22.8761"},"timezone":{"offset":"+8:00","description":"Beijing, Perth, Singapore, Hong Kong"}},"email":"anselmo.rocha@example.com","login":{"uuid":"1dd135e3-85c2-4785-8549-1ea93f2b1279","username":"brownmeercat190","password":"ericsson","salt":"GvWkCHwF","md5":"f5bc640bbe70394a0c55ec534246cddb","sha1":"5b7a288badda41b28d13218c8677ddb1f7f3db06","sha256":"77ff8403e23ae42d2d8f6fbec61c81c45db56371413bb713249c692c1c82defe"},"dob":{"date":"1997-02-06T21:47:29.237Z","age":27},"registered":{"date":"2015-05-30T03:09:31.894Z","age":9},"phone":"(29) 1601-4532","cell":"(76) 4794-2347","id":{"name":"CPF","value":"458.382.258-77"},"picture":{"large":"https://randomuser.me/api/portraits/men/56.jpg","medium":"https://randomuser.me/api/portraits/med/men/56.jpg","thumbnail":"https://randomuser.me/api/portraits/thumb/men/56.jpg"},"nat":"BR"}],"info":{"seed":"80baef14e278d4ed","results":1,"page":1,"version":"1.4"}} 
 </msg>
<msg time="2024-06-12T18:20:17.049733" level="INFO">/opt/hostedtoolcache/Python/3.12.3/x64/lib/python3.12/site-packages/urllib3/connectionpool.py:1103: InsecureRequestWarning: Unverified HTTPS request is being made to host 'randomuser.me'. Adding certificate verification is strongly advised. See: https://urllib3.readthedocs.io/en/latest/advanced-usage.html#tls-warnings
  warnings.warn(</msg>
<msg time="2024-06-12T18:20:17.049869" level="INFO">${response} = &lt;Response [200]&gt;</msg>
<var>${response}</var>
<arg>consultarAPI</arg>
<arg>/api</arg>
<doc>Sends a GET request on a previously created HTTP Session.</doc>
<status status="PASS" start="2024-06-12T18:20:08.315243" elapsed="8.734665"/>
</kw>
<kw name="Should Be Equal As Numbers" owner="BuiltIn">
<msg time="2024-06-12T18:20:17.050941" level="INFO">Argument types are:
&lt;class 'int'&gt;
&lt;class 'str'&gt;</msg>
<arg>${response.status_code}</arg>
<arg>200</arg>
<doc>Fails if objects are unequal after converting them to real numbers.</doc>
<status status="PASS" start="2024-06-12T18:20:17.050486" elapsed="0.000518"/>
</kw>
<kw name="Log" owner="BuiltIn">
<msg time="2024-06-12T18:20:17.051673" level="INFO">200</msg>
<arg>${response.status_code}</arg>
<doc>Logs the given message with the given level.</doc>
<status status="PASS" start="2024-06-12T18:20:17.051328" elapsed="0.000392"/>
</kw>
<kw name="Set Variable" owner="BuiltIn">
<msg time="2024-06-12T18:20:17.052456" level="INFO">${json_data} = {'results': [{'gender': 'male', 'name': {'title': 'Mr', 'first': 'Anselmo', 'last': 'Rocha'}, 'location': {'street': {'number': 1079, 'name': 'Rua Dezenove de Outubro'}, 'city': 'Franco da Rocha', 'st...</msg>
<var>${json_data}</var>
<arg>${response.json()}</arg>
<doc>Returns the given values which can then be assigned to a variables.</doc>
<status status="PASS" start="2024-06-12T18:20:17.052025" elapsed="0.000459"/>
</kw>
<kw name="Dictionary Should Contain Key" owner="Collections">
<arg>${json_data}</arg>
<arg>results</arg>
<doc>Fails if ``key`` is not found from ``dictionary``.</doc>
<status status="PASS" start="2024-06-12T18:20:17.052780" elapsed="0.000173"/>
</kw>
<status status="PASS" start="2024-06-12T18:20:08.315005" elapsed="8.738100"/>
</kw>
<doc>Testa se a API responde corretamente e retorna um objeto JSON válido.</doc>
<tag>testeRequisicaoBasica</tag>
<status status="PASS" start="2024-06-12T18:20:08.314534" elapsed="8.738747"/>
</test>
<test id="s1-s1-t3" name="Validar estrutura de resposta" line="22">
<kw name="Teste de Estrutura de Resposta" owner="random-user-service">
<kw name="GET On Session" owner="RequestsLibrary">
<msg time="2024-06-12T18:20:19.533213" level="INFO">GET Request : url=https://randomuser.me/api 
 path_url=/api 
 headers={'User-Agent': 'python-requests/2.32.3', 'Accept-Encoding': 'gzip, deflate', 'Accept': '*/*', 'Connection': 'keep-alive'} 
 body=None 
 </msg>
<msg time="2024-06-12T18:20:19.533328" level="INFO">GET Response : url=https://randomuser.me/api 
 status=200, reason=OK 
 headers={'Date': 'Wed, 12 Jun 2024 18:20:19 GMT', 'Content-Type': 'application/json; charset=utf-8', 'Transfer-Encoding': 'chunked', 'Connection': 'keep-alive', 'X-Powered-By': 'Express', 'Access-Control-Allow-Origin': '*', 'Cache-Control': 'no-cache', 'ETag': 'W/"4a1-thdu5RS6PvMheWV+YwBH5dqV3S4"', 'Vary': 'Accept-Encoding', 'Content-Encoding': 'gzip', 'CF-Cache-Status': 'DYNAMIC', 'Report-To': '{"endpoints":[{"url":"https:\\/\\/a.nel.cloudflare.com\\/report\\/v4?s=wc8PohUbtyrMfPn9MKg7214ifNGxAWz17pJLqmalxpTK%2BSg5VofNFyDijt043kOsbqxOvk%2Fv%2FLZsf%2FKgBhFwJLwXV%2FnB2DtizkNYk01GJQ81pQvHcgiUevqPz9vxgd4g"}],"group":"cf-nel","max_age":604800}', 'NEL': '{"success_fraction":0,"report_to":"cf-nel","max_age":604800}', 'Server': 'cloudflare', 'CF-RAY': '892bda9e9a0b7f86-IAD', 'alt-svc': 'h3=":443"; ma=86400'} 
 body={"results":[{"gender":"female","name":{"title":"Mademoiselle","first":"Stephanie","last":"Vincent"},"location":{"street":{"number":9645,"name":"Rue Abel"},"city":"Kestenholz","state":"Valais","country":"Switzerland","postcode":2851,"coordinates":{"latitude":"-63.0308","longitude":"140.0363"},"timezone":{"offset":"+7:00","description":"Bangkok, Hanoi, Jakarta"}},"email":"stephanie.vincent@example.com","login":{"uuid":"efcdf57d-0612-44fa-88b8-83fe52372e2b","username":"orangeleopard300","password":"ralph","salt":"yeir9MXH","md5":"2b058f318cad97df37d6c49f4ce87f5c","sha1":"2d4557a103ceceacb7a202fa277818b3570e26a7","sha256":"112cd4cd3e7ee65c251b500e6e919311340c620aa837a62afa8dfc6202fc8eb4"},"dob":{"date":"2000-09-10T20:58:44.678Z","age":23},"registered":{"date":"2020-05-22T05:22:02.320Z","age":4},"phone":"077 181 74 63","cell":"079 167 32 58","id":{"name":"AVS","value":"756.7791.9653.02"},"picture":{"large":"https://randomuser.me/api/portraits/women/35.jpg","medium":"https://randomuser.me/api/portraits/med/women/35.jpg","thumbnail":"https://randomuser.me/api/portraits/thumb/women/35.jpg"},"nat":"CH"}],"info":{"seed":"259c31dd4d229014","results":1,"page":1,"version":"1.4"}} 
 </msg>
<msg time="2024-06-12T18:20:19.533479" level="INFO">/opt/hostedtoolcache/Python/3.12.3/x64/lib/python3.12/site-packages/urllib3/connectionpool.py:1103: InsecureRequestWarning: Unverified HTTPS request is being made to host 'randomuser.me'. Adding certificate verification is strongly advised. See: https://urllib3.readthedocs.io/en/latest/advanced-usage.html#tls-warnings
  warnings.warn(</msg>
<msg time="2024-06-12T18:20:19.533632" level="INFO">${response} = &lt;Response [200]&gt;</msg>
<var>${response}</var>
<arg>consultarAPI</arg>
<arg>/api</arg>
<doc>Sends a GET request on a previously created HTTP Session.</doc>
<status status="PASS" start="2024-06-12T18:20:17.055901" elapsed="2.477778"/>
</kw>
<kw name="Set Variable" owner="BuiltIn">
<msg time="2024-06-12T18:20:19.534908" level="INFO">${json_data} = {'results': [{'gender': 'female', 'name': {'title': 'Mademoiselle', 'first': 'Stephanie', 'last': 'Vincent'}, 'location': {'street': {'number': 9645, 'name': 'Rue Abel'}, 'city': 'Kestenholz', 'state'...</msg>
<var>${json_data}</var>
<arg>${response.json()}</arg>
<doc>Returns the given values which can then be assigned to a variables.</doc>
<status status="PASS" start="2024-06-12T18:20:19.534336" elapsed="0.000600"/>
</kw>
<kw name="Log" owner="BuiltIn">
<msg time="2024-06-12T18:20:19.535403" level="INFO">{'results': [{'gender': 'female', 'name': {'title': 'Mademoiselle', 'first': 'Stephanie', 'last': 'Vincent'}, 'location': {'street': {'number': 9645, 'name': 'Rue Abel'}, 'city': 'Kestenholz', 'state': 'Valais', 'country': 'Switzerland', 'postcode': 2851, 'coordinates': {'latitude': '-63.0308', 'longitude': '140.0363'}, 'timezone': {'offset': '+7:00', 'description': 'Bangkok, Hanoi, Jakarta'}}, 'email': 'stephanie.vincent@example.com', 'login': {'uuid': 'efcdf57d-0612-44fa-88b8-83fe52372e2b', 'username': 'orangeleopard300', 'password': 'ralph', 'salt': 'yeir9MXH', 'md5': '2b058f318cad97df37d6c49f4ce87f5c', 'sha1': '2d4557a103ceceacb7a202fa277818b3570e26a7', 'sha256': '112cd4cd3e7ee65c251b500e6e919311340c620aa837a62afa8dfc6202fc8eb4'}, 'dob': {'date': '2000-09-10T20:58:44.678Z', 'age': 23}, 'registered': {'date': '2020-05-22T05:22:02.320Z', 'age': 4}, 'phone': '077 181 74 63', 'cell': '079 167 32 58', 'id': {'name': 'AVS', 'value': '756.7791.9653.02'}, 'picture': {'large': 'https://randomuser.me/api/portraits/women/35.jpg', 'medium': 'https://randomuser.me/api/portraits/med/women/35.jpg', 'thumbnail': 'https://randomuser.me/api/portraits/thumb/women/35.jpg'}, 'nat': 'CH'}], 'info': {'seed': '259c31dd4d229014', 'results': 1, 'page': 1, 'version': '1.4'}}</msg>
<arg>${json_data}</arg>
<doc>Logs the given message with the given level.</doc>
<status status="PASS" start="2024-06-12T18:20:19.535244" elapsed="0.000211"/>
</kw>
<kw name="Dictionary Should Contain Key" owner="Collections">
<arg>${json_data}</arg>
<arg>results</arg>
<doc>Fails if ``key`` is not found from ``dictionary``.</doc>
<status status="PASS" start="2024-06-12T18:20:19.535752" elapsed="0.000157"/>
</kw>
<kw name="Should Not Be Empty" owner="BuiltIn">
<msg time="2024-06-12T18:20:19.536213" level="INFO">Length is 2.</msg>
<arg>${json_data}</arg>
<doc>Verifies that the given item is not empty.</doc>
<status status="PASS" start="2024-06-12T18:20:19.536090" elapsed="0.000161"/>
</kw>
<kw name="Create List" owner="BuiltIn">
<msg time="2024-06-12T18:20:19.536696" level="INFO">${expected_keys} = ['gender', 'name', 'location', 'email', 'login']</msg>
<var>${expected_keys}</var>
<arg>gender</arg>
<arg>name</arg>
<arg>location</arg>
<arg>email</arg>
<arg>login</arg>
<doc>Returns a list containing given items.</doc>
<status status="PASS" start="2024-06-12T18:20:19.536543" elapsed="0.000177"/>
</kw>
<for flavor="IN">
<iter>
<kw name="Dictionary Should Contain Key" owner="Collections">
<arg>${json_data['results'][0]}</arg>
<arg>${key}</arg>
<doc>Fails if ``key`` is not found from ``dictionary``.</doc>
<status status="PASS" start="2024-06-12T18:20:19.537454" elapsed="0.000404"/>
</kw>
<kw name="Log" owner="BuiltIn">
<msg time="2024-06-12T18:20:19.538436" level="INFO">{'gender': 'female', 'name': {'title': 'Mademoiselle', 'first': 'Stephanie', 'last': 'Vincent'}, 'location': {'street': {'number': 9645, 'name': 'Rue Abel'}, 'city': 'Kestenholz', 'state': 'Valais', 'country': 'Switzerland', 'postcode': 2851, 'coordinates': {'latitude': '-63.0308', 'longitude': '140.0363'}, 'timezone': {'offset': '+7:00', 'description': 'Bangkok, Hanoi, Jakarta'}}, 'email': 'stephanie.vincent@example.com', 'login': {'uuid': 'efcdf57d-0612-44fa-88b8-83fe52372e2b', 'username': 'orangeleopard300', 'password': 'ralph', 'salt': 'yeir9MXH', 'md5': '2b058f318cad97df37d6c49f4ce87f5c', 'sha1': '2d4557a103ceceacb7a202fa277818b3570e26a7', 'sha256': '112cd4cd3e7ee65c251b500e6e919311340c620aa837a62afa8dfc6202fc8eb4'}, 'dob': {'date': '2000-09-10T20:58:44.678Z', 'age': 23}, 'registered': {'date': '2020-05-22T05:22:02.320Z', 'age': 4}, 'phone': '077 181 74 63', 'cell': '079 167 32 58', 'id': {'name': 'AVS', 'value': '756.7791.9653.02'}, 'picture': {'large': 'https://randomuser.me/api/portraits/women/35.jpg', 'medium': 'https://randomuser.me/api/portraits/med/women/35.jpg', 'thumbnail': 'https://randomuser.me/api/portraits/thumb/women/35.jpg'}, 'nat': 'CH'}</msg>
<arg>${json_data['results'][0]}</arg>
<doc>Logs the given message with the given level.</doc>
<status status="PASS" start="2024-06-12T18:20:19.538045" elapsed="0.000441"/>
</kw>
<kw name="Log" owner="BuiltIn">
<msg time="2024-06-12T18:20:19.538909" level="INFO">gender</msg>
<arg>${key}</arg>
<doc>Logs the given message with the given level.</doc>
<status status="PASS" start="2024-06-12T18:20:19.538783" elapsed="0.000165"/>
</kw>
<var name="${key}">gender</var>
<status status="PASS" start="2024-06-12T18:20:19.537328" elapsed="0.001835"/>
</iter>
<iter>
<kw name="Dictionary Should Contain Key" owner="Collections">
<arg>${json_data['results'][0]}</arg>
<arg>${key}</arg>
<doc>Fails if ``key`` is not found from ``dictionary``.</doc>
<status status="PASS" start="2024-06-12T18:20:19.539457" elapsed="0.000396"/>
</kw>
<kw name="Log" owner="BuiltIn">
<msg time="2024-06-12T18:20:19.540426" level="INFO">{'gender': 'female', 'name': {'title': 'Mademoiselle', 'first': 'Stephanie', 'last': 'Vincent'}, 'location': {'street': {'number': 9645, 'name': 'Rue Abel'}, 'city': 'Kestenholz', 'state': 'Valais', 'country': 'Switzerland', 'postcode': 2851, 'coordinates': {'latitude': '-63.0308', 'longitude': '140.0363'}, 'timezone': {'offset': '+7:00', 'description': 'Bangkok, Hanoi, Jakarta'}}, 'email': 'stephanie.vincent@example.com', 'login': {'uuid': 'efcdf57d-0612-44fa-88b8-83fe52372e2b', 'username': 'orangeleopard300', 'password': 'ralph', 'salt': 'yeir9MXH', 'md5': '2b058f318cad97df37d6c49f4ce87f5c', 'sha1': '2d4557a103ceceacb7a202fa277818b3570e26a7', 'sha256': '112cd4cd3e7ee65c251b500e6e919311340c620aa837a62afa8dfc6202fc8eb4'}, 'dob': {'date': '2000-09-10T20:58:44.678Z', 'age': 23}, 'registered': {'date': '2020-05-22T05:22:02.320Z', 'age': 4}, 'phone': '077 181 74 63', 'cell': '079 167 32 58', 'id': {'name': 'AVS', 'value': '756.7791.9653.02'}, 'picture': {'large': 'https://randomuser.me/api/portraits/women/35.jpg', 'medium': 'https://randomuser.me/api/portraits/med/women/35.jpg', 'thumbnail': 'https://randomuser.me/api/portraits/thumb/women/35.jpg'}, 'nat': 'CH'}</msg>
<arg>${json_data['results'][0]}</arg>
<doc>Logs the given message with the given level.</doc>
<status status="PASS" start="2024-06-12T18:20:19.540040" elapsed="0.000434"/>
</kw>
<kw name="Log" owner="BuiltIn">
<msg time="2024-06-12T18:20:19.540903" level="INFO">name</msg>
<arg>${key}</arg>
<doc>Logs the given message with the given level.</doc>
<status status="PASS" start="2024-06-12T18:20:19.540775" elapsed="0.000165"/>
</kw>
<var name="${key}">name</var>
<status status="PASS" start="2024-06-12T18:20:19.539346" elapsed="0.001815"/>
</iter>
<iter>
<kw name="Dictionary Should Contain Key" owner="Collections">
<arg>${json_data['results'][0]}</arg>
<arg>${key}</arg>
<doc>Fails if ``key`` is not found from ``dictionary``.</doc>
<status status="PASS" start="2024-06-12T18:20:19.541450" elapsed="0.000391"/>
</kw>
<kw name="Log" owner="BuiltIn">
<msg time="2024-06-12T18:20:19.542417" level="INFO">{'gender': 'female', 'name': {'title': 'Mademoiselle', 'first': 'Stephanie', 'last': 'Vincent'}, 'location': {'street': {'number': 9645, 'name': 'Rue Abel'}, 'city': 'Kestenholz', 'state': 'Valais', 'country': 'Switzerland', 'postcode': 2851, 'coordinates': {'latitude': '-63.0308', 'longitude': '140.0363'}, 'timezone': {'offset': '+7:00', 'description': 'Bangkok, Hanoi, Jakarta'}}, 'email': 'stephanie.vincent@example.com', 'login': {'uuid': 'efcdf57d-0612-44fa-88b8-83fe52372e2b', 'username': 'orangeleopard300', 'password': 'ralph', 'salt': 'yeir9MXH', 'md5': '2b058f318cad97df37d6c49f4ce87f5c', 'sha1': '2d4557a103ceceacb7a202fa277818b3570e26a7', 'sha256': '112cd4cd3e7ee65c251b500e6e919311340c620aa837a62afa8dfc6202fc8eb4'}, 'dob': {'date': '2000-09-10T20:58:44.678Z', 'age': 23}, 'registered': {'date': '2020-05-22T05:22:02.320Z', 'age': 4}, 'phone': '077 181 74 63', 'cell': '079 167 32 58', 'id': {'name': 'AVS', 'value': '756.7791.9653.02'}, 'picture': {'large': 'https://randomuser.me/api/portraits/women/35.jpg', 'medium': 'https://randomuser.me/api/portraits/med/women/35.jpg', 'thumbnail': 'https://randomuser.me/api/portraits/thumb/women/35.jpg'}, 'nat': 'CH'}</msg>
<arg>${json_data['results'][0]}</arg>
<doc>Logs the given message with the given level.</doc>
<status status="PASS" start="2024-06-12T18:20:19.542024" elapsed="0.000442"/>
</kw>
<kw name="Log" owner="BuiltIn">
<msg time="2024-06-12T18:20:19.542888" level="INFO">location</msg>
<arg>${key}</arg>
<doc>Logs the given message with the given level.</doc>
<status status="PASS" start="2024-06-12T18:20:19.542762" elapsed="0.000163"/>
</kw>
<var name="${key}">location</var>
<status status="PASS" start="2024-06-12T18:20:19.541340" elapsed="0.001800"/>
</iter>
<iter>
<kw name="Dictionary Should Contain Key" owner="Collections">
<arg>${json_data['results'][0]}</arg>
<arg>${key}</arg>
<doc>Fails if ``key`` is not found from ``dictionary``.</doc>
<status status="PASS" start="2024-06-12T18:20:19.543419" elapsed="0.000382"/>
</kw>
<kw name="Log" owner="BuiltIn">
<msg time="2024-06-12T18:20:19.544330" level="INFO">{'gender': 'female', 'name': {'title': 'Mademoiselle', 'first': 'Stephanie', 'last': 'Vincent'}, 'location': {'street': {'number': 9645, 'name': 'Rue Abel'}, 'city': 'Kestenholz', 'state': 'Valais', 'country': 'Switzerland', 'postcode': 2851, 'coordinates': {'latitude': '-63.0308', 'longitude': '140.0363'}, 'timezone': {'offset': '+7:00', 'description': 'Bangkok, Hanoi, Jakarta'}}, 'email': 'stephanie.vincent@example.com', 'login': {'uuid': 'efcdf57d-0612-44fa-88b8-83fe52372e2b', 'username': 'orangeleopard300', 'password': 'ralph', 'salt': 'yeir9MXH', 'md5': '2b058f318cad97df37d6c49f4ce87f5c', 'sha1': '2d4557a103ceceacb7a202fa277818b3570e26a7', 'sha256': '112cd4cd3e7ee65c251b500e6e919311340c620aa837a62afa8dfc6202fc8eb4'}, 'dob': {'date': '2000-09-10T20:58:44.678Z', 'age': 23}, 'registered': {'date': '2020-05-22T05:22:02.320Z', 'age': 4}, 'phone': '077 181 74 63', 'cell': '079 167 32 58', 'id': {'name': 'AVS', 'value': '756.7791.9653.02'}, 'picture': {'large': 'https://randomuser.me/api/portraits/women/35.jpg', 'medium': 'https://randomuser.me/api/portraits/med/women/35.jpg', 'thumbnail': 'https://randomuser.me/api/portraits/thumb/women/35.jpg'}, 'nat': 'CH'}</msg>
<arg>${json_data['results'][0]}</arg>
<doc>Logs the given message with the given level.</doc>
<status status="PASS" start="2024-06-12T18:20:19.543980" elapsed="0.000396"/>
</kw>
<kw name="Log" owner="BuiltIn">
<msg time="2024-06-12T18:20:19.544797" level="INFO">email</msg>
<arg>${key}</arg>
<doc>Logs the given message with the given level.</doc>
<status status="PASS" start="2024-06-12T18:20:19.544670" elapsed="0.000165"/>
</kw>
<var name="${key}">email</var>
<status status="PASS" start="2024-06-12T18:20:19.543312" elapsed="0.001737"/>
</iter>
<iter>
<kw name="Dictionary Should Contain Key" owner="Collections">
<arg>${json_data['results'][0]}</arg>
<arg>${key}</arg>
<doc>Fails if ``key`` is not found from ``dictionary``.</doc>
<status status="PASS" start="2024-06-12T18:20:19.545331" elapsed="0.000387"/>
</kw>
<kw name="Log" owner="BuiltIn">
<msg time="2024-06-12T18:20:19.546291" level="INFO">{'gender': 'female', 'name': {'title': 'Mademoiselle', 'first': 'Stephanie', 'last': 'Vincent'}, 'location': {'street': {'number': 9645, 'name': 'Rue Abel'}, 'city': 'Kestenholz', 'state': 'Valais', 'country': 'Switzerland', 'postcode': 2851, 'coordinates': {'latitude': '-63.0308', 'longitude': '140.0363'}, 'timezone': {'offset': '+7:00', 'description': 'Bangkok, Hanoi, Jakarta'}}, 'email': 'stephanie.vincent@example.com', 'login': {'uuid': 'efcdf57d-0612-44fa-88b8-83fe52372e2b', 'username': 'orangeleopard300', 'password': 'ralph', 'salt': 'yeir9MXH', 'md5': '2b058f318cad97df37d6c49f4ce87f5c', 'sha1': '2d4557a103ceceacb7a202fa277818b3570e26a7', 'sha256': '112cd4cd3e7ee65c251b500e6e919311340c620aa837a62afa8dfc6202fc8eb4'}, 'dob': {'date': '2000-09-10T20:58:44.678Z', 'age': 23}, 'registered': {'date': '2020-05-22T05:22:02.320Z', 'age': 4}, 'phone': '077 181 74 63', 'cell': '079 167 32 58', 'id': {'name': 'AVS', 'value': '756.7791.9653.02'}, 'picture': {'large': 'https://randomuser.me/api/portraits/women/35.jpg', 'medium': 'https://randomuser.me/api/portraits/med/women/35.jpg', 'thumbnail': 'https://randomuser.me/api/portraits/thumb/women/35.jpg'}, 'nat': 'CH'}</msg>
<arg>${json_data['results'][0]}</arg>
<doc>Logs the given message with the given level.</doc>
<status status="PASS" start="2024-06-12T18:20:19.545900" elapsed="0.000450"/>
</kw>
<kw name="Log" owner="BuiltIn">
<msg time="2024-06-12T18:20:19.546769" level="INFO">login</msg>
<arg>${key}</arg>
<doc>Logs the given message with the given level.</doc>
<status status="PASS" start="2024-06-12T18:20:19.546643" elapsed="0.000162"/>
</kw>
<var name="${key}">login</var>
<status status="PASS" start="2024-06-12T18:20:19.545222" elapsed="0.001796"/>
</iter>
<var>${key}</var>
<value>@{expected_keys}</value>
<status status="PASS" start="2024-06-12T18:20:19.537135" elapsed="0.010028"/>
</for>
<kw name="Create List" owner="BuiltIn">
<msg time="2024-06-12T18:20:19.547556" level="INFO">${expected_keysTwo} = ['username', 'password']</msg>
<var>${expected_keysTwo}</var>
<arg>username</arg>
<arg>password</arg>
<doc>Returns a list containing given items.</doc>
<status status="PASS" start="2024-06-12T18:20:19.547407" elapsed="0.000174"/>
</kw>
<for flavor="IN">
<iter>
<kw name="Dictionary Should Contain Key" owner="Collections">
<arg>${json_data['results'][0]['login']}</arg>
<arg>${keyTwo}</arg>
<doc>Fails if ``key`` is not found from ``dictionary``.</doc>
<status status="PASS" start="2024-06-12T18:20:19.548082" elapsed="0.000379"/>
</kw>
<kw name="Dictionary Should Contain Key" owner="Collections">
<arg>${json_data['results'][0]['login']}</arg>
<arg>${keyTwo}</arg>
<doc>Fails if ``key`` is not found from ``dictionary``.</doc>
<status status="PASS" start="2024-06-12T18:20:19.548642" elapsed="0.000380"/>
</kw>
<kw name="Log" owner="BuiltIn">
<msg time="2024-06-12T18:20:19.549320" level="INFO">username</msg>
<arg>${keyTwo}</arg>
<doc>Logs the given message with the given level.</doc>
<status status="PASS" start="2024-06-12T18:20:19.549201" elapsed="0.000160"/>
</kw>
<var name="${keyTwo}">username</var>
<status status="PASS" start="2024-06-12T18:20:19.547975" elapsed="0.001609"/>
</iter>
<iter>
<kw name="Dictionary Should Contain Key" owner="Collections">
<arg>${json_data['results'][0]['login']}</arg>
<arg>${keyTwo}</arg>
<doc>Fails if ``key`` is not found from ``dictionary``.</doc>
<status status="PASS" start="2024-06-12T18:20:19.549879" elapsed="0.000425"/>
</kw>
<kw name="Dictionary Should Contain Key" owner="Collections">
<arg>${json_data['results'][0]['login']}</arg>
<arg>${keyTwo}</arg>
<doc>Fails if ``key`` is not found from ``dictionary``.</doc>
<status status="PASS" start="2024-06-12T18:20:19.550486" elapsed="0.000374"/>
</kw>
<kw name="Log" owner="BuiltIn">
<msg time="2024-06-12T18:20:19.551157" level="INFO">password</msg>
<arg>${keyTwo}</arg>
<doc>Logs the given message with the given level.</doc>
<status status="PASS" start="2024-06-12T18:20:19.551038" elapsed="0.000156"/>
</kw>
<var name="${keyTwo}">password</var>
<status status="PASS" start="2024-06-12T18:20:19.549761" elapsed="0.001653"/>
</iter>
<var>${keyTwo}</var>
<value>@{expected_keysTwo}</value>
<status status="PASS" start="2024-06-12T18:20:19.547820" elapsed="0.003714"/>
</for>
<status status="PASS" start="2024-06-12T18:20:17.055666" elapsed="2.496010"/>
</kw>
<doc>Testa a estrutura da resposta da API.</doc>
<tag>testeEstruturaResposta</tag>
<status status="PASS" start="2024-06-12T18:20:17.055145" elapsed="2.496694"/>
</test>
<test id="s1-s1-t4" name="Validar tipos de dados" line="28">
<kw name="Teste de Tipos de Dados" owner="random-user-service">
<kw name="GET On Session" owner="RequestsLibrary">
<msg time="2024-06-12T18:20:20.593502" level="INFO">GET Request : url=https://randomuser.me/api 
 path_url=/api 
 headers={'User-Agent': 'python-requests/2.32.3', 'Accept-Encoding': 'gzip, deflate', 'Accept': '*/*', 'Connection': 'keep-alive'} 
 body=None 
 </msg>
<msg time="2024-06-12T18:20:20.593609" level="INFO">GET Response : url=https://randomuser.me/api 
 status=200, reason=OK 
 headers={'Date': 'Wed, 12 Jun 2024 18:20:20 GMT', 'Content-Type': 'application/json; charset=utf-8', 'Transfer-Encoding': 'chunked', 'Connection': 'keep-alive', 'X-Powered-By': 'Express', 'Access-Control-Allow-Origin': '*', 'Cache-Control': 'no-cache', 'ETag': 'W/"4ad-2LU7clE4y7LLxGLPLIiXA5agqh0"', 'Vary': 'Accept-Encoding', 'Content-Encoding': 'gzip', 'CF-Cache-Status': 'DYNAMIC', 'Report-To': '{"endpoints":[{"url":"https:\\/\\/a.nel.cloudflare.com\\/report\\/v4?s=mzEyeI2f0t29efp3yWxeYu9GSs%2BdUzKbtQYgIrwGtyco0ZSNVsb0znQLfVzQEGR%2BFMHTyXvyHcgCZo%2Fft8En79TJSbwYzH9kTEprG%2FnWagfRTrHm7rqQKQRJ3CfUpy8A"}],"group":"cf-nel","max_age":604800}', 'NEL': '{"success_fraction":0,"report_to":"cf-nel","max_age":604800}', 'Server': 'cloudflare', 'CF-RAY': '892bdaae389e7f86-IAD', 'alt-svc': 'h3=":443"; ma=86400'} 
 body={"results":[{"gender":"female","name":{"title":"Ms","first":"Minttu","last":"Erkkila"},"location":{"street":{"number":7245,"name":"Myllypuronkatu"},"city":"Helsinki","state":"Southern Ostrobothnia","country":"Finland","postcode":14579,"coordinates":{"latitude":"-28.6046","longitude":"105.5643"},"timezone":{"offset":"+1:00","description":"Brussels, Copenhagen, Madrid, Paris"}},"email":"minttu.erkkila@example.com","login":{"uuid":"a0e7b61c-09a4-4724-875c-a46698ede07c","username":"smallostrich350","password":"duffer","salt":"JQtEkssD","md5":"991b3c0b62214171bf6c79a86b4d3d7e","sha1":"3794a390462630ae3399d55b471765274be3b50f","sha256":"206f79d4c01e8e3c6406fbcc9472aaa16bba721bbd3b0165eee250d2fb6b575a"},"dob":{"date":"1966-02-06T19:47:24.254Z","age":58},"registered":{"date":"2010-02-05T11:30:25.495Z","age":14},"phone":"06-989-047","cell":"041-977-90-47","id":{"name":"HETU","value":"NaNNA080undefined"},"picture":{"large":"https://randomuser.me/api/portraits/women/60.jpg","medium":"https://randomuser.me/api/portraits/med/women/60.jpg","thumbnail":"https://randomuser.me/api/portraits/thumb/women/60.jpg"},"nat":"FI"}],"info":{"seed":"cf92a59785ca420d","results":1,"page":1,"version":"1.4"}} 
 </msg>
<msg time="2024-06-12T18:20:20.593688" level="INFO">/opt/hostedtoolcache/Python/3.12.3/x64/lib/python3.12/site-packages/urllib3/connectionpool.py:1103: InsecureRequestWarning: Unverified HTTPS request is being made to host 'randomuser.me'. Adding certificate verification is strongly advised. See: https://urllib3.readthedocs.io/en/latest/advanced-usage.html#tls-warnings
  warnings.warn(</msg>
<msg time="2024-06-12T18:20:20.593813" level="INFO">${response} = &lt;Response [200]&gt;</msg>
<var>${response}</var>
<arg>consultarAPI</arg>
<arg>/api</arg>
<doc>Sends a GET request on a previously created HTTP Session.</doc>
<status status="PASS" start="2024-06-12T18:20:19.554509" elapsed="1.039344"/>
</kw>
<kw name="Set Variable" owner="BuiltIn">
<msg time="2024-06-12T18:20:20.595085" level="INFO">${json_data} = {'results': [{'gender': 'female', 'name': {'title': 'Ms', 'first': 'Minttu', 'last': 'Erkkila'}, 'location': {'street': {'number': 7245, 'name': 'Myllypuronkatu'}, 'city': 'Helsinki', 'state': 'Southe...</msg>
<var>${json_data}</var>
<arg>${response.json()}</arg>
<doc>Returns the given values which can then be assigned to a variables.</doc>
<status status="PASS" start="2024-06-12T18:20:20.594536" elapsed="0.000578"/>
</kw>
<kw name="Log" owner="BuiltIn">
<msg time="2024-06-12T18:20:20.595580" level="INFO">{'results': [{'gender': 'female', 'name': {'title': 'Ms', 'first': 'Minttu', 'last': 'Erkkila'}, 'location': {'street': {'number': 7245, 'name': 'Myllypuronkatu'}, 'city': 'Helsinki', 'state': 'Southern Ostrobothnia', 'country': 'Finland', 'postcode': 14579, 'coordinates': {'latitude': '-28.6046', 'longitude': '105.5643'}, 'timezone': {'offset': '+1:00', 'description': 'Brussels, Copenhagen, Madrid, Paris'}}, 'email': 'minttu.erkkila@example.com', 'login': {'uuid': 'a0e7b61c-09a4-4724-875c-a46698ede07c', 'username': 'smallostrich350', 'password': 'duffer', 'salt': 'JQtEkssD', 'md5': '991b3c0b62214171bf6c79a86b4d3d7e', 'sha1': '3794a390462630ae3399d55b471765274be3b50f', 'sha256': '206f79d4c01e8e3c6406fbcc9472aaa16bba721bbd3b0165eee250d2fb6b575a'}, 'dob': {'date': '1966-02-06T19:47:24.254Z', 'age': 58}, 'registered': {'date': '2010-02-05T11:30:25.495Z', 'age': 14}, 'phone': '06-989-047', 'cell': '041-977-90-47', 'id': {'name': 'HETU', 'value': 'NaNNA080undefined'}, 'picture': {'large': 'https://randomuser.me/api/portraits/women/60.jpg', 'medium': 'https://randomuser.me/api/portraits/med/women/60.jpg', 'thumbnail': 'https://randomuser.me/api/portraits/thumb/women/60.jpg'}, 'nat': 'FI'}], 'info': {'seed': 'cf92a59785ca420d', 'results': 1, 'page': 1, 'version': '1.4'}}</msg>
<arg>${json_data}</arg>
<doc>Logs the given message with the given level.</doc>
<status status="PASS" start="2024-06-12T18:20:20.595425" elapsed="0.000213"/>
</kw>
<kw name="Should Be String" owner="String">
<arg>${json_data['results'][0]['gender']}</arg>
<doc>Fails if the given ``item`` is not a string.</doc>
<status status="PASS" start="2024-06-12T18:20:20.595926" elapsed="0.000357"/>
</kw>
<kw name="Should Match Regexp" owner="BuiltIn">
<arg>${json_data['results'][0]['email']}</arg>
<arg>^[a-zA-Z0-9._%+-]+@[a-zA-Z0-9.-]+\.[a-zA-Z]{2,}$</arg>
<doc>Fails if ``string`` does not match ``pattern`` as a regular expression.</doc>
<status status="PASS" start="2024-06-12T18:20:20.596507" elapsed="0.000518"/>
</kw>
<kw name="Should Match Regexp" owner="BuiltIn">
<arg>${json_data['results'][0]['dob']['date']}</arg>
<arg>\\d{4}-\\d{2}-\\d{2}T\\d{2}:\\d{2}:\\d{2}\\.\\d{3}Z</arg>
<doc>Fails if ``string`` does not match ``pattern`` as a regular expression.</doc>
<status status="PASS" start="2024-06-12T18:20:20.597222" elapsed="0.000484"/>
</kw>
<kw name="Should Match Regexp" owner="BuiltIn">
<arg>${json_data['results'][0]['registered']['date']}</arg>
<arg>\\d{4}-\\d{2}-\\d{2}T\\d{2}:\\d{2}:\\d{2}\\.\\d{3}Z</arg>
<doc>Fails if ``string`` does not match ``pattern`` as a regular expression.</doc>
<status status="PASS" start="2024-06-12T18:20:20.597892" elapsed="0.000392"/>
</kw>
<kw name="Should Match Regexp" owner="BuiltIn">
<arg>${json_data['results'][0]['picture']['large']}</arg>
<arg>^https?://.*\.(?:png|jpe?g|gif|bmp)$</arg>
<doc>Fails if ``string`` does not match ``pattern`` as a regular expression.</doc>
<status status="PASS" start="2024-06-12T18:20:20.598480" elapsed="0.000451"/>
</kw>
<kw name="Should Match Regexp" owner="BuiltIn">
<arg>${json_data['results'][0]['picture']['medium']}</arg>
<arg>^https?://.*\.(?:png|jpe?g|gif|bmp)$</arg>
<doc>Fails if ``string`` does not match ``pattern`` as a regular expression.</doc>
<status status="PASS" start="2024-06-12T18:20:20.599120" elapsed="0.000353"/>
</kw>
<kw name="Should Match Regexp" owner="BuiltIn">
<arg>${json_data['results'][0]['picture']['thumbnail']}</arg>
<arg>^https?://.*\.(?:png|jpe?g|gif|bmp)$</arg>
<doc>Fails if ``string`` does not match ``pattern`` as a regular expression.</doc>
<status status="PASS" start="2024-06-12T18:20:20.599654" elapsed="0.000343"/>
</kw>
<kw name="Log" owner="BuiltIn">
<msg time="2024-06-12T18:20:20.600493" level="INFO">{'large': 'https://randomuser.me/api/portraits/women/60.jpg', 'medium': 'https://randomuser.me/api/portraits/med/women/60.jpg', 'thumbnail': 'https://randomuser.me/api/portraits/thumb/women/60.jpg'}</msg>
<arg>${json_data['results'][0]['picture']}</arg>
<doc>Logs the given message with the given level.</doc>
<status status="PASS" start="2024-06-12T18:20:20.600174" elapsed="0.000360"/>
</kw>
<status status="PASS" start="2024-06-12T18:20:19.554263" elapsed="1.046525"/>
</kw>
<kw name="Teste de Tipos de Dados - Postcode" owner="random-user-service">
<kw name="GET On Session" owner="RequestsLibrary">
<msg time="2024-06-12T18:20:21.090855" level="INFO">GET Request : url=https://randomuser.me/api 
 path_url=/api 
 headers={'User-Agent': 'python-requests/2.32.3', 'Accept-Encoding': 'gzip, deflate', 'Accept': '*/*', 'Connection': 'keep-alive'} 
 body=None 
 </msg>
<msg time="2024-06-12T18:20:21.090948" level="INFO">GET Response : url=https://randomuser.me/api 
 status=200, reason=OK 
 headers={'Date': 'Wed, 12 Jun 2024 18:20:21 GMT', 'Content-Type': 'application/json; charset=utf-8', 'Transfer-Encoding': 'chunked', 'Connection': 'keep-alive', 'X-Powered-By': 'Express', 'Access-Control-Allow-Origin': '*', 'Cache-Control': 'no-cache', 'ETag': 'W/"4ac-pNjtw+6nhIepQy4ShBL/mALomi0"', 'Vary': 'Accept-Encoding', 'Content-Encoding': 'gzip', 'CF-Cache-Status': 'DYNAMIC', 'Report-To': '{"endpoints":[{"url":"https:\\/\\/a.nel.cloudflare.com\\/report\\/v4?s=Pf2KgYWj7tsvq12w697SCs1p16aFKPSsKm%2BE7Eum4F6ZQCbW5PtPQaTIkRYwgQVnGjec4IbhWqZqUZBl7uwBSAOIegxbo9ea5r5qzAFkSEwLJk6YsXgwOeph%2BVmXUPMd"}],"group":"cf-nel","max_age":604800}', 'NEL': '{"success_fraction":0,"report_to":"cf-nel","max_age":604800}', 'Server': 'cloudflare', 'CF-RAY': '892bdab4ca0c7f86-IAD', 'alt-svc': 'h3=":443"; ma=86400'} 
 body={"results":[{"gender":"female","name":{"title":"Ms","first":"Liselotte","last":"Storck"},"location":{"street":{"number":8682,"name":"Kirchplatz"},"city":"Rheinsberg","state":"Schleswig-Holstein","country":"Germany","postcode":61009,"coordinates":{"latitude":"-47.8521","longitude":"84.8600"},"timezone":{"offset":"-4:00","description":"Atlantic Time (Canada), Caracas, La Paz"}},"email":"liselotte.storck@example.com","login":{"uuid":"9dc4d8be-9da3-4328-9d93-ebdecb632d34","username":"browntiger747","password":"micheal","salt":"ZQlmkIM3","md5":"eb0c7fba502553452af5a7bd80e74563","sha1":"d00573f0d17248a9f33f5222c848b6ee91774f69","sha256":"4b195d7648597622a20af54c9bf34d8f28acbd51871c12db8cf70a238058f7d8"},"dob":{"date":"1991-12-30T14:41:18.325Z","age":32},"registered":{"date":"2020-02-23T17:53:15.890Z","age":4},"phone":"0732-1822710","cell":"0172-6179095","id":{"name":"SVNR","value":"17 301291 S 565"},"picture":{"large":"https://randomuser.me/api/portraits/women/75.jpg","medium":"https://randomuser.me/api/portraits/med/women/75.jpg","thumbnail":"https://randomuser.me/api/portraits/thumb/women/75.jpg"},"nat":"DE"}],"info":{"seed":"e2860e45be9ccc7c","results":1,"page":1,"version":"1.4"}} 
 </msg>
<msg time="2024-06-12T18:20:21.091022" level="INFO">/opt/hostedtoolcache/Python/3.12.3/x64/lib/python3.12/site-packages/urllib3/connectionpool.py:1103: InsecureRequestWarning: Unverified HTTPS request is being made to host 'randomuser.me'. Adding certificate verification is strongly advised. See: https://urllib3.readthedocs.io/en/latest/advanced-usage.html#tls-warnings
  warnings.warn(</msg>
<msg time="2024-06-12T18:20:21.091140" level="INFO">${response} = &lt;Response [200]&gt;</msg>
<var>${response}</var>
<arg>consultarAPI</arg>
<arg>/api</arg>
<doc>Sends a GET request on a previously created HTTP Session.</doc>
<status status="PASS" start="2024-06-12T18:20:20.601246" elapsed="0.489920"/>
</kw>
<kw name="Set Variable" owner="BuiltIn">
<msg time="2024-06-12T18:20:21.092232" level="INFO">${json_data} = {'results': [{'gender': 'female', 'name': {'title': 'Ms', 'first': 'Liselotte', 'last': 'Storck'}, 'location': {'street': {'number': 8682, 'name': 'Kirchplatz'}, 'city': 'Rheinsberg', 'state': 'Schles...</msg>
<var>${json_data}</var>
<arg>${response.json()}</arg>
<doc>Returns the given values which can then be assigned to a variables.</doc>
<status status="PASS" start="2024-06-12T18:20:21.091713" elapsed="0.000547"/>
</kw>
<kw name="Log" owner="BuiltIn">
<msg time="2024-06-12T18:20:21.092724" level="INFO">{'results': [{'gender': 'female', 'name': {'title': 'Ms', 'first': 'Liselotte', 'last': 'Storck'}, 'location': {'street': {'number': 8682, 'name': 'Kirchplatz'}, 'city': 'Rheinsberg', 'state': 'Schleswig-Holstein', 'country': 'Germany', 'postcode': 61009, 'coordinates': {'latitude': '-47.8521', 'longitude': '84.8600'}, 'timezone': {'offset': '-4:00', 'description': 'Atlantic Time (Canada), Caracas, La Paz'}}, 'email': 'liselotte.storck@example.com', 'login': {'uuid': '9dc4d8be-9da3-4328-9d93-ebdecb632d34', 'username': 'browntiger747', 'password': 'micheal', 'salt': 'ZQlmkIM3', 'md5': 'eb0c7fba502553452af5a7bd80e74563', 'sha1': 'd00573f0d17248a9f33f5222c848b6ee91774f69', 'sha256': '4b195d7648597622a20af54c9bf34d8f28acbd51871c12db8cf70a238058f7d8'}, 'dob': {'date': '1991-12-30T14:41:18.325Z', 'age': 32}, 'registered': {'date': '2020-02-23T17:53:15.890Z', 'age': 4}, 'phone': '0732-1822710', 'cell': '0172-6179095', 'id': {'name': 'SVNR', 'value': '17 301291 S 565'}, 'picture': {'large': 'https://randomuser.me/api/portraits/women/75.jpg', 'medium': 'https://randomuser.me/api/portraits/med/women/75.jpg', 'thumbnail': 'https://randomuser.me/api/portraits/thumb/women/75.jpg'}, 'nat': 'DE'}], 'info': {'seed': 'e2860e45be9ccc7c', 'results': 1, 'page': 1, 'version': '1.4'}}</msg>
<arg>${json_data}</arg>
<doc>Logs the given message with the given level.</doc>
<status status="PASS" start="2024-06-12T18:20:21.092567" elapsed="0.000215"/>
</kw>
<kw name="Should Be Equal As Numbers" owner="BuiltIn">
<arg>${json_data['results'][0]['location']['postcode']}</arg>
<arg>${json_data['results'][0]['location']['postcode']}</arg>
<doc>Fails if objects are unequal after converting them to real numbers.</doc>
<status status="PASS" start="2024-06-12T18:20:21.093087" elapsed="0.000624"/>
</kw>
<kw name="Log" owner="BuiltIn">
<msg time="2024-06-12T18:20:21.094319" level="INFO">61009</msg>
<arg>${json_data['results'][0]['location']['postcode']}</arg>
<doc>Logs the given message with the given level.</doc>
<status status="PASS" start="2024-06-12T18:20:21.093939" elapsed="0.000421"/>
</kw>
<status status="PASS" start="2024-06-12T18:20:20.601017" elapsed="0.493612"/>
</kw>
<doc>Testa se os tipos de dados na resposta da API estão corretos.</doc>
<tag>testeTiposDados</tag>
<status status="PASS" start="2024-06-12T18:20:19.553671" elapsed="1.541133"/>
</test>
<test id="s1-s1-t5" name="Validar conteudo" line="35">
<kw name="Teste de Tipos de Conteudo" owner="random-user-service">
<kw name="GET On Session" owner="RequestsLibrary">
<msg time="2024-06-12T18:20:21.300592" level="INFO">GET Request : url=https://randomuser.me/api 
 path_url=/api 
 headers={'User-Agent': 'python-requests/2.32.3', 'Accept-Encoding': 'gzip, deflate', 'Accept': '*/*', 'Connection': 'keep-alive'} 
 body=None 
 </msg>
<msg time="2024-06-12T18:20:21.300699" level="INFO">GET Response : url=https://randomuser.me/api 
 status=200, reason=OK 
 headers={'Date': 'Wed, 12 Jun 2024 18:20:21 GMT', 'Content-Type': 'application/json; charset=utf-8', 'Transfer-Encoding': 'chunked', 'Connection': 'keep-alive', 'X-Powered-By': 'Express', 'Access-Control-Allow-Origin': '*', 'Cache-Control': 'no-cache', 'ETag': 'W/"486-shJlBfCFMkeGaQzJO49Bn3AyH9E"', 'Vary': 'Accept-Encoding', 'Content-Encoding': 'gzip', 'CF-Cache-Status': 'DYNAMIC', 'Report-To': '{"endpoints":[{"url":"https:\\/\\/a.nel.cloudflare.com\\/report\\/v4?s=2P%2FRzY9vv35eowE1A81MU85Mr2hg7xVBDosQcX1JSgL1CGiRDwnZlkrbMwzzwZB6PQ417buEXk2RS2YEBITTTM%2FuY6o1AUHKMfxM85sNmm7vhwza1Q72SG9KjzYSjCiZ"}],"group":"cf-nel","max_age":604800}', 'NEL': '{"success_fraction":0,"report_to":"cf-nel","max_age":604800}', 'Server': 'cloudflare', 'CF-RAY': '892bdab7de757f86-IAD', 'alt-svc': 'h3=":443"; ma=86400'} 
 body={"results":[{"gender":"male","name":{"title":"Mr","first":"Samuel","last":"Hernandez"},"location":{"street":{"number":2150,"name":"Walnut Hill Ln"},"city":"Grand Rapids","state":"Washington","country":"United States","postcode":45787,"coordinates":{"latitude":"87.1248","longitude":"-140.9513"},"timezone":{"offset":"-10:00","description":"Hawaii"}},"email":"samuel.hernandez@example.com","login":{"uuid":"d613f5e6-30ac-4ea2-9e2d-abed97be98ce","username":"bigsnake696","password":"tornado","salt":"ocOX5Ojf","md5":"52ff5e25a58588f65ff8b7e49c7f35a4","sha1":"ba4f15ad012b5adaf180d84e7fc8d67c992f8937","sha256":"d36da17150d025bc7f59076e27fc7ee44bd2b20e2db4c72aa07a1fd0b523d31c"},"dob":{"date":"1984-01-31T12:32:33.568Z","age":40},"registered":{"date":"2020-06-02T13:58:39.997Z","age":4},"phone":"(647) 955-7978","cell":"(577) 871-4803","id":{"name":"SSN","value":"102-21-2261"},"picture":{"large":"https://randomuser.me/api/portraits/men/83.jpg","medium":"https://randomuser.me/api/portraits/med/men/83.jpg","thumbnail":"https://randomuser.me/api/portraits/thumb/men/83.jpg"},"nat":"US"}],"info":{"seed":"6b30d1eb548dc2e6","results":1,"page":1,"version":"1.4"}} 
 </msg>
<msg time="2024-06-12T18:20:21.300800" level="INFO">/opt/hostedtoolcache/Python/3.12.3/x64/lib/python3.12/site-packages/urllib3/connectionpool.py:1103: InsecureRequestWarning: Unverified HTTPS request is being made to host 'randomuser.me'. Adding certificate verification is strongly advised. See: https://urllib3.readthedocs.io/en/latest/advanced-usage.html#tls-warnings
  warnings.warn(</msg>
<msg time="2024-06-12T18:20:21.300938" level="INFO">${response} = &lt;Response [200]&gt;</msg>
<var>${response}</var>
<arg>consultarAPI</arg>
<arg>/api</arg>
<doc>Sends a GET request on a previously created HTTP Session.</doc>
<status status="PASS" start="2024-06-12T18:20:21.097467" elapsed="0.203539"/>
</kw>
<kw name="Set Variable" owner="BuiltIn">
<msg time="2024-06-12T18:20:21.302023" level="INFO">${json_data} = {'results': [{'gender': 'male', 'name': {'title': 'Mr', 'first': 'Samuel', 'last': 'Hernandez'}, 'location': {'street': {'number': 2150, 'name': 'Walnut Hill Ln'}, 'city': 'Grand Rapids', 'state': 'Wa...</msg>
<var>${json_data}</var>
<arg>${response.json()}</arg>
<doc>Returns the given values which can then be assigned to a variables.</doc>
<status status="PASS" start="2024-06-12T18:20:21.301519" elapsed="0.000535"/>
</kw>
<kw name="Set Variable" owner="BuiltIn">
<msg time="2024-06-12T18:20:21.302768" level="INFO">${name_title} = Mr</msg>
<var>${name_title}</var>
<arg>${json_data["results"][0]["name"]["title"]}</arg>
<doc>Returns the given values which can then be assigned to a variables.</doc>
<status status="PASS" start="2024-06-12T18:20:21.302392" elapsed="0.000402"/>
</kw>
<kw name="Create List" owner="BuiltIn">
<msg time="2024-06-12T18:20:21.303239" level="INFO">${allowed_titles} = ['Mr', 'Ms', 'Miss', 'Mrs', 'Madame', 'Monsieur']</msg>
<var>${allowed_titles}</var>
<arg>Mr</arg>
<arg>Ms</arg>
<arg>Miss</arg>
<arg>Mrs</arg>
<arg>Madame</arg>
<arg>Monsieur</arg>
<doc>Returns a list containing given items.</doc>
<status status="PASS" start="2024-06-12T18:20:21.303089" elapsed="0.000174"/>
</kw>
<kw name="List Should Contain Value" owner="Collections">
<arg>${allowed_titles}</arg>
<arg>${name_title}</arg>
<doc>Fails if the ``value`` is not found from ``list``.</doc>
<status status="PASS" start="2024-06-12T18:20:21.303566" elapsed="0.000175"/>
</kw>
<kw name="Set Variable" owner="BuiltIn">
<msg time="2024-06-12T18:20:21.304288" level="INFO">${name_country} = US</msg>
<var>${name_country}</var>
<arg>${json_data["results"][0]["nat"]}</arg>
<doc>Returns the given values which can then be assigned to a variables.</doc>
<status status="PASS" start="2024-06-12T18:20:21.303920" elapsed="0.000393"/>
</kw>
<kw name="Create List" owner="BuiltIn">
<msg time="2024-06-12T18:20:21.305195" level="INFO">${list_country} = ['AD', 'AE', 'AF', 'AG', 'AI', 'AL', 'AM', 'AO', 'AQ', 'AR', 'AS', 'AT', 'AU', 'AW', 'AX', 'AZ', 'BA', 'BB', 'BD', 'BE', 'BF', 'BG', 'BH', 'BI', 'BJ', 'BL', 'BM', 'BN', 'BO', 'BQ', 'BR', 'BS', 'BT', '...</msg>
<var>${list_country}</var>
<arg>AD</arg>
<arg>AE</arg>
<arg>AF</arg>
<arg>AG</arg>
<arg>AI</arg>
<arg>AL</arg>
<arg>AM</arg>
<arg>AO</arg>
<arg>AQ</arg>
<arg>AR</arg>
<arg>AS</arg>
<arg>AT</arg>
<arg>AU</arg>
<arg>AW</arg>
<arg>AX</arg>
<arg>AZ</arg>
<arg>BA</arg>
<arg>BB</arg>
<arg>BD</arg>
<arg>BE</arg>
<arg>BF</arg>
<arg>BG</arg>
<arg>BH</arg>
<arg>BI</arg>
<arg>BJ</arg>
<arg>BL</arg>
<arg>BM</arg>
<arg>BN</arg>
<arg>BO</arg>
<arg>BQ</arg>
<arg>BR</arg>
<arg>BS</arg>
<arg>BT</arg>
<arg>BV</arg>
<arg>BW</arg>
<arg>BY</arg>
<arg>BZ</arg>
<arg>CA</arg>
<arg>CC</arg>
<arg>CD</arg>
<arg>CF</arg>
<arg>CG</arg>
<arg>CH</arg>
<arg>CI</arg>
<arg>CK</arg>
<arg>CL</arg>
<arg>CM</arg>
<arg>CN</arg>
<arg>CO</arg>
<arg>CR</arg>
<arg>CU</arg>
<arg>CV</arg>
<arg>CW</arg>
<arg>CX</arg>
<arg>CY</arg>
<arg>CZ</arg>
<arg>DE</arg>
<arg>DJ</arg>
<arg>DK</arg>
<arg>DM</arg>
<arg>DO</arg>
<arg>DZ</arg>
<arg>EC</arg>
<arg>EE</arg>
<arg>EG</arg>
<arg>EH</arg>
<arg>ER</arg>
<arg>ES</arg>
<arg>ET</arg>
<arg>FI</arg>
<arg>FJ</arg>
<arg>FK</arg>
<arg>FM</arg>
<arg>FO</arg>
<arg>FR</arg>
<arg>GA</arg>
<arg>GB</arg>
<arg>GD</arg>
<arg>GE</arg>
<arg>GF</arg>
<arg>GG</arg>
<arg>GH</arg>
<arg>GI</arg>
<arg>GL</arg>
<arg>GM</arg>
<arg>GN</arg>
<arg>GP</arg>
<arg>GQ</arg>
<arg>GR</arg>
<arg>GS</arg>
<arg>GT</arg>
<arg>GU</arg>
<arg>GW</arg>
<arg>GY</arg>
<arg>HK</arg>
<arg>HM</arg>
<arg>HN</arg>
<arg>HR</arg>
<arg>HT</arg>
<arg>HU</arg>
<arg>ID</arg>
<arg>IE</arg>
<arg>IL</arg>
<arg>IM</arg>
<arg>IN</arg>
<arg>IO</arg>
<arg>IQ</arg>
<arg>IR</arg>
<arg>IS</arg>
<arg>IT</arg>
<arg>JE</arg>
<arg>JM</arg>
<arg>JO</arg>
<arg>JP</arg>
<arg>KE</arg>
<arg>KG</arg>
<arg>KH</arg>
<arg>KI</arg>
<arg>KM</arg>
<arg>KN</arg>
<arg>KP</arg>
<arg>KR</arg>
<arg>KW</arg>
<arg>KY</arg>
<arg>KZ</arg>
<arg>LA</arg>
<arg>LB</arg>
<arg>LC</arg>
<arg>LI</arg>
<arg>LK</arg>
<arg>LR</arg>
<arg>LS</arg>
<arg>LT</arg>
<arg>LU</arg>
<arg>LV</arg>
<arg>LY</arg>
<arg>MA</arg>
<arg>MC</arg>
<arg>MD</arg>
<arg>ME</arg>
<arg>MF</arg>
<arg>MG</arg>
<arg>MH</arg>
<arg>MK</arg>
<arg>ML</arg>
<arg>MM</arg>
<arg>MN</arg>
<arg>MO</arg>
<arg>MP</arg>
<arg>MQ</arg>
<arg>MR</arg>
<arg>MS</arg>
<arg>MT</arg>
<arg>MU</arg>
<arg>MV</arg>
<arg>MW</arg>
<arg>MX</arg>
<arg>MY</arg>
<arg>MZ</arg>
<arg>NA</arg>
<arg>NC</arg>
<arg>NE</arg>
<arg>NF</arg>
<arg>NG</arg>
<arg>NI</arg>
<arg>NL</arg>
<arg>NO</arg>
<arg>NP</arg>
<arg>NR</arg>
<arg>NU</arg>
<arg>NZ</arg>
<arg>OM</arg>
<arg>PA</arg>
<arg>PE</arg>
<arg>PF</arg>
<arg>PG</arg>
<arg>PH</arg>
<arg>PK</arg>
<arg>PL</arg>
<arg>PM</arg>
<arg>PN</arg>
<arg>PR</arg>
<arg>PS</arg>
<arg>PT</arg>
<arg>PW</arg>
<arg>PY</arg>
<arg>QA</arg>
<arg>RE</arg>
<arg>RO</arg>
<arg>RS</arg>
<arg>RU</arg>
<arg>RW</arg>
<arg>SA</arg>
<arg>SB</arg>
<arg>SC</arg>
<arg>SD</arg>
<arg>SE</arg>
<arg>SG</arg>
<arg>SH</arg>
<arg>SI</arg>
<arg>SJ</arg>
<arg>SK</arg>
<arg>SL</arg>
<arg>SM</arg>
<arg>SN</arg>
<arg>SO</arg>
<arg>SR</arg>
<arg>SS</arg>
<arg>ST</arg>
<arg>SV</arg>
<arg>SX</arg>
<arg>SY</arg>
<arg>SZ</arg>
<arg>TC</arg>
<arg>TD</arg>
<arg>TF</arg>
<arg>TG</arg>
<arg>TH</arg>
<arg>TJ</arg>
<arg>TK</arg>
<arg>TL</arg>
<arg>TM</arg>
<arg>TN</arg>
<arg>TO</arg>
<arg>TR</arg>
<arg>TT</arg>
<arg>TV</arg>
<arg>TW</arg>
<arg>TZ</arg>
<arg>UA</arg>
<arg>UG</arg>
<arg>UM</arg>
<arg>US</arg>
<arg>UY</arg>
<arg>UZ</arg>
<arg>VA</arg>
<arg>VC</arg>
<arg>VE</arg>
<arg>VG</arg>
<arg>VI</arg>
<arg>VN</arg>
<arg>VU</arg>
<arg>WF</arg>
<arg>WS</arg>
<arg>XK</arg>
<arg>YE</arg>
<arg>YT</arg>
<arg>ZA</arg>
<arg>ZM</arg>
<arg>ZW</arg>
<doc>Returns a list containing given items.</doc>
<status status="PASS" start="2024-06-12T18:20:21.304603" elapsed="0.000617"/>
</kw>
<kw name="List Should Contain Value" owner="Collections">
<arg>${list_country}</arg>
<arg>${name_country}</arg>
<doc>Fails if the ``value`` is not found from ``list``.</doc>
<status status="PASS" start="2024-06-12T18:20:21.306018" elapsed="0.000238"/>
</kw>
<kw name="Run Keyword If" owner="BuiltIn">
<kw name="Should Be True" owner="BuiltIn">
<arg>${True}</arg>
<doc>Fails if the given condition is not true.</doc>
<status status="PASS" start="2024-06-12T18:20:21.307205" elapsed="0.000143"/>
</kw>
<arg>${json_data["results"][0]["location"]["coordinates"]["latitude"]} &gt;= -90 and ${json_data["results"][0]["location"]["coordinates"]["latitude"]} &lt;= 90</arg>
<arg>Should Be True</arg>
<arg>${True}</arg>
<doc>Runs the given keyword with the given arguments, if ``condition`` is true.</doc>
<status status="PASS" start="2024-06-12T18:20:21.306465" elapsed="0.001008"/>
</kw>
<kw name="Run Keyword If" owner="BuiltIn">
<kw name="Should Be True" owner="BuiltIn">
<arg>${True}</arg>
<doc>Fails if the given condition is not true.</doc>
<status status="PASS" start="2024-06-12T18:20:21.308335" elapsed="0.000138"/>
</kw>
<arg>${json_data["results"][0]["location"]["coordinates"]["longitude"]} &gt;= -180 and ${json_data["results"][0]["location"]["coordinates"]["longitude"]} &lt;= 180</arg>
<arg>Should Be True</arg>
<arg>${True}</arg>
<doc>Runs the given keyword with the given arguments, if ``condition`` is true.</doc>
<status status="PASS" start="2024-06-12T18:20:21.307654" elapsed="0.000943"/>
</kw>
<status status="PASS" start="2024-06-12T18:20:21.097073" elapsed="0.211658"/>
</kw>
<doc>Testa o conteúdo específico dos campos retornados pela API.</doc>
<tag>testeConteudo</tag>
<status status="PASS" start="2024-06-12T18:20:21.096599" elapsed="0.212292"/>
</test>
<status status="PASS" start="2024-06-12T18:20:07.973063" elapsed="13.337799"/>
</suite>
<status status="PASS" start="2024-06-12T18:20:07.959658" elapsed="13.356328"/>
</suite>
<statistics>
<total>
<stat pass="5" fail="0" skip="0">All Tests</stat>
</total>
<tag>
<stat pass="1" fail="0" skip="0">testeConteudo</stat>
<stat pass="1" fail="0" skip="0">testeEstruturaResposta</stat>
<stat pass="1" fail="0" skip="0">testeRequisicaoBasica</stat>
<stat pass="1" fail="0" skip="0">testeTiposDados</stat>
</tag>
<suite>
<stat pass="5" fail="0" skip="0" id="s1" name="Tests">Tests</stat>
<stat pass="5" fail="0" skip="0" id="s1-s1" name="Random-User-Test">Tests.Random-User-Test</stat>
</suite>
</statistics>
<errors>
</errors>
</robot>
