<?xml version="1.0" encoding="UTF-8"?>
<robot generator="Robot 7.0.1 (Python 3.12.3 on linux)" generated="2024-06-11T18:20:38.362267" rpa="false" schemaversion="5">
<suite id="s1" name="Tests" source="/home/runner/work/ApiRandomUser/ApiRandomUser/RamdonUser/tests">
<suite id="s1-s1" name="Random-User-Test" source="/home/runner/work/ApiRandomUser/ApiRandomUser/RamdonUser/tests/random-user-test.robot">
<test id="s1-s1-t1" name="Conectar" line="13">
<kw name="Conectar API" owner="random-user-service">
<kw name="Create Session" owner="RequestsLibrary">
<msg time="2024-06-11T18:20:38.759005" level="INFO">Creating Session using : alias=consultarAPI, url=https://randomuser.me/, headers={},                     cookies={}, auth=None, timeout=None, proxies=None, verify=False,                     debug=0 </msg>
<arg>consultarAPI</arg>
<arg>${URL}</arg>
<doc>Create Session: create a HTTP session to a server</doc>
<status status="PASS" start="2024-06-11T18:20:38.758810" elapsed="0.000378"/>
</kw>
<status status="PASS" start="2024-06-11T18:20:38.757775" elapsed="0.001767"/>
</kw>
<status status="PASS" start="2024-06-11T18:20:38.757134" elapsed="0.002603"/>
</test>
<test id="s1-s1-t2" name="Validar retorno 200 e JSON Válido" line="16">
<kw name="Teste de Requisicao Basica" owner="random-user-service">
<kw name="GET On Session" owner="RequestsLibrary">
<msg time="2024-06-11T18:20:38.960155" level="INFO">GET Request : url=https://randomuser.me/api 
 path_url=/api 
 headers={'User-Agent': 'python-requests/2.32.3', 'Accept-Encoding': 'gzip, deflate', 'Accept': '*/*', 'Connection': 'keep-alive'} 
 body=None 
 </msg>
<msg time="2024-06-11T18:20:38.960286" level="INFO">GET Response : url=https://randomuser.me/api 
 status=200, reason=OK 
 headers={'Date': 'Tue, 11 Jun 2024 18:20:38 GMT', 'Content-Type': 'application/json; charset=utf-8', 'Transfer-Encoding': 'chunked', 'Connection': 'keep-alive', 'X-Powered-By': 'Express', 'Access-Control-Allow-Origin': '*', 'Cache-Control': 'no-cache', 'ETag': 'W/"49f-uK0YEhZaaW9x8ZTPg5wmICauCuI"', 'Vary': 'Accept-Encoding', 'Content-Encoding': 'gzip', 'CF-Cache-Status': 'DYNAMIC', 'Report-To': '{"endpoints":[{"url":"https:\\/\\/a.nel.cloudflare.com\\/report\\/v4?s=sEhbEjnY6XTe3URTkqQDCW9LPrjqyVrML13IrDgf%2BZJxer0FArMVbiegFbx53W5uUo2cVHH%2Fc9B%2Bf8RwE%2BdVbU9DA7Yp29V3EtikTQfW7C9pvmkKY69chaUPgwz0FVV3"}],"group":"cf-nel","max_age":604800}', 'NEL': '{"success_fraction":0,"report_to":"cf-nel","max_age":604800}', 'Server': 'cloudflare', 'CF-RAY': '89239dc72a7610ab-ORD', 'alt-svc': 'h3=":443"; ma=86400'} 
 body={"results":[{"gender":"male","name":{"title":"Mr","first":"Sean","last":"Kelley"},"location":{"street":{"number":3915,"name":"Springfield Road"},"city":"Lincoln","state":"Isle of Wight","country":"United Kingdom","postcode":"N83 6FN","coordinates":{"latitude":"-7.9043","longitude":"-44.3217"},"timezone":{"offset":"-6:00","description":"Central Time (US &amp; Canada), Mexico City"}},"email":"sean.kelley@example.com","login":{"uuid":"d736c78c-285b-4e2c-b4be-4a71410c0b35","username":"sadtiger333","password":"droopy","salt":"hIvT6lWT","md5":"1cfea59a5ec73261c52dfb9372744b42","sha1":"bce492760a27071059a0ad1eb9893c4bc4969527","sha256":"799278dbda8c7dd0e290aed08cb05bbbe9ff79217501957e597d24b3a708663b"},"dob":{"date":"1982-06-27T22:12:15.082Z","age":41},"registered":{"date":"2012-03-02T17:55:53.141Z","age":12},"phone":"015242 10440","cell":"07112 165457","id":{"name":"NINO","value":"NY 74 66 81 D"},"picture":{"large":"https://randomuser.me/api/portraits/men/11.jpg","medium":"https://randomuser.me/api/portraits/med/men/11.jpg","thumbnail":"https://randomuser.me/api/portraits/thumb/men/11.jpg"},"nat":"GB"}],"info":{"seed":"fc5f581378afcd94","results":1,"page":1,"version":"1.4"}} 
 </msg>
<msg time="2024-06-11T18:20:38.960365" level="INFO">/opt/hostedtoolcache/Python/3.12.3/x64/lib/python3.12/site-packages/urllib3/connectionpool.py:1103: InsecureRequestWarning: Unverified HTTPS request is being made to host 'randomuser.me'. Adding certificate verification is strongly advised. See: https://urllib3.readthedocs.io/en/latest/advanced-usage.html#tls-warnings
  warnings.warn(</msg>
<msg time="2024-06-11T18:20:38.960498" level="INFO">${response} = &lt;Response [200]&gt;</msg>
<var>${response}</var>
<arg>consultarAPI</arg>
<arg>/api</arg>
<doc>Sends a GET request on a previously created HTTP Session.</doc>
<status status="PASS" start="2024-06-11T18:20:38.762429" elapsed="0.198109"/>
</kw>
<kw name="Should Be Equal As Numbers" owner="BuiltIn">
<msg time="2024-06-11T18:20:38.961649" level="INFO">Argument types are:
&lt;class 'int'&gt;
&lt;class 'str'&gt;</msg>
<arg>${response.status_code}</arg>
<arg>200</arg>
<doc>Fails if objects are unequal after converting them to real numbers.</doc>
<status status="PASS" start="2024-06-11T18:20:38.961122" elapsed="0.000593"/>
</kw>
<kw name="Log" owner="BuiltIn">
<msg time="2024-06-11T18:20:38.962400" level="INFO">200</msg>
<arg>${response.status_code}</arg>
<doc>Logs the given message with the given level.</doc>
<status status="PASS" start="2024-06-11T18:20:38.962050" elapsed="0.000399"/>
</kw>
<kw name="Set Variable" owner="BuiltIn">
<msg time="2024-06-11T18:20:38.963188" level="INFO">${json_data} = {'results': [{'gender': 'male', 'name': {'title': 'Mr', 'first': 'Sean', 'last': 'Kelley'}, 'location': {'street': {'number': 3915, 'name': 'Springfield Road'}, 'city': 'Lincoln', 'state': 'Isle of Wi...</msg>
<var>${json_data}</var>
<arg>${response.json()}</arg>
<doc>Returns the given values which can then be assigned to a variables.</doc>
<status status="PASS" start="2024-06-11T18:20:38.962753" elapsed="0.000464"/>
</kw>
<kw name="Dictionary Should Contain Key" owner="Collections">
<arg>${json_data}</arg>
<arg>results</arg>
<doc>Fails if ``key`` is not found from ``dictionary``.</doc>
<status status="PASS" start="2024-06-11T18:20:38.963526" elapsed="0.000165"/>
</kw>
<status status="PASS" start="2024-06-11T18:20:38.762181" elapsed="0.201680"/>
</kw>
<doc>Testa se a API responde corretamente e retorna um objeto JSON válido.</doc>
<tag>testeRequisicaoBasica</tag>
<status status="PASS" start="2024-06-11T18:20:38.761644" elapsed="0.202400"/>
</test>
<test id="s1-s1-t3" name="Validar estrutura de resposta" line="22">
<kw name="Teste de Estrutura de Resposta" owner="random-user-service">
<kw name="GET On Session" owner="RequestsLibrary">
<msg time="2024-06-11T18:20:39.064834" level="INFO">GET Request : url=https://randomuser.me/api 
 path_url=/api 
 headers={'User-Agent': 'python-requests/2.32.3', 'Accept-Encoding': 'gzip, deflate', 'Accept': '*/*', 'Connection': 'keep-alive'} 
 body=None 
 </msg>
<msg time="2024-06-11T18:20:39.064926" level="INFO">GET Response : url=https://randomuser.me/api 
 status=200, reason=OK 
 headers={'Date': 'Tue, 11 Jun 2024 18:20:39 GMT', 'Content-Type': 'application/json; charset=utf-8', 'Transfer-Encoding': 'chunked', 'Connection': 'keep-alive', 'X-Powered-By': 'Express', 'Access-Control-Allow-Origin': '*', 'Cache-Control': 'no-cache', 'ETag': 'W/"494-/7Fc3oZCeG8pBvqgOmdff/Oe+N4"', 'Vary': 'Accept-Encoding', 'Content-Encoding': 'gzip', 'CF-Cache-Status': 'DYNAMIC', 'Report-To': '{"endpoints":[{"url":"https:\\/\\/a.nel.cloudflare.com\\/report\\/v4?s=Bwxp1hgQA3YWt5gWpawxs1uCUSDun7hezo9kbFRvr2P14gbeLz7N8RxF%2B3UpDxwBOUBIr1mwBJEyyYh31wtbZHA2P%2BXb%2BJrxlKhu62TeIHdBwZfg9Y4eoNxA7m58qvt7"}],"group":"cf-nel","max_age":604800}', 'NEL': '{"success_fraction":0,"report_to":"cf-nel","max_age":604800}', 'Server': 'cloudflare', 'CF-RAY': '89239dc79b1510ab-ORD', 'alt-svc': 'h3=":443"; ma=86400'} 
 body={"results":[{"gender":"male","name":{"title":"Mr","first":"Phil","last":"Duncan"},"location":{"street":{"number":8608,"name":"Alexander Road"},"city":"Brighton and Hove","state":"West Glamorgan","country":"United Kingdom","postcode":"F76 0XU","coordinates":{"latitude":"-7.2514","longitude":"-120.4607"},"timezone":{"offset":"-12:00","description":"Eniwetok, Kwajalein"}},"email":"phil.duncan@example.com","login":{"uuid":"c30d01e3-d857-4376-a2ef-4c5bcf35d1fe","username":"tinyzebra377","password":"bigd","salt":"YFwCoEzi","md5":"57f7ff65b86034b894ed66cf93bde4f3","sha1":"39ac261acf8f63e36c9a2ec5c61c7df1f5caab77","sha256":"17e147c4800e08be4469c7f89dcaa4b647e35acc9f9b9c07d77ffc323de0f09b"},"dob":{"date":"1988-01-06T17:50:58.579Z","age":36},"registered":{"date":"2009-09-01T10:27:57.801Z","age":14},"phone":"016977 9026","cell":"07898 257317","id":{"name":"NINO","value":"GE 18 34 69 J"},"picture":{"large":"https://randomuser.me/api/portraits/men/71.jpg","medium":"https://randomuser.me/api/portraits/med/men/71.jpg","thumbnail":"https://randomuser.me/api/portraits/thumb/men/71.jpg"},"nat":"GB"}],"info":{"seed":"6871c1af677d6596","results":1,"page":1,"version":"1.4"}} 
 </msg>
<msg time="2024-06-11T18:20:39.065079" level="INFO">/opt/hostedtoolcache/Python/3.12.3/x64/lib/python3.12/site-packages/urllib3/connectionpool.py:1103: InsecureRequestWarning: Unverified HTTPS request is being made to host 'randomuser.me'. Adding certificate verification is strongly advised. See: https://urllib3.readthedocs.io/en/latest/advanced-usage.html#tls-warnings
  warnings.warn(</msg>
<msg time="2024-06-11T18:20:39.065222" level="INFO">${response} = &lt;Response [200]&gt;</msg>
<var>${response}</var>
<arg>consultarAPI</arg>
<arg>/api</arg>
<doc>Sends a GET request on a previously created HTTP Session.</doc>
<status status="PASS" start="2024-06-11T18:20:38.966823" elapsed="0.098446"/>
</kw>
<kw name="Set Variable" owner="BuiltIn">
<msg time="2024-06-11T18:20:39.066485" level="INFO">${json_data} = {'results': [{'gender': 'male', 'name': {'title': 'Mr', 'first': 'Phil', 'last': 'Duncan'}, 'location': {'street': {'number': 8608, 'name': 'Alexander Road'}, 'city': 'Brighton and Hove', 'state': 'We...</msg>
<var>${json_data}</var>
<arg>${response.json()}</arg>
<doc>Returns the given values which can then be assigned to a variables.</doc>
<status status="PASS" start="2024-06-11T18:20:39.065817" elapsed="0.000698"/>
</kw>
<kw name="Log" owner="BuiltIn">
<msg time="2024-06-11T18:20:39.066987" level="INFO">{'results': [{'gender': 'male', 'name': {'title': 'Mr', 'first': 'Phil', 'last': 'Duncan'}, 'location': {'street': {'number': 8608, 'name': 'Alexander Road'}, 'city': 'Brighton and Hove', 'state': 'West Glamorgan', 'country': 'United Kingdom', 'postcode': 'F76 0XU', 'coordinates': {'latitude': '-7.2514', 'longitude': '-120.4607'}, 'timezone': {'offset': '-12:00', 'description': 'Eniwetok, Kwajalein'}}, 'email': 'phil.duncan@example.com', 'login': {'uuid': 'c30d01e3-d857-4376-a2ef-4c5bcf35d1fe', 'username': 'tinyzebra377', 'password': 'bigd', 'salt': 'YFwCoEzi', 'md5': '57f7ff65b86034b894ed66cf93bde4f3', 'sha1': '39ac261acf8f63e36c9a2ec5c61c7df1f5caab77', 'sha256': '17e147c4800e08be4469c7f89dcaa4b647e35acc9f9b9c07d77ffc323de0f09b'}, 'dob': {'date': '1988-01-06T17:50:58.579Z', 'age': 36}, 'registered': {'date': '2009-09-01T10:27:57.801Z', 'age': 14}, 'phone': '016977 9026', 'cell': '07898 257317', 'id': {'name': 'NINO', 'value': 'GE 18 34 69 J'}, 'picture': {'large': 'https://randomuser.me/api/portraits/men/71.jpg', 'medium': 'https://randomuser.me/api/portraits/med/men/71.jpg', 'thumbnail': 'https://randomuser.me/api/portraits/thumb/men/71.jpg'}, 'nat': 'GB'}], 'info': {'seed': '6871c1af677d6596', 'results': 1, 'page': 1, 'version': '1.4'}}</msg>
<arg>${json_data}</arg>
<doc>Logs the given message with the given level.</doc>
<status status="PASS" start="2024-06-11T18:20:39.066829" elapsed="0.000205"/>
</kw>
<kw name="Dictionary Should Contain Key" owner="Collections">
<arg>${json_data}</arg>
<arg>results</arg>
<doc>Fails if ``key`` is not found from ``dictionary``.</doc>
<status status="PASS" start="2024-06-11T18:20:39.067347" elapsed="0.000157"/>
</kw>
<kw name="Should Not Be Empty" owner="BuiltIn">
<msg time="2024-06-11T18:20:39.067829" level="INFO">Length is 2.</msg>
<arg>${json_data}</arg>
<doc>Verifies that the given item is not empty.</doc>
<status status="PASS" start="2024-06-11T18:20:39.067689" elapsed="0.000211"/>
</kw>
<kw name="Create List" owner="BuiltIn">
<msg time="2024-06-11T18:20:39.068364" level="INFO">${expected_keys} = ['gender', 'name', 'location', 'email', 'login']</msg>
<var>${expected_keys}</var>
<arg>gender</arg>
<arg>name</arg>
<arg>location</arg>
<arg>email</arg>
<arg>login</arg>
<doc>Returns a list containing given items.</doc>
<status status="PASS" start="2024-06-11T18:20:39.068210" elapsed="0.000178"/>
</kw>
<for flavor="IN">
<iter>
<kw name="Dictionary Should Contain Key" owner="Collections">
<arg>${json_data['results'][0]}</arg>
<arg>${key}</arg>
<doc>Fails if ``key`` is not found from ``dictionary``.</doc>
<status status="PASS" start="2024-06-11T18:20:39.068964" elapsed="0.000471"/>
</kw>
<kw name="Log" owner="BuiltIn">
<msg time="2024-06-11T18:20:39.070008" level="INFO">{'gender': 'male', 'name': {'title': 'Mr', 'first': 'Phil', 'last': 'Duncan'}, 'location': {'street': {'number': 8608, 'name': 'Alexander Road'}, 'city': 'Brighton and Hove', 'state': 'West Glamorgan', 'country': 'United Kingdom', 'postcode': 'F76 0XU', 'coordinates': {'latitude': '-7.2514', 'longitude': '-120.4607'}, 'timezone': {'offset': '-12:00', 'description': 'Eniwetok, Kwajalein'}}, 'email': 'phil.duncan@example.com', 'login': {'uuid': 'c30d01e3-d857-4376-a2ef-4c5bcf35d1fe', 'username': 'tinyzebra377', 'password': 'bigd', 'salt': 'YFwCoEzi', 'md5': '57f7ff65b86034b894ed66cf93bde4f3', 'sha1': '39ac261acf8f63e36c9a2ec5c61c7df1f5caab77', 'sha256': '17e147c4800e08be4469c7f89dcaa4b647e35acc9f9b9c07d77ffc323de0f09b'}, 'dob': {'date': '1988-01-06T17:50:58.579Z', 'age': 36}, 'registered': {'date': '2009-09-01T10:27:57.801Z', 'age': 14}, 'phone': '016977 9026', 'cell': '07898 257317', 'id': {'name': 'NINO', 'value': 'GE 18 34 69 J'}, 'picture': {'large': 'https://randomuser.me/api/portraits/men/71.jpg', 'medium': 'https://randomuser.me/api/portraits/med/men/71.jpg', 'thumbnail': 'https://randomuser.me/api/portraits/thumb/men/71.jpg'}, 'nat': 'GB'}</msg>
<arg>${json_data['results'][0]}</arg>
<doc>Logs the given message with the given level.</doc>
<status status="PASS" start="2024-06-11T18:20:39.069630" elapsed="0.000437"/>
</kw>
<kw name="Log" owner="BuiltIn">
<msg time="2024-06-11T18:20:39.070500" level="INFO">gender</msg>
<arg>${key}</arg>
<doc>Logs the given message with the given level.</doc>
<status status="PASS" start="2024-06-11T18:20:39.070369" elapsed="0.000180"/>
</kw>
<var name="${key}">gender</var>
<status status="PASS" start="2024-06-11T18:20:39.068839" elapsed="0.001936"/>
</iter>
<iter>
<kw name="Dictionary Should Contain Key" owner="Collections">
<arg>${json_data['results'][0]}</arg>
<arg>${key}</arg>
<doc>Fails if ``key`` is not found from ``dictionary``.</doc>
<status status="PASS" start="2024-06-11T18:20:39.071085" elapsed="0.000384"/>
</kw>
<kw name="Log" owner="BuiltIn">
<msg time="2024-06-11T18:20:39.072034" level="INFO">{'gender': 'male', 'name': {'title': 'Mr', 'first': 'Phil', 'last': 'Duncan'}, 'location': {'street': {'number': 8608, 'name': 'Alexander Road'}, 'city': 'Brighton and Hove', 'state': 'West Glamorgan', 'country': 'United Kingdom', 'postcode': 'F76 0XU', 'coordinates': {'latitude': '-7.2514', 'longitude': '-120.4607'}, 'timezone': {'offset': '-12:00', 'description': 'Eniwetok, Kwajalein'}}, 'email': 'phil.duncan@example.com', 'login': {'uuid': 'c30d01e3-d857-4376-a2ef-4c5bcf35d1fe', 'username': 'tinyzebra377', 'password': 'bigd', 'salt': 'YFwCoEzi', 'md5': '57f7ff65b86034b894ed66cf93bde4f3', 'sha1': '39ac261acf8f63e36c9a2ec5c61c7df1f5caab77', 'sha256': '17e147c4800e08be4469c7f89dcaa4b647e35acc9f9b9c07d77ffc323de0f09b'}, 'dob': {'date': '1988-01-06T17:50:58.579Z', 'age': 36}, 'registered': {'date': '2009-09-01T10:27:57.801Z', 'age': 14}, 'phone': '016977 9026', 'cell': '07898 257317', 'id': {'name': 'NINO', 'value': 'GE 18 34 69 J'}, 'picture': {'large': 'https://randomuser.me/api/portraits/men/71.jpg', 'medium': 'https://randomuser.me/api/portraits/med/men/71.jpg', 'thumbnail': 'https://randomuser.me/api/portraits/thumb/men/71.jpg'}, 'nat': 'GB'}</msg>
<arg>${json_data['results'][0]}</arg>
<doc>Logs the given message with the given level.</doc>
<status status="PASS" start="2024-06-11T18:20:39.071654" elapsed="0.000467"/>
</kw>
<kw name="Log" owner="BuiltIn">
<msg time="2024-06-11T18:20:39.072565" level="INFO">name</msg>
<arg>${key}</arg>
<doc>Logs the given message with the given level.</doc>
<status status="PASS" start="2024-06-11T18:20:39.072424" elapsed="0.000180"/>
</kw>
<var name="${key}">name</var>
<status status="PASS" start="2024-06-11T18:20:39.070971" elapsed="0.001855"/>
</iter>
<iter>
<kw name="Dictionary Should Contain Key" owner="Collections">
<arg>${json_data['results'][0]}</arg>
<arg>${key}</arg>
<doc>Fails if ``key`` is not found from ``dictionary``.</doc>
<status status="PASS" start="2024-06-11T18:20:39.073128" elapsed="0.000386"/>
</kw>
<kw name="Log" owner="BuiltIn">
<msg time="2024-06-11T18:20:39.074054" level="INFO">{'gender': 'male', 'name': {'title': 'Mr', 'first': 'Phil', 'last': 'Duncan'}, 'location': {'street': {'number': 8608, 'name': 'Alexander Road'}, 'city': 'Brighton and Hove', 'state': 'West Glamorgan', 'country': 'United Kingdom', 'postcode': 'F76 0XU', 'coordinates': {'latitude': '-7.2514', 'longitude': '-120.4607'}, 'timezone': {'offset': '-12:00', 'description': 'Eniwetok, Kwajalein'}}, 'email': 'phil.duncan@example.com', 'login': {'uuid': 'c30d01e3-d857-4376-a2ef-4c5bcf35d1fe', 'username': 'tinyzebra377', 'password': 'bigd', 'salt': 'YFwCoEzi', 'md5': '57f7ff65b86034b894ed66cf93bde4f3', 'sha1': '39ac261acf8f63e36c9a2ec5c61c7df1f5caab77', 'sha256': '17e147c4800e08be4469c7f89dcaa4b647e35acc9f9b9c07d77ffc323de0f09b'}, 'dob': {'date': '1988-01-06T17:50:58.579Z', 'age': 36}, 'registered': {'date': '2009-09-01T10:27:57.801Z', 'age': 14}, 'phone': '016977 9026', 'cell': '07898 257317', 'id': {'name': 'NINO', 'value': 'GE 18 34 69 J'}, 'picture': {'large': 'https://randomuser.me/api/portraits/men/71.jpg', 'medium': 'https://randomuser.me/api/portraits/med/men/71.jpg', 'thumbnail': 'https://randomuser.me/api/portraits/thumb/men/71.jpg'}, 'nat': 'GB'}</msg>
<arg>${json_data['results'][0]}</arg>
<doc>Logs the given message with the given level.</doc>
<status status="PASS" start="2024-06-11T18:20:39.073705" elapsed="0.000407"/>
</kw>
<kw name="Log" owner="BuiltIn">
<msg time="2024-06-11T18:20:39.074534" level="INFO">location</msg>
<arg>${key}</arg>
<doc>Logs the given message with the given level.</doc>
<status status="PASS" start="2024-06-11T18:20:39.074408" elapsed="0.000164"/>
</kw>
<var name="${key}">location</var>
<status status="PASS" start="2024-06-11T18:20:39.073017" elapsed="0.001789"/>
</iter>
<iter>
<kw name="Dictionary Should Contain Key" owner="Collections">
<arg>${json_data['results'][0]}</arg>
<arg>${key}</arg>
<doc>Fails if ``key`` is not found from ``dictionary``.</doc>
<status status="PASS" start="2024-06-11T18:20:39.075089" elapsed="0.000386"/>
</kw>
<kw name="Log" owner="BuiltIn">
<msg time="2024-06-11T18:20:39.076040" level="INFO">{'gender': 'male', 'name': {'title': 'Mr', 'first': 'Phil', 'last': 'Duncan'}, 'location': {'street': {'number': 8608, 'name': 'Alexander Road'}, 'city': 'Brighton and Hove', 'state': 'West Glamorgan', 'country': 'United Kingdom', 'postcode': 'F76 0XU', 'coordinates': {'latitude': '-7.2514', 'longitude': '-120.4607'}, 'timezone': {'offset': '-12:00', 'description': 'Eniwetok, Kwajalein'}}, 'email': 'phil.duncan@example.com', 'login': {'uuid': 'c30d01e3-d857-4376-a2ef-4c5bcf35d1fe', 'username': 'tinyzebra377', 'password': 'bigd', 'salt': 'YFwCoEzi', 'md5': '57f7ff65b86034b894ed66cf93bde4f3', 'sha1': '39ac261acf8f63e36c9a2ec5c61c7df1f5caab77', 'sha256': '17e147c4800e08be4469c7f89dcaa4b647e35acc9f9b9c07d77ffc323de0f09b'}, 'dob': {'date': '1988-01-06T17:50:58.579Z', 'age': 36}, 'registered': {'date': '2009-09-01T10:27:57.801Z', 'age': 14}, 'phone': '016977 9026', 'cell': '07898 257317', 'id': {'name': 'NINO', 'value': 'GE 18 34 69 J'}, 'picture': {'large': 'https://randomuser.me/api/portraits/men/71.jpg', 'medium': 'https://randomuser.me/api/portraits/med/men/71.jpg', 'thumbnail': 'https://randomuser.me/api/portraits/thumb/men/71.jpg'}, 'nat': 'GB'}</msg>
<arg>${json_data['results'][0]}</arg>
<doc>Logs the given message with the given level.</doc>
<status status="PASS" start="2024-06-11T18:20:39.075658" elapsed="0.000430"/>
</kw>
<kw name="Log" owner="BuiltIn">
<msg time="2024-06-11T18:20:39.076512" level="INFO">email</msg>
<arg>${key}</arg>
<doc>Logs the given message with the given level.</doc>
<status status="PASS" start="2024-06-11T18:20:39.076385" elapsed="0.000165"/>
</kw>
<var name="${key}">email</var>
<status status="PASS" start="2024-06-11T18:20:39.074982" elapsed="0.001783"/>
</iter>
<iter>
<kw name="Dictionary Should Contain Key" owner="Collections">
<arg>${json_data['results'][0]}</arg>
<arg>${key}</arg>
<doc>Fails if ``key`` is not found from ``dictionary``.</doc>
<status status="PASS" start="2024-06-11T18:20:39.077048" elapsed="0.000382"/>
</kw>
<kw name="Log" owner="BuiltIn">
<msg time="2024-06-11T18:20:39.077966" level="INFO">{'gender': 'male', 'name': {'title': 'Mr', 'first': 'Phil', 'last': 'Duncan'}, 'location': {'street': {'number': 8608, 'name': 'Alexander Road'}, 'city': 'Brighton and Hove', 'state': 'West Glamorgan', 'country': 'United Kingdom', 'postcode': 'F76 0XU', 'coordinates': {'latitude': '-7.2514', 'longitude': '-120.4607'}, 'timezone': {'offset': '-12:00', 'description': 'Eniwetok, Kwajalein'}}, 'email': 'phil.duncan@example.com', 'login': {'uuid': 'c30d01e3-d857-4376-a2ef-4c5bcf35d1fe', 'username': 'tinyzebra377', 'password': 'bigd', 'salt': 'YFwCoEzi', 'md5': '57f7ff65b86034b894ed66cf93bde4f3', 'sha1': '39ac261acf8f63e36c9a2ec5c61c7df1f5caab77', 'sha256': '17e147c4800e08be4469c7f89dcaa4b647e35acc9f9b9c07d77ffc323de0f09b'}, 'dob': {'date': '1988-01-06T17:50:58.579Z', 'age': 36}, 'registered': {'date': '2009-09-01T10:27:57.801Z', 'age': 14}, 'phone': '016977 9026', 'cell': '07898 257317', 'id': {'name': 'NINO', 'value': 'GE 18 34 69 J'}, 'picture': {'large': 'https://randomuser.me/api/portraits/men/71.jpg', 'medium': 'https://randomuser.me/api/portraits/med/men/71.jpg', 'thumbnail': 'https://randomuser.me/api/portraits/thumb/men/71.jpg'}, 'nat': 'GB'}</msg>
<arg>${json_data['results'][0]}</arg>
<doc>Logs the given message with the given level.</doc>
<status status="PASS" start="2024-06-11T18:20:39.077615" elapsed="0.000398"/>
</kw>
<kw name="Log" owner="BuiltIn">
<msg time="2024-06-11T18:20:39.078542" level="INFO">login</msg>
<arg>${key}</arg>
<doc>Logs the given message with the given level.</doc>
<status status="PASS" start="2024-06-11T18:20:39.078306" elapsed="0.000275"/>
</kw>
<var name="${key}">login</var>
<status status="PASS" start="2024-06-11T18:20:39.076940" elapsed="0.001868"/>
</iter>
<var>${key}</var>
<value>@{expected_keys}</value>
<status status="PASS" start="2024-06-11T18:20:39.068655" elapsed="0.010278"/>
</for>
<kw name="Create List" owner="BuiltIn">
<msg time="2024-06-11T18:20:39.079271" level="INFO">${expected_keysTwo} = ['username', 'password']</msg>
<var>${expected_keysTwo}</var>
<arg>username</arg>
<arg>password</arg>
<doc>Returns a list containing given items.</doc>
<status status="PASS" start="2024-06-11T18:20:39.079134" elapsed="0.000192"/>
</kw>
<for flavor="IN">
<iter>
<kw name="Dictionary Should Contain Key" owner="Collections">
<arg>${json_data['results'][0]['login']}</arg>
<arg>${keyTwo}</arg>
<doc>Fails if ``key`` is not found from ``dictionary``.</doc>
<status status="PASS" start="2024-06-11T18:20:39.079864" elapsed="0.000410"/>
</kw>
<kw name="Dictionary Should Contain Key" owner="Collections">
<arg>${json_data['results'][0]['login']}</arg>
<arg>${keyTwo}</arg>
<doc>Fails if ``key`` is not found from ``dictionary``.</doc>
<status status="PASS" start="2024-06-11T18:20:39.080458" elapsed="0.000373"/>
</kw>
<kw name="Log" owner="BuiltIn">
<msg time="2024-06-11T18:20:39.081123" level="INFO">username</msg>
<arg>${keyTwo}</arg>
<doc>Logs the given message with the given level.</doc>
<status status="PASS" start="2024-06-11T18:20:39.081008" elapsed="0.000152"/>
</kw>
<var name="${keyTwo}">username</var>
<status status="PASS" start="2024-06-11T18:20:39.079732" elapsed="0.001651"/>
</iter>
<iter>
<kw name="Dictionary Should Contain Key" owner="Collections">
<arg>${json_data['results'][0]['login']}</arg>
<arg>${keyTwo}</arg>
<doc>Fails if ``key`` is not found from ``dictionary``.</doc>
<status status="PASS" start="2024-06-11T18:20:39.081673" elapsed="0.000371"/>
</kw>
<kw name="Dictionary Should Contain Key" owner="Collections">
<arg>${json_data['results'][0]['login']}</arg>
<arg>${keyTwo}</arg>
<doc>Fails if ``key`` is not found from ``dictionary``.</doc>
<status status="PASS" start="2024-06-11T18:20:39.082221" elapsed="0.000361"/>
</kw>
<kw name="Log" owner="BuiltIn">
<msg time="2024-06-11T18:20:39.082869" level="INFO">password</msg>
<arg>${keyTwo}</arg>
<doc>Logs the given message with the given level.</doc>
<status status="PASS" start="2024-06-11T18:20:39.082755" elapsed="0.000149"/>
</kw>
<var name="${keyTwo}">password</var>
<status status="PASS" start="2024-06-11T18:20:39.081565" elapsed="0.001556"/>
</iter>
<var>${keyTwo}</var>
<value>@{expected_keysTwo}</value>
<status status="PASS" start="2024-06-11T18:20:39.079579" elapsed="0.003664"/>
</for>
<status status="PASS" start="2024-06-11T18:20:38.966589" elapsed="0.116791"/>
</kw>
<doc>Testa a estrutura da resposta da API.</doc>
<tag>testeEstruturaResposta</tag>
<status status="PASS" start="2024-06-11T18:20:38.965847" elapsed="0.117686"/>
</test>
<test id="s1-s1-t4" name="Validar tipos de dados" line="28">
<kw name="Teste de Tipos de Dados" owner="random-user-service">
<kw name="GET On Session" owner="RequestsLibrary">
<msg time="2024-06-11T18:20:39.161935" level="INFO">GET Request : url=https://randomuser.me/api 
 path_url=/api 
 headers={'User-Agent': 'python-requests/2.32.3', 'Accept-Encoding': 'gzip, deflate', 'Accept': '*/*', 'Connection': 'keep-alive'} 
 body=None 
 </msg>
<msg time="2024-06-11T18:20:39.162021" level="INFO">GET Response : url=https://randomuser.me/api 
 status=200, reason=OK 
 headers={'Date': 'Tue, 11 Jun 2024 18:20:39 GMT', 'Content-Type': 'application/json; charset=utf-8', 'Transfer-Encoding': 'chunked', 'Connection': 'keep-alive', 'X-Powered-By': 'Express', 'Access-Control-Allow-Origin': '*', 'Cache-Control': 'no-cache', 'ETag': 'W/"47f-k7TO+M2YGAe7vpkglgwzSBbXmqc"', 'Vary': 'Accept-Encoding', 'Content-Encoding': 'gzip', 'CF-Cache-Status': 'DYNAMIC', 'Report-To': '{"endpoints":[{"url":"https:\\/\\/a.nel.cloudflare.com\\/report\\/v4?s=Ex%2FQfZTk%2BdmPGU2F%2FfhFWiYGLpcY34Smq42RNZGKUX3Hf7bCkUIVEyhYi1Pdpm67by20msWKOEuWOz%2BYecXI0SnwAJcsd0x8jFG7NOZfaKVtLBjY1zoFOhrdEBJt%2Bezl"}],"group":"cf-nel","max_age":604800}', 'NEL': '{"success_fraction":0,"report_to":"cf-nel","max_age":604800}', 'Server': 'cloudflare', 'CF-RAY': '89239dc84d1c10ab-ORD', 'alt-svc': 'h3=":443"; ma=86400'} 
 body={"results":[{"gender":"female","name":{"title":"Mrs","first":"Onira","last":"Fogaça"},"location":{"street":{"number":3190,"name":"Rua Mato Grosso "},"city":"Uberlândia","state":"Bahia","country":"Brazil","postcode":11401,"coordinates":{"latitude":"-81.4194","longitude":"70.6938"},"timezone":{"offset":"+5:45","description":"Kathmandu"}},"email":"onira.fogaca@example.com","login":{"uuid":"c76c56f2-0dd7-48d5-b6a2-2ec43e3498e4","username":"bluedog937","password":"north","salt":"21CI2wBy","md5":"3d9a62132c4f9e893fd0c0d9ab6a2c58","sha1":"f058bc1279a9f034a642b02a59d8dd0471569a12","sha256":"d833c04995e37eb80e168c2daa7ac32e418643135e5f9421bec22bd5bc3de69b"},"dob":{"date":"1989-01-22T12:25:13.020Z","age":35},"registered":{"date":"2008-07-02T02:38:43.720Z","age":15},"phone":"(82) 2559-2059","cell":"(47) 7527-4072","id":{"name":"CPF","value":"102.779.378-64"},"picture":{"large":"https://randomuser.me/api/portraits/women/19.jpg","medium":"https://randomuser.me/api/portraits/med/women/19.jpg","thumbnail":"https://randomuser.me/api/portraits/thumb/women/19.jpg"},"nat":"BR"}],"info":{"seed":"20e99928341f1990","results":1,"page":1,"version":"1.4"}} 
 </msg>
<msg time="2024-06-11T18:20:39.162102" level="INFO">/opt/hostedtoolcache/Python/3.12.3/x64/lib/python3.12/site-packages/urllib3/connectionpool.py:1103: InsecureRequestWarning: Unverified HTTPS request is being made to host 'randomuser.me'. Adding certificate verification is strongly advised. See: https://urllib3.readthedocs.io/en/latest/advanced-usage.html#tls-warnings
  warnings.warn(</msg>
<msg time="2024-06-11T18:20:39.162220" level="INFO">${response} = &lt;Response [200]&gt;</msg>
<var>${response}</var>
<arg>consultarAPI</arg>
<arg>/api</arg>
<doc>Sends a GET request on a previously created HTTP Session.</doc>
<status status="PASS" start="2024-06-11T18:20:39.086062" elapsed="0.076213"/>
</kw>
<kw name="Set Variable" owner="BuiltIn">
<msg time="2024-06-11T18:20:39.163734" level="INFO">${json_data} = {'results': [{'gender': 'female', 'name': {'title': 'Mrs', 'first': 'Onira', 'last': 'Fogaça'}, 'location': {'street': {'number': 3190, 'name': 'Rua Mato Grosso '}, 'city': 'Uberlândia', 'state': 'Bah...</msg>
<var>${json_data}</var>
<arg>${response.json()}</arg>
<doc>Returns the given values which can then be assigned to a variables.</doc>
<status status="PASS" start="2024-06-11T18:20:39.163251" elapsed="0.000513"/>
</kw>
<kw name="Log" owner="BuiltIn">
<msg time="2024-06-11T18:20:39.164280" level="INFO">{'results': [{'gender': 'female', 'name': {'title': 'Mrs', 'first': 'Onira', 'last': 'Fogaça'}, 'location': {'street': {'number': 3190, 'name': 'Rua Mato Grosso '}, 'city': 'Uberlândia', 'state': 'Bahia', 'country': 'Brazil', 'postcode': 11401, 'coordinates': {'latitude': '-81.4194', 'longitude': '70.6938'}, 'timezone': {'offset': '+5:45', 'description': 'Kathmandu'}}, 'email': 'onira.fogaca@example.com', 'login': {'uuid': 'c76c56f2-0dd7-48d5-b6a2-2ec43e3498e4', 'username': 'bluedog937', 'password': 'north', 'salt': '21CI2wBy', 'md5': '3d9a62132c4f9e893fd0c0d9ab6a2c58', 'sha1': 'f058bc1279a9f034a642b02a59d8dd0471569a12', 'sha256': 'd833c04995e37eb80e168c2daa7ac32e418643135e5f9421bec22bd5bc3de69b'}, 'dob': {'date': '1989-01-22T12:25:13.020Z', 'age': 35}, 'registered': {'date': '2008-07-02T02:38:43.720Z', 'age': 15}, 'phone': '(82) 2559-2059', 'cell': '(47) 7527-4072', 'id': {'name': 'CPF', 'value': '102.779.378-64'}, 'picture': {'large': 'https://randomuser.me/api/portraits/women/19.jpg', 'medium': 'https://randomuser.me/api/portraits/med/women/19.jpg', 'thumbnail': 'https://randomuser.me/api/portraits/thumb/women/19.jpg'}, 'nat': 'BR'}], 'info': {'seed': '20e99928341f1990', 'results': 1, 'page': 1, 'version': '1.4'}}</msg>
<arg>${json_data}</arg>
<doc>Logs the given message with the given level.</doc>
<status status="PASS" start="2024-06-11T18:20:39.164117" elapsed="0.000215"/>
</kw>
<kw name="Should Be String" owner="String">
<arg>${json_data['results'][0]['gender']}</arg>
<doc>Fails if the given ``item`` is not a string.</doc>
<status status="PASS" start="2024-06-11T18:20:39.164624" elapsed="0.000349"/>
</kw>
<kw name="Should Match Regexp" owner="BuiltIn">
<arg>${json_data['results'][0]['email']}</arg>
<arg>^[a-zA-Z0-9._%+-]+@[a-zA-Z0-9.-]+\.[a-zA-Z]{2,}$</arg>
<doc>Fails if ``string`` does not match ``pattern`` as a regular expression.</doc>
<status status="PASS" start="2024-06-11T18:20:39.165160" elapsed="0.000506"/>
</kw>
<kw name="Should Match Regexp" owner="BuiltIn">
<arg>${json_data['results'][0]['dob']['date']}</arg>
<arg>\\d{4}-\\d{2}-\\d{2}T\\d{2}:\\d{2}:\\d{2}\\.\\d{3}Z</arg>
<doc>Fails if ``string`` does not match ``pattern`` as a regular expression.</doc>
<status status="PASS" start="2024-06-11T18:20:39.165894" elapsed="0.000492"/>
</kw>
<kw name="Should Match Regexp" owner="BuiltIn">
<arg>${json_data['results'][0]['registered']['date']}</arg>
<arg>\\d{4}-\\d{2}-\\d{2}T\\d{2}:\\d{2}:\\d{2}\\.\\d{3}Z</arg>
<doc>Fails if ``string`` does not match ``pattern`` as a regular expression.</doc>
<status status="PASS" start="2024-06-11T18:20:39.166578" elapsed="0.000364"/>
</kw>
<kw name="Should Match Regexp" owner="BuiltIn">
<arg>${json_data['results'][0]['picture']['large']}</arg>
<arg>^https?://.*\.(?:png|jpe?g|gif|bmp)$</arg>
<doc>Fails if ``string`` does not match ``pattern`` as a regular expression.</doc>
<status status="PASS" start="2024-06-11T18:20:39.167124" elapsed="0.000451"/>
</kw>
<kw name="Should Match Regexp" owner="BuiltIn">
<arg>${json_data['results'][0]['picture']['medium']}</arg>
<arg>^https?://.*\.(?:png|jpe?g|gif|bmp)$</arg>
<doc>Fails if ``string`` does not match ``pattern`` as a regular expression.</doc>
<status status="PASS" start="2024-06-11T18:20:39.167762" elapsed="0.000390"/>
</kw>
<kw name="Should Match Regexp" owner="BuiltIn">
<arg>${json_data['results'][0]['picture']['thumbnail']}</arg>
<arg>^https?://.*\.(?:png|jpe?g|gif|bmp)$</arg>
<doc>Fails if ``string`` does not match ``pattern`` as a regular expression.</doc>
<status status="PASS" start="2024-06-11T18:20:39.168355" elapsed="0.000357"/>
</kw>
<kw name="Log" owner="BuiltIn">
<msg time="2024-06-11T18:20:39.169215" level="INFO">{'large': 'https://randomuser.me/api/portraits/women/19.jpg', 'medium': 'https://randomuser.me/api/portraits/med/women/19.jpg', 'thumbnail': 'https://randomuser.me/api/portraits/thumb/women/19.jpg'}</msg>
<arg>${json_data['results'][0]['picture']}</arg>
<doc>Logs the given message with the given level.</doc>
<status status="PASS" start="2024-06-11T18:20:39.168895" elapsed="0.000362"/>
</kw>
<status status="PASS" start="2024-06-11T18:20:39.085834" elapsed="0.083675"/>
</kw>
<kw name="Teste de Tipos de Dados - Postcode" owner="random-user-service">
<kw name="GET On Session" owner="RequestsLibrary">
<msg time="2024-06-11T18:20:39.275944" level="INFO">GET Request : url=https://randomuser.me/api 
 path_url=/api 
 headers={'User-Agent': 'python-requests/2.32.3', 'Accept-Encoding': 'gzip, deflate', 'Accept': '*/*', 'Connection': 'keep-alive'} 
 body=None 
 </msg>
<msg time="2024-06-11T18:20:39.276029" level="INFO">GET Response : url=https://randomuser.me/api 
 status=200, reason=OK 
 headers={'Date': 'Tue, 11 Jun 2024 18:20:39 GMT', 'Content-Type': 'application/json; charset=utf-8', 'Transfer-Encoding': 'chunked', 'Connection': 'keep-alive', 'X-Powered-By': 'Express', 'Access-Control-Allow-Origin': '*', 'Cache-Control': 'no-cache', 'ETag': 'W/"49a-VLOdLzqHY4xwtHieXoRU8ZaPyeM"', 'Vary': 'Accept-Encoding', 'Content-Encoding': 'gzip', 'CF-Cache-Status': 'DYNAMIC', 'Report-To': '{"endpoints":[{"url":"https:\\/\\/a.nel.cloudflare.com\\/report\\/v4?s=gpjsANkG4B%2F438yvkIDxN1rU03xraljvZy%2FoiXIMPNsaICggGexs5Jqp4hEi9La6XvIGMic807u0Hnz3yDO5UsXAZ5U2wXYbfEOY0bKfRjtoYDD%2FkWE%2Bw8iKhg9sew9G"}],"group":"cf-nel","max_age":604800}', 'NEL': '{"success_fraction":0,"report_to":"cf-nel","max_age":604800}', 'Server': 'cloudflare', 'CF-RAY': '89239dc8de9e10ab-ORD', 'alt-svc': 'h3=":443"; ma=86400'} 
 body={"results":[{"gender":"female","name":{"title":"Mrs","first":"Aurora","last":"Suarez"},"location":{"street":{"number":1023,"name":"Calle de Argumosa"},"city":"Castellón de la Plana","state":"La Rioja","country":"Spain","postcode":57867,"coordinates":{"latitude":"-30.2458","longitude":"144.0883"},"timezone":{"offset":"+2:00","description":"Kaliningrad, South Africa"}},"email":"aurora.suarez@example.com","login":{"uuid":"1e98152c-805b-4818-a95c-018662a4bba9","username":"smallbird188","password":"flexible","salt":"bwTIgGjL","md5":"5a5eab48874c0b77ed0070ca1a380703","sha1":"15c609c5b387cd8bb0222f743f6be7863b73578d","sha256":"293ce0b6568a7becea65d778aa8ff585bb526f746d831d6030ae2aa101689da8"},"dob":{"date":"1976-03-10T15:08:01.851Z","age":48},"registered":{"date":"2010-09-24T13:52:06.002Z","age":13},"phone":"916-377-662","cell":"696-239-341","id":{"name":"DNI","value":"02734159-V"},"picture":{"large":"https://randomuser.me/api/portraits/women/41.jpg","medium":"https://randomuser.me/api/portraits/med/women/41.jpg","thumbnail":"https://randomuser.me/api/portraits/thumb/women/41.jpg"},"nat":"ES"}],"info":{"seed":"9fd0d9121a1c935f","results":1,"page":1,"version":"1.4"}} 
 </msg>
<msg time="2024-06-11T18:20:39.276118" level="INFO">/opt/hostedtoolcache/Python/3.12.3/x64/lib/python3.12/site-packages/urllib3/connectionpool.py:1103: InsecureRequestWarning: Unverified HTTPS request is being made to host 'randomuser.me'. Adding certificate verification is strongly advised. See: https://urllib3.readthedocs.io/en/latest/advanced-usage.html#tls-warnings
  warnings.warn(</msg>
<msg time="2024-06-11T18:20:39.276227" level="INFO">${response} = &lt;Response [200]&gt;</msg>
<var>${response}</var>
<arg>consultarAPI</arg>
<arg>/api</arg>
<doc>Sends a GET request on a previously created HTTP Session.</doc>
<status status="PASS" start="2024-06-11T18:20:39.169949" elapsed="0.106329"/>
</kw>
<kw name="Set Variable" owner="BuiltIn">
<msg time="2024-06-11T18:20:39.277457" level="INFO">${json_data} = {'results': [{'gender': 'female', 'name': {'title': 'Mrs', 'first': 'Aurora', 'last': 'Suarez'}, 'location': {'street': {'number': 1023, 'name': 'Calle de Argumosa'}, 'city': 'Castellón de la Plana', ...</msg>
<var>${json_data}</var>
<arg>${response.json()}</arg>
<doc>Returns the given values which can then be assigned to a variables.</doc>
<status status="PASS" start="2024-06-11T18:20:39.276831" elapsed="0.000658"/>
</kw>
<kw name="Log" owner="BuiltIn">
<msg time="2024-06-11T18:20:39.277956" level="INFO">{'results': [{'gender': 'female', 'name': {'title': 'Mrs', 'first': 'Aurora', 'last': 'Suarez'}, 'location': {'street': {'number': 1023, 'name': 'Calle de Argumosa'}, 'city': 'Castellón de la Plana', 'state': 'La Rioja', 'country': 'Spain', 'postcode': 57867, 'coordinates': {'latitude': '-30.2458', 'longitude': '144.0883'}, 'timezone': {'offset': '+2:00', 'description': 'Kaliningrad, South Africa'}}, 'email': 'aurora.suarez@example.com', 'login': {'uuid': '1e98152c-805b-4818-a95c-018662a4bba9', 'username': 'smallbird188', 'password': 'flexible', 'salt': 'bwTIgGjL', 'md5': '5a5eab48874c0b77ed0070ca1a380703', 'sha1': '15c609c5b387cd8bb0222f743f6be7863b73578d', 'sha256': '293ce0b6568a7becea65d778aa8ff585bb526f746d831d6030ae2aa101689da8'}, 'dob': {'date': '1976-03-10T15:08:01.851Z', 'age': 48}, 'registered': {'date': '2010-09-24T13:52:06.002Z', 'age': 13}, 'phone': '916-377-662', 'cell': '696-239-341', 'id': {'name': 'DNI', 'value': '02734159-V'}, 'picture': {'large': 'https://randomuser.me/api/portraits/women/41.jpg', 'medium': 'https://randomuser.me/api/portraits/med/women/41.jpg', 'thumbnail': 'https://randomuser.me/api/portraits/thumb/women/41.jpg'}, 'nat': 'ES'}], 'info': {'seed': '9fd0d9121a1c935f', 'results': 1, 'page': 1, 'version': '1.4'}}</msg>
<arg>${json_data}</arg>
<doc>Logs the given message with the given level.</doc>
<status status="PASS" start="2024-06-11T18:20:39.277800" elapsed="0.000204"/>
</kw>
<kw name="Should Be Equal As Numbers" owner="BuiltIn">
<arg>${json_data['results'][0]['location']['postcode']}</arg>
<arg>${json_data['results'][0]['location']['postcode']}</arg>
<doc>Fails if objects are unequal after converting them to real numbers.</doc>
<status status="PASS" start="2024-06-11T18:20:39.278298" elapsed="0.000614"/>
</kw>
<kw name="Log" owner="BuiltIn">
<msg time="2024-06-11T18:20:39.279432" level="INFO">57867</msg>
<arg>${json_data['results'][0]['location']['postcode']}</arg>
<doc>Logs the given message with the given level.</doc>
<status status="PASS" start="2024-06-11T18:20:39.279099" elapsed="0.000372"/>
</kw>
<status status="PASS" start="2024-06-11T18:20:39.169720" elapsed="0.110026"/>
</kw>
<doc>Testa se os tipos de dados na resposta da API estão corretos.</doc>
<tag>testeTiposDados</tag>
<status status="PASS" start="2024-06-11T18:20:39.085311" elapsed="0.194631"/>
</test>
<test id="s1-s1-t5" name="Validar conteudo" line="35">
<kw name="Teste de Tipos de Conteudo" owner="random-user-service">
<kw name="GET On Session" owner="RequestsLibrary">
<msg time="2024-06-11T18:20:39.373219" level="INFO">GET Request : url=https://randomuser.me/api 
 path_url=/api 
 headers={'User-Agent': 'python-requests/2.32.3', 'Accept-Encoding': 'gzip, deflate', 'Accept': '*/*', 'Connection': 'keep-alive'} 
 body=None 
 </msg>
<msg time="2024-06-11T18:20:39.373287" level="INFO">GET Response : url=https://randomuser.me/api 
 status=200, reason=OK 
 headers={'Date': 'Tue, 11 Jun 2024 18:20:39 GMT', 'Content-Type': 'application/json; charset=utf-8', 'Transfer-Encoding': 'chunked', 'Connection': 'keep-alive', 'X-Powered-By': 'Express', 'Access-Control-Allow-Origin': '*', 'Cache-Control': 'no-cache', 'ETag': 'W/"497-RdpAKRSPUnY10BvZVN1ArHnkcbg"', 'Vary': 'Accept-Encoding', 'Content-Encoding': 'gzip', 'CF-Cache-Status': 'DYNAMIC', 'Report-To': '{"endpoints":[{"url":"https:\\/\\/a.nel.cloudflare.com\\/report\\/v4?s=vYAU9OTGlXm44EZByidpiungNYWpzUDqAIuun01twEtgPCquBwLOyqeIN1J%2BqhH7wiL9Zihjd712aXaQMCCxZFO1rJZ50dVISUvqxFbiR26bcY1JfK5IhJUv8wKXeD9k"}],"group":"cf-nel","max_age":604800}', 'NEL': '{"success_fraction":0,"report_to":"cf-nel","max_age":604800}', 'Server': 'cloudflare', 'CF-RAY': '89239dc9881010ab-ORD', 'alt-svc': 'h3=":443"; ma=86400'} 
 body={"results":[{"gender":"female","name":{"title":"Ms","first":"Lobna","last":"Peelen"},"location":{"street":{"number":3586,"name":"Groningenlaan"},"city":"Onderbanken","state":"Zeeland","country":"Netherlands","postcode":"3852 TW","coordinates":{"latitude":"36.5519","longitude":"7.1813"},"timezone":{"offset":"+10:00","description":"Eastern Australia, Guam, Vladivostok"}},"email":"lobna.peelen@example.com","login":{"uuid":"88ff5aae-d97d-450c-a058-271fddfb4993","username":"orangecat498","password":"foxy","salt":"KD2wbUNd","md5":"b1482f8fef2bcfab7df1c5a75b3b39e5","sha1":"a291d76896fbc0054fa5c201e74cb918fd0f8877","sha256":"ceb02911f3a3852b9f3414f1a59663bb4eebed8e55234e236f3d763c597aa077"},"dob":{"date":"1949-10-12T02:48:51.562Z","age":74},"registered":{"date":"2021-04-01T07:55:24.908Z","age":3},"phone":"(0559) 676406","cell":"(06) 08952065","id":{"name":"BSN","value":"29333203"},"picture":{"large":"https://randomuser.me/api/portraits/women/84.jpg","medium":"https://randomuser.me/api/portraits/med/women/84.jpg","thumbnail":"https://randomuser.me/api/portraits/thumb/women/84.jpg"},"nat":"NL"}],"info":{"seed":"d2242f9d3644517b","results":1,"page":1,"version":"1.4"}} 
 </msg>
<msg time="2024-06-11T18:20:39.373347" level="INFO">/opt/hostedtoolcache/Python/3.12.3/x64/lib/python3.12/site-packages/urllib3/connectionpool.py:1103: InsecureRequestWarning: Unverified HTTPS request is being made to host 'randomuser.me'. Adding certificate verification is strongly advised. See: https://urllib3.readthedocs.io/en/latest/advanced-usage.html#tls-warnings
  warnings.warn(</msg>
<msg time="2024-06-11T18:20:39.373449" level="INFO">${response} = &lt;Response [200]&gt;</msg>
<var>${response}</var>
<arg>consultarAPI</arg>
<arg>/api</arg>
<doc>Sends a GET request on a previously created HTTP Session.</doc>
<status status="PASS" start="2024-06-11T18:20:39.282441" elapsed="0.091049"/>
</kw>
<kw name="Set Variable" owner="BuiltIn">
<msg time="2024-06-11T18:20:39.374551" level="INFO">${json_data} = {'results': [{'gender': 'female', 'name': {'title': 'Ms', 'first': 'Lobna', 'last': 'Peelen'}, 'location': {'street': {'number': 3586, 'name': 'Groningenlaan'}, 'city': 'Onderbanken', 'state': 'Zeelan...</msg>
<var>${json_data}</var>
<arg>${response.json()}</arg>
<doc>Returns the given values which can then be assigned to a variables.</doc>
<status status="PASS" start="2024-06-11T18:20:39.373978" elapsed="0.000601"/>
</kw>
<kw name="Set Variable" owner="BuiltIn">
<msg time="2024-06-11T18:20:39.375260" level="INFO">${name_title} = Ms</msg>
<var>${name_title}</var>
<arg>${json_data["results"][0]["name"]["title"]}</arg>
<doc>Returns the given values which can then be assigned to a variables.</doc>
<status status="PASS" start="2024-06-11T18:20:39.374888" elapsed="0.000397"/>
</kw>
<kw name="Create List" owner="BuiltIn">
<msg time="2024-06-11T18:20:39.375734" level="INFO">${allowed_titles} = ['Mr', 'Ms', 'Miss', 'Mrs', 'Madame', 'Monsieur']</msg>
<var>${allowed_titles}</var>
<arg>Mr</arg>
<arg>Ms</arg>
<arg>Miss</arg>
<arg>Mrs</arg>
<arg>Madame</arg>
<arg>Monsieur</arg>
<doc>Returns a list containing given items.</doc>
<status status="PASS" start="2024-06-11T18:20:39.375587" elapsed="0.000170"/>
</kw>
<kw name="List Should Contain Value" owner="Collections">
<arg>${allowed_titles}</arg>
<arg>${name_title}</arg>
<doc>Fails if the ``value`` is not found from ``list``.</doc>
<status status="PASS" start="2024-06-11T18:20:39.376093" elapsed="0.000190"/>
</kw>
<kw name="Set Variable" owner="BuiltIn">
<msg time="2024-06-11T18:20:39.376836" level="INFO">${name_country} = NL</msg>
<var>${name_country}</var>
<arg>${json_data["results"][0]["nat"]}</arg>
<doc>Returns the given values which can then be assigned to a variables.</doc>
<status status="PASS" start="2024-06-11T18:20:39.376465" elapsed="0.000396"/>
</kw>
<kw name="Create List" owner="BuiltIn">
<msg time="2024-06-11T18:20:39.377750" level="INFO">${list_country} = ['AD', 'AE', 'AF', 'AG', 'AI', 'AL', 'AM', 'AO', 'AQ', 'AR', 'AS', 'AT', 'AU', 'AW', 'AX', 'AZ', 'BA', 'BB', 'BD', 'BE', 'BF', 'BG', 'BH', 'BI', 'BJ', 'BL', 'BM', 'BN', 'BO', 'BQ', 'BR', 'BS', 'BT', '...</msg>
<var>${list_country}</var>
<arg>AD</arg>
<arg>AE</arg>
<arg>AF</arg>
<arg>AG</arg>
<arg>AI</arg>
<arg>AL</arg>
<arg>AM</arg>
<arg>AO</arg>
<arg>AQ</arg>
<arg>AR</arg>
<arg>AS</arg>
<arg>AT</arg>
<arg>AU</arg>
<arg>AW</arg>
<arg>AX</arg>
<arg>AZ</arg>
<arg>BA</arg>
<arg>BB</arg>
<arg>BD</arg>
<arg>BE</arg>
<arg>BF</arg>
<arg>BG</arg>
<arg>BH</arg>
<arg>BI</arg>
<arg>BJ</arg>
<arg>BL</arg>
<arg>BM</arg>
<arg>BN</arg>
<arg>BO</arg>
<arg>BQ</arg>
<arg>BR</arg>
<arg>BS</arg>
<arg>BT</arg>
<arg>BV</arg>
<arg>BW</arg>
<arg>BY</arg>
<arg>BZ</arg>
<arg>CA</arg>
<arg>CC</arg>
<arg>CD</arg>
<arg>CF</arg>
<arg>CG</arg>
<arg>CH</arg>
<arg>CI</arg>
<arg>CK</arg>
<arg>CL</arg>
<arg>CM</arg>
<arg>CN</arg>
<arg>CO</arg>
<arg>CR</arg>
<arg>CU</arg>
<arg>CV</arg>
<arg>CW</arg>
<arg>CX</arg>
<arg>CY</arg>
<arg>CZ</arg>
<arg>DE</arg>
<arg>DJ</arg>
<arg>DK</arg>
<arg>DM</arg>
<arg>DO</arg>
<arg>DZ</arg>
<arg>EC</arg>
<arg>EE</arg>
<arg>EG</arg>
<arg>EH</arg>
<arg>ER</arg>
<arg>ES</arg>
<arg>ET</arg>
<arg>FI</arg>
<arg>FJ</arg>
<arg>FK</arg>
<arg>FM</arg>
<arg>FO</arg>
<arg>FR</arg>
<arg>GA</arg>
<arg>GB</arg>
<arg>GD</arg>
<arg>GE</arg>
<arg>GF</arg>
<arg>GG</arg>
<arg>GH</arg>
<arg>GI</arg>
<arg>GL</arg>
<arg>GM</arg>
<arg>GN</arg>
<arg>GP</arg>
<arg>GQ</arg>
<arg>GR</arg>
<arg>GS</arg>
<arg>GT</arg>
<arg>GU</arg>
<arg>GW</arg>
<arg>GY</arg>
<arg>HK</arg>
<arg>HM</arg>
<arg>HN</arg>
<arg>HR</arg>
<arg>HT</arg>
<arg>HU</arg>
<arg>ID</arg>
<arg>IE</arg>
<arg>IL</arg>
<arg>IM</arg>
<arg>IN</arg>
<arg>IO</arg>
<arg>IQ</arg>
<arg>IR</arg>
<arg>IS</arg>
<arg>IT</arg>
<arg>JE</arg>
<arg>JM</arg>
<arg>JO</arg>
<arg>JP</arg>
<arg>KE</arg>
<arg>KG</arg>
<arg>KH</arg>
<arg>KI</arg>
<arg>KM</arg>
<arg>KN</arg>
<arg>KP</arg>
<arg>KR</arg>
<arg>KW</arg>
<arg>KY</arg>
<arg>KZ</arg>
<arg>LA</arg>
<arg>LB</arg>
<arg>LC</arg>
<arg>LI</arg>
<arg>LK</arg>
<arg>LR</arg>
<arg>LS</arg>
<arg>LT</arg>
<arg>LU</arg>
<arg>LV</arg>
<arg>LY</arg>
<arg>MA</arg>
<arg>MC</arg>
<arg>MD</arg>
<arg>ME</arg>
<arg>MF</arg>
<arg>MG</arg>
<arg>MH</arg>
<arg>MK</arg>
<arg>ML</arg>
<arg>MM</arg>
<arg>MN</arg>
<arg>MO</arg>
<arg>MP</arg>
<arg>MQ</arg>
<arg>MR</arg>
<arg>MS</arg>
<arg>MT</arg>
<arg>MU</arg>
<arg>MV</arg>
<arg>MW</arg>
<arg>MX</arg>
<arg>MY</arg>
<arg>MZ</arg>
<arg>NA</arg>
<arg>NC</arg>
<arg>NE</arg>
<arg>NF</arg>
<arg>NG</arg>
<arg>NI</arg>
<arg>NL</arg>
<arg>NO</arg>
<arg>NP</arg>
<arg>NR</arg>
<arg>NU</arg>
<arg>NZ</arg>
<arg>OM</arg>
<arg>PA</arg>
<arg>PE</arg>
<arg>PF</arg>
<arg>PG</arg>
<arg>PH</arg>
<arg>PK</arg>
<arg>PL</arg>
<arg>PM</arg>
<arg>PN</arg>
<arg>PR</arg>
<arg>PS</arg>
<arg>PT</arg>
<arg>PW</arg>
<arg>PY</arg>
<arg>QA</arg>
<arg>RE</arg>
<arg>RO</arg>
<arg>RS</arg>
<arg>RU</arg>
<arg>RW</arg>
<arg>SA</arg>
<arg>SB</arg>
<arg>SC</arg>
<arg>SD</arg>
<arg>SE</arg>
<arg>SG</arg>
<arg>SH</arg>
<arg>SI</arg>
<arg>SJ</arg>
<arg>SK</arg>
<arg>SL</arg>
<arg>SM</arg>
<arg>SN</arg>
<arg>SO</arg>
<arg>SR</arg>
<arg>SS</arg>
<arg>ST</arg>
<arg>SV</arg>
<arg>SX</arg>
<arg>SY</arg>
<arg>SZ</arg>
<arg>TC</arg>
<arg>TD</arg>
<arg>TF</arg>
<arg>TG</arg>
<arg>TH</arg>
<arg>TJ</arg>
<arg>TK</arg>
<arg>TL</arg>
<arg>TM</arg>
<arg>TN</arg>
<arg>TO</arg>
<arg>TR</arg>
<arg>TT</arg>
<arg>TV</arg>
<arg>TW</arg>
<arg>TZ</arg>
<arg>UA</arg>
<arg>UG</arg>
<arg>UM</arg>
<arg>US</arg>
<arg>UY</arg>
<arg>UZ</arg>
<arg>VA</arg>
<arg>VC</arg>
<arg>VE</arg>
<arg>VG</arg>
<arg>VI</arg>
<arg>VN</arg>
<arg>VU</arg>
<arg>WF</arg>
<arg>WS</arg>
<arg>XK</arg>
<arg>YE</arg>
<arg>YT</arg>
<arg>ZA</arg>
<arg>ZM</arg>
<arg>ZW</arg>
<doc>Returns a list containing given items.</doc>
<status status="PASS" start="2024-06-11T18:20:39.377156" elapsed="0.000620"/>
</kw>
<kw name="List Should Contain Value" owner="Collections">
<arg>${list_country}</arg>
<arg>${name_country}</arg>
<doc>Fails if the ``value`` is not found from ``list``.</doc>
<status status="PASS" start="2024-06-11T18:20:39.378574" elapsed="0.000206"/>
</kw>
<kw name="Run Keyword If" owner="BuiltIn">
<kw name="Should Be True" owner="BuiltIn">
<arg>${True}</arg>
<doc>Fails if the given condition is not true.</doc>
<status status="PASS" start="2024-06-11T18:20:39.379860" elapsed="0.000155"/>
</kw>
<arg>${json_data["results"][0]["location"]["coordinates"]["latitude"]} &gt;= -90 and ${json_data["results"][0]["location"]["coordinates"]["latitude"]} &lt;= 90</arg>
<arg>Should Be True</arg>
<arg>${True}</arg>
<doc>Runs the given keyword with the given arguments, if ``condition`` is true.</doc>
<status status="PASS" start="2024-06-11T18:20:39.378973" elapsed="0.001168"/>
</kw>
<kw name="Run Keyword If" owner="BuiltIn">
<kw name="Should Be True" owner="BuiltIn">
<arg>${True}</arg>
<doc>Fails if the given condition is not true.</doc>
<status status="PASS" start="2024-06-11T18:20:39.381014" elapsed="0.000135"/>
</kw>
<arg>${json_data["results"][0]["location"]["coordinates"]["longitude"]} &gt;= -180 and ${json_data["results"][0]["location"]["coordinates"]["longitude"]} &lt;= 180</arg>
<arg>Should Be True</arg>
<arg>${True}</arg>
<doc>Runs the given keyword with the given arguments, if ``condition`` is true.</doc>
<status status="PASS" start="2024-06-11T18:20:39.380322" elapsed="0.000949"/>
</kw>
<status status="PASS" start="2024-06-11T18:20:39.282213" elapsed="0.099187"/>
</kw>
<doc>Testa o conteúdo específico dos campos retornados pela API.</doc>
<tag>testeConteudo</tag>
<status status="PASS" start="2024-06-11T18:20:39.281660" elapsed="0.099885"/>
</test>
<status status="PASS" start="2024-06-11T18:20:38.419148" elapsed="0.964335"/>
</suite>
<status status="PASS" start="2024-06-11T18:20:38.405813" elapsed="0.982758"/>
</suite>
<statistics>
<total>
<stat pass="5" fail="0" skip="0">All Tests</stat>
</total>
<tag>
<stat pass="1" fail="0" skip="0">testeConteudo</stat>
<stat pass="1" fail="0" skip="0">testeEstruturaResposta</stat>
<stat pass="1" fail="0" skip="0">testeRequisicaoBasica</stat>
<stat pass="1" fail="0" skip="0">testeTiposDados</stat>
</tag>
<suite>
<stat pass="5" fail="0" skip="0" id="s1" name="Tests">Tests</stat>
<stat pass="5" fail="0" skip="0" id="s1-s1" name="Random-User-Test">Tests.Random-User-Test</stat>
</suite>
</statistics>
<errors>
</errors>
</robot>
