<?xml version="1.0" encoding="UTF-8"?>
<robot generator="Robot 7.0.1 (Python 3.12.4 on linux)" generated="2024-07-22T05:16:01.429946" rpa="false" schemaversion="5">
<suite id="s1" name="Tests" source="/home/runner/work/ApiRandomUser/ApiRandomUser/RamdonUser/tests">
<suite id="s1-s1" name="Random-User-Test" source="/home/runner/work/ApiRandomUser/ApiRandomUser/RamdonUser/tests/random-user-test.robot">
<test id="s1-s1-t1" name="Conectar" line="13">
<kw name="Conectar API" owner="random-user-service">
<kw name="Create Session" owner="RequestsLibrary">
<msg time="2024-07-22T05:16:01.829009" level="INFO">Creating Session using : alias=consultarAPI, url=https://randomuser.me/, headers={},                     cookies={}, auth=None, timeout=None, proxies=None, verify=False,                     debug=0 </msg>
<arg>consultarAPI</arg>
<arg>${URL}</arg>
<doc>Create Session: create a HTTP session to a server</doc>
<status status="PASS" start="2024-07-22T05:16:01.828804" elapsed="0.000391"/>
</kw>
<status status="PASS" start="2024-07-22T05:16:01.827754" elapsed="0.001836"/>
</kw>
<status status="PASS" start="2024-07-22T05:16:01.827111" elapsed="0.002673"/>
</test>
<test id="s1-s1-t2" name="Validar retorno 200 e JSON Válido" line="16">
<kw name="Teste de Requisicao Basica" owner="random-user-service">
<kw name="GET On Session" owner="RequestsLibrary">
<msg time="2024-07-22T05:16:01.996508" level="INFO">GET Request : url=https://randomuser.me/api 
 path_url=/api 
 headers={'User-Agent': 'python-requests/2.32.3', 'Accept-Encoding': 'gzip, deflate', 'Accept': '*/*', 'Connection': 'keep-alive'} 
 body=None 
 </msg>
<msg time="2024-07-22T05:16:01.996683" level="INFO">GET Response : url=https://randomuser.me/api 
 status=200, reason=OK 
 headers={'Date': 'Mon, 22 Jul 2024 05:16:01 GMT', 'Content-Type': 'application/json; charset=utf-8', 'Transfer-Encoding': 'chunked', 'Connection': 'keep-alive', 'X-Powered-By': 'Express', 'Access-Control-Allow-Origin': '*', 'Cache-Control': 'no-cache', 'ETag': 'W/"4a6-jCvu+rpOmScdYprZM68z8X1UQwg"', 'Vary': 'Accept-Encoding', 'Content-Encoding': 'gzip', 'CF-Cache-Status': 'DYNAMIC', 'Report-To': '{"endpoints":[{"url":"https:\\/\\/a.nel.cloudflare.com\\/report\\/v4?s=fOMg94S3GnPbHUyn8MJQni0O6RnOnuJdL6OQcinGEUmBGnCsFG%2Bd%2BZb%2B4ikuTbCg8CeIi0C4T05lzQfUBv%2BJm1H6h%2BLOD9hgAeytep9Mk5vtDblLhI3mfA9zyQ%2FIWp63"}],"group":"cf-nel","max_age":604800}', 'NEL': '{"success_fraction":0,"report_to":"cf-nel","max_age":604800}', 'Server': 'cloudflare', 'CF-RAY': '8a70f4cfc86a0d08-LAX', 'alt-svc': 'h3=":443"; ma=86400'} 
 body={"results":[{"gender":"female","name":{"title":"Miss","first":"Frances","last":"Martin"},"location":{"street":{"number":5759,"name":"Northaven Rd"},"city":"Fort Wayne","state":"North Carolina","country":"United States","postcode":17119,"coordinates":{"latitude":"84.8597","longitude":"138.1415"},"timezone":{"offset":"+4:00","description":"Abu Dhabi, Muscat, Baku, Tbilisi"}},"email":"frances.martin@example.com","login":{"uuid":"5829985a-13d3-49d6-899f-e60e76fbcfb0","username":"yellowwolf446","password":"manning","salt":"oZmKZzWM","md5":"d708e9980cf9d4cec68fa1cd02df8da8","sha1":"fd89eac25f5d42cc5700026bd93e19dd50e585bf","sha256":"d6bec8768426c8de974140e961adbcfc4b85092be17db29e03406c6c13b9b43c"},"dob":{"date":"1945-06-18T01:29:25.901Z","age":79},"registered":{"date":"2020-12-07T10:02:23.720Z","age":3},"phone":"(597) 896-0291","cell":"(328) 819-1793","id":{"name":"SSN","value":"261-49-3808"},"picture":{"large":"https://randomuser.me/api/portraits/women/43.jpg","medium":"https://randomuser.me/api/portraits/med/women/43.jpg","thumbnail":"https://randomuser.me/api/portraits/thumb/women/43.jpg"},"nat":"US"}],"info":{"seed":"82a79ed23adaed95","results":1,"page":1,"version":"1.4"}} 
 </msg>
<msg time="2024-07-22T05:16:01.996767" level="INFO">/opt/hostedtoolcache/Python/3.12.4/x64/lib/python3.12/site-packages/urllib3/connectionpool.py:1099: InsecureRequestWarning: Unverified HTTPS request is being made to host 'randomuser.me'. Adding certificate verification is strongly advised. See: https://urllib3.readthedocs.io/en/latest/advanced-usage.html#tls-warnings
  warnings.warn(</msg>
<msg time="2024-07-22T05:16:01.996935" level="INFO">${response} = &lt;Response [200]&gt;</msg>
<var>${response}</var>
<arg>consultarAPI</arg>
<arg>/api</arg>
<doc>Sends a GET request on a previously created HTTP Session.</doc>
<status status="PASS" start="2024-07-22T05:16:01.832435" elapsed="0.164545"/>
</kw>
<kw name="Should Be Equal As Numbers" owner="BuiltIn">
<msg time="2024-07-22T05:16:01.998034" level="INFO">Argument types are:
&lt;class 'int'&gt;
&lt;class 'str'&gt;</msg>
<arg>${response.status_code}</arg>
<arg>200</arg>
<doc>Fails if objects are unequal after converting them to real numbers.</doc>
<status status="PASS" start="2024-07-22T05:16:01.997564" elapsed="0.000537"/>
</kw>
<kw name="Log" owner="BuiltIn">
<msg time="2024-07-22T05:16:01.998779" level="INFO">200</msg>
<arg>${response.status_code}</arg>
<doc>Logs the given message with the given level.</doc>
<status status="PASS" start="2024-07-22T05:16:01.998424" elapsed="0.000399"/>
</kw>
<kw name="Set Variable" owner="BuiltIn">
<msg time="2024-07-22T05:16:01.999574" level="INFO">${json_data} = {'results': [{'gender': 'female', 'name': {'title': 'Miss', 'first': 'Frances', 'last': 'Martin'}, 'location': {'street': {'number': 5759, 'name': 'Northaven Rd'}, 'city': 'Fort Wayne', 'state': 'Nort...</msg>
<var>${json_data}</var>
<arg>${response.json()}</arg>
<doc>Returns the given values which can then be assigned to a variables.</doc>
<status status="PASS" start="2024-07-22T05:16:01.999134" elapsed="0.000469"/>
</kw>
<kw name="Dictionary Should Contain Key" owner="Collections">
<arg>${json_data}</arg>
<arg>results</arg>
<doc>Fails if ``key`` is not found from ``dictionary``.</doc>
<status status="PASS" start="2024-07-22T05:16:01.999913" elapsed="0.000337"/>
</kw>
<status status="PASS" start="2024-07-22T05:16:01.832194" elapsed="0.168215"/>
</kw>
<doc>Testa se a API responde corretamente e retorna um objeto JSON válido.</doc>
<tag>testeRequisicaoBasica</tag>
<status status="PASS" start="2024-07-22T05:16:01.831642" elapsed="0.168945"/>
</test>
<test id="s1-s1-t3" name="Validar estrutura de resposta" line="22">
<kw name="Teste de Estrutura de Resposta" owner="random-user-service">
<kw name="GET On Session" owner="RequestsLibrary">
<msg time="2024-07-22T05:16:02.141814" level="INFO">GET Request : url=https://randomuser.me/api 
 path_url=/api 
 headers={'User-Agent': 'python-requests/2.32.3', 'Accept-Encoding': 'gzip, deflate', 'Accept': '*/*', 'Connection': 'keep-alive'} 
 body=None 
 </msg>
<msg time="2024-07-22T05:16:02.141933" level="INFO">GET Response : url=https://randomuser.me/api 
 status=200, reason=OK 
 headers={'Date': 'Mon, 22 Jul 2024 05:16:02 GMT', 'Content-Type': 'application/json; charset=utf-8', 'Transfer-Encoding': 'chunked', 'Connection': 'keep-alive', 'X-Powered-By': 'Express', 'Access-Control-Allow-Origin': '*', 'Cache-Control': 'no-cache', 'ETag': 'W/"496-EoRk5yqQZbVSQXSxZV/ICuE4WEE"', 'Vary': 'Accept-Encoding', 'Content-Encoding': 'gzip', 'CF-Cache-Status': 'DYNAMIC', 'Report-To': '{"endpoints":[{"url":"https:\\/\\/a.nel.cloudflare.com\\/report\\/v4?s=DP%2FAa7aPGY%2FB4JqKd3GeHuLoO5bvEYlULchQ%2Bw%2BTGdGFq1EqQZmgWBfd%2BFiX65v7ygql%2Bh1KyuRtDTVp1Eok3OKYvq0lgMhR7BCLpzf%2FhX8KPZdp14z00gA3IW722fhW"}],"group":"cf-nel","max_age":604800}', 'NEL': '{"success_fraction":0,"report_to":"cf-nel","max_age":604800}', 'Server': 'cloudflare', 'CF-RAY': '8a70f4d089290d08-LAX', 'alt-svc': 'h3=":443"; ma=86400'} 
 body={"results":[{"gender":"male","name":{"title":"Mr","first":"اميرعلي","last":"زارعی"},"location":{"street":{"number":2088,"name":"ایران"},"city":"بروجرد","state":"کرمانشاه","country":"Iran","postcode":87538,"coordinates":{"latitude":"14.9180","longitude":"-167.5804"},"timezone":{"offset":"+9:00","description":"Tokyo, Seoul, Osaka, Sapporo, Yakutsk"}},"email":"myraaly.zraay@example.com","login":{"uuid":"34e323dd-5bad-446d-8b29-574740f3cbae","username":"blackmeercat435","password":"rain","salt":"tTNZry2d","md5":"e2fa591b5e3f9d619ea79948a58e9c26","sha1":"ffa147c8601da18dd7df4bf8afcb03a3c49f7d45","sha256":"4a479f0c87456bff225212f0959c88fc87a614377a7fdf020e11db1525d1bcee"},"dob":{"date":"1969-08-04T14:12:56.168Z","age":54},"registered":{"date":"2007-09-10T03:11:11.132Z","age":16},"phone":"020-91876917","cell":"0903-546-2962","id":{"name":"","value":null},"picture":{"large":"https://randomuser.me/api/portraits/men/46.jpg","medium":"https://randomuser.me/api/portraits/med/men/46.jpg","thumbnail":"https://randomuser.me/api/portraits/thumb/men/46.jpg"},"nat":"IR"}],"info":{"seed":"e8ddcf436da3c582","results":1,"page":1,"version":"1.4"}} 
 </msg>
<msg time="2024-07-22T05:16:02.142067" level="INFO">/opt/hostedtoolcache/Python/3.12.4/x64/lib/python3.12/site-packages/urllib3/connectionpool.py:1099: InsecureRequestWarning: Unverified HTTPS request is being made to host 'randomuser.me'. Adding certificate verification is strongly advised. See: https://urllib3.readthedocs.io/en/latest/advanced-usage.html#tls-warnings
  warnings.warn(</msg>
<msg time="2024-07-22T05:16:02.142210" level="INFO">${response} = &lt;Response [200]&gt;</msg>
<var>${response}</var>
<arg>consultarAPI</arg>
<arg>/api</arg>
<doc>Sends a GET request on a previously created HTTP Session.</doc>
<status status="PASS" start="2024-07-22T05:16:02.003316" elapsed="0.138939"/>
</kw>
<kw name="Set Variable" owner="BuiltIn">
<msg time="2024-07-22T05:16:02.143284" level="INFO">${json_data} = {'results': [{'gender': 'male', 'name': {'title': 'Mr', 'first': 'اميرعلي', 'last': 'زارعی'}, 'location': {'street': {'number': 2088, 'name': 'ایران'}, 'city': 'بروجرد', 'state': 'کرمانشاه', 'country'...</msg>
<var>${json_data}</var>
<arg>${response.json()}</arg>
<doc>Returns the given values which can then be assigned to a variables.</doc>
<status status="PASS" start="2024-07-22T05:16:02.142767" elapsed="0.000548"/>
</kw>
<kw name="Log" owner="BuiltIn">
<msg time="2024-07-22T05:16:02.143788" level="INFO">{'results': [{'gender': 'male', 'name': {'title': 'Mr', 'first': 'اميرعلي', 'last': 'زارعی'}, 'location': {'street': {'number': 2088, 'name': 'ایران'}, 'city': 'بروجرد', 'state': 'کرمانشاه', 'country': 'Iran', 'postcode': 87538, 'coordinates': {'latitude': '14.9180', 'longitude': '-167.5804'}, 'timezone': {'offset': '+9:00', 'description': 'Tokyo, Seoul, Osaka, Sapporo, Yakutsk'}}, 'email': 'myraaly.zraay@example.com', 'login': {'uuid': '34e323dd-5bad-446d-8b29-574740f3cbae', 'username': 'blackmeercat435', 'password': 'rain', 'salt': 'tTNZry2d', 'md5': 'e2fa591b5e3f9d619ea79948a58e9c26', 'sha1': 'ffa147c8601da18dd7df4bf8afcb03a3c49f7d45', 'sha256': '4a479f0c87456bff225212f0959c88fc87a614377a7fdf020e11db1525d1bcee'}, 'dob': {'date': '1969-08-04T14:12:56.168Z', 'age': 54}, 'registered': {'date': '2007-09-10T03:11:11.132Z', 'age': 16}, 'phone': '020-91876917', 'cell': '0903-546-2962', 'id': {'name': '', 'value': None}, 'picture': {'large': 'https://randomuser.me/api/portraits/men/46.jpg', 'medium': 'https://randomuser.me/api/portraits/med/men/46.jpg', 'thumbnail': 'https://randomuser.me/api/portraits/thumb/men/46.jpg'}, 'nat': 'IR'}], 'info': {'seed': 'e8ddcf436da3c582', 'results': 1, 'page': 1, 'version': '1.4'}}</msg>
<arg>${json_data}</arg>
<doc>Logs the given message with the given level.</doc>
<status status="PASS" start="2024-07-22T05:16:02.143621" elapsed="0.000220"/>
</kw>
<kw name="Dictionary Should Contain Key" owner="Collections">
<arg>${json_data}</arg>
<arg>results</arg>
<doc>Fails if ``key`` is not found from ``dictionary``.</doc>
<status status="PASS" start="2024-07-22T05:16:02.144144" elapsed="0.000161"/>
</kw>
<kw name="Should Not Be Empty" owner="BuiltIn">
<msg time="2024-07-22T05:16:02.144614" level="INFO">Length is 2.</msg>
<arg>${json_data}</arg>
<doc>Verifies that the given item is not empty.</doc>
<status status="PASS" start="2024-07-22T05:16:02.144485" elapsed="0.000166"/>
</kw>
<kw name="Create List" owner="BuiltIn">
<msg time="2024-07-22T05:16:02.145083" level="INFO">${expected_keys} = ['gender', 'name', 'location', 'email', 'login']</msg>
<var>${expected_keys}</var>
<arg>gender</arg>
<arg>name</arg>
<arg>location</arg>
<arg>email</arg>
<arg>login</arg>
<doc>Returns a list containing given items.</doc>
<status status="PASS" start="2024-07-22T05:16:02.144936" elapsed="0.000170"/>
</kw>
<for flavor="IN">
<iter>
<kw name="Dictionary Should Contain Key" owner="Collections">
<arg>${json_data['results'][0]}</arg>
<arg>${key}</arg>
<doc>Fails if ``key`` is not found from ``dictionary``.</doc>
<status status="PASS" start="2024-07-22T05:16:02.145716" elapsed="0.000412"/>
</kw>
<kw name="Log" owner="BuiltIn">
<msg time="2024-07-22T05:16:02.146662" level="INFO">{'gender': 'male', 'name': {'title': 'Mr', 'first': 'اميرعلي', 'last': 'زارعی'}, 'location': {'street': {'number': 2088, 'name': 'ایران'}, 'city': 'بروجرد', 'state': 'کرمانشاه', 'country': 'Iran', 'postcode': 87538, 'coordinates': {'latitude': '14.9180', 'longitude': '-167.5804'}, 'timezone': {'offset': '+9:00', 'description': 'Tokyo, Seoul, Osaka, Sapporo, Yakutsk'}}, 'email': 'myraaly.zraay@example.com', 'login': {'uuid': '34e323dd-5bad-446d-8b29-574740f3cbae', 'username': 'blackmeercat435', 'password': 'rain', 'salt': 'tTNZry2d', 'md5': 'e2fa591b5e3f9d619ea79948a58e9c26', 'sha1': 'ffa147c8601da18dd7df4bf8afcb03a3c49f7d45', 'sha256': '4a479f0c87456bff225212f0959c88fc87a614377a7fdf020e11db1525d1bcee'}, 'dob': {'date': '1969-08-04T14:12:56.168Z', 'age': 54}, 'registered': {'date': '2007-09-10T03:11:11.132Z', 'age': 16}, 'phone': '020-91876917', 'cell': '0903-546-2962', 'id': {'name': '', 'value': None}, 'picture': {'large': 'https://randomuser.me/api/portraits/men/46.jpg', 'medium': 'https://randomuser.me/api/portraits/med/men/46.jpg', 'thumbnail': 'https://randomuser.me/api/portraits/thumb/men/46.jpg'}, 'nat': 'IR'}</msg>
<arg>${json_data['results'][0]}</arg>
<doc>Logs the given message with the given level.</doc>
<status status="PASS" start="2024-07-22T05:16:02.146311" elapsed="0.000404"/>
</kw>
<kw name="Log" owner="BuiltIn">
<msg time="2024-07-22T05:16:02.147138" level="INFO">gender</msg>
<arg>${key}</arg>
<doc>Logs the given message with the given level.</doc>
<status status="PASS" start="2024-07-22T05:16:02.147013" elapsed="0.000163"/>
</kw>
<var name="${key}">gender</var>
<status status="PASS" start="2024-07-22T05:16:02.145588" elapsed="0.001802"/>
</iter>
<iter>
<kw name="Dictionary Should Contain Key" owner="Collections">
<arg>${json_data['results'][0]}</arg>
<arg>${key}</arg>
<doc>Fails if ``key`` is not found from ``dictionary``.</doc>
<status status="PASS" start="2024-07-22T05:16:02.147680" elapsed="0.000382"/>
</kw>
<kw name="Log" owner="BuiltIn">
<msg time="2024-07-22T05:16:02.148637" level="INFO">{'gender': 'male', 'name': {'title': 'Mr', 'first': 'اميرعلي', 'last': 'زارعی'}, 'location': {'street': {'number': 2088, 'name': 'ایران'}, 'city': 'بروجرد', 'state': 'کرمانشاه', 'country': 'Iran', 'postcode': 87538, 'coordinates': {'latitude': '14.9180', 'longitude': '-167.5804'}, 'timezone': {'offset': '+9:00', 'description': 'Tokyo, Seoul, Osaka, Sapporo, Yakutsk'}}, 'email': 'myraaly.zraay@example.com', 'login': {'uuid': '34e323dd-5bad-446d-8b29-574740f3cbae', 'username': 'blackmeercat435', 'password': 'rain', 'salt': 'tTNZry2d', 'md5': 'e2fa591b5e3f9d619ea79948a58e9c26', 'sha1': 'ffa147c8601da18dd7df4bf8afcb03a3c49f7d45', 'sha256': '4a479f0c87456bff225212f0959c88fc87a614377a7fdf020e11db1525d1bcee'}, 'dob': {'date': '1969-08-04T14:12:56.168Z', 'age': 54}, 'registered': {'date': '2007-09-10T03:11:11.132Z', 'age': 16}, 'phone': '020-91876917', 'cell': '0903-546-2962', 'id': {'name': '', 'value': None}, 'picture': {'large': 'https://randomuser.me/api/portraits/men/46.jpg', 'medium': 'https://randomuser.me/api/portraits/med/men/46.jpg', 'thumbnail': 'https://randomuser.me/api/portraits/thumb/men/46.jpg'}, 'nat': 'IR'}</msg>
<arg>${json_data['results'][0]}</arg>
<doc>Logs the given message with the given level.</doc>
<status status="PASS" start="2024-07-22T05:16:02.148248" elapsed="0.000440"/>
</kw>
<kw name="Log" owner="BuiltIn">
<msg time="2024-07-22T05:16:02.149105" level="INFO">name</msg>
<arg>${key}</arg>
<doc>Logs the given message with the given level.</doc>
<status status="PASS" start="2024-07-22T05:16:02.148981" elapsed="0.000162"/>
</kw>
<var name="${key}">name</var>
<status status="PASS" start="2024-07-22T05:16:02.147570" elapsed="0.001810"/>
</iter>
<iter>
<kw name="Dictionary Should Contain Key" owner="Collections">
<arg>${json_data['results'][0]}</arg>
<arg>${key}</arg>
<doc>Fails if ``key`` is not found from ``dictionary``.</doc>
<status status="PASS" start="2024-07-22T05:16:02.149678" elapsed="0.000374"/>
</kw>
<kw name="Log" owner="BuiltIn">
<msg time="2024-07-22T05:16:02.150587" level="INFO">{'gender': 'male', 'name': {'title': 'Mr', 'first': 'اميرعلي', 'last': 'زارعی'}, 'location': {'street': {'number': 2088, 'name': 'ایران'}, 'city': 'بروجرد', 'state': 'کرمانشاه', 'country': 'Iran', 'postcode': 87538, 'coordinates': {'latitude': '14.9180', 'longitude': '-167.5804'}, 'timezone': {'offset': '+9:00', 'description': 'Tokyo, Seoul, Osaka, Sapporo, Yakutsk'}}, 'email': 'myraaly.zraay@example.com', 'login': {'uuid': '34e323dd-5bad-446d-8b29-574740f3cbae', 'username': 'blackmeercat435', 'password': 'rain', 'salt': 'tTNZry2d', 'md5': 'e2fa591b5e3f9d619ea79948a58e9c26', 'sha1': 'ffa147c8601da18dd7df4bf8afcb03a3c49f7d45', 'sha256': '4a479f0c87456bff225212f0959c88fc87a614377a7fdf020e11db1525d1bcee'}, 'dob': {'date': '1969-08-04T14:12:56.168Z', 'age': 54}, 'registered': {'date': '2007-09-10T03:11:11.132Z', 'age': 16}, 'phone': '020-91876917', 'cell': '0903-546-2962', 'id': {'name': '', 'value': None}, 'picture': {'large': 'https://randomuser.me/api/portraits/men/46.jpg', 'medium': 'https://randomuser.me/api/portraits/med/men/46.jpg', 'thumbnail': 'https://randomuser.me/api/portraits/thumb/men/46.jpg'}, 'nat': 'IR'}</msg>
<arg>${json_data['results'][0]}</arg>
<doc>Logs the given message with the given level.</doc>
<status status="PASS" start="2024-07-22T05:16:02.150240" elapsed="0.000398"/>
</kw>
<kw name="Log" owner="BuiltIn">
<msg time="2024-07-22T05:16:02.151059" level="INFO">location</msg>
<arg>${key}</arg>
<doc>Logs the given message with the given level.</doc>
<status status="PASS" start="2024-07-22T05:16:02.150934" elapsed="0.000162"/>
</kw>
<var name="${key}">location</var>
<status status="PASS" start="2024-07-22T05:16:02.149561" elapsed="0.001747"/>
</iter>
<iter>
<kw name="Dictionary Should Contain Key" owner="Collections">
<arg>${json_data['results'][0]}</arg>
<arg>${key}</arg>
<doc>Fails if ``key`` is not found from ``dictionary``.</doc>
<status status="PASS" start="2024-07-22T05:16:02.151581" elapsed="0.000377"/>
</kw>
<kw name="Log" owner="BuiltIn">
<msg time="2024-07-22T05:16:02.152610" level="INFO">{'gender': 'male', 'name': {'title': 'Mr', 'first': 'اميرعلي', 'last': 'زارعی'}, 'location': {'street': {'number': 2088, 'name': 'ایران'}, 'city': 'بروجرد', 'state': 'کرمانشاه', 'country': 'Iran', 'postcode': 87538, 'coordinates': {'latitude': '14.9180', 'longitude': '-167.5804'}, 'timezone': {'offset': '+9:00', 'description': 'Tokyo, Seoul, Osaka, Sapporo, Yakutsk'}}, 'email': 'myraaly.zraay@example.com', 'login': {'uuid': '34e323dd-5bad-446d-8b29-574740f3cbae', 'username': 'blackmeercat435', 'password': 'rain', 'salt': 'tTNZry2d', 'md5': 'e2fa591b5e3f9d619ea79948a58e9c26', 'sha1': 'ffa147c8601da18dd7df4bf8afcb03a3c49f7d45', 'sha256': '4a479f0c87456bff225212f0959c88fc87a614377a7fdf020e11db1525d1bcee'}, 'dob': {'date': '1969-08-04T14:12:56.168Z', 'age': 54}, 'registered': {'date': '2007-09-10T03:11:11.132Z', 'age': 16}, 'phone': '020-91876917', 'cell': '0903-546-2962', 'id': {'name': '', 'value': None}, 'picture': {'large': 'https://randomuser.me/api/portraits/men/46.jpg', 'medium': 'https://randomuser.me/api/portraits/med/men/46.jpg', 'thumbnail': 'https://randomuser.me/api/portraits/thumb/men/46.jpg'}, 'nat': 'IR'}</msg>
<arg>${json_data['results'][0]}</arg>
<doc>Logs the given message with the given level.</doc>
<status status="PASS" start="2024-07-22T05:16:02.152259" elapsed="0.000401"/>
</kw>
<kw name="Log" owner="BuiltIn">
<msg time="2024-07-22T05:16:02.153080" level="INFO">email</msg>
<arg>${key}</arg>
<doc>Logs the given message with the given level.</doc>
<status status="PASS" start="2024-07-22T05:16:02.152954" elapsed="0.000163"/>
</kw>
<var name="${key}">email</var>
<status status="PASS" start="2024-07-22T05:16:02.151475" elapsed="0.001881"/>
</iter>
<iter>
<kw name="Dictionary Should Contain Key" owner="Collections">
<arg>${json_data['results'][0]}</arg>
<arg>${key}</arg>
<doc>Fails if ``key`` is not found from ``dictionary``.</doc>
<status status="PASS" start="2024-07-22T05:16:02.153652" elapsed="0.000376"/>
</kw>
<kw name="Log" owner="BuiltIn">
<msg time="2024-07-22T05:16:02.154555" level="INFO">{'gender': 'male', 'name': {'title': 'Mr', 'first': 'اميرعلي', 'last': 'زارعی'}, 'location': {'street': {'number': 2088, 'name': 'ایران'}, 'city': 'بروجرد', 'state': 'کرمانشاه', 'country': 'Iran', 'postcode': 87538, 'coordinates': {'latitude': '14.9180', 'longitude': '-167.5804'}, 'timezone': {'offset': '+9:00', 'description': 'Tokyo, Seoul, Osaka, Sapporo, Yakutsk'}}, 'email': 'myraaly.zraay@example.com', 'login': {'uuid': '34e323dd-5bad-446d-8b29-574740f3cbae', 'username': 'blackmeercat435', 'password': 'rain', 'salt': 'tTNZry2d', 'md5': 'e2fa591b5e3f9d619ea79948a58e9c26', 'sha1': 'ffa147c8601da18dd7df4bf8afcb03a3c49f7d45', 'sha256': '4a479f0c87456bff225212f0959c88fc87a614377a7fdf020e11db1525d1bcee'}, 'dob': {'date': '1969-08-04T14:12:56.168Z', 'age': 54}, 'registered': {'date': '2007-09-10T03:11:11.132Z', 'age': 16}, 'phone': '020-91876917', 'cell': '0903-546-2962', 'id': {'name': '', 'value': None}, 'picture': {'large': 'https://randomuser.me/api/portraits/men/46.jpg', 'medium': 'https://randomuser.me/api/portraits/med/men/46.jpg', 'thumbnail': 'https://randomuser.me/api/portraits/thumb/men/46.jpg'}, 'nat': 'IR'}</msg>
<arg>${json_data['results'][0]}</arg>
<doc>Logs the given message with the given level.</doc>
<status status="PASS" start="2024-07-22T05:16:02.154209" elapsed="0.000396"/>
</kw>
<kw name="Log" owner="BuiltIn">
<msg time="2024-07-22T05:16:02.155017" level="INFO">login</msg>
<arg>${key}</arg>
<doc>Logs the given message with the given level.</doc>
<status status="PASS" start="2024-07-22T05:16:02.154893" elapsed="0.000160"/>
</kw>
<var name="${key}">login</var>
<status status="PASS" start="2024-07-22T05:16:02.153544" elapsed="0.001719"/>
</iter>
<var>${key}</var>
<value>@{expected_keys}</value>
<status status="PASS" start="2024-07-22T05:16:02.145395" elapsed="0.009984"/>
</for>
<kw name="Create List" owner="BuiltIn">
<msg time="2024-07-22T05:16:02.155726" level="INFO">${expected_keysTwo} = ['username', 'password']</msg>
<var>${expected_keysTwo}</var>
<arg>username</arg>
<arg>password</arg>
<doc>Returns a list containing given items.</doc>
<status status="PASS" start="2024-07-22T05:16:02.155563" elapsed="0.000188"/>
</kw>
<for flavor="IN">
<iter>
<kw name="Dictionary Should Contain Key" owner="Collections">
<arg>${json_data['results'][0]['login']}</arg>
<arg>${keyTwo}</arg>
<doc>Fails if ``key`` is not found from ``dictionary``.</doc>
<status status="PASS" start="2024-07-22T05:16:02.156241" elapsed="0.000372"/>
</kw>
<kw name="Dictionary Should Contain Key" owner="Collections">
<arg>${json_data['results'][0]['login']}</arg>
<arg>${keyTwo}</arg>
<doc>Fails if ``key`` is not found from ``dictionary``.</doc>
<status status="PASS" start="2024-07-22T05:16:02.156791" elapsed="0.000372"/>
</kw>
<kw name="Log" owner="BuiltIn">
<msg time="2024-07-22T05:16:02.157501" level="INFO">username</msg>
<arg>${keyTwo}</arg>
<doc>Logs the given message with the given level.</doc>
<status status="PASS" start="2024-07-22T05:16:02.157369" elapsed="0.000169"/>
</kw>
<var name="${keyTwo}">username</var>
<status status="PASS" start="2024-07-22T05:16:02.156135" elapsed="0.001623"/>
</iter>
<iter>
<kw name="Dictionary Should Contain Key" owner="Collections">
<arg>${json_data['results'][0]['login']}</arg>
<arg>${keyTwo}</arg>
<doc>Fails if ``key`` is not found from ``dictionary``.</doc>
<status status="PASS" start="2024-07-22T05:16:02.158032" elapsed="0.000378"/>
</kw>
<kw name="Dictionary Should Contain Key" owner="Collections">
<arg>${json_data['results'][0]['login']}</arg>
<arg>${keyTwo}</arg>
<doc>Fails if ``key`` is not found from ``dictionary``.</doc>
<status status="PASS" start="2024-07-22T05:16:02.158583" elapsed="0.000362"/>
</kw>
<kw name="Log" owner="BuiltIn">
<msg time="2024-07-22T05:16:02.159234" level="INFO">password</msg>
<arg>${keyTwo}</arg>
<doc>Logs the given message with the given level.</doc>
<status status="PASS" start="2024-07-22T05:16:02.159113" elapsed="0.000157"/>
</kw>
<var name="${keyTwo}">password</var>
<status status="PASS" start="2024-07-22T05:16:02.157924" elapsed="0.001562"/>
</iter>
<var>${keyTwo}</var>
<value>@{expected_keysTwo}</value>
<status status="PASS" start="2024-07-22T05:16:02.155986" elapsed="0.003616"/>
</for>
<status status="PASS" start="2024-07-22T05:16:02.003066" elapsed="0.156674"/>
</kw>
<doc>Testa a estrutura da resposta da API.</doc>
<tag>testeEstruturaResposta</tag>
<status status="PASS" start="2024-07-22T05:16:02.002519" elapsed="0.157371"/>
</test>
<test id="s1-s1-t4" name="Validar tipos de dados" line="28">
<kw name="Teste de Tipos de Dados" owner="random-user-service">
<kw name="GET On Session" owner="RequestsLibrary">
<msg time="2024-07-22T05:16:02.267956" level="INFO">GET Request : url=https://randomuser.me/api 
 path_url=/api 
 headers={'User-Agent': 'python-requests/2.32.3', 'Accept-Encoding': 'gzip, deflate', 'Accept': '*/*', 'Connection': 'keep-alive'} 
 body=None 
 </msg>
<msg time="2024-07-22T05:16:02.268065" level="INFO">GET Response : url=https://randomuser.me/api 
 status=200, reason=OK 
 headers={'Date': 'Mon, 22 Jul 2024 05:16:02 GMT', 'Content-Type': 'application/json; charset=utf-8', 'Transfer-Encoding': 'chunked', 'Connection': 'keep-alive', 'X-Powered-By': 'Express', 'Access-Control-Allow-Origin': '*', 'Cache-Control': 'no-cache', 'ETag': 'W/"496-g88YjRevYxLz2jqIr4TP77+qYBA"', 'Vary': 'Accept-Encoding', 'Content-Encoding': 'gzip', 'CF-Cache-Status': 'DYNAMIC', 'Report-To': '{"endpoints":[{"url":"https:\\/\\/a.nel.cloudflare.com\\/report\\/v4?s=kidR0K7iIPYr467xd3jeSAmptSFreqKFfBjmufD%2FtdFGPtDyuxAoTgMFAQOtVg2UhB8VmqccdiQhjmhFJCPW%2BE7gCDKyQNPsEvYQxuDcNDmhS9vwzLCCLV6nxznNmcmf"}],"group":"cf-nel","max_age":604800}', 'NEL': '{"success_fraction":0,"report_to":"cf-nel","max_age":604800}', 'Server': 'cloudflare', 'CF-RAY': '8a70f4d18a370d08-LAX', 'alt-svc': 'h3=":443"; ma=86400'} 
 body={"results":[{"gender":"female","name":{"title":"Ms","first":"Izolda","last":"Rodić"},"location":{"street":{"number":3442,"name":"Vasilija Popovića"},"city":"Čačak","state":"Jablanica","country":"Serbia","postcode":14391,"coordinates":{"latitude":"61.1187","longitude":"69.6427"},"timezone":{"offset":"+10:00","description":"Eastern Australia, Guam, Vladivostok"}},"email":"izolda.rodic@example.com","login":{"uuid":"5aff5e22-0503-4936-b19f-ec8b9a092318","username":"yellowtiger825","password":"mirage","salt":"wcmLmySg","md5":"1ae27564b5a9960f77d871b8f31d02e4","sha1":"20c88a5ca0cf6c961e3412878566196786ebb7ad","sha256":"7e48406ea04d513f3ecac3dedf5610755316a0894acb9bc546c50723d4788574"},"dob":{"date":"1975-05-14T15:59:54.630Z","age":49},"registered":{"date":"2016-11-08T21:09:00.623Z","age":7},"phone":"020-5121-521","cell":"064-6747-946","id":{"name":"SID","value":"282137520"},"picture":{"large":"https://randomuser.me/api/portraits/women/57.jpg","medium":"https://randomuser.me/api/portraits/med/women/57.jpg","thumbnail":"https://randomuser.me/api/portraits/thumb/women/57.jpg"},"nat":"RS"}],"info":{"seed":"abaf20fd5bd69568","results":1,"page":1,"version":"1.4"}} 
 </msg>
<msg time="2024-07-22T05:16:02.268148" level="INFO">/opt/hostedtoolcache/Python/3.12.4/x64/lib/python3.12/site-packages/urllib3/connectionpool.py:1099: InsecureRequestWarning: Unverified HTTPS request is being made to host 'randomuser.me'. Adding certificate verification is strongly advised. See: https://urllib3.readthedocs.io/en/latest/advanced-usage.html#tls-warnings
  warnings.warn(</msg>
<msg time="2024-07-22T05:16:02.268286" level="INFO">${response} = &lt;Response [200]&gt;</msg>
<var>${response}</var>
<arg>consultarAPI</arg>
<arg>/api</arg>
<doc>Sends a GET request on a previously created HTTP Session.</doc>
<status status="PASS" start="2024-07-22T05:16:02.162456" elapsed="0.105872"/>
</kw>
<kw name="Set Variable" owner="BuiltIn">
<msg time="2024-07-22T05:16:02.269447" level="INFO">${json_data} = {'results': [{'gender': 'female', 'name': {'title': 'Ms', 'first': 'Izolda', 'last': 'Rodić'}, 'location': {'street': {'number': 3442, 'name': 'Vasilija Popovića'}, 'city': 'Čačak', 'state': 'Jablanic...</msg>
<var>${json_data}</var>
<arg>${response.json()}</arg>
<doc>Returns the given values which can then be assigned to a variables.</doc>
<status status="PASS" start="2024-07-22T05:16:02.268867" elapsed="0.000612"/>
</kw>
<kw name="Log" owner="BuiltIn">
<msg time="2024-07-22T05:16:02.269952" level="INFO">{'results': [{'gender': 'female', 'name': {'title': 'Ms', 'first': 'Izolda', 'last': 'Rodić'}, 'location': {'street': {'number': 3442, 'name': 'Vasilija Popovića'}, 'city': 'Čačak', 'state': 'Jablanica', 'country': 'Serbia', 'postcode': 14391, 'coordinates': {'latitude': '61.1187', 'longitude': '69.6427'}, 'timezone': {'offset': '+10:00', 'description': 'Eastern Australia, Guam, Vladivostok'}}, 'email': 'izolda.rodic@example.com', 'login': {'uuid': '5aff5e22-0503-4936-b19f-ec8b9a092318', 'username': 'yellowtiger825', 'password': 'mirage', 'salt': 'wcmLmySg', 'md5': '1ae27564b5a9960f77d871b8f31d02e4', 'sha1': '20c88a5ca0cf6c961e3412878566196786ebb7ad', 'sha256': '7e48406ea04d513f3ecac3dedf5610755316a0894acb9bc546c50723d4788574'}, 'dob': {'date': '1975-05-14T15:59:54.630Z', 'age': 49}, 'registered': {'date': '2016-11-08T21:09:00.623Z', 'age': 7}, 'phone': '020-5121-521', 'cell': '064-6747-946', 'id': {'name': 'SID', 'value': '282137520'}, 'picture': {'large': 'https://randomuser.me/api/portraits/women/57.jpg', 'medium': 'https://randomuser.me/api/portraits/med/women/57.jpg', 'thumbnail': 'https://randomuser.me/api/portraits/thumb/women/57.jpg'}, 'nat': 'RS'}], 'info': {'seed': 'abaf20fd5bd69568', 'results': 1, 'page': 1, 'version': '1.4'}}</msg>
<arg>${json_data}</arg>
<doc>Logs the given message with the given level.</doc>
<status status="PASS" start="2024-07-22T05:16:02.269794" elapsed="0.000209"/>
</kw>
<kw name="Should Be String" owner="String">
<arg>${json_data['results'][0]['gender']}</arg>
<doc>Fails if the given ``item`` is not a string.</doc>
<status status="PASS" start="2024-07-22T05:16:02.270296" elapsed="0.000374"/>
</kw>
<kw name="Should Match Regexp" owner="BuiltIn">
<arg>${json_data['results'][0]['email']}</arg>
<arg>^[a-zA-Z0-9._%+-]+@[a-zA-Z0-9.-]+\.[a-zA-Z]{2,}$</arg>
<doc>Fails if ``string`` does not match ``pattern`` as a regular expression.</doc>
<status status="PASS" start="2024-07-22T05:16:02.270895" elapsed="0.000530"/>
</kw>
<kw name="Should Match Regexp" owner="BuiltIn">
<arg>${json_data['results'][0]['dob']['date']}</arg>
<arg>\\d{4}-\\d{2}-\\d{2}T\\d{2}:\\d{2}:\\d{2}\\.\\d{3}Z</arg>
<doc>Fails if ``string`` does not match ``pattern`` as a regular expression.</doc>
<status status="PASS" start="2024-07-22T05:16:02.271620" elapsed="0.000623"/>
</kw>
<kw name="Should Match Regexp" owner="BuiltIn">
<arg>${json_data['results'][0]['registered']['date']}</arg>
<arg>\\d{4}-\\d{2}-\\d{2}T\\d{2}:\\d{2}:\\d{2}\\.\\d{3}Z</arg>
<doc>Fails if ``string`` does not match ``pattern`` as a regular expression.</doc>
<status status="PASS" start="2024-07-22T05:16:02.272435" elapsed="0.000371"/>
</kw>
<kw name="Should Match Regexp" owner="BuiltIn">
<arg>${json_data['results'][0]['picture']['large']}</arg>
<arg>^https?://.*\.(?:png|jpe?g|gif|bmp)$</arg>
<doc>Fails if ``string`` does not match ``pattern`` as a regular expression.</doc>
<status status="PASS" start="2024-07-22T05:16:02.272990" elapsed="0.000485"/>
</kw>
<kw name="Should Match Regexp" owner="BuiltIn">
<arg>${json_data['results'][0]['picture']['medium']}</arg>
<arg>^https?://.*\.(?:png|jpe?g|gif|bmp)$</arg>
<doc>Fails if ``string`` does not match ``pattern`` as a regular expression.</doc>
<status status="PASS" start="2024-07-22T05:16:02.273664" elapsed="0.000354"/>
</kw>
<kw name="Should Match Regexp" owner="BuiltIn">
<arg>${json_data['results'][0]['picture']['thumbnail']}</arg>
<arg>^https?://.*\.(?:png|jpe?g|gif|bmp)$</arg>
<doc>Fails if ``string`` does not match ``pattern`` as a regular expression.</doc>
<status status="PASS" start="2024-07-22T05:16:02.274201" elapsed="0.000346"/>
</kw>
<kw name="Log" owner="BuiltIn">
<msg time="2024-07-22T05:16:02.275050" level="INFO">{'large': 'https://randomuser.me/api/portraits/women/57.jpg', 'medium': 'https://randomuser.me/api/portraits/med/women/57.jpg', 'thumbnail': 'https://randomuser.me/api/portraits/thumb/women/57.jpg'}</msg>
<arg>${json_data['results'][0]['picture']}</arg>
<doc>Logs the given message with the given level.</doc>
<status status="PASS" start="2024-07-22T05:16:02.274728" elapsed="0.000364"/>
</kw>
<status status="PASS" start="2024-07-22T05:16:02.162223" elapsed="0.113128"/>
</kw>
<kw name="Teste de Tipos de Dados - Postcode" owner="random-user-service">
<kw name="GET On Session" owner="RequestsLibrary">
<msg time="2024-07-22T05:16:02.398476" level="INFO">GET Request : url=https://randomuser.me/api 
 path_url=/api 
 headers={'User-Agent': 'python-requests/2.32.3', 'Accept-Encoding': 'gzip, deflate', 'Accept': '*/*', 'Connection': 'keep-alive'} 
 body=None 
 </msg>
<msg time="2024-07-22T05:16:02.398568" level="INFO">GET Response : url=https://randomuser.me/api 
 status=200, reason=OK 
 headers={'Date': 'Mon, 22 Jul 2024 05:16:02 GMT', 'Content-Type': 'application/json; charset=utf-8', 'Transfer-Encoding': 'chunked', 'Connection': 'keep-alive', 'X-Powered-By': 'Express', 'Access-Control-Allow-Origin': '*', 'Cache-Control': 'no-cache', 'ETag': 'W/"489-ihgBGsE4+E7JPZsyZbt2ycHDHss"', 'Vary': 'Accept-Encoding', 'Content-Encoding': 'gzip', 'CF-Cache-Status': 'DYNAMIC', 'Report-To': '{"endpoints":[{"url":"https:\\/\\/a.nel.cloudflare.com\\/report\\/v4?s=NV9YEjLskYKlX5VSnp6%2FSvXV%2Fv7goE91cEFsqGc9h6K5wBBXS5kZ407RJzy0hQtGXNYKOwPUp9w5BUCZYviMHcOT2fw%2Fhjybst2APKpAyTCBJAiiLErcRiEPwe4%2Fhj1t"}],"group":"cf-nel","max_age":604800}', 'NEL': '{"success_fraction":0,"report_to":"cf-nel","max_age":604800}', 'Server': 'cloudflare', 'CF-RAY': '8a70f4d24b370d08-LAX', 'alt-svc': 'h3=":443"; ma=86400'} 
 body={"results":[{"gender":"female","name":{"title":"Ms","first":"Helmine","last":"Kolle"},"location":{"street":{"number":9918,"name":"Folkvangveien"},"city":"Nesoddtangen","state":"Aust-Agder","country":"Norway","postcode":"1515","coordinates":{"latitude":"46.6822","longitude":"8.3312"},"timezone":{"offset":"-8:00","description":"Pacific Time (US &amp; Canada)"}},"email":"helmine.kolle@example.com","login":{"uuid":"66d2f381-a0ce-4e3d-8db7-7ecca73ef86b","username":"heavyladybug892","password":"pingpong","salt":"aV44n1s2","md5":"98818462781956d2c562a8e8e9bcd4f0","sha1":"28f75458e965ad9a52fc60f8ba3eb3f661363a19","sha256":"29bcc6192c14cdc70ba462dcff3b9fdf293979623d519b1204cec47b24ecb9ee"},"dob":{"date":"1988-10-09T20:06:06.902Z","age":35},"registered":{"date":"2018-02-25T19:15:02.112Z","age":6},"phone":"52995371","cell":"41918659","id":{"name":"FN","value":"09108830899"},"picture":{"large":"https://randomuser.me/api/portraits/women/61.jpg","medium":"https://randomuser.me/api/portraits/med/women/61.jpg","thumbnail":"https://randomuser.me/api/portraits/thumb/women/61.jpg"},"nat":"NO"}],"info":{"seed":"a9b6da7a0ceecbf6","results":1,"page":1,"version":"1.4"}} 
 </msg>
<msg time="2024-07-22T05:16:02.398636" level="INFO">/opt/hostedtoolcache/Python/3.12.4/x64/lib/python3.12/site-packages/urllib3/connectionpool.py:1099: InsecureRequestWarning: Unverified HTTPS request is being made to host 'randomuser.me'. Adding certificate verification is strongly advised. See: https://urllib3.readthedocs.io/en/latest/advanced-usage.html#tls-warnings
  warnings.warn(</msg>
<msg time="2024-07-22T05:16:02.398746" level="INFO">${response} = &lt;Response [200]&gt;</msg>
<var>${response}</var>
<arg>consultarAPI</arg>
<arg>/api</arg>
<doc>Sends a GET request on a previously created HTTP Session.</doc>
<status status="PASS" start="2024-07-22T05:16:02.275813" elapsed="0.122969"/>
</kw>
<kw name="Set Variable" owner="BuiltIn">
<msg time="2024-07-22T05:16:02.399755" level="INFO">${json_data} = {'results': [{'gender': 'female', 'name': {'title': 'Ms', 'first': 'Helmine', 'last': 'Kolle'}, 'location': {'street': {'number': 9918, 'name': 'Folkvangveien'}, 'city': 'Nesoddtangen', 'state': 'Aust...</msg>
<var>${json_data}</var>
<arg>${response.json()}</arg>
<doc>Returns the given values which can then be assigned to a variables.</doc>
<status status="PASS" start="2024-07-22T05:16:02.399269" elapsed="0.000514"/>
</kw>
<kw name="Log" owner="BuiltIn">
<msg time="2024-07-22T05:16:02.400248" level="INFO">{'results': [{'gender': 'female', 'name': {'title': 'Ms', 'first': 'Helmine', 'last': 'Kolle'}, 'location': {'street': {'number': 9918, 'name': 'Folkvangveien'}, 'city': 'Nesoddtangen', 'state': 'Aust-Agder', 'country': 'Norway', 'postcode': '1515', 'coordinates': {'latitude': '46.6822', 'longitude': '8.3312'}, 'timezone': {'offset': '-8:00', 'description': 'Pacific Time (US &amp; Canada)'}}, 'email': 'helmine.kolle@example.com', 'login': {'uuid': '66d2f381-a0ce-4e3d-8db7-7ecca73ef86b', 'username': 'heavyladybug892', 'password': 'pingpong', 'salt': 'aV44n1s2', 'md5': '98818462781956d2c562a8e8e9bcd4f0', 'sha1': '28f75458e965ad9a52fc60f8ba3eb3f661363a19', 'sha256': '29bcc6192c14cdc70ba462dcff3b9fdf293979623d519b1204cec47b24ecb9ee'}, 'dob': {'date': '1988-10-09T20:06:06.902Z', 'age': 35}, 'registered': {'date': '2018-02-25T19:15:02.112Z', 'age': 6}, 'phone': '52995371', 'cell': '41918659', 'id': {'name': 'FN', 'value': '09108830899'}, 'picture': {'large': 'https://randomuser.me/api/portraits/women/61.jpg', 'medium': 'https://randomuser.me/api/portraits/med/women/61.jpg', 'thumbnail': 'https://randomuser.me/api/portraits/thumb/women/61.jpg'}, 'nat': 'NO'}], 'info': {'seed': 'a9b6da7a0ceecbf6', 'results': 1, 'page': 1, 'version': '1.4'}}</msg>
<arg>${json_data}</arg>
<doc>Logs the given message with the given level.</doc>
<status status="PASS" start="2024-07-22T05:16:02.400089" elapsed="0.000208"/>
</kw>
<kw name="Should Be Equal As Numbers" owner="BuiltIn">
<arg>${json_data['results'][0]['location']['postcode']}</arg>
<arg>${json_data['results'][0]['location']['postcode']}</arg>
<doc>Fails if objects are unequal after converting them to real numbers.</doc>
<status status="PASS" start="2024-07-22T05:16:02.400588" elapsed="0.000631"/>
</kw>
<kw name="Log" owner="BuiltIn">
<msg time="2024-07-22T05:16:02.401835" level="INFO">1515</msg>
<arg>${json_data['results'][0]['location']['postcode']}</arg>
<doc>Logs the given message with the given level.</doc>
<status status="PASS" start="2024-07-22T05:16:02.401495" elapsed="0.000381"/>
</kw>
<status status="PASS" start="2024-07-22T05:16:02.275582" elapsed="0.126549"/>
</kw>
<doc>Testa se os tipos de dados na resposta da API estão corretos.</doc>
<tag>testeTiposDados</tag>
<status status="PASS" start="2024-07-22T05:16:02.161746" elapsed="0.240549"/>
</test>
<test id="s1-s1-t5" name="Validar conteudo" line="35">
<kw name="Teste de Tipos de Conteudo" owner="random-user-service">
<kw name="GET On Session" owner="RequestsLibrary">
<msg time="2024-07-22T05:16:02.503955" level="INFO">GET Request : url=https://randomuser.me/api 
 path_url=/api 
 headers={'User-Agent': 'python-requests/2.32.3', 'Accept-Encoding': 'gzip, deflate', 'Accept': '*/*', 'Connection': 'keep-alive'} 
 body=None 
 </msg>
<msg time="2024-07-22T05:16:02.504036" level="INFO">GET Response : url=https://randomuser.me/api 
 status=200, reason=OK 
 headers={'Date': 'Mon, 22 Jul 2024 05:16:02 GMT', 'Content-Type': 'application/json; charset=utf-8', 'Transfer-Encoding': 'chunked', 'Connection': 'keep-alive', 'X-Powered-By': 'Express', 'Access-Control-Allow-Origin': '*', 'Cache-Control': 'no-cache', 'ETag': 'W/"492-0VMdqKuN2hIev2Zke6GiRlfphfc"', 'Vary': 'Accept-Encoding', 'Content-Encoding': 'gzip', 'CF-Cache-Status': 'DYNAMIC', 'Report-To': '{"endpoints":[{"url":"https:\\/\\/a.nel.cloudflare.com\\/report\\/v4?s=GjCMNAol5YNsZJLYrKGT1B%2B9uhV5L7dzGu0lQQeDyxQuSSRGmuuKMwsW16U30%2FQNqj9haXQDj608UHtwsphczKEM33MtleNVM9xrulpJJonscZQLSl3zDH%2BYZqHwPwe7"}],"group":"cf-nel","max_age":604800}', 'NEL': '{"success_fraction":0,"report_to":"cf-nel","max_age":604800}', 'Server': 'cloudflare', 'CF-RAY': '8a70f4d30be10d08-LAX', 'alt-svc': 'h3=":443"; ma=86400'} 
 body={"results":[{"gender":"female","name":{"title":"Mrs","first":"Kate","last":"Evans"},"location":{"street":{"number":5418,"name":"Rectory Lane"},"city":"Salisbury","state":"County Armagh","country":"United Kingdom","postcode":"TV9 4EQ","coordinates":{"latitude":"-9.1359","longitude":"7.8286"},"timezone":{"offset":"+6:00","description":"Almaty, Dhaka, Colombo"}},"email":"kate.evans@example.com","login":{"uuid":"838c8bb2-678c-4a17-81f8-f0833a952eca","username":"orangezebra115","password":"yoyo","salt":"CHXMhEcd","md5":"c1227303da89f60a279891bc60cc33a3","sha1":"bd9d1e6d2e1771e505052eda4da2b43ba326f1a3","sha256":"5963d063059918044473abf32e0697b6f1cfaa6b02e4b4ae1fccafb2ec6c3627"},"dob":{"date":"1976-01-04T02:21:27.119Z","age":48},"registered":{"date":"2006-11-09T02:37:45.434Z","age":17},"phone":"016973 37161","cell":"07590 505103","id":{"name":"NINO","value":"HE 40 05 99 M"},"picture":{"large":"https://randomuser.me/api/portraits/women/20.jpg","medium":"https://randomuser.me/api/portraits/med/women/20.jpg","thumbnail":"https://randomuser.me/api/portraits/thumb/women/20.jpg"},"nat":"GB"}],"info":{"seed":"311373d85182ab34","results":1,"page":1,"version":"1.4"}} 
 </msg>
<msg time="2024-07-22T05:16:02.504106" level="INFO">/opt/hostedtoolcache/Python/3.12.4/x64/lib/python3.12/site-packages/urllib3/connectionpool.py:1099: InsecureRequestWarning: Unverified HTTPS request is being made to host 'randomuser.me'. Adding certificate verification is strongly advised. See: https://urllib3.readthedocs.io/en/latest/advanced-usage.html#tls-warnings
  warnings.warn(</msg>
<msg time="2024-07-22T05:16:02.504224" level="INFO">${response} = &lt;Response [200]&gt;</msg>
<var>${response}</var>
<arg>consultarAPI</arg>
<arg>/api</arg>
<doc>Sends a GET request on a previously created HTTP Session.</doc>
<status status="PASS" start="2024-07-22T05:16:02.404909" elapsed="0.099364"/>
</kw>
<kw name="Set Variable" owner="BuiltIn">
<msg time="2024-07-22T05:16:02.505383" level="INFO">${json_data} = {'results': [{'gender': 'female', 'name': {'title': 'Mrs', 'first': 'Kate', 'last': 'Evans'}, 'location': {'street': {'number': 5418, 'name': 'Rectory Lane'}, 'city': 'Salisbury', 'state': 'County Arm...</msg>
<var>${json_data}</var>
<arg>${response.json()}</arg>
<doc>Returns the given values which can then be assigned to a variables.</doc>
<status status="PASS" start="2024-07-22T05:16:02.504794" elapsed="0.000626"/>
</kw>
<kw name="Set Variable" owner="BuiltIn">
<msg time="2024-07-22T05:16:02.506113" level="INFO">${name_title} = Mrs</msg>
<var>${name_title}</var>
<arg>${json_data["results"][0]["name"]["title"]}</arg>
<doc>Returns the given values which can then be assigned to a variables.</doc>
<status status="PASS" start="2024-07-22T05:16:02.505730" elapsed="0.000408"/>
</kw>
<kw name="Create List" owner="BuiltIn">
<msg time="2024-07-22T05:16:02.506584" level="INFO">${allowed_titles} = ['Mr', 'Ms', 'Miss', 'Mrs', 'Madame', 'Monsieur']</msg>
<var>${allowed_titles}</var>
<arg>Mr</arg>
<arg>Ms</arg>
<arg>Miss</arg>
<arg>Mrs</arg>
<arg>Madame</arg>
<arg>Monsieur</arg>
<doc>Returns a list containing given items.</doc>
<status status="PASS" start="2024-07-22T05:16:02.506437" elapsed="0.000172"/>
</kw>
<kw name="List Should Contain Value" owner="Collections">
<arg>${allowed_titles}</arg>
<arg>${name_title}</arg>
<doc>Fails if the ``value`` is not found from ``list``.</doc>
<status status="PASS" start="2024-07-22T05:16:02.506912" elapsed="0.000179"/>
</kw>
<kw name="Set Variable" owner="BuiltIn">
<msg time="2024-07-22T05:16:02.507633" level="INFO">${name_country} = GB</msg>
<var>${name_country}</var>
<arg>${json_data["results"][0]["nat"]}</arg>
<doc>Returns the given values which can then be assigned to a variables.</doc>
<status status="PASS" start="2024-07-22T05:16:02.507267" elapsed="0.000391"/>
</kw>
<kw name="Create List" owner="BuiltIn">
<msg time="2024-07-22T05:16:02.508551" level="INFO">${list_country} = ['AD', 'AE', 'AF', 'AG', 'AI', 'AL', 'AM', 'AO', 'AQ', 'AR', 'AS', 'AT', 'AU', 'AW', 'AX', 'AZ', 'BA', 'BB', 'BD', 'BE', 'BF', 'BG', 'BH', 'BI', 'BJ', 'BL', 'BM', 'BN', 'BO', 'BQ', 'BR', 'BS', 'BT', '...</msg>
<var>${list_country}</var>
<arg>AD</arg>
<arg>AE</arg>
<arg>AF</arg>
<arg>AG</arg>
<arg>AI</arg>
<arg>AL</arg>
<arg>AM</arg>
<arg>AO</arg>
<arg>AQ</arg>
<arg>AR</arg>
<arg>AS</arg>
<arg>AT</arg>
<arg>AU</arg>
<arg>AW</arg>
<arg>AX</arg>
<arg>AZ</arg>
<arg>BA</arg>
<arg>BB</arg>
<arg>BD</arg>
<arg>BE</arg>
<arg>BF</arg>
<arg>BG</arg>
<arg>BH</arg>
<arg>BI</arg>
<arg>BJ</arg>
<arg>BL</arg>
<arg>BM</arg>
<arg>BN</arg>
<arg>BO</arg>
<arg>BQ</arg>
<arg>BR</arg>
<arg>BS</arg>
<arg>BT</arg>
<arg>BV</arg>
<arg>BW</arg>
<arg>BY</arg>
<arg>BZ</arg>
<arg>CA</arg>
<arg>CC</arg>
<arg>CD</arg>
<arg>CF</arg>
<arg>CG</arg>
<arg>CH</arg>
<arg>CI</arg>
<arg>CK</arg>
<arg>CL</arg>
<arg>CM</arg>
<arg>CN</arg>
<arg>CO</arg>
<arg>CR</arg>
<arg>CU</arg>
<arg>CV</arg>
<arg>CW</arg>
<arg>CX</arg>
<arg>CY</arg>
<arg>CZ</arg>
<arg>DE</arg>
<arg>DJ</arg>
<arg>DK</arg>
<arg>DM</arg>
<arg>DO</arg>
<arg>DZ</arg>
<arg>EC</arg>
<arg>EE</arg>
<arg>EG</arg>
<arg>EH</arg>
<arg>ER</arg>
<arg>ES</arg>
<arg>ET</arg>
<arg>FI</arg>
<arg>FJ</arg>
<arg>FK</arg>
<arg>FM</arg>
<arg>FO</arg>
<arg>FR</arg>
<arg>GA</arg>
<arg>GB</arg>
<arg>GD</arg>
<arg>GE</arg>
<arg>GF</arg>
<arg>GG</arg>
<arg>GH</arg>
<arg>GI</arg>
<arg>GL</arg>
<arg>GM</arg>
<arg>GN</arg>
<arg>GP</arg>
<arg>GQ</arg>
<arg>GR</arg>
<arg>GS</arg>
<arg>GT</arg>
<arg>GU</arg>
<arg>GW</arg>
<arg>GY</arg>
<arg>HK</arg>
<arg>HM</arg>
<arg>HN</arg>
<arg>HR</arg>
<arg>HT</arg>
<arg>HU</arg>
<arg>ID</arg>
<arg>IE</arg>
<arg>IL</arg>
<arg>IM</arg>
<arg>IN</arg>
<arg>IO</arg>
<arg>IQ</arg>
<arg>IR</arg>
<arg>IS</arg>
<arg>IT</arg>
<arg>JE</arg>
<arg>JM</arg>
<arg>JO</arg>
<arg>JP</arg>
<arg>KE</arg>
<arg>KG</arg>
<arg>KH</arg>
<arg>KI</arg>
<arg>KM</arg>
<arg>KN</arg>
<arg>KP</arg>
<arg>KR</arg>
<arg>KW</arg>
<arg>KY</arg>
<arg>KZ</arg>
<arg>LA</arg>
<arg>LB</arg>
<arg>LC</arg>
<arg>LI</arg>
<arg>LK</arg>
<arg>LR</arg>
<arg>LS</arg>
<arg>LT</arg>
<arg>LU</arg>
<arg>LV</arg>
<arg>LY</arg>
<arg>MA</arg>
<arg>MC</arg>
<arg>MD</arg>
<arg>ME</arg>
<arg>MF</arg>
<arg>MG</arg>
<arg>MH</arg>
<arg>MK</arg>
<arg>ML</arg>
<arg>MM</arg>
<arg>MN</arg>
<arg>MO</arg>
<arg>MP</arg>
<arg>MQ</arg>
<arg>MR</arg>
<arg>MS</arg>
<arg>MT</arg>
<arg>MU</arg>
<arg>MV</arg>
<arg>MW</arg>
<arg>MX</arg>
<arg>MY</arg>
<arg>MZ</arg>
<arg>NA</arg>
<arg>NC</arg>
<arg>NE</arg>
<arg>NF</arg>
<arg>NG</arg>
<arg>NI</arg>
<arg>NL</arg>
<arg>NO</arg>
<arg>NP</arg>
<arg>NR</arg>
<arg>NU</arg>
<arg>NZ</arg>
<arg>OM</arg>
<arg>PA</arg>
<arg>PE</arg>
<arg>PF</arg>
<arg>PG</arg>
<arg>PH</arg>
<arg>PK</arg>
<arg>PL</arg>
<arg>PM</arg>
<arg>PN</arg>
<arg>PR</arg>
<arg>PS</arg>
<arg>PT</arg>
<arg>PW</arg>
<arg>PY</arg>
<arg>QA</arg>
<arg>RE</arg>
<arg>RO</arg>
<arg>RS</arg>
<arg>RU</arg>
<arg>RW</arg>
<arg>SA</arg>
<arg>SB</arg>
<arg>SC</arg>
<arg>SD</arg>
<arg>SE</arg>
<arg>SG</arg>
<arg>SH</arg>
<arg>SI</arg>
<arg>SJ</arg>
<arg>SK</arg>
<arg>SL</arg>
<arg>SM</arg>
<arg>SN</arg>
<arg>SO</arg>
<arg>SR</arg>
<arg>SS</arg>
<arg>ST</arg>
<arg>SV</arg>
<arg>SX</arg>
<arg>SY</arg>
<arg>SZ</arg>
<arg>TC</arg>
<arg>TD</arg>
<arg>TF</arg>
<arg>TG</arg>
<arg>TH</arg>
<arg>TJ</arg>
<arg>TK</arg>
<arg>TL</arg>
<arg>TM</arg>
<arg>TN</arg>
<arg>TO</arg>
<arg>TR</arg>
<arg>TT</arg>
<arg>TV</arg>
<arg>TW</arg>
<arg>TZ</arg>
<arg>UA</arg>
<arg>UG</arg>
<arg>UM</arg>
<arg>US</arg>
<arg>UY</arg>
<arg>UZ</arg>
<arg>VA</arg>
<arg>VC</arg>
<arg>VE</arg>
<arg>VG</arg>
<arg>VI</arg>
<arg>VN</arg>
<arg>VU</arg>
<arg>WF</arg>
<arg>WS</arg>
<arg>XK</arg>
<arg>YE</arg>
<arg>YT</arg>
<arg>ZA</arg>
<arg>ZM</arg>
<arg>ZW</arg>
<doc>Returns a list containing given items.</doc>
<status status="PASS" start="2024-07-22T05:16:02.507952" elapsed="0.000626"/>
</kw>
<kw name="List Should Contain Value" owner="Collections">
<arg>${list_country}</arg>
<arg>${name_country}</arg>
<doc>Fails if the ``value`` is not found from ``list``.</doc>
<status status="PASS" start="2024-07-22T05:16:02.509551" elapsed="0.000208"/>
</kw>
<kw name="Run Keyword If" owner="BuiltIn">
<kw name="Should Be True" owner="BuiltIn">
<arg>${True}</arg>
<doc>Fails if the given condition is not true.</doc>
<status status="PASS" start="2024-07-22T05:16:02.510697" elapsed="0.000140"/>
</kw>
<arg>${json_data["results"][0]["location"]["coordinates"]["latitude"]} &gt;= -90 and ${json_data["results"][0]["location"]["coordinates"]["latitude"]} &lt;= 90</arg>
<arg>Should Be True</arg>
<arg>${True}</arg>
<doc>Runs the given keyword with the given arguments, if ``condition`` is true.</doc>
<status status="PASS" start="2024-07-22T05:16:02.509959" elapsed="0.001002"/>
</kw>
<kw name="Run Keyword If" owner="BuiltIn">
<kw name="Should Be True" owner="BuiltIn">
<arg>${True}</arg>
<doc>Fails if the given condition is not true.</doc>
<status status="PASS" start="2024-07-22T05:16:02.511824" elapsed="0.000134"/>
</kw>
<arg>${json_data["results"][0]["location"]["coordinates"]["longitude"]} &gt;= -180 and ${json_data["results"][0]["location"]["coordinates"]["longitude"]} &lt;= 180</arg>
<arg>Should Be True</arg>
<arg>${True}</arg>
<doc>Runs the given keyword with the given arguments, if ``condition`` is true.</doc>
<status status="PASS" start="2024-07-22T05:16:02.511142" elapsed="0.000937"/>
</kw>
<status status="PASS" start="2024-07-22T05:16:02.404671" elapsed="0.107535"/>
</kw>
<doc>Testa o conteúdo específico dos campos retornados pela API.</doc>
<tag>testeConteudo</tag>
<status status="PASS" start="2024-07-22T05:16:02.404114" elapsed="0.108236"/>
</test>
<status status="PASS" start="2024-07-22T05:16:01.488455" elapsed="1.025931"/>
</suite>
<status status="PASS" start="2024-07-22T05:16:01.474106" elapsed="1.045303"/>
</suite>
<statistics>
<total>
<stat pass="5" fail="0" skip="0">All Tests</stat>
</total>
<tag>
<stat pass="1" fail="0" skip="0">testeConteudo</stat>
<stat pass="1" fail="0" skip="0">testeEstruturaResposta</stat>
<stat pass="1" fail="0" skip="0">testeRequisicaoBasica</stat>
<stat pass="1" fail="0" skip="0">testeTiposDados</stat>
</tag>
<suite>
<stat pass="5" fail="0" skip="0" id="s1" name="Tests">Tests</stat>
<stat pass="5" fail="0" skip="0" id="s1-s1" name="Random-User-Test">Tests.Random-User-Test</stat>
</suite>
</statistics>
<errors>
</errors>
</robot>
