<?xml version="1.0" encoding="UTF-8"?>
<robot generator="Robot 7.0 (Python 3.12.2 on linux)" generated="2024-04-07T02:23:51.429620" rpa="false" schemaversion="5">
<suite id="s1" name="Tests" source="/home/runner/work/DesafioQAItauRogerioJordao/DesafioQAItauRogerioJordao/RamdonUser/tests">
<suite id="s1-s1" name="Random-User-Test" source="/home/runner/work/DesafioQAItauRogerioJordao/DesafioQAItauRogerioJordao/RamdonUser/tests/random-user-test.robot">
<test id="s1-s1-t1" name="Conectar" line="13">
<kw name="Conectar API" owner="random-user-service">
<kw name="Create Session" owner="RequestsLibrary">
<msg time="2024-04-07T02:23:51.810562" level="INFO">Creating Session using : alias=consultarAPI, url=https://randomuser.me/, headers={},                     cookies={}, auth=None, timeout=None, proxies=None, verify=False,                     debug=0 </msg>
<arg>consultarAPI</arg>
<arg>${URL}</arg>
<doc>Create Session: create a HTTP session to a server</doc>
<status status="PASS" start="2024-04-07T02:23:51.810364" elapsed="0.000365"/>
</kw>
<status status="PASS" start="2024-04-07T02:23:51.809351" elapsed="0.001731"/>
</kw>
<status status="PASS" start="2024-04-07T02:23:51.808778" elapsed="0.002509"/>
</test>
<test id="s1-s1-t2" name="Validar retorno 200 e JSON Válido" line="16">
<kw name="Teste de Requisicao Basica" owner="random-user-service">
<kw name="GET On Session" owner="RequestsLibrary">
<msg time="2024-04-07T02:23:51.880623" level="INFO">GET Request : url=https://randomuser.me/api 
 path_url=/api 
 headers={'User-Agent': 'python-requests/2.31.0', 'Accept-Encoding': 'gzip, deflate', 'Accept': '*/*', 'Connection': 'keep-alive'} 
 body=None 
 </msg>
<msg time="2024-04-07T02:23:51.880734" level="INFO">GET Response : url=https://randomuser.me/api 
 status=200, reason=OK 
 headers={'Date': 'Sun, 07 Apr 2024 02:23:51 GMT', 'Content-Type': 'application/json; charset=utf-8', 'Transfer-Encoding': 'chunked', 'Connection': 'keep-alive', 'X-Powered-By': 'Express', 'Access-Control-Allow-Origin': '*', 'Cache-Control': 'no-cache', 'ETag': 'W/"47b-zEuSs7P3nUqI7dVnBeo0x76GLkw"', 'Vary': 'Accept-Encoding', 'Content-Encoding': 'gzip', 'CF-Cache-Status': 'DYNAMIC', 'Report-To': '{"endpoints":[{"url":"https:\\/\\/a.nel.cloudflare.com\\/report\\/v4?s=WsVcb96kyFdAK22j5o06eXErjussydPtZC0rmwRXECJhXLfJo44wEp4b6ZeCjZAtOtMBJamomFABhwhZgAGm9KCiNhOBXFSWeEkYa3rECHj7yqlDufRH%2FZelCILIZ32F"}],"group":"cf-nel","max_age":604800}', 'NEL': '{"success_fraction":0,"report_to":"cf-nel","max_age":604800}', 'Server': 'cloudflare', 'CF-RAY': '87068edd1ebf2034-IAD', 'alt-svc': 'h3=":443"; ma=86400'} 
 body={"results":[{"gender":"male","name":{"title":"Mr","first":"Avgustin","last":"Topchiy"},"location":{"street":{"number":5692,"name":"Nadiyi Surovcovoyi"},"city":"Rudki","state":"Rivnenska","country":"Ukraine","postcode":20073,"coordinates":{"latitude":"75.9426","longitude":"-105.7337"},"timezone":{"offset":"+9:30","description":"Adelaide, Darwin"}},"email":"avgustin.topchiy@example.com","login":{"uuid":"0de9dca1-ac35-4159-b6de-b5edd4b82b23","username":"ticklishtiger737","password":"geng","salt":"PXnwhxKQ","md5":"faaf3d761ab2b46c3c550ddbad94ab71","sha1":"981efbb3664f9e5e5b095209c05716acce5ec000","sha256":"47f8a0b6a5ef7d9184274e485cd77bcf0760b322a4442f0681233c52bbb38134"},"dob":{"date":"1965-06-17T12:27:10.988Z","age":58},"registered":{"date":"2020-08-19T00:04:45.129Z","age":3},"phone":"(098) G75-1712","cell":"(067) F40-7884","id":{"name":"","value":null},"picture":{"large":"https://randomuser.me/api/portraits/men/83.jpg","medium":"https://randomuser.me/api/portraits/med/men/83.jpg","thumbnail":"https://randomuser.me/api/portraits/thumb/men/83.jpg"},"nat":"UA"}],"info":{"seed":"c93346815d06106a","results":1,"page":1,"version":"1.4"}} 
 </msg>
<msg time="2024-04-07T02:23:51.880827" level="INFO">/opt/hostedtoolcache/Python/3.12.2/x64/lib/python3.12/site-packages/urllib3/connectionpool.py:1103: InsecureRequestWarning: Unverified HTTPS request is being made to host 'randomuser.me'. Adding certificate verification is strongly advised. See: https://urllib3.readthedocs.io/en/latest/advanced-usage.html#tls-warnings
  warnings.warn(</msg>
<msg time="2024-04-07T02:23:51.880944" level="INFO">${response} = &lt;Response [200]&gt;</msg>
<var>${response}</var>
<arg>consultarAPI</arg>
<arg>/api</arg>
<doc>Sends a GET request on a previously created HTTP Session.</doc>
<status status="PASS" start="2024-04-07T02:23:51.813836" elapsed="0.067169"/>
</kw>
<kw name="Should Be Equal As Numbers" owner="BuiltIn">
<msg time="2024-04-07T02:23:51.882000" level="INFO">Argument types are:
&lt;class 'int'&gt;
&lt;class 'str'&gt;</msg>
<arg>${response.status_code}</arg>
<arg>200</arg>
<doc>Fails if objects are unequal after converting them to real numbers.</doc>
<status status="PASS" start="2024-04-07T02:23:51.881518" elapsed="0.000551"/>
</kw>
<kw name="Log" owner="BuiltIn">
<msg time="2024-04-07T02:23:51.882740" level="INFO">200</msg>
<arg>${response.status_code}</arg>
<doc>Logs the given message with the given level.</doc>
<status status="PASS" start="2024-04-07T02:23:51.882390" elapsed="0.000393"/>
</kw>
<kw name="Set Variable" owner="BuiltIn">
<msg time="2024-04-07T02:23:51.883548" level="INFO">${json_data} = {'results': [{'gender': 'male', 'name': {'title': 'Mr', 'first': 'Avgustin', 'last': 'Topchiy'}, 'location': {'street': {'number': 5692, 'name': 'Nadiyi Surovcovoyi'}, 'city': 'Rudki', 'state': 'Rivne...</msg>
<var>${json_data}</var>
<arg>${response.json()}</arg>
<doc>Returns the given values which can then be assigned to a variables.</doc>
<status status="PASS" start="2024-04-07T02:23:51.883110" elapsed="0.000465"/>
</kw>
<kw name="Dictionary Should Contain Key" owner="Collections">
<msg time="2024-04-07T02:23:51.884038" level="INFO">False</msg>
<arg>${json_data}</arg>
<arg>results</arg>
<doc>Fails if ``key`` is not found from ``dictionary``.</doc>
<status status="PASS" start="2024-04-07T02:23:51.883874" elapsed="0.000203"/>
</kw>
<status status="PASS" start="2024-04-07T02:23:51.813586" elapsed="0.070758"/>
</kw>
<doc>Testa se a API responde corretamente e retorna um objeto JSON válido.</doc>
<tag>testeRequisicaoBasica</tag>
<status status="PASS" start="2024-04-07T02:23:51.813126" elapsed="0.071398"/>
</test>
<test id="s1-s1-t3" name="Validar estrutura de resposta" line="22">
<kw name="Teste de Estrutura de Resposta" owner="random-user-service">
<kw name="GET On Session" owner="RequestsLibrary">
<msg time="2024-04-07T02:23:51.977836" level="INFO">GET Request : url=https://randomuser.me/api 
 path_url=/api 
 headers={'User-Agent': 'python-requests/2.31.0', 'Accept-Encoding': 'gzip, deflate', 'Accept': '*/*', 'Connection': 'keep-alive'} 
 body=None 
 </msg>
<msg time="2024-04-07T02:23:51.977926" level="INFO">GET Response : url=https://randomuser.me/api 
 status=200, reason=OK 
 headers={'Date': 'Sun, 07 Apr 2024 02:23:51 GMT', 'Content-Type': 'application/json; charset=utf-8', 'Transfer-Encoding': 'chunked', 'Connection': 'keep-alive', 'X-Powered-By': 'Express', 'Access-Control-Allow-Origin': '*', 'Cache-Control': 'no-cache', 'ETag': 'W/"485-scpS51dw3SSLOsC2WOLoH4SjSBY"', 'Vary': 'Accept-Encoding', 'Content-Encoding': 'gzip', 'CF-Cache-Status': 'DYNAMIC', 'Report-To': '{"endpoints":[{"url":"https:\\/\\/a.nel.cloudflare.com\\/report\\/v4?s=h8o4JyodbCXnHsIbLLCG%2FSt9xB7SBCayLEnwDhnyZwSAgnrPC4GivThHnlvaKLvWNriXUBIg6m9%2Brk7eyYrXLikskbUiWwSo92EWdWf3ByLFhcSsR7zifTNxkXQJz9iB"}],"group":"cf-nel","max_age":604800}', 'NEL': '{"success_fraction":0,"report_to":"cf-nel","max_age":604800}', 'Server': 'cloudflare', 'CF-RAY': '87068edd5f0f2034-IAD', 'alt-svc': 'h3=":443"; ma=86400'} 
 body={"results":[{"gender":"female","name":{"title":"Mrs","first":"Clara","last":"Petersen"},"location":{"street":{"number":5315,"name":"Kirsebærhaven"},"city":"Kongsvinger","state":"Nordjylland","country":"Denmark","postcode":36078,"coordinates":{"latitude":"-39.9681","longitude":"26.7213"},"timezone":{"offset":"+7:00","description":"Bangkok, Hanoi, Jakarta"}},"email":"clara.petersen@example.com","login":{"uuid":"3c7d8668-4330-4f22-8b02-f6270df3643b","username":"blackzebra479","password":"1982","salt":"moa7jlXR","md5":"7db24246de5094f98181be8072880da0","sha1":"34162b2c51c0835fcd1f009bfd72a776090425e3","sha256":"256135ad1f535bf200ce0d92c4b230ace74775c1159f7a396561c6664b37610a"},"dob":{"date":"1953-09-22T01:13:07.588Z","age":70},"registered":{"date":"2011-06-29T04:26:13.991Z","age":12},"phone":"89232260","cell":"97873466","id":{"name":"CPR","value":"210953-8771"},"picture":{"large":"https://randomuser.me/api/portraits/women/4.jpg","medium":"https://randomuser.me/api/portraits/med/women/4.jpg","thumbnail":"https://randomuser.me/api/portraits/thumb/women/4.jpg"},"nat":"DK"}],"info":{"seed":"bf9c8aa6fee1ee0e","results":1,"page":1,"version":"1.4"}} 
 </msg>
<msg time="2024-04-07T02:23:51.978065" level="INFO">/opt/hostedtoolcache/Python/3.12.2/x64/lib/python3.12/site-packages/urllib3/connectionpool.py:1103: InsecureRequestWarning: Unverified HTTPS request is being made to host 'randomuser.me'. Adding certificate verification is strongly advised. See: https://urllib3.readthedocs.io/en/latest/advanced-usage.html#tls-warnings
  warnings.warn(</msg>
<msg time="2024-04-07T02:23:51.978187" level="INFO">${response} = &lt;Response [200]&gt;</msg>
<var>${response}</var>
<arg>consultarAPI</arg>
<arg>/api</arg>
<doc>Sends a GET request on a previously created HTTP Session.</doc>
<status status="PASS" start="2024-04-07T02:23:51.887290" elapsed="0.090945"/>
</kw>
<kw name="Set Variable" owner="BuiltIn">
<msg time="2024-04-07T02:23:51.979201" level="INFO">${json_data} = {'results': [{'gender': 'female', 'name': {'title': 'Mrs', 'first': 'Clara', 'last': 'Petersen'}, 'location': {'street': {'number': 5315, 'name': 'Kirsebærhaven'}, 'city': 'Kongsvinger', 'state': 'Nor...</msg>
<var>${json_data}</var>
<arg>${response.json()}</arg>
<doc>Returns the given values which can then be assigned to a variables.</doc>
<status status="PASS" start="2024-04-07T02:23:51.978709" elapsed="0.000522"/>
</kw>
<kw name="Log" owner="BuiltIn">
<msg time="2024-04-07T02:23:51.979710" level="INFO">{'results': [{'gender': 'female', 'name': {'title': 'Mrs', 'first': 'Clara', 'last': 'Petersen'}, 'location': {'street': {'number': 5315, 'name': 'Kirsebærhaven'}, 'city': 'Kongsvinger', 'state': 'Nordjylland', 'country': 'Denmark', 'postcode': 36078, 'coordinates': {'latitude': '-39.9681', 'longitude': '26.7213'}, 'timezone': {'offset': '+7:00', 'description': 'Bangkok, Hanoi, Jakarta'}}, 'email': 'clara.petersen@example.com', 'login': {'uuid': '3c7d8668-4330-4f22-8b02-f6270df3643b', 'username': 'blackzebra479', 'password': '1982', 'salt': 'moa7jlXR', 'md5': '7db24246de5094f98181be8072880da0', 'sha1': '34162b2c51c0835fcd1f009bfd72a776090425e3', 'sha256': '256135ad1f535bf200ce0d92c4b230ace74775c1159f7a396561c6664b37610a'}, 'dob': {'date': '1953-09-22T01:13:07.588Z', 'age': 70}, 'registered': {'date': '2011-06-29T04:26:13.991Z', 'age': 12}, 'phone': '89232260', 'cell': '97873466', 'id': {'name': 'CPR', 'value': '210953-8771'}, 'picture': {'large': 'https://randomuser.me/api/portraits/women/4.jpg', 'medium': 'https://randomuser.me/api/portraits/med/women/4.jpg', 'thumbnail': 'https://randomuser.me/api/portraits/thumb/women/4.jpg'}, 'nat': 'DK'}], 'info': {'seed': 'bf9c8aa6fee1ee0e', 'results': 1, 'page': 1, 'version': '1.4'}}</msg>
<arg>${json_data}</arg>
<doc>Logs the given message with the given level.</doc>
<status status="PASS" start="2024-04-07T02:23:51.979548" elapsed="0.000212"/>
</kw>
<kw name="Dictionary Should Contain Key" owner="Collections">
<msg time="2024-04-07T02:23:51.980218" level="INFO">False</msg>
<arg>${json_data}</arg>
<arg>results</arg>
<doc>Fails if ``key`` is not found from ``dictionary``.</doc>
<status status="PASS" start="2024-04-07T02:23:51.980062" elapsed="0.000194"/>
</kw>
<kw name="Should Not Be Empty" owner="BuiltIn">
<msg time="2024-04-07T02:23:51.980685" level="INFO">Length is 2.</msg>
<arg>${json_data}</arg>
<doc>Verifies that the given item is not empty.</doc>
<status status="PASS" start="2024-04-07T02:23:51.980552" elapsed="0.000171"/>
</kw>
<kw name="Create List" owner="BuiltIn">
<msg time="2024-04-07T02:23:51.981209" level="INFO">${expected_keys} = ['gender', 'name', 'location', 'email', 'login']</msg>
<var>${expected_keys}</var>
<arg>gender</arg>
<arg>name</arg>
<arg>location</arg>
<arg>email</arg>
<arg>login</arg>
<doc>Returns a list containing given items.</doc>
<status status="PASS" start="2024-04-07T02:23:51.981046" elapsed="0.000188"/>
</kw>
<for flavor="IN">
<iter>
<kw name="Dictionary Should Contain Key" owner="Collections">
<msg time="2024-04-07T02:23:51.982228" level="INFO">False</msg>
<arg>${json_data['results'][0]}</arg>
<arg>${key}</arg>
<doc>Fails if ``key`` is not found from ``dictionary``.</doc>
<status status="PASS" start="2024-04-07T02:23:51.981824" elapsed="0.000444"/>
</kw>
<kw name="Log" owner="BuiltIn">
<msg time="2024-04-07T02:23:51.982957" level="INFO">{'gender': 'female', 'name': {'title': 'Mrs', 'first': 'Clara', 'last': 'Petersen'}, 'location': {'street': {'number': 5315, 'name': 'Kirsebærhaven'}, 'city': 'Kongsvinger', 'state': 'Nordjylland', 'country': 'Denmark', 'postcode': 36078, 'coordinates': {'latitude': '-39.9681', 'longitude': '26.7213'}, 'timezone': {'offset': '+7:00', 'description': 'Bangkok, Hanoi, Jakarta'}}, 'email': 'clara.petersen@example.com', 'login': {'uuid': '3c7d8668-4330-4f22-8b02-f6270df3643b', 'username': 'blackzebra479', 'password': '1982', 'salt': 'moa7jlXR', 'md5': '7db24246de5094f98181be8072880da0', 'sha1': '34162b2c51c0835fcd1f009bfd72a776090425e3', 'sha256': '256135ad1f535bf200ce0d92c4b230ace74775c1159f7a396561c6664b37610a'}, 'dob': {'date': '1953-09-22T01:13:07.588Z', 'age': 70}, 'registered': {'date': '2011-06-29T04:26:13.991Z', 'age': 12}, 'phone': '89232260', 'cell': '97873466', 'id': {'name': 'CPR', 'value': '210953-8771'}, 'picture': {'large': 'https://randomuser.me/api/portraits/women/4.jpg', 'medium': 'https://randomuser.me/api/portraits/med/women/4.jpg', 'thumbnail': 'https://randomuser.me/api/portraits/thumb/women/4.jpg'}, 'nat': 'DK'}</msg>
<arg>${json_data['results'][0]}</arg>
<doc>Logs the given message with the given level.</doc>
<status status="PASS" start="2024-04-07T02:23:51.982577" elapsed="0.000430"/>
</kw>
<kw name="Log" owner="BuiltIn">
<msg time="2024-04-07T02:23:51.983441" level="INFO">gender</msg>
<arg>${key}</arg>
<doc>Logs the given message with the given level.</doc>
<status status="PASS" start="2024-04-07T02:23:51.983309" elapsed="0.000170"/>
</kw>
<var name="${key}">gender</var>
<status status="PASS" start="2024-04-07T02:23:51.981699" elapsed="0.002005"/>
</iter>
<iter>
<kw name="Dictionary Should Contain Key" owner="Collections">
<msg time="2024-04-07T02:23:51.984400" level="INFO">False</msg>
<arg>${json_data['results'][0]}</arg>
<arg>${key}</arg>
<doc>Fails if ``key`` is not found from ``dictionary``.</doc>
<status status="PASS" start="2024-04-07T02:23:51.984011" elapsed="0.000427"/>
</kw>
<kw name="Log" owner="BuiltIn">
<msg time="2024-04-07T02:23:51.985158" level="INFO">{'gender': 'female', 'name': {'title': 'Mrs', 'first': 'Clara', 'last': 'Petersen'}, 'location': {'street': {'number': 5315, 'name': 'Kirsebærhaven'}, 'city': 'Kongsvinger', 'state': 'Nordjylland', 'country': 'Denmark', 'postcode': 36078, 'coordinates': {'latitude': '-39.9681', 'longitude': '26.7213'}, 'timezone': {'offset': '+7:00', 'description': 'Bangkok, Hanoi, Jakarta'}}, 'email': 'clara.petersen@example.com', 'login': {'uuid': '3c7d8668-4330-4f22-8b02-f6270df3643b', 'username': 'blackzebra479', 'password': '1982', 'salt': 'moa7jlXR', 'md5': '7db24246de5094f98181be8072880da0', 'sha1': '34162b2c51c0835fcd1f009bfd72a776090425e3', 'sha256': '256135ad1f535bf200ce0d92c4b230ace74775c1159f7a396561c6664b37610a'}, 'dob': {'date': '1953-09-22T01:13:07.588Z', 'age': 70}, 'registered': {'date': '2011-06-29T04:26:13.991Z', 'age': 12}, 'phone': '89232260', 'cell': '97873466', 'id': {'name': 'CPR', 'value': '210953-8771'}, 'picture': {'large': 'https://randomuser.me/api/portraits/women/4.jpg', 'medium': 'https://randomuser.me/api/portraits/med/women/4.jpg', 'thumbnail': 'https://randomuser.me/api/portraits/thumb/women/4.jpg'}, 'nat': 'DK'}</msg>
<arg>${json_data['results'][0]}</arg>
<doc>Logs the given message with the given level.</doc>
<status status="PASS" start="2024-04-07T02:23:51.984771" elapsed="0.000437"/>
</kw>
<kw name="Log" owner="BuiltIn">
<msg time="2024-04-07T02:23:51.985635" level="INFO">name</msg>
<arg>${key}</arg>
<doc>Logs the given message with the given level.</doc>
<status status="PASS" start="2024-04-07T02:23:51.985506" elapsed="0.000167"/>
</kw>
<var name="${key}">name</var>
<status status="PASS" start="2024-04-07T02:23:51.983896" elapsed="0.001993"/>
</iter>
<iter>
<kw name="Dictionary Should Contain Key" owner="Collections">
<msg time="2024-04-07T02:23:51.986568" level="INFO">False</msg>
<arg>${json_data['results'][0]}</arg>
<arg>${key}</arg>
<doc>Fails if ``key`` is not found from ``dictionary``.</doc>
<status status="PASS" start="2024-04-07T02:23:51.986194" elapsed="0.000413"/>
</kw>
<kw name="Log" owner="BuiltIn">
<msg time="2024-04-07T02:23:51.987268" level="INFO">{'gender': 'female', 'name': {'title': 'Mrs', 'first': 'Clara', 'last': 'Petersen'}, 'location': {'street': {'number': 5315, 'name': 'Kirsebærhaven'}, 'city': 'Kongsvinger', 'state': 'Nordjylland', 'country': 'Denmark', 'postcode': 36078, 'coordinates': {'latitude': '-39.9681', 'longitude': '26.7213'}, 'timezone': {'offset': '+7:00', 'description': 'Bangkok, Hanoi, Jakarta'}}, 'email': 'clara.petersen@example.com', 'login': {'uuid': '3c7d8668-4330-4f22-8b02-f6270df3643b', 'username': 'blackzebra479', 'password': '1982', 'salt': 'moa7jlXR', 'md5': '7db24246de5094f98181be8072880da0', 'sha1': '34162b2c51c0835fcd1f009bfd72a776090425e3', 'sha256': '256135ad1f535bf200ce0d92c4b230ace74775c1159f7a396561c6664b37610a'}, 'dob': {'date': '1953-09-22T01:13:07.588Z', 'age': 70}, 'registered': {'date': '2011-06-29T04:26:13.991Z', 'age': 12}, 'phone': '89232260', 'cell': '97873466', 'id': {'name': 'CPR', 'value': '210953-8771'}, 'picture': {'large': 'https://randomuser.me/api/portraits/women/4.jpg', 'medium': 'https://randomuser.me/api/portraits/med/women/4.jpg', 'thumbnail': 'https://randomuser.me/api/portraits/thumb/women/4.jpg'}, 'nat': 'DK'}</msg>
<arg>${json_data['results'][0]}</arg>
<doc>Logs the given message with the given level.</doc>
<status status="PASS" start="2024-04-07T02:23:51.986904" elapsed="0.000418"/>
</kw>
<kw name="Log" owner="BuiltIn">
<msg time="2024-04-07T02:23:51.987744" level="INFO">location</msg>
<arg>${key}</arg>
<doc>Logs the given message with the given level.</doc>
<status status="PASS" start="2024-04-07T02:23:51.987617" elapsed="0.000165"/>
</kw>
<var name="${key}">location</var>
<status status="PASS" start="2024-04-07T02:23:51.986085" elapsed="0.001910"/>
</iter>
<iter>
<kw name="Dictionary Should Contain Key" owner="Collections">
<msg time="2024-04-07T02:23:51.988655" level="INFO">False</msg>
<arg>${json_data['results'][0]}</arg>
<arg>${key}</arg>
<doc>Fails if ``key`` is not found from ``dictionary``.</doc>
<status status="PASS" start="2024-04-07T02:23:51.988277" elapsed="0.000415"/>
</kw>
<kw name="Log" owner="BuiltIn">
<msg time="2024-04-07T02:23:51.989379" level="INFO">{'gender': 'female', 'name': {'title': 'Mrs', 'first': 'Clara', 'last': 'Petersen'}, 'location': {'street': {'number': 5315, 'name': 'Kirsebærhaven'}, 'city': 'Kongsvinger', 'state': 'Nordjylland', 'country': 'Denmark', 'postcode': 36078, 'coordinates': {'latitude': '-39.9681', 'longitude': '26.7213'}, 'timezone': {'offset': '+7:00', 'description': 'Bangkok, Hanoi, Jakarta'}}, 'email': 'clara.petersen@example.com', 'login': {'uuid': '3c7d8668-4330-4f22-8b02-f6270df3643b', 'username': 'blackzebra479', 'password': '1982', 'salt': 'moa7jlXR', 'md5': '7db24246de5094f98181be8072880da0', 'sha1': '34162b2c51c0835fcd1f009bfd72a776090425e3', 'sha256': '256135ad1f535bf200ce0d92c4b230ace74775c1159f7a396561c6664b37610a'}, 'dob': {'date': '1953-09-22T01:13:07.588Z', 'age': 70}, 'registered': {'date': '2011-06-29T04:26:13.991Z', 'age': 12}, 'phone': '89232260', 'cell': '97873466', 'id': {'name': 'CPR', 'value': '210953-8771'}, 'picture': {'large': 'https://randomuser.me/api/portraits/women/4.jpg', 'medium': 'https://randomuser.me/api/portraits/med/women/4.jpg', 'thumbnail': 'https://randomuser.me/api/portraits/thumb/women/4.jpg'}, 'nat': 'DK'}</msg>
<arg>${json_data['results'][0]}</arg>
<doc>Logs the given message with the given level.</doc>
<status status="PASS" start="2024-04-07T02:23:51.989011" elapsed="0.000417"/>
</kw>
<kw name="Log" owner="BuiltIn">
<msg time="2024-04-07T02:23:51.989848" level="INFO">email</msg>
<arg>${key}</arg>
<doc>Logs the given message with the given level.</doc>
<status status="PASS" start="2024-04-07T02:23:51.989721" elapsed="0.000164"/>
</kw>
<var name="${key}">email</var>
<status status="PASS" start="2024-04-07T02:23:51.988167" elapsed="0.001932"/>
</iter>
<iter>
<kw name="Dictionary Should Contain Key" owner="Collections">
<msg time="2024-04-07T02:23:51.990768" level="INFO">False</msg>
<arg>${json_data['results'][0]}</arg>
<arg>${key}</arg>
<doc>Fails if ``key`` is not found from ``dictionary``.</doc>
<status status="PASS" start="2024-04-07T02:23:51.990390" elapsed="0.000415"/>
</kw>
<kw name="Log" owner="BuiltIn">
<msg time="2024-04-07T02:23:51.991466" level="INFO">{'gender': 'female', 'name': {'title': 'Mrs', 'first': 'Clara', 'last': 'Petersen'}, 'location': {'street': {'number': 5315, 'name': 'Kirsebærhaven'}, 'city': 'Kongsvinger', 'state': 'Nordjylland', 'country': 'Denmark', 'postcode': 36078, 'coordinates': {'latitude': '-39.9681', 'longitude': '26.7213'}, 'timezone': {'offset': '+7:00', 'description': 'Bangkok, Hanoi, Jakarta'}}, 'email': 'clara.petersen@example.com', 'login': {'uuid': '3c7d8668-4330-4f22-8b02-f6270df3643b', 'username': 'blackzebra479', 'password': '1982', 'salt': 'moa7jlXR', 'md5': '7db24246de5094f98181be8072880da0', 'sha1': '34162b2c51c0835fcd1f009bfd72a776090425e3', 'sha256': '256135ad1f535bf200ce0d92c4b230ace74775c1159f7a396561c6664b37610a'}, 'dob': {'date': '1953-09-22T01:13:07.588Z', 'age': 70}, 'registered': {'date': '2011-06-29T04:26:13.991Z', 'age': 12}, 'phone': '89232260', 'cell': '97873466', 'id': {'name': 'CPR', 'value': '210953-8771'}, 'picture': {'large': 'https://randomuser.me/api/portraits/women/4.jpg', 'medium': 'https://randomuser.me/api/portraits/med/women/4.jpg', 'thumbnail': 'https://randomuser.me/api/portraits/thumb/women/4.jpg'}, 'nat': 'DK'}</msg>
<arg>${json_data['results'][0]}</arg>
<doc>Logs the given message with the given level.</doc>
<status status="PASS" start="2024-04-07T02:23:51.991098" elapsed="0.000417"/>
</kw>
<kw name="Log" owner="BuiltIn">
<msg time="2024-04-07T02:23:51.991940" level="INFO">login</msg>
<arg>${key}</arg>
<doc>Logs the given message with the given level.</doc>
<status status="PASS" start="2024-04-07T02:23:51.991814" elapsed="0.000269"/>
</kw>
<var name="${key}">login</var>
<status status="PASS" start="2024-04-07T02:23:51.990273" elapsed="0.002048"/>
</iter>
<var>${key}</var>
<value>@{expected_keys}</value>
<status status="PASS" start="2024-04-07T02:23:51.981510" elapsed="0.010963"/>
</for>
<kw name="Create List" owner="BuiltIn">
<msg time="2024-04-07T02:23:51.992815" level="INFO">${expected_keysTwo} = ['username', 'password']</msg>
<var>${expected_keysTwo}</var>
<arg>username</arg>
<arg>password</arg>
<doc>Returns a list containing given items.</doc>
<status status="PASS" start="2024-04-07T02:23:51.992676" elapsed="0.000162"/>
</kw>
<for flavor="IN">
<iter>
<kw name="Dictionary Should Contain Key" owner="Collections">
<msg time="2024-04-07T02:23:51.993745" level="INFO">False</msg>
<arg>${json_data['results'][0]['login']}</arg>
<arg>${keyTwo}</arg>
<doc>Fails if ``key`` is not found from ``dictionary``.</doc>
<status status="PASS" start="2024-04-07T02:23:51.993357" elapsed="0.000426"/>
</kw>
<kw name="Dictionary Should Contain Key" owner="Collections">
<msg time="2024-04-07T02:23:51.994461" level="INFO">False</msg>
<arg>${json_data['results'][0]['login']}</arg>
<arg>${keyTwo}</arg>
<doc>Fails if ``key`` is not found from ``dictionary``.</doc>
<status status="PASS" start="2024-04-07T02:23:51.994080" elapsed="0.000418"/>
</kw>
<kw name="Log" owner="BuiltIn">
<msg time="2024-04-07T02:23:51.994918" level="INFO">username</msg>
<arg>${keyTwo}</arg>
<doc>Logs the given message with the given level.</doc>
<status status="PASS" start="2024-04-07T02:23:51.994790" elapsed="0.000165"/>
</kw>
<var name="${keyTwo}">username</var>
<status status="PASS" start="2024-04-07T02:23:51.993248" elapsed="0.001921"/>
</iter>
<iter>
<kw name="Dictionary Should Contain Key" owner="Collections">
<msg time="2024-04-07T02:23:51.995825" level="INFO">False</msg>
<arg>${json_data['results'][0]['login']}</arg>
<arg>${keyTwo}</arg>
<doc>Fails if ``key`` is not found from ``dictionary``.</doc>
<status status="PASS" start="2024-04-07T02:23:51.995450" elapsed="0.000412"/>
</kw>
<kw name="Dictionary Should Contain Key" owner="Collections">
<msg time="2024-04-07T02:23:51.996526" level="INFO">False</msg>
<arg>${json_data['results'][0]['login']}</arg>
<arg>${keyTwo}</arg>
<doc>Fails if ``key`` is not found from ``dictionary``.</doc>
<status status="PASS" start="2024-04-07T02:23:51.996155" elapsed="0.000408"/>
</kw>
<kw name="Log" owner="BuiltIn">
<msg time="2024-04-07T02:23:51.996997" level="INFO">password</msg>
<arg>${keyTwo}</arg>
<doc>Logs the given message with the given level.</doc>
<status status="PASS" start="2024-04-07T02:23:51.996853" elapsed="0.000183"/>
</kw>
<var name="${keyTwo}">password</var>
<status status="PASS" start="2024-04-07T02:23:51.995342" elapsed="0.001921"/>
</iter>
<var>${keyTwo}</var>
<value>@{expected_keysTwo}</value>
<status status="PASS" start="2024-04-07T02:23:51.993097" elapsed="0.004287"/>
</for>
<status status="PASS" start="2024-04-07T02:23:51.887028" elapsed="0.110496"/>
</kw>
<doc>Testa a estrutura da resposta da API.</doc>
<tag>testeEstruturaResposta</tag>
<status status="PASS" start="2024-04-07T02:23:51.886394" elapsed="0.111288"/>
</test>
<test id="s1-s1-t4" name="Validar tipos de dados" line="28">
<kw name="Teste de Tipos de Dados" owner="random-user-service">
<kw name="GET On Session" owner="RequestsLibrary">
<msg time="2024-04-07T02:23:52.083771" level="INFO">GET Request : url=https://randomuser.me/api 
 path_url=/api 
 headers={'User-Agent': 'python-requests/2.31.0', 'Accept-Encoding': 'gzip, deflate', 'Accept': '*/*', 'Connection': 'keep-alive'} 
 body=None 
 </msg>
<msg time="2024-04-07T02:23:52.083840" level="INFO">GET Response : url=https://randomuser.me/api 
 status=200, reason=OK 
 headers={'Date': 'Sun, 07 Apr 2024 02:23:52 GMT', 'Content-Type': 'application/json; charset=utf-8', 'Transfer-Encoding': 'chunked', 'Connection': 'keep-alive', 'X-Powered-By': 'Express', 'Access-Control-Allow-Origin': '*', 'Cache-Control': 'no-cache', 'ETag': 'W/"492-KDXnCPAwPvKMuHoJlS4TqyFl+Yk"', 'Vary': 'Accept-Encoding', 'Content-Encoding': 'gzip', 'CF-Cache-Status': 'DYNAMIC', 'Report-To': '{"endpoints":[{"url":"https:\\/\\/a.nel.cloudflare.com\\/report\\/v4?s=GCbEtbFd9B486ugJTO2HdHn%2FDHu6jWXRe0zZHkUKb0ckV51qEn3ZzVD3FVpH31KeVKF5FpqfJcLTWV5P5JzokVAjFHoJzQ37y5H%2BSj9Lu%2F2%2Bf2tE4QwycjmPbPwGTYdS"}],"group":"cf-nel","max_age":604800}', 'NEL': '{"success_fraction":0,"report_to":"cf-nel","max_age":604800}', 'Server': 'cloudflare', 'CF-RAY': '87068ede08102034-IAD', 'alt-svc': 'h3=":443"; ma=86400'} 
 body={"results":[{"gender":"male","name":{"title":"Mr","first":"Philip","last":"Haarberg"},"location":{"street":{"number":6666,"name":"Oluf Onsums vei"},"city":"Ubergsmoen","state":"Buskerud","country":"Norway","postcode":"7629","coordinates":{"latitude":"44.2441","longitude":"-170.5858"},"timezone":{"offset":"-4:00","description":"Atlantic Time (Canada), Caracas, La Paz"}},"email":"philip.haarberg@example.com","login":{"uuid":"c64aae27-a831-42b4-a590-5788447c24af","username":"organicbear385","password":"flanker","salt":"QHmgkStz","md5":"5bbdabb3bd4f581cc171d117beec5290","sha1":"5d92471e0262ca27e5e1a32795dbff606755ff4e","sha256":"b3eb64f2e593e418fa78a8b9a0ad322075b5791e365a756e669fc8fd918d361f"},"dob":{"date":"1969-09-01T01:48:53.481Z","age":54},"registered":{"date":"2012-05-29T02:30:40.311Z","age":11},"phone":"32471269","cell":"97732764","id":{"name":"FN","value":"01096947964"},"picture":{"large":"https://randomuser.me/api/portraits/men/53.jpg","medium":"https://randomuser.me/api/portraits/med/men/53.jpg","thumbnail":"https://randomuser.me/api/portraits/thumb/men/53.jpg"},"nat":"NO"}],"info":{"seed":"3f387d1899a633f0","results":1,"page":1,"version":"1.4"}} 
 </msg>
<msg time="2024-04-07T02:23:52.083894" level="INFO">/opt/hostedtoolcache/Python/3.12.2/x64/lib/python3.12/site-packages/urllib3/connectionpool.py:1103: InsecureRequestWarning: Unverified HTTPS request is being made to host 'randomuser.me'. Adding certificate verification is strongly advised. See: https://urllib3.readthedocs.io/en/latest/advanced-usage.html#tls-warnings
  warnings.warn(</msg>
<msg time="2024-04-07T02:23:52.083979" level="INFO">${response} = &lt;Response [200]&gt;</msg>
<var>${response}</var>
<arg>consultarAPI</arg>
<arg>/api</arg>
<doc>Sends a GET request on a previously created HTTP Session.</doc>
<status status="PASS" start="2024-04-07T02:23:52.000135" elapsed="0.083869"/>
</kw>
<kw name="Set Variable" owner="BuiltIn">
<msg time="2024-04-07T02:23:52.084827" level="INFO">${json_data} = {'results': [{'gender': 'male', 'name': {'title': 'Mr', 'first': 'Philip', 'last': 'Haarberg'}, 'location': {'street': {'number': 6666, 'name': 'Oluf Onsums vei'}, 'city': 'Ubergsmoen', 'state': 'Busk...</msg>
<var>${json_data}</var>
<arg>${response.json()}</arg>
<doc>Returns the given values which can then be assigned to a variables.</doc>
<status status="PASS" start="2024-04-07T02:23:52.084387" elapsed="0.000468"/>
</kw>
<kw name="Log" owner="BuiltIn">
<msg time="2024-04-07T02:23:52.085349" level="INFO">{'results': [{'gender': 'male', 'name': {'title': 'Mr', 'first': 'Philip', 'last': 'Haarberg'}, 'location': {'street': {'number': 6666, 'name': 'Oluf Onsums vei'}, 'city': 'Ubergsmoen', 'state': 'Buskerud', 'country': 'Norway', 'postcode': '7629', 'coordinates': {'latitude': '44.2441', 'longitude': '-170.5858'}, 'timezone': {'offset': '-4:00', 'description': 'Atlantic Time (Canada), Caracas, La Paz'}}, 'email': 'philip.haarberg@example.com', 'login': {'uuid': 'c64aae27-a831-42b4-a590-5788447c24af', 'username': 'organicbear385', 'password': 'flanker', 'salt': 'QHmgkStz', 'md5': '5bbdabb3bd4f581cc171d117beec5290', 'sha1': '5d92471e0262ca27e5e1a32795dbff606755ff4e', 'sha256': 'b3eb64f2e593e418fa78a8b9a0ad322075b5791e365a756e669fc8fd918d361f'}, 'dob': {'date': '1969-09-01T01:48:53.481Z', 'age': 54}, 'registered': {'date': '2012-05-29T02:30:40.311Z', 'age': 11}, 'phone': '32471269', 'cell': '97732764', 'id': {'name': 'FN', 'value': '01096947964'}, 'picture': {'large': 'https://randomuser.me/api/portraits/men/53.jpg', 'medium': 'https://randomuser.me/api/portraits/med/men/53.jpg', 'thumbnail': 'https://randomuser.me/api/portraits/thumb/men/53.jpg'}, 'nat': 'NO'}], 'info': {'seed': '3f387d1899a633f0', 'results': 1, 'page': 1, 'version': '1.4'}}</msg>
<arg>${json_data}</arg>
<doc>Logs the given message with the given level.</doc>
<status status="PASS" start="2024-04-07T02:23:52.085199" elapsed="0.000228"/>
</kw>
<kw name="Should Be String" owner="String">
<arg>${json_data['results'][0]['gender']}</arg>
<doc>Fails if the given ``item`` is not a string.</doc>
<status status="PASS" start="2024-04-07T02:23:52.085726" elapsed="0.000362"/>
</kw>
<kw name="Should Match Regexp" owner="BuiltIn">
<arg>${json_data['results'][0]['email']}</arg>
<arg>^[a-zA-Z0-9._%+-]+@[a-zA-Z0-9.-]+\.[a-zA-Z]{2,}$</arg>
<doc>Fails if ``string`` does not match ``pattern`` as a regular expression.</doc>
<status status="PASS" start="2024-04-07T02:23:52.086279" elapsed="0.000515"/>
</kw>
<kw name="Should Match Regexp" owner="BuiltIn">
<arg>${json_data['results'][0]['dob']['date']}</arg>
<arg>\\d{4}-\\d{2}-\\d{2}T\\d{2}:\\d{2}:\\d{2}\\.\\d{3}Z</arg>
<doc>Fails if ``string`` does not match ``pattern`` as a regular expression.</doc>
<status status="PASS" start="2024-04-07T02:23:52.086989" elapsed="0.000489"/>
</kw>
<kw name="Should Match Regexp" owner="BuiltIn">
<arg>${json_data['results'][0]['registered']['date']}</arg>
<arg>\\d{4}-\\d{2}-\\d{2}T\\d{2}:\\d{2}:\\d{2}\\.\\d{3}Z</arg>
<doc>Fails if ``string`` does not match ``pattern`` as a regular expression.</doc>
<status status="PASS" start="2024-04-07T02:23:52.087671" elapsed="0.000367"/>
</kw>
<kw name="Should Match Regexp" owner="BuiltIn">
<arg>${json_data['results'][0]['picture']['large']}</arg>
<arg>^https?://.*\.(?:png|jpe?g|gif|bmp)$</arg>
<doc>Fails if ``string`` does not match ``pattern`` as a regular expression.</doc>
<status status="PASS" start="2024-04-07T02:23:52.088224" elapsed="0.000452"/>
</kw>
<kw name="Should Match Regexp" owner="BuiltIn">
<arg>${json_data['results'][0]['picture']['medium']}</arg>
<arg>^https?://.*\.(?:png|jpe?g|gif|bmp)$</arg>
<doc>Fails if ``string`` does not match ``pattern`` as a regular expression.</doc>
<status status="PASS" start="2024-04-07T02:23:52.088869" elapsed="0.000392"/>
</kw>
<kw name="Should Match Regexp" owner="BuiltIn">
<arg>${json_data['results'][0]['picture']['thumbnail']}</arg>
<arg>^https?://.*\.(?:png|jpe?g|gif|bmp)$</arg>
<doc>Fails if ``string`` does not match ``pattern`` as a regular expression.</doc>
<status status="PASS" start="2024-04-07T02:23:52.089450" elapsed="0.000356"/>
</kw>
<kw name="Log" owner="BuiltIn">
<msg time="2024-04-07T02:23:52.090315" level="INFO">{'large': 'https://randomuser.me/api/portraits/men/53.jpg', 'medium': 'https://randomuser.me/api/portraits/med/men/53.jpg', 'thumbnail': 'https://randomuser.me/api/portraits/thumb/men/53.jpg'}</msg>
<arg>${json_data['results'][0]['picture']}</arg>
<doc>Logs the given message with the given level.</doc>
<status status="PASS" start="2024-04-07T02:23:52.089991" elapsed="0.000365"/>
</kw>
<status status="PASS" start="2024-04-07T02:23:51.999910" elapsed="0.090700"/>
</kw>
<kw name="Teste de Tipos de Dados - Postcode" owner="random-user-service">
<kw name="GET On Session" owner="RequestsLibrary">
<msg time="2024-04-07T02:23:52.183182" level="INFO">GET Request : url=https://randomuser.me/api 
 path_url=/api 
 headers={'User-Agent': 'python-requests/2.31.0', 'Accept-Encoding': 'gzip, deflate', 'Accept': '*/*', 'Connection': 'keep-alive'} 
 body=None 
 </msg>
<msg time="2024-04-07T02:23:52.183276" level="INFO">GET Response : url=https://randomuser.me/api 
 status=200, reason=OK 
 headers={'Date': 'Sun, 07 Apr 2024 02:23:52 GMT', 'Content-Type': 'application/json; charset=utf-8', 'Transfer-Encoding': 'chunked', 'Connection': 'keep-alive', 'X-Powered-By': 'Express', 'Access-Control-Allow-Origin': '*', 'Cache-Control': 'no-cache', 'ETag': 'W/"47c-Gio7/JBpapgjUDG6qeUTybvkLHs"', 'Vary': 'Accept-Encoding', 'Content-Encoding': 'gzip', 'CF-Cache-Status': 'DYNAMIC', 'Report-To': '{"endpoints":[{"url":"https:\\/\\/a.nel.cloudflare.com\\/report\\/v4?s=Hdg%2BQrmTXefW83wP2wtEHHgsqCcfhlWAOB06xPEuyK%2F%2BEj9oUcPESTkw6cYulenc5kewaeWMf2NgmvhEJNRZDlUciEpJHuTzKQwBbhRGgArPbPfFVXcahx%2BYGuePlOlq"}],"group":"cf-nel","max_age":604800}', 'NEL': '{"success_fraction":0,"report_to":"cf-nel","max_age":604800}', 'Server': 'cloudflare', 'CF-RAY': '87068ede98c02034-IAD', 'alt-svc': 'h3=":443"; ma=86400'} 
 body={"results":[{"gender":"male","name":{"title":"Mr","first":"Kerim","last":"Arslanoğlu"},"location":{"street":{"number":8742,"name":"Bağdat Cd"},"city":"Ordu","state":"Erzincan","country":"Turkey","postcode":28266,"coordinates":{"latitude":"68.6667","longitude":"-29.7920"},"timezone":{"offset":"+4:00","description":"Abu Dhabi, Muscat, Baku, Tbilisi"}},"email":"kerim.arslanoglu@example.com","login":{"uuid":"819dda43-a63d-41f9-9e6e-e3806d7ecf70","username":"happyswan922","password":"trunks","salt":"QAp2d7LZ","md5":"81787944f5e14472bcb7bf5093023640","sha1":"2395e1c0d6d1b66a5d06125a263e42a9078d68e8","sha256":"a9fd26cd424c5be187615225c8a0f3fa55c8d2d91b1138f8c7c46865b2ffb8df"},"dob":{"date":"1955-12-03T10:51:14.595Z","age":68},"registered":{"date":"2012-12-21T08:53:23.719Z","age":11},"phone":"(484)-979-4043","cell":"(148)-109-0835","id":{"name":"","value":null},"picture":{"large":"https://randomuser.me/api/portraits/men/0.jpg","medium":"https://randomuser.me/api/portraits/med/men/0.jpg","thumbnail":"https://randomuser.me/api/portraits/thumb/men/0.jpg"},"nat":"TR"}],"info":{"seed":"835bd16168907c77","results":1,"page":1,"version":"1.4"}} 
 </msg>
<msg time="2024-04-07T02:23:52.183372" level="INFO">/opt/hostedtoolcache/Python/3.12.2/x64/lib/python3.12/site-packages/urllib3/connectionpool.py:1103: InsecureRequestWarning: Unverified HTTPS request is being made to host 'randomuser.me'. Adding certificate verification is strongly advised. See: https://urllib3.readthedocs.io/en/latest/advanced-usage.html#tls-warnings
  warnings.warn(</msg>
<msg time="2024-04-07T02:23:52.183496" level="INFO">${response} = &lt;Response [200]&gt;</msg>
<var>${response}</var>
<arg>consultarAPI</arg>
<arg>/api</arg>
<doc>Sends a GET request on a previously created HTTP Session.</doc>
<status status="PASS" start="2024-04-07T02:23:52.091170" elapsed="0.092378"/>
</kw>
<kw name="Set Variable" owner="BuiltIn">
<msg time="2024-04-07T02:23:52.184544" level="INFO">${json_data} = {'results': [{'gender': 'male', 'name': {'title': 'Mr', 'first': 'Kerim', 'last': 'Arslanoğlu'}, 'location': {'street': {'number': 8742, 'name': 'Bağdat Cd'}, 'city': 'Ordu', 'state': 'Erzincan', 'cou...</msg>
<var>${json_data}</var>
<arg>${response.json()}</arg>
<doc>Returns the given values which can then be assigned to a variables.</doc>
<status status="PASS" start="2024-04-07T02:23:52.184069" elapsed="0.000505"/>
</kw>
<kw name="Log" owner="BuiltIn">
<msg time="2024-04-07T02:23:52.185074" level="INFO">{'results': [{'gender': 'male', 'name': {'title': 'Mr', 'first': 'Kerim', 'last': 'Arslanoğlu'}, 'location': {'street': {'number': 8742, 'name': 'Bağdat Cd'}, 'city': 'Ordu', 'state': 'Erzincan', 'country': 'Turkey', 'postcode': 28266, 'coordinates': {'latitude': '68.6667', 'longitude': '-29.7920'}, 'timezone': {'offset': '+4:00', 'description': 'Abu Dhabi, Muscat, Baku, Tbilisi'}}, 'email': 'kerim.arslanoglu@example.com', 'login': {'uuid': '819dda43-a63d-41f9-9e6e-e3806d7ecf70', 'username': 'happyswan922', 'password': 'trunks', 'salt': 'QAp2d7LZ', 'md5': '81787944f5e14472bcb7bf5093023640', 'sha1': '2395e1c0d6d1b66a5d06125a263e42a9078d68e8', 'sha256': 'a9fd26cd424c5be187615225c8a0f3fa55c8d2d91b1138f8c7c46865b2ffb8df'}, 'dob': {'date': '1955-12-03T10:51:14.595Z', 'age': 68}, 'registered': {'date': '2012-12-21T08:53:23.719Z', 'age': 11}, 'phone': '(484)-979-4043', 'cell': '(148)-109-0835', 'id': {'name': '', 'value': None}, 'picture': {'large': 'https://randomuser.me/api/portraits/men/0.jpg', 'medium': 'https://randomuser.me/api/portraits/med/men/0.jpg', 'thumbnail': 'https://randomuser.me/api/portraits/thumb/men/0.jpg'}, 'nat': 'TR'}], 'info': {'seed': '835bd16168907c77', 'results': 1, 'page': 1, 'version': '1.4'}}</msg>
<arg>${json_data}</arg>
<doc>Logs the given message with the given level.</doc>
<status status="PASS" start="2024-04-07T02:23:52.184880" elapsed="0.000279"/>
</kw>
<kw name="Should Be Equal As Numbers" owner="BuiltIn">
<arg>${json_data['results'][0]['location']['postcode']}</arg>
<arg>${json_data['results'][0]['location']['postcode']}</arg>
<doc>Fails if objects are unequal after converting them to real numbers.</doc>
<status status="PASS" start="2024-04-07T02:23:52.185465" elapsed="0.000631"/>
</kw>
<kw name="Log" owner="BuiltIn">
<msg time="2024-04-07T02:23:52.186621" level="INFO">28266</msg>
<arg>${json_data['results'][0]['location']['postcode']}</arg>
<doc>Logs the given message with the given level.</doc>
<status status="PASS" start="2024-04-07T02:23:52.186287" elapsed="0.000374"/>
</kw>
<status status="PASS" start="2024-04-07T02:23:52.090828" elapsed="0.096088"/>
</kw>
<doc>Testa se os tipos de dados na resposta da API estão corretos.</doc>
<tag>testeTiposDados</tag>
<status status="PASS" start="2024-04-07T02:23:51.999445" elapsed="0.187637"/>
</test>
<test id="s1-s1-t5" name="Validar conteudo" line="35">
<kw name="Teste de Tipos de Conteudo" owner="random-user-service">
<kw name="GET On Session" owner="RequestsLibrary">
<msg time="2024-04-07T02:23:52.290750" level="INFO">GET Request : url=https://randomuser.me/api 
 path_url=/api 
 headers={'User-Agent': 'python-requests/2.31.0', 'Accept-Encoding': 'gzip, deflate', 'Accept': '*/*', 'Connection': 'keep-alive'} 
 body=None 
 </msg>
<msg time="2024-04-07T02:23:52.290859" level="INFO">GET Response : url=https://randomuser.me/api 
 status=200, reason=OK 
 headers={'Date': 'Sun, 07 Apr 2024 02:23:52 GMT', 'Content-Type': 'application/json; charset=utf-8', 'Transfer-Encoding': 'chunked', 'Connection': 'keep-alive', 'X-Powered-By': 'Express', 'Access-Control-Allow-Origin': '*', 'Cache-Control': 'no-cache', 'ETag': 'W/"485-MzedJGcSMQmr6OJER4+Exn40otk"', 'Vary': 'Accept-Encoding', 'Content-Encoding': 'gzip', 'CF-Cache-Status': 'DYNAMIC', 'Report-To': '{"endpoints":[{"url":"https:\\/\\/a.nel.cloudflare.com\\/report\\/v4?s=lUYwoq6TcDX9jVC8AOVtcNZDakcmP79sQQlRaucGyUcJmfqzJsSb%2FdAAX63A40s0VO67KjtNHlAvQX3vAAqOkIPi4ElI5mvLqPFXd80PU9E06pbm%2B6r68PffnFaxv1at"}],"group":"cf-nel","max_age":604800}', 'NEL': '{"success_fraction":0,"report_to":"cf-nel","max_age":604800}', 'Server': 'cloudflare', 'CF-RAY': '87068edf39962034-IAD', 'alt-svc': 'h3=":443"; ma=86400'} 
 body={"results":[{"gender":"female","name":{"title":"Madame","first":"Odile","last":"Aubert"},"location":{"street":{"number":2878,"name":"Avenue Debrousse"},"city":"Manno","state":"Solothurn","country":"Switzerland","postcode":1069,"coordinates":{"latitude":"-64.1432","longitude":"73.4510"},"timezone":{"offset":"+4:30","description":"Kabul"}},"email":"odile.aubert@example.com","login":{"uuid":"c0ea408a-085f-4ec5-8839-7e20fe002768","username":"organickoala909","password":"champ1","salt":"Ix75VvXG","md5":"a571637d6fa7b8c7be18e8d483a9ee3f","sha1":"18a9a654004d38f12e4213055cf64646241360de","sha256":"c5881fdcf706630e102f20fdc23ac8600618874244f183d0effc85b6e777ab8f"},"dob":{"date":"1954-10-06T23:02:27.537Z","age":69},"registered":{"date":"2003-04-30T16:21:15.110Z","age":20},"phone":"075 144 55 95","cell":"075 492 74 61","id":{"name":"AVS","value":"756.7419.7976.35"},"picture":{"large":"https://randomuser.me/api/portraits/women/95.jpg","medium":"https://randomuser.me/api/portraits/med/women/95.jpg","thumbnail":"https://randomuser.me/api/portraits/thumb/women/95.jpg"},"nat":"CH"}],"info":{"seed":"60e66b4f67f7dec7","results":1,"page":1,"version":"1.4"}} 
 </msg>
<msg time="2024-04-07T02:23:52.290935" level="INFO">/opt/hostedtoolcache/Python/3.12.2/x64/lib/python3.12/site-packages/urllib3/connectionpool.py:1103: InsecureRequestWarning: Unverified HTTPS request is being made to host 'randomuser.me'. Adding certificate verification is strongly advised. See: https://urllib3.readthedocs.io/en/latest/advanced-usage.html#tls-warnings
  warnings.warn(</msg>
<msg time="2024-04-07T02:23:52.291078" level="INFO">${response} = &lt;Response [200]&gt;</msg>
<var>${response}</var>
<arg>consultarAPI</arg>
<arg>/api</arg>
<doc>Sends a GET request on a previously created HTTP Session.</doc>
<status status="PASS" start="2024-04-07T02:23:52.189526" elapsed="0.101600"/>
</kw>
<kw name="Set Variable" owner="BuiltIn">
<msg time="2024-04-07T02:23:52.292150" level="INFO">${json_data} = {'results': [{'gender': 'female', 'name': {'title': 'Madame', 'first': 'Odile', 'last': 'Aubert'}, 'location': {'street': {'number': 2878, 'name': 'Avenue Debrousse'}, 'city': 'Manno', 'state': 'Solot...</msg>
<var>${json_data}</var>
<arg>${response.json()}</arg>
<doc>Returns the given values which can then be assigned to a variables.</doc>
<status status="PASS" start="2024-04-07T02:23:52.291640" elapsed="0.000539"/>
</kw>
<kw name="Set Variable" owner="BuiltIn">
<msg time="2024-04-07T02:23:52.292872" level="INFO">${name_title} = Madame</msg>
<var>${name_title}</var>
<arg>${json_data["results"][0]["name"]["title"]}</arg>
<doc>Returns the given values which can then be assigned to a variables.</doc>
<status status="PASS" start="2024-04-07T02:23:52.292484" elapsed="0.000413"/>
</kw>
<kw name="Create List" owner="BuiltIn">
<msg time="2024-04-07T02:23:52.293381" level="INFO">${allowed_titles} = ['Mr', 'Ms', 'Miss', 'Mrs', 'Madame', 'Monsieur']</msg>
<var>${allowed_titles}</var>
<arg>Mr</arg>
<arg>Ms</arg>
<arg>Miss</arg>
<arg>Mrs</arg>
<arg>Madame</arg>
<arg>Monsieur</arg>
<doc>Returns a list containing given items.</doc>
<status status="PASS" start="2024-04-07T02:23:52.293232" elapsed="0.000174"/>
</kw>
<kw name="List Should Contain Value" owner="Collections">
<msg time="2024-04-07T02:23:52.293879" level="INFO">False</msg>
<arg>${allowed_titles}</arg>
<arg>${name_title}</arg>
<doc>Fails if the ``value`` is not found from ``list``.</doc>
<status status="PASS" start="2024-04-07T02:23:52.293705" elapsed="0.000210"/>
</kw>
<kw name="Set Variable" owner="BuiltIn">
<msg time="2024-04-07T02:23:52.294584" level="INFO">${name_country} = CH</msg>
<var>${name_country}</var>
<arg>${json_data["results"][0]["nat"]}</arg>
<doc>Returns the given values which can then be assigned to a variables.</doc>
<status status="PASS" start="2024-04-07T02:23:52.294204" elapsed="0.000404"/>
</kw>
<kw name="Create List" owner="BuiltIn">
<msg time="2024-04-07T02:23:52.295522" level="INFO">${list_country} = ['AD', 'AE', 'AF', 'AG', 'AI', 'AL', 'AM', 'AO', 'AQ', 'AR', 'AS', 'AT', 'AU', 'AW', 'AX', 'AZ', 'BA', 'BB', 'BD', 'BE', 'BF', 'BG', 'BH', 'BI', 'BJ', 'BL', 'BM', 'BN', 'BO', 'BQ', 'BR', 'BS', 'BT', '...</msg>
<var>${list_country}</var>
<arg>AD</arg>
<arg>AE</arg>
<arg>AF</arg>
<arg>AG</arg>
<arg>AI</arg>
<arg>AL</arg>
<arg>AM</arg>
<arg>AO</arg>
<arg>AQ</arg>
<arg>AR</arg>
<arg>AS</arg>
<arg>AT</arg>
<arg>AU</arg>
<arg>AW</arg>
<arg>AX</arg>
<arg>AZ</arg>
<arg>BA</arg>
<arg>BB</arg>
<arg>BD</arg>
<arg>BE</arg>
<arg>BF</arg>
<arg>BG</arg>
<arg>BH</arg>
<arg>BI</arg>
<arg>BJ</arg>
<arg>BL</arg>
<arg>BM</arg>
<arg>BN</arg>
<arg>BO</arg>
<arg>BQ</arg>
<arg>BR</arg>
<arg>BS</arg>
<arg>BT</arg>
<arg>BV</arg>
<arg>BW</arg>
<arg>BY</arg>
<arg>BZ</arg>
<arg>CA</arg>
<arg>CC</arg>
<arg>CD</arg>
<arg>CF</arg>
<arg>CG</arg>
<arg>CH</arg>
<arg>CI</arg>
<arg>CK</arg>
<arg>CL</arg>
<arg>CM</arg>
<arg>CN</arg>
<arg>CO</arg>
<arg>CR</arg>
<arg>CU</arg>
<arg>CV</arg>
<arg>CW</arg>
<arg>CX</arg>
<arg>CY</arg>
<arg>CZ</arg>
<arg>DE</arg>
<arg>DJ</arg>
<arg>DK</arg>
<arg>DM</arg>
<arg>DO</arg>
<arg>DZ</arg>
<arg>EC</arg>
<arg>EE</arg>
<arg>EG</arg>
<arg>EH</arg>
<arg>ER</arg>
<arg>ES</arg>
<arg>ET</arg>
<arg>FI</arg>
<arg>FJ</arg>
<arg>FK</arg>
<arg>FM</arg>
<arg>FO</arg>
<arg>FR</arg>
<arg>GA</arg>
<arg>GB</arg>
<arg>GD</arg>
<arg>GE</arg>
<arg>GF</arg>
<arg>GG</arg>
<arg>GH</arg>
<arg>GI</arg>
<arg>GL</arg>
<arg>GM</arg>
<arg>GN</arg>
<arg>GP</arg>
<arg>GQ</arg>
<arg>GR</arg>
<arg>GS</arg>
<arg>GT</arg>
<arg>GU</arg>
<arg>GW</arg>
<arg>GY</arg>
<arg>HK</arg>
<arg>HM</arg>
<arg>HN</arg>
<arg>HR</arg>
<arg>HT</arg>
<arg>HU</arg>
<arg>ID</arg>
<arg>IE</arg>
<arg>IL</arg>
<arg>IM</arg>
<arg>IN</arg>
<arg>IO</arg>
<arg>IQ</arg>
<arg>IR</arg>
<arg>IS</arg>
<arg>IT</arg>
<arg>JE</arg>
<arg>JM</arg>
<arg>JO</arg>
<arg>JP</arg>
<arg>KE</arg>
<arg>KG</arg>
<arg>KH</arg>
<arg>KI</arg>
<arg>KM</arg>
<arg>KN</arg>
<arg>KP</arg>
<arg>KR</arg>
<arg>KW</arg>
<arg>KY</arg>
<arg>KZ</arg>
<arg>LA</arg>
<arg>LB</arg>
<arg>LC</arg>
<arg>LI</arg>
<arg>LK</arg>
<arg>LR</arg>
<arg>LS</arg>
<arg>LT</arg>
<arg>LU</arg>
<arg>LV</arg>
<arg>LY</arg>
<arg>MA</arg>
<arg>MC</arg>
<arg>MD</arg>
<arg>ME</arg>
<arg>MF</arg>
<arg>MG</arg>
<arg>MH</arg>
<arg>MK</arg>
<arg>ML</arg>
<arg>MM</arg>
<arg>MN</arg>
<arg>MO</arg>
<arg>MP</arg>
<arg>MQ</arg>
<arg>MR</arg>
<arg>MS</arg>
<arg>MT</arg>
<arg>MU</arg>
<arg>MV</arg>
<arg>MW</arg>
<arg>MX</arg>
<arg>MY</arg>
<arg>MZ</arg>
<arg>NA</arg>
<arg>NC</arg>
<arg>NE</arg>
<arg>NF</arg>
<arg>NG</arg>
<arg>NI</arg>
<arg>NL</arg>
<arg>NO</arg>
<arg>NP</arg>
<arg>NR</arg>
<arg>NU</arg>
<arg>NZ</arg>
<arg>OM</arg>
<arg>PA</arg>
<arg>PE</arg>
<arg>PF</arg>
<arg>PG</arg>
<arg>PH</arg>
<arg>PK</arg>
<arg>PL</arg>
<arg>PM</arg>
<arg>PN</arg>
<arg>PR</arg>
<arg>PS</arg>
<arg>PT</arg>
<arg>PW</arg>
<arg>PY</arg>
<arg>QA</arg>
<arg>RE</arg>
<arg>RO</arg>
<arg>RS</arg>
<arg>RU</arg>
<arg>RW</arg>
<arg>SA</arg>
<arg>SB</arg>
<arg>SC</arg>
<arg>SD</arg>
<arg>SE</arg>
<arg>SG</arg>
<arg>SH</arg>
<arg>SI</arg>
<arg>SJ</arg>
<arg>SK</arg>
<arg>SL</arg>
<arg>SM</arg>
<arg>SN</arg>
<arg>SO</arg>
<arg>SR</arg>
<arg>SS</arg>
<arg>ST</arg>
<arg>SV</arg>
<arg>SX</arg>
<arg>SY</arg>
<arg>SZ</arg>
<arg>TC</arg>
<arg>TD</arg>
<arg>TF</arg>
<arg>TG</arg>
<arg>TH</arg>
<arg>TJ</arg>
<arg>TK</arg>
<arg>TL</arg>
<arg>TM</arg>
<arg>TN</arg>
<arg>TO</arg>
<arg>TR</arg>
<arg>TT</arg>
<arg>TV</arg>
<arg>TW</arg>
<arg>TZ</arg>
<arg>UA</arg>
<arg>UG</arg>
<arg>UM</arg>
<arg>US</arg>
<arg>UY</arg>
<arg>UZ</arg>
<arg>VA</arg>
<arg>VC</arg>
<arg>VE</arg>
<arg>VG</arg>
<arg>VI</arg>
<arg>VN</arg>
<arg>VU</arg>
<arg>WF</arg>
<arg>WS</arg>
<arg>XK</arg>
<arg>YE</arg>
<arg>YT</arg>
<arg>ZA</arg>
<arg>ZM</arg>
<arg>ZW</arg>
<doc>Returns a list containing given items.</doc>
<status status="PASS" start="2024-04-07T02:23:52.294921" elapsed="0.000627"/>
</kw>
<kw name="List Should Contain Value" owner="Collections">
<msg time="2024-04-07T02:23:52.296667" level="INFO">False</msg>
<arg>${list_country}</arg>
<arg>${name_country}</arg>
<doc>Fails if the ``value`` is not found from ``list``.</doc>
<status status="PASS" start="2024-04-07T02:23:52.296464" elapsed="0.000240"/>
</kw>
<kw name="Run Keyword If" owner="BuiltIn">
<kw name="Should Be True" owner="BuiltIn">
<arg>${True}</arg>
<doc>Fails if the given condition is not true.</doc>
<status status="PASS" start="2024-04-07T02:23:52.297798" elapsed="0.000144"/>
</kw>
<arg>${json_data["results"][0]["location"]["coordinates"]["latitude"]} &gt;= -90 and ${json_data["results"][0]["location"]["coordinates"]["latitude"]} &lt;= 90</arg>
<arg>Should Be True</arg>
<arg>${True}</arg>
<doc>Runs the given keyword with the given arguments, if ``condition`` is true.</doc>
<status status="PASS" start="2024-04-07T02:23:52.297056" elapsed="0.001014"/>
</kw>
<kw name="Run Keyword If" owner="BuiltIn">
<kw name="Should Be True" owner="BuiltIn">
<arg>${True}</arg>
<doc>Fails if the given condition is not true.</doc>
<status status="PASS" start="2024-04-07T02:23:52.298958" elapsed="0.000141"/>
</kw>
<arg>${json_data["results"][0]["location"]["coordinates"]["longitude"]} &gt;= -180 and ${json_data["results"][0]["location"]["coordinates"]["longitude"]} &lt;= 180</arg>
<arg>Should Be True</arg>
<arg>${True}</arg>
<doc>Runs the given keyword with the given arguments, if ``condition`` is true.</doc>
<status status="PASS" start="2024-04-07T02:23:52.298254" elapsed="0.000972"/>
</kw>
<status status="PASS" start="2024-04-07T02:23:52.189303" elapsed="0.110057"/>
</kw>
<doc>Testa o conteúdo específico dos campos retornados pela API.</doc>
<tag>testeConteudo</tag>
<status status="PASS" start="2024-04-07T02:23:52.188822" elapsed="0.110692"/>
</test>
<status status="PASS" start="2024-04-07T02:23:51.481374" elapsed="0.820101"/>
</suite>
<status status="PASS" start="2024-04-07T02:23:51.467833" elapsed="0.838975"/>
</suite>
<statistics>
<total>
<stat pass="5" fail="0" skip="0">All Tests</stat>
</total>
<tag>
<stat pass="1" fail="0" skip="0">testeConteudo</stat>
<stat pass="1" fail="0" skip="0">testeEstruturaResposta</stat>
<stat pass="1" fail="0" skip="0">testeRequisicaoBasica</stat>
<stat pass="1" fail="0" skip="0">testeTiposDados</stat>
</tag>
<suite>
<stat pass="5" fail="0" skip="0" id="s1" name="Tests">Tests</stat>
<stat pass="5" fail="0" skip="0" id="s1-s1" name="Random-User-Test">Tests.Random-User-Test</stat>
</suite>
</statistics>
<errors>
</errors>
</robot>
