<?xml version="1.0" encoding="UTF-8"?>
<robot generator="Robot 7.0.1 (Python 3.12.4 on linux)" generated="2024-06-23T10:16:25.187878" rpa="false" schemaversion="5">
<suite id="s1" name="Tests" source="/home/runner/work/ApiRandomUser/ApiRandomUser/RamdonUser/tests">
<suite id="s1-s1" name="Random-User-Test" source="/home/runner/work/ApiRandomUser/ApiRandomUser/RamdonUser/tests/random-user-test.robot">
<test id="s1-s1-t1" name="Conectar" line="13">
<kw name="Conectar API" owner="random-user-service">
<kw name="Create Session" owner="RequestsLibrary">
<msg time="2024-06-23T10:16:25.581666" level="INFO">Creating Session using : alias=consultarAPI, url=https://randomuser.me/, headers={},                     cookies={}, auth=None, timeout=None, proxies=None, verify=False,                     debug=0 </msg>
<arg>consultarAPI</arg>
<arg>${URL}</arg>
<doc>Create Session: create a HTTP session to a server</doc>
<status status="PASS" start="2024-06-23T10:16:25.581456" elapsed="0.000395"/>
</kw>
<status status="PASS" start="2024-06-23T10:16:25.580437" elapsed="0.001779"/>
</kw>
<status status="PASS" start="2024-06-23T10:16:25.579808" elapsed="0.002599"/>
</test>
<test id="s1-s1-t2" name="Validar retorno 200 e JSON Válido" line="16">
<kw name="Teste de Requisicao Basica" owner="random-user-service">
<kw name="GET On Session" owner="RequestsLibrary">
<msg time="2024-06-23T10:16:25.705012" level="INFO">GET Request : url=https://randomuser.me/api 
 path_url=/api 
 headers={'User-Agent': 'python-requests/2.32.3', 'Accept-Encoding': 'gzip, deflate', 'Accept': '*/*', 'Connection': 'keep-alive'} 
 body=None 
 </msg>
<msg time="2024-06-23T10:16:25.705182" level="INFO">GET Response : url=https://randomuser.me/api 
 status=200, reason=OK 
 headers={'Date': 'Sun, 23 Jun 2024 10:16:25 GMT', 'Content-Type': 'application/json; charset=utf-8', 'Transfer-Encoding': 'chunked', 'Connection': 'keep-alive', 'X-Powered-By': 'Express', 'Access-Control-Allow-Origin': '*', 'Cache-Control': 'no-cache', 'ETag': 'W/"490-7lPZ7dwm+fpUcenLIXgb9lu8mxg"', 'Vary': 'Accept-Encoding', 'Content-Encoding': 'gzip', 'CF-Cache-Status': 'DYNAMIC', 'Report-To': '{"endpoints":[{"url":"https:\\/\\/a.nel.cloudflare.com\\/report\\/v4?s=GoXKSvpi02vV3TrHgPGVqDYJRgSMlCI86B9IzL%2FY9S5AxhtP9X3x53Rj38EMaKMMiMX8JVKQ0WLEfTPKQO%2Bh8R1a5Ycx89Xcrt6xsB1xQ5yDdsll8Ih4yUVPhySpnzMf"}],"group":"cf-nel","max_age":604800}', 'NEL': '{"success_fraction":0,"report_to":"cf-nel","max_age":604800}', 'Server': 'cloudflare', 'CF-RAY': '8983b8f818aa9698-SJC', 'alt-svc': 'h3=":443"; ma=86400'} 
 body={"results":[{"gender":"male","name":{"title":"Mr","first":"Tristan","last":"Margaret"},"location":{"street":{"number":4578,"name":"15th St"},"city":"Campbellton","state":"Saskatchewan","country":"Canada","postcode":"P1I 9Y4","coordinates":{"latitude":"-72.8527","longitude":"-145.9098"},"timezone":{"offset":"-7:00","description":"Mountain Time (US &amp; Canada)"}},"email":"tristan.margaret@example.com","login":{"uuid":"ea3701d7-0ece-4a9c-94c6-3d11935afc5c","username":"silverkoala306","password":"denmark","salt":"a6V3OMWg","md5":"e4c9b706f468fb3f0868ea9c881774c3","sha1":"786f76e8a97c17b76b456da0362bbce3c43fef3a","sha256":"d4fc629996b7ab3ee19a2a4a1dbef12aeaa1c6b7cc62a09f972dd2a2e4bc95e2"},"dob":{"date":"1993-09-21T09:29:08.494Z","age":30},"registered":{"date":"2004-06-12T05:39:38.648Z","age":20},"phone":"P23 Q97-3783","cell":"Q86 T53-4355","id":{"name":"SIN","value":"530869932"},"picture":{"large":"https://randomuser.me/api/portraits/men/12.jpg","medium":"https://randomuser.me/api/portraits/med/men/12.jpg","thumbnail":"https://randomuser.me/api/portraits/thumb/men/12.jpg"},"nat":"CA"}],"info":{"seed":"a77d9b36321198e0","results":1,"page":1,"version":"1.4"}} 
 </msg>
<msg time="2024-06-23T10:16:25.705278" level="INFO">/opt/hostedtoolcache/Python/3.12.4/x64/lib/python3.12/site-packages/urllib3/connectionpool.py:1099: InsecureRequestWarning: Unverified HTTPS request is being made to host 'randomuser.me'. Adding certificate verification is strongly advised. See: https://urllib3.readthedocs.io/en/latest/advanced-usage.html#tls-warnings
  warnings.warn(</msg>
<msg time="2024-06-23T10:16:25.705424" level="INFO">${response} = &lt;Response [200]&gt;</msg>
<var>${response}</var>
<arg>consultarAPI</arg>
<arg>/api</arg>
<doc>Sends a GET request on a previously created HTTP Session.</doc>
<status status="PASS" start="2024-06-23T10:16:25.585078" elapsed="0.120388"/>
</kw>
<kw name="Should Be Equal As Numbers" owner="BuiltIn">
<msg time="2024-06-23T10:16:25.706444" level="INFO">Argument types are:
&lt;class 'int'&gt;
&lt;class 'str'&gt;</msg>
<arg>${response.status_code}</arg>
<arg>200</arg>
<doc>Fails if objects are unequal after converting them to real numbers.</doc>
<status status="PASS" start="2024-06-23T10:16:25.705983" elapsed="0.000530"/>
</kw>
<kw name="Log" owner="BuiltIn">
<msg time="2024-06-23T10:16:25.707183" level="INFO">200</msg>
<arg>${response.status_code}</arg>
<doc>Logs the given message with the given level.</doc>
<status status="PASS" start="2024-06-23T10:16:25.706830" elapsed="0.000394"/>
</kw>
<kw name="Set Variable" owner="BuiltIn">
<msg time="2024-06-23T10:16:25.707961" level="INFO">${json_data} = {'results': [{'gender': 'male', 'name': {'title': 'Mr', 'first': 'Tristan', 'last': 'Margaret'}, 'location': {'street': {'number': 4578, 'name': '15th St'}, 'city': 'Campbellton', 'state': 'Saskatchew...</msg>
<var>${json_data}</var>
<arg>${response.json()}</arg>
<doc>Returns the given values which can then be assigned to a variables.</doc>
<status status="PASS" start="2024-06-23T10:16:25.707526" elapsed="0.000463"/>
</kw>
<kw name="Dictionary Should Contain Key" owner="Collections">
<arg>${json_data}</arg>
<arg>results</arg>
<doc>Fails if ``key`` is not found from ``dictionary``.</doc>
<status status="PASS" start="2024-06-23T10:16:25.708286" elapsed="0.000169"/>
</kw>
<status status="PASS" start="2024-06-23T10:16:25.584800" elapsed="0.123807"/>
</kw>
<doc>Testa se a API responde corretamente e retorna um objeto JSON válido.</doc>
<tag>testeRequisicaoBasica</tag>
<status status="PASS" start="2024-06-23T10:16:25.584280" elapsed="0.124506"/>
</test>
<test id="s1-s1-t3" name="Validar estrutura de resposta" line="22">
<kw name="Teste de Estrutura de Resposta" owner="random-user-service">
<kw name="GET On Session" owner="RequestsLibrary">
<msg time="2024-06-23T10:16:25.812626" level="INFO">GET Request : url=https://randomuser.me/api 
 path_url=/api 
 headers={'User-Agent': 'python-requests/2.32.3', 'Accept-Encoding': 'gzip, deflate', 'Accept': '*/*', 'Connection': 'keep-alive'} 
 body=None 
 </msg>
<msg time="2024-06-23T10:16:25.812723" level="INFO">GET Response : url=https://randomuser.me/api 
 status=200, reason=OK 
 headers={'Date': 'Sun, 23 Jun 2024 10:16:25 GMT', 'Content-Type': 'application/json; charset=utf-8', 'Transfer-Encoding': 'chunked', 'Connection': 'keep-alive', 'X-Powered-By': 'Express', 'Access-Control-Allow-Origin': '*', 'Cache-Control': 'no-cache', 'ETag': 'W/"48f-dlWnff6+JY4LZVKHGUDuE1Rw6Qw"', 'Vary': 'Accept-Encoding', 'Content-Encoding': 'gzip', 'CF-Cache-Status': 'DYNAMIC', 'Report-To': '{"endpoints":[{"url":"https:\\/\\/a.nel.cloudflare.com\\/report\\/v4?s=m%2Fqu12mf1lDBpPJVcVW3i9j2upLNk5QvqBYvfemwdYima1IcwbkhXJPj5Of23EBzNZ7CO%2B280%2BJKMzqTBlRQhHjXngYqs8C8MlD%2F5yyI5KhHy28ontY4dkv0UP7SOggp"}],"group":"cf-nel","max_age":604800}', 'NEL': '{"success_fraction":0,"report_to":"cf-nel","max_age":604800}', 'Server': 'cloudflare', 'CF-RAY': '8983b8f8b8f09698-SJC', 'alt-svc': 'h3=":443"; ma=86400'} 
 body={"results":[{"gender":"female","name":{"title":"Miss","first":"Ellen","last":"Sønstebø"},"location":{"street":{"number":3573,"name":"Einars vei"},"city":"Reine","state":"Aust-Agder","country":"Norway","postcode":"1511","coordinates":{"latitude":"42.7287","longitude":"39.6276"},"timezone":{"offset":"+10:00","description":"Eastern Australia, Guam, Vladivostok"}},"email":"ellen.sonstebo@example.com","login":{"uuid":"4d4f5291-9203-45c8-89ec-622fd4cee131","username":"smallgorilla242","password":"tipper","salt":"iapxWIIK","md5":"168b04cae341ba44edc226b664d5b5d5","sha1":"30a6687fc7c5e1c00ff55a9bd70ad5ae95bbd48c","sha256":"a06900233dbcfb2050df2231dcce00ae47afcb7af48965828526da382d56a018"},"dob":{"date":"1955-01-01T16:52:54.806Z","age":69},"registered":{"date":"2021-05-14T12:17:33.272Z","age":3},"phone":"37980200","cell":"41734126","id":{"name":"FN","value":"01015515852"},"picture":{"large":"https://randomuser.me/api/portraits/women/79.jpg","medium":"https://randomuser.me/api/portraits/med/women/79.jpg","thumbnail":"https://randomuser.me/api/portraits/thumb/women/79.jpg"},"nat":"NO"}],"info":{"seed":"7f517f925da7e149","results":1,"page":1,"version":"1.4"}} 
 </msg>
<msg time="2024-06-23T10:16:25.812872" level="INFO">/opt/hostedtoolcache/Python/3.12.4/x64/lib/python3.12/site-packages/urllib3/connectionpool.py:1099: InsecureRequestWarning: Unverified HTTPS request is being made to host 'randomuser.me'. Adding certificate verification is strongly advised. See: https://urllib3.readthedocs.io/en/latest/advanced-usage.html#tls-warnings
  warnings.warn(</msg>
<msg time="2024-06-23T10:16:25.813000" level="INFO">${response} = &lt;Response [200]&gt;</msg>
<var>${response}</var>
<arg>consultarAPI</arg>
<arg>/api</arg>
<doc>Sends a GET request on a previously created HTTP Session.</doc>
<status status="PASS" start="2024-06-23T10:16:25.711397" elapsed="0.101645"/>
</kw>
<kw name="Set Variable" owner="BuiltIn">
<msg time="2024-06-23T10:16:25.814066" level="INFO">${json_data} = {'results': [{'gender': 'female', 'name': {'title': 'Miss', 'first': 'Ellen', 'last': 'Sønstebø'}, 'location': {'street': {'number': 3573, 'name': 'Einars vei'}, 'city': 'Reine', 'state': 'Aust-Agder'...</msg>
<var>${json_data}</var>
<arg>${response.json()}</arg>
<doc>Returns the given values which can then be assigned to a variables.</doc>
<status status="PASS" start="2024-06-23T10:16:25.813543" elapsed="0.000552"/>
</kw>
<kw name="Log" owner="BuiltIn">
<msg time="2024-06-23T10:16:25.814571" level="INFO">{'results': [{'gender': 'female', 'name': {'title': 'Miss', 'first': 'Ellen', 'last': 'Sønstebø'}, 'location': {'street': {'number': 3573, 'name': 'Einars vei'}, 'city': 'Reine', 'state': 'Aust-Agder', 'country': 'Norway', 'postcode': '1511', 'coordinates': {'latitude': '42.7287', 'longitude': '39.6276'}, 'timezone': {'offset': '+10:00', 'description': 'Eastern Australia, Guam, Vladivostok'}}, 'email': 'ellen.sonstebo@example.com', 'login': {'uuid': '4d4f5291-9203-45c8-89ec-622fd4cee131', 'username': 'smallgorilla242', 'password': 'tipper', 'salt': 'iapxWIIK', 'md5': '168b04cae341ba44edc226b664d5b5d5', 'sha1': '30a6687fc7c5e1c00ff55a9bd70ad5ae95bbd48c', 'sha256': 'a06900233dbcfb2050df2231dcce00ae47afcb7af48965828526da382d56a018'}, 'dob': {'date': '1955-01-01T16:52:54.806Z', 'age': 69}, 'registered': {'date': '2021-05-14T12:17:33.272Z', 'age': 3}, 'phone': '37980200', 'cell': '41734126', 'id': {'name': 'FN', 'value': '01015515852'}, 'picture': {'large': 'https://randomuser.me/api/portraits/women/79.jpg', 'medium': 'https://randomuser.me/api/portraits/med/women/79.jpg', 'thumbnail': 'https://randomuser.me/api/portraits/thumb/women/79.jpg'}, 'nat': 'NO'}], 'info': {'seed': '7f517f925da7e149', 'results': 1, 'page': 1, 'version': '1.4'}}</msg>
<arg>${json_data}</arg>
<doc>Logs the given message with the given level.</doc>
<status status="PASS" start="2024-06-23T10:16:25.814406" elapsed="0.000215"/>
</kw>
<kw name="Dictionary Should Contain Key" owner="Collections">
<arg>${json_data}</arg>
<arg>results</arg>
<doc>Fails if ``key`` is not found from ``dictionary``.</doc>
<status status="PASS" start="2024-06-23T10:16:25.814918" elapsed="0.000160"/>
</kw>
<kw name="Should Not Be Empty" owner="BuiltIn">
<msg time="2024-06-23T10:16:25.815382" level="INFO">Length is 2.</msg>
<arg>${json_data}</arg>
<doc>Verifies that the given item is not empty.</doc>
<status status="PASS" start="2024-06-23T10:16:25.815260" elapsed="0.000161"/>
</kw>
<kw name="Create List" owner="BuiltIn">
<msg time="2024-06-23T10:16:25.816061" level="INFO">${expected_keys} = ['gender', 'name', 'location', 'email', 'login']</msg>
<var>${expected_keys}</var>
<arg>gender</arg>
<arg>name</arg>
<arg>location</arg>
<arg>email</arg>
<arg>login</arg>
<doc>Returns a list containing given items.</doc>
<status status="PASS" start="2024-06-23T10:16:25.815753" elapsed="0.000332"/>
</kw>
<for flavor="IN">
<iter>
<kw name="Dictionary Should Contain Key" owner="Collections">
<arg>${json_data['results'][0]}</arg>
<arg>${key}</arg>
<doc>Fails if ``key`` is not found from ``dictionary``.</doc>
<status status="PASS" start="2024-06-23T10:16:25.816689" elapsed="0.000440"/>
</kw>
<kw name="Log" owner="BuiltIn">
<msg time="2024-06-23T10:16:25.817681" level="INFO">{'gender': 'female', 'name': {'title': 'Miss', 'first': 'Ellen', 'last': 'Sønstebø'}, 'location': {'street': {'number': 3573, 'name': 'Einars vei'}, 'city': 'Reine', 'state': 'Aust-Agder', 'country': 'Norway', 'postcode': '1511', 'coordinates': {'latitude': '42.7287', 'longitude': '39.6276'}, 'timezone': {'offset': '+10:00', 'description': 'Eastern Australia, Guam, Vladivostok'}}, 'email': 'ellen.sonstebo@example.com', 'login': {'uuid': '4d4f5291-9203-45c8-89ec-622fd4cee131', 'username': 'smallgorilla242', 'password': 'tipper', 'salt': 'iapxWIIK', 'md5': '168b04cae341ba44edc226b664d5b5d5', 'sha1': '30a6687fc7c5e1c00ff55a9bd70ad5ae95bbd48c', 'sha256': 'a06900233dbcfb2050df2231dcce00ae47afcb7af48965828526da382d56a018'}, 'dob': {'date': '1955-01-01T16:52:54.806Z', 'age': 69}, 'registered': {'date': '2021-05-14T12:17:33.272Z', 'age': 3}, 'phone': '37980200', 'cell': '41734126', 'id': {'name': 'FN', 'value': '01015515852'}, 'picture': {'large': 'https://randomuser.me/api/portraits/women/79.jpg', 'medium': 'https://randomuser.me/api/portraits/med/women/79.jpg', 'thumbnail': 'https://randomuser.me/api/portraits/thumb/women/79.jpg'}, 'nat': 'NO'}</msg>
<arg>${json_data['results'][0]}</arg>
<doc>Logs the given message with the given level.</doc>
<status status="PASS" start="2024-06-23T10:16:25.817323" elapsed="0.000409"/>
</kw>
<kw name="Log" owner="BuiltIn">
<msg time="2024-06-23T10:16:25.818167" level="INFO">gender</msg>
<arg>${key}</arg>
<doc>Logs the given message with the given level.</doc>
<status status="PASS" start="2024-06-23T10:16:25.818038" elapsed="0.000166"/>
</kw>
<var name="${key}">gender</var>
<status status="PASS" start="2024-06-23T10:16:25.816557" elapsed="0.001865"/>
</iter>
<iter>
<kw name="Dictionary Should Contain Key" owner="Collections">
<arg>${json_data['results'][0]}</arg>
<arg>${key}</arg>
<doc>Fails if ``key`` is not found from ``dictionary``.</doc>
<status status="PASS" start="2024-06-23T10:16:25.818717" elapsed="0.000385"/>
</kw>
<kw name="Log" owner="BuiltIn">
<msg time="2024-06-23T10:16:25.819646" level="INFO">{'gender': 'female', 'name': {'title': 'Miss', 'first': 'Ellen', 'last': 'Sønstebø'}, 'location': {'street': {'number': 3573, 'name': 'Einars vei'}, 'city': 'Reine', 'state': 'Aust-Agder', 'country': 'Norway', 'postcode': '1511', 'coordinates': {'latitude': '42.7287', 'longitude': '39.6276'}, 'timezone': {'offset': '+10:00', 'description': 'Eastern Australia, Guam, Vladivostok'}}, 'email': 'ellen.sonstebo@example.com', 'login': {'uuid': '4d4f5291-9203-45c8-89ec-622fd4cee131', 'username': 'smallgorilla242', 'password': 'tipper', 'salt': 'iapxWIIK', 'md5': '168b04cae341ba44edc226b664d5b5d5', 'sha1': '30a6687fc7c5e1c00ff55a9bd70ad5ae95bbd48c', 'sha256': 'a06900233dbcfb2050df2231dcce00ae47afcb7af48965828526da382d56a018'}, 'dob': {'date': '1955-01-01T16:52:54.806Z', 'age': 69}, 'registered': {'date': '2021-05-14T12:17:33.272Z', 'age': 3}, 'phone': '37980200', 'cell': '41734126', 'id': {'name': 'FN', 'value': '01015515852'}, 'picture': {'large': 'https://randomuser.me/api/portraits/women/79.jpg', 'medium': 'https://randomuser.me/api/portraits/med/women/79.jpg', 'thumbnail': 'https://randomuser.me/api/portraits/thumb/women/79.jpg'}, 'nat': 'NO'}</msg>
<arg>${json_data['results'][0]}</arg>
<doc>Logs the given message with the given level.</doc>
<status status="PASS" start="2024-06-23T10:16:25.819288" elapsed="0.000441"/>
</kw>
<kw name="Log" owner="BuiltIn">
<msg time="2024-06-23T10:16:25.820151" level="INFO">name</msg>
<arg>${key}</arg>
<doc>Logs the given message with the given level.</doc>
<status status="PASS" start="2024-06-23T10:16:25.820025" elapsed="0.000165"/>
</kw>
<var name="${key}">name</var>
<status status="PASS" start="2024-06-23T10:16:25.818607" elapsed="0.001803"/>
</iter>
<iter>
<kw name="Dictionary Should Contain Key" owner="Collections">
<arg>${json_data['results'][0]}</arg>
<arg>${key}</arg>
<doc>Fails if ``key`` is not found from ``dictionary``.</doc>
<status status="PASS" start="2024-06-23T10:16:25.820719" elapsed="0.000480"/>
</kw>
<kw name="Log" owner="BuiltIn">
<msg time="2024-06-23T10:16:25.821920" level="INFO">{'gender': 'female', 'name': {'title': 'Miss', 'first': 'Ellen', 'last': 'Sønstebø'}, 'location': {'street': {'number': 3573, 'name': 'Einars vei'}, 'city': 'Reine', 'state': 'Aust-Agder', 'country': 'Norway', 'postcode': '1511', 'coordinates': {'latitude': '42.7287', 'longitude': '39.6276'}, 'timezone': {'offset': '+10:00', 'description': 'Eastern Australia, Guam, Vladivostok'}}, 'email': 'ellen.sonstebo@example.com', 'login': {'uuid': '4d4f5291-9203-45c8-89ec-622fd4cee131', 'username': 'smallgorilla242', 'password': 'tipper', 'salt': 'iapxWIIK', 'md5': '168b04cae341ba44edc226b664d5b5d5', 'sha1': '30a6687fc7c5e1c00ff55a9bd70ad5ae95bbd48c', 'sha256': 'a06900233dbcfb2050df2231dcce00ae47afcb7af48965828526da382d56a018'}, 'dob': {'date': '1955-01-01T16:52:54.806Z', 'age': 69}, 'registered': {'date': '2021-05-14T12:17:33.272Z', 'age': 3}, 'phone': '37980200', 'cell': '41734126', 'id': {'name': 'FN', 'value': '01015515852'}, 'picture': {'large': 'https://randomuser.me/api/portraits/women/79.jpg', 'medium': 'https://randomuser.me/api/portraits/med/women/79.jpg', 'thumbnail': 'https://randomuser.me/api/portraits/thumb/women/79.jpg'}, 'nat': 'NO'}</msg>
<arg>${json_data['results'][0]}</arg>
<doc>Logs the given message with the given level.</doc>
<status status="PASS" start="2024-06-23T10:16:25.821475" elapsed="0.000496"/>
</kw>
<kw name="Log" owner="BuiltIn">
<msg time="2024-06-23T10:16:25.822399" level="INFO">location</msg>
<arg>${key}</arg>
<doc>Logs the given message with the given level.</doc>
<status status="PASS" start="2024-06-23T10:16:25.822270" elapsed="0.000167"/>
</kw>
<var name="${key}">location</var>
<status status="PASS" start="2024-06-23T10:16:25.820586" elapsed="0.002071"/>
</iter>
<iter>
<kw name="Dictionary Should Contain Key" owner="Collections">
<arg>${json_data['results'][0]}</arg>
<arg>${key}</arg>
<doc>Fails if ``key`` is not found from ``dictionary``.</doc>
<status status="PASS" start="2024-06-23T10:16:25.822940" elapsed="0.000381"/>
</kw>
<kw name="Log" owner="BuiltIn">
<msg time="2024-06-23T10:16:25.823872" level="INFO">{'gender': 'female', 'name': {'title': 'Miss', 'first': 'Ellen', 'last': 'Sønstebø'}, 'location': {'street': {'number': 3573, 'name': 'Einars vei'}, 'city': 'Reine', 'state': 'Aust-Agder', 'country': 'Norway', 'postcode': '1511', 'coordinates': {'latitude': '42.7287', 'longitude': '39.6276'}, 'timezone': {'offset': '+10:00', 'description': 'Eastern Australia, Guam, Vladivostok'}}, 'email': 'ellen.sonstebo@example.com', 'login': {'uuid': '4d4f5291-9203-45c8-89ec-622fd4cee131', 'username': 'smallgorilla242', 'password': 'tipper', 'salt': 'iapxWIIK', 'md5': '168b04cae341ba44edc226b664d5b5d5', 'sha1': '30a6687fc7c5e1c00ff55a9bd70ad5ae95bbd48c', 'sha256': 'a06900233dbcfb2050df2231dcce00ae47afcb7af48965828526da382d56a018'}, 'dob': {'date': '1955-01-01T16:52:54.806Z', 'age': 69}, 'registered': {'date': '2021-05-14T12:17:33.272Z', 'age': 3}, 'phone': '37980200', 'cell': '41734126', 'id': {'name': 'FN', 'value': '01015515852'}, 'picture': {'large': 'https://randomuser.me/api/portraits/women/79.jpg', 'medium': 'https://randomuser.me/api/portraits/med/women/79.jpg', 'thumbnail': 'https://randomuser.me/api/portraits/thumb/women/79.jpg'}, 'nat': 'NO'}</msg>
<arg>${json_data['results'][0]}</arg>
<doc>Logs the given message with the given level.</doc>
<status status="PASS" start="2024-06-23T10:16:25.823508" elapsed="0.000418"/>
</kw>
<kw name="Log" owner="BuiltIn">
<msg time="2024-06-23T10:16:25.824345" level="INFO">email</msg>
<arg>${key}</arg>
<doc>Logs the given message with the given level.</doc>
<status status="PASS" start="2024-06-23T10:16:25.824219" elapsed="0.000164"/>
</kw>
<var name="${key}">email</var>
<status status="PASS" start="2024-06-23T10:16:25.822834" elapsed="0.001765"/>
</iter>
<iter>
<kw name="Dictionary Should Contain Key" owner="Collections">
<arg>${json_data['results'][0]}</arg>
<arg>${key}</arg>
<doc>Fails if ``key`` is not found from ``dictionary``.</doc>
<status status="PASS" start="2024-06-23T10:16:25.824898" elapsed="0.000390"/>
</kw>
<kw name="Log" owner="BuiltIn">
<msg time="2024-06-23T10:16:25.825817" level="INFO">{'gender': 'female', 'name': {'title': 'Miss', 'first': 'Ellen', 'last': 'Sønstebø'}, 'location': {'street': {'number': 3573, 'name': 'Einars vei'}, 'city': 'Reine', 'state': 'Aust-Agder', 'country': 'Norway', 'postcode': '1511', 'coordinates': {'latitude': '42.7287', 'longitude': '39.6276'}, 'timezone': {'offset': '+10:00', 'description': 'Eastern Australia, Guam, Vladivostok'}}, 'email': 'ellen.sonstebo@example.com', 'login': {'uuid': '4d4f5291-9203-45c8-89ec-622fd4cee131', 'username': 'smallgorilla242', 'password': 'tipper', 'salt': 'iapxWIIK', 'md5': '168b04cae341ba44edc226b664d5b5d5', 'sha1': '30a6687fc7c5e1c00ff55a9bd70ad5ae95bbd48c', 'sha256': 'a06900233dbcfb2050df2231dcce00ae47afcb7af48965828526da382d56a018'}, 'dob': {'date': '1955-01-01T16:52:54.806Z', 'age': 69}, 'registered': {'date': '2021-05-14T12:17:33.272Z', 'age': 3}, 'phone': '37980200', 'cell': '41734126', 'id': {'name': 'FN', 'value': '01015515852'}, 'picture': {'large': 'https://randomuser.me/api/portraits/women/79.jpg', 'medium': 'https://randomuser.me/api/portraits/med/women/79.jpg', 'thumbnail': 'https://randomuser.me/api/portraits/thumb/women/79.jpg'}, 'nat': 'NO'}</msg>
<arg>${json_data['results'][0]}</arg>
<doc>Logs the given message with the given level.</doc>
<status status="PASS" start="2024-06-23T10:16:25.825469" elapsed="0.000397"/>
</kw>
<kw name="Log" owner="BuiltIn">
<msg time="2024-06-23T10:16:25.826294" level="INFO">login</msg>
<arg>${key}</arg>
<doc>Logs the given message with the given level.</doc>
<status status="PASS" start="2024-06-23T10:16:25.826168" elapsed="0.000164"/>
</kw>
<var name="${key}">login</var>
<status status="PASS" start="2024-06-23T10:16:25.824769" elapsed="0.001777"/>
</iter>
<var>${key}</var>
<value>@{expected_keys}</value>
<status status="PASS" start="2024-06-23T10:16:25.816355" elapsed="0.010312"/>
</for>
<kw name="Create List" owner="BuiltIn">
<msg time="2024-06-23T10:16:25.826994" level="INFO">${expected_keysTwo} = ['username', 'password']</msg>
<var>${expected_keysTwo}</var>
<arg>username</arg>
<arg>password</arg>
<doc>Returns a list containing given items.</doc>
<status status="PASS" start="2024-06-23T10:16:25.826854" elapsed="0.000202"/>
</kw>
<for flavor="IN">
<iter>
<kw name="Dictionary Should Contain Key" owner="Collections">
<arg>${json_data['results'][0]['login']}</arg>
<arg>${keyTwo}</arg>
<doc>Fails if ``key`` is not found from ``dictionary``.</doc>
<status status="PASS" start="2024-06-23T10:16:25.827562" elapsed="0.000386"/>
</kw>
<kw name="Dictionary Should Contain Key" owner="Collections">
<arg>${json_data['results'][0]['login']}</arg>
<arg>${keyTwo}</arg>
<doc>Fails if ``key`` is not found from ``dictionary``.</doc>
<status status="PASS" start="2024-06-23T10:16:25.828134" elapsed="0.000369"/>
</kw>
<kw name="Log" owner="BuiltIn">
<msg time="2024-06-23T10:16:25.828797" level="INFO">username</msg>
<arg>${keyTwo}</arg>
<doc>Logs the given message with the given level.</doc>
<status status="PASS" start="2024-06-23T10:16:25.828678" elapsed="0.000182"/>
</kw>
<var name="${keyTwo}">username</var>
<status status="PASS" start="2024-06-23T10:16:25.827456" elapsed="0.001642"/>
</iter>
<iter>
<kw name="Dictionary Should Contain Key" owner="Collections">
<arg>${json_data['results'][0]['login']}</arg>
<arg>${keyTwo}</arg>
<doc>Fails if ``key`` is not found from ``dictionary``.</doc>
<status status="PASS" start="2024-06-23T10:16:25.829373" elapsed="0.000384"/>
</kw>
<kw name="Dictionary Should Contain Key" owner="Collections">
<arg>${json_data['results'][0]['login']}</arg>
<arg>${keyTwo}</arg>
<doc>Fails if ``key`` is not found from ``dictionary``.</doc>
<status status="PASS" start="2024-06-23T10:16:25.829931" elapsed="0.000374"/>
</kw>
<kw name="Log" owner="BuiltIn">
<msg time="2024-06-23T10:16:25.830597" level="INFO">password</msg>
<arg>${keyTwo}</arg>
<doc>Logs the given message with the given level.</doc>
<status status="PASS" start="2024-06-23T10:16:25.830480" elapsed="0.000155"/>
</kw>
<var name="${keyTwo}">password</var>
<status status="PASS" start="2024-06-23T10:16:25.829269" elapsed="0.001681"/>
</iter>
<var>${keyTwo}</var>
<value>@{expected_keysTwo}</value>
<status status="PASS" start="2024-06-23T10:16:25.827302" elapsed="0.003769"/>
</for>
<status status="PASS" start="2024-06-23T10:16:25.711165" elapsed="0.120048"/>
</kw>
<doc>Testa a estrutura da resposta da API.</doc>
<tag>testeEstruturaResposta</tag>
<status status="PASS" start="2024-06-23T10:16:25.710637" elapsed="0.120734"/>
</test>
<test id="s1-s1-t4" name="Validar tipos de dados" line="28">
<kw name="Teste de Tipos de Dados" owner="random-user-service">
<kw name="GET On Session" owner="RequestsLibrary">
<msg time="2024-06-23T10:16:25.926535" level="INFO">GET Request : url=https://randomuser.me/api 
 path_url=/api 
 headers={'User-Agent': 'python-requests/2.32.3', 'Accept-Encoding': 'gzip, deflate', 'Accept': '*/*', 'Connection': 'keep-alive'} 
 body=None 
 </msg>
<msg time="2024-06-23T10:16:25.926644" level="INFO">GET Response : url=https://randomuser.me/api 
 status=200, reason=OK 
 headers={'Date': 'Sun, 23 Jun 2024 10:16:25 GMT', 'Content-Type': 'application/json; charset=utf-8', 'Transfer-Encoding': 'chunked', 'Connection': 'keep-alive', 'X-Powered-By': 'Express', 'Access-Control-Allow-Origin': '*', 'Cache-Control': 'no-cache', 'ETag': 'W/"491-cSwx9ygYWCvaFIaRK5pheW/oH38"', 'Vary': 'Accept-Encoding', 'Content-Encoding': 'gzip', 'CF-Cache-Status': 'DYNAMIC', 'Report-To': '{"endpoints":[{"url":"https:\\/\\/a.nel.cloudflare.com\\/report\\/v4?s=59exqBAWmEHUh0fEuKir9E6rGOQc3xWrvBv0Vzqk4VpGWR5BgeTiiF3hAEt4OMg6D02EwQkCv56sVYgEqJhgB2EiFSyuexJgK7ac61BV2Hr%2BM%2BW8uMQjLHo3ylO7z8DA"}],"group":"cf-nel","max_age":604800}', 'NEL': '{"success_fraction":0,"report_to":"cf-nel","max_age":604800}', 'Server': 'cloudflare', 'CF-RAY': '8983b8f9793b9698-SJC', 'alt-svc': 'h3=":443"; ma=86400'} 
 body={"results":[{"gender":"female","name":{"title":"Miss","first":"Rosario","last":"Laboy"},"location":{"street":{"number":8635,"name":"Cerrada Distrito Federal"},"city":"Bermejillo","state":"Tamaulipas","country":"Mexico","postcode":65570,"coordinates":{"latitude":"22.8201","longitude":"99.7954"},"timezone":{"offset":"-2:00","description":"Mid-Atlantic"}},"email":"rosario.laboy@example.com","login":{"uuid":"d745d41d-96ac-41a4-8571-194052c5db86","username":"bigbird611","password":"horton","salt":"yPUeMpIu","md5":"3c2b8a2d2493b618ba0b1409c20b9f70","sha1":"62e7c1f34caa7c15717b55a2ddf8dd90e0348a6f","sha256":"a2011b5f4a90acb6a35322530ac0742a9097678157673acbdd19491a02b95f7e"},"dob":{"date":"1960-04-28T06:08:42.588Z","age":64},"registered":{"date":"2003-02-20T23:39:53.181Z","age":21},"phone":"(617) 387 5442","cell":"(606) 833 5659","id":{"name":"NSS","value":"17 48 30 1911 6"},"picture":{"large":"https://randomuser.me/api/portraits/women/32.jpg","medium":"https://randomuser.me/api/portraits/med/women/32.jpg","thumbnail":"https://randomuser.me/api/portraits/thumb/women/32.jpg"},"nat":"MX"}],"info":{"seed":"0d5fde9919e8c0a8","results":1,"page":1,"version":"1.4"}} 
 </msg>
<msg time="2024-06-23T10:16:25.926728" level="INFO">/opt/hostedtoolcache/Python/3.12.4/x64/lib/python3.12/site-packages/urllib3/connectionpool.py:1099: InsecureRequestWarning: Unverified HTTPS request is being made to host 'randomuser.me'. Adding certificate verification is strongly advised. See: https://urllib3.readthedocs.io/en/latest/advanced-usage.html#tls-warnings
  warnings.warn(</msg>
<msg time="2024-06-23T10:16:25.926861" level="INFO">${response} = &lt;Response [200]&gt;</msg>
<var>${response}</var>
<arg>consultarAPI</arg>
<arg>/api</arg>
<doc>Sends a GET request on a previously created HTTP Session.</doc>
<status status="PASS" start="2024-06-23T10:16:25.833854" elapsed="0.093048"/>
</kw>
<kw name="Set Variable" owner="BuiltIn">
<msg time="2024-06-23T10:16:25.927889" level="INFO">${json_data} = {'results': [{'gender': 'female', 'name': {'title': 'Miss', 'first': 'Rosario', 'last': 'Laboy'}, 'location': {'street': {'number': 8635, 'name': 'Cerrada Distrito Federal'}, 'city': 'Bermejillo', 'st...</msg>
<var>${json_data}</var>
<arg>${response.json()}</arg>
<doc>Returns the given values which can then be assigned to a variables.</doc>
<status status="PASS" start="2024-06-23T10:16:25.927373" elapsed="0.000545"/>
</kw>
<kw name="Log" owner="BuiltIn">
<msg time="2024-06-23T10:16:25.928415" level="INFO">{'results': [{'gender': 'female', 'name': {'title': 'Miss', 'first': 'Rosario', 'last': 'Laboy'}, 'location': {'street': {'number': 8635, 'name': 'Cerrada Distrito Federal'}, 'city': 'Bermejillo', 'state': 'Tamaulipas', 'country': 'Mexico', 'postcode': 65570, 'coordinates': {'latitude': '22.8201', 'longitude': '99.7954'}, 'timezone': {'offset': '-2:00', 'description': 'Mid-Atlantic'}}, 'email': 'rosario.laboy@example.com', 'login': {'uuid': 'd745d41d-96ac-41a4-8571-194052c5db86', 'username': 'bigbird611', 'password': 'horton', 'salt': 'yPUeMpIu', 'md5': '3c2b8a2d2493b618ba0b1409c20b9f70', 'sha1': '62e7c1f34caa7c15717b55a2ddf8dd90e0348a6f', 'sha256': 'a2011b5f4a90acb6a35322530ac0742a9097678157673acbdd19491a02b95f7e'}, 'dob': {'date': '1960-04-28T06:08:42.588Z', 'age': 64}, 'registered': {'date': '2003-02-20T23:39:53.181Z', 'age': 21}, 'phone': '(617) 387 5442', 'cell': '(606) 833 5659', 'id': {'name': 'NSS', 'value': '17 48 30 1911 6'}, 'picture': {'large': 'https://randomuser.me/api/portraits/women/32.jpg', 'medium': 'https://randomuser.me/api/portraits/med/women/32.jpg', 'thumbnail': 'https://randomuser.me/api/portraits/thumb/women/32.jpg'}, 'nat': 'MX'}], 'info': {'seed': '0d5fde9919e8c0a8', 'results': 1, 'page': 1, 'version': '1.4'}}</msg>
<arg>${json_data}</arg>
<doc>Logs the given message with the given level.</doc>
<status status="PASS" start="2024-06-23T10:16:25.928253" elapsed="0.000211"/>
</kw>
<kw name="Should Be String" owner="String">
<arg>${json_data['results'][0]['gender']}</arg>
<doc>Fails if the given ``item`` is not a string.</doc>
<status status="PASS" start="2024-06-23T10:16:25.928765" elapsed="0.000429"/>
</kw>
<kw name="Should Match Regexp" owner="BuiltIn">
<arg>${json_data['results'][0]['email']}</arg>
<arg>^[a-zA-Z0-9._%+-]+@[a-zA-Z0-9.-]+\.[a-zA-Z]{2,}$</arg>
<doc>Fails if ``string`` does not match ``pattern`` as a regular expression.</doc>
<status status="PASS" start="2024-06-23T10:16:25.929388" elapsed="0.000571"/>
</kw>
<kw name="Should Match Regexp" owner="BuiltIn">
<arg>${json_data['results'][0]['dob']['date']}</arg>
<arg>\\d{4}-\\d{2}-\\d{2}T\\d{2}:\\d{2}:\\d{2}\\.\\d{3}Z</arg>
<doc>Fails if ``string`` does not match ``pattern`` as a regular expression.</doc>
<status status="PASS" start="2024-06-23T10:16:25.930165" elapsed="0.000493"/>
</kw>
<kw name="Should Match Regexp" owner="BuiltIn">
<arg>${json_data['results'][0]['registered']['date']}</arg>
<arg>\\d{4}-\\d{2}-\\d{2}T\\d{2}:\\d{2}:\\d{2}\\.\\d{3}Z</arg>
<doc>Fails if ``string`` does not match ``pattern`` as a regular expression.</doc>
<status status="PASS" start="2024-06-23T10:16:25.930852" elapsed="0.000373"/>
</kw>
<kw name="Should Match Regexp" owner="BuiltIn">
<arg>${json_data['results'][0]['picture']['large']}</arg>
<arg>^https?://.*\.(?:png|jpe?g|gif|bmp)$</arg>
<doc>Fails if ``string`` does not match ``pattern`` as a regular expression.</doc>
<status status="PASS" start="2024-06-23T10:16:25.931412" elapsed="0.000458"/>
</kw>
<kw name="Should Match Regexp" owner="BuiltIn">
<arg>${json_data['results'][0]['picture']['medium']}</arg>
<arg>^https?://.*\.(?:png|jpe?g|gif|bmp)$</arg>
<doc>Fails if ``string`` does not match ``pattern`` as a regular expression.</doc>
<status status="PASS" start="2024-06-23T10:16:25.932058" elapsed="0.000349"/>
</kw>
<kw name="Should Match Regexp" owner="BuiltIn">
<arg>${json_data['results'][0]['picture']['thumbnail']}</arg>
<arg>^https?://.*\.(?:png|jpe?g|gif|bmp)$</arg>
<doc>Fails if ``string`` does not match ``pattern`` as a regular expression.</doc>
<status status="PASS" start="2024-06-23T10:16:25.932591" elapsed="0.000391"/>
</kw>
<kw name="Log" owner="BuiltIn">
<msg time="2024-06-23T10:16:25.933508" level="INFO">{'large': 'https://randomuser.me/api/portraits/women/32.jpg', 'medium': 'https://randomuser.me/api/portraits/med/women/32.jpg', 'thumbnail': 'https://randomuser.me/api/portraits/thumb/women/32.jpg'}</msg>
<arg>${json_data['results'][0]['picture']}</arg>
<doc>Logs the given message with the given level.</doc>
<status status="PASS" start="2024-06-23T10:16:25.933168" elapsed="0.000385"/>
</kw>
<status status="PASS" start="2024-06-23T10:16:25.833633" elapsed="0.100181"/>
</kw>
<kw name="Teste de Tipos de Dados - Postcode" owner="random-user-service">
<kw name="GET On Session" owner="RequestsLibrary">
<msg time="2024-06-23T10:16:26.037472" level="INFO">GET Request : url=https://randomuser.me/api 
 path_url=/api 
 headers={'User-Agent': 'python-requests/2.32.3', 'Accept-Encoding': 'gzip, deflate', 'Accept': '*/*', 'Connection': 'keep-alive'} 
 body=None 
 </msg>
<msg time="2024-06-23T10:16:26.037559" level="INFO">GET Response : url=https://randomuser.me/api 
 status=200, reason=OK 
 headers={'Date': 'Sun, 23 Jun 2024 10:16:26 GMT', 'Content-Type': 'application/json; charset=utf-8', 'Transfer-Encoding': 'chunked', 'Connection': 'keep-alive', 'X-Powered-By': 'Express', 'Access-Control-Allow-Origin': '*', 'Cache-Control': 'no-cache', 'ETag': 'W/"475-3PyJ/1uLZRWJYWOd4D1ZACMRR3s"', 'Vary': 'Accept-Encoding', 'Content-Encoding': 'gzip', 'CF-Cache-Status': 'DYNAMIC', 'Report-To': '{"endpoints":[{"url":"https:\\/\\/a.nel.cloudflare.com\\/report\\/v4?s=lk%2BeJ9JGOLus84oh%2FCZMAZhF%2FoX5dtpqXkGNRZu9jGELE6MomNg3vNXLAmGXpPu7DfsU03b8pJG5PaLGnhr3eIwXuFiK%2BxiPUoaQxojaC9TZbk4aZpRaC2j52AqJsVmp"}],"group":"cf-nel","max_age":604800}', 'NEL': '{"success_fraction":0,"report_to":"cf-nel","max_age":604800}', 'Server': 'cloudflare', 'CF-RAY': '8983b8fa19ab9698-SJC', 'alt-svc': 'h3=":443"; ma=86400'} 
 body={"results":[{"gender":"male","name":{"title":"Mr","first":"Raj","last":"Gatty"},"location":{"street":{"number":3215,"name":"Ranganathan St"},"city":"Saharsa","state":"Madhya Pradesh","country":"India","postcode":11321,"coordinates":{"latitude":"8.2729","longitude":"-147.4393"},"timezone":{"offset":"+6:00","description":"Almaty, Dhaka, Colombo"}},"email":"raj.gatty@example.com","login":{"uuid":"b5c5bc80-0646-42ec-8c80-d4d10e8597ca","username":"orangebear839","password":"senna","salt":"cyrzk3Xc","md5":"c5d1dfd66fb3de03268bf3cb3a663e2f","sha1":"5ad40f6e31e62bba762f0e82300f423f8f550882","sha256":"bafe1ed1f29f1799fb6907b96fac0788a3264b9d9e625274e6d9ddde35ac1b93"},"dob":{"date":"1959-09-02T01:54:14.188Z","age":64},"registered":{"date":"2018-08-22T16:29:54.217Z","age":5},"phone":"7953547648","cell":"8234478046","id":{"name":"UIDAI","value":"832990641573"},"picture":{"large":"https://randomuser.me/api/portraits/men/7.jpg","medium":"https://randomuser.me/api/portraits/med/men/7.jpg","thumbnail":"https://randomuser.me/api/portraits/thumb/men/7.jpg"},"nat":"IN"}],"info":{"seed":"267985012fa6aa3d","results":1,"page":1,"version":"1.4"}} 
 </msg>
<msg time="2024-06-23T10:16:26.037632" level="INFO">/opt/hostedtoolcache/Python/3.12.4/x64/lib/python3.12/site-packages/urllib3/connectionpool.py:1099: InsecureRequestWarning: Unverified HTTPS request is being made to host 'randomuser.me'. Adding certificate verification is strongly advised. See: https://urllib3.readthedocs.io/en/latest/advanced-usage.html#tls-warnings
  warnings.warn(</msg>
<msg time="2024-06-23T10:16:26.037749" level="INFO">${response} = &lt;Response [200]&gt;</msg>
<var>${response}</var>
<arg>consultarAPI</arg>
<arg>/api</arg>
<doc>Sends a GET request on a previously created HTTP Session.</doc>
<status status="PASS" start="2024-06-23T10:16:25.934269" elapsed="0.103518"/>
</kw>
<kw name="Set Variable" owner="BuiltIn">
<msg time="2024-06-23T10:16:26.038904" level="INFO">${json_data} = {'results': [{'gender': 'male', 'name': {'title': 'Mr', 'first': 'Raj', 'last': 'Gatty'}, 'location': {'street': {'number': 3215, 'name': 'Ranganathan St'}, 'city': 'Saharsa', 'state': 'Madhya Pradesh...</msg>
<var>${json_data}</var>
<arg>${response.json()}</arg>
<doc>Returns the given values which can then be assigned to a variables.</doc>
<status status="PASS" start="2024-06-23T10:16:26.038252" elapsed="0.000708"/>
</kw>
<kw name="Log" owner="BuiltIn">
<msg time="2024-06-23T10:16:26.039605" level="INFO">{'results': [{'gender': 'male', 'name': {'title': 'Mr', 'first': 'Raj', 'last': 'Gatty'}, 'location': {'street': {'number': 3215, 'name': 'Ranganathan St'}, 'city': 'Saharsa', 'state': 'Madhya Pradesh', 'country': 'India', 'postcode': 11321, 'coordinates': {'latitude': '8.2729', 'longitude': '-147.4393'}, 'timezone': {'offset': '+6:00', 'description': 'Almaty, Dhaka, Colombo'}}, 'email': 'raj.gatty@example.com', 'login': {'uuid': 'b5c5bc80-0646-42ec-8c80-d4d10e8597ca', 'username': 'orangebear839', 'password': 'senna', 'salt': 'cyrzk3Xc', 'md5': 'c5d1dfd66fb3de03268bf3cb3a663e2f', 'sha1': '5ad40f6e31e62bba762f0e82300f423f8f550882', 'sha256': 'bafe1ed1f29f1799fb6907b96fac0788a3264b9d9e625274e6d9ddde35ac1b93'}, 'dob': {'date': '1959-09-02T01:54:14.188Z', 'age': 64}, 'registered': {'date': '2018-08-22T16:29:54.217Z', 'age': 5}, 'phone': '7953547648', 'cell': '8234478046', 'id': {'name': 'UIDAI', 'value': '832990641573'}, 'picture': {'large': 'https://randomuser.me/api/portraits/men/7.jpg', 'medium': 'https://randomuser.me/api/portraits/med/men/7.jpg', 'thumbnail': 'https://randomuser.me/api/portraits/thumb/men/7.jpg'}, 'nat': 'IN'}], 'info': {'seed': '267985012fa6aa3d', 'results': 1, 'page': 1, 'version': '1.4'}}</msg>
<arg>${json_data}</arg>
<doc>Logs the given message with the given level.</doc>
<status status="PASS" start="2024-06-23T10:16:26.039393" elapsed="0.000283"/>
</kw>
<kw name="Should Be Equal As Numbers" owner="BuiltIn">
<arg>${json_data['results'][0]['location']['postcode']}</arg>
<arg>${json_data['results'][0]['location']['postcode']}</arg>
<doc>Fails if objects are unequal after converting them to real numbers.</doc>
<status status="PASS" start="2024-06-23T10:16:26.040116" elapsed="0.001089"/>
</kw>
<kw name="Log" owner="BuiltIn">
<msg time="2024-06-23T10:16:26.042248" level="INFO">11321</msg>
<arg>${json_data['results'][0]['location']['postcode']}</arg>
<doc>Logs the given message with the given level.</doc>
<status status="PASS" start="2024-06-23T10:16:26.041498" elapsed="0.000820"/>
</kw>
<status status="PASS" start="2024-06-23T10:16:25.934043" elapsed="0.108747"/>
</kw>
<doc>Testa se os tipos de dados na resposta da API estão corretos.</doc>
<tag>testeTiposDados</tag>
<status status="PASS" start="2024-06-23T10:16:25.833180" elapsed="0.209897"/>
</test>
<test id="s1-s1-t5" name="Validar conteudo" line="35">
<kw name="Teste de Tipos de Conteudo" owner="random-user-service">
<kw name="GET On Session" owner="RequestsLibrary">
<msg time="2024-06-23T10:16:26.139214" level="INFO">GET Request : url=https://randomuser.me/api 
 path_url=/api 
 headers={'User-Agent': 'python-requests/2.32.3', 'Accept-Encoding': 'gzip, deflate', 'Accept': '*/*', 'Connection': 'keep-alive'} 
 body=None 
 </msg>
<msg time="2024-06-23T10:16:26.139286" level="INFO">GET Response : url=https://randomuser.me/api 
 status=200, reason=OK 
 headers={'Date': 'Sun, 23 Jun 2024 10:16:26 GMT', 'Content-Type': 'application/json; charset=utf-8', 'Transfer-Encoding': 'chunked', 'Connection': 'keep-alive', 'X-Powered-By': 'Express', 'Access-Control-Allow-Origin': '*', 'Cache-Control': 'no-cache', 'ETag': 'W/"49a-4pLNhVtxoDKUTQbv2AE/A5Mduj4"', 'Vary': 'Accept-Encoding', 'Content-Encoding': 'gzip', 'CF-Cache-Status': 'DYNAMIC', 'Report-To': '{"endpoints":[{"url":"https:\\/\\/a.nel.cloudflare.com\\/report\\/v4?s=1UOdAjsPuZJLh6GIcJUQIIONoIeEjNBj2sKi%2BDTE52OtHgKgZQlEnDirnM18idM67yBS01gG2cIH1N07p2VgjO4Udi3RcrllbYqmUHUOIBNt5cx0pUM3kF45EePoFUDD"}],"group":"cf-nel","max_age":604800}', 'NEL': '{"success_fraction":0,"report_to":"cf-nel","max_age":604800}', 'Server': 'cloudflare', 'CF-RAY': '8983b8fada2d9698-SJC', 'alt-svc': 'h3=":443"; ma=86400'} 
 body={"results":[{"gender":"female","name":{"title":"Mrs","first":"Ljuba","last":"Novaković"},"location":{"street":{"number":2475,"name":"Ljubiše Glišića "},"city":"Dečan","state":"Pčinja","country":"Serbia","postcode":87693,"coordinates":{"latitude":"59.8247","longitude":"102.4444"},"timezone":{"offset":"-3:00","description":"Brazil, Buenos Aires, Georgetown"}},"email":"ljuba.novakovic@example.com","login":{"uuid":"6795373a-df53-4051-85ed-fa4c5c2ff475","username":"ticklishwolf678","password":"toriamos","salt":"9xmbthrt","md5":"e3c63ee8a3242cd69890b209115335e7","sha1":"a3c0b1d19d78260b24e462bb1ba1b1815b0ff0a0","sha256":"ace244f8bae24ee30a2b5b515844d477d6a7e1c90c1e12dde478b52737200716"},"dob":{"date":"1960-01-18T08:05:40.724Z","age":64},"registered":{"date":"2017-11-16T06:00:46.730Z","age":6},"phone":"031-9924-306","cell":"067-9306-902","id":{"name":"SID","value":"546329840"},"picture":{"large":"https://randomuser.me/api/portraits/women/33.jpg","medium":"https://randomuser.me/api/portraits/med/women/33.jpg","thumbnail":"https://randomuser.me/api/portraits/thumb/women/33.jpg"},"nat":"RS"}],"info":{"seed":"6766221ea68c04e6","results":1,"page":1,"version":"1.4"}} 
 </msg>
<msg time="2024-06-23T10:16:26.139348" level="INFO">/opt/hostedtoolcache/Python/3.12.4/x64/lib/python3.12/site-packages/urllib3/connectionpool.py:1099: InsecureRequestWarning: Unverified HTTPS request is being made to host 'randomuser.me'. Adding certificate verification is strongly advised. See: https://urllib3.readthedocs.io/en/latest/advanced-usage.html#tls-warnings
  warnings.warn(</msg>
<msg time="2024-06-23T10:16:26.139436" level="INFO">${response} = &lt;Response [200]&gt;</msg>
<var>${response}</var>
<arg>consultarAPI</arg>
<arg>/api</arg>
<doc>Sends a GET request on a previously created HTTP Session.</doc>
<status status="PASS" start="2024-06-23T10:16:26.047203" elapsed="0.092265"/>
</kw>
<kw name="Set Variable" owner="BuiltIn">
<msg time="2024-06-23T10:16:26.140313" level="INFO">${json_data} = {'results': [{'gender': 'female', 'name': {'title': 'Mrs', 'first': 'Ljuba', 'last': 'Novaković'}, 'location': {'street': {'number': 2475, 'name': 'Ljubiše Glišića '}, 'city': 'Dečan', 'state': 'Pčinj...</msg>
<var>${json_data}</var>
<arg>${response.json()}</arg>
<doc>Returns the given values which can then be assigned to a variables.</doc>
<status status="PASS" start="2024-06-23T10:16:26.139852" elapsed="0.000491"/>
</kw>
<kw name="Set Variable" owner="BuiltIn">
<msg time="2024-06-23T10:16:26.141064" level="INFO">${name_title} = Mrs</msg>
<var>${name_title}</var>
<arg>${json_data["results"][0]["name"]["title"]}</arg>
<doc>Returns the given values which can then be assigned to a variables.</doc>
<status status="PASS" start="2024-06-23T10:16:26.140648" elapsed="0.000442"/>
</kw>
<kw name="Create List" owner="BuiltIn">
<msg time="2024-06-23T10:16:26.141539" level="INFO">${allowed_titles} = ['Mr', 'Ms', 'Miss', 'Mrs', 'Madame', 'Monsieur']</msg>
<var>${allowed_titles}</var>
<arg>Mr</arg>
<arg>Ms</arg>
<arg>Miss</arg>
<arg>Mrs</arg>
<arg>Madame</arg>
<arg>Monsieur</arg>
<doc>Returns a list containing given items.</doc>
<status status="PASS" start="2024-06-23T10:16:26.141391" elapsed="0.000172"/>
</kw>
<kw name="List Should Contain Value" owner="Collections">
<arg>${allowed_titles}</arg>
<arg>${name_title}</arg>
<doc>Fails if the ``value`` is not found from ``list``.</doc>
<status status="PASS" start="2024-06-23T10:16:26.141862" elapsed="0.000175"/>
</kw>
<kw name="Set Variable" owner="BuiltIn">
<msg time="2024-06-23T10:16:26.142583" level="INFO">${name_country} = RS</msg>
<var>${name_country}</var>
<arg>${json_data["results"][0]["nat"]}</arg>
<doc>Returns the given values which can then be assigned to a variables.</doc>
<status status="PASS" start="2024-06-23T10:16:26.142215" elapsed="0.000393"/>
</kw>
<kw name="Create List" owner="BuiltIn">
<msg time="2024-06-23T10:16:26.143482" level="INFO">${list_country} = ['AD', 'AE', 'AF', 'AG', 'AI', 'AL', 'AM', 'AO', 'AQ', 'AR', 'AS', 'AT', 'AU', 'AW', 'AX', 'AZ', 'BA', 'BB', 'BD', 'BE', 'BF', 'BG', 'BH', 'BI', 'BJ', 'BL', 'BM', 'BN', 'BO', 'BQ', 'BR', 'BS', 'BT', '...</msg>
<var>${list_country}</var>
<arg>AD</arg>
<arg>AE</arg>
<arg>AF</arg>
<arg>AG</arg>
<arg>AI</arg>
<arg>AL</arg>
<arg>AM</arg>
<arg>AO</arg>
<arg>AQ</arg>
<arg>AR</arg>
<arg>AS</arg>
<arg>AT</arg>
<arg>AU</arg>
<arg>AW</arg>
<arg>AX</arg>
<arg>AZ</arg>
<arg>BA</arg>
<arg>BB</arg>
<arg>BD</arg>
<arg>BE</arg>
<arg>BF</arg>
<arg>BG</arg>
<arg>BH</arg>
<arg>BI</arg>
<arg>BJ</arg>
<arg>BL</arg>
<arg>BM</arg>
<arg>BN</arg>
<arg>BO</arg>
<arg>BQ</arg>
<arg>BR</arg>
<arg>BS</arg>
<arg>BT</arg>
<arg>BV</arg>
<arg>BW</arg>
<arg>BY</arg>
<arg>BZ</arg>
<arg>CA</arg>
<arg>CC</arg>
<arg>CD</arg>
<arg>CF</arg>
<arg>CG</arg>
<arg>CH</arg>
<arg>CI</arg>
<arg>CK</arg>
<arg>CL</arg>
<arg>CM</arg>
<arg>CN</arg>
<arg>CO</arg>
<arg>CR</arg>
<arg>CU</arg>
<arg>CV</arg>
<arg>CW</arg>
<arg>CX</arg>
<arg>CY</arg>
<arg>CZ</arg>
<arg>DE</arg>
<arg>DJ</arg>
<arg>DK</arg>
<arg>DM</arg>
<arg>DO</arg>
<arg>DZ</arg>
<arg>EC</arg>
<arg>EE</arg>
<arg>EG</arg>
<arg>EH</arg>
<arg>ER</arg>
<arg>ES</arg>
<arg>ET</arg>
<arg>FI</arg>
<arg>FJ</arg>
<arg>FK</arg>
<arg>FM</arg>
<arg>FO</arg>
<arg>FR</arg>
<arg>GA</arg>
<arg>GB</arg>
<arg>GD</arg>
<arg>GE</arg>
<arg>GF</arg>
<arg>GG</arg>
<arg>GH</arg>
<arg>GI</arg>
<arg>GL</arg>
<arg>GM</arg>
<arg>GN</arg>
<arg>GP</arg>
<arg>GQ</arg>
<arg>GR</arg>
<arg>GS</arg>
<arg>GT</arg>
<arg>GU</arg>
<arg>GW</arg>
<arg>GY</arg>
<arg>HK</arg>
<arg>HM</arg>
<arg>HN</arg>
<arg>HR</arg>
<arg>HT</arg>
<arg>HU</arg>
<arg>ID</arg>
<arg>IE</arg>
<arg>IL</arg>
<arg>IM</arg>
<arg>IN</arg>
<arg>IO</arg>
<arg>IQ</arg>
<arg>IR</arg>
<arg>IS</arg>
<arg>IT</arg>
<arg>JE</arg>
<arg>JM</arg>
<arg>JO</arg>
<arg>JP</arg>
<arg>KE</arg>
<arg>KG</arg>
<arg>KH</arg>
<arg>KI</arg>
<arg>KM</arg>
<arg>KN</arg>
<arg>KP</arg>
<arg>KR</arg>
<arg>KW</arg>
<arg>KY</arg>
<arg>KZ</arg>
<arg>LA</arg>
<arg>LB</arg>
<arg>LC</arg>
<arg>LI</arg>
<arg>LK</arg>
<arg>LR</arg>
<arg>LS</arg>
<arg>LT</arg>
<arg>LU</arg>
<arg>LV</arg>
<arg>LY</arg>
<arg>MA</arg>
<arg>MC</arg>
<arg>MD</arg>
<arg>ME</arg>
<arg>MF</arg>
<arg>MG</arg>
<arg>MH</arg>
<arg>MK</arg>
<arg>ML</arg>
<arg>MM</arg>
<arg>MN</arg>
<arg>MO</arg>
<arg>MP</arg>
<arg>MQ</arg>
<arg>MR</arg>
<arg>MS</arg>
<arg>MT</arg>
<arg>MU</arg>
<arg>MV</arg>
<arg>MW</arg>
<arg>MX</arg>
<arg>MY</arg>
<arg>MZ</arg>
<arg>NA</arg>
<arg>NC</arg>
<arg>NE</arg>
<arg>NF</arg>
<arg>NG</arg>
<arg>NI</arg>
<arg>NL</arg>
<arg>NO</arg>
<arg>NP</arg>
<arg>NR</arg>
<arg>NU</arg>
<arg>NZ</arg>
<arg>OM</arg>
<arg>PA</arg>
<arg>PE</arg>
<arg>PF</arg>
<arg>PG</arg>
<arg>PH</arg>
<arg>PK</arg>
<arg>PL</arg>
<arg>PM</arg>
<arg>PN</arg>
<arg>PR</arg>
<arg>PS</arg>
<arg>PT</arg>
<arg>PW</arg>
<arg>PY</arg>
<arg>QA</arg>
<arg>RE</arg>
<arg>RO</arg>
<arg>RS</arg>
<arg>RU</arg>
<arg>RW</arg>
<arg>SA</arg>
<arg>SB</arg>
<arg>SC</arg>
<arg>SD</arg>
<arg>SE</arg>
<arg>SG</arg>
<arg>SH</arg>
<arg>SI</arg>
<arg>SJ</arg>
<arg>SK</arg>
<arg>SL</arg>
<arg>SM</arg>
<arg>SN</arg>
<arg>SO</arg>
<arg>SR</arg>
<arg>SS</arg>
<arg>ST</arg>
<arg>SV</arg>
<arg>SX</arg>
<arg>SY</arg>
<arg>SZ</arg>
<arg>TC</arg>
<arg>TD</arg>
<arg>TF</arg>
<arg>TG</arg>
<arg>TH</arg>
<arg>TJ</arg>
<arg>TK</arg>
<arg>TL</arg>
<arg>TM</arg>
<arg>TN</arg>
<arg>TO</arg>
<arg>TR</arg>
<arg>TT</arg>
<arg>TV</arg>
<arg>TW</arg>
<arg>TZ</arg>
<arg>UA</arg>
<arg>UG</arg>
<arg>UM</arg>
<arg>US</arg>
<arg>UY</arg>
<arg>UZ</arg>
<arg>VA</arg>
<arg>VC</arg>
<arg>VE</arg>
<arg>VG</arg>
<arg>VI</arg>
<arg>VN</arg>
<arg>VU</arg>
<arg>WF</arg>
<arg>WS</arg>
<arg>XK</arg>
<arg>YE</arg>
<arg>YT</arg>
<arg>ZA</arg>
<arg>ZM</arg>
<arg>ZW</arg>
<doc>Returns a list containing given items.</doc>
<status status="PASS" start="2024-06-23T10:16:26.142891" elapsed="0.000617"/>
</kw>
<kw name="List Should Contain Value" owner="Collections">
<arg>${list_country}</arg>
<arg>${name_country}</arg>
<doc>Fails if the ``value`` is not found from ``list``.</doc>
<status status="PASS" start="2024-06-23T10:16:26.144299" elapsed="0.000207"/>
</kw>
<kw name="Run Keyword If" owner="BuiltIn">
<kw name="Should Be True" owner="BuiltIn">
<arg>${True}</arg>
<doc>Fails if the given condition is not true.</doc>
<status status="PASS" start="2024-06-23T10:16:26.145476" elapsed="0.000142"/>
</kw>
<arg>${json_data["results"][0]["location"]["coordinates"]["latitude"]} &gt;= -90 and ${json_data["results"][0]["location"]["coordinates"]["latitude"]} &lt;= 90</arg>
<arg>Should Be True</arg>
<arg>${True}</arg>
<doc>Runs the given keyword with the given arguments, if ``condition`` is true.</doc>
<status status="PASS" start="2024-06-23T10:16:26.144703" elapsed="0.001040"/>
</kw>
<kw name="Run Keyword If" owner="BuiltIn">
<kw name="Should Be True" owner="BuiltIn">
<arg>${True}</arg>
<doc>Fails if the given condition is not true.</doc>
<status status="PASS" start="2024-06-23T10:16:26.146601" elapsed="0.000225"/>
</kw>
<arg>${json_data["results"][0]["location"]["coordinates"]["longitude"]} &gt;= -180 and ${json_data["results"][0]["location"]["coordinates"]["longitude"]} &lt;= 180</arg>
<arg>Should Be True</arg>
<arg>${True}</arg>
<doc>Runs the given keyword with the given arguments, if ``condition`` is true.</doc>
<status status="PASS" start="2024-06-23T10:16:26.145922" elapsed="0.001031"/>
</kw>
<status status="PASS" start="2024-06-23T10:16:26.046842" elapsed="0.100240"/>
</kw>
<doc>Testa o conteúdo específico dos campos retornados pela API.</doc>
<tag>testeConteudo</tag>
<status status="PASS" start="2024-06-23T10:16:26.046149" elapsed="0.101075"/>
</test>
<status status="PASS" start="2024-06-23T10:16:25.247165" elapsed="0.902024"/>
</suite>
<status status="PASS" start="2024-06-23T10:16:25.232793" elapsed="0.921518"/>
</suite>
<statistics>
<total>
<stat pass="5" fail="0" skip="0">All Tests</stat>
</total>
<tag>
<stat pass="1" fail="0" skip="0">testeConteudo</stat>
<stat pass="1" fail="0" skip="0">testeEstruturaResposta</stat>
<stat pass="1" fail="0" skip="0">testeRequisicaoBasica</stat>
<stat pass="1" fail="0" skip="0">testeTiposDados</stat>
</tag>
<suite>
<stat pass="5" fail="0" skip="0" id="s1" name="Tests">Tests</stat>
<stat pass="5" fail="0" skip="0" id="s1-s1" name="Random-User-Test">Tests.Random-User-Test</stat>
</suite>
</statistics>
<errors>
</errors>
</robot>
