<?xml version="1.0" encoding="UTF-8"?>
<robot generator="Robot 7.0.1 (Python 3.12.3 on linux)" generated="2024-06-14T21:15:30.442422" rpa="false" schemaversion="5">
<suite id="s1" name="Tests" source="/home/runner/work/ApiRandomUser/ApiRandomUser/RamdonUser/tests">
<suite id="s1-s1" name="Random-User-Test" source="/home/runner/work/ApiRandomUser/ApiRandomUser/RamdonUser/tests/random-user-test.robot">
<test id="s1-s1-t1" name="Conectar" line="13">
<kw name="Conectar API" owner="random-user-service">
<kw name="Create Session" owner="RequestsLibrary">
<msg time="2024-06-14T21:15:30.848324" level="INFO">Creating Session using : alias=consultarAPI, url=https://randomuser.me/, headers={},                     cookies={}, auth=None, timeout=None, proxies=None, verify=False,                     debug=0 </msg>
<arg>consultarAPI</arg>
<arg>${URL}</arg>
<doc>Create Session: create a HTTP session to a server</doc>
<status status="PASS" start="2024-06-14T21:15:30.848114" elapsed="0.000415"/>
</kw>
<status status="PASS" start="2024-06-14T21:15:30.847026" elapsed="0.001881"/>
</kw>
<status status="PASS" start="2024-06-14T21:15:30.846357" elapsed="0.002749"/>
</test>
<test id="s1-s1-t2" name="Validar retorno 200 e JSON Válido" line="16">
<kw name="Teste de Requisicao Basica" owner="random-user-service">
<kw name="GET On Session" owner="RequestsLibrary">
<msg time="2024-06-14T21:15:31.131865" level="INFO">GET Request : url=https://randomuser.me/api 
 path_url=/api 
 headers={'User-Agent': 'python-requests/2.32.3', 'Accept-Encoding': 'gzip, deflate', 'Accept': '*/*', 'Connection': 'keep-alive'} 
 body=None 
 </msg>
<msg time="2024-06-14T21:15:31.132041" level="INFO">GET Response : url=https://randomuser.me/api 
 status=200, reason=OK 
 headers={'Date': 'Fri, 14 Jun 2024 21:15:31 GMT', 'Content-Type': 'application/json; charset=utf-8', 'Transfer-Encoding': 'chunked', 'Connection': 'keep-alive', 'X-Powered-By': 'Express', 'Access-Control-Allow-Origin': '*', 'Cache-Control': 'no-cache', 'ETag': 'W/"479-5XttqC0hY8oo8Iq3DDnHOuPMCnE"', 'Vary': 'Accept-Encoding', 'Content-Encoding': 'gzip', 'CF-Cache-Status': 'DYNAMIC', 'Report-To': '{"endpoints":[{"url":"https:\\/\\/a.nel.cloudflare.com\\/report\\/v4?s=3C6ESS79WNpoQ6XGxyNbFhGBgTn4RQFaXWTO1S98LnKJkS9SkEfG4OTH4xpj7fkcX%2FiuCbJ3KOnHS5NcFvrr6Gj8MKVdz%2FfOJKQ2LVDCZo9tlVTIhoOHJfvWuUAPRrBS"}],"group":"cf-nel","max_age":604800}', 'NEL': '{"success_fraction":0,"report_to":"cf-nel","max_age":604800}', 'Server': 'cloudflare', 'CF-RAY': '893d560ee9829644-SJC', 'alt-svc': 'h3=":443"; ma=86400'} 
 body={"results":[{"gender":"male","name":{"title":"Mr","first":"Tyrone","last":"Arnold"},"location":{"street":{"number":3823,"name":"Nowlin Rd"},"city":"Seymour","state":"Nebraska","country":"United States","postcode":51907,"coordinates":{"latitude":"85.2205","longitude":"-42.9490"},"timezone":{"offset":"+5:45","description":"Kathmandu"}},"email":"tyrone.arnold@example.com","login":{"uuid":"f0c68d87-7e11-4c17-9ffe-7c7bfec925c7","username":"whitetiger527","password":"vikings1","salt":"E6fgUgEu","md5":"73f290b9e6ee68d97a56ddda0b3fd1c8","sha1":"381f142d374c0b1505fb79864f9fb8982143af5d","sha256":"9610ad6f1bd2507c93386c1607b3d46d2ffcae1d6620d06bc6693e576112ed0f"},"dob":{"date":"1988-09-01T14:49:29.386Z","age":35},"registered":{"date":"2012-01-21T15:47:01.855Z","age":12},"phone":"(988) 613-7437","cell":"(863) 978-2062","id":{"name":"SSN","value":"082-74-7389"},"picture":{"large":"https://randomuser.me/api/portraits/men/70.jpg","medium":"https://randomuser.me/api/portraits/med/men/70.jpg","thumbnail":"https://randomuser.me/api/portraits/thumb/men/70.jpg"},"nat":"US"}],"info":{"seed":"8d90d4b395baf632","results":1,"page":1,"version":"1.4"}} 
 </msg>
<msg time="2024-06-14T21:15:31.132142" level="INFO">/opt/hostedtoolcache/Python/3.12.3/x64/lib/python3.12/site-packages/urllib3/connectionpool.py:1103: InsecureRequestWarning: Unverified HTTPS request is being made to host 'randomuser.me'. Adding certificate verification is strongly advised. See: https://urllib3.readthedocs.io/en/latest/advanced-usage.html#tls-warnings
  warnings.warn(</msg>
<msg time="2024-06-14T21:15:31.132319" level="INFO">${response} = &lt;Response [200]&gt;</msg>
<var>${response}</var>
<arg>consultarAPI</arg>
<arg>/api</arg>
<doc>Sends a GET request on a previously created HTTP Session.</doc>
<status status="PASS" start="2024-06-14T21:15:30.851773" elapsed="0.280594"/>
</kw>
<kw name="Should Be Equal As Numbers" owner="BuiltIn">
<msg time="2024-06-14T21:15:31.133494" level="INFO">Argument types are:
&lt;class 'int'&gt;
&lt;class 'str'&gt;</msg>
<arg>${response.status_code}</arg>
<arg>200</arg>
<doc>Fails if objects are unequal after converting them to real numbers.</doc>
<status status="PASS" start="2024-06-14T21:15:31.132989" elapsed="0.000575"/>
</kw>
<kw name="Log" owner="BuiltIn">
<msg time="2024-06-14T21:15:31.134254" level="INFO">200</msg>
<arg>${response.status_code}</arg>
<doc>Logs the given message with the given level.</doc>
<status status="PASS" start="2024-06-14T21:15:31.133908" elapsed="0.000395"/>
</kw>
<kw name="Set Variable" owner="BuiltIn">
<msg time="2024-06-14T21:15:31.135071" level="INFO">${json_data} = {'results': [{'gender': 'male', 'name': {'title': 'Mr', 'first': 'Tyrone', 'last': 'Arnold'}, 'location': {'street': {'number': 3823, 'name': 'Nowlin Rd'}, 'city': 'Seymour', 'state': 'Nebraska', 'cou...</msg>
<var>${json_data}</var>
<arg>${response.json()}</arg>
<doc>Returns the given values which can then be assigned to a variables.</doc>
<status status="PASS" start="2024-06-14T21:15:31.134610" elapsed="0.000490"/>
</kw>
<kw name="Dictionary Should Contain Key" owner="Collections">
<arg>${json_data}</arg>
<arg>results</arg>
<doc>Fails if ``key`` is not found from ``dictionary``.</doc>
<status status="PASS" start="2024-06-14T21:15:31.135407" elapsed="0.000168"/>
</kw>
<status status="PASS" start="2024-06-14T21:15:30.851531" elapsed="0.284199"/>
</kw>
<doc>Testa se a API responde corretamente e retorna um objeto JSON válido.</doc>
<tag>testeRequisicaoBasica</tag>
<status status="PASS" start="2024-06-14T21:15:30.850996" elapsed="0.284912"/>
</test>
<test id="s1-s1-t3" name="Validar estrutura de resposta" line="22">
<kw name="Teste de Estrutura de Resposta" owner="random-user-service">
<kw name="GET On Session" owner="RequestsLibrary">
<msg time="2024-06-14T21:15:31.252548" level="INFO">GET Request : url=https://randomuser.me/api 
 path_url=/api 
 headers={'User-Agent': 'python-requests/2.32.3', 'Accept-Encoding': 'gzip, deflate', 'Accept': '*/*', 'Connection': 'keep-alive'} 
 body=None 
 </msg>
<msg time="2024-06-14T21:15:31.252658" level="INFO">GET Response : url=https://randomuser.me/api 
 status=200, reason=OK 
 headers={'Date': 'Fri, 14 Jun 2024 21:15:31 GMT', 'Content-Type': 'application/json; charset=utf-8', 'Transfer-Encoding': 'chunked', 'Connection': 'keep-alive', 'X-Powered-By': 'Express', 'Access-Control-Allow-Origin': '*', 'Cache-Control': 'no-cache', 'ETag': 'W/"495-r7Vr0HkPL+l/r1/yti9zhMcKHig"', 'Vary': 'Accept-Encoding', 'Content-Encoding': 'gzip', 'CF-Cache-Status': 'DYNAMIC', 'Report-To': '{"endpoints":[{"url":"https:\\/\\/a.nel.cloudflare.com\\/report\\/v4?s=bRzkGA6yAedDQv4Vzsm0ZkdMQiivJfSgEGEMY9xH%2FNB7DNEsjwTZoWE61JSkw0xxGN97newMcsu7U47tyRA14nBIWgTmjKDyN4UlADC%2F5v5osuCKLEhu2g3MGNUTESyr"}],"group":"cf-nel","max_age":604800}', 'NEL': '{"success_fraction":0,"report_to":"cf-nel","max_age":604800}', 'Server': 'cloudflare', 'CF-RAY': '893d560faa099644-SJC', 'alt-svc': 'h3=":443"; ma=86400'} 
 body={"results":[{"gender":"male","name":{"title":"Mr","first":"Adam","last":"Jørgensen"},"location":{"street":{"number":995,"name":"Vibevej"},"city":"Hirtsals","state":"Midtjylland","country":"Denmark","postcode":25650,"coordinates":{"latitude":"-42.3730","longitude":"-41.1433"},"timezone":{"offset":"0:00","description":"Western Europe Time, London, Lisbon, Casablanca"}},"email":"adam.jorgensen@example.com","login":{"uuid":"0571f452-b133-42a2-8403-ab38d4217ed9","username":"beautifulelephant682","password":"disco","salt":"SgmoiPjH","md5":"8fbc5a77e328afb8c81aca2d7c9a610d","sha1":"38833f6551a812f1c76b6e336f329ad9a1bde2f5","sha256":"c4c35c124e8ec9b563e738a4d074bf8175bfef25d07461c1b712e708556a2068"},"dob":{"date":"1984-07-16T14:36:16.330Z","age":39},"registered":{"date":"2006-02-27T23:47:45.305Z","age":18},"phone":"82114986","cell":"00089704","id":{"name":"CPR","value":"160784-9731"},"picture":{"large":"https://randomuser.me/api/portraits/men/53.jpg","medium":"https://randomuser.me/api/portraits/med/men/53.jpg","thumbnail":"https://randomuser.me/api/portraits/thumb/men/53.jpg"},"nat":"DK"}],"info":{"seed":"f72df05fada1435b","results":1,"page":1,"version":"1.4"}} 
 </msg>
<msg time="2024-06-14T21:15:31.252826" level="INFO">/opt/hostedtoolcache/Python/3.12.3/x64/lib/python3.12/site-packages/urllib3/connectionpool.py:1103: InsecureRequestWarning: Unverified HTTPS request is being made to host 'randomuser.me'. Adding certificate verification is strongly advised. See: https://urllib3.readthedocs.io/en/latest/advanced-usage.html#tls-warnings
  warnings.warn(</msg>
<msg time="2024-06-14T21:15:31.252979" level="INFO">${response} = &lt;Response [200]&gt;</msg>
<var>${response}</var>
<arg>consultarAPI</arg>
<arg>/api</arg>
<doc>Sends a GET request on a previously created HTTP Session.</doc>
<status status="PASS" start="2024-06-14T21:15:31.138787" elapsed="0.114239"/>
</kw>
<kw name="Set Variable" owner="BuiltIn">
<msg time="2024-06-14T21:15:31.254128" level="INFO">${json_data} = {'results': [{'gender': 'male', 'name': {'title': 'Mr', 'first': 'Adam', 'last': 'Jørgensen'}, 'location': {'street': {'number': 995, 'name': 'Vibevej'}, 'city': 'Hirtsals', 'state': 'Midtjylland', 'c...</msg>
<var>${json_data}</var>
<arg>${response.json()}</arg>
<doc>Returns the given values which can then be assigned to a variables.</doc>
<status status="PASS" start="2024-06-14T21:15:31.253561" elapsed="0.000599"/>
</kw>
<kw name="Log" owner="BuiltIn">
<msg time="2024-06-14T21:15:31.254848" level="INFO">{'results': [{'gender': 'male', 'name': {'title': 'Mr', 'first': 'Adam', 'last': 'Jørgensen'}, 'location': {'street': {'number': 995, 'name': 'Vibevej'}, 'city': 'Hirtsals', 'state': 'Midtjylland', 'country': 'Denmark', 'postcode': 25650, 'coordinates': {'latitude': '-42.3730', 'longitude': '-41.1433'}, 'timezone': {'offset': '0:00', 'description': 'Western Europe Time, London, Lisbon, Casablanca'}}, 'email': 'adam.jorgensen@example.com', 'login': {'uuid': '0571f452-b133-42a2-8403-ab38d4217ed9', 'username': 'beautifulelephant682', 'password': 'disco', 'salt': 'SgmoiPjH', 'md5': '8fbc5a77e328afb8c81aca2d7c9a610d', 'sha1': '38833f6551a812f1c76b6e336f329ad9a1bde2f5', 'sha256': 'c4c35c124e8ec9b563e738a4d074bf8175bfef25d07461c1b712e708556a2068'}, 'dob': {'date': '1984-07-16T14:36:16.330Z', 'age': 39}, 'registered': {'date': '2006-02-27T23:47:45.305Z', 'age': 18}, 'phone': '82114986', 'cell': '00089704', 'id': {'name': 'CPR', 'value': '160784-9731'}, 'picture': {'large': 'https://randomuser.me/api/portraits/men/53.jpg', 'medium': 'https://randomuser.me/api/portraits/med/men/53.jpg', 'thumbnail': 'https://randomuser.me/api/portraits/thumb/men/53.jpg'}, 'nat': 'DK'}], 'info': {'seed': 'f72df05fada1435b', 'results': 1, 'page': 1, 'version': '1.4'}}</msg>
<arg>${json_data}</arg>
<doc>Logs the given message with the given level.</doc>
<status status="PASS" start="2024-06-14T21:15:31.254560" elapsed="0.000406"/>
</kw>
<kw name="Dictionary Should Contain Key" owner="Collections">
<arg>${json_data}</arg>
<arg>results</arg>
<doc>Fails if ``key`` is not found from ``dictionary``.</doc>
<status status="PASS" start="2024-06-14T21:15:31.255398" elapsed="0.000175"/>
</kw>
<kw name="Should Not Be Empty" owner="BuiltIn">
<msg time="2024-06-14T21:15:31.255894" level="INFO">Length is 2.</msg>
<arg>${json_data}</arg>
<doc>Verifies that the given item is not empty.</doc>
<status status="PASS" start="2024-06-14T21:15:31.255765" elapsed="0.000169"/>
</kw>
<kw name="Create List" owner="BuiltIn">
<msg time="2024-06-14T21:15:31.256571" level="INFO">${expected_keys} = ['gender', 'name', 'location', 'email', 'login']</msg>
<var>${expected_keys}</var>
<arg>gender</arg>
<arg>name</arg>
<arg>location</arg>
<arg>email</arg>
<arg>login</arg>
<doc>Returns a list containing given items.</doc>
<status status="PASS" start="2024-06-14T21:15:31.256327" elapsed="0.000283"/>
</kw>
<for flavor="IN">
<iter>
<kw name="Dictionary Should Contain Key" owner="Collections">
<arg>${json_data['results'][0]}</arg>
<arg>${key}</arg>
<doc>Fails if ``key`` is not found from ``dictionary``.</doc>
<status status="PASS" start="2024-06-14T21:15:31.257268" elapsed="0.000428"/>
</kw>
<kw name="Log" owner="BuiltIn">
<msg time="2024-06-14T21:15:31.258256" level="INFO">{'gender': 'male', 'name': {'title': 'Mr', 'first': 'Adam', 'last': 'Jørgensen'}, 'location': {'street': {'number': 995, 'name': 'Vibevej'}, 'city': 'Hirtsals', 'state': 'Midtjylland', 'country': 'Denmark', 'postcode': 25650, 'coordinates': {'latitude': '-42.3730', 'longitude': '-41.1433'}, 'timezone': {'offset': '0:00', 'description': 'Western Europe Time, London, Lisbon, Casablanca'}}, 'email': 'adam.jorgensen@example.com', 'login': {'uuid': '0571f452-b133-42a2-8403-ab38d4217ed9', 'username': 'beautifulelephant682', 'password': 'disco', 'salt': 'SgmoiPjH', 'md5': '8fbc5a77e328afb8c81aca2d7c9a610d', 'sha1': '38833f6551a812f1c76b6e336f329ad9a1bde2f5', 'sha256': 'c4c35c124e8ec9b563e738a4d074bf8175bfef25d07461c1b712e708556a2068'}, 'dob': {'date': '1984-07-16T14:36:16.330Z', 'age': 39}, 'registered': {'date': '2006-02-27T23:47:45.305Z', 'age': 18}, 'phone': '82114986', 'cell': '00089704', 'id': {'name': 'CPR', 'value': '160784-9731'}, 'picture': {'large': 'https://randomuser.me/api/portraits/men/53.jpg', 'medium': 'https://randomuser.me/api/portraits/med/men/53.jpg', 'thumbnail': 'https://randomuser.me/api/portraits/thumb/men/53.jpg'}, 'nat': 'DK'}</msg>
<arg>${json_data['results'][0]}</arg>
<doc>Logs the given message with the given level.</doc>
<status status="PASS" start="2024-06-14T21:15:31.257894" elapsed="0.000413"/>
</kw>
<kw name="Log" owner="BuiltIn">
<msg time="2024-06-14T21:15:31.258739" level="INFO">gender</msg>
<arg>${key}</arg>
<doc>Logs the given message with the given level.</doc>
<status status="PASS" start="2024-06-14T21:15:31.258609" elapsed="0.000170"/>
</kw>
<var name="${key}">gender</var>
<status status="PASS" start="2024-06-14T21:15:31.257137" elapsed="0.001902"/>
</iter>
<iter>
<kw name="Dictionary Should Contain Key" owner="Collections">
<arg>${json_data['results'][0]}</arg>
<arg>${key}</arg>
<doc>Fails if ``key`` is not found from ``dictionary``.</doc>
<status status="PASS" start="2024-06-14T21:15:31.259354" elapsed="0.000404"/>
</kw>
<kw name="Log" owner="BuiltIn">
<msg time="2024-06-14T21:15:31.260407" level="INFO">{'gender': 'male', 'name': {'title': 'Mr', 'first': 'Adam', 'last': 'Jørgensen'}, 'location': {'street': {'number': 995, 'name': 'Vibevej'}, 'city': 'Hirtsals', 'state': 'Midtjylland', 'country': 'Denmark', 'postcode': 25650, 'coordinates': {'latitude': '-42.3730', 'longitude': '-41.1433'}, 'timezone': {'offset': '0:00', 'description': 'Western Europe Time, London, Lisbon, Casablanca'}}, 'email': 'adam.jorgensen@example.com', 'login': {'uuid': '0571f452-b133-42a2-8403-ab38d4217ed9', 'username': 'beautifulelephant682', 'password': 'disco', 'salt': 'SgmoiPjH', 'md5': '8fbc5a77e328afb8c81aca2d7c9a610d', 'sha1': '38833f6551a812f1c76b6e336f329ad9a1bde2f5', 'sha256': 'c4c35c124e8ec9b563e738a4d074bf8175bfef25d07461c1b712e708556a2068'}, 'dob': {'date': '1984-07-16T14:36:16.330Z', 'age': 39}, 'registered': {'date': '2006-02-27T23:47:45.305Z', 'age': 18}, 'phone': '82114986', 'cell': '00089704', 'id': {'name': 'CPR', 'value': '160784-9731'}, 'picture': {'large': 'https://randomuser.me/api/portraits/men/53.jpg', 'medium': 'https://randomuser.me/api/portraits/med/men/53.jpg', 'thumbnail': 'https://randomuser.me/api/portraits/thumb/men/53.jpg'}, 'nat': 'DK'}</msg>
<arg>${json_data['results'][0]}</arg>
<doc>Logs the given message with the given level.</doc>
<status status="PASS" start="2024-06-14T21:15:31.260010" elapsed="0.000487"/>
</kw>
<kw name="Log" owner="BuiltIn">
<msg time="2024-06-14T21:15:31.260935" level="INFO">name</msg>
<arg>${key}</arg>
<doc>Logs the given message with the given level.</doc>
<status status="PASS" start="2024-06-14T21:15:31.260801" elapsed="0.000173"/>
</kw>
<var name="${key}">name</var>
<status status="PASS" start="2024-06-14T21:15:31.259237" elapsed="0.001961"/>
</iter>
<iter>
<kw name="Dictionary Should Contain Key" owner="Collections">
<arg>${json_data['results'][0]}</arg>
<arg>${key}</arg>
<doc>Fails if ``key`` is not found from ``dictionary``.</doc>
<status status="PASS" start="2024-06-14T21:15:31.261490" elapsed="0.000373"/>
</kw>
<kw name="Log" owner="BuiltIn">
<msg time="2024-06-14T21:15:31.262398" level="INFO">{'gender': 'male', 'name': {'title': 'Mr', 'first': 'Adam', 'last': 'Jørgensen'}, 'location': {'street': {'number': 995, 'name': 'Vibevej'}, 'city': 'Hirtsals', 'state': 'Midtjylland', 'country': 'Denmark', 'postcode': 25650, 'coordinates': {'latitude': '-42.3730', 'longitude': '-41.1433'}, 'timezone': {'offset': '0:00', 'description': 'Western Europe Time, London, Lisbon, Casablanca'}}, 'email': 'adam.jorgensen@example.com', 'login': {'uuid': '0571f452-b133-42a2-8403-ab38d4217ed9', 'username': 'beautifulelephant682', 'password': 'disco', 'salt': 'SgmoiPjH', 'md5': '8fbc5a77e328afb8c81aca2d7c9a610d', 'sha1': '38833f6551a812f1c76b6e336f329ad9a1bde2f5', 'sha256': 'c4c35c124e8ec9b563e738a4d074bf8175bfef25d07461c1b712e708556a2068'}, 'dob': {'date': '1984-07-16T14:36:16.330Z', 'age': 39}, 'registered': {'date': '2006-02-27T23:47:45.305Z', 'age': 18}, 'phone': '82114986', 'cell': '00089704', 'id': {'name': 'CPR', 'value': '160784-9731'}, 'picture': {'large': 'https://randomuser.me/api/portraits/men/53.jpg', 'medium': 'https://randomuser.me/api/portraits/med/men/53.jpg', 'thumbnail': 'https://randomuser.me/api/portraits/thumb/men/53.jpg'}, 'nat': 'DK'}</msg>
<arg>${json_data['results'][0]}</arg>
<doc>Logs the given message with the given level.</doc>
<status status="PASS" start="2024-06-14T21:15:31.262047" elapsed="0.000401"/>
</kw>
<kw name="Log" owner="BuiltIn">
<msg time="2024-06-14T21:15:31.262864" level="INFO">location</msg>
<arg>${key}</arg>
<doc>Logs the given message with the given level.</doc>
<status status="PASS" start="2024-06-14T21:15:31.262741" elapsed="0.000159"/>
</kw>
<var name="${key}">location</var>
<status status="PASS" start="2024-06-14T21:15:31.261381" elapsed="0.001783"/>
</iter>
<iter>
<kw name="Dictionary Should Contain Key" owner="Collections">
<arg>${json_data['results'][0]}</arg>
<arg>${key}</arg>
<doc>Fails if ``key`` is not found from ``dictionary``.</doc>
<status status="PASS" start="2024-06-14T21:15:31.263448" elapsed="0.000379"/>
</kw>
<kw name="Log" owner="BuiltIn">
<msg time="2024-06-14T21:15:31.264456" level="INFO">{'gender': 'male', 'name': {'title': 'Mr', 'first': 'Adam', 'last': 'Jørgensen'}, 'location': {'street': {'number': 995, 'name': 'Vibevej'}, 'city': 'Hirtsals', 'state': 'Midtjylland', 'country': 'Denmark', 'postcode': 25650, 'coordinates': {'latitude': '-42.3730', 'longitude': '-41.1433'}, 'timezone': {'offset': '0:00', 'description': 'Western Europe Time, London, Lisbon, Casablanca'}}, 'email': 'adam.jorgensen@example.com', 'login': {'uuid': '0571f452-b133-42a2-8403-ab38d4217ed9', 'username': 'beautifulelephant682', 'password': 'disco', 'salt': 'SgmoiPjH', 'md5': '8fbc5a77e328afb8c81aca2d7c9a610d', 'sha1': '38833f6551a812f1c76b6e336f329ad9a1bde2f5', 'sha256': 'c4c35c124e8ec9b563e738a4d074bf8175bfef25d07461c1b712e708556a2068'}, 'dob': {'date': '1984-07-16T14:36:16.330Z', 'age': 39}, 'registered': {'date': '2006-02-27T23:47:45.305Z', 'age': 18}, 'phone': '82114986', 'cell': '00089704', 'id': {'name': 'CPR', 'value': '160784-9731'}, 'picture': {'large': 'https://randomuser.me/api/portraits/men/53.jpg', 'medium': 'https://randomuser.me/api/portraits/med/men/53.jpg', 'thumbnail': 'https://randomuser.me/api/portraits/thumb/men/53.jpg'}, 'nat': 'DK'}</msg>
<arg>${json_data['results'][0]}</arg>
<doc>Logs the given message with the given level.</doc>
<status status="PASS" start="2024-06-14T21:15:31.264007" elapsed="0.000509"/>
</kw>
<kw name="Log" owner="BuiltIn">
<msg time="2024-06-14T21:15:31.264949" level="INFO">email</msg>
<arg>${key}</arg>
<doc>Logs the given message with the given level.</doc>
<status status="PASS" start="2024-06-14T21:15:31.264822" elapsed="0.000166"/>
</kw>
<var name="${key}">email</var>
<status status="PASS" start="2024-06-14T21:15:31.263338" elapsed="0.001865"/>
</iter>
<iter>
<kw name="Dictionary Should Contain Key" owner="Collections">
<arg>${json_data['results'][0]}</arg>
<arg>${key}</arg>
<doc>Fails if ``key`` is not found from ``dictionary``.</doc>
<status status="PASS" start="2024-06-14T21:15:31.265622" elapsed="0.000383"/>
</kw>
<kw name="Log" owner="BuiltIn">
<msg time="2024-06-14T21:15:31.266538" level="INFO">{'gender': 'male', 'name': {'title': 'Mr', 'first': 'Adam', 'last': 'Jørgensen'}, 'location': {'street': {'number': 995, 'name': 'Vibevej'}, 'city': 'Hirtsals', 'state': 'Midtjylland', 'country': 'Denmark', 'postcode': 25650, 'coordinates': {'latitude': '-42.3730', 'longitude': '-41.1433'}, 'timezone': {'offset': '0:00', 'description': 'Western Europe Time, London, Lisbon, Casablanca'}}, 'email': 'adam.jorgensen@example.com', 'login': {'uuid': '0571f452-b133-42a2-8403-ab38d4217ed9', 'username': 'beautifulelephant682', 'password': 'disco', 'salt': 'SgmoiPjH', 'md5': '8fbc5a77e328afb8c81aca2d7c9a610d', 'sha1': '38833f6551a812f1c76b6e336f329ad9a1bde2f5', 'sha256': 'c4c35c124e8ec9b563e738a4d074bf8175bfef25d07461c1b712e708556a2068'}, 'dob': {'date': '1984-07-16T14:36:16.330Z', 'age': 39}, 'registered': {'date': '2006-02-27T23:47:45.305Z', 'age': 18}, 'phone': '82114986', 'cell': '00089704', 'id': {'name': 'CPR', 'value': '160784-9731'}, 'picture': {'large': 'https://randomuser.me/api/portraits/men/53.jpg', 'medium': 'https://randomuser.me/api/portraits/med/men/53.jpg', 'thumbnail': 'https://randomuser.me/api/portraits/thumb/men/53.jpg'}, 'nat': 'DK'}</msg>
<arg>${json_data['results'][0]}</arg>
<doc>Logs the given message with the given level.</doc>
<status status="PASS" start="2024-06-14T21:15:31.266189" elapsed="0.000423"/>
</kw>
<kw name="Log" owner="BuiltIn">
<msg time="2024-06-14T21:15:31.267229" level="INFO">login</msg>
<arg>${key}</arg>
<doc>Logs the given message with the given level.</doc>
<status status="PASS" start="2024-06-14T21:15:31.266927" elapsed="0.000342"/>
</kw>
<var name="${key}">login</var>
<status status="PASS" start="2024-06-14T21:15:31.265385" elapsed="0.002105"/>
</iter>
<var>${key}</var>
<value>@{expected_keys}</value>
<status status="PASS" start="2024-06-14T21:15:31.256928" elapsed="0.010682"/>
</for>
<kw name="Create List" owner="BuiltIn">
<msg time="2024-06-14T21:15:31.267948" level="INFO">${expected_keysTwo} = ['username', 'password']</msg>
<var>${expected_keysTwo}</var>
<arg>username</arg>
<arg>password</arg>
<doc>Returns a list containing given items.</doc>
<status status="PASS" start="2024-06-14T21:15:31.267809" elapsed="0.000195"/>
</kw>
<for flavor="IN">
<iter>
<kw name="Dictionary Should Contain Key" owner="Collections">
<arg>${json_data['results'][0]['login']}</arg>
<arg>${keyTwo}</arg>
<doc>Fails if ``key`` is not found from ``dictionary``.</doc>
<status status="PASS" start="2024-06-14T21:15:31.268524" elapsed="0.000401"/>
</kw>
<kw name="Dictionary Should Contain Key" owner="Collections">
<arg>${json_data['results'][0]['login']}</arg>
<arg>${keyTwo}</arg>
<doc>Fails if ``key`` is not found from ``dictionary``.</doc>
<status status="PASS" start="2024-06-14T21:15:31.269110" elapsed="0.000401"/>
</kw>
<kw name="Log" owner="BuiltIn">
<msg time="2024-06-14T21:15:31.269824" level="INFO">username</msg>
<arg>${keyTwo}</arg>
<doc>Logs the given message with the given level.</doc>
<status status="PASS" start="2024-06-14T21:15:31.269691" elapsed="0.000170"/>
</kw>
<var name="${keyTwo}">username</var>
<status status="PASS" start="2024-06-14T21:15:31.268415" elapsed="0.001692"/>
</iter>
<iter>
<kw name="Dictionary Should Contain Key" owner="Collections">
<arg>${json_data['results'][0]['login']}</arg>
<arg>${keyTwo}</arg>
<doc>Fails if ``key`` is not found from ``dictionary``.</doc>
<status status="PASS" start="2024-06-14T21:15:31.270393" elapsed="0.000368"/>
</kw>
<kw name="Dictionary Should Contain Key" owner="Collections">
<arg>${json_data['results'][0]['login']}</arg>
<arg>${keyTwo}</arg>
<doc>Fails if ``key`` is not found from ``dictionary``.</doc>
<status status="PASS" start="2024-06-14T21:15:31.270974" elapsed="0.000378"/>
</kw>
<kw name="Log" owner="BuiltIn">
<msg time="2024-06-14T21:15:31.271790" level="INFO">password</msg>
<arg>${keyTwo}</arg>
<doc>Logs the given message with the given level.</doc>
<status status="PASS" start="2024-06-14T21:15:31.271645" elapsed="0.000182"/>
</kw>
<var name="${keyTwo}">password</var>
<status status="PASS" start="2024-06-14T21:15:31.270285" elapsed="0.001767"/>
</iter>
<var>${keyTwo}</var>
<value>@{expected_keysTwo}</value>
<status status="PASS" start="2024-06-14T21:15:31.268257" elapsed="0.003918"/>
</for>
<status status="PASS" start="2024-06-14T21:15:31.138526" elapsed="0.133799"/>
</kw>
<doc>Testa a estrutura da resposta da API.</doc>
<tag>testeEstruturaResposta</tag>
<status status="PASS" start="2024-06-14T21:15:31.137716" elapsed="0.134774"/>
</test>
<test id="s1-s1-t4" name="Validar tipos de dados" line="28">
<kw name="Teste de Tipos de Dados" owner="random-user-service">
<kw name="GET On Session" owner="RequestsLibrary">
<msg time="2024-06-14T21:15:31.364892" level="INFO">GET Request : url=https://randomuser.me/api 
 path_url=/api 
 headers={'User-Agent': 'python-requests/2.32.3', 'Accept-Encoding': 'gzip, deflate', 'Accept': '*/*', 'Connection': 'keep-alive'} 
 body=None 
 </msg>
<msg time="2024-06-14T21:15:31.365005" level="INFO">GET Response : url=https://randomuser.me/api 
 status=200, reason=OK 
 headers={'Date': 'Fri, 14 Jun 2024 21:15:31 GMT', 'Content-Type': 'application/json; charset=utf-8', 'Transfer-Encoding': 'chunked', 'Connection': 'keep-alive', 'X-Powered-By': 'Express', 'Access-Control-Allow-Origin': '*', 'Cache-Control': 'no-cache', 'ETag': 'W/"4a0-9WRaDYO8Oy7knhhcDQ8gqC4n1aQ"', 'Vary': 'Accept-Encoding', 'Content-Encoding': 'gzip', 'CF-Cache-Status': 'DYNAMIC', 'Report-To': '{"endpoints":[{"url":"https:\\/\\/a.nel.cloudflare.com\\/report\\/v4?s=rQ7WJqasAuGmUr%2B7ojMkhFe4TzQefVSWGv3rXT7wDjLssb3WP7LiQ1MngRmYu1jCPqR7FGX9tMZfmVW1TWw02kNE78pyh8zmPfLzGdWsj3KvfXbfTv%2Fkgf5jTEHgv42s"}],"group":"cf-nel","max_age":604800}', 'NEL': '{"success_fraction":0,"report_to":"cf-nel","max_age":604800}', 'Server': 'cloudflare', 'CF-RAY': '893d56107a8e9644-SJC', 'alt-svc': 'h3=":443"; ma=86400'} 
 body={"results":[{"gender":"female","name":{"title":"Miss","first":"فاطمه زهرا","last":"کریمی"},"location":{"street":{"number":3195,"name":"شهید علی باستانی"},"city":"قم","state":"بوشهر","country":"Iran","postcode":80221,"coordinates":{"latitude":"16.0794","longitude":"111.4353"},"timezone":{"offset":"-1:00","description":"Azores, Cape Verde Islands"}},"email":"ftmhzhr.khrymy@example.com","login":{"uuid":"9d2657b3-cff7-4051-9cd5-da5cfdf0d80b","username":"goldensnake663","password":"subaru","salt":"99CbtedX","md5":"05a456ecdf60cb79dea12cac7f9938bb","sha1":"4a9a85299982b74ef1c3726d877d71e919baebd3","sha256":"c19fac151a248fcc4a177cebb11692ee175be3e1a941ccf2db987540ed3f1b17"},"dob":{"date":"1965-07-15T05:58:23.873Z","age":58},"registered":{"date":"2018-01-24T21:58:14.218Z","age":6},"phone":"089-08507330","cell":"0956-373-1233","id":{"name":"","value":null},"picture":{"large":"https://randomuser.me/api/portraits/women/92.jpg","medium":"https://randomuser.me/api/portraits/med/women/92.jpg","thumbnail":"https://randomuser.me/api/portraits/thumb/women/92.jpg"},"nat":"IR"}],"info":{"seed":"2e34803d642e68e6","results":1,"page":1,"version":"1.4"}} 
 </msg>
<msg time="2024-06-14T21:15:31.365095" level="INFO">/opt/hostedtoolcache/Python/3.12.3/x64/lib/python3.12/site-packages/urllib3/connectionpool.py:1103: InsecureRequestWarning: Unverified HTTPS request is being made to host 'randomuser.me'. Adding certificate verification is strongly advised. See: https://urllib3.readthedocs.io/en/latest/advanced-usage.html#tls-warnings
  warnings.warn(</msg>
<msg time="2024-06-14T21:15:31.365248" level="INFO">${response} = &lt;Response [200]&gt;</msg>
<var>${response}</var>
<arg>consultarAPI</arg>
<arg>/api</arg>
<doc>Sends a GET request on a previously created HTTP Session.</doc>
<status status="PASS" start="2024-06-14T21:15:31.274976" elapsed="0.090321"/>
</kw>
<kw name="Set Variable" owner="BuiltIn">
<msg time="2024-06-14T21:15:31.366466" level="INFO">${json_data} = {'results': [{'gender': 'female', 'name': {'title': 'Miss', 'first': 'فاطمه زهرا', 'last': 'کریمی'}, 'location': {'street': {'number': 3195, 'name': 'شهید علی باستانی'}, 'city': 'قم', 'state': 'بوشهر'...</msg>
<var>${json_data}</var>
<arg>${response.json()}</arg>
<doc>Returns the given values which can then be assigned to a variables.</doc>
<status status="PASS" start="2024-06-14T21:15:31.365913" elapsed="0.000585"/>
</kw>
<kw name="Log" owner="BuiltIn">
<msg time="2024-06-14T21:15:31.367008" level="INFO">{'results': [{'gender': 'female', 'name': {'title': 'Miss', 'first': 'فاطمه زهرا', 'last': 'کریمی'}, 'location': {'street': {'number': 3195, 'name': 'شهید علی باستانی'}, 'city': 'قم', 'state': 'بوشهر', 'country': 'Iran', 'postcode': 80221, 'coordinates': {'latitude': '16.0794', 'longitude': '111.4353'}, 'timezone': {'offset': '-1:00', 'description': 'Azores, Cape Verde Islands'}}, 'email': 'ftmhzhr.khrymy@example.com', 'login': {'uuid': '9d2657b3-cff7-4051-9cd5-da5cfdf0d80b', 'username': 'goldensnake663', 'password': 'subaru', 'salt': '99CbtedX', 'md5': '05a456ecdf60cb79dea12cac7f9938bb', 'sha1': '4a9a85299982b74ef1c3726d877d71e919baebd3', 'sha256': 'c19fac151a248fcc4a177cebb11692ee175be3e1a941ccf2db987540ed3f1b17'}, 'dob': {'date': '1965-07-15T05:58:23.873Z', 'age': 58}, 'registered': {'date': '2018-01-24T21:58:14.218Z', 'age': 6}, 'phone': '089-08507330', 'cell': '0956-373-1233', 'id': {'name': '', 'value': None}, 'picture': {'large': 'https://randomuser.me/api/portraits/women/92.jpg', 'medium': 'https://randomuser.me/api/portraits/med/women/92.jpg', 'thumbnail': 'https://randomuser.me/api/portraits/thumb/women/92.jpg'}, 'nat': 'IR'}], 'info': {'seed': '2e34803d642e68e6', 'results': 1, 'page': 1, 'version': '1.4'}}</msg>
<arg>${json_data}</arg>
<doc>Logs the given message with the given level.</doc>
<status status="PASS" start="2024-06-14T21:15:31.366817" elapsed="0.000252"/>
</kw>
<kw name="Should Be String" owner="String">
<arg>${json_data['results'][0]['gender']}</arg>
<doc>Fails if the given ``item`` is not a string.</doc>
<status status="PASS" start="2024-06-14T21:15:31.367368" elapsed="0.000380"/>
</kw>
<kw name="Should Match Regexp" owner="BuiltIn">
<arg>${json_data['results'][0]['email']}</arg>
<arg>^[a-zA-Z0-9._%+-]+@[a-zA-Z0-9.-]+\.[a-zA-Z]{2,}$</arg>
<doc>Fails if ``string`` does not match ``pattern`` as a regular expression.</doc>
<status status="PASS" start="2024-06-14T21:15:31.367988" elapsed="0.000537"/>
</kw>
<kw name="Should Match Regexp" owner="BuiltIn">
<arg>${json_data['results'][0]['dob']['date']}</arg>
<arg>\\d{4}-\\d{2}-\\d{2}T\\d{2}:\\d{2}:\\d{2}\\.\\d{3}Z</arg>
<doc>Fails if ``string`` does not match ``pattern`` as a regular expression.</doc>
<status status="PASS" start="2024-06-14T21:15:31.368724" elapsed="0.000495"/>
</kw>
<kw name="Should Match Regexp" owner="BuiltIn">
<arg>${json_data['results'][0]['registered']['date']}</arg>
<arg>\\d{4}-\\d{2}-\\d{2}T\\d{2}:\\d{2}:\\d{2}\\.\\d{3}Z</arg>
<doc>Fails if ``string`` does not match ``pattern`` as a regular expression.</doc>
<status status="PASS" start="2024-06-14T21:15:31.369411" elapsed="0.000368"/>
</kw>
<kw name="Should Match Regexp" owner="BuiltIn">
<arg>${json_data['results'][0]['picture']['large']}</arg>
<arg>^https?://.*\.(?:png|jpe?g|gif|bmp)$</arg>
<doc>Fails if ``string`` does not match ``pattern`` as a regular expression.</doc>
<status status="PASS" start="2024-06-14T21:15:31.369968" elapsed="0.000455"/>
</kw>
<kw name="Should Match Regexp" owner="BuiltIn">
<arg>${json_data['results'][0]['picture']['medium']}</arg>
<arg>^https?://.*\.(?:png|jpe?g|gif|bmp)$</arg>
<doc>Fails if ``string`` does not match ``pattern`` as a regular expression.</doc>
<status status="PASS" start="2024-06-14T21:15:31.370617" elapsed="0.000378"/>
</kw>
<kw name="Should Match Regexp" owner="BuiltIn">
<arg>${json_data['results'][0]['picture']['thumbnail']}</arg>
<arg>^https?://.*\.(?:png|jpe?g|gif|bmp)$</arg>
<doc>Fails if ``string`` does not match ``pattern`` as a regular expression.</doc>
<status status="PASS" start="2024-06-14T21:15:31.371198" elapsed="0.000349"/>
</kw>
<kw name="Log" owner="BuiltIn">
<msg time="2024-06-14T21:15:31.372061" level="INFO">{'large': 'https://randomuser.me/api/portraits/women/92.jpg', 'medium': 'https://randomuser.me/api/portraits/med/women/92.jpg', 'thumbnail': 'https://randomuser.me/api/portraits/thumb/women/92.jpg'}</msg>
<arg>${json_data['results'][0]['picture']}</arg>
<doc>Logs the given message with the given level.</doc>
<status status="PASS" start="2024-06-14T21:15:31.371730" elapsed="0.000375"/>
</kw>
<status status="PASS" start="2024-06-14T21:15:31.274709" elapsed="0.097657"/>
</kw>
<kw name="Teste de Tipos de Dados - Postcode" owner="random-user-service">
<kw name="GET On Session" owner="RequestsLibrary">
<msg time="2024-06-14T21:15:31.474114" level="INFO">GET Request : url=https://randomuser.me/api 
 path_url=/api 
 headers={'User-Agent': 'python-requests/2.32.3', 'Accept-Encoding': 'gzip, deflate', 'Accept': '*/*', 'Connection': 'keep-alive'} 
 body=None 
 </msg>
<msg time="2024-06-14T21:15:31.474223" level="INFO">GET Response : url=https://randomuser.me/api 
 status=200, reason=OK 
 headers={'Date': 'Fri, 14 Jun 2024 21:15:31 GMT', 'Content-Type': 'application/json; charset=utf-8', 'Transfer-Encoding': 'chunked', 'Connection': 'keep-alive', 'X-Powered-By': 'Express', 'Access-Control-Allow-Origin': '*', 'Cache-Control': 'no-cache', 'ETag': 'W/"475-q77O0mdykBMgOst32PVxr7++FlE"', 'Vary': 'Accept-Encoding', 'Content-Encoding': 'gzip', 'CF-Cache-Status': 'DYNAMIC', 'Report-To': '{"endpoints":[{"url":"https:\\/\\/a.nel.cloudflare.com\\/report\\/v4?s=bxd0uh1efpOKXEf%2FUDw15AF5GZIf%2F1555%2F6Q6FGIC%2F2uk7G1uGXcX0MIf1P3fw6Y1jdrfBIK2I7dYJmU%2FYvhZKeQqccXH2hKTguofjxwHDb9B25%2FAskZXvHgpFeQ8pVX"}],"group":"cf-nel","max_age":604800}', 'NEL': '{"success_fraction":0,"report_to":"cf-nel","max_age":604800}', 'Server': 'cloudflare', 'CF-RAY': '893d56111ade9644-SJC', 'alt-svc': 'h3=":443"; ma=86400'} 
 body={"results":[{"gender":"male","name":{"title":"Mr","first":"Wayne","last":"Riley"},"location":{"street":{"number":788,"name":"Pecan Acres Ln"},"city":"Mildura","state":"Tasmania","country":"Australia","postcode":1542,"coordinates":{"latitude":"-84.9884","longitude":"-57.8860"},"timezone":{"offset":"-12:00","description":"Eniwetok, Kwajalein"}},"email":"wayne.riley@example.com","login":{"uuid":"fc0199ab-23a1-419e-a028-6de82d24ec1b","username":"blacklion447","password":"4ever","salt":"hmQfeM6i","md5":"9073b2c96b9decdd605a6d59289674f5","sha1":"fa3ff1315504bf370562a3455c2727ff3f7557d5","sha256":"4f9a9e0d16e22fb7c9b75acba7d03117d5c82f37f005db38c34fe97f2fb6d232"},"dob":{"date":"1992-12-28T20:24:45.811Z","age":31},"registered":{"date":"2019-12-06T16:08:38.731Z","age":4},"phone":"01-8128-7178","cell":"0442-977-144","id":{"name":"TFN","value":"205321741"},"picture":{"large":"https://randomuser.me/api/portraits/men/50.jpg","medium":"https://randomuser.me/api/portraits/med/men/50.jpg","thumbnail":"https://randomuser.me/api/portraits/thumb/men/50.jpg"},"nat":"AU"}],"info":{"seed":"b40e1750355c5fe1","results":1,"page":1,"version":"1.4"}} 
 </msg>
<msg time="2024-06-14T21:15:31.474331" level="INFO">/opt/hostedtoolcache/Python/3.12.3/x64/lib/python3.12/site-packages/urllib3/connectionpool.py:1103: InsecureRequestWarning: Unverified HTTPS request is being made to host 'randomuser.me'. Adding certificate verification is strongly advised. See: https://urllib3.readthedocs.io/en/latest/advanced-usage.html#tls-warnings
  warnings.warn(</msg>
<msg time="2024-06-14T21:15:31.474485" level="INFO">${response} = &lt;Response [200]&gt;</msg>
<var>${response}</var>
<arg>consultarAPI</arg>
<arg>/api</arg>
<doc>Sends a GET request on a previously created HTTP Session.</doc>
<status status="PASS" start="2024-06-14T21:15:31.372851" elapsed="0.101684"/>
</kw>
<kw name="Set Variable" owner="BuiltIn">
<msg time="2024-06-14T21:15:31.475689" level="INFO">${json_data} = {'results': [{'gender': 'male', 'name': {'title': 'Mr', 'first': 'Wayne', 'last': 'Riley'}, 'location': {'street': {'number': 788, 'name': 'Pecan Acres Ln'}, 'city': 'Mildura', 'state': 'Tasmania', 'c...</msg>
<var>${json_data}</var>
<arg>${response.json()}</arg>
<doc>Returns the given values which can then be assigned to a variables.</doc>
<status status="PASS" start="2024-06-14T21:15:31.475146" elapsed="0.000573"/>
</kw>
<kw name="Log" owner="BuiltIn">
<msg time="2024-06-14T21:15:31.476196" level="INFO">{'results': [{'gender': 'male', 'name': {'title': 'Mr', 'first': 'Wayne', 'last': 'Riley'}, 'location': {'street': {'number': 788, 'name': 'Pecan Acres Ln'}, 'city': 'Mildura', 'state': 'Tasmania', 'country': 'Australia', 'postcode': 1542, 'coordinates': {'latitude': '-84.9884', 'longitude': '-57.8860'}, 'timezone': {'offset': '-12:00', 'description': 'Eniwetok, Kwajalein'}}, 'email': 'wayne.riley@example.com', 'login': {'uuid': 'fc0199ab-23a1-419e-a028-6de82d24ec1b', 'username': 'blacklion447', 'password': '4ever', 'salt': 'hmQfeM6i', 'md5': '9073b2c96b9decdd605a6d59289674f5', 'sha1': 'fa3ff1315504bf370562a3455c2727ff3f7557d5', 'sha256': '4f9a9e0d16e22fb7c9b75acba7d03117d5c82f37f005db38c34fe97f2fb6d232'}, 'dob': {'date': '1992-12-28T20:24:45.811Z', 'age': 31}, 'registered': {'date': '2019-12-06T16:08:38.731Z', 'age': 4}, 'phone': '01-8128-7178', 'cell': '0442-977-144', 'id': {'name': 'TFN', 'value': '205321741'}, 'picture': {'large': 'https://randomuser.me/api/portraits/men/50.jpg', 'medium': 'https://randomuser.me/api/portraits/med/men/50.jpg', 'thumbnail': 'https://randomuser.me/api/portraits/thumb/men/50.jpg'}, 'nat': 'AU'}], 'info': {'seed': 'b40e1750355c5fe1', 'results': 1, 'page': 1, 'version': '1.4'}}</msg>
<arg>${json_data}</arg>
<doc>Logs the given message with the given level.</doc>
<status status="PASS" start="2024-06-14T21:15:31.476037" elapsed="0.000218"/>
</kw>
<kw name="Should Be Equal As Numbers" owner="BuiltIn">
<arg>${json_data['results'][0]['location']['postcode']}</arg>
<arg>${json_data['results'][0]['location']['postcode']}</arg>
<doc>Fails if objects are unequal after converting them to real numbers.</doc>
<status status="PASS" start="2024-06-14T21:15:31.476560" elapsed="0.000633"/>
</kw>
<kw name="Log" owner="BuiltIn">
<msg time="2024-06-14T21:15:31.477723" level="INFO">1542</msg>
<arg>${json_data['results'][0]['location']['postcode']}</arg>
<doc>Logs the given message with the given level.</doc>
<status status="PASS" start="2024-06-14T21:15:31.477388" elapsed="0.000411"/>
</kw>
<status status="PASS" start="2024-06-14T21:15:31.372605" elapsed="0.105458"/>
</kw>
<doc>Testa se os tipos de dados na resposta da API estão corretos.</doc>
<tag>testeTiposDados</tag>
<status status="PASS" start="2024-06-14T21:15:31.274248" elapsed="0.203992"/>
</test>
<test id="s1-s1-t5" name="Validar conteudo" line="35">
<kw name="Teste de Tipos de Conteudo" owner="random-user-service">
<kw name="GET On Session" owner="RequestsLibrary">
<msg time="2024-06-14T21:15:31.571014" level="INFO">GET Request : url=https://randomuser.me/api 
 path_url=/api 
 headers={'User-Agent': 'python-requests/2.32.3', 'Accept-Encoding': 'gzip, deflate', 'Accept': '*/*', 'Connection': 'keep-alive'} 
 body=None 
 </msg>
<msg time="2024-06-14T21:15:31.571136" level="INFO">GET Response : url=https://randomuser.me/api 
 status=200, reason=OK 
 headers={'Date': 'Fri, 14 Jun 2024 21:15:31 GMT', 'Content-Type': 'application/json; charset=utf-8', 'Transfer-Encoding': 'chunked', 'Connection': 'keep-alive', 'X-Powered-By': 'Express', 'Access-Control-Allow-Origin': '*', 'Cache-Control': 'no-cache', 'ETag': 'W/"482-umQQMqQ+ZLFo/8i01dAuTndFcYI"', 'Vary': 'Accept-Encoding', 'Content-Encoding': 'gzip', 'CF-Cache-Status': 'DYNAMIC', 'Report-To': '{"endpoints":[{"url":"https:\\/\\/a.nel.cloudflare.com\\/report\\/v4?s=L6kz4I9RLMDaQ7ukInbKD77I5alZoVyeQ7Pa8tP8S9nMKHzySRtDpjPUbnmzSbaFkfID1hnXyRRHH2y1f89QrMOxsA9RcoeOYqTrYqvvDmN1SH1KD6WhLFvYyIcxs2yp"}],"group":"cf-nel","max_age":604800}', 'NEL': '{"success_fraction":0,"report_to":"cf-nel","max_age":604800}', 'Server': 'cloudflare', 'CF-RAY': '893d5611cb449644-SJC', 'alt-svc': 'h3=":443"; ma=86400'} 
 body={"results":[{"gender":"male","name":{"title":"Mr","first":"Rasmus","last":"Pedersen"},"location":{"street":{"number":3318,"name":"Rugvænget"},"city":"Kongsvinger","state":"Nordjylland","country":"Denmark","postcode":10415,"coordinates":{"latitude":"-39.0970","longitude":"-92.6595"},"timezone":{"offset":"+2:00","description":"Kaliningrad, South Africa"}},"email":"rasmus.pedersen@example.com","login":{"uuid":"cb85a6a0-3fc2-4c02-b7f5-8ff97fe12798","username":"whitefrog573","password":"jakejake","salt":"m0VlUbh9","md5":"343a26d3b8ffe13dfab143a6e3389089","sha1":"7a873d47fcdfc45cace0cfb686940a5c70678051","sha256":"3c77bb9104161d657f69ed8781bf3325b8f9e44c4328cbe4d1ba8fb8cc1d730b"},"dob":{"date":"1998-06-03T17:23:42.646Z","age":26},"registered":{"date":"2021-09-23T17:51:01.193Z","age":2},"phone":"49811465","cell":"96765891","id":{"name":"CPR","value":"030698-1691"},"picture":{"large":"https://randomuser.me/api/portraits/men/58.jpg","medium":"https://randomuser.me/api/portraits/med/men/58.jpg","thumbnail":"https://randomuser.me/api/portraits/thumb/men/58.jpg"},"nat":"DK"}],"info":{"seed":"b511f3deb3289468","results":1,"page":1,"version":"1.4"}} 
 </msg>
<msg time="2024-06-14T21:15:31.571231" level="INFO">/opt/hostedtoolcache/Python/3.12.3/x64/lib/python3.12/site-packages/urllib3/connectionpool.py:1103: InsecureRequestWarning: Unverified HTTPS request is being made to host 'randomuser.me'. Adding certificate verification is strongly advised. See: https://urllib3.readthedocs.io/en/latest/advanced-usage.html#tls-warnings
  warnings.warn(</msg>
<msg time="2024-06-14T21:15:31.571386" level="INFO">${response} = &lt;Response [200]&gt;</msg>
<var>${response}</var>
<arg>consultarAPI</arg>
<arg>/api</arg>
<doc>Sends a GET request on a previously created HTTP Session.</doc>
<status status="PASS" start="2024-06-14T21:15:31.480861" elapsed="0.090573"/>
</kw>
<kw name="Set Variable" owner="BuiltIn">
<msg time="2024-06-14T21:15:31.572528" level="INFO">${json_data} = {'results': [{'gender': 'male', 'name': {'title': 'Mr', 'first': 'Rasmus', 'last': 'Pedersen'}, 'location': {'street': {'number': 3318, 'name': 'Rugvænget'}, 'city': 'Kongsvinger', 'state': 'Nordjylla...</msg>
<var>${json_data}</var>
<arg>${response.json()}</arg>
<doc>Returns the given values which can then be assigned to a variables.</doc>
<status status="PASS" start="2024-06-14T21:15:31.571971" elapsed="0.000589"/>
</kw>
<kw name="Set Variable" owner="BuiltIn">
<msg time="2024-06-14T21:15:31.573258" level="INFO">${name_title} = Mr</msg>
<var>${name_title}</var>
<arg>${json_data["results"][0]["name"]["title"]}</arg>
<doc>Returns the given values which can then be assigned to a variables.</doc>
<status status="PASS" start="2024-06-14T21:15:31.572874" elapsed="0.000411"/>
</kw>
<kw name="Create List" owner="BuiltIn">
<msg time="2024-06-14T21:15:31.573736" level="INFO">${allowed_titles} = ['Mr', 'Ms', 'Miss', 'Mrs', 'Madame', 'Monsieur']</msg>
<var>${allowed_titles}</var>
<arg>Mr</arg>
<arg>Ms</arg>
<arg>Miss</arg>
<arg>Mrs</arg>
<arg>Madame</arg>
<arg>Monsieur</arg>
<doc>Returns a list containing given items.</doc>
<status status="PASS" start="2024-06-14T21:15:31.573587" elapsed="0.000174"/>
</kw>
<kw name="List Should Contain Value" owner="Collections">
<arg>${allowed_titles}</arg>
<arg>${name_title}</arg>
<doc>Fails if the ``value`` is not found from ``list``.</doc>
<status status="PASS" start="2024-06-14T21:15:31.574060" elapsed="0.000178"/>
</kw>
<kw name="Set Variable" owner="BuiltIn">
<msg time="2024-06-14T21:15:31.574792" level="INFO">${name_country} = DK</msg>
<var>${name_country}</var>
<arg>${json_data["results"][0]["nat"]}</arg>
<doc>Returns the given values which can then be assigned to a variables.</doc>
<status status="PASS" start="2024-06-14T21:15:31.574424" elapsed="0.000393"/>
</kw>
<kw name="Create List" owner="BuiltIn">
<msg time="2024-06-14T21:15:31.575768" level="INFO">${list_country} = ['AD', 'AE', 'AF', 'AG', 'AI', 'AL', 'AM', 'AO', 'AQ', 'AR', 'AS', 'AT', 'AU', 'AW', 'AX', 'AZ', 'BA', 'BB', 'BD', 'BE', 'BF', 'BG', 'BH', 'BI', 'BJ', 'BL', 'BM', 'BN', 'BO', 'BQ', 'BR', 'BS', 'BT', '...</msg>
<var>${list_country}</var>
<arg>AD</arg>
<arg>AE</arg>
<arg>AF</arg>
<arg>AG</arg>
<arg>AI</arg>
<arg>AL</arg>
<arg>AM</arg>
<arg>AO</arg>
<arg>AQ</arg>
<arg>AR</arg>
<arg>AS</arg>
<arg>AT</arg>
<arg>AU</arg>
<arg>AW</arg>
<arg>AX</arg>
<arg>AZ</arg>
<arg>BA</arg>
<arg>BB</arg>
<arg>BD</arg>
<arg>BE</arg>
<arg>BF</arg>
<arg>BG</arg>
<arg>BH</arg>
<arg>BI</arg>
<arg>BJ</arg>
<arg>BL</arg>
<arg>BM</arg>
<arg>BN</arg>
<arg>BO</arg>
<arg>BQ</arg>
<arg>BR</arg>
<arg>BS</arg>
<arg>BT</arg>
<arg>BV</arg>
<arg>BW</arg>
<arg>BY</arg>
<arg>BZ</arg>
<arg>CA</arg>
<arg>CC</arg>
<arg>CD</arg>
<arg>CF</arg>
<arg>CG</arg>
<arg>CH</arg>
<arg>CI</arg>
<arg>CK</arg>
<arg>CL</arg>
<arg>CM</arg>
<arg>CN</arg>
<arg>CO</arg>
<arg>CR</arg>
<arg>CU</arg>
<arg>CV</arg>
<arg>CW</arg>
<arg>CX</arg>
<arg>CY</arg>
<arg>CZ</arg>
<arg>DE</arg>
<arg>DJ</arg>
<arg>DK</arg>
<arg>DM</arg>
<arg>DO</arg>
<arg>DZ</arg>
<arg>EC</arg>
<arg>EE</arg>
<arg>EG</arg>
<arg>EH</arg>
<arg>ER</arg>
<arg>ES</arg>
<arg>ET</arg>
<arg>FI</arg>
<arg>FJ</arg>
<arg>FK</arg>
<arg>FM</arg>
<arg>FO</arg>
<arg>FR</arg>
<arg>GA</arg>
<arg>GB</arg>
<arg>GD</arg>
<arg>GE</arg>
<arg>GF</arg>
<arg>GG</arg>
<arg>GH</arg>
<arg>GI</arg>
<arg>GL</arg>
<arg>GM</arg>
<arg>GN</arg>
<arg>GP</arg>
<arg>GQ</arg>
<arg>GR</arg>
<arg>GS</arg>
<arg>GT</arg>
<arg>GU</arg>
<arg>GW</arg>
<arg>GY</arg>
<arg>HK</arg>
<arg>HM</arg>
<arg>HN</arg>
<arg>HR</arg>
<arg>HT</arg>
<arg>HU</arg>
<arg>ID</arg>
<arg>IE</arg>
<arg>IL</arg>
<arg>IM</arg>
<arg>IN</arg>
<arg>IO</arg>
<arg>IQ</arg>
<arg>IR</arg>
<arg>IS</arg>
<arg>IT</arg>
<arg>JE</arg>
<arg>JM</arg>
<arg>JO</arg>
<arg>JP</arg>
<arg>KE</arg>
<arg>KG</arg>
<arg>KH</arg>
<arg>KI</arg>
<arg>KM</arg>
<arg>KN</arg>
<arg>KP</arg>
<arg>KR</arg>
<arg>KW</arg>
<arg>KY</arg>
<arg>KZ</arg>
<arg>LA</arg>
<arg>LB</arg>
<arg>LC</arg>
<arg>LI</arg>
<arg>LK</arg>
<arg>LR</arg>
<arg>LS</arg>
<arg>LT</arg>
<arg>LU</arg>
<arg>LV</arg>
<arg>LY</arg>
<arg>MA</arg>
<arg>MC</arg>
<arg>MD</arg>
<arg>ME</arg>
<arg>MF</arg>
<arg>MG</arg>
<arg>MH</arg>
<arg>MK</arg>
<arg>ML</arg>
<arg>MM</arg>
<arg>MN</arg>
<arg>MO</arg>
<arg>MP</arg>
<arg>MQ</arg>
<arg>MR</arg>
<arg>MS</arg>
<arg>MT</arg>
<arg>MU</arg>
<arg>MV</arg>
<arg>MW</arg>
<arg>MX</arg>
<arg>MY</arg>
<arg>MZ</arg>
<arg>NA</arg>
<arg>NC</arg>
<arg>NE</arg>
<arg>NF</arg>
<arg>NG</arg>
<arg>NI</arg>
<arg>NL</arg>
<arg>NO</arg>
<arg>NP</arg>
<arg>NR</arg>
<arg>NU</arg>
<arg>NZ</arg>
<arg>OM</arg>
<arg>PA</arg>
<arg>PE</arg>
<arg>PF</arg>
<arg>PG</arg>
<arg>PH</arg>
<arg>PK</arg>
<arg>PL</arg>
<arg>PM</arg>
<arg>PN</arg>
<arg>PR</arg>
<arg>PS</arg>
<arg>PT</arg>
<arg>PW</arg>
<arg>PY</arg>
<arg>QA</arg>
<arg>RE</arg>
<arg>RO</arg>
<arg>RS</arg>
<arg>RU</arg>
<arg>RW</arg>
<arg>SA</arg>
<arg>SB</arg>
<arg>SC</arg>
<arg>SD</arg>
<arg>SE</arg>
<arg>SG</arg>
<arg>SH</arg>
<arg>SI</arg>
<arg>SJ</arg>
<arg>SK</arg>
<arg>SL</arg>
<arg>SM</arg>
<arg>SN</arg>
<arg>SO</arg>
<arg>SR</arg>
<arg>SS</arg>
<arg>ST</arg>
<arg>SV</arg>
<arg>SX</arg>
<arg>SY</arg>
<arg>SZ</arg>
<arg>TC</arg>
<arg>TD</arg>
<arg>TF</arg>
<arg>TG</arg>
<arg>TH</arg>
<arg>TJ</arg>
<arg>TK</arg>
<arg>TL</arg>
<arg>TM</arg>
<arg>TN</arg>
<arg>TO</arg>
<arg>TR</arg>
<arg>TT</arg>
<arg>TV</arg>
<arg>TW</arg>
<arg>TZ</arg>
<arg>UA</arg>
<arg>UG</arg>
<arg>UM</arg>
<arg>US</arg>
<arg>UY</arg>
<arg>UZ</arg>
<arg>VA</arg>
<arg>VC</arg>
<arg>VE</arg>
<arg>VG</arg>
<arg>VI</arg>
<arg>VN</arg>
<arg>VU</arg>
<arg>WF</arg>
<arg>WS</arg>
<arg>XK</arg>
<arg>YE</arg>
<arg>YT</arg>
<arg>ZA</arg>
<arg>ZM</arg>
<arg>ZW</arg>
<doc>Returns a list containing given items.</doc>
<status status="PASS" start="2024-06-14T21:15:31.575166" elapsed="0.000628"/>
</kw>
<kw name="List Should Contain Value" owner="Collections">
<arg>${list_country}</arg>
<arg>${name_country}</arg>
<doc>Fails if the ``value`` is not found from ``list``.</doc>
<status status="PASS" start="2024-06-14T21:15:31.576582" elapsed="0.000205"/>
</kw>
<kw name="Run Keyword If" owner="BuiltIn">
<kw name="Should Be True" owner="BuiltIn">
<arg>${True}</arg>
<doc>Fails if the given condition is not true.</doc>
<status status="PASS" start="2024-06-14T21:15:31.577876" elapsed="0.000143"/>
</kw>
<arg>${json_data["results"][0]["location"]["coordinates"]["latitude"]} &gt;= -90 and ${json_data["results"][0]["location"]["coordinates"]["latitude"]} &lt;= 90</arg>
<arg>Should Be True</arg>
<arg>${True}</arg>
<doc>Runs the given keyword with the given arguments, if ``condition`` is true.</doc>
<status status="PASS" start="2024-06-14T21:15:31.576990" elapsed="0.001157"/>
</kw>
<kw name="Run Keyword If" owner="BuiltIn">
<kw name="Should Be True" owner="BuiltIn">
<arg>${True}</arg>
<doc>Fails if the given condition is not true.</doc>
<status status="PASS" start="2024-06-14T21:15:31.579040" elapsed="0.000149"/>
</kw>
<arg>${json_data["results"][0]["location"]["coordinates"]["longitude"]} &gt;= -180 and ${json_data["results"][0]["location"]["coordinates"]["longitude"]} &lt;= 180</arg>
<arg>Should Be True</arg>
<arg>${True}</arg>
<doc>Runs the given keyword with the given arguments, if ``condition`` is true.</doc>
<status status="PASS" start="2024-06-14T21:15:31.578329" elapsed="0.000987"/>
</kw>
<status status="PASS" start="2024-06-14T21:15:31.480631" elapsed="0.098821"/>
</kw>
<doc>Testa o conteúdo específico dos campos retornados pela API.</doc>
<tag>testeConteudo</tag>
<status status="PASS" start="2024-06-14T21:15:31.480083" elapsed="0.099522"/>
</test>
<status status="PASS" start="2024-06-14T21:15:30.501945" elapsed="1.079672"/>
</suite>
<status status="PASS" start="2024-06-14T21:15:30.488013" elapsed="1.098787"/>
</suite>
<statistics>
<total>
<stat pass="5" fail="0" skip="0">All Tests</stat>
</total>
<tag>
<stat pass="1" fail="0" skip="0">testeConteudo</stat>
<stat pass="1" fail="0" skip="0">testeEstruturaResposta</stat>
<stat pass="1" fail="0" skip="0">testeRequisicaoBasica</stat>
<stat pass="1" fail="0" skip="0">testeTiposDados</stat>
</tag>
<suite>
<stat pass="5" fail="0" skip="0" id="s1" name="Tests">Tests</stat>
<stat pass="5" fail="0" skip="0" id="s1-s1" name="Random-User-Test">Tests.Random-User-Test</stat>
</suite>
</statistics>
<errors>
</errors>
</robot>
