<?xml version="1.0" encoding="UTF-8"?>
<robot generator="Robot 7.0.1 (Python 3.12.4 on linux)" generated="2024-06-30T11:11:27.393330" rpa="false" schemaversion="5">
<suite id="s1" name="Tests" source="/home/runner/work/ApiRandomUser/ApiRandomUser/RamdonUser/tests">
<suite id="s1-s1" name="Random-User-Test" source="/home/runner/work/ApiRandomUser/ApiRandomUser/RamdonUser/tests/random-user-test.robot">
<test id="s1-s1-t1" name="Conectar" line="13">
<kw name="Conectar API" owner="random-user-service">
<kw name="Create Session" owner="RequestsLibrary">
<msg time="2024-06-30T11:11:27.796263" level="INFO">Creating Session using : alias=consultarAPI, url=https://randomuser.me/, headers={},                     cookies={}, auth=None, timeout=None, proxies=None, verify=False,                     debug=0 </msg>
<arg>consultarAPI</arg>
<arg>${URL}</arg>
<doc>Create Session: create a HTTP session to a server</doc>
<status status="PASS" start="2024-06-30T11:11:27.796066" elapsed="0.000360"/>
</kw>
<status status="PASS" start="2024-06-30T11:11:27.795152" elapsed="0.001612"/>
</kw>
<status status="PASS" start="2024-06-30T11:11:27.794635" elapsed="0.002320"/>
</test>
<test id="s1-s1-t2" name="Validar retorno 200 e JSON Válido" line="16">
<kw name="Teste de Requisicao Basica" owner="random-user-service">
<kw name="GET On Session" owner="RequestsLibrary">
<msg time="2024-06-30T11:11:27.952359" level="INFO">GET Request : url=https://randomuser.me/api 
 path_url=/api 
 headers={'User-Agent': 'python-requests/2.32.3', 'Accept-Encoding': 'gzip, deflate', 'Accept': '*/*', 'Connection': 'keep-alive'} 
 body=None 
 </msg>
<msg time="2024-06-30T11:11:27.952489" level="INFO">GET Response : url=https://randomuser.me/api 
 status=200, reason=OK 
 headers={'Date': 'Sun, 30 Jun 2024 11:11:27 GMT', 'Content-Type': 'application/json; charset=utf-8', 'Transfer-Encoding': 'chunked', 'Connection': 'keep-alive', 'X-Powered-By': 'Express', 'Access-Control-Allow-Origin': '*', 'Cache-Control': 'no-cache', 'ETag': 'W/"491-GjMTV09GW4PQA80xHGuzRAWsQIs"', 'Vary': 'Accept-Encoding', 'Content-Encoding': 'gzip', 'CF-Cache-Status': 'DYNAMIC', 'Report-To': '{"endpoints":[{"url":"https:\\/\\/a.nel.cloudflare.com\\/report\\/v4?s=zHrWL0sRDparrxOfxwzf6WxIUAnriJQt7yaYOOaZxezwQU%2FqzH0HYBSyZGrWvPff9LKYg8gE1q3Xo60vq0svqedBtrz8s4POiyuYE3wKJHaRCijST%2FgGJKmSP3YM5Qcs"}],"group":"cf-nel","max_age":604800}', 'NEL': '{"success_fraction":0,"report_to":"cf-nel","max_age":604800}', 'Server': 'cloudflare', 'CF-RAY': '89bdb73719437ecf-LAX', 'alt-svc': 'h3=":443"; ma=86400'} 
 body={"results":[{"gender":"male","name":{"title":"Mr","first":"Willie","last":"Lawrence"},"location":{"street":{"number":2932,"name":"The Crescent"},"city":"Oranmore","state":"Cork City","country":"Ireland","postcode":56422,"coordinates":{"latitude":"2.9763","longitude":"-42.2026"},"timezone":{"offset":"+8:00","description":"Beijing, Perth, Singapore, Hong Kong"}},"email":"willie.lawrence@example.com","login":{"uuid":"f8d4db28-472b-4379-988b-7c1301ae0ea6","username":"orangepeacock495","password":"liberty","salt":"sEiSmEKf","md5":"99836f8d5d6c55308e8995947bfbd988","sha1":"f19f478e2996989e1858dd9be3d7dea2584c28d8","sha256":"d00dd0607914fa957bcc805528da9fda90f7df1a3141a27cac558c73157cd72d"},"dob":{"date":"1989-09-07T19:31:46.092Z","age":34},"registered":{"date":"2004-03-28T03:01:45.449Z","age":20},"phone":"011-068-0964","cell":"081-639-9904","id":{"name":"PPS","value":"6875261T"},"picture":{"large":"https://randomuser.me/api/portraits/men/23.jpg","medium":"https://randomuser.me/api/portraits/med/men/23.jpg","thumbnail":"https://randomuser.me/api/portraits/thumb/men/23.jpg"},"nat":"IE"}],"info":{"seed":"3616d31abaa0998d","results":1,"page":1,"version":"1.4"}} 
 </msg>
<msg time="2024-06-30T11:11:27.952581" level="INFO">/opt/hostedtoolcache/Python/3.12.4/x64/lib/python3.12/site-packages/urllib3/connectionpool.py:1099: InsecureRequestWarning: Unverified HTTPS request is being made to host 'randomuser.me'. Adding certificate verification is strongly advised. See: https://urllib3.readthedocs.io/en/latest/advanced-usage.html#tls-warnings
  warnings.warn(</msg>
<msg time="2024-06-30T11:11:27.952751" level="INFO">${response} = &lt;Response [200]&gt;</msg>
<var>${response}</var>
<arg>consultarAPI</arg>
<arg>/api</arg>
<doc>Sends a GET request on a previously created HTTP Session.</doc>
<status status="PASS" start="2024-06-30T11:11:27.799586" elapsed="0.153251"/>
</kw>
<kw name="Should Be Equal As Numbers" owner="BuiltIn">
<msg time="2024-06-30T11:11:27.953611" level="INFO">Argument types are:
&lt;class 'int'&gt;
&lt;class 'str'&gt;</msg>
<arg>${response.status_code}</arg>
<arg>200</arg>
<doc>Fails if objects are unequal after converting them to real numbers.</doc>
<status status="PASS" start="2024-06-30T11:11:27.953219" elapsed="0.000452"/>
</kw>
<kw name="Log" owner="BuiltIn">
<msg time="2024-06-30T11:11:27.954372" level="INFO">200</msg>
<arg>${response.status_code}</arg>
<doc>Logs the given message with the given level.</doc>
<status status="PASS" start="2024-06-30T11:11:27.954017" elapsed="0.000397"/>
</kw>
<kw name="Set Variable" owner="BuiltIn">
<msg time="2024-06-30T11:11:27.955127" level="INFO">${json_data} = {'results': [{'gender': 'male', 'name': {'title': 'Mr', 'first': 'Willie', 'last': 'Lawrence'}, 'location': {'street': {'number': 2932, 'name': 'The Crescent'}, 'city': 'Oranmore', 'state': 'Cork City...</msg>
<var>${json_data}</var>
<arg>${response.json()}</arg>
<doc>Returns the given values which can then be assigned to a variables.</doc>
<status status="PASS" start="2024-06-30T11:11:27.954712" elapsed="0.000442"/>
</kw>
<kw name="Dictionary Should Contain Key" owner="Collections">
<arg>${json_data}</arg>
<arg>results</arg>
<doc>Fails if ``key`` is not found from ``dictionary``.</doc>
<status status="PASS" start="2024-06-30T11:11:27.955444" elapsed="0.000159"/>
</kw>
<status status="PASS" start="2024-06-30T11:11:27.799340" elapsed="0.156402"/>
</kw>
<doc>Testa se a API responde corretamente e retorna um objeto JSON válido.</doc>
<tag>testeRequisicaoBasica</tag>
<status status="PASS" start="2024-06-30T11:11:27.798881" elapsed="0.157014"/>
</test>
<test id="s1-s1-t3" name="Validar estrutura de resposta" line="22">
<kw name="Teste de Estrutura de Resposta" owner="random-user-service">
<kw name="GET On Session" owner="RequestsLibrary">
<msg time="2024-06-30T11:11:28.049710" level="INFO">GET Request : url=https://randomuser.me/api 
 path_url=/api 
 headers={'User-Agent': 'python-requests/2.32.3', 'Accept-Encoding': 'gzip, deflate', 'Accept': '*/*', 'Connection': 'keep-alive'} 
 body=None 
 </msg>
<msg time="2024-06-30T11:11:28.049796" level="INFO">GET Response : url=https://randomuser.me/api 
 status=200, reason=OK 
 headers={'Date': 'Sun, 30 Jun 2024 11:11:28 GMT', 'Content-Type': 'application/json; charset=utf-8', 'Transfer-Encoding': 'chunked', 'Connection': 'keep-alive', 'X-Powered-By': 'Express', 'Access-Control-Allow-Origin': '*', 'Cache-Control': 'no-cache', 'ETag': 'W/"490-d/t8U2c40JjKq8uRaUzpsv+wwVg"', 'Vary': 'Accept-Encoding', 'Content-Encoding': 'gzip', 'CF-Cache-Status': 'DYNAMIC', 'Report-To': '{"endpoints":[{"url":"https:\\/\\/a.nel.cloudflare.com\\/report\\/v4?s=ldTIQZFjsjcgDxnYrQo5DXDUOVKF34DLS1wYDbpJIeT24IyWEw0c49ym7g4itRCREFE%2FxKG%2BJihCW4jCOE%2Fx462Oy44ofHsizSQZpjXX%2BduvJ2BGvtKoH90TeAbddPrQ"}],"group":"cf-nel","max_age":604800}', 'NEL': '{"success_fraction":0,"report_to":"cf-nel","max_age":604800}', 'Server': 'cloudflare', 'CF-RAY': '89bdb737c9b87ecf-LAX', 'alt-svc': 'h3=":443"; ma=86400'} 
 body={"results":[{"gender":"male","name":{"title":"Mr","first":"Louis","last":"Gill"},"location":{"street":{"number":9968,"name":"York St"},"city":"Delisle","state":"Saskatchewan","country":"Canada","postcode":"Z5P 2G9","coordinates":{"latitude":"-64.4403","longitude":"-163.1886"},"timezone":{"offset":"0:00","description":"Western Europe Time, London, Lisbon, Casablanca"}},"email":"louis.gill@example.com","login":{"uuid":"957ff4e7-2ff7-49aa-8a00-3849177d0f75","username":"angrybear312","password":"nadine","salt":"k87DJONV","md5":"f44a15ce4fffd98ee822d082dd85b093","sha1":"d137236d3a2898a39b41b12bfb0be530ba6bd186","sha256":"5a63cc935347075d0e03a09a6b43b414c06a0bfb6fd6119fef5611180bd53f8d"},"dob":{"date":"1975-10-12T22:40:42.406Z","age":48},"registered":{"date":"2007-07-09T08:53:31.399Z","age":16},"phone":"C44 W09-4364","cell":"I25 Y77-8650","id":{"name":"SIN","value":"567377759"},"picture":{"large":"https://randomuser.me/api/portraits/men/58.jpg","medium":"https://randomuser.me/api/portraits/med/men/58.jpg","thumbnail":"https://randomuser.me/api/portraits/thumb/men/58.jpg"},"nat":"CA"}],"info":{"seed":"a93867797b65d6f4","results":1,"page":1,"version":"1.4"}} 
 </msg>
<msg time="2024-06-30T11:11:28.049958" level="INFO">/opt/hostedtoolcache/Python/3.12.4/x64/lib/python3.12/site-packages/urllib3/connectionpool.py:1099: InsecureRequestWarning: Unverified HTTPS request is being made to host 'randomuser.me'. Adding certificate verification is strongly advised. See: https://urllib3.readthedocs.io/en/latest/advanced-usage.html#tls-warnings
  warnings.warn(</msg>
<msg time="2024-06-30T11:11:28.050099" level="INFO">${response} = &lt;Response [200]&gt;</msg>
<var>${response}</var>
<arg>consultarAPI</arg>
<arg>/api</arg>
<doc>Sends a GET request on a previously created HTTP Session.</doc>
<status status="PASS" start="2024-06-30T11:11:27.958459" elapsed="0.091679"/>
</kw>
<kw name="Set Variable" owner="BuiltIn">
<msg time="2024-06-30T11:11:28.050938" level="INFO">${json_data} = {'results': [{'gender': 'male', 'name': {'title': 'Mr', 'first': 'Louis', 'last': 'Gill'}, 'location': {'street': {'number': 9968, 'name': 'York St'}, 'city': 'Delisle', 'state': 'Saskatchewan', 'coun...</msg>
<var>${json_data}</var>
<arg>${response.json()}</arg>
<doc>Returns the given values which can then be assigned to a variables.</doc>
<status status="PASS" start="2024-06-30T11:11:28.050502" elapsed="0.000464"/>
</kw>
<kw name="Log" owner="BuiltIn">
<msg time="2024-06-30T11:11:28.051423" level="INFO">{'results': [{'gender': 'male', 'name': {'title': 'Mr', 'first': 'Louis', 'last': 'Gill'}, 'location': {'street': {'number': 9968, 'name': 'York St'}, 'city': 'Delisle', 'state': 'Saskatchewan', 'country': 'Canada', 'postcode': 'Z5P 2G9', 'coordinates': {'latitude': '-64.4403', 'longitude': '-163.1886'}, 'timezone': {'offset': '0:00', 'description': 'Western Europe Time, London, Lisbon, Casablanca'}}, 'email': 'louis.gill@example.com', 'login': {'uuid': '957ff4e7-2ff7-49aa-8a00-3849177d0f75', 'username': 'angrybear312', 'password': 'nadine', 'salt': 'k87DJONV', 'md5': 'f44a15ce4fffd98ee822d082dd85b093', 'sha1': 'd137236d3a2898a39b41b12bfb0be530ba6bd186', 'sha256': '5a63cc935347075d0e03a09a6b43b414c06a0bfb6fd6119fef5611180bd53f8d'}, 'dob': {'date': '1975-10-12T22:40:42.406Z', 'age': 48}, 'registered': {'date': '2007-07-09T08:53:31.399Z', 'age': 16}, 'phone': 'C44 W09-4364', 'cell': 'I25 Y77-8650', 'id': {'name': 'SIN', 'value': '567377759'}, 'picture': {'large': 'https://randomuser.me/api/portraits/men/58.jpg', 'medium': 'https://randomuser.me/api/portraits/med/men/58.jpg', 'thumbnail': 'https://randomuser.me/api/portraits/thumb/men/58.jpg'}, 'nat': 'CA'}], 'info': {'seed': 'a93867797b65d6f4', 'results': 1, 'page': 1, 'version': '1.4'}}</msg>
<arg>${json_data}</arg>
<doc>Logs the given message with the given level.</doc>
<status status="PASS" start="2024-06-30T11:11:28.051269" elapsed="0.000201"/>
</kw>
<kw name="Dictionary Should Contain Key" owner="Collections">
<arg>${json_data}</arg>
<arg>results</arg>
<doc>Fails if ``key`` is not found from ``dictionary``.</doc>
<status status="PASS" start="2024-06-30T11:11:28.051757" elapsed="0.000149"/>
</kw>
<kw name="Should Not Be Empty" owner="BuiltIn">
<msg time="2024-06-30T11:11:28.052221" level="INFO">Length is 2.</msg>
<arg>${json_data}</arg>
<doc>Verifies that the given item is not empty.</doc>
<status status="PASS" start="2024-06-30T11:11:28.052086" elapsed="0.000172"/>
</kw>
<kw name="Create List" owner="BuiltIn">
<msg time="2024-06-30T11:11:28.052809" level="INFO">${expected_keys} = ['gender', 'name', 'location', 'email', 'login']</msg>
<var>${expected_keys}</var>
<arg>gender</arg>
<arg>name</arg>
<arg>location</arg>
<arg>email</arg>
<arg>login</arg>
<doc>Returns a list containing given items.</doc>
<status status="PASS" start="2024-06-30T11:11:28.052547" elapsed="0.000286"/>
</kw>
<for flavor="IN">
<iter>
<kw name="Dictionary Should Contain Key" owner="Collections">
<arg>${json_data['results'][0]}</arg>
<arg>${key}</arg>
<doc>Fails if ``key`` is not found from ``dictionary``.</doc>
<status status="PASS" start="2024-06-30T11:11:28.053391" elapsed="0.000391"/>
</kw>
<kw name="Log" owner="BuiltIn">
<msg time="2024-06-30T11:11:28.054377" level="INFO">{'gender': 'male', 'name': {'title': 'Mr', 'first': 'Louis', 'last': 'Gill'}, 'location': {'street': {'number': 9968, 'name': 'York St'}, 'city': 'Delisle', 'state': 'Saskatchewan', 'country': 'Canada', 'postcode': 'Z5P 2G9', 'coordinates': {'latitude': '-64.4403', 'longitude': '-163.1886'}, 'timezone': {'offset': '0:00', 'description': 'Western Europe Time, London, Lisbon, Casablanca'}}, 'email': 'louis.gill@example.com', 'login': {'uuid': '957ff4e7-2ff7-49aa-8a00-3849177d0f75', 'username': 'angrybear312', 'password': 'nadine', 'salt': 'k87DJONV', 'md5': 'f44a15ce4fffd98ee822d082dd85b093', 'sha1': 'd137236d3a2898a39b41b12bfb0be530ba6bd186', 'sha256': '5a63cc935347075d0e03a09a6b43b414c06a0bfb6fd6119fef5611180bd53f8d'}, 'dob': {'date': '1975-10-12T22:40:42.406Z', 'age': 48}, 'registered': {'date': '2007-07-09T08:53:31.399Z', 'age': 16}, 'phone': 'C44 W09-4364', 'cell': 'I25 Y77-8650', 'id': {'name': 'SIN', 'value': '567377759'}, 'picture': {'large': 'https://randomuser.me/api/portraits/men/58.jpg', 'medium': 'https://randomuser.me/api/portraits/med/men/58.jpg', 'thumbnail': 'https://randomuser.me/api/portraits/thumb/men/58.jpg'}, 'nat': 'CA'}</msg>
<arg>${json_data['results'][0]}</arg>
<doc>Logs the given message with the given level.</doc>
<status status="PASS" start="2024-06-30T11:11:28.054014" elapsed="0.000409"/>
</kw>
<kw name="Log" owner="BuiltIn">
<msg time="2024-06-30T11:11:28.054849" level="INFO">gender</msg>
<arg>${key}</arg>
<doc>Logs the given message with the given level.</doc>
<status status="PASS" start="2024-06-30T11:11:28.054721" elapsed="0.000166"/>
</kw>
<var name="${key}">gender</var>
<status status="PASS" start="2024-06-30T11:11:28.053268" elapsed="0.001835"/>
</iter>
<iter>
<kw name="Dictionary Should Contain Key" owner="Collections">
<arg>${json_data['results'][0]}</arg>
<arg>${key}</arg>
<doc>Fails if ``key`` is not found from ``dictionary``.</doc>
<status status="PASS" start="2024-06-30T11:11:28.055395" elapsed="0.000383"/>
</kw>
<kw name="Log" owner="BuiltIn">
<msg time="2024-06-30T11:11:28.056309" level="INFO">{'gender': 'male', 'name': {'title': 'Mr', 'first': 'Louis', 'last': 'Gill'}, 'location': {'street': {'number': 9968, 'name': 'York St'}, 'city': 'Delisle', 'state': 'Saskatchewan', 'country': 'Canada', 'postcode': 'Z5P 2G9', 'coordinates': {'latitude': '-64.4403', 'longitude': '-163.1886'}, 'timezone': {'offset': '0:00', 'description': 'Western Europe Time, London, Lisbon, Casablanca'}}, 'email': 'louis.gill@example.com', 'login': {'uuid': '957ff4e7-2ff7-49aa-8a00-3849177d0f75', 'username': 'angrybear312', 'password': 'nadine', 'salt': 'k87DJONV', 'md5': 'f44a15ce4fffd98ee822d082dd85b093', 'sha1': 'd137236d3a2898a39b41b12bfb0be530ba6bd186', 'sha256': '5a63cc935347075d0e03a09a6b43b414c06a0bfb6fd6119fef5611180bd53f8d'}, 'dob': {'date': '1975-10-12T22:40:42.406Z', 'age': 48}, 'registered': {'date': '2007-07-09T08:53:31.399Z', 'age': 16}, 'phone': 'C44 W09-4364', 'cell': 'I25 Y77-8650', 'id': {'name': 'SIN', 'value': '567377759'}, 'picture': {'large': 'https://randomuser.me/api/portraits/men/58.jpg', 'medium': 'https://randomuser.me/api/portraits/med/men/58.jpg', 'thumbnail': 'https://randomuser.me/api/portraits/thumb/men/58.jpg'}, 'nat': 'CA'}</msg>
<arg>${json_data['results'][0]}</arg>
<doc>Logs the given message with the given level.</doc>
<status status="PASS" start="2024-06-30T11:11:28.055958" elapsed="0.000429"/>
</kw>
<kw name="Log" owner="BuiltIn">
<msg time="2024-06-30T11:11:28.056809" level="INFO">name</msg>
<arg>${key}</arg>
<doc>Logs the given message with the given level.</doc>
<status status="PASS" start="2024-06-30T11:11:28.056683" elapsed="0.000162"/>
</kw>
<var name="${key}">name</var>
<status status="PASS" start="2024-06-30T11:11:28.055284" elapsed="0.001777"/>
</iter>
<iter>
<kw name="Dictionary Should Contain Key" owner="Collections">
<arg>${json_data['results'][0]}</arg>
<arg>${key}</arg>
<doc>Fails if ``key`` is not found from ``dictionary``.</doc>
<status status="PASS" start="2024-06-30T11:11:28.057341" elapsed="0.000375"/>
</kw>
<kw name="Log" owner="BuiltIn">
<msg time="2024-06-30T11:11:28.058265" level="INFO">{'gender': 'male', 'name': {'title': 'Mr', 'first': 'Louis', 'last': 'Gill'}, 'location': {'street': {'number': 9968, 'name': 'York St'}, 'city': 'Delisle', 'state': 'Saskatchewan', 'country': 'Canada', 'postcode': 'Z5P 2G9', 'coordinates': {'latitude': '-64.4403', 'longitude': '-163.1886'}, 'timezone': {'offset': '0:00', 'description': 'Western Europe Time, London, Lisbon, Casablanca'}}, 'email': 'louis.gill@example.com', 'login': {'uuid': '957ff4e7-2ff7-49aa-8a00-3849177d0f75', 'username': 'angrybear312', 'password': 'nadine', 'salt': 'k87DJONV', 'md5': 'f44a15ce4fffd98ee822d082dd85b093', 'sha1': 'd137236d3a2898a39b41b12bfb0be530ba6bd186', 'sha256': '5a63cc935347075d0e03a09a6b43b414c06a0bfb6fd6119fef5611180bd53f8d'}, 'dob': {'date': '1975-10-12T22:40:42.406Z', 'age': 48}, 'registered': {'date': '2007-07-09T08:53:31.399Z', 'age': 16}, 'phone': 'C44 W09-4364', 'cell': 'I25 Y77-8650', 'id': {'name': 'SIN', 'value': '567377759'}, 'picture': {'large': 'https://randomuser.me/api/portraits/men/58.jpg', 'medium': 'https://randomuser.me/api/portraits/med/men/58.jpg', 'thumbnail': 'https://randomuser.me/api/portraits/thumb/men/58.jpg'}, 'nat': 'CA'}</msg>
<arg>${json_data['results'][0]}</arg>
<doc>Logs the given message with the given level.</doc>
<status status="PASS" start="2024-06-30T11:11:28.057916" elapsed="0.000393"/>
</kw>
<kw name="Log" owner="BuiltIn">
<msg time="2024-06-30T11:11:28.058735" level="INFO">location</msg>
<arg>${key}</arg>
<doc>Logs the given message with the given level.</doc>
<status status="PASS" start="2024-06-30T11:11:28.058607" elapsed="0.000165"/>
</kw>
<var name="${key}">location</var>
<status status="PASS" start="2024-06-30T11:11:28.057236" elapsed="0.001750"/>
</iter>
<iter>
<kw name="Dictionary Should Contain Key" owner="Collections">
<arg>${json_data['results'][0]}</arg>
<arg>${key}</arg>
<doc>Fails if ``key`` is not found from ``dictionary``.</doc>
<status status="PASS" start="2024-06-30T11:11:28.059262" elapsed="0.000385"/>
</kw>
<kw name="Log" owner="BuiltIn">
<msg time="2024-06-30T11:11:28.060173" level="INFO">{'gender': 'male', 'name': {'title': 'Mr', 'first': 'Louis', 'last': 'Gill'}, 'location': {'street': {'number': 9968, 'name': 'York St'}, 'city': 'Delisle', 'state': 'Saskatchewan', 'country': 'Canada', 'postcode': 'Z5P 2G9', 'coordinates': {'latitude': '-64.4403', 'longitude': '-163.1886'}, 'timezone': {'offset': '0:00', 'description': 'Western Europe Time, London, Lisbon, Casablanca'}}, 'email': 'louis.gill@example.com', 'login': {'uuid': '957ff4e7-2ff7-49aa-8a00-3849177d0f75', 'username': 'angrybear312', 'password': 'nadine', 'salt': 'k87DJONV', 'md5': 'f44a15ce4fffd98ee822d082dd85b093', 'sha1': 'd137236d3a2898a39b41b12bfb0be530ba6bd186', 'sha256': '5a63cc935347075d0e03a09a6b43b414c06a0bfb6fd6119fef5611180bd53f8d'}, 'dob': {'date': '1975-10-12T22:40:42.406Z', 'age': 48}, 'registered': {'date': '2007-07-09T08:53:31.399Z', 'age': 16}, 'phone': 'C44 W09-4364', 'cell': 'I25 Y77-8650', 'id': {'name': 'SIN', 'value': '567377759'}, 'picture': {'large': 'https://randomuser.me/api/portraits/men/58.jpg', 'medium': 'https://randomuser.me/api/portraits/med/men/58.jpg', 'thumbnail': 'https://randomuser.me/api/portraits/thumb/men/58.jpg'}, 'nat': 'CA'}</msg>
<arg>${json_data['results'][0]}</arg>
<doc>Logs the given message with the given level.</doc>
<status status="PASS" start="2024-06-30T11:11:28.059826" elapsed="0.000392"/>
</kw>
<kw name="Log" owner="BuiltIn">
<msg time="2024-06-30T11:11:28.060632" level="INFO">email</msg>
<arg>${key}</arg>
<doc>Logs the given message with the given level.</doc>
<status status="PASS" start="2024-06-30T11:11:28.060508" elapsed="0.000161"/>
</kw>
<var name="${key}">email</var>
<status status="PASS" start="2024-06-30T11:11:28.059155" elapsed="0.001733"/>
</iter>
<iter>
<kw name="Dictionary Should Contain Key" owner="Collections">
<arg>${json_data['results'][0]}</arg>
<arg>${key}</arg>
<doc>Fails if ``key`` is not found from ``dictionary``.</doc>
<status status="PASS" start="2024-06-30T11:11:28.061170" elapsed="0.000383"/>
</kw>
<kw name="Log" owner="BuiltIn">
<msg time="2024-06-30T11:11:28.062132" level="INFO">{'gender': 'male', 'name': {'title': 'Mr', 'first': 'Louis', 'last': 'Gill'}, 'location': {'street': {'number': 9968, 'name': 'York St'}, 'city': 'Delisle', 'state': 'Saskatchewan', 'country': 'Canada', 'postcode': 'Z5P 2G9', 'coordinates': {'latitude': '-64.4403', 'longitude': '-163.1886'}, 'timezone': {'offset': '0:00', 'description': 'Western Europe Time, London, Lisbon, Casablanca'}}, 'email': 'louis.gill@example.com', 'login': {'uuid': '957ff4e7-2ff7-49aa-8a00-3849177d0f75', 'username': 'angrybear312', 'password': 'nadine', 'salt': 'k87DJONV', 'md5': 'f44a15ce4fffd98ee822d082dd85b093', 'sha1': 'd137236d3a2898a39b41b12bfb0be530ba6bd186', 'sha256': '5a63cc935347075d0e03a09a6b43b414c06a0bfb6fd6119fef5611180bd53f8d'}, 'dob': {'date': '1975-10-12T22:40:42.406Z', 'age': 48}, 'registered': {'date': '2007-07-09T08:53:31.399Z', 'age': 16}, 'phone': 'C44 W09-4364', 'cell': 'I25 Y77-8650', 'id': {'name': 'SIN', 'value': '567377759'}, 'picture': {'large': 'https://randomuser.me/api/portraits/men/58.jpg', 'medium': 'https://randomuser.me/api/portraits/med/men/58.jpg', 'thumbnail': 'https://randomuser.me/api/portraits/thumb/men/58.jpg'}, 'nat': 'CA'}</msg>
<arg>${json_data['results'][0]}</arg>
<doc>Logs the given message with the given level.</doc>
<status status="PASS" start="2024-06-30T11:11:28.061733" elapsed="0.000446"/>
</kw>
<kw name="Log" owner="BuiltIn">
<msg time="2024-06-30T11:11:28.062599" level="INFO">login</msg>
<arg>${key}</arg>
<doc>Logs the given message with the given level.</doc>
<status status="PASS" start="2024-06-30T11:11:28.062471" elapsed="0.000166"/>
</kw>
<var name="${key}">login</var>
<status status="PASS" start="2024-06-30T11:11:28.061055" elapsed="0.001795"/>
</iter>
<var>${key}</var>
<value>@{expected_keys}</value>
<status status="PASS" start="2024-06-30T11:11:28.053089" elapsed="0.009882"/>
</for>
<kw name="Create List" owner="BuiltIn">
<msg time="2024-06-30T11:11:28.063299" level="INFO">${expected_keysTwo} = ['username', 'password']</msg>
<var>${expected_keysTwo}</var>
<arg>username</arg>
<arg>password</arg>
<doc>Returns a list containing given items.</doc>
<status status="PASS" start="2024-06-30T11:11:28.063159" elapsed="0.000191"/>
</kw>
<for flavor="IN">
<iter>
<kw name="Dictionary Should Contain Key" owner="Collections">
<arg>${json_data['results'][0]['login']}</arg>
<arg>${keyTwo}</arg>
<doc>Fails if ``key`` is not found from ``dictionary``.</doc>
<status status="PASS" start="2024-06-30T11:11:28.063853" elapsed="0.000384"/>
</kw>
<kw name="Dictionary Should Contain Key" owner="Collections">
<arg>${json_data['results'][0]['login']}</arg>
<arg>${keyTwo}</arg>
<doc>Fails if ``key`` is not found from ``dictionary``.</doc>
<status status="PASS" start="2024-06-30T11:11:28.064417" elapsed="0.000373"/>
</kw>
<kw name="Log" owner="BuiltIn">
<msg time="2024-06-30T11:11:28.065091" level="INFO">username</msg>
<arg>${keyTwo}</arg>
<doc>Logs the given message with the given level.</doc>
<status status="PASS" start="2024-06-30T11:11:28.064970" elapsed="0.000158"/>
</kw>
<var name="${keyTwo}">username</var>
<status status="PASS" start="2024-06-30T11:11:28.063742" elapsed="0.001607"/>
</iter>
<iter>
<kw name="Dictionary Should Contain Key" owner="Collections">
<arg>${json_data['results'][0]['login']}</arg>
<arg>${keyTwo}</arg>
<doc>Fails if ``key`` is not found from ``dictionary``.</doc>
<status status="PASS" start="2024-06-30T11:11:28.065623" elapsed="0.000407"/>
</kw>
<kw name="Dictionary Should Contain Key" owner="Collections">
<arg>${json_data['results'][0]['login']}</arg>
<arg>${keyTwo}</arg>
<doc>Fails if ``key`` is not found from ``dictionary``.</doc>
<status status="PASS" start="2024-06-30T11:11:28.066209" elapsed="0.000367"/>
</kw>
<kw name="Log" owner="BuiltIn">
<msg time="2024-06-30T11:11:28.066871" level="INFO">password</msg>
<arg>${keyTwo}</arg>
<doc>Logs the given message with the given level.</doc>
<status status="PASS" start="2024-06-30T11:11:28.066751" elapsed="0.000161"/>
</kw>
<var name="${keyTwo}">password</var>
<status status="PASS" start="2024-06-30T11:11:28.065518" elapsed="0.001701"/>
</iter>
<var>${keyTwo}</var>
<value>@{expected_keysTwo}</value>
<status status="PASS" start="2024-06-30T11:11:28.063592" elapsed="0.003749"/>
</for>
<status status="PASS" start="2024-06-30T11:11:27.958232" elapsed="0.109246"/>
</kw>
<doc>Testa a estrutura da resposta da API.</doc>
<tag>testeEstruturaResposta</tag>
<status status="PASS" start="2024-06-30T11:11:27.957665" elapsed="0.109956"/>
</test>
<test id="s1-s1-t4" name="Validar tipos de dados" line="28">
<kw name="Teste de Tipos de Dados" owner="random-user-service">
<kw name="GET On Session" owner="RequestsLibrary">
<msg time="2024-06-30T11:11:28.159303" level="INFO">GET Request : url=https://randomuser.me/api 
 path_url=/api 
 headers={'User-Agent': 'python-requests/2.32.3', 'Accept-Encoding': 'gzip, deflate', 'Accept': '*/*', 'Connection': 'keep-alive'} 
 body=None 
 </msg>
<msg time="2024-06-30T11:11:28.159388" level="INFO">GET Response : url=https://randomuser.me/api 
 status=200, reason=OK 
 headers={'Date': 'Sun, 30 Jun 2024 11:11:28 GMT', 'Content-Type': 'application/json; charset=utf-8', 'Transfer-Encoding': 'chunked', 'Connection': 'keep-alive', 'X-Powered-By': 'Express', 'Access-Control-Allow-Origin': '*', 'Cache-Control': 'no-cache', 'ETag': 'W/"486-zPvvwJyzvW7D5LcNshat/iaabiE"', 'Vary': 'Accept-Encoding', 'Content-Encoding': 'gzip', 'CF-Cache-Status': 'DYNAMIC', 'Report-To': '{"endpoints":[{"url":"https:\\/\\/a.nel.cloudflare.com\\/report\\/v4?s=4zVaq3Hs7UPNUIzliClGA5kYXX7cumSaFaKBORoZAwJefy%2BA%2B%2F26QegkKTNdoUjA6uiOTWlzBS3nK2X6JrWFZRC11d3S6EEO9FMMQP1Px14bsawk2YsulHA03c5H4By%2F"}],"group":"cf-nel","max_age":604800}', 'NEL': '{"success_fraction":0,"report_to":"cf-nel","max_age":604800}', 'Server': 'cloudflare', 'CF-RAY': '89bdb7387a177ecf-LAX', 'alt-svc': 'h3=":443"; ma=86400'} 
 body={"results":[{"gender":"male","name":{"title":"Mr","first":"میلاد","last":"قاسمی"},"location":{"street":{"number":1144,"name":"شهید استاد حسن بنا"},"city":"اصفهان","state":"خوزستان","country":"Iran","postcode":10775,"coordinates":{"latitude":"17.2189","longitude":"-10.2714"},"timezone":{"offset":"-3:30","description":"Newfoundland"}},"email":"myld.qsmy@example.com","login":{"uuid":"e8416250-351d-4ccd-9e65-7ded66f00042","username":"happyfrog546","password":"thumb","salt":"pwf2YXYu","md5":"b0449668018de3410c4eaf65b6bad478","sha1":"cafc5b53441406fb31941cd19915f480e6154679","sha256":"770f1ee786ad2fecab0ddb73f18dc68c43d9211a204006888a0f6c25dea81471"},"dob":{"date":"1992-12-18T13:40:07.730Z","age":31},"registered":{"date":"2020-01-25T07:47:12.412Z","age":4},"phone":"034-90002166","cell":"0937-857-4623","id":{"name":"","value":null},"picture":{"large":"https://randomuser.me/api/portraits/men/86.jpg","medium":"https://randomuser.me/api/portraits/med/men/86.jpg","thumbnail":"https://randomuser.me/api/portraits/thumb/men/86.jpg"},"nat":"IR"}],"info":{"seed":"270a298adaf92c0c","results":1,"page":1,"version":"1.4"}} 
 </msg>
<msg time="2024-06-30T11:11:28.159464" level="INFO">/opt/hostedtoolcache/Python/3.12.4/x64/lib/python3.12/site-packages/urllib3/connectionpool.py:1099: InsecureRequestWarning: Unverified HTTPS request is being made to host 'randomuser.me'. Adding certificate verification is strongly advised. See: https://urllib3.readthedocs.io/en/latest/advanced-usage.html#tls-warnings
  warnings.warn(</msg>
<msg time="2024-06-30T11:11:28.159603" level="INFO">${response} = &lt;Response [200]&gt;</msg>
<var>${response}</var>
<arg>consultarAPI</arg>
<arg>/api</arg>
<doc>Sends a GET request on a previously created HTTP Session.</doc>
<status status="PASS" start="2024-06-30T11:11:28.070144" elapsed="0.089516"/>
</kw>
<kw name="Set Variable" owner="BuiltIn">
<msg time="2024-06-30T11:11:28.160517" level="INFO">${json_data} = {'results': [{'gender': 'male', 'name': {'title': 'Mr', 'first': 'میلاد', 'last': 'قاسمی'}, 'location': {'street': {'number': 1144, 'name': 'شهید استاد حسن بنا'}, 'city': 'اصفهان', 'state': 'خوزستان',...</msg>
<var>${json_data}</var>
<arg>${response.json()}</arg>
<doc>Returns the given values which can then be assigned to a variables.</doc>
<status status="PASS" start="2024-06-30T11:11:28.160067" elapsed="0.000484"/>
</kw>
<kw name="Log" owner="BuiltIn">
<msg time="2024-06-30T11:11:28.161016" level="INFO">{'results': [{'gender': 'male', 'name': {'title': 'Mr', 'first': 'میلاد', 'last': 'قاسمی'}, 'location': {'street': {'number': 1144, 'name': 'شهید استاد حسن بنا'}, 'city': 'اصفهان', 'state': 'خوزستان', 'country': 'Iran', 'postcode': 10775, 'coordinates': {'latitude': '17.2189', 'longitude': '-10.2714'}, 'timezone': {'offset': '-3:30', 'description': 'Newfoundland'}}, 'email': 'myld.qsmy@example.com', 'login': {'uuid': 'e8416250-351d-4ccd-9e65-7ded66f00042', 'username': 'happyfrog546', 'password': 'thumb', 'salt': 'pwf2YXYu', 'md5': 'b0449668018de3410c4eaf65b6bad478', 'sha1': 'cafc5b53441406fb31941cd19915f480e6154679', 'sha256': '770f1ee786ad2fecab0ddb73f18dc68c43d9211a204006888a0f6c25dea81471'}, 'dob': {'date': '1992-12-18T13:40:07.730Z', 'age': 31}, 'registered': {'date': '2020-01-25T07:47:12.412Z', 'age': 4}, 'phone': '034-90002166', 'cell': '0937-857-4623', 'id': {'name': '', 'value': None}, 'picture': {'large': 'https://randomuser.me/api/portraits/men/86.jpg', 'medium': 'https://randomuser.me/api/portraits/med/men/86.jpg', 'thumbnail': 'https://randomuser.me/api/portraits/thumb/men/86.jpg'}, 'nat': 'IR'}], 'info': {'seed': '270a298adaf92c0c', 'results': 1, 'page': 1, 'version': '1.4'}}</msg>
<arg>${json_data}</arg>
<doc>Logs the given message with the given level.</doc>
<status status="PASS" start="2024-06-30T11:11:28.160856" elapsed="0.000209"/>
</kw>
<kw name="Should Be String" owner="String">
<arg>${json_data['results'][0]['gender']}</arg>
<doc>Fails if the given ``item`` is not a string.</doc>
<status status="PASS" start="2024-06-30T11:11:28.161355" elapsed="0.000367"/>
</kw>
<kw name="Should Match Regexp" owner="BuiltIn">
<arg>${json_data['results'][0]['email']}</arg>
<arg>^[a-zA-Z0-9._%+-]+@[a-zA-Z0-9.-]+\.[a-zA-Z]{2,}$</arg>
<doc>Fails if ``string`` does not match ``pattern`` as a regular expression.</doc>
<status status="PASS" start="2024-06-30T11:11:28.161967" elapsed="0.000540"/>
</kw>
<kw name="Should Match Regexp" owner="BuiltIn">
<arg>${json_data['results'][0]['dob']['date']}</arg>
<arg>\\d{4}-\\d{2}-\\d{2}T\\d{2}:\\d{2}:\\d{2}\\.\\d{3}Z</arg>
<doc>Fails if ``string`` does not match ``pattern`` as a regular expression.</doc>
<status status="PASS" start="2024-06-30T11:11:28.162702" elapsed="0.000484"/>
</kw>
<kw name="Should Match Regexp" owner="BuiltIn">
<arg>${json_data['results'][0]['registered']['date']}</arg>
<arg>\\d{4}-\\d{2}-\\d{2}T\\d{2}:\\d{2}:\\d{2}\\.\\d{3}Z</arg>
<doc>Fails if ``string`` does not match ``pattern`` as a regular expression.</doc>
<status status="PASS" start="2024-06-30T11:11:28.163375" elapsed="0.000366"/>
</kw>
<kw name="Should Match Regexp" owner="BuiltIn">
<arg>${json_data['results'][0]['picture']['large']}</arg>
<arg>^https?://.*\.(?:png|jpe?g|gif|bmp)$</arg>
<doc>Fails if ``string`` does not match ``pattern`` as a regular expression.</doc>
<status status="PASS" start="2024-06-30T11:11:28.163921" elapsed="0.000452"/>
</kw>
<kw name="Should Match Regexp" owner="BuiltIn">
<arg>${json_data['results'][0]['picture']['medium']}</arg>
<arg>^https?://.*\.(?:png|jpe?g|gif|bmp)$</arg>
<doc>Fails if ``string`` does not match ``pattern`` as a regular expression.</doc>
<status status="PASS" start="2024-06-30T11:11:28.164557" elapsed="0.000351"/>
</kw>
<kw name="Should Match Regexp" owner="BuiltIn">
<arg>${json_data['results'][0]['picture']['thumbnail']}</arg>
<arg>^https?://.*\.(?:png|jpe?g|gif|bmp)$</arg>
<doc>Fails if ``string`` does not match ``pattern`` as a regular expression.</doc>
<status status="PASS" start="2024-06-30T11:11:28.165088" elapsed="0.000347"/>
</kw>
<kw name="Log" owner="BuiltIn">
<msg time="2024-06-30T11:11:28.165972" level="INFO">{'large': 'https://randomuser.me/api/portraits/men/86.jpg', 'medium': 'https://randomuser.me/api/portraits/med/men/86.jpg', 'thumbnail': 'https://randomuser.me/api/portraits/thumb/men/86.jpg'}</msg>
<arg>${json_data['results'][0]['picture']}</arg>
<doc>Logs the given message with the given level.</doc>
<status status="PASS" start="2024-06-30T11:11:28.165617" elapsed="0.000396"/>
</kw>
<status status="PASS" start="2024-06-30T11:11:28.069921" elapsed="0.096347"/>
</kw>
<kw name="Teste de Tipos de Dados - Postcode" owner="random-user-service">
<kw name="GET On Session" owner="RequestsLibrary">
<msg time="2024-06-30T11:11:28.258406" level="INFO">GET Request : url=https://randomuser.me/api 
 path_url=/api 
 headers={'User-Agent': 'python-requests/2.32.3', 'Accept-Encoding': 'gzip, deflate', 'Accept': '*/*', 'Connection': 'keep-alive'} 
 body=None 
 </msg>
<msg time="2024-06-30T11:11:28.258490" level="INFO">GET Response : url=https://randomuser.me/api 
 status=200, reason=OK 
 headers={'Date': 'Sun, 30 Jun 2024 11:11:28 GMT', 'Content-Type': 'application/json; charset=utf-8', 'Transfer-Encoding': 'chunked', 'Connection': 'keep-alive', 'X-Powered-By': 'Express', 'Access-Control-Allow-Origin': '*', 'Cache-Control': 'no-cache', 'ETag': 'W/"4a1-bvDPc9t6xT6FOaUrPrAFd4+JP9c"', 'Vary': 'Accept-Encoding', 'Content-Encoding': 'gzip', 'CF-Cache-Status': 'DYNAMIC', 'Report-To': '{"endpoints":[{"url":"https:\\/\\/a.nel.cloudflare.com\\/report\\/v4?s=rY1Jl61EtXHq2SIKZbc%2Fm6x9jS0%2FRDnuIoOndSaPJ8rnprSfWzWKNC%2BkjRQuk1VPXd1ITGST9nv2nl84C5HVrG%2BrJ6DbvNcUeSG9HKIJvvAode1dpJqDiV%2BBWqo5aVW4"}],"group":"cf-nel","max_age":604800}', 'NEL': '{"success_fraction":0,"report_to":"cf-nel","max_age":604800}', 'Server': 'cloudflare', 'CF-RAY': '89bdb7390ad77ecf-LAX', 'alt-svc': 'h3=":443"; ma=86400'} 
 body={"results":[{"gender":"male","name":{"title":"Mr","first":"پارسا","last":"كامياران"},"location":{"street":{"number":1580,"name":"شهید مطهری"},"city":"سبزوار","state":"کرمانشاه","country":"Iran","postcode":68423,"coordinates":{"latitude":"14.0167","longitude":"-8.8337"},"timezone":{"offset":"+11:00","description":"Magadan, Solomon Islands, New Caledonia"}},"email":"prs.kmyrn@example.com","login":{"uuid":"e8f278da-cd51-430e-80d6-b19eae7df85c","username":"ticklishgorilla746","password":"44444","salt":"U1ugna4H","md5":"042c33f61d10b9bf45b224e6651e13d6","sha1":"e474dbb86707f6eb682ce87a66304b986fe856b9","sha256":"03e96e8b4052ad6c7a24036992274e7e17bd71995a74495158454c3a10b5d0ef"},"dob":{"date":"1950-04-16T06:00:52.044Z","age":74},"registered":{"date":"2014-07-08T04:05:36.750Z","age":9},"phone":"069-48953720","cell":"0991-385-3968","id":{"name":"","value":null},"picture":{"large":"https://randomuser.me/api/portraits/men/88.jpg","medium":"https://randomuser.me/api/portraits/med/men/88.jpg","thumbnail":"https://randomuser.me/api/portraits/thumb/men/88.jpg"},"nat":"IR"}],"info":{"seed":"ce7b7b4129c8c35a","results":1,"page":1,"version":"1.4"}} 
 </msg>
<msg time="2024-06-30T11:11:28.258547" level="INFO">/opt/hostedtoolcache/Python/3.12.4/x64/lib/python3.12/site-packages/urllib3/connectionpool.py:1099: InsecureRequestWarning: Unverified HTTPS request is being made to host 'randomuser.me'. Adding certificate verification is strongly advised. See: https://urllib3.readthedocs.io/en/latest/advanced-usage.html#tls-warnings
  warnings.warn(</msg>
<msg time="2024-06-30T11:11:28.258651" level="INFO">${response} = &lt;Response [200]&gt;</msg>
<var>${response}</var>
<arg>consultarAPI</arg>
<arg>/api</arg>
<doc>Sends a GET request on a previously created HTTP Session.</doc>
<status status="PASS" start="2024-06-30T11:11:28.166690" elapsed="0.092001"/>
</kw>
<kw name="Set Variable" owner="BuiltIn">
<msg time="2024-06-30T11:11:28.259494" level="INFO">${json_data} = {'results': [{'gender': 'male', 'name': {'title': 'Mr', 'first': 'پارسا', 'last': 'كامياران'}, 'location': {'street': {'number': 1580, 'name': 'شهید مطهری'}, 'city': 'سبزوار', 'state': 'کرمانشاه', 'co...</msg>
<var>${json_data}</var>
<arg>${response.json()}</arg>
<doc>Returns the given values which can then be assigned to a variables.</doc>
<status status="PASS" start="2024-06-30T11:11:28.259042" elapsed="0.000483"/>
</kw>
<kw name="Log" owner="BuiltIn">
<msg time="2024-06-30T11:11:28.259988" level="INFO">{'results': [{'gender': 'male', 'name': {'title': 'Mr', 'first': 'پارسا', 'last': 'كامياران'}, 'location': {'street': {'number': 1580, 'name': 'شهید مطهری'}, 'city': 'سبزوار', 'state': 'کرمانشاه', 'country': 'Iran', 'postcode': 68423, 'coordinates': {'latitude': '14.0167', 'longitude': '-8.8337'}, 'timezone': {'offset': '+11:00', 'description': 'Magadan, Solomon Islands, New Caledonia'}}, 'email': 'prs.kmyrn@example.com', 'login': {'uuid': 'e8f278da-cd51-430e-80d6-b19eae7df85c', 'username': 'ticklishgorilla746', 'password': '44444', 'salt': 'U1ugna4H', 'md5': '042c33f61d10b9bf45b224e6651e13d6', 'sha1': 'e474dbb86707f6eb682ce87a66304b986fe856b9', 'sha256': '03e96e8b4052ad6c7a24036992274e7e17bd71995a74495158454c3a10b5d0ef'}, 'dob': {'date': '1950-04-16T06:00:52.044Z', 'age': 74}, 'registered': {'date': '2014-07-08T04:05:36.750Z', 'age': 9}, 'phone': '069-48953720', 'cell': '0991-385-3968', 'id': {'name': '', 'value': None}, 'picture': {'large': 'https://randomuser.me/api/portraits/men/88.jpg', 'medium': 'https://randomuser.me/api/portraits/med/men/88.jpg', 'thumbnail': 'https://randomuser.me/api/portraits/thumb/men/88.jpg'}, 'nat': 'IR'}], 'info': {'seed': 'ce7b7b4129c8c35a', 'results': 1, 'page': 1, 'version': '1.4'}}</msg>
<arg>${json_data}</arg>
<doc>Logs the given message with the given level.</doc>
<status status="PASS" start="2024-06-30T11:11:28.259828" elapsed="0.000209"/>
</kw>
<kw name="Should Be Equal As Numbers" owner="BuiltIn">
<arg>${json_data['results'][0]['location']['postcode']}</arg>
<arg>${json_data['results'][0]['location']['postcode']}</arg>
<doc>Fails if objects are unequal after converting them to real numbers.</doc>
<status status="PASS" start="2024-06-30T11:11:28.260325" elapsed="0.000631"/>
</kw>
<kw name="Log" owner="BuiltIn">
<msg time="2024-06-30T11:11:28.261633" level="INFO">68423</msg>
<arg>${json_data['results'][0]['location']['postcode']}</arg>
<doc>Logs the given message with the given level.</doc>
<status status="PASS" start="2024-06-30T11:11:28.261146" elapsed="0.000527"/>
</kw>
<status status="PASS" start="2024-06-30T11:11:28.166475" elapsed="0.095505"/>
</kw>
<doc>Testa se os tipos de dados na resposta da API estão corretos.</doc>
<tag>testeTiposDados</tag>
<status status="PASS" start="2024-06-30T11:11:28.069354" elapsed="0.192786"/>
</test>
<test id="s1-s1-t5" name="Validar conteudo" line="35">
<kw name="Teste de Tipos de Conteudo" owner="random-user-service">
<kw name="GET On Session" owner="RequestsLibrary">
<msg time="2024-06-30T11:11:28.363702" level="INFO">GET Request : url=https://randomuser.me/api 
 path_url=/api 
 headers={'User-Agent': 'python-requests/2.32.3', 'Accept-Encoding': 'gzip, deflate', 'Accept': '*/*', 'Connection': 'keep-alive'} 
 body=None 
 </msg>
<msg time="2024-06-30T11:11:28.363766" level="INFO">GET Response : url=https://randomuser.me/api 
 status=200, reason=OK 
 headers={'Date': 'Sun, 30 Jun 2024 11:11:28 GMT', 'Content-Type': 'application/json; charset=utf-8', 'Transfer-Encoding': 'chunked', 'Connection': 'keep-alive', 'X-Powered-By': 'Express', 'Access-Control-Allow-Origin': '*', 'Cache-Control': 'no-cache', 'ETag': 'W/"49c-2hVr+ss8mgU+0hO3k4YBdKlgbzM"', 'Vary': 'Accept-Encoding', 'Content-Encoding': 'gzip', 'CF-Cache-Status': 'DYNAMIC', 'Report-To': '{"endpoints":[{"url":"https:\\/\\/a.nel.cloudflare.com\\/report\\/v4?s=9Swtp2rwyBYR61lQ9dcrSV2SCkEkCTzj1e7txsZzZjoUqm6feIxH5fMvEaIqeSaWjiXl6aWb20gbNJKiWdHJpW%2BzHVwloRfOk%2BHE%2BI3MeaCSgrnBqTXLuyAl5Eq4NZ8b"}],"group":"cf-nel","max_age":604800}', 'NEL': '{"success_fraction":0,"report_to":"cf-nel","max_age":604800}', 'Server': 'cloudflare', 'CF-RAY': '89bdb739ab297ecf-LAX', 'alt-svc': 'h3=":443"; ma=86400'} 
 body={"results":[{"gender":"female","name":{"title":"Ms","first":"Karen","last":"Porto"},"location":{"street":{"number":5891,"name":"Avenida da Legalidade"},"city":"Itabira","state":"Rio de Janeiro","country":"Brazil","postcode":42284,"coordinates":{"latitude":"-74.6712","longitude":"154.8650"},"timezone":{"offset":"+6:00","description":"Almaty, Dhaka, Colombo"}},"email":"karen.porto@example.com","login":{"uuid":"8cbc906b-5e85-4dbf-bc91-c16cbc692a10","username":"beautifulpeacock208","password":"miriam","salt":"6IwZT7lY","md5":"a7ff549f4d722a1955599286287b3649","sha1":"295eb9ab65a22b5c599eceff38e25556d346d494","sha256":"4fe40b339519e65a3924fd5457f0308aeb14c3ed1806a26444f34d90e2fed819"},"dob":{"date":"1966-01-27T06:07:52.151Z","age":58},"registered":{"date":"2018-06-13T21:13:09.073Z","age":6},"phone":"(74) 5161-0188","cell":"(59) 1652-0318","id":{"name":"CPF","value":"444.839.777-48"},"picture":{"large":"https://randomuser.me/api/portraits/women/70.jpg","medium":"https://randomuser.me/api/portraits/med/women/70.jpg","thumbnail":"https://randomuser.me/api/portraits/thumb/women/70.jpg"},"nat":"BR"}],"info":{"seed":"afcd90d25e7e204e","results":1,"page":1,"version":"1.4"}} 
 </msg>
<msg time="2024-06-30T11:11:28.363820" level="INFO">/opt/hostedtoolcache/Python/3.12.4/x64/lib/python3.12/site-packages/urllib3/connectionpool.py:1099: InsecureRequestWarning: Unverified HTTPS request is being made to host 'randomuser.me'. Adding certificate verification is strongly advised. See: https://urllib3.readthedocs.io/en/latest/advanced-usage.html#tls-warnings
  warnings.warn(</msg>
<msg time="2024-06-30T11:11:28.363925" level="INFO">${response} = &lt;Response [200]&gt;</msg>
<var>${response}</var>
<arg>consultarAPI</arg>
<arg>/api</arg>
<doc>Sends a GET request on a previously created HTTP Session.</doc>
<status status="PASS" start="2024-06-30T11:11:28.264785" elapsed="0.099177"/>
</kw>
<kw name="Set Variable" owner="BuiltIn">
<msg time="2024-06-30T11:11:28.364740" level="INFO">${json_data} = {'results': [{'gender': 'female', 'name': {'title': 'Ms', 'first': 'Karen', 'last': 'Porto'}, 'location': {'street': {'number': 5891, 'name': 'Avenida da Legalidade'}, 'city': 'Itabira', 'state': 'Rio...</msg>
<var>${json_data}</var>
<arg>${response.json()}</arg>
<doc>Returns the given values which can then be assigned to a variables.</doc>
<status status="PASS" start="2024-06-30T11:11:28.364306" elapsed="0.000462"/>
</kw>
<kw name="Set Variable" owner="BuiltIn">
<msg time="2024-06-30T11:11:28.365432" level="INFO">${name_title} = Ms</msg>
<var>${name_title}</var>
<arg>${json_data["results"][0]["name"]["title"]}</arg>
<doc>Returns the given values which can then be assigned to a variables.</doc>
<status status="PASS" start="2024-06-30T11:11:28.365064" elapsed="0.000393"/>
</kw>
<kw name="Create List" owner="BuiltIn">
<msg time="2024-06-30T11:11:28.365947" level="INFO">${allowed_titles} = ['Mr', 'Ms', 'Miss', 'Mrs', 'Madame', 'Monsieur']</msg>
<var>${allowed_titles}</var>
<arg>Mr</arg>
<arg>Ms</arg>
<arg>Miss</arg>
<arg>Mrs</arg>
<arg>Madame</arg>
<arg>Monsieur</arg>
<doc>Returns a list containing given items.</doc>
<status status="PASS" start="2024-06-30T11:11:28.365749" elapsed="0.000223"/>
</kw>
<kw name="List Should Contain Value" owner="Collections">
<arg>${allowed_titles}</arg>
<arg>${name_title}</arg>
<doc>Fails if the ``value`` is not found from ``list``.</doc>
<status status="PASS" start="2024-06-30T11:11:28.366270" elapsed="0.000173"/>
</kw>
<kw name="Set Variable" owner="BuiltIn">
<msg time="2024-06-30T11:11:28.366990" level="INFO">${name_country} = BR</msg>
<var>${name_country}</var>
<arg>${json_data["results"][0]["nat"]}</arg>
<doc>Returns the given values which can then be assigned to a variables.</doc>
<status status="PASS" start="2024-06-30T11:11:28.366626" elapsed="0.000388"/>
</kw>
<kw name="Create List" owner="BuiltIn">
<msg time="2024-06-30T11:11:28.367900" level="INFO">${list_country} = ['AD', 'AE', 'AF', 'AG', 'AI', 'AL', 'AM', 'AO', 'AQ', 'AR', 'AS', 'AT', 'AU', 'AW', 'AX', 'AZ', 'BA', 'BB', 'BD', 'BE', 'BF', 'BG', 'BH', 'BI', 'BJ', 'BL', 'BM', 'BN', 'BO', 'BQ', 'BR', 'BS', 'BT', '...</msg>
<var>${list_country}</var>
<arg>AD</arg>
<arg>AE</arg>
<arg>AF</arg>
<arg>AG</arg>
<arg>AI</arg>
<arg>AL</arg>
<arg>AM</arg>
<arg>AO</arg>
<arg>AQ</arg>
<arg>AR</arg>
<arg>AS</arg>
<arg>AT</arg>
<arg>AU</arg>
<arg>AW</arg>
<arg>AX</arg>
<arg>AZ</arg>
<arg>BA</arg>
<arg>BB</arg>
<arg>BD</arg>
<arg>BE</arg>
<arg>BF</arg>
<arg>BG</arg>
<arg>BH</arg>
<arg>BI</arg>
<arg>BJ</arg>
<arg>BL</arg>
<arg>BM</arg>
<arg>BN</arg>
<arg>BO</arg>
<arg>BQ</arg>
<arg>BR</arg>
<arg>BS</arg>
<arg>BT</arg>
<arg>BV</arg>
<arg>BW</arg>
<arg>BY</arg>
<arg>BZ</arg>
<arg>CA</arg>
<arg>CC</arg>
<arg>CD</arg>
<arg>CF</arg>
<arg>CG</arg>
<arg>CH</arg>
<arg>CI</arg>
<arg>CK</arg>
<arg>CL</arg>
<arg>CM</arg>
<arg>CN</arg>
<arg>CO</arg>
<arg>CR</arg>
<arg>CU</arg>
<arg>CV</arg>
<arg>CW</arg>
<arg>CX</arg>
<arg>CY</arg>
<arg>CZ</arg>
<arg>DE</arg>
<arg>DJ</arg>
<arg>DK</arg>
<arg>DM</arg>
<arg>DO</arg>
<arg>DZ</arg>
<arg>EC</arg>
<arg>EE</arg>
<arg>EG</arg>
<arg>EH</arg>
<arg>ER</arg>
<arg>ES</arg>
<arg>ET</arg>
<arg>FI</arg>
<arg>FJ</arg>
<arg>FK</arg>
<arg>FM</arg>
<arg>FO</arg>
<arg>FR</arg>
<arg>GA</arg>
<arg>GB</arg>
<arg>GD</arg>
<arg>GE</arg>
<arg>GF</arg>
<arg>GG</arg>
<arg>GH</arg>
<arg>GI</arg>
<arg>GL</arg>
<arg>GM</arg>
<arg>GN</arg>
<arg>GP</arg>
<arg>GQ</arg>
<arg>GR</arg>
<arg>GS</arg>
<arg>GT</arg>
<arg>GU</arg>
<arg>GW</arg>
<arg>GY</arg>
<arg>HK</arg>
<arg>HM</arg>
<arg>HN</arg>
<arg>HR</arg>
<arg>HT</arg>
<arg>HU</arg>
<arg>ID</arg>
<arg>IE</arg>
<arg>IL</arg>
<arg>IM</arg>
<arg>IN</arg>
<arg>IO</arg>
<arg>IQ</arg>
<arg>IR</arg>
<arg>IS</arg>
<arg>IT</arg>
<arg>JE</arg>
<arg>JM</arg>
<arg>JO</arg>
<arg>JP</arg>
<arg>KE</arg>
<arg>KG</arg>
<arg>KH</arg>
<arg>KI</arg>
<arg>KM</arg>
<arg>KN</arg>
<arg>KP</arg>
<arg>KR</arg>
<arg>KW</arg>
<arg>KY</arg>
<arg>KZ</arg>
<arg>LA</arg>
<arg>LB</arg>
<arg>LC</arg>
<arg>LI</arg>
<arg>LK</arg>
<arg>LR</arg>
<arg>LS</arg>
<arg>LT</arg>
<arg>LU</arg>
<arg>LV</arg>
<arg>LY</arg>
<arg>MA</arg>
<arg>MC</arg>
<arg>MD</arg>
<arg>ME</arg>
<arg>MF</arg>
<arg>MG</arg>
<arg>MH</arg>
<arg>MK</arg>
<arg>ML</arg>
<arg>MM</arg>
<arg>MN</arg>
<arg>MO</arg>
<arg>MP</arg>
<arg>MQ</arg>
<arg>MR</arg>
<arg>MS</arg>
<arg>MT</arg>
<arg>MU</arg>
<arg>MV</arg>
<arg>MW</arg>
<arg>MX</arg>
<arg>MY</arg>
<arg>MZ</arg>
<arg>NA</arg>
<arg>NC</arg>
<arg>NE</arg>
<arg>NF</arg>
<arg>NG</arg>
<arg>NI</arg>
<arg>NL</arg>
<arg>NO</arg>
<arg>NP</arg>
<arg>NR</arg>
<arg>NU</arg>
<arg>NZ</arg>
<arg>OM</arg>
<arg>PA</arg>
<arg>PE</arg>
<arg>PF</arg>
<arg>PG</arg>
<arg>PH</arg>
<arg>PK</arg>
<arg>PL</arg>
<arg>PM</arg>
<arg>PN</arg>
<arg>PR</arg>
<arg>PS</arg>
<arg>PT</arg>
<arg>PW</arg>
<arg>PY</arg>
<arg>QA</arg>
<arg>RE</arg>
<arg>RO</arg>
<arg>RS</arg>
<arg>RU</arg>
<arg>RW</arg>
<arg>SA</arg>
<arg>SB</arg>
<arg>SC</arg>
<arg>SD</arg>
<arg>SE</arg>
<arg>SG</arg>
<arg>SH</arg>
<arg>SI</arg>
<arg>SJ</arg>
<arg>SK</arg>
<arg>SL</arg>
<arg>SM</arg>
<arg>SN</arg>
<arg>SO</arg>
<arg>SR</arg>
<arg>SS</arg>
<arg>ST</arg>
<arg>SV</arg>
<arg>SX</arg>
<arg>SY</arg>
<arg>SZ</arg>
<arg>TC</arg>
<arg>TD</arg>
<arg>TF</arg>
<arg>TG</arg>
<arg>TH</arg>
<arg>TJ</arg>
<arg>TK</arg>
<arg>TL</arg>
<arg>TM</arg>
<arg>TN</arg>
<arg>TO</arg>
<arg>TR</arg>
<arg>TT</arg>
<arg>TV</arg>
<arg>TW</arg>
<arg>TZ</arg>
<arg>UA</arg>
<arg>UG</arg>
<arg>UM</arg>
<arg>US</arg>
<arg>UY</arg>
<arg>UZ</arg>
<arg>VA</arg>
<arg>VC</arg>
<arg>VE</arg>
<arg>VG</arg>
<arg>VI</arg>
<arg>VN</arg>
<arg>VU</arg>
<arg>WF</arg>
<arg>WS</arg>
<arg>XK</arg>
<arg>YE</arg>
<arg>YT</arg>
<arg>ZA</arg>
<arg>ZM</arg>
<arg>ZW</arg>
<doc>Returns a list containing given items.</doc>
<status status="PASS" start="2024-06-30T11:11:28.367302" elapsed="0.000623"/>
</kw>
<kw name="List Should Contain Value" owner="Collections">
<arg>${list_country}</arg>
<arg>${name_country}</arg>
<doc>Fails if the ``value`` is not found from ``list``.</doc>
<status status="PASS" start="2024-06-30T11:11:28.368721" elapsed="0.000206"/>
</kw>
<kw name="Run Keyword If" owner="BuiltIn">
<kw name="Should Be True" owner="BuiltIn">
<arg>${True}</arg>
<doc>Fails if the given condition is not true.</doc>
<status status="PASS" start="2024-06-30T11:11:28.369861" elapsed="0.000149"/>
</kw>
<arg>${json_data["results"][0]["location"]["coordinates"]["latitude"]} &gt;= -90 and ${json_data["results"][0]["location"]["coordinates"]["latitude"]} &lt;= 90</arg>
<arg>Should Be True</arg>
<arg>${True}</arg>
<doc>Runs the given keyword with the given arguments, if ``condition`` is true.</doc>
<status status="PASS" start="2024-06-30T11:11:28.369118" elapsed="0.001015"/>
</kw>
<kw name="Run Keyword If" owner="BuiltIn">
<kw name="Should Be True" owner="BuiltIn">
<arg>${True}</arg>
<doc>Fails if the given condition is not true.</doc>
<status status="PASS" start="2024-06-30T11:11:28.371001" elapsed="0.000227"/>
</kw>
<arg>${json_data["results"][0]["location"]["coordinates"]["longitude"]} &gt;= -180 and ${json_data["results"][0]["location"]["coordinates"]["longitude"]} &lt;= 180</arg>
<arg>Should Be True</arg>
<arg>${True}</arg>
<doc>Runs the given keyword with the given arguments, if ``condition`` is true.</doc>
<status status="PASS" start="2024-06-30T11:11:28.370310" elapsed="0.001045"/>
</kw>
<status status="PASS" start="2024-06-30T11:11:28.264571" elapsed="0.106911"/>
</kw>
<doc>Testa o conteúdo específico dos campos retornados pela API.</doc>
<tag>testeConteudo</tag>
<status status="PASS" start="2024-06-30T11:11:28.264089" elapsed="0.107532"/>
</test>
<status status="PASS" start="2024-06-30T11:11:27.451269" elapsed="0.922197"/>
</suite>
<status status="PASS" start="2024-06-30T11:11:27.436797" elapsed="0.941665"/>
</suite>
<statistics>
<total>
<stat pass="5" fail="0" skip="0">All Tests</stat>
</total>
<tag>
<stat pass="1" fail="0" skip="0">testeConteudo</stat>
<stat pass="1" fail="0" skip="0">testeEstruturaResposta</stat>
<stat pass="1" fail="0" skip="0">testeRequisicaoBasica</stat>
<stat pass="1" fail="0" skip="0">testeTiposDados</stat>
</tag>
<suite>
<stat pass="5" fail="0" skip="0" id="s1" name="Tests">Tests</stat>
<stat pass="5" fail="0" skip="0" id="s1-s1" name="Random-User-Test">Tests.Random-User-Test</stat>
</suite>
</statistics>
<errors>
</errors>
</robot>
