<?xml version="1.0" encoding="UTF-8"?>
<robot generator="Robot 7.0.1 (Python 3.12.4 on linux)" generated="2024-07-03T19:12:15.008629" rpa="false" schemaversion="5">
<suite id="s1" name="Tests" source="/home/runner/work/ApiRandomUser/ApiRandomUser/RamdonUser/tests">
<suite id="s1-s1" name="Random-User-Test" source="/home/runner/work/ApiRandomUser/ApiRandomUser/RamdonUser/tests/random-user-test.robot">
<test id="s1-s1-t1" name="Conectar" line="13">
<kw name="Conectar API" owner="random-user-service">
<kw name="Create Session" owner="RequestsLibrary">
<msg time="2024-07-03T19:12:15.498411" level="INFO">Creating Session using : alias=consultarAPI, url=https://randomuser.me/, headers={},                     cookies={}, auth=None, timeout=None, proxies=None, verify=False,                     debug=0 </msg>
<arg>consultarAPI</arg>
<arg>${URL}</arg>
<doc>Create Session: create a HTTP session to a server</doc>
<status status="PASS" start="2024-07-03T19:12:15.498148" elapsed="0.000516"/>
</kw>
<status status="PASS" start="2024-07-03T19:12:15.496847" elapsed="0.002277"/>
</kw>
<status status="PASS" start="2024-07-03T19:12:15.495963" elapsed="0.003384"/>
</test>
<test id="s1-s1-t2" name="Validar retorno 200 e JSON Válido" line="16">
<kw name="Teste de Requisicao Basica" owner="random-user-service">
<kw name="GET On Session" owner="RequestsLibrary">
<msg time="2024-07-03T19:12:15.904896" level="INFO">GET Request : url=https://randomuser.me/api 
 path_url=/api 
 headers={'User-Agent': 'python-requests/2.32.3', 'Accept-Encoding': 'gzip, deflate', 'Accept': '*/*', 'Connection': 'keep-alive'} 
 body=None 
 </msg>
<msg time="2024-07-03T19:12:15.905148" level="INFO">GET Response : url=https://randomuser.me/api 
 status=200, reason=OK 
 headers={'Date': 'Wed, 03 Jul 2024 19:12:15 GMT', 'Content-Type': 'application/json; charset=utf-8', 'Transfer-Encoding': 'chunked', 'Connection': 'keep-alive', 'X-Powered-By': 'Express', 'Access-Control-Allow-Origin': '*', 'Cache-Control': 'no-cache', 'ETag': 'W/"480-CdsW8273vC1kJCFtrBavvoHu6tk"', 'Vary': 'Accept-Encoding', 'Content-Encoding': 'gzip', 'CF-Cache-Status': 'DYNAMIC', 'Report-To': '{"endpoints":[{"url":"https:\\/\\/a.nel.cloudflare.com\\/report\\/v4?s=5f9PGPxy4wOghpfNypbIZ2hafh1oEkiC831cxSRFxoJ06uXzemPX6VtyN8e3KvC4OiV8Y%2B7CIknzpvIEthdxmQAFdHSSbN2LXfFW6mio0vHcM%2BjQlWbEqUwsiiZO0hKI"}],"group":"cf-nel","max_age":604800}', 'NEL': '{"success_fraction":0,"report_to":"cf-nel","max_age":604800}', 'Server': 'cloudflare', 'CF-RAY': '89d92fa22aa61783-IAD', 'alt-svc': 'h3=":443"; ma=86400'} 
 body={"results":[{"gender":"male","name":{"title":"Mr","first":"Pierre","last":"Carpentier"},"location":{"street":{"number":1264,"name":"Rue Desaix"},"city":"Nice","state":"Corrèze","country":"France","postcode":19616,"coordinates":{"latitude":"-14.2851","longitude":"-19.0528"},"timezone":{"offset":"+3:30","description":"Tehran"}},"email":"pierre.carpentier@example.com","login":{"uuid":"c292b921-a593-4339-9e0b-d353ed117acf","username":"beautifulpanda882","password":"treetop","salt":"QxLmnnIv","md5":"8574a79b13191cbf586250eff16b4be1","sha1":"bc75952e7ca8f7e71b0af86fb88af0d6823c841b","sha256":"ff8c585f187ca291917b4c393d327aae3ec283c7600ccd9b40237d578ee9d0c9"},"dob":{"date":"1956-01-03T08:09:34.616Z","age":68},"registered":{"date":"2009-01-02T01:53:41.303Z","age":15},"phone":"05-80-04-67-92","cell":"06-17-30-22-32","id":{"name":"INSEE","value":"1560002524720 15"},"picture":{"large":"https://randomuser.me/api/portraits/men/21.jpg","medium":"https://randomuser.me/api/portraits/med/men/21.jpg","thumbnail":"https://randomuser.me/api/portraits/thumb/men/21.jpg"},"nat":"FR"}],"info":{"seed":"a02614c5866b1a8e","results":1,"page":1,"version":"1.4"}} 
 </msg>
<msg time="2024-07-03T19:12:15.905293" level="INFO">/opt/hostedtoolcache/Python/3.12.4/x64/lib/python3.12/site-packages/urllib3/connectionpool.py:1099: InsecureRequestWarning: Unverified HTTPS request is being made to host 'randomuser.me'. Adding certificate verification is strongly advised. See: https://urllib3.readthedocs.io/en/latest/advanced-usage.html#tls-warnings
  warnings.warn(</msg>
<msg time="2024-07-03T19:12:15.905568" level="INFO">${response} = &lt;Response [200]&gt;</msg>
<var>${response}</var>
<arg>consultarAPI</arg>
<arg>/api</arg>
<doc>Sends a GET request on a previously created HTTP Session.</doc>
<status status="PASS" start="2024-07-03T19:12:15.502507" elapsed="0.403128"/>
</kw>
<kw name="Should Be Equal As Numbers" owner="BuiltIn">
<msg time="2024-07-03T19:12:15.907121" level="INFO">Argument types are:
&lt;class 'int'&gt;
&lt;class 'str'&gt;</msg>
<arg>${response.status_code}</arg>
<arg>200</arg>
<doc>Fails if objects are unequal after converting them to real numbers.</doc>
<status status="PASS" start="2024-07-03T19:12:15.906517" elapsed="0.000680"/>
</kw>
<kw name="Log" owner="BuiltIn">
<msg time="2024-07-03T19:12:15.907977" level="INFO">200</msg>
<arg>${response.status_code}</arg>
<doc>Logs the given message with the given level.</doc>
<status status="PASS" start="2024-07-03T19:12:15.907553" elapsed="0.000471"/>
</kw>
<kw name="Set Variable" owner="BuiltIn">
<msg time="2024-07-03T19:12:15.908874" level="INFO">${json_data} = {'results': [{'gender': 'male', 'name': {'title': 'Mr', 'first': 'Pierre', 'last': 'Carpentier'}, 'location': {'street': {'number': 1264, 'name': 'Rue Desaix'}, 'city': 'Nice', 'state': 'Corrèze', 'co...</msg>
<var>${json_data}</var>
<arg>${response.json()}</arg>
<doc>Returns the given values which can then be assigned to a variables.</doc>
<status status="PASS" start="2024-07-03T19:12:15.908366" elapsed="0.000538"/>
</kw>
<kw name="Dictionary Should Contain Key" owner="Collections">
<arg>${json_data}</arg>
<arg>results</arg>
<doc>Fails if ``key`` is not found from ``dictionary``.</doc>
<status status="PASS" start="2024-07-03T19:12:15.909208" elapsed="0.000172"/>
</kw>
<status status="PASS" start="2024-07-03T19:12:15.502201" elapsed="0.407335"/>
</kw>
<doc>Testa se a API responde corretamente e retorna um objeto JSON válido.</doc>
<tag>testeRequisicaoBasica</tag>
<status status="PASS" start="2024-07-03T19:12:15.501551" elapsed="0.408184"/>
</test>
<test id="s1-s1-t3" name="Validar estrutura de resposta" line="22">
<kw name="Teste de Estrutura de Resposta" owner="random-user-service">
<kw name="GET On Session" owner="RequestsLibrary">
<msg time="2024-07-03T19:12:15.942093" level="INFO">GET Request : url=https://randomuser.me/api 
 path_url=/api 
 headers={'User-Agent': 'python-requests/2.32.3', 'Accept-Encoding': 'gzip, deflate', 'Accept': '*/*', 'Connection': 'keep-alive'} 
 body=None 
 </msg>
<msg time="2024-07-03T19:12:15.942248" level="INFO">GET Response : url=https://randomuser.me/api 
 status=200, reason=OK 
 headers={'Date': 'Wed, 03 Jul 2024 19:12:15 GMT', 'Content-Type': 'application/json; charset=utf-8', 'Transfer-Encoding': 'chunked', 'Connection': 'keep-alive', 'X-Powered-By': 'Express', 'Access-Control-Allow-Origin': '*', 'Cache-Control': 'no-cache', 'ETag': 'W/"477-UHN7Pc9XgVWn51aiICTn9/TSbs8"', 'Vary': 'Accept-Encoding', 'Content-Encoding': 'gzip', 'CF-Cache-Status': 'DYNAMIC', 'Report-To': '{"endpoints":[{"url":"https:\\/\\/a.nel.cloudflare.com\\/report\\/v4?s=R%2FWu1jSVI23NozJbMoQ7JssTyDgJm6Si%2FmCJc6OIyQ8%2B4OlsskF05lqnkfdX0xaDBciGJnrIUr2qmCBEEYm5CI7wz522JVLa6HHHWeMhJ0%2BsvybRD0GU03OZBmn%2Fs9Lo"}],"group":"cf-nel","max_age":604800}', 'NEL': '{"success_fraction":0,"report_to":"cf-nel","max_age":604800}', 'Server': 'cloudflare', 'CF-RAY': '89d92fa37c221783-IAD', 'alt-svc': 'h3=":443"; ma=86400'} 
 body={"results":[{"gender":"male","name":{"title":"Mr","first":"Blake","last":"Smith"},"location":{"street":{"number":7061,"name":"Broadway Avenue"},"city":"Taupo","state":"West Coast","country":"New Zealand","postcode":78040,"coordinates":{"latitude":"48.1691","longitude":"-108.8494"},"timezone":{"offset":"+7:00","description":"Bangkok, Hanoi, Jakarta"}},"email":"blake.smith@example.com","login":{"uuid":"2acb1bfc-11cc-4f88-ba3d-2ca1307d705e","username":"brownsnake232","password":"oranges","salt":"egWY0GHn","md5":"de363f09a17922ba17d3657f6c461bc9","sha1":"d5ecab4c255e11c6f49f11ee3e1fdd35f06af08e","sha256":"06830dc20cc5329d0789ed589e7573b1bbc021933e3d489edb19bb8063357b07"},"dob":{"date":"1988-11-01T12:06:35.588Z","age":35},"registered":{"date":"2015-06-16T01:25:58.227Z","age":9},"phone":"(204)-840-3901","cell":"(076)-525-8167","id":{"name":"","value":null},"picture":{"large":"https://randomuser.me/api/portraits/men/9.jpg","medium":"https://randomuser.me/api/portraits/med/men/9.jpg","thumbnail":"https://randomuser.me/api/portraits/thumb/men/9.jpg"},"nat":"NZ"}],"info":{"seed":"8595d1ec20978e5f","results":1,"page":1,"version":"1.4"}} 
 </msg>
<msg time="2024-07-03T19:12:15.942425" level="INFO">/opt/hostedtoolcache/Python/3.12.4/x64/lib/python3.12/site-packages/urllib3/connectionpool.py:1099: InsecureRequestWarning: Unverified HTTPS request is being made to host 'randomuser.me'. Adding certificate verification is strongly advised. See: https://urllib3.readthedocs.io/en/latest/advanced-usage.html#tls-warnings
  warnings.warn(</msg>
<msg time="2024-07-03T19:12:15.942599" level="INFO">${response} = &lt;Response [200]&gt;</msg>
<var>${response}</var>
<arg>consultarAPI</arg>
<arg>/api</arg>
<doc>Sends a GET request on a previously created HTTP Session.</doc>
<status status="PASS" start="2024-07-03T19:12:15.912727" elapsed="0.029926"/>
</kw>
<kw name="Set Variable" owner="BuiltIn">
<msg time="2024-07-03T19:12:15.944393" level="INFO">${json_data} = {'results': [{'gender': 'male', 'name': {'title': 'Mr', 'first': 'Blake', 'last': 'Smith'}, 'location': {'street': {'number': 7061, 'name': 'Broadway Avenue'}, 'city': 'Taupo', 'state': 'West Coast', ...</msg>
<var>${json_data}</var>
<arg>${response.json()}</arg>
<doc>Returns the given values which can then be assigned to a variables.</doc>
<status status="PASS" start="2024-07-03T19:12:15.943557" elapsed="0.000867"/>
</kw>
<kw name="Log" owner="BuiltIn">
<msg time="2024-07-03T19:12:15.944934" level="INFO">{'results': [{'gender': 'male', 'name': {'title': 'Mr', 'first': 'Blake', 'last': 'Smith'}, 'location': {'street': {'number': 7061, 'name': 'Broadway Avenue'}, 'city': 'Taupo', 'state': 'West Coast', 'country': 'New Zealand', 'postcode': 78040, 'coordinates': {'latitude': '48.1691', 'longitude': '-108.8494'}, 'timezone': {'offset': '+7:00', 'description': 'Bangkok, Hanoi, Jakarta'}}, 'email': 'blake.smith@example.com', 'login': {'uuid': '2acb1bfc-11cc-4f88-ba3d-2ca1307d705e', 'username': 'brownsnake232', 'password': 'oranges', 'salt': 'egWY0GHn', 'md5': 'de363f09a17922ba17d3657f6c461bc9', 'sha1': 'd5ecab4c255e11c6f49f11ee3e1fdd35f06af08e', 'sha256': '06830dc20cc5329d0789ed589e7573b1bbc021933e3d489edb19bb8063357b07'}, 'dob': {'date': '1988-11-01T12:06:35.588Z', 'age': 35}, 'registered': {'date': '2015-06-16T01:25:58.227Z', 'age': 9}, 'phone': '(204)-840-3901', 'cell': '(076)-525-8167', 'id': {'name': '', 'value': None}, 'picture': {'large': 'https://randomuser.me/api/portraits/men/9.jpg', 'medium': 'https://randomuser.me/api/portraits/med/men/9.jpg', 'thumbnail': 'https://randomuser.me/api/portraits/thumb/men/9.jpg'}, 'nat': 'NZ'}], 'info': {'seed': '8595d1ec20978e5f', 'results': 1, 'page': 1, 'version': '1.4'}}</msg>
<arg>${json_data}</arg>
<doc>Logs the given message with the given level.</doc>
<status status="PASS" start="2024-07-03T19:12:15.944761" elapsed="0.000225"/>
</kw>
<kw name="Dictionary Should Contain Key" owner="Collections">
<arg>${json_data}</arg>
<arg>results</arg>
<doc>Fails if ``key`` is not found from ``dictionary``.</doc>
<status status="PASS" start="2024-07-03T19:12:15.945291" elapsed="0.000171"/>
</kw>
<kw name="Should Not Be Empty" owner="BuiltIn">
<msg time="2024-07-03T19:12:15.945798" level="INFO">Length is 2.</msg>
<arg>${json_data}</arg>
<doc>Verifies that the given item is not empty.</doc>
<status status="PASS" start="2024-07-03T19:12:15.945653" elapsed="0.000186"/>
</kw>
<kw name="Create List" owner="BuiltIn">
<msg time="2024-07-03T19:12:15.946606" level="INFO">${expected_keys} = ['gender', 'name', 'location', 'email', 'login']</msg>
<var>${expected_keys}</var>
<arg>gender</arg>
<arg>name</arg>
<arg>location</arg>
<arg>email</arg>
<arg>login</arg>
<doc>Returns a list containing given items.</doc>
<status status="PASS" start="2024-07-03T19:12:15.946202" elapsed="0.000430"/>
</kw>
<for flavor="IN">
<iter>
<kw name="Dictionary Should Contain Key" owner="Collections">
<arg>${json_data['results'][0]}</arg>
<arg>${key}</arg>
<doc>Fails if ``key`` is not found from ``dictionary``.</doc>
<status status="PASS" start="2024-07-03T19:12:15.947277" elapsed="0.000421"/>
</kw>
<kw name="Log" owner="BuiltIn">
<msg time="2024-07-03T19:12:15.948263" level="INFO">{'gender': 'male', 'name': {'title': 'Mr', 'first': 'Blake', 'last': 'Smith'}, 'location': {'street': {'number': 7061, 'name': 'Broadway Avenue'}, 'city': 'Taupo', 'state': 'West Coast', 'country': 'New Zealand', 'postcode': 78040, 'coordinates': {'latitude': '48.1691', 'longitude': '-108.8494'}, 'timezone': {'offset': '+7:00', 'description': 'Bangkok, Hanoi, Jakarta'}}, 'email': 'blake.smith@example.com', 'login': {'uuid': '2acb1bfc-11cc-4f88-ba3d-2ca1307d705e', 'username': 'brownsnake232', 'password': 'oranges', 'salt': 'egWY0GHn', 'md5': 'de363f09a17922ba17d3657f6c461bc9', 'sha1': 'd5ecab4c255e11c6f49f11ee3e1fdd35f06af08e', 'sha256': '06830dc20cc5329d0789ed589e7573b1bbc021933e3d489edb19bb8063357b07'}, 'dob': {'date': '1988-11-01T12:06:35.588Z', 'age': 35}, 'registered': {'date': '2015-06-16T01:25:58.227Z', 'age': 9}, 'phone': '(204)-840-3901', 'cell': '(076)-525-8167', 'id': {'name': '', 'value': None}, 'picture': {'large': 'https://randomuser.me/api/portraits/men/9.jpg', 'medium': 'https://randomuser.me/api/portraits/med/men/9.jpg', 'thumbnail': 'https://randomuser.me/api/portraits/thumb/men/9.jpg'}, 'nat': 'NZ'}</msg>
<arg>${json_data['results'][0]}</arg>
<doc>Logs the given message with the given level.</doc>
<status status="PASS" start="2024-07-03T19:12:15.947889" elapsed="0.000424"/>
</kw>
<kw name="Log" owner="BuiltIn">
<msg time="2024-07-03T19:12:15.948765" level="INFO">gender</msg>
<arg>${key}</arg>
<doc>Logs the given message with the given level.</doc>
<status status="PASS" start="2024-07-03T19:12:15.948632" elapsed="0.000171"/>
</kw>
<var name="${key}">gender</var>
<status status="PASS" start="2024-07-03T19:12:15.947143" elapsed="0.001884"/>
</iter>
<iter>
<kw name="Dictionary Should Contain Key" owner="Collections">
<arg>${json_data['results'][0]}</arg>
<arg>${key}</arg>
<doc>Fails if ``key`` is not found from ``dictionary``.</doc>
<status status="PASS" start="2024-07-03T19:12:15.949331" elapsed="0.000412"/>
</kw>
<kw name="Log" owner="BuiltIn">
<msg time="2024-07-03T19:12:15.950334" level="INFO">{'gender': 'male', 'name': {'title': 'Mr', 'first': 'Blake', 'last': 'Smith'}, 'location': {'street': {'number': 7061, 'name': 'Broadway Avenue'}, 'city': 'Taupo', 'state': 'West Coast', 'country': 'New Zealand', 'postcode': 78040, 'coordinates': {'latitude': '48.1691', 'longitude': '-108.8494'}, 'timezone': {'offset': '+7:00', 'description': 'Bangkok, Hanoi, Jakarta'}}, 'email': 'blake.smith@example.com', 'login': {'uuid': '2acb1bfc-11cc-4f88-ba3d-2ca1307d705e', 'username': 'brownsnake232', 'password': 'oranges', 'salt': 'egWY0GHn', 'md5': 'de363f09a17922ba17d3657f6c461bc9', 'sha1': 'd5ecab4c255e11c6f49f11ee3e1fdd35f06af08e', 'sha256': '06830dc20cc5329d0789ed589e7573b1bbc021933e3d489edb19bb8063357b07'}, 'dob': {'date': '1988-11-01T12:06:35.588Z', 'age': 35}, 'registered': {'date': '2015-06-16T01:25:58.227Z', 'age': 9}, 'phone': '(204)-840-3901', 'cell': '(076)-525-8167', 'id': {'name': '', 'value': None}, 'picture': {'large': 'https://randomuser.me/api/portraits/men/9.jpg', 'medium': 'https://randomuser.me/api/portraits/med/men/9.jpg', 'thumbnail': 'https://randomuser.me/api/portraits/thumb/men/9.jpg'}, 'nat': 'NZ'}</msg>
<arg>${json_data['results'][0]}</arg>
<doc>Logs the given message with the given level.</doc>
<status status="PASS" start="2024-07-03T19:12:15.949930" elapsed="0.000490"/>
</kw>
<kw name="Log" owner="BuiltIn">
<msg time="2024-07-03T19:12:15.950862" level="INFO">name</msg>
<arg>${key}</arg>
<doc>Logs the given message with the given level.</doc>
<status status="PASS" start="2024-07-03T19:12:15.950731" elapsed="0.000169"/>
</kw>
<var name="${key}">name</var>
<status status="PASS" start="2024-07-03T19:12:15.949217" elapsed="0.001909"/>
</iter>
<iter>
<kw name="Dictionary Should Contain Key" owner="Collections">
<arg>${json_data['results'][0]}</arg>
<arg>${key}</arg>
<doc>Fails if ``key`` is not found from ``dictionary``.</doc>
<status status="PASS" start="2024-07-03T19:12:15.951419" elapsed="0.000395"/>
</kw>
<kw name="Log" owner="BuiltIn">
<msg time="2024-07-03T19:12:15.952375" level="INFO">{'gender': 'male', 'name': {'title': 'Mr', 'first': 'Blake', 'last': 'Smith'}, 'location': {'street': {'number': 7061, 'name': 'Broadway Avenue'}, 'city': 'Taupo', 'state': 'West Coast', 'country': 'New Zealand', 'postcode': 78040, 'coordinates': {'latitude': '48.1691', 'longitude': '-108.8494'}, 'timezone': {'offset': '+7:00', 'description': 'Bangkok, Hanoi, Jakarta'}}, 'email': 'blake.smith@example.com', 'login': {'uuid': '2acb1bfc-11cc-4f88-ba3d-2ca1307d705e', 'username': 'brownsnake232', 'password': 'oranges', 'salt': 'egWY0GHn', 'md5': 'de363f09a17922ba17d3657f6c461bc9', 'sha1': 'd5ecab4c255e11c6f49f11ee3e1fdd35f06af08e', 'sha256': '06830dc20cc5329d0789ed589e7573b1bbc021933e3d489edb19bb8063357b07'}, 'dob': {'date': '1988-11-01T12:06:35.588Z', 'age': 35}, 'registered': {'date': '2015-06-16T01:25:58.227Z', 'age': 9}, 'phone': '(204)-840-3901', 'cell': '(076)-525-8167', 'id': {'name': '', 'value': None}, 'picture': {'large': 'https://randomuser.me/api/portraits/men/9.jpg', 'medium': 'https://randomuser.me/api/portraits/med/men/9.jpg', 'thumbnail': 'https://randomuser.me/api/portraits/thumb/men/9.jpg'}, 'nat': 'NZ'}</msg>
<arg>${json_data['results'][0]}</arg>
<doc>Logs the given message with the given level.</doc>
<status status="PASS" start="2024-07-03T19:12:15.952001" elapsed="0.000425"/>
</kw>
<kw name="Log" owner="BuiltIn">
<msg time="2024-07-03T19:12:15.952870" level="INFO">location</msg>
<arg>${key}</arg>
<doc>Logs the given message with the given level.</doc>
<status status="PASS" start="2024-07-03T19:12:15.952737" elapsed="0.000172"/>
</kw>
<var name="${key}">location</var>
<status status="PASS" start="2024-07-03T19:12:15.951308" elapsed="0.001824"/>
</iter>
<iter>
<kw name="Dictionary Should Contain Key" owner="Collections">
<arg>${json_data['results'][0]}</arg>
<arg>${key}</arg>
<doc>Fails if ``key`` is not found from ``dictionary``.</doc>
<status status="PASS" start="2024-07-03T19:12:15.953417" elapsed="0.000408"/>
</kw>
<kw name="Log" owner="BuiltIn">
<msg time="2024-07-03T19:12:15.954420" level="INFO">{'gender': 'male', 'name': {'title': 'Mr', 'first': 'Blake', 'last': 'Smith'}, 'location': {'street': {'number': 7061, 'name': 'Broadway Avenue'}, 'city': 'Taupo', 'state': 'West Coast', 'country': 'New Zealand', 'postcode': 78040, 'coordinates': {'latitude': '48.1691', 'longitude': '-108.8494'}, 'timezone': {'offset': '+7:00', 'description': 'Bangkok, Hanoi, Jakarta'}}, 'email': 'blake.smith@example.com', 'login': {'uuid': '2acb1bfc-11cc-4f88-ba3d-2ca1307d705e', 'username': 'brownsnake232', 'password': 'oranges', 'salt': 'egWY0GHn', 'md5': 'de363f09a17922ba17d3657f6c461bc9', 'sha1': 'd5ecab4c255e11c6f49f11ee3e1fdd35f06af08e', 'sha256': '06830dc20cc5329d0789ed589e7573b1bbc021933e3d489edb19bb8063357b07'}, 'dob': {'date': '1988-11-01T12:06:35.588Z', 'age': 35}, 'registered': {'date': '2015-06-16T01:25:58.227Z', 'age': 9}, 'phone': '(204)-840-3901', 'cell': '(076)-525-8167', 'id': {'name': '', 'value': None}, 'picture': {'large': 'https://randomuser.me/api/portraits/men/9.jpg', 'medium': 'https://randomuser.me/api/portraits/med/men/9.jpg', 'thumbnail': 'https://randomuser.me/api/portraits/thumb/men/9.jpg'}, 'nat': 'NZ'}</msg>
<arg>${json_data['results'][0]}</arg>
<doc>Logs the given message with the given level.</doc>
<status status="PASS" start="2024-07-03T19:12:15.954014" elapsed="0.000458"/>
</kw>
<kw name="Log" owner="BuiltIn">
<msg time="2024-07-03T19:12:15.954916" level="INFO">email</msg>
<arg>${key}</arg>
<doc>Logs the given message with the given level.</doc>
<status status="PASS" start="2024-07-03T19:12:15.954783" elapsed="0.000173"/>
</kw>
<var name="${key}">email</var>
<status status="PASS" start="2024-07-03T19:12:15.953306" elapsed="0.001878"/>
</iter>
<iter>
<kw name="Dictionary Should Contain Key" owner="Collections">
<arg>${json_data['results'][0]}</arg>
<arg>${key}</arg>
<doc>Fails if ``key`` is not found from ``dictionary``.</doc>
<status status="PASS" start="2024-07-03T19:12:15.955483" elapsed="0.000408"/>
</kw>
<kw name="Log" owner="BuiltIn">
<msg time="2024-07-03T19:12:15.956457" level="INFO">{'gender': 'male', 'name': {'title': 'Mr', 'first': 'Blake', 'last': 'Smith'}, 'location': {'street': {'number': 7061, 'name': 'Broadway Avenue'}, 'city': 'Taupo', 'state': 'West Coast', 'country': 'New Zealand', 'postcode': 78040, 'coordinates': {'latitude': '48.1691', 'longitude': '-108.8494'}, 'timezone': {'offset': '+7:00', 'description': 'Bangkok, Hanoi, Jakarta'}}, 'email': 'blake.smith@example.com', 'login': {'uuid': '2acb1bfc-11cc-4f88-ba3d-2ca1307d705e', 'username': 'brownsnake232', 'password': 'oranges', 'salt': 'egWY0GHn', 'md5': 'de363f09a17922ba17d3657f6c461bc9', 'sha1': 'd5ecab4c255e11c6f49f11ee3e1fdd35f06af08e', 'sha256': '06830dc20cc5329d0789ed589e7573b1bbc021933e3d489edb19bb8063357b07'}, 'dob': {'date': '1988-11-01T12:06:35.588Z', 'age': 35}, 'registered': {'date': '2015-06-16T01:25:58.227Z', 'age': 9}, 'phone': '(204)-840-3901', 'cell': '(076)-525-8167', 'id': {'name': '', 'value': None}, 'picture': {'large': 'https://randomuser.me/api/portraits/men/9.jpg', 'medium': 'https://randomuser.me/api/portraits/med/men/9.jpg', 'thumbnail': 'https://randomuser.me/api/portraits/thumb/men/9.jpg'}, 'nat': 'NZ'}</msg>
<arg>${json_data['results'][0]}</arg>
<doc>Logs the given message with the given level.</doc>
<status status="PASS" start="2024-07-03T19:12:15.956081" elapsed="0.000427"/>
</kw>
<kw name="Log" owner="BuiltIn">
<msg time="2024-07-03T19:12:15.956948" level="INFO">login</msg>
<arg>${key}</arg>
<doc>Logs the given message with the given level.</doc>
<status status="PASS" start="2024-07-03T19:12:15.956810" elapsed="0.000177"/>
</kw>
<var name="${key}">login</var>
<status status="PASS" start="2024-07-03T19:12:15.955361" elapsed="0.001851"/>
</iter>
<var>${key}</var>
<value>@{expected_keys}</value>
<status status="PASS" start="2024-07-03T19:12:15.946924" elapsed="0.010411"/>
</for>
<kw name="Create List" owner="BuiltIn">
<msg time="2024-07-03T19:12:15.957679" level="INFO">${expected_keysTwo} = ['username', 'password']</msg>
<var>${expected_keysTwo}</var>
<arg>username</arg>
<arg>password</arg>
<doc>Returns a list containing given items.</doc>
<status status="PASS" start="2024-07-03T19:12:15.957532" elapsed="0.000171"/>
</kw>
<for flavor="IN">
<iter>
<kw name="Dictionary Should Contain Key" owner="Collections">
<arg>${json_data['results'][0]['login']}</arg>
<arg>${keyTwo}</arg>
<doc>Fails if ``key`` is not found from ``dictionary``.</doc>
<status status="PASS" start="2024-07-03T19:12:15.958299" elapsed="0.000401"/>
</kw>
<kw name="Dictionary Should Contain Key" owner="Collections">
<arg>${json_data['results'][0]['login']}</arg>
<arg>${keyTwo}</arg>
<doc>Fails if ``key`` is not found from ``dictionary``.</doc>
<status status="PASS" start="2024-07-03T19:12:15.958886" elapsed="0.000414"/>
</kw>
<kw name="Log" owner="BuiltIn">
<msg time="2024-07-03T19:12:15.959613" level="INFO">username</msg>
<arg>${keyTwo}</arg>
<doc>Logs the given message with the given level.</doc>
<status status="PASS" start="2024-07-03T19:12:15.959487" elapsed="0.000164"/>
</kw>
<var name="${keyTwo}">username</var>
<status status="PASS" start="2024-07-03T19:12:15.958183" elapsed="0.001699"/>
</iter>
<iter>
<kw name="Dictionary Should Contain Key" owner="Collections">
<arg>${json_data['results'][0]['login']}</arg>
<arg>${keyTwo}</arg>
<doc>Fails if ``key`` is not found from ``dictionary``.</doc>
<status status="PASS" start="2024-07-03T19:12:15.960169" elapsed="0.000403"/>
</kw>
<kw name="Dictionary Should Contain Key" owner="Collections">
<arg>${json_data['results'][0]['login']}</arg>
<arg>${keyTwo}</arg>
<doc>Fails if ``key`` is not found from ``dictionary``.</doc>
<status status="PASS" start="2024-07-03T19:12:15.960754" elapsed="0.000392"/>
</kw>
<kw name="Log" owner="BuiltIn">
<msg time="2024-07-03T19:12:15.961446" level="INFO">password</msg>
<arg>${keyTwo}</arg>
<doc>Logs the given message with the given level.</doc>
<status status="PASS" start="2024-07-03T19:12:15.961325" elapsed="0.000162"/>
</kw>
<var name="${keyTwo}">password</var>
<status status="PASS" start="2024-07-03T19:12:15.960059" elapsed="0.001752"/>
</iter>
<var>${keyTwo}</var>
<value>@{expected_keysTwo}</value>
<status status="PASS" start="2024-07-03T19:12:15.957987" elapsed="0.003949"/>
</for>
<status status="PASS" start="2024-07-03T19:12:15.912479" elapsed="0.049604"/>
</kw>
<doc>Testa a estrutura da resposta da API.</doc>
<tag>testeEstruturaResposta</tag>
<status status="PASS" start="2024-07-03T19:12:15.911824" elapsed="0.050448"/>
</test>
<test id="s1-s1-t4" name="Validar tipos de dados" line="28">
<kw name="Teste de Tipos de Dados" owner="random-user-service">
<kw name="GET On Session" owner="RequestsLibrary">
<msg time="2024-07-03T19:12:16.039266" level="INFO">GET Request : url=https://randomuser.me/api 
 path_url=/api 
 headers={'User-Agent': 'python-requests/2.32.3', 'Accept-Encoding': 'gzip, deflate', 'Accept': '*/*', 'Connection': 'keep-alive'} 
 body=None 
 </msg>
<msg time="2024-07-03T19:12:16.039396" level="INFO">GET Response : url=https://randomuser.me/api 
 status=200, reason=OK 
 headers={'Date': 'Wed, 03 Jul 2024 19:12:16 GMT', 'Content-Type': 'application/json; charset=utf-8', 'Transfer-Encoding': 'chunked', 'Connection': 'keep-alive', 'X-Powered-By': 'Express', 'Access-Control-Allow-Origin': '*', 'Cache-Control': 'no-cache', 'ETag': 'W/"482-ACFH4vDK9JCufPOT2Uh9pthI0X4"', 'Vary': 'Accept-Encoding', 'Content-Encoding': 'gzip', 'CF-Cache-Status': 'DYNAMIC', 'Report-To': '{"endpoints":[{"url":"https:\\/\\/a.nel.cloudflare.com\\/report\\/v4?s=4G5hLzQNULIXGe0DIgCI8UCWJ6EeXogO84fjrt7zMwVfgUKfjJF9wjyNdEHHZSf7mkRUhKEiwOosBGyN%2B%2BRb0h0gU0dCHm58IDZdFEmxQIVQxOKKXrnlr6UEhhOW8PWo"}],"group":"cf-nel","max_age":604800}', 'NEL': '{"success_fraction":0,"report_to":"cf-nel","max_age":604800}', 'Server': 'cloudflare', 'CF-RAY': '89d92fa3cc821783-IAD', 'alt-svc': 'h3=":443"; ma=86400'} 
 body={"results":[{"gender":"female","name":{"title":"Mrs","first":"Ugne","last":"Huseby"},"location":{"street":{"number":83,"name":"Dyna Brygge"},"city":"Blakstad","state":"Sogn og Fjordane","country":"Norway","postcode":"2742","coordinates":{"latitude":"45.3231","longitude":"139.7452"},"timezone":{"offset":"+7:00","description":"Bangkok, Hanoi, Jakarta"}},"email":"ugne.huseby@example.com","login":{"uuid":"f56c020b-dac1-402c-8bb7-fcd85ae412cb","username":"heavyzebra829","password":"qqqqqqqq","salt":"NXgbkWWQ","md5":"61e69206e7376010b0378749709a6f00","sha1":"e9c3339413acca3e5723e39dcb003a97c2662a40","sha256":"cd19967d9ee6ddb3912e2df3deae5972e4241f3e7c503beee0c137af612ce726"},"dob":{"date":"1991-03-24T19:09:00.829Z","age":33},"registered":{"date":"2013-04-26T02:02:46.370Z","age":11},"phone":"68201770","cell":"94210767","id":{"name":"FN","value":"24039146602"},"picture":{"large":"https://randomuser.me/api/portraits/women/30.jpg","medium":"https://randomuser.me/api/portraits/med/women/30.jpg","thumbnail":"https://randomuser.me/api/portraits/thumb/women/30.jpg"},"nat":"NO"}],"info":{"seed":"13480dc7868476b8","results":1,"page":1,"version":"1.4"}} 
 </msg>
<msg time="2024-07-03T19:12:16.039501" level="INFO">/opt/hostedtoolcache/Python/3.12.4/x64/lib/python3.12/site-packages/urllib3/connectionpool.py:1099: InsecureRequestWarning: Unverified HTTPS request is being made to host 'randomuser.me'. Adding certificate verification is strongly advised. See: https://urllib3.readthedocs.io/en/latest/advanced-usage.html#tls-warnings
  warnings.warn(</msg>
<msg time="2024-07-03T19:12:16.039656" level="INFO">${response} = &lt;Response [200]&gt;</msg>
<var>${response}</var>
<arg>consultarAPI</arg>
<arg>/api</arg>
<doc>Sends a GET request on a previously created HTTP Session.</doc>
<status status="PASS" start="2024-07-03T19:12:15.965015" elapsed="0.074691"/>
</kw>
<kw name="Set Variable" owner="BuiltIn">
<msg time="2024-07-03T19:12:16.041484" level="INFO">${json_data} = {'results': [{'gender': 'female', 'name': {'title': 'Mrs', 'first': 'Ugne', 'last': 'Huseby'}, 'location': {'street': {'number': 83, 'name': 'Dyna Brygge'}, 'city': 'Blakstad', 'state': 'Sogn og Fjord...</msg>
<var>${json_data}</var>
<arg>${response.json()}</arg>
<doc>Returns the given values which can then be assigned to a variables.</doc>
<status status="PASS" start="2024-07-03T19:12:16.040638" elapsed="0.000879"/>
</kw>
<kw name="Log" owner="BuiltIn">
<msg time="2024-07-03T19:12:16.042035" level="INFO">{'results': [{'gender': 'female', 'name': {'title': 'Mrs', 'first': 'Ugne', 'last': 'Huseby'}, 'location': {'street': {'number': 83, 'name': 'Dyna Brygge'}, 'city': 'Blakstad', 'state': 'Sogn og Fjordane', 'country': 'Norway', 'postcode': '2742', 'coordinates': {'latitude': '45.3231', 'longitude': '139.7452'}, 'timezone': {'offset': '+7:00', 'description': 'Bangkok, Hanoi, Jakarta'}}, 'email': 'ugne.huseby@example.com', 'login': {'uuid': 'f56c020b-dac1-402c-8bb7-fcd85ae412cb', 'username': 'heavyzebra829', 'password': 'qqqqqqqq', 'salt': 'NXgbkWWQ', 'md5': '61e69206e7376010b0378749709a6f00', 'sha1': 'e9c3339413acca3e5723e39dcb003a97c2662a40', 'sha256': 'cd19967d9ee6ddb3912e2df3deae5972e4241f3e7c503beee0c137af612ce726'}, 'dob': {'date': '1991-03-24T19:09:00.829Z', 'age': 33}, 'registered': {'date': '2013-04-26T02:02:46.370Z', 'age': 11}, 'phone': '68201770', 'cell': '94210767', 'id': {'name': 'FN', 'value': '24039146602'}, 'picture': {'large': 'https://randomuser.me/api/portraits/women/30.jpg', 'medium': 'https://randomuser.me/api/portraits/med/women/30.jpg', 'thumbnail': 'https://randomuser.me/api/portraits/thumb/women/30.jpg'}, 'nat': 'NO'}], 'info': {'seed': '13480dc7868476b8', 'results': 1, 'page': 1, 'version': '1.4'}}</msg>
<arg>${json_data}</arg>
<doc>Logs the given message with the given level.</doc>
<status status="PASS" start="2024-07-03T19:12:16.041861" elapsed="0.000228"/>
</kw>
<kw name="Should Be String" owner="String">
<arg>${json_data['results'][0]['gender']}</arg>
<doc>Fails if the given ``item`` is not a string.</doc>
<status status="PASS" start="2024-07-03T19:12:16.042449" elapsed="0.000407"/>
</kw>
<kw name="Should Match Regexp" owner="BuiltIn">
<arg>${json_data['results'][0]['email']}</arg>
<arg>^[a-zA-Z0-9._%+-]+@[a-zA-Z0-9.-]+\.[a-zA-Z]{2,}$</arg>
<doc>Fails if ``string`` does not match ``pattern`` as a regular expression.</doc>
<status status="PASS" start="2024-07-03T19:12:16.043056" elapsed="0.000579"/>
</kw>
<kw name="Should Match Regexp" owner="BuiltIn">
<arg>${json_data['results'][0]['dob']['date']}</arg>
<arg>\\d{4}-\\d{2}-\\d{2}T\\d{2}:\\d{2}:\\d{2}\\.\\d{3}Z</arg>
<doc>Fails if ``string`` does not match ``pattern`` as a regular expression.</doc>
<status status="PASS" start="2024-07-03T19:12:16.043880" elapsed="0.000523"/>
</kw>
<kw name="Should Match Regexp" owner="BuiltIn">
<arg>${json_data['results'][0]['registered']['date']}</arg>
<arg>\\d{4}-\\d{2}-\\d{2}T\\d{2}:\\d{2}:\\d{2}\\.\\d{3}Z</arg>
<doc>Fails if ``string`` does not match ``pattern`` as a regular expression.</doc>
<status status="PASS" start="2024-07-03T19:12:16.044601" elapsed="0.000394"/>
</kw>
<kw name="Should Match Regexp" owner="BuiltIn">
<arg>${json_data['results'][0]['picture']['large']}</arg>
<arg>^https?://.*\.(?:png|jpe?g|gif|bmp)$</arg>
<doc>Fails if ``string`` does not match ``pattern`` as a regular expression.</doc>
<status status="PASS" start="2024-07-03T19:12:16.045188" elapsed="0.000490"/>
</kw>
<kw name="Should Match Regexp" owner="BuiltIn">
<arg>${json_data['results'][0]['picture']['medium']}</arg>
<arg>^https?://.*\.(?:png|jpe?g|gif|bmp)$</arg>
<doc>Fails if ``string`` does not match ``pattern`` as a regular expression.</doc>
<status status="PASS" start="2024-07-03T19:12:16.045873" elapsed="0.000412"/>
</kw>
<kw name="Should Match Regexp" owner="BuiltIn">
<arg>${json_data['results'][0]['picture']['thumbnail']}</arg>
<arg>^https?://.*\.(?:png|jpe?g|gif|bmp)$</arg>
<doc>Fails if ``string`` does not match ``pattern`` as a regular expression.</doc>
<status status="PASS" start="2024-07-03T19:12:16.046477" elapsed="0.000378"/>
</kw>
<kw name="Log" owner="BuiltIn">
<msg time="2024-07-03T19:12:16.047399" level="INFO">{'large': 'https://randomuser.me/api/portraits/women/30.jpg', 'medium': 'https://randomuser.me/api/portraits/med/women/30.jpg', 'thumbnail': 'https://randomuser.me/api/portraits/thumb/women/30.jpg'}</msg>
<arg>${json_data['results'][0]['picture']}</arg>
<doc>Logs the given message with the given level.</doc>
<status status="PASS" start="2024-07-03T19:12:16.047050" elapsed="0.000394"/>
</kw>
<status status="PASS" start="2024-07-03T19:12:15.964766" elapsed="0.082995"/>
</kw>
<kw name="Teste de Tipos de Dados - Postcode" owner="random-user-service">
<kw name="GET On Session" owner="RequestsLibrary">
<msg time="2024-07-03T19:12:16.147703" level="INFO">GET Request : url=https://randomuser.me/api 
 path_url=/api 
 headers={'User-Agent': 'python-requests/2.32.3', 'Accept-Encoding': 'gzip, deflate', 'Accept': '*/*', 'Connection': 'keep-alive'} 
 body=None 
 </msg>
<msg time="2024-07-03T19:12:16.147865" level="INFO">GET Response : url=https://randomuser.me/api 
 status=200, reason=OK 
 headers={'Date': 'Wed, 03 Jul 2024 19:12:16 GMT', 'Content-Type': 'application/json; charset=utf-8', 'Transfer-Encoding': 'chunked', 'Connection': 'keep-alive', 'X-Powered-By': 'Express', 'Access-Control-Allow-Origin': '*', 'Cache-Control': 'no-cache', 'ETag': 'W/"48b-3nuV+ahcRcA6B2EFiLd2Ga4uE9Y"', 'Vary': 'Accept-Encoding', 'Content-Encoding': 'gzip', 'CF-Cache-Status': 'DYNAMIC', 'Report-To': '{"endpoints":[{"url":"https:\\/\\/a.nel.cloudflare.com\\/report\\/v4?s=3xJmvA%2FVjgGk6DSjWjF7TJbiNLy0UGbMkoN9b7YPoYZJSXRF%2BKo7V4PnZEfXQRFs2H2SpCASEa0QYKriAX6uV%2FfYnXc59x6uW6nLm7Rwh6V8BoYZ9j0tzmfpa9hAm1Se"}],"group":"cf-nel","max_age":604800}', 'NEL': '{"success_fraction":0,"report_to":"cf-nel","max_age":604800}', 'Server': 'cloudflare', 'CF-RAY': '89d92fa45d141783-IAD', 'alt-svc': 'h3=":443"; ma=86400'} 
 body={"results":[{"gender":"female","name":{"title":"Miss","first":"Sofia","last":"Kallio"},"location":{"street":{"number":2293,"name":"Pyynikintie"},"city":"Hailuoto","state":"Satakunta","country":"Finland","postcode":30379,"coordinates":{"latitude":"-23.4219","longitude":"89.7903"},"timezone":{"offset":"-11:00","description":"Midway Island, Samoa"}},"email":"sofia.kallio@example.com","login":{"uuid":"e3103a1a-3d81-439b-9c00-f694e7d0ffa0","username":"angryzebra460","password":"898989","salt":"YFhnJSuW","md5":"836d938269d807ed30d5ddbaaf007286","sha1":"c5a93c90749f84d30c8d66a7d3cb9553e4f68286","sha256":"51e5f9e14707a3add2de013581ca90c035e219488b40cf5f7d53603f171e4f6d"},"dob":{"date":"1977-12-11T01:07:53.078Z","age":46},"registered":{"date":"2007-09-18T21:02:59.709Z","age":16},"phone":"05-809-960","cell":"046-892-86-97","id":{"name":"HETU","value":"NaNNA702undefined"},"picture":{"large":"https://randomuser.me/api/portraits/women/89.jpg","medium":"https://randomuser.me/api/portraits/med/women/89.jpg","thumbnail":"https://randomuser.me/api/portraits/thumb/women/89.jpg"},"nat":"FI"}],"info":{"seed":"472a1a8a8b5bf774","results":1,"page":1,"version":"1.4"}} 
 </msg>
<msg time="2024-07-03T19:12:16.147987" level="INFO">/opt/hostedtoolcache/Python/3.12.4/x64/lib/python3.12/site-packages/urllib3/connectionpool.py:1099: InsecureRequestWarning: Unverified HTTPS request is being made to host 'randomuser.me'. Adding certificate verification is strongly advised. See: https://urllib3.readthedocs.io/en/latest/advanced-usage.html#tls-warnings
  warnings.warn(</msg>
<msg time="2024-07-03T19:12:16.148182" level="INFO">${response} = &lt;Response [200]&gt;</msg>
<var>${response}</var>
<arg>consultarAPI</arg>
<arg>/api</arg>
<doc>Sends a GET request on a previously created HTTP Session.</doc>
<status status="PASS" start="2024-07-03T19:12:16.048279" elapsed="0.099947"/>
</kw>
<kw name="Set Variable" owner="BuiltIn">
<msg time="2024-07-03T19:12:16.150189" level="INFO">${json_data} = {'results': [{'gender': 'female', 'name': {'title': 'Miss', 'first': 'Sofia', 'last': 'Kallio'}, 'location': {'street': {'number': 2293, 'name': 'Pyynikintie'}, 'city': 'Hailuoto', 'state': 'Satakunta...</msg>
<var>${json_data}</var>
<arg>${response.json()}</arg>
<doc>Returns the given values which can then be assigned to a variables.</doc>
<status status="PASS" start="2024-07-03T19:12:16.149359" elapsed="0.000864"/>
</kw>
<kw name="Log" owner="BuiltIn">
<msg time="2024-07-03T19:12:16.150749" level="INFO">{'results': [{'gender': 'female', 'name': {'title': 'Miss', 'first': 'Sofia', 'last': 'Kallio'}, 'location': {'street': {'number': 2293, 'name': 'Pyynikintie'}, 'city': 'Hailuoto', 'state': 'Satakunta', 'country': 'Finland', 'postcode': 30379, 'coordinates': {'latitude': '-23.4219', 'longitude': '89.7903'}, 'timezone': {'offset': '-11:00', 'description': 'Midway Island, Samoa'}}, 'email': 'sofia.kallio@example.com', 'login': {'uuid': 'e3103a1a-3d81-439b-9c00-f694e7d0ffa0', 'username': 'angryzebra460', 'password': '898989', 'salt': 'YFhnJSuW', 'md5': '836d938269d807ed30d5ddbaaf007286', 'sha1': 'c5a93c90749f84d30c8d66a7d3cb9553e4f68286', 'sha256': '51e5f9e14707a3add2de013581ca90c035e219488b40cf5f7d53603f171e4f6d'}, 'dob': {'date': '1977-12-11T01:07:53.078Z', 'age': 46}, 'registered': {'date': '2007-09-18T21:02:59.709Z', 'age': 16}, 'phone': '05-809-960', 'cell': '046-892-86-97', 'id': {'name': 'HETU', 'value': 'NaNNA702undefined'}, 'picture': {'large': 'https://randomuser.me/api/portraits/women/89.jpg', 'medium': 'https://randomuser.me/api/portraits/med/women/89.jpg', 'thumbnail': 'https://randomuser.me/api/portraits/thumb/women/89.jpg'}, 'nat': 'FI'}], 'info': {'seed': '472a1a8a8b5bf774', 'results': 1, 'page': 1, 'version': '1.4'}}</msg>
<arg>${json_data}</arg>
<doc>Logs the given message with the given level.</doc>
<status status="PASS" start="2024-07-03T19:12:16.150575" elapsed="0.000228"/>
</kw>
<kw name="Should Be Equal As Numbers" owner="BuiltIn">
<arg>${json_data['results'][0]['location']['postcode']}</arg>
<arg>${json_data['results'][0]['location']['postcode']}</arg>
<doc>Fails if objects are unequal after converting them to real numbers.</doc>
<status status="PASS" start="2024-07-03T19:12:16.151123" elapsed="0.000717"/>
</kw>
<kw name="Log" owner="BuiltIn">
<msg time="2024-07-03T19:12:16.152690" level="INFO">30379</msg>
<arg>${json_data['results'][0]['location']['postcode']}</arg>
<doc>Logs the given message with the given level.</doc>
<status status="PASS" start="2024-07-03T19:12:16.152049" elapsed="0.000685"/>
</kw>
<status status="PASS" start="2024-07-03T19:12:16.048019" elapsed="0.104996"/>
</kw>
<doc>Testa se os tipos de dados na resposta da API estão corretos.</doc>
<tag>testeTiposDados</tag>
<status status="PASS" start="2024-07-03T19:12:15.964229" elapsed="0.189019"/>
</test>
<test id="s1-s1-t5" name="Validar conteudo" line="35">
<kw name="Teste de Tipos de Conteudo" owner="random-user-service">
<kw name="GET On Session" owner="RequestsLibrary">
<msg time="2024-07-03T19:12:16.241398" level="INFO">GET Request : url=https://randomuser.me/api 
 path_url=/api 
 headers={'User-Agent': 'python-requests/2.32.3', 'Accept-Encoding': 'gzip, deflate', 'Accept': '*/*', 'Connection': 'keep-alive'} 
 body=None 
 </msg>
<msg time="2024-07-03T19:12:16.241534" level="INFO">GET Response : url=https://randomuser.me/api 
 status=200, reason=OK 
 headers={'Date': 'Wed, 03 Jul 2024 19:12:16 GMT', 'Content-Type': 'application/json; charset=utf-8', 'Transfer-Encoding': 'chunked', 'Connection': 'keep-alive', 'X-Powered-By': 'Express', 'Access-Control-Allow-Origin': '*', 'Cache-Control': 'no-cache', 'ETag': 'W/"496-WxzHX82c5MjoQ8avJSVTVPZCJpg"', 'Vary': 'Accept-Encoding', 'Content-Encoding': 'gzip', 'CF-Cache-Status': 'DYNAMIC', 'Report-To': '{"endpoints":[{"url":"https:\\/\\/a.nel.cloudflare.com\\/report\\/v4?s=VrBqfauxhfsD1Vn6YfpcAxF4AHDgWoeXdxi7cuLrErln%2FPIxjaNVBmg2aueo8mWtWE4Do%2BTI37vDOZnPF8A8X7G13zqNRnQPrsvpCvky16uD9ZdCb4RqaBAmSNKn6KLe"}],"group":"cf-nel","max_age":604800}', 'NEL': '{"success_fraction":0,"report_to":"cf-nel","max_age":604800}', 'Server': 'cloudflare', 'CF-RAY': '89d92fa4fdcc1783-IAD', 'alt-svc': 'h3=":443"; ma=86400'} 
 body={"results":[{"gender":"female","name":{"title":"Ms","first":"Holly","last":"Perkins"},"location":{"street":{"number":4468,"name":"Station Road"},"city":"Wakefield","state":"Gwynedd County","country":"United Kingdom","postcode":"KY2N 4EE","coordinates":{"latitude":"-8.9795","longitude":"23.2300"},"timezone":{"offset":"-12:00","description":"Eniwetok, Kwajalein"}},"email":"holly.perkins@example.com","login":{"uuid":"6bd07ce7-05ac-444c-a332-fdfab5d61b90","username":"bluezebra863","password":"cicero","salt":"uNXtqXBm","md5":"086c8d80ec962f541d6dca8740584648","sha1":"60261aa114c414dbb8479845f521c726b1ad5a8d","sha256":"cd41f4d2bcf99ccf12439a3044fa6273ca8df2df12e5831477736f63dcf435f6"},"dob":{"date":"1999-11-03T06:47:30.353Z","age":24},"registered":{"date":"2016-01-14T02:24:28.155Z","age":8},"phone":"016977 3773","cell":"07769 249593","id":{"name":"NINO","value":"BS 14 49 79 T"},"picture":{"large":"https://randomuser.me/api/portraits/women/70.jpg","medium":"https://randomuser.me/api/portraits/med/women/70.jpg","thumbnail":"https://randomuser.me/api/portraits/thumb/women/70.jpg"},"nat":"GB"}],"info":{"seed":"f3fa80d204df2bbd","results":1,"page":1,"version":"1.4"}} 
 </msg>
<msg time="2024-07-03T19:12:16.241653" level="INFO">/opt/hostedtoolcache/Python/3.12.4/x64/lib/python3.12/site-packages/urllib3/connectionpool.py:1099: InsecureRequestWarning: Unverified HTTPS request is being made to host 'randomuser.me'. Adding certificate verification is strongly advised. See: https://urllib3.readthedocs.io/en/latest/advanced-usage.html#tls-warnings
  warnings.warn(</msg>
<msg time="2024-07-03T19:12:16.241826" level="INFO">${response} = &lt;Response [200]&gt;</msg>
<var>${response}</var>
<arg>consultarAPI</arg>
<arg>/api</arg>
<doc>Sends a GET request on a previously created HTTP Session.</doc>
<status status="PASS" start="2024-07-03T19:12:16.156528" elapsed="0.085349"/>
</kw>
<kw name="Set Variable" owner="BuiltIn">
<msg time="2024-07-03T19:12:16.243665" level="INFO">${json_data} = {'results': [{'gender': 'female', 'name': {'title': 'Ms', 'first': 'Holly', 'last': 'Perkins'}, 'location': {'street': {'number': 4468, 'name': 'Station Road'}, 'city': 'Wakefield', 'state': 'Gwynedd ...</msg>
<var>${json_data}</var>
<arg>${response.json()}</arg>
<doc>Returns the given values which can then be assigned to a variables.</doc>
<status status="PASS" start="2024-07-03T19:12:16.242736" elapsed="0.000962"/>
</kw>
<kw name="Set Variable" owner="BuiltIn">
<msg time="2024-07-03T19:12:16.244498" level="INFO">${name_title} = Ms</msg>
<var>${name_title}</var>
<arg>${json_data["results"][0]["name"]["title"]}</arg>
<doc>Returns the given values which can then be assigned to a variables.</doc>
<status status="PASS" start="2024-07-03T19:12:16.244050" elapsed="0.000475"/>
</kw>
<kw name="Create List" owner="BuiltIn">
<msg time="2024-07-03T19:12:16.244992" level="INFO">${allowed_titles} = ['Mr', 'Ms', 'Miss', 'Mrs', 'Madame', 'Monsieur']</msg>
<var>${allowed_titles}</var>
<arg>Mr</arg>
<arg>Ms</arg>
<arg>Miss</arg>
<arg>Mrs</arg>
<arg>Madame</arg>
<arg>Monsieur</arg>
<doc>Returns a list containing given items.</doc>
<status status="PASS" start="2024-07-03T19:12:16.244836" elapsed="0.000181"/>
</kw>
<kw name="List Should Contain Value" owner="Collections">
<arg>${allowed_titles}</arg>
<arg>${name_title}</arg>
<doc>Fails if the ``value`` is not found from ``list``.</doc>
<status status="PASS" start="2024-07-03T19:12:16.245340" elapsed="0.000192"/>
</kw>
<kw name="Set Variable" owner="BuiltIn">
<msg time="2024-07-03T19:12:16.246104" level="INFO">${name_country} = GB</msg>
<var>${name_country}</var>
<arg>${json_data["results"][0]["nat"]}</arg>
<doc>Returns the given values which can then be assigned to a variables.</doc>
<status status="PASS" start="2024-07-03T19:12:16.245721" elapsed="0.000442"/>
</kw>
<kw name="Create List" owner="BuiltIn">
<msg time="2024-07-03T19:12:16.247182" level="INFO">${list_country} = ['AD', 'AE', 'AF', 'AG', 'AI', 'AL', 'AM', 'AO', 'AQ', 'AR', 'AS', 'AT', 'AU', 'AW', 'AX', 'AZ', 'BA', 'BB', 'BD', 'BE', 'BF', 'BG', 'BH', 'BI', 'BJ', 'BL', 'BM', 'BN', 'BO', 'BQ', 'BR', 'BS', 'BT', '...</msg>
<var>${list_country}</var>
<arg>AD</arg>
<arg>AE</arg>
<arg>AF</arg>
<arg>AG</arg>
<arg>AI</arg>
<arg>AL</arg>
<arg>AM</arg>
<arg>AO</arg>
<arg>AQ</arg>
<arg>AR</arg>
<arg>AS</arg>
<arg>AT</arg>
<arg>AU</arg>
<arg>AW</arg>
<arg>AX</arg>
<arg>AZ</arg>
<arg>BA</arg>
<arg>BB</arg>
<arg>BD</arg>
<arg>BE</arg>
<arg>BF</arg>
<arg>BG</arg>
<arg>BH</arg>
<arg>BI</arg>
<arg>BJ</arg>
<arg>BL</arg>
<arg>BM</arg>
<arg>BN</arg>
<arg>BO</arg>
<arg>BQ</arg>
<arg>BR</arg>
<arg>BS</arg>
<arg>BT</arg>
<arg>BV</arg>
<arg>BW</arg>
<arg>BY</arg>
<arg>BZ</arg>
<arg>CA</arg>
<arg>CC</arg>
<arg>CD</arg>
<arg>CF</arg>
<arg>CG</arg>
<arg>CH</arg>
<arg>CI</arg>
<arg>CK</arg>
<arg>CL</arg>
<arg>CM</arg>
<arg>CN</arg>
<arg>CO</arg>
<arg>CR</arg>
<arg>CU</arg>
<arg>CV</arg>
<arg>CW</arg>
<arg>CX</arg>
<arg>CY</arg>
<arg>CZ</arg>
<arg>DE</arg>
<arg>DJ</arg>
<arg>DK</arg>
<arg>DM</arg>
<arg>DO</arg>
<arg>DZ</arg>
<arg>EC</arg>
<arg>EE</arg>
<arg>EG</arg>
<arg>EH</arg>
<arg>ER</arg>
<arg>ES</arg>
<arg>ET</arg>
<arg>FI</arg>
<arg>FJ</arg>
<arg>FK</arg>
<arg>FM</arg>
<arg>FO</arg>
<arg>FR</arg>
<arg>GA</arg>
<arg>GB</arg>
<arg>GD</arg>
<arg>GE</arg>
<arg>GF</arg>
<arg>GG</arg>
<arg>GH</arg>
<arg>GI</arg>
<arg>GL</arg>
<arg>GM</arg>
<arg>GN</arg>
<arg>GP</arg>
<arg>GQ</arg>
<arg>GR</arg>
<arg>GS</arg>
<arg>GT</arg>
<arg>GU</arg>
<arg>GW</arg>
<arg>GY</arg>
<arg>HK</arg>
<arg>HM</arg>
<arg>HN</arg>
<arg>HR</arg>
<arg>HT</arg>
<arg>HU</arg>
<arg>ID</arg>
<arg>IE</arg>
<arg>IL</arg>
<arg>IM</arg>
<arg>IN</arg>
<arg>IO</arg>
<arg>IQ</arg>
<arg>IR</arg>
<arg>IS</arg>
<arg>IT</arg>
<arg>JE</arg>
<arg>JM</arg>
<arg>JO</arg>
<arg>JP</arg>
<arg>KE</arg>
<arg>KG</arg>
<arg>KH</arg>
<arg>KI</arg>
<arg>KM</arg>
<arg>KN</arg>
<arg>KP</arg>
<arg>KR</arg>
<arg>KW</arg>
<arg>KY</arg>
<arg>KZ</arg>
<arg>LA</arg>
<arg>LB</arg>
<arg>LC</arg>
<arg>LI</arg>
<arg>LK</arg>
<arg>LR</arg>
<arg>LS</arg>
<arg>LT</arg>
<arg>LU</arg>
<arg>LV</arg>
<arg>LY</arg>
<arg>MA</arg>
<arg>MC</arg>
<arg>MD</arg>
<arg>ME</arg>
<arg>MF</arg>
<arg>MG</arg>
<arg>MH</arg>
<arg>MK</arg>
<arg>ML</arg>
<arg>MM</arg>
<arg>MN</arg>
<arg>MO</arg>
<arg>MP</arg>
<arg>MQ</arg>
<arg>MR</arg>
<arg>MS</arg>
<arg>MT</arg>
<arg>MU</arg>
<arg>MV</arg>
<arg>MW</arg>
<arg>MX</arg>
<arg>MY</arg>
<arg>MZ</arg>
<arg>NA</arg>
<arg>NC</arg>
<arg>NE</arg>
<arg>NF</arg>
<arg>NG</arg>
<arg>NI</arg>
<arg>NL</arg>
<arg>NO</arg>
<arg>NP</arg>
<arg>NR</arg>
<arg>NU</arg>
<arg>NZ</arg>
<arg>OM</arg>
<arg>PA</arg>
<arg>PE</arg>
<arg>PF</arg>
<arg>PG</arg>
<arg>PH</arg>
<arg>PK</arg>
<arg>PL</arg>
<arg>PM</arg>
<arg>PN</arg>
<arg>PR</arg>
<arg>PS</arg>
<arg>PT</arg>
<arg>PW</arg>
<arg>PY</arg>
<arg>QA</arg>
<arg>RE</arg>
<arg>RO</arg>
<arg>RS</arg>
<arg>RU</arg>
<arg>RW</arg>
<arg>SA</arg>
<arg>SB</arg>
<arg>SC</arg>
<arg>SD</arg>
<arg>SE</arg>
<arg>SG</arg>
<arg>SH</arg>
<arg>SI</arg>
<arg>SJ</arg>
<arg>SK</arg>
<arg>SL</arg>
<arg>SM</arg>
<arg>SN</arg>
<arg>SO</arg>
<arg>SR</arg>
<arg>SS</arg>
<arg>ST</arg>
<arg>SV</arg>
<arg>SX</arg>
<arg>SY</arg>
<arg>SZ</arg>
<arg>TC</arg>
<arg>TD</arg>
<arg>TF</arg>
<arg>TG</arg>
<arg>TH</arg>
<arg>TJ</arg>
<arg>TK</arg>
<arg>TL</arg>
<arg>TM</arg>
<arg>TN</arg>
<arg>TO</arg>
<arg>TR</arg>
<arg>TT</arg>
<arg>TV</arg>
<arg>TW</arg>
<arg>TZ</arg>
<arg>UA</arg>
<arg>UG</arg>
<arg>UM</arg>
<arg>US</arg>
<arg>UY</arg>
<arg>UZ</arg>
<arg>VA</arg>
<arg>VC</arg>
<arg>VE</arg>
<arg>VG</arg>
<arg>VI</arg>
<arg>VN</arg>
<arg>VU</arg>
<arg>WF</arg>
<arg>WS</arg>
<arg>XK</arg>
<arg>YE</arg>
<arg>YT</arg>
<arg>ZA</arg>
<arg>ZM</arg>
<arg>ZW</arg>
<doc>Returns a list containing given items.</doc>
<status status="PASS" start="2024-07-03T19:12:16.246486" elapsed="0.000722"/>
</kw>
<kw name="List Should Contain Value" owner="Collections">
<arg>${list_country}</arg>
<arg>${name_country}</arg>
<doc>Fails if the ``value`` is not found from ``list``.</doc>
<status status="PASS" start="2024-07-03T19:12:16.248062" elapsed="0.000226"/>
</kw>
<kw name="Run Keyword If" owner="BuiltIn">
<kw name="Should Be True" owner="BuiltIn">
<arg>${True}</arg>
<doc>Fails if the given condition is not true.</doc>
<status status="PASS" start="2024-07-03T19:12:16.249302" elapsed="0.000146"/>
</kw>
<arg>${json_data["results"][0]["location"]["coordinates"]["latitude"]} &gt;= -90 and ${json_data["results"][0]["location"]["coordinates"]["latitude"]} &lt;= 90</arg>
<arg>Should Be True</arg>
<arg>${True}</arg>
<doc>Runs the given keyword with the given arguments, if ``condition`` is true.</doc>
<status status="PASS" start="2024-07-03T19:12:16.248497" elapsed="0.001080"/>
</kw>
<kw name="Run Keyword If" owner="BuiltIn">
<kw name="Should Be True" owner="BuiltIn">
<arg>${True}</arg>
<doc>Fails if the given condition is not true.</doc>
<status status="PASS" start="2024-07-03T19:12:16.250528" elapsed="0.000274"/>
</kw>
<arg>${json_data["results"][0]["location"]["coordinates"]["longitude"]} &gt;= -180 and ${json_data["results"][0]["location"]["coordinates"]["longitude"]} &lt;= 180</arg>
<arg>Should Be True</arg>
<arg>${True}</arg>
<doc>Runs the given keyword with the given arguments, if ``condition`` is true.</doc>
<status status="PASS" start="2024-07-03T19:12:16.249761" elapsed="0.001175"/>
</kw>
<status status="PASS" start="2024-07-03T19:12:16.156129" elapsed="0.094955"/>
</kw>
<doc>Testa o conteúdo específico dos campos retornados pela API.</doc>
<tag>testeConteudo</tag>
<status status="PASS" start="2024-07-03T19:12:16.155339" elapsed="0.095913"/>
</test>
<status status="PASS" start="2024-07-03T19:12:15.075719" elapsed="1.177660"/>
</suite>
<status status="PASS" start="2024-07-03T19:12:15.058633" elapsed="1.200943"/>
</suite>
<statistics>
<total>
<stat pass="5" fail="0" skip="0">All Tests</stat>
</total>
<tag>
<stat pass="1" fail="0" skip="0">testeConteudo</stat>
<stat pass="1" fail="0" skip="0">testeEstruturaResposta</stat>
<stat pass="1" fail="0" skip="0">testeRequisicaoBasica</stat>
<stat pass="1" fail="0" skip="0">testeTiposDados</stat>
</tag>
<suite>
<stat pass="5" fail="0" skip="0" id="s1" name="Tests">Tests</stat>
<stat pass="5" fail="0" skip="0" id="s1-s1" name="Random-User-Test">Tests.Random-User-Test</stat>
</suite>
</statistics>
<errors>
</errors>
</robot>
