<?xml version="1.0" encoding="UTF-8"?>
<robot generator="Robot 7.0 (Python 3.12.2 on linux)" generated="2024-04-12T03:15:38.275341" rpa="false" schemaversion="5">
<suite id="s1" name="Tests" source="/home/runner/work/DesafioQAItauRogerioJordao/DesafioQAItauRogerioJordao/RamdonUser/tests">
<suite id="s1-s1" name="Random-User-Test" source="/home/runner/work/DesafioQAItauRogerioJordao/DesafioQAItauRogerioJordao/RamdonUser/tests/random-user-test.robot">
<test id="s1-s1-t1" name="Conectar" line="13">
<kw name="Conectar API" owner="random-user-service">
<kw name="Create Session" owner="RequestsLibrary">
<msg time="2024-04-12T03:15:38.624078" level="INFO">Creating Session using : alias=consultarAPI, url=https://randomuser.me/, headers={},                     cookies={}, auth=None, timeout=None, proxies=None, verify=False,                     debug=0 </msg>
<arg>consultarAPI</arg>
<arg>${URL}</arg>
<doc>Create Session: create a HTTP session to a server</doc>
<status status="PASS" start="2024-04-12T03:15:38.623882" elapsed="0.000357"/>
</kw>
<status status="PASS" start="2024-04-12T03:15:38.622898" elapsed="0.001679"/>
</kw>
<status status="PASS" start="2024-04-12T03:15:38.622312" elapsed="0.002472"/>
</test>
<test id="s1-s1-t2" name="Validar retorno 200 e JSON Válido" line="16">
<kw name="Teste de Requisicao Basica" owner="random-user-service">
<kw name="GET On Session" owner="RequestsLibrary">
<msg time="2024-04-12T03:15:38.881602" level="INFO">GET Request : url=https://randomuser.me/api 
 path_url=/api 
 headers={'User-Agent': 'python-requests/2.31.0', 'Accept-Encoding': 'gzip, deflate', 'Accept': '*/*', 'Connection': 'keep-alive'} 
 body=None 
 </msg>
<msg time="2024-04-12T03:15:38.881715" level="INFO">GET Response : url=https://randomuser.me/api 
 status=200, reason=OK 
 headers={'Date': 'Fri, 12 Apr 2024 03:15:38 GMT', 'Content-Type': 'application/json; charset=utf-8', 'Transfer-Encoding': 'chunked', 'Connection': 'keep-alive', 'X-Powered-By': 'Express', 'Access-Control-Allow-Origin': '*', 'Cache-Control': 'no-cache', 'ETag': 'W/"481-68roVxXf5R38yPcJJcCDE4wcvzs"', 'Vary': 'Accept-Encoding', 'Content-Encoding': 'gzip', 'CF-Cache-Status': 'DYNAMIC', 'Report-To': '{"endpoints":[{"url":"https:\\/\\/a.nel.cloudflare.com\\/report\\/v4?s=ftGTHH4AZrwd6GQjZFf%2BC0slDqqjalanrTeQ1xbRbnNNOdFjZ7wofqitJ03yzzxecE%2FjtxcAHW6J1f5ctlhzLYTO%2FfDIw9YwBOpy4m3xRfrwvCRGloa0sKJi80Ebrbbu"}],"group":"cf-nel","max_age":604800}', 'NEL': '{"success_fraction":0,"report_to":"cf-nel","max_age":604800}', 'Server': 'cloudflare', 'CF-RAY': '87300d976b2969b4-LAX', 'alt-svc': 'h3=":443"; ma=86400'} 
 body={"results":[{"gender":"male","name":{"title":"Mr","first":"Hector","last":"Robertson"},"location":{"street":{"number":7042,"name":"The Green"},"city":"Blessington","state":"Monaghan","country":"Ireland","postcode":72033,"coordinates":{"latitude":"3.4807","longitude":"-154.7905"},"timezone":{"offset":"+7:00","description":"Bangkok, Hanoi, Jakarta"}},"email":"hector.robertson@example.com","login":{"uuid":"6cdbe1ab-cff0-4137-b0d5-17ff57d3d912","username":"ticklishfrog168","password":"1212","salt":"W99agmDE","md5":"0eb4e904e8f576e313381a1e340ffeb9","sha1":"1ad7264d75f33ef23f9059a0a7f8283a00806e32","sha256":"d10eacc7edc8c6b1c6cbee6de5496f82d2e0adfff76418df7ebfabe38c0dbe66"},"dob":{"date":"1972-03-22T06:01:48.004Z","age":52},"registered":{"date":"2022-05-17T11:11:35.190Z","age":1},"phone":"031-481-8601","cell":"081-768-5597","id":{"name":"PPS","value":"5724512T"},"picture":{"large":"https://randomuser.me/api/portraits/men/97.jpg","medium":"https://randomuser.me/api/portraits/med/men/97.jpg","thumbnail":"https://randomuser.me/api/portraits/thumb/men/97.jpg"},"nat":"IE"}],"info":{"seed":"af3725cf425c8311","results":1,"page":1,"version":"1.4"}} 
 </msg>
<msg time="2024-04-12T03:15:38.881789" level="INFO">/opt/hostedtoolcache/Python/3.12.2/x64/lib/python3.12/site-packages/urllib3/connectionpool.py:1103: InsecureRequestWarning: Unverified HTTPS request is being made to host 'randomuser.me'. Adding certificate verification is strongly advised. See: https://urllib3.readthedocs.io/en/latest/advanced-usage.html#tls-warnings
  warnings.warn(</msg>
<msg time="2024-04-12T03:15:38.881897" level="INFO">${response} = &lt;Response [200]&gt;</msg>
<var>${response}</var>
<arg>consultarAPI</arg>
<arg>/api</arg>
<doc>Sends a GET request on a previously created HTTP Session.</doc>
<status status="PASS" start="2024-04-12T03:15:38.627457" elapsed="0.254482"/>
</kw>
<kw name="Should Be Equal As Numbers" owner="BuiltIn">
<msg time="2024-04-12T03:15:38.882782" level="INFO">Argument types are:
&lt;class 'int'&gt;
&lt;class 'str'&gt;</msg>
<arg>${response.status_code}</arg>
<arg>200</arg>
<doc>Fails if objects are unequal after converting them to real numbers.</doc>
<status status="PASS" start="2024-04-12T03:15:38.882380" elapsed="0.000471"/>
</kw>
<kw name="Log" owner="BuiltIn">
<msg time="2024-04-12T03:15:38.883529" level="INFO">200</msg>
<arg>${response.status_code}</arg>
<doc>Logs the given message with the given level.</doc>
<status status="PASS" start="2024-04-12T03:15:38.883171" elapsed="0.000401"/>
</kw>
<kw name="Set Variable" owner="BuiltIn">
<msg time="2024-04-12T03:15:38.884340" level="INFO">${json_data} = {'results': [{'gender': 'male', 'name': {'title': 'Mr', 'first': 'Hector', 'last': 'Robertson'}, 'location': {'street': {'number': 7042, 'name': 'The Green'}, 'city': 'Blessington', 'state': 'Monaghan...</msg>
<var>${json_data}</var>
<arg>${response.json()}</arg>
<doc>Returns the given values which can then be assigned to a variables.</doc>
<status status="PASS" start="2024-04-12T03:15:38.883904" elapsed="0.000465"/>
</kw>
<kw name="Dictionary Should Contain Key" owner="Collections">
<msg time="2024-04-12T03:15:38.884845" level="INFO">False</msg>
<arg>${json_data}</arg>
<arg>results</arg>
<doc>Fails if ``key`` is not found from ``dictionary``.</doc>
<status status="PASS" start="2024-04-12T03:15:38.884671" elapsed="0.000214"/>
</kw>
<status status="PASS" start="2024-04-12T03:15:38.627208" elapsed="0.257930"/>
</kw>
<doc>Testa se a API responde corretamente e retorna um objeto JSON válido.</doc>
<tag>testeRequisicaoBasica</tag>
<status status="PASS" start="2024-04-12T03:15:38.626655" elapsed="0.258661"/>
</test>
<test id="s1-s1-t3" name="Validar estrutura de resposta" line="22">
<kw name="Teste de Estrutura de Resposta" owner="random-user-service">
<kw name="GET On Session" owner="RequestsLibrary">
<msg time="2024-04-12T03:15:38.981223" level="INFO">GET Request : url=https://randomuser.me/api 
 path_url=/api 
 headers={'User-Agent': 'python-requests/2.31.0', 'Accept-Encoding': 'gzip, deflate', 'Accept': '*/*', 'Connection': 'keep-alive'} 
 body=None 
 </msg>
<msg time="2024-04-12T03:15:38.981310" level="INFO">GET Response : url=https://randomuser.me/api 
 status=200, reason=OK 
 headers={'Date': 'Fri, 12 Apr 2024 03:15:38 GMT', 'Content-Type': 'application/json; charset=utf-8', 'Transfer-Encoding': 'chunked', 'Connection': 'keep-alive', 'X-Powered-By': 'Express', 'Access-Control-Allow-Origin': '*', 'Cache-Control': 'no-cache', 'ETag': 'W/"493-Yt2UZ8dyqAVH2Zs8B+XGgoFRElg"', 'Vary': 'Accept-Encoding', 'Content-Encoding': 'gzip', 'CF-Cache-Status': 'DYNAMIC', 'Report-To': '{"endpoints":[{"url":"https:\\/\\/a.nel.cloudflare.com\\/report\\/v4?s=goC44nilSNhD%2FvuKuPhKFZNP9G6Dx6Pf7bDjxTlAE4phdg30gkrjaeGVGWB9nitHKmogJ8Xebcy8P%2B7jrZ5e4fD9v1lw%2Fbf75KWcyI0bgi%2FxZXBydRGyP7UwVs96pb9R"}],"group":"cf-nel","max_age":604800}', 'NEL': '{"success_fraction":0,"report_to":"cf-nel","max_age":604800}', 'Server': 'cloudflare', 'CF-RAY': '87300d981c4069b4-LAX', 'alt-svc': 'h3=":443"; ma=86400'} 
 body={"results":[{"gender":"female","name":{"title":"Madame","first":"Irma","last":"Francois"},"location":{"street":{"number":7654,"name":"Avenue de la République"},"city":"Schlatt (Tg)","state":"Vaud","country":"Switzerland","postcode":2597,"coordinates":{"latitude":"-58.9497","longitude":"153.8665"},"timezone":{"offset":"-9:00","description":"Alaska"}},"email":"irma.francois@example.com","login":{"uuid":"6541c0ce-62f8-4100-ad0c-ecc2ea26f696","username":"silverswan783","password":"21212121","salt":"j9HebdN1","md5":"ffafd856c90d69b0980157ccf5521403","sha1":"e4ab8c292d123b3a4b96d4f778a604353f99fe83","sha256":"78af29bdc3cbc1ad25d8247d274c6cdcebaba7799b520cc98eba2998addccdcc"},"dob":{"date":"1988-04-08T06:04:08.190Z","age":36},"registered":{"date":"2005-10-30T08:40:40.401Z","age":18},"phone":"077 936 48 33","cell":"078 607 27 96","id":{"name":"AVS","value":"756.3661.5744.36"},"picture":{"large":"https://randomuser.me/api/portraits/women/87.jpg","medium":"https://randomuser.me/api/portraits/med/women/87.jpg","thumbnail":"https://randomuser.me/api/portraits/thumb/women/87.jpg"},"nat":"CH"}],"info":{"seed":"e96619d6df5451a3","results":1,"page":1,"version":"1.4"}} 
 </msg>
<msg time="2024-04-12T03:15:38.981454" level="INFO">/opt/hostedtoolcache/Python/3.12.2/x64/lib/python3.12/site-packages/urllib3/connectionpool.py:1103: InsecureRequestWarning: Unverified HTTPS request is being made to host 'randomuser.me'. Adding certificate verification is strongly advised. See: https://urllib3.readthedocs.io/en/latest/advanced-usage.html#tls-warnings
  warnings.warn(</msg>
<msg time="2024-04-12T03:15:38.981611" level="INFO">${response} = &lt;Response [200]&gt;</msg>
<var>${response}</var>
<arg>consultarAPI</arg>
<arg>/api</arg>
<doc>Sends a GET request on a previously created HTTP Session.</doc>
<status status="PASS" start="2024-04-12T03:15:38.888020" elapsed="0.093648"/>
</kw>
<kw name="Set Variable" owner="BuiltIn">
<msg time="2024-04-12T03:15:38.982500" level="INFO">${json_data} = {'results': [{'gender': 'female', 'name': {'title': 'Madame', 'first': 'Irma', 'last': 'Francois'}, 'location': {'street': {'number': 7654, 'name': 'Avenue de la République'}, 'city': 'Schlatt (Tg)', ...</msg>
<var>${json_data}</var>
<arg>${response.json()}</arg>
<doc>Returns the given values which can then be assigned to a variables.</doc>
<status status="PASS" start="2024-04-12T03:15:38.982035" elapsed="0.000494"/>
</kw>
<kw name="Log" owner="BuiltIn">
<msg time="2024-04-12T03:15:38.983000" level="INFO">{'results': [{'gender': 'female', 'name': {'title': 'Madame', 'first': 'Irma', 'last': 'Francois'}, 'location': {'street': {'number': 7654, 'name': 'Avenue de la République'}, 'city': 'Schlatt (Tg)', 'state': 'Vaud', 'country': 'Switzerland', 'postcode': 2597, 'coordinates': {'latitude': '-58.9497', 'longitude': '153.8665'}, 'timezone': {'offset': '-9:00', 'description': 'Alaska'}}, 'email': 'irma.francois@example.com', 'login': {'uuid': '6541c0ce-62f8-4100-ad0c-ecc2ea26f696', 'username': 'silverswan783', 'password': '21212121', 'salt': 'j9HebdN1', 'md5': 'ffafd856c90d69b0980157ccf5521403', 'sha1': 'e4ab8c292d123b3a4b96d4f778a604353f99fe83', 'sha256': '78af29bdc3cbc1ad25d8247d274c6cdcebaba7799b520cc98eba2998addccdcc'}, 'dob': {'date': '1988-04-08T06:04:08.190Z', 'age': 36}, 'registered': {'date': '2005-10-30T08:40:40.401Z', 'age': 18}, 'phone': '077 936 48 33', 'cell': '078 607 27 96', 'id': {'name': 'AVS', 'value': '756.3661.5744.36'}, 'picture': {'large': 'https://randomuser.me/api/portraits/women/87.jpg', 'medium': 'https://randomuser.me/api/portraits/med/women/87.jpg', 'thumbnail': 'https://randomuser.me/api/portraits/thumb/women/87.jpg'}, 'nat': 'CH'}], 'info': {'seed': 'e96619d6df5451a3', 'results': 1, 'page': 1, 'version': '1.4'}}</msg>
<arg>${json_data}</arg>
<doc>Logs the given message with the given level.</doc>
<status status="PASS" start="2024-04-12T03:15:38.982839" elapsed="0.000210"/>
</kw>
<kw name="Dictionary Should Contain Key" owner="Collections">
<msg time="2024-04-12T03:15:38.983499" level="INFO">False</msg>
<arg>${json_data}</arg>
<arg>results</arg>
<doc>Fails if ``key`` is not found from ``dictionary``.</doc>
<status status="PASS" start="2024-04-12T03:15:38.983346" elapsed="0.000191"/>
</kw>
<kw name="Should Not Be Empty" owner="BuiltIn">
<msg time="2024-04-12T03:15:38.983965" level="INFO">Length is 2.</msg>
<arg>${json_data}</arg>
<doc>Verifies that the given item is not empty.</doc>
<status status="PASS" start="2024-04-12T03:15:38.983832" elapsed="0.000172"/>
</kw>
<kw name="Create List" owner="BuiltIn">
<msg time="2024-04-12T03:15:38.984452" level="INFO">${expected_keys} = ['gender', 'name', 'location', 'email', 'login']</msg>
<var>${expected_keys}</var>
<arg>gender</arg>
<arg>name</arg>
<arg>location</arg>
<arg>email</arg>
<arg>login</arg>
<doc>Returns a list containing given items.</doc>
<status status="PASS" start="2024-04-12T03:15:38.984300" elapsed="0.000177"/>
</kw>
<for flavor="IN">
<iter>
<kw name="Dictionary Should Contain Key" owner="Collections">
<msg time="2024-04-12T03:15:38.985442" level="INFO">False</msg>
<arg>${json_data['results'][0]}</arg>
<arg>${key}</arg>
<doc>Fails if ``key`` is not found from ``dictionary``.</doc>
<status status="PASS" start="2024-04-12T03:15:38.985037" elapsed="0.000443"/>
</kw>
<kw name="Log" owner="BuiltIn">
<msg time="2024-04-12T03:15:38.986217" level="INFO">{'gender': 'female', 'name': {'title': 'Madame', 'first': 'Irma', 'last': 'Francois'}, 'location': {'street': {'number': 7654, 'name': 'Avenue de la République'}, 'city': 'Schlatt (Tg)', 'state': 'Vaud', 'country': 'Switzerland', 'postcode': 2597, 'coordinates': {'latitude': '-58.9497', 'longitude': '153.8665'}, 'timezone': {'offset': '-9:00', 'description': 'Alaska'}}, 'email': 'irma.francois@example.com', 'login': {'uuid': '6541c0ce-62f8-4100-ad0c-ecc2ea26f696', 'username': 'silverswan783', 'password': '21212121', 'salt': 'j9HebdN1', 'md5': 'ffafd856c90d69b0980157ccf5521403', 'sha1': 'e4ab8c292d123b3a4b96d4f778a604353f99fe83', 'sha256': '78af29bdc3cbc1ad25d8247d274c6cdcebaba7799b520cc98eba2998addccdcc'}, 'dob': {'date': '1988-04-08T06:04:08.190Z', 'age': 36}, 'registered': {'date': '2005-10-30T08:40:40.401Z', 'age': 18}, 'phone': '077 936 48 33', 'cell': '078 607 27 96', 'id': {'name': 'AVS', 'value': '756.3661.5744.36'}, 'picture': {'large': 'https://randomuser.me/api/portraits/women/87.jpg', 'medium': 'https://randomuser.me/api/portraits/med/women/87.jpg', 'thumbnail': 'https://randomuser.me/api/portraits/thumb/women/87.jpg'}, 'nat': 'CH'}</msg>
<arg>${json_data['results'][0]}</arg>
<doc>Logs the given message with the given level.</doc>
<status status="PASS" start="2024-04-12T03:15:38.985843" elapsed="0.000425"/>
</kw>
<kw name="Log" owner="BuiltIn">
<msg time="2024-04-12T03:15:38.986709" level="INFO">gender</msg>
<arg>${key}</arg>
<doc>Logs the given message with the given level.</doc>
<status status="PASS" start="2024-04-12T03:15:38.986578" elapsed="0.000170"/>
</kw>
<var name="${key}">gender</var>
<status status="PASS" start="2024-04-12T03:15:38.984914" elapsed="0.002049"/>
</iter>
<iter>
<kw name="Dictionary Should Contain Key" owner="Collections">
<msg time="2024-04-12T03:15:38.987650" level="INFO">False</msg>
<arg>${json_data['results'][0]}</arg>
<arg>${key}</arg>
<doc>Fails if ``key`` is not found from ``dictionary``.</doc>
<status status="PASS" start="2024-04-12T03:15:38.987268" elapsed="0.000422"/>
</kw>
<kw name="Log" owner="BuiltIn">
<msg time="2024-04-12T03:15:38.988388" level="INFO">{'gender': 'female', 'name': {'title': 'Madame', 'first': 'Irma', 'last': 'Francois'}, 'location': {'street': {'number': 7654, 'name': 'Avenue de la République'}, 'city': 'Schlatt (Tg)', 'state': 'Vaud', 'country': 'Switzerland', 'postcode': 2597, 'coordinates': {'latitude': '-58.9497', 'longitude': '153.8665'}, 'timezone': {'offset': '-9:00', 'description': 'Alaska'}}, 'email': 'irma.francois@example.com', 'login': {'uuid': '6541c0ce-62f8-4100-ad0c-ecc2ea26f696', 'username': 'silverswan783', 'password': '21212121', 'salt': 'j9HebdN1', 'md5': 'ffafd856c90d69b0980157ccf5521403', 'sha1': 'e4ab8c292d123b3a4b96d4f778a604353f99fe83', 'sha256': '78af29bdc3cbc1ad25d8247d274c6cdcebaba7799b520cc98eba2998addccdcc'}, 'dob': {'date': '1988-04-08T06:04:08.190Z', 'age': 36}, 'registered': {'date': '2005-10-30T08:40:40.401Z', 'age': 18}, 'phone': '077 936 48 33', 'cell': '078 607 27 96', 'id': {'name': 'AVS', 'value': '756.3661.5744.36'}, 'picture': {'large': 'https://randomuser.me/api/portraits/women/87.jpg', 'medium': 'https://randomuser.me/api/portraits/med/women/87.jpg', 'thumbnail': 'https://randomuser.me/api/portraits/thumb/women/87.jpg'}, 'nat': 'CH'}</msg>
<arg>${json_data['results'][0]}</arg>
<doc>Logs the given message with the given level.</doc>
<status status="PASS" start="2024-04-12T03:15:38.988021" elapsed="0.000417"/>
</kw>
<kw name="Log" owner="BuiltIn">
<msg time="2024-04-12T03:15:38.988867" level="INFO">name</msg>
<arg>${key}</arg>
<doc>Logs the given message with the given level.</doc>
<status status="PASS" start="2024-04-12T03:15:38.988738" elapsed="0.000166"/>
</kw>
<var name="${key}">name</var>
<status status="PASS" start="2024-04-12T03:15:38.987151" elapsed="0.001967"/>
</iter>
<iter>
<kw name="Dictionary Should Contain Key" owner="Collections">
<msg time="2024-04-12T03:15:38.989815" level="INFO">False</msg>
<arg>${json_data['results'][0]}</arg>
<arg>${key}</arg>
<doc>Fails if ``key`` is not found from ``dictionary``.</doc>
<status status="PASS" start="2024-04-12T03:15:38.989409" elapsed="0.000445"/>
</kw>
<kw name="Log" owner="BuiltIn">
<msg time="2024-04-12T03:15:38.990516" level="INFO">{'gender': 'female', 'name': {'title': 'Madame', 'first': 'Irma', 'last': 'Francois'}, 'location': {'street': {'number': 7654, 'name': 'Avenue de la République'}, 'city': 'Schlatt (Tg)', 'state': 'Vaud', 'country': 'Switzerland', 'postcode': 2597, 'coordinates': {'latitude': '-58.9497', 'longitude': '153.8665'}, 'timezone': {'offset': '-9:00', 'description': 'Alaska'}}, 'email': 'irma.francois@example.com', 'login': {'uuid': '6541c0ce-62f8-4100-ad0c-ecc2ea26f696', 'username': 'silverswan783', 'password': '21212121', 'salt': 'j9HebdN1', 'md5': 'ffafd856c90d69b0980157ccf5521403', 'sha1': 'e4ab8c292d123b3a4b96d4f778a604353f99fe83', 'sha256': '78af29bdc3cbc1ad25d8247d274c6cdcebaba7799b520cc98eba2998addccdcc'}, 'dob': {'date': '1988-04-08T06:04:08.190Z', 'age': 36}, 'registered': {'date': '2005-10-30T08:40:40.401Z', 'age': 18}, 'phone': '077 936 48 33', 'cell': '078 607 27 96', 'id': {'name': 'AVS', 'value': '756.3661.5744.36'}, 'picture': {'large': 'https://randomuser.me/api/portraits/women/87.jpg', 'medium': 'https://randomuser.me/api/portraits/med/women/87.jpg', 'thumbnail': 'https://randomuser.me/api/portraits/thumb/women/87.jpg'}, 'nat': 'CH'}</msg>
<arg>${json_data['results'][0]}</arg>
<doc>Logs the given message with the given level.</doc>
<status status="PASS" start="2024-04-12T03:15:38.990155" elapsed="0.000415"/>
</kw>
<kw name="Log" owner="BuiltIn">
<msg time="2024-04-12T03:15:38.991011" level="INFO">location</msg>
<arg>${key}</arg>
<doc>Logs the given message with the given level.</doc>
<status status="PASS" start="2024-04-12T03:15:38.990867" elapsed="0.000185"/>
</kw>
<var name="${key}">location</var>
<status status="PASS" start="2024-04-12T03:15:38.989296" elapsed="0.001979"/>
</iter>
<iter>
<kw name="Dictionary Should Contain Key" owner="Collections">
<msg time="2024-04-12T03:15:38.991940" level="INFO">False</msg>
<arg>${json_data['results'][0]}</arg>
<arg>${key}</arg>
<doc>Fails if ``key`` is not found from ``dictionary``.</doc>
<status status="PASS" start="2024-04-12T03:15:38.991560" elapsed="0.000417"/>
</kw>
<kw name="Log" owner="BuiltIn">
<msg time="2024-04-12T03:15:38.992684" level="INFO">{'gender': 'female', 'name': {'title': 'Madame', 'first': 'Irma', 'last': 'Francois'}, 'location': {'street': {'number': 7654, 'name': 'Avenue de la République'}, 'city': 'Schlatt (Tg)', 'state': 'Vaud', 'country': 'Switzerland', 'postcode': 2597, 'coordinates': {'latitude': '-58.9497', 'longitude': '153.8665'}, 'timezone': {'offset': '-9:00', 'description': 'Alaska'}}, 'email': 'irma.francois@example.com', 'login': {'uuid': '6541c0ce-62f8-4100-ad0c-ecc2ea26f696', 'username': 'silverswan783', 'password': '21212121', 'salt': 'j9HebdN1', 'md5': 'ffafd856c90d69b0980157ccf5521403', 'sha1': 'e4ab8c292d123b3a4b96d4f778a604353f99fe83', 'sha256': '78af29bdc3cbc1ad25d8247d274c6cdcebaba7799b520cc98eba2998addccdcc'}, 'dob': {'date': '1988-04-08T06:04:08.190Z', 'age': 36}, 'registered': {'date': '2005-10-30T08:40:40.401Z', 'age': 18}, 'phone': '077 936 48 33', 'cell': '078 607 27 96', 'id': {'name': 'AVS', 'value': '756.3661.5744.36'}, 'picture': {'large': 'https://randomuser.me/api/portraits/women/87.jpg', 'medium': 'https://randomuser.me/api/portraits/med/women/87.jpg', 'thumbnail': 'https://randomuser.me/api/portraits/thumb/women/87.jpg'}, 'nat': 'CH'}</msg>
<arg>${json_data['results'][0]}</arg>
<doc>Logs the given message with the given level.</doc>
<status status="PASS" start="2024-04-12T03:15:38.992317" elapsed="0.000416"/>
</kw>
<kw name="Log" owner="BuiltIn">
<msg time="2024-04-12T03:15:38.993152" level="INFO">email</msg>
<arg>${key}</arg>
<doc>Logs the given message with the given level.</doc>
<status status="PASS" start="2024-04-12T03:15:38.993027" elapsed="0.000162"/>
</kw>
<var name="${key}">email</var>
<status status="PASS" start="2024-04-12T03:15:38.991448" elapsed="0.001957"/>
</iter>
<iter>
<kw name="Dictionary Should Contain Key" owner="Collections">
<msg time="2024-04-12T03:15:38.994131" level="INFO">False</msg>
<arg>${json_data['results'][0]}</arg>
<arg>${key}</arg>
<doc>Fails if ``key`` is not found from ``dictionary``.</doc>
<status status="PASS" start="2024-04-12T03:15:38.993752" elapsed="0.000416"/>
</kw>
<kw name="Log" owner="BuiltIn">
<msg time="2024-04-12T03:15:38.994818" level="INFO">{'gender': 'female', 'name': {'title': 'Madame', 'first': 'Irma', 'last': 'Francois'}, 'location': {'street': {'number': 7654, 'name': 'Avenue de la République'}, 'city': 'Schlatt (Tg)', 'state': 'Vaud', 'country': 'Switzerland', 'postcode': 2597, 'coordinates': {'latitude': '-58.9497', 'longitude': '153.8665'}, 'timezone': {'offset': '-9:00', 'description': 'Alaska'}}, 'email': 'irma.francois@example.com', 'login': {'uuid': '6541c0ce-62f8-4100-ad0c-ecc2ea26f696', 'username': 'silverswan783', 'password': '21212121', 'salt': 'j9HebdN1', 'md5': 'ffafd856c90d69b0980157ccf5521403', 'sha1': 'e4ab8c292d123b3a4b96d4f778a604353f99fe83', 'sha256': '78af29bdc3cbc1ad25d8247d274c6cdcebaba7799b520cc98eba2998addccdcc'}, 'dob': {'date': '1988-04-08T06:04:08.190Z', 'age': 36}, 'registered': {'date': '2005-10-30T08:40:40.401Z', 'age': 18}, 'phone': '077 936 48 33', 'cell': '078 607 27 96', 'id': {'name': 'AVS', 'value': '756.3661.5744.36'}, 'picture': {'large': 'https://randomuser.me/api/portraits/women/87.jpg', 'medium': 'https://randomuser.me/api/portraits/med/women/87.jpg', 'thumbnail': 'https://randomuser.me/api/portraits/thumb/women/87.jpg'}, 'nat': 'CH'}</msg>
<arg>${json_data['results'][0]}</arg>
<doc>Logs the given message with the given level.</doc>
<status status="PASS" start="2024-04-12T03:15:38.994462" elapsed="0.000405"/>
</kw>
<kw name="Log" owner="BuiltIn">
<msg time="2024-04-12T03:15:38.995297" level="INFO">login</msg>
<arg>${key}</arg>
<doc>Logs the given message with the given level.</doc>
<status status="PASS" start="2024-04-12T03:15:38.995170" elapsed="0.000164"/>
</kw>
<var name="${key}">login</var>
<status status="PASS" start="2024-04-12T03:15:38.993624" elapsed="0.001951"/>
</iter>
<var>${key}</var>
<value>@{expected_keys}</value>
<status status="PASS" start="2024-04-12T03:15:38.984732" elapsed="0.010969"/>
</for>
<kw name="Create List" owner="BuiltIn">
<msg time="2024-04-12T03:15:38.996032" level="INFO">${expected_keysTwo} = ['username', 'password']</msg>
<var>${expected_keysTwo}</var>
<arg>username</arg>
<arg>password</arg>
<doc>Returns a list containing given items.</doc>
<status status="PASS" start="2024-04-12T03:15:38.995893" elapsed="0.000163"/>
</kw>
<for flavor="IN">
<iter>
<kw name="Dictionary Should Contain Key" owner="Collections">
<msg time="2024-04-12T03:15:38.997051" level="INFO">False</msg>
<arg>${json_data['results'][0]['login']}</arg>
<arg>${keyTwo}</arg>
<doc>Fails if ``key`` is not found from ``dictionary``.</doc>
<status status="PASS" start="2024-04-12T03:15:38.996669" elapsed="0.000420"/>
</kw>
<kw name="Dictionary Should Contain Key" owner="Collections">
<msg time="2024-04-12T03:15:38.997795" level="INFO">False</msg>
<arg>${json_data['results'][0]['login']}</arg>
<arg>${keyTwo}</arg>
<doc>Fails if ``key`` is not found from ``dictionary``.</doc>
<status status="PASS" start="2024-04-12T03:15:38.997387" elapsed="0.000446"/>
</kw>
<kw name="Log" owner="BuiltIn">
<msg time="2024-04-12T03:15:38.998259" level="INFO">username</msg>
<arg>${keyTwo}</arg>
<doc>Logs the given message with the given level.</doc>
<status status="PASS" start="2024-04-12T03:15:38.998130" elapsed="0.000167"/>
</kw>
<var name="${keyTwo}">username</var>
<status status="PASS" start="2024-04-12T03:15:38.996553" elapsed="0.001958"/>
</iter>
<iter>
<kw name="Dictionary Should Contain Key" owner="Collections">
<msg time="2024-04-12T03:15:38.999168" level="INFO">False</msg>
<arg>${json_data['results'][0]['login']}</arg>
<arg>${keyTwo}</arg>
<doc>Fails if ``key`` is not found from ``dictionary``.</doc>
<status status="PASS" start="2024-04-12T03:15:38.998790" elapsed="0.000415"/>
</kw>
<kw name="Dictionary Should Contain Key" owner="Collections">
<msg time="2024-04-12T03:15:38.999876" level="INFO">False</msg>
<arg>${json_data['results'][0]['login']}</arg>
<arg>${keyTwo}</arg>
<doc>Fails if ``key`` is not found from ``dictionary``.</doc>
<status status="PASS" start="2024-04-12T03:15:38.999496" elapsed="0.000416"/>
</kw>
<kw name="Log" owner="BuiltIn">
<msg time="2024-04-12T03:15:39.000326" level="INFO">password</msg>
<arg>${keyTwo}</arg>
<doc>Logs the given message with the given level.</doc>
<status status="PASS" start="2024-04-12T03:15:39.000200" elapsed="0.000164"/>
</kw>
<var name="${keyTwo}">password</var>
<status status="PASS" start="2024-04-12T03:15:38.998682" elapsed="0.001897"/>
</iter>
<var>${keyTwo}</var>
<value>@{expected_keysTwo}</value>
<status status="PASS" start="2024-04-12T03:15:38.996292" elapsed="0.004407"/>
</for>
<status status="PASS" start="2024-04-12T03:15:38.887787" elapsed="0.113052"/>
</kw>
<doc>Testa a estrutura da resposta da API.</doc>
<tag>testeEstruturaResposta</tag>
<status status="PASS" start="2024-04-12T03:15:38.887168" elapsed="0.113822"/>
</test>
<test id="s1-s1-t4" name="Validar tipos de dados" line="28">
<kw name="Teste de Tipos de Dados" owner="random-user-service">
<kw name="GET On Session" owner="RequestsLibrary">
<msg time="2024-04-12T03:15:39.107088" level="INFO">GET Request : url=https://randomuser.me/api 
 path_url=/api 
 headers={'User-Agent': 'python-requests/2.31.0', 'Accept-Encoding': 'gzip, deflate', 'Accept': '*/*', 'Connection': 'keep-alive'} 
 body=None 
 </msg>
<msg time="2024-04-12T03:15:39.107173" level="INFO">GET Response : url=https://randomuser.me/api 
 status=200, reason=OK 
 headers={'Date': 'Fri, 12 Apr 2024 03:15:39 GMT', 'Content-Type': 'application/json; charset=utf-8', 'Transfer-Encoding': 'chunked', 'Connection': 'keep-alive', 'X-Powered-By': 'Express', 'Access-Control-Allow-Origin': '*', 'Cache-Control': 'no-cache', 'ETag': 'W/"485-MB0yJiDmUaUTlhT/VJHGG775Q6g"', 'Vary': 'Accept-Encoding', 'Content-Encoding': 'gzip', 'CF-Cache-Status': 'DYNAMIC', 'Report-To': '{"endpoints":[{"url":"https:\\/\\/a.nel.cloudflare.com\\/report\\/v4?s=cK9RWBHpGgIFk8NDJsZMREqZEvnHBXNLBHGghKJ08OevRCEZyYrrb62TopE5NRIbRs9wfCrxg2LFnD4mm6rsGJvSjyKAb4RTAFG%2BpfY25SJeEHAA9gORmHnt%2B2JIOl2b"}],"group":"cf-nel","max_age":604800}', 'NEL': '{"success_fraction":0,"report_to":"cf-nel","max_age":604800}', 'Server': 'cloudflare', 'CF-RAY': '87300d98cd0c69b4-LAX', 'alt-svc': 'h3=":443"; ma=86400'} 
 body={"results":[{"gender":"female","name":{"title":"Miss","first":"Karoline","last":"Friberg"},"location":{"street":{"number":1964,"name":"Moltke Moes vei"},"city":"Kil","state":"Oppland","country":"Norway","postcode":"4034","coordinates":{"latitude":"43.5563","longitude":"15.6899"},"timezone":{"offset":"-8:00","description":"Pacific Time (US &amp; Canada)"}},"email":"karoline.friberg@example.com","login":{"uuid":"73323958-9566-4ba4-86ac-9fe6ffda17b6","username":"smallmouse972","password":"openup","salt":"uzxQQqay","md5":"d4b1412d6e46d06b3df2a3dbeaea67e0","sha1":"ba8ee57271be5858954bf82427afd247a024b937","sha256":"54ba36dd5235e5d617f6d89f058d5377e320d8a2b2e90f1878236980477bd97b"},"dob":{"date":"1995-08-15T20:17:20.253Z","age":28},"registered":{"date":"2010-11-29T21:47:55.314Z","age":13},"phone":"88604648","cell":"97725711","id":{"name":"FN","value":"15089534892"},"picture":{"large":"https://randomuser.me/api/portraits/women/91.jpg","medium":"https://randomuser.me/api/portraits/med/women/91.jpg","thumbnail":"https://randomuser.me/api/portraits/thumb/women/91.jpg"},"nat":"NO"}],"info":{"seed":"0bf203e48d615a90","results":1,"page":1,"version":"1.4"}} 
 </msg>
<msg time="2024-04-12T03:15:39.107254" level="INFO">/opt/hostedtoolcache/Python/3.12.2/x64/lib/python3.12/site-packages/urllib3/connectionpool.py:1103: InsecureRequestWarning: Unverified HTTPS request is being made to host 'randomuser.me'. Adding certificate verification is strongly advised. See: https://urllib3.readthedocs.io/en/latest/advanced-usage.html#tls-warnings
  warnings.warn(</msg>
<msg time="2024-04-12T03:15:39.107370" level="INFO">${response} = &lt;Response [200]&gt;</msg>
<var>${response}</var>
<arg>consultarAPI</arg>
<arg>/api</arg>
<doc>Sends a GET request on a previously created HTTP Session.</doc>
<status status="PASS" start="2024-04-12T03:15:39.003791" elapsed="0.103624"/>
</kw>
<kw name="Set Variable" owner="BuiltIn">
<msg time="2024-04-12T03:15:39.108381" level="INFO">${json_data} = {'results': [{'gender': 'female', 'name': {'title': 'Miss', 'first': 'Karoline', 'last': 'Friberg'}, 'location': {'street': {'number': 1964, 'name': 'Moltke Moes vei'}, 'city': 'Kil', 'state': 'Opplan...</msg>
<var>${json_data}</var>
<arg>${response.json()}</arg>
<doc>Returns the given values which can then be assigned to a variables.</doc>
<status status="PASS" start="2024-04-12T03:15:39.107918" elapsed="0.000492"/>
</kw>
<kw name="Log" owner="BuiltIn">
<msg time="2024-04-12T03:15:39.108883" level="INFO">{'results': [{'gender': 'female', 'name': {'title': 'Miss', 'first': 'Karoline', 'last': 'Friberg'}, 'location': {'street': {'number': 1964, 'name': 'Moltke Moes vei'}, 'city': 'Kil', 'state': 'Oppland', 'country': 'Norway', 'postcode': '4034', 'coordinates': {'latitude': '43.5563', 'longitude': '15.6899'}, 'timezone': {'offset': '-8:00', 'description': 'Pacific Time (US &amp; Canada)'}}, 'email': 'karoline.friberg@example.com', 'login': {'uuid': '73323958-9566-4ba4-86ac-9fe6ffda17b6', 'username': 'smallmouse972', 'password': 'openup', 'salt': 'uzxQQqay', 'md5': 'd4b1412d6e46d06b3df2a3dbeaea67e0', 'sha1': 'ba8ee57271be5858954bf82427afd247a024b937', 'sha256': '54ba36dd5235e5d617f6d89f058d5377e320d8a2b2e90f1878236980477bd97b'}, 'dob': {'date': '1995-08-15T20:17:20.253Z', 'age': 28}, 'registered': {'date': '2010-11-29T21:47:55.314Z', 'age': 13}, 'phone': '88604648', 'cell': '97725711', 'id': {'name': 'FN', 'value': '15089534892'}, 'picture': {'large': 'https://randomuser.me/api/portraits/women/91.jpg', 'medium': 'https://randomuser.me/api/portraits/med/women/91.jpg', 'thumbnail': 'https://randomuser.me/api/portraits/thumb/women/91.jpg'}, 'nat': 'NO'}], 'info': {'seed': '0bf203e48d615a90', 'results': 1, 'page': 1, 'version': '1.4'}}</msg>
<arg>${json_data}</arg>
<doc>Logs the given message with the given level.</doc>
<status status="PASS" start="2024-04-12T03:15:39.108728" elapsed="0.000240"/>
</kw>
<kw name="Should Be String" owner="String">
<arg>${json_data['results'][0]['gender']}</arg>
<doc>Fails if the given ``item`` is not a string.</doc>
<status status="PASS" start="2024-04-12T03:15:39.109275" elapsed="0.000417"/>
</kw>
<kw name="Should Match Regexp" owner="BuiltIn">
<arg>${json_data['results'][0]['email']}</arg>
<arg>^[a-zA-Z0-9._%+-]+@[a-zA-Z0-9.-]+\.[a-zA-Z]{2,}$</arg>
<doc>Fails if ``string`` does not match ``pattern`` as a regular expression.</doc>
<status status="PASS" start="2024-04-12T03:15:39.109895" elapsed="0.000512"/>
</kw>
<kw name="Should Match Regexp" owner="BuiltIn">
<arg>${json_data['results'][0]['dob']['date']}</arg>
<arg>\\d{4}-\\d{2}-\\d{2}T\\d{2}:\\d{2}:\\d{2}\\.\\d{3}Z</arg>
<doc>Fails if ``string`` does not match ``pattern`` as a regular expression.</doc>
<status status="PASS" start="2024-04-12T03:15:39.110608" elapsed="0.000497"/>
</kw>
<kw name="Should Match Regexp" owner="BuiltIn">
<arg>${json_data['results'][0]['registered']['date']}</arg>
<arg>\\d{4}-\\d{2}-\\d{2}T\\d{2}:\\d{2}:\\d{2}\\.\\d{3}Z</arg>
<doc>Fails if ``string`` does not match ``pattern`` as a regular expression.</doc>
<status status="PASS" start="2024-04-12T03:15:39.111301" elapsed="0.000378"/>
</kw>
<kw name="Should Match Regexp" owner="BuiltIn">
<arg>${json_data['results'][0]['picture']['large']}</arg>
<arg>^https?://.*\.(?:png|jpe?g|gif|bmp)$</arg>
<doc>Fails if ``string`` does not match ``pattern`` as a regular expression.</doc>
<status status="PASS" start="2024-04-12T03:15:39.111867" elapsed="0.000454"/>
</kw>
<kw name="Should Match Regexp" owner="BuiltIn">
<arg>${json_data['results'][0]['picture']['medium']}</arg>
<arg>^https?://.*\.(?:png|jpe?g|gif|bmp)$</arg>
<doc>Fails if ``string`` does not match ``pattern`` as a regular expression.</doc>
<status status="PASS" start="2024-04-12T03:15:39.112512" elapsed="0.000360"/>
</kw>
<kw name="Should Match Regexp" owner="BuiltIn">
<arg>${json_data['results'][0]['picture']['thumbnail']}</arg>
<arg>^https?://.*\.(?:png|jpe?g|gif|bmp)$</arg>
<doc>Fails if ``string`` does not match ``pattern`` as a regular expression.</doc>
<status status="PASS" start="2024-04-12T03:15:39.113058" elapsed="0.000354"/>
</kw>
<kw name="Log" owner="BuiltIn">
<msg time="2024-04-12T03:15:39.113953" level="INFO">{'large': 'https://randomuser.me/api/portraits/women/91.jpg', 'medium': 'https://randomuser.me/api/portraits/med/women/91.jpg', 'thumbnail': 'https://randomuser.me/api/portraits/thumb/women/91.jpg'}</msg>
<arg>${json_data['results'][0]['picture']}</arg>
<doc>Logs the given message with the given level.</doc>
<status status="PASS" start="2024-04-12T03:15:39.113616" elapsed="0.000378"/>
</kw>
<status status="PASS" start="2024-04-12T03:15:39.003415" elapsed="0.110833"/>
</kw>
<kw name="Teste de Tipos de Dados - Postcode" owner="random-user-service">
<kw name="GET On Session" owner="RequestsLibrary">
<msg time="2024-04-12T03:15:39.218614" level="INFO">GET Request : url=https://randomuser.me/api 
 path_url=/api 
 headers={'User-Agent': 'python-requests/2.31.0', 'Accept-Encoding': 'gzip, deflate', 'Accept': '*/*', 'Connection': 'keep-alive'} 
 body=None 
 </msg>
<msg time="2024-04-12T03:15:39.218680" level="INFO">GET Response : url=https://randomuser.me/api 
 status=200, reason=OK 
 headers={'Date': 'Fri, 12 Apr 2024 03:15:39 GMT', 'Content-Type': 'application/json; charset=utf-8', 'Transfer-Encoding': 'chunked', 'Connection': 'keep-alive', 'X-Powered-By': 'Express', 'Access-Control-Allow-Origin': '*', 'Cache-Control': 'no-cache', 'ETag': 'W/"4a8-X8dmfEqHv7ZI1zFitKL02Xkg7eA"', 'Vary': 'Accept-Encoding', 'Content-Encoding': 'gzip', 'CF-Cache-Status': 'DYNAMIC', 'Report-To': '{"endpoints":[{"url":"https:\\/\\/a.nel.cloudflare.com\\/report\\/v4?s=RBJTvGqHEgdNCHQjRhOClAtVzm%2BPLUV%2Bn2BHyDTOtzO294Sl0ZdS3jS4qTG1bHzjee2LWeAIqAigWBKkMeHoa1v8k2mkKpj%2BYRg77LHfrwVGHF2es8XDG%2BoJ7zXMRWtR"}],"group":"cf-nel","max_age":604800}', 'NEL': '{"success_fraction":0,"report_to":"cf-nel","max_age":604800}', 'Server': 'cloudflare', 'CF-RAY': '87300d997de969b4-LAX', 'alt-svc': 'h3=":443"; ma=86400'} 
 body={"results":[{"gender":"female","name":{"title":"Mrs","first":"Emmy","last":"Simon"},"location":{"street":{"number":4912,"name":"Place de L'Abbé-Franz-Stock"},"city":"Montpellier","state":"Yonne","country":"France","postcode":51152,"coordinates":{"latitude":"-17.1396","longitude":"1.0091"},"timezone":{"offset":"+8:00","description":"Beijing, Perth, Singapore, Hong Kong"}},"email":"emmy.simon@example.com","login":{"uuid":"5f8d738f-75da-4d27-8581-cd295469ad1b","username":"bigrabbit865","password":"kkkkkkk","salt":"xZP1iEtw","md5":"418265da592875dd1588abe046927e55","sha1":"72e0aed86741153996c17e6e0c70c868c7feaa78","sha256":"30167cecd7897427b16219acd1505eb05b72f70bd3ec4e96b442b5535e2a64e3"},"dob":{"date":"1954-01-01T20:23:55.608Z","age":70},"registered":{"date":"2013-08-13T14:52:31.359Z","age":10},"phone":"02-35-68-07-75","cell":"06-04-02-37-39","id":{"name":"INSEE","value":"2540014127578 54"},"picture":{"large":"https://randomuser.me/api/portraits/women/34.jpg","medium":"https://randomuser.me/api/portraits/med/women/34.jpg","thumbnail":"https://randomuser.me/api/portraits/thumb/women/34.jpg"},"nat":"FR"}],"info":{"seed":"d8e7e3d1b4233cd1","results":1,"page":1,"version":"1.4"}} 
 </msg>
<msg time="2024-04-12T03:15:39.218753" level="INFO">/opt/hostedtoolcache/Python/3.12.2/x64/lib/python3.12/site-packages/urllib3/connectionpool.py:1103: InsecureRequestWarning: Unverified HTTPS request is being made to host 'randomuser.me'. Adding certificate verification is strongly advised. See: https://urllib3.readthedocs.io/en/latest/advanced-usage.html#tls-warnings
  warnings.warn(</msg>
<msg time="2024-04-12T03:15:39.218848" level="INFO">${response} = &lt;Response [200]&gt;</msg>
<var>${response}</var>
<arg>consultarAPI</arg>
<arg>/api</arg>
<doc>Sends a GET request on a previously created HTTP Session.</doc>
<status status="PASS" start="2024-04-12T03:15:39.114694" elapsed="0.104197"/>
</kw>
<kw name="Set Variable" owner="BuiltIn">
<msg time="2024-04-12T03:15:39.220093" level="INFO">${json_data} = {'results': [{'gender': 'female', 'name': {'title': 'Mrs', 'first': 'Emmy', 'last': 'Simon'}, 'location': {'street': {'number': 4912, 'name': "Place de L'Abbé-Franz-Stock"}, 'city': 'Montpellier', 'st...</msg>
<var>${json_data}</var>
<arg>${response.json()}</arg>
<doc>Returns the given values which can then be assigned to a variables.</doc>
<status status="PASS" start="2024-04-12T03:15:39.219412" elapsed="0.000711"/>
</kw>
<kw name="Log" owner="BuiltIn">
<msg time="2024-04-12T03:15:39.220589" level="INFO">{'results': [{'gender': 'female', 'name': {'title': 'Mrs', 'first': 'Emmy', 'last': 'Simon'}, 'location': {'street': {'number': 4912, 'name': "Place de L'Abbé-Franz-Stock"}, 'city': 'Montpellier', 'state': 'Yonne', 'country': 'France', 'postcode': 51152, 'coordinates': {'latitude': '-17.1396', 'longitude': '1.0091'}, 'timezone': {'offset': '+8:00', 'description': 'Beijing, Perth, Singapore, Hong Kong'}}, 'email': 'emmy.simon@example.com', 'login': {'uuid': '5f8d738f-75da-4d27-8581-cd295469ad1b', 'username': 'bigrabbit865', 'password': 'kkkkkkk', 'salt': 'xZP1iEtw', 'md5': '418265da592875dd1588abe046927e55', 'sha1': '72e0aed86741153996c17e6e0c70c868c7feaa78', 'sha256': '30167cecd7897427b16219acd1505eb05b72f70bd3ec4e96b442b5535e2a64e3'}, 'dob': {'date': '1954-01-01T20:23:55.608Z', 'age': 70}, 'registered': {'date': '2013-08-13T14:52:31.359Z', 'age': 10}, 'phone': '02-35-68-07-75', 'cell': '06-04-02-37-39', 'id': {'name': 'INSEE', 'value': '2540014127578 54'}, 'picture': {'large': 'https://randomuser.me/api/portraits/women/34.jpg', 'medium': 'https://randomuser.me/api/portraits/med/women/34.jpg', 'thumbnail': 'https://randomuser.me/api/portraits/thumb/women/34.jpg'}, 'nat': 'FR'}], 'info': {'seed': 'd8e7e3d1b4233cd1', 'results': 1, 'page': 1, 'version': '1.4'}}</msg>
<arg>${json_data}</arg>
<doc>Logs the given message with the given level.</doc>
<status status="PASS" start="2024-04-12T03:15:39.220432" elapsed="0.000235"/>
</kw>
<kw name="Should Be Equal As Numbers" owner="BuiltIn">
<arg>${json_data['results'][0]['location']['postcode']}</arg>
<arg>${json_data['results'][0]['location']['postcode']}</arg>
<doc>Fails if objects are unequal after converting them to real numbers.</doc>
<status status="PASS" start="2024-04-12T03:15:39.220971" elapsed="0.000644"/>
</kw>
<kw name="Log" owner="BuiltIn">
<msg time="2024-04-12T03:15:39.222151" level="INFO">51152</msg>
<arg>${json_data['results'][0]['location']['postcode']}</arg>
<doc>Logs the given message with the given level.</doc>
<status status="PASS" start="2024-04-12T03:15:39.221814" elapsed="0.000377"/>
</kw>
<status status="PASS" start="2024-04-12T03:15:39.114459" elapsed="0.107985"/>
</kw>
<doc>Testa se os tipos de dados na resposta da API estão corretos.</doc>
<tag>testeTiposDados</tag>
<status status="PASS" start="2024-04-12T03:15:39.002740" elapsed="0.219866"/>
</test>
<test id="s1-s1-t5" name="Validar conteudo" line="35">
<kw name="Teste de Tipos de Conteudo" owner="random-user-service">
<kw name="GET On Session" owner="RequestsLibrary">
<msg time="2024-04-12T03:15:39.320249" level="INFO">GET Request : url=https://randomuser.me/api 
 path_url=/api 
 headers={'User-Agent': 'python-requests/2.31.0', 'Accept-Encoding': 'gzip, deflate', 'Accept': '*/*', 'Connection': 'keep-alive'} 
 body=None 
 </msg>
<msg time="2024-04-12T03:15:39.320342" level="INFO">GET Response : url=https://randomuser.me/api 
 status=200, reason=OK 
 headers={'Date': 'Fri, 12 Apr 2024 03:15:39 GMT', 'Content-Type': 'application/json; charset=utf-8', 'Transfer-Encoding': 'chunked', 'Connection': 'keep-alive', 'X-Powered-By': 'Express', 'Access-Control-Allow-Origin': '*', 'Cache-Control': 'no-cache', 'ETag': 'W/"471-c9dB2SU0k3ResY5O0Ov/7mWkd8w"', 'Vary': 'Accept-Encoding', 'Content-Encoding': 'gzip', 'CF-Cache-Status': 'DYNAMIC', 'Report-To': '{"endpoints":[{"url":"https:\\/\\/a.nel.cloudflare.com\\/report\\/v4?s=7KN6EyKaSLdce5inYA%2Fm2hqpq40cUtvclZIDCvNOXAytCSXtsPPGJpyjIu7wLTDhNtfz1%2Fy7%2F0zsmaOCXYkp4DwnVGz5jvpPxYBV3IHXrG%2FdmfxNyKkS17EuJvNw%2Fiim"}],"group":"cf-nel","max_age":604800}', 'NEL': '{"success_fraction":0,"report_to":"cf-nel","max_age":604800}', 'Server': 'cloudflare', 'CF-RAY': '87300d9a3ebf69b4-LAX', 'alt-svc': 'h3=":443"; ma=86400'} 
 body={"results":[{"gender":"female","name":{"title":"Miss","first":"Kübra","last":"Babaoğlu"},"location":{"street":{"number":8883,"name":"Doktorlar Cd"},"city":"İstanbul","state":"Malatya","country":"Turkey","postcode":88387,"coordinates":{"latitude":"69.3195","longitude":"54.3323"},"timezone":{"offset":"+3:30","description":"Tehran"}},"email":"kubra.babaoglu@example.com","login":{"uuid":"8249e268-d29c-4ae7-b4ef-e9ba1783ecfe","username":"whiteswan649","password":"theresa","salt":"kJUN4BCt","md5":"805aa3c5d187a25a8e384241bff6a9a8","sha1":"5ebbe088f8959c370f9591f70a4b56dfd4a33113","sha256":"0cdc2a84fec79abc2745c891faea4345e675396e717859cb18ae340950308ea7"},"dob":{"date":"1986-11-18T00:03:32.609Z","age":37},"registered":{"date":"2015-02-02T09:15:01.355Z","age":9},"phone":"(452)-879-8454","cell":"(507)-831-9791","id":{"name":"","value":null},"picture":{"large":"https://randomuser.me/api/portraits/women/10.jpg","medium":"https://randomuser.me/api/portraits/med/women/10.jpg","thumbnail":"https://randomuser.me/api/portraits/thumb/women/10.jpg"},"nat":"TR"}],"info":{"seed":"ed6ae84fd0ea9b0d","results":1,"page":1,"version":"1.4"}} 
 </msg>
<msg time="2024-04-12T03:15:39.320409" level="INFO">/opt/hostedtoolcache/Python/3.12.2/x64/lib/python3.12/site-packages/urllib3/connectionpool.py:1103: InsecureRequestWarning: Unverified HTTPS request is being made to host 'randomuser.me'. Adding certificate verification is strongly advised. See: https://urllib3.readthedocs.io/en/latest/advanced-usage.html#tls-warnings
  warnings.warn(</msg>
<msg time="2024-04-12T03:15:39.320498" level="INFO">${response} = &lt;Response [200]&gt;</msg>
<var>${response}</var>
<arg>consultarAPI</arg>
<arg>/api</arg>
<doc>Sends a GET request on a previously created HTTP Session.</doc>
<status status="PASS" start="2024-04-12T03:15:39.225017" elapsed="0.095522"/>
</kw>
<kw name="Set Variable" owner="BuiltIn">
<msg time="2024-04-12T03:15:39.321752" level="INFO">${json_data} = {'results': [{'gender': 'female', 'name': {'title': 'Miss', 'first': 'Kübra', 'last': 'Babaoğlu'}, 'location': {'street': {'number': 8883, 'name': 'Doktorlar Cd'}, 'city': 'İstanbul', 'state': 'Malaty...</msg>
<var>${json_data}</var>
<arg>${response.json()}</arg>
<doc>Returns the given values which can then be assigned to a variables.</doc>
<status status="PASS" start="2024-04-12T03:15:39.321073" elapsed="0.000710"/>
</kw>
<kw name="Set Variable" owner="BuiltIn">
<msg time="2024-04-12T03:15:39.322484" level="INFO">${name_title} = Miss</msg>
<var>${name_title}</var>
<arg>${json_data["results"][0]["name"]["title"]}</arg>
<doc>Returns the given values which can then be assigned to a variables.</doc>
<status status="PASS" start="2024-04-12T03:15:39.322096" elapsed="0.000414"/>
</kw>
<kw name="Create List" owner="BuiltIn">
<msg time="2024-04-12T03:15:39.322962" level="INFO">${allowed_titles} = ['Mr', 'Ms', 'Miss', 'Mrs', 'Madame', 'Monsieur']</msg>
<var>${allowed_titles}</var>
<arg>Mr</arg>
<arg>Ms</arg>
<arg>Miss</arg>
<arg>Mrs</arg>
<arg>Madame</arg>
<arg>Monsieur</arg>
<doc>Returns a list containing given items.</doc>
<status status="PASS" start="2024-04-12T03:15:39.322810" elapsed="0.000176"/>
</kw>
<kw name="List Should Contain Value" owner="Collections">
<msg time="2024-04-12T03:15:39.323455" level="INFO">False</msg>
<arg>${allowed_titles}</arg>
<arg>${name_title}</arg>
<doc>Fails if the ``value`` is not found from ``list``.</doc>
<status status="PASS" start="2024-04-12T03:15:39.323287" elapsed="0.000206"/>
</kw>
<kw name="Set Variable" owner="BuiltIn">
<msg time="2024-04-12T03:15:39.324168" level="INFO">${name_country} = TR</msg>
<var>${name_country}</var>
<arg>${json_data["results"][0]["nat"]}</arg>
<doc>Returns the given values which can then be assigned to a variables.</doc>
<status status="PASS" start="2024-04-12T03:15:39.323787" elapsed="0.000406"/>
</kw>
<kw name="Create List" owner="BuiltIn">
<msg time="2024-04-12T03:15:39.325113" level="INFO">${list_country} = ['AD', 'AE', 'AF', 'AG', 'AI', 'AL', 'AM', 'AO', 'AQ', 'AR', 'AS', 'AT', 'AU', 'AW', 'AX', 'AZ', 'BA', 'BB', 'BD', 'BE', 'BF', 'BG', 'BH', 'BI', 'BJ', 'BL', 'BM', 'BN', 'BO', 'BQ', 'BR', 'BS', 'BT', '...</msg>
<var>${list_country}</var>
<arg>AD</arg>
<arg>AE</arg>
<arg>AF</arg>
<arg>AG</arg>
<arg>AI</arg>
<arg>AL</arg>
<arg>AM</arg>
<arg>AO</arg>
<arg>AQ</arg>
<arg>AR</arg>
<arg>AS</arg>
<arg>AT</arg>
<arg>AU</arg>
<arg>AW</arg>
<arg>AX</arg>
<arg>AZ</arg>
<arg>BA</arg>
<arg>BB</arg>
<arg>BD</arg>
<arg>BE</arg>
<arg>BF</arg>
<arg>BG</arg>
<arg>BH</arg>
<arg>BI</arg>
<arg>BJ</arg>
<arg>BL</arg>
<arg>BM</arg>
<arg>BN</arg>
<arg>BO</arg>
<arg>BQ</arg>
<arg>BR</arg>
<arg>BS</arg>
<arg>BT</arg>
<arg>BV</arg>
<arg>BW</arg>
<arg>BY</arg>
<arg>BZ</arg>
<arg>CA</arg>
<arg>CC</arg>
<arg>CD</arg>
<arg>CF</arg>
<arg>CG</arg>
<arg>CH</arg>
<arg>CI</arg>
<arg>CK</arg>
<arg>CL</arg>
<arg>CM</arg>
<arg>CN</arg>
<arg>CO</arg>
<arg>CR</arg>
<arg>CU</arg>
<arg>CV</arg>
<arg>CW</arg>
<arg>CX</arg>
<arg>CY</arg>
<arg>CZ</arg>
<arg>DE</arg>
<arg>DJ</arg>
<arg>DK</arg>
<arg>DM</arg>
<arg>DO</arg>
<arg>DZ</arg>
<arg>EC</arg>
<arg>EE</arg>
<arg>EG</arg>
<arg>EH</arg>
<arg>ER</arg>
<arg>ES</arg>
<arg>ET</arg>
<arg>FI</arg>
<arg>FJ</arg>
<arg>FK</arg>
<arg>FM</arg>
<arg>FO</arg>
<arg>FR</arg>
<arg>GA</arg>
<arg>GB</arg>
<arg>GD</arg>
<arg>GE</arg>
<arg>GF</arg>
<arg>GG</arg>
<arg>GH</arg>
<arg>GI</arg>
<arg>GL</arg>
<arg>GM</arg>
<arg>GN</arg>
<arg>GP</arg>
<arg>GQ</arg>
<arg>GR</arg>
<arg>GS</arg>
<arg>GT</arg>
<arg>GU</arg>
<arg>GW</arg>
<arg>GY</arg>
<arg>HK</arg>
<arg>HM</arg>
<arg>HN</arg>
<arg>HR</arg>
<arg>HT</arg>
<arg>HU</arg>
<arg>ID</arg>
<arg>IE</arg>
<arg>IL</arg>
<arg>IM</arg>
<arg>IN</arg>
<arg>IO</arg>
<arg>IQ</arg>
<arg>IR</arg>
<arg>IS</arg>
<arg>IT</arg>
<arg>JE</arg>
<arg>JM</arg>
<arg>JO</arg>
<arg>JP</arg>
<arg>KE</arg>
<arg>KG</arg>
<arg>KH</arg>
<arg>KI</arg>
<arg>KM</arg>
<arg>KN</arg>
<arg>KP</arg>
<arg>KR</arg>
<arg>KW</arg>
<arg>KY</arg>
<arg>KZ</arg>
<arg>LA</arg>
<arg>LB</arg>
<arg>LC</arg>
<arg>LI</arg>
<arg>LK</arg>
<arg>LR</arg>
<arg>LS</arg>
<arg>LT</arg>
<arg>LU</arg>
<arg>LV</arg>
<arg>LY</arg>
<arg>MA</arg>
<arg>MC</arg>
<arg>MD</arg>
<arg>ME</arg>
<arg>MF</arg>
<arg>MG</arg>
<arg>MH</arg>
<arg>MK</arg>
<arg>ML</arg>
<arg>MM</arg>
<arg>MN</arg>
<arg>MO</arg>
<arg>MP</arg>
<arg>MQ</arg>
<arg>MR</arg>
<arg>MS</arg>
<arg>MT</arg>
<arg>MU</arg>
<arg>MV</arg>
<arg>MW</arg>
<arg>MX</arg>
<arg>MY</arg>
<arg>MZ</arg>
<arg>NA</arg>
<arg>NC</arg>
<arg>NE</arg>
<arg>NF</arg>
<arg>NG</arg>
<arg>NI</arg>
<arg>NL</arg>
<arg>NO</arg>
<arg>NP</arg>
<arg>NR</arg>
<arg>NU</arg>
<arg>NZ</arg>
<arg>OM</arg>
<arg>PA</arg>
<arg>PE</arg>
<arg>PF</arg>
<arg>PG</arg>
<arg>PH</arg>
<arg>PK</arg>
<arg>PL</arg>
<arg>PM</arg>
<arg>PN</arg>
<arg>PR</arg>
<arg>PS</arg>
<arg>PT</arg>
<arg>PW</arg>
<arg>PY</arg>
<arg>QA</arg>
<arg>RE</arg>
<arg>RO</arg>
<arg>RS</arg>
<arg>RU</arg>
<arg>RW</arg>
<arg>SA</arg>
<arg>SB</arg>
<arg>SC</arg>
<arg>SD</arg>
<arg>SE</arg>
<arg>SG</arg>
<arg>SH</arg>
<arg>SI</arg>
<arg>SJ</arg>
<arg>SK</arg>
<arg>SL</arg>
<arg>SM</arg>
<arg>SN</arg>
<arg>SO</arg>
<arg>SR</arg>
<arg>SS</arg>
<arg>ST</arg>
<arg>SV</arg>
<arg>SX</arg>
<arg>SY</arg>
<arg>SZ</arg>
<arg>TC</arg>
<arg>TD</arg>
<arg>TF</arg>
<arg>TG</arg>
<arg>TH</arg>
<arg>TJ</arg>
<arg>TK</arg>
<arg>TL</arg>
<arg>TM</arg>
<arg>TN</arg>
<arg>TO</arg>
<arg>TR</arg>
<arg>TT</arg>
<arg>TV</arg>
<arg>TW</arg>
<arg>TZ</arg>
<arg>UA</arg>
<arg>UG</arg>
<arg>UM</arg>
<arg>US</arg>
<arg>UY</arg>
<arg>UZ</arg>
<arg>VA</arg>
<arg>VC</arg>
<arg>VE</arg>
<arg>VG</arg>
<arg>VI</arg>
<arg>VN</arg>
<arg>VU</arg>
<arg>WF</arg>
<arg>WS</arg>
<arg>XK</arg>
<arg>YE</arg>
<arg>YT</arg>
<arg>ZA</arg>
<arg>ZM</arg>
<arg>ZW</arg>
<doc>Returns a list containing given items.</doc>
<status status="PASS" start="2024-04-12T03:15:39.324505" elapsed="0.000634"/>
</kw>
<kw name="List Should Contain Value" owner="Collections">
<msg time="2024-04-12T03:15:39.326162" level="INFO">False</msg>
<arg>${list_country}</arg>
<arg>${name_country}</arg>
<doc>Fails if the ``value`` is not found from ``list``.</doc>
<status status="PASS" start="2024-04-12T03:15:39.325952" elapsed="0.000247"/>
</kw>
<kw name="Run Keyword If" owner="BuiltIn">
<kw name="Should Be True" owner="BuiltIn">
<arg>${True}</arg>
<doc>Fails if the given condition is not true.</doc>
<status status="PASS" start="2024-04-12T03:15:39.327364" elapsed="0.000148"/>
</kw>
<arg>${json_data["results"][0]["location"]["coordinates"]["latitude"]} &gt;= -90 and ${json_data["results"][0]["location"]["coordinates"]["latitude"]} &lt;= 90</arg>
<arg>Should Be True</arg>
<arg>${True}</arg>
<doc>Runs the given keyword with the given arguments, if ``condition`` is true.</doc>
<status status="PASS" start="2024-04-12T03:15:39.326507" elapsed="0.001134"/>
</kw>
<kw name="Run Keyword If" owner="BuiltIn">
<kw name="Should Be True" owner="BuiltIn">
<arg>${True}</arg>
<doc>Fails if the given condition is not true.</doc>
<status status="PASS" start="2024-04-12T03:15:39.328535" elapsed="0.000139"/>
</kw>
<arg>${json_data["results"][0]["location"]["coordinates"]["longitude"]} &gt;= -180 and ${json_data["results"][0]["location"]["coordinates"]["longitude"]} &lt;= 180</arg>
<arg>Should Be True</arg>
<arg>${True}</arg>
<doc>Runs the given keyword with the given arguments, if ``condition`` is true.</doc>
<status status="PASS" start="2024-04-12T03:15:39.327830" elapsed="0.000968"/>
</kw>
<status status="PASS" start="2024-04-12T03:15:39.224798" elapsed="0.104127"/>
</kw>
<doc>Testa o conteúdo específico dos campos retornados pela API.</doc>
<tag>testeConteudo</tag>
<status status="PASS" start="2024-04-12T03:15:39.224305" elapsed="0.104764"/>
</test>
<status status="PASS" start="2024-04-12T03:15:38.327535" elapsed="1.003504"/>
</suite>
<status status="PASS" start="2024-04-12T03:15:38.313880" elapsed="1.022484"/>
</suite>
<statistics>
<total>
<stat pass="5" fail="0" skip="0">All Tests</stat>
</total>
<tag>
<stat pass="1" fail="0" skip="0">testeConteudo</stat>
<stat pass="1" fail="0" skip="0">testeEstruturaResposta</stat>
<stat pass="1" fail="0" skip="0">testeRequisicaoBasica</stat>
<stat pass="1" fail="0" skip="0">testeTiposDados</stat>
</tag>
<suite>
<stat pass="5" fail="0" skip="0" id="s1" name="Tests">Tests</stat>
<stat pass="5" fail="0" skip="0" id="s1-s1" name="Random-User-Test">Tests.Random-User-Test</stat>
</suite>
</statistics>
<errors>
</errors>
</robot>
