<?xml version="1.0" encoding="UTF-8"?>
<robot generator="Robot 7.0 (Python 3.12.3 on linux)" generated="2024-05-11T10:14:31.825840" rpa="false" schemaversion="5">
<suite id="s1" name="Tests" source="/home/runner/work/DesafioQAItauRogerioJordao/DesafioQAItauRogerioJordao/RamdonUser/tests">
<suite id="s1-s1" name="Random-User-Test" source="/home/runner/work/DesafioQAItauRogerioJordao/DesafioQAItauRogerioJordao/RamdonUser/tests/random-user-test.robot">
<test id="s1-s1-t1" name="Conectar" line="13">
<kw name="Conectar API" owner="random-user-service">
<kw name="Create Session" owner="RequestsLibrary">
<msg time="2024-05-11T10:14:32.209738" level="INFO">Creating Session using : alias=consultarAPI, url=https://randomuser.me/, headers={},                     cookies={}, auth=None, timeout=None, proxies=None, verify=False,                     debug=0 </msg>
<arg>consultarAPI</arg>
<arg>${URL}</arg>
<doc>Create Session: create a HTTP session to a server</doc>
<status status="PASS" start="2024-05-11T10:14:32.209544" elapsed="0.000366"/>
</kw>
<status status="PASS" start="2024-05-11T10:14:32.208619" elapsed="0.001645"/>
</kw>
<status status="PASS" start="2024-05-11T10:14:32.207969" elapsed="0.002485"/>
</test>
<test id="s1-s1-t2" name="Validar retorno 200 e JSON Válido" line="16">
<kw name="Teste de Requisicao Basica" owner="random-user-service">
<kw name="GET On Session" owner="RequestsLibrary">
<msg time="2024-05-11T10:14:32.287067" level="INFO">GET Request : url=https://randomuser.me/api 
 path_url=/api 
 headers={'User-Agent': 'python-requests/2.31.0', 'Accept-Encoding': 'gzip, deflate', 'Accept': '*/*', 'Connection': 'keep-alive'} 
 body=None 
 </msg>
<msg time="2024-05-11T10:14:32.287199" level="INFO">GET Response : url=https://randomuser.me/api 
 status=200, reason=OK 
 headers={'Date': 'Sat, 11 May 2024 10:14:32 GMT', 'Content-Type': 'application/json; charset=utf-8', 'Transfer-Encoding': 'chunked', 'Connection': 'keep-alive', 'X-Powered-By': 'Express', 'Access-Control-Allow-Origin': '*', 'Cache-Control': 'no-cache', 'ETag': 'W/"48f-AkgpxBqYwIp9Ns6LFmCQvCEI7Zg"', 'Vary': 'Accept-Encoding', 'Content-Encoding': 'gzip', 'CF-Cache-Status': 'DYNAMIC', 'Report-To': '{"endpoints":[{"url":"https:\\/\\/a.nel.cloudflare.com\\/report\\/v4?s=8OkyntEKn5vyu3yK5JmmLDp5c%2FOJCKX0AQsdsgZCjJjtkzy%2BGSTGkPinxkjFu2XbBs%2BGLUpCSaLVL8IZedI3QCCjps%2B1WpnUzv9W9P0VCxg0abmQkSRD4SGK%2BYOzEt1C"}],"group":"cf-nel","max_age":604800}', 'NEL': '{"success_fraction":0,"report_to":"cf-nel","max_age":604800}', 'Server': 'cloudflare', 'CF-RAY': '882167138b400597-IAD', 'alt-svc': 'h3=":443"; ma=86400'} 
 body={"results":[{"gender":"female","name":{"title":"Ms","first":"Jill","last":"Lee"},"location":{"street":{"number":8028,"name":"E Pecan St"},"city":"Ann Arbor","state":"Hawaii","country":"United States","postcode":60732,"coordinates":{"latitude":"87.8401","longitude":"93.5753"},"timezone":{"offset":"+1:00","description":"Brussels, Copenhagen, Madrid, Paris"}},"email":"jill.lee@example.com","login":{"uuid":"78b7c303-92ca-45b0-9aca-58d87197d1d5","username":"purplefrog575","password":"sheba1","salt":"lXMtQbgP","md5":"b40933e0128fc11cb9eef94144fc2e74","sha1":"599a3dd56c4d123438e52e48d1c57acf09300e3e","sha256":"fe9a070a242a91ac9763a88d7c6f539c1ad69ae3c06b2c49832e17651b98d70d"},"dob":{"date":"1991-07-01T11:26:23.611Z","age":32},"registered":{"date":"2012-08-22T13:14:32.004Z","age":11},"phone":"(264) 808-3707","cell":"(487) 398-3358","id":{"name":"SSN","value":"688-25-4430"},"picture":{"large":"https://randomuser.me/api/portraits/women/45.jpg","medium":"https://randomuser.me/api/portraits/med/women/45.jpg","thumbnail":"https://randomuser.me/api/portraits/thumb/women/45.jpg"},"nat":"US"}],"info":{"seed":"00cc2d17fcb1908e","results":1,"page":1,"version":"1.4"}} 
 </msg>
<msg time="2024-05-11T10:14:32.287275" level="INFO">/opt/hostedtoolcache/Python/3.12.3/x64/lib/python3.12/site-packages/urllib3/connectionpool.py:1103: InsecureRequestWarning: Unverified HTTPS request is being made to host 'randomuser.me'. Adding certificate verification is strongly advised. See: https://urllib3.readthedocs.io/en/latest/advanced-usage.html#tls-warnings
  warnings.warn(</msg>
<msg time="2024-05-11T10:14:32.287423" level="INFO">${response} = &lt;Response [200]&gt;</msg>
<var>${response}</var>
<arg>consultarAPI</arg>
<arg>/api</arg>
<doc>Sends a GET request on a previously created HTTP Session.</doc>
<status status="PASS" start="2024-05-11T10:14:32.213158" elapsed="0.074307"/>
</kw>
<kw name="Should Be Equal As Numbers" owner="BuiltIn">
<msg time="2024-05-11T10:14:32.288430" level="INFO">Argument types are:
&lt;class 'int'&gt;
&lt;class 'str'&gt;</msg>
<arg>${response.status_code}</arg>
<arg>200</arg>
<doc>Fails if objects are unequal after converting them to real numbers.</doc>
<status status="PASS" start="2024-05-11T10:14:32.287952" elapsed="0.000544"/>
</kw>
<kw name="Log" owner="BuiltIn">
<msg time="2024-05-11T10:14:32.289197" level="INFO">200</msg>
<arg>${response.status_code}</arg>
<doc>Logs the given message with the given level.</doc>
<status status="PASS" start="2024-05-11T10:14:32.288844" elapsed="0.000395"/>
</kw>
<kw name="Set Variable" owner="BuiltIn">
<msg time="2024-05-11T10:14:32.290000" level="INFO">${json_data} = {'results': [{'gender': 'female', 'name': {'title': 'Ms', 'first': 'Jill', 'last': 'Lee'}, 'location': {'street': {'number': 8028, 'name': 'E Pecan St'}, 'city': 'Ann Arbor', 'state': 'Hawaii', 'count...</msg>
<var>${json_data}</var>
<arg>${response.json()}</arg>
<doc>Returns the given values which can then be assigned to a variables.</doc>
<status status="PASS" start="2024-05-11T10:14:32.289553" elapsed="0.000476"/>
</kw>
<kw name="Dictionary Should Contain Key" owner="Collections">
<msg time="2024-05-11T10:14:32.290506" level="INFO">False</msg>
<arg>${json_data}</arg>
<arg>results</arg>
<doc>Fails if ``key`` is not found from ``dictionary``.</doc>
<status status="PASS" start="2024-05-11T10:14:32.290333" elapsed="0.000214"/>
</kw>
<status status="PASS" start="2024-05-11T10:14:32.212916" elapsed="0.077897"/>
</kw>
<doc>Testa se a API responde corretamente e retorna um objeto JSON válido.</doc>
<tag>testeRequisicaoBasica</tag>
<status status="PASS" start="2024-05-11T10:14:32.212376" elapsed="0.078619"/>
</test>
<test id="s1-s1-t3" name="Validar estrutura de resposta" line="22">
<kw name="Teste de Estrutura de Resposta" owner="random-user-service">
<kw name="GET On Session" owner="RequestsLibrary">
<msg time="2024-05-11T10:14:32.384333" level="INFO">GET Request : url=https://randomuser.me/api 
 path_url=/api 
 headers={'User-Agent': 'python-requests/2.31.0', 'Accept-Encoding': 'gzip, deflate', 'Accept': '*/*', 'Connection': 'keep-alive'} 
 body=None 
 </msg>
<msg time="2024-05-11T10:14:32.384428" level="INFO">GET Response : url=https://randomuser.me/api 
 status=200, reason=OK 
 headers={'Date': 'Sat, 11 May 2024 10:14:32 GMT', 'Content-Type': 'application/json; charset=utf-8', 'Transfer-Encoding': 'chunked', 'Connection': 'keep-alive', 'X-Powered-By': 'Express', 'Access-Control-Allow-Origin': '*', 'Cache-Control': 'no-cache', 'ETag': 'W/"491-sCzC73P34aaAAMG0nZBR/K8MBcg"', 'Vary': 'Accept-Encoding', 'Content-Encoding': 'gzip', 'CF-Cache-Status': 'DYNAMIC', 'Report-To': '{"endpoints":[{"url":"https:\\/\\/a.nel.cloudflare.com\\/report\\/v4?s=L3qFRgJ6tOds8JNLRQ41e%2F%2FhpP7QpbMKUlPgbaiTCVoUUmD2dpKZ4NK0Wx7ugC8w5%2BpLWq35oDUpI6cx4IKt9%2FgmRL7CoNgxD2MikrvnBBLucTC2917OvgBSnD93TWX3"}],"group":"cf-nel","max_age":604800}', 'NEL': '{"success_fraction":0,"report_to":"cf-nel","max_age":604800}', 'Server': 'cloudflare', 'CF-RAY': '88216713db730597-IAD', 'alt-svc': 'h3=":443"; ma=86400'} 
 body={"results":[{"gender":"male","name":{"title":"Mr","first":"Ezra","last":"Williams"},"location":{"street":{"number":4003,"name":"Esk Street"},"city":"New Plymouth","state":"Nelson","country":"New Zealand","postcode":32276,"coordinates":{"latitude":"54.7862","longitude":"-111.3533"},"timezone":{"offset":"0:00","description":"Western Europe Time, London, Lisbon, Casablanca"}},"email":"ezra.williams@example.com","login":{"uuid":"5e664973-b92f-4e19-aa78-661294ddd03d","username":"lazylion487","password":"nelson","salt":"SLj84gLy","md5":"0a1521764031a515f092c76ffffc85dd","sha1":"d01bfcf884e2f0b7769aef04f53aea99882856d5","sha256":"4273ea9ac4738ff04d7015a221d4523abde0ed08b11f964e6aec9341724819a4"},"dob":{"date":"1968-05-09T11:21:49.382Z","age":56},"registered":{"date":"2004-09-12T20:30:08.117Z","age":19},"phone":"(628)-880-2858","cell":"(145)-241-9461","id":{"name":"","value":null},"picture":{"large":"https://randomuser.me/api/portraits/men/13.jpg","medium":"https://randomuser.me/api/portraits/med/men/13.jpg","thumbnail":"https://randomuser.me/api/portraits/thumb/men/13.jpg"},"nat":"NZ"}],"info":{"seed":"17989ae7ee3df8af","results":1,"page":1,"version":"1.4"}} 
 </msg>
<msg time="2024-05-11T10:14:32.384554" level="INFO">/opt/hostedtoolcache/Python/3.12.3/x64/lib/python3.12/site-packages/urllib3/connectionpool.py:1103: InsecureRequestWarning: Unverified HTTPS request is being made to host 'randomuser.me'. Adding certificate verification is strongly advised. See: https://urllib3.readthedocs.io/en/latest/advanced-usage.html#tls-warnings
  warnings.warn(</msg>
<msg time="2024-05-11T10:14:32.384691" level="INFO">${response} = &lt;Response [200]&gt;</msg>
<var>${response}</var>
<arg>consultarAPI</arg>
<arg>/api</arg>
<doc>Sends a GET request on a previously created HTTP Session.</doc>
<status status="PASS" start="2024-05-11T10:14:32.293612" elapsed="0.091127"/>
</kw>
<kw name="Set Variable" owner="BuiltIn">
<msg time="2024-05-11T10:14:32.385721" level="INFO">${json_data} = {'results': [{'gender': 'male', 'name': {'title': 'Mr', 'first': 'Ezra', 'last': 'Williams'}, 'location': {'street': {'number': 4003, 'name': 'Esk Street'}, 'city': 'New Plymouth', 'state': 'Nelson', ...</msg>
<var>${json_data}</var>
<arg>${response.json()}</arg>
<doc>Returns the given values which can then be assigned to a variables.</doc>
<status status="PASS" start="2024-05-11T10:14:32.385231" elapsed="0.000518"/>
</kw>
<kw name="Log" owner="BuiltIn">
<msg time="2024-05-11T10:14:32.386217" level="INFO">{'results': [{'gender': 'male', 'name': {'title': 'Mr', 'first': 'Ezra', 'last': 'Williams'}, 'location': {'street': {'number': 4003, 'name': 'Esk Street'}, 'city': 'New Plymouth', 'state': 'Nelson', 'country': 'New Zealand', 'postcode': 32276, 'coordinates': {'latitude': '54.7862', 'longitude': '-111.3533'}, 'timezone': {'offset': '0:00', 'description': 'Western Europe Time, London, Lisbon, Casablanca'}}, 'email': 'ezra.williams@example.com', 'login': {'uuid': '5e664973-b92f-4e19-aa78-661294ddd03d', 'username': 'lazylion487', 'password': 'nelson', 'salt': 'SLj84gLy', 'md5': '0a1521764031a515f092c76ffffc85dd', 'sha1': 'd01bfcf884e2f0b7769aef04f53aea99882856d5', 'sha256': '4273ea9ac4738ff04d7015a221d4523abde0ed08b11f964e6aec9341724819a4'}, 'dob': {'date': '1968-05-09T11:21:49.382Z', 'age': 56}, 'registered': {'date': '2004-09-12T20:30:08.117Z', 'age': 19}, 'phone': '(628)-880-2858', 'cell': '(145)-241-9461', 'id': {'name': '', 'value': None}, 'picture': {'large': 'https://randomuser.me/api/portraits/men/13.jpg', 'medium': 'https://randomuser.me/api/portraits/med/men/13.jpg', 'thumbnail': 'https://randomuser.me/api/portraits/thumb/men/13.jpg'}, 'nat': 'NZ'}], 'info': {'seed': '17989ae7ee3df8af', 'results': 1, 'page': 1, 'version': '1.4'}}</msg>
<arg>${json_data}</arg>
<doc>Logs the given message with the given level.</doc>
<status status="PASS" start="2024-05-11T10:14:32.386056" elapsed="0.000209"/>
</kw>
<kw name="Dictionary Should Contain Key" owner="Collections">
<msg time="2024-05-11T10:14:32.386725" level="INFO">False</msg>
<arg>${json_data}</arg>
<arg>results</arg>
<doc>Fails if ``key`` is not found from ``dictionary``.</doc>
<status status="PASS" start="2024-05-11T10:14:32.386565" elapsed="0.000198"/>
</kw>
<kw name="Should Not Be Empty" owner="BuiltIn">
<msg time="2024-05-11T10:14:32.387189" level="INFO">Length is 2.</msg>
<arg>${json_data}</arg>
<doc>Verifies that the given item is not empty.</doc>
<status status="PASS" start="2024-05-11T10:14:32.387056" elapsed="0.000338"/>
</kw>
<kw name="Create List" owner="BuiltIn">
<msg time="2024-05-11T10:14:32.387843" level="INFO">${expected_keys} = ['gender', 'name', 'location', 'email', 'login']</msg>
<var>${expected_keys}</var>
<arg>gender</arg>
<arg>name</arg>
<arg>location</arg>
<arg>email</arg>
<arg>login</arg>
<doc>Returns a list containing given items.</doc>
<status status="PASS" start="2024-05-11T10:14:32.387689" elapsed="0.000178"/>
</kw>
<for flavor="IN">
<iter>
<kw name="Dictionary Should Contain Key" owner="Collections">
<msg time="2024-05-11T10:14:32.388887" level="INFO">False</msg>
<arg>${json_data['results'][0]}</arg>
<arg>${key}</arg>
<doc>Fails if ``key`` is not found from ``dictionary``.</doc>
<status status="PASS" start="2024-05-11T10:14:32.388481" elapsed="0.000444"/>
</kw>
<kw name="Log" owner="BuiltIn">
<msg time="2024-05-11T10:14:32.389591" level="INFO">{'gender': 'male', 'name': {'title': 'Mr', 'first': 'Ezra', 'last': 'Williams'}, 'location': {'street': {'number': 4003, 'name': 'Esk Street'}, 'city': 'New Plymouth', 'state': 'Nelson', 'country': 'New Zealand', 'postcode': 32276, 'coordinates': {'latitude': '54.7862', 'longitude': '-111.3533'}, 'timezone': {'offset': '0:00', 'description': 'Western Europe Time, London, Lisbon, Casablanca'}}, 'email': 'ezra.williams@example.com', 'login': {'uuid': '5e664973-b92f-4e19-aa78-661294ddd03d', 'username': 'lazylion487', 'password': 'nelson', 'salt': 'SLj84gLy', 'md5': '0a1521764031a515f092c76ffffc85dd', 'sha1': 'd01bfcf884e2f0b7769aef04f53aea99882856d5', 'sha256': '4273ea9ac4738ff04d7015a221d4523abde0ed08b11f964e6aec9341724819a4'}, 'dob': {'date': '1968-05-09T11:21:49.382Z', 'age': 56}, 'registered': {'date': '2004-09-12T20:30:08.117Z', 'age': 19}, 'phone': '(628)-880-2858', 'cell': '(145)-241-9461', 'id': {'name': '', 'value': None}, 'picture': {'large': 'https://randomuser.me/api/portraits/men/13.jpg', 'medium': 'https://randomuser.me/api/portraits/med/men/13.jpg', 'thumbnail': 'https://randomuser.me/api/portraits/thumb/men/13.jpg'}, 'nat': 'NZ'}</msg>
<arg>${json_data['results'][0]}</arg>
<doc>Logs the given message with the given level.</doc>
<status status="PASS" start="2024-05-11T10:14:32.389228" elapsed="0.000411"/>
</kw>
<kw name="Log" owner="BuiltIn">
<msg time="2024-05-11T10:14:32.390067" level="INFO">gender</msg>
<arg>${key}</arg>
<doc>Logs the given message with the given level.</doc>
<status status="PASS" start="2024-05-11T10:14:32.389937" elapsed="0.000167"/>
</kw>
<var name="${key}">gender</var>
<status status="PASS" start="2024-05-11T10:14:32.388350" elapsed="0.001970"/>
</iter>
<iter>
<kw name="Dictionary Should Contain Key" owner="Collections">
<msg time="2024-05-11T10:14:32.391002" level="INFO">False</msg>
<arg>${json_data['results'][0]}</arg>
<arg>${key}</arg>
<doc>Fails if ``key`` is not found from ``dictionary``.</doc>
<status status="PASS" start="2024-05-11T10:14:32.390622" elapsed="0.000417"/>
</kw>
<kw name="Log" owner="BuiltIn">
<msg time="2024-05-11T10:14:32.391736" level="INFO">{'gender': 'male', 'name': {'title': 'Mr', 'first': 'Ezra', 'last': 'Williams'}, 'location': {'street': {'number': 4003, 'name': 'Esk Street'}, 'city': 'New Plymouth', 'state': 'Nelson', 'country': 'New Zealand', 'postcode': 32276, 'coordinates': {'latitude': '54.7862', 'longitude': '-111.3533'}, 'timezone': {'offset': '0:00', 'description': 'Western Europe Time, London, Lisbon, Casablanca'}}, 'email': 'ezra.williams@example.com', 'login': {'uuid': '5e664973-b92f-4e19-aa78-661294ddd03d', 'username': 'lazylion487', 'password': 'nelson', 'salt': 'SLj84gLy', 'md5': '0a1521764031a515f092c76ffffc85dd', 'sha1': 'd01bfcf884e2f0b7769aef04f53aea99882856d5', 'sha256': '4273ea9ac4738ff04d7015a221d4523abde0ed08b11f964e6aec9341724819a4'}, 'dob': {'date': '1968-05-09T11:21:49.382Z', 'age': 56}, 'registered': {'date': '2004-09-12T20:30:08.117Z', 'age': 19}, 'phone': '(628)-880-2858', 'cell': '(145)-241-9461', 'id': {'name': '', 'value': None}, 'picture': {'large': 'https://randomuser.me/api/portraits/men/13.jpg', 'medium': 'https://randomuser.me/api/portraits/med/men/13.jpg', 'thumbnail': 'https://randomuser.me/api/portraits/thumb/men/13.jpg'}, 'nat': 'NZ'}</msg>
<arg>${json_data['results'][0]}</arg>
<doc>Logs the given message with the given level.</doc>
<status status="PASS" start="2024-05-11T10:14:32.391374" elapsed="0.000409"/>
</kw>
<kw name="Log" owner="BuiltIn">
<msg time="2024-05-11T10:14:32.392227" level="INFO">name</msg>
<arg>${key}</arg>
<doc>Logs the given message with the given level.</doc>
<status status="PASS" start="2024-05-11T10:14:32.392096" elapsed="0.000168"/>
</kw>
<var name="${key}">name</var>
<status status="PASS" start="2024-05-11T10:14:32.390505" elapsed="0.001976"/>
</iter>
<iter>
<kw name="Dictionary Should Contain Key" owner="Collections">
<msg time="2024-05-11T10:14:32.393164" level="INFO">False</msg>
<arg>${json_data['results'][0]}</arg>
<arg>${key}</arg>
<doc>Fails if ``key`` is not found from ``dictionary``.</doc>
<status status="PASS" start="2024-05-11T10:14:32.392771" elapsed="0.000430"/>
</kw>
<kw name="Log" owner="BuiltIn">
<msg time="2024-05-11T10:14:32.393856" level="INFO">{'gender': 'male', 'name': {'title': 'Mr', 'first': 'Ezra', 'last': 'Williams'}, 'location': {'street': {'number': 4003, 'name': 'Esk Street'}, 'city': 'New Plymouth', 'state': 'Nelson', 'country': 'New Zealand', 'postcode': 32276, 'coordinates': {'latitude': '54.7862', 'longitude': '-111.3533'}, 'timezone': {'offset': '0:00', 'description': 'Western Europe Time, London, Lisbon, Casablanca'}}, 'email': 'ezra.williams@example.com', 'login': {'uuid': '5e664973-b92f-4e19-aa78-661294ddd03d', 'username': 'lazylion487', 'password': 'nelson', 'salt': 'SLj84gLy', 'md5': '0a1521764031a515f092c76ffffc85dd', 'sha1': 'd01bfcf884e2f0b7769aef04f53aea99882856d5', 'sha256': '4273ea9ac4738ff04d7015a221d4523abde0ed08b11f964e6aec9341724819a4'}, 'dob': {'date': '1968-05-09T11:21:49.382Z', 'age': 56}, 'registered': {'date': '2004-09-12T20:30:08.117Z', 'age': 19}, 'phone': '(628)-880-2858', 'cell': '(145)-241-9461', 'id': {'name': '', 'value': None}, 'picture': {'large': 'https://randomuser.me/api/portraits/men/13.jpg', 'medium': 'https://randomuser.me/api/portraits/med/men/13.jpg', 'thumbnail': 'https://randomuser.me/api/portraits/thumb/men/13.jpg'}, 'nat': 'NZ'}</msg>
<arg>${json_data['results'][0]}</arg>
<doc>Logs the given message with the given level.</doc>
<status status="PASS" start="2024-05-11T10:14:32.393497" elapsed="0.000406"/>
</kw>
<kw name="Log" owner="BuiltIn">
<msg time="2024-05-11T10:14:32.394319" level="INFO">location</msg>
<arg>${key}</arg>
<doc>Logs the given message with the given level.</doc>
<status status="PASS" start="2024-05-11T10:14:32.394194" elapsed="0.000161"/>
</kw>
<var name="${key}">location</var>
<status status="PASS" start="2024-05-11T10:14:32.392660" elapsed="0.001909"/>
</iter>
<iter>
<kw name="Dictionary Should Contain Key" owner="Collections">
<msg time="2024-05-11T10:14:32.395232" level="INFO">False</msg>
<arg>${json_data['results'][0]}</arg>
<arg>${key}</arg>
<doc>Fails if ``key`` is not found from ``dictionary``.</doc>
<status status="PASS" start="2024-05-11T10:14:32.394852" elapsed="0.000418"/>
</kw>
<kw name="Log" owner="BuiltIn">
<msg time="2024-05-11T10:14:32.395933" level="INFO">{'gender': 'male', 'name': {'title': 'Mr', 'first': 'Ezra', 'last': 'Williams'}, 'location': {'street': {'number': 4003, 'name': 'Esk Street'}, 'city': 'New Plymouth', 'state': 'Nelson', 'country': 'New Zealand', 'postcode': 32276, 'coordinates': {'latitude': '54.7862', 'longitude': '-111.3533'}, 'timezone': {'offset': '0:00', 'description': 'Western Europe Time, London, Lisbon, Casablanca'}}, 'email': 'ezra.williams@example.com', 'login': {'uuid': '5e664973-b92f-4e19-aa78-661294ddd03d', 'username': 'lazylion487', 'password': 'nelson', 'salt': 'SLj84gLy', 'md5': '0a1521764031a515f092c76ffffc85dd', 'sha1': 'd01bfcf884e2f0b7769aef04f53aea99882856d5', 'sha256': '4273ea9ac4738ff04d7015a221d4523abde0ed08b11f964e6aec9341724819a4'}, 'dob': {'date': '1968-05-09T11:21:49.382Z', 'age': 56}, 'registered': {'date': '2004-09-12T20:30:08.117Z', 'age': 19}, 'phone': '(628)-880-2858', 'cell': '(145)-241-9461', 'id': {'name': '', 'value': None}, 'picture': {'large': 'https://randomuser.me/api/portraits/men/13.jpg', 'medium': 'https://randomuser.me/api/portraits/med/men/13.jpg', 'thumbnail': 'https://randomuser.me/api/portraits/thumb/men/13.jpg'}, 'nat': 'NZ'}</msg>
<arg>${json_data['results'][0]}</arg>
<doc>Logs the given message with the given level.</doc>
<status status="PASS" start="2024-05-11T10:14:32.395568" elapsed="0.000413"/>
</kw>
<kw name="Log" owner="BuiltIn">
<msg time="2024-05-11T10:14:32.396421" level="INFO">email</msg>
<arg>${key}</arg>
<doc>Logs the given message with the given level.</doc>
<status status="PASS" start="2024-05-11T10:14:32.396295" elapsed="0.000163"/>
</kw>
<var name="${key}">email</var>
<status status="PASS" start="2024-05-11T10:14:32.394742" elapsed="0.001933"/>
</iter>
<iter>
<kw name="Dictionary Should Contain Key" owner="Collections">
<msg time="2024-05-11T10:14:32.397351" level="INFO">False</msg>
<arg>${json_data['results'][0]}</arg>
<arg>${key}</arg>
<doc>Fails if ``key`` is not found from ``dictionary``.</doc>
<status status="PASS" start="2024-05-11T10:14:32.396957" elapsed="0.000432"/>
</kw>
<kw name="Log" owner="BuiltIn">
<msg time="2024-05-11T10:14:32.398050" level="INFO">{'gender': 'male', 'name': {'title': 'Mr', 'first': 'Ezra', 'last': 'Williams'}, 'location': {'street': {'number': 4003, 'name': 'Esk Street'}, 'city': 'New Plymouth', 'state': 'Nelson', 'country': 'New Zealand', 'postcode': 32276, 'coordinates': {'latitude': '54.7862', 'longitude': '-111.3533'}, 'timezone': {'offset': '0:00', 'description': 'Western Europe Time, London, Lisbon, Casablanca'}}, 'email': 'ezra.williams@example.com', 'login': {'uuid': '5e664973-b92f-4e19-aa78-661294ddd03d', 'username': 'lazylion487', 'password': 'nelson', 'salt': 'SLj84gLy', 'md5': '0a1521764031a515f092c76ffffc85dd', 'sha1': 'd01bfcf884e2f0b7769aef04f53aea99882856d5', 'sha256': '4273ea9ac4738ff04d7015a221d4523abde0ed08b11f964e6aec9341724819a4'}, 'dob': {'date': '1968-05-09T11:21:49.382Z', 'age': 56}, 'registered': {'date': '2004-09-12T20:30:08.117Z', 'age': 19}, 'phone': '(628)-880-2858', 'cell': '(145)-241-9461', 'id': {'name': '', 'value': None}, 'picture': {'large': 'https://randomuser.me/api/portraits/men/13.jpg', 'medium': 'https://randomuser.me/api/portraits/med/men/13.jpg', 'thumbnail': 'https://randomuser.me/api/portraits/thumb/men/13.jpg'}, 'nat': 'NZ'}</msg>
<arg>${json_data['results'][0]}</arg>
<doc>Logs the given message with the given level.</doc>
<status status="PASS" start="2024-05-11T10:14:32.397681" elapsed="0.000417"/>
</kw>
<kw name="Log" owner="BuiltIn">
<msg time="2024-05-11T10:14:32.398522" level="INFO">login</msg>
<arg>${key}</arg>
<doc>Logs the given message with the given level.</doc>
<status status="PASS" start="2024-05-11T10:14:32.398394" elapsed="0.000166"/>
</kw>
<var name="${key}">login</var>
<status status="PASS" start="2024-05-11T10:14:32.396847" elapsed="0.001954"/>
</iter>
<var>${key}</var>
<value>@{expected_keys}</value>
<status status="PASS" start="2024-05-11T10:14:32.388157" elapsed="0.010787"/>
</for>
<kw name="Create List" owner="BuiltIn">
<msg time="2024-05-11T10:14:32.399273" level="INFO">${expected_keysTwo} = ['username', 'password']</msg>
<var>${expected_keysTwo}</var>
<arg>username</arg>
<arg>password</arg>
<doc>Returns a list containing given items.</doc>
<status status="PASS" start="2024-05-11T10:14:32.399138" elapsed="0.000158"/>
</kw>
<for flavor="IN">
<iter>
<kw name="Dictionary Should Contain Key" owner="Collections">
<msg time="2024-05-11T10:14:32.400208" level="INFO">False</msg>
<arg>${json_data['results'][0]['login']}</arg>
<arg>${keyTwo}</arg>
<doc>Fails if ``key`` is not found from ``dictionary``.</doc>
<status status="PASS" start="2024-05-11T10:14:32.399793" elapsed="0.000453"/>
</kw>
<kw name="Dictionary Should Contain Key" owner="Collections">
<msg time="2024-05-11T10:14:32.400927" level="INFO">False</msg>
<arg>${json_data['results'][0]['login']}</arg>
<arg>${keyTwo}</arg>
<doc>Fails if ``key`` is not found from ``dictionary``.</doc>
<status status="PASS" start="2024-05-11T10:14:32.400545" elapsed="0.000420"/>
</kw>
<kw name="Log" owner="BuiltIn">
<msg time="2024-05-11T10:14:32.401384" level="INFO">username</msg>
<arg>${keyTwo}</arg>
<doc>Logs the given message with the given level.</doc>
<status status="PASS" start="2024-05-11T10:14:32.401258" elapsed="0.000169"/>
</kw>
<var name="${keyTwo}">username</var>
<status status="PASS" start="2024-05-11T10:14:32.399683" elapsed="0.001960"/>
</iter>
<iter>
<kw name="Dictionary Should Contain Key" owner="Collections">
<msg time="2024-05-11T10:14:32.402394" level="INFO">False</msg>
<arg>${json_data['results'][0]['login']}</arg>
<arg>${keyTwo}</arg>
<doc>Fails if ``key`` is not found from ``dictionary``.</doc>
<status status="PASS" start="2024-05-11T10:14:32.401926" elapsed="0.000509"/>
</kw>
<kw name="Dictionary Should Contain Key" owner="Collections">
<msg time="2024-05-11T10:14:32.403132" level="INFO">False</msg>
<arg>${json_data['results'][0]['login']}</arg>
<arg>${keyTwo}</arg>
<doc>Fails if ``key`` is not found from ``dictionary``.</doc>
<status status="PASS" start="2024-05-11T10:14:32.402728" elapsed="0.000441"/>
</kw>
<kw name="Log" owner="BuiltIn">
<msg time="2024-05-11T10:14:32.403589" level="INFO">password</msg>
<arg>${keyTwo}</arg>
<doc>Logs the given message with the given level.</doc>
<status status="PASS" start="2024-05-11T10:14:32.403464" elapsed="0.000163"/>
</kw>
<var name="${keyTwo}">password</var>
<status status="PASS" start="2024-05-11T10:14:32.401817" elapsed="0.002019"/>
</iter>
<var>${keyTwo}</var>
<value>@{expected_keysTwo}</value>
<status status="PASS" start="2024-05-11T10:14:32.399530" elapsed="0.004428"/>
</for>
<status status="PASS" start="2024-05-11T10:14:32.293378" elapsed="0.110743"/>
</kw>
<doc>Testa a estrutura da resposta da API.</doc>
<tag>testeEstruturaResposta</tag>
<status status="PASS" start="2024-05-11T10:14:32.292879" elapsed="0.111406"/>
</test>
<test id="s1-s1-t4" name="Validar tipos de dados" line="28">
<kw name="Teste de Tipos de Dados" owner="random-user-service">
<kw name="GET On Session" owner="RequestsLibrary">
<msg time="2024-05-11T10:14:32.478415" level="INFO">GET Request : url=https://randomuser.me/api 
 path_url=/api 
 headers={'User-Agent': 'python-requests/2.31.0', 'Accept-Encoding': 'gzip, deflate', 'Accept': '*/*', 'Connection': 'keep-alive'} 
 body=None 
 </msg>
<msg time="2024-05-11T10:14:32.478493" level="INFO">GET Response : url=https://randomuser.me/api 
 status=200, reason=OK 
 headers={'Date': 'Sat, 11 May 2024 10:14:32 GMT', 'Content-Type': 'application/json; charset=utf-8', 'Transfer-Encoding': 'chunked', 'Connection': 'keep-alive', 'X-Powered-By': 'Express', 'Access-Control-Allow-Origin': '*', 'Cache-Control': 'no-cache', 'ETag': 'W/"4a8-fYRlLcn7ZGASNBit+x+qPBmGoHg"', 'Vary': 'Accept-Encoding', 'Content-Encoding': 'gzip', 'CF-Cache-Status': 'DYNAMIC', 'Report-To': '{"endpoints":[{"url":"https:\\/\\/a.nel.cloudflare.com\\/report\\/v4?s=4rGoNBCZe9OWdYpzuwd22myxwFKdx8939RfKppkyuSR2s2BpCYOnbU4T3v1qxg8777CeFvvARuouAVxv1Nb7v5bC4NNSbRaISUd47wQFOwnVNoLUbNyYgY68LqaaTATS"}],"group":"cf-nel","max_age":604800}', 'NEL': '{"success_fraction":0,"report_to":"cf-nel","max_age":604800}', 'Server': 'cloudflare', 'CF-RAY': '882167148bf90597-IAD', 'alt-svc': 'h3=":443"; ma=86400'} 
 body={"results":[{"gender":"male","name":{"title":"Mr","first":"Tillmann","last":"Wittenberg"},"location":{"street":{"number":6555,"name":"Neue Straße"},"city":"Wassertrüdingen","state":"Sachsen","country":"Germany","postcode":27833,"coordinates":{"latitude":"-49.6374","longitude":"-45.8137"},"timezone":{"offset":"-4:00","description":"Atlantic Time (Canada), Caracas, La Paz"}},"email":"tillmann.wittenberg@example.com","login":{"uuid":"ef4abec3-cb9b-4fa9-9725-d01bab6e52e7","username":"blackfrog869","password":"hoosier","salt":"VTMR8OMe","md5":"ef7f224da4ce4ee56753dc3c71d288cc","sha1":"df8b55fdab0ecbec8f84dd8bb435cf2dfaa8b201","sha256":"bc560f0a4954639833642170853d3f57efe0563d47d237583b0825e9ff7239d1"},"dob":{"date":"1946-06-26T07:34:36.656Z","age":77},"registered":{"date":"2003-11-12T14:14:12.143Z","age":20},"phone":"0664-9319447","cell":"0179-7507254","id":{"name":"SVNR","value":"17 260646 W 213"},"picture":{"large":"https://randomuser.me/api/portraits/men/69.jpg","medium":"https://randomuser.me/api/portraits/med/men/69.jpg","thumbnail":"https://randomuser.me/api/portraits/thumb/men/69.jpg"},"nat":"DE"}],"info":{"seed":"7c0bffa882dfe14e","results":1,"page":1,"version":"1.4"}} 
 </msg>
<msg time="2024-05-11T10:14:32.478564" level="INFO">/opt/hostedtoolcache/Python/3.12.3/x64/lib/python3.12/site-packages/urllib3/connectionpool.py:1103: InsecureRequestWarning: Unverified HTTPS request is being made to host 'randomuser.me'. Adding certificate verification is strongly advised. See: https://urllib3.readthedocs.io/en/latest/advanced-usage.html#tls-warnings
  warnings.warn(</msg>
<msg time="2024-05-11T10:14:32.478671" level="INFO">${response} = &lt;Response [200]&gt;</msg>
<var>${response}</var>
<arg>consultarAPI</arg>
<arg>/api</arg>
<doc>Sends a GET request on a previously created HTTP Session.</doc>
<status status="PASS" start="2024-05-11T10:14:32.406717" elapsed="0.072005"/>
</kw>
<kw name="Set Variable" owner="BuiltIn">
<msg time="2024-05-11T10:14:32.479820" level="INFO">${json_data} = {'results': [{'gender': 'male', 'name': {'title': 'Mr', 'first': 'Tillmann', 'last': 'Wittenberg'}, 'location': {'street': {'number': 6555, 'name': 'Neue Straße'}, 'city': 'Wassertrüdingen', 'state': ...</msg>
<var>${json_data}</var>
<arg>${response.json()}</arg>
<doc>Returns the given values which can then be assigned to a variables.</doc>
<status status="PASS" start="2024-05-11T10:14:32.479244" elapsed="0.000606"/>
</kw>
<kw name="Log" owner="BuiltIn">
<msg time="2024-05-11T10:14:32.480353" level="INFO">{'results': [{'gender': 'male', 'name': {'title': 'Mr', 'first': 'Tillmann', 'last': 'Wittenberg'}, 'location': {'street': {'number': 6555, 'name': 'Neue Straße'}, 'city': 'Wassertrüdingen', 'state': 'Sachsen', 'country': 'Germany', 'postcode': 27833, 'coordinates': {'latitude': '-49.6374', 'longitude': '-45.8137'}, 'timezone': {'offset': '-4:00', 'description': 'Atlantic Time (Canada), Caracas, La Paz'}}, 'email': 'tillmann.wittenberg@example.com', 'login': {'uuid': 'ef4abec3-cb9b-4fa9-9725-d01bab6e52e7', 'username': 'blackfrog869', 'password': 'hoosier', 'salt': 'VTMR8OMe', 'md5': 'ef7f224da4ce4ee56753dc3c71d288cc', 'sha1': 'df8b55fdab0ecbec8f84dd8bb435cf2dfaa8b201', 'sha256': 'bc560f0a4954639833642170853d3f57efe0563d47d237583b0825e9ff7239d1'}, 'dob': {'date': '1946-06-26T07:34:36.656Z', 'age': 77}, 'registered': {'date': '2003-11-12T14:14:12.143Z', 'age': 20}, 'phone': '0664-9319447', 'cell': '0179-7507254', 'id': {'name': 'SVNR', 'value': '17 260646 W 213'}, 'picture': {'large': 'https://randomuser.me/api/portraits/men/69.jpg', 'medium': 'https://randomuser.me/api/portraits/med/men/69.jpg', 'thumbnail': 'https://randomuser.me/api/portraits/thumb/men/69.jpg'}, 'nat': 'DE'}], 'info': {'seed': '7c0bffa882dfe14e', 'results': 1, 'page': 1, 'version': '1.4'}}</msg>
<arg>${json_data}</arg>
<doc>Logs the given message with the given level.</doc>
<status status="PASS" start="2024-05-11T10:14:32.480192" elapsed="0.000247"/>
</kw>
<kw name="Should Be String" owner="String">
<arg>${json_data['results'][0]['gender']}</arg>
<doc>Fails if the given ``item`` is not a string.</doc>
<status status="PASS" start="2024-05-11T10:14:32.480741" elapsed="0.000364"/>
</kw>
<kw name="Should Match Regexp" owner="BuiltIn">
<arg>${json_data['results'][0]['email']}</arg>
<arg>^[a-zA-Z0-9._%+-]+@[a-zA-Z0-9.-]+\.[a-zA-Z]{2,}$</arg>
<doc>Fails if ``string`` does not match ``pattern`` as a regular expression.</doc>
<status status="PASS" start="2024-05-11T10:14:32.481299" elapsed="0.000511"/>
</kw>
<kw name="Should Match Regexp" owner="BuiltIn">
<arg>${json_data['results'][0]['dob']['date']}</arg>
<arg>\\d{4}-\\d{2}-\\d{2}T\\d{2}:\\d{2}:\\d{2}\\.\\d{3}Z</arg>
<doc>Fails if ``string`` does not match ``pattern`` as a regular expression.</doc>
<status status="PASS" start="2024-05-11T10:14:32.482005" elapsed="0.000492"/>
</kw>
<kw name="Should Match Regexp" owner="BuiltIn">
<arg>${json_data['results'][0]['registered']['date']}</arg>
<arg>\\d{4}-\\d{2}-\\d{2}T\\d{2}:\\d{2}:\\d{2}\\.\\d{3}Z</arg>
<doc>Fails if ``string`` does not match ``pattern`` as a regular expression.</doc>
<status status="PASS" start="2024-05-11T10:14:32.482689" elapsed="0.000372"/>
</kw>
<kw name="Should Match Regexp" owner="BuiltIn">
<arg>${json_data['results'][0]['picture']['large']}</arg>
<arg>^https?://.*\.(?:png|jpe?g|gif|bmp)$</arg>
<doc>Fails if ``string`` does not match ``pattern`` as a regular expression.</doc>
<status status="PASS" start="2024-05-11T10:14:32.483253" elapsed="0.000459"/>
</kw>
<kw name="Should Match Regexp" owner="BuiltIn">
<arg>${json_data['results'][0]['picture']['medium']}</arg>
<arg>^https?://.*\.(?:png|jpe?g|gif|bmp)$</arg>
<doc>Fails if ``string`` does not match ``pattern`` as a regular expression.</doc>
<status status="PASS" start="2024-05-11T10:14:32.483903" elapsed="0.000408"/>
</kw>
<kw name="Should Match Regexp" owner="BuiltIn">
<arg>${json_data['results'][0]['picture']['thumbnail']}</arg>
<arg>^https?://.*\.(?:png|jpe?g|gif|bmp)$</arg>
<doc>Fails if ``string`` does not match ``pattern`` as a regular expression.</doc>
<status status="PASS" start="2024-05-11T10:14:32.484507" elapsed="0.000358"/>
</kw>
<kw name="Log" owner="BuiltIn">
<msg time="2024-05-11T10:14:32.485377" level="INFO">{'large': 'https://randomuser.me/api/portraits/men/69.jpg', 'medium': 'https://randomuser.me/api/portraits/med/men/69.jpg', 'thumbnail': 'https://randomuser.me/api/portraits/thumb/men/69.jpg'}</msg>
<arg>${json_data['results'][0]['picture']}</arg>
<doc>Logs the given message with the given level.</doc>
<status status="PASS" start="2024-05-11T10:14:32.485051" elapsed="0.000369"/>
</kw>
<status status="PASS" start="2024-05-11T10:14:32.406492" elapsed="0.079186"/>
</kw>
<kw name="Teste de Tipos de Dados - Postcode" owner="random-user-service">
<kw name="GET On Session" owner="RequestsLibrary">
<msg time="2024-05-11T10:14:32.579386" level="INFO">GET Request : url=https://randomuser.me/api 
 path_url=/api 
 headers={'User-Agent': 'python-requests/2.31.0', 'Accept-Encoding': 'gzip, deflate', 'Accept': '*/*', 'Connection': 'keep-alive'} 
 body=None 
 </msg>
<msg time="2024-05-11T10:14:32.579464" level="INFO">GET Response : url=https://randomuser.me/api 
 status=200, reason=OK 
 headers={'Date': 'Sat, 11 May 2024 10:14:32 GMT', 'Content-Type': 'application/json; charset=utf-8', 'Transfer-Encoding': 'chunked', 'Connection': 'keep-alive', 'X-Powered-By': 'Express', 'Access-Control-Allow-Origin': '*', 'Cache-Control': 'no-cache', 'ETag': 'W/"492-q1hQdsZvg+uHwUcbLSI3s5QJw30"', 'Vary': 'Accept-Encoding', 'Content-Encoding': 'gzip', 'CF-Cache-Status': 'DYNAMIC', 'Report-To': '{"endpoints":[{"url":"https:\\/\\/a.nel.cloudflare.com\\/report\\/v4?s=%2FOvjC95slFAzrfT0RABUoyRKkGVMrWv1xGT07d%2FoHgyL8trZlTQmMWN1pKOVtAGDOw%2BqkxnZUC%2FSmsOBw00ENW1efXfiDwZwObGX0XjOJ4Ew%2FbolcaU7RwkeFc6%2BF95w"}],"group":"cf-nel","max_age":604800}', 'NEL': '{"success_fraction":0,"report_to":"cf-nel","max_age":604800}', 'Server': 'cloudflare', 'CF-RAY': '882167150c4b0597-IAD', 'alt-svc': 'h3=":443"; ma=86400'} 
 body={"results":[{"gender":"male","name":{"title":"Mr","first":"Alberto","last":"Ocasio"},"location":{"street":{"number":8083,"name":"Calle Valle"},"city":"Ejutla de Crespo","state":"Morelos","country":"Mexico","postcode":46367,"coordinates":{"latitude":"28.6460","longitude":"-121.6939"},"timezone":{"offset":"+2:00","description":"Kaliningrad, South Africa"}},"email":"alberto.ocasio@example.com","login":{"uuid":"0a8c3386-b4b2-43d3-943a-4ee5b2d4e57b","username":"blueostrich378","password":"diggler","salt":"UrQlo2lY","md5":"51dfdaff6431e5d5447a747302a3dad6","sha1":"20d1213f7304f2ad6cf1fbdd86bda01132f44042","sha256":"66c8a0da35fd7edf53755c73a01dc9ecb716acb12d0ee4a20024401ce9b765de"},"dob":{"date":"1996-06-26T22:06:35.251Z","age":27},"registered":{"date":"2020-05-12T10:52:42.871Z","age":3},"phone":"(671) 829 3466","cell":"(681) 443 6473","id":{"name":"NSS","value":"45 40 29 7774 2"},"picture":{"large":"https://randomuser.me/api/portraits/men/37.jpg","medium":"https://randomuser.me/api/portraits/med/men/37.jpg","thumbnail":"https://randomuser.me/api/portraits/thumb/men/37.jpg"},"nat":"MX"}],"info":{"seed":"5d54b397bde74c85","results":1,"page":1,"version":"1.4"}} 
 </msg>
<msg time="2024-05-11T10:14:32.579525" level="INFO">/opt/hostedtoolcache/Python/3.12.3/x64/lib/python3.12/site-packages/urllib3/connectionpool.py:1103: InsecureRequestWarning: Unverified HTTPS request is being made to host 'randomuser.me'. Adding certificate verification is strongly advised. See: https://urllib3.readthedocs.io/en/latest/advanced-usage.html#tls-warnings
  warnings.warn(</msg>
<msg time="2024-05-11T10:14:32.579634" level="INFO">${response} = &lt;Response [200]&gt;</msg>
<var>${response}</var>
<arg>consultarAPI</arg>
<arg>/api</arg>
<doc>Sends a GET request on a previously created HTTP Session.</doc>
<status status="PASS" start="2024-05-11T10:14:32.486114" elapsed="0.093560"/>
</kw>
<kw name="Set Variable" owner="BuiltIn">
<msg time="2024-05-11T10:14:32.580811" level="INFO">${json_data} = {'results': [{'gender': 'male', 'name': {'title': 'Mr', 'first': 'Alberto', 'last': 'Ocasio'}, 'location': {'street': {'number': 8083, 'name': 'Calle Valle'}, 'city': 'Ejutla de Crespo', 'state': 'Mor...</msg>
<var>${json_data}</var>
<arg>${response.json()}</arg>
<doc>Returns the given values which can then be assigned to a variables.</doc>
<status status="PASS" start="2024-05-11T10:14:32.580228" elapsed="0.000610"/>
</kw>
<kw name="Log" owner="BuiltIn">
<msg time="2024-05-11T10:14:32.581299" level="INFO">{'results': [{'gender': 'male', 'name': {'title': 'Mr', 'first': 'Alberto', 'last': 'Ocasio'}, 'location': {'street': {'number': 8083, 'name': 'Calle Valle'}, 'city': 'Ejutla de Crespo', 'state': 'Morelos', 'country': 'Mexico', 'postcode': 46367, 'coordinates': {'latitude': '28.6460', 'longitude': '-121.6939'}, 'timezone': {'offset': '+2:00', 'description': 'Kaliningrad, South Africa'}}, 'email': 'alberto.ocasio@example.com', 'login': {'uuid': '0a8c3386-b4b2-43d3-943a-4ee5b2d4e57b', 'username': 'blueostrich378', 'password': 'diggler', 'salt': 'UrQlo2lY', 'md5': '51dfdaff6431e5d5447a747302a3dad6', 'sha1': '20d1213f7304f2ad6cf1fbdd86bda01132f44042', 'sha256': '66c8a0da35fd7edf53755c73a01dc9ecb716acb12d0ee4a20024401ce9b765de'}, 'dob': {'date': '1996-06-26T22:06:35.251Z', 'age': 27}, 'registered': {'date': '2020-05-12T10:52:42.871Z', 'age': 3}, 'phone': '(671) 829 3466', 'cell': '(681) 443 6473', 'id': {'name': 'NSS', 'value': '45 40 29 7774 2'}, 'picture': {'large': 'https://randomuser.me/api/portraits/men/37.jpg', 'medium': 'https://randomuser.me/api/portraits/med/men/37.jpg', 'thumbnail': 'https://randomuser.me/api/portraits/thumb/men/37.jpg'}, 'nat': 'MX'}], 'info': {'seed': '5d54b397bde74c85', 'results': 1, 'page': 1, 'version': '1.4'}}</msg>
<arg>${json_data}</arg>
<doc>Logs the given message with the given level.</doc>
<status status="PASS" start="2024-05-11T10:14:32.581144" elapsed="0.000233"/>
</kw>
<kw name="Should Be Equal As Numbers" owner="BuiltIn">
<arg>${json_data['results'][0]['location']['postcode']}</arg>
<arg>${json_data['results'][0]['location']['postcode']}</arg>
<doc>Fails if objects are unequal after converting them to real numbers.</doc>
<status status="PASS" start="2024-05-11T10:14:32.581830" elapsed="0.000621"/>
</kw>
<kw name="Log" owner="BuiltIn">
<msg time="2024-05-11T10:14:32.582977" level="INFO">46367</msg>
<arg>${json_data['results'][0]['location']['postcode']}</arg>
<doc>Logs the given message with the given level.</doc>
<status status="PASS" start="2024-05-11T10:14:32.582642" elapsed="0.000375"/>
</kw>
<status status="PASS" start="2024-05-11T10:14:32.485895" elapsed="0.097373"/>
</kw>
<doc>Testa se os tipos de dados na resposta da API estão corretos.</doc>
<tag>testeTiposDados</tag>
<status status="PASS" start="2024-05-11T10:14:32.406046" elapsed="0.177386"/>
</test>
<test id="s1-s1-t5" name="Validar conteudo" line="35">
<kw name="Teste de Tipos de Conteudo" owner="random-user-service">
<kw name="GET On Session" owner="RequestsLibrary">
<msg time="2024-05-11T10:14:32.699452" level="INFO">GET Request : url=https://randomuser.me/api 
 path_url=/api 
 headers={'User-Agent': 'python-requests/2.31.0', 'Accept-Encoding': 'gzip, deflate', 'Accept': '*/*', 'Connection': 'keep-alive'} 
 body=None 
 </msg>
<msg time="2024-05-11T10:14:32.699531" level="INFO">GET Response : url=https://randomuser.me/api 
 status=200, reason=OK 
 headers={'Date': 'Sat, 11 May 2024 10:14:32 GMT', 'Content-Type': 'application/json; charset=utf-8', 'Transfer-Encoding': 'chunked', 'Connection': 'keep-alive', 'X-Powered-By': 'Express', 'Access-Control-Allow-Origin': '*', 'Cache-Control': 'no-cache', 'ETag': 'W/"4b0-h+gGS3VCyXzo1l48LLHCtajEs5Y"', 'Vary': 'Accept-Encoding', 'Content-Encoding': 'gzip', 'CF-Cache-Status': 'DYNAMIC', 'Report-To': '{"endpoints":[{"url":"https:\\/\\/a.nel.cloudflare.com\\/report\\/v4?s=nVuhqLtFLkaQBMNCF4t6R3wprlf5UgoOpxiuA2x4BN0ScDoXjNIvymmaCgs%2BBIcp9Xw1Bd2Kphx%2Fr%2BUgugAzlWXqGAQziX1N7d4BxZfUSxyv%2F5nKCZo6jv6JvvwF3xMk"}],"group":"cf-nel","max_age":604800}', 'NEL': '{"success_fraction":0,"report_to":"cf-nel","max_age":604800}', 'Server': 'cloudflare', 'CF-RAY': '88216715acae0597-IAD', 'alt-svc': 'h3=":443"; ma=86400'} 
 body={"results":[{"gender":"female","name":{"title":"Mrs","first":"Marilyn","last":"Robertson"},"location":{"street":{"number":8031,"name":"Mockingbird Ln"},"city":"Sunshine Coast","state":"Western Australia","country":"Australia","postcode":6714,"coordinates":{"latitude":"-87.7962","longitude":"81.9678"},"timezone":{"offset":"+9:00","description":"Tokyo, Seoul, Osaka, Sapporo, Yakutsk"}},"email":"marilyn.robertson@example.com","login":{"uuid":"ac7ec8ce-ee4d-4840-8d72-7307982b9b53","username":"blackladybug319","password":"joanne","salt":"6s3GrbGZ","md5":"f2457f8204cd3f7fc31f3c39c35467ff","sha1":"29d51d05aec285ed79e21ec70088736c0b8836e8","sha256":"7cf4dc602fd83c227cbca85a87ef4061827fb7639e8e7c6a83e48f274416f9a8"},"dob":{"date":"1946-06-25T01:14:28.653Z","age":77},"registered":{"date":"2012-02-18T08:59:54.596Z","age":12},"phone":"05-1757-3242","cell":"0424-047-289","id":{"name":"TFN","value":"743360093"},"picture":{"large":"https://randomuser.me/api/portraits/women/55.jpg","medium":"https://randomuser.me/api/portraits/med/women/55.jpg","thumbnail":"https://randomuser.me/api/portraits/thumb/women/55.jpg"},"nat":"AU"}],"info":{"seed":"2c5f05b941d0feea","results":1,"page":1,"version":"1.4"}} 
 </msg>
<msg time="2024-05-11T10:14:32.699598" level="INFO">/opt/hostedtoolcache/Python/3.12.3/x64/lib/python3.12/site-packages/urllib3/connectionpool.py:1103: InsecureRequestWarning: Unverified HTTPS request is being made to host 'randomuser.me'. Adding certificate verification is strongly advised. See: https://urllib3.readthedocs.io/en/latest/advanced-usage.html#tls-warnings
  warnings.warn(</msg>
<msg time="2024-05-11T10:14:32.699699" level="INFO">${response} = &lt;Response [200]&gt;</msg>
<var>${response}</var>
<arg>consultarAPI</arg>
<arg>/api</arg>
<doc>Sends a GET request on a previously created HTTP Session.</doc>
<status status="PASS" start="2024-05-11T10:14:32.585925" elapsed="0.113815"/>
</kw>
<kw name="Set Variable" owner="BuiltIn">
<msg time="2024-05-11T10:14:32.700635" level="INFO">${json_data} = {'results': [{'gender': 'female', 'name': {'title': 'Mrs', 'first': 'Marilyn', 'last': 'Robertson'}, 'location': {'street': {'number': 8031, 'name': 'Mockingbird Ln'}, 'city': 'Sunshine Coast', 'state...</msg>
<var>${json_data}</var>
<arg>${response.json()}</arg>
<doc>Returns the given values which can then be assigned to a variables.</doc>
<status status="PASS" start="2024-05-11T10:14:32.700195" elapsed="0.000468"/>
</kw>
<kw name="Set Variable" owner="BuiltIn">
<msg time="2024-05-11T10:14:32.701340" level="INFO">${name_title} = Mrs</msg>
<var>${name_title}</var>
<arg>${json_data["results"][0]["name"]["title"]}</arg>
<doc>Returns the given values which can then be assigned to a variables.</doc>
<status status="PASS" start="2024-05-11T10:14:32.700964" elapsed="0.000400"/>
</kw>
<kw name="Create List" owner="BuiltIn">
<msg time="2024-05-11T10:14:32.701806" level="INFO">${allowed_titles} = ['Mr', 'Ms', 'Miss', 'Mrs', 'Madame', 'Monsieur']</msg>
<var>${allowed_titles}</var>
<arg>Mr</arg>
<arg>Ms</arg>
<arg>Miss</arg>
<arg>Mrs</arg>
<arg>Madame</arg>
<arg>Monsieur</arg>
<doc>Returns a list containing given items.</doc>
<status status="PASS" start="2024-05-11T10:14:32.701660" elapsed="0.000169"/>
</kw>
<kw name="List Should Contain Value" owner="Collections">
<msg time="2024-05-11T10:14:32.702294" level="INFO">False</msg>
<arg>${allowed_titles}</arg>
<arg>${name_title}</arg>
<doc>Fails if the ``value`` is not found from ``list``.</doc>
<status status="PASS" start="2024-05-11T10:14:32.702124" elapsed="0.000205"/>
</kw>
<kw name="Set Variable" owner="BuiltIn">
<msg time="2024-05-11T10:14:32.702989" level="INFO">${name_country} = AU</msg>
<var>${name_country}</var>
<arg>${json_data["results"][0]["nat"]}</arg>
<doc>Returns the given values which can then be assigned to a variables.</doc>
<status status="PASS" start="2024-05-11T10:14:32.702614" elapsed="0.000399"/>
</kw>
<kw name="Create List" owner="BuiltIn">
<msg time="2024-05-11T10:14:32.703893" level="INFO">${list_country} = ['AD', 'AE', 'AF', 'AG', 'AI', 'AL', 'AM', 'AO', 'AQ', 'AR', 'AS', 'AT', 'AU', 'AW', 'AX', 'AZ', 'BA', 'BB', 'BD', 'BE', 'BF', 'BG', 'BH', 'BI', 'BJ', 'BL', 'BM', 'BN', 'BO', 'BQ', 'BR', 'BS', 'BT', '...</msg>
<var>${list_country}</var>
<arg>AD</arg>
<arg>AE</arg>
<arg>AF</arg>
<arg>AG</arg>
<arg>AI</arg>
<arg>AL</arg>
<arg>AM</arg>
<arg>AO</arg>
<arg>AQ</arg>
<arg>AR</arg>
<arg>AS</arg>
<arg>AT</arg>
<arg>AU</arg>
<arg>AW</arg>
<arg>AX</arg>
<arg>AZ</arg>
<arg>BA</arg>
<arg>BB</arg>
<arg>BD</arg>
<arg>BE</arg>
<arg>BF</arg>
<arg>BG</arg>
<arg>BH</arg>
<arg>BI</arg>
<arg>BJ</arg>
<arg>BL</arg>
<arg>BM</arg>
<arg>BN</arg>
<arg>BO</arg>
<arg>BQ</arg>
<arg>BR</arg>
<arg>BS</arg>
<arg>BT</arg>
<arg>BV</arg>
<arg>BW</arg>
<arg>BY</arg>
<arg>BZ</arg>
<arg>CA</arg>
<arg>CC</arg>
<arg>CD</arg>
<arg>CF</arg>
<arg>CG</arg>
<arg>CH</arg>
<arg>CI</arg>
<arg>CK</arg>
<arg>CL</arg>
<arg>CM</arg>
<arg>CN</arg>
<arg>CO</arg>
<arg>CR</arg>
<arg>CU</arg>
<arg>CV</arg>
<arg>CW</arg>
<arg>CX</arg>
<arg>CY</arg>
<arg>CZ</arg>
<arg>DE</arg>
<arg>DJ</arg>
<arg>DK</arg>
<arg>DM</arg>
<arg>DO</arg>
<arg>DZ</arg>
<arg>EC</arg>
<arg>EE</arg>
<arg>EG</arg>
<arg>EH</arg>
<arg>ER</arg>
<arg>ES</arg>
<arg>ET</arg>
<arg>FI</arg>
<arg>FJ</arg>
<arg>FK</arg>
<arg>FM</arg>
<arg>FO</arg>
<arg>FR</arg>
<arg>GA</arg>
<arg>GB</arg>
<arg>GD</arg>
<arg>GE</arg>
<arg>GF</arg>
<arg>GG</arg>
<arg>GH</arg>
<arg>GI</arg>
<arg>GL</arg>
<arg>GM</arg>
<arg>GN</arg>
<arg>GP</arg>
<arg>GQ</arg>
<arg>GR</arg>
<arg>GS</arg>
<arg>GT</arg>
<arg>GU</arg>
<arg>GW</arg>
<arg>GY</arg>
<arg>HK</arg>
<arg>HM</arg>
<arg>HN</arg>
<arg>HR</arg>
<arg>HT</arg>
<arg>HU</arg>
<arg>ID</arg>
<arg>IE</arg>
<arg>IL</arg>
<arg>IM</arg>
<arg>IN</arg>
<arg>IO</arg>
<arg>IQ</arg>
<arg>IR</arg>
<arg>IS</arg>
<arg>IT</arg>
<arg>JE</arg>
<arg>JM</arg>
<arg>JO</arg>
<arg>JP</arg>
<arg>KE</arg>
<arg>KG</arg>
<arg>KH</arg>
<arg>KI</arg>
<arg>KM</arg>
<arg>KN</arg>
<arg>KP</arg>
<arg>KR</arg>
<arg>KW</arg>
<arg>KY</arg>
<arg>KZ</arg>
<arg>LA</arg>
<arg>LB</arg>
<arg>LC</arg>
<arg>LI</arg>
<arg>LK</arg>
<arg>LR</arg>
<arg>LS</arg>
<arg>LT</arg>
<arg>LU</arg>
<arg>LV</arg>
<arg>LY</arg>
<arg>MA</arg>
<arg>MC</arg>
<arg>MD</arg>
<arg>ME</arg>
<arg>MF</arg>
<arg>MG</arg>
<arg>MH</arg>
<arg>MK</arg>
<arg>ML</arg>
<arg>MM</arg>
<arg>MN</arg>
<arg>MO</arg>
<arg>MP</arg>
<arg>MQ</arg>
<arg>MR</arg>
<arg>MS</arg>
<arg>MT</arg>
<arg>MU</arg>
<arg>MV</arg>
<arg>MW</arg>
<arg>MX</arg>
<arg>MY</arg>
<arg>MZ</arg>
<arg>NA</arg>
<arg>NC</arg>
<arg>NE</arg>
<arg>NF</arg>
<arg>NG</arg>
<arg>NI</arg>
<arg>NL</arg>
<arg>NO</arg>
<arg>NP</arg>
<arg>NR</arg>
<arg>NU</arg>
<arg>NZ</arg>
<arg>OM</arg>
<arg>PA</arg>
<arg>PE</arg>
<arg>PF</arg>
<arg>PG</arg>
<arg>PH</arg>
<arg>PK</arg>
<arg>PL</arg>
<arg>PM</arg>
<arg>PN</arg>
<arg>PR</arg>
<arg>PS</arg>
<arg>PT</arg>
<arg>PW</arg>
<arg>PY</arg>
<arg>QA</arg>
<arg>RE</arg>
<arg>RO</arg>
<arg>RS</arg>
<arg>RU</arg>
<arg>RW</arg>
<arg>SA</arg>
<arg>SB</arg>
<arg>SC</arg>
<arg>SD</arg>
<arg>SE</arg>
<arg>SG</arg>
<arg>SH</arg>
<arg>SI</arg>
<arg>SJ</arg>
<arg>SK</arg>
<arg>SL</arg>
<arg>SM</arg>
<arg>SN</arg>
<arg>SO</arg>
<arg>SR</arg>
<arg>SS</arg>
<arg>ST</arg>
<arg>SV</arg>
<arg>SX</arg>
<arg>SY</arg>
<arg>SZ</arg>
<arg>TC</arg>
<arg>TD</arg>
<arg>TF</arg>
<arg>TG</arg>
<arg>TH</arg>
<arg>TJ</arg>
<arg>TK</arg>
<arg>TL</arg>
<arg>TM</arg>
<arg>TN</arg>
<arg>TO</arg>
<arg>TR</arg>
<arg>TT</arg>
<arg>TV</arg>
<arg>TW</arg>
<arg>TZ</arg>
<arg>UA</arg>
<arg>UG</arg>
<arg>UM</arg>
<arg>US</arg>
<arg>UY</arg>
<arg>UZ</arg>
<arg>VA</arg>
<arg>VC</arg>
<arg>VE</arg>
<arg>VG</arg>
<arg>VI</arg>
<arg>VN</arg>
<arg>VU</arg>
<arg>WF</arg>
<arg>WS</arg>
<arg>XK</arg>
<arg>YE</arg>
<arg>YT</arg>
<arg>ZA</arg>
<arg>ZM</arg>
<arg>ZW</arg>
<doc>Returns a list containing given items.</doc>
<status status="PASS" start="2024-05-11T10:14:32.703308" elapsed="0.000610"/>
</kw>
<kw name="List Should Contain Value" owner="Collections">
<msg time="2024-05-11T10:14:32.704957" level="INFO">False</msg>
<arg>${list_country}</arg>
<arg>${name_country}</arg>
<doc>Fails if the ``value`` is not found from ``list``.</doc>
<status status="PASS" start="2024-05-11T10:14:32.704755" elapsed="0.000239"/>
</kw>
<kw name="Run Keyword If" owner="BuiltIn">
<kw name="Should Be True" owner="BuiltIn">
<arg>${True}</arg>
<doc>Fails if the given condition is not true.</doc>
<status status="PASS" start="2024-05-11T10:14:32.706065" elapsed="0.000250"/>
</kw>
<arg>${json_data["results"][0]["location"]["coordinates"]["latitude"]} &gt;= -90 and ${json_data["results"][0]["location"]["coordinates"]["latitude"]} &lt;= 90</arg>
<arg>Should Be True</arg>
<arg>${True}</arg>
<doc>Runs the given keyword with the given arguments, if ``condition`` is true.</doc>
<status status="PASS" start="2024-05-11T10:14:32.705306" elapsed="0.001141"/>
</kw>
<kw name="Run Keyword If" owner="BuiltIn">
<kw name="Should Be True" owner="BuiltIn">
<arg>${True}</arg>
<doc>Fails if the given condition is not true.</doc>
<status status="PASS" start="2024-05-11T10:14:32.707343" elapsed="0.000138"/>
</kw>
<arg>${json_data["results"][0]["location"]["coordinates"]["longitude"]} &gt;= -180 and ${json_data["results"][0]["location"]["coordinates"]["longitude"]} &lt;= 180</arg>
<arg>Should Be True</arg>
<arg>${True}</arg>
<doc>Runs the given keyword with the given arguments, if ``condition`` is true.</doc>
<status status="PASS" start="2024-05-11T10:14:32.706633" elapsed="0.000974"/>
</kw>
<status status="PASS" start="2024-05-11T10:14:32.585703" elapsed="0.122032"/>
</kw>
<doc>Testa o conteúdo específico dos campos retornados pela API.</doc>
<tag>testeConteudo</tag>
<status status="PASS" start="2024-05-11T10:14:32.585225" elapsed="0.122651"/>
</test>
<status status="PASS" start="2024-05-11T10:14:31.883968" elapsed="0.825831"/>
</suite>
<status status="PASS" start="2024-05-11T10:14:31.869702" elapsed="0.845167"/>
</suite>
<statistics>
<total>
<stat pass="5" fail="0" skip="0">All Tests</stat>
</total>
<tag>
<stat pass="1" fail="0" skip="0">testeConteudo</stat>
<stat pass="1" fail="0" skip="0">testeEstruturaResposta</stat>
<stat pass="1" fail="0" skip="0">testeRequisicaoBasica</stat>
<stat pass="1" fail="0" skip="0">testeTiposDados</stat>
</tag>
<suite>
<stat pass="5" fail="0" skip="0" id="s1" name="Tests">Tests</stat>
<stat pass="5" fail="0" skip="0" id="s1-s1" name="Random-User-Test">Tests.Random-User-Test</stat>
</suite>
</statistics>
<errors>
</errors>
</robot>
