<?xml version="1.0" encoding="UTF-8"?>
<robot generator="Robot 7.0 (Python 3.12.3 on linux)" generated="2024-06-04T03:17:22.543219" rpa="false" schemaversion="5">
<suite id="s1" name="Tests" source="/home/runner/work/ApiRandomUser/ApiRandomUser/RamdonUser/tests">
<suite id="s1-s1" name="Random-User-Test" source="/home/runner/work/ApiRandomUser/ApiRandomUser/RamdonUser/tests/random-user-test.robot">
<test id="s1-s1-t1" name="Conectar" line="13">
<kw name="Conectar API" owner="random-user-service">
<kw name="Create Session" owner="RequestsLibrary">
<msg time="2024-06-04T03:17:22.922258" level="INFO">Creating Session using : alias=consultarAPI, url=https://randomuser.me/, headers={},                     cookies={}, auth=None, timeout=None, proxies=None, verify=False,                     debug=0 </msg>
<arg>consultarAPI</arg>
<arg>${URL}</arg>
<doc>Create Session: create a HTTP session to a server</doc>
<status status="PASS" start="2024-06-04T03:17:22.922048" elapsed="0.000387"/>
</kw>
<status status="PASS" start="2024-06-04T03:17:22.920995" elapsed="0.001802"/>
</kw>
<status status="PASS" start="2024-06-04T03:17:22.920447" elapsed="0.002541"/>
</test>
<test id="s1-s1-t2" name="Validar retorno 200 e JSON Válido" line="16">
<kw name="Teste de Requisicao Basica" owner="random-user-service">
<kw name="GET On Session" owner="RequestsLibrary">
<msg time="2024-06-04T03:17:23.170123" level="INFO">GET Request : url=https://randomuser.me/api 
 path_url=/api 
 headers={'User-Agent': 'python-requests/2.32.3', 'Accept-Encoding': 'gzip, deflate', 'Accept': '*/*', 'Connection': 'keep-alive'} 
 body=None 
 </msg>
<msg time="2024-06-04T03:17:23.170234" level="INFO">GET Response : url=https://randomuser.me/api 
 status=200, reason=OK 
 headers={'Date': 'Tue, 04 Jun 2024 03:17:23 GMT', 'Content-Type': 'application/json; charset=utf-8', 'Transfer-Encoding': 'chunked', 'Connection': 'keep-alive', 'X-Powered-By': 'Express', 'Access-Control-Allow-Origin': '*', 'Cache-Control': 'no-cache', 'ETag': 'W/"48f-IapeGTGbhYQdmZRuf9tKek/kK7I"', 'Vary': 'Accept-Encoding', 'Content-Encoding': 'gzip', 'CF-Cache-Status': 'DYNAMIC', 'Report-To': '{"endpoints":[{"url":"https:\\/\\/a.nel.cloudflare.com\\/report\\/v4?s=6MuWtTvC96405VdF7nG2Amh3yHJQlNixkxMWBh1%2BOifpPGD%2BC80u%2FAMdG7Y1DB53QD20qqvLFbfF6X7TYD9PQguDJmQcILquNd1tkkYHx35a7fEcWh1PFRihdg1Kcjoi"}],"group":"cf-nel","max_age":604800}', 'NEL': '{"success_fraction":0,"report_to":"cf-nel","max_age":604800}', 'Server': 'cloudflare', 'CF-RAY': '88e4c50388bbe15f-ORD', 'alt-svc': 'h3=":443"; ma=86400'} 
 body={"results":[{"gender":"female","name":{"title":"Mademoiselle","first":"Rahel","last":"Riviere"},"location":{"street":{"number":2027,"name":"Rue de Gerland"},"city":"Rottenschwil","state":"Bern","country":"Switzerland","postcode":6016,"coordinates":{"latitude":"-55.7459","longitude":"102.1661"},"timezone":{"offset":"+3:30","description":"Tehran"}},"email":"rahel.riviere@example.com","login":{"uuid":"cdc938b3-0dd4-46ed-a54f-b43ea681c398","username":"yellowpanda371","password":"dogpound","salt":"2YrA41jw","md5":"112efa0980c6a21c30f130959991d46b","sha1":"9f181bf532f7f22a3c52aec454a542e5700e903d","sha256":"d9fda2b9fcd59a6b9bad6aa30eb2b54300b60a84e617a02f164acd2380c4903e"},"dob":{"date":"1956-05-08T00:55:52.030Z","age":68},"registered":{"date":"2020-06-17T23:54:17.387Z","age":3},"phone":"075 725 52 43","cell":"075 909 49 85","id":{"name":"AVS","value":"756.3932.6943.20"},"picture":{"large":"https://randomuser.me/api/portraits/women/61.jpg","medium":"https://randomuser.me/api/portraits/med/women/61.jpg","thumbnail":"https://randomuser.me/api/portraits/thumb/women/61.jpg"},"nat":"CH"}],"info":{"seed":"b558d131fbacf86e","results":1,"page":1,"version":"1.4"}} 
 </msg>
<msg time="2024-06-04T03:17:23.170303" level="INFO">/opt/hostedtoolcache/Python/3.12.3/x64/lib/python3.12/site-packages/urllib3/connectionpool.py:1103: InsecureRequestWarning: Unverified HTTPS request is being made to host 'randomuser.me'. Adding certificate verification is strongly advised. See: https://urllib3.readthedocs.io/en/latest/advanced-usage.html#tls-warnings
  warnings.warn(</msg>
<msg time="2024-06-04T03:17:23.170433" level="INFO">${response} = &lt;Response [200]&gt;</msg>
<var>${response}</var>
<arg>consultarAPI</arg>
<arg>/api</arg>
<doc>Sends a GET request on a previously created HTTP Session.</doc>
<status status="PASS" start="2024-06-04T03:17:22.925756" elapsed="0.244716"/>
</kw>
<kw name="Should Be Equal As Numbers" owner="BuiltIn">
<msg time="2024-06-04T03:17:23.171297" level="INFO">Argument types are:
&lt;class 'int'&gt;
&lt;class 'str'&gt;</msg>
<arg>${response.status_code}</arg>
<arg>200</arg>
<doc>Fails if objects are unequal after converting them to real numbers.</doc>
<status status="PASS" start="2024-06-04T03:17:23.170893" elapsed="0.000468"/>
</kw>
<kw name="Log" owner="BuiltIn">
<msg time="2024-06-04T03:17:23.172033" level="INFO">200</msg>
<arg>${response.status_code}</arg>
<doc>Logs the given message with the given level.</doc>
<status status="PASS" start="2024-06-04T03:17:23.171692" elapsed="0.000388"/>
</kw>
<kw name="Set Variable" owner="BuiltIn">
<msg time="2024-06-04T03:17:23.172850" level="INFO">${json_data} = {'results': [{'gender': 'female', 'name': {'title': 'Mademoiselle', 'first': 'Rahel', 'last': 'Riviere'}, 'location': {'street': {'number': 2027, 'name': 'Rue de Gerland'}, 'city': 'Rottenschwil', 'st...</msg>
<var>${json_data}</var>
<arg>${response.json()}</arg>
<doc>Returns the given values which can then be assigned to a variables.</doc>
<status status="PASS" start="2024-06-04T03:17:23.172385" elapsed="0.000496"/>
</kw>
<kw name="Dictionary Should Contain Key" owner="Collections">
<msg time="2024-06-04T03:17:23.173346" level="INFO">False</msg>
<arg>${json_data}</arg>
<arg>results</arg>
<doc>Fails if ``key`` is not found from ``dictionary``.</doc>
<status status="PASS" start="2024-06-04T03:17:23.173184" elapsed="0.000200"/>
</kw>
<status status="PASS" start="2024-06-04T03:17:22.925491" elapsed="0.248148"/>
</kw>
<doc>Testa se a API responde corretamente e retorna um objeto JSON válido.</doc>
<tag>testeRequisicaoBasica</tag>
<status status="PASS" start="2024-06-04T03:17:22.925013" elapsed="0.248795"/>
</test>
<test id="s1-s1-t3" name="Validar estrutura de resposta" line="22">
<kw name="Teste de Estrutura de Resposta" owner="random-user-service">
<kw name="GET On Session" owner="RequestsLibrary">
<msg time="2024-06-04T03:17:23.272324" level="INFO">GET Request : url=https://randomuser.me/api 
 path_url=/api 
 headers={'User-Agent': 'python-requests/2.32.3', 'Accept-Encoding': 'gzip, deflate', 'Accept': '*/*', 'Connection': 'keep-alive'} 
 body=None 
 </msg>
<msg time="2024-06-04T03:17:23.272397" level="INFO">GET Response : url=https://randomuser.me/api 
 status=200, reason=OK 
 headers={'Date': 'Tue, 04 Jun 2024 03:17:23 GMT', 'Content-Type': 'application/json; charset=utf-8', 'Transfer-Encoding': 'chunked', 'Connection': 'keep-alive', 'X-Powered-By': 'Express', 'Access-Control-Allow-Origin': '*', 'Cache-Control': 'no-cache', 'ETag': 'W/"496-rARmK6aCycXDrIp+qn73tzXfJOo"', 'Vary': 'Accept-Encoding', 'Content-Encoding': 'gzip', 'CF-Cache-Status': 'DYNAMIC', 'Report-To': '{"endpoints":[{"url":"https:\\/\\/a.nel.cloudflare.com\\/report\\/v4?s=WWmWgIu0WAxFeM8CYAMxZnL%2B74qO27Kkg0pOo2u7PKWkK3DWiCNl80yOXZ5bGug9kN31w6btZYgc8QJaPP9mkFzNxs3pvdJR63Ws7xO9xS%2FE05sQASCRwP2VF75gOA03"}],"group":"cf-nel","max_age":604800}', 'NEL': '{"success_fraction":0,"report_to":"cf-nel","max_age":604800}', 'Server': 'cloudflare', 'CF-RAY': '88e4c503d94ae15f-ORD', 'alt-svc': 'h3=":443"; ma=86400'} 
 body={"results":[{"gender":"male","name":{"title":"Mr","first":"Carmelo","last":"Barreto"},"location":{"street":{"number":1294,"name":"Calle Cepeda"},"city":"Komchen","state":"Queretaro","country":"Mexico","postcode":36603,"coordinates":{"latitude":"24.3317","longitude":"-54.0108"},"timezone":{"offset":"-3:00","description":"Brazil, Buenos Aires, Georgetown"}},"email":"carmelo.barreto@example.com","login":{"uuid":"215226a4-fd83-43ab-a267-85587f63790d","username":"greenladybug589","password":"boston1","salt":"9ZHomNU5","md5":"017fdd3d60ec46a64b80e22c1991cb4f","sha1":"64c99f45563dd2f5c8b8f2b2df5187aa1a58eafd","sha256":"62202dc6aedf35411fc5978c198f8e3668b72745e28fc027b2d7970d3a100bc3"},"dob":{"date":"1963-10-13T11:33:13.609Z","age":60},"registered":{"date":"2008-07-22T13:52:52.763Z","age":15},"phone":"(649) 424 6088","cell":"(600) 492 5931","id":{"name":"NSS","value":"98 65 84 9669 9"},"picture":{"large":"https://randomuser.me/api/portraits/men/54.jpg","medium":"https://randomuser.me/api/portraits/med/men/54.jpg","thumbnail":"https://randomuser.me/api/portraits/thumb/men/54.jpg"},"nat":"MX"}],"info":{"seed":"8707d26a4f5a7199","results":1,"page":1,"version":"1.4"}} 
 </msg>
<msg time="2024-06-04T03:17:23.272503" level="INFO">/opt/hostedtoolcache/Python/3.12.3/x64/lib/python3.12/site-packages/urllib3/connectionpool.py:1103: InsecureRequestWarning: Unverified HTTPS request is being made to host 'randomuser.me'. Adding certificate verification is strongly advised. See: https://urllib3.readthedocs.io/en/latest/advanced-usage.html#tls-warnings
  warnings.warn(</msg>
<msg time="2024-06-04T03:17:23.272614" level="INFO">${response} = &lt;Response [200]&gt;</msg>
<var>${response}</var>
<arg>consultarAPI</arg>
<arg>/api</arg>
<doc>Sends a GET request on a previously created HTTP Session.</doc>
<status status="PASS" start="2024-06-04T03:17:23.176488" elapsed="0.096165"/>
</kw>
<kw name="Set Variable" owner="BuiltIn">
<msg time="2024-06-04T03:17:23.273487" level="INFO">${json_data} = {'results': [{'gender': 'male', 'name': {'title': 'Mr', 'first': 'Carmelo', 'last': 'Barreto'}, 'location': {'street': {'number': 1294, 'name': 'Calle Cepeda'}, 'city': 'Komchen', 'state': 'Queretaro'...</msg>
<var>${json_data}</var>
<arg>${response.json()}</arg>
<doc>Returns the given values which can then be assigned to a variables.</doc>
<status status="PASS" start="2024-06-04T03:17:23.273054" elapsed="0.000462"/>
</kw>
<kw name="Log" owner="BuiltIn">
<msg time="2024-06-04T03:17:23.273980" level="INFO">{'results': [{'gender': 'male', 'name': {'title': 'Mr', 'first': 'Carmelo', 'last': 'Barreto'}, 'location': {'street': {'number': 1294, 'name': 'Calle Cepeda'}, 'city': 'Komchen', 'state': 'Queretaro', 'country': 'Mexico', 'postcode': 36603, 'coordinates': {'latitude': '24.3317', 'longitude': '-54.0108'}, 'timezone': {'offset': '-3:00', 'description': 'Brazil, Buenos Aires, Georgetown'}}, 'email': 'carmelo.barreto@example.com', 'login': {'uuid': '215226a4-fd83-43ab-a267-85587f63790d', 'username': 'greenladybug589', 'password': 'boston1', 'salt': '9ZHomNU5', 'md5': '017fdd3d60ec46a64b80e22c1991cb4f', 'sha1': '64c99f45563dd2f5c8b8f2b2df5187aa1a58eafd', 'sha256': '62202dc6aedf35411fc5978c198f8e3668b72745e28fc027b2d7970d3a100bc3'}, 'dob': {'date': '1963-10-13T11:33:13.609Z', 'age': 60}, 'registered': {'date': '2008-07-22T13:52:52.763Z', 'age': 15}, 'phone': '(649) 424 6088', 'cell': '(600) 492 5931', 'id': {'name': 'NSS', 'value': '98 65 84 9669 9'}, 'picture': {'large': 'https://randomuser.me/api/portraits/men/54.jpg', 'medium': 'https://randomuser.me/api/portraits/med/men/54.jpg', 'thumbnail': 'https://randomuser.me/api/portraits/thumb/men/54.jpg'}, 'nat': 'MX'}], 'info': {'seed': '8707d26a4f5a7199', 'results': 1, 'page': 1, 'version': '1.4'}}</msg>
<arg>${json_data}</arg>
<doc>Logs the given message with the given level.</doc>
<status status="PASS" start="2024-06-04T03:17:23.273824" elapsed="0.000202"/>
</kw>
<kw name="Dictionary Should Contain Key" owner="Collections">
<msg time="2024-06-04T03:17:23.274480" level="INFO">False</msg>
<arg>${json_data}</arg>
<arg>results</arg>
<doc>Fails if ``key`` is not found from ``dictionary``.</doc>
<status status="PASS" start="2024-06-04T03:17:23.274331" elapsed="0.000186"/>
</kw>
<kw name="Should Not Be Empty" owner="BuiltIn">
<msg time="2024-06-04T03:17:23.274941" level="INFO">Length is 2.</msg>
<arg>${json_data}</arg>
<doc>Verifies that the given item is not empty.</doc>
<status status="PASS" start="2024-06-04T03:17:23.274812" elapsed="0.000167"/>
</kw>
<kw name="Create List" owner="BuiltIn">
<msg time="2024-06-04T03:17:23.275419" level="INFO">${expected_keys} = ['gender', 'name', 'location', 'email', 'login']</msg>
<var>${expected_keys}</var>
<arg>gender</arg>
<arg>name</arg>
<arg>location</arg>
<arg>email</arg>
<arg>login</arg>
<doc>Returns a list containing given items.</doc>
<status status="PASS" start="2024-06-04T03:17:23.275274" elapsed="0.000169"/>
</kw>
<for flavor="IN">
<iter>
<kw name="Dictionary Should Contain Key" owner="Collections">
<msg time="2024-06-04T03:17:23.276400" level="INFO">False</msg>
<arg>${json_data['results'][0]}</arg>
<arg>${key}</arg>
<doc>Fails if ``key`` is not found from ``dictionary``.</doc>
<status status="PASS" start="2024-06-04T03:17:23.275998" elapsed="0.000440"/>
</kw>
<kw name="Log" owner="BuiltIn">
<msg time="2024-06-04T03:17:23.277170" level="INFO">{'gender': 'male', 'name': {'title': 'Mr', 'first': 'Carmelo', 'last': 'Barreto'}, 'location': {'street': {'number': 1294, 'name': 'Calle Cepeda'}, 'city': 'Komchen', 'state': 'Queretaro', 'country': 'Mexico', 'postcode': 36603, 'coordinates': {'latitude': '24.3317', 'longitude': '-54.0108'}, 'timezone': {'offset': '-3:00', 'description': 'Brazil, Buenos Aires, Georgetown'}}, 'email': 'carmelo.barreto@example.com', 'login': {'uuid': '215226a4-fd83-43ab-a267-85587f63790d', 'username': 'greenladybug589', 'password': 'boston1', 'salt': '9ZHomNU5', 'md5': '017fdd3d60ec46a64b80e22c1991cb4f', 'sha1': '64c99f45563dd2f5c8b8f2b2df5187aa1a58eafd', 'sha256': '62202dc6aedf35411fc5978c198f8e3668b72745e28fc027b2d7970d3a100bc3'}, 'dob': {'date': '1963-10-13T11:33:13.609Z', 'age': 60}, 'registered': {'date': '2008-07-22T13:52:52.763Z', 'age': 15}, 'phone': '(649) 424 6088', 'cell': '(600) 492 5931', 'id': {'name': 'NSS', 'value': '98 65 84 9669 9'}, 'picture': {'large': 'https://randomuser.me/api/portraits/men/54.jpg', 'medium': 'https://randomuser.me/api/portraits/med/men/54.jpg', 'thumbnail': 'https://randomuser.me/api/portraits/thumb/men/54.jpg'}, 'nat': 'MX'}</msg>
<arg>${json_data['results'][0]}</arg>
<doc>Logs the given message with the given level.</doc>
<status status="PASS" start="2024-06-04T03:17:23.276789" elapsed="0.000440"/>
</kw>
<kw name="Log" owner="BuiltIn">
<msg time="2024-06-04T03:17:23.277659" level="INFO">gender</msg>
<arg>${key}</arg>
<doc>Logs the given message with the given level.</doc>
<status status="PASS" start="2024-06-04T03:17:23.277533" elapsed="0.000163"/>
</kw>
<var name="${key}">gender</var>
<status status="PASS" start="2024-06-04T03:17:23.275873" elapsed="0.002040"/>
</iter>
<iter>
<kw name="Dictionary Should Contain Key" owner="Collections">
<msg time="2024-06-04T03:17:23.278587" level="INFO">False</msg>
<arg>${json_data['results'][0]}</arg>
<arg>${key}</arg>
<doc>Fails if ``key`` is not found from ``dictionary``.</doc>
<status status="PASS" start="2024-06-04T03:17:23.278211" elapsed="0.000413"/>
</kw>
<kw name="Log" owner="BuiltIn">
<msg time="2024-06-04T03:17:23.279306" level="INFO">{'gender': 'male', 'name': {'title': 'Mr', 'first': 'Carmelo', 'last': 'Barreto'}, 'location': {'street': {'number': 1294, 'name': 'Calle Cepeda'}, 'city': 'Komchen', 'state': 'Queretaro', 'country': 'Mexico', 'postcode': 36603, 'coordinates': {'latitude': '24.3317', 'longitude': '-54.0108'}, 'timezone': {'offset': '-3:00', 'description': 'Brazil, Buenos Aires, Georgetown'}}, 'email': 'carmelo.barreto@example.com', 'login': {'uuid': '215226a4-fd83-43ab-a267-85587f63790d', 'username': 'greenladybug589', 'password': 'boston1', 'salt': '9ZHomNU5', 'md5': '017fdd3d60ec46a64b80e22c1991cb4f', 'sha1': '64c99f45563dd2f5c8b8f2b2df5187aa1a58eafd', 'sha256': '62202dc6aedf35411fc5978c198f8e3668b72745e28fc027b2d7970d3a100bc3'}, 'dob': {'date': '1963-10-13T11:33:13.609Z', 'age': 60}, 'registered': {'date': '2008-07-22T13:52:52.763Z', 'age': 15}, 'phone': '(649) 424 6088', 'cell': '(600) 492 5931', 'id': {'name': 'NSS', 'value': '98 65 84 9669 9'}, 'picture': {'large': 'https://randomuser.me/api/portraits/men/54.jpg', 'medium': 'https://randomuser.me/api/portraits/med/men/54.jpg', 'thumbnail': 'https://randomuser.me/api/portraits/thumb/men/54.jpg'}, 'nat': 'MX'}</msg>
<arg>${json_data['results'][0]}</arg>
<doc>Logs the given message with the given level.</doc>
<status status="PASS" start="2024-06-04T03:17:23.278947" elapsed="0.000407"/>
</kw>
<kw name="Log" owner="BuiltIn">
<msg time="2024-06-04T03:17:23.279778" level="INFO">name</msg>
<arg>${key}</arg>
<doc>Logs the given message with the given level.</doc>
<status status="PASS" start="2024-06-04T03:17:23.279652" elapsed="0.000163"/>
</kw>
<var name="${key}">name</var>
<status status="PASS" start="2024-06-04T03:17:23.278097" elapsed="0.001933"/>
</iter>
<iter>
<kw name="Dictionary Should Contain Key" owner="Collections">
<msg time="2024-06-04T03:17:23.280706" level="INFO">False</msg>
<arg>${json_data['results'][0]}</arg>
<arg>${key}</arg>
<doc>Fails if ``key`` is not found from ``dictionary``.</doc>
<status status="PASS" start="2024-06-04T03:17:23.280325" elapsed="0.000445"/>
</kw>
<kw name="Log" owner="BuiltIn">
<msg time="2024-06-04T03:17:23.281441" level="INFO">{'gender': 'male', 'name': {'title': 'Mr', 'first': 'Carmelo', 'last': 'Barreto'}, 'location': {'street': {'number': 1294, 'name': 'Calle Cepeda'}, 'city': 'Komchen', 'state': 'Queretaro', 'country': 'Mexico', 'postcode': 36603, 'coordinates': {'latitude': '24.3317', 'longitude': '-54.0108'}, 'timezone': {'offset': '-3:00', 'description': 'Brazil, Buenos Aires, Georgetown'}}, 'email': 'carmelo.barreto@example.com', 'login': {'uuid': '215226a4-fd83-43ab-a267-85587f63790d', 'username': 'greenladybug589', 'password': 'boston1', 'salt': '9ZHomNU5', 'md5': '017fdd3d60ec46a64b80e22c1991cb4f', 'sha1': '64c99f45563dd2f5c8b8f2b2df5187aa1a58eafd', 'sha256': '62202dc6aedf35411fc5978c198f8e3668b72745e28fc027b2d7970d3a100bc3'}, 'dob': {'date': '1963-10-13T11:33:13.609Z', 'age': 60}, 'registered': {'date': '2008-07-22T13:52:52.763Z', 'age': 15}, 'phone': '(649) 424 6088', 'cell': '(600) 492 5931', 'id': {'name': 'NSS', 'value': '98 65 84 9669 9'}, 'picture': {'large': 'https://randomuser.me/api/portraits/men/54.jpg', 'medium': 'https://randomuser.me/api/portraits/med/men/54.jpg', 'thumbnail': 'https://randomuser.me/api/portraits/thumb/men/54.jpg'}, 'nat': 'MX'}</msg>
<arg>${json_data['results'][0]}</arg>
<doc>Logs the given message with the given level.</doc>
<status status="PASS" start="2024-06-04T03:17:23.281080" elapsed="0.000409"/>
</kw>
<kw name="Log" owner="BuiltIn">
<msg time="2024-06-04T03:17:23.281910" level="INFO">location</msg>
<arg>${key}</arg>
<doc>Logs the given message with the given level.</doc>
<status status="PASS" start="2024-06-04T03:17:23.281785" elapsed="0.000167"/>
</kw>
<var name="${key}">location</var>
<status status="PASS" start="2024-06-04T03:17:23.280208" elapsed="0.001971"/>
</iter>
<iter>
<kw name="Dictionary Should Contain Key" owner="Collections">
<msg time="2024-06-04T03:17:23.282842" level="INFO">False</msg>
<arg>${json_data['results'][0]}</arg>
<arg>${key}</arg>
<doc>Fails if ``key`` is not found from ``dictionary``.</doc>
<status status="PASS" start="2024-06-04T03:17:23.282462" elapsed="0.000422"/>
</kw>
<kw name="Log" owner="BuiltIn">
<msg time="2024-06-04T03:17:23.283538" level="INFO">{'gender': 'male', 'name': {'title': 'Mr', 'first': 'Carmelo', 'last': 'Barreto'}, 'location': {'street': {'number': 1294, 'name': 'Calle Cepeda'}, 'city': 'Komchen', 'state': 'Queretaro', 'country': 'Mexico', 'postcode': 36603, 'coordinates': {'latitude': '24.3317', 'longitude': '-54.0108'}, 'timezone': {'offset': '-3:00', 'description': 'Brazil, Buenos Aires, Georgetown'}}, 'email': 'carmelo.barreto@example.com', 'login': {'uuid': '215226a4-fd83-43ab-a267-85587f63790d', 'username': 'greenladybug589', 'password': 'boston1', 'salt': '9ZHomNU5', 'md5': '017fdd3d60ec46a64b80e22c1991cb4f', 'sha1': '64c99f45563dd2f5c8b8f2b2df5187aa1a58eafd', 'sha256': '62202dc6aedf35411fc5978c198f8e3668b72745e28fc027b2d7970d3a100bc3'}, 'dob': {'date': '1963-10-13T11:33:13.609Z', 'age': 60}, 'registered': {'date': '2008-07-22T13:52:52.763Z', 'age': 15}, 'phone': '(649) 424 6088', 'cell': '(600) 492 5931', 'id': {'name': 'NSS', 'value': '98 65 84 9669 9'}, 'picture': {'large': 'https://randomuser.me/api/portraits/men/54.jpg', 'medium': 'https://randomuser.me/api/portraits/med/men/54.jpg', 'thumbnail': 'https://randomuser.me/api/portraits/thumb/men/54.jpg'}, 'nat': 'MX'}</msg>
<arg>${json_data['results'][0]}</arg>
<doc>Logs the given message with the given level.</doc>
<status status="PASS" start="2024-06-04T03:17:23.283184" elapsed="0.000402"/>
</kw>
<kw name="Log" owner="BuiltIn">
<msg time="2024-06-04T03:17:23.284003" level="INFO">email</msg>
<arg>${key}</arg>
<doc>Logs the given message with the given level.</doc>
<status status="PASS" start="2024-06-04T03:17:23.283878" elapsed="0.000162"/>
</kw>
<var name="${key}">email</var>
<status status="PASS" start="2024-06-04T03:17:23.282351" elapsed="0.001904"/>
</iter>
<iter>
<kw name="Dictionary Should Contain Key" owner="Collections">
<msg time="2024-06-04T03:17:23.284964" level="INFO">False</msg>
<arg>${json_data['results'][0]}</arg>
<arg>${key}</arg>
<doc>Fails if ``key`` is not found from ``dictionary``.</doc>
<status status="PASS" start="2024-06-04T03:17:23.284537" elapsed="0.000465"/>
</kw>
<kw name="Log" owner="BuiltIn">
<msg time="2024-06-04T03:17:23.285655" level="INFO">{'gender': 'male', 'name': {'title': 'Mr', 'first': 'Carmelo', 'last': 'Barreto'}, 'location': {'street': {'number': 1294, 'name': 'Calle Cepeda'}, 'city': 'Komchen', 'state': 'Queretaro', 'country': 'Mexico', 'postcode': 36603, 'coordinates': {'latitude': '24.3317', 'longitude': '-54.0108'}, 'timezone': {'offset': '-3:00', 'description': 'Brazil, Buenos Aires, Georgetown'}}, 'email': 'carmelo.barreto@example.com', 'login': {'uuid': '215226a4-fd83-43ab-a267-85587f63790d', 'username': 'greenladybug589', 'password': 'boston1', 'salt': '9ZHomNU5', 'md5': '017fdd3d60ec46a64b80e22c1991cb4f', 'sha1': '64c99f45563dd2f5c8b8f2b2df5187aa1a58eafd', 'sha256': '62202dc6aedf35411fc5978c198f8e3668b72745e28fc027b2d7970d3a100bc3'}, 'dob': {'date': '1963-10-13T11:33:13.609Z', 'age': 60}, 'registered': {'date': '2008-07-22T13:52:52.763Z', 'age': 15}, 'phone': '(649) 424 6088', 'cell': '(600) 492 5931', 'id': {'name': 'NSS', 'value': '98 65 84 9669 9'}, 'picture': {'large': 'https://randomuser.me/api/portraits/men/54.jpg', 'medium': 'https://randomuser.me/api/portraits/med/men/54.jpg', 'thumbnail': 'https://randomuser.me/api/portraits/thumb/men/54.jpg'}, 'nat': 'MX'}</msg>
<arg>${json_data['results'][0]}</arg>
<doc>Logs the given message with the given level.</doc>
<status status="PASS" start="2024-06-04T03:17:23.285303" elapsed="0.000399"/>
</kw>
<kw name="Log" owner="BuiltIn">
<msg time="2024-06-04T03:17:23.286130" level="INFO">login</msg>
<arg>${key}</arg>
<doc>Logs the given message with the given level.</doc>
<status status="PASS" start="2024-06-04T03:17:23.286003" elapsed="0.000164"/>
</kw>
<var name="${key}">login</var>
<status status="PASS" start="2024-06-04T03:17:23.284426" elapsed="0.001989"/>
</iter>
<var>${key}</var>
<value>@{expected_keys}</value>
<status status="PASS" start="2024-06-04T03:17:23.275695" elapsed="0.010846"/>
</for>
<kw name="Create List" owner="BuiltIn">
<msg time="2024-06-04T03:17:23.286870" level="INFO">${expected_keysTwo} = ['username', 'password']</msg>
<var>${expected_keysTwo}</var>
<arg>username</arg>
<arg>password</arg>
<doc>Returns a list containing given items.</doc>
<status status="PASS" start="2024-06-04T03:17:23.286735" elapsed="0.000158"/>
</kw>
<for flavor="IN">
<iter>
<kw name="Dictionary Should Contain Key" owner="Collections">
<msg time="2024-06-04T03:17:23.287932" level="INFO">False</msg>
<arg>${json_data['results'][0]['login']}</arg>
<arg>${keyTwo}</arg>
<doc>Fails if ``key`` is not found from ``dictionary``.</doc>
<status status="PASS" start="2024-06-04T03:17:23.287390" elapsed="0.000580"/>
</kw>
<kw name="Dictionary Should Contain Key" owner="Collections">
<msg time="2024-06-04T03:17:23.288657" level="INFO">False</msg>
<arg>${json_data['results'][0]['login']}</arg>
<arg>${keyTwo}</arg>
<doc>Fails if ``key`` is not found from ``dictionary``.</doc>
<status status="PASS" start="2024-06-04T03:17:23.288274" elapsed="0.000420"/>
</kw>
<kw name="Log" owner="BuiltIn">
<msg time="2024-06-04T03:17:23.289148" level="INFO">username</msg>
<arg>${keyTwo}</arg>
<doc>Logs the given message with the given level.</doc>
<status status="PASS" start="2024-06-04T03:17:23.289020" elapsed="0.000165"/>
</kw>
<var name="${keyTwo}">username</var>
<status status="PASS" start="2024-06-04T03:17:23.287279" elapsed="0.002121"/>
</iter>
<iter>
<kw name="Dictionary Should Contain Key" owner="Collections">
<msg time="2024-06-04T03:17:23.290138" level="INFO">False</msg>
<arg>${json_data['results'][0]['login']}</arg>
<arg>${keyTwo}</arg>
<doc>Fails if ``key`` is not found from ``dictionary``.</doc>
<status status="PASS" start="2024-06-04T03:17:23.289681" elapsed="0.000506"/>
</kw>
<kw name="Dictionary Should Contain Key" owner="Collections">
<msg time="2024-06-04T03:17:23.290872" level="INFO">False</msg>
<arg>${json_data['results'][0]['login']}</arg>
<arg>${keyTwo}</arg>
<doc>Fails if ``key`` is not found from ``dictionary``.</doc>
<status status="PASS" start="2024-06-04T03:17:23.290488" elapsed="0.000420"/>
</kw>
<kw name="Log" owner="BuiltIn">
<msg time="2024-06-04T03:17:23.291335" level="INFO">password</msg>
<arg>${keyTwo}</arg>
<doc>Logs the given message with the given level.</doc>
<status status="PASS" start="2024-06-04T03:17:23.291209" elapsed="0.000162"/>
</kw>
<var name="${keyTwo}">password</var>
<status status="PASS" start="2024-06-04T03:17:23.289572" elapsed="0.002011"/>
</iter>
<var>${keyTwo}</var>
<value>@{expected_keysTwo}</value>
<status status="PASS" start="2024-06-04T03:17:23.287130" elapsed="0.004571"/>
</for>
<status status="PASS" start="2024-06-04T03:17:23.176120" elapsed="0.115717"/>
</kw>
<doc>Testa a estrutura da resposta da API.</doc>
<tag>testeEstruturaResposta</tag>
<status status="PASS" start="2024-06-04T03:17:23.175585" elapsed="0.116397"/>
</test>
<test id="s1-s1-t4" name="Validar tipos de dados" line="28">
<kw name="Teste de Tipos de Dados" owner="random-user-service">
<kw name="GET On Session" owner="RequestsLibrary">
<msg time="2024-06-04T03:17:23.383052" level="INFO">GET Request : url=https://randomuser.me/api 
 path_url=/api 
 headers={'User-Agent': 'python-requests/2.32.3', 'Accept-Encoding': 'gzip, deflate', 'Accept': '*/*', 'Connection': 'keep-alive'} 
 body=None 
 </msg>
<msg time="2024-06-04T03:17:23.383132" level="INFO">GET Response : url=https://randomuser.me/api 
 status=200, reason=OK 
 headers={'Date': 'Tue, 04 Jun 2024 03:17:23 GMT', 'Content-Type': 'application/json; charset=utf-8', 'Transfer-Encoding': 'chunked', 'Connection': 'keep-alive', 'X-Powered-By': 'Express', 'Access-Control-Allow-Origin': '*', 'Cache-Control': 'no-cache', 'ETag': 'W/"493-GCWkxspwrPc9y3gRSZl4Rj52MTk"', 'Vary': 'Accept-Encoding', 'Content-Encoding': 'gzip', 'CF-Cache-Status': 'DYNAMIC', 'Report-To': '{"endpoints":[{"url":"https:\\/\\/a.nel.cloudflare.com\\/report\\/v4?s=H72yiSffP%2FSuA0oktAVqquKZ7Jha1Exjm8DZOjUce%2FsH6hEXxkfe7lQdx5qPt8ezVDyWSqbeCPLCZtfU3KMTL5xqvsvdOgoFpf%2FagT%2FusKJt%2FIn%2BDyl0lwx8Eg5%2B0NGU"}],"group":"cf-nel","max_age":604800}', 'NEL': '{"success_fraction":0,"report_to":"cf-nel","max_age":604800}', 'Server': 'cloudflare', 'CF-RAY': '88e4c5049a08e15f-ORD', 'alt-svc': 'h3=":443"; ma=86400'} 
 body={"results":[{"gender":"male","name":{"title":"Mr","first":"Levi","last":"Coleman"},"location":{"street":{"number":2500,"name":"W Pecan St"},"city":"Warrnambool","state":"New South Wales","country":"Australia","postcode":6762,"coordinates":{"latitude":"-86.6011","longitude":"-165.5813"},"timezone":{"offset":"+1:00","description":"Brussels, Copenhagen, Madrid, Paris"}},"email":"levi.coleman@example.com","login":{"uuid":"a273ef3b-0ae6-4795-a3d7-e00dfeb8115e","username":"tinyladybug935","password":"claire","salt":"dP6BBJuO","md5":"fce42eb1b0a1c52e16b917078755076f","sha1":"50ad9541f466696f04f18b005daeade2bf11f71d","sha256":"16c667b595f9be87116e0ff5f1b664751efd93fe4d2d67946a2637bf20f669c5"},"dob":{"date":"1946-02-20T05:02:10.259Z","age":78},"registered":{"date":"2002-06-18T01:51:59.593Z","age":21},"phone":"09-9750-0384","cell":"0428-357-459","id":{"name":"TFN","value":"778322605"},"picture":{"large":"https://randomuser.me/api/portraits/men/86.jpg","medium":"https://randomuser.me/api/portraits/med/men/86.jpg","thumbnail":"https://randomuser.me/api/portraits/thumb/men/86.jpg"},"nat":"AU"}],"info":{"seed":"a88e18dd7ddbecfd","results":1,"page":1,"version":"1.4"}} 
 </msg>
<msg time="2024-06-04T03:17:23.383203" level="INFO">/opt/hostedtoolcache/Python/3.12.3/x64/lib/python3.12/site-packages/urllib3/connectionpool.py:1103: InsecureRequestWarning: Unverified HTTPS request is being made to host 'randomuser.me'. Adding certificate verification is strongly advised. See: https://urllib3.readthedocs.io/en/latest/advanced-usage.html#tls-warnings
  warnings.warn(</msg>
<msg time="2024-06-04T03:17:23.383337" level="INFO">${response} = &lt;Response [200]&gt;</msg>
<var>${response}</var>
<arg>consultarAPI</arg>
<arg>/api</arg>
<doc>Sends a GET request on a previously created HTTP Session.</doc>
<status status="PASS" start="2024-06-04T03:17:23.294575" elapsed="0.088826"/>
</kw>
<kw name="Set Variable" owner="BuiltIn">
<msg time="2024-06-04T03:17:23.384226" level="INFO">${json_data} = {'results': [{'gender': 'male', 'name': {'title': 'Mr', 'first': 'Levi', 'last': 'Coleman'}, 'location': {'street': {'number': 2500, 'name': 'W Pecan St'}, 'city': 'Warrnambool', 'state': 'New South W...</msg>
<var>${json_data}</var>
<arg>${response.json()}</arg>
<doc>Returns the given values which can then be assigned to a variables.</doc>
<status status="PASS" start="2024-06-04T03:17:23.383787" elapsed="0.000467"/>
</kw>
<kw name="Log" owner="BuiltIn">
<msg time="2024-06-04T03:17:23.384731" level="INFO">{'results': [{'gender': 'male', 'name': {'title': 'Mr', 'first': 'Levi', 'last': 'Coleman'}, 'location': {'street': {'number': 2500, 'name': 'W Pecan St'}, 'city': 'Warrnambool', 'state': 'New South Wales', 'country': 'Australia', 'postcode': 6762, 'coordinates': {'latitude': '-86.6011', 'longitude': '-165.5813'}, 'timezone': {'offset': '+1:00', 'description': 'Brussels, Copenhagen, Madrid, Paris'}}, 'email': 'levi.coleman@example.com', 'login': {'uuid': 'a273ef3b-0ae6-4795-a3d7-e00dfeb8115e', 'username': 'tinyladybug935', 'password': 'claire', 'salt': 'dP6BBJuO', 'md5': 'fce42eb1b0a1c52e16b917078755076f', 'sha1': '50ad9541f466696f04f18b005daeade2bf11f71d', 'sha256': '16c667b595f9be87116e0ff5f1b664751efd93fe4d2d67946a2637bf20f669c5'}, 'dob': {'date': '1946-02-20T05:02:10.259Z', 'age': 78}, 'registered': {'date': '2002-06-18T01:51:59.593Z', 'age': 21}, 'phone': '09-9750-0384', 'cell': '0428-357-459', 'id': {'name': 'TFN', 'value': '778322605'}, 'picture': {'large': 'https://randomuser.me/api/portraits/men/86.jpg', 'medium': 'https://randomuser.me/api/portraits/med/men/86.jpg', 'thumbnail': 'https://randomuser.me/api/portraits/thumb/men/86.jpg'}, 'nat': 'AU'}], 'info': {'seed': 'a88e18dd7ddbecfd', 'results': 1, 'page': 1, 'version': '1.4'}}</msg>
<arg>${json_data}</arg>
<doc>Logs the given message with the given level.</doc>
<status status="PASS" start="2024-06-04T03:17:23.384557" elapsed="0.000279"/>
</kw>
<kw name="Should Be String" owner="String">
<arg>${json_data['results'][0]['gender']}</arg>
<doc>Fails if the given ``item`` is not a string.</doc>
<status status="PASS" start="2024-06-04T03:17:23.385140" elapsed="0.000353"/>
</kw>
<kw name="Should Match Regexp" owner="BuiltIn">
<arg>${json_data['results'][0]['email']}</arg>
<arg>^[a-zA-Z0-9._%+-]+@[a-zA-Z0-9.-]+\.[a-zA-Z]{2,}$</arg>
<doc>Fails if ``string`` does not match ``pattern`` as a regular expression.</doc>
<status status="PASS" start="2024-06-04T03:17:23.385686" elapsed="0.000495"/>
</kw>
<kw name="Should Match Regexp" owner="BuiltIn">
<arg>${json_data['results'][0]['dob']['date']}</arg>
<arg>\\d{4}-\\d{2}-\\d{2}T\\d{2}:\\d{2}:\\d{2}\\.\\d{3}Z</arg>
<doc>Fails if ``string`` does not match ``pattern`` as a regular expression.</doc>
<status status="PASS" start="2024-06-04T03:17:23.386377" elapsed="0.000485"/>
</kw>
<kw name="Should Match Regexp" owner="BuiltIn">
<arg>${json_data['results'][0]['registered']['date']}</arg>
<arg>\\d{4}-\\d{2}-\\d{2}T\\d{2}:\\d{2}:\\d{2}\\.\\d{3}Z</arg>
<doc>Fails if ``string`` does not match ``pattern`` as a regular expression.</doc>
<status status="PASS" start="2024-06-04T03:17:23.387056" elapsed="0.000370"/>
</kw>
<kw name="Should Match Regexp" owner="BuiltIn">
<arg>${json_data['results'][0]['picture']['large']}</arg>
<arg>^https?://.*\.(?:png|jpe?g|gif|bmp)$</arg>
<doc>Fails if ``string`` does not match ``pattern`` as a regular expression.</doc>
<status status="PASS" start="2024-06-04T03:17:23.387631" elapsed="0.000463"/>
</kw>
<kw name="Should Match Regexp" owner="BuiltIn">
<arg>${json_data['results'][0]['picture']['medium']}</arg>
<arg>^https?://.*\.(?:png|jpe?g|gif|bmp)$</arg>
<doc>Fails if ``string`` does not match ``pattern`` as a regular expression.</doc>
<status status="PASS" start="2024-06-04T03:17:23.388285" elapsed="0.000349"/>
</kw>
<kw name="Should Match Regexp" owner="BuiltIn">
<arg>${json_data['results'][0]['picture']['thumbnail']}</arg>
<arg>^https?://.*\.(?:png|jpe?g|gif|bmp)$</arg>
<doc>Fails if ``string`` does not match ``pattern`` as a regular expression.</doc>
<status status="PASS" start="2024-06-04T03:17:23.388857" elapsed="0.000354"/>
</kw>
<kw name="Log" owner="BuiltIn">
<msg time="2024-06-04T03:17:23.389723" level="INFO">{'large': 'https://randomuser.me/api/portraits/men/86.jpg', 'medium': 'https://randomuser.me/api/portraits/med/men/86.jpg', 'thumbnail': 'https://randomuser.me/api/portraits/thumb/men/86.jpg'}</msg>
<arg>${json_data['results'][0]['picture']}</arg>
<doc>Logs the given message with the given level.</doc>
<status status="PASS" start="2024-06-04T03:17:23.389394" elapsed="0.000371"/>
</kw>
<status status="PASS" start="2024-06-04T03:17:23.294353" elapsed="0.095666"/>
</kw>
<kw name="Teste de Tipos de Dados - Postcode" owner="random-user-service">
<kw name="GET On Session" owner="RequestsLibrary">
<msg time="2024-06-04T03:17:23.467865" level="INFO">GET Request : url=https://randomuser.me/api 
 path_url=/api 
 headers={'User-Agent': 'python-requests/2.32.3', 'Accept-Encoding': 'gzip, deflate', 'Accept': '*/*', 'Connection': 'keep-alive'} 
 body=None 
 </msg>
<msg time="2024-06-04T03:17:23.467946" level="INFO">GET Response : url=https://randomuser.me/api 
 status=200, reason=OK 
 headers={'Date': 'Tue, 04 Jun 2024 03:17:23 GMT', 'Content-Type': 'application/json; charset=utf-8', 'Transfer-Encoding': 'chunked', 'Connection': 'keep-alive', 'X-Powered-By': 'Express', 'Access-Control-Allow-Origin': '*', 'Cache-Control': 'no-cache', 'ETag': 'W/"497-hyigQdMYN/SZTUopYAbXDhudvXE"', 'Vary': 'Accept-Encoding', 'Content-Encoding': 'gzip', 'CF-Cache-Status': 'DYNAMIC', 'Report-To': '{"endpoints":[{"url":"https:\\/\\/a.nel.cloudflare.com\\/report\\/v4?s=o3B%2F1sX7XkHPuQjESwy1SEDLr%2BMpjX5Y3hz5nW3UafCYjcThxuMZ%2FKKmNCt4V8swp%2F7ppr5%2FSh9Ht9Ow69r2y1TMgvbt2TWM3cOaDJw4vMO%2BOv6milosaXwvgmxmMv2j"}],"group":"cf-nel","max_age":604800}', 'NEL': '{"success_fraction":0,"report_to":"cf-nel","max_age":604800}', 'Server': 'cloudflare', 'CF-RAY': '88e4c5053abee15f-ORD', 'alt-svc': 'h3=":443"; ma=86400'} 
 body={"results":[{"gender":"male","name":{"title":"Mr","first":"Brett","last":"Kelley"},"location":{"street":{"number":9864,"name":"W Belt Line Rd"},"city":"Tweed","state":"Northern Territory","country":"Australia","postcode":1940,"coordinates":{"latitude":"-86.3715","longitude":"-111.7328"},"timezone":{"offset":"+3:00","description":"Baghdad, Riyadh, Moscow, St. Petersburg"}},"email":"brett.kelley@example.com","login":{"uuid":"178fde4d-bc80-40ac-bd47-d81ce79ebc84","username":"crazykoala882","password":"smooth","salt":"SWGcbOVo","md5":"97a1891bc1dacb5bb314e3d3ad480df4","sha1":"3ce2ea0f6a807b9598696c71a7527a3a2659471b","sha256":"c0a945d8035f3e5e26ee4ad16e7fabe022619327e4e209c9612d117c120bbeb4"},"dob":{"date":"1974-12-27T16:07:27.790Z","age":49},"registered":{"date":"2004-02-01T02:44:43.578Z","age":20},"phone":"09-4686-7521","cell":"0437-522-023","id":{"name":"TFN","value":"897867793"},"picture":{"large":"https://randomuser.me/api/portraits/men/79.jpg","medium":"https://randomuser.me/api/portraits/med/men/79.jpg","thumbnail":"https://randomuser.me/api/portraits/thumb/men/79.jpg"},"nat":"AU"}],"info":{"seed":"3581e9a00a4b41c5","results":1,"page":1,"version":"1.4"}} 
 </msg>
<msg time="2024-06-04T03:17:23.468045" level="INFO">/opt/hostedtoolcache/Python/3.12.3/x64/lib/python3.12/site-packages/urllib3/connectionpool.py:1103: InsecureRequestWarning: Unverified HTTPS request is being made to host 'randomuser.me'. Adding certificate verification is strongly advised. See: https://urllib3.readthedocs.io/en/latest/advanced-usage.html#tls-warnings
  warnings.warn(</msg>
<msg time="2024-06-04T03:17:23.468156" level="INFO">${response} = &lt;Response [200]&gt;</msg>
<var>${response}</var>
<arg>consultarAPI</arg>
<arg>/api</arg>
<doc>Sends a GET request on a previously created HTTP Session.</doc>
<status status="PASS" start="2024-06-04T03:17:23.390452" elapsed="0.077734"/>
</kw>
<kw name="Set Variable" owner="BuiltIn">
<msg time="2024-06-04T03:17:23.469140" level="INFO">${json_data} = {'results': [{'gender': 'male', 'name': {'title': 'Mr', 'first': 'Brett', 'last': 'Kelley'}, 'location': {'street': {'number': 9864, 'name': 'W Belt Line Rd'}, 'city': 'Tweed', 'state': 'Northern Terr...</msg>
<var>${json_data}</var>
<arg>${response.json()}</arg>
<doc>Returns the given values which can then be assigned to a variables.</doc>
<status status="PASS" start="2024-06-04T03:17:23.468663" elapsed="0.000506"/>
</kw>
<kw name="Log" owner="BuiltIn">
<msg time="2024-06-04T03:17:23.469617" level="INFO">{'results': [{'gender': 'male', 'name': {'title': 'Mr', 'first': 'Brett', 'last': 'Kelley'}, 'location': {'street': {'number': 9864, 'name': 'W Belt Line Rd'}, 'city': 'Tweed', 'state': 'Northern Territory', 'country': 'Australia', 'postcode': 1940, 'coordinates': {'latitude': '-86.3715', 'longitude': '-111.7328'}, 'timezone': {'offset': '+3:00', 'description': 'Baghdad, Riyadh, Moscow, St. Petersburg'}}, 'email': 'brett.kelley@example.com', 'login': {'uuid': '178fde4d-bc80-40ac-bd47-d81ce79ebc84', 'username': 'crazykoala882', 'password': 'smooth', 'salt': 'SWGcbOVo', 'md5': '97a1891bc1dacb5bb314e3d3ad480df4', 'sha1': '3ce2ea0f6a807b9598696c71a7527a3a2659471b', 'sha256': 'c0a945d8035f3e5e26ee4ad16e7fabe022619327e4e209c9612d117c120bbeb4'}, 'dob': {'date': '1974-12-27T16:07:27.790Z', 'age': 49}, 'registered': {'date': '2004-02-01T02:44:43.578Z', 'age': 20}, 'phone': '09-4686-7521', 'cell': '0437-522-023', 'id': {'name': 'TFN', 'value': '897867793'}, 'picture': {'large': 'https://randomuser.me/api/portraits/men/79.jpg', 'medium': 'https://randomuser.me/api/portraits/med/men/79.jpg', 'thumbnail': 'https://randomuser.me/api/portraits/thumb/men/79.jpg'}, 'nat': 'AU'}], 'info': {'seed': '3581e9a00a4b41c5', 'results': 1, 'page': 1, 'version': '1.4'}}</msg>
<arg>${json_data}</arg>
<doc>Logs the given message with the given level.</doc>
<status status="PASS" start="2024-06-04T03:17:23.469469" elapsed="0.000234"/>
</kw>
<kw name="Should Be Equal As Numbers" owner="BuiltIn">
<arg>${json_data['results'][0]['location']['postcode']}</arg>
<arg>${json_data['results'][0]['location']['postcode']}</arg>
<doc>Fails if objects are unequal after converting them to real numbers.</doc>
<status status="PASS" start="2024-06-04T03:17:23.469981" elapsed="0.000566"/>
</kw>
<kw name="Log" owner="BuiltIn">
<msg time="2024-06-04T03:17:23.471031" level="INFO">1940</msg>
<arg>${json_data['results'][0]['location']['postcode']}</arg>
<doc>Logs the given message with the given level.</doc>
<status status="PASS" start="2024-06-04T03:17:23.470724" elapsed="0.000347"/>
</kw>
<status status="PASS" start="2024-06-04T03:17:23.390228" elapsed="0.081093"/>
</kw>
<doc>Testa se os tipos de dados na resposta da API estão corretos.</doc>
<tag>testeTiposDados</tag>
<status status="PASS" start="2024-06-04T03:17:23.293850" elapsed="0.177625"/>
</test>
<test id="s1-s1-t5" name="Validar conteudo" line="35">
<kw name="Teste de Tipos de Conteudo" owner="random-user-service">
<kw name="GET On Session" owner="RequestsLibrary">
<msg time="2024-06-04T03:17:23.569107" level="INFO">GET Request : url=https://randomuser.me/api 
 path_url=/api 
 headers={'User-Agent': 'python-requests/2.32.3', 'Accept-Encoding': 'gzip, deflate', 'Accept': '*/*', 'Connection': 'keep-alive'} 
 body=None 
 </msg>
<msg time="2024-06-04T03:17:23.569192" level="INFO">GET Response : url=https://randomuser.me/api 
 status=200, reason=OK 
 headers={'Date': 'Tue, 04 Jun 2024 03:17:23 GMT', 'Content-Type': 'application/json; charset=utf-8', 'Transfer-Encoding': 'chunked', 'Connection': 'keep-alive', 'X-Powered-By': 'Express', 'Access-Control-Allow-Origin': '*', 'Cache-Control': 'no-cache', 'ETag': 'W/"47a-PMDBSC4ypV8uKULg+s46kxWh+BI"', 'Vary': 'Accept-Encoding', 'Content-Encoding': 'gzip', 'CF-Cache-Status': 'DYNAMIC', 'Report-To': '{"endpoints":[{"url":"https:\\/\\/a.nel.cloudflare.com\\/report\\/v4?s=Kp8cU4cHjWC8tP4Uwix4xY%2FzylPJmmg%2Bt7vbE46duOuXq0OD8F3oO9GwOZJ1okMvHzv%2BNmViY3oPlbNN%2Fq%2BoWilFnPtaUB1VHE8w0kB0GS0r0YB7ndP11IptRJqjuROl"}],"group":"cf-nel","max_age":604800}', 'NEL': '{"success_fraction":0,"report_to":"cf-nel","max_age":604800}', 'Server': 'cloudflare', 'CF-RAY': '88e4c505bb59e15f-ORD', 'alt-svc': 'h3=":443"; ma=86400'} 
 body={"results":[{"gender":"female","name":{"title":"Ms","first":"Gorana","last":"Silić"},"location":{"street":{"number":1018,"name":"Milana Praizovića"},"city":"Bačka Topola","state":"Bor","country":"Serbia","postcode":99805,"coordinates":{"latitude":"55.8189","longitude":"159.8221"},"timezone":{"offset":"+3:30","description":"Tehran"}},"email":"gorana.silic@example.com","login":{"uuid":"4bc91810-fac2-4247-b9e6-3e52caa5e167","username":"happyelephant910","password":"tyler","salt":"NUjlsDoK","md5":"741e89f1a33bf63ff9f9fe5e936fc60d","sha1":"6f4413108b29ea97fc43d9a47c0dd2896af8a26b","sha256":"6772701eb815c3db601407e253894546c2c10173eea783adadcc7a7fc3f12306"},"dob":{"date":"1965-11-10T12:21:17.244Z","age":58},"registered":{"date":"2005-04-30T22:19:34.970Z","age":19},"phone":"036-3914-420","cell":"067-4545-900","id":{"name":"SID","value":"430864608"},"picture":{"large":"https://randomuser.me/api/portraits/women/74.jpg","medium":"https://randomuser.me/api/portraits/med/women/74.jpg","thumbnail":"https://randomuser.me/api/portraits/thumb/women/74.jpg"},"nat":"RS"}],"info":{"seed":"404bf2ba98d490b5","results":1,"page":1,"version":"1.4"}} 
 </msg>
<msg time="2024-06-04T03:17:23.569268" level="INFO">/opt/hostedtoolcache/Python/3.12.3/x64/lib/python3.12/site-packages/urllib3/connectionpool.py:1103: InsecureRequestWarning: Unverified HTTPS request is being made to host 'randomuser.me'. Adding certificate verification is strongly advised. See: https://urllib3.readthedocs.io/en/latest/advanced-usage.html#tls-warnings
  warnings.warn(</msg>
<msg time="2024-06-04T03:17:23.569396" level="INFO">${response} = &lt;Response [200]&gt;</msg>
<var>${response}</var>
<arg>consultarAPI</arg>
<arg>/api</arg>
<doc>Sends a GET request on a previously created HTTP Session.</doc>
<status status="PASS" start="2024-06-04T03:17:23.473933" elapsed="0.095515"/>
</kw>
<kw name="Set Variable" owner="BuiltIn">
<msg time="2024-06-04T03:17:23.570528" level="INFO">${json_data} = {'results': [{'gender': 'female', 'name': {'title': 'Ms', 'first': 'Gorana', 'last': 'Silić'}, 'location': {'street': {'number': 1018, 'name': 'Milana Praizovića'}, 'city': 'Bačka Topola', 'state': 'B...</msg>
<var>${json_data}</var>
<arg>${response.json()}</arg>
<doc>Returns the given values which can then be assigned to a variables.</doc>
<status status="PASS" start="2024-06-04T03:17:23.569990" elapsed="0.000569"/>
</kw>
<kw name="Set Variable" owner="BuiltIn">
<msg time="2024-06-04T03:17:23.571243" level="INFO">${name_title} = Ms</msg>
<var>${name_title}</var>
<arg>${json_data["results"][0]["name"]["title"]}</arg>
<doc>Returns the given values which can then be assigned to a variables.</doc>
<status status="PASS" start="2024-06-04T03:17:23.570863" elapsed="0.000405"/>
</kw>
<kw name="Create List" owner="BuiltIn">
<msg time="2024-06-04T03:17:23.571713" level="INFO">${allowed_titles} = ['Mr', 'Ms', 'Miss', 'Mrs', 'Madame', 'Monsieur']</msg>
<var>${allowed_titles}</var>
<arg>Mr</arg>
<arg>Ms</arg>
<arg>Miss</arg>
<arg>Mrs</arg>
<arg>Madame</arg>
<arg>Monsieur</arg>
<doc>Returns a list containing given items.</doc>
<status status="PASS" start="2024-06-04T03:17:23.571566" elapsed="0.000170"/>
</kw>
<kw name="List Should Contain Value" owner="Collections">
<msg time="2024-06-04T03:17:23.572197" level="INFO">False</msg>
<arg>${allowed_titles}</arg>
<arg>${name_title}</arg>
<doc>Fails if the ``value`` is not found from ``list``.</doc>
<status status="PASS" start="2024-06-04T03:17:23.572032" elapsed="0.000200"/>
</kw>
<kw name="Set Variable" owner="BuiltIn">
<msg time="2024-06-04T03:17:23.572909" level="INFO">${name_country} = RS</msg>
<var>${name_country}</var>
<arg>${json_data["results"][0]["nat"]}</arg>
<doc>Returns the given values which can then be assigned to a variables.</doc>
<status status="PASS" start="2024-06-04T03:17:23.572521" elapsed="0.000411"/>
</kw>
<kw name="Create List" owner="BuiltIn">
<msg time="2024-06-04T03:17:23.573756" level="INFO">${list_country} = ['AD', 'AE', 'AF', 'AG', 'AI', 'AL', 'AM', 'AO', 'AQ', 'AR', 'AS', 'AT', 'AU', 'AW', 'AX', 'AZ', 'BA', 'BB', 'BD', 'BE', 'BF', 'BG', 'BH', 'BI', 'BJ', 'BL', 'BM', 'BN', 'BO', 'BQ', 'BR', 'BS', 'BT', '...</msg>
<var>${list_country}</var>
<arg>AD</arg>
<arg>AE</arg>
<arg>AF</arg>
<arg>AG</arg>
<arg>AI</arg>
<arg>AL</arg>
<arg>AM</arg>
<arg>AO</arg>
<arg>AQ</arg>
<arg>AR</arg>
<arg>AS</arg>
<arg>AT</arg>
<arg>AU</arg>
<arg>AW</arg>
<arg>AX</arg>
<arg>AZ</arg>
<arg>BA</arg>
<arg>BB</arg>
<arg>BD</arg>
<arg>BE</arg>
<arg>BF</arg>
<arg>BG</arg>
<arg>BH</arg>
<arg>BI</arg>
<arg>BJ</arg>
<arg>BL</arg>
<arg>BM</arg>
<arg>BN</arg>
<arg>BO</arg>
<arg>BQ</arg>
<arg>BR</arg>
<arg>BS</arg>
<arg>BT</arg>
<arg>BV</arg>
<arg>BW</arg>
<arg>BY</arg>
<arg>BZ</arg>
<arg>CA</arg>
<arg>CC</arg>
<arg>CD</arg>
<arg>CF</arg>
<arg>CG</arg>
<arg>CH</arg>
<arg>CI</arg>
<arg>CK</arg>
<arg>CL</arg>
<arg>CM</arg>
<arg>CN</arg>
<arg>CO</arg>
<arg>CR</arg>
<arg>CU</arg>
<arg>CV</arg>
<arg>CW</arg>
<arg>CX</arg>
<arg>CY</arg>
<arg>CZ</arg>
<arg>DE</arg>
<arg>DJ</arg>
<arg>DK</arg>
<arg>DM</arg>
<arg>DO</arg>
<arg>DZ</arg>
<arg>EC</arg>
<arg>EE</arg>
<arg>EG</arg>
<arg>EH</arg>
<arg>ER</arg>
<arg>ES</arg>
<arg>ET</arg>
<arg>FI</arg>
<arg>FJ</arg>
<arg>FK</arg>
<arg>FM</arg>
<arg>FO</arg>
<arg>FR</arg>
<arg>GA</arg>
<arg>GB</arg>
<arg>GD</arg>
<arg>GE</arg>
<arg>GF</arg>
<arg>GG</arg>
<arg>GH</arg>
<arg>GI</arg>
<arg>GL</arg>
<arg>GM</arg>
<arg>GN</arg>
<arg>GP</arg>
<arg>GQ</arg>
<arg>GR</arg>
<arg>GS</arg>
<arg>GT</arg>
<arg>GU</arg>
<arg>GW</arg>
<arg>GY</arg>
<arg>HK</arg>
<arg>HM</arg>
<arg>HN</arg>
<arg>HR</arg>
<arg>HT</arg>
<arg>HU</arg>
<arg>ID</arg>
<arg>IE</arg>
<arg>IL</arg>
<arg>IM</arg>
<arg>IN</arg>
<arg>IO</arg>
<arg>IQ</arg>
<arg>IR</arg>
<arg>IS</arg>
<arg>IT</arg>
<arg>JE</arg>
<arg>JM</arg>
<arg>JO</arg>
<arg>JP</arg>
<arg>KE</arg>
<arg>KG</arg>
<arg>KH</arg>
<arg>KI</arg>
<arg>KM</arg>
<arg>KN</arg>
<arg>KP</arg>
<arg>KR</arg>
<arg>KW</arg>
<arg>KY</arg>
<arg>KZ</arg>
<arg>LA</arg>
<arg>LB</arg>
<arg>LC</arg>
<arg>LI</arg>
<arg>LK</arg>
<arg>LR</arg>
<arg>LS</arg>
<arg>LT</arg>
<arg>LU</arg>
<arg>LV</arg>
<arg>LY</arg>
<arg>MA</arg>
<arg>MC</arg>
<arg>MD</arg>
<arg>ME</arg>
<arg>MF</arg>
<arg>MG</arg>
<arg>MH</arg>
<arg>MK</arg>
<arg>ML</arg>
<arg>MM</arg>
<arg>MN</arg>
<arg>MO</arg>
<arg>MP</arg>
<arg>MQ</arg>
<arg>MR</arg>
<arg>MS</arg>
<arg>MT</arg>
<arg>MU</arg>
<arg>MV</arg>
<arg>MW</arg>
<arg>MX</arg>
<arg>MY</arg>
<arg>MZ</arg>
<arg>NA</arg>
<arg>NC</arg>
<arg>NE</arg>
<arg>NF</arg>
<arg>NG</arg>
<arg>NI</arg>
<arg>NL</arg>
<arg>NO</arg>
<arg>NP</arg>
<arg>NR</arg>
<arg>NU</arg>
<arg>NZ</arg>
<arg>OM</arg>
<arg>PA</arg>
<arg>PE</arg>
<arg>PF</arg>
<arg>PG</arg>
<arg>PH</arg>
<arg>PK</arg>
<arg>PL</arg>
<arg>PM</arg>
<arg>PN</arg>
<arg>PR</arg>
<arg>PS</arg>
<arg>PT</arg>
<arg>PW</arg>
<arg>PY</arg>
<arg>QA</arg>
<arg>RE</arg>
<arg>RO</arg>
<arg>RS</arg>
<arg>RU</arg>
<arg>RW</arg>
<arg>SA</arg>
<arg>SB</arg>
<arg>SC</arg>
<arg>SD</arg>
<arg>SE</arg>
<arg>SG</arg>
<arg>SH</arg>
<arg>SI</arg>
<arg>SJ</arg>
<arg>SK</arg>
<arg>SL</arg>
<arg>SM</arg>
<arg>SN</arg>
<arg>SO</arg>
<arg>SR</arg>
<arg>SS</arg>
<arg>ST</arg>
<arg>SV</arg>
<arg>SX</arg>
<arg>SY</arg>
<arg>SZ</arg>
<arg>TC</arg>
<arg>TD</arg>
<arg>TF</arg>
<arg>TG</arg>
<arg>TH</arg>
<arg>TJ</arg>
<arg>TK</arg>
<arg>TL</arg>
<arg>TM</arg>
<arg>TN</arg>
<arg>TO</arg>
<arg>TR</arg>
<arg>TT</arg>
<arg>TV</arg>
<arg>TW</arg>
<arg>TZ</arg>
<arg>UA</arg>
<arg>UG</arg>
<arg>UM</arg>
<arg>US</arg>
<arg>UY</arg>
<arg>UZ</arg>
<arg>VA</arg>
<arg>VC</arg>
<arg>VE</arg>
<arg>VG</arg>
<arg>VI</arg>
<arg>VN</arg>
<arg>VU</arg>
<arg>WF</arg>
<arg>WS</arg>
<arg>XK</arg>
<arg>YE</arg>
<arg>YT</arg>
<arg>ZA</arg>
<arg>ZM</arg>
<arg>ZW</arg>
<doc>Returns a list containing given items.</doc>
<status status="PASS" start="2024-06-04T03:17:23.573209" elapsed="0.000569"/>
</kw>
<kw name="List Should Contain Value" owner="Collections">
<msg time="2024-06-04T03:17:23.574728" level="INFO">False</msg>
<arg>${list_country}</arg>
<arg>${name_country}</arg>
<doc>Fails if the ``value`` is not found from ``list``.</doc>
<status status="PASS" start="2024-06-04T03:17:23.574528" elapsed="0.000236"/>
</kw>
<kw name="Run Keyword If" owner="BuiltIn">
<kw name="Should Be True" owner="BuiltIn">
<arg>${True}</arg>
<doc>Fails if the given condition is not true.</doc>
<status status="PASS" start="2024-06-04T03:17:23.575921" elapsed="0.000143"/>
</kw>
<arg>${json_data["results"][0]["location"]["coordinates"]["latitude"]} &gt;= -90 and ${json_data["results"][0]["location"]["coordinates"]["latitude"]} &lt;= 90</arg>
<arg>Should Be True</arg>
<arg>${True}</arg>
<doc>Runs the given keyword with the given arguments, if ``condition`` is true.</doc>
<status status="PASS" start="2024-06-04T03:17:23.575075" elapsed="0.001125"/>
</kw>
<kw name="Run Keyword If" owner="BuiltIn">
<kw name="Should Be True" owner="BuiltIn">
<arg>${True}</arg>
<doc>Fails if the given condition is not true.</doc>
<status status="PASS" start="2024-06-04T03:17:23.577107" elapsed="0.000138"/>
</kw>
<arg>${json_data["results"][0]["location"]["coordinates"]["longitude"]} &gt;= -180 and ${json_data["results"][0]["location"]["coordinates"]["longitude"]} &lt;= 180</arg>
<arg>Should Be True</arg>
<arg>${True}</arg>
<doc>Runs the given keyword with the given arguments, if ``condition`` is true.</doc>
<status status="PASS" start="2024-06-04T03:17:23.576387" elapsed="0.000983"/>
</kw>
<status status="PASS" start="2024-06-04T03:17:23.473728" elapsed="0.103772"/>
</kw>
<doc>Testa o conteúdo específico dos campos retornados pela API.</doc>
<tag>testeConteudo</tag>
<status status="PASS" start="2024-06-04T03:17:23.473216" elapsed="0.104426"/>
</test>
<status status="PASS" start="2024-06-04T03:17:22.599622" elapsed="0.979899"/>
</suite>
<status status="PASS" start="2024-06-04T03:17:22.586369" elapsed="0.997973"/>
</suite>
<statistics>
<total>
<stat pass="5" fail="0" skip="0">All Tests</stat>
</total>
<tag>
<stat pass="1" fail="0" skip="0">testeConteudo</stat>
<stat pass="1" fail="0" skip="0">testeEstruturaResposta</stat>
<stat pass="1" fail="0" skip="0">testeRequisicaoBasica</stat>
<stat pass="1" fail="0" skip="0">testeTiposDados</stat>
</tag>
<suite>
<stat pass="5" fail="0" skip="0" id="s1" name="Tests">Tests</stat>
<stat pass="5" fail="0" skip="0" id="s1-s1" name="Random-User-Test">Tests.Random-User-Test</stat>
</suite>
</statistics>
<errors>
</errors>
</robot>
