<?xml version="1.0" encoding="UTF-8"?>
<robot generator="Robot 7.0.1 (Python 3.12.4 on linux)" generated="2024-07-16T03:19:53.207735" rpa="false" schemaversion="5">
<suite id="s1" name="Tests" source="/home/runner/work/ApiRandomUser/ApiRandomUser/RamdonUser/tests">
<suite id="s1-s1" name="Random-User-Test" source="/home/runner/work/ApiRandomUser/ApiRandomUser/RamdonUser/tests/random-user-test.robot">
<test id="s1-s1-t1" name="Conectar" line="13">
<kw name="Conectar API" owner="random-user-service">
<kw name="Create Session" owner="RequestsLibrary">
<msg time="2024-07-16T03:19:53.608005" level="INFO">Creating Session using : alias=consultarAPI, url=https://randomuser.me/, headers={},                     cookies={}, auth=None, timeout=None, proxies=None, verify=False,                     debug=0 </msg>
<arg>consultarAPI</arg>
<arg>${URL}</arg>
<doc>Create Session: create a HTTP session to a server</doc>
<status status="PASS" start="2024-07-16T03:19:53.607798" elapsed="0.000423"/>
</kw>
<status status="PASS" start="2024-07-16T03:19:53.606801" elapsed="0.001808"/>
</kw>
<status status="PASS" start="2024-07-16T03:19:53.606130" elapsed="0.002674"/>
</test>
<test id="s1-s1-t2" name="Validar retorno 200 e JSON Válido" line="16">
<kw name="Teste de Requisicao Basica" owner="random-user-service">
<kw name="GET On Session" owner="RequestsLibrary">
<msg time="2024-07-16T03:19:53.734471" level="INFO">GET Request : url=https://randomuser.me/api 
 path_url=/api 
 headers={'User-Agent': 'python-requests/2.32.3', 'Accept-Encoding': 'gzip, deflate', 'Accept': '*/*', 'Connection': 'keep-alive'} 
 body=None 
 </msg>
<msg time="2024-07-16T03:19:53.734626" level="INFO">GET Response : url=https://randomuser.me/api 
 status=200, reason=OK 
 headers={'Date': 'Tue, 16 Jul 2024 03:19:53 GMT', 'Content-Type': 'application/json; charset=utf-8', 'Transfer-Encoding': 'chunked', 'Connection': 'keep-alive', 'X-Powered-By': 'Express', 'Access-Control-Allow-Origin': '*', 'Cache-Control': 'no-cache', 'ETag': 'W/"470-S0LHn8UIZckI/1V29ocMOKcMOrU"', 'Vary': 'Accept-Encoding', 'Content-Encoding': 'gzip', 'CF-Cache-Status': 'DYNAMIC', 'Report-To': '{"endpoints":[{"url":"https:\\/\\/a.nel.cloudflare.com\\/report\\/v4?s=6UmgSan9c%2BHC25mRolY9KFpisHC9y27k8T%2FNu%2BEiiZvlI%2F0yy2mWV%2BdViK25h0TsHR%2Bd2VVyaGdyYSFVxT8dMEBOI5AIe3tTNqrslSWOaG7GnqceBfN1kGh%2BIOzIoIAy"}],"group":"cf-nel","max_age":604800}', 'NEL': '{"success_fraction":0,"report_to":"cf-nel","max_age":604800}', 'Server': 'cloudflare', 'CF-RAY': '8a3eda704da31696-SJC', 'alt-svc': 'h3=":443"; ma=86400'} 
 body={"results":[{"gender":"male","name":{"title":"Mr","first":"Arthur","last":"Bacher"},"location":{"street":{"number":6208,"name":"Lindenweg"},"city":"Wittlich","state":"Hamburg","country":"Germany","postcode":61205,"coordinates":{"latitude":"-48.2457","longitude":"-17.3284"},"timezone":{"offset":"+3:30","description":"Tehran"}},"email":"arthur.bacher@example.com","login":{"uuid":"10999f59-c16d-4507-a46b-4936adbbf9d5","username":"happypeacock362","password":"derf","salt":"Wfx1xcBA","md5":"eefab2ee036033f60fc1b9f73ca1bde1","sha1":"991d805fde1b4625a1e3e8dcf5cfceae8e8253a6","sha256":"00e7704cd7c7cb329040000e8df747ff3f77ca4dffd7f3da465b1a2840746ad7"},"dob":{"date":"1976-08-21T03:09:27.435Z","age":47},"registered":{"date":"2006-02-04T05:46:53.104Z","age":18},"phone":"0687-7958380","cell":"0176-8756662","id":{"name":"SVNR","value":"13 200876 B 348"},"picture":{"large":"https://randomuser.me/api/portraits/men/40.jpg","medium":"https://randomuser.me/api/portraits/med/men/40.jpg","thumbnail":"https://randomuser.me/api/portraits/thumb/men/40.jpg"},"nat":"DE"}],"info":{"seed":"093f553808fa5b86","results":1,"page":1,"version":"1.4"}} 
 </msg>
<msg time="2024-07-16T03:19:53.734714" level="INFO">/opt/hostedtoolcache/Python/3.12.4/x64/lib/python3.12/site-packages/urllib3/connectionpool.py:1099: InsecureRequestWarning: Unverified HTTPS request is being made to host 'randomuser.me'. Adding certificate verification is strongly advised. See: https://urllib3.readthedocs.io/en/latest/advanced-usage.html#tls-warnings
  warnings.warn(</msg>
<msg time="2024-07-16T03:19:53.734874" level="INFO">${response} = &lt;Response [200]&gt;</msg>
<var>${response}</var>
<arg>consultarAPI</arg>
<arg>/api</arg>
<doc>Sends a GET request on a previously created HTTP Session.</doc>
<status status="PASS" start="2024-07-16T03:19:53.611479" elapsed="0.123441"/>
</kw>
<kw name="Should Be Equal As Numbers" owner="BuiltIn">
<msg time="2024-07-16T03:19:53.736101" level="INFO">Argument types are:
&lt;class 'int'&gt;
&lt;class 'str'&gt;</msg>
<arg>${response.status_code}</arg>
<arg>200</arg>
<doc>Fails if objects are unequal after converting them to real numbers.</doc>
<status status="PASS" start="2024-07-16T03:19:53.735598" elapsed="0.000573"/>
</kw>
<kw name="Log" owner="BuiltIn">
<msg time="2024-07-16T03:19:53.736984" level="INFO">200</msg>
<arg>${response.status_code}</arg>
<doc>Logs the given message with the given level.</doc>
<status status="PASS" start="2024-07-16T03:19:53.736600" elapsed="0.000430"/>
</kw>
<kw name="Set Variable" owner="BuiltIn">
<msg time="2024-07-16T03:19:53.737831" level="INFO">${json_data} = {'results': [{'gender': 'male', 'name': {'title': 'Mr', 'first': 'Arthur', 'last': 'Bacher'}, 'location': {'street': {'number': 6208, 'name': 'Lindenweg'}, 'city': 'Wittlich', 'state': 'Hamburg', 'cou...</msg>
<var>${json_data}</var>
<arg>${response.json()}</arg>
<doc>Returns the given values which can then be assigned to a variables.</doc>
<status status="PASS" start="2024-07-16T03:19:53.737368" elapsed="0.000492"/>
</kw>
<kw name="Dictionary Should Contain Key" owner="Collections">
<arg>${json_data}</arg>
<arg>results</arg>
<doc>Fails if ``key`` is not found from ``dictionary``.</doc>
<status status="PASS" start="2024-07-16T03:19:53.738175" elapsed="0.000178"/>
</kw>
<status status="PASS" start="2024-07-16T03:19:53.611218" elapsed="0.127289"/>
</kw>
<doc>Testa se a API responde corretamente e retorna um objeto JSON válido.</doc>
<tag>testeRequisicaoBasica</tag>
<status status="PASS" start="2024-07-16T03:19:53.610667" elapsed="0.128028"/>
</test>
<test id="s1-s1-t3" name="Validar estrutura de resposta" line="22">
<kw name="Teste de Estrutura de Resposta" owner="random-user-service">
<kw name="GET On Session" owner="RequestsLibrary">
<msg time="2024-07-16T03:19:53.856797" level="INFO">GET Request : url=https://randomuser.me/api 
 path_url=/api 
 headers={'User-Agent': 'python-requests/2.32.3', 'Accept-Encoding': 'gzip, deflate', 'Accept': '*/*', 'Connection': 'keep-alive'} 
 body=None 
 </msg>
<msg time="2024-07-16T03:19:53.856914" level="INFO">GET Response : url=https://randomuser.me/api 
 status=200, reason=OK 
 headers={'Date': 'Tue, 16 Jul 2024 03:19:53 GMT', 'Content-Type': 'application/json; charset=utf-8', 'Transfer-Encoding': 'chunked', 'Connection': 'keep-alive', 'X-Powered-By': 'Express', 'Access-Control-Allow-Origin': '*', 'Cache-Control': 'no-cache', 'ETag': 'W/"49f-r5b/HxWJZJ67LjSBoxlRZUdOYK4"', 'Vary': 'Accept-Encoding', 'Content-Encoding': 'gzip', 'CF-Cache-Status': 'DYNAMIC', 'Report-To': '{"endpoints":[{"url":"https:\\/\\/a.nel.cloudflare.com\\/report\\/v4?s=kjGqoVqgZkWNF67qET7KcUH9bWBUZ0gqWy%2Be6LvHuN4t9rqeVOfil92NJgBmJ28nTQUHxtaUr643XOIx0dR%2B%2BX9V93%2BKbWJpNIGAELX3pjLheVvfGpwhm7hfhWNW7UTz"}],"group":"cf-nel","max_age":604800}', 'NEL': '{"success_fraction":0,"report_to":"cf-nel","max_age":604800}', 'Server': 'cloudflare', 'CF-RAY': '8a3eda70ee501696-SJC', 'alt-svc': 'h3=":443"; ma=86400'} 
 body={"results":[{"gender":"female","name":{"title":"Miss","first":"سارینا","last":"نكو نظر"},"location":{"street":{"number":6568,"name":"شهید اکبر وصالی"},"city":"آبادان","state":"همدان","country":"Iran","postcode":77584,"coordinates":{"latitude":"13.2540","longitude":"164.4626"},"timezone":{"offset":"-12:00","description":"Eniwetok, Kwajalein"}},"email":"sryn.nkwnzr@example.com","login":{"uuid":"7c00a60b-c0b4-4269-8b10-a437b965e142","username":"beautifulmouse350","password":"backbone","salt":"bUshALrU","md5":"6ae6dded032b86f994feb3fc7df6186f","sha1":"d8320ed5c633246084c4592b42e4e5c07928feca","sha256":"ae9f606cedff0d47f10f8bbc24eb461bbde772c07d6f973b3e96d634b6df65ea"},"dob":{"date":"1955-09-06T21:18:27.600Z","age":68},"registered":{"date":"2011-12-17T19:51:17.917Z","age":12},"phone":"053-39021289","cell":"0976-140-0673","id":{"name":"","value":null},"picture":{"large":"https://randomuser.me/api/portraits/women/69.jpg","medium":"https://randomuser.me/api/portraits/med/women/69.jpg","thumbnail":"https://randomuser.me/api/portraits/thumb/women/69.jpg"},"nat":"IR"}],"info":{"seed":"7c3835f7b5082278","results":1,"page":1,"version":"1.4"}} 
 </msg>
<msg time="2024-07-16T03:19:53.857074" level="INFO">/opt/hostedtoolcache/Python/3.12.4/x64/lib/python3.12/site-packages/urllib3/connectionpool.py:1099: InsecureRequestWarning: Unverified HTTPS request is being made to host 'randomuser.me'. Adding certificate verification is strongly advised. See: https://urllib3.readthedocs.io/en/latest/advanced-usage.html#tls-warnings
  warnings.warn(</msg>
<msg time="2024-07-16T03:19:53.857230" level="INFO">${response} = &lt;Response [200]&gt;</msg>
<var>${response}</var>
<arg>consultarAPI</arg>
<arg>/api</arg>
<doc>Sends a GET request on a previously created HTTP Session.</doc>
<status status="PASS" start="2024-07-16T03:19:53.741512" elapsed="0.115770"/>
</kw>
<kw name="Set Variable" owner="BuiltIn">
<msg time="2024-07-16T03:19:53.858515" level="INFO">${json_data} = {'results': [{'gender': 'female', 'name': {'title': 'Miss', 'first': 'سارینا', 'last': 'نكو نظر'}, 'location': {'street': {'number': 6568, 'name': 'شهید اکبر وصالی'}, 'city': 'آبادان', 'state': 'همدان...</msg>
<var>${json_data}</var>
<arg>${response.json()}</arg>
<doc>Returns the given values which can then be assigned to a variables.</doc>
<status status="PASS" start="2024-07-16T03:19:53.857921" elapsed="0.000626"/>
</kw>
<kw name="Log" owner="BuiltIn">
<msg time="2024-07-16T03:19:53.859089" level="INFO">{'results': [{'gender': 'female', 'name': {'title': 'Miss', 'first': 'سارینا', 'last': 'نكو نظر'}, 'location': {'street': {'number': 6568, 'name': 'شهید اکبر وصالی'}, 'city': 'آبادان', 'state': 'همدان', 'country': 'Iran', 'postcode': 77584, 'coordinates': {'latitude': '13.2540', 'longitude': '164.4626'}, 'timezone': {'offset': '-12:00', 'description': 'Eniwetok, Kwajalein'}}, 'email': 'sryn.nkwnzr@example.com', 'login': {'uuid': '7c00a60b-c0b4-4269-8b10-a437b965e142', 'username': 'beautifulmouse350', 'password': 'backbone', 'salt': 'bUshALrU', 'md5': '6ae6dded032b86f994feb3fc7df6186f', 'sha1': 'd8320ed5c633246084c4592b42e4e5c07928feca', 'sha256': 'ae9f606cedff0d47f10f8bbc24eb461bbde772c07d6f973b3e96d634b6df65ea'}, 'dob': {'date': '1955-09-06T21:18:27.600Z', 'age': 68}, 'registered': {'date': '2011-12-17T19:51:17.917Z', 'age': 12}, 'phone': '053-39021289', 'cell': '0976-140-0673', 'id': {'name': '', 'value': None}, 'picture': {'large': 'https://randomuser.me/api/portraits/women/69.jpg', 'medium': 'https://randomuser.me/api/portraits/med/women/69.jpg', 'thumbnail': 'https://randomuser.me/api/portraits/thumb/women/69.jpg'}, 'nat': 'IR'}], 'info': {'seed': '7c3835f7b5082278', 'results': 1, 'page': 1, 'version': '1.4'}}</msg>
<arg>${json_data}</arg>
<doc>Logs the given message with the given level.</doc>
<status status="PASS" start="2024-07-16T03:19:53.858907" elapsed="0.000238"/>
</kw>
<kw name="Dictionary Should Contain Key" owner="Collections">
<arg>${json_data}</arg>
<arg>results</arg>
<doc>Fails if ``key`` is not found from ``dictionary``.</doc>
<status status="PASS" start="2024-07-16T03:19:53.859468" elapsed="0.000166"/>
</kw>
<kw name="Should Not Be Empty" owner="BuiltIn">
<msg time="2024-07-16T03:19:53.859958" level="INFO">Length is 2.</msg>
<arg>${json_data}</arg>
<doc>Verifies that the given item is not empty.</doc>
<status status="PASS" start="2024-07-16T03:19:53.859821" elapsed="0.000178"/>
</kw>
<kw name="Create List" owner="BuiltIn">
<msg time="2024-07-16T03:19:53.860664" level="INFO">${expected_keys} = ['gender', 'name', 'location', 'email', 'login']</msg>
<var>${expected_keys}</var>
<arg>gender</arg>
<arg>name</arg>
<arg>location</arg>
<arg>email</arg>
<arg>login</arg>
<doc>Returns a list containing given items.</doc>
<status status="PASS" start="2024-07-16T03:19:53.860328" elapsed="0.000361"/>
</kw>
<for flavor="IN">
<iter>
<kw name="Dictionary Should Contain Key" owner="Collections">
<arg>${json_data['results'][0]}</arg>
<arg>${key}</arg>
<doc>Fails if ``key`` is not found from ``dictionary``.</doc>
<status status="PASS" start="2024-07-16T03:19:53.861289" elapsed="0.000427"/>
</kw>
<kw name="Log" owner="BuiltIn">
<msg time="2024-07-16T03:19:53.862283" level="INFO">{'gender': 'female', 'name': {'title': 'Miss', 'first': 'سارینا', 'last': 'نكو نظر'}, 'location': {'street': {'number': 6568, 'name': 'شهید اکبر وصالی'}, 'city': 'آبادان', 'state': 'همدان', 'country': 'Iran', 'postcode': 77584, 'coordinates': {'latitude': '13.2540', 'longitude': '164.4626'}, 'timezone': {'offset': '-12:00', 'description': 'Eniwetok, Kwajalein'}}, 'email': 'sryn.nkwnzr@example.com', 'login': {'uuid': '7c00a60b-c0b4-4269-8b10-a437b965e142', 'username': 'beautifulmouse350', 'password': 'backbone', 'salt': 'bUshALrU', 'md5': '6ae6dded032b86f994feb3fc7df6186f', 'sha1': 'd8320ed5c633246084c4592b42e4e5c07928feca', 'sha256': 'ae9f606cedff0d47f10f8bbc24eb461bbde772c07d6f973b3e96d634b6df65ea'}, 'dob': {'date': '1955-09-06T21:18:27.600Z', 'age': 68}, 'registered': {'date': '2011-12-17T19:51:17.917Z', 'age': 12}, 'phone': '053-39021289', 'cell': '0976-140-0673', 'id': {'name': '', 'value': None}, 'picture': {'large': 'https://randomuser.me/api/portraits/women/69.jpg', 'medium': 'https://randomuser.me/api/portraits/med/women/69.jpg', 'thumbnail': 'https://randomuser.me/api/portraits/thumb/women/69.jpg'}, 'nat': 'IR'}</msg>
<arg>${json_data['results'][0]}</arg>
<doc>Logs the given message with the given level.</doc>
<status status="PASS" start="2024-07-16T03:19:53.861905" elapsed="0.000432"/>
</kw>
<kw name="Log" owner="BuiltIn">
<msg time="2024-07-16T03:19:53.862770" level="INFO">gender</msg>
<arg>${key}</arg>
<doc>Logs the given message with the given level.</doc>
<status status="PASS" start="2024-07-16T03:19:53.862640" elapsed="0.000170"/>
</kw>
<var name="${key}">gender</var>
<status status="PASS" start="2024-07-16T03:19:53.861162" elapsed="0.001866"/>
</iter>
<iter>
<kw name="Dictionary Should Contain Key" owner="Collections">
<arg>${json_data['results'][0]}</arg>
<arg>${key}</arg>
<doc>Fails if ``key`` is not found from ``dictionary``.</doc>
<status status="PASS" start="2024-07-16T03:19:53.863329" elapsed="0.000399"/>
</kw>
<kw name="Log" owner="BuiltIn">
<msg time="2024-07-16T03:19:53.864347" level="INFO">{'gender': 'female', 'name': {'title': 'Miss', 'first': 'سارینا', 'last': 'نكو نظر'}, 'location': {'street': {'number': 6568, 'name': 'شهید اکبر وصالی'}, 'city': 'آبادان', 'state': 'همدان', 'country': 'Iran', 'postcode': 77584, 'coordinates': {'latitude': '13.2540', 'longitude': '164.4626'}, 'timezone': {'offset': '-12:00', 'description': 'Eniwetok, Kwajalein'}}, 'email': 'sryn.nkwnzr@example.com', 'login': {'uuid': '7c00a60b-c0b4-4269-8b10-a437b965e142', 'username': 'beautifulmouse350', 'password': 'backbone', 'salt': 'bUshALrU', 'md5': '6ae6dded032b86f994feb3fc7df6186f', 'sha1': 'd8320ed5c633246084c4592b42e4e5c07928feca', 'sha256': 'ae9f606cedff0d47f10f8bbc24eb461bbde772c07d6f973b3e96d634b6df65ea'}, 'dob': {'date': '1955-09-06T21:18:27.600Z', 'age': 68}, 'registered': {'date': '2011-12-17T19:51:17.917Z', 'age': 12}, 'phone': '053-39021289', 'cell': '0976-140-0673', 'id': {'name': '', 'value': None}, 'picture': {'large': 'https://randomuser.me/api/portraits/women/69.jpg', 'medium': 'https://randomuser.me/api/portraits/med/women/69.jpg', 'thumbnail': 'https://randomuser.me/api/portraits/thumb/women/69.jpg'}, 'nat': 'IR'}</msg>
<arg>${json_data['results'][0]}</arg>
<doc>Logs the given message with the given level.</doc>
<status status="PASS" start="2024-07-16T03:19:53.863950" elapsed="0.000450"/>
</kw>
<kw name="Log" owner="BuiltIn">
<msg time="2024-07-16T03:19:53.864830" level="INFO">name</msg>
<arg>${key}</arg>
<doc>Logs the given message with the given level.</doc>
<status status="PASS" start="2024-07-16T03:19:53.864701" elapsed="0.000166"/>
</kw>
<var name="${key}">name</var>
<status status="PASS" start="2024-07-16T03:19:53.863217" elapsed="0.001863"/>
</iter>
<iter>
<kw name="Dictionary Should Contain Key" owner="Collections">
<arg>${json_data['results'][0]}</arg>
<arg>${key}</arg>
<doc>Fails if ``key`` is not found from ``dictionary``.</doc>
<status status="PASS" start="2024-07-16T03:19:53.865366" elapsed="0.000376"/>
</kw>
<kw name="Log" owner="BuiltIn">
<msg time="2024-07-16T03:19:53.866286" level="INFO">{'gender': 'female', 'name': {'title': 'Miss', 'first': 'سارینا', 'last': 'نكو نظر'}, 'location': {'street': {'number': 6568, 'name': 'شهید اکبر وصالی'}, 'city': 'آبادان', 'state': 'همدان', 'country': 'Iran', 'postcode': 77584, 'coordinates': {'latitude': '13.2540', 'longitude': '164.4626'}, 'timezone': {'offset': '-12:00', 'description': 'Eniwetok, Kwajalein'}}, 'email': 'sryn.nkwnzr@example.com', 'login': {'uuid': '7c00a60b-c0b4-4269-8b10-a437b965e142', 'username': 'beautifulmouse350', 'password': 'backbone', 'salt': 'bUshALrU', 'md5': '6ae6dded032b86f994feb3fc7df6186f', 'sha1': 'd8320ed5c633246084c4592b42e4e5c07928feca', 'sha256': 'ae9f606cedff0d47f10f8bbc24eb461bbde772c07d6f973b3e96d634b6df65ea'}, 'dob': {'date': '1955-09-06T21:18:27.600Z', 'age': 68}, 'registered': {'date': '2011-12-17T19:51:17.917Z', 'age': 12}, 'phone': '053-39021289', 'cell': '0976-140-0673', 'id': {'name': '', 'value': None}, 'picture': {'large': 'https://randomuser.me/api/portraits/women/69.jpg', 'medium': 'https://randomuser.me/api/portraits/med/women/69.jpg', 'thumbnail': 'https://randomuser.me/api/portraits/thumb/women/69.jpg'}, 'nat': 'IR'}</msg>
<arg>${json_data['results'][0]}</arg>
<doc>Logs the given message with the given level.</doc>
<status status="PASS" start="2024-07-16T03:19:53.865929" elapsed="0.000407"/>
</kw>
<kw name="Log" owner="BuiltIn">
<msg time="2024-07-16T03:19:53.866764" level="INFO">location</msg>
<arg>${key}</arg>
<doc>Logs the given message with the given level.</doc>
<status status="PASS" start="2024-07-16T03:19:53.866629" elapsed="0.000181"/>
</kw>
<var name="${key}">location</var>
<status status="PASS" start="2024-07-16T03:19:53.865257" elapsed="0.001771"/>
</iter>
<iter>
<kw name="Dictionary Should Contain Key" owner="Collections">
<arg>${json_data['results'][0]}</arg>
<arg>${key}</arg>
<doc>Fails if ``key`` is not found from ``dictionary``.</doc>
<status status="PASS" start="2024-07-16T03:19:53.867304" elapsed="0.000385"/>
</kw>
<kw name="Log" owner="BuiltIn">
<msg time="2024-07-16T03:19:53.868269" level="INFO">{'gender': 'female', 'name': {'title': 'Miss', 'first': 'سارینا', 'last': 'نكو نظر'}, 'location': {'street': {'number': 6568, 'name': 'شهید اکبر وصالی'}, 'city': 'آبادان', 'state': 'همدان', 'country': 'Iran', 'postcode': 77584, 'coordinates': {'latitude': '13.2540', 'longitude': '164.4626'}, 'timezone': {'offset': '-12:00', 'description': 'Eniwetok, Kwajalein'}}, 'email': 'sryn.nkwnzr@example.com', 'login': {'uuid': '7c00a60b-c0b4-4269-8b10-a437b965e142', 'username': 'beautifulmouse350', 'password': 'backbone', 'salt': 'bUshALrU', 'md5': '6ae6dded032b86f994feb3fc7df6186f', 'sha1': 'd8320ed5c633246084c4592b42e4e5c07928feca', 'sha256': 'ae9f606cedff0d47f10f8bbc24eb461bbde772c07d6f973b3e96d634b6df65ea'}, 'dob': {'date': '1955-09-06T21:18:27.600Z', 'age': 68}, 'registered': {'date': '2011-12-17T19:51:17.917Z', 'age': 12}, 'phone': '053-39021289', 'cell': '0976-140-0673', 'id': {'name': '', 'value': None}, 'picture': {'large': 'https://randomuser.me/api/portraits/women/69.jpg', 'medium': 'https://randomuser.me/api/portraits/med/women/69.jpg', 'thumbnail': 'https://randomuser.me/api/portraits/thumb/women/69.jpg'}, 'nat': 'IR'}</msg>
<arg>${json_data['results'][0]}</arg>
<doc>Logs the given message with the given level.</doc>
<status status="PASS" start="2024-07-16T03:19:53.867878" elapsed="0.000445"/>
</kw>
<kw name="Log" owner="BuiltIn">
<msg time="2024-07-16T03:19:53.868751" level="INFO">email</msg>
<arg>${key}</arg>
<doc>Logs the given message with the given level.</doc>
<status status="PASS" start="2024-07-16T03:19:53.868618" elapsed="0.000172"/>
</kw>
<var name="${key}">email</var>
<status status="PASS" start="2024-07-16T03:19:53.867198" elapsed="0.001806"/>
</iter>
<iter>
<kw name="Dictionary Should Contain Key" owner="Collections">
<arg>${json_data['results'][0]}</arg>
<arg>${key}</arg>
<doc>Fails if ``key`` is not found from ``dictionary``.</doc>
<status status="PASS" start="2024-07-16T03:19:53.869290" elapsed="0.000383"/>
</kw>
<kw name="Log" owner="BuiltIn">
<msg time="2024-07-16T03:19:53.870195" level="INFO">{'gender': 'female', 'name': {'title': 'Miss', 'first': 'سارینا', 'last': 'نكو نظر'}, 'location': {'street': {'number': 6568, 'name': 'شهید اکبر وصالی'}, 'city': 'آبادان', 'state': 'همدان', 'country': 'Iran', 'postcode': 77584, 'coordinates': {'latitude': '13.2540', 'longitude': '164.4626'}, 'timezone': {'offset': '-12:00', 'description': 'Eniwetok, Kwajalein'}}, 'email': 'sryn.nkwnzr@example.com', 'login': {'uuid': '7c00a60b-c0b4-4269-8b10-a437b965e142', 'username': 'beautifulmouse350', 'password': 'backbone', 'salt': 'bUshALrU', 'md5': '6ae6dded032b86f994feb3fc7df6186f', 'sha1': 'd8320ed5c633246084c4592b42e4e5c07928feca', 'sha256': 'ae9f606cedff0d47f10f8bbc24eb461bbde772c07d6f973b3e96d634b6df65ea'}, 'dob': {'date': '1955-09-06T21:18:27.600Z', 'age': 68}, 'registered': {'date': '2011-12-17T19:51:17.917Z', 'age': 12}, 'phone': '053-39021289', 'cell': '0976-140-0673', 'id': {'name': '', 'value': None}, 'picture': {'large': 'https://randomuser.me/api/portraits/women/69.jpg', 'medium': 'https://randomuser.me/api/portraits/med/women/69.jpg', 'thumbnail': 'https://randomuser.me/api/portraits/thumb/women/69.jpg'}, 'nat': 'IR'}</msg>
<arg>${json_data['results'][0]}</arg>
<doc>Logs the given message with the given level.</doc>
<status status="PASS" start="2024-07-16T03:19:53.869850" elapsed="0.000395"/>
</kw>
<kw name="Log" owner="BuiltIn">
<msg time="2024-07-16T03:19:53.870659" level="INFO">login</msg>
<arg>${key}</arg>
<doc>Logs the given message with the given level.</doc>
<status status="PASS" start="2024-07-16T03:19:53.870536" elapsed="0.000159"/>
</kw>
<var name="${key}">login</var>
<status status="PASS" start="2024-07-16T03:19:53.869178" elapsed="0.001726"/>
</iter>
<var>${key}</var>
<value>@{expected_keys}</value>
<status status="PASS" start="2024-07-16T03:19:53.860960" elapsed="0.010061"/>
</for>
<kw name="Create List" owner="BuiltIn">
<msg time="2024-07-16T03:19:53.871558" level="INFO">${expected_keysTwo} = ['username', 'password']</msg>
<var>${expected_keysTwo}</var>
<arg>username</arg>
<arg>password</arg>
<doc>Returns a list containing given items.</doc>
<status status="PASS" start="2024-07-16T03:19:53.871346" elapsed="0.000249"/>
</kw>
<for flavor="IN">
<iter>
<kw name="Dictionary Should Contain Key" owner="Collections">
<arg>${json_data['results'][0]['login']}</arg>
<arg>${keyTwo}</arg>
<doc>Fails if ``key`` is not found from ``dictionary``.</doc>
<status status="PASS" start="2024-07-16T03:19:53.872239" elapsed="0.000397"/>
</kw>
<kw name="Dictionary Should Contain Key" owner="Collections">
<arg>${json_data['results'][0]['login']}</arg>
<arg>${keyTwo}</arg>
<doc>Fails if ``key`` is not found from ``dictionary``.</doc>
<status status="PASS" start="2024-07-16T03:19:53.872817" elapsed="0.000370"/>
</kw>
<kw name="Log" owner="BuiltIn">
<msg time="2024-07-16T03:19:53.873486" level="INFO">username</msg>
<arg>${keyTwo}</arg>
<doc>Logs the given message with the given level.</doc>
<status status="PASS" start="2024-07-16T03:19:53.873367" elapsed="0.000156"/>
</kw>
<var name="${keyTwo}">username</var>
<status status="PASS" start="2024-07-16T03:19:53.872101" elapsed="0.001639"/>
</iter>
<iter>
<kw name="Dictionary Should Contain Key" owner="Collections">
<arg>${json_data['results'][0]['login']}</arg>
<arg>${keyTwo}</arg>
<doc>Fails if ``key`` is not found from ``dictionary``.</doc>
<status status="PASS" start="2024-07-16T03:19:53.874016" elapsed="0.000386"/>
</kw>
<kw name="Dictionary Should Contain Key" owner="Collections">
<arg>${json_data['results'][0]['login']}</arg>
<arg>${keyTwo}</arg>
<doc>Fails if ``key`` is not found from ``dictionary``.</doc>
<status status="PASS" start="2024-07-16T03:19:53.874579" elapsed="0.000370"/>
</kw>
<kw name="Log" owner="BuiltIn">
<msg time="2024-07-16T03:19:53.875238" level="INFO">password</msg>
<arg>${keyTwo}</arg>
<doc>Logs the given message with the given level.</doc>
<status status="PASS" start="2024-07-16T03:19:53.875122" elapsed="0.000158"/>
</kw>
<var name="${keyTwo}">password</var>
<status status="PASS" start="2024-07-16T03:19:53.873911" elapsed="0.001681"/>
</iter>
<var>${keyTwo}</var>
<value>@{expected_keysTwo}</value>
<status status="PASS" start="2024-07-16T03:19:53.871928" elapsed="0.003787"/>
</for>
<status status="PASS" start="2024-07-16T03:19:53.741264" elapsed="0.134595"/>
</kw>
<doc>Testa a estrutura da resposta da API.</doc>
<tag>testeEstruturaResposta</tag>
<status status="PASS" start="2024-07-16T03:19:53.740619" elapsed="0.135395"/>
</test>
<test id="s1-s1-t4" name="Validar tipos de dados" line="28">
<kw name="Teste de Tipos de Dados" owner="random-user-service">
<kw name="GET On Session" owner="RequestsLibrary">
<msg time="2024-07-16T03:19:53.971988" level="INFO">GET Request : url=https://randomuser.me/api 
 path_url=/api 
 headers={'User-Agent': 'python-requests/2.32.3', 'Accept-Encoding': 'gzip, deflate', 'Accept': '*/*', 'Connection': 'keep-alive'} 
 body=None 
 </msg>
<msg time="2024-07-16T03:19:53.972101" level="INFO">GET Response : url=https://randomuser.me/api 
 status=200, reason=OK 
 headers={'Date': 'Tue, 16 Jul 2024 03:19:53 GMT', 'Content-Type': 'application/json; charset=utf-8', 'Transfer-Encoding': 'chunked', 'Connection': 'keep-alive', 'X-Powered-By': 'Express', 'Access-Control-Allow-Origin': '*', 'Cache-Control': 'no-cache', 'ETag': 'W/"483-FoS1qwh0xD6cTBPtULXq9aSg4ro"', 'Vary': 'Accept-Encoding', 'Content-Encoding': 'gzip', 'CF-Cache-Status': 'DYNAMIC', 'Report-To': '{"endpoints":[{"url":"https:\\/\\/a.nel.cloudflare.com\\/report\\/v4?s=%2Fvy7S3E7bmJKaC1gVBmm40G0TAWeiJfn%2B1a2OX%2FoSjNHR%2BDet%2BnYnf8hbWemG9nVvOXqcHlfGD2A70NLyEs5WYO6zx6bvWhp94IhZtOOjkB2OMtt1bnfV2jOB%2FxOnzLq"}],"group":"cf-nel","max_age":604800}', 'NEL': '{"success_fraction":0,"report_to":"cf-nel","max_age":604800}', 'Server': 'cloudflare', 'CF-RAY': '8a3eda71cf511696-SJC', 'alt-svc': 'h3=":443"; ma=86400'} 
 body={"results":[{"gender":"male","name":{"title":"Mr","first":"Malik","last":"Kucevich"},"location":{"street":{"number":7802,"name":"Mikoli Pimonenka"},"city":"Mostiska","state":"Rivnenska","country":"Ukraine","postcode":54893,"coordinates":{"latitude":"77.4403","longitude":"-35.5039"},"timezone":{"offset":"-3:00","description":"Brazil, Buenos Aires, Georgetown"}},"email":"malik.kucevich@example.com","login":{"uuid":"875c39b7-f558-4ae0-9212-6c6468e499c9","username":"bigdog469","password":"beezer","salt":"9utGP4dJ","md5":"a8b4360a15cf7a6b0edd96fdfc94b2ba","sha1":"7a237aec5987e69b150e529049fa873a960bee32","sha256":"83461c5547978eb91e88f010f9ba4ecfb1ffe4b97d38c5d4872b84a1d75f6e96"},"dob":{"date":"1987-06-21T23:21:12.832Z","age":37},"registered":{"date":"2010-03-25T11:54:32.125Z","age":14},"phone":"(068) N92-5675","cell":"(068) B04-1347","id":{"name":"","value":null},"picture":{"large":"https://randomuser.me/api/portraits/men/25.jpg","medium":"https://randomuser.me/api/portraits/med/men/25.jpg","thumbnail":"https://randomuser.me/api/portraits/thumb/men/25.jpg"},"nat":"UA"}],"info":{"seed":"b3ac43f29e6716aa","results":1,"page":1,"version":"1.4"}} 
 </msg>
<msg time="2024-07-16T03:19:53.972223" level="INFO">/opt/hostedtoolcache/Python/3.12.4/x64/lib/python3.12/site-packages/urllib3/connectionpool.py:1099: InsecureRequestWarning: Unverified HTTPS request is being made to host 'randomuser.me'. Adding certificate verification is strongly advised. See: https://urllib3.readthedocs.io/en/latest/advanced-usage.html#tls-warnings
  warnings.warn(</msg>
<msg time="2024-07-16T03:19:53.972376" level="INFO">${response} = &lt;Response [200]&gt;</msg>
<var>${response}</var>
<arg>consultarAPI</arg>
<arg>/api</arg>
<doc>Sends a GET request on a previously created HTTP Session.</doc>
<status status="PASS" start="2024-07-16T03:19:53.878611" elapsed="0.093815"/>
</kw>
<kw name="Set Variable" owner="BuiltIn">
<msg time="2024-07-16T03:19:53.973665" level="INFO">${json_data} = {'results': [{'gender': 'male', 'name': {'title': 'Mr', 'first': 'Malik', 'last': 'Kucevich'}, 'location': {'street': {'number': 7802, 'name': 'Mikoli Pimonenka'}, 'city': 'Mostiska', 'state': 'Rivnen...</msg>
<var>${json_data}</var>
<arg>${response.json()}</arg>
<doc>Returns the given values which can then be assigned to a variables.</doc>
<status status="PASS" start="2024-07-16T03:19:53.973085" elapsed="0.000610"/>
</kw>
<kw name="Log" owner="BuiltIn">
<msg time="2024-07-16T03:19:53.974219" level="INFO">{'results': [{'gender': 'male', 'name': {'title': 'Mr', 'first': 'Malik', 'last': 'Kucevich'}, 'location': {'street': {'number': 7802, 'name': 'Mikoli Pimonenka'}, 'city': 'Mostiska', 'state': 'Rivnenska', 'country': 'Ukraine', 'postcode': 54893, 'coordinates': {'latitude': '77.4403', 'longitude': '-35.5039'}, 'timezone': {'offset': '-3:00', 'description': 'Brazil, Buenos Aires, Georgetown'}}, 'email': 'malik.kucevich@example.com', 'login': {'uuid': '875c39b7-f558-4ae0-9212-6c6468e499c9', 'username': 'bigdog469', 'password': 'beezer', 'salt': '9utGP4dJ', 'md5': 'a8b4360a15cf7a6b0edd96fdfc94b2ba', 'sha1': '7a237aec5987e69b150e529049fa873a960bee32', 'sha256': '83461c5547978eb91e88f010f9ba4ecfb1ffe4b97d38c5d4872b84a1d75f6e96'}, 'dob': {'date': '1987-06-21T23:21:12.832Z', 'age': 37}, 'registered': {'date': '2010-03-25T11:54:32.125Z', 'age': 14}, 'phone': '(068) N92-5675', 'cell': '(068) B04-1347', 'id': {'name': '', 'value': None}, 'picture': {'large': 'https://randomuser.me/api/portraits/men/25.jpg', 'medium': 'https://randomuser.me/api/portraits/med/men/25.jpg', 'thumbnail': 'https://randomuser.me/api/portraits/thumb/men/25.jpg'}, 'nat': 'UA'}], 'info': {'seed': 'b3ac43f29e6716aa', 'results': 1, 'page': 1, 'version': '1.4'}}</msg>
<arg>${json_data}</arg>
<doc>Logs the given message with the given level.</doc>
<status status="PASS" start="2024-07-16T03:19:53.974048" elapsed="0.000220"/>
</kw>
<kw name="Should Be String" owner="String">
<arg>${json_data['results'][0]['gender']}</arg>
<doc>Fails if the given ``item`` is not a string.</doc>
<status status="PASS" start="2024-07-16T03:19:53.974578" elapsed="0.000375"/>
</kw>
<kw name="Should Match Regexp" owner="BuiltIn">
<arg>${json_data['results'][0]['email']}</arg>
<arg>^[a-zA-Z0-9._%+-]+@[a-zA-Z0-9.-]+\.[a-zA-Z]{2,}$</arg>
<doc>Fails if ``string`` does not match ``pattern`` as a regular expression.</doc>
<status status="PASS" start="2024-07-16T03:19:53.975192" elapsed="0.000529"/>
</kw>
<kw name="Should Match Regexp" owner="BuiltIn">
<arg>${json_data['results'][0]['dob']['date']}</arg>
<arg>\\d{4}-\\d{2}-\\d{2}T\\d{2}:\\d{2}:\\d{2}\\.\\d{3}Z</arg>
<doc>Fails if ``string`` does not match ``pattern`` as a regular expression.</doc>
<status status="PASS" start="2024-07-16T03:19:53.975925" elapsed="0.000543"/>
</kw>
<kw name="Should Match Regexp" owner="BuiltIn">
<arg>${json_data['results'][0]['registered']['date']}</arg>
<arg>\\d{4}-\\d{2}-\\d{2}T\\d{2}:\\d{2}:\\d{2}\\.\\d{3}Z</arg>
<doc>Fails if ``string`` does not match ``pattern`` as a regular expression.</doc>
<status status="PASS" start="2024-07-16T03:19:53.976670" elapsed="0.000377"/>
</kw>
<kw name="Should Match Regexp" owner="BuiltIn">
<arg>${json_data['results'][0]['picture']['large']}</arg>
<arg>^https?://.*\.(?:png|jpe?g|gif|bmp)$</arg>
<doc>Fails if ``string`` does not match ``pattern`` as a regular expression.</doc>
<status status="PASS" start="2024-07-16T03:19:53.977229" elapsed="0.000461"/>
</kw>
<kw name="Should Match Regexp" owner="BuiltIn">
<arg>${json_data['results'][0]['picture']['medium']}</arg>
<arg>^https?://.*\.(?:png|jpe?g|gif|bmp)$</arg>
<doc>Fails if ``string`` does not match ``pattern`` as a regular expression.</doc>
<status status="PASS" start="2024-07-16T03:19:53.977873" elapsed="0.000349"/>
</kw>
<kw name="Should Match Regexp" owner="BuiltIn">
<arg>${json_data['results'][0]['picture']['thumbnail']}</arg>
<arg>^https?://.*\.(?:png|jpe?g|gif|bmp)$</arg>
<doc>Fails if ``string`` does not match ``pattern`` as a regular expression.</doc>
<status status="PASS" start="2024-07-16T03:19:53.978401" elapsed="0.000344"/>
</kw>
<kw name="Log" owner="BuiltIn">
<msg time="2024-07-16T03:19:53.979258" level="INFO">{'large': 'https://randomuser.me/api/portraits/men/25.jpg', 'medium': 'https://randomuser.me/api/portraits/med/men/25.jpg', 'thumbnail': 'https://randomuser.me/api/portraits/thumb/men/25.jpg'}</msg>
<arg>${json_data['results'][0]['picture']}</arg>
<doc>Logs the given message with the given level.</doc>
<status status="PASS" start="2024-07-16T03:19:53.978929" elapsed="0.000370"/>
</kw>
<status status="PASS" start="2024-07-16T03:19:53.878384" elapsed="0.101175"/>
</kw>
<kw name="Teste de Tipos de Dados - Postcode" owner="random-user-service">
<kw name="GET On Session" owner="RequestsLibrary">
<msg time="2024-07-16T03:19:54.082691" level="INFO">GET Request : url=https://randomuser.me/api 
 path_url=/api 
 headers={'User-Agent': 'python-requests/2.32.3', 'Accept-Encoding': 'gzip, deflate', 'Accept': '*/*', 'Connection': 'keep-alive'} 
 body=None 
 </msg>
<msg time="2024-07-16T03:19:54.082788" level="INFO">GET Response : url=https://randomuser.me/api 
 status=200, reason=OK 
 headers={'Date': 'Tue, 16 Jul 2024 03:19:54 GMT', 'Content-Type': 'application/json; charset=utf-8', 'Transfer-Encoding': 'chunked', 'Connection': 'keep-alive', 'X-Powered-By': 'Express', 'Access-Control-Allow-Origin': '*', 'Cache-Control': 'no-cache', 'ETag': 'W/"498-acDFq2/e/1js/f/3FQ8CxpqR10s"', 'Vary': 'Accept-Encoding', 'Content-Encoding': 'gzip', 'CF-Cache-Status': 'DYNAMIC', 'Report-To': '{"endpoints":[{"url":"https:\\/\\/a.nel.cloudflare.com\\/report\\/v4?s=ie%2BPbknNDQwJ3RkDFSObcaET%2B97aVfhkQjOWNk3Q%2FUKG8y0mkMkm3OL8SNk61h7P5106m%2BtqRHVeiO7grzyBJy0f%2BbXPXAW%2B6nlo6u515J%2BP9zOr3einiNX5WLydFdE3"}],"group":"cf-nel","max_age":604800}', 'NEL': '{"success_fraction":0,"report_to":"cf-nel","max_age":604800}', 'Server': 'cloudflare', 'CF-RAY': '8a3eda726ffa1696-SJC', 'alt-svc': 'h3=":443"; ma=86400'} 
 body={"results":[{"gender":"male","name":{"title":"Mr","first":"Jairo","last":"Nascimento"},"location":{"street":{"number":5579,"name":"Rua Paraíba "},"city":"Colombo","state":"Santa Catarina","country":"Brazil","postcode":48552,"coordinates":{"latitude":"-75.3321","longitude":"-58.7938"},"timezone":{"offset":"+4:00","description":"Abu Dhabi, Muscat, Baku, Tbilisi"}},"email":"jairo.nascimento@example.com","login":{"uuid":"8a9873d6-7d06-486e-a087-c69d09a742e5","username":"lazykoala804","password":"1980","salt":"CZbzGA4P","md5":"1f11f34ccc4ba4d9ccb2311daa894bd2","sha1":"02cc210d7c62bbbf1f1758f38964d25ff0e38fe8","sha256":"25b3bab180ead36c1a860918693ea54cd780d6b299d30b1b53677142e5d62d47"},"dob":{"date":"1968-02-15T00:09:45.127Z","age":56},"registered":{"date":"2013-09-10T13:50:12.679Z","age":10},"phone":"(06) 6431-9303","cell":"(05) 9706-1491","id":{"name":"CPF","value":"469.589.474-69"},"picture":{"large":"https://randomuser.me/api/portraits/men/86.jpg","medium":"https://randomuser.me/api/portraits/med/men/86.jpg","thumbnail":"https://randomuser.me/api/portraits/thumb/men/86.jpg"},"nat":"BR"}],"info":{"seed":"d13d6fa85adc037b","results":1,"page":1,"version":"1.4"}} 
 </msg>
<msg time="2024-07-16T03:19:54.082856" level="INFO">/opt/hostedtoolcache/Python/3.12.4/x64/lib/python3.12/site-packages/urllib3/connectionpool.py:1099: InsecureRequestWarning: Unverified HTTPS request is being made to host 'randomuser.me'. Adding certificate verification is strongly advised. See: https://urllib3.readthedocs.io/en/latest/advanced-usage.html#tls-warnings
  warnings.warn(</msg>
<msg time="2024-07-16T03:19:54.082971" level="INFO">${response} = &lt;Response [200]&gt;</msg>
<var>${response}</var>
<arg>consultarAPI</arg>
<arg>/api</arg>
<doc>Sends a GET request on a previously created HTTP Session.</doc>
<status status="PASS" start="2024-07-16T03:19:53.980025" elapsed="0.102972"/>
</kw>
<kw name="Set Variable" owner="BuiltIn">
<msg time="2024-07-16T03:19:54.084047" level="INFO">${json_data} = {'results': [{'gender': 'male', 'name': {'title': 'Mr', 'first': 'Jairo', 'last': 'Nascimento'}, 'location': {'street': {'number': 5579, 'name': 'Rua Paraíba '}, 'city': 'Colombo', 'state': 'Santa Cat...</msg>
<var>${json_data}</var>
<arg>${response.json()}</arg>
<doc>Returns the given values which can then be assigned to a variables.</doc>
<status status="PASS" start="2024-07-16T03:19:54.083533" elapsed="0.000544"/>
</kw>
<kw name="Log" owner="BuiltIn">
<msg time="2024-07-16T03:19:54.084597" level="INFO">{'results': [{'gender': 'male', 'name': {'title': 'Mr', 'first': 'Jairo', 'last': 'Nascimento'}, 'location': {'street': {'number': 5579, 'name': 'Rua Paraíba '}, 'city': 'Colombo', 'state': 'Santa Catarina', 'country': 'Brazil', 'postcode': 48552, 'coordinates': {'latitude': '-75.3321', 'longitude': '-58.7938'}, 'timezone': {'offset': '+4:00', 'description': 'Abu Dhabi, Muscat, Baku, Tbilisi'}}, 'email': 'jairo.nascimento@example.com', 'login': {'uuid': '8a9873d6-7d06-486e-a087-c69d09a742e5', 'username': 'lazykoala804', 'password': '1980', 'salt': 'CZbzGA4P', 'md5': '1f11f34ccc4ba4d9ccb2311daa894bd2', 'sha1': '02cc210d7c62bbbf1f1758f38964d25ff0e38fe8', 'sha256': '25b3bab180ead36c1a860918693ea54cd780d6b299d30b1b53677142e5d62d47'}, 'dob': {'date': '1968-02-15T00:09:45.127Z', 'age': 56}, 'registered': {'date': '2013-09-10T13:50:12.679Z', 'age': 10}, 'phone': '(06) 6431-9303', 'cell': '(05) 9706-1491', 'id': {'name': 'CPF', 'value': '469.589.474-69'}, 'picture': {'large': 'https://randomuser.me/api/portraits/men/86.jpg', 'medium': 'https://randomuser.me/api/portraits/med/men/86.jpg', 'thumbnail': 'https://randomuser.me/api/portraits/thumb/men/86.jpg'}, 'nat': 'BR'}], 'info': {'seed': 'd13d6fa85adc037b', 'results': 1, 'page': 1, 'version': '1.4'}}</msg>
<arg>${json_data}</arg>
<doc>Logs the given message with the given level.</doc>
<status status="PASS" start="2024-07-16T03:19:54.084430" elapsed="0.000215"/>
</kw>
<kw name="Should Be Equal As Numbers" owner="BuiltIn">
<arg>${json_data['results'][0]['location']['postcode']}</arg>
<arg>${json_data['results'][0]['location']['postcode']}</arg>
<doc>Fails if objects are unequal after converting them to real numbers.</doc>
<status status="PASS" start="2024-07-16T03:19:54.084937" elapsed="0.000621"/>
</kw>
<kw name="Log" owner="BuiltIn">
<msg time="2024-07-16T03:19:54.086285" level="INFO">48552</msg>
<arg>${json_data['results'][0]['location']['postcode']}</arg>
<doc>Logs the given message with the given level.</doc>
<status status="PASS" start="2024-07-16T03:19:54.085781" elapsed="0.000545"/>
</kw>
<status status="PASS" start="2024-07-16T03:19:53.979789" elapsed="0.106796"/>
</kw>
<doc>Testa se os tipos de dados na resposta da API estão corretos.</doc>
<tag>testeTiposDados</tag>
<status status="PASS" start="2024-07-16T03:19:53.877822" elapsed="0.208928"/>
</test>
<test id="s1-s1-t5" name="Validar conteudo" line="35">
<kw name="Teste de Tipos de Conteudo" owner="random-user-service">
<kw name="GET On Session" owner="RequestsLibrary">
<msg time="2024-07-16T03:19:54.213802" level="INFO">GET Request : url=https://randomuser.me/api 
 path_url=/api 
 headers={'User-Agent': 'python-requests/2.32.3', 'Accept-Encoding': 'gzip, deflate', 'Accept': '*/*', 'Connection': 'keep-alive'} 
 body=None 
 </msg>
<msg time="2024-07-16T03:19:54.213915" level="INFO">GET Response : url=https://randomuser.me/api 
 status=200, reason=OK 
 headers={'Date': 'Tue, 16 Jul 2024 03:19:54 GMT', 'Content-Type': 'application/json; charset=utf-8', 'Transfer-Encoding': 'chunked', 'Connection': 'keep-alive', 'X-Powered-By': 'Express', 'Access-Control-Allow-Origin': '*', 'Cache-Control': 'no-cache', 'ETag': 'W/"478-w9TZPIekaMBOiuriZ9XHJRBnI2o"', 'Vary': 'Accept-Encoding', 'Content-Encoding': 'gzip', 'CF-Cache-Status': 'DYNAMIC', 'Report-To': '{"endpoints":[{"url":"https:\\/\\/a.nel.cloudflare.com\\/report\\/v4?s=u5AdZRA3jtNNzrXgsD9dsGz5URLFbW485WfhwFA2VfYuPo8obYc5seIMgnaHkj4I4CSVApoOt%2F1ABdV1XRqUPDoaRbkjGLiX7kL57HJr0g4N%2F0938RomC%2F2mwZLfkkUt"}],"group":"cf-nel","max_age":604800}', 'NEL': '{"success_fraction":0,"report_to":"cf-nel","max_age":604800}', 'Server': 'cloudflare', 'CF-RAY': '8a3eda7318ad1696-SJC', 'alt-svc': 'h3=":443"; ma=86400'} 
 body={"results":[{"gender":"male","name":{"title":"Mr","first":"Jimmie","last":"Gonzales"},"location":{"street":{"number":8025,"name":"White Oak Dr"},"city":"Geelong","state":"New South Wales","country":"Australia","postcode":1924,"coordinates":{"latitude":"-84.0255","longitude":"-5.7032"},"timezone":{"offset":"-9:00","description":"Alaska"}},"email":"jimmie.gonzales@example.com","login":{"uuid":"851cf528-47a9-4a18-a300-0b5ad892d5f1","username":"angrybird107","password":"carpedie","salt":"sEOMPhG5","md5":"ab81961be5db379d5ff054ca9b2eeb6b","sha1":"64a37ce61e3f8a453843965fd79033e30f7fba30","sha256":"b375514817ff5a197aa0c48b9fb678db1828d833839c3b0ec308235c3a4ae8d7"},"dob":{"date":"1985-06-16T11:43:14.132Z","age":39},"registered":{"date":"2009-04-12T07:53:31.446Z","age":15},"phone":"08-5518-3917","cell":"0432-543-274","id":{"name":"TFN","value":"861490606"},"picture":{"large":"https://randomuser.me/api/portraits/men/65.jpg","medium":"https://randomuser.me/api/portraits/med/men/65.jpg","thumbnail":"https://randomuser.me/api/portraits/thumb/men/65.jpg"},"nat":"AU"}],"info":{"seed":"245351adc0e37d7b","results":1,"page":1,"version":"1.4"}} 
 </msg>
<msg time="2024-07-16T03:19:54.213993" level="INFO">/opt/hostedtoolcache/Python/3.12.4/x64/lib/python3.12/site-packages/urllib3/connectionpool.py:1099: InsecureRequestWarning: Unverified HTTPS request is being made to host 'randomuser.me'. Adding certificate verification is strongly advised. See: https://urllib3.readthedocs.io/en/latest/advanced-usage.html#tls-warnings
  warnings.warn(</msg>
<msg time="2024-07-16T03:19:54.214112" level="INFO">${response} = &lt;Response [200]&gt;</msg>
<var>${response}</var>
<arg>consultarAPI</arg>
<arg>/api</arg>
<doc>Sends a GET request on a previously created HTTP Session.</doc>
<status status="PASS" start="2024-07-16T03:19:54.089213" elapsed="0.124926"/>
</kw>
<kw name="Set Variable" owner="BuiltIn">
<msg time="2024-07-16T03:19:54.215201" level="INFO">${json_data} = {'results': [{'gender': 'male', 'name': {'title': 'Mr', 'first': 'Jimmie', 'last': 'Gonzales'}, 'location': {'street': {'number': 8025, 'name': 'White Oak Dr'}, 'city': 'Geelong', 'state': 'New South ...</msg>
<var>${json_data}</var>
<arg>${response.json()}</arg>
<doc>Returns the given values which can then be assigned to a variables.</doc>
<status status="PASS" start="2024-07-16T03:19:54.214688" elapsed="0.000543"/>
</kw>
<kw name="Set Variable" owner="BuiltIn">
<msg time="2024-07-16T03:19:54.215969" level="INFO">${name_title} = Mr</msg>
<var>${name_title}</var>
<arg>${json_data["results"][0]["name"]["title"]}</arg>
<doc>Returns the given values which can then be assigned to a variables.</doc>
<status status="PASS" start="2024-07-16T03:19:54.215567" elapsed="0.000429"/>
</kw>
<kw name="Create List" owner="BuiltIn">
<msg time="2024-07-16T03:19:54.216494" level="INFO">${allowed_titles} = ['Mr', 'Ms', 'Miss', 'Mrs', 'Madame', 'Monsieur']</msg>
<var>${allowed_titles}</var>
<arg>Mr</arg>
<arg>Ms</arg>
<arg>Miss</arg>
<arg>Mrs</arg>
<arg>Madame</arg>
<arg>Monsieur</arg>
<doc>Returns a list containing given items.</doc>
<status status="PASS" start="2024-07-16T03:19:54.216342" elapsed="0.000178"/>
</kw>
<kw name="List Should Contain Value" owner="Collections">
<arg>${allowed_titles}</arg>
<arg>${name_title}</arg>
<doc>Fails if the ``value`` is not found from ``list``.</doc>
<status status="PASS" start="2024-07-16T03:19:54.216828" elapsed="0.000179"/>
</kw>
<kw name="Set Variable" owner="BuiltIn">
<msg time="2024-07-16T03:19:54.217566" level="INFO">${name_country} = AU</msg>
<var>${name_country}</var>
<arg>${json_data["results"][0]["nat"]}</arg>
<doc>Returns the given values which can then be assigned to a variables.</doc>
<status status="PASS" start="2024-07-16T03:19:54.217189" elapsed="0.000404"/>
</kw>
<kw name="Create List" owner="BuiltIn">
<msg time="2024-07-16T03:19:54.218479" level="INFO">${list_country} = ['AD', 'AE', 'AF', 'AG', 'AI', 'AL', 'AM', 'AO', 'AQ', 'AR', 'AS', 'AT', 'AU', 'AW', 'AX', 'AZ', 'BA', 'BB', 'BD', 'BE', 'BF', 'BG', 'BH', 'BI', 'BJ', 'BL', 'BM', 'BN', 'BO', 'BQ', 'BR', 'BS', 'BT', '...</msg>
<var>${list_country}</var>
<arg>AD</arg>
<arg>AE</arg>
<arg>AF</arg>
<arg>AG</arg>
<arg>AI</arg>
<arg>AL</arg>
<arg>AM</arg>
<arg>AO</arg>
<arg>AQ</arg>
<arg>AR</arg>
<arg>AS</arg>
<arg>AT</arg>
<arg>AU</arg>
<arg>AW</arg>
<arg>AX</arg>
<arg>AZ</arg>
<arg>BA</arg>
<arg>BB</arg>
<arg>BD</arg>
<arg>BE</arg>
<arg>BF</arg>
<arg>BG</arg>
<arg>BH</arg>
<arg>BI</arg>
<arg>BJ</arg>
<arg>BL</arg>
<arg>BM</arg>
<arg>BN</arg>
<arg>BO</arg>
<arg>BQ</arg>
<arg>BR</arg>
<arg>BS</arg>
<arg>BT</arg>
<arg>BV</arg>
<arg>BW</arg>
<arg>BY</arg>
<arg>BZ</arg>
<arg>CA</arg>
<arg>CC</arg>
<arg>CD</arg>
<arg>CF</arg>
<arg>CG</arg>
<arg>CH</arg>
<arg>CI</arg>
<arg>CK</arg>
<arg>CL</arg>
<arg>CM</arg>
<arg>CN</arg>
<arg>CO</arg>
<arg>CR</arg>
<arg>CU</arg>
<arg>CV</arg>
<arg>CW</arg>
<arg>CX</arg>
<arg>CY</arg>
<arg>CZ</arg>
<arg>DE</arg>
<arg>DJ</arg>
<arg>DK</arg>
<arg>DM</arg>
<arg>DO</arg>
<arg>DZ</arg>
<arg>EC</arg>
<arg>EE</arg>
<arg>EG</arg>
<arg>EH</arg>
<arg>ER</arg>
<arg>ES</arg>
<arg>ET</arg>
<arg>FI</arg>
<arg>FJ</arg>
<arg>FK</arg>
<arg>FM</arg>
<arg>FO</arg>
<arg>FR</arg>
<arg>GA</arg>
<arg>GB</arg>
<arg>GD</arg>
<arg>GE</arg>
<arg>GF</arg>
<arg>GG</arg>
<arg>GH</arg>
<arg>GI</arg>
<arg>GL</arg>
<arg>GM</arg>
<arg>GN</arg>
<arg>GP</arg>
<arg>GQ</arg>
<arg>GR</arg>
<arg>GS</arg>
<arg>GT</arg>
<arg>GU</arg>
<arg>GW</arg>
<arg>GY</arg>
<arg>HK</arg>
<arg>HM</arg>
<arg>HN</arg>
<arg>HR</arg>
<arg>HT</arg>
<arg>HU</arg>
<arg>ID</arg>
<arg>IE</arg>
<arg>IL</arg>
<arg>IM</arg>
<arg>IN</arg>
<arg>IO</arg>
<arg>IQ</arg>
<arg>IR</arg>
<arg>IS</arg>
<arg>IT</arg>
<arg>JE</arg>
<arg>JM</arg>
<arg>JO</arg>
<arg>JP</arg>
<arg>KE</arg>
<arg>KG</arg>
<arg>KH</arg>
<arg>KI</arg>
<arg>KM</arg>
<arg>KN</arg>
<arg>KP</arg>
<arg>KR</arg>
<arg>KW</arg>
<arg>KY</arg>
<arg>KZ</arg>
<arg>LA</arg>
<arg>LB</arg>
<arg>LC</arg>
<arg>LI</arg>
<arg>LK</arg>
<arg>LR</arg>
<arg>LS</arg>
<arg>LT</arg>
<arg>LU</arg>
<arg>LV</arg>
<arg>LY</arg>
<arg>MA</arg>
<arg>MC</arg>
<arg>MD</arg>
<arg>ME</arg>
<arg>MF</arg>
<arg>MG</arg>
<arg>MH</arg>
<arg>MK</arg>
<arg>ML</arg>
<arg>MM</arg>
<arg>MN</arg>
<arg>MO</arg>
<arg>MP</arg>
<arg>MQ</arg>
<arg>MR</arg>
<arg>MS</arg>
<arg>MT</arg>
<arg>MU</arg>
<arg>MV</arg>
<arg>MW</arg>
<arg>MX</arg>
<arg>MY</arg>
<arg>MZ</arg>
<arg>NA</arg>
<arg>NC</arg>
<arg>NE</arg>
<arg>NF</arg>
<arg>NG</arg>
<arg>NI</arg>
<arg>NL</arg>
<arg>NO</arg>
<arg>NP</arg>
<arg>NR</arg>
<arg>NU</arg>
<arg>NZ</arg>
<arg>OM</arg>
<arg>PA</arg>
<arg>PE</arg>
<arg>PF</arg>
<arg>PG</arg>
<arg>PH</arg>
<arg>PK</arg>
<arg>PL</arg>
<arg>PM</arg>
<arg>PN</arg>
<arg>PR</arg>
<arg>PS</arg>
<arg>PT</arg>
<arg>PW</arg>
<arg>PY</arg>
<arg>QA</arg>
<arg>RE</arg>
<arg>RO</arg>
<arg>RS</arg>
<arg>RU</arg>
<arg>RW</arg>
<arg>SA</arg>
<arg>SB</arg>
<arg>SC</arg>
<arg>SD</arg>
<arg>SE</arg>
<arg>SG</arg>
<arg>SH</arg>
<arg>SI</arg>
<arg>SJ</arg>
<arg>SK</arg>
<arg>SL</arg>
<arg>SM</arg>
<arg>SN</arg>
<arg>SO</arg>
<arg>SR</arg>
<arg>SS</arg>
<arg>ST</arg>
<arg>SV</arg>
<arg>SX</arg>
<arg>SY</arg>
<arg>SZ</arg>
<arg>TC</arg>
<arg>TD</arg>
<arg>TF</arg>
<arg>TG</arg>
<arg>TH</arg>
<arg>TJ</arg>
<arg>TK</arg>
<arg>TL</arg>
<arg>TM</arg>
<arg>TN</arg>
<arg>TO</arg>
<arg>TR</arg>
<arg>TT</arg>
<arg>TV</arg>
<arg>TW</arg>
<arg>TZ</arg>
<arg>UA</arg>
<arg>UG</arg>
<arg>UM</arg>
<arg>US</arg>
<arg>UY</arg>
<arg>UZ</arg>
<arg>VA</arg>
<arg>VC</arg>
<arg>VE</arg>
<arg>VG</arg>
<arg>VI</arg>
<arg>VN</arg>
<arg>VU</arg>
<arg>WF</arg>
<arg>WS</arg>
<arg>XK</arg>
<arg>YE</arg>
<arg>YT</arg>
<arg>ZA</arg>
<arg>ZM</arg>
<arg>ZW</arg>
<doc>Returns a list containing given items.</doc>
<status status="PASS" start="2024-07-16T03:19:54.217884" elapsed="0.000621"/>
</kw>
<kw name="List Should Contain Value" owner="Collections">
<arg>${list_country}</arg>
<arg>${name_country}</arg>
<doc>Fails if the ``value`` is not found from ``list``.</doc>
<status status="PASS" start="2024-07-16T03:19:54.219289" elapsed="0.000200"/>
</kw>
<kw name="Run Keyword If" owner="BuiltIn">
<kw name="Should Be True" owner="BuiltIn">
<arg>${True}</arg>
<doc>Fails if the given condition is not true.</doc>
<status status="PASS" start="2024-07-16T03:19:54.220462" elapsed="0.000140"/>
</kw>
<arg>${json_data["results"][0]["location"]["coordinates"]["latitude"]} &gt;= -90 and ${json_data["results"][0]["location"]["coordinates"]["latitude"]} &lt;= 90</arg>
<arg>Should Be True</arg>
<arg>${True}</arg>
<doc>Runs the given keyword with the given arguments, if ``condition`` is true.</doc>
<status status="PASS" start="2024-07-16T03:19:54.219685" elapsed="0.001042"/>
</kw>
<kw name="Run Keyword If" owner="BuiltIn">
<kw name="Should Be True" owner="BuiltIn">
<arg>${True}</arg>
<doc>Fails if the given condition is not true.</doc>
<status status="PASS" start="2024-07-16T03:19:54.221615" elapsed="0.000246"/>
</kw>
<arg>${json_data["results"][0]["location"]["coordinates"]["longitude"]} &gt;= -180 and ${json_data["results"][0]["location"]["coordinates"]["longitude"]} &lt;= 180</arg>
<arg>Should Be True</arg>
<arg>${True}</arg>
<doc>Runs the given keyword with the given arguments, if ``condition`` is true.</doc>
<status status="PASS" start="2024-07-16T03:19:54.220906" elapsed="0.001085"/>
</kw>
<status status="PASS" start="2024-07-16T03:19:54.088992" elapsed="0.133135"/>
</kw>
<doc>Testa o conteúdo específico dos campos retornados pela API.</doc>
<tag>testeConteudo</tag>
<status status="PASS" start="2024-07-16T03:19:54.088509" elapsed="0.133770"/>
</test>
<status status="PASS" start="2024-07-16T03:19:53.268038" elapsed="0.956207"/>
</suite>
<status status="PASS" start="2024-07-16T03:19:53.253071" elapsed="0.976160"/>
</suite>
<statistics>
<total>
<stat pass="5" fail="0" skip="0">All Tests</stat>
</total>
<tag>
<stat pass="1" fail="0" skip="0">testeConteudo</stat>
<stat pass="1" fail="0" skip="0">testeEstruturaResposta</stat>
<stat pass="1" fail="0" skip="0">testeRequisicaoBasica</stat>
<stat pass="1" fail="0" skip="0">testeTiposDados</stat>
</tag>
<suite>
<stat pass="5" fail="0" skip="0" id="s1" name="Tests">Tests</stat>
<stat pass="5" fail="0" skip="0" id="s1-s1" name="Random-User-Test">Tests.Random-User-Test</stat>
</suite>
</statistics>
<errors>
</errors>
</robot>
