<?xml version="1.0" encoding="UTF-8"?>
<robot generator="Robot 7.0 (Python 3.12.2 on linux)" generated="2024-04-07T12:22:44.290542" rpa="false" schemaversion="5">
<suite id="s1" name="Tests" source="/home/runner/work/DesafioQAItauRogerioJordao/DesafioQAItauRogerioJordao/RamdonUser/tests">
<suite id="s1-s1" name="Random-User-Test" source="/home/runner/work/DesafioQAItauRogerioJordao/DesafioQAItauRogerioJordao/RamdonUser/tests/random-user-test.robot">
<test id="s1-s1-t1" name="Conectar" line="13">
<kw name="Conectar API" owner="random-user-service">
<kw name="Create Session" owner="RequestsLibrary">
<msg time="2024-04-07T12:22:44.660388" level="INFO">Creating Session using : alias=consultarAPI, url=https://randomuser.me/, headers={},                     cookies={}, auth=None, timeout=None, proxies=None, verify=False,                     debug=0 </msg>
<arg>consultarAPI</arg>
<arg>${URL}</arg>
<doc>Create Session: create a HTTP session to a server</doc>
<status status="PASS" start="2024-04-07T12:22:44.660151" elapsed="0.000448"/>
</kw>
<status status="PASS" start="2024-04-07T12:22:44.659036" elapsed="0.001950"/>
</kw>
<status status="PASS" start="2024-04-07T12:22:44.658458" elapsed="0.002743"/>
</test>
<test id="s1-s1-t2" name="Validar retorno 200 e JSON Válido" line="16">
<kw name="Teste de Requisicao Basica" owner="random-user-service">
<kw name="GET On Session" owner="RequestsLibrary">
<msg time="2024-04-07T12:22:44.778319" level="INFO">GET Request : url=https://randomuser.me/api 
 path_url=/api 
 headers={'User-Agent': 'python-requests/2.31.0', 'Accept-Encoding': 'gzip, deflate', 'Accept': '*/*', 'Connection': 'keep-alive'} 
 body=None 
 </msg>
<msg time="2024-04-07T12:22:44.778468" level="INFO">GET Response : url=https://randomuser.me/api 
 status=200, reason=OK 
 headers={'Date': 'Sun, 07 Apr 2024 12:22:44 GMT', 'Content-Type': 'application/json; charset=utf-8', 'Transfer-Encoding': 'chunked', 'Connection': 'keep-alive', 'X-Powered-By': 'Express', 'Access-Control-Allow-Origin': '*', 'Cache-Control': 'no-cache', 'ETag': 'W/"4a6-0tuFwUykCmHhDEcTgoPyDNA7RFI"', 'Vary': 'Accept-Encoding', 'Content-Encoding': 'gzip', 'CF-Cache-Status': 'DYNAMIC', 'Report-To': '{"endpoints":[{"url":"https:\\/\\/a.nel.cloudflare.com\\/report\\/v4?s=PEKS3k%2BGZn6YD4611vyaRRdLQrxWtRhXT1tj3cP%2FwNMj5q7RjMduxLdYKuBAylL4zQTbSnSH58Dw027HheZApaV1A5fs8Xmgzq3CvoWeT1RWvI4tOTI1PRIuMOSGKNCi"}],"group":"cf-nel","max_age":604800}', 'NEL': '{"success_fraction":0,"report_to":"cf-nel","max_age":604800}', 'Server': 'cloudflare', 'CF-RAY': '8709fc21598d9831-SJC', 'alt-svc': 'h3=":443"; ma=86400'} 
 body={"results":[{"gender":"male","name":{"title":"Mr","first":"Eemeli","last":"Koistinen"},"location":{"street":{"number":2568,"name":"Pirkankatu"},"city":"Ilomantsi","state":"Central Finland","country":"Finland","postcode":28198,"coordinates":{"latitude":"-28.8052","longitude":"-65.6701"},"timezone":{"offset":"+5:00","description":"Ekaterinburg, Islamabad, Karachi, Tashkent"}},"email":"eemeli.koistinen@example.com","login":{"uuid":"35a48203-df74-4407-bfae-6fad04a3b9a0","username":"purplewolf453","password":"whiskers","salt":"Y0DrqaEm","md5":"550f1d58833dc8227a7bd7e5997a7e85","sha1":"4dede1c1288a5362b486ef5382ea989f5d4a7a23","sha256":"2f9c73159ad3c5b47e545bf3024cb58d46f240bb4c270c80df2c764abad218d3"},"dob":{"date":"2000-04-14T04:22:56.051Z","age":23},"registered":{"date":"2015-04-07T00:07:58.014Z","age":9},"phone":"02-262-756","cell":"040-255-13-09","id":{"name":"HETU","value":"NaNNA343undefined"},"picture":{"large":"https://randomuser.me/api/portraits/men/85.jpg","medium":"https://randomuser.me/api/portraits/med/men/85.jpg","thumbnail":"https://randomuser.me/api/portraits/thumb/men/85.jpg"},"nat":"FI"}],"info":{"seed":"959f1694bf3456f5","results":1,"page":1,"version":"1.4"}} 
 </msg>
<msg time="2024-04-07T12:22:44.778573" level="INFO">/opt/hostedtoolcache/Python/3.12.2/x64/lib/python3.12/site-packages/urllib3/connectionpool.py:1103: InsecureRequestWarning: Unverified HTTPS request is being made to host 'randomuser.me'. Adding certificate verification is strongly advised. See: https://urllib3.readthedocs.io/en/latest/advanced-usage.html#tls-warnings
  warnings.warn(</msg>
<msg time="2024-04-07T12:22:44.778734" level="INFO">${response} = &lt;Response [200]&gt;</msg>
<var>${response}</var>
<arg>consultarAPI</arg>
<arg>/api</arg>
<doc>Sends a GET request on a previously created HTTP Session.</doc>
<status status="PASS" start="2024-04-07T12:22:44.664151" elapsed="0.114626"/>
</kw>
<kw name="Should Be Equal As Numbers" owner="BuiltIn">
<msg time="2024-04-07T12:22:44.779744" level="INFO">Argument types are:
&lt;class 'int'&gt;
&lt;class 'str'&gt;</msg>
<arg>${response.status_code}</arg>
<arg>200</arg>
<doc>Fails if objects are unequal after converting them to real numbers.</doc>
<status status="PASS" start="2024-04-07T12:22:44.779295" elapsed="0.000519"/>
</kw>
<kw name="Log" owner="BuiltIn">
<msg time="2024-04-07T12:22:44.780508" level="INFO">200</msg>
<arg>${response.status_code}</arg>
<doc>Logs the given message with the given level.</doc>
<status status="PASS" start="2024-04-07T12:22:44.780155" elapsed="0.000394"/>
</kw>
<kw name="Set Variable" owner="BuiltIn">
<msg time="2024-04-07T12:22:44.781308" level="INFO">${json_data} = {'results': [{'gender': 'male', 'name': {'title': 'Mr', 'first': 'Eemeli', 'last': 'Koistinen'}, 'location': {'street': {'number': 2568, 'name': 'Pirkankatu'}, 'city': 'Ilomantsi', 'state': 'Central F...</msg>
<var>${json_data}</var>
<arg>${response.json()}</arg>
<doc>Returns the given values which can then be assigned to a variables.</doc>
<status status="PASS" start="2024-04-07T12:22:44.780877" elapsed="0.000459"/>
</kw>
<kw name="Dictionary Should Contain Key" owner="Collections">
<msg time="2024-04-07T12:22:44.781794" level="INFO">False</msg>
<arg>${json_data}</arg>
<arg>results</arg>
<doc>Fails if ``key`` is not found from ``dictionary``.</doc>
<status status="PASS" start="2024-04-07T12:22:44.781630" elapsed="0.000203"/>
</kw>
<status status="PASS" start="2024-04-07T12:22:44.663721" elapsed="0.118373"/>
</kw>
<doc>Testa se a API responde corretamente e retorna um objeto JSON válido.</doc>
<tag>testeRequisicaoBasica</tag>
<status status="PASS" start="2024-04-07T12:22:44.663033" elapsed="0.119249"/>
</test>
<test id="s1-s1-t3" name="Validar estrutura de resposta" line="22">
<kw name="Teste de Estrutura de Resposta" owner="random-user-service">
<kw name="GET On Session" owner="RequestsLibrary">
<msg time="2024-04-07T12:22:44.875499" level="INFO">GET Request : url=https://randomuser.me/api 
 path_url=/api 
 headers={'User-Agent': 'python-requests/2.31.0', 'Accept-Encoding': 'gzip, deflate', 'Accept': '*/*', 'Connection': 'keep-alive'} 
 body=None 
 </msg>
<msg time="2024-04-07T12:22:44.875583" level="INFO">GET Response : url=https://randomuser.me/api 
 status=200, reason=OK 
 headers={'Date': 'Sun, 07 Apr 2024 12:22:44 GMT', 'Content-Type': 'application/json; charset=utf-8', 'Transfer-Encoding': 'chunked', 'Connection': 'keep-alive', 'X-Powered-By': 'Express', 'Access-Control-Allow-Origin': '*', 'Cache-Control': 'no-cache', 'ETag': 'W/"491-YnetbSP+eN1GblavRjgoPRhe9SM"', 'Vary': 'Accept-Encoding', 'Content-Encoding': 'gzip', 'CF-Cache-Status': 'DYNAMIC', 'Report-To': '{"endpoints":[{"url":"https:\\/\\/a.nel.cloudflare.com\\/report\\/v4?s=wmbEju9%2BfLbAfy9RU8Hdauth3xp6cLcY9uOyIrrw3i9amfDY0Qc3Qtp1ZYJvRfbgNAI%2BRoiNG%2Bb1%2FGOkeLSi03smmhYqbrP2QiAEeNJtdCIws2tV7NE8ftdebtxhW0MO"}],"group":"cf-nel","max_age":604800}', 'NEL': '{"success_fraction":0,"report_to":"cf-nel","max_age":604800}', 'Server': 'cloudflare', 'CF-RAY': '8709fc21e9e09831-SJC', 'alt-svc': 'h3=":443"; ma=86400'} 
 body={"results":[{"gender":"male","name":{"title":"Mr","first":"Wallace","last":"Bell"},"location":{"street":{"number":3085,"name":"Parker Rd"},"city":"Fresno","state":"West Virginia","country":"United States","postcode":32931,"coordinates":{"latitude":"85.0963","longitude":"-162.7928"},"timezone":{"offset":"+4:00","description":"Abu Dhabi, Muscat, Baku, Tbilisi"}},"email":"wallace.bell@example.com","login":{"uuid":"f0a495f4-b552-4c2e-947b-708cf0c7da3c","username":"heavypanda543","password":"denise","salt":"SuvhYj3Z","md5":"d2e58fb996737e331706625e361afba1","sha1":"86b51ed179e2b40990fceaed3694b5d4ad318a73","sha256":"9c03f0492974f6a1e2d2005b43862394fab35e96eacd3e306bee180843af4b0f"},"dob":{"date":"1944-12-11T21:44:15.148Z","age":79},"registered":{"date":"2012-12-10T08:52:20.780Z","age":11},"phone":"(907) 586-2720","cell":"(804) 722-2571","id":{"name":"SSN","value":"183-86-0198"},"picture":{"large":"https://randomuser.me/api/portraits/men/79.jpg","medium":"https://randomuser.me/api/portraits/med/men/79.jpg","thumbnail":"https://randomuser.me/api/portraits/thumb/men/79.jpg"},"nat":"US"}],"info":{"seed":"44d66153c79d52a7","results":1,"page":1,"version":"1.4"}} 
 </msg>
<msg time="2024-04-07T12:22:44.875702" level="INFO">/opt/hostedtoolcache/Python/3.12.2/x64/lib/python3.12/site-packages/urllib3/connectionpool.py:1103: InsecureRequestWarning: Unverified HTTPS request is being made to host 'randomuser.me'. Adding certificate verification is strongly advised. See: https://urllib3.readthedocs.io/en/latest/advanced-usage.html#tls-warnings
  warnings.warn(</msg>
<msg time="2024-04-07T12:22:44.875830" level="INFO">${response} = &lt;Response [200]&gt;</msg>
<var>${response}</var>
<arg>consultarAPI</arg>
<arg>/api</arg>
<doc>Sends a GET request on a previously created HTTP Session.</doc>
<status status="PASS" start="2024-04-07T12:22:44.784993" elapsed="0.090879"/>
</kw>
<kw name="Set Variable" owner="BuiltIn">
<msg time="2024-04-07T12:22:44.876860" level="INFO">${json_data} = {'results': [{'gender': 'male', 'name': {'title': 'Mr', 'first': 'Wallace', 'last': 'Bell'}, 'location': {'street': {'number': 3085, 'name': 'Parker Rd'}, 'city': 'Fresno', 'state': 'West Virginia', '...</msg>
<var>${json_data}</var>
<arg>${response.json()}</arg>
<doc>Returns the given values which can then be assigned to a variables.</doc>
<status status="PASS" start="2024-04-07T12:22:44.876380" elapsed="0.000508"/>
</kw>
<kw name="Log" owner="BuiltIn">
<msg time="2024-04-07T12:22:44.877356" level="INFO">{'results': [{'gender': 'male', 'name': {'title': 'Mr', 'first': 'Wallace', 'last': 'Bell'}, 'location': {'street': {'number': 3085, 'name': 'Parker Rd'}, 'city': 'Fresno', 'state': 'West Virginia', 'country': 'United States', 'postcode': 32931, 'coordinates': {'latitude': '85.0963', 'longitude': '-162.7928'}, 'timezone': {'offset': '+4:00', 'description': 'Abu Dhabi, Muscat, Baku, Tbilisi'}}, 'email': 'wallace.bell@example.com', 'login': {'uuid': 'f0a495f4-b552-4c2e-947b-708cf0c7da3c', 'username': 'heavypanda543', 'password': 'denise', 'salt': 'SuvhYj3Z', 'md5': 'd2e58fb996737e331706625e361afba1', 'sha1': '86b51ed179e2b40990fceaed3694b5d4ad318a73', 'sha256': '9c03f0492974f6a1e2d2005b43862394fab35e96eacd3e306bee180843af4b0f'}, 'dob': {'date': '1944-12-11T21:44:15.148Z', 'age': 79}, 'registered': {'date': '2012-12-10T08:52:20.780Z', 'age': 11}, 'phone': '(907) 586-2720', 'cell': '(804) 722-2571', 'id': {'name': 'SSN', 'value': '183-86-0198'}, 'picture': {'large': 'https://randomuser.me/api/portraits/men/79.jpg', 'medium': 'https://randomuser.me/api/portraits/med/men/79.jpg', 'thumbnail': 'https://randomuser.me/api/portraits/thumb/men/79.jpg'}, 'nat': 'US'}], 'info': {'seed': '44d66153c79d52a7', 'results': 1, 'page': 1, 'version': '1.4'}}</msg>
<arg>${json_data}</arg>
<doc>Logs the given message with the given level.</doc>
<status status="PASS" start="2024-04-07T12:22:44.877198" elapsed="0.000206"/>
</kw>
<kw name="Dictionary Should Contain Key" owner="Collections">
<msg time="2024-04-07T12:22:44.877855" level="INFO">False</msg>
<arg>${json_data}</arg>
<arg>results</arg>
<doc>Fails if ``key`` is not found from ``dictionary``.</doc>
<status status="PASS" start="2024-04-07T12:22:44.877700" elapsed="0.000192"/>
</kw>
<kw name="Should Not Be Empty" owner="BuiltIn">
<msg time="2024-04-07T12:22:44.878312" level="INFO">Length is 2.</msg>
<arg>${json_data}</arg>
<doc>Verifies that the given item is not empty.</doc>
<status status="PASS" start="2024-04-07T12:22:44.878182" elapsed="0.000168"/>
</kw>
<kw name="Create List" owner="BuiltIn">
<msg time="2024-04-07T12:22:44.878785" level="INFO">${expected_keys} = ['gender', 'name', 'location', 'email', 'login']</msg>
<var>${expected_keys}</var>
<arg>gender</arg>
<arg>name</arg>
<arg>location</arg>
<arg>email</arg>
<arg>login</arg>
<doc>Returns a list containing given items.</doc>
<status status="PASS" start="2024-04-07T12:22:44.878634" elapsed="0.000175"/>
</kw>
<for flavor="IN">
<iter>
<kw name="Dictionary Should Contain Key" owner="Collections">
<msg time="2024-04-07T12:22:44.879787" level="INFO">False</msg>
<arg>${json_data['results'][0]}</arg>
<arg>${key}</arg>
<doc>Fails if ``key`` is not found from ``dictionary``.</doc>
<status status="PASS" start="2024-04-07T12:22:44.879386" elapsed="0.000441"/>
</kw>
<kw name="Log" owner="BuiltIn">
<msg time="2024-04-07T12:22:44.880537" level="INFO">{'gender': 'male', 'name': {'title': 'Mr', 'first': 'Wallace', 'last': 'Bell'}, 'location': {'street': {'number': 3085, 'name': 'Parker Rd'}, 'city': 'Fresno', 'state': 'West Virginia', 'country': 'United States', 'postcode': 32931, 'coordinates': {'latitude': '85.0963', 'longitude': '-162.7928'}, 'timezone': {'offset': '+4:00', 'description': 'Abu Dhabi, Muscat, Baku, Tbilisi'}}, 'email': 'wallace.bell@example.com', 'login': {'uuid': 'f0a495f4-b552-4c2e-947b-708cf0c7da3c', 'username': 'heavypanda543', 'password': 'denise', 'salt': 'SuvhYj3Z', 'md5': 'd2e58fb996737e331706625e361afba1', 'sha1': '86b51ed179e2b40990fceaed3694b5d4ad318a73', 'sha256': '9c03f0492974f6a1e2d2005b43862394fab35e96eacd3e306bee180843af4b0f'}, 'dob': {'date': '1944-12-11T21:44:15.148Z', 'age': 79}, 'registered': {'date': '2012-12-10T08:52:20.780Z', 'age': 11}, 'phone': '(907) 586-2720', 'cell': '(804) 722-2571', 'id': {'name': 'SSN', 'value': '183-86-0198'}, 'picture': {'large': 'https://randomuser.me/api/portraits/men/79.jpg', 'medium': 'https://randomuser.me/api/portraits/med/men/79.jpg', 'thumbnail': 'https://randomuser.me/api/portraits/thumb/men/79.jpg'}, 'nat': 'US'}</msg>
<arg>${json_data['results'][0]}</arg>
<doc>Logs the given message with the given level.</doc>
<status status="PASS" start="2024-04-07T12:22:44.880166" elapsed="0.000419"/>
</kw>
<kw name="Log" owner="BuiltIn">
<msg time="2024-04-07T12:22:44.881008" level="INFO">gender</msg>
<arg>${key}</arg>
<doc>Logs the given message with the given level.</doc>
<status status="PASS" start="2024-04-07T12:22:44.880880" elapsed="0.000165"/>
</kw>
<var name="${key}">gender</var>
<status status="PASS" start="2024-04-07T12:22:44.879263" elapsed="0.002001"/>
</iter>
<iter>
<kw name="Dictionary Should Contain Key" owner="Collections">
<msg time="2024-04-07T12:22:44.881939" level="INFO">False</msg>
<arg>${json_data['results'][0]}</arg>
<arg>${key}</arg>
<doc>Fails if ``key`` is not found from ``dictionary``.</doc>
<status status="PASS" start="2024-04-07T12:22:44.881561" elapsed="0.000415"/>
</kw>
<kw name="Log" owner="BuiltIn">
<msg time="2024-04-07T12:22:44.882652" level="INFO">{'gender': 'male', 'name': {'title': 'Mr', 'first': 'Wallace', 'last': 'Bell'}, 'location': {'street': {'number': 3085, 'name': 'Parker Rd'}, 'city': 'Fresno', 'state': 'West Virginia', 'country': 'United States', 'postcode': 32931, 'coordinates': {'latitude': '85.0963', 'longitude': '-162.7928'}, 'timezone': {'offset': '+4:00', 'description': 'Abu Dhabi, Muscat, Baku, Tbilisi'}}, 'email': 'wallace.bell@example.com', 'login': {'uuid': 'f0a495f4-b552-4c2e-947b-708cf0c7da3c', 'username': 'heavypanda543', 'password': 'denise', 'salt': 'SuvhYj3Z', 'md5': 'd2e58fb996737e331706625e361afba1', 'sha1': '86b51ed179e2b40990fceaed3694b5d4ad318a73', 'sha256': '9c03f0492974f6a1e2d2005b43862394fab35e96eacd3e306bee180843af4b0f'}, 'dob': {'date': '1944-12-11T21:44:15.148Z', 'age': 79}, 'registered': {'date': '2012-12-10T08:52:20.780Z', 'age': 11}, 'phone': '(907) 586-2720', 'cell': '(804) 722-2571', 'id': {'name': 'SSN', 'value': '183-86-0198'}, 'picture': {'large': 'https://randomuser.me/api/portraits/men/79.jpg', 'medium': 'https://randomuser.me/api/portraits/med/men/79.jpg', 'thumbnail': 'https://randomuser.me/api/portraits/thumb/men/79.jpg'}, 'nat': 'US'}</msg>
<arg>${json_data['results'][0]}</arg>
<doc>Logs the given message with the given level.</doc>
<status status="PASS" start="2024-04-07T12:22:44.882301" elapsed="0.000399"/>
</kw>
<kw name="Log" owner="BuiltIn">
<msg time="2024-04-07T12:22:44.883123" level="INFO">name</msg>
<arg>${key}</arg>
<doc>Logs the given message with the given level.</doc>
<status status="PASS" start="2024-04-07T12:22:44.882995" elapsed="0.000164"/>
</kw>
<var name="${key}">name</var>
<status status="PASS" start="2024-04-07T12:22:44.881448" elapsed="0.001925"/>
</iter>
<iter>
<kw name="Dictionary Should Contain Key" owner="Collections">
<msg time="2024-04-07T12:22:44.884030" level="INFO">False</msg>
<arg>${json_data['results'][0]}</arg>
<arg>${key}</arg>
<doc>Fails if ``key`` is not found from ``dictionary``.</doc>
<status status="PASS" start="2024-04-07T12:22:44.883657" elapsed="0.000410"/>
</kw>
<kw name="Log" owner="BuiltIn">
<msg time="2024-04-07T12:22:44.884767" level="INFO">{'gender': 'male', 'name': {'title': 'Mr', 'first': 'Wallace', 'last': 'Bell'}, 'location': {'street': {'number': 3085, 'name': 'Parker Rd'}, 'city': 'Fresno', 'state': 'West Virginia', 'country': 'United States', 'postcode': 32931, 'coordinates': {'latitude': '85.0963', 'longitude': '-162.7928'}, 'timezone': {'offset': '+4:00', 'description': 'Abu Dhabi, Muscat, Baku, Tbilisi'}}, 'email': 'wallace.bell@example.com', 'login': {'uuid': 'f0a495f4-b552-4c2e-947b-708cf0c7da3c', 'username': 'heavypanda543', 'password': 'denise', 'salt': 'SuvhYj3Z', 'md5': 'd2e58fb996737e331706625e361afba1', 'sha1': '86b51ed179e2b40990fceaed3694b5d4ad318a73', 'sha256': '9c03f0492974f6a1e2d2005b43862394fab35e96eacd3e306bee180843af4b0f'}, 'dob': {'date': '1944-12-11T21:44:15.148Z', 'age': 79}, 'registered': {'date': '2012-12-10T08:52:20.780Z', 'age': 11}, 'phone': '(907) 586-2720', 'cell': '(804) 722-2571', 'id': {'name': 'SSN', 'value': '183-86-0198'}, 'picture': {'large': 'https://randomuser.me/api/portraits/men/79.jpg', 'medium': 'https://randomuser.me/api/portraits/med/men/79.jpg', 'thumbnail': 'https://randomuser.me/api/portraits/thumb/men/79.jpg'}, 'nat': 'US'}</msg>
<arg>${json_data['results'][0]}</arg>
<doc>Logs the given message with the given level.</doc>
<status status="PASS" start="2024-04-07T12:22:44.884414" elapsed="0.000410"/>
</kw>
<kw name="Log" owner="BuiltIn">
<msg time="2024-04-07T12:22:44.885240" level="INFO">location</msg>
<arg>${key}</arg>
<doc>Logs the given message with the given level.</doc>
<status status="PASS" start="2024-04-07T12:22:44.885114" elapsed="0.000163"/>
</kw>
<var name="${key}">location</var>
<status status="PASS" start="2024-04-07T12:22:44.883548" elapsed="0.001947"/>
</iter>
<iter>
<kw name="Dictionary Should Contain Key" owner="Collections">
<msg time="2024-04-07T12:22:44.886137" level="INFO">False</msg>
<arg>${json_data['results'][0]}</arg>
<arg>${key}</arg>
<doc>Fails if ``key`` is not found from ``dictionary``.</doc>
<status status="PASS" start="2024-04-07T12:22:44.885771" elapsed="0.000403"/>
</kw>
<kw name="Log" owner="BuiltIn">
<msg time="2024-04-07T12:22:44.886826" level="INFO">{'gender': 'male', 'name': {'title': 'Mr', 'first': 'Wallace', 'last': 'Bell'}, 'location': {'street': {'number': 3085, 'name': 'Parker Rd'}, 'city': 'Fresno', 'state': 'West Virginia', 'country': 'United States', 'postcode': 32931, 'coordinates': {'latitude': '85.0963', 'longitude': '-162.7928'}, 'timezone': {'offset': '+4:00', 'description': 'Abu Dhabi, Muscat, Baku, Tbilisi'}}, 'email': 'wallace.bell@example.com', 'login': {'uuid': 'f0a495f4-b552-4c2e-947b-708cf0c7da3c', 'username': 'heavypanda543', 'password': 'denise', 'salt': 'SuvhYj3Z', 'md5': 'd2e58fb996737e331706625e361afba1', 'sha1': '86b51ed179e2b40990fceaed3694b5d4ad318a73', 'sha256': '9c03f0492974f6a1e2d2005b43862394fab35e96eacd3e306bee180843af4b0f'}, 'dob': {'date': '1944-12-11T21:44:15.148Z', 'age': 79}, 'registered': {'date': '2012-12-10T08:52:20.780Z', 'age': 11}, 'phone': '(907) 586-2720', 'cell': '(804) 722-2571', 'id': {'name': 'SSN', 'value': '183-86-0198'}, 'picture': {'large': 'https://randomuser.me/api/portraits/men/79.jpg', 'medium': 'https://randomuser.me/api/portraits/med/men/79.jpg', 'thumbnail': 'https://randomuser.me/api/portraits/thumb/men/79.jpg'}, 'nat': 'US'}</msg>
<arg>${json_data['results'][0]}</arg>
<doc>Logs the given message with the given level.</doc>
<status status="PASS" start="2024-04-07T12:22:44.886468" elapsed="0.000404"/>
</kw>
<kw name="Log" owner="BuiltIn">
<msg time="2024-04-07T12:22:44.887283" level="INFO">email</msg>
<arg>${key}</arg>
<doc>Logs the given message with the given level.</doc>
<status status="PASS" start="2024-04-07T12:22:44.887160" elapsed="0.000160"/>
</kw>
<var name="${key}">email</var>
<status status="PASS" start="2024-04-07T12:22:44.885663" elapsed="0.001866"/>
</iter>
<iter>
<kw name="Dictionary Should Contain Key" owner="Collections">
<msg time="2024-04-07T12:22:44.888243" level="INFO">False</msg>
<arg>${json_data['results'][0]}</arg>
<arg>${key}</arg>
<doc>Fails if ``key`` is not found from ``dictionary``.</doc>
<status status="PASS" start="2024-04-07T12:22:44.887806" elapsed="0.000477"/>
</kw>
<kw name="Log" owner="BuiltIn">
<msg time="2024-04-07T12:22:44.888938" level="INFO">{'gender': 'male', 'name': {'title': 'Mr', 'first': 'Wallace', 'last': 'Bell'}, 'location': {'street': {'number': 3085, 'name': 'Parker Rd'}, 'city': 'Fresno', 'state': 'West Virginia', 'country': 'United States', 'postcode': 32931, 'coordinates': {'latitude': '85.0963', 'longitude': '-162.7928'}, 'timezone': {'offset': '+4:00', 'description': 'Abu Dhabi, Muscat, Baku, Tbilisi'}}, 'email': 'wallace.bell@example.com', 'login': {'uuid': 'f0a495f4-b552-4c2e-947b-708cf0c7da3c', 'username': 'heavypanda543', 'password': 'denise', 'salt': 'SuvhYj3Z', 'md5': 'd2e58fb996737e331706625e361afba1', 'sha1': '86b51ed179e2b40990fceaed3694b5d4ad318a73', 'sha256': '9c03f0492974f6a1e2d2005b43862394fab35e96eacd3e306bee180843af4b0f'}, 'dob': {'date': '1944-12-11T21:44:15.148Z', 'age': 79}, 'registered': {'date': '2012-12-10T08:52:20.780Z', 'age': 11}, 'phone': '(907) 586-2720', 'cell': '(804) 722-2571', 'id': {'name': 'SSN', 'value': '183-86-0198'}, 'picture': {'large': 'https://randomuser.me/api/portraits/men/79.jpg', 'medium': 'https://randomuser.me/api/portraits/med/men/79.jpg', 'thumbnail': 'https://randomuser.me/api/portraits/thumb/men/79.jpg'}, 'nat': 'US'}</msg>
<arg>${json_data['results'][0]}</arg>
<doc>Logs the given message with the given level.</doc>
<status status="PASS" start="2024-04-07T12:22:44.888580" elapsed="0.000403"/>
</kw>
<kw name="Log" owner="BuiltIn">
<msg time="2024-04-07T12:22:44.889402" level="INFO">login</msg>
<arg>${key}</arg>
<doc>Logs the given message with the given level.</doc>
<status status="PASS" start="2024-04-07T12:22:44.889278" elapsed="0.000266"/>
</kw>
<var name="${key}">login</var>
<status status="PASS" start="2024-04-07T12:22:44.887699" elapsed="0.002095"/>
</iter>
<var>${key}</var>
<value>@{expected_keys}</value>
<status status="PASS" start="2024-04-07T12:22:44.879075" elapsed="0.010877"/>
</for>
<kw name="Create List" owner="BuiltIn">
<msg time="2024-04-07T12:22:44.890284" level="INFO">${expected_keysTwo} = ['username', 'password']</msg>
<var>${expected_keysTwo}</var>
<arg>username</arg>
<arg>password</arg>
<doc>Returns a list containing given items.</doc>
<status status="PASS" start="2024-04-07T12:22:44.890147" elapsed="0.000160"/>
</kw>
<for flavor="IN">
<iter>
<kw name="Dictionary Should Contain Key" owner="Collections">
<msg time="2024-04-07T12:22:44.891174" level="INFO">False</msg>
<arg>${json_data['results'][0]['login']}</arg>
<arg>${keyTwo}</arg>
<doc>Fails if ``key`` is not found from ``dictionary``.</doc>
<status status="PASS" start="2024-04-07T12:22:44.890800" elapsed="0.000410"/>
</kw>
<kw name="Dictionary Should Contain Key" owner="Collections">
<msg time="2024-04-07T12:22:44.891873" level="INFO">False</msg>
<arg>${json_data['results'][0]['login']}</arg>
<arg>${keyTwo}</arg>
<doc>Fails if ``key`` is not found from ``dictionary``.</doc>
<status status="PASS" start="2024-04-07T12:22:44.891502" elapsed="0.000407"/>
</kw>
<kw name="Log" owner="BuiltIn">
<msg time="2024-04-07T12:22:44.892354" level="INFO">username</msg>
<arg>${keyTwo}</arg>
<doc>Logs the given message with the given level.</doc>
<status status="PASS" start="2024-04-07T12:22:44.892226" elapsed="0.000164"/>
</kw>
<var name="${keyTwo}">username</var>
<status status="PASS" start="2024-04-07T12:22:44.890690" elapsed="0.001912"/>
</iter>
<iter>
<kw name="Dictionary Should Contain Key" owner="Collections">
<msg time="2024-04-07T12:22:44.893251" level="INFO">False</msg>
<arg>${json_data['results'][0]['login']}</arg>
<arg>${keyTwo}</arg>
<doc>Fails if ``key`` is not found from ``dictionary``.</doc>
<status status="PASS" start="2024-04-07T12:22:44.892881" elapsed="0.000408"/>
</kw>
<kw name="Dictionary Should Contain Key" owner="Collections">
<msg time="2024-04-07T12:22:44.893950" level="INFO">False</msg>
<arg>${json_data['results'][0]['login']}</arg>
<arg>${keyTwo}</arg>
<doc>Fails if ``key`` is not found from ``dictionary``.</doc>
<status status="PASS" start="2024-04-07T12:22:44.893578" elapsed="0.000408"/>
</kw>
<kw name="Log" owner="BuiltIn">
<msg time="2024-04-07T12:22:44.894396" level="INFO">password</msg>
<arg>${keyTwo}</arg>
<doc>Logs the given message with the given level.</doc>
<status status="PASS" start="2024-04-07T12:22:44.894273" elapsed="0.000161"/>
</kw>
<var name="${keyTwo}">password</var>
<status status="PASS" start="2024-04-07T12:22:44.892774" elapsed="0.001872"/>
</iter>
<var>${keyTwo}</var>
<value>@{expected_keysTwo}</value>
<status status="PASS" start="2024-04-07T12:22:44.890542" elapsed="0.004232"/>
</for>
<status status="PASS" start="2024-04-07T12:22:44.784759" elapsed="0.110156"/>
</kw>
<doc>Testa a estrutura da resposta da API.</doc>
<tag>testeEstruturaResposta</tag>
<status status="PASS" start="2024-04-07T12:22:44.784092" elapsed="0.110985"/>
</test>
<test id="s1-s1-t4" name="Validar tipos de dados" line="28">
<kw name="Teste de Tipos de Dados" owner="random-user-service">
<kw name="GET On Session" owner="RequestsLibrary">
<msg time="2024-04-07T12:22:44.979367" level="INFO">GET Request : url=https://randomuser.me/api 
 path_url=/api 
 headers={'User-Agent': 'python-requests/2.31.0', 'Accept-Encoding': 'gzip, deflate', 'Accept': '*/*', 'Connection': 'keep-alive'} 
 body=None 
 </msg>
<msg time="2024-04-07T12:22:44.979449" level="INFO">GET Response : url=https://randomuser.me/api 
 status=200, reason=OK 
 headers={'Date': 'Sun, 07 Apr 2024 12:22:44 GMT', 'Content-Type': 'application/json; charset=utf-8', 'Transfer-Encoding': 'chunked', 'Connection': 'keep-alive', 'X-Powered-By': 'Express', 'Access-Control-Allow-Origin': '*', 'Cache-Control': 'no-cache', 'ETag': 'W/"489-83YYAz/7YRYCVP92tI8rF5A4KUg"', 'Vary': 'Accept-Encoding', 'Content-Encoding': 'gzip', 'CF-Cache-Status': 'DYNAMIC', 'Report-To': '{"endpoints":[{"url":"https:\\/\\/a.nel.cloudflare.com\\/report\\/v4?s=vlXbafeHUeOiJZgQQzKferoEycB44ZccDvlnU6%2FBe3wG7xaKeNIHxmFSW2NjtgFNp%2F6%2BIIrOLi8Q23i4UmBmy9k2wjE5T3ZHEuShLzsIth%2Ft%2B8AtbL6kUj11mpfpYNMs"}],"group":"cf-nel","max_age":604800}', 'NEL': '{"success_fraction":0,"report_to":"cf-nel","max_age":604800}', 'Server': 'cloudflare', 'CF-RAY': '8709fc22aa229831-SJC', 'alt-svc': 'h3=":443"; ma=86400'} 
 body={"results":[{"gender":"male","name":{"title":"Mr","first":"Wade","last":"Holt"},"location":{"street":{"number":786,"name":"Northaven Rd"},"city":"Rochmond","state":"Georgia","country":"United States","postcode":37810,"coordinates":{"latitude":"89.1477","longitude":"-75.0650"},"timezone":{"offset":"+1:00","description":"Brussels, Copenhagen, Madrid, Paris"}},"email":"wade.holt@example.com","login":{"uuid":"f6718b34-19bf-4afe-8368-1ffbed76ac4a","username":"heavylion189","password":"charly","salt":"gKQ8O94G","md5":"89f0e19046c81eda81a4717ce8acf31e","sha1":"58d87c6a426d099e14e1d0242f4752ef9c546c00","sha256":"a16fb5b124f2aa2c6d5b382453b1110f861a17c11269050d87de124c9b34b7cf"},"dob":{"date":"2000-06-30T22:42:15.958Z","age":23},"registered":{"date":"2021-08-19T07:33:41.010Z","age":2},"phone":"(984) 567-2616","cell":"(672) 201-6587","id":{"name":"SSN","value":"881-91-2866"},"picture":{"large":"https://randomuser.me/api/portraits/men/69.jpg","medium":"https://randomuser.me/api/portraits/med/men/69.jpg","thumbnail":"https://randomuser.me/api/portraits/thumb/men/69.jpg"},"nat":"US"}],"info":{"seed":"bc28164ea10692a9","results":1,"page":1,"version":"1.4"}} 
 </msg>
<msg time="2024-04-07T12:22:44.979508" level="INFO">/opt/hostedtoolcache/Python/3.12.2/x64/lib/python3.12/site-packages/urllib3/connectionpool.py:1103: InsecureRequestWarning: Unverified HTTPS request is being made to host 'randomuser.me'. Adding certificate verification is strongly advised. See: https://urllib3.readthedocs.io/en/latest/advanced-usage.html#tls-warnings
  warnings.warn(</msg>
<msg time="2024-04-07T12:22:44.979634" level="INFO">${response} = &lt;Response [200]&gt;</msg>
<var>${response}</var>
<arg>consultarAPI</arg>
<arg>/api</arg>
<doc>Sends a GET request on a previously created HTTP Session.</doc>
<status status="PASS" start="2024-04-07T12:22:44.897589" elapsed="0.082084"/>
</kw>
<kw name="Set Variable" owner="BuiltIn">
<msg time="2024-04-07T12:22:44.980634" level="INFO">${json_data} = {'results': [{'gender': 'male', 'name': {'title': 'Mr', 'first': 'Wade', 'last': 'Holt'}, 'location': {'street': {'number': 786, 'name': 'Northaven Rd'}, 'city': 'Rochmond', 'state': 'Georgia', 'count...</msg>
<var>${json_data}</var>
<arg>${response.json()}</arg>
<doc>Returns the given values which can then be assigned to a variables.</doc>
<status status="PASS" start="2024-04-07T12:22:44.980118" elapsed="0.000544"/>
</kw>
<kw name="Log" owner="BuiltIn">
<msg time="2024-04-07T12:22:44.981131" level="INFO">{'results': [{'gender': 'male', 'name': {'title': 'Mr', 'first': 'Wade', 'last': 'Holt'}, 'location': {'street': {'number': 786, 'name': 'Northaven Rd'}, 'city': 'Rochmond', 'state': 'Georgia', 'country': 'United States', 'postcode': 37810, 'coordinates': {'latitude': '89.1477', 'longitude': '-75.0650'}, 'timezone': {'offset': '+1:00', 'description': 'Brussels, Copenhagen, Madrid, Paris'}}, 'email': 'wade.holt@example.com', 'login': {'uuid': 'f6718b34-19bf-4afe-8368-1ffbed76ac4a', 'username': 'heavylion189', 'password': 'charly', 'salt': 'gKQ8O94G', 'md5': '89f0e19046c81eda81a4717ce8acf31e', 'sha1': '58d87c6a426d099e14e1d0242f4752ef9c546c00', 'sha256': 'a16fb5b124f2aa2c6d5b382453b1110f861a17c11269050d87de124c9b34b7cf'}, 'dob': {'date': '2000-06-30T22:42:15.958Z', 'age': 23}, 'registered': {'date': '2021-08-19T07:33:41.010Z', 'age': 2}, 'phone': '(984) 567-2616', 'cell': '(672) 201-6587', 'id': {'name': 'SSN', 'value': '881-91-2866'}, 'picture': {'large': 'https://randomuser.me/api/portraits/men/69.jpg', 'medium': 'https://randomuser.me/api/portraits/med/men/69.jpg', 'thumbnail': 'https://randomuser.me/api/portraits/thumb/men/69.jpg'}, 'nat': 'US'}], 'info': {'seed': 'bc28164ea10692a9', 'results': 1, 'page': 1, 'version': '1.4'}}</msg>
<arg>${json_data}</arg>
<doc>Logs the given message with the given level.</doc>
<status status="PASS" start="2024-04-07T12:22:44.980977" elapsed="0.000238"/>
</kw>
<kw name="Should Be String" owner="String">
<arg>${json_data['results'][0]['gender']}</arg>
<doc>Fails if the given ``item`` is not a string.</doc>
<status status="PASS" start="2024-04-07T12:22:44.981514" elapsed="0.000353"/>
</kw>
<kw name="Should Match Regexp" owner="BuiltIn">
<arg>${json_data['results'][0]['email']}</arg>
<arg>^[a-zA-Z0-9._%+-]+@[a-zA-Z0-9.-]+\.[a-zA-Z]{2,}$</arg>
<doc>Fails if ``string`` does not match ``pattern`` as a regular expression.</doc>
<status status="PASS" start="2024-04-07T12:22:44.982058" elapsed="0.000517"/>
</kw>
<kw name="Should Match Regexp" owner="BuiltIn">
<arg>${json_data['results'][0]['dob']['date']}</arg>
<arg>\\d{4}-\\d{2}-\\d{2}T\\d{2}:\\d{2}:\\d{2}\\.\\d{3}Z</arg>
<doc>Fails if ``string`` does not match ``pattern`` as a regular expression.</doc>
<status status="PASS" start="2024-04-07T12:22:44.982772" elapsed="0.000476"/>
</kw>
<kw name="Should Match Regexp" owner="BuiltIn">
<arg>${json_data['results'][0]['registered']['date']}</arg>
<arg>\\d{4}-\\d{2}-\\d{2}T\\d{2}:\\d{2}:\\d{2}\\.\\d{3}Z</arg>
<doc>Fails if ``string`` does not match ``pattern`` as a regular expression.</doc>
<status status="PASS" start="2024-04-07T12:22:44.983439" elapsed="0.000361"/>
</kw>
<kw name="Should Match Regexp" owner="BuiltIn">
<arg>${json_data['results'][0]['picture']['large']}</arg>
<arg>^https?://.*\.(?:png|jpe?g|gif|bmp)$</arg>
<doc>Fails if ``string`` does not match ``pattern`` as a regular expression.</doc>
<status status="PASS" start="2024-04-07T12:22:44.983984" elapsed="0.000490"/>
</kw>
<kw name="Should Match Regexp" owner="BuiltIn">
<arg>${json_data['results'][0]['picture']['medium']}</arg>
<arg>^https?://.*\.(?:png|jpe?g|gif|bmp)$</arg>
<doc>Fails if ``string`` does not match ``pattern`` as a regular expression.</doc>
<status status="PASS" start="2024-04-07T12:22:44.984675" elapsed="0.000349"/>
</kw>
<kw name="Should Match Regexp" owner="BuiltIn">
<arg>${json_data['results'][0]['picture']['thumbnail']}</arg>
<arg>^https?://.*\.(?:png|jpe?g|gif|bmp)$</arg>
<doc>Fails if ``string`` does not match ``pattern`` as a regular expression.</doc>
<status status="PASS" start="2024-04-07T12:22:44.985208" elapsed="0.000352"/>
</kw>
<kw name="Log" owner="BuiltIn">
<msg time="2024-04-07T12:22:44.986057" level="INFO">{'large': 'https://randomuser.me/api/portraits/men/69.jpg', 'medium': 'https://randomuser.me/api/portraits/med/men/69.jpg', 'thumbnail': 'https://randomuser.me/api/portraits/thumb/men/69.jpg'}</msg>
<arg>${json_data['results'][0]['picture']}</arg>
<doc>Logs the given message with the given level.</doc>
<status status="PASS" start="2024-04-07T12:22:44.985740" elapsed="0.000359"/>
</kw>
<status status="PASS" start="2024-04-07T12:22:44.897354" elapsed="0.089001"/>
</kw>
<kw name="Teste de Tipos de Dados - Postcode" owner="random-user-service">
<kw name="GET On Session" owner="RequestsLibrary">
<msg time="2024-04-07T12:22:45.083044" level="INFO">GET Request : url=https://randomuser.me/api 
 path_url=/api 
 headers={'User-Agent': 'python-requests/2.31.0', 'Accept-Encoding': 'gzip, deflate', 'Accept': '*/*', 'Connection': 'keep-alive'} 
 body=None 
 </msg>
<msg time="2024-04-07T12:22:45.083138" level="INFO">GET Response : url=https://randomuser.me/api 
 status=200, reason=OK 
 headers={'Date': 'Sun, 07 Apr 2024 12:22:45 GMT', 'Content-Type': 'application/json; charset=utf-8', 'Transfer-Encoding': 'chunked', 'Connection': 'keep-alive', 'X-Powered-By': 'Express', 'Access-Control-Allow-Origin': '*', 'Cache-Control': 'no-cache', 'ETag': 'W/"4a5-HNzb0x8oMh7QU3V0vWTyU4pbvSY"', 'Vary': 'Accept-Encoding', 'Content-Encoding': 'gzip', 'CF-Cache-Status': 'DYNAMIC', 'Report-To': '{"endpoints":[{"url":"https:\\/\\/a.nel.cloudflare.com\\/report\\/v4?s=HQtWxIzKL4b2QZd0N4FXdcGj4ywTHuW3dozbcuXaPr59TdKjX2vlF42hQD8SPzmzORWY9CR05PVEpicTEKmNPkeq9R2oJWZA2MPD%2FeR8hY%2B%2BeCKsYEmp%2FdNfMnQAQtt0"}],"group":"cf-nel","max_age":604800}', 'NEL': '{"success_fraction":0,"report_to":"cf-nel","max_age":604800}', 'Server': 'cloudflare', 'CF-RAY': '8709fc232a669831-SJC', 'alt-svc': 'h3=":443"; ma=86400'} 
 body={"results":[{"gender":"female","name":{"title":"Miss","first":"Akilina","last":"Belmachovskiy"},"location":{"street":{"number":4790,"name":"Zapecherniy provulok"},"city":"Pervomaysk","state":"Odeska","country":"Ukraine","postcode":52609,"coordinates":{"latitude":"81.3475","longitude":"167.2762"},"timezone":{"offset":"+10:00","description":"Eastern Australia, Guam, Vladivostok"}},"email":"akilina.belmachovskiy@example.com","login":{"uuid":"001f75a9-7d8a-47eb-80b1-888ec9b083a4","username":"biglion586","password":"rangers1","salt":"3HNB5RXa","md5":"1d749728671a17cb001a5bd1ecd7c7bd","sha1":"a180e6a32f880a205bf524e90d92f339fa568fd6","sha256":"ef11aeabbced2ef8232ad6ef4a86335c3dcc2bc730a0b7064a524701fa9a42e1"},"dob":{"date":"1973-10-12T06:05:19.410Z","age":50},"registered":{"date":"2019-11-28T13:59:13.617Z","age":4},"phone":"(097) S05-2638","cell":"(066) R70-7928","id":{"name":"","value":null},"picture":{"large":"https://randomuser.me/api/portraits/women/73.jpg","medium":"https://randomuser.me/api/portraits/med/women/73.jpg","thumbnail":"https://randomuser.me/api/portraits/thumb/women/73.jpg"},"nat":"UA"}],"info":{"seed":"cdb01ce22a591155","results":1,"page":1,"version":"1.4"}} 
 </msg>
<msg time="2024-04-07T12:22:45.083236" level="INFO">/opt/hostedtoolcache/Python/3.12.2/x64/lib/python3.12/site-packages/urllib3/connectionpool.py:1103: InsecureRequestWarning: Unverified HTTPS request is being made to host 'randomuser.me'. Adding certificate verification is strongly advised. See: https://urllib3.readthedocs.io/en/latest/advanced-usage.html#tls-warnings
  warnings.warn(</msg>
<msg time="2024-04-07T12:22:45.083382" level="INFO">${response} = &lt;Response [200]&gt;</msg>
<var>${response}</var>
<arg>consultarAPI</arg>
<arg>/api</arg>
<doc>Sends a GET request on a previously created HTTP Session.</doc>
<status status="PASS" start="2024-04-07T12:22:44.986944" elapsed="0.096487"/>
</kw>
<kw name="Set Variable" owner="BuiltIn">
<msg time="2024-04-07T12:22:45.084369" level="INFO">${json_data} = {'results': [{'gender': 'female', 'name': {'title': 'Miss', 'first': 'Akilina', 'last': 'Belmachovskiy'}, 'location': {'street': {'number': 4790, 'name': 'Zapecherniy provulok'}, 'city': 'Pervomaysk',...</msg>
<var>${json_data}</var>
<arg>${response.json()}</arg>
<doc>Returns the given values which can then be assigned to a variables.</doc>
<status status="PASS" start="2024-04-07T12:22:45.083860" elapsed="0.000538"/>
</kw>
<kw name="Log" owner="BuiltIn">
<msg time="2024-04-07T12:22:45.084860" level="INFO">{'results': [{'gender': 'female', 'name': {'title': 'Miss', 'first': 'Akilina', 'last': 'Belmachovskiy'}, 'location': {'street': {'number': 4790, 'name': 'Zapecherniy provulok'}, 'city': 'Pervomaysk', 'state': 'Odeska', 'country': 'Ukraine', 'postcode': 52609, 'coordinates': {'latitude': '81.3475', 'longitude': '167.2762'}, 'timezone': {'offset': '+10:00', 'description': 'Eastern Australia, Guam, Vladivostok'}}, 'email': 'akilina.belmachovskiy@example.com', 'login': {'uuid': '001f75a9-7d8a-47eb-80b1-888ec9b083a4', 'username': 'biglion586', 'password': 'rangers1', 'salt': '3HNB5RXa', 'md5': '1d749728671a17cb001a5bd1ecd7c7bd', 'sha1': 'a180e6a32f880a205bf524e90d92f339fa568fd6', 'sha256': 'ef11aeabbced2ef8232ad6ef4a86335c3dcc2bc730a0b7064a524701fa9a42e1'}, 'dob': {'date': '1973-10-12T06:05:19.410Z', 'age': 50}, 'registered': {'date': '2019-11-28T13:59:13.617Z', 'age': 4}, 'phone': '(097) S05-2638', 'cell': '(066) R70-7928', 'id': {'name': '', 'value': None}, 'picture': {'large': 'https://randomuser.me/api/portraits/women/73.jpg', 'medium': 'https://randomuser.me/api/portraits/med/women/73.jpg', 'thumbnail': 'https://randomuser.me/api/portraits/thumb/women/73.jpg'}, 'nat': 'UA'}], 'info': {'seed': 'cdb01ce22a591155', 'results': 1, 'page': 1, 'version': '1.4'}}</msg>
<arg>${json_data}</arg>
<doc>Logs the given message with the given level.</doc>
<status status="PASS" start="2024-04-07T12:22:45.084705" elapsed="0.000235"/>
</kw>
<kw name="Should Be Equal As Numbers" owner="BuiltIn">
<arg>${json_data['results'][0]['location']['postcode']}</arg>
<arg>${json_data['results'][0]['location']['postcode']}</arg>
<doc>Fails if objects are unequal after converting them to real numbers.</doc>
<status status="PASS" start="2024-04-07T12:22:45.085238" elapsed="0.000613"/>
</kw>
<kw name="Log" owner="BuiltIn">
<msg time="2024-04-07T12:22:45.086372" level="INFO">52609</msg>
<arg>${json_data['results'][0]['location']['postcode']}</arg>
<doc>Logs the given message with the given level.</doc>
<status status="PASS" start="2024-04-07T12:22:45.086043" elapsed="0.000369"/>
</kw>
<status status="PASS" start="2024-04-07T12:22:44.986579" elapsed="0.100086"/>
</kw>
<doc>Testa se os tipos de dados na resposta da API estão corretos.</doc>
<tag>testeTiposDados</tag>
<status status="PASS" start="2024-04-07T12:22:44.896900" elapsed="0.189934"/>
</test>
<test id="s1-s1-t5" name="Validar conteudo" line="35">
<kw name="Teste de Tipos de Conteudo" owner="random-user-service">
<kw name="GET On Session" owner="RequestsLibrary">
<msg time="2024-04-07T12:22:45.395940" level="INFO">GET Request : url=https://randomuser.me/api 
 path_url=/api 
 headers={'User-Agent': 'python-requests/2.31.0', 'Accept-Encoding': 'gzip, deflate', 'Accept': '*/*', 'Connection': 'keep-alive'} 
 body=None 
 </msg>
<msg time="2024-04-07T12:22:45.396052" level="INFO">GET Response : url=https://randomuser.me/api 
 status=200, reason=OK 
 headers={'Date': 'Sun, 07 Apr 2024 12:22:45 GMT', 'Content-Type': 'application/json; charset=utf-8', 'Transfer-Encoding': 'chunked', 'Connection': 'keep-alive', 'X-Powered-By': 'Express', 'Access-Control-Allow-Origin': '*', 'Cache-Control': 'no-cache', 'ETag': 'W/"48c-AFztHmt3mLVQy8PnDmnewFC0E7Q"', 'Vary': 'Accept-Encoding', 'Content-Encoding': 'gzip', 'CF-Cache-Status': 'DYNAMIC', 'Report-To': '{"endpoints":[{"url":"https:\\/\\/a.nel.cloudflare.com\\/report\\/v4?s=Auqy4of6CYKtosjB4fapQkstfMsVJNM5trUORiWM%2Fq%2FZQVvHI6lF3fdWwPicTe1WWnoTeSO0CIGSfo5QRUBYYcam9gN58a%2F%2B6QJp0aSTiCyqsQ3wmrQBfuwtEEfFUv3G"}],"group":"cf-nel","max_age":604800}', 'NEL': '{"success_fraction":0,"report_to":"cf-nel","max_age":604800}', 'Server': 'cloudflare', 'CF-RAY': '8709fc23da9d9831-SJC', 'alt-svc': 'h3=":443"; ma=86400'} 
 body={"results":[{"gender":"male","name":{"title":"Mr","first":"Ruben","last":"Vargas"},"location":{"street":{"number":6625,"name":"Saddle Dr"},"city":"Maitland","state":"New South Wales","country":"Australia","postcode":2551,"coordinates":{"latitude":"-89.9859","longitude":"-53.2464"},"timezone":{"offset":"+5:30","description":"Bombay, Calcutta, Madras, New Delhi"}},"email":"ruben.vargas@example.com","login":{"uuid":"debab930-0683-43f1-b2c0-080a9f5aa80c","username":"smallbird100","password":"blazer","salt":"dAFpo8ho","md5":"fb7ae789c0372f659acab62ffe1ec109","sha1":"6964eb7b20035b3ab08061e981d31d47e33999b8","sha256":"bcaa0e17d607f23ada41fa71ca639495ade6558cb450e6b3f1ed221898461b3e"},"dob":{"date":"1974-01-04T11:29:23.045Z","age":50},"registered":{"date":"2003-02-04T03:27:59.568Z","age":21},"phone":"06-9366-5074","cell":"0434-175-887","id":{"name":"TFN","value":"022334925"},"picture":{"large":"https://randomuser.me/api/portraits/men/62.jpg","medium":"https://randomuser.me/api/portraits/med/men/62.jpg","thumbnail":"https://randomuser.me/api/portraits/thumb/men/62.jpg"},"nat":"AU"}],"info":{"seed":"5f3b65425d798546","results":1,"page":1,"version":"1.4"}} 
 </msg>
<msg time="2024-04-07T12:22:45.396149" level="INFO">/opt/hostedtoolcache/Python/3.12.2/x64/lib/python3.12/site-packages/urllib3/connectionpool.py:1103: InsecureRequestWarning: Unverified HTTPS request is being made to host 'randomuser.me'. Adding certificate verification is strongly advised. See: https://urllib3.readthedocs.io/en/latest/advanced-usage.html#tls-warnings
  warnings.warn(</msg>
<msg time="2024-04-07T12:22:45.396295" level="INFO">${response} = &lt;Response [200]&gt;</msg>
<var>${response}</var>
<arg>consultarAPI</arg>
<arg>/api</arg>
<doc>Sends a GET request on a previously created HTTP Session.</doc>
<status status="PASS" start="2024-04-07T12:22:45.089269" elapsed="0.307070"/>
</kw>
<kw name="Set Variable" owner="BuiltIn">
<msg time="2024-04-07T12:22:45.397347" level="INFO">${json_data} = {'results': [{'gender': 'male', 'name': {'title': 'Mr', 'first': 'Ruben', 'last': 'Vargas'}, 'location': {'street': {'number': 6625, 'name': 'Saddle Dr'}, 'city': 'Maitland', 'state': 'New South Wales...</msg>
<var>${json_data}</var>
<arg>${response.json()}</arg>
<doc>Returns the given values which can then be assigned to a variables.</doc>
<status status="PASS" start="2024-04-07T12:22:45.396840" elapsed="0.000535"/>
</kw>
<kw name="Set Variable" owner="BuiltIn">
<msg time="2024-04-07T12:22:45.398061" level="INFO">${name_title} = Mr</msg>
<var>${name_title}</var>
<arg>${json_data["results"][0]["name"]["title"]}</arg>
<doc>Returns the given values which can then be assigned to a variables.</doc>
<status status="PASS" start="2024-04-07T12:22:45.397678" elapsed="0.000407"/>
</kw>
<kw name="Create List" owner="BuiltIn">
<msg time="2024-04-07T12:22:45.398535" level="INFO">${allowed_titles} = ['Mr', 'Ms', 'Miss', 'Mrs', 'Madame', 'Monsieur']</msg>
<var>${allowed_titles}</var>
<arg>Mr</arg>
<arg>Ms</arg>
<arg>Miss</arg>
<arg>Mrs</arg>
<arg>Madame</arg>
<arg>Monsieur</arg>
<doc>Returns a list containing given items.</doc>
<status status="PASS" start="2024-04-07T12:22:45.398386" elapsed="0.000174"/>
</kw>
<kw name="List Should Contain Value" owner="Collections">
<msg time="2024-04-07T12:22:45.399033" level="INFO">False</msg>
<arg>${allowed_titles}</arg>
<arg>${name_title}</arg>
<doc>Fails if the ``value`` is not found from ``list``.</doc>
<status status="PASS" start="2024-04-07T12:22:45.398861" elapsed="0.000209"/>
</kw>
<kw name="Set Variable" owner="BuiltIn">
<msg time="2024-04-07T12:22:45.399734" level="INFO">${name_country} = AU</msg>
<var>${name_country}</var>
<arg>${json_data["results"][0]["nat"]}</arg>
<doc>Returns the given values which can then be assigned to a variables.</doc>
<status status="PASS" start="2024-04-07T12:22:45.399357" elapsed="0.000402"/>
</kw>
<kw name="Create List" owner="BuiltIn">
<msg time="2024-04-07T12:22:45.400718" level="INFO">${list_country} = ['AD', 'AE', 'AF', 'AG', 'AI', 'AL', 'AM', 'AO', 'AQ', 'AR', 'AS', 'AT', 'AU', 'AW', 'AX', 'AZ', 'BA', 'BB', 'BD', 'BE', 'BF', 'BG', 'BH', 'BI', 'BJ', 'BL', 'BM', 'BN', 'BO', 'BQ', 'BR', 'BS', 'BT', '...</msg>
<var>${list_country}</var>
<arg>AD</arg>
<arg>AE</arg>
<arg>AF</arg>
<arg>AG</arg>
<arg>AI</arg>
<arg>AL</arg>
<arg>AM</arg>
<arg>AO</arg>
<arg>AQ</arg>
<arg>AR</arg>
<arg>AS</arg>
<arg>AT</arg>
<arg>AU</arg>
<arg>AW</arg>
<arg>AX</arg>
<arg>AZ</arg>
<arg>BA</arg>
<arg>BB</arg>
<arg>BD</arg>
<arg>BE</arg>
<arg>BF</arg>
<arg>BG</arg>
<arg>BH</arg>
<arg>BI</arg>
<arg>BJ</arg>
<arg>BL</arg>
<arg>BM</arg>
<arg>BN</arg>
<arg>BO</arg>
<arg>BQ</arg>
<arg>BR</arg>
<arg>BS</arg>
<arg>BT</arg>
<arg>BV</arg>
<arg>BW</arg>
<arg>BY</arg>
<arg>BZ</arg>
<arg>CA</arg>
<arg>CC</arg>
<arg>CD</arg>
<arg>CF</arg>
<arg>CG</arg>
<arg>CH</arg>
<arg>CI</arg>
<arg>CK</arg>
<arg>CL</arg>
<arg>CM</arg>
<arg>CN</arg>
<arg>CO</arg>
<arg>CR</arg>
<arg>CU</arg>
<arg>CV</arg>
<arg>CW</arg>
<arg>CX</arg>
<arg>CY</arg>
<arg>CZ</arg>
<arg>DE</arg>
<arg>DJ</arg>
<arg>DK</arg>
<arg>DM</arg>
<arg>DO</arg>
<arg>DZ</arg>
<arg>EC</arg>
<arg>EE</arg>
<arg>EG</arg>
<arg>EH</arg>
<arg>ER</arg>
<arg>ES</arg>
<arg>ET</arg>
<arg>FI</arg>
<arg>FJ</arg>
<arg>FK</arg>
<arg>FM</arg>
<arg>FO</arg>
<arg>FR</arg>
<arg>GA</arg>
<arg>GB</arg>
<arg>GD</arg>
<arg>GE</arg>
<arg>GF</arg>
<arg>GG</arg>
<arg>GH</arg>
<arg>GI</arg>
<arg>GL</arg>
<arg>GM</arg>
<arg>GN</arg>
<arg>GP</arg>
<arg>GQ</arg>
<arg>GR</arg>
<arg>GS</arg>
<arg>GT</arg>
<arg>GU</arg>
<arg>GW</arg>
<arg>GY</arg>
<arg>HK</arg>
<arg>HM</arg>
<arg>HN</arg>
<arg>HR</arg>
<arg>HT</arg>
<arg>HU</arg>
<arg>ID</arg>
<arg>IE</arg>
<arg>IL</arg>
<arg>IM</arg>
<arg>IN</arg>
<arg>IO</arg>
<arg>IQ</arg>
<arg>IR</arg>
<arg>IS</arg>
<arg>IT</arg>
<arg>JE</arg>
<arg>JM</arg>
<arg>JO</arg>
<arg>JP</arg>
<arg>KE</arg>
<arg>KG</arg>
<arg>KH</arg>
<arg>KI</arg>
<arg>KM</arg>
<arg>KN</arg>
<arg>KP</arg>
<arg>KR</arg>
<arg>KW</arg>
<arg>KY</arg>
<arg>KZ</arg>
<arg>LA</arg>
<arg>LB</arg>
<arg>LC</arg>
<arg>LI</arg>
<arg>LK</arg>
<arg>LR</arg>
<arg>LS</arg>
<arg>LT</arg>
<arg>LU</arg>
<arg>LV</arg>
<arg>LY</arg>
<arg>MA</arg>
<arg>MC</arg>
<arg>MD</arg>
<arg>ME</arg>
<arg>MF</arg>
<arg>MG</arg>
<arg>MH</arg>
<arg>MK</arg>
<arg>ML</arg>
<arg>MM</arg>
<arg>MN</arg>
<arg>MO</arg>
<arg>MP</arg>
<arg>MQ</arg>
<arg>MR</arg>
<arg>MS</arg>
<arg>MT</arg>
<arg>MU</arg>
<arg>MV</arg>
<arg>MW</arg>
<arg>MX</arg>
<arg>MY</arg>
<arg>MZ</arg>
<arg>NA</arg>
<arg>NC</arg>
<arg>NE</arg>
<arg>NF</arg>
<arg>NG</arg>
<arg>NI</arg>
<arg>NL</arg>
<arg>NO</arg>
<arg>NP</arg>
<arg>NR</arg>
<arg>NU</arg>
<arg>NZ</arg>
<arg>OM</arg>
<arg>PA</arg>
<arg>PE</arg>
<arg>PF</arg>
<arg>PG</arg>
<arg>PH</arg>
<arg>PK</arg>
<arg>PL</arg>
<arg>PM</arg>
<arg>PN</arg>
<arg>PR</arg>
<arg>PS</arg>
<arg>PT</arg>
<arg>PW</arg>
<arg>PY</arg>
<arg>QA</arg>
<arg>RE</arg>
<arg>RO</arg>
<arg>RS</arg>
<arg>RU</arg>
<arg>RW</arg>
<arg>SA</arg>
<arg>SB</arg>
<arg>SC</arg>
<arg>SD</arg>
<arg>SE</arg>
<arg>SG</arg>
<arg>SH</arg>
<arg>SI</arg>
<arg>SJ</arg>
<arg>SK</arg>
<arg>SL</arg>
<arg>SM</arg>
<arg>SN</arg>
<arg>SO</arg>
<arg>SR</arg>
<arg>SS</arg>
<arg>ST</arg>
<arg>SV</arg>
<arg>SX</arg>
<arg>SY</arg>
<arg>SZ</arg>
<arg>TC</arg>
<arg>TD</arg>
<arg>TF</arg>
<arg>TG</arg>
<arg>TH</arg>
<arg>TJ</arg>
<arg>TK</arg>
<arg>TL</arg>
<arg>TM</arg>
<arg>TN</arg>
<arg>TO</arg>
<arg>TR</arg>
<arg>TT</arg>
<arg>TV</arg>
<arg>TW</arg>
<arg>TZ</arg>
<arg>UA</arg>
<arg>UG</arg>
<arg>UM</arg>
<arg>US</arg>
<arg>UY</arg>
<arg>UZ</arg>
<arg>VA</arg>
<arg>VC</arg>
<arg>VE</arg>
<arg>VG</arg>
<arg>VI</arg>
<arg>VN</arg>
<arg>VU</arg>
<arg>WF</arg>
<arg>WS</arg>
<arg>XK</arg>
<arg>YE</arg>
<arg>YT</arg>
<arg>ZA</arg>
<arg>ZM</arg>
<arg>ZW</arg>
<doc>Returns a list containing given items.</doc>
<status status="PASS" start="2024-04-07T12:22:45.400070" elapsed="0.000674"/>
</kw>
<kw name="List Should Contain Value" owner="Collections">
<msg time="2024-04-07T12:22:45.401866" level="INFO">False</msg>
<arg>${list_country}</arg>
<arg>${name_country}</arg>
<doc>Fails if the ``value`` is not found from ``list``.</doc>
<status status="PASS" start="2024-04-07T12:22:45.401664" elapsed="0.000239"/>
</kw>
<kw name="Run Keyword If" owner="BuiltIn">
<kw name="Should Be True" owner="BuiltIn">
<arg>${True}</arg>
<doc>Fails if the given condition is not true.</doc>
<status status="PASS" start="2024-04-07T12:22:45.402960" elapsed="0.000145"/>
</kw>
<arg>${json_data["results"][0]["location"]["coordinates"]["latitude"]} &gt;= -90 and ${json_data["results"][0]["location"]["coordinates"]["latitude"]} &lt;= 90</arg>
<arg>Should Be True</arg>
<arg>${True}</arg>
<doc>Runs the given keyword with the given arguments, if ``condition`` is true.</doc>
<status status="PASS" start="2024-04-07T12:22:45.402217" elapsed="0.001016"/>
</kw>
<kw name="Run Keyword If" owner="BuiltIn">
<kw name="Should Be True" owner="BuiltIn">
<arg>${True}</arg>
<doc>Fails if the given condition is not true.</doc>
<status status="PASS" start="2024-04-07T12:22:45.404142" elapsed="0.000150"/>
</kw>
<arg>${json_data["results"][0]["location"]["coordinates"]["longitude"]} &gt;= -180 and ${json_data["results"][0]["location"]["coordinates"]["longitude"]} &lt;= 180</arg>
<arg>Should Be True</arg>
<arg>${True}</arg>
<doc>Runs the given keyword with the given arguments, if ``condition`` is true.</doc>
<status status="PASS" start="2024-04-07T12:22:45.403420" elapsed="0.000997"/>
</kw>
<status status="PASS" start="2024-04-07T12:22:45.089045" elapsed="0.315505"/>
</kw>
<doc>Testa o conteúdo específico dos campos retornados pela API.</doc>
<tag>testeConteudo</tag>
<status status="PASS" start="2024-04-07T12:22:45.088592" elapsed="0.316112"/>
</test>
<status status="PASS" start="2024-04-07T12:22:44.343484" elapsed="1.063113"/>
</suite>
<status status="PASS" start="2024-04-07T12:22:44.329799" elapsed="1.082114"/>
</suite>
<statistics>
<total>
<stat pass="5" fail="0" skip="0">All Tests</stat>
</total>
<tag>
<stat pass="1" fail="0" skip="0">testeConteudo</stat>
<stat pass="1" fail="0" skip="0">testeEstruturaResposta</stat>
<stat pass="1" fail="0" skip="0">testeRequisicaoBasica</stat>
<stat pass="1" fail="0" skip="0">testeTiposDados</stat>
</tag>
<suite>
<stat pass="5" fail="0" skip="0" id="s1" name="Tests">Tests</stat>
<stat pass="5" fail="0" skip="0" id="s1-s1" name="Random-User-Test">Tests.Random-User-Test</stat>
</suite>
</statistics>
<errors>
</errors>
</robot>
