<?xml version="1.0" encoding="UTF-8"?>
<robot generator="Robot 7.0.1 (Python 3.12.4 on linux)" generated="2024-07-16T13:13:50.352677" rpa="false" schemaversion="5">
<suite id="s1" name="Tests" source="/home/runner/work/ApiRandomUser/ApiRandomUser/RamdonUser/tests">
<suite id="s1-s1" name="Random-User-Test" source="/home/runner/work/ApiRandomUser/ApiRandomUser/RamdonUser/tests/random-user-test.robot">
<test id="s1-s1-t1" name="Conectar" line="13">
<kw name="Conectar API" owner="random-user-service">
<kw name="Create Session" owner="RequestsLibrary">
<msg time="2024-07-16T13:13:50.769245" level="INFO">Creating Session using : alias=consultarAPI, url=https://randomuser.me/, headers={},                     cookies={}, auth=None, timeout=None, proxies=None, verify=False,                     debug=0 </msg>
<arg>consultarAPI</arg>
<arg>${URL}</arg>
<doc>Create Session: create a HTTP session to a server</doc>
<status status="PASS" start="2024-07-16T13:13:50.769039" elapsed="0.000381"/>
</kw>
<status status="PASS" start="2024-07-16T13:13:50.768052" elapsed="0.001728"/>
</kw>
<status status="PASS" start="2024-07-16T13:13:50.767509" elapsed="0.002461"/>
</test>
<test id="s1-s1-t2" name="Validar retorno 200 e JSON Válido" line="16">
<kw name="Teste de Requisicao Basica" owner="random-user-service">
<kw name="GET On Session" owner="RequestsLibrary">
<msg time="2024-07-16T13:13:50.856972" level="INFO">GET Request : url=https://randomuser.me/api 
 path_url=/api 
 headers={'User-Agent': 'python-requests/2.32.3', 'Accept-Encoding': 'gzip, deflate', 'Accept': '*/*', 'Connection': 'keep-alive'} 
 body=None 
 </msg>
<msg time="2024-07-16T13:13:50.857081" level="INFO">GET Response : url=https://randomuser.me/api 
 status=200, reason=OK 
 headers={'Date': 'Tue, 16 Jul 2024 13:13:50 GMT', 'Content-Type': 'application/json; charset=utf-8', 'Transfer-Encoding': 'chunked', 'Connection': 'keep-alive', 'X-Powered-By': 'Express', 'Access-Control-Allow-Origin': '*', 'Cache-Control': 'no-cache', 'ETag': 'W/"4a8-iUu4ld1ZrcZEYXI/uMLfSUKb2Y0"', 'Vary': 'Accept-Encoding', 'Content-Encoding': 'gzip', 'CF-Cache-Status': 'DYNAMIC', 'Report-To': '{"endpoints":[{"url":"https:\\/\\/a.nel.cloudflare.com\\/report\\/v4?s=WJFrUqQ05j6sIttATMcyrUCHAe7oJ11dDUpxEbaRdwYccnpW5z4f7Rnj%2FDUyAUhJ%2Fz%2BuhAwlPJwg2DZH4uCEJ1NC1Iz8I6P9L3Kl3wrIPBk0Ojvvdn9fR7EkrreGXr1W"}],"group":"cf-nel","max_age":604800}', 'NEL': '{"success_fraction":0,"report_to":"cf-nel","max_age":604800}', 'Server': 'cloudflare', 'CF-RAY': '8a42407c9a7f0840-IAD', 'alt-svc': 'h3=":443"; ma=86400'} 
 body={"results":[{"gender":"female","name":{"title":"Miss","first":"Marilene","last":"Lopes"},"location":{"street":{"number":8269,"name":"Avenida Brasil "},"city":"São Paulo","state":"Piauí","country":"Brazil","postcode":77652,"coordinates":{"latitude":"-79.0829","longitude":"95.5072"},"timezone":{"offset":"+5:00","description":"Ekaterinburg, Islamabad, Karachi, Tashkent"}},"email":"marilene.lopes@example.com","login":{"uuid":"a81bd0ea-cae5-47a2-bd3c-10b31f1192cd","username":"silverbutterfly145","password":"chiks","salt":"Q3wCMlTZ","md5":"3a8e77cb34fe90642011b75cb795b796","sha1":"0ee4a6e4fa4bd0349e94ccd614ae387e5f2dd2a9","sha256":"bceb1104f64317b80d71b24b59b6f2040b7841da7eaf20dc3b0b809c680b21bd"},"dob":{"date":"1983-12-19T02:31:56.608Z","age":40},"registered":{"date":"2006-08-17T16:18:59.104Z","age":17},"phone":"(91) 0517-8906","cell":"(83) 8158-7957","id":{"name":"CPF","value":"265.645.456-66"},"picture":{"large":"https://randomuser.me/api/portraits/women/6.jpg","medium":"https://randomuser.me/api/portraits/med/women/6.jpg","thumbnail":"https://randomuser.me/api/portraits/thumb/women/6.jpg"},"nat":"BR"}],"info":{"seed":"025a79ba0a769204","results":1,"page":1,"version":"1.4"}} 
 </msg>
<msg time="2024-07-16T13:13:50.857158" level="INFO">/opt/hostedtoolcache/Python/3.12.4/x64/lib/python3.12/site-packages/urllib3/connectionpool.py:1099: InsecureRequestWarning: Unverified HTTPS request is being made to host 'randomuser.me'. Adding certificate verification is strongly advised. See: https://urllib3.readthedocs.io/en/latest/advanced-usage.html#tls-warnings
  warnings.warn(</msg>
<msg time="2024-07-16T13:13:50.857276" level="INFO">${response} = &lt;Response [200]&gt;</msg>
<var>${response}</var>
<arg>consultarAPI</arg>
<arg>/api</arg>
<doc>Sends a GET request on a previously created HTTP Session.</doc>
<status status="PASS" start="2024-07-16T13:13:50.772544" elapsed="0.084777"/>
</kw>
<kw name="Should Be Equal As Numbers" owner="BuiltIn">
<msg time="2024-07-16T13:13:50.858206" level="INFO">Argument types are:
&lt;class 'int'&gt;
&lt;class 'str'&gt;</msg>
<arg>${response.status_code}</arg>
<arg>200</arg>
<doc>Fails if objects are unequal after converting them to real numbers.</doc>
<status status="PASS" start="2024-07-16T13:13:50.857792" elapsed="0.000478"/>
</kw>
<kw name="Log" owner="BuiltIn">
<msg time="2024-07-16T13:13:50.858933" level="INFO">200</msg>
<arg>${response.status_code}</arg>
<doc>Logs the given message with the given level.</doc>
<status status="PASS" start="2024-07-16T13:13:50.858588" elapsed="0.000388"/>
</kw>
<kw name="Set Variable" owner="BuiltIn">
<msg time="2024-07-16T13:13:50.859717" level="INFO">${json_data} = {'results': [{'gender': 'female', 'name': {'title': 'Miss', 'first': 'Marilene', 'last': 'Lopes'}, 'location': {'street': {'number': 8269, 'name': 'Avenida Brasil '}, 'city': 'São Paulo', 'state': 'Pi...</msg>
<var>${json_data}</var>
<arg>${response.json()}</arg>
<doc>Returns the given values which can then be assigned to a variables.</doc>
<status status="PASS" start="2024-07-16T13:13:50.859281" elapsed="0.000466"/>
</kw>
<kw name="Dictionary Should Contain Key" owner="Collections">
<arg>${json_data}</arg>
<arg>results</arg>
<doc>Fails if ``key`` is not found from ``dictionary``.</doc>
<status status="PASS" start="2024-07-16T13:13:50.860046" elapsed="0.000209"/>
</kw>
<status status="PASS" start="2024-07-16T13:13:50.772298" elapsed="0.088112"/>
</kw>
<doc>Testa se a API responde corretamente e retorna um objeto JSON válido.</doc>
<tag>testeRequisicaoBasica</tag>
<status status="PASS" start="2024-07-16T13:13:50.771830" elapsed="0.088748"/>
</test>
<test id="s1-s1-t3" name="Validar estrutura de resposta" line="22">
<kw name="Teste de Estrutura de Resposta" owner="random-user-service">
<kw name="GET On Session" owner="RequestsLibrary">
<msg time="2024-07-16T13:13:50.948764" level="INFO">GET Request : url=https://randomuser.me/api 
 path_url=/api 
 headers={'User-Agent': 'python-requests/2.32.3', 'Accept-Encoding': 'gzip, deflate', 'Accept': '*/*', 'Connection': 'keep-alive'} 
 body=None 
 </msg>
<msg time="2024-07-16T13:13:50.948868" level="INFO">GET Response : url=https://randomuser.me/api 
 status=200, reason=OK 
 headers={'Date': 'Tue, 16 Jul 2024 13:13:50 GMT', 'Content-Type': 'application/json; charset=utf-8', 'Transfer-Encoding': 'chunked', 'Connection': 'keep-alive', 'X-Powered-By': 'Express', 'Access-Control-Allow-Origin': '*', 'Cache-Control': 'no-cache', 'ETag': 'W/"4a3-jBcUf//Ky/wWdtL4pktqFfdyU6M"', 'Vary': 'Accept-Encoding', 'Content-Encoding': 'gzip', 'CF-Cache-Status': 'DYNAMIC', 'Report-To': '{"endpoints":[{"url":"https:\\/\\/a.nel.cloudflare.com\\/report\\/v4?s=dPX65oMPZEucWqI6r5DSqalT6CzV1BhnDZngeba0noEqJFdD3n5e5nS2JLONQgMFSYuRK5PwQJRH4ZmroS5WpiawKer1Lono4OQypN3RffynO6ul%2BEs8rOaPVB24YXfK"}],"group":"cf-nel","max_age":604800}', 'NEL': '{"success_fraction":0,"report_to":"cf-nel","max_age":604800}', 'Server': 'cloudflare', 'CF-RAY': '8a42407ceae20840-IAD', 'alt-svc': 'h3=":443"; ma=86400'} 
 body={"results":[{"gender":"female","name":{"title":"Miss","first":"Galina","last":"Bakić"},"location":{"street":{"number":5547,"name":"Blagoja Simića Fuzije"},"city":"Boljevac","state":"North Bačka","country":"Serbia","postcode":60757,"coordinates":{"latitude":"63.1429","longitude":"80.4392"},"timezone":{"offset":"+3:00","description":"Baghdad, Riyadh, Moscow, St. Petersburg"}},"email":"galina.bakic@example.com","login":{"uuid":"40288127-9896-4fd1-bb9a-62b2c47d76ff","username":"purplegoose252","password":"motley","salt":"HMy02hCR","md5":"3b1f716d7673597854cc0575ad14f954","sha1":"b5db903a0faa9b67435630424826cc1314af9aea","sha256":"3df819b6f891346a405915e8f01c69016c834c0b24b64cddea77ea9a2cda2db2"},"dob":{"date":"1986-09-05T18:22:46.789Z","age":37},"registered":{"date":"2005-12-15T23:52:56.724Z","age":18},"phone":"014-8449-978","cell":"064-6783-231","id":{"name":"SID","value":"052681580"},"picture":{"large":"https://randomuser.me/api/portraits/women/77.jpg","medium":"https://randomuser.me/api/portraits/med/women/77.jpg","thumbnail":"https://randomuser.me/api/portraits/thumb/women/77.jpg"},"nat":"RS"}],"info":{"seed":"8cb6fe1a0b13f649","results":1,"page":1,"version":"1.4"}} 
 </msg>
<msg time="2024-07-16T13:13:50.949009" level="INFO">/opt/hostedtoolcache/Python/3.12.4/x64/lib/python3.12/site-packages/urllib3/connectionpool.py:1099: InsecureRequestWarning: Unverified HTTPS request is being made to host 'randomuser.me'. Adding certificate verification is strongly advised. See: https://urllib3.readthedocs.io/en/latest/advanced-usage.html#tls-warnings
  warnings.warn(</msg>
<msg time="2024-07-16T13:13:50.949119" level="INFO">${response} = &lt;Response [200]&gt;</msg>
<var>${response}</var>
<arg>consultarAPI</arg>
<arg>/api</arg>
<doc>Sends a GET request on a previously created HTTP Session.</doc>
<status status="PASS" start="2024-07-16T13:13:50.863124" elapsed="0.086037"/>
</kw>
<kw name="Set Variable" owner="BuiltIn">
<msg time="2024-07-16T13:13:50.950137" level="INFO">${json_data} = {'results': [{'gender': 'female', 'name': {'title': 'Miss', 'first': 'Galina', 'last': 'Bakić'}, 'location': {'street': {'number': 5547, 'name': 'Blagoja Simića Fuzije'}, 'city': 'Boljevac', 'state': ...</msg>
<var>${json_data}</var>
<arg>${response.json()}</arg>
<doc>Returns the given values which can then be assigned to a variables.</doc>
<status status="PASS" start="2024-07-16T13:13:50.949631" elapsed="0.000536"/>
</kw>
<kw name="Log" owner="BuiltIn">
<msg time="2024-07-16T13:13:50.950645" level="INFO">{'results': [{'gender': 'female', 'name': {'title': 'Miss', 'first': 'Galina', 'last': 'Bakić'}, 'location': {'street': {'number': 5547, 'name': 'Blagoja Simića Fuzije'}, 'city': 'Boljevac', 'state': 'North Bačka', 'country': 'Serbia', 'postcode': 60757, 'coordinates': {'latitude': '63.1429', 'longitude': '80.4392'}, 'timezone': {'offset': '+3:00', 'description': 'Baghdad, Riyadh, Moscow, St. Petersburg'}}, 'email': 'galina.bakic@example.com', 'login': {'uuid': '40288127-9896-4fd1-bb9a-62b2c47d76ff', 'username': 'purplegoose252', 'password': 'motley', 'salt': 'HMy02hCR', 'md5': '3b1f716d7673597854cc0575ad14f954', 'sha1': 'b5db903a0faa9b67435630424826cc1314af9aea', 'sha256': '3df819b6f891346a405915e8f01c69016c834c0b24b64cddea77ea9a2cda2db2'}, 'dob': {'date': '1986-09-05T18:22:46.789Z', 'age': 37}, 'registered': {'date': '2005-12-15T23:52:56.724Z', 'age': 18}, 'phone': '014-8449-978', 'cell': '064-6783-231', 'id': {'name': 'SID', 'value': '052681580'}, 'picture': {'large': 'https://randomuser.me/api/portraits/women/77.jpg', 'medium': 'https://randomuser.me/api/portraits/med/women/77.jpg', 'thumbnail': 'https://randomuser.me/api/portraits/thumb/women/77.jpg'}, 'nat': 'RS'}], 'info': {'seed': '8cb6fe1a0b13f649', 'results': 1, 'page': 1, 'version': '1.4'}}</msg>
<arg>${json_data}</arg>
<doc>Logs the given message with the given level.</doc>
<status status="PASS" start="2024-07-16T13:13:50.950481" elapsed="0.000215"/>
</kw>
<kw name="Dictionary Should Contain Key" owner="Collections">
<arg>${json_data}</arg>
<arg>results</arg>
<doc>Fails if ``key`` is not found from ``dictionary``.</doc>
<status status="PASS" start="2024-07-16T13:13:50.950989" elapsed="0.000162"/>
</kw>
<kw name="Should Not Be Empty" owner="BuiltIn">
<msg time="2024-07-16T13:13:50.951465" level="INFO">Length is 2.</msg>
<arg>${json_data}</arg>
<doc>Verifies that the given item is not empty.</doc>
<status status="PASS" start="2024-07-16T13:13:50.951335" elapsed="0.000169"/>
</kw>
<kw name="Create List" owner="BuiltIn">
<msg time="2024-07-16T13:13:50.952113" level="INFO">${expected_keys} = ['gender', 'name', 'location', 'email', 'login']</msg>
<var>${expected_keys}</var>
<arg>gender</arg>
<arg>name</arg>
<arg>location</arg>
<arg>email</arg>
<arg>login</arg>
<doc>Returns a list containing given items.</doc>
<status status="PASS" start="2024-07-16T13:13:50.951809" elapsed="0.000353"/>
</kw>
<for flavor="IN">
<iter>
<kw name="Dictionary Should Contain Key" owner="Collections">
<arg>${json_data['results'][0]}</arg>
<arg>${key}</arg>
<doc>Fails if ``key`` is not found from ``dictionary``.</doc>
<status status="PASS" start="2024-07-16T13:13:50.952793" elapsed="0.000406"/>
</kw>
<kw name="Log" owner="BuiltIn">
<msg time="2024-07-16T13:13:50.953744" level="INFO">{'gender': 'female', 'name': {'title': 'Miss', 'first': 'Galina', 'last': 'Bakić'}, 'location': {'street': {'number': 5547, 'name': 'Blagoja Simića Fuzije'}, 'city': 'Boljevac', 'state': 'North Bačka', 'country': 'Serbia', 'postcode': 60757, 'coordinates': {'latitude': '63.1429', 'longitude': '80.4392'}, 'timezone': {'offset': '+3:00', 'description': 'Baghdad, Riyadh, Moscow, St. Petersburg'}}, 'email': 'galina.bakic@example.com', 'login': {'uuid': '40288127-9896-4fd1-bb9a-62b2c47d76ff', 'username': 'purplegoose252', 'password': 'motley', 'salt': 'HMy02hCR', 'md5': '3b1f716d7673597854cc0575ad14f954', 'sha1': 'b5db903a0faa9b67435630424826cc1314af9aea', 'sha256': '3df819b6f891346a405915e8f01c69016c834c0b24b64cddea77ea9a2cda2db2'}, 'dob': {'date': '1986-09-05T18:22:46.789Z', 'age': 37}, 'registered': {'date': '2005-12-15T23:52:56.724Z', 'age': 18}, 'phone': '014-8449-978', 'cell': '064-6783-231', 'id': {'name': 'SID', 'value': '052681580'}, 'picture': {'large': 'https://randomuser.me/api/portraits/women/77.jpg', 'medium': 'https://randomuser.me/api/portraits/med/women/77.jpg', 'thumbnail': 'https://randomuser.me/api/portraits/thumb/women/77.jpg'}, 'nat': 'RS'}</msg>
<arg>${json_data['results'][0]}</arg>
<doc>Logs the given message with the given level.</doc>
<status status="PASS" start="2024-07-16T13:13:50.953388" elapsed="0.000409"/>
</kw>
<kw name="Log" owner="BuiltIn">
<msg time="2024-07-16T13:13:50.954248" level="INFO">gender</msg>
<arg>${key}</arg>
<doc>Logs the given message with the given level.</doc>
<status status="PASS" start="2024-07-16T13:13:50.954109" elapsed="0.000178"/>
</kw>
<var name="${key}">gender</var>
<status status="PASS" start="2024-07-16T13:13:50.952662" elapsed="0.001842"/>
</iter>
<iter>
<kw name="Dictionary Should Contain Key" owner="Collections">
<arg>${json_data['results'][0]}</arg>
<arg>${key}</arg>
<doc>Fails if ``key`` is not found from ``dictionary``.</doc>
<status status="PASS" start="2024-07-16T13:13:50.954801" elapsed="0.000407"/>
</kw>
<kw name="Log" owner="BuiltIn">
<msg time="2024-07-16T13:13:50.955790" level="INFO">{'gender': 'female', 'name': {'title': 'Miss', 'first': 'Galina', 'last': 'Bakić'}, 'location': {'street': {'number': 5547, 'name': 'Blagoja Simića Fuzije'}, 'city': 'Boljevac', 'state': 'North Bačka', 'country': 'Serbia', 'postcode': 60757, 'coordinates': {'latitude': '63.1429', 'longitude': '80.4392'}, 'timezone': {'offset': '+3:00', 'description': 'Baghdad, Riyadh, Moscow, St. Petersburg'}}, 'email': 'galina.bakic@example.com', 'login': {'uuid': '40288127-9896-4fd1-bb9a-62b2c47d76ff', 'username': 'purplegoose252', 'password': 'motley', 'salt': 'HMy02hCR', 'md5': '3b1f716d7673597854cc0575ad14f954', 'sha1': 'b5db903a0faa9b67435630424826cc1314af9aea', 'sha256': '3df819b6f891346a405915e8f01c69016c834c0b24b64cddea77ea9a2cda2db2'}, 'dob': {'date': '1986-09-05T18:22:46.789Z', 'age': 37}, 'registered': {'date': '2005-12-15T23:52:56.724Z', 'age': 18}, 'phone': '014-8449-978', 'cell': '064-6783-231', 'id': {'name': 'SID', 'value': '052681580'}, 'picture': {'large': 'https://randomuser.me/api/portraits/women/77.jpg', 'medium': 'https://randomuser.me/api/portraits/med/women/77.jpg', 'thumbnail': 'https://randomuser.me/api/portraits/thumb/women/77.jpg'}, 'nat': 'RS'}</msg>
<arg>${json_data['results'][0]}</arg>
<doc>Logs the given message with the given level.</doc>
<status status="PASS" start="2024-07-16T13:13:50.955396" elapsed="0.000446"/>
</kw>
<kw name="Log" owner="BuiltIn">
<msg time="2024-07-16T13:13:50.956304" level="INFO">name</msg>
<arg>${key}</arg>
<doc>Logs the given message with the given level.</doc>
<status status="PASS" start="2024-07-16T13:13:50.956164" elapsed="0.000177"/>
</kw>
<var name="${key}">name</var>
<status status="PASS" start="2024-07-16T13:13:50.954689" elapsed="0.001873"/>
</iter>
<iter>
<kw name="Dictionary Should Contain Key" owner="Collections">
<arg>${json_data['results'][0]}</arg>
<arg>${key}</arg>
<doc>Fails if ``key`` is not found from ``dictionary``.</doc>
<status status="PASS" start="2024-07-16T13:13:50.956848" elapsed="0.000376"/>
</kw>
<kw name="Log" owner="BuiltIn">
<msg time="2024-07-16T13:13:50.957758" level="INFO">{'gender': 'female', 'name': {'title': 'Miss', 'first': 'Galina', 'last': 'Bakić'}, 'location': {'street': {'number': 5547, 'name': 'Blagoja Simića Fuzije'}, 'city': 'Boljevac', 'state': 'North Bačka', 'country': 'Serbia', 'postcode': 60757, 'coordinates': {'latitude': '63.1429', 'longitude': '80.4392'}, 'timezone': {'offset': '+3:00', 'description': 'Baghdad, Riyadh, Moscow, St. Petersburg'}}, 'email': 'galina.bakic@example.com', 'login': {'uuid': '40288127-9896-4fd1-bb9a-62b2c47d76ff', 'username': 'purplegoose252', 'password': 'motley', 'salt': 'HMy02hCR', 'md5': '3b1f716d7673597854cc0575ad14f954', 'sha1': 'b5db903a0faa9b67435630424826cc1314af9aea', 'sha256': '3df819b6f891346a405915e8f01c69016c834c0b24b64cddea77ea9a2cda2db2'}, 'dob': {'date': '1986-09-05T18:22:46.789Z', 'age': 37}, 'registered': {'date': '2005-12-15T23:52:56.724Z', 'age': 18}, 'phone': '014-8449-978', 'cell': '064-6783-231', 'id': {'name': 'SID', 'value': '052681580'}, 'picture': {'large': 'https://randomuser.me/api/portraits/women/77.jpg', 'medium': 'https://randomuser.me/api/portraits/med/women/77.jpg', 'thumbnail': 'https://randomuser.me/api/portraits/thumb/women/77.jpg'}, 'nat': 'RS'}</msg>
<arg>${json_data['results'][0]}</arg>
<doc>Logs the given message with the given level.</doc>
<status status="PASS" start="2024-07-16T13:13:50.957406" elapsed="0.000403"/>
</kw>
<kw name="Log" owner="BuiltIn">
<msg time="2024-07-16T13:13:50.958234" level="INFO">location</msg>
<arg>${key}</arg>
<doc>Logs the given message with the given level.</doc>
<status status="PASS" start="2024-07-16T13:13:50.958108" elapsed="0.000162"/>
</kw>
<var name="${key}">location</var>
<status status="PASS" start="2024-07-16T13:13:50.956739" elapsed="0.001745"/>
</iter>
<iter>
<kw name="Dictionary Should Contain Key" owner="Collections">
<arg>${json_data['results'][0]}</arg>
<arg>${key}</arg>
<doc>Fails if ``key`` is not found from ``dictionary``.</doc>
<status status="PASS" start="2024-07-16T13:13:50.958761" elapsed="0.000386"/>
</kw>
<kw name="Log" owner="BuiltIn">
<msg time="2024-07-16T13:13:50.959688" level="INFO">{'gender': 'female', 'name': {'title': 'Miss', 'first': 'Galina', 'last': 'Bakić'}, 'location': {'street': {'number': 5547, 'name': 'Blagoja Simića Fuzije'}, 'city': 'Boljevac', 'state': 'North Bačka', 'country': 'Serbia', 'postcode': 60757, 'coordinates': {'latitude': '63.1429', 'longitude': '80.4392'}, 'timezone': {'offset': '+3:00', 'description': 'Baghdad, Riyadh, Moscow, St. Petersburg'}}, 'email': 'galina.bakic@example.com', 'login': {'uuid': '40288127-9896-4fd1-bb9a-62b2c47d76ff', 'username': 'purplegoose252', 'password': 'motley', 'salt': 'HMy02hCR', 'md5': '3b1f716d7673597854cc0575ad14f954', 'sha1': 'b5db903a0faa9b67435630424826cc1314af9aea', 'sha256': '3df819b6f891346a405915e8f01c69016c834c0b24b64cddea77ea9a2cda2db2'}, 'dob': {'date': '1986-09-05T18:22:46.789Z', 'age': 37}, 'registered': {'date': '2005-12-15T23:52:56.724Z', 'age': 18}, 'phone': '014-8449-978', 'cell': '064-6783-231', 'id': {'name': 'SID', 'value': '052681580'}, 'picture': {'large': 'https://randomuser.me/api/portraits/women/77.jpg', 'medium': 'https://randomuser.me/api/portraits/med/women/77.jpg', 'thumbnail': 'https://randomuser.me/api/portraits/thumb/women/77.jpg'}, 'nat': 'RS'}</msg>
<arg>${json_data['results'][0]}</arg>
<doc>Logs the given message with the given level.</doc>
<status status="PASS" start="2024-07-16T13:13:50.959335" elapsed="0.000403"/>
</kw>
<kw name="Log" owner="BuiltIn">
<msg time="2024-07-16T13:13:50.960202" level="INFO">email</msg>
<arg>${key}</arg>
<doc>Logs the given message with the given level.</doc>
<status status="PASS" start="2024-07-16T13:13:50.960036" elapsed="0.000219"/>
</kw>
<var name="${key}">email</var>
<status status="PASS" start="2024-07-16T13:13:50.958653" elapsed="0.001823"/>
</iter>
<iter>
<kw name="Dictionary Should Contain Key" owner="Collections">
<arg>${json_data['results'][0]}</arg>
<arg>${key}</arg>
<doc>Fails if ``key`` is not found from ``dictionary``.</doc>
<status status="PASS" start="2024-07-16T13:13:50.960759" elapsed="0.000388"/>
</kw>
<kw name="Log" owner="BuiltIn">
<msg time="2024-07-16T13:13:50.961685" level="INFO">{'gender': 'female', 'name': {'title': 'Miss', 'first': 'Galina', 'last': 'Bakić'}, 'location': {'street': {'number': 5547, 'name': 'Blagoja Simića Fuzije'}, 'city': 'Boljevac', 'state': 'North Bačka', 'country': 'Serbia', 'postcode': 60757, 'coordinates': {'latitude': '63.1429', 'longitude': '80.4392'}, 'timezone': {'offset': '+3:00', 'description': 'Baghdad, Riyadh, Moscow, St. Petersburg'}}, 'email': 'galina.bakic@example.com', 'login': {'uuid': '40288127-9896-4fd1-bb9a-62b2c47d76ff', 'username': 'purplegoose252', 'password': 'motley', 'salt': 'HMy02hCR', 'md5': '3b1f716d7673597854cc0575ad14f954', 'sha1': 'b5db903a0faa9b67435630424826cc1314af9aea', 'sha256': '3df819b6f891346a405915e8f01c69016c834c0b24b64cddea77ea9a2cda2db2'}, 'dob': {'date': '1986-09-05T18:22:46.789Z', 'age': 37}, 'registered': {'date': '2005-12-15T23:52:56.724Z', 'age': 18}, 'phone': '014-8449-978', 'cell': '064-6783-231', 'id': {'name': 'SID', 'value': '052681580'}, 'picture': {'large': 'https://randomuser.me/api/portraits/women/77.jpg', 'medium': 'https://randomuser.me/api/portraits/med/women/77.jpg', 'thumbnail': 'https://randomuser.me/api/portraits/thumb/women/77.jpg'}, 'nat': 'RS'}</msg>
<arg>${json_data['results'][0]}</arg>
<doc>Logs the given message with the given level.</doc>
<status status="PASS" start="2024-07-16T13:13:50.961331" elapsed="0.000407"/>
</kw>
<kw name="Log" owner="BuiltIn">
<msg time="2024-07-16T13:13:50.962159" level="INFO">login</msg>
<arg>${key}</arg>
<doc>Logs the given message with the given level.</doc>
<status status="PASS" start="2024-07-16T13:13:50.962033" elapsed="0.000164"/>
</kw>
<var name="${key}">login</var>
<status status="PASS" start="2024-07-16T13:13:50.960646" elapsed="0.001766"/>
</iter>
<var>${key}</var>
<value>@{expected_keys}</value>
<status status="PASS" start="2024-07-16T13:13:50.952459" elapsed="0.010072"/>
</for>
<kw name="Create List" owner="BuiltIn">
<msg time="2024-07-16T13:13:50.962891" level="INFO">${expected_keysTwo} = ['username', 'password']</msg>
<var>${expected_keysTwo}</var>
<arg>username</arg>
<arg>password</arg>
<doc>Returns a list containing given items.</doc>
<status status="PASS" start="2024-07-16T13:13:50.962749" elapsed="0.000166"/>
</kw>
<for flavor="IN">
<iter>
<kw name="Dictionary Should Contain Key" owner="Collections">
<arg>${json_data['results'][0]['login']}</arg>
<arg>${keyTwo}</arg>
<doc>Fails if ``key`` is not found from ``dictionary``.</doc>
<status status="PASS" start="2024-07-16T13:13:50.963409" elapsed="0.000379"/>
</kw>
<kw name="Dictionary Should Contain Key" owner="Collections">
<arg>${json_data['results'][0]['login']}</arg>
<arg>${keyTwo}</arg>
<doc>Fails if ``key`` is not found from ``dictionary``.</doc>
<status status="PASS" start="2024-07-16T13:13:50.963969" elapsed="0.000409"/>
</kw>
<kw name="Log" owner="BuiltIn">
<msg time="2024-07-16T13:13:50.964684" level="INFO">username</msg>
<arg>${keyTwo}</arg>
<doc>Logs the given message with the given level.</doc>
<status status="PASS" start="2024-07-16T13:13:50.964562" elapsed="0.000158"/>
</kw>
<var name="${keyTwo}">username</var>
<status status="PASS" start="2024-07-16T13:13:50.963302" elapsed="0.001639"/>
</iter>
<iter>
<kw name="Dictionary Should Contain Key" owner="Collections">
<arg>${json_data['results'][0]['login']}</arg>
<arg>${keyTwo}</arg>
<doc>Fails if ``key`` is not found from ``dictionary``.</doc>
<status status="PASS" start="2024-07-16T13:13:50.965223" elapsed="0.000384"/>
</kw>
<kw name="Dictionary Should Contain Key" owner="Collections">
<arg>${json_data['results'][0]['login']}</arg>
<arg>${keyTwo}</arg>
<doc>Fails if ``key`` is not found from ``dictionary``.</doc>
<status status="PASS" start="2024-07-16T13:13:50.965785" elapsed="0.000365"/>
</kw>
<kw name="Log" owner="BuiltIn">
<msg time="2024-07-16T13:13:50.966443" level="INFO">password</msg>
<arg>${keyTwo}</arg>
<doc>Logs the given message with the given level.</doc>
<status status="PASS" start="2024-07-16T13:13:50.966326" elapsed="0.000158"/>
</kw>
<var name="${keyTwo}">password</var>
<status status="PASS" start="2024-07-16T13:13:50.965117" elapsed="0.001681"/>
</iter>
<var>${keyTwo}</var>
<value>@{expected_keysTwo}</value>
<status status="PASS" start="2024-07-16T13:13:50.963153" elapsed="0.003766"/>
</for>
<status status="PASS" start="2024-07-16T13:13:50.862895" elapsed="0.104164"/>
</kw>
<doc>Testa a estrutura da resposta da API.</doc>
<tag>testeEstruturaResposta</tag>
<status status="PASS" start="2024-07-16T13:13:50.862401" elapsed="0.104809"/>
</test>
<test id="s1-s1-t4" name="Validar tipos de dados" line="28">
<kw name="Teste de Tipos de Dados" owner="random-user-service">
<kw name="GET On Session" owner="RequestsLibrary">
<msg time="2024-07-16T13:13:51.051807" level="INFO">GET Request : url=https://randomuser.me/api 
 path_url=/api 
 headers={'User-Agent': 'python-requests/2.32.3', 'Accept-Encoding': 'gzip, deflate', 'Accept': '*/*', 'Connection': 'keep-alive'} 
 body=None 
 </msg>
<msg time="2024-07-16T13:13:51.051888" level="INFO">GET Response : url=https://randomuser.me/api 
 status=200, reason=OK 
 headers={'Date': 'Tue, 16 Jul 2024 13:13:51 GMT', 'Content-Type': 'application/json; charset=utf-8', 'Transfer-Encoding': 'chunked', 'Connection': 'keep-alive', 'X-Powered-By': 'Express', 'Access-Control-Allow-Origin': '*', 'Cache-Control': 'no-cache', 'ETag': 'W/"47e-eiKZnZBcFliDfJrPUGc6UI9aZdc"', 'Vary': 'Accept-Encoding', 'Content-Encoding': 'gzip', 'CF-Cache-Status': 'DYNAMIC', 'Report-To': '{"endpoints":[{"url":"https:\\/\\/a.nel.cloudflare.com\\/report\\/v4?s=Ou2sWnJzoABK%2FTV%2BZcOKN1TGLgvy2bzHaCNdVyFxuW8EbS6zKvgAlMCAIWW46DH1eAR0EGljobzR1yCwTAJk7Hc%2BpBmeYJU4ObpC7gfXwtOcojg8v8M0SYXavsiBxXtn"}],"group":"cf-nel","max_age":604800}', 'NEL': '{"success_fraction":0,"report_to":"cf-nel","max_age":604800}', 'Server': 'cloudflare', 'CF-RAY': '8a42407d9bcb0840-IAD', 'alt-svc': 'h3=":443"; ma=86400'} 
 body={"results":[{"gender":"male","name":{"title":"Mr","first":"Roope","last":"Paavola"},"location":{"street":{"number":6236,"name":"Visiokatu"},"city":"Loimaa","state":"Southern Ostrobothnia","country":"Finland","postcode":27839,"coordinates":{"latitude":"-26.5349","longitude":"-141.9428"},"timezone":{"offset":"+4:30","description":"Kabul"}},"email":"roope.paavola@example.com","login":{"uuid":"daa9f7c3-7bcd-4c48-9ad6-66db2d59eed0","username":"smallkoala475","password":"passwor1","salt":"DRXZUtH1","md5":"12d0f892a04a4b26675bd842584f1443","sha1":"96d8bc2d9b0b97f340de6e285008198a1210fe7e","sha256":"7a546fa147b47db7c26e7671d1690399f21ad05e0ab1b31f05386ba7b125bf42"},"dob":{"date":"1967-09-12T21:12:17.796Z","age":56},"registered":{"date":"2019-09-19T21:35:25.818Z","age":4},"phone":"03-835-998","cell":"040-756-88-23","id":{"name":"HETU","value":"NaNNA793undefined"},"picture":{"large":"https://randomuser.me/api/portraits/men/72.jpg","medium":"https://randomuser.me/api/portraits/med/men/72.jpg","thumbnail":"https://randomuser.me/api/portraits/thumb/men/72.jpg"},"nat":"FI"}],"info":{"seed":"d023133ba5edda66","results":1,"page":1,"version":"1.4"}} 
 </msg>
<msg time="2024-07-16T13:13:51.051958" level="INFO">/opt/hostedtoolcache/Python/3.12.4/x64/lib/python3.12/site-packages/urllib3/connectionpool.py:1099: InsecureRequestWarning: Unverified HTTPS request is being made to host 'randomuser.me'. Adding certificate verification is strongly advised. See: https://urllib3.readthedocs.io/en/latest/advanced-usage.html#tls-warnings
  warnings.warn(</msg>
<msg time="2024-07-16T13:13:51.052065" level="INFO">${response} = &lt;Response [200]&gt;</msg>
<var>${response}</var>
<arg>consultarAPI</arg>
<arg>/api</arg>
<doc>Sends a GET request on a previously created HTTP Session.</doc>
<status status="PASS" start="2024-07-16T13:13:50.969692" elapsed="0.082406"/>
</kw>
<kw name="Set Variable" owner="BuiltIn">
<msg time="2024-07-16T13:13:51.052972" level="INFO">${json_data} = {'results': [{'gender': 'male', 'name': {'title': 'Mr', 'first': 'Roope', 'last': 'Paavola'}, 'location': {'street': {'number': 6236, 'name': 'Visiokatu'}, 'city': 'Loimaa', 'state': 'Southern Ostrobo...</msg>
<var>${json_data}</var>
<arg>${response.json()}</arg>
<doc>Returns the given values which can then be assigned to a variables.</doc>
<status status="PASS" start="2024-07-16T13:13:51.052524" elapsed="0.000476"/>
</kw>
<kw name="Log" owner="BuiltIn">
<msg time="2024-07-16T13:13:51.053462" level="INFO">{'results': [{'gender': 'male', 'name': {'title': 'Mr', 'first': 'Roope', 'last': 'Paavola'}, 'location': {'street': {'number': 6236, 'name': 'Visiokatu'}, 'city': 'Loimaa', 'state': 'Southern Ostrobothnia', 'country': 'Finland', 'postcode': 27839, 'coordinates': {'latitude': '-26.5349', 'longitude': '-141.9428'}, 'timezone': {'offset': '+4:30', 'description': 'Kabul'}}, 'email': 'roope.paavola@example.com', 'login': {'uuid': 'daa9f7c3-7bcd-4c48-9ad6-66db2d59eed0', 'username': 'smallkoala475', 'password': 'passwor1', 'salt': 'DRXZUtH1', 'md5': '12d0f892a04a4b26675bd842584f1443', 'sha1': '96d8bc2d9b0b97f340de6e285008198a1210fe7e', 'sha256': '7a546fa147b47db7c26e7671d1690399f21ad05e0ab1b31f05386ba7b125bf42'}, 'dob': {'date': '1967-09-12T21:12:17.796Z', 'age': 56}, 'registered': {'date': '2019-09-19T21:35:25.818Z', 'age': 4}, 'phone': '03-835-998', 'cell': '040-756-88-23', 'id': {'name': 'HETU', 'value': 'NaNNA793undefined'}, 'picture': {'large': 'https://randomuser.me/api/portraits/men/72.jpg', 'medium': 'https://randomuser.me/api/portraits/med/men/72.jpg', 'thumbnail': 'https://randomuser.me/api/portraits/thumb/men/72.jpg'}, 'nat': 'FI'}], 'info': {'seed': 'd023133ba5edda66', 'results': 1, 'page': 1, 'version': '1.4'}}</msg>
<arg>${json_data}</arg>
<doc>Logs the given message with the given level.</doc>
<status status="PASS" start="2024-07-16T13:13:51.053308" elapsed="0.000201"/>
</kw>
<kw name="Should Be String" owner="String">
<arg>${json_data['results'][0]['gender']}</arg>
<doc>Fails if the given ``item`` is not a string.</doc>
<status status="PASS" start="2024-07-16T13:13:51.053806" elapsed="0.000350"/>
</kw>
<kw name="Should Match Regexp" owner="BuiltIn">
<arg>${json_data['results'][0]['email']}</arg>
<arg>^[a-zA-Z0-9._%+-]+@[a-zA-Z0-9.-]+\.[a-zA-Z]{2,}$</arg>
<doc>Fails if ``string`` does not match ``pattern`` as a regular expression.</doc>
<status status="PASS" start="2024-07-16T13:13:51.054380" elapsed="0.000514"/>
</kw>
<kw name="Should Match Regexp" owner="BuiltIn">
<arg>${json_data['results'][0]['dob']['date']}</arg>
<arg>\\d{4}-\\d{2}-\\d{2}T\\d{2}:\\d{2}:\\d{2}\\.\\d{3}Z</arg>
<doc>Fails if ``string`` does not match ``pattern`` as a regular expression.</doc>
<status status="PASS" start="2024-07-16T13:13:51.055091" elapsed="0.000490"/>
</kw>
<kw name="Should Match Regexp" owner="BuiltIn">
<arg>${json_data['results'][0]['registered']['date']}</arg>
<arg>\\d{4}-\\d{2}-\\d{2}T\\d{2}:\\d{2}:\\d{2}\\.\\d{3}Z</arg>
<doc>Fails if ``string`` does not match ``pattern`` as a regular expression.</doc>
<status status="PASS" start="2024-07-16T13:13:51.055775" elapsed="0.000398"/>
</kw>
<kw name="Should Match Regexp" owner="BuiltIn">
<arg>${json_data['results'][0]['picture']['large']}</arg>
<arg>^https?://.*\.(?:png|jpe?g|gif|bmp)$</arg>
<doc>Fails if ``string`` does not match ``pattern`` as a regular expression.</doc>
<status status="PASS" start="2024-07-16T13:13:51.056376" elapsed="0.000459"/>
</kw>
<kw name="Should Match Regexp" owner="BuiltIn">
<arg>${json_data['results'][0]['picture']['medium']}</arg>
<arg>^https?://.*\.(?:png|jpe?g|gif|bmp)$</arg>
<doc>Fails if ``string`` does not match ``pattern`` as a regular expression.</doc>
<status status="PASS" start="2024-07-16T13:13:51.057024" elapsed="0.000353"/>
</kw>
<kw name="Should Match Regexp" owner="BuiltIn">
<arg>${json_data['results'][0]['picture']['thumbnail']}</arg>
<arg>^https?://.*\.(?:png|jpe?g|gif|bmp)$</arg>
<doc>Fails if ``string`` does not match ``pattern`` as a regular expression.</doc>
<status status="PASS" start="2024-07-16T13:13:51.057563" elapsed="0.000358"/>
</kw>
<kw name="Log" owner="BuiltIn">
<msg time="2024-07-16T13:13:51.058441" level="INFO">{'large': 'https://randomuser.me/api/portraits/men/72.jpg', 'medium': 'https://randomuser.me/api/portraits/med/men/72.jpg', 'thumbnail': 'https://randomuser.me/api/portraits/thumb/men/72.jpg'}</msg>
<arg>${json_data['results'][0]['picture']}</arg>
<doc>Logs the given message with the given level.</doc>
<status status="PASS" start="2024-07-16T13:13:51.058107" elapsed="0.000377"/>
</kw>
<status status="PASS" start="2024-07-16T13:13:50.969470" elapsed="0.089272"/>
</kw>
<kw name="Teste de Tipos de Dados - Postcode" owner="random-user-service">
<kw name="GET On Session" owner="RequestsLibrary">
<msg time="2024-07-16T13:13:51.290026" level="INFO">GET Request : url=https://randomuser.me/api 
 path_url=/api 
 headers={'User-Agent': 'python-requests/2.32.3', 'Accept-Encoding': 'gzip, deflate', 'Accept': '*/*', 'Connection': 'keep-alive'} 
 body=None 
 </msg>
<msg time="2024-07-16T13:13:51.290140" level="INFO">GET Response : url=https://randomuser.me/api 
 status=200, reason=OK 
 headers={'Date': 'Tue, 16 Jul 2024 13:13:51 GMT', 'Content-Type': 'application/json; charset=utf-8', 'Transfer-Encoding': 'chunked', 'Connection': 'keep-alive', 'X-Powered-By': 'Express', 'Access-Control-Allow-Origin': '*', 'Cache-Control': 'no-cache', 'ETag': 'W/"496-Pn+fHCTbt9AALfVHUVsfv/fkqXY"', 'Vary': 'Accept-Encoding', 'Content-Encoding': 'gzip', 'CF-Cache-Status': 'DYNAMIC', 'Report-To': '{"endpoints":[{"url":"https:\\/\\/a.nel.cloudflare.com\\/report\\/v4?s=b37AUc8OYVpRaLy2TEqLGpbFOdODyOjYZfvBhxOWggybKiZRxgrh%2BI2hGqT7WDtdk6jDi3Oybf8U4INFuij%2F%2Fh4I8wVSKL50PkRr1QgWxpU94zoYkztvKnkk3pnMBLBP"}],"group":"cf-nel","max_age":604800}', 'NEL': '{"success_fraction":0,"report_to":"cf-nel","max_age":604800}', 'Server': 'cloudflare', 'CF-RAY': '8a42407e2c7e0840-IAD', 'alt-svc': 'h3=":443"; ma=86400'} 
 body={"results":[{"gender":"male","name":{"title":"Mr","first":"محمدعلی","last":"صدر"},"location":{"street":{"number":9346,"name":"میدان صادقیه"},"city":"سنندج","state":"خوزستان","country":"Iran","postcode":68071,"coordinates":{"latitude":"15.1486","longitude":"-174.6643"},"timezone":{"offset":"-8:00","description":"Pacific Time (US &amp; Canada)"}},"email":"mhmdaaly.sdr@example.com","login":{"uuid":"c62ec85a-e214-4139-be8a-aa26ed27fa9a","username":"orangeostrich672","password":"uncencored","salt":"4ifshnLB","md5":"96b039d3abefc63f4fe8195db81a7f31","sha1":"d8861a0aec08972fcd1a27b702ad48c30b846cd4","sha256":"91d6b35a5dbf36991ac1f60381141b355edfd475a517853d652f3cb952521ea3"},"dob":{"date":"1980-03-12T17:49:32.459Z","age":44},"registered":{"date":"2005-03-31T05:41:03.101Z","age":19},"phone":"098-14965600","cell":"0922-861-3259","id":{"name":"","value":null},"picture":{"large":"https://randomuser.me/api/portraits/men/38.jpg","medium":"https://randomuser.me/api/portraits/med/men/38.jpg","thumbnail":"https://randomuser.me/api/portraits/thumb/men/38.jpg"},"nat":"IR"}],"info":{"seed":"554a50e7ddebdc4a","results":1,"page":1,"version":"1.4"}} 
 </msg>
<msg time="2024-07-16T13:13:51.290229" level="INFO">/opt/hostedtoolcache/Python/3.12.4/x64/lib/python3.12/site-packages/urllib3/connectionpool.py:1099: InsecureRequestWarning: Unverified HTTPS request is being made to host 'randomuser.me'. Adding certificate verification is strongly advised. See: https://urllib3.readthedocs.io/en/latest/advanced-usage.html#tls-warnings
  warnings.warn(</msg>
<msg time="2024-07-16T13:13:51.290366" level="INFO">${response} = &lt;Response [200]&gt;</msg>
<var>${response}</var>
<arg>consultarAPI</arg>
<arg>/api</arg>
<doc>Sends a GET request on a previously created HTTP Session.</doc>
<status status="PASS" start="2024-07-16T13:13:51.059181" elapsed="0.231231"/>
</kw>
<kw name="Set Variable" owner="BuiltIn">
<msg time="2024-07-16T13:13:51.291494" level="INFO">${json_data} = {'results': [{'gender': 'male', 'name': {'title': 'Mr', 'first': 'محمدعلی', 'last': 'صدر'}, 'location': {'street': {'number': 9346, 'name': 'میدان صادقیه'}, 'city': 'سنندج', 'state': 'خوزستان', 'count...</msg>
<var>${json_data}</var>
<arg>${response.json()}</arg>
<doc>Returns the given values which can then be assigned to a variables.</doc>
<status status="PASS" start="2024-07-16T13:13:51.290973" elapsed="0.000552"/>
</kw>
<kw name="Log" owner="BuiltIn">
<msg time="2024-07-16T13:13:51.292008" level="INFO">{'results': [{'gender': 'male', 'name': {'title': 'Mr', 'first': 'محمدعلی', 'last': 'صدر'}, 'location': {'street': {'number': 9346, 'name': 'میدان صادقیه'}, 'city': 'سنندج', 'state': 'خوزستان', 'country': 'Iran', 'postcode': 68071, 'coordinates': {'latitude': '15.1486', 'longitude': '-174.6643'}, 'timezone': {'offset': '-8:00', 'description': 'Pacific Time (US &amp; Canada)'}}, 'email': 'mhmdaaly.sdr@example.com', 'login': {'uuid': 'c62ec85a-e214-4139-be8a-aa26ed27fa9a', 'username': 'orangeostrich672', 'password': 'uncencored', 'salt': '4ifshnLB', 'md5': '96b039d3abefc63f4fe8195db81a7f31', 'sha1': 'd8861a0aec08972fcd1a27b702ad48c30b846cd4', 'sha256': '91d6b35a5dbf36991ac1f60381141b355edfd475a517853d652f3cb952521ea3'}, 'dob': {'date': '1980-03-12T17:49:32.459Z', 'age': 44}, 'registered': {'date': '2005-03-31T05:41:03.101Z', 'age': 19}, 'phone': '098-14965600', 'cell': '0922-861-3259', 'id': {'name': '', 'value': None}, 'picture': {'large': 'https://randomuser.me/api/portraits/men/38.jpg', 'medium': 'https://randomuser.me/api/portraits/med/men/38.jpg', 'thumbnail': 'https://randomuser.me/api/portraits/thumb/men/38.jpg'}, 'nat': 'IR'}], 'info': {'seed': '554a50e7ddebdc4a', 'results': 1, 'page': 1, 'version': '1.4'}}</msg>
<arg>${json_data}</arg>
<doc>Logs the given message with the given level.</doc>
<status status="PASS" start="2024-07-16T13:13:51.291838" elapsed="0.000223"/>
</kw>
<kw name="Should Be Equal As Numbers" owner="BuiltIn">
<arg>${json_data['results'][0]['location']['postcode']}</arg>
<arg>${json_data['results'][0]['location']['postcode']}</arg>
<doc>Fails if objects are unequal after converting them to real numbers.</doc>
<status status="PASS" start="2024-07-16T13:13:51.292408" elapsed="0.000638"/>
</kw>
<kw name="Log" owner="BuiltIn">
<msg time="2024-07-16T13:13:51.293787" level="INFO">68071</msg>
<arg>${json_data['results'][0]['location']['postcode']}</arg>
<doc>Logs the given message with the given level.</doc>
<status status="PASS" start="2024-07-16T13:13:51.293271" elapsed="0.000560"/>
</kw>
<status status="PASS" start="2024-07-16T13:13:51.058958" elapsed="0.235137"/>
</kw>
<doc>Testa se os tipos de dados na resposta da API estão corretos.</doc>
<tag>testeTiposDados</tag>
<status status="PASS" start="2024-07-16T13:13:50.969028" elapsed="0.325233"/>
</test>
<test id="s1-s1-t5" name="Validar conteudo" line="35">
<kw name="Teste de Tipos de Conteudo" owner="random-user-service">
<kw name="GET On Session" owner="RequestsLibrary">
<msg time="2024-07-16T13:13:51.459075" level="INFO">GET Request : url=https://randomuser.me/api 
 path_url=/api 
 headers={'User-Agent': 'python-requests/2.32.3', 'Accept-Encoding': 'gzip, deflate', 'Accept': '*/*', 'Connection': 'keep-alive'} 
 body=None 
 </msg>
<msg time="2024-07-16T13:13:51.459175" level="INFO">GET Response : url=https://randomuser.me/api 
 status=200, reason=OK 
 headers={'Date': 'Tue, 16 Jul 2024 13:13:51 GMT', 'Content-Type': 'application/json; charset=utf-8', 'Transfer-Encoding': 'chunked', 'Connection': 'keep-alive', 'X-Powered-By': 'Express', 'Access-Control-Allow-Origin': '*', 'Cache-Control': 'no-cache', 'ETag': 'W/"499-+0yoPfwrV70H/T/c30rERVN8eoA"', 'Vary': 'Accept-Encoding', 'Content-Encoding': 'gzip', 'CF-Cache-Status': 'DYNAMIC', 'Report-To': '{"endpoints":[{"url":"https:\\/\\/a.nel.cloudflare.com\\/report\\/v4?s=WsSDUGpiyR4ITzL3UxR%2BifOG6unOAtFwlcg%2B%2F2mX%2BxMu2mbtRGdS1gIkQ5lVQ174Ooj38oq6fy%2BxbSiHRzbX5h8CYEOE6RNgwHs274N%2FZEpGUdPKCaR7AuP5PGIxJ2%2Ba"}],"group":"cf-nel","max_age":604800}', 'NEL': '{"success_fraction":0,"report_to":"cf-nel","max_age":604800}', 'Server': 'cloudflare', 'CF-RAY': '8a42407fae480840-IAD', 'alt-svc': 'h3=":443"; ma=86400'} 
 body={"results":[{"gender":"female","name":{"title":"Mrs","first":"Lea","last":"Andersen"},"location":{"street":{"number":3636,"name":"Udsigten"},"city":"Brøndby Strand","state":"Sjælland","country":"Denmark","postcode":35913,"coordinates":{"latitude":"-43.9625","longitude":"38.7079"},"timezone":{"offset":"+5:00","description":"Ekaterinburg, Islamabad, Karachi, Tashkent"}},"email":"lea.andersen@example.com","login":{"uuid":"80aa5e2b-49b3-40d8-89ea-1c9cefeafeec","username":"redbutterfly796","password":"swordfish","salt":"MSmb2FYL","md5":"b18ca25755fef9eaf72477eef6d227dc","sha1":"777baec06fc18557956cbce197cbc83bc2db0620","sha256":"67e834a15a5d656a9e26c246446a60fe3dfec50f747bb3ba116e2a73060cd14e"},"dob":{"date":"1978-12-12T22:49:07.033Z","age":45},"registered":{"date":"2018-08-08T00:27:50.423Z","age":5},"phone":"98699879","cell":"68992620","id":{"name":"CPR","value":"121278-6586"},"picture":{"large":"https://randomuser.me/api/portraits/women/85.jpg","medium":"https://randomuser.me/api/portraits/med/women/85.jpg","thumbnail":"https://randomuser.me/api/portraits/thumb/women/85.jpg"},"nat":"DK"}],"info":{"seed":"c734c3984c98c971","results":1,"page":1,"version":"1.4"}} 
 </msg>
<msg time="2024-07-16T13:13:51.459247" level="INFO">/opt/hostedtoolcache/Python/3.12.4/x64/lib/python3.12/site-packages/urllib3/connectionpool.py:1099: InsecureRequestWarning: Unverified HTTPS request is being made to host 'randomuser.me'. Adding certificate verification is strongly advised. See: https://urllib3.readthedocs.io/en/latest/advanced-usage.html#tls-warnings
  warnings.warn(</msg>
<msg time="2024-07-16T13:13:51.459365" level="INFO">${response} = &lt;Response [200]&gt;</msg>
<var>${response}</var>
<arg>consultarAPI</arg>
<arg>/api</arg>
<doc>Sends a GET request on a previously created HTTP Session.</doc>
<status status="PASS" start="2024-07-16T13:13:51.296657" elapsed="0.162750"/>
</kw>
<kw name="Set Variable" owner="BuiltIn">
<msg time="2024-07-16T13:13:51.460478" level="INFO">${json_data} = {'results': [{'gender': 'female', 'name': {'title': 'Mrs', 'first': 'Lea', 'last': 'Andersen'}, 'location': {'street': {'number': 3636, 'name': 'Udsigten'}, 'city': 'Brøndby Strand', 'state': 'Sjællan...</msg>
<var>${json_data}</var>
<arg>${response.json()}</arg>
<doc>Returns the given values which can then be assigned to a variables.</doc>
<status status="PASS" start="2024-07-16T13:13:51.459914" elapsed="0.000594"/>
</kw>
<kw name="Set Variable" owner="BuiltIn">
<msg time="2024-07-16T13:13:51.461215" level="INFO">${name_title} = Mrs</msg>
<var>${name_title}</var>
<arg>${json_data["results"][0]["name"]["title"]}</arg>
<doc>Returns the given values which can then be assigned to a variables.</doc>
<status status="PASS" start="2024-07-16T13:13:51.460822" elapsed="0.000418"/>
</kw>
<kw name="Create List" owner="BuiltIn">
<msg time="2024-07-16T13:13:51.461683" level="INFO">${allowed_titles} = ['Mr', 'Ms', 'Miss', 'Mrs', 'Madame', 'Monsieur']</msg>
<var>${allowed_titles}</var>
<arg>Mr</arg>
<arg>Ms</arg>
<arg>Miss</arg>
<arg>Mrs</arg>
<arg>Madame</arg>
<arg>Monsieur</arg>
<doc>Returns a list containing given items.</doc>
<status status="PASS" start="2024-07-16T13:13:51.461537" elapsed="0.000170"/>
</kw>
<kw name="List Should Contain Value" owner="Collections">
<arg>${allowed_titles}</arg>
<arg>${name_title}</arg>
<doc>Fails if the ``value`` is not found from ``list``.</doc>
<status status="PASS" start="2024-07-16T13:13:51.462005" elapsed="0.000173"/>
</kw>
<kw name="Set Variable" owner="BuiltIn">
<msg time="2024-07-16T13:13:51.462730" level="INFO">${name_country} = DK</msg>
<var>${name_country}</var>
<arg>${json_data["results"][0]["nat"]}</arg>
<doc>Returns the given values which can then be assigned to a variables.</doc>
<status status="PASS" start="2024-07-16T13:13:51.462358" elapsed="0.000396"/>
</kw>
<kw name="Create List" owner="BuiltIn">
<msg time="2024-07-16T13:13:51.463631" level="INFO">${list_country} = ['AD', 'AE', 'AF', 'AG', 'AI', 'AL', 'AM', 'AO', 'AQ', 'AR', 'AS', 'AT', 'AU', 'AW', 'AX', 'AZ', 'BA', 'BB', 'BD', 'BE', 'BF', 'BG', 'BH', 'BI', 'BJ', 'BL', 'BM', 'BN', 'BO', 'BQ', 'BR', 'BS', 'BT', '...</msg>
<var>${list_country}</var>
<arg>AD</arg>
<arg>AE</arg>
<arg>AF</arg>
<arg>AG</arg>
<arg>AI</arg>
<arg>AL</arg>
<arg>AM</arg>
<arg>AO</arg>
<arg>AQ</arg>
<arg>AR</arg>
<arg>AS</arg>
<arg>AT</arg>
<arg>AU</arg>
<arg>AW</arg>
<arg>AX</arg>
<arg>AZ</arg>
<arg>BA</arg>
<arg>BB</arg>
<arg>BD</arg>
<arg>BE</arg>
<arg>BF</arg>
<arg>BG</arg>
<arg>BH</arg>
<arg>BI</arg>
<arg>BJ</arg>
<arg>BL</arg>
<arg>BM</arg>
<arg>BN</arg>
<arg>BO</arg>
<arg>BQ</arg>
<arg>BR</arg>
<arg>BS</arg>
<arg>BT</arg>
<arg>BV</arg>
<arg>BW</arg>
<arg>BY</arg>
<arg>BZ</arg>
<arg>CA</arg>
<arg>CC</arg>
<arg>CD</arg>
<arg>CF</arg>
<arg>CG</arg>
<arg>CH</arg>
<arg>CI</arg>
<arg>CK</arg>
<arg>CL</arg>
<arg>CM</arg>
<arg>CN</arg>
<arg>CO</arg>
<arg>CR</arg>
<arg>CU</arg>
<arg>CV</arg>
<arg>CW</arg>
<arg>CX</arg>
<arg>CY</arg>
<arg>CZ</arg>
<arg>DE</arg>
<arg>DJ</arg>
<arg>DK</arg>
<arg>DM</arg>
<arg>DO</arg>
<arg>DZ</arg>
<arg>EC</arg>
<arg>EE</arg>
<arg>EG</arg>
<arg>EH</arg>
<arg>ER</arg>
<arg>ES</arg>
<arg>ET</arg>
<arg>FI</arg>
<arg>FJ</arg>
<arg>FK</arg>
<arg>FM</arg>
<arg>FO</arg>
<arg>FR</arg>
<arg>GA</arg>
<arg>GB</arg>
<arg>GD</arg>
<arg>GE</arg>
<arg>GF</arg>
<arg>GG</arg>
<arg>GH</arg>
<arg>GI</arg>
<arg>GL</arg>
<arg>GM</arg>
<arg>GN</arg>
<arg>GP</arg>
<arg>GQ</arg>
<arg>GR</arg>
<arg>GS</arg>
<arg>GT</arg>
<arg>GU</arg>
<arg>GW</arg>
<arg>GY</arg>
<arg>HK</arg>
<arg>HM</arg>
<arg>HN</arg>
<arg>HR</arg>
<arg>HT</arg>
<arg>HU</arg>
<arg>ID</arg>
<arg>IE</arg>
<arg>IL</arg>
<arg>IM</arg>
<arg>IN</arg>
<arg>IO</arg>
<arg>IQ</arg>
<arg>IR</arg>
<arg>IS</arg>
<arg>IT</arg>
<arg>JE</arg>
<arg>JM</arg>
<arg>JO</arg>
<arg>JP</arg>
<arg>KE</arg>
<arg>KG</arg>
<arg>KH</arg>
<arg>KI</arg>
<arg>KM</arg>
<arg>KN</arg>
<arg>KP</arg>
<arg>KR</arg>
<arg>KW</arg>
<arg>KY</arg>
<arg>KZ</arg>
<arg>LA</arg>
<arg>LB</arg>
<arg>LC</arg>
<arg>LI</arg>
<arg>LK</arg>
<arg>LR</arg>
<arg>LS</arg>
<arg>LT</arg>
<arg>LU</arg>
<arg>LV</arg>
<arg>LY</arg>
<arg>MA</arg>
<arg>MC</arg>
<arg>MD</arg>
<arg>ME</arg>
<arg>MF</arg>
<arg>MG</arg>
<arg>MH</arg>
<arg>MK</arg>
<arg>ML</arg>
<arg>MM</arg>
<arg>MN</arg>
<arg>MO</arg>
<arg>MP</arg>
<arg>MQ</arg>
<arg>MR</arg>
<arg>MS</arg>
<arg>MT</arg>
<arg>MU</arg>
<arg>MV</arg>
<arg>MW</arg>
<arg>MX</arg>
<arg>MY</arg>
<arg>MZ</arg>
<arg>NA</arg>
<arg>NC</arg>
<arg>NE</arg>
<arg>NF</arg>
<arg>NG</arg>
<arg>NI</arg>
<arg>NL</arg>
<arg>NO</arg>
<arg>NP</arg>
<arg>NR</arg>
<arg>NU</arg>
<arg>NZ</arg>
<arg>OM</arg>
<arg>PA</arg>
<arg>PE</arg>
<arg>PF</arg>
<arg>PG</arg>
<arg>PH</arg>
<arg>PK</arg>
<arg>PL</arg>
<arg>PM</arg>
<arg>PN</arg>
<arg>PR</arg>
<arg>PS</arg>
<arg>PT</arg>
<arg>PW</arg>
<arg>PY</arg>
<arg>QA</arg>
<arg>RE</arg>
<arg>RO</arg>
<arg>RS</arg>
<arg>RU</arg>
<arg>RW</arg>
<arg>SA</arg>
<arg>SB</arg>
<arg>SC</arg>
<arg>SD</arg>
<arg>SE</arg>
<arg>SG</arg>
<arg>SH</arg>
<arg>SI</arg>
<arg>SJ</arg>
<arg>SK</arg>
<arg>SL</arg>
<arg>SM</arg>
<arg>SN</arg>
<arg>SO</arg>
<arg>SR</arg>
<arg>SS</arg>
<arg>ST</arg>
<arg>SV</arg>
<arg>SX</arg>
<arg>SY</arg>
<arg>SZ</arg>
<arg>TC</arg>
<arg>TD</arg>
<arg>TF</arg>
<arg>TG</arg>
<arg>TH</arg>
<arg>TJ</arg>
<arg>TK</arg>
<arg>TL</arg>
<arg>TM</arg>
<arg>TN</arg>
<arg>TO</arg>
<arg>TR</arg>
<arg>TT</arg>
<arg>TV</arg>
<arg>TW</arg>
<arg>TZ</arg>
<arg>UA</arg>
<arg>UG</arg>
<arg>UM</arg>
<arg>US</arg>
<arg>UY</arg>
<arg>UZ</arg>
<arg>VA</arg>
<arg>VC</arg>
<arg>VE</arg>
<arg>VG</arg>
<arg>VI</arg>
<arg>VN</arg>
<arg>VU</arg>
<arg>WF</arg>
<arg>WS</arg>
<arg>XK</arg>
<arg>YE</arg>
<arg>YT</arg>
<arg>ZA</arg>
<arg>ZM</arg>
<arg>ZW</arg>
<doc>Returns a list containing given items.</doc>
<status status="PASS" start="2024-07-16T13:13:51.463044" elapsed="0.000611"/>
</kw>
<kw name="List Should Contain Value" owner="Collections">
<arg>${list_country}</arg>
<arg>${name_country}</arg>
<doc>Fails if the ``value`` is not found from ``list``.</doc>
<status status="PASS" start="2024-07-16T13:13:51.464463" elapsed="0.000199"/>
</kw>
<kw name="Run Keyword If" owner="BuiltIn">
<kw name="Should Be True" owner="BuiltIn">
<arg>${True}</arg>
<doc>Fails if the given condition is not true.</doc>
<status status="PASS" start="2024-07-16T13:13:51.465598" elapsed="0.000142"/>
</kw>
<arg>${json_data["results"][0]["location"]["coordinates"]["latitude"]} &gt;= -90 and ${json_data["results"][0]["location"]["coordinates"]["latitude"]} &lt;= 90</arg>
<arg>Should Be True</arg>
<arg>${True}</arg>
<doc>Runs the given keyword with the given arguments, if ``condition`` is true.</doc>
<status status="PASS" start="2024-07-16T13:13:51.464856" elapsed="0.001007"/>
</kw>
<kw name="Run Keyword If" owner="BuiltIn">
<kw name="Should Be True" owner="BuiltIn">
<arg>${True}</arg>
<doc>Fails if the given condition is not true.</doc>
<status status="PASS" start="2024-07-16T13:13:51.466731" elapsed="0.000240"/>
</kw>
<arg>${json_data["results"][0]["location"]["coordinates"]["longitude"]} &gt;= -180 and ${json_data["results"][0]["location"]["coordinates"]["longitude"]} &lt;= 180</arg>
<arg>Should Be True</arg>
<arg>${True}</arg>
<doc>Runs the given keyword with the given arguments, if ``condition`` is true.</doc>
<status status="PASS" start="2024-07-16T13:13:51.466040" elapsed="0.001060"/>
</kw>
<status status="PASS" start="2024-07-16T13:13:51.296434" elapsed="0.170801"/>
</kw>
<doc>Testa o conteúdo específico dos campos retornados pela API.</doc>
<tag>testeConteudo</tag>
<status status="PASS" start="2024-07-16T13:13:51.295990" elapsed="0.171398"/>
</test>
<status status="PASS" start="2024-07-16T13:13:50.413997" elapsed="1.055363"/>
</suite>
<status status="PASS" start="2024-07-16T13:13:50.399031" elapsed="1.075327"/>
</suite>
<statistics>
<total>
<stat pass="5" fail="0" skip="0">All Tests</stat>
</total>
<tag>
<stat pass="1" fail="0" skip="0">testeConteudo</stat>
<stat pass="1" fail="0" skip="0">testeEstruturaResposta</stat>
<stat pass="1" fail="0" skip="0">testeRequisicaoBasica</stat>
<stat pass="1" fail="0" skip="0">testeTiposDados</stat>
</tag>
<suite>
<stat pass="5" fail="0" skip="0" id="s1" name="Tests">Tests</stat>
<stat pass="5" fail="0" skip="0" id="s1-s1" name="Random-User-Test">Tests.Random-User-Test</stat>
</suite>
</statistics>
<errors>
</errors>
</robot>
