<?xml version="1.0" encoding="UTF-8"?>
<robot generator="Robot 7.0 (Python 3.12.3 on linux)" generated="2024-04-24T23:16:07.679852" rpa="false" schemaversion="5">
<suite id="s1" name="Tests" source="/home/runner/work/DesafioQAItauRogerioJordao/DesafioQAItauRogerioJordao/RamdonUser/tests">
<suite id="s1-s1" name="Random-User-Test" source="/home/runner/work/DesafioQAItauRogerioJordao/DesafioQAItauRogerioJordao/RamdonUser/tests/random-user-test.robot">
<test id="s1-s1-t1" name="Conectar" line="13">
<kw name="Conectar API" owner="random-user-service">
<kw name="Create Session" owner="RequestsLibrary">
<msg time="2024-04-24T23:16:08.038765" level="INFO">Creating Session using : alias=consultarAPI, url=https://randomuser.me/, headers={},                     cookies={}, auth=None, timeout=None, proxies=None, verify=False,                     debug=0 </msg>
<arg>consultarAPI</arg>
<arg>${URL}</arg>
<doc>Create Session: create a HTTP session to a server</doc>
<status status="PASS" start="2024-04-24T23:16:08.038567" elapsed="0.000373"/>
</kw>
<status status="PASS" start="2024-04-24T23:16:08.037591" elapsed="0.001707"/>
</kw>
<status status="PASS" start="2024-04-24T23:16:08.036964" elapsed="0.002535"/>
</test>
<test id="s1-s1-t2" name="Validar retorno 200 e JSON Válido" line="16">
<kw name="Teste de Requisicao Basica" owner="random-user-service">
<kw name="GET On Session" owner="RequestsLibrary">
<msg time="2024-04-24T23:16:08.291037" level="INFO">GET Request : url=https://randomuser.me/api 
 path_url=/api 
 headers={'User-Agent': 'python-requests/2.31.0', 'Accept-Encoding': 'gzip, deflate', 'Accept': '*/*', 'Connection': 'keep-alive'} 
 body=None 
 </msg>
<msg time="2024-04-24T23:16:08.291187" level="INFO">GET Response : url=https://randomuser.me/api 
 status=200, reason=OK 
 headers={'Date': 'Wed, 24 Apr 2024 23:16:08 GMT', 'Content-Type': 'application/json; charset=utf-8', 'Transfer-Encoding': 'chunked', 'Connection': 'keep-alive', 'X-Powered-By': 'Express', 'Access-Control-Allow-Origin': '*', 'Cache-Control': 'no-cache', 'ETag': 'W/"4a3-5E1Y3AEZqE6dkkEAkxwg3pQFcCQ"', 'Vary': 'Accept-Encoding', 'Content-Encoding': 'gzip', 'CF-Cache-Status': 'DYNAMIC', 'Report-To': '{"endpoints":[{"url":"https:\\/\\/a.nel.cloudflare.com\\/report\\/v4?s=slg1u9z8c9VZyFMc5NiB2mVa9PdEiVn2RKWb3H5ZHMisrbupJIVZ9ug%2BLuz%2BCHrqh%2Bb0xI8Xk30Lfv%2BorSaBWfwMMTtcai8CtvL0fUQD3xbHDEcGw1qQpeaBwrrM71aR"}],"group":"cf-nel","max_age":604800}', 'NEL': '{"success_fraction":0,"report_to":"cf-nel","max_age":604800}', 'Server': 'cloudflare', 'CF-RAY': '8799cc9f48392edf-LAX', 'alt-svc': 'h3=":443"; ma=86400'} 
 body={"results":[{"gender":"female","name":{"title":"Miss","first":"Elena","last":"Manzanares"},"location":{"street":{"number":5822,"name":"Avenida Chihuahua"},"city":"Mexquitic de Carmona","state":"Chihuahua","country":"Mexico","postcode":20633,"coordinates":{"latitude":"25.6291","longitude":"178.9162"},"timezone":{"offset":"+6:00","description":"Almaty, Dhaka, Colombo"}},"email":"elena.manzanares@example.com","login":{"uuid":"485c9172-1cf5-43de-9be0-33610ef2c9ed","username":"angryduck304","password":"throat","salt":"U8wmZ5wT","md5":"687681b696fe2e2957e6abc0d37112a1","sha1":"282f289881a1d3d4bfe205161d0dbb3cfaa217ac","sha256":"0436195af6ef2682f3e2470080e7d553f446be2c58b7eb06cd9fd9634d317ca1"},"dob":{"date":"1969-01-27T06:20:04.566Z","age":55},"registered":{"date":"2004-01-16T19:05:26.127Z","age":20},"phone":"(699) 175 8821","cell":"(656) 409 5401","id":{"name":"NSS","value":"36 32 85 9021 3"},"picture":{"large":"https://randomuser.me/api/portraits/women/0.jpg","medium":"https://randomuser.me/api/portraits/med/women/0.jpg","thumbnail":"https://randomuser.me/api/portraits/thumb/women/0.jpg"},"nat":"MX"}],"info":{"seed":"d1e35d56e0c2ab82","results":1,"page":1,"version":"1.4"}} 
 </msg>
<msg time="2024-04-24T23:16:08.291267" level="INFO">/opt/hostedtoolcache/Python/3.12.3/x64/lib/python3.12/site-packages/urllib3/connectionpool.py:1103: InsecureRequestWarning: Unverified HTTPS request is being made to host 'randomuser.me'. Adding certificate verification is strongly advised. See: https://urllib3.readthedocs.io/en/latest/advanced-usage.html#tls-warnings
  warnings.warn(</msg>
<msg time="2024-04-24T23:16:08.291437" level="INFO">${response} = &lt;Response [200]&gt;</msg>
<var>${response}</var>
<arg>consultarAPI</arg>
<arg>/api</arg>
<doc>Sends a GET request on a previously created HTTP Session.</doc>
<status status="PASS" start="2024-04-24T23:16:08.042190" elapsed="0.249290"/>
</kw>
<kw name="Should Be Equal As Numbers" owner="BuiltIn">
<msg time="2024-04-24T23:16:08.292455" level="INFO">Argument types are:
&lt;class 'int'&gt;
&lt;class 'str'&gt;</msg>
<arg>${response.status_code}</arg>
<arg>200</arg>
<doc>Fails if objects are unequal after converting them to real numbers.</doc>
<status status="PASS" start="2024-04-24T23:16:08.291999" elapsed="0.000520"/>
</kw>
<kw name="Log" owner="BuiltIn">
<msg time="2024-04-24T23:16:08.293215" level="INFO">200</msg>
<arg>${response.status_code}</arg>
<doc>Logs the given message with the given level.</doc>
<status status="PASS" start="2024-04-24T23:16:08.292858" elapsed="0.000400"/>
</kw>
<kw name="Set Variable" owner="BuiltIn">
<msg time="2024-04-24T23:16:08.294039" level="INFO">${json_data} = {'results': [{'gender': 'female', 'name': {'title': 'Miss', 'first': 'Elena', 'last': 'Manzanares'}, 'location': {'street': {'number': 5822, 'name': 'Avenida Chihuahua'}, 'city': 'Mexquitic de Carmona...</msg>
<var>${json_data}</var>
<arg>${response.json()}</arg>
<doc>Returns the given values which can then be assigned to a variables.</doc>
<status status="PASS" start="2024-04-24T23:16:08.293592" elapsed="0.000476"/>
</kw>
<kw name="Dictionary Should Contain Key" owner="Collections">
<msg time="2024-04-24T23:16:08.294536" level="INFO">False</msg>
<arg>${json_data}</arg>
<arg>results</arg>
<doc>Fails if ``key`` is not found from ``dictionary``.</doc>
<status status="PASS" start="2024-04-24T23:16:08.294370" elapsed="0.000212"/>
</kw>
<status status="PASS" start="2024-04-24T23:16:08.041950" elapsed="0.252900"/>
</kw>
<doc>Testa se a API responde corretamente e retorna um objeto JSON válido.</doc>
<tag>testeRequisicaoBasica</tag>
<status status="PASS" start="2024-04-24T23:16:08.041397" elapsed="0.253638"/>
</test>
<test id="s1-s1-t3" name="Validar estrutura de resposta" line="22">
<kw name="Teste de Estrutura de Resposta" owner="random-user-service">
<kw name="GET On Session" owner="RequestsLibrary">
<msg time="2024-04-24T23:16:08.395738" level="INFO">GET Request : url=https://randomuser.me/api 
 path_url=/api 
 headers={'User-Agent': 'python-requests/2.31.0', 'Accept-Encoding': 'gzip, deflate', 'Accept': '*/*', 'Connection': 'keep-alive'} 
 body=None 
 </msg>
<msg time="2024-04-24T23:16:08.395825" level="INFO">GET Response : url=https://randomuser.me/api 
 status=200, reason=OK 
 headers={'Date': 'Wed, 24 Apr 2024 23:16:08 GMT', 'Content-Type': 'application/json; charset=utf-8', 'Transfer-Encoding': 'chunked', 'Connection': 'keep-alive', 'X-Powered-By': 'Express', 'Access-Control-Allow-Origin': '*', 'Cache-Control': 'no-cache', 'ETag': 'W/"497-aVquUvuf5lS/JLwspHdMEeLqxOE"', 'Vary': 'Accept-Encoding', 'Content-Encoding': 'gzip', 'CF-Cache-Status': 'DYNAMIC', 'Report-To': '{"endpoints":[{"url":"https:\\/\\/a.nel.cloudflare.com\\/report\\/v4?s=zJwT2QKrAlutQhBebCotsRZUWdAkjiSoQbBG5DyUruN3q3553hB8zJ%2BJJUR4Cfa6iU6i5LSOWzatvoOiqqDqBzbG73qri0VHCLLrw6%2FXx%2FrlCEJZFK1mATK%2FWHWL4cpa"}],"group":"cf-nel","max_age":604800}', 'NEL': '{"success_fraction":0,"report_to":"cf-nel","max_age":604800}', 'Server': 'cloudflare', 'CF-RAY': '8799cc9fe8ef2edf-LAX', 'alt-svc': 'h3=":443"; ma=86400'} 
 body={"results":[{"gender":"female","name":{"title":"Miss","first":"Lara","last":"Holl"},"location":{"street":{"number":775,"name":"Tannenweg"},"city":"Burgdorf","state":"Rheinland-Pfalz","country":"Germany","postcode":68602,"coordinates":{"latitude":"-47.1673","longitude":"154.6570"},"timezone":{"offset":"+8:00","description":"Beijing, Perth, Singapore, Hong Kong"}},"email":"lara.holl@example.com","login":{"uuid":"953d1e2a-aca7-488e-a034-27e180596b2b","username":"crazycat544","password":"chuckles","salt":"XODFF7Qb","md5":"1efa45d08d7bf4f7cb63e7b3e1b7f4e6","sha1":"cb3cf0f6cc0976467e37ec4e18cca5f06abcf4aa","sha256":"755d5f85b3dd5dd8bde9b4b35851f1996be1989f6942a5b90efbd91c9984924b"},"dob":{"date":"1994-07-07T18:13:02.673Z","age":29},"registered":{"date":"2004-04-17T18:07:50.306Z","age":20},"phone":"0035-4717288","cell":"0175-0626052","id":{"name":"SVNR","value":"67 070794 H 908"},"picture":{"large":"https://randomuser.me/api/portraits/women/50.jpg","medium":"https://randomuser.me/api/portraits/med/women/50.jpg","thumbnail":"https://randomuser.me/api/portraits/thumb/women/50.jpg"},"nat":"DE"}],"info":{"seed":"d41744b631f83556","results":1,"page":1,"version":"1.4"}} 
 </msg>
<msg time="2024-04-24T23:16:08.395940" level="INFO">/opt/hostedtoolcache/Python/3.12.3/x64/lib/python3.12/site-packages/urllib3/connectionpool.py:1103: InsecureRequestWarning: Unverified HTTPS request is being made to host 'randomuser.me'. Adding certificate verification is strongly advised. See: https://urllib3.readthedocs.io/en/latest/advanced-usage.html#tls-warnings
  warnings.warn(</msg>
<msg time="2024-04-24T23:16:08.396073" level="INFO">${response} = &lt;Response [200]&gt;</msg>
<var>${response}</var>
<arg>consultarAPI</arg>
<arg>/api</arg>
<doc>Sends a GET request on a previously created HTTP Session.</doc>
<status status="PASS" start="2024-04-24T23:16:08.297651" elapsed="0.098462"/>
</kw>
<kw name="Set Variable" owner="BuiltIn">
<msg time="2024-04-24T23:16:08.397049" level="INFO">${json_data} = {'results': [{'gender': 'female', 'name': {'title': 'Miss', 'first': 'Lara', 'last': 'Holl'}, 'location': {'street': {'number': 775, 'name': 'Tannenweg'}, 'city': 'Burgdorf', 'state': 'Rheinland-Pfalz...</msg>
<var>${json_data}</var>
<arg>${response.json()}</arg>
<doc>Returns the given values which can then be assigned to a variables.</doc>
<status status="PASS" start="2024-04-24T23:16:08.396551" elapsed="0.000527"/>
</kw>
<kw name="Log" owner="BuiltIn">
<msg time="2024-04-24T23:16:08.397581" level="INFO">{'results': [{'gender': 'female', 'name': {'title': 'Miss', 'first': 'Lara', 'last': 'Holl'}, 'location': {'street': {'number': 775, 'name': 'Tannenweg'}, 'city': 'Burgdorf', 'state': 'Rheinland-Pfalz', 'country': 'Germany', 'postcode': 68602, 'coordinates': {'latitude': '-47.1673', 'longitude': '154.6570'}, 'timezone': {'offset': '+8:00', 'description': 'Beijing, Perth, Singapore, Hong Kong'}}, 'email': 'lara.holl@example.com', 'login': {'uuid': '953d1e2a-aca7-488e-a034-27e180596b2b', 'username': 'crazycat544', 'password': 'chuckles', 'salt': 'XODFF7Qb', 'md5': '1efa45d08d7bf4f7cb63e7b3e1b7f4e6', 'sha1': 'cb3cf0f6cc0976467e37ec4e18cca5f06abcf4aa', 'sha256': '755d5f85b3dd5dd8bde9b4b35851f1996be1989f6942a5b90efbd91c9984924b'}, 'dob': {'date': '1994-07-07T18:13:02.673Z', 'age': 29}, 'registered': {'date': '2004-04-17T18:07:50.306Z', 'age': 20}, 'phone': '0035-4717288', 'cell': '0175-0626052', 'id': {'name': 'SVNR', 'value': '67 070794 H 908'}, 'picture': {'large': 'https://randomuser.me/api/portraits/women/50.jpg', 'medium': 'https://randomuser.me/api/portraits/med/women/50.jpg', 'thumbnail': 'https://randomuser.me/api/portraits/thumb/women/50.jpg'}, 'nat': 'DE'}], 'info': {'seed': 'd41744b631f83556', 'results': 1, 'page': 1, 'version': '1.4'}}</msg>
<arg>${json_data}</arg>
<doc>Logs the given message with the given level.</doc>
<status status="PASS" start="2024-04-24T23:16:08.397417" elapsed="0.000213"/>
</kw>
<kw name="Dictionary Should Contain Key" owner="Collections">
<msg time="2024-04-24T23:16:08.398088" level="INFO">False</msg>
<arg>${json_data}</arg>
<arg>results</arg>
<doc>Fails if ``key`` is not found from ``dictionary``.</doc>
<status status="PASS" start="2024-04-24T23:16:08.397927" elapsed="0.000198"/>
</kw>
<kw name="Should Not Be Empty" owner="BuiltIn">
<msg time="2024-04-24T23:16:08.398539" level="INFO">Length is 2.</msg>
<arg>${json_data}</arg>
<doc>Verifies that the given item is not empty.</doc>
<status status="PASS" start="2024-04-24T23:16:08.398409" elapsed="0.000167"/>
</kw>
<kw name="Create List" owner="BuiltIn">
<msg time="2024-04-24T23:16:08.399175" level="INFO">${expected_keys} = ['gender', 'name', 'location', 'email', 'login']</msg>
<var>${expected_keys}</var>
<arg>gender</arg>
<arg>name</arg>
<arg>location</arg>
<arg>email</arg>
<arg>login</arg>
<doc>Returns a list containing given items.</doc>
<status status="PASS" start="2024-04-24T23:16:08.398879" elapsed="0.000320"/>
</kw>
<for flavor="IN">
<iter>
<kw name="Dictionary Should Contain Key" owner="Collections">
<msg time="2024-04-24T23:16:08.400181" level="INFO">False</msg>
<arg>${json_data['results'][0]}</arg>
<arg>${key}</arg>
<doc>Fails if ``key`` is not found from ``dictionary``.</doc>
<status status="PASS" start="2024-04-24T23:16:08.399779" elapsed="0.000439"/>
</kw>
<kw name="Log" owner="BuiltIn">
<msg time="2024-04-24T23:16:08.400877" level="INFO">{'gender': 'female', 'name': {'title': 'Miss', 'first': 'Lara', 'last': 'Holl'}, 'location': {'street': {'number': 775, 'name': 'Tannenweg'}, 'city': 'Burgdorf', 'state': 'Rheinland-Pfalz', 'country': 'Germany', 'postcode': 68602, 'coordinates': {'latitude': '-47.1673', 'longitude': '154.6570'}, 'timezone': {'offset': '+8:00', 'description': 'Beijing, Perth, Singapore, Hong Kong'}}, 'email': 'lara.holl@example.com', 'login': {'uuid': '953d1e2a-aca7-488e-a034-27e180596b2b', 'username': 'crazycat544', 'password': 'chuckles', 'salt': 'XODFF7Qb', 'md5': '1efa45d08d7bf4f7cb63e7b3e1b7f4e6', 'sha1': 'cb3cf0f6cc0976467e37ec4e18cca5f06abcf4aa', 'sha256': '755d5f85b3dd5dd8bde9b4b35851f1996be1989f6942a5b90efbd91c9984924b'}, 'dob': {'date': '1994-07-07T18:13:02.673Z', 'age': 29}, 'registered': {'date': '2004-04-17T18:07:50.306Z', 'age': 20}, 'phone': '0035-4717288', 'cell': '0175-0626052', 'id': {'name': 'SVNR', 'value': '67 070794 H 908'}, 'picture': {'large': 'https://randomuser.me/api/portraits/women/50.jpg', 'medium': 'https://randomuser.me/api/portraits/med/women/50.jpg', 'thumbnail': 'https://randomuser.me/api/portraits/thumb/women/50.jpg'}, 'nat': 'DE'}</msg>
<arg>${json_data['results'][0]}</arg>
<doc>Logs the given message with the given level.</doc>
<status status="PASS" start="2024-04-24T23:16:08.400520" elapsed="0.000404"/>
</kw>
<kw name="Log" owner="BuiltIn">
<msg time="2024-04-24T23:16:08.401341" level="INFO">gender</msg>
<arg>${key}</arg>
<doc>Logs the given message with the given level.</doc>
<status status="PASS" start="2024-04-24T23:16:08.401217" elapsed="0.000194"/>
</kw>
<var name="${key}">gender</var>
<status status="PASS" start="2024-04-24T23:16:08.399656" elapsed="0.001980"/>
</iter>
<iter>
<kw name="Dictionary Should Contain Key" owner="Collections">
<msg time="2024-04-24T23:16:08.402319" level="INFO">False</msg>
<arg>${json_data['results'][0]}</arg>
<arg>${key}</arg>
<doc>Fails if ``key`` is not found from ``dictionary``.</doc>
<status status="PASS" start="2024-04-24T23:16:08.401939" elapsed="0.000416"/>
</kw>
<kw name="Log" owner="BuiltIn">
<msg time="2024-04-24T23:16:08.403031" level="INFO">{'gender': 'female', 'name': {'title': 'Miss', 'first': 'Lara', 'last': 'Holl'}, 'location': {'street': {'number': 775, 'name': 'Tannenweg'}, 'city': 'Burgdorf', 'state': 'Rheinland-Pfalz', 'country': 'Germany', 'postcode': 68602, 'coordinates': {'latitude': '-47.1673', 'longitude': '154.6570'}, 'timezone': {'offset': '+8:00', 'description': 'Beijing, Perth, Singapore, Hong Kong'}}, 'email': 'lara.holl@example.com', 'login': {'uuid': '953d1e2a-aca7-488e-a034-27e180596b2b', 'username': 'crazycat544', 'password': 'chuckles', 'salt': 'XODFF7Qb', 'md5': '1efa45d08d7bf4f7cb63e7b3e1b7f4e6', 'sha1': 'cb3cf0f6cc0976467e37ec4e18cca5f06abcf4aa', 'sha256': '755d5f85b3dd5dd8bde9b4b35851f1996be1989f6942a5b90efbd91c9984924b'}, 'dob': {'date': '1994-07-07T18:13:02.673Z', 'age': 29}, 'registered': {'date': '2004-04-17T18:07:50.306Z', 'age': 20}, 'phone': '0035-4717288', 'cell': '0175-0626052', 'id': {'name': 'SVNR', 'value': '67 070794 H 908'}, 'picture': {'large': 'https://randomuser.me/api/portraits/women/50.jpg', 'medium': 'https://randomuser.me/api/portraits/med/women/50.jpg', 'thumbnail': 'https://randomuser.me/api/portraits/thumb/women/50.jpg'}, 'nat': 'DE'}</msg>
<arg>${json_data['results'][0]}</arg>
<doc>Logs the given message with the given level.</doc>
<status status="PASS" start="2024-04-24T23:16:08.402674" elapsed="0.000404"/>
</kw>
<kw name="Log" owner="BuiltIn">
<msg time="2024-04-24T23:16:08.403505" level="INFO">name</msg>
<arg>${key}</arg>
<doc>Logs the given message with the given level.</doc>
<status status="PASS" start="2024-04-24T23:16:08.403378" elapsed="0.000163"/>
</kw>
<var name="${key}">name</var>
<status status="PASS" start="2024-04-24T23:16:08.401823" elapsed="0.001930"/>
</iter>
<iter>
<kw name="Dictionary Should Contain Key" owner="Collections">
<msg time="2024-04-24T23:16:08.404421" level="INFO">False</msg>
<arg>${json_data['results'][0]}</arg>
<arg>${key}</arg>
<doc>Fails if ``key`` is not found from ``dictionary``.</doc>
<status status="PASS" start="2024-04-24T23:16:08.404041" elapsed="0.000416"/>
</kw>
<kw name="Log" owner="BuiltIn">
<msg time="2024-04-24T23:16:08.405119" level="INFO">{'gender': 'female', 'name': {'title': 'Miss', 'first': 'Lara', 'last': 'Holl'}, 'location': {'street': {'number': 775, 'name': 'Tannenweg'}, 'city': 'Burgdorf', 'state': 'Rheinland-Pfalz', 'country': 'Germany', 'postcode': 68602, 'coordinates': {'latitude': '-47.1673', 'longitude': '154.6570'}, 'timezone': {'offset': '+8:00', 'description': 'Beijing, Perth, Singapore, Hong Kong'}}, 'email': 'lara.holl@example.com', 'login': {'uuid': '953d1e2a-aca7-488e-a034-27e180596b2b', 'username': 'crazycat544', 'password': 'chuckles', 'salt': 'XODFF7Qb', 'md5': '1efa45d08d7bf4f7cb63e7b3e1b7f4e6', 'sha1': 'cb3cf0f6cc0976467e37ec4e18cca5f06abcf4aa', 'sha256': '755d5f85b3dd5dd8bde9b4b35851f1996be1989f6942a5b90efbd91c9984924b'}, 'dob': {'date': '1994-07-07T18:13:02.673Z', 'age': 29}, 'registered': {'date': '2004-04-17T18:07:50.306Z', 'age': 20}, 'phone': '0035-4717288', 'cell': '0175-0626052', 'id': {'name': 'SVNR', 'value': '67 070794 H 908'}, 'picture': {'large': 'https://randomuser.me/api/portraits/women/50.jpg', 'medium': 'https://randomuser.me/api/portraits/med/women/50.jpg', 'thumbnail': 'https://randomuser.me/api/portraits/thumb/women/50.jpg'}, 'nat': 'DE'}</msg>
<arg>${json_data['results'][0]}</arg>
<doc>Logs the given message with the given level.</doc>
<status status="PASS" start="2024-04-24T23:16:08.404757" elapsed="0.000408"/>
</kw>
<kw name="Log" owner="BuiltIn">
<msg time="2024-04-24T23:16:08.405625" level="INFO">location</msg>
<arg>${key}</arg>
<doc>Logs the given message with the given level.</doc>
<status status="PASS" start="2024-04-24T23:16:08.405498" elapsed="0.000163"/>
</kw>
<var name="${key}">location</var>
<status status="PASS" start="2024-04-24T23:16:08.403932" elapsed="0.001948"/>
</iter>
<iter>
<kw name="Dictionary Should Contain Key" owner="Collections">
<msg time="2024-04-24T23:16:08.406537" level="INFO">False</msg>
<arg>${json_data['results'][0]}</arg>
<arg>${key}</arg>
<doc>Fails if ``key`` is not found from ``dictionary``.</doc>
<status status="PASS" start="2024-04-24T23:16:08.406160" elapsed="0.000414"/>
</kw>
<kw name="Log" owner="BuiltIn">
<msg time="2024-04-24T23:16:08.407214" level="INFO">{'gender': 'female', 'name': {'title': 'Miss', 'first': 'Lara', 'last': 'Holl'}, 'location': {'street': {'number': 775, 'name': 'Tannenweg'}, 'city': 'Burgdorf', 'state': 'Rheinland-Pfalz', 'country': 'Germany', 'postcode': 68602, 'coordinates': {'latitude': '-47.1673', 'longitude': '154.6570'}, 'timezone': {'offset': '+8:00', 'description': 'Beijing, Perth, Singapore, Hong Kong'}}, 'email': 'lara.holl@example.com', 'login': {'uuid': '953d1e2a-aca7-488e-a034-27e180596b2b', 'username': 'crazycat544', 'password': 'chuckles', 'salt': 'XODFF7Qb', 'md5': '1efa45d08d7bf4f7cb63e7b3e1b7f4e6', 'sha1': 'cb3cf0f6cc0976467e37ec4e18cca5f06abcf4aa', 'sha256': '755d5f85b3dd5dd8bde9b4b35851f1996be1989f6942a5b90efbd91c9984924b'}, 'dob': {'date': '1994-07-07T18:13:02.673Z', 'age': 29}, 'registered': {'date': '2004-04-17T18:07:50.306Z', 'age': 20}, 'phone': '0035-4717288', 'cell': '0175-0626052', 'id': {'name': 'SVNR', 'value': '67 070794 H 908'}, 'picture': {'large': 'https://randomuser.me/api/portraits/women/50.jpg', 'medium': 'https://randomuser.me/api/portraits/med/women/50.jpg', 'thumbnail': 'https://randomuser.me/api/portraits/thumb/women/50.jpg'}, 'nat': 'DE'}</msg>
<arg>${json_data['results'][0]}</arg>
<doc>Logs the given message with the given level.</doc>
<status status="PASS" start="2024-04-24T23:16:08.406860" elapsed="0.000401"/>
</kw>
<kw name="Log" owner="BuiltIn">
<msg time="2024-04-24T23:16:08.407674" level="INFO">email</msg>
<arg>${key}</arg>
<doc>Logs the given message with the given level.</doc>
<status status="PASS" start="2024-04-24T23:16:08.407551" elapsed="0.000159"/>
</kw>
<var name="${key}">email</var>
<status status="PASS" start="2024-04-24T23:16:08.406051" elapsed="0.001871"/>
</iter>
<iter>
<kw name="Dictionary Should Contain Key" owner="Collections">
<msg time="2024-04-24T23:16:08.408569" level="INFO">False</msg>
<arg>${json_data['results'][0]}</arg>
<arg>${key}</arg>
<doc>Fails if ``key`` is not found from ``dictionary``.</doc>
<status status="PASS" start="2024-04-24T23:16:08.408201" elapsed="0.000403"/>
</kw>
<kw name="Log" owner="BuiltIn">
<msg time="2024-04-24T23:16:08.409310" level="INFO">{'gender': 'female', 'name': {'title': 'Miss', 'first': 'Lara', 'last': 'Holl'}, 'location': {'street': {'number': 775, 'name': 'Tannenweg'}, 'city': 'Burgdorf', 'state': 'Rheinland-Pfalz', 'country': 'Germany', 'postcode': 68602, 'coordinates': {'latitude': '-47.1673', 'longitude': '154.6570'}, 'timezone': {'offset': '+8:00', 'description': 'Beijing, Perth, Singapore, Hong Kong'}}, 'email': 'lara.holl@example.com', 'login': {'uuid': '953d1e2a-aca7-488e-a034-27e180596b2b', 'username': 'crazycat544', 'password': 'chuckles', 'salt': 'XODFF7Qb', 'md5': '1efa45d08d7bf4f7cb63e7b3e1b7f4e6', 'sha1': 'cb3cf0f6cc0976467e37ec4e18cca5f06abcf4aa', 'sha256': '755d5f85b3dd5dd8bde9b4b35851f1996be1989f6942a5b90efbd91c9984924b'}, 'dob': {'date': '1994-07-07T18:13:02.673Z', 'age': 29}, 'registered': {'date': '2004-04-17T18:07:50.306Z', 'age': 20}, 'phone': '0035-4717288', 'cell': '0175-0626052', 'id': {'name': 'SVNR', 'value': '67 070794 H 908'}, 'picture': {'large': 'https://randomuser.me/api/portraits/women/50.jpg', 'medium': 'https://randomuser.me/api/portraits/med/women/50.jpg', 'thumbnail': 'https://randomuser.me/api/portraits/thumb/women/50.jpg'}, 'nat': 'DE'}</msg>
<arg>${json_data['results'][0]}</arg>
<doc>Logs the given message with the given level.</doc>
<status status="PASS" start="2024-04-24T23:16:08.408938" elapsed="0.000418"/>
</kw>
<kw name="Log" owner="BuiltIn">
<msg time="2024-04-24T23:16:08.409810" level="INFO">login</msg>
<arg>${key}</arg>
<doc>Logs the given message with the given level.</doc>
<status status="PASS" start="2024-04-24T23:16:08.409685" elapsed="0.000162"/>
</kw>
<var name="${key}">login</var>
<status status="PASS" start="2024-04-24T23:16:08.408092" elapsed="0.001996"/>
</iter>
<var>${key}</var>
<value>@{expected_keys}</value>
<status status="PASS" start="2024-04-24T23:16:08.399467" elapsed="0.010746"/>
</for>
<kw name="Create List" owner="BuiltIn">
<msg time="2024-04-24T23:16:08.410535" level="INFO">${expected_keysTwo} = ['username', 'password']</msg>
<var>${expected_keysTwo}</var>
<arg>username</arg>
<arg>password</arg>
<doc>Returns a list containing given items.</doc>
<status status="PASS" start="2024-04-24T23:16:08.410402" elapsed="0.000156"/>
</kw>
<for flavor="IN">
<iter>
<kw name="Dictionary Should Contain Key" owner="Collections">
<msg time="2024-04-24T23:16:08.411433" level="INFO">False</msg>
<arg>${json_data['results'][0]['login']}</arg>
<arg>${keyTwo}</arg>
<doc>Fails if ``key`` is not found from ``dictionary``.</doc>
<status status="PASS" start="2024-04-24T23:16:08.411050" elapsed="0.000420"/>
</kw>
<kw name="Dictionary Should Contain Key" owner="Collections">
<msg time="2024-04-24T23:16:08.412141" level="INFO">False</msg>
<arg>${json_data['results'][0]['login']}</arg>
<arg>${keyTwo}</arg>
<doc>Fails if ``key`` is not found from ``dictionary``.</doc>
<status status="PASS" start="2024-04-24T23:16:08.411759" elapsed="0.000418"/>
</kw>
<kw name="Log" owner="BuiltIn">
<msg time="2024-04-24T23:16:08.412589" level="INFO">username</msg>
<arg>${keyTwo}</arg>
<doc>Logs the given message with the given level.</doc>
<status status="PASS" start="2024-04-24T23:16:08.412464" elapsed="0.000162"/>
</kw>
<var name="${keyTwo}">username</var>
<status status="PASS" start="2024-04-24T23:16:08.410940" elapsed="0.001899"/>
</iter>
<iter>
<kw name="Dictionary Should Contain Key" owner="Collections">
<msg time="2024-04-24T23:16:08.413555" level="INFO">False</msg>
<arg>${json_data['results'][0]['login']}</arg>
<arg>${keyTwo}</arg>
<doc>Fails if ``key`` is not found from ``dictionary``.</doc>
<status status="PASS" start="2024-04-24T23:16:08.413118" elapsed="0.000479"/>
</kw>
<kw name="Dictionary Should Contain Key" owner="Collections">
<msg time="2024-04-24T23:16:08.414356" level="INFO">False</msg>
<arg>${json_data['results'][0]['login']}</arg>
<arg>${keyTwo}</arg>
<doc>Fails if ``key`` is not found from ``dictionary``.</doc>
<status status="PASS" start="2024-04-24T23:16:08.413889" elapsed="0.000504"/>
</kw>
<kw name="Log" owner="BuiltIn">
<msg time="2024-04-24T23:16:08.414818" level="INFO">password</msg>
<arg>${keyTwo}</arg>
<doc>Logs the given message with the given level.</doc>
<status status="PASS" start="2024-04-24T23:16:08.414693" elapsed="0.000161"/>
</kw>
<var name="${keyTwo}">password</var>
<status status="PASS" start="2024-04-24T23:16:08.413009" elapsed="0.002058"/>
</iter>
<var>${keyTwo}</var>
<value>@{expected_keysTwo}</value>
<status status="PASS" start="2024-04-24T23:16:08.410790" elapsed="0.004396"/>
</for>
<status status="PASS" start="2024-04-24T23:16:08.297400" elapsed="0.117924"/>
</kw>
<doc>Testa a estrutura da resposta da API.</doc>
<tag>testeEstruturaResposta</tag>
<status status="PASS" start="2024-04-24T23:16:08.296871" elapsed="0.118604"/>
</test>
<test id="s1-s1-t4" name="Validar tipos de dados" line="28">
<kw name="Teste de Tipos de Dados" owner="random-user-service">
<kw name="GET On Session" owner="RequestsLibrary">
<msg time="2024-04-24T23:16:08.510273" level="INFO">GET Request : url=https://randomuser.me/api 
 path_url=/api 
 headers={'User-Agent': 'python-requests/2.31.0', 'Accept-Encoding': 'gzip, deflate', 'Accept': '*/*', 'Connection': 'keep-alive'} 
 body=None 
 </msg>
<msg time="2024-04-24T23:16:08.510364" level="INFO">GET Response : url=https://randomuser.me/api 
 status=200, reason=OK 
 headers={'Date': 'Wed, 24 Apr 2024 23:16:08 GMT', 'Content-Type': 'application/json; charset=utf-8', 'Transfer-Encoding': 'chunked', 'Connection': 'keep-alive', 'X-Powered-By': 'Express', 'Access-Control-Allow-Origin': '*', 'Cache-Control': 'no-cache', 'ETag': 'W/"4a0-T19Obax3WSVRbi5gyhxw9W5l+MY"', 'Vary': 'Accept-Encoding', 'Content-Encoding': 'gzip', 'CF-Cache-Status': 'DYNAMIC', 'Report-To': '{"endpoints":[{"url":"https:\\/\\/a.nel.cloudflare.com\\/report\\/v4?s=OX8TWwUxbjt22wlDg4SZGjlABm4HgI%2FJqIMPYs%2FSUBtxTsVuIqGbZBYPPrAbdcdE8htrbD2poWhr7N0ud3yHFNSj4C1UXt6NFqKOOS7QPMRi8X23FWrAu1Jq3HenANkJ"}],"group":"cf-nel","max_age":604800}', 'NEL': '{"success_fraction":0,"report_to":"cf-nel","max_age":604800}', 'Server': 'cloudflare', 'CF-RAY': '8799cca0a9c72edf-LAX', 'alt-svc': 'h3=":443"; ma=86400'} 
 body={"results":[{"gender":"female","name":{"title":"Miss","first":"Abbie","last":"Miles"},"location":{"street":{"number":4967,"name":"Springfield Road"},"city":"Londonderry","state":"Strathclyde","country":"United Kingdom","postcode":"J8 6EQ","coordinates":{"latitude":"-12.7979","longitude":"12.7979"},"timezone":{"offset":"+2:00","description":"Kaliningrad, South Africa"}},"email":"abbie.miles@example.com","login":{"uuid":"09487c8d-687b-40f3-b464-660322bc9468","username":"browngorilla492","password":"girls1","salt":"GBQc7oCr","md5":"f77084f498f44546f9de36f8af185f64","sha1":"e4e22e1124420c744152ea2f3a049af3f1aa5a69","sha256":"f295a0f21aa70d0251ef8c9be5e4b01285a9d630dda24a9f382d36a46ba66cfe"},"dob":{"date":"1947-05-20T11:29:12.445Z","age":76},"registered":{"date":"2006-05-16T04:21:10.128Z","age":17},"phone":"013873 85592","cell":"07567 198628","id":{"name":"NINO","value":"NR 58 21 40 P"},"picture":{"large":"https://randomuser.me/api/portraits/women/14.jpg","medium":"https://randomuser.me/api/portraits/med/women/14.jpg","thumbnail":"https://randomuser.me/api/portraits/thumb/women/14.jpg"},"nat":"GB"}],"info":{"seed":"4a1fd20585808f4d","results":1,"page":1,"version":"1.4"}} 
 </msg>
<msg time="2024-04-24T23:16:08.510429" level="INFO">/opt/hostedtoolcache/Python/3.12.3/x64/lib/python3.12/site-packages/urllib3/connectionpool.py:1103: InsecureRequestWarning: Unverified HTTPS request is being made to host 'randomuser.me'. Adding certificate verification is strongly advised. See: https://urllib3.readthedocs.io/en/latest/advanced-usage.html#tls-warnings
  warnings.warn(</msg>
<msg time="2024-04-24T23:16:08.510563" level="INFO">${response} = &lt;Response [200]&gt;</msg>
<var>${response}</var>
<arg>consultarAPI</arg>
<arg>/api</arg>
<doc>Sends a GET request on a previously created HTTP Session.</doc>
<status status="PASS" start="2024-04-24T23:16:08.417902" elapsed="0.092698"/>
</kw>
<kw name="Set Variable" owner="BuiltIn">
<msg time="2024-04-24T23:16:08.511559" level="INFO">${json_data} = {'results': [{'gender': 'female', 'name': {'title': 'Miss', 'first': 'Abbie', 'last': 'Miles'}, 'location': {'street': {'number': 4967, 'name': 'Springfield Road'}, 'city': 'Londonderry', 'state': 'St...</msg>
<var>${json_data}</var>
<arg>${response.json()}</arg>
<doc>Returns the given values which can then be assigned to a variables.</doc>
<status status="PASS" start="2024-04-24T23:16:08.511059" elapsed="0.000528"/>
</kw>
<kw name="Log" owner="BuiltIn">
<msg time="2024-04-24T23:16:08.512047" level="INFO">{'results': [{'gender': 'female', 'name': {'title': 'Miss', 'first': 'Abbie', 'last': 'Miles'}, 'location': {'street': {'number': 4967, 'name': 'Springfield Road'}, 'city': 'Londonderry', 'state': 'Strathclyde', 'country': 'United Kingdom', 'postcode': 'J8 6EQ', 'coordinates': {'latitude': '-12.7979', 'longitude': '12.7979'}, 'timezone': {'offset': '+2:00', 'description': 'Kaliningrad, South Africa'}}, 'email': 'abbie.miles@example.com', 'login': {'uuid': '09487c8d-687b-40f3-b464-660322bc9468', 'username': 'browngorilla492', 'password': 'girls1', 'salt': 'GBQc7oCr', 'md5': 'f77084f498f44546f9de36f8af185f64', 'sha1': 'e4e22e1124420c744152ea2f3a049af3f1aa5a69', 'sha256': 'f295a0f21aa70d0251ef8c9be5e4b01285a9d630dda24a9f382d36a46ba66cfe'}, 'dob': {'date': '1947-05-20T11:29:12.445Z', 'age': 76}, 'registered': {'date': '2006-05-16T04:21:10.128Z', 'age': 17}, 'phone': '013873 85592', 'cell': '07567 198628', 'id': {'name': 'NINO', 'value': 'NR 58 21 40 P'}, 'picture': {'large': 'https://randomuser.me/api/portraits/women/14.jpg', 'medium': 'https://randomuser.me/api/portraits/med/women/14.jpg', 'thumbnail': 'https://randomuser.me/api/portraits/thumb/women/14.jpg'}, 'nat': 'GB'}], 'info': {'seed': '4a1fd20585808f4d', 'results': 1, 'page': 1, 'version': '1.4'}}</msg>
<arg>${json_data}</arg>
<doc>Logs the given message with the given level.</doc>
<status status="PASS" start="2024-04-24T23:16:08.511894" elapsed="0.000235"/>
</kw>
<kw name="Should Be String" owner="String">
<arg>${json_data['results'][0]['gender']}</arg>
<doc>Fails if the given ``item`` is not a string.</doc>
<status status="PASS" start="2024-04-24T23:16:08.512426" elapsed="0.000363"/>
</kw>
<kw name="Should Match Regexp" owner="BuiltIn">
<arg>${json_data['results'][0]['email']}</arg>
<arg>^[a-zA-Z0-9._%+-]+@[a-zA-Z0-9.-]+\.[a-zA-Z]{2,}$</arg>
<doc>Fails if ``string`` does not match ``pattern`` as a regular expression.</doc>
<status status="PASS" start="2024-04-24T23:16:08.512981" elapsed="0.000565"/>
</kw>
<kw name="Should Match Regexp" owner="BuiltIn">
<arg>${json_data['results'][0]['dob']['date']}</arg>
<arg>\\d{4}-\\d{2}-\\d{2}T\\d{2}:\\d{2}:\\d{2}\\.\\d{3}Z</arg>
<doc>Fails if ``string`` does not match ``pattern`` as a regular expression.</doc>
<status status="PASS" start="2024-04-24T23:16:08.513750" elapsed="0.000493"/>
</kw>
<kw name="Should Match Regexp" owner="BuiltIn">
<arg>${json_data['results'][0]['registered']['date']}</arg>
<arg>\\d{4}-\\d{2}-\\d{2}T\\d{2}:\\d{2}:\\d{2}\\.\\d{3}Z</arg>
<doc>Fails if ``string`` does not match ``pattern`` as a regular expression.</doc>
<status status="PASS" start="2024-04-24T23:16:08.514433" elapsed="0.000372"/>
</kw>
<kw name="Should Match Regexp" owner="BuiltIn">
<arg>${json_data['results'][0]['picture']['large']}</arg>
<arg>^https?://.*\.(?:png|jpe?g|gif|bmp)$</arg>
<doc>Fails if ``string`` does not match ``pattern`` as a regular expression.</doc>
<status status="PASS" start="2024-04-24T23:16:08.514989" elapsed="0.000452"/>
</kw>
<kw name="Should Match Regexp" owner="BuiltIn">
<arg>${json_data['results'][0]['picture']['medium']}</arg>
<arg>^https?://.*\.(?:png|jpe?g|gif|bmp)$</arg>
<doc>Fails if ``string`` does not match ``pattern`` as a regular expression.</doc>
<status status="PASS" start="2024-04-24T23:16:08.515631" elapsed="0.000356"/>
</kw>
<kw name="Should Match Regexp" owner="BuiltIn">
<arg>${json_data['results'][0]['picture']['thumbnail']}</arg>
<arg>^https?://.*\.(?:png|jpe?g|gif|bmp)$</arg>
<doc>Fails if ``string`` does not match ``pattern`` as a regular expression.</doc>
<status status="PASS" start="2024-04-24T23:16:08.516171" elapsed="0.000358"/>
</kw>
<kw name="Log" owner="BuiltIn">
<msg time="2024-04-24T23:16:08.517025" level="INFO">{'large': 'https://randomuser.me/api/portraits/women/14.jpg', 'medium': 'https://randomuser.me/api/portraits/med/women/14.jpg', 'thumbnail': 'https://randomuser.me/api/portraits/thumb/women/14.jpg'}</msg>
<arg>${json_data['results'][0]['picture']}</arg>
<doc>Logs the given message with the given level.</doc>
<status status="PASS" start="2024-04-24T23:16:08.516707" elapsed="0.000359"/>
</kw>
<status status="PASS" start="2024-04-24T23:16:08.417681" elapsed="0.099653"/>
</kw>
<kw name="Teste de Tipos de Dados - Postcode" owner="random-user-service">
<kw name="GET On Session" owner="RequestsLibrary">
<msg time="2024-04-24T23:16:08.611719" level="INFO">GET Request : url=https://randomuser.me/api 
 path_url=/api 
 headers={'User-Agent': 'python-requests/2.31.0', 'Accept-Encoding': 'gzip, deflate', 'Accept': '*/*', 'Connection': 'keep-alive'} 
 body=None 
 </msg>
<msg time="2024-04-24T23:16:08.611814" level="INFO">GET Response : url=https://randomuser.me/api 
 status=200, reason=OK 
 headers={'Date': 'Wed, 24 Apr 2024 23:16:08 GMT', 'Content-Type': 'application/json; charset=utf-8', 'Transfer-Encoding': 'chunked', 'Connection': 'keep-alive', 'X-Powered-By': 'Express', 'Access-Control-Allow-Origin': '*', 'Cache-Control': 'no-cache', 'ETag': 'W/"494-gLOkn1/GEoUN9tLZx8S+adMECxM"', 'Vary': 'Accept-Encoding', 'Content-Encoding': 'gzip', 'CF-Cache-Status': 'DYNAMIC', 'Report-To': '{"endpoints":[{"url":"https:\\/\\/a.nel.cloudflare.com\\/report\\/v4?s=8sEhItZssSto8gSUGkR0cUQ3%2F1Ju37RbSD3Fb8XVrPB4zUweQCJRn8Kca9j4wDsi4CISksUCD4uvoJvqU3kNqBH5oYV9m6IcwCAHFjsc5AvQnxDOU6K6XaQx6ptlR8YT"}],"group":"cf-nel","max_age":604800}', 'NEL': '{"success_fraction":0,"report_to":"cf-nel","max_age":604800}', 'Server': 'cloudflare', 'CF-RAY': '8799cca14a802edf-LAX', 'alt-svc': 'h3=":443"; ma=86400'} 
 body={"results":[{"gender":"male","name":{"title":"Mr","first":"Dwight","last":"Owens"},"location":{"street":{"number":2778,"name":"W Sherman Dr"},"city":"Gladstone","state":"Australian Capital Territory","country":"Australia","postcode":1860,"coordinates":{"latitude":"-82.5759","longitude":"-21.1579"},"timezone":{"offset":"-8:00","description":"Pacific Time (US &amp; Canada)"}},"email":"dwight.owens@example.com","login":{"uuid":"4a24e604-a02c-46f2-82eb-42d4a75a2c0d","username":"whitepanda351","password":"burton","salt":"NbjVx9iY","md5":"e1fe87db6dc686a0af933b178edcaaaf","sha1":"9cae1c68c480c6b64129769a894310b09876eb58","sha256":"55033bf4a2c7a325525c1c6e27864ead841885b50a9227e9a73a0f90acd8867a"},"dob":{"date":"1953-01-21T18:43:29.731Z","age":71},"registered":{"date":"2019-08-14T20:51:33.072Z","age":4},"phone":"06-4361-7080","cell":"0400-839-388","id":{"name":"TFN","value":"800529655"},"picture":{"large":"https://randomuser.me/api/portraits/men/27.jpg","medium":"https://randomuser.me/api/portraits/med/men/27.jpg","thumbnail":"https://randomuser.me/api/portraits/thumb/men/27.jpg"},"nat":"AU"}],"info":{"seed":"2331971bea26436a","results":1,"page":1,"version":"1.4"}} 
 </msg>
<msg time="2024-04-24T23:16:08.611885" level="INFO">/opt/hostedtoolcache/Python/3.12.3/x64/lib/python3.12/site-packages/urllib3/connectionpool.py:1103: InsecureRequestWarning: Unverified HTTPS request is being made to host 'randomuser.me'. Adding certificate verification is strongly advised. See: https://urllib3.readthedocs.io/en/latest/advanced-usage.html#tls-warnings
  warnings.warn(</msg>
<msg time="2024-04-24T23:16:08.612024" level="INFO">${response} = &lt;Response [200]&gt;</msg>
<var>${response}</var>
<arg>consultarAPI</arg>
<arg>/api</arg>
<doc>Sends a GET request on a previously created HTTP Session.</doc>
<status status="PASS" start="2024-04-24T23:16:08.517821" elapsed="0.094247"/>
</kw>
<kw name="Set Variable" owner="BuiltIn">
<msg time="2024-04-24T23:16:08.613081" level="INFO">${json_data} = {'results': [{'gender': 'male', 'name': {'title': 'Mr', 'first': 'Dwight', 'last': 'Owens'}, 'location': {'street': {'number': 2778, 'name': 'W Sherman Dr'}, 'city': 'Gladstone', 'state': 'Australian ...</msg>
<var>${json_data}</var>
<arg>${response.json()}</arg>
<doc>Returns the given values which can then be assigned to a variables.</doc>
<status status="PASS" start="2024-04-24T23:16:08.612572" elapsed="0.000536"/>
</kw>
<kw name="Log" owner="BuiltIn">
<msg time="2024-04-24T23:16:08.613629" level="INFO">{'results': [{'gender': 'male', 'name': {'title': 'Mr', 'first': 'Dwight', 'last': 'Owens'}, 'location': {'street': {'number': 2778, 'name': 'W Sherman Dr'}, 'city': 'Gladstone', 'state': 'Australian Capital Territory', 'country': 'Australia', 'postcode': 1860, 'coordinates': {'latitude': '-82.5759', 'longitude': '-21.1579'}, 'timezone': {'offset': '-8:00', 'description': 'Pacific Time (US &amp; Canada)'}}, 'email': 'dwight.owens@example.com', 'login': {'uuid': '4a24e604-a02c-46f2-82eb-42d4a75a2c0d', 'username': 'whitepanda351', 'password': 'burton', 'salt': 'NbjVx9iY', 'md5': 'e1fe87db6dc686a0af933b178edcaaaf', 'sha1': '9cae1c68c480c6b64129769a894310b09876eb58', 'sha256': '55033bf4a2c7a325525c1c6e27864ead841885b50a9227e9a73a0f90acd8867a'}, 'dob': {'date': '1953-01-21T18:43:29.731Z', 'age': 71}, 'registered': {'date': '2019-08-14T20:51:33.072Z', 'age': 4}, 'phone': '06-4361-7080', 'cell': '0400-839-388', 'id': {'name': 'TFN', 'value': '800529655'}, 'picture': {'large': 'https://randomuser.me/api/portraits/men/27.jpg', 'medium': 'https://randomuser.me/api/portraits/med/men/27.jpg', 'thumbnail': 'https://randomuser.me/api/portraits/thumb/men/27.jpg'}, 'nat': 'AU'}], 'info': {'seed': '2331971bea26436a', 'results': 1, 'page': 1, 'version': '1.4'}}</msg>
<arg>${json_data}</arg>
<doc>Logs the given message with the given level.</doc>
<status status="PASS" start="2024-04-24T23:16:08.613471" elapsed="0.000241"/>
</kw>
<kw name="Should Be Equal As Numbers" owner="BuiltIn">
<arg>${json_data['results'][0]['location']['postcode']}</arg>
<arg>${json_data['results'][0]['location']['postcode']}</arg>
<doc>Fails if objects are unequal after converting them to real numbers.</doc>
<status status="PASS" start="2024-04-24T23:16:08.614015" elapsed="0.000786"/>
</kw>
<kw name="Log" owner="BuiltIn">
<msg time="2024-04-24T23:16:08.615325" level="INFO">1860</msg>
<arg>${json_data['results'][0]['location']['postcode']}</arg>
<doc>Logs the given message with the given level.</doc>
<status status="PASS" start="2024-04-24T23:16:08.614992" elapsed="0.000373"/>
</kw>
<status status="PASS" start="2024-04-24T23:16:08.517586" elapsed="0.098033"/>
</kw>
<doc>Testa se os tipos de dados na resposta da API estão corretos.</doc>
<tag>testeTiposDados</tag>
<status status="PASS" start="2024-04-24T23:16:08.417215" elapsed="0.198578"/>
</test>
<test id="s1-s1-t5" name="Validar conteudo" line="35">
<kw name="Teste de Tipos de Conteudo" owner="random-user-service">
<kw name="GET On Session" owner="RequestsLibrary">
<msg time="2024-04-24T23:16:08.712256" level="INFO">GET Request : url=https://randomuser.me/api 
 path_url=/api 
 headers={'User-Agent': 'python-requests/2.31.0', 'Accept-Encoding': 'gzip, deflate', 'Accept': '*/*', 'Connection': 'keep-alive'} 
 body=None 
 </msg>
<msg time="2024-04-24T23:16:08.712338" level="INFO">GET Response : url=https://randomuser.me/api 
 status=200, reason=OK 
 headers={'Date': 'Wed, 24 Apr 2024 23:16:08 GMT', 'Content-Type': 'application/json; charset=utf-8', 'Transfer-Encoding': 'chunked', 'Connection': 'keep-alive', 'X-Powered-By': 'Express', 'Access-Control-Allow-Origin': '*', 'Cache-Control': 'no-cache', 'ETag': 'W/"479-ifbchadMPSvd5K0jSsAUEfKv3t8"', 'Vary': 'Accept-Encoding', 'Content-Encoding': 'gzip', 'CF-Cache-Status': 'DYNAMIC', 'Report-To': '{"endpoints":[{"url":"https:\\/\\/a.nel.cloudflare.com\\/report\\/v4?s=8aUTCmUc1peOwv2c5bVqGtF0hUbMA2sBVDoZoi7D2RT5dcomZfU02Rg8JjMdFk0%2Ba1M1lL4%2BWNYWxjtWppjE%2BosUCYDySHpvxeZ%2BK7my022mYZk2Tn7DetSML%2F0u%2Fu40"}],"group":"cf-nel","max_age":604800}', 'NEL': '{"success_fraction":0,"report_to":"cf-nel","max_age":604800}', 'Server': 'cloudflare', 'CF-RAY': '8799cca1eb342edf-LAX', 'alt-svc': 'h3=":443"; ma=86400'} 
 body={"results":[{"gender":"female","name":{"title":"Ms","first":"Simone","last":"Kildahl"},"location":{"street":{"number":8924,"name":"Hans Ross' gate"},"city":"Hasle","state":"Sogn og Fjordane","country":"Norway","postcode":"1533","coordinates":{"latitude":"42.2978","longitude":"112.7750"},"timezone":{"offset":"-9:00","description":"Alaska"}},"email":"simone.kildahl@example.com","login":{"uuid":"d6e1e44b-5a05-49c9-b9af-b55f4cafc908","username":"whitepeacock434","password":"nicole1","salt":"ObwLXJCJ","md5":"bc5d5bda8de99653e14be0c8817a9b9a","sha1":"0cb53e0e3ca19702fb116096205d541dc73c9d33","sha256":"de608b0154984400f3cd9da011d21a29e3b92ff5b3066416cebb209f8f7a1c9b"},"dob":{"date":"1964-08-06T04:08:34.434Z","age":59},"registered":{"date":"2021-11-14T22:36:04.449Z","age":2},"phone":"76975058","cell":"98418601","id":{"name":"FN","value":"06086403801"},"picture":{"large":"https://randomuser.me/api/portraits/women/25.jpg","medium":"https://randomuser.me/api/portraits/med/women/25.jpg","thumbnail":"https://randomuser.me/api/portraits/thumb/women/25.jpg"},"nat":"NO"}],"info":{"seed":"420190b5715b1141","results":1,"page":1,"version":"1.4"}} 
 </msg>
<msg time="2024-04-24T23:16:08.712410" level="INFO">/opt/hostedtoolcache/Python/3.12.3/x64/lib/python3.12/site-packages/urllib3/connectionpool.py:1103: InsecureRequestWarning: Unverified HTTPS request is being made to host 'randomuser.me'. Adding certificate verification is strongly advised. See: https://urllib3.readthedocs.io/en/latest/advanced-usage.html#tls-warnings
  warnings.warn(</msg>
<msg time="2024-04-24T23:16:08.712540" level="INFO">${response} = &lt;Response [200]&gt;</msg>
<var>${response}</var>
<arg>consultarAPI</arg>
<arg>/api</arg>
<doc>Sends a GET request on a previously created HTTP Session.</doc>
<status status="PASS" start="2024-04-24T23:16:08.618576" elapsed="0.093997"/>
</kw>
<kw name="Set Variable" owner="BuiltIn">
<msg time="2024-04-24T23:16:08.713429" level="INFO">${json_data} = {'results': [{'gender': 'female', 'name': {'title': 'Ms', 'first': 'Simone', 'last': 'Kildahl'}, 'location': {'street': {'number': 8924, 'name': "Hans Ross' gate"}, 'city': 'Hasle', 'state': 'Sogn og ...</msg>
<var>${json_data}</var>
<arg>${response.json()}</arg>
<doc>Returns the given values which can then be assigned to a variables.</doc>
<status status="PASS" start="2024-04-24T23:16:08.712935" elapsed="0.000525"/>
</kw>
<kw name="Set Variable" owner="BuiltIn">
<msg time="2024-04-24T23:16:08.714157" level="INFO">${name_title} = Ms</msg>
<var>${name_title}</var>
<arg>${json_data["results"][0]["name"]["title"]}</arg>
<doc>Returns the given values which can then be assigned to a variables.</doc>
<status status="PASS" start="2024-04-24T23:16:08.713772" elapsed="0.000411"/>
</kw>
<kw name="Create List" owner="BuiltIn">
<msg time="2024-04-24T23:16:08.714633" level="INFO">${allowed_titles} = ['Mr', 'Ms', 'Miss', 'Mrs', 'Madame', 'Monsieur']</msg>
<var>${allowed_titles}</var>
<arg>Mr</arg>
<arg>Ms</arg>
<arg>Miss</arg>
<arg>Mrs</arg>
<arg>Madame</arg>
<arg>Monsieur</arg>
<doc>Returns a list containing given items.</doc>
<status status="PASS" start="2024-04-24T23:16:08.714485" elapsed="0.000173"/>
</kw>
<kw name="List Should Contain Value" owner="Collections">
<msg time="2024-04-24T23:16:08.715141" level="INFO">False</msg>
<arg>${allowed_titles}</arg>
<arg>${name_title}</arg>
<doc>Fails if the ``value`` is not found from ``list``.</doc>
<status status="PASS" start="2024-04-24T23:16:08.714961" elapsed="0.000217"/>
</kw>
<kw name="Set Variable" owner="BuiltIn">
<msg time="2024-04-24T23:16:08.715859" level="INFO">${name_country} = NO</msg>
<var>${name_country}</var>
<arg>${json_data["results"][0]["nat"]}</arg>
<doc>Returns the given values which can then be assigned to a variables.</doc>
<status status="PASS" start="2024-04-24T23:16:08.715473" elapsed="0.000411"/>
</kw>
<kw name="Create List" owner="BuiltIn">
<msg time="2024-04-24T23:16:08.716771" level="INFO">${list_country} = ['AD', 'AE', 'AF', 'AG', 'AI', 'AL', 'AM', 'AO', 'AQ', 'AR', 'AS', 'AT', 'AU', 'AW', 'AX', 'AZ', 'BA', 'BB', 'BD', 'BE', 'BF', 'BG', 'BH', 'BI', 'BJ', 'BL', 'BM', 'BN', 'BO', 'BQ', 'BR', 'BS', 'BT', '...</msg>
<var>${list_country}</var>
<arg>AD</arg>
<arg>AE</arg>
<arg>AF</arg>
<arg>AG</arg>
<arg>AI</arg>
<arg>AL</arg>
<arg>AM</arg>
<arg>AO</arg>
<arg>AQ</arg>
<arg>AR</arg>
<arg>AS</arg>
<arg>AT</arg>
<arg>AU</arg>
<arg>AW</arg>
<arg>AX</arg>
<arg>AZ</arg>
<arg>BA</arg>
<arg>BB</arg>
<arg>BD</arg>
<arg>BE</arg>
<arg>BF</arg>
<arg>BG</arg>
<arg>BH</arg>
<arg>BI</arg>
<arg>BJ</arg>
<arg>BL</arg>
<arg>BM</arg>
<arg>BN</arg>
<arg>BO</arg>
<arg>BQ</arg>
<arg>BR</arg>
<arg>BS</arg>
<arg>BT</arg>
<arg>BV</arg>
<arg>BW</arg>
<arg>BY</arg>
<arg>BZ</arg>
<arg>CA</arg>
<arg>CC</arg>
<arg>CD</arg>
<arg>CF</arg>
<arg>CG</arg>
<arg>CH</arg>
<arg>CI</arg>
<arg>CK</arg>
<arg>CL</arg>
<arg>CM</arg>
<arg>CN</arg>
<arg>CO</arg>
<arg>CR</arg>
<arg>CU</arg>
<arg>CV</arg>
<arg>CW</arg>
<arg>CX</arg>
<arg>CY</arg>
<arg>CZ</arg>
<arg>DE</arg>
<arg>DJ</arg>
<arg>DK</arg>
<arg>DM</arg>
<arg>DO</arg>
<arg>DZ</arg>
<arg>EC</arg>
<arg>EE</arg>
<arg>EG</arg>
<arg>EH</arg>
<arg>ER</arg>
<arg>ES</arg>
<arg>ET</arg>
<arg>FI</arg>
<arg>FJ</arg>
<arg>FK</arg>
<arg>FM</arg>
<arg>FO</arg>
<arg>FR</arg>
<arg>GA</arg>
<arg>GB</arg>
<arg>GD</arg>
<arg>GE</arg>
<arg>GF</arg>
<arg>GG</arg>
<arg>GH</arg>
<arg>GI</arg>
<arg>GL</arg>
<arg>GM</arg>
<arg>GN</arg>
<arg>GP</arg>
<arg>GQ</arg>
<arg>GR</arg>
<arg>GS</arg>
<arg>GT</arg>
<arg>GU</arg>
<arg>GW</arg>
<arg>GY</arg>
<arg>HK</arg>
<arg>HM</arg>
<arg>HN</arg>
<arg>HR</arg>
<arg>HT</arg>
<arg>HU</arg>
<arg>ID</arg>
<arg>IE</arg>
<arg>IL</arg>
<arg>IM</arg>
<arg>IN</arg>
<arg>IO</arg>
<arg>IQ</arg>
<arg>IR</arg>
<arg>IS</arg>
<arg>IT</arg>
<arg>JE</arg>
<arg>JM</arg>
<arg>JO</arg>
<arg>JP</arg>
<arg>KE</arg>
<arg>KG</arg>
<arg>KH</arg>
<arg>KI</arg>
<arg>KM</arg>
<arg>KN</arg>
<arg>KP</arg>
<arg>KR</arg>
<arg>KW</arg>
<arg>KY</arg>
<arg>KZ</arg>
<arg>LA</arg>
<arg>LB</arg>
<arg>LC</arg>
<arg>LI</arg>
<arg>LK</arg>
<arg>LR</arg>
<arg>LS</arg>
<arg>LT</arg>
<arg>LU</arg>
<arg>LV</arg>
<arg>LY</arg>
<arg>MA</arg>
<arg>MC</arg>
<arg>MD</arg>
<arg>ME</arg>
<arg>MF</arg>
<arg>MG</arg>
<arg>MH</arg>
<arg>MK</arg>
<arg>ML</arg>
<arg>MM</arg>
<arg>MN</arg>
<arg>MO</arg>
<arg>MP</arg>
<arg>MQ</arg>
<arg>MR</arg>
<arg>MS</arg>
<arg>MT</arg>
<arg>MU</arg>
<arg>MV</arg>
<arg>MW</arg>
<arg>MX</arg>
<arg>MY</arg>
<arg>MZ</arg>
<arg>NA</arg>
<arg>NC</arg>
<arg>NE</arg>
<arg>NF</arg>
<arg>NG</arg>
<arg>NI</arg>
<arg>NL</arg>
<arg>NO</arg>
<arg>NP</arg>
<arg>NR</arg>
<arg>NU</arg>
<arg>NZ</arg>
<arg>OM</arg>
<arg>PA</arg>
<arg>PE</arg>
<arg>PF</arg>
<arg>PG</arg>
<arg>PH</arg>
<arg>PK</arg>
<arg>PL</arg>
<arg>PM</arg>
<arg>PN</arg>
<arg>PR</arg>
<arg>PS</arg>
<arg>PT</arg>
<arg>PW</arg>
<arg>PY</arg>
<arg>QA</arg>
<arg>RE</arg>
<arg>RO</arg>
<arg>RS</arg>
<arg>RU</arg>
<arg>RW</arg>
<arg>SA</arg>
<arg>SB</arg>
<arg>SC</arg>
<arg>SD</arg>
<arg>SE</arg>
<arg>SG</arg>
<arg>SH</arg>
<arg>SI</arg>
<arg>SJ</arg>
<arg>SK</arg>
<arg>SL</arg>
<arg>SM</arg>
<arg>SN</arg>
<arg>SO</arg>
<arg>SR</arg>
<arg>SS</arg>
<arg>ST</arg>
<arg>SV</arg>
<arg>SX</arg>
<arg>SY</arg>
<arg>SZ</arg>
<arg>TC</arg>
<arg>TD</arg>
<arg>TF</arg>
<arg>TG</arg>
<arg>TH</arg>
<arg>TJ</arg>
<arg>TK</arg>
<arg>TL</arg>
<arg>TM</arg>
<arg>TN</arg>
<arg>TO</arg>
<arg>TR</arg>
<arg>TT</arg>
<arg>TV</arg>
<arg>TW</arg>
<arg>TZ</arg>
<arg>UA</arg>
<arg>UG</arg>
<arg>UM</arg>
<arg>US</arg>
<arg>UY</arg>
<arg>UZ</arg>
<arg>VA</arg>
<arg>VC</arg>
<arg>VE</arg>
<arg>VG</arg>
<arg>VI</arg>
<arg>VN</arg>
<arg>VU</arg>
<arg>WF</arg>
<arg>WS</arg>
<arg>XK</arg>
<arg>YE</arg>
<arg>YT</arg>
<arg>ZA</arg>
<arg>ZM</arg>
<arg>ZW</arg>
<doc>Returns a list containing given items.</doc>
<status status="PASS" start="2024-04-24T23:16:08.716184" elapsed="0.000613"/>
</kw>
<kw name="List Should Contain Value" owner="Collections">
<msg time="2024-04-24T23:16:08.717831" level="INFO">False</msg>
<arg>${list_country}</arg>
<arg>${name_country}</arg>
<doc>Fails if the ``value`` is not found from ``list``.</doc>
<status status="PASS" start="2024-04-24T23:16:08.717627" elapsed="0.000241"/>
</kw>
<kw name="Run Keyword If" owner="BuiltIn">
<kw name="Should Be True" owner="BuiltIn">
<arg>${True}</arg>
<doc>Fails if the given condition is not true.</doc>
<status status="PASS" start="2024-04-24T23:16:08.718935" elapsed="0.000142"/>
</kw>
<arg>${json_data["results"][0]["location"]["coordinates"]["latitude"]} &gt;= -90 and ${json_data["results"][0]["location"]["coordinates"]["latitude"]} &lt;= 90</arg>
<arg>Should Be True</arg>
<arg>${True}</arg>
<doc>Runs the given keyword with the given arguments, if ``condition`` is true.</doc>
<status status="PASS" start="2024-04-24T23:16:08.718181" elapsed="0.001023"/>
</kw>
<kw name="Run Keyword If" owner="BuiltIn">
<kw name="Should Be True" owner="BuiltIn">
<arg>${True}</arg>
<doc>Fails if the given condition is not true.</doc>
<status status="PASS" start="2024-04-24T23:16:08.720100" elapsed="0.000245"/>
</kw>
<arg>${json_data["results"][0]["location"]["coordinates"]["longitude"]} &gt;= -180 and ${json_data["results"][0]["location"]["coordinates"]["longitude"]} &lt;= 180</arg>
<arg>Should Be True</arg>
<arg>${True}</arg>
<doc>Runs the given keyword with the given arguments, if ``condition`` is true.</doc>
<status status="PASS" start="2024-04-24T23:16:08.719395" elapsed="0.001077"/>
</kw>
<status status="PASS" start="2024-04-24T23:16:08.618207" elapsed="0.102409"/>
</kw>
<doc>Testa o conteúdo específico dos campos retornados pela API.</doc>
<tag>testeConteudo</tag>
<status status="PASS" start="2024-04-24T23:16:08.617548" elapsed="0.103217"/>
</test>
<status status="PASS" start="2024-04-24T23:16:07.737636" elapsed="0.985081"/>
</suite>
<status status="PASS" start="2024-04-24T23:16:07.724142" elapsed="1.003670"/>
</suite>
<statistics>
<total>
<stat pass="5" fail="0" skip="0">All Tests</stat>
</total>
<tag>
<stat pass="1" fail="0" skip="0">testeConteudo</stat>
<stat pass="1" fail="0" skip="0">testeEstruturaResposta</stat>
<stat pass="1" fail="0" skip="0">testeRequisicaoBasica</stat>
<stat pass="1" fail="0" skip="0">testeTiposDados</stat>
</tag>
<suite>
<stat pass="5" fail="0" skip="0" id="s1" name="Tests">Tests</stat>
<stat pass="5" fail="0" skip="0" id="s1-s1" name="Random-User-Test">Tests.Random-User-Test</stat>
</suite>
</statistics>
<errors>
</errors>
</robot>
