<?xml version="1.0" encoding="UTF-8"?>
<robot generator="Robot 7.0 (Python 3.12.2 on linux)" generated="2024-04-08T05:14:29.494269" rpa="false" schemaversion="5">
<suite id="s1" name="Tests" source="/home/runner/work/DesafioQAItauRogerioJordao/DesafioQAItauRogerioJordao/RamdonUser/tests">
<suite id="s1-s1" name="Random-User-Test" source="/home/runner/work/DesafioQAItauRogerioJordao/DesafioQAItauRogerioJordao/RamdonUser/tests/random-user-test.robot">
<test id="s1-s1-t1" name="Conectar" line="13">
<kw name="Conectar API" owner="random-user-service">
<kw name="Create Session" owner="RequestsLibrary">
<msg time="2024-04-08T05:14:29.853730" level="INFO">Creating Session using : alias=consultarAPI, url=https://randomuser.me/, headers={},                     cookies={}, auth=None, timeout=None, proxies=None, verify=False,                     debug=0 </msg>
<arg>consultarAPI</arg>
<arg>${URL}</arg>
<doc>Create Session: create a HTTP session to a server</doc>
<status status="PASS" start="2024-04-08T05:14:29.853529" elapsed="0.000374"/>
</kw>
<status status="PASS" start="2024-04-08T05:14:29.852507" elapsed="0.001756"/>
</kw>
<status status="PASS" start="2024-04-08T05:14:29.851923" elapsed="0.002549"/>
</test>
<test id="s1-s1-t2" name="Validar retorno 200 e JSON Válido" line="16">
<kw name="Teste de Requisicao Basica" owner="random-user-service">
<kw name="GET On Session" owner="RequestsLibrary">
<msg time="2024-04-08T05:14:29.966664" level="INFO">GET Request : url=https://randomuser.me/api 
 path_url=/api 
 headers={'User-Agent': 'python-requests/2.31.0', 'Accept-Encoding': 'gzip, deflate', 'Accept': '*/*', 'Connection': 'keep-alive'} 
 body=None 
 </msg>
<msg time="2024-04-08T05:14:29.966806" level="INFO">GET Response : url=https://randomuser.me/api 
 status=200, reason=OK 
 headers={'Date': 'Mon, 08 Apr 2024 05:14:29 GMT', 'Content-Type': 'application/json; charset=utf-8', 'Transfer-Encoding': 'chunked', 'Connection': 'keep-alive', 'X-Powered-By': 'Express', 'Access-Control-Allow-Origin': '*', 'Cache-Control': 'no-cache', 'ETag': 'W/"497-zmqGVonUoICTT302sC2FX2rqWOo"', 'Vary': 'Accept-Encoding', 'Content-Encoding': 'gzip', 'CF-Cache-Status': 'DYNAMIC', 'Report-To': '{"endpoints":[{"url":"https:\\/\\/a.nel.cloudflare.com\\/report\\/v4?s=aSUBRAjcNrhsHsH%2FGSc04xoIAwVO0T25uVvIWuzJGlfnEA%2BZtijAqpZoTfZnwrWCYrWHtHali3oifYbwTEev15c2cnEfAh6ujV4fupZytWhQfQTIKbiuo6JrxI1DpxYD"}],"group":"cf-nel","max_age":604800}', 'NEL': '{"success_fraction":0,"report_to":"cf-nel","max_age":604800}', 'Server': 'cloudflare', 'CF-RAY': '870fc630ce3a15e3-SJC', 'alt-svc': 'h3=":443"; ma=86400'} 
 body={"results":[{"gender":"male","name":{"title":"Mr","first":"Henning","last":"Midtbø"},"location":{"street":{"number":2486,"name":"C. A. Pihls gate"},"city":"Hemnesberget","state":"Hordaland","country":"Norway","postcode":"1892","coordinates":{"latitude":"44.8834","longitude":"-34.9455"},"timezone":{"offset":"+5:00","description":"Ekaterinburg, Islamabad, Karachi, Tashkent"}},"email":"henning.midtbo@example.com","login":{"uuid":"58a31452-64e6-4515-a43a-83516aa85423","username":"brownostrich571","password":"dottie","salt":"As4yvhvA","md5":"991318edc98d28ade570ca1b8a7f5580","sha1":"920e3bcfe610cc2e6ed240011cc73791fb23c4f7","sha256":"6ee1fb9fe95a1cbdf016164266f8827847a26eaec00e3654dbd3d79bcbfdd76d"},"dob":{"date":"1956-10-18T03:47:06.710Z","age":67},"registered":{"date":"2009-06-25T04:39:06.272Z","age":14},"phone":"56653312","cell":"40591435","id":{"name":"FN","value":"18105606334"},"picture":{"large":"https://randomuser.me/api/portraits/men/11.jpg","medium":"https://randomuser.me/api/portraits/med/men/11.jpg","thumbnail":"https://randomuser.me/api/portraits/thumb/men/11.jpg"},"nat":"NO"}],"info":{"seed":"88dfa932613d08c5","results":1,"page":1,"version":"1.4"}} 
 </msg>
<msg time="2024-04-08T05:14:29.966897" level="INFO">/opt/hostedtoolcache/Python/3.12.2/x64/lib/python3.12/site-packages/urllib3/connectionpool.py:1103: InsecureRequestWarning: Unverified HTTPS request is being made to host 'randomuser.me'. Adding certificate verification is strongly advised. See: https://urllib3.readthedocs.io/en/latest/advanced-usage.html#tls-warnings
  warnings.warn(</msg>
<msg time="2024-04-08T05:14:29.967029" level="INFO">${response} = &lt;Response [200]&gt;</msg>
<var>${response}</var>
<arg>consultarAPI</arg>
<arg>/api</arg>
<doc>Sends a GET request on a previously created HTTP Session.</doc>
<status status="PASS" start="2024-04-08T05:14:29.857134" elapsed="0.109939"/>
</kw>
<kw name="Should Be Equal As Numbers" owner="BuiltIn">
<msg time="2024-04-08T05:14:29.967951" level="INFO">Argument types are:
&lt;class 'int'&gt;
&lt;class 'str'&gt;</msg>
<arg>${response.status_code}</arg>
<arg>200</arg>
<doc>Fails if objects are unequal after converting them to real numbers.</doc>
<status status="PASS" start="2024-04-08T05:14:29.967524" elapsed="0.000494"/>
</kw>
<kw name="Log" owner="BuiltIn">
<msg time="2024-04-08T05:14:29.968709" level="INFO">200</msg>
<arg>${response.status_code}</arg>
<doc>Logs the given message with the given level.</doc>
<status status="PASS" start="2024-04-08T05:14:29.968347" elapsed="0.000406"/>
</kw>
<kw name="Set Variable" owner="BuiltIn">
<msg time="2024-04-08T05:14:29.969512" level="INFO">${json_data} = {'results': [{'gender': 'male', 'name': {'title': 'Mr', 'first': 'Henning', 'last': 'Midtbø'}, 'location': {'street': {'number': 2486, 'name': 'C. A. Pihls gate'}, 'city': 'Hemnesberget', 'state': 'Ho...</msg>
<var>${json_data}</var>
<arg>${response.json()}</arg>
<doc>Returns the given values which can then be assigned to a variables.</doc>
<status status="PASS" start="2024-04-08T05:14:29.969063" elapsed="0.000478"/>
</kw>
<kw name="Dictionary Should Contain Key" owner="Collections">
<msg time="2024-04-08T05:14:29.970022" level="INFO">False</msg>
<arg>${json_data}</arg>
<arg>results</arg>
<doc>Fails if ``key`` is not found from ``dictionary``.</doc>
<status status="PASS" start="2024-04-08T05:14:29.969854" elapsed="0.000208"/>
</kw>
<status status="PASS" start="2024-04-08T05:14:29.856886" elapsed="0.113433"/>
</kw>
<doc>Testa se a API responde corretamente e retorna um objeto JSON válido.</doc>
<tag>testeRequisicaoBasica</tag>
<status status="PASS" start="2024-04-08T05:14:29.856360" elapsed="0.114138"/>
</test>
<test id="s1-s1-t3" name="Validar estrutura de resposta" line="22">
<kw name="Teste de Estrutura de Resposta" owner="random-user-service">
<kw name="GET On Session" owner="RequestsLibrary">
<msg time="2024-04-08T05:14:30.069751" level="INFO">GET Request : url=https://randomuser.me/api 
 path_url=/api 
 headers={'User-Agent': 'python-requests/2.31.0', 'Accept-Encoding': 'gzip, deflate', 'Accept': '*/*', 'Connection': 'keep-alive'} 
 body=None 
 </msg>
<msg time="2024-04-08T05:14:30.069839" level="INFO">GET Response : url=https://randomuser.me/api 
 status=200, reason=OK 
 headers={'Date': 'Mon, 08 Apr 2024 05:14:30 GMT', 'Content-Type': 'application/json; charset=utf-8', 'Transfer-Encoding': 'chunked', 'Connection': 'keep-alive', 'X-Powered-By': 'Express', 'Access-Control-Allow-Origin': '*', 'Cache-Control': 'no-cache', 'ETag': 'W/"479-izw0h8wwy6+HxH55cBP6LJMmw5c"', 'Vary': 'Accept-Encoding', 'Content-Encoding': 'gzip', 'CF-Cache-Status': 'DYNAMIC', 'Report-To': '{"endpoints":[{"url":"https:\\/\\/a.nel.cloudflare.com\\/report\\/v4?s=m7VaGMJnraZDFs6CSbxY%2FjOg%2ByRI7TOuuNIGeiGfAWUsAaRAJYKUXbYE7nyJCk2jQKhBuCB9TxlQd43Uf8SoMU92UzrpZiBU04tgVGJo0fQ7%2F14jwKKhFStsDjhe0Q1%2F"}],"group":"cf-nel","max_age":604800}', 'NEL': '{"success_fraction":0,"report_to":"cf-nel","max_age":604800}', 'Server': 'cloudflare', 'CF-RAY': '870fc6315ec015e3-SJC', 'alt-svc': 'h3=":443"; ma=86400'} 
 body={"results":[{"gender":"male","name":{"title":"Mr","first":"Tarjei","last":"Glad"},"location":{"street":{"number":3461,"name":"Ragnfrids vei"},"city":"Stokke","state":"Møre og Romsdal","country":"Norway","postcode":"6968","coordinates":{"latitude":"38.6368","longitude":"-9.6967"},"timezone":{"offset":"-8:00","description":"Pacific Time (US &amp; Canada)"}},"email":"tarjei.glad@example.com","login":{"uuid":"d325ac6a-6d57-49ad-9562-2d072eb0a049","username":"greendog237","password":"edison","salt":"A1uDLOY1","md5":"ce7ef08a78c104e51e6c91bac7a47cda","sha1":"818ec9265021dfce81d1a485a48de88e1719b3a4","sha256":"5c9a5a2396a805096acb0ed73710a46abe1f73321ab5e1b4b8b1af6af3b2bd4c"},"dob":{"date":"1994-04-10T01:03:44.748Z","age":29},"registered":{"date":"2002-08-26T18:45:11.661Z","age":21},"phone":"29706026","cell":"47389828","id":{"name":"FN","value":"10049412113"},"picture":{"large":"https://randomuser.me/api/portraits/men/45.jpg","medium":"https://randomuser.me/api/portraits/med/men/45.jpg","thumbnail":"https://randomuser.me/api/portraits/thumb/men/45.jpg"},"nat":"NO"}],"info":{"seed":"3fdf79cc78303d0e","results":1,"page":1,"version":"1.4"}} 
 </msg>
<msg time="2024-04-08T05:14:30.069978" level="INFO">/opt/hostedtoolcache/Python/3.12.2/x64/lib/python3.12/site-packages/urllib3/connectionpool.py:1103: InsecureRequestWarning: Unverified HTTPS request is being made to host 'randomuser.me'. Adding certificate verification is strongly advised. See: https://urllib3.readthedocs.io/en/latest/advanced-usage.html#tls-warnings
  warnings.warn(</msg>
<msg time="2024-04-08T05:14:30.070103" level="INFO">${response} = &lt;Response [200]&gt;</msg>
<var>${response}</var>
<arg>consultarAPI</arg>
<arg>/api</arg>
<doc>Sends a GET request on a previously created HTTP Session.</doc>
<status status="PASS" start="2024-04-08T05:14:29.973383" elapsed="0.096772"/>
</kw>
<kw name="Set Variable" owner="BuiltIn">
<msg time="2024-04-08T05:14:30.071354" level="INFO">${json_data} = {'results': [{'gender': 'male', 'name': {'title': 'Mr', 'first': 'Tarjei', 'last': 'Glad'}, 'location': {'street': {'number': 3461, 'name': 'Ragnfrids vei'}, 'city': 'Stokke', 'state': 'Møre og Romsda...</msg>
<var>${json_data}</var>
<arg>${response.json()}</arg>
<doc>Returns the given values which can then be assigned to a variables.</doc>
<status status="PASS" start="2024-04-08T05:14:30.070726" elapsed="0.000659"/>
</kw>
<kw name="Log" owner="BuiltIn">
<msg time="2024-04-08T05:14:30.071863" level="INFO">{'results': [{'gender': 'male', 'name': {'title': 'Mr', 'first': 'Tarjei', 'last': 'Glad'}, 'location': {'street': {'number': 3461, 'name': 'Ragnfrids vei'}, 'city': 'Stokke', 'state': 'Møre og Romsdal', 'country': 'Norway', 'postcode': '6968', 'coordinates': {'latitude': '38.6368', 'longitude': '-9.6967'}, 'timezone': {'offset': '-8:00', 'description': 'Pacific Time (US &amp; Canada)'}}, 'email': 'tarjei.glad@example.com', 'login': {'uuid': 'd325ac6a-6d57-49ad-9562-2d072eb0a049', 'username': 'greendog237', 'password': 'edison', 'salt': 'A1uDLOY1', 'md5': 'ce7ef08a78c104e51e6c91bac7a47cda', 'sha1': '818ec9265021dfce81d1a485a48de88e1719b3a4', 'sha256': '5c9a5a2396a805096acb0ed73710a46abe1f73321ab5e1b4b8b1af6af3b2bd4c'}, 'dob': {'date': '1994-04-10T01:03:44.748Z', 'age': 29}, 'registered': {'date': '2002-08-26T18:45:11.661Z', 'age': 21}, 'phone': '29706026', 'cell': '47389828', 'id': {'name': 'FN', 'value': '10049412113'}, 'picture': {'large': 'https://randomuser.me/api/portraits/men/45.jpg', 'medium': 'https://randomuser.me/api/portraits/med/men/45.jpg', 'thumbnail': 'https://randomuser.me/api/portraits/thumb/men/45.jpg'}, 'nat': 'NO'}], 'info': {'seed': '3fdf79cc78303d0e', 'results': 1, 'page': 1, 'version': '1.4'}}</msg>
<arg>${json_data}</arg>
<doc>Logs the given message with the given level.</doc>
<status status="PASS" start="2024-04-08T05:14:30.071701" elapsed="0.000213"/>
</kw>
<kw name="Dictionary Should Contain Key" owner="Collections">
<msg time="2024-04-08T05:14:30.072375" level="INFO">False</msg>
<arg>${json_data}</arg>
<arg>results</arg>
<doc>Fails if ``key`` is not found from ``dictionary``.</doc>
<status status="PASS" start="2024-04-08T05:14:30.072218" elapsed="0.000196"/>
</kw>
<kw name="Should Not Be Empty" owner="BuiltIn">
<msg time="2024-04-08T05:14:30.072858" level="INFO">Length is 2.</msg>
<arg>${json_data}</arg>
<doc>Verifies that the given item is not empty.</doc>
<status status="PASS" start="2024-04-08T05:14:30.072723" elapsed="0.000174"/>
</kw>
<kw name="Create List" owner="BuiltIn">
<msg time="2024-04-08T05:14:30.073338" level="INFO">${expected_keys} = ['gender', 'name', 'location', 'email', 'login']</msg>
<var>${expected_keys}</var>
<arg>gender</arg>
<arg>name</arg>
<arg>location</arg>
<arg>email</arg>
<arg>login</arg>
<doc>Returns a list containing given items.</doc>
<status status="PASS" start="2024-04-08T05:14:30.073189" elapsed="0.000173"/>
</kw>
<for flavor="IN">
<iter>
<kw name="Dictionary Should Contain Key" owner="Collections">
<msg time="2024-04-08T05:14:30.074364" level="INFO">False</msg>
<arg>${json_data['results'][0]}</arg>
<arg>${key}</arg>
<doc>Fails if ``key`` is not found from ``dictionary``.</doc>
<status status="PASS" start="2024-04-08T05:14:30.073958" elapsed="0.000447"/>
</kw>
<kw name="Log" owner="BuiltIn">
<msg time="2024-04-08T05:14:30.075134" level="INFO">{'gender': 'male', 'name': {'title': 'Mr', 'first': 'Tarjei', 'last': 'Glad'}, 'location': {'street': {'number': 3461, 'name': 'Ragnfrids vei'}, 'city': 'Stokke', 'state': 'Møre og Romsdal', 'country': 'Norway', 'postcode': '6968', 'coordinates': {'latitude': '38.6368', 'longitude': '-9.6967'}, 'timezone': {'offset': '-8:00', 'description': 'Pacific Time (US &amp; Canada)'}}, 'email': 'tarjei.glad@example.com', 'login': {'uuid': 'd325ac6a-6d57-49ad-9562-2d072eb0a049', 'username': 'greendog237', 'password': 'edison', 'salt': 'A1uDLOY1', 'md5': 'ce7ef08a78c104e51e6c91bac7a47cda', 'sha1': '818ec9265021dfce81d1a485a48de88e1719b3a4', 'sha256': '5c9a5a2396a805096acb0ed73710a46abe1f73321ab5e1b4b8b1af6af3b2bd4c'}, 'dob': {'date': '1994-04-10T01:03:44.748Z', 'age': 29}, 'registered': {'date': '2002-08-26T18:45:11.661Z', 'age': 21}, 'phone': '29706026', 'cell': '47389828', 'id': {'name': 'FN', 'value': '10049412113'}, 'picture': {'large': 'https://randomuser.me/api/portraits/men/45.jpg', 'medium': 'https://randomuser.me/api/portraits/med/men/45.jpg', 'thumbnail': 'https://randomuser.me/api/portraits/thumb/men/45.jpg'}, 'nat': 'NO'}</msg>
<arg>${json_data['results'][0]}</arg>
<doc>Logs the given message with the given level.</doc>
<status status="PASS" start="2024-04-08T05:14:30.074757" elapsed="0.000434"/>
</kw>
<kw name="Log" owner="BuiltIn">
<msg time="2024-04-08T05:14:30.075635" level="INFO">gender</msg>
<arg>${key}</arg>
<doc>Logs the given message with the given level.</doc>
<status status="PASS" start="2024-04-08T05:14:30.075504" elapsed="0.000170"/>
</kw>
<var name="${key}">gender</var>
<status status="PASS" start="2024-04-08T05:14:30.073833" elapsed="0.002067"/>
</iter>
<iter>
<kw name="Dictionary Should Contain Key" owner="Collections">
<msg time="2024-04-08T05:14:30.076606" level="INFO">False</msg>
<arg>${json_data['results'][0]}</arg>
<arg>${key}</arg>
<doc>Fails if ``key`` is not found from ``dictionary``.</doc>
<status status="PASS" start="2024-04-08T05:14:30.076210" elapsed="0.000435"/>
</kw>
<kw name="Log" owner="BuiltIn">
<msg time="2024-04-08T05:14:30.077337" level="INFO">{'gender': 'male', 'name': {'title': 'Mr', 'first': 'Tarjei', 'last': 'Glad'}, 'location': {'street': {'number': 3461, 'name': 'Ragnfrids vei'}, 'city': 'Stokke', 'state': 'Møre og Romsdal', 'country': 'Norway', 'postcode': '6968', 'coordinates': {'latitude': '38.6368', 'longitude': '-9.6967'}, 'timezone': {'offset': '-8:00', 'description': 'Pacific Time (US &amp; Canada)'}}, 'email': 'tarjei.glad@example.com', 'login': {'uuid': 'd325ac6a-6d57-49ad-9562-2d072eb0a049', 'username': 'greendog237', 'password': 'edison', 'salt': 'A1uDLOY1', 'md5': 'ce7ef08a78c104e51e6c91bac7a47cda', 'sha1': '818ec9265021dfce81d1a485a48de88e1719b3a4', 'sha256': '5c9a5a2396a805096acb0ed73710a46abe1f73321ab5e1b4b8b1af6af3b2bd4c'}, 'dob': {'date': '1994-04-10T01:03:44.748Z', 'age': 29}, 'registered': {'date': '2002-08-26T18:45:11.661Z', 'age': 21}, 'phone': '29706026', 'cell': '47389828', 'id': {'name': 'FN', 'value': '10049412113'}, 'picture': {'large': 'https://randomuser.me/api/portraits/men/45.jpg', 'medium': 'https://randomuser.me/api/portraits/med/men/45.jpg', 'thumbnail': 'https://randomuser.me/api/portraits/thumb/men/45.jpg'}, 'nat': 'NO'}</msg>
<arg>${json_data['results'][0]}</arg>
<doc>Logs the given message with the given level.</doc>
<status status="PASS" start="2024-04-08T05:14:30.076973" elapsed="0.000415"/>
</kw>
<kw name="Log" owner="BuiltIn">
<msg time="2024-04-08T05:14:30.077821" level="INFO">name</msg>
<arg>${key}</arg>
<doc>Logs the given message with the given level.</doc>
<status status="PASS" start="2024-04-08T05:14:30.077691" elapsed="0.000169"/>
</kw>
<var name="${key}">name</var>
<status status="PASS" start="2024-04-08T05:14:30.076093" elapsed="0.001984"/>
</iter>
<iter>
<kw name="Dictionary Should Contain Key" owner="Collections">
<msg time="2024-04-08T05:14:30.078797" level="INFO">False</msg>
<arg>${json_data['results'][0]}</arg>
<arg>${key}</arg>
<doc>Fails if ``key`` is not found from ``dictionary``.</doc>
<status status="PASS" start="2024-04-08T05:14:30.078374" elapsed="0.000462"/>
</kw>
<kw name="Log" owner="BuiltIn">
<msg time="2024-04-08T05:14:30.079642" level="INFO">{'gender': 'male', 'name': {'title': 'Mr', 'first': 'Tarjei', 'last': 'Glad'}, 'location': {'street': {'number': 3461, 'name': 'Ragnfrids vei'}, 'city': 'Stokke', 'state': 'Møre og Romsdal', 'country': 'Norway', 'postcode': '6968', 'coordinates': {'latitude': '38.6368', 'longitude': '-9.6967'}, 'timezone': {'offset': '-8:00', 'description': 'Pacific Time (US &amp; Canada)'}}, 'email': 'tarjei.glad@example.com', 'login': {'uuid': 'd325ac6a-6d57-49ad-9562-2d072eb0a049', 'username': 'greendog237', 'password': 'edison', 'salt': 'A1uDLOY1', 'md5': 'ce7ef08a78c104e51e6c91bac7a47cda', 'sha1': '818ec9265021dfce81d1a485a48de88e1719b3a4', 'sha256': '5c9a5a2396a805096acb0ed73710a46abe1f73321ab5e1b4b8b1af6af3b2bd4c'}, 'dob': {'date': '1994-04-10T01:03:44.748Z', 'age': 29}, 'registered': {'date': '2002-08-26T18:45:11.661Z', 'age': 21}, 'phone': '29706026', 'cell': '47389828', 'id': {'name': 'FN', 'value': '10049412113'}, 'picture': {'large': 'https://randomuser.me/api/portraits/men/45.jpg', 'medium': 'https://randomuser.me/api/portraits/med/men/45.jpg', 'thumbnail': 'https://randomuser.me/api/portraits/thumb/men/45.jpg'}, 'nat': 'NO'}</msg>
<arg>${json_data['results'][0]}</arg>
<doc>Logs the given message with the given level.</doc>
<status status="PASS" start="2024-04-08T05:14:30.079145" elapsed="0.000582"/>
</kw>
<kw name="Log" owner="BuiltIn">
<msg time="2024-04-08T05:14:30.080245" level="INFO">location</msg>
<arg>${key}</arg>
<doc>Logs the given message with the given level.</doc>
<status status="PASS" start="2024-04-08T05:14:30.080099" elapsed="0.000196"/>
</kw>
<var name="${key}">location</var>
<status status="PASS" start="2024-04-08T05:14:30.078261" elapsed="0.002259"/>
</iter>
<iter>
<kw name="Dictionary Should Contain Key" owner="Collections">
<msg time="2024-04-08T05:14:30.081196" level="INFO">False</msg>
<arg>${json_data['results'][0]}</arg>
<arg>${key}</arg>
<doc>Fails if ``key`` is not found from ``dictionary``.</doc>
<status status="PASS" start="2024-04-08T05:14:30.080809" elapsed="0.000426"/>
</kw>
<kw name="Log" owner="BuiltIn">
<msg time="2024-04-08T05:14:30.081899" level="INFO">{'gender': 'male', 'name': {'title': 'Mr', 'first': 'Tarjei', 'last': 'Glad'}, 'location': {'street': {'number': 3461, 'name': 'Ragnfrids vei'}, 'city': 'Stokke', 'state': 'Møre og Romsdal', 'country': 'Norway', 'postcode': '6968', 'coordinates': {'latitude': '38.6368', 'longitude': '-9.6967'}, 'timezone': {'offset': '-8:00', 'description': 'Pacific Time (US &amp; Canada)'}}, 'email': 'tarjei.glad@example.com', 'login': {'uuid': 'd325ac6a-6d57-49ad-9562-2d072eb0a049', 'username': 'greendog237', 'password': 'edison', 'salt': 'A1uDLOY1', 'md5': 'ce7ef08a78c104e51e6c91bac7a47cda', 'sha1': '818ec9265021dfce81d1a485a48de88e1719b3a4', 'sha256': '5c9a5a2396a805096acb0ed73710a46abe1f73321ab5e1b4b8b1af6af3b2bd4c'}, 'dob': {'date': '1994-04-10T01:03:44.748Z', 'age': 29}, 'registered': {'date': '2002-08-26T18:45:11.661Z', 'age': 21}, 'phone': '29706026', 'cell': '47389828', 'id': {'name': 'FN', 'value': '10049412113'}, 'picture': {'large': 'https://randomuser.me/api/portraits/men/45.jpg', 'medium': 'https://randomuser.me/api/portraits/med/men/45.jpg', 'thumbnail': 'https://randomuser.me/api/portraits/thumb/men/45.jpg'}, 'nat': 'NO'}</msg>
<arg>${json_data['results'][0]}</arg>
<doc>Logs the given message with the given level.</doc>
<status status="PASS" start="2024-04-08T05:14:30.081535" elapsed="0.000415"/>
</kw>
<kw name="Log" owner="BuiltIn">
<msg time="2024-04-08T05:14:30.082384" level="INFO">email</msg>
<arg>${key}</arg>
<doc>Logs the given message with the given level.</doc>
<status status="PASS" start="2024-04-08T05:14:30.082254" elapsed="0.000170"/>
</kw>
<var name="${key}">email</var>
<status status="PASS" start="2024-04-08T05:14:30.080698" elapsed="0.001987"/>
</iter>
<iter>
<kw name="Dictionary Should Contain Key" owner="Collections">
<msg time="2024-04-08T05:14:30.083364" level="INFO">False</msg>
<arg>${json_data['results'][0]}</arg>
<arg>${key}</arg>
<doc>Fails if ``key`` is not found from ``dictionary``.</doc>
<status status="PASS" start="2024-04-08T05:14:30.082980" elapsed="0.000423"/>
</kw>
<kw name="Log" owner="BuiltIn">
<msg time="2024-04-08T05:14:30.084071" level="INFO">{'gender': 'male', 'name': {'title': 'Mr', 'first': 'Tarjei', 'last': 'Glad'}, 'location': {'street': {'number': 3461, 'name': 'Ragnfrids vei'}, 'city': 'Stokke', 'state': 'Møre og Romsdal', 'country': 'Norway', 'postcode': '6968', 'coordinates': {'latitude': '38.6368', 'longitude': '-9.6967'}, 'timezone': {'offset': '-8:00', 'description': 'Pacific Time (US &amp; Canada)'}}, 'email': 'tarjei.glad@example.com', 'login': {'uuid': 'd325ac6a-6d57-49ad-9562-2d072eb0a049', 'username': 'greendog237', 'password': 'edison', 'salt': 'A1uDLOY1', 'md5': 'ce7ef08a78c104e51e6c91bac7a47cda', 'sha1': '818ec9265021dfce81d1a485a48de88e1719b3a4', 'sha256': '5c9a5a2396a805096acb0ed73710a46abe1f73321ab5e1b4b8b1af6af3b2bd4c'}, 'dob': {'date': '1994-04-10T01:03:44.748Z', 'age': 29}, 'registered': {'date': '2002-08-26T18:45:11.661Z', 'age': 21}, 'phone': '29706026', 'cell': '47389828', 'id': {'name': 'FN', 'value': '10049412113'}, 'picture': {'large': 'https://randomuser.me/api/portraits/men/45.jpg', 'medium': 'https://randomuser.me/api/portraits/med/men/45.jpg', 'thumbnail': 'https://randomuser.me/api/portraits/thumb/men/45.jpg'}, 'nat': 'NO'}</msg>
<arg>${json_data['results'][0]}</arg>
<doc>Logs the given message with the given level.</doc>
<status status="PASS" start="2024-04-08T05:14:30.083699" elapsed="0.000422"/>
</kw>
<kw name="Log" owner="BuiltIn">
<msg time="2024-04-08T05:14:30.084545" level="INFO">login</msg>
<arg>${key}</arg>
<doc>Logs the given message with the given level.</doc>
<status status="PASS" start="2024-04-08T05:14:30.084417" elapsed="0.000171"/>
</kw>
<var name="${key}">login</var>
<status status="PASS" start="2024-04-08T05:14:30.082866" elapsed="0.001943"/>
</iter>
<var>${key}</var>
<value>@{expected_keys}</value>
<status status="PASS" start="2024-04-08T05:14:30.073625" elapsed="0.011331"/>
</for>
<kw name="Create List" owner="BuiltIn">
<msg time="2024-04-08T05:14:30.085297" level="INFO">${expected_keysTwo} = ['username', 'password']</msg>
<var>${expected_keysTwo}</var>
<arg>username</arg>
<arg>password</arg>
<doc>Returns a list containing given items.</doc>
<status status="PASS" start="2024-04-08T05:14:30.085159" elapsed="0.000163"/>
</kw>
<for flavor="IN">
<iter>
<kw name="Dictionary Should Contain Key" owner="Collections">
<msg time="2024-04-08T05:14:30.086334" level="INFO">False</msg>
<arg>${json_data['results'][0]['login']}</arg>
<arg>${keyTwo}</arg>
<doc>Fails if ``key`` is not found from ``dictionary``.</doc>
<status status="PASS" start="2024-04-08T05:14:30.085953" elapsed="0.000420"/>
</kw>
<kw name="Dictionary Should Contain Key" owner="Collections">
<msg time="2024-04-08T05:14:30.087099" level="INFO">False</msg>
<arg>${json_data['results'][0]['login']}</arg>
<arg>${keyTwo}</arg>
<doc>Fails if ``key`` is not found from ``dictionary``.</doc>
<status status="PASS" start="2024-04-08T05:14:30.086705" elapsed="0.000432"/>
</kw>
<kw name="Log" owner="BuiltIn">
<msg time="2024-04-08T05:14:30.087595" level="INFO">username</msg>
<arg>${keyTwo}</arg>
<doc>Logs the given message with the given level.</doc>
<status status="PASS" start="2024-04-08T05:14:30.087433" elapsed="0.000217"/>
</kw>
<var name="${keyTwo}">username</var>
<status status="PASS" start="2024-04-08T05:14:30.085836" elapsed="0.002075"/>
</iter>
<iter>
<kw name="Dictionary Should Contain Key" owner="Collections">
<msg time="2024-04-08T05:14:30.088611" level="INFO">False</msg>
<arg>${json_data['results'][0]['login']}</arg>
<arg>${keyTwo}</arg>
<doc>Fails if ``key`` is not found from ``dictionary``.</doc>
<status status="PASS" start="2024-04-08T05:14:30.088221" elapsed="0.000430"/>
</kw>
<kw name="Dictionary Should Contain Key" owner="Collections">
<msg time="2024-04-08T05:14:30.089337" level="INFO">False</msg>
<arg>${json_data['results'][0]['login']}</arg>
<arg>${keyTwo}</arg>
<doc>Fails if ``key`` is not found from ``dictionary``.</doc>
<status status="PASS" start="2024-04-08T05:14:30.088947" elapsed="0.000426"/>
</kw>
<kw name="Log" owner="BuiltIn">
<msg time="2024-04-08T05:14:30.089794" level="INFO">password</msg>
<arg>${keyTwo}</arg>
<doc>Logs the given message with the given level.</doc>
<status status="PASS" start="2024-04-08T05:14:30.089667" elapsed="0.000165"/>
</kw>
<var name="${keyTwo}">password</var>
<status status="PASS" start="2024-04-08T05:14:30.088106" elapsed="0.001941"/>
</iter>
<var>${keyTwo}</var>
<value>@{expected_keysTwo}</value>
<status status="PASS" start="2024-04-08T05:14:30.085579" elapsed="0.004591"/>
</for>
<status status="PASS" start="2024-04-08T05:14:29.973148" elapsed="0.117163"/>
</kw>
<doc>Testa a estrutura da resposta da API.</doc>
<tag>testeEstruturaResposta</tag>
<status status="PASS" start="2024-04-08T05:14:29.972397" elapsed="0.118071"/>
</test>
<test id="s1-s1-t4" name="Validar tipos de dados" line="28">
<kw name="Teste de Tipos de Dados" owner="random-user-service">
<kw name="GET On Session" owner="RequestsLibrary">
<msg time="2024-04-08T05:14:30.177869" level="INFO">GET Request : url=https://randomuser.me/api 
 path_url=/api 
 headers={'User-Agent': 'python-requests/2.31.0', 'Accept-Encoding': 'gzip, deflate', 'Accept': '*/*', 'Connection': 'keep-alive'} 
 body=None 
 </msg>
<msg time="2024-04-08T05:14:30.177981" level="INFO">GET Response : url=https://randomuser.me/api 
 status=200, reason=OK 
 headers={'Date': 'Mon, 08 Apr 2024 05:14:30 GMT', 'Content-Type': 'application/json; charset=utf-8', 'Transfer-Encoding': 'chunked', 'Connection': 'keep-alive', 'X-Powered-By': 'Express', 'Access-Control-Allow-Origin': '*', 'Cache-Control': 'no-cache', 'ETag': 'W/"4ac-IB53nrZFT/CCVpyreaqBUihN8zQ"', 'Vary': 'Accept-Encoding', 'Content-Encoding': 'gzip', 'CF-Cache-Status': 'DYNAMIC', 'Report-To': '{"endpoints":[{"url":"https:\\/\\/a.nel.cloudflare.com\\/report\\/v4?s=1uh92%2BOE9q4xILv16ZokFY4hU1aO22Ju2RdbDJj%2FCACq9IYKOhirj2%2FIHgAigGQAbAWfcvmPxP3rFnmMUBQDE3Lu0ue7bt8cI9mLEdOZWc9otUiRqkmjbWc4su1FZ41T"}],"group":"cf-nel","max_age":604800}', 'NEL': '{"success_fraction":0,"report_to":"cf-nel","max_age":604800}', 'Server': 'cloudflare', 'CF-RAY': '870fc6321f7815e3-SJC', 'alt-svc': 'h3=":443"; ma=86400'} 
 body={"results":[{"gender":"female","name":{"title":"Madame","first":"Rita","last":"Da Silva"},"location":{"street":{"number":9478,"name":"Rue de la Fontaine"},"city":"Recherswil","state":"Thurgau","country":"Switzerland","postcode":7003,"coordinates":{"latitude":"-63.7351","longitude":"49.5156"},"timezone":{"offset":"+5:00","description":"Ekaterinburg, Islamabad, Karachi, Tashkent"}},"email":"rita.dasilva@example.com","login":{"uuid":"d28bfabc-7ba7-4903-a303-52d13ead2ad8","username":"bluegoose255","password":"11111","salt":"TOCKdoym","md5":"5a92c42178246e5946f8a642ba1ecc2a","sha1":"725fcdfbc94f7deba0b2c714d9f1e8942ba0d94a","sha256":"3c9a87c4fb134c022ca60de04150af68f055632a6aa0d93f8dde6703b447138d"},"dob":{"date":"1992-11-04T14:19:43.836Z","age":31},"registered":{"date":"2004-04-23T03:16:37.658Z","age":19},"phone":"079 168 54 66","cell":"077 648 85 21","id":{"name":"AVS","value":"756.7499.4932.22"},"picture":{"large":"https://randomuser.me/api/portraits/women/23.jpg","medium":"https://randomuser.me/api/portraits/med/women/23.jpg","thumbnail":"https://randomuser.me/api/portraits/thumb/women/23.jpg"},"nat":"CH"}],"info":{"seed":"98e39f21265ccc2e","results":1,"page":1,"version":"1.4"}} 
 </msg>
<msg time="2024-04-08T05:14:30.178065" level="INFO">/opt/hostedtoolcache/Python/3.12.2/x64/lib/python3.12/site-packages/urllib3/connectionpool.py:1103: InsecureRequestWarning: Unverified HTTPS request is being made to host 'randomuser.me'. Adding certificate verification is strongly advised. See: https://urllib3.readthedocs.io/en/latest/advanced-usage.html#tls-warnings
  warnings.warn(</msg>
<msg time="2024-04-08T05:14:30.178219" level="INFO">${response} = &lt;Response [200]&gt;</msg>
<var>${response}</var>
<arg>consultarAPI</arg>
<arg>/api</arg>
<doc>Sends a GET request on a previously created HTTP Session.</doc>
<status status="PASS" start="2024-04-08T05:14:30.092938" elapsed="0.085329"/>
</kw>
<kw name="Set Variable" owner="BuiltIn">
<msg time="2024-04-08T05:14:30.179537" level="INFO">${json_data} = {'results': [{'gender': 'female', 'name': {'title': 'Madame', 'first': 'Rita', 'last': 'Da Silva'}, 'location': {'street': {'number': 9478, 'name': 'Rue de la Fontaine'}, 'city': 'Recherswil', 'state'...</msg>
<var>${json_data}</var>
<arg>${response.json()}</arg>
<doc>Returns the given values which can then be assigned to a variables.</doc>
<status status="PASS" start="2024-04-08T05:14:30.178982" elapsed="0.000583"/>
</kw>
<kw name="Log" owner="BuiltIn">
<msg time="2024-04-08T05:14:30.180049" level="INFO">{'results': [{'gender': 'female', 'name': {'title': 'Madame', 'first': 'Rita', 'last': 'Da Silva'}, 'location': {'street': {'number': 9478, 'name': 'Rue de la Fontaine'}, 'city': 'Recherswil', 'state': 'Thurgau', 'country': 'Switzerland', 'postcode': 7003, 'coordinates': {'latitude': '-63.7351', 'longitude': '49.5156'}, 'timezone': {'offset': '+5:00', 'description': 'Ekaterinburg, Islamabad, Karachi, Tashkent'}}, 'email': 'rita.dasilva@example.com', 'login': {'uuid': 'd28bfabc-7ba7-4903-a303-52d13ead2ad8', 'username': 'bluegoose255', 'password': '11111', 'salt': 'TOCKdoym', 'md5': '5a92c42178246e5946f8a642ba1ecc2a', 'sha1': '725fcdfbc94f7deba0b2c714d9f1e8942ba0d94a', 'sha256': '3c9a87c4fb134c022ca60de04150af68f055632a6aa0d93f8dde6703b447138d'}, 'dob': {'date': '1992-11-04T14:19:43.836Z', 'age': 31}, 'registered': {'date': '2004-04-23T03:16:37.658Z', 'age': 19}, 'phone': '079 168 54 66', 'cell': '077 648 85 21', 'id': {'name': 'AVS', 'value': '756.7499.4932.22'}, 'picture': {'large': 'https://randomuser.me/api/portraits/women/23.jpg', 'medium': 'https://randomuser.me/api/portraits/med/women/23.jpg', 'thumbnail': 'https://randomuser.me/api/portraits/thumb/women/23.jpg'}, 'nat': 'CH'}], 'info': {'seed': '98e39f21265ccc2e', 'results': 1, 'page': 1, 'version': '1.4'}}</msg>
<arg>${json_data}</arg>
<doc>Logs the given message with the given level.</doc>
<status status="PASS" start="2024-04-08T05:14:30.179889" elapsed="0.000255"/>
</kw>
<kw name="Should Be String" owner="String">
<arg>${json_data['results'][0]['gender']}</arg>
<doc>Fails if the given ``item`` is not a string.</doc>
<status status="PASS" start="2024-04-08T05:14:30.180452" elapsed="0.000367"/>
</kw>
<kw name="Should Match Regexp" owner="BuiltIn">
<arg>${json_data['results'][0]['email']}</arg>
<arg>^[a-zA-Z0-9._%+-]+@[a-zA-Z0-9.-]+\.[a-zA-Z]{2,}$</arg>
<doc>Fails if ``string`` does not match ``pattern`` as a regular expression.</doc>
<status status="PASS" start="2024-04-08T05:14:30.181012" elapsed="0.000523"/>
</kw>
<kw name="Should Match Regexp" owner="BuiltIn">
<arg>${json_data['results'][0]['dob']['date']}</arg>
<arg>\\d{4}-\\d{2}-\\d{2}T\\d{2}:\\d{2}:\\d{2}\\.\\d{3}Z</arg>
<doc>Fails if ``string`` does not match ``pattern`` as a regular expression.</doc>
<status status="PASS" start="2024-04-08T05:14:30.181733" elapsed="0.000493"/>
</kw>
<kw name="Should Match Regexp" owner="BuiltIn">
<arg>${json_data['results'][0]['registered']['date']}</arg>
<arg>\\d{4}-\\d{2}-\\d{2}T\\d{2}:\\d{2}:\\d{2}\\.\\d{3}Z</arg>
<doc>Fails if ``string`` does not match ``pattern`` as a regular expression.</doc>
<status status="PASS" start="2024-04-08T05:14:30.182428" elapsed="0.000433"/>
</kw>
<kw name="Should Match Regexp" owner="BuiltIn">
<arg>${json_data['results'][0]['picture']['large']}</arg>
<arg>^https?://.*\.(?:png|jpe?g|gif|bmp)$</arg>
<doc>Fails if ``string`` does not match ``pattern`` as a regular expression.</doc>
<status status="PASS" start="2024-04-08T05:14:30.183061" elapsed="0.000462"/>
</kw>
<kw name="Should Match Regexp" owner="BuiltIn">
<arg>${json_data['results'][0]['picture']['medium']}</arg>
<arg>^https?://.*\.(?:png|jpe?g|gif|bmp)$</arg>
<doc>Fails if ``string`` does not match ``pattern`` as a regular expression.</doc>
<status status="PASS" start="2024-04-08T05:14:30.183714" elapsed="0.000361"/>
</kw>
<kw name="Should Match Regexp" owner="BuiltIn">
<arg>${json_data['results'][0]['picture']['thumbnail']}</arg>
<arg>^https?://.*\.(?:png|jpe?g|gif|bmp)$</arg>
<doc>Fails if ``string`` does not match ``pattern`` as a regular expression.</doc>
<status status="PASS" start="2024-04-08T05:14:30.184263" elapsed="0.000356"/>
</kw>
<kw name="Log" owner="BuiltIn">
<msg time="2024-04-08T05:14:30.185121" level="INFO">{'large': 'https://randomuser.me/api/portraits/women/23.jpg', 'medium': 'https://randomuser.me/api/portraits/med/women/23.jpg', 'thumbnail': 'https://randomuser.me/api/portraits/thumb/women/23.jpg'}</msg>
<arg>${json_data['results'][0]['picture']}</arg>
<doc>Logs the given message with the given level.</doc>
<status status="PASS" start="2024-04-08T05:14:30.184799" elapsed="0.000365"/>
</kw>
<status status="PASS" start="2024-04-08T05:14:30.092699" elapsed="0.092725"/>
</kw>
<kw name="Teste de Tipos de Dados - Postcode" owner="random-user-service">
<kw name="GET On Session" owner="RequestsLibrary">
<msg time="2024-04-08T05:14:30.279274" level="INFO">GET Request : url=https://randomuser.me/api 
 path_url=/api 
 headers={'User-Agent': 'python-requests/2.31.0', 'Accept-Encoding': 'gzip, deflate', 'Accept': '*/*', 'Connection': 'keep-alive'} 
 body=None 
 </msg>
<msg time="2024-04-08T05:14:30.279367" level="INFO">GET Response : url=https://randomuser.me/api 
 status=200, reason=OK 
 headers={'Date': 'Mon, 08 Apr 2024 05:14:30 GMT', 'Content-Type': 'application/json; charset=utf-8', 'Transfer-Encoding': 'chunked', 'Connection': 'keep-alive', 'X-Powered-By': 'Express', 'Access-Control-Allow-Origin': '*', 'Cache-Control': 'no-cache', 'ETag': 'W/"49d-ZXfoHiWvNzghZUkieP1hMPaL2ro"', 'Vary': 'Accept-Encoding', 'Content-Encoding': 'gzip', 'CF-Cache-Status': 'DYNAMIC', 'Report-To': '{"endpoints":[{"url":"https:\\/\\/a.nel.cloudflare.com\\/report\\/v4?s=tvgIdCbss8YHf4uwYncb2YtbvvB5GboqFJryxVO4wMAZfGp0ZMzc0i48n3XbXwHPcZm90HQeVh64Co%2BRV0zV9uuZSkhigy9r1xSsnqlzqLmZ5SD9i8S1ZPk%2BH3C77rbu"}],"group":"cf-nel","max_age":604800}', 'NEL': '{"success_fraction":0,"report_to":"cf-nel","max_age":604800}', 'Server': 'cloudflare', 'CF-RAY': '870fc632a80415e3-SJC', 'alt-svc': 'h3=":443"; ma=86400'} 
 body={"results":[{"gender":"female","name":{"title":"Ms","first":"Xenia","last":"Willer"},"location":{"street":{"number":7915,"name":"Am Sportplatz"},"city":"Baruth/Mark","state":"Sachsen-Anhalt","country":"Germany","postcode":46093,"coordinates":{"latitude":"-54.6321","longitude":"53.4825"},"timezone":{"offset":"-3:00","description":"Brazil, Buenos Aires, Georgetown"}},"email":"xenia.willer@example.com","login":{"uuid":"ffc5c01d-6fac-4597-88a4-f5246035e488","username":"brownzebra407","password":"padres","salt":"7MVwLDdF","md5":"a0ca804845d856f26a00585e0be79d55","sha1":"a61f3d3d8007a7fd8470306222754a0639c21c41","sha256":"7a4dec6e38959ae5a9af47d54ab09a45fc51d5117ec91bf6874028183fd42910"},"dob":{"date":"1954-12-13T15:50:52.403Z","age":69},"registered":{"date":"2008-04-03T14:49:40.936Z","age":16},"phone":"0023-8255988","cell":"0179-6088523","id":{"name":"SVNR","value":"11 131254 W 654"},"picture":{"large":"https://randomuser.me/api/portraits/women/36.jpg","medium":"https://randomuser.me/api/portraits/med/women/36.jpg","thumbnail":"https://randomuser.me/api/portraits/thumb/women/36.jpg"},"nat":"DE"}],"info":{"seed":"cb3dad77c8fd79f3","results":1,"page":1,"version":"1.4"}} 
 </msg>
<msg time="2024-04-08T05:14:30.279461" level="INFO">/opt/hostedtoolcache/Python/3.12.2/x64/lib/python3.12/site-packages/urllib3/connectionpool.py:1103: InsecureRequestWarning: Unverified HTTPS request is being made to host 'randomuser.me'. Adding certificate verification is strongly advised. See: https://urllib3.readthedocs.io/en/latest/advanced-usage.html#tls-warnings
  warnings.warn(</msg>
<msg time="2024-04-08T05:14:30.279588" level="INFO">${response} = &lt;Response [200]&gt;</msg>
<var>${response}</var>
<arg>consultarAPI</arg>
<arg>/api</arg>
<doc>Sends a GET request on a previously created HTTP Session.</doc>
<status status="PASS" start="2024-04-08T05:14:30.185910" elapsed="0.093725"/>
</kw>
<kw name="Set Variable" owner="BuiltIn">
<msg time="2024-04-08T05:14:30.280763" level="INFO">${json_data} = {'results': [{'gender': 'female', 'name': {'title': 'Ms', 'first': 'Xenia', 'last': 'Willer'}, 'location': {'street': {'number': 7915, 'name': 'Am Sportplatz'}, 'city': 'Baruth/Mark', 'state': 'Sachse...</msg>
<var>${json_data}</var>
<arg>${response.json()}</arg>
<doc>Returns the given values which can then be assigned to a variables.</doc>
<status status="PASS" start="2024-04-08T05:14:30.280175" elapsed="0.000616"/>
</kw>
<kw name="Log" owner="BuiltIn">
<msg time="2024-04-08T05:14:30.281256" level="INFO">{'results': [{'gender': 'female', 'name': {'title': 'Ms', 'first': 'Xenia', 'last': 'Willer'}, 'location': {'street': {'number': 7915, 'name': 'Am Sportplatz'}, 'city': 'Baruth/Mark', 'state': 'Sachsen-Anhalt', 'country': 'Germany', 'postcode': 46093, 'coordinates': {'latitude': '-54.6321', 'longitude': '53.4825'}, 'timezone': {'offset': '-3:00', 'description': 'Brazil, Buenos Aires, Georgetown'}}, 'email': 'xenia.willer@example.com', 'login': {'uuid': 'ffc5c01d-6fac-4597-88a4-f5246035e488', 'username': 'brownzebra407', 'password': 'padres', 'salt': '7MVwLDdF', 'md5': 'a0ca804845d856f26a00585e0be79d55', 'sha1': 'a61f3d3d8007a7fd8470306222754a0639c21c41', 'sha256': '7a4dec6e38959ae5a9af47d54ab09a45fc51d5117ec91bf6874028183fd42910'}, 'dob': {'date': '1954-12-13T15:50:52.403Z', 'age': 69}, 'registered': {'date': '2008-04-03T14:49:40.936Z', 'age': 16}, 'phone': '0023-8255988', 'cell': '0179-6088523', 'id': {'name': 'SVNR', 'value': '11 131254 W 654'}, 'picture': {'large': 'https://randomuser.me/api/portraits/women/36.jpg', 'medium': 'https://randomuser.me/api/portraits/med/women/36.jpg', 'thumbnail': 'https://randomuser.me/api/portraits/thumb/women/36.jpg'}, 'nat': 'DE'}], 'info': {'seed': 'cb3dad77c8fd79f3', 'results': 1, 'page': 1, 'version': '1.4'}}</msg>
<arg>${json_data}</arg>
<doc>Logs the given message with the given level.</doc>
<status status="PASS" start="2024-04-08T05:14:30.281103" elapsed="0.000232"/>
</kw>
<kw name="Should Be Equal As Numbers" owner="BuiltIn">
<arg>${json_data['results'][0]['location']['postcode']}</arg>
<arg>${json_data['results'][0]['location']['postcode']}</arg>
<doc>Fails if objects are unequal after converting them to real numbers.</doc>
<status status="PASS" start="2024-04-08T05:14:30.281642" elapsed="0.000639"/>
</kw>
<kw name="Log" owner="BuiltIn">
<msg time="2024-04-08T05:14:30.282863" level="INFO">46093</msg>
<arg>${json_data['results'][0]['location']['postcode']}</arg>
<doc>Logs the given message with the given level.</doc>
<status status="PASS" start="2024-04-08T05:14:30.282476" elapsed="0.000429"/>
</kw>
<status status="PASS" start="2024-04-08T05:14:30.185667" elapsed="0.097499"/>
</kw>
<doc>Testa se os tipos de dados na resposta da API estão corretos.</doc>
<tag>testeTiposDados</tag>
<status status="PASS" start="2024-04-08T05:14:30.092254" elapsed="0.191085"/>
</test>
<test id="s1-s1-t5" name="Validar conteudo" line="35">
<kw name="Teste de Tipos de Conteudo" owner="random-user-service">
<kw name="GET On Session" owner="RequestsLibrary">
<msg time="2024-04-08T05:14:30.381295" level="INFO">GET Request : url=https://randomuser.me/api 
 path_url=/api 
 headers={'User-Agent': 'python-requests/2.31.0', 'Accept-Encoding': 'gzip, deflate', 'Accept': '*/*', 'Connection': 'keep-alive'} 
 body=None 
 </msg>
<msg time="2024-04-08T05:14:30.381377" level="INFO">GET Response : url=https://randomuser.me/api 
 status=200, reason=OK 
 headers={'Date': 'Mon, 08 Apr 2024 05:14:30 GMT', 'Content-Type': 'application/json; charset=utf-8', 'Transfer-Encoding': 'chunked', 'Connection': 'keep-alive', 'X-Powered-By': 'Express', 'Access-Control-Allow-Origin': '*', 'Cache-Control': 'no-cache', 'ETag': 'W/"482-JFtgJQnRMim2eApuvFuIIj8IRXU"', 'Vary': 'Accept-Encoding', 'Content-Encoding': 'gzip', 'CF-Cache-Status': 'DYNAMIC', 'Report-To': '{"endpoints":[{"url":"https:\\/\\/a.nel.cloudflare.com\\/report\\/v4?s=1FwZP%2BhBaQBMsFizjYU%2BywVV8AC3T0iwAh%2BEkWiqWEM8tk4%2B1PTNyyR99%2BprmxtcP1FNFNWososg23JAYBDiuK0TOKCo%2F5zpRl9sn%2FUBA3LCpEt3N52faY35kee1dMjI"}],"group":"cf-nel","max_age":604800}', 'NEL': '{"success_fraction":0,"report_to":"cf-nel","max_age":604800}', 'Server': 'cloudflare', 'CF-RAY': '870fc63348a115e3-SJC', 'alt-svc': 'h3=":443"; ma=86400'} 
 body={"results":[{"gender":"male","name":{"title":"Mr","first":"Christoffer","last":"Andersen"},"location":{"street":{"number":1671,"name":"Jeppe Aakjærs Vej"},"city":"Øster Assels","state":"Hovedstaden","country":"Denmark","postcode":58061,"coordinates":{"latitude":"-42.7585","longitude":"-174.4516"},"timezone":{"offset":"+4:30","description":"Kabul"}},"email":"christoffer.andersen@example.com","login":{"uuid":"30a26f48-2848-4055-acb6-cfa7fc10da18","username":"sadgorilla778","password":"shadow","salt":"kGqGatvO","md5":"11a55ef3f8e83a1dfcb4be5babf872ca","sha1":"d9aa4b33035388ffe45e4646b1742c792b5eb2fc","sha256":"a7abd5f7aba728a249af94c23598ffb1d0dc55b11730ab863486a2f38ba46681"},"dob":{"date":"1999-02-20T02:53:57.354Z","age":25},"registered":{"date":"2015-05-19T19:33:48.707Z","age":8},"phone":"97108605","cell":"96686187","id":{"name":"CPR","value":"190299-4066"},"picture":{"large":"https://randomuser.me/api/portraits/men/47.jpg","medium":"https://randomuser.me/api/portraits/med/men/47.jpg","thumbnail":"https://randomuser.me/api/portraits/thumb/men/47.jpg"},"nat":"DK"}],"info":{"seed":"92f416e32bb19596","results":1,"page":1,"version":"1.4"}} 
 </msg>
<msg time="2024-04-08T05:14:30.381450" level="INFO">/opt/hostedtoolcache/Python/3.12.2/x64/lib/python3.12/site-packages/urllib3/connectionpool.py:1103: InsecureRequestWarning: Unverified HTTPS request is being made to host 'randomuser.me'. Adding certificate verification is strongly advised. See: https://urllib3.readthedocs.io/en/latest/advanced-usage.html#tls-warnings
  warnings.warn(</msg>
<msg time="2024-04-08T05:14:30.381577" level="INFO">${response} = &lt;Response [200]&gt;</msg>
<var>${response}</var>
<arg>consultarAPI</arg>
<arg>/api</arg>
<doc>Sends a GET request on a previously created HTTP Session.</doc>
<status status="PASS" start="2024-04-08T05:14:30.285872" elapsed="0.095752"/>
</kw>
<kw name="Set Variable" owner="BuiltIn">
<msg time="2024-04-08T05:14:30.382756" level="INFO">${json_data} = {'results': [{'gender': 'male', 'name': {'title': 'Mr', 'first': 'Christoffer', 'last': 'Andersen'}, 'location': {'street': {'number': 1671, 'name': 'Jeppe Aakjærs Vej'}, 'city': 'Øster Assels', 'stat...</msg>
<var>${json_data}</var>
<arg>${response.json()}</arg>
<doc>Returns the given values which can then be assigned to a variables.</doc>
<status status="PASS" start="2024-04-08T05:14:30.382132" elapsed="0.000654"/>
</kw>
<kw name="Set Variable" owner="BuiltIn">
<msg time="2024-04-08T05:14:30.383479" level="INFO">${name_title} = Mr</msg>
<var>${name_title}</var>
<arg>${json_data["results"][0]["name"]["title"]}</arg>
<doc>Returns the given values which can then be assigned to a variables.</doc>
<status status="PASS" start="2024-04-08T05:14:30.383098" elapsed="0.000407"/>
</kw>
<kw name="Create List" owner="BuiltIn">
<msg time="2024-04-08T05:14:30.383953" level="INFO">${allowed_titles} = ['Mr', 'Ms', 'Miss', 'Mrs', 'Madame', 'Monsieur']</msg>
<var>${allowed_titles}</var>
<arg>Mr</arg>
<arg>Ms</arg>
<arg>Miss</arg>
<arg>Mrs</arg>
<arg>Madame</arg>
<arg>Monsieur</arg>
<doc>Returns a list containing given items.</doc>
<status status="PASS" start="2024-04-08T05:14:30.383804" elapsed="0.000173"/>
</kw>
<kw name="List Should Contain Value" owner="Collections">
<msg time="2024-04-08T05:14:30.384451" level="INFO">False</msg>
<arg>${allowed_titles}</arg>
<arg>${name_title}</arg>
<doc>Fails if the ``value`` is not found from ``list``.</doc>
<status status="PASS" start="2024-04-08T05:14:30.384279" elapsed="0.000209"/>
</kw>
<kw name="Set Variable" owner="BuiltIn">
<msg time="2024-04-08T05:14:30.385156" level="INFO">${name_country} = DK</msg>
<var>${name_country}</var>
<arg>${json_data["results"][0]["nat"]}</arg>
<doc>Returns the given values which can then be assigned to a variables.</doc>
<status status="PASS" start="2024-04-08T05:14:30.384778" elapsed="0.000403"/>
</kw>
<kw name="Create List" owner="BuiltIn">
<msg time="2024-04-08T05:14:30.386088" level="INFO">${list_country} = ['AD', 'AE', 'AF', 'AG', 'AI', 'AL', 'AM', 'AO', 'AQ', 'AR', 'AS', 'AT', 'AU', 'AW', 'AX', 'AZ', 'BA', 'BB', 'BD', 'BE', 'BF', 'BG', 'BH', 'BI', 'BJ', 'BL', 'BM', 'BN', 'BO', 'BQ', 'BR', 'BS', 'BT', '...</msg>
<var>${list_country}</var>
<arg>AD</arg>
<arg>AE</arg>
<arg>AF</arg>
<arg>AG</arg>
<arg>AI</arg>
<arg>AL</arg>
<arg>AM</arg>
<arg>AO</arg>
<arg>AQ</arg>
<arg>AR</arg>
<arg>AS</arg>
<arg>AT</arg>
<arg>AU</arg>
<arg>AW</arg>
<arg>AX</arg>
<arg>AZ</arg>
<arg>BA</arg>
<arg>BB</arg>
<arg>BD</arg>
<arg>BE</arg>
<arg>BF</arg>
<arg>BG</arg>
<arg>BH</arg>
<arg>BI</arg>
<arg>BJ</arg>
<arg>BL</arg>
<arg>BM</arg>
<arg>BN</arg>
<arg>BO</arg>
<arg>BQ</arg>
<arg>BR</arg>
<arg>BS</arg>
<arg>BT</arg>
<arg>BV</arg>
<arg>BW</arg>
<arg>BY</arg>
<arg>BZ</arg>
<arg>CA</arg>
<arg>CC</arg>
<arg>CD</arg>
<arg>CF</arg>
<arg>CG</arg>
<arg>CH</arg>
<arg>CI</arg>
<arg>CK</arg>
<arg>CL</arg>
<arg>CM</arg>
<arg>CN</arg>
<arg>CO</arg>
<arg>CR</arg>
<arg>CU</arg>
<arg>CV</arg>
<arg>CW</arg>
<arg>CX</arg>
<arg>CY</arg>
<arg>CZ</arg>
<arg>DE</arg>
<arg>DJ</arg>
<arg>DK</arg>
<arg>DM</arg>
<arg>DO</arg>
<arg>DZ</arg>
<arg>EC</arg>
<arg>EE</arg>
<arg>EG</arg>
<arg>EH</arg>
<arg>ER</arg>
<arg>ES</arg>
<arg>ET</arg>
<arg>FI</arg>
<arg>FJ</arg>
<arg>FK</arg>
<arg>FM</arg>
<arg>FO</arg>
<arg>FR</arg>
<arg>GA</arg>
<arg>GB</arg>
<arg>GD</arg>
<arg>GE</arg>
<arg>GF</arg>
<arg>GG</arg>
<arg>GH</arg>
<arg>GI</arg>
<arg>GL</arg>
<arg>GM</arg>
<arg>GN</arg>
<arg>GP</arg>
<arg>GQ</arg>
<arg>GR</arg>
<arg>GS</arg>
<arg>GT</arg>
<arg>GU</arg>
<arg>GW</arg>
<arg>GY</arg>
<arg>HK</arg>
<arg>HM</arg>
<arg>HN</arg>
<arg>HR</arg>
<arg>HT</arg>
<arg>HU</arg>
<arg>ID</arg>
<arg>IE</arg>
<arg>IL</arg>
<arg>IM</arg>
<arg>IN</arg>
<arg>IO</arg>
<arg>IQ</arg>
<arg>IR</arg>
<arg>IS</arg>
<arg>IT</arg>
<arg>JE</arg>
<arg>JM</arg>
<arg>JO</arg>
<arg>JP</arg>
<arg>KE</arg>
<arg>KG</arg>
<arg>KH</arg>
<arg>KI</arg>
<arg>KM</arg>
<arg>KN</arg>
<arg>KP</arg>
<arg>KR</arg>
<arg>KW</arg>
<arg>KY</arg>
<arg>KZ</arg>
<arg>LA</arg>
<arg>LB</arg>
<arg>LC</arg>
<arg>LI</arg>
<arg>LK</arg>
<arg>LR</arg>
<arg>LS</arg>
<arg>LT</arg>
<arg>LU</arg>
<arg>LV</arg>
<arg>LY</arg>
<arg>MA</arg>
<arg>MC</arg>
<arg>MD</arg>
<arg>ME</arg>
<arg>MF</arg>
<arg>MG</arg>
<arg>MH</arg>
<arg>MK</arg>
<arg>ML</arg>
<arg>MM</arg>
<arg>MN</arg>
<arg>MO</arg>
<arg>MP</arg>
<arg>MQ</arg>
<arg>MR</arg>
<arg>MS</arg>
<arg>MT</arg>
<arg>MU</arg>
<arg>MV</arg>
<arg>MW</arg>
<arg>MX</arg>
<arg>MY</arg>
<arg>MZ</arg>
<arg>NA</arg>
<arg>NC</arg>
<arg>NE</arg>
<arg>NF</arg>
<arg>NG</arg>
<arg>NI</arg>
<arg>NL</arg>
<arg>NO</arg>
<arg>NP</arg>
<arg>NR</arg>
<arg>NU</arg>
<arg>NZ</arg>
<arg>OM</arg>
<arg>PA</arg>
<arg>PE</arg>
<arg>PF</arg>
<arg>PG</arg>
<arg>PH</arg>
<arg>PK</arg>
<arg>PL</arg>
<arg>PM</arg>
<arg>PN</arg>
<arg>PR</arg>
<arg>PS</arg>
<arg>PT</arg>
<arg>PW</arg>
<arg>PY</arg>
<arg>QA</arg>
<arg>RE</arg>
<arg>RO</arg>
<arg>RS</arg>
<arg>RU</arg>
<arg>RW</arg>
<arg>SA</arg>
<arg>SB</arg>
<arg>SC</arg>
<arg>SD</arg>
<arg>SE</arg>
<arg>SG</arg>
<arg>SH</arg>
<arg>SI</arg>
<arg>SJ</arg>
<arg>SK</arg>
<arg>SL</arg>
<arg>SM</arg>
<arg>SN</arg>
<arg>SO</arg>
<arg>SR</arg>
<arg>SS</arg>
<arg>ST</arg>
<arg>SV</arg>
<arg>SX</arg>
<arg>SY</arg>
<arg>SZ</arg>
<arg>TC</arg>
<arg>TD</arg>
<arg>TF</arg>
<arg>TG</arg>
<arg>TH</arg>
<arg>TJ</arg>
<arg>TK</arg>
<arg>TL</arg>
<arg>TM</arg>
<arg>TN</arg>
<arg>TO</arg>
<arg>TR</arg>
<arg>TT</arg>
<arg>TV</arg>
<arg>TW</arg>
<arg>TZ</arg>
<arg>UA</arg>
<arg>UG</arg>
<arg>UM</arg>
<arg>US</arg>
<arg>UY</arg>
<arg>UZ</arg>
<arg>VA</arg>
<arg>VC</arg>
<arg>VE</arg>
<arg>VG</arg>
<arg>VI</arg>
<arg>VN</arg>
<arg>VU</arg>
<arg>WF</arg>
<arg>WS</arg>
<arg>XK</arg>
<arg>YE</arg>
<arg>YT</arg>
<arg>ZA</arg>
<arg>ZM</arg>
<arg>ZW</arg>
<doc>Returns a list containing given items.</doc>
<status status="PASS" start="2024-04-08T05:14:30.385489" elapsed="0.000624"/>
</kw>
<kw name="List Should Contain Value" owner="Collections">
<msg time="2024-04-08T05:14:30.387130" level="INFO">False</msg>
<arg>${list_country}</arg>
<arg>${name_country}</arg>
<doc>Fails if the ``value`` is not found from ``list``.</doc>
<status status="PASS" start="2024-04-08T05:14:30.386929" elapsed="0.000244"/>
</kw>
<kw name="Run Keyword If" owner="BuiltIn">
<kw name="Should Be True" owner="BuiltIn">
<arg>${True}</arg>
<doc>Fails if the given condition is not true.</doc>
<status status="PASS" start="2024-04-08T05:14:30.388352" elapsed="0.000145"/>
</kw>
<arg>${json_data["results"][0]["location"]["coordinates"]["latitude"]} &gt;= -90 and ${json_data["results"][0]["location"]["coordinates"]["latitude"]} &lt;= 90</arg>
<arg>Should Be True</arg>
<arg>${True}</arg>
<doc>Runs the given keyword with the given arguments, if ``condition`` is true.</doc>
<status status="PASS" start="2024-04-08T05:14:30.387482" elapsed="0.001147"/>
</kw>
<kw name="Run Keyword If" owner="BuiltIn">
<kw name="Should Be True" owner="BuiltIn">
<arg>${True}</arg>
<doc>Fails if the given condition is not true.</doc>
<status status="PASS" start="2024-04-08T05:14:30.389511" elapsed="0.000140"/>
</kw>
<arg>${json_data["results"][0]["location"]["coordinates"]["longitude"]} &gt;= -180 and ${json_data["results"][0]["location"]["coordinates"]["longitude"]} &lt;= 180</arg>
<arg>Should Be True</arg>
<arg>${True}</arg>
<doc>Runs the given keyword with the given arguments, if ``condition`` is true.</doc>
<status status="PASS" start="2024-04-08T05:14:30.388817" elapsed="0.000961"/>
</kw>
<status status="PASS" start="2024-04-08T05:14:30.285642" elapsed="0.104265"/>
</kw>
<doc>Testa o conteúdo específico dos campos retornados pela API.</doc>
<tag>testeConteudo</tag>
<status status="PASS" start="2024-04-08T05:14:30.285104" elapsed="0.104949"/>
</test>
<status status="PASS" start="2024-04-08T05:14:29.546798" elapsed="0.845256"/>
</suite>
<status status="PASS" start="2024-04-08T05:14:29.532943" elapsed="0.864402"/>
</suite>
<statistics>
<total>
<stat pass="5" fail="0" skip="0">All Tests</stat>
</total>
<tag>
<stat pass="1" fail="0" skip="0">testeConteudo</stat>
<stat pass="1" fail="0" skip="0">testeEstruturaResposta</stat>
<stat pass="1" fail="0" skip="0">testeRequisicaoBasica</stat>
<stat pass="1" fail="0" skip="0">testeTiposDados</stat>
</tag>
<suite>
<stat pass="5" fail="0" skip="0" id="s1" name="Tests">Tests</stat>
<stat pass="5" fail="0" skip="0" id="s1-s1" name="Random-User-Test">Tests.Random-User-Test</stat>
</suite>
</statistics>
<errors>
</errors>
</robot>
