<?xml version="1.0" encoding="UTF-8"?>
<robot generator="Robot 7.0.1 (Python 3.12.4 on linux)" generated="2024-07-09T23:17:31.934283" rpa="false" schemaversion="5">
<suite id="s1" name="Tests" source="/home/runner/work/ApiRandomUser/ApiRandomUser/RamdonUser/tests">
<suite id="s1-s1" name="Random-User-Test" source="/home/runner/work/ApiRandomUser/ApiRandomUser/RamdonUser/tests/random-user-test.robot">
<test id="s1-s1-t1" name="Conectar" line="13">
<kw name="Conectar API" owner="random-user-service">
<kw name="Create Session" owner="RequestsLibrary">
<msg time="2024-07-09T23:17:32.374794" level="INFO">Creating Session using : alias=consultarAPI, url=https://randomuser.me/, headers={},                     cookies={}, auth=None, timeout=None, proxies=None, verify=False,                     debug=0 </msg>
<arg>consultarAPI</arg>
<arg>${URL}</arg>
<doc>Create Session: create a HTTP session to a server</doc>
<status status="PASS" start="2024-07-09T23:17:32.374589" elapsed="0.000384"/>
</kw>
<status status="PASS" start="2024-07-09T23:17:32.373596" elapsed="0.001739"/>
</kw>
<status status="PASS" start="2024-07-09T23:17:32.373047" elapsed="0.002482"/>
</test>
<test id="s1-s1-t2" name="Validar retorno 200 e JSON Válido" line="16">
<kw name="Teste de Requisicao Basica" owner="random-user-service">
<kw name="GET On Session" owner="RequestsLibrary">
<msg time="2024-07-09T23:17:32.500635" level="INFO">GET Request : url=https://randomuser.me/api 
 path_url=/api 
 headers={'User-Agent': 'python-requests/2.32.3', 'Accept-Encoding': 'gzip, deflate', 'Accept': '*/*', 'Connection': 'keep-alive'} 
 body=None 
 </msg>
<msg time="2024-07-09T23:17:32.500772" level="INFO">GET Response : url=https://randomuser.me/api 
 status=200, reason=OK 
 headers={'Date': 'Tue, 09 Jul 2024 23:17:32 GMT', 'Content-Type': 'application/json; charset=utf-8', 'Transfer-Encoding': 'chunked', 'Connection': 'keep-alive', 'X-Powered-By': 'Express', 'Access-Control-Allow-Origin': '*', 'Cache-Control': 'no-cache', 'ETag': 'W/"4a2-znlunkhh9MhPRcZRR4X90EH3OAM"', 'Vary': 'Accept-Encoding', 'Content-Encoding': 'gzip', 'CF-Cache-Status': 'DYNAMIC', 'Report-To': '{"endpoints":[{"url":"https:\\/\\/a.nel.cloudflare.com\\/report\\/v4?s=pbmPxnL4HBK20Stex%2FnJWqS2OPTbYsFHrjbkbjN%2BFvY5DSdmX841SoX6%2FQ0GYksKnFS5SURO2s42R61bYtlJQt4zyz8b39vJlh5tG0oECQAW4atbULHDzRyst%2F9MS8v5"}],"group":"cf-nel","max_age":604800}', 'NEL': '{"success_fraction":0,"report_to":"cf-nel","max_age":604800}', 'Server': 'cloudflare', 'CF-RAY': '8a0c072ddccb9c3d-IAD', 'alt-svc': 'h3=":443"; ma=86400'} 
 body={"results":[{"gender":"female","name":{"title":"Ms","first":"Angel","last":"Eikenaar"},"location":{"street":{"number":1524,"name":"Clapvaeren"},"city":"Breezanddijk","state":"Flevoland","country":"Netherlands","postcode":"0478 XI","coordinates":{"latitude":"32.3937","longitude":"147.8089"},"timezone":{"offset":"-5:00","description":"Eastern Time (US &amp; Canada), Bogota, Lima"}},"email":"angel.eikenaar@example.com","login":{"uuid":"03e42412-4f63-4cfc-89f5-f6019cc44e83","username":"greenzebra479","password":"yuan","salt":"7AnW9XWJ","md5":"b8458c5126d4bd11f6f4bbfb294ba4cc","sha1":"d4a83f5e43e3d951289bd028e36dc0e20640962c","sha256":"e6c56a2180071493909b8162486795fc9035a9d65e212ef098b4591bc58862a0"},"dob":{"date":"1946-05-29T08:56:40.253Z","age":78},"registered":{"date":"2003-12-22T18:57:41.969Z","age":20},"phone":"(0287) 948351","cell":"(06) 90758924","id":{"name":"BSN","value":"05333268"},"picture":{"large":"https://randomuser.me/api/portraits/women/59.jpg","medium":"https://randomuser.me/api/portraits/med/women/59.jpg","thumbnail":"https://randomuser.me/api/portraits/thumb/women/59.jpg"},"nat":"NL"}],"info":{"seed":"b72e3c43e3a70f8c","results":1,"page":1,"version":"1.4"}} 
 </msg>
<msg time="2024-07-09T23:17:32.500861" level="INFO">/opt/hostedtoolcache/Python/3.12.4/x64/lib/python3.12/site-packages/urllib3/connectionpool.py:1099: InsecureRequestWarning: Unverified HTTPS request is being made to host 'randomuser.me'. Adding certificate verification is strongly advised. See: https://urllib3.readthedocs.io/en/latest/advanced-usage.html#tls-warnings
  warnings.warn(</msg>
<msg time="2024-07-09T23:17:32.501007" level="INFO">${response} = &lt;Response [200]&gt;</msg>
<var>${response}</var>
<arg>consultarAPI</arg>
<arg>/api</arg>
<doc>Sends a GET request on a previously created HTTP Session.</doc>
<status status="PASS" start="2024-07-09T23:17:32.378211" elapsed="0.122839"/>
</kw>
<kw name="Should Be Equal As Numbers" owner="BuiltIn">
<msg time="2024-07-09T23:17:32.501949" level="INFO">Argument types are:
&lt;class 'int'&gt;
&lt;class 'str'&gt;</msg>
<arg>${response.status_code}</arg>
<arg>200</arg>
<doc>Fails if objects are unequal after converting them to real numbers.</doc>
<status status="PASS" start="2024-07-09T23:17:32.501480" elapsed="0.000533"/>
</kw>
<kw name="Log" owner="BuiltIn">
<msg time="2024-07-09T23:17:32.502693" level="INFO">200</msg>
<arg>${response.status_code}</arg>
<doc>Logs the given message with the given level.</doc>
<status status="PASS" start="2024-07-09T23:17:32.502340" elapsed="0.000395"/>
</kw>
<kw name="Set Variable" owner="BuiltIn">
<msg time="2024-07-09T23:17:32.503471" level="INFO">${json_data} = {'results': [{'gender': 'female', 'name': {'title': 'Ms', 'first': 'Angel', 'last': 'Eikenaar'}, 'location': {'street': {'number': 1524, 'name': 'Clapvaeren'}, 'city': 'Breezanddijk', 'state': 'Flevol...</msg>
<var>${json_data}</var>
<arg>${response.json()}</arg>
<doc>Returns the given values which can then be assigned to a variables.</doc>
<status status="PASS" start="2024-07-09T23:17:32.503043" elapsed="0.000456"/>
</kw>
<kw name="Dictionary Should Contain Key" owner="Collections">
<arg>${json_data}</arg>
<arg>results</arg>
<doc>Fails if ``key`` is not found from ``dictionary``.</doc>
<status status="PASS" start="2024-07-09T23:17:32.503799" elapsed="0.000162"/>
</kw>
<status status="PASS" start="2024-07-09T23:17:32.377957" elapsed="0.126156"/>
</kw>
<doc>Testa se a API responde corretamente e retorna um objeto JSON válido.</doc>
<tag>testeRequisicaoBasica</tag>
<status status="PASS" start="2024-07-09T23:17:32.377395" elapsed="0.126885"/>
</test>
<test id="s1-s1-t3" name="Validar estrutura de resposta" line="22">
<kw name="Teste de Estrutura de Resposta" owner="random-user-service">
<kw name="GET On Session" owner="RequestsLibrary">
<msg time="2024-07-09T23:17:32.608789" level="INFO">GET Request : url=https://randomuser.me/api 
 path_url=/api 
 headers={'User-Agent': 'python-requests/2.32.3', 'Accept-Encoding': 'gzip, deflate', 'Accept': '*/*', 'Connection': 'keep-alive'} 
 body=None 
 </msg>
<msg time="2024-07-09T23:17:32.608872" level="INFO">GET Response : url=https://randomuser.me/api 
 status=200, reason=OK 
 headers={'Date': 'Tue, 09 Jul 2024 23:17:32 GMT', 'Content-Type': 'application/json; charset=utf-8', 'Transfer-Encoding': 'chunked', 'Connection': 'keep-alive', 'X-Powered-By': 'Express', 'Access-Control-Allow-Origin': '*', 'Cache-Control': 'no-cache', 'ETag': 'W/"468-6iIKU5VAshw1ITNThxyc/kkRRiY"', 'Vary': 'Accept-Encoding', 'Content-Encoding': 'gzip', 'CF-Cache-Status': 'DYNAMIC', 'Report-To': '{"endpoints":[{"url":"https:\\/\\/a.nel.cloudflare.com\\/report\\/v4?s=I54U1CNolz2fz%2BFYP4vhZc8Q8fCtFdkgezA0FLhJqFtpDojdZQz8nNhourrwKJLaIymN1RV953lj%2FhoUMzsIMxy1uCBYwl3ondab6i2cX8t21w4jWtruR%2BtB4moZTdFx"}],"group":"cf-nel","max_age":604800}', 'NEL': '{"success_fraction":0,"report_to":"cf-nel","max_age":604800}', 'Server': 'cloudflare', 'CF-RAY': '8a0c072e5dad9c3d-IAD', 'alt-svc': 'h3=":443"; ma=86400'} 
 body={"results":[{"gender":"male","name":{"title":"Mr","first":"Louis","last":"Chen"},"location":{"street":{"number":3137,"name":"Elles Road"},"city":"Porirua","state":"Tasman","country":"New Zealand","postcode":40474,"coordinates":{"latitude":"52.9983","longitude":"-0.6106"},"timezone":{"offset":"+9:30","description":"Adelaide, Darwin"}},"email":"louis.chen@example.com","login":{"uuid":"a1e53ac5-817a-4304-a71c-ea5f20258378","username":"bigpeacock895","password":"hiziad","salt":"GfEQlcry","md5":"ea4b2985cf489e8b534455e7cb688305","sha1":"accff3223b00a75ea57df5b8bea017193b0510c3","sha256":"6731d99c5298f7fb92f023d39722d0f982130a4ed218ec1d17aa4de40ea22ade"},"dob":{"date":"1982-05-27T18:03:16.673Z","age":42},"registered":{"date":"2008-11-25T16:12:52.095Z","age":15},"phone":"(101)-352-4576","cell":"(732)-288-2247","id":{"name":"","value":null},"picture":{"large":"https://randomuser.me/api/portraits/men/94.jpg","medium":"https://randomuser.me/api/portraits/med/men/94.jpg","thumbnail":"https://randomuser.me/api/portraits/thumb/men/94.jpg"},"nat":"NZ"}],"info":{"seed":"8aa0f96f421498c0","results":1,"page":1,"version":"1.4"}} 
 </msg>
<msg time="2024-07-09T23:17:32.608998" level="INFO">/opt/hostedtoolcache/Python/3.12.4/x64/lib/python3.12/site-packages/urllib3/connectionpool.py:1099: InsecureRequestWarning: Unverified HTTPS request is being made to host 'randomuser.me'. Adding certificate verification is strongly advised. See: https://urllib3.readthedocs.io/en/latest/advanced-usage.html#tls-warnings
  warnings.warn(</msg>
<msg time="2024-07-09T23:17:32.609132" level="INFO">${response} = &lt;Response [200]&gt;</msg>
<var>${response}</var>
<arg>consultarAPI</arg>
<arg>/api</arg>
<doc>Sends a GET request on a previously created HTTP Session.</doc>
<status status="PASS" start="2024-07-09T23:17:32.506975" elapsed="0.102201"/>
</kw>
<kw name="Set Variable" owner="BuiltIn">
<msg time="2024-07-09T23:17:32.610133" level="INFO">${json_data} = {'results': [{'gender': 'male', 'name': {'title': 'Mr', 'first': 'Louis', 'last': 'Chen'}, 'location': {'street': {'number': 3137, 'name': 'Elles Road'}, 'city': 'Porirua', 'state': 'Tasman', 'country...</msg>
<var>${json_data}</var>
<arg>${response.json()}</arg>
<doc>Returns the given values which can then be assigned to a variables.</doc>
<status status="PASS" start="2024-07-09T23:17:32.609627" elapsed="0.000534"/>
</kw>
<kw name="Log" owner="BuiltIn">
<msg time="2024-07-09T23:17:32.610627" level="INFO">{'results': [{'gender': 'male', 'name': {'title': 'Mr', 'first': 'Louis', 'last': 'Chen'}, 'location': {'street': {'number': 3137, 'name': 'Elles Road'}, 'city': 'Porirua', 'state': 'Tasman', 'country': 'New Zealand', 'postcode': 40474, 'coordinates': {'latitude': '52.9983', 'longitude': '-0.6106'}, 'timezone': {'offset': '+9:30', 'description': 'Adelaide, Darwin'}}, 'email': 'louis.chen@example.com', 'login': {'uuid': 'a1e53ac5-817a-4304-a71c-ea5f20258378', 'username': 'bigpeacock895', 'password': 'hiziad', 'salt': 'GfEQlcry', 'md5': 'ea4b2985cf489e8b534455e7cb688305', 'sha1': 'accff3223b00a75ea57df5b8bea017193b0510c3', 'sha256': '6731d99c5298f7fb92f023d39722d0f982130a4ed218ec1d17aa4de40ea22ade'}, 'dob': {'date': '1982-05-27T18:03:16.673Z', 'age': 42}, 'registered': {'date': '2008-11-25T16:12:52.095Z', 'age': 15}, 'phone': '(101)-352-4576', 'cell': '(732)-288-2247', 'id': {'name': '', 'value': None}, 'picture': {'large': 'https://randomuser.me/api/portraits/men/94.jpg', 'medium': 'https://randomuser.me/api/portraits/med/men/94.jpg', 'thumbnail': 'https://randomuser.me/api/portraits/thumb/men/94.jpg'}, 'nat': 'NZ'}], 'info': {'seed': '8aa0f96f421498c0', 'results': 1, 'page': 1, 'version': '1.4'}}</msg>
<arg>${json_data}</arg>
<doc>Logs the given message with the given level.</doc>
<status status="PASS" start="2024-07-09T23:17:32.610470" elapsed="0.000204"/>
</kw>
<kw name="Dictionary Should Contain Key" owner="Collections">
<arg>${json_data}</arg>
<arg>results</arg>
<doc>Fails if ``key`` is not found from ``dictionary``.</doc>
<status status="PASS" start="2024-07-09T23:17:32.610976" elapsed="0.000164"/>
</kw>
<kw name="Should Not Be Empty" owner="BuiltIn">
<msg time="2024-07-09T23:17:32.611456" level="INFO">Length is 2.</msg>
<arg>${json_data}</arg>
<doc>Verifies that the given item is not empty.</doc>
<status status="PASS" start="2024-07-09T23:17:32.611326" elapsed="0.000169"/>
</kw>
<kw name="Create List" owner="BuiltIn">
<msg time="2024-07-09T23:17:32.611934" level="INFO">${expected_keys} = ['gender', 'name', 'location', 'email', 'login']</msg>
<var>${expected_keys}</var>
<arg>gender</arg>
<arg>name</arg>
<arg>location</arg>
<arg>email</arg>
<arg>login</arg>
<doc>Returns a list containing given items.</doc>
<status status="PASS" start="2024-07-09T23:17:32.611789" elapsed="0.000169"/>
</kw>
<for flavor="IN">
<iter>
<kw name="Dictionary Should Contain Key" owner="Collections">
<arg>${json_data['results'][0]}</arg>
<arg>${key}</arg>
<doc>Fails if ``key`` is not found from ``dictionary``.</doc>
<status status="PASS" start="2024-07-09T23:17:32.612666" elapsed="0.000392"/>
</kw>
<kw name="Log" owner="BuiltIn">
<msg time="2024-07-09T23:17:32.613618" level="INFO">{'gender': 'male', 'name': {'title': 'Mr', 'first': 'Louis', 'last': 'Chen'}, 'location': {'street': {'number': 3137, 'name': 'Elles Road'}, 'city': 'Porirua', 'state': 'Tasman', 'country': 'New Zealand', 'postcode': 40474, 'coordinates': {'latitude': '52.9983', 'longitude': '-0.6106'}, 'timezone': {'offset': '+9:30', 'description': 'Adelaide, Darwin'}}, 'email': 'louis.chen@example.com', 'login': {'uuid': 'a1e53ac5-817a-4304-a71c-ea5f20258378', 'username': 'bigpeacock895', 'password': 'hiziad', 'salt': 'GfEQlcry', 'md5': 'ea4b2985cf489e8b534455e7cb688305', 'sha1': 'accff3223b00a75ea57df5b8bea017193b0510c3', 'sha256': '6731d99c5298f7fb92f023d39722d0f982130a4ed218ec1d17aa4de40ea22ade'}, 'dob': {'date': '1982-05-27T18:03:16.673Z', 'age': 42}, 'registered': {'date': '2008-11-25T16:12:52.095Z', 'age': 15}, 'phone': '(101)-352-4576', 'cell': '(732)-288-2247', 'id': {'name': '', 'value': None}, 'picture': {'large': 'https://randomuser.me/api/portraits/men/94.jpg', 'medium': 'https://randomuser.me/api/portraits/med/men/94.jpg', 'thumbnail': 'https://randomuser.me/api/portraits/thumb/men/94.jpg'}, 'nat': 'NZ'}</msg>
<arg>${json_data['results'][0]}</arg>
<doc>Logs the given message with the given level.</doc>
<status status="PASS" start="2024-07-09T23:17:32.613249" elapsed="0.000418"/>
</kw>
<kw name="Log" owner="BuiltIn">
<msg time="2024-07-09T23:17:32.614118" level="INFO">gender</msg>
<arg>${key}</arg>
<doc>Logs the given message with the given level.</doc>
<status status="PASS" start="2024-07-09T23:17:32.613989" elapsed="0.000167"/>
</kw>
<var name="${key}">gender</var>
<status status="PASS" start="2024-07-09T23:17:32.612542" elapsed="0.001830"/>
</iter>
<iter>
<kw name="Dictionary Should Contain Key" owner="Collections">
<arg>${json_data['results'][0]}</arg>
<arg>${key}</arg>
<doc>Fails if ``key`` is not found from ``dictionary``.</doc>
<status status="PASS" start="2024-07-09T23:17:32.614670" elapsed="0.000387"/>
</kw>
<kw name="Log" owner="BuiltIn">
<msg time="2024-07-09T23:17:32.615587" level="INFO">{'gender': 'male', 'name': {'title': 'Mr', 'first': 'Louis', 'last': 'Chen'}, 'location': {'street': {'number': 3137, 'name': 'Elles Road'}, 'city': 'Porirua', 'state': 'Tasman', 'country': 'New Zealand', 'postcode': 40474, 'coordinates': {'latitude': '52.9983', 'longitude': '-0.6106'}, 'timezone': {'offset': '+9:30', 'description': 'Adelaide, Darwin'}}, 'email': 'louis.chen@example.com', 'login': {'uuid': 'a1e53ac5-817a-4304-a71c-ea5f20258378', 'username': 'bigpeacock895', 'password': 'hiziad', 'salt': 'GfEQlcry', 'md5': 'ea4b2985cf489e8b534455e7cb688305', 'sha1': 'accff3223b00a75ea57df5b8bea017193b0510c3', 'sha256': '6731d99c5298f7fb92f023d39722d0f982130a4ed218ec1d17aa4de40ea22ade'}, 'dob': {'date': '1982-05-27T18:03:16.673Z', 'age': 42}, 'registered': {'date': '2008-11-25T16:12:52.095Z', 'age': 15}, 'phone': '(101)-352-4576', 'cell': '(732)-288-2247', 'id': {'name': '', 'value': None}, 'picture': {'large': 'https://randomuser.me/api/portraits/men/94.jpg', 'medium': 'https://randomuser.me/api/portraits/med/men/94.jpg', 'thumbnail': 'https://randomuser.me/api/portraits/thumb/men/94.jpg'}, 'nat': 'NZ'}</msg>
<arg>${json_data['results'][0]}</arg>
<doc>Logs the given message with the given level.</doc>
<status status="PASS" start="2024-07-09T23:17:32.615240" elapsed="0.000430"/>
</kw>
<kw name="Log" owner="BuiltIn">
<msg time="2024-07-09T23:17:32.616097" level="INFO">name</msg>
<arg>${key}</arg>
<doc>Logs the given message with the given level.</doc>
<status status="PASS" start="2024-07-09T23:17:32.615970" elapsed="0.000165"/>
</kw>
<var name="${key}">name</var>
<status status="PASS" start="2024-07-09T23:17:32.614557" elapsed="0.001793"/>
</iter>
<iter>
<kw name="Dictionary Should Contain Key" owner="Collections">
<arg>${json_data['results'][0]}</arg>
<arg>${key}</arg>
<doc>Fails if ``key`` is not found from ``dictionary``.</doc>
<status status="PASS" start="2024-07-09T23:17:32.616636" elapsed="0.000374"/>
</kw>
<kw name="Log" owner="BuiltIn">
<msg time="2024-07-09T23:17:32.617533" level="INFO">{'gender': 'male', 'name': {'title': 'Mr', 'first': 'Louis', 'last': 'Chen'}, 'location': {'street': {'number': 3137, 'name': 'Elles Road'}, 'city': 'Porirua', 'state': 'Tasman', 'country': 'New Zealand', 'postcode': 40474, 'coordinates': {'latitude': '52.9983', 'longitude': '-0.6106'}, 'timezone': {'offset': '+9:30', 'description': 'Adelaide, Darwin'}}, 'email': 'louis.chen@example.com', 'login': {'uuid': 'a1e53ac5-817a-4304-a71c-ea5f20258378', 'username': 'bigpeacock895', 'password': 'hiziad', 'salt': 'GfEQlcry', 'md5': 'ea4b2985cf489e8b534455e7cb688305', 'sha1': 'accff3223b00a75ea57df5b8bea017193b0510c3', 'sha256': '6731d99c5298f7fb92f023d39722d0f982130a4ed218ec1d17aa4de40ea22ade'}, 'dob': {'date': '1982-05-27T18:03:16.673Z', 'age': 42}, 'registered': {'date': '2008-11-25T16:12:52.095Z', 'age': 15}, 'phone': '(101)-352-4576', 'cell': '(732)-288-2247', 'id': {'name': '', 'value': None}, 'picture': {'large': 'https://randomuser.me/api/portraits/men/94.jpg', 'medium': 'https://randomuser.me/api/portraits/med/men/94.jpg', 'thumbnail': 'https://randomuser.me/api/portraits/thumb/men/94.jpg'}, 'nat': 'NZ'}</msg>
<arg>${json_data['results'][0]}</arg>
<doc>Logs the given message with the given level.</doc>
<status status="PASS" start="2024-07-09T23:17:32.617190" elapsed="0.000390"/>
</kw>
<kw name="Log" owner="BuiltIn">
<msg time="2024-07-09T23:17:32.618044" level="INFO">location</msg>
<arg>${key}</arg>
<doc>Logs the given message with the given level.</doc>
<status status="PASS" start="2024-07-09T23:17:32.617917" elapsed="0.000164"/>
</kw>
<var name="${key}">location</var>
<status status="PASS" start="2024-07-09T23:17:32.616527" elapsed="0.001770"/>
</iter>
<iter>
<kw name="Dictionary Should Contain Key" owner="Collections">
<arg>${json_data['results'][0]}</arg>
<arg>${key}</arg>
<doc>Fails if ``key`` is not found from ``dictionary``.</doc>
<status status="PASS" start="2024-07-09T23:17:32.618576" elapsed="0.000398"/>
</kw>
<kw name="Log" owner="BuiltIn">
<msg time="2024-07-09T23:17:32.619520" level="INFO">{'gender': 'male', 'name': {'title': 'Mr', 'first': 'Louis', 'last': 'Chen'}, 'location': {'street': {'number': 3137, 'name': 'Elles Road'}, 'city': 'Porirua', 'state': 'Tasman', 'country': 'New Zealand', 'postcode': 40474, 'coordinates': {'latitude': '52.9983', 'longitude': '-0.6106'}, 'timezone': {'offset': '+9:30', 'description': 'Adelaide, Darwin'}}, 'email': 'louis.chen@example.com', 'login': {'uuid': 'a1e53ac5-817a-4304-a71c-ea5f20258378', 'username': 'bigpeacock895', 'password': 'hiziad', 'salt': 'GfEQlcry', 'md5': 'ea4b2985cf489e8b534455e7cb688305', 'sha1': 'accff3223b00a75ea57df5b8bea017193b0510c3', 'sha256': '6731d99c5298f7fb92f023d39722d0f982130a4ed218ec1d17aa4de40ea22ade'}, 'dob': {'date': '1982-05-27T18:03:16.673Z', 'age': 42}, 'registered': {'date': '2008-11-25T16:12:52.095Z', 'age': 15}, 'phone': '(101)-352-4576', 'cell': '(732)-288-2247', 'id': {'name': '', 'value': None}, 'picture': {'large': 'https://randomuser.me/api/portraits/men/94.jpg', 'medium': 'https://randomuser.me/api/portraits/med/men/94.jpg', 'thumbnail': 'https://randomuser.me/api/portraits/thumb/men/94.jpg'}, 'nat': 'NZ'}</msg>
<arg>${json_data['results'][0]}</arg>
<doc>Logs the given message with the given level.</doc>
<status status="PASS" start="2024-07-09T23:17:32.619163" elapsed="0.000404"/>
</kw>
<kw name="Log" owner="BuiltIn">
<msg time="2024-07-09T23:17:32.619987" level="INFO">email</msg>
<arg>${key}</arg>
<doc>Logs the given message with the given level.</doc>
<status status="PASS" start="2024-07-09T23:17:32.619862" elapsed="0.000163"/>
</kw>
<var name="${key}">email</var>
<status status="PASS" start="2024-07-09T23:17:32.618468" elapsed="0.001772"/>
</iter>
<iter>
<kw name="Dictionary Should Contain Key" owner="Collections">
<arg>${json_data['results'][0]}</arg>
<arg>${key}</arg>
<doc>Fails if ``key`` is not found from ``dictionary``.</doc>
<status status="PASS" start="2024-07-09T23:17:32.620527" elapsed="0.000401"/>
</kw>
<kw name="Log" owner="BuiltIn">
<msg time="2024-07-09T23:17:32.621456" level="INFO">{'gender': 'male', 'name': {'title': 'Mr', 'first': 'Louis', 'last': 'Chen'}, 'location': {'street': {'number': 3137, 'name': 'Elles Road'}, 'city': 'Porirua', 'state': 'Tasman', 'country': 'New Zealand', 'postcode': 40474, 'coordinates': {'latitude': '52.9983', 'longitude': '-0.6106'}, 'timezone': {'offset': '+9:30', 'description': 'Adelaide, Darwin'}}, 'email': 'louis.chen@example.com', 'login': {'uuid': 'a1e53ac5-817a-4304-a71c-ea5f20258378', 'username': 'bigpeacock895', 'password': 'hiziad', 'salt': 'GfEQlcry', 'md5': 'ea4b2985cf489e8b534455e7cb688305', 'sha1': 'accff3223b00a75ea57df5b8bea017193b0510c3', 'sha256': '6731d99c5298f7fb92f023d39722d0f982130a4ed218ec1d17aa4de40ea22ade'}, 'dob': {'date': '1982-05-27T18:03:16.673Z', 'age': 42}, 'registered': {'date': '2008-11-25T16:12:52.095Z', 'age': 15}, 'phone': '(101)-352-4576', 'cell': '(732)-288-2247', 'id': {'name': '', 'value': None}, 'picture': {'large': 'https://randomuser.me/api/portraits/men/94.jpg', 'medium': 'https://randomuser.me/api/portraits/med/men/94.jpg', 'thumbnail': 'https://randomuser.me/api/portraits/thumb/men/94.jpg'}, 'nat': 'NZ'}</msg>
<arg>${json_data['results'][0]}</arg>
<doc>Logs the given message with the given level.</doc>
<status status="PASS" start="2024-07-09T23:17:32.621110" elapsed="0.000394"/>
</kw>
<kw name="Log" owner="BuiltIn">
<msg time="2024-07-09T23:17:32.621949" level="INFO">login</msg>
<arg>${key}</arg>
<doc>Logs the given message with the given level.</doc>
<status status="PASS" start="2024-07-09T23:17:32.621814" elapsed="0.000172"/>
</kw>
<var name="${key}">login</var>
<status status="PASS" start="2024-07-09T23:17:32.620413" elapsed="0.001792"/>
</iter>
<var>${key}</var>
<value>@{expected_keys}</value>
<status status="PASS" start="2024-07-09T23:17:32.612357" elapsed="0.009968"/>
</for>
<kw name="Create List" owner="BuiltIn">
<msg time="2024-07-09T23:17:32.622645" level="INFO">${expected_keysTwo} = ['username', 'password']</msg>
<var>${expected_keysTwo}</var>
<arg>username</arg>
<arg>password</arg>
<doc>Returns a list containing given items.</doc>
<status status="PASS" start="2024-07-09T23:17:32.622513" elapsed="0.000156"/>
</kw>
<for flavor="IN">
<iter>
<kw name="Dictionary Should Contain Key" owner="Collections">
<arg>${json_data['results'][0]['login']}</arg>
<arg>${keyTwo}</arg>
<doc>Fails if ``key`` is not found from ``dictionary``.</doc>
<status status="PASS" start="2024-07-09T23:17:32.623198" elapsed="0.000384"/>
</kw>
<kw name="Dictionary Should Contain Key" owner="Collections">
<arg>${json_data['results'][0]['login']}</arg>
<arg>${keyTwo}</arg>
<doc>Fails if ``key`` is not found from ``dictionary``.</doc>
<status status="PASS" start="2024-07-09T23:17:32.623763" elapsed="0.000370"/>
</kw>
<kw name="Log" owner="BuiltIn">
<msg time="2024-07-09T23:17:32.624432" level="INFO">username</msg>
<arg>${keyTwo}</arg>
<doc>Logs the given message with the given level.</doc>
<status status="PASS" start="2024-07-09T23:17:32.624313" elapsed="0.000155"/>
</kw>
<var name="${keyTwo}">username</var>
<status status="PASS" start="2024-07-09T23:17:32.623086" elapsed="0.001604"/>
</iter>
<iter>
<kw name="Dictionary Should Contain Key" owner="Collections">
<arg>${json_data['results'][0]['login']}</arg>
<arg>${keyTwo}</arg>
<doc>Fails if ``key`` is not found from ``dictionary``.</doc>
<status status="PASS" start="2024-07-09T23:17:32.624966" elapsed="0.000378"/>
</kw>
<kw name="Dictionary Should Contain Key" owner="Collections">
<arg>${json_data['results'][0]['login']}</arg>
<arg>${keyTwo}</arg>
<doc>Fails if ``key`` is not found from ``dictionary``.</doc>
<status status="PASS" start="2024-07-09T23:17:32.625522" elapsed="0.000395"/>
</kw>
<kw name="Log" owner="BuiltIn">
<msg time="2024-07-09T23:17:32.626210" level="INFO">password</msg>
<arg>${keyTwo}</arg>
<doc>Logs the given message with the given level.</doc>
<status status="PASS" start="2024-07-09T23:17:32.626093" elapsed="0.000159"/>
</kw>
<var name="${keyTwo}">password</var>
<status status="PASS" start="2024-07-09T23:17:32.624860" elapsed="0.001629"/>
</iter>
<var>${keyTwo}</var>
<value>@{expected_keysTwo}</value>
<status status="PASS" start="2024-07-09T23:17:32.622930" elapsed="0.003742"/>
</for>
<status status="PASS" start="2024-07-09T23:17:32.506741" elapsed="0.120148"/>
</kw>
<doc>Testa a estrutura da resposta da API.</doc>
<tag>testeEstruturaResposta</tag>
<status status="PASS" start="2024-07-09T23:17:32.506150" elapsed="0.120963"/>
</test>
<test id="s1-s1-t4" name="Validar tipos de dados" line="28">
<kw name="Teste de Tipos de Dados" owner="random-user-service">
<kw name="GET On Session" owner="RequestsLibrary">
<msg time="2024-07-09T23:17:32.697069" level="INFO">GET Request : url=https://randomuser.me/api 
 path_url=/api 
 headers={'User-Agent': 'python-requests/2.32.3', 'Accept-Encoding': 'gzip, deflate', 'Accept': '*/*', 'Connection': 'keep-alive'} 
 body=None 
 </msg>
<msg time="2024-07-09T23:17:32.697153" level="INFO">GET Response : url=https://randomuser.me/api 
 status=200, reason=OK 
 headers={'Date': 'Tue, 09 Jul 2024 23:17:32 GMT', 'Content-Type': 'application/json; charset=utf-8', 'Transfer-Encoding': 'chunked', 'Connection': 'keep-alive', 'X-Powered-By': 'Express', 'Access-Control-Allow-Origin': '*', 'Cache-Control': 'no-cache', 'ETag': 'W/"4a4-UFo8RGY4QMiZtCkOH9NH3GN19nw"', 'Vary': 'Accept-Encoding', 'Content-Encoding': 'gzip', 'CF-Cache-Status': 'DYNAMIC', 'Report-To': '{"endpoints":[{"url":"https:\\/\\/a.nel.cloudflare.com\\/report\\/v4?s=VfMNQLy6AGe%2Fg6vaHsCJ%2FdhC0YFGof7nfqAqUe%2FKH87Tf2mj%2FqKf7c7nm8euX4ktyPzBKZAX9Lo4OPicrrf4yjKBo3KjiYfhNEe4Qh5c437w90mIG9UYjT6IPELPmbnr"}],"group":"cf-nel","max_age":604800}', 'NEL': '{"success_fraction":0,"report_to":"cf-nel","max_age":604800}', 'Server': 'cloudflare', 'CF-RAY': '8a0c072efeae9c3d-IAD', 'alt-svc': 'h3=":443"; ma=86400'} 
 body={"results":[{"gender":"male","name":{"title":"Mr","first":"Lyubomudr","last":"Brovchenko"},"location":{"street":{"number":204,"name":"Klinichna"},"city":"Berestechko","state":"Avtonomna Respublika Krim","country":"Ukraine","postcode":62024,"coordinates":{"latitude":"73.7981","longitude":"-74.6882"},"timezone":{"offset":"+9:00","description":"Tokyo, Seoul, Osaka, Sapporo, Yakutsk"}},"email":"lyubomudr.brovchenko@example.com","login":{"uuid":"81e03109-f67e-43eb-badd-c46050c96480","username":"ticklishswan798","password":"peterson","salt":"9xD3m5T9","md5":"8169af7d86c319c6eacd62b0ea22eaf4","sha1":"148780ba06656e6f5c6c9395e51cf7bdf6ee9ef3","sha256":"69866ac1b02f78695e8c26846455bae30181177b1cf0ad1260ce6607bac0df34"},"dob":{"date":"1961-05-04T00:56:47.402Z","age":63},"registered":{"date":"2010-06-11T08:59:46.256Z","age":14},"phone":"(068) A85-3250","cell":"(099) F43-5363","id":{"name":"","value":null},"picture":{"large":"https://randomuser.me/api/portraits/men/1.jpg","medium":"https://randomuser.me/api/portraits/med/men/1.jpg","thumbnail":"https://randomuser.me/api/portraits/thumb/men/1.jpg"},"nat":"UA"}],"info":{"seed":"c4fc488a4aa0d5e9","results":1,"page":1,"version":"1.4"}} 
 </msg>
<msg time="2024-07-09T23:17:32.697227" level="INFO">/opt/hostedtoolcache/Python/3.12.4/x64/lib/python3.12/site-packages/urllib3/connectionpool.py:1099: InsecureRequestWarning: Unverified HTTPS request is being made to host 'randomuser.me'. Adding certificate verification is strongly advised. See: https://urllib3.readthedocs.io/en/latest/advanced-usage.html#tls-warnings
  warnings.warn(</msg>
<msg time="2024-07-09T23:17:32.697335" level="INFO">${response} = &lt;Response [200]&gt;</msg>
<var>${response}</var>
<arg>consultarAPI</arg>
<arg>/api</arg>
<doc>Sends a GET request on a previously created HTTP Session.</doc>
<status status="PASS" start="2024-07-09T23:17:32.629955" elapsed="0.067421"/>
</kw>
<kw name="Set Variable" owner="BuiltIn">
<msg time="2024-07-09T23:17:32.698423" level="INFO">${json_data} = {'results': [{'gender': 'male', 'name': {'title': 'Mr', 'first': 'Lyubomudr', 'last': 'Brovchenko'}, 'location': {'street': {'number': 204, 'name': 'Klinichna'}, 'city': 'Berestechko', 'state': 'Avton...</msg>
<var>${json_data}</var>
<arg>${response.json()}</arg>
<doc>Returns the given values which can then be assigned to a variables.</doc>
<status status="PASS" start="2024-07-09T23:17:32.697861" elapsed="0.000590"/>
</kw>
<kw name="Log" owner="BuiltIn">
<msg time="2024-07-09T23:17:32.698911" level="INFO">{'results': [{'gender': 'male', 'name': {'title': 'Mr', 'first': 'Lyubomudr', 'last': 'Brovchenko'}, 'location': {'street': {'number': 204, 'name': 'Klinichna'}, 'city': 'Berestechko', 'state': 'Avtonomna Respublika Krim', 'country': 'Ukraine', 'postcode': 62024, 'coordinates': {'latitude': '73.7981', 'longitude': '-74.6882'}, 'timezone': {'offset': '+9:00', 'description': 'Tokyo, Seoul, Osaka, Sapporo, Yakutsk'}}, 'email': 'lyubomudr.brovchenko@example.com', 'login': {'uuid': '81e03109-f67e-43eb-badd-c46050c96480', 'username': 'ticklishswan798', 'password': 'peterson', 'salt': '9xD3m5T9', 'md5': '8169af7d86c319c6eacd62b0ea22eaf4', 'sha1': '148780ba06656e6f5c6c9395e51cf7bdf6ee9ef3', 'sha256': '69866ac1b02f78695e8c26846455bae30181177b1cf0ad1260ce6607bac0df34'}, 'dob': {'date': '1961-05-04T00:56:47.402Z', 'age': 63}, 'registered': {'date': '2010-06-11T08:59:46.256Z', 'age': 14}, 'phone': '(068) A85-3250', 'cell': '(099) F43-5363', 'id': {'name': '', 'value': None}, 'picture': {'large': 'https://randomuser.me/api/portraits/men/1.jpg', 'medium': 'https://randomuser.me/api/portraits/med/men/1.jpg', 'thumbnail': 'https://randomuser.me/api/portraits/thumb/men/1.jpg'}, 'nat': 'UA'}], 'info': {'seed': 'c4fc488a4aa0d5e9', 'results': 1, 'page': 1, 'version': '1.4'}}</msg>
<arg>${json_data}</arg>
<doc>Logs the given message with the given level.</doc>
<status status="PASS" start="2024-07-09T23:17:32.698759" elapsed="0.000198"/>
</kw>
<kw name="Should Be String" owner="String">
<arg>${json_data['results'][0]['gender']}</arg>
<doc>Fails if the given ``item`` is not a string.</doc>
<status status="PASS" start="2024-07-09T23:17:32.699244" elapsed="0.000366"/>
</kw>
<kw name="Should Match Regexp" owner="BuiltIn">
<arg>${json_data['results'][0]['email']}</arg>
<arg>^[a-zA-Z0-9._%+-]+@[a-zA-Z0-9.-]+\.[a-zA-Z]{2,}$</arg>
<doc>Fails if ``string`` does not match ``pattern`` as a regular expression.</doc>
<status status="PASS" start="2024-07-09T23:17:32.699798" elapsed="0.000504"/>
</kw>
<kw name="Should Match Regexp" owner="BuiltIn">
<arg>${json_data['results'][0]['dob']['date']}</arg>
<arg>\\d{4}-\\d{2}-\\d{2}T\\d{2}:\\d{2}:\\d{2}\\.\\d{3}Z</arg>
<doc>Fails if ``string`` does not match ``pattern`` as a regular expression.</doc>
<status status="PASS" start="2024-07-09T23:17:32.700530" elapsed="0.000491"/>
</kw>
<kw name="Should Match Regexp" owner="BuiltIn">
<arg>${json_data['results'][0]['registered']['date']}</arg>
<arg>\\d{4}-\\d{2}-\\d{2}T\\d{2}:\\d{2}:\\d{2}\\.\\d{3}Z</arg>
<doc>Fails if ``string`` does not match ``pattern`` as a regular expression.</doc>
<status status="PASS" start="2024-07-09T23:17:32.701209" elapsed="0.000363"/>
</kw>
<kw name="Should Match Regexp" owner="BuiltIn">
<arg>${json_data['results'][0]['picture']['large']}</arg>
<arg>^https?://.*\.(?:png|jpe?g|gif|bmp)$</arg>
<doc>Fails if ``string`` does not match ``pattern`` as a regular expression.</doc>
<status status="PASS" start="2024-07-09T23:17:32.701756" elapsed="0.000500"/>
</kw>
<kw name="Should Match Regexp" owner="BuiltIn">
<arg>${json_data['results'][0]['picture']['medium']}</arg>
<arg>^https?://.*\.(?:png|jpe?g|gif|bmp)$</arg>
<doc>Fails if ``string`` does not match ``pattern`` as a regular expression.</doc>
<status status="PASS" start="2024-07-09T23:17:32.702445" elapsed="0.000350"/>
</kw>
<kw name="Should Match Regexp" owner="BuiltIn">
<arg>${json_data['results'][0]['picture']['thumbnail']}</arg>
<arg>^https?://.*\.(?:png|jpe?g|gif|bmp)$</arg>
<doc>Fails if ``string`` does not match ``pattern`` as a regular expression.</doc>
<status status="PASS" start="2024-07-09T23:17:32.702980" elapsed="0.000346"/>
</kw>
<kw name="Log" owner="BuiltIn">
<msg time="2024-07-09T23:17:32.703838" level="INFO">{'large': 'https://randomuser.me/api/portraits/men/1.jpg', 'medium': 'https://randomuser.me/api/portraits/med/men/1.jpg', 'thumbnail': 'https://randomuser.me/api/portraits/thumb/men/1.jpg'}</msg>
<arg>${json_data['results'][0]['picture']}</arg>
<doc>Logs the given message with the given level.</doc>
<status status="PASS" start="2024-07-09T23:17:32.703509" elapsed="0.000370"/>
</kw>
<status status="PASS" start="2024-07-09T23:17:32.629678" elapsed="0.074454"/>
</kw>
<kw name="Teste de Tipos de Dados - Postcode" owner="random-user-service">
<kw name="GET On Session" owner="RequestsLibrary">
<msg time="2024-07-09T23:17:32.798757" level="INFO">GET Request : url=https://randomuser.me/api 
 path_url=/api 
 headers={'User-Agent': 'python-requests/2.32.3', 'Accept-Encoding': 'gzip, deflate', 'Accept': '*/*', 'Connection': 'keep-alive'} 
 body=None 
 </msg>
<msg time="2024-07-09T23:17:32.798845" level="INFO">GET Response : url=https://randomuser.me/api 
 status=200, reason=OK 
 headers={'Date': 'Tue, 09 Jul 2024 23:17:32 GMT', 'Content-Type': 'application/json; charset=utf-8', 'Transfer-Encoding': 'chunked', 'Connection': 'keep-alive', 'X-Powered-By': 'Express', 'Access-Control-Allow-Origin': '*', 'Cache-Control': 'no-cache', 'ETag': 'W/"48f-h0APJcxSYCibNiky4gU5fUGMBns"', 'Vary': 'Accept-Encoding', 'Content-Encoding': 'gzip', 'CF-Cache-Status': 'DYNAMIC', 'Report-To': '{"endpoints":[{"url":"https:\\/\\/a.nel.cloudflare.com\\/report\\/v4?s=p5pzmUu%2FV3gssE%2Bwvzm9zZ0pyRP5qq%2FrH%2BaKMqvAepT890%2BuYRK4OWD1IJUeETAx2BcGhIZIoBbUiqbADOE94%2F%2B8fhmXbhJKwumzR%2BoMqhzjF1Fcxdeht%2FIDjA9X32%2BR"}],"group":"cf-nel","max_age":604800}', 'NEL': '{"success_fraction":0,"report_to":"cf-nel","max_age":604800}', 'Server': 'cloudflare', 'CF-RAY': '8a0c072f6f889c3d-IAD', 'alt-svc': 'h3=":443"; ma=86400'} 
 body={"results":[{"gender":"male","name":{"title":"Mr","first":"Milan","last":"Damjanović"},"location":{"street":{"number":2413,"name":"Janče Jovanovića "},"city":"Kladovo","state":"South Banat","country":"Serbia","postcode":51096,"coordinates":{"latitude":"61.1654","longitude":"-121.1773"},"timezone":{"offset":"+6:00","description":"Almaty, Dhaka, Colombo"}},"email":"milan.damjanovic@example.com","login":{"uuid":"71c354c7-a973-45c3-b117-beb926eda778","username":"beautifulladybug727","password":"acer","salt":"NJEovXno","md5":"04b1abd24c836e656bc9848bfc8276e7","sha1":"ef514df741348b4decddc28c4d33f99a712d735a","sha256":"39ce3147eebe57d011a0579d467912f1d331a6191192d0ed377cf59043029145"},"dob":{"date":"1997-07-16T06:41:59.813Z","age":26},"registered":{"date":"2016-12-31T00:19:10.548Z","age":7},"phone":"013-8864-452","cell":"066-3085-126","id":{"name":"SID","value":"715329180"},"picture":{"large":"https://randomuser.me/api/portraits/men/58.jpg","medium":"https://randomuser.me/api/portraits/med/men/58.jpg","thumbnail":"https://randomuser.me/api/portraits/thumb/men/58.jpg"},"nat":"RS"}],"info":{"seed":"9697bc8f412fe9e5","results":1,"page":1,"version":"1.4"}} 
 </msg>
<msg time="2024-07-09T23:17:32.798924" level="INFO">/opt/hostedtoolcache/Python/3.12.4/x64/lib/python3.12/site-packages/urllib3/connectionpool.py:1099: InsecureRequestWarning: Unverified HTTPS request is being made to host 'randomuser.me'. Adding certificate verification is strongly advised. See: https://urllib3.readthedocs.io/en/latest/advanced-usage.html#tls-warnings
  warnings.warn(</msg>
<msg time="2024-07-09T23:17:32.799044" level="INFO">${response} = &lt;Response [200]&gt;</msg>
<var>${response}</var>
<arg>consultarAPI</arg>
<arg>/api</arg>
<doc>Sends a GET request on a previously created HTTP Session.</doc>
<status status="PASS" start="2024-07-09T23:17:32.704558" elapsed="0.094541"/>
</kw>
<kw name="Set Variable" owner="BuiltIn">
<msg time="2024-07-09T23:17:32.800216" level="INFO">${json_data} = {'results': [{'gender': 'male', 'name': {'title': 'Mr', 'first': 'Milan', 'last': 'Damjanović'}, 'location': {'street': {'number': 2413, 'name': 'Janče Jovanovića '}, 'city': 'Kladovo', 'state': 'Sout...</msg>
<var>${json_data}</var>
<arg>${response.json()}</arg>
<doc>Returns the given values which can then be assigned to a variables.</doc>
<status status="PASS" start="2024-07-09T23:17:32.799654" elapsed="0.000593"/>
</kw>
<kw name="Log" owner="BuiltIn">
<msg time="2024-07-09T23:17:32.800716" level="INFO">{'results': [{'gender': 'male', 'name': {'title': 'Mr', 'first': 'Milan', 'last': 'Damjanović'}, 'location': {'street': {'number': 2413, 'name': 'Janče Jovanovića '}, 'city': 'Kladovo', 'state': 'South Banat', 'country': 'Serbia', 'postcode': 51096, 'coordinates': {'latitude': '61.1654', 'longitude': '-121.1773'}, 'timezone': {'offset': '+6:00', 'description': 'Almaty, Dhaka, Colombo'}}, 'email': 'milan.damjanovic@example.com', 'login': {'uuid': '71c354c7-a973-45c3-b117-beb926eda778', 'username': 'beautifulladybug727', 'password': 'acer', 'salt': 'NJEovXno', 'md5': '04b1abd24c836e656bc9848bfc8276e7', 'sha1': 'ef514df741348b4decddc28c4d33f99a712d735a', 'sha256': '39ce3147eebe57d011a0579d467912f1d331a6191192d0ed377cf59043029145'}, 'dob': {'date': '1997-07-16T06:41:59.813Z', 'age': 26}, 'registered': {'date': '2016-12-31T00:19:10.548Z', 'age': 7}, 'phone': '013-8864-452', 'cell': '066-3085-126', 'id': {'name': 'SID', 'value': '715329180'}, 'picture': {'large': 'https://randomuser.me/api/portraits/men/58.jpg', 'medium': 'https://randomuser.me/api/portraits/med/men/58.jpg', 'thumbnail': 'https://randomuser.me/api/portraits/thumb/men/58.jpg'}, 'nat': 'RS'}], 'info': {'seed': '9697bc8f412fe9e5', 'results': 1, 'page': 1, 'version': '1.4'}}</msg>
<arg>${json_data}</arg>
<doc>Logs the given message with the given level.</doc>
<status status="PASS" start="2024-07-09T23:17:32.800561" elapsed="0.000204"/>
</kw>
<kw name="Should Be Equal As Numbers" owner="BuiltIn">
<arg>${json_data['results'][0]['location']['postcode']}</arg>
<arg>${json_data['results'][0]['location']['postcode']}</arg>
<doc>Fails if objects are unequal after converting them to real numbers.</doc>
<status status="PASS" start="2024-07-09T23:17:32.801061" elapsed="0.000630"/>
</kw>
<kw name="Log" owner="BuiltIn">
<msg time="2024-07-09T23:17:32.802287" level="INFO">51096</msg>
<arg>${json_data['results'][0]['location']['postcode']}</arg>
<doc>Logs the given message with the given level.</doc>
<status status="PASS" start="2024-07-09T23:17:32.801947" elapsed="0.000380"/>
</kw>
<status status="PASS" start="2024-07-09T23:17:32.704341" elapsed="0.098264"/>
</kw>
<doc>Testa se os tipos de dados na resposta da API estão corretos.</doc>
<tag>testeTiposDados</tag>
<status status="PASS" start="2024-07-09T23:17:32.629042" elapsed="0.173726"/>
</test>
<test id="s1-s1-t5" name="Validar conteudo" line="35">
<kw name="Teste de Tipos de Conteudo" owner="random-user-service">
<kw name="GET On Session" owner="RequestsLibrary">
<msg time="2024-07-09T23:17:32.896649" level="INFO">GET Request : url=https://randomuser.me/api 
 path_url=/api 
 headers={'User-Agent': 'python-requests/2.32.3', 'Accept-Encoding': 'gzip, deflate', 'Accept': '*/*', 'Connection': 'keep-alive'} 
 body=None 
 </msg>
<msg time="2024-07-09T23:17:32.896724" level="INFO">GET Response : url=https://randomuser.me/api 
 status=200, reason=OK 
 headers={'Date': 'Tue, 09 Jul 2024 23:17:32 GMT', 'Content-Type': 'application/json; charset=utf-8', 'Transfer-Encoding': 'chunked', 'Connection': 'keep-alive', 'X-Powered-By': 'Express', 'Access-Control-Allow-Origin': '*', 'Cache-Control': 'no-cache', 'ETag': 'W/"492-eS878oMno5uy2sz5GKrgZQYTvgM"', 'Vary': 'Accept-Encoding', 'Content-Encoding': 'gzip', 'CF-Cache-Status': 'DYNAMIC', 'Report-To': '{"endpoints":[{"url":"https:\\/\\/a.nel.cloudflare.com\\/report\\/v4?s=%2FKi63JIqGCZnCxGrGSGTwn9ulV5X8Yji%2FvfJYYjqo8KPLIItuy2Slt2bX4GLlmg8Z0owN6ahorO4rQrwYB25uSHNFP8uyT3Cefy09p3d%2FFLREq6aqxYdVW3L9aO4a8II"}],"group":"cf-nel","max_age":604800}', 'NEL': '{"success_fraction":0,"report_to":"cf-nel","max_age":604800}', 'Server': 'cloudflare', 'CF-RAY': '8a0c073008bc9c3d-IAD', 'alt-svc': 'h3=":443"; ma=86400'} 
 body={"results":[{"gender":"female","name":{"title":"Ms","first":"Vicki","last":"Dunn"},"location":{"street":{"number":1288,"name":"Forest Ln"},"city":"Vernon","state":"Delaware","country":"United States","postcode":44858,"coordinates":{"latitude":"85.8719","longitude":"66.7067"},"timezone":{"offset":"+8:00","description":"Beijing, Perth, Singapore, Hong Kong"}},"email":"vicki.dunn@example.com","login":{"uuid":"f3fd24e2-68e1-4148-b10e-934061b137fe","username":"whitemeercat311","password":"2469","salt":"G6fhsFRf","md5":"b493d1f18c306f19394eacf06eb26a19","sha1":"c88fd03db9d7470704cc34e46189339ab31aac71","sha256":"e0f1bcfbdcea18b8ee182fb8f52c5e01d4ad3ed91f3bc77c71ce4b5e18928799"},"dob":{"date":"1959-07-06T14:48:38.425Z","age":65},"registered":{"date":"2003-01-01T02:12:25.642Z","age":21},"phone":"(270) 349-8723","cell":"(464) 747-8775","id":{"name":"SSN","value":"359-18-2991"},"picture":{"large":"https://randomuser.me/api/portraits/women/40.jpg","medium":"https://randomuser.me/api/portraits/med/women/40.jpg","thumbnail":"https://randomuser.me/api/portraits/thumb/women/40.jpg"},"nat":"US"}],"info":{"seed":"7824cc611b2e41b7","results":1,"page":1,"version":"1.4"}} 
 </msg>
<msg time="2024-07-09T23:17:32.896797" level="INFO">/opt/hostedtoolcache/Python/3.12.4/x64/lib/python3.12/site-packages/urllib3/connectionpool.py:1099: InsecureRequestWarning: Unverified HTTPS request is being made to host 'randomuser.me'. Adding certificate verification is strongly advised. See: https://urllib3.readthedocs.io/en/latest/advanced-usage.html#tls-warnings
  warnings.warn(</msg>
<msg time="2024-07-09T23:17:32.896899" level="INFO">${response} = &lt;Response [200]&gt;</msg>
<var>${response}</var>
<arg>consultarAPI</arg>
<arg>/api</arg>
<doc>Sends a GET request on a previously created HTTP Session.</doc>
<status status="PASS" start="2024-07-09T23:17:32.805397" elapsed="0.091542"/>
</kw>
<kw name="Set Variable" owner="BuiltIn">
<msg time="2024-07-09T23:17:32.898092" level="INFO">${json_data} = {'results': [{'gender': 'female', 'name': {'title': 'Ms', 'first': 'Vicki', 'last': 'Dunn'}, 'location': {'street': {'number': 1288, 'name': 'Forest Ln'}, 'city': 'Vernon', 'state': 'Delaware', 'count...</msg>
<var>${json_data}</var>
<arg>${response.json()}</arg>
<doc>Returns the given values which can then be assigned to a variables.</doc>
<status status="PASS" start="2024-07-09T23:17:32.897481" elapsed="0.000640"/>
</kw>
<kw name="Set Variable" owner="BuiltIn">
<msg time="2024-07-09T23:17:32.898805" level="INFO">${name_title} = Ms</msg>
<var>${name_title}</var>
<arg>${json_data["results"][0]["name"]["title"]}</arg>
<doc>Returns the given values which can then be assigned to a variables.</doc>
<status status="PASS" start="2024-07-09T23:17:32.898428" elapsed="0.000414"/>
</kw>
<kw name="Create List" owner="BuiltIn">
<msg time="2024-07-09T23:17:32.899300" level="INFO">${allowed_titles} = ['Mr', 'Ms', 'Miss', 'Mrs', 'Madame', 'Monsieur']</msg>
<var>${allowed_titles}</var>
<arg>Mr</arg>
<arg>Ms</arg>
<arg>Miss</arg>
<arg>Mrs</arg>
<arg>Madame</arg>
<arg>Monsieur</arg>
<doc>Returns a list containing given items.</doc>
<status status="PASS" start="2024-07-09T23:17:32.899146" elapsed="0.000179"/>
</kw>
<kw name="List Should Contain Value" owner="Collections">
<arg>${allowed_titles}</arg>
<arg>${name_title}</arg>
<doc>Fails if the ``value`` is not found from ``list``.</doc>
<status status="PASS" start="2024-07-09T23:17:32.899626" elapsed="0.000177"/>
</kw>
<kw name="Set Variable" owner="BuiltIn">
<msg time="2024-07-09T23:17:32.900389" level="INFO">${name_country} = US</msg>
<var>${name_country}</var>
<arg>${json_data["results"][0]["nat"]}</arg>
<doc>Returns the given values which can then be assigned to a variables.</doc>
<status status="PASS" start="2024-07-09T23:17:32.900005" elapsed="0.000410"/>
</kw>
<kw name="Create List" owner="BuiltIn">
<msg time="2024-07-09T23:17:32.901366" level="INFO">${list_country} = ['AD', 'AE', 'AF', 'AG', 'AI', 'AL', 'AM', 'AO', 'AQ', 'AR', 'AS', 'AT', 'AU', 'AW', 'AX', 'AZ', 'BA', 'BB', 'BD', 'BE', 'BF', 'BG', 'BH', 'BI', 'BJ', 'BL', 'BM', 'BN', 'BO', 'BQ', 'BR', 'BS', 'BT', '...</msg>
<var>${list_country}</var>
<arg>AD</arg>
<arg>AE</arg>
<arg>AF</arg>
<arg>AG</arg>
<arg>AI</arg>
<arg>AL</arg>
<arg>AM</arg>
<arg>AO</arg>
<arg>AQ</arg>
<arg>AR</arg>
<arg>AS</arg>
<arg>AT</arg>
<arg>AU</arg>
<arg>AW</arg>
<arg>AX</arg>
<arg>AZ</arg>
<arg>BA</arg>
<arg>BB</arg>
<arg>BD</arg>
<arg>BE</arg>
<arg>BF</arg>
<arg>BG</arg>
<arg>BH</arg>
<arg>BI</arg>
<arg>BJ</arg>
<arg>BL</arg>
<arg>BM</arg>
<arg>BN</arg>
<arg>BO</arg>
<arg>BQ</arg>
<arg>BR</arg>
<arg>BS</arg>
<arg>BT</arg>
<arg>BV</arg>
<arg>BW</arg>
<arg>BY</arg>
<arg>BZ</arg>
<arg>CA</arg>
<arg>CC</arg>
<arg>CD</arg>
<arg>CF</arg>
<arg>CG</arg>
<arg>CH</arg>
<arg>CI</arg>
<arg>CK</arg>
<arg>CL</arg>
<arg>CM</arg>
<arg>CN</arg>
<arg>CO</arg>
<arg>CR</arg>
<arg>CU</arg>
<arg>CV</arg>
<arg>CW</arg>
<arg>CX</arg>
<arg>CY</arg>
<arg>CZ</arg>
<arg>DE</arg>
<arg>DJ</arg>
<arg>DK</arg>
<arg>DM</arg>
<arg>DO</arg>
<arg>DZ</arg>
<arg>EC</arg>
<arg>EE</arg>
<arg>EG</arg>
<arg>EH</arg>
<arg>ER</arg>
<arg>ES</arg>
<arg>ET</arg>
<arg>FI</arg>
<arg>FJ</arg>
<arg>FK</arg>
<arg>FM</arg>
<arg>FO</arg>
<arg>FR</arg>
<arg>GA</arg>
<arg>GB</arg>
<arg>GD</arg>
<arg>GE</arg>
<arg>GF</arg>
<arg>GG</arg>
<arg>GH</arg>
<arg>GI</arg>
<arg>GL</arg>
<arg>GM</arg>
<arg>GN</arg>
<arg>GP</arg>
<arg>GQ</arg>
<arg>GR</arg>
<arg>GS</arg>
<arg>GT</arg>
<arg>GU</arg>
<arg>GW</arg>
<arg>GY</arg>
<arg>HK</arg>
<arg>HM</arg>
<arg>HN</arg>
<arg>HR</arg>
<arg>HT</arg>
<arg>HU</arg>
<arg>ID</arg>
<arg>IE</arg>
<arg>IL</arg>
<arg>IM</arg>
<arg>IN</arg>
<arg>IO</arg>
<arg>IQ</arg>
<arg>IR</arg>
<arg>IS</arg>
<arg>IT</arg>
<arg>JE</arg>
<arg>JM</arg>
<arg>JO</arg>
<arg>JP</arg>
<arg>KE</arg>
<arg>KG</arg>
<arg>KH</arg>
<arg>KI</arg>
<arg>KM</arg>
<arg>KN</arg>
<arg>KP</arg>
<arg>KR</arg>
<arg>KW</arg>
<arg>KY</arg>
<arg>KZ</arg>
<arg>LA</arg>
<arg>LB</arg>
<arg>LC</arg>
<arg>LI</arg>
<arg>LK</arg>
<arg>LR</arg>
<arg>LS</arg>
<arg>LT</arg>
<arg>LU</arg>
<arg>LV</arg>
<arg>LY</arg>
<arg>MA</arg>
<arg>MC</arg>
<arg>MD</arg>
<arg>ME</arg>
<arg>MF</arg>
<arg>MG</arg>
<arg>MH</arg>
<arg>MK</arg>
<arg>ML</arg>
<arg>MM</arg>
<arg>MN</arg>
<arg>MO</arg>
<arg>MP</arg>
<arg>MQ</arg>
<arg>MR</arg>
<arg>MS</arg>
<arg>MT</arg>
<arg>MU</arg>
<arg>MV</arg>
<arg>MW</arg>
<arg>MX</arg>
<arg>MY</arg>
<arg>MZ</arg>
<arg>NA</arg>
<arg>NC</arg>
<arg>NE</arg>
<arg>NF</arg>
<arg>NG</arg>
<arg>NI</arg>
<arg>NL</arg>
<arg>NO</arg>
<arg>NP</arg>
<arg>NR</arg>
<arg>NU</arg>
<arg>NZ</arg>
<arg>OM</arg>
<arg>PA</arg>
<arg>PE</arg>
<arg>PF</arg>
<arg>PG</arg>
<arg>PH</arg>
<arg>PK</arg>
<arg>PL</arg>
<arg>PM</arg>
<arg>PN</arg>
<arg>PR</arg>
<arg>PS</arg>
<arg>PT</arg>
<arg>PW</arg>
<arg>PY</arg>
<arg>QA</arg>
<arg>RE</arg>
<arg>RO</arg>
<arg>RS</arg>
<arg>RU</arg>
<arg>RW</arg>
<arg>SA</arg>
<arg>SB</arg>
<arg>SC</arg>
<arg>SD</arg>
<arg>SE</arg>
<arg>SG</arg>
<arg>SH</arg>
<arg>SI</arg>
<arg>SJ</arg>
<arg>SK</arg>
<arg>SL</arg>
<arg>SM</arg>
<arg>SN</arg>
<arg>SO</arg>
<arg>SR</arg>
<arg>SS</arg>
<arg>ST</arg>
<arg>SV</arg>
<arg>SX</arg>
<arg>SY</arg>
<arg>SZ</arg>
<arg>TC</arg>
<arg>TD</arg>
<arg>TF</arg>
<arg>TG</arg>
<arg>TH</arg>
<arg>TJ</arg>
<arg>TK</arg>
<arg>TL</arg>
<arg>TM</arg>
<arg>TN</arg>
<arg>TO</arg>
<arg>TR</arg>
<arg>TT</arg>
<arg>TV</arg>
<arg>TW</arg>
<arg>TZ</arg>
<arg>UA</arg>
<arg>UG</arg>
<arg>UM</arg>
<arg>US</arg>
<arg>UY</arg>
<arg>UZ</arg>
<arg>VA</arg>
<arg>VC</arg>
<arg>VE</arg>
<arg>VG</arg>
<arg>VI</arg>
<arg>VN</arg>
<arg>VU</arg>
<arg>WF</arg>
<arg>WS</arg>
<arg>XK</arg>
<arg>YE</arg>
<arg>YT</arg>
<arg>ZA</arg>
<arg>ZM</arg>
<arg>ZW</arg>
<doc>Returns a list containing given items.</doc>
<status status="PASS" start="2024-07-09T23:17:32.900727" elapsed="0.000666"/>
</kw>
<kw name="List Should Contain Value" owner="Collections">
<arg>${list_country}</arg>
<arg>${name_country}</arg>
<doc>Fails if the ``value`` is not found from ``list``.</doc>
<status status="PASS" start="2024-07-09T23:17:32.902253" elapsed="0.000206"/>
</kw>
<kw name="Run Keyword If" owner="BuiltIn">
<kw name="Should Be True" owner="BuiltIn">
<arg>${True}</arg>
<doc>Fails if the given condition is not true.</doc>
<status status="PASS" start="2024-07-09T23:17:32.903389" elapsed="0.000141"/>
</kw>
<arg>${json_data["results"][0]["location"]["coordinates"]["latitude"]} &gt;= -90 and ${json_data["results"][0]["location"]["coordinates"]["latitude"]} &lt;= 90</arg>
<arg>Should Be True</arg>
<arg>${True}</arg>
<doc>Runs the given keyword with the given arguments, if ``condition`` is true.</doc>
<status status="PASS" start="2024-07-09T23:17:32.902655" elapsed="0.000999"/>
</kw>
<kw name="Run Keyword If" owner="BuiltIn">
<kw name="Should Be True" owner="BuiltIn">
<arg>${True}</arg>
<doc>Fails if the given condition is not true.</doc>
<status status="PASS" start="2024-07-09T23:17:32.904607" elapsed="0.000150"/>
</kw>
<arg>${json_data["results"][0]["location"]["coordinates"]["longitude"]} &gt;= -180 and ${json_data["results"][0]["location"]["coordinates"]["longitude"]} &lt;= 180</arg>
<arg>Should Be True</arg>
<arg>${True}</arg>
<doc>Runs the given keyword with the given arguments, if ``condition`` is true.</doc>
<status status="PASS" start="2024-07-09T23:17:32.903870" elapsed="0.001015"/>
</kw>
<status status="PASS" start="2024-07-09T23:17:32.805046" elapsed="0.099993"/>
</kw>
<doc>Testa o conteúdo específico dos campos retornados pela API.</doc>
<tag>testeConteudo</tag>
<status status="PASS" start="2024-07-09T23:17:32.804521" elapsed="0.100674"/>
</test>
<status status="PASS" start="2024-07-09T23:17:31.992399" elapsed="0.914911"/>
</suite>
<status status="PASS" start="2024-07-09T23:17:31.978258" elapsed="0.934290"/>
</suite>
<statistics>
<total>
<stat pass="5" fail="0" skip="0">All Tests</stat>
</total>
<tag>
<stat pass="1" fail="0" skip="0">testeConteudo</stat>
<stat pass="1" fail="0" skip="0">testeEstruturaResposta</stat>
<stat pass="1" fail="0" skip="0">testeRequisicaoBasica</stat>
<stat pass="1" fail="0" skip="0">testeTiposDados</stat>
</tag>
<suite>
<stat pass="5" fail="0" skip="0" id="s1" name="Tests">Tests</stat>
<stat pass="5" fail="0" skip="0" id="s1-s1" name="Random-User-Test">Tests.Random-User-Test</stat>
</suite>
</statistics>
<errors>
</errors>
</robot>
