<?xml version="1.0" encoding="UTF-8"?>
<robot generator="Robot 7.0 (Python 3.12.3 on linux)" generated="2024-05-19T05:14:29.151157" rpa="false" schemaversion="5">
<suite id="s1" name="Tests" source="/home/runner/work/DesafioQAItauRogerioJordao/DesafioQAItauRogerioJordao/RamdonUser/tests">
<suite id="s1-s1" name="Random-User-Test" source="/home/runner/work/DesafioQAItauRogerioJordao/DesafioQAItauRogerioJordao/RamdonUser/tests/random-user-test.robot">
<test id="s1-s1-t1" name="Conectar" line="13">
<kw name="Conectar API" owner="random-user-service">
<kw name="Create Session" owner="RequestsLibrary">
<msg time="2024-05-19T05:14:29.506173" level="INFO">Creating Session using : alias=consultarAPI, url=https://randomuser.me/, headers={},                     cookies={}, auth=None, timeout=None, proxies=None, verify=False,                     debug=0 </msg>
<arg>consultarAPI</arg>
<arg>${URL}</arg>
<doc>Create Session: create a HTTP session to a server</doc>
<status status="PASS" start="2024-05-19T05:14:29.505977" elapsed="0.000372"/>
</kw>
<status status="PASS" start="2024-05-19T05:14:29.505009" elapsed="0.001698"/>
</kw>
<status status="PASS" start="2024-05-19T05:14:29.504398" elapsed="0.002504"/>
</test>
<test id="s1-s1-t2" name="Validar retorno 200 e JSON Válido" line="16">
<kw name="Teste de Requisicao Basica" owner="random-user-service">
<kw name="GET On Session" owner="RequestsLibrary">
<msg time="2024-05-19T05:14:29.687671" level="INFO">GET Request : url=https://randomuser.me/api 
 path_url=/api 
 headers={'User-Agent': 'python-requests/2.31.0', 'Accept-Encoding': 'gzip, deflate', 'Accept': '*/*', 'Connection': 'keep-alive'} 
 body=None 
 </msg>
<msg time="2024-05-19T05:14:29.687823" level="INFO">GET Response : url=https://randomuser.me/api 
 status=200, reason=OK 
 headers={'Date': 'Sun, 19 May 2024 05:14:29 GMT', 'Content-Type': 'application/json; charset=utf-8', 'Transfer-Encoding': 'chunked', 'Connection': 'keep-alive', 'X-Powered-By': 'Express', 'Access-Control-Allow-Origin': '*', 'Cache-Control': 'no-cache', 'ETag': 'W/"485-iUQ7AtBpi1b5fM3SGyJjQTFhFpQ"', 'Vary': 'Accept-Encoding', 'Content-Encoding': 'gzip', 'CF-Cache-Status': 'DYNAMIC', 'Report-To': '{"endpoints":[{"url":"https:\\/\\/a.nel.cloudflare.com\\/report\\/v4?s=d64sEJJc8AaTrYQ%2B2%2F%2FzhEeMgOOuNAMlxHIyvFbSh%2BBKFJBNPmKqdDRiVS%2B2p4Yz5Wtpn8tMX%2BHMidYLUGfcFhJC1ptepBB3g36wyfSma1AI425QWAPbj7zkSKEh3XJc"}],"group":"cf-nel","max_age":604800}', 'NEL': '{"success_fraction":0,"report_to":"cf-nel","max_age":604800}', 'Server': 'cloudflare', 'CF-RAY': '88619a8f5d475848-IAD', 'alt-svc': 'h3=":443"; ma=86400'} 
 body={"results":[{"gender":"male","name":{"title":"Mr","first":"Vadim","last":"Mandrika"},"location":{"street":{"number":6983,"name":"Kitayivska"},"city":"Izyaslav","state":"Chernivecka","country":"Ukraine","postcode":53967,"coordinates":{"latitude":"76.5126","longitude":"-16.2371"},"timezone":{"offset":"+8:00","description":"Beijing, Perth, Singapore, Hong Kong"}},"email":"vadim.mandrika@example.com","login":{"uuid":"28db65f7-ea88-4d9b-ab5a-02c18703d30f","username":"goldenostrich128","password":"pooky","salt":"6QGIZKS4","md5":"20384645e2ea2849493734f3dc54d3aa","sha1":"30a2b2e5d6ab1d60a2b624320235b7922184810c","sha256":"8e9ef95ec0268cc95d226f7cf771901f9c69f3220782c7d4e654a9a30a91daa9"},"dob":{"date":"1953-05-30T14:33:03.300Z","age":70},"registered":{"date":"2018-08-06T05:27:06.863Z","age":5},"phone":"(096) L01-8109","cell":"(097) U73-9603","id":{"name":"","value":null},"picture":{"large":"https://randomuser.me/api/portraits/men/7.jpg","medium":"https://randomuser.me/api/portraits/med/men/7.jpg","thumbnail":"https://randomuser.me/api/portraits/thumb/men/7.jpg"},"nat":"UA"}],"info":{"seed":"018612e31bf7ffd4","results":1,"page":1,"version":"1.4"}} 
 </msg>
<msg time="2024-05-19T05:14:29.687897" level="INFO">/opt/hostedtoolcache/Python/3.12.3/x64/lib/python3.12/site-packages/urllib3/connectionpool.py:1103: InsecureRequestWarning: Unverified HTTPS request is being made to host 'randomuser.me'. Adding certificate verification is strongly advised. See: https://urllib3.readthedocs.io/en/latest/advanced-usage.html#tls-warnings
  warnings.warn(</msg>
<msg time="2024-05-19T05:14:29.688036" level="INFO">${response} = &lt;Response [200]&gt;</msg>
<var>${response}</var>
<arg>consultarAPI</arg>
<arg>/api</arg>
<doc>Sends a GET request on a previously created HTTP Session.</doc>
<status status="PASS" start="2024-05-19T05:14:29.509565" elapsed="0.178513"/>
</kw>
<kw name="Should Be Equal As Numbers" owner="BuiltIn">
<msg time="2024-05-19T05:14:29.689046" level="INFO">Argument types are:
&lt;class 'int'&gt;
&lt;class 'str'&gt;</msg>
<arg>${response.status_code}</arg>
<arg>200</arg>
<doc>Fails if objects are unequal after converting them to real numbers.</doc>
<status status="PASS" start="2024-05-19T05:14:29.688613" elapsed="0.000497"/>
</kw>
<kw name="Log" owner="BuiltIn">
<msg time="2024-05-19T05:14:29.689806" level="INFO">200</msg>
<arg>${response.status_code}</arg>
<doc>Logs the given message with the given level.</doc>
<status status="PASS" start="2024-05-19T05:14:29.689462" elapsed="0.000386"/>
</kw>
<kw name="Set Variable" owner="BuiltIn">
<msg time="2024-05-19T05:14:29.690575" level="INFO">${json_data} = {'results': [{'gender': 'male', 'name': {'title': 'Mr', 'first': 'Vadim', 'last': 'Mandrika'}, 'location': {'street': {'number': 6983, 'name': 'Kitayivska'}, 'city': 'Izyaslav', 'state': 'Chernivecka'...</msg>
<var>${json_data}</var>
<arg>${response.json()}</arg>
<doc>Returns the given values which can then be assigned to a variables.</doc>
<status status="PASS" start="2024-05-19T05:14:29.690148" elapsed="0.000455"/>
</kw>
<kw name="Dictionary Should Contain Key" owner="Collections">
<msg time="2024-05-19T05:14:29.691075" level="INFO">False</msg>
<arg>${json_data}</arg>
<arg>results</arg>
<doc>Fails if ``key`` is not found from ``dictionary``.</doc>
<status status="PASS" start="2024-05-19T05:14:29.690901" elapsed="0.000213"/>
</kw>
<status status="PASS" start="2024-05-19T05:14:29.509324" elapsed="0.182092"/>
</kw>
<doc>Testa se a API responde corretamente e retorna um objeto JSON válido.</doc>
<tag>testeRequisicaoBasica</tag>
<status status="PASS" start="2024-05-19T05:14:29.508812" elapsed="0.182782"/>
</test>
<test id="s1-s1-t3" name="Validar estrutura de resposta" line="22">
<kw name="Teste de Estrutura de Resposta" owner="random-user-service">
<kw name="GET On Session" owner="RequestsLibrary">
<msg time="2024-05-19T05:14:29.788665" level="INFO">GET Request : url=https://randomuser.me/api 
 path_url=/api 
 headers={'User-Agent': 'python-requests/2.31.0', 'Accept-Encoding': 'gzip, deflate', 'Accept': '*/*', 'Connection': 'keep-alive'} 
 body=None 
 </msg>
<msg time="2024-05-19T05:14:29.788773" level="INFO">GET Response : url=https://randomuser.me/api 
 status=200, reason=OK 
 headers={'Date': 'Sun, 19 May 2024 05:14:29 GMT', 'Content-Type': 'application/json; charset=utf-8', 'Transfer-Encoding': 'chunked', 'Connection': 'keep-alive', 'X-Powered-By': 'Express', 'Access-Control-Allow-Origin': '*', 'Cache-Control': 'no-cache', 'ETag': 'W/"48e-ZBv6PsA7NHL2e1YoSvUTrt5dRwc"', 'Vary': 'Accept-Encoding', 'Content-Encoding': 'gzip', 'CF-Cache-Status': 'DYNAMIC', 'Report-To': '{"endpoints":[{"url":"https:\\/\\/a.nel.cloudflare.com\\/report\\/v4?s=XbPOEZff4nEtiyUsdWWjEFQi9aOy6roKDS1PiMrmHMIbKuTcl6yxXh%2FFgewRN5DeAOmraJaieuq6A3tEWmiqAww0C%2BxholRhjXAvPCmkxWYpIbkVNAf%2B49JcaiI6bGKr"}],"group":"cf-nel","max_age":604800}', 'NEL': '{"success_fraction":0,"report_to":"cf-nel","max_age":604800}', 'Server': 'cloudflare', 'CF-RAY': '88619a8f9d6b5848-IAD', 'alt-svc': 'h3=":443"; ma=86400'} 
 body={"results":[{"gender":"male","name":{"title":"Mr","first":"آدرین","last":"مرادی"},"location":{"street":{"number":4667,"name":"امیرکبیر"},"city":"بوشهر","state":"آذربایجان غربی","country":"Iran","postcode":91304,"coordinates":{"latitude":"16.4329","longitude":"-145.6280"},"timezone":{"offset":"+9:30","description":"Adelaide, Darwin"}},"email":"adryn.mrdy@example.com","login":{"uuid":"0ae7240e-15c2-4b85-a8db-c218d901a9d0","username":"ticklishpeacock814","password":"looker","salt":"fwWiQIvk","md5":"0f5013fd4d0cd0a2eaf53fd6cacf5f32","sha1":"e622bff7a3705d24e8d5a7fe998c023e143f37ac","sha256":"7f8b63d74a7f10358086d8d4547f78e825faf6827c0f6b2e26922b8325163d41"},"dob":{"date":"1951-10-14T18:21:17.438Z","age":72},"registered":{"date":"2003-11-22T19:10:29.412Z","age":20},"phone":"085-00668046","cell":"0980-490-0762","id":{"name":"","value":null},"picture":{"large":"https://randomuser.me/api/portraits/men/53.jpg","medium":"https://randomuser.me/api/portraits/med/men/53.jpg","thumbnail":"https://randomuser.me/api/portraits/thumb/men/53.jpg"},"nat":"IR"}],"info":{"seed":"634734c4d6ca782c","results":1,"page":1,"version":"1.4"}} 
 </msg>
<msg time="2024-05-19T05:14:29.788910" level="INFO">/opt/hostedtoolcache/Python/3.12.3/x64/lib/python3.12/site-packages/urllib3/connectionpool.py:1103: InsecureRequestWarning: Unverified HTTPS request is being made to host 'randomuser.me'. Adding certificate verification is strongly advised. See: https://urllib3.readthedocs.io/en/latest/advanced-usage.html#tls-warnings
  warnings.warn(</msg>
<msg time="2024-05-19T05:14:29.789031" level="INFO">${response} = &lt;Response [200]&gt;</msg>
<var>${response}</var>
<arg>consultarAPI</arg>
<arg>/api</arg>
<doc>Sends a GET request on a previously created HTTP Session.</doc>
<status status="PASS" start="2024-05-19T05:14:29.694136" elapsed="0.094935"/>
</kw>
<kw name="Set Variable" owner="BuiltIn">
<msg time="2024-05-19T05:14:29.790063" level="INFO">${json_data} = {'results': [{'gender': 'male', 'name': {'title': 'Mr', 'first': 'آدرین', 'last': 'مرادی'}, 'location': {'street': {'number': 4667, 'name': 'امیرکبیر'}, 'city': 'بوشهر', 'state': 'آذربایجان غربی', 'co...</msg>
<var>${json_data}</var>
<arg>${response.json()}</arg>
<doc>Returns the given values which can then be assigned to a variables.</doc>
<status status="PASS" start="2024-05-19T05:14:29.789544" elapsed="0.000552"/>
</kw>
<kw name="Log" owner="BuiltIn">
<msg time="2024-05-19T05:14:29.790588" level="INFO">{'results': [{'gender': 'male', 'name': {'title': 'Mr', 'first': 'آدرین', 'last': 'مرادی'}, 'location': {'street': {'number': 4667, 'name': 'امیرکبیر'}, 'city': 'بوشهر', 'state': 'آذربایجان غربی', 'country': 'Iran', 'postcode': 91304, 'coordinates': {'latitude': '16.4329', 'longitude': '-145.6280'}, 'timezone': {'offset': '+9:30', 'description': 'Adelaide, Darwin'}}, 'email': 'adryn.mrdy@example.com', 'login': {'uuid': '0ae7240e-15c2-4b85-a8db-c218d901a9d0', 'username': 'ticklishpeacock814', 'password': 'looker', 'salt': 'fwWiQIvk', 'md5': '0f5013fd4d0cd0a2eaf53fd6cacf5f32', 'sha1': 'e622bff7a3705d24e8d5a7fe998c023e143f37ac', 'sha256': '7f8b63d74a7f10358086d8d4547f78e825faf6827c0f6b2e26922b8325163d41'}, 'dob': {'date': '1951-10-14T18:21:17.438Z', 'age': 72}, 'registered': {'date': '2003-11-22T19:10:29.412Z', 'age': 20}, 'phone': '085-00668046', 'cell': '0980-490-0762', 'id': {'name': '', 'value': None}, 'picture': {'large': 'https://randomuser.me/api/portraits/men/53.jpg', 'medium': 'https://randomuser.me/api/portraits/med/men/53.jpg', 'thumbnail': 'https://randomuser.me/api/portraits/thumb/men/53.jpg'}, 'nat': 'IR'}], 'info': {'seed': '634734c4d6ca782c', 'results': 1, 'page': 1, 'version': '1.4'}}</msg>
<arg>${json_data}</arg>
<doc>Logs the given message with the given level.</doc>
<status status="PASS" start="2024-05-19T05:14:29.790425" elapsed="0.000212"/>
</kw>
<kw name="Dictionary Should Contain Key" owner="Collections">
<msg time="2024-05-19T05:14:29.791086" level="INFO">False</msg>
<arg>${json_data}</arg>
<arg>results</arg>
<doc>Fails if ``key`` is not found from ``dictionary``.</doc>
<status status="PASS" start="2024-05-19T05:14:29.790930" elapsed="0.000228"/>
</kw>
<kw name="Should Not Be Empty" owner="BuiltIn">
<msg time="2024-05-19T05:14:29.791590" level="INFO">Length is 2.</msg>
<arg>${json_data}</arg>
<doc>Verifies that the given item is not empty.</doc>
<status status="PASS" start="2024-05-19T05:14:29.791461" elapsed="0.000322"/>
</kw>
<kw name="Create List" owner="BuiltIn">
<msg time="2024-05-19T05:14:29.792231" level="INFO">${expected_keys} = ['gender', 'name', 'location', 'email', 'login']</msg>
<var>${expected_keys}</var>
<arg>gender</arg>
<arg>name</arg>
<arg>location</arg>
<arg>email</arg>
<arg>login</arg>
<doc>Returns a list containing given items.</doc>
<status status="PASS" start="2024-05-19T05:14:29.792077" elapsed="0.000179"/>
</kw>
<for flavor="IN">
<iter>
<kw name="Dictionary Should Contain Key" owner="Collections">
<msg time="2024-05-19T05:14:29.793249" level="INFO">False</msg>
<arg>${json_data['results'][0]}</arg>
<arg>${key}</arg>
<doc>Fails if ``key`` is not found from ``dictionary``.</doc>
<status status="PASS" start="2024-05-19T05:14:29.792833" elapsed="0.000454"/>
</kw>
<kw name="Log" owner="BuiltIn">
<msg time="2024-05-19T05:14:29.793942" level="INFO">{'gender': 'male', 'name': {'title': 'Mr', 'first': 'آدرین', 'last': 'مرادی'}, 'location': {'street': {'number': 4667, 'name': 'امیرکبیر'}, 'city': 'بوشهر', 'state': 'آذربایجان غربی', 'country': 'Iran', 'postcode': 91304, 'coordinates': {'latitude': '16.4329', 'longitude': '-145.6280'}, 'timezone': {'offset': '+9:30', 'description': 'Adelaide, Darwin'}}, 'email': 'adryn.mrdy@example.com', 'login': {'uuid': '0ae7240e-15c2-4b85-a8db-c218d901a9d0', 'username': 'ticklishpeacock814', 'password': 'looker', 'salt': 'fwWiQIvk', 'md5': '0f5013fd4d0cd0a2eaf53fd6cacf5f32', 'sha1': 'e622bff7a3705d24e8d5a7fe998c023e143f37ac', 'sha256': '7f8b63d74a7f10358086d8d4547f78e825faf6827c0f6b2e26922b8325163d41'}, 'dob': {'date': '1951-10-14T18:21:17.438Z', 'age': 72}, 'registered': {'date': '2003-11-22T19:10:29.412Z', 'age': 20}, 'phone': '085-00668046', 'cell': '0980-490-0762', 'id': {'name': '', 'value': None}, 'picture': {'large': 'https://randomuser.me/api/portraits/men/53.jpg', 'medium': 'https://randomuser.me/api/portraits/med/men/53.jpg', 'thumbnail': 'https://randomuser.me/api/portraits/thumb/men/53.jpg'}, 'nat': 'IR'}</msg>
<arg>${json_data['results'][0]}</arg>
<doc>Logs the given message with the given level.</doc>
<status status="PASS" start="2024-05-19T05:14:29.793582" elapsed="0.000412"/>
</kw>
<kw name="Log" owner="BuiltIn">
<msg time="2024-05-19T05:14:29.794415" level="INFO">gender</msg>
<arg>${key}</arg>
<doc>Logs the given message with the given level.</doc>
<status status="PASS" start="2024-05-19T05:14:29.794290" elapsed="0.000161"/>
</kw>
<var name="${key}">gender</var>
<status status="PASS" start="2024-05-19T05:14:29.792707" elapsed="0.001956"/>
</iter>
<iter>
<kw name="Dictionary Should Contain Key" owner="Collections">
<msg time="2024-05-19T05:14:29.795377" level="INFO">False</msg>
<arg>${json_data['results'][0]}</arg>
<arg>${key}</arg>
<doc>Fails if ``key`` is not found from ``dictionary``.</doc>
<status status="PASS" start="2024-05-19T05:14:29.794957" elapsed="0.000458"/>
</kw>
<kw name="Log" owner="BuiltIn">
<msg time="2024-05-19T05:14:29.796095" level="INFO">{'gender': 'male', 'name': {'title': 'Mr', 'first': 'آدرین', 'last': 'مرادی'}, 'location': {'street': {'number': 4667, 'name': 'امیرکبیر'}, 'city': 'بوشهر', 'state': 'آذربایجان غربی', 'country': 'Iran', 'postcode': 91304, 'coordinates': {'latitude': '16.4329', 'longitude': '-145.6280'}, 'timezone': {'offset': '+9:30', 'description': 'Adelaide, Darwin'}}, 'email': 'adryn.mrdy@example.com', 'login': {'uuid': '0ae7240e-15c2-4b85-a8db-c218d901a9d0', 'username': 'ticklishpeacock814', 'password': 'looker', 'salt': 'fwWiQIvk', 'md5': '0f5013fd4d0cd0a2eaf53fd6cacf5f32', 'sha1': 'e622bff7a3705d24e8d5a7fe998c023e143f37ac', 'sha256': '7f8b63d74a7f10358086d8d4547f78e825faf6827c0f6b2e26922b8325163d41'}, 'dob': {'date': '1951-10-14T18:21:17.438Z', 'age': 72}, 'registered': {'date': '2003-11-22T19:10:29.412Z', 'age': 20}, 'phone': '085-00668046', 'cell': '0980-490-0762', 'id': {'name': '', 'value': None}, 'picture': {'large': 'https://randomuser.me/api/portraits/men/53.jpg', 'medium': 'https://randomuser.me/api/portraits/med/men/53.jpg', 'thumbnail': 'https://randomuser.me/api/portraits/thumb/men/53.jpg'}, 'nat': 'IR'}</msg>
<arg>${json_data['results'][0]}</arg>
<doc>Logs the given message with the given level.</doc>
<status status="PASS" start="2024-05-19T05:14:29.795737" elapsed="0.000408"/>
</kw>
<kw name="Log" owner="BuiltIn">
<msg time="2024-05-19T05:14:29.796563" level="INFO">name</msg>
<arg>${key}</arg>
<doc>Logs the given message with the given level.</doc>
<status status="PASS" start="2024-05-19T05:14:29.796439" elapsed="0.000161"/>
</kw>
<var name="${key}">name</var>
<status status="PASS" start="2024-05-19T05:14:29.794845" elapsed="0.001964"/>
</iter>
<iter>
<kw name="Dictionary Should Contain Key" owner="Collections">
<msg time="2024-05-19T05:14:29.797471" level="INFO">False</msg>
<arg>${json_data['results'][0]}</arg>
<arg>${key}</arg>
<doc>Fails if ``key`` is not found from ``dictionary``.</doc>
<status status="PASS" start="2024-05-19T05:14:29.797096" elapsed="0.000411"/>
</kw>
<kw name="Log" owner="BuiltIn">
<msg time="2024-05-19T05:14:29.798160" level="INFO">{'gender': 'male', 'name': {'title': 'Mr', 'first': 'آدرین', 'last': 'مرادی'}, 'location': {'street': {'number': 4667, 'name': 'امیرکبیر'}, 'city': 'بوشهر', 'state': 'آذربایجان غربی', 'country': 'Iran', 'postcode': 91304, 'coordinates': {'latitude': '16.4329', 'longitude': '-145.6280'}, 'timezone': {'offset': '+9:30', 'description': 'Adelaide, Darwin'}}, 'email': 'adryn.mrdy@example.com', 'login': {'uuid': '0ae7240e-15c2-4b85-a8db-c218d901a9d0', 'username': 'ticklishpeacock814', 'password': 'looker', 'salt': 'fwWiQIvk', 'md5': '0f5013fd4d0cd0a2eaf53fd6cacf5f32', 'sha1': 'e622bff7a3705d24e8d5a7fe998c023e143f37ac', 'sha256': '7f8b63d74a7f10358086d8d4547f78e825faf6827c0f6b2e26922b8325163d41'}, 'dob': {'date': '1951-10-14T18:21:17.438Z', 'age': 72}, 'registered': {'date': '2003-11-22T19:10:29.412Z', 'age': 20}, 'phone': '085-00668046', 'cell': '0980-490-0762', 'id': {'name': '', 'value': None}, 'picture': {'large': 'https://randomuser.me/api/portraits/men/53.jpg', 'medium': 'https://randomuser.me/api/portraits/med/men/53.jpg', 'thumbnail': 'https://randomuser.me/api/portraits/thumb/men/53.jpg'}, 'nat': 'IR'}</msg>
<arg>${json_data['results'][0]}</arg>
<doc>Logs the given message with the given level.</doc>
<status status="PASS" start="2024-05-19T05:14:29.797805" elapsed="0.000405"/>
</kw>
<kw name="Log" owner="BuiltIn">
<msg time="2024-05-19T05:14:29.798626" level="INFO">location</msg>
<arg>${key}</arg>
<doc>Logs the given message with the given level.</doc>
<status status="PASS" start="2024-05-19T05:14:29.798504" elapsed="0.000158"/>
</kw>
<var name="${key}">location</var>
<status status="PASS" start="2024-05-19T05:14:29.796986" elapsed="0.001887"/>
</iter>
<iter>
<kw name="Dictionary Should Contain Key" owner="Collections">
<msg time="2024-05-19T05:14:29.799575" level="INFO">False</msg>
<arg>${json_data['results'][0]}</arg>
<arg>${key}</arg>
<doc>Fails if ``key`` is not found from ``dictionary``.</doc>
<status status="PASS" start="2024-05-19T05:14:29.799184" elapsed="0.000428"/>
</kw>
<kw name="Log" owner="BuiltIn">
<msg time="2024-05-19T05:14:29.800267" level="INFO">{'gender': 'male', 'name': {'title': 'Mr', 'first': 'آدرین', 'last': 'مرادی'}, 'location': {'street': {'number': 4667, 'name': 'امیرکبیر'}, 'city': 'بوشهر', 'state': 'آذربایجان غربی', 'country': 'Iran', 'postcode': 91304, 'coordinates': {'latitude': '16.4329', 'longitude': '-145.6280'}, 'timezone': {'offset': '+9:30', 'description': 'Adelaide, Darwin'}}, 'email': 'adryn.mrdy@example.com', 'login': {'uuid': '0ae7240e-15c2-4b85-a8db-c218d901a9d0', 'username': 'ticklishpeacock814', 'password': 'looker', 'salt': 'fwWiQIvk', 'md5': '0f5013fd4d0cd0a2eaf53fd6cacf5f32', 'sha1': 'e622bff7a3705d24e8d5a7fe998c023e143f37ac', 'sha256': '7f8b63d74a7f10358086d8d4547f78e825faf6827c0f6b2e26922b8325163d41'}, 'dob': {'date': '1951-10-14T18:21:17.438Z', 'age': 72}, 'registered': {'date': '2003-11-22T19:10:29.412Z', 'age': 20}, 'phone': '085-00668046', 'cell': '0980-490-0762', 'id': {'name': '', 'value': None}, 'picture': {'large': 'https://randomuser.me/api/portraits/men/53.jpg', 'medium': 'https://randomuser.me/api/portraits/med/men/53.jpg', 'thumbnail': 'https://randomuser.me/api/portraits/thumb/men/53.jpg'}, 'nat': 'IR'}</msg>
<arg>${json_data['results'][0]}</arg>
<doc>Logs the given message with the given level.</doc>
<status status="PASS" start="2024-05-19T05:14:29.799906" elapsed="0.000410"/>
</kw>
<kw name="Log" owner="BuiltIn">
<msg time="2024-05-19T05:14:29.800729" level="INFO">email</msg>
<arg>${key}</arg>
<doc>Logs the given message with the given level.</doc>
<status status="PASS" start="2024-05-19T05:14:29.800606" elapsed="0.000159"/>
</kw>
<var name="${key}">email</var>
<status status="PASS" start="2024-05-19T05:14:29.799039" elapsed="0.001935"/>
</iter>
<iter>
<kw name="Dictionary Should Contain Key" owner="Collections">
<msg time="2024-05-19T05:14:29.801629" level="INFO">False</msg>
<arg>${json_data['results'][0]}</arg>
<arg>${key}</arg>
<doc>Fails if ``key`` is not found from ``dictionary``.</doc>
<status status="PASS" start="2024-05-19T05:14:29.801250" elapsed="0.000415"/>
</kw>
<kw name="Log" owner="BuiltIn">
<msg time="2024-05-19T05:14:29.802320" level="INFO">{'gender': 'male', 'name': {'title': 'Mr', 'first': 'آدرین', 'last': 'مرادی'}, 'location': {'street': {'number': 4667, 'name': 'امیرکبیر'}, 'city': 'بوشهر', 'state': 'آذربایجان غربی', 'country': 'Iran', 'postcode': 91304, 'coordinates': {'latitude': '16.4329', 'longitude': '-145.6280'}, 'timezone': {'offset': '+9:30', 'description': 'Adelaide, Darwin'}}, 'email': 'adryn.mrdy@example.com', 'login': {'uuid': '0ae7240e-15c2-4b85-a8db-c218d901a9d0', 'username': 'ticklishpeacock814', 'password': 'looker', 'salt': 'fwWiQIvk', 'md5': '0f5013fd4d0cd0a2eaf53fd6cacf5f32', 'sha1': 'e622bff7a3705d24e8d5a7fe998c023e143f37ac', 'sha256': '7f8b63d74a7f10358086d8d4547f78e825faf6827c0f6b2e26922b8325163d41'}, 'dob': {'date': '1951-10-14T18:21:17.438Z', 'age': 72}, 'registered': {'date': '2003-11-22T19:10:29.412Z', 'age': 20}, 'phone': '085-00668046', 'cell': '0980-490-0762', 'id': {'name': '', 'value': None}, 'picture': {'large': 'https://randomuser.me/api/portraits/men/53.jpg', 'medium': 'https://randomuser.me/api/portraits/med/men/53.jpg', 'thumbnail': 'https://randomuser.me/api/portraits/thumb/men/53.jpg'}, 'nat': 'IR'}</msg>
<arg>${json_data['results'][0]}</arg>
<doc>Logs the given message with the given level.</doc>
<status status="PASS" start="2024-05-19T05:14:29.801955" elapsed="0.000416"/>
</kw>
<kw name="Log" owner="BuiltIn">
<msg time="2024-05-19T05:14:29.802788" level="INFO">login</msg>
<arg>${key}</arg>
<doc>Logs the given message with the given level.</doc>
<status status="PASS" start="2024-05-19T05:14:29.802666" elapsed="0.000159"/>
</kw>
<var name="${key}">login</var>
<status status="PASS" start="2024-05-19T05:14:29.801142" elapsed="0.001927"/>
</iter>
<var>${key}</var>
<value>@{expected_keys}</value>
<status status="PASS" start="2024-05-19T05:14:29.792517" elapsed="0.010702"/>
</for>
<kw name="Create List" owner="BuiltIn">
<msg time="2024-05-19T05:14:29.803555" level="INFO">${expected_keysTwo} = ['username', 'password']</msg>
<var>${expected_keysTwo}</var>
<arg>username</arg>
<arg>password</arg>
<doc>Returns a list containing given items.</doc>
<status status="PASS" start="2024-05-19T05:14:29.803413" elapsed="0.000165"/>
</kw>
<for flavor="IN">
<iter>
<kw name="Dictionary Should Contain Key" owner="Collections">
<msg time="2024-05-19T05:14:29.804447" level="INFO">False</msg>
<arg>${json_data['results'][0]['login']}</arg>
<arg>${keyTwo}</arg>
<doc>Fails if ``key`` is not found from ``dictionary``.</doc>
<status status="PASS" start="2024-05-19T05:14:29.804070" elapsed="0.000413"/>
</kw>
<kw name="Dictionary Should Contain Key" owner="Collections">
<msg time="2024-05-19T05:14:29.805146" level="INFO">False</msg>
<arg>${json_data['results'][0]['login']}</arg>
<arg>${keyTwo}</arg>
<doc>Fails if ``key`` is not found from ``dictionary``.</doc>
<status status="PASS" start="2024-05-19T05:14:29.804772" elapsed="0.000410"/>
</kw>
<kw name="Log" owner="BuiltIn">
<msg time="2024-05-19T05:14:29.805596" level="INFO">username</msg>
<arg>${keyTwo}</arg>
<doc>Logs the given message with the given level.</doc>
<status status="PASS" start="2024-05-19T05:14:29.805473" elapsed="0.000164"/>
</kw>
<var name="${keyTwo}">username</var>
<status status="PASS" start="2024-05-19T05:14:29.803962" elapsed="0.001886"/>
</iter>
<iter>
<kw name="Dictionary Should Contain Key" owner="Collections">
<msg time="2024-05-19T05:14:29.806575" level="INFO">False</msg>
<arg>${json_data['results'][0]['login']}</arg>
<arg>${keyTwo}</arg>
<doc>Fails if ``key`` is not found from ``dictionary``.</doc>
<status status="PASS" start="2024-05-19T05:14:29.806121" elapsed="0.000493"/>
</kw>
<kw name="Dictionary Should Contain Key" owner="Collections">
<msg time="2024-05-19T05:14:29.807324" level="INFO">False</msg>
<arg>${json_data['results'][0]['login']}</arg>
<arg>${keyTwo}</arg>
<doc>Fails if ``key`` is not found from ``dictionary``.</doc>
<status status="PASS" start="2024-05-19T05:14:29.806907" elapsed="0.000453"/>
</kw>
<kw name="Log" owner="BuiltIn">
<msg time="2024-05-19T05:14:29.807777" level="INFO">password</msg>
<arg>${keyTwo}</arg>
<doc>Logs the given message with the given level.</doc>
<status status="PASS" start="2024-05-19T05:14:29.807652" elapsed="0.000161"/>
</kw>
<var name="${keyTwo}">password</var>
<status status="PASS" start="2024-05-19T05:14:29.806015" elapsed="0.002010"/>
</iter>
<var>${keyTwo}</var>
<value>@{expected_keysTwo}</value>
<status status="PASS" start="2024-05-19T05:14:29.803813" elapsed="0.004331"/>
</for>
<status status="PASS" start="2024-05-19T05:14:29.693900" elapsed="0.114383"/>
</kw>
<doc>Testa a estrutura da resposta da API.</doc>
<tag>testeEstruturaResposta</tag>
<status status="PASS" start="2024-05-19T05:14:29.693389" elapsed="0.115049"/>
</test>
<test id="s1-s1-t4" name="Validar tipos de dados" line="28">
<kw name="Teste de Tipos de Dados" owner="random-user-service">
<kw name="GET On Session" owner="RequestsLibrary">
<msg time="2024-05-19T05:14:29.888793" level="INFO">GET Request : url=https://randomuser.me/api 
 path_url=/api 
 headers={'User-Agent': 'python-requests/2.31.0', 'Accept-Encoding': 'gzip, deflate', 'Accept': '*/*', 'Connection': 'keep-alive'} 
 body=None 
 </msg>
<msg time="2024-05-19T05:14:29.888855" level="INFO">GET Response : url=https://randomuser.me/api 
 status=200, reason=OK 
 headers={'Date': 'Sun, 19 May 2024 05:14:29 GMT', 'Content-Type': 'application/json; charset=utf-8', 'Transfer-Encoding': 'chunked', 'Connection': 'keep-alive', 'X-Powered-By': 'Express', 'Access-Control-Allow-Origin': '*', 'Cache-Control': 'no-cache', 'ETag': 'W/"475-sFY9Gl2XPOHjAUmO3iU/OleBIqU"', 'Vary': 'Accept-Encoding', 'Content-Encoding': 'gzip', 'CF-Cache-Status': 'DYNAMIC', 'Report-To': '{"endpoints":[{"url":"https:\\/\\/a.nel.cloudflare.com\\/report\\/v4?s=SU3c59nlKbgBvrl3eRYyc6mujvqc%2F%2BsI78BC6JuXJHau8hOtvyUYNjQWtaEWzFt85z%2F2Bvpt5SNoszwAb7rlDlhvi4UI%2FNdf0vE7pYf5WEqYTNm302PtfXsO%2FRYozqJZ"}],"group":"cf-nel","max_age":604800}', 'NEL': '{"success_fraction":0,"report_to":"cf-nel","max_age":604800}', 'Server': 'cloudflare', 'CF-RAY': '88619a905de05848-IAD', 'alt-svc': 'h3=":443"; ma=86400'} 
 body={"results":[{"gender":"male","name":{"title":"Mr","first":"Aashish","last":"Hiremath"},"location":{"street":{"number":4233,"name":"Tripolia Bazar"},"city":"Dibrugarh","state":"Delhi","country":"India","postcode":56396,"coordinates":{"latitude":"12.1146","longitude":"-69.4964"},"timezone":{"offset":"-10:00","description":"Hawaii"}},"email":"aashish.hiremath@example.com","login":{"uuid":"0516f448-7a83-484d-b19c-509561defffb","username":"organicrabbit427","password":"ariane","salt":"BOIoFrYB","md5":"a4b13a739728ae2cceef27d0aee56030","sha1":"e9bf010663164a428d08654cfdffc20dbf7df22f","sha256":"8eb35f30d5360737b08b11879094a943cd1e86a0a4193250d19d83a6a842a149"},"dob":{"date":"1946-03-25T10:43:06.095Z","age":78},"registered":{"date":"2014-03-07T20:45:21.593Z","age":10},"phone":"8088999736","cell":"8871681307","id":{"name":"UIDAI","value":"592642042951"},"picture":{"large":"https://randomuser.me/api/portraits/men/33.jpg","medium":"https://randomuser.me/api/portraits/med/men/33.jpg","thumbnail":"https://randomuser.me/api/portraits/thumb/men/33.jpg"},"nat":"IN"}],"info":{"seed":"308f86422288ca6b","results":1,"page":1,"version":"1.4"}} 
 </msg>
<msg time="2024-05-19T05:14:29.888909" level="INFO">/opt/hostedtoolcache/Python/3.12.3/x64/lib/python3.12/site-packages/urllib3/connectionpool.py:1103: InsecureRequestWarning: Unverified HTTPS request is being made to host 'randomuser.me'. Adding certificate verification is strongly advised. See: https://urllib3.readthedocs.io/en/latest/advanced-usage.html#tls-warnings
  warnings.warn(</msg>
<msg time="2024-05-19T05:14:29.889012" level="INFO">${response} = &lt;Response [200]&gt;</msg>
<var>${response}</var>
<arg>consultarAPI</arg>
<arg>/api</arg>
<doc>Sends a GET request on a previously created HTTP Session.</doc>
<status status="PASS" start="2024-05-19T05:14:29.810882" elapsed="0.078169"/>
</kw>
<kw name="Set Variable" owner="BuiltIn">
<msg time="2024-05-19T05:14:29.889888" level="INFO">${json_data} = {'results': [{'gender': 'male', 'name': {'title': 'Mr', 'first': 'Aashish', 'last': 'Hiremath'}, 'location': {'street': {'number': 4233, 'name': 'Tripolia Bazar'}, 'city': 'Dibrugarh', 'state': 'Delhi...</msg>
<var>${json_data}</var>
<arg>${response.json()}</arg>
<doc>Returns the given values which can then be assigned to a variables.</doc>
<status status="PASS" start="2024-05-19T05:14:29.889452" elapsed="0.000465"/>
</kw>
<kw name="Log" owner="BuiltIn">
<msg time="2024-05-19T05:14:29.890364" level="INFO">{'results': [{'gender': 'male', 'name': {'title': 'Mr', 'first': 'Aashish', 'last': 'Hiremath'}, 'location': {'street': {'number': 4233, 'name': 'Tripolia Bazar'}, 'city': 'Dibrugarh', 'state': 'Delhi', 'country': 'India', 'postcode': 56396, 'coordinates': {'latitude': '12.1146', 'longitude': '-69.4964'}, 'timezone': {'offset': '-10:00', 'description': 'Hawaii'}}, 'email': 'aashish.hiremath@example.com', 'login': {'uuid': '0516f448-7a83-484d-b19c-509561defffb', 'username': 'organicrabbit427', 'password': 'ariane', 'salt': 'BOIoFrYB', 'md5': 'a4b13a739728ae2cceef27d0aee56030', 'sha1': 'e9bf010663164a428d08654cfdffc20dbf7df22f', 'sha256': '8eb35f30d5360737b08b11879094a943cd1e86a0a4193250d19d83a6a842a149'}, 'dob': {'date': '1946-03-25T10:43:06.095Z', 'age': 78}, 'registered': {'date': '2014-03-07T20:45:21.593Z', 'age': 10}, 'phone': '8088999736', 'cell': '8871681307', 'id': {'name': 'UIDAI', 'value': '592642042951'}, 'picture': {'large': 'https://randomuser.me/api/portraits/men/33.jpg', 'medium': 'https://randomuser.me/api/portraits/med/men/33.jpg', 'thumbnail': 'https://randomuser.me/api/portraits/thumb/men/33.jpg'}, 'nat': 'IN'}], 'info': {'seed': '308f86422288ca6b', 'results': 1, 'page': 1, 'version': '1.4'}}</msg>
<arg>${json_data}</arg>
<doc>Logs the given message with the given level.</doc>
<status status="PASS" start="2024-05-19T05:14:29.890216" elapsed="0.000227"/>
</kw>
<kw name="Should Be String" owner="String">
<arg>${json_data['results'][0]['gender']}</arg>
<doc>Fails if the given ``item`` is not a string.</doc>
<status status="PASS" start="2024-05-19T05:14:29.890740" elapsed="0.000354"/>
</kw>
<kw name="Should Match Regexp" owner="BuiltIn">
<arg>${json_data['results'][0]['email']}</arg>
<arg>^[a-zA-Z0-9._%+-]+@[a-zA-Z0-9.-]+\.[a-zA-Z]{2,}$</arg>
<doc>Fails if ``string`` does not match ``pattern`` as a regular expression.</doc>
<status status="PASS" start="2024-05-19T05:14:29.891325" elapsed="0.000506"/>
</kw>
<kw name="Should Match Regexp" owner="BuiltIn">
<arg>${json_data['results'][0]['dob']['date']}</arg>
<arg>\\d{4}-\\d{2}-\\d{2}T\\d{2}:\\d{2}:\\d{2}\\.\\d{3}Z</arg>
<doc>Fails if ``string`` does not match ``pattern`` as a regular expression.</doc>
<status status="PASS" start="2024-05-19T05:14:29.892025" elapsed="0.000486"/>
</kw>
<kw name="Should Match Regexp" owner="BuiltIn">
<arg>${json_data['results'][0]['registered']['date']}</arg>
<arg>\\d{4}-\\d{2}-\\d{2}T\\d{2}:\\d{2}:\\d{2}\\.\\d{3}Z</arg>
<doc>Fails if ``string`` does not match ``pattern`` as a regular expression.</doc>
<status status="PASS" start="2024-05-19T05:14:29.892700" elapsed="0.000359"/>
</kw>
<kw name="Should Match Regexp" owner="BuiltIn">
<arg>${json_data['results'][0]['picture']['large']}</arg>
<arg>^https?://.*\.(?:png|jpe?g|gif|bmp)$</arg>
<doc>Fails if ``string`` does not match ``pattern`` as a regular expression.</doc>
<status status="PASS" start="2024-05-19T05:14:29.893250" elapsed="0.000456"/>
</kw>
<kw name="Should Match Regexp" owner="BuiltIn">
<arg>${json_data['results'][0]['picture']['medium']}</arg>
<arg>^https?://.*\.(?:png|jpe?g|gif|bmp)$</arg>
<doc>Fails if ``string`` does not match ``pattern`` as a regular expression.</doc>
<status status="PASS" start="2024-05-19T05:14:29.893894" elapsed="0.000346"/>
</kw>
<kw name="Should Match Regexp" owner="BuiltIn">
<arg>${json_data['results'][0]['picture']['thumbnail']}</arg>
<arg>^https?://.*\.(?:png|jpe?g|gif|bmp)$</arg>
<doc>Fails if ``string`` does not match ``pattern`` as a regular expression.</doc>
<status status="PASS" start="2024-05-19T05:14:29.894428" elapsed="0.000350"/>
</kw>
<kw name="Log" owner="BuiltIn">
<msg time="2024-05-19T05:14:29.895328" level="INFO">{'large': 'https://randomuser.me/api/portraits/men/33.jpg', 'medium': 'https://randomuser.me/api/portraits/med/men/33.jpg', 'thumbnail': 'https://randomuser.me/api/portraits/thumb/men/33.jpg'}</msg>
<arg>${json_data['results'][0]['picture']}</arg>
<doc>Logs the given message with the given level.</doc>
<status status="PASS" start="2024-05-19T05:14:29.894958" elapsed="0.000414"/>
</kw>
<status status="PASS" start="2024-05-19T05:14:29.810659" elapsed="0.084967"/>
</kw>
<kw name="Teste de Tipos de Dados - Postcode" owner="random-user-service">
<kw name="GET On Session" owner="RequestsLibrary">
<msg time="2024-05-19T05:14:29.991351" level="INFO">GET Request : url=https://randomuser.me/api 
 path_url=/api 
 headers={'User-Agent': 'python-requests/2.31.0', 'Accept-Encoding': 'gzip, deflate', 'Accept': '*/*', 'Connection': 'keep-alive'} 
 body=None 
 </msg>
<msg time="2024-05-19T05:14:29.991412" level="INFO">GET Response : url=https://randomuser.me/api 
 status=200, reason=OK 
 headers={'Date': 'Sun, 19 May 2024 05:14:29 GMT', 'Content-Type': 'application/json; charset=utf-8', 'Transfer-Encoding': 'chunked', 'Connection': 'keep-alive', 'X-Powered-By': 'Express', 'Access-Control-Allow-Origin': '*', 'Cache-Control': 'no-cache', 'ETag': 'W/"48b-0NCatMxksJwT9tlMt3xFR+xdvOM"', 'Vary': 'Accept-Encoding', 'Content-Encoding': 'gzip', 'CF-Cache-Status': 'DYNAMIC', 'Report-To': '{"endpoints":[{"url":"https:\\/\\/a.nel.cloudflare.com\\/report\\/v4?s=%2FBJUol%2FfQPo336%2F5CLhD1fkJYnK%2FrN1YGShD7w6dZ9qN5LZ9TKZ1ZeGcWR0rkn7%2BnbRrmkEHBkAR2dsmRweZV8EADXv%2F%2FYgDPxwJO6YcmPiwSv%2Frp3Tjhj8ACDLczFfD"}],"group":"cf-nel","max_age":604800}', 'NEL': '{"success_fraction":0,"report_to":"cf-nel","max_age":604800}', 'Server': 'cloudflare', 'CF-RAY': '88619a90de235848-IAD', 'alt-svc': 'h3=":443"; ma=86400'} 
 body={"results":[{"gender":"male","name":{"title":"Mr","first":"Arttu","last":"Mantyla"},"location":{"street":{"number":5865,"name":"Pispalan Valtatie"},"city":"Sulkava","state":"Lapland","country":"Finland","postcode":26585,"coordinates":{"latitude":"-24.4887","longitude":"-69.0739"},"timezone":{"offset":"+7:00","description":"Bangkok, Hanoi, Jakarta"}},"email":"arttu.mantyla@example.com","login":{"uuid":"19d99d42-53f5-4634-bcc3-eeed2a016610","username":"smallelephant938","password":"sammy1","salt":"tm9wApr9","md5":"84517a6aedc17aab9b03f053fdb3dad9","sha1":"e568082720603437c9ef60e019facedc5d76875f","sha256":"8ac75e84937657ebf1ab8a84ddb2096968c981edb29d9998391b35b194e01b14"},"dob":{"date":"1995-05-09T11:06:52.104Z","age":29},"registered":{"date":"2020-08-21T15:15:02.362Z","age":3},"phone":"03-601-440","cell":"040-781-98-28","id":{"name":"HETU","value":"NaNNA071undefined"},"picture":{"large":"https://randomuser.me/api/portraits/men/86.jpg","medium":"https://randomuser.me/api/portraits/med/men/86.jpg","thumbnail":"https://randomuser.me/api/portraits/thumb/men/86.jpg"},"nat":"FI"}],"info":{"seed":"2c5199ae4db5114c","results":1,"page":1,"version":"1.4"}} 
 </msg>
<msg time="2024-05-19T05:14:29.991467" level="INFO">/opt/hostedtoolcache/Python/3.12.3/x64/lib/python3.12/site-packages/urllib3/connectionpool.py:1103: InsecureRequestWarning: Unverified HTTPS request is being made to host 'randomuser.me'. Adding certificate verification is strongly advised. See: https://urllib3.readthedocs.io/en/latest/advanced-usage.html#tls-warnings
  warnings.warn(</msg>
<msg time="2024-05-19T05:14:29.991569" level="INFO">${response} = &lt;Response [200]&gt;</msg>
<var>${response}</var>
<arg>consultarAPI</arg>
<arg>/api</arg>
<doc>Sends a GET request on a previously created HTTP Session.</doc>
<status status="PASS" start="2024-05-19T05:14:29.896060" elapsed="0.095547"/>
</kw>
<kw name="Set Variable" owner="BuiltIn">
<msg time="2024-05-19T05:14:29.992406" level="INFO">${json_data} = {'results': [{'gender': 'male', 'name': {'title': 'Mr', 'first': 'Arttu', 'last': 'Mantyla'}, 'location': {'street': {'number': 5865, 'name': 'Pispalan Valtatie'}, 'city': 'Sulkava', 'state': 'Lapland...</msg>
<var>${json_data}</var>
<arg>${response.json()}</arg>
<doc>Returns the given values which can then be assigned to a variables.</doc>
<status status="PASS" start="2024-05-19T05:14:29.991963" elapsed="0.000472"/>
</kw>
<kw name="Log" owner="BuiltIn">
<msg time="2024-05-19T05:14:29.992887" level="INFO">{'results': [{'gender': 'male', 'name': {'title': 'Mr', 'first': 'Arttu', 'last': 'Mantyla'}, 'location': {'street': {'number': 5865, 'name': 'Pispalan Valtatie'}, 'city': 'Sulkava', 'state': 'Lapland', 'country': 'Finland', 'postcode': 26585, 'coordinates': {'latitude': '-24.4887', 'longitude': '-69.0739'}, 'timezone': {'offset': '+7:00', 'description': 'Bangkok, Hanoi, Jakarta'}}, 'email': 'arttu.mantyla@example.com', 'login': {'uuid': '19d99d42-53f5-4634-bcc3-eeed2a016610', 'username': 'smallelephant938', 'password': 'sammy1', 'salt': 'tm9wApr9', 'md5': '84517a6aedc17aab9b03f053fdb3dad9', 'sha1': 'e568082720603437c9ef60e019facedc5d76875f', 'sha256': '8ac75e84937657ebf1ab8a84ddb2096968c981edb29d9998391b35b194e01b14'}, 'dob': {'date': '1995-05-09T11:06:52.104Z', 'age': 29}, 'registered': {'date': '2020-08-21T15:15:02.362Z', 'age': 3}, 'phone': '03-601-440', 'cell': '040-781-98-28', 'id': {'name': 'HETU', 'value': 'NaNNA071undefined'}, 'picture': {'large': 'https://randomuser.me/api/portraits/men/86.jpg', 'medium': 'https://randomuser.me/api/portraits/med/men/86.jpg', 'thumbnail': 'https://randomuser.me/api/portraits/thumb/men/86.jpg'}, 'nat': 'FI'}], 'info': {'seed': '2c5199ae4db5114c', 'results': 1, 'page': 1, 'version': '1.4'}}</msg>
<arg>${json_data}</arg>
<doc>Logs the given message with the given level.</doc>
<status status="PASS" start="2024-05-19T05:14:29.992738" elapsed="0.000224"/>
</kw>
<kw name="Should Be Equal As Numbers" owner="BuiltIn">
<arg>${json_data['results'][0]['location']['postcode']}</arg>
<arg>${json_data['results'][0]['location']['postcode']}</arg>
<doc>Fails if objects are unequal after converting them to real numbers.</doc>
<status status="PASS" start="2024-05-19T05:14:29.993386" elapsed="0.000613"/>
</kw>
<kw name="Log" owner="BuiltIn">
<msg time="2024-05-19T05:14:29.994522" level="INFO">26585</msg>
<arg>${json_data['results'][0]['location']['postcode']}</arg>
<doc>Logs the given message with the given level.</doc>
<status status="PASS" start="2024-05-19T05:14:29.994192" elapsed="0.000370"/>
</kw>
<status status="PASS" start="2024-05-19T05:14:29.895839" elapsed="0.098974"/>
</kw>
<doc>Testa se os tipos de dados na resposta da API estão corretos.</doc>
<tag>testeTiposDados</tag>
<status status="PASS" start="2024-05-19T05:14:29.810203" elapsed="0.184769"/>
</test>
<test id="s1-s1-t5" name="Validar conteudo" line="35">
<kw name="Teste de Tipos de Conteudo" owner="random-user-service">
<kw name="GET On Session" owner="RequestsLibrary">
<msg time="2024-05-19T05:14:30.094048" level="INFO">GET Request : url=https://randomuser.me/api 
 path_url=/api 
 headers={'User-Agent': 'python-requests/2.31.0', 'Accept-Encoding': 'gzip, deflate', 'Accept': '*/*', 'Connection': 'keep-alive'} 
 body=None 
 </msg>
<msg time="2024-05-19T05:14:30.094157" level="INFO">GET Response : url=https://randomuser.me/api 
 status=200, reason=OK 
 headers={'Date': 'Sun, 19 May 2024 05:14:30 GMT', 'Content-Type': 'application/json; charset=utf-8', 'Transfer-Encoding': 'chunked', 'Connection': 'keep-alive', 'X-Powered-By': 'Express', 'Access-Control-Allow-Origin': '*', 'Cache-Control': 'no-cache', 'ETag': 'W/"4a5-TFiOvzj4dQXtJ5KYsvrJB65xkIs"', 'Vary': 'Accept-Encoding', 'Content-Encoding': 'gzip', 'CF-Cache-Status': 'DYNAMIC', 'Report-To': '{"endpoints":[{"url":"https:\\/\\/a.nel.cloudflare.com\\/report\\/v4?s=srz%2F9qpbV9m7hOtnkC7hurwPt3hAr5zFV0GshCVGk81k0pO4EAzrNAwSC2wXpGVbZ9j%2F8ReaUr%2BfJECPARa6Z7avRqu8jnUh%2FJIf8VHAURKl0Ir0jdzON8dNCbpnHPjR"}],"group":"cf-nel","max_age":604800}', 'NEL': '{"success_fraction":0,"report_to":"cf-nel","max_age":604800}', 'Server': 'cloudflare', 'CF-RAY': '88619a917e6d5848-IAD', 'alt-svc': 'h3=":443"; ma=86400'} 
 body={"results":[{"gender":"female","name":{"title":"Mrs","first":"کیمیا","last":"قاسمی"},"location":{"street":{"number":1779,"name":"میدان جمهوری"},"city":"اصفهان","state":"خراسان شمالی","country":"Iran","postcode":80639,"coordinates":{"latitude":"20.7058","longitude":"146.6338"},"timezone":{"offset":"-3:00","description":"Brazil, Buenos Aires, Georgetown"}},"email":"khymy.qsmy@example.com","login":{"uuid":"e8552b15-c5ac-4491-a045-9344bf883103","username":"greenlion304","password":"daemon","salt":"wPXrJgya","md5":"1c108749690ec9a6d66beab2be0a2199","sha1":"f2da3e94b96b33a66505b1ac5054c606fdafbd93","sha256":"31b1729dd763ab8b5ef7b98dfc52070158f34df16a77d53574993904119e9349"},"dob":{"date":"1958-11-06T09:51:19.763Z","age":65},"registered":{"date":"2007-10-19T03:33:57.387Z","age":16},"phone":"095-52002650","cell":"0955-783-4507","id":{"name":"","value":null},"picture":{"large":"https://randomuser.me/api/portraits/women/72.jpg","medium":"https://randomuser.me/api/portraits/med/women/72.jpg","thumbnail":"https://randomuser.me/api/portraits/thumb/women/72.jpg"},"nat":"IR"}],"info":{"seed":"acd0567980d8784f","results":1,"page":1,"version":"1.4"}} 
 </msg>
<msg time="2024-05-19T05:14:30.094243" level="INFO">/opt/hostedtoolcache/Python/3.12.3/x64/lib/python3.12/site-packages/urllib3/connectionpool.py:1103: InsecureRequestWarning: Unverified HTTPS request is being made to host 'randomuser.me'. Adding certificate verification is strongly advised. See: https://urllib3.readthedocs.io/en/latest/advanced-usage.html#tls-warnings
  warnings.warn(</msg>
<msg time="2024-05-19T05:14:30.094400" level="INFO">${response} = &lt;Response [200]&gt;</msg>
<var>${response}</var>
<arg>consultarAPI</arg>
<arg>/api</arg>
<doc>Sends a GET request on a previously created HTTP Session.</doc>
<status status="PASS" start="2024-05-19T05:14:29.997387" elapsed="0.097058"/>
</kw>
<kw name="Set Variable" owner="BuiltIn">
<msg time="2024-05-19T05:14:30.095540" level="INFO">${json_data} = {'results': [{'gender': 'female', 'name': {'title': 'Mrs', 'first': 'کیمیا', 'last': 'قاسمی'}, 'location': {'street': {'number': 1779, 'name': 'میدان جمهوری'}, 'city': 'اصفهان', 'state': 'خراسان شمالی...</msg>
<var>${json_data}</var>
<arg>${response.json()}</arg>
<doc>Returns the given values which can then be assigned to a variables.</doc>
<status status="PASS" start="2024-05-19T05:14:30.094991" elapsed="0.000580"/>
</kw>
<kw name="Set Variable" owner="BuiltIn">
<msg time="2024-05-19T05:14:30.096259" level="INFO">${name_title} = Mrs</msg>
<var>${name_title}</var>
<arg>${json_data["results"][0]["name"]["title"]}</arg>
<doc>Returns the given values which can then be assigned to a variables.</doc>
<status status="PASS" start="2024-05-19T05:14:30.095878" elapsed="0.000407"/>
</kw>
<kw name="Create List" owner="BuiltIn">
<msg time="2024-05-19T05:14:30.096734" level="INFO">${allowed_titles} = ['Mr', 'Ms', 'Miss', 'Mrs', 'Madame', 'Monsieur']</msg>
<var>${allowed_titles}</var>
<arg>Mr</arg>
<arg>Ms</arg>
<arg>Miss</arg>
<arg>Mrs</arg>
<arg>Madame</arg>
<arg>Monsieur</arg>
<doc>Returns a list containing given items.</doc>
<status status="PASS" start="2024-05-19T05:14:30.096584" elapsed="0.000174"/>
</kw>
<kw name="List Should Contain Value" owner="Collections">
<msg time="2024-05-19T05:14:30.097229" level="INFO">False</msg>
<arg>${allowed_titles}</arg>
<arg>${name_title}</arg>
<doc>Fails if the ``value`` is not found from ``list``.</doc>
<status status="PASS" start="2024-05-19T05:14:30.097058" elapsed="0.000208"/>
</kw>
<kw name="Set Variable" owner="BuiltIn">
<msg time="2024-05-19T05:14:30.097927" level="INFO">${name_country} = IR</msg>
<var>${name_country}</var>
<arg>${json_data["results"][0]["nat"]}</arg>
<doc>Returns the given values which can then be assigned to a variables.</doc>
<status status="PASS" start="2024-05-19T05:14:30.097555" elapsed="0.000397"/>
</kw>
<kw name="Create List" owner="BuiltIn">
<msg time="2024-05-19T05:14:30.098842" level="INFO">${list_country} = ['AD', 'AE', 'AF', 'AG', 'AI', 'AL', 'AM', 'AO', 'AQ', 'AR', 'AS', 'AT', 'AU', 'AW', 'AX', 'AZ', 'BA', 'BB', 'BD', 'BE', 'BF', 'BG', 'BH', 'BI', 'BJ', 'BL', 'BM', 'BN', 'BO', 'BQ', 'BR', 'BS', 'BT', '...</msg>
<var>${list_country}</var>
<arg>AD</arg>
<arg>AE</arg>
<arg>AF</arg>
<arg>AG</arg>
<arg>AI</arg>
<arg>AL</arg>
<arg>AM</arg>
<arg>AO</arg>
<arg>AQ</arg>
<arg>AR</arg>
<arg>AS</arg>
<arg>AT</arg>
<arg>AU</arg>
<arg>AW</arg>
<arg>AX</arg>
<arg>AZ</arg>
<arg>BA</arg>
<arg>BB</arg>
<arg>BD</arg>
<arg>BE</arg>
<arg>BF</arg>
<arg>BG</arg>
<arg>BH</arg>
<arg>BI</arg>
<arg>BJ</arg>
<arg>BL</arg>
<arg>BM</arg>
<arg>BN</arg>
<arg>BO</arg>
<arg>BQ</arg>
<arg>BR</arg>
<arg>BS</arg>
<arg>BT</arg>
<arg>BV</arg>
<arg>BW</arg>
<arg>BY</arg>
<arg>BZ</arg>
<arg>CA</arg>
<arg>CC</arg>
<arg>CD</arg>
<arg>CF</arg>
<arg>CG</arg>
<arg>CH</arg>
<arg>CI</arg>
<arg>CK</arg>
<arg>CL</arg>
<arg>CM</arg>
<arg>CN</arg>
<arg>CO</arg>
<arg>CR</arg>
<arg>CU</arg>
<arg>CV</arg>
<arg>CW</arg>
<arg>CX</arg>
<arg>CY</arg>
<arg>CZ</arg>
<arg>DE</arg>
<arg>DJ</arg>
<arg>DK</arg>
<arg>DM</arg>
<arg>DO</arg>
<arg>DZ</arg>
<arg>EC</arg>
<arg>EE</arg>
<arg>EG</arg>
<arg>EH</arg>
<arg>ER</arg>
<arg>ES</arg>
<arg>ET</arg>
<arg>FI</arg>
<arg>FJ</arg>
<arg>FK</arg>
<arg>FM</arg>
<arg>FO</arg>
<arg>FR</arg>
<arg>GA</arg>
<arg>GB</arg>
<arg>GD</arg>
<arg>GE</arg>
<arg>GF</arg>
<arg>GG</arg>
<arg>GH</arg>
<arg>GI</arg>
<arg>GL</arg>
<arg>GM</arg>
<arg>GN</arg>
<arg>GP</arg>
<arg>GQ</arg>
<arg>GR</arg>
<arg>GS</arg>
<arg>GT</arg>
<arg>GU</arg>
<arg>GW</arg>
<arg>GY</arg>
<arg>HK</arg>
<arg>HM</arg>
<arg>HN</arg>
<arg>HR</arg>
<arg>HT</arg>
<arg>HU</arg>
<arg>ID</arg>
<arg>IE</arg>
<arg>IL</arg>
<arg>IM</arg>
<arg>IN</arg>
<arg>IO</arg>
<arg>IQ</arg>
<arg>IR</arg>
<arg>IS</arg>
<arg>IT</arg>
<arg>JE</arg>
<arg>JM</arg>
<arg>JO</arg>
<arg>JP</arg>
<arg>KE</arg>
<arg>KG</arg>
<arg>KH</arg>
<arg>KI</arg>
<arg>KM</arg>
<arg>KN</arg>
<arg>KP</arg>
<arg>KR</arg>
<arg>KW</arg>
<arg>KY</arg>
<arg>KZ</arg>
<arg>LA</arg>
<arg>LB</arg>
<arg>LC</arg>
<arg>LI</arg>
<arg>LK</arg>
<arg>LR</arg>
<arg>LS</arg>
<arg>LT</arg>
<arg>LU</arg>
<arg>LV</arg>
<arg>LY</arg>
<arg>MA</arg>
<arg>MC</arg>
<arg>MD</arg>
<arg>ME</arg>
<arg>MF</arg>
<arg>MG</arg>
<arg>MH</arg>
<arg>MK</arg>
<arg>ML</arg>
<arg>MM</arg>
<arg>MN</arg>
<arg>MO</arg>
<arg>MP</arg>
<arg>MQ</arg>
<arg>MR</arg>
<arg>MS</arg>
<arg>MT</arg>
<arg>MU</arg>
<arg>MV</arg>
<arg>MW</arg>
<arg>MX</arg>
<arg>MY</arg>
<arg>MZ</arg>
<arg>NA</arg>
<arg>NC</arg>
<arg>NE</arg>
<arg>NF</arg>
<arg>NG</arg>
<arg>NI</arg>
<arg>NL</arg>
<arg>NO</arg>
<arg>NP</arg>
<arg>NR</arg>
<arg>NU</arg>
<arg>NZ</arg>
<arg>OM</arg>
<arg>PA</arg>
<arg>PE</arg>
<arg>PF</arg>
<arg>PG</arg>
<arg>PH</arg>
<arg>PK</arg>
<arg>PL</arg>
<arg>PM</arg>
<arg>PN</arg>
<arg>PR</arg>
<arg>PS</arg>
<arg>PT</arg>
<arg>PW</arg>
<arg>PY</arg>
<arg>QA</arg>
<arg>RE</arg>
<arg>RO</arg>
<arg>RS</arg>
<arg>RU</arg>
<arg>RW</arg>
<arg>SA</arg>
<arg>SB</arg>
<arg>SC</arg>
<arg>SD</arg>
<arg>SE</arg>
<arg>SG</arg>
<arg>SH</arg>
<arg>SI</arg>
<arg>SJ</arg>
<arg>SK</arg>
<arg>SL</arg>
<arg>SM</arg>
<arg>SN</arg>
<arg>SO</arg>
<arg>SR</arg>
<arg>SS</arg>
<arg>ST</arg>
<arg>SV</arg>
<arg>SX</arg>
<arg>SY</arg>
<arg>SZ</arg>
<arg>TC</arg>
<arg>TD</arg>
<arg>TF</arg>
<arg>TG</arg>
<arg>TH</arg>
<arg>TJ</arg>
<arg>TK</arg>
<arg>TL</arg>
<arg>TM</arg>
<arg>TN</arg>
<arg>TO</arg>
<arg>TR</arg>
<arg>TT</arg>
<arg>TV</arg>
<arg>TW</arg>
<arg>TZ</arg>
<arg>UA</arg>
<arg>UG</arg>
<arg>UM</arg>
<arg>US</arg>
<arg>UY</arg>
<arg>UZ</arg>
<arg>VA</arg>
<arg>VC</arg>
<arg>VE</arg>
<arg>VG</arg>
<arg>VI</arg>
<arg>VN</arg>
<arg>VU</arg>
<arg>WF</arg>
<arg>WS</arg>
<arg>XK</arg>
<arg>YE</arg>
<arg>YT</arg>
<arg>ZA</arg>
<arg>ZM</arg>
<arg>ZW</arg>
<doc>Returns a list containing given items.</doc>
<status status="PASS" start="2024-05-19T05:14:30.098248" elapsed="0.000619"/>
</kw>
<kw name="List Should Contain Value" owner="Collections">
<msg time="2024-05-19T05:14:30.099876" level="INFO">False</msg>
<arg>${list_country}</arg>
<arg>${name_country}</arg>
<doc>Fails if the ``value`` is not found from ``list``.</doc>
<status status="PASS" start="2024-05-19T05:14:30.099677" elapsed="0.000234"/>
</kw>
<kw name="Run Keyword If" owner="BuiltIn">
<kw name="Should Be True" owner="BuiltIn">
<arg>${True}</arg>
<doc>Fails if the given condition is not true.</doc>
<status status="PASS" start="2024-05-19T05:14:30.100977" elapsed="0.000256"/>
</kw>
<arg>${json_data["results"][0]["location"]["coordinates"]["latitude"]} &gt;= -90 and ${json_data["results"][0]["location"]["coordinates"]["latitude"]} &lt;= 90</arg>
<arg>Should Be True</arg>
<arg>${True}</arg>
<doc>Runs the given keyword with the given arguments, if ``condition`` is true.</doc>
<status status="PASS" start="2024-05-19T05:14:30.100222" elapsed="0.001142"/>
</kw>
<kw name="Run Keyword If" owner="BuiltIn">
<kw name="Should Be True" owner="BuiltIn">
<arg>${True}</arg>
<doc>Fails if the given condition is not true.</doc>
<status status="PASS" start="2024-05-19T05:14:30.102243" elapsed="0.000144"/>
</kw>
<arg>${json_data["results"][0]["location"]["coordinates"]["longitude"]} &gt;= -180 and ${json_data["results"][0]["location"]["coordinates"]["longitude"]} &lt;= 180</arg>
<arg>Should Be True</arg>
<arg>${True}</arg>
<doc>Runs the given keyword with the given arguments, if ``condition`` is true.</doc>
<status status="PASS" start="2024-05-19T05:14:30.101552" elapsed="0.000961"/>
</kw>
<status status="PASS" start="2024-05-19T05:14:29.997165" elapsed="0.105481"/>
</kw>
<doc>Testa o conteúdo específico dos campos retornados pela API.</doc>
<tag>testeConteudo</tag>
<status status="PASS" start="2024-05-19T05:14:29.996731" elapsed="0.106067"/>
</test>
<status status="PASS" start="2024-05-19T05:14:29.208382" elapsed="0.896426"/>
</suite>
<status status="PASS" start="2024-05-19T05:14:29.194813" elapsed="0.915116"/>
</suite>
<statistics>
<total>
<stat pass="5" fail="0" skip="0">All Tests</stat>
</total>
<tag>
<stat pass="1" fail="0" skip="0">testeConteudo</stat>
<stat pass="1" fail="0" skip="0">testeEstruturaResposta</stat>
<stat pass="1" fail="0" skip="0">testeRequisicaoBasica</stat>
<stat pass="1" fail="0" skip="0">testeTiposDados</stat>
</tag>
<suite>
<stat pass="5" fail="0" skip="0" id="s1" name="Tests">Tests</stat>
<stat pass="5" fail="0" skip="0" id="s1-s1" name="Random-User-Test">Tests.Random-User-Test</stat>
</suite>
</statistics>
<errors>
</errors>
</robot>
