<?xml version="1.0" encoding="UTF-8"?>
<robot generator="Robot 7.0 (Python 3.12.3 on linux)" generated="2024-04-28T19:10:54.491596" rpa="false" schemaversion="5">
<suite id="s1" name="Tests" source="/home/runner/work/DesafioQAItauRogerioJordao/DesafioQAItauRogerioJordao/RamdonUser/tests">
<suite id="s1-s1" name="Random-User-Test" source="/home/runner/work/DesafioQAItauRogerioJordao/DesafioQAItauRogerioJordao/RamdonUser/tests/random-user-test.robot">
<test id="s1-s1-t1" name="Conectar" line="13">
<kw name="Conectar API" owner="random-user-service">
<kw name="Create Session" owner="RequestsLibrary">
<msg time="2024-04-28T19:10:54.882052" level="INFO">Creating Session using : alias=consultarAPI, url=https://randomuser.me/, headers={},                     cookies={}, auth=None, timeout=None, proxies=None, verify=False,                     debug=0 </msg>
<arg>consultarAPI</arg>
<arg>${URL}</arg>
<doc>Create Session: create a HTTP session to a server</doc>
<status status="PASS" start="2024-04-28T19:10:54.881842" elapsed="0.000417"/>
</kw>
<status status="PASS" start="2024-04-28T19:10:54.880807" elapsed="0.001827"/>
</kw>
<status status="PASS" start="2024-04-28T19:10:54.880216" elapsed="0.002613"/>
</test>
<test id="s1-s1-t2" name="Validar retorno 200 e JSON Válido" line="16">
<kw name="Teste de Requisicao Basica" owner="random-user-service">
<kw name="GET On Session" owner="RequestsLibrary">
<msg time="2024-04-28T19:10:54.952172" level="INFO">GET Request : url=https://randomuser.me/api 
 path_url=/api 
 headers={'User-Agent': 'python-requests/2.31.0', 'Accept-Encoding': 'gzip, deflate', 'Accept': '*/*', 'Connection': 'keep-alive'} 
 body=None 
 </msg>
<msg time="2024-04-28T19:10:54.952344" level="INFO">GET Response : url=https://randomuser.me/api 
 status=200, reason=OK 
 headers={'Date': 'Sun, 28 Apr 2024 19:10:54 GMT', 'Content-Type': 'application/json; charset=utf-8', 'Transfer-Encoding': 'chunked', 'Connection': 'keep-alive', 'X-Powered-By': 'Express', 'Access-Control-Allow-Origin': '*', 'Cache-Control': 'no-cache', 'ETag': 'W/"4af-y5yALzpB3EmxNdo/dEnr1dIn1Qo"', 'Vary': 'Accept-Encoding', 'Content-Encoding': 'gzip', 'CF-Cache-Status': 'DYNAMIC', 'Report-To': '{"endpoints":[{"url":"https:\\/\\/a.nel.cloudflare.com\\/report\\/v4?s=Q%2BwX3Y%2Fb1lz2yuTm0QakdVyTN5ZTdUxVqujW7JyHAYhQEPIGPjIXd8KGNv9GoTZHrsCRMYkIjCTCvSKeFkG%2Fqq9cm3gYjxi3oXhp9cksnq%2BOfv9NHI5Ko1GkWqpmnr8q"}],"group":"cf-nel","max_age":604800}', 'NEL': '{"success_fraction":0,"report_to":"cf-nel","max_age":604800}', 'Server': 'cloudflare', 'CF-RAY': '87b95ae94a828f2c-IAD', 'alt-svc': 'h3=":443"; ma=86400'} 
 body={"results":[{"gender":"male","name":{"title":"Mr","first":"بردیا","last":"سهيلي راد"},"location":{"street":{"number":8616,"name":"جمهوری اسلامی"},"city":"اسلام‌شهر","state":"آذربایجان شرقی","country":"Iran","postcode":98581,"coordinates":{"latitude":"13.9800","longitude":"-98.9172"},"timezone":{"offset":"-3:00","description":"Brazil, Buenos Aires, Georgetown"}},"email":"brdy.shylyrd@example.com","login":{"uuid":"465d310f-3772-4715-8fb9-42cc258b4c0d","username":"sadlion347","password":"wolfen","salt":"pDEjBett","md5":"8e2daa552d94ca5bdcd1fb3ab569a1bf","sha1":"4d87c1cd2c9231eabda84817b66667e7d7395bf2","sha256":"7b0f9db2fb21c42c825a6d7018bb124e960556faa8716548a7bf739384315043"},"dob":{"date":"1953-02-01T00:21:11.073Z","age":71},"registered":{"date":"2017-09-26T02:08:46.879Z","age":6},"phone":"013-57280835","cell":"0908-912-0701","id":{"name":"","value":null},"picture":{"large":"https://randomuser.me/api/portraits/men/80.jpg","medium":"https://randomuser.me/api/portraits/med/men/80.jpg","thumbnail":"https://randomuser.me/api/portraits/thumb/men/80.jpg"},"nat":"IR"}],"info":{"seed":"58aff02cac0e771f","results":1,"page":1,"version":"1.4"}} 
 </msg>
<msg time="2024-04-28T19:10:54.952441" level="INFO">/opt/hostedtoolcache/Python/3.12.3/x64/lib/python3.12/site-packages/urllib3/connectionpool.py:1103: InsecureRequestWarning: Unverified HTTPS request is being made to host 'randomuser.me'. Adding certificate verification is strongly advised. See: https://urllib3.readthedocs.io/en/latest/advanced-usage.html#tls-warnings
  warnings.warn(</msg>
<msg time="2024-04-28T19:10:54.952604" level="INFO">${response} = &lt;Response [200]&gt;</msg>
<var>${response}</var>
<arg>consultarAPI</arg>
<arg>/api</arg>
<doc>Sends a GET request on a previously created HTTP Session.</doc>
<status status="PASS" start="2024-04-28T19:10:54.885508" elapsed="0.067139"/>
</kw>
<kw name="Should Be Equal As Numbers" owner="BuiltIn">
<msg time="2024-04-28T19:10:54.953624" level="INFO">Argument types are:
&lt;class 'int'&gt;
&lt;class 'str'&gt;</msg>
<arg>${response.status_code}</arg>
<arg>200</arg>
<doc>Fails if objects are unequal after converting them to real numbers.</doc>
<status status="PASS" start="2024-04-28T19:10:54.953168" elapsed="0.000520"/>
</kw>
<kw name="Log" owner="BuiltIn">
<msg time="2024-04-28T19:10:54.954394" level="INFO">200</msg>
<arg>${response.status_code}</arg>
<doc>Logs the given message with the given level.</doc>
<status status="PASS" start="2024-04-28T19:10:54.954035" elapsed="0.000401"/>
</kw>
<kw name="Set Variable" owner="BuiltIn">
<msg time="2024-04-28T19:10:54.955187" level="INFO">${json_data} = {'results': [{'gender': 'male', 'name': {'title': 'Mr', 'first': 'بردیا', 'last': 'سهيلي راد'}, 'location': {'street': {'number': 8616, 'name': 'جمهوری اسلامی'}, 'city': 'اسلام\u200cشهر', 'state': 'آذ...</msg>
<var>${json_data}</var>
<arg>${response.json()}</arg>
<doc>Returns the given values which can then be assigned to a variables.</doc>
<status status="PASS" start="2024-04-28T19:10:54.954737" elapsed="0.000480"/>
</kw>
<kw name="Dictionary Should Contain Key" owner="Collections">
<msg time="2024-04-28T19:10:54.955724" level="INFO">False</msg>
<arg>${json_data}</arg>
<arg>results</arg>
<doc>Fails if ``key`` is not found from ``dictionary``.</doc>
<status status="PASS" start="2024-04-28T19:10:54.955551" elapsed="0.000216"/>
</kw>
<status status="PASS" start="2024-04-28T19:10:54.885264" elapsed="0.070761"/>
</kw>
<doc>Testa se a API responde corretamente e retorna um objeto JSON válido.</doc>
<tag>testeRequisicaoBasica</tag>
<status status="PASS" start="2024-04-28T19:10:54.884794" elapsed="0.071416"/>
</test>
<test id="s1-s1-t3" name="Validar estrutura de resposta" line="22">
<kw name="Teste de Estrutura de Resposta" owner="random-user-service">
<kw name="GET On Session" owner="RequestsLibrary">
<msg time="2024-04-28T19:10:55.058513" level="INFO">GET Request : url=https://randomuser.me/api 
 path_url=/api 
 headers={'User-Agent': 'python-requests/2.31.0', 'Accept-Encoding': 'gzip, deflate', 'Accept': '*/*', 'Connection': 'keep-alive'} 
 body=None 
 </msg>
<msg time="2024-04-28T19:10:55.058624" level="INFO">GET Response : url=https://randomuser.me/api 
 status=200, reason=OK 
 headers={'Date': 'Sun, 28 Apr 2024 19:10:55 GMT', 'Content-Type': 'application/json; charset=utf-8', 'Transfer-Encoding': 'chunked', 'Connection': 'keep-alive', 'X-Powered-By': 'Express', 'Access-Control-Allow-Origin': '*', 'Cache-Control': 'no-cache', 'ETag': 'W/"480-DDqGqmTwqBsaEONuxEhluM0UAzA"', 'Vary': 'Accept-Encoding', 'Content-Encoding': 'gzip', 'CF-Cache-Status': 'DYNAMIC', 'Report-To': '{"endpoints":[{"url":"https:\\/\\/a.nel.cloudflare.com\\/report\\/v4?s=kh53%2Ff85Yh5tVxgLy1XpJ%2FFgQ5fVzg8wcRXTeYwhReOxbmALwOU67Z%2BAJGQdtmoWbafzosGkuf0FI52kUQKGfhDHLhYYGM3LtqU5SIRGgv0%2B%2FbMAyTiZh3IsC%2BYYqTHE"}],"group":"cf-nel","max_age":604800}', 'NEL': '{"success_fraction":0,"report_to":"cf-nel","max_age":604800}', 'Server': 'cloudflare', 'CF-RAY': '87b95ae98ab78f2c-IAD', 'alt-svc': 'h3=":443"; ma=86400'} 
 body={"results":[{"gender":"male","name":{"title":"Monsieur","first":"Evan","last":"Renaud"},"location":{"street":{"number":3417,"name":"Rue Paul Bert"},"city":"Biasca","state":"Fribourg","country":"Switzerland","postcode":1581,"coordinates":{"latitude":"-58.5888","longitude":"-53.7957"},"timezone":{"offset":"+5:45","description":"Kathmandu"}},"email":"evan.renaud@example.com","login":{"uuid":"4db5f142-01c5-4f38-bf9f-65881d452d44","username":"organicwolf460","password":"vauxhall","salt":"dgVv7pFR","md5":"9df4628bc7a785110cfcce2044b6282f","sha1":"c929cceab517ef3cdfff73aaf7ac1e14ae573cf4","sha256":"920b59e082da54991a4f285be298bc9d1743b7cb53eee7dda9b4578c869e82a6"},"dob":{"date":"1962-12-22T07:15:36.810Z","age":61},"registered":{"date":"2013-06-27T01:33:26.524Z","age":10},"phone":"079 331 82 23","cell":"078 620 83 11","id":{"name":"AVS","value":"756.0958.0885.82"},"picture":{"large":"https://randomuser.me/api/portraits/men/50.jpg","medium":"https://randomuser.me/api/portraits/med/men/50.jpg","thumbnail":"https://randomuser.me/api/portraits/thumb/men/50.jpg"},"nat":"CH"}],"info":{"seed":"779c48121bbf4072","results":1,"page":1,"version":"1.4"}} 
 </msg>
<msg time="2024-04-28T19:10:55.058759" level="INFO">/opt/hostedtoolcache/Python/3.12.3/x64/lib/python3.12/site-packages/urllib3/connectionpool.py:1103: InsecureRequestWarning: Unverified HTTPS request is being made to host 'randomuser.me'. Adding certificate verification is strongly advised. See: https://urllib3.readthedocs.io/en/latest/advanced-usage.html#tls-warnings
  warnings.warn(</msg>
<msg time="2024-04-28T19:10:55.058908" level="INFO">${response} = &lt;Response [200]&gt;</msg>
<var>${response}</var>
<arg>consultarAPI</arg>
<arg>/api</arg>
<doc>Sends a GET request on a previously created HTTP Session.</doc>
<status status="PASS" start="2024-04-28T19:10:54.958836" elapsed="0.100113"/>
</kw>
<kw name="Set Variable" owner="BuiltIn">
<msg time="2024-04-28T19:10:55.060169" level="INFO">${json_data} = {'results': [{'gender': 'male', 'name': {'title': 'Monsieur', 'first': 'Evan', 'last': 'Renaud'}, 'location': {'street': {'number': 3417, 'name': 'Rue Paul Bert'}, 'city': 'Biasca', 'state': 'Fribourg...</msg>
<var>${json_data}</var>
<arg>${response.json()}</arg>
<doc>Returns the given values which can then be assigned to a variables.</doc>
<status status="PASS" start="2024-04-28T19:10:55.059567" elapsed="0.000633"/>
</kw>
<kw name="Log" owner="BuiltIn">
<msg time="2024-04-28T19:10:55.060771" level="INFO">{'results': [{'gender': 'male', 'name': {'title': 'Monsieur', 'first': 'Evan', 'last': 'Renaud'}, 'location': {'street': {'number': 3417, 'name': 'Rue Paul Bert'}, 'city': 'Biasca', 'state': 'Fribourg', 'country': 'Switzerland', 'postcode': 1581, 'coordinates': {'latitude': '-58.5888', 'longitude': '-53.7957'}, 'timezone': {'offset': '+5:45', 'description': 'Kathmandu'}}, 'email': 'evan.renaud@example.com', 'login': {'uuid': '4db5f142-01c5-4f38-bf9f-65881d452d44', 'username': 'organicwolf460', 'password': 'vauxhall', 'salt': 'dgVv7pFR', 'md5': '9df4628bc7a785110cfcce2044b6282f', 'sha1': 'c929cceab517ef3cdfff73aaf7ac1e14ae573cf4', 'sha256': '920b59e082da54991a4f285be298bc9d1743b7cb53eee7dda9b4578c869e82a6'}, 'dob': {'date': '1962-12-22T07:15:36.810Z', 'age': 61}, 'registered': {'date': '2013-06-27T01:33:26.524Z', 'age': 10}, 'phone': '079 331 82 23', 'cell': '078 620 83 11', 'id': {'name': 'AVS', 'value': '756.0958.0885.82'}, 'picture': {'large': 'https://randomuser.me/api/portraits/men/50.jpg', 'medium': 'https://randomuser.me/api/portraits/med/men/50.jpg', 'thumbnail': 'https://randomuser.me/api/portraits/thumb/men/50.jpg'}, 'nat': 'CH'}], 'info': {'seed': '779c48121bbf4072', 'results': 1, 'page': 1, 'version': '1.4'}}</msg>
<arg>${json_data}</arg>
<doc>Logs the given message with the given level.</doc>
<status status="PASS" start="2024-04-28T19:10:55.060593" elapsed="0.000227"/>
</kw>
<kw name="Dictionary Should Contain Key" owner="Collections">
<msg time="2024-04-28T19:10:55.061281" level="INFO">False</msg>
<arg>${json_data}</arg>
<arg>results</arg>
<doc>Fails if ``key`` is not found from ``dictionary``.</doc>
<status status="PASS" start="2024-04-28T19:10:55.061117" elapsed="0.000200"/>
</kw>
<kw name="Should Not Be Empty" owner="BuiltIn">
<msg time="2024-04-28T19:10:55.061743" level="INFO">Length is 2.</msg>
<arg>${json_data}</arg>
<doc>Verifies that the given item is not empty.</doc>
<status status="PASS" start="2024-04-28T19:10:55.061607" elapsed="0.000351"/>
</kw>
<kw name="Create List" owner="BuiltIn">
<msg time="2024-04-28T19:10:55.062408" level="INFO">${expected_keys} = ['gender', 'name', 'location', 'email', 'login']</msg>
<var>${expected_keys}</var>
<arg>gender</arg>
<arg>name</arg>
<arg>location</arg>
<arg>email</arg>
<arg>login</arg>
<doc>Returns a list containing given items.</doc>
<status status="PASS" start="2024-04-28T19:10:55.062253" elapsed="0.000179"/>
</kw>
<for flavor="IN">
<iter>
<kw name="Dictionary Should Contain Key" owner="Collections">
<msg time="2024-04-28T19:10:55.063482" level="INFO">False</msg>
<arg>${json_data['results'][0]}</arg>
<arg>${key}</arg>
<doc>Fails if ``key`` is not found from ``dictionary``.</doc>
<status status="PASS" start="2024-04-28T19:10:55.063019" elapsed="0.000502"/>
</kw>
<kw name="Log" owner="BuiltIn">
<msg time="2024-04-28T19:10:55.064185" level="INFO">{'gender': 'male', 'name': {'title': 'Monsieur', 'first': 'Evan', 'last': 'Renaud'}, 'location': {'street': {'number': 3417, 'name': 'Rue Paul Bert'}, 'city': 'Biasca', 'state': 'Fribourg', 'country': 'Switzerland', 'postcode': 1581, 'coordinates': {'latitude': '-58.5888', 'longitude': '-53.7957'}, 'timezone': {'offset': '+5:45', 'description': 'Kathmandu'}}, 'email': 'evan.renaud@example.com', 'login': {'uuid': '4db5f142-01c5-4f38-bf9f-65881d452d44', 'username': 'organicwolf460', 'password': 'vauxhall', 'salt': 'dgVv7pFR', 'md5': '9df4628bc7a785110cfcce2044b6282f', 'sha1': 'c929cceab517ef3cdfff73aaf7ac1e14ae573cf4', 'sha256': '920b59e082da54991a4f285be298bc9d1743b7cb53eee7dda9b4578c869e82a6'}, 'dob': {'date': '1962-12-22T07:15:36.810Z', 'age': 61}, 'registered': {'date': '2013-06-27T01:33:26.524Z', 'age': 10}, 'phone': '079 331 82 23', 'cell': '078 620 83 11', 'id': {'name': 'AVS', 'value': '756.0958.0885.82'}, 'picture': {'large': 'https://randomuser.me/api/portraits/men/50.jpg', 'medium': 'https://randomuser.me/api/portraits/med/men/50.jpg', 'thumbnail': 'https://randomuser.me/api/portraits/thumb/men/50.jpg'}, 'nat': 'CH'}</msg>
<arg>${json_data['results'][0]}</arg>
<doc>Logs the given message with the given level.</doc>
<status status="PASS" start="2024-04-28T19:10:55.063822" elapsed="0.000411"/>
</kw>
<kw name="Log" owner="BuiltIn">
<msg time="2024-04-28T19:10:55.064646" level="INFO">gender</msg>
<arg>${key}</arg>
<doc>Logs the given message with the given level.</doc>
<status status="PASS" start="2024-04-28T19:10:55.064522" elapsed="0.000159"/>
</kw>
<var name="${key}">gender</var>
<status status="PASS" start="2024-04-28T19:10:55.062894" elapsed="0.001997"/>
</iter>
<iter>
<kw name="Dictionary Should Contain Key" owner="Collections">
<msg time="2024-04-28T19:10:55.065579" level="INFO">False</msg>
<arg>${json_data['results'][0]}</arg>
<arg>${key}</arg>
<doc>Fails if ``key`` is not found from ``dictionary``.</doc>
<status status="PASS" start="2024-04-28T19:10:55.065191" elapsed="0.000424"/>
</kw>
<kw name="Log" owner="BuiltIn">
<msg time="2024-04-28T19:10:55.066298" level="INFO">{'gender': 'male', 'name': {'title': 'Monsieur', 'first': 'Evan', 'last': 'Renaud'}, 'location': {'street': {'number': 3417, 'name': 'Rue Paul Bert'}, 'city': 'Biasca', 'state': 'Fribourg', 'country': 'Switzerland', 'postcode': 1581, 'coordinates': {'latitude': '-58.5888', 'longitude': '-53.7957'}, 'timezone': {'offset': '+5:45', 'description': 'Kathmandu'}}, 'email': 'evan.renaud@example.com', 'login': {'uuid': '4db5f142-01c5-4f38-bf9f-65881d452d44', 'username': 'organicwolf460', 'password': 'vauxhall', 'salt': 'dgVv7pFR', 'md5': '9df4628bc7a785110cfcce2044b6282f', 'sha1': 'c929cceab517ef3cdfff73aaf7ac1e14ae573cf4', 'sha256': '920b59e082da54991a4f285be298bc9d1743b7cb53eee7dda9b4578c869e82a6'}, 'dob': {'date': '1962-12-22T07:15:36.810Z', 'age': 61}, 'registered': {'date': '2013-06-27T01:33:26.524Z', 'age': 10}, 'phone': '079 331 82 23', 'cell': '078 620 83 11', 'id': {'name': 'AVS', 'value': '756.0958.0885.82'}, 'picture': {'large': 'https://randomuser.me/api/portraits/men/50.jpg', 'medium': 'https://randomuser.me/api/portraits/med/men/50.jpg', 'thumbnail': 'https://randomuser.me/api/portraits/thumb/men/50.jpg'}, 'nat': 'CH'}</msg>
<arg>${json_data['results'][0]}</arg>
<doc>Logs the given message with the given level.</doc>
<status status="PASS" start="2024-04-28T19:10:55.065938" elapsed="0.000407"/>
</kw>
<kw name="Log" owner="BuiltIn">
<msg time="2024-04-28T19:10:55.066762" level="INFO">name</msg>
<arg>${key}</arg>
<doc>Logs the given message with the given level.</doc>
<status status="PASS" start="2024-04-28T19:10:55.066637" elapsed="0.000161"/>
</kw>
<var name="${key}">name</var>
<status status="PASS" start="2024-04-28T19:10:55.065076" elapsed="0.001941"/>
</iter>
<iter>
<kw name="Dictionary Should Contain Key" owner="Collections">
<msg time="2024-04-28T19:10:55.067737" level="INFO">False</msg>
<arg>${json_data['results'][0]}</arg>
<arg>${key}</arg>
<doc>Fails if ``key`` is not found from ``dictionary``.</doc>
<status status="PASS" start="2024-04-28T19:10:55.067327" elapsed="0.000448"/>
</kw>
<kw name="Log" owner="BuiltIn">
<msg time="2024-04-28T19:10:55.068420" level="INFO">{'gender': 'male', 'name': {'title': 'Monsieur', 'first': 'Evan', 'last': 'Renaud'}, 'location': {'street': {'number': 3417, 'name': 'Rue Paul Bert'}, 'city': 'Biasca', 'state': 'Fribourg', 'country': 'Switzerland', 'postcode': 1581, 'coordinates': {'latitude': '-58.5888', 'longitude': '-53.7957'}, 'timezone': {'offset': '+5:45', 'description': 'Kathmandu'}}, 'email': 'evan.renaud@example.com', 'login': {'uuid': '4db5f142-01c5-4f38-bf9f-65881d452d44', 'username': 'organicwolf460', 'password': 'vauxhall', 'salt': 'dgVv7pFR', 'md5': '9df4628bc7a785110cfcce2044b6282f', 'sha1': 'c929cceab517ef3cdfff73aaf7ac1e14ae573cf4', 'sha256': '920b59e082da54991a4f285be298bc9d1743b7cb53eee7dda9b4578c869e82a6'}, 'dob': {'date': '1962-12-22T07:15:36.810Z', 'age': 61}, 'registered': {'date': '2013-06-27T01:33:26.524Z', 'age': 10}, 'phone': '079 331 82 23', 'cell': '078 620 83 11', 'id': {'name': 'AVS', 'value': '756.0958.0885.82'}, 'picture': {'large': 'https://randomuser.me/api/portraits/men/50.jpg', 'medium': 'https://randomuser.me/api/portraits/med/men/50.jpg', 'thumbnail': 'https://randomuser.me/api/portraits/thumb/men/50.jpg'}, 'nat': 'CH'}</msg>
<arg>${json_data['results'][0]}</arg>
<doc>Logs the given message with the given level.</doc>
<status status="PASS" start="2024-04-28T19:10:55.068067" elapsed="0.000399"/>
</kw>
<kw name="Log" owner="BuiltIn">
<msg time="2024-04-28T19:10:55.068875" level="INFO">location</msg>
<arg>${key}</arg>
<doc>Logs the given message with the given level.</doc>
<status status="PASS" start="2024-04-28T19:10:55.068752" elapsed="0.000160"/>
</kw>
<var name="${key}">location</var>
<status status="PASS" start="2024-04-28T19:10:55.067194" elapsed="0.001931"/>
</iter>
<iter>
<kw name="Dictionary Should Contain Key" owner="Collections">
<msg time="2024-04-28T19:10:55.069787" level="INFO">False</msg>
<arg>${json_data['results'][0]}</arg>
<arg>${key}</arg>
<doc>Fails if ``key`` is not found from ``dictionary``.</doc>
<status status="PASS" start="2024-04-28T19:10:55.069404" elapsed="0.000419"/>
</kw>
<kw name="Log" owner="BuiltIn">
<msg time="2024-04-28T19:10:55.070472" level="INFO">{'gender': 'male', 'name': {'title': 'Monsieur', 'first': 'Evan', 'last': 'Renaud'}, 'location': {'street': {'number': 3417, 'name': 'Rue Paul Bert'}, 'city': 'Biasca', 'state': 'Fribourg', 'country': 'Switzerland', 'postcode': 1581, 'coordinates': {'latitude': '-58.5888', 'longitude': '-53.7957'}, 'timezone': {'offset': '+5:45', 'description': 'Kathmandu'}}, 'email': 'evan.renaud@example.com', 'login': {'uuid': '4db5f142-01c5-4f38-bf9f-65881d452d44', 'username': 'organicwolf460', 'password': 'vauxhall', 'salt': 'dgVv7pFR', 'md5': '9df4628bc7a785110cfcce2044b6282f', 'sha1': 'c929cceab517ef3cdfff73aaf7ac1e14ae573cf4', 'sha256': '920b59e082da54991a4f285be298bc9d1743b7cb53eee7dda9b4578c869e82a6'}, 'dob': {'date': '1962-12-22T07:15:36.810Z', 'age': 61}, 'registered': {'date': '2013-06-27T01:33:26.524Z', 'age': 10}, 'phone': '079 331 82 23', 'cell': '078 620 83 11', 'id': {'name': 'AVS', 'value': '756.0958.0885.82'}, 'picture': {'large': 'https://randomuser.me/api/portraits/men/50.jpg', 'medium': 'https://randomuser.me/api/portraits/med/men/50.jpg', 'thumbnail': 'https://randomuser.me/api/portraits/thumb/men/50.jpg'}, 'nat': 'CH'}</msg>
<arg>${json_data['results'][0]}</arg>
<doc>Logs the given message with the given level.</doc>
<status status="PASS" start="2024-04-28T19:10:55.070117" elapsed="0.000401"/>
</kw>
<kw name="Log" owner="BuiltIn">
<msg time="2024-04-28T19:10:55.070932" level="INFO">email</msg>
<arg>${key}</arg>
<doc>Logs the given message with the given level.</doc>
<status status="PASS" start="2024-04-28T19:10:55.070806" elapsed="0.000162"/>
</kw>
<var name="${key}">email</var>
<status status="PASS" start="2024-04-28T19:10:55.069294" elapsed="0.001887"/>
</iter>
<iter>
<kw name="Dictionary Should Contain Key" owner="Collections">
<msg time="2024-04-28T19:10:55.071881" level="INFO">False</msg>
<arg>${json_data['results'][0]}</arg>
<arg>${key}</arg>
<doc>Fails if ``key`` is not found from ``dictionary``.</doc>
<status status="PASS" start="2024-04-28T19:10:55.071498" elapsed="0.000419"/>
</kw>
<kw name="Log" owner="BuiltIn">
<msg time="2024-04-28T19:10:55.072786" level="INFO">{'gender': 'male', 'name': {'title': 'Monsieur', 'first': 'Evan', 'last': 'Renaud'}, 'location': {'street': {'number': 3417, 'name': 'Rue Paul Bert'}, 'city': 'Biasca', 'state': 'Fribourg', 'country': 'Switzerland', 'postcode': 1581, 'coordinates': {'latitude': '-58.5888', 'longitude': '-53.7957'}, 'timezone': {'offset': '+5:45', 'description': 'Kathmandu'}}, 'email': 'evan.renaud@example.com', 'login': {'uuid': '4db5f142-01c5-4f38-bf9f-65881d452d44', 'username': 'organicwolf460', 'password': 'vauxhall', 'salt': 'dgVv7pFR', 'md5': '9df4628bc7a785110cfcce2044b6282f', 'sha1': 'c929cceab517ef3cdfff73aaf7ac1e14ae573cf4', 'sha256': '920b59e082da54991a4f285be298bc9d1743b7cb53eee7dda9b4578c869e82a6'}, 'dob': {'date': '1962-12-22T07:15:36.810Z', 'age': 61}, 'registered': {'date': '2013-06-27T01:33:26.524Z', 'age': 10}, 'phone': '079 331 82 23', 'cell': '078 620 83 11', 'id': {'name': 'AVS', 'value': '756.0958.0885.82'}, 'picture': {'large': 'https://randomuser.me/api/portraits/men/50.jpg', 'medium': 'https://randomuser.me/api/portraits/med/men/50.jpg', 'thumbnail': 'https://randomuser.me/api/portraits/thumb/men/50.jpg'}, 'nat': 'CH'}</msg>
<arg>${json_data['results'][0]}</arg>
<doc>Logs the given message with the given level.</doc>
<status status="PASS" start="2024-04-28T19:10:55.072259" elapsed="0.000576"/>
</kw>
<kw name="Log" owner="BuiltIn">
<msg time="2024-04-28T19:10:55.073261" level="INFO">login</msg>
<arg>${key}</arg>
<doc>Logs the given message with the given level.</doc>
<status status="PASS" start="2024-04-28T19:10:55.073136" elapsed="0.000163"/>
</kw>
<var name="${key}">login</var>
<status status="PASS" start="2024-04-28T19:10:55.071385" elapsed="0.002128"/>
</iter>
<var>${key}</var>
<value>@{expected_keys}</value>
<status status="PASS" start="2024-04-28T19:10:55.062693" elapsed="0.010968"/>
</for>
<kw name="Create List" owner="BuiltIn">
<msg time="2024-04-28T19:10:55.074004" level="INFO">${expected_keysTwo} = ['username', 'password']</msg>
<var>${expected_keysTwo}</var>
<arg>username</arg>
<arg>password</arg>
<doc>Returns a list containing given items.</doc>
<status status="PASS" start="2024-04-28T19:10:55.073864" elapsed="0.000164"/>
</kw>
<for flavor="IN">
<iter>
<kw name="Dictionary Should Contain Key" owner="Collections">
<msg time="2024-04-28T19:10:55.074924" level="INFO">False</msg>
<arg>${json_data['results'][0]['login']}</arg>
<arg>${keyTwo}</arg>
<doc>Fails if ``key`` is not found from ``dictionary``.</doc>
<status status="PASS" start="2024-04-28T19:10:55.074537" elapsed="0.000424"/>
</kw>
<kw name="Dictionary Should Contain Key" owner="Collections">
<msg time="2024-04-28T19:10:55.075675" level="INFO">False</msg>
<arg>${json_data['results'][0]['login']}</arg>
<arg>${keyTwo}</arg>
<doc>Fails if ``key`` is not found from ``dictionary``.</doc>
<status status="PASS" start="2024-04-28T19:10:55.075280" elapsed="0.000432"/>
</kw>
<kw name="Log" owner="BuiltIn">
<msg time="2024-04-28T19:10:55.076132" level="INFO">username</msg>
<arg>${keyTwo}</arg>
<doc>Logs the given message with the given level.</doc>
<status status="PASS" start="2024-04-28T19:10:55.076004" elapsed="0.000170"/>
</kw>
<var name="${keyTwo}">username</var>
<status status="PASS" start="2024-04-28T19:10:55.074427" elapsed="0.001963"/>
</iter>
<iter>
<kw name="Dictionary Should Contain Key" owner="Collections">
<msg time="2024-04-28T19:10:55.077154" level="INFO">False</msg>
<arg>${json_data['results'][0]['login']}</arg>
<arg>${keyTwo}</arg>
<doc>Fails if ``key`` is not found from ``dictionary``.</doc>
<status status="PASS" start="2024-04-28T19:10:55.076670" elapsed="0.000524"/>
</kw>
<kw name="Dictionary Should Contain Key" owner="Collections">
<msg time="2024-04-28T19:10:55.077888" level="INFO">False</msg>
<arg>${json_data['results'][0]['login']}</arg>
<arg>${keyTwo}</arg>
<doc>Fails if ``key`` is not found from ``dictionary``.</doc>
<status status="PASS" start="2024-04-28T19:10:55.077492" elapsed="0.000434"/>
</kw>
<kw name="Log" owner="BuiltIn">
<msg time="2024-04-28T19:10:55.078347" level="INFO">password</msg>
<arg>${keyTwo}</arg>
<doc>Logs the given message with the given level.</doc>
<status status="PASS" start="2024-04-28T19:10:55.078221" elapsed="0.000163"/>
</kw>
<var name="${keyTwo}">password</var>
<status status="PASS" start="2024-04-28T19:10:55.076560" elapsed="0.002037"/>
</iter>
<var>${keyTwo}</var>
<value>@{expected_keysTwo}</value>
<status status="PASS" start="2024-04-28T19:10:55.074268" elapsed="0.004450"/>
</for>
<status status="PASS" start="2024-04-28T19:10:54.958595" elapsed="0.120265"/>
</kw>
<doc>Testa a estrutura da resposta da API.</doc>
<tag>testeEstruturaResposta</tag>
<status status="PASS" start="2024-04-28T19:10:54.958027" elapsed="0.120992"/>
</test>
<test id="s1-s1-t4" name="Validar tipos de dados" line="28">
<kw name="Teste de Tipos de Dados" owner="random-user-service">
<kw name="GET On Session" owner="RequestsLibrary">
<msg time="2024-04-28T19:10:55.163850" level="INFO">GET Request : url=https://randomuser.me/api 
 path_url=/api 
 headers={'User-Agent': 'python-requests/2.31.0', 'Accept-Encoding': 'gzip, deflate', 'Accept': '*/*', 'Connection': 'keep-alive'} 
 body=None 
 </msg>
<msg time="2024-04-28T19:10:55.163947" level="INFO">GET Response : url=https://randomuser.me/api 
 status=200, reason=OK 
 headers={'Date': 'Sun, 28 Apr 2024 19:10:55 GMT', 'Content-Type': 'application/json; charset=utf-8', 'Transfer-Encoding': 'chunked', 'Connection': 'keep-alive', 'X-Powered-By': 'Express', 'Access-Control-Allow-Origin': '*', 'Cache-Control': 'no-cache', 'ETag': 'W/"492-0vCTF4gCD3zBCk8UY08oQGcCEnM"', 'Vary': 'Accept-Encoding', 'Content-Encoding': 'gzip', 'CF-Cache-Status': 'DYNAMIC', 'Report-To': '{"endpoints":[{"url":"https:\\/\\/a.nel.cloudflare.com\\/report\\/v4?s=mh0jPf8uOkK7bi5qQ0XuiAaAxCdcESQfNjbd5BJbDe2CLd4dYndnS%2FV2U7M5c%2FeTAIOk1jGZdGGTrtd%2F9AEAFTqDEZR5jDEJ7azFBSCWhlQFaXh0gudUiAwF0AkADpuH"}],"group":"cf-nel","max_age":604800}', 'NEL': '{"success_fraction":0,"report_to":"cf-nel","max_age":604800}', 'Server': 'cloudflare', 'CF-RAY': '87b95aea4b418f2c-IAD', 'alt-svc': 'h3=":443"; ma=86400'} 
 body={"results":[{"gender":"female","name":{"title":"Ms","first":"Julie","last":"Rasmussen"},"location":{"street":{"number":9969,"name":"Skovparken"},"city":"Askeby","state":"Hovedstaden","country":"Denmark","postcode":62093,"coordinates":{"latitude":"-41.9039","longitude":"24.1539"},"timezone":{"offset":"+11:00","description":"Magadan, Solomon Islands, New Caledonia"}},"email":"julie.rasmussen@example.com","login":{"uuid":"7edffb13-9f1d-41f4-a963-805f87e993ca","username":"blueleopard125","password":"harry","salt":"7hYe0qjJ","md5":"cf251708fd20b3183efd398a939b4815","sha1":"a4896fe7477f4267b480507aa551eb8bad8831cd","sha256":"fed92391f95513f6667370d2b98e000b219168a1a03855048d8ffd4b2c59357d"},"dob":{"date":"1964-03-28T06:02:34.925Z","age":60},"registered":{"date":"2022-02-22T02:26:42.499Z","age":2},"phone":"49552766","cell":"20442287","id":{"name":"CPR","value":"280364-0625"},"picture":{"large":"https://randomuser.me/api/portraits/women/52.jpg","medium":"https://randomuser.me/api/portraits/med/women/52.jpg","thumbnail":"https://randomuser.me/api/portraits/thumb/women/52.jpg"},"nat":"DK"}],"info":{"seed":"59095036f2e0aaaf","results":1,"page":1,"version":"1.4"}} 
 </msg>
<msg time="2024-04-28T19:10:55.164018" level="INFO">/opt/hostedtoolcache/Python/3.12.3/x64/lib/python3.12/site-packages/urllib3/connectionpool.py:1103: InsecureRequestWarning: Unverified HTTPS request is being made to host 'randomuser.me'. Adding certificate verification is strongly advised. See: https://urllib3.readthedocs.io/en/latest/advanced-usage.html#tls-warnings
  warnings.warn(</msg>
<msg time="2024-04-28T19:10:55.164160" level="INFO">${response} = &lt;Response [200]&gt;</msg>
<var>${response}</var>
<arg>consultarAPI</arg>
<arg>/api</arg>
<doc>Sends a GET request on a previously created HTTP Session.</doc>
<status status="PASS" start="2024-04-28T19:10:55.081622" elapsed="0.082577"/>
</kw>
<kw name="Set Variable" owner="BuiltIn">
<msg time="2024-04-28T19:10:55.165222" level="INFO">${json_data} = {'results': [{'gender': 'female', 'name': {'title': 'Ms', 'first': 'Julie', 'last': 'Rasmussen'}, 'location': {'street': {'number': 9969, 'name': 'Skovparken'}, 'city': 'Askeby', 'state': 'Hovedstaden...</msg>
<var>${json_data}</var>
<arg>${response.json()}</arg>
<doc>Returns the given values which can then be assigned to a variables.</doc>
<status status="PASS" start="2024-04-28T19:10:55.164702" elapsed="0.000547"/>
</kw>
<kw name="Log" owner="BuiltIn">
<msg time="2024-04-28T19:10:55.165713" level="INFO">{'results': [{'gender': 'female', 'name': {'title': 'Ms', 'first': 'Julie', 'last': 'Rasmussen'}, 'location': {'street': {'number': 9969, 'name': 'Skovparken'}, 'city': 'Askeby', 'state': 'Hovedstaden', 'country': 'Denmark', 'postcode': 62093, 'coordinates': {'latitude': '-41.9039', 'longitude': '24.1539'}, 'timezone': {'offset': '+11:00', 'description': 'Magadan, Solomon Islands, New Caledonia'}}, 'email': 'julie.rasmussen@example.com', 'login': {'uuid': '7edffb13-9f1d-41f4-a963-805f87e993ca', 'username': 'blueleopard125', 'password': 'harry', 'salt': '7hYe0qjJ', 'md5': 'cf251708fd20b3183efd398a939b4815', 'sha1': 'a4896fe7477f4267b480507aa551eb8bad8831cd', 'sha256': 'fed92391f95513f6667370d2b98e000b219168a1a03855048d8ffd4b2c59357d'}, 'dob': {'date': '1964-03-28T06:02:34.925Z', 'age': 60}, 'registered': {'date': '2022-02-22T02:26:42.499Z', 'age': 2}, 'phone': '49552766', 'cell': '20442287', 'id': {'name': 'CPR', 'value': '280364-0625'}, 'picture': {'large': 'https://randomuser.me/api/portraits/women/52.jpg', 'medium': 'https://randomuser.me/api/portraits/med/women/52.jpg', 'thumbnail': 'https://randomuser.me/api/portraits/thumb/women/52.jpg'}, 'nat': 'DK'}], 'info': {'seed': '59095036f2e0aaaf', 'results': 1, 'page': 1, 'version': '1.4'}}</msg>
<arg>${json_data}</arg>
<doc>Logs the given message with the given level.</doc>
<status status="PASS" start="2024-04-28T19:10:55.165556" elapsed="0.000250"/>
</kw>
<kw name="Should Be String" owner="String">
<arg>${json_data['results'][0]['gender']}</arg>
<doc>Fails if the given ``item`` is not a string.</doc>
<status status="PASS" start="2024-04-28T19:10:55.166105" elapsed="0.000360"/>
</kw>
<kw name="Should Match Regexp" owner="BuiltIn">
<arg>${json_data['results'][0]['email']}</arg>
<arg>^[a-zA-Z0-9._%+-]+@[a-zA-Z0-9.-]+\.[a-zA-Z]{2,}$</arg>
<doc>Fails if ``string`` does not match ``pattern`` as a regular expression.</doc>
<status status="PASS" start="2024-04-28T19:10:55.166656" elapsed="0.000526"/>
</kw>
<kw name="Should Match Regexp" owner="BuiltIn">
<arg>${json_data['results'][0]['dob']['date']}</arg>
<arg>\\d{4}-\\d{2}-\\d{2}T\\d{2}:\\d{2}:\\d{2}\\.\\d{3}Z</arg>
<doc>Fails if ``string`` does not match ``pattern`` as a regular expression.</doc>
<status status="PASS" start="2024-04-28T19:10:55.167426" elapsed="0.000490"/>
</kw>
<kw name="Should Match Regexp" owner="BuiltIn">
<arg>${json_data['results'][0]['registered']['date']}</arg>
<arg>\\d{4}-\\d{2}-\\d{2}T\\d{2}:\\d{2}:\\d{2}\\.\\d{3}Z</arg>
<doc>Fails if ``string`` does not match ``pattern`` as a regular expression.</doc>
<status status="PASS" start="2024-04-28T19:10:55.168108" elapsed="0.000367"/>
</kw>
<kw name="Should Match Regexp" owner="BuiltIn">
<arg>${json_data['results'][0]['picture']['large']}</arg>
<arg>^https?://.*\.(?:png|jpe?g|gif|bmp)$</arg>
<doc>Fails if ``string`` does not match ``pattern`` as a regular expression.</doc>
<status status="PASS" start="2024-04-28T19:10:55.168663" elapsed="0.000473"/>
</kw>
<kw name="Should Match Regexp" owner="BuiltIn">
<arg>${json_data['results'][0]['picture']['medium']}</arg>
<arg>^https?://.*\.(?:png|jpe?g|gif|bmp)$</arg>
<doc>Fails if ``string`` does not match ``pattern`` as a regular expression.</doc>
<status status="PASS" start="2024-04-28T19:10:55.169322" elapsed="0.000360"/>
</kw>
<kw name="Should Match Regexp" owner="BuiltIn">
<arg>${json_data['results'][0]['picture']['thumbnail']}</arg>
<arg>^https?://.*\.(?:png|jpe?g|gif|bmp)$</arg>
<doc>Fails if ``string`` does not match ``pattern`` as a regular expression.</doc>
<status status="PASS" start="2024-04-28T19:10:55.169873" elapsed="0.000349"/>
</kw>
<kw name="Log" owner="BuiltIn">
<msg time="2024-04-28T19:10:55.170725" level="INFO">{'large': 'https://randomuser.me/api/portraits/women/52.jpg', 'medium': 'https://randomuser.me/api/portraits/med/women/52.jpg', 'thumbnail': 'https://randomuser.me/api/portraits/thumb/women/52.jpg'}</msg>
<arg>${json_data['results'][0]['picture']}</arg>
<doc>Logs the given message with the given level.</doc>
<status status="PASS" start="2024-04-28T19:10:55.170403" elapsed="0.000363"/>
</kw>
<status status="PASS" start="2024-04-28T19:10:55.081391" elapsed="0.089636"/>
</kw>
<kw name="Teste de Tipos de Dados - Postcode" owner="random-user-service">
<kw name="GET On Session" owner="RequestsLibrary">
<msg time="2024-04-28T19:10:55.253696" level="INFO">GET Request : url=https://randomuser.me/api 
 path_url=/api 
 headers={'User-Agent': 'python-requests/2.31.0', 'Accept-Encoding': 'gzip, deflate', 'Accept': '*/*', 'Connection': 'keep-alive'} 
 body=None 
 </msg>
<msg time="2024-04-28T19:10:55.253806" level="INFO">GET Response : url=https://randomuser.me/api 
 status=200, reason=OK 
 headers={'Date': 'Sun, 28 Apr 2024 19:10:55 GMT', 'Content-Type': 'application/json; charset=utf-8', 'Transfer-Encoding': 'chunked', 'Connection': 'keep-alive', 'X-Powered-By': 'Express', 'Access-Control-Allow-Origin': '*', 'Cache-Control': 'no-cache', 'ETag': 'W/"4a0-R1/kmaqLKU4btNsG7qtIhaJxkqU"', 'Vary': 'Accept-Encoding', 'Content-Encoding': 'gzip', 'CF-Cache-Status': 'DYNAMIC', 'Report-To': '{"endpoints":[{"url":"https:\\/\\/a.nel.cloudflare.com\\/report\\/v4?s=oZoR4LlCSI35WxX8rFKfwD2g3ZXW%2FwOYQuDDg9EKdSiIDV0rnyYizoU8BXcDTJ10UXdL6g3fpLAGKG3tSAoeDyXlRIKWRG5pG9o2oN%2BFvuVvt9Po83zeEkadH2yKvNj7"}],"group":"cf-nel","max_age":604800}', 'NEL': '{"success_fraction":0,"report_to":"cf-nel","max_age":604800}', 'Server': 'cloudflare', 'CF-RAY': '87b95aeadbc88f2c-IAD', 'alt-svc': 'h3=":443"; ma=86400'} 
 body={"results":[{"gender":"female","name":{"title":"Miss","first":"Emma","last":"Jones"},"location":{"street":{"number":1821,"name":"Dogwood Ave"},"city":"Hobart","state":"Australian Capital Territory","country":"Australia","postcode":3042,"coordinates":{"latitude":"-81.7541","longitude":"7.7371"},"timezone":{"offset":"-4:00","description":"Atlantic Time (Canada), Caracas, La Paz"}},"email":"emma.jones@example.com","login":{"uuid":"47242270-d5ee-404f-abd9-2d0cace21208","username":"organiccat870","password":"sssss","salt":"u65ds7lR","md5":"4a8c5292041fdfb21f781130591ca34e","sha1":"347890bd4dd0c5729da2998c89b7e58bcb866aa3","sha256":"afaff80c1eabf3956fe7b30870dbb58ebc996018698bf4752139c3b9dc49bd24"},"dob":{"date":"1948-02-11T16:43:46.563Z","age":76},"registered":{"date":"2017-06-13T12:23:32.497Z","age":6},"phone":"08-9101-0561","cell":"0467-684-250","id":{"name":"TFN","value":"301481401"},"picture":{"large":"https://randomuser.me/api/portraits/women/65.jpg","medium":"https://randomuser.me/api/portraits/med/women/65.jpg","thumbnail":"https://randomuser.me/api/portraits/thumb/women/65.jpg"},"nat":"AU"}],"info":{"seed":"b03d338c0e143469","results":1,"page":1,"version":"1.4"}} 
 </msg>
<msg time="2024-04-28T19:10:55.253886" level="INFO">/opt/hostedtoolcache/Python/3.12.3/x64/lib/python3.12/site-packages/urllib3/connectionpool.py:1103: InsecureRequestWarning: Unverified HTTPS request is being made to host 'randomuser.me'. Adding certificate verification is strongly advised. See: https://urllib3.readthedocs.io/en/latest/advanced-usage.html#tls-warnings
  warnings.warn(</msg>
<msg time="2024-04-28T19:10:55.254034" level="INFO">${response} = &lt;Response [200]&gt;</msg>
<var>${response}</var>
<arg>consultarAPI</arg>
<arg>/api</arg>
<doc>Sends a GET request on a previously created HTTP Session.</doc>
<status status="PASS" start="2024-04-28T19:10:55.171526" elapsed="0.082559"/>
</kw>
<kw name="Set Variable" owner="BuiltIn">
<msg time="2024-04-28T19:10:55.255102" level="INFO">${json_data} = {'results': [{'gender': 'female', 'name': {'title': 'Miss', 'first': 'Emma', 'last': 'Jones'}, 'location': {'street': {'number': 1821, 'name': 'Dogwood Ave'}, 'city': 'Hobart', 'state': 'Australian Ca...</msg>
<var>${json_data}</var>
<arg>${response.json()}</arg>
<doc>Returns the given values which can then be assigned to a variables.</doc>
<status status="PASS" start="2024-04-28T19:10:55.254571" elapsed="0.000559"/>
</kw>
<kw name="Log" owner="BuiltIn">
<msg time="2024-04-28T19:10:55.255643" level="INFO">{'results': [{'gender': 'female', 'name': {'title': 'Miss', 'first': 'Emma', 'last': 'Jones'}, 'location': {'street': {'number': 1821, 'name': 'Dogwood Ave'}, 'city': 'Hobart', 'state': 'Australian Capital Territory', 'country': 'Australia', 'postcode': 3042, 'coordinates': {'latitude': '-81.7541', 'longitude': '7.7371'}, 'timezone': {'offset': '-4:00', 'description': 'Atlantic Time (Canada), Caracas, La Paz'}}, 'email': 'emma.jones@example.com', 'login': {'uuid': '47242270-d5ee-404f-abd9-2d0cace21208', 'username': 'organiccat870', 'password': 'sssss', 'salt': 'u65ds7lR', 'md5': '4a8c5292041fdfb21f781130591ca34e', 'sha1': '347890bd4dd0c5729da2998c89b7e58bcb866aa3', 'sha256': 'afaff80c1eabf3956fe7b30870dbb58ebc996018698bf4752139c3b9dc49bd24'}, 'dob': {'date': '1948-02-11T16:43:46.563Z', 'age': 76}, 'registered': {'date': '2017-06-13T12:23:32.497Z', 'age': 6}, 'phone': '08-9101-0561', 'cell': '0467-684-250', 'id': {'name': 'TFN', 'value': '301481401'}, 'picture': {'large': 'https://randomuser.me/api/portraits/women/65.jpg', 'medium': 'https://randomuser.me/api/portraits/med/women/65.jpg', 'thumbnail': 'https://randomuser.me/api/portraits/thumb/women/65.jpg'}, 'nat': 'AU'}], 'info': {'seed': 'b03d338c0e143469', 'results': 1, 'page': 1, 'version': '1.4'}}</msg>
<arg>${json_data}</arg>
<doc>Logs the given message with the given level.</doc>
<status status="PASS" start="2024-04-28T19:10:55.255485" elapsed="0.000238"/>
</kw>
<kw name="Should Be Equal As Numbers" owner="BuiltIn">
<arg>${json_data['results'][0]['location']['postcode']}</arg>
<arg>${json_data['results'][0]['location']['postcode']}</arg>
<doc>Fails if objects are unequal after converting them to real numbers.</doc>
<status status="PASS" start="2024-04-28T19:10:55.256207" elapsed="0.000619"/>
</kw>
<kw name="Log" owner="BuiltIn">
<msg time="2024-04-28T19:10:55.257354" level="INFO">3042</msg>
<arg>${json_data['results'][0]['location']['postcode']}</arg>
<doc>Logs the given message with the given level.</doc>
<status status="PASS" start="2024-04-28T19:10:55.257017" elapsed="0.000377"/>
</kw>
<status status="PASS" start="2024-04-28T19:10:55.171283" elapsed="0.086363"/>
</kw>
<doc>Testa se os tipos de dados na resposta da API estão corretos.</doc>
<tag>testeTiposDados</tag>
<status status="PASS" start="2024-04-28T19:10:55.080843" elapsed="0.176967"/>
</test>
<test id="s1-s1-t5" name="Validar conteudo" line="35">
<kw name="Teste de Tipos de Conteudo" owner="random-user-service">
<kw name="GET On Session" owner="RequestsLibrary">
<msg time="2024-04-28T19:10:55.351113" level="INFO">GET Request : url=https://randomuser.me/api 
 path_url=/api 
 headers={'User-Agent': 'python-requests/2.31.0', 'Accept-Encoding': 'gzip, deflate', 'Accept': '*/*', 'Connection': 'keep-alive'} 
 body=None 
 </msg>
<msg time="2024-04-28T19:10:55.351220" level="INFO">GET Response : url=https://randomuser.me/api 
 status=200, reason=OK 
 headers={'Date': 'Sun, 28 Apr 2024 19:10:55 GMT', 'Content-Type': 'application/json; charset=utf-8', 'Transfer-Encoding': 'chunked', 'Connection': 'keep-alive', 'X-Powered-By': 'Express', 'Access-Control-Allow-Origin': '*', 'Cache-Control': 'no-cache', 'ETag': 'W/"485-gNfW9SxIYU6v81T0USecLC3XRNg"', 'Vary': 'Accept-Encoding', 'Content-Encoding': 'gzip', 'CF-Cache-Status': 'DYNAMIC', 'Report-To': '{"endpoints":[{"url":"https:\\/\\/a.nel.cloudflare.com\\/report\\/v4?s=sDpSGeFTI7aQsN%2Fo4bheJ2FO0adgnufa2FkFfCNiqz75aV%2FA8ZhdW6DBpxIZrzSsHQwPhlb4OjtGUlTaGCWJ1XoJpSNkcX%2Bqk%2BJJA5JnHgsb2Bzj%2FAd1imB8qcdAnHge"}],"group":"cf-nel","max_age":604800}', 'NEL': '{"success_fraction":0,"report_to":"cf-nel","max_age":604800}', 'Server': 'cloudflare', 'CF-RAY': '87b95aeb6c3a8f2c-IAD', 'alt-svc': 'h3=":443"; ma=86400'} 
 body={"results":[{"gender":"male","name":{"title":"Mr","first":"Harvey","last":"Patterson"},"location":{"street":{"number":2003,"name":"Westheimer Rd"},"city":"Nowra","state":"South Australia","country":"Australia","postcode":8252,"coordinates":{"latitude":"-85.7549","longitude":"-23.6088"},"timezone":{"offset":"-12:00","description":"Eniwetok, Kwajalein"}},"email":"harvey.patterson@example.com","login":{"uuid":"6a03fa82-4d6b-48a6-8a02-d82932f6065e","username":"angrycat847","password":"nt5d27","salt":"r1AUGOza","md5":"97cc9696157ecc286e50f215c2c2da1e","sha1":"6c014a67f9f17137d7a186f47fcac3585d5a6d31","sha256":"d1b0fe6c22194af53a1b63bed3d8aea27f57b1e7029031353dc1248c7f7eff93"},"dob":{"date":"1973-09-26T04:07:49.353Z","age":50},"registered":{"date":"2005-10-25T03:26:50.597Z","age":18},"phone":"02-1930-4396","cell":"0425-826-476","id":{"name":"TFN","value":"132160731"},"picture":{"large":"https://randomuser.me/api/portraits/men/56.jpg","medium":"https://randomuser.me/api/portraits/med/men/56.jpg","thumbnail":"https://randomuser.me/api/portraits/thumb/men/56.jpg"},"nat":"AU"}],"info":{"seed":"9ddc944d0bab4495","results":1,"page":1,"version":"1.4"}} 
 </msg>
<msg time="2024-04-28T19:10:55.351328" level="INFO">/opt/hostedtoolcache/Python/3.12.3/x64/lib/python3.12/site-packages/urllib3/connectionpool.py:1103: InsecureRequestWarning: Unverified HTTPS request is being made to host 'randomuser.me'. Adding certificate verification is strongly advised. See: https://urllib3.readthedocs.io/en/latest/advanced-usage.html#tls-warnings
  warnings.warn(</msg>
<msg time="2024-04-28T19:10:55.351484" level="INFO">${response} = &lt;Response [200]&gt;</msg>
<var>${response}</var>
<arg>consultarAPI</arg>
<arg>/api</arg>
<doc>Sends a GET request on a previously created HTTP Session.</doc>
<status status="PASS" start="2024-04-28T19:10:55.260354" elapsed="0.091174"/>
</kw>
<kw name="Set Variable" owner="BuiltIn">
<msg time="2024-04-28T19:10:55.352553" level="INFO">${json_data} = {'results': [{'gender': 'male', 'name': {'title': 'Mr', 'first': 'Harvey', 'last': 'Patterson'}, 'location': {'street': {'number': 2003, 'name': 'Westheimer Rd'}, 'city': 'Nowra', 'state': 'South Aust...</msg>
<var>${json_data}</var>
<arg>${response.json()}</arg>
<doc>Returns the given values which can then be assigned to a variables.</doc>
<status status="PASS" start="2024-04-28T19:10:55.352054" elapsed="0.000527"/>
</kw>
<kw name="Set Variable" owner="BuiltIn">
<msg time="2024-04-28T19:10:55.353270" level="INFO">${name_title} = Mr</msg>
<var>${name_title}</var>
<arg>${json_data["results"][0]["name"]["title"]}</arg>
<doc>Returns the given values which can then be assigned to a variables.</doc>
<status status="PASS" start="2024-04-28T19:10:55.352885" elapsed="0.000411"/>
</kw>
<kw name="Create List" owner="BuiltIn">
<msg time="2024-04-28T19:10:55.353754" level="INFO">${allowed_titles} = ['Mr', 'Ms', 'Miss', 'Mrs', 'Madame', 'Monsieur']</msg>
<var>${allowed_titles}</var>
<arg>Mr</arg>
<arg>Ms</arg>
<arg>Miss</arg>
<arg>Mrs</arg>
<arg>Madame</arg>
<arg>Monsieur</arg>
<doc>Returns a list containing given items.</doc>
<status status="PASS" start="2024-04-28T19:10:55.353599" elapsed="0.000179"/>
</kw>
<kw name="List Should Contain Value" owner="Collections">
<msg time="2024-04-28T19:10:55.354254" level="INFO">False</msg>
<arg>${allowed_titles}</arg>
<arg>${name_title}</arg>
<doc>Fails if the ``value`` is not found from ``list``.</doc>
<status status="PASS" start="2024-04-28T19:10:55.354079" elapsed="0.000211"/>
</kw>
<kw name="Set Variable" owner="BuiltIn">
<msg time="2024-04-28T19:10:55.354995" level="INFO">${name_country} = AU</msg>
<var>${name_country}</var>
<arg>${json_data["results"][0]["nat"]}</arg>
<doc>Returns the given values which can then be assigned to a variables.</doc>
<status status="PASS" start="2024-04-28T19:10:55.354593" elapsed="0.000428"/>
</kw>
<kw name="Create List" owner="BuiltIn">
<msg time="2024-04-28T19:10:55.355987" level="INFO">${list_country} = ['AD', 'AE', 'AF', 'AG', 'AI', 'AL', 'AM', 'AO', 'AQ', 'AR', 'AS', 'AT', 'AU', 'AW', 'AX', 'AZ', 'BA', 'BB', 'BD', 'BE', 'BF', 'BG', 'BH', 'BI', 'BJ', 'BL', 'BM', 'BN', 'BO', 'BQ', 'BR', 'BS', 'BT', '...</msg>
<var>${list_country}</var>
<arg>AD</arg>
<arg>AE</arg>
<arg>AF</arg>
<arg>AG</arg>
<arg>AI</arg>
<arg>AL</arg>
<arg>AM</arg>
<arg>AO</arg>
<arg>AQ</arg>
<arg>AR</arg>
<arg>AS</arg>
<arg>AT</arg>
<arg>AU</arg>
<arg>AW</arg>
<arg>AX</arg>
<arg>AZ</arg>
<arg>BA</arg>
<arg>BB</arg>
<arg>BD</arg>
<arg>BE</arg>
<arg>BF</arg>
<arg>BG</arg>
<arg>BH</arg>
<arg>BI</arg>
<arg>BJ</arg>
<arg>BL</arg>
<arg>BM</arg>
<arg>BN</arg>
<arg>BO</arg>
<arg>BQ</arg>
<arg>BR</arg>
<arg>BS</arg>
<arg>BT</arg>
<arg>BV</arg>
<arg>BW</arg>
<arg>BY</arg>
<arg>BZ</arg>
<arg>CA</arg>
<arg>CC</arg>
<arg>CD</arg>
<arg>CF</arg>
<arg>CG</arg>
<arg>CH</arg>
<arg>CI</arg>
<arg>CK</arg>
<arg>CL</arg>
<arg>CM</arg>
<arg>CN</arg>
<arg>CO</arg>
<arg>CR</arg>
<arg>CU</arg>
<arg>CV</arg>
<arg>CW</arg>
<arg>CX</arg>
<arg>CY</arg>
<arg>CZ</arg>
<arg>DE</arg>
<arg>DJ</arg>
<arg>DK</arg>
<arg>DM</arg>
<arg>DO</arg>
<arg>DZ</arg>
<arg>EC</arg>
<arg>EE</arg>
<arg>EG</arg>
<arg>EH</arg>
<arg>ER</arg>
<arg>ES</arg>
<arg>ET</arg>
<arg>FI</arg>
<arg>FJ</arg>
<arg>FK</arg>
<arg>FM</arg>
<arg>FO</arg>
<arg>FR</arg>
<arg>GA</arg>
<arg>GB</arg>
<arg>GD</arg>
<arg>GE</arg>
<arg>GF</arg>
<arg>GG</arg>
<arg>GH</arg>
<arg>GI</arg>
<arg>GL</arg>
<arg>GM</arg>
<arg>GN</arg>
<arg>GP</arg>
<arg>GQ</arg>
<arg>GR</arg>
<arg>GS</arg>
<arg>GT</arg>
<arg>GU</arg>
<arg>GW</arg>
<arg>GY</arg>
<arg>HK</arg>
<arg>HM</arg>
<arg>HN</arg>
<arg>HR</arg>
<arg>HT</arg>
<arg>HU</arg>
<arg>ID</arg>
<arg>IE</arg>
<arg>IL</arg>
<arg>IM</arg>
<arg>IN</arg>
<arg>IO</arg>
<arg>IQ</arg>
<arg>IR</arg>
<arg>IS</arg>
<arg>IT</arg>
<arg>JE</arg>
<arg>JM</arg>
<arg>JO</arg>
<arg>JP</arg>
<arg>KE</arg>
<arg>KG</arg>
<arg>KH</arg>
<arg>KI</arg>
<arg>KM</arg>
<arg>KN</arg>
<arg>KP</arg>
<arg>KR</arg>
<arg>KW</arg>
<arg>KY</arg>
<arg>KZ</arg>
<arg>LA</arg>
<arg>LB</arg>
<arg>LC</arg>
<arg>LI</arg>
<arg>LK</arg>
<arg>LR</arg>
<arg>LS</arg>
<arg>LT</arg>
<arg>LU</arg>
<arg>LV</arg>
<arg>LY</arg>
<arg>MA</arg>
<arg>MC</arg>
<arg>MD</arg>
<arg>ME</arg>
<arg>MF</arg>
<arg>MG</arg>
<arg>MH</arg>
<arg>MK</arg>
<arg>ML</arg>
<arg>MM</arg>
<arg>MN</arg>
<arg>MO</arg>
<arg>MP</arg>
<arg>MQ</arg>
<arg>MR</arg>
<arg>MS</arg>
<arg>MT</arg>
<arg>MU</arg>
<arg>MV</arg>
<arg>MW</arg>
<arg>MX</arg>
<arg>MY</arg>
<arg>MZ</arg>
<arg>NA</arg>
<arg>NC</arg>
<arg>NE</arg>
<arg>NF</arg>
<arg>NG</arg>
<arg>NI</arg>
<arg>NL</arg>
<arg>NO</arg>
<arg>NP</arg>
<arg>NR</arg>
<arg>NU</arg>
<arg>NZ</arg>
<arg>OM</arg>
<arg>PA</arg>
<arg>PE</arg>
<arg>PF</arg>
<arg>PG</arg>
<arg>PH</arg>
<arg>PK</arg>
<arg>PL</arg>
<arg>PM</arg>
<arg>PN</arg>
<arg>PR</arg>
<arg>PS</arg>
<arg>PT</arg>
<arg>PW</arg>
<arg>PY</arg>
<arg>QA</arg>
<arg>RE</arg>
<arg>RO</arg>
<arg>RS</arg>
<arg>RU</arg>
<arg>RW</arg>
<arg>SA</arg>
<arg>SB</arg>
<arg>SC</arg>
<arg>SD</arg>
<arg>SE</arg>
<arg>SG</arg>
<arg>SH</arg>
<arg>SI</arg>
<arg>SJ</arg>
<arg>SK</arg>
<arg>SL</arg>
<arg>SM</arg>
<arg>SN</arg>
<arg>SO</arg>
<arg>SR</arg>
<arg>SS</arg>
<arg>ST</arg>
<arg>SV</arg>
<arg>SX</arg>
<arg>SY</arg>
<arg>SZ</arg>
<arg>TC</arg>
<arg>TD</arg>
<arg>TF</arg>
<arg>TG</arg>
<arg>TH</arg>
<arg>TJ</arg>
<arg>TK</arg>
<arg>TL</arg>
<arg>TM</arg>
<arg>TN</arg>
<arg>TO</arg>
<arg>TR</arg>
<arg>TT</arg>
<arg>TV</arg>
<arg>TW</arg>
<arg>TZ</arg>
<arg>UA</arg>
<arg>UG</arg>
<arg>UM</arg>
<arg>US</arg>
<arg>UY</arg>
<arg>UZ</arg>
<arg>VA</arg>
<arg>VC</arg>
<arg>VE</arg>
<arg>VG</arg>
<arg>VI</arg>
<arg>VN</arg>
<arg>VU</arg>
<arg>WF</arg>
<arg>WS</arg>
<arg>XK</arg>
<arg>YE</arg>
<arg>YT</arg>
<arg>ZA</arg>
<arg>ZM</arg>
<arg>ZW</arg>
<doc>Returns a list containing given items.</doc>
<status status="PASS" start="2024-04-28T19:10:55.355364" elapsed="0.000649"/>
</kw>
<kw name="List Should Contain Value" owner="Collections">
<msg time="2024-04-28T19:10:55.357038" level="INFO">False</msg>
<arg>${list_country}</arg>
<arg>${name_country}</arg>
<doc>Fails if the ``value`` is not found from ``list``.</doc>
<status status="PASS" start="2024-04-28T19:10:55.356833" elapsed="0.000245"/>
</kw>
<kw name="Run Keyword If" owner="BuiltIn">
<kw name="Should Be True" owner="BuiltIn">
<arg>${True}</arg>
<doc>Fails if the given condition is not true.</doc>
<status status="PASS" start="2024-04-28T19:10:55.358191" elapsed="0.000269"/>
</kw>
<arg>${json_data["results"][0]["location"]["coordinates"]["latitude"]} &gt;= -90 and ${json_data["results"][0]["location"]["coordinates"]["latitude"]} &lt;= 90</arg>
<arg>Should Be True</arg>
<arg>${True}</arg>
<doc>Runs the given keyword with the given arguments, if ``condition`` is true.</doc>
<status status="PASS" start="2024-04-28T19:10:55.357408" elapsed="0.001190"/>
</kw>
<kw name="Run Keyword If" owner="BuiltIn">
<kw name="Should Be True" owner="BuiltIn">
<arg>${True}</arg>
<doc>Fails if the given condition is not true.</doc>
<status status="PASS" start="2024-04-28T19:10:55.359559" elapsed="0.000142"/>
</kw>
<arg>${json_data["results"][0]["location"]["coordinates"]["longitude"]} &gt;= -180 and ${json_data["results"][0]["location"]["coordinates"]["longitude"]} &lt;= 180</arg>
<arg>Should Be True</arg>
<arg>${True}</arg>
<doc>Runs the given keyword with the given arguments, if ``condition`` is true.</doc>
<status status="PASS" start="2024-04-28T19:10:55.358786" elapsed="0.001046"/>
</kw>
<status status="PASS" start="2024-04-28T19:10:55.260130" elapsed="0.099843"/>
</kw>
<doc>Testa o conteúdo específico dos campos retornados pela API.</doc>
<tag>testeConteudo</tag>
<status status="PASS" start="2024-04-28T19:10:55.259597" elapsed="0.100540"/>
</test>
<status status="PASS" start="2024-04-28T19:10:54.549507" elapsed="0.812694"/>
</suite>
<status status="PASS" start="2024-04-28T19:10:54.535908" elapsed="0.831563"/>
</suite>
<statistics>
<total>
<stat pass="5" fail="0" skip="0">All Tests</stat>
</total>
<tag>
<stat pass="1" fail="0" skip="0">testeConteudo</stat>
<stat pass="1" fail="0" skip="0">testeEstruturaResposta</stat>
<stat pass="1" fail="0" skip="0">testeRequisicaoBasica</stat>
<stat pass="1" fail="0" skip="0">testeTiposDados</stat>
</tag>
<suite>
<stat pass="5" fail="0" skip="0" id="s1" name="Tests">Tests</stat>
<stat pass="5" fail="0" skip="0" id="s1-s1" name="Random-User-Test">Tests.Random-User-Test</stat>
</suite>
</statistics>
<errors>
</errors>
</robot>
