<?xml version="1.0" encoding="UTF-8"?>
<robot generator="Robot 7.0 (Python 3.12.2 on linux)" generated="2024-03-28T15:14:24.819327" rpa="false" schemaversion="5">
<suite id="s1" name="Tests" source="/home/runner/work/DesafioQAItauRogerioJordao/DesafioQAItauRogerioJordao/RamdonUser/tests">
<suite id="s1-s1" name="Random-User-Test" source="/home/runner/work/DesafioQAItauRogerioJordao/DesafioQAItauRogerioJordao/RamdonUser/tests/random-user-test.robot">
<test id="s1-s1-t1" name="Conectar" line="13">
<kw name="Conectar API" owner="random-user-service">
<kw name="Create Session" owner="RequestsLibrary">
<msg time="2024-03-28T15:14:25.272029" level="INFO">Creating Session using : alias=consultarAPI, url=https://randomuser.me/, headers={},                     cookies={}, auth=None, timeout=None, proxies=None, verify=False,                     debug=0 </msg>
<arg>consultarAPI</arg>
<arg>${URL}</arg>
<doc>Create Session: create a HTTP session to a server</doc>
<status status="PASS" start="2024-03-28T15:14:25.271813" elapsed="0.000416"/>
</kw>
<status status="PASS" start="2024-03-28T15:14:25.270708" elapsed="0.001888"/>
</kw>
<status status="PASS" start="2024-03-28T15:14:25.270141" elapsed="0.002660"/>
</test>
<test id="s1-s1-t2" name="Validar retorno 200 e JSON Válido" line="16">
<kw name="Teste de Requisicao Basica" owner="random-user-service">
<kw name="GET On Session" owner="RequestsLibrary">
<msg time="2024-03-28T15:14:25.372451" level="INFO">GET Request : url=https://randomuser.me/api 
 path_url=/api 
 headers={'User-Agent': 'python-requests/2.31.0', 'Accept-Encoding': 'gzip, deflate', 'Accept': '*/*', 'Connection': 'keep-alive'} 
 body=None 
 </msg>
<msg time="2024-03-28T15:14:25.372614" level="INFO">GET Response : url=https://randomuser.me/api 
 status=200, reason=OK 
 headers={'Date': 'Thu, 28 Mar 2024 15:14:25 GMT', 'Content-Type': 'application/json; charset=utf-8', 'Transfer-Encoding': 'chunked', 'Connection': 'keep-alive', 'X-Powered-By': 'Express', 'Access-Control-Allow-Origin': '*', 'Cache-Control': 'no-cache', 'ETag': 'W/"479-XLvPs8SAZl8VNc3zz6BVMqcQAQk"', 'Vary': 'Accept-Encoding', 'Content-Encoding': 'gzip', 'CF-Cache-Status': 'DYNAMIC', 'Report-To': '{"endpoints":[{"url":"https:\\/\\/a.nel.cloudflare.com\\/report\\/v4?s=H7LuCVtr%2Bc0%2FPL2gOBJHXIdxdrXPUjOw7qeRApz6IsSYvaXPX1f7xBFqTPemJnCC2W9a3jTThwnccJ0LsnkkFAz0ztaqRBxZ2r2nygfu%2BFwYU%2BawyM7pSl%2B2LCW6At20"}],"group":"cf-nel","max_age":604800}', 'NEL': '{"success_fraction":0,"report_to":"cf-nel","max_age":604800}', 'Server': 'cloudflare', 'CF-RAY': '86b891dc3f6807f8-IAD', 'alt-svc': 'h3=":443"; ma=86400'} 
 body={"results":[{"gender":"female","name":{"title":"Ms","first":"Hotina","last":"Gavrishkevich"},"location":{"street":{"number":270,"name":"Institutska"},"city":"Kalush","state":"Chernivecka","country":"Ukraine","postcode":75289,"coordinates":{"latitude":"76.8674","longitude":"4.5850"},"timezone":{"offset":"-10:00","description":"Hawaii"}},"email":"hotina.gavrishkevich@example.com","login":{"uuid":"f2c1066f-b5c0-4b44-9d99-469ad98cb9f1","username":"organicfish444","password":"maria","salt":"uVbRtteZ","md5":"3ea8bccb100ce16fa7b13d21bccceeeb","sha1":"6d7fd3ae4e68156d6e23b3ac47a6d97b76e0a1fc","sha256":"b7f696ceae7d49d095bf066ee2e0567d6005addeb5cc73b96b64b364751c1e28"},"dob":{"date":"1978-11-13T07:32:21.572Z","age":45},"registered":{"date":"2015-08-17T13:35:14.794Z","age":8},"phone":"(097) O77-5903","cell":"(097) Y05-9251","id":{"name":"","value":null},"picture":{"large":"https://randomuser.me/api/portraits/women/81.jpg","medium":"https://randomuser.me/api/portraits/med/women/81.jpg","thumbnail":"https://randomuser.me/api/portraits/thumb/women/81.jpg"},"nat":"UA"}],"info":{"seed":"8ae483c1994d53b0","results":1,"page":1,"version":"1.4"}} 
 </msg>
<msg time="2024-03-28T15:14:25.372731" level="INFO">/opt/hostedtoolcache/Python/3.12.2/x64/lib/python3.12/site-packages/urllib3/connectionpool.py:1103: InsecureRequestWarning: Unverified HTTPS request is being made to host 'randomuser.me'. Adding certificate verification is strongly advised. See: https://urllib3.readthedocs.io/en/latest/advanced-usage.html#tls-warnings
  warnings.warn(</msg>
<msg time="2024-03-28T15:14:25.372870" level="INFO">${response} = &lt;Response [200]&gt;</msg>
<var>${response}</var>
<arg>consultarAPI</arg>
<arg>/api</arg>
<doc>Sends a GET request on a previously created HTTP Session.</doc>
<status status="PASS" start="2024-03-28T15:14:25.275400" elapsed="0.097510"/>
</kw>
<kw name="Should Be Equal As Numbers" owner="BuiltIn">
<msg time="2024-03-28T15:14:25.373921" level="INFO">Argument types are:
&lt;class 'int'&gt;
&lt;class 'str'&gt;</msg>
<arg>${response.status_code}</arg>
<arg>200</arg>
<doc>Fails if objects are unequal after converting them to real numbers.</doc>
<status status="PASS" start="2024-03-28T15:14:25.373451" elapsed="0.000535"/>
</kw>
<kw name="Log" owner="BuiltIn">
<msg time="2024-03-28T15:14:25.374669" level="INFO">200</msg>
<arg>${response.status_code}</arg>
<doc>Logs the given message with the given level.</doc>
<status status="PASS" start="2024-03-28T15:14:25.374308" elapsed="0.000404"/>
</kw>
<kw name="Set Variable" owner="BuiltIn">
<msg time="2024-03-28T15:14:25.375499" level="INFO">${json_data} = {'results': [{'gender': 'female', 'name': {'title': 'Ms', 'first': 'Hotina', 'last': 'Gavrishkevich'}, 'location': {'street': {'number': 270, 'name': 'Institutska'}, 'city': 'Kalush', 'state': 'Cherni...</msg>
<var>${json_data}</var>
<arg>${response.json()}</arg>
<doc>Returns the given values which can then be assigned to a variables.</doc>
<status status="PASS" start="2024-03-28T15:14:25.375042" elapsed="0.000485"/>
</kw>
<kw name="Dictionary Should Contain Key" owner="Collections">
<msg time="2024-03-28T15:14:25.376047" level="INFO">False</msg>
<arg>${json_data}</arg>
<arg>results</arg>
<doc>Fails if ``key`` is not found from ``dictionary``.</doc>
<status status="PASS" start="2024-03-28T15:14:25.375879" elapsed="0.000208"/>
</kw>
<status status="PASS" start="2024-03-28T15:14:25.275150" elapsed="0.101200"/>
</kw>
<doc>Testa se a API responde corretamente e retorna um objeto JSON válido.</doc>
<tag>testeRequisicaoBasica</tag>
<status status="PASS" start="2024-03-28T15:14:25.274659" elapsed="0.101883"/>
</test>
<test id="s1-s1-t3" name="Validar estrutura de resposta" line="22">
<kw name="Teste de Estrutura de Resposta" owner="random-user-service">
<kw name="GET On Session" owner="RequestsLibrary">
<msg time="2024-03-28T15:14:25.472652" level="INFO">GET Request : url=https://randomuser.me/api 
 path_url=/api 
 headers={'User-Agent': 'python-requests/2.31.0', 'Accept-Encoding': 'gzip, deflate', 'Accept': '*/*', 'Connection': 'keep-alive'} 
 body=None 
 </msg>
<msg time="2024-03-28T15:14:25.472749" level="INFO">GET Response : url=https://randomuser.me/api 
 status=200, reason=OK 
 headers={'Date': 'Thu, 28 Mar 2024 15:14:25 GMT', 'Content-Type': 'application/json; charset=utf-8', 'Transfer-Encoding': 'chunked', 'Connection': 'keep-alive', 'X-Powered-By': 'Express', 'Access-Control-Allow-Origin': '*', 'Cache-Control': 'no-cache', 'ETag': 'W/"477-8rLTnALT0x3Sc6qq4ae+ASR7+W8"', 'Vary': 'Accept-Encoding', 'Content-Encoding': 'gzip', 'CF-Cache-Status': 'DYNAMIC', 'Report-To': '{"endpoints":[{"url":"https:\\/\\/a.nel.cloudflare.com\\/report\\/v4?s=d1pYZOkau%2BkbR6y1C%2B6maqtrTfT%2FQ8xhLE%2FNLye62hVtNvDeZBsht9NmRnHvoK5hYiWkuDtAKqvLVKDhpCalZMA3%2B3hRAfs9igbpXH%2BwDIvjtA75%2BpRILDlPtb42ooBQ"}],"group":"cf-nel","max_age":604800}', 'NEL': '{"success_fraction":0,"report_to":"cf-nel","max_age":604800}', 'Server': 'cloudflare', 'CF-RAY': '86b891dca81a07f8-IAD', 'alt-svc': 'h3=":443"; ma=86400'} 
 body={"results":[{"gender":"female","name":{"title":"Ms","first":"Lynn","last":"Martin"},"location":{"street":{"number":1865,"name":"Cherry St"},"city":"Bendigo","state":"Tasmania","country":"Australia","postcode":5389,"coordinates":{"latitude":"-88.6207","longitude":"29.0674"},"timezone":{"offset":"-2:00","description":"Mid-Atlantic"}},"email":"lynn.martin@example.com","login":{"uuid":"98f6212a-abb2-4750-923a-cdb1734863c6","username":"purplepeacock841","password":"charlie","salt":"TUlBvcLk","md5":"4e11e60415ca98b06d007ab7f521fd33","sha1":"9d2190d7440a8a8b76ae0559e9e6458764eb5ad9","sha256":"41a7c4c517ebba85c3d9e3be75980c4dd8df59e21314bf68eb285b78701bb535"},"dob":{"date":"1984-12-17T02:34:02.563Z","age":39},"registered":{"date":"2004-02-23T08:13:13.551Z","age":20},"phone":"02-3542-7493","cell":"0486-504-273","id":{"name":"TFN","value":"254643550"},"picture":{"large":"https://randomuser.me/api/portraits/women/43.jpg","medium":"https://randomuser.me/api/portraits/med/women/43.jpg","thumbnail":"https://randomuser.me/api/portraits/thumb/women/43.jpg"},"nat":"AU"}],"info":{"seed":"e68f0ca25bd4dfb3","results":1,"page":1,"version":"1.4"}} 
 </msg>
<msg time="2024-03-28T15:14:25.472894" level="INFO">/opt/hostedtoolcache/Python/3.12.2/x64/lib/python3.12/site-packages/urllib3/connectionpool.py:1103: InsecureRequestWarning: Unverified HTTPS request is being made to host 'randomuser.me'. Adding certificate verification is strongly advised. See: https://urllib3.readthedocs.io/en/latest/advanced-usage.html#tls-warnings
  warnings.warn(</msg>
<msg time="2024-03-28T15:14:25.473009" level="INFO">${response} = &lt;Response [200]&gt;</msg>
<var>${response}</var>
<arg>consultarAPI</arg>
<arg>/api</arg>
<doc>Sends a GET request on a previously created HTTP Session.</doc>
<status status="PASS" start="2024-03-28T15:14:25.379336" elapsed="0.093701"/>
</kw>
<kw name="Set Variable" owner="BuiltIn">
<msg time="2024-03-28T15:14:25.474032" level="INFO">${json_data} = {'results': [{'gender': 'female', 'name': {'title': 'Ms', 'first': 'Lynn', 'last': 'Martin'}, 'location': {'street': {'number': 1865, 'name': 'Cherry St'}, 'city': 'Bendigo', 'state': 'Tasmania', 'cou...</msg>
<var>${json_data}</var>
<arg>${response.json()}</arg>
<doc>Returns the given values which can then be assigned to a variables.</doc>
<status status="PASS" start="2024-03-28T15:14:25.473508" elapsed="0.000553"/>
</kw>
<kw name="Log" owner="BuiltIn">
<msg time="2024-03-28T15:14:25.474535" level="INFO">{'results': [{'gender': 'female', 'name': {'title': 'Ms', 'first': 'Lynn', 'last': 'Martin'}, 'location': {'street': {'number': 1865, 'name': 'Cherry St'}, 'city': 'Bendigo', 'state': 'Tasmania', 'country': 'Australia', 'postcode': 5389, 'coordinates': {'latitude': '-88.6207', 'longitude': '29.0674'}, 'timezone': {'offset': '-2:00', 'description': 'Mid-Atlantic'}}, 'email': 'lynn.martin@example.com', 'login': {'uuid': '98f6212a-abb2-4750-923a-cdb1734863c6', 'username': 'purplepeacock841', 'password': 'charlie', 'salt': 'TUlBvcLk', 'md5': '4e11e60415ca98b06d007ab7f521fd33', 'sha1': '9d2190d7440a8a8b76ae0559e9e6458764eb5ad9', 'sha256': '41a7c4c517ebba85c3d9e3be75980c4dd8df59e21314bf68eb285b78701bb535'}, 'dob': {'date': '1984-12-17T02:34:02.563Z', 'age': 39}, 'registered': {'date': '2004-02-23T08:13:13.551Z', 'age': 20}, 'phone': '02-3542-7493', 'cell': '0486-504-273', 'id': {'name': 'TFN', 'value': '254643550'}, 'picture': {'large': 'https://randomuser.me/api/portraits/women/43.jpg', 'medium': 'https://randomuser.me/api/portraits/med/women/43.jpg', 'thumbnail': 'https://randomuser.me/api/portraits/thumb/women/43.jpg'}, 'nat': 'AU'}], 'info': {'seed': 'e68f0ca25bd4dfb3', 'results': 1, 'page': 1, 'version': '1.4'}}</msg>
<arg>${json_data}</arg>
<doc>Logs the given message with the given level.</doc>
<status status="PASS" start="2024-03-28T15:14:25.474374" elapsed="0.000209"/>
</kw>
<kw name="Dictionary Should Contain Key" owner="Collections">
<msg time="2024-03-28T15:14:25.475040" level="INFO">False</msg>
<arg>${json_data}</arg>
<arg>results</arg>
<doc>Fails if ``key`` is not found from ``dictionary``.</doc>
<status status="PASS" start="2024-03-28T15:14:25.474879" elapsed="0.000198"/>
</kw>
<kw name="Should Not Be Empty" owner="BuiltIn">
<msg time="2024-03-28T15:14:25.475505" level="INFO">Length is 2.</msg>
<arg>${json_data}</arg>
<doc>Verifies that the given item is not empty.</doc>
<status status="PASS" start="2024-03-28T15:14:25.475370" elapsed="0.000234"/>
</kw>
<kw name="Create List" owner="BuiltIn">
<msg time="2024-03-28T15:14:25.476105" level="INFO">${expected_keys} = ['gender', 'name', 'location', 'email', 'login']</msg>
<var>${expected_keys}</var>
<arg>gender</arg>
<arg>name</arg>
<arg>location</arg>
<arg>email</arg>
<arg>login</arg>
<doc>Returns a list containing given items.</doc>
<status status="PASS" start="2024-03-28T15:14:25.475943" elapsed="0.000187"/>
</kw>
<for flavor="IN">
<iter>
<kw name="Dictionary Should Contain Key" owner="Collections">
<msg time="2024-03-28T15:14:25.477118" level="INFO">False</msg>
<arg>${json_data['results'][0]}</arg>
<arg>${key}</arg>
<doc>Fails if ``key`` is not found from ``dictionary``.</doc>
<status status="PASS" start="2024-03-28T15:14:25.476711" elapsed="0.000446"/>
</kw>
<kw name="Log" owner="BuiltIn">
<msg time="2024-03-28T15:14:25.477834" level="INFO">{'gender': 'female', 'name': {'title': 'Ms', 'first': 'Lynn', 'last': 'Martin'}, 'location': {'street': {'number': 1865, 'name': 'Cherry St'}, 'city': 'Bendigo', 'state': 'Tasmania', 'country': 'Australia', 'postcode': 5389, 'coordinates': {'latitude': '-88.6207', 'longitude': '29.0674'}, 'timezone': {'offset': '-2:00', 'description': 'Mid-Atlantic'}}, 'email': 'lynn.martin@example.com', 'login': {'uuid': '98f6212a-abb2-4750-923a-cdb1734863c6', 'username': 'purplepeacock841', 'password': 'charlie', 'salt': 'TUlBvcLk', 'md5': '4e11e60415ca98b06d007ab7f521fd33', 'sha1': '9d2190d7440a8a8b76ae0559e9e6458764eb5ad9', 'sha256': '41a7c4c517ebba85c3d9e3be75980c4dd8df59e21314bf68eb285b78701bb535'}, 'dob': {'date': '1984-12-17T02:34:02.563Z', 'age': 39}, 'registered': {'date': '2004-02-23T08:13:13.551Z', 'age': 20}, 'phone': '02-3542-7493', 'cell': '0486-504-273', 'id': {'name': 'TFN', 'value': '254643550'}, 'picture': {'large': 'https://randomuser.me/api/portraits/women/43.jpg', 'medium': 'https://randomuser.me/api/portraits/med/women/43.jpg', 'thumbnail': 'https://randomuser.me/api/portraits/thumb/women/43.jpg'}, 'nat': 'AU'}</msg>
<arg>${json_data['results'][0]}</arg>
<doc>Logs the given message with the given level.</doc>
<status status="PASS" start="2024-03-28T15:14:25.477465" elapsed="0.000421"/>
</kw>
<kw name="Log" owner="BuiltIn">
<msg time="2024-03-28T15:14:25.478322" level="INFO">gender</msg>
<arg>${key}</arg>
<doc>Logs the given message with the given level.</doc>
<status status="PASS" start="2024-03-28T15:14:25.478189" elapsed="0.000172"/>
</kw>
<var name="${key}">gender</var>
<status status="PASS" start="2024-03-28T15:14:25.476585" elapsed="0.001997"/>
</iter>
<iter>
<kw name="Dictionary Should Contain Key" owner="Collections">
<msg time="2024-03-28T15:14:25.479276" level="INFO">False</msg>
<arg>${json_data['results'][0]}</arg>
<arg>${key}</arg>
<doc>Fails if ``key`` is not found from ``dictionary``.</doc>
<status status="PASS" start="2024-03-28T15:14:25.478893" elapsed="0.000421"/>
</kw>
<kw name="Log" owner="BuiltIn">
<msg time="2024-03-28T15:14:25.480044" level="INFO">{'gender': 'female', 'name': {'title': 'Ms', 'first': 'Lynn', 'last': 'Martin'}, 'location': {'street': {'number': 1865, 'name': 'Cherry St'}, 'city': 'Bendigo', 'state': 'Tasmania', 'country': 'Australia', 'postcode': 5389, 'coordinates': {'latitude': '-88.6207', 'longitude': '29.0674'}, 'timezone': {'offset': '-2:00', 'description': 'Mid-Atlantic'}}, 'email': 'lynn.martin@example.com', 'login': {'uuid': '98f6212a-abb2-4750-923a-cdb1734863c6', 'username': 'purplepeacock841', 'password': 'charlie', 'salt': 'TUlBvcLk', 'md5': '4e11e60415ca98b06d007ab7f521fd33', 'sha1': '9d2190d7440a8a8b76ae0559e9e6458764eb5ad9', 'sha256': '41a7c4c517ebba85c3d9e3be75980c4dd8df59e21314bf68eb285b78701bb535'}, 'dob': {'date': '1984-12-17T02:34:02.563Z', 'age': 39}, 'registered': {'date': '2004-02-23T08:13:13.551Z', 'age': 20}, 'phone': '02-3542-7493', 'cell': '0486-504-273', 'id': {'name': 'TFN', 'value': '254643550'}, 'picture': {'large': 'https://randomuser.me/api/portraits/women/43.jpg', 'medium': 'https://randomuser.me/api/portraits/med/women/43.jpg', 'thumbnail': 'https://randomuser.me/api/portraits/thumb/women/43.jpg'}, 'nat': 'AU'}</msg>
<arg>${json_data['results'][0]}</arg>
<doc>Logs the given message with the given level.</doc>
<status status="PASS" start="2024-03-28T15:14:25.479681" elapsed="0.000410"/>
</kw>
<kw name="Log" owner="BuiltIn">
<msg time="2024-03-28T15:14:25.480522" level="INFO">name</msg>
<arg>${key}</arg>
<doc>Logs the given message with the given level.</doc>
<status status="PASS" start="2024-03-28T15:14:25.480395" elapsed="0.000164"/>
</kw>
<var name="${key}">name</var>
<status status="PASS" start="2024-03-28T15:14:25.478779" elapsed="0.001992"/>
</iter>
<iter>
<kw name="Dictionary Should Contain Key" owner="Collections">
<msg time="2024-03-28T15:14:25.481443" level="INFO">False</msg>
<arg>${json_data['results'][0]}</arg>
<arg>${key}</arg>
<doc>Fails if ``key`` is not found from ``dictionary``.</doc>
<status status="PASS" start="2024-03-28T15:14:25.481062" elapsed="0.000419"/>
</kw>
<kw name="Log" owner="BuiltIn">
<msg time="2024-03-28T15:14:25.482136" level="INFO">{'gender': 'female', 'name': {'title': 'Ms', 'first': 'Lynn', 'last': 'Martin'}, 'location': {'street': {'number': 1865, 'name': 'Cherry St'}, 'city': 'Bendigo', 'state': 'Tasmania', 'country': 'Australia', 'postcode': 5389, 'coordinates': {'latitude': '-88.6207', 'longitude': '29.0674'}, 'timezone': {'offset': '-2:00', 'description': 'Mid-Atlantic'}}, 'email': 'lynn.martin@example.com', 'login': {'uuid': '98f6212a-abb2-4750-923a-cdb1734863c6', 'username': 'purplepeacock841', 'password': 'charlie', 'salt': 'TUlBvcLk', 'md5': '4e11e60415ca98b06d007ab7f521fd33', 'sha1': '9d2190d7440a8a8b76ae0559e9e6458764eb5ad9', 'sha256': '41a7c4c517ebba85c3d9e3be75980c4dd8df59e21314bf68eb285b78701bb535'}, 'dob': {'date': '1984-12-17T02:34:02.563Z', 'age': 39}, 'registered': {'date': '2004-02-23T08:13:13.551Z', 'age': 20}, 'phone': '02-3542-7493', 'cell': '0486-504-273', 'id': {'name': 'TFN', 'value': '254643550'}, 'picture': {'large': 'https://randomuser.me/api/portraits/women/43.jpg', 'medium': 'https://randomuser.me/api/portraits/med/women/43.jpg', 'thumbnail': 'https://randomuser.me/api/portraits/thumb/women/43.jpg'}, 'nat': 'AU'}</msg>
<arg>${json_data['results'][0]}</arg>
<doc>Logs the given message with the given level.</doc>
<status status="PASS" start="2024-03-28T15:14:25.481778" elapsed="0.000409"/>
</kw>
<kw name="Log" owner="BuiltIn">
<msg time="2024-03-28T15:14:25.482601" level="INFO">location</msg>
<arg>${key}</arg>
<doc>Logs the given message with the given level.</doc>
<status status="PASS" start="2024-03-28T15:14:25.482477" elapsed="0.000162"/>
</kw>
<var name="${key}">location</var>
<status status="PASS" start="2024-03-28T15:14:25.480951" elapsed="0.001900"/>
</iter>
<iter>
<kw name="Dictionary Should Contain Key" owner="Collections">
<msg time="2024-03-28T15:14:25.483506" level="INFO">False</msg>
<arg>${json_data['results'][0]}</arg>
<arg>${key}</arg>
<doc>Fails if ``key`` is not found from ``dictionary``.</doc>
<status status="PASS" start="2024-03-28T15:14:25.483136" elapsed="0.000435"/>
</kw>
<kw name="Log" owner="BuiltIn">
<msg time="2024-03-28T15:14:25.484257" level="INFO">{'gender': 'female', 'name': {'title': 'Ms', 'first': 'Lynn', 'last': 'Martin'}, 'location': {'street': {'number': 1865, 'name': 'Cherry St'}, 'city': 'Bendigo', 'state': 'Tasmania', 'country': 'Australia', 'postcode': 5389, 'coordinates': {'latitude': '-88.6207', 'longitude': '29.0674'}, 'timezone': {'offset': '-2:00', 'description': 'Mid-Atlantic'}}, 'email': 'lynn.martin@example.com', 'login': {'uuid': '98f6212a-abb2-4750-923a-cdb1734863c6', 'username': 'purplepeacock841', 'password': 'charlie', 'salt': 'TUlBvcLk', 'md5': '4e11e60415ca98b06d007ab7f521fd33', 'sha1': '9d2190d7440a8a8b76ae0559e9e6458764eb5ad9', 'sha256': '41a7c4c517ebba85c3d9e3be75980c4dd8df59e21314bf68eb285b78701bb535'}, 'dob': {'date': '1984-12-17T02:34:02.563Z', 'age': 39}, 'registered': {'date': '2004-02-23T08:13:13.551Z', 'age': 20}, 'phone': '02-3542-7493', 'cell': '0486-504-273', 'id': {'name': 'TFN', 'value': '254643550'}, 'picture': {'large': 'https://randomuser.me/api/portraits/women/43.jpg', 'medium': 'https://randomuser.me/api/portraits/med/women/43.jpg', 'thumbnail': 'https://randomuser.me/api/portraits/thumb/women/43.jpg'}, 'nat': 'AU'}</msg>
<arg>${json_data['results'][0]}</arg>
<doc>Logs the given message with the given level.</doc>
<status status="PASS" start="2024-03-28T15:14:25.483882" elapsed="0.000422"/>
</kw>
<kw name="Log" owner="BuiltIn">
<msg time="2024-03-28T15:14:25.484725" level="INFO">email</msg>
<arg>${key}</arg>
<doc>Logs the given message with the given level.</doc>
<status status="PASS" start="2024-03-28T15:14:25.484599" elapsed="0.000164"/>
</kw>
<var name="${key}">email</var>
<status status="PASS" start="2024-03-28T15:14:25.483026" elapsed="0.001950"/>
</iter>
<iter>
<kw name="Dictionary Should Contain Key" owner="Collections">
<msg time="2024-03-28T15:14:25.485663" level="INFO">False</msg>
<arg>${json_data['results'][0]}</arg>
<arg>${key}</arg>
<doc>Fails if ``key`` is not found from ``dictionary``.</doc>
<status status="PASS" start="2024-03-28T15:14:25.485269" elapsed="0.000431"/>
</kw>
<kw name="Log" owner="BuiltIn">
<msg time="2024-03-28T15:14:25.486346" level="INFO">{'gender': 'female', 'name': {'title': 'Ms', 'first': 'Lynn', 'last': 'Martin'}, 'location': {'street': {'number': 1865, 'name': 'Cherry St'}, 'city': 'Bendigo', 'state': 'Tasmania', 'country': 'Australia', 'postcode': 5389, 'coordinates': {'latitude': '-88.6207', 'longitude': '29.0674'}, 'timezone': {'offset': '-2:00', 'description': 'Mid-Atlantic'}}, 'email': 'lynn.martin@example.com', 'login': {'uuid': '98f6212a-abb2-4750-923a-cdb1734863c6', 'username': 'purplepeacock841', 'password': 'charlie', 'salt': 'TUlBvcLk', 'md5': '4e11e60415ca98b06d007ab7f521fd33', 'sha1': '9d2190d7440a8a8b76ae0559e9e6458764eb5ad9', 'sha256': '41a7c4c517ebba85c3d9e3be75980c4dd8df59e21314bf68eb285b78701bb535'}, 'dob': {'date': '1984-12-17T02:34:02.563Z', 'age': 39}, 'registered': {'date': '2004-02-23T08:13:13.551Z', 'age': 20}, 'phone': '02-3542-7493', 'cell': '0486-504-273', 'id': {'name': 'TFN', 'value': '254643550'}, 'picture': {'large': 'https://randomuser.me/api/portraits/women/43.jpg', 'medium': 'https://randomuser.me/api/portraits/med/women/43.jpg', 'thumbnail': 'https://randomuser.me/api/portraits/thumb/women/43.jpg'}, 'nat': 'AU'}</msg>
<arg>${json_data['results'][0]}</arg>
<doc>Logs the given message with the given level.</doc>
<status status="PASS" start="2024-03-28T15:14:25.485994" elapsed="0.000397"/>
</kw>
<kw name="Log" owner="BuiltIn">
<msg time="2024-03-28T15:14:25.486805" level="INFO">login</msg>
<arg>${key}</arg>
<doc>Logs the given message with the given level.</doc>
<status status="PASS" start="2024-03-28T15:14:25.486680" elapsed="0.000267"/>
</kw>
<var name="${key}">login</var>
<status status="PASS" start="2024-03-28T15:14:25.485159" elapsed="0.002015"/>
</iter>
<var>${key}</var>
<value>@{expected_keys}</value>
<status status="PASS" start="2024-03-28T15:14:25.476390" elapsed="0.010907"/>
</for>
<kw name="Create List" owner="BuiltIn">
<msg time="2024-03-28T15:14:25.487705" level="INFO">${expected_keysTwo} = ['username', 'password']</msg>
<var>${expected_keysTwo}</var>
<arg>username</arg>
<arg>password</arg>
<doc>Returns a list containing given items.</doc>
<status status="PASS" start="2024-03-28T15:14:25.487531" elapsed="0.000204"/>
</kw>
<for flavor="IN">
<iter>
<kw name="Dictionary Should Contain Key" owner="Collections">
<msg time="2024-03-28T15:14:25.488626" level="INFO">False</msg>
<arg>${json_data['results'][0]['login']}</arg>
<arg>${keyTwo}</arg>
<doc>Fails if ``key`` is not found from ``dictionary``.</doc>
<status status="PASS" start="2024-03-28T15:14:25.488239" elapsed="0.000423"/>
</kw>
<kw name="Dictionary Should Contain Key" owner="Collections">
<msg time="2024-03-28T15:14:25.489330" level="INFO">False</msg>
<arg>${json_data['results'][0]['login']}</arg>
<arg>${keyTwo}</arg>
<doc>Fails if ``key`` is not found from ``dictionary``.</doc>
<status status="PASS" start="2024-03-28T15:14:25.488956" elapsed="0.000411"/>
</kw>
<kw name="Log" owner="BuiltIn">
<msg time="2024-03-28T15:14:25.489780" level="INFO">username</msg>
<arg>${keyTwo}</arg>
<doc>Logs the given message with the given level.</doc>
<status status="PASS" start="2024-03-28T15:14:25.489654" elapsed="0.000162"/>
</kw>
<var name="${keyTwo}">username</var>
<status status="PASS" start="2024-03-28T15:14:25.488128" elapsed="0.001901"/>
</iter>
<iter>
<kw name="Dictionary Should Contain Key" owner="Collections">
<msg time="2024-03-28T15:14:25.490689" level="INFO">False</msg>
<arg>${json_data['results'][0]['login']}</arg>
<arg>${keyTwo}</arg>
<doc>Fails if ``key`` is not found from ``dictionary``.</doc>
<status status="PASS" start="2024-03-28T15:14:25.490319" elapsed="0.000406"/>
</kw>
<kw name="Dictionary Should Contain Key" owner="Collections">
<msg time="2024-03-28T15:14:25.491396" level="INFO">False</msg>
<arg>${json_data['results'][0]['login']}</arg>
<arg>${keyTwo}</arg>
<doc>Fails if ``key`` is not found from ``dictionary``.</doc>
<status status="PASS" start="2024-03-28T15:14:25.491017" elapsed="0.000415"/>
</kw>
<kw name="Log" owner="BuiltIn">
<msg time="2024-03-28T15:14:25.491890" level="INFO">password</msg>
<arg>${keyTwo}</arg>
<doc>Logs the given message with the given level.</doc>
<status status="PASS" start="2024-03-28T15:14:25.491762" elapsed="0.000166"/>
</kw>
<var name="${keyTwo}">password</var>
<status status="PASS" start="2024-03-28T15:14:25.490209" elapsed="0.001934"/>
</iter>
<var>${keyTwo}</var>
<value>@{expected_keysTwo}</value>
<status status="PASS" start="2024-03-28T15:14:25.487976" elapsed="0.004288"/>
</for>
<status status="PASS" start="2024-03-28T15:14:25.379096" elapsed="0.113307"/>
</kw>
<doc>Testa a estrutura da resposta da API.</doc>
<tag>testeEstruturaResposta</tag>
<status status="PASS" start="2024-03-28T15:14:25.378409" elapsed="0.114155"/>
</test>
<test id="s1-s1-t4" name="Validar tipos de dados" line="28">
<kw name="Teste de Tipos de Dados" owner="random-user-service">
<kw name="GET On Session" owner="RequestsLibrary">
<msg time="2024-03-28T15:14:25.570257" level="INFO">GET Request : url=https://randomuser.me/api 
 path_url=/api 
 headers={'User-Agent': 'python-requests/2.31.0', 'Accept-Encoding': 'gzip, deflate', 'Accept': '*/*', 'Connection': 'keep-alive'} 
 body=None 
 </msg>
<msg time="2024-03-28T15:14:25.570338" level="INFO">GET Response : url=https://randomuser.me/api 
 status=200, reason=OK 
 headers={'Date': 'Thu, 28 Mar 2024 15:14:25 GMT', 'Content-Type': 'application/json; charset=utf-8', 'Transfer-Encoding': 'chunked', 'Connection': 'keep-alive', 'X-Powered-By': 'Express', 'Access-Control-Allow-Origin': '*', 'Cache-Control': 'no-cache', 'ETag': 'W/"487-ANuz5p5JWHTxNpL0OGt6buf3fq8"', 'Vary': 'Accept-Encoding', 'Content-Encoding': 'gzip', 'CF-Cache-Status': 'DYNAMIC', 'Report-To': '{"endpoints":[{"url":"https:\\/\\/a.nel.cloudflare.com\\/report\\/v4?s=6kUme3eFZIcWGfiJ%2Blygfrxqm%2BeerarfHL3JhXg9qQuBfqxzc8Mo9CqhpRttchFMSR%2FzETy7tHAlFIO4pR2i3GqjQtk3fsewu9GoQF0DOjjeSnpqKHycVZ7Cwca13s2P"}],"group":"cf-nel","max_age":604800}', 'NEL': '{"success_fraction":0,"report_to":"cf-nel","max_age":604800}', 'Server': 'cloudflare', 'CF-RAY': '86b891dd594807f8-IAD', 'alt-svc': 'h3=":443"; ma=86400'} 
 body={"results":[{"gender":"male","name":{"title":"Mr","first":"Eivind","last":"Bergesen"},"location":{"street":{"number":6178,"name":"Skøyen allé"},"city":"Grøa","state":"Buskerud","country":"Norway","postcode":"0240","coordinates":{"latitude":"46.6598","longitude":"-165.8339"},"timezone":{"offset":"+8:00","description":"Beijing, Perth, Singapore, Hong Kong"}},"email":"eivind.bergesen@example.com","login":{"uuid":"30d9c320-d4ec-44c3-9736-e016ee9b9c32","username":"bluegorilla919","password":"jayjay","salt":"2r4XqVmh","md5":"de63c5bfdfcde634ae60c74cc7d85b91","sha1":"c6070650c5e9226df7ae6a474defa31273ed728e","sha256":"98cacd3048c6adb9beb9d7049f11143f6ad3cf3da0f4545350900b254c34201a"},"dob":{"date":"1947-08-02T20:35:18.627Z","age":76},"registered":{"date":"2003-12-14T12:23:15.016Z","age":20},"phone":"88565721","cell":"48007245","id":{"name":"FN","value":"02084727132"},"picture":{"large":"https://randomuser.me/api/portraits/men/42.jpg","medium":"https://randomuser.me/api/portraits/med/men/42.jpg","thumbnail":"https://randomuser.me/api/portraits/thumb/men/42.jpg"},"nat":"NO"}],"info":{"seed":"18e89cc592f87aae","results":1,"page":1,"version":"1.4"}} 
 </msg>
<msg time="2024-03-28T15:14:25.570404" level="INFO">/opt/hostedtoolcache/Python/3.12.2/x64/lib/python3.12/site-packages/urllib3/connectionpool.py:1103: InsecureRequestWarning: Unverified HTTPS request is being made to host 'randomuser.me'. Adding certificate verification is strongly advised. See: https://urllib3.readthedocs.io/en/latest/advanced-usage.html#tls-warnings
  warnings.warn(</msg>
<msg time="2024-03-28T15:14:25.570507" level="INFO">${response} = &lt;Response [200]&gt;</msg>
<var>${response}</var>
<arg>consultarAPI</arg>
<arg>/api</arg>
<doc>Sends a GET request on a previously created HTTP Session.</doc>
<status status="PASS" start="2024-03-28T15:14:25.495011" elapsed="0.075529"/>
</kw>
<kw name="Set Variable" owner="BuiltIn">
<msg time="2024-03-28T15:14:25.571482" level="INFO">${json_data} = {'results': [{'gender': 'male', 'name': {'title': 'Mr', 'first': 'Eivind', 'last': 'Bergesen'}, 'location': {'street': {'number': 6178, 'name': 'Skøyen allé'}, 'city': 'Grøa', 'state': 'Buskerud', 'co...</msg>
<var>${json_data}</var>
<arg>${response.json()}</arg>
<doc>Returns the given values which can then be assigned to a variables.</doc>
<status status="PASS" start="2024-03-28T15:14:25.570985" elapsed="0.000527"/>
</kw>
<kw name="Log" owner="BuiltIn">
<msg time="2024-03-28T15:14:25.572018" level="INFO">{'results': [{'gender': 'male', 'name': {'title': 'Mr', 'first': 'Eivind', 'last': 'Bergesen'}, 'location': {'street': {'number': 6178, 'name': 'Skøyen allé'}, 'city': 'Grøa', 'state': 'Buskerud', 'country': 'Norway', 'postcode': '0240', 'coordinates': {'latitude': '46.6598', 'longitude': '-165.8339'}, 'timezone': {'offset': '+8:00', 'description': 'Beijing, Perth, Singapore, Hong Kong'}}, 'email': 'eivind.bergesen@example.com', 'login': {'uuid': '30d9c320-d4ec-44c3-9736-e016ee9b9c32', 'username': 'bluegorilla919', 'password': 'jayjay', 'salt': '2r4XqVmh', 'md5': 'de63c5bfdfcde634ae60c74cc7d85b91', 'sha1': 'c6070650c5e9226df7ae6a474defa31273ed728e', 'sha256': '98cacd3048c6adb9beb9d7049f11143f6ad3cf3da0f4545350900b254c34201a'}, 'dob': {'date': '1947-08-02T20:35:18.627Z', 'age': 76}, 'registered': {'date': '2003-12-14T12:23:15.016Z', 'age': 20}, 'phone': '88565721', 'cell': '48007245', 'id': {'name': 'FN', 'value': '02084727132'}, 'picture': {'large': 'https://randomuser.me/api/portraits/men/42.jpg', 'medium': 'https://randomuser.me/api/portraits/med/men/42.jpg', 'thumbnail': 'https://randomuser.me/api/portraits/thumb/men/42.jpg'}, 'nat': 'NO'}], 'info': {'seed': '18e89cc592f87aae', 'results': 1, 'page': 1, 'version': '1.4'}}</msg>
<arg>${json_data}</arg>
<doc>Logs the given message with the given level.</doc>
<status status="PASS" start="2024-03-28T15:14:25.571860" elapsed="0.000207"/>
</kw>
<kw name="Should Be String" owner="String">
<arg>${json_data['results'][0]['gender']}</arg>
<doc>Fails if the given ``item`` is not a string.</doc>
<status status="PASS" start="2024-03-28T15:14:25.572398" elapsed="0.000363"/>
</kw>
<kw name="Should Match Regexp" owner="BuiltIn">
<arg>${json_data['results'][0]['email']}</arg>
<arg>^[a-zA-Z0-9._%+-]+@[a-zA-Z0-9.-]+\.[a-zA-Z]{2,}$</arg>
<doc>Fails if ``string`` does not match ``pattern`` as a regular expression.</doc>
<status status="PASS" start="2024-03-28T15:14:25.572955" elapsed="0.000519"/>
</kw>
<kw name="Should Match Regexp" owner="BuiltIn">
<arg>${json_data['results'][0]['dob']['date']}</arg>
<arg>\\d{4}-\\d{2}-\\d{2}T\\d{2}:\\d{2}:\\d{2}\\.\\d{3}Z</arg>
<doc>Fails if ``string`` does not match ``pattern`` as a regular expression.</doc>
<status status="PASS" start="2024-03-28T15:14:25.573674" elapsed="0.000482"/>
</kw>
<kw name="Should Match Regexp" owner="BuiltIn">
<arg>${json_data['results'][0]['registered']['date']}</arg>
<arg>\\d{4}-\\d{2}-\\d{2}T\\d{2}:\\d{2}:\\d{2}\\.\\d{3}Z</arg>
<doc>Fails if ``string`` does not match ``pattern`` as a regular expression.</doc>
<status status="PASS" start="2024-03-28T15:14:25.574349" elapsed="0.000376"/>
</kw>
<kw name="Should Match Regexp" owner="BuiltIn">
<arg>${json_data['results'][0]['picture']['large']}</arg>
<arg>^https?://.*\.(?:png|jpe?g|gif|bmp)$</arg>
<doc>Fails if ``string`` does not match ``pattern`` as a regular expression.</doc>
<status status="PASS" start="2024-03-28T15:14:25.574913" elapsed="0.000467"/>
</kw>
<kw name="Should Match Regexp" owner="BuiltIn">
<arg>${json_data['results'][0]['picture']['medium']}</arg>
<arg>^https?://.*\.(?:png|jpe?g|gif|bmp)$</arg>
<doc>Fails if ``string`` does not match ``pattern`` as a regular expression.</doc>
<status status="PASS" start="2024-03-28T15:14:25.575598" elapsed="0.000374"/>
</kw>
<kw name="Should Match Regexp" owner="BuiltIn">
<arg>${json_data['results'][0]['picture']['thumbnail']}</arg>
<arg>^https?://.*\.(?:png|jpe?g|gif|bmp)$</arg>
<doc>Fails if ``string`` does not match ``pattern`` as a regular expression.</doc>
<status status="PASS" start="2024-03-28T15:14:25.576161" elapsed="0.000351"/>
</kw>
<kw name="Log" owner="BuiltIn">
<msg time="2024-03-28T15:14:25.577026" level="INFO">{'large': 'https://randomuser.me/api/portraits/men/42.jpg', 'medium': 'https://randomuser.me/api/portraits/med/men/42.jpg', 'thumbnail': 'https://randomuser.me/api/portraits/thumb/men/42.jpg'}</msg>
<arg>${json_data['results'][0]['picture']}</arg>
<doc>Logs the given message with the given level.</doc>
<status status="PASS" start="2024-03-28T15:14:25.576697" elapsed="0.000377"/>
</kw>
<status status="PASS" start="2024-03-28T15:14:25.494781" elapsed="0.082552"/>
</kw>
<kw name="Teste de Tipos de Dados - Postcode" owner="random-user-service">
<kw name="GET On Session" owner="RequestsLibrary">
<msg time="2024-03-28T15:14:25.669674" level="INFO">GET Request : url=https://randomuser.me/api 
 path_url=/api 
 headers={'User-Agent': 'python-requests/2.31.0', 'Accept-Encoding': 'gzip, deflate', 'Accept': '*/*', 'Connection': 'keep-alive'} 
 body=None 
 </msg>
<msg time="2024-03-28T15:14:25.669829" level="INFO">GET Response : url=https://randomuser.me/api 
 status=200, reason=OK 
 headers={'Date': 'Thu, 28 Mar 2024 15:14:25 GMT', 'Content-Type': 'application/json; charset=utf-8', 'Transfer-Encoding': 'chunked', 'Connection': 'keep-alive', 'X-Powered-By': 'Express', 'Access-Control-Allow-Origin': '*', 'Cache-Control': 'no-cache', 'ETag': 'W/"48d-gZ4P3JhRMtzqUKEeYaFjhB9gmWc"', 'Vary': 'Accept-Encoding', 'Content-Encoding': 'gzip', 'CF-Cache-Status': 'DYNAMIC', 'Report-To': '{"endpoints":[{"url":"https:\\/\\/a.nel.cloudflare.com\\/report\\/v4?s=KEa2ZokGtKFnI5NSU5XK9sr0LEPjd%2BlgmDrDRiYRaACyPEd%2ByiJQXmcDnA9kCWATNGiXtAR3X%2FkNqTpE6kA9aVoIVisZt6vaYNkOjE3btbl06xC1SL1rGuWgor64V%2Fgy"}],"group":"cf-nel","max_age":604800}', 'NEL': '{"success_fraction":0,"report_to":"cf-nel","max_age":604800}', 'Server': 'cloudflare', 'CF-RAY': '86b891ddea3007f8-IAD', 'alt-svc': 'h3=":443"; ma=86400'} 
 body={"results":[{"gender":"female","name":{"title":"Miss","first":"Inesita","last":"Lopes"},"location":{"street":{"number":7625,"name":"Avenida da Democracia"},"city":"Itatiba","state":"Alagoas","country":"Brazil","postcode":18356,"coordinates":{"latitude":"-77.4084","longitude":"36.5449"},"timezone":{"offset":"-2:00","description":"Mid-Atlantic"}},"email":"inesita.lopes@example.com","login":{"uuid":"6836c060-104a-48c0-8983-81c05b64dde6","username":"brownleopard204","password":"lawson","salt":"atNHUdtJ","md5":"4d5cc6e383e9447d546d30166a7c113d","sha1":"5e5004f14f194f1826500e48cb48f82d7f453a19","sha256":"3fde754f152a22f450b3c24ca766ec92665a49392b3b0931982d0e46a9bb4672"},"dob":{"date":"1987-04-29T06:16:15.955Z","age":36},"registered":{"date":"2003-01-05T08:44:53.747Z","age":21},"phone":"(73) 2888-4945","cell":"(33) 5028-4645","id":{"name":"CPF","value":"597.500.383-35"},"picture":{"large":"https://randomuser.me/api/portraits/women/31.jpg","medium":"https://randomuser.me/api/portraits/med/women/31.jpg","thumbnail":"https://randomuser.me/api/portraits/thumb/women/31.jpg"},"nat":"BR"}],"info":{"seed":"6b11e57913c4be97","results":1,"page":1,"version":"1.4"}} 
 </msg>
<msg time="2024-03-28T15:14:25.669939" level="INFO">/opt/hostedtoolcache/Python/3.12.2/x64/lib/python3.12/site-packages/urllib3/connectionpool.py:1103: InsecureRequestWarning: Unverified HTTPS request is being made to host 'randomuser.me'. Adding certificate verification is strongly advised. See: https://urllib3.readthedocs.io/en/latest/advanced-usage.html#tls-warnings
  warnings.warn(</msg>
<msg time="2024-03-28T15:14:25.670078" level="INFO">${response} = &lt;Response [200]&gt;</msg>
<var>${response}</var>
<arg>consultarAPI</arg>
<arg>/api</arg>
<doc>Sends a GET request on a previously created HTTP Session.</doc>
<status status="PASS" start="2024-03-28T15:14:25.577930" elapsed="0.092190"/>
</kw>
<kw name="Set Variable" owner="BuiltIn">
<msg time="2024-03-28T15:14:25.671240" level="INFO">${json_data} = {'results': [{'gender': 'female', 'name': {'title': 'Miss', 'first': 'Inesita', 'last': 'Lopes'}, 'location': {'street': {'number': 7625, 'name': 'Avenida da Democracia'}, 'city': 'Itatiba', 'state': ...</msg>
<var>${json_data}</var>
<arg>${response.json()}</arg>
<doc>Returns the given values which can then be assigned to a variables.</doc>
<status status="PASS" start="2024-03-28T15:14:25.670723" elapsed="0.000546"/>
</kw>
<kw name="Log" owner="BuiltIn">
<msg time="2024-03-28T15:14:25.671779" level="INFO">{'results': [{'gender': 'female', 'name': {'title': 'Miss', 'first': 'Inesita', 'last': 'Lopes'}, 'location': {'street': {'number': 7625, 'name': 'Avenida da Democracia'}, 'city': 'Itatiba', 'state': 'Alagoas', 'country': 'Brazil', 'postcode': 18356, 'coordinates': {'latitude': '-77.4084', 'longitude': '36.5449'}, 'timezone': {'offset': '-2:00', 'description': 'Mid-Atlantic'}}, 'email': 'inesita.lopes@example.com', 'login': {'uuid': '6836c060-104a-48c0-8983-81c05b64dde6', 'username': 'brownleopard204', 'password': 'lawson', 'salt': 'atNHUdtJ', 'md5': '4d5cc6e383e9447d546d30166a7c113d', 'sha1': '5e5004f14f194f1826500e48cb48f82d7f453a19', 'sha256': '3fde754f152a22f450b3c24ca766ec92665a49392b3b0931982d0e46a9bb4672'}, 'dob': {'date': '1987-04-29T06:16:15.955Z', 'age': 36}, 'registered': {'date': '2003-01-05T08:44:53.747Z', 'age': 21}, 'phone': '(73) 2888-4945', 'cell': '(33) 5028-4645', 'id': {'name': 'CPF', 'value': '597.500.383-35'}, 'picture': {'large': 'https://randomuser.me/api/portraits/women/31.jpg', 'medium': 'https://randomuser.me/api/portraits/med/women/31.jpg', 'thumbnail': 'https://randomuser.me/api/portraits/thumb/women/31.jpg'}, 'nat': 'BR'}], 'info': {'seed': '6b11e57913c4be97', 'results': 1, 'page': 1, 'version': '1.4'}}</msg>
<arg>${json_data}</arg>
<doc>Logs the given message with the given level.</doc>
<status status="PASS" start="2024-03-28T15:14:25.671611" elapsed="0.000216"/>
</kw>
<kw name="Should Be Equal As Numbers" owner="BuiltIn">
<arg>${json_data['results'][0]['location']['postcode']}</arg>
<arg>${json_data['results'][0]['location']['postcode']}</arg>
<doc>Fails if objects are unequal after converting them to real numbers.</doc>
<status status="PASS" start="2024-03-28T15:14:25.672131" elapsed="0.000723"/>
</kw>
<kw name="Log" owner="BuiltIn">
<msg time="2024-03-28T15:14:25.673402" level="INFO">18356</msg>
<arg>${json_data['results'][0]['location']['postcode']}</arg>
<doc>Logs the given message with the given level.</doc>
<status status="PASS" start="2024-03-28T15:14:25.673061" elapsed="0.000383"/>
</kw>
<status status="PASS" start="2024-03-28T15:14:25.577558" elapsed="0.096148"/>
</kw>
<doc>Testa se os tipos de dados na resposta da API estão corretos.</doc>
<tag>testeTiposDados</tag>
<status status="PASS" start="2024-03-28T15:14:25.494321" elapsed="0.179563"/>
</test>
<test id="s1-s1-t5" name="Validar conteudo" line="35">
<kw name="Teste de Tipos de Conteudo" owner="random-user-service">
<kw name="GET On Session" owner="RequestsLibrary">
<msg time="2024-03-28T15:14:25.775832" level="INFO">GET Request : url=https://randomuser.me/api 
 path_url=/api 
 headers={'User-Agent': 'python-requests/2.31.0', 'Accept-Encoding': 'gzip, deflate', 'Accept': '*/*', 'Connection': 'keep-alive'} 
 body=None 
 </msg>
<msg time="2024-03-28T15:14:25.775944" level="INFO">GET Response : url=https://randomuser.me/api 
 status=200, reason=OK 
 headers={'Date': 'Thu, 28 Mar 2024 15:14:25 GMT', 'Content-Type': 'application/json; charset=utf-8', 'Transfer-Encoding': 'chunked', 'Connection': 'keep-alive', 'X-Powered-By': 'Express', 'Access-Control-Allow-Origin': '*', 'Cache-Control': 'no-cache', 'ETag': 'W/"487-uQ/mQoGQ+4rET4OntNeohYiBFsE"', 'Vary': 'Accept-Encoding', 'Content-Encoding': 'gzip', 'CF-Cache-Status': 'DYNAMIC', 'Report-To': '{"endpoints":[{"url":"https:\\/\\/a.nel.cloudflare.com\\/report\\/v4?s=3NNuaoxTX6nUovdKbCZKIiMuhBB4tdnorqmYFgXKS%2Be%2F%2B4nqxiKVyViXF3gvf7ANDMtspaesPu001JU7C0Pw6G%2F7fM7b8WQ%2B%2BxmncUsWLEDjPWAnJNBQ3B0jtC8MjG%2BN"}],"group":"cf-nel","max_age":604800}', 'NEL': '{"success_fraction":0,"report_to":"cf-nel","max_age":604800}', 'Server': 'cloudflare', 'CF-RAY': '86b891de7b1607f8-IAD', 'alt-svc': 'h3=":443"; ma=86400'} 
 body={"results":[{"gender":"female","name":{"title":"Ms","first":"Kristine","last":"Siefert"},"location":{"street":{"number":4142,"name":"Fasanenweg"},"city":"Sassnitz","state":"Saarland","country":"Germany","postcode":19437,"coordinates":{"latitude":"-48.0653","longitude":"51.8513"},"timezone":{"offset":"-2:00","description":"Mid-Atlantic"}},"email":"kristine.siefert@example.com","login":{"uuid":"9de664cb-1bf0-4d35-970d-85785917958a","username":"smallleopard387","password":"123456","salt":"S9aYotZD","md5":"a7db9f34e895396d780b3ee21a8c72ec","sha1":"6a6ca8088f0ce19c2c7caddcfe254da77bb7aac4","sha256":"1f01a95e73075b9dcd49a094c727b55886b59848e12e38b2d3a57c143504a8df"},"dob":{"date":"1972-04-22T17:49:03.892Z","age":51},"registered":{"date":"2012-07-15T03:29:18.394Z","age":11},"phone":"0504-5356190","cell":"0178-3919478","id":{"name":"SVNR","value":"28 220472 S 590"},"picture":{"large":"https://randomuser.me/api/portraits/women/33.jpg","medium":"https://randomuser.me/api/portraits/med/women/33.jpg","thumbnail":"https://randomuser.me/api/portraits/thumb/women/33.jpg"},"nat":"DE"}],"info":{"seed":"37eee004357bb11c","results":1,"page":1,"version":"1.4"}} 
 </msg>
<msg time="2024-03-28T15:14:25.776021" level="INFO">/opt/hostedtoolcache/Python/3.12.2/x64/lib/python3.12/site-packages/urllib3/connectionpool.py:1103: InsecureRequestWarning: Unverified HTTPS request is being made to host 'randomuser.me'. Adding certificate verification is strongly advised. See: https://urllib3.readthedocs.io/en/latest/advanced-usage.html#tls-warnings
  warnings.warn(</msg>
<msg time="2024-03-28T15:14:25.776150" level="INFO">${response} = &lt;Response [200]&gt;</msg>
<var>${response}</var>
<arg>consultarAPI</arg>
<arg>/api</arg>
<doc>Sends a GET request on a previously created HTTP Session.</doc>
<status status="PASS" start="2024-03-28T15:14:25.676473" elapsed="0.099726"/>
</kw>
<kw name="Set Variable" owner="BuiltIn">
<msg time="2024-03-28T15:14:25.777400" level="INFO">${json_data} = {'results': [{'gender': 'female', 'name': {'title': 'Ms', 'first': 'Kristine', 'last': 'Siefert'}, 'location': {'street': {'number': 4142, 'name': 'Fasanenweg'}, 'city': 'Sassnitz', 'state': 'Saarland...</msg>
<var>${json_data}</var>
<arg>${response.json()}</arg>
<doc>Returns the given values which can then be assigned to a variables.</doc>
<status status="PASS" start="2024-03-28T15:14:25.776834" elapsed="0.000594"/>
</kw>
<kw name="Set Variable" owner="BuiltIn">
<msg time="2024-03-28T15:14:25.778122" level="INFO">${name_title} = Ms</msg>
<var>${name_title}</var>
<arg>${json_data["results"][0]["name"]["title"]}</arg>
<doc>Returns the given values which can then be assigned to a variables.</doc>
<status status="PASS" start="2024-03-28T15:14:25.777736" elapsed="0.000411"/>
</kw>
<kw name="Create List" owner="BuiltIn">
<msg time="2024-03-28T15:14:25.778595" level="INFO">${allowed_titles} = ['Mr', 'Ms', 'Miss', 'Mrs', 'Madame', 'Monsieur']</msg>
<var>${allowed_titles}</var>
<arg>Mr</arg>
<arg>Ms</arg>
<arg>Miss</arg>
<arg>Mrs</arg>
<arg>Madame</arg>
<arg>Monsieur</arg>
<doc>Returns a list containing given items.</doc>
<status status="PASS" start="2024-03-28T15:14:25.778447" elapsed="0.000172"/>
</kw>
<kw name="List Should Contain Value" owner="Collections">
<msg time="2024-03-28T15:14:25.779095" level="INFO">False</msg>
<arg>${allowed_titles}</arg>
<arg>${name_title}</arg>
<doc>Fails if the ``value`` is not found from ``list``.</doc>
<status status="PASS" start="2024-03-28T15:14:25.778920" elapsed="0.000212"/>
</kw>
<kw name="Set Variable" owner="BuiltIn">
<msg time="2024-03-28T15:14:25.779824" level="INFO">${name_country} = DE</msg>
<var>${name_country}</var>
<arg>${json_data["results"][0]["nat"]}</arg>
<doc>Returns the given values which can then be assigned to a variables.</doc>
<status status="PASS" start="2024-03-28T15:14:25.779423" elapsed="0.000426"/>
</kw>
<kw name="Create List" owner="BuiltIn">
<msg time="2024-03-28T15:14:25.780756" level="INFO">${list_country} = ['AD', 'AE', 'AF', 'AG', 'AI', 'AL', 'AM', 'AO', 'AQ', 'AR', 'AS', 'AT', 'AU', 'AW', 'AX', 'AZ', 'BA', 'BB', 'BD', 'BE', 'BF', 'BG', 'BH', 'BI', 'BJ', 'BL', 'BM', 'BN', 'BO', 'BQ', 'BR', 'BS', 'BT', '...</msg>
<var>${list_country}</var>
<arg>AD</arg>
<arg>AE</arg>
<arg>AF</arg>
<arg>AG</arg>
<arg>AI</arg>
<arg>AL</arg>
<arg>AM</arg>
<arg>AO</arg>
<arg>AQ</arg>
<arg>AR</arg>
<arg>AS</arg>
<arg>AT</arg>
<arg>AU</arg>
<arg>AW</arg>
<arg>AX</arg>
<arg>AZ</arg>
<arg>BA</arg>
<arg>BB</arg>
<arg>BD</arg>
<arg>BE</arg>
<arg>BF</arg>
<arg>BG</arg>
<arg>BH</arg>
<arg>BI</arg>
<arg>BJ</arg>
<arg>BL</arg>
<arg>BM</arg>
<arg>BN</arg>
<arg>BO</arg>
<arg>BQ</arg>
<arg>BR</arg>
<arg>BS</arg>
<arg>BT</arg>
<arg>BV</arg>
<arg>BW</arg>
<arg>BY</arg>
<arg>BZ</arg>
<arg>CA</arg>
<arg>CC</arg>
<arg>CD</arg>
<arg>CF</arg>
<arg>CG</arg>
<arg>CH</arg>
<arg>CI</arg>
<arg>CK</arg>
<arg>CL</arg>
<arg>CM</arg>
<arg>CN</arg>
<arg>CO</arg>
<arg>CR</arg>
<arg>CU</arg>
<arg>CV</arg>
<arg>CW</arg>
<arg>CX</arg>
<arg>CY</arg>
<arg>CZ</arg>
<arg>DE</arg>
<arg>DJ</arg>
<arg>DK</arg>
<arg>DM</arg>
<arg>DO</arg>
<arg>DZ</arg>
<arg>EC</arg>
<arg>EE</arg>
<arg>EG</arg>
<arg>EH</arg>
<arg>ER</arg>
<arg>ES</arg>
<arg>ET</arg>
<arg>FI</arg>
<arg>FJ</arg>
<arg>FK</arg>
<arg>FM</arg>
<arg>FO</arg>
<arg>FR</arg>
<arg>GA</arg>
<arg>GB</arg>
<arg>GD</arg>
<arg>GE</arg>
<arg>GF</arg>
<arg>GG</arg>
<arg>GH</arg>
<arg>GI</arg>
<arg>GL</arg>
<arg>GM</arg>
<arg>GN</arg>
<arg>GP</arg>
<arg>GQ</arg>
<arg>GR</arg>
<arg>GS</arg>
<arg>GT</arg>
<arg>GU</arg>
<arg>GW</arg>
<arg>GY</arg>
<arg>HK</arg>
<arg>HM</arg>
<arg>HN</arg>
<arg>HR</arg>
<arg>HT</arg>
<arg>HU</arg>
<arg>ID</arg>
<arg>IE</arg>
<arg>IL</arg>
<arg>IM</arg>
<arg>IN</arg>
<arg>IO</arg>
<arg>IQ</arg>
<arg>IR</arg>
<arg>IS</arg>
<arg>IT</arg>
<arg>JE</arg>
<arg>JM</arg>
<arg>JO</arg>
<arg>JP</arg>
<arg>KE</arg>
<arg>KG</arg>
<arg>KH</arg>
<arg>KI</arg>
<arg>KM</arg>
<arg>KN</arg>
<arg>KP</arg>
<arg>KR</arg>
<arg>KW</arg>
<arg>KY</arg>
<arg>KZ</arg>
<arg>LA</arg>
<arg>LB</arg>
<arg>LC</arg>
<arg>LI</arg>
<arg>LK</arg>
<arg>LR</arg>
<arg>LS</arg>
<arg>LT</arg>
<arg>LU</arg>
<arg>LV</arg>
<arg>LY</arg>
<arg>MA</arg>
<arg>MC</arg>
<arg>MD</arg>
<arg>ME</arg>
<arg>MF</arg>
<arg>MG</arg>
<arg>MH</arg>
<arg>MK</arg>
<arg>ML</arg>
<arg>MM</arg>
<arg>MN</arg>
<arg>MO</arg>
<arg>MP</arg>
<arg>MQ</arg>
<arg>MR</arg>
<arg>MS</arg>
<arg>MT</arg>
<arg>MU</arg>
<arg>MV</arg>
<arg>MW</arg>
<arg>MX</arg>
<arg>MY</arg>
<arg>MZ</arg>
<arg>NA</arg>
<arg>NC</arg>
<arg>NE</arg>
<arg>NF</arg>
<arg>NG</arg>
<arg>NI</arg>
<arg>NL</arg>
<arg>NO</arg>
<arg>NP</arg>
<arg>NR</arg>
<arg>NU</arg>
<arg>NZ</arg>
<arg>OM</arg>
<arg>PA</arg>
<arg>PE</arg>
<arg>PF</arg>
<arg>PG</arg>
<arg>PH</arg>
<arg>PK</arg>
<arg>PL</arg>
<arg>PM</arg>
<arg>PN</arg>
<arg>PR</arg>
<arg>PS</arg>
<arg>PT</arg>
<arg>PW</arg>
<arg>PY</arg>
<arg>QA</arg>
<arg>RE</arg>
<arg>RO</arg>
<arg>RS</arg>
<arg>RU</arg>
<arg>RW</arg>
<arg>SA</arg>
<arg>SB</arg>
<arg>SC</arg>
<arg>SD</arg>
<arg>SE</arg>
<arg>SG</arg>
<arg>SH</arg>
<arg>SI</arg>
<arg>SJ</arg>
<arg>SK</arg>
<arg>SL</arg>
<arg>SM</arg>
<arg>SN</arg>
<arg>SO</arg>
<arg>SR</arg>
<arg>SS</arg>
<arg>ST</arg>
<arg>SV</arg>
<arg>SX</arg>
<arg>SY</arg>
<arg>SZ</arg>
<arg>TC</arg>
<arg>TD</arg>
<arg>TF</arg>
<arg>TG</arg>
<arg>TH</arg>
<arg>TJ</arg>
<arg>TK</arg>
<arg>TL</arg>
<arg>TM</arg>
<arg>TN</arg>
<arg>TO</arg>
<arg>TR</arg>
<arg>TT</arg>
<arg>TV</arg>
<arg>TW</arg>
<arg>TZ</arg>
<arg>UA</arg>
<arg>UG</arg>
<arg>UM</arg>
<arg>US</arg>
<arg>UY</arg>
<arg>UZ</arg>
<arg>VA</arg>
<arg>VC</arg>
<arg>VE</arg>
<arg>VG</arg>
<arg>VI</arg>
<arg>VN</arg>
<arg>VU</arg>
<arg>WF</arg>
<arg>WS</arg>
<arg>XK</arg>
<arg>YE</arg>
<arg>YT</arg>
<arg>ZA</arg>
<arg>ZM</arg>
<arg>ZW</arg>
<doc>Returns a list containing given items.</doc>
<status status="PASS" start="2024-03-28T15:14:25.780160" elapsed="0.000621"/>
</kw>
<kw name="List Should Contain Value" owner="Collections">
<msg time="2024-03-28T15:14:25.781888" level="INFO">False</msg>
<arg>${list_country}</arg>
<arg>${name_country}</arg>
<doc>Fails if the ``value`` is not found from ``list``.</doc>
<status status="PASS" start="2024-03-28T15:14:25.781688" elapsed="0.000237"/>
</kw>
<kw name="Run Keyword If" owner="BuiltIn">
<kw name="Should Be True" owner="BuiltIn">
<arg>${True}</arg>
<doc>Fails if the given condition is not true.</doc>
<status status="PASS" start="2024-03-28T15:14:25.782997" elapsed="0.000146"/>
</kw>
<arg>${json_data["results"][0]["location"]["coordinates"]["latitude"]} &gt;= -90 and ${json_data["results"][0]["location"]["coordinates"]["latitude"]} &lt;= 90</arg>
<arg>Should Be True</arg>
<arg>${True}</arg>
<doc>Runs the given keyword with the given arguments, if ``condition`` is true.</doc>
<status status="PASS" start="2024-03-28T15:14:25.782246" elapsed="0.001025"/>
</kw>
<kw name="Run Keyword If" owner="BuiltIn">
<kw name="Should Be True" owner="BuiltIn">
<arg>${True}</arg>
<doc>Fails if the given condition is not true.</doc>
<status status="PASS" start="2024-03-28T15:14:25.784233" elapsed="0.000138"/>
</kw>
<arg>${json_data["results"][0]["location"]["coordinates"]["longitude"]} &gt;= -180 and ${json_data["results"][0]["location"]["coordinates"]["longitude"]} &lt;= 180</arg>
<arg>Should Be True</arg>
<arg>${True}</arg>
<doc>Runs the given keyword with the given arguments, if ``condition`` is true.</doc>
<status status="PASS" start="2024-03-28T15:14:25.783456" elapsed="0.001040"/>
</kw>
<status status="PASS" start="2024-03-28T15:14:25.676238" elapsed="0.108391"/>
</kw>
<doc>Testa o conteúdo específico dos campos retornados pela API.</doc>
<tag>testeConteudo</tag>
<status status="PASS" start="2024-03-28T15:14:25.675701" elapsed="0.109081"/>
</test>
<status status="PASS" start="2024-03-28T15:14:24.872840" elapsed="0.913897"/>
</suite>
<status status="PASS" start="2024-03-28T15:14:24.858834" elapsed="0.933276"/>
</suite>
<statistics>
<total>
<stat pass="5" fail="0" skip="0">All Tests</stat>
</total>
<tag>
<stat pass="1" fail="0" skip="0">testeConteudo</stat>
<stat pass="1" fail="0" skip="0">testeEstruturaResposta</stat>
<stat pass="1" fail="0" skip="0">testeRequisicaoBasica</stat>
<stat pass="1" fail="0" skip="0">testeTiposDados</stat>
</tag>
<suite>
<stat pass="5" fail="0" skip="0" id="s1" name="Tests">Tests</stat>
<stat pass="5" fail="0" skip="0" id="s1-s1" name="Random-User-Test">Tests.Random-User-Test</stat>
</suite>
</statistics>
<errors>
</errors>
</robot>
