<?xml version="1.0" encoding="UTF-8"?>
<robot generator="Robot 7.0 (Python 3.12.3 on linux)" generated="2024-05-19T04:17:36.042238" rpa="false" schemaversion="5">
<suite id="s1" name="Tests" source="/home/runner/work/DesafioQAItauRogerioJordao/DesafioQAItauRogerioJordao/RamdonUser/tests">
<suite id="s1-s1" name="Random-User-Test" source="/home/runner/work/DesafioQAItauRogerioJordao/DesafioQAItauRogerioJordao/RamdonUser/tests/random-user-test.robot">
<test id="s1-s1-t1" name="Conectar" line="13">
<kw name="Conectar API" owner="random-user-service">
<kw name="Create Session" owner="RequestsLibrary">
<msg time="2024-05-19T04:17:36.464046" level="INFO">Creating Session using : alias=consultarAPI, url=https://randomuser.me/, headers={},                     cookies={}, auth=None, timeout=None, proxies=None, verify=False,                     debug=0 </msg>
<arg>consultarAPI</arg>
<arg>${URL}</arg>
<doc>Create Session: create a HTTP session to a server</doc>
<status status="PASS" start="2024-05-19T04:17:36.463827" elapsed="0.000408"/>
</kw>
<status status="PASS" start="2024-05-19T04:17:36.462832" elapsed="0.001778"/>
</kw>
<status status="PASS" start="2024-05-19T04:17:36.462259" elapsed="0.002553"/>
</test>
<test id="s1-s1-t2" name="Validar retorno 200 e JSON Válido" line="16">
<kw name="Teste de Requisicao Basica" owner="random-user-service">
<kw name="GET On Session" owner="RequestsLibrary">
<msg time="2024-05-19T04:17:36.516114" level="INFO">GET Request : url=https://randomuser.me/api 
 path_url=/api 
 headers={'User-Agent': 'python-requests/2.31.0', 'Accept-Encoding': 'gzip, deflate', 'Accept': '*/*', 'Connection': 'keep-alive'} 
 body=None 
 </msg>
<msg time="2024-05-19T04:17:36.516261" level="INFO">GET Response : url=https://randomuser.me/api 
 status=200, reason=OK 
 headers={'Date': 'Sun, 19 May 2024 04:17:36 GMT', 'Content-Type': 'application/json; charset=utf-8', 'Transfer-Encoding': 'chunked', 'Connection': 'keep-alive', 'X-Powered-By': 'Express', 'Access-Control-Allow-Origin': '*', 'Cache-Control': 'no-cache', 'ETag': 'W/"4ad-mQbHanXl7uXQfempzpxzXYg/mXU"', 'Vary': 'Accept-Encoding', 'Content-Encoding': 'gzip', 'CF-Cache-Status': 'DYNAMIC', 'Report-To': '{"endpoints":[{"url":"https:\\/\\/a.nel.cloudflare.com\\/report\\/v4?s=uB9K4eFk2EQQp%2Brw7xMGxYBMFhe6RbydVAmYTTT716BmnkVxujA9z1iirkwccNEQSA2wA2BLW16g1eIMOo4lucOJ4j%2BzkfY6oozsfAnW9KZgWSWU9EpHMB5LmG8889ZV"}],"group":"cf-nel","max_age":604800}', 'NEL': '{"success_fraction":0,"report_to":"cf-nel","max_age":604800}', 'Server': 'cloudflare', 'CF-RAY': '8861473b0e773886-IAD', 'alt-svc': 'h3=":443"; ma=86400'} 
 body={"results":[{"gender":"male","name":{"title":"Mr","first":"احسان","last":"علیزاده"},"location":{"street":{"number":1667,"name":"قائم مقام فراهانی"},"city":"بندرعباس","state":"البرز","country":"Iran","postcode":80814,"coordinates":{"latitude":"16.6710","longitude":"-18.0024"},"timezone":{"offset":"+11:00","description":"Magadan, Solomon Islands, New Caledonia"}},"email":"hsn.aalyzdh@example.com","login":{"uuid":"27f2942c-18c4-40f8-94cf-ea02989fc28d","username":"silverzebra934","password":"dragonfl","salt":"gFVqb7Hh","md5":"5b5781915285be3a0cfa419c1e8d2b79","sha1":"416b6b62d712a273708ea5a863dbef025b36a0d7","sha256":"b22aa90c8bd6fe65ae069fcbb7a6e29ba357327c688b0adb03b412585125d84e"},"dob":{"date":"1980-08-02T00:12:56.352Z","age":43},"registered":{"date":"2002-07-04T08:39:38.188Z","age":21},"phone":"065-69715840","cell":"0996-960-3701","id":{"name":"","value":null},"picture":{"large":"https://randomuser.me/api/portraits/men/16.jpg","medium":"https://randomuser.me/api/portraits/med/men/16.jpg","thumbnail":"https://randomuser.me/api/portraits/thumb/men/16.jpg"},"nat":"IR"}],"info":{"seed":"daffbef4196db48b","results":1,"page":1,"version":"1.4"}} 
 </msg>
<msg time="2024-05-19T04:17:36.516345" level="INFO">/opt/hostedtoolcache/Python/3.12.3/x64/lib/python3.12/site-packages/urllib3/connectionpool.py:1103: InsecureRequestWarning: Unverified HTTPS request is being made to host 'randomuser.me'. Adding certificate verification is strongly advised. See: https://urllib3.readthedocs.io/en/latest/advanced-usage.html#tls-warnings
  warnings.warn(</msg>
<msg time="2024-05-19T04:17:36.516498" level="INFO">${response} = &lt;Response [200]&gt;</msg>
<var>${response}</var>
<arg>consultarAPI</arg>
<arg>/api</arg>
<doc>Sends a GET request on a previously created HTTP Session.</doc>
<status status="PASS" start="2024-05-19T04:17:36.467630" elapsed="0.048910"/>
</kw>
<kw name="Should Be Equal As Numbers" owner="BuiltIn">
<msg time="2024-05-19T04:17:36.517472" level="INFO">Argument types are:
&lt;class 'int'&gt;
&lt;class 'str'&gt;</msg>
<arg>${response.status_code}</arg>
<arg>200</arg>
<doc>Fails if objects are unequal after converting them to real numbers.</doc>
<status status="PASS" start="2024-05-19T04:17:36.517015" elapsed="0.000525"/>
</kw>
<kw name="Log" owner="BuiltIn">
<msg time="2024-05-19T04:17:36.518238" level="INFO">200</msg>
<arg>${response.status_code}</arg>
<doc>Logs the given message with the given level.</doc>
<status status="PASS" start="2024-05-19T04:17:36.517881" elapsed="0.000400"/>
</kw>
<kw name="Set Variable" owner="BuiltIn">
<msg time="2024-05-19T04:17:36.519045" level="INFO">${json_data} = {'results': [{'gender': 'male', 'name': {'title': 'Mr', 'first': 'احسان', 'last': 'علیزاده'}, 'location': {'street': {'number': 1667, 'name': 'قائم مقام فراهانی'}, 'city': 'بندرعباس', 'state': 'البرز'...</msg>
<var>${json_data}</var>
<arg>${response.json()}</arg>
<doc>Returns the given values which can then be assigned to a variables.</doc>
<status status="PASS" start="2024-05-19T04:17:36.518594" elapsed="0.000483"/>
</kw>
<kw name="Dictionary Should Contain Key" owner="Collections">
<msg time="2024-05-19T04:17:36.519561" level="INFO">False</msg>
<arg>${json_data}</arg>
<arg>results</arg>
<doc>Fails if ``key`` is not found from ``dictionary``.</doc>
<status status="PASS" start="2024-05-19T04:17:36.519384" elapsed="0.000218"/>
</kw>
<status status="PASS" start="2024-05-19T04:17:36.467369" elapsed="0.052489"/>
</kw>
<doc>Testa se a API responde corretamente e retorna um objeto JSON válido.</doc>
<tag>testeRequisicaoBasica</tag>
<status status="PASS" start="2024-05-19T04:17:36.466835" elapsed="0.053204"/>
</test>
<test id="s1-s1-t3" name="Validar estrutura de resposta" line="22">
<kw name="Teste de Estrutura de Resposta" owner="random-user-service">
<kw name="GET On Session" owner="RequestsLibrary">
<msg time="2024-05-19T04:17:36.618779" level="INFO">GET Request : url=https://randomuser.me/api 
 path_url=/api 
 headers={'User-Agent': 'python-requests/2.31.0', 'Accept-Encoding': 'gzip, deflate', 'Accept': '*/*', 'Connection': 'keep-alive'} 
 body=None 
 </msg>
<msg time="2024-05-19T04:17:36.618865" level="INFO">GET Response : url=https://randomuser.me/api 
 status=200, reason=OK 
 headers={'Date': 'Sun, 19 May 2024 04:17:36 GMT', 'Content-Type': 'application/json; charset=utf-8', 'Transfer-Encoding': 'chunked', 'Connection': 'keep-alive', 'X-Powered-By': 'Express', 'Access-Control-Allow-Origin': '*', 'Cache-Control': 'no-cache', 'ETag': 'W/"4ba-Xmuh2LMR0GtRF68MQfTm1GRjxpk"', 'Vary': 'Accept-Encoding', 'Content-Encoding': 'gzip', 'CF-Cache-Status': 'DYNAMIC', 'Report-To': '{"endpoints":[{"url":"https:\\/\\/a.nel.cloudflare.com\\/report\\/v4?s=z8IL%2FlZuZ0%2BVYZOHTVokYEi%2ButovJlIHS%2BpKfeDh86kmEDt9pOVGZItxGpO%2FtbJhnYpshIvxUV3iDSWbhuPNbxTgemVf89EvjiLO9HRu0mvRemAVgHZHLbiYMgm59DW%2F"}],"group":"cf-nel","max_age":604800}', 'NEL': '{"success_fraction":0,"report_to":"cf-nel","max_age":604800}', 'Server': 'cloudflare', 'CF-RAY': '8861473b4eb93886-IAD', 'alt-svc': 'h3=":443"; ma=86400'} 
 body={"results":[{"gender":"male","name":{"title":"Mr","first":"Ilyès","last":"Bertrand"},"location":{"street":{"number":5258,"name":"Rue du Bon-Pasteur"},"city":"Aubervilliers","state":"Pyrénées-Atlantiques","country":"France","postcode":99120,"coordinates":{"latitude":"-16.4321","longitude":"-64.4758"},"timezone":{"offset":"0:00","description":"Western Europe Time, London, Lisbon, Casablanca"}},"email":"ilyes.bertrand@example.com","login":{"uuid":"5078c1cf-eb1e-43a2-87b9-68811421654d","username":"silverlion472","password":"jaguar","salt":"6Uh6nQiV","md5":"a850b34a3b26d29c33ac5b62d0ad78c9","sha1":"1f15dadf7b501f2c53cbcb84c108f26f083a13fb","sha256":"6d93d67857bf6ebbf69f3bdfe95c9c07146ff5d89141fde1d73adbcddab3b5bd"},"dob":{"date":"1973-01-27T01:04:41.499Z","age":51},"registered":{"date":"2012-12-29T21:51:04.125Z","age":11},"phone":"01-21-04-32-84","cell":"06-18-87-90-56","id":{"name":"INSEE","value":"1730010877733 03"},"picture":{"large":"https://randomuser.me/api/portraits/men/8.jpg","medium":"https://randomuser.me/api/portraits/med/men/8.jpg","thumbnail":"https://randomuser.me/api/portraits/thumb/men/8.jpg"},"nat":"FR"}],"info":{"seed":"e135f4b8465373a9","results":1,"page":1,"version":"1.4"}} 
 </msg>
<msg time="2024-05-19T04:17:36.618993" level="INFO">/opt/hostedtoolcache/Python/3.12.3/x64/lib/python3.12/site-packages/urllib3/connectionpool.py:1103: InsecureRequestWarning: Unverified HTTPS request is being made to host 'randomuser.me'. Adding certificate verification is strongly advised. See: https://urllib3.readthedocs.io/en/latest/advanced-usage.html#tls-warnings
  warnings.warn(</msg>
<msg time="2024-05-19T04:17:36.619136" level="INFO">${response} = &lt;Response [200]&gt;</msg>
<var>${response}</var>
<arg>consultarAPI</arg>
<arg>/api</arg>
<doc>Sends a GET request on a previously created HTTP Session.</doc>
<status status="PASS" start="2024-05-19T04:17:36.522666" elapsed="0.096524"/>
</kw>
<kw name="Set Variable" owner="BuiltIn">
<msg time="2024-05-19T04:17:36.620091" level="INFO">${json_data} = {'results': [{'gender': 'male', 'name': {'title': 'Mr', 'first': 'Ilyès', 'last': 'Bertrand'}, 'location': {'street': {'number': 5258, 'name': 'Rue du Bon-Pasteur'}, 'city': 'Aubervilliers', 'state': ...</msg>
<var>${json_data}</var>
<arg>${response.json()}</arg>
<doc>Returns the given values which can then be assigned to a variables.</doc>
<status status="PASS" start="2024-05-19T04:17:36.619615" elapsed="0.000508"/>
</kw>
<kw name="Log" owner="BuiltIn">
<msg time="2024-05-19T04:17:36.620590" level="INFO">{'results': [{'gender': 'male', 'name': {'title': 'Mr', 'first': 'Ilyès', 'last': 'Bertrand'}, 'location': {'street': {'number': 5258, 'name': 'Rue du Bon-Pasteur'}, 'city': 'Aubervilliers', 'state': 'Pyrénées-Atlantiques', 'country': 'France', 'postcode': 99120, 'coordinates': {'latitude': '-16.4321', 'longitude': '-64.4758'}, 'timezone': {'offset': '0:00', 'description': 'Western Europe Time, London, Lisbon, Casablanca'}}, 'email': 'ilyes.bertrand@example.com', 'login': {'uuid': '5078c1cf-eb1e-43a2-87b9-68811421654d', 'username': 'silverlion472', 'password': 'jaguar', 'salt': '6Uh6nQiV', 'md5': 'a850b34a3b26d29c33ac5b62d0ad78c9', 'sha1': '1f15dadf7b501f2c53cbcb84c108f26f083a13fb', 'sha256': '6d93d67857bf6ebbf69f3bdfe95c9c07146ff5d89141fde1d73adbcddab3b5bd'}, 'dob': {'date': '1973-01-27T01:04:41.499Z', 'age': 51}, 'registered': {'date': '2012-12-29T21:51:04.125Z', 'age': 11}, 'phone': '01-21-04-32-84', 'cell': '06-18-87-90-56', 'id': {'name': 'INSEE', 'value': '1730010877733 03'}, 'picture': {'large': 'https://randomuser.me/api/portraits/men/8.jpg', 'medium': 'https://randomuser.me/api/portraits/med/men/8.jpg', 'thumbnail': 'https://randomuser.me/api/portraits/thumb/men/8.jpg'}, 'nat': 'FR'}], 'info': {'seed': 'e135f4b8465373a9', 'results': 1, 'page': 1, 'version': '1.4'}}</msg>
<arg>${json_data}</arg>
<doc>Logs the given message with the given level.</doc>
<status status="PASS" start="2024-05-19T04:17:36.620429" elapsed="0.000217"/>
</kw>
<kw name="Dictionary Should Contain Key" owner="Collections">
<msg time="2024-05-19T04:17:36.621129" level="INFO">False</msg>
<arg>${json_data}</arg>
<arg>results</arg>
<doc>Fails if ``key`` is not found from ``dictionary``.</doc>
<status status="PASS" start="2024-05-19T04:17:36.620942" elapsed="0.000227"/>
</kw>
<kw name="Should Not Be Empty" owner="BuiltIn">
<msg time="2024-05-19T04:17:36.621607" level="INFO">Length is 2.</msg>
<arg>${json_data}</arg>
<doc>Verifies that the given item is not empty.</doc>
<status status="PASS" start="2024-05-19T04:17:36.621477" elapsed="0.000307"/>
</kw>
<kw name="Create List" owner="BuiltIn">
<msg time="2024-05-19T04:17:36.622234" level="INFO">${expected_keys} = ['gender', 'name', 'location', 'email', 'login']</msg>
<var>${expected_keys}</var>
<arg>gender</arg>
<arg>name</arg>
<arg>location</arg>
<arg>email</arg>
<arg>login</arg>
<doc>Returns a list containing given items.</doc>
<status status="PASS" start="2024-05-19T04:17:36.622081" elapsed="0.000178"/>
</kw>
<for flavor="IN">
<iter>
<kw name="Dictionary Should Contain Key" owner="Collections">
<msg time="2024-05-19T04:17:36.623255" level="INFO">False</msg>
<arg>${json_data['results'][0]}</arg>
<arg>${key}</arg>
<doc>Fails if ``key`` is not found from ``dictionary``.</doc>
<status status="PASS" start="2024-05-19T04:17:36.622850" elapsed="0.000444"/>
</kw>
<kw name="Log" owner="BuiltIn">
<msg time="2024-05-19T04:17:36.623956" level="INFO">{'gender': 'male', 'name': {'title': 'Mr', 'first': 'Ilyès', 'last': 'Bertrand'}, 'location': {'street': {'number': 5258, 'name': 'Rue du Bon-Pasteur'}, 'city': 'Aubervilliers', 'state': 'Pyrénées-Atlantiques', 'country': 'France', 'postcode': 99120, 'coordinates': {'latitude': '-16.4321', 'longitude': '-64.4758'}, 'timezone': {'offset': '0:00', 'description': 'Western Europe Time, London, Lisbon, Casablanca'}}, 'email': 'ilyes.bertrand@example.com', 'login': {'uuid': '5078c1cf-eb1e-43a2-87b9-68811421654d', 'username': 'silverlion472', 'password': 'jaguar', 'salt': '6Uh6nQiV', 'md5': 'a850b34a3b26d29c33ac5b62d0ad78c9', 'sha1': '1f15dadf7b501f2c53cbcb84c108f26f083a13fb', 'sha256': '6d93d67857bf6ebbf69f3bdfe95c9c07146ff5d89141fde1d73adbcddab3b5bd'}, 'dob': {'date': '1973-01-27T01:04:41.499Z', 'age': 51}, 'registered': {'date': '2012-12-29T21:51:04.125Z', 'age': 11}, 'phone': '01-21-04-32-84', 'cell': '06-18-87-90-56', 'id': {'name': 'INSEE', 'value': '1730010877733 03'}, 'picture': {'large': 'https://randomuser.me/api/portraits/men/8.jpg', 'medium': 'https://randomuser.me/api/portraits/med/men/8.jpg', 'thumbnail': 'https://randomuser.me/api/portraits/thumb/men/8.jpg'}, 'nat': 'FR'}</msg>
<arg>${json_data['results'][0]}</arg>
<doc>Logs the given message with the given level.</doc>
<status status="PASS" start="2024-05-19T04:17:36.623597" elapsed="0.000410"/>
</kw>
<kw name="Log" owner="BuiltIn">
<msg time="2024-05-19T04:17:36.624436" level="INFO">gender</msg>
<arg>${key}</arg>
<doc>Logs the given message with the given level.</doc>
<status status="PASS" start="2024-05-19T04:17:36.624311" elapsed="0.000162"/>
</kw>
<var name="${key}">gender</var>
<status status="PASS" start="2024-05-19T04:17:36.622722" elapsed="0.001963"/>
</iter>
<iter>
<kw name="Dictionary Should Contain Key" owner="Collections">
<msg time="2024-05-19T04:17:36.625404" level="INFO">False</msg>
<arg>${json_data['results'][0]}</arg>
<arg>${key}</arg>
<doc>Fails if ``key`` is not found from ``dictionary``.</doc>
<status status="PASS" start="2024-05-19T04:17:36.624986" elapsed="0.000490"/>
</kw>
<kw name="Log" owner="BuiltIn">
<msg time="2024-05-19T04:17:36.626133" level="INFO">{'gender': 'male', 'name': {'title': 'Mr', 'first': 'Ilyès', 'last': 'Bertrand'}, 'location': {'street': {'number': 5258, 'name': 'Rue du Bon-Pasteur'}, 'city': 'Aubervilliers', 'state': 'Pyrénées-Atlantiques', 'country': 'France', 'postcode': 99120, 'coordinates': {'latitude': '-16.4321', 'longitude': '-64.4758'}, 'timezone': {'offset': '0:00', 'description': 'Western Europe Time, London, Lisbon, Casablanca'}}, 'email': 'ilyes.bertrand@example.com', 'login': {'uuid': '5078c1cf-eb1e-43a2-87b9-68811421654d', 'username': 'silverlion472', 'password': 'jaguar', 'salt': '6Uh6nQiV', 'md5': 'a850b34a3b26d29c33ac5b62d0ad78c9', 'sha1': '1f15dadf7b501f2c53cbcb84c108f26f083a13fb', 'sha256': '6d93d67857bf6ebbf69f3bdfe95c9c07146ff5d89141fde1d73adbcddab3b5bd'}, 'dob': {'date': '1973-01-27T01:04:41.499Z', 'age': 51}, 'registered': {'date': '2012-12-29T21:51:04.125Z', 'age': 11}, 'phone': '01-21-04-32-84', 'cell': '06-18-87-90-56', 'id': {'name': 'INSEE', 'value': '1730010877733 03'}, 'picture': {'large': 'https://randomuser.me/api/portraits/men/8.jpg', 'medium': 'https://randomuser.me/api/portraits/med/men/8.jpg', 'thumbnail': 'https://randomuser.me/api/portraits/thumb/men/8.jpg'}, 'nat': 'FR'}</msg>
<arg>${json_data['results'][0]}</arg>
<doc>Logs the given message with the given level.</doc>
<status status="PASS" start="2024-05-19T04:17:36.625777" elapsed="0.000406"/>
</kw>
<kw name="Log" owner="BuiltIn">
<msg time="2024-05-19T04:17:36.626606" level="INFO">name</msg>
<arg>${key}</arg>
<doc>Logs the given message with the given level.</doc>
<status status="PASS" start="2024-05-19T04:17:36.626480" elapsed="0.000164"/>
</kw>
<var name="${key}">name</var>
<status status="PASS" start="2024-05-19T04:17:36.624871" elapsed="0.001995"/>
</iter>
<iter>
<kw name="Dictionary Should Contain Key" owner="Collections">
<msg time="2024-05-19T04:17:36.627539" level="INFO">False</msg>
<arg>${json_data['results'][0]}</arg>
<arg>${key}</arg>
<doc>Fails if ``key`` is not found from ``dictionary``.</doc>
<status status="PASS" start="2024-05-19T04:17:36.627157" elapsed="0.000419"/>
</kw>
<kw name="Log" owner="BuiltIn">
<msg time="2024-05-19T04:17:36.628234" level="INFO">{'gender': 'male', 'name': {'title': 'Mr', 'first': 'Ilyès', 'last': 'Bertrand'}, 'location': {'street': {'number': 5258, 'name': 'Rue du Bon-Pasteur'}, 'city': 'Aubervilliers', 'state': 'Pyrénées-Atlantiques', 'country': 'France', 'postcode': 99120, 'coordinates': {'latitude': '-16.4321', 'longitude': '-64.4758'}, 'timezone': {'offset': '0:00', 'description': 'Western Europe Time, London, Lisbon, Casablanca'}}, 'email': 'ilyes.bertrand@example.com', 'login': {'uuid': '5078c1cf-eb1e-43a2-87b9-68811421654d', 'username': 'silverlion472', 'password': 'jaguar', 'salt': '6Uh6nQiV', 'md5': 'a850b34a3b26d29c33ac5b62d0ad78c9', 'sha1': '1f15dadf7b501f2c53cbcb84c108f26f083a13fb', 'sha256': '6d93d67857bf6ebbf69f3bdfe95c9c07146ff5d89141fde1d73adbcddab3b5bd'}, 'dob': {'date': '1973-01-27T01:04:41.499Z', 'age': 51}, 'registered': {'date': '2012-12-29T21:51:04.125Z', 'age': 11}, 'phone': '01-21-04-32-84', 'cell': '06-18-87-90-56', 'id': {'name': 'INSEE', 'value': '1730010877733 03'}, 'picture': {'large': 'https://randomuser.me/api/portraits/men/8.jpg', 'medium': 'https://randomuser.me/api/portraits/med/men/8.jpg', 'thumbnail': 'https://randomuser.me/api/portraits/thumb/men/8.jpg'}, 'nat': 'FR'}</msg>
<arg>${json_data['results'][0]}</arg>
<doc>Logs the given message with the given level.</doc>
<status status="PASS" start="2024-05-19T04:17:36.627873" elapsed="0.000410"/>
</kw>
<kw name="Log" owner="BuiltIn">
<msg time="2024-05-19T04:17:36.628712" level="INFO">location</msg>
<arg>${key}</arg>
<doc>Logs the given message with the given level.</doc>
<status status="PASS" start="2024-05-19T04:17:36.628589" elapsed="0.000161"/>
</kw>
<var name="${key}">location</var>
<status status="PASS" start="2024-05-19T04:17:36.627043" elapsed="0.001924"/>
</iter>
<iter>
<kw name="Dictionary Should Contain Key" owner="Collections">
<msg time="2024-05-19T04:17:36.629667" level="INFO">False</msg>
<arg>${json_data['results'][0]}</arg>
<arg>${key}</arg>
<doc>Fails if ``key`` is not found from ``dictionary``.</doc>
<status status="PASS" start="2024-05-19T04:17:36.629288" elapsed="0.000417"/>
</kw>
<kw name="Log" owner="BuiltIn">
<msg time="2024-05-19T04:17:36.630357" level="INFO">{'gender': 'male', 'name': {'title': 'Mr', 'first': 'Ilyès', 'last': 'Bertrand'}, 'location': {'street': {'number': 5258, 'name': 'Rue du Bon-Pasteur'}, 'city': 'Aubervilliers', 'state': 'Pyrénées-Atlantiques', 'country': 'France', 'postcode': 99120, 'coordinates': {'latitude': '-16.4321', 'longitude': '-64.4758'}, 'timezone': {'offset': '0:00', 'description': 'Western Europe Time, London, Lisbon, Casablanca'}}, 'email': 'ilyes.bertrand@example.com', 'login': {'uuid': '5078c1cf-eb1e-43a2-87b9-68811421654d', 'username': 'silverlion472', 'password': 'jaguar', 'salt': '6Uh6nQiV', 'md5': 'a850b34a3b26d29c33ac5b62d0ad78c9', 'sha1': '1f15dadf7b501f2c53cbcb84c108f26f083a13fb', 'sha256': '6d93d67857bf6ebbf69f3bdfe95c9c07146ff5d89141fde1d73adbcddab3b5bd'}, 'dob': {'date': '1973-01-27T01:04:41.499Z', 'age': 51}, 'registered': {'date': '2012-12-29T21:51:04.125Z', 'age': 11}, 'phone': '01-21-04-32-84', 'cell': '06-18-87-90-56', 'id': {'name': 'INSEE', 'value': '1730010877733 03'}, 'picture': {'large': 'https://randomuser.me/api/portraits/men/8.jpg', 'medium': 'https://randomuser.me/api/portraits/med/men/8.jpg', 'thumbnail': 'https://randomuser.me/api/portraits/thumb/men/8.jpg'}, 'nat': 'FR'}</msg>
<arg>${json_data['results'][0]}</arg>
<doc>Logs the given message with the given level.</doc>
<status status="PASS" start="2024-05-19T04:17:36.630003" elapsed="0.000404"/>
</kw>
<kw name="Log" owner="BuiltIn">
<msg time="2024-05-19T04:17:36.630829" level="INFO">email</msg>
<arg>${key}</arg>
<doc>Logs the given message with the given level.</doc>
<status status="PASS" start="2024-05-19T04:17:36.630703" elapsed="0.000163"/>
</kw>
<var name="${key}">email</var>
<status status="PASS" start="2024-05-19T04:17:36.629174" elapsed="0.001912"/>
</iter>
<iter>
<kw name="Dictionary Should Contain Key" owner="Collections">
<msg time="2024-05-19T04:17:36.631751" level="INFO">False</msg>
<arg>${json_data['results'][0]}</arg>
<arg>${key}</arg>
<doc>Fails if ``key`` is not found from ``dictionary``.</doc>
<status status="PASS" start="2024-05-19T04:17:36.631370" elapsed="0.000419"/>
</kw>
<kw name="Log" owner="BuiltIn">
<msg time="2024-05-19T04:17:36.632454" level="INFO">{'gender': 'male', 'name': {'title': 'Mr', 'first': 'Ilyès', 'last': 'Bertrand'}, 'location': {'street': {'number': 5258, 'name': 'Rue du Bon-Pasteur'}, 'city': 'Aubervilliers', 'state': 'Pyrénées-Atlantiques', 'country': 'France', 'postcode': 99120, 'coordinates': {'latitude': '-16.4321', 'longitude': '-64.4758'}, 'timezone': {'offset': '0:00', 'description': 'Western Europe Time, London, Lisbon, Casablanca'}}, 'email': 'ilyes.bertrand@example.com', 'login': {'uuid': '5078c1cf-eb1e-43a2-87b9-68811421654d', 'username': 'silverlion472', 'password': 'jaguar', 'salt': '6Uh6nQiV', 'md5': 'a850b34a3b26d29c33ac5b62d0ad78c9', 'sha1': '1f15dadf7b501f2c53cbcb84c108f26f083a13fb', 'sha256': '6d93d67857bf6ebbf69f3bdfe95c9c07146ff5d89141fde1d73adbcddab3b5bd'}, 'dob': {'date': '1973-01-27T01:04:41.499Z', 'age': 51}, 'registered': {'date': '2012-12-29T21:51:04.125Z', 'age': 11}, 'phone': '01-21-04-32-84', 'cell': '06-18-87-90-56', 'id': {'name': 'INSEE', 'value': '1730010877733 03'}, 'picture': {'large': 'https://randomuser.me/api/portraits/men/8.jpg', 'medium': 'https://randomuser.me/api/portraits/med/men/8.jpg', 'thumbnail': 'https://randomuser.me/api/portraits/thumb/men/8.jpg'}, 'nat': 'FR'}</msg>
<arg>${json_data['results'][0]}</arg>
<doc>Logs the given message with the given level.</doc>
<status status="PASS" start="2024-05-19T04:17:36.632089" elapsed="0.000425"/>
</kw>
<kw name="Log" owner="BuiltIn">
<msg time="2024-05-19T04:17:36.632963" level="INFO">login</msg>
<arg>${key}</arg>
<doc>Logs the given message with the given level.</doc>
<status status="PASS" start="2024-05-19T04:17:36.632834" elapsed="0.000167"/>
</kw>
<var name="${key}">login</var>
<status status="PASS" start="2024-05-19T04:17:36.631259" elapsed="0.002000"/>
</iter>
<var>${key}</var>
<value>@{expected_keys}</value>
<status status="PASS" start="2024-05-19T04:17:36.622527" elapsed="0.010866"/>
</for>
<kw name="Create List" owner="BuiltIn">
<msg time="2024-05-19T04:17:36.633722" level="INFO">${expected_keysTwo} = ['username', 'password']</msg>
<var>${expected_keysTwo}</var>
<arg>username</arg>
<arg>password</arg>
<doc>Returns a list containing given items.</doc>
<status status="PASS" start="2024-05-19T04:17:36.633585" elapsed="0.000160"/>
</kw>
<for flavor="IN">
<iter>
<kw name="Dictionary Should Contain Key" owner="Collections">
<msg time="2024-05-19T04:17:36.634635" level="INFO">False</msg>
<arg>${json_data['results'][0]['login']}</arg>
<arg>${keyTwo}</arg>
<doc>Fails if ``key`` is not found from ``dictionary``.</doc>
<status status="PASS" start="2024-05-19T04:17:36.634241" elapsed="0.000431"/>
</kw>
<kw name="Dictionary Should Contain Key" owner="Collections">
<msg time="2024-05-19T04:17:36.635357" level="INFO">False</msg>
<arg>${json_data['results'][0]['login']}</arg>
<arg>${keyTwo}</arg>
<doc>Fails if ``key`` is not found from ``dictionary``.</doc>
<status status="PASS" start="2024-05-19T04:17:36.634975" elapsed="0.000419"/>
</kw>
<kw name="Log" owner="BuiltIn">
<msg time="2024-05-19T04:17:36.635808" level="INFO">username</msg>
<arg>${keyTwo}</arg>
<doc>Logs the given message with the given level.</doc>
<status status="PASS" start="2024-05-19T04:17:36.635684" elapsed="0.000166"/>
</kw>
<var name="${keyTwo}">username</var>
<status status="PASS" start="2024-05-19T04:17:36.634131" elapsed="0.001934"/>
</iter>
<iter>
<kw name="Dictionary Should Contain Key" owner="Collections">
<msg time="2024-05-19T04:17:36.636802" level="INFO">False</msg>
<arg>${json_data['results'][0]['login']}</arg>
<arg>${keyTwo}</arg>
<doc>Fails if ``key`` is not found from ``dictionary``.</doc>
<status status="PASS" start="2024-05-19T04:17:36.636345" elapsed="0.000496"/>
</kw>
<kw name="Dictionary Should Contain Key" owner="Collections">
<msg time="2024-05-19T04:17:36.637549" level="INFO">False</msg>
<arg>${json_data['results'][0]['login']}</arg>
<arg>${keyTwo}</arg>
<doc>Fails if ``key`` is not found from ``dictionary``.</doc>
<status status="PASS" start="2024-05-19T04:17:36.637161" elapsed="0.000425"/>
</kw>
<kw name="Log" owner="BuiltIn">
<msg time="2024-05-19T04:17:36.638003" level="INFO">password</msg>
<arg>${keyTwo}</arg>
<doc>Logs the given message with the given level.</doc>
<status status="PASS" start="2024-05-19T04:17:36.637878" elapsed="0.000161"/>
</kw>
<var name="${keyTwo}">password</var>
<status status="PASS" start="2024-05-19T04:17:36.636233" elapsed="0.002021"/>
</iter>
<var>${keyTwo}</var>
<value>@{expected_keysTwo}</value>
<status status="PASS" start="2024-05-19T04:17:36.633980" elapsed="0.004400"/>
</for>
<status status="PASS" start="2024-05-19T04:17:36.522428" elapsed="0.116091"/>
</kw>
<doc>Testa a estrutura da resposta da API.</doc>
<tag>testeEstruturaResposta</tag>
<status status="PASS" start="2024-05-19T04:17:36.521927" elapsed="0.116746"/>
</test>
<test id="s1-s1-t4" name="Validar tipos de dados" line="28">
<kw name="Teste de Tipos de Dados" owner="random-user-service">
<kw name="GET On Session" owner="RequestsLibrary">
<msg time="2024-05-19T04:17:36.717161" level="INFO">GET Request : url=https://randomuser.me/api 
 path_url=/api 
 headers={'User-Agent': 'python-requests/2.31.0', 'Accept-Encoding': 'gzip, deflate', 'Accept': '*/*', 'Connection': 'keep-alive'} 
 body=None 
 </msg>
<msg time="2024-05-19T04:17:36.717277" level="INFO">GET Response : url=https://randomuser.me/api 
 status=200, reason=OK 
 headers={'Date': 'Sun, 19 May 2024 04:17:36 GMT', 'Content-Type': 'application/json; charset=utf-8', 'Transfer-Encoding': 'chunked', 'Connection': 'keep-alive', 'X-Powered-By': 'Express', 'Access-Control-Allow-Origin': '*', 'Cache-Control': 'no-cache', 'ETag': 'W/"486-LVQOTarzx++MIlJ4vZhQXudgHgA"', 'Vary': 'Accept-Encoding', 'Content-Encoding': 'gzip', 'CF-Cache-Status': 'DYNAMIC', 'Report-To': '{"endpoints":[{"url":"https:\\/\\/a.nel.cloudflare.com\\/report\\/v4?s=q0tQx7tDet9qYTcRcSL%2BKbOgtxJcmo0HiZlzzh7dsvbR6jqlzKGaBiSy7ClnbuxN1NlhaoRpZASZQ7gDvbffNN6pphsKSOfEUeMDTZJqCTGRXT6HKBPWjBX%2FipnG688B"}],"group":"cf-nel","max_age":604800}', 'NEL': '{"success_fraction":0,"report_to":"cf-nel","max_age":604800}', 'Server': 'cloudflare', 'CF-RAY': '8861473c0f6e3886-IAD', 'alt-svc': 'h3=":443"; ma=86400'} 
 body={"results":[{"gender":"female","name":{"title":"Ms","first":"Rosa","last":"Hansen"},"location":{"street":{"number":5265,"name":"Kanalvej"},"city":"Gjern","state":"Nordjylland","country":"Denmark","postcode":18856,"coordinates":{"latitude":"-45.8664","longitude":"14.9627"},"timezone":{"offset":"+9:00","description":"Tokyo, Seoul, Osaka, Sapporo, Yakutsk"}},"email":"rosa.hansen@example.com","login":{"uuid":"c2ae8638-1bcb-467c-88fa-00adf9cafeb9","username":"purplebear137","password":"zaq12wsx","salt":"RYRyDXbF","md5":"457cde8a0a37a68618a34b8b8242e063","sha1":"a6d4660ddee78a738d0970ed371a59f09babc889","sha256":"b17f6a96a8eb2828e12c5bdfb8d184b3376b3419350270de4d4c9cfda6297656"},"dob":{"date":"1983-04-01T18:39:39.382Z","age":41},"registered":{"date":"2018-10-23T21:20:01.930Z","age":5},"phone":"68699769","cell":"53126822","id":{"name":"CPR","value":"010483-4477"},"picture":{"large":"https://randomuser.me/api/portraits/women/95.jpg","medium":"https://randomuser.me/api/portraits/med/women/95.jpg","thumbnail":"https://randomuser.me/api/portraits/thumb/women/95.jpg"},"nat":"DK"}],"info":{"seed":"abfaed171a9e4419","results":1,"page":1,"version":"1.4"}} 
 </msg>
<msg time="2024-05-19T04:17:36.717377" level="INFO">/opt/hostedtoolcache/Python/3.12.3/x64/lib/python3.12/site-packages/urllib3/connectionpool.py:1103: InsecureRequestWarning: Unverified HTTPS request is being made to host 'randomuser.me'. Adding certificate verification is strongly advised. See: https://urllib3.readthedocs.io/en/latest/advanced-usage.html#tls-warnings
  warnings.warn(</msg>
<msg time="2024-05-19T04:17:36.717519" level="INFO">${response} = &lt;Response [200]&gt;</msg>
<var>${response}</var>
<arg>consultarAPI</arg>
<arg>/api</arg>
<doc>Sends a GET request on a previously created HTTP Session.</doc>
<status status="PASS" start="2024-05-19T04:17:36.641128" elapsed="0.076435"/>
</kw>
<kw name="Set Variable" owner="BuiltIn">
<msg time="2024-05-19T04:17:36.718780" level="INFO">${json_data} = {'results': [{'gender': 'female', 'name': {'title': 'Ms', 'first': 'Rosa', 'last': 'Hansen'}, 'location': {'street': {'number': 5265, 'name': 'Kanalvej'}, 'city': 'Gjern', 'state': 'Nordjylland', 'cou...</msg>
<var>${json_data}</var>
<arg>${response.json()}</arg>
<doc>Returns the given values which can then be assigned to a variables.</doc>
<status status="PASS" start="2024-05-19T04:17:36.718081" elapsed="0.000741"/>
</kw>
<kw name="Log" owner="BuiltIn">
<msg time="2024-05-19T04:17:36.719458" level="INFO">{'results': [{'gender': 'female', 'name': {'title': 'Ms', 'first': 'Rosa', 'last': 'Hansen'}, 'location': {'street': {'number': 5265, 'name': 'Kanalvej'}, 'city': 'Gjern', 'state': 'Nordjylland', 'country': 'Denmark', 'postcode': 18856, 'coordinates': {'latitude': '-45.8664', 'longitude': '14.9627'}, 'timezone': {'offset': '+9:00', 'description': 'Tokyo, Seoul, Osaka, Sapporo, Yakutsk'}}, 'email': 'rosa.hansen@example.com', 'login': {'uuid': 'c2ae8638-1bcb-467c-88fa-00adf9cafeb9', 'username': 'purplebear137', 'password': 'zaq12wsx', 'salt': 'RYRyDXbF', 'md5': '457cde8a0a37a68618a34b8b8242e063', 'sha1': 'a6d4660ddee78a738d0970ed371a59f09babc889', 'sha256': 'b17f6a96a8eb2828e12c5bdfb8d184b3376b3419350270de4d4c9cfda6297656'}, 'dob': {'date': '1983-04-01T18:39:39.382Z', 'age': 41}, 'registered': {'date': '2018-10-23T21:20:01.930Z', 'age': 5}, 'phone': '68699769', 'cell': '53126822', 'id': {'name': 'CPR', 'value': '010483-4477'}, 'picture': {'large': 'https://randomuser.me/api/portraits/women/95.jpg', 'medium': 'https://randomuser.me/api/portraits/med/women/95.jpg', 'thumbnail': 'https://randomuser.me/api/portraits/thumb/women/95.jpg'}, 'nat': 'DK'}], 'info': {'seed': 'abfaed171a9e4419', 'results': 1, 'page': 1, 'version': '1.4'}}</msg>
<arg>${json_data}</arg>
<doc>Logs the given message with the given level.</doc>
<status status="PASS" start="2024-05-19T04:17:36.719235" elapsed="0.000341"/>
</kw>
<kw name="Should Be String" owner="String">
<arg>${json_data['results'][0]['gender']}</arg>
<doc>Fails if the given ``item`` is not a string.</doc>
<status status="PASS" start="2024-05-19T04:17:36.720012" elapsed="0.000540"/>
</kw>
<kw name="Should Match Regexp" owner="BuiltIn">
<arg>${json_data['results'][0]['email']}</arg>
<arg>^[a-zA-Z0-9._%+-]+@[a-zA-Z0-9.-]+\.[a-zA-Z]{2,}$</arg>
<doc>Fails if ``string`` does not match ``pattern`` as a regular expression.</doc>
<status status="PASS" start="2024-05-19T04:17:36.720846" elapsed="0.000779"/>
</kw>
<kw name="Should Match Regexp" owner="BuiltIn">
<arg>${json_data['results'][0]['dob']['date']}</arg>
<arg>\\d{4}-\\d{2}-\\d{2}T\\d{2}:\\d{2}:\\d{2}\\.\\d{3}Z</arg>
<doc>Fails if ``string`` does not match ``pattern`` as a regular expression.</doc>
<status status="PASS" start="2024-05-19T04:17:36.721931" elapsed="0.000763"/>
</kw>
<kw name="Should Match Regexp" owner="BuiltIn">
<arg>${json_data['results'][0]['registered']['date']}</arg>
<arg>\\d{4}-\\d{2}-\\d{2}T\\d{2}:\\d{2}:\\d{2}\\.\\d{3}Z</arg>
<doc>Fails if ``string`` does not match ``pattern`` as a regular expression.</doc>
<status status="PASS" start="2024-05-19T04:17:36.722997" elapsed="0.000645"/>
</kw>
<kw name="Should Match Regexp" owner="BuiltIn">
<arg>${json_data['results'][0]['picture']['large']}</arg>
<arg>^https?://.*\.(?:png|jpe?g|gif|bmp)$</arg>
<doc>Fails if ``string`` does not match ``pattern`` as a regular expression.</doc>
<status status="PASS" start="2024-05-19T04:17:36.723985" elapsed="0.000820"/>
</kw>
<kw name="Should Match Regexp" owner="BuiltIn">
<arg>${json_data['results'][0]['picture']['medium']}</arg>
<arg>^https?://.*\.(?:png|jpe?g|gif|bmp)$</arg>
<doc>Fails if ``string`` does not match ``pattern`` as a regular expression.</doc>
<status status="PASS" start="2024-05-19T04:17:36.725174" elapsed="0.000644"/>
</kw>
<kw name="Should Match Regexp" owner="BuiltIn">
<arg>${json_data['results'][0]['picture']['thumbnail']}</arg>
<arg>^https?://.*\.(?:png|jpe?g|gif|bmp)$</arg>
<doc>Fails if ``string`` does not match ``pattern`` as a regular expression.</doc>
<status status="PASS" start="2024-05-19T04:17:36.726169" elapsed="0.000643"/>
</kw>
<kw name="Log" owner="BuiltIn">
<msg time="2024-05-19T04:17:36.727685" level="INFO">{'large': 'https://randomuser.me/api/portraits/women/95.jpg', 'medium': 'https://randomuser.me/api/portraits/med/women/95.jpg', 'thumbnail': 'https://randomuser.me/api/portraits/thumb/women/95.jpg'}</msg>
<arg>${json_data['results'][0]['picture']}</arg>
<doc>Logs the given message with the given level.</doc>
<status status="PASS" start="2024-05-19T04:17:36.727145" elapsed="0.000610"/>
</kw>
<status status="PASS" start="2024-05-19T04:17:36.640867" elapsed="0.087278"/>
</kw>
<kw name="Teste de Tipos de Dados - Postcode" owner="random-user-service">
<kw name="GET On Session" owner="RequestsLibrary">
<msg time="2024-05-19T04:17:36.820951" level="INFO">GET Request : url=https://randomuser.me/api 
 path_url=/api 
 headers={'User-Agent': 'python-requests/2.31.0', 'Accept-Encoding': 'gzip, deflate', 'Accept': '*/*', 'Connection': 'keep-alive'} 
 body=None 
 </msg>
<msg time="2024-05-19T04:17:36.821034" level="INFO">GET Response : url=https://randomuser.me/api 
 status=200, reason=OK 
 headers={'Date': 'Sun, 19 May 2024 04:17:36 GMT', 'Content-Type': 'application/json; charset=utf-8', 'Transfer-Encoding': 'chunked', 'Connection': 'keep-alive', 'X-Powered-By': 'Express', 'Access-Control-Allow-Origin': '*', 'Cache-Control': 'no-cache', 'ETag': 'W/"488-opeXgcgk2ScemljinWBhnZJWAKo"', 'Vary': 'Accept-Encoding', 'Content-Encoding': 'gzip', 'CF-Cache-Status': 'DYNAMIC', 'Report-To': '{"endpoints":[{"url":"https:\\/\\/a.nel.cloudflare.com\\/report\\/v4?s=4je2lpUiL5CnFaxCAxCqLeVGA4Aou5PP3wUFXDrBNWouUPXT2xIcnu6Qh3FCTpqq0AHi2SbaDxT0PuPhV%2FCvwN2amN3emuex4V1OtThVc8B4NNwEQuAn3EDxo3H7QDqW"}],"group":"cf-nel","max_age":604800}', 'NEL': '{"success_fraction":0,"report_to":"cf-nel","max_age":604800}', 'Server': 'cloudflare', 'CF-RAY': '8861473c8ff23886-IAD', 'alt-svc': 'h3=":443"; ma=86400'} 
 body={"results":[{"gender":"male","name":{"title":"Mr","first":"Alexander","last":"Foldnes"},"location":{"street":{"number":5924,"name":"Haugerudveien"},"city":"Norderhaug","state":"Akershus","country":"Norway","postcode":"2690","coordinates":{"latitude":"40.1052","longitude":"-80.3592"},"timezone":{"offset":"-7:00","description":"Mountain Time (US &amp; Canada)"}},"email":"alexander.foldnes@example.com","login":{"uuid":"0339590f-02a7-4f56-9bf4-5103100fb457","username":"whiteelephant389","password":"review","salt":"alND7wAM","md5":"b08befb021a4b47534c208cc09c4d31f","sha1":"9bef38b1b8e1f7b8e8f88d51b938303fcef34a31","sha256":"34c7159ec38e10e85d972e4234b11dcb9b4a5d22971ab0288a7d1f528ed8bab2"},"dob":{"date":"1951-02-05T10:20:19.353Z","age":73},"registered":{"date":"2003-05-05T07:35:30.462Z","age":21},"phone":"20096234","cell":"93165547","id":{"name":"FN","value":"05025106565"},"picture":{"large":"https://randomuser.me/api/portraits/men/22.jpg","medium":"https://randomuser.me/api/portraits/med/men/22.jpg","thumbnail":"https://randomuser.me/api/portraits/thumb/men/22.jpg"},"nat":"NO"}],"info":{"seed":"5755f0538654cd93","results":1,"page":1,"version":"1.4"}} 
 </msg>
<msg time="2024-05-19T04:17:36.821122" level="INFO">/opt/hostedtoolcache/Python/3.12.3/x64/lib/python3.12/site-packages/urllib3/connectionpool.py:1103: InsecureRequestWarning: Unverified HTTPS request is being made to host 'randomuser.me'. Adding certificate verification is strongly advised. See: https://urllib3.readthedocs.io/en/latest/advanced-usage.html#tls-warnings
  warnings.warn(</msg>
<msg time="2024-05-19T04:17:36.821232" level="INFO">${response} = &lt;Response [200]&gt;</msg>
<var>${response}</var>
<arg>consultarAPI</arg>
<arg>/api</arg>
<doc>Sends a GET request on a previously created HTTP Session.</doc>
<status status="PASS" start="2024-05-19T04:17:36.728753" elapsed="0.092518"/>
</kw>
<kw name="Set Variable" owner="BuiltIn">
<msg time="2024-05-19T04:17:36.822205" level="INFO">${json_data} = {'results': [{'gender': 'male', 'name': {'title': 'Mr', 'first': 'Alexander', 'last': 'Foldnes'}, 'location': {'street': {'number': 5924, 'name': 'Haugerudveien'}, 'city': 'Norderhaug', 'state': 'Aker...</msg>
<var>${json_data}</var>
<arg>${response.json()}</arg>
<doc>Returns the given values which can then be assigned to a variables.</doc>
<status status="PASS" start="2024-05-19T04:17:36.821717" elapsed="0.000519"/>
</kw>
<kw name="Log" owner="BuiltIn">
<msg time="2024-05-19T04:17:36.822713" level="INFO">{'results': [{'gender': 'male', 'name': {'title': 'Mr', 'first': 'Alexander', 'last': 'Foldnes'}, 'location': {'street': {'number': 5924, 'name': 'Haugerudveien'}, 'city': 'Norderhaug', 'state': 'Akershus', 'country': 'Norway', 'postcode': '2690', 'coordinates': {'latitude': '40.1052', 'longitude': '-80.3592'}, 'timezone': {'offset': '-7:00', 'description': 'Mountain Time (US &amp; Canada)'}}, 'email': 'alexander.foldnes@example.com', 'login': {'uuid': '0339590f-02a7-4f56-9bf4-5103100fb457', 'username': 'whiteelephant389', 'password': 'review', 'salt': 'alND7wAM', 'md5': 'b08befb021a4b47534c208cc09c4d31f', 'sha1': '9bef38b1b8e1f7b8e8f88d51b938303fcef34a31', 'sha256': '34c7159ec38e10e85d972e4234b11dcb9b4a5d22971ab0288a7d1f528ed8bab2'}, 'dob': {'date': '1951-02-05T10:20:19.353Z', 'age': 73}, 'registered': {'date': '2003-05-05T07:35:30.462Z', 'age': 21}, 'phone': '20096234', 'cell': '93165547', 'id': {'name': 'FN', 'value': '05025106565'}, 'picture': {'large': 'https://randomuser.me/api/portraits/men/22.jpg', 'medium': 'https://randomuser.me/api/portraits/med/men/22.jpg', 'thumbnail': 'https://randomuser.me/api/portraits/thumb/men/22.jpg'}, 'nat': 'NO'}], 'info': {'seed': '5755f0538654cd93', 'results': 1, 'page': 1, 'version': '1.4'}}</msg>
<arg>${json_data}</arg>
<doc>Logs the given message with the given level.</doc>
<status status="PASS" start="2024-05-19T04:17:36.822555" elapsed="0.000239"/>
</kw>
<kw name="Should Be Equal As Numbers" owner="BuiltIn">
<arg>${json_data['results'][0]['location']['postcode']}</arg>
<arg>${json_data['results'][0]['location']['postcode']}</arg>
<doc>Fails if objects are unequal after converting them to real numbers.</doc>
<status status="PASS" start="2024-05-19T04:17:36.823329" elapsed="0.000634"/>
</kw>
<kw name="Log" owner="BuiltIn">
<msg time="2024-05-19T04:17:36.824510" level="INFO">2690</msg>
<arg>${json_data['results'][0]['location']['postcode']}</arg>
<doc>Logs the given message with the given level.</doc>
<status status="PASS" start="2024-05-19T04:17:36.824169" elapsed="0.000383"/>
</kw>
<status status="PASS" start="2024-05-19T04:17:36.728446" elapsed="0.096363"/>
</kw>
<doc>Testa se os tipos de dados na resposta da API estão corretos.</doc>
<tag>testeTiposDados</tag>
<status status="PASS" start="2024-05-19T04:17:36.640427" elapsed="0.184553"/>
</test>
<test id="s1-s1-t5" name="Validar conteudo" line="35">
<kw name="Teste de Tipos de Conteudo" owner="random-user-service">
<kw name="GET On Session" owner="RequestsLibrary">
<msg time="2024-05-19T04:17:36.916681" level="INFO">GET Request : url=https://randomuser.me/api 
 path_url=/api 
 headers={'User-Agent': 'python-requests/2.31.0', 'Accept-Encoding': 'gzip, deflate', 'Accept': '*/*', 'Connection': 'keep-alive'} 
 body=None 
 </msg>
<msg time="2024-05-19T04:17:36.916764" level="INFO">GET Response : url=https://randomuser.me/api 
 status=200, reason=OK 
 headers={'Date': 'Sun, 19 May 2024 04:17:36 GMT', 'Content-Type': 'application/json; charset=utf-8', 'Transfer-Encoding': 'chunked', 'Connection': 'keep-alive', 'X-Powered-By': 'Express', 'Access-Control-Allow-Origin': '*', 'Cache-Control': 'no-cache', 'ETag': 'W/"47c-kDI66ZK2Hh9eDXstAxlRAb8Mu70"', 'Vary': 'Accept-Encoding', 'Content-Encoding': 'gzip', 'CF-Cache-Status': 'DYNAMIC', 'Report-To': '{"endpoints":[{"url":"https:\\/\\/a.nel.cloudflare.com\\/report\\/v4?s=KrAc1MyX5ZZxjlMtR2Qjpjet6o%2BTmhWgT6q8JjzqgYxyPkqGf6sjjqNlONl7IQ%2Fkp4LSBY1JHIkHObrtwfoxeuWMhgyvYZhdaDCSdJXGQQLQexJpev0NVNmo6BWt4yxc"}],"group":"cf-nel","max_age":604800}', 'NEL': '{"success_fraction":0,"report_to":"cf-nel","max_age":604800}', 'Server': 'cloudflare', 'CF-RAY': '8861473d287f3886-IAD', 'alt-svc': 'h3=":443"; ma=86400'} 
 body={"results":[{"gender":"male","name":{"title":"Mr","first":"Kostyantin","last":"Kormosh"},"location":{"street":{"number":174,"name":"Richna"},"city":"Odesa","state":"Chernivecka","country":"Ukraine","postcode":30179,"coordinates":{"latitude":"79.0889","longitude":"-167.4454"},"timezone":{"offset":"+2:00","description":"Kaliningrad, South Africa"}},"email":"kostyantin.kormosh@example.com","login":{"uuid":"7680caf3-02b7-454a-8d8e-20abc348d14d","username":"orangeswan214","password":"spidey","salt":"diTBvrOa","md5":"749ab966975d62f8a3becb2cf634529a","sha1":"3608a78ff8c8e088809e0bb4635ec13b294cc863","sha256":"f98de20dd402ca6a4f674bfcb8628a21ebb37c36146e72c247cd646269502b40"},"dob":{"date":"1946-04-13T12:27:00.627Z","age":78},"registered":{"date":"2015-04-14T13:52:46.157Z","age":9},"phone":"(098) F35-8028","cell":"(098) E75-9101","id":{"name":"","value":null},"picture":{"large":"https://randomuser.me/api/portraits/men/70.jpg","medium":"https://randomuser.me/api/portraits/med/men/70.jpg","thumbnail":"https://randomuser.me/api/portraits/thumb/men/70.jpg"},"nat":"UA"}],"info":{"seed":"f12cc0f75e2b23dd","results":1,"page":1,"version":"1.4"}} 
 </msg>
<msg time="2024-05-19T04:17:36.916834" level="INFO">/opt/hostedtoolcache/Python/3.12.3/x64/lib/python3.12/site-packages/urllib3/connectionpool.py:1103: InsecureRequestWarning: Unverified HTTPS request is being made to host 'randomuser.me'. Adding certificate verification is strongly advised. See: https://urllib3.readthedocs.io/en/latest/advanced-usage.html#tls-warnings
  warnings.warn(</msg>
<msg time="2024-05-19T04:17:36.916943" level="INFO">${response} = &lt;Response [200]&gt;</msg>
<var>${response}</var>
<arg>consultarAPI</arg>
<arg>/api</arg>
<doc>Sends a GET request on a previously created HTTP Session.</doc>
<status status="PASS" start="2024-05-19T04:17:36.827847" elapsed="0.089142"/>
</kw>
<kw name="Set Variable" owner="BuiltIn">
<msg time="2024-05-19T04:17:36.917878" level="INFO">${json_data} = {'results': [{'gender': 'male', 'name': {'title': 'Mr', 'first': 'Kostyantin', 'last': 'Kormosh'}, 'location': {'street': {'number': 174, 'name': 'Richna'}, 'city': 'Odesa', 'state': 'Chernivecka', 'c...</msg>
<var>${json_data}</var>
<arg>${response.json()}</arg>
<doc>Returns the given values which can then be assigned to a variables.</doc>
<status status="PASS" start="2024-05-19T04:17:36.917420" elapsed="0.000489"/>
</kw>
<kw name="Set Variable" owner="BuiltIn">
<msg time="2024-05-19T04:17:36.918615" level="INFO">${name_title} = Mr</msg>
<var>${name_title}</var>
<arg>${json_data["results"][0]["name"]["title"]}</arg>
<doc>Returns the given values which can then be assigned to a variables.</doc>
<status status="PASS" start="2024-05-19T04:17:36.918220" elapsed="0.000422"/>
</kw>
<kw name="Create List" owner="BuiltIn">
<msg time="2024-05-19T04:17:36.919107" level="INFO">${allowed_titles} = ['Mr', 'Ms', 'Miss', 'Mrs', 'Madame', 'Monsieur']</msg>
<var>${allowed_titles}</var>
<arg>Mr</arg>
<arg>Ms</arg>
<arg>Miss</arg>
<arg>Mrs</arg>
<arg>Madame</arg>
<arg>Monsieur</arg>
<doc>Returns a list containing given items.</doc>
<status status="PASS" start="2024-05-19T04:17:36.918953" elapsed="0.000179"/>
</kw>
<kw name="List Should Contain Value" owner="Collections">
<msg time="2024-05-19T04:17:36.919619" level="INFO">False</msg>
<arg>${allowed_titles}</arg>
<arg>${name_title}</arg>
<doc>Fails if the ``value`` is not found from ``list``.</doc>
<status status="PASS" start="2024-05-19T04:17:36.919440" elapsed="0.000227"/>
</kw>
<kw name="Set Variable" owner="BuiltIn">
<msg time="2024-05-19T04:17:36.920348" level="INFO">${name_country} = UA</msg>
<var>${name_country}</var>
<arg>${json_data["results"][0]["nat"]}</arg>
<doc>Returns the given values which can then be assigned to a variables.</doc>
<status status="PASS" start="2024-05-19T04:17:36.919965" elapsed="0.000410"/>
</kw>
<kw name="Create List" owner="BuiltIn">
<msg time="2024-05-19T04:17:36.921316" level="INFO">${list_country} = ['AD', 'AE', 'AF', 'AG', 'AI', 'AL', 'AM', 'AO', 'AQ', 'AR', 'AS', 'AT', 'AU', 'AW', 'AX', 'AZ', 'BA', 'BB', 'BD', 'BE', 'BF', 'BG', 'BH', 'BI', 'BJ', 'BL', 'BM', 'BN', 'BO', 'BQ', 'BR', 'BS', 'BT', '...</msg>
<var>${list_country}</var>
<arg>AD</arg>
<arg>AE</arg>
<arg>AF</arg>
<arg>AG</arg>
<arg>AI</arg>
<arg>AL</arg>
<arg>AM</arg>
<arg>AO</arg>
<arg>AQ</arg>
<arg>AR</arg>
<arg>AS</arg>
<arg>AT</arg>
<arg>AU</arg>
<arg>AW</arg>
<arg>AX</arg>
<arg>AZ</arg>
<arg>BA</arg>
<arg>BB</arg>
<arg>BD</arg>
<arg>BE</arg>
<arg>BF</arg>
<arg>BG</arg>
<arg>BH</arg>
<arg>BI</arg>
<arg>BJ</arg>
<arg>BL</arg>
<arg>BM</arg>
<arg>BN</arg>
<arg>BO</arg>
<arg>BQ</arg>
<arg>BR</arg>
<arg>BS</arg>
<arg>BT</arg>
<arg>BV</arg>
<arg>BW</arg>
<arg>BY</arg>
<arg>BZ</arg>
<arg>CA</arg>
<arg>CC</arg>
<arg>CD</arg>
<arg>CF</arg>
<arg>CG</arg>
<arg>CH</arg>
<arg>CI</arg>
<arg>CK</arg>
<arg>CL</arg>
<arg>CM</arg>
<arg>CN</arg>
<arg>CO</arg>
<arg>CR</arg>
<arg>CU</arg>
<arg>CV</arg>
<arg>CW</arg>
<arg>CX</arg>
<arg>CY</arg>
<arg>CZ</arg>
<arg>DE</arg>
<arg>DJ</arg>
<arg>DK</arg>
<arg>DM</arg>
<arg>DO</arg>
<arg>DZ</arg>
<arg>EC</arg>
<arg>EE</arg>
<arg>EG</arg>
<arg>EH</arg>
<arg>ER</arg>
<arg>ES</arg>
<arg>ET</arg>
<arg>FI</arg>
<arg>FJ</arg>
<arg>FK</arg>
<arg>FM</arg>
<arg>FO</arg>
<arg>FR</arg>
<arg>GA</arg>
<arg>GB</arg>
<arg>GD</arg>
<arg>GE</arg>
<arg>GF</arg>
<arg>GG</arg>
<arg>GH</arg>
<arg>GI</arg>
<arg>GL</arg>
<arg>GM</arg>
<arg>GN</arg>
<arg>GP</arg>
<arg>GQ</arg>
<arg>GR</arg>
<arg>GS</arg>
<arg>GT</arg>
<arg>GU</arg>
<arg>GW</arg>
<arg>GY</arg>
<arg>HK</arg>
<arg>HM</arg>
<arg>HN</arg>
<arg>HR</arg>
<arg>HT</arg>
<arg>HU</arg>
<arg>ID</arg>
<arg>IE</arg>
<arg>IL</arg>
<arg>IM</arg>
<arg>IN</arg>
<arg>IO</arg>
<arg>IQ</arg>
<arg>IR</arg>
<arg>IS</arg>
<arg>IT</arg>
<arg>JE</arg>
<arg>JM</arg>
<arg>JO</arg>
<arg>JP</arg>
<arg>KE</arg>
<arg>KG</arg>
<arg>KH</arg>
<arg>KI</arg>
<arg>KM</arg>
<arg>KN</arg>
<arg>KP</arg>
<arg>KR</arg>
<arg>KW</arg>
<arg>KY</arg>
<arg>KZ</arg>
<arg>LA</arg>
<arg>LB</arg>
<arg>LC</arg>
<arg>LI</arg>
<arg>LK</arg>
<arg>LR</arg>
<arg>LS</arg>
<arg>LT</arg>
<arg>LU</arg>
<arg>LV</arg>
<arg>LY</arg>
<arg>MA</arg>
<arg>MC</arg>
<arg>MD</arg>
<arg>ME</arg>
<arg>MF</arg>
<arg>MG</arg>
<arg>MH</arg>
<arg>MK</arg>
<arg>ML</arg>
<arg>MM</arg>
<arg>MN</arg>
<arg>MO</arg>
<arg>MP</arg>
<arg>MQ</arg>
<arg>MR</arg>
<arg>MS</arg>
<arg>MT</arg>
<arg>MU</arg>
<arg>MV</arg>
<arg>MW</arg>
<arg>MX</arg>
<arg>MY</arg>
<arg>MZ</arg>
<arg>NA</arg>
<arg>NC</arg>
<arg>NE</arg>
<arg>NF</arg>
<arg>NG</arg>
<arg>NI</arg>
<arg>NL</arg>
<arg>NO</arg>
<arg>NP</arg>
<arg>NR</arg>
<arg>NU</arg>
<arg>NZ</arg>
<arg>OM</arg>
<arg>PA</arg>
<arg>PE</arg>
<arg>PF</arg>
<arg>PG</arg>
<arg>PH</arg>
<arg>PK</arg>
<arg>PL</arg>
<arg>PM</arg>
<arg>PN</arg>
<arg>PR</arg>
<arg>PS</arg>
<arg>PT</arg>
<arg>PW</arg>
<arg>PY</arg>
<arg>QA</arg>
<arg>RE</arg>
<arg>RO</arg>
<arg>RS</arg>
<arg>RU</arg>
<arg>RW</arg>
<arg>SA</arg>
<arg>SB</arg>
<arg>SC</arg>
<arg>SD</arg>
<arg>SE</arg>
<arg>SG</arg>
<arg>SH</arg>
<arg>SI</arg>
<arg>SJ</arg>
<arg>SK</arg>
<arg>SL</arg>
<arg>SM</arg>
<arg>SN</arg>
<arg>SO</arg>
<arg>SR</arg>
<arg>SS</arg>
<arg>ST</arg>
<arg>SV</arg>
<arg>SX</arg>
<arg>SY</arg>
<arg>SZ</arg>
<arg>TC</arg>
<arg>TD</arg>
<arg>TF</arg>
<arg>TG</arg>
<arg>TH</arg>
<arg>TJ</arg>
<arg>TK</arg>
<arg>TL</arg>
<arg>TM</arg>
<arg>TN</arg>
<arg>TO</arg>
<arg>TR</arg>
<arg>TT</arg>
<arg>TV</arg>
<arg>TW</arg>
<arg>TZ</arg>
<arg>UA</arg>
<arg>UG</arg>
<arg>UM</arg>
<arg>US</arg>
<arg>UY</arg>
<arg>UZ</arg>
<arg>VA</arg>
<arg>VC</arg>
<arg>VE</arg>
<arg>VG</arg>
<arg>VI</arg>
<arg>VN</arg>
<arg>VU</arg>
<arg>WF</arg>
<arg>WS</arg>
<arg>XK</arg>
<arg>YE</arg>
<arg>YT</arg>
<arg>ZA</arg>
<arg>ZM</arg>
<arg>ZW</arg>
<doc>Returns a list containing given items.</doc>
<status status="PASS" start="2024-05-19T04:17:36.920681" elapsed="0.000661"/>
</kw>
<kw name="List Should Contain Value" owner="Collections">
<msg time="2024-05-19T04:17:36.922336" level="INFO">False</msg>
<arg>${list_country}</arg>
<arg>${name_country}</arg>
<doc>Fails if the ``value`` is not found from ``list``.</doc>
<status status="PASS" start="2024-05-19T04:17:36.922132" elapsed="0.000240"/>
</kw>
<kw name="Run Keyword If" owner="BuiltIn">
<kw name="Should Be True" owner="BuiltIn">
<arg>${True}</arg>
<doc>Fails if the given condition is not true.</doc>
<status status="PASS" start="2024-05-19T04:17:36.923444" elapsed="0.000273"/>
</kw>
<arg>${json_data["results"][0]["location"]["coordinates"]["latitude"]} &gt;= -90 and ${json_data["results"][0]["location"]["coordinates"]["latitude"]} &lt;= 90</arg>
<arg>Should Be True</arg>
<arg>${True}</arg>
<doc>Runs the given keyword with the given arguments, if ``condition`` is true.</doc>
<status status="PASS" start="2024-05-19T04:17:36.922688" elapsed="0.001172"/>
</kw>
<kw name="Run Keyword If" owner="BuiltIn">
<kw name="Should Be True" owner="BuiltIn">
<arg>${True}</arg>
<doc>Fails if the given condition is not true.</doc>
<status status="PASS" start="2024-05-19T04:17:36.924766" elapsed="0.000141"/>
</kw>
<arg>${json_data["results"][0]["location"]["coordinates"]["longitude"]} &gt;= -180 and ${json_data["results"][0]["location"]["coordinates"]["longitude"]} &lt;= 180</arg>
<arg>Should Be True</arg>
<arg>${True}</arg>
<doc>Runs the given keyword with the given arguments, if ``condition`` is true.</doc>
<status status="PASS" start="2024-05-19T04:17:36.924056" elapsed="0.000978"/>
</kw>
<status status="PASS" start="2024-05-19T04:17:36.827473" elapsed="0.097726"/>
</kw>
<doc>Testa o conteúdo específico dos campos retornados pela API.</doc>
<tag>testeConteudo</tag>
<status status="PASS" start="2024-05-19T04:17:36.826807" elapsed="0.098555"/>
</test>
<status status="PASS" start="2024-05-19T04:17:36.099564" elapsed="0.827727"/>
</suite>
<status status="PASS" start="2024-05-19T04:17:36.086088" elapsed="0.846324"/>
</suite>
<statistics>
<total>
<stat pass="5" fail="0" skip="0">All Tests</stat>
</total>
<tag>
<stat pass="1" fail="0" skip="0">testeConteudo</stat>
<stat pass="1" fail="0" skip="0">testeEstruturaResposta</stat>
<stat pass="1" fail="0" skip="0">testeRequisicaoBasica</stat>
<stat pass="1" fail="0" skip="0">testeTiposDados</stat>
</tag>
<suite>
<stat pass="5" fail="0" skip="0" id="s1" name="Tests">Tests</stat>
<stat pass="5" fail="0" skip="0" id="s1-s1" name="Random-User-Test">Tests.Random-User-Test</stat>
</suite>
</statistics>
<errors>
</errors>
</robot>
