<?xml version="1.0" encoding="UTF-8"?>
<robot generator="Robot 7.0.1 (Python 3.12.4 on linux)" generated="2024-08-07T21:16:22.137055" rpa="false" schemaversion="5">
<suite id="s1" name="Tests" source="/home/runner/work/ApiRandomUser/ApiRandomUser/RamdonUser/tests">
<suite id="s1-s1" name="Random-User-Test" source="/home/runner/work/ApiRandomUser/ApiRandomUser/RamdonUser/tests/random-user-test.robot">
<test id="s1-s1-t1" name="Conectar" line="13">
<kw name="Conectar API" owner="random-user-service">
<kw name="Create Session" owner="RequestsLibrary">
<msg time="2024-08-07T21:16:22.581157" level="INFO">Creating Session using : alias=consultarAPI, url=https://randomuser.me/, headers={},                     cookies={}, auth=None, timeout=None, proxies=None, verify=False,                     debug=0 </msg>
<arg>consultarAPI</arg>
<arg>${URL}</arg>
<doc>Create Session: create a HTTP session to a server</doc>
<status status="PASS" start="2024-08-07T21:16:22.580958" elapsed="0.000362"/>
</kw>
<status status="PASS" start="2024-08-07T21:16:22.579990" elapsed="0.001700"/>
</kw>
<status status="PASS" start="2024-08-07T21:16:22.579495" elapsed="0.002386"/>
</test>
<test id="s1-s1-t2" name="Validar retorno 200 e JSON Válido" line="16">
<kw name="Teste de Requisicao Basica" owner="random-user-service">
<kw name="GET On Session" owner="RequestsLibrary">
<msg time="2024-08-07T21:16:22.828327" level="INFO">GET Request : url=https://randomuser.me/api 
 path_url=/api 
 headers={'User-Agent': 'python-requests/2.32.3', 'Accept-Encoding': 'gzip, deflate', 'Accept': '*/*', 'Connection': 'keep-alive'} 
 body=None 
 </msg>
<msg time="2024-08-07T21:16:22.828472" level="INFO">GET Response : url=https://randomuser.me/api 
 status=200, reason=OK 
 headers={'Date': 'Wed, 07 Aug 2024 21:16:22 GMT', 'Content-Type': 'application/json; charset=utf-8', 'Transfer-Encoding': 'chunked', 'Connection': 'keep-alive', 'X-Powered-By': 'Express', 'Access-Control-Allow-Origin': '*', 'Cache-Control': 'no-cache', 'ETag': 'W/"499-Xb/xJK8KOv4W+fTHMZT4z72/kNY"', 'Vary': 'Accept-Encoding', 'Content-Encoding': 'gzip', 'CF-Cache-Status': 'DYNAMIC', 'Report-To': '{"endpoints":[{"url":"https:\\/\\/a.nel.cloudflare.com\\/report\\/v4?s=yKnfXbCetkKuuJpHj8BkMubfjwoKpwOCktN3aoBMTEBo3%2FFVYI5qoDreb4WSUfskmy8SAL%2BsX7Jx12yRELB4Km6URvFUm6Is6SYZy5E4d%2BLnqVqXy9LYed8EkFECGW6V"}],"group":"cf-nel","max_age":604800}', 'NEL': '{"success_fraction":0,"report_to":"cf-nel","max_age":604800}', 'Server': 'cloudflare', 'CF-RAY': '8afa4991fdb9ce4c-SJC', 'alt-svc': 'h3=":443"; ma=86400'} 
 body={"results":[{"gender":"male","name":{"title":"Mr","first":"Nagraj","last":"Chiplunkar"},"location":{"street":{"number":6011,"name":"College St"},"city":"Begusarai","state":"Uttar Pradesh","country":"India","postcode":32096,"coordinates":{"latitude":"11.1302","longitude":"-137.0037"},"timezone":{"offset":"-5:00","description":"Eastern Time (US &amp; Canada), Bogota, Lima"}},"email":"nagraj.chiplunkar@example.com","login":{"uuid":"934931f3-e339-4f00-b0f2-850d52d5de8c","username":"yellowdog584","password":"123457","salt":"3poL0caD","md5":"6fbc91bfc7866a03c275153a7d2b8719","sha1":"811e1df07a2b67746416562f3a88cd195d7b46e3","sha256":"9e4063bcb2fc784f217fb358e88117c03ea258191d02d3c29b5982a625520591"},"dob":{"date":"1962-08-15T16:47:45.855Z","age":61},"registered":{"date":"2002-03-21T07:44:01.384Z","age":22},"phone":"7183885714","cell":"8156312369","id":{"name":"UIDAI","value":"860334375319"},"picture":{"large":"https://randomuser.me/api/portraits/men/87.jpg","medium":"https://randomuser.me/api/portraits/med/men/87.jpg","thumbnail":"https://randomuser.me/api/portraits/thumb/men/87.jpg"},"nat":"IN"}],"info":{"seed":"e27791d628e4c913","results":1,"page":1,"version":"1.4"}} 
 </msg>
<msg time="2024-08-07T21:16:22.828563" level="INFO">/opt/hostedtoolcache/Python/3.12.4/x64/lib/python3.12/site-packages/urllib3/connectionpool.py:1099: InsecureRequestWarning: Unverified HTTPS request is being made to host 'randomuser.me'. Adding certificate verification is strongly advised. See: https://urllib3.readthedocs.io/en/latest/advanced-usage.html#tls-warnings
  warnings.warn(</msg>
<msg time="2024-08-07T21:16:22.828706" level="INFO">${response} = &lt;Response [200]&gt;</msg>
<var>${response}</var>
<arg>consultarAPI</arg>
<arg>/api</arg>
<doc>Sends a GET request on a previously created HTTP Session.</doc>
<status status="PASS" start="2024-08-07T21:16:22.584474" elapsed="0.244385"/>
</kw>
<kw name="Should Be Equal As Numbers" owner="BuiltIn">
<msg time="2024-08-07T21:16:22.829702" level="INFO">Argument types are:
&lt;class 'int'&gt;
&lt;class 'str'&gt;</msg>
<arg>${response.status_code}</arg>
<arg>200</arg>
<doc>Fails if objects are unequal after converting them to real numbers.</doc>
<status status="PASS" start="2024-08-07T21:16:22.829265" elapsed="0.000500"/>
</kw>
<kw name="Log" owner="BuiltIn">
<msg time="2024-08-07T21:16:22.830431" level="INFO">200</msg>
<arg>${response.status_code}</arg>
<doc>Logs the given message with the given level.</doc>
<status status="PASS" start="2024-08-07T21:16:22.830081" elapsed="0.000393"/>
</kw>
<kw name="Set Variable" owner="BuiltIn">
<msg time="2024-08-07T21:16:22.831206" level="INFO">${json_data} = {'results': [{'gender': 'male', 'name': {'title': 'Mr', 'first': 'Nagraj', 'last': 'Chiplunkar'}, 'location': {'street': {'number': 6011, 'name': 'College St'}, 'city': 'Begusarai', 'state': 'Uttar Pr...</msg>
<var>${json_data}</var>
<arg>${response.json()}</arg>
<doc>Returns the given values which can then be assigned to a variables.</doc>
<status status="PASS" start="2024-08-07T21:16:22.830783" elapsed="0.000451"/>
</kw>
<kw name="Dictionary Should Contain Key" owner="Collections">
<arg>${json_data}</arg>
<arg>results</arg>
<doc>Fails if ``key`` is not found from ``dictionary``.</doc>
<status status="PASS" start="2024-08-07T21:16:22.831534" elapsed="0.000294"/>
</kw>
<status status="PASS" start="2024-08-07T21:16:22.584230" elapsed="0.247747"/>
</kw>
<doc>Testa se a API responde corretamente e retorna um objeto JSON válido.</doc>
<tag>testeRequisicaoBasica</tag>
<status status="PASS" start="2024-08-07T21:16:22.583787" elapsed="0.248352"/>
</test>
<test id="s1-s1-t3" name="Validar estrutura de resposta" line="22">
<kw name="Teste de Estrutura de Resposta" owner="random-user-service">
<kw name="GET On Session" owner="RequestsLibrary">
<msg time="2024-08-07T21:16:22.921128" level="INFO">GET Request : url=https://randomuser.me/api 
 path_url=/api 
 headers={'User-Agent': 'python-requests/2.32.3', 'Accept-Encoding': 'gzip, deflate', 'Accept': '*/*', 'Connection': 'keep-alive'} 
 body=None 
 </msg>
<msg time="2024-08-07T21:16:22.921192" level="INFO">GET Response : url=https://randomuser.me/api 
 status=200, reason=OK 
 headers={'Date': 'Wed, 07 Aug 2024 21:16:22 GMT', 'Content-Type': 'application/json; charset=utf-8', 'Transfer-Encoding': 'chunked', 'Connection': 'keep-alive', 'X-Powered-By': 'Express', 'Access-Control-Allow-Origin': '*', 'Cache-Control': 'no-cache', 'ETag': 'W/"49a-rVdi2OMQqzqZPLI44rYHEuK9Yzc"', 'Vary': 'Accept-Encoding', 'Content-Encoding': 'gzip', 'CF-Cache-Status': 'DYNAMIC', 'Report-To': '{"endpoints":[{"url":"https:\\/\\/a.nel.cloudflare.com\\/report\\/v4?s=BKq9goH1i%2BEcrYPBnswhTiwAtavo%2Bp%2FHfT9G2XUzYuiLkqrgM9Eb8WB%2BJRWJzxSXPQXvFvwdtRrtx0Tir8WRVz7cI8GHfC8bCwK4zZXorH60%2BJ3fr55aJRRwH3rO8NY2"}],"group":"cf-nel","max_age":604800}', 'NEL': '{"success_fraction":0,"report_to":"cf-nel","max_age":604800}', 'Server': 'cloudflare', 'CF-RAY': '8afa4992be7bce4c-SJC', 'alt-svc': 'h3=":443"; ma=86400'} 
 body={"results":[{"gender":"female","name":{"title":"Ms","first":"Vandana","last":"Jain"},"location":{"street":{"number":4621,"name":"Shivajinagar"},"city":"Motihari","state":"Meghalaya","country":"India","postcode":70917,"coordinates":{"latitude":"9.8335","longitude":"92.0444"},"timezone":{"offset":"-4:00","description":"Atlantic Time (Canada), Caracas, La Paz"}},"email":"vandana.jain@example.com","login":{"uuid":"f5d47e9a-a214-4bb1-8f61-a4d2ad7f6aa8","username":"beautifulostrich379","password":"gymnastic","salt":"ihqRTgY7","md5":"8ab21d3a2cf6a0bd5fc286dcd448b2b9","sha1":"d39b6b6eb05122881310479d0457a4c5c8cb6c76","sha256":"b811f72af94f4dd75771f02e199262c710f1471a0771e6c03179833a5cbf8d31"},"dob":{"date":"1992-04-22T17:55:59.540Z","age":32},"registered":{"date":"2004-12-21T16:08:25.219Z","age":19},"phone":"9494665720","cell":"7930379125","id":{"name":"UIDAI","value":"789209084232"},"picture":{"large":"https://randomuser.me/api/portraits/women/66.jpg","medium":"https://randomuser.me/api/portraits/med/women/66.jpg","thumbnail":"https://randomuser.me/api/portraits/thumb/women/66.jpg"},"nat":"IN"}],"info":{"seed":"ebb3042084942a3e","results":1,"page":1,"version":"1.4"}} 
 </msg>
<msg time="2024-08-07T21:16:22.921286" level="INFO">/opt/hostedtoolcache/Python/3.12.4/x64/lib/python3.12/site-packages/urllib3/connectionpool.py:1099: InsecureRequestWarning: Unverified HTTPS request is being made to host 'randomuser.me'. Adding certificate verification is strongly advised. See: https://urllib3.readthedocs.io/en/latest/advanced-usage.html#tls-warnings
  warnings.warn(</msg>
<msg time="2024-08-07T21:16:22.921376" level="INFO">${response} = &lt;Response [200]&gt;</msg>
<var>${response}</var>
<arg>consultarAPI</arg>
<arg>/api</arg>
<doc>Sends a GET request on a previously created HTTP Session.</doc>
<status status="PASS" start="2024-08-07T21:16:22.834674" elapsed="0.086733"/>
</kw>
<kw name="Set Variable" owner="BuiltIn">
<msg time="2024-08-07T21:16:22.922250" level="INFO">${json_data} = {'results': [{'gender': 'female', 'name': {'title': 'Ms', 'first': 'Vandana', 'last': 'Jain'}, 'location': {'street': {'number': 4621, 'name': 'Shivajinagar'}, 'city': 'Motihari', 'state': 'Meghalaya'...</msg>
<var>${json_data}</var>
<arg>${response.json()}</arg>
<doc>Returns the given values which can then be assigned to a variables.</doc>
<status status="PASS" start="2024-08-07T21:16:22.921805" elapsed="0.000472"/>
</kw>
<kw name="Log" owner="BuiltIn">
<msg time="2024-08-07T21:16:22.922738" level="INFO">{'results': [{'gender': 'female', 'name': {'title': 'Ms', 'first': 'Vandana', 'last': 'Jain'}, 'location': {'street': {'number': 4621, 'name': 'Shivajinagar'}, 'city': 'Motihari', 'state': 'Meghalaya', 'country': 'India', 'postcode': 70917, 'coordinates': {'latitude': '9.8335', 'longitude': '92.0444'}, 'timezone': {'offset': '-4:00', 'description': 'Atlantic Time (Canada), Caracas, La Paz'}}, 'email': 'vandana.jain@example.com', 'login': {'uuid': 'f5d47e9a-a214-4bb1-8f61-a4d2ad7f6aa8', 'username': 'beautifulostrich379', 'password': 'gymnastic', 'salt': 'ihqRTgY7', 'md5': '8ab21d3a2cf6a0bd5fc286dcd448b2b9', 'sha1': 'd39b6b6eb05122881310479d0457a4c5c8cb6c76', 'sha256': 'b811f72af94f4dd75771f02e199262c710f1471a0771e6c03179833a5cbf8d31'}, 'dob': {'date': '1992-04-22T17:55:59.540Z', 'age': 32}, 'registered': {'date': '2004-12-21T16:08:25.219Z', 'age': 19}, 'phone': '9494665720', 'cell': '7930379125', 'id': {'name': 'UIDAI', 'value': '789209084232'}, 'picture': {'large': 'https://randomuser.me/api/portraits/women/66.jpg', 'medium': 'https://randomuser.me/api/portraits/med/women/66.jpg', 'thumbnail': 'https://randomuser.me/api/portraits/thumb/women/66.jpg'}, 'nat': 'IN'}], 'info': {'seed': 'ebb3042084942a3e', 'results': 1, 'page': 1, 'version': '1.4'}}</msg>
<arg>${json_data}</arg>
<doc>Logs the given message with the given level.</doc>
<status status="PASS" start="2024-08-07T21:16:22.922584" elapsed="0.000200"/>
</kw>
<kw name="Dictionary Should Contain Key" owner="Collections">
<arg>${json_data}</arg>
<arg>results</arg>
<doc>Fails if ``key`` is not found from ``dictionary``.</doc>
<status status="PASS" start="2024-08-07T21:16:22.923070" elapsed="0.000155"/>
</kw>
<kw name="Should Not Be Empty" owner="BuiltIn">
<msg time="2024-08-07T21:16:22.923525" level="INFO">Length is 2.</msg>
<arg>${json_data}</arg>
<doc>Verifies that the given item is not empty.</doc>
<status status="PASS" start="2024-08-07T21:16:22.923403" elapsed="0.000159"/>
</kw>
<kw name="Create List" owner="BuiltIn">
<msg time="2024-08-07T21:16:22.923992" level="INFO">${expected_keys} = ['gender', 'name', 'location', 'email', 'login']</msg>
<var>${expected_keys}</var>
<arg>gender</arg>
<arg>name</arg>
<arg>location</arg>
<arg>email</arg>
<arg>login</arg>
<doc>Returns a list containing given items.</doc>
<status status="PASS" start="2024-08-07T21:16:22.923846" elapsed="0.000170"/>
</kw>
<for flavor="IN">
<iter>
<kw name="Dictionary Should Contain Key" owner="Collections">
<arg>${json_data['results'][0]}</arg>
<arg>${key}</arg>
<doc>Fails if ``key`` is not found from ``dictionary``.</doc>
<status status="PASS" start="2024-08-07T21:16:22.924570" elapsed="0.000393"/>
</kw>
<kw name="Log" owner="BuiltIn">
<msg time="2024-08-07T21:16:22.925545" level="INFO">{'gender': 'female', 'name': {'title': 'Ms', 'first': 'Vandana', 'last': 'Jain'}, 'location': {'street': {'number': 4621, 'name': 'Shivajinagar'}, 'city': 'Motihari', 'state': 'Meghalaya', 'country': 'India', 'postcode': 70917, 'coordinates': {'latitude': '9.8335', 'longitude': '92.0444'}, 'timezone': {'offset': '-4:00', 'description': 'Atlantic Time (Canada), Caracas, La Paz'}}, 'email': 'vandana.jain@example.com', 'login': {'uuid': 'f5d47e9a-a214-4bb1-8f61-a4d2ad7f6aa8', 'username': 'beautifulostrich379', 'password': 'gymnastic', 'salt': 'ihqRTgY7', 'md5': '8ab21d3a2cf6a0bd5fc286dcd448b2b9', 'sha1': 'd39b6b6eb05122881310479d0457a4c5c8cb6c76', 'sha256': 'b811f72af94f4dd75771f02e199262c710f1471a0771e6c03179833a5cbf8d31'}, 'dob': {'date': '1992-04-22T17:55:59.540Z', 'age': 32}, 'registered': {'date': '2004-12-21T16:08:25.219Z', 'age': 19}, 'phone': '9494665720', 'cell': '7930379125', 'id': {'name': 'UIDAI', 'value': '789209084232'}, 'picture': {'large': 'https://randomuser.me/api/portraits/women/66.jpg', 'medium': 'https://randomuser.me/api/portraits/med/women/66.jpg', 'thumbnail': 'https://randomuser.me/api/portraits/thumb/women/66.jpg'}, 'nat': 'IN'}</msg>
<arg>${json_data['results'][0]}</arg>
<doc>Logs the given message with the given level.</doc>
<status status="PASS" start="2024-08-07T21:16:22.925151" elapsed="0.000443"/>
</kw>
<kw name="Log" owner="BuiltIn">
<msg time="2024-08-07T21:16:22.926020" level="INFO">gender</msg>
<arg>${key}</arg>
<doc>Logs the given message with the given level.</doc>
<status status="PASS" start="2024-08-07T21:16:22.925890" elapsed="0.000168"/>
</kw>
<var name="${key}">gender</var>
<status status="PASS" start="2024-08-07T21:16:22.924451" elapsed="0.001826"/>
</iter>
<iter>
<kw name="Dictionary Should Contain Key" owner="Collections">
<arg>${json_data['results'][0]}</arg>
<arg>${key}</arg>
<doc>Fails if ``key`` is not found from ``dictionary``.</doc>
<status status="PASS" start="2024-08-07T21:16:22.926572" elapsed="0.000391"/>
</kw>
<kw name="Log" owner="BuiltIn">
<msg time="2024-08-07T21:16:22.927492" level="INFO">{'gender': 'female', 'name': {'title': 'Ms', 'first': 'Vandana', 'last': 'Jain'}, 'location': {'street': {'number': 4621, 'name': 'Shivajinagar'}, 'city': 'Motihari', 'state': 'Meghalaya', 'country': 'India', 'postcode': 70917, 'coordinates': {'latitude': '9.8335', 'longitude': '92.0444'}, 'timezone': {'offset': '-4:00', 'description': 'Atlantic Time (Canada), Caracas, La Paz'}}, 'email': 'vandana.jain@example.com', 'login': {'uuid': 'f5d47e9a-a214-4bb1-8f61-a4d2ad7f6aa8', 'username': 'beautifulostrich379', 'password': 'gymnastic', 'salt': 'ihqRTgY7', 'md5': '8ab21d3a2cf6a0bd5fc286dcd448b2b9', 'sha1': 'd39b6b6eb05122881310479d0457a4c5c8cb6c76', 'sha256': 'b811f72af94f4dd75771f02e199262c710f1471a0771e6c03179833a5cbf8d31'}, 'dob': {'date': '1992-04-22T17:55:59.540Z', 'age': 32}, 'registered': {'date': '2004-12-21T16:08:25.219Z', 'age': 19}, 'phone': '9494665720', 'cell': '7930379125', 'id': {'name': 'UIDAI', 'value': '789209084232'}, 'picture': {'large': 'https://randomuser.me/api/portraits/women/66.jpg', 'medium': 'https://randomuser.me/api/portraits/med/women/66.jpg', 'thumbnail': 'https://randomuser.me/api/portraits/thumb/women/66.jpg'}, 'nat': 'IN'}</msg>
<arg>${json_data['results'][0]}</arg>
<doc>Logs the given message with the given level.</doc>
<status status="PASS" start="2024-08-07T21:16:22.927144" elapsed="0.000427"/>
</kw>
<kw name="Log" owner="BuiltIn">
<msg time="2024-08-07T21:16:22.927994" level="INFO">name</msg>
<arg>${key}</arg>
<doc>Logs the given message with the given level.</doc>
<status status="PASS" start="2024-08-07T21:16:22.927864" elapsed="0.000167"/>
</kw>
<var name="${key}">name</var>
<status status="PASS" start="2024-08-07T21:16:22.926457" elapsed="0.001789"/>
</iter>
<iter>
<kw name="Dictionary Should Contain Key" owner="Collections">
<arg>${json_data['results'][0]}</arg>
<arg>${key}</arg>
<doc>Fails if ``key`` is not found from ``dictionary``.</doc>
<status status="PASS" start="2024-08-07T21:16:22.928538" elapsed="0.000541"/>
</kw>
<kw name="Log" owner="BuiltIn">
<msg time="2024-08-07T21:16:22.929646" level="INFO">{'gender': 'female', 'name': {'title': 'Ms', 'first': 'Vandana', 'last': 'Jain'}, 'location': {'street': {'number': 4621, 'name': 'Shivajinagar'}, 'city': 'Motihari', 'state': 'Meghalaya', 'country': 'India', 'postcode': 70917, 'coordinates': {'latitude': '9.8335', 'longitude': '92.0444'}, 'timezone': {'offset': '-4:00', 'description': 'Atlantic Time (Canada), Caracas, La Paz'}}, 'email': 'vandana.jain@example.com', 'login': {'uuid': 'f5d47e9a-a214-4bb1-8f61-a4d2ad7f6aa8', 'username': 'beautifulostrich379', 'password': 'gymnastic', 'salt': 'ihqRTgY7', 'md5': '8ab21d3a2cf6a0bd5fc286dcd448b2b9', 'sha1': 'd39b6b6eb05122881310479d0457a4c5c8cb6c76', 'sha256': 'b811f72af94f4dd75771f02e199262c710f1471a0771e6c03179833a5cbf8d31'}, 'dob': {'date': '1992-04-22T17:55:59.540Z', 'age': 32}, 'registered': {'date': '2004-12-21T16:08:25.219Z', 'age': 19}, 'phone': '9494665720', 'cell': '7930379125', 'id': {'name': 'UIDAI', 'value': '789209084232'}, 'picture': {'large': 'https://randomuser.me/api/portraits/women/66.jpg', 'medium': 'https://randomuser.me/api/portraits/med/women/66.jpg', 'thumbnail': 'https://randomuser.me/api/portraits/thumb/women/66.jpg'}, 'nat': 'IN'}</msg>
<arg>${json_data['results'][0]}</arg>
<doc>Logs the given message with the given level.</doc>
<status status="PASS" start="2024-08-07T21:16:22.929268" elapsed="0.000426"/>
</kw>
<kw name="Log" owner="BuiltIn">
<msg time="2024-08-07T21:16:22.930128" level="INFO">location</msg>
<arg>${key}</arg>
<doc>Logs the given message with the given level.</doc>
<status status="PASS" start="2024-08-07T21:16:22.929998" elapsed="0.000168"/>
</kw>
<var name="${key}">location</var>
<status status="PASS" start="2024-08-07T21:16:22.928419" elapsed="0.001963"/>
</iter>
<iter>
<kw name="Dictionary Should Contain Key" owner="Collections">
<arg>${json_data['results'][0]}</arg>
<arg>${key}</arg>
<doc>Fails if ``key`` is not found from ``dictionary``.</doc>
<status status="PASS" start="2024-08-07T21:16:22.930661" elapsed="0.000386"/>
</kw>
<kw name="Log" owner="BuiltIn">
<msg time="2024-08-07T21:16:22.931679" level="INFO">{'gender': 'female', 'name': {'title': 'Ms', 'first': 'Vandana', 'last': 'Jain'}, 'location': {'street': {'number': 4621, 'name': 'Shivajinagar'}, 'city': 'Motihari', 'state': 'Meghalaya', 'country': 'India', 'postcode': 70917, 'coordinates': {'latitude': '9.8335', 'longitude': '92.0444'}, 'timezone': {'offset': '-4:00', 'description': 'Atlantic Time (Canada), Caracas, La Paz'}}, 'email': 'vandana.jain@example.com', 'login': {'uuid': 'f5d47e9a-a214-4bb1-8f61-a4d2ad7f6aa8', 'username': 'beautifulostrich379', 'password': 'gymnastic', 'salt': 'ihqRTgY7', 'md5': '8ab21d3a2cf6a0bd5fc286dcd448b2b9', 'sha1': 'd39b6b6eb05122881310479d0457a4c5c8cb6c76', 'sha256': 'b811f72af94f4dd75771f02e199262c710f1471a0771e6c03179833a5cbf8d31'}, 'dob': {'date': '1992-04-22T17:55:59.540Z', 'age': 32}, 'registered': {'date': '2004-12-21T16:08:25.219Z', 'age': 19}, 'phone': '9494665720', 'cell': '7930379125', 'id': {'name': 'UIDAI', 'value': '789209084232'}, 'picture': {'large': 'https://randomuser.me/api/portraits/women/66.jpg', 'medium': 'https://randomuser.me/api/portraits/med/women/66.jpg', 'thumbnail': 'https://randomuser.me/api/portraits/thumb/women/66.jpg'}, 'nat': 'IN'}</msg>
<arg>${json_data['results'][0]}</arg>
<doc>Logs the given message with the given level.</doc>
<status status="PASS" start="2024-08-07T21:16:22.931330" elapsed="0.000406"/>
</kw>
<kw name="Log" owner="BuiltIn">
<msg time="2024-08-07T21:16:22.932169" level="INFO">email</msg>
<arg>${key}</arg>
<doc>Logs the given message with the given level.</doc>
<status status="PASS" start="2024-08-07T21:16:22.932032" elapsed="0.000175"/>
</kw>
<var name="${key}">email</var>
<status status="PASS" start="2024-08-07T21:16:22.930554" elapsed="0.001869"/>
</iter>
<iter>
<kw name="Dictionary Should Contain Key" owner="Collections">
<arg>${json_data['results'][0]}</arg>
<arg>${key}</arg>
<doc>Fails if ``key`` is not found from ``dictionary``.</doc>
<status status="PASS" start="2024-08-07T21:16:22.932705" elapsed="0.000373"/>
</kw>
<kw name="Log" owner="BuiltIn">
<msg time="2024-08-07T21:16:22.933630" level="INFO">{'gender': 'female', 'name': {'title': 'Ms', 'first': 'Vandana', 'last': 'Jain'}, 'location': {'street': {'number': 4621, 'name': 'Shivajinagar'}, 'city': 'Motihari', 'state': 'Meghalaya', 'country': 'India', 'postcode': 70917, 'coordinates': {'latitude': '9.8335', 'longitude': '92.0444'}, 'timezone': {'offset': '-4:00', 'description': 'Atlantic Time (Canada), Caracas, La Paz'}}, 'email': 'vandana.jain@example.com', 'login': {'uuid': 'f5d47e9a-a214-4bb1-8f61-a4d2ad7f6aa8', 'username': 'beautifulostrich379', 'password': 'gymnastic', 'salt': 'ihqRTgY7', 'md5': '8ab21d3a2cf6a0bd5fc286dcd448b2b9', 'sha1': 'd39b6b6eb05122881310479d0457a4c5c8cb6c76', 'sha256': 'b811f72af94f4dd75771f02e199262c710f1471a0771e6c03179833a5cbf8d31'}, 'dob': {'date': '1992-04-22T17:55:59.540Z', 'age': 32}, 'registered': {'date': '2004-12-21T16:08:25.219Z', 'age': 19}, 'phone': '9494665720', 'cell': '7930379125', 'id': {'name': 'UIDAI', 'value': '789209084232'}, 'picture': {'large': 'https://randomuser.me/api/portraits/women/66.jpg', 'medium': 'https://randomuser.me/api/portraits/med/women/66.jpg', 'thumbnail': 'https://randomuser.me/api/portraits/thumb/women/66.jpg'}, 'nat': 'IN'}</msg>
<arg>${json_data['results'][0]}</arg>
<doc>Logs the given message with the given level.</doc>
<status status="PASS" start="2024-08-07T21:16:22.933257" elapsed="0.000421"/>
</kw>
<kw name="Log" owner="BuiltIn">
<msg time="2024-08-07T21:16:22.934099" level="INFO">login</msg>
<arg>${key}</arg>
<doc>Logs the given message with the given level.</doc>
<status status="PASS" start="2024-08-07T21:16:22.933972" elapsed="0.000163"/>
</kw>
<var name="${key}">login</var>
<status status="PASS" start="2024-08-07T21:16:22.932596" elapsed="0.001753"/>
</iter>
<var>${key}</var>
<value>@{expected_keys}</value>
<status status="PASS" start="2024-08-07T21:16:22.924277" elapsed="0.010190"/>
</for>
<kw name="Create List" owner="BuiltIn">
<msg time="2024-08-07T21:16:22.934819" level="INFO">${expected_keysTwo} = ['username', 'password']</msg>
<var>${expected_keysTwo}</var>
<arg>username</arg>
<arg>password</arg>
<doc>Returns a list containing given items.</doc>
<status status="PASS" start="2024-08-07T21:16:22.934652" elapsed="0.000191"/>
</kw>
<for flavor="IN">
<iter>
<kw name="Dictionary Should Contain Key" owner="Collections">
<arg>${json_data['results'][0]['login']}</arg>
<arg>${keyTwo}</arg>
<doc>Fails if ``key`` is not found from ``dictionary``.</doc>
<status status="PASS" start="2024-08-07T21:16:22.935335" elapsed="0.000383"/>
</kw>
<kw name="Dictionary Should Contain Key" owner="Collections">
<arg>${json_data['results'][0]['login']}</arg>
<arg>${keyTwo}</arg>
<doc>Fails if ``key`` is not found from ``dictionary``.</doc>
<status status="PASS" start="2024-08-07T21:16:22.935895" elapsed="0.000366"/>
</kw>
<kw name="Log" owner="BuiltIn">
<msg time="2024-08-07T21:16:22.936563" level="INFO">username</msg>
<arg>${keyTwo}</arg>
<doc>Logs the given message with the given level.</doc>
<status status="PASS" start="2024-08-07T21:16:22.936442" elapsed="0.000157"/>
</kw>
<var name="${keyTwo}">username</var>
<status status="PASS" start="2024-08-07T21:16:22.935228" elapsed="0.001590"/>
</iter>
<iter>
<kw name="Dictionary Should Contain Key" owner="Collections">
<arg>${json_data['results'][0]['login']}</arg>
<arg>${keyTwo}</arg>
<doc>Fails if ``key`` is not found from ``dictionary``.</doc>
<status status="PASS" start="2024-08-07T21:16:22.937093" elapsed="0.000420"/>
</kw>
<kw name="Dictionary Should Contain Key" owner="Collections">
<arg>${json_data['results'][0]['login']}</arg>
<arg>${keyTwo}</arg>
<doc>Fails if ``key`` is not found from ``dictionary``.</doc>
<status status="PASS" start="2024-08-07T21:16:22.937693" elapsed="0.000370"/>
</kw>
<kw name="Log" owner="BuiltIn">
<msg time="2024-08-07T21:16:22.938360" level="INFO">password</msg>
<arg>${keyTwo}</arg>
<doc>Logs the given message with the given level.</doc>
<status status="PASS" start="2024-08-07T21:16:22.938240" elapsed="0.000157"/>
</kw>
<var name="${keyTwo}">password</var>
<status status="PASS" start="2024-08-07T21:16:22.936987" elapsed="0.001630"/>
</iter>
<var>${keyTwo}</var>
<value>@{expected_keysTwo}</value>
<status status="PASS" start="2024-08-07T21:16:22.935078" elapsed="0.003658"/>
</for>
<status status="PASS" start="2024-08-07T21:16:22.834448" elapsed="0.104423"/>
</kw>
<doc>Testa a estrutura da resposta da API.</doc>
<tag>testeEstruturaResposta</tag>
<status status="PASS" start="2024-08-07T21:16:22.833977" elapsed="0.105038"/>
</test>
<test id="s1-s1-t4" name="Validar tipos de dados" line="28">
<kw name="Teste de Tipos de Dados" owner="random-user-service">
<kw name="GET On Session" owner="RequestsLibrary">
<msg time="2024-08-07T21:16:23.045050" level="INFO">GET Request : url=https://randomuser.me/api 
 path_url=/api 
 headers={'User-Agent': 'python-requests/2.32.3', 'Accept-Encoding': 'gzip, deflate', 'Accept': '*/*', 'Connection': 'keep-alive'} 
 body=None 
 </msg>
<msg time="2024-08-07T21:16:23.045122" level="INFO">GET Response : url=https://randomuser.me/api 
 status=200, reason=OK 
 headers={'Date': 'Wed, 07 Aug 2024 21:16:23 GMT', 'Content-Type': 'application/json; charset=utf-8', 'Transfer-Encoding': 'chunked', 'Connection': 'keep-alive', 'X-Powered-By': 'Express', 'Access-Control-Allow-Origin': '*', 'Cache-Control': 'no-cache', 'ETag': 'W/"490-CU/Fkod82JVrIYlo6SGEY9HEy0M"', 'Vary': 'Accept-Encoding', 'Content-Encoding': 'gzip', 'CF-Cache-Status': 'DYNAMIC', 'Report-To': '{"endpoints":[{"url":"https:\\/\\/a.nel.cloudflare.com\\/report\\/v4?s=SvScgZxN33wB%2B3jeVGshRTQSn5jH5Kx9z9NIC%2FBrLMeyNn%2FYlI%2F%2B4qQi83oNZfLynHsoZ48yymX6EGvLuUgSthwKQevzZ%2FxiyjDRqUQ0FB7SKkcqsoWgefYCJ2VfODS9"}],"group":"cf-nel","max_age":604800}', 'NEL': '{"success_fraction":0,"report_to":"cf-nel","max_age":604800}', 'Server': 'cloudflare', 'CF-RAY': '8afa49936f13ce4c-SJC', 'alt-svc': 'h3=":443"; ma=86400'} 
 body={"results":[{"gender":"female","name":{"title":"Miss","first":"یسنا","last":"سالاری"},"location":{"street":{"number":5332,"name":"دکتر چمران"},"city":"کرمان","state":"گلستان","country":"Iran","postcode":39413,"coordinates":{"latitude":"17.2348","longitude":"3.4172"},"timezone":{"offset":"-7:00","description":"Mountain Time (US &amp; Canada)"}},"email":"ysn.slry@example.com","login":{"uuid":"f43284ee-5e4a-42dd-bf2a-cf0f97cc93da","username":"purplerabbit980","password":"bonehead","salt":"4sNk2Ym7","md5":"0ff4f99e382366a69fb7281d2a5f50e9","sha1":"2a7bcc15db867cf0b2c62668b40bdc5d84ea48a9","sha256":"f4ecd41988d0ee85bbc61f6e8e51baea928df5e45059f60bb92adbea0cb992aa"},"dob":{"date":"1947-09-07T16:57:35.378Z","age":76},"registered":{"date":"2021-02-21T20:14:19.172Z","age":3},"phone":"047-75286520","cell":"0944-455-2176","id":{"name":"","value":null},"picture":{"large":"https://randomuser.me/api/portraits/women/59.jpg","medium":"https://randomuser.me/api/portraits/med/women/59.jpg","thumbnail":"https://randomuser.me/api/portraits/thumb/women/59.jpg"},"nat":"IR"}],"info":{"seed":"c49a987026b227bb","results":1,"page":1,"version":"1.4"}} 
 </msg>
<msg time="2024-08-07T21:16:23.045181" level="INFO">/opt/hostedtoolcache/Python/3.12.4/x64/lib/python3.12/site-packages/urllib3/connectionpool.py:1099: InsecureRequestWarning: Unverified HTTPS request is being made to host 'randomuser.me'. Adding certificate verification is strongly advised. See: https://urllib3.readthedocs.io/en/latest/advanced-usage.html#tls-warnings
  warnings.warn(</msg>
<msg time="2024-08-07T21:16:23.045272" level="INFO">${response} = &lt;Response [200]&gt;</msg>
<var>${response}</var>
<arg>consultarAPI</arg>
<arg>/api</arg>
<doc>Sends a GET request on a previously created HTTP Session.</doc>
<status status="PASS" start="2024-08-07T21:16:22.944367" elapsed="0.100942"/>
</kw>
<kw name="Set Variable" owner="BuiltIn">
<msg time="2024-08-07T21:16:23.046204" level="INFO">${json_data} = {'results': [{'gender': 'female', 'name': {'title': 'Miss', 'first': 'یسنا', 'last': 'سالاری'}, 'location': {'street': {'number': 5332, 'name': 'دکتر چمران'}, 'city': 'کرمان', 'state': 'گلستان', 'coun...</msg>
<var>${json_data}</var>
<arg>${response.json()}</arg>
<doc>Returns the given values which can then be assigned to a variables.</doc>
<status status="PASS" start="2024-08-07T21:16:23.045736" elapsed="0.000499"/>
</kw>
<kw name="Log" owner="BuiltIn">
<msg time="2024-08-07T21:16:23.046705" level="INFO">{'results': [{'gender': 'female', 'name': {'title': 'Miss', 'first': 'یسنا', 'last': 'سالاری'}, 'location': {'street': {'number': 5332, 'name': 'دکتر چمران'}, 'city': 'کرمان', 'state': 'گلستان', 'country': 'Iran', 'postcode': 39413, 'coordinates': {'latitude': '17.2348', 'longitude': '3.4172'}, 'timezone': {'offset': '-7:00', 'description': 'Mountain Time (US &amp; Canada)'}}, 'email': 'ysn.slry@example.com', 'login': {'uuid': 'f43284ee-5e4a-42dd-bf2a-cf0f97cc93da', 'username': 'purplerabbit980', 'password': 'bonehead', 'salt': '4sNk2Ym7', 'md5': '0ff4f99e382366a69fb7281d2a5f50e9', 'sha1': '2a7bcc15db867cf0b2c62668b40bdc5d84ea48a9', 'sha256': 'f4ecd41988d0ee85bbc61f6e8e51baea928df5e45059f60bb92adbea0cb992aa'}, 'dob': {'date': '1947-09-07T16:57:35.378Z', 'age': 76}, 'registered': {'date': '2021-02-21T20:14:19.172Z', 'age': 3}, 'phone': '047-75286520', 'cell': '0944-455-2176', 'id': {'name': '', 'value': None}, 'picture': {'large': 'https://randomuser.me/api/portraits/women/59.jpg', 'medium': 'https://randomuser.me/api/portraits/med/women/59.jpg', 'thumbnail': 'https://randomuser.me/api/portraits/thumb/women/59.jpg'}, 'nat': 'IR'}], 'info': {'seed': 'c49a987026b227bb', 'results': 1, 'page': 1, 'version': '1.4'}}</msg>
<arg>${json_data}</arg>
<doc>Logs the given message with the given level.</doc>
<status status="PASS" start="2024-08-07T21:16:23.046544" elapsed="0.000212"/>
</kw>
<kw name="Should Be String" owner="String">
<arg>${json_data['results'][0]['gender']}</arg>
<doc>Fails if the given ``item`` is not a string.</doc>
<status status="PASS" start="2024-08-07T21:16:23.047060" elapsed="0.000364"/>
</kw>
<kw name="Should Match Regexp" owner="BuiltIn">
<arg>${json_data['results'][0]['email']}</arg>
<arg>^[a-zA-Z0-9._%+-]+@[a-zA-Z0-9.-]+\.[a-zA-Z]{2,}$</arg>
<doc>Fails if ``string`` does not match ``pattern`` as a regular expression.</doc>
<status status="PASS" start="2024-08-07T21:16:23.047649" elapsed="0.000505"/>
</kw>
<kw name="Should Match Regexp" owner="BuiltIn">
<arg>${json_data['results'][0]['dob']['date']}</arg>
<arg>\\d{4}-\\d{2}-\\d{2}T\\d{2}:\\d{2}:\\d{2}\\.\\d{3}Z</arg>
<doc>Fails if ``string`` does not match ``pattern`` as a regular expression.</doc>
<status status="PASS" start="2024-08-07T21:16:23.048349" elapsed="0.000600"/>
</kw>
<kw name="Should Match Regexp" owner="BuiltIn">
<arg>${json_data['results'][0]['registered']['date']}</arg>
<arg>\\d{4}-\\d{2}-\\d{2}T\\d{2}:\\d{2}:\\d{2}\\.\\d{3}Z</arg>
<doc>Fails if ``string`` does not match ``pattern`` as a regular expression.</doc>
<status status="PASS" start="2024-08-07T21:16:23.049142" elapsed="0.000399"/>
</kw>
<kw name="Should Match Regexp" owner="BuiltIn">
<arg>${json_data['results'][0]['picture']['large']}</arg>
<arg>^https?://.*\.(?:png|jpe?g|gif|bmp)$</arg>
<doc>Fails if ``string`` does not match ``pattern`` as a regular expression.</doc>
<status status="PASS" start="2024-08-07T21:16:23.049733" elapsed="0.000470"/>
</kw>
<kw name="Should Match Regexp" owner="BuiltIn">
<arg>${json_data['results'][0]['picture']['medium']}</arg>
<arg>^https?://.*\.(?:png|jpe?g|gif|bmp)$</arg>
<doc>Fails if ``string`` does not match ``pattern`` as a regular expression.</doc>
<status status="PASS" start="2024-08-07T21:16:23.050391" elapsed="0.000370"/>
</kw>
<kw name="Should Match Regexp" owner="BuiltIn">
<arg>${json_data['results'][0]['picture']['thumbnail']}</arg>
<arg>^https?://.*\.(?:png|jpe?g|gif|bmp)$</arg>
<doc>Fails if ``string`` does not match ``pattern`` as a regular expression.</doc>
<status status="PASS" start="2024-08-07T21:16:23.050946" elapsed="0.000352"/>
</kw>
<kw name="Log" owner="BuiltIn">
<msg time="2024-08-07T21:16:23.051800" level="INFO">{'large': 'https://randomuser.me/api/portraits/women/59.jpg', 'medium': 'https://randomuser.me/api/portraits/med/women/59.jpg', 'thumbnail': 'https://randomuser.me/api/portraits/thumb/women/59.jpg'}</msg>
<arg>${json_data['results'][0]['picture']}</arg>
<doc>Logs the given message with the given level.</doc>
<status status="PASS" start="2024-08-07T21:16:23.051478" elapsed="0.000365"/>
</kw>
<status status="PASS" start="2024-08-07T21:16:22.943628" elapsed="0.108471"/>
</kw>
<kw name="Teste de Tipos de Dados - Postcode" owner="random-user-service">
<kw name="GET On Session" owner="RequestsLibrary">
<msg time="2024-08-07T21:16:23.145343" level="INFO">GET Request : url=https://randomuser.me/api 
 path_url=/api 
 headers={'User-Agent': 'python-requests/2.32.3', 'Accept-Encoding': 'gzip, deflate', 'Accept': '*/*', 'Connection': 'keep-alive'} 
 body=None 
 </msg>
<msg time="2024-08-07T21:16:23.145405" level="INFO">GET Response : url=https://randomuser.me/api 
 status=200, reason=OK 
 headers={'Date': 'Wed, 07 Aug 2024 21:16:23 GMT', 'Content-Type': 'application/json; charset=utf-8', 'Transfer-Encoding': 'chunked', 'Connection': 'keep-alive', 'X-Powered-By': 'Express', 'Access-Control-Allow-Origin': '*', 'Cache-Control': 'no-cache', 'ETag': 'W/"4a6-eKMlc8z/eHafegj0l6zOC1B0Jdk"', 'Vary': 'Accept-Encoding', 'Content-Encoding': 'gzip', 'CF-Cache-Status': 'DYNAMIC', 'Report-To': '{"endpoints":[{"url":"https:\\/\\/a.nel.cloudflare.com\\/report\\/v4?s=eGv08qxNXzCmp9h8tNCndP%2BSrd%2BpgnKR1NBhhhR8N4Sg2sEuzOn8T2tkVii%2FPLx4XEWRRSWC%2FfM7u%2FyVWroXEFR7pUsk1b%2FcopRFVLnlQWtIZrtT7XnSqxDls%2Fi9xZzr"}],"group":"cf-nel","max_age":604800}', 'NEL': '{"success_fraction":0,"report_to":"cf-nel","max_age":604800}', 'Server': 'cloudflare', 'CF-RAY': '8afa49941f8dce4c-SJC', 'alt-svc': 'h3=":443"; ma=86400'} 
 body={"results":[{"gender":"male","name":{"title":"Mr","first":"Reinhold","last":"Hille"},"location":{"street":{"number":6003,"name":"Bergstraße"},"city":"Marktredwitz","state":"Mecklenburg-Vorpommern","country":"Germany","postcode":36370,"coordinates":{"latitude":"-53.2814","longitude":"-131.1811"},"timezone":{"offset":"-6:00","description":"Central Time (US &amp; Canada), Mexico City"}},"email":"reinhold.hille@example.com","login":{"uuid":"c5391874-5446-41d3-a6a2-4a1f39644cc7","username":"purpledog340","password":"gggg","salt":"tpqAfYlk","md5":"8bbc8dcb0b92c69a413dcde4624593ee","sha1":"0b24c53550831424675627b424f03a4c2b9fb34a","sha256":"5ecb5278c040034ee8afb01945ba969f187029be7dfb52958512a7125c43fe88"},"dob":{"date":"1981-09-03T02:51:18.750Z","age":42},"registered":{"date":"2004-05-29T00:03:09.071Z","age":20},"phone":"0254-2288494","cell":"0179-3128723","id":{"name":"SVNR","value":"76 020981 H 286"},"picture":{"large":"https://randomuser.me/api/portraits/men/95.jpg","medium":"https://randomuser.me/api/portraits/med/men/95.jpg","thumbnail":"https://randomuser.me/api/portraits/thumb/men/95.jpg"},"nat":"DE"}],"info":{"seed":"1325b715b98604e2","results":1,"page":1,"version":"1.4"}} 
 </msg>
<msg time="2024-08-07T21:16:23.145486" level="INFO">/opt/hostedtoolcache/Python/3.12.4/x64/lib/python3.12/site-packages/urllib3/connectionpool.py:1099: InsecureRequestWarning: Unverified HTTPS request is being made to host 'randomuser.me'. Adding certificate verification is strongly advised. See: https://urllib3.readthedocs.io/en/latest/advanced-usage.html#tls-warnings
  warnings.warn(</msg>
<msg time="2024-08-07T21:16:23.145574" level="INFO">${response} = &lt;Response [200]&gt;</msg>
<var>${response}</var>
<arg>consultarAPI</arg>
<arg>/api</arg>
<doc>Sends a GET request on a previously created HTTP Session.</doc>
<status status="PASS" start="2024-08-07T21:16:23.052519" elapsed="0.093092"/>
</kw>
<kw name="Set Variable" owner="BuiltIn">
<msg time="2024-08-07T21:16:23.146621" level="INFO">${json_data} = {'results': [{'gender': 'male', 'name': {'title': 'Mr', 'first': 'Reinhold', 'last': 'Hille'}, 'location': {'street': {'number': 6003, 'name': 'Bergstraße'}, 'city': 'Marktredwitz', 'state': 'Mecklenb...</msg>
<var>${json_data}</var>
<arg>${response.json()}</arg>
<doc>Returns the given values which can then be assigned to a variables.</doc>
<status status="PASS" start="2024-08-07T21:16:23.146054" elapsed="0.000597"/>
</kw>
<kw name="Log" owner="BuiltIn">
<msg time="2024-08-07T21:16:23.147109" level="INFO">{'results': [{'gender': 'male', 'name': {'title': 'Mr', 'first': 'Reinhold', 'last': 'Hille'}, 'location': {'street': {'number': 6003, 'name': 'Bergstraße'}, 'city': 'Marktredwitz', 'state': 'Mecklenburg-Vorpommern', 'country': 'Germany', 'postcode': 36370, 'coordinates': {'latitude': '-53.2814', 'longitude': '-131.1811'}, 'timezone': {'offset': '-6:00', 'description': 'Central Time (US &amp; Canada), Mexico City'}}, 'email': 'reinhold.hille@example.com', 'login': {'uuid': 'c5391874-5446-41d3-a6a2-4a1f39644cc7', 'username': 'purpledog340', 'password': 'gggg', 'salt': 'tpqAfYlk', 'md5': '8bbc8dcb0b92c69a413dcde4624593ee', 'sha1': '0b24c53550831424675627b424f03a4c2b9fb34a', 'sha256': '5ecb5278c040034ee8afb01945ba969f187029be7dfb52958512a7125c43fe88'}, 'dob': {'date': '1981-09-03T02:51:18.750Z', 'age': 42}, 'registered': {'date': '2004-05-29T00:03:09.071Z', 'age': 20}, 'phone': '0254-2288494', 'cell': '0179-3128723', 'id': {'name': 'SVNR', 'value': '76 020981 H 286'}, 'picture': {'large': 'https://randomuser.me/api/portraits/men/95.jpg', 'medium': 'https://randomuser.me/api/portraits/med/men/95.jpg', 'thumbnail': 'https://randomuser.me/api/portraits/thumb/men/95.jpg'}, 'nat': 'DE'}], 'info': {'seed': '1325b715b98604e2', 'results': 1, 'page': 1, 'version': '1.4'}}</msg>
<arg>${json_data}</arg>
<doc>Logs the given message with the given level.</doc>
<status status="PASS" start="2024-08-07T21:16:23.146954" elapsed="0.000205"/>
</kw>
<kw name="Should Be Equal As Numbers" owner="BuiltIn">
<arg>${json_data['results'][0]['location']['postcode']}</arg>
<arg>${json_data['results'][0]['location']['postcode']}</arg>
<doc>Fails if objects are unequal after converting them to real numbers.</doc>
<status status="PASS" start="2024-08-07T21:16:23.147452" elapsed="0.000612"/>
</kw>
<kw name="Log" owner="BuiltIn">
<msg time="2024-08-07T21:16:23.148627" level="INFO">36370</msg>
<arg>${json_data['results'][0]['location']['postcode']}</arg>
<doc>Logs the given message with the given level.</doc>
<status status="PASS" start="2024-08-07T21:16:23.148280" elapsed="0.000388"/>
</kw>
<status status="PASS" start="2024-08-07T21:16:23.052306" elapsed="0.096611"/>
</kw>
<doc>Testa se os tipos de dados na resposta da API estão corretos.</doc>
<tag>testeTiposDados</tag>
<status status="PASS" start="2024-08-07T21:16:22.942096" elapsed="0.206974"/>
</test>
<test id="s1-s1-t5" name="Validar conteudo" line="35">
<kw name="Teste de Tipos de Conteudo" owner="random-user-service">
<kw name="GET On Session" owner="RequestsLibrary">
<msg time="2024-08-07T21:16:23.255377" level="INFO">GET Request : url=https://randomuser.me/api 
 path_url=/api 
 headers={'User-Agent': 'python-requests/2.32.3', 'Accept-Encoding': 'gzip, deflate', 'Accept': '*/*', 'Connection': 'keep-alive'} 
 body=None 
 </msg>
<msg time="2024-08-07T21:16:23.255476" level="INFO">GET Response : url=https://randomuser.me/api 
 status=200, reason=OK 
 headers={'Date': 'Wed, 07 Aug 2024 21:16:23 GMT', 'Content-Type': 'application/json; charset=utf-8', 'Transfer-Encoding': 'chunked', 'Connection': 'keep-alive', 'X-Powered-By': 'Express', 'Access-Control-Allow-Origin': '*', 'Cache-Control': 'no-cache', 'ETag': 'W/"486-i3P3p61X9BWabooV0oyebuzsnsQ"', 'Vary': 'Accept-Encoding', 'Content-Encoding': 'gzip', 'CF-Cache-Status': 'DYNAMIC', 'Report-To': '{"endpoints":[{"url":"https:\\/\\/a.nel.cloudflare.com\\/report\\/v4?s=36fxmi%2B4NnxYXVyJj%2BKyMF6hUy38A0A15R8adtvo6iTPLWykDlnqx1tbqlIf%2BpG4qiMmktShl9TlO8Q7l5vZOh6o2OfKxohtcOYK%2F69bZp0nvFnYtvPRvltpYC3XsAMP"}],"group":"cf-nel","max_age":604800}', 'NEL': '{"success_fraction":0,"report_to":"cf-nel","max_age":604800}', 'Server': 'cloudflare', 'CF-RAY': '8afa4994bff0ce4c-SJC', 'alt-svc': 'h3=":443"; ma=86400'} 
 body={"results":[{"gender":"male","name":{"title":"Mr","first":"Henner","last":"Hack"},"location":{"street":{"number":5652,"name":"Berliner Straße"},"city":"Leipheim","state":"Sachsen","country":"Germany","postcode":89311,"coordinates":{"latitude":"-49.3131","longitude":"-143.7927"},"timezone":{"offset":"-11:00","description":"Midway Island, Samoa"}},"email":"henner.hack@example.com","login":{"uuid":"740917ce-8f4d-4bd7-8a5d-b463f53393fd","username":"goldensnake742","password":"pa55w0rd","salt":"I0sYU3EX","md5":"28ddc79fbcfb28312bce4b5dcfce5361","sha1":"cd8bb8aa92e55849333e82860fa8ac2f096baebc","sha256":"de0759a8b28d0118180f53ab426c04772c3814c312c5a596b2eb037b62079637"},"dob":{"date":"1960-08-17T09:40:16.996Z","age":63},"registered":{"date":"2010-04-26T01:49:14.027Z","age":14},"phone":"0931-2519800","cell":"0176-1953083","id":{"name":"SVNR","value":"13 170860 H 472"},"picture":{"large":"https://randomuser.me/api/portraits/men/20.jpg","medium":"https://randomuser.me/api/portraits/med/men/20.jpg","thumbnail":"https://randomuser.me/api/portraits/thumb/men/20.jpg"},"nat":"DE"}],"info":{"seed":"975be6ceff169c64","results":1,"page":1,"version":"1.4"}} 
 </msg>
<msg time="2024-08-07T21:16:23.255580" level="INFO">/opt/hostedtoolcache/Python/3.12.4/x64/lib/python3.12/site-packages/urllib3/connectionpool.py:1099: InsecureRequestWarning: Unverified HTTPS request is being made to host 'randomuser.me'. Adding certificate verification is strongly advised. See: https://urllib3.readthedocs.io/en/latest/advanced-usage.html#tls-warnings
  warnings.warn(</msg>
<msg time="2024-08-07T21:16:23.255724" level="INFO">${response} = &lt;Response [200]&gt;</msg>
<var>${response}</var>
<arg>consultarAPI</arg>
<arg>/api</arg>
<doc>Sends a GET request on a previously created HTTP Session.</doc>
<status status="PASS" start="2024-08-07T21:16:23.151522" elapsed="0.104248"/>
</kw>
<kw name="Set Variable" owner="BuiltIn">
<msg time="2024-08-07T21:16:23.256977" level="INFO">${json_data} = {'results': [{'gender': 'male', 'name': {'title': 'Mr', 'first': 'Henner', 'last': 'Hack'}, 'location': {'street': {'number': 5652, 'name': 'Berliner Straße'}, 'city': 'Leipheim', 'state': 'Sachsen', ...</msg>
<var>${json_data}</var>
<arg>${response.json()}</arg>
<doc>Returns the given values which can then be assigned to a variables.</doc>
<status status="PASS" start="2024-08-07T21:16:23.256290" elapsed="0.000730"/>
</kw>
<kw name="Set Variable" owner="BuiltIn">
<msg time="2024-08-07T21:16:23.258096" level="INFO">${name_title} = Mr</msg>
<var>${name_title}</var>
<arg>${json_data["results"][0]["name"]["title"]}</arg>
<doc>Returns the given values which can then be assigned to a variables.</doc>
<status status="PASS" start="2024-08-07T21:16:23.257475" elapsed="0.000665"/>
</kw>
<kw name="Create List" owner="BuiltIn">
<msg time="2024-08-07T21:16:23.258850" level="INFO">${allowed_titles} = ['Mr', 'Ms', 'Miss', 'Mrs', 'Madame', 'Monsieur']</msg>
<var>${allowed_titles}</var>
<arg>Mr</arg>
<arg>Ms</arg>
<arg>Miss</arg>
<arg>Mrs</arg>
<arg>Madame</arg>
<arg>Monsieur</arg>
<doc>Returns a list containing given items.</doc>
<status status="PASS" start="2024-08-07T21:16:23.258606" elapsed="0.000291"/>
</kw>
<kw name="List Should Contain Value" owner="Collections">
<arg>${allowed_titles}</arg>
<arg>${name_title}</arg>
<doc>Fails if the ``value`` is not found from ``list``.</doc>
<status status="PASS" start="2024-08-07T21:16:23.259256" elapsed="0.000183"/>
</kw>
<kw name="Set Variable" owner="BuiltIn">
<msg time="2024-08-07T21:16:23.260028" level="INFO">${name_country} = DE</msg>
<var>${name_country}</var>
<arg>${json_data["results"][0]["nat"]}</arg>
<doc>Returns the given values which can then be assigned to a variables.</doc>
<status status="PASS" start="2024-08-07T21:16:23.259637" elapsed="0.000418"/>
</kw>
<kw name="Create List" owner="BuiltIn">
<msg time="2024-08-07T21:16:23.260952" level="INFO">${list_country} = ['AD', 'AE', 'AF', 'AG', 'AI', 'AL', 'AM', 'AO', 'AQ', 'AR', 'AS', 'AT', 'AU', 'AW', 'AX', 'AZ', 'BA', 'BB', 'BD', 'BE', 'BF', 'BG', 'BH', 'BI', 'BJ', 'BL', 'BM', 'BN', 'BO', 'BQ', 'BR', 'BS', 'BT', '...</msg>
<var>${list_country}</var>
<arg>AD</arg>
<arg>AE</arg>
<arg>AF</arg>
<arg>AG</arg>
<arg>AI</arg>
<arg>AL</arg>
<arg>AM</arg>
<arg>AO</arg>
<arg>AQ</arg>
<arg>AR</arg>
<arg>AS</arg>
<arg>AT</arg>
<arg>AU</arg>
<arg>AW</arg>
<arg>AX</arg>
<arg>AZ</arg>
<arg>BA</arg>
<arg>BB</arg>
<arg>BD</arg>
<arg>BE</arg>
<arg>BF</arg>
<arg>BG</arg>
<arg>BH</arg>
<arg>BI</arg>
<arg>BJ</arg>
<arg>BL</arg>
<arg>BM</arg>
<arg>BN</arg>
<arg>BO</arg>
<arg>BQ</arg>
<arg>BR</arg>
<arg>BS</arg>
<arg>BT</arg>
<arg>BV</arg>
<arg>BW</arg>
<arg>BY</arg>
<arg>BZ</arg>
<arg>CA</arg>
<arg>CC</arg>
<arg>CD</arg>
<arg>CF</arg>
<arg>CG</arg>
<arg>CH</arg>
<arg>CI</arg>
<arg>CK</arg>
<arg>CL</arg>
<arg>CM</arg>
<arg>CN</arg>
<arg>CO</arg>
<arg>CR</arg>
<arg>CU</arg>
<arg>CV</arg>
<arg>CW</arg>
<arg>CX</arg>
<arg>CY</arg>
<arg>CZ</arg>
<arg>DE</arg>
<arg>DJ</arg>
<arg>DK</arg>
<arg>DM</arg>
<arg>DO</arg>
<arg>DZ</arg>
<arg>EC</arg>
<arg>EE</arg>
<arg>EG</arg>
<arg>EH</arg>
<arg>ER</arg>
<arg>ES</arg>
<arg>ET</arg>
<arg>FI</arg>
<arg>FJ</arg>
<arg>FK</arg>
<arg>FM</arg>
<arg>FO</arg>
<arg>FR</arg>
<arg>GA</arg>
<arg>GB</arg>
<arg>GD</arg>
<arg>GE</arg>
<arg>GF</arg>
<arg>GG</arg>
<arg>GH</arg>
<arg>GI</arg>
<arg>GL</arg>
<arg>GM</arg>
<arg>GN</arg>
<arg>GP</arg>
<arg>GQ</arg>
<arg>GR</arg>
<arg>GS</arg>
<arg>GT</arg>
<arg>GU</arg>
<arg>GW</arg>
<arg>GY</arg>
<arg>HK</arg>
<arg>HM</arg>
<arg>HN</arg>
<arg>HR</arg>
<arg>HT</arg>
<arg>HU</arg>
<arg>ID</arg>
<arg>IE</arg>
<arg>IL</arg>
<arg>IM</arg>
<arg>IN</arg>
<arg>IO</arg>
<arg>IQ</arg>
<arg>IR</arg>
<arg>IS</arg>
<arg>IT</arg>
<arg>JE</arg>
<arg>JM</arg>
<arg>JO</arg>
<arg>JP</arg>
<arg>KE</arg>
<arg>KG</arg>
<arg>KH</arg>
<arg>KI</arg>
<arg>KM</arg>
<arg>KN</arg>
<arg>KP</arg>
<arg>KR</arg>
<arg>KW</arg>
<arg>KY</arg>
<arg>KZ</arg>
<arg>LA</arg>
<arg>LB</arg>
<arg>LC</arg>
<arg>LI</arg>
<arg>LK</arg>
<arg>LR</arg>
<arg>LS</arg>
<arg>LT</arg>
<arg>LU</arg>
<arg>LV</arg>
<arg>LY</arg>
<arg>MA</arg>
<arg>MC</arg>
<arg>MD</arg>
<arg>ME</arg>
<arg>MF</arg>
<arg>MG</arg>
<arg>MH</arg>
<arg>MK</arg>
<arg>ML</arg>
<arg>MM</arg>
<arg>MN</arg>
<arg>MO</arg>
<arg>MP</arg>
<arg>MQ</arg>
<arg>MR</arg>
<arg>MS</arg>
<arg>MT</arg>
<arg>MU</arg>
<arg>MV</arg>
<arg>MW</arg>
<arg>MX</arg>
<arg>MY</arg>
<arg>MZ</arg>
<arg>NA</arg>
<arg>NC</arg>
<arg>NE</arg>
<arg>NF</arg>
<arg>NG</arg>
<arg>NI</arg>
<arg>NL</arg>
<arg>NO</arg>
<arg>NP</arg>
<arg>NR</arg>
<arg>NU</arg>
<arg>NZ</arg>
<arg>OM</arg>
<arg>PA</arg>
<arg>PE</arg>
<arg>PF</arg>
<arg>PG</arg>
<arg>PH</arg>
<arg>PK</arg>
<arg>PL</arg>
<arg>PM</arg>
<arg>PN</arg>
<arg>PR</arg>
<arg>PS</arg>
<arg>PT</arg>
<arg>PW</arg>
<arg>PY</arg>
<arg>QA</arg>
<arg>RE</arg>
<arg>RO</arg>
<arg>RS</arg>
<arg>RU</arg>
<arg>RW</arg>
<arg>SA</arg>
<arg>SB</arg>
<arg>SC</arg>
<arg>SD</arg>
<arg>SE</arg>
<arg>SG</arg>
<arg>SH</arg>
<arg>SI</arg>
<arg>SJ</arg>
<arg>SK</arg>
<arg>SL</arg>
<arg>SM</arg>
<arg>SN</arg>
<arg>SO</arg>
<arg>SR</arg>
<arg>SS</arg>
<arg>ST</arg>
<arg>SV</arg>
<arg>SX</arg>
<arg>SY</arg>
<arg>SZ</arg>
<arg>TC</arg>
<arg>TD</arg>
<arg>TF</arg>
<arg>TG</arg>
<arg>TH</arg>
<arg>TJ</arg>
<arg>TK</arg>
<arg>TL</arg>
<arg>TM</arg>
<arg>TN</arg>
<arg>TO</arg>
<arg>TR</arg>
<arg>TT</arg>
<arg>TV</arg>
<arg>TW</arg>
<arg>TZ</arg>
<arg>UA</arg>
<arg>UG</arg>
<arg>UM</arg>
<arg>US</arg>
<arg>UY</arg>
<arg>UZ</arg>
<arg>VA</arg>
<arg>VC</arg>
<arg>VE</arg>
<arg>VG</arg>
<arg>VI</arg>
<arg>VN</arg>
<arg>VU</arg>
<arg>WF</arg>
<arg>WS</arg>
<arg>XK</arg>
<arg>YE</arg>
<arg>YT</arg>
<arg>ZA</arg>
<arg>ZM</arg>
<arg>ZW</arg>
<doc>Returns a list containing given items.</doc>
<status status="PASS" start="2024-08-07T21:16:23.260353" elapsed="0.000625"/>
</kw>
<kw name="List Should Contain Value" owner="Collections">
<arg>${list_country}</arg>
<arg>${name_country}</arg>
<doc>Fails if the ``value`` is not found from ``list``.</doc>
<status status="PASS" start="2024-08-07T21:16:23.261946" elapsed="0.000220"/>
</kw>
<kw name="Run Keyword If" owner="BuiltIn">
<kw name="Should Be True" owner="BuiltIn">
<arg>${True}</arg>
<doc>Fails if the given condition is not true.</doc>
<status status="PASS" start="2024-08-07T21:16:23.263111" elapsed="0.000144"/>
</kw>
<arg>${json_data["results"][0]["location"]["coordinates"]["latitude"]} &gt;= -90 and ${json_data["results"][0]["location"]["coordinates"]["latitude"]} &lt;= 90</arg>
<arg>Should Be True</arg>
<arg>${True}</arg>
<doc>Runs the given keyword with the given arguments, if ``condition`` is true.</doc>
<status status="PASS" start="2024-08-07T21:16:23.262365" elapsed="0.001018"/>
</kw>
<kw name="Run Keyword If" owner="BuiltIn">
<kw name="Should Be True" owner="BuiltIn">
<arg>${True}</arg>
<doc>Fails if the given condition is not true.</doc>
<status status="PASS" start="2024-08-07T21:16:23.264256" elapsed="0.000137"/>
</kw>
<arg>${json_data["results"][0]["location"]["coordinates"]["longitude"]} &gt;= -180 and ${json_data["results"][0]["location"]["coordinates"]["longitude"]} &lt;= 180</arg>
<arg>Should Be True</arg>
<arg>${True}</arg>
<doc>Runs the given keyword with the given arguments, if ``condition`` is true.</doc>
<status status="PASS" start="2024-08-07T21:16:23.263566" elapsed="0.000951"/>
</kw>
<status status="PASS" start="2024-08-07T21:16:23.151298" elapsed="0.113348"/>
</kw>
<doc>Testa o conteúdo específico dos campos retornados pela API.</doc>
<tag>testeConteudo</tag>
<status status="PASS" start="2024-08-07T21:16:23.150814" elapsed="0.113977"/>
</test>
<status status="PASS" start="2024-08-07T21:16:22.196632" elapsed="1.070136"/>
</suite>
<status status="PASS" start="2024-08-07T21:16:22.181928" elapsed="1.089890"/>
</suite>
<statistics>
<total>
<stat pass="5" fail="0" skip="0">All Tests</stat>
</total>
<tag>
<stat pass="1" fail="0" skip="0">testeConteudo</stat>
<stat pass="1" fail="0" skip="0">testeEstruturaResposta</stat>
<stat pass="1" fail="0" skip="0">testeRequisicaoBasica</stat>
<stat pass="1" fail="0" skip="0">testeTiposDados</stat>
</tag>
<suite>
<stat pass="5" fail="0" skip="0" id="s1" name="Tests">Tests</stat>
<stat pass="5" fail="0" skip="0" id="s1-s1" name="Random-User-Test">Tests.Random-User-Test</stat>
</suite>
</statistics>
<errors>
</errors>
</robot>
