<?xml version="1.0" encoding="UTF-8"?>
<robot generator="Robot 7.0.1 (Python 3.12.3 on linux)" generated="2024-06-14T06:21:06.720523" rpa="false" schemaversion="5">
<suite id="s1" name="Tests" source="/home/runner/work/ApiRandomUser/ApiRandomUser/RamdonUser/tests">
<suite id="s1-s1" name="Random-User-Test" source="/home/runner/work/ApiRandomUser/ApiRandomUser/RamdonUser/tests/random-user-test.robot">
<test id="s1-s1-t1" name="Conectar" line="13">
<kw name="Conectar API" owner="random-user-service">
<kw name="Create Session" owner="RequestsLibrary">
<msg time="2024-06-14T06:21:07.111382" level="INFO">Creating Session using : alias=consultarAPI, url=https://randomuser.me/, headers={},                     cookies={}, auth=None, timeout=None, proxies=None, verify=False,                     debug=0 </msg>
<arg>consultarAPI</arg>
<arg>${URL}</arg>
<doc>Create Session: create a HTTP session to a server</doc>
<status status="PASS" start="2024-06-14T06:21:07.111176" elapsed="0.000393"/>
</kw>
<status status="PASS" start="2024-06-14T06:21:07.110078" elapsed="0.001858"/>
</kw>
<status status="PASS" start="2024-06-14T06:21:07.109470" elapsed="0.002663"/>
</test>
<test id="s1-s1-t2" name="Validar retorno 200 e JSON Válido" line="16">
<kw name="Teste de Requisicao Basica" owner="random-user-service">
<kw name="GET On Session" owner="RequestsLibrary">
<msg time="2024-06-14T06:21:07.311344" level="INFO">GET Request : url=https://randomuser.me/api 
 path_url=/api 
 headers={'User-Agent': 'python-requests/2.32.3', 'Accept-Encoding': 'gzip, deflate', 'Accept': '*/*', 'Connection': 'keep-alive'} 
 body=None 
 </msg>
<msg time="2024-06-14T06:21:07.311491" level="INFO">GET Response : url=https://randomuser.me/api 
 status=200, reason=OK 
 headers={'Date': 'Fri, 14 Jun 2024 06:21:07 GMT', 'Content-Type': 'application/json; charset=utf-8', 'Transfer-Encoding': 'chunked', 'Connection': 'keep-alive', 'X-Powered-By': 'Express', 'Access-Control-Allow-Origin': '*', 'Cache-Control': 'no-cache', 'ETag': 'W/"47b-oqMuzihPc8JsBu6IOoS1/y95xNk"', 'Vary': 'Accept-Encoding', 'Content-Encoding': 'gzip', 'CF-Cache-Status': 'DYNAMIC', 'Report-To': '{"endpoints":[{"url":"https:\\/\\/a.nel.cloudflare.com\\/report\\/v4?s=Bs%2FNVp43AOrroXDcVe9jJrtdbcoZiW91te%2FxnEIF13H%2B8ZQYS8twoRG3gjRpaHMf8vSPgMMBVR4JHfJVnAggzAKTqaLQhf3BPDiPtZtt0kLUgkqdHq9ZP1gZW4SZ7P%2B8"}],"group":"cf-nel","max_age":604800}', 'NEL': '{"success_fraction":0,"report_to":"cf-nel","max_age":604800}', 'Server': 'cloudflare', 'CF-RAY': '893837e88861241d-IAD', 'alt-svc': 'h3=":443"; ma=86400'} 
 body={"results":[{"gender":"male","name":{"title":"Mr","first":"Brennan","last":"Bowman"},"location":{"street":{"number":3348,"name":"Spring Hill Rd"},"city":"Shepparton","state":"South Australia","country":"Australia","postcode":5798,"coordinates":{"latitude":"-84.6127","longitude":"-151.6709"},"timezone":{"offset":"-10:00","description":"Hawaii"}},"email":"brennan.bowman@example.com","login":{"uuid":"1115cc84-8fe0-4633-ac33-fdfab3b26325","username":"brownduck994","password":"rocker","salt":"G94aAlpj","md5":"8de8d9cbb3dcba48d444fdbe8bbbe874","sha1":"6ebc186b278726fe8f9a2cd39add467ccb9188af","sha256":"405a360250d7f7c82e724b7c587317da104b47e9cefe846696e1a6d03137c8d4"},"dob":{"date":"1991-01-04T06:44:28.721Z","age":33},"registered":{"date":"2022-05-22T21:44:03.192Z","age":2},"phone":"07-2713-2137","cell":"0439-745-883","id":{"name":"TFN","value":"549661911"},"picture":{"large":"https://randomuser.me/api/portraits/men/67.jpg","medium":"https://randomuser.me/api/portraits/med/men/67.jpg","thumbnail":"https://randomuser.me/api/portraits/thumb/men/67.jpg"},"nat":"AU"}],"info":{"seed":"2ad6bf8c6660cc3b","results":1,"page":1,"version":"1.4"}} 
 </msg>
<msg time="2024-06-14T06:21:07.311572" level="INFO">/opt/hostedtoolcache/Python/3.12.3/x64/lib/python3.12/site-packages/urllib3/connectionpool.py:1103: InsecureRequestWarning: Unverified HTTPS request is being made to host 'randomuser.me'. Adding certificate verification is strongly advised. See: https://urllib3.readthedocs.io/en/latest/advanced-usage.html#tls-warnings
  warnings.warn(</msg>
<msg time="2024-06-14T06:21:07.311720" level="INFO">${response} = &lt;Response [200]&gt;</msg>
<var>${response}</var>
<arg>consultarAPI</arg>
<arg>/api</arg>
<doc>Sends a GET request on a previously created HTTP Session.</doc>
<status status="PASS" start="2024-06-14T06:21:07.114825" elapsed="0.196937"/>
</kw>
<kw name="Should Be Equal As Numbers" owner="BuiltIn">
<msg time="2024-06-14T06:21:07.312731" level="INFO">Argument types are:
&lt;class 'int'&gt;
&lt;class 'str'&gt;</msg>
<arg>${response.status_code}</arg>
<arg>200</arg>
<doc>Fails if objects are unequal after converting them to real numbers.</doc>
<status status="PASS" start="2024-06-14T06:21:07.312283" elapsed="0.000514"/>
</kw>
<kw name="Log" owner="BuiltIn">
<msg time="2024-06-14T06:21:07.313481" level="INFO">200</msg>
<arg>${response.status_code}</arg>
<doc>Logs the given message with the given level.</doc>
<status status="PASS" start="2024-06-14T06:21:07.313133" elapsed="0.000395"/>
</kw>
<kw name="Set Variable" owner="BuiltIn">
<msg time="2024-06-14T06:21:07.314261" level="INFO">${json_data} = {'results': [{'gender': 'male', 'name': {'title': 'Mr', 'first': 'Brennan', 'last': 'Bowman'}, 'location': {'street': {'number': 3348, 'name': 'Spring Hill Rd'}, 'city': 'Shepparton', 'state': 'South ...</msg>
<var>${json_data}</var>
<arg>${response.json()}</arg>
<doc>Returns the given values which can then be assigned to a variables.</doc>
<status status="PASS" start="2024-06-14T06:21:07.313833" elapsed="0.000456"/>
</kw>
<kw name="Dictionary Should Contain Key" owner="Collections">
<arg>${json_data}</arg>
<arg>results</arg>
<doc>Fails if ``key`` is not found from ``dictionary``.</doc>
<status status="PASS" start="2024-06-14T06:21:07.314592" elapsed="0.000210"/>
</kw>
<status status="PASS" start="2024-06-14T06:21:07.114548" elapsed="0.200415"/>
</kw>
<doc>Testa se a API responde corretamente e retorna um objeto JSON válido.</doc>
<tag>testeRequisicaoBasica</tag>
<status status="PASS" start="2024-06-14T06:21:07.113994" elapsed="0.201147"/>
</test>
<test id="s1-s1-t3" name="Validar estrutura de resposta" line="22">
<kw name="Teste de Estrutura de Resposta" owner="random-user-service">
<kw name="GET On Session" owner="RequestsLibrary">
<msg time="2024-06-14T06:21:07.416889" level="INFO">GET Request : url=https://randomuser.me/api 
 path_url=/api 
 headers={'User-Agent': 'python-requests/2.32.3', 'Accept-Encoding': 'gzip, deflate', 'Accept': '*/*', 'Connection': 'keep-alive'} 
 body=None 
 </msg>
<msg time="2024-06-14T06:21:07.416988" level="INFO">GET Response : url=https://randomuser.me/api 
 status=200, reason=OK 
 headers={'Date': 'Fri, 14 Jun 2024 06:21:07 GMT', 'Content-Type': 'application/json; charset=utf-8', 'Transfer-Encoding': 'chunked', 'Connection': 'keep-alive', 'X-Powered-By': 'Express', 'Access-Control-Allow-Origin': '*', 'Cache-Control': 'no-cache', 'ETag': 'W/"4b5-xYliQuQSOqvYieTIGvDc1IlWnKs"', 'Vary': 'Accept-Encoding', 'Content-Encoding': 'gzip', 'CF-Cache-Status': 'DYNAMIC', 'Report-To': '{"endpoints":[{"url":"https:\\/\\/a.nel.cloudflare.com\\/report\\/v4?s=1kU0o%2Bb18PPQ8amXzhV7eQnBKZNw6TYtIeXr26jbO5so1lNN7eXasG22AIW%2BvtCLK57hTTDqxk30qUr3QI2%2BWq%2BM1%2FXT0ccZ0SFoe9N%2FpAnX1kPY32GgqzLBltKXYOoc"}],"group":"cf-nel","max_age":604800}', 'NEL': '{"success_fraction":0,"report_to":"cf-nel","max_age":604800}', 'Server': 'cloudflare', 'CF-RAY': '893837e8c8b0241d-IAD', 'alt-svc': 'h3=":443"; ma=86400'} 
 body={"results":[{"gender":"female","name":{"title":"Mrs","first":"Cailane","last":"da Mata"},"location":{"street":{"number":9479,"name":"Avenida Vinícius de Morais"},"city":"Lauro de Freitas","state":"São Paulo","country":"Brazil","postcode":20327,"coordinates":{"latitude":"-77.6698","longitude":"178.6511"},"timezone":{"offset":"+9:00","description":"Tokyo, Seoul, Osaka, Sapporo, Yakutsk"}},"email":"cailane.damata@example.com","login":{"uuid":"146df17e-128b-4825-bf84-5b6a035d8249","username":"crazygoose747","password":"leader","salt":"hISHkvC8","md5":"9d18f9c7bfb29375d8ac06e62270fcf9","sha1":"cf6f90f3f5193cf952eb798486c4ca6362ef124c","sha256":"02d78db31459ce584b31349391f7682cad898453a97e09b30602a98c97353794"},"dob":{"date":"1966-10-31T16:13:52.342Z","age":57},"registered":{"date":"2015-06-11T10:10:12.601Z","age":9},"phone":"(23) 8512-5984","cell":"(12) 6529-8805","id":{"name":"CPF","value":"152.026.861-51"},"picture":{"large":"https://randomuser.me/api/portraits/women/5.jpg","medium":"https://randomuser.me/api/portraits/med/women/5.jpg","thumbnail":"https://randomuser.me/api/portraits/thumb/women/5.jpg"},"nat":"BR"}],"info":{"seed":"0ef8f6fa6a235cac","results":1,"page":1,"version":"1.4"}} 
 </msg>
<msg time="2024-06-14T06:21:07.417134" level="INFO">/opt/hostedtoolcache/Python/3.12.3/x64/lib/python3.12/site-packages/urllib3/connectionpool.py:1103: InsecureRequestWarning: Unverified HTTPS request is being made to host 'randomuser.me'. Adding certificate verification is strongly advised. See: https://urllib3.readthedocs.io/en/latest/advanced-usage.html#tls-warnings
  warnings.warn(</msg>
<msg time="2024-06-14T06:21:07.417264" level="INFO">${response} = &lt;Response [200]&gt;</msg>
<var>${response}</var>
<arg>consultarAPI</arg>
<arg>/api</arg>
<doc>Sends a GET request on a previously created HTTP Session.</doc>
<status status="PASS" start="2024-06-14T06:21:07.317865" elapsed="0.099441"/>
</kw>
<kw name="Set Variable" owner="BuiltIn">
<msg time="2024-06-14T06:21:07.418475" level="INFO">${json_data} = {'results': [{'gender': 'female', 'name': {'title': 'Mrs', 'first': 'Cailane', 'last': 'da Mata'}, 'location': {'street': {'number': 9479, 'name': 'Avenida Vinícius de Morais'}, 'city': 'Lauro de Frei...</msg>
<var>${json_data}</var>
<arg>${response.json()}</arg>
<doc>Returns the given values which can then be assigned to a variables.</doc>
<status status="PASS" start="2024-06-14T06:21:07.417915" elapsed="0.000590"/>
</kw>
<kw name="Log" owner="BuiltIn">
<msg time="2024-06-14T06:21:07.419047" level="INFO">{'results': [{'gender': 'female', 'name': {'title': 'Mrs', 'first': 'Cailane', 'last': 'da Mata'}, 'location': {'street': {'number': 9479, 'name': 'Avenida Vinícius de Morais'}, 'city': 'Lauro de Freitas', 'state': 'São Paulo', 'country': 'Brazil', 'postcode': 20327, 'coordinates': {'latitude': '-77.6698', 'longitude': '178.6511'}, 'timezone': {'offset': '+9:00', 'description': 'Tokyo, Seoul, Osaka, Sapporo, Yakutsk'}}, 'email': 'cailane.damata@example.com', 'login': {'uuid': '146df17e-128b-4825-bf84-5b6a035d8249', 'username': 'crazygoose747', 'password': 'leader', 'salt': 'hISHkvC8', 'md5': '9d18f9c7bfb29375d8ac06e62270fcf9', 'sha1': 'cf6f90f3f5193cf952eb798486c4ca6362ef124c', 'sha256': '02d78db31459ce584b31349391f7682cad898453a97e09b30602a98c97353794'}, 'dob': {'date': '1966-10-31T16:13:52.342Z', 'age': 57}, 'registered': {'date': '2015-06-11T10:10:12.601Z', 'age': 9}, 'phone': '(23) 8512-5984', 'cell': '(12) 6529-8805', 'id': {'name': 'CPF', 'value': '152.026.861-51'}, 'picture': {'large': 'https://randomuser.me/api/portraits/women/5.jpg', 'medium': 'https://randomuser.me/api/portraits/med/women/5.jpg', 'thumbnail': 'https://randomuser.me/api/portraits/thumb/women/5.jpg'}, 'nat': 'BR'}], 'info': {'seed': '0ef8f6fa6a235cac', 'results': 1, 'page': 1, 'version': '1.4'}}</msg>
<arg>${json_data}</arg>
<doc>Logs the given message with the given level.</doc>
<status status="PASS" start="2024-06-14T06:21:07.418882" elapsed="0.000214"/>
</kw>
<kw name="Dictionary Should Contain Key" owner="Collections">
<arg>${json_data}</arg>
<arg>results</arg>
<doc>Fails if ``key`` is not found from ``dictionary``.</doc>
<status status="PASS" start="2024-06-14T06:21:07.419392" elapsed="0.000159"/>
</kw>
<kw name="Should Not Be Empty" owner="BuiltIn">
<msg time="2024-06-14T06:21:07.419857" level="INFO">Length is 2.</msg>
<arg>${json_data}</arg>
<doc>Verifies that the given item is not empty.</doc>
<status status="PASS" start="2024-06-14T06:21:07.419735" elapsed="0.000159"/>
</kw>
<kw name="Create List" owner="BuiltIn">
<msg time="2024-06-14T06:21:07.420324" level="INFO">${expected_keys} = ['gender', 'name', 'location', 'email', 'login']</msg>
<var>${expected_keys}</var>
<arg>gender</arg>
<arg>name</arg>
<arg>location</arg>
<arg>email</arg>
<arg>login</arg>
<doc>Returns a list containing given items.</doc>
<status status="PASS" start="2024-06-14T06:21:07.420177" elapsed="0.000170"/>
</kw>
<for flavor="IN">
<iter>
<kw name="Dictionary Should Contain Key" owner="Collections">
<arg>${json_data['results'][0]}</arg>
<arg>${key}</arg>
<doc>Fails if ``key`` is not found from ``dictionary``.</doc>
<status status="PASS" start="2024-06-14T06:21:07.420928" elapsed="0.000399"/>
</kw>
<kw name="Log" owner="BuiltIn">
<msg time="2024-06-14T06:21:07.421884" level="INFO">{'gender': 'female', 'name': {'title': 'Mrs', 'first': 'Cailane', 'last': 'da Mata'}, 'location': {'street': {'number': 9479, 'name': 'Avenida Vinícius de Morais'}, 'city': 'Lauro de Freitas', 'state': 'São Paulo', 'country': 'Brazil', 'postcode': 20327, 'coordinates': {'latitude': '-77.6698', 'longitude': '178.6511'}, 'timezone': {'offset': '+9:00', 'description': 'Tokyo, Seoul, Osaka, Sapporo, Yakutsk'}}, 'email': 'cailane.damata@example.com', 'login': {'uuid': '146df17e-128b-4825-bf84-5b6a035d8249', 'username': 'crazygoose747', 'password': 'leader', 'salt': 'hISHkvC8', 'md5': '9d18f9c7bfb29375d8ac06e62270fcf9', 'sha1': 'cf6f90f3f5193cf952eb798486c4ca6362ef124c', 'sha256': '02d78db31459ce584b31349391f7682cad898453a97e09b30602a98c97353794'}, 'dob': {'date': '1966-10-31T16:13:52.342Z', 'age': 57}, 'registered': {'date': '2015-06-11T10:10:12.601Z', 'age': 9}, 'phone': '(23) 8512-5984', 'cell': '(12) 6529-8805', 'id': {'name': 'CPF', 'value': '152.026.861-51'}, 'picture': {'large': 'https://randomuser.me/api/portraits/women/5.jpg', 'medium': 'https://randomuser.me/api/portraits/med/women/5.jpg', 'thumbnail': 'https://randomuser.me/api/portraits/thumb/women/5.jpg'}, 'nat': 'BR'}</msg>
<arg>${json_data['results'][0]}</arg>
<doc>Logs the given message with the given level.</doc>
<status status="PASS" start="2024-06-14T06:21:07.421519" elapsed="0.000416"/>
</kw>
<kw name="Log" owner="BuiltIn">
<msg time="2024-06-14T06:21:07.422358" level="INFO">gender</msg>
<arg>${key}</arg>
<doc>Logs the given message with the given level.</doc>
<status status="PASS" start="2024-06-14T06:21:07.422231" elapsed="0.000165"/>
</kw>
<var name="${key}">gender</var>
<status status="PASS" start="2024-06-14T06:21:07.420808" elapsed="0.001810"/>
</iter>
<iter>
<kw name="Dictionary Should Contain Key" owner="Collections">
<arg>${json_data['results'][0]}</arg>
<arg>${key}</arg>
<doc>Fails if ``key`` is not found from ``dictionary``.</doc>
<status status="PASS" start="2024-06-14T06:21:07.422943" elapsed="0.000382"/>
</kw>
<kw name="Log" owner="BuiltIn">
<msg time="2024-06-14T06:21:07.423889" level="INFO">{'gender': 'female', 'name': {'title': 'Mrs', 'first': 'Cailane', 'last': 'da Mata'}, 'location': {'street': {'number': 9479, 'name': 'Avenida Vinícius de Morais'}, 'city': 'Lauro de Freitas', 'state': 'São Paulo', 'country': 'Brazil', 'postcode': 20327, 'coordinates': {'latitude': '-77.6698', 'longitude': '178.6511'}, 'timezone': {'offset': '+9:00', 'description': 'Tokyo, Seoul, Osaka, Sapporo, Yakutsk'}}, 'email': 'cailane.damata@example.com', 'login': {'uuid': '146df17e-128b-4825-bf84-5b6a035d8249', 'username': 'crazygoose747', 'password': 'leader', 'salt': 'hISHkvC8', 'md5': '9d18f9c7bfb29375d8ac06e62270fcf9', 'sha1': 'cf6f90f3f5193cf952eb798486c4ca6362ef124c', 'sha256': '02d78db31459ce584b31349391f7682cad898453a97e09b30602a98c97353794'}, 'dob': {'date': '1966-10-31T16:13:52.342Z', 'age': 57}, 'registered': {'date': '2015-06-11T10:10:12.601Z', 'age': 9}, 'phone': '(23) 8512-5984', 'cell': '(12) 6529-8805', 'id': {'name': 'CPF', 'value': '152.026.861-51'}, 'picture': {'large': 'https://randomuser.me/api/portraits/women/5.jpg', 'medium': 'https://randomuser.me/api/portraits/med/women/5.jpg', 'thumbnail': 'https://randomuser.me/api/portraits/thumb/women/5.jpg'}, 'nat': 'BR'}</msg>
<arg>${json_data['results'][0]}</arg>
<doc>Logs the given message with the given level.</doc>
<status status="PASS" start="2024-06-14T06:21:07.423539" elapsed="0.000400"/>
</kw>
<kw name="Log" owner="BuiltIn">
<msg time="2024-06-14T06:21:07.424368" level="INFO">name</msg>
<arg>${key}</arg>
<doc>Logs the given message with the given level.</doc>
<status status="PASS" start="2024-06-14T06:21:07.424238" elapsed="0.000168"/>
</kw>
<var name="${key}">name</var>
<status status="PASS" start="2024-06-14T06:21:07.422830" elapsed="0.001792"/>
</iter>
<iter>
<kw name="Dictionary Should Contain Key" owner="Collections">
<arg>${json_data['results'][0]}</arg>
<arg>${key}</arg>
<doc>Fails if ``key`` is not found from ``dictionary``.</doc>
<status status="PASS" start="2024-06-14T06:21:07.424905" elapsed="0.000378"/>
</kw>
<kw name="Log" owner="BuiltIn">
<msg time="2024-06-14T06:21:07.425815" level="INFO">{'gender': 'female', 'name': {'title': 'Mrs', 'first': 'Cailane', 'last': 'da Mata'}, 'location': {'street': {'number': 9479, 'name': 'Avenida Vinícius de Morais'}, 'city': 'Lauro de Freitas', 'state': 'São Paulo', 'country': 'Brazil', 'postcode': 20327, 'coordinates': {'latitude': '-77.6698', 'longitude': '178.6511'}, 'timezone': {'offset': '+9:00', 'description': 'Tokyo, Seoul, Osaka, Sapporo, Yakutsk'}}, 'email': 'cailane.damata@example.com', 'login': {'uuid': '146df17e-128b-4825-bf84-5b6a035d8249', 'username': 'crazygoose747', 'password': 'leader', 'salt': 'hISHkvC8', 'md5': '9d18f9c7bfb29375d8ac06e62270fcf9', 'sha1': 'cf6f90f3f5193cf952eb798486c4ca6362ef124c', 'sha256': '02d78db31459ce584b31349391f7682cad898453a97e09b30602a98c97353794'}, 'dob': {'date': '1966-10-31T16:13:52.342Z', 'age': 57}, 'registered': {'date': '2015-06-11T10:10:12.601Z', 'age': 9}, 'phone': '(23) 8512-5984', 'cell': '(12) 6529-8805', 'id': {'name': 'CPF', 'value': '152.026.861-51'}, 'picture': {'large': 'https://randomuser.me/api/portraits/women/5.jpg', 'medium': 'https://randomuser.me/api/portraits/med/women/5.jpg', 'thumbnail': 'https://randomuser.me/api/portraits/thumb/women/5.jpg'}, 'nat': 'BR'}</msg>
<arg>${json_data['results'][0]}</arg>
<doc>Logs the given message with the given level.</doc>
<status status="PASS" start="2024-06-14T06:21:07.425470" elapsed="0.000395"/>
</kw>
<kw name="Log" owner="BuiltIn">
<msg time="2024-06-14T06:21:07.426281" level="INFO">location</msg>
<arg>${key}</arg>
<doc>Logs the given message with the given level.</doc>
<status status="PASS" start="2024-06-14T06:21:07.426156" elapsed="0.000161"/>
</kw>
<var name="${key}">location</var>
<status status="PASS" start="2024-06-14T06:21:07.424798" elapsed="0.001738"/>
</iter>
<iter>
<kw name="Dictionary Should Contain Key" owner="Collections">
<arg>${json_data['results'][0]}</arg>
<arg>${key}</arg>
<doc>Fails if ``key`` is not found from ``dictionary``.</doc>
<status status="PASS" start="2024-06-14T06:21:07.426856" elapsed="0.000374"/>
</kw>
<kw name="Log" owner="BuiltIn">
<msg time="2024-06-14T06:21:07.427769" level="INFO">{'gender': 'female', 'name': {'title': 'Mrs', 'first': 'Cailane', 'last': 'da Mata'}, 'location': {'street': {'number': 9479, 'name': 'Avenida Vinícius de Morais'}, 'city': 'Lauro de Freitas', 'state': 'São Paulo', 'country': 'Brazil', 'postcode': 20327, 'coordinates': {'latitude': '-77.6698', 'longitude': '178.6511'}, 'timezone': {'offset': '+9:00', 'description': 'Tokyo, Seoul, Osaka, Sapporo, Yakutsk'}}, 'email': 'cailane.damata@example.com', 'login': {'uuid': '146df17e-128b-4825-bf84-5b6a035d8249', 'username': 'crazygoose747', 'password': 'leader', 'salt': 'hISHkvC8', 'md5': '9d18f9c7bfb29375d8ac06e62270fcf9', 'sha1': 'cf6f90f3f5193cf952eb798486c4ca6362ef124c', 'sha256': '02d78db31459ce584b31349391f7682cad898453a97e09b30602a98c97353794'}, 'dob': {'date': '1966-10-31T16:13:52.342Z', 'age': 57}, 'registered': {'date': '2015-06-11T10:10:12.601Z', 'age': 9}, 'phone': '(23) 8512-5984', 'cell': '(12) 6529-8805', 'id': {'name': 'CPF', 'value': '152.026.861-51'}, 'picture': {'large': 'https://randomuser.me/api/portraits/women/5.jpg', 'medium': 'https://randomuser.me/api/portraits/med/women/5.jpg', 'thumbnail': 'https://randomuser.me/api/portraits/thumb/women/5.jpg'}, 'nat': 'BR'}</msg>
<arg>${json_data['results'][0]}</arg>
<doc>Logs the given message with the given level.</doc>
<status status="PASS" start="2024-06-14T06:21:07.427412" elapsed="0.000416"/>
</kw>
<kw name="Log" owner="BuiltIn">
<msg time="2024-06-14T06:21:07.428249" level="INFO">email</msg>
<arg>${key}</arg>
<doc>Logs the given message with the given level.</doc>
<status status="PASS" start="2024-06-14T06:21:07.428124" elapsed="0.000163"/>
</kw>
<var name="${key}">email</var>
<status status="PASS" start="2024-06-14T06:21:07.426742" elapsed="0.001756"/>
</iter>
<iter>
<kw name="Dictionary Should Contain Key" owner="Collections">
<arg>${json_data['results'][0]}</arg>
<arg>${key}</arg>
<doc>Fails if ``key`` is not found from ``dictionary``.</doc>
<status status="PASS" start="2024-06-14T06:21:07.428786" elapsed="0.000375"/>
</kw>
<kw name="Log" owner="BuiltIn">
<msg time="2024-06-14T06:21:07.429687" level="INFO">{'gender': 'female', 'name': {'title': 'Mrs', 'first': 'Cailane', 'last': 'da Mata'}, 'location': {'street': {'number': 9479, 'name': 'Avenida Vinícius de Morais'}, 'city': 'Lauro de Freitas', 'state': 'São Paulo', 'country': 'Brazil', 'postcode': 20327, 'coordinates': {'latitude': '-77.6698', 'longitude': '178.6511'}, 'timezone': {'offset': '+9:00', 'description': 'Tokyo, Seoul, Osaka, Sapporo, Yakutsk'}}, 'email': 'cailane.damata@example.com', 'login': {'uuid': '146df17e-128b-4825-bf84-5b6a035d8249', 'username': 'crazygoose747', 'password': 'leader', 'salt': 'hISHkvC8', 'md5': '9d18f9c7bfb29375d8ac06e62270fcf9', 'sha1': 'cf6f90f3f5193cf952eb798486c4ca6362ef124c', 'sha256': '02d78db31459ce584b31349391f7682cad898453a97e09b30602a98c97353794'}, 'dob': {'date': '1966-10-31T16:13:52.342Z', 'age': 57}, 'registered': {'date': '2015-06-11T10:10:12.601Z', 'age': 9}, 'phone': '(23) 8512-5984', 'cell': '(12) 6529-8805', 'id': {'name': 'CPF', 'value': '152.026.861-51'}, 'picture': {'large': 'https://randomuser.me/api/portraits/women/5.jpg', 'medium': 'https://randomuser.me/api/portraits/med/women/5.jpg', 'thumbnail': 'https://randomuser.me/api/portraits/thumb/women/5.jpg'}, 'nat': 'BR'}</msg>
<arg>${json_data['results'][0]}</arg>
<doc>Logs the given message with the given level.</doc>
<status status="PASS" start="2024-06-14T06:21:07.429342" elapsed="0.000403"/>
</kw>
<kw name="Log" owner="BuiltIn">
<msg time="2024-06-14T06:21:07.430260" level="INFO">login</msg>
<arg>${key}</arg>
<doc>Logs the given message with the given level.</doc>
<status status="PASS" start="2024-06-14T06:21:07.430030" elapsed="0.000267"/>
</kw>
<var name="${key}">login</var>
<status status="PASS" start="2024-06-14T06:21:07.428679" elapsed="0.001837"/>
</iter>
<var>${key}</var>
<value>@{expected_keys}</value>
<status status="PASS" start="2024-06-14T06:21:07.420618" elapsed="0.010043"/>
</for>
<kw name="Create List" owner="BuiltIn">
<msg time="2024-06-14T06:21:07.431015" level="INFO">${expected_keysTwo} = ['username', 'password']</msg>
<var>${expected_keysTwo}</var>
<arg>username</arg>
<arg>password</arg>
<doc>Returns a list containing given items.</doc>
<status status="PASS" start="2024-06-14T06:21:07.430881" elapsed="0.000157"/>
</kw>
<for flavor="IN">
<iter>
<kw name="Dictionary Should Contain Key" owner="Collections">
<arg>${json_data['results'][0]['login']}</arg>
<arg>${keyTwo}</arg>
<doc>Fails if ``key`` is not found from ``dictionary``.</doc>
<status status="PASS" start="2024-06-14T06:21:07.431525" elapsed="0.000372"/>
</kw>
<kw name="Dictionary Should Contain Key" owner="Collections">
<arg>${json_data['results'][0]['login']}</arg>
<arg>${keyTwo}</arg>
<doc>Fails if ``key`` is not found from ``dictionary``.</doc>
<status status="PASS" start="2024-06-14T06:21:07.432078" elapsed="0.000370"/>
</kw>
<kw name="Log" owner="BuiltIn">
<msg time="2024-06-14T06:21:07.432744" level="INFO">username</msg>
<arg>${keyTwo}</arg>
<doc>Logs the given message with the given level.</doc>
<status status="PASS" start="2024-06-14T06:21:07.432627" elapsed="0.000152"/>
</kw>
<var name="${keyTwo}">username</var>
<status status="PASS" start="2024-06-14T06:21:07.431421" elapsed="0.001573"/>
</iter>
<iter>
<kw name="Dictionary Should Contain Key" owner="Collections">
<arg>${json_data['results'][0]['login']}</arg>
<arg>${keyTwo}</arg>
<doc>Fails if ``key`` is not found from ``dictionary``.</doc>
<status status="PASS" start="2024-06-14T06:21:07.433274" elapsed="0.000365"/>
</kw>
<kw name="Dictionary Should Contain Key" owner="Collections">
<arg>${json_data['results'][0]['login']}</arg>
<arg>${keyTwo}</arg>
<doc>Fails if ``key`` is not found from ``dictionary``.</doc>
<status status="PASS" start="2024-06-14T06:21:07.433815" elapsed="0.000358"/>
</kw>
<kw name="Log" owner="BuiltIn">
<msg time="2024-06-14T06:21:07.434461" level="INFO">password</msg>
<arg>${keyTwo}</arg>
<doc>Logs the given message with the given level.</doc>
<status status="PASS" start="2024-06-14T06:21:07.434345" elapsed="0.000152"/>
</kw>
<var name="${keyTwo}">password</var>
<status status="PASS" start="2024-06-14T06:21:07.433168" elapsed="0.001575"/>
</iter>
<var>${keyTwo}</var>
<value>@{expected_keysTwo}</value>
<status status="PASS" start="2024-06-14T06:21:07.431272" elapsed="0.003592"/>
</for>
<status status="PASS" start="2024-06-14T06:21:07.317633" elapsed="0.117372"/>
</kw>
<doc>Testa a estrutura da resposta da API.</doc>
<tag>testeEstruturaResposta</tag>
<status status="PASS" start="2024-06-14T06:21:07.316985" elapsed="0.118181"/>
</test>
<test id="s1-s1-t4" name="Validar tipos de dados" line="28">
<kw name="Teste de Tipos de Dados" owner="random-user-service">
<kw name="GET On Session" owner="RequestsLibrary">
<msg time="2024-06-14T06:21:07.513991" level="INFO">GET Request : url=https://randomuser.me/api 
 path_url=/api 
 headers={'User-Agent': 'python-requests/2.32.3', 'Accept-Encoding': 'gzip, deflate', 'Accept': '*/*', 'Connection': 'keep-alive'} 
 body=None 
 </msg>
<msg time="2024-06-14T06:21:07.514091" level="INFO">GET Response : url=https://randomuser.me/api 
 status=200, reason=OK 
 headers={'Date': 'Fri, 14 Jun 2024 06:21:07 GMT', 'Content-Type': 'application/json; charset=utf-8', 'Transfer-Encoding': 'chunked', 'Connection': 'keep-alive', 'X-Powered-By': 'Express', 'Access-Control-Allow-Origin': '*', 'Cache-Control': 'no-cache', 'ETag': 'W/"496-3YuQe7Z5Mk1aEF2OY5zPz5lOMvg"', 'Vary': 'Accept-Encoding', 'Content-Encoding': 'gzip', 'CF-Cache-Status': 'DYNAMIC', 'Report-To': '{"endpoints":[{"url":"https:\\/\\/a.nel.cloudflare.com\\/report\\/v4?s=igvEkCcEKMD0fA500coX%2BWZe9f0SrLsSpqnNs2oqHamo5omxusvMiphXm6QPsrAXx4wINi5g56NWtIjhMoDSuU4hR%2BzKcNTkoM%2BLmrq8mNdBWruuLWkcilO0kLRuVbo7"}],"group":"cf-nel","max_age":604800}', 'NEL': '{"success_fraction":0,"report_to":"cf-nel","max_age":604800}', 'Server': 'cloudflare', 'CF-RAY': '893837e9895d241d-IAD', 'alt-svc': 'h3=":443"; ma=86400'} 
 body={"results":[{"gender":"male","name":{"title":"Mr","first":"Heinz-Jürgen","last":"Weishaupt"},"location":{"street":{"number":378,"name":"Schützenstraße"},"city":"Schwabach","state":"Baden-Württemberg","country":"Germany","postcode":71402,"coordinates":{"latitude":"-52.3851","longitude":"-149.5093"},"timezone":{"offset":"+5:45","description":"Kathmandu"}},"email":"heinz-jurgen.weishaupt@example.com","login":{"uuid":"7fb0ec0a-5b27-486a-9b30-61717d658563","username":"brownbear448","password":"retired","salt":"vRhBIAPL","md5":"525922ab9d03633450a8ed11206d5c5f","sha1":"ad4430723395b651d509e82bf5f772e010e5737c","sha256":"c0f790aa9191bf30a24c9f3b7d80dd744145aff4077805affd9adcb45573ac8f"},"dob":{"date":"1949-05-17T13:24:52.942Z","age":75},"registered":{"date":"2012-01-09T15:32:55.401Z","age":12},"phone":"0484-3534269","cell":"0175-4151300","id":{"name":"SVNR","value":"14 170549 W 195"},"picture":{"large":"https://randomuser.me/api/portraits/men/9.jpg","medium":"https://randomuser.me/api/portraits/med/men/9.jpg","thumbnail":"https://randomuser.me/api/portraits/thumb/men/9.jpg"},"nat":"DE"}],"info":{"seed":"edb822cd71e6883b","results":1,"page":1,"version":"1.4"}} 
 </msg>
<msg time="2024-06-14T06:21:07.514164" level="INFO">/opt/hostedtoolcache/Python/3.12.3/x64/lib/python3.12/site-packages/urllib3/connectionpool.py:1103: InsecureRequestWarning: Unverified HTTPS request is being made to host 'randomuser.me'. Adding certificate verification is strongly advised. See: https://urllib3.readthedocs.io/en/latest/advanced-usage.html#tls-warnings
  warnings.warn(</msg>
<msg time="2024-06-14T06:21:07.514288" level="INFO">${response} = &lt;Response [200]&gt;</msg>
<var>${response}</var>
<arg>consultarAPI</arg>
<arg>/api</arg>
<doc>Sends a GET request on a previously created HTTP Session.</doc>
<status status="PASS" start="2024-06-14T06:21:07.437707" elapsed="0.076622"/>
</kw>
<kw name="Set Variable" owner="BuiltIn">
<msg time="2024-06-14T06:21:07.515576" level="INFO">${json_data} = {'results': [{'gender': 'male', 'name': {'title': 'Mr', 'first': 'Heinz-Jürgen', 'last': 'Weishaupt'}, 'location': {'street': {'number': 378, 'name': 'Schützenstraße'}, 'city': 'Schwabach', 'state': '...</msg>
<var>${json_data}</var>
<arg>${response.json()}</arg>
<doc>Returns the given values which can then be assigned to a variables.</doc>
<status status="PASS" start="2024-06-14T06:21:07.515012" elapsed="0.000596"/>
</kw>
<kw name="Log" owner="BuiltIn">
<msg time="2024-06-14T06:21:07.516079" level="INFO">{'results': [{'gender': 'male', 'name': {'title': 'Mr', 'first': 'Heinz-Jürgen', 'last': 'Weishaupt'}, 'location': {'street': {'number': 378, 'name': 'Schützenstraße'}, 'city': 'Schwabach', 'state': 'Baden-Württemberg', 'country': 'Germany', 'postcode': 71402, 'coordinates': {'latitude': '-52.3851', 'longitude': '-149.5093'}, 'timezone': {'offset': '+5:45', 'description': 'Kathmandu'}}, 'email': 'heinz-jurgen.weishaupt@example.com', 'login': {'uuid': '7fb0ec0a-5b27-486a-9b30-61717d658563', 'username': 'brownbear448', 'password': 'retired', 'salt': 'vRhBIAPL', 'md5': '525922ab9d03633450a8ed11206d5c5f', 'sha1': 'ad4430723395b651d509e82bf5f772e010e5737c', 'sha256': 'c0f790aa9191bf30a24c9f3b7d80dd744145aff4077805affd9adcb45573ac8f'}, 'dob': {'date': '1949-05-17T13:24:52.942Z', 'age': 75}, 'registered': {'date': '2012-01-09T15:32:55.401Z', 'age': 12}, 'phone': '0484-3534269', 'cell': '0175-4151300', 'id': {'name': 'SVNR', 'value': '14 170549 W 195'}, 'picture': {'large': 'https://randomuser.me/api/portraits/men/9.jpg', 'medium': 'https://randomuser.me/api/portraits/med/men/9.jpg', 'thumbnail': 'https://randomuser.me/api/portraits/thumb/men/9.jpg'}, 'nat': 'DE'}], 'info': {'seed': 'edb822cd71e6883b', 'results': 1, 'page': 1, 'version': '1.4'}}</msg>
<arg>${json_data}</arg>
<doc>Logs the given message with the given level.</doc>
<status status="PASS" start="2024-06-14T06:21:07.515921" elapsed="0.000207"/>
</kw>
<kw name="Should Be String" owner="String">
<arg>${json_data['results'][0]['gender']}</arg>
<doc>Fails if the given ``item`` is not a string.</doc>
<status status="PASS" start="2024-06-14T06:21:07.516425" elapsed="0.000399"/>
</kw>
<kw name="Should Match Regexp" owner="BuiltIn">
<arg>${json_data['results'][0]['email']}</arg>
<arg>^[a-zA-Z0-9._%+-]+@[a-zA-Z0-9.-]+\.[a-zA-Z]{2,}$</arg>
<doc>Fails if ``string`` does not match ``pattern`` as a regular expression.</doc>
<status status="PASS" start="2024-06-14T06:21:07.517019" elapsed="0.000520"/>
</kw>
<kw name="Should Match Regexp" owner="BuiltIn">
<arg>${json_data['results'][0]['dob']['date']}</arg>
<arg>\\d{4}-\\d{2}-\\d{2}T\\d{2}:\\d{2}:\\d{2}\\.\\d{3}Z</arg>
<doc>Fails if ``string`` does not match ``pattern`` as a regular expression.</doc>
<status status="PASS" start="2024-06-14T06:21:07.517735" elapsed="0.000481"/>
</kw>
<kw name="Should Match Regexp" owner="BuiltIn">
<arg>${json_data['results'][0]['registered']['date']}</arg>
<arg>\\d{4}-\\d{2}-\\d{2}T\\d{2}:\\d{2}:\\d{2}\\.\\d{3}Z</arg>
<doc>Fails if ``string`` does not match ``pattern`` as a regular expression.</doc>
<status status="PASS" start="2024-06-14T06:21:07.518407" elapsed="0.000411"/>
</kw>
<kw name="Should Match Regexp" owner="BuiltIn">
<arg>${json_data['results'][0]['picture']['large']}</arg>
<arg>^https?://.*\.(?:png|jpe?g|gif|bmp)$</arg>
<doc>Fails if ``string`` does not match ``pattern`` as a regular expression.</doc>
<status status="PASS" start="2024-06-14T06:21:07.519021" elapsed="0.000462"/>
</kw>
<kw name="Should Match Regexp" owner="BuiltIn">
<arg>${json_data['results'][0]['picture']['medium']}</arg>
<arg>^https?://.*\.(?:png|jpe?g|gif|bmp)$</arg>
<doc>Fails if ``string`` does not match ``pattern`` as a regular expression.</doc>
<status status="PASS" start="2024-06-14T06:21:07.519678" elapsed="0.000363"/>
</kw>
<kw name="Should Match Regexp" owner="BuiltIn">
<arg>${json_data['results'][0]['picture']['thumbnail']}</arg>
<arg>^https?://.*\.(?:png|jpe?g|gif|bmp)$</arg>
<doc>Fails if ``string`` does not match ``pattern`` as a regular expression.</doc>
<status status="PASS" start="2024-06-14T06:21:07.520235" elapsed="0.000361"/>
</kw>
<kw name="Log" owner="BuiltIn">
<msg time="2024-06-14T06:21:07.521100" level="INFO">{'large': 'https://randomuser.me/api/portraits/men/9.jpg', 'medium': 'https://randomuser.me/api/portraits/med/men/9.jpg', 'thumbnail': 'https://randomuser.me/api/portraits/thumb/men/9.jpg'}</msg>
<arg>${json_data['results'][0]['picture']}</arg>
<doc>Logs the given message with the given level.</doc>
<status status="PASS" start="2024-06-14T06:21:07.520779" elapsed="0.000364"/>
</kw>
<status status="PASS" start="2024-06-14T06:21:07.437476" elapsed="0.083931"/>
</kw>
<kw name="Teste de Tipos de Dados - Postcode" owner="random-user-service">
<kw name="GET On Session" owner="RequestsLibrary">
<msg time="2024-06-14T06:21:07.615440" level="INFO">GET Request : url=https://randomuser.me/api 
 path_url=/api 
 headers={'User-Agent': 'python-requests/2.32.3', 'Accept-Encoding': 'gzip, deflate', 'Accept': '*/*', 'Connection': 'keep-alive'} 
 body=None 
 </msg>
<msg time="2024-06-14T06:21:07.615543" level="INFO">GET Response : url=https://randomuser.me/api 
 status=200, reason=OK 
 headers={'Date': 'Fri, 14 Jun 2024 06:21:07 GMT', 'Content-Type': 'application/json; charset=utf-8', 'Transfer-Encoding': 'chunked', 'Connection': 'keep-alive', 'X-Powered-By': 'Express', 'Access-Control-Allow-Origin': '*', 'Cache-Control': 'no-cache', 'ETag': 'W/"473-ftjVIgKMkXdTXWqYk4llU1aPDMg"', 'Vary': 'Accept-Encoding', 'Content-Encoding': 'gzip', 'CF-Cache-Status': 'DYNAMIC', 'Report-To': '{"endpoints":[{"url":"https:\\/\\/a.nel.cloudflare.com\\/report\\/v4?s=G6lVl2lIvyuf8g81CbdOZfBt7AP3WKlfa7pv402amNlSFvku84MfOLzbNQXDOpdMXHo2795Jb5N2oS8VoMkRA1i1uwpRmrevPEjGUq4jjBteNxSARJor73JXwjtLvMLR"}],"group":"cf-nel","max_age":604800}', 'NEL': '{"success_fraction":0,"report_to":"cf-nel","max_age":604800}', 'Server': 'cloudflare', 'CF-RAY': '893837ea09d5241d-IAD', 'alt-svc': 'h3=":443"; ma=86400'} 
 body={"results":[{"gender":"male","name":{"title":"Mr","first":"Mads","last":"Møller"},"location":{"street":{"number":287,"name":"Langelinie"},"city":"Ishoej","state":"Hovedstaden","country":"Denmark","postcode":72624,"coordinates":{"latitude":"-43.0651","longitude":"-111.6621"},"timezone":{"offset":"-1:00","description":"Azores, Cape Verde Islands"}},"email":"mads.moller@example.com","login":{"uuid":"8960753b-0c33-4f8c-98e2-728ed7ad8cd8","username":"tinydog522","password":"lilly","salt":"dWnn7HUZ","md5":"8f6cf70a3942bff800481086ddbc4ee9","sha1":"e2a5352afb91a6e5e59c9c0b0a715e50a4ae2d60","sha256":"e4e8eabbbe949675848304c0976598845e83e37991fcd0aa793609cb30e87aa7"},"dob":{"date":"1954-05-09T04:27:30.016Z","age":70},"registered":{"date":"2012-11-11T22:24:53.706Z","age":11},"phone":"84685785","cell":"59438937","id":{"name":"CPR","value":"080554-7279"},"picture":{"large":"https://randomuser.me/api/portraits/men/89.jpg","medium":"https://randomuser.me/api/portraits/med/men/89.jpg","thumbnail":"https://randomuser.me/api/portraits/thumb/men/89.jpg"},"nat":"DK"}],"info":{"seed":"0224e1a71de1179b","results":1,"page":1,"version":"1.4"}} 
 </msg>
<msg time="2024-06-14T06:21:07.615643" level="INFO">/opt/hostedtoolcache/Python/3.12.3/x64/lib/python3.12/site-packages/urllib3/connectionpool.py:1103: InsecureRequestWarning: Unverified HTTPS request is being made to host 'randomuser.me'. Adding certificate verification is strongly advised. See: https://urllib3.readthedocs.io/en/latest/advanced-usage.html#tls-warnings
  warnings.warn(</msg>
<msg time="2024-06-14T06:21:07.615782" level="INFO">${response} = &lt;Response [200]&gt;</msg>
<var>${response}</var>
<arg>consultarAPI</arg>
<arg>/api</arg>
<doc>Sends a GET request on a previously created HTTP Session.</doc>
<status status="PASS" start="2024-06-14T06:21:07.521877" elapsed="0.093951"/>
</kw>
<kw name="Set Variable" owner="BuiltIn">
<msg time="2024-06-14T06:21:07.617006" level="INFO">${json_data} = {'results': [{'gender': 'male', 'name': {'title': 'Mr', 'first': 'Mads', 'last': 'Møller'}, 'location': {'street': {'number': 287, 'name': 'Langelinie'}, 'city': 'Ishoej', 'state': 'Hovedstaden', 'cou...</msg>
<var>${json_data}</var>
<arg>${response.json()}</arg>
<doc>Returns the given values which can then be assigned to a variables.</doc>
<status status="PASS" start="2024-06-14T06:21:07.616442" elapsed="0.000593"/>
</kw>
<kw name="Log" owner="BuiltIn">
<msg time="2024-06-14T06:21:07.617502" level="INFO">{'results': [{'gender': 'male', 'name': {'title': 'Mr', 'first': 'Mads', 'last': 'Møller'}, 'location': {'street': {'number': 287, 'name': 'Langelinie'}, 'city': 'Ishoej', 'state': 'Hovedstaden', 'country': 'Denmark', 'postcode': 72624, 'coordinates': {'latitude': '-43.0651', 'longitude': '-111.6621'}, 'timezone': {'offset': '-1:00', 'description': 'Azores, Cape Verde Islands'}}, 'email': 'mads.moller@example.com', 'login': {'uuid': '8960753b-0c33-4f8c-98e2-728ed7ad8cd8', 'username': 'tinydog522', 'password': 'lilly', 'salt': 'dWnn7HUZ', 'md5': '8f6cf70a3942bff800481086ddbc4ee9', 'sha1': 'e2a5352afb91a6e5e59c9c0b0a715e50a4ae2d60', 'sha256': 'e4e8eabbbe949675848304c0976598845e83e37991fcd0aa793609cb30e87aa7'}, 'dob': {'date': '1954-05-09T04:27:30.016Z', 'age': 70}, 'registered': {'date': '2012-11-11T22:24:53.706Z', 'age': 11}, 'phone': '84685785', 'cell': '59438937', 'id': {'name': 'CPR', 'value': '080554-7279'}, 'picture': {'large': 'https://randomuser.me/api/portraits/men/89.jpg', 'medium': 'https://randomuser.me/api/portraits/med/men/89.jpg', 'thumbnail': 'https://randomuser.me/api/portraits/thumb/men/89.jpg'}, 'nat': 'DK'}], 'info': {'seed': '0224e1a71de1179b', 'results': 1, 'page': 1, 'version': '1.4'}}</msg>
<arg>${json_data}</arg>
<doc>Logs the given message with the given level.</doc>
<status status="PASS" start="2024-06-14T06:21:07.617346" elapsed="0.000203"/>
</kw>
<kw name="Should Be Equal As Numbers" owner="BuiltIn">
<arg>${json_data['results'][0]['location']['postcode']}</arg>
<arg>${json_data['results'][0]['location']['postcode']}</arg>
<doc>Fails if objects are unequal after converting them to real numbers.</doc>
<status status="PASS" start="2024-06-14T06:21:07.617846" elapsed="0.000620"/>
</kw>
<kw name="Log" owner="BuiltIn">
<msg time="2024-06-14T06:21:07.619081" level="INFO">72624</msg>
<arg>${json_data['results'][0]['location']['postcode']}</arg>
<doc>Logs the given message with the given level.</doc>
<status status="PASS" start="2024-06-14T06:21:07.618730" elapsed="0.000392"/>
</kw>
<status status="PASS" start="2024-06-14T06:21:07.521642" elapsed="0.097736"/>
</kw>
<doc>Testa se os tipos de dados na resposta da API estão corretos.</doc>
<tag>testeTiposDados</tag>
<status status="PASS" start="2024-06-14T06:21:07.436919" elapsed="0.182629"/>
</test>
<test id="s1-s1-t5" name="Validar conteudo" line="35">
<kw name="Teste de Tipos de Conteudo" owner="random-user-service">
<kw name="GET On Session" owner="RequestsLibrary">
<msg time="2024-06-14T06:21:07.719423" level="INFO">GET Request : url=https://randomuser.me/api 
 path_url=/api 
 headers={'User-Agent': 'python-requests/2.32.3', 'Accept-Encoding': 'gzip, deflate', 'Accept': '*/*', 'Connection': 'keep-alive'} 
 body=None 
 </msg>
<msg time="2024-06-14T06:21:07.719520" level="INFO">GET Response : url=https://randomuser.me/api 
 status=200, reason=OK 
 headers={'Date': 'Fri, 14 Jun 2024 06:21:07 GMT', 'Content-Type': 'application/json; charset=utf-8', 'Transfer-Encoding': 'chunked', 'Connection': 'keep-alive', 'X-Powered-By': 'Express', 'Access-Control-Allow-Origin': '*', 'Cache-Control': 'no-cache', 'ETag': 'W/"494-lAVSEqOZF8xeDotWkoYjt7mWE5c"', 'Vary': 'Accept-Encoding', 'Content-Encoding': 'gzip', 'CF-Cache-Status': 'DYNAMIC', 'Report-To': '{"endpoints":[{"url":"https:\\/\\/a.nel.cloudflare.com\\/report\\/v4?s=jsTEL7x7Gwa6KVgKl0lnAUToT8qWxvLYNfyBVSzNpEFgVQ9%2F8B8veTEphfbyX%2FYjcg0PDIFSuswkt%2FpL9K8PiiBlk31a9hhHBGpCkAtZZjrwn9gvROf%2BUNZ4FVkcHWP%2B"}],"group":"cf-nel","max_age":604800}', 'NEL': '{"success_fraction":0,"report_to":"cf-nel","max_age":604800}', 'Server': 'cloudflare', 'CF-RAY': '893837eaaa69241d-IAD', 'alt-svc': 'h3=":443"; ma=86400'} 
 body={"results":[{"gender":"female","name":{"title":"Mrs","first":"مهدیس","last":"حسینی"},"location":{"street":{"number":4785,"name":"میدان رسالت"},"city":"قم","state":"خراسان جنوبی","country":"Iran","postcode":23046,"coordinates":{"latitude":"15.3851","longitude":"103.9345"},"timezone":{"offset":"+2:00","description":"Kaliningrad, South Africa"}},"email":"mhdys.hsyny@example.com","login":{"uuid":"b1687bb4-25a2-4efb-ad97-7794cab2d351","username":"heavykoala515","password":"mine","salt":"vNk69Rx1","md5":"b93344501e02d67de202245b465a386a","sha1":"5914dcffc166b227204e83d54d7fe12c95baf9c7","sha256":"232723991aad2a280b25db1b5b2639735ed09eae6d6ca9b9835e9573750cd231"},"dob":{"date":"1978-05-13T12:21:56.253Z","age":46},"registered":{"date":"2007-10-01T22:43:22.560Z","age":16},"phone":"067-18231113","cell":"0942-684-3855","id":{"name":"","value":null},"picture":{"large":"https://randomuser.me/api/portraits/women/73.jpg","medium":"https://randomuser.me/api/portraits/med/women/73.jpg","thumbnail":"https://randomuser.me/api/portraits/thumb/women/73.jpg"},"nat":"IR"}],"info":{"seed":"ad0980c693e660e2","results":1,"page":1,"version":"1.4"}} 
 </msg>
<msg time="2024-06-14T06:21:07.719596" level="INFO">/opt/hostedtoolcache/Python/3.12.3/x64/lib/python3.12/site-packages/urllib3/connectionpool.py:1103: InsecureRequestWarning: Unverified HTTPS request is being made to host 'randomuser.me'. Adding certificate verification is strongly advised. See: https://urllib3.readthedocs.io/en/latest/advanced-usage.html#tls-warnings
  warnings.warn(</msg>
<msg time="2024-06-14T06:21:07.719722" level="INFO">${response} = &lt;Response [200]&gt;</msg>
<var>${response}</var>
<arg>consultarAPI</arg>
<arg>/api</arg>
<doc>Sends a GET request on a previously created HTTP Session.</doc>
<status status="PASS" start="2024-06-14T06:21:07.622081" elapsed="0.097682"/>
</kw>
<kw name="Set Variable" owner="BuiltIn">
<msg time="2024-06-14T06:21:07.720964" level="INFO">${json_data} = {'results': [{'gender': 'female', 'name': {'title': 'Mrs', 'first': 'مهدیس', 'last': 'حسینی'}, 'location': {'street': {'number': 4785, 'name': 'میدان رسالت'}, 'city': 'قم', 'state': 'خراسان جنوبی', 'c...</msg>
<var>${json_data}</var>
<arg>${response.json()}</arg>
<doc>Returns the given values which can then be assigned to a variables.</doc>
<status status="PASS" start="2024-06-14T06:21:07.720398" elapsed="0.000597"/>
</kw>
<kw name="Set Variable" owner="BuiltIn">
<msg time="2024-06-14T06:21:07.721689" level="INFO">${name_title} = Mrs</msg>
<var>${name_title}</var>
<arg>${json_data["results"][0]["name"]["title"]}</arg>
<doc>Returns the given values which can then be assigned to a variables.</doc>
<status status="PASS" start="2024-06-14T06:21:07.721300" elapsed="0.000415"/>
</kw>
<kw name="Create List" owner="BuiltIn">
<msg time="2024-06-14T06:21:07.722161" level="INFO">${allowed_titles} = ['Mr', 'Ms', 'Miss', 'Mrs', 'Madame', 'Monsieur']</msg>
<var>${allowed_titles}</var>
<arg>Mr</arg>
<arg>Ms</arg>
<arg>Miss</arg>
<arg>Mrs</arg>
<arg>Madame</arg>
<arg>Monsieur</arg>
<doc>Returns a list containing given items.</doc>
<status status="PASS" start="2024-06-14T06:21:07.722011" elapsed="0.000175"/>
</kw>
<kw name="List Should Contain Value" owner="Collections">
<arg>${allowed_titles}</arg>
<arg>${name_title}</arg>
<doc>Fails if the ``value`` is not found from ``list``.</doc>
<status status="PASS" start="2024-06-14T06:21:07.722482" elapsed="0.000176"/>
</kw>
<kw name="Set Variable" owner="BuiltIn">
<msg time="2024-06-14T06:21:07.723260" level="INFO">${name_country} = IR</msg>
<var>${name_country}</var>
<arg>${json_data["results"][0]["nat"]}</arg>
<doc>Returns the given values which can then be assigned to a variables.</doc>
<status status="PASS" start="2024-06-14T06:21:07.722891" elapsed="0.000394"/>
</kw>
<kw name="Create List" owner="BuiltIn">
<msg time="2024-06-14T06:21:07.724175" level="INFO">${list_country} = ['AD', 'AE', 'AF', 'AG', 'AI', 'AL', 'AM', 'AO', 'AQ', 'AR', 'AS', 'AT', 'AU', 'AW', 'AX', 'AZ', 'BA', 'BB', 'BD', 'BE', 'BF', 'BG', 'BH', 'BI', 'BJ', 'BL', 'BM', 'BN', 'BO', 'BQ', 'BR', 'BS', 'BT', '...</msg>
<var>${list_country}</var>
<arg>AD</arg>
<arg>AE</arg>
<arg>AF</arg>
<arg>AG</arg>
<arg>AI</arg>
<arg>AL</arg>
<arg>AM</arg>
<arg>AO</arg>
<arg>AQ</arg>
<arg>AR</arg>
<arg>AS</arg>
<arg>AT</arg>
<arg>AU</arg>
<arg>AW</arg>
<arg>AX</arg>
<arg>AZ</arg>
<arg>BA</arg>
<arg>BB</arg>
<arg>BD</arg>
<arg>BE</arg>
<arg>BF</arg>
<arg>BG</arg>
<arg>BH</arg>
<arg>BI</arg>
<arg>BJ</arg>
<arg>BL</arg>
<arg>BM</arg>
<arg>BN</arg>
<arg>BO</arg>
<arg>BQ</arg>
<arg>BR</arg>
<arg>BS</arg>
<arg>BT</arg>
<arg>BV</arg>
<arg>BW</arg>
<arg>BY</arg>
<arg>BZ</arg>
<arg>CA</arg>
<arg>CC</arg>
<arg>CD</arg>
<arg>CF</arg>
<arg>CG</arg>
<arg>CH</arg>
<arg>CI</arg>
<arg>CK</arg>
<arg>CL</arg>
<arg>CM</arg>
<arg>CN</arg>
<arg>CO</arg>
<arg>CR</arg>
<arg>CU</arg>
<arg>CV</arg>
<arg>CW</arg>
<arg>CX</arg>
<arg>CY</arg>
<arg>CZ</arg>
<arg>DE</arg>
<arg>DJ</arg>
<arg>DK</arg>
<arg>DM</arg>
<arg>DO</arg>
<arg>DZ</arg>
<arg>EC</arg>
<arg>EE</arg>
<arg>EG</arg>
<arg>EH</arg>
<arg>ER</arg>
<arg>ES</arg>
<arg>ET</arg>
<arg>FI</arg>
<arg>FJ</arg>
<arg>FK</arg>
<arg>FM</arg>
<arg>FO</arg>
<arg>FR</arg>
<arg>GA</arg>
<arg>GB</arg>
<arg>GD</arg>
<arg>GE</arg>
<arg>GF</arg>
<arg>GG</arg>
<arg>GH</arg>
<arg>GI</arg>
<arg>GL</arg>
<arg>GM</arg>
<arg>GN</arg>
<arg>GP</arg>
<arg>GQ</arg>
<arg>GR</arg>
<arg>GS</arg>
<arg>GT</arg>
<arg>GU</arg>
<arg>GW</arg>
<arg>GY</arg>
<arg>HK</arg>
<arg>HM</arg>
<arg>HN</arg>
<arg>HR</arg>
<arg>HT</arg>
<arg>HU</arg>
<arg>ID</arg>
<arg>IE</arg>
<arg>IL</arg>
<arg>IM</arg>
<arg>IN</arg>
<arg>IO</arg>
<arg>IQ</arg>
<arg>IR</arg>
<arg>IS</arg>
<arg>IT</arg>
<arg>JE</arg>
<arg>JM</arg>
<arg>JO</arg>
<arg>JP</arg>
<arg>KE</arg>
<arg>KG</arg>
<arg>KH</arg>
<arg>KI</arg>
<arg>KM</arg>
<arg>KN</arg>
<arg>KP</arg>
<arg>KR</arg>
<arg>KW</arg>
<arg>KY</arg>
<arg>KZ</arg>
<arg>LA</arg>
<arg>LB</arg>
<arg>LC</arg>
<arg>LI</arg>
<arg>LK</arg>
<arg>LR</arg>
<arg>LS</arg>
<arg>LT</arg>
<arg>LU</arg>
<arg>LV</arg>
<arg>LY</arg>
<arg>MA</arg>
<arg>MC</arg>
<arg>MD</arg>
<arg>ME</arg>
<arg>MF</arg>
<arg>MG</arg>
<arg>MH</arg>
<arg>MK</arg>
<arg>ML</arg>
<arg>MM</arg>
<arg>MN</arg>
<arg>MO</arg>
<arg>MP</arg>
<arg>MQ</arg>
<arg>MR</arg>
<arg>MS</arg>
<arg>MT</arg>
<arg>MU</arg>
<arg>MV</arg>
<arg>MW</arg>
<arg>MX</arg>
<arg>MY</arg>
<arg>MZ</arg>
<arg>NA</arg>
<arg>NC</arg>
<arg>NE</arg>
<arg>NF</arg>
<arg>NG</arg>
<arg>NI</arg>
<arg>NL</arg>
<arg>NO</arg>
<arg>NP</arg>
<arg>NR</arg>
<arg>NU</arg>
<arg>NZ</arg>
<arg>OM</arg>
<arg>PA</arg>
<arg>PE</arg>
<arg>PF</arg>
<arg>PG</arg>
<arg>PH</arg>
<arg>PK</arg>
<arg>PL</arg>
<arg>PM</arg>
<arg>PN</arg>
<arg>PR</arg>
<arg>PS</arg>
<arg>PT</arg>
<arg>PW</arg>
<arg>PY</arg>
<arg>QA</arg>
<arg>RE</arg>
<arg>RO</arg>
<arg>RS</arg>
<arg>RU</arg>
<arg>RW</arg>
<arg>SA</arg>
<arg>SB</arg>
<arg>SC</arg>
<arg>SD</arg>
<arg>SE</arg>
<arg>SG</arg>
<arg>SH</arg>
<arg>SI</arg>
<arg>SJ</arg>
<arg>SK</arg>
<arg>SL</arg>
<arg>SM</arg>
<arg>SN</arg>
<arg>SO</arg>
<arg>SR</arg>
<arg>SS</arg>
<arg>ST</arg>
<arg>SV</arg>
<arg>SX</arg>
<arg>SY</arg>
<arg>SZ</arg>
<arg>TC</arg>
<arg>TD</arg>
<arg>TF</arg>
<arg>TG</arg>
<arg>TH</arg>
<arg>TJ</arg>
<arg>TK</arg>
<arg>TL</arg>
<arg>TM</arg>
<arg>TN</arg>
<arg>TO</arg>
<arg>TR</arg>
<arg>TT</arg>
<arg>TV</arg>
<arg>TW</arg>
<arg>TZ</arg>
<arg>UA</arg>
<arg>UG</arg>
<arg>UM</arg>
<arg>US</arg>
<arg>UY</arg>
<arg>UZ</arg>
<arg>VA</arg>
<arg>VC</arg>
<arg>VE</arg>
<arg>VG</arg>
<arg>VI</arg>
<arg>VN</arg>
<arg>VU</arg>
<arg>WF</arg>
<arg>WS</arg>
<arg>XK</arg>
<arg>YE</arg>
<arg>YT</arg>
<arg>ZA</arg>
<arg>ZM</arg>
<arg>ZW</arg>
<doc>Returns a list containing given items.</doc>
<status status="PASS" start="2024-06-14T06:21:07.723576" elapsed="0.000624"/>
</kw>
<kw name="List Should Contain Value" owner="Collections">
<arg>${list_country}</arg>
<arg>${name_country}</arg>
<doc>Fails if the ``value`` is not found from ``list``.</doc>
<status status="PASS" start="2024-06-14T06:21:07.724989" elapsed="0.000203"/>
</kw>
<kw name="Run Keyword If" owner="BuiltIn">
<kw name="Should Be True" owner="BuiltIn">
<arg>${True}</arg>
<doc>Fails if the given condition is not true.</doc>
<status status="PASS" start="2024-06-14T06:21:07.726269" elapsed="0.000143"/>
</kw>
<arg>${json_data["results"][0]["location"]["coordinates"]["latitude"]} &gt;= -90 and ${json_data["results"][0]["location"]["coordinates"]["latitude"]} &lt;= 90</arg>
<arg>Should Be True</arg>
<arg>${True}</arg>
<doc>Runs the given keyword with the given arguments, if ``condition`` is true.</doc>
<status status="PASS" start="2024-06-14T06:21:07.725387" elapsed="0.001150"/>
</kw>
<kw name="Run Keyword If" owner="BuiltIn">
<kw name="Should Be True" owner="BuiltIn">
<arg>${True}</arg>
<doc>Fails if the given condition is not true.</doc>
<status status="PASS" start="2024-06-14T06:21:07.727438" elapsed="0.000138"/>
</kw>
<arg>${json_data["results"][0]["location"]["coordinates"]["longitude"]} &gt;= -180 and ${json_data["results"][0]["location"]["coordinates"]["longitude"]} &lt;= 180</arg>
<arg>Should Be True</arg>
<arg>${True}</arg>
<doc>Runs the given keyword with the given arguments, if ``condition`` is true.</doc>
<status status="PASS" start="2024-06-14T06:21:07.726748" elapsed="0.000958"/>
</kw>
<status status="PASS" start="2024-06-14T06:21:07.621858" elapsed="0.105980"/>
</kw>
<doc>Testa o conteúdo específico dos campos retornados pela API.</doc>
<tag>testeConteudo</tag>
<status status="PASS" start="2024-06-14T06:21:07.621325" elapsed="0.106666"/>
</test>
<status status="PASS" start="2024-06-14T06:21:06.778113" elapsed="0.951857"/>
</suite>
<status status="PASS" start="2024-06-14T06:21:06.764744" elapsed="0.970326"/>
</suite>
<statistics>
<total>
<stat pass="5" fail="0" skip="0">All Tests</stat>
</total>
<tag>
<stat pass="1" fail="0" skip="0">testeConteudo</stat>
<stat pass="1" fail="0" skip="0">testeEstruturaResposta</stat>
<stat pass="1" fail="0" skip="0">testeRequisicaoBasica</stat>
<stat pass="1" fail="0" skip="0">testeTiposDados</stat>
</tag>
<suite>
<stat pass="5" fail="0" skip="0" id="s1" name="Tests">Tests</stat>
<stat pass="5" fail="0" skip="0" id="s1-s1" name="Random-User-Test">Tests.Random-User-Test</stat>
</suite>
</statistics>
<errors>
</errors>
</robot>
