<?xml version="1.0" encoding="UTF-8"?>
<robot generator="Robot 7.0 (Python 3.12.3 on linux)" generated="2024-05-16T20:14:52.121281" rpa="false" schemaversion="5">
<suite id="s1" name="Tests" source="/home/runner/work/DesafioQAItauRogerioJordao/DesafioQAItauRogerioJordao/RamdonUser/tests">
<suite id="s1-s1" name="Random-User-Test" source="/home/runner/work/DesafioQAItauRogerioJordao/DesafioQAItauRogerioJordao/RamdonUser/tests/random-user-test.robot">
<test id="s1-s1-t1" name="Conectar" line="13">
<kw name="Conectar API" owner="random-user-service">
<kw name="Create Session" owner="RequestsLibrary">
<msg time="2024-05-16T20:14:52.531762" level="INFO">Creating Session using : alias=consultarAPI, url=https://randomuser.me/, headers={},                     cookies={}, auth=None, timeout=None, proxies=None, verify=False,                     debug=0 </msg>
<arg>consultarAPI</arg>
<arg>${URL}</arg>
<doc>Create Session: create a HTTP session to a server</doc>
<status status="PASS" start="2024-05-16T20:14:52.531438" elapsed="0.000619"/>
</kw>
<status status="PASS" start="2024-05-16T20:14:52.529706" elapsed="0.002888"/>
</kw>
<status status="PASS" start="2024-05-16T20:14:52.528738" elapsed="0.004211"/>
</test>
<test id="s1-s1-t2" name="Validar retorno 200 e JSON Válido" line="16">
<kw name="Teste de Requisicao Basica" owner="random-user-service">
<kw name="GET On Session" owner="RequestsLibrary">
<msg time="2024-05-16T20:14:52.627738" level="INFO">GET Request : url=https://randomuser.me/api 
 path_url=/api 
 headers={'User-Agent': 'python-requests/2.31.0', 'Accept-Encoding': 'gzip, deflate', 'Accept': '*/*', 'Connection': 'keep-alive'} 
 body=None 
 </msg>
<msg time="2024-05-16T20:14:52.627955" level="INFO">GET Response : url=https://randomuser.me/api 
 status=200, reason=OK 
 headers={'Date': 'Thu, 16 May 2024 20:14:52 GMT', 'Content-Type': 'application/json; charset=utf-8', 'Transfer-Encoding': 'chunked', 'Connection': 'keep-alive', 'X-Powered-By': 'Express', 'Access-Control-Allow-Origin': '*', 'Cache-Control': 'no-cache', 'ETag': 'W/"487-g4CsFKeUcQZZu6bwjLuuMoz5sVM"', 'Vary': 'Accept-Encoding', 'Content-Encoding': 'gzip', 'CF-Cache-Status': 'DYNAMIC', 'Report-To': '{"endpoints":[{"url":"https:\\/\\/a.nel.cloudflare.com\\/report\\/v4?s=hnRPVS4v2o1IMldzDYIetkGhkX3QWzGc7FqAiCghyQqkI5tupCj4%2BXaClpS1Kz2AqlTWB7BO5OmqaQI2ntOF7Iaz7E5wR9CkFs%2FDpvD0BtpVVvZAWGwqdNDmIZm72HII"}],"group":"cf-nel","max_age":604800}', 'NEL': '{"success_fraction":0,"report_to":"cf-nel","max_age":604800}', 'Server': 'cloudflare', 'CF-RAY': '884e095aae4d140a-ORD', 'alt-svc': 'h3=":443"; ma=86400'} 
 body={"results":[{"gender":"female","name":{"title":"Ms","first":"Ofelia","last":"Riojas"},"location":{"street":{"number":4088,"name":"Peatonal El Salvador"},"city":"Providencia","state":"Tabasco","country":"Mexico","postcode":80878,"coordinates":{"latitude":"28.9472","longitude":"170.3212"},"timezone":{"offset":"-9:00","description":"Alaska"}},"email":"ofelia.riojas@example.com","login":{"uuid":"ccb26b9d-c52a-4a8b-84c0-8d2f485d490c","username":"angryleopard886","password":"rough","salt":"wjONGSXq","md5":"fc22fef4329bd9da042246ca752aaa0c","sha1":"7e0e87bbfcadd22e9f8feeb3aa3fd1c4727b76a0","sha256":"7343c7199e2f7dabfa5bacd5d02e2a4ba5bf8a7ba596dce0cc4f1ec930a062b2"},"dob":{"date":"1952-12-20T14:36:13.992Z","age":71},"registered":{"date":"2021-07-07T15:44:46.653Z","age":2},"phone":"(653) 835 0842","cell":"(645) 721 4956","id":{"name":"NSS","value":"47 09 72 1970 0"},"picture":{"large":"https://randomuser.me/api/portraits/women/24.jpg","medium":"https://randomuser.me/api/portraits/med/women/24.jpg","thumbnail":"https://randomuser.me/api/portraits/thumb/women/24.jpg"},"nat":"MX"}],"info":{"seed":"3bdf89201b66413d","results":1,"page":1,"version":"1.4"}} 
 </msg>
<msg time="2024-05-16T20:14:52.628087" level="INFO">/opt/hostedtoolcache/Python/3.12.3/x64/lib/python3.12/site-packages/urllib3/connectionpool.py:1103: InsecureRequestWarning: Unverified HTTPS request is being made to host 'randomuser.me'. Adding certificate verification is strongly advised. See: https://urllib3.readthedocs.io/en/latest/advanced-usage.html#tls-warnings
  warnings.warn(</msg>
<msg time="2024-05-16T20:14:52.628423" level="INFO">${response} = &lt;Response [200]&gt;</msg>
<var>${response}</var>
<arg>consultarAPI</arg>
<arg>/api</arg>
<doc>Sends a GET request on a previously created HTTP Session.</doc>
<status status="PASS" start="2024-05-16T20:14:52.537586" elapsed="0.090882"/>
</kw>
<kw name="Should Be Equal As Numbers" owner="BuiltIn">
<msg time="2024-05-16T20:14:52.629659" level="INFO">Argument types are:
&lt;class 'int'&gt;
&lt;class 'str'&gt;</msg>
<arg>${response.status_code}</arg>
<arg>200</arg>
<doc>Fails if objects are unequal after converting them to real numbers.</doc>
<status status="PASS" start="2024-05-16T20:14:52.629176" elapsed="0.000557"/>
</kw>
<kw name="Log" owner="BuiltIn">
<msg time="2024-05-16T20:14:52.630481" level="INFO">200</msg>
<arg>${response.status_code}</arg>
<doc>Logs the given message with the given level.</doc>
<status status="PASS" start="2024-05-16T20:14:52.630123" elapsed="0.000399"/>
</kw>
<kw name="Set Variable" owner="BuiltIn">
<msg time="2024-05-16T20:14:52.631302" level="INFO">${json_data} = {'results': [{'gender': 'female', 'name': {'title': 'Ms', 'first': 'Ofelia', 'last': 'Riojas'}, 'location': {'street': {'number': 4088, 'name': 'Peatonal El Salvador'}, 'city': 'Providencia', 'state':...</msg>
<var>${json_data}</var>
<arg>${response.json()}</arg>
<doc>Returns the given values which can then be assigned to a variables.</doc>
<status status="PASS" start="2024-05-16T20:14:52.630841" elapsed="0.000492"/>
</kw>
<kw name="Dictionary Should Contain Key" owner="Collections">
<msg time="2024-05-16T20:14:52.631807" level="INFO">False</msg>
<arg>${json_data}</arg>
<arg>results</arg>
<doc>Fails if ``key`` is not found from ``dictionary``.</doc>
<status status="PASS" start="2024-05-16T20:14:52.631635" elapsed="0.000211"/>
</kw>
<status status="PASS" start="2024-05-16T20:14:52.537167" elapsed="0.094938"/>
</kw>
<doc>Testa se a API responde corretamente e retorna um objeto JSON válido.</doc>
<tag>testeRequisicaoBasica</tag>
<status status="PASS" start="2024-05-16T20:14:52.536346" elapsed="0.095950"/>
</test>
<test id="s1-s1-t3" name="Validar estrutura de resposta" line="22">
<kw name="Teste de Estrutura de Resposta" owner="random-user-service">
<kw name="GET On Session" owner="RequestsLibrary">
<msg time="2024-05-16T20:14:52.730691" level="INFO">GET Request : url=https://randomuser.me/api 
 path_url=/api 
 headers={'User-Agent': 'python-requests/2.31.0', 'Accept-Encoding': 'gzip, deflate', 'Accept': '*/*', 'Connection': 'keep-alive'} 
 body=None 
 </msg>
<msg time="2024-05-16T20:14:52.730816" level="INFO">GET Response : url=https://randomuser.me/api 
 status=200, reason=OK 
 headers={'Date': 'Thu, 16 May 2024 20:14:52 GMT', 'Content-Type': 'application/json; charset=utf-8', 'Transfer-Encoding': 'chunked', 'Connection': 'keep-alive', 'X-Powered-By': 'Express', 'Access-Control-Allow-Origin': '*', 'Cache-Control': 'no-cache', 'ETag': 'W/"487-Ro0GakqXL5k7wqNk0dWCeUncaTA"', 'Vary': 'Accept-Encoding', 'Content-Encoding': 'gzip', 'CF-Cache-Status': 'DYNAMIC', 'Report-To': '{"endpoints":[{"url":"https:\\/\\/a.nel.cloudflare.com\\/report\\/v4?s=h%2FCsvy9b0BTE9wRTQGFV%2BE%2BGhMboVdzDbqq41%2Bd5%2FSUaK%2FrNl8ntt8Hx6MmbSYEx1heYib%2B4nqrSJ4jPXDK4K0VC9Msh%2BZod1lJPj8hZSfpo9WZDdawGByqvroh65B%2FD"}],"group":"cf-nel","max_age":604800}', 'NEL': '{"success_fraction":0,"report_to":"cf-nel","max_age":604800}', 'Server': 'cloudflare', 'CF-RAY': '884e095b0ee0140a-ORD', 'alt-svc': 'h3=":443"; ma=86400'} 
 body={"results":[{"gender":"male","name":{"title":"Mr","first":"Mauk","last":"Pustjens"},"location":{"street":{"number":8768,"name":"Ijsselland"},"city":"Allingawier","state":"Utrecht","country":"Netherlands","postcode":"2910 NJ","coordinates":{"latitude":"33.5165","longitude":"-107.6207"},"timezone":{"offset":"-12:00","description":"Eniwetok, Kwajalein"}},"email":"mauk.pustjens@example.com","login":{"uuid":"990ec0c6-03d7-4c3d-b766-0ab301c5b368","username":"greengorilla143","password":"justdoit","salt":"cpYCUm39","md5":"6e4101c05183fb3be3a32166cd61934e","sha1":"b85530c0564d6b6d5dfb000a14adc56c94411158","sha256":"6b43af4667a99ff435eee2832164974443372fa2f79941810984456ff38e640e"},"dob":{"date":"1982-09-17T05:10:34.596Z","age":41},"registered":{"date":"2016-05-16T17:25:42.647Z","age":8},"phone":"(0790) 885605","cell":"(06) 84934761","id":{"name":"BSN","value":"79890369"},"picture":{"large":"https://randomuser.me/api/portraits/men/22.jpg","medium":"https://randomuser.me/api/portraits/med/men/22.jpg","thumbnail":"https://randomuser.me/api/portraits/thumb/men/22.jpg"},"nat":"NL"}],"info":{"seed":"65a566e4edd9b6e2","results":1,"page":1,"version":"1.4"}} 
 </msg>
<msg time="2024-05-16T20:14:52.730963" level="INFO">/opt/hostedtoolcache/Python/3.12.3/x64/lib/python3.12/site-packages/urllib3/connectionpool.py:1103: InsecureRequestWarning: Unverified HTTPS request is being made to host 'randomuser.me'. Adding certificate verification is strongly advised. See: https://urllib3.readthedocs.io/en/latest/advanced-usage.html#tls-warnings
  warnings.warn(</msg>
<msg time="2024-05-16T20:14:52.731106" level="INFO">${response} = &lt;Response [200]&gt;</msg>
<var>${response}</var>
<arg>consultarAPI</arg>
<arg>/api</arg>
<doc>Sends a GET request on a previously created HTTP Session.</doc>
<status status="PASS" start="2024-05-16T20:14:52.634980" elapsed="0.096167"/>
</kw>
<kw name="Set Variable" owner="BuiltIn">
<msg time="2024-05-16T20:14:52.732362" level="INFO">${json_data} = {'results': [{'gender': 'male', 'name': {'title': 'Mr', 'first': 'Mauk', 'last': 'Pustjens'}, 'location': {'street': {'number': 8768, 'name': 'Ijsselland'}, 'city': 'Allingawier', 'state': 'Utrecht', ...</msg>
<var>${json_data}</var>
<arg>${response.json()}</arg>
<doc>Returns the given values which can then be assigned to a variables.</doc>
<status status="PASS" start="2024-05-16T20:14:52.731764" elapsed="0.000627"/>
</kw>
<kw name="Log" owner="BuiltIn">
<msg time="2024-05-16T20:14:52.732949" level="INFO">{'results': [{'gender': 'male', 'name': {'title': 'Mr', 'first': 'Mauk', 'last': 'Pustjens'}, 'location': {'street': {'number': 8768, 'name': 'Ijsselland'}, 'city': 'Allingawier', 'state': 'Utrecht', 'country': 'Netherlands', 'postcode': '2910 NJ', 'coordinates': {'latitude': '33.5165', 'longitude': '-107.6207'}, 'timezone': {'offset': '-12:00', 'description': 'Eniwetok, Kwajalein'}}, 'email': 'mauk.pustjens@example.com', 'login': {'uuid': '990ec0c6-03d7-4c3d-b766-0ab301c5b368', 'username': 'greengorilla143', 'password': 'justdoit', 'salt': 'cpYCUm39', 'md5': '6e4101c05183fb3be3a32166cd61934e', 'sha1': 'b85530c0564d6b6d5dfb000a14adc56c94411158', 'sha256': '6b43af4667a99ff435eee2832164974443372fa2f79941810984456ff38e640e'}, 'dob': {'date': '1982-09-17T05:10:34.596Z', 'age': 41}, 'registered': {'date': '2016-05-16T17:25:42.647Z', 'age': 8}, 'phone': '(0790) 885605', 'cell': '(06) 84934761', 'id': {'name': 'BSN', 'value': '79890369'}, 'picture': {'large': 'https://randomuser.me/api/portraits/men/22.jpg', 'medium': 'https://randomuser.me/api/portraits/med/men/22.jpg', 'thumbnail': 'https://randomuser.me/api/portraits/thumb/men/22.jpg'}, 'nat': 'NL'}], 'info': {'seed': '65a566e4edd9b6e2', 'results': 1, 'page': 1, 'version': '1.4'}}</msg>
<arg>${json_data}</arg>
<doc>Logs the given message with the given level.</doc>
<status status="PASS" start="2024-05-16T20:14:52.732723" elapsed="0.000276"/>
</kw>
<kw name="Dictionary Should Contain Key" owner="Collections">
<msg time="2024-05-16T20:14:52.733468" level="INFO">False</msg>
<arg>${json_data}</arg>
<arg>results</arg>
<doc>Fails if ``key`` is not found from ``dictionary``.</doc>
<status status="PASS" start="2024-05-16T20:14:52.733308" elapsed="0.000197"/>
</kw>
<kw name="Should Not Be Empty" owner="BuiltIn">
<msg time="2024-05-16T20:14:52.733930" level="INFO">Length is 2.</msg>
<arg>${json_data}</arg>
<doc>Verifies that the given item is not empty.</doc>
<status status="PASS" start="2024-05-16T20:14:52.733797" elapsed="0.000170"/>
</kw>
<kw name="Create List" owner="BuiltIn">
<msg time="2024-05-16T20:14:52.734588" level="INFO">${expected_keys} = ['gender', 'name', 'location', 'email', 'login']</msg>
<var>${expected_keys}</var>
<arg>gender</arg>
<arg>name</arg>
<arg>location</arg>
<arg>email</arg>
<arg>login</arg>
<doc>Returns a list containing given items.</doc>
<status status="PASS" start="2024-05-16T20:14:52.734253" elapsed="0.000359"/>
</kw>
<for flavor="IN">
<iter>
<kw name="Dictionary Should Contain Key" owner="Collections">
<msg time="2024-05-16T20:14:52.735646" level="INFO">False</msg>
<arg>${json_data['results'][0]}</arg>
<arg>${key}</arg>
<doc>Fails if ``key`` is not found from ``dictionary``.</doc>
<status status="PASS" start="2024-05-16T20:14:52.735210" elapsed="0.000473"/>
</kw>
<kw name="Log" owner="BuiltIn">
<msg time="2024-05-16T20:14:52.736341" level="INFO">{'gender': 'male', 'name': {'title': 'Mr', 'first': 'Mauk', 'last': 'Pustjens'}, 'location': {'street': {'number': 8768, 'name': 'Ijsselland'}, 'city': 'Allingawier', 'state': 'Utrecht', 'country': 'Netherlands', 'postcode': '2910 NJ', 'coordinates': {'latitude': '33.5165', 'longitude': '-107.6207'}, 'timezone': {'offset': '-12:00', 'description': 'Eniwetok, Kwajalein'}}, 'email': 'mauk.pustjens@example.com', 'login': {'uuid': '990ec0c6-03d7-4c3d-b766-0ab301c5b368', 'username': 'greengorilla143', 'password': 'justdoit', 'salt': 'cpYCUm39', 'md5': '6e4101c05183fb3be3a32166cd61934e', 'sha1': 'b85530c0564d6b6d5dfb000a14adc56c94411158', 'sha256': '6b43af4667a99ff435eee2832164974443372fa2f79941810984456ff38e640e'}, 'dob': {'date': '1982-09-17T05:10:34.596Z', 'age': 41}, 'registered': {'date': '2016-05-16T17:25:42.647Z', 'age': 8}, 'phone': '(0790) 885605', 'cell': '(06) 84934761', 'id': {'name': 'BSN', 'value': '79890369'}, 'picture': {'large': 'https://randomuser.me/api/portraits/men/22.jpg', 'medium': 'https://randomuser.me/api/portraits/med/men/22.jpg', 'thumbnail': 'https://randomuser.me/api/portraits/thumb/men/22.jpg'}, 'nat': 'NL'}</msg>
<arg>${json_data['results'][0]}</arg>
<doc>Logs the given message with the given level.</doc>
<status status="PASS" start="2024-05-16T20:14:52.735981" elapsed="0.000408"/>
</kw>
<kw name="Log" owner="BuiltIn">
<msg time="2024-05-16T20:14:52.736848" level="INFO">gender</msg>
<arg>${key}</arg>
<doc>Logs the given message with the given level.</doc>
<status status="PASS" start="2024-05-16T20:14:52.736686" elapsed="0.000200"/>
</kw>
<var name="${key}">gender</var>
<status status="PASS" start="2024-05-16T20:14:52.735082" elapsed="0.002021"/>
</iter>
<iter>
<kw name="Dictionary Should Contain Key" owner="Collections">
<msg time="2024-05-16T20:14:52.737801" level="INFO">False</msg>
<arg>${json_data['results'][0]}</arg>
<arg>${key}</arg>
<doc>Fails if ``key`` is not found from ``dictionary``.</doc>
<status status="PASS" start="2024-05-16T20:14:52.737413" elapsed="0.000425"/>
</kw>
<kw name="Log" owner="BuiltIn">
<msg time="2024-05-16T20:14:52.738539" level="INFO">{'gender': 'male', 'name': {'title': 'Mr', 'first': 'Mauk', 'last': 'Pustjens'}, 'location': {'street': {'number': 8768, 'name': 'Ijsselland'}, 'city': 'Allingawier', 'state': 'Utrecht', 'country': 'Netherlands', 'postcode': '2910 NJ', 'coordinates': {'latitude': '33.5165', 'longitude': '-107.6207'}, 'timezone': {'offset': '-12:00', 'description': 'Eniwetok, Kwajalein'}}, 'email': 'mauk.pustjens@example.com', 'login': {'uuid': '990ec0c6-03d7-4c3d-b766-0ab301c5b368', 'username': 'greengorilla143', 'password': 'justdoit', 'salt': 'cpYCUm39', 'md5': '6e4101c05183fb3be3a32166cd61934e', 'sha1': 'b85530c0564d6b6d5dfb000a14adc56c94411158', 'sha256': '6b43af4667a99ff435eee2832164974443372fa2f79941810984456ff38e640e'}, 'dob': {'date': '1982-09-17T05:10:34.596Z', 'age': 41}, 'registered': {'date': '2016-05-16T17:25:42.647Z', 'age': 8}, 'phone': '(0790) 885605', 'cell': '(06) 84934761', 'id': {'name': 'BSN', 'value': '79890369'}, 'picture': {'large': 'https://randomuser.me/api/portraits/men/22.jpg', 'medium': 'https://randomuser.me/api/portraits/med/men/22.jpg', 'thumbnail': 'https://randomuser.me/api/portraits/thumb/men/22.jpg'}, 'nat': 'NL'}</msg>
<arg>${json_data['results'][0]}</arg>
<doc>Logs the given message with the given level.</doc>
<status status="PASS" start="2024-05-16T20:14:52.738170" elapsed="0.000428"/>
</kw>
<kw name="Log" owner="BuiltIn">
<msg time="2024-05-16T20:14:52.739063" level="INFO">name</msg>
<arg>${key}</arg>
<doc>Logs the given message with the given level.</doc>
<status status="PASS" start="2024-05-16T20:14:52.738910" elapsed="0.000195"/>
</kw>
<var name="${key}">name</var>
<status status="PASS" start="2024-05-16T20:14:52.737296" elapsed="0.002042"/>
</iter>
<iter>
<kw name="Dictionary Should Contain Key" owner="Collections">
<msg time="2024-05-16T20:14:52.740042" level="INFO">False</msg>
<arg>${json_data['results'][0]}</arg>
<arg>${key}</arg>
<doc>Fails if ``key`` is not found from ``dictionary``.</doc>
<status status="PASS" start="2024-05-16T20:14:52.739655" elapsed="0.000424"/>
</kw>
<kw name="Log" owner="BuiltIn">
<msg time="2024-05-16T20:14:52.740790" level="INFO">{'gender': 'male', 'name': {'title': 'Mr', 'first': 'Mauk', 'last': 'Pustjens'}, 'location': {'street': {'number': 8768, 'name': 'Ijsselland'}, 'city': 'Allingawier', 'state': 'Utrecht', 'country': 'Netherlands', 'postcode': '2910 NJ', 'coordinates': {'latitude': '33.5165', 'longitude': '-107.6207'}, 'timezone': {'offset': '-12:00', 'description': 'Eniwetok, Kwajalein'}}, 'email': 'mauk.pustjens@example.com', 'login': {'uuid': '990ec0c6-03d7-4c3d-b766-0ab301c5b368', 'username': 'greengorilla143', 'password': 'justdoit', 'salt': 'cpYCUm39', 'md5': '6e4101c05183fb3be3a32166cd61934e', 'sha1': 'b85530c0564d6b6d5dfb000a14adc56c94411158', 'sha256': '6b43af4667a99ff435eee2832164974443372fa2f79941810984456ff38e640e'}, 'dob': {'date': '1982-09-17T05:10:34.596Z', 'age': 41}, 'registered': {'date': '2016-05-16T17:25:42.647Z', 'age': 8}, 'phone': '(0790) 885605', 'cell': '(06) 84934761', 'id': {'name': 'BSN', 'value': '79890369'}, 'picture': {'large': 'https://randomuser.me/api/portraits/men/22.jpg', 'medium': 'https://randomuser.me/api/portraits/med/men/22.jpg', 'thumbnail': 'https://randomuser.me/api/portraits/thumb/men/22.jpg'}, 'nat': 'NL'}</msg>
<arg>${json_data['results'][0]}</arg>
<doc>Logs the given message with the given level.</doc>
<status status="PASS" start="2024-05-16T20:14:52.740384" elapsed="0.000473"/>
</kw>
<kw name="Log" owner="BuiltIn">
<msg time="2024-05-16T20:14:52.741295" level="INFO">location</msg>
<arg>${key}</arg>
<doc>Logs the given message with the given level.</doc>
<status status="PASS" start="2024-05-16T20:14:52.741167" elapsed="0.000167"/>
</kw>
<var name="${key}">location</var>
<status status="PASS" start="2024-05-16T20:14:52.739537" elapsed="0.002015"/>
</iter>
<iter>
<kw name="Dictionary Should Contain Key" owner="Collections">
<msg time="2024-05-16T20:14:52.742245" level="INFO">False</msg>
<arg>${json_data['results'][0]}</arg>
<arg>${key}</arg>
<doc>Fails if ``key`` is not found from ``dictionary``.</doc>
<status status="PASS" start="2024-05-16T20:14:52.741854" elapsed="0.000429"/>
</kw>
<kw name="Log" owner="BuiltIn">
<msg time="2024-05-16T20:14:52.742943" level="INFO">{'gender': 'male', 'name': {'title': 'Mr', 'first': 'Mauk', 'last': 'Pustjens'}, 'location': {'street': {'number': 8768, 'name': 'Ijsselland'}, 'city': 'Allingawier', 'state': 'Utrecht', 'country': 'Netherlands', 'postcode': '2910 NJ', 'coordinates': {'latitude': '33.5165', 'longitude': '-107.6207'}, 'timezone': {'offset': '-12:00', 'description': 'Eniwetok, Kwajalein'}}, 'email': 'mauk.pustjens@example.com', 'login': {'uuid': '990ec0c6-03d7-4c3d-b766-0ab301c5b368', 'username': 'greengorilla143', 'password': 'justdoit', 'salt': 'cpYCUm39', 'md5': '6e4101c05183fb3be3a32166cd61934e', 'sha1': 'b85530c0564d6b6d5dfb000a14adc56c94411158', 'sha256': '6b43af4667a99ff435eee2832164974443372fa2f79941810984456ff38e640e'}, 'dob': {'date': '1982-09-17T05:10:34.596Z', 'age': 41}, 'registered': {'date': '2016-05-16T17:25:42.647Z', 'age': 8}, 'phone': '(0790) 885605', 'cell': '(06) 84934761', 'id': {'name': 'BSN', 'value': '79890369'}, 'picture': {'large': 'https://randomuser.me/api/portraits/men/22.jpg', 'medium': 'https://randomuser.me/api/portraits/med/men/22.jpg', 'thumbnail': 'https://randomuser.me/api/portraits/thumb/men/22.jpg'}, 'nat': 'NL'}</msg>
<arg>${json_data['results'][0]}</arg>
<doc>Logs the given message with the given level.</doc>
<status status="PASS" start="2024-05-16T20:14:52.742584" elapsed="0.000408"/>
</kw>
<kw name="Log" owner="BuiltIn">
<msg time="2024-05-16T20:14:52.743413" level="INFO">email</msg>
<arg>${key}</arg>
<doc>Logs the given message with the given level.</doc>
<status status="PASS" start="2024-05-16T20:14:52.743286" elapsed="0.000165"/>
</kw>
<var name="${key}">email</var>
<status status="PASS" start="2024-05-16T20:14:52.741731" elapsed="0.001935"/>
</iter>
<iter>
<kw name="Dictionary Should Contain Key" owner="Collections">
<msg time="2024-05-16T20:14:52.744347" level="INFO">False</msg>
<arg>${json_data['results'][0]}</arg>
<arg>${key}</arg>
<doc>Fails if ``key`` is not found from ``dictionary``.</doc>
<status status="PASS" start="2024-05-16T20:14:52.743957" elapsed="0.000427"/>
</kw>
<kw name="Log" owner="BuiltIn">
<msg time="2024-05-16T20:14:52.745068" level="INFO">{'gender': 'male', 'name': {'title': 'Mr', 'first': 'Mauk', 'last': 'Pustjens'}, 'location': {'street': {'number': 8768, 'name': 'Ijsselland'}, 'city': 'Allingawier', 'state': 'Utrecht', 'country': 'Netherlands', 'postcode': '2910 NJ', 'coordinates': {'latitude': '33.5165', 'longitude': '-107.6207'}, 'timezone': {'offset': '-12:00', 'description': 'Eniwetok, Kwajalein'}}, 'email': 'mauk.pustjens@example.com', 'login': {'uuid': '990ec0c6-03d7-4c3d-b766-0ab301c5b368', 'username': 'greengorilla143', 'password': 'justdoit', 'salt': 'cpYCUm39', 'md5': '6e4101c05183fb3be3a32166cd61934e', 'sha1': 'b85530c0564d6b6d5dfb000a14adc56c94411158', 'sha256': '6b43af4667a99ff435eee2832164974443372fa2f79941810984456ff38e640e'}, 'dob': {'date': '1982-09-17T05:10:34.596Z', 'age': 41}, 'registered': {'date': '2016-05-16T17:25:42.647Z', 'age': 8}, 'phone': '(0790) 885605', 'cell': '(06) 84934761', 'id': {'name': 'BSN', 'value': '79890369'}, 'picture': {'large': 'https://randomuser.me/api/portraits/men/22.jpg', 'medium': 'https://randomuser.me/api/portraits/med/men/22.jpg', 'thumbnail': 'https://randomuser.me/api/portraits/thumb/men/22.jpg'}, 'nat': 'NL'}</msg>
<arg>${json_data['results'][0]}</arg>
<doc>Logs the given message with the given level.</doc>
<status status="PASS" start="2024-05-16T20:14:52.744683" elapsed="0.000443"/>
</kw>
<kw name="Log" owner="BuiltIn">
<msg time="2024-05-16T20:14:52.745557" level="INFO">login</msg>
<arg>${key}</arg>
<doc>Logs the given message with the given level.</doc>
<status status="PASS" start="2024-05-16T20:14:52.745430" elapsed="0.000165"/>
</kw>
<var name="${key}">login</var>
<status status="PASS" start="2024-05-16T20:14:52.743844" elapsed="0.001993"/>
</iter>
<var>${key}</var>
<value>@{expected_keys}</value>
<status status="PASS" start="2024-05-16T20:14:52.734879" elapsed="0.011088"/>
</for>
<kw name="Create List" owner="BuiltIn">
<msg time="2024-05-16T20:14:52.746313" level="INFO">${expected_keysTwo} = ['username', 'password']</msg>
<var>${expected_keysTwo}</var>
<arg>username</arg>
<arg>password</arg>
<doc>Returns a list containing given items.</doc>
<status status="PASS" start="2024-05-16T20:14:52.746173" elapsed="0.000164"/>
</kw>
<for flavor="IN">
<iter>
<kw name="Dictionary Should Contain Key" owner="Collections">
<msg time="2024-05-16T20:14:52.747252" level="INFO">False</msg>
<arg>${json_data['results'][0]['login']}</arg>
<arg>${keyTwo}</arg>
<doc>Fails if ``key`` is not found from ``dictionary``.</doc>
<status status="PASS" start="2024-05-16T20:14:52.746860" elapsed="0.000427"/>
</kw>
<kw name="Dictionary Should Contain Key" owner="Collections">
<msg time="2024-05-16T20:14:52.747955" level="INFO">False</msg>
<arg>${json_data['results'][0]['login']}</arg>
<arg>${keyTwo}</arg>
<doc>Fails if ``key`` is not found from ``dictionary``.</doc>
<status status="PASS" start="2024-05-16T20:14:52.747579" elapsed="0.000413"/>
</kw>
<kw name="Log" owner="BuiltIn">
<msg time="2024-05-16T20:14:52.748405" level="INFO">username</msg>
<arg>${keyTwo}</arg>
<doc>Logs the given message with the given level.</doc>
<status status="PASS" start="2024-05-16T20:14:52.748280" elapsed="0.000167"/>
</kw>
<var name="${keyTwo}">username</var>
<status status="PASS" start="2024-05-16T20:14:52.746750" elapsed="0.001909"/>
</iter>
<iter>
<kw name="Dictionary Should Contain Key" owner="Collections">
<msg time="2024-05-16T20:14:52.749349" level="INFO">False</msg>
<arg>${json_data['results'][0]['login']}</arg>
<arg>${keyTwo}</arg>
<doc>Fails if ``key`` is not found from ``dictionary``.</doc>
<status status="PASS" start="2024-05-16T20:14:52.748968" elapsed="0.000417"/>
</kw>
<kw name="Dictionary Should Contain Key" owner="Collections">
<msg time="2024-05-16T20:14:52.750163" level="INFO">False</msg>
<arg>${json_data['results'][0]['login']}</arg>
<arg>${keyTwo}</arg>
<doc>Fails if ``key`` is not found from ``dictionary``.</doc>
<status status="PASS" start="2024-05-16T20:14:52.749682" elapsed="0.000522"/>
</kw>
<kw name="Log" owner="BuiltIn">
<msg time="2024-05-16T20:14:52.750645" level="INFO">password</msg>
<arg>${keyTwo}</arg>
<doc>Logs the given message with the given level.</doc>
<status status="PASS" start="2024-05-16T20:14:52.750509" elapsed="0.000174"/>
</kw>
<var name="${keyTwo}">password</var>
<status status="PASS" start="2024-05-16T20:14:52.748857" elapsed="0.002092"/>
</iter>
<var>${keyTwo}</var>
<value>@{expected_keysTwo}</value>
<status status="PASS" start="2024-05-16T20:14:52.746583" elapsed="0.004500"/>
</for>
<status status="PASS" start="2024-05-16T20:14:52.634729" elapsed="0.116508"/>
</kw>
<doc>Testa a estrutura da resposta da API.</doc>
<tag>testeEstruturaResposta</tag>
<status status="PASS" start="2024-05-16T20:14:52.634195" elapsed="0.117205"/>
</test>
<test id="s1-s1-t4" name="Validar tipos de dados" line="28">
<kw name="Teste de Tipos de Dados" owner="random-user-service">
<kw name="GET On Session" owner="RequestsLibrary">
<msg time="2024-05-16T20:14:52.834162" level="INFO">GET Request : url=https://randomuser.me/api 
 path_url=/api 
 headers={'User-Agent': 'python-requests/2.31.0', 'Accept-Encoding': 'gzip, deflate', 'Accept': '*/*', 'Connection': 'keep-alive'} 
 body=None 
 </msg>
<msg time="2024-05-16T20:14:52.834267" level="INFO">GET Response : url=https://randomuser.me/api 
 status=200, reason=OK 
 headers={'Date': 'Thu, 16 May 2024 20:14:52 GMT', 'Content-Type': 'application/json; charset=utf-8', 'Transfer-Encoding': 'chunked', 'Connection': 'keep-alive', 'X-Powered-By': 'Express', 'Access-Control-Allow-Origin': '*', 'Cache-Control': 'no-cache', 'ETag': 'W/"499-xLMgTv4fyV8x0mI2Y/rl2H2W4pU"', 'Vary': 'Accept-Encoding', 'Content-Encoding': 'gzip', 'CF-Cache-Status': 'DYNAMIC', 'Report-To': '{"endpoints":[{"url":"https:\\/\\/a.nel.cloudflare.com\\/report\\/v4?s=Dfrhkmtbd1aNddzg6207xDCjICVVov6fhjQZ5EGwgWWDeNlClmKRTw9EpfKnQvhAzrHYbdzPMbqEIP9%2FlOIY9B44uqbwjecMgUfCiDVhUIXs0krhDegXqkTPJWpEn%2Bbq"}],"group":"cf-nel","max_age":604800}', 'NEL': '{"success_fraction":0,"report_to":"cf-nel","max_age":604800}', 'Server': 'cloudflare', 'CF-RAY': '884e095bcfcf140a-ORD', 'alt-svc': 'h3=":443"; ma=86400'} 
 body={"results":[{"gender":"female","name":{"title":"Ms","first":"Aliya","last":"Westerlund"},"location":{"street":{"number":9318,"name":"Kristine Bonnevies vei"},"city":"Sander","state":"Nordland","country":"Norway","postcode":"2606","coordinates":{"latitude":"41.7649","longitude":"23.7677"},"timezone":{"offset":"+5:30","description":"Bombay, Calcutta, Madras, New Delhi"}},"email":"aliya.westerlund@example.com","login":{"uuid":"0fdbe7a8-b299-4037-89e5-b4a14db913f1","username":"goldenpeacock340","password":"titan","salt":"lKLamDrL","md5":"025a7d35eff87936da2fe32724697419","sha1":"386f12424af57503938683e1c0ad201f82fe5091","sha256":"fd803549133bc82b984efa8922ff0e1d8bd2f74c910986b951a58ad2efa5b881"},"dob":{"date":"1980-10-18T21:42:50.118Z","age":43},"registered":{"date":"2004-01-18T17:12:57.878Z","age":20},"phone":"87502902","cell":"93579032","id":{"name":"FN","value":"18108001255"},"picture":{"large":"https://randomuser.me/api/portraits/women/27.jpg","medium":"https://randomuser.me/api/portraits/med/women/27.jpg","thumbnail":"https://randomuser.me/api/portraits/thumb/women/27.jpg"},"nat":"NO"}],"info":{"seed":"ec7c73295e13eab3","results":1,"page":1,"version":"1.4"}} 
 </msg>
<msg time="2024-05-16T20:14:52.834344" level="INFO">/opt/hostedtoolcache/Python/3.12.3/x64/lib/python3.12/site-packages/urllib3/connectionpool.py:1103: InsecureRequestWarning: Unverified HTTPS request is being made to host 'randomuser.me'. Adding certificate verification is strongly advised. See: https://urllib3.readthedocs.io/en/latest/advanced-usage.html#tls-warnings
  warnings.warn(</msg>
<msg time="2024-05-16T20:14:52.834476" level="INFO">${response} = &lt;Response [200]&gt;</msg>
<var>${response}</var>
<arg>consultarAPI</arg>
<arg>/api</arg>
<doc>Sends a GET request on a previously created HTTP Session.</doc>
<status status="PASS" start="2024-05-16T20:14:52.754072" elapsed="0.080447"/>
</kw>
<kw name="Set Variable" owner="BuiltIn">
<msg time="2024-05-16T20:14:52.835734" level="INFO">${json_data} = {'results': [{'gender': 'female', 'name': {'title': 'Ms', 'first': 'Aliya', 'last': 'Westerlund'}, 'location': {'street': {'number': 9318, 'name': 'Kristine Bonnevies vei'}, 'city': 'Sander', 'state':...</msg>
<var>${json_data}</var>
<arg>${response.json()}</arg>
<doc>Returns the given values which can then be assigned to a variables.</doc>
<status status="PASS" start="2024-05-16T20:14:52.835160" elapsed="0.000605"/>
</kw>
<kw name="Log" owner="BuiltIn">
<msg time="2024-05-16T20:14:52.836369" level="INFO">{'results': [{'gender': 'female', 'name': {'title': 'Ms', 'first': 'Aliya', 'last': 'Westerlund'}, 'location': {'street': {'number': 9318, 'name': 'Kristine Bonnevies vei'}, 'city': 'Sander', 'state': 'Nordland', 'country': 'Norway', 'postcode': '2606', 'coordinates': {'latitude': '41.7649', 'longitude': '23.7677'}, 'timezone': {'offset': '+5:30', 'description': 'Bombay, Calcutta, Madras, New Delhi'}}, 'email': 'aliya.westerlund@example.com', 'login': {'uuid': '0fdbe7a8-b299-4037-89e5-b4a14db913f1', 'username': 'goldenpeacock340', 'password': 'titan', 'salt': 'lKLamDrL', 'md5': '025a7d35eff87936da2fe32724697419', 'sha1': '386f12424af57503938683e1c0ad201f82fe5091', 'sha256': 'fd803549133bc82b984efa8922ff0e1d8bd2f74c910986b951a58ad2efa5b881'}, 'dob': {'date': '1980-10-18T21:42:50.118Z', 'age': 43}, 'registered': {'date': '2004-01-18T17:12:57.878Z', 'age': 20}, 'phone': '87502902', 'cell': '93579032', 'id': {'name': 'FN', 'value': '18108001255'}, 'picture': {'large': 'https://randomuser.me/api/portraits/women/27.jpg', 'medium': 'https://randomuser.me/api/portraits/med/women/27.jpg', 'thumbnail': 'https://randomuser.me/api/portraits/thumb/women/27.jpg'}, 'nat': 'NO'}], 'info': {'seed': 'ec7c73295e13eab3', 'results': 1, 'page': 1, 'version': '1.4'}}</msg>
<arg>${json_data}</arg>
<doc>Logs the given message with the given level.</doc>
<status status="PASS" start="2024-05-16T20:14:52.836177" elapsed="0.000283"/>
</kw>
<kw name="Should Be String" owner="String">
<arg>${json_data['results'][0]['gender']}</arg>
<doc>Fails if the given ``item`` is not a string.</doc>
<status status="PASS" start="2024-05-16T20:14:52.836880" elapsed="0.000417"/>
</kw>
<kw name="Should Match Regexp" owner="BuiltIn">
<arg>${json_data['results'][0]['email']}</arg>
<arg>^[a-zA-Z0-9._%+-]+@[a-zA-Z0-9.-]+\.[a-zA-Z]{2,}$</arg>
<doc>Fails if ``string`` does not match ``pattern`` as a regular expression.</doc>
<status status="PASS" start="2024-05-16T20:14:52.837528" elapsed="0.000565"/>
</kw>
<kw name="Should Match Regexp" owner="BuiltIn">
<arg>${json_data['results'][0]['dob']['date']}</arg>
<arg>\\d{4}-\\d{2}-\\d{2}T\\d{2}:\\d{2}:\\d{2}\\.\\d{3}Z</arg>
<doc>Fails if ``string`` does not match ``pattern`` as a regular expression.</doc>
<status status="PASS" start="2024-05-16T20:14:52.838319" elapsed="0.000539"/>
</kw>
<kw name="Should Match Regexp" owner="BuiltIn">
<arg>${json_data['results'][0]['registered']['date']}</arg>
<arg>\\d{4}-\\d{2}-\\d{2}T\\d{2}:\\d{2}:\\d{2}\\.\\d{3}Z</arg>
<doc>Fails if ``string`` does not match ``pattern`` as a regular expression.</doc>
<status status="PASS" start="2024-05-16T20:14:52.839079" elapsed="0.000396"/>
</kw>
<kw name="Should Match Regexp" owner="BuiltIn">
<arg>${json_data['results'][0]['picture']['large']}</arg>
<arg>^https?://.*\.(?:png|jpe?g|gif|bmp)$</arg>
<doc>Fails if ``string`` does not match ``pattern`` as a regular expression.</doc>
<status status="PASS" start="2024-05-16T20:14:52.839682" elapsed="0.000514"/>
</kw>
<kw name="Should Match Regexp" owner="BuiltIn">
<arg>${json_data['results'][0]['picture']['medium']}</arg>
<arg>^https?://.*\.(?:png|jpe?g|gif|bmp)$</arg>
<doc>Fails if ``string`` does not match ``pattern`` as a regular expression.</doc>
<status status="PASS" start="2024-05-16T20:14:52.840400" elapsed="0.000404"/>
</kw>
<kw name="Should Match Regexp" owner="BuiltIn">
<arg>${json_data['results'][0]['picture']['thumbnail']}</arg>
<arg>^https?://.*\.(?:png|jpe?g|gif|bmp)$</arg>
<doc>Fails if ``string`` does not match ``pattern`` as a regular expression.</doc>
<status status="PASS" start="2024-05-16T20:14:52.841015" elapsed="0.000365"/>
</kw>
<kw name="Log" owner="BuiltIn">
<msg time="2024-05-16T20:14:52.841911" level="INFO">{'large': 'https://randomuser.me/api/portraits/women/27.jpg', 'medium': 'https://randomuser.me/api/portraits/med/women/27.jpg', 'thumbnail': 'https://randomuser.me/api/portraits/thumb/women/27.jpg'}</msg>
<arg>${json_data['results'][0]['picture']}</arg>
<doc>Logs the given message with the given level.</doc>
<status status="PASS" start="2024-05-16T20:14:52.841572" elapsed="0.000383"/>
</kw>
<status status="PASS" start="2024-05-16T20:14:52.753798" elapsed="0.088496"/>
</kw>
<kw name="Teste de Tipos de Dados - Postcode" owner="random-user-service">
<kw name="GET On Session" owner="RequestsLibrary">
<msg time="2024-05-16T20:14:52.938562" level="INFO">GET Request : url=https://randomuser.me/api 
 path_url=/api 
 headers={'User-Agent': 'python-requests/2.31.0', 'Accept-Encoding': 'gzip, deflate', 'Accept': '*/*', 'Connection': 'keep-alive'} 
 body=None 
 </msg>
<msg time="2024-05-16T20:14:52.938659" level="INFO">GET Response : url=https://randomuser.me/api 
 status=200, reason=OK 
 headers={'Date': 'Thu, 16 May 2024 20:14:52 GMT', 'Content-Type': 'application/json; charset=utf-8', 'Transfer-Encoding': 'chunked', 'Connection': 'keep-alive', 'X-Powered-By': 'Express', 'Access-Control-Allow-Origin': '*', 'Cache-Control': 'no-cache', 'ETag': 'W/"476-0KMeN08DzJfOJFjM5SMAU2enVs0"', 'Vary': 'Accept-Encoding', 'Content-Encoding': 'gzip', 'CF-Cache-Status': 'DYNAMIC', 'Report-To': '{"endpoints":[{"url":"https:\\/\\/a.nel.cloudflare.com\\/report\\/v4?s=It%2BoPalsQHKDtWYlM%2FGJCLAit8X9ogtWWjNI%2BbBGnDfLLDgCeeWbYTaeIi7fgV6Qb2tr5YjIK1oCkp9jTFm46NshJbHoNIBqve7HO6HYCLGbbHh9wID2GshCUfsZvCFM"}],"group":"cf-nel","max_age":604800}', 'NEL': '{"success_fraction":0,"report_to":"cf-nel","max_age":604800}', 'Server': 'cloudflare', 'CF-RAY': '884e095c58a4140a-ORD', 'alt-svc': 'h3=":443"; ma=86400'} 
 body={"results":[{"gender":"male","name":{"title":"Mr","first":"Bernward","last":"Hacker"},"location":{"street":{"number":1899,"name":"Am Bahnhof"},"city":"Emmelshausen","state":"Hamburg","country":"Germany","postcode":46330,"coordinates":{"latitude":"-50.2591","longitude":"-103.9942"},"timezone":{"offset":"-9:00","description":"Alaska"}},"email":"bernward.hacker@example.com","login":{"uuid":"14230356-60ec-4b1c-b3bd-f21e026c2d65","username":"redswan978","password":"chuan","salt":"za3WRgW0","md5":"35b83b174e6a7c6d320a13ea7584648b","sha1":"c4744be8820ade861fd735271d14b37a5c832756","sha256":"46dc7e5c339e1b933599c003c1f31009a813e9593c3ac17506e000e7ca77a83c"},"dob":{"date":"1952-11-27T00:28:11.942Z","age":71},"registered":{"date":"2003-08-25T13:39:27.901Z","age":20},"phone":"0013-7184303","cell":"0171-0518336","id":{"name":"SVNR","value":"39 261152 H 200"},"picture":{"large":"https://randomuser.me/api/portraits/men/92.jpg","medium":"https://randomuser.me/api/portraits/med/men/92.jpg","thumbnail":"https://randomuser.me/api/portraits/thumb/men/92.jpg"},"nat":"DE"}],"info":{"seed":"2b6c2ce8b5b39fdc","results":1,"page":1,"version":"1.4"}} 
 </msg>
<msg time="2024-05-16T20:14:52.938731" level="INFO">/opt/hostedtoolcache/Python/3.12.3/x64/lib/python3.12/site-packages/urllib3/connectionpool.py:1103: InsecureRequestWarning: Unverified HTTPS request is being made to host 'randomuser.me'. Adding certificate verification is strongly advised. See: https://urllib3.readthedocs.io/en/latest/advanced-usage.html#tls-warnings
  warnings.warn(</msg>
<msg time="2024-05-16T20:14:52.938854" level="INFO">${response} = &lt;Response [200]&gt;</msg>
<var>${response}</var>
<arg>consultarAPI</arg>
<arg>/api</arg>
<doc>Sends a GET request on a previously created HTTP Session.</doc>
<status status="PASS" start="2024-05-16T20:14:52.842776" elapsed="0.096117"/>
</kw>
<kw name="Set Variable" owner="BuiltIn">
<msg time="2024-05-16T20:14:52.940194" level="INFO">${json_data} = {'results': [{'gender': 'male', 'name': {'title': 'Mr', 'first': 'Bernward', 'last': 'Hacker'}, 'location': {'street': {'number': 1899, 'name': 'Am Bahnhof'}, 'city': 'Emmelshausen', 'state': 'Hamburg...</msg>
<var>${json_data}</var>
<arg>${response.json()}</arg>
<doc>Returns the given values which can then be assigned to a variables.</doc>
<status status="PASS" start="2024-05-16T20:14:52.939545" elapsed="0.000678"/>
</kw>
<kw name="Log" owner="BuiltIn">
<msg time="2024-05-16T20:14:52.940819" level="INFO">{'results': [{'gender': 'male', 'name': {'title': 'Mr', 'first': 'Bernward', 'last': 'Hacker'}, 'location': {'street': {'number': 1899, 'name': 'Am Bahnhof'}, 'city': 'Emmelshausen', 'state': 'Hamburg', 'country': 'Germany', 'postcode': 46330, 'coordinates': {'latitude': '-50.2591', 'longitude': '-103.9942'}, 'timezone': {'offset': '-9:00', 'description': 'Alaska'}}, 'email': 'bernward.hacker@example.com', 'login': {'uuid': '14230356-60ec-4b1c-b3bd-f21e026c2d65', 'username': 'redswan978', 'password': 'chuan', 'salt': 'za3WRgW0', 'md5': '35b83b174e6a7c6d320a13ea7584648b', 'sha1': 'c4744be8820ade861fd735271d14b37a5c832756', 'sha256': '46dc7e5c339e1b933599c003c1f31009a813e9593c3ac17506e000e7ca77a83c'}, 'dob': {'date': '1952-11-27T00:28:11.942Z', 'age': 71}, 'registered': {'date': '2003-08-25T13:39:27.901Z', 'age': 20}, 'phone': '0013-7184303', 'cell': '0171-0518336', 'id': {'name': 'SVNR', 'value': '39 261152 H 200'}, 'picture': {'large': 'https://randomuser.me/api/portraits/men/92.jpg', 'medium': 'https://randomuser.me/api/portraits/med/men/92.jpg', 'thumbnail': 'https://randomuser.me/api/portraits/thumb/men/92.jpg'}, 'nat': 'DE'}], 'info': {'seed': '2b6c2ce8b5b39fdc', 'results': 1, 'page': 1, 'version': '1.4'}}</msg>
<arg>${json_data}</arg>
<doc>Logs the given message with the given level.</doc>
<status status="PASS" start="2024-05-16T20:14:52.940601" elapsed="0.000318"/>
</kw>
<kw name="Should Be Equal As Numbers" owner="BuiltIn">
<arg>${json_data['results'][0]['location']['postcode']}</arg>
<arg>${json_data['results'][0]['location']['postcode']}</arg>
<doc>Fails if objects are unequal after converting them to real numbers.</doc>
<status status="PASS" start="2024-05-16T20:14:52.941239" elapsed="0.000851"/>
</kw>
<kw name="Log" owner="BuiltIn">
<msg time="2024-05-16T20:14:52.942623" level="INFO">46330</msg>
<arg>${json_data['results'][0]['location']['postcode']}</arg>
<doc>Logs the given message with the given level.</doc>
<status status="PASS" start="2024-05-16T20:14:52.942290" elapsed="0.000373"/>
</kw>
<status status="PASS" start="2024-05-16T20:14:52.842533" elapsed="0.100391"/>
</kw>
<doc>Testa se os tipos de dados na resposta da API estão corretos.</doc>
<tag>testeTiposDados</tag>
<status status="PASS" start="2024-05-16T20:14:52.753247" elapsed="0.189846"/>
</test>
<test id="s1-s1-t5" name="Validar conteudo" line="35">
<kw name="Teste de Tipos de Conteudo" owner="random-user-service">
<kw name="GET On Session" owner="RequestsLibrary">
<msg time="2024-05-16T20:14:53.138750" level="INFO">GET Request : url=https://randomuser.me/api 
 path_url=/api 
 headers={'User-Agent': 'python-requests/2.31.0', 'Accept-Encoding': 'gzip, deflate', 'Accept': '*/*', 'Connection': 'keep-alive'} 
 body=None 
 </msg>
<msg time="2024-05-16T20:14:53.138855" level="INFO">GET Response : url=https://randomuser.me/api 
 status=200, reason=OK 
 headers={'Date': 'Thu, 16 May 2024 20:14:53 GMT', 'Content-Type': 'application/json; charset=utf-8', 'Transfer-Encoding': 'chunked', 'Connection': 'keep-alive', 'X-Powered-By': 'Express', 'Access-Control-Allow-Origin': '*', 'Cache-Control': 'no-cache', 'ETag': 'W/"49d-s0sB6fv5UXf5mGrL0aPDY29RyWg"', 'Vary': 'Accept-Encoding', 'Content-Encoding': 'gzip', 'CF-Cache-Status': 'DYNAMIC', 'Report-To': '{"endpoints":[{"url":"https:\\/\\/a.nel.cloudflare.com\\/report\\/v4?s=z%2Bxix1moNPrAE14NkWrMg1E5Ys2aq%2BCLJSPB0sRxNtnNRbWqX%2FUEW6YEVe7%2FRJYmvY7%2B1yw5Z%2B8MNlw2fufSQ0mOjLK%2F8tyccDkrjkedxDd4HvfOrgKYdsqPiwHAeIoz"}],"group":"cf-nel","max_age":604800}', 'NEL': '{"success_fraction":0,"report_to":"cf-nel","max_age":604800}', 'Server': 'cloudflare', 'CF-RAY': '884e095cf98a140a-ORD', 'alt-svc': 'h3=":443"; ma=86400'} 
 body={"results":[{"gender":"male","name":{"title":"Mr","first":"اميرعلي","last":"احمدی"},"location":{"street":{"number":6044,"name":"شهید ثانی"},"city":"رشت","state":"آذربایجان شرقی","country":"Iran","postcode":31710,"coordinates":{"latitude":"15.4785","longitude":"-93.5107"},"timezone":{"offset":"+8:00","description":"Beijing, Perth, Singapore, Hong Kong"}},"email":"myraaly.hmdy@example.com","login":{"uuid":"20d96703-3798-47a7-a1b8-48bb38591ad1","username":"sadleopard376","password":"awful","salt":"lDKICMB5","md5":"4e0102d368b06d70aff3980e7f9b7679","sha1":"8935487d23c49c043d7fc00bef2aa1d76e917be5","sha256":"194ba208f8c2ca841c9b2deb63d4f394c18be2792c1f46f0167cefefe69c1181"},"dob":{"date":"1976-06-19T04:48:43.580Z","age":47},"registered":{"date":"2017-01-18T11:58:20.837Z","age":7},"phone":"025-35068097","cell":"0998-315-0110","id":{"name":"","value":null},"picture":{"large":"https://randomuser.me/api/portraits/men/73.jpg","medium":"https://randomuser.me/api/portraits/med/men/73.jpg","thumbnail":"https://randomuser.me/api/portraits/thumb/men/73.jpg"},"nat":"IR"}],"info":{"seed":"f2a6393da9d567cf","results":1,"page":1,"version":"1.4"}} 
 </msg>
<msg time="2024-05-16T20:14:53.138936" level="INFO">/opt/hostedtoolcache/Python/3.12.3/x64/lib/python3.12/site-packages/urllib3/connectionpool.py:1103: InsecureRequestWarning: Unverified HTTPS request is being made to host 'randomuser.me'. Adding certificate verification is strongly advised. See: https://urllib3.readthedocs.io/en/latest/advanced-usage.html#tls-warnings
  warnings.warn(</msg>
<msg time="2024-05-16T20:14:53.139073" level="INFO">${response} = &lt;Response [200]&gt;</msg>
<var>${response}</var>
<arg>consultarAPI</arg>
<arg>/api</arg>
<doc>Sends a GET request on a previously created HTTP Session.</doc>
<status status="PASS" start="2024-05-16T20:14:52.945877" elapsed="0.193236"/>
</kw>
<kw name="Set Variable" owner="BuiltIn">
<msg time="2024-05-16T20:14:53.140373" level="INFO">${json_data} = {'results': [{'gender': 'male', 'name': {'title': 'Mr', 'first': 'اميرعلي', 'last': 'احمدی'}, 'location': {'street': {'number': 6044, 'name': 'شهید ثانی'}, 'city': 'رشت', 'state': 'آذربایجان شرقی', 'c...</msg>
<var>${json_data}</var>
<arg>${response.json()}</arg>
<doc>Returns the given values which can then be assigned to a variables.</doc>
<status status="PASS" start="2024-05-16T20:14:53.139784" elapsed="0.000624"/>
</kw>
<kw name="Set Variable" owner="BuiltIn">
<msg time="2024-05-16T20:14:53.141270" level="INFO">${name_title} = Mr</msg>
<var>${name_title}</var>
<arg>${json_data["results"][0]["name"]["title"]}</arg>
<doc>Returns the given values which can then be assigned to a variables.</doc>
<status status="PASS" start="2024-05-16T20:14:53.140824" elapsed="0.000471"/>
</kw>
<kw name="Create List" owner="BuiltIn">
<msg time="2024-05-16T20:14:53.141793" level="INFO">${allowed_titles} = ['Mr', 'Ms', 'Miss', 'Mrs', 'Madame', 'Monsieur']</msg>
<var>${allowed_titles}</var>
<arg>Mr</arg>
<arg>Ms</arg>
<arg>Miss</arg>
<arg>Mrs</arg>
<arg>Madame</arg>
<arg>Monsieur</arg>
<doc>Returns a list containing given items.</doc>
<status status="PASS" start="2024-05-16T20:14:53.141632" elapsed="0.000186"/>
</kw>
<kw name="List Should Contain Value" owner="Collections">
<msg time="2024-05-16T20:14:53.142330" level="INFO">False</msg>
<arg>${allowed_titles}</arg>
<arg>${name_title}</arg>
<doc>Fails if the ``value`` is not found from ``list``.</doc>
<status status="PASS" start="2024-05-16T20:14:53.142139" elapsed="0.000231"/>
</kw>
<kw name="Set Variable" owner="BuiltIn">
<msg time="2024-05-16T20:14:53.143089" level="INFO">${name_country} = IR</msg>
<var>${name_country}</var>
<arg>${json_data["results"][0]["nat"]}</arg>
<doc>Returns the given values which can then be assigned to a variables.</doc>
<status status="PASS" start="2024-05-16T20:14:53.142691" elapsed="0.000424"/>
</kw>
<kw name="Create List" owner="BuiltIn">
<msg time="2024-05-16T20:14:53.144030" level="INFO">${list_country} = ['AD', 'AE', 'AF', 'AG', 'AI', 'AL', 'AM', 'AO', 'AQ', 'AR', 'AS', 'AT', 'AU', 'AW', 'AX', 'AZ', 'BA', 'BB', 'BD', 'BE', 'BF', 'BG', 'BH', 'BI', 'BJ', 'BL', 'BM', 'BN', 'BO', 'BQ', 'BR', 'BS', 'BT', '...</msg>
<var>${list_country}</var>
<arg>AD</arg>
<arg>AE</arg>
<arg>AF</arg>
<arg>AG</arg>
<arg>AI</arg>
<arg>AL</arg>
<arg>AM</arg>
<arg>AO</arg>
<arg>AQ</arg>
<arg>AR</arg>
<arg>AS</arg>
<arg>AT</arg>
<arg>AU</arg>
<arg>AW</arg>
<arg>AX</arg>
<arg>AZ</arg>
<arg>BA</arg>
<arg>BB</arg>
<arg>BD</arg>
<arg>BE</arg>
<arg>BF</arg>
<arg>BG</arg>
<arg>BH</arg>
<arg>BI</arg>
<arg>BJ</arg>
<arg>BL</arg>
<arg>BM</arg>
<arg>BN</arg>
<arg>BO</arg>
<arg>BQ</arg>
<arg>BR</arg>
<arg>BS</arg>
<arg>BT</arg>
<arg>BV</arg>
<arg>BW</arg>
<arg>BY</arg>
<arg>BZ</arg>
<arg>CA</arg>
<arg>CC</arg>
<arg>CD</arg>
<arg>CF</arg>
<arg>CG</arg>
<arg>CH</arg>
<arg>CI</arg>
<arg>CK</arg>
<arg>CL</arg>
<arg>CM</arg>
<arg>CN</arg>
<arg>CO</arg>
<arg>CR</arg>
<arg>CU</arg>
<arg>CV</arg>
<arg>CW</arg>
<arg>CX</arg>
<arg>CY</arg>
<arg>CZ</arg>
<arg>DE</arg>
<arg>DJ</arg>
<arg>DK</arg>
<arg>DM</arg>
<arg>DO</arg>
<arg>DZ</arg>
<arg>EC</arg>
<arg>EE</arg>
<arg>EG</arg>
<arg>EH</arg>
<arg>ER</arg>
<arg>ES</arg>
<arg>ET</arg>
<arg>FI</arg>
<arg>FJ</arg>
<arg>FK</arg>
<arg>FM</arg>
<arg>FO</arg>
<arg>FR</arg>
<arg>GA</arg>
<arg>GB</arg>
<arg>GD</arg>
<arg>GE</arg>
<arg>GF</arg>
<arg>GG</arg>
<arg>GH</arg>
<arg>GI</arg>
<arg>GL</arg>
<arg>GM</arg>
<arg>GN</arg>
<arg>GP</arg>
<arg>GQ</arg>
<arg>GR</arg>
<arg>GS</arg>
<arg>GT</arg>
<arg>GU</arg>
<arg>GW</arg>
<arg>GY</arg>
<arg>HK</arg>
<arg>HM</arg>
<arg>HN</arg>
<arg>HR</arg>
<arg>HT</arg>
<arg>HU</arg>
<arg>ID</arg>
<arg>IE</arg>
<arg>IL</arg>
<arg>IM</arg>
<arg>IN</arg>
<arg>IO</arg>
<arg>IQ</arg>
<arg>IR</arg>
<arg>IS</arg>
<arg>IT</arg>
<arg>JE</arg>
<arg>JM</arg>
<arg>JO</arg>
<arg>JP</arg>
<arg>KE</arg>
<arg>KG</arg>
<arg>KH</arg>
<arg>KI</arg>
<arg>KM</arg>
<arg>KN</arg>
<arg>KP</arg>
<arg>KR</arg>
<arg>KW</arg>
<arg>KY</arg>
<arg>KZ</arg>
<arg>LA</arg>
<arg>LB</arg>
<arg>LC</arg>
<arg>LI</arg>
<arg>LK</arg>
<arg>LR</arg>
<arg>LS</arg>
<arg>LT</arg>
<arg>LU</arg>
<arg>LV</arg>
<arg>LY</arg>
<arg>MA</arg>
<arg>MC</arg>
<arg>MD</arg>
<arg>ME</arg>
<arg>MF</arg>
<arg>MG</arg>
<arg>MH</arg>
<arg>MK</arg>
<arg>ML</arg>
<arg>MM</arg>
<arg>MN</arg>
<arg>MO</arg>
<arg>MP</arg>
<arg>MQ</arg>
<arg>MR</arg>
<arg>MS</arg>
<arg>MT</arg>
<arg>MU</arg>
<arg>MV</arg>
<arg>MW</arg>
<arg>MX</arg>
<arg>MY</arg>
<arg>MZ</arg>
<arg>NA</arg>
<arg>NC</arg>
<arg>NE</arg>
<arg>NF</arg>
<arg>NG</arg>
<arg>NI</arg>
<arg>NL</arg>
<arg>NO</arg>
<arg>NP</arg>
<arg>NR</arg>
<arg>NU</arg>
<arg>NZ</arg>
<arg>OM</arg>
<arg>PA</arg>
<arg>PE</arg>
<arg>PF</arg>
<arg>PG</arg>
<arg>PH</arg>
<arg>PK</arg>
<arg>PL</arg>
<arg>PM</arg>
<arg>PN</arg>
<arg>PR</arg>
<arg>PS</arg>
<arg>PT</arg>
<arg>PW</arg>
<arg>PY</arg>
<arg>QA</arg>
<arg>RE</arg>
<arg>RO</arg>
<arg>RS</arg>
<arg>RU</arg>
<arg>RW</arg>
<arg>SA</arg>
<arg>SB</arg>
<arg>SC</arg>
<arg>SD</arg>
<arg>SE</arg>
<arg>SG</arg>
<arg>SH</arg>
<arg>SI</arg>
<arg>SJ</arg>
<arg>SK</arg>
<arg>SL</arg>
<arg>SM</arg>
<arg>SN</arg>
<arg>SO</arg>
<arg>SR</arg>
<arg>SS</arg>
<arg>ST</arg>
<arg>SV</arg>
<arg>SX</arg>
<arg>SY</arg>
<arg>SZ</arg>
<arg>TC</arg>
<arg>TD</arg>
<arg>TF</arg>
<arg>TG</arg>
<arg>TH</arg>
<arg>TJ</arg>
<arg>TK</arg>
<arg>TL</arg>
<arg>TM</arg>
<arg>TN</arg>
<arg>TO</arg>
<arg>TR</arg>
<arg>TT</arg>
<arg>TV</arg>
<arg>TW</arg>
<arg>TZ</arg>
<arg>UA</arg>
<arg>UG</arg>
<arg>UM</arg>
<arg>US</arg>
<arg>UY</arg>
<arg>UZ</arg>
<arg>VA</arg>
<arg>VC</arg>
<arg>VE</arg>
<arg>VG</arg>
<arg>VI</arg>
<arg>VN</arg>
<arg>VU</arg>
<arg>WF</arg>
<arg>WS</arg>
<arg>XK</arg>
<arg>YE</arg>
<arg>YT</arg>
<arg>ZA</arg>
<arg>ZM</arg>
<arg>ZW</arg>
<doc>Returns a list containing given items.</doc>
<status status="PASS" start="2024-05-16T20:14:53.143422" elapsed="0.000634"/>
</kw>
<kw name="List Should Contain Value" owner="Collections">
<msg time="2024-05-16T20:14:53.145112" level="INFO">False</msg>
<arg>${list_country}</arg>
<arg>${name_country}</arg>
<doc>Fails if the ``value`` is not found from ``list``.</doc>
<status status="PASS" start="2024-05-16T20:14:53.144895" elapsed="0.000255"/>
</kw>
<kw name="Run Keyword If" owner="BuiltIn">
<kw name="Should Be True" owner="BuiltIn">
<arg>${True}</arg>
<doc>Fails if the given condition is not true.</doc>
<status status="PASS" start="2024-05-16T20:14:53.146295" elapsed="0.000145"/>
</kw>
<arg>${json_data["results"][0]["location"]["coordinates"]["latitude"]} &gt;= -90 and ${json_data["results"][0]["location"]["coordinates"]["latitude"]} &lt;= 90</arg>
<arg>Should Be True</arg>
<arg>${True}</arg>
<doc>Runs the given keyword with the given arguments, if ``condition`` is true.</doc>
<status status="PASS" start="2024-05-16T20:14:53.145476" elapsed="0.001094"/>
</kw>
<kw name="Run Keyword If" owner="BuiltIn">
<kw name="Should Be True" owner="BuiltIn">
<arg>${True}</arg>
<doc>Fails if the given condition is not true.</doc>
<status status="PASS" start="2024-05-16T20:14:53.147483" elapsed="0.000311"/>
</kw>
<arg>${json_data["results"][0]["location"]["coordinates"]["longitude"]} &gt;= -180 and ${json_data["results"][0]["location"]["coordinates"]["longitude"]} &lt;= 180</arg>
<arg>Should Be True</arg>
<arg>${True}</arg>
<doc>Runs the given keyword with the given arguments, if ``condition`` is true.</doc>
<status status="PASS" start="2024-05-16T20:14:53.146764" elapsed="0.001158"/>
</kw>
<status status="PASS" start="2024-05-16T20:14:52.945501" elapsed="0.202561"/>
</kw>
<doc>Testa o conteúdo específico dos campos retornados pela API.</doc>
<tag>testeConteudo</tag>
<status status="PASS" start="2024-05-16T20:14:52.944870" elapsed="0.203359"/>
</test>
<status status="PASS" start="2024-05-16T20:14:52.183377" elapsed="0.966917"/>
</suite>
<status status="PASS" start="2024-05-16T20:14:52.169231" elapsed="0.986809"/>
</suite>
<statistics>
<total>
<stat pass="5" fail="0" skip="0">All Tests</stat>
</total>
<tag>
<stat pass="1" fail="0" skip="0">testeConteudo</stat>
<stat pass="1" fail="0" skip="0">testeEstruturaResposta</stat>
<stat pass="1" fail="0" skip="0">testeRequisicaoBasica</stat>
<stat pass="1" fail="0" skip="0">testeTiposDados</stat>
</tag>
<suite>
<stat pass="5" fail="0" skip="0" id="s1" name="Tests">Tests</stat>
<stat pass="5" fail="0" skip="0" id="s1-s1" name="Random-User-Test">Tests.Random-User-Test</stat>
</suite>
</statistics>
<errors>
</errors>
</robot>
