<?xml version="1.0" encoding="UTF-8"?>
<robot generator="Robot 7.0 (Python 3.12.3 on linux)" generated="2024-05-21T11:13:37.959167" rpa="false" schemaversion="5">
<suite id="s1" name="Tests" source="/home/runner/work/DesafioQAItauRogerioJordao/DesafioQAItauRogerioJordao/RamdonUser/tests">
<suite id="s1-s1" name="Random-User-Test" source="/home/runner/work/DesafioQAItauRogerioJordao/DesafioQAItauRogerioJordao/RamdonUser/tests/random-user-test.robot">
<test id="s1-s1-t1" name="Conectar" line="13">
<kw name="Conectar API" owner="random-user-service">
<kw name="Create Session" owner="RequestsLibrary">
<msg time="2024-05-21T11:13:38.350886" level="INFO">Creating Session using : alias=consultarAPI, url=https://randomuser.me/, headers={},                     cookies={}, auth=None, timeout=None, proxies=None, verify=False,                     debug=0 </msg>
<arg>consultarAPI</arg>
<arg>${URL}</arg>
<doc>Create Session: create a HTTP session to a server</doc>
<status status="PASS" start="2024-05-21T11:13:38.350680" elapsed="0.000387"/>
</kw>
<status status="PASS" start="2024-05-21T11:13:38.349602" elapsed="0.001832"/>
</kw>
<status status="PASS" start="2024-05-21T11:13:38.348958" elapsed="0.002671"/>
</test>
<test id="s1-s1-t2" name="Validar retorno 200 e JSON Válido" line="16">
<kw name="Teste de Requisicao Basica" owner="random-user-service">
<kw name="GET On Session" owner="RequestsLibrary">
<msg time="2024-05-21T11:13:38.594451" level="INFO">GET Request : url=https://randomuser.me/api 
 path_url=/api 
 headers={'User-Agent': 'python-requests/2.32.1', 'Accept-Encoding': 'gzip, deflate', 'Accept': '*/*', 'Connection': 'keep-alive'} 
 body=None 
 </msg>
<msg time="2024-05-21T11:13:38.594628" level="INFO">GET Response : url=https://randomuser.me/api 
 status=200, reason=OK 
 headers={'Date': 'Tue, 21 May 2024 11:13:38 GMT', 'Content-Type': 'application/json; charset=utf-8', 'Transfer-Encoding': 'chunked', 'Connection': 'keep-alive', 'X-Powered-By': 'Express', 'Access-Control-Allow-Origin': '*', 'Cache-Control': 'no-cache', 'ETag': 'W/"499-oGnZCW+MPiWLdE+5HlvJUBopreA"', 'Vary': 'Accept-Encoding', 'Content-Encoding': 'gzip', 'CF-Cache-Status': 'DYNAMIC', 'Report-To': '{"endpoints":[{"url":"https:\\/\\/a.nel.cloudflare.com\\/report\\/v4?s=tQRN6sUHp53jSOjd7p7lBCk7ahK7jZtpSER2bIEp18AII9Bz3VAFPq4e%2BrqJj0ezN4hZxVOC17APgmRK9Q9SINONIF6S5b%2FytA0XR4DSvcg6SP42mw0fdSWZxKNvFKOB"}],"group":"cf-nel","max_age":604800}', 'NEL': '{"success_fraction":0,"report_to":"cf-nel","max_age":604800}', 'Server': 'cloudflare', 'CF-RAY': '88742367ecf789fa-ORD', 'alt-svc': 'h3=":443"; ma=86400'} 
 body={"results":[{"gender":"male","name":{"title":"Mr","first":"Grimaldo","last":"Bahena"},"location":{"street":{"number":1473,"name":"Calle Baja California"},"city":"Otumba","state":"Oaxaca","country":"Mexico","postcode":97083,"coordinates":{"latitude":"28.9518","longitude":"-170.0805"},"timezone":{"offset":"-7:00","description":"Mountain Time (US &amp; Canada)"}},"email":"grimaldo.bahena@example.com","login":{"uuid":"6122289f-aaaf-4c00-b443-6277f4135610","username":"goldenelephant485","password":"dogface","salt":"NPO0Vdal","md5":"3543c70aa5d4442bb982aed4940a5b08","sha1":"38b58148c5cd647c594ee628cc0bb1f150e79ebc","sha256":"68c4e7d73830e85f8135494606fd98e5f7d74b47f22024478cf9972a1e36dcb2"},"dob":{"date":"1952-07-04T08:31:01.613Z","age":71},"registered":{"date":"2012-03-05T17:48:48.613Z","age":12},"phone":"(692) 123 3109","cell":"(697) 037 8296","id":{"name":"NSS","value":"39 88 89 5044 0"},"picture":{"large":"https://randomuser.me/api/portraits/men/48.jpg","medium":"https://randomuser.me/api/portraits/med/men/48.jpg","thumbnail":"https://randomuser.me/api/portraits/thumb/men/48.jpg"},"nat":"MX"}],"info":{"seed":"9a685b6427083022","results":1,"page":1,"version":"1.4"}} 
 </msg>
<msg time="2024-05-21T11:13:38.594729" level="INFO">/opt/hostedtoolcache/Python/3.12.3/x64/lib/python3.12/site-packages/urllib3/connectionpool.py:1103: InsecureRequestWarning: Unverified HTTPS request is being made to host 'randomuser.me'. Adding certificate verification is strongly advised. See: https://urllib3.readthedocs.io/en/latest/advanced-usage.html#tls-warnings
  warnings.warn(</msg>
<msg time="2024-05-21T11:13:38.594883" level="INFO">${response} = &lt;Response [200]&gt;</msg>
<var>${response}</var>
<arg>consultarAPI</arg>
<arg>/api</arg>
<doc>Sends a GET request on a previously created HTTP Session.</doc>
<status status="PASS" start="2024-05-21T11:13:38.354315" elapsed="0.240608"/>
</kw>
<kw name="Should Be Equal As Numbers" owner="BuiltIn">
<msg time="2024-05-21T11:13:38.596041" level="INFO">Argument types are:
&lt;class 'int'&gt;
&lt;class 'str'&gt;</msg>
<arg>${response.status_code}</arg>
<arg>200</arg>
<doc>Fails if objects are unequal after converting them to real numbers.</doc>
<status status="PASS" start="2024-05-21T11:13:38.595568" elapsed="0.000538"/>
</kw>
<kw name="Log" owner="BuiltIn">
<msg time="2024-05-21T11:13:38.596797" level="INFO">200</msg>
<arg>${response.status_code}</arg>
<doc>Logs the given message with the given level.</doc>
<status status="PASS" start="2024-05-21T11:13:38.596445" elapsed="0.000398"/>
</kw>
<kw name="Set Variable" owner="BuiltIn">
<msg time="2024-05-21T11:13:38.597609" level="INFO">${json_data} = {'results': [{'gender': 'male', 'name': {'title': 'Mr', 'first': 'Grimaldo', 'last': 'Bahena'}, 'location': {'street': {'number': 1473, 'name': 'Calle Baja California'}, 'city': 'Otumba', 'state': 'Oa...</msg>
<var>${json_data}</var>
<arg>${response.json()}</arg>
<doc>Returns the given values which can then be assigned to a variables.</doc>
<status status="PASS" start="2024-05-21T11:13:38.597151" elapsed="0.000486"/>
</kw>
<kw name="Dictionary Should Contain Key" owner="Collections">
<msg time="2024-05-21T11:13:38.598104" level="INFO">False</msg>
<arg>${json_data}</arg>
<arg>results</arg>
<doc>Fails if ``key`` is not found from ``dictionary``.</doc>
<status status="PASS" start="2024-05-21T11:13:38.597938" elapsed="0.000362"/>
</kw>
<status status="PASS" start="2024-05-21T11:13:38.354068" elapsed="0.244500"/>
</kw>
<doc>Testa se a API responde corretamente e retorna um objeto JSON válido.</doc>
<tag>testeRequisicaoBasica</tag>
<status status="PASS" start="2024-05-21T11:13:38.353535" elapsed="0.245218"/>
</test>
<test id="s1-s1-t3" name="Validar estrutura de resposta" line="22">
<kw name="Teste de Estrutura de Resposta" owner="random-user-service">
<kw name="GET On Session" owner="RequestsLibrary">
<msg time="2024-05-21T11:13:38.726373" level="INFO">GET Request : url=https://randomuser.me/api 
 path_url=/api 
 headers={'User-Agent': 'python-requests/2.32.1', 'Accept-Encoding': 'gzip, deflate', 'Accept': '*/*', 'Connection': 'keep-alive'} 
 body=None 
 </msg>
<msg time="2024-05-21T11:13:38.726473" level="INFO">GET Response : url=https://randomuser.me/api 
 status=200, reason=OK 
 headers={'Date': 'Tue, 21 May 2024 11:13:38 GMT', 'Content-Type': 'application/json; charset=utf-8', 'Transfer-Encoding': 'chunked', 'Connection': 'keep-alive', 'X-Powered-By': 'Express', 'Access-Control-Allow-Origin': '*', 'Cache-Control': 'no-cache', 'ETag': 'W/"482-bKzwW+rColbYdl6+X6/2OJHeYx0"', 'Vary': 'Accept-Encoding', 'Content-Encoding': 'gzip', 'CF-Cache-Status': 'DYNAMIC', 'Report-To': '{"endpoints":[{"url":"https:\\/\\/a.nel.cloudflare.com\\/report\\/v4?s=LlkgPJ5d3ZjivKyILzUBTgagyMqU1BprE1jDa%2FeHeB6Q5FoQsOXNAHQ9hrRq1UKQybXBx4Dna%2BHyArdKtuQ72T5yHhtBBQzzEk0TaPsIMERu097BAURZ0cdgZFU8y%2BM6"}],"group":"cf-nel","max_age":604800}', 'NEL': '{"success_fraction":0,"report_to":"cf-nel","max_age":604800}', 'Server': 'cloudflare', 'CF-RAY': '887423684d4c89fa-ORD', 'alt-svc': 'h3=":443"; ma=86400'} 
 body={"results":[{"gender":"male","name":{"title":"Mr","first":"Gotthilf","last":"Bochmann"},"location":{"street":{"number":8727,"name":"Raiffeisenstraße"},"city":"Berlin","state":"Brandenburg","country":"Germany","postcode":83919,"coordinates":{"latitude":"-53.3928","longitude":"-20.3148"},"timezone":{"offset":"+3:30","description":"Tehran"}},"email":"gotthilf.bochmann@example.com","login":{"uuid":"509dc13d-15c3-4dc9-a667-fcc7e0496a4d","username":"happyladybug951","password":"gonzo","salt":"etVlZVLN","md5":"c7f4f686c60d0f17f782e05c69eb203c","sha1":"0bb7683fd9ba73881506ac86e6a0817db7006099","sha256":"d84ff6ee3ef35d9891929ac3eefd04effb0411d692d3811e56035c8431899248"},"dob":{"date":"1988-09-28T14:05:58.251Z","age":35},"registered":{"date":"2017-05-10T13:22:26.891Z","age":7},"phone":"0903-6462880","cell":"0176-1286625","id":{"name":"SVNR","value":"47 280988 B 178"},"picture":{"large":"https://randomuser.me/api/portraits/men/48.jpg","medium":"https://randomuser.me/api/portraits/med/men/48.jpg","thumbnail":"https://randomuser.me/api/portraits/thumb/men/48.jpg"},"nat":"DE"}],"info":{"seed":"1e5c2b729b2fe6b6","results":1,"page":1,"version":"1.4"}} 
 </msg>
<msg time="2024-05-21T11:13:38.726606" level="INFO">/opt/hostedtoolcache/Python/3.12.3/x64/lib/python3.12/site-packages/urllib3/connectionpool.py:1103: InsecureRequestWarning: Unverified HTTPS request is being made to host 'randomuser.me'. Adding certificate verification is strongly advised. See: https://urllib3.readthedocs.io/en/latest/advanced-usage.html#tls-warnings
  warnings.warn(</msg>
<msg time="2024-05-21T11:13:38.726742" level="INFO">${response} = &lt;Response [200]&gt;</msg>
<var>${response}</var>
<arg>consultarAPI</arg>
<arg>/api</arg>
<doc>Sends a GET request on a previously created HTTP Session.</doc>
<status status="PASS" start="2024-05-21T11:13:38.601346" elapsed="0.125436"/>
</kw>
<kw name="Set Variable" owner="BuiltIn">
<msg time="2024-05-21T11:13:38.727983" level="INFO">${json_data} = {'results': [{'gender': 'male', 'name': {'title': 'Mr', 'first': 'Gotthilf', 'last': 'Bochmann'}, 'location': {'street': {'number': 8727, 'name': 'Raiffeisenstraße'}, 'city': 'Berlin', 'state': 'Brand...</msg>
<var>${json_data}</var>
<arg>${response.json()}</arg>
<doc>Returns the given values which can then be assigned to a variables.</doc>
<status status="PASS" start="2024-05-21T11:13:38.727400" elapsed="0.000613"/>
</kw>
<kw name="Log" owner="BuiltIn">
<msg time="2024-05-21T11:13:38.728481" level="INFO">{'results': [{'gender': 'male', 'name': {'title': 'Mr', 'first': 'Gotthilf', 'last': 'Bochmann'}, 'location': {'street': {'number': 8727, 'name': 'Raiffeisenstraße'}, 'city': 'Berlin', 'state': 'Brandenburg', 'country': 'Germany', 'postcode': 83919, 'coordinates': {'latitude': '-53.3928', 'longitude': '-20.3148'}, 'timezone': {'offset': '+3:30', 'description': 'Tehran'}}, 'email': 'gotthilf.bochmann@example.com', 'login': {'uuid': '509dc13d-15c3-4dc9-a667-fcc7e0496a4d', 'username': 'happyladybug951', 'password': 'gonzo', 'salt': 'etVlZVLN', 'md5': 'c7f4f686c60d0f17f782e05c69eb203c', 'sha1': '0bb7683fd9ba73881506ac86e6a0817db7006099', 'sha256': 'd84ff6ee3ef35d9891929ac3eefd04effb0411d692d3811e56035c8431899248'}, 'dob': {'date': '1988-09-28T14:05:58.251Z', 'age': 35}, 'registered': {'date': '2017-05-10T13:22:26.891Z', 'age': 7}, 'phone': '0903-6462880', 'cell': '0176-1286625', 'id': {'name': 'SVNR', 'value': '47 280988 B 178'}, 'picture': {'large': 'https://randomuser.me/api/portraits/men/48.jpg', 'medium': 'https://randomuser.me/api/portraits/med/men/48.jpg', 'thumbnail': 'https://randomuser.me/api/portraits/thumb/men/48.jpg'}, 'nat': 'DE'}], 'info': {'seed': '1e5c2b729b2fe6b6', 'results': 1, 'page': 1, 'version': '1.4'}}</msg>
<arg>${json_data}</arg>
<doc>Logs the given message with the given level.</doc>
<status status="PASS" start="2024-05-21T11:13:38.728321" elapsed="0.000210"/>
</kw>
<kw name="Dictionary Should Contain Key" owner="Collections">
<msg time="2024-05-21T11:13:38.728975" level="INFO">False</msg>
<arg>${json_data}</arg>
<arg>results</arg>
<doc>Fails if ``key`` is not found from ``dictionary``.</doc>
<status status="PASS" start="2024-05-21T11:13:38.728823" elapsed="0.000191"/>
</kw>
<kw name="Should Not Be Empty" owner="BuiltIn">
<msg time="2024-05-21T11:13:38.729488" level="INFO">Length is 2.</msg>
<arg>${json_data}</arg>
<doc>Verifies that the given item is not empty.</doc>
<status status="PASS" start="2024-05-21T11:13:38.729310" elapsed="0.000222"/>
</kw>
<kw name="Create List" owner="BuiltIn">
<msg time="2024-05-21T11:13:38.729984" level="INFO">${expected_keys} = ['gender', 'name', 'location', 'email', 'login']</msg>
<var>${expected_keys}</var>
<arg>gender</arg>
<arg>name</arg>
<arg>location</arg>
<arg>email</arg>
<arg>login</arg>
<doc>Returns a list containing given items.</doc>
<status status="PASS" start="2024-05-21T11:13:38.729830" elapsed="0.000179"/>
</kw>
<for flavor="IN">
<iter>
<kw name="Dictionary Should Contain Key" owner="Collections">
<msg time="2024-05-21T11:13:38.730998" level="INFO">False</msg>
<arg>${json_data['results'][0]}</arg>
<arg>${key}</arg>
<doc>Fails if ``key`` is not found from ``dictionary``.</doc>
<status status="PASS" start="2024-05-21T11:13:38.730601" elapsed="0.000441"/>
</kw>
<kw name="Log" owner="BuiltIn">
<msg time="2024-05-21T11:13:38.731709" level="INFO">{'gender': 'male', 'name': {'title': 'Mr', 'first': 'Gotthilf', 'last': 'Bochmann'}, 'location': {'street': {'number': 8727, 'name': 'Raiffeisenstraße'}, 'city': 'Berlin', 'state': 'Brandenburg', 'country': 'Germany', 'postcode': 83919, 'coordinates': {'latitude': '-53.3928', 'longitude': '-20.3148'}, 'timezone': {'offset': '+3:30', 'description': 'Tehran'}}, 'email': 'gotthilf.bochmann@example.com', 'login': {'uuid': '509dc13d-15c3-4dc9-a667-fcc7e0496a4d', 'username': 'happyladybug951', 'password': 'gonzo', 'salt': 'etVlZVLN', 'md5': 'c7f4f686c60d0f17f782e05c69eb203c', 'sha1': '0bb7683fd9ba73881506ac86e6a0817db7006099', 'sha256': 'd84ff6ee3ef35d9891929ac3eefd04effb0411d692d3811e56035c8431899248'}, 'dob': {'date': '1988-09-28T14:05:58.251Z', 'age': 35}, 'registered': {'date': '2017-05-10T13:22:26.891Z', 'age': 7}, 'phone': '0903-6462880', 'cell': '0176-1286625', 'id': {'name': 'SVNR', 'value': '47 280988 B 178'}, 'picture': {'large': 'https://randomuser.me/api/portraits/men/48.jpg', 'medium': 'https://randomuser.me/api/portraits/med/men/48.jpg', 'thumbnail': 'https://randomuser.me/api/portraits/thumb/men/48.jpg'}, 'nat': 'DE'}</msg>
<arg>${json_data['results'][0]}</arg>
<doc>Logs the given message with the given level.</doc>
<status status="PASS" start="2024-05-21T11:13:38.731339" elapsed="0.000422"/>
</kw>
<kw name="Log" owner="BuiltIn">
<msg time="2024-05-21T11:13:38.732183" level="INFO">gender</msg>
<arg>${key}</arg>
<doc>Logs the given message with the given level.</doc>
<status status="PASS" start="2024-05-21T11:13:38.732057" elapsed="0.000162"/>
</kw>
<var name="${key}">gender</var>
<status status="PASS" start="2024-05-21T11:13:38.730474" elapsed="0.001963"/>
</iter>
<iter>
<kw name="Dictionary Should Contain Key" owner="Collections">
<msg time="2024-05-21T11:13:38.733118" level="INFO">False</msg>
<arg>${json_data['results'][0]}</arg>
<arg>${key}</arg>
<doc>Fails if ``key`` is not found from ``dictionary``.</doc>
<status status="PASS" start="2024-05-21T11:13:38.732736" elapsed="0.000420"/>
</kw>
<kw name="Log" owner="BuiltIn">
<msg time="2024-05-21T11:13:38.733858" level="INFO">{'gender': 'male', 'name': {'title': 'Mr', 'first': 'Gotthilf', 'last': 'Bochmann'}, 'location': {'street': {'number': 8727, 'name': 'Raiffeisenstraße'}, 'city': 'Berlin', 'state': 'Brandenburg', 'country': 'Germany', 'postcode': 83919, 'coordinates': {'latitude': '-53.3928', 'longitude': '-20.3148'}, 'timezone': {'offset': '+3:30', 'description': 'Tehran'}}, 'email': 'gotthilf.bochmann@example.com', 'login': {'uuid': '509dc13d-15c3-4dc9-a667-fcc7e0496a4d', 'username': 'happyladybug951', 'password': 'gonzo', 'salt': 'etVlZVLN', 'md5': 'c7f4f686c60d0f17f782e05c69eb203c', 'sha1': '0bb7683fd9ba73881506ac86e6a0817db7006099', 'sha256': 'd84ff6ee3ef35d9891929ac3eefd04effb0411d692d3811e56035c8431899248'}, 'dob': {'date': '1988-09-28T14:05:58.251Z', 'age': 35}, 'registered': {'date': '2017-05-10T13:22:26.891Z', 'age': 7}, 'phone': '0903-6462880', 'cell': '0176-1286625', 'id': {'name': 'SVNR', 'value': '47 280988 B 178'}, 'picture': {'large': 'https://randomuser.me/api/portraits/men/48.jpg', 'medium': 'https://randomuser.me/api/portraits/med/men/48.jpg', 'thumbnail': 'https://randomuser.me/api/portraits/thumb/men/48.jpg'}, 'nat': 'DE'}</msg>
<arg>${json_data['results'][0]}</arg>
<doc>Logs the given message with the given level.</doc>
<status status="PASS" start="2024-05-21T11:13:38.733499" elapsed="0.000409"/>
</kw>
<kw name="Log" owner="BuiltIn">
<msg time="2024-05-21T11:13:38.734342" level="INFO">name</msg>
<arg>${key}</arg>
<doc>Logs the given message with the given level.</doc>
<status status="PASS" start="2024-05-21T11:13:38.734215" elapsed="0.000164"/>
</kw>
<var name="${key}">name</var>
<status status="PASS" start="2024-05-21T11:13:38.732622" elapsed="0.001979"/>
</iter>
<iter>
<kw name="Dictionary Should Contain Key" owner="Collections">
<msg time="2024-05-21T11:13:38.735267" level="INFO">False</msg>
<arg>${json_data['results'][0]}</arg>
<arg>${key}</arg>
<doc>Fails if ``key`` is not found from ``dictionary``.</doc>
<status status="PASS" start="2024-05-21T11:13:38.734891" elapsed="0.000414"/>
</kw>
<kw name="Log" owner="BuiltIn">
<msg time="2024-05-21T11:13:38.735970" level="INFO">{'gender': 'male', 'name': {'title': 'Mr', 'first': 'Gotthilf', 'last': 'Bochmann'}, 'location': {'street': {'number': 8727, 'name': 'Raiffeisenstraße'}, 'city': 'Berlin', 'state': 'Brandenburg', 'country': 'Germany', 'postcode': 83919, 'coordinates': {'latitude': '-53.3928', 'longitude': '-20.3148'}, 'timezone': {'offset': '+3:30', 'description': 'Tehran'}}, 'email': 'gotthilf.bochmann@example.com', 'login': {'uuid': '509dc13d-15c3-4dc9-a667-fcc7e0496a4d', 'username': 'happyladybug951', 'password': 'gonzo', 'salt': 'etVlZVLN', 'md5': 'c7f4f686c60d0f17f782e05c69eb203c', 'sha1': '0bb7683fd9ba73881506ac86e6a0817db7006099', 'sha256': 'd84ff6ee3ef35d9891929ac3eefd04effb0411d692d3811e56035c8431899248'}, 'dob': {'date': '1988-09-28T14:05:58.251Z', 'age': 35}, 'registered': {'date': '2017-05-10T13:22:26.891Z', 'age': 7}, 'phone': '0903-6462880', 'cell': '0176-1286625', 'id': {'name': 'SVNR', 'value': '47 280988 B 178'}, 'picture': {'large': 'https://randomuser.me/api/portraits/men/48.jpg', 'medium': 'https://randomuser.me/api/portraits/med/men/48.jpg', 'thumbnail': 'https://randomuser.me/api/portraits/thumb/men/48.jpg'}, 'nat': 'DE'}</msg>
<arg>${json_data['results'][0]}</arg>
<doc>Logs the given message with the given level.</doc>
<status status="PASS" start="2024-05-21T11:13:38.735599" elapsed="0.000421"/>
</kw>
<kw name="Log" owner="BuiltIn">
<msg time="2024-05-21T11:13:38.736442" level="INFO">location</msg>
<arg>${key}</arg>
<doc>Logs the given message with the given level.</doc>
<status status="PASS" start="2024-05-21T11:13:38.736317" elapsed="0.000164"/>
</kw>
<var name="${key}">location</var>
<status status="PASS" start="2024-05-21T11:13:38.734779" elapsed="0.001916"/>
</iter>
<iter>
<kw name="Dictionary Should Contain Key" owner="Collections">
<msg time="2024-05-21T11:13:38.737525" level="INFO">False</msg>
<arg>${json_data['results'][0]}</arg>
<arg>${key}</arg>
<doc>Fails if ``key`` is not found from ``dictionary``.</doc>
<status status="PASS" start="2024-05-21T11:13:38.736987" elapsed="0.000583"/>
</kw>
<kw name="Log" owner="BuiltIn">
<msg time="2024-05-21T11:13:38.738239" level="INFO">{'gender': 'male', 'name': {'title': 'Mr', 'first': 'Gotthilf', 'last': 'Bochmann'}, 'location': {'street': {'number': 8727, 'name': 'Raiffeisenstraße'}, 'city': 'Berlin', 'state': 'Brandenburg', 'country': 'Germany', 'postcode': 83919, 'coordinates': {'latitude': '-53.3928', 'longitude': '-20.3148'}, 'timezone': {'offset': '+3:30', 'description': 'Tehran'}}, 'email': 'gotthilf.bochmann@example.com', 'login': {'uuid': '509dc13d-15c3-4dc9-a667-fcc7e0496a4d', 'username': 'happyladybug951', 'password': 'gonzo', 'salt': 'etVlZVLN', 'md5': 'c7f4f686c60d0f17f782e05c69eb203c', 'sha1': '0bb7683fd9ba73881506ac86e6a0817db7006099', 'sha256': 'd84ff6ee3ef35d9891929ac3eefd04effb0411d692d3811e56035c8431899248'}, 'dob': {'date': '1988-09-28T14:05:58.251Z', 'age': 35}, 'registered': {'date': '2017-05-10T13:22:26.891Z', 'age': 7}, 'phone': '0903-6462880', 'cell': '0176-1286625', 'id': {'name': 'SVNR', 'value': '47 280988 B 178'}, 'picture': {'large': 'https://randomuser.me/api/portraits/men/48.jpg', 'medium': 'https://randomuser.me/api/portraits/med/men/48.jpg', 'thumbnail': 'https://randomuser.me/api/portraits/thumb/men/48.jpg'}, 'nat': 'DE'}</msg>
<arg>${json_data['results'][0]}</arg>
<doc>Logs the given message with the given level.</doc>
<status status="PASS" start="2024-05-21T11:13:38.737880" elapsed="0.000409"/>
</kw>
<kw name="Log" owner="BuiltIn">
<msg time="2024-05-21T11:13:38.738716" level="INFO">email</msg>
<arg>${key}</arg>
<doc>Logs the given message with the given level.</doc>
<status status="PASS" start="2024-05-21T11:13:38.738588" elapsed="0.000165"/>
</kw>
<var name="${key}">email</var>
<status status="PASS" start="2024-05-21T11:13:38.736868" elapsed="0.002101"/>
</iter>
<iter>
<kw name="Dictionary Should Contain Key" owner="Collections">
<msg time="2024-05-21T11:13:38.739640" level="INFO">False</msg>
<arg>${json_data['results'][0]}</arg>
<arg>${key}</arg>
<doc>Fails if ``key`` is not found from ``dictionary``.</doc>
<status status="PASS" start="2024-05-21T11:13:38.739255" elapsed="0.000423"/>
</kw>
<kw name="Log" owner="BuiltIn">
<msg time="2024-05-21T11:13:38.740340" level="INFO">{'gender': 'male', 'name': {'title': 'Mr', 'first': 'Gotthilf', 'last': 'Bochmann'}, 'location': {'street': {'number': 8727, 'name': 'Raiffeisenstraße'}, 'city': 'Berlin', 'state': 'Brandenburg', 'country': 'Germany', 'postcode': 83919, 'coordinates': {'latitude': '-53.3928', 'longitude': '-20.3148'}, 'timezone': {'offset': '+3:30', 'description': 'Tehran'}}, 'email': 'gotthilf.bochmann@example.com', 'login': {'uuid': '509dc13d-15c3-4dc9-a667-fcc7e0496a4d', 'username': 'happyladybug951', 'password': 'gonzo', 'salt': 'etVlZVLN', 'md5': 'c7f4f686c60d0f17f782e05c69eb203c', 'sha1': '0bb7683fd9ba73881506ac86e6a0817db7006099', 'sha256': 'd84ff6ee3ef35d9891929ac3eefd04effb0411d692d3811e56035c8431899248'}, 'dob': {'date': '1988-09-28T14:05:58.251Z', 'age': 35}, 'registered': {'date': '2017-05-10T13:22:26.891Z', 'age': 7}, 'phone': '0903-6462880', 'cell': '0176-1286625', 'id': {'name': 'SVNR', 'value': '47 280988 B 178'}, 'picture': {'large': 'https://randomuser.me/api/portraits/men/48.jpg', 'medium': 'https://randomuser.me/api/portraits/med/men/48.jpg', 'thumbnail': 'https://randomuser.me/api/portraits/thumb/men/48.jpg'}, 'nat': 'DE'}</msg>
<arg>${json_data['results'][0]}</arg>
<doc>Logs the given message with the given level.</doc>
<status status="PASS" start="2024-05-21T11:13:38.739975" elapsed="0.000415"/>
</kw>
<kw name="Log" owner="BuiltIn">
<msg time="2024-05-21T11:13:38.740810" level="INFO">login</msg>
<arg>${key}</arg>
<doc>Logs the given message with the given level.</doc>
<status status="PASS" start="2024-05-21T11:13:38.740683" elapsed="0.000164"/>
</kw>
<var name="${key}">login</var>
<status status="PASS" start="2024-05-21T11:13:38.739143" elapsed="0.001925"/>
</iter>
<var>${key}</var>
<value>@{expected_keys}</value>
<status status="PASS" start="2024-05-21T11:13:38.730274" elapsed="0.010943"/>
</for>
<kw name="Create List" owner="BuiltIn">
<msg time="2024-05-21T11:13:38.741584" level="INFO">${expected_keysTwo} = ['username', 'password']</msg>
<var>${expected_keysTwo}</var>
<arg>username</arg>
<arg>password</arg>
<doc>Returns a list containing given items.</doc>
<status status="PASS" start="2024-05-21T11:13:38.741418" elapsed="0.000190"/>
</kw>
<for flavor="IN">
<iter>
<kw name="Dictionary Should Contain Key" owner="Collections">
<msg time="2024-05-21T11:13:38.742483" level="INFO">False</msg>
<arg>${json_data['results'][0]['login']}</arg>
<arg>${keyTwo}</arg>
<doc>Fails if ``key`` is not found from ``dictionary``.</doc>
<status status="PASS" start="2024-05-21T11:13:38.742106" elapsed="0.000413"/>
</kw>
<kw name="Dictionary Should Contain Key" owner="Collections">
<msg time="2024-05-21T11:13:38.743197" level="INFO">False</msg>
<arg>${json_data['results'][0]['login']}</arg>
<arg>${keyTwo}</arg>
<doc>Fails if ``key`` is not found from ``dictionary``.</doc>
<status status="PASS" start="2024-05-21T11:13:38.742816" elapsed="0.000417"/>
</kw>
<kw name="Log" owner="BuiltIn">
<msg time="2024-05-21T11:13:38.743653" level="INFO">username</msg>
<arg>${keyTwo}</arg>
<doc>Logs the given message with the given level.</doc>
<status status="PASS" start="2024-05-21T11:13:38.743528" elapsed="0.000164"/>
</kw>
<var name="${keyTwo}">username</var>
<status status="PASS" start="2024-05-21T11:13:38.741997" elapsed="0.001908"/>
</iter>
<iter>
<kw name="Dictionary Should Contain Key" owner="Collections">
<msg time="2024-05-21T11:13:38.744568" level="INFO">False</msg>
<arg>${json_data['results'][0]['login']}</arg>
<arg>${keyTwo}</arg>
<doc>Fails if ``key`` is not found from ``dictionary``.</doc>
<status status="PASS" start="2024-05-21T11:13:38.744184" elapsed="0.000422"/>
</kw>
<kw name="Dictionary Should Contain Key" owner="Collections">
<msg time="2024-05-21T11:13:38.745273" level="INFO">False</msg>
<arg>${json_data['results'][0]['login']}</arg>
<arg>${keyTwo}</arg>
<doc>Fails if ``key`` is not found from ``dictionary``.</doc>
<status status="PASS" start="2024-05-21T11:13:38.744901" elapsed="0.000408"/>
</kw>
<kw name="Log" owner="BuiltIn">
<msg time="2024-05-21T11:13:38.745770" level="INFO">password</msg>
<arg>${keyTwo}</arg>
<doc>Logs the given message with the given level.</doc>
<status status="PASS" start="2024-05-21T11:13:38.745641" elapsed="0.000166"/>
</kw>
<var name="${keyTwo}">password</var>
<status status="PASS" start="2024-05-21T11:13:38.744076" elapsed="0.001955"/>
</iter>
<var>${keyTwo}</var>
<value>@{expected_keysTwo}</value>
<status status="PASS" start="2024-05-21T11:13:38.741844" elapsed="0.004307"/>
</for>
<status status="PASS" start="2024-05-21T11:13:38.601107" elapsed="0.145184"/>
</kw>
<doc>Testa a estrutura da resposta da API.</doc>
<tag>testeEstruturaResposta</tag>
<status status="PASS" start="2024-05-21T11:13:38.600600" elapsed="0.145851"/>
</test>
<test id="s1-s1-t4" name="Validar tipos de dados" line="28">
<kw name="Teste de Tipos de Dados" owner="random-user-service">
<kw name="GET On Session" owner="RequestsLibrary">
<msg time="2024-05-21T11:13:38.792177" level="INFO">GET Request : url=https://randomuser.me/api 
 path_url=/api 
 headers={'User-Agent': 'python-requests/2.32.1', 'Accept-Encoding': 'gzip, deflate', 'Accept': '*/*', 'Connection': 'keep-alive'} 
 body=None 
 </msg>
<msg time="2024-05-21T11:13:38.792275" level="INFO">GET Response : url=https://randomuser.me/api 
 status=200, reason=OK 
 headers={'Date': 'Tue, 21 May 2024 11:13:38 GMT', 'Content-Type': 'application/json; charset=utf-8', 'Transfer-Encoding': 'chunked', 'Connection': 'keep-alive', 'X-Powered-By': 'Express', 'Access-Control-Allow-Origin': '*', 'Cache-Control': 'no-cache', 'ETag': 'W/"496-w8Dp5QulTMLqqfcajvjb3lprRXQ"', 'Vary': 'Accept-Encoding', 'Content-Encoding': 'gzip', 'CF-Cache-Status': 'DYNAMIC', 'Report-To': '{"endpoints":[{"url":"https:\\/\\/a.nel.cloudflare.com\\/report\\/v4?s=Iaoz42y6br11cPAamAV7ETXbUqnyXxI59%2BbGVwlHcRQCqB1x1xCB7rnLfgoocvkxs%2FkNG06EGgMKC8KNjDvoQ24BS6K0WQJLmHjPP%2B2r3Cn9cGKkNITW1wauXpiEOQsj"}],"group":"cf-nel","max_age":604800}', 'NEL': '{"success_fraction":0,"report_to":"cf-nel","max_age":604800}', 'Server': 'cloudflare', 'CF-RAY': '887423693e0589fa-ORD', 'alt-svc': 'h3=":443"; ma=86400'} 
 body={"results":[{"gender":"female","name":{"title":"Ms","first":"Tônia","last":"Cardoso"},"location":{"street":{"number":5800,"name":"Rua Santa Rita "},"city":"Lauro de Freitas","state":"Mato Grosso","country":"Brazil","postcode":52922,"coordinates":{"latitude":"-75.6046","longitude":"59.4817"},"timezone":{"offset":"-12:00","description":"Eniwetok, Kwajalein"}},"email":"tonia.cardoso@example.com","login":{"uuid":"e2c09a76-7b3b-4c91-bb83-23a2d7e549d7","username":"bluecat305","password":"macman","salt":"SlSVLgCR","md5":"e0d24cc05d9901c5a537d5f4eb78fcf2","sha1":"a2f4b1c03450e7b891af1fd44f1e04503cf19fc9","sha256":"8af59686a27a3ae745b052d23dafd62d4d4514d2340013c1576f91a17c42ba29"},"dob":{"date":"1983-03-17T20:30:10.841Z","age":41},"registered":{"date":"2005-06-21T05:43:53.814Z","age":18},"phone":"(49) 3258-4941","cell":"(52) 2977-7359","id":{"name":"CPF","value":"231.617.735-10"},"picture":{"large":"https://randomuser.me/api/portraits/women/83.jpg","medium":"https://randomuser.me/api/portraits/med/women/83.jpg","thumbnail":"https://randomuser.me/api/portraits/thumb/women/83.jpg"},"nat":"BR"}],"info":{"seed":"33b23ecf351bbdec","results":1,"page":1,"version":"1.4"}} 
 </msg>
<msg time="2024-05-21T11:13:38.792346" level="INFO">/opt/hostedtoolcache/Python/3.12.3/x64/lib/python3.12/site-packages/urllib3/connectionpool.py:1103: InsecureRequestWarning: Unverified HTTPS request is being made to host 'randomuser.me'. Adding certificate verification is strongly advised. See: https://urllib3.readthedocs.io/en/latest/advanced-usage.html#tls-warnings
  warnings.warn(</msg>
<msg time="2024-05-21T11:13:38.792467" level="INFO">${response} = &lt;Response [200]&gt;</msg>
<var>${response}</var>
<arg>consultarAPI</arg>
<arg>/api</arg>
<doc>Sends a GET request on a previously created HTTP Session.</doc>
<status status="PASS" start="2024-05-21T11:13:38.748932" elapsed="0.043574"/>
</kw>
<kw name="Set Variable" owner="BuiltIn">
<msg time="2024-05-21T11:13:38.793774" level="INFO">${json_data} = {'results': [{'gender': 'female', 'name': {'title': 'Ms', 'first': 'Tônia', 'last': 'Cardoso'}, 'location': {'street': {'number': 5800, 'name': 'Rua Santa Rita '}, 'city': 'Lauro de Freitas', 'state':...</msg>
<var>${json_data}</var>
<arg>${response.json()}</arg>
<doc>Returns the given values which can then be assigned to a variables.</doc>
<status status="PASS" start="2024-05-21T11:13:38.793144" elapsed="0.000660"/>
</kw>
<kw name="Log" owner="BuiltIn">
<msg time="2024-05-21T11:13:38.794293" level="INFO">{'results': [{'gender': 'female', 'name': {'title': 'Ms', 'first': 'Tônia', 'last': 'Cardoso'}, 'location': {'street': {'number': 5800, 'name': 'Rua Santa Rita '}, 'city': 'Lauro de Freitas', 'state': 'Mato Grosso', 'country': 'Brazil', 'postcode': 52922, 'coordinates': {'latitude': '-75.6046', 'longitude': '59.4817'}, 'timezone': {'offset': '-12:00', 'description': 'Eniwetok, Kwajalein'}}, 'email': 'tonia.cardoso@example.com', 'login': {'uuid': 'e2c09a76-7b3b-4c91-bb83-23a2d7e549d7', 'username': 'bluecat305', 'password': 'macman', 'salt': 'SlSVLgCR', 'md5': 'e0d24cc05d9901c5a537d5f4eb78fcf2', 'sha1': 'a2f4b1c03450e7b891af1fd44f1e04503cf19fc9', 'sha256': '8af59686a27a3ae745b052d23dafd62d4d4514d2340013c1576f91a17c42ba29'}, 'dob': {'date': '1983-03-17T20:30:10.841Z', 'age': 41}, 'registered': {'date': '2005-06-21T05:43:53.814Z', 'age': 18}, 'phone': '(49) 3258-4941', 'cell': '(52) 2977-7359', 'id': {'name': 'CPF', 'value': '231.617.735-10'}, 'picture': {'large': 'https://randomuser.me/api/portraits/women/83.jpg', 'medium': 'https://randomuser.me/api/portraits/med/women/83.jpg', 'thumbnail': 'https://randomuser.me/api/portraits/thumb/women/83.jpg'}, 'nat': 'BR'}], 'info': {'seed': '33b23ecf351bbdec', 'results': 1, 'page': 1, 'version': '1.4'}}</msg>
<arg>${json_data}</arg>
<doc>Logs the given message with the given level.</doc>
<status status="PASS" start="2024-05-21T11:13:38.794123" elapsed="0.000257"/>
</kw>
<kw name="Should Be String" owner="String">
<arg>${json_data['results'][0]['gender']}</arg>
<doc>Fails if the given ``item`` is not a string.</doc>
<status status="PASS" start="2024-05-21T11:13:38.794688" elapsed="0.000359"/>
</kw>
<kw name="Should Match Regexp" owner="BuiltIn">
<arg>${json_data['results'][0]['email']}</arg>
<arg>^[a-zA-Z0-9._%+-]+@[a-zA-Z0-9.-]+\.[a-zA-Z]{2,}$</arg>
<doc>Fails if ``string`` does not match ``pattern`` as a regular expression.</doc>
<status status="PASS" start="2024-05-21T11:13:38.795237" elapsed="0.000670"/>
</kw>
<kw name="Should Match Regexp" owner="BuiltIn">
<arg>${json_data['results'][0]['dob']['date']}</arg>
<arg>\\d{4}-\\d{2}-\\d{2}T\\d{2}:\\d{2}:\\d{2}\\.\\d{3}Z</arg>
<doc>Fails if ``string`` does not match ``pattern`` as a regular expression.</doc>
<status status="PASS" start="2024-05-21T11:13:38.796109" elapsed="0.000489"/>
</kw>
<kw name="Should Match Regexp" owner="BuiltIn">
<arg>${json_data['results'][0]['registered']['date']}</arg>
<arg>\\d{4}-\\d{2}-\\d{2}T\\d{2}:\\d{2}:\\d{2}\\.\\d{3}Z</arg>
<doc>Fails if ``string`` does not match ``pattern`` as a regular expression.</doc>
<status status="PASS" start="2024-05-21T11:13:38.796793" elapsed="0.000365"/>
</kw>
<kw name="Should Match Regexp" owner="BuiltIn">
<arg>${json_data['results'][0]['picture']['large']}</arg>
<arg>^https?://.*\.(?:png|jpe?g|gif|bmp)$</arg>
<doc>Fails if ``string`` does not match ``pattern`` as a regular expression.</doc>
<status status="PASS" start="2024-05-21T11:13:38.797347" elapsed="0.000494"/>
</kw>
<kw name="Should Match Regexp" owner="BuiltIn">
<arg>${json_data['results'][0]['picture']['medium']}</arg>
<arg>^https?://.*\.(?:png|jpe?g|gif|bmp)$</arg>
<doc>Fails if ``string`` does not match ``pattern`` as a regular expression.</doc>
<status status="PASS" start="2024-05-21T11:13:38.798036" elapsed="0.000358"/>
</kw>
<kw name="Should Match Regexp" owner="BuiltIn">
<arg>${json_data['results'][0]['picture']['thumbnail']}</arg>
<arg>^https?://.*\.(?:png|jpe?g|gif|bmp)$</arg>
<doc>Fails if ``string`` does not match ``pattern`` as a regular expression.</doc>
<status status="PASS" start="2024-05-21T11:13:38.798584" elapsed="0.000345"/>
</kw>
<kw name="Log" owner="BuiltIn">
<msg time="2024-05-21T11:13:38.799431" level="INFO">{'large': 'https://randomuser.me/api/portraits/women/83.jpg', 'medium': 'https://randomuser.me/api/portraits/med/women/83.jpg', 'thumbnail': 'https://randomuser.me/api/portraits/thumb/women/83.jpg'}</msg>
<arg>${json_data['results'][0]['picture']}</arg>
<doc>Logs the given message with the given level.</doc>
<status status="PASS" start="2024-05-21T11:13:38.799110" elapsed="0.000363"/>
</kw>
<status status="PASS" start="2024-05-21T11:13:38.748696" elapsed="0.051035"/>
</kw>
<kw name="Teste de Tipos de Dados - Postcode" owner="random-user-service">
<kw name="GET On Session" owner="RequestsLibrary">
<msg time="2024-05-21T11:13:38.938107" level="INFO">GET Request : url=https://randomuser.me/api 
 path_url=/api 
 headers={'User-Agent': 'python-requests/2.32.1', 'Accept-Encoding': 'gzip, deflate', 'Accept': '*/*', 'Connection': 'keep-alive'} 
 body=None 
 </msg>
<msg time="2024-05-21T11:13:38.938215" level="INFO">GET Response : url=https://randomuser.me/api 
 status=200, reason=OK 
 headers={'Date': 'Tue, 21 May 2024 11:13:38 GMT', 'Content-Type': 'application/json; charset=utf-8', 'Transfer-Encoding': 'chunked', 'Connection': 'keep-alive', 'X-Powered-By': 'Express', 'Access-Control-Allow-Origin': '*', 'Cache-Control': 'no-cache', 'ETag': 'W/"47b-pZdw6jIUlWdF4Sj8HNUZOch4S18"', 'Vary': 'Accept-Encoding', 'Content-Encoding': 'gzip', 'CF-Cache-Status': 'DYNAMIC', 'Report-To': '{"endpoints":[{"url":"https:\\/\\/a.nel.cloudflare.com\\/report\\/v4?s=OzoGEw5zHW573GB4SjmNlTcCfJt7zTtjVkeA%2BGi6nPV1lCNnbxdDBRbm%2FOsE1C2iPTy6joCFJFFqDZeeFwFkNKYN9kCQfFO3DqnvN0ulziMdvoocp%2BMpC8pqwa4oWY0O"}],"group":"cf-nel","max_age":604800}', 'NEL': '{"success_fraction":0,"report_to":"cf-nel","max_age":604800}', 'Server': 'cloudflare', 'CF-RAY': '887423698e5589fa-ORD', 'alt-svc': 'h3=":443"; ma=86400'} 
 body={"results":[{"gender":"female","name":{"title":"Mrs","first":"Oya","last":"Özbey"},"location":{"street":{"number":1053,"name":"Kushimoto Sk"},"city":"Zonguldak","state":"İstanbul","country":"Turkey","postcode":60318,"coordinates":{"latitude":"67.4938","longitude":"150.4661"},"timezone":{"offset":"-7:00","description":"Mountain Time (US &amp; Canada)"}},"email":"oya.ozbey@example.com","login":{"uuid":"cf9313d6-816e-49e8-aaa7-abcec5f3fa88","username":"heavymouse724","password":"niao","salt":"fB6J6FzN","md5":"2eb9d6d365cf56a4fc55317c4891c287","sha1":"ed07d992bc4548ed07efd23d99cdf6c687448222","sha256":"c6216643a42584872ae8ff4201ae8b73cd7f4bb5f5d9d97e99bbd396510de9e5"},"dob":{"date":"1989-02-09T11:54:44.550Z","age":35},"registered":{"date":"2020-06-07T09:32:52.272Z","age":3},"phone":"(392)-965-5317","cell":"(208)-866-4796","id":{"name":"","value":null},"picture":{"large":"https://randomuser.me/api/portraits/women/76.jpg","medium":"https://randomuser.me/api/portraits/med/women/76.jpg","thumbnail":"https://randomuser.me/api/portraits/thumb/women/76.jpg"},"nat":"TR"}],"info":{"seed":"0035aeefe2553562","results":1,"page":1,"version":"1.4"}} 
 </msg>
<msg time="2024-05-21T11:13:38.938303" level="INFO">/opt/hostedtoolcache/Python/3.12.3/x64/lib/python3.12/site-packages/urllib3/connectionpool.py:1103: InsecureRequestWarning: Unverified HTTPS request is being made to host 'randomuser.me'. Adding certificate verification is strongly advised. See: https://urllib3.readthedocs.io/en/latest/advanced-usage.html#tls-warnings
  warnings.warn(</msg>
<msg time="2024-05-21T11:13:38.938429" level="INFO">${response} = &lt;Response [200]&gt;</msg>
<var>${response}</var>
<arg>consultarAPI</arg>
<arg>/api</arg>
<doc>Sends a GET request on a previously created HTTP Session.</doc>
<status status="PASS" start="2024-05-21T11:13:38.800196" elapsed="0.138269"/>
</kw>
<kw name="Set Variable" owner="BuiltIn">
<msg time="2024-05-21T11:13:38.939482" level="INFO">${json_data} = {'results': [{'gender': 'female', 'name': {'title': 'Mrs', 'first': 'Oya', 'last': 'Özbey'}, 'location': {'street': {'number': 1053, 'name': 'Kushimoto Sk'}, 'city': 'Zonguldak', 'state': 'İstanbul', ...</msg>
<var>${json_data}</var>
<arg>${response.json()}</arg>
<doc>Returns the given values which can then be assigned to a variables.</doc>
<status status="PASS" start="2024-05-21T11:13:38.938963" elapsed="0.000548"/>
</kw>
<kw name="Log" owner="BuiltIn">
<msg time="2024-05-21T11:13:38.939986" level="INFO">{'results': [{'gender': 'female', 'name': {'title': 'Mrs', 'first': 'Oya', 'last': 'Özbey'}, 'location': {'street': {'number': 1053, 'name': 'Kushimoto Sk'}, 'city': 'Zonguldak', 'state': 'İstanbul', 'country': 'Turkey', 'postcode': 60318, 'coordinates': {'latitude': '67.4938', 'longitude': '150.4661'}, 'timezone': {'offset': '-7:00', 'description': 'Mountain Time (US &amp; Canada)'}}, 'email': 'oya.ozbey@example.com', 'login': {'uuid': 'cf9313d6-816e-49e8-aaa7-abcec5f3fa88', 'username': 'heavymouse724', 'password': 'niao', 'salt': 'fB6J6FzN', 'md5': '2eb9d6d365cf56a4fc55317c4891c287', 'sha1': 'ed07d992bc4548ed07efd23d99cdf6c687448222', 'sha256': 'c6216643a42584872ae8ff4201ae8b73cd7f4bb5f5d9d97e99bbd396510de9e5'}, 'dob': {'date': '1989-02-09T11:54:44.550Z', 'age': 35}, 'registered': {'date': '2020-06-07T09:32:52.272Z', 'age': 3}, 'phone': '(392)-965-5317', 'cell': '(208)-866-4796', 'id': {'name': '', 'value': None}, 'picture': {'large': 'https://randomuser.me/api/portraits/women/76.jpg', 'medium': 'https://randomuser.me/api/portraits/med/women/76.jpg', 'thumbnail': 'https://randomuser.me/api/portraits/thumb/women/76.jpg'}, 'nat': 'TR'}], 'info': {'seed': '0035aeefe2553562', 'results': 1, 'page': 1, 'version': '1.4'}}</msg>
<arg>${json_data}</arg>
<doc>Logs the given message with the given level.</doc>
<status status="PASS" start="2024-05-21T11:13:38.939825" elapsed="0.000247"/>
</kw>
<kw name="Should Be Equal As Numbers" owner="BuiltIn">
<arg>${json_data['results'][0]['location']['postcode']}</arg>
<arg>${json_data['results'][0]['location']['postcode']}</arg>
<doc>Fails if objects are unequal after converting them to real numbers.</doc>
<status status="PASS" start="2024-05-21T11:13:38.940381" elapsed="0.000630"/>
</kw>
<kw name="Log" owner="BuiltIn">
<msg time="2024-05-21T11:13:38.941587" level="INFO">60318</msg>
<arg>${json_data['results'][0]['location']['postcode']}</arg>
<doc>Logs the given message with the given level.</doc>
<status status="PASS" start="2024-05-21T11:13:38.941202" elapsed="0.000435"/>
</kw>
<status status="PASS" start="2024-05-21T11:13:38.799962" elapsed="0.141935"/>
</kw>
<doc>Testa se os tipos de dados na resposta da API estão corretos.</doc>
<tag>testeTiposDados</tag>
<status status="PASS" start="2024-05-21T11:13:38.748227" elapsed="0.193842"/>
</test>
<test id="s1-s1-t5" name="Validar conteudo" line="35">
<kw name="Teste de Tipos de Conteudo" owner="random-user-service">
<kw name="GET On Session" owner="RequestsLibrary">
<msg time="2024-05-21T11:13:38.994330" level="INFO">GET Request : url=https://randomuser.me/api 
 path_url=/api 
 headers={'User-Agent': 'python-requests/2.32.1', 'Accept-Encoding': 'gzip, deflate', 'Accept': '*/*', 'Connection': 'keep-alive'} 
 body=None 
 </msg>
<msg time="2024-05-21T11:13:38.994416" level="INFO">GET Response : url=https://randomuser.me/api 
 status=200, reason=OK 
 headers={'Date': 'Tue, 21 May 2024 11:13:38 GMT', 'Content-Type': 'application/json; charset=utf-8', 'Transfer-Encoding': 'chunked', 'Connection': 'keep-alive', 'X-Powered-By': 'Express', 'Access-Control-Allow-Origin': '*', 'Cache-Control': 'no-cache', 'ETag': 'W/"476-QBd/sPo6zWljVEmp/rsWbPWew+A"', 'Vary': 'Accept-Encoding', 'Content-Encoding': 'gzip', 'CF-Cache-Status': 'DYNAMIC', 'Report-To': '{"endpoints":[{"url":"https:\\/\\/a.nel.cloudflare.com\\/report\\/v4?s=QFfVwQKMUDd54d8JFfs5F7alVsTHMRcDIx7etQXO6vZULg8MKfDZXuSagmO8x%2Bpc%2FjldEdE%2BbgGfTRONy2lQ52ha%2BpsmE5bdW%2FmKHxfW0NKLNAkHF8aPvL%2FVi46S6kWS"}],"group":"cf-nel","max_age":604800}', 'NEL': '{"success_fraction":0,"report_to":"cf-nel","max_age":604800}', 'Server': 'cloudflare', 'CF-RAY': '8874236a6f2989fa-ORD', 'alt-svc': 'h3=":443"; ma=86400'} 
 body={"results":[{"gender":"female","name":{"title":"Ms","first":"Sam","last":"Watts"},"location":{"street":{"number":3905,"name":"Denny Street"},"city":"Enniscorthy","state":"Clare","country":"Ireland","postcode":82752,"coordinates":{"latitude":"-0.9686","longitude":"8.2487"},"timezone":{"offset":"+9:30","description":"Adelaide, Darwin"}},"email":"sam.watts@example.com","login":{"uuid":"dfbe6261-c87d-4da8-9b7d-0d95ca6cd9b8","username":"ticklishbear860","password":"january","salt":"FDY3QHMR","md5":"064e932f09d565beda73c4a4d8074880","sha1":"6507deb759d7bea7d8ec573a2cc6e4d34ca3030a","sha256":"ed9dc435345a745afa19a749e8d2abdf1cc024f3ebc4e6064539306174c5360c"},"dob":{"date":"1977-10-23T01:10:53.156Z","age":46},"registered":{"date":"2008-12-15T12:17:59.708Z","age":15},"phone":"051-478-5750","cell":"081-310-3097","id":{"name":"PPS","value":"6540595T"},"picture":{"large":"https://randomuser.me/api/portraits/women/73.jpg","medium":"https://randomuser.me/api/portraits/med/women/73.jpg","thumbnail":"https://randomuser.me/api/portraits/thumb/women/73.jpg"},"nat":"IE"}],"info":{"seed":"aec02240668b83cb","results":1,"page":1,"version":"1.4"}} 
 </msg>
<msg time="2024-05-21T11:13:38.994490" level="INFO">/opt/hostedtoolcache/Python/3.12.3/x64/lib/python3.12/site-packages/urllib3/connectionpool.py:1103: InsecureRequestWarning: Unverified HTTPS request is being made to host 'randomuser.me'. Adding certificate verification is strongly advised. See: https://urllib3.readthedocs.io/en/latest/advanced-usage.html#tls-warnings
  warnings.warn(</msg>
<msg time="2024-05-21T11:13:38.994594" level="INFO">${response} = &lt;Response [200]&gt;</msg>
<var>${response}</var>
<arg>consultarAPI</arg>
<arg>/api</arg>
<doc>Sends a GET request on a previously created HTTP Session.</doc>
<status status="PASS" start="2024-05-21T11:13:38.944876" elapsed="0.049745"/>
</kw>
<kw name="Set Variable" owner="BuiltIn">
<msg time="2024-05-21T11:13:38.995527" level="INFO">${json_data} = {'results': [{'gender': 'female', 'name': {'title': 'Ms', 'first': 'Sam', 'last': 'Watts'}, 'location': {'street': {'number': 3905, 'name': 'Denny Street'}, 'city': 'Enniscorthy', 'state': 'Clare', 'c...</msg>
<var>${json_data}</var>
<arg>${response.json()}</arg>
<doc>Returns the given values which can then be assigned to a variables.</doc>
<status status="PASS" start="2024-05-21T11:13:38.995057" elapsed="0.000499"/>
</kw>
<kw name="Set Variable" owner="BuiltIn">
<msg time="2024-05-21T11:13:38.996249" level="INFO">${name_title} = Ms</msg>
<var>${name_title}</var>
<arg>${json_data["results"][0]["name"]["title"]}</arg>
<doc>Returns the given values which can then be assigned to a variables.</doc>
<status status="PASS" start="2024-05-21T11:13:38.995861" elapsed="0.000415"/>
</kw>
<kw name="Create List" owner="BuiltIn">
<msg time="2024-05-21T11:13:38.996729" level="INFO">${allowed_titles} = ['Mr', 'Ms', 'Miss', 'Mrs', 'Madame', 'Monsieur']</msg>
<var>${allowed_titles}</var>
<arg>Mr</arg>
<arg>Ms</arg>
<arg>Miss</arg>
<arg>Mrs</arg>
<arg>Madame</arg>
<arg>Monsieur</arg>
<doc>Returns a list containing given items.</doc>
<status status="PASS" start="2024-05-21T11:13:38.996580" elapsed="0.000174"/>
</kw>
<kw name="List Should Contain Value" owner="Collections">
<msg time="2024-05-21T11:13:38.997232" level="INFO">False</msg>
<arg>${allowed_titles}</arg>
<arg>${name_title}</arg>
<doc>Fails if the ``value`` is not found from ``list``.</doc>
<status status="PASS" start="2024-05-21T11:13:38.997057" elapsed="0.000212"/>
</kw>
<kw name="Set Variable" owner="BuiltIn">
<msg time="2024-05-21T11:13:38.998178" level="INFO">${name_country} = IE</msg>
<var>${name_country}</var>
<arg>${json_data["results"][0]["nat"]}</arg>
<doc>Returns the given values which can then be assigned to a variables.</doc>
<status status="PASS" start="2024-05-21T11:13:38.997626" elapsed="0.000578"/>
</kw>
<kw name="Create List" owner="BuiltIn">
<msg time="2024-05-21T11:13:38.999118" level="INFO">${list_country} = ['AD', 'AE', 'AF', 'AG', 'AI', 'AL', 'AM', 'AO', 'AQ', 'AR', 'AS', 'AT', 'AU', 'AW', 'AX', 'AZ', 'BA', 'BB', 'BD', 'BE', 'BF', 'BG', 'BH', 'BI', 'BJ', 'BL', 'BM', 'BN', 'BO', 'BQ', 'BR', 'BS', 'BT', '...</msg>
<var>${list_country}</var>
<arg>AD</arg>
<arg>AE</arg>
<arg>AF</arg>
<arg>AG</arg>
<arg>AI</arg>
<arg>AL</arg>
<arg>AM</arg>
<arg>AO</arg>
<arg>AQ</arg>
<arg>AR</arg>
<arg>AS</arg>
<arg>AT</arg>
<arg>AU</arg>
<arg>AW</arg>
<arg>AX</arg>
<arg>AZ</arg>
<arg>BA</arg>
<arg>BB</arg>
<arg>BD</arg>
<arg>BE</arg>
<arg>BF</arg>
<arg>BG</arg>
<arg>BH</arg>
<arg>BI</arg>
<arg>BJ</arg>
<arg>BL</arg>
<arg>BM</arg>
<arg>BN</arg>
<arg>BO</arg>
<arg>BQ</arg>
<arg>BR</arg>
<arg>BS</arg>
<arg>BT</arg>
<arg>BV</arg>
<arg>BW</arg>
<arg>BY</arg>
<arg>BZ</arg>
<arg>CA</arg>
<arg>CC</arg>
<arg>CD</arg>
<arg>CF</arg>
<arg>CG</arg>
<arg>CH</arg>
<arg>CI</arg>
<arg>CK</arg>
<arg>CL</arg>
<arg>CM</arg>
<arg>CN</arg>
<arg>CO</arg>
<arg>CR</arg>
<arg>CU</arg>
<arg>CV</arg>
<arg>CW</arg>
<arg>CX</arg>
<arg>CY</arg>
<arg>CZ</arg>
<arg>DE</arg>
<arg>DJ</arg>
<arg>DK</arg>
<arg>DM</arg>
<arg>DO</arg>
<arg>DZ</arg>
<arg>EC</arg>
<arg>EE</arg>
<arg>EG</arg>
<arg>EH</arg>
<arg>ER</arg>
<arg>ES</arg>
<arg>ET</arg>
<arg>FI</arg>
<arg>FJ</arg>
<arg>FK</arg>
<arg>FM</arg>
<arg>FO</arg>
<arg>FR</arg>
<arg>GA</arg>
<arg>GB</arg>
<arg>GD</arg>
<arg>GE</arg>
<arg>GF</arg>
<arg>GG</arg>
<arg>GH</arg>
<arg>GI</arg>
<arg>GL</arg>
<arg>GM</arg>
<arg>GN</arg>
<arg>GP</arg>
<arg>GQ</arg>
<arg>GR</arg>
<arg>GS</arg>
<arg>GT</arg>
<arg>GU</arg>
<arg>GW</arg>
<arg>GY</arg>
<arg>HK</arg>
<arg>HM</arg>
<arg>HN</arg>
<arg>HR</arg>
<arg>HT</arg>
<arg>HU</arg>
<arg>ID</arg>
<arg>IE</arg>
<arg>IL</arg>
<arg>IM</arg>
<arg>IN</arg>
<arg>IO</arg>
<arg>IQ</arg>
<arg>IR</arg>
<arg>IS</arg>
<arg>IT</arg>
<arg>JE</arg>
<arg>JM</arg>
<arg>JO</arg>
<arg>JP</arg>
<arg>KE</arg>
<arg>KG</arg>
<arg>KH</arg>
<arg>KI</arg>
<arg>KM</arg>
<arg>KN</arg>
<arg>KP</arg>
<arg>KR</arg>
<arg>KW</arg>
<arg>KY</arg>
<arg>KZ</arg>
<arg>LA</arg>
<arg>LB</arg>
<arg>LC</arg>
<arg>LI</arg>
<arg>LK</arg>
<arg>LR</arg>
<arg>LS</arg>
<arg>LT</arg>
<arg>LU</arg>
<arg>LV</arg>
<arg>LY</arg>
<arg>MA</arg>
<arg>MC</arg>
<arg>MD</arg>
<arg>ME</arg>
<arg>MF</arg>
<arg>MG</arg>
<arg>MH</arg>
<arg>MK</arg>
<arg>ML</arg>
<arg>MM</arg>
<arg>MN</arg>
<arg>MO</arg>
<arg>MP</arg>
<arg>MQ</arg>
<arg>MR</arg>
<arg>MS</arg>
<arg>MT</arg>
<arg>MU</arg>
<arg>MV</arg>
<arg>MW</arg>
<arg>MX</arg>
<arg>MY</arg>
<arg>MZ</arg>
<arg>NA</arg>
<arg>NC</arg>
<arg>NE</arg>
<arg>NF</arg>
<arg>NG</arg>
<arg>NI</arg>
<arg>NL</arg>
<arg>NO</arg>
<arg>NP</arg>
<arg>NR</arg>
<arg>NU</arg>
<arg>NZ</arg>
<arg>OM</arg>
<arg>PA</arg>
<arg>PE</arg>
<arg>PF</arg>
<arg>PG</arg>
<arg>PH</arg>
<arg>PK</arg>
<arg>PL</arg>
<arg>PM</arg>
<arg>PN</arg>
<arg>PR</arg>
<arg>PS</arg>
<arg>PT</arg>
<arg>PW</arg>
<arg>PY</arg>
<arg>QA</arg>
<arg>RE</arg>
<arg>RO</arg>
<arg>RS</arg>
<arg>RU</arg>
<arg>RW</arg>
<arg>SA</arg>
<arg>SB</arg>
<arg>SC</arg>
<arg>SD</arg>
<arg>SE</arg>
<arg>SG</arg>
<arg>SH</arg>
<arg>SI</arg>
<arg>SJ</arg>
<arg>SK</arg>
<arg>SL</arg>
<arg>SM</arg>
<arg>SN</arg>
<arg>SO</arg>
<arg>SR</arg>
<arg>SS</arg>
<arg>ST</arg>
<arg>SV</arg>
<arg>SX</arg>
<arg>SY</arg>
<arg>SZ</arg>
<arg>TC</arg>
<arg>TD</arg>
<arg>TF</arg>
<arg>TG</arg>
<arg>TH</arg>
<arg>TJ</arg>
<arg>TK</arg>
<arg>TL</arg>
<arg>TM</arg>
<arg>TN</arg>
<arg>TO</arg>
<arg>TR</arg>
<arg>TT</arg>
<arg>TV</arg>
<arg>TW</arg>
<arg>TZ</arg>
<arg>UA</arg>
<arg>UG</arg>
<arg>UM</arg>
<arg>US</arg>
<arg>UY</arg>
<arg>UZ</arg>
<arg>VA</arg>
<arg>VC</arg>
<arg>VE</arg>
<arg>VG</arg>
<arg>VI</arg>
<arg>VN</arg>
<arg>VU</arg>
<arg>WF</arg>
<arg>WS</arg>
<arg>XK</arg>
<arg>YE</arg>
<arg>YT</arg>
<arg>ZA</arg>
<arg>ZM</arg>
<arg>ZW</arg>
<doc>Returns a list containing given items.</doc>
<status status="PASS" start="2024-05-21T11:13:38.998521" elapsed="0.000623"/>
</kw>
<kw name="List Should Contain Value" owner="Collections">
<msg time="2024-05-21T11:13:39.000133" level="INFO">False</msg>
<arg>${list_country}</arg>
<arg>${name_country}</arg>
<doc>Fails if the ``value`` is not found from ``list``.</doc>
<status status="PASS" start="2024-05-21T11:13:38.999928" elapsed="0.000241"/>
</kw>
<kw name="Run Keyword If" owner="BuiltIn">
<kw name="Should Be True" owner="BuiltIn">
<arg>${True}</arg>
<doc>Fails if the given condition is not true.</doc>
<status status="PASS" start="2024-05-21T11:13:39.001234" elapsed="0.000143"/>
</kw>
<arg>${json_data["results"][0]["location"]["coordinates"]["latitude"]} &gt;= -90 and ${json_data["results"][0]["location"]["coordinates"]["latitude"]} &lt;= 90</arg>
<arg>Should Be True</arg>
<arg>${True}</arg>
<doc>Runs the given keyword with the given arguments, if ``condition`` is true.</doc>
<status status="PASS" start="2024-05-21T11:13:39.000478" elapsed="0.001049"/>
</kw>
<kw name="Run Keyword If" owner="BuiltIn">
<kw name="Should Be True" owner="BuiltIn">
<arg>${True}</arg>
<doc>Fails if the given condition is not true.</doc>
<status status="PASS" start="2024-05-21T11:13:39.002406" elapsed="0.000137"/>
</kw>
<arg>${json_data["results"][0]["location"]["coordinates"]["longitude"]} &gt;= -180 and ${json_data["results"][0]["location"]["coordinates"]["longitude"]} &lt;= 180</arg>
<arg>Should Be True</arg>
<arg>${True}</arg>
<doc>Runs the given keyword with the given arguments, if ``condition`` is true.</doc>
<status status="PASS" start="2024-05-21T11:13:39.001722" elapsed="0.000944"/>
</kw>
<status status="PASS" start="2024-05-21T11:13:38.944505" elapsed="0.058289"/>
</kw>
<doc>Testa o conteúdo específico dos campos retornados pela API.</doc>
<tag>testeConteudo</tag>
<status status="PASS" start="2024-05-21T11:13:38.943838" elapsed="0.059102"/>
</test>
<status status="PASS" start="2024-05-21T11:13:38.017746" elapsed="0.987079"/>
</suite>
<status status="PASS" start="2024-05-21T11:13:38.003631" elapsed="1.006454"/>
</suite>
<statistics>
<total>
<stat pass="5" fail="0" skip="0">All Tests</stat>
</total>
<tag>
<stat pass="1" fail="0" skip="0">testeConteudo</stat>
<stat pass="1" fail="0" skip="0">testeEstruturaResposta</stat>
<stat pass="1" fail="0" skip="0">testeRequisicaoBasica</stat>
<stat pass="1" fail="0" skip="0">testeTiposDados</stat>
</tag>
<suite>
<stat pass="5" fail="0" skip="0" id="s1" name="Tests">Tests</stat>
<stat pass="5" fail="0" skip="0" id="s1-s1" name="Random-User-Test">Tests.Random-User-Test</stat>
</suite>
</statistics>
<errors>
</errors>
</robot>
