<?xml version="1.0" encoding="UTF-8"?>
<robot generator="Robot 7.0.1 (Python 3.12.4 on linux)" generated="2024-07-15T10:16:42.905928" rpa="false" schemaversion="5">
<suite id="s1" name="Tests" source="/home/runner/work/ApiRandomUser/ApiRandomUser/RamdonUser/tests">
<suite id="s1-s1" name="Random-User-Test" source="/home/runner/work/ApiRandomUser/ApiRandomUser/RamdonUser/tests/random-user-test.robot">
<test id="s1-s1-t1" name="Conectar" line="13">
<kw name="Conectar API" owner="random-user-service">
<kw name="Create Session" owner="RequestsLibrary">
<msg time="2024-07-15T10:16:43.296808" level="INFO">Creating Session using : alias=consultarAPI, url=https://randomuser.me/, headers={},                     cookies={}, auth=None, timeout=None, proxies=None, verify=False,                     debug=0 </msg>
<arg>consultarAPI</arg>
<arg>${URL}</arg>
<doc>Create Session: create a HTTP session to a server</doc>
<status status="PASS" start="2024-07-15T10:16:43.296604" elapsed="0.000381"/>
</kw>
<status status="PASS" start="2024-07-15T10:16:43.295631" elapsed="0.001712"/>
</kw>
<status status="PASS" start="2024-07-15T10:16:43.295026" elapsed="0.002508"/>
</test>
<test id="s1-s1-t2" name="Validar retorno 200 e JSON Válido" line="16">
<kw name="Teste de Requisicao Basica" owner="random-user-service">
<kw name="GET On Session" owner="RequestsLibrary">
<msg time="2024-07-15T10:16:43.487083" level="INFO">GET Request : url=https://randomuser.me/api 
 path_url=/api 
 headers={'User-Agent': 'python-requests/2.32.3', 'Accept-Encoding': 'gzip, deflate', 'Accept': '*/*', 'Connection': 'keep-alive'} 
 body=None 
 </msg>
<msg time="2024-07-15T10:16:43.487240" level="INFO">GET Response : url=https://randomuser.me/api 
 status=200, reason=OK 
 headers={'Date': 'Mon, 15 Jul 2024 10:16:43 GMT', 'Content-Type': 'application/json; charset=utf-8', 'Transfer-Encoding': 'chunked', 'Connection': 'keep-alive', 'X-Powered-By': 'Express', 'Access-Control-Allow-Origin': '*', 'Cache-Control': 'no-cache', 'ETag': 'W/"488-gT1kwmSdvIB7+YDYWL14X8dc6Zs"', 'Vary': 'Accept-Encoding', 'Content-Encoding': 'gzip', 'CF-Cache-Status': 'DYNAMIC', 'Report-To': '{"endpoints":[{"url":"https:\\/\\/a.nel.cloudflare.com\\/report\\/v4?s=ml3fzkFCDRKzK1rSpxeOQup3GaWsh2JHaM3WAz0XKEobmZXdrrRyxpH25uOcUbGx8wpwtcxeVmbarixCR46s3nGLr1om67LWNb8LjHe%2BhjnjS4sTO5kjw3NfmWzqRX9B"}],"group":"cf-nel","max_age":604800}', 'NEL': '{"success_fraction":0,"report_to":"cf-nel","max_age":604800}', 'Server': 'cloudflare', 'CF-RAY': '8a38ffa789197ff4-IAD', 'alt-svc': 'h3=":443"; ma=86400'} 
 body={"results":[{"gender":"male","name":{"title":"Mr","first":"Landon","last":"Knight"},"location":{"street":{"number":2536,"name":"Valwood Pkwy"},"city":"Bendigo","state":"Northern Territory","country":"Australia","postcode":530,"coordinates":{"latitude":"-82.3528","longitude":"-20.6821"},"timezone":{"offset":"-7:00","description":"Mountain Time (US &amp; Canada)"}},"email":"landon.knight@example.com","login":{"uuid":"9824d251-b57b-4dd5-800a-8c206514ce09","username":"angryostrich602","password":"4040","salt":"RtET2ZvG","md5":"a64eb3c1565eb346b539a45596e7accc","sha1":"6b98194064c8ee5b3a781a7b7ad1a2a7b92a2acd","sha256":"965992b3b2ebedcd7c3f656f7bebf406e1c5158bc2dd745d449a78a2ce0f047f"},"dob":{"date":"1987-05-22T03:38:56.865Z","age":37},"registered":{"date":"2005-05-24T15:35:22.661Z","age":19},"phone":"03-3037-9052","cell":"0427-150-646","id":{"name":"TFN","value":"751598532"},"picture":{"large":"https://randomuser.me/api/portraits/men/4.jpg","medium":"https://randomuser.me/api/portraits/med/men/4.jpg","thumbnail":"https://randomuser.me/api/portraits/thumb/men/4.jpg"},"nat":"AU"}],"info":{"seed":"b2c0d2a54def0209","results":1,"page":1,"version":"1.4"}} 
 </msg>
<msg time="2024-07-15T10:16:43.487330" level="INFO">/opt/hostedtoolcache/Python/3.12.4/x64/lib/python3.12/site-packages/urllib3/connectionpool.py:1099: InsecureRequestWarning: Unverified HTTPS request is being made to host 'randomuser.me'. Adding certificate verification is strongly advised. See: https://urllib3.readthedocs.io/en/latest/advanced-usage.html#tls-warnings
  warnings.warn(</msg>
<msg time="2024-07-15T10:16:43.487463" level="INFO">${response} = &lt;Response [200]&gt;</msg>
<var>${response}</var>
<arg>consultarAPI</arg>
<arg>/api</arg>
<doc>Sends a GET request on a previously created HTTP Session.</doc>
<status status="PASS" start="2024-07-15T10:16:43.300199" elapsed="0.187309"/>
</kw>
<kw name="Should Be Equal As Numbers" owner="BuiltIn">
<msg time="2024-07-15T10:16:43.488498" level="INFO">Argument types are:
&lt;class 'int'&gt;
&lt;class 'str'&gt;</msg>
<arg>${response.status_code}</arg>
<arg>200</arg>
<doc>Fails if objects are unequal after converting them to real numbers.</doc>
<status status="PASS" start="2024-07-15T10:16:43.488037" elapsed="0.000524"/>
</kw>
<kw name="Log" owner="BuiltIn">
<msg time="2024-07-15T10:16:43.489221" level="INFO">200</msg>
<arg>${response.status_code}</arg>
<doc>Logs the given message with the given level.</doc>
<status status="PASS" start="2024-07-15T10:16:43.488878" elapsed="0.000386"/>
</kw>
<kw name="Set Variable" owner="BuiltIn">
<msg time="2024-07-15T10:16:43.490004" level="INFO">${json_data} = {'results': [{'gender': 'male', 'name': {'title': 'Mr', 'first': 'Landon', 'last': 'Knight'}, 'location': {'street': {'number': 2536, 'name': 'Valwood Pkwy'}, 'city': 'Bendigo', 'state': 'Northern Ter...</msg>
<var>${json_data}</var>
<arg>${response.json()}</arg>
<doc>Returns the given values which can then be assigned to a variables.</doc>
<status status="PASS" start="2024-07-15T10:16:43.489571" elapsed="0.000461"/>
</kw>
<kw name="Dictionary Should Contain Key" owner="Collections">
<arg>${json_data}</arg>
<arg>results</arg>
<doc>Fails if ``key`` is not found from ``dictionary``.</doc>
<status status="PASS" start="2024-07-15T10:16:43.490326" elapsed="0.000247"/>
</kw>
<status status="PASS" start="2024-07-15T10:16:43.299951" elapsed="0.190802"/>
</kw>
<doc>Testa se a API responde corretamente e retorna um objeto JSON válido.</doc>
<tag>testeRequisicaoBasica</tag>
<status status="PASS" start="2024-07-15T10:16:43.299436" elapsed="0.191501"/>
</test>
<test id="s1-s1-t3" name="Validar estrutura de resposta" line="22">
<kw name="Teste de Estrutura de Resposta" owner="random-user-service">
<kw name="GET On Session" owner="RequestsLibrary">
<msg time="2024-07-15T10:16:43.589118" level="INFO">GET Request : url=https://randomuser.me/api 
 path_url=/api 
 headers={'User-Agent': 'python-requests/2.32.3', 'Accept-Encoding': 'gzip, deflate', 'Accept': '*/*', 'Connection': 'keep-alive'} 
 body=None 
 </msg>
<msg time="2024-07-15T10:16:43.589221" level="INFO">GET Response : url=https://randomuser.me/api 
 status=200, reason=OK 
 headers={'Date': 'Mon, 15 Jul 2024 10:16:43 GMT', 'Content-Type': 'application/json; charset=utf-8', 'Transfer-Encoding': 'chunked', 'Connection': 'keep-alive', 'X-Powered-By': 'Express', 'Access-Control-Allow-Origin': '*', 'Cache-Control': 'no-cache', 'ETag': 'W/"47f-N97IZwDMw1lcMpB/FBcJFlO2xiQ"', 'Vary': 'Accept-Encoding', 'Content-Encoding': 'gzip', 'CF-Cache-Status': 'DYNAMIC', 'Report-To': '{"endpoints":[{"url":"https:\\/\\/a.nel.cloudflare.com\\/report\\/v4?s=4fcOuIaVmg8sf9KnQvt5SfS53bSVbrd%2FG54LtZbmGxcxtcNxj%2B3t%2B6ao1U%2FWVZXM8qih%2FNr5jPOyGmbslaH9ixiwcvZI8fS3RGtCvEhWl%2FqByFjZlN82IpC%2FAmH53YB9"}],"group":"cf-nel","max_age":604800}', 'NEL': '{"success_fraction":0,"report_to":"cf-nel","max_age":604800}', 'Server': 'cloudflare', 'CF-RAY': '8a38ffa7d9597ff4-IAD', 'alt-svc': 'h3=":443"; ma=86400'} 
 body={"results":[{"gender":"female","name":{"title":"Miss","first":"Jasmina","last":"Ninković"},"location":{"street":{"number":8668,"name":"Vitomirička"},"city":"Bela Palanka","state":"Srem","country":"Serbia","postcode":96821,"coordinates":{"latitude":"57.6538","longitude":"176.7408"},"timezone":{"offset":"-10:00","description":"Hawaii"}},"email":"jasmina.ninkovic@example.com","login":{"uuid":"5701de1d-f8f4-40ce-b35b-e91f903d5c4c","username":"silvertiger616","password":"dynamite","salt":"I9rdY49p","md5":"677d07ce0c10e53c830a9d7b813348a9","sha1":"e0a3a3d8fbd542ad8706be59ddc6cd891c4ae57f","sha256":"f319d1c5e71e6c9aeb72f54c885b9cc9ab002926287362dff872e114f9e1bfb1"},"dob":{"date":"1951-04-25T10:14:06.605Z","age":73},"registered":{"date":"2021-03-15T18:13:34.019Z","age":3},"phone":"012-8372-773","cell":"060-7452-544","id":{"name":"SID","value":"573519097"},"picture":{"large":"https://randomuser.me/api/portraits/women/55.jpg","medium":"https://randomuser.me/api/portraits/med/women/55.jpg","thumbnail":"https://randomuser.me/api/portraits/thumb/women/55.jpg"},"nat":"RS"}],"info":{"seed":"94abda086c8910a5","results":1,"page":1,"version":"1.4"}} 
 </msg>
<msg time="2024-07-15T10:16:43.589374" level="INFO">/opt/hostedtoolcache/Python/3.12.4/x64/lib/python3.12/site-packages/urllib3/connectionpool.py:1099: InsecureRequestWarning: Unverified HTTPS request is being made to host 'randomuser.me'. Adding certificate verification is strongly advised. See: https://urllib3.readthedocs.io/en/latest/advanced-usage.html#tls-warnings
  warnings.warn(</msg>
<msg time="2024-07-15T10:16:43.589507" level="INFO">${response} = &lt;Response [200]&gt;</msg>
<var>${response}</var>
<arg>consultarAPI</arg>
<arg>/api</arg>
<doc>Sends a GET request on a previously created HTTP Session.</doc>
<status status="PASS" start="2024-07-15T10:16:43.493613" elapsed="0.095948"/>
</kw>
<kw name="Set Variable" owner="BuiltIn">
<msg time="2024-07-15T10:16:43.590846" level="INFO">${json_data} = {'results': [{'gender': 'female', 'name': {'title': 'Miss', 'first': 'Jasmina', 'last': 'Ninković'}, 'location': {'street': {'number': 8668, 'name': 'Vitomirička'}, 'city': 'Bela Palanka', 'state': 'S...</msg>
<var>${json_data}</var>
<arg>${response.json()}</arg>
<doc>Returns the given values which can then be assigned to a variables.</doc>
<status status="PASS" start="2024-07-15T10:16:43.590213" elapsed="0.000664"/>
</kw>
<kw name="Log" owner="BuiltIn">
<msg time="2024-07-15T10:16:43.591348" level="INFO">{'results': [{'gender': 'female', 'name': {'title': 'Miss', 'first': 'Jasmina', 'last': 'Ninković'}, 'location': {'street': {'number': 8668, 'name': 'Vitomirička'}, 'city': 'Bela Palanka', 'state': 'Srem', 'country': 'Serbia', 'postcode': 96821, 'coordinates': {'latitude': '57.6538', 'longitude': '176.7408'}, 'timezone': {'offset': '-10:00', 'description': 'Hawaii'}}, 'email': 'jasmina.ninkovic@example.com', 'login': {'uuid': '5701de1d-f8f4-40ce-b35b-e91f903d5c4c', 'username': 'silvertiger616', 'password': 'dynamite', 'salt': 'I9rdY49p', 'md5': '677d07ce0c10e53c830a9d7b813348a9', 'sha1': 'e0a3a3d8fbd542ad8706be59ddc6cd891c4ae57f', 'sha256': 'f319d1c5e71e6c9aeb72f54c885b9cc9ab002926287362dff872e114f9e1bfb1'}, 'dob': {'date': '1951-04-25T10:14:06.605Z', 'age': 73}, 'registered': {'date': '2021-03-15T18:13:34.019Z', 'age': 3}, 'phone': '012-8372-773', 'cell': '060-7452-544', 'id': {'name': 'SID', 'value': '573519097'}, 'picture': {'large': 'https://randomuser.me/api/portraits/women/55.jpg', 'medium': 'https://randomuser.me/api/portraits/med/women/55.jpg', 'thumbnail': 'https://randomuser.me/api/portraits/thumb/women/55.jpg'}, 'nat': 'RS'}], 'info': {'seed': '94abda086c8910a5', 'results': 1, 'page': 1, 'version': '1.4'}}</msg>
<arg>${json_data}</arg>
<doc>Logs the given message with the given level.</doc>
<status status="PASS" start="2024-07-15T10:16:43.591188" elapsed="0.000212"/>
</kw>
<kw name="Dictionary Should Contain Key" owner="Collections">
<arg>${json_data}</arg>
<arg>results</arg>
<doc>Fails if ``key`` is not found from ``dictionary``.</doc>
<status status="PASS" start="2024-07-15T10:16:43.591685" elapsed="0.000154"/>
</kw>
<kw name="Should Not Be Empty" owner="BuiltIn">
<msg time="2024-07-15T10:16:43.592153" level="INFO">Length is 2.</msg>
<arg>${json_data}</arg>
<doc>Verifies that the given item is not empty.</doc>
<status status="PASS" start="2024-07-15T10:16:43.592022" elapsed="0.000169"/>
</kw>
<kw name="Create List" owner="BuiltIn">
<msg time="2024-07-15T10:16:43.592775" level="INFO">${expected_keys} = ['gender', 'name', 'location', 'email', 'login']</msg>
<var>${expected_keys}</var>
<arg>gender</arg>
<arg>name</arg>
<arg>location</arg>
<arg>email</arg>
<arg>login</arg>
<doc>Returns a list containing given items.</doc>
<status status="PASS" start="2024-07-15T10:16:43.592478" elapsed="0.000322"/>
</kw>
<for flavor="IN">
<iter>
<kw name="Dictionary Should Contain Key" owner="Collections">
<arg>${json_data['results'][0]}</arg>
<arg>${key}</arg>
<doc>Fails if ``key`` is not found from ``dictionary``.</doc>
<status status="PASS" start="2024-07-15T10:16:43.593377" elapsed="0.000406"/>
</kw>
<kw name="Log" owner="BuiltIn">
<msg time="2024-07-15T10:16:43.594339" level="INFO">{'gender': 'female', 'name': {'title': 'Miss', 'first': 'Jasmina', 'last': 'Ninković'}, 'location': {'street': {'number': 8668, 'name': 'Vitomirička'}, 'city': 'Bela Palanka', 'state': 'Srem', 'country': 'Serbia', 'postcode': 96821, 'coordinates': {'latitude': '57.6538', 'longitude': '176.7408'}, 'timezone': {'offset': '-10:00', 'description': 'Hawaii'}}, 'email': 'jasmina.ninkovic@example.com', 'login': {'uuid': '5701de1d-f8f4-40ce-b35b-e91f903d5c4c', 'username': 'silvertiger616', 'password': 'dynamite', 'salt': 'I9rdY49p', 'md5': '677d07ce0c10e53c830a9d7b813348a9', 'sha1': 'e0a3a3d8fbd542ad8706be59ddc6cd891c4ae57f', 'sha256': 'f319d1c5e71e6c9aeb72f54c885b9cc9ab002926287362dff872e114f9e1bfb1'}, 'dob': {'date': '1951-04-25T10:14:06.605Z', 'age': 73}, 'registered': {'date': '2021-03-15T18:13:34.019Z', 'age': 3}, 'phone': '012-8372-773', 'cell': '060-7452-544', 'id': {'name': 'SID', 'value': '573519097'}, 'picture': {'large': 'https://randomuser.me/api/portraits/women/55.jpg', 'medium': 'https://randomuser.me/api/portraits/med/women/55.jpg', 'thumbnail': 'https://randomuser.me/api/portraits/thumb/women/55.jpg'}, 'nat': 'RS'}</msg>
<arg>${json_data['results'][0]}</arg>
<doc>Logs the given message with the given level.</doc>
<status status="PASS" start="2024-07-15T10:16:43.593968" elapsed="0.000424"/>
</kw>
<kw name="Log" owner="BuiltIn">
<msg time="2024-07-15T10:16:43.594863" level="INFO">gender</msg>
<arg>${key}</arg>
<doc>Logs the given message with the given level.</doc>
<status status="PASS" start="2024-07-15T10:16:43.594734" elapsed="0.000168"/>
</kw>
<var name="${key}">gender</var>
<status status="PASS" start="2024-07-15T10:16:43.593256" elapsed="0.001862"/>
</iter>
<iter>
<kw name="Dictionary Should Contain Key" owner="Collections">
<arg>${json_data['results'][0]}</arg>
<arg>${key}</arg>
<doc>Fails if ``key`` is not found from ``dictionary``.</doc>
<status status="PASS" start="2024-07-15T10:16:43.595411" elapsed="0.000393"/>
</kw>
<kw name="Log" owner="BuiltIn">
<msg time="2024-07-15T10:16:43.596333" level="INFO">{'gender': 'female', 'name': {'title': 'Miss', 'first': 'Jasmina', 'last': 'Ninković'}, 'location': {'street': {'number': 8668, 'name': 'Vitomirička'}, 'city': 'Bela Palanka', 'state': 'Srem', 'country': 'Serbia', 'postcode': 96821, 'coordinates': {'latitude': '57.6538', 'longitude': '176.7408'}, 'timezone': {'offset': '-10:00', 'description': 'Hawaii'}}, 'email': 'jasmina.ninkovic@example.com', 'login': {'uuid': '5701de1d-f8f4-40ce-b35b-e91f903d5c4c', 'username': 'silvertiger616', 'password': 'dynamite', 'salt': 'I9rdY49p', 'md5': '677d07ce0c10e53c830a9d7b813348a9', 'sha1': 'e0a3a3d8fbd542ad8706be59ddc6cd891c4ae57f', 'sha256': 'f319d1c5e71e6c9aeb72f54c885b9cc9ab002926287362dff872e114f9e1bfb1'}, 'dob': {'date': '1951-04-25T10:14:06.605Z', 'age': 73}, 'registered': {'date': '2021-03-15T18:13:34.019Z', 'age': 3}, 'phone': '012-8372-773', 'cell': '060-7452-544', 'id': {'name': 'SID', 'value': '573519097'}, 'picture': {'large': 'https://randomuser.me/api/portraits/women/55.jpg', 'medium': 'https://randomuser.me/api/portraits/med/women/55.jpg', 'thumbnail': 'https://randomuser.me/api/portraits/thumb/women/55.jpg'}, 'nat': 'RS'}</msg>
<arg>${json_data['results'][0]}</arg>
<doc>Logs the given message with the given level.</doc>
<status status="PASS" start="2024-07-15T10:16:43.595985" elapsed="0.000432"/>
</kw>
<kw name="Log" owner="BuiltIn">
<msg time="2024-07-15T10:16:43.596844" level="INFO">name</msg>
<arg>${key}</arg>
<doc>Logs the given message with the given level.</doc>
<status status="PASS" start="2024-07-15T10:16:43.596717" elapsed="0.000164"/>
</kw>
<var name="${key}">name</var>
<status status="PASS" start="2024-07-15T10:16:43.595301" elapsed="0.001797"/>
</iter>
<iter>
<kw name="Dictionary Should Contain Key" owner="Collections">
<arg>${json_data['results'][0]}</arg>
<arg>${key}</arg>
<doc>Fails if ``key`` is not found from ``dictionary``.</doc>
<status status="PASS" start="2024-07-15T10:16:43.597380" elapsed="0.000375"/>
</kw>
<kw name="Log" owner="BuiltIn">
<msg time="2024-07-15T10:16:43.598287" level="INFO">{'gender': 'female', 'name': {'title': 'Miss', 'first': 'Jasmina', 'last': 'Ninković'}, 'location': {'street': {'number': 8668, 'name': 'Vitomirička'}, 'city': 'Bela Palanka', 'state': 'Srem', 'country': 'Serbia', 'postcode': 96821, 'coordinates': {'latitude': '57.6538', 'longitude': '176.7408'}, 'timezone': {'offset': '-10:00', 'description': 'Hawaii'}}, 'email': 'jasmina.ninkovic@example.com', 'login': {'uuid': '5701de1d-f8f4-40ce-b35b-e91f903d5c4c', 'username': 'silvertiger616', 'password': 'dynamite', 'salt': 'I9rdY49p', 'md5': '677d07ce0c10e53c830a9d7b813348a9', 'sha1': 'e0a3a3d8fbd542ad8706be59ddc6cd891c4ae57f', 'sha256': 'f319d1c5e71e6c9aeb72f54c885b9cc9ab002926287362dff872e114f9e1bfb1'}, 'dob': {'date': '1951-04-25T10:14:06.605Z', 'age': 73}, 'registered': {'date': '2021-03-15T18:13:34.019Z', 'age': 3}, 'phone': '012-8372-773', 'cell': '060-7452-544', 'id': {'name': 'SID', 'value': '573519097'}, 'picture': {'large': 'https://randomuser.me/api/portraits/women/55.jpg', 'medium': 'https://randomuser.me/api/portraits/med/women/55.jpg', 'thumbnail': 'https://randomuser.me/api/portraits/thumb/women/55.jpg'}, 'nat': 'RS'}</msg>
<arg>${json_data['results'][0]}</arg>
<doc>Logs the given message with the given level.</doc>
<status status="PASS" start="2024-07-15T10:16:43.597935" elapsed="0.000402"/>
</kw>
<kw name="Log" owner="BuiltIn">
<msg time="2024-07-15T10:16:43.598803" level="INFO">location</msg>
<arg>${key}</arg>
<doc>Logs the given message with the given level.</doc>
<status status="PASS" start="2024-07-15T10:16:43.598674" elapsed="0.000165"/>
</kw>
<var name="${key}">location</var>
<status status="PASS" start="2024-07-15T10:16:43.597273" elapsed="0.001786"/>
</iter>
<iter>
<kw name="Dictionary Should Contain Key" owner="Collections">
<arg>${json_data['results'][0]}</arg>
<arg>${key}</arg>
<doc>Fails if ``key`` is not found from ``dictionary``.</doc>
<status status="PASS" start="2024-07-15T10:16:43.599337" elapsed="0.000392"/>
</kw>
<kw name="Log" owner="BuiltIn">
<msg time="2024-07-15T10:16:43.600269" level="INFO">{'gender': 'female', 'name': {'title': 'Miss', 'first': 'Jasmina', 'last': 'Ninković'}, 'location': {'street': {'number': 8668, 'name': 'Vitomirička'}, 'city': 'Bela Palanka', 'state': 'Srem', 'country': 'Serbia', 'postcode': 96821, 'coordinates': {'latitude': '57.6538', 'longitude': '176.7408'}, 'timezone': {'offset': '-10:00', 'description': 'Hawaii'}}, 'email': 'jasmina.ninkovic@example.com', 'login': {'uuid': '5701de1d-f8f4-40ce-b35b-e91f903d5c4c', 'username': 'silvertiger616', 'password': 'dynamite', 'salt': 'I9rdY49p', 'md5': '677d07ce0c10e53c830a9d7b813348a9', 'sha1': 'e0a3a3d8fbd542ad8706be59ddc6cd891c4ae57f', 'sha256': 'f319d1c5e71e6c9aeb72f54c885b9cc9ab002926287362dff872e114f9e1bfb1'}, 'dob': {'date': '1951-04-25T10:14:06.605Z', 'age': 73}, 'registered': {'date': '2021-03-15T18:13:34.019Z', 'age': 3}, 'phone': '012-8372-773', 'cell': '060-7452-544', 'id': {'name': 'SID', 'value': '573519097'}, 'picture': {'large': 'https://randomuser.me/api/portraits/women/55.jpg', 'medium': 'https://randomuser.me/api/portraits/med/women/55.jpg', 'thumbnail': 'https://randomuser.me/api/portraits/thumb/women/55.jpg'}, 'nat': 'RS'}</msg>
<arg>${json_data['results'][0]}</arg>
<doc>Logs the given message with the given level.</doc>
<status status="PASS" start="2024-07-15T10:16:43.599914" elapsed="0.000406"/>
</kw>
<kw name="Log" owner="BuiltIn">
<msg time="2024-07-15T10:16:43.600745" level="INFO">email</msg>
<arg>${key}</arg>
<doc>Logs the given message with the given level.</doc>
<status status="PASS" start="2024-07-15T10:16:43.600614" elapsed="0.000170"/>
</kw>
<var name="${key}">email</var>
<status status="PASS" start="2024-07-15T10:16:43.599231" elapsed="0.001764"/>
</iter>
<iter>
<kw name="Dictionary Should Contain Key" owner="Collections">
<arg>${json_data['results'][0]}</arg>
<arg>${key}</arg>
<doc>Fails if ``key`` is not found from ``dictionary``.</doc>
<status status="PASS" start="2024-07-15T10:16:43.601274" elapsed="0.000388"/>
</kw>
<kw name="Log" owner="BuiltIn">
<msg time="2024-07-15T10:16:43.602189" level="INFO">{'gender': 'female', 'name': {'title': 'Miss', 'first': 'Jasmina', 'last': 'Ninković'}, 'location': {'street': {'number': 8668, 'name': 'Vitomirička'}, 'city': 'Bela Palanka', 'state': 'Srem', 'country': 'Serbia', 'postcode': 96821, 'coordinates': {'latitude': '57.6538', 'longitude': '176.7408'}, 'timezone': {'offset': '-10:00', 'description': 'Hawaii'}}, 'email': 'jasmina.ninkovic@example.com', 'login': {'uuid': '5701de1d-f8f4-40ce-b35b-e91f903d5c4c', 'username': 'silvertiger616', 'password': 'dynamite', 'salt': 'I9rdY49p', 'md5': '677d07ce0c10e53c830a9d7b813348a9', 'sha1': 'e0a3a3d8fbd542ad8706be59ddc6cd891c4ae57f', 'sha256': 'f319d1c5e71e6c9aeb72f54c885b9cc9ab002926287362dff872e114f9e1bfb1'}, 'dob': {'date': '1951-04-25T10:14:06.605Z', 'age': 73}, 'registered': {'date': '2021-03-15T18:13:34.019Z', 'age': 3}, 'phone': '012-8372-773', 'cell': '060-7452-544', 'id': {'name': 'SID', 'value': '573519097'}, 'picture': {'large': 'https://randomuser.me/api/portraits/women/55.jpg', 'medium': 'https://randomuser.me/api/portraits/med/women/55.jpg', 'thumbnail': 'https://randomuser.me/api/portraits/thumb/women/55.jpg'}, 'nat': 'RS'}</msg>
<arg>${json_data['results'][0]}</arg>
<doc>Logs the given message with the given level.</doc>
<status status="PASS" start="2024-07-15T10:16:43.601841" elapsed="0.000399"/>
</kw>
<kw name="Log" owner="BuiltIn">
<msg time="2024-07-15T10:16:43.602699" level="INFO">login</msg>
<arg>${key}</arg>
<doc>Logs the given message with the given level.</doc>
<status status="PASS" start="2024-07-15T10:16:43.602571" elapsed="0.000165"/>
</kw>
<var name="${key}">login</var>
<status status="PASS" start="2024-07-15T10:16:43.601162" elapsed="0.001788"/>
</iter>
<var>${key}</var>
<value>@{expected_keys}</value>
<status status="PASS" start="2024-07-15T10:16:43.593062" elapsed="0.010006"/>
</for>
<kw name="Create List" owner="BuiltIn">
<msg time="2024-07-15T10:16:43.603393" level="INFO">${expected_keysTwo} = ['username', 'password']</msg>
<var>${expected_keysTwo}</var>
<arg>username</arg>
<arg>password</arg>
<doc>Returns a list containing given items.</doc>
<status status="PASS" start="2024-07-15T10:16:43.603253" elapsed="0.000164"/>
</kw>
<for flavor="IN">
<iter>
<kw name="Dictionary Should Contain Key" owner="Collections">
<arg>${json_data['results'][0]['login']}</arg>
<arg>${keyTwo}</arg>
<doc>Fails if ``key`` is not found from ``dictionary``.</doc>
<status status="PASS" start="2024-07-15T10:16:43.604162" elapsed="0.000506"/>
</kw>
<kw name="Dictionary Should Contain Key" owner="Collections">
<arg>${json_data['results'][0]['login']}</arg>
<arg>${keyTwo}</arg>
<doc>Fails if ``key`` is not found from ``dictionary``.</doc>
<status status="PASS" start="2024-07-15T10:16:43.604853" elapsed="0.000379"/>
</kw>
<kw name="Log" owner="BuiltIn">
<msg time="2024-07-15T10:16:43.605536" level="INFO">username</msg>
<arg>${keyTwo}</arg>
<doc>Logs the given message with the given level.</doc>
<status status="PASS" start="2024-07-15T10:16:43.605414" elapsed="0.000159"/>
</kw>
<var name="${keyTwo}">username</var>
<status status="PASS" start="2024-07-15T10:16:43.604002" elapsed="0.001791"/>
</iter>
<iter>
<kw name="Dictionary Should Contain Key" owner="Collections">
<arg>${json_data['results'][0]['login']}</arg>
<arg>${keyTwo}</arg>
<doc>Fails if ``key`` is not found from ``dictionary``.</doc>
<status status="PASS" start="2024-07-15T10:16:43.606067" elapsed="0.000415"/>
</kw>
<kw name="Dictionary Should Contain Key" owner="Collections">
<arg>${json_data['results'][0]['login']}</arg>
<arg>${keyTwo}</arg>
<doc>Fails if ``key`` is not found from ``dictionary``.</doc>
<status status="PASS" start="2024-07-15T10:16:43.606674" elapsed="0.000373"/>
</kw>
<kw name="Log" owner="BuiltIn">
<msg time="2024-07-15T10:16:43.607345" level="INFO">password</msg>
<arg>${keyTwo}</arg>
<doc>Logs the given message with the given level.</doc>
<status status="PASS" start="2024-07-15T10:16:43.607225" elapsed="0.000162"/>
</kw>
<var name="${keyTwo}">password</var>
<status status="PASS" start="2024-07-15T10:16:43.605962" elapsed="0.001744"/>
</iter>
<var>${keyTwo}</var>
<value>@{expected_keysTwo}</value>
<status status="PASS" start="2024-07-15T10:16:43.603783" elapsed="0.004041"/>
</for>
<status status="PASS" start="2024-07-15T10:16:43.493376" elapsed="0.114589"/>
</kw>
<doc>Testa a estrutura da resposta da API.</doc>
<tag>testeEstruturaResposta</tag>
<status status="PASS" start="2024-07-15T10:16:43.492781" elapsed="0.115336"/>
</test>
<test id="s1-s1-t4" name="Validar tipos de dados" line="28">
<kw name="Teste de Tipos de Dados" owner="random-user-service">
<kw name="GET On Session" owner="RequestsLibrary">
<msg time="2024-07-15T10:16:43.690714" level="INFO">GET Request : url=https://randomuser.me/api 
 path_url=/api 
 headers={'User-Agent': 'python-requests/2.32.3', 'Accept-Encoding': 'gzip, deflate', 'Accept': '*/*', 'Connection': 'keep-alive'} 
 body=None 
 </msg>
<msg time="2024-07-15T10:16:43.690797" level="INFO">GET Response : url=https://randomuser.me/api 
 status=200, reason=OK 
 headers={'Date': 'Mon, 15 Jul 2024 10:16:43 GMT', 'Content-Type': 'application/json; charset=utf-8', 'Transfer-Encoding': 'chunked', 'Connection': 'keep-alive', 'X-Powered-By': 'Express', 'Access-Control-Allow-Origin': '*', 'Cache-Control': 'no-cache', 'ETag': 'W/"481-lsg9e+uYvz2qDIU+yOjKQx61TUs"', 'Vary': 'Accept-Encoding', 'Content-Encoding': 'gzip', 'CF-Cache-Status': 'DYNAMIC', 'Report-To': '{"endpoints":[{"url":"https:\\/\\/a.nel.cloudflare.com\\/report\\/v4?s=d67TBpJohzAF3vl9g%2Fhb04DLZo8agvBbfrSL4Q1eUZhYRkTr%2BtY3IZS8JGEb79SfNiUeSWAVi1Sfab0GbXYoZotj%2F1Yz4bUsgq1xKNcqYG3uNmcr8MwhozZmHvnC8OR2"}],"group":"cf-nel","max_age":604800}', 'NEL': '{"success_fraction":0,"report_to":"cf-nel","max_age":604800}', 'Server': 'cloudflare', 'CF-RAY': '8a38ffa899e57ff4-IAD', 'alt-svc': 'h3=":443"; ma=86400'} 
 body={"results":[{"gender":"female","name":{"title":"Ms","first":"Charlie","last":"Jean-Baptiste"},"location":{"street":{"number":5332,"name":"9th St"},"city":"Maidstone","state":"Alberta","country":"Canada","postcode":"H0R 5O3","coordinates":{"latitude":"-67.3235","longitude":"79.9131"},"timezone":{"offset":"-9:00","description":"Alaska"}},"email":"charlie.jean-baptiste@example.com","login":{"uuid":"46b28190-3cb4-4990-850a-bfaa2241bafe","username":"purplepanda954","password":"112358","salt":"XRqJKacv","md5":"78e10e10cb46919641f7a7573f96fde1","sha1":"31cb202a8ed8be8ac619eb9e44ea4733c5c4079a","sha256":"115921e154649011aaf0faa511694476e8c9608060f1e9f8ccae2ab8fbc067c1"},"dob":{"date":"1981-10-07T15:58:28.035Z","age":42},"registered":{"date":"2015-05-12T08:20:51.554Z","age":9},"phone":"E20 S69-8923","cell":"U89 I71-9491","id":{"name":"SIN","value":"927933176"},"picture":{"large":"https://randomuser.me/api/portraits/women/13.jpg","medium":"https://randomuser.me/api/portraits/med/women/13.jpg","thumbnail":"https://randomuser.me/api/portraits/thumb/women/13.jpg"},"nat":"CA"}],"info":{"seed":"d05c84be6b7e8dd3","results":1,"page":1,"version":"1.4"}} 
 </msg>
<msg time="2024-07-15T10:16:43.690864" level="INFO">/opt/hostedtoolcache/Python/3.12.4/x64/lib/python3.12/site-packages/urllib3/connectionpool.py:1099: InsecureRequestWarning: Unverified HTTPS request is being made to host 'randomuser.me'. Adding certificate verification is strongly advised. See: https://urllib3.readthedocs.io/en/latest/advanced-usage.html#tls-warnings
  warnings.warn(</msg>
<msg time="2024-07-15T10:16:43.690966" level="INFO">${response} = &lt;Response [200]&gt;</msg>
<var>${response}</var>
<arg>consultarAPI</arg>
<arg>/api</arg>
<doc>Sends a GET request on a previously created HTTP Session.</doc>
<status status="PASS" start="2024-07-15T10:16:43.610742" elapsed="0.080260"/>
</kw>
<kw name="Set Variable" owner="BuiltIn">
<msg time="2024-07-15T10:16:43.691966" level="INFO">${json_data} = {'results': [{'gender': 'female', 'name': {'title': 'Ms', 'first': 'Charlie', 'last': 'Jean-Baptiste'}, 'location': {'street': {'number': 5332, 'name': '9th St'}, 'city': 'Maidstone', 'state': 'Albert...</msg>
<var>${json_data}</var>
<arg>${response.json()}</arg>
<doc>Returns the given values which can then be assigned to a variables.</doc>
<status status="PASS" start="2024-07-15T10:16:43.691461" elapsed="0.000533"/>
</kw>
<kw name="Log" owner="BuiltIn">
<msg time="2024-07-15T10:16:43.692460" level="INFO">{'results': [{'gender': 'female', 'name': {'title': 'Ms', 'first': 'Charlie', 'last': 'Jean-Baptiste'}, 'location': {'street': {'number': 5332, 'name': '9th St'}, 'city': 'Maidstone', 'state': 'Alberta', 'country': 'Canada', 'postcode': 'H0R 5O3', 'coordinates': {'latitude': '-67.3235', 'longitude': '79.9131'}, 'timezone': {'offset': '-9:00', 'description': 'Alaska'}}, 'email': 'charlie.jean-baptiste@example.com', 'login': {'uuid': '46b28190-3cb4-4990-850a-bfaa2241bafe', 'username': 'purplepanda954', 'password': '112358', 'salt': 'XRqJKacv', 'md5': '78e10e10cb46919641f7a7573f96fde1', 'sha1': '31cb202a8ed8be8ac619eb9e44ea4733c5c4079a', 'sha256': '115921e154649011aaf0faa511694476e8c9608060f1e9f8ccae2ab8fbc067c1'}, 'dob': {'date': '1981-10-07T15:58:28.035Z', 'age': 42}, 'registered': {'date': '2015-05-12T08:20:51.554Z', 'age': 9}, 'phone': 'E20 S69-8923', 'cell': 'U89 I71-9491', 'id': {'name': 'SIN', 'value': '927933176'}, 'picture': {'large': 'https://randomuser.me/api/portraits/women/13.jpg', 'medium': 'https://randomuser.me/api/portraits/med/women/13.jpg', 'thumbnail': 'https://randomuser.me/api/portraits/thumb/women/13.jpg'}, 'nat': 'CA'}], 'info': {'seed': 'd05c84be6b7e8dd3', 'results': 1, 'page': 1, 'version': '1.4'}}</msg>
<arg>${json_data}</arg>
<doc>Logs the given message with the given level.</doc>
<status status="PASS" start="2024-07-15T10:16:43.692309" elapsed="0.000198"/>
</kw>
<kw name="Should Be String" owner="String">
<arg>${json_data['results'][0]['gender']}</arg>
<doc>Fails if the given ``item`` is not a string.</doc>
<status status="PASS" start="2024-07-15T10:16:43.692804" elapsed="0.000353"/>
</kw>
<kw name="Should Match Regexp" owner="BuiltIn">
<arg>${json_data['results'][0]['email']}</arg>
<arg>^[a-zA-Z0-9._%+-]+@[a-zA-Z0-9.-]+\.[a-zA-Z]{2,}$</arg>
<doc>Fails if ``string`` does not match ``pattern`` as a regular expression.</doc>
<status status="PASS" start="2024-07-15T10:16:43.693344" elapsed="0.000507"/>
</kw>
<kw name="Should Match Regexp" owner="BuiltIn">
<arg>${json_data['results'][0]['dob']['date']}</arg>
<arg>\\d{4}-\\d{2}-\\d{2}T\\d{2}:\\d{2}:\\d{2}\\.\\d{3}Z</arg>
<doc>Fails if ``string`` does not match ``pattern`` as a regular expression.</doc>
<status status="PASS" start="2024-07-15T10:16:43.694080" elapsed="0.000512"/>
</kw>
<kw name="Should Match Regexp" owner="BuiltIn">
<arg>${json_data['results'][0]['registered']['date']}</arg>
<arg>\\d{4}-\\d{2}-\\d{2}T\\d{2}:\\d{2}:\\d{2}\\.\\d{3}Z</arg>
<doc>Fails if ``string`` does not match ``pattern`` as a regular expression.</doc>
<status status="PASS" start="2024-07-15T10:16:43.694782" elapsed="0.000370"/>
</kw>
<kw name="Should Match Regexp" owner="BuiltIn">
<arg>${json_data['results'][0]['picture']['large']}</arg>
<arg>^https?://.*\.(?:png|jpe?g|gif|bmp)$</arg>
<doc>Fails if ``string`` does not match ``pattern`` as a regular expression.</doc>
<status status="PASS" start="2024-07-15T10:16:43.695335" elapsed="0.000453"/>
</kw>
<kw name="Should Match Regexp" owner="BuiltIn">
<arg>${json_data['results'][0]['picture']['medium']}</arg>
<arg>^https?://.*\.(?:png|jpe?g|gif|bmp)$</arg>
<doc>Fails if ``string`` does not match ``pattern`` as a regular expression.</doc>
<status status="PASS" start="2024-07-15T10:16:43.695971" elapsed="0.000346"/>
</kw>
<kw name="Should Match Regexp" owner="BuiltIn">
<arg>${json_data['results'][0]['picture']['thumbnail']}</arg>
<arg>^https?://.*\.(?:png|jpe?g|gif|bmp)$</arg>
<doc>Fails if ``string`` does not match ``pattern`` as a regular expression.</doc>
<status status="PASS" start="2024-07-15T10:16:43.696496" elapsed="0.000340"/>
</kw>
<kw name="Log" owner="BuiltIn">
<msg time="2024-07-15T10:16:43.697339" level="INFO">{'large': 'https://randomuser.me/api/portraits/women/13.jpg', 'medium': 'https://randomuser.me/api/portraits/med/women/13.jpg', 'thumbnail': 'https://randomuser.me/api/portraits/thumb/women/13.jpg'}</msg>
<arg>${json_data['results'][0]['picture']}</arg>
<doc>Logs the given message with the given level.</doc>
<status status="PASS" start="2024-07-15T10:16:43.697015" elapsed="0.000365"/>
</kw>
<status status="PASS" start="2024-07-15T10:16:43.610398" elapsed="0.087237"/>
</kw>
<kw name="Teste de Tipos de Dados - Postcode" owner="random-user-service">
<kw name="GET On Session" owner="RequestsLibrary">
<msg time="2024-07-15T10:16:43.795692" level="INFO">GET Request : url=https://randomuser.me/api 
 path_url=/api 
 headers={'User-Agent': 'python-requests/2.32.3', 'Accept-Encoding': 'gzip, deflate', 'Accept': '*/*', 'Connection': 'keep-alive'} 
 body=None 
 </msg>
<msg time="2024-07-15T10:16:43.795796" level="INFO">GET Response : url=https://randomuser.me/api 
 status=200, reason=OK 
 headers={'Date': 'Mon, 15 Jul 2024 10:16:43 GMT', 'Content-Type': 'application/json; charset=utf-8', 'Transfer-Encoding': 'chunked', 'Connection': 'keep-alive', 'X-Powered-By': 'Express', 'Access-Control-Allow-Origin': '*', 'Cache-Control': 'no-cache', 'ETag': 'W/"489-rHspVhsJ8PfZVxsjKBpJ1KXqnFI"', 'Vary': 'Accept-Encoding', 'Content-Encoding': 'gzip', 'CF-Cache-Status': 'DYNAMIC', 'Report-To': '{"endpoints":[{"url":"https:\\/\\/a.nel.cloudflare.com\\/report\\/v4?s=dlRDpPgqbH9CDQ7hQ99QwjFpPnpDBHwAv1%2Bpu%2FHW0zDmJsDfZ4tOsNoD%2F6xnBM08nUuD9VeOiDL4P9BXTgL0IQzpOx1gnwv%2BQLtsW%2F27mEXQYeQ5m%2B9PefyBkegCB%2FfU"}],"group":"cf-nel","max_age":604800}', 'NEL': '{"success_fraction":0,"report_to":"cf-nel","max_age":604800}', 'Server': 'cloudflare', 'CF-RAY': '8a38ffa92a517ff4-IAD', 'alt-svc': 'h3=":443"; ma=86400'} 
 body={"results":[{"gender":"male","name":{"title":"Mr","first":"Andy","last":"Long"},"location":{"street":{"number":5102,"name":"Marsh Ln"},"city":"Fontana","state":"Arkansas","country":"United States","postcode":28001,"coordinates":{"latitude":"84.2950","longitude":"-166.3599"},"timezone":{"offset":"+9:00","description":"Tokyo, Seoul, Osaka, Sapporo, Yakutsk"}},"email":"andy.long@example.com","login":{"uuid":"08e87513-65f1-48ff-93b0-34343144d204","username":"sadbird311","password":"captain","salt":"xv8gF89w","md5":"8d2b77711df89a922d3632ee67a89d6a","sha1":"851095c86596929046ccf5d062a7d1f4c6363e0a","sha256":"91937cad045d77eb924582fe334c11e5394f72585f25cfa3f2e5720d41ff4e83"},"dob":{"date":"1960-11-11T22:10:17.965Z","age":63},"registered":{"date":"2007-01-26T15:22:53.611Z","age":17},"phone":"(302) 481-0292","cell":"(312) 213-5610","id":{"name":"SSN","value":"731-48-1426"},"picture":{"large":"https://randomuser.me/api/portraits/men/25.jpg","medium":"https://randomuser.me/api/portraits/med/men/25.jpg","thumbnail":"https://randomuser.me/api/portraits/thumb/men/25.jpg"},"nat":"US"}],"info":{"seed":"3fe3f20a24f4036a","results":1,"page":1,"version":"1.4"}} 
 </msg>
<msg time="2024-07-15T10:16:43.795867" level="INFO">/opt/hostedtoolcache/Python/3.12.4/x64/lib/python3.12/site-packages/urllib3/connectionpool.py:1099: InsecureRequestWarning: Unverified HTTPS request is being made to host 'randomuser.me'. Adding certificate verification is strongly advised. See: https://urllib3.readthedocs.io/en/latest/advanced-usage.html#tls-warnings
  warnings.warn(</msg>
<msg time="2024-07-15T10:16:43.795983" level="INFO">${response} = &lt;Response [200]&gt;</msg>
<var>${response}</var>
<arg>consultarAPI</arg>
<arg>/api</arg>
<doc>Sends a GET request on a previously created HTTP Session.</doc>
<status status="PASS" start="2024-07-15T10:16:43.698083" elapsed="0.097926"/>
</kw>
<kw name="Set Variable" owner="BuiltIn">
<msg time="2024-07-15T10:16:43.797038" level="INFO">${json_data} = {'results': [{'gender': 'male', 'name': {'title': 'Mr', 'first': 'Andy', 'last': 'Long'}, 'location': {'street': {'number': 5102, 'name': 'Marsh Ln'}, 'city': 'Fontana', 'state': 'Arkansas', 'country'...</msg>
<var>${json_data}</var>
<arg>${response.json()}</arg>
<doc>Returns the given values which can then be assigned to a variables.</doc>
<status status="PASS" start="2024-07-15T10:16:43.796532" elapsed="0.000533"/>
</kw>
<kw name="Log" owner="BuiltIn">
<msg time="2024-07-15T10:16:43.797524" level="INFO">{'results': [{'gender': 'male', 'name': {'title': 'Mr', 'first': 'Andy', 'last': 'Long'}, 'location': {'street': {'number': 5102, 'name': 'Marsh Ln'}, 'city': 'Fontana', 'state': 'Arkansas', 'country': 'United States', 'postcode': 28001, 'coordinates': {'latitude': '84.2950', 'longitude': '-166.3599'}, 'timezone': {'offset': '+9:00', 'description': 'Tokyo, Seoul, Osaka, Sapporo, Yakutsk'}}, 'email': 'andy.long@example.com', 'login': {'uuid': '08e87513-65f1-48ff-93b0-34343144d204', 'username': 'sadbird311', 'password': 'captain', 'salt': 'xv8gF89w', 'md5': '8d2b77711df89a922d3632ee67a89d6a', 'sha1': '851095c86596929046ccf5d062a7d1f4c6363e0a', 'sha256': '91937cad045d77eb924582fe334c11e5394f72585f25cfa3f2e5720d41ff4e83'}, 'dob': {'date': '1960-11-11T22:10:17.965Z', 'age': 63}, 'registered': {'date': '2007-01-26T15:22:53.611Z', 'age': 17}, 'phone': '(302) 481-0292', 'cell': '(312) 213-5610', 'id': {'name': 'SSN', 'value': '731-48-1426'}, 'picture': {'large': 'https://randomuser.me/api/portraits/men/25.jpg', 'medium': 'https://randomuser.me/api/portraits/med/men/25.jpg', 'thumbnail': 'https://randomuser.me/api/portraits/thumb/men/25.jpg'}, 'nat': 'US'}], 'info': {'seed': '3fe3f20a24f4036a', 'results': 1, 'page': 1, 'version': '1.4'}}</msg>
<arg>${json_data}</arg>
<doc>Logs the given message with the given level.</doc>
<status status="PASS" start="2024-07-15T10:16:43.797367" elapsed="0.000205"/>
</kw>
<kw name="Should Be Equal As Numbers" owner="BuiltIn">
<arg>${json_data['results'][0]['location']['postcode']}</arg>
<arg>${json_data['results'][0]['location']['postcode']}</arg>
<doc>Fails if objects are unequal after converting them to real numbers.</doc>
<status status="PASS" start="2024-07-15T10:16:43.797858" elapsed="0.000651"/>
</kw>
<kw name="Log" owner="BuiltIn">
<msg time="2024-07-15T10:16:43.799204" level="INFO">28001</msg>
<arg>${json_data['results'][0]['location']['postcode']}</arg>
<doc>Logs the given message with the given level.</doc>
<status status="PASS" start="2024-07-15T10:16:43.798701" elapsed="0.000543"/>
</kw>
<status status="PASS" start="2024-07-15T10:16:43.697857" elapsed="0.101644"/>
</kw>
<doc>Testa se os tipos de dados na resposta da API estão corretos.</doc>
<tag>testeTiposDados</tag>
<status status="PASS" start="2024-07-15T10:16:43.609850" elapsed="0.189847"/>
</test>
<test id="s1-s1-t5" name="Validar conteudo" line="35">
<kw name="Teste de Tipos de Conteudo" owner="random-user-service">
<kw name="GET On Session" owner="RequestsLibrary">
<msg time="2024-07-15T10:16:43.900963" level="INFO">GET Request : url=https://randomuser.me/api 
 path_url=/api 
 headers={'User-Agent': 'python-requests/2.32.3', 'Accept-Encoding': 'gzip, deflate', 'Accept': '*/*', 'Connection': 'keep-alive'} 
 body=None 
 </msg>
<msg time="2024-07-15T10:16:43.901060" level="INFO">GET Response : url=https://randomuser.me/api 
 status=200, reason=OK 
 headers={'Date': 'Mon, 15 Jul 2024 10:16:43 GMT', 'Content-Type': 'application/json; charset=utf-8', 'Transfer-Encoding': 'chunked', 'Connection': 'keep-alive', 'X-Powered-By': 'Express', 'Access-Control-Allow-Origin': '*', 'Cache-Control': 'no-cache', 'ETag': 'W/"46c-Wi60VaoCNnSJkfBBVhzMp1X86mU"', 'Vary': 'Accept-Encoding', 'Content-Encoding': 'gzip', 'CF-Cache-Status': 'DYNAMIC', 'Report-To': '{"endpoints":[{"url":"https:\\/\\/a.nel.cloudflare.com\\/report\\/v4?s=IoNnZqQdbCuaucihFOLoacHb8Z43fxq8Z%2FZR3GelUGFRmBCLapTrlEMAagAZkEInvXMNA0aVsjPMoe596ODXWP4BLYCp%2BTMGglbcRf3PiMYcx%2FYQ5u3z7yMfpsoghUd9"}],"group":"cf-nel","max_age":604800}', 'NEL': '{"success_fraction":0,"report_to":"cf-nel","max_age":604800}', 'Server': 'cloudflare', 'CF-RAY': '8a38ffa9cacb7ff4-IAD', 'alt-svc': 'h3=":443"; ma=86400'} 
 body={"results":[{"gender":"male","name":{"title":"Mr","first":"Xavier","last":"Lee"},"location":{"street":{"number":175,"name":"Opoho Road"},"city":"Rotorua","state":"West Coast","country":"New Zealand","postcode":20727,"coordinates":{"latitude":"48.8046","longitude":"-158.9639"},"timezone":{"offset":"-12:00","description":"Eniwetok, Kwajalein"}},"email":"xavier.lee@example.com","login":{"uuid":"f6009bf1-90f7-489f-94b5-d05bb4f2003f","username":"sadfrog831","password":"cool","salt":"Kc8EIM8g","md5":"bf8bf80e23d8c3ac90b2340e9ec16aad","sha1":"1bdcbe363ee896cc7b6762d6ccb3a80257474214","sha256":"348ebb4c2842445899e05a6bd7bc080e692ba923d413bd14cfb3b07861b5818f"},"dob":{"date":"1947-04-16T20:31:55.809Z","age":77},"registered":{"date":"2009-07-18T17:20:43.217Z","age":14},"phone":"(729)-100-2985","cell":"(565)-226-8696","id":{"name":"","value":null},"picture":{"large":"https://randomuser.me/api/portraits/men/70.jpg","medium":"https://randomuser.me/api/portraits/med/men/70.jpg","thumbnail":"https://randomuser.me/api/portraits/thumb/men/70.jpg"},"nat":"NZ"}],"info":{"seed":"69852056282152db","results":1,"page":1,"version":"1.4"}} 
 </msg>
<msg time="2024-07-15T10:16:43.901130" level="INFO">/opt/hostedtoolcache/Python/3.12.4/x64/lib/python3.12/site-packages/urllib3/connectionpool.py:1099: InsecureRequestWarning: Unverified HTTPS request is being made to host 'randomuser.me'. Adding certificate verification is strongly advised. See: https://urllib3.readthedocs.io/en/latest/advanced-usage.html#tls-warnings
  warnings.warn(</msg>
<msg time="2024-07-15T10:16:43.901259" level="INFO">${response} = &lt;Response [200]&gt;</msg>
<var>${response}</var>
<arg>consultarAPI</arg>
<arg>/api</arg>
<doc>Sends a GET request on a previously created HTTP Session.</doc>
<status status="PASS" start="2024-07-15T10:16:43.802104" elapsed="0.099194"/>
</kw>
<kw name="Set Variable" owner="BuiltIn">
<msg time="2024-07-15T10:16:43.902483" level="INFO">${json_data} = {'results': [{'gender': 'male', 'name': {'title': 'Mr', 'first': 'Xavier', 'last': 'Lee'}, 'location': {'street': {'number': 175, 'name': 'Opoho Road'}, 'city': 'Rotorua', 'state': 'West Coast', 'coun...</msg>
<var>${json_data}</var>
<arg>${response.json()}</arg>
<doc>Returns the given values which can then be assigned to a variables.</doc>
<status status="PASS" start="2024-07-15T10:16:43.901898" elapsed="0.000619"/>
</kw>
<kw name="Set Variable" owner="BuiltIn">
<msg time="2024-07-15T10:16:43.903222" level="INFO">${name_title} = Mr</msg>
<var>${name_title}</var>
<arg>${json_data["results"][0]["name"]["title"]}</arg>
<doc>Returns the given values which can then be assigned to a variables.</doc>
<status status="PASS" start="2024-07-15T10:16:43.902829" elapsed="0.000420"/>
</kw>
<kw name="Create List" owner="BuiltIn">
<msg time="2024-07-15T10:16:43.903691" level="INFO">${allowed_titles} = ['Mr', 'Ms', 'Miss', 'Mrs', 'Madame', 'Monsieur']</msg>
<var>${allowed_titles}</var>
<arg>Mr</arg>
<arg>Ms</arg>
<arg>Miss</arg>
<arg>Mrs</arg>
<arg>Madame</arg>
<arg>Monsieur</arg>
<doc>Returns a list containing given items.</doc>
<status status="PASS" start="2024-07-15T10:16:43.903544" elapsed="0.000171"/>
</kw>
<kw name="List Should Contain Value" owner="Collections">
<arg>${allowed_titles}</arg>
<arg>${name_title}</arg>
<doc>Fails if the ``value`` is not found from ``list``.</doc>
<status status="PASS" start="2024-07-15T10:16:43.904014" elapsed="0.000196"/>
</kw>
<kw name="Set Variable" owner="BuiltIn">
<msg time="2024-07-15T10:16:43.904892" level="INFO">${name_country} = NZ</msg>
<var>${name_country}</var>
<arg>${json_data["results"][0]["nat"]}</arg>
<doc>Returns the given values which can then be assigned to a variables.</doc>
<status status="PASS" start="2024-07-15T10:16:43.904482" elapsed="0.000435"/>
</kw>
<kw name="Create List" owner="BuiltIn">
<msg time="2024-07-15T10:16:43.905803" level="INFO">${list_country} = ['AD', 'AE', 'AF', 'AG', 'AI', 'AL', 'AM', 'AO', 'AQ', 'AR', 'AS', 'AT', 'AU', 'AW', 'AX', 'AZ', 'BA', 'BB', 'BD', 'BE', 'BF', 'BG', 'BH', 'BI', 'BJ', 'BL', 'BM', 'BN', 'BO', 'BQ', 'BR', 'BS', 'BT', '...</msg>
<var>${list_country}</var>
<arg>AD</arg>
<arg>AE</arg>
<arg>AF</arg>
<arg>AG</arg>
<arg>AI</arg>
<arg>AL</arg>
<arg>AM</arg>
<arg>AO</arg>
<arg>AQ</arg>
<arg>AR</arg>
<arg>AS</arg>
<arg>AT</arg>
<arg>AU</arg>
<arg>AW</arg>
<arg>AX</arg>
<arg>AZ</arg>
<arg>BA</arg>
<arg>BB</arg>
<arg>BD</arg>
<arg>BE</arg>
<arg>BF</arg>
<arg>BG</arg>
<arg>BH</arg>
<arg>BI</arg>
<arg>BJ</arg>
<arg>BL</arg>
<arg>BM</arg>
<arg>BN</arg>
<arg>BO</arg>
<arg>BQ</arg>
<arg>BR</arg>
<arg>BS</arg>
<arg>BT</arg>
<arg>BV</arg>
<arg>BW</arg>
<arg>BY</arg>
<arg>BZ</arg>
<arg>CA</arg>
<arg>CC</arg>
<arg>CD</arg>
<arg>CF</arg>
<arg>CG</arg>
<arg>CH</arg>
<arg>CI</arg>
<arg>CK</arg>
<arg>CL</arg>
<arg>CM</arg>
<arg>CN</arg>
<arg>CO</arg>
<arg>CR</arg>
<arg>CU</arg>
<arg>CV</arg>
<arg>CW</arg>
<arg>CX</arg>
<arg>CY</arg>
<arg>CZ</arg>
<arg>DE</arg>
<arg>DJ</arg>
<arg>DK</arg>
<arg>DM</arg>
<arg>DO</arg>
<arg>DZ</arg>
<arg>EC</arg>
<arg>EE</arg>
<arg>EG</arg>
<arg>EH</arg>
<arg>ER</arg>
<arg>ES</arg>
<arg>ET</arg>
<arg>FI</arg>
<arg>FJ</arg>
<arg>FK</arg>
<arg>FM</arg>
<arg>FO</arg>
<arg>FR</arg>
<arg>GA</arg>
<arg>GB</arg>
<arg>GD</arg>
<arg>GE</arg>
<arg>GF</arg>
<arg>GG</arg>
<arg>GH</arg>
<arg>GI</arg>
<arg>GL</arg>
<arg>GM</arg>
<arg>GN</arg>
<arg>GP</arg>
<arg>GQ</arg>
<arg>GR</arg>
<arg>GS</arg>
<arg>GT</arg>
<arg>GU</arg>
<arg>GW</arg>
<arg>GY</arg>
<arg>HK</arg>
<arg>HM</arg>
<arg>HN</arg>
<arg>HR</arg>
<arg>HT</arg>
<arg>HU</arg>
<arg>ID</arg>
<arg>IE</arg>
<arg>IL</arg>
<arg>IM</arg>
<arg>IN</arg>
<arg>IO</arg>
<arg>IQ</arg>
<arg>IR</arg>
<arg>IS</arg>
<arg>IT</arg>
<arg>JE</arg>
<arg>JM</arg>
<arg>JO</arg>
<arg>JP</arg>
<arg>KE</arg>
<arg>KG</arg>
<arg>KH</arg>
<arg>KI</arg>
<arg>KM</arg>
<arg>KN</arg>
<arg>KP</arg>
<arg>KR</arg>
<arg>KW</arg>
<arg>KY</arg>
<arg>KZ</arg>
<arg>LA</arg>
<arg>LB</arg>
<arg>LC</arg>
<arg>LI</arg>
<arg>LK</arg>
<arg>LR</arg>
<arg>LS</arg>
<arg>LT</arg>
<arg>LU</arg>
<arg>LV</arg>
<arg>LY</arg>
<arg>MA</arg>
<arg>MC</arg>
<arg>MD</arg>
<arg>ME</arg>
<arg>MF</arg>
<arg>MG</arg>
<arg>MH</arg>
<arg>MK</arg>
<arg>ML</arg>
<arg>MM</arg>
<arg>MN</arg>
<arg>MO</arg>
<arg>MP</arg>
<arg>MQ</arg>
<arg>MR</arg>
<arg>MS</arg>
<arg>MT</arg>
<arg>MU</arg>
<arg>MV</arg>
<arg>MW</arg>
<arg>MX</arg>
<arg>MY</arg>
<arg>MZ</arg>
<arg>NA</arg>
<arg>NC</arg>
<arg>NE</arg>
<arg>NF</arg>
<arg>NG</arg>
<arg>NI</arg>
<arg>NL</arg>
<arg>NO</arg>
<arg>NP</arg>
<arg>NR</arg>
<arg>NU</arg>
<arg>NZ</arg>
<arg>OM</arg>
<arg>PA</arg>
<arg>PE</arg>
<arg>PF</arg>
<arg>PG</arg>
<arg>PH</arg>
<arg>PK</arg>
<arg>PL</arg>
<arg>PM</arg>
<arg>PN</arg>
<arg>PR</arg>
<arg>PS</arg>
<arg>PT</arg>
<arg>PW</arg>
<arg>PY</arg>
<arg>QA</arg>
<arg>RE</arg>
<arg>RO</arg>
<arg>RS</arg>
<arg>RU</arg>
<arg>RW</arg>
<arg>SA</arg>
<arg>SB</arg>
<arg>SC</arg>
<arg>SD</arg>
<arg>SE</arg>
<arg>SG</arg>
<arg>SH</arg>
<arg>SI</arg>
<arg>SJ</arg>
<arg>SK</arg>
<arg>SL</arg>
<arg>SM</arg>
<arg>SN</arg>
<arg>SO</arg>
<arg>SR</arg>
<arg>SS</arg>
<arg>ST</arg>
<arg>SV</arg>
<arg>SX</arg>
<arg>SY</arg>
<arg>SZ</arg>
<arg>TC</arg>
<arg>TD</arg>
<arg>TF</arg>
<arg>TG</arg>
<arg>TH</arg>
<arg>TJ</arg>
<arg>TK</arg>
<arg>TL</arg>
<arg>TM</arg>
<arg>TN</arg>
<arg>TO</arg>
<arg>TR</arg>
<arg>TT</arg>
<arg>TV</arg>
<arg>TW</arg>
<arg>TZ</arg>
<arg>UA</arg>
<arg>UG</arg>
<arg>UM</arg>
<arg>US</arg>
<arg>UY</arg>
<arg>UZ</arg>
<arg>VA</arg>
<arg>VC</arg>
<arg>VE</arg>
<arg>VG</arg>
<arg>VI</arg>
<arg>VN</arg>
<arg>VU</arg>
<arg>WF</arg>
<arg>WS</arg>
<arg>XK</arg>
<arg>YE</arg>
<arg>YT</arg>
<arg>ZA</arg>
<arg>ZM</arg>
<arg>ZW</arg>
<doc>Returns a list containing given items.</doc>
<status status="PASS" start="2024-07-15T10:16:43.905209" elapsed="0.000620"/>
</kw>
<kw name="List Should Contain Value" owner="Collections">
<arg>${list_country}</arg>
<arg>${name_country}</arg>
<doc>Fails if the ``value`` is not found from ``list``.</doc>
<status status="PASS" start="2024-07-15T10:16:43.906653" elapsed="0.000210"/>
</kw>
<kw name="Run Keyword If" owner="BuiltIn">
<kw name="Should Be True" owner="BuiltIn">
<arg>${True}</arg>
<doc>Fails if the given condition is not true.</doc>
<status status="PASS" start="2024-07-15T10:16:43.907790" elapsed="0.000140"/>
</kw>
<arg>${json_data["results"][0]["location"]["coordinates"]["latitude"]} &gt;= -90 and ${json_data["results"][0]["location"]["coordinates"]["latitude"]} &lt;= 90</arg>
<arg>Should Be True</arg>
<arg>${True}</arg>
<doc>Runs the given keyword with the given arguments, if ``condition`` is true.</doc>
<status status="PASS" start="2024-07-15T10:16:43.907061" elapsed="0.000994"/>
</kw>
<kw name="Run Keyword If" owner="BuiltIn">
<kw name="Should Be True" owner="BuiltIn">
<arg>${True}</arg>
<doc>Fails if the given condition is not true.</doc>
<status status="PASS" start="2024-07-15T10:16:43.908927" elapsed="0.000249"/>
</kw>
<arg>${json_data["results"][0]["location"]["coordinates"]["longitude"]} &gt;= -180 and ${json_data["results"][0]["location"]["coordinates"]["longitude"]} &lt;= 180</arg>
<arg>Should Be True</arg>
<arg>${True}</arg>
<doc>Runs the given keyword with the given arguments, if ``condition`` is true.</doc>
<status status="PASS" start="2024-07-15T10:16:43.908234" elapsed="0.001072"/>
</kw>
<status status="PASS" start="2024-07-15T10:16:43.801886" elapsed="0.107551"/>
</kw>
<doc>Testa o conteúdo específico dos campos retornados pela API.</doc>
<tag>testeConteudo</tag>
<status status="PASS" start="2024-07-15T10:16:43.801430" elapsed="0.108181"/>
</test>
<status status="PASS" start="2024-07-15T10:16:42.964845" elapsed="0.946811"/>
</suite>
<status status="PASS" start="2024-07-15T10:16:42.950393" elapsed="0.966468"/>
</suite>
<statistics>
<total>
<stat pass="5" fail="0" skip="0">All Tests</stat>
</total>
<tag>
<stat pass="1" fail="0" skip="0">testeConteudo</stat>
<stat pass="1" fail="0" skip="0">testeEstruturaResposta</stat>
<stat pass="1" fail="0" skip="0">testeRequisicaoBasica</stat>
<stat pass="1" fail="0" skip="0">testeTiposDados</stat>
</tag>
<suite>
<stat pass="5" fail="0" skip="0" id="s1" name="Tests">Tests</stat>
<stat pass="5" fail="0" skip="0" id="s1-s1" name="Random-User-Test">Tests.Random-User-Test</stat>
</suite>
</statistics>
<errors>
</errors>
</robot>
