<?xml version="1.0" encoding="UTF-8"?>
<robot generator="Robot 7.0.1 (Python 3.12.4 on linux)" generated="2024-07-13T10:14:45.685079" rpa="false" schemaversion="5">
<suite id="s1" name="Tests" source="/home/runner/work/ApiRandomUser/ApiRandomUser/RamdonUser/tests">
<suite id="s1-s1" name="Random-User-Test" source="/home/runner/work/ApiRandomUser/ApiRandomUser/RamdonUser/tests/random-user-test.robot">
<test id="s1-s1-t1" name="Conectar" line="13">
<kw name="Conectar API" owner="random-user-service">
<kw name="Create Session" owner="RequestsLibrary">
<msg time="2024-07-13T10:14:46.101092" level="INFO">Creating Session using : alias=consultarAPI, url=https://randomuser.me/, headers={},                     cookies={}, auth=None, timeout=None, proxies=None, verify=False,                     debug=0 </msg>
<arg>consultarAPI</arg>
<arg>${URL}</arg>
<doc>Create Session: create a HTTP session to a server</doc>
<status status="PASS" start="2024-07-13T10:14:46.100894" elapsed="0.000373"/>
</kw>
<status status="PASS" start="2024-07-13T10:14:46.099932" elapsed="0.001683"/>
</kw>
<status status="PASS" start="2024-07-13T10:14:46.099339" elapsed="0.002467"/>
</test>
<test id="s1-s1-t2" name="Validar retorno 200 e JSON Válido" line="16">
<kw name="Teste de Requisicao Basica" owner="random-user-service">
<kw name="GET On Session" owner="RequestsLibrary">
<msg time="2024-07-13T10:14:46.189347" level="INFO">GET Request : url=https://randomuser.me/api 
 path_url=/api 
 headers={'User-Agent': 'python-requests/2.32.3', 'Accept-Encoding': 'gzip, deflate', 'Accept': '*/*', 'Connection': 'keep-alive'} 
 body=None 
 </msg>
<msg time="2024-07-13T10:14:46.189471" level="INFO">GET Response : url=https://randomuser.me/api 
 status=200, reason=OK 
 headers={'Date': 'Sat, 13 Jul 2024 10:14:46 GMT', 'Content-Type': 'application/json; charset=utf-8', 'Transfer-Encoding': 'chunked', 'Connection': 'keep-alive', 'X-Powered-By': 'Express', 'Access-Control-Allow-Origin': '*', 'Cache-Control': 'no-cache', 'ETag': 'W/"488-ws5U/ZLL1ogG2rRJZUOVGg2ea5g"', 'Vary': 'Accept-Encoding', 'Content-Encoding': 'gzip', 'CF-Cache-Status': 'DYNAMIC', 'Report-To': '{"endpoints":[{"url":"https:\\/\\/a.nel.cloudflare.com\\/report\\/v4?s=BvdLEyvTk5sEu6e8yRSv5Ue2U4dv5rL0gaaUV7ZJ7RDNhzV6QLSBfs7KrhLWdVU0nP2sd11Oh3eTm4V0gB1pJ646HSUBnszsyyWsSJxgvcEZD47wQsd6IBsgVz5BYNAq"}],"group":"cf-nel","max_age":604800}', 'NEL': '{"success_fraction":0,"report_to":"cf-nel","max_age":604800}', 'Server': 'cloudflare', 'CF-RAY': '8a28820a7a6d062b-IAD', 'alt-svc': 'h3=":443"; ma=86400'} 
 body={"results":[{"gender":"male","name":{"title":"Mr","first":"Levi","last":"Clarke"},"location":{"street":{"number":5456,"name":"North Street"},"city":"Masterton","state":"Hawke'S Bay","country":"New Zealand","postcode":22123,"coordinates":{"latitude":"48.0882","longitude":"-112.9160"},"timezone":{"offset":"+10:00","description":"Eastern Australia, Guam, Vladivostok"}},"email":"levi.clarke@example.com","login":{"uuid":"91e89742-7bc6-4b6e-a0e0-0db532f8791c","username":"whitebird111","password":"505050","salt":"ETVyTz6i","md5":"477f64797c211f5310c8f965f1239479","sha1":"586d3e9326fda589bc8e481f05a7f93622e39078","sha256":"ba3e368ff31d235911a2b53add1902103638bf68ef3963c714d5ddd97908614a"},"dob":{"date":"1993-11-09T05:47:56.066Z","age":30},"registered":{"date":"2017-02-14T21:56:23.391Z","age":7},"phone":"(219)-545-0889","cell":"(193)-540-8257","id":{"name":"","value":null},"picture":{"large":"https://randomuser.me/api/portraits/men/33.jpg","medium":"https://randomuser.me/api/portraits/med/men/33.jpg","thumbnail":"https://randomuser.me/api/portraits/thumb/men/33.jpg"},"nat":"NZ"}],"info":{"seed":"35e09787f95a79ce","results":1,"page":1,"version":"1.4"}} 
 </msg>
<msg time="2024-07-13T10:14:46.189556" level="INFO">/opt/hostedtoolcache/Python/3.12.4/x64/lib/python3.12/site-packages/urllib3/connectionpool.py:1099: InsecureRequestWarning: Unverified HTTPS request is being made to host 'randomuser.me'. Adding certificate verification is strongly advised. See: https://urllib3.readthedocs.io/en/latest/advanced-usage.html#tls-warnings
  warnings.warn(</msg>
<msg time="2024-07-13T10:14:46.189715" level="INFO">${response} = &lt;Response [200]&gt;</msg>
<var>${response}</var>
<arg>consultarAPI</arg>
<arg>/api</arg>
<doc>Sends a GET request on a previously created HTTP Session.</doc>
<status status="PASS" start="2024-07-13T10:14:46.104509" elapsed="0.085261"/>
</kw>
<kw name="Should Be Equal As Numbers" owner="BuiltIn">
<msg time="2024-07-13T10:14:46.190570" level="INFO">Argument types are:
&lt;class 'int'&gt;
&lt;class 'str'&gt;</msg>
<arg>${response.status_code}</arg>
<arg>200</arg>
<doc>Fails if objects are unequal after converting them to real numbers.</doc>
<status status="PASS" start="2024-07-13T10:14:46.190158" elapsed="0.000475"/>
</kw>
<kw name="Log" owner="BuiltIn">
<msg time="2024-07-13T10:14:46.191346" level="INFO">200</msg>
<arg>${response.status_code}</arg>
<doc>Logs the given message with the given level.</doc>
<status status="PASS" start="2024-07-13T10:14:46.190993" elapsed="0.000396"/>
</kw>
<kw name="Set Variable" owner="BuiltIn">
<msg time="2024-07-13T10:14:46.192128" level="INFO">${json_data} = {'results': [{'gender': 'male', 'name': {'title': 'Mr', 'first': 'Levi', 'last': 'Clarke'}, 'location': {'street': {'number': 5456, 'name': 'North Street'}, 'city': 'Masterton', 'state': "Hawke'S Bay"...</msg>
<var>${json_data}</var>
<arg>${response.json()}</arg>
<doc>Returns the given values which can then be assigned to a variables.</doc>
<status status="PASS" start="2024-07-13T10:14:46.191693" elapsed="0.000464"/>
</kw>
<kw name="Dictionary Should Contain Key" owner="Collections">
<arg>${json_data}</arg>
<arg>results</arg>
<doc>Fails if ``key`` is not found from ``dictionary``.</doc>
<status status="PASS" start="2024-07-13T10:14:46.192455" elapsed="0.000159"/>
</kw>
<status status="PASS" start="2024-07-13T10:14:46.104265" elapsed="0.088491"/>
</kw>
<doc>Testa se a API responde corretamente e retorna um objeto JSON válido.</doc>
<tag>testeRequisicaoBasica</tag>
<status status="PASS" start="2024-07-13T10:14:46.103757" elapsed="0.089164"/>
</test>
<test id="s1-s1-t3" name="Validar estrutura de resposta" line="22">
<kw name="Teste de Estrutura de Resposta" owner="random-user-service">
<kw name="GET On Session" owner="RequestsLibrary">
<msg time="2024-07-13T10:14:46.285890" level="INFO">GET Request : url=https://randomuser.me/api 
 path_url=/api 
 headers={'User-Agent': 'python-requests/2.32.3', 'Accept-Encoding': 'gzip, deflate', 'Accept': '*/*', 'Connection': 'keep-alive'} 
 body=None 
 </msg>
<msg time="2024-07-13T10:14:46.285989" level="INFO">GET Response : url=https://randomuser.me/api 
 status=200, reason=OK 
 headers={'Date': 'Sat, 13 Jul 2024 10:14:46 GMT', 'Content-Type': 'application/json; charset=utf-8', 'Transfer-Encoding': 'chunked', 'Connection': 'keep-alive', 'X-Powered-By': 'Express', 'Access-Control-Allow-Origin': '*', 'Cache-Control': 'no-cache', 'ETag': 'W/"483-CGFz6nvhleyuDFFxX0vtuw9+xws"', 'Vary': 'Accept-Encoding', 'Content-Encoding': 'gzip', 'CF-Cache-Status': 'DYNAMIC', 'Report-To': '{"endpoints":[{"url":"https:\\/\\/a.nel.cloudflare.com\\/report\\/v4?s=dDQHQTVl4WTBUe8v1wow7bxY3hXKfPEtXH89aGYXA1I8Nkqeu14VRJR6FX%2Fr4f8FOahrvpCtZWOxDRwdamnyWIMpmLeetVeRf4EIlCAFrnczcwieTxDKCwT9u6N2PzcF"}],"group":"cf-nel","max_age":604800}', 'NEL': '{"success_fraction":0,"report_to":"cf-nel","max_age":604800}', 'Server': 'cloudflare', 'CF-RAY': '8a28820aba94062b-IAD', 'alt-svc': 'h3=":443"; ma=86400'} 
 body={"results":[{"gender":"male","name":{"title":"Mr","first":"Laszlo","last":"Schwan"},"location":{"street":{"number":7536,"name":"Am Bahnhof"},"city":"Wilsdruff","state":"Niedersachsen","country":"Germany","postcode":66873,"coordinates":{"latitude":"-54.0993","longitude":"-166.6225"},"timezone":{"offset":"+6:00","description":"Almaty, Dhaka, Colombo"}},"email":"laszlo.schwan@example.com","login":{"uuid":"9ccc0f8a-c250-4181-9ba3-0b9bb316aa46","username":"redduck134","password":"ping","salt":"VivahFew","md5":"1f8ad0aa5da3eeb671ca3dfcd8253708","sha1":"c3151b91aa9cfbfb61126ecb046282a9a7cbca6f","sha256":"a0667730afc799f161d52b8b05c57119817b7350b48d67eb1e6a1c35f8ded423"},"dob":{"date":"1985-06-17T05:36:52.496Z","age":39},"registered":{"date":"2014-09-06T05:54:40.709Z","age":9},"phone":"0621-4662310","cell":"0175-9289912","id":{"name":"SVNR","value":"77 170685 S 419"},"picture":{"large":"https://randomuser.me/api/portraits/men/69.jpg","medium":"https://randomuser.me/api/portraits/med/men/69.jpg","thumbnail":"https://randomuser.me/api/portraits/thumb/men/69.jpg"},"nat":"DE"}],"info":{"seed":"4f6d4d4028278e6c","results":1,"page":1,"version":"1.4"}} 
 </msg>
<msg time="2024-07-13T10:14:46.286125" level="INFO">/opt/hostedtoolcache/Python/3.12.4/x64/lib/python3.12/site-packages/urllib3/connectionpool.py:1099: InsecureRequestWarning: Unverified HTTPS request is being made to host 'randomuser.me'. Adding certificate verification is strongly advised. See: https://urllib3.readthedocs.io/en/latest/advanced-usage.html#tls-warnings
  warnings.warn(</msg>
<msg time="2024-07-13T10:14:46.286275" level="INFO">${response} = &lt;Response [200]&gt;</msg>
<var>${response}</var>
<arg>consultarAPI</arg>
<arg>/api</arg>
<doc>Sends a GET request on a previously created HTTP Session.</doc>
<status status="PASS" start="2024-07-13T10:14:46.195542" elapsed="0.090785"/>
</kw>
<kw name="Set Variable" owner="BuiltIn">
<msg time="2024-07-13T10:14:46.287364" level="INFO">${json_data} = {'results': [{'gender': 'male', 'name': {'title': 'Mr', 'first': 'Laszlo', 'last': 'Schwan'}, 'location': {'street': {'number': 7536, 'name': 'Am Bahnhof'}, 'city': 'Wilsdruff', 'state': 'Niedersachse...</msg>
<var>${json_data}</var>
<arg>${response.json()}</arg>
<doc>Returns the given values which can then be assigned to a variables.</doc>
<status status="PASS" start="2024-07-13T10:14:46.286881" elapsed="0.000512"/>
</kw>
<kw name="Log" owner="BuiltIn">
<msg time="2024-07-13T10:14:46.287879" level="INFO">{'results': [{'gender': 'male', 'name': {'title': 'Mr', 'first': 'Laszlo', 'last': 'Schwan'}, 'location': {'street': {'number': 7536, 'name': 'Am Bahnhof'}, 'city': 'Wilsdruff', 'state': 'Niedersachsen', 'country': 'Germany', 'postcode': 66873, 'coordinates': {'latitude': '-54.0993', 'longitude': '-166.6225'}, 'timezone': {'offset': '+6:00', 'description': 'Almaty, Dhaka, Colombo'}}, 'email': 'laszlo.schwan@example.com', 'login': {'uuid': '9ccc0f8a-c250-4181-9ba3-0b9bb316aa46', 'username': 'redduck134', 'password': 'ping', 'salt': 'VivahFew', 'md5': '1f8ad0aa5da3eeb671ca3dfcd8253708', 'sha1': 'c3151b91aa9cfbfb61126ecb046282a9a7cbca6f', 'sha256': 'a0667730afc799f161d52b8b05c57119817b7350b48d67eb1e6a1c35f8ded423'}, 'dob': {'date': '1985-06-17T05:36:52.496Z', 'age': 39}, 'registered': {'date': '2014-09-06T05:54:40.709Z', 'age': 9}, 'phone': '0621-4662310', 'cell': '0175-9289912', 'id': {'name': 'SVNR', 'value': '77 170685 S 419'}, 'picture': {'large': 'https://randomuser.me/api/portraits/men/69.jpg', 'medium': 'https://randomuser.me/api/portraits/med/men/69.jpg', 'thumbnail': 'https://randomuser.me/api/portraits/thumb/men/69.jpg'}, 'nat': 'DE'}], 'info': {'seed': '4f6d4d4028278e6c', 'results': 1, 'page': 1, 'version': '1.4'}}</msg>
<arg>${json_data}</arg>
<doc>Logs the given message with the given level.</doc>
<status status="PASS" start="2024-07-13T10:14:46.287718" elapsed="0.000211"/>
</kw>
<kw name="Dictionary Should Contain Key" owner="Collections">
<arg>${json_data}</arg>
<arg>results</arg>
<doc>Fails if ``key`` is not found from ``dictionary``.</doc>
<status status="PASS" start="2024-07-13T10:14:46.288225" elapsed="0.000160"/>
</kw>
<kw name="Should Not Be Empty" owner="BuiltIn">
<msg time="2024-07-13T10:14:46.288704" level="INFO">Length is 2.</msg>
<arg>${json_data}</arg>
<doc>Verifies that the given item is not empty.</doc>
<status status="PASS" start="2024-07-13T10:14:46.288571" elapsed="0.000173"/>
</kw>
<kw name="Create List" owner="BuiltIn">
<msg time="2024-07-13T10:14:46.289326" level="INFO">${expected_keys} = ['gender', 'name', 'location', 'email', 'login']</msg>
<var>${expected_keys}</var>
<arg>gender</arg>
<arg>name</arg>
<arg>location</arg>
<arg>email</arg>
<arg>login</arg>
<doc>Returns a list containing given items.</doc>
<status status="PASS" start="2024-07-13T10:14:46.289038" elapsed="0.000314"/>
</kw>
<for flavor="IN">
<iter>
<kw name="Dictionary Should Contain Key" owner="Collections">
<arg>${json_data['results'][0]}</arg>
<arg>${key}</arg>
<doc>Fails if ``key`` is not found from ``dictionary``.</doc>
<status status="PASS" start="2024-07-13T10:14:46.289932" elapsed="0.000410"/>
</kw>
<kw name="Log" owner="BuiltIn">
<msg time="2024-07-13T10:14:46.290930" level="INFO">{'gender': 'male', 'name': {'title': 'Mr', 'first': 'Laszlo', 'last': 'Schwan'}, 'location': {'street': {'number': 7536, 'name': 'Am Bahnhof'}, 'city': 'Wilsdruff', 'state': 'Niedersachsen', 'country': 'Germany', 'postcode': 66873, 'coordinates': {'latitude': '-54.0993', 'longitude': '-166.6225'}, 'timezone': {'offset': '+6:00', 'description': 'Almaty, Dhaka, Colombo'}}, 'email': 'laszlo.schwan@example.com', 'login': {'uuid': '9ccc0f8a-c250-4181-9ba3-0b9bb316aa46', 'username': 'redduck134', 'password': 'ping', 'salt': 'VivahFew', 'md5': '1f8ad0aa5da3eeb671ca3dfcd8253708', 'sha1': 'c3151b91aa9cfbfb61126ecb046282a9a7cbca6f', 'sha256': 'a0667730afc799f161d52b8b05c57119817b7350b48d67eb1e6a1c35f8ded423'}, 'dob': {'date': '1985-06-17T05:36:52.496Z', 'age': 39}, 'registered': {'date': '2014-09-06T05:54:40.709Z', 'age': 9}, 'phone': '0621-4662310', 'cell': '0175-9289912', 'id': {'name': 'SVNR', 'value': '77 170685 S 419'}, 'picture': {'large': 'https://randomuser.me/api/portraits/men/69.jpg', 'medium': 'https://randomuser.me/api/portraits/med/men/69.jpg', 'thumbnail': 'https://randomuser.me/api/portraits/thumb/men/69.jpg'}, 'nat': 'DE'}</msg>
<arg>${json_data['results'][0]}</arg>
<doc>Logs the given message with the given level.</doc>
<status status="PASS" start="2024-07-13T10:14:46.290531" elapsed="0.000450"/>
</kw>
<kw name="Log" owner="BuiltIn">
<msg time="2024-07-13T10:14:46.291417" level="INFO">gender</msg>
<arg>${key}</arg>
<doc>Logs the given message with the given level.</doc>
<status status="PASS" start="2024-07-13T10:14:46.291287" elapsed="0.000167"/>
</kw>
<var name="${key}">gender</var>
<status status="PASS" start="2024-07-13T10:14:46.289806" elapsed="0.001865"/>
</iter>
<iter>
<kw name="Dictionary Should Contain Key" owner="Collections">
<arg>${json_data['results'][0]}</arg>
<arg>${key}</arg>
<doc>Fails if ``key`` is not found from ``dictionary``.</doc>
<status status="PASS" start="2024-07-13T10:14:46.291969" elapsed="0.000391"/>
</kw>
<kw name="Log" owner="BuiltIn">
<msg time="2024-07-13T10:14:46.292937" level="INFO">{'gender': 'male', 'name': {'title': 'Mr', 'first': 'Laszlo', 'last': 'Schwan'}, 'location': {'street': {'number': 7536, 'name': 'Am Bahnhof'}, 'city': 'Wilsdruff', 'state': 'Niedersachsen', 'country': 'Germany', 'postcode': 66873, 'coordinates': {'latitude': '-54.0993', 'longitude': '-166.6225'}, 'timezone': {'offset': '+6:00', 'description': 'Almaty, Dhaka, Colombo'}}, 'email': 'laszlo.schwan@example.com', 'login': {'uuid': '9ccc0f8a-c250-4181-9ba3-0b9bb316aa46', 'username': 'redduck134', 'password': 'ping', 'salt': 'VivahFew', 'md5': '1f8ad0aa5da3eeb671ca3dfcd8253708', 'sha1': 'c3151b91aa9cfbfb61126ecb046282a9a7cbca6f', 'sha256': 'a0667730afc799f161d52b8b05c57119817b7350b48d67eb1e6a1c35f8ded423'}, 'dob': {'date': '1985-06-17T05:36:52.496Z', 'age': 39}, 'registered': {'date': '2014-09-06T05:54:40.709Z', 'age': 9}, 'phone': '0621-4662310', 'cell': '0175-9289912', 'id': {'name': 'SVNR', 'value': '77 170685 S 419'}, 'picture': {'large': 'https://randomuser.me/api/portraits/men/69.jpg', 'medium': 'https://randomuser.me/api/portraits/med/men/69.jpg', 'thumbnail': 'https://randomuser.me/api/portraits/thumb/men/69.jpg'}, 'nat': 'DE'}</msg>
<arg>${json_data['results'][0]}</arg>
<doc>Logs the given message with the given level.</doc>
<status status="PASS" start="2024-07-13T10:14:46.292542" elapsed="0.000505"/>
</kw>
<kw name="Log" owner="BuiltIn">
<msg time="2024-07-13T10:14:46.293725" level="INFO">name</msg>
<arg>${key}</arg>
<doc>Logs the given message with the given level.</doc>
<status status="PASS" start="2024-07-13T10:14:46.293492" elapsed="0.000298"/>
</kw>
<var name="${key}">name</var>
<status status="PASS" start="2024-07-13T10:14:46.291857" elapsed="0.002285"/>
</iter>
<iter>
<kw name="Dictionary Should Contain Key" owner="Collections">
<arg>${json_data['results'][0]}</arg>
<arg>${key}</arg>
<doc>Fails if ``key`` is not found from ``dictionary``.</doc>
<status status="PASS" start="2024-07-13T10:14:46.294622" elapsed="0.000623"/>
</kw>
<kw name="Log" owner="BuiltIn">
<msg time="2024-07-13T10:14:46.296110" level="INFO">{'gender': 'male', 'name': {'title': 'Mr', 'first': 'Laszlo', 'last': 'Schwan'}, 'location': {'street': {'number': 7536, 'name': 'Am Bahnhof'}, 'city': 'Wilsdruff', 'state': 'Niedersachsen', 'country': 'Germany', 'postcode': 66873, 'coordinates': {'latitude': '-54.0993', 'longitude': '-166.6225'}, 'timezone': {'offset': '+6:00', 'description': 'Almaty, Dhaka, Colombo'}}, 'email': 'laszlo.schwan@example.com', 'login': {'uuid': '9ccc0f8a-c250-4181-9ba3-0b9bb316aa46', 'username': 'redduck134', 'password': 'ping', 'salt': 'VivahFew', 'md5': '1f8ad0aa5da3eeb671ca3dfcd8253708', 'sha1': 'c3151b91aa9cfbfb61126ecb046282a9a7cbca6f', 'sha256': 'a0667730afc799f161d52b8b05c57119817b7350b48d67eb1e6a1c35f8ded423'}, 'dob': {'date': '1985-06-17T05:36:52.496Z', 'age': 39}, 'registered': {'date': '2014-09-06T05:54:40.709Z', 'age': 9}, 'phone': '0621-4662310', 'cell': '0175-9289912', 'id': {'name': 'SVNR', 'value': '77 170685 S 419'}, 'picture': {'large': 'https://randomuser.me/api/portraits/men/69.jpg', 'medium': 'https://randomuser.me/api/portraits/med/men/69.jpg', 'thumbnail': 'https://randomuser.me/api/portraits/thumb/men/69.jpg'}, 'nat': 'DE'}</msg>
<arg>${json_data['results'][0]}</arg>
<doc>Logs the given message with the given level.</doc>
<status status="PASS" start="2024-07-13T10:14:46.295524" elapsed="0.000668"/>
</kw>
<kw name="Log" owner="BuiltIn">
<msg time="2024-07-13T10:14:46.296840" level="INFO">location</msg>
<arg>${key}</arg>
<doc>Logs the given message with the given level.</doc>
<status status="PASS" start="2024-07-13T10:14:46.296642" elapsed="0.000263"/>
</kw>
<var name="${key}">location</var>
<status status="PASS" start="2024-07-13T10:14:46.294450" elapsed="0.002798"/>
</iter>
<iter>
<kw name="Dictionary Should Contain Key" owner="Collections">
<arg>${json_data['results'][0]}</arg>
<arg>${key}</arg>
<doc>Fails if ``key`` is not found from ``dictionary``.</doc>
<status status="PASS" start="2024-07-13T10:14:46.297549" elapsed="0.000403"/>
</kw>
<kw name="Log" owner="BuiltIn">
<msg time="2024-07-13T10:14:46.298499" level="INFO">{'gender': 'male', 'name': {'title': 'Mr', 'first': 'Laszlo', 'last': 'Schwan'}, 'location': {'street': {'number': 7536, 'name': 'Am Bahnhof'}, 'city': 'Wilsdruff', 'state': 'Niedersachsen', 'country': 'Germany', 'postcode': 66873, 'coordinates': {'latitude': '-54.0993', 'longitude': '-166.6225'}, 'timezone': {'offset': '+6:00', 'description': 'Almaty, Dhaka, Colombo'}}, 'email': 'laszlo.schwan@example.com', 'login': {'uuid': '9ccc0f8a-c250-4181-9ba3-0b9bb316aa46', 'username': 'redduck134', 'password': 'ping', 'salt': 'VivahFew', 'md5': '1f8ad0aa5da3eeb671ca3dfcd8253708', 'sha1': 'c3151b91aa9cfbfb61126ecb046282a9a7cbca6f', 'sha256': 'a0667730afc799f161d52b8b05c57119817b7350b48d67eb1e6a1c35f8ded423'}, 'dob': {'date': '1985-06-17T05:36:52.496Z', 'age': 39}, 'registered': {'date': '2014-09-06T05:54:40.709Z', 'age': 9}, 'phone': '0621-4662310', 'cell': '0175-9289912', 'id': {'name': 'SVNR', 'value': '77 170685 S 419'}, 'picture': {'large': 'https://randomuser.me/api/portraits/men/69.jpg', 'medium': 'https://randomuser.me/api/portraits/med/men/69.jpg', 'thumbnail': 'https://randomuser.me/api/portraits/thumb/men/69.jpg'}, 'nat': 'DE'}</msg>
<arg>${json_data['results'][0]}</arg>
<doc>Logs the given message with the given level.</doc>
<status status="PASS" start="2024-07-13T10:14:46.298143" elapsed="0.000406"/>
</kw>
<kw name="Log" owner="BuiltIn">
<msg time="2024-07-13T10:14:46.299019" level="INFO">email</msg>
<arg>${key}</arg>
<doc>Logs the given message with the given level.</doc>
<status status="PASS" start="2024-07-13T10:14:46.298882" elapsed="0.000177"/>
</kw>
<var name="${key}">email</var>
<status status="PASS" start="2024-07-13T10:14:46.297434" elapsed="0.001843"/>
</iter>
<iter>
<kw name="Dictionary Should Contain Key" owner="Collections">
<arg>${json_data['results'][0]}</arg>
<arg>${key}</arg>
<doc>Fails if ``key`` is not found from ``dictionary``.</doc>
<status status="PASS" start="2024-07-13T10:14:46.299568" elapsed="0.000383"/>
</kw>
<kw name="Log" owner="BuiltIn">
<msg time="2024-07-13T10:14:46.300487" level="INFO">{'gender': 'male', 'name': {'title': 'Mr', 'first': 'Laszlo', 'last': 'Schwan'}, 'location': {'street': {'number': 7536, 'name': 'Am Bahnhof'}, 'city': 'Wilsdruff', 'state': 'Niedersachsen', 'country': 'Germany', 'postcode': 66873, 'coordinates': {'latitude': '-54.0993', 'longitude': '-166.6225'}, 'timezone': {'offset': '+6:00', 'description': 'Almaty, Dhaka, Colombo'}}, 'email': 'laszlo.schwan@example.com', 'login': {'uuid': '9ccc0f8a-c250-4181-9ba3-0b9bb316aa46', 'username': 'redduck134', 'password': 'ping', 'salt': 'VivahFew', 'md5': '1f8ad0aa5da3eeb671ca3dfcd8253708', 'sha1': 'c3151b91aa9cfbfb61126ecb046282a9a7cbca6f', 'sha256': 'a0667730afc799f161d52b8b05c57119817b7350b48d67eb1e6a1c35f8ded423'}, 'dob': {'date': '1985-06-17T05:36:52.496Z', 'age': 39}, 'registered': {'date': '2014-09-06T05:54:40.709Z', 'age': 9}, 'phone': '0621-4662310', 'cell': '0175-9289912', 'id': {'name': 'SVNR', 'value': '77 170685 S 419'}, 'picture': {'large': 'https://randomuser.me/api/portraits/men/69.jpg', 'medium': 'https://randomuser.me/api/portraits/med/men/69.jpg', 'thumbnail': 'https://randomuser.me/api/portraits/thumb/men/69.jpg'}, 'nat': 'DE'}</msg>
<arg>${json_data['results'][0]}</arg>
<doc>Logs the given message with the given level.</doc>
<status status="PASS" start="2024-07-13T10:14:46.300132" elapsed="0.000404"/>
</kw>
<kw name="Log" owner="BuiltIn">
<msg time="2024-07-13T10:14:46.300951" level="INFO">login</msg>
<arg>${key}</arg>
<doc>Logs the given message with the given level.</doc>
<status status="PASS" start="2024-07-13T10:14:46.300825" elapsed="0.000163"/>
</kw>
<var name="${key}">login</var>
<status status="PASS" start="2024-07-13T10:14:46.299450" elapsed="0.001754"/>
</iter>
<var>${key}</var>
<value>@{expected_keys}</value>
<status status="PASS" start="2024-07-13T10:14:46.289616" elapsed="0.011711"/>
</for>
<kw name="Create List" owner="BuiltIn">
<msg time="2024-07-13T10:14:46.301655" level="INFO">${expected_keysTwo} = ['username', 'password']</msg>
<var>${expected_keysTwo}</var>
<arg>username</arg>
<arg>password</arg>
<doc>Returns a list containing given items.</doc>
<status status="PASS" start="2024-07-13T10:14:46.301518" elapsed="0.000161"/>
</kw>
<for flavor="IN">
<iter>
<kw name="Dictionary Should Contain Key" owner="Collections">
<arg>${json_data['results'][0]['login']}</arg>
<arg>${keyTwo}</arg>
<doc>Fails if ``key`` is not found from ``dictionary``.</doc>
<status status="PASS" start="2024-07-13T10:14:46.302201" elapsed="0.000380"/>
</kw>
<kw name="Dictionary Should Contain Key" owner="Collections">
<arg>${json_data['results'][0]['login']}</arg>
<arg>${keyTwo}</arg>
<doc>Fails if ``key`` is not found from ``dictionary``.</doc>
<status status="PASS" start="2024-07-13T10:14:46.302792" elapsed="0.000379"/>
</kw>
<kw name="Log" owner="BuiltIn">
<msg time="2024-07-13T10:14:46.303477" level="INFO">username</msg>
<arg>${keyTwo}</arg>
<doc>Logs the given message with the given level.</doc>
<status status="PASS" start="2024-07-13T10:14:46.303355" elapsed="0.000160"/>
</kw>
<var name="${keyTwo}">username</var>
<status status="PASS" start="2024-07-13T10:14:46.302095" elapsed="0.001638"/>
</iter>
<iter>
<kw name="Dictionary Should Contain Key" owner="Collections">
<arg>${json_data['results'][0]['login']}</arg>
<arg>${keyTwo}</arg>
<doc>Fails if ``key`` is not found from ``dictionary``.</doc>
<status status="PASS" start="2024-07-13T10:14:46.304007" elapsed="0.000395"/>
</kw>
<kw name="Dictionary Should Contain Key" owner="Collections">
<arg>${json_data['results'][0]['login']}</arg>
<arg>${keyTwo}</arg>
<doc>Fails if ``key`` is not found from ``dictionary``.</doc>
<status status="PASS" start="2024-07-13T10:14:46.304580" elapsed="0.000365"/>
</kw>
<kw name="Log" owner="BuiltIn">
<msg time="2024-07-13T10:14:46.305236" level="INFO">password</msg>
<arg>${keyTwo}</arg>
<doc>Logs the given message with the given level.</doc>
<status status="PASS" start="2024-07-13T10:14:46.305118" elapsed="0.000158"/>
</kw>
<var name="${keyTwo}">password</var>
<status status="PASS" start="2024-07-13T10:14:46.303902" elapsed="0.001772"/>
</iter>
<var>${keyTwo}</var>
<value>@{expected_keysTwo}</value>
<status status="PASS" start="2024-07-13T10:14:46.301940" elapsed="0.003937"/>
</for>
<status status="PASS" start="2024-07-13T10:14:46.195316" elapsed="0.110799"/>
</kw>
<doc>Testa a estrutura da resposta da API.</doc>
<tag>testeEstruturaResposta</tag>
<status status="PASS" start="2024-07-13T10:14:46.194766" elapsed="0.111633"/>
</test>
<test id="s1-s1-t4" name="Validar tipos de dados" line="28">
<kw name="Teste de Tipos de Dados" owner="random-user-service">
<kw name="GET On Session" owner="RequestsLibrary">
<msg time="2024-07-13T10:14:46.391413" level="INFO">GET Request : url=https://randomuser.me/api 
 path_url=/api 
 headers={'User-Agent': 'python-requests/2.32.3', 'Accept-Encoding': 'gzip, deflate', 'Accept': '*/*', 'Connection': 'keep-alive'} 
 body=None 
 </msg>
<msg time="2024-07-13T10:14:46.391490" level="INFO">GET Response : url=https://randomuser.me/api 
 status=200, reason=OK 
 headers={'Date': 'Sat, 13 Jul 2024 10:14:46 GMT', 'Content-Type': 'application/json; charset=utf-8', 'Transfer-Encoding': 'chunked', 'Connection': 'keep-alive', 'X-Powered-By': 'Express', 'Access-Control-Allow-Origin': '*', 'Cache-Control': 'no-cache', 'ETag': 'W/"49e-RmvlnqItIzbC1XvBr5ip1o7nhSM"', 'Vary': 'Accept-Encoding', 'Content-Encoding': 'gzip', 'CF-Cache-Status': 'DYNAMIC', 'Report-To': '{"endpoints":[{"url":"https:\\/\\/a.nel.cloudflare.com\\/report\\/v4?s=%2Bs2SIezfdPF9293ElMXMOiSyaE%2Bec7kVx%2BLw4Xvci80xslHklNyVtrl1upflESsvmsB9s408LqpMnvzc1O9JDl6sFRzepsZNLYapGk63qiYSKpEYLjc%2BBpIfGNOccC3R"}],"group":"cf-nel","max_age":604800}', 'NEL': '{"success_fraction":0,"report_to":"cf-nel","max_age":604800}', 'Server': 'cloudflare', 'CF-RAY': '8a28820b7afc062b-IAD', 'alt-svc': 'h3=":443"; ma=86400'} 
 body={"results":[{"gender":"male","name":{"title":"Mr","first":"Orlando","last":"Guevara"},"location":{"street":{"number":175,"name":"Diagonal Guanajuato"},"city":"San Antonio de los Vázquez","state":"Tabasco","country":"Mexico","postcode":25426,"coordinates":{"latitude":"23.6894","longitude":"-34.7460"},"timezone":{"offset":"-12:00","description":"Eniwetok, Kwajalein"}},"email":"orlando.guevara@example.com","login":{"uuid":"c6008ad2-ab8d-4b72-ba38-dd66ab0e8188","username":"bluelion876","password":"paladin","salt":"OQH2QDiB","md5":"95d6b60078ce00d31a6b011273c5f096","sha1":"d273ae213307bba14d4332aa9cd44f68dbfc6f72","sha256":"a92ce5a40c4a92c47f87453f021e9a3e7cb6c0c8c93f88828d8214d958cb760a"},"dob":{"date":"1993-03-02T01:38:53.612Z","age":31},"registered":{"date":"2010-07-04T23:34:56.285Z","age":14},"phone":"(667) 085 1554","cell":"(687) 925 2389","id":{"name":"NSS","value":"58 50 77 9962 6"},"picture":{"large":"https://randomuser.me/api/portraits/men/40.jpg","medium":"https://randomuser.me/api/portraits/med/men/40.jpg","thumbnail":"https://randomuser.me/api/portraits/thumb/men/40.jpg"},"nat":"MX"}],"info":{"seed":"5ba32f58f240600b","results":1,"page":1,"version":"1.4"}} 
 </msg>
<msg time="2024-07-13T10:14:46.391560" level="INFO">/opt/hostedtoolcache/Python/3.12.4/x64/lib/python3.12/site-packages/urllib3/connectionpool.py:1099: InsecureRequestWarning: Unverified HTTPS request is being made to host 'randomuser.me'. Adding certificate verification is strongly advised. See: https://urllib3.readthedocs.io/en/latest/advanced-usage.html#tls-warnings
  warnings.warn(</msg>
<msg time="2024-07-13T10:14:46.391663" level="INFO">${response} = &lt;Response [200]&gt;</msg>
<var>${response}</var>
<arg>consultarAPI</arg>
<arg>/api</arg>
<doc>Sends a GET request on a previously created HTTP Session.</doc>
<status status="PASS" start="2024-07-13T10:14:46.310557" elapsed="0.081144"/>
</kw>
<kw name="Set Variable" owner="BuiltIn">
<msg time="2024-07-13T10:14:46.392623" level="INFO">${json_data} = {'results': [{'gender': 'male', 'name': {'title': 'Mr', 'first': 'Orlando', 'last': 'Guevara'}, 'location': {'street': {'number': 175, 'name': 'Diagonal Guanajuato'}, 'city': 'San Antonio de los Vázqu...</msg>
<var>${json_data}</var>
<arg>${response.json()}</arg>
<doc>Returns the given values which can then be assigned to a variables.</doc>
<status status="PASS" start="2024-07-13T10:14:46.392153" elapsed="0.000500"/>
</kw>
<kw name="Log" owner="BuiltIn">
<msg time="2024-07-13T10:14:46.393109" level="INFO">{'results': [{'gender': 'male', 'name': {'title': 'Mr', 'first': 'Orlando', 'last': 'Guevara'}, 'location': {'street': {'number': 175, 'name': 'Diagonal Guanajuato'}, 'city': 'San Antonio de los Vázquez', 'state': 'Tabasco', 'country': 'Mexico', 'postcode': 25426, 'coordinates': {'latitude': '23.6894', 'longitude': '-34.7460'}, 'timezone': {'offset': '-12:00', 'description': 'Eniwetok, Kwajalein'}}, 'email': 'orlando.guevara@example.com', 'login': {'uuid': 'c6008ad2-ab8d-4b72-ba38-dd66ab0e8188', 'username': 'bluelion876', 'password': 'paladin', 'salt': 'OQH2QDiB', 'md5': '95d6b60078ce00d31a6b011273c5f096', 'sha1': 'd273ae213307bba14d4332aa9cd44f68dbfc6f72', 'sha256': 'a92ce5a40c4a92c47f87453f021e9a3e7cb6c0c8c93f88828d8214d958cb760a'}, 'dob': {'date': '1993-03-02T01:38:53.612Z', 'age': 31}, 'registered': {'date': '2010-07-04T23:34:56.285Z', 'age': 14}, 'phone': '(667) 085 1554', 'cell': '(687) 925 2389', 'id': {'name': 'NSS', 'value': '58 50 77 9962 6'}, 'picture': {'large': 'https://randomuser.me/api/portraits/men/40.jpg', 'medium': 'https://randomuser.me/api/portraits/med/men/40.jpg', 'thumbnail': 'https://randomuser.me/api/portraits/thumb/men/40.jpg'}, 'nat': 'MX'}], 'info': {'seed': '5ba32f58f240600b', 'results': 1, 'page': 1, 'version': '1.4'}}</msg>
<arg>${json_data}</arg>
<doc>Logs the given message with the given level.</doc>
<status status="PASS" start="2024-07-13T10:14:46.392956" elapsed="0.000202"/>
</kw>
<kw name="Should Be String" owner="String">
<arg>${json_data['results'][0]['gender']}</arg>
<doc>Fails if the given ``item`` is not a string.</doc>
<status status="PASS" start="2024-07-13T10:14:46.393445" elapsed="0.000364"/>
</kw>
<kw name="Should Match Regexp" owner="BuiltIn">
<arg>${json_data['results'][0]['email']}</arg>
<arg>^[a-zA-Z0-9._%+-]+@[a-zA-Z0-9.-]+\.[a-zA-Z]{2,}$</arg>
<doc>Fails if ``string`` does not match ``pattern`` as a regular expression.</doc>
<status status="PASS" start="2024-07-13T10:14:46.394000" elapsed="0.000510"/>
</kw>
<kw name="Should Match Regexp" owner="BuiltIn">
<arg>${json_data['results'][0]['dob']['date']}</arg>
<arg>\\d{4}-\\d{2}-\\d{2}T\\d{2}:\\d{2}:\\d{2}\\.\\d{3}Z</arg>
<doc>Fails if ``string`` does not match ``pattern`` as a regular expression.</doc>
<status status="PASS" start="2024-07-13T10:14:46.394781" elapsed="0.000504"/>
</kw>
<kw name="Should Match Regexp" owner="BuiltIn">
<arg>${json_data['results'][0]['registered']['date']}</arg>
<arg>\\d{4}-\\d{2}-\\d{2}T\\d{2}:\\d{2}:\\d{2}\\.\\d{3}Z</arg>
<doc>Fails if ``string`` does not match ``pattern`` as a regular expression.</doc>
<status status="PASS" start="2024-07-13T10:14:46.395475" elapsed="0.000367"/>
</kw>
<kw name="Should Match Regexp" owner="BuiltIn">
<arg>${json_data['results'][0]['picture']['large']}</arg>
<arg>^https?://.*\.(?:png|jpe?g|gif|bmp)$</arg>
<doc>Fails if ``string`` does not match ``pattern`` as a regular expression.</doc>
<status status="PASS" start="2024-07-13T10:14:46.396025" elapsed="0.000455"/>
</kw>
<kw name="Should Match Regexp" owner="BuiltIn">
<arg>${json_data['results'][0]['picture']['medium']}</arg>
<arg>^https?://.*\.(?:png|jpe?g|gif|bmp)$</arg>
<doc>Fails if ``string`` does not match ``pattern`` as a regular expression.</doc>
<status status="PASS" start="2024-07-13T10:14:46.396665" elapsed="0.000349"/>
</kw>
<kw name="Should Match Regexp" owner="BuiltIn">
<arg>${json_data['results'][0]['picture']['thumbnail']}</arg>
<arg>^https?://.*\.(?:png|jpe?g|gif|bmp)$</arg>
<doc>Fails if ``string`` does not match ``pattern`` as a regular expression.</doc>
<status status="PASS" start="2024-07-13T10:14:46.397194" elapsed="0.000345"/>
</kw>
<kw name="Log" owner="BuiltIn">
<msg time="2024-07-13T10:14:46.398044" level="INFO">{'large': 'https://randomuser.me/api/portraits/men/40.jpg', 'medium': 'https://randomuser.me/api/portraits/med/men/40.jpg', 'thumbnail': 'https://randomuser.me/api/portraits/thumb/men/40.jpg'}</msg>
<arg>${json_data['results'][0]['picture']}</arg>
<doc>Logs the given message with the given level.</doc>
<status status="PASS" start="2024-07-13T10:14:46.397720" elapsed="0.000366"/>
</kw>
<status status="PASS" start="2024-07-13T10:14:46.310218" elapsed="0.088118"/>
</kw>
<kw name="Teste de Tipos de Dados - Postcode" owner="random-user-service">
<kw name="GET On Session" owner="RequestsLibrary">
<msg time="2024-07-13T10:14:46.491277" level="INFO">GET Request : url=https://randomuser.me/api 
 path_url=/api 
 headers={'User-Agent': 'python-requests/2.32.3', 'Accept-Encoding': 'gzip, deflate', 'Accept': '*/*', 'Connection': 'keep-alive'} 
 body=None 
 </msg>
<msg time="2024-07-13T10:14:46.491355" level="INFO">GET Response : url=https://randomuser.me/api 
 status=200, reason=OK 
 headers={'Date': 'Sat, 13 Jul 2024 10:14:46 GMT', 'Content-Type': 'application/json; charset=utf-8', 'Transfer-Encoding': 'chunked', 'Connection': 'keep-alive', 'X-Powered-By': 'Express', 'Access-Control-Allow-Origin': '*', 'Cache-Control': 'no-cache', 'ETag': 'W/"481-LlhHesFGlzhN9oq6GKnE8WBMvUA"', 'Vary': 'Accept-Encoding', 'Content-Encoding': 'gzip', 'CF-Cache-Status': 'DYNAMIC', 'Report-To': '{"endpoints":[{"url":"https:\\/\\/a.nel.cloudflare.com\\/report\\/v4?s=38lp3ipt9ALQwBiv1AnRRxNgSPFR2FMWZygaRN3PFU0rkd%2FkVpP5ybX1yYtuUyhFoJjH7KMy1rvPNDEbX3KUlQvhceElKw3DpCrn2nMWjDAzVL3R8Vh6DIbqNZIGbs4G"}],"group":"cf-nel","max_age":604800}', 'NEL': '{"success_fraction":0,"report_to":"cf-nel","max_age":604800}', 'Server': 'cloudflare', 'CF-RAY': '8a28820c0b4d062b-IAD', 'alt-svc': 'h3=":443"; ma=86400'} 
 body={"results":[{"gender":"male","name":{"title":"Monsieur","first":"Rolf","last":"Morel"},"location":{"street":{"number":5681,"name":"Rue des Écoles"},"city":"Berolle","state":"St. Gallen","country":"Switzerland","postcode":1720,"coordinates":{"latitude":"-63.9164","longitude":"-119.8748"},"timezone":{"offset":"+3:30","description":"Tehran"}},"email":"rolf.morel@example.com","login":{"uuid":"db99b1ba-8acf-4d23-9467-a4bf101d88d2","username":"happyladybug717","password":"cyclones","salt":"FPX91hof","md5":"75e9bb0205cb4187887795d7d054fc31","sha1":"fdf13cea5b57f43ffccbca7d1fadf33405df194a","sha256":"03fd126a86b7559490efe7ab607f07ab6489bd5b1b5e601340678da08d2fa20b"},"dob":{"date":"1962-01-08T21:00:48.267Z","age":62},"registered":{"date":"2016-05-05T10:03:03.362Z","age":8},"phone":"075 085 58 13","cell":"079 203 03 62","id":{"name":"AVS","value":"756.5640.3599.95"},"picture":{"large":"https://randomuser.me/api/portraits/men/95.jpg","medium":"https://randomuser.me/api/portraits/med/men/95.jpg","thumbnail":"https://randomuser.me/api/portraits/thumb/men/95.jpg"},"nat":"CH"}],"info":{"seed":"a16daa9daa9f9d09","results":1,"page":1,"version":"1.4"}} 
 </msg>
<msg time="2024-07-13T10:14:46.491423" level="INFO">/opt/hostedtoolcache/Python/3.12.4/x64/lib/python3.12/site-packages/urllib3/connectionpool.py:1099: InsecureRequestWarning: Unverified HTTPS request is being made to host 'randomuser.me'. Adding certificate verification is strongly advised. See: https://urllib3.readthedocs.io/en/latest/advanced-usage.html#tls-warnings
  warnings.warn(</msg>
<msg time="2024-07-13T10:14:46.491506" level="INFO">${response} = &lt;Response [200]&gt;</msg>
<var>${response}</var>
<arg>consultarAPI</arg>
<arg>/api</arg>
<doc>Sends a GET request on a previously created HTTP Session.</doc>
<status status="PASS" start="2024-07-13T10:14:46.398789" elapsed="0.092745"/>
</kw>
<kw name="Set Variable" owner="BuiltIn">
<msg time="2024-07-13T10:14:46.492367" level="INFO">${json_data} = {'results': [{'gender': 'male', 'name': {'title': 'Monsieur', 'first': 'Rolf', 'last': 'Morel'}, 'location': {'street': {'number': 5681, 'name': 'Rue des Écoles'}, 'city': 'Berolle', 'state': 'St. Gal...</msg>
<var>${json_data}</var>
<arg>${response.json()}</arg>
<doc>Returns the given values which can then be assigned to a variables.</doc>
<status status="PASS" start="2024-07-13T10:14:46.491908" elapsed="0.000490"/>
</kw>
<kw name="Log" owner="BuiltIn">
<msg time="2024-07-13T10:14:46.492855" level="INFO">{'results': [{'gender': 'male', 'name': {'title': 'Monsieur', 'first': 'Rolf', 'last': 'Morel'}, 'location': {'street': {'number': 5681, 'name': 'Rue des Écoles'}, 'city': 'Berolle', 'state': 'St. Gallen', 'country': 'Switzerland', 'postcode': 1720, 'coordinates': {'latitude': '-63.9164', 'longitude': '-119.8748'}, 'timezone': {'offset': '+3:30', 'description': 'Tehran'}}, 'email': 'rolf.morel@example.com', 'login': {'uuid': 'db99b1ba-8acf-4d23-9467-a4bf101d88d2', 'username': 'happyladybug717', 'password': 'cyclones', 'salt': 'FPX91hof', 'md5': '75e9bb0205cb4187887795d7d054fc31', 'sha1': 'fdf13cea5b57f43ffccbca7d1fadf33405df194a', 'sha256': '03fd126a86b7559490efe7ab607f07ab6489bd5b1b5e601340678da08d2fa20b'}, 'dob': {'date': '1962-01-08T21:00:48.267Z', 'age': 62}, 'registered': {'date': '2016-05-05T10:03:03.362Z', 'age': 8}, 'phone': '075 085 58 13', 'cell': '079 203 03 62', 'id': {'name': 'AVS', 'value': '756.5640.3599.95'}, 'picture': {'large': 'https://randomuser.me/api/portraits/men/95.jpg', 'medium': 'https://randomuser.me/api/portraits/med/men/95.jpg', 'thumbnail': 'https://randomuser.me/api/portraits/thumb/men/95.jpg'}, 'nat': 'CH'}], 'info': {'seed': 'a16daa9daa9f9d09', 'results': 1, 'page': 1, 'version': '1.4'}}</msg>
<arg>${json_data}</arg>
<doc>Logs the given message with the given level.</doc>
<status status="PASS" start="2024-07-13T10:14:46.492703" elapsed="0.000201"/>
</kw>
<kw name="Should Be Equal As Numbers" owner="BuiltIn">
<arg>${json_data['results'][0]['location']['postcode']}</arg>
<arg>${json_data['results'][0]['location']['postcode']}</arg>
<doc>Fails if objects are unequal after converting them to real numbers.</doc>
<status status="PASS" start="2024-07-13T10:14:46.493194" elapsed="0.000618"/>
</kw>
<kw name="Log" owner="BuiltIn">
<msg time="2024-07-13T10:14:46.494454" level="INFO">1720</msg>
<arg>${json_data['results'][0]['location']['postcode']}</arg>
<doc>Logs the given message with the given level.</doc>
<status status="PASS" start="2024-07-13T10:14:46.493996" elapsed="0.000499"/>
</kw>
<status status="PASS" start="2024-07-13T10:14:46.398546" elapsed="0.096274"/>
</kw>
<doc>Testa se os tipos de dados na resposta da API estão corretos.</doc>
<tag>testeTiposDados</tag>
<status status="PASS" start="2024-07-13T10:14:46.309534" elapsed="0.185458"/>
</test>
<test id="s1-s1-t5" name="Validar conteudo" line="35">
<kw name="Teste de Tipos de Conteudo" owner="random-user-service">
<kw name="GET On Session" owner="RequestsLibrary">
<msg time="2024-07-13T10:14:46.585865" level="INFO">GET Request : url=https://randomuser.me/api 
 path_url=/api 
 headers={'User-Agent': 'python-requests/2.32.3', 'Accept-Encoding': 'gzip, deflate', 'Accept': '*/*', 'Connection': 'keep-alive'} 
 body=None 
 </msg>
<msg time="2024-07-13T10:14:46.585944" level="INFO">GET Response : url=https://randomuser.me/api 
 status=200, reason=OK 
 headers={'Date': 'Sat, 13 Jul 2024 10:14:46 GMT', 'Content-Type': 'application/json; charset=utf-8', 'Transfer-Encoding': 'chunked', 'Connection': 'keep-alive', 'X-Powered-By': 'Express', 'Access-Control-Allow-Origin': '*', 'Cache-Control': 'no-cache', 'ETag': 'W/"48e-ARudnKC1SQTjwKJapjcBIcaL9OE"', 'Vary': 'Accept-Encoding', 'Content-Encoding': 'gzip', 'CF-Cache-Status': 'DYNAMIC', 'Report-To': '{"endpoints":[{"url":"https:\\/\\/a.nel.cloudflare.com\\/report\\/v4?s=FIuIL%2BXoopRzFW5X9G%2FdDOfcyMcZH4qFokR4sxb7cCFPC6mOh4XiO2G9bJP5Xmku5QvnFXNH0KxZuF7UZgHagEdHO%2FWZXPsF7VqIJIUdQG17lNQ24NF%2F0ViKKSCleMsB"}],"group":"cf-nel","max_age":604800}', 'NEL': '{"success_fraction":0,"report_to":"cf-nel","max_age":604800}', 'Server': 'cloudflare', 'CF-RAY': '8a28820caba4062b-IAD', 'alt-svc': 'h3=":443"; ma=86400'} 
 body={"results":[{"gender":"male","name":{"title":"Mr","first":"محمدپارسا","last":"کوتی"},"location":{"street":{"number":1781,"name":"استاد قریب"},"city":"ارومیه","state":"همدان","country":"Iran","postcode":56435,"coordinates":{"latitude":"15.6345","longitude":"-160.8553"},"timezone":{"offset":"-11:00","description":"Midway Island, Samoa"}},"email":"mhmdprs.khwty@example.com","login":{"uuid":"de0211b8-bca3-4d36-88de-37579348bdb7","username":"ticklishwolf293","password":"lindsay","salt":"RVNnZlyI","md5":"74681a51983de279fe64a9a045834753","sha1":"83bdd8d4edf41da7f8c7ef28d9ed0fb360e83180","sha256":"2b320a0802094e12551a6d09cdade0bdb888e0f541119db4ec7e171bf9d58a44"},"dob":{"date":"1971-01-20T21:25:44.000Z","age":53},"registered":{"date":"2009-09-05T16:04:49.923Z","age":14},"phone":"052-25787467","cell":"0980-692-8897","id":{"name":"","value":null},"picture":{"large":"https://randomuser.me/api/portraits/men/46.jpg","medium":"https://randomuser.me/api/portraits/med/men/46.jpg","thumbnail":"https://randomuser.me/api/portraits/thumb/men/46.jpg"},"nat":"IR"}],"info":{"seed":"dcaf49fba34d7f0f","results":1,"page":1,"version":"1.4"}} 
 </msg>
<msg time="2024-07-13T10:14:46.586018" level="INFO">/opt/hostedtoolcache/Python/3.12.4/x64/lib/python3.12/site-packages/urllib3/connectionpool.py:1099: InsecureRequestWarning: Unverified HTTPS request is being made to host 'randomuser.me'. Adding certificate verification is strongly advised. See: https://urllib3.readthedocs.io/en/latest/advanced-usage.html#tls-warnings
  warnings.warn(</msg>
<msg time="2024-07-13T10:14:46.586121" level="INFO">${response} = &lt;Response [200]&gt;</msg>
<var>${response}</var>
<arg>consultarAPI</arg>
<arg>/api</arg>
<doc>Sends a GET request on a previously created HTTP Session.</doc>
<status status="PASS" start="2024-07-13T10:14:46.497408" elapsed="0.088754"/>
</kw>
<kw name="Set Variable" owner="BuiltIn">
<msg time="2024-07-13T10:14:46.587078" level="INFO">${json_data} = {'results': [{'gender': 'male', 'name': {'title': 'Mr', 'first': 'محمدپارسا', 'last': 'کوتی'}, 'location': {'street': {'number': 1781, 'name': 'استاد قریب'}, 'city': 'ارومیه', 'state': 'همدان', 'count...</msg>
<var>${json_data}</var>
<arg>${response.json()}</arg>
<doc>Returns the given values which can then be assigned to a variables.</doc>
<status status="PASS" start="2024-07-13T10:14:46.586604" elapsed="0.000506"/>
</kw>
<kw name="Set Variable" owner="BuiltIn">
<msg time="2024-07-13T10:14:46.587792" level="INFO">${name_title} = Mr</msg>
<var>${name_title}</var>
<arg>${json_data["results"][0]["name"]["title"]}</arg>
<doc>Returns the given values which can then be assigned to a variables.</doc>
<status status="PASS" start="2024-07-13T10:14:46.587413" elapsed="0.000405"/>
</kw>
<kw name="Create List" owner="BuiltIn">
<msg time="2024-07-13T10:14:46.588252" level="INFO">${allowed_titles} = ['Mr', 'Ms', 'Miss', 'Mrs', 'Madame', 'Monsieur']</msg>
<var>${allowed_titles}</var>
<arg>Mr</arg>
<arg>Ms</arg>
<arg>Miss</arg>
<arg>Mrs</arg>
<arg>Madame</arg>
<arg>Monsieur</arg>
<doc>Returns a list containing given items.</doc>
<status status="PASS" start="2024-07-13T10:14:46.588107" elapsed="0.000169"/>
</kw>
<kw name="List Should Contain Value" owner="Collections">
<arg>${allowed_titles}</arg>
<arg>${name_title}</arg>
<doc>Fails if the ``value`` is not found from ``list``.</doc>
<status status="PASS" start="2024-07-13T10:14:46.588567" elapsed="0.000170"/>
</kw>
<kw name="Set Variable" owner="BuiltIn">
<msg time="2024-07-13T10:14:46.589285" level="INFO">${name_country} = IR</msg>
<var>${name_country}</var>
<arg>${json_data["results"][0]["nat"]}</arg>
<doc>Returns the given values which can then be assigned to a variables.</doc>
<status status="PASS" start="2024-07-13T10:14:46.588919" elapsed="0.000392"/>
</kw>
<kw name="Create List" owner="BuiltIn">
<msg time="2024-07-13T10:14:46.590185" level="INFO">${list_country} = ['AD', 'AE', 'AF', 'AG', 'AI', 'AL', 'AM', 'AO', 'AQ', 'AR', 'AS', 'AT', 'AU', 'AW', 'AX', 'AZ', 'BA', 'BB', 'BD', 'BE', 'BF', 'BG', 'BH', 'BI', 'BJ', 'BL', 'BM', 'BN', 'BO', 'BQ', 'BR', 'BS', 'BT', '...</msg>
<var>${list_country}</var>
<arg>AD</arg>
<arg>AE</arg>
<arg>AF</arg>
<arg>AG</arg>
<arg>AI</arg>
<arg>AL</arg>
<arg>AM</arg>
<arg>AO</arg>
<arg>AQ</arg>
<arg>AR</arg>
<arg>AS</arg>
<arg>AT</arg>
<arg>AU</arg>
<arg>AW</arg>
<arg>AX</arg>
<arg>AZ</arg>
<arg>BA</arg>
<arg>BB</arg>
<arg>BD</arg>
<arg>BE</arg>
<arg>BF</arg>
<arg>BG</arg>
<arg>BH</arg>
<arg>BI</arg>
<arg>BJ</arg>
<arg>BL</arg>
<arg>BM</arg>
<arg>BN</arg>
<arg>BO</arg>
<arg>BQ</arg>
<arg>BR</arg>
<arg>BS</arg>
<arg>BT</arg>
<arg>BV</arg>
<arg>BW</arg>
<arg>BY</arg>
<arg>BZ</arg>
<arg>CA</arg>
<arg>CC</arg>
<arg>CD</arg>
<arg>CF</arg>
<arg>CG</arg>
<arg>CH</arg>
<arg>CI</arg>
<arg>CK</arg>
<arg>CL</arg>
<arg>CM</arg>
<arg>CN</arg>
<arg>CO</arg>
<arg>CR</arg>
<arg>CU</arg>
<arg>CV</arg>
<arg>CW</arg>
<arg>CX</arg>
<arg>CY</arg>
<arg>CZ</arg>
<arg>DE</arg>
<arg>DJ</arg>
<arg>DK</arg>
<arg>DM</arg>
<arg>DO</arg>
<arg>DZ</arg>
<arg>EC</arg>
<arg>EE</arg>
<arg>EG</arg>
<arg>EH</arg>
<arg>ER</arg>
<arg>ES</arg>
<arg>ET</arg>
<arg>FI</arg>
<arg>FJ</arg>
<arg>FK</arg>
<arg>FM</arg>
<arg>FO</arg>
<arg>FR</arg>
<arg>GA</arg>
<arg>GB</arg>
<arg>GD</arg>
<arg>GE</arg>
<arg>GF</arg>
<arg>GG</arg>
<arg>GH</arg>
<arg>GI</arg>
<arg>GL</arg>
<arg>GM</arg>
<arg>GN</arg>
<arg>GP</arg>
<arg>GQ</arg>
<arg>GR</arg>
<arg>GS</arg>
<arg>GT</arg>
<arg>GU</arg>
<arg>GW</arg>
<arg>GY</arg>
<arg>HK</arg>
<arg>HM</arg>
<arg>HN</arg>
<arg>HR</arg>
<arg>HT</arg>
<arg>HU</arg>
<arg>ID</arg>
<arg>IE</arg>
<arg>IL</arg>
<arg>IM</arg>
<arg>IN</arg>
<arg>IO</arg>
<arg>IQ</arg>
<arg>IR</arg>
<arg>IS</arg>
<arg>IT</arg>
<arg>JE</arg>
<arg>JM</arg>
<arg>JO</arg>
<arg>JP</arg>
<arg>KE</arg>
<arg>KG</arg>
<arg>KH</arg>
<arg>KI</arg>
<arg>KM</arg>
<arg>KN</arg>
<arg>KP</arg>
<arg>KR</arg>
<arg>KW</arg>
<arg>KY</arg>
<arg>KZ</arg>
<arg>LA</arg>
<arg>LB</arg>
<arg>LC</arg>
<arg>LI</arg>
<arg>LK</arg>
<arg>LR</arg>
<arg>LS</arg>
<arg>LT</arg>
<arg>LU</arg>
<arg>LV</arg>
<arg>LY</arg>
<arg>MA</arg>
<arg>MC</arg>
<arg>MD</arg>
<arg>ME</arg>
<arg>MF</arg>
<arg>MG</arg>
<arg>MH</arg>
<arg>MK</arg>
<arg>ML</arg>
<arg>MM</arg>
<arg>MN</arg>
<arg>MO</arg>
<arg>MP</arg>
<arg>MQ</arg>
<arg>MR</arg>
<arg>MS</arg>
<arg>MT</arg>
<arg>MU</arg>
<arg>MV</arg>
<arg>MW</arg>
<arg>MX</arg>
<arg>MY</arg>
<arg>MZ</arg>
<arg>NA</arg>
<arg>NC</arg>
<arg>NE</arg>
<arg>NF</arg>
<arg>NG</arg>
<arg>NI</arg>
<arg>NL</arg>
<arg>NO</arg>
<arg>NP</arg>
<arg>NR</arg>
<arg>NU</arg>
<arg>NZ</arg>
<arg>OM</arg>
<arg>PA</arg>
<arg>PE</arg>
<arg>PF</arg>
<arg>PG</arg>
<arg>PH</arg>
<arg>PK</arg>
<arg>PL</arg>
<arg>PM</arg>
<arg>PN</arg>
<arg>PR</arg>
<arg>PS</arg>
<arg>PT</arg>
<arg>PW</arg>
<arg>PY</arg>
<arg>QA</arg>
<arg>RE</arg>
<arg>RO</arg>
<arg>RS</arg>
<arg>RU</arg>
<arg>RW</arg>
<arg>SA</arg>
<arg>SB</arg>
<arg>SC</arg>
<arg>SD</arg>
<arg>SE</arg>
<arg>SG</arg>
<arg>SH</arg>
<arg>SI</arg>
<arg>SJ</arg>
<arg>SK</arg>
<arg>SL</arg>
<arg>SM</arg>
<arg>SN</arg>
<arg>SO</arg>
<arg>SR</arg>
<arg>SS</arg>
<arg>ST</arg>
<arg>SV</arg>
<arg>SX</arg>
<arg>SY</arg>
<arg>SZ</arg>
<arg>TC</arg>
<arg>TD</arg>
<arg>TF</arg>
<arg>TG</arg>
<arg>TH</arg>
<arg>TJ</arg>
<arg>TK</arg>
<arg>TL</arg>
<arg>TM</arg>
<arg>TN</arg>
<arg>TO</arg>
<arg>TR</arg>
<arg>TT</arg>
<arg>TV</arg>
<arg>TW</arg>
<arg>TZ</arg>
<arg>UA</arg>
<arg>UG</arg>
<arg>UM</arg>
<arg>US</arg>
<arg>UY</arg>
<arg>UZ</arg>
<arg>VA</arg>
<arg>VC</arg>
<arg>VE</arg>
<arg>VG</arg>
<arg>VI</arg>
<arg>VN</arg>
<arg>VU</arg>
<arg>WF</arg>
<arg>WS</arg>
<arg>XK</arg>
<arg>YE</arg>
<arg>YT</arg>
<arg>ZA</arg>
<arg>ZM</arg>
<arg>ZW</arg>
<doc>Returns a list containing given items.</doc>
<status status="PASS" start="2024-07-13T10:14:46.589599" elapsed="0.000611"/>
</kw>
<kw name="List Should Contain Value" owner="Collections">
<arg>${list_country}</arg>
<arg>${name_country}</arg>
<doc>Fails if the ``value`` is not found from ``list``.</doc>
<status status="PASS" start="2024-07-13T10:14:46.591027" elapsed="0.000202"/>
</kw>
<kw name="Run Keyword If" owner="BuiltIn">
<kw name="Should Be True" owner="BuiltIn">
<arg>${True}</arg>
<doc>Fails if the given condition is not true.</doc>
<status status="PASS" start="2024-07-13T10:14:46.592143" elapsed="0.000139"/>
</kw>
<arg>${json_data["results"][0]["location"]["coordinates"]["latitude"]} &gt;= -90 and ${json_data["results"][0]["location"]["coordinates"]["latitude"]} &lt;= 90</arg>
<arg>Should Be True</arg>
<arg>${True}</arg>
<doc>Runs the given keyword with the given arguments, if ``condition`` is true.</doc>
<status status="PASS" start="2024-07-13T10:14:46.591421" elapsed="0.000984"/>
</kw>
<kw name="Run Keyword If" owner="BuiltIn">
<kw name="Should Be True" owner="BuiltIn">
<arg>${True}</arg>
<doc>Fails if the given condition is not true.</doc>
<status status="PASS" start="2024-07-13T10:14:46.593278" elapsed="0.000225"/>
</kw>
<arg>${json_data["results"][0]["location"]["coordinates"]["longitude"]} &gt;= -180 and ${json_data["results"][0]["location"]["coordinates"]["longitude"]} &lt;= 180</arg>
<arg>Should Be True</arg>
<arg>${True}</arg>
<doc>Runs the given keyword with the given arguments, if ``condition`` is true.</doc>
<status status="PASS" start="2024-07-13T10:14:46.592584" elapsed="0.001045"/>
</kw>
<status status="PASS" start="2024-07-13T10:14:46.497192" elapsed="0.096567"/>
</kw>
<doc>Testa o conteúdo específico dos campos retornados pela API.</doc>
<tag>testeConteudo</tag>
<status status="PASS" start="2024-07-13T10:14:46.496763" elapsed="0.097134"/>
</test>
<status status="PASS" start="2024-07-13T10:14:45.743225" elapsed="0.852601"/>
</suite>
<status status="PASS" start="2024-07-13T10:14:45.728705" elapsed="0.872037"/>
</suite>
<statistics>
<total>
<stat pass="5" fail="0" skip="0">All Tests</stat>
</total>
<tag>
<stat pass="1" fail="0" skip="0">testeConteudo</stat>
<stat pass="1" fail="0" skip="0">testeEstruturaResposta</stat>
<stat pass="1" fail="0" skip="0">testeRequisicaoBasica</stat>
<stat pass="1" fail="0" skip="0">testeTiposDados</stat>
</tag>
<suite>
<stat pass="5" fail="0" skip="0" id="s1" name="Tests">Tests</stat>
<stat pass="5" fail="0" skip="0" id="s1-s1" name="Random-User-Test">Tests.Random-User-Test</stat>
</suite>
</statistics>
<errors>
</errors>
</robot>
