<?xml version="1.0" encoding="UTF-8"?>
<robot generator="Robot 7.0.1 (Python 3.12.4 on linux)" generated="2024-08-07T19:13:00.564752" rpa="false" schemaversion="5">
<suite id="s1" name="Tests" source="/home/runner/work/ApiRandomUser/ApiRandomUser/RamdonUser/tests">
<suite id="s1-s1" name="Random-User-Test" source="/home/runner/work/ApiRandomUser/ApiRandomUser/RamdonUser/tests/random-user-test.robot">
<test id="s1-s1-t1" name="Conectar" line="13">
<kw name="Conectar API" owner="random-user-service">
<kw name="Create Session" owner="RequestsLibrary">
<msg time="2024-08-07T19:13:00.998547" level="INFO">Creating Session using : alias=consultarAPI, url=https://randomuser.me/, headers={},                     cookies={}, auth=None, timeout=None, proxies=None, verify=False,                     debug=0 </msg>
<arg>consultarAPI</arg>
<arg>${URL}</arg>
<doc>Create Session: create a HTTP session to a server</doc>
<status status="PASS" start="2024-08-07T19:13:00.998345" elapsed="0.000427"/>
</kw>
<status status="PASS" start="2024-08-07T19:13:00.997249" elapsed="0.001890"/>
</kw>
<status status="PASS" start="2024-08-07T19:13:00.996656" elapsed="0.002676"/>
</test>
<test id="s1-s1-t2" name="Validar retorno 200 e JSON Válido" line="16">
<kw name="Teste de Requisicao Basica" owner="random-user-service">
<kw name="GET On Session" owner="RequestsLibrary">
<msg time="2024-08-07T19:13:01.478662" level="INFO">GET Request : url=https://randomuser.me/api 
 path_url=/api 
 headers={'User-Agent': 'python-requests/2.32.3', 'Accept-Encoding': 'gzip, deflate', 'Accept': '*/*', 'Connection': 'keep-alive'} 
 body=None 
 </msg>
<msg time="2024-08-07T19:13:01.478867" level="INFO">GET Response : url=https://randomuser.me/api 
 status=200, reason=OK 
 headers={'Date': 'Wed, 07 Aug 2024 19:13:01 GMT', 'Content-Type': 'application/json; charset=utf-8', 'Transfer-Encoding': 'chunked', 'Connection': 'keep-alive', 'X-Powered-By': 'Express', 'Access-Control-Allow-Origin': '*', 'Cache-Control': 'no-cache', 'ETag': 'W/"470-1talGxi+fLWzfrUgM9IhFO+aFSE"', 'Vary': 'Accept-Encoding', 'Content-Encoding': 'gzip', 'CF-Cache-Status': 'DYNAMIC', 'Report-To': '{"endpoints":[{"url":"https:\\/\\/a.nel.cloudflare.com\\/report\\/v4?s=Op0mVi2Fct5U7dejPYWDN3E%2Fo%2FEwipRELdtajbkPQSPpxGEI3GiZ4gZyDLRgTrqr2YAZ2%2FJqrnCUt5m31tJDXDcCmVaKG5z3Z927ZmeYKte49QR8YANiQ8kFUJl79P9S"}],"group":"cf-nel","max_age":604800}', 'NEL': '{"success_fraction":0,"report_to":"cf-nel","max_age":604800}', 'Server': 'cloudflare', 'CF-RAY': '8af994de1b977ae6-SJC', 'alt-svc': 'h3=":443"; ma=86400'} 
 body={"results":[{"gender":"male","name":{"title":"Mr","first":"Olai","last":"Rønnestad"},"location":{"street":{"number":9199,"name":"Oslo gate"},"city":"Hovdenakken","state":"Akershus","country":"Norway","postcode":"0677","coordinates":{"latitude":"40.4771","longitude":"-133.6851"},"timezone":{"offset":"+9:30","description":"Adelaide, Darwin"}},"email":"olai.ronnestad@example.com","login":{"uuid":"bbeea50f-2ce3-4d05-9204-c25fb0bef7f5","username":"angryfish822","password":"bird","salt":"iW5nZbvt","md5":"fea9bb7fc9e753092f22149ceb0e53c5","sha1":"804b76c7c8e32cb54a07955f76204e19ced68ca4","sha256":"149f820a668f9b5fab86d18452d87c3fac5f99d2a4295a7da19d0008d3e2f2de"},"dob":{"date":"1951-11-14T16:24:40.167Z","age":72},"registered":{"date":"2009-08-21T21:28:20.976Z","age":14},"phone":"70689493","cell":"91791438","id":{"name":"FN","value":"14115120558"},"picture":{"large":"https://randomuser.me/api/portraits/men/95.jpg","medium":"https://randomuser.me/api/portraits/med/men/95.jpg","thumbnail":"https://randomuser.me/api/portraits/thumb/men/95.jpg"},"nat":"NO"}],"info":{"seed":"e34bb9f929b1ada2","results":1,"page":1,"version":"1.4"}} 
 </msg>
<msg time="2024-08-07T19:13:01.478957" level="INFO">/opt/hostedtoolcache/Python/3.12.4/x64/lib/python3.12/site-packages/urllib3/connectionpool.py:1099: InsecureRequestWarning: Unverified HTTPS request is being made to host 'randomuser.me'. Adding certificate verification is strongly advised. See: https://urllib3.readthedocs.io/en/latest/advanced-usage.html#tls-warnings
  warnings.warn(</msg>
<msg time="2024-08-07T19:13:01.479105" level="INFO">${response} = &lt;Response [200]&gt;</msg>
<var>${response}</var>
<arg>consultarAPI</arg>
<arg>/api</arg>
<doc>Sends a GET request on a previously created HTTP Session.</doc>
<status status="PASS" start="2024-08-07T19:13:01.001948" elapsed="0.477198"/>
</kw>
<kw name="Should Be Equal As Numbers" owner="BuiltIn">
<msg time="2024-08-07T19:13:01.480362" level="INFO">Argument types are:
&lt;class 'int'&gt;
&lt;class 'str'&gt;</msg>
<arg>${response.status_code}</arg>
<arg>200</arg>
<doc>Fails if objects are unequal after converting them to real numbers.</doc>
<status status="PASS" start="2024-08-07T19:13:01.479836" elapsed="0.000591"/>
</kw>
<kw name="Log" owner="BuiltIn">
<msg time="2024-08-07T19:13:01.481092" level="INFO">200</msg>
<arg>${response.status_code}</arg>
<doc>Logs the given message with the given level.</doc>
<status status="PASS" start="2024-08-07T19:13:01.480740" elapsed="0.000393"/>
</kw>
<kw name="Set Variable" owner="BuiltIn">
<msg time="2024-08-07T19:13:01.481892" level="INFO">${json_data} = {'results': [{'gender': 'male', 'name': {'title': 'Mr', 'first': 'Olai', 'last': 'Rønnestad'}, 'location': {'street': {'number': 9199, 'name': 'Oslo gate'}, 'city': 'Hovdenakken', 'state': 'Akershus',...</msg>
<var>${json_data}</var>
<arg>${response.json()}</arg>
<doc>Returns the given values which can then be assigned to a variables.</doc>
<status status="PASS" start="2024-08-07T19:13:01.481455" elapsed="0.000468"/>
</kw>
<kw name="Dictionary Should Contain Key" owner="Collections">
<arg>${json_data}</arg>
<arg>results</arg>
<doc>Fails if ``key`` is not found from ``dictionary``.</doc>
<status status="PASS" start="2024-08-07T19:13:01.482225" elapsed="0.000319"/>
</kw>
<status status="PASS" start="2024-08-07T19:13:01.001683" elapsed="0.481051"/>
</kw>
<doc>Testa se a API responde corretamente e retorna um objeto JSON válido.</doc>
<tag>testeRequisicaoBasica</tag>
<status status="PASS" start="2024-08-07T19:13:01.001198" elapsed="0.481724"/>
</test>
<test id="s1-s1-t3" name="Validar estrutura de resposta" line="22">
<kw name="Teste de Estrutura de Resposta" owner="random-user-service">
<kw name="GET On Session" owner="RequestsLibrary">
<msg time="2024-08-07T19:13:02.171320" level="INFO">GET Request : url=https://randomuser.me/api 
 path_url=/api 
 headers={'User-Agent': 'python-requests/2.32.3', 'Accept-Encoding': 'gzip, deflate', 'Accept': '*/*', 'Connection': 'keep-alive'} 
 body=None 
 </msg>
<msg time="2024-08-07T19:13:02.171422" level="INFO">GET Response : url=https://randomuser.me/api 
 status=200, reason=OK 
 headers={'Date': 'Wed, 07 Aug 2024 19:13:02 GMT', 'Content-Type': 'application/json; charset=utf-8', 'Transfer-Encoding': 'chunked', 'Connection': 'keep-alive', 'X-Powered-By': 'Express', 'Access-Control-Allow-Origin': '*', 'Cache-Control': 'no-cache', 'ETag': 'W/"476-bQKIGVmpw3e7dAQevVrFfaBsRRg"', 'Vary': 'Accept-Encoding', 'Content-Encoding': 'gzip', 'CF-Cache-Status': 'DYNAMIC', 'Report-To': '{"endpoints":[{"url":"https:\\/\\/a.nel.cloudflare.com\\/report\\/v4?s=6%2F3JPHaWrZgtiZtCWYNm53%2BE130gmXc3UW9RMr3r10%2BzM%2Fky%2FtJp%2Bmn7KdcuZU%2FFx9pMh5kUGWNFBltGU1efnrty4%2Ba7RKylipCq%2F5c%2FzHHYWRblyypxnP2TjUQ%2BfBJz"}],"group":"cf-nel","max_age":604800}', 'NEL': '{"success_fraction":0,"report_to":"cf-nel","max_age":604800}', 'Server': 'cloudflare', 'CF-RAY': '8af994e04dd47ae6-SJC', 'alt-svc': 'h3=":443"; ma=86400'} 
 body={"results":[{"gender":"male","name":{"title":"Mr","first":"Craig","last":"Rogers"},"location":{"street":{"number":2775,"name":"Strand Road"},"city":"Nenagh","state":"Limerick","country":"Ireland","postcode":83462,"coordinates":{"latitude":"-3.1598","longitude":"-119.5817"},"timezone":{"offset":"-11:00","description":"Midway Island, Samoa"}},"email":"craig.rogers@example.com","login":{"uuid":"3c04cb8d-406f-42a6-8b6a-3cdbf3a5f309","username":"happymouse289","password":"prosper","salt":"rcB9lPAq","md5":"83a7c0c17b7568d50756a3d7cbb99764","sha1":"bbb82f27d24d6dd6c962f587737b7352e7844e59","sha256":"034e29348a67f43100361ae5ab8125ed348255d665c3ff3a6959544506df8210"},"dob":{"date":"1988-11-13T07:06:26.401Z","age":35},"registered":{"date":"2019-07-08T11:12:28.812Z","age":5},"phone":"071-163-9205","cell":"081-797-9697","id":{"name":"PPS","value":"5339889T"},"picture":{"large":"https://randomuser.me/api/portraits/men/70.jpg","medium":"https://randomuser.me/api/portraits/med/men/70.jpg","thumbnail":"https://randomuser.me/api/portraits/thumb/men/70.jpg"},"nat":"IE"}],"info":{"seed":"70f108bfd0eb8fea","results":1,"page":1,"version":"1.4"}} 
 </msg>
<msg time="2024-08-07T19:13:02.171552" level="INFO">/opt/hostedtoolcache/Python/3.12.4/x64/lib/python3.12/site-packages/urllib3/connectionpool.py:1099: InsecureRequestWarning: Unverified HTTPS request is being made to host 'randomuser.me'. Adding certificate verification is strongly advised. See: https://urllib3.readthedocs.io/en/latest/advanced-usage.html#tls-warnings
  warnings.warn(</msg>
<msg time="2024-08-07T19:13:02.171678" level="INFO">${response} = &lt;Response [200]&gt;</msg>
<var>${response}</var>
<arg>consultarAPI</arg>
<arg>/api</arg>
<doc>Sends a GET request on a previously created HTTP Session.</doc>
<status status="PASS" start="2024-08-07T19:13:01.485531" elapsed="0.686175"/>
</kw>
<kw name="Set Variable" owner="BuiltIn">
<msg time="2024-08-07T19:13:02.172763" level="INFO">${json_data} = {'results': [{'gender': 'male', 'name': {'title': 'Mr', 'first': 'Craig', 'last': 'Rogers'}, 'location': {'street': {'number': 2775, 'name': 'Strand Road'}, 'city': 'Nenagh', 'state': 'Limerick', 'cou...</msg>
<var>${json_data}</var>
<arg>${response.json()}</arg>
<doc>Returns the given values which can then be assigned to a variables.</doc>
<status status="PASS" start="2024-08-07T19:13:02.172243" elapsed="0.000549"/>
</kw>
<kw name="Log" owner="BuiltIn">
<msg time="2024-08-07T19:13:02.173250" level="INFO">{'results': [{'gender': 'male', 'name': {'title': 'Mr', 'first': 'Craig', 'last': 'Rogers'}, 'location': {'street': {'number': 2775, 'name': 'Strand Road'}, 'city': 'Nenagh', 'state': 'Limerick', 'country': 'Ireland', 'postcode': 83462, 'coordinates': {'latitude': '-3.1598', 'longitude': '-119.5817'}, 'timezone': {'offset': '-11:00', 'description': 'Midway Island, Samoa'}}, 'email': 'craig.rogers@example.com', 'login': {'uuid': '3c04cb8d-406f-42a6-8b6a-3cdbf3a5f309', 'username': 'happymouse289', 'password': 'prosper', 'salt': 'rcB9lPAq', 'md5': '83a7c0c17b7568d50756a3d7cbb99764', 'sha1': 'bbb82f27d24d6dd6c962f587737b7352e7844e59', 'sha256': '034e29348a67f43100361ae5ab8125ed348255d665c3ff3a6959544506df8210'}, 'dob': {'date': '1988-11-13T07:06:26.401Z', 'age': 35}, 'registered': {'date': '2019-07-08T11:12:28.812Z', 'age': 5}, 'phone': '071-163-9205', 'cell': '081-797-9697', 'id': {'name': 'PPS', 'value': '5339889T'}, 'picture': {'large': 'https://randomuser.me/api/portraits/men/70.jpg', 'medium': 'https://randomuser.me/api/portraits/med/men/70.jpg', 'thumbnail': 'https://randomuser.me/api/portraits/thumb/men/70.jpg'}, 'nat': 'IE'}], 'info': {'seed': '70f108bfd0eb8fea', 'results': 1, 'page': 1, 'version': '1.4'}}</msg>
<arg>${json_data}</arg>
<doc>Logs the given message with the given level.</doc>
<status status="PASS" start="2024-08-07T19:13:02.173094" elapsed="0.000202"/>
</kw>
<kw name="Dictionary Should Contain Key" owner="Collections">
<arg>${json_data}</arg>
<arg>results</arg>
<doc>Fails if ``key`` is not found from ``dictionary``.</doc>
<status status="PASS" start="2024-08-07T19:13:02.173585" elapsed="0.000162"/>
</kw>
<kw name="Should Not Be Empty" owner="BuiltIn">
<msg time="2024-08-07T19:13:02.174053" level="INFO">Length is 2.</msg>
<arg>${json_data}</arg>
<doc>Verifies that the given item is not empty.</doc>
<status status="PASS" start="2024-08-07T19:13:02.173929" elapsed="0.000161"/>
</kw>
<kw name="Create List" owner="BuiltIn">
<msg time="2024-08-07T19:13:02.174529" level="INFO">${expected_keys} = ['gender', 'name', 'location', 'email', 'login']</msg>
<var>${expected_keys}</var>
<arg>gender</arg>
<arg>name</arg>
<arg>location</arg>
<arg>email</arg>
<arg>login</arg>
<doc>Returns a list containing given items.</doc>
<status status="PASS" start="2024-08-07T19:13:02.174374" elapsed="0.000179"/>
</kw>
<for flavor="IN">
<iter>
<kw name="Dictionary Should Contain Key" owner="Collections">
<arg>${json_data['results'][0]}</arg>
<arg>${key}</arg>
<doc>Fails if ``key`` is not found from ``dictionary``.</doc>
<status status="PASS" start="2024-08-07T19:13:02.175191" elapsed="0.000405"/>
</kw>
<kw name="Log" owner="BuiltIn">
<msg time="2024-08-07T19:13:02.176144" level="INFO">{'gender': 'male', 'name': {'title': 'Mr', 'first': 'Craig', 'last': 'Rogers'}, 'location': {'street': {'number': 2775, 'name': 'Strand Road'}, 'city': 'Nenagh', 'state': 'Limerick', 'country': 'Ireland', 'postcode': 83462, 'coordinates': {'latitude': '-3.1598', 'longitude': '-119.5817'}, 'timezone': {'offset': '-11:00', 'description': 'Midway Island, Samoa'}}, 'email': 'craig.rogers@example.com', 'login': {'uuid': '3c04cb8d-406f-42a6-8b6a-3cdbf3a5f309', 'username': 'happymouse289', 'password': 'prosper', 'salt': 'rcB9lPAq', 'md5': '83a7c0c17b7568d50756a3d7cbb99764', 'sha1': 'bbb82f27d24d6dd6c962f587737b7352e7844e59', 'sha256': '034e29348a67f43100361ae5ab8125ed348255d665c3ff3a6959544506df8210'}, 'dob': {'date': '1988-11-13T07:06:26.401Z', 'age': 35}, 'registered': {'date': '2019-07-08T11:12:28.812Z', 'age': 5}, 'phone': '071-163-9205', 'cell': '081-797-9697', 'id': {'name': 'PPS', 'value': '5339889T'}, 'picture': {'large': 'https://randomuser.me/api/portraits/men/70.jpg', 'medium': 'https://randomuser.me/api/portraits/med/men/70.jpg', 'thumbnail': 'https://randomuser.me/api/portraits/thumb/men/70.jpg'}, 'nat': 'IE'}</msg>
<arg>${json_data['results'][0]}</arg>
<doc>Logs the given message with the given level.</doc>
<status status="PASS" start="2024-08-07T19:13:02.175786" elapsed="0.000405"/>
</kw>
<kw name="Log" owner="BuiltIn">
<msg time="2024-08-07T19:13:02.176611" level="INFO">gender</msg>
<arg>${key}</arg>
<doc>Logs the given message with the given level.</doc>
<status status="PASS" start="2024-08-07T19:13:02.176483" elapsed="0.000166"/>
</kw>
<var name="${key}">gender</var>
<status status="PASS" start="2024-08-07T19:13:02.175065" elapsed="0.001801"/>
</iter>
<iter>
<kw name="Dictionary Should Contain Key" owner="Collections">
<arg>${json_data['results'][0]}</arg>
<arg>${key}</arg>
<doc>Fails if ``key`` is not found from ``dictionary``.</doc>
<status status="PASS" start="2024-08-07T19:13:02.177162" elapsed="0.000384"/>
</kw>
<kw name="Log" owner="BuiltIn">
<msg time="2024-08-07T19:13:02.178081" level="INFO">{'gender': 'male', 'name': {'title': 'Mr', 'first': 'Craig', 'last': 'Rogers'}, 'location': {'street': {'number': 2775, 'name': 'Strand Road'}, 'city': 'Nenagh', 'state': 'Limerick', 'country': 'Ireland', 'postcode': 83462, 'coordinates': {'latitude': '-3.1598', 'longitude': '-119.5817'}, 'timezone': {'offset': '-11:00', 'description': 'Midway Island, Samoa'}}, 'email': 'craig.rogers@example.com', 'login': {'uuid': '3c04cb8d-406f-42a6-8b6a-3cdbf3a5f309', 'username': 'happymouse289', 'password': 'prosper', 'salt': 'rcB9lPAq', 'md5': '83a7c0c17b7568d50756a3d7cbb99764', 'sha1': 'bbb82f27d24d6dd6c962f587737b7352e7844e59', 'sha256': '034e29348a67f43100361ae5ab8125ed348255d665c3ff3a6959544506df8210'}, 'dob': {'date': '1988-11-13T07:06:26.401Z', 'age': 35}, 'registered': {'date': '2019-07-08T11:12:28.812Z', 'age': 5}, 'phone': '071-163-9205', 'cell': '081-797-9697', 'id': {'name': 'PPS', 'value': '5339889T'}, 'picture': {'large': 'https://randomuser.me/api/portraits/men/70.jpg', 'medium': 'https://randomuser.me/api/portraits/med/men/70.jpg', 'thumbnail': 'https://randomuser.me/api/portraits/thumb/men/70.jpg'}, 'nat': 'IE'}</msg>
<arg>${json_data['results'][0]}</arg>
<doc>Logs the given message with the given level.</doc>
<status status="PASS" start="2024-08-07T19:13:02.177728" elapsed="0.000431"/>
</kw>
<kw name="Log" owner="BuiltIn">
<msg time="2024-08-07T19:13:02.178583" level="INFO">name</msg>
<arg>${key}</arg>
<doc>Logs the given message with the given level.</doc>
<status status="PASS" start="2024-08-07T19:13:02.178454" elapsed="0.000166"/>
</kw>
<var name="${key}">name</var>
<status status="PASS" start="2024-08-07T19:13:02.177047" elapsed="0.001815"/>
</iter>
<iter>
<kw name="Dictionary Should Contain Key" owner="Collections">
<arg>${json_data['results'][0]}</arg>
<arg>${key}</arg>
<doc>Fails if ``key`` is not found from ``dictionary``.</doc>
<status status="PASS" start="2024-08-07T19:13:02.179157" elapsed="0.000384"/>
</kw>
<kw name="Log" owner="BuiltIn">
<msg time="2024-08-07T19:13:02.180116" level="INFO">{'gender': 'male', 'name': {'title': 'Mr', 'first': 'Craig', 'last': 'Rogers'}, 'location': {'street': {'number': 2775, 'name': 'Strand Road'}, 'city': 'Nenagh', 'state': 'Limerick', 'country': 'Ireland', 'postcode': 83462, 'coordinates': {'latitude': '-3.1598', 'longitude': '-119.5817'}, 'timezone': {'offset': '-11:00', 'description': 'Midway Island, Samoa'}}, 'email': 'craig.rogers@example.com', 'login': {'uuid': '3c04cb8d-406f-42a6-8b6a-3cdbf3a5f309', 'username': 'happymouse289', 'password': 'prosper', 'salt': 'rcB9lPAq', 'md5': '83a7c0c17b7568d50756a3d7cbb99764', 'sha1': 'bbb82f27d24d6dd6c962f587737b7352e7844e59', 'sha256': '034e29348a67f43100361ae5ab8125ed348255d665c3ff3a6959544506df8210'}, 'dob': {'date': '1988-11-13T07:06:26.401Z', 'age': 35}, 'registered': {'date': '2019-07-08T11:12:28.812Z', 'age': 5}, 'phone': '071-163-9205', 'cell': '081-797-9697', 'id': {'name': 'PPS', 'value': '5339889T'}, 'picture': {'large': 'https://randomuser.me/api/portraits/men/70.jpg', 'medium': 'https://randomuser.me/api/portraits/med/men/70.jpg', 'thumbnail': 'https://randomuser.me/api/portraits/thumb/men/70.jpg'}, 'nat': 'IE'}</msg>
<arg>${json_data['results'][0]}</arg>
<doc>Logs the given message with the given level.</doc>
<status status="PASS" start="2024-08-07T19:13:02.179736" elapsed="0.000426"/>
</kw>
<kw name="Log" owner="BuiltIn">
<msg time="2024-08-07T19:13:02.180635" level="INFO">location</msg>
<arg>${key}</arg>
<doc>Logs the given message with the given level.</doc>
<status status="PASS" start="2024-08-07T19:13:02.180496" elapsed="0.000182"/>
</kw>
<var name="${key}">location</var>
<status status="PASS" start="2024-08-07T19:13:02.179046" elapsed="0.001872"/>
</iter>
<iter>
<kw name="Dictionary Should Contain Key" owner="Collections">
<arg>${json_data['results'][0]}</arg>
<arg>${key}</arg>
<doc>Fails if ``key`` is not found from ``dictionary``.</doc>
<status status="PASS" start="2024-08-07T19:13:02.181198" elapsed="0.000380"/>
</kw>
<kw name="Log" owner="BuiltIn">
<msg time="2024-08-07T19:13:02.182236" level="INFO">{'gender': 'male', 'name': {'title': 'Mr', 'first': 'Craig', 'last': 'Rogers'}, 'location': {'street': {'number': 2775, 'name': 'Strand Road'}, 'city': 'Nenagh', 'state': 'Limerick', 'country': 'Ireland', 'postcode': 83462, 'coordinates': {'latitude': '-3.1598', 'longitude': '-119.5817'}, 'timezone': {'offset': '-11:00', 'description': 'Midway Island, Samoa'}}, 'email': 'craig.rogers@example.com', 'login': {'uuid': '3c04cb8d-406f-42a6-8b6a-3cdbf3a5f309', 'username': 'happymouse289', 'password': 'prosper', 'salt': 'rcB9lPAq', 'md5': '83a7c0c17b7568d50756a3d7cbb99764', 'sha1': 'bbb82f27d24d6dd6c962f587737b7352e7844e59', 'sha256': '034e29348a67f43100361ae5ab8125ed348255d665c3ff3a6959544506df8210'}, 'dob': {'date': '1988-11-13T07:06:26.401Z', 'age': 35}, 'registered': {'date': '2019-07-08T11:12:28.812Z', 'age': 5}, 'phone': '071-163-9205', 'cell': '081-797-9697', 'id': {'name': 'PPS', 'value': '5339889T'}, 'picture': {'large': 'https://randomuser.me/api/portraits/men/70.jpg', 'medium': 'https://randomuser.me/api/portraits/med/men/70.jpg', 'thumbnail': 'https://randomuser.me/api/portraits/thumb/men/70.jpg'}, 'nat': 'IE'}</msg>
<arg>${json_data['results'][0]}</arg>
<doc>Logs the given message with the given level.</doc>
<status status="PASS" start="2024-08-07T19:13:02.181881" elapsed="0.000402"/>
</kw>
<kw name="Log" owner="BuiltIn">
<msg time="2024-08-07T19:13:02.182746" level="INFO">email</msg>
<arg>${key}</arg>
<doc>Logs the given message with the given level.</doc>
<status status="PASS" start="2024-08-07T19:13:02.182577" elapsed="0.000217"/>
</kw>
<var name="${key}">email</var>
<status status="PASS" start="2024-08-07T19:13:02.181091" elapsed="0.001927"/>
</iter>
<iter>
<kw name="Dictionary Should Contain Key" owner="Collections">
<arg>${json_data['results'][0]}</arg>
<arg>${key}</arg>
<doc>Fails if ``key`` is not found from ``dictionary``.</doc>
<status status="PASS" start="2024-08-07T19:13:02.183299" elapsed="0.000373"/>
</kw>
<kw name="Log" owner="BuiltIn">
<msg time="2024-08-07T19:13:02.184201" level="INFO">{'gender': 'male', 'name': {'title': 'Mr', 'first': 'Craig', 'last': 'Rogers'}, 'location': {'street': {'number': 2775, 'name': 'Strand Road'}, 'city': 'Nenagh', 'state': 'Limerick', 'country': 'Ireland', 'postcode': 83462, 'coordinates': {'latitude': '-3.1598', 'longitude': '-119.5817'}, 'timezone': {'offset': '-11:00', 'description': 'Midway Island, Samoa'}}, 'email': 'craig.rogers@example.com', 'login': {'uuid': '3c04cb8d-406f-42a6-8b6a-3cdbf3a5f309', 'username': 'happymouse289', 'password': 'prosper', 'salt': 'rcB9lPAq', 'md5': '83a7c0c17b7568d50756a3d7cbb99764', 'sha1': 'bbb82f27d24d6dd6c962f587737b7352e7844e59', 'sha256': '034e29348a67f43100361ae5ab8125ed348255d665c3ff3a6959544506df8210'}, 'dob': {'date': '1988-11-13T07:06:26.401Z', 'age': 35}, 'registered': {'date': '2019-07-08T11:12:28.812Z', 'age': 5}, 'phone': '071-163-9205', 'cell': '081-797-9697', 'id': {'name': 'PPS', 'value': '5339889T'}, 'picture': {'large': 'https://randomuser.me/api/portraits/men/70.jpg', 'medium': 'https://randomuser.me/api/portraits/med/men/70.jpg', 'thumbnail': 'https://randomuser.me/api/portraits/thumb/men/70.jpg'}, 'nat': 'IE'}</msg>
<arg>${json_data['results'][0]}</arg>
<doc>Logs the given message with the given level.</doc>
<status status="PASS" start="2024-08-07T19:13:02.183853" elapsed="0.000394"/>
</kw>
<kw name="Log" owner="BuiltIn">
<msg time="2024-08-07T19:13:02.184661" level="INFO">login</msg>
<arg>${key}</arg>
<doc>Logs the given message with the given level.</doc>
<status status="PASS" start="2024-08-07T19:13:02.184535" elapsed="0.000163"/>
</kw>
<var name="${key}">login</var>
<status status="PASS" start="2024-08-07T19:13:02.183189" elapsed="0.001720"/>
</iter>
<var>${key}</var>
<value>@{expected_keys}</value>
<status status="PASS" start="2024-08-07T19:13:02.174868" elapsed="0.010158"/>
</for>
<kw name="Create List" owner="BuiltIn">
<msg time="2024-08-07T19:13:02.185342" level="INFO">${expected_keysTwo} = ['username', 'password']</msg>
<var>${expected_keysTwo}</var>
<arg>username</arg>
<arg>password</arg>
<doc>Returns a list containing given items.</doc>
<status status="PASS" start="2024-08-07T19:13:02.185210" elapsed="0.000155"/>
</kw>
<for flavor="IN">
<iter>
<kw name="Dictionary Should Contain Key" owner="Collections">
<arg>${json_data['results'][0]['login']}</arg>
<arg>${keyTwo}</arg>
<doc>Fails if ``key`` is not found from ``dictionary``.</doc>
<status status="PASS" start="2024-08-07T19:13:02.185891" elapsed="0.000385"/>
</kw>
<kw name="Dictionary Should Contain Key" owner="Collections">
<arg>${json_data['results'][0]['login']}</arg>
<arg>${keyTwo}</arg>
<doc>Fails if ``key`` is not found from ``dictionary``.</doc>
<status status="PASS" start="2024-08-07T19:13:02.186457" elapsed="0.000403"/>
</kw>
<kw name="Log" owner="BuiltIn">
<msg time="2024-08-07T19:13:02.187160" level="INFO">username</msg>
<arg>${keyTwo}</arg>
<doc>Logs the given message with the given level.</doc>
<status status="PASS" start="2024-08-07T19:13:02.187039" elapsed="0.000158"/>
</kw>
<var name="${keyTwo}">username</var>
<status status="PASS" start="2024-08-07T19:13:02.185784" elapsed="0.001631"/>
</iter>
<iter>
<kw name="Dictionary Should Contain Key" owner="Collections">
<arg>${json_data['results'][0]['login']}</arg>
<arg>${keyTwo}</arg>
<doc>Fails if ``key`` is not found from ``dictionary``.</doc>
<status status="PASS" start="2024-08-07T19:13:02.187693" elapsed="0.000392"/>
</kw>
<kw name="Dictionary Should Contain Key" owner="Collections">
<arg>${json_data['results'][0]['login']}</arg>
<arg>${keyTwo}</arg>
<doc>Fails if ``key`` is not found from ``dictionary``.</doc>
<status status="PASS" start="2024-08-07T19:13:02.188265" elapsed="0.000371"/>
</kw>
<kw name="Log" owner="BuiltIn">
<msg time="2024-08-07T19:13:02.188928" level="INFO">password</msg>
<arg>${keyTwo}</arg>
<doc>Logs the given message with the given level.</doc>
<status status="PASS" start="2024-08-07T19:13:02.188811" elapsed="0.000154"/>
</kw>
<var name="${keyTwo}">password</var>
<status status="PASS" start="2024-08-07T19:13:02.187585" elapsed="0.001597"/>
</iter>
<var>${keyTwo}</var>
<value>@{expected_keysTwo}</value>
<status status="PASS" start="2024-08-07T19:13:02.185631" elapsed="0.003669"/>
</for>
<status status="PASS" start="2024-08-07T19:13:01.485276" elapsed="0.704163"/>
</kw>
<doc>Testa a estrutura da resposta da API.</doc>
<tag>testeEstruturaResposta</tag>
<status status="PASS" start="2024-08-07T19:13:01.484766" elapsed="0.704832"/>
</test>
<test id="s1-s1-t4" name="Validar tipos de dados" line="28">
<kw name="Teste de Tipos de Dados" owner="random-user-service">
<kw name="GET On Session" owner="RequestsLibrary">
<msg time="2024-08-07T19:13:03.339421" level="INFO">GET Request : url=https://randomuser.me/api 
 path_url=/api 
 headers={'User-Agent': 'python-requests/2.32.3', 'Accept-Encoding': 'gzip, deflate', 'Accept': '*/*', 'Connection': 'keep-alive'} 
 body=None 
 </msg>
<msg time="2024-08-07T19:13:03.339523" level="INFO">GET Response : url=https://randomuser.me/api 
 status=200, reason=OK 
 headers={'Date': 'Wed, 07 Aug 2024 19:13:03 GMT', 'Content-Type': 'application/json; charset=utf-8', 'Transfer-Encoding': 'chunked', 'Connection': 'keep-alive', 'X-Powered-By': 'Express', 'Access-Control-Allow-Origin': '*', 'Cache-Control': 'no-cache', 'ETag': 'W/"487-tBMnmqmht4vX6mehtWf2Ro5z67M"', 'Vary': 'Accept-Encoding', 'Content-Encoding': 'gzip', 'CF-Cache-Status': 'DYNAMIC', 'Report-To': '{"endpoints":[{"url":"https:\\/\\/a.nel.cloudflare.com\\/report\\/v4?s=UjUvgwrNOhuf0yI%2FpLaPVveR%2F3G1aGVVK9%2BOp214Q8wNF7dXxRURpV4MTBdlXdScqfHb1Q8ncrCyqWTP2%2FDg%2BFNlO5XTnrU4wmobjdm3f%2F1Fduo1L1fXIbL%2Ff%2BZiq4CG"}],"group":"cf-nel","max_age":604800}', 'NEL': '{"success_fraction":0,"report_to":"cf-nel","max_age":604800}', 'Server': 'cloudflare', 'CF-RAY': '8af994e4b9fe7ae6-SJC', 'alt-svc': 'h3=":443"; ma=86400'} 
 body={"results":[{"gender":"male","name":{"title":"Mr","first":"Lucas","last":"Mortensen"},"location":{"street":{"number":2701,"name":"Gammel Kirkevej"},"city":"Stokkemarke","state":"Nordjylland","country":"Denmark","postcode":55887,"coordinates":{"latitude":"-41.2291","longitude":"-58.8146"},"timezone":{"offset":"-8:00","description":"Pacific Time (US &amp; Canada)"}},"email":"lucas.mortensen@example.com","login":{"uuid":"78243d98-973e-4096-99af-787f18cfd033","username":"redwolf525","password":"misfit99","salt":"KDn6cKxw","md5":"43937e8b55f2d4d4b3c4674ea1f65cec","sha1":"d6b6509e9f8150cde74a93dbe3178621fedc6a23","sha256":"31c1b85c0f5c546c88204695ec4ac87fa89ffa17afe7e32a2e12b6d960dd2d2f"},"dob":{"date":"1974-06-18T04:45:48.735Z","age":50},"registered":{"date":"2012-01-04T12:52:46.280Z","age":12},"phone":"15798022","cell":"17647704","id":{"name":"CPR","value":"170674-9733"},"picture":{"large":"https://randomuser.me/api/portraits/men/96.jpg","medium":"https://randomuser.me/api/portraits/med/men/96.jpg","thumbnail":"https://randomuser.me/api/portraits/thumb/men/96.jpg"},"nat":"DK"}],"info":{"seed":"e9a108eae88b808f","results":1,"page":1,"version":"1.4"}} 
 </msg>
<msg time="2024-08-07T19:13:03.339598" level="INFO">/opt/hostedtoolcache/Python/3.12.4/x64/lib/python3.12/site-packages/urllib3/connectionpool.py:1099: InsecureRequestWarning: Unverified HTTPS request is being made to host 'randomuser.me'. Adding certificate verification is strongly advised. See: https://urllib3.readthedocs.io/en/latest/advanced-usage.html#tls-warnings
  warnings.warn(</msg>
<msg time="2024-08-07T19:13:03.339722" level="INFO">${response} = &lt;Response [200]&gt;</msg>
<var>${response}</var>
<arg>consultarAPI</arg>
<arg>/api</arg>
<doc>Sends a GET request on a previously created HTTP Session.</doc>
<status status="PASS" start="2024-08-07T19:13:02.192498" elapsed="1.147264"/>
</kw>
<kw name="Set Variable" owner="BuiltIn">
<msg time="2024-08-07T19:13:03.341062" level="INFO">${json_data} = {'results': [{'gender': 'male', 'name': {'title': 'Mr', 'first': 'Lucas', 'last': 'Mortensen'}, 'location': {'street': {'number': 2701, 'name': 'Gammel Kirkevej'}, 'city': 'Stokkemarke', 'state': 'Nor...</msg>
<var>${json_data}</var>
<arg>${response.json()}</arg>
<doc>Returns the given values which can then be assigned to a variables.</doc>
<status status="PASS" start="2024-08-07T19:13:03.340450" elapsed="0.000643"/>
</kw>
<kw name="Log" owner="BuiltIn">
<msg time="2024-08-07T19:13:03.341564" level="INFO">{'results': [{'gender': 'male', 'name': {'title': 'Mr', 'first': 'Lucas', 'last': 'Mortensen'}, 'location': {'street': {'number': 2701, 'name': 'Gammel Kirkevej'}, 'city': 'Stokkemarke', 'state': 'Nordjylland', 'country': 'Denmark', 'postcode': 55887, 'coordinates': {'latitude': '-41.2291', 'longitude': '-58.8146'}, 'timezone': {'offset': '-8:00', 'description': 'Pacific Time (US &amp; Canada)'}}, 'email': 'lucas.mortensen@example.com', 'login': {'uuid': '78243d98-973e-4096-99af-787f18cfd033', 'username': 'redwolf525', 'password': 'misfit99', 'salt': 'KDn6cKxw', 'md5': '43937e8b55f2d4d4b3c4674ea1f65cec', 'sha1': 'd6b6509e9f8150cde74a93dbe3178621fedc6a23', 'sha256': '31c1b85c0f5c546c88204695ec4ac87fa89ffa17afe7e32a2e12b6d960dd2d2f'}, 'dob': {'date': '1974-06-18T04:45:48.735Z', 'age': 50}, 'registered': {'date': '2012-01-04T12:52:46.280Z', 'age': 12}, 'phone': '15798022', 'cell': '17647704', 'id': {'name': 'CPR', 'value': '170674-9733'}, 'picture': {'large': 'https://randomuser.me/api/portraits/men/96.jpg', 'medium': 'https://randomuser.me/api/portraits/med/men/96.jpg', 'thumbnail': 'https://randomuser.me/api/portraits/thumb/men/96.jpg'}, 'nat': 'DK'}], 'info': {'seed': 'e9a108eae88b808f', 'results': 1, 'page': 1, 'version': '1.4'}}</msg>
<arg>${json_data}</arg>
<doc>Logs the given message with the given level.</doc>
<status status="PASS" start="2024-08-07T19:13:03.341407" elapsed="0.000206"/>
</kw>
<kw name="Should Be String" owner="String">
<arg>${json_data['results'][0]['gender']}</arg>
<doc>Fails if the given ``item`` is not a string.</doc>
<status status="PASS" start="2024-08-07T19:13:03.341904" elapsed="0.000354"/>
</kw>
<kw name="Should Match Regexp" owner="BuiltIn">
<arg>${json_data['results'][0]['email']}</arg>
<arg>^[a-zA-Z0-9._%+-]+@[a-zA-Z0-9.-]+\.[a-zA-Z]{2,}$</arg>
<doc>Fails if ``string`` does not match ``pattern`` as a regular expression.</doc>
<status status="PASS" start="2024-08-07T19:13:03.342450" elapsed="0.000643"/>
</kw>
<kw name="Should Match Regexp" owner="BuiltIn">
<arg>${json_data['results'][0]['dob']['date']}</arg>
<arg>\\d{4}-\\d{2}-\\d{2}T\\d{2}:\\d{2}:\\d{2}\\.\\d{3}Z</arg>
<doc>Fails if ``string`` does not match ``pattern`` as a regular expression.</doc>
<status status="PASS" start="2024-08-07T19:13:03.343355" elapsed="0.000660"/>
</kw>
<kw name="Should Match Regexp" owner="BuiltIn">
<arg>${json_data['results'][0]['registered']['date']}</arg>
<arg>\\d{4}-\\d{2}-\\d{2}T\\d{2}:\\d{2}:\\d{2}\\.\\d{3}Z</arg>
<doc>Fails if ``string`` does not match ``pattern`` as a regular expression.</doc>
<status status="PASS" start="2024-08-07T19:13:03.344211" elapsed="0.000376"/>
</kw>
<kw name="Should Match Regexp" owner="BuiltIn">
<arg>${json_data['results'][0]['picture']['large']}</arg>
<arg>^https?://.*\.(?:png|jpe?g|gif|bmp)$</arg>
<doc>Fails if ``string`` does not match ``pattern`` as a regular expression.</doc>
<status status="PASS" start="2024-08-07T19:13:03.344773" elapsed="0.000470"/>
</kw>
<kw name="Should Match Regexp" owner="BuiltIn">
<arg>${json_data['results'][0]['picture']['medium']}</arg>
<arg>^https?://.*\.(?:png|jpe?g|gif|bmp)$</arg>
<doc>Fails if ``string`` does not match ``pattern`` as a regular expression.</doc>
<status status="PASS" start="2024-08-07T19:13:03.345434" elapsed="0.000360"/>
</kw>
<kw name="Should Match Regexp" owner="BuiltIn">
<arg>${json_data['results'][0]['picture']['thumbnail']}</arg>
<arg>^https?://.*\.(?:png|jpe?g|gif|bmp)$</arg>
<doc>Fails if ``string`` does not match ``pattern`` as a regular expression.</doc>
<status status="PASS" start="2024-08-07T19:13:03.345979" elapsed="0.000353"/>
</kw>
<kw name="Log" owner="BuiltIn">
<msg time="2024-08-07T19:13:03.346882" level="INFO">{'large': 'https://randomuser.me/api/portraits/men/96.jpg', 'medium': 'https://randomuser.me/api/portraits/med/men/96.jpg', 'thumbnail': 'https://randomuser.me/api/portraits/thumb/men/96.jpg'}</msg>
<arg>${json_data['results'][0]['picture']}</arg>
<doc>Logs the given message with the given level.</doc>
<status status="PASS" start="2024-08-07T19:13:03.346514" elapsed="0.000410"/>
</kw>
<status status="PASS" start="2024-08-07T19:13:02.192226" elapsed="1.154971"/>
</kw>
<kw name="Teste de Tipos de Dados - Postcode" owner="random-user-service">
<kw name="GET On Session" owner="RequestsLibrary">
<msg time="2024-08-07T19:13:03.952034" level="INFO">GET Request : url=https://randomuser.me/api 
 path_url=/api 
 headers={'User-Agent': 'python-requests/2.32.3', 'Accept-Encoding': 'gzip, deflate', 'Accept': '*/*', 'Connection': 'keep-alive'} 
 body=None 
 </msg>
<msg time="2024-08-07T19:13:03.952147" level="INFO">GET Response : url=https://randomuser.me/api 
 status=200, reason=OK 
 headers={'Date': 'Wed, 07 Aug 2024 19:13:03 GMT', 'Content-Type': 'application/json; charset=utf-8', 'Transfer-Encoding': 'chunked', 'Connection': 'keep-alive', 'X-Powered-By': 'Express', 'Access-Control-Allow-Origin': '*', 'Cache-Control': 'no-cache', 'ETag': 'W/"48f-+onV3b+z+LQ42PiuFFbhGYms+Ws"', 'Vary': 'Accept-Encoding', 'Content-Encoding': 'gzip', 'CF-Cache-Status': 'DYNAMIC', 'Report-To': '{"endpoints":[{"url":"https:\\/\\/a.nel.cloudflare.com\\/report\\/v4?s=nHVrp9ppJwU2NNop%2FRZ4i3f2ghcmmUr2f6kTILYPzkTWUdcNJT6jY0inqNIER7Z8ddXi2Y2JArnHg2d4IcrFVV2WuxFZqawWoGKVDJX54y3EVON%2FACbTJwo1krgF%2BzcC"}],"group":"cf-nel","max_age":604800}', 'NEL': '{"success_fraction":0,"report_to":"cf-nel","max_age":604800}', 'Server': 'cloudflare', 'CF-RAY': '8af994ebf83e7ae6-SJC', 'alt-svc': 'h3=":443"; ma=86400'} 
 body={"results":[{"gender":"male","name":{"title":"Mr","first":"Veer","last":"Kini"},"location":{"street":{"number":3757,"name":"China Bazaar Rd"},"city":"Kirari Suleman Nagar","state":"Andaman and Nicobar Islands","country":"India","postcode":96786,"coordinates":{"latitude":"9.2732","longitude":"-61.1613"},"timezone":{"offset":"-12:00","description":"Eniwetok, Kwajalein"}},"email":"veer.kini@example.com","login":{"uuid":"f606280f-ab09-456b-a880-a3f42cd376b0","username":"orangebird699","password":"list","salt":"QUaItxS4","md5":"3345a60225de6e4fdcda3d73aa3a5e83","sha1":"05ef157bb5338e9cdd2a1d2b09ad5529b6671077","sha256":"c83f1161dbfa6d3d11a6510b7e8966d6e79f4107562d4f45690df86c6b5da9a9"},"dob":{"date":"1955-09-22T22:34:27.213Z","age":68},"registered":{"date":"2021-06-15T04:00:46.307Z","age":3},"phone":"7782437031","cell":"9925501596","id":{"name":"UIDAI","value":"637051260782"},"picture":{"large":"https://randomuser.me/api/portraits/men/26.jpg","medium":"https://randomuser.me/api/portraits/med/men/26.jpg","thumbnail":"https://randomuser.me/api/portraits/thumb/men/26.jpg"},"nat":"IN"}],"info":{"seed":"7442d2fbce064210","results":1,"page":1,"version":"1.4"}} 
 </msg>
<msg time="2024-08-07T19:13:03.952230" level="INFO">/opt/hostedtoolcache/Python/3.12.4/x64/lib/python3.12/site-packages/urllib3/connectionpool.py:1099: InsecureRequestWarning: Unverified HTTPS request is being made to host 'randomuser.me'. Adding certificate verification is strongly advised. See: https://urllib3.readthedocs.io/en/latest/advanced-usage.html#tls-warnings
  warnings.warn(</msg>
<msg time="2024-08-07T19:13:03.952368" level="INFO">${response} = &lt;Response [200]&gt;</msg>
<var>${response}</var>
<arg>consultarAPI</arg>
<arg>/api</arg>
<doc>Sends a GET request on a previously created HTTP Session.</doc>
<status status="PASS" start="2024-08-07T19:13:03.347658" elapsed="0.604753"/>
</kw>
<kw name="Set Variable" owner="BuiltIn">
<msg time="2024-08-07T19:13:03.953479" level="INFO">${json_data} = {'results': [{'gender': 'male', 'name': {'title': 'Mr', 'first': 'Veer', 'last': 'Kini'}, 'location': {'street': {'number': 3757, 'name': 'China Bazaar Rd'}, 'city': 'Kirari Suleman Nagar', 'state': '...</msg>
<var>${json_data}</var>
<arg>${response.json()}</arg>
<doc>Returns the given values which can then be assigned to a variables.</doc>
<status status="PASS" start="2024-08-07T19:13:03.952955" elapsed="0.000553"/>
</kw>
<kw name="Log" owner="BuiltIn">
<msg time="2024-08-07T19:13:03.953969" level="INFO">{'results': [{'gender': 'male', 'name': {'title': 'Mr', 'first': 'Veer', 'last': 'Kini'}, 'location': {'street': {'number': 3757, 'name': 'China Bazaar Rd'}, 'city': 'Kirari Suleman Nagar', 'state': 'Andaman and Nicobar Islands', 'country': 'India', 'postcode': 96786, 'coordinates': {'latitude': '9.2732', 'longitude': '-61.1613'}, 'timezone': {'offset': '-12:00', 'description': 'Eniwetok, Kwajalein'}}, 'email': 'veer.kini@example.com', 'login': {'uuid': 'f606280f-ab09-456b-a880-a3f42cd376b0', 'username': 'orangebird699', 'password': 'list', 'salt': 'QUaItxS4', 'md5': '3345a60225de6e4fdcda3d73aa3a5e83', 'sha1': '05ef157bb5338e9cdd2a1d2b09ad5529b6671077', 'sha256': 'c83f1161dbfa6d3d11a6510b7e8966d6e79f4107562d4f45690df86c6b5da9a9'}, 'dob': {'date': '1955-09-22T22:34:27.213Z', 'age': 68}, 'registered': {'date': '2021-06-15T04:00:46.307Z', 'age': 3}, 'phone': '7782437031', 'cell': '9925501596', 'id': {'name': 'UIDAI', 'value': '637051260782'}, 'picture': {'large': 'https://randomuser.me/api/portraits/men/26.jpg', 'medium': 'https://randomuser.me/api/portraits/med/men/26.jpg', 'thumbnail': 'https://randomuser.me/api/portraits/thumb/men/26.jpg'}, 'nat': 'IN'}], 'info': {'seed': '7442d2fbce064210', 'results': 1, 'page': 1, 'version': '1.4'}}</msg>
<arg>${json_data}</arg>
<doc>Logs the given message with the given level.</doc>
<status status="PASS" start="2024-08-07T19:13:03.953814" elapsed="0.000201"/>
</kw>
<kw name="Should Be Equal As Numbers" owner="BuiltIn">
<arg>${json_data['results'][0]['location']['postcode']}</arg>
<arg>${json_data['results'][0]['location']['postcode']}</arg>
<doc>Fails if objects are unequal after converting them to real numbers.</doc>
<status status="PASS" start="2024-08-07T19:13:03.954307" elapsed="0.000680"/>
</kw>
<kw name="Log" owner="BuiltIn">
<msg time="2024-08-07T19:13:03.955511" level="INFO">96786</msg>
<arg>${json_data['results'][0]['location']['postcode']}</arg>
<doc>Logs the given message with the given level.</doc>
<status status="PASS" start="2024-08-07T19:13:03.955174" elapsed="0.000377"/>
</kw>
<status status="PASS" start="2024-08-07T19:13:03.347427" elapsed="0.608412"/>
</kw>
<doc>Testa se os tipos de dados na resposta da API estão corretos.</doc>
<tag>testeTiposDados</tag>
<status status="PASS" start="2024-08-07T19:13:02.191566" elapsed="1.764447"/>
</test>
<test id="s1-s1-t5" name="Validar conteudo" line="35">
<kw name="Teste de Tipos de Conteudo" owner="random-user-service">
<kw name="GET On Session" owner="RequestsLibrary">
<msg time="2024-08-07T19:13:04.142921" level="INFO">GET Request : url=https://randomuser.me/api 
 path_url=/api 
 headers={'User-Agent': 'python-requests/2.32.3', 'Accept-Encoding': 'gzip, deflate', 'Accept': '*/*', 'Connection': 'keep-alive'} 
 body=None 
 </msg>
<msg time="2024-08-07T19:13:04.143037" level="INFO">GET Response : url=https://randomuser.me/api 
 status=200, reason=OK 
 headers={'Date': 'Wed, 07 Aug 2024 19:13:04 GMT', 'Content-Type': 'application/json; charset=utf-8', 'Transfer-Encoding': 'chunked', 'Connection': 'keep-alive', 'X-Powered-By': 'Express', 'Access-Control-Allow-Origin': '*', 'Cache-Control': 'no-cache', 'ETag': 'W/"4af-1mKMrbn8P9OyGDuYVJLlmJQSDDc"', 'Vary': 'Accept-Encoding', 'Content-Encoding': 'gzip', 'CF-Cache-Status': 'DYNAMIC', 'Report-To': '{"endpoints":[{"url":"https:\\/\\/a.nel.cloudflare.com\\/report\\/v4?s=EVYElN0P9O4Z5hGfG8EUIlhykfUCBZdPW2OzucFRao8fy7A%2FJsnK3j2xFhzTWD8UajY06Lr%2BRlrOeyuf6zeJJlY9On3weMl3pQMNbZalQFokGha5KSPDav71IPVZdEVT"}],"group":"cf-nel","max_age":604800}', 'NEL': '{"success_fraction":0,"report_to":"cf-nel","max_age":604800}', 'Server': 'cloudflare', 'CF-RAY': '8af994efcd127ae6-SJC', 'alt-svc': 'h3=":443"; ma=86400'} 
 body={"results":[{"gender":"female","name":{"title":"Madame","first":"Lynn","last":"Henry"},"location":{"street":{"number":3444,"name":"Place de L'Abbé-Franz-Stock"},"city":"Bellwald","state":"Glarus","country":"Switzerland","postcode":6289,"coordinates":{"latitude":"-61.1572","longitude":"17.4237"},"timezone":{"offset":"+3:00","description":"Baghdad, Riyadh, Moscow, St. Petersburg"}},"email":"lynn.henry@example.com","login":{"uuid":"96985315-d50f-4114-8a4b-ba855b94bd9f","username":"sadpeacock715","password":"confused","salt":"uc9hhqYN","md5":"4c6a4b3a6b0a2af13a8deb22f13b2877","sha1":"53689e31d7611ccc416235595ec377f21e7f9ddc","sha256":"64c79ced97b162f4d9b842280cbbfd66b3296764a289207f11fe2471b5a12c3b"},"dob":{"date":"1974-06-26T08:51:08.046Z","age":50},"registered":{"date":"2009-03-02T01:53:17.995Z","age":15},"phone":"076 786 94 27","cell":"079 073 63 80","id":{"name":"AVS","value":"756.5522.1354.44"},"picture":{"large":"https://randomuser.me/api/portraits/women/30.jpg","medium":"https://randomuser.me/api/portraits/med/women/30.jpg","thumbnail":"https://randomuser.me/api/portraits/thumb/women/30.jpg"},"nat":"CH"}],"info":{"seed":"2f3008f3debb1b0a","results":1,"page":1,"version":"1.4"}} 
 </msg>
<msg time="2024-08-07T19:13:04.143116" level="INFO">/opt/hostedtoolcache/Python/3.12.4/x64/lib/python3.12/site-packages/urllib3/connectionpool.py:1099: InsecureRequestWarning: Unverified HTTPS request is being made to host 'randomuser.me'. Adding certificate verification is strongly advised. See: https://urllib3.readthedocs.io/en/latest/advanced-usage.html#tls-warnings
  warnings.warn(</msg>
<msg time="2024-08-07T19:13:04.143246" level="INFO">${response} = &lt;Response [200]&gt;</msg>
<var>${response}</var>
<arg>consultarAPI</arg>
<arg>/api</arg>
<doc>Sends a GET request on a previously created HTTP Session.</doc>
<status status="PASS" start="2024-08-07T19:13:03.958470" elapsed="0.184818"/>
</kw>
<kw name="Set Variable" owner="BuiltIn">
<msg time="2024-08-07T19:13:04.144609" level="INFO">${json_data} = {'results': [{'gender': 'female', 'name': {'title': 'Madame', 'first': 'Lynn', 'last': 'Henry'}, 'location': {'street': {'number': 3444, 'name': "Place de L'Abbé-Franz-Stock"}, 'city': 'Bellwald', 'st...</msg>
<var>${json_data}</var>
<arg>${response.json()}</arg>
<doc>Returns the given values which can then be assigned to a variables.</doc>
<status status="PASS" start="2024-08-07T19:13:04.143996" elapsed="0.000644"/>
</kw>
<kw name="Set Variable" owner="BuiltIn">
<msg time="2024-08-07T19:13:04.145362" level="INFO">${name_title} = Madame</msg>
<var>${name_title}</var>
<arg>${json_data["results"][0]["name"]["title"]}</arg>
<doc>Returns the given values which can then be assigned to a variables.</doc>
<status status="PASS" start="2024-08-07T19:13:04.144964" elapsed="0.000424"/>
</kw>
<kw name="Create List" owner="BuiltIn">
<msg time="2024-08-07T19:13:04.145837" level="INFO">${allowed_titles} = ['Mr', 'Ms', 'Miss', 'Mrs', 'Madame', 'Monsieur']</msg>
<var>${allowed_titles}</var>
<arg>Mr</arg>
<arg>Ms</arg>
<arg>Miss</arg>
<arg>Mrs</arg>
<arg>Madame</arg>
<arg>Monsieur</arg>
<doc>Returns a list containing given items.</doc>
<status status="PASS" start="2024-08-07T19:13:04.145688" elapsed="0.000174"/>
</kw>
<kw name="List Should Contain Value" owner="Collections">
<arg>${allowed_titles}</arg>
<arg>${name_title}</arg>
<doc>Fails if the ``value`` is not found from ``list``.</doc>
<status status="PASS" start="2024-08-07T19:13:04.146158" elapsed="0.000179"/>
</kw>
<kw name="Set Variable" owner="BuiltIn">
<msg time="2024-08-07T19:13:04.146942" level="INFO">${name_country} = CH</msg>
<var>${name_country}</var>
<arg>${json_data["results"][0]["nat"]}</arg>
<doc>Returns the given values which can then be assigned to a variables.</doc>
<status status="PASS" start="2024-08-07T19:13:04.146521" elapsed="0.000447"/>
</kw>
<kw name="Create List" owner="BuiltIn">
<msg time="2024-08-07T19:13:04.147867" level="INFO">${list_country} = ['AD', 'AE', 'AF', 'AG', 'AI', 'AL', 'AM', 'AO', 'AQ', 'AR', 'AS', 'AT', 'AU', 'AW', 'AX', 'AZ', 'BA', 'BB', 'BD', 'BE', 'BF', 'BG', 'BH', 'BI', 'BJ', 'BL', 'BM', 'BN', 'BO', 'BQ', 'BR', 'BS', 'BT', '...</msg>
<var>${list_country}</var>
<arg>AD</arg>
<arg>AE</arg>
<arg>AF</arg>
<arg>AG</arg>
<arg>AI</arg>
<arg>AL</arg>
<arg>AM</arg>
<arg>AO</arg>
<arg>AQ</arg>
<arg>AR</arg>
<arg>AS</arg>
<arg>AT</arg>
<arg>AU</arg>
<arg>AW</arg>
<arg>AX</arg>
<arg>AZ</arg>
<arg>BA</arg>
<arg>BB</arg>
<arg>BD</arg>
<arg>BE</arg>
<arg>BF</arg>
<arg>BG</arg>
<arg>BH</arg>
<arg>BI</arg>
<arg>BJ</arg>
<arg>BL</arg>
<arg>BM</arg>
<arg>BN</arg>
<arg>BO</arg>
<arg>BQ</arg>
<arg>BR</arg>
<arg>BS</arg>
<arg>BT</arg>
<arg>BV</arg>
<arg>BW</arg>
<arg>BY</arg>
<arg>BZ</arg>
<arg>CA</arg>
<arg>CC</arg>
<arg>CD</arg>
<arg>CF</arg>
<arg>CG</arg>
<arg>CH</arg>
<arg>CI</arg>
<arg>CK</arg>
<arg>CL</arg>
<arg>CM</arg>
<arg>CN</arg>
<arg>CO</arg>
<arg>CR</arg>
<arg>CU</arg>
<arg>CV</arg>
<arg>CW</arg>
<arg>CX</arg>
<arg>CY</arg>
<arg>CZ</arg>
<arg>DE</arg>
<arg>DJ</arg>
<arg>DK</arg>
<arg>DM</arg>
<arg>DO</arg>
<arg>DZ</arg>
<arg>EC</arg>
<arg>EE</arg>
<arg>EG</arg>
<arg>EH</arg>
<arg>ER</arg>
<arg>ES</arg>
<arg>ET</arg>
<arg>FI</arg>
<arg>FJ</arg>
<arg>FK</arg>
<arg>FM</arg>
<arg>FO</arg>
<arg>FR</arg>
<arg>GA</arg>
<arg>GB</arg>
<arg>GD</arg>
<arg>GE</arg>
<arg>GF</arg>
<arg>GG</arg>
<arg>GH</arg>
<arg>GI</arg>
<arg>GL</arg>
<arg>GM</arg>
<arg>GN</arg>
<arg>GP</arg>
<arg>GQ</arg>
<arg>GR</arg>
<arg>GS</arg>
<arg>GT</arg>
<arg>GU</arg>
<arg>GW</arg>
<arg>GY</arg>
<arg>HK</arg>
<arg>HM</arg>
<arg>HN</arg>
<arg>HR</arg>
<arg>HT</arg>
<arg>HU</arg>
<arg>ID</arg>
<arg>IE</arg>
<arg>IL</arg>
<arg>IM</arg>
<arg>IN</arg>
<arg>IO</arg>
<arg>IQ</arg>
<arg>IR</arg>
<arg>IS</arg>
<arg>IT</arg>
<arg>JE</arg>
<arg>JM</arg>
<arg>JO</arg>
<arg>JP</arg>
<arg>KE</arg>
<arg>KG</arg>
<arg>KH</arg>
<arg>KI</arg>
<arg>KM</arg>
<arg>KN</arg>
<arg>KP</arg>
<arg>KR</arg>
<arg>KW</arg>
<arg>KY</arg>
<arg>KZ</arg>
<arg>LA</arg>
<arg>LB</arg>
<arg>LC</arg>
<arg>LI</arg>
<arg>LK</arg>
<arg>LR</arg>
<arg>LS</arg>
<arg>LT</arg>
<arg>LU</arg>
<arg>LV</arg>
<arg>LY</arg>
<arg>MA</arg>
<arg>MC</arg>
<arg>MD</arg>
<arg>ME</arg>
<arg>MF</arg>
<arg>MG</arg>
<arg>MH</arg>
<arg>MK</arg>
<arg>ML</arg>
<arg>MM</arg>
<arg>MN</arg>
<arg>MO</arg>
<arg>MP</arg>
<arg>MQ</arg>
<arg>MR</arg>
<arg>MS</arg>
<arg>MT</arg>
<arg>MU</arg>
<arg>MV</arg>
<arg>MW</arg>
<arg>MX</arg>
<arg>MY</arg>
<arg>MZ</arg>
<arg>NA</arg>
<arg>NC</arg>
<arg>NE</arg>
<arg>NF</arg>
<arg>NG</arg>
<arg>NI</arg>
<arg>NL</arg>
<arg>NO</arg>
<arg>NP</arg>
<arg>NR</arg>
<arg>NU</arg>
<arg>NZ</arg>
<arg>OM</arg>
<arg>PA</arg>
<arg>PE</arg>
<arg>PF</arg>
<arg>PG</arg>
<arg>PH</arg>
<arg>PK</arg>
<arg>PL</arg>
<arg>PM</arg>
<arg>PN</arg>
<arg>PR</arg>
<arg>PS</arg>
<arg>PT</arg>
<arg>PW</arg>
<arg>PY</arg>
<arg>QA</arg>
<arg>RE</arg>
<arg>RO</arg>
<arg>RS</arg>
<arg>RU</arg>
<arg>RW</arg>
<arg>SA</arg>
<arg>SB</arg>
<arg>SC</arg>
<arg>SD</arg>
<arg>SE</arg>
<arg>SG</arg>
<arg>SH</arg>
<arg>SI</arg>
<arg>SJ</arg>
<arg>SK</arg>
<arg>SL</arg>
<arg>SM</arg>
<arg>SN</arg>
<arg>SO</arg>
<arg>SR</arg>
<arg>SS</arg>
<arg>ST</arg>
<arg>SV</arg>
<arg>SX</arg>
<arg>SY</arg>
<arg>SZ</arg>
<arg>TC</arg>
<arg>TD</arg>
<arg>TF</arg>
<arg>TG</arg>
<arg>TH</arg>
<arg>TJ</arg>
<arg>TK</arg>
<arg>TL</arg>
<arg>TM</arg>
<arg>TN</arg>
<arg>TO</arg>
<arg>TR</arg>
<arg>TT</arg>
<arg>TV</arg>
<arg>TW</arg>
<arg>TZ</arg>
<arg>UA</arg>
<arg>UG</arg>
<arg>UM</arg>
<arg>US</arg>
<arg>UY</arg>
<arg>UZ</arg>
<arg>VA</arg>
<arg>VC</arg>
<arg>VE</arg>
<arg>VG</arg>
<arg>VI</arg>
<arg>VN</arg>
<arg>VU</arg>
<arg>WF</arg>
<arg>WS</arg>
<arg>XK</arg>
<arg>YE</arg>
<arg>YT</arg>
<arg>ZA</arg>
<arg>ZM</arg>
<arg>ZW</arg>
<doc>Returns a list containing given items.</doc>
<status status="PASS" start="2024-08-07T19:13:04.147268" elapsed="0.000624"/>
</kw>
<kw name="List Should Contain Value" owner="Collections">
<arg>${list_country}</arg>
<arg>${name_country}</arg>
<doc>Fails if the ``value`` is not found from ``list``.</doc>
<status status="PASS" start="2024-08-07T19:13:04.148884" elapsed="0.000211"/>
</kw>
<kw name="Run Keyword If" owner="BuiltIn">
<kw name="Should Be True" owner="BuiltIn">
<arg>${True}</arg>
<doc>Fails if the given condition is not true.</doc>
<status status="PASS" start="2024-08-07T19:13:04.150053" elapsed="0.000143"/>
</kw>
<arg>${json_data["results"][0]["location"]["coordinates"]["latitude"]} &gt;= -90 and ${json_data["results"][0]["location"]["coordinates"]["latitude"]} &lt;= 90</arg>
<arg>Should Be True</arg>
<arg>${True}</arg>
<doc>Runs the given keyword with the given arguments, if ``condition`` is true.</doc>
<status status="PASS" start="2024-08-07T19:13:04.149300" elapsed="0.001027"/>
</kw>
<kw name="Run Keyword If" owner="BuiltIn">
<kw name="Should Be True" owner="BuiltIn">
<arg>${True}</arg>
<doc>Fails if the given condition is not true.</doc>
<status status="PASS" start="2024-08-07T19:13:04.151235" elapsed="0.000140"/>
</kw>
<arg>${json_data["results"][0]["location"]["coordinates"]["longitude"]} &gt;= -180 and ${json_data["results"][0]["location"]["coordinates"]["longitude"]} &lt;= 180</arg>
<arg>Should Be True</arg>
<arg>${True}</arg>
<doc>Runs the given keyword with the given arguments, if ``condition`` is true.</doc>
<status status="PASS" start="2024-08-07T19:13:04.150509" elapsed="0.000991"/>
</kw>
<status status="PASS" start="2024-08-07T19:13:03.958243" elapsed="0.193390"/>
</kw>
<doc>Testa o conteúdo específico dos campos retornados pela API.</doc>
<tag>testeConteudo</tag>
<status status="PASS" start="2024-08-07T19:13:03.957777" elapsed="0.194015"/>
</test>
<status status="PASS" start="2024-08-07T19:13:00.629131" elapsed="3.524603"/>
</suite>
<status status="PASS" start="2024-08-07T19:13:00.613358" elapsed="3.545525"/>
</suite>
<statistics>
<total>
<stat pass="5" fail="0" skip="0">All Tests</stat>
</total>
<tag>
<stat pass="1" fail="0" skip="0">testeConteudo</stat>
<stat pass="1" fail="0" skip="0">testeEstruturaResposta</stat>
<stat pass="1" fail="0" skip="0">testeRequisicaoBasica</stat>
<stat pass="1" fail="0" skip="0">testeTiposDados</stat>
</tag>
<suite>
<stat pass="5" fail="0" skip="0" id="s1" name="Tests">Tests</stat>
<stat pass="5" fail="0" skip="0" id="s1-s1" name="Random-User-Test">Tests.Random-User-Test</stat>
</suite>
</statistics>
<errors>
</errors>
</robot>
