<?xml version="1.0" encoding="UTF-8"?>
<robot generator="Robot 7.0 (Python 3.12.3 on linux)" generated="2024-05-09T13:17:27.075753" rpa="false" schemaversion="5">
<suite id="s1" name="Tests" source="/home/runner/work/DesafioQAItauRogerioJordao/DesafioQAItauRogerioJordao/RamdonUser/tests">
<suite id="s1-s1" name="Random-User-Test" source="/home/runner/work/DesafioQAItauRogerioJordao/DesafioQAItauRogerioJordao/RamdonUser/tests/random-user-test.robot">
<test id="s1-s1-t1" name="Conectar" line="13">
<kw name="Conectar API" owner="random-user-service">
<kw name="Create Session" owner="RequestsLibrary">
<msg time="2024-05-09T13:17:27.449360" level="INFO">Creating Session using : alias=consultarAPI, url=https://randomuser.me/, headers={},                     cookies={}, auth=None, timeout=None, proxies=None, verify=False,                     debug=0 </msg>
<arg>consultarAPI</arg>
<arg>${URL}</arg>
<doc>Create Session: create a HTTP session to a server</doc>
<status status="PASS" start="2024-05-09T13:17:27.449151" elapsed="0.000409"/>
</kw>
<status status="PASS" start="2024-05-09T13:17:27.448141" elapsed="0.001790"/>
</kw>
<status status="PASS" start="2024-05-09T13:17:27.447447" elapsed="0.002682"/>
</test>
<test id="s1-s1-t2" name="Validar retorno 200 e JSON Válido" line="16">
<kw name="Teste de Requisicao Basica" owner="random-user-service">
<kw name="GET On Session" owner="RequestsLibrary">
<msg time="2024-05-09T13:17:27.643978" level="INFO">GET Request : url=https://randomuser.me/api 
 path_url=/api 
 headers={'User-Agent': 'python-requests/2.31.0', 'Accept-Encoding': 'gzip, deflate', 'Accept': '*/*', 'Connection': 'keep-alive'} 
 body=None 
 </msg>
<msg time="2024-05-09T13:17:27.644131" level="INFO">GET Response : url=https://randomuser.me/api 
 status=200, reason=OK 
 headers={'Date': 'Thu, 09 May 2024 13:17:27 GMT', 'Content-Type': 'application/json; charset=utf-8', 'Transfer-Encoding': 'chunked', 'Connection': 'keep-alive', 'X-Powered-By': 'Express', 'Access-Control-Allow-Origin': '*', 'Cache-Control': 'no-cache', 'ETag': 'W/"492-gDJNktUUjMy3xgnip/+GGetPCaU"', 'Vary': 'Accept-Encoding', 'Content-Encoding': 'gzip', 'CF-Cache-Status': 'DYNAMIC', 'Report-To': '{"endpoints":[{"url":"https:\\/\\/a.nel.cloudflare.com\\/report\\/v4?s=8gcH5nKsVDmdqLonukHLMARUr7dEWUqzVYfMvCtVaqxmCHqYtZvV%2B1Wwr98j8kNGpjX3oxvFn6zq%2B%2BZOinqXtjDKUmBdYeTEeORRkzYGbTgfvcwpo6TvCIaa0LcwH9X4"}],"group":"cf-nel","max_age":604800}', 'NEL': '{"success_fraction":0,"report_to":"cf-nel","max_age":604800}', 'Server': 'cloudflare', 'CF-RAY': '8811f8477c1a0804-IAD', 'alt-svc': 'h3=":443"; ma=86400'} 
 body={"results":[{"gender":"male","name":{"title":"Mr","first":"Harrison","last":"Wang"},"location":{"street":{"number":1662,"name":"Andersons Bay Road"},"city":"Timaru","state":"Manawatu-Wanganui","country":"New Zealand","postcode":12249,"coordinates":{"latitude":"51.1129","longitude":"-156.7122"},"timezone":{"offset":"+11:00","description":"Magadan, Solomon Islands, New Caledonia"}},"email":"harrison.wang@example.com","login":{"uuid":"6df20c50-db7e-4e81-83bd-fb115581dd3a","username":"sadswan984","password":"city","salt":"2SC55HdI","md5":"b19e7be23dfe196b146c6ba479374832","sha1":"e3bd54c14624386d095db6c1762c809d5ff6dc25","sha256":"db5b566c2a60e5ae81176b920d4b490cc9592a04e95948b4182920c47c3413a2"},"dob":{"date":"1986-04-04T16:22:00.174Z","age":38},"registered":{"date":"2004-07-08T15:38:47.508Z","age":19},"phone":"(335)-088-1661","cell":"(738)-489-1559","id":{"name":"","value":null},"picture":{"large":"https://randomuser.me/api/portraits/men/7.jpg","medium":"https://randomuser.me/api/portraits/med/men/7.jpg","thumbnail":"https://randomuser.me/api/portraits/thumb/men/7.jpg"},"nat":"NZ"}],"info":{"seed":"27aa0ee5fda8bf37","results":1,"page":1,"version":"1.4"}} 
 </msg>
<msg time="2024-05-09T13:17:27.644215" level="INFO">/opt/hostedtoolcache/Python/3.12.3/x64/lib/python3.12/site-packages/urllib3/connectionpool.py:1103: InsecureRequestWarning: Unverified HTTPS request is being made to host 'randomuser.me'. Adding certificate verification is strongly advised. See: https://urllib3.readthedocs.io/en/latest/advanced-usage.html#tls-warnings
  warnings.warn(</msg>
<msg time="2024-05-09T13:17:27.644380" level="INFO">${response} = &lt;Response [200]&gt;</msg>
<var>${response}</var>
<arg>consultarAPI</arg>
<arg>/api</arg>
<doc>Sends a GET request on a previously created HTTP Session.</doc>
<status status="PASS" start="2024-05-09T13:17:27.452834" elapsed="0.191584"/>
</kw>
<kw name="Should Be Equal As Numbers" owner="BuiltIn">
<msg time="2024-05-09T13:17:27.645538" level="INFO">Argument types are:
&lt;class 'int'&gt;
&lt;class 'str'&gt;</msg>
<arg>${response.status_code}</arg>
<arg>200</arg>
<doc>Fails if objects are unequal after converting them to real numbers.</doc>
<status status="PASS" start="2024-05-09T13:17:27.645057" elapsed="0.000549"/>
</kw>
<kw name="Log" owner="BuiltIn">
<msg time="2024-05-09T13:17:27.646321" level="INFO">200</msg>
<arg>${response.status_code}</arg>
<doc>Logs the given message with the given level.</doc>
<status status="PASS" start="2024-05-09T13:17:27.645961" elapsed="0.000403"/>
</kw>
<kw name="Set Variable" owner="BuiltIn">
<msg time="2024-05-09T13:17:27.647111" level="INFO">${json_data} = {'results': [{'gender': 'male', 'name': {'title': 'Mr', 'first': 'Harrison', 'last': 'Wang'}, 'location': {'street': {'number': 1662, 'name': 'Andersons Bay Road'}, 'city': 'Timaru', 'state': 'Manawat...</msg>
<var>${json_data}</var>
<arg>${response.json()}</arg>
<doc>Returns the given values which can then be assigned to a variables.</doc>
<status status="PASS" start="2024-05-09T13:17:27.646672" elapsed="0.000468"/>
</kw>
<kw name="Dictionary Should Contain Key" owner="Collections">
<msg time="2024-05-09T13:17:27.647615" level="INFO">False</msg>
<arg>${json_data}</arg>
<arg>results</arg>
<doc>Fails if ``key`` is not found from ``dictionary``.</doc>
<status status="PASS" start="2024-05-09T13:17:27.647440" elapsed="0.000248"/>
</kw>
<status status="PASS" start="2024-05-09T13:17:27.452589" elapsed="0.195383"/>
</kw>
<doc>Testa se a API responde corretamente e retorna um objeto JSON válido.</doc>
<tag>testeRequisicaoBasica</tag>
<status status="PASS" start="2024-05-09T13:17:27.452065" elapsed="0.196110"/>
</test>
<test id="s1-s1-t3" name="Validar estrutura de resposta" line="22">
<kw name="Teste de Estrutura de Resposta" owner="random-user-service">
<kw name="GET On Session" owner="RequestsLibrary">
<msg time="2024-05-09T13:17:27.750869" level="INFO">GET Request : url=https://randomuser.me/api 
 path_url=/api 
 headers={'User-Agent': 'python-requests/2.31.0', 'Accept-Encoding': 'gzip, deflate', 'Accept': '*/*', 'Connection': 'keep-alive'} 
 body=None 
 </msg>
<msg time="2024-05-09T13:17:27.750950" level="INFO">GET Response : url=https://randomuser.me/api 
 status=200, reason=OK 
 headers={'Date': 'Thu, 09 May 2024 13:17:27 GMT', 'Content-Type': 'application/json; charset=utf-8', 'Transfer-Encoding': 'chunked', 'Connection': 'keep-alive', 'X-Powered-By': 'Express', 'Access-Control-Allow-Origin': '*', 'Cache-Control': 'no-cache', 'ETag': 'W/"490-TOSvlCC5Pq3AFhDRSpXSA7TdqY4"', 'Vary': 'Accept-Encoding', 'Content-Encoding': 'gzip', 'CF-Cache-Status': 'DYNAMIC', 'Report-To': '{"endpoints":[{"url":"https:\\/\\/a.nel.cloudflare.com\\/report\\/v4?s=8wgZQ2NigH8pEmPuQsAXHc8dDKb%2FdswslCxFp5Gg8jyifv35Ww3coQ%2BTwwsBoLQPDFnL0ZQ9fh1AGidddVwErcavvA9F%2FQAHcsqnVmrYWLSc99etLuYqMv%2BR%2FYWSZS4V"}],"group":"cf-nel","max_age":604800}', 'NEL': '{"success_fraction":0,"report_to":"cf-nel","max_age":604800}', 'Server': 'cloudflare', 'CF-RAY': '8811f847dc920804-IAD', 'alt-svc': 'h3=":443"; ma=86400'} 
 body={"results":[{"gender":"female","name":{"title":"Mrs","first":"Jeanette","last":"Pearson"},"location":{"street":{"number":6147,"name":"W Dallas St"},"city":"Geelong","state":"South Australia","country":"Australia","postcode":7927,"coordinates":{"latitude":"-86.4658","longitude":"95.5365"},"timezone":{"offset":"+6:00","description":"Almaty, Dhaka, Colombo"}},"email":"jeanette.pearson@example.com","login":{"uuid":"7aac9e68-b0f0-4616-b297-7f73694930ad","username":"lazyladybug954","password":"mann","salt":"b0bzgx9j","md5":"5763fdf7d2c8646aa172820a2f3e5226","sha1":"6df6e3bb35419796722b1f36489a2229286064e5","sha256":"4cd8724c5f50fea95679e9c1abb49ff567faaee426f96b6f5e6e071037c678a3"},"dob":{"date":"1971-02-27T01:43:04.416Z","age":53},"registered":{"date":"2006-01-17T00:08:05.557Z","age":18},"phone":"05-2620-6855","cell":"0482-905-763","id":{"name":"TFN","value":"744734017"},"picture":{"large":"https://randomuser.me/api/portraits/women/36.jpg","medium":"https://randomuser.me/api/portraits/med/women/36.jpg","thumbnail":"https://randomuser.me/api/portraits/thumb/women/36.jpg"},"nat":"AU"}],"info":{"seed":"c75cf0fb316b0e62","results":1,"page":1,"version":"1.4"}} 
 </msg>
<msg time="2024-05-09T13:17:27.751064" level="INFO">/opt/hostedtoolcache/Python/3.12.3/x64/lib/python3.12/site-packages/urllib3/connectionpool.py:1103: InsecureRequestWarning: Unverified HTTPS request is being made to host 'randomuser.me'. Adding certificate verification is strongly advised. See: https://urllib3.readthedocs.io/en/latest/advanced-usage.html#tls-warnings
  warnings.warn(</msg>
<msg time="2024-05-09T13:17:27.751193" level="INFO">${response} = &lt;Response [200]&gt;</msg>
<var>${response}</var>
<arg>consultarAPI</arg>
<arg>/api</arg>
<doc>Sends a GET request on a previously created HTTP Session.</doc>
<status status="PASS" start="2024-05-09T13:17:27.650803" elapsed="0.100431"/>
</kw>
<kw name="Set Variable" owner="BuiltIn">
<msg time="2024-05-09T13:17:27.752197" level="INFO">${json_data} = {'results': [{'gender': 'female', 'name': {'title': 'Mrs', 'first': 'Jeanette', 'last': 'Pearson'}, 'location': {'street': {'number': 6147, 'name': 'W Dallas St'}, 'city': 'Geelong', 'state': 'South A...</msg>
<var>${json_data}</var>
<arg>${response.json()}</arg>
<doc>Returns the given values which can then be assigned to a variables.</doc>
<status status="PASS" start="2024-05-09T13:17:27.751698" elapsed="0.000528"/>
</kw>
<kw name="Log" owner="BuiltIn">
<msg time="2024-05-09T13:17:27.752693" level="INFO">{'results': [{'gender': 'female', 'name': {'title': 'Mrs', 'first': 'Jeanette', 'last': 'Pearson'}, 'location': {'street': {'number': 6147, 'name': 'W Dallas St'}, 'city': 'Geelong', 'state': 'South Australia', 'country': 'Australia', 'postcode': 7927, 'coordinates': {'latitude': '-86.4658', 'longitude': '95.5365'}, 'timezone': {'offset': '+6:00', 'description': 'Almaty, Dhaka, Colombo'}}, 'email': 'jeanette.pearson@example.com', 'login': {'uuid': '7aac9e68-b0f0-4616-b297-7f73694930ad', 'username': 'lazyladybug954', 'password': 'mann', 'salt': 'b0bzgx9j', 'md5': '5763fdf7d2c8646aa172820a2f3e5226', 'sha1': '6df6e3bb35419796722b1f36489a2229286064e5', 'sha256': '4cd8724c5f50fea95679e9c1abb49ff567faaee426f96b6f5e6e071037c678a3'}, 'dob': {'date': '1971-02-27T01:43:04.416Z', 'age': 53}, 'registered': {'date': '2006-01-17T00:08:05.557Z', 'age': 18}, 'phone': '05-2620-6855', 'cell': '0482-905-763', 'id': {'name': 'TFN', 'value': '744734017'}, 'picture': {'large': 'https://randomuser.me/api/portraits/women/36.jpg', 'medium': 'https://randomuser.me/api/portraits/med/women/36.jpg', 'thumbnail': 'https://randomuser.me/api/portraits/thumb/women/36.jpg'}, 'nat': 'AU'}], 'info': {'seed': 'c75cf0fb316b0e62', 'results': 1, 'page': 1, 'version': '1.4'}}</msg>
<arg>${json_data}</arg>
<doc>Logs the given message with the given level.</doc>
<status status="PASS" start="2024-05-09T13:17:27.752533" elapsed="0.000209"/>
</kw>
<kw name="Dictionary Should Contain Key" owner="Collections">
<msg time="2024-05-09T13:17:27.753198" level="INFO">False</msg>
<arg>${json_data}</arg>
<arg>results</arg>
<doc>Fails if ``key`` is not found from ``dictionary``.</doc>
<status status="PASS" start="2024-05-09T13:17:27.753035" elapsed="0.000206"/>
</kw>
<kw name="Should Not Be Empty" owner="BuiltIn">
<msg time="2024-05-09T13:17:27.753671" level="INFO">Length is 2.</msg>
<arg>${json_data}</arg>
<doc>Verifies that the given item is not empty.</doc>
<status status="PASS" start="2024-05-09T13:17:27.753539" elapsed="0.000322"/>
</kw>
<kw name="Create List" owner="BuiltIn">
<msg time="2024-05-09T13:17:27.754312" level="INFO">${expected_keys} = ['gender', 'name', 'location', 'email', 'login']</msg>
<var>${expected_keys}</var>
<arg>gender</arg>
<arg>name</arg>
<arg>location</arg>
<arg>email</arg>
<arg>login</arg>
<doc>Returns a list containing given items.</doc>
<status status="PASS" start="2024-05-09T13:17:27.754158" elapsed="0.000178"/>
</kw>
<for flavor="IN">
<iter>
<kw name="Dictionary Should Contain Key" owner="Collections">
<msg time="2024-05-09T13:17:27.755322" level="INFO">False</msg>
<arg>${json_data['results'][0]}</arg>
<arg>${key}</arg>
<doc>Fails if ``key`` is not found from ``dictionary``.</doc>
<status status="PASS" start="2024-05-09T13:17:27.754918" elapsed="0.000442"/>
</kw>
<kw name="Log" owner="BuiltIn">
<msg time="2024-05-09T13:17:27.756059" level="INFO">{'gender': 'female', 'name': {'title': 'Mrs', 'first': 'Jeanette', 'last': 'Pearson'}, 'location': {'street': {'number': 6147, 'name': 'W Dallas St'}, 'city': 'Geelong', 'state': 'South Australia', 'country': 'Australia', 'postcode': 7927, 'coordinates': {'latitude': '-86.4658', 'longitude': '95.5365'}, 'timezone': {'offset': '+6:00', 'description': 'Almaty, Dhaka, Colombo'}}, 'email': 'jeanette.pearson@example.com', 'login': {'uuid': '7aac9e68-b0f0-4616-b297-7f73694930ad', 'username': 'lazyladybug954', 'password': 'mann', 'salt': 'b0bzgx9j', 'md5': '5763fdf7d2c8646aa172820a2f3e5226', 'sha1': '6df6e3bb35419796722b1f36489a2229286064e5', 'sha256': '4cd8724c5f50fea95679e9c1abb49ff567faaee426f96b6f5e6e071037c678a3'}, 'dob': {'date': '1971-02-27T01:43:04.416Z', 'age': 53}, 'registered': {'date': '2006-01-17T00:08:05.557Z', 'age': 18}, 'phone': '05-2620-6855', 'cell': '0482-905-763', 'id': {'name': 'TFN', 'value': '744734017'}, 'picture': {'large': 'https://randomuser.me/api/portraits/women/36.jpg', 'medium': 'https://randomuser.me/api/portraits/med/women/36.jpg', 'thumbnail': 'https://randomuser.me/api/portraits/thumb/women/36.jpg'}, 'nat': 'AU'}</msg>
<arg>${json_data['results'][0]}</arg>
<doc>Logs the given message with the given level.</doc>
<status status="PASS" start="2024-05-09T13:17:27.755688" elapsed="0.000419"/>
</kw>
<kw name="Log" owner="BuiltIn">
<msg time="2024-05-09T13:17:27.756539" level="INFO">gender</msg>
<arg>${key}</arg>
<doc>Logs the given message with the given level.</doc>
<status status="PASS" start="2024-05-09T13:17:27.756407" elapsed="0.000168"/>
</kw>
<var name="${key}">gender</var>
<status status="PASS" start="2024-05-09T13:17:27.754784" elapsed="0.002004"/>
</iter>
<iter>
<kw name="Dictionary Should Contain Key" owner="Collections">
<msg time="2024-05-09T13:17:27.757484" level="INFO">False</msg>
<arg>${json_data['results'][0]}</arg>
<arg>${key}</arg>
<doc>Fails if ``key`` is not found from ``dictionary``.</doc>
<status status="PASS" start="2024-05-09T13:17:27.757090" elapsed="0.000433"/>
</kw>
<kw name="Log" owner="BuiltIn">
<msg time="2024-05-09T13:17:27.758210" level="INFO">{'gender': 'female', 'name': {'title': 'Mrs', 'first': 'Jeanette', 'last': 'Pearson'}, 'location': {'street': {'number': 6147, 'name': 'W Dallas St'}, 'city': 'Geelong', 'state': 'South Australia', 'country': 'Australia', 'postcode': 7927, 'coordinates': {'latitude': '-86.4658', 'longitude': '95.5365'}, 'timezone': {'offset': '+6:00', 'description': 'Almaty, Dhaka, Colombo'}}, 'email': 'jeanette.pearson@example.com', 'login': {'uuid': '7aac9e68-b0f0-4616-b297-7f73694930ad', 'username': 'lazyladybug954', 'password': 'mann', 'salt': 'b0bzgx9j', 'md5': '5763fdf7d2c8646aa172820a2f3e5226', 'sha1': '6df6e3bb35419796722b1f36489a2229286064e5', 'sha256': '4cd8724c5f50fea95679e9c1abb49ff567faaee426f96b6f5e6e071037c678a3'}, 'dob': {'date': '1971-02-27T01:43:04.416Z', 'age': 53}, 'registered': {'date': '2006-01-17T00:08:05.557Z', 'age': 18}, 'phone': '05-2620-6855', 'cell': '0482-905-763', 'id': {'name': 'TFN', 'value': '744734017'}, 'picture': {'large': 'https://randomuser.me/api/portraits/women/36.jpg', 'medium': 'https://randomuser.me/api/portraits/med/women/36.jpg', 'thumbnail': 'https://randomuser.me/api/portraits/thumb/women/36.jpg'}, 'nat': 'AU'}</msg>
<arg>${json_data['results'][0]}</arg>
<doc>Logs the given message with the given level.</doc>
<status status="PASS" start="2024-05-09T13:17:27.757846" elapsed="0.000412"/>
</kw>
<kw name="Log" owner="BuiltIn">
<msg time="2024-05-09T13:17:27.758679" level="INFO">name</msg>
<arg>${key}</arg>
<doc>Logs the given message with the given level.</doc>
<status status="PASS" start="2024-05-09T13:17:27.758553" elapsed="0.000163"/>
</kw>
<var name="${key}">name</var>
<status status="PASS" start="2024-05-09T13:17:27.756975" elapsed="0.001953"/>
</iter>
<iter>
<kw name="Dictionary Should Contain Key" owner="Collections">
<msg time="2024-05-09T13:17:27.759605" level="INFO">False</msg>
<arg>${json_data['results'][0]}</arg>
<arg>${key}</arg>
<doc>Fails if ``key`` is not found from ``dictionary``.</doc>
<status status="PASS" start="2024-05-09T13:17:27.759219" elapsed="0.000424"/>
</kw>
<kw name="Log" owner="BuiltIn">
<msg time="2024-05-09T13:17:27.760347" level="INFO">{'gender': 'female', 'name': {'title': 'Mrs', 'first': 'Jeanette', 'last': 'Pearson'}, 'location': {'street': {'number': 6147, 'name': 'W Dallas St'}, 'city': 'Geelong', 'state': 'South Australia', 'country': 'Australia', 'postcode': 7927, 'coordinates': {'latitude': '-86.4658', 'longitude': '95.5365'}, 'timezone': {'offset': '+6:00', 'description': 'Almaty, Dhaka, Colombo'}}, 'email': 'jeanette.pearson@example.com', 'login': {'uuid': '7aac9e68-b0f0-4616-b297-7f73694930ad', 'username': 'lazyladybug954', 'password': 'mann', 'salt': 'b0bzgx9j', 'md5': '5763fdf7d2c8646aa172820a2f3e5226', 'sha1': '6df6e3bb35419796722b1f36489a2229286064e5', 'sha256': '4cd8724c5f50fea95679e9c1abb49ff567faaee426f96b6f5e6e071037c678a3'}, 'dob': {'date': '1971-02-27T01:43:04.416Z', 'age': 53}, 'registered': {'date': '2006-01-17T00:08:05.557Z', 'age': 18}, 'phone': '05-2620-6855', 'cell': '0482-905-763', 'id': {'name': 'TFN', 'value': '744734017'}, 'picture': {'large': 'https://randomuser.me/api/portraits/women/36.jpg', 'medium': 'https://randomuser.me/api/portraits/med/women/36.jpg', 'thumbnail': 'https://randomuser.me/api/portraits/thumb/women/36.jpg'}, 'nat': 'AU'}</msg>
<arg>${json_data['results'][0]}</arg>
<doc>Logs the given message with the given level.</doc>
<status status="PASS" start="2024-05-09T13:17:27.759985" elapsed="0.000410"/>
</kw>
<kw name="Log" owner="BuiltIn">
<msg time="2024-05-09T13:17:27.760817" level="INFO">location</msg>
<arg>${key}</arg>
<doc>Logs the given message with the given level.</doc>
<status status="PASS" start="2024-05-09T13:17:27.760692" elapsed="0.000162"/>
</kw>
<var name="${key}">location</var>
<status status="PASS" start="2024-05-09T13:17:27.759106" elapsed="0.001962"/>
</iter>
<iter>
<kw name="Dictionary Should Contain Key" owner="Collections">
<msg time="2024-05-09T13:17:27.761741" level="INFO">False</msg>
<arg>${json_data['results'][0]}</arg>
<arg>${key}</arg>
<doc>Fails if ``key`` is not found from ``dictionary``.</doc>
<status status="PASS" start="2024-05-09T13:17:27.761352" elapsed="0.000427"/>
</kw>
<kw name="Log" owner="BuiltIn">
<msg time="2024-05-09T13:17:27.762437" level="INFO">{'gender': 'female', 'name': {'title': 'Mrs', 'first': 'Jeanette', 'last': 'Pearson'}, 'location': {'street': {'number': 6147, 'name': 'W Dallas St'}, 'city': 'Geelong', 'state': 'South Australia', 'country': 'Australia', 'postcode': 7927, 'coordinates': {'latitude': '-86.4658', 'longitude': '95.5365'}, 'timezone': {'offset': '+6:00', 'description': 'Almaty, Dhaka, Colombo'}}, 'email': 'jeanette.pearson@example.com', 'login': {'uuid': '7aac9e68-b0f0-4616-b297-7f73694930ad', 'username': 'lazyladybug954', 'password': 'mann', 'salt': 'b0bzgx9j', 'md5': '5763fdf7d2c8646aa172820a2f3e5226', 'sha1': '6df6e3bb35419796722b1f36489a2229286064e5', 'sha256': '4cd8724c5f50fea95679e9c1abb49ff567faaee426f96b6f5e6e071037c678a3'}, 'dob': {'date': '1971-02-27T01:43:04.416Z', 'age': 53}, 'registered': {'date': '2006-01-17T00:08:05.557Z', 'age': 18}, 'phone': '05-2620-6855', 'cell': '0482-905-763', 'id': {'name': 'TFN', 'value': '744734017'}, 'picture': {'large': 'https://randomuser.me/api/portraits/women/36.jpg', 'medium': 'https://randomuser.me/api/portraits/med/women/36.jpg', 'thumbnail': 'https://randomuser.me/api/portraits/thumb/women/36.jpg'}, 'nat': 'AU'}</msg>
<arg>${json_data['results'][0]}</arg>
<doc>Logs the given message with the given level.</doc>
<status status="PASS" start="2024-05-09T13:17:27.762077" elapsed="0.000408"/>
</kw>
<kw name="Log" owner="BuiltIn">
<msg time="2024-05-09T13:17:27.762902" level="INFO">email</msg>
<arg>${key}</arg>
<doc>Logs the given message with the given level.</doc>
<status status="PASS" start="2024-05-09T13:17:27.762776" elapsed="0.000163"/>
</kw>
<var name="${key}">email</var>
<status status="PASS" start="2024-05-09T13:17:27.761239" elapsed="0.001911"/>
</iter>
<iter>
<kw name="Dictionary Should Contain Key" owner="Collections">
<msg time="2024-05-09T13:17:27.763865" level="INFO">False</msg>
<arg>${json_data['results'][0]}</arg>
<arg>${key}</arg>
<doc>Fails if ``key`` is not found from ``dictionary``.</doc>
<status status="PASS" start="2024-05-09T13:17:27.763439" elapsed="0.000463"/>
</kw>
<kw name="Log" owner="BuiltIn">
<msg time="2024-05-09T13:17:27.764568" level="INFO">{'gender': 'female', 'name': {'title': 'Mrs', 'first': 'Jeanette', 'last': 'Pearson'}, 'location': {'street': {'number': 6147, 'name': 'W Dallas St'}, 'city': 'Geelong', 'state': 'South Australia', 'country': 'Australia', 'postcode': 7927, 'coordinates': {'latitude': '-86.4658', 'longitude': '95.5365'}, 'timezone': {'offset': '+6:00', 'description': 'Almaty, Dhaka, Colombo'}}, 'email': 'jeanette.pearson@example.com', 'login': {'uuid': '7aac9e68-b0f0-4616-b297-7f73694930ad', 'username': 'lazyladybug954', 'password': 'mann', 'salt': 'b0bzgx9j', 'md5': '5763fdf7d2c8646aa172820a2f3e5226', 'sha1': '6df6e3bb35419796722b1f36489a2229286064e5', 'sha256': '4cd8724c5f50fea95679e9c1abb49ff567faaee426f96b6f5e6e071037c678a3'}, 'dob': {'date': '1971-02-27T01:43:04.416Z', 'age': 53}, 'registered': {'date': '2006-01-17T00:08:05.557Z', 'age': 18}, 'phone': '05-2620-6855', 'cell': '0482-905-763', 'id': {'name': 'TFN', 'value': '744734017'}, 'picture': {'large': 'https://randomuser.me/api/portraits/women/36.jpg', 'medium': 'https://randomuser.me/api/portraits/med/women/36.jpg', 'thumbnail': 'https://randomuser.me/api/portraits/thumb/women/36.jpg'}, 'nat': 'AU'}</msg>
<arg>${json_data['results'][0]}</arg>
<doc>Logs the given message with the given level.</doc>
<status status="PASS" start="2024-05-09T13:17:27.764204" elapsed="0.000412"/>
</kw>
<kw name="Log" owner="BuiltIn">
<msg time="2024-05-09T13:17:27.765041" level="INFO">login</msg>
<arg>${key}</arg>
<doc>Logs the given message with the given level.</doc>
<status status="PASS" start="2024-05-09T13:17:27.764916" elapsed="0.000163"/>
</kw>
<var name="${key}">login</var>
<status status="PASS" start="2024-05-09T13:17:27.763328" elapsed="0.001993"/>
</iter>
<var>${key}</var>
<value>@{expected_keys}</value>
<status status="PASS" start="2024-05-09T13:17:27.754595" elapsed="0.010851"/>
</for>
<kw name="Create List" owner="BuiltIn">
<msg time="2024-05-09T13:17:27.765776" level="INFO">${expected_keysTwo} = ['username', 'password']</msg>
<var>${expected_keysTwo}</var>
<arg>username</arg>
<arg>password</arg>
<doc>Returns a list containing given items.</doc>
<status status="PASS" start="2024-05-09T13:17:27.765640" elapsed="0.000160"/>
</kw>
<for flavor="IN">
<iter>
<kw name="Dictionary Should Contain Key" owner="Collections">
<msg time="2024-05-09T13:17:27.766690" level="INFO">False</msg>
<arg>${json_data['results'][0]['login']}</arg>
<arg>${keyTwo}</arg>
<doc>Fails if ``key`` is not found from ``dictionary``.</doc>
<status status="PASS" start="2024-05-09T13:17:27.766304" elapsed="0.000422"/>
</kw>
<kw name="Dictionary Should Contain Key" owner="Collections">
<msg time="2024-05-09T13:17:27.767417" level="INFO">False</msg>
<arg>${json_data['results'][0]['login']}</arg>
<arg>${keyTwo}</arg>
<doc>Fails if ``key`` is not found from ``dictionary``.</doc>
<status status="PASS" start="2024-05-09T13:17:27.767030" elapsed="0.000424"/>
</kw>
<kw name="Log" owner="BuiltIn">
<msg time="2024-05-09T13:17:27.767913" level="INFO">username</msg>
<arg>${keyTwo}</arg>
<doc>Logs the given message with the given level.</doc>
<status status="PASS" start="2024-05-09T13:17:27.767783" elapsed="0.000173"/>
</kw>
<var name="${keyTwo}">username</var>
<status status="PASS" start="2024-05-09T13:17:27.766188" elapsed="0.001984"/>
</iter>
<iter>
<kw name="Dictionary Should Contain Key" owner="Collections">
<msg time="2024-05-09T13:17:27.768982" level="INFO">False</msg>
<arg>${json_data['results'][0]['login']}</arg>
<arg>${keyTwo}</arg>
<doc>Fails if ``key`` is not found from ``dictionary``.</doc>
<status status="PASS" start="2024-05-09T13:17:27.768503" elapsed="0.000520"/>
</kw>
<kw name="Dictionary Should Contain Key" owner="Collections">
<msg time="2024-05-09T13:17:27.769713" level="INFO">False</msg>
<arg>${json_data['results'][0]['login']}</arg>
<arg>${keyTwo}</arg>
<doc>Fails if ``key`` is not found from ``dictionary``.</doc>
<status status="PASS" start="2024-05-09T13:17:27.769331" elapsed="0.000420"/>
</kw>
<kw name="Log" owner="BuiltIn">
<msg time="2024-05-09T13:17:27.770169" level="INFO">password</msg>
<arg>${keyTwo}</arg>
<doc>Logs the given message with the given level.</doc>
<status status="PASS" start="2024-05-09T13:17:27.770044" elapsed="0.000162"/>
</kw>
<var name="${keyTwo}">password</var>
<status status="PASS" start="2024-05-09T13:17:27.768342" elapsed="0.002081"/>
</iter>
<var>${keyTwo}</var>
<value>@{expected_keysTwo}</value>
<status status="PASS" start="2024-05-09T13:17:27.766038" elapsed="0.004507"/>
</for>
<status status="PASS" start="2024-05-09T13:17:27.650561" elapsed="0.120127"/>
</kw>
<doc>Testa a estrutura da resposta da API.</doc>
<tag>testeEstruturaResposta</tag>
<status status="PASS" start="2024-05-09T13:17:27.650027" elapsed="0.120818"/>
</test>
<test id="s1-s1-t4" name="Validar tipos de dados" line="28">
<kw name="Teste de Tipos de Dados" owner="random-user-service">
<kw name="GET On Session" owner="RequestsLibrary">
<msg time="2024-05-09T13:17:27.859880" level="INFO">GET Request : url=https://randomuser.me/api 
 path_url=/api 
 headers={'User-Agent': 'python-requests/2.31.0', 'Accept-Encoding': 'gzip, deflate', 'Accept': '*/*', 'Connection': 'keep-alive'} 
 body=None 
 </msg>
<msg time="2024-05-09T13:17:27.859989" level="INFO">GET Response : url=https://randomuser.me/api 
 status=200, reason=OK 
 headers={'Date': 'Thu, 09 May 2024 13:17:27 GMT', 'Content-Type': 'application/json; charset=utf-8', 'Transfer-Encoding': 'chunked', 'Connection': 'keep-alive', 'X-Powered-By': 'Express', 'Access-Control-Allow-Origin': '*', 'Cache-Control': 'no-cache', 'ETag': 'W/"47a-WrgtBcJfzTNRFvEKO0MhIUtf09E"', 'Vary': 'Accept-Encoding', 'Content-Encoding': 'gzip', 'CF-Cache-Status': 'DYNAMIC', 'Report-To': '{"endpoints":[{"url":"https:\\/\\/a.nel.cloudflare.com\\/report\\/v4?s=ulKNqiKWLLSdjIybFQ2WMAIFS4qYx28LAZT6iO8qPx0bB7yNSjSj44PdSjjNrK%2BjCL3hKkie1wBNvZ709bA9%2FxSZ6lFksz%2FVkptN8xjx15Hk%2FLw1%2F2ZnsreOyuFQBM%2F5"}],"group":"cf-nel","max_age":604800}', 'NEL': '{"success_fraction":0,"report_to":"cf-nel","max_age":604800}', 'Server': 'cloudflare', 'CF-RAY': '8811f8489d950804-IAD', 'alt-svc': 'h3=":443"; ma=86400'} 
 body={"results":[{"gender":"female","name":{"title":"Ms","first":"Pavitra","last":"Pujari"},"location":{"street":{"number":1790,"name":"Mall Rd"},"city":"Bhiwani","state":"Tamil Nadu","country":"India","postcode":57032,"coordinates":{"latitude":"5.2047","longitude":"56.7685"},"timezone":{"offset":"-11:00","description":"Midway Island, Samoa"}},"email":"pavitra.pujari@example.com","login":{"uuid":"8bd0272d-807b-46a8-b0ae-32d7c51bb7d7","username":"whitedog264","password":"noel","salt":"bBTyOG7b","md5":"a32d75bfae4685e04c82de64e9cb15a9","sha1":"f2f724333902cff2aa3741e95cb0ee07a116b8a3","sha256":"6f7f58d6317af7056e722f86f8b9f39b8ed86e5a416182f70552397266e7a7b8"},"dob":{"date":"1992-06-01T06:08:46.058Z","age":31},"registered":{"date":"2011-01-25T17:38:19.394Z","age":13},"phone":"8177484642","cell":"9309920547","id":{"name":"UIDAI","value":"409709108074"},"picture":{"large":"https://randomuser.me/api/portraits/women/75.jpg","medium":"https://randomuser.me/api/portraits/med/women/75.jpg","thumbnail":"https://randomuser.me/api/portraits/thumb/women/75.jpg"},"nat":"IN"}],"info":{"seed":"981a367aa4ec6947","results":1,"page":1,"version":"1.4"}} 
 </msg>
<msg time="2024-05-09T13:17:27.860060" level="INFO">/opt/hostedtoolcache/Python/3.12.3/x64/lib/python3.12/site-packages/urllib3/connectionpool.py:1103: InsecureRequestWarning: Unverified HTTPS request is being made to host 'randomuser.me'. Adding certificate verification is strongly advised. See: https://urllib3.readthedocs.io/en/latest/advanced-usage.html#tls-warnings
  warnings.warn(</msg>
<msg time="2024-05-09T13:17:27.860195" level="INFO">${response} = &lt;Response [200]&gt;</msg>
<var>${response}</var>
<arg>consultarAPI</arg>
<arg>/api</arg>
<doc>Sends a GET request on a previously created HTTP Session.</doc>
<status status="PASS" start="2024-05-09T13:17:27.773354" elapsed="0.086884"/>
</kw>
<kw name="Set Variable" owner="BuiltIn">
<msg time="2024-05-09T13:17:27.861262" level="INFO">${json_data} = {'results': [{'gender': 'female', 'name': {'title': 'Ms', 'first': 'Pavitra', 'last': 'Pujari'}, 'location': {'street': {'number': 1790, 'name': 'Mall Rd'}, 'city': 'Bhiwani', 'state': 'Tamil Nadu', '...</msg>
<var>${json_data}</var>
<arg>${response.json()}</arg>
<doc>Returns the given values which can then be assigned to a variables.</doc>
<status status="PASS" start="2024-05-09T13:17:27.860739" elapsed="0.000552"/>
</kw>
<kw name="Log" owner="BuiltIn">
<msg time="2024-05-09T13:17:27.861751" level="INFO">{'results': [{'gender': 'female', 'name': {'title': 'Ms', 'first': 'Pavitra', 'last': 'Pujari'}, 'location': {'street': {'number': 1790, 'name': 'Mall Rd'}, 'city': 'Bhiwani', 'state': 'Tamil Nadu', 'country': 'India', 'postcode': 57032, 'coordinates': {'latitude': '5.2047', 'longitude': '56.7685'}, 'timezone': {'offset': '-11:00', 'description': 'Midway Island, Samoa'}}, 'email': 'pavitra.pujari@example.com', 'login': {'uuid': '8bd0272d-807b-46a8-b0ae-32d7c51bb7d7', 'username': 'whitedog264', 'password': 'noel', 'salt': 'bBTyOG7b', 'md5': 'a32d75bfae4685e04c82de64e9cb15a9', 'sha1': 'f2f724333902cff2aa3741e95cb0ee07a116b8a3', 'sha256': '6f7f58d6317af7056e722f86f8b9f39b8ed86e5a416182f70552397266e7a7b8'}, 'dob': {'date': '1992-06-01T06:08:46.058Z', 'age': 31}, 'registered': {'date': '2011-01-25T17:38:19.394Z', 'age': 13}, 'phone': '8177484642', 'cell': '9309920547', 'id': {'name': 'UIDAI', 'value': '409709108074'}, 'picture': {'large': 'https://randomuser.me/api/portraits/women/75.jpg', 'medium': 'https://randomuser.me/api/portraits/med/women/75.jpg', 'thumbnail': 'https://randomuser.me/api/portraits/thumb/women/75.jpg'}, 'nat': 'IN'}], 'info': {'seed': '981a367aa4ec6947', 'results': 1, 'page': 1, 'version': '1.4'}}</msg>
<arg>${json_data}</arg>
<doc>Logs the given message with the given level.</doc>
<status status="PASS" start="2024-05-09T13:17:27.861595" elapsed="0.000241"/>
</kw>
<kw name="Should Be String" owner="String">
<arg>${json_data['results'][0]['gender']}</arg>
<doc>Fails if the given ``item`` is not a string.</doc>
<status status="PASS" start="2024-05-09T13:17:27.862136" elapsed="0.000366"/>
</kw>
<kw name="Should Match Regexp" owner="BuiltIn">
<arg>${json_data['results'][0]['email']}</arg>
<arg>^[a-zA-Z0-9._%+-]+@[a-zA-Z0-9.-]+\.[a-zA-Z]{2,}$</arg>
<doc>Fails if ``string`` does not match ``pattern`` as a regular expression.</doc>
<status status="PASS" start="2024-05-09T13:17:27.862695" elapsed="0.000521"/>
</kw>
<kw name="Should Match Regexp" owner="BuiltIn">
<arg>${json_data['results'][0]['dob']['date']}</arg>
<arg>\\d{4}-\\d{2}-\\d{2}T\\d{2}:\\d{2}:\\d{2}\\.\\d{3}Z</arg>
<doc>Fails if ``string`` does not match ``pattern`` as a regular expression.</doc>
<status status="PASS" start="2024-05-09T13:17:27.863409" elapsed="0.000535"/>
</kw>
<kw name="Should Match Regexp" owner="BuiltIn">
<arg>${json_data['results'][0]['registered']['date']}</arg>
<arg>\\d{4}-\\d{2}-\\d{2}T\\d{2}:\\d{2}:\\d{2}\\.\\d{3}Z</arg>
<doc>Fails if ``string`` does not match ``pattern`` as a regular expression.</doc>
<status status="PASS" start="2024-05-09T13:17:27.864138" elapsed="0.000366"/>
</kw>
<kw name="Should Match Regexp" owner="BuiltIn">
<arg>${json_data['results'][0]['picture']['large']}</arg>
<arg>^https?://.*\.(?:png|jpe?g|gif|bmp)$</arg>
<doc>Fails if ``string`` does not match ``pattern`` as a regular expression.</doc>
<status status="PASS" start="2024-05-09T13:17:27.864696" elapsed="0.000465"/>
</kw>
<kw name="Should Match Regexp" owner="BuiltIn">
<arg>${json_data['results'][0]['picture']['medium']}</arg>
<arg>^https?://.*\.(?:png|jpe?g|gif|bmp)$</arg>
<doc>Fails if ``string`` does not match ``pattern`` as a regular expression.</doc>
<status status="PASS" start="2024-05-09T13:17:27.865347" elapsed="0.000356"/>
</kw>
<kw name="Should Match Regexp" owner="BuiltIn">
<arg>${json_data['results'][0]['picture']['thumbnail']}</arg>
<arg>^https?://.*\.(?:png|jpe?g|gif|bmp)$</arg>
<doc>Fails if ``string`` does not match ``pattern`` as a regular expression.</doc>
<status status="PASS" start="2024-05-09T13:17:27.865899" elapsed="0.000353"/>
</kw>
<kw name="Log" owner="BuiltIn">
<msg time="2024-05-09T13:17:27.866756" level="INFO">{'large': 'https://randomuser.me/api/portraits/women/75.jpg', 'medium': 'https://randomuser.me/api/portraits/med/women/75.jpg', 'thumbnail': 'https://randomuser.me/api/portraits/thumb/women/75.jpg'}</msg>
<arg>${json_data['results'][0]['picture']}</arg>
<doc>Logs the given message with the given level.</doc>
<status status="PASS" start="2024-05-09T13:17:27.866435" elapsed="0.000363"/>
</kw>
<status status="PASS" start="2024-05-09T13:17:27.773119" elapsed="0.093957"/>
</kw>
<kw name="Teste de Tipos de Dados - Postcode" owner="random-user-service">
<kw name="GET On Session" owner="RequestsLibrary">
<msg time="2024-05-09T13:17:27.948918" level="INFO">GET Request : url=https://randomuser.me/api 
 path_url=/api 
 headers={'User-Agent': 'python-requests/2.31.0', 'Accept-Encoding': 'gzip, deflate', 'Accept': '*/*', 'Connection': 'keep-alive'} 
 body=None 
 </msg>
<msg time="2024-05-09T13:17:27.949018" level="INFO">GET Response : url=https://randomuser.me/api 
 status=200, reason=OK 
 headers={'Date': 'Thu, 09 May 2024 13:17:27 GMT', 'Content-Type': 'application/json; charset=utf-8', 'Transfer-Encoding': 'chunked', 'Connection': 'keep-alive', 'X-Powered-By': 'Express', 'Access-Control-Allow-Origin': '*', 'Cache-Control': 'no-cache', 'ETag': 'W/"48e-hm/9ZK5GBIgiJjtyaoIj40aX1EI"', 'Vary': 'Accept-Encoding', 'Content-Encoding': 'gzip', 'CF-Cache-Status': 'DYNAMIC', 'Report-To': '{"endpoints":[{"url":"https:\\/\\/a.nel.cloudflare.com\\/report\\/v4?s=cSsnuxgIA3OrwEkwrBHHkX5lsnU02Rf22IVN798LEdeSHHUQea1cve4baKeU2QrRDwqazKZFyK5V2T%2F6drcr8zqaVG5MA2T27BfvR0fX%2BG9cp9zJd3D9Om81PIpAO4si"}],"group":"cf-nel","max_age":604800}', 'NEL': '{"success_fraction":0,"report_to":"cf-nel","max_age":604800}', 'Server': 'cloudflare', 'CF-RAY': '8811f8493e4e0804-IAD', 'alt-svc': 'h3=":443"; ma=86400'} 
 body={"results":[{"gender":"female","name":{"title":"Miss","first":"Maria","last":"Malvik"},"location":{"street":{"number":863,"name":"Hølandsgata"},"city":"Tyssedal","state":"Description","country":"Norway","postcode":"5859","coordinates":{"latitude":"39.6912","longitude":"142.8511"},"timezone":{"offset":"-5:00","description":"Eastern Time (US &amp; Canada), Bogota, Lima"}},"email":"maria.malvik@example.com","login":{"uuid":"a80316e3-04a5-43c8-9502-430bdcf116b9","username":"bluefish300","password":"12345a","salt":"pPtoVHMw","md5":"b265347f1080ec8db1cffa7ceaa182a2","sha1":"6ed2dfce6268ba096d788cb608e9b05d0b2ecb14","sha256":"3fc274068c11faafa52e3b05fe8e024ae68c5c56d101440778072a755bb65f01"},"dob":{"date":"1947-12-01T12:21:07.966Z","age":76},"registered":{"date":"2017-03-07T10:16:47.449Z","age":7},"phone":"79104761","cell":"47057991","id":{"name":"FN","value":"01124730267"},"picture":{"large":"https://randomuser.me/api/portraits/women/81.jpg","medium":"https://randomuser.me/api/portraits/med/women/81.jpg","thumbnail":"https://randomuser.me/api/portraits/thumb/women/81.jpg"},"nat":"NO"}],"info":{"seed":"da85a273fed1a839","results":1,"page":1,"version":"1.4"}} 
 </msg>
<msg time="2024-05-09T13:17:27.949099" level="INFO">/opt/hostedtoolcache/Python/3.12.3/x64/lib/python3.12/site-packages/urllib3/connectionpool.py:1103: InsecureRequestWarning: Unverified HTTPS request is being made to host 'randomuser.me'. Adding certificate verification is strongly advised. See: https://urllib3.readthedocs.io/en/latest/advanced-usage.html#tls-warnings
  warnings.warn(</msg>
<msg time="2024-05-09T13:17:27.949240" level="INFO">${response} = &lt;Response [200]&gt;</msg>
<var>${response}</var>
<arg>consultarAPI</arg>
<arg>/api</arg>
<doc>Sends a GET request on a previously created HTTP Session.</doc>
<status status="PASS" start="2024-05-09T13:17:27.867550" elapsed="0.081732"/>
</kw>
<kw name="Set Variable" owner="BuiltIn">
<msg time="2024-05-09T13:17:27.950270" level="INFO">${json_data} = {'results': [{'gender': 'female', 'name': {'title': 'Miss', 'first': 'Maria', 'last': 'Malvik'}, 'location': {'street': {'number': 863, 'name': 'Hølandsgata'}, 'city': 'Tyssedal', 'state': 'Descriptio...</msg>
<var>${json_data}</var>
<arg>${response.json()}</arg>
<doc>Returns the given values which can then be assigned to a variables.</doc>
<status status="PASS" start="2024-05-09T13:17:27.949761" elapsed="0.000537"/>
</kw>
<kw name="Log" owner="BuiltIn">
<msg time="2024-05-09T13:17:27.950773" level="INFO">{'results': [{'gender': 'female', 'name': {'title': 'Miss', 'first': 'Maria', 'last': 'Malvik'}, 'location': {'street': {'number': 863, 'name': 'Hølandsgata'}, 'city': 'Tyssedal', 'state': 'Description', 'country': 'Norway', 'postcode': '5859', 'coordinates': {'latitude': '39.6912', 'longitude': '142.8511'}, 'timezone': {'offset': '-5:00', 'description': 'Eastern Time (US &amp; Canada), Bogota, Lima'}}, 'email': 'maria.malvik@example.com', 'login': {'uuid': 'a80316e3-04a5-43c8-9502-430bdcf116b9', 'username': 'bluefish300', 'password': '12345a', 'salt': 'pPtoVHMw', 'md5': 'b265347f1080ec8db1cffa7ceaa182a2', 'sha1': '6ed2dfce6268ba096d788cb608e9b05d0b2ecb14', 'sha256': '3fc274068c11faafa52e3b05fe8e024ae68c5c56d101440778072a755bb65f01'}, 'dob': {'date': '1947-12-01T12:21:07.966Z', 'age': 76}, 'registered': {'date': '2017-03-07T10:16:47.449Z', 'age': 7}, 'phone': '79104761', 'cell': '47057991', 'id': {'name': 'FN', 'value': '01124730267'}, 'picture': {'large': 'https://randomuser.me/api/portraits/women/81.jpg', 'medium': 'https://randomuser.me/api/portraits/med/women/81.jpg', 'thumbnail': 'https://randomuser.me/api/portraits/thumb/women/81.jpg'}, 'nat': 'NO'}], 'info': {'seed': 'da85a273fed1a839', 'results': 1, 'page': 1, 'version': '1.4'}}</msg>
<arg>${json_data}</arg>
<doc>Logs the given message with the given level.</doc>
<status status="PASS" start="2024-05-09T13:17:27.950602" elapsed="0.000259"/>
</kw>
<kw name="Should Be Equal As Numbers" owner="BuiltIn">
<arg>${json_data['results'][0]['location']['postcode']}</arg>
<arg>${json_data['results'][0]['location']['postcode']}</arg>
<doc>Fails if objects are unequal after converting them to real numbers.</doc>
<status status="PASS" start="2024-05-09T13:17:27.951371" elapsed="0.000686"/>
</kw>
<kw name="Log" owner="BuiltIn">
<msg time="2024-05-09T13:17:27.952588" level="INFO">5859</msg>
<arg>${json_data['results'][0]['location']['postcode']}</arg>
<doc>Logs the given message with the given level.</doc>
<status status="PASS" start="2024-05-09T13:17:27.952251" elapsed="0.000378"/>
</kw>
<status status="PASS" start="2024-05-09T13:17:27.867306" elapsed="0.085580"/>
</kw>
<doc>Testa se os tipos de dados na resposta da API estão corretos.</doc>
<tag>testeTiposDados</tag>
<status status="PASS" start="2024-05-09T13:17:27.772675" elapsed="0.180379"/>
</test>
<test id="s1-s1-t5" name="Validar conteudo" line="35">
<kw name="Teste de Tipos de Conteudo" owner="random-user-service">
<kw name="GET On Session" owner="RequestsLibrary">
<msg time="2024-05-09T13:17:28.046222" level="INFO">GET Request : url=https://randomuser.me/api 
 path_url=/api 
 headers={'User-Agent': 'python-requests/2.31.0', 'Accept-Encoding': 'gzip, deflate', 'Accept': '*/*', 'Connection': 'keep-alive'} 
 body=None 
 </msg>
<msg time="2024-05-09T13:17:28.046319" level="INFO">GET Response : url=https://randomuser.me/api 
 status=200, reason=OK 
 headers={'Date': 'Thu, 09 May 2024 13:17:28 GMT', 'Content-Type': 'application/json; charset=utf-8', 'Transfer-Encoding': 'chunked', 'Connection': 'keep-alive', 'X-Powered-By': 'Express', 'Access-Control-Allow-Origin': '*', 'Cache-Control': 'no-cache', 'ETag': 'W/"481-+zHN9HzXaSY9sWhODGMy6NBVhPo"', 'Vary': 'Accept-Encoding', 'Content-Encoding': 'gzip', 'CF-Cache-Status': 'DYNAMIC', 'Report-To': '{"endpoints":[{"url":"https:\\/\\/a.nel.cloudflare.com\\/report\\/v4?s=7Cosg4pzVYDDH1JAow84SuYZipRrpDBAgKnR34nHpTWFf0pK0YVTDF7%2BzbaeGPuQQ8tpYuLDezFFTy2KWh%2Fv%2FgSq2RyldzJneRW629F74SyLXcLtjhh4jpCo3nKD8pWR"}],"group":"cf-nel","max_age":604800}', 'NEL': '{"success_fraction":0,"report_to":"cf-nel","max_age":604800}', 'Server': 'cloudflare', 'CF-RAY': '8811f849beee0804-IAD', 'alt-svc': 'h3=":443"; ma=86400'} 
 body={"results":[{"gender":"female","name":{"title":"Mrs","first":"Fiona","last":"Myhr"},"location":{"street":{"number":5886,"name":"Christian Benneches vei"},"city":"Vuku","state":"Nordland","country":"Norway","postcode":"9287","coordinates":{"latitude":"43.6269","longitude":"150.4206"},"timezone":{"offset":"+7:00","description":"Bangkok, Hanoi, Jakarta"}},"email":"fiona.myhr@example.com","login":{"uuid":"598d92f8-db3a-4cf3-89f9-c259fcbe683b","username":"organicpeacock258","password":"weed","salt":"QoPW7prM","md5":"dcaf0d6ab1dac718b4781073ebc4ccf5","sha1":"19e4f235870043b7b3aec7ad221b3d459a6635b1","sha256":"d6fdcf7a26a94da3bd7d72a9dfdabcfd7004e2c2f8c9ac9bd4354589c42699cb"},"dob":{"date":"1962-09-04T17:08:37.746Z","age":61},"registered":{"date":"2014-08-19T15:14:31.271Z","age":9},"phone":"77935271","cell":"97178518","id":{"name":"FN","value":"04096231607"},"picture":{"large":"https://randomuser.me/api/portraits/women/91.jpg","medium":"https://randomuser.me/api/portraits/med/women/91.jpg","thumbnail":"https://randomuser.me/api/portraits/thumb/women/91.jpg"},"nat":"NO"}],"info":{"seed":"76a439e6cc49bca9","results":1,"page":1,"version":"1.4"}} 
 </msg>
<msg time="2024-05-09T13:17:28.046399" level="INFO">/opt/hostedtoolcache/Python/3.12.3/x64/lib/python3.12/site-packages/urllib3/connectionpool.py:1103: InsecureRequestWarning: Unverified HTTPS request is being made to host 'randomuser.me'. Adding certificate verification is strongly advised. See: https://urllib3.readthedocs.io/en/latest/advanced-usage.html#tls-warnings
  warnings.warn(</msg>
<msg time="2024-05-09T13:17:28.046522" level="INFO">${response} = &lt;Response [200]&gt;</msg>
<var>${response}</var>
<arg>consultarAPI</arg>
<arg>/api</arg>
<doc>Sends a GET request on a previously created HTTP Session.</doc>
<status status="PASS" start="2024-05-09T13:17:27.955532" elapsed="0.091036"/>
</kw>
<kw name="Set Variable" owner="BuiltIn">
<msg time="2024-05-09T13:17:28.047494" level="INFO">${json_data} = {'results': [{'gender': 'female', 'name': {'title': 'Mrs', 'first': 'Fiona', 'last': 'Myhr'}, 'location': {'street': {'number': 5886, 'name': 'Christian Benneches vei'}, 'city': 'Vuku', 'state': 'Nord...</msg>
<var>${json_data}</var>
<arg>${response.json()}</arg>
<doc>Returns the given values which can then be assigned to a variables.</doc>
<status status="PASS" start="2024-05-09T13:17:28.047004" elapsed="0.000519"/>
</kw>
<kw name="Set Variable" owner="BuiltIn">
<msg time="2024-05-09T13:17:28.048280" level="INFO">${name_title} = Mrs</msg>
<var>${name_title}</var>
<arg>${json_data["results"][0]["name"]["title"]}</arg>
<doc>Returns the given values which can then be assigned to a variables.</doc>
<status status="PASS" start="2024-05-09T13:17:28.047880" elapsed="0.000427"/>
</kw>
<kw name="Create List" owner="BuiltIn">
<msg time="2024-05-09T13:17:28.048769" level="INFO">${allowed_titles} = ['Mr', 'Ms', 'Miss', 'Mrs', 'Madame', 'Monsieur']</msg>
<var>${allowed_titles}</var>
<arg>Mr</arg>
<arg>Ms</arg>
<arg>Miss</arg>
<arg>Mrs</arg>
<arg>Madame</arg>
<arg>Monsieur</arg>
<doc>Returns a list containing given items.</doc>
<status status="PASS" start="2024-05-09T13:17:28.048615" elapsed="0.000180"/>
</kw>
<kw name="List Should Contain Value" owner="Collections">
<msg time="2024-05-09T13:17:28.049279" level="INFO">False</msg>
<arg>${allowed_titles}</arg>
<arg>${name_title}</arg>
<doc>Fails if the ``value`` is not found from ``list``.</doc>
<status status="PASS" start="2024-05-09T13:17:28.049103" elapsed="0.000225"/>
</kw>
<kw name="Set Variable" owner="BuiltIn">
<msg time="2024-05-09T13:17:28.050014" level="INFO">${name_country} = NO</msg>
<var>${name_country}</var>
<arg>${json_data["results"][0]["nat"]}</arg>
<doc>Returns the given values which can then be assigned to a variables.</doc>
<status status="PASS" start="2024-05-09T13:17:28.049624" elapsed="0.000416"/>
</kw>
<kw name="Create List" owner="BuiltIn">
<msg time="2024-05-09T13:17:28.050933" level="INFO">${list_country} = ['AD', 'AE', 'AF', 'AG', 'AI', 'AL', 'AM', 'AO', 'AQ', 'AR', 'AS', 'AT', 'AU', 'AW', 'AX', 'AZ', 'BA', 'BB', 'BD', 'BE', 'BF', 'BG', 'BH', 'BI', 'BJ', 'BL', 'BM', 'BN', 'BO', 'BQ', 'BR', 'BS', 'BT', '...</msg>
<var>${list_country}</var>
<arg>AD</arg>
<arg>AE</arg>
<arg>AF</arg>
<arg>AG</arg>
<arg>AI</arg>
<arg>AL</arg>
<arg>AM</arg>
<arg>AO</arg>
<arg>AQ</arg>
<arg>AR</arg>
<arg>AS</arg>
<arg>AT</arg>
<arg>AU</arg>
<arg>AW</arg>
<arg>AX</arg>
<arg>AZ</arg>
<arg>BA</arg>
<arg>BB</arg>
<arg>BD</arg>
<arg>BE</arg>
<arg>BF</arg>
<arg>BG</arg>
<arg>BH</arg>
<arg>BI</arg>
<arg>BJ</arg>
<arg>BL</arg>
<arg>BM</arg>
<arg>BN</arg>
<arg>BO</arg>
<arg>BQ</arg>
<arg>BR</arg>
<arg>BS</arg>
<arg>BT</arg>
<arg>BV</arg>
<arg>BW</arg>
<arg>BY</arg>
<arg>BZ</arg>
<arg>CA</arg>
<arg>CC</arg>
<arg>CD</arg>
<arg>CF</arg>
<arg>CG</arg>
<arg>CH</arg>
<arg>CI</arg>
<arg>CK</arg>
<arg>CL</arg>
<arg>CM</arg>
<arg>CN</arg>
<arg>CO</arg>
<arg>CR</arg>
<arg>CU</arg>
<arg>CV</arg>
<arg>CW</arg>
<arg>CX</arg>
<arg>CY</arg>
<arg>CZ</arg>
<arg>DE</arg>
<arg>DJ</arg>
<arg>DK</arg>
<arg>DM</arg>
<arg>DO</arg>
<arg>DZ</arg>
<arg>EC</arg>
<arg>EE</arg>
<arg>EG</arg>
<arg>EH</arg>
<arg>ER</arg>
<arg>ES</arg>
<arg>ET</arg>
<arg>FI</arg>
<arg>FJ</arg>
<arg>FK</arg>
<arg>FM</arg>
<arg>FO</arg>
<arg>FR</arg>
<arg>GA</arg>
<arg>GB</arg>
<arg>GD</arg>
<arg>GE</arg>
<arg>GF</arg>
<arg>GG</arg>
<arg>GH</arg>
<arg>GI</arg>
<arg>GL</arg>
<arg>GM</arg>
<arg>GN</arg>
<arg>GP</arg>
<arg>GQ</arg>
<arg>GR</arg>
<arg>GS</arg>
<arg>GT</arg>
<arg>GU</arg>
<arg>GW</arg>
<arg>GY</arg>
<arg>HK</arg>
<arg>HM</arg>
<arg>HN</arg>
<arg>HR</arg>
<arg>HT</arg>
<arg>HU</arg>
<arg>ID</arg>
<arg>IE</arg>
<arg>IL</arg>
<arg>IM</arg>
<arg>IN</arg>
<arg>IO</arg>
<arg>IQ</arg>
<arg>IR</arg>
<arg>IS</arg>
<arg>IT</arg>
<arg>JE</arg>
<arg>JM</arg>
<arg>JO</arg>
<arg>JP</arg>
<arg>KE</arg>
<arg>KG</arg>
<arg>KH</arg>
<arg>KI</arg>
<arg>KM</arg>
<arg>KN</arg>
<arg>KP</arg>
<arg>KR</arg>
<arg>KW</arg>
<arg>KY</arg>
<arg>KZ</arg>
<arg>LA</arg>
<arg>LB</arg>
<arg>LC</arg>
<arg>LI</arg>
<arg>LK</arg>
<arg>LR</arg>
<arg>LS</arg>
<arg>LT</arg>
<arg>LU</arg>
<arg>LV</arg>
<arg>LY</arg>
<arg>MA</arg>
<arg>MC</arg>
<arg>MD</arg>
<arg>ME</arg>
<arg>MF</arg>
<arg>MG</arg>
<arg>MH</arg>
<arg>MK</arg>
<arg>ML</arg>
<arg>MM</arg>
<arg>MN</arg>
<arg>MO</arg>
<arg>MP</arg>
<arg>MQ</arg>
<arg>MR</arg>
<arg>MS</arg>
<arg>MT</arg>
<arg>MU</arg>
<arg>MV</arg>
<arg>MW</arg>
<arg>MX</arg>
<arg>MY</arg>
<arg>MZ</arg>
<arg>NA</arg>
<arg>NC</arg>
<arg>NE</arg>
<arg>NF</arg>
<arg>NG</arg>
<arg>NI</arg>
<arg>NL</arg>
<arg>NO</arg>
<arg>NP</arg>
<arg>NR</arg>
<arg>NU</arg>
<arg>NZ</arg>
<arg>OM</arg>
<arg>PA</arg>
<arg>PE</arg>
<arg>PF</arg>
<arg>PG</arg>
<arg>PH</arg>
<arg>PK</arg>
<arg>PL</arg>
<arg>PM</arg>
<arg>PN</arg>
<arg>PR</arg>
<arg>PS</arg>
<arg>PT</arg>
<arg>PW</arg>
<arg>PY</arg>
<arg>QA</arg>
<arg>RE</arg>
<arg>RO</arg>
<arg>RS</arg>
<arg>RU</arg>
<arg>RW</arg>
<arg>SA</arg>
<arg>SB</arg>
<arg>SC</arg>
<arg>SD</arg>
<arg>SE</arg>
<arg>SG</arg>
<arg>SH</arg>
<arg>SI</arg>
<arg>SJ</arg>
<arg>SK</arg>
<arg>SL</arg>
<arg>SM</arg>
<arg>SN</arg>
<arg>SO</arg>
<arg>SR</arg>
<arg>SS</arg>
<arg>ST</arg>
<arg>SV</arg>
<arg>SX</arg>
<arg>SY</arg>
<arg>SZ</arg>
<arg>TC</arg>
<arg>TD</arg>
<arg>TF</arg>
<arg>TG</arg>
<arg>TH</arg>
<arg>TJ</arg>
<arg>TK</arg>
<arg>TL</arg>
<arg>TM</arg>
<arg>TN</arg>
<arg>TO</arg>
<arg>TR</arg>
<arg>TT</arg>
<arg>TV</arg>
<arg>TW</arg>
<arg>TZ</arg>
<arg>UA</arg>
<arg>UG</arg>
<arg>UM</arg>
<arg>US</arg>
<arg>UY</arg>
<arg>UZ</arg>
<arg>VA</arg>
<arg>VC</arg>
<arg>VE</arg>
<arg>VG</arg>
<arg>VI</arg>
<arg>VN</arg>
<arg>VU</arg>
<arg>WF</arg>
<arg>WS</arg>
<arg>XK</arg>
<arg>YE</arg>
<arg>YT</arg>
<arg>ZA</arg>
<arg>ZM</arg>
<arg>ZW</arg>
<doc>Returns a list containing given items.</doc>
<status status="PASS" start="2024-05-09T13:17:28.050344" elapsed="0.000615"/>
</kw>
<kw name="List Should Contain Value" owner="Collections">
<msg time="2024-05-09T13:17:28.051985" level="INFO">False</msg>
<arg>${list_country}</arg>
<arg>${name_country}</arg>
<doc>Fails if the ``value`` is not found from ``list``.</doc>
<status status="PASS" start="2024-05-09T13:17:28.051782" elapsed="0.000241"/>
</kw>
<kw name="Run Keyword If" owner="BuiltIn">
<kw name="Should Be True" owner="BuiltIn">
<arg>${True}</arg>
<doc>Fails if the given condition is not true.</doc>
<status status="PASS" start="2024-05-09T13:17:28.053127" elapsed="0.000258"/>
</kw>
<arg>${json_data["results"][0]["location"]["coordinates"]["latitude"]} &gt;= -90 and ${json_data["results"][0]["location"]["coordinates"]["latitude"]} &lt;= 90</arg>
<arg>Should Be True</arg>
<arg>${True}</arg>
<doc>Runs the given keyword with the given arguments, if ``condition`` is true.</doc>
<status status="PASS" start="2024-05-09T13:17:28.052345" elapsed="0.001176"/>
</kw>
<kw name="Run Keyword If" owner="BuiltIn">
<kw name="Should Be True" owner="BuiltIn">
<arg>${True}</arg>
<doc>Fails if the given condition is not true.</doc>
<status status="PASS" start="2024-05-09T13:17:28.054433" elapsed="0.000148"/>
</kw>
<arg>${json_data["results"][0]["location"]["coordinates"]["longitude"]} &gt;= -180 and ${json_data["results"][0]["location"]["coordinates"]["longitude"]} &lt;= 180</arg>
<arg>Should Be True</arg>
<arg>${True}</arg>
<doc>Runs the given keyword with the given arguments, if ``condition`` is true.</doc>
<status status="PASS" start="2024-05-09T13:17:28.053712" elapsed="0.000997"/>
</kw>
<status status="PASS" start="2024-05-09T13:17:27.955305" elapsed="0.099540"/>
</kw>
<doc>Testa o conteúdo específico dos campos retornados pela API.</doc>
<tag>testeConteudo</tag>
<status status="PASS" start="2024-05-09T13:17:27.954861" elapsed="0.100138"/>
</test>
<status status="PASS" start="2024-05-09T13:17:27.135375" elapsed="0.921673"/>
</suite>
<status status="PASS" start="2024-05-09T13:17:27.121430" elapsed="0.940748"/>
</suite>
<statistics>
<total>
<stat pass="5" fail="0" skip="0">All Tests</stat>
</total>
<tag>
<stat pass="1" fail="0" skip="0">testeConteudo</stat>
<stat pass="1" fail="0" skip="0">testeEstruturaResposta</stat>
<stat pass="1" fail="0" skip="0">testeRequisicaoBasica</stat>
<stat pass="1" fail="0" skip="0">testeTiposDados</stat>
</tag>
<suite>
<stat pass="5" fail="0" skip="0" id="s1" name="Tests">Tests</stat>
<stat pass="5" fail="0" skip="0" id="s1-s1" name="Random-User-Test">Tests.Random-User-Test</stat>
</suite>
</statistics>
<errors>
</errors>
</robot>
