<?xml version="1.0" encoding="UTF-8"?>
<robot generator="Robot 7.0.1 (Python 3.12.4 on linux)" generated="2024-07-07T19:12:11.031258" rpa="false" schemaversion="5">
<suite id="s1" name="Tests" source="/home/runner/work/ApiRandomUser/ApiRandomUser/RamdonUser/tests">
<suite id="s1-s1" name="Random-User-Test" source="/home/runner/work/ApiRandomUser/ApiRandomUser/RamdonUser/tests/random-user-test.robot">
<test id="s1-s1-t1" name="Conectar" line="13">
<kw name="Conectar API" owner="random-user-service">
<kw name="Create Session" owner="RequestsLibrary">
<msg time="2024-07-07T19:12:11.420065" level="INFO">Creating Session using : alias=consultarAPI, url=https://randomuser.me/, headers={},                     cookies={}, auth=None, timeout=None, proxies=None, verify=False,                     debug=0 </msg>
<arg>consultarAPI</arg>
<arg>${URL}</arg>
<doc>Create Session: create a HTTP session to a server</doc>
<status status="PASS" start="2024-07-07T19:12:11.419865" elapsed="0.000366"/>
</kw>
<status status="PASS" start="2024-07-07T19:12:11.418951" elapsed="0.001623"/>
</kw>
<status status="PASS" start="2024-07-07T19:12:11.418358" elapsed="0.002406"/>
</test>
<test id="s1-s1-t2" name="Validar retorno 200 e JSON Válido" line="16">
<kw name="Teste de Requisicao Basica" owner="random-user-service">
<kw name="GET On Session" owner="RequestsLibrary">
<msg time="2024-07-07T19:12:11.580037" level="INFO">GET Request : url=https://randomuser.me/api 
 path_url=/api 
 headers={'User-Agent': 'python-requests/2.32.3', 'Accept-Encoding': 'gzip, deflate', 'Accept': '*/*', 'Connection': 'keep-alive'} 
 body=None 
 </msg>
<msg time="2024-07-07T19:12:11.580138" level="INFO">GET Response : url=https://randomuser.me/api 
 status=200, reason=OK 
 headers={'Date': 'Sun, 07 Jul 2024 19:12:11 GMT', 'Content-Type': 'application/json; charset=utf-8', 'Transfer-Encoding': 'chunked', 'Connection': 'keep-alive', 'X-Powered-By': 'Express', 'Access-Control-Allow-Origin': '*', 'Cache-Control': 'no-cache', 'ETag': 'W/"484-LCYvzsZbMpiFJfXJg9ME9mEexVg"', 'Vary': 'Accept-Encoding', 'Content-Encoding': 'gzip', 'CF-Cache-Status': 'DYNAMIC', 'Report-To': '{"endpoints":[{"url":"https:\\/\\/a.nel.cloudflare.com\\/report\\/v4?s=DZlBpeZ9NzNfbiRPGyJ1Gqp65Q6Jq99UCczLHMyeVSB7NbTVyxAJBTN2uAPdIU8dQW3959rYSi3ld%2FEyMp5iqU3EwOyx%2Bla3SamQ9idTmM1H6jA0M%2FpRkbdsO66jNb0p"}],"group":"cf-nel","max_age":604800}', 'NEL': '{"success_fraction":0,"report_to":"cf-nel","max_age":604800}', 'Server': 'cloudflare', 'CF-RAY': '89fa2507dd396363-ORD', 'alt-svc': 'h3=":443"; ma=86400'} 
 body={"results":[{"gender":"male","name":{"title":"Mr","first":"Rafael","last":"Cortes"},"location":{"street":{"number":7150,"name":"Calle de Atocha"},"city":"Burgos","state":"Melilla","country":"Spain","postcode":49316,"coordinates":{"latitude":"-34.2129","longitude":"-51.7504"},"timezone":{"offset":"+4:00","description":"Abu Dhabi, Muscat, Baku, Tbilisi"}},"email":"rafael.cortes@example.com","login":{"uuid":"d29b62c6-8c22-407e-a74c-bc2608eab080","username":"crazyrabbit748","password":"jumbo","salt":"HWiidB5l","md5":"848b645ec794485649aced9a0ae92a94","sha1":"036ba7638fc28442f8912d3adff5847c87bf8835","sha256":"46f008c71b94914edb02ee9403e9a270af83a60cfd64d826f5633421fe3d6db2"},"dob":{"date":"1990-05-11T08:09:21.249Z","age":34},"registered":{"date":"2004-12-18T09:17:24.579Z","age":19},"phone":"905-967-050","cell":"638-826-973","id":{"name":"DNI","value":"99679167-I"},"picture":{"large":"https://randomuser.me/api/portraits/men/40.jpg","medium":"https://randomuser.me/api/portraits/med/men/40.jpg","thumbnail":"https://randomuser.me/api/portraits/thumb/men/40.jpg"},"nat":"ES"}],"info":{"seed":"202843bce06a72de","results":1,"page":1,"version":"1.4"}} 
 </msg>
<msg time="2024-07-07T19:12:11.580206" level="INFO">/opt/hostedtoolcache/Python/3.12.4/x64/lib/python3.12/site-packages/urllib3/connectionpool.py:1099: InsecureRequestWarning: Unverified HTTPS request is being made to host 'randomuser.me'. Adding certificate verification is strongly advised. See: https://urllib3.readthedocs.io/en/latest/advanced-usage.html#tls-warnings
  warnings.warn(</msg>
<msg time="2024-07-07T19:12:11.580321" level="INFO">${response} = &lt;Response [200]&gt;</msg>
<var>${response}</var>
<arg>consultarAPI</arg>
<arg>/api</arg>
<doc>Sends a GET request on a previously created HTTP Session.</doc>
<status status="PASS" start="2024-07-07T19:12:11.423515" elapsed="0.156847"/>
</kw>
<kw name="Should Be Equal As Numbers" owner="BuiltIn">
<msg time="2024-07-07T19:12:11.581358" level="INFO">Argument types are:
&lt;class 'int'&gt;
&lt;class 'str'&gt;</msg>
<arg>${response.status_code}</arg>
<arg>200</arg>
<doc>Fails if objects are unequal after converting them to real numbers.</doc>
<status status="PASS" start="2024-07-07T19:12:11.580842" elapsed="0.000582"/>
</kw>
<kw name="Log" owner="BuiltIn">
<msg time="2024-07-07T19:12:11.582092" level="INFO">200</msg>
<arg>${response.status_code}</arg>
<doc>Logs the given message with the given level.</doc>
<status status="PASS" start="2024-07-07T19:12:11.581744" elapsed="0.000391"/>
</kw>
<kw name="Set Variable" owner="BuiltIn">
<msg time="2024-07-07T19:12:11.582862" level="INFO">${json_data} = {'results': [{'gender': 'male', 'name': {'title': 'Mr', 'first': 'Rafael', 'last': 'Cortes'}, 'location': {'street': {'number': 7150, 'name': 'Calle de Atocha'}, 'city': 'Burgos', 'state': 'Melilla', ...</msg>
<var>${json_data}</var>
<arg>${response.json()}</arg>
<doc>Returns the given values which can then be assigned to a variables.</doc>
<status status="PASS" start="2024-07-07T19:12:11.582436" elapsed="0.000455"/>
</kw>
<kw name="Dictionary Should Contain Key" owner="Collections">
<arg>${json_data}</arg>
<arg>results</arg>
<doc>Fails if ``key`` is not found from ``dictionary``.</doc>
<status status="PASS" start="2024-07-07T19:12:11.583187" elapsed="0.000162"/>
</kw>
<status status="PASS" start="2024-07-07T19:12:11.423264" elapsed="0.160234"/>
</kw>
<doc>Testa se a API responde corretamente e retorna um objeto JSON válido.</doc>
<tag>testeRequisicaoBasica</tag>
<status status="PASS" start="2024-07-07T19:12:11.422665" elapsed="0.160992"/>
</test>
<test id="s1-s1-t3" name="Validar estrutura de resposta" line="22">
<kw name="Teste de Estrutura de Resposta" owner="random-user-service">
<kw name="GET On Session" owner="RequestsLibrary">
<msg time="2024-07-07T19:12:11.669905" level="INFO">GET Request : url=https://randomuser.me/api 
 path_url=/api 
 headers={'User-Agent': 'python-requests/2.32.3', 'Accept-Encoding': 'gzip, deflate', 'Accept': '*/*', 'Connection': 'keep-alive'} 
 body=None 
 </msg>
<msg time="2024-07-07T19:12:11.669993" level="INFO">GET Response : url=https://randomuser.me/api 
 status=200, reason=OK 
 headers={'Date': 'Sun, 07 Jul 2024 19:12:11 GMT', 'Content-Type': 'application/json; charset=utf-8', 'Transfer-Encoding': 'chunked', 'Connection': 'keep-alive', 'X-Powered-By': 'Express', 'Access-Control-Allow-Origin': '*', 'Cache-Control': 'no-cache', 'ETag': 'W/"490-gWnPLzS3VHExzfqSIUzPaLd6P/4"', 'Vary': 'Accept-Encoding', 'Content-Encoding': 'gzip', 'CF-Cache-Status': 'DYNAMIC', 'Report-To': '{"endpoints":[{"url":"https:\\/\\/a.nel.cloudflare.com\\/report\\/v4?s=LrjrDA13ehguNeSJO2BuCl%2FLEkhZabDALCQexR%2FFfY%2FrciCVAptBGt25xWek2HRmqWkk33UDHYWvPQupeZcBdQAZOAAJm8nNYYoxfsxgyIESb79R4hwg1HpuzGCdAJUZ"}],"group":"cf-nel","max_age":604800}', 'NEL': '{"success_fraction":0,"report_to":"cf-nel","max_age":604800}', 'Server': 'cloudflare', 'CF-RAY': '89fa25086df16363-ORD', 'alt-svc': 'h3=":443"; ma=86400'} 
 body={"results":[{"gender":"male","name":{"title":"Mr","first":"Tomasz","last":"Döhring"},"location":{"street":{"number":9462,"name":"Blumenstraße"},"city":"Pegnitz","state":"Mecklenburg-Vorpommern","country":"Germany","postcode":64325,"coordinates":{"latitude":"-49.1564","longitude":"-143.3538"},"timezone":{"offset":"+9:30","description":"Adelaide, Darwin"}},"email":"tomasz.dohring@example.com","login":{"uuid":"e2ef2a79-2ae1-4987-a908-01c14debae85","username":"angryleopard101","password":"modem","salt":"jQ5eMHEO","md5":"5bfc890ddde7933c45f8951befea20bd","sha1":"934d788cb9062b88b1a96f10c6206b7829f4e2a1","sha256":"2bd65beb400ec22968037a8390392ba4c8313e5bf9cf93c14a3ea192a5ec0af6"},"dob":{"date":"1949-09-23T01:11:34.033Z","age":74},"registered":{"date":"2018-06-02T07:19:42.001Z","age":6},"phone":"0288-7685381","cell":"0171-8366574","id":{"name":"SVNR","value":"52 220949 D 273"},"picture":{"large":"https://randomuser.me/api/portraits/men/10.jpg","medium":"https://randomuser.me/api/portraits/med/men/10.jpg","thumbnail":"https://randomuser.me/api/portraits/thumb/men/10.jpg"},"nat":"DE"}],"info":{"seed":"8ccfc017abf5c8e4","results":1,"page":1,"version":"1.4"}} 
 </msg>
<msg time="2024-07-07T19:12:11.670120" level="INFO">/opt/hostedtoolcache/Python/3.12.4/x64/lib/python3.12/site-packages/urllib3/connectionpool.py:1099: InsecureRequestWarning: Unverified HTTPS request is being made to host 'randomuser.me'. Adding certificate verification is strongly advised. See: https://urllib3.readthedocs.io/en/latest/advanced-usage.html#tls-warnings
  warnings.warn(</msg>
<msg time="2024-07-07T19:12:11.670256" level="INFO">${response} = &lt;Response [200]&gt;</msg>
<var>${response}</var>
<arg>consultarAPI</arg>
<arg>/api</arg>
<doc>Sends a GET request on a previously created HTTP Session.</doc>
<status status="PASS" start="2024-07-07T19:12:11.586312" elapsed="0.083984"/>
</kw>
<kw name="Set Variable" owner="BuiltIn">
<msg time="2024-07-07T19:12:11.671286" level="INFO">${json_data} = {'results': [{'gender': 'male', 'name': {'title': 'Mr', 'first': 'Tomasz', 'last': 'Döhring'}, 'location': {'street': {'number': 9462, 'name': 'Blumenstraße'}, 'city': 'Pegnitz', 'state': 'Mecklenburg...</msg>
<var>${json_data}</var>
<arg>${response.json()}</arg>
<doc>Returns the given values which can then be assigned to a variables.</doc>
<status status="PASS" start="2024-07-07T19:12:11.670741" elapsed="0.000575"/>
</kw>
<kw name="Log" owner="BuiltIn">
<msg time="2024-07-07T19:12:11.671782" level="INFO">{'results': [{'gender': 'male', 'name': {'title': 'Mr', 'first': 'Tomasz', 'last': 'Döhring'}, 'location': {'street': {'number': 9462, 'name': 'Blumenstraße'}, 'city': 'Pegnitz', 'state': 'Mecklenburg-Vorpommern', 'country': 'Germany', 'postcode': 64325, 'coordinates': {'latitude': '-49.1564', 'longitude': '-143.3538'}, 'timezone': {'offset': '+9:30', 'description': 'Adelaide, Darwin'}}, 'email': 'tomasz.dohring@example.com', 'login': {'uuid': 'e2ef2a79-2ae1-4987-a908-01c14debae85', 'username': 'angryleopard101', 'password': 'modem', 'salt': 'jQ5eMHEO', 'md5': '5bfc890ddde7933c45f8951befea20bd', 'sha1': '934d788cb9062b88b1a96f10c6206b7829f4e2a1', 'sha256': '2bd65beb400ec22968037a8390392ba4c8313e5bf9cf93c14a3ea192a5ec0af6'}, 'dob': {'date': '1949-09-23T01:11:34.033Z', 'age': 74}, 'registered': {'date': '2018-06-02T07:19:42.001Z', 'age': 6}, 'phone': '0288-7685381', 'cell': '0171-8366574', 'id': {'name': 'SVNR', 'value': '52 220949 D 273'}, 'picture': {'large': 'https://randomuser.me/api/portraits/men/10.jpg', 'medium': 'https://randomuser.me/api/portraits/med/men/10.jpg', 'thumbnail': 'https://randomuser.me/api/portraits/thumb/men/10.jpg'}, 'nat': 'DE'}], 'info': {'seed': '8ccfc017abf5c8e4', 'results': 1, 'page': 1, 'version': '1.4'}}</msg>
<arg>${json_data}</arg>
<doc>Logs the given message with the given level.</doc>
<status status="PASS" start="2024-07-07T19:12:11.671623" elapsed="0.000208"/>
</kw>
<kw name="Dictionary Should Contain Key" owner="Collections">
<arg>${json_data}</arg>
<arg>results</arg>
<doc>Fails if ``key`` is not found from ``dictionary``.</doc>
<status status="PASS" start="2024-07-07T19:12:11.672126" elapsed="0.000159"/>
</kw>
<kw name="Should Not Be Empty" owner="BuiltIn">
<msg time="2024-07-07T19:12:11.672603" level="INFO">Length is 2.</msg>
<arg>${json_data}</arg>
<doc>Verifies that the given item is not empty.</doc>
<status status="PASS" start="2024-07-07T19:12:11.672475" elapsed="0.000171"/>
</kw>
<kw name="Create List" owner="BuiltIn">
<msg time="2024-07-07T19:12:11.673090" level="INFO">${expected_keys} = ['gender', 'name', 'location', 'email', 'login']</msg>
<var>${expected_keys}</var>
<arg>gender</arg>
<arg>name</arg>
<arg>location</arg>
<arg>email</arg>
<arg>login</arg>
<doc>Returns a list containing given items.</doc>
<status status="PASS" start="2024-07-07T19:12:11.672942" elapsed="0.000172"/>
</kw>
<for flavor="IN">
<iter>
<kw name="Dictionary Should Contain Key" owner="Collections">
<arg>${json_data['results'][0]}</arg>
<arg>${key}</arg>
<doc>Fails if ``key`` is not found from ``dictionary``.</doc>
<status status="PASS" start="2024-07-07T19:12:11.673856" elapsed="0.000394"/>
</kw>
<kw name="Log" owner="BuiltIn">
<msg time="2024-07-07T19:12:11.674812" level="INFO">{'gender': 'male', 'name': {'title': 'Mr', 'first': 'Tomasz', 'last': 'Döhring'}, 'location': {'street': {'number': 9462, 'name': 'Blumenstraße'}, 'city': 'Pegnitz', 'state': 'Mecklenburg-Vorpommern', 'country': 'Germany', 'postcode': 64325, 'coordinates': {'latitude': '-49.1564', 'longitude': '-143.3538'}, 'timezone': {'offset': '+9:30', 'description': 'Adelaide, Darwin'}}, 'email': 'tomasz.dohring@example.com', 'login': {'uuid': 'e2ef2a79-2ae1-4987-a908-01c14debae85', 'username': 'angryleopard101', 'password': 'modem', 'salt': 'jQ5eMHEO', 'md5': '5bfc890ddde7933c45f8951befea20bd', 'sha1': '934d788cb9062b88b1a96f10c6206b7829f4e2a1', 'sha256': '2bd65beb400ec22968037a8390392ba4c8313e5bf9cf93c14a3ea192a5ec0af6'}, 'dob': {'date': '1949-09-23T01:11:34.033Z', 'age': 74}, 'registered': {'date': '2018-06-02T07:19:42.001Z', 'age': 6}, 'phone': '0288-7685381', 'cell': '0171-8366574', 'id': {'name': 'SVNR', 'value': '52 220949 D 273'}, 'picture': {'large': 'https://randomuser.me/api/portraits/men/10.jpg', 'medium': 'https://randomuser.me/api/portraits/med/men/10.jpg', 'thumbnail': 'https://randomuser.me/api/portraits/thumb/men/10.jpg'}, 'nat': 'DE'}</msg>
<arg>${json_data['results'][0]}</arg>
<doc>Logs the given message with the given level.</doc>
<status status="PASS" start="2024-07-07T19:12:11.674446" elapsed="0.000418"/>
</kw>
<kw name="Log" owner="BuiltIn">
<msg time="2024-07-07T19:12:11.675298" level="INFO">gender</msg>
<arg>${key}</arg>
<doc>Logs the given message with the given level.</doc>
<status status="PASS" start="2024-07-07T19:12:11.675168" elapsed="0.000170"/>
</kw>
<var name="${key}">gender</var>
<status status="PASS" start="2024-07-07T19:12:11.673733" elapsed="0.001824"/>
</iter>
<iter>
<kw name="Dictionary Should Contain Key" owner="Collections">
<arg>${json_data['results'][0]}</arg>
<arg>${key}</arg>
<doc>Fails if ``key`` is not found from ``dictionary``.</doc>
<status status="PASS" start="2024-07-07T19:12:11.675859" elapsed="0.000390"/>
</kw>
<kw name="Log" owner="BuiltIn">
<msg time="2024-07-07T19:12:11.676783" level="INFO">{'gender': 'male', 'name': {'title': 'Mr', 'first': 'Tomasz', 'last': 'Döhring'}, 'location': {'street': {'number': 9462, 'name': 'Blumenstraße'}, 'city': 'Pegnitz', 'state': 'Mecklenburg-Vorpommern', 'country': 'Germany', 'postcode': 64325, 'coordinates': {'latitude': '-49.1564', 'longitude': '-143.3538'}, 'timezone': {'offset': '+9:30', 'description': 'Adelaide, Darwin'}}, 'email': 'tomasz.dohring@example.com', 'login': {'uuid': 'e2ef2a79-2ae1-4987-a908-01c14debae85', 'username': 'angryleopard101', 'password': 'modem', 'salt': 'jQ5eMHEO', 'md5': '5bfc890ddde7933c45f8951befea20bd', 'sha1': '934d788cb9062b88b1a96f10c6206b7829f4e2a1', 'sha256': '2bd65beb400ec22968037a8390392ba4c8313e5bf9cf93c14a3ea192a5ec0af6'}, 'dob': {'date': '1949-09-23T01:11:34.033Z', 'age': 74}, 'registered': {'date': '2018-06-02T07:19:42.001Z', 'age': 6}, 'phone': '0288-7685381', 'cell': '0171-8366574', 'id': {'name': 'SVNR', 'value': '52 220949 D 273'}, 'picture': {'large': 'https://randomuser.me/api/portraits/men/10.jpg', 'medium': 'https://randomuser.me/api/portraits/med/men/10.jpg', 'thumbnail': 'https://randomuser.me/api/portraits/thumb/men/10.jpg'}, 'nat': 'DE'}</msg>
<arg>${json_data['results'][0]}</arg>
<doc>Logs the given message with the given level.</doc>
<status status="PASS" start="2024-07-07T19:12:11.676432" elapsed="0.000437"/>
</kw>
<kw name="Log" owner="BuiltIn">
<msg time="2024-07-07T19:12:11.677325" level="INFO">name</msg>
<arg>${key}</arg>
<doc>Logs the given message with the given level.</doc>
<status status="PASS" start="2024-07-07T19:12:11.677169" elapsed="0.000197"/>
</kw>
<var name="${key}">name</var>
<status status="PASS" start="2024-07-07T19:12:11.675741" elapsed="0.001849"/>
</iter>
<iter>
<kw name="Dictionary Should Contain Key" owner="Collections">
<arg>${json_data['results'][0]}</arg>
<arg>${key}</arg>
<doc>Fails if ``key`` is not found from ``dictionary``.</doc>
<status status="PASS" start="2024-07-07T19:12:11.677876" elapsed="0.000390"/>
</kw>
<kw name="Log" owner="BuiltIn">
<msg time="2024-07-07T19:12:11.678807" level="INFO">{'gender': 'male', 'name': {'title': 'Mr', 'first': 'Tomasz', 'last': 'Döhring'}, 'location': {'street': {'number': 9462, 'name': 'Blumenstraße'}, 'city': 'Pegnitz', 'state': 'Mecklenburg-Vorpommern', 'country': 'Germany', 'postcode': 64325, 'coordinates': {'latitude': '-49.1564', 'longitude': '-143.3538'}, 'timezone': {'offset': '+9:30', 'description': 'Adelaide, Darwin'}}, 'email': 'tomasz.dohring@example.com', 'login': {'uuid': 'e2ef2a79-2ae1-4987-a908-01c14debae85', 'username': 'angryleopard101', 'password': 'modem', 'salt': 'jQ5eMHEO', 'md5': '5bfc890ddde7933c45f8951befea20bd', 'sha1': '934d788cb9062b88b1a96f10c6206b7829f4e2a1', 'sha256': '2bd65beb400ec22968037a8390392ba4c8313e5bf9cf93c14a3ea192a5ec0af6'}, 'dob': {'date': '1949-09-23T01:11:34.033Z', 'age': 74}, 'registered': {'date': '2018-06-02T07:19:42.001Z', 'age': 6}, 'phone': '0288-7685381', 'cell': '0171-8366574', 'id': {'name': 'SVNR', 'value': '52 220949 D 273'}, 'picture': {'large': 'https://randomuser.me/api/portraits/men/10.jpg', 'medium': 'https://randomuser.me/api/portraits/med/men/10.jpg', 'thumbnail': 'https://randomuser.me/api/portraits/thumb/men/10.jpg'}, 'nat': 'DE'}</msg>
<arg>${json_data['results'][0]}</arg>
<doc>Logs the given message with the given level.</doc>
<status status="PASS" start="2024-07-07T19:12:11.678451" elapsed="0.000407"/>
</kw>
<kw name="Log" owner="BuiltIn">
<msg time="2024-07-07T19:12:11.679285" level="INFO">location</msg>
<arg>${key}</arg>
<doc>Logs the given message with the given level.</doc>
<status status="PASS" start="2024-07-07T19:12:11.679158" elapsed="0.000165"/>
</kw>
<var name="${key}">location</var>
<status status="PASS" start="2024-07-07T19:12:11.677767" elapsed="0.001771"/>
</iter>
<iter>
<kw name="Dictionary Should Contain Key" owner="Collections">
<arg>${json_data['results'][0]}</arg>
<arg>${key}</arg>
<doc>Fails if ``key`` is not found from ``dictionary``.</doc>
<status status="PASS" start="2024-07-07T19:12:11.679816" elapsed="0.000383"/>
</kw>
<kw name="Log" owner="BuiltIn">
<msg time="2024-07-07T19:12:11.680737" level="INFO">{'gender': 'male', 'name': {'title': 'Mr', 'first': 'Tomasz', 'last': 'Döhring'}, 'location': {'street': {'number': 9462, 'name': 'Blumenstraße'}, 'city': 'Pegnitz', 'state': 'Mecklenburg-Vorpommern', 'country': 'Germany', 'postcode': 64325, 'coordinates': {'latitude': '-49.1564', 'longitude': '-143.3538'}, 'timezone': {'offset': '+9:30', 'description': 'Adelaide, Darwin'}}, 'email': 'tomasz.dohring@example.com', 'login': {'uuid': 'e2ef2a79-2ae1-4987-a908-01c14debae85', 'username': 'angryleopard101', 'password': 'modem', 'salt': 'jQ5eMHEO', 'md5': '5bfc890ddde7933c45f8951befea20bd', 'sha1': '934d788cb9062b88b1a96f10c6206b7829f4e2a1', 'sha256': '2bd65beb400ec22968037a8390392ba4c8313e5bf9cf93c14a3ea192a5ec0af6'}, 'dob': {'date': '1949-09-23T01:11:34.033Z', 'age': 74}, 'registered': {'date': '2018-06-02T07:19:42.001Z', 'age': 6}, 'phone': '0288-7685381', 'cell': '0171-8366574', 'id': {'name': 'SVNR', 'value': '52 220949 D 273'}, 'picture': {'large': 'https://randomuser.me/api/portraits/men/10.jpg', 'medium': 'https://randomuser.me/api/portraits/med/men/10.jpg', 'thumbnail': 'https://randomuser.me/api/portraits/thumb/men/10.jpg'}, 'nat': 'DE'}</msg>
<arg>${json_data['results'][0]}</arg>
<doc>Logs the given message with the given level.</doc>
<status status="PASS" start="2024-07-07T19:12:11.680387" elapsed="0.000400"/>
</kw>
<kw name="Log" owner="BuiltIn">
<msg time="2024-07-07T19:12:11.681209" level="INFO">email</msg>
<arg>${key}</arg>
<doc>Logs the given message with the given level.</doc>
<status status="PASS" start="2024-07-07T19:12:11.681083" elapsed="0.000166"/>
</kw>
<var name="${key}">email</var>
<status status="PASS" start="2024-07-07T19:12:11.679709" elapsed="0.001798"/>
</iter>
<iter>
<kw name="Dictionary Should Contain Key" owner="Collections">
<arg>${json_data['results'][0]}</arg>
<arg>${key}</arg>
<doc>Fails if ``key`` is not found from ``dictionary``.</doc>
<status status="PASS" start="2024-07-07T19:12:11.681787" elapsed="0.000390"/>
</kw>
<kw name="Log" owner="BuiltIn">
<msg time="2024-07-07T19:12:11.682717" level="INFO">{'gender': 'male', 'name': {'title': 'Mr', 'first': 'Tomasz', 'last': 'Döhring'}, 'location': {'street': {'number': 9462, 'name': 'Blumenstraße'}, 'city': 'Pegnitz', 'state': 'Mecklenburg-Vorpommern', 'country': 'Germany', 'postcode': 64325, 'coordinates': {'latitude': '-49.1564', 'longitude': '-143.3538'}, 'timezone': {'offset': '+9:30', 'description': 'Adelaide, Darwin'}}, 'email': 'tomasz.dohring@example.com', 'login': {'uuid': 'e2ef2a79-2ae1-4987-a908-01c14debae85', 'username': 'angryleopard101', 'password': 'modem', 'salt': 'jQ5eMHEO', 'md5': '5bfc890ddde7933c45f8951befea20bd', 'sha1': '934d788cb9062b88b1a96f10c6206b7829f4e2a1', 'sha256': '2bd65beb400ec22968037a8390392ba4c8313e5bf9cf93c14a3ea192a5ec0af6'}, 'dob': {'date': '1949-09-23T01:11:34.033Z', 'age': 74}, 'registered': {'date': '2018-06-02T07:19:42.001Z', 'age': 6}, 'phone': '0288-7685381', 'cell': '0171-8366574', 'id': {'name': 'SVNR', 'value': '52 220949 D 273'}, 'picture': {'large': 'https://randomuser.me/api/portraits/men/10.jpg', 'medium': 'https://randomuser.me/api/portraits/med/men/10.jpg', 'thumbnail': 'https://randomuser.me/api/portraits/thumb/men/10.jpg'}, 'nat': 'DE'}</msg>
<arg>${json_data['results'][0]}</arg>
<doc>Logs the given message with the given level.</doc>
<status status="PASS" start="2024-07-07T19:12:11.682360" elapsed="0.000407"/>
</kw>
<kw name="Log" owner="BuiltIn">
<msg time="2024-07-07T19:12:11.683194" level="INFO">login</msg>
<arg>${key}</arg>
<doc>Logs the given message with the given level.</doc>
<status status="PASS" start="2024-07-07T19:12:11.683068" elapsed="0.000163"/>
</kw>
<var name="${key}">login</var>
<status status="PASS" start="2024-07-07T19:12:11.681680" elapsed="0.001769"/>
</iter>
<var>${key}</var>
<value>@{expected_keys}</value>
<status status="PASS" start="2024-07-07T19:12:11.673547" elapsed="0.010023"/>
</for>
<kw name="Create List" owner="BuiltIn">
<msg time="2024-07-07T19:12:11.683892" level="INFO">${expected_keysTwo} = ['username', 'password']</msg>
<var>${expected_keysTwo}</var>
<arg>username</arg>
<arg>password</arg>
<doc>Returns a list containing given items.</doc>
<status status="PASS" start="2024-07-07T19:12:11.683759" elapsed="0.000185"/>
</kw>
<for flavor="IN">
<iter>
<kw name="Dictionary Should Contain Key" owner="Collections">
<arg>${json_data['results'][0]['login']}</arg>
<arg>${keyTwo}</arg>
<doc>Fails if ``key`` is not found from ``dictionary``.</doc>
<status status="PASS" start="2024-07-07T19:12:11.684447" elapsed="0.000394"/>
</kw>
<kw name="Dictionary Should Contain Key" owner="Collections">
<arg>${json_data['results'][0]['login']}</arg>
<arg>${keyTwo}</arg>
<doc>Fails if ``key`` is not found from ``dictionary``.</doc>
<status status="PASS" start="2024-07-07T19:12:11.685026" elapsed="0.000432"/>
</kw>
<kw name="Log" owner="BuiltIn">
<msg time="2024-07-07T19:12:11.685779" level="INFO">username</msg>
<arg>${keyTwo}</arg>
<doc>Logs the given message with the given level.</doc>
<status status="PASS" start="2024-07-07T19:12:11.685650" elapsed="0.000168"/>
</kw>
<var name="${keyTwo}">username</var>
<status status="PASS" start="2024-07-07T19:12:11.684341" elapsed="0.001700"/>
</iter>
<iter>
<kw name="Dictionary Should Contain Key" owner="Collections">
<arg>${json_data['results'][0]['login']}</arg>
<arg>${keyTwo}</arg>
<doc>Fails if ``key`` is not found from ``dictionary``.</doc>
<status status="PASS" start="2024-07-07T19:12:11.686324" elapsed="0.000388"/>
</kw>
<kw name="Dictionary Should Contain Key" owner="Collections">
<arg>${json_data['results'][0]['login']}</arg>
<arg>${keyTwo}</arg>
<doc>Fails if ``key`` is not found from ``dictionary``.</doc>
<status status="PASS" start="2024-07-07T19:12:11.686895" elapsed="0.000375"/>
</kw>
<kw name="Log" owner="BuiltIn">
<msg time="2024-07-07T19:12:11.687569" level="INFO">password</msg>
<arg>${keyTwo}</arg>
<doc>Logs the given message with the given level.</doc>
<status status="PASS" start="2024-07-07T19:12:11.687450" elapsed="0.000162"/>
</kw>
<var name="${keyTwo}">password</var>
<status status="PASS" start="2024-07-07T19:12:11.686215" elapsed="0.001615"/>
</iter>
<var>${keyTwo}</var>
<value>@{expected_keysTwo}</value>
<status status="PASS" start="2024-07-07T19:12:11.684188" elapsed="0.003760"/>
</for>
<status status="PASS" start="2024-07-07T19:12:11.586084" elapsed="0.102002"/>
</kw>
<doc>Testa a estrutura da resposta da API.</doc>
<tag>testeEstruturaResposta</tag>
<status status="PASS" start="2024-07-07T19:12:11.585607" elapsed="0.102630"/>
</test>
<test id="s1-s1-t4" name="Validar tipos de dados" line="28">
<kw name="Teste de Tipos de Dados" owner="random-user-service">
<kw name="GET On Session" owner="RequestsLibrary">
<msg time="2024-07-07T19:12:11.765960" level="INFO">GET Request : url=https://randomuser.me/api 
 path_url=/api 
 headers={'User-Agent': 'python-requests/2.32.3', 'Accept-Encoding': 'gzip, deflate', 'Accept': '*/*', 'Connection': 'keep-alive'} 
 body=None 
 </msg>
<msg time="2024-07-07T19:12:11.766044" level="INFO">GET Response : url=https://randomuser.me/api 
 status=200, reason=OK 
 headers={'Date': 'Sun, 07 Jul 2024 19:12:11 GMT', 'Content-Type': 'application/json; charset=utf-8', 'Transfer-Encoding': 'chunked', 'Connection': 'keep-alive', 'X-Powered-By': 'Express', 'Access-Control-Allow-Origin': '*', 'Cache-Control': 'no-cache', 'ETag': 'W/"480-CWbu5+dXzm5SWNdlvCB8+tuKJB0"', 'Vary': 'Accept-Encoding', 'Content-Encoding': 'gzip', 'CF-Cache-Status': 'DYNAMIC', 'Report-To': '{"endpoints":[{"url":"https:\\/\\/a.nel.cloudflare.com\\/report\\/v4?s=9jRdXBc5EOWKrG7TszG2QwfvOTlgjQoCjM1TwhlxmhNEB2PVnUKLrcugOkfYr6QW00yhsAZ9ZQzzcid8wkPADeA%2B7yzTLvB7SfGW2a8c%2Bxm5KrqWkGoZ4N8exDhqGUCZ"}],"group":"cf-nel","max_age":604800}', 'NEL': '{"success_fraction":0,"report_to":"cf-nel","max_age":604800}', 'Server': 'cloudflare', 'CF-RAY': '89fa25091ea66363-ORD', 'alt-svc': 'h3=":443"; ma=86400'} 
 body={"results":[{"gender":"male","name":{"title":"Mr","first":"Eduardo","last":"Gomes"},"location":{"street":{"number":9950,"name":"Rua Quinze de Novembro "},"city":"Jaú","state":"Alagoas","country":"Brazil","postcode":30986,"coordinates":{"latitude":"-75.7083","longitude":"-67.3033"},"timezone":{"offset":"+5:45","description":"Kathmandu"}},"email":"eduardo.gomes@example.com","login":{"uuid":"57bf9713-4133-4ae9-8a94-eed50419ede8","username":"organicfrog914","password":"pearljam","salt":"pfmnP5LV","md5":"dabd61302a3254771bc9488ea30c7214","sha1":"5ba40b0f19bc36cdfcba4f48d7473e0bef26df45","sha256":"66e37a615aed0f8a61afa837d306492cf1eb6330c54d95a83c4c40188f853d68"},"dob":{"date":"1995-08-17T07:46:08.124Z","age":28},"registered":{"date":"2019-06-07T13:38:45.921Z","age":5},"phone":"(03) 0598-9518","cell":"(21) 1134-1751","id":{"name":"CPF","value":"163.175.139-38"},"picture":{"large":"https://randomuser.me/api/portraits/men/36.jpg","medium":"https://randomuser.me/api/portraits/med/men/36.jpg","thumbnail":"https://randomuser.me/api/portraits/thumb/men/36.jpg"},"nat":"BR"}],"info":{"seed":"9f992389b2bdc40d","results":1,"page":1,"version":"1.4"}} 
 </msg>
<msg time="2024-07-07T19:12:11.766120" level="INFO">/opt/hostedtoolcache/Python/3.12.4/x64/lib/python3.12/site-packages/urllib3/connectionpool.py:1099: InsecureRequestWarning: Unverified HTTPS request is being made to host 'randomuser.me'. Adding certificate verification is strongly advised. See: https://urllib3.readthedocs.io/en/latest/advanced-usage.html#tls-warnings
  warnings.warn(</msg>
<msg time="2024-07-07T19:12:11.766237" level="INFO">${response} = &lt;Response [200]&gt;</msg>
<var>${response}</var>
<arg>consultarAPI</arg>
<arg>/api</arg>
<doc>Sends a GET request on a previously created HTTP Session.</doc>
<status status="PASS" start="2024-07-07T19:12:11.690735" elapsed="0.075559"/>
</kw>
<kw name="Set Variable" owner="BuiltIn">
<msg time="2024-07-07T19:12:11.767321" level="INFO">${json_data} = {'results': [{'gender': 'male', 'name': {'title': 'Mr', 'first': 'Eduardo', 'last': 'Gomes'}, 'location': {'street': {'number': 9950, 'name': 'Rua Quinze de Novembro '}, 'city': 'Jaú', 'state': 'Alago...</msg>
<var>${json_data}</var>
<arg>${response.json()}</arg>
<doc>Returns the given values which can then be assigned to a variables.</doc>
<status status="PASS" start="2024-07-07T19:12:11.766771" elapsed="0.000581"/>
</kw>
<kw name="Log" owner="BuiltIn">
<msg time="2024-07-07T19:12:11.767827" level="INFO">{'results': [{'gender': 'male', 'name': {'title': 'Mr', 'first': 'Eduardo', 'last': 'Gomes'}, 'location': {'street': {'number': 9950, 'name': 'Rua Quinze de Novembro '}, 'city': 'Jaú', 'state': 'Alagoas', 'country': 'Brazil', 'postcode': 30986, 'coordinates': {'latitude': '-75.7083', 'longitude': '-67.3033'}, 'timezone': {'offset': '+5:45', 'description': 'Kathmandu'}}, 'email': 'eduardo.gomes@example.com', 'login': {'uuid': '57bf9713-4133-4ae9-8a94-eed50419ede8', 'username': 'organicfrog914', 'password': 'pearljam', 'salt': 'pfmnP5LV', 'md5': 'dabd61302a3254771bc9488ea30c7214', 'sha1': '5ba40b0f19bc36cdfcba4f48d7473e0bef26df45', 'sha256': '66e37a615aed0f8a61afa837d306492cf1eb6330c54d95a83c4c40188f853d68'}, 'dob': {'date': '1995-08-17T07:46:08.124Z', 'age': 28}, 'registered': {'date': '2019-06-07T13:38:45.921Z', 'age': 5}, 'phone': '(03) 0598-9518', 'cell': '(21) 1134-1751', 'id': {'name': 'CPF', 'value': '163.175.139-38'}, 'picture': {'large': 'https://randomuser.me/api/portraits/men/36.jpg', 'medium': 'https://randomuser.me/api/portraits/med/men/36.jpg', 'thumbnail': 'https://randomuser.me/api/portraits/thumb/men/36.jpg'}, 'nat': 'BR'}], 'info': {'seed': '9f992389b2bdc40d', 'results': 1, 'page': 1, 'version': '1.4'}}</msg>
<arg>${json_data}</arg>
<doc>Logs the given message with the given level.</doc>
<status status="PASS" start="2024-07-07T19:12:11.767664" elapsed="0.000213"/>
</kw>
<kw name="Should Be String" owner="String">
<arg>${json_data['results'][0]['gender']}</arg>
<doc>Fails if the given ``item`` is not a string.</doc>
<status status="PASS" start="2024-07-07T19:12:11.768169" elapsed="0.000359"/>
</kw>
<kw name="Should Match Regexp" owner="BuiltIn">
<arg>${json_data['results'][0]['email']}</arg>
<arg>^[a-zA-Z0-9._%+-]+@[a-zA-Z0-9.-]+\.[a-zA-Z]{2,}$</arg>
<doc>Fails if ``string`` does not match ``pattern`` as a regular expression.</doc>
<status status="PASS" start="2024-07-07T19:12:11.768717" elapsed="0.000506"/>
</kw>
<kw name="Should Match Regexp" owner="BuiltIn">
<arg>${json_data['results'][0]['dob']['date']}</arg>
<arg>\\d{4}-\\d{2}-\\d{2}T\\d{2}:\\d{2}:\\d{2}\\.\\d{3}Z</arg>
<doc>Fails if ``string`` does not match ``pattern`` as a regular expression.</doc>
<status status="PASS" start="2024-07-07T19:12:11.769495" elapsed="0.000490"/>
</kw>
<kw name="Should Match Regexp" owner="BuiltIn">
<arg>${json_data['results'][0]['registered']['date']}</arg>
<arg>\\d{4}-\\d{2}-\\d{2}T\\d{2}:\\d{2}:\\d{2}\\.\\d{3}Z</arg>
<doc>Fails if ``string`` does not match ``pattern`` as a regular expression.</doc>
<status status="PASS" start="2024-07-07T19:12:11.770178" elapsed="0.000366"/>
</kw>
<kw name="Should Match Regexp" owner="BuiltIn">
<arg>${json_data['results'][0]['picture']['large']}</arg>
<arg>^https?://.*\.(?:png|jpe?g|gif|bmp)$</arg>
<doc>Fails if ``string`` does not match ``pattern`` as a regular expression.</doc>
<status status="PASS" start="2024-07-07T19:12:11.770730" elapsed="0.000465"/>
</kw>
<kw name="Should Match Regexp" owner="BuiltIn">
<arg>${json_data['results'][0]['picture']['medium']}</arg>
<arg>^https?://.*\.(?:png|jpe?g|gif|bmp)$</arg>
<doc>Fails if ``string`` does not match ``pattern`` as a regular expression.</doc>
<status status="PASS" start="2024-07-07T19:12:11.771380" elapsed="0.000357"/>
</kw>
<kw name="Should Match Regexp" owner="BuiltIn">
<arg>${json_data['results'][0]['picture']['thumbnail']}</arg>
<arg>^https?://.*\.(?:png|jpe?g|gif|bmp)$</arg>
<doc>Fails if ``string`` does not match ``pattern`` as a regular expression.</doc>
<status status="PASS" start="2024-07-07T19:12:11.771923" elapsed="0.000359"/>
</kw>
<kw name="Log" owner="BuiltIn">
<msg time="2024-07-07T19:12:11.772801" level="INFO">{'large': 'https://randomuser.me/api/portraits/men/36.jpg', 'medium': 'https://randomuser.me/api/portraits/med/men/36.jpg', 'thumbnail': 'https://randomuser.me/api/portraits/thumb/men/36.jpg'}</msg>
<arg>${json_data['results'][0]['picture']}</arg>
<doc>Logs the given message with the given level.</doc>
<status status="PASS" start="2024-07-07T19:12:11.772470" elapsed="0.000376"/>
</kw>
<status status="PASS" start="2024-07-07T19:12:11.690515" elapsed="0.082584"/>
</kw>
<kw name="Teste de Tipos de Dados - Postcode" owner="random-user-service">
<kw name="GET On Session" owner="RequestsLibrary">
<msg time="2024-07-07T19:12:11.867049" level="INFO">GET Request : url=https://randomuser.me/api 
 path_url=/api 
 headers={'User-Agent': 'python-requests/2.32.3', 'Accept-Encoding': 'gzip, deflate', 'Accept': '*/*', 'Connection': 'keep-alive'} 
 body=None 
 </msg>
<msg time="2024-07-07T19:12:11.867136" level="INFO">GET Response : url=https://randomuser.me/api 
 status=200, reason=OK 
 headers={'Date': 'Sun, 07 Jul 2024 19:12:11 GMT', 'Content-Type': 'application/json; charset=utf-8', 'Transfer-Encoding': 'chunked', 'Connection': 'keep-alive', 'X-Powered-By': 'Express', 'Access-Control-Allow-Origin': '*', 'Cache-Control': 'no-cache', 'ETag': 'W/"47f-PcJAk5POzGd8u6+J2nxE4Fi0MiQ"', 'Vary': 'Accept-Encoding', 'Content-Encoding': 'gzip', 'CF-Cache-Status': 'DYNAMIC', 'Report-To': '{"endpoints":[{"url":"https:\\/\\/a.nel.cloudflare.com\\/report\\/v4?s=XFVi5G2nwX6MhTHoacSLQ%2FBIIO5ynEzeKjZYZ8xbFSpQkA7XJkntasu6GKM695Vp0kBHh5xlsgVuZew1MXzCDSc7pCUtfOYz2ctMBy7qU6cfJOoPZbA3tgA8KplG56hi"}],"group":"cf-nel","max_age":604800}', 'NEL': '{"success_fraction":0,"report_to":"cf-nel","max_age":604800}', 'Server': 'cloudflare', 'CF-RAY': '89fa25099f386363-ORD', 'alt-svc': 'h3=":443"; ma=86400'} 
 body={"results":[{"gender":"male","name":{"title":"Mr","first":"Scott","last":"Russell"},"location":{"street":{"number":6432,"name":"Victoria Road"},"city":"Loughrea","state":"Dublin City","country":"Ireland","postcode":93893,"coordinates":{"latitude":"-0.4744","longitude":"-172.8506"},"timezone":{"offset":"+7:00","description":"Bangkok, Hanoi, Jakarta"}},"email":"scott.russell@example.com","login":{"uuid":"dccae93e-87e5-4564-a03a-e025cd7dc8ed","username":"bluemouse909","password":"00000","salt":"IE6uxAs5","md5":"2461670e82112fb21e517c9d305000a0","sha1":"2063488ff14a6dadbcf3fb45edbe68ddf3f8304a","sha256":"637d66978652892403d86f35771909ad8435bd7336fc9c28c2d06dd7458e125f"},"dob":{"date":"1947-12-11T12:37:02.107Z","age":76},"registered":{"date":"2005-10-16T16:14:33.217Z","age":18},"phone":"061-848-7598","cell":"081-976-5439","id":{"name":"PPS","value":"3285864T"},"picture":{"large":"https://randomuser.me/api/portraits/men/34.jpg","medium":"https://randomuser.me/api/portraits/med/men/34.jpg","thumbnail":"https://randomuser.me/api/portraits/thumb/men/34.jpg"},"nat":"IE"}],"info":{"seed":"764656940e92f68e","results":1,"page":1,"version":"1.4"}} 
 </msg>
<msg time="2024-07-07T19:12:11.867209" level="INFO">/opt/hostedtoolcache/Python/3.12.4/x64/lib/python3.12/site-packages/urllib3/connectionpool.py:1099: InsecureRequestWarning: Unverified HTTPS request is being made to host 'randomuser.me'. Adding certificate verification is strongly advised. See: https://urllib3.readthedocs.io/en/latest/advanced-usage.html#tls-warnings
  warnings.warn(</msg>
<msg time="2024-07-07T19:12:11.867325" level="INFO">${response} = &lt;Response [200]&gt;</msg>
<var>${response}</var>
<arg>consultarAPI</arg>
<arg>/api</arg>
<doc>Sends a GET request on a previously created HTTP Session.</doc>
<status status="PASS" start="2024-07-07T19:12:11.773563" elapsed="0.093817"/>
</kw>
<kw name="Set Variable" owner="BuiltIn">
<msg time="2024-07-07T19:12:11.868417" level="INFO">${json_data} = {'results': [{'gender': 'male', 'name': {'title': 'Mr', 'first': 'Scott', 'last': 'Russell'}, 'location': {'street': {'number': 6432, 'name': 'Victoria Road'}, 'city': 'Loughrea', 'state': 'Dublin Cit...</msg>
<var>${json_data}</var>
<arg>${response.json()}</arg>
<doc>Returns the given values which can then be assigned to a variables.</doc>
<status status="PASS" start="2024-07-07T19:12:11.867874" elapsed="0.000572"/>
</kw>
<kw name="Log" owner="BuiltIn">
<msg time="2024-07-07T19:12:11.868912" level="INFO">{'results': [{'gender': 'male', 'name': {'title': 'Mr', 'first': 'Scott', 'last': 'Russell'}, 'location': {'street': {'number': 6432, 'name': 'Victoria Road'}, 'city': 'Loughrea', 'state': 'Dublin City', 'country': 'Ireland', 'postcode': 93893, 'coordinates': {'latitude': '-0.4744', 'longitude': '-172.8506'}, 'timezone': {'offset': '+7:00', 'description': 'Bangkok, Hanoi, Jakarta'}}, 'email': 'scott.russell@example.com', 'login': {'uuid': 'dccae93e-87e5-4564-a03a-e025cd7dc8ed', 'username': 'bluemouse909', 'password': '00000', 'salt': 'IE6uxAs5', 'md5': '2461670e82112fb21e517c9d305000a0', 'sha1': '2063488ff14a6dadbcf3fb45edbe68ddf3f8304a', 'sha256': '637d66978652892403d86f35771909ad8435bd7336fc9c28c2d06dd7458e125f'}, 'dob': {'date': '1947-12-11T12:37:02.107Z', 'age': 76}, 'registered': {'date': '2005-10-16T16:14:33.217Z', 'age': 18}, 'phone': '061-848-7598', 'cell': '081-976-5439', 'id': {'name': 'PPS', 'value': '3285864T'}, 'picture': {'large': 'https://randomuser.me/api/portraits/men/34.jpg', 'medium': 'https://randomuser.me/api/portraits/med/men/34.jpg', 'thumbnail': 'https://randomuser.me/api/portraits/thumb/men/34.jpg'}, 'nat': 'IE'}], 'info': {'seed': '764656940e92f68e', 'results': 1, 'page': 1, 'version': '1.4'}}</msg>
<arg>${json_data}</arg>
<doc>Logs the given message with the given level.</doc>
<status status="PASS" start="2024-07-07T19:12:11.868756" elapsed="0.000206"/>
</kw>
<kw name="Should Be Equal As Numbers" owner="BuiltIn">
<arg>${json_data['results'][0]['location']['postcode']}</arg>
<arg>${json_data['results'][0]['location']['postcode']}</arg>
<doc>Fails if objects are unequal after converting them to real numbers.</doc>
<status status="PASS" start="2024-07-07T19:12:11.869256" elapsed="0.000660"/>
</kw>
<kw name="Log" owner="BuiltIn">
<msg time="2024-07-07T19:12:11.870442" level="INFO">93893</msg>
<arg>${json_data['results'][0]['location']['postcode']}</arg>
<doc>Logs the given message with the given level.</doc>
<status status="PASS" start="2024-07-07T19:12:11.870108" elapsed="0.000374"/>
</kw>
<status status="PASS" start="2024-07-07T19:12:11.773344" elapsed="0.097416"/>
</kw>
<doc>Testa se os tipos de dados na resposta da API estão corretos.</doc>
<tag>testeTiposDados</tag>
<status status="PASS" start="2024-07-07T19:12:11.690000" elapsed="0.180919"/>
</test>
<test id="s1-s1-t5" name="Validar conteudo" line="35">
<kw name="Teste de Tipos de Conteudo" owner="random-user-service">
<kw name="GET On Session" owner="RequestsLibrary">
<msg time="2024-07-07T19:12:11.973001" level="INFO">GET Request : url=https://randomuser.me/api 
 path_url=/api 
 headers={'User-Agent': 'python-requests/2.32.3', 'Accept-Encoding': 'gzip, deflate', 'Accept': '*/*', 'Connection': 'keep-alive'} 
 body=None 
 </msg>
<msg time="2024-07-07T19:12:11.973085" level="INFO">GET Response : url=https://randomuser.me/api 
 status=200, reason=OK 
 headers={'Date': 'Sun, 07 Jul 2024 19:12:11 GMT', 'Content-Type': 'application/json; charset=utf-8', 'Transfer-Encoding': 'chunked', 'Connection': 'keep-alive', 'X-Powered-By': 'Express', 'Access-Control-Allow-Origin': '*', 'Cache-Control': 'no-cache', 'ETag': 'W/"484-s0WQ0oa8E2cVf1UXEDKvoH5zoxI"', 'Vary': 'Accept-Encoding', 'Content-Encoding': 'gzip', 'CF-Cache-Status': 'DYNAMIC', 'Report-To': '{"endpoints":[{"url":"https:\\/\\/a.nel.cloudflare.com\\/report\\/v4?s=ftwvk33Jkf5DV%2FeHUTcnbHzxEBUnwoMCPEq5BoleT7XKaQnOF03bXm7r5VT1vcIE8r14HVZSoCXGzs72HNC3XBI1Jh6AclIwt%2BNt%2B5GcX%2F8q%2F6BZkzYh0qSe%2Fc8T5rSE"}],"group":"cf-nel","max_age":604800}', 'NEL': '{"success_fraction":0,"report_to":"cf-nel","max_age":604800}', 'Server': 'cloudflare', 'CF-RAY': '89fa250a3fe06363-ORD', 'alt-svc': 'h3=":443"; ma=86400'} 
 body={"results":[{"gender":"male","name":{"title":"Mr","first":"Ismael","last":"Prieto"},"location":{"street":{"number":8186,"name":"Avenida de La Albufera"},"city":"Zaragoza","state":"Asturias","country":"Spain","postcode":97913,"coordinates":{"latitude":"-30.2822","longitude":"-161.9152"},"timezone":{"offset":"-11:00","description":"Midway Island, Samoa"}},"email":"ismael.prieto@example.com","login":{"uuid":"8b0d2f2f-22a0-4076-a75e-713cc490da37","username":"goldenwolf546","password":"jackie","salt":"llPcdCyy","md5":"f18e192bc8e62afc1c5e4272ec02b335","sha1":"25f4f5758b6b425cb217e82155a6f1fad7481c07","sha256":"b0a3147165ba82ed5312f844d82052f1fa58fc894dffb8bf56690bcdd9aa6f90"},"dob":{"date":"1951-02-10T07:29:25.659Z","age":73},"registered":{"date":"2006-11-16T04:53:42.967Z","age":17},"phone":"972-608-614","cell":"653-027-287","id":{"name":"DNI","value":"70263534-D"},"picture":{"large":"https://randomuser.me/api/portraits/men/75.jpg","medium":"https://randomuser.me/api/portraits/med/men/75.jpg","thumbnail":"https://randomuser.me/api/portraits/thumb/men/75.jpg"},"nat":"ES"}],"info":{"seed":"c3a0abc1cb6720bd","results":1,"page":1,"version":"1.4"}} 
 </msg>
<msg time="2024-07-07T19:12:11.973172" level="INFO">/opt/hostedtoolcache/Python/3.12.4/x64/lib/python3.12/site-packages/urllib3/connectionpool.py:1099: InsecureRequestWarning: Unverified HTTPS request is being made to host 'randomuser.me'. Adding certificate verification is strongly advised. See: https://urllib3.readthedocs.io/en/latest/advanced-usage.html#tls-warnings
  warnings.warn(</msg>
<msg time="2024-07-07T19:12:11.973310" level="INFO">${response} = &lt;Response [200]&gt;</msg>
<var>${response}</var>
<arg>consultarAPI</arg>
<arg>/api</arg>
<doc>Sends a GET request on a previously created HTTP Session.</doc>
<status status="PASS" start="2024-07-07T19:12:11.873943" elapsed="0.099405"/>
</kw>
<kw name="Set Variable" owner="BuiltIn">
<msg time="2024-07-07T19:12:11.974267" level="INFO">${json_data} = {'results': [{'gender': 'male', 'name': {'title': 'Mr', 'first': 'Ismael', 'last': 'Prieto'}, 'location': {'street': {'number': 8186, 'name': 'Avenida de La Albufera'}, 'city': 'Zaragoza', 'state': 'A...</msg>
<var>${json_data}</var>
<arg>${response.json()}</arg>
<doc>Returns the given values which can then be assigned to a variables.</doc>
<status status="PASS" start="2024-07-07T19:12:11.973838" elapsed="0.000457"/>
</kw>
<kw name="Set Variable" owner="BuiltIn">
<msg time="2024-07-07T19:12:11.974968" level="INFO">${name_title} = Mr</msg>
<var>${name_title}</var>
<arg>${json_data["results"][0]["name"]["title"]}</arg>
<doc>Returns the given values which can then be assigned to a variables.</doc>
<status status="PASS" start="2024-07-07T19:12:11.974595" elapsed="0.000398"/>
</kw>
<kw name="Create List" owner="BuiltIn">
<msg time="2024-07-07T19:12:11.975430" level="INFO">${allowed_titles} = ['Mr', 'Ms', 'Miss', 'Mrs', 'Madame', 'Monsieur']</msg>
<var>${allowed_titles}</var>
<arg>Mr</arg>
<arg>Ms</arg>
<arg>Miss</arg>
<arg>Mrs</arg>
<arg>Madame</arg>
<arg>Monsieur</arg>
<doc>Returns a list containing given items.</doc>
<status status="PASS" start="2024-07-07T19:12:11.975285" elapsed="0.000168"/>
</kw>
<kw name="List Should Contain Value" owner="Collections">
<arg>${allowed_titles}</arg>
<arg>${name_title}</arg>
<doc>Fails if the ``value`` is not found from ``list``.</doc>
<status status="PASS" start="2024-07-07T19:12:11.975746" elapsed="0.000169"/>
</kw>
<kw name="Set Variable" owner="BuiltIn">
<msg time="2024-07-07T19:12:11.976453" level="INFO">${name_country} = ES</msg>
<var>${name_country}</var>
<arg>${json_data["results"][0]["nat"]}</arg>
<doc>Returns the given values which can then be assigned to a variables.</doc>
<status status="PASS" start="2024-07-07T19:12:11.976091" elapsed="0.000387"/>
</kw>
<kw name="Create List" owner="BuiltIn">
<msg time="2024-07-07T19:12:11.977383" level="INFO">${list_country} = ['AD', 'AE', 'AF', 'AG', 'AI', 'AL', 'AM', 'AO', 'AQ', 'AR', 'AS', 'AT', 'AU', 'AW', 'AX', 'AZ', 'BA', 'BB', 'BD', 'BE', 'BF', 'BG', 'BH', 'BI', 'BJ', 'BL', 'BM', 'BN', 'BO', 'BQ', 'BR', 'BS', 'BT', '...</msg>
<var>${list_country}</var>
<arg>AD</arg>
<arg>AE</arg>
<arg>AF</arg>
<arg>AG</arg>
<arg>AI</arg>
<arg>AL</arg>
<arg>AM</arg>
<arg>AO</arg>
<arg>AQ</arg>
<arg>AR</arg>
<arg>AS</arg>
<arg>AT</arg>
<arg>AU</arg>
<arg>AW</arg>
<arg>AX</arg>
<arg>AZ</arg>
<arg>BA</arg>
<arg>BB</arg>
<arg>BD</arg>
<arg>BE</arg>
<arg>BF</arg>
<arg>BG</arg>
<arg>BH</arg>
<arg>BI</arg>
<arg>BJ</arg>
<arg>BL</arg>
<arg>BM</arg>
<arg>BN</arg>
<arg>BO</arg>
<arg>BQ</arg>
<arg>BR</arg>
<arg>BS</arg>
<arg>BT</arg>
<arg>BV</arg>
<arg>BW</arg>
<arg>BY</arg>
<arg>BZ</arg>
<arg>CA</arg>
<arg>CC</arg>
<arg>CD</arg>
<arg>CF</arg>
<arg>CG</arg>
<arg>CH</arg>
<arg>CI</arg>
<arg>CK</arg>
<arg>CL</arg>
<arg>CM</arg>
<arg>CN</arg>
<arg>CO</arg>
<arg>CR</arg>
<arg>CU</arg>
<arg>CV</arg>
<arg>CW</arg>
<arg>CX</arg>
<arg>CY</arg>
<arg>CZ</arg>
<arg>DE</arg>
<arg>DJ</arg>
<arg>DK</arg>
<arg>DM</arg>
<arg>DO</arg>
<arg>DZ</arg>
<arg>EC</arg>
<arg>EE</arg>
<arg>EG</arg>
<arg>EH</arg>
<arg>ER</arg>
<arg>ES</arg>
<arg>ET</arg>
<arg>FI</arg>
<arg>FJ</arg>
<arg>FK</arg>
<arg>FM</arg>
<arg>FO</arg>
<arg>FR</arg>
<arg>GA</arg>
<arg>GB</arg>
<arg>GD</arg>
<arg>GE</arg>
<arg>GF</arg>
<arg>GG</arg>
<arg>GH</arg>
<arg>GI</arg>
<arg>GL</arg>
<arg>GM</arg>
<arg>GN</arg>
<arg>GP</arg>
<arg>GQ</arg>
<arg>GR</arg>
<arg>GS</arg>
<arg>GT</arg>
<arg>GU</arg>
<arg>GW</arg>
<arg>GY</arg>
<arg>HK</arg>
<arg>HM</arg>
<arg>HN</arg>
<arg>HR</arg>
<arg>HT</arg>
<arg>HU</arg>
<arg>ID</arg>
<arg>IE</arg>
<arg>IL</arg>
<arg>IM</arg>
<arg>IN</arg>
<arg>IO</arg>
<arg>IQ</arg>
<arg>IR</arg>
<arg>IS</arg>
<arg>IT</arg>
<arg>JE</arg>
<arg>JM</arg>
<arg>JO</arg>
<arg>JP</arg>
<arg>KE</arg>
<arg>KG</arg>
<arg>KH</arg>
<arg>KI</arg>
<arg>KM</arg>
<arg>KN</arg>
<arg>KP</arg>
<arg>KR</arg>
<arg>KW</arg>
<arg>KY</arg>
<arg>KZ</arg>
<arg>LA</arg>
<arg>LB</arg>
<arg>LC</arg>
<arg>LI</arg>
<arg>LK</arg>
<arg>LR</arg>
<arg>LS</arg>
<arg>LT</arg>
<arg>LU</arg>
<arg>LV</arg>
<arg>LY</arg>
<arg>MA</arg>
<arg>MC</arg>
<arg>MD</arg>
<arg>ME</arg>
<arg>MF</arg>
<arg>MG</arg>
<arg>MH</arg>
<arg>MK</arg>
<arg>ML</arg>
<arg>MM</arg>
<arg>MN</arg>
<arg>MO</arg>
<arg>MP</arg>
<arg>MQ</arg>
<arg>MR</arg>
<arg>MS</arg>
<arg>MT</arg>
<arg>MU</arg>
<arg>MV</arg>
<arg>MW</arg>
<arg>MX</arg>
<arg>MY</arg>
<arg>MZ</arg>
<arg>NA</arg>
<arg>NC</arg>
<arg>NE</arg>
<arg>NF</arg>
<arg>NG</arg>
<arg>NI</arg>
<arg>NL</arg>
<arg>NO</arg>
<arg>NP</arg>
<arg>NR</arg>
<arg>NU</arg>
<arg>NZ</arg>
<arg>OM</arg>
<arg>PA</arg>
<arg>PE</arg>
<arg>PF</arg>
<arg>PG</arg>
<arg>PH</arg>
<arg>PK</arg>
<arg>PL</arg>
<arg>PM</arg>
<arg>PN</arg>
<arg>PR</arg>
<arg>PS</arg>
<arg>PT</arg>
<arg>PW</arg>
<arg>PY</arg>
<arg>QA</arg>
<arg>RE</arg>
<arg>RO</arg>
<arg>RS</arg>
<arg>RU</arg>
<arg>RW</arg>
<arg>SA</arg>
<arg>SB</arg>
<arg>SC</arg>
<arg>SD</arg>
<arg>SE</arg>
<arg>SG</arg>
<arg>SH</arg>
<arg>SI</arg>
<arg>SJ</arg>
<arg>SK</arg>
<arg>SL</arg>
<arg>SM</arg>
<arg>SN</arg>
<arg>SO</arg>
<arg>SR</arg>
<arg>SS</arg>
<arg>ST</arg>
<arg>SV</arg>
<arg>SX</arg>
<arg>SY</arg>
<arg>SZ</arg>
<arg>TC</arg>
<arg>TD</arg>
<arg>TF</arg>
<arg>TG</arg>
<arg>TH</arg>
<arg>TJ</arg>
<arg>TK</arg>
<arg>TL</arg>
<arg>TM</arg>
<arg>TN</arg>
<arg>TO</arg>
<arg>TR</arg>
<arg>TT</arg>
<arg>TV</arg>
<arg>TW</arg>
<arg>TZ</arg>
<arg>UA</arg>
<arg>UG</arg>
<arg>UM</arg>
<arg>US</arg>
<arg>UY</arg>
<arg>UZ</arg>
<arg>VA</arg>
<arg>VC</arg>
<arg>VE</arg>
<arg>VG</arg>
<arg>VI</arg>
<arg>VN</arg>
<arg>VU</arg>
<arg>WF</arg>
<arg>WS</arg>
<arg>XK</arg>
<arg>YE</arg>
<arg>YT</arg>
<arg>ZA</arg>
<arg>ZM</arg>
<arg>ZW</arg>
<doc>Returns a list containing given items.</doc>
<status status="PASS" start="2024-07-07T19:12:11.976767" elapsed="0.000650"/>
</kw>
<kw name="List Should Contain Value" owner="Collections">
<arg>${list_country}</arg>
<arg>${name_country}</arg>
<doc>Fails if the ``value`` is not found from ``list``.</doc>
<status status="PASS" start="2024-07-07T19:12:11.978212" elapsed="0.000200"/>
</kw>
<kw name="Run Keyword If" owner="BuiltIn">
<kw name="Should Be True" owner="BuiltIn">
<arg>${True}</arg>
<doc>Fails if the given condition is not true.</doc>
<status status="PASS" start="2024-07-07T19:12:11.979330" elapsed="0.000143"/>
</kw>
<arg>${json_data["results"][0]["location"]["coordinates"]["latitude"]} &gt;= -90 and ${json_data["results"][0]["location"]["coordinates"]["latitude"]} &lt;= 90</arg>
<arg>Should Be True</arg>
<arg>${True}</arg>
<doc>Runs the given keyword with the given arguments, if ``condition`` is true.</doc>
<status status="PASS" start="2024-07-07T19:12:11.978604" elapsed="0.000994"/>
</kw>
<kw name="Run Keyword If" owner="BuiltIn">
<kw name="Should Be True" owner="BuiltIn">
<arg>${True}</arg>
<doc>Fails if the given condition is not true.</doc>
<status status="PASS" start="2024-07-07T19:12:11.980474" elapsed="0.000136"/>
</kw>
<arg>${json_data["results"][0]["location"]["coordinates"]["longitude"]} &gt;= -180 and ${json_data["results"][0]["location"]["coordinates"]["longitude"]} &lt;= 180</arg>
<arg>Should Be True</arg>
<arg>${True}</arg>
<doc>Runs the given keyword with the given arguments, if ``condition`` is true.</doc>
<status status="PASS" start="2024-07-07T19:12:11.979780" elapsed="0.000952"/>
</kw>
<status status="PASS" start="2024-07-07T19:12:11.873374" elapsed="0.107486"/>
</kw>
<doc>Testa o conteúdo específico dos campos retornados pela API.</doc>
<tag>testeConteudo</tag>
<status status="PASS" start="2024-07-07T19:12:11.872692" elapsed="0.108310"/>
</test>
<status status="PASS" start="2024-07-07T19:12:11.089593" elapsed="0.893295"/>
</suite>
<status status="PASS" start="2024-07-07T19:12:11.075170" elapsed="0.912724"/>
</suite>
<statistics>
<total>
<stat pass="5" fail="0" skip="0">All Tests</stat>
</total>
<tag>
<stat pass="1" fail="0" skip="0">testeConteudo</stat>
<stat pass="1" fail="0" skip="0">testeEstruturaResposta</stat>
<stat pass="1" fail="0" skip="0">testeRequisicaoBasica</stat>
<stat pass="1" fail="0" skip="0">testeTiposDados</stat>
</tag>
<suite>
<stat pass="5" fail="0" skip="0" id="s1" name="Tests">Tests</stat>
<stat pass="5" fail="0" skip="0" id="s1-s1" name="Random-User-Test">Tests.Random-User-Test</stat>
</suite>
</statistics>
<errors>
</errors>
</robot>
