<?xml version="1.0" encoding="UTF-8"?>
<robot generator="Robot 7.0.1 (Python 3.12.4 on linux)" generated="2024-08-09T13:18:51.092198" rpa="false" schemaversion="5">
<suite id="s1" name="Tests" source="/home/runner/work/ApiRandomUser/ApiRandomUser/RamdonUser/tests">
<suite id="s1-s1" name="Random-User-Test" source="/home/runner/work/ApiRandomUser/ApiRandomUser/RamdonUser/tests/random-user-test.robot">
<test id="s1-s1-t1" name="Conectar" line="13">
<kw name="Conectar API" owner="random-user-service">
<kw name="Create Session" owner="RequestsLibrary">
<msg time="2024-08-09T13:18:51.492178" level="INFO">Creating Session using : alias=consultarAPI, url=https://randomuser.me/, headers={},                     cookies={}, auth=None, timeout=None, proxies=None, verify=False,                     debug=0 </msg>
<arg>consultarAPI</arg>
<arg>${URL}</arg>
<doc>Create Session: create a HTTP session to a server</doc>
<status status="PASS" start="2024-08-09T13:18:51.491976" elapsed="0.000389"/>
</kw>
<status status="PASS" start="2024-08-09T13:18:51.490903" elapsed="0.001824"/>
</kw>
<status status="PASS" start="2024-08-09T13:18:51.490339" elapsed="0.002584"/>
</test>
<test id="s1-s1-t2" name="Validar retorno 200 e JSON Válido" line="16">
<kw name="Teste de Requisicao Basica" owner="random-user-service">
<kw name="GET On Session" owner="RequestsLibrary">
<msg time="2024-08-09T13:18:51.563269" level="INFO">GET Request : url=https://randomuser.me/api 
 path_url=/api 
 headers={'User-Agent': 'python-requests/2.32.3', 'Accept-Encoding': 'gzip, deflate', 'Accept': '*/*', 'Connection': 'keep-alive'} 
 body=None 
 </msg>
<msg time="2024-08-09T13:18:51.563425" level="INFO">GET Response : url=https://randomuser.me/api 
 status=200, reason=OK 
 headers={'Date': 'Fri, 09 Aug 2024 13:18:51 GMT', 'Content-Type': 'application/json; charset=utf-8', 'Transfer-Encoding': 'chunked', 'Connection': 'keep-alive', 'X-Powered-By': 'Express', 'Access-Control-Allow-Origin': '*', 'Cache-Control': 'no-cache', 'ETag': 'W/"4ae-I9IxYyjg7NgkjM1c1hqVCacbEIw"', 'Vary': 'Accept-Encoding', 'Content-Encoding': 'gzip', 'CF-Cache-Status': 'DYNAMIC', 'Report-To': '{"endpoints":[{"url":"https:\\/\\/a.nel.cloudflare.com\\/report\\/v4?s=nwbHz51A%2FIXmqitrqqnVWnJBGgZ8Eu8oDu%2FtTywZmJn%2B9%2BVL%2B1kT8SQGoMSZarz9q6nJbulqBpdjNSlWvNArCj9%2F9E7m7LzviVVpu77CO0hX%2BF1lHyHChi59nnbuLTn2"}],"group":"cf-nel","max_age":604800}', 'NEL': '{"success_fraction":0,"report_to":"cf-nel","max_age":604800}', 'Server': 'cloudflare', 'CF-RAY': '8b0808d419b9c9a1-IAD', 'alt-svc': 'h3=":443"; ma=86400'} 
 body={"results":[{"gender":"male","name":{"title":"Mr","first":"Vahid","last":"Loeffen"},"location":{"street":{"number":3486,"name":"Burgemeester van Tuyll-Laan"},"city":"Annerveensche Kanaal","state":"Limburg","country":"Netherlands","postcode":"2236 GL","coordinates":{"latitude":"32.6191","longitude":"-115.5341"},"timezone":{"offset":"+4:00","description":"Abu Dhabi, Muscat, Baku, Tbilisi"}},"email":"vahid.loeffen@example.com","login":{"uuid":"e795406a-c0e7-4dcd-b154-cc496c654e51","username":"greenelephant788","password":"barney1","salt":"Wc6EZVZ0","md5":"eae50444c70c01660b5382e04760c247","sha1":"999d30d4ffb18d61be7634f4c37d61a377b08e41","sha256":"79134f8d8c27454eca3b2b3737ec15c2f8862afdbc7a084cef672d76a7bc9d48"},"dob":{"date":"1989-11-15T21:09:29.467Z","age":34},"registered":{"date":"2008-02-09T08:40:26.585Z","age":16},"phone":"(0508) 837381","cell":"(06) 93317079","id":{"name":"BSN","value":"72178901"},"picture":{"large":"https://randomuser.me/api/portraits/men/58.jpg","medium":"https://randomuser.me/api/portraits/med/men/58.jpg","thumbnail":"https://randomuser.me/api/portraits/thumb/men/58.jpg"},"nat":"NL"}],"info":{"seed":"ba3d8d37bf028d00","results":1,"page":1,"version":"1.4"}} 
 </msg>
<msg time="2024-08-09T13:18:51.563513" level="INFO">/opt/hostedtoolcache/Python/3.12.4/x64/lib/python3.12/site-packages/urllib3/connectionpool.py:1099: InsecureRequestWarning: Unverified HTTPS request is being made to host 'randomuser.me'. Adding certificate verification is strongly advised. See: https://urllib3.readthedocs.io/en/latest/advanced-usage.html#tls-warnings
  warnings.warn(</msg>
<msg time="2024-08-09T13:18:51.563658" level="INFO">${response} = &lt;Response [200]&gt;</msg>
<var>${response}</var>
<arg>consultarAPI</arg>
<arg>/api</arg>
<doc>Sends a GET request on a previously created HTTP Session.</doc>
<status status="PASS" start="2024-08-09T13:18:51.495538" elapsed="0.068161"/>
</kw>
<kw name="Should Be Equal As Numbers" owner="BuiltIn">
<msg time="2024-08-09T13:18:51.564607" level="INFO">Argument types are:
&lt;class 'int'&gt;
&lt;class 'str'&gt;</msg>
<arg>${response.status_code}</arg>
<arg>200</arg>
<doc>Fails if objects are unequal after converting them to real numbers.</doc>
<status status="PASS" start="2024-08-09T13:18:51.564169" elapsed="0.000504"/>
</kw>
<kw name="Log" owner="BuiltIn">
<msg time="2024-08-09T13:18:51.565381" level="INFO">200</msg>
<arg>${response.status_code}</arg>
<doc>Logs the given message with the given level.</doc>
<status status="PASS" start="2024-08-09T13:18:51.564987" elapsed="0.000438"/>
</kw>
<kw name="Set Variable" owner="BuiltIn">
<msg time="2024-08-09T13:18:51.566176" level="INFO">${json_data} = {'results': [{'gender': 'male', 'name': {'title': 'Mr', 'first': 'Vahid', 'last': 'Loeffen'}, 'location': {'street': {'number': 3486, 'name': 'Burgemeester van Tuyll-Laan'}, 'city': 'Annerveensche Kan...</msg>
<var>${json_data}</var>
<arg>${response.json()}</arg>
<doc>Returns the given values which can then be assigned to a variables.</doc>
<status status="PASS" start="2024-08-09T13:18:51.565739" elapsed="0.000467"/>
</kw>
<kw name="Dictionary Should Contain Key" owner="Collections">
<arg>${json_data}</arg>
<arg>results</arg>
<doc>Fails if ``key`` is not found from ``dictionary``.</doc>
<status status="PASS" start="2024-08-09T13:18:51.566513" elapsed="0.000331"/>
</kw>
<status status="PASS" start="2024-08-09T13:18:51.495283" elapsed="0.071721"/>
</kw>
<doc>Testa se a API responde corretamente e retorna um objeto JSON válido.</doc>
<tag>testeRequisicaoBasica</tag>
<status status="PASS" start="2024-08-09T13:18:51.494826" elapsed="0.072355"/>
</test>
<test id="s1-s1-t3" name="Validar estrutura de resposta" line="22">
<kw name="Teste de Estrutura de Resposta" owner="random-user-service">
<kw name="GET On Session" owner="RequestsLibrary">
<msg time="2024-08-09T13:18:51.673695" level="INFO">GET Request : url=https://randomuser.me/api 
 path_url=/api 
 headers={'User-Agent': 'python-requests/2.32.3', 'Accept-Encoding': 'gzip, deflate', 'Accept': '*/*', 'Connection': 'keep-alive'} 
 body=None 
 </msg>
<msg time="2024-08-09T13:18:51.673797" level="INFO">GET Response : url=https://randomuser.me/api 
 status=200, reason=OK 
 headers={'Date': 'Fri, 09 Aug 2024 13:18:51 GMT', 'Content-Type': 'application/json; charset=utf-8', 'Transfer-Encoding': 'chunked', 'Connection': 'keep-alive', 'X-Powered-By': 'Express', 'Access-Control-Allow-Origin': '*', 'Cache-Control': 'no-cache', 'ETag': 'W/"4a4-3uu3b9hhKOdwG9nu/+gMnnQcdQg"', 'Vary': 'Accept-Encoding', 'Content-Encoding': 'gzip', 'CF-Cache-Status': 'DYNAMIC', 'Report-To': '{"endpoints":[{"url":"https:\\/\\/a.nel.cloudflare.com\\/report\\/v4?s=PG6ORsNn6b4ySFZOab8oFK64HG4jxMrLFctOzQ2%2F6id4fsQl9QHHUagtYKoURR3sqDBkP7qyt8ud%2FCOMN61ZJKqgt3FbQm%2B3bvwp0ZDCJy6wROyLIvdW93QOZoIAowiQ"}],"group":"cf-nel","max_age":604800}', 'NEL': '{"success_fraction":0,"report_to":"cf-nel","max_age":604800}', 'Server': 'cloudflare', 'CF-RAY': '8b0808d45a6fc9a1-IAD', 'alt-svc': 'h3=":443"; ma=86400'} 
 body={"results":[{"gender":"male","name":{"title":"Mr","first":"Francisco Javier","last":"Murillo"},"location":{"street":{"number":9439,"name":"Diagonal Sur Apodaca"},"city":"Celestun","state":"Tamaulipas","country":"Mexico","postcode":39665,"coordinates":{"latitude":"21.7429","longitude":"-143.2207"},"timezone":{"offset":"+9:30","description":"Adelaide, Darwin"}},"email":"franciscojavier.murillo@example.com","login":{"uuid":"59ef91d5-ae96-46eb-92dc-9722f59f9175","username":"ticklishrabbit615","password":"beatles","salt":"O5JBy6UZ","md5":"f861f90214fde71923fe9d6343406ef9","sha1":"3de560236e7ff5a22fca6f3b140c00922ec45dc3","sha256":"84bc3fbbb8c9a31f3961120b6386059cbad1c4326392b79546729c6a172c7c68"},"dob":{"date":"1970-04-09T23:12:27.065Z","age":54},"registered":{"date":"2004-12-18T16:34:45.075Z","age":19},"phone":"(693) 696 0433","cell":"(625) 276 1580","id":{"name":"NSS","value":"50 48 47 5445 9"},"picture":{"large":"https://randomuser.me/api/portraits/men/15.jpg","medium":"https://randomuser.me/api/portraits/med/men/15.jpg","thumbnail":"https://randomuser.me/api/portraits/thumb/men/15.jpg"},"nat":"MX"}],"info":{"seed":"1e040ecf4e05119b","results":1,"page":1,"version":"1.4"}} 
 </msg>
<msg time="2024-08-09T13:18:51.673917" level="INFO">/opt/hostedtoolcache/Python/3.12.4/x64/lib/python3.12/site-packages/urllib3/connectionpool.py:1099: InsecureRequestWarning: Unverified HTTPS request is being made to host 'randomuser.me'. Adding certificate verification is strongly advised. See: https://urllib3.readthedocs.io/en/latest/advanced-usage.html#tls-warnings
  warnings.warn(</msg>
<msg time="2024-08-09T13:18:51.674039" level="INFO">${response} = &lt;Response [200]&gt;</msg>
<var>${response}</var>
<arg>consultarAPI</arg>
<arg>/api</arg>
<doc>Sends a GET request on a previously created HTTP Session.</doc>
<status status="PASS" start="2024-08-09T13:18:51.569827" elapsed="0.104255"/>
</kw>
<kw name="Set Variable" owner="BuiltIn">
<msg time="2024-08-09T13:18:51.675078" level="INFO">${json_data} = {'results': [{'gender': 'male', 'name': {'title': 'Mr', 'first': 'Francisco Javier', 'last': 'Murillo'}, 'location': {'street': {'number': 9439, 'name': 'Diagonal Sur Apodaca'}, 'city': 'Celestun', 's...</msg>
<var>${json_data}</var>
<arg>${response.json()}</arg>
<doc>Returns the given values which can then be assigned to a variables.</doc>
<status status="PASS" start="2024-08-09T13:18:51.674569" elapsed="0.000539"/>
</kw>
<kw name="Log" owner="BuiltIn">
<msg time="2024-08-09T13:18:51.675580" level="INFO">{'results': [{'gender': 'male', 'name': {'title': 'Mr', 'first': 'Francisco Javier', 'last': 'Murillo'}, 'location': {'street': {'number': 9439, 'name': 'Diagonal Sur Apodaca'}, 'city': 'Celestun', 'state': 'Tamaulipas', 'country': 'Mexico', 'postcode': 39665, 'coordinates': {'latitude': '21.7429', 'longitude': '-143.2207'}, 'timezone': {'offset': '+9:30', 'description': 'Adelaide, Darwin'}}, 'email': 'franciscojavier.murillo@example.com', 'login': {'uuid': '59ef91d5-ae96-46eb-92dc-9722f59f9175', 'username': 'ticklishrabbit615', 'password': 'beatles', 'salt': 'O5JBy6UZ', 'md5': 'f861f90214fde71923fe9d6343406ef9', 'sha1': '3de560236e7ff5a22fca6f3b140c00922ec45dc3', 'sha256': '84bc3fbbb8c9a31f3961120b6386059cbad1c4326392b79546729c6a172c7c68'}, 'dob': {'date': '1970-04-09T23:12:27.065Z', 'age': 54}, 'registered': {'date': '2004-12-18T16:34:45.075Z', 'age': 19}, 'phone': '(693) 696 0433', 'cell': '(625) 276 1580', 'id': {'name': 'NSS', 'value': '50 48 47 5445 9'}, 'picture': {'large': 'https://randomuser.me/api/portraits/men/15.jpg', 'medium': 'https://randomuser.me/api/portraits/med/men/15.jpg', 'thumbnail': 'https://randomuser.me/api/portraits/thumb/men/15.jpg'}, 'nat': 'MX'}], 'info': {'seed': '1e040ecf4e05119b', 'results': 1, 'page': 1, 'version': '1.4'}}</msg>
<arg>${json_data}</arg>
<doc>Logs the given message with the given level.</doc>
<status status="PASS" start="2024-08-09T13:18:51.675418" elapsed="0.000211"/>
</kw>
<kw name="Dictionary Should Contain Key" owner="Collections">
<arg>${json_data}</arg>
<arg>results</arg>
<doc>Fails if ``key`` is not found from ``dictionary``.</doc>
<status status="PASS" start="2024-08-09T13:18:51.675929" elapsed="0.000167"/>
</kw>
<kw name="Should Not Be Empty" owner="BuiltIn">
<msg time="2024-08-09T13:18:51.676412" level="INFO">Length is 2.</msg>
<arg>${json_data}</arg>
<doc>Verifies that the given item is not empty.</doc>
<status status="PASS" start="2024-08-09T13:18:51.676284" elapsed="0.000167"/>
</kw>
<kw name="Create List" owner="BuiltIn">
<msg time="2024-08-09T13:18:51.676901" level="INFO">${expected_keys} = ['gender', 'name', 'location', 'email', 'login']</msg>
<var>${expected_keys}</var>
<arg>gender</arg>
<arg>name</arg>
<arg>location</arg>
<arg>email</arg>
<arg>login</arg>
<doc>Returns a list containing given items.</doc>
<status status="PASS" start="2024-08-09T13:18:51.676744" elapsed="0.000182"/>
</kw>
<for flavor="IN">
<iter>
<kw name="Dictionary Should Contain Key" owner="Collections">
<arg>${json_data['results'][0]}</arg>
<arg>${key}</arg>
<doc>Fails if ``key`` is not found from ``dictionary``.</doc>
<status status="PASS" start="2024-08-09T13:18:51.677541" elapsed="0.000415"/>
</kw>
<kw name="Log" owner="BuiltIn">
<msg time="2024-08-09T13:18:51.678516" level="INFO">{'gender': 'male', 'name': {'title': 'Mr', 'first': 'Francisco Javier', 'last': 'Murillo'}, 'location': {'street': {'number': 9439, 'name': 'Diagonal Sur Apodaca'}, 'city': 'Celestun', 'state': 'Tamaulipas', 'country': 'Mexico', 'postcode': 39665, 'coordinates': {'latitude': '21.7429', 'longitude': '-143.2207'}, 'timezone': {'offset': '+9:30', 'description': 'Adelaide, Darwin'}}, 'email': 'franciscojavier.murillo@example.com', 'login': {'uuid': '59ef91d5-ae96-46eb-92dc-9722f59f9175', 'username': 'ticklishrabbit615', 'password': 'beatles', 'salt': 'O5JBy6UZ', 'md5': 'f861f90214fde71923fe9d6343406ef9', 'sha1': '3de560236e7ff5a22fca6f3b140c00922ec45dc3', 'sha256': '84bc3fbbb8c9a31f3961120b6386059cbad1c4326392b79546729c6a172c7c68'}, 'dob': {'date': '1970-04-09T23:12:27.065Z', 'age': 54}, 'registered': {'date': '2004-12-18T16:34:45.075Z', 'age': 19}, 'phone': '(693) 696 0433', 'cell': '(625) 276 1580', 'id': {'name': 'NSS', 'value': '50 48 47 5445 9'}, 'picture': {'large': 'https://randomuser.me/api/portraits/men/15.jpg', 'medium': 'https://randomuser.me/api/portraits/med/men/15.jpg', 'thumbnail': 'https://randomuser.me/api/portraits/thumb/men/15.jpg'}, 'nat': 'MX'}</msg>
<arg>${json_data['results'][0]}</arg>
<doc>Logs the given message with the given level.</doc>
<status status="PASS" start="2024-08-09T13:18:51.678150" elapsed="0.000416"/>
</kw>
<kw name="Log" owner="BuiltIn">
<msg time="2024-08-09T13:18:51.678993" level="INFO">gender</msg>
<arg>${key}</arg>
<doc>Logs the given message with the given level.</doc>
<status status="PASS" start="2024-08-09T13:18:51.678863" elapsed="0.000168"/>
</kw>
<var name="${key}">gender</var>
<status status="PASS" start="2024-08-09T13:18:51.677412" elapsed="0.001837"/>
</iter>
<iter>
<kw name="Dictionary Should Contain Key" owner="Collections">
<arg>${json_data['results'][0]}</arg>
<arg>${key}</arg>
<doc>Fails if ``key`` is not found from ``dictionary``.</doc>
<status status="PASS" start="2024-08-09T13:18:51.679550" elapsed="0.000391"/>
</kw>
<kw name="Log" owner="BuiltIn">
<msg time="2024-08-09T13:18:51.680523" level="INFO">{'gender': 'male', 'name': {'title': 'Mr', 'first': 'Francisco Javier', 'last': 'Murillo'}, 'location': {'street': {'number': 9439, 'name': 'Diagonal Sur Apodaca'}, 'city': 'Celestun', 'state': 'Tamaulipas', 'country': 'Mexico', 'postcode': 39665, 'coordinates': {'latitude': '21.7429', 'longitude': '-143.2207'}, 'timezone': {'offset': '+9:30', 'description': 'Adelaide, Darwin'}}, 'email': 'franciscojavier.murillo@example.com', 'login': {'uuid': '59ef91d5-ae96-46eb-92dc-9722f59f9175', 'username': 'ticklishrabbit615', 'password': 'beatles', 'salt': 'O5JBy6UZ', 'md5': 'f861f90214fde71923fe9d6343406ef9', 'sha1': '3de560236e7ff5a22fca6f3b140c00922ec45dc3', 'sha256': '84bc3fbbb8c9a31f3961120b6386059cbad1c4326392b79546729c6a172c7c68'}, 'dob': {'date': '1970-04-09T23:12:27.065Z', 'age': 54}, 'registered': {'date': '2004-12-18T16:34:45.075Z', 'age': 19}, 'phone': '(693) 696 0433', 'cell': '(625) 276 1580', 'id': {'name': 'NSS', 'value': '50 48 47 5445 9'}, 'picture': {'large': 'https://randomuser.me/api/portraits/men/15.jpg', 'medium': 'https://randomuser.me/api/portraits/med/men/15.jpg', 'thumbnail': 'https://randomuser.me/api/portraits/thumb/men/15.jpg'}, 'nat': 'MX'}</msg>
<arg>${json_data['results'][0]}</arg>
<doc>Logs the given message with the given level.</doc>
<status status="PASS" start="2024-08-09T13:18:51.680129" elapsed="0.000445"/>
</kw>
<kw name="Log" owner="BuiltIn">
<msg time="2024-08-09T13:18:51.681004" level="INFO">name</msg>
<arg>${key}</arg>
<doc>Logs the given message with the given level.</doc>
<status status="PASS" start="2024-08-09T13:18:51.680873" elapsed="0.000169"/>
</kw>
<var name="${key}">name</var>
<status status="PASS" start="2024-08-09T13:18:51.679434" elapsed="0.001852"/>
</iter>
<iter>
<kw name="Dictionary Should Contain Key" owner="Collections">
<arg>${json_data['results'][0]}</arg>
<arg>${key}</arg>
<doc>Fails if ``key`` is not found from ``dictionary``.</doc>
<status status="PASS" start="2024-08-09T13:18:51.681572" elapsed="0.000390"/>
</kw>
<kw name="Log" owner="BuiltIn">
<msg time="2024-08-09T13:18:51.682492" level="INFO">{'gender': 'male', 'name': {'title': 'Mr', 'first': 'Francisco Javier', 'last': 'Murillo'}, 'location': {'street': {'number': 9439, 'name': 'Diagonal Sur Apodaca'}, 'city': 'Celestun', 'state': 'Tamaulipas', 'country': 'Mexico', 'postcode': 39665, 'coordinates': {'latitude': '21.7429', 'longitude': '-143.2207'}, 'timezone': {'offset': '+9:30', 'description': 'Adelaide, Darwin'}}, 'email': 'franciscojavier.murillo@example.com', 'login': {'uuid': '59ef91d5-ae96-46eb-92dc-9722f59f9175', 'username': 'ticklishrabbit615', 'password': 'beatles', 'salt': 'O5JBy6UZ', 'md5': 'f861f90214fde71923fe9d6343406ef9', 'sha1': '3de560236e7ff5a22fca6f3b140c00922ec45dc3', 'sha256': '84bc3fbbb8c9a31f3961120b6386059cbad1c4326392b79546729c6a172c7c68'}, 'dob': {'date': '1970-04-09T23:12:27.065Z', 'age': 54}, 'registered': {'date': '2004-12-18T16:34:45.075Z', 'age': 19}, 'phone': '(693) 696 0433', 'cell': '(625) 276 1580', 'id': {'name': 'NSS', 'value': '50 48 47 5445 9'}, 'picture': {'large': 'https://randomuser.me/api/portraits/men/15.jpg', 'medium': 'https://randomuser.me/api/portraits/med/men/15.jpg', 'thumbnail': 'https://randomuser.me/api/portraits/thumb/men/15.jpg'}, 'nat': 'MX'}</msg>
<arg>${json_data['results'][0]}</arg>
<doc>Logs the given message with the given level.</doc>
<status status="PASS" start="2024-08-09T13:18:51.682146" elapsed="0.000394"/>
</kw>
<kw name="Log" owner="BuiltIn">
<msg time="2024-08-09T13:18:51.682968" level="INFO">location</msg>
<arg>${key}</arg>
<doc>Logs the given message with the given level.</doc>
<status status="PASS" start="2024-08-09T13:18:51.682839" elapsed="0.000166"/>
</kw>
<var name="${key}">location</var>
<status status="PASS" start="2024-08-09T13:18:51.681463" elapsed="0.001759"/>
</iter>
<iter>
<kw name="Dictionary Should Contain Key" owner="Collections">
<arg>${json_data['results'][0]}</arg>
<arg>${key}</arg>
<doc>Fails if ``key`` is not found from ``dictionary``.</doc>
<status status="PASS" start="2024-08-09T13:18:51.683499" elapsed="0.000391"/>
</kw>
<kw name="Log" owner="BuiltIn">
<msg time="2024-08-09T13:18:51.684550" level="INFO">{'gender': 'male', 'name': {'title': 'Mr', 'first': 'Francisco Javier', 'last': 'Murillo'}, 'location': {'street': {'number': 9439, 'name': 'Diagonal Sur Apodaca'}, 'city': 'Celestun', 'state': 'Tamaulipas', 'country': 'Mexico', 'postcode': 39665, 'coordinates': {'latitude': '21.7429', 'longitude': '-143.2207'}, 'timezone': {'offset': '+9:30', 'description': 'Adelaide, Darwin'}}, 'email': 'franciscojavier.murillo@example.com', 'login': {'uuid': '59ef91d5-ae96-46eb-92dc-9722f59f9175', 'username': 'ticklishrabbit615', 'password': 'beatles', 'salt': 'O5JBy6UZ', 'md5': 'f861f90214fde71923fe9d6343406ef9', 'sha1': '3de560236e7ff5a22fca6f3b140c00922ec45dc3', 'sha256': '84bc3fbbb8c9a31f3961120b6386059cbad1c4326392b79546729c6a172c7c68'}, 'dob': {'date': '1970-04-09T23:12:27.065Z', 'age': 54}, 'registered': {'date': '2004-12-18T16:34:45.075Z', 'age': 19}, 'phone': '(693) 696 0433', 'cell': '(625) 276 1580', 'id': {'name': 'NSS', 'value': '50 48 47 5445 9'}, 'picture': {'large': 'https://randomuser.me/api/portraits/men/15.jpg', 'medium': 'https://randomuser.me/api/portraits/med/men/15.jpg', 'thumbnail': 'https://randomuser.me/api/portraits/thumb/men/15.jpg'}, 'nat': 'MX'}</msg>
<arg>${json_data['results'][0]}</arg>
<doc>Logs the given message with the given level.</doc>
<status status="PASS" start="2024-08-09T13:18:51.684194" elapsed="0.000403"/>
</kw>
<kw name="Log" owner="BuiltIn">
<msg time="2024-08-09T13:18:51.685025" level="INFO">email</msg>
<arg>${key}</arg>
<doc>Logs the given message with the given level.</doc>
<status status="PASS" start="2024-08-09T13:18:51.684895" elapsed="0.000189"/>
</kw>
<var name="${key}">email</var>
<status status="PASS" start="2024-08-09T13:18:51.683392" elapsed="0.001912"/>
</iter>
<iter>
<kw name="Dictionary Should Contain Key" owner="Collections">
<arg>${json_data['results'][0]}</arg>
<arg>${key}</arg>
<doc>Fails if ``key`` is not found from ``dictionary``.</doc>
<status status="PASS" start="2024-08-09T13:18:51.685588" elapsed="0.000376"/>
</kw>
<kw name="Log" owner="BuiltIn">
<msg time="2024-08-09T13:18:51.686497" level="INFO">{'gender': 'male', 'name': {'title': 'Mr', 'first': 'Francisco Javier', 'last': 'Murillo'}, 'location': {'street': {'number': 9439, 'name': 'Diagonal Sur Apodaca'}, 'city': 'Celestun', 'state': 'Tamaulipas', 'country': 'Mexico', 'postcode': 39665, 'coordinates': {'latitude': '21.7429', 'longitude': '-143.2207'}, 'timezone': {'offset': '+9:30', 'description': 'Adelaide, Darwin'}}, 'email': 'franciscojavier.murillo@example.com', 'login': {'uuid': '59ef91d5-ae96-46eb-92dc-9722f59f9175', 'username': 'ticklishrabbit615', 'password': 'beatles', 'salt': 'O5JBy6UZ', 'md5': 'f861f90214fde71923fe9d6343406ef9', 'sha1': '3de560236e7ff5a22fca6f3b140c00922ec45dc3', 'sha256': '84bc3fbbb8c9a31f3961120b6386059cbad1c4326392b79546729c6a172c7c68'}, 'dob': {'date': '1970-04-09T23:12:27.065Z', 'age': 54}, 'registered': {'date': '2004-12-18T16:34:45.075Z', 'age': 19}, 'phone': '(693) 696 0433', 'cell': '(625) 276 1580', 'id': {'name': 'NSS', 'value': '50 48 47 5445 9'}, 'picture': {'large': 'https://randomuser.me/api/portraits/men/15.jpg', 'medium': 'https://randomuser.me/api/portraits/med/men/15.jpg', 'thumbnail': 'https://randomuser.me/api/portraits/thumb/men/15.jpg'}, 'nat': 'MX'}</msg>
<arg>${json_data['results'][0]}</arg>
<doc>Logs the given message with the given level.</doc>
<status status="PASS" start="2024-08-09T13:18:51.686147" elapsed="0.000397"/>
</kw>
<kw name="Log" owner="BuiltIn">
<msg time="2024-08-09T13:18:51.686966" level="INFO">login</msg>
<arg>${key}</arg>
<doc>Logs the given message with the given level.</doc>
<status status="PASS" start="2024-08-09T13:18:51.686838" elapsed="0.000165"/>
</kw>
<var name="${key}">login</var>
<status status="PASS" start="2024-08-09T13:18:51.685479" elapsed="0.001736"/>
</iter>
<var>${key}</var>
<value>@{expected_keys}</value>
<status status="PASS" start="2024-08-09T13:18:51.677215" elapsed="0.010121"/>
</for>
<kw name="Create List" owner="BuiltIn">
<msg time="2024-08-09T13:18:51.687700" level="INFO">${expected_keysTwo} = ['username', 'password']</msg>
<var>${expected_keysTwo}</var>
<arg>username</arg>
<arg>password</arg>
<doc>Returns a list containing given items.</doc>
<status status="PASS" start="2024-08-09T13:18:51.687559" elapsed="0.000166"/>
</kw>
<for flavor="IN">
<iter>
<kw name="Dictionary Should Contain Key" owner="Collections">
<arg>${json_data['results'][0]['login']}</arg>
<arg>${keyTwo}</arg>
<doc>Fails if ``key`` is not found from ``dictionary``.</doc>
<status status="PASS" start="2024-08-09T13:18:51.688240" elapsed="0.000400"/>
</kw>
<kw name="Dictionary Should Contain Key" owner="Collections">
<arg>${json_data['results'][0]['login']}</arg>
<arg>${keyTwo}</arg>
<doc>Fails if ``key`` is not found from ``dictionary``.</doc>
<status status="PASS" start="2024-08-09T13:18:51.688821" elapsed="0.000401"/>
</kw>
<kw name="Log" owner="BuiltIn">
<msg time="2024-08-09T13:18:51.689528" level="INFO">username</msg>
<arg>${keyTwo}</arg>
<doc>Logs the given message with the given level.</doc>
<status status="PASS" start="2024-08-09T13:18:51.689405" elapsed="0.000160"/>
</kw>
<var name="${keyTwo}">username</var>
<status status="PASS" start="2024-08-09T13:18:51.688132" elapsed="0.001651"/>
</iter>
<iter>
<kw name="Dictionary Should Contain Key" owner="Collections">
<arg>${json_data['results'][0]['login']}</arg>
<arg>${keyTwo}</arg>
<doc>Fails if ``key`` is not found from ``dictionary``.</doc>
<status status="PASS" start="2024-08-09T13:18:51.690058" elapsed="0.000382"/>
</kw>
<kw name="Dictionary Should Contain Key" owner="Collections">
<arg>${json_data['results'][0]['login']}</arg>
<arg>${keyTwo}</arg>
<doc>Fails if ``key`` is not found from ``dictionary``.</doc>
<status status="PASS" start="2024-08-09T13:18:51.690620" elapsed="0.000377"/>
</kw>
<kw name="Log" owner="BuiltIn">
<msg time="2024-08-09T13:18:51.691291" level="INFO">password</msg>
<arg>${keyTwo}</arg>
<doc>Logs the given message with the given level.</doc>
<status status="PASS" start="2024-08-09T13:18:51.691173" elapsed="0.000156"/>
</kw>
<var name="${keyTwo}">password</var>
<status status="PASS" start="2024-08-09T13:18:51.689952" elapsed="0.001596"/>
</iter>
<var>${keyTwo}</var>
<value>@{expected_keysTwo}</value>
<status status="PASS" start="2024-08-09T13:18:51.687979" elapsed="0.003689"/>
</for>
<status status="PASS" start="2024-08-09T13:18:51.569592" elapsed="0.122216"/>
</kw>
<doc>Testa a estrutura da resposta da API.</doc>
<tag>testeEstruturaResposta</tag>
<status status="PASS" start="2024-08-09T13:18:51.569048" elapsed="0.122920"/>
</test>
<test id="s1-s1-t4" name="Validar tipos de dados" line="28">
<kw name="Teste de Tipos de Dados" owner="random-user-service">
<kw name="GET On Session" owner="RequestsLibrary">
<msg time="2024-08-09T13:18:51.764285" level="INFO">GET Request : url=https://randomuser.me/api 
 path_url=/api 
 headers={'User-Agent': 'python-requests/2.32.3', 'Accept-Encoding': 'gzip, deflate', 'Accept': '*/*', 'Connection': 'keep-alive'} 
 body=None 
 </msg>
<msg time="2024-08-09T13:18:51.764387" level="INFO">GET Response : url=https://randomuser.me/api 
 status=200, reason=OK 
 headers={'Date': 'Fri, 09 Aug 2024 13:18:51 GMT', 'Content-Type': 'application/json; charset=utf-8', 'Transfer-Encoding': 'chunked', 'Connection': 'keep-alive', 'X-Powered-By': 'Express', 'Access-Control-Allow-Origin': '*', 'Cache-Control': 'no-cache', 'ETag': 'W/"4aa-1yDFnKPGWHzk00qh3u/dkNTNeCY"', 'Vary': 'Accept-Encoding', 'Content-Encoding': 'gzip', 'CF-Cache-Status': 'DYNAMIC', 'Report-To': '{"endpoints":[{"url":"https:\\/\\/a.nel.cloudflare.com\\/report\\/v4?s=Kbchb2z2k43VkJ32h9iJwpBeWF7Ga3EoqmAjc4y5NKxtOa1Na2c4TXtwsxpjvWOiie5a0GdykjQpCvAE2oa5hA3PUAGAR2zFXWvIhh5HxRFVhxhAWUYwuIf4aH5xTLxm"}],"group":"cf-nel","max_age":604800}', 'NEL': '{"success_fraction":0,"report_to":"cf-nel","max_age":604800}', 'Server': 'cloudflare', 'CF-RAY': '8b0808d52cb2c9a1-IAD', 'alt-svc': 'h3=":443"; ma=86400'} 
 body={"results":[{"gender":"male","name":{"title":"Monsieur","first":"Edmond","last":"Sanchez"},"location":{"street":{"number":3795,"name":"Avenue de la Libération"},"city":"Münchenstein","state":"Bern","country":"Switzerland","postcode":2523,"coordinates":{"latitude":"-60.3021","longitude":"-46.3763"},"timezone":{"offset":"-3:00","description":"Brazil, Buenos Aires, Georgetown"}},"email":"edmond.sanchez@example.com","login":{"uuid":"3f560933-f328-4a52-a0f5-d47621001f0f","username":"yellowfrog860","password":"50spanks","salt":"7mhGPujQ","md5":"7b69bdaaba51446b2520598d64e60688","sha1":"d2db7ca3e6acacd60f9d2a8244f0b4356dd2a4a3","sha256":"e4d0cfd310e93e9658d3ff59502b82e530b63112e3e84d54a8fb1fe91c82ef70"},"dob":{"date":"1960-03-09T18:07:38.752Z","age":64},"registered":{"date":"2011-02-05T07:51:56.685Z","age":13},"phone":"075 000 90 95","cell":"077 075 68 41","id":{"name":"AVS","value":"756.0475.0487.94"},"picture":{"large":"https://randomuser.me/api/portraits/men/43.jpg","medium":"https://randomuser.me/api/portraits/med/men/43.jpg","thumbnail":"https://randomuser.me/api/portraits/thumb/men/43.jpg"},"nat":"CH"}],"info":{"seed":"fac5d3339d7238c2","results":1,"page":1,"version":"1.4"}} 
 </msg>
<msg time="2024-08-09T13:18:51.764467" level="INFO">/opt/hostedtoolcache/Python/3.12.4/x64/lib/python3.12/site-packages/urllib3/connectionpool.py:1099: InsecureRequestWarning: Unverified HTTPS request is being made to host 'randomuser.me'. Adding certificate verification is strongly advised. See: https://urllib3.readthedocs.io/en/latest/advanced-usage.html#tls-warnings
  warnings.warn(</msg>
<msg time="2024-08-09T13:18:51.764595" level="INFO">${response} = &lt;Response [200]&gt;</msg>
<var>${response}</var>
<arg>consultarAPI</arg>
<arg>/api</arg>
<doc>Sends a GET request on a previously created HTTP Session.</doc>
<status status="PASS" start="2024-08-09T13:18:51.694478" elapsed="0.070168"/>
</kw>
<kw name="Set Variable" owner="BuiltIn">
<msg time="2024-08-09T13:18:51.765857" level="INFO">${json_data} = {'results': [{'gender': 'male', 'name': {'title': 'Monsieur', 'first': 'Edmond', 'last': 'Sanchez'}, 'location': {'street': {'number': 3795, 'name': 'Avenue de la Libération'}, 'city': 'Münchenstein',...</msg>
<var>${json_data}</var>
<arg>${response.json()}</arg>
<doc>Returns the given values which can then be assigned to a variables.</doc>
<status status="PASS" start="2024-08-09T13:18:51.765304" elapsed="0.000583"/>
</kw>
<kw name="Log" owner="BuiltIn">
<msg time="2024-08-09T13:18:51.766370" level="INFO">{'results': [{'gender': 'male', 'name': {'title': 'Monsieur', 'first': 'Edmond', 'last': 'Sanchez'}, 'location': {'street': {'number': 3795, 'name': 'Avenue de la Libération'}, 'city': 'Münchenstein', 'state': 'Bern', 'country': 'Switzerland', 'postcode': 2523, 'coordinates': {'latitude': '-60.3021', 'longitude': '-46.3763'}, 'timezone': {'offset': '-3:00', 'description': 'Brazil, Buenos Aires, Georgetown'}}, 'email': 'edmond.sanchez@example.com', 'login': {'uuid': '3f560933-f328-4a52-a0f5-d47621001f0f', 'username': 'yellowfrog860', 'password': '50spanks', 'salt': '7mhGPujQ', 'md5': '7b69bdaaba51446b2520598d64e60688', 'sha1': 'd2db7ca3e6acacd60f9d2a8244f0b4356dd2a4a3', 'sha256': 'e4d0cfd310e93e9658d3ff59502b82e530b63112e3e84d54a8fb1fe91c82ef70'}, 'dob': {'date': '1960-03-09T18:07:38.752Z', 'age': 64}, 'registered': {'date': '2011-02-05T07:51:56.685Z', 'age': 13}, 'phone': '075 000 90 95', 'cell': '077 075 68 41', 'id': {'name': 'AVS', 'value': '756.0475.0487.94'}, 'picture': {'large': 'https://randomuser.me/api/portraits/men/43.jpg', 'medium': 'https://randomuser.me/api/portraits/med/men/43.jpg', 'thumbnail': 'https://randomuser.me/api/portraits/thumb/men/43.jpg'}, 'nat': 'CH'}], 'info': {'seed': 'fac5d3339d7238c2', 'results': 1, 'page': 1, 'version': '1.4'}}</msg>
<arg>${json_data}</arg>
<doc>Logs the given message with the given level.</doc>
<status status="PASS" start="2024-08-09T13:18:51.766198" elapsed="0.000221"/>
</kw>
<kw name="Should Be String" owner="String">
<arg>${json_data['results'][0]['gender']}</arg>
<doc>Fails if the given ``item`` is not a string.</doc>
<status status="PASS" start="2024-08-09T13:18:51.766713" elapsed="0.000370"/>
</kw>
<kw name="Should Match Regexp" owner="BuiltIn">
<arg>${json_data['results'][0]['email']}</arg>
<arg>^[a-zA-Z0-9._%+-]+@[a-zA-Z0-9.-]+\.[a-zA-Z]{2,}$</arg>
<doc>Fails if ``string`` does not match ``pattern`` as a regular expression.</doc>
<status status="PASS" start="2024-08-09T13:18:51.767318" elapsed="0.000523"/>
</kw>
<kw name="Should Match Regexp" owner="BuiltIn">
<arg>${json_data['results'][0]['dob']['date']}</arg>
<arg>\\d{4}-\\d{2}-\\d{2}T\\d{2}:\\d{2}:\\d{2}\\.\\d{3}Z</arg>
<doc>Fails if ``string`` does not match ``pattern`` as a regular expression.</doc>
<status status="PASS" start="2024-08-09T13:18:51.768044" elapsed="0.000641"/>
</kw>
<kw name="Should Match Regexp" owner="BuiltIn">
<arg>${json_data['results'][0]['registered']['date']}</arg>
<arg>\\d{4}-\\d{2}-\\d{2}T\\d{2}:\\d{2}:\\d{2}\\.\\d{3}Z</arg>
<doc>Fails if ``string`` does not match ``pattern`` as a regular expression.</doc>
<status status="PASS" start="2024-08-09T13:18:51.768883" elapsed="0.000418"/>
</kw>
<kw name="Should Match Regexp" owner="BuiltIn">
<arg>${json_data['results'][0]['picture']['large']}</arg>
<arg>^https?://.*\.(?:png|jpe?g|gif|bmp)$</arg>
<doc>Fails if ``string`` does not match ``pattern`` as a regular expression.</doc>
<status status="PASS" start="2024-08-09T13:18:51.769492" elapsed="0.000466"/>
</kw>
<kw name="Should Match Regexp" owner="BuiltIn">
<arg>${json_data['results'][0]['picture']['medium']}</arg>
<arg>^https?://.*\.(?:png|jpe?g|gif|bmp)$</arg>
<doc>Fails if ``string`` does not match ``pattern`` as a regular expression.</doc>
<status status="PASS" start="2024-08-09T13:18:51.770147" elapsed="0.000366"/>
</kw>
<kw name="Should Match Regexp" owner="BuiltIn">
<arg>${json_data['results'][0]['picture']['thumbnail']}</arg>
<arg>^https?://.*\.(?:png|jpe?g|gif|bmp)$</arg>
<doc>Fails if ``string`` does not match ``pattern`` as a regular expression.</doc>
<status status="PASS" start="2024-08-09T13:18:51.770698" elapsed="0.000361"/>
</kw>
<kw name="Log" owner="BuiltIn">
<msg time="2024-08-09T13:18:51.771566" level="INFO">{'large': 'https://randomuser.me/api/portraits/men/43.jpg', 'medium': 'https://randomuser.me/api/portraits/med/men/43.jpg', 'thumbnail': 'https://randomuser.me/api/portraits/thumb/men/43.jpg'}</msg>
<arg>${json_data['results'][0]['picture']}</arg>
<doc>Logs the given message with the given level.</doc>
<status status="PASS" start="2024-08-09T13:18:51.771241" elapsed="0.000368"/>
</kw>
<status status="PASS" start="2024-08-09T13:18:51.694253" elapsed="0.077615"/>
</kw>
<kw name="Teste de Tipos de Dados - Postcode" owner="random-user-service">
<kw name="GET On Session" owner="RequestsLibrary">
<msg time="2024-08-09T13:18:51.863152" level="INFO">GET Request : url=https://randomuser.me/api 
 path_url=/api 
 headers={'User-Agent': 'python-requests/2.32.3', 'Accept-Encoding': 'gzip, deflate', 'Accept': '*/*', 'Connection': 'keep-alive'} 
 body=None 
 </msg>
<msg time="2024-08-09T13:18:51.863249" level="INFO">GET Response : url=https://randomuser.me/api 
 status=200, reason=OK 
 headers={'Date': 'Fri, 09 Aug 2024 13:18:51 GMT', 'Content-Type': 'application/json; charset=utf-8', 'Transfer-Encoding': 'chunked', 'Connection': 'keep-alive', 'X-Powered-By': 'Express', 'Access-Control-Allow-Origin': '*', 'Cache-Control': 'no-cache', 'ETag': 'W/"49a-ZkJM9aUfPLp2k1H7oBC/wejKcgE"', 'Vary': 'Accept-Encoding', 'Content-Encoding': 'gzip', 'CF-Cache-Status': 'DYNAMIC', 'Report-To': '{"endpoints":[{"url":"https:\\/\\/a.nel.cloudflare.com\\/report\\/v4?s=LksLf8aq4eqzPBqicEkjTfFVd6eb8Oj0JxuBAXPJNC%2BUxOv4s5Gl526yyBr6aGYEAV5AJbHaREs%2Bhzi2yUw6vocj11mmult90Y1bh0fppee3ZvYyOBouo26TQbuaapXe"}],"group":"cf-nel","max_age":604800}', 'NEL': '{"success_fraction":0,"report_to":"cf-nel","max_age":604800}', 'Server': 'cloudflare', 'CF-RAY': '8b0808d5ae8fc9a1-IAD', 'alt-svc': 'h3=":443"; ma=86400'} 
 body={"results":[{"gender":"female","name":{"title":"Miss","first":"Pinja","last":"Ojala"},"location":{"street":{"number":9930,"name":"Hatanpään Valtatie"},"city":"Kinnula","state":"Finland Proper","country":"Finland","postcode":97083,"coordinates":{"latitude":"-22.4122","longitude":"155.9203"},"timezone":{"offset":"+6:00","description":"Almaty, Dhaka, Colombo"}},"email":"pinja.ojala@example.com","login":{"uuid":"ca1cf241-f30f-47ae-842d-45513c1525e3","username":"ticklishfish399","password":"black1","salt":"mb0BN6Fq","md5":"0307887207de5cfe76aae3d4b2ca4ef9","sha1":"e703dc5f30a4edfb30e6ee398b5ac3177e0bf503","sha256":"526d04bab63973b3e195b941b4727a93f79a216b3b00d89c349a3fa73223d7af"},"dob":{"date":"1964-12-29T16:00:22.281Z","age":59},"registered":{"date":"2004-06-27T05:38:38.816Z","age":20},"phone":"08-131-392","cell":"046-707-49-61","id":{"name":"HETU","value":"NaNNA450undefined"},"picture":{"large":"https://randomuser.me/api/portraits/women/22.jpg","medium":"https://randomuser.me/api/portraits/med/women/22.jpg","thumbnail":"https://randomuser.me/api/portraits/thumb/women/22.jpg"},"nat":"FI"}],"info":{"seed":"618b758f451f4cd4","results":1,"page":1,"version":"1.4"}} 
 </msg>
<msg time="2024-08-09T13:18:51.863336" level="INFO">/opt/hostedtoolcache/Python/3.12.4/x64/lib/python3.12/site-packages/urllib3/connectionpool.py:1099: InsecureRequestWarning: Unverified HTTPS request is being made to host 'randomuser.me'. Adding certificate verification is strongly advised. See: https://urllib3.readthedocs.io/en/latest/advanced-usage.html#tls-warnings
  warnings.warn(</msg>
<msg time="2024-08-09T13:18:51.863457" level="INFO">${response} = &lt;Response [200]&gt;</msg>
<var>${response}</var>
<arg>consultarAPI</arg>
<arg>/api</arg>
<doc>Sends a GET request on a previously created HTTP Session.</doc>
<status status="PASS" start="2024-08-09T13:18:51.772321" elapsed="0.091163"/>
</kw>
<kw name="Set Variable" owner="BuiltIn">
<msg time="2024-08-09T13:18:51.864544" level="INFO">${json_data} = {'results': [{'gender': 'female', 'name': {'title': 'Miss', 'first': 'Pinja', 'last': 'Ojala'}, 'location': {'street': {'number': 9930, 'name': 'Hatanpään Valtatie'}, 'city': 'Kinnula', 'state': 'Finl...</msg>
<var>${json_data}</var>
<arg>${response.json()}</arg>
<doc>Returns the given values which can then be assigned to a variables.</doc>
<status status="PASS" start="2024-08-09T13:18:51.864024" elapsed="0.000551"/>
</kw>
<kw name="Log" owner="BuiltIn">
<msg time="2024-08-09T13:18:51.865041" level="INFO">{'results': [{'gender': 'female', 'name': {'title': 'Miss', 'first': 'Pinja', 'last': 'Ojala'}, 'location': {'street': {'number': 9930, 'name': 'Hatanpään Valtatie'}, 'city': 'Kinnula', 'state': 'Finland Proper', 'country': 'Finland', 'postcode': 97083, 'coordinates': {'latitude': '-22.4122', 'longitude': '155.9203'}, 'timezone': {'offset': '+6:00', 'description': 'Almaty, Dhaka, Colombo'}}, 'email': 'pinja.ojala@example.com', 'login': {'uuid': 'ca1cf241-f30f-47ae-842d-45513c1525e3', 'username': 'ticklishfish399', 'password': 'black1', 'salt': 'mb0BN6Fq', 'md5': '0307887207de5cfe76aae3d4b2ca4ef9', 'sha1': 'e703dc5f30a4edfb30e6ee398b5ac3177e0bf503', 'sha256': '526d04bab63973b3e195b941b4727a93f79a216b3b00d89c349a3fa73223d7af'}, 'dob': {'date': '1964-12-29T16:00:22.281Z', 'age': 59}, 'registered': {'date': '2004-06-27T05:38:38.816Z', 'age': 20}, 'phone': '08-131-392', 'cell': '046-707-49-61', 'id': {'name': 'HETU', 'value': 'NaNNA450undefined'}, 'picture': {'large': 'https://randomuser.me/api/portraits/women/22.jpg', 'medium': 'https://randomuser.me/api/portraits/med/women/22.jpg', 'thumbnail': 'https://randomuser.me/api/portraits/thumb/women/22.jpg'}, 'nat': 'FI'}], 'info': {'seed': '618b758f451f4cd4', 'results': 1, 'page': 1, 'version': '1.4'}}</msg>
<arg>${json_data}</arg>
<doc>Logs the given message with the given level.</doc>
<status status="PASS" start="2024-08-09T13:18:51.864880" elapsed="0.000253"/>
</kw>
<kw name="Should Be Equal As Numbers" owner="BuiltIn">
<arg>${json_data['results'][0]['location']['postcode']}</arg>
<arg>${json_data['results'][0]['location']['postcode']}</arg>
<doc>Fails if objects are unequal after converting them to real numbers.</doc>
<status status="PASS" start="2024-08-09T13:18:51.865445" elapsed="0.000623"/>
</kw>
<kw name="Log" owner="BuiltIn">
<msg time="2024-08-09T13:18:51.866644" level="INFO">97083</msg>
<arg>${json_data['results'][0]['location']['postcode']}</arg>
<doc>Logs the given message with the given level.</doc>
<status status="PASS" start="2024-08-09T13:18:51.866294" elapsed="0.000398"/>
</kw>
<status status="PASS" start="2024-08-09T13:18:51.772093" elapsed="0.094855"/>
</kw>
<doc>Testa se os tipos de dados na resposta da API estão corretos.</doc>
<tag>testeTiposDados</tag>
<status status="PASS" start="2024-08-09T13:18:51.693795" elapsed="0.173327"/>
</test>
<test id="s1-s1-t5" name="Validar conteudo" line="35">
<kw name="Teste de Tipos de Conteudo" owner="random-user-service">
<kw name="GET On Session" owner="RequestsLibrary">
<msg time="2024-08-09T13:18:51.962679" level="INFO">GET Request : url=https://randomuser.me/api 
 path_url=/api 
 headers={'User-Agent': 'python-requests/2.32.3', 'Accept-Encoding': 'gzip, deflate', 'Accept': '*/*', 'Connection': 'keep-alive'} 
 body=None 
 </msg>
<msg time="2024-08-09T13:18:51.962783" level="INFO">GET Response : url=https://randomuser.me/api 
 status=200, reason=OK 
 headers={'Date': 'Fri, 09 Aug 2024 13:18:51 GMT', 'Content-Type': 'application/json; charset=utf-8', 'Transfer-Encoding': 'chunked', 'Connection': 'keep-alive', 'X-Powered-By': 'Express', 'Access-Control-Allow-Origin': '*', 'Cache-Control': 'no-cache', 'ETag': 'W/"4a6-5KMe6L0OmiiKB7A/N9F+Q+wmRkM"', 'Vary': 'Accept-Encoding', 'Content-Encoding': 'gzip', 'CF-Cache-Status': 'DYNAMIC', 'Report-To': '{"endpoints":[{"url":"https:\\/\\/a.nel.cloudflare.com\\/report\\/v4?s=hhB32WmTtb78dxhu4Wi97aXCqtVMZYZOU2ijqLs5IzQI6ihjEt4iURZ08Vs8akIdiAOehkX2X577RIvjAGltieYsZIM9NcLnZh95lkoQlbwHEdl6VrRJUOaLxE9PzhRv"}],"group":"cf-nel","max_age":604800}', 'NEL': '{"success_fraction":0,"report_to":"cf-nel","max_age":604800}', 'Server': 'cloudflare', 'CF-RAY': '8b0808d6389fc9a1-IAD', 'alt-svc': 'h3=":443"; ma=86400'} 
 body={"results":[{"gender":"female","name":{"title":"Mrs","first":"Beatriz","last":"Gallardo"},"location":{"street":{"number":8769,"name":"Avenida de Andalucía"},"city":"Fuenlabrada","state":"Galicia","country":"Spain","postcode":32826,"coordinates":{"latitude":"-38.2727","longitude":"22.1687"},"timezone":{"offset":"+3:00","description":"Baghdad, Riyadh, Moscow, St. Petersburg"}},"email":"beatriz.gallardo@example.com","login":{"uuid":"2478e04a-47f4-46b8-81ec-434f7954199e","username":"smallelephant305","password":"tucker","salt":"E0pyRHtf","md5":"c12c9100334b34e7942c1cc97b607aa7","sha1":"349a93f6960f54e2d65394087adf7fe36a0c1aa9","sha256":"655112acc321d9ea9bf35a555d1ac805bf285c6dcabf4c6b20deca3b84b283c2"},"dob":{"date":"1961-05-09T06:44:30.088Z","age":63},"registered":{"date":"2021-08-31T19:54:25.149Z","age":2},"phone":"963-216-587","cell":"622-634-145","id":{"name":"DNI","value":"60229382-Y"},"picture":{"large":"https://randomuser.me/api/portraits/women/48.jpg","medium":"https://randomuser.me/api/portraits/med/women/48.jpg","thumbnail":"https://randomuser.me/api/portraits/thumb/women/48.jpg"},"nat":"ES"}],"info":{"seed":"c4862fd2443f0997","results":1,"page":1,"version":"1.4"}} 
 </msg>
<msg time="2024-08-09T13:18:51.962864" level="INFO">/opt/hostedtoolcache/Python/3.12.4/x64/lib/python3.12/site-packages/urllib3/connectionpool.py:1099: InsecureRequestWarning: Unverified HTTPS request is being made to host 'randomuser.me'. Adding certificate verification is strongly advised. See: https://urllib3.readthedocs.io/en/latest/advanced-usage.html#tls-warnings
  warnings.warn(</msg>
<msg time="2024-08-09T13:18:51.962992" level="INFO">${response} = &lt;Response [200]&gt;</msg>
<var>${response}</var>
<arg>consultarAPI</arg>
<arg>/api</arg>
<doc>Sends a GET request on a previously created HTTP Session.</doc>
<status status="PASS" start="2024-08-09T13:18:51.869604" elapsed="0.093423"/>
</kw>
<kw name="Set Variable" owner="BuiltIn">
<msg time="2024-08-09T13:18:51.964156" level="INFO">${json_data} = {'results': [{'gender': 'female', 'name': {'title': 'Mrs', 'first': 'Beatriz', 'last': 'Gallardo'}, 'location': {'street': {'number': 8769, 'name': 'Avenida de Andalucía'}, 'city': 'Fuenlabrada', 'sta...</msg>
<var>${json_data}</var>
<arg>${response.json()}</arg>
<doc>Returns the given values which can then be assigned to a variables.</doc>
<status status="PASS" start="2024-08-09T13:18:51.963637" elapsed="0.000548"/>
</kw>
<kw name="Set Variable" owner="BuiltIn">
<msg time="2024-08-09T13:18:51.964895" level="INFO">${name_title} = Mrs</msg>
<var>${name_title}</var>
<arg>${json_data["results"][0]["name"]["title"]}</arg>
<doc>Returns the given values which can then be assigned to a variables.</doc>
<status status="PASS" start="2024-08-09T13:18:51.964509" elapsed="0.000412"/>
</kw>
<kw name="Create List" owner="BuiltIn">
<msg time="2024-08-09T13:18:51.965417" level="INFO">${allowed_titles} = ['Mr', 'Ms', 'Miss', 'Mrs', 'Madame', 'Monsieur']</msg>
<var>${allowed_titles}</var>
<arg>Mr</arg>
<arg>Ms</arg>
<arg>Miss</arg>
<arg>Mrs</arg>
<arg>Madame</arg>
<arg>Monsieur</arg>
<doc>Returns a list containing given items.</doc>
<status status="PASS" start="2024-08-09T13:18:51.965266" elapsed="0.000176"/>
</kw>
<kw name="List Should Contain Value" owner="Collections">
<arg>${allowed_titles}</arg>
<arg>${name_title}</arg>
<doc>Fails if the ``value`` is not found from ``list``.</doc>
<status status="PASS" start="2024-08-09T13:18:51.965742" elapsed="0.000187"/>
</kw>
<kw name="Set Variable" owner="BuiltIn">
<msg time="2024-08-09T13:18:51.966490" level="INFO">${name_country} = ES</msg>
<var>${name_country}</var>
<arg>${json_data["results"][0]["nat"]}</arg>
<doc>Returns the given values which can then be assigned to a variables.</doc>
<status status="PASS" start="2024-08-09T13:18:51.966115" elapsed="0.000400"/>
</kw>
<kw name="Create List" owner="BuiltIn">
<msg time="2024-08-09T13:18:51.967398" level="INFO">${list_country} = ['AD', 'AE', 'AF', 'AG', 'AI', 'AL', 'AM', 'AO', 'AQ', 'AR', 'AS', 'AT', 'AU', 'AW', 'AX', 'AZ', 'BA', 'BB', 'BD', 'BE', 'BF', 'BG', 'BH', 'BI', 'BJ', 'BL', 'BM', 'BN', 'BO', 'BQ', 'BR', 'BS', 'BT', '...</msg>
<var>${list_country}</var>
<arg>AD</arg>
<arg>AE</arg>
<arg>AF</arg>
<arg>AG</arg>
<arg>AI</arg>
<arg>AL</arg>
<arg>AM</arg>
<arg>AO</arg>
<arg>AQ</arg>
<arg>AR</arg>
<arg>AS</arg>
<arg>AT</arg>
<arg>AU</arg>
<arg>AW</arg>
<arg>AX</arg>
<arg>AZ</arg>
<arg>BA</arg>
<arg>BB</arg>
<arg>BD</arg>
<arg>BE</arg>
<arg>BF</arg>
<arg>BG</arg>
<arg>BH</arg>
<arg>BI</arg>
<arg>BJ</arg>
<arg>BL</arg>
<arg>BM</arg>
<arg>BN</arg>
<arg>BO</arg>
<arg>BQ</arg>
<arg>BR</arg>
<arg>BS</arg>
<arg>BT</arg>
<arg>BV</arg>
<arg>BW</arg>
<arg>BY</arg>
<arg>BZ</arg>
<arg>CA</arg>
<arg>CC</arg>
<arg>CD</arg>
<arg>CF</arg>
<arg>CG</arg>
<arg>CH</arg>
<arg>CI</arg>
<arg>CK</arg>
<arg>CL</arg>
<arg>CM</arg>
<arg>CN</arg>
<arg>CO</arg>
<arg>CR</arg>
<arg>CU</arg>
<arg>CV</arg>
<arg>CW</arg>
<arg>CX</arg>
<arg>CY</arg>
<arg>CZ</arg>
<arg>DE</arg>
<arg>DJ</arg>
<arg>DK</arg>
<arg>DM</arg>
<arg>DO</arg>
<arg>DZ</arg>
<arg>EC</arg>
<arg>EE</arg>
<arg>EG</arg>
<arg>EH</arg>
<arg>ER</arg>
<arg>ES</arg>
<arg>ET</arg>
<arg>FI</arg>
<arg>FJ</arg>
<arg>FK</arg>
<arg>FM</arg>
<arg>FO</arg>
<arg>FR</arg>
<arg>GA</arg>
<arg>GB</arg>
<arg>GD</arg>
<arg>GE</arg>
<arg>GF</arg>
<arg>GG</arg>
<arg>GH</arg>
<arg>GI</arg>
<arg>GL</arg>
<arg>GM</arg>
<arg>GN</arg>
<arg>GP</arg>
<arg>GQ</arg>
<arg>GR</arg>
<arg>GS</arg>
<arg>GT</arg>
<arg>GU</arg>
<arg>GW</arg>
<arg>GY</arg>
<arg>HK</arg>
<arg>HM</arg>
<arg>HN</arg>
<arg>HR</arg>
<arg>HT</arg>
<arg>HU</arg>
<arg>ID</arg>
<arg>IE</arg>
<arg>IL</arg>
<arg>IM</arg>
<arg>IN</arg>
<arg>IO</arg>
<arg>IQ</arg>
<arg>IR</arg>
<arg>IS</arg>
<arg>IT</arg>
<arg>JE</arg>
<arg>JM</arg>
<arg>JO</arg>
<arg>JP</arg>
<arg>KE</arg>
<arg>KG</arg>
<arg>KH</arg>
<arg>KI</arg>
<arg>KM</arg>
<arg>KN</arg>
<arg>KP</arg>
<arg>KR</arg>
<arg>KW</arg>
<arg>KY</arg>
<arg>KZ</arg>
<arg>LA</arg>
<arg>LB</arg>
<arg>LC</arg>
<arg>LI</arg>
<arg>LK</arg>
<arg>LR</arg>
<arg>LS</arg>
<arg>LT</arg>
<arg>LU</arg>
<arg>LV</arg>
<arg>LY</arg>
<arg>MA</arg>
<arg>MC</arg>
<arg>MD</arg>
<arg>ME</arg>
<arg>MF</arg>
<arg>MG</arg>
<arg>MH</arg>
<arg>MK</arg>
<arg>ML</arg>
<arg>MM</arg>
<arg>MN</arg>
<arg>MO</arg>
<arg>MP</arg>
<arg>MQ</arg>
<arg>MR</arg>
<arg>MS</arg>
<arg>MT</arg>
<arg>MU</arg>
<arg>MV</arg>
<arg>MW</arg>
<arg>MX</arg>
<arg>MY</arg>
<arg>MZ</arg>
<arg>NA</arg>
<arg>NC</arg>
<arg>NE</arg>
<arg>NF</arg>
<arg>NG</arg>
<arg>NI</arg>
<arg>NL</arg>
<arg>NO</arg>
<arg>NP</arg>
<arg>NR</arg>
<arg>NU</arg>
<arg>NZ</arg>
<arg>OM</arg>
<arg>PA</arg>
<arg>PE</arg>
<arg>PF</arg>
<arg>PG</arg>
<arg>PH</arg>
<arg>PK</arg>
<arg>PL</arg>
<arg>PM</arg>
<arg>PN</arg>
<arg>PR</arg>
<arg>PS</arg>
<arg>PT</arg>
<arg>PW</arg>
<arg>PY</arg>
<arg>QA</arg>
<arg>RE</arg>
<arg>RO</arg>
<arg>RS</arg>
<arg>RU</arg>
<arg>RW</arg>
<arg>SA</arg>
<arg>SB</arg>
<arg>SC</arg>
<arg>SD</arg>
<arg>SE</arg>
<arg>SG</arg>
<arg>SH</arg>
<arg>SI</arg>
<arg>SJ</arg>
<arg>SK</arg>
<arg>SL</arg>
<arg>SM</arg>
<arg>SN</arg>
<arg>SO</arg>
<arg>SR</arg>
<arg>SS</arg>
<arg>ST</arg>
<arg>SV</arg>
<arg>SX</arg>
<arg>SY</arg>
<arg>SZ</arg>
<arg>TC</arg>
<arg>TD</arg>
<arg>TF</arg>
<arg>TG</arg>
<arg>TH</arg>
<arg>TJ</arg>
<arg>TK</arg>
<arg>TL</arg>
<arg>TM</arg>
<arg>TN</arg>
<arg>TO</arg>
<arg>TR</arg>
<arg>TT</arg>
<arg>TV</arg>
<arg>TW</arg>
<arg>TZ</arg>
<arg>UA</arg>
<arg>UG</arg>
<arg>UM</arg>
<arg>US</arg>
<arg>UY</arg>
<arg>UZ</arg>
<arg>VA</arg>
<arg>VC</arg>
<arg>VE</arg>
<arg>VG</arg>
<arg>VI</arg>
<arg>VN</arg>
<arg>VU</arg>
<arg>WF</arg>
<arg>WS</arg>
<arg>XK</arg>
<arg>YE</arg>
<arg>YT</arg>
<arg>ZA</arg>
<arg>ZM</arg>
<arg>ZW</arg>
<doc>Returns a list containing given items.</doc>
<status status="PASS" start="2024-08-09T13:18:51.966806" elapsed="0.000619"/>
</kw>
<kw name="List Should Contain Value" owner="Collections">
<arg>${list_country}</arg>
<arg>${name_country}</arg>
<doc>Fails if the ``value`` is not found from ``list``.</doc>
<status status="PASS" start="2024-08-09T13:18:51.968406" elapsed="0.000209"/>
</kw>
<kw name="Run Keyword If" owner="BuiltIn">
<kw name="Should Be True" owner="BuiltIn">
<arg>${True}</arg>
<doc>Fails if the given condition is not true.</doc>
<status status="PASS" start="2024-08-09T13:18:51.969581" elapsed="0.000142"/>
</kw>
<arg>${json_data["results"][0]["location"]["coordinates"]["latitude"]} &gt;= -90 and ${json_data["results"][0]["location"]["coordinates"]["latitude"]} &lt;= 90</arg>
<arg>Should Be True</arg>
<arg>${True}</arg>
<doc>Runs the given keyword with the given arguments, if ``condition`` is true.</doc>
<status status="PASS" start="2024-08-09T13:18:51.968815" elapsed="0.001034"/>
</kw>
<kw name="Run Keyword If" owner="BuiltIn">
<kw name="Should Be True" owner="BuiltIn">
<arg>${True}</arg>
<doc>Fails if the given condition is not true.</doc>
<status status="PASS" start="2024-08-09T13:18:51.970717" elapsed="0.000137"/>
</kw>
<arg>${json_data["results"][0]["location"]["coordinates"]["longitude"]} &gt;= -180 and ${json_data["results"][0]["location"]["coordinates"]["longitude"]} &lt;= 180</arg>
<arg>Should Be True</arg>
<arg>${True}</arg>
<doc>Runs the given keyword with the given arguments, if ``condition`` is true.</doc>
<status status="PASS" start="2024-08-09T13:18:51.970028" elapsed="0.000946"/>
</kw>
<status status="PASS" start="2024-08-09T13:18:51.869377" elapsed="0.101729"/>
</kw>
<doc>Testa o conteúdo específico dos campos retornados pela API.</doc>
<tag>testeConteudo</tag>
<status status="PASS" start="2024-08-09T13:18:51.868890" elapsed="0.102369"/>
</test>
<status status="PASS" start="2024-08-09T13:18:51.151645" elapsed="0.821631"/>
</suite>
<status status="PASS" start="2024-08-09T13:18:51.137237" elapsed="0.841097"/>
</suite>
<statistics>
<total>
<stat pass="5" fail="0" skip="0">All Tests</stat>
</total>
<tag>
<stat pass="1" fail="0" skip="0">testeConteudo</stat>
<stat pass="1" fail="0" skip="0">testeEstruturaResposta</stat>
<stat pass="1" fail="0" skip="0">testeRequisicaoBasica</stat>
<stat pass="1" fail="0" skip="0">testeTiposDados</stat>
</tag>
<suite>
<stat pass="5" fail="0" skip="0" id="s1" name="Tests">Tests</stat>
<stat pass="5" fail="0" skip="0" id="s1-s1" name="Random-User-Test">Tests.Random-User-Test</stat>
</suite>
</statistics>
<errors>
</errors>
</robot>
