<?xml version="1.0" encoding="UTF-8"?>
<robot generator="Robot 7.0 (Python 3.12.3 on linux)" generated="2024-05-12T12:26:16.377770" rpa="false" schemaversion="5">
<suite id="s1" name="Tests" source="/home/runner/work/DesafioQAItauRogerioJordao/DesafioQAItauRogerioJordao/RamdonUser/tests">
<suite id="s1-s1" name="Random-User-Test" source="/home/runner/work/DesafioQAItauRogerioJordao/DesafioQAItauRogerioJordao/RamdonUser/tests/random-user-test.robot">
<test id="s1-s1-t1" name="Conectar" line="13">
<kw name="Conectar API" owner="random-user-service">
<kw name="Create Session" owner="RequestsLibrary">
<msg time="2024-05-12T12:26:16.746308" level="INFO">Creating Session using : alias=consultarAPI, url=https://randomuser.me/, headers={},                     cookies={}, auth=None, timeout=None, proxies=None, verify=False,                     debug=0 </msg>
<arg>consultarAPI</arg>
<arg>${URL}</arg>
<doc>Create Session: create a HTTP session to a server</doc>
<status status="PASS" start="2024-05-12T12:26:16.746085" elapsed="0.000422"/>
</kw>
<status status="PASS" start="2024-05-12T12:26:16.745059" elapsed="0.001809"/>
</kw>
<status status="PASS" start="2024-05-12T12:26:16.744484" elapsed="0.002581"/>
</test>
<test id="s1-s1-t2" name="Validar retorno 200 e JSON Válido" line="16">
<kw name="Teste de Requisicao Basica" owner="random-user-service">
<kw name="GET On Session" owner="RequestsLibrary">
<msg time="2024-05-12T12:26:16.932340" level="INFO">GET Request : url=https://randomuser.me/api 
 path_url=/api 
 headers={'User-Agent': 'python-requests/2.31.0', 'Accept-Encoding': 'gzip, deflate', 'Accept': '*/*', 'Connection': 'keep-alive'} 
 body=None 
 </msg>
<msg time="2024-05-12T12:26:16.932509" level="INFO">GET Response : url=https://randomuser.me/api 
 status=200, reason=OK 
 headers={'Date': 'Sun, 12 May 2024 12:26:16 GMT', 'Content-Type': 'application/json; charset=utf-8', 'Transfer-Encoding': 'chunked', 'Connection': 'keep-alive', 'X-Powered-By': 'Express', 'Access-Control-Allow-Origin': '*', 'Cache-Control': 'no-cache', 'ETag': 'W/"49e-SSW4pBAcB/vgL+hzLV9Cz5COHJ8"', 'Vary': 'Accept-Encoding', 'Content-Encoding': 'gzip', 'CF-Cache-Status': 'DYNAMIC', 'Report-To': '{"endpoints":[{"url":"https:\\/\\/a.nel.cloudflare.com\\/report\\/v4?s=7%2FKci0oz%2FI7lKZassiciGjyDzD7b9hYpurIrct%2FdFizXVfYYh53sd4HfvFIheBDDoaZGRUlBxxEs%2FQYTqJLSf3J4BMP3Ynsd3sbXuYHWb%2FS5JzYe84mB2Smj5J1mNxag"}],"group":"cf-nel","max_age":604800}', 'NEL': '{"success_fraction":0,"report_to":"cf-nel","max_age":604800}', 'Server': 'cloudflare', 'CF-RAY': '882a656f9e345b11-IAD', 'alt-svc': 'h3=":443"; ma=86400'} 
 body={"results":[{"gender":"male","name":{"title":"Monsieur","first":"Lucien","last":"Guerin"},"location":{"street":{"number":4289,"name":"Rue du Cardinal-Gerlier"},"city":"Ponthaux","state":"Obwalden","country":"Switzerland","postcode":8323,"coordinates":{"latitude":"-57.7752","longitude":"-174.7697"},"timezone":{"offset":"-7:00","description":"Mountain Time (US &amp; Canada)"}},"email":"lucien.guerin@example.com","login":{"uuid":"9636ca8d-aa00-49c5-99ac-23eed5f7c7cc","username":"redrabbit216","password":"moneys","salt":"POcbKXuv","md5":"3d9a2ab884572224d93e1c31ed867d2a","sha1":"bdad21f03564ab748b966d6c99d25c2efb718c74","sha256":"2fc2a61a8f82df6eea7ed3d7b08733116851c95405a8b50d3a70a18d1d3c7569"},"dob":{"date":"1956-03-05T02:35:38.701Z","age":68},"registered":{"date":"2020-01-31T11:08:04.069Z","age":4},"phone":"076 947 48 77","cell":"075 386 92 52","id":{"name":"AVS","value":"756.9911.2486.50"},"picture":{"large":"https://randomuser.me/api/portraits/men/91.jpg","medium":"https://randomuser.me/api/portraits/med/men/91.jpg","thumbnail":"https://randomuser.me/api/portraits/thumb/men/91.jpg"},"nat":"CH"}],"info":{"seed":"e10dc94eb2a693da","results":1,"page":1,"version":"1.4"}} 
 </msg>
<msg time="2024-05-12T12:26:16.932605" level="INFO">/opt/hostedtoolcache/Python/3.12.3/x64/lib/python3.12/site-packages/urllib3/connectionpool.py:1103: InsecureRequestWarning: Unverified HTTPS request is being made to host 'randomuser.me'. Adding certificate verification is strongly advised. See: https://urllib3.readthedocs.io/en/latest/advanced-usage.html#tls-warnings
  warnings.warn(</msg>
<msg time="2024-05-12T12:26:16.932910" level="INFO">${response} = &lt;Response [200]&gt;</msg>
<var>${response}</var>
<arg>consultarAPI</arg>
<arg>/api</arg>
<doc>Sends a GET request on a previously created HTTP Session.</doc>
<status status="PASS" start="2024-05-12T12:26:16.749741" elapsed="0.183208"/>
</kw>
<kw name="Should Be Equal As Numbers" owner="BuiltIn">
<msg time="2024-05-12T12:26:16.933993" level="INFO">Argument types are:
&lt;class 'int'&gt;
&lt;class 'str'&gt;</msg>
<arg>${response.status_code}</arg>
<arg>200</arg>
<doc>Fails if objects are unequal after converting them to real numbers.</doc>
<status status="PASS" start="2024-05-12T12:26:16.933525" elapsed="0.000532"/>
</kw>
<kw name="Log" owner="BuiltIn">
<msg time="2024-05-12T12:26:16.934756" level="INFO">200</msg>
<arg>${response.status_code}</arg>
<doc>Logs the given message with the given level.</doc>
<status status="PASS" start="2024-05-12T12:26:16.934401" elapsed="0.000397"/>
</kw>
<kw name="Set Variable" owner="BuiltIn">
<msg time="2024-05-12T12:26:16.935544" level="INFO">${json_data} = {'results': [{'gender': 'male', 'name': {'title': 'Monsieur', 'first': 'Lucien', 'last': 'Guerin'}, 'location': {'street': {'number': 4289, 'name': 'Rue du Cardinal-Gerlier'}, 'city': 'Ponthaux', 'sta...</msg>
<var>${json_data}</var>
<arg>${response.json()}</arg>
<doc>Returns the given values which can then be assigned to a variables.</doc>
<status status="PASS" start="2024-05-12T12:26:16.935102" elapsed="0.000471"/>
</kw>
<kw name="Dictionary Should Contain Key" owner="Collections">
<msg time="2024-05-12T12:26:16.936038" level="INFO">False</msg>
<arg>${json_data}</arg>
<arg>results</arg>
<doc>Fails if ``key`` is not found from ``dictionary``.</doc>
<status status="PASS" start="2024-05-12T12:26:16.935871" elapsed="0.000205"/>
</kw>
<status status="PASS" start="2024-05-12T12:26:16.749498" elapsed="0.186835"/>
</kw>
<doc>Testa se a API responde corretamente e retorna um objeto JSON válido.</doc>
<tag>testeRequisicaoBasica</tag>
<status status="PASS" start="2024-05-12T12:26:16.749005" elapsed="0.187514"/>
</test>
<test id="s1-s1-t3" name="Validar estrutura de resposta" line="22">
<kw name="Teste de Estrutura de Resposta" owner="random-user-service">
<kw name="GET On Session" owner="RequestsLibrary">
<msg time="2024-05-12T12:26:17.024928" level="INFO">GET Request : url=https://randomuser.me/api 
 path_url=/api 
 headers={'User-Agent': 'python-requests/2.31.0', 'Accept-Encoding': 'gzip, deflate', 'Accept': '*/*', 'Connection': 'keep-alive'} 
 body=None 
 </msg>
<msg time="2024-05-12T12:26:17.025031" level="INFO">GET Response : url=https://randomuser.me/api 
 status=200, reason=OK 
 headers={'Date': 'Sun, 12 May 2024 12:26:17 GMT', 'Content-Type': 'application/json; charset=utf-8', 'Transfer-Encoding': 'chunked', 'Connection': 'keep-alive', 'X-Powered-By': 'Express', 'Access-Control-Allow-Origin': '*', 'Cache-Control': 'no-cache', 'ETag': 'W/"4bb-IrbE+QSID6zm9Wq42MnBJdDDEss"', 'Vary': 'Accept-Encoding', 'Content-Encoding': 'gzip', 'CF-Cache-Status': 'DYNAMIC', 'Report-To': '{"endpoints":[{"url":"https:\\/\\/a.nel.cloudflare.com\\/report\\/v4?s=dYiIlq21CoVNHyBhGiv3pIiG9M%2BVpXiXaG4Km0eOZJeOqJHqTzCsigxcAO7qj9kFE0dZs1NCXPUyea3ts1bwdf320oDoxHvjMkcS8ESh%2FXcxnhuwUkBVU4JEWNCznTvT"}],"group":"cf-nel","max_age":604800}', 'NEL': '{"success_fraction":0,"report_to":"cf-nel","max_age":604800}', 'Server': 'cloudflare', 'CF-RAY': '882a656fee735b11-IAD', 'alt-svc': 'h3=":443"; ma=86400'} 
 body={"results":[{"gender":"male","name":{"title":"Mr","first":"Vitaliano","last":"Gonçalves"},"location":{"street":{"number":8053,"name":"Rua São Sebastiao "},"city":"São Gonçalo","state":"Rio Grande do Sul","country":"Brazil","postcode":27473,"coordinates":{"latitude":"-80.7587","longitude":"-154.8464"},"timezone":{"offset":"-5:00","description":"Eastern Time (US &amp; Canada), Bogota, Lima"}},"email":"vitaliano.goncalves@example.com","login":{"uuid":"f84cddc3-5472-4fce-9949-cc2bb151f0a7","username":"crazymouse817","password":"merlin1","salt":"upCi9Y6e","md5":"d51d66d7592e5d231cbedc9a0f250b09","sha1":"d3eab6c7fd87184270302f1d130a3f7bd1a64dcb","sha256":"b3c63169f4e09d483a2dda831d755ad0fbb341f1f6766b5a6d4eb32ec24a078f"},"dob":{"date":"1988-05-20T01:18:42.246Z","age":35},"registered":{"date":"2005-02-08T05:28:45.904Z","age":19},"phone":"(70) 3090-6417","cell":"(48) 0836-5357","id":{"name":"CPF","value":"960.666.232-06"},"picture":{"large":"https://randomuser.me/api/portraits/men/69.jpg","medium":"https://randomuser.me/api/portraits/med/men/69.jpg","thumbnail":"https://randomuser.me/api/portraits/thumb/men/69.jpg"},"nat":"BR"}],"info":{"seed":"1e05deed23c3d1bf","results":1,"page":1,"version":"1.4"}} 
 </msg>
<msg time="2024-05-12T12:26:17.025165" level="INFO">/opt/hostedtoolcache/Python/3.12.3/x64/lib/python3.12/site-packages/urllib3/connectionpool.py:1103: InsecureRequestWarning: Unverified HTTPS request is being made to host 'randomuser.me'. Adding certificate verification is strongly advised. See: https://urllib3.readthedocs.io/en/latest/advanced-usage.html#tls-warnings
  warnings.warn(</msg>
<msg time="2024-05-12T12:26:17.025328" level="INFO">${response} = &lt;Response [200]&gt;</msg>
<var>${response}</var>
<arg>consultarAPI</arg>
<arg>/api</arg>
<doc>Sends a GET request on a previously created HTTP Session.</doc>
<status status="PASS" start="2024-05-12T12:26:16.939307" elapsed="0.086086"/>
</kw>
<kw name="Set Variable" owner="BuiltIn">
<msg time="2024-05-12T12:26:17.026573" level="INFO">${json_data} = {'results': [{'gender': 'male', 'name': {'title': 'Mr', 'first': 'Vitaliano', 'last': 'Gonçalves'}, 'location': {'street': {'number': 8053, 'name': 'Rua São Sebastiao '}, 'city': 'São Gonçalo', 'state...</msg>
<var>${json_data}</var>
<arg>${response.json()}</arg>
<doc>Returns the given values which can then be assigned to a variables.</doc>
<status status="PASS" start="2024-05-12T12:26:17.026014" elapsed="0.000593"/>
</kw>
<kw name="Log" owner="BuiltIn">
<msg time="2024-05-12T12:26:17.027105" level="INFO">{'results': [{'gender': 'male', 'name': {'title': 'Mr', 'first': 'Vitaliano', 'last': 'Gonçalves'}, 'location': {'street': {'number': 8053, 'name': 'Rua São Sebastiao '}, 'city': 'São Gonçalo', 'state': 'Rio Grande do Sul', 'country': 'Brazil', 'postcode': 27473, 'coordinates': {'latitude': '-80.7587', 'longitude': '-154.8464'}, 'timezone': {'offset': '-5:00', 'description': 'Eastern Time (US &amp; Canada), Bogota, Lima'}}, 'email': 'vitaliano.goncalves@example.com', 'login': {'uuid': 'f84cddc3-5472-4fce-9949-cc2bb151f0a7', 'username': 'crazymouse817', 'password': 'merlin1', 'salt': 'upCi9Y6e', 'md5': 'd51d66d7592e5d231cbedc9a0f250b09', 'sha1': 'd3eab6c7fd87184270302f1d130a3f7bd1a64dcb', 'sha256': 'b3c63169f4e09d483a2dda831d755ad0fbb341f1f6766b5a6d4eb32ec24a078f'}, 'dob': {'date': '1988-05-20T01:18:42.246Z', 'age': 35}, 'registered': {'date': '2005-02-08T05:28:45.904Z', 'age': 19}, 'phone': '(70) 3090-6417', 'cell': '(48) 0836-5357', 'id': {'name': 'CPF', 'value': '960.666.232-06'}, 'picture': {'large': 'https://randomuser.me/api/portraits/men/69.jpg', 'medium': 'https://randomuser.me/api/portraits/med/men/69.jpg', 'thumbnail': 'https://randomuser.me/api/portraits/thumb/men/69.jpg'}, 'nat': 'BR'}], 'info': {'seed': '1e05deed23c3d1bf', 'results': 1, 'page': 1, 'version': '1.4'}}</msg>
<arg>${json_data}</arg>
<doc>Logs the given message with the given level.</doc>
<status status="PASS" start="2024-05-12T12:26:17.026925" elapsed="0.000234"/>
</kw>
<kw name="Dictionary Should Contain Key" owner="Collections">
<msg time="2024-05-12T12:26:17.027621" level="INFO">False</msg>
<arg>${json_data}</arg>
<arg>results</arg>
<doc>Fails if ``key`` is not found from ``dictionary``.</doc>
<status status="PASS" start="2024-05-12T12:26:17.027464" elapsed="0.000195"/>
</kw>
<kw name="Should Not Be Empty" owner="BuiltIn">
<msg time="2024-05-12T12:26:17.028084" level="INFO">Length is 2.</msg>
<arg>${json_data}</arg>
<doc>Verifies that the given item is not empty.</doc>
<status status="PASS" start="2024-05-12T12:26:17.027955" elapsed="0.000167"/>
</kw>
<kw name="Create List" owner="BuiltIn">
<msg time="2024-05-12T12:26:17.028723" level="INFO">${expected_keys} = ['gender', 'name', 'location', 'email', 'login']</msg>
<var>${expected_keys}</var>
<arg>gender</arg>
<arg>name</arg>
<arg>location</arg>
<arg>email</arg>
<arg>login</arg>
<doc>Returns a list containing given items.</doc>
<status status="PASS" start="2024-05-12T12:26:17.028414" elapsed="0.000334"/>
</kw>
<for flavor="IN">
<iter>
<kw name="Dictionary Should Contain Key" owner="Collections">
<msg time="2024-05-12T12:26:17.029831" level="INFO">False</msg>
<arg>${json_data['results'][0]}</arg>
<arg>${key}</arg>
<doc>Fails if ``key`` is not found from ``dictionary``.</doc>
<status status="PASS" start="2024-05-12T12:26:17.029412" elapsed="0.000457"/>
</kw>
<kw name="Log" owner="BuiltIn">
<msg time="2024-05-12T12:26:17.030541" level="INFO">{'gender': 'male', 'name': {'title': 'Mr', 'first': 'Vitaliano', 'last': 'Gonçalves'}, 'location': {'street': {'number': 8053, 'name': 'Rua São Sebastiao '}, 'city': 'São Gonçalo', 'state': 'Rio Grande do Sul', 'country': 'Brazil', 'postcode': 27473, 'coordinates': {'latitude': '-80.7587', 'longitude': '-154.8464'}, 'timezone': {'offset': '-5:00', 'description': 'Eastern Time (US &amp; Canada), Bogota, Lima'}}, 'email': 'vitaliano.goncalves@example.com', 'login': {'uuid': 'f84cddc3-5472-4fce-9949-cc2bb151f0a7', 'username': 'crazymouse817', 'password': 'merlin1', 'salt': 'upCi9Y6e', 'md5': 'd51d66d7592e5d231cbedc9a0f250b09', 'sha1': 'd3eab6c7fd87184270302f1d130a3f7bd1a64dcb', 'sha256': 'b3c63169f4e09d483a2dda831d755ad0fbb341f1f6766b5a6d4eb32ec24a078f'}, 'dob': {'date': '1988-05-20T01:18:42.246Z', 'age': 35}, 'registered': {'date': '2005-02-08T05:28:45.904Z', 'age': 19}, 'phone': '(70) 3090-6417', 'cell': '(48) 0836-5357', 'id': {'name': 'CPF', 'value': '960.666.232-06'}, 'picture': {'large': 'https://randomuser.me/api/portraits/men/69.jpg', 'medium': 'https://randomuser.me/api/portraits/med/men/69.jpg', 'thumbnail': 'https://randomuser.me/api/portraits/thumb/men/69.jpg'}, 'nat': 'BR'}</msg>
<arg>${json_data['results'][0]}</arg>
<doc>Logs the given message with the given level.</doc>
<status status="PASS" start="2024-05-12T12:26:17.030170" elapsed="0.000424"/>
</kw>
<kw name="Log" owner="BuiltIn">
<msg time="2024-05-12T12:26:17.031028" level="INFO">gender</msg>
<arg>${key}</arg>
<doc>Logs the given message with the given level.</doc>
<status status="PASS" start="2024-05-12T12:26:17.030899" elapsed="0.000172"/>
</kw>
<var name="${key}">gender</var>
<status status="PASS" start="2024-05-12T12:26:17.029228" elapsed="0.002068"/>
</iter>
<iter>
<kw name="Dictionary Should Contain Key" owner="Collections">
<msg time="2024-05-12T12:26:17.032031" level="INFO">False</msg>
<arg>${json_data['results'][0]}</arg>
<arg>${key}</arg>
<doc>Fails if ``key`` is not found from ``dictionary``.</doc>
<status status="PASS" start="2024-05-12T12:26:17.031606" elapsed="0.000463"/>
</kw>
<kw name="Log" owner="BuiltIn">
<msg time="2024-05-12T12:26:17.032728" level="INFO">{'gender': 'male', 'name': {'title': 'Mr', 'first': 'Vitaliano', 'last': 'Gonçalves'}, 'location': {'street': {'number': 8053, 'name': 'Rua São Sebastiao '}, 'city': 'São Gonçalo', 'state': 'Rio Grande do Sul', 'country': 'Brazil', 'postcode': 27473, 'coordinates': {'latitude': '-80.7587', 'longitude': '-154.8464'}, 'timezone': {'offset': '-5:00', 'description': 'Eastern Time (US &amp; Canada), Bogota, Lima'}}, 'email': 'vitaliano.goncalves@example.com', 'login': {'uuid': 'f84cddc3-5472-4fce-9949-cc2bb151f0a7', 'username': 'crazymouse817', 'password': 'merlin1', 'salt': 'upCi9Y6e', 'md5': 'd51d66d7592e5d231cbedc9a0f250b09', 'sha1': 'd3eab6c7fd87184270302f1d130a3f7bd1a64dcb', 'sha256': 'b3c63169f4e09d483a2dda831d755ad0fbb341f1f6766b5a6d4eb32ec24a078f'}, 'dob': {'date': '1988-05-20T01:18:42.246Z', 'age': 35}, 'registered': {'date': '2005-02-08T05:28:45.904Z', 'age': 19}, 'phone': '(70) 3090-6417', 'cell': '(48) 0836-5357', 'id': {'name': 'CPF', 'value': '960.666.232-06'}, 'picture': {'large': 'https://randomuser.me/api/portraits/men/69.jpg', 'medium': 'https://randomuser.me/api/portraits/med/men/69.jpg', 'thumbnail': 'https://randomuser.me/api/portraits/thumb/men/69.jpg'}, 'nat': 'BR'}</msg>
<arg>${json_data['results'][0]}</arg>
<doc>Logs the given message with the given level.</doc>
<status status="PASS" start="2024-05-12T12:26:17.032366" elapsed="0.000412"/>
</kw>
<kw name="Log" owner="BuiltIn">
<msg time="2024-05-12T12:26:17.033205" level="INFO">name</msg>
<arg>${key}</arg>
<doc>Logs the given message with the given level.</doc>
<status status="PASS" start="2024-05-12T12:26:17.033074" elapsed="0.000168"/>
</kw>
<var name="${key}">name</var>
<status status="PASS" start="2024-05-12T12:26:17.031482" elapsed="0.002006"/>
</iter>
<iter>
<kw name="Dictionary Should Contain Key" owner="Collections">
<msg time="2024-05-12T12:26:17.034185" level="INFO">False</msg>
<arg>${json_data['results'][0]}</arg>
<arg>${key}</arg>
<doc>Fails if ``key`` is not found from ``dictionary``.</doc>
<status status="PASS" start="2024-05-12T12:26:17.033785" elapsed="0.000460"/>
</kw>
<kw name="Log" owner="BuiltIn">
<msg time="2024-05-12T12:26:17.035105" level="INFO">{'gender': 'male', 'name': {'title': 'Mr', 'first': 'Vitaliano', 'last': 'Gonçalves'}, 'location': {'street': {'number': 8053, 'name': 'Rua São Sebastiao '}, 'city': 'São Gonçalo', 'state': 'Rio Grande do Sul', 'country': 'Brazil', 'postcode': 27473, 'coordinates': {'latitude': '-80.7587', 'longitude': '-154.8464'}, 'timezone': {'offset': '-5:00', 'description': 'Eastern Time (US &amp; Canada), Bogota, Lima'}}, 'email': 'vitaliano.goncalves@example.com', 'login': {'uuid': 'f84cddc3-5472-4fce-9949-cc2bb151f0a7', 'username': 'crazymouse817', 'password': 'merlin1', 'salt': 'upCi9Y6e', 'md5': 'd51d66d7592e5d231cbedc9a0f250b09', 'sha1': 'd3eab6c7fd87184270302f1d130a3f7bd1a64dcb', 'sha256': 'b3c63169f4e09d483a2dda831d755ad0fbb341f1f6766b5a6d4eb32ec24a078f'}, 'dob': {'date': '1988-05-20T01:18:42.246Z', 'age': 35}, 'registered': {'date': '2005-02-08T05:28:45.904Z', 'age': 19}, 'phone': '(70) 3090-6417', 'cell': '(48) 0836-5357', 'id': {'name': 'CPF', 'value': '960.666.232-06'}, 'picture': {'large': 'https://randomuser.me/api/portraits/men/69.jpg', 'medium': 'https://randomuser.me/api/portraits/med/men/69.jpg', 'thumbnail': 'https://randomuser.me/api/portraits/thumb/men/69.jpg'}, 'nat': 'BR'}</msg>
<arg>${json_data['results'][0]}</arg>
<doc>Logs the given message with the given level.</doc>
<status status="PASS" start="2024-05-12T12:26:17.034674" elapsed="0.000483"/>
</kw>
<kw name="Log" owner="BuiltIn">
<msg time="2024-05-12T12:26:17.035599" level="INFO">location</msg>
<arg>${key}</arg>
<doc>Logs the given message with the given level.</doc>
<status status="PASS" start="2024-05-12T12:26:17.035470" elapsed="0.000166"/>
</kw>
<var name="${key}">location</var>
<status status="PASS" start="2024-05-12T12:26:17.033666" elapsed="0.002187"/>
</iter>
<iter>
<kw name="Dictionary Should Contain Key" owner="Collections">
<msg time="2024-05-12T12:26:17.036530" level="INFO">False</msg>
<arg>${json_data['results'][0]}</arg>
<arg>${key}</arg>
<doc>Fails if ``key`` is not found from ``dictionary``.</doc>
<status status="PASS" start="2024-05-12T12:26:17.036144" elapsed="0.000422"/>
</kw>
<kw name="Log" owner="BuiltIn">
<msg time="2024-05-12T12:26:17.037228" level="INFO">{'gender': 'male', 'name': {'title': 'Mr', 'first': 'Vitaliano', 'last': 'Gonçalves'}, 'location': {'street': {'number': 8053, 'name': 'Rua São Sebastiao '}, 'city': 'São Gonçalo', 'state': 'Rio Grande do Sul', 'country': 'Brazil', 'postcode': 27473, 'coordinates': {'latitude': '-80.7587', 'longitude': '-154.8464'}, 'timezone': {'offset': '-5:00', 'description': 'Eastern Time (US &amp; Canada), Bogota, Lima'}}, 'email': 'vitaliano.goncalves@example.com', 'login': {'uuid': 'f84cddc3-5472-4fce-9949-cc2bb151f0a7', 'username': 'crazymouse817', 'password': 'merlin1', 'salt': 'upCi9Y6e', 'md5': 'd51d66d7592e5d231cbedc9a0f250b09', 'sha1': 'd3eab6c7fd87184270302f1d130a3f7bd1a64dcb', 'sha256': 'b3c63169f4e09d483a2dda831d755ad0fbb341f1f6766b5a6d4eb32ec24a078f'}, 'dob': {'date': '1988-05-20T01:18:42.246Z', 'age': 35}, 'registered': {'date': '2005-02-08T05:28:45.904Z', 'age': 19}, 'phone': '(70) 3090-6417', 'cell': '(48) 0836-5357', 'id': {'name': 'CPF', 'value': '960.666.232-06'}, 'picture': {'large': 'https://randomuser.me/api/portraits/men/69.jpg', 'medium': 'https://randomuser.me/api/portraits/med/men/69.jpg', 'thumbnail': 'https://randomuser.me/api/portraits/thumb/men/69.jpg'}, 'nat': 'BR'}</msg>
<arg>${json_data['results'][0]}</arg>
<doc>Logs the given message with the given level.</doc>
<status status="PASS" start="2024-05-12T12:26:17.036866" elapsed="0.000413"/>
</kw>
<kw name="Log" owner="BuiltIn">
<msg time="2024-05-12T12:26:17.037750" level="INFO">email</msg>
<arg>${key}</arg>
<doc>Logs the given message with the given level.</doc>
<status status="PASS" start="2024-05-12T12:26:17.037622" elapsed="0.000165"/>
</kw>
<var name="${key}">email</var>
<status status="PASS" start="2024-05-12T12:26:17.036030" elapsed="0.001976"/>
</iter>
<iter>
<kw name="Dictionary Should Contain Key" owner="Collections">
<msg time="2024-05-12T12:26:17.038675" level="INFO">False</msg>
<arg>${json_data['results'][0]}</arg>
<arg>${key}</arg>
<doc>Fails if ``key`` is not found from ``dictionary``.</doc>
<status status="PASS" start="2024-05-12T12:26:17.038294" elapsed="0.000419"/>
</kw>
<kw name="Log" owner="BuiltIn">
<msg time="2024-05-12T12:26:17.039389" level="INFO">{'gender': 'male', 'name': {'title': 'Mr', 'first': 'Vitaliano', 'last': 'Gonçalves'}, 'location': {'street': {'number': 8053, 'name': 'Rua São Sebastiao '}, 'city': 'São Gonçalo', 'state': 'Rio Grande do Sul', 'country': 'Brazil', 'postcode': 27473, 'coordinates': {'latitude': '-80.7587', 'longitude': '-154.8464'}, 'timezone': {'offset': '-5:00', 'description': 'Eastern Time (US &amp; Canada), Bogota, Lima'}}, 'email': 'vitaliano.goncalves@example.com', 'login': {'uuid': 'f84cddc3-5472-4fce-9949-cc2bb151f0a7', 'username': 'crazymouse817', 'password': 'merlin1', 'salt': 'upCi9Y6e', 'md5': 'd51d66d7592e5d231cbedc9a0f250b09', 'sha1': 'd3eab6c7fd87184270302f1d130a3f7bd1a64dcb', 'sha256': 'b3c63169f4e09d483a2dda831d755ad0fbb341f1f6766b5a6d4eb32ec24a078f'}, 'dob': {'date': '1988-05-20T01:18:42.246Z', 'age': 35}, 'registered': {'date': '2005-02-08T05:28:45.904Z', 'age': 19}, 'phone': '(70) 3090-6417', 'cell': '(48) 0836-5357', 'id': {'name': 'CPF', 'value': '960.666.232-06'}, 'picture': {'large': 'https://randomuser.me/api/portraits/men/69.jpg', 'medium': 'https://randomuser.me/api/portraits/med/men/69.jpg', 'thumbnail': 'https://randomuser.me/api/portraits/thumb/men/69.jpg'}, 'nat': 'BR'}</msg>
<arg>${json_data['results'][0]}</arg>
<doc>Logs the given message with the given level.</doc>
<status status="PASS" start="2024-05-12T12:26:17.039015" elapsed="0.000424"/>
</kw>
<kw name="Log" owner="BuiltIn">
<msg time="2024-05-12T12:26:17.039909" level="INFO">login</msg>
<arg>${key}</arg>
<doc>Logs the given message with the given level.</doc>
<status status="PASS" start="2024-05-12T12:26:17.039778" elapsed="0.000169"/>
</kw>
<var name="${key}">login</var>
<status status="PASS" start="2024-05-12T12:26:17.038182" elapsed="0.001984"/>
</iter>
<var>${key}</var>
<value>@{expected_keys}</value>
<status status="PASS" start="2024-05-12T12:26:17.029032" elapsed="0.011262"/>
</for>
<kw name="Create List" owner="BuiltIn">
<msg time="2024-05-12T12:26:17.040625" level="INFO">${expected_keysTwo} = ['username', 'password']</msg>
<var>${expected_keysTwo}</var>
<arg>username</arg>
<arg>password</arg>
<doc>Returns a list containing given items.</doc>
<status status="PASS" start="2024-05-12T12:26:17.040489" elapsed="0.000160"/>
</kw>
<for flavor="IN">
<iter>
<kw name="Dictionary Should Contain Key" owner="Collections">
<msg time="2024-05-12T12:26:17.041592" level="INFO">False</msg>
<arg>${json_data['results'][0]['login']}</arg>
<arg>${keyTwo}</arg>
<doc>Fails if ``key`` is not found from ``dictionary``.</doc>
<status status="PASS" start="2024-05-12T12:26:17.041160" elapsed="0.000470"/>
</kw>
<kw name="Dictionary Should Contain Key" owner="Collections">
<msg time="2024-05-12T12:26:17.042629" level="INFO">False</msg>
<arg>${json_data['results'][0]['login']}</arg>
<arg>${keyTwo}</arg>
<doc>Fails if ``key`` is not found from ``dictionary``.</doc>
<status status="PASS" start="2024-05-12T12:26:17.042030" elapsed="0.000641"/>
</kw>
<kw name="Log" owner="BuiltIn">
<msg time="2024-05-12T12:26:17.043134" level="INFO">username</msg>
<arg>${keyTwo}</arg>
<doc>Logs the given message with the given level.</doc>
<status status="PASS" start="2024-05-12T12:26:17.043000" elapsed="0.000177"/>
</kw>
<var name="${keyTwo}">username</var>
<status status="PASS" start="2024-05-12T12:26:17.041042" elapsed="0.002353"/>
</iter>
<iter>
<kw name="Dictionary Should Contain Key" owner="Collections">
<msg time="2024-05-12T12:26:17.044077" level="INFO">False</msg>
<arg>${json_data['results'][0]['login']}</arg>
<arg>${keyTwo}</arg>
<doc>Fails if ``key`` is not found from ``dictionary``.</doc>
<status status="PASS" start="2024-05-12T12:26:17.043681" elapsed="0.000433"/>
</kw>
<kw name="Dictionary Should Contain Key" owner="Collections">
<msg time="2024-05-12T12:26:17.044883" level="INFO">False</msg>
<arg>${json_data['results'][0]['login']}</arg>
<arg>${keyTwo}</arg>
<doc>Fails if ``key`` is not found from ``dictionary``.</doc>
<status status="PASS" start="2024-05-12T12:26:17.044409" elapsed="0.000513"/>
</kw>
<kw name="Log" owner="BuiltIn">
<msg time="2024-05-12T12:26:17.045386" level="INFO">password</msg>
<arg>${keyTwo}</arg>
<doc>Logs the given message with the given level.</doc>
<status status="PASS" start="2024-05-12T12:26:17.045220" elapsed="0.000211"/>
</kw>
<var name="${keyTwo}">password</var>
<status status="PASS" start="2024-05-12T12:26:17.043567" elapsed="0.002091"/>
</iter>
<var>${keyTwo}</var>
<value>@{expected_keysTwo}</value>
<status status="PASS" start="2024-05-12T12:26:17.040886" elapsed="0.004894"/>
</for>
<status status="PASS" start="2024-05-12T12:26:16.939072" elapsed="0.106851"/>
</kw>
<doc>Testa a estrutura da resposta da API.</doc>
<tag>testeEstruturaResposta</tag>
<status status="PASS" start="2024-05-12T12:26:16.938461" elapsed="0.107622"/>
</test>
<test id="s1-s1-t4" name="Validar tipos de dados" line="28">
<kw name="Teste de Tipos de Dados" owner="random-user-service">
<kw name="GET On Session" owner="RequestsLibrary">
<msg time="2024-05-12T12:26:17.124085" level="INFO">GET Request : url=https://randomuser.me/api 
 path_url=/api 
 headers={'User-Agent': 'python-requests/2.31.0', 'Accept-Encoding': 'gzip, deflate', 'Accept': '*/*', 'Connection': 'keep-alive'} 
 body=None 
 </msg>
<msg time="2024-05-12T12:26:17.124186" level="INFO">GET Response : url=https://randomuser.me/api 
 status=200, reason=OK 
 headers={'Date': 'Sun, 12 May 2024 12:26:17 GMT', 'Content-Type': 'application/json; charset=utf-8', 'Transfer-Encoding': 'chunked', 'Connection': 'keep-alive', 'X-Powered-By': 'Express', 'Access-Control-Allow-Origin': '*', 'Cache-Control': 'no-cache', 'ETag': 'W/"482-uP1Qo3tI3LIxgMQVrxYO9lK2D4o"', 'Vary': 'Accept-Encoding', 'Content-Encoding': 'gzip', 'CF-Cache-Status': 'DYNAMIC', 'Report-To': '{"endpoints":[{"url":"https:\\/\\/a.nel.cloudflare.com\\/report\\/v4?s=CtbpqCDJLB9RrPRiCYuqXY%2F%2FGxxKe%2BnqFASpZf37sthPWhOdHFiktHkiUfI1Ltv5k0G6u8Ib4rb9RR32POfnPl0%2FP1%2F2oR1qiBjNL3wS6a8kBklSe9r88LPdCVujMMXr"}],"group":"cf-nel","max_age":604800}', 'NEL': '{"success_fraction":0,"report_to":"cf-nel","max_age":604800}', 'Server': 'cloudflare', 'CF-RAY': '882a65709f0e5b11-IAD', 'alt-svc': 'h3=":443"; ma=86400'} 
 body={"results":[{"gender":"male","name":{"title":"Mr","first":"Tassilo","last":"Raddatz"},"location":{"street":{"number":8924,"name":"Rosenweg"},"city":"Haselünne","state":"Bremen","country":"Germany","postcode":59215,"coordinates":{"latitude":"-53.4947","longitude":"-127.1663"},"timezone":{"offset":"-11:00","description":"Midway Island, Samoa"}},"email":"tassilo.raddatz@example.com","login":{"uuid":"ea0ec548-ed27-4d0e-8e3f-2ab59f7e3122","username":"bluezebra235","password":"topper","salt":"31jE3d5b","md5":"79a902a30fe7b1141d1b90c5bdd07e24","sha1":"2137543ec41045053bf4600f5c4ed26dbc0de2b0","sha256":"c3a977b28b9fe4fad5705ae04434e2512415a23349abfdd445437fbe8b89dc1c"},"dob":{"date":"1983-04-20T19:13:48.283Z","age":41},"registered":{"date":"2016-10-20T08:14:58.327Z","age":7},"phone":"0594-8211136","cell":"0179-0434025","id":{"name":"SVNR","value":"09 200483 R 390"},"picture":{"large":"https://randomuser.me/api/portraits/men/36.jpg","medium":"https://randomuser.me/api/portraits/med/men/36.jpg","thumbnail":"https://randomuser.me/api/portraits/thumb/men/36.jpg"},"nat":"DE"}],"info":{"seed":"950a9444ded7bf3f","results":1,"page":1,"version":"1.4"}} 
 </msg>
<msg time="2024-05-12T12:26:17.124260" level="INFO">/opt/hostedtoolcache/Python/3.12.3/x64/lib/python3.12/site-packages/urllib3/connectionpool.py:1103: InsecureRequestWarning: Unverified HTTPS request is being made to host 'randomuser.me'. Adding certificate verification is strongly advised. See: https://urllib3.readthedocs.io/en/latest/advanced-usage.html#tls-warnings
  warnings.warn(</msg>
<msg time="2024-05-12T12:26:17.124385" level="INFO">${response} = &lt;Response [200]&gt;</msg>
<var>${response}</var>
<arg>consultarAPI</arg>
<arg>/api</arg>
<doc>Sends a GET request on a previously created HTTP Session.</doc>
<status status="PASS" start="2024-05-12T12:26:17.048663" elapsed="0.075763"/>
</kw>
<kw name="Set Variable" owner="BuiltIn">
<msg time="2024-05-12T12:26:17.125704" level="INFO">${json_data} = {'results': [{'gender': 'male', 'name': {'title': 'Mr', 'first': 'Tassilo', 'last': 'Raddatz'}, 'location': {'street': {'number': 8924, 'name': 'Rosenweg'}, 'city': 'Haselünne', 'state': 'Bremen', 'co...</msg>
<var>${json_data}</var>
<arg>${response.json()}</arg>
<doc>Returns the given values which can then be assigned to a variables.</doc>
<status status="PASS" start="2024-05-12T12:26:17.125072" elapsed="0.000667"/>
</kw>
<kw name="Log" owner="BuiltIn">
<msg time="2024-05-12T12:26:17.126218" level="INFO">{'results': [{'gender': 'male', 'name': {'title': 'Mr', 'first': 'Tassilo', 'last': 'Raddatz'}, 'location': {'street': {'number': 8924, 'name': 'Rosenweg'}, 'city': 'Haselünne', 'state': 'Bremen', 'country': 'Germany', 'postcode': 59215, 'coordinates': {'latitude': '-53.4947', 'longitude': '-127.1663'}, 'timezone': {'offset': '-11:00', 'description': 'Midway Island, Samoa'}}, 'email': 'tassilo.raddatz@example.com', 'login': {'uuid': 'ea0ec548-ed27-4d0e-8e3f-2ab59f7e3122', 'username': 'bluezebra235', 'password': 'topper', 'salt': '31jE3d5b', 'md5': '79a902a30fe7b1141d1b90c5bdd07e24', 'sha1': '2137543ec41045053bf4600f5c4ed26dbc0de2b0', 'sha256': 'c3a977b28b9fe4fad5705ae04434e2512415a23349abfdd445437fbe8b89dc1c'}, 'dob': {'date': '1983-04-20T19:13:48.283Z', 'age': 41}, 'registered': {'date': '2016-10-20T08:14:58.327Z', 'age': 7}, 'phone': '0594-8211136', 'cell': '0179-0434025', 'id': {'name': 'SVNR', 'value': '09 200483 R 390'}, 'picture': {'large': 'https://randomuser.me/api/portraits/men/36.jpg', 'medium': 'https://randomuser.me/api/portraits/med/men/36.jpg', 'thumbnail': 'https://randomuser.me/api/portraits/thumb/men/36.jpg'}, 'nat': 'DE'}], 'info': {'seed': '950a9444ded7bf3f', 'results': 1, 'page': 1, 'version': '1.4'}}</msg>
<arg>${json_data}</arg>
<doc>Logs the given message with the given level.</doc>
<status status="PASS" start="2024-05-12T12:26:17.126056" elapsed="0.000249"/>
</kw>
<kw name="Should Be String" owner="String">
<arg>${json_data['results'][0]['gender']}</arg>
<doc>Fails if the given ``item`` is not a string.</doc>
<status status="PASS" start="2024-05-12T12:26:17.126615" elapsed="0.000370"/>
</kw>
<kw name="Should Match Regexp" owner="BuiltIn">
<arg>${json_data['results'][0]['email']}</arg>
<arg>^[a-zA-Z0-9._%+-]+@[a-zA-Z0-9.-]+\.[a-zA-Z]{2,}$</arg>
<doc>Fails if ``string`` does not match ``pattern`` as a regular expression.</doc>
<status status="PASS" start="2024-05-12T12:26:17.127182" elapsed="0.000520"/>
</kw>
<kw name="Should Match Regexp" owner="BuiltIn">
<arg>${json_data['results'][0]['dob']['date']}</arg>
<arg>\\d{4}-\\d{2}-\\d{2}T\\d{2}:\\d{2}:\\d{2}\\.\\d{3}Z</arg>
<doc>Fails if ``string`` does not match ``pattern`` as a regular expression.</doc>
<status status="PASS" start="2024-05-12T12:26:17.127901" elapsed="0.000501"/>
</kw>
<kw name="Should Match Regexp" owner="BuiltIn">
<arg>${json_data['results'][0]['registered']['date']}</arg>
<arg>\\d{4}-\\d{2}-\\d{2}T\\d{2}:\\d{2}:\\d{2}\\.\\d{3}Z</arg>
<doc>Fails if ``string`` does not match ``pattern`` as a regular expression.</doc>
<status status="PASS" start="2024-05-12T12:26:17.128594" elapsed="0.000368"/>
</kw>
<kw name="Should Match Regexp" owner="BuiltIn">
<arg>${json_data['results'][0]['picture']['large']}</arg>
<arg>^https?://.*\.(?:png|jpe?g|gif|bmp)$</arg>
<doc>Fails if ``string`` does not match ``pattern`` as a regular expression.</doc>
<status status="PASS" start="2024-05-12T12:26:17.129151" elapsed="0.000483"/>
</kw>
<kw name="Should Match Regexp" owner="BuiltIn">
<arg>${json_data['results'][0]['picture']['medium']}</arg>
<arg>^https?://.*\.(?:png|jpe?g|gif|bmp)$</arg>
<doc>Fails if ``string`` does not match ``pattern`` as a regular expression.</doc>
<status status="PASS" start="2024-05-12T12:26:17.129825" elapsed="0.000360"/>
</kw>
<kw name="Should Match Regexp" owner="BuiltIn">
<arg>${json_data['results'][0]['picture']['thumbnail']}</arg>
<arg>^https?://.*\.(?:png|jpe?g|gif|bmp)$</arg>
<doc>Fails if ``string`` does not match ``pattern`` as a regular expression.</doc>
<status status="PASS" start="2024-05-12T12:26:17.130378" elapsed="0.000363"/>
</kw>
<kw name="Log" owner="BuiltIn">
<msg time="2024-05-12T12:26:17.131254" level="INFO">{'large': 'https://randomuser.me/api/portraits/men/36.jpg', 'medium': 'https://randomuser.me/api/portraits/med/men/36.jpg', 'thumbnail': 'https://randomuser.me/api/portraits/thumb/men/36.jpg'}</msg>
<arg>${json_data['results'][0]['picture']}</arg>
<doc>Logs the given message with the given level.</doc>
<status status="PASS" start="2024-05-12T12:26:17.130931" elapsed="0.000364"/>
</kw>
<status status="PASS" start="2024-05-12T12:26:17.048431" elapsed="0.083121"/>
</kw>
<kw name="Teste de Tipos de Dados - Postcode" owner="random-user-service">
<kw name="GET On Session" owner="RequestsLibrary">
<msg time="2024-05-12T12:26:17.222146" level="INFO">GET Request : url=https://randomuser.me/api 
 path_url=/api 
 headers={'User-Agent': 'python-requests/2.31.0', 'Accept-Encoding': 'gzip, deflate', 'Accept': '*/*', 'Connection': 'keep-alive'} 
 body=None 
 </msg>
<msg time="2024-05-12T12:26:17.222249" level="INFO">GET Response : url=https://randomuser.me/api 
 status=200, reason=OK 
 headers={'Date': 'Sun, 12 May 2024 12:26:17 GMT', 'Content-Type': 'application/json; charset=utf-8', 'Transfer-Encoding': 'chunked', 'Connection': 'keep-alive', 'X-Powered-By': 'Express', 'Access-Control-Allow-Origin': '*', 'Cache-Control': 'no-cache', 'ETag': 'W/"4c4-w41DGguTGCJ2VgGjqKCFIqOsxjg"', 'Vary': 'Accept-Encoding', 'Content-Encoding': 'gzip', 'CF-Cache-Status': 'DYNAMIC', 'Report-To': '{"endpoints":[{"url":"https:\\/\\/a.nel.cloudflare.com\\/report\\/v4?s=0jB5U%2BQ98VboXdvav3mFzk5v%2FVtKsMGdp3GQTHKljA%2BwmzP3OoSi2qxkJrZ9JdvS0gkIotfZdFaHmmzswWK79yRCyBARYsZRebo%2BAj1mCMazBjUlUPnHkNm%2BGN6TMVGd"}],"group":"cf-nel","max_age":604800}', 'NEL': '{"success_fraction":0,"report_to":"cf-nel","max_age":604800}', 'Server': 'cloudflare', 'CF-RAY': '882a65711f7c5b11-IAD', 'alt-svc': 'h3=":443"; ma=86400'} 
 body={"results":[{"gender":"female","name":{"title":"Mademoiselle","first":"Inês","last":"Gautier"},"location":{"street":{"number":3504,"name":"Rue de L'Abbé-Soulange-Bodin"},"city":"Fétigny","state":"Appenzell Innerrhoden","country":"Switzerland","postcode":2785,"coordinates":{"latitude":"-61.6363","longitude":"111.1360"},"timezone":{"offset":"+5:30","description":"Bombay, Calcutta, Madras, New Delhi"}},"email":"ines.gautier@example.com","login":{"uuid":"652b5941-4049-4400-840a-0ac2403a1718","username":"redbear691","password":"25802580","salt":"arJqccHr","md5":"7108cef20a044ec69acb78fcbe88f300","sha1":"badd4354e90d87dc20c27a7fe79f4b817eb3fb1d","sha256":"d071fee325a219593f90d06d81a700d8b634e0a18aaae4320ff2ec2b7b88d2ee"},"dob":{"date":"1987-04-20T11:16:06.959Z","age":37},"registered":{"date":"2004-12-12T23:47:12.937Z","age":19},"phone":"078 140 51 73","cell":"078 585 52 01","id":{"name":"AVS","value":"756.9623.3644.41"},"picture":{"large":"https://randomuser.me/api/portraits/women/25.jpg","medium":"https://randomuser.me/api/portraits/med/women/25.jpg","thumbnail":"https://randomuser.me/api/portraits/thumb/women/25.jpg"},"nat":"CH"}],"info":{"seed":"5cbacaed2ffc55ba","results":1,"page":1,"version":"1.4"}} 
 </msg>
<msg time="2024-05-12T12:26:17.222320" level="INFO">/opt/hostedtoolcache/Python/3.12.3/x64/lib/python3.12/site-packages/urllib3/connectionpool.py:1103: InsecureRequestWarning: Unverified HTTPS request is being made to host 'randomuser.me'. Adding certificate verification is strongly advised. See: https://urllib3.readthedocs.io/en/latest/advanced-usage.html#tls-warnings
  warnings.warn(</msg>
<msg time="2024-05-12T12:26:17.222443" level="INFO">${response} = &lt;Response [200]&gt;</msg>
<var>${response}</var>
<arg>consultarAPI</arg>
<arg>/api</arg>
<doc>Sends a GET request on a previously created HTTP Session.</doc>
<status status="PASS" start="2024-05-12T12:26:17.132014" elapsed="0.090467"/>
</kw>
<kw name="Set Variable" owner="BuiltIn">
<msg time="2024-05-12T12:26:17.223694" level="INFO">${json_data} = {'results': [{'gender': 'female', 'name': {'title': 'Mademoiselle', 'first': 'Inês', 'last': 'Gautier'}, 'location': {'street': {'number': 3504, 'name': "Rue de L'Abbé-Soulange-Bodin"}, 'city': 'Fétig...</msg>
<var>${json_data}</var>
<arg>${response.json()}</arg>
<doc>Returns the given values which can then be assigned to a variables.</doc>
<status status="PASS" start="2024-05-12T12:26:17.223116" elapsed="0.000608"/>
</kw>
<kw name="Log" owner="BuiltIn">
<msg time="2024-05-12T12:26:17.224191" level="INFO">{'results': [{'gender': 'female', 'name': {'title': 'Mademoiselle', 'first': 'Inês', 'last': 'Gautier'}, 'location': {'street': {'number': 3504, 'name': "Rue de L'Abbé-Soulange-Bodin"}, 'city': 'Fétigny', 'state': 'Appenzell Innerrhoden', 'country': 'Switzerland', 'postcode': 2785, 'coordinates': {'latitude': '-61.6363', 'longitude': '111.1360'}, 'timezone': {'offset': '+5:30', 'description': 'Bombay, Calcutta, Madras, New Delhi'}}, 'email': 'ines.gautier@example.com', 'login': {'uuid': '652b5941-4049-4400-840a-0ac2403a1718', 'username': 'redbear691', 'password': '25802580', 'salt': 'arJqccHr', 'md5': '7108cef20a044ec69acb78fcbe88f300', 'sha1': 'badd4354e90d87dc20c27a7fe79f4b817eb3fb1d', 'sha256': 'd071fee325a219593f90d06d81a700d8b634e0a18aaae4320ff2ec2b7b88d2ee'}, 'dob': {'date': '1987-04-20T11:16:06.959Z', 'age': 37}, 'registered': {'date': '2004-12-12T23:47:12.937Z', 'age': 19}, 'phone': '078 140 51 73', 'cell': '078 585 52 01', 'id': {'name': 'AVS', 'value': '756.9623.3644.41'}, 'picture': {'large': 'https://randomuser.me/api/portraits/women/25.jpg', 'medium': 'https://randomuser.me/api/portraits/med/women/25.jpg', 'thumbnail': 'https://randomuser.me/api/portraits/thumb/women/25.jpg'}, 'nat': 'CH'}], 'info': {'seed': '5cbacaed2ffc55ba', 'results': 1, 'page': 1, 'version': '1.4'}}</msg>
<arg>${json_data}</arg>
<doc>Logs the given message with the given level.</doc>
<status status="PASS" start="2024-05-12T12:26:17.224031" elapsed="0.000246"/>
</kw>
<kw name="Should Be Equal As Numbers" owner="BuiltIn">
<arg>${json_data['results'][0]['location']['postcode']}</arg>
<arg>${json_data['results'][0]['location']['postcode']}</arg>
<doc>Fails if objects are unequal after converting them to real numbers.</doc>
<status status="PASS" start="2024-05-12T12:26:17.224582" elapsed="0.000869"/>
</kw>
<kw name="Log" owner="BuiltIn">
<msg time="2024-05-12T12:26:17.225992" level="INFO">2785</msg>
<arg>${json_data['results'][0]['location']['postcode']}</arg>
<doc>Logs the given message with the given level.</doc>
<status status="PASS" start="2024-05-12T12:26:17.225651" elapsed="0.000380"/>
</kw>
<status status="PASS" start="2024-05-12T12:26:17.131783" elapsed="0.094502"/>
</kw>
<doc>Testa se os tipos de dados na resposta da API estão corretos.</doc>
<tag>testeTiposDados</tag>
<status status="PASS" start="2024-05-12T12:26:17.047892" elapsed="0.178560"/>
</test>
<test id="s1-s1-t5" name="Validar conteudo" line="35">
<kw name="Teste de Tipos de Conteudo" owner="random-user-service">
<kw name="GET On Session" owner="RequestsLibrary">
<msg time="2024-05-12T12:26:17.327428" level="INFO">GET Request : url=https://randomuser.me/api 
 path_url=/api 
 headers={'User-Agent': 'python-requests/2.31.0', 'Accept-Encoding': 'gzip, deflate', 'Accept': '*/*', 'Connection': 'keep-alive'} 
 body=None 
 </msg>
<msg time="2024-05-12T12:26:17.327526" level="INFO">GET Response : url=https://randomuser.me/api 
 status=200, reason=OK 
 headers={'Date': 'Sun, 12 May 2024 12:26:17 GMT', 'Content-Type': 'application/json; charset=utf-8', 'Transfer-Encoding': 'chunked', 'Connection': 'keep-alive', 'X-Powered-By': 'Express', 'Access-Control-Allow-Origin': '*', 'Cache-Control': 'no-cache', 'ETag': 'W/"48f-ohoy+7KD4IDIJ6f89NEl9g3zv5U"', 'Vary': 'Accept-Encoding', 'Content-Encoding': 'gzip', 'CF-Cache-Status': 'DYNAMIC', 'Report-To': '{"endpoints":[{"url":"https:\\/\\/a.nel.cloudflare.com\\/report\\/v4?s=5isEleaTlC3AEjLw67Eq7GUK8TGmeKyrL9%2FTqxcVpK4lu%2BM5CzwE2Zr6ulniwZmOUWVJpmzmckRZiPZ%2FmbkJi48%2BYLhDXAWjVm7WYvzy67s5%2BEE0An7eMW32pdmwfNMZ"}],"group":"cf-nel","max_age":604800}', 'NEL': '{"success_fraction":0,"report_to":"cf-nel","max_age":604800}', 'Server': 'cloudflare', 'CF-RAY': '882a6571bffa5b11-IAD', 'alt-svc': 'h3=":443"; ma=86400'} 
 body={"results":[{"gender":"female","name":{"title":"Mrs","first":"Krasnovida","last":"Mamay"},"location":{"street":{"number":2252,"name":"Lyubimivska"},"city":"Monastirishche","state":"Kiyivska","country":"Ukraine","postcode":34269,"coordinates":{"latitude":"77.5515","longitude":"175.1453"},"timezone":{"offset":"+2:00","description":"Kaliningrad, South Africa"}},"email":"krasnovida.mamay@example.com","login":{"uuid":"68883896-4150-44d7-9657-daf2facd3f16","username":"heavysnake680","password":"emmanuel","salt":"fwatZBux","md5":"5bec91da42c9415b8767b2452b5ead47","sha1":"489c1562098c7add4f9e6696fbf3671b03a595c9","sha256":"f11ac54280179dbf4df1eaa7eb98e0d0547e66946d4c3ab1ec4a9a446b424243"},"dob":{"date":"1998-07-11T18:04:35.301Z","age":25},"registered":{"date":"2005-01-05T10:25:25.497Z","age":19},"phone":"(097) T82-9044","cell":"(098) B93-1148","id":{"name":"","value":null},"picture":{"large":"https://randomuser.me/api/portraits/women/95.jpg","medium":"https://randomuser.me/api/portraits/med/women/95.jpg","thumbnail":"https://randomuser.me/api/portraits/thumb/women/95.jpg"},"nat":"UA"}],"info":{"seed":"511587f191520706","results":1,"page":1,"version":"1.4"}} 
 </msg>
<msg time="2024-05-12T12:26:17.327594" level="INFO">/opt/hostedtoolcache/Python/3.12.3/x64/lib/python3.12/site-packages/urllib3/connectionpool.py:1103: InsecureRequestWarning: Unverified HTTPS request is being made to host 'randomuser.me'. Adding certificate verification is strongly advised. See: https://urllib3.readthedocs.io/en/latest/advanced-usage.html#tls-warnings
  warnings.warn(</msg>
<msg time="2024-05-12T12:26:17.327718" level="INFO">${response} = &lt;Response [200]&gt;</msg>
<var>${response}</var>
<arg>consultarAPI</arg>
<arg>/api</arg>
<doc>Sends a GET request on a previously created HTTP Session.</doc>
<status status="PASS" start="2024-05-12T12:26:17.228995" elapsed="0.098763"/>
</kw>
<kw name="Set Variable" owner="BuiltIn">
<msg time="2024-05-12T12:26:17.329029" level="INFO">${json_data} = {'results': [{'gender': 'female', 'name': {'title': 'Mrs', 'first': 'Krasnovida', 'last': 'Mamay'}, 'location': {'street': {'number': 2252, 'name': 'Lyubimivska'}, 'city': 'Monastirishche', 'state': '...</msg>
<var>${json_data}</var>
<arg>${response.json()}</arg>
<doc>Returns the given values which can then be assigned to a variables.</doc>
<status status="PASS" start="2024-05-12T12:26:17.328398" elapsed="0.000660"/>
</kw>
<kw name="Set Variable" owner="BuiltIn">
<msg time="2024-05-12T12:26:17.329795" level="INFO">${name_title} = Mrs</msg>
<var>${name_title}</var>
<arg>${json_data["results"][0]["name"]["title"]}</arg>
<doc>Returns the given values which can then be assigned to a variables.</doc>
<status status="PASS" start="2024-05-12T12:26:17.329403" elapsed="0.000417"/>
</kw>
<kw name="Create List" owner="BuiltIn">
<msg time="2024-05-12T12:26:17.330266" level="INFO">${allowed_titles} = ['Mr', 'Ms', 'Miss', 'Mrs', 'Madame', 'Monsieur']</msg>
<var>${allowed_titles}</var>
<arg>Mr</arg>
<arg>Ms</arg>
<arg>Miss</arg>
<arg>Mrs</arg>
<arg>Madame</arg>
<arg>Monsieur</arg>
<doc>Returns a list containing given items.</doc>
<status status="PASS" start="2024-05-12T12:26:17.330119" elapsed="0.000172"/>
</kw>
<kw name="List Should Contain Value" owner="Collections">
<msg time="2024-05-12T12:26:17.330766" level="INFO">False</msg>
<arg>${allowed_titles}</arg>
<arg>${name_title}</arg>
<doc>Fails if the ``value`` is not found from ``list``.</doc>
<status status="PASS" start="2024-05-12T12:26:17.330596" elapsed="0.000206"/>
</kw>
<kw name="Set Variable" owner="BuiltIn">
<msg time="2024-05-12T12:26:17.331481" level="INFO">${name_country} = UA</msg>
<var>${name_country}</var>
<arg>${json_data["results"][0]["nat"]}</arg>
<doc>Returns the given values which can then be assigned to a variables.</doc>
<status status="PASS" start="2024-05-12T12:26:17.331103" elapsed="0.000402"/>
</kw>
<kw name="Create List" owner="BuiltIn">
<msg time="2024-05-12T12:26:17.332396" level="INFO">${list_country} = ['AD', 'AE', 'AF', 'AG', 'AI', 'AL', 'AM', 'AO', 'AQ', 'AR', 'AS', 'AT', 'AU', 'AW', 'AX', 'AZ', 'BA', 'BB', 'BD', 'BE', 'BF', 'BG', 'BH', 'BI', 'BJ', 'BL', 'BM', 'BN', 'BO', 'BQ', 'BR', 'BS', 'BT', '...</msg>
<var>${list_country}</var>
<arg>AD</arg>
<arg>AE</arg>
<arg>AF</arg>
<arg>AG</arg>
<arg>AI</arg>
<arg>AL</arg>
<arg>AM</arg>
<arg>AO</arg>
<arg>AQ</arg>
<arg>AR</arg>
<arg>AS</arg>
<arg>AT</arg>
<arg>AU</arg>
<arg>AW</arg>
<arg>AX</arg>
<arg>AZ</arg>
<arg>BA</arg>
<arg>BB</arg>
<arg>BD</arg>
<arg>BE</arg>
<arg>BF</arg>
<arg>BG</arg>
<arg>BH</arg>
<arg>BI</arg>
<arg>BJ</arg>
<arg>BL</arg>
<arg>BM</arg>
<arg>BN</arg>
<arg>BO</arg>
<arg>BQ</arg>
<arg>BR</arg>
<arg>BS</arg>
<arg>BT</arg>
<arg>BV</arg>
<arg>BW</arg>
<arg>BY</arg>
<arg>BZ</arg>
<arg>CA</arg>
<arg>CC</arg>
<arg>CD</arg>
<arg>CF</arg>
<arg>CG</arg>
<arg>CH</arg>
<arg>CI</arg>
<arg>CK</arg>
<arg>CL</arg>
<arg>CM</arg>
<arg>CN</arg>
<arg>CO</arg>
<arg>CR</arg>
<arg>CU</arg>
<arg>CV</arg>
<arg>CW</arg>
<arg>CX</arg>
<arg>CY</arg>
<arg>CZ</arg>
<arg>DE</arg>
<arg>DJ</arg>
<arg>DK</arg>
<arg>DM</arg>
<arg>DO</arg>
<arg>DZ</arg>
<arg>EC</arg>
<arg>EE</arg>
<arg>EG</arg>
<arg>EH</arg>
<arg>ER</arg>
<arg>ES</arg>
<arg>ET</arg>
<arg>FI</arg>
<arg>FJ</arg>
<arg>FK</arg>
<arg>FM</arg>
<arg>FO</arg>
<arg>FR</arg>
<arg>GA</arg>
<arg>GB</arg>
<arg>GD</arg>
<arg>GE</arg>
<arg>GF</arg>
<arg>GG</arg>
<arg>GH</arg>
<arg>GI</arg>
<arg>GL</arg>
<arg>GM</arg>
<arg>GN</arg>
<arg>GP</arg>
<arg>GQ</arg>
<arg>GR</arg>
<arg>GS</arg>
<arg>GT</arg>
<arg>GU</arg>
<arg>GW</arg>
<arg>GY</arg>
<arg>HK</arg>
<arg>HM</arg>
<arg>HN</arg>
<arg>HR</arg>
<arg>HT</arg>
<arg>HU</arg>
<arg>ID</arg>
<arg>IE</arg>
<arg>IL</arg>
<arg>IM</arg>
<arg>IN</arg>
<arg>IO</arg>
<arg>IQ</arg>
<arg>IR</arg>
<arg>IS</arg>
<arg>IT</arg>
<arg>JE</arg>
<arg>JM</arg>
<arg>JO</arg>
<arg>JP</arg>
<arg>KE</arg>
<arg>KG</arg>
<arg>KH</arg>
<arg>KI</arg>
<arg>KM</arg>
<arg>KN</arg>
<arg>KP</arg>
<arg>KR</arg>
<arg>KW</arg>
<arg>KY</arg>
<arg>KZ</arg>
<arg>LA</arg>
<arg>LB</arg>
<arg>LC</arg>
<arg>LI</arg>
<arg>LK</arg>
<arg>LR</arg>
<arg>LS</arg>
<arg>LT</arg>
<arg>LU</arg>
<arg>LV</arg>
<arg>LY</arg>
<arg>MA</arg>
<arg>MC</arg>
<arg>MD</arg>
<arg>ME</arg>
<arg>MF</arg>
<arg>MG</arg>
<arg>MH</arg>
<arg>MK</arg>
<arg>ML</arg>
<arg>MM</arg>
<arg>MN</arg>
<arg>MO</arg>
<arg>MP</arg>
<arg>MQ</arg>
<arg>MR</arg>
<arg>MS</arg>
<arg>MT</arg>
<arg>MU</arg>
<arg>MV</arg>
<arg>MW</arg>
<arg>MX</arg>
<arg>MY</arg>
<arg>MZ</arg>
<arg>NA</arg>
<arg>NC</arg>
<arg>NE</arg>
<arg>NF</arg>
<arg>NG</arg>
<arg>NI</arg>
<arg>NL</arg>
<arg>NO</arg>
<arg>NP</arg>
<arg>NR</arg>
<arg>NU</arg>
<arg>NZ</arg>
<arg>OM</arg>
<arg>PA</arg>
<arg>PE</arg>
<arg>PF</arg>
<arg>PG</arg>
<arg>PH</arg>
<arg>PK</arg>
<arg>PL</arg>
<arg>PM</arg>
<arg>PN</arg>
<arg>PR</arg>
<arg>PS</arg>
<arg>PT</arg>
<arg>PW</arg>
<arg>PY</arg>
<arg>QA</arg>
<arg>RE</arg>
<arg>RO</arg>
<arg>RS</arg>
<arg>RU</arg>
<arg>RW</arg>
<arg>SA</arg>
<arg>SB</arg>
<arg>SC</arg>
<arg>SD</arg>
<arg>SE</arg>
<arg>SG</arg>
<arg>SH</arg>
<arg>SI</arg>
<arg>SJ</arg>
<arg>SK</arg>
<arg>SL</arg>
<arg>SM</arg>
<arg>SN</arg>
<arg>SO</arg>
<arg>SR</arg>
<arg>SS</arg>
<arg>ST</arg>
<arg>SV</arg>
<arg>SX</arg>
<arg>SY</arg>
<arg>SZ</arg>
<arg>TC</arg>
<arg>TD</arg>
<arg>TF</arg>
<arg>TG</arg>
<arg>TH</arg>
<arg>TJ</arg>
<arg>TK</arg>
<arg>TL</arg>
<arg>TM</arg>
<arg>TN</arg>
<arg>TO</arg>
<arg>TR</arg>
<arg>TT</arg>
<arg>TV</arg>
<arg>TW</arg>
<arg>TZ</arg>
<arg>UA</arg>
<arg>UG</arg>
<arg>UM</arg>
<arg>US</arg>
<arg>UY</arg>
<arg>UZ</arg>
<arg>VA</arg>
<arg>VC</arg>
<arg>VE</arg>
<arg>VG</arg>
<arg>VI</arg>
<arg>VN</arg>
<arg>VU</arg>
<arg>WF</arg>
<arg>WS</arg>
<arg>XK</arg>
<arg>YE</arg>
<arg>YT</arg>
<arg>ZA</arg>
<arg>ZM</arg>
<arg>ZW</arg>
<doc>Returns a list containing given items.</doc>
<status status="PASS" start="2024-05-12T12:26:17.331811" elapsed="0.000610"/>
</kw>
<kw name="List Should Contain Value" owner="Collections">
<msg time="2024-05-12T12:26:17.333476" level="INFO">False</msg>
<arg>${list_country}</arg>
<arg>${name_country}</arg>
<doc>Fails if the ``value`` is not found from ``list``.</doc>
<status status="PASS" start="2024-05-12T12:26:17.333243" elapsed="0.000271"/>
</kw>
<kw name="Run Keyword If" owner="BuiltIn">
<kw name="Should Be True" owner="BuiltIn">
<arg>${True}</arg>
<doc>Fails if the given condition is not true.</doc>
<status status="PASS" start="2024-05-12T12:26:17.334589" elapsed="0.000144"/>
</kw>
<arg>${json_data["results"][0]["location"]["coordinates"]["latitude"]} &gt;= -90 and ${json_data["results"][0]["location"]["coordinates"]["latitude"]} &lt;= 90</arg>
<arg>Should Be True</arg>
<arg>${True}</arg>
<doc>Runs the given keyword with the given arguments, if ``condition`` is true.</doc>
<status status="PASS" start="2024-05-12T12:26:17.333830" elapsed="0.001037"/>
</kw>
<kw name="Run Keyword If" owner="BuiltIn">
<kw name="Should Be True" owner="BuiltIn">
<arg>${True}</arg>
<doc>Fails if the given condition is not true.</doc>
<status status="PASS" start="2024-05-12T12:26:17.335752" elapsed="0.000256"/>
</kw>
<arg>${json_data["results"][0]["location"]["coordinates"]["longitude"]} &gt;= -180 and ${json_data["results"][0]["location"]["coordinates"]["longitude"]} &lt;= 180</arg>
<arg>Should Be True</arg>
<arg>${True}</arg>
<doc>Runs the given keyword with the given arguments, if ``condition`` is true.</doc>
<status status="PASS" start="2024-05-12T12:26:17.335057" elapsed="0.001076"/>
</kw>
<status status="PASS" start="2024-05-12T12:26:17.228760" elapsed="0.107506"/>
</kw>
<doc>Testa o conteúdo específico dos campos retornados pela API.</doc>
<tag>testeConteudo</tag>
<status status="PASS" start="2024-05-12T12:26:17.228209" elapsed="0.108210"/>
</test>
<status status="PASS" start="2024-05-12T12:26:16.435699" elapsed="0.902782"/>
</suite>
<status status="PASS" start="2024-05-12T12:26:16.422193" elapsed="0.921489"/>
</suite>
<statistics>
<total>
<stat pass="5" fail="0" skip="0">All Tests</stat>
</total>
<tag>
<stat pass="1" fail="0" skip="0">testeConteudo</stat>
<stat pass="1" fail="0" skip="0">testeEstruturaResposta</stat>
<stat pass="1" fail="0" skip="0">testeRequisicaoBasica</stat>
<stat pass="1" fail="0" skip="0">testeTiposDados</stat>
</tag>
<suite>
<stat pass="5" fail="0" skip="0" id="s1" name="Tests">Tests</stat>
<stat pass="5" fail="0" skip="0" id="s1-s1" name="Random-User-Test">Tests.Random-User-Test</stat>
</suite>
</statistics>
<errors>
</errors>
</robot>
