<?xml version="1.0" encoding="UTF-8"?>
<robot generator="Robot 7.0 (Python 3.12.3 on linux)" generated="2024-04-23T12:26:28.203072" rpa="false" schemaversion="5">
<suite id="s1" name="Tests" source="/home/runner/work/DesafioQAItauRogerioJordao/DesafioQAItauRogerioJordao/RamdonUser/tests">
<suite id="s1-s1" name="Random-User-Test" source="/home/runner/work/DesafioQAItauRogerioJordao/DesafioQAItauRogerioJordao/RamdonUser/tests/random-user-test.robot">
<test id="s1-s1-t1" name="Conectar" line="13">
<kw name="Conectar API" owner="random-user-service">
<kw name="Create Session" owner="RequestsLibrary">
<msg time="2024-04-23T12:26:28.568298" level="INFO">Creating Session using : alias=consultarAPI, url=https://randomuser.me/, headers={},                     cookies={}, auth=None, timeout=None, proxies=None, verify=False,                     debug=0 </msg>
<arg>consultarAPI</arg>
<arg>${URL}</arg>
<doc>Create Session: create a HTTP session to a server</doc>
<status status="PASS" start="2024-04-23T12:26:28.568089" elapsed="0.000404"/>
</kw>
<status status="PASS" start="2024-04-23T12:26:28.567057" elapsed="0.001807"/>
</kw>
<status status="PASS" start="2024-04-23T12:26:28.566386" elapsed="0.002670"/>
</test>
<test id="s1-s1-t2" name="Validar retorno 200 e JSON Válido" line="16">
<kw name="Teste de Requisicao Basica" owner="random-user-service">
<kw name="GET On Session" owner="RequestsLibrary">
<msg time="2024-04-23T12:26:28.811918" level="INFO">GET Request : url=https://randomuser.me/api 
 path_url=/api 
 headers={'User-Agent': 'python-requests/2.31.0', 'Accept-Encoding': 'gzip, deflate', 'Accept': '*/*', 'Connection': 'keep-alive'} 
 body=None 
 </msg>
<msg time="2024-04-23T12:26:28.812076" level="INFO">GET Response : url=https://randomuser.me/api 
 status=200, reason=OK 
 headers={'Date': 'Tue, 23 Apr 2024 12:26:28 GMT', 'Content-Type': 'application/json; charset=utf-8', 'Transfer-Encoding': 'chunked', 'Connection': 'keep-alive', 'X-Powered-By': 'Express', 'Access-Control-Allow-Origin': '*', 'Cache-Control': 'no-cache', 'ETag': 'W/"47c-WFATxPLq9uSyVA6dVbipbwvjSHk"', 'Vary': 'Accept-Encoding', 'Content-Encoding': 'gzip', 'CF-Cache-Status': 'DYNAMIC', 'Report-To': '{"endpoints":[{"url":"https:\\/\\/a.nel.cloudflare.com\\/report\\/v4?s=TW9G1LUGu2sMNxPyI%2FwtSVt6oQfD7cShYa9VdF%2B4HtqOegqwknhRTMyBm4PUA3OMwJRbYxNoyCdVfFbCUi1jeqO7SbRNXwRxlW3lLp4jx9w%2BrkEyygKKCFOKPlGpHBO5"}],"group":"cf-nel","max_age":604800}', 'NEL': '{"success_fraction":0,"report_to":"cf-nel","max_age":604800}', 'Server': 'cloudflare', 'CF-RAY': '878dd799cc700809-IAD', 'alt-svc': 'h3=":443"; ma=86400'} 
 body={"results":[{"gender":"female","name":{"title":"Ms","first":"Latife","last":"Yorulmaz"},"location":{"street":{"number":8206,"name":"Maçka Cd"},"city":"Gaziantep","state":"Bitlis","country":"Turkey","postcode":21066,"coordinates":{"latitude":"70.9425","longitude":"81.7984"},"timezone":{"offset":"+2:00","description":"Kaliningrad, South Africa"}},"email":"latife.yorulmaz@example.com","login":{"uuid":"8eb8db52-1587-40de-95bb-fd89a0fdd169","username":"sadzebra869","password":"pippen","salt":"tICcZ5Lv","md5":"97c36ea4a8fa02e30c5ffdeadf2b48fb","sha1":"39bf7b8c4e0268216cf4545ae72c2f851c27e5e9","sha256":"53b6e67ee71e9dce8c2632c3a286084d3e925c2f1ee35416bdaeab3f491b0477"},"dob":{"date":"1975-03-09T20:21:56.388Z","age":49},"registered":{"date":"2014-07-22T15:51:59.025Z","age":9},"phone":"(098)-813-5564","cell":"(540)-357-0751","id":{"name":"","value":null},"picture":{"large":"https://randomuser.me/api/portraits/women/65.jpg","medium":"https://randomuser.me/api/portraits/med/women/65.jpg","thumbnail":"https://randomuser.me/api/portraits/thumb/women/65.jpg"},"nat":"TR"}],"info":{"seed":"6706e529953c53bc","results":1,"page":1,"version":"1.4"}} 
 </msg>
<msg time="2024-04-23T12:26:28.812171" level="INFO">/opt/hostedtoolcache/Python/3.12.3/x64/lib/python3.12/site-packages/urllib3/connectionpool.py:1103: InsecureRequestWarning: Unverified HTTPS request is being made to host 'randomuser.me'. Adding certificate verification is strongly advised. See: https://urllib3.readthedocs.io/en/latest/advanced-usage.html#tls-warnings
  warnings.warn(</msg>
<msg time="2024-04-23T12:26:28.812337" level="INFO">${response} = &lt;Response [200]&gt;</msg>
<var>${response}</var>
<arg>consultarAPI</arg>
<arg>/api</arg>
<doc>Sends a GET request on a previously created HTTP Session.</doc>
<status status="PASS" start="2024-04-23T12:26:28.571775" elapsed="0.240606"/>
</kw>
<kw name="Should Be Equal As Numbers" owner="BuiltIn">
<msg time="2024-04-23T12:26:28.813587" level="INFO">Argument types are:
&lt;class 'int'&gt;
&lt;class 'str'&gt;</msg>
<arg>${response.status_code}</arg>
<arg>200</arg>
<doc>Fails if objects are unequal after converting them to real numbers.</doc>
<status status="PASS" start="2024-04-23T12:26:28.813080" elapsed="0.000572"/>
</kw>
<kw name="Log" owner="BuiltIn">
<msg time="2024-04-23T12:26:28.814323" level="INFO">200</msg>
<arg>${response.status_code}</arg>
<doc>Logs the given message with the given level.</doc>
<status status="PASS" start="2024-04-23T12:26:28.813973" elapsed="0.000393"/>
</kw>
<kw name="Set Variable" owner="BuiltIn">
<msg time="2024-04-23T12:26:28.815161" level="INFO">${json_data} = {'results': [{'gender': 'female', 'name': {'title': 'Ms', 'first': 'Latife', 'last': 'Yorulmaz'}, 'location': {'street': {'number': 8206, 'name': 'Maçka Cd'}, 'city': 'Gaziantep', 'state': 'Bitlis', '...</msg>
<var>${json_data}</var>
<arg>${response.json()}</arg>
<doc>Returns the given values which can then be assigned to a variables.</doc>
<status status="PASS" start="2024-04-23T12:26:28.814670" elapsed="0.000520"/>
</kw>
<kw name="Dictionary Should Contain Key" owner="Collections">
<msg time="2024-04-23T12:26:28.815675" level="INFO">False</msg>
<arg>${json_data}</arg>
<arg>results</arg>
<doc>Fails if ``key`` is not found from ``dictionary``.</doc>
<status status="PASS" start="2024-04-23T12:26:28.815500" elapsed="0.000215"/>
</kw>
<status status="PASS" start="2024-04-23T12:26:28.571532" elapsed="0.244447"/>
</kw>
<doc>Testa se a API responde corretamente e retorna um objeto JSON válido.</doc>
<tag>testeRequisicaoBasica</tag>
<status status="PASS" start="2024-04-23T12:26:28.570993" elapsed="0.245173"/>
</test>
<test id="s1-s1-t3" name="Validar estrutura de resposta" line="22">
<kw name="Teste de Estrutura de Resposta" owner="random-user-service">
<kw name="GET On Session" owner="RequestsLibrary">
<msg time="2024-04-23T12:26:28.906745" level="INFO">GET Request : url=https://randomuser.me/api 
 path_url=/api 
 headers={'User-Agent': 'python-requests/2.31.0', 'Accept-Encoding': 'gzip, deflate', 'Accept': '*/*', 'Connection': 'keep-alive'} 
 body=None 
 </msg>
<msg time="2024-04-23T12:26:28.906854" level="INFO">GET Response : url=https://randomuser.me/api 
 status=200, reason=OK 
 headers={'Date': 'Tue, 23 Apr 2024 12:26:28 GMT', 'Content-Type': 'application/json; charset=utf-8', 'Transfer-Encoding': 'chunked', 'Connection': 'keep-alive', 'X-Powered-By': 'Express', 'Access-Control-Allow-Origin': '*', 'Cache-Control': 'no-cache', 'ETag': 'W/"480-K8Wn4aQbt4VawYJ84Ik5VwU0ebA"', 'Vary': 'Accept-Encoding', 'Content-Encoding': 'gzip', 'CF-Cache-Status': 'DYNAMIC', 'Report-To': '{"endpoints":[{"url":"https:\\/\\/a.nel.cloudflare.com\\/report\\/v4?s=IgCyqMOpmps52PxMZiRMZLer9SCzD%2FIJmXcEtUmaJ5knBOTDPN4%2BuOp1macE4Df7yp0M0YmdCOGcxuygsCYwFzSAADbMbvt%2FdWI%2B%2B%2FFw4aEiq3cxWXUvv50snaRkWit9"}],"group":"cf-nel","max_age":604800}', 'NEL': '{"success_fraction":0,"report_to":"cf-nel","max_age":604800}', 'Server': 'cloudflare', 'CF-RAY': '878dd79a2d150809-IAD', 'alt-svc': 'h3=":443"; ma=86400'} 
 body={"results":[{"gender":"male","name":{"title":"Mr","first":"Aslak","last":"Byberg"},"location":{"street":{"number":6026,"name":"Bråtenalléen"},"city":"Krossberg","state":"Rogaland","country":"Norway","postcode":"6087","coordinates":{"latitude":"41.9897","longitude":"-167.9922"},"timezone":{"offset":"-3:00","description":"Brazil, Buenos Aires, Georgetown"}},"email":"aslak.byberg@example.com","login":{"uuid":"1159169c-fb1d-4d40-ab75-c04e7eb3f290","username":"heavyfrog805","password":"racerx","salt":"7Ug22sbP","md5":"d52a2730b42d5f3b26166610ea839718","sha1":"1593aad25bdf067d078869c42a32acfbb23139df","sha256":"3a689f0b7f145cf8914080e23d134b29ba3531a8e81c7a325115371d8bd63898"},"dob":{"date":"1945-03-14T15:14:40.897Z","age":79},"registered":{"date":"2008-02-24T14:47:50.807Z","age":16},"phone":"58729160","cell":"44251353","id":{"name":"FN","value":"14034536369"},"picture":{"large":"https://randomuser.me/api/portraits/men/91.jpg","medium":"https://randomuser.me/api/portraits/med/men/91.jpg","thumbnail":"https://randomuser.me/api/portraits/thumb/men/91.jpg"},"nat":"NO"}],"info":{"seed":"2c6c0a504b814371","results":1,"page":1,"version":"1.4"}} 
 </msg>
<msg time="2024-04-23T12:26:28.907019" level="INFO">/opt/hostedtoolcache/Python/3.12.3/x64/lib/python3.12/site-packages/urllib3/connectionpool.py:1103: InsecureRequestWarning: Unverified HTTPS request is being made to host 'randomuser.me'. Adding certificate verification is strongly advised. See: https://urllib3.readthedocs.io/en/latest/advanced-usage.html#tls-warnings
  warnings.warn(</msg>
<msg time="2024-04-23T12:26:28.907160" level="INFO">${response} = &lt;Response [200]&gt;</msg>
<var>${response}</var>
<arg>consultarAPI</arg>
<arg>/api</arg>
<doc>Sends a GET request on a previously created HTTP Session.</doc>
<status status="PASS" start="2024-04-23T12:26:28.818999" elapsed="0.088200"/>
</kw>
<kw name="Set Variable" owner="BuiltIn">
<msg time="2024-04-23T12:26:28.908419" level="INFO">${json_data} = {'results': [{'gender': 'male', 'name': {'title': 'Mr', 'first': 'Aslak', 'last': 'Byberg'}, 'location': {'street': {'number': 6026, 'name': 'Bråtenalléen'}, 'city': 'Krossberg', 'state': 'Rogaland', ...</msg>
<var>${json_data}</var>
<arg>${response.json()}</arg>
<doc>Returns the given values which can then be assigned to a variables.</doc>
<status status="PASS" start="2024-04-23T12:26:28.907820" elapsed="0.000628"/>
</kw>
<kw name="Log" owner="BuiltIn">
<msg time="2024-04-23T12:26:28.908929" level="INFO">{'results': [{'gender': 'male', 'name': {'title': 'Mr', 'first': 'Aslak', 'last': 'Byberg'}, 'location': {'street': {'number': 6026, 'name': 'Bråtenalléen'}, 'city': 'Krossberg', 'state': 'Rogaland', 'country': 'Norway', 'postcode': '6087', 'coordinates': {'latitude': '41.9897', 'longitude': '-167.9922'}, 'timezone': {'offset': '-3:00', 'description': 'Brazil, Buenos Aires, Georgetown'}}, 'email': 'aslak.byberg@example.com', 'login': {'uuid': '1159169c-fb1d-4d40-ab75-c04e7eb3f290', 'username': 'heavyfrog805', 'password': 'racerx', 'salt': '7Ug22sbP', 'md5': 'd52a2730b42d5f3b26166610ea839718', 'sha1': '1593aad25bdf067d078869c42a32acfbb23139df', 'sha256': '3a689f0b7f145cf8914080e23d134b29ba3531a8e81c7a325115371d8bd63898'}, 'dob': {'date': '1945-03-14T15:14:40.897Z', 'age': 79}, 'registered': {'date': '2008-02-24T14:47:50.807Z', 'age': 16}, 'phone': '58729160', 'cell': '44251353', 'id': {'name': 'FN', 'value': '14034536369'}, 'picture': {'large': 'https://randomuser.me/api/portraits/men/91.jpg', 'medium': 'https://randomuser.me/api/portraits/med/men/91.jpg', 'thumbnail': 'https://randomuser.me/api/portraits/thumb/men/91.jpg'}, 'nat': 'NO'}], 'info': {'seed': '2c6c0a504b814371', 'results': 1, 'page': 1, 'version': '1.4'}}</msg>
<arg>${json_data}</arg>
<doc>Logs the given message with the given level.</doc>
<status status="PASS" start="2024-04-23T12:26:28.908765" elapsed="0.000214"/>
</kw>
<kw name="Dictionary Should Contain Key" owner="Collections">
<msg time="2024-04-23T12:26:28.909435" level="INFO">False</msg>
<arg>${json_data}</arg>
<arg>results</arg>
<doc>Fails if ``key`` is not found from ``dictionary``.</doc>
<status status="PASS" start="2024-04-23T12:26:28.909272" elapsed="0.000199"/>
</kw>
<kw name="Should Not Be Empty" owner="BuiltIn">
<msg time="2024-04-23T12:26:28.909888" level="INFO">Length is 2.</msg>
<arg>${json_data}</arg>
<doc>Verifies that the given item is not empty.</doc>
<status status="PASS" start="2024-04-23T12:26:28.909759" elapsed="0.000328"/>
</kw>
<kw name="Create List" owner="BuiltIn">
<msg time="2024-04-23T12:26:28.910533" level="INFO">${expected_keys} = ['gender', 'name', 'location', 'email', 'login']</msg>
<var>${expected_keys}</var>
<arg>gender</arg>
<arg>name</arg>
<arg>location</arg>
<arg>email</arg>
<arg>login</arg>
<doc>Returns a list containing given items.</doc>
<status status="PASS" start="2024-04-23T12:26:28.910380" elapsed="0.000178"/>
</kw>
<for flavor="IN">
<iter>
<kw name="Dictionary Should Contain Key" owner="Collections">
<msg time="2024-04-23T12:26:28.911593" level="INFO">False</msg>
<arg>${json_data['results'][0]}</arg>
<arg>${key}</arg>
<doc>Fails if ``key`` is not found from ``dictionary``.</doc>
<status status="PASS" start="2024-04-23T12:26:28.911187" elapsed="0.000443"/>
</kw>
<kw name="Log" owner="BuiltIn">
<msg time="2024-04-23T12:26:28.912303" level="INFO">{'gender': 'male', 'name': {'title': 'Mr', 'first': 'Aslak', 'last': 'Byberg'}, 'location': {'street': {'number': 6026, 'name': 'Bråtenalléen'}, 'city': 'Krossberg', 'state': 'Rogaland', 'country': 'Norway', 'postcode': '6087', 'coordinates': {'latitude': '41.9897', 'longitude': '-167.9922'}, 'timezone': {'offset': '-3:00', 'description': 'Brazil, Buenos Aires, Georgetown'}}, 'email': 'aslak.byberg@example.com', 'login': {'uuid': '1159169c-fb1d-4d40-ab75-c04e7eb3f290', 'username': 'heavyfrog805', 'password': 'racerx', 'salt': '7Ug22sbP', 'md5': 'd52a2730b42d5f3b26166610ea839718', 'sha1': '1593aad25bdf067d078869c42a32acfbb23139df', 'sha256': '3a689f0b7f145cf8914080e23d134b29ba3531a8e81c7a325115371d8bd63898'}, 'dob': {'date': '1945-03-14T15:14:40.897Z', 'age': 79}, 'registered': {'date': '2008-02-24T14:47:50.807Z', 'age': 16}, 'phone': '58729160', 'cell': '44251353', 'id': {'name': 'FN', 'value': '14034536369'}, 'picture': {'large': 'https://randomuser.me/api/portraits/men/91.jpg', 'medium': 'https://randomuser.me/api/portraits/med/men/91.jpg', 'thumbnail': 'https://randomuser.me/api/portraits/thumb/men/91.jpg'}, 'nat': 'NO'}</msg>
<arg>${json_data['results'][0]}</arg>
<doc>Logs the given message with the given level.</doc>
<status status="PASS" start="2024-04-23T12:26:28.911934" elapsed="0.000418"/>
</kw>
<kw name="Log" owner="BuiltIn">
<msg time="2024-04-23T12:26:28.912776" level="INFO">gender</msg>
<arg>${key}</arg>
<doc>Logs the given message with the given level.</doc>
<status status="PASS" start="2024-04-23T12:26:28.912648" elapsed="0.000166"/>
</kw>
<var name="${key}">gender</var>
<status status="PASS" start="2024-04-23T12:26:28.911060" elapsed="0.001967"/>
</iter>
<iter>
<kw name="Dictionary Should Contain Key" owner="Collections">
<msg time="2024-04-23T12:26:28.913714" level="INFO">False</msg>
<arg>${json_data['results'][0]}</arg>
<arg>${key}</arg>
<doc>Fails if ``key`` is not found from ``dictionary``.</doc>
<status status="PASS" start="2024-04-23T12:26:28.913327" elapsed="0.000423"/>
</kw>
<kw name="Log" owner="BuiltIn">
<msg time="2024-04-23T12:26:28.914439" level="INFO">{'gender': 'male', 'name': {'title': 'Mr', 'first': 'Aslak', 'last': 'Byberg'}, 'location': {'street': {'number': 6026, 'name': 'Bråtenalléen'}, 'city': 'Krossberg', 'state': 'Rogaland', 'country': 'Norway', 'postcode': '6087', 'coordinates': {'latitude': '41.9897', 'longitude': '-167.9922'}, 'timezone': {'offset': '-3:00', 'description': 'Brazil, Buenos Aires, Georgetown'}}, 'email': 'aslak.byberg@example.com', 'login': {'uuid': '1159169c-fb1d-4d40-ab75-c04e7eb3f290', 'username': 'heavyfrog805', 'password': 'racerx', 'salt': '7Ug22sbP', 'md5': 'd52a2730b42d5f3b26166610ea839718', 'sha1': '1593aad25bdf067d078869c42a32acfbb23139df', 'sha256': '3a689f0b7f145cf8914080e23d134b29ba3531a8e81c7a325115371d8bd63898'}, 'dob': {'date': '1945-03-14T15:14:40.897Z', 'age': 79}, 'registered': {'date': '2008-02-24T14:47:50.807Z', 'age': 16}, 'phone': '58729160', 'cell': '44251353', 'id': {'name': 'FN', 'value': '14034536369'}, 'picture': {'large': 'https://randomuser.me/api/portraits/men/91.jpg', 'medium': 'https://randomuser.me/api/portraits/med/men/91.jpg', 'thumbnail': 'https://randomuser.me/api/portraits/thumb/men/91.jpg'}, 'nat': 'NO'}</msg>
<arg>${json_data['results'][0]}</arg>
<doc>Logs the given message with the given level.</doc>
<status status="PASS" start="2024-04-23T12:26:28.914074" elapsed="0.000414"/>
</kw>
<kw name="Log" owner="BuiltIn">
<msg time="2024-04-23T12:26:28.914949" level="INFO">name</msg>
<arg>${key}</arg>
<doc>Logs the given message with the given level.</doc>
<status status="PASS" start="2024-04-23T12:26:28.914786" elapsed="0.000202"/>
</kw>
<var name="${key}">name</var>
<status status="PASS" start="2024-04-23T12:26:28.913213" elapsed="0.001993"/>
</iter>
<iter>
<kw name="Dictionary Should Contain Key" owner="Collections">
<msg time="2024-04-23T12:26:28.915906" level="INFO">False</msg>
<arg>${json_data['results'][0]}</arg>
<arg>${key}</arg>
<doc>Fails if ``key`` is not found from ``dictionary``.</doc>
<status status="PASS" start="2024-04-23T12:26:28.915510" elapsed="0.000433"/>
</kw>
<kw name="Log" owner="BuiltIn">
<msg time="2024-04-23T12:26:28.916604" level="INFO">{'gender': 'male', 'name': {'title': 'Mr', 'first': 'Aslak', 'last': 'Byberg'}, 'location': {'street': {'number': 6026, 'name': 'Bråtenalléen'}, 'city': 'Krossberg', 'state': 'Rogaland', 'country': 'Norway', 'postcode': '6087', 'coordinates': {'latitude': '41.9897', 'longitude': '-167.9922'}, 'timezone': {'offset': '-3:00', 'description': 'Brazil, Buenos Aires, Georgetown'}}, 'email': 'aslak.byberg@example.com', 'login': {'uuid': '1159169c-fb1d-4d40-ab75-c04e7eb3f290', 'username': 'heavyfrog805', 'password': 'racerx', 'salt': '7Ug22sbP', 'md5': 'd52a2730b42d5f3b26166610ea839718', 'sha1': '1593aad25bdf067d078869c42a32acfbb23139df', 'sha256': '3a689f0b7f145cf8914080e23d134b29ba3531a8e81c7a325115371d8bd63898'}, 'dob': {'date': '1945-03-14T15:14:40.897Z', 'age': 79}, 'registered': {'date': '2008-02-24T14:47:50.807Z', 'age': 16}, 'phone': '58729160', 'cell': '44251353', 'id': {'name': 'FN', 'value': '14034536369'}, 'picture': {'large': 'https://randomuser.me/api/portraits/men/91.jpg', 'medium': 'https://randomuser.me/api/portraits/med/men/91.jpg', 'thumbnail': 'https://randomuser.me/api/portraits/thumb/men/91.jpg'}, 'nat': 'NO'}</msg>
<arg>${json_data['results'][0]}</arg>
<doc>Logs the given message with the given level.</doc>
<status status="PASS" start="2024-04-23T12:26:28.916247" elapsed="0.000405"/>
</kw>
<kw name="Log" owner="BuiltIn">
<msg time="2024-04-23T12:26:28.917069" level="INFO">location</msg>
<arg>${key}</arg>
<doc>Logs the given message with the given level.</doc>
<status status="PASS" start="2024-04-23T12:26:28.916946" elapsed="0.000160"/>
</kw>
<var name="${key}">location</var>
<status status="PASS" start="2024-04-23T12:26:28.915388" elapsed="0.001928"/>
</iter>
<iter>
<kw name="Dictionary Should Contain Key" owner="Collections">
<msg time="2024-04-23T12:26:28.917982" level="INFO">False</msg>
<arg>${json_data['results'][0]}</arg>
<arg>${key}</arg>
<doc>Fails if ``key`` is not found from ``dictionary``.</doc>
<status status="PASS" start="2024-04-23T12:26:28.917596" elapsed="0.000422"/>
</kw>
<kw name="Log" owner="BuiltIn">
<msg time="2024-04-23T12:26:28.918669" level="INFO">{'gender': 'male', 'name': {'title': 'Mr', 'first': 'Aslak', 'last': 'Byberg'}, 'location': {'street': {'number': 6026, 'name': 'Bråtenalléen'}, 'city': 'Krossberg', 'state': 'Rogaland', 'country': 'Norway', 'postcode': '6087', 'coordinates': {'latitude': '41.9897', 'longitude': '-167.9922'}, 'timezone': {'offset': '-3:00', 'description': 'Brazil, Buenos Aires, Georgetown'}}, 'email': 'aslak.byberg@example.com', 'login': {'uuid': '1159169c-fb1d-4d40-ab75-c04e7eb3f290', 'username': 'heavyfrog805', 'password': 'racerx', 'salt': '7Ug22sbP', 'md5': 'd52a2730b42d5f3b26166610ea839718', 'sha1': '1593aad25bdf067d078869c42a32acfbb23139df', 'sha256': '3a689f0b7f145cf8914080e23d134b29ba3531a8e81c7a325115371d8bd63898'}, 'dob': {'date': '1945-03-14T15:14:40.897Z', 'age': 79}, 'registered': {'date': '2008-02-24T14:47:50.807Z', 'age': 16}, 'phone': '58729160', 'cell': '44251353', 'id': {'name': 'FN', 'value': '14034536369'}, 'picture': {'large': 'https://randomuser.me/api/portraits/men/91.jpg', 'medium': 'https://randomuser.me/api/portraits/med/men/91.jpg', 'thumbnail': 'https://randomuser.me/api/portraits/thumb/men/91.jpg'}, 'nat': 'NO'}</msg>
<arg>${json_data['results'][0]}</arg>
<doc>Logs the given message with the given level.</doc>
<status status="PASS" start="2024-04-23T12:26:28.918312" elapsed="0.000405"/>
</kw>
<kw name="Log" owner="BuiltIn">
<msg time="2024-04-23T12:26:28.919177" level="INFO">email</msg>
<arg>${key}</arg>
<doc>Logs the given message with the given level.</doc>
<status status="PASS" start="2024-04-23T12:26:28.919045" elapsed="0.000169"/>
</kw>
<var name="${key}">email</var>
<status status="PASS" start="2024-04-23T12:26:28.917486" elapsed="0.001944"/>
</iter>
<iter>
<kw name="Dictionary Should Contain Key" owner="Collections">
<msg time="2024-04-23T12:26:28.920096" level="INFO">False</msg>
<arg>${json_data['results'][0]}</arg>
<arg>${key}</arg>
<doc>Fails if ``key`` is not found from ``dictionary``.</doc>
<status status="PASS" start="2024-04-23T12:26:28.919708" elapsed="0.000423"/>
</kw>
<kw name="Log" owner="BuiltIn">
<msg time="2024-04-23T12:26:28.920786" level="INFO">{'gender': 'male', 'name': {'title': 'Mr', 'first': 'Aslak', 'last': 'Byberg'}, 'location': {'street': {'number': 6026, 'name': 'Bråtenalléen'}, 'city': 'Krossberg', 'state': 'Rogaland', 'country': 'Norway', 'postcode': '6087', 'coordinates': {'latitude': '41.9897', 'longitude': '-167.9922'}, 'timezone': {'offset': '-3:00', 'description': 'Brazil, Buenos Aires, Georgetown'}}, 'email': 'aslak.byberg@example.com', 'login': {'uuid': '1159169c-fb1d-4d40-ab75-c04e7eb3f290', 'username': 'heavyfrog805', 'password': 'racerx', 'salt': '7Ug22sbP', 'md5': 'd52a2730b42d5f3b26166610ea839718', 'sha1': '1593aad25bdf067d078869c42a32acfbb23139df', 'sha256': '3a689f0b7f145cf8914080e23d134b29ba3531a8e81c7a325115371d8bd63898'}, 'dob': {'date': '1945-03-14T15:14:40.897Z', 'age': 79}, 'registered': {'date': '2008-02-24T14:47:50.807Z', 'age': 16}, 'phone': '58729160', 'cell': '44251353', 'id': {'name': 'FN', 'value': '14034536369'}, 'picture': {'large': 'https://randomuser.me/api/portraits/men/91.jpg', 'medium': 'https://randomuser.me/api/portraits/med/men/91.jpg', 'thumbnail': 'https://randomuser.me/api/portraits/thumb/men/91.jpg'}, 'nat': 'NO'}</msg>
<arg>${json_data['results'][0]}</arg>
<doc>Logs the given message with the given level.</doc>
<status status="PASS" start="2024-04-23T12:26:28.920421" elapsed="0.000413"/>
</kw>
<kw name="Log" owner="BuiltIn">
<msg time="2024-04-23T12:26:28.921263" level="INFO">login</msg>
<arg>${key}</arg>
<doc>Logs the given message with the given level.</doc>
<status status="PASS" start="2024-04-23T12:26:28.921137" elapsed="0.000163"/>
</kw>
<var name="${key}">login</var>
<status status="PASS" start="2024-04-23T12:26:28.919599" elapsed="0.001913"/>
</iter>
<var>${key}</var>
<value>@{expected_keys}</value>
<status status="PASS" start="2024-04-23T12:26:28.910816" elapsed="0.010843"/>
</for>
<kw name="Create List" owner="BuiltIn">
<msg time="2024-04-23T12:26:28.922004" level="INFO">${expected_keysTwo} = ['username', 'password']</msg>
<var>${expected_keysTwo}</var>
<arg>username</arg>
<arg>password</arg>
<doc>Returns a list containing given items.</doc>
<status status="PASS" start="2024-04-23T12:26:28.921865" elapsed="0.000162"/>
</kw>
<for flavor="IN">
<iter>
<kw name="Dictionary Should Contain Key" owner="Collections">
<msg time="2024-04-23T12:26:28.922965" level="INFO">False</msg>
<arg>${json_data['results'][0]['login']}</arg>
<arg>${keyTwo}</arg>
<doc>Fails if ``key`` is not found from ``dictionary``.</doc>
<status status="PASS" start="2024-04-23T12:26:28.922535" elapsed="0.000468"/>
</kw>
<kw name="Dictionary Should Contain Key" owner="Collections">
<msg time="2024-04-23T12:26:28.923685" level="INFO">False</msg>
<arg>${json_data['results'][0]['login']}</arg>
<arg>${keyTwo}</arg>
<doc>Fails if ``key`` is not found from ``dictionary``.</doc>
<status status="PASS" start="2024-04-23T12:26:28.923300" elapsed="0.000421"/>
</kw>
<kw name="Log" owner="BuiltIn">
<msg time="2024-04-23T12:26:28.924138" level="INFO">username</msg>
<arg>${keyTwo}</arg>
<doc>Logs the given message with the given level.</doc>
<status status="PASS" start="2024-04-23T12:26:28.924012" elapsed="0.000169"/>
</kw>
<var name="${keyTwo}">username</var>
<status status="PASS" start="2024-04-23T12:26:28.922427" elapsed="0.001972"/>
</iter>
<iter>
<kw name="Dictionary Should Contain Key" owner="Collections">
<msg time="2024-04-23T12:26:28.925156" level="INFO">False</msg>
<arg>${json_data['results'][0]['login']}</arg>
<arg>${keyTwo}</arg>
<doc>Fails if ``key`` is not found from ``dictionary``.</doc>
<status status="PASS" start="2024-04-23T12:26:28.924677" elapsed="0.000523"/>
</kw>
<kw name="Dictionary Should Contain Key" owner="Collections">
<msg time="2024-04-23T12:26:28.925870" level="INFO">False</msg>
<arg>${json_data['results'][0]['login']}</arg>
<arg>${keyTwo}</arg>
<doc>Fails if ``key`` is not found from ``dictionary``.</doc>
<status status="PASS" start="2024-04-23T12:26:28.925497" elapsed="0.000409"/>
</kw>
<kw name="Log" owner="BuiltIn">
<msg time="2024-04-23T12:26:28.926322" level="INFO">password</msg>
<arg>${keyTwo}</arg>
<doc>Logs the given message with the given level.</doc>
<status status="PASS" start="2024-04-23T12:26:28.926197" elapsed="0.000161"/>
</kw>
<var name="${keyTwo}">password</var>
<status status="PASS" start="2024-04-23T12:26:28.924569" elapsed="0.002003"/>
</iter>
<var>${keyTwo}</var>
<value>@{expected_keysTwo}</value>
<status status="PASS" start="2024-04-23T12:26:28.922270" elapsed="0.004420"/>
</for>
<status status="PASS" start="2024-04-23T12:26:28.818704" elapsed="0.108130"/>
</kw>
<doc>Testa a estrutura da resposta da API.</doc>
<tag>testeEstruturaResposta</tag>
<status status="PASS" start="2024-04-23T12:26:28.818066" elapsed="0.108971"/>
</test>
<test id="s1-s1-t4" name="Validar tipos de dados" line="28">
<kw name="Teste de Tipos de Dados" owner="random-user-service">
<kw name="GET On Session" owner="RequestsLibrary">
<msg time="2024-04-23T12:26:29.016173" level="INFO">GET Request : url=https://randomuser.me/api 
 path_url=/api 
 headers={'User-Agent': 'python-requests/2.31.0', 'Accept-Encoding': 'gzip, deflate', 'Accept': '*/*', 'Connection': 'keep-alive'} 
 body=None 
 </msg>
<msg time="2024-04-23T12:26:29.016268" level="INFO">GET Response : url=https://randomuser.me/api 
 status=200, reason=OK 
 headers={'Date': 'Tue, 23 Apr 2024 12:26:29 GMT', 'Content-Type': 'application/json; charset=utf-8', 'Transfer-Encoding': 'chunked', 'Connection': 'keep-alive', 'X-Powered-By': 'Express', 'Access-Control-Allow-Origin': '*', 'Cache-Control': 'no-cache', 'ETag': 'W/"483-pmRTYWNtT0vmnAbz/uIEX901+4A"', 'Vary': 'Accept-Encoding', 'Content-Encoding': 'gzip', 'CF-Cache-Status': 'DYNAMIC', 'Report-To': '{"endpoints":[{"url":"https:\\/\\/a.nel.cloudflare.com\\/report\\/v4?s=Zb77mLDmtz0G5J9EeKQbJHA2nXBzJrCyMDeC4%2B%2BL2CiIo8gij0zcaPUxcD%2FCHVjS8ZbepBKIRyBG%2FZg9rf%2BkrPGXBoMwWqctOz1KNgrtg4oN%2Fvo4d5yCF9xAvx4wue7j"}],"group":"cf-nel","max_age":604800}', 'NEL': '{"success_fraction":0,"report_to":"cf-nel","max_age":604800}', 'Server': 'cloudflare', 'CF-RAY': '878dd79addf40809-IAD', 'alt-svc': 'h3=":443"; ma=86400'} 
 body={"results":[{"gender":"male","name":{"title":"Mr","first":"Dimitry","last":"Van Straaten"},"location":{"street":{"number":8845,"name":"Borgstraat"},"city":"Wanneperveen","state":"Flevoland","country":"Netherlands","postcode":"3188 LU","coordinates":{"latitude":"38.0398","longitude":"-23.8874"},"timezone":{"offset":"+3:30","description":"Tehran"}},"email":"dimitry.vanstraaten@example.com","login":{"uuid":"3e9e2e2a-ee5e-478c-9733-81ce7ea5149b","username":"blueduck598","password":"joseph1","salt":"46u6BHVe","md5":"f28a1d1f490b8e8bcfce9c1a785ca0c2","sha1":"1790385ce026fd9ec0989571d6bd0730d7d24a89","sha256":"97753afab24a06302c7a53791ce77f6f9bef59260842f59240892d7c7bf765be"},"dob":{"date":"1949-02-06T04:30:07.843Z","age":75},"registered":{"date":"2017-12-20T00:57:10.454Z","age":6},"phone":"(049) 6313568","cell":"(06) 42687012","id":{"name":"BSN","value":"78628798"},"picture":{"large":"https://randomuser.me/api/portraits/men/93.jpg","medium":"https://randomuser.me/api/portraits/med/men/93.jpg","thumbnail":"https://randomuser.me/api/portraits/thumb/men/93.jpg"},"nat":"NL"}],"info":{"seed":"27c96be4358419bc","results":1,"page":1,"version":"1.4"}} 
 </msg>
<msg time="2024-04-23T12:26:29.016337" level="INFO">/opt/hostedtoolcache/Python/3.12.3/x64/lib/python3.12/site-packages/urllib3/connectionpool.py:1103: InsecureRequestWarning: Unverified HTTPS request is being made to host 'randomuser.me'. Adding certificate verification is strongly advised. See: https://urllib3.readthedocs.io/en/latest/advanced-usage.html#tls-warnings
  warnings.warn(</msg>
<msg time="2024-04-23T12:26:29.016460" level="INFO">${response} = &lt;Response [200]&gt;</msg>
<var>${response}</var>
<arg>consultarAPI</arg>
<arg>/api</arg>
<doc>Sends a GET request on a previously created HTTP Session.</doc>
<status status="PASS" start="2024-04-23T12:26:28.929628" elapsed="0.086872"/>
</kw>
<kw name="Set Variable" owner="BuiltIn">
<msg time="2024-04-23T12:26:29.017742" level="INFO">${json_data} = {'results': [{'gender': 'male', 'name': {'title': 'Mr', 'first': 'Dimitry', 'last': 'Van Straaten'}, 'location': {'street': {'number': 8845, 'name': 'Borgstraat'}, 'city': 'Wanneperveen', 'state': 'Fl...</msg>
<var>${json_data}</var>
<arg>${response.json()}</arg>
<doc>Returns the given values which can then be assigned to a variables.</doc>
<status status="PASS" start="2024-04-23T12:26:29.017140" elapsed="0.000630"/>
</kw>
<kw name="Log" owner="BuiltIn">
<msg time="2024-04-23T12:26:29.018246" level="INFO">{'results': [{'gender': 'male', 'name': {'title': 'Mr', 'first': 'Dimitry', 'last': 'Van Straaten'}, 'location': {'street': {'number': 8845, 'name': 'Borgstraat'}, 'city': 'Wanneperveen', 'state': 'Flevoland', 'country': 'Netherlands', 'postcode': '3188 LU', 'coordinates': {'latitude': '38.0398', 'longitude': '-23.8874'}, 'timezone': {'offset': '+3:30', 'description': 'Tehran'}}, 'email': 'dimitry.vanstraaten@example.com', 'login': {'uuid': '3e9e2e2a-ee5e-478c-9733-81ce7ea5149b', 'username': 'blueduck598', 'password': 'joseph1', 'salt': '46u6BHVe', 'md5': 'f28a1d1f490b8e8bcfce9c1a785ca0c2', 'sha1': '1790385ce026fd9ec0989571d6bd0730d7d24a89', 'sha256': '97753afab24a06302c7a53791ce77f6f9bef59260842f59240892d7c7bf765be'}, 'dob': {'date': '1949-02-06T04:30:07.843Z', 'age': 75}, 'registered': {'date': '2017-12-20T00:57:10.454Z', 'age': 6}, 'phone': '(049) 6313568', 'cell': '(06) 42687012', 'id': {'name': 'BSN', 'value': '78628798'}, 'picture': {'large': 'https://randomuser.me/api/portraits/men/93.jpg', 'medium': 'https://randomuser.me/api/portraits/med/men/93.jpg', 'thumbnail': 'https://randomuser.me/api/portraits/thumb/men/93.jpg'}, 'nat': 'NL'}], 'info': {'seed': '27c96be4358419bc', 'results': 1, 'page': 1, 'version': '1.4'}}</msg>
<arg>${json_data}</arg>
<doc>Logs the given message with the given level.</doc>
<status status="PASS" start="2024-04-23T12:26:29.018081" elapsed="0.000250"/>
</kw>
<kw name="Should Be String" owner="String">
<arg>${json_data['results'][0]['gender']}</arg>
<doc>Fails if the given ``item`` is not a string.</doc>
<status status="PASS" start="2024-04-23T12:26:29.018634" elapsed="0.000414"/>
</kw>
<kw name="Should Match Regexp" owner="BuiltIn">
<arg>${json_data['results'][0]['email']}</arg>
<arg>^[a-zA-Z0-9._%+-]+@[a-zA-Z0-9.-]+\.[a-zA-Z]{2,}$</arg>
<doc>Fails if ``string`` does not match ``pattern`` as a regular expression.</doc>
<status status="PASS" start="2024-04-23T12:26:29.019245" elapsed="0.000521"/>
</kw>
<kw name="Should Match Regexp" owner="BuiltIn">
<arg>${json_data['results'][0]['dob']['date']}</arg>
<arg>\\d{4}-\\d{2}-\\d{2}T\\d{2}:\\d{2}:\\d{2}\\.\\d{3}Z</arg>
<doc>Fails if ``string`` does not match ``pattern`` as a regular expression.</doc>
<status status="PASS" start="2024-04-23T12:26:29.019963" elapsed="0.000479"/>
</kw>
<kw name="Should Match Regexp" owner="BuiltIn">
<arg>${json_data['results'][0]['registered']['date']}</arg>
<arg>\\d{4}-\\d{2}-\\d{2}T\\d{2}:\\d{2}:\\d{2}\\.\\d{3}Z</arg>
<doc>Fails if ``string`` does not match ``pattern`` as a regular expression.</doc>
<status status="PASS" start="2024-04-23T12:26:29.020634" elapsed="0.000363"/>
</kw>
<kw name="Should Match Regexp" owner="BuiltIn">
<arg>${json_data['results'][0]['picture']['large']}</arg>
<arg>^https?://.*\.(?:png|jpe?g|gif|bmp)$</arg>
<doc>Fails if ``string`` does not match ``pattern`` as a regular expression.</doc>
<status status="PASS" start="2024-04-23T12:26:29.021185" elapsed="0.000463"/>
</kw>
<kw name="Should Match Regexp" owner="BuiltIn">
<arg>${json_data['results'][0]['picture']['medium']}</arg>
<arg>^https?://.*\.(?:png|jpe?g|gif|bmp)$</arg>
<doc>Fails if ``string`` does not match ``pattern`` as a regular expression.</doc>
<status status="PASS" start="2024-04-23T12:26:29.021834" elapsed="0.000359"/>
</kw>
<kw name="Should Match Regexp" owner="BuiltIn">
<arg>${json_data['results'][0]['picture']['thumbnail']}</arg>
<arg>^https?://.*\.(?:png|jpe?g|gif|bmp)$</arg>
<doc>Fails if ``string`` does not match ``pattern`` as a regular expression.</doc>
<status status="PASS" start="2024-04-23T12:26:29.022382" elapsed="0.000348"/>
</kw>
<kw name="Log" owner="BuiltIn">
<msg time="2024-04-23T12:26:29.023266" level="INFO">{'large': 'https://randomuser.me/api/portraits/men/93.jpg', 'medium': 'https://randomuser.me/api/portraits/med/men/93.jpg', 'thumbnail': 'https://randomuser.me/api/portraits/thumb/men/93.jpg'}</msg>
<arg>${json_data['results'][0]['picture']}</arg>
<doc>Logs the given message with the given level.</doc>
<status status="PASS" start="2024-04-23T12:26:29.022936" elapsed="0.000371"/>
</kw>
<status status="PASS" start="2024-04-23T12:26:28.929393" elapsed="0.094172"/>
</kw>
<kw name="Teste de Tipos de Dados - Postcode" owner="random-user-service">
<kw name="GET On Session" owner="RequestsLibrary">
<msg time="2024-04-23T12:26:29.100305" level="INFO">GET Request : url=https://randomuser.me/api 
 path_url=/api 
 headers={'User-Agent': 'python-requests/2.31.0', 'Accept-Encoding': 'gzip, deflate', 'Accept': '*/*', 'Connection': 'keep-alive'} 
 body=None 
 </msg>
<msg time="2024-04-23T12:26:29.100406" level="INFO">GET Response : url=https://randomuser.me/api 
 status=200, reason=OK 
 headers={'Date': 'Tue, 23 Apr 2024 12:26:29 GMT', 'Content-Type': 'application/json; charset=utf-8', 'Transfer-Encoding': 'chunked', 'Connection': 'keep-alive', 'X-Powered-By': 'Express', 'Access-Control-Allow-Origin': '*', 'Cache-Control': 'no-cache', 'ETag': 'W/"486-fwPh9wNGe+11tlSEisNT0Jvq5ec"', 'Vary': 'Accept-Encoding', 'Content-Encoding': 'gzip', 'CF-Cache-Status': 'DYNAMIC', 'Report-To': '{"endpoints":[{"url":"https:\\/\\/a.nel.cloudflare.com\\/report\\/v4?s=%2B7w3Q0c6XVX6lg7PuyAt8WQIIZttq8uhrsXonC%2B1NH7G3eC3QfBb7nmrL1CBJ20SqAaEkzSFi5RYUNORR6XD8V%2FTWXg7SSrRwdjcbJdihXjGF1y0Ec7BNXe2BHgYVd71"}],"group":"cf-nel","max_age":604800}', 'NEL': '{"success_fraction":0,"report_to":"cf-nel","max_age":604800}', 'Server': 'cloudflare', 'CF-RAY': '878dd79b6e8c0809-IAD', 'alt-svc': 'h3=":443"; ma=86400'} 
 body={"results":[{"gender":"male","name":{"title":"Mr","first":"Vivaldo","last":"Ferreira"},"location":{"street":{"number":6659,"name":"Rua São Luiz "},"city":"Teixeira de Freitas","state":"Pará","country":"Brazil","postcode":26490,"coordinates":{"latitude":"-75.0524","longitude":"-23.3132"},"timezone":{"offset":"-9:00","description":"Alaska"}},"email":"vivaldo.ferreira@example.com","login":{"uuid":"f71ace92-5e14-454a-979d-fb58f6ea9aee","username":"organicswan970","password":"insert","salt":"u5gpvrNK","md5":"2c3be79bedbe24a54915a8ecf93523e8","sha1":"8deb751c8d6d0f7e157a30ac222a79d74cd5ee72","sha256":"8e50503751037c9ed198ec2ef6c18ac35df624ed037c35edd7198ec50758a493"},"dob":{"date":"1985-06-29T21:16:22.200Z","age":38},"registered":{"date":"2009-07-22T02:35:51.915Z","age":14},"phone":"(93) 8666-8909","cell":"(66) 2945-2089","id":{"name":"CPF","value":"907.422.730-92"},"picture":{"large":"https://randomuser.me/api/portraits/men/55.jpg","medium":"https://randomuser.me/api/portraits/med/men/55.jpg","thumbnail":"https://randomuser.me/api/portraits/thumb/men/55.jpg"},"nat":"BR"}],"info":{"seed":"1648e0450732277b","results":1,"page":1,"version":"1.4"}} 
 </msg>
<msg time="2024-04-23T12:26:29.100480" level="INFO">/opt/hostedtoolcache/Python/3.12.3/x64/lib/python3.12/site-packages/urllib3/connectionpool.py:1103: InsecureRequestWarning: Unverified HTTPS request is being made to host 'randomuser.me'. Adding certificate verification is strongly advised. See: https://urllib3.readthedocs.io/en/latest/advanced-usage.html#tls-warnings
  warnings.warn(</msg>
<msg time="2024-04-23T12:26:29.100607" level="INFO">${response} = &lt;Response [200]&gt;</msg>
<var>${response}</var>
<arg>consultarAPI</arg>
<arg>/api</arg>
<doc>Sends a GET request on a previously created HTTP Session.</doc>
<status status="PASS" start="2024-04-23T12:26:29.024033" elapsed="0.076613"/>
</kw>
<kw name="Set Variable" owner="BuiltIn">
<msg time="2024-04-23T12:26:29.101913" level="INFO">${json_data} = {'results': [{'gender': 'male', 'name': {'title': 'Mr', 'first': 'Vivaldo', 'last': 'Ferreira'}, 'location': {'street': {'number': 6659, 'name': 'Rua São Luiz '}, 'city': 'Teixeira de Freitas', 'state...</msg>
<var>${json_data}</var>
<arg>${response.json()}</arg>
<doc>Returns the given values which can then be assigned to a variables.</doc>
<status status="PASS" start="2024-04-23T12:26:29.101309" elapsed="0.000633"/>
</kw>
<kw name="Log" owner="BuiltIn">
<msg time="2024-04-23T12:26:29.102416" level="INFO">{'results': [{'gender': 'male', 'name': {'title': 'Mr', 'first': 'Vivaldo', 'last': 'Ferreira'}, 'location': {'street': {'number': 6659, 'name': 'Rua São Luiz '}, 'city': 'Teixeira de Freitas', 'state': 'Pará', 'country': 'Brazil', 'postcode': 26490, 'coordinates': {'latitude': '-75.0524', 'longitude': '-23.3132'}, 'timezone': {'offset': '-9:00', 'description': 'Alaska'}}, 'email': 'vivaldo.ferreira@example.com', 'login': {'uuid': 'f71ace92-5e14-454a-979d-fb58f6ea9aee', 'username': 'organicswan970', 'password': 'insert', 'salt': 'u5gpvrNK', 'md5': '2c3be79bedbe24a54915a8ecf93523e8', 'sha1': '8deb751c8d6d0f7e157a30ac222a79d74cd5ee72', 'sha256': '8e50503751037c9ed198ec2ef6c18ac35df624ed037c35edd7198ec50758a493'}, 'dob': {'date': '1985-06-29T21:16:22.200Z', 'age': 38}, 'registered': {'date': '2009-07-22T02:35:51.915Z', 'age': 14}, 'phone': '(93) 8666-8909', 'cell': '(66) 2945-2089', 'id': {'name': 'CPF', 'value': '907.422.730-92'}, 'picture': {'large': 'https://randomuser.me/api/portraits/men/55.jpg', 'medium': 'https://randomuser.me/api/portraits/med/men/55.jpg', 'thumbnail': 'https://randomuser.me/api/portraits/thumb/men/55.jpg'}, 'nat': 'BR'}], 'info': {'seed': '1648e0450732277b', 'results': 1, 'page': 1, 'version': '1.4'}}</msg>
<arg>${json_data}</arg>
<doc>Logs the given message with the given level.</doc>
<status status="PASS" start="2024-04-23T12:26:29.102255" elapsed="0.000244"/>
</kw>
<kw name="Should Be Equal As Numbers" owner="BuiltIn">
<arg>${json_data['results'][0]['location']['postcode']}</arg>
<arg>${json_data['results'][0]['location']['postcode']}</arg>
<doc>Fails if objects are unequal after converting them to real numbers.</doc>
<status status="PASS" start="2024-04-23T12:26:29.103026" elapsed="0.000629"/>
</kw>
<kw name="Log" owner="BuiltIn">
<msg time="2024-04-23T12:26:29.104187" level="INFO">26490</msg>
<arg>${json_data['results'][0]['location']['postcode']}</arg>
<doc>Logs the given message with the given level.</doc>
<status status="PASS" start="2024-04-23T12:26:29.103849" elapsed="0.000378"/>
</kw>
<status status="PASS" start="2024-04-23T12:26:29.023795" elapsed="0.080692"/>
</kw>
<doc>Testa se os tipos de dados na resposta da API estão corretos.</doc>
<tag>testeTiposDados</tag>
<status status="PASS" start="2024-04-23T12:26:28.928828" elapsed="0.175828"/>
</test>
<test id="s1-s1-t5" name="Validar conteudo" line="35">
<kw name="Teste de Tipos de Conteudo" owner="random-user-service">
<kw name="GET On Session" owner="RequestsLibrary">
<msg time="2024-04-23T12:26:29.205184" level="INFO">GET Request : url=https://randomuser.me/api 
 path_url=/api 
 headers={'User-Agent': 'python-requests/2.31.0', 'Accept-Encoding': 'gzip, deflate', 'Accept': '*/*', 'Connection': 'keep-alive'} 
 body=None 
 </msg>
<msg time="2024-04-23T12:26:29.205298" level="INFO">GET Response : url=https://randomuser.me/api 
 status=200, reason=OK 
 headers={'Date': 'Tue, 23 Apr 2024 12:26:29 GMT', 'Content-Type': 'application/json; charset=utf-8', 'Transfer-Encoding': 'chunked', 'Connection': 'keep-alive', 'X-Powered-By': 'Express', 'Access-Control-Allow-Origin': '*', 'Cache-Control': 'no-cache', 'ETag': 'W/"463-qAZTPlACGqdo257ktTeHRsPzQ74"', 'Vary': 'Accept-Encoding', 'Content-Encoding': 'gzip', 'CF-Cache-Status': 'DYNAMIC', 'Report-To': '{"endpoints":[{"url":"https:\\/\\/a.nel.cloudflare.com\\/report\\/v4?s=csJQNZiazoxq5Lpfhd%2F5azI8ncwkNbTmnlYE26BnYGHop7za8CPH4aVJvLiQdYg7K4igoVaiNUmpaIL0hmweYZa%2BfIqzyF5IL7td3OPg%2Bq5bzYR80YXlLTbpQQonqVwJ"}],"group":"cf-nel","max_age":604800}', 'NEL': '{"success_fraction":0,"report_to":"cf-nel","max_age":604800}', 'Server': 'cloudflare', 'CF-RAY': '878dd79bff550809-IAD', 'alt-svc': 'h3=":443"; ma=86400'} 
 body={"results":[{"gender":"male","name":{"title":"Mr","first":"آراد","last":"کریمی"},"location":{"street":{"number":7251,"name":"خرمشهر"},"city":"رشت","state":"یزد","country":"Iran","postcode":73175,"coordinates":{"latitude":"12.9695","longitude":"-38.5588"},"timezone":{"offset":"-10:00","description":"Hawaii"}},"email":"ard.khrymy@example.com","login":{"uuid":"0e1b37fb-cca8-4c91-a9dc-0640a447d49e","username":"ticklishpeacock118","password":"maurice","salt":"WVOHVJfx","md5":"ce1608bf982adf38aef48b18f85ffb1f","sha1":"780b66c61b8792240d29976d3544e7302c7402ad","sha256":"0820b74ef3bdd595e9bdfcd2a815f037db64ae17ebe37ca0e609adc102feac3a"},"dob":{"date":"1969-01-17T03:58:32.786Z","age":55},"registered":{"date":"2007-12-04T20:01:36.149Z","age":16},"phone":"062-24835869","cell":"0972-456-5840","id":{"name":"","value":null},"picture":{"large":"https://randomuser.me/api/portraits/men/3.jpg","medium":"https://randomuser.me/api/portraits/med/men/3.jpg","thumbnail":"https://randomuser.me/api/portraits/thumb/men/3.jpg"},"nat":"IR"}],"info":{"seed":"a4dd5a113b28d2c8","results":1,"page":1,"version":"1.4"}} 
 </msg>
<msg time="2024-04-23T12:26:29.205375" level="INFO">/opt/hostedtoolcache/Python/3.12.3/x64/lib/python3.12/site-packages/urllib3/connectionpool.py:1103: InsecureRequestWarning: Unverified HTTPS request is being made to host 'randomuser.me'. Adding certificate verification is strongly advised. See: https://urllib3.readthedocs.io/en/latest/advanced-usage.html#tls-warnings
  warnings.warn(</msg>
<msg time="2024-04-23T12:26:29.205509" level="INFO">${response} = &lt;Response [200]&gt;</msg>
<var>${response}</var>
<arg>consultarAPI</arg>
<arg>/api</arg>
<doc>Sends a GET request on a previously created HTTP Session.</doc>
<status status="PASS" start="2024-04-23T12:26:29.107211" elapsed="0.098346"/>
</kw>
<kw name="Set Variable" owner="BuiltIn">
<msg time="2024-04-23T12:26:29.206827" level="INFO">${json_data} = {'results': [{'gender': 'male', 'name': {'title': 'Mr', 'first': 'آراد', 'last': 'کریمی'}, 'location': {'street': {'number': 7251, 'name': 'خرمشهر'}, 'city': 'رشت', 'state': 'یزد', 'country': 'Iran', ...</msg>
<var>${json_data}</var>
<arg>${response.json()}</arg>
<doc>Returns the given values which can then be assigned to a variables.</doc>
<status status="PASS" start="2024-04-23T12:26:29.206220" elapsed="0.000671"/>
</kw>
<kw name="Set Variable" owner="BuiltIn">
<msg time="2024-04-23T12:26:29.207624" level="INFO">${name_title} = Mr</msg>
<var>${name_title}</var>
<arg>${json_data["results"][0]["name"]["title"]}</arg>
<doc>Returns the given values which can then be assigned to a variables.</doc>
<status status="PASS" start="2024-04-23T12:26:29.207232" elapsed="0.000417"/>
</kw>
<kw name="Create List" owner="BuiltIn">
<msg time="2024-04-23T12:26:29.208098" level="INFO">${allowed_titles} = ['Mr', 'Ms', 'Miss', 'Mrs', 'Madame', 'Monsieur']</msg>
<var>${allowed_titles}</var>
<arg>Mr</arg>
<arg>Ms</arg>
<arg>Miss</arg>
<arg>Mrs</arg>
<arg>Madame</arg>
<arg>Monsieur</arg>
<doc>Returns a list containing given items.</doc>
<status status="PASS" start="2024-04-23T12:26:29.207951" elapsed="0.000172"/>
</kw>
<kw name="List Should Contain Value" owner="Collections">
<msg time="2024-04-23T12:26:29.208599" level="INFO">False</msg>
<arg>${allowed_titles}</arg>
<arg>${name_title}</arg>
<doc>Fails if the ``value`` is not found from ``list``.</doc>
<status status="PASS" start="2024-04-23T12:26:29.208423" elapsed="0.000212"/>
</kw>
<kw name="Set Variable" owner="BuiltIn">
<msg time="2024-04-23T12:26:29.209312" level="INFO">${name_country} = IR</msg>
<var>${name_country}</var>
<arg>${json_data["results"][0]["nat"]}</arg>
<doc>Returns the given values which can then be assigned to a variables.</doc>
<status status="PASS" start="2024-04-23T12:26:29.208930" elapsed="0.000406"/>
</kw>
<kw name="Create List" owner="BuiltIn">
<msg time="2024-04-23T12:26:29.210218" level="INFO">${list_country} = ['AD', 'AE', 'AF', 'AG', 'AI', 'AL', 'AM', 'AO', 'AQ', 'AR', 'AS', 'AT', 'AU', 'AW', 'AX', 'AZ', 'BA', 'BB', 'BD', 'BE', 'BF', 'BG', 'BH', 'BI', 'BJ', 'BL', 'BM', 'BN', 'BO', 'BQ', 'BR', 'BS', 'BT', '...</msg>
<var>${list_country}</var>
<arg>AD</arg>
<arg>AE</arg>
<arg>AF</arg>
<arg>AG</arg>
<arg>AI</arg>
<arg>AL</arg>
<arg>AM</arg>
<arg>AO</arg>
<arg>AQ</arg>
<arg>AR</arg>
<arg>AS</arg>
<arg>AT</arg>
<arg>AU</arg>
<arg>AW</arg>
<arg>AX</arg>
<arg>AZ</arg>
<arg>BA</arg>
<arg>BB</arg>
<arg>BD</arg>
<arg>BE</arg>
<arg>BF</arg>
<arg>BG</arg>
<arg>BH</arg>
<arg>BI</arg>
<arg>BJ</arg>
<arg>BL</arg>
<arg>BM</arg>
<arg>BN</arg>
<arg>BO</arg>
<arg>BQ</arg>
<arg>BR</arg>
<arg>BS</arg>
<arg>BT</arg>
<arg>BV</arg>
<arg>BW</arg>
<arg>BY</arg>
<arg>BZ</arg>
<arg>CA</arg>
<arg>CC</arg>
<arg>CD</arg>
<arg>CF</arg>
<arg>CG</arg>
<arg>CH</arg>
<arg>CI</arg>
<arg>CK</arg>
<arg>CL</arg>
<arg>CM</arg>
<arg>CN</arg>
<arg>CO</arg>
<arg>CR</arg>
<arg>CU</arg>
<arg>CV</arg>
<arg>CW</arg>
<arg>CX</arg>
<arg>CY</arg>
<arg>CZ</arg>
<arg>DE</arg>
<arg>DJ</arg>
<arg>DK</arg>
<arg>DM</arg>
<arg>DO</arg>
<arg>DZ</arg>
<arg>EC</arg>
<arg>EE</arg>
<arg>EG</arg>
<arg>EH</arg>
<arg>ER</arg>
<arg>ES</arg>
<arg>ET</arg>
<arg>FI</arg>
<arg>FJ</arg>
<arg>FK</arg>
<arg>FM</arg>
<arg>FO</arg>
<arg>FR</arg>
<arg>GA</arg>
<arg>GB</arg>
<arg>GD</arg>
<arg>GE</arg>
<arg>GF</arg>
<arg>GG</arg>
<arg>GH</arg>
<arg>GI</arg>
<arg>GL</arg>
<arg>GM</arg>
<arg>GN</arg>
<arg>GP</arg>
<arg>GQ</arg>
<arg>GR</arg>
<arg>GS</arg>
<arg>GT</arg>
<arg>GU</arg>
<arg>GW</arg>
<arg>GY</arg>
<arg>HK</arg>
<arg>HM</arg>
<arg>HN</arg>
<arg>HR</arg>
<arg>HT</arg>
<arg>HU</arg>
<arg>ID</arg>
<arg>IE</arg>
<arg>IL</arg>
<arg>IM</arg>
<arg>IN</arg>
<arg>IO</arg>
<arg>IQ</arg>
<arg>IR</arg>
<arg>IS</arg>
<arg>IT</arg>
<arg>JE</arg>
<arg>JM</arg>
<arg>JO</arg>
<arg>JP</arg>
<arg>KE</arg>
<arg>KG</arg>
<arg>KH</arg>
<arg>KI</arg>
<arg>KM</arg>
<arg>KN</arg>
<arg>KP</arg>
<arg>KR</arg>
<arg>KW</arg>
<arg>KY</arg>
<arg>KZ</arg>
<arg>LA</arg>
<arg>LB</arg>
<arg>LC</arg>
<arg>LI</arg>
<arg>LK</arg>
<arg>LR</arg>
<arg>LS</arg>
<arg>LT</arg>
<arg>LU</arg>
<arg>LV</arg>
<arg>LY</arg>
<arg>MA</arg>
<arg>MC</arg>
<arg>MD</arg>
<arg>ME</arg>
<arg>MF</arg>
<arg>MG</arg>
<arg>MH</arg>
<arg>MK</arg>
<arg>ML</arg>
<arg>MM</arg>
<arg>MN</arg>
<arg>MO</arg>
<arg>MP</arg>
<arg>MQ</arg>
<arg>MR</arg>
<arg>MS</arg>
<arg>MT</arg>
<arg>MU</arg>
<arg>MV</arg>
<arg>MW</arg>
<arg>MX</arg>
<arg>MY</arg>
<arg>MZ</arg>
<arg>NA</arg>
<arg>NC</arg>
<arg>NE</arg>
<arg>NF</arg>
<arg>NG</arg>
<arg>NI</arg>
<arg>NL</arg>
<arg>NO</arg>
<arg>NP</arg>
<arg>NR</arg>
<arg>NU</arg>
<arg>NZ</arg>
<arg>OM</arg>
<arg>PA</arg>
<arg>PE</arg>
<arg>PF</arg>
<arg>PG</arg>
<arg>PH</arg>
<arg>PK</arg>
<arg>PL</arg>
<arg>PM</arg>
<arg>PN</arg>
<arg>PR</arg>
<arg>PS</arg>
<arg>PT</arg>
<arg>PW</arg>
<arg>PY</arg>
<arg>QA</arg>
<arg>RE</arg>
<arg>RO</arg>
<arg>RS</arg>
<arg>RU</arg>
<arg>RW</arg>
<arg>SA</arg>
<arg>SB</arg>
<arg>SC</arg>
<arg>SD</arg>
<arg>SE</arg>
<arg>SG</arg>
<arg>SH</arg>
<arg>SI</arg>
<arg>SJ</arg>
<arg>SK</arg>
<arg>SL</arg>
<arg>SM</arg>
<arg>SN</arg>
<arg>SO</arg>
<arg>SR</arg>
<arg>SS</arg>
<arg>ST</arg>
<arg>SV</arg>
<arg>SX</arg>
<arg>SY</arg>
<arg>SZ</arg>
<arg>TC</arg>
<arg>TD</arg>
<arg>TF</arg>
<arg>TG</arg>
<arg>TH</arg>
<arg>TJ</arg>
<arg>TK</arg>
<arg>TL</arg>
<arg>TM</arg>
<arg>TN</arg>
<arg>TO</arg>
<arg>TR</arg>
<arg>TT</arg>
<arg>TV</arg>
<arg>TW</arg>
<arg>TZ</arg>
<arg>UA</arg>
<arg>UG</arg>
<arg>UM</arg>
<arg>US</arg>
<arg>UY</arg>
<arg>UZ</arg>
<arg>VA</arg>
<arg>VC</arg>
<arg>VE</arg>
<arg>VG</arg>
<arg>VI</arg>
<arg>VN</arg>
<arg>VU</arg>
<arg>WF</arg>
<arg>WS</arg>
<arg>XK</arg>
<arg>YE</arg>
<arg>YT</arg>
<arg>ZA</arg>
<arg>ZM</arg>
<arg>ZW</arg>
<doc>Returns a list containing given items.</doc>
<status status="PASS" start="2024-04-23T12:26:29.209636" elapsed="0.000609"/>
</kw>
<kw name="List Should Contain Value" owner="Collections">
<msg time="2024-04-23T12:26:29.211278" level="INFO">False</msg>
<arg>${list_country}</arg>
<arg>${name_country}</arg>
<doc>Fails if the ``value`` is not found from ``list``.</doc>
<status status="PASS" start="2024-04-23T12:26:29.211077" elapsed="0.000237"/>
</kw>
<kw name="Run Keyword If" owner="BuiltIn">
<kw name="Should Be True" owner="BuiltIn">
<arg>${True}</arg>
<doc>Fails if the given condition is not true.</doc>
<status status="PASS" start="2024-04-23T12:26:29.212387" elapsed="0.000268"/>
</kw>
<arg>${json_data["results"][0]["location"]["coordinates"]["latitude"]} &gt;= -90 and ${json_data["results"][0]["location"]["coordinates"]["latitude"]} &lt;= 90</arg>
<arg>Should Be True</arg>
<arg>${True}</arg>
<doc>Runs the given keyword with the given arguments, if ``condition`` is true.</doc>
<status status="PASS" start="2024-04-23T12:26:29.211628" elapsed="0.001160"/>
</kw>
<kw name="Run Keyword If" owner="BuiltIn">
<kw name="Should Be True" owner="BuiltIn">
<arg>${True}</arg>
<doc>Fails if the given condition is not true.</doc>
<status status="PASS" start="2024-04-23T12:26:29.213708" elapsed="0.000137"/>
</kw>
<arg>${json_data["results"][0]["location"]["coordinates"]["longitude"]} &gt;= -180 and ${json_data["results"][0]["location"]["coordinates"]["longitude"]} &lt;= 180</arg>
<arg>Should Be True</arg>
<arg>${True}</arg>
<doc>Runs the given keyword with the given arguments, if ``condition`` is true.</doc>
<status status="PASS" start="2024-04-23T12:26:29.212979" elapsed="0.000992"/>
</kw>
<status status="PASS" start="2024-04-23T12:26:29.106977" elapsed="0.107130"/>
</kw>
<doc>Testa o conteúdo específico dos campos retornados pela API.</doc>
<tag>testeConteudo</tag>
<status status="PASS" start="2024-04-23T12:26:29.106413" elapsed="0.107852"/>
</test>
<status status="PASS" start="2024-04-23T12:26:28.261967" elapsed="0.954368"/>
</suite>
<status status="PASS" start="2024-04-23T12:26:28.248169" elapsed="0.973602"/>
</suite>
<statistics>
<total>
<stat pass="5" fail="0" skip="0">All Tests</stat>
</total>
<tag>
<stat pass="1" fail="0" skip="0">testeConteudo</stat>
<stat pass="1" fail="0" skip="0">testeEstruturaResposta</stat>
<stat pass="1" fail="0" skip="0">testeRequisicaoBasica</stat>
<stat pass="1" fail="0" skip="0">testeTiposDados</stat>
</tag>
<suite>
<stat pass="5" fail="0" skip="0" id="s1" name="Tests">Tests</stat>
<stat pass="5" fail="0" skip="0" id="s1-s1" name="Random-User-Test">Tests.Random-User-Test</stat>
</suite>
</statistics>
<errors>
</errors>
</robot>
