<?xml version="1.0" encoding="UTF-8"?>
<robot generator="Robot 7.0 (Python 3.12.3 on linux)" generated="2024-04-23T14:13:31.402923" rpa="false" schemaversion="5">
<suite id="s1" name="Tests" source="/home/runner/work/DesafioQAItauRogerioJordao/DesafioQAItauRogerioJordao/RamdonUser/tests">
<suite id="s1-s1" name="Random-User-Test" source="/home/runner/work/DesafioQAItauRogerioJordao/DesafioQAItauRogerioJordao/RamdonUser/tests/random-user-test.robot">
<test id="s1-s1-t1" name="Conectar" line="13">
<kw name="Conectar API" owner="random-user-service">
<kw name="Create Session" owner="RequestsLibrary">
<msg time="2024-04-23T14:13:31.786927" level="INFO">Creating Session using : alias=consultarAPI, url=https://randomuser.me/, headers={},                     cookies={}, auth=None, timeout=None, proxies=None, verify=False,                     debug=0 </msg>
<arg>consultarAPI</arg>
<arg>${URL}</arg>
<doc>Create Session: create a HTTP session to a server</doc>
<status status="PASS" start="2024-04-23T14:13:31.786703" elapsed="0.000420"/>
</kw>
<status status="PASS" start="2024-04-23T14:13:31.785680" elapsed="0.001817"/>
</kw>
<status status="PASS" start="2024-04-23T14:13:31.785047" elapsed="0.002643"/>
</test>
<test id="s1-s1-t2" name="Validar retorno 200 e JSON Válido" line="16">
<kw name="Teste de Requisicao Basica" owner="random-user-service">
<kw name="GET On Session" owner="RequestsLibrary">
<msg time="2024-04-23T14:13:31.887583" level="INFO">GET Request : url=https://randomuser.me/api 
 path_url=/api 
 headers={'User-Agent': 'python-requests/2.31.0', 'Accept-Encoding': 'gzip, deflate', 'Accept': '*/*', 'Connection': 'keep-alive'} 
 body=None 
 </msg>
<msg time="2024-04-23T14:13:31.887735" level="INFO">GET Response : url=https://randomuser.me/api 
 status=200, reason=OK 
 headers={'Date': 'Tue, 23 Apr 2024 14:13:31 GMT', 'Content-Type': 'application/json; charset=utf-8', 'Transfer-Encoding': 'chunked', 'Connection': 'keep-alive', 'X-Powered-By': 'Express', 'Access-Control-Allow-Origin': '*', 'Cache-Control': 'no-cache', 'ETag': 'W/"48c-uxI9R1+m9iwpqSj7WHzfdIJiMNk"', 'Vary': 'Accept-Encoding', 'Content-Encoding': 'gzip', 'CF-Cache-Status': 'DYNAMIC', 'Report-To': '{"endpoints":[{"url":"https:\\/\\/a.nel.cloudflare.com\\/report\\/v4?s=0OlQ1svsZR16C920tcspGFm7i0z3MgqwhQyO6lntAS8Ovs7474utJhbrkDittaVyNoHeMJ%2BGitxiXnr78UmPtmT9cL5uvvL5hm2u0h5cX%2FlLIFForMXNNW0Wl05%2FFfvu"}],"group":"cf-nel","max_age":604800}', 'NEL': '{"success_fraction":0,"report_to":"cf-nel","max_age":604800}', 'Server': 'cloudflare', 'CF-RAY': '878e7469fb93e14f-ORD', 'alt-svc': 'h3=":443"; ma=86400'} 
 body={"results":[{"gender":"female","name":{"title":"Miss","first":"Stephanie","last":"Robertson"},"location":{"street":{"number":6540,"name":"Kings Road"},"city":"Canterbury","state":"Clwyd","country":"United Kingdom","postcode":"XS7 6SL","coordinates":{"latitude":"-10.7654","longitude":"99.0995"},"timezone":{"offset":"+5:45","description":"Kathmandu"}},"email":"stephanie.robertson@example.com","login":{"uuid":"ec0ca522-0c07-44dd-9703-26ef25f88b95","username":"bluedog445","password":"1213","salt":"XbEs3ZfD","md5":"7d1b4a349b3824ce1ae61c2d239b590c","sha1":"66141ec122c36731eb2e21f90e6a4f52621eb001","sha256":"465134605a8b0f38553a4dbabda648eb9be8a86fcccc7530960a90dfbfebabe0"},"dob":{"date":"1995-02-24T16:05:41.818Z","age":29},"registered":{"date":"2021-06-09T11:38:08.506Z","age":2},"phone":"015242 09913","cell":"07188 494146","id":{"name":"NINO","value":"TR 97 56 97 K"},"picture":{"large":"https://randomuser.me/api/portraits/women/15.jpg","medium":"https://randomuser.me/api/portraits/med/women/15.jpg","thumbnail":"https://randomuser.me/api/portraits/thumb/women/15.jpg"},"nat":"GB"}],"info":{"seed":"35a1e9523422b25a","results":1,"page":1,"version":"1.4"}} 
 </msg>
<msg time="2024-04-23T14:13:31.887819" level="INFO">/opt/hostedtoolcache/Python/3.12.3/x64/lib/python3.12/site-packages/urllib3/connectionpool.py:1103: InsecureRequestWarning: Unverified HTTPS request is being made to host 'randomuser.me'. Adding certificate verification is strongly advised. See: https://urllib3.readthedocs.io/en/latest/advanced-usage.html#tls-warnings
  warnings.warn(</msg>
<msg time="2024-04-23T14:13:31.887981" level="INFO">${response} = &lt;Response [200]&gt;</msg>
<var>${response}</var>
<arg>consultarAPI</arg>
<arg>/api</arg>
<doc>Sends a GET request on a previously created HTTP Session.</doc>
<status status="PASS" start="2024-04-23T14:13:31.790412" elapsed="0.097618"/>
</kw>
<kw name="Should Be Equal As Numbers" owner="BuiltIn">
<msg time="2024-04-23T14:13:31.889055" level="INFO">Argument types are:
&lt;class 'int'&gt;
&lt;class 'str'&gt;</msg>
<arg>${response.status_code}</arg>
<arg>200</arg>
<doc>Fails if objects are unequal after converting them to real numbers.</doc>
<status status="PASS" start="2024-04-23T14:13:31.888586" elapsed="0.000537"/>
</kw>
<kw name="Log" owner="BuiltIn">
<msg time="2024-04-23T14:13:31.889872" level="INFO">200</msg>
<arg>${response.status_code}</arg>
<doc>Logs the given message with the given level.</doc>
<status status="PASS" start="2024-04-23T14:13:31.889505" elapsed="0.000411"/>
</kw>
<kw name="Set Variable" owner="BuiltIn">
<msg time="2024-04-23T14:13:31.890735" level="INFO">${json_data} = {'results': [{'gender': 'female', 'name': {'title': 'Miss', 'first': 'Stephanie', 'last': 'Robertson'}, 'location': {'street': {'number': 6540, 'name': 'Kings Road'}, 'city': 'Canterbury', 'state': 'C...</msg>
<var>${json_data}</var>
<arg>${response.json()}</arg>
<doc>Returns the given values which can then be assigned to a variables.</doc>
<status status="PASS" start="2024-04-23T14:13:31.890283" elapsed="0.000480"/>
</kw>
<kw name="Dictionary Should Contain Key" owner="Collections">
<msg time="2024-04-23T14:13:31.891239" level="INFO">False</msg>
<arg>${json_data}</arg>
<arg>results</arg>
<doc>Fails if ``key`` is not found from ``dictionary``.</doc>
<status status="PASS" start="2024-04-23T14:13:31.891069" elapsed="0.000210"/>
</kw>
<status status="PASS" start="2024-04-23T14:13:31.790154" elapsed="0.101406"/>
</kw>
<doc>Testa se a API responde corretamente e retorna um objeto JSON válido.</doc>
<tag>testeRequisicaoBasica</tag>
<status status="PASS" start="2024-04-23T14:13:31.789591" elapsed="0.102156"/>
</test>
<test id="s1-s1-t3" name="Validar estrutura de resposta" line="22">
<kw name="Teste de Estrutura de Resposta" owner="random-user-service">
<kw name="GET On Session" owner="RequestsLibrary">
<msg time="2024-04-23T14:13:31.986167" level="INFO">GET Request : url=https://randomuser.me/api 
 path_url=/api 
 headers={'User-Agent': 'python-requests/2.31.0', 'Accept-Encoding': 'gzip, deflate', 'Accept': '*/*', 'Connection': 'keep-alive'} 
 body=None 
 </msg>
<msg time="2024-04-23T14:13:31.986279" level="INFO">GET Response : url=https://randomuser.me/api 
 status=200, reason=OK 
 headers={'Date': 'Tue, 23 Apr 2024 14:13:31 GMT', 'Content-Type': 'application/json; charset=utf-8', 'Transfer-Encoding': 'chunked', 'Connection': 'keep-alive', 'X-Powered-By': 'Express', 'Access-Control-Allow-Origin': '*', 'Cache-Control': 'no-cache', 'ETag': 'W/"4a5-zvizxCcyJuOlZK29veHTdnT2Rf8"', 'Vary': 'Accept-Encoding', 'Content-Encoding': 'gzip', 'CF-Cache-Status': 'DYNAMIC', 'Report-To': '{"endpoints":[{"url":"https:\\/\\/a.nel.cloudflare.com\\/report\\/v4?s=Ha1%2B71L5Kc5Uq%2FGGAO4JwCtevdfjezfhnLNLhrvSFYU2iAZRrE6dOdPGC7augrAGPjMKmlk6gL6s4la5bOD80JChBN2wvpJoiNbLqQMzP6omhKqE%2BFY18%2BoDRlz0%2FSf2"}],"group":"cf-nel","max_age":604800}', 'NEL': '{"success_fraction":0,"report_to":"cf-nel","max_age":604800}', 'Server': 'cloudflare', 'CF-RAY': '878e746a5c18e14f-ORD', 'alt-svc': 'h3=":443"; ma=86400'} 
 body={"results":[{"gender":"male","name":{"title":"Mr","first":"Guillaume","last":"Hagendijk"},"location":{"street":{"number":8170,"name":"Burgemeester G. Bosstraat"},"city":"Gorinchem","state":"Zuid-Holland","country":"Netherlands","postcode":"6446 NL","coordinates":{"latitude":"31.5273","longitude":"-63.0202"},"timezone":{"offset":"-11:00","description":"Midway Island, Samoa"}},"email":"guillaume.hagendijk@example.com","login":{"uuid":"540d34fa-010c-486f-b45b-d74747beaa92","username":"goldenpeacock854","password":"cramps","salt":"cfbWFA9m","md5":"96a6da0d6d08be735fee3839d5bc1fb3","sha1":"deac4cc6f5cf57d94d26e2cb7cd2bc8ed09fe473","sha256":"b0c37a873cf3e249500d447f8534601b448b8bf4043677bfaa424d6211c787fa"},"dob":{"date":"1970-05-17T18:54:19.094Z","age":53},"registered":{"date":"2007-05-31T08:49:26.675Z","age":16},"phone":"(0973) 323971","cell":"(06) 46914164","id":{"name":"BSN","value":"95589010"},"picture":{"large":"https://randomuser.me/api/portraits/men/45.jpg","medium":"https://randomuser.me/api/portraits/med/men/45.jpg","thumbnail":"https://randomuser.me/api/portraits/thumb/men/45.jpg"},"nat":"NL"}],"info":{"seed":"4f94dedef5a3904e","results":1,"page":1,"version":"1.4"}} 
 </msg>
<msg time="2024-04-23T14:13:31.986423" level="INFO">/opt/hostedtoolcache/Python/3.12.3/x64/lib/python3.12/site-packages/urllib3/connectionpool.py:1103: InsecureRequestWarning: Unverified HTTPS request is being made to host 'randomuser.me'. Adding certificate verification is strongly advised. See: https://urllib3.readthedocs.io/en/latest/advanced-usage.html#tls-warnings
  warnings.warn(</msg>
<msg time="2024-04-23T14:13:31.986585" level="INFO">${response} = &lt;Response [200]&gt;</msg>
<var>${response}</var>
<arg>consultarAPI</arg>
<arg>/api</arg>
<doc>Sends a GET request on a previously created HTTP Session.</doc>
<status status="PASS" start="2024-04-23T14:13:31.894367" elapsed="0.092265"/>
</kw>
<kw name="Set Variable" owner="BuiltIn">
<msg time="2024-04-23T14:13:31.987750" level="INFO">${json_data} = {'results': [{'gender': 'male', 'name': {'title': 'Mr', 'first': 'Guillaume', 'last': 'Hagendijk'}, 'location': {'street': {'number': 8170, 'name': 'Burgemeester G. Bosstraat'}, 'city': 'Gorinchem', '...</msg>
<var>${json_data}</var>
<arg>${response.json()}</arg>
<doc>Returns the given values which can then be assigned to a variables.</doc>
<status status="PASS" start="2024-04-23T14:13:31.987173" elapsed="0.000607"/>
</kw>
<kw name="Log" owner="BuiltIn">
<msg time="2024-04-23T14:13:31.988405" level="INFO">{'results': [{'gender': 'male', 'name': {'title': 'Mr', 'first': 'Guillaume', 'last': 'Hagendijk'}, 'location': {'street': {'number': 8170, 'name': 'Burgemeester G. Bosstraat'}, 'city': 'Gorinchem', 'state': 'Zuid-Holland', 'country': 'Netherlands', 'postcode': '6446 NL', 'coordinates': {'latitude': '31.5273', 'longitude': '-63.0202'}, 'timezone': {'offset': '-11:00', 'description': 'Midway Island, Samoa'}}, 'email': 'guillaume.hagendijk@example.com', 'login': {'uuid': '540d34fa-010c-486f-b45b-d74747beaa92', 'username': 'goldenpeacock854', 'password': 'cramps', 'salt': 'cfbWFA9m', 'md5': '96a6da0d6d08be735fee3839d5bc1fb3', 'sha1': 'deac4cc6f5cf57d94d26e2cb7cd2bc8ed09fe473', 'sha256': 'b0c37a873cf3e249500d447f8534601b448b8bf4043677bfaa424d6211c787fa'}, 'dob': {'date': '1970-05-17T18:54:19.094Z', 'age': 53}, 'registered': {'date': '2007-05-31T08:49:26.675Z', 'age': 16}, 'phone': '(0973) 323971', 'cell': '(06) 46914164', 'id': {'name': 'BSN', 'value': '95589010'}, 'picture': {'large': 'https://randomuser.me/api/portraits/men/45.jpg', 'medium': 'https://randomuser.me/api/portraits/med/men/45.jpg', 'thumbnail': 'https://randomuser.me/api/portraits/thumb/men/45.jpg'}, 'nat': 'NL'}], 'info': {'seed': '4f94dedef5a3904e', 'results': 1, 'page': 1, 'version': '1.4'}}</msg>
<arg>${json_data}</arg>
<doc>Logs the given message with the given level.</doc>
<status status="PASS" start="2024-04-23T14:13:31.988207" elapsed="0.000251"/>
</kw>
<kw name="Dictionary Should Contain Key" owner="Collections">
<msg time="2024-04-23T14:13:31.988988" level="INFO">False</msg>
<arg>${json_data}</arg>
<arg>results</arg>
<doc>Fails if ``key`` is not found from ``dictionary``.</doc>
<status status="PASS" start="2024-04-23T14:13:31.988812" elapsed="0.000221"/>
</kw>
<kw name="Should Not Be Empty" owner="BuiltIn">
<msg time="2024-04-23T14:13:31.989530" level="INFO">Length is 2.</msg>
<arg>${json_data}</arg>
<doc>Verifies that the given item is not empty.</doc>
<status status="PASS" start="2024-04-23T14:13:31.989370" elapsed="0.000203"/>
</kw>
<kw name="Create List" owner="BuiltIn">
<msg time="2024-04-23T14:13:31.990388" level="INFO">${expected_keys} = ['gender', 'name', 'location', 'email', 'login']</msg>
<var>${expected_keys}</var>
<arg>gender</arg>
<arg>name</arg>
<arg>location</arg>
<arg>email</arg>
<arg>login</arg>
<doc>Returns a list containing given items.</doc>
<status status="PASS" start="2024-04-23T14:13:31.989903" elapsed="0.000515"/>
</kw>
<for flavor="IN">
<iter>
<kw name="Dictionary Should Contain Key" owner="Collections">
<msg time="2024-04-23T14:13:31.991540" level="INFO">False</msg>
<arg>${json_data['results'][0]}</arg>
<arg>${key}</arg>
<doc>Fails if ``key`` is not found from ``dictionary``.</doc>
<status status="PASS" start="2024-04-23T14:13:31.991088" elapsed="0.000494"/>
</kw>
<kw name="Log" owner="BuiltIn">
<msg time="2024-04-23T14:13:31.992293" level="INFO">{'gender': 'male', 'name': {'title': 'Mr', 'first': 'Guillaume', 'last': 'Hagendijk'}, 'location': {'street': {'number': 8170, 'name': 'Burgemeester G. Bosstraat'}, 'city': 'Gorinchem', 'state': 'Zuid-Holland', 'country': 'Netherlands', 'postcode': '6446 NL', 'coordinates': {'latitude': '31.5273', 'longitude': '-63.0202'}, 'timezone': {'offset': '-11:00', 'description': 'Midway Island, Samoa'}}, 'email': 'guillaume.hagendijk@example.com', 'login': {'uuid': '540d34fa-010c-486f-b45b-d74747beaa92', 'username': 'goldenpeacock854', 'password': 'cramps', 'salt': 'cfbWFA9m', 'md5': '96a6da0d6d08be735fee3839d5bc1fb3', 'sha1': 'deac4cc6f5cf57d94d26e2cb7cd2bc8ed09fe473', 'sha256': 'b0c37a873cf3e249500d447f8534601b448b8bf4043677bfaa424d6211c787fa'}, 'dob': {'date': '1970-05-17T18:54:19.094Z', 'age': 53}, 'registered': {'date': '2007-05-31T08:49:26.675Z', 'age': 16}, 'phone': '(0973) 323971', 'cell': '(06) 46914164', 'id': {'name': 'BSN', 'value': '95589010'}, 'picture': {'large': 'https://randomuser.me/api/portraits/men/45.jpg', 'medium': 'https://randomuser.me/api/portraits/med/men/45.jpg', 'thumbnail': 'https://randomuser.me/api/portraits/thumb/men/45.jpg'}, 'nat': 'NL'}</msg>
<arg>${json_data['results'][0]}</arg>
<doc>Logs the given message with the given level.</doc>
<status status="PASS" start="2024-04-23T14:13:31.991908" elapsed="0.000435"/>
</kw>
<kw name="Log" owner="BuiltIn">
<msg time="2024-04-23T14:13:31.992783" level="INFO">gender</msg>
<arg>${key}</arg>
<doc>Logs the given message with the given level.</doc>
<status status="PASS" start="2024-04-23T14:13:31.992654" elapsed="0.000168"/>
</kw>
<var name="${key}">gender</var>
<status status="PASS" start="2024-04-23T14:13:31.990942" elapsed="0.002111"/>
</iter>
<iter>
<kw name="Dictionary Should Contain Key" owner="Collections">
<msg time="2024-04-23T14:13:31.993838" level="INFO">False</msg>
<arg>${json_data['results'][0]}</arg>
<arg>${key}</arg>
<doc>Fails if ``key`` is not found from ``dictionary``.</doc>
<status status="PASS" start="2024-04-23T14:13:31.993384" elapsed="0.000495"/>
</kw>
<kw name="Log" owner="BuiltIn">
<msg time="2024-04-23T14:13:31.994657" level="INFO">{'gender': 'male', 'name': {'title': 'Mr', 'first': 'Guillaume', 'last': 'Hagendijk'}, 'location': {'street': {'number': 8170, 'name': 'Burgemeester G. Bosstraat'}, 'city': 'Gorinchem', 'state': 'Zuid-Holland', 'country': 'Netherlands', 'postcode': '6446 NL', 'coordinates': {'latitude': '31.5273', 'longitude': '-63.0202'}, 'timezone': {'offset': '-11:00', 'description': 'Midway Island, Samoa'}}, 'email': 'guillaume.hagendijk@example.com', 'login': {'uuid': '540d34fa-010c-486f-b45b-d74747beaa92', 'username': 'goldenpeacock854', 'password': 'cramps', 'salt': 'cfbWFA9m', 'md5': '96a6da0d6d08be735fee3839d5bc1fb3', 'sha1': 'deac4cc6f5cf57d94d26e2cb7cd2bc8ed09fe473', 'sha256': 'b0c37a873cf3e249500d447f8534601b448b8bf4043677bfaa424d6211c787fa'}, 'dob': {'date': '1970-05-17T18:54:19.094Z', 'age': 53}, 'registered': {'date': '2007-05-31T08:49:26.675Z', 'age': 16}, 'phone': '(0973) 323971', 'cell': '(06) 46914164', 'id': {'name': 'BSN', 'value': '95589010'}, 'picture': {'large': 'https://randomuser.me/api/portraits/men/45.jpg', 'medium': 'https://randomuser.me/api/portraits/med/men/45.jpg', 'thumbnail': 'https://randomuser.me/api/portraits/thumb/men/45.jpg'}, 'nat': 'NL'}</msg>
<arg>${json_data['results'][0]}</arg>
<doc>Logs the given message with the given level.</doc>
<status status="PASS" start="2024-04-23T14:13:31.994271" elapsed="0.000436"/>
</kw>
<kw name="Log" owner="BuiltIn">
<msg time="2024-04-23T14:13:31.995137" level="INFO">name</msg>
<arg>${key}</arg>
<doc>Logs the given message with the given level.</doc>
<status status="PASS" start="2024-04-23T14:13:31.995010" elapsed="0.000164"/>
</kw>
<var name="${key}">name</var>
<status status="PASS" start="2024-04-23T14:13:31.993256" elapsed="0.002132"/>
</iter>
<iter>
<kw name="Dictionary Should Contain Key" owner="Collections">
<msg time="2024-04-23T14:13:31.996093" level="INFO">False</msg>
<arg>${json_data['results'][0]}</arg>
<arg>${key}</arg>
<doc>Fails if ``key`` is not found from ``dictionary``.</doc>
<status status="PASS" start="2024-04-23T14:13:31.995694" elapsed="0.000437"/>
</kw>
<kw name="Log" owner="BuiltIn">
<msg time="2024-04-23T14:13:31.996803" level="INFO">{'gender': 'male', 'name': {'title': 'Mr', 'first': 'Guillaume', 'last': 'Hagendijk'}, 'location': {'street': {'number': 8170, 'name': 'Burgemeester G. Bosstraat'}, 'city': 'Gorinchem', 'state': 'Zuid-Holland', 'country': 'Netherlands', 'postcode': '6446 NL', 'coordinates': {'latitude': '31.5273', 'longitude': '-63.0202'}, 'timezone': {'offset': '-11:00', 'description': 'Midway Island, Samoa'}}, 'email': 'guillaume.hagendijk@example.com', 'login': {'uuid': '540d34fa-010c-486f-b45b-d74747beaa92', 'username': 'goldenpeacock854', 'password': 'cramps', 'salt': 'cfbWFA9m', 'md5': '96a6da0d6d08be735fee3839d5bc1fb3', 'sha1': 'deac4cc6f5cf57d94d26e2cb7cd2bc8ed09fe473', 'sha256': 'b0c37a873cf3e249500d447f8534601b448b8bf4043677bfaa424d6211c787fa'}, 'dob': {'date': '1970-05-17T18:54:19.094Z', 'age': 53}, 'registered': {'date': '2007-05-31T08:49:26.675Z', 'age': 16}, 'phone': '(0973) 323971', 'cell': '(06) 46914164', 'id': {'name': 'BSN', 'value': '95589010'}, 'picture': {'large': 'https://randomuser.me/api/portraits/men/45.jpg', 'medium': 'https://randomuser.me/api/portraits/med/men/45.jpg', 'thumbnail': 'https://randomuser.me/api/portraits/thumb/men/45.jpg'}, 'nat': 'NL'}</msg>
<arg>${json_data['results'][0]}</arg>
<doc>Logs the given message with the given level.</doc>
<status status="PASS" start="2024-04-23T14:13:31.996431" elapsed="0.000419"/>
</kw>
<kw name="Log" owner="BuiltIn">
<msg time="2024-04-23T14:13:31.997271" level="INFO">location</msg>
<arg>${key}</arg>
<doc>Logs the given message with the given level.</doc>
<status status="PASS" start="2024-04-23T14:13:31.997146" elapsed="0.000162"/>
</kw>
<var name="${key}">location</var>
<status status="PASS" start="2024-04-23T14:13:31.995578" elapsed="0.001944"/>
</iter>
<iter>
<kw name="Dictionary Should Contain Key" owner="Collections">
<msg time="2024-04-23T14:13:31.998260" level="INFO">False</msg>
<arg>${json_data['results'][0]}</arg>
<arg>${key}</arg>
<doc>Fails if ``key`` is not found from ``dictionary``.</doc>
<status status="PASS" start="2024-04-23T14:13:31.997814" elapsed="0.000486"/>
</kw>
<kw name="Log" owner="BuiltIn">
<msg time="2024-04-23T14:13:31.998967" level="INFO">{'gender': 'male', 'name': {'title': 'Mr', 'first': 'Guillaume', 'last': 'Hagendijk'}, 'location': {'street': {'number': 8170, 'name': 'Burgemeester G. Bosstraat'}, 'city': 'Gorinchem', 'state': 'Zuid-Holland', 'country': 'Netherlands', 'postcode': '6446 NL', 'coordinates': {'latitude': '31.5273', 'longitude': '-63.0202'}, 'timezone': {'offset': '-11:00', 'description': 'Midway Island, Samoa'}}, 'email': 'guillaume.hagendijk@example.com', 'login': {'uuid': '540d34fa-010c-486f-b45b-d74747beaa92', 'username': 'goldenpeacock854', 'password': 'cramps', 'salt': 'cfbWFA9m', 'md5': '96a6da0d6d08be735fee3839d5bc1fb3', 'sha1': 'deac4cc6f5cf57d94d26e2cb7cd2bc8ed09fe473', 'sha256': 'b0c37a873cf3e249500d447f8534601b448b8bf4043677bfaa424d6211c787fa'}, 'dob': {'date': '1970-05-17T18:54:19.094Z', 'age': 53}, 'registered': {'date': '2007-05-31T08:49:26.675Z', 'age': 16}, 'phone': '(0973) 323971', 'cell': '(06) 46914164', 'id': {'name': 'BSN', 'value': '95589010'}, 'picture': {'large': 'https://randomuser.me/api/portraits/men/45.jpg', 'medium': 'https://randomuser.me/api/portraits/med/men/45.jpg', 'thumbnail': 'https://randomuser.me/api/portraits/thumb/men/45.jpg'}, 'nat': 'NL'}</msg>
<arg>${json_data['results'][0]}</arg>
<doc>Logs the given message with the given level.</doc>
<status status="PASS" start="2024-04-23T14:13:31.998605" elapsed="0.000410"/>
</kw>
<kw name="Log" owner="BuiltIn">
<msg time="2024-04-23T14:13:31.999436" level="INFO">email</msg>
<arg>${key}</arg>
<doc>Logs the given message with the given level.</doc>
<status status="PASS" start="2024-04-23T14:13:31.999308" elapsed="0.000166"/>
</kw>
<var name="${key}">email</var>
<status status="PASS" start="2024-04-23T14:13:31.997699" elapsed="0.001987"/>
</iter>
<iter>
<kw name="Dictionary Should Contain Key" owner="Collections">
<msg time="2024-04-23T14:13:32.000362" level="INFO">False</msg>
<arg>${json_data['results'][0]}</arg>
<arg>${key}</arg>
<doc>Fails if ``key`` is not found from ``dictionary``.</doc>
<status status="PASS" start="2024-04-23T14:13:31.999972" elapsed="0.000428"/>
</kw>
<kw name="Log" owner="BuiltIn">
<msg time="2024-04-23T14:13:32.001061" level="INFO">{'gender': 'male', 'name': {'title': 'Mr', 'first': 'Guillaume', 'last': 'Hagendijk'}, 'location': {'street': {'number': 8170, 'name': 'Burgemeester G. Bosstraat'}, 'city': 'Gorinchem', 'state': 'Zuid-Holland', 'country': 'Netherlands', 'postcode': '6446 NL', 'coordinates': {'latitude': '31.5273', 'longitude': '-63.0202'}, 'timezone': {'offset': '-11:00', 'description': 'Midway Island, Samoa'}}, 'email': 'guillaume.hagendijk@example.com', 'login': {'uuid': '540d34fa-010c-486f-b45b-d74747beaa92', 'username': 'goldenpeacock854', 'password': 'cramps', 'salt': 'cfbWFA9m', 'md5': '96a6da0d6d08be735fee3839d5bc1fb3', 'sha1': 'deac4cc6f5cf57d94d26e2cb7cd2bc8ed09fe473', 'sha256': 'b0c37a873cf3e249500d447f8534601b448b8bf4043677bfaa424d6211c787fa'}, 'dob': {'date': '1970-05-17T18:54:19.094Z', 'age': 53}, 'registered': {'date': '2007-05-31T08:49:26.675Z', 'age': 16}, 'phone': '(0973) 323971', 'cell': '(06) 46914164', 'id': {'name': 'BSN', 'value': '95589010'}, 'picture': {'large': 'https://randomuser.me/api/portraits/men/45.jpg', 'medium': 'https://randomuser.me/api/portraits/med/men/45.jpg', 'thumbnail': 'https://randomuser.me/api/portraits/thumb/men/45.jpg'}, 'nat': 'NL'}</msg>
<arg>${json_data['results'][0]}</arg>
<doc>Logs the given message with the given level.</doc>
<status status="PASS" start="2024-04-23T14:13:32.000699" elapsed="0.000412"/>
</kw>
<kw name="Log" owner="BuiltIn">
<msg time="2024-04-23T14:13:32.001531" level="INFO">login</msg>
<arg>${key}</arg>
<doc>Logs the given message with the given level.</doc>
<status status="PASS" start="2024-04-23T14:13:32.001408" elapsed="0.000194"/>
</kw>
<var name="${key}">login</var>
<status status="PASS" start="2024-04-23T14:13:31.999860" elapsed="0.001961"/>
</iter>
<var>${key}</var>
<value>@{expected_keys}</value>
<status status="PASS" start="2024-04-23T14:13:31.990733" elapsed="0.011232"/>
</for>
<kw name="Create List" owner="BuiltIn">
<msg time="2024-04-23T14:13:32.002342" level="INFO">${expected_keysTwo} = ['username', 'password']</msg>
<var>${expected_keysTwo}</var>
<arg>username</arg>
<arg>password</arg>
<doc>Returns a list containing given items.</doc>
<status status="PASS" start="2024-04-23T14:13:32.002181" elapsed="0.000199"/>
</kw>
<for flavor="IN">
<iter>
<kw name="Dictionary Should Contain Key" owner="Collections">
<msg time="2024-04-23T14:13:32.003433" level="INFO">False</msg>
<arg>${json_data['results'][0]['login']}</arg>
<arg>${keyTwo}</arg>
<doc>Fails if ``key`` is not found from ``dictionary``.</doc>
<status status="PASS" start="2024-04-23T14:13:32.003004" elapsed="0.000467"/>
</kw>
<kw name="Dictionary Should Contain Key" owner="Collections">
<msg time="2024-04-23T14:13:32.004159" level="INFO">False</msg>
<arg>${json_data['results'][0]['login']}</arg>
<arg>${keyTwo}</arg>
<doc>Fails if ``key`` is not found from ``dictionary``.</doc>
<status status="PASS" start="2024-04-23T14:13:32.003767" elapsed="0.000429"/>
</kw>
<kw name="Log" owner="BuiltIn">
<msg time="2024-04-23T14:13:32.004616" level="INFO">username</msg>
<arg>${keyTwo}</arg>
<doc>Logs the given message with the given level.</doc>
<status status="PASS" start="2024-04-23T14:13:32.004489" elapsed="0.000169"/>
</kw>
<var name="${keyTwo}">username</var>
<status status="PASS" start="2024-04-23T14:13:32.002858" elapsed="0.002014"/>
</iter>
<iter>
<kw name="Dictionary Should Contain Key" owner="Collections">
<msg time="2024-04-23T14:13:32.005534" level="INFO">False</msg>
<arg>${json_data['results'][0]['login']}</arg>
<arg>${keyTwo}</arg>
<doc>Fails if ``key`` is not found from ``dictionary``.</doc>
<status status="PASS" start="2024-04-23T14:13:32.005151" elapsed="0.000425"/>
</kw>
<kw name="Dictionary Should Contain Key" owner="Collections">
<msg time="2024-04-23T14:13:32.006374" level="INFO">False</msg>
<arg>${json_data['results'][0]['login']}</arg>
<arg>${keyTwo}</arg>
<doc>Fails if ``key`` is not found from ``dictionary``.</doc>
<status status="PASS" start="2024-04-23T14:13:32.005868" elapsed="0.000546"/>
</kw>
<kw name="Log" owner="BuiltIn">
<msg time="2024-04-23T14:13:32.006856" level="INFO">password</msg>
<arg>${keyTwo}</arg>
<doc>Logs the given message with the given level.</doc>
<status status="PASS" start="2024-04-23T14:13:32.006721" elapsed="0.000175"/>
</kw>
<var name="${keyTwo}">password</var>
<status status="PASS" start="2024-04-23T14:13:32.005042" elapsed="0.002074"/>
</iter>
<var>${keyTwo}</var>
<value>@{expected_keysTwo}</value>
<status status="PASS" start="2024-04-23T14:13:32.002668" elapsed="0.004568"/>
</for>
<status status="PASS" start="2024-04-23T14:13:31.894126" elapsed="0.113255"/>
</kw>
<doc>Testa a estrutura da resposta da API.</doc>
<tag>testeEstruturaResposta</tag>
<status status="PASS" start="2024-04-23T14:13:31.893603" elapsed="0.113941"/>
</test>
<test id="s1-s1-t4" name="Validar tipos de dados" line="28">
<kw name="Teste de Tipos de Dados" owner="random-user-service">
<kw name="GET On Session" owner="RequestsLibrary">
<msg time="2024-04-23T14:13:32.091090" level="INFO">GET Request : url=https://randomuser.me/api 
 path_url=/api 
 headers={'User-Agent': 'python-requests/2.31.0', 'Accept-Encoding': 'gzip, deflate', 'Accept': '*/*', 'Connection': 'keep-alive'} 
 body=None 
 </msg>
<msg time="2024-04-23T14:13:32.091206" level="INFO">GET Response : url=https://randomuser.me/api 
 status=200, reason=OK 
 headers={'Date': 'Tue, 23 Apr 2024 14:13:32 GMT', 'Content-Type': 'application/json; charset=utf-8', 'Transfer-Encoding': 'chunked', 'Connection': 'keep-alive', 'X-Powered-By': 'Express', 'Access-Control-Allow-Origin': '*', 'Cache-Control': 'no-cache', 'ETag': 'W/"4a2-wzDzS4DFZOKyAlAXFtpjlrw8Jd0"', 'Vary': 'Accept-Encoding', 'Content-Encoding': 'gzip', 'CF-Cache-Status': 'DYNAMIC', 'Report-To': '{"endpoints":[{"url":"https:\\/\\/a.nel.cloudflare.com\\/report\\/v4?s=OdVwBCop5keAYxLoZcHUgaJt7T9JD1Wht7LyOw4nNdSIdLl7cDIDztSTS7vJu%2Fl7ovPNas2Cw0OIDggzKqhmaiQJWquXNbZYU8bXBDkHkNTPYftx%2F1IelRB0ce9BAMab"}],"group":"cf-nel","max_age":604800}', 'NEL': '{"success_fraction":0,"report_to":"cf-nel","max_age":604800}', 'Server': 'cloudflare', 'CF-RAY': '878e746b1d39e14f-ORD', 'alt-svc': 'h3=":443"; ma=86400'} 
 body={"results":[{"gender":"male","name":{"title":"Mr","first":"David","last":"Davis"},"location":{"street":{"number":1597,"name":"North Street"},"city":"Plymouth","state":"Strathclyde","country":"United Kingdom","postcode":"H49 1JB","coordinates":{"latitude":"-10.8466","longitude":"-133.4024"},"timezone":{"offset":"+11:00","description":"Magadan, Solomon Islands, New Caledonia"}},"email":"david.davis@example.com","login":{"uuid":"33f28ad8-a4ea-4015-8f34-e3b6df270eef","username":"blueelephant936","password":"yogibear","salt":"Pq4NcfvG","md5":"dc65b73c608061a412c3a8942cd96d3b","sha1":"3eadb819838c037673d5193ff0d5e63029e45248","sha256":"d4f10c2ad7c2a41c4a700bb4982e4e02e9e15104585635f3f0f857b2d18f9348"},"dob":{"date":"1955-08-28T00:58:55.483Z","age":68},"registered":{"date":"2017-01-17T23:25:39.590Z","age":7},"phone":"015395 97287","cell":"07721 090052","id":{"name":"NINO","value":"CP 35 76 24 L"},"picture":{"large":"https://randomuser.me/api/portraits/men/40.jpg","medium":"https://randomuser.me/api/portraits/med/men/40.jpg","thumbnail":"https://randomuser.me/api/portraits/thumb/men/40.jpg"},"nat":"GB"}],"info":{"seed":"cf977baf966881b5","results":1,"page":1,"version":"1.4"}} 
 </msg>
<msg time="2024-04-23T14:13:32.091296" level="INFO">/opt/hostedtoolcache/Python/3.12.3/x64/lib/python3.12/site-packages/urllib3/connectionpool.py:1103: InsecureRequestWarning: Unverified HTTPS request is being made to host 'randomuser.me'. Adding certificate verification is strongly advised. See: https://urllib3.readthedocs.io/en/latest/advanced-usage.html#tls-warnings
  warnings.warn(</msg>
<msg time="2024-04-23T14:13:32.091462" level="INFO">${response} = &lt;Response [200]&gt;</msg>
<var>${response}</var>
<arg>consultarAPI</arg>
<arg>/api</arg>
<doc>Sends a GET request on a previously created HTTP Session.</doc>
<status status="PASS" start="2024-04-23T14:13:32.010060" elapsed="0.081464"/>
</kw>
<kw name="Set Variable" owner="BuiltIn">
<msg time="2024-04-23T14:13:32.092641" level="INFO">${json_data} = {'results': [{'gender': 'male', 'name': {'title': 'Mr', 'first': 'David', 'last': 'Davis'}, 'location': {'street': {'number': 1597, 'name': 'North Street'}, 'city': 'Plymouth', 'state': 'Strathclyde',...</msg>
<var>${json_data}</var>
<arg>${response.json()}</arg>
<doc>Returns the given values which can then be assigned to a variables.</doc>
<status status="PASS" start="2024-04-23T14:13:32.092081" elapsed="0.000590"/>
</kw>
<kw name="Log" owner="BuiltIn">
<msg time="2024-04-23T14:13:32.093253" level="INFO">{'results': [{'gender': 'male', 'name': {'title': 'Mr', 'first': 'David', 'last': 'Davis'}, 'location': {'street': {'number': 1597, 'name': 'North Street'}, 'city': 'Plymouth', 'state': 'Strathclyde', 'country': 'United Kingdom', 'postcode': 'H49 1JB', 'coordinates': {'latitude': '-10.8466', 'longitude': '-133.4024'}, 'timezone': {'offset': '+11:00', 'description': 'Magadan, Solomon Islands, New Caledonia'}}, 'email': 'david.davis@example.com', 'login': {'uuid': '33f28ad8-a4ea-4015-8f34-e3b6df270eef', 'username': 'blueelephant936', 'password': 'yogibear', 'salt': 'Pq4NcfvG', 'md5': 'dc65b73c608061a412c3a8942cd96d3b', 'sha1': '3eadb819838c037673d5193ff0d5e63029e45248', 'sha256': 'd4f10c2ad7c2a41c4a700bb4982e4e02e9e15104585635f3f0f857b2d18f9348'}, 'dob': {'date': '1955-08-28T00:58:55.483Z', 'age': 68}, 'registered': {'date': '2017-01-17T23:25:39.590Z', 'age': 7}, 'phone': '015395 97287', 'cell': '07721 090052', 'id': {'name': 'NINO', 'value': 'CP 35 76 24 L'}, 'picture': {'large': 'https://randomuser.me/api/portraits/men/40.jpg', 'medium': 'https://randomuser.me/api/portraits/med/men/40.jpg', 'thumbnail': 'https://randomuser.me/api/portraits/thumb/men/40.jpg'}, 'nat': 'GB'}], 'info': {'seed': 'cf977baf966881b5', 'results': 1, 'page': 1, 'version': '1.4'}}</msg>
<arg>${json_data}</arg>
<doc>Logs the given message with the given level.</doc>
<status status="PASS" start="2024-04-23T14:13:32.093060" elapsed="0.000286"/>
</kw>
<kw name="Should Be String" owner="String">
<arg>${json_data['results'][0]['gender']}</arg>
<doc>Fails if the given ``item`` is not a string.</doc>
<status status="PASS" start="2024-04-23T14:13:32.093701" elapsed="0.000449"/>
</kw>
<kw name="Should Match Regexp" owner="BuiltIn">
<arg>${json_data['results'][0]['email']}</arg>
<arg>^[a-zA-Z0-9._%+-]+@[a-zA-Z0-9.-]+\.[a-zA-Z]{2,}$</arg>
<doc>Fails if ``string`` does not match ``pattern`` as a regular expression.</doc>
<status status="PASS" start="2024-04-23T14:13:32.094357" elapsed="0.000544"/>
</kw>
<kw name="Should Match Regexp" owner="BuiltIn">
<arg>${json_data['results'][0]['dob']['date']}</arg>
<arg>\\d{4}-\\d{2}-\\d{2}T\\d{2}:\\d{2}:\\d{2}\\.\\d{3}Z</arg>
<doc>Fails if ``string`` does not match ``pattern`` as a regular expression.</doc>
<status status="PASS" start="2024-04-23T14:13:32.095108" elapsed="0.000503"/>
</kw>
<kw name="Should Match Regexp" owner="BuiltIn">
<arg>${json_data['results'][0]['registered']['date']}</arg>
<arg>\\d{4}-\\d{2}-\\d{2}T\\d{2}:\\d{2}:\\d{2}\\.\\d{3}Z</arg>
<doc>Fails if ``string`` does not match ``pattern`` as a regular expression.</doc>
<status status="PASS" start="2024-04-23T14:13:32.095809" elapsed="0.000375"/>
</kw>
<kw name="Should Match Regexp" owner="BuiltIn">
<arg>${json_data['results'][0]['picture']['large']}</arg>
<arg>^https?://.*\.(?:png|jpe?g|gif|bmp)$</arg>
<doc>Fails if ``string`` does not match ``pattern`` as a regular expression.</doc>
<status status="PASS" start="2024-04-23T14:13:32.096374" elapsed="0.000469"/>
</kw>
<kw name="Should Match Regexp" owner="BuiltIn">
<arg>${json_data['results'][0]['picture']['medium']}</arg>
<arg>^https?://.*\.(?:png|jpe?g|gif|bmp)$</arg>
<doc>Fails if ``string`` does not match ``pattern`` as a regular expression.</doc>
<status status="PASS" start="2024-04-23T14:13:32.097039" elapsed="0.000365"/>
</kw>
<kw name="Should Match Regexp" owner="BuiltIn">
<arg>${json_data['results'][0]['picture']['thumbnail']}</arg>
<arg>^https?://.*\.(?:png|jpe?g|gif|bmp)$</arg>
<doc>Fails if ``string`` does not match ``pattern`` as a regular expression.</doc>
<status status="PASS" start="2024-04-23T14:13:32.097596" elapsed="0.000391"/>
</kw>
<kw name="Log" owner="BuiltIn">
<msg time="2024-04-23T14:13:32.098518" level="INFO">{'large': 'https://randomuser.me/api/portraits/men/40.jpg', 'medium': 'https://randomuser.me/api/portraits/med/men/40.jpg', 'thumbnail': 'https://randomuser.me/api/portraits/thumb/men/40.jpg'}</msg>
<arg>${json_data['results'][0]['picture']}</arg>
<doc>Logs the given message with the given level.</doc>
<status status="PASS" start="2024-04-23T14:13:32.098181" elapsed="0.000380"/>
</kw>
<status status="PASS" start="2024-04-23T14:13:32.009784" elapsed="0.089076"/>
</kw>
<kw name="Teste de Tipos de Dados - Postcode" owner="random-user-service">
<kw name="GET On Session" owner="RequestsLibrary">
<msg time="2024-04-23T14:13:32.187223" level="INFO">GET Request : url=https://randomuser.me/api 
 path_url=/api 
 headers={'User-Agent': 'python-requests/2.31.0', 'Accept-Encoding': 'gzip, deflate', 'Accept': '*/*', 'Connection': 'keep-alive'} 
 body=None 
 </msg>
<msg time="2024-04-23T14:13:32.187337" level="INFO">GET Response : url=https://randomuser.me/api 
 status=200, reason=OK 
 headers={'Date': 'Tue, 23 Apr 2024 14:13:32 GMT', 'Content-Type': 'application/json; charset=utf-8', 'Transfer-Encoding': 'chunked', 'Connection': 'keep-alive', 'X-Powered-By': 'Express', 'Access-Control-Allow-Origin': '*', 'Cache-Control': 'no-cache', 'ETag': 'W/"49f-g4r1v1OwrBJK/NQQ0a2Prw1xwD4"', 'Vary': 'Accept-Encoding', 'Content-Encoding': 'gzip', 'CF-Cache-Status': 'DYNAMIC', 'Report-To': '{"endpoints":[{"url":"https:\\/\\/a.nel.cloudflare.com\\/report\\/v4?s=waNUJn3QKsk%2Fdb%2BOppaNdp8mD1Or3qxGTNQxDgOp4TrgJcl3q5EE26mDUBqeAnhz6Adt3f9%2B605qrC7%2Fe9PwjLFfyitlqZu4XxvVY79GUmyo7oDOWW2RxjYsSRVKgylP"}],"group":"cf-nel","max_age":604800}', 'NEL': '{"success_fraction":0,"report_to":"cf-nel","max_age":604800}', 'Server': 'cloudflare', 'CF-RAY': '878e746bae37e14f-ORD', 'alt-svc': 'h3=":443"; ma=86400'} 
 body={"results":[{"gender":"male","name":{"title":"Mr","first":"Emil","last":"Valli"},"location":{"street":{"number":902,"name":"Rautatienkatu"},"city":"Haapavesi","state":"Northern Ostrobothnia","country":"Finland","postcode":58166,"coordinates":{"latitude":"-24.0745","longitude":"-172.5795"},"timezone":{"offset":"+8:00","description":"Beijing, Perth, Singapore, Hong Kong"}},"email":"emil.valli@example.com","login":{"uuid":"4ed1a068-f38f-486f-84aa-459c3212edf6","username":"purplemouse375","password":"darkside","salt":"9mG9FA9G","md5":"4647aae2e8588fd422bc767e75903fdf","sha1":"30974b3614ef73a7b56f2d75990c303e1a185f05","sha256":"d354151ef8292023fd31bbabc377e18bec6e477c50e119f0fc2fe0ff95c6d2ab"},"dob":{"date":"1964-06-03T02:14:29.393Z","age":59},"registered":{"date":"2013-08-21T17:08:01.719Z","age":10},"phone":"03-101-989","cell":"043-103-50-79","id":{"name":"HETU","value":"NaNNA883undefined"},"picture":{"large":"https://randomuser.me/api/portraits/men/78.jpg","medium":"https://randomuser.me/api/portraits/med/men/78.jpg","thumbnail":"https://randomuser.me/api/portraits/thumb/men/78.jpg"},"nat":"FI"}],"info":{"seed":"556bdac0e07d5c7a","results":1,"page":1,"version":"1.4"}} 
 </msg>
<msg time="2024-04-23T14:13:32.187419" level="INFO">/opt/hostedtoolcache/Python/3.12.3/x64/lib/python3.12/site-packages/urllib3/connectionpool.py:1103: InsecureRequestWarning: Unverified HTTPS request is being made to host 'randomuser.me'. Adding certificate verification is strongly advised. See: https://urllib3.readthedocs.io/en/latest/advanced-usage.html#tls-warnings
  warnings.warn(</msg>
<msg time="2024-04-23T14:13:32.187580" level="INFO">${response} = &lt;Response [200]&gt;</msg>
<var>${response}</var>
<arg>consultarAPI</arg>
<arg>/api</arg>
<doc>Sends a GET request on a previously created HTTP Session.</doc>
<status status="PASS" start="2024-04-23T14:13:32.099348" elapsed="0.088278"/>
</kw>
<kw name="Set Variable" owner="BuiltIn">
<msg time="2024-04-23T14:13:32.188674" level="INFO">${json_data} = {'results': [{'gender': 'male', 'name': {'title': 'Mr', 'first': 'Emil', 'last': 'Valli'}, 'location': {'street': {'number': 902, 'name': 'Rautatienkatu'}, 'city': 'Haapavesi', 'state': 'Northern Ostr...</msg>
<var>${json_data}</var>
<arg>${response.json()}</arg>
<doc>Returns the given values which can then be assigned to a variables.</doc>
<status status="PASS" start="2024-04-23T14:13:32.188129" elapsed="0.000574"/>
</kw>
<kw name="Log" owner="BuiltIn">
<msg time="2024-04-23T14:13:32.189217" level="INFO">{'results': [{'gender': 'male', 'name': {'title': 'Mr', 'first': 'Emil', 'last': 'Valli'}, 'location': {'street': {'number': 902, 'name': 'Rautatienkatu'}, 'city': 'Haapavesi', 'state': 'Northern Ostrobothnia', 'country': 'Finland', 'postcode': 58166, 'coordinates': {'latitude': '-24.0745', 'longitude': '-172.5795'}, 'timezone': {'offset': '+8:00', 'description': 'Beijing, Perth, Singapore, Hong Kong'}}, 'email': 'emil.valli@example.com', 'login': {'uuid': '4ed1a068-f38f-486f-84aa-459c3212edf6', 'username': 'purplemouse375', 'password': 'darkside', 'salt': '9mG9FA9G', 'md5': '4647aae2e8588fd422bc767e75903fdf', 'sha1': '30974b3614ef73a7b56f2d75990c303e1a185f05', 'sha256': 'd354151ef8292023fd31bbabc377e18bec6e477c50e119f0fc2fe0ff95c6d2ab'}, 'dob': {'date': '1964-06-03T02:14:29.393Z', 'age': 59}, 'registered': {'date': '2013-08-21T17:08:01.719Z', 'age': 10}, 'phone': '03-101-989', 'cell': '043-103-50-79', 'id': {'name': 'HETU', 'value': 'NaNNA883undefined'}, 'picture': {'large': 'https://randomuser.me/api/portraits/men/78.jpg', 'medium': 'https://randomuser.me/api/portraits/med/men/78.jpg', 'thumbnail': 'https://randomuser.me/api/portraits/thumb/men/78.jpg'}, 'nat': 'FI'}], 'info': {'seed': '556bdac0e07d5c7a', 'results': 1, 'page': 1, 'version': '1.4'}}</msg>
<arg>${json_data}</arg>
<doc>Logs the given message with the given level.</doc>
<status status="PASS" start="2024-04-23T14:13:32.189050" elapsed="0.000253"/>
</kw>
<kw name="Should Be Equal As Numbers" owner="BuiltIn">
<arg>${json_data['results'][0]['location']['postcode']}</arg>
<arg>${json_data['results'][0]['location']['postcode']}</arg>
<doc>Fails if objects are unequal after converting them to real numbers.</doc>
<status status="PASS" start="2024-04-23T14:13:32.189617" elapsed="0.000863"/>
</kw>
<kw name="Log" owner="BuiltIn">
<msg time="2024-04-23T14:13:32.191026" level="INFO">58166</msg>
<arg>${json_data['results'][0]['location']['postcode']}</arg>
<doc>Logs the given message with the given level.</doc>
<status status="PASS" start="2024-04-23T14:13:32.190683" elapsed="0.000384"/>
</kw>
<status status="PASS" start="2024-04-23T14:13:32.099100" elapsed="0.092225"/>
</kw>
<doc>Testa se os tipos de dados na resposta da API estão corretos.</doc>
<tag>testeTiposDados</tag>
<status status="PASS" start="2024-04-23T14:13:32.009288" elapsed="0.182208"/>
</test>
<test id="s1-s1-t5" name="Validar conteudo" line="35">
<kw name="Teste de Tipos de Conteudo" owner="random-user-service">
<kw name="GET On Session" owner="RequestsLibrary">
<msg time="2024-04-23T14:13:32.287931" level="INFO">GET Request : url=https://randomuser.me/api 
 path_url=/api 
 headers={'User-Agent': 'python-requests/2.31.0', 'Accept-Encoding': 'gzip, deflate', 'Accept': '*/*', 'Connection': 'keep-alive'} 
 body=None 
 </msg>
<msg time="2024-04-23T14:13:32.288022" level="INFO">GET Response : url=https://randomuser.me/api 
 status=200, reason=OK 
 headers={'Date': 'Tue, 23 Apr 2024 14:13:32 GMT', 'Content-Type': 'application/json; charset=utf-8', 'Transfer-Encoding': 'chunked', 'Connection': 'keep-alive', 'X-Powered-By': 'Express', 'Access-Control-Allow-Origin': '*', 'Cache-Control': 'no-cache', 'ETag': 'W/"498-VMJoAkSUMd+9ucLPe4dJwGDYhMY"', 'Vary': 'Accept-Encoding', 'Content-Encoding': 'gzip', 'CF-Cache-Status': 'DYNAMIC', 'Report-To': '{"endpoints":[{"url":"https:\\/\\/a.nel.cloudflare.com\\/report\\/v4?s=prE9pEYWPD3Gd%2F3l04qbRCiVehCd5zB8ePS2mJcSL%2FchieNeOeH2aHCxF7DqPZntRuOkAYokRxpTD5QV3X7ougCuZ9j3XF7eNMD52sIKFQBqq5XjM7hO6P%2BsTPiRydaH"}],"group":"cf-nel","max_age":604800}', 'NEL': '{"success_fraction":0,"report_to":"cf-nel","max_age":604800}', 'Server': 'cloudflare', 'CF-RAY': '878e746c3f07e14f-ORD', 'alt-svc': 'h3=":443"; ma=86400'} 
 body={"results":[{"gender":"female","name":{"title":"Ms","first":"Justine","last":"Mackay"},"location":{"street":{"number":3737,"name":"Wellington St"},"city":"Carleton","state":"Ontario","country":"Canada","postcode":"W6Z 9D7","coordinates":{"latitude":"-70.6798","longitude":"151.4711"},"timezone":{"offset":"+8:00","description":"Beijing, Perth, Singapore, Hong Kong"}},"email":"justine.mackay@example.com","login":{"uuid":"a9cd5f2a-2164-4643-9353-973718a7b119","username":"bluemeercat548","password":"enternow","salt":"expytoLn","md5":"e12c5bffd2e010f57da22466efb95d27","sha1":"1e9250759779088b65f8fd92182b1dad52660642","sha256":"a39ce5373b57f570b0286b12536e5f6c161278be6581f780789ef7e5292e8828"},"dob":{"date":"1958-03-04T11:43:03.160Z","age":66},"registered":{"date":"2011-07-23T06:12:11.493Z","age":12},"phone":"N64 T00-6954","cell":"I12 A27-8304","id":{"name":"SIN","value":"398038745"},"picture":{"large":"https://randomuser.me/api/portraits/women/8.jpg","medium":"https://randomuser.me/api/portraits/med/women/8.jpg","thumbnail":"https://randomuser.me/api/portraits/thumb/women/8.jpg"},"nat":"CA"}],"info":{"seed":"ad08fb1b63ff8a32","results":1,"page":1,"version":"1.4"}} 
 </msg>
<msg time="2024-04-23T14:13:32.288091" level="INFO">/opt/hostedtoolcache/Python/3.12.3/x64/lib/python3.12/site-packages/urllib3/connectionpool.py:1103: InsecureRequestWarning: Unverified HTTPS request is being made to host 'randomuser.me'. Adding certificate verification is strongly advised. See: https://urllib3.readthedocs.io/en/latest/advanced-usage.html#tls-warnings
  warnings.warn(</msg>
<msg time="2024-04-23T14:13:32.288225" level="INFO">${response} = &lt;Response [200]&gt;</msg>
<var>${response}</var>
<arg>consultarAPI</arg>
<arg>/api</arg>
<doc>Sends a GET request on a previously created HTTP Session.</doc>
<status status="PASS" start="2024-04-23T14:13:32.193973" elapsed="0.094294"/>
</kw>
<kw name="Set Variable" owner="BuiltIn">
<msg time="2024-04-23T14:13:32.289266" level="INFO">${json_data} = {'results': [{'gender': 'female', 'name': {'title': 'Ms', 'first': 'Justine', 'last': 'Mackay'}, 'location': {'street': {'number': 3737, 'name': 'Wellington St'}, 'city': 'Carleton', 'state': 'Ontario...</msg>
<var>${json_data}</var>
<arg>${response.json()}</arg>
<doc>Returns the given values which can then be assigned to a variables.</doc>
<status status="PASS" start="2024-04-23T14:13:32.288748" elapsed="0.000547"/>
</kw>
<kw name="Set Variable" owner="BuiltIn">
<msg time="2024-04-23T14:13:32.290078" level="INFO">${name_title} = Ms</msg>
<var>${name_title}</var>
<arg>${json_data["results"][0]["name"]["title"]}</arg>
<doc>Returns the given values which can then be assigned to a variables.</doc>
<status status="PASS" start="2024-04-23T14:13:32.289634" elapsed="0.000471"/>
</kw>
<kw name="Create List" owner="BuiltIn">
<msg time="2024-04-23T14:13:32.290577" level="INFO">${allowed_titles} = ['Mr', 'Ms', 'Miss', 'Mrs', 'Madame', 'Monsieur']</msg>
<var>${allowed_titles}</var>
<arg>Mr</arg>
<arg>Ms</arg>
<arg>Miss</arg>
<arg>Mrs</arg>
<arg>Madame</arg>
<arg>Monsieur</arg>
<doc>Returns a list containing given items.</doc>
<status status="PASS" start="2024-04-23T14:13:32.290422" elapsed="0.000180"/>
</kw>
<kw name="List Should Contain Value" owner="Collections">
<msg time="2024-04-23T14:13:32.291090" level="INFO">False</msg>
<arg>${allowed_titles}</arg>
<arg>${name_title}</arg>
<doc>Fails if the ``value`` is not found from ``list``.</doc>
<status status="PASS" start="2024-04-23T14:13:32.290912" elapsed="0.000215"/>
</kw>
<kw name="Set Variable" owner="BuiltIn">
<msg time="2024-04-23T14:13:32.291816" level="INFO">${name_country} = CA</msg>
<var>${name_country}</var>
<arg>${json_data["results"][0]["nat"]}</arg>
<doc>Returns the given values which can then be assigned to a variables.</doc>
<status status="PASS" start="2024-04-23T14:13:32.291421" elapsed="0.000421"/>
</kw>
<kw name="Create List" owner="BuiltIn">
<msg time="2024-04-23T14:13:32.292735" level="INFO">${list_country} = ['AD', 'AE', 'AF', 'AG', 'AI', 'AL', 'AM', 'AO', 'AQ', 'AR', 'AS', 'AT', 'AU', 'AW', 'AX', 'AZ', 'BA', 'BB', 'BD', 'BE', 'BF', 'BG', 'BH', 'BI', 'BJ', 'BL', 'BM', 'BN', 'BO', 'BQ', 'BR', 'BS', 'BT', '...</msg>
<var>${list_country}</var>
<arg>AD</arg>
<arg>AE</arg>
<arg>AF</arg>
<arg>AG</arg>
<arg>AI</arg>
<arg>AL</arg>
<arg>AM</arg>
<arg>AO</arg>
<arg>AQ</arg>
<arg>AR</arg>
<arg>AS</arg>
<arg>AT</arg>
<arg>AU</arg>
<arg>AW</arg>
<arg>AX</arg>
<arg>AZ</arg>
<arg>BA</arg>
<arg>BB</arg>
<arg>BD</arg>
<arg>BE</arg>
<arg>BF</arg>
<arg>BG</arg>
<arg>BH</arg>
<arg>BI</arg>
<arg>BJ</arg>
<arg>BL</arg>
<arg>BM</arg>
<arg>BN</arg>
<arg>BO</arg>
<arg>BQ</arg>
<arg>BR</arg>
<arg>BS</arg>
<arg>BT</arg>
<arg>BV</arg>
<arg>BW</arg>
<arg>BY</arg>
<arg>BZ</arg>
<arg>CA</arg>
<arg>CC</arg>
<arg>CD</arg>
<arg>CF</arg>
<arg>CG</arg>
<arg>CH</arg>
<arg>CI</arg>
<arg>CK</arg>
<arg>CL</arg>
<arg>CM</arg>
<arg>CN</arg>
<arg>CO</arg>
<arg>CR</arg>
<arg>CU</arg>
<arg>CV</arg>
<arg>CW</arg>
<arg>CX</arg>
<arg>CY</arg>
<arg>CZ</arg>
<arg>DE</arg>
<arg>DJ</arg>
<arg>DK</arg>
<arg>DM</arg>
<arg>DO</arg>
<arg>DZ</arg>
<arg>EC</arg>
<arg>EE</arg>
<arg>EG</arg>
<arg>EH</arg>
<arg>ER</arg>
<arg>ES</arg>
<arg>ET</arg>
<arg>FI</arg>
<arg>FJ</arg>
<arg>FK</arg>
<arg>FM</arg>
<arg>FO</arg>
<arg>FR</arg>
<arg>GA</arg>
<arg>GB</arg>
<arg>GD</arg>
<arg>GE</arg>
<arg>GF</arg>
<arg>GG</arg>
<arg>GH</arg>
<arg>GI</arg>
<arg>GL</arg>
<arg>GM</arg>
<arg>GN</arg>
<arg>GP</arg>
<arg>GQ</arg>
<arg>GR</arg>
<arg>GS</arg>
<arg>GT</arg>
<arg>GU</arg>
<arg>GW</arg>
<arg>GY</arg>
<arg>HK</arg>
<arg>HM</arg>
<arg>HN</arg>
<arg>HR</arg>
<arg>HT</arg>
<arg>HU</arg>
<arg>ID</arg>
<arg>IE</arg>
<arg>IL</arg>
<arg>IM</arg>
<arg>IN</arg>
<arg>IO</arg>
<arg>IQ</arg>
<arg>IR</arg>
<arg>IS</arg>
<arg>IT</arg>
<arg>JE</arg>
<arg>JM</arg>
<arg>JO</arg>
<arg>JP</arg>
<arg>KE</arg>
<arg>KG</arg>
<arg>KH</arg>
<arg>KI</arg>
<arg>KM</arg>
<arg>KN</arg>
<arg>KP</arg>
<arg>KR</arg>
<arg>KW</arg>
<arg>KY</arg>
<arg>KZ</arg>
<arg>LA</arg>
<arg>LB</arg>
<arg>LC</arg>
<arg>LI</arg>
<arg>LK</arg>
<arg>LR</arg>
<arg>LS</arg>
<arg>LT</arg>
<arg>LU</arg>
<arg>LV</arg>
<arg>LY</arg>
<arg>MA</arg>
<arg>MC</arg>
<arg>MD</arg>
<arg>ME</arg>
<arg>MF</arg>
<arg>MG</arg>
<arg>MH</arg>
<arg>MK</arg>
<arg>ML</arg>
<arg>MM</arg>
<arg>MN</arg>
<arg>MO</arg>
<arg>MP</arg>
<arg>MQ</arg>
<arg>MR</arg>
<arg>MS</arg>
<arg>MT</arg>
<arg>MU</arg>
<arg>MV</arg>
<arg>MW</arg>
<arg>MX</arg>
<arg>MY</arg>
<arg>MZ</arg>
<arg>NA</arg>
<arg>NC</arg>
<arg>NE</arg>
<arg>NF</arg>
<arg>NG</arg>
<arg>NI</arg>
<arg>NL</arg>
<arg>NO</arg>
<arg>NP</arg>
<arg>NR</arg>
<arg>NU</arg>
<arg>NZ</arg>
<arg>OM</arg>
<arg>PA</arg>
<arg>PE</arg>
<arg>PF</arg>
<arg>PG</arg>
<arg>PH</arg>
<arg>PK</arg>
<arg>PL</arg>
<arg>PM</arg>
<arg>PN</arg>
<arg>PR</arg>
<arg>PS</arg>
<arg>PT</arg>
<arg>PW</arg>
<arg>PY</arg>
<arg>QA</arg>
<arg>RE</arg>
<arg>RO</arg>
<arg>RS</arg>
<arg>RU</arg>
<arg>RW</arg>
<arg>SA</arg>
<arg>SB</arg>
<arg>SC</arg>
<arg>SD</arg>
<arg>SE</arg>
<arg>SG</arg>
<arg>SH</arg>
<arg>SI</arg>
<arg>SJ</arg>
<arg>SK</arg>
<arg>SL</arg>
<arg>SM</arg>
<arg>SN</arg>
<arg>SO</arg>
<arg>SR</arg>
<arg>SS</arg>
<arg>ST</arg>
<arg>SV</arg>
<arg>SX</arg>
<arg>SY</arg>
<arg>SZ</arg>
<arg>TC</arg>
<arg>TD</arg>
<arg>TF</arg>
<arg>TG</arg>
<arg>TH</arg>
<arg>TJ</arg>
<arg>TK</arg>
<arg>TL</arg>
<arg>TM</arg>
<arg>TN</arg>
<arg>TO</arg>
<arg>TR</arg>
<arg>TT</arg>
<arg>TV</arg>
<arg>TW</arg>
<arg>TZ</arg>
<arg>UA</arg>
<arg>UG</arg>
<arg>UM</arg>
<arg>US</arg>
<arg>UY</arg>
<arg>UZ</arg>
<arg>VA</arg>
<arg>VC</arg>
<arg>VE</arg>
<arg>VG</arg>
<arg>VI</arg>
<arg>VN</arg>
<arg>VU</arg>
<arg>WF</arg>
<arg>WS</arg>
<arg>XK</arg>
<arg>YE</arg>
<arg>YT</arg>
<arg>ZA</arg>
<arg>ZM</arg>
<arg>ZW</arg>
<doc>Returns a list containing given items.</doc>
<status status="PASS" start="2024-04-23T14:13:32.292150" elapsed="0.000611"/>
</kw>
<kw name="List Should Contain Value" owner="Collections">
<msg time="2024-04-23T14:13:32.293764" level="INFO">False</msg>
<arg>${list_country}</arg>
<arg>${name_country}</arg>
<doc>Fails if the ``value`` is not found from ``list``.</doc>
<status status="PASS" start="2024-04-23T14:13:32.293562" elapsed="0.000240"/>
</kw>
<kw name="Run Keyword If" owner="BuiltIn">
<kw name="Should Be True" owner="BuiltIn">
<arg>${True}</arg>
<doc>Fails if the given condition is not true.</doc>
<status status="PASS" start="2024-04-23T14:13:32.294928" elapsed="0.000147"/>
</kw>
<arg>${json_data["results"][0]["location"]["coordinates"]["latitude"]} &gt;= -90 and ${json_data["results"][0]["location"]["coordinates"]["latitude"]} &lt;= 90</arg>
<arg>Should Be True</arg>
<arg>${True}</arg>
<doc>Runs the given keyword with the given arguments, if ``condition`` is true.</doc>
<status status="PASS" start="2024-04-23T14:13:32.294159" elapsed="0.001046"/>
</kw>
<kw name="Run Keyword If" owner="BuiltIn">
<kw name="Should Be True" owner="BuiltIn">
<arg>${True}</arg>
<doc>Fails if the given condition is not true.</doc>
<status status="PASS" start="2024-04-23T14:13:32.296091" elapsed="0.000268"/>
</kw>
<arg>${json_data["results"][0]["location"]["coordinates"]["longitude"]} &gt;= -180 and ${json_data["results"][0]["location"]["coordinates"]["longitude"]} &lt;= 180</arg>
<arg>Should Be True</arg>
<arg>${True}</arg>
<doc>Runs the given keyword with the given arguments, if ``condition`` is true.</doc>
<status status="PASS" start="2024-04-23T14:13:32.295394" elapsed="0.001094"/>
</kw>
<status status="PASS" start="2024-04-23T14:13:32.193715" elapsed="0.102907"/>
</kw>
<doc>Testa o conteúdo específico dos campos retornados pela API.</doc>
<tag>testeConteudo</tag>
<status status="PASS" start="2024-04-23T14:13:32.193260" elapsed="0.103517"/>
</test>
<status status="PASS" start="2024-04-23T14:13:31.463588" elapsed="0.835184"/>
</suite>
<status status="PASS" start="2024-04-23T14:13:31.448573" elapsed="0.855441"/>
</suite>
<statistics>
<total>
<stat pass="5" fail="0" skip="0">All Tests</stat>
</total>
<tag>
<stat pass="1" fail="0" skip="0">testeConteudo</stat>
<stat pass="1" fail="0" skip="0">testeEstruturaResposta</stat>
<stat pass="1" fail="0" skip="0">testeRequisicaoBasica</stat>
<stat pass="1" fail="0" skip="0">testeTiposDados</stat>
</tag>
<suite>
<stat pass="5" fail="0" skip="0" id="s1" name="Tests">Tests</stat>
<stat pass="5" fail="0" skip="0" id="s1-s1" name="Random-User-Test">Tests.Random-User-Test</stat>
</suite>
</statistics>
<errors>
</errors>
</robot>
