<?xml version="1.0" encoding="UTF-8"?>
<robot generator="Robot 7.0 (Python 3.12.3 on linux)" generated="2024-05-27T19:12:21.118184" rpa="false" schemaversion="5">
<suite id="s1" name="Tests" source="/home/runner/work/ApiRandomUser/ApiRandomUser/RamdonUser/tests">
<suite id="s1-s1" name="Random-User-Test" source="/home/runner/work/ApiRandomUser/ApiRandomUser/RamdonUser/tests/random-user-test.robot">
<test id="s1-s1-t1" name="Conectar" line="13">
<kw name="Conectar API" owner="random-user-service">
<kw name="Create Session" owner="RequestsLibrary">
<msg time="2024-05-27T19:12:21.510625" level="INFO">Creating Session using : alias=consultarAPI, url=https://randomuser.me/, headers={},                     cookies={}, auth=None, timeout=None, proxies=None, verify=False,                     debug=0 </msg>
<arg>consultarAPI</arg>
<arg>${URL}</arg>
<doc>Create Session: create a HTTP session to a server</doc>
<status status="PASS" start="2024-05-27T19:12:21.510424" elapsed="0.000371"/>
</kw>
<status status="PASS" start="2024-05-27T19:12:21.509408" elapsed="0.001736"/>
</kw>
<status status="PASS" start="2024-05-27T19:12:21.508897" elapsed="0.002442"/>
</test>
<test id="s1-s1-t2" name="Validar retorno 200 e JSON Válido" line="16">
<kw name="Teste de Requisicao Basica" owner="random-user-service">
<kw name="GET On Session" owner="RequestsLibrary">
<msg time="2024-05-27T19:12:21.707236" level="INFO">GET Request : url=https://randomuser.me/api 
 path_url=/api 
 headers={'User-Agent': 'python-requests/2.32.2', 'Accept-Encoding': 'gzip, deflate', 'Accept': '*/*', 'Connection': 'keep-alive'} 
 body=None 
 </msg>
<msg time="2024-05-27T19:12:21.707379" level="INFO">GET Response : url=https://randomuser.me/api 
 status=200, reason=OK 
 headers={'Date': 'Mon, 27 May 2024 19:12:21 GMT', 'Content-Type': 'application/json; charset=utf-8', 'Transfer-Encoding': 'chunked', 'Connection': 'keep-alive', 'X-Powered-By': 'Express', 'Access-Control-Allow-Origin': '*', 'Cache-Control': 'no-cache', 'ETag': 'W/"493-SGwNnY31H9UQhWR1YXWi1X1mxbM"', 'Vary': 'Accept-Encoding', 'Content-Encoding': 'gzip', 'CF-Cache-Status': 'DYNAMIC', 'Report-To': '{"endpoints":[{"url":"https:\\/\\/a.nel.cloudflare.com\\/report\\/v4?s=B1NzEeDEJ%2F5NtYPT1Hg%2F4TD8GljJX9VefsT0W5hns8SVGY9vw45yeQuAiB0W6SGxB8xUdqz2M29ikkLAALiWc1VqqPYvsYBtAd6qxEv7W24vBEng4A8Zhfx68LQSWJAR"}],"group":"cf-nel","max_age":604800}', 'NEL': '{"success_fraction":0,"report_to":"cf-nel","max_age":604800}', 'Server': 'cloudflare', 'CF-RAY': '88a850e76ed629b6-IAD', 'alt-svc': 'h3=":443"; ma=86400'} 
 body={"results":[{"gender":"male","name":{"title":"Mr","first":"Anthony","last":"Reyes"},"location":{"street":{"number":8779,"name":"Smokey Ln"},"city":"Mackay","state":"Australian Capital Territory","country":"Australia","postcode":6944,"coordinates":{"latitude":"-88.9645","longitude":"-168.3538"},"timezone":{"offset":"-7:00","description":"Mountain Time (US &amp; Canada)"}},"email":"anthony.reyes@example.com","login":{"uuid":"0b3ec80f-ff7a-4ee5-8afe-c2f5da430e73","username":"yellowtiger827","password":"nonono","salt":"70BO65vr","md5":"03301bd26309d3569101e6aca843f720","sha1":"d50e494eda58a70bc355dd2bc166bd5a5029c877","sha256":"c3c153c087203c1c035a5f3962484de92746a1370f46e0cb1c5b37fde11157a3"},"dob":{"date":"1954-07-19T13:34:18.567Z","age":69},"registered":{"date":"2022-03-16T10:48:03.592Z","age":2},"phone":"08-6220-9425","cell":"0472-154-287","id":{"name":"TFN","value":"617055933"},"picture":{"large":"https://randomuser.me/api/portraits/men/35.jpg","medium":"https://randomuser.me/api/portraits/med/men/35.jpg","thumbnail":"https://randomuser.me/api/portraits/thumb/men/35.jpg"},"nat":"AU"}],"info":{"seed":"42d5477132f052b5","results":1,"page":1,"version":"1.4"}} 
 </msg>
<msg time="2024-05-27T19:12:21.707466" level="INFO">/opt/hostedtoolcache/Python/3.12.3/x64/lib/python3.12/site-packages/urllib3/connectionpool.py:1103: InsecureRequestWarning: Unverified HTTPS request is being made to host 'randomuser.me'. Adding certificate verification is strongly advised. See: https://urllib3.readthedocs.io/en/latest/advanced-usage.html#tls-warnings
  warnings.warn(</msg>
<msg time="2024-05-27T19:12:21.707632" level="INFO">${response} = &lt;Response [200]&gt;</msg>
<var>${response}</var>
<arg>consultarAPI</arg>
<arg>/api</arg>
<doc>Sends a GET request on a previously created HTTP Session.</doc>
<status status="PASS" start="2024-05-27T19:12:21.513909" elapsed="0.193779"/>
</kw>
<kw name="Should Be Equal As Numbers" owner="BuiltIn">
<msg time="2024-05-27T19:12:21.708542" level="INFO">Argument types are:
&lt;class 'int'&gt;
&lt;class 'str'&gt;</msg>
<arg>${response.status_code}</arg>
<arg>200</arg>
<doc>Fails if objects are unequal after converting them to real numbers.</doc>
<status status="PASS" start="2024-05-27T19:12:21.708116" elapsed="0.000491"/>
</kw>
<kw name="Log" owner="BuiltIn">
<msg time="2024-05-27T19:12:21.709273" level="INFO">200</msg>
<arg>${response.status_code}</arg>
<doc>Logs the given message with the given level.</doc>
<status status="PASS" start="2024-05-27T19:12:21.708927" elapsed="0.000396"/>
</kw>
<kw name="Set Variable" owner="BuiltIn">
<msg time="2024-05-27T19:12:21.710125" level="INFO">${json_data} = {'results': [{'gender': 'male', 'name': {'title': 'Mr', 'first': 'Anthony', 'last': 'Reyes'}, 'location': {'street': {'number': 8779, 'name': 'Smokey Ln'}, 'city': 'Mackay', 'state': 'Australian Capit...</msg>
<var>${json_data}</var>
<arg>${response.json()}</arg>
<doc>Returns the given values which can then be assigned to a variables.</doc>
<status status="PASS" start="2024-05-27T19:12:21.709636" elapsed="0.000518"/>
</kw>
<kw name="Dictionary Should Contain Key" owner="Collections">
<msg time="2024-05-27T19:12:21.710630" level="INFO">False</msg>
<arg>${json_data}</arg>
<arg>results</arg>
<doc>Fails if ``key`` is not found from ``dictionary``.</doc>
<status status="PASS" start="2024-05-27T19:12:21.710462" elapsed="0.000209"/>
</kw>
<status status="PASS" start="2024-05-27T19:12:21.513657" elapsed="0.197275"/>
</kw>
<doc>Testa se a API responde corretamente e retorna um objeto JSON válido.</doc>
<tag>testeRequisicaoBasica</tag>
<status status="PASS" start="2024-05-27T19:12:21.513217" elapsed="0.197897"/>
</test>
<test id="s1-s1-t3" name="Validar estrutura de resposta" line="22">
<kw name="Teste de Estrutura de Resposta" owner="random-user-service">
<kw name="GET On Session" owner="RequestsLibrary">
<msg time="2024-05-27T19:12:21.805219" level="INFO">GET Request : url=https://randomuser.me/api 
 path_url=/api 
 headers={'User-Agent': 'python-requests/2.32.2', 'Accept-Encoding': 'gzip, deflate', 'Accept': '*/*', 'Connection': 'keep-alive'} 
 body=None 
 </msg>
<msg time="2024-05-27T19:12:21.805302" level="INFO">GET Response : url=https://randomuser.me/api 
 status=200, reason=OK 
 headers={'Date': 'Mon, 27 May 2024 19:12:21 GMT', 'Content-Type': 'application/json; charset=utf-8', 'Transfer-Encoding': 'chunked', 'Connection': 'keep-alive', 'X-Powered-By': 'Express', 'Access-Control-Allow-Origin': '*', 'Cache-Control': 'no-cache', 'ETag': 'W/"480-P1NAv+iW67LIt0SfdyD7haCuK6A"', 'Vary': 'Accept-Encoding', 'Content-Encoding': 'gzip', 'CF-Cache-Status': 'DYNAMIC', 'Report-To': '{"endpoints":[{"url":"https:\\/\\/a.nel.cloudflare.com\\/report\\/v4?s=%2Fhxkt220MoCGTM0JF0g3x%2FxJcOAX8Gn%2FIeHigtFSzCuZPqZzBsDOyy8T%2FfPc2PsmJR1LhyZ9TtJAxBpz7hIAXza2dnYolkssb3L5zXZR6e4EjJ%2F278LjfEU4pkBZSetX"}],"group":"cf-nel","max_age":604800}', 'NEL': '{"success_fraction":0,"report_to":"cf-nel","max_age":604800}', 'Server': 'cloudflare', 'CF-RAY': '88a850e7bf4229b6-IAD', 'alt-svc': 'h3=":443"; ma=86400'} 
 body={"results":[{"gender":"female","name":{"title":"Ms","first":"Milana","last":"Domanickiy"},"location":{"street":{"number":160,"name":"Chebishova"},"city":"Irshava","state":"Harkivska","country":"Ukraine","postcode":55501,"coordinates":{"latitude":"76.7979","longitude":"120.4026"},"timezone":{"offset":"-12:00","description":"Eniwetok, Kwajalein"}},"email":"milana.domanickiy@example.com","login":{"uuid":"84b00f5c-87cc-424b-bccf-1aa1c378f789","username":"yellowbird678","password":"rrrrr","salt":"DXXjrSEX","md5":"201cb43bfe92c69a1b028a9bac2f4d3d","sha1":"717d6878d51cef325cced9b8115d234e357e9514","sha256":"5957206bfb40c04fff7bd88c77fced77b2a1b881fed8fdf275a71b1b22724830"},"dob":{"date":"1982-08-24T02:24:10.219Z","age":41},"registered":{"date":"2004-06-08T11:25:13.807Z","age":19},"phone":"(067) L59-4566","cell":"(066) A34-4857","id":{"name":"","value":null},"picture":{"large":"https://randomuser.me/api/portraits/women/75.jpg","medium":"https://randomuser.me/api/portraits/med/women/75.jpg","thumbnail":"https://randomuser.me/api/portraits/thumb/women/75.jpg"},"nat":"UA"}],"info":{"seed":"bd33d296a6723faf","results":1,"page":1,"version":"1.4"}} 
 </msg>
<msg time="2024-05-27T19:12:21.805415" level="INFO">/opt/hostedtoolcache/Python/3.12.3/x64/lib/python3.12/site-packages/urllib3/connectionpool.py:1103: InsecureRequestWarning: Unverified HTTPS request is being made to host 'randomuser.me'. Adding certificate verification is strongly advised. See: https://urllib3.readthedocs.io/en/latest/advanced-usage.html#tls-warnings
  warnings.warn(</msg>
<msg time="2024-05-27T19:12:21.805555" level="INFO">${response} = &lt;Response [200]&gt;</msg>
<var>${response}</var>
<arg>consultarAPI</arg>
<arg>/api</arg>
<doc>Sends a GET request on a previously created HTTP Session.</doc>
<status status="PASS" start="2024-05-27T19:12:21.713750" elapsed="0.091859"/>
</kw>
<kw name="Set Variable" owner="BuiltIn">
<msg time="2024-05-27T19:12:21.806520" level="INFO">${json_data} = {'results': [{'gender': 'female', 'name': {'title': 'Ms', 'first': 'Milana', 'last': 'Domanickiy'}, 'location': {'street': {'number': 160, 'name': 'Chebishova'}, 'city': 'Irshava', 'state': 'Harkivska...</msg>
<var>${json_data}</var>
<arg>${response.json()}</arg>
<doc>Returns the given values which can then be assigned to a variables.</doc>
<status status="PASS" start="2024-05-27T19:12:21.806054" elapsed="0.000496"/>
</kw>
<kw name="Log" owner="BuiltIn">
<msg time="2024-05-27T19:12:21.807026" level="INFO">{'results': [{'gender': 'female', 'name': {'title': 'Ms', 'first': 'Milana', 'last': 'Domanickiy'}, 'location': {'street': {'number': 160, 'name': 'Chebishova'}, 'city': 'Irshava', 'state': 'Harkivska', 'country': 'Ukraine', 'postcode': 55501, 'coordinates': {'latitude': '76.7979', 'longitude': '120.4026'}, 'timezone': {'offset': '-12:00', 'description': 'Eniwetok, Kwajalein'}}, 'email': 'milana.domanickiy@example.com', 'login': {'uuid': '84b00f5c-87cc-424b-bccf-1aa1c378f789', 'username': 'yellowbird678', 'password': 'rrrrr', 'salt': 'DXXjrSEX', 'md5': '201cb43bfe92c69a1b028a9bac2f4d3d', 'sha1': '717d6878d51cef325cced9b8115d234e357e9514', 'sha256': '5957206bfb40c04fff7bd88c77fced77b2a1b881fed8fdf275a71b1b22724830'}, 'dob': {'date': '1982-08-24T02:24:10.219Z', 'age': 41}, 'registered': {'date': '2004-06-08T11:25:13.807Z', 'age': 19}, 'phone': '(067) L59-4566', 'cell': '(066) A34-4857', 'id': {'name': '', 'value': None}, 'picture': {'large': 'https://randomuser.me/api/portraits/women/75.jpg', 'medium': 'https://randomuser.me/api/portraits/med/women/75.jpg', 'thumbnail': 'https://randomuser.me/api/portraits/thumb/women/75.jpg'}, 'nat': 'UA'}], 'info': {'seed': 'bd33d296a6723faf', 'results': 1, 'page': 1, 'version': '1.4'}}</msg>
<arg>${json_data}</arg>
<doc>Logs the given message with the given level.</doc>
<status status="PASS" start="2024-05-27T19:12:21.806866" elapsed="0.000215"/>
</kw>
<kw name="Dictionary Should Contain Key" owner="Collections">
<msg time="2024-05-27T19:12:21.807540" level="INFO">False</msg>
<arg>${json_data}</arg>
<arg>results</arg>
<doc>Fails if ``key`` is not found from ``dictionary``.</doc>
<status status="PASS" start="2024-05-27T19:12:21.807383" elapsed="0.000197"/>
</kw>
<kw name="Should Not Be Empty" owner="BuiltIn">
<msg time="2024-05-27T19:12:21.808027" level="INFO">Length is 2.</msg>
<arg>${json_data}</arg>
<doc>Verifies that the given item is not empty.</doc>
<status status="PASS" start="2024-05-27T19:12:21.807884" elapsed="0.000183"/>
</kw>
<kw name="Create List" owner="BuiltIn">
<msg time="2024-05-27T19:12:21.808641" level="INFO">${expected_keys} = ['gender', 'name', 'location', 'email', 'login']</msg>
<var>${expected_keys}</var>
<arg>gender</arg>
<arg>name</arg>
<arg>location</arg>
<arg>email</arg>
<arg>login</arg>
<doc>Returns a list containing given items.</doc>
<status status="PASS" start="2024-05-27T19:12:21.808364" elapsed="0.000303"/>
</kw>
<for flavor="IN">
<iter>
<kw name="Dictionary Should Contain Key" owner="Collections">
<msg time="2024-05-27T19:12:21.809664" level="INFO">False</msg>
<arg>${json_data['results'][0]}</arg>
<arg>${key}</arg>
<doc>Fails if ``key`` is not found from ``dictionary``.</doc>
<status status="PASS" start="2024-05-27T19:12:21.809261" elapsed="0.000444"/>
</kw>
<kw name="Log" owner="BuiltIn">
<msg time="2024-05-27T19:12:21.810409" level="INFO">{'gender': 'female', 'name': {'title': 'Ms', 'first': 'Milana', 'last': 'Domanickiy'}, 'location': {'street': {'number': 160, 'name': 'Chebishova'}, 'city': 'Irshava', 'state': 'Harkivska', 'country': 'Ukraine', 'postcode': 55501, 'coordinates': {'latitude': '76.7979', 'longitude': '120.4026'}, 'timezone': {'offset': '-12:00', 'description': 'Eniwetok, Kwajalein'}}, 'email': 'milana.domanickiy@example.com', 'login': {'uuid': '84b00f5c-87cc-424b-bccf-1aa1c378f789', 'username': 'yellowbird678', 'password': 'rrrrr', 'salt': 'DXXjrSEX', 'md5': '201cb43bfe92c69a1b028a9bac2f4d3d', 'sha1': '717d6878d51cef325cced9b8115d234e357e9514', 'sha256': '5957206bfb40c04fff7bd88c77fced77b2a1b881fed8fdf275a71b1b22724830'}, 'dob': {'date': '1982-08-24T02:24:10.219Z', 'age': 41}, 'registered': {'date': '2004-06-08T11:25:13.807Z', 'age': 19}, 'phone': '(067) L59-4566', 'cell': '(066) A34-4857', 'id': {'name': '', 'value': None}, 'picture': {'large': 'https://randomuser.me/api/portraits/women/75.jpg', 'medium': 'https://randomuser.me/api/portraits/med/women/75.jpg', 'thumbnail': 'https://randomuser.me/api/portraits/thumb/women/75.jpg'}, 'nat': 'UA'}</msg>
<arg>${json_data['results'][0]}</arg>
<doc>Logs the given message with the given level.</doc>
<status status="PASS" start="2024-05-27T19:12:21.810029" elapsed="0.000431"/>
</kw>
<kw name="Log" owner="BuiltIn">
<msg time="2024-05-27T19:12:21.810897" level="INFO">gender</msg>
<arg>${key}</arg>
<doc>Logs the given message with the given level.</doc>
<status status="PASS" start="2024-05-27T19:12:21.810765" elapsed="0.000171"/>
</kw>
<var name="${key}">gender</var>
<status status="PASS" start="2024-05-27T19:12:21.809131" elapsed="0.002024"/>
</iter>
<iter>
<kw name="Dictionary Should Contain Key" owner="Collections">
<msg time="2024-05-27T19:12:21.811879" level="INFO">False</msg>
<arg>${json_data['results'][0]}</arg>
<arg>${key}</arg>
<doc>Fails if ``key`` is not found from ``dictionary``.</doc>
<status status="PASS" start="2024-05-27T19:12:21.811465" elapsed="0.000453"/>
</kw>
<kw name="Log" owner="BuiltIn">
<msg time="2024-05-27T19:12:21.812614" level="INFO">{'gender': 'female', 'name': {'title': 'Ms', 'first': 'Milana', 'last': 'Domanickiy'}, 'location': {'street': {'number': 160, 'name': 'Chebishova'}, 'city': 'Irshava', 'state': 'Harkivska', 'country': 'Ukraine', 'postcode': 55501, 'coordinates': {'latitude': '76.7979', 'longitude': '120.4026'}, 'timezone': {'offset': '-12:00', 'description': 'Eniwetok, Kwajalein'}}, 'email': 'milana.domanickiy@example.com', 'login': {'uuid': '84b00f5c-87cc-424b-bccf-1aa1c378f789', 'username': 'yellowbird678', 'password': 'rrrrr', 'salt': 'DXXjrSEX', 'md5': '201cb43bfe92c69a1b028a9bac2f4d3d', 'sha1': '717d6878d51cef325cced9b8115d234e357e9514', 'sha256': '5957206bfb40c04fff7bd88c77fced77b2a1b881fed8fdf275a71b1b22724830'}, 'dob': {'date': '1982-08-24T02:24:10.219Z', 'age': 41}, 'registered': {'date': '2004-06-08T11:25:13.807Z', 'age': 19}, 'phone': '(067) L59-4566', 'cell': '(066) A34-4857', 'id': {'name': '', 'value': None}, 'picture': {'large': 'https://randomuser.me/api/portraits/women/75.jpg', 'medium': 'https://randomuser.me/api/portraits/med/women/75.jpg', 'thumbnail': 'https://randomuser.me/api/portraits/thumb/women/75.jpg'}, 'nat': 'UA'}</msg>
<arg>${json_data['results'][0]}</arg>
<doc>Logs the given message with the given level.</doc>
<status status="PASS" start="2024-05-27T19:12:21.812245" elapsed="0.000417"/>
</kw>
<kw name="Log" owner="BuiltIn">
<msg time="2024-05-27T19:12:21.813093" level="INFO">name</msg>
<arg>${key}</arg>
<doc>Logs the given message with the given level.</doc>
<status status="PASS" start="2024-05-27T19:12:21.812963" elapsed="0.000169"/>
</kw>
<var name="${key}">name</var>
<status status="PASS" start="2024-05-27T19:12:21.811345" elapsed="0.002013"/>
</iter>
<iter>
<kw name="Dictionary Should Contain Key" owner="Collections">
<msg time="2024-05-27T19:12:21.814081" level="INFO">False</msg>
<arg>${json_data['results'][0]}</arg>
<arg>${key}</arg>
<doc>Fails if ``key`` is not found from ``dictionary``.</doc>
<status status="PASS" start="2024-05-27T19:12:21.813655" elapsed="0.000476"/>
</kw>
<kw name="Log" owner="BuiltIn">
<msg time="2024-05-27T19:12:21.814801" level="INFO">{'gender': 'female', 'name': {'title': 'Ms', 'first': 'Milana', 'last': 'Domanickiy'}, 'location': {'street': {'number': 160, 'name': 'Chebishova'}, 'city': 'Irshava', 'state': 'Harkivska', 'country': 'Ukraine', 'postcode': 55501, 'coordinates': {'latitude': '76.7979', 'longitude': '120.4026'}, 'timezone': {'offset': '-12:00', 'description': 'Eniwetok, Kwajalein'}}, 'email': 'milana.domanickiy@example.com', 'login': {'uuid': '84b00f5c-87cc-424b-bccf-1aa1c378f789', 'username': 'yellowbird678', 'password': 'rrrrr', 'salt': 'DXXjrSEX', 'md5': '201cb43bfe92c69a1b028a9bac2f4d3d', 'sha1': '717d6878d51cef325cced9b8115d234e357e9514', 'sha256': '5957206bfb40c04fff7bd88c77fced77b2a1b881fed8fdf275a71b1b22724830'}, 'dob': {'date': '1982-08-24T02:24:10.219Z', 'age': 41}, 'registered': {'date': '2004-06-08T11:25:13.807Z', 'age': 19}, 'phone': '(067) L59-4566', 'cell': '(066) A34-4857', 'id': {'name': '', 'value': None}, 'picture': {'large': 'https://randomuser.me/api/portraits/women/75.jpg', 'medium': 'https://randomuser.me/api/portraits/med/women/75.jpg', 'thumbnail': 'https://randomuser.me/api/portraits/thumb/women/75.jpg'}, 'nat': 'UA'}</msg>
<arg>${json_data['results'][0]}</arg>
<doc>Logs the given message with the given level.</doc>
<status status="PASS" start="2024-05-27T19:12:21.814438" elapsed="0.000432"/>
</kw>
<kw name="Log" owner="BuiltIn">
<msg time="2024-05-27T19:12:21.815365" level="INFO">location</msg>
<arg>${key}</arg>
<doc>Logs the given message with the given level.</doc>
<status status="PASS" start="2024-05-27T19:12:21.815233" elapsed="0.000172"/>
</kw>
<var name="${key}">location</var>
<status status="PASS" start="2024-05-27T19:12:21.813540" elapsed="0.002093"/>
</iter>
<iter>
<kw name="Dictionary Should Contain Key" owner="Collections">
<msg time="2024-05-27T19:12:21.816317" level="INFO">False</msg>
<arg>${json_data['results'][0]}</arg>
<arg>${key}</arg>
<doc>Fails if ``key`` is not found from ``dictionary``.</doc>
<status status="PASS" start="2024-05-27T19:12:21.815927" elapsed="0.000429"/>
</kw>
<kw name="Log" owner="BuiltIn">
<msg time="2024-05-27T19:12:21.817014" level="INFO">{'gender': 'female', 'name': {'title': 'Ms', 'first': 'Milana', 'last': 'Domanickiy'}, 'location': {'street': {'number': 160, 'name': 'Chebishova'}, 'city': 'Irshava', 'state': 'Harkivska', 'country': 'Ukraine', 'postcode': 55501, 'coordinates': {'latitude': '76.7979', 'longitude': '120.4026'}, 'timezone': {'offset': '-12:00', 'description': 'Eniwetok, Kwajalein'}}, 'email': 'milana.domanickiy@example.com', 'login': {'uuid': '84b00f5c-87cc-424b-bccf-1aa1c378f789', 'username': 'yellowbird678', 'password': 'rrrrr', 'salt': 'DXXjrSEX', 'md5': '201cb43bfe92c69a1b028a9bac2f4d3d', 'sha1': '717d6878d51cef325cced9b8115d234e357e9514', 'sha256': '5957206bfb40c04fff7bd88c77fced77b2a1b881fed8fdf275a71b1b22724830'}, 'dob': {'date': '1982-08-24T02:24:10.219Z', 'age': 41}, 'registered': {'date': '2004-06-08T11:25:13.807Z', 'age': 19}, 'phone': '(067) L59-4566', 'cell': '(066) A34-4857', 'id': {'name': '', 'value': None}, 'picture': {'large': 'https://randomuser.me/api/portraits/women/75.jpg', 'medium': 'https://randomuser.me/api/portraits/med/women/75.jpg', 'thumbnail': 'https://randomuser.me/api/portraits/thumb/women/75.jpg'}, 'nat': 'UA'}</msg>
<arg>${json_data['results'][0]}</arg>
<doc>Logs the given message with the given level.</doc>
<status status="PASS" start="2024-05-27T19:12:21.816657" elapsed="0.000417"/>
</kw>
<kw name="Log" owner="BuiltIn">
<msg time="2024-05-27T19:12:21.817503" level="INFO">email</msg>
<arg>${key}</arg>
<doc>Logs the given message with the given level.</doc>
<status status="PASS" start="2024-05-27T19:12:21.817375" elapsed="0.000167"/>
</kw>
<var name="${key}">email</var>
<status status="PASS" start="2024-05-27T19:12:21.815809" elapsed="0.001956"/>
</iter>
<iter>
<kw name="Dictionary Should Contain Key" owner="Collections">
<msg time="2024-05-27T19:12:21.818496" level="INFO">False</msg>
<arg>${json_data['results'][0]}</arg>
<arg>${key}</arg>
<doc>Fails if ``key`` is not found from ``dictionary``.</doc>
<status status="PASS" start="2024-05-27T19:12:21.818089" elapsed="0.000446"/>
</kw>
<kw name="Log" owner="BuiltIn">
<msg time="2024-05-27T19:12:21.819202" level="INFO">{'gender': 'female', 'name': {'title': 'Ms', 'first': 'Milana', 'last': 'Domanickiy'}, 'location': {'street': {'number': 160, 'name': 'Chebishova'}, 'city': 'Irshava', 'state': 'Harkivska', 'country': 'Ukraine', 'postcode': 55501, 'coordinates': {'latitude': '76.7979', 'longitude': '120.4026'}, 'timezone': {'offset': '-12:00', 'description': 'Eniwetok, Kwajalein'}}, 'email': 'milana.domanickiy@example.com', 'login': {'uuid': '84b00f5c-87cc-424b-bccf-1aa1c378f789', 'username': 'yellowbird678', 'password': 'rrrrr', 'salt': 'DXXjrSEX', 'md5': '201cb43bfe92c69a1b028a9bac2f4d3d', 'sha1': '717d6878d51cef325cced9b8115d234e357e9514', 'sha256': '5957206bfb40c04fff7bd88c77fced77b2a1b881fed8fdf275a71b1b22724830'}, 'dob': {'date': '1982-08-24T02:24:10.219Z', 'age': 41}, 'registered': {'date': '2004-06-08T11:25:13.807Z', 'age': 19}, 'phone': '(067) L59-4566', 'cell': '(066) A34-4857', 'id': {'name': '', 'value': None}, 'picture': {'large': 'https://randomuser.me/api/portraits/women/75.jpg', 'medium': 'https://randomuser.me/api/portraits/med/women/75.jpg', 'thumbnail': 'https://randomuser.me/api/portraits/thumb/women/75.jpg'}, 'nat': 'UA'}</msg>
<arg>${json_data['results'][0]}</arg>
<doc>Logs the given message with the given level.</doc>
<status status="PASS" start="2024-05-27T19:12:21.818835" elapsed="0.000426"/>
</kw>
<kw name="Log" owner="BuiltIn">
<msg time="2024-05-27T19:12:21.819686" level="INFO">login</msg>
<arg>${key}</arg>
<doc>Logs the given message with the given level.</doc>
<status status="PASS" start="2024-05-27T19:12:21.819557" elapsed="0.000168"/>
</kw>
<var name="${key}">login</var>
<status status="PASS" start="2024-05-27T19:12:21.817942" elapsed="0.002001"/>
</iter>
<var>${key}</var>
<value>@{expected_keys}</value>
<status status="PASS" start="2024-05-27T19:12:21.808935" elapsed="0.011156"/>
</for>
<kw name="Create List" owner="BuiltIn">
<msg time="2024-05-27T19:12:21.820441" level="INFO">${expected_keysTwo} = ['username', 'password']</msg>
<var>${expected_keysTwo}</var>
<arg>username</arg>
<arg>password</arg>
<doc>Returns a list containing given items.</doc>
<status status="PASS" start="2024-05-27T19:12:21.820295" elapsed="0.000170"/>
</kw>
<for flavor="IN">
<iter>
<kw name="Dictionary Should Contain Key" owner="Collections">
<msg time="2024-05-27T19:12:21.821360" level="INFO">False</msg>
<arg>${json_data['results'][0]['login']}</arg>
<arg>${keyTwo}</arg>
<doc>Fails if ``key`` is not found from ``dictionary``.</doc>
<status status="PASS" start="2024-05-27T19:12:21.820974" elapsed="0.000424"/>
</kw>
<kw name="Dictionary Should Contain Key" owner="Collections">
<msg time="2024-05-27T19:12:21.822129" level="INFO">False</msg>
<arg>${json_data['results'][0]['login']}</arg>
<arg>${keyTwo}</arg>
<doc>Fails if ``key`` is not found from ``dictionary``.</doc>
<status status="PASS" start="2024-05-27T19:12:21.821700" elapsed="0.000470"/>
</kw>
<kw name="Log" owner="BuiltIn">
<msg time="2024-05-27T19:12:21.822599" level="INFO">username</msg>
<arg>${keyTwo}</arg>
<doc>Logs the given message with the given level.</doc>
<status status="PASS" start="2024-05-27T19:12:21.822469" elapsed="0.000169"/>
</kw>
<var name="${keyTwo}">username</var>
<status status="PASS" start="2024-05-27T19:12:21.820862" elapsed="0.001991"/>
</iter>
<iter>
<kw name="Dictionary Should Contain Key" owner="Collections">
<msg time="2024-05-27T19:12:21.823529" level="INFO">False</msg>
<arg>${json_data['results'][0]['login']}</arg>
<arg>${keyTwo}</arg>
<doc>Fails if ``key`` is not found from ``dictionary``.</doc>
<status status="PASS" start="2024-05-27T19:12:21.823147" elapsed="0.000420"/>
</kw>
<kw name="Dictionary Should Contain Key" owner="Collections">
<msg time="2024-05-27T19:12:21.824317" level="INFO">False</msg>
<arg>${json_data['results'][0]['login']}</arg>
<arg>${keyTwo}</arg>
<doc>Fails if ``key`` is not found from ``dictionary``.</doc>
<status status="PASS" start="2024-05-27T19:12:21.823863" elapsed="0.000495"/>
</kw>
<kw name="Log" owner="BuiltIn">
<msg time="2024-05-27T19:12:21.824787" level="INFO">password</msg>
<arg>${keyTwo}</arg>
<doc>Logs the given message with the given level.</doc>
<status status="PASS" start="2024-05-27T19:12:21.824657" elapsed="0.000168"/>
</kw>
<var name="${keyTwo}">password</var>
<status status="PASS" start="2024-05-27T19:12:21.823026" elapsed="0.002015"/>
</iter>
<var>${keyTwo}</var>
<value>@{expected_keysTwo}</value>
<status status="PASS" start="2024-05-27T19:12:21.820705" elapsed="0.004460"/>
</for>
<status status="PASS" start="2024-05-27T19:12:21.713509" elapsed="0.111795"/>
</kw>
<doc>Testa a estrutura da resposta da API.</doc>
<tag>testeEstruturaResposta</tag>
<status status="PASS" start="2024-05-27T19:12:21.712925" elapsed="0.112529"/>
</test>
<test id="s1-s1-t4" name="Validar tipos de dados" line="28">
<kw name="Teste de Tipos de Dados" owner="random-user-service">
<kw name="GET On Session" owner="RequestsLibrary">
<msg time="2024-05-27T19:12:21.919491" level="INFO">GET Request : url=https://randomuser.me/api 
 path_url=/api 
 headers={'User-Agent': 'python-requests/2.32.2', 'Accept-Encoding': 'gzip, deflate', 'Accept': '*/*', 'Connection': 'keep-alive'} 
 body=None 
 </msg>
<msg time="2024-05-27T19:12:21.919568" level="INFO">GET Response : url=https://randomuser.me/api 
 status=200, reason=OK 
 headers={'Date': 'Mon, 27 May 2024 19:12:21 GMT', 'Content-Type': 'application/json; charset=utf-8', 'Transfer-Encoding': 'chunked', 'Connection': 'keep-alive', 'X-Powered-By': 'Express', 'Access-Control-Allow-Origin': '*', 'Cache-Control': 'no-cache', 'ETag': 'W/"4a7-Skcd1Z/QRErxxldr2L+IGu6J2pA"', 'Vary': 'Accept-Encoding', 'Content-Encoding': 'gzip', 'CF-Cache-Status': 'DYNAMIC', 'Report-To': '{"endpoints":[{"url":"https:\\/\\/a.nel.cloudflare.com\\/report\\/v4?s=QM8AvCdTDS3DZ2RhH8V97SSJ3kynmo7kjVtEFCH04Sgv1FDWeRY9xjel7Qa5512WHsApya7ES8uHOmQuv4ezpNMY1q7Ru%2FIbSFBivJhrArhOla7j%2BGf9BlyktTB%2F5IrD"}],"group":"cf-nel","max_age":604800}', 'NEL': '{"success_fraction":0,"report_to":"cf-nel","max_age":604800}', 'Server': 'cloudflare', 'CF-RAY': '88a850e8786329b6-IAD', 'alt-svc': 'h3=":443"; ma=86400'} 
 body={"results":[{"gender":"female","name":{"title":"Miss","first":"Amanda","last":"Just"},"location":{"street":{"number":3448,"name":"Fliederweg"},"city":"Doberlug-Kirchhain","state":"Baden-Württemberg","country":"Germany","postcode":37595,"coordinates":{"latitude":"-51.4962","longitude":"74.0558"},"timezone":{"offset":"+4:00","description":"Abu Dhabi, Muscat, Baku, Tbilisi"}},"email":"amanda.just@example.com","login":{"uuid":"06495530-4279-4468-b9c1-8c20f055b29c","username":"bigleopard810","password":"sheridan","salt":"jBLryFTJ","md5":"bdfdc449263f7792187ebc4e079f93a7","sha1":"057fce3c9e24fc5a0ad682f8c48972032a36a0d7","sha256":"f1f14d74f93e71e73b2e770d2d11beb3ae7b7dc1377d0b62235ea4c347d83207"},"dob":{"date":"1954-12-07T12:02:27.535Z","age":69},"registered":{"date":"2002-12-02T11:11:00.024Z","age":21},"phone":"0033-7157975","cell":"0170-4164957","id":{"name":"SVNR","value":"64 071254 J 659"},"picture":{"large":"https://randomuser.me/api/portraits/women/96.jpg","medium":"https://randomuser.me/api/portraits/med/women/96.jpg","thumbnail":"https://randomuser.me/api/portraits/thumb/women/96.jpg"},"nat":"DE"}],"info":{"seed":"877115022bb132ed","results":1,"page":1,"version":"1.4"}} 
 </msg>
<msg time="2024-05-27T19:12:21.919637" level="INFO">/opt/hostedtoolcache/Python/3.12.3/x64/lib/python3.12/site-packages/urllib3/connectionpool.py:1103: InsecureRequestWarning: Unverified HTTPS request is being made to host 'randomuser.me'. Adding certificate verification is strongly advised. See: https://urllib3.readthedocs.io/en/latest/advanced-usage.html#tls-warnings
  warnings.warn(</msg>
<msg time="2024-05-27T19:12:21.919763" level="INFO">${response} = &lt;Response [200]&gt;</msg>
<var>${response}</var>
<arg>consultarAPI</arg>
<arg>/api</arg>
<doc>Sends a GET request on a previously created HTTP Session.</doc>
<status status="PASS" start="2024-05-27T19:12:21.827957" elapsed="0.091858"/>
</kw>
<kw name="Set Variable" owner="BuiltIn">
<msg time="2024-05-27T19:12:21.920674" level="INFO">${json_data} = {'results': [{'gender': 'female', 'name': {'title': 'Miss', 'first': 'Amanda', 'last': 'Just'}, 'location': {'street': {'number': 3448, 'name': 'Fliederweg'}, 'city': 'Doberlug-Kirchhain', 'state': 'B...</msg>
<var>${json_data}</var>
<arg>${response.json()}</arg>
<doc>Returns the given values which can then be assigned to a variables.</doc>
<status status="PASS" start="2024-05-27T19:12:21.920220" elapsed="0.000484"/>
</kw>
<kw name="Log" owner="BuiltIn">
<msg time="2024-05-27T19:12:21.921165" level="INFO">{'results': [{'gender': 'female', 'name': {'title': 'Miss', 'first': 'Amanda', 'last': 'Just'}, 'location': {'street': {'number': 3448, 'name': 'Fliederweg'}, 'city': 'Doberlug-Kirchhain', 'state': 'Baden-Württemberg', 'country': 'Germany', 'postcode': 37595, 'coordinates': {'latitude': '-51.4962', 'longitude': '74.0558'}, 'timezone': {'offset': '+4:00', 'description': 'Abu Dhabi, Muscat, Baku, Tbilisi'}}, 'email': 'amanda.just@example.com', 'login': {'uuid': '06495530-4279-4468-b9c1-8c20f055b29c', 'username': 'bigleopard810', 'password': 'sheridan', 'salt': 'jBLryFTJ', 'md5': 'bdfdc449263f7792187ebc4e079f93a7', 'sha1': '057fce3c9e24fc5a0ad682f8c48972032a36a0d7', 'sha256': 'f1f14d74f93e71e73b2e770d2d11beb3ae7b7dc1377d0b62235ea4c347d83207'}, 'dob': {'date': '1954-12-07T12:02:27.535Z', 'age': 69}, 'registered': {'date': '2002-12-02T11:11:00.024Z', 'age': 21}, 'phone': '0033-7157975', 'cell': '0170-4164957', 'id': {'name': 'SVNR', 'value': '64 071254 J 659'}, 'picture': {'large': 'https://randomuser.me/api/portraits/women/96.jpg', 'medium': 'https://randomuser.me/api/portraits/med/women/96.jpg', 'thumbnail': 'https://randomuser.me/api/portraits/thumb/women/96.jpg'}, 'nat': 'DE'}], 'info': {'seed': '877115022bb132ed', 'results': 1, 'page': 1, 'version': '1.4'}}</msg>
<arg>${json_data}</arg>
<doc>Logs the given message with the given level.</doc>
<status status="PASS" start="2024-05-27T19:12:21.921009" elapsed="0.000240"/>
</kw>
<kw name="Should Be String" owner="String">
<arg>${json_data['results'][0]['gender']}</arg>
<doc>Fails if the given ``item`` is not a string.</doc>
<status status="PASS" start="2024-05-27T19:12:21.921552" elapsed="0.000356"/>
</kw>
<kw name="Should Match Regexp" owner="BuiltIn">
<arg>${json_data['results'][0]['email']}</arg>
<arg>^[a-zA-Z0-9._%+-]+@[a-zA-Z0-9.-]+\.[a-zA-Z]{2,}$</arg>
<doc>Fails if ``string`` does not match ``pattern`` as a regular expression.</doc>
<status status="PASS" start="2024-05-27T19:12:21.922153" elapsed="0.000532"/>
</kw>
<kw name="Should Match Regexp" owner="BuiltIn">
<arg>${json_data['results'][0]['dob']['date']}</arg>
<arg>\\d{4}-\\d{2}-\\d{2}T\\d{2}:\\d{2}:\\d{2}\\.\\d{3}Z</arg>
<doc>Fails if ``string`` does not match ``pattern`` as a regular expression.</doc>
<status status="PASS" start="2024-05-27T19:12:21.922882" elapsed="0.000488"/>
</kw>
<kw name="Should Match Regexp" owner="BuiltIn">
<arg>${json_data['results'][0]['registered']['date']}</arg>
<arg>\\d{4}-\\d{2}-\\d{2}T\\d{2}:\\d{2}:\\d{2}\\.\\d{3}Z</arg>
<doc>Fails if ``string`` does not match ``pattern`` as a regular expression.</doc>
<status status="PASS" start="2024-05-27T19:12:21.923564" elapsed="0.000403"/>
</kw>
<kw name="Should Match Regexp" owner="BuiltIn">
<arg>${json_data['results'][0]['picture']['large']}</arg>
<arg>^https?://.*\.(?:png|jpe?g|gif|bmp)$</arg>
<doc>Fails if ``string`` does not match ``pattern`` as a regular expression.</doc>
<status status="PASS" start="2024-05-27T19:12:21.924161" elapsed="0.000467"/>
</kw>
<kw name="Should Match Regexp" owner="BuiltIn">
<arg>${json_data['results'][0]['picture']['medium']}</arg>
<arg>^https?://.*\.(?:png|jpe?g|gif|bmp)$</arg>
<doc>Fails if ``string`` does not match ``pattern`` as a regular expression.</doc>
<status status="PASS" start="2024-05-27T19:12:21.924819" elapsed="0.000350"/>
</kw>
<kw name="Should Match Regexp" owner="BuiltIn">
<arg>${json_data['results'][0]['picture']['thumbnail']}</arg>
<arg>^https?://.*\.(?:png|jpe?g|gif|bmp)$</arg>
<doc>Fails if ``string`` does not match ``pattern`` as a regular expression.</doc>
<status status="PASS" start="2024-05-27T19:12:21.925357" elapsed="0.000345"/>
</kw>
<kw name="Log" owner="BuiltIn">
<msg time="2024-05-27T19:12:21.926245" level="INFO">{'large': 'https://randomuser.me/api/portraits/women/96.jpg', 'medium': 'https://randomuser.me/api/portraits/med/women/96.jpg', 'thumbnail': 'https://randomuser.me/api/portraits/thumb/women/96.jpg'}</msg>
<arg>${json_data['results'][0]['picture']}</arg>
<doc>Logs the given message with the given level.</doc>
<status status="PASS" start="2024-05-27T19:12:21.925894" elapsed="0.000396"/>
</kw>
<status status="PASS" start="2024-05-27T19:12:21.827735" elapsed="0.098810"/>
</kw>
<kw name="Teste de Tipos de Dados - Postcode" owner="random-user-service">
<kw name="GET On Session" owner="RequestsLibrary">
<msg time="2024-05-27T19:12:22.031830" level="INFO">GET Request : url=https://randomuser.me/api 
 path_url=/api 
 headers={'User-Agent': 'python-requests/2.32.2', 'Accept-Encoding': 'gzip, deflate', 'Accept': '*/*', 'Connection': 'keep-alive'} 
 body=None 
 </msg>
<msg time="2024-05-27T19:12:22.031907" level="INFO">GET Response : url=https://randomuser.me/api 
 status=200, reason=OK 
 headers={'Date': 'Mon, 27 May 2024 19:12:22 GMT', 'Content-Type': 'application/json; charset=utf-8', 'Transfer-Encoding': 'chunked', 'Connection': 'keep-alive', 'X-Powered-By': 'Express', 'Access-Control-Allow-Origin': '*', 'Cache-Control': 'no-cache', 'ETag': 'W/"48c-qBFc7pBsLGX+z0xKgI75UUerjQs"', 'Vary': 'Accept-Encoding', 'Content-Encoding': 'gzip', 'CF-Cache-Status': 'DYNAMIC', 'Report-To': '{"endpoints":[{"url":"https:\\/\\/a.nel.cloudflare.com\\/report\\/v4?s=0AAqTMbt8M0oWr1okIFp71yTzrA91bTGln%2BOGe4dIDygX91lBCev5uYj2DSz5hdqBSlUZiPUzO5gP077cnT%2FZmZdocF7OaSZp0HbO7BFzkiJRIxSUZewPglPHPG869YT"}],"group":"cf-nel","max_age":604800}', 'NEL': '{"success_fraction":0,"report_to":"cf-nel","max_age":604800}', 'Server': 'cloudflare', 'CF-RAY': '88a850e9096929b6-IAD', 'alt-svc': 'h3=":443"; ma=86400'} 
 body={"results":[{"gender":"female","name":{"title":"Mrs","first":"Beatriz","last":"Cepeda"},"location":{"street":{"number":9843,"name":"Circunvalación Morelos"},"city":"Atencingo","state":"Sinaloa","country":"Mexico","postcode":22409,"coordinates":{"latitude":"23.0600","longitude":"55.4161"},"timezone":{"offset":"+5:45","description":"Kathmandu"}},"email":"beatriz.cepeda@example.com","login":{"uuid":"236cf60c-2bc2-41cd-9008-efc9b28c6afd","username":"lazytiger970","password":"999999","salt":"UUjfX2La","md5":"20a4fc5adca9c434ac3291ec7e78e5bc","sha1":"3b544e19c949155c173c0eb6cc97401e3113c797","sha256":"c7170e6ca6b61656c2bc655073a4a8d1e569b2b08419c254265014f6bdec91f7"},"dob":{"date":"1990-08-13T14:42:12.549Z","age":33},"registered":{"date":"2014-03-14T05:42:37.096Z","age":10},"phone":"(615) 746 9824","cell":"(627) 982 3023","id":{"name":"NSS","value":"84 45 84 9934 3"},"picture":{"large":"https://randomuser.me/api/portraits/women/69.jpg","medium":"https://randomuser.me/api/portraits/med/women/69.jpg","thumbnail":"https://randomuser.me/api/portraits/thumb/women/69.jpg"},"nat":"MX"}],"info":{"seed":"1ea3346b9e4dd719","results":1,"page":1,"version":"1.4"}} 
 </msg>
<msg time="2024-05-27T19:12:22.031975" level="INFO">/opt/hostedtoolcache/Python/3.12.3/x64/lib/python3.12/site-packages/urllib3/connectionpool.py:1103: InsecureRequestWarning: Unverified HTTPS request is being made to host 'randomuser.me'. Adding certificate verification is strongly advised. See: https://urllib3.readthedocs.io/en/latest/advanced-usage.html#tls-warnings
  warnings.warn(</msg>
<msg time="2024-05-27T19:12:22.032102" level="INFO">${response} = &lt;Response [200]&gt;</msg>
<var>${response}</var>
<arg>consultarAPI</arg>
<arg>/api</arg>
<doc>Sends a GET request on a previously created HTTP Session.</doc>
<status status="PASS" start="2024-05-27T19:12:21.926983" elapsed="0.105170"/>
</kw>
<kw name="Set Variable" owner="BuiltIn">
<msg time="2024-05-27T19:12:22.033093" level="INFO">${json_data} = {'results': [{'gender': 'female', 'name': {'title': 'Mrs', 'first': 'Beatriz', 'last': 'Cepeda'}, 'location': {'street': {'number': 9843, 'name': 'Circunvalación Morelos'}, 'city': 'Atencingo', 'state...</msg>
<var>${json_data}</var>
<arg>${response.json()}</arg>
<doc>Returns the given values which can then be assigned to a variables.</doc>
<status status="PASS" start="2024-05-27T19:12:22.032566" elapsed="0.000561"/>
</kw>
<kw name="Log" owner="BuiltIn">
<msg time="2024-05-27T19:12:22.033583" level="INFO">{'results': [{'gender': 'female', 'name': {'title': 'Mrs', 'first': 'Beatriz', 'last': 'Cepeda'}, 'location': {'street': {'number': 9843, 'name': 'Circunvalación Morelos'}, 'city': 'Atencingo', 'state': 'Sinaloa', 'country': 'Mexico', 'postcode': 22409, 'coordinates': {'latitude': '23.0600', 'longitude': '55.4161'}, 'timezone': {'offset': '+5:45', 'description': 'Kathmandu'}}, 'email': 'beatriz.cepeda@example.com', 'login': {'uuid': '236cf60c-2bc2-41cd-9008-efc9b28c6afd', 'username': 'lazytiger970', 'password': '999999', 'salt': 'UUjfX2La', 'md5': '20a4fc5adca9c434ac3291ec7e78e5bc', 'sha1': '3b544e19c949155c173c0eb6cc97401e3113c797', 'sha256': 'c7170e6ca6b61656c2bc655073a4a8d1e569b2b08419c254265014f6bdec91f7'}, 'dob': {'date': '1990-08-13T14:42:12.549Z', 'age': 33}, 'registered': {'date': '2014-03-14T05:42:37.096Z', 'age': 10}, 'phone': '(615) 746 9824', 'cell': '(627) 982 3023', 'id': {'name': 'NSS', 'value': '84 45 84 9934 3'}, 'picture': {'large': 'https://randomuser.me/api/portraits/women/69.jpg', 'medium': 'https://randomuser.me/api/portraits/med/women/69.jpg', 'thumbnail': 'https://randomuser.me/api/portraits/thumb/women/69.jpg'}, 'nat': 'MX'}], 'info': {'seed': '1ea3346b9e4dd719', 'results': 1, 'page': 1, 'version': '1.4'}}</msg>
<arg>${json_data}</arg>
<doc>Logs the given message with the given level.</doc>
<status status="PASS" start="2024-05-27T19:12:22.033429" elapsed="0.000231"/>
</kw>
<kw name="Should Be Equal As Numbers" owner="BuiltIn">
<arg>${json_data['results'][0]['location']['postcode']}</arg>
<arg>${json_data['results'][0]['location']['postcode']}</arg>
<doc>Fails if objects are unequal after converting them to real numbers.</doc>
<status status="PASS" start="2024-05-27T19:12:22.033961" elapsed="0.000782"/>
</kw>
<kw name="Log" owner="BuiltIn">
<msg time="2024-05-27T19:12:22.035270" level="INFO">22409</msg>
<arg>${json_data['results'][0]['location']['postcode']}</arg>
<doc>Logs the given message with the given level.</doc>
<status status="PASS" start="2024-05-27T19:12:22.034935" elapsed="0.000375"/>
</kw>
<status status="PASS" start="2024-05-27T19:12:21.926757" elapsed="0.108803"/>
</kw>
<doc>Testa se os tipos de dados na resposta da API estão corretos.</doc>
<tag>testeTiposDados</tag>
<status status="PASS" start="2024-05-27T19:12:21.827203" elapsed="0.208515"/>
</test>
<test id="s1-s1-t5" name="Validar conteudo" line="35">
<kw name="Teste de Tipos de Conteudo" owner="random-user-service">
<kw name="GET On Session" owner="RequestsLibrary">
<msg time="2024-05-27T19:12:22.109587" level="INFO">GET Request : url=https://randomuser.me/api 
 path_url=/api 
 headers={'User-Agent': 'python-requests/2.32.2', 'Accept-Encoding': 'gzip, deflate', 'Accept': '*/*', 'Connection': 'keep-alive'} 
 body=None 
 </msg>
<msg time="2024-05-27T19:12:22.109665" level="INFO">GET Response : url=https://randomuser.me/api 
 status=200, reason=OK 
 headers={'Date': 'Mon, 27 May 2024 19:12:22 GMT', 'Content-Type': 'application/json; charset=utf-8', 'Transfer-Encoding': 'chunked', 'Connection': 'keep-alive', 'X-Powered-By': 'Express', 'Access-Control-Allow-Origin': '*', 'Cache-Control': 'no-cache', 'ETag': 'W/"45d-URq50M/skd0GCKOv9QZnOS+kRek"', 'Vary': 'Accept-Encoding', 'Content-Encoding': 'gzip', 'CF-Cache-Status': 'DYNAMIC', 'Report-To': '{"endpoints":[{"url":"https:\\/\\/a.nel.cloudflare.com\\/report\\/v4?s=E%2FyNDIV0kErYKJRSqbrCran5%2FFvpi5y09RDKMCFR7QChpwUqfd38bmmGIgzs4FHqp69ESZErbhiiUiaqgWflrFBKyBZqnsi9DfOJKItbg2x2gNj1utXOTIfsMpKNNVZE"}],"group":"cf-nel","max_age":604800}', 'NEL': '{"success_fraction":0,"report_to":"cf-nel","max_age":604800}', 'Server': 'cloudflare', 'CF-RAY': '88a850e9ca6329b6-IAD', 'alt-svc': 'h3=":443"; ma=86400'} 
 body={"results":[{"gender":"male","name":{"title":"Mr","first":"Yasin","last":"Fidje"},"location":{"street":{"number":3184,"name":"Heikampveien"},"city":"Kvam","state":"Vest-Agder","country":"Norway","postcode":"8207","coordinates":{"latitude":"46.0056","longitude":"-62.9852"},"timezone":{"offset":"+3:30","description":"Tehran"}},"email":"yasin.fidje@example.com","login":{"uuid":"f39556e2-d1d5-463b-a41f-1306d6c01e9d","username":"bigzebra170","password":"dottie","salt":"ZfZvAmU4","md5":"b478219079ed8200f7ce7a570a555f80","sha1":"1159c91933ff857685e1df2decba8d7940437557","sha256":"b99c55021acfd860c43772fe5e79eedda4e970e40e785e8cc8212329088d37f3"},"dob":{"date":"1957-03-17T00:46:44.174Z","age":67},"registered":{"date":"2002-09-15T17:04:35.884Z","age":21},"phone":"74801958","cell":"94492638","id":{"name":"FN","value":"17035738509"},"picture":{"large":"https://randomuser.me/api/portraits/men/43.jpg","medium":"https://randomuser.me/api/portraits/med/men/43.jpg","thumbnail":"https://randomuser.me/api/portraits/thumb/men/43.jpg"},"nat":"NO"}],"info":{"seed":"2ef63a28478d407d","results":1,"page":1,"version":"1.4"}} 
 </msg>
<msg time="2024-05-27T19:12:22.109723" level="INFO">/opt/hostedtoolcache/Python/3.12.3/x64/lib/python3.12/site-packages/urllib3/connectionpool.py:1103: InsecureRequestWarning: Unverified HTTPS request is being made to host 'randomuser.me'. Adding certificate verification is strongly advised. See: https://urllib3.readthedocs.io/en/latest/advanced-usage.html#tls-warnings
  warnings.warn(</msg>
<msg time="2024-05-27T19:12:22.109818" level="INFO">${response} = &lt;Response [200]&gt;</msg>
<var>${response}</var>
<arg>consultarAPI</arg>
<arg>/api</arg>
<doc>Sends a GET request on a previously created HTTP Session.</doc>
<status status="PASS" start="2024-05-27T19:12:22.038860" elapsed="0.070995"/>
</kw>
<kw name="Set Variable" owner="BuiltIn">
<msg time="2024-05-27T19:12:22.110767" level="INFO">${json_data} = {'results': [{'gender': 'male', 'name': {'title': 'Mr', 'first': 'Yasin', 'last': 'Fidje'}, 'location': {'street': {'number': 3184, 'name': 'Heikampveien'}, 'city': 'Kvam', 'state': 'Vest-Agder', 'cou...</msg>
<var>${json_data}</var>
<arg>${response.json()}</arg>
<doc>Returns the given values which can then be assigned to a variables.</doc>
<status status="PASS" start="2024-05-27T19:12:22.110308" elapsed="0.000487"/>
</kw>
<kw name="Set Variable" owner="BuiltIn">
<msg time="2024-05-27T19:12:22.111480" level="INFO">${name_title} = Mr</msg>
<var>${name_title}</var>
<arg>${json_data["results"][0]["name"]["title"]}</arg>
<doc>Returns the given values which can then be assigned to a variables.</doc>
<status status="PASS" start="2024-05-27T19:12:22.111097" elapsed="0.000408"/>
</kw>
<kw name="Create List" owner="BuiltIn">
<msg time="2024-05-27T19:12:22.111949" level="INFO">${allowed_titles} = ['Mr', 'Ms', 'Miss', 'Mrs', 'Madame', 'Monsieur']</msg>
<var>${allowed_titles}</var>
<arg>Mr</arg>
<arg>Ms</arg>
<arg>Miss</arg>
<arg>Mrs</arg>
<arg>Madame</arg>
<arg>Monsieur</arg>
<doc>Returns a list containing given items.</doc>
<status status="PASS" start="2024-05-27T19:12:22.111801" elapsed="0.000172"/>
</kw>
<kw name="List Should Contain Value" owner="Collections">
<msg time="2024-05-27T19:12:22.112451" level="INFO">False</msg>
<arg>${allowed_titles}</arg>
<arg>${name_title}</arg>
<doc>Fails if the ``value`` is not found from ``list``.</doc>
<status status="PASS" start="2024-05-27T19:12:22.112273" elapsed="0.000214"/>
</kw>
<kw name="Set Variable" owner="BuiltIn">
<msg time="2024-05-27T19:12:22.113149" level="INFO">${name_country} = NO</msg>
<var>${name_country}</var>
<arg>${json_data["results"][0]["nat"]}</arg>
<doc>Returns the given values which can then be assigned to a variables.</doc>
<status status="PASS" start="2024-05-27T19:12:22.112775" elapsed="0.000399"/>
</kw>
<kw name="Create List" owner="BuiltIn">
<msg time="2024-05-27T19:12:22.114088" level="INFO">${list_country} = ['AD', 'AE', 'AF', 'AG', 'AI', 'AL', 'AM', 'AO', 'AQ', 'AR', 'AS', 'AT', 'AU', 'AW', 'AX', 'AZ', 'BA', 'BB', 'BD', 'BE', 'BF', 'BG', 'BH', 'BI', 'BJ', 'BL', 'BM', 'BN', 'BO', 'BQ', 'BR', 'BS', 'BT', '...</msg>
<var>${list_country}</var>
<arg>AD</arg>
<arg>AE</arg>
<arg>AF</arg>
<arg>AG</arg>
<arg>AI</arg>
<arg>AL</arg>
<arg>AM</arg>
<arg>AO</arg>
<arg>AQ</arg>
<arg>AR</arg>
<arg>AS</arg>
<arg>AT</arg>
<arg>AU</arg>
<arg>AW</arg>
<arg>AX</arg>
<arg>AZ</arg>
<arg>BA</arg>
<arg>BB</arg>
<arg>BD</arg>
<arg>BE</arg>
<arg>BF</arg>
<arg>BG</arg>
<arg>BH</arg>
<arg>BI</arg>
<arg>BJ</arg>
<arg>BL</arg>
<arg>BM</arg>
<arg>BN</arg>
<arg>BO</arg>
<arg>BQ</arg>
<arg>BR</arg>
<arg>BS</arg>
<arg>BT</arg>
<arg>BV</arg>
<arg>BW</arg>
<arg>BY</arg>
<arg>BZ</arg>
<arg>CA</arg>
<arg>CC</arg>
<arg>CD</arg>
<arg>CF</arg>
<arg>CG</arg>
<arg>CH</arg>
<arg>CI</arg>
<arg>CK</arg>
<arg>CL</arg>
<arg>CM</arg>
<arg>CN</arg>
<arg>CO</arg>
<arg>CR</arg>
<arg>CU</arg>
<arg>CV</arg>
<arg>CW</arg>
<arg>CX</arg>
<arg>CY</arg>
<arg>CZ</arg>
<arg>DE</arg>
<arg>DJ</arg>
<arg>DK</arg>
<arg>DM</arg>
<arg>DO</arg>
<arg>DZ</arg>
<arg>EC</arg>
<arg>EE</arg>
<arg>EG</arg>
<arg>EH</arg>
<arg>ER</arg>
<arg>ES</arg>
<arg>ET</arg>
<arg>FI</arg>
<arg>FJ</arg>
<arg>FK</arg>
<arg>FM</arg>
<arg>FO</arg>
<arg>FR</arg>
<arg>GA</arg>
<arg>GB</arg>
<arg>GD</arg>
<arg>GE</arg>
<arg>GF</arg>
<arg>GG</arg>
<arg>GH</arg>
<arg>GI</arg>
<arg>GL</arg>
<arg>GM</arg>
<arg>GN</arg>
<arg>GP</arg>
<arg>GQ</arg>
<arg>GR</arg>
<arg>GS</arg>
<arg>GT</arg>
<arg>GU</arg>
<arg>GW</arg>
<arg>GY</arg>
<arg>HK</arg>
<arg>HM</arg>
<arg>HN</arg>
<arg>HR</arg>
<arg>HT</arg>
<arg>HU</arg>
<arg>ID</arg>
<arg>IE</arg>
<arg>IL</arg>
<arg>IM</arg>
<arg>IN</arg>
<arg>IO</arg>
<arg>IQ</arg>
<arg>IR</arg>
<arg>IS</arg>
<arg>IT</arg>
<arg>JE</arg>
<arg>JM</arg>
<arg>JO</arg>
<arg>JP</arg>
<arg>KE</arg>
<arg>KG</arg>
<arg>KH</arg>
<arg>KI</arg>
<arg>KM</arg>
<arg>KN</arg>
<arg>KP</arg>
<arg>KR</arg>
<arg>KW</arg>
<arg>KY</arg>
<arg>KZ</arg>
<arg>LA</arg>
<arg>LB</arg>
<arg>LC</arg>
<arg>LI</arg>
<arg>LK</arg>
<arg>LR</arg>
<arg>LS</arg>
<arg>LT</arg>
<arg>LU</arg>
<arg>LV</arg>
<arg>LY</arg>
<arg>MA</arg>
<arg>MC</arg>
<arg>MD</arg>
<arg>ME</arg>
<arg>MF</arg>
<arg>MG</arg>
<arg>MH</arg>
<arg>MK</arg>
<arg>ML</arg>
<arg>MM</arg>
<arg>MN</arg>
<arg>MO</arg>
<arg>MP</arg>
<arg>MQ</arg>
<arg>MR</arg>
<arg>MS</arg>
<arg>MT</arg>
<arg>MU</arg>
<arg>MV</arg>
<arg>MW</arg>
<arg>MX</arg>
<arg>MY</arg>
<arg>MZ</arg>
<arg>NA</arg>
<arg>NC</arg>
<arg>NE</arg>
<arg>NF</arg>
<arg>NG</arg>
<arg>NI</arg>
<arg>NL</arg>
<arg>NO</arg>
<arg>NP</arg>
<arg>NR</arg>
<arg>NU</arg>
<arg>NZ</arg>
<arg>OM</arg>
<arg>PA</arg>
<arg>PE</arg>
<arg>PF</arg>
<arg>PG</arg>
<arg>PH</arg>
<arg>PK</arg>
<arg>PL</arg>
<arg>PM</arg>
<arg>PN</arg>
<arg>PR</arg>
<arg>PS</arg>
<arg>PT</arg>
<arg>PW</arg>
<arg>PY</arg>
<arg>QA</arg>
<arg>RE</arg>
<arg>RO</arg>
<arg>RS</arg>
<arg>RU</arg>
<arg>RW</arg>
<arg>SA</arg>
<arg>SB</arg>
<arg>SC</arg>
<arg>SD</arg>
<arg>SE</arg>
<arg>SG</arg>
<arg>SH</arg>
<arg>SI</arg>
<arg>SJ</arg>
<arg>SK</arg>
<arg>SL</arg>
<arg>SM</arg>
<arg>SN</arg>
<arg>SO</arg>
<arg>SR</arg>
<arg>SS</arg>
<arg>ST</arg>
<arg>SV</arg>
<arg>SX</arg>
<arg>SY</arg>
<arg>SZ</arg>
<arg>TC</arg>
<arg>TD</arg>
<arg>TF</arg>
<arg>TG</arg>
<arg>TH</arg>
<arg>TJ</arg>
<arg>TK</arg>
<arg>TL</arg>
<arg>TM</arg>
<arg>TN</arg>
<arg>TO</arg>
<arg>TR</arg>
<arg>TT</arg>
<arg>TV</arg>
<arg>TW</arg>
<arg>TZ</arg>
<arg>UA</arg>
<arg>UG</arg>
<arg>UM</arg>
<arg>US</arg>
<arg>UY</arg>
<arg>UZ</arg>
<arg>VA</arg>
<arg>VC</arg>
<arg>VE</arg>
<arg>VG</arg>
<arg>VI</arg>
<arg>VN</arg>
<arg>VU</arg>
<arg>WF</arg>
<arg>WS</arg>
<arg>XK</arg>
<arg>YE</arg>
<arg>YT</arg>
<arg>ZA</arg>
<arg>ZM</arg>
<arg>ZW</arg>
<doc>Returns a list containing given items.</doc>
<status status="PASS" start="2024-05-27T19:12:22.113475" elapsed="0.000647"/>
</kw>
<kw name="List Should Contain Value" owner="Collections">
<msg time="2024-05-27T19:12:22.115116" level="INFO">False</msg>
<arg>${list_country}</arg>
<arg>${name_country}</arg>
<doc>Fails if the ``value`` is not found from ``list``.</doc>
<status status="PASS" start="2024-05-27T19:12:22.114906" elapsed="0.000252"/>
</kw>
<kw name="Run Keyword If" owner="BuiltIn">
<kw name="Should Be True" owner="BuiltIn">
<arg>${True}</arg>
<doc>Fails if the given condition is not true.</doc>
<status status="PASS" start="2024-05-27T19:12:22.116206" elapsed="0.000143"/>
</kw>
<arg>${json_data["results"][0]["location"]["coordinates"]["latitude"]} &gt;= -90 and ${json_data["results"][0]["location"]["coordinates"]["latitude"]} &lt;= 90</arg>
<arg>Should Be True</arg>
<arg>${True}</arg>
<doc>Runs the given keyword with the given arguments, if ``condition`` is true.</doc>
<status status="PASS" start="2024-05-27T19:12:22.115468" elapsed="0.001007"/>
</kw>
<kw name="Run Keyword If" owner="BuiltIn">
<kw name="Should Be True" owner="BuiltIn">
<arg>${True}</arg>
<doc>Fails if the given condition is not true.</doc>
<status status="PASS" start="2024-05-27T19:12:22.117349" elapsed="0.000252"/>
</kw>
<arg>${json_data["results"][0]["location"]["coordinates"]["longitude"]} &gt;= -180 and ${json_data["results"][0]["location"]["coordinates"]["longitude"]} &lt;= 180</arg>
<arg>Should Be True</arg>
<arg>${True}</arg>
<doc>Runs the given keyword with the given arguments, if ``condition`` is true.</doc>
<status status="PASS" start="2024-05-27T19:12:22.116657" elapsed="0.001071"/>
</kw>
<status status="PASS" start="2024-05-27T19:12:22.038501" elapsed="0.079358"/>
</kw>
<doc>Testa o conteúdo específico dos campos retornados pela API.</doc>
<tag>testeConteudo</tag>
<status status="PASS" start="2024-05-27T19:12:22.037823" elapsed="0.080214"/>
</test>
<status status="PASS" start="2024-05-27T19:12:21.175248" elapsed="0.944664"/>
</suite>
<status status="PASS" start="2024-05-27T19:12:21.161507" elapsed="0.963500"/>
</suite>
<statistics>
<total>
<stat pass="5" fail="0" skip="0">All Tests</stat>
</total>
<tag>
<stat pass="1" fail="0" skip="0">testeConteudo</stat>
<stat pass="1" fail="0" skip="0">testeEstruturaResposta</stat>
<stat pass="1" fail="0" skip="0">testeRequisicaoBasica</stat>
<stat pass="1" fail="0" skip="0">testeTiposDados</stat>
</tag>
<suite>
<stat pass="5" fail="0" skip="0" id="s1" name="Tests">Tests</stat>
<stat pass="5" fail="0" skip="0" id="s1-s1" name="Random-User-Test">Tests.Random-User-Test</stat>
</suite>
</statistics>
<errors>
</errors>
</robot>
