<?xml version="1.0" encoding="UTF-8"?>
<robot generator="Robot 7.0 (Python 3.12.2 on linux)" generated="2024-03-29T19:11:39.697852" rpa="false" schemaversion="5">
<suite id="s1" name="Tests" source="/home/runner/work/DesafioQAItauRogerioJordao/DesafioQAItauRogerioJordao/RamdonUser/tests">
<suite id="s1-s1" name="Random-User-Test" source="/home/runner/work/DesafioQAItauRogerioJordao/DesafioQAItauRogerioJordao/RamdonUser/tests/random-user-test.robot">
<test id="s1-s1-t1" name="Conectar" line="13">
<kw name="Conectar API" owner="random-user-service">
<kw name="Create Session" owner="RequestsLibrary">
<msg time="2024-03-29T19:11:40.047255" level="INFO">Creating Session using : alias=consultarAPI, url=https://randomuser.me/, headers={},                     cookies={}, auth=None, timeout=None, proxies=None, verify=False,                     debug=0 </msg>
<arg>consultarAPI</arg>
<arg>${URL}</arg>
<doc>Create Session: create a HTTP session to a server</doc>
<status status="PASS" start="2024-03-29T19:11:40.047059" elapsed="0.000352"/>
</kw>
<status status="PASS" start="2024-03-29T19:11:40.046076" elapsed="0.001682"/>
</kw>
<status status="PASS" start="2024-03-29T19:11:40.045581" elapsed="0.002382"/>
</test>
<test id="s1-s1-t2" name="Validar retorno 200 e JSON Válido" line="16">
<kw name="Teste de Requisicao Basica" owner="random-user-service">
<kw name="GET On Session" owner="RequestsLibrary">
<msg time="2024-03-29T19:11:40.141486" level="INFO">GET Request : url=https://randomuser.me/api 
 path_url=/api 
 headers={'User-Agent': 'python-requests/2.31.0', 'Accept-Encoding': 'gzip, deflate', 'Accept': '*/*', 'Connection': 'keep-alive'} 
 body=None 
 </msg>
<msg time="2024-03-29T19:11:40.141583" level="INFO">GET Response : url=https://randomuser.me/api 
 status=200, reason=OK 
 headers={'Date': 'Fri, 29 Mar 2024 19:11:40 GMT', 'Content-Type': 'application/json; charset=utf-8', 'Transfer-Encoding': 'chunked', 'Connection': 'keep-alive', 'X-Powered-By': 'Express', 'Access-Control-Allow-Origin': '*', 'Cache-Control': 'no-cache', 'ETag': 'W/"481-zyutcp2d9F+oiQljCazRPhaXV9g"', 'Vary': 'Accept-Encoding', 'Content-Encoding': 'gzip', 'CF-Cache-Status': 'DYNAMIC', 'Report-To': '{"endpoints":[{"url":"https:\\/\\/a.nel.cloudflare.com\\/report\\/v4?s=6AvqrCJ%2FAUTury4PX8JWXWXDHwo4xJVMzppX%2BEYLLemWd526YeYzG8v31d4SqYaVNFrKNYVbaTZrSUkjG4KHO5ptMneSqX82QI3BFRRmw5kHQjPAyGcSiCL1Qir1chv4"}],"group":"cf-nel","max_age":604800}', 'NEL': '{"success_fraction":0,"report_to":"cf-nel","max_age":604800}', 'Server': 'cloudflare', 'CF-RAY': '86c22ac38d088f48-ORD', 'alt-svc': 'h3=":443"; ma=86400'} 
 body={"results":[{"gender":"female","name":{"title":"Ms","first":"Wiepke","last":"Rooze"},"location":{"street":{"number":3817,"name":"Kummel"},"city":"Nieuwendijk Nb","state":"Friesland","country":"Netherlands","postcode":"8131 EC","coordinates":{"latitude":"35.9238","longitude":"120.3455"},"timezone":{"offset":"-10:00","description":"Hawaii"}},"email":"wiepke.rooze@example.com","login":{"uuid":"f9b16f93-980a-47e0-a9d1-51d2b9e2bedb","username":"beautifulgoose192","password":"slappy","salt":"FbPE6czL","md5":"0c4ea62e7ea644616767fb60be303de0","sha1":"757f64fb85c1256923cbb7f67ce49596c184cad6","sha256":"53c9caf936684d7fbbf352d5b9c2e65da1d10608c3d45b2239dc019349c86126"},"dob":{"date":"1992-10-11T13:50:58.544Z","age":31},"registered":{"date":"2005-07-26T16:35:48.221Z","age":18},"phone":"(069) 1788706","cell":"(06) 36152690","id":{"name":"BSN","value":"57672338"},"picture":{"large":"https://randomuser.me/api/portraits/women/69.jpg","medium":"https://randomuser.me/api/portraits/med/women/69.jpg","thumbnail":"https://randomuser.me/api/portraits/thumb/women/69.jpg"},"nat":"NL"}],"info":{"seed":"43aab767a24de8f1","results":1,"page":1,"version":"1.4"}} 
 </msg>
<msg time="2024-03-29T19:11:40.141671" level="INFO">/opt/hostedtoolcache/Python/3.12.2/x64/lib/python3.12/site-packages/urllib3/connectionpool.py:1103: InsecureRequestWarning: Unverified HTTPS request is being made to host 'randomuser.me'. Adding certificate verification is strongly advised. See: https://urllib3.readthedocs.io/en/latest/advanced-usage.html#tls-warnings
  warnings.warn(</msg>
<msg time="2024-03-29T19:11:40.141781" level="INFO">${response} = &lt;Response [200]&gt;</msg>
<var>${response}</var>
<arg>consultarAPI</arg>
<arg>/api</arg>
<doc>Sends a GET request on a previously created HTTP Session.</doc>
<status status="PASS" start="2024-03-29T19:11:40.050630" elapsed="0.091195"/>
</kw>
<kw name="Should Be Equal As Numbers" owner="BuiltIn">
<msg time="2024-03-29T19:11:40.142815" level="INFO">Argument types are:
&lt;class 'int'&gt;
&lt;class 'str'&gt;</msg>
<arg>${response.status_code}</arg>
<arg>200</arg>
<doc>Fails if objects are unequal after converting them to real numbers.</doc>
<status status="PASS" start="2024-03-29T19:11:40.142318" elapsed="0.000561"/>
</kw>
<kw name="Log" owner="BuiltIn">
<msg time="2024-03-29T19:11:40.143557" level="INFO">200</msg>
<arg>${response.status_code}</arg>
<doc>Logs the given message with the given level.</doc>
<status status="PASS" start="2024-03-29T19:11:40.143200" elapsed="0.000401"/>
</kw>
<kw name="Set Variable" owner="BuiltIn">
<msg time="2024-03-29T19:11:40.144411" level="INFO">${json_data} = {'results': [{'gender': 'female', 'name': {'title': 'Ms', 'first': 'Wiepke', 'last': 'Rooze'}, 'location': {'street': {'number': 3817, 'name': 'Kummel'}, 'city': 'Nieuwendijk Nb', 'state': 'Friesland'...</msg>
<var>${json_data}</var>
<arg>${response.json()}</arg>
<doc>Returns the given values which can then be assigned to a variables.</doc>
<status status="PASS" start="2024-03-29T19:11:40.143927" elapsed="0.000512"/>
</kw>
<kw name="Dictionary Should Contain Key" owner="Collections">
<msg time="2024-03-29T19:11:40.144909" level="INFO">False</msg>
<arg>${json_data}</arg>
<arg>results</arg>
<doc>Fails if ``key`` is not found from ``dictionary``.</doc>
<status status="PASS" start="2024-03-29T19:11:40.144746" elapsed="0.000201"/>
</kw>
<status status="PASS" start="2024-03-29T19:11:40.050378" elapsed="0.094821"/>
</kw>
<doc>Testa se a API responde corretamente e retorna um objeto JSON válido.</doc>
<tag>testeRequisicaoBasica</tag>
<status status="PASS" start="2024-03-29T19:11:40.049925" elapsed="0.095446"/>
</test>
<test id="s1-s1-t3" name="Validar estrutura de resposta" line="22">
<kw name="Teste de Estrutura de Resposta" owner="random-user-service">
<kw name="GET On Session" owner="RequestsLibrary">
<msg time="2024-03-29T19:11:40.249665" level="INFO">GET Request : url=https://randomuser.me/api 
 path_url=/api 
 headers={'User-Agent': 'python-requests/2.31.0', 'Accept-Encoding': 'gzip, deflate', 'Accept': '*/*', 'Connection': 'keep-alive'} 
 body=None 
 </msg>
<msg time="2024-03-29T19:11:40.249752" level="INFO">GET Response : url=https://randomuser.me/api 
 status=200, reason=OK 
 headers={'Date': 'Fri, 29 Mar 2024 19:11:40 GMT', 'Content-Type': 'application/json; charset=utf-8', 'Transfer-Encoding': 'chunked', 'Connection': 'keep-alive', 'X-Powered-By': 'Express', 'Access-Control-Allow-Origin': '*', 'Cache-Control': 'no-cache', 'ETag': 'W/"482-IOWNMsvCC0hT9EPYQtkf8NTzpzk"', 'Vary': 'Accept-Encoding', 'Content-Encoding': 'gzip', 'CF-Cache-Status': 'DYNAMIC', 'Report-To': '{"endpoints":[{"url":"https:\\/\\/a.nel.cloudflare.com\\/report\\/v4?s=bpRcogbzDUnPQja1k%2B0A%2Bj4aFCg23oA29s%2FmoDEe8GmMYsfEUm11qM%2BiBb8So2agLrBA7IRsa3C8GZ965bYWnL5O%2Bn6hHxAGOMF0UNtD1mWf3Z15wNAtCIfQFqkh4zoB"}],"group":"cf-nel","max_age":604800}', 'NEL': '{"success_fraction":0,"report_to":"cf-nel","max_age":604800}', 'Server': 'cloudflare', 'CF-RAY': '86c22ac3edb58f48-ORD', 'alt-svc': 'h3=":443"; ma=86400'} 
 body={"results":[{"gender":"male","name":{"title":"Mr","first":"Brynjar","last":"Erstad"},"location":{"street":{"number":7523,"name":"Youngstorget"},"city":"Hellerud","state":"Nord-Trøndelag","country":"Norway","postcode":"3124","coordinates":{"latitude":"43.1213","longitude":"-0.8699"},"timezone":{"offset":"+4:00","description":"Abu Dhabi, Muscat, Baku, Tbilisi"}},"email":"brynjar.erstad@example.com","login":{"uuid":"229cf463-7435-49d5-ada2-b8dd13bdc0a4","username":"reddog723","password":"stella","salt":"CsouK3vi","md5":"d9597786200e223395c7593a1c1aabcf","sha1":"9a2323cf5c1d8f1c627287f34324e078ab78275d","sha256":"49fa8794b1d7bc27c1bcfd7ec8b9455269485e5d367229fee9f7a9be19155382"},"dob":{"date":"1976-07-01T01:46:05.370Z","age":47},"registered":{"date":"2019-11-06T02:48:27.894Z","age":4},"phone":"22788062","cell":"92930504","id":{"name":"FN","value":"01077631379"},"picture":{"large":"https://randomuser.me/api/portraits/men/83.jpg","medium":"https://randomuser.me/api/portraits/med/men/83.jpg","thumbnail":"https://randomuser.me/api/portraits/thumb/men/83.jpg"},"nat":"NO"}],"info":{"seed":"54fb04bc9156c455","results":1,"page":1,"version":"1.4"}} 
 </msg>
<msg time="2024-03-29T19:11:40.249895" level="INFO">/opt/hostedtoolcache/Python/3.12.2/x64/lib/python3.12/site-packages/urllib3/connectionpool.py:1103: InsecureRequestWarning: Unverified HTTPS request is being made to host 'randomuser.me'. Adding certificate verification is strongly advised. See: https://urllib3.readthedocs.io/en/latest/advanced-usage.html#tls-warnings
  warnings.warn(</msg>
<msg time="2024-03-29T19:11:40.250035" level="INFO">${response} = &lt;Response [200]&gt;</msg>
<var>${response}</var>
<arg>consultarAPI</arg>
<arg>/api</arg>
<doc>Sends a GET request on a previously created HTTP Session.</doc>
<status status="PASS" start="2024-03-29T19:11:40.148140" elapsed="0.101949"/>
</kw>
<kw name="Set Variable" owner="BuiltIn">
<msg time="2024-03-29T19:11:40.251203" level="INFO">${json_data} = {'results': [{'gender': 'male', 'name': {'title': 'Mr', 'first': 'Brynjar', 'last': 'Erstad'}, 'location': {'street': {'number': 7523, 'name': 'Youngstorget'}, 'city': 'Hellerud', 'state': 'Nord-Trønd...</msg>
<var>${json_data}</var>
<arg>${response.json()}</arg>
<doc>Returns the given values which can then be assigned to a variables.</doc>
<status status="PASS" start="2024-03-29T19:11:40.250622" elapsed="0.000611"/>
</kw>
<kw name="Log" owner="BuiltIn">
<msg time="2024-03-29T19:11:40.251703" level="INFO">{'results': [{'gender': 'male', 'name': {'title': 'Mr', 'first': 'Brynjar', 'last': 'Erstad'}, 'location': {'street': {'number': 7523, 'name': 'Youngstorget'}, 'city': 'Hellerud', 'state': 'Nord-Trøndelag', 'country': 'Norway', 'postcode': '3124', 'coordinates': {'latitude': '43.1213', 'longitude': '-0.8699'}, 'timezone': {'offset': '+4:00', 'description': 'Abu Dhabi, Muscat, Baku, Tbilisi'}}, 'email': 'brynjar.erstad@example.com', 'login': {'uuid': '229cf463-7435-49d5-ada2-b8dd13bdc0a4', 'username': 'reddog723', 'password': 'stella', 'salt': 'CsouK3vi', 'md5': 'd9597786200e223395c7593a1c1aabcf', 'sha1': '9a2323cf5c1d8f1c627287f34324e078ab78275d', 'sha256': '49fa8794b1d7bc27c1bcfd7ec8b9455269485e5d367229fee9f7a9be19155382'}, 'dob': {'date': '1976-07-01T01:46:05.370Z', 'age': 47}, 'registered': {'date': '2019-11-06T02:48:27.894Z', 'age': 4}, 'phone': '22788062', 'cell': '92930504', 'id': {'name': 'FN', 'value': '01077631379'}, 'picture': {'large': 'https://randomuser.me/api/portraits/men/83.jpg', 'medium': 'https://randomuser.me/api/portraits/med/men/83.jpg', 'thumbnail': 'https://randomuser.me/api/portraits/thumb/men/83.jpg'}, 'nat': 'NO'}], 'info': {'seed': '54fb04bc9156c455', 'results': 1, 'page': 1, 'version': '1.4'}}</msg>
<arg>${json_data}</arg>
<doc>Logs the given message with the given level.</doc>
<status status="PASS" start="2024-03-29T19:11:40.251542" elapsed="0.000211"/>
</kw>
<kw name="Dictionary Should Contain Key" owner="Collections">
<msg time="2024-03-29T19:11:40.252248" level="INFO">False</msg>
<arg>${json_data}</arg>
<arg>results</arg>
<doc>Fails if ``key`` is not found from ``dictionary``.</doc>
<status status="PASS" start="2024-03-29T19:11:40.252049" elapsed="0.000237"/>
</kw>
<kw name="Should Not Be Empty" owner="BuiltIn">
<msg time="2024-03-29T19:11:40.252721" level="INFO">Length is 2.</msg>
<arg>${json_data}</arg>
<doc>Verifies that the given item is not empty.</doc>
<status status="PASS" start="2024-03-29T19:11:40.252586" elapsed="0.000174"/>
</kw>
<kw name="Create List" owner="BuiltIn">
<msg time="2024-03-29T19:11:40.253198" level="INFO">${expected_keys} = ['gender', 'name', 'location', 'email', 'login']</msg>
<var>${expected_keys}</var>
<arg>gender</arg>
<arg>name</arg>
<arg>location</arg>
<arg>email</arg>
<arg>login</arg>
<doc>Returns a list containing given items.</doc>
<status status="PASS" start="2024-03-29T19:11:40.253050" elapsed="0.000172"/>
</kw>
<for flavor="IN">
<iter>
<kw name="Dictionary Should Contain Key" owner="Collections">
<msg time="2024-03-29T19:11:40.254173" level="INFO">False</msg>
<arg>${json_data['results'][0]}</arg>
<arg>${key}</arg>
<doc>Fails if ``key`` is not found from ``dictionary``.</doc>
<status status="PASS" start="2024-03-29T19:11:40.253769" elapsed="0.000443"/>
</kw>
<kw name="Log" owner="BuiltIn">
<msg time="2024-03-29T19:11:40.254882" level="INFO">{'gender': 'male', 'name': {'title': 'Mr', 'first': 'Brynjar', 'last': 'Erstad'}, 'location': {'street': {'number': 7523, 'name': 'Youngstorget'}, 'city': 'Hellerud', 'state': 'Nord-Trøndelag', 'country': 'Norway', 'postcode': '3124', 'coordinates': {'latitude': '43.1213', 'longitude': '-0.8699'}, 'timezone': {'offset': '+4:00', 'description': 'Abu Dhabi, Muscat, Baku, Tbilisi'}}, 'email': 'brynjar.erstad@example.com', 'login': {'uuid': '229cf463-7435-49d5-ada2-b8dd13bdc0a4', 'username': 'reddog723', 'password': 'stella', 'salt': 'CsouK3vi', 'md5': 'd9597786200e223395c7593a1c1aabcf', 'sha1': '9a2323cf5c1d8f1c627287f34324e078ab78275d', 'sha256': '49fa8794b1d7bc27c1bcfd7ec8b9455269485e5d367229fee9f7a9be19155382'}, 'dob': {'date': '1976-07-01T01:46:05.370Z', 'age': 47}, 'registered': {'date': '2019-11-06T02:48:27.894Z', 'age': 4}, 'phone': '22788062', 'cell': '92930504', 'id': {'name': 'FN', 'value': '01077631379'}, 'picture': {'large': 'https://randomuser.me/api/portraits/men/83.jpg', 'medium': 'https://randomuser.me/api/portraits/med/men/83.jpg', 'thumbnail': 'https://randomuser.me/api/portraits/thumb/men/83.jpg'}, 'nat': 'NO'}</msg>
<arg>${json_data['results'][0]}</arg>
<doc>Logs the given message with the given level.</doc>
<status status="PASS" start="2024-03-29T19:11:40.254517" elapsed="0.000421"/>
</kw>
<kw name="Log" owner="BuiltIn">
<msg time="2024-03-29T19:11:40.255372" level="INFO">gender</msg>
<arg>${key}</arg>
<doc>Logs the given message with the given level.</doc>
<status status="PASS" start="2024-03-29T19:11:40.255243" elapsed="0.000167"/>
</kw>
<var name="${key}">gender</var>
<status status="PASS" start="2024-03-29T19:11:40.253648" elapsed="0.001984"/>
</iter>
<iter>
<kw name="Dictionary Should Contain Key" owner="Collections">
<msg time="2024-03-29T19:11:40.256340" level="INFO">False</msg>
<arg>${json_data['results'][0]}</arg>
<arg>${key}</arg>
<doc>Fails if ``key`` is not found from ``dictionary``.</doc>
<status status="PASS" start="2024-03-29T19:11:40.255934" elapsed="0.000443"/>
</kw>
<kw name="Log" owner="BuiltIn">
<msg time="2024-03-29T19:11:40.257079" level="INFO">{'gender': 'male', 'name': {'title': 'Mr', 'first': 'Brynjar', 'last': 'Erstad'}, 'location': {'street': {'number': 7523, 'name': 'Youngstorget'}, 'city': 'Hellerud', 'state': 'Nord-Trøndelag', 'country': 'Norway', 'postcode': '3124', 'coordinates': {'latitude': '43.1213', 'longitude': '-0.8699'}, 'timezone': {'offset': '+4:00', 'description': 'Abu Dhabi, Muscat, Baku, Tbilisi'}}, 'email': 'brynjar.erstad@example.com', 'login': {'uuid': '229cf463-7435-49d5-ada2-b8dd13bdc0a4', 'username': 'reddog723', 'password': 'stella', 'salt': 'CsouK3vi', 'md5': 'd9597786200e223395c7593a1c1aabcf', 'sha1': '9a2323cf5c1d8f1c627287f34324e078ab78275d', 'sha256': '49fa8794b1d7bc27c1bcfd7ec8b9455269485e5d367229fee9f7a9be19155382'}, 'dob': {'date': '1976-07-01T01:46:05.370Z', 'age': 47}, 'registered': {'date': '2019-11-06T02:48:27.894Z', 'age': 4}, 'phone': '22788062', 'cell': '92930504', 'id': {'name': 'FN', 'value': '01077631379'}, 'picture': {'large': 'https://randomuser.me/api/portraits/men/83.jpg', 'medium': 'https://randomuser.me/api/portraits/med/men/83.jpg', 'thumbnail': 'https://randomuser.me/api/portraits/thumb/men/83.jpg'}, 'nat': 'NO'}</msg>
<arg>${json_data['results'][0]}</arg>
<doc>Logs the given message with the given level.</doc>
<status status="PASS" start="2024-03-29T19:11:40.256712" elapsed="0.000418"/>
</kw>
<kw name="Log" owner="BuiltIn">
<msg time="2024-03-29T19:11:40.257561" level="INFO">name</msg>
<arg>${key}</arg>
<doc>Logs the given message with the given level.</doc>
<status status="PASS" start="2024-03-29T19:11:40.257432" elapsed="0.000167"/>
</kw>
<var name="${key}">name</var>
<status status="PASS" start="2024-03-29T19:11:40.255820" elapsed="0.001995"/>
</iter>
<iter>
<kw name="Dictionary Should Contain Key" owner="Collections">
<msg time="2024-03-29T19:11:40.258496" level="INFO">False</msg>
<arg>${json_data['results'][0]}</arg>
<arg>${key}</arg>
<doc>Fails if ``key`` is not found from ``dictionary``.</doc>
<status status="PASS" start="2024-03-29T19:11:40.258109" elapsed="0.000425"/>
</kw>
<kw name="Log" owner="BuiltIn">
<msg time="2024-03-29T19:11:40.259190" level="INFO">{'gender': 'male', 'name': {'title': 'Mr', 'first': 'Brynjar', 'last': 'Erstad'}, 'location': {'street': {'number': 7523, 'name': 'Youngstorget'}, 'city': 'Hellerud', 'state': 'Nord-Trøndelag', 'country': 'Norway', 'postcode': '3124', 'coordinates': {'latitude': '43.1213', 'longitude': '-0.8699'}, 'timezone': {'offset': '+4:00', 'description': 'Abu Dhabi, Muscat, Baku, Tbilisi'}}, 'email': 'brynjar.erstad@example.com', 'login': {'uuid': '229cf463-7435-49d5-ada2-b8dd13bdc0a4', 'username': 'reddog723', 'password': 'stella', 'salt': 'CsouK3vi', 'md5': 'd9597786200e223395c7593a1c1aabcf', 'sha1': '9a2323cf5c1d8f1c627287f34324e078ab78275d', 'sha256': '49fa8794b1d7bc27c1bcfd7ec8b9455269485e5d367229fee9f7a9be19155382'}, 'dob': {'date': '1976-07-01T01:46:05.370Z', 'age': 47}, 'registered': {'date': '2019-11-06T02:48:27.894Z', 'age': 4}, 'phone': '22788062', 'cell': '92930504', 'id': {'name': 'FN', 'value': '01077631379'}, 'picture': {'large': 'https://randomuser.me/api/portraits/men/83.jpg', 'medium': 'https://randomuser.me/api/portraits/med/men/83.jpg', 'thumbnail': 'https://randomuser.me/api/portraits/thumb/men/83.jpg'}, 'nat': 'NO'}</msg>
<arg>${json_data['results'][0]}</arg>
<doc>Logs the given message with the given level.</doc>
<status status="PASS" start="2024-03-29T19:11:40.258833" elapsed="0.000412"/>
</kw>
<kw name="Log" owner="BuiltIn">
<msg time="2024-03-29T19:11:40.259666" level="INFO">location</msg>
<arg>${key}</arg>
<doc>Logs the given message with the given level.</doc>
<status status="PASS" start="2024-03-29T19:11:40.259539" elapsed="0.000165"/>
</kw>
<var name="${key}">location</var>
<status status="PASS" start="2024-03-29T19:11:40.257997" elapsed="0.001929"/>
</iter>
<iter>
<kw name="Dictionary Should Contain Key" owner="Collections">
<msg time="2024-03-29T19:11:40.260643" level="INFO">False</msg>
<arg>${json_data['results'][0]}</arg>
<arg>${key}</arg>
<doc>Fails if ``key`` is not found from ``dictionary``.</doc>
<status status="PASS" start="2024-03-29T19:11:40.260260" elapsed="0.000421"/>
</kw>
<kw name="Log" owner="BuiltIn">
<msg time="2024-03-29T19:11:40.261345" level="INFO">{'gender': 'male', 'name': {'title': 'Mr', 'first': 'Brynjar', 'last': 'Erstad'}, 'location': {'street': {'number': 7523, 'name': 'Youngstorget'}, 'city': 'Hellerud', 'state': 'Nord-Trøndelag', 'country': 'Norway', 'postcode': '3124', 'coordinates': {'latitude': '43.1213', 'longitude': '-0.8699'}, 'timezone': {'offset': '+4:00', 'description': 'Abu Dhabi, Muscat, Baku, Tbilisi'}}, 'email': 'brynjar.erstad@example.com', 'login': {'uuid': '229cf463-7435-49d5-ada2-b8dd13bdc0a4', 'username': 'reddog723', 'password': 'stella', 'salt': 'CsouK3vi', 'md5': 'd9597786200e223395c7593a1c1aabcf', 'sha1': '9a2323cf5c1d8f1c627287f34324e078ab78275d', 'sha256': '49fa8794b1d7bc27c1bcfd7ec8b9455269485e5d367229fee9f7a9be19155382'}, 'dob': {'date': '1976-07-01T01:46:05.370Z', 'age': 47}, 'registered': {'date': '2019-11-06T02:48:27.894Z', 'age': 4}, 'phone': '22788062', 'cell': '92930504', 'id': {'name': 'FN', 'value': '01077631379'}, 'picture': {'large': 'https://randomuser.me/api/portraits/men/83.jpg', 'medium': 'https://randomuser.me/api/portraits/med/men/83.jpg', 'thumbnail': 'https://randomuser.me/api/portraits/thumb/men/83.jpg'}, 'nat': 'NO'}</msg>
<arg>${json_data['results'][0]}</arg>
<doc>Logs the given message with the given level.</doc>
<status status="PASS" start="2024-03-29T19:11:40.260980" elapsed="0.000415"/>
</kw>
<kw name="Log" owner="BuiltIn">
<msg time="2024-03-29T19:11:40.261816" level="INFO">email</msg>
<arg>${key}</arg>
<doc>Logs the given message with the given level.</doc>
<status status="PASS" start="2024-03-29T19:11:40.261690" elapsed="0.000164"/>
</kw>
<var name="${key}">email</var>
<status status="PASS" start="2024-03-29T19:11:40.260135" elapsed="0.001939"/>
</iter>
<iter>
<kw name="Dictionary Should Contain Key" owner="Collections">
<msg time="2024-03-29T19:11:40.262747" level="INFO">False</msg>
<arg>${json_data['results'][0]}</arg>
<arg>${key}</arg>
<doc>Fails if ``key`` is not found from ``dictionary``.</doc>
<status status="PASS" start="2024-03-29T19:11:40.262365" elapsed="0.000419"/>
</kw>
<kw name="Log" owner="BuiltIn">
<msg time="2024-03-29T19:11:40.263431" level="INFO">{'gender': 'male', 'name': {'title': 'Mr', 'first': 'Brynjar', 'last': 'Erstad'}, 'location': {'street': {'number': 7523, 'name': 'Youngstorget'}, 'city': 'Hellerud', 'state': 'Nord-Trøndelag', 'country': 'Norway', 'postcode': '3124', 'coordinates': {'latitude': '43.1213', 'longitude': '-0.8699'}, 'timezone': {'offset': '+4:00', 'description': 'Abu Dhabi, Muscat, Baku, Tbilisi'}}, 'email': 'brynjar.erstad@example.com', 'login': {'uuid': '229cf463-7435-49d5-ada2-b8dd13bdc0a4', 'username': 'reddog723', 'password': 'stella', 'salt': 'CsouK3vi', 'md5': 'd9597786200e223395c7593a1c1aabcf', 'sha1': '9a2323cf5c1d8f1c627287f34324e078ab78275d', 'sha256': '49fa8794b1d7bc27c1bcfd7ec8b9455269485e5d367229fee9f7a9be19155382'}, 'dob': {'date': '1976-07-01T01:46:05.370Z', 'age': 47}, 'registered': {'date': '2019-11-06T02:48:27.894Z', 'age': 4}, 'phone': '22788062', 'cell': '92930504', 'id': {'name': 'FN', 'value': '01077631379'}, 'picture': {'large': 'https://randomuser.me/api/portraits/men/83.jpg', 'medium': 'https://randomuser.me/api/portraits/med/men/83.jpg', 'thumbnail': 'https://randomuser.me/api/portraits/thumb/men/83.jpg'}, 'nat': 'NO'}</msg>
<arg>${json_data['results'][0]}</arg>
<doc>Logs the given message with the given level.</doc>
<status status="PASS" start="2024-03-29T19:11:40.263076" elapsed="0.000404"/>
</kw>
<kw name="Log" owner="BuiltIn">
<msg time="2024-03-29T19:11:40.263897" level="INFO">login</msg>
<arg>${key}</arg>
<doc>Logs the given message with the given level.</doc>
<status status="PASS" start="2024-03-29T19:11:40.263771" elapsed="0.000268"/>
</kw>
<var name="${key}">login</var>
<status status="PASS" start="2024-03-29T19:11:40.262249" elapsed="0.002037"/>
</iter>
<var>${key}</var>
<value>@{expected_keys}</value>
<status status="PASS" start="2024-03-29T19:11:40.253474" elapsed="0.010963"/>
</for>
<kw name="Create List" owner="BuiltIn">
<msg time="2024-03-29T19:11:40.264779" level="INFO">${expected_keysTwo} = ['username', 'password']</msg>
<var>${expected_keysTwo}</var>
<arg>username</arg>
<arg>password</arg>
<doc>Returns a list containing given items.</doc>
<status status="PASS" start="2024-03-29T19:11:40.264639" elapsed="0.000165"/>
</kw>
<for flavor="IN">
<iter>
<kw name="Dictionary Should Contain Key" owner="Collections">
<msg time="2024-03-29T19:11:40.265708" level="INFO">False</msg>
<arg>${json_data['results'][0]['login']}</arg>
<arg>${keyTwo}</arg>
<doc>Fails if ``key`` is not found from ``dictionary``.</doc>
<status status="PASS" start="2024-03-29T19:11:40.265313" elapsed="0.000432"/>
</kw>
<kw name="Dictionary Should Contain Key" owner="Collections">
<msg time="2024-03-29T19:11:40.266421" level="INFO">False</msg>
<arg>${json_data['results'][0]['login']}</arg>
<arg>${keyTwo}</arg>
<doc>Fails if ``key`` is not found from ``dictionary``.</doc>
<status status="PASS" start="2024-03-29T19:11:40.266040" elapsed="0.000418"/>
</kw>
<kw name="Log" owner="BuiltIn">
<msg time="2024-03-29T19:11:40.266882" level="INFO">username</msg>
<arg>${keyTwo}</arg>
<doc>Logs the given message with the given level.</doc>
<status status="PASS" start="2024-03-29T19:11:40.266754" elapsed="0.000165"/>
</kw>
<var name="${keyTwo}">username</var>
<status status="PASS" start="2024-03-29T19:11:40.265202" elapsed="0.001930"/>
</iter>
<iter>
<kw name="Dictionary Should Contain Key" owner="Collections">
<msg time="2024-03-29T19:11:40.267796" level="INFO">False</msg>
<arg>${json_data['results'][0]['login']}</arg>
<arg>${keyTwo}</arg>
<doc>Fails if ``key`` is not found from ``dictionary``.</doc>
<status status="PASS" start="2024-03-29T19:11:40.267417" elapsed="0.000416"/>
</kw>
<kw name="Dictionary Should Contain Key" owner="Collections">
<msg time="2024-03-29T19:11:40.268551" level="INFO">False</msg>
<arg>${json_data['results'][0]['login']}</arg>
<arg>${keyTwo}</arg>
<doc>Fails if ``key`` is not found from ``dictionary``.</doc>
<status status="PASS" start="2024-03-29T19:11:40.268159" elapsed="0.000429"/>
</kw>
<kw name="Log" owner="BuiltIn">
<msg time="2024-03-29T19:11:40.269007" level="INFO">password</msg>
<arg>${keyTwo}</arg>
<doc>Logs the given message with the given level.</doc>
<status status="PASS" start="2024-03-29T19:11:40.268879" elapsed="0.000166"/>
</kw>
<var name="${keyTwo}">password</var>
<status status="PASS" start="2024-03-29T19:11:40.267308" elapsed="0.001954"/>
</iter>
<var>${keyTwo}</var>
<value>@{expected_keysTwo}</value>
<status status="PASS" start="2024-03-29T19:11:40.265051" elapsed="0.004335"/>
</for>
<status status="PASS" start="2024-03-29T19:11:40.147879" elapsed="0.121659"/>
</kw>
<doc>Testa a estrutura da resposta da API.</doc>
<tag>testeEstruturaResposta</tag>
<status status="PASS" start="2024-03-29T19:11:40.147166" elapsed="0.122526"/>
</test>
<test id="s1-s1-t4" name="Validar tipos de dados" line="28">
<kw name="Teste de Tipos de Dados" owner="random-user-service">
<kw name="GET On Session" owner="RequestsLibrary">
<msg time="2024-03-29T19:11:40.333272" level="INFO">GET Request : url=https://randomuser.me/api 
 path_url=/api 
 headers={'User-Agent': 'python-requests/2.31.0', 'Accept-Encoding': 'gzip, deflate', 'Accept': '*/*', 'Connection': 'keep-alive'} 
 body=None 
 </msg>
<msg time="2024-03-29T19:11:40.333349" level="INFO">GET Response : url=https://randomuser.me/api 
 status=200, reason=OK 
 headers={'Date': 'Fri, 29 Mar 2024 19:11:40 GMT', 'Content-Type': 'application/json; charset=utf-8', 'Transfer-Encoding': 'chunked', 'Connection': 'keep-alive', 'X-Powered-By': 'Express', 'Access-Control-Allow-Origin': '*', 'Cache-Control': 'no-cache', 'ETag': 'W/"49a-voY4b3wrRtXa2iXSUyY80BAdYN8"', 'Vary': 'Accept-Encoding', 'Content-Encoding': 'gzip', 'CF-Cache-Status': 'DYNAMIC', 'Report-To': '{"endpoints":[{"url":"https:\\/\\/a.nel.cloudflare.com\\/report\\/v4?s=cyiL6A%2FVw3mA4Vmp75Y%2B703ZOXjQbTxpQ2wYkMFvoKljDdhrCzvHDsM7qTktWMFlakqrt%2BudQLrWu75wU4HZFhl70AnBhe%2Fpq1HMTZVbWnS3AjTOvKIz%2BclyTaU%2FY5VB"}],"group":"cf-nel","max_age":604800}', 'NEL': '{"success_fraction":0,"report_to":"cf-nel","max_age":604800}', 'Server': 'cloudflare', 'CF-RAY': '86c22ac4aeb58f48-ORD', 'alt-svc': 'h3=":443"; ma=86400'} 
 body={"results":[{"gender":"female","name":{"title":"Ms","first":"Annemie","last":"Gutmann"},"location":{"street":{"number":7146,"name":"Bahnhofstraße"},"city":"Bottrop","state":"Nordrhein-Westfalen","country":"Germany","postcode":51708,"coordinates":{"latitude":"-53.6384","longitude":"20.1932"},"timezone":{"offset":"+6:00","description":"Almaty, Dhaka, Colombo"}},"email":"annemie.gutmann@example.com","login":{"uuid":"14dcb129-777b-4a7d-9930-4a35831da89d","username":"angryfish680","password":"cccccc","salt":"CBTPCZ2J","md5":"dc7074c4f3ca72e2ed79211985c96535","sha1":"1db869dd50eb56fb089c907233dd0f30faca85cc","sha256":"0bacf3f5a731177e4926795cfebfbcb91828c473bb92b6343467847e3d3a0b37"},"dob":{"date":"1955-09-14T02:40:05.877Z","age":68},"registered":{"date":"2009-04-17T14:09:32.571Z","age":14},"phone":"0108-6568544","cell":"0176-4828293","id":{"name":"SVNR","value":"19 130955 G 711"},"picture":{"large":"https://randomuser.me/api/portraits/women/53.jpg","medium":"https://randomuser.me/api/portraits/med/women/53.jpg","thumbnail":"https://randomuser.me/api/portraits/thumb/women/53.jpg"},"nat":"DE"}],"info":{"seed":"0f5683a328c7a7e7","results":1,"page":1,"version":"1.4"}} 
 </msg>
<msg time="2024-03-29T19:11:40.333416" level="INFO">/opt/hostedtoolcache/Python/3.12.2/x64/lib/python3.12/site-packages/urllib3/connectionpool.py:1103: InsecureRequestWarning: Unverified HTTPS request is being made to host 'randomuser.me'. Adding certificate verification is strongly advised. See: https://urllib3.readthedocs.io/en/latest/advanced-usage.html#tls-warnings
  warnings.warn(</msg>
<msg time="2024-03-29T19:11:40.333532" level="INFO">${response} = &lt;Response [200]&gt;</msg>
<var>${response}</var>
<arg>consultarAPI</arg>
<arg>/api</arg>
<doc>Sends a GET request on a previously created HTTP Session.</doc>
<status status="PASS" start="2024-03-29T19:11:40.272467" elapsed="0.061102"/>
</kw>
<kw name="Set Variable" owner="BuiltIn">
<msg time="2024-03-29T19:11:40.334371" level="INFO">${json_data} = {'results': [{'gender': 'female', 'name': {'title': 'Ms', 'first': 'Annemie', 'last': 'Gutmann'}, 'location': {'street': {'number': 7146, 'name': 'Bahnhofstraße'}, 'city': 'Bottrop', 'state': 'Nordrhe...</msg>
<var>${json_data}</var>
<arg>${response.json()}</arg>
<doc>Returns the given values which can then be assigned to a variables.</doc>
<status status="PASS" start="2024-03-29T19:11:40.333925" elapsed="0.000476"/>
</kw>
<kw name="Log" owner="BuiltIn">
<msg time="2024-03-29T19:11:40.334868" level="INFO">{'results': [{'gender': 'female', 'name': {'title': 'Ms', 'first': 'Annemie', 'last': 'Gutmann'}, 'location': {'street': {'number': 7146, 'name': 'Bahnhofstraße'}, 'city': 'Bottrop', 'state': 'Nordrhein-Westfalen', 'country': 'Germany', 'postcode': 51708, 'coordinates': {'latitude': '-53.6384', 'longitude': '20.1932'}, 'timezone': {'offset': '+6:00', 'description': 'Almaty, Dhaka, Colombo'}}, 'email': 'annemie.gutmann@example.com', 'login': {'uuid': '14dcb129-777b-4a7d-9930-4a35831da89d', 'username': 'angryfish680', 'password': 'cccccc', 'salt': 'CBTPCZ2J', 'md5': 'dc7074c4f3ca72e2ed79211985c96535', 'sha1': '1db869dd50eb56fb089c907233dd0f30faca85cc', 'sha256': '0bacf3f5a731177e4926795cfebfbcb91828c473bb92b6343467847e3d3a0b37'}, 'dob': {'date': '1955-09-14T02:40:05.877Z', 'age': 68}, 'registered': {'date': '2009-04-17T14:09:32.571Z', 'age': 14}, 'phone': '0108-6568544', 'cell': '0176-4828293', 'id': {'name': 'SVNR', 'value': '19 130955 G 711'}, 'picture': {'large': 'https://randomuser.me/api/portraits/women/53.jpg', 'medium': 'https://randomuser.me/api/portraits/med/women/53.jpg', 'thumbnail': 'https://randomuser.me/api/portraits/thumb/women/53.jpg'}, 'nat': 'DE'}], 'info': {'seed': '0f5683a328c7a7e7', 'results': 1, 'page': 1, 'version': '1.4'}}</msg>
<arg>${json_data}</arg>
<doc>Logs the given message with the given level.</doc>
<status status="PASS" start="2024-03-29T19:11:40.334712" elapsed="0.000236"/>
</kw>
<kw name="Should Be String" owner="String">
<arg>${json_data['results'][0]['gender']}</arg>
<doc>Fails if the given ``item`` is not a string.</doc>
<status status="PASS" start="2024-03-29T19:11:40.335251" elapsed="0.000364"/>
</kw>
<kw name="Should Match Regexp" owner="BuiltIn">
<arg>${json_data['results'][0]['email']}</arg>
<arg>^[a-zA-Z0-9._%+-]+@[a-zA-Z0-9.-]+\.[a-zA-Z]{2,}$</arg>
<doc>Fails if ``string`` does not match ``pattern`` as a regular expression.</doc>
<status status="PASS" start="2024-03-29T19:11:40.335810" elapsed="0.000557"/>
</kw>
<kw name="Should Match Regexp" owner="BuiltIn">
<arg>${json_data['results'][0]['dob']['date']}</arg>
<arg>\\d{4}-\\d{2}-\\d{2}T\\d{2}:\\d{2}:\\d{2}\\.\\d{3}Z</arg>
<doc>Fails if ``string`` does not match ``pattern`` as a regular expression.</doc>
<status status="PASS" start="2024-03-29T19:11:40.336569" elapsed="0.000493"/>
</kw>
<kw name="Should Match Regexp" owner="BuiltIn">
<arg>${json_data['results'][0]['registered']['date']}</arg>
<arg>\\d{4}-\\d{2}-\\d{2}T\\d{2}:\\d{2}:\\d{2}\\.\\d{3}Z</arg>
<doc>Fails if ``string`` does not match ``pattern`` as a regular expression.</doc>
<status status="PASS" start="2024-03-29T19:11:40.337255" elapsed="0.000377"/>
</kw>
<kw name="Should Match Regexp" owner="BuiltIn">
<arg>${json_data['results'][0]['picture']['large']}</arg>
<arg>^https?://.*\.(?:png|jpe?g|gif|bmp)$</arg>
<doc>Fails if ``string`` does not match ``pattern`` as a regular expression.</doc>
<status status="PASS" start="2024-03-29T19:11:40.337818" elapsed="0.000458"/>
</kw>
<kw name="Should Match Regexp" owner="BuiltIn">
<arg>${json_data['results'][0]['picture']['medium']}</arg>
<arg>^https?://.*\.(?:png|jpe?g|gif|bmp)$</arg>
<doc>Fails if ``string`` does not match ``pattern`` as a regular expression.</doc>
<status status="PASS" start="2024-03-29T19:11:40.338468" elapsed="0.000362"/>
</kw>
<kw name="Should Match Regexp" owner="BuiltIn">
<arg>${json_data['results'][0]['picture']['thumbnail']}</arg>
<arg>^https?://.*\.(?:png|jpe?g|gif|bmp)$</arg>
<doc>Fails if ``string`` does not match ``pattern`` as a regular expression.</doc>
<status status="PASS" start="2024-03-29T19:11:40.339024" elapsed="0.000347"/>
</kw>
<kw name="Log" owner="BuiltIn">
<msg time="2024-03-29T19:11:40.339884" level="INFO">{'large': 'https://randomuser.me/api/portraits/women/53.jpg', 'medium': 'https://randomuser.me/api/portraits/med/women/53.jpg', 'thumbnail': 'https://randomuser.me/api/portraits/thumb/women/53.jpg'}</msg>
<arg>${json_data['results'][0]['picture']}</arg>
<doc>Logs the given message with the given level.</doc>
<status status="PASS" start="2024-03-29T19:11:40.339551" elapsed="0.000379"/>
</kw>
<status status="PASS" start="2024-03-29T19:11:40.272202" elapsed="0.068020"/>
</kw>
<kw name="Teste de Tipos de Dados - Postcode" owner="random-user-service">
<kw name="GET On Session" owner="RequestsLibrary">
<msg time="2024-03-29T19:11:40.448713" level="INFO">GET Request : url=https://randomuser.me/api 
 path_url=/api 
 headers={'User-Agent': 'python-requests/2.31.0', 'Accept-Encoding': 'gzip, deflate', 'Accept': '*/*', 'Connection': 'keep-alive'} 
 body=None 
 </msg>
<msg time="2024-03-29T19:11:40.448795" level="INFO">GET Response : url=https://randomuser.me/api 
 status=200, reason=OK 
 headers={'Date': 'Fri, 29 Mar 2024 19:11:40 GMT', 'Content-Type': 'application/json; charset=utf-8', 'Transfer-Encoding': 'chunked', 'Connection': 'keep-alive', 'X-Powered-By': 'Express', 'Access-Control-Allow-Origin': '*', 'Cache-Control': 'no-cache', 'ETag': 'W/"4ae-bGQVy8JmEUCMvPP7PJ1lOqhDss4"', 'Vary': 'Accept-Encoding', 'Content-Encoding': 'gzip', 'CF-Cache-Status': 'DYNAMIC', 'Report-To': '{"endpoints":[{"url":"https:\\/\\/a.nel.cloudflare.com\\/report\\/v4?s=RZInGKTWIh4O8TePpLnXWEPs8U7ySOZjS7w5blcaj2WAmvNULH3psJl1x%2FsaDuWWxzo%2BAt327E2KNJguK5x80UjRLU%2FvrPkph%2FGLjrtIvnsyqa1xPB7BsCLCacCHOHCs"}],"group":"cf-nel","max_age":604800}', 'NEL': '{"success_fraction":0,"report_to":"cf-nel","max_age":604800}', 'Server': 'cloudflare', 'CF-RAY': '86c22ac51f328f48-ORD', 'alt-svc': 'h3=":443"; ma=86400'} 
 body={"results":[{"gender":"male","name":{"title":"Mr","first":"Servando","last":"Delgado"},"location":{"street":{"number":9585,"name":"Continuación Jamaica"},"city":"San Pedro Amuzgos","state":"Chiapas","country":"Mexico","postcode":85595,"coordinates":{"latitude":"21.8634","longitude":"-168.5323"},"timezone":{"offset":"+10:00","description":"Eastern Australia, Guam, Vladivostok"}},"email":"servando.delgado@example.com","login":{"uuid":"e4ff7b2d-74c3-48da-ba58-6d7aa1b2b8cb","username":"greenleopard486","password":"music1","salt":"DqWpHZQ0","md5":"977803a4d5a3e52249e5fd6574d00e4b","sha1":"226e6d83ef14c0bcfaa2ff8b09f4abd7a29e7ec6","sha256":"9738666fb8a4ccaaa8d9e7149a48a592a84cce240ce9a086e2fde1fdb47ebf7e"},"dob":{"date":"1990-11-07T23:54:25.956Z","age":33},"registered":{"date":"2011-03-13T14:46:22.746Z","age":13},"phone":"(661) 717 5770","cell":"(699) 626 8773","id":{"name":"NSS","value":"58 99 27 5415 6"},"picture":{"large":"https://randomuser.me/api/portraits/men/68.jpg","medium":"https://randomuser.me/api/portraits/med/men/68.jpg","thumbnail":"https://randomuser.me/api/portraits/thumb/men/68.jpg"},"nat":"MX"}],"info":{"seed":"56db9ac12450b878","results":1,"page":1,"version":"1.4"}} 
 </msg>
<msg time="2024-03-29T19:11:40.448863" level="INFO">/opt/hostedtoolcache/Python/3.12.2/x64/lib/python3.12/site-packages/urllib3/connectionpool.py:1103: InsecureRequestWarning: Unverified HTTPS request is being made to host 'randomuser.me'. Adding certificate verification is strongly advised. See: https://urllib3.readthedocs.io/en/latest/advanced-usage.html#tls-warnings
  warnings.warn(</msg>
<msg time="2024-03-29T19:11:40.448950" level="INFO">${response} = &lt;Response [200]&gt;</msg>
<var>${response}</var>
<arg>consultarAPI</arg>
<arg>/api</arg>
<doc>Sends a GET request on a previously created HTTP Session.</doc>
<status status="PASS" start="2024-03-29T19:11:40.340780" elapsed="0.108198"/>
</kw>
<kw name="Set Variable" owner="BuiltIn">
<msg time="2024-03-29T19:11:40.449799" level="INFO">${json_data} = {'results': [{'gender': 'male', 'name': {'title': 'Mr', 'first': 'Servando', 'last': 'Delgado'}, 'location': {'street': {'number': 9585, 'name': 'Continuación Jamaica'}, 'city': 'San Pedro Amuzgos', '...</msg>
<var>${json_data}</var>
<arg>${response.json()}</arg>
<doc>Returns the given values which can then be assigned to a variables.</doc>
<status status="PASS" start="2024-03-29T19:11:40.449351" elapsed="0.000477"/>
</kw>
<kw name="Log" owner="BuiltIn">
<msg time="2024-03-29T19:11:40.450290" level="INFO">{'results': [{'gender': 'male', 'name': {'title': 'Mr', 'first': 'Servando', 'last': 'Delgado'}, 'location': {'street': {'number': 9585, 'name': 'Continuación Jamaica'}, 'city': 'San Pedro Amuzgos', 'state': 'Chiapas', 'country': 'Mexico', 'postcode': 85595, 'coordinates': {'latitude': '21.8634', 'longitude': '-168.5323'}, 'timezone': {'offset': '+10:00', 'description': 'Eastern Australia, Guam, Vladivostok'}}, 'email': 'servando.delgado@example.com', 'login': {'uuid': 'e4ff7b2d-74c3-48da-ba58-6d7aa1b2b8cb', 'username': 'greenleopard486', 'password': 'music1', 'salt': 'DqWpHZQ0', 'md5': '977803a4d5a3e52249e5fd6574d00e4b', 'sha1': '226e6d83ef14c0bcfaa2ff8b09f4abd7a29e7ec6', 'sha256': '9738666fb8a4ccaaa8d9e7149a48a592a84cce240ce9a086e2fde1fdb47ebf7e'}, 'dob': {'date': '1990-11-07T23:54:25.956Z', 'age': 33}, 'registered': {'date': '2011-03-13T14:46:22.746Z', 'age': 13}, 'phone': '(661) 717 5770', 'cell': '(699) 626 8773', 'id': {'name': 'NSS', 'value': '58 99 27 5415 6'}, 'picture': {'large': 'https://randomuser.me/api/portraits/men/68.jpg', 'medium': 'https://randomuser.me/api/portraits/med/men/68.jpg', 'thumbnail': 'https://randomuser.me/api/portraits/thumb/men/68.jpg'}, 'nat': 'MX'}], 'info': {'seed': '56db9ac12450b878', 'results': 1, 'page': 1, 'version': '1.4'}}</msg>
<arg>${json_data}</arg>
<doc>Logs the given message with the given level.</doc>
<status status="PASS" start="2024-03-29T19:11:40.450133" elapsed="0.000237"/>
</kw>
<kw name="Should Be Equal As Numbers" owner="BuiltIn">
<arg>${json_data['results'][0]['location']['postcode']}</arg>
<arg>${json_data['results'][0]['location']['postcode']}</arg>
<doc>Fails if objects are unequal after converting them to real numbers.</doc>
<status status="PASS" start="2024-03-29T19:11:40.450676" elapsed="0.000627"/>
</kw>
<kw name="Log" owner="BuiltIn">
<msg time="2024-03-29T19:11:40.451833" level="INFO">85595</msg>
<arg>${json_data['results'][0]['location']['postcode']}</arg>
<doc>Logs the given message with the given level.</doc>
<status status="PASS" start="2024-03-29T19:11:40.451496" elapsed="0.000378"/>
</kw>
<status status="PASS" start="2024-03-29T19:11:40.340439" elapsed="0.111725"/>
</kw>
<doc>Testa se os tipos de dados na resposta da API estão corretos.</doc>
<tag>testeTiposDados</tag>
<status status="PASS" start="2024-03-29T19:11:40.271655" elapsed="0.180684"/>
</test>
<test id="s1-s1-t5" name="Validar conteudo" line="35">
<kw name="Teste de Tipos de Conteudo" owner="random-user-service">
<kw name="GET On Session" owner="RequestsLibrary">
<msg time="2024-03-29T19:11:40.532455" level="INFO">GET Request : url=https://randomuser.me/api 
 path_url=/api 
 headers={'User-Agent': 'python-requests/2.31.0', 'Accept-Encoding': 'gzip, deflate', 'Accept': '*/*', 'Connection': 'keep-alive'} 
 body=None 
 </msg>
<msg time="2024-03-29T19:11:40.532518" level="INFO">GET Response : url=https://randomuser.me/api 
 status=200, reason=OK 
 headers={'Date': 'Fri, 29 Mar 2024 19:11:40 GMT', 'Content-Type': 'application/json; charset=utf-8', 'Transfer-Encoding': 'chunked', 'Connection': 'keep-alive', 'X-Powered-By': 'Express', 'Access-Control-Allow-Origin': '*', 'Cache-Control': 'no-cache', 'ETag': 'W/"489-6pJGftZPgUWmzwQou9B8/cA3MLk"', 'Vary': 'Accept-Encoding', 'Content-Encoding': 'gzip', 'CF-Cache-Status': 'DYNAMIC', 'Report-To': '{"endpoints":[{"url":"https:\\/\\/a.nel.cloudflare.com\\/report\\/v4?s=V%2FDsoj%2FFlHpp4G9PMIiFjEHY9h0YW8Wpupjp%2BeRNEH%2FLiTYA7UiSkUhBXunmCE7YTAq95cw3blEbwN3TbFLlTOJjqmfQoWaz5y8CyyidbUJrIvKtFHcqxzUI%2BR86nQfr"}],"group":"cf-nel","max_age":604800}', 'NEL': '{"success_fraction":0,"report_to":"cf-nel","max_age":604800}', 'Server': 'cloudflare', 'CF-RAY': '86c22ac5dffb8f48-ORD', 'alt-svc': 'h3=":443"; ma=86400'} 
 body={"results":[{"gender":"male","name":{"title":"Mr","first":"Jesus","last":"Lucas"},"location":{"street":{"number":6912,"name":"Groveland Terrace"},"city":"Bathurst","state":"New South Wales","country":"Australia","postcode":5958,"coordinates":{"latitude":"-82.8644","longitude":"-172.5332"},"timezone":{"offset":"-1:00","description":"Azores, Cape Verde Islands"}},"email":"jesus.lucas@example.com","login":{"uuid":"886b5224-77bf-413f-8f84-8a3f3d102925","username":"lazyfish577","password":"viagra","salt":"EBS7go9G","md5":"fcfed8aaefc42d6b68ee04ab55fb1c91","sha1":"146cc98e4ff13831378079e6170c3bd287e8abfa","sha256":"d13e302cbf95c0a895a3cd4a6c0afed70387393af324dce28e16d8d18990a713"},"dob":{"date":"1982-01-01T20:31:41.834Z","age":42},"registered":{"date":"2006-11-28T13:52:49.369Z","age":17},"phone":"02-8001-6137","cell":"0488-711-098","id":{"name":"TFN","value":"391488403"},"picture":{"large":"https://randomuser.me/api/portraits/men/99.jpg","medium":"https://randomuser.me/api/portraits/med/men/99.jpg","thumbnail":"https://randomuser.me/api/portraits/thumb/men/99.jpg"},"nat":"AU"}],"info":{"seed":"93a33a3489be7ab3","results":1,"page":1,"version":"1.4"}} 
 </msg>
<msg time="2024-03-29T19:11:40.532572" level="INFO">/opt/hostedtoolcache/Python/3.12.2/x64/lib/python3.12/site-packages/urllib3/connectionpool.py:1103: InsecureRequestWarning: Unverified HTTPS request is being made to host 'randomuser.me'. Adding certificate verification is strongly advised. See: https://urllib3.readthedocs.io/en/latest/advanced-usage.html#tls-warnings
  warnings.warn(</msg>
<msg time="2024-03-29T19:11:40.532663" level="INFO">${response} = &lt;Response [200]&gt;</msg>
<var>${response}</var>
<arg>consultarAPI</arg>
<arg>/api</arg>
<doc>Sends a GET request on a previously created HTTP Session.</doc>
<status status="PASS" start="2024-03-29T19:11:40.454745" elapsed="0.077955"/>
</kw>
<kw name="Set Variable" owner="BuiltIn">
<msg time="2024-03-29T19:11:40.533486" level="INFO">${json_data} = {'results': [{'gender': 'male', 'name': {'title': 'Mr', 'first': 'Jesus', 'last': 'Lucas'}, 'location': {'street': {'number': 6912, 'name': 'Groveland Terrace'}, 'city': 'Bathurst', 'state': 'New Sout...</msg>
<var>${json_data}</var>
<arg>${response.json()}</arg>
<doc>Returns the given values which can then be assigned to a variables.</doc>
<status status="PASS" start="2024-03-29T19:11:40.533053" elapsed="0.000461"/>
</kw>
<kw name="Set Variable" owner="BuiltIn">
<msg time="2024-03-29T19:11:40.534193" level="INFO">${name_title} = Mr</msg>
<var>${name_title}</var>
<arg>${json_data["results"][0]["name"]["title"]}</arg>
<doc>Returns the given values which can then be assigned to a variables.</doc>
<status status="PASS" start="2024-03-29T19:11:40.533815" elapsed="0.000404"/>
</kw>
<kw name="Create List" owner="BuiltIn">
<msg time="2024-03-29T19:11:40.534662" level="INFO">${allowed_titles} = ['Mr', 'Ms', 'Miss', 'Mrs', 'Madame', 'Monsieur']</msg>
<var>${allowed_titles}</var>
<arg>Mr</arg>
<arg>Ms</arg>
<arg>Miss</arg>
<arg>Mrs</arg>
<arg>Madame</arg>
<arg>Monsieur</arg>
<doc>Returns a list containing given items.</doc>
<status status="PASS" start="2024-03-29T19:11:40.534514" elapsed="0.000171"/>
</kw>
<kw name="List Should Contain Value" owner="Collections">
<msg time="2024-03-29T19:11:40.535160" level="INFO">False</msg>
<arg>${allowed_titles}</arg>
<arg>${name_title}</arg>
<doc>Fails if the ``value`` is not found from ``list``.</doc>
<status status="PASS" start="2024-03-29T19:11:40.534988" elapsed="0.000208"/>
</kw>
<kw name="Set Variable" owner="BuiltIn">
<msg time="2024-03-29T19:11:40.535857" level="INFO">${name_country} = AU</msg>
<var>${name_country}</var>
<arg>${json_data["results"][0]["nat"]}</arg>
<doc>Returns the given values which can then be assigned to a variables.</doc>
<status status="PASS" start="2024-03-29T19:11:40.535484" elapsed="0.000397"/>
</kw>
<kw name="Create List" owner="BuiltIn">
<msg time="2024-03-29T19:11:40.536825" level="INFO">${list_country} = ['AD', 'AE', 'AF', 'AG', 'AI', 'AL', 'AM', 'AO', 'AQ', 'AR', 'AS', 'AT', 'AU', 'AW', 'AX', 'AZ', 'BA', 'BB', 'BD', 'BE', 'BF', 'BG', 'BH', 'BI', 'BJ', 'BL', 'BM', 'BN', 'BO', 'BQ', 'BR', 'BS', 'BT', '...</msg>
<var>${list_country}</var>
<arg>AD</arg>
<arg>AE</arg>
<arg>AF</arg>
<arg>AG</arg>
<arg>AI</arg>
<arg>AL</arg>
<arg>AM</arg>
<arg>AO</arg>
<arg>AQ</arg>
<arg>AR</arg>
<arg>AS</arg>
<arg>AT</arg>
<arg>AU</arg>
<arg>AW</arg>
<arg>AX</arg>
<arg>AZ</arg>
<arg>BA</arg>
<arg>BB</arg>
<arg>BD</arg>
<arg>BE</arg>
<arg>BF</arg>
<arg>BG</arg>
<arg>BH</arg>
<arg>BI</arg>
<arg>BJ</arg>
<arg>BL</arg>
<arg>BM</arg>
<arg>BN</arg>
<arg>BO</arg>
<arg>BQ</arg>
<arg>BR</arg>
<arg>BS</arg>
<arg>BT</arg>
<arg>BV</arg>
<arg>BW</arg>
<arg>BY</arg>
<arg>BZ</arg>
<arg>CA</arg>
<arg>CC</arg>
<arg>CD</arg>
<arg>CF</arg>
<arg>CG</arg>
<arg>CH</arg>
<arg>CI</arg>
<arg>CK</arg>
<arg>CL</arg>
<arg>CM</arg>
<arg>CN</arg>
<arg>CO</arg>
<arg>CR</arg>
<arg>CU</arg>
<arg>CV</arg>
<arg>CW</arg>
<arg>CX</arg>
<arg>CY</arg>
<arg>CZ</arg>
<arg>DE</arg>
<arg>DJ</arg>
<arg>DK</arg>
<arg>DM</arg>
<arg>DO</arg>
<arg>DZ</arg>
<arg>EC</arg>
<arg>EE</arg>
<arg>EG</arg>
<arg>EH</arg>
<arg>ER</arg>
<arg>ES</arg>
<arg>ET</arg>
<arg>FI</arg>
<arg>FJ</arg>
<arg>FK</arg>
<arg>FM</arg>
<arg>FO</arg>
<arg>FR</arg>
<arg>GA</arg>
<arg>GB</arg>
<arg>GD</arg>
<arg>GE</arg>
<arg>GF</arg>
<arg>GG</arg>
<arg>GH</arg>
<arg>GI</arg>
<arg>GL</arg>
<arg>GM</arg>
<arg>GN</arg>
<arg>GP</arg>
<arg>GQ</arg>
<arg>GR</arg>
<arg>GS</arg>
<arg>GT</arg>
<arg>GU</arg>
<arg>GW</arg>
<arg>GY</arg>
<arg>HK</arg>
<arg>HM</arg>
<arg>HN</arg>
<arg>HR</arg>
<arg>HT</arg>
<arg>HU</arg>
<arg>ID</arg>
<arg>IE</arg>
<arg>IL</arg>
<arg>IM</arg>
<arg>IN</arg>
<arg>IO</arg>
<arg>IQ</arg>
<arg>IR</arg>
<arg>IS</arg>
<arg>IT</arg>
<arg>JE</arg>
<arg>JM</arg>
<arg>JO</arg>
<arg>JP</arg>
<arg>KE</arg>
<arg>KG</arg>
<arg>KH</arg>
<arg>KI</arg>
<arg>KM</arg>
<arg>KN</arg>
<arg>KP</arg>
<arg>KR</arg>
<arg>KW</arg>
<arg>KY</arg>
<arg>KZ</arg>
<arg>LA</arg>
<arg>LB</arg>
<arg>LC</arg>
<arg>LI</arg>
<arg>LK</arg>
<arg>LR</arg>
<arg>LS</arg>
<arg>LT</arg>
<arg>LU</arg>
<arg>LV</arg>
<arg>LY</arg>
<arg>MA</arg>
<arg>MC</arg>
<arg>MD</arg>
<arg>ME</arg>
<arg>MF</arg>
<arg>MG</arg>
<arg>MH</arg>
<arg>MK</arg>
<arg>ML</arg>
<arg>MM</arg>
<arg>MN</arg>
<arg>MO</arg>
<arg>MP</arg>
<arg>MQ</arg>
<arg>MR</arg>
<arg>MS</arg>
<arg>MT</arg>
<arg>MU</arg>
<arg>MV</arg>
<arg>MW</arg>
<arg>MX</arg>
<arg>MY</arg>
<arg>MZ</arg>
<arg>NA</arg>
<arg>NC</arg>
<arg>NE</arg>
<arg>NF</arg>
<arg>NG</arg>
<arg>NI</arg>
<arg>NL</arg>
<arg>NO</arg>
<arg>NP</arg>
<arg>NR</arg>
<arg>NU</arg>
<arg>NZ</arg>
<arg>OM</arg>
<arg>PA</arg>
<arg>PE</arg>
<arg>PF</arg>
<arg>PG</arg>
<arg>PH</arg>
<arg>PK</arg>
<arg>PL</arg>
<arg>PM</arg>
<arg>PN</arg>
<arg>PR</arg>
<arg>PS</arg>
<arg>PT</arg>
<arg>PW</arg>
<arg>PY</arg>
<arg>QA</arg>
<arg>RE</arg>
<arg>RO</arg>
<arg>RS</arg>
<arg>RU</arg>
<arg>RW</arg>
<arg>SA</arg>
<arg>SB</arg>
<arg>SC</arg>
<arg>SD</arg>
<arg>SE</arg>
<arg>SG</arg>
<arg>SH</arg>
<arg>SI</arg>
<arg>SJ</arg>
<arg>SK</arg>
<arg>SL</arg>
<arg>SM</arg>
<arg>SN</arg>
<arg>SO</arg>
<arg>SR</arg>
<arg>SS</arg>
<arg>ST</arg>
<arg>SV</arg>
<arg>SX</arg>
<arg>SY</arg>
<arg>SZ</arg>
<arg>TC</arg>
<arg>TD</arg>
<arg>TF</arg>
<arg>TG</arg>
<arg>TH</arg>
<arg>TJ</arg>
<arg>TK</arg>
<arg>TL</arg>
<arg>TM</arg>
<arg>TN</arg>
<arg>TO</arg>
<arg>TR</arg>
<arg>TT</arg>
<arg>TV</arg>
<arg>TW</arg>
<arg>TZ</arg>
<arg>UA</arg>
<arg>UG</arg>
<arg>UM</arg>
<arg>US</arg>
<arg>UY</arg>
<arg>UZ</arg>
<arg>VA</arg>
<arg>VC</arg>
<arg>VE</arg>
<arg>VG</arg>
<arg>VI</arg>
<arg>VN</arg>
<arg>VU</arg>
<arg>WF</arg>
<arg>WS</arg>
<arg>XK</arg>
<arg>YE</arg>
<arg>YT</arg>
<arg>ZA</arg>
<arg>ZM</arg>
<arg>ZW</arg>
<doc>Returns a list containing given items.</doc>
<status status="PASS" start="2024-03-29T19:11:40.536226" elapsed="0.000624"/>
</kw>
<kw name="List Should Contain Value" owner="Collections">
<msg time="2024-03-29T19:11:40.537934" level="INFO">False</msg>
<arg>${list_country}</arg>
<arg>${name_country}</arg>
<doc>Fails if the ``value`` is not found from ``list``.</doc>
<status status="PASS" start="2024-03-29T19:11:40.537730" elapsed="0.000241"/>
</kw>
<kw name="Run Keyword If" owner="BuiltIn">
<kw name="Should Be True" owner="BuiltIn">
<arg>${True}</arg>
<doc>Fails if the given condition is not true.</doc>
<status status="PASS" start="2024-03-29T19:11:40.539026" elapsed="0.000155"/>
</kw>
<arg>${json_data["results"][0]["location"]["coordinates"]["latitude"]} &gt;= -90 and ${json_data["results"][0]["location"]["coordinates"]["latitude"]} &lt;= 90</arg>
<arg>Should Be True</arg>
<arg>${True}</arg>
<doc>Runs the given keyword with the given arguments, if ``condition`` is true.</doc>
<status status="PASS" start="2024-03-29T19:11:40.538281" elapsed="0.001034"/>
</kw>
<kw name="Run Keyword If" owner="BuiltIn">
<kw name="Should Be True" owner="BuiltIn">
<arg>${True}</arg>
<doc>Fails if the given condition is not true.</doc>
<status status="PASS" start="2024-03-29T19:11:40.540241" elapsed="0.000143"/>
</kw>
<arg>${json_data["results"][0]["location"]["coordinates"]["longitude"]} &gt;= -180 and ${json_data["results"][0]["location"]["coordinates"]["longitude"]} &lt;= 180</arg>
<arg>Should Be True</arg>
<arg>${True}</arg>
<doc>Runs the given keyword with the given arguments, if ``condition`` is true.</doc>
<status status="PASS" start="2024-03-29T19:11:40.539501" elapsed="0.001015"/>
</kw>
<status status="PASS" start="2024-03-29T19:11:40.454518" elapsed="0.086126"/>
</kw>
<doc>Testa o conteúdo específico dos campos retornados pela API.</doc>
<tag>testeConteudo</tag>
<status status="PASS" start="2024-03-29T19:11:40.454091" elapsed="0.086697"/>
</test>
<status status="PASS" start="2024-03-29T19:11:39.749631" elapsed="0.792977"/>
</suite>
<status status="PASS" start="2024-03-29T19:11:39.736032" elapsed="0.811824"/>
</suite>
<statistics>
<total>
<stat pass="5" fail="0" skip="0">All Tests</stat>
</total>
<tag>
<stat pass="1" fail="0" skip="0">testeConteudo</stat>
<stat pass="1" fail="0" skip="0">testeEstruturaResposta</stat>
<stat pass="1" fail="0" skip="0">testeRequisicaoBasica</stat>
<stat pass="1" fail="0" skip="0">testeTiposDados</stat>
</tag>
<suite>
<stat pass="5" fail="0" skip="0" id="s1" name="Tests">Tests</stat>
<stat pass="5" fail="0" skip="0" id="s1-s1" name="Random-User-Test">Tests.Random-User-Test</stat>
</suite>
</statistics>
<errors>
</errors>
</robot>
