<?xml version="1.0" encoding="UTF-8"?>
<robot generator="Robot 7.0.1 (Python 3.12.4 on linux)" generated="2024-07-21T21:13:03.841854" rpa="false" schemaversion="5">
<suite id="s1" name="Tests" source="/home/runner/work/ApiRandomUser/ApiRandomUser/RamdonUser/tests">
<suite id="s1-s1" name="Random-User-Test" source="/home/runner/work/ApiRandomUser/ApiRandomUser/RamdonUser/tests/random-user-test.robot">
<test id="s1-s1-t1" name="Conectar" line="13">
<kw name="Conectar API" owner="random-user-service">
<kw name="Create Session" owner="RequestsLibrary">
<msg time="2024-07-21T21:13:04.216464" level="INFO">Creating Session using : alias=consultarAPI, url=https://randomuser.me/, headers={},                     cookies={}, auth=None, timeout=None, proxies=None, verify=False,                     debug=0 </msg>
<arg>consultarAPI</arg>
<arg>${URL}</arg>
<doc>Create Session: create a HTTP session to a server</doc>
<status status="PASS" start="2024-07-21T21:13:04.216272" elapsed="0.000366"/>
</kw>
<status status="PASS" start="2024-07-21T21:13:04.215266" elapsed="0.001718"/>
</kw>
<status status="PASS" start="2024-07-21T21:13:04.214763" elapsed="0.002412"/>
</test>
<test id="s1-s1-t2" name="Validar retorno 200 e JSON Válido" line="16">
<kw name="Teste de Requisicao Basica" owner="random-user-service">
<kw name="GET On Session" owner="RequestsLibrary">
<msg time="2024-07-21T21:13:04.330643" level="INFO">GET Request : url=https://randomuser.me/api 
 path_url=/api 
 headers={'User-Agent': 'python-requests/2.32.3', 'Accept-Encoding': 'gzip, deflate', 'Accept': '*/*', 'Connection': 'keep-alive'} 
 body=None 
 </msg>
<msg time="2024-07-21T21:13:04.330743" level="INFO">GET Response : url=https://randomuser.me/api 
 status=200, reason=OK 
 headers={'Date': 'Sun, 21 Jul 2024 21:13:04 GMT', 'Content-Type': 'application/json; charset=utf-8', 'Transfer-Encoding': 'chunked', 'Connection': 'keep-alive', 'X-Powered-By': 'Express', 'Access-Control-Allow-Origin': '*', 'Cache-Control': 'no-cache', 'ETag': 'W/"47c-rrBAkWM5mM2LeN7REW22aFG0En4"', 'Vary': 'Accept-Encoding', 'Content-Encoding': 'gzip', 'CF-Cache-Status': 'DYNAMIC', 'Report-To': '{"endpoints":[{"url":"https:\\/\\/a.nel.cloudflare.com\\/report\\/v4?s=6STo%2Bn5E2c2nMtUheIFHHGlnfKO%2BYAH%2FvSwQchALfFjlGq5YI7Box0iOdNUDkdgwtAVtx1Ard0Gkbyv7iqdZ%2FUychn8d0Kgaiyaxd%2F5US2JAAUNQ6az1wfwWKhWyMT0F"}],"group":"cf-nel","max_age":604800}', 'NEL': '{"success_fraction":0,"report_to":"cf-nel","max_age":604800}', 'Server': 'cloudflare', 'CF-RAY': '8a6e3159bc8556b6-IAD', 'alt-svc': 'h3=":443"; ma=86400'} 
 body={"results":[{"gender":"male","name":{"title":"Mr","first":"Carl","last":"Fisher"},"location":{"street":{"number":1754,"name":"N Stelling Rd"},"city":"Nowra","state":"Queensland","country":"Australia","postcode":236,"coordinates":{"latitude":"-83.1171","longitude":"-16.4029"},"timezone":{"offset":"-7:00","description":"Mountain Time (US &amp; Canada)"}},"email":"carl.fisher@example.com","login":{"uuid":"24328961-025e-4cd0-828d-b9a0f7c6c85c","username":"orangesnake762","password":"british","salt":"bkt4U1ca","md5":"05a71ed49d79eccfd2457144f183a5db","sha1":"681051dad9ca45371cc75aecc15dfe46c20fca4c","sha256":"57f5848699337c1e9c5a96529d8eea2a80bb52f13d8cd98e5f367194debf8f62"},"dob":{"date":"1976-09-28T10:26:31.911Z","age":47},"registered":{"date":"2016-01-08T19:53:33.334Z","age":8},"phone":"09-4747-5374","cell":"0480-987-922","id":{"name":"TFN","value":"549770582"},"picture":{"large":"https://randomuser.me/api/portraits/men/2.jpg","medium":"https://randomuser.me/api/portraits/med/men/2.jpg","thumbnail":"https://randomuser.me/api/portraits/thumb/men/2.jpg"},"nat":"AU"}],"info":{"seed":"24c80052a1416d70","results":1,"page":1,"version":"1.4"}} 
 </msg>
<msg time="2024-07-21T21:13:04.330810" level="INFO">/opt/hostedtoolcache/Python/3.12.4/x64/lib/python3.12/site-packages/urllib3/connectionpool.py:1099: InsecureRequestWarning: Unverified HTTPS request is being made to host 'randomuser.me'. Adding certificate verification is strongly advised. See: https://urllib3.readthedocs.io/en/latest/advanced-usage.html#tls-warnings
  warnings.warn(</msg>
<msg time="2024-07-21T21:13:04.330919" level="INFO">${response} = &lt;Response [200]&gt;</msg>
<var>${response}</var>
<arg>consultarAPI</arg>
<arg>/api</arg>
<doc>Sends a GET request on a previously created HTTP Session.</doc>
<status status="PASS" start="2024-07-21T21:13:04.219771" elapsed="0.111189"/>
</kw>
<kw name="Should Be Equal As Numbers" owner="BuiltIn">
<msg time="2024-07-21T21:13:04.331734" level="INFO">Argument types are:
&lt;class 'int'&gt;
&lt;class 'str'&gt;</msg>
<arg>${response.status_code}</arg>
<arg>200</arg>
<doc>Fails if objects are unequal after converting them to real numbers.</doc>
<status status="PASS" start="2024-07-21T21:13:04.331342" elapsed="0.000455"/>
</kw>
<kw name="Log" owner="BuiltIn">
<msg time="2024-07-21T21:13:04.332472" level="INFO">200</msg>
<arg>${response.status_code}</arg>
<doc>Logs the given message with the given level.</doc>
<status status="PASS" start="2024-07-21T21:13:04.332115" elapsed="0.000399"/>
</kw>
<kw name="Set Variable" owner="BuiltIn">
<msg time="2024-07-21T21:13:04.333243" level="INFO">${json_data} = {'results': [{'gender': 'male', 'name': {'title': 'Mr', 'first': 'Carl', 'last': 'Fisher'}, 'location': {'street': {'number': 1754, 'name': 'N Stelling Rd'}, 'city': 'Nowra', 'state': 'Queensland', 'c...</msg>
<var>${json_data}</var>
<arg>${response.json()}</arg>
<doc>Returns the given values which can then be assigned to a variables.</doc>
<status status="PASS" start="2024-07-21T21:13:04.332817" elapsed="0.000457"/>
</kw>
<kw name="Dictionary Should Contain Key" owner="Collections">
<arg>${json_data}</arg>
<arg>results</arg>
<doc>Fails if ``key`` is not found from ``dictionary``.</doc>
<status status="PASS" start="2024-07-21T21:13:04.333580" elapsed="0.000289"/>
</kw>
<status status="PASS" start="2024-07-21T21:13:04.219526" elapsed="0.114490"/>
</kw>
<doc>Testa se a API responde corretamente e retorna um objeto JSON válido.</doc>
<tag>testeRequisicaoBasica</tag>
<status status="PASS" start="2024-07-21T21:13:04.219069" elapsed="0.115103"/>
</test>
<test id="s1-s1-t3" name="Validar estrutura de resposta" line="22">
<kw name="Teste de Estrutura de Resposta" owner="random-user-service">
<kw name="GET On Session" owner="RequestsLibrary">
<msg time="2024-07-21T21:13:04.418304" level="INFO">GET Request : url=https://randomuser.me/api 
 path_url=/api 
 headers={'User-Agent': 'python-requests/2.32.3', 'Accept-Encoding': 'gzip, deflate', 'Accept': '*/*', 'Connection': 'keep-alive'} 
 body=None 
 </msg>
<msg time="2024-07-21T21:13:04.418373" level="INFO">GET Response : url=https://randomuser.me/api 
 status=200, reason=OK 
 headers={'Date': 'Sun, 21 Jul 2024 21:13:04 GMT', 'Content-Type': 'application/json; charset=utf-8', 'Transfer-Encoding': 'chunked', 'Connection': 'keep-alive', 'X-Powered-By': 'Express', 'Access-Control-Allow-Origin': '*', 'Cache-Control': 'no-cache', 'ETag': 'W/"48a-N9csg7DEtVRNlf/RCahYNyXh2m0"', 'Vary': 'Accept-Encoding', 'Content-Encoding': 'gzip', 'CF-Cache-Status': 'DYNAMIC', 'Report-To': '{"endpoints":[{"url":"https:\\/\\/a.nel.cloudflare.com\\/report\\/v4?s=JGp6ljr9RN06ZC0zBs6ftTdzvCKkt8Fp7dOJD9H%2BgOjSrh0AauEjgzGt75wT6XGiuF8zrbnhjb2DZQl4xTCiDsXBbjXLmbyLYtfEjHnFQS6yD0frcdR%2FQ9uNUt6NN9Aj"}],"group":"cf-nel","max_age":604800}', 'NEL': '{"success_fraction":0,"report_to":"cf-nel","max_age":604800}', 'Server': 'cloudflare', 'CF-RAY': '8a6e315a2cf256b6-IAD', 'alt-svc': 'h3=":443"; ma=86400'} 
 body={"results":[{"gender":"female","name":{"title":"Mrs","first":"Silje","last":"Johansen"},"location":{"street":{"number":4222,"name":"Søndermarken"},"city":"Assens","state":"Nordjylland","country":"Denmark","postcode":74246,"coordinates":{"latitude":"-44.9725","longitude":"27.3574"},"timezone":{"offset":"+6:00","description":"Almaty, Dhaka, Colombo"}},"email":"silje.johansen@example.com","login":{"uuid":"d45c6d19-b6ff-45f4-817c-16a086ad0e82","username":"silverbutterfly473","password":"holidays","salt":"y88v8rVe","md5":"5a7fea81d8d8af0df24c8650db5b6ec1","sha1":"0a144d6f00e2c04ec8d4c02b6660bc92abb76312","sha256":"5027cfa9c11e50949aeb93082eb5b4ad3f56038c7397b76308a082e231cc7899"},"dob":{"date":"1980-03-07T13:42:16.966Z","age":44},"registered":{"date":"2002-04-21T23:45:44.980Z","age":22},"phone":"36808511","cell":"85699020","id":{"name":"CPR","value":"070380-4223"},"picture":{"large":"https://randomuser.me/api/portraits/women/50.jpg","medium":"https://randomuser.me/api/portraits/med/women/50.jpg","thumbnail":"https://randomuser.me/api/portraits/thumb/women/50.jpg"},"nat":"DK"}],"info":{"seed":"d24dbc4d7dccd5a1","results":1,"page":1,"version":"1.4"}} 
 </msg>
<msg time="2024-07-21T21:13:04.418470" level="INFO">/opt/hostedtoolcache/Python/3.12.4/x64/lib/python3.12/site-packages/urllib3/connectionpool.py:1099: InsecureRequestWarning: Unverified HTTPS request is being made to host 'randomuser.me'. Adding certificate verification is strongly advised. See: https://urllib3.readthedocs.io/en/latest/advanced-usage.html#tls-warnings
  warnings.warn(</msg>
<msg time="2024-07-21T21:13:04.418581" level="INFO">${response} = &lt;Response [200]&gt;</msg>
<var>${response}</var>
<arg>consultarAPI</arg>
<arg>/api</arg>
<doc>Sends a GET request on a previously created HTTP Session.</doc>
<status status="PASS" start="2024-07-21T21:13:04.337062" elapsed="0.081559"/>
</kw>
<kw name="Set Variable" owner="BuiltIn">
<msg time="2024-07-21T21:13:04.419633" level="INFO">${json_data} = {'results': [{'gender': 'female', 'name': {'title': 'Mrs', 'first': 'Silje', 'last': 'Johansen'}, 'location': {'street': {'number': 4222, 'name': 'Søndermarken'}, 'city': 'Assens', 'state': 'Nordjylla...</msg>
<var>${json_data}</var>
<arg>${response.json()}</arg>
<doc>Returns the given values which can then be assigned to a variables.</doc>
<status status="PASS" start="2024-07-21T21:13:04.419072" elapsed="0.000593"/>
</kw>
<kw name="Log" owner="BuiltIn">
<msg time="2024-07-21T21:13:04.420154" level="INFO">{'results': [{'gender': 'female', 'name': {'title': 'Mrs', 'first': 'Silje', 'last': 'Johansen'}, 'location': {'street': {'number': 4222, 'name': 'Søndermarken'}, 'city': 'Assens', 'state': 'Nordjylland', 'country': 'Denmark', 'postcode': 74246, 'coordinates': {'latitude': '-44.9725', 'longitude': '27.3574'}, 'timezone': {'offset': '+6:00', 'description': 'Almaty, Dhaka, Colombo'}}, 'email': 'silje.johansen@example.com', 'login': {'uuid': 'd45c6d19-b6ff-45f4-817c-16a086ad0e82', 'username': 'silverbutterfly473', 'password': 'holidays', 'salt': 'y88v8rVe', 'md5': '5a7fea81d8d8af0df24c8650db5b6ec1', 'sha1': '0a144d6f00e2c04ec8d4c02b6660bc92abb76312', 'sha256': '5027cfa9c11e50949aeb93082eb5b4ad3f56038c7397b76308a082e231cc7899'}, 'dob': {'date': '1980-03-07T13:42:16.966Z', 'age': 44}, 'registered': {'date': '2002-04-21T23:45:44.980Z', 'age': 22}, 'phone': '36808511', 'cell': '85699020', 'id': {'name': 'CPR', 'value': '070380-4223'}, 'picture': {'large': 'https://randomuser.me/api/portraits/women/50.jpg', 'medium': 'https://randomuser.me/api/portraits/med/women/50.jpg', 'thumbnail': 'https://randomuser.me/api/portraits/thumb/women/50.jpg'}, 'nat': 'DK'}], 'info': {'seed': 'd24dbc4d7dccd5a1', 'results': 1, 'page': 1, 'version': '1.4'}}</msg>
<arg>${json_data}</arg>
<doc>Logs the given message with the given level.</doc>
<status status="PASS" start="2024-07-21T21:13:04.419987" elapsed="0.000221"/>
</kw>
<kw name="Dictionary Should Contain Key" owner="Collections">
<arg>${json_data}</arg>
<arg>results</arg>
<doc>Fails if ``key`` is not found from ``dictionary``.</doc>
<status status="PASS" start="2024-07-21T21:13:04.420510" elapsed="0.000162"/>
</kw>
<kw name="Should Not Be Empty" owner="BuiltIn">
<msg time="2024-07-21T21:13:04.421006" level="INFO">Length is 2.</msg>
<arg>${json_data}</arg>
<doc>Verifies that the given item is not empty.</doc>
<status status="PASS" start="2024-07-21T21:13:04.420871" elapsed="0.000174"/>
</kw>
<kw name="Create List" owner="BuiltIn">
<msg time="2024-07-21T21:13:04.421489" level="INFO">${expected_keys} = ['gender', 'name', 'location', 'email', 'login']</msg>
<var>${expected_keys}</var>
<arg>gender</arg>
<arg>name</arg>
<arg>location</arg>
<arg>email</arg>
<arg>login</arg>
<doc>Returns a list containing given items.</doc>
<status status="PASS" start="2024-07-21T21:13:04.421337" elapsed="0.000177"/>
</kw>
<for flavor="IN">
<iter>
<kw name="Dictionary Should Contain Key" owner="Collections">
<arg>${json_data['results'][0]}</arg>
<arg>${key}</arg>
<doc>Fails if ``key`` is not found from ``dictionary``.</doc>
<status status="PASS" start="2024-07-21T21:13:04.422080" elapsed="0.000438"/>
</kw>
<kw name="Log" owner="BuiltIn">
<msg time="2024-07-21T21:13:04.423080" level="INFO">{'gender': 'female', 'name': {'title': 'Mrs', 'first': 'Silje', 'last': 'Johansen'}, 'location': {'street': {'number': 4222, 'name': 'Søndermarken'}, 'city': 'Assens', 'state': 'Nordjylland', 'country': 'Denmark', 'postcode': 74246, 'coordinates': {'latitude': '-44.9725', 'longitude': '27.3574'}, 'timezone': {'offset': '+6:00', 'description': 'Almaty, Dhaka, Colombo'}}, 'email': 'silje.johansen@example.com', 'login': {'uuid': 'd45c6d19-b6ff-45f4-817c-16a086ad0e82', 'username': 'silverbutterfly473', 'password': 'holidays', 'salt': 'y88v8rVe', 'md5': '5a7fea81d8d8af0df24c8650db5b6ec1', 'sha1': '0a144d6f00e2c04ec8d4c02b6660bc92abb76312', 'sha256': '5027cfa9c11e50949aeb93082eb5b4ad3f56038c7397b76308a082e231cc7899'}, 'dob': {'date': '1980-03-07T13:42:16.966Z', 'age': 44}, 'registered': {'date': '2002-04-21T23:45:44.980Z', 'age': 22}, 'phone': '36808511', 'cell': '85699020', 'id': {'name': 'CPR', 'value': '070380-4223'}, 'picture': {'large': 'https://randomuser.me/api/portraits/women/50.jpg', 'medium': 'https://randomuser.me/api/portraits/med/women/50.jpg', 'thumbnail': 'https://randomuser.me/api/portraits/thumb/women/50.jpg'}, 'nat': 'DK'}</msg>
<arg>${json_data['results'][0]}</arg>
<doc>Logs the given message with the given level.</doc>
<status status="PASS" start="2024-07-21T21:13:04.422712" elapsed="0.000420"/>
</kw>
<kw name="Log" owner="BuiltIn">
<msg time="2024-07-21T21:13:04.423580" level="INFO">gender</msg>
<arg>${key}</arg>
<doc>Logs the given message with the given level.</doc>
<status status="PASS" start="2024-07-21T21:13:04.423446" elapsed="0.000175"/>
</kw>
<var name="${key}">gender</var>
<status status="PASS" start="2024-07-21T21:13:04.421952" elapsed="0.001889"/>
</iter>
<iter>
<kw name="Dictionary Should Contain Key" owner="Collections">
<arg>${json_data['results'][0]}</arg>
<arg>${key}</arg>
<doc>Fails if ``key`` is not found from ``dictionary``.</doc>
<status status="PASS" start="2024-07-21T21:13:04.424144" elapsed="0.000405"/>
</kw>
<kw name="Log" owner="BuiltIn">
<msg time="2024-07-21T21:13:04.425102" level="INFO">{'gender': 'female', 'name': {'title': 'Mrs', 'first': 'Silje', 'last': 'Johansen'}, 'location': {'street': {'number': 4222, 'name': 'Søndermarken'}, 'city': 'Assens', 'state': 'Nordjylland', 'country': 'Denmark', 'postcode': 74246, 'coordinates': {'latitude': '-44.9725', 'longitude': '27.3574'}, 'timezone': {'offset': '+6:00', 'description': 'Almaty, Dhaka, Colombo'}}, 'email': 'silje.johansen@example.com', 'login': {'uuid': 'd45c6d19-b6ff-45f4-817c-16a086ad0e82', 'username': 'silverbutterfly473', 'password': 'holidays', 'salt': 'y88v8rVe', 'md5': '5a7fea81d8d8af0df24c8650db5b6ec1', 'sha1': '0a144d6f00e2c04ec8d4c02b6660bc92abb76312', 'sha256': '5027cfa9c11e50949aeb93082eb5b4ad3f56038c7397b76308a082e231cc7899'}, 'dob': {'date': '1980-03-07T13:42:16.966Z', 'age': 44}, 'registered': {'date': '2002-04-21T23:45:44.980Z', 'age': 22}, 'phone': '36808511', 'cell': '85699020', 'id': {'name': 'CPR', 'value': '070380-4223'}, 'picture': {'large': 'https://randomuser.me/api/portraits/women/50.jpg', 'medium': 'https://randomuser.me/api/portraits/med/women/50.jpg', 'thumbnail': 'https://randomuser.me/api/portraits/thumb/women/50.jpg'}, 'nat': 'DK'}</msg>
<arg>${json_data['results'][0]}</arg>
<doc>Logs the given message with the given level.</doc>
<status status="PASS" start="2024-07-21T21:13:04.424738" elapsed="0.000449"/>
</kw>
<kw name="Log" owner="BuiltIn">
<msg time="2024-07-21T21:13:04.425624" level="INFO">name</msg>
<arg>${key}</arg>
<doc>Logs the given message with the given level.</doc>
<status status="PASS" start="2024-07-21T21:13:04.425493" elapsed="0.000170"/>
</kw>
<var name="${key}">name</var>
<status status="PASS" start="2024-07-21T21:13:04.424029" elapsed="0.001852"/>
</iter>
<iter>
<kw name="Dictionary Should Contain Key" owner="Collections">
<arg>${json_data['results'][0]}</arg>
<arg>${key}</arg>
<doc>Fails if ``key`` is not found from ``dictionary``.</doc>
<status status="PASS" start="2024-07-21T21:13:04.426168" elapsed="0.000406"/>
</kw>
<kw name="Log" owner="BuiltIn">
<msg time="2024-07-21T21:13:04.427126" level="INFO">{'gender': 'female', 'name': {'title': 'Mrs', 'first': 'Silje', 'last': 'Johansen'}, 'location': {'street': {'number': 4222, 'name': 'Søndermarken'}, 'city': 'Assens', 'state': 'Nordjylland', 'country': 'Denmark', 'postcode': 74246, 'coordinates': {'latitude': '-44.9725', 'longitude': '27.3574'}, 'timezone': {'offset': '+6:00', 'description': 'Almaty, Dhaka, Colombo'}}, 'email': 'silje.johansen@example.com', 'login': {'uuid': 'd45c6d19-b6ff-45f4-817c-16a086ad0e82', 'username': 'silverbutterfly473', 'password': 'holidays', 'salt': 'y88v8rVe', 'md5': '5a7fea81d8d8af0df24c8650db5b6ec1', 'sha1': '0a144d6f00e2c04ec8d4c02b6660bc92abb76312', 'sha256': '5027cfa9c11e50949aeb93082eb5b4ad3f56038c7397b76308a082e231cc7899'}, 'dob': {'date': '1980-03-07T13:42:16.966Z', 'age': 44}, 'registered': {'date': '2002-04-21T23:45:44.980Z', 'age': 22}, 'phone': '36808511', 'cell': '85699020', 'id': {'name': 'CPR', 'value': '070380-4223'}, 'picture': {'large': 'https://randomuser.me/api/portraits/women/50.jpg', 'medium': 'https://randomuser.me/api/portraits/med/women/50.jpg', 'thumbnail': 'https://randomuser.me/api/portraits/thumb/women/50.jpg'}, 'nat': 'DK'}</msg>
<arg>${json_data['results'][0]}</arg>
<doc>Logs the given message with the given level.</doc>
<status status="PASS" start="2024-07-21T21:13:04.426770" elapsed="0.000407"/>
</kw>
<kw name="Log" owner="BuiltIn">
<msg time="2024-07-21T21:13:04.427605" level="INFO">location</msg>
<arg>${key}</arg>
<doc>Logs the given message with the given level.</doc>
<status status="PASS" start="2024-07-21T21:13:04.427474" elapsed="0.000170"/>
</kw>
<var name="${key}">location</var>
<status status="PASS" start="2024-07-21T21:13:04.426058" elapsed="0.001809"/>
</iter>
<iter>
<kw name="Dictionary Should Contain Key" owner="Collections">
<arg>${json_data['results'][0]}</arg>
<arg>${key}</arg>
<doc>Fails if ``key`` is not found from ``dictionary``.</doc>
<status status="PASS" start="2024-07-21T21:13:04.428149" elapsed="0.000394"/>
</kw>
<kw name="Log" owner="BuiltIn">
<msg time="2024-07-21T21:13:04.429209" level="INFO">{'gender': 'female', 'name': {'title': 'Mrs', 'first': 'Silje', 'last': 'Johansen'}, 'location': {'street': {'number': 4222, 'name': 'Søndermarken'}, 'city': 'Assens', 'state': 'Nordjylland', 'country': 'Denmark', 'postcode': 74246, 'coordinates': {'latitude': '-44.9725', 'longitude': '27.3574'}, 'timezone': {'offset': '+6:00', 'description': 'Almaty, Dhaka, Colombo'}}, 'email': 'silje.johansen@example.com', 'login': {'uuid': 'd45c6d19-b6ff-45f4-817c-16a086ad0e82', 'username': 'silverbutterfly473', 'password': 'holidays', 'salt': 'y88v8rVe', 'md5': '5a7fea81d8d8af0df24c8650db5b6ec1', 'sha1': '0a144d6f00e2c04ec8d4c02b6660bc92abb76312', 'sha256': '5027cfa9c11e50949aeb93082eb5b4ad3f56038c7397b76308a082e231cc7899'}, 'dob': {'date': '1980-03-07T13:42:16.966Z', 'age': 44}, 'registered': {'date': '2002-04-21T23:45:44.980Z', 'age': 22}, 'phone': '36808511', 'cell': '85699020', 'id': {'name': 'CPR', 'value': '070380-4223'}, 'picture': {'large': 'https://randomuser.me/api/portraits/women/50.jpg', 'medium': 'https://randomuser.me/api/portraits/med/women/50.jpg', 'thumbnail': 'https://randomuser.me/api/portraits/thumb/women/50.jpg'}, 'nat': 'DK'}</msg>
<arg>${json_data['results'][0]}</arg>
<doc>Logs the given message with the given level.</doc>
<status status="PASS" start="2024-07-21T21:13:04.428846" elapsed="0.000415"/>
</kw>
<kw name="Log" owner="BuiltIn">
<msg time="2024-07-21T21:13:04.429692" level="INFO">email</msg>
<arg>${key}</arg>
<doc>Logs the given message with the given level.</doc>
<status status="PASS" start="2024-07-21T21:13:04.429563" elapsed="0.000168"/>
</kw>
<var name="${key}">email</var>
<status status="PASS" start="2024-07-21T21:13:04.428040" elapsed="0.001907"/>
</iter>
<iter>
<kw name="Dictionary Should Contain Key" owner="Collections">
<arg>${json_data['results'][0]}</arg>
<arg>${key}</arg>
<doc>Fails if ``key`` is not found from ``dictionary``.</doc>
<status status="PASS" start="2024-07-21T21:13:04.430252" elapsed="0.000387"/>
</kw>
<kw name="Log" owner="BuiltIn">
<msg time="2024-07-21T21:13:04.431185" level="INFO">{'gender': 'female', 'name': {'title': 'Mrs', 'first': 'Silje', 'last': 'Johansen'}, 'location': {'street': {'number': 4222, 'name': 'Søndermarken'}, 'city': 'Assens', 'state': 'Nordjylland', 'country': 'Denmark', 'postcode': 74246, 'coordinates': {'latitude': '-44.9725', 'longitude': '27.3574'}, 'timezone': {'offset': '+6:00', 'description': 'Almaty, Dhaka, Colombo'}}, 'email': 'silje.johansen@example.com', 'login': {'uuid': 'd45c6d19-b6ff-45f4-817c-16a086ad0e82', 'username': 'silverbutterfly473', 'password': 'holidays', 'salt': 'y88v8rVe', 'md5': '5a7fea81d8d8af0df24c8650db5b6ec1', 'sha1': '0a144d6f00e2c04ec8d4c02b6660bc92abb76312', 'sha256': '5027cfa9c11e50949aeb93082eb5b4ad3f56038c7397b76308a082e231cc7899'}, 'dob': {'date': '1980-03-07T13:42:16.966Z', 'age': 44}, 'registered': {'date': '2002-04-21T23:45:44.980Z', 'age': 22}, 'phone': '36808511', 'cell': '85699020', 'id': {'name': 'CPR', 'value': '070380-4223'}, 'picture': {'large': 'https://randomuser.me/api/portraits/women/50.jpg', 'medium': 'https://randomuser.me/api/portraits/med/women/50.jpg', 'thumbnail': 'https://randomuser.me/api/portraits/thumb/women/50.jpg'}, 'nat': 'DK'}</msg>
<arg>${json_data['results'][0]}</arg>
<doc>Logs the given message with the given level.</doc>
<status status="PASS" start="2024-07-21T21:13:04.430828" elapsed="0.000408"/>
</kw>
<kw name="Log" owner="BuiltIn">
<msg time="2024-07-21T21:13:04.431660" level="INFO">login</msg>
<arg>${key}</arg>
<doc>Logs the given message with the given level.</doc>
<status status="PASS" start="2024-07-21T21:13:04.431532" elapsed="0.000166"/>
</kw>
<var name="${key}">login</var>
<status status="PASS" start="2024-07-21T21:13:04.430121" elapsed="0.001792"/>
</iter>
<var>${key}</var>
<value>@{expected_keys}</value>
<status status="PASS" start="2024-07-21T21:13:04.421771" elapsed="0.010261"/>
</for>
<kw name="Create List" owner="BuiltIn">
<msg time="2024-07-21T21:13:04.432361" level="INFO">${expected_keysTwo} = ['username', 'password']</msg>
<var>${expected_keysTwo}</var>
<arg>username</arg>
<arg>password</arg>
<doc>Returns a list containing given items.</doc>
<status status="PASS" start="2024-07-21T21:13:04.432221" elapsed="0.000165"/>
</kw>
<for flavor="IN">
<iter>
<kw name="Dictionary Should Contain Key" owner="Collections">
<arg>${json_data['results'][0]['login']}</arg>
<arg>${keyTwo}</arg>
<doc>Fails if ``key`` is not found from ``dictionary``.</doc>
<status status="PASS" start="2024-07-21T21:13:04.432910" elapsed="0.000388"/>
</kw>
<kw name="Dictionary Should Contain Key" owner="Collections">
<arg>${json_data['results'][0]['login']}</arg>
<arg>${keyTwo}</arg>
<doc>Fails if ``key`` is not found from ``dictionary``.</doc>
<status status="PASS" start="2024-07-21T21:13:04.433482" elapsed="0.000382"/>
</kw>
<kw name="Log" owner="BuiltIn">
<msg time="2024-07-21T21:13:04.434163" level="INFO">username</msg>
<arg>${keyTwo}</arg>
<doc>Logs the given message with the given level.</doc>
<status status="PASS" start="2024-07-21T21:13:04.434043" elapsed="0.000158"/>
</kw>
<var name="${keyTwo}">username</var>
<status status="PASS" start="2024-07-21T21:13:04.432802" elapsed="0.001641"/>
</iter>
<iter>
<kw name="Dictionary Should Contain Key" owner="Collections">
<arg>${json_data['results'][0]['login']}</arg>
<arg>${keyTwo}</arg>
<doc>Fails if ``key`` is not found from ``dictionary``.</doc>
<status status="PASS" start="2024-07-21T21:13:04.434725" elapsed="0.000377"/>
</kw>
<kw name="Dictionary Should Contain Key" owner="Collections">
<arg>${json_data['results'][0]['login']}</arg>
<arg>${keyTwo}</arg>
<doc>Fails if ``key`` is not found from ``dictionary``.</doc>
<status status="PASS" start="2024-07-21T21:13:04.435281" elapsed="0.000374"/>
</kw>
<kw name="Log" owner="BuiltIn">
<msg time="2024-07-21T21:13:04.435961" level="INFO">password</msg>
<arg>${keyTwo}</arg>
<doc>Logs the given message with the given level.</doc>
<status status="PASS" start="2024-07-21T21:13:04.435835" elapsed="0.000164"/>
</kw>
<var name="${keyTwo}">password</var>
<status status="PASS" start="2024-07-21T21:13:04.434614" elapsed="0.001607"/>
</iter>
<var>${keyTwo}</var>
<value>@{expected_keysTwo}</value>
<status status="PASS" start="2024-07-21T21:13:04.432648" elapsed="0.003695"/>
</for>
<status status="PASS" start="2024-07-21T21:13:04.336727" elapsed="0.099753"/>
</kw>
<doc>Testa a estrutura da resposta da API.</doc>
<tag>testeEstruturaResposta</tag>
<status status="PASS" start="2024-07-21T21:13:04.335984" elapsed="0.100643"/>
</test>
<test id="s1-s1-t4" name="Validar tipos de dados" line="28">
<kw name="Teste de Tipos de Dados" owner="random-user-service">
<kw name="GET On Session" owner="RequestsLibrary">
<msg time="2024-07-21T21:13:04.516845" level="INFO">GET Request : url=https://randomuser.me/api 
 path_url=/api 
 headers={'User-Agent': 'python-requests/2.32.3', 'Accept-Encoding': 'gzip, deflate', 'Accept': '*/*', 'Connection': 'keep-alive'} 
 body=None 
 </msg>
<msg time="2024-07-21T21:13:04.516928" level="INFO">GET Response : url=https://randomuser.me/api 
 status=200, reason=OK 
 headers={'Date': 'Sun, 21 Jul 2024 21:13:04 GMT', 'Content-Type': 'application/json; charset=utf-8', 'Transfer-Encoding': 'chunked', 'Connection': 'keep-alive', 'X-Powered-By': 'Express', 'Access-Control-Allow-Origin': '*', 'Cache-Control': 'no-cache', 'ETag': 'W/"484-lBK7sLNvhm37+SRkyFnPuLo7GfQ"', 'Vary': 'Accept-Encoding', 'Content-Encoding': 'gzip', 'CF-Cache-Status': 'DYNAMIC', 'Report-To': '{"endpoints":[{"url":"https:\\/\\/a.nel.cloudflare.com\\/report\\/v4?s=qzZQXOXT0ZazQGcO7SqjdkJZWLiwjXJuEaBe2Si7b0NL3DKIEsnN%2F3SoH2etnkZh2yjuIW1OTiAdaDaUmHhPRrrzs9KcNJKxqkHXtLENPY%2BVZ70Tx4rAYM7A9K6HWo3k"}],"group":"cf-nel","max_age":604800}', 'NEL': '{"success_fraction":0,"report_to":"cf-nel","max_age":604800}', 'Server': 'cloudflare', 'CF-RAY': '8a6e315acd9c56b6-IAD', 'alt-svc': 'h3=":443"; ma=86400'} 
 body={"results":[{"gender":"male","name":{"title":"Mr","first":"Vojin","last":"Ivkov"},"location":{"street":{"number":7743,"name":"Brodska"},"city":"Bačka Palanka","state":"Kosovska Mitrovica","country":"Serbia","postcode":41547,"coordinates":{"latitude":"58.3421","longitude":"-32.5592"},"timezone":{"offset":"-7:00","description":"Mountain Time (US &amp; Canada)"}},"email":"vojin.ivkov@example.com","login":{"uuid":"e32c1045-cfef-469a-a8a8-1a0ed07d7368","username":"redlion186","password":"kisses","salt":"V759AMO3","md5":"a6eb197ad359a6dc34da8dbc9348fdfa","sha1":"63913af5883a3e0cdd997bd142dbef5aab2670f4","sha256":"e3a4b407f48ad86d6d1a591683c904c950937e5bf9e4d5b020a8e433ab3bad99"},"dob":{"date":"1982-10-01T21:05:55.774Z","age":41},"registered":{"date":"2003-04-30T12:35:10.460Z","age":21},"phone":"030-4841-458","cell":"060-7593-152","id":{"name":"SID","value":"990419469"},"picture":{"large":"https://randomuser.me/api/portraits/men/92.jpg","medium":"https://randomuser.me/api/portraits/med/men/92.jpg","thumbnail":"https://randomuser.me/api/portraits/thumb/men/92.jpg"},"nat":"RS"}],"info":{"seed":"a5b0758535296ef2","results":1,"page":1,"version":"1.4"}} 
 </msg>
<msg time="2024-07-21T21:13:04.517003" level="INFO">/opt/hostedtoolcache/Python/3.12.4/x64/lib/python3.12/site-packages/urllib3/connectionpool.py:1099: InsecureRequestWarning: Unverified HTTPS request is being made to host 'randomuser.me'. Adding certificate verification is strongly advised. See: https://urllib3.readthedocs.io/en/latest/advanced-usage.html#tls-warnings
  warnings.warn(</msg>
<msg time="2024-07-21T21:13:04.517125" level="INFO">${response} = &lt;Response [200]&gt;</msg>
<var>${response}</var>
<arg>consultarAPI</arg>
<arg>/api</arg>
<doc>Sends a GET request on a previously created HTTP Session.</doc>
<status status="PASS" start="2024-07-21T21:13:04.439110" elapsed="0.078069"/>
</kw>
<kw name="Set Variable" owner="BuiltIn">
<msg time="2024-07-21T21:13:04.518326" level="INFO">${json_data} = {'results': [{'gender': 'male', 'name': {'title': 'Mr', 'first': 'Vojin', 'last': 'Ivkov'}, 'location': {'street': {'number': 7743, 'name': 'Brodska'}, 'city': 'Bačka Palanka', 'state': 'Kosovska Mitr...</msg>
<var>${json_data}</var>
<arg>${response.json()}</arg>
<doc>Returns the given values which can then be assigned to a variables.</doc>
<status status="PASS" start="2024-07-21T21:13:04.517728" elapsed="0.000632"/>
</kw>
<kw name="Log" owner="BuiltIn">
<msg time="2024-07-21T21:13:04.518834" level="INFO">{'results': [{'gender': 'male', 'name': {'title': 'Mr', 'first': 'Vojin', 'last': 'Ivkov'}, 'location': {'street': {'number': 7743, 'name': 'Brodska'}, 'city': 'Bačka Palanka', 'state': 'Kosovska Mitrovica', 'country': 'Serbia', 'postcode': 41547, 'coordinates': {'latitude': '58.3421', 'longitude': '-32.5592'}, 'timezone': {'offset': '-7:00', 'description': 'Mountain Time (US &amp; Canada)'}}, 'email': 'vojin.ivkov@example.com', 'login': {'uuid': 'e32c1045-cfef-469a-a8a8-1a0ed07d7368', 'username': 'redlion186', 'password': 'kisses', 'salt': 'V759AMO3', 'md5': 'a6eb197ad359a6dc34da8dbc9348fdfa', 'sha1': '63913af5883a3e0cdd997bd142dbef5aab2670f4', 'sha256': 'e3a4b407f48ad86d6d1a591683c904c950937e5bf9e4d5b020a8e433ab3bad99'}, 'dob': {'date': '1982-10-01T21:05:55.774Z', 'age': 41}, 'registered': {'date': '2003-04-30T12:35:10.460Z', 'age': 21}, 'phone': '030-4841-458', 'cell': '060-7593-152', 'id': {'name': 'SID', 'value': '990419469'}, 'picture': {'large': 'https://randomuser.me/api/portraits/men/92.jpg', 'medium': 'https://randomuser.me/api/portraits/med/men/92.jpg', 'thumbnail': 'https://randomuser.me/api/portraits/thumb/men/92.jpg'}, 'nat': 'RS'}], 'info': {'seed': 'a5b0758535296ef2', 'results': 1, 'page': 1, 'version': '1.4'}}</msg>
<arg>${json_data}</arg>
<doc>Logs the given message with the given level.</doc>
<status status="PASS" start="2024-07-21T21:13:04.518675" elapsed="0.000213"/>
</kw>
<kw name="Should Be String" owner="String">
<arg>${json_data['results'][0]['gender']}</arg>
<doc>Fails if the given ``item`` is not a string.</doc>
<status status="PASS" start="2024-07-21T21:13:04.519187" elapsed="0.000371"/>
</kw>
<kw name="Should Match Regexp" owner="BuiltIn">
<arg>${json_data['results'][0]['email']}</arg>
<arg>^[a-zA-Z0-9._%+-]+@[a-zA-Z0-9.-]+\.[a-zA-Z]{2,}$</arg>
<doc>Fails if ``string`` does not match ``pattern`` as a regular expression.</doc>
<status status="PASS" start="2024-07-21T21:13:04.519752" elapsed="0.000509"/>
</kw>
<kw name="Should Match Regexp" owner="BuiltIn">
<arg>${json_data['results'][0]['dob']['date']}</arg>
<arg>\\d{4}-\\d{2}-\\d{2}T\\d{2}:\\d{2}:\\d{2}\\.\\d{3}Z</arg>
<doc>Fails if ``string`` does not match ``pattern`` as a regular expression.</doc>
<status status="PASS" start="2024-07-21T21:13:04.520493" elapsed="0.000603"/>
</kw>
<kw name="Should Match Regexp" owner="BuiltIn">
<arg>${json_data['results'][0]['registered']['date']}</arg>
<arg>\\d{4}-\\d{2}-\\d{2}T\\d{2}:\\d{2}:\\d{2}\\.\\d{3}Z</arg>
<doc>Fails if ``string`` does not match ``pattern`` as a regular expression.</doc>
<status status="PASS" start="2024-07-21T21:13:04.521297" elapsed="0.000379"/>
</kw>
<kw name="Should Match Regexp" owner="BuiltIn">
<arg>${json_data['results'][0]['picture']['large']}</arg>
<arg>^https?://.*\.(?:png|jpe?g|gif|bmp)$</arg>
<doc>Fails if ``string`` does not match ``pattern`` as a regular expression.</doc>
<status status="PASS" start="2024-07-21T21:13:04.521867" elapsed="0.000499"/>
</kw>
<kw name="Should Match Regexp" owner="BuiltIn">
<arg>${json_data['results'][0]['picture']['medium']}</arg>
<arg>^https?://.*\.(?:png|jpe?g|gif|bmp)$</arg>
<doc>Fails if ``string`` does not match ``pattern`` as a regular expression.</doc>
<status status="PASS" start="2024-07-21T21:13:04.522563" elapsed="0.000365"/>
</kw>
<kw name="Should Match Regexp" owner="BuiltIn">
<arg>${json_data['results'][0]['picture']['thumbnail']}</arg>
<arg>^https?://.*\.(?:png|jpe?g|gif|bmp)$</arg>
<doc>Fails if ``string`` does not match ``pattern`` as a regular expression.</doc>
<status status="PASS" start="2024-07-21T21:13:04.523115" elapsed="0.000480"/>
</kw>
<kw name="Log" owner="BuiltIn">
<msg time="2024-07-21T21:13:04.524333" level="INFO">{'large': 'https://randomuser.me/api/portraits/men/92.jpg', 'medium': 'https://randomuser.me/api/portraits/med/men/92.jpg', 'thumbnail': 'https://randomuser.me/api/portraits/thumb/men/92.jpg'}</msg>
<arg>${json_data['results'][0]['picture']}</arg>
<doc>Logs the given message with the given level.</doc>
<status status="PASS" start="2024-07-21T21:13:04.523877" elapsed="0.000501"/>
</kw>
<status status="PASS" start="2024-07-21T21:13:04.438893" elapsed="0.085747"/>
</kw>
<kw name="Teste de Tipos de Dados - Postcode" owner="random-user-service">
<kw name="GET On Session" owner="RequestsLibrary">
<msg time="2024-07-21T21:13:04.619505" level="INFO">GET Request : url=https://randomuser.me/api 
 path_url=/api 
 headers={'User-Agent': 'python-requests/2.32.3', 'Accept-Encoding': 'gzip, deflate', 'Accept': '*/*', 'Connection': 'keep-alive'} 
 body=None 
 </msg>
<msg time="2024-07-21T21:13:04.619592" level="INFO">GET Response : url=https://randomuser.me/api 
 status=200, reason=OK 
 headers={'Date': 'Sun, 21 Jul 2024 21:13:04 GMT', 'Content-Type': 'application/json; charset=utf-8', 'Transfer-Encoding': 'chunked', 'Connection': 'keep-alive', 'X-Powered-By': 'Express', 'Access-Control-Allow-Origin': '*', 'Cache-Control': 'no-cache', 'ETag': 'W/"491-Lqr6LeizSVFP6D5VG+Uo8QEpZ7M"', 'Vary': 'Accept-Encoding', 'Content-Encoding': 'gzip', 'CF-Cache-Status': 'DYNAMIC', 'Report-To': '{"endpoints":[{"url":"https:\\/\\/a.nel.cloudflare.com\\/report\\/v4?s=%2FKL7ka15eHXFaNWuy2GqPsZHGW20CXDRTcXMlet1tCulrKstC628fFL%2BcjOhoDXyrO4RH79BmAkWKDKkaraL2WnHU88FDl9Dy85zIHPdcg9tymuwTSRzkWXSN2Qri%2Bsq"}],"group":"cf-nel","max_age":604800}', 'NEL': '{"success_fraction":0,"report_to":"cf-nel","max_age":604800}', 'Server': 'cloudflare', 'CF-RAY': '8a6e315b4e4b56b6-IAD', 'alt-svc': 'h3=":443"; ma=86400'} 
 body={"results":[{"gender":"male","name":{"title":"Mr","first":"Mariano","last":"Prieto"},"location":{"street":{"number":1800,"name":"Calle de La Luna"},"city":"Valladolid","state":"País Vasco","country":"Spain","postcode":58238,"coordinates":{"latitude":"-38.2154","longitude":"-153.0817"},"timezone":{"offset":"+1:00","description":"Brussels, Copenhagen, Madrid, Paris"}},"email":"mariano.prieto@example.com","login":{"uuid":"bb728ef8-644f-4fa4-92ac-97ae2157e8c9","username":"redrabbit610","password":"blues1","salt":"zrp79Oqe","md5":"371066667014c3cfd5bf767d420e48cb","sha1":"b5a5aef73420321ad26b16ff11fc076998619def","sha256":"971385eb175d6110907f100eebc78d0e787f4d5891bb54fcd1837e6ed1ad7316"},"dob":{"date":"1971-12-12T12:58:33.056Z","age":52},"registered":{"date":"2015-03-26T13:37:47.847Z","age":9},"phone":"911-348-585","cell":"653-584-403","id":{"name":"DNI","value":"24737584-N"},"picture":{"large":"https://randomuser.me/api/portraits/men/91.jpg","medium":"https://randomuser.me/api/portraits/med/men/91.jpg","thumbnail":"https://randomuser.me/api/portraits/thumb/men/91.jpg"},"nat":"ES"}],"info":{"seed":"0afb3a2396971ea5","results":1,"page":1,"version":"1.4"}} 
 </msg>
<msg time="2024-07-21T21:13:04.619668" level="INFO">/opt/hostedtoolcache/Python/3.12.4/x64/lib/python3.12/site-packages/urllib3/connectionpool.py:1099: InsecureRequestWarning: Unverified HTTPS request is being made to host 'randomuser.me'. Adding certificate verification is strongly advised. See: https://urllib3.readthedocs.io/en/latest/advanced-usage.html#tls-warnings
  warnings.warn(</msg>
<msg time="2024-07-21T21:13:04.619778" level="INFO">${response} = &lt;Response [200]&gt;</msg>
<var>${response}</var>
<arg>consultarAPI</arg>
<arg>/api</arg>
<doc>Sends a GET request on a previously created HTTP Session.</doc>
<status status="PASS" start="2024-07-21T21:13:04.525092" elapsed="0.094726"/>
</kw>
<kw name="Set Variable" owner="BuiltIn">
<msg time="2024-07-21T21:13:04.620675" level="INFO">${json_data} = {'results': [{'gender': 'male', 'name': {'title': 'Mr', 'first': 'Mariano', 'last': 'Prieto'}, 'location': {'street': {'number': 1800, 'name': 'Calle de La Luna'}, 'city': 'Valladolid', 'state': 'País...</msg>
<var>${json_data}</var>
<arg>${response.json()}</arg>
<doc>Returns the given values which can then be assigned to a variables.</doc>
<status status="PASS" start="2024-07-21T21:13:04.620221" elapsed="0.000484"/>
</kw>
<kw name="Log" owner="BuiltIn">
<msg time="2024-07-21T21:13:04.621178" level="INFO">{'results': [{'gender': 'male', 'name': {'title': 'Mr', 'first': 'Mariano', 'last': 'Prieto'}, 'location': {'street': {'number': 1800, 'name': 'Calle de La Luna'}, 'city': 'Valladolid', 'state': 'País Vasco', 'country': 'Spain', 'postcode': 58238, 'coordinates': {'latitude': '-38.2154', 'longitude': '-153.0817'}, 'timezone': {'offset': '+1:00', 'description': 'Brussels, Copenhagen, Madrid, Paris'}}, 'email': 'mariano.prieto@example.com', 'login': {'uuid': 'bb728ef8-644f-4fa4-92ac-97ae2157e8c9', 'username': 'redrabbit610', 'password': 'blues1', 'salt': 'zrp79Oqe', 'md5': '371066667014c3cfd5bf767d420e48cb', 'sha1': 'b5a5aef73420321ad26b16ff11fc076998619def', 'sha256': '971385eb175d6110907f100eebc78d0e787f4d5891bb54fcd1837e6ed1ad7316'}, 'dob': {'date': '1971-12-12T12:58:33.056Z', 'age': 52}, 'registered': {'date': '2015-03-26T13:37:47.847Z', 'age': 9}, 'phone': '911-348-585', 'cell': '653-584-403', 'id': {'name': 'DNI', 'value': '24737584-N'}, 'picture': {'large': 'https://randomuser.me/api/portraits/men/91.jpg', 'medium': 'https://randomuser.me/api/portraits/med/men/91.jpg', 'thumbnail': 'https://randomuser.me/api/portraits/thumb/men/91.jpg'}, 'nat': 'ES'}], 'info': {'seed': '0afb3a2396971ea5', 'results': 1, 'page': 1, 'version': '1.4'}}</msg>
<arg>${json_data}</arg>
<doc>Logs the given message with the given level.</doc>
<status status="PASS" start="2024-07-21T21:13:04.621019" elapsed="0.000209"/>
</kw>
<kw name="Should Be Equal As Numbers" owner="BuiltIn">
<arg>${json_data['results'][0]['location']['postcode']}</arg>
<arg>${json_data['results'][0]['location']['postcode']}</arg>
<doc>Fails if objects are unequal after converting them to real numbers.</doc>
<status status="PASS" start="2024-07-21T21:13:04.621526" elapsed="0.000629"/>
</kw>
<kw name="Log" owner="BuiltIn">
<msg time="2024-07-21T21:13:04.622719" level="INFO">58238</msg>
<arg>${json_data['results'][0]['location']['postcode']}</arg>
<doc>Logs the given message with the given level.</doc>
<status status="PASS" start="2024-07-21T21:13:04.622397" elapsed="0.000360"/>
</kw>
<status status="PASS" start="2024-07-21T21:13:04.524867" elapsed="0.098171"/>
</kw>
<doc>Testa se os tipos de dados na resposta da API estão corretos.</doc>
<tag>testeTiposDados</tag>
<status status="PASS" start="2024-07-21T21:13:04.438395" elapsed="0.184806"/>
</test>
<test id="s1-s1-t5" name="Validar conteudo" line="35">
<kw name="Teste de Tipos de Conteudo" owner="random-user-service">
<kw name="GET On Session" owner="RequestsLibrary">
<msg time="2024-07-21T21:13:04.718733" level="INFO">GET Request : url=https://randomuser.me/api 
 path_url=/api 
 headers={'User-Agent': 'python-requests/2.32.3', 'Accept-Encoding': 'gzip, deflate', 'Accept': '*/*', 'Connection': 'keep-alive'} 
 body=None 
 </msg>
<msg time="2024-07-21T21:13:04.718829" level="INFO">GET Response : url=https://randomuser.me/api 
 status=200, reason=OK 
 headers={'Date': 'Sun, 21 Jul 2024 21:13:04 GMT', 'Content-Type': 'application/json; charset=utf-8', 'Transfer-Encoding': 'chunked', 'Connection': 'keep-alive', 'X-Powered-By': 'Express', 'Access-Control-Allow-Origin': '*', 'Cache-Control': 'no-cache', 'ETag': 'W/"496-DgVyx6yDK7Zx0D1PGkYWlOtSZYI"', 'Vary': 'Accept-Encoding', 'Content-Encoding': 'gzip', 'CF-Cache-Status': 'DYNAMIC', 'Report-To': '{"endpoints":[{"url":"https:\\/\\/a.nel.cloudflare.com\\/report\\/v4?s=ZPeGf%2F260z4VCLI1EbKxGrV5BCu8NXt9Vx0A6SrAlHZ7EuzRX8rOwKiOjuGvozSIB9Os8kteEkU6kRXwZvXyp80WsElHKiaBkpBh7lo8cJWpaKRAr%2BlFPrUzdx1h%2BAS4"}],"group":"cf-nel","max_age":604800}', 'NEL': '{"success_fraction":0,"report_to":"cf-nel","max_age":604800}', 'Server': 'cloudflare', 'CF-RAY': '8a6e315beeef56b6-IAD', 'alt-svc': 'h3=":443"; ma=86400'} 
 body={"results":[{"gender":"male","name":{"title":"Mr","first":"Gabe","last":"Barrett"},"location":{"street":{"number":1339,"name":"Mill Lane"},"city":"Bradford","state":"Lincolnshire","country":"United Kingdom","postcode":"M30 4SH","coordinates":{"latitude":"-9.4049","longitude":"-154.5508"},"timezone":{"offset":"+4:00","description":"Abu Dhabi, Muscat, Baku, Tbilisi"}},"email":"gabe.barrett@example.com","login":{"uuid":"5092719a-8b30-4209-858f-978b9b5d71e4","username":"lazywolf643","password":"federico","salt":"FUpckbJr","md5":"0a30837665fa0ab2a111553b8baf6133","sha1":"4ffeb292f2f76e25ee97f4697c5e2c4066aa878f","sha256":"cd89e96ff1de4d9fd7fe0365e65a72dc2c7dc979d234637e73cad6c298932444"},"dob":{"date":"1972-09-23T08:46:33.851Z","age":51},"registered":{"date":"2013-05-01T01:05:16.612Z","age":11},"phone":"016977 33129","cell":"07729 308376","id":{"name":"NINO","value":"RX 89 13 92 V"},"picture":{"large":"https://randomuser.me/api/portraits/men/70.jpg","medium":"https://randomuser.me/api/portraits/med/men/70.jpg","thumbnail":"https://randomuser.me/api/portraits/thumb/men/70.jpg"},"nat":"GB"}],"info":{"seed":"2aa487c8170f2d93","results":1,"page":1,"version":"1.4"}} 
 </msg>
<msg time="2024-07-21T21:13:04.718931" level="INFO">/opt/hostedtoolcache/Python/3.12.4/x64/lib/python3.12/site-packages/urllib3/connectionpool.py:1099: InsecureRequestWarning: Unverified HTTPS request is being made to host 'randomuser.me'. Adding certificate verification is strongly advised. See: https://urllib3.readthedocs.io/en/latest/advanced-usage.html#tls-warnings
  warnings.warn(</msg>
<msg time="2024-07-21T21:13:04.719066" level="INFO">${response} = &lt;Response [200]&gt;</msg>
<var>${response}</var>
<arg>consultarAPI</arg>
<arg>/api</arg>
<doc>Sends a GET request on a previously created HTTP Session.</doc>
<status status="PASS" start="2024-07-21T21:13:04.625465" elapsed="0.093643"/>
</kw>
<kw name="Set Variable" owner="BuiltIn">
<msg time="2024-07-21T21:13:04.720336" level="INFO">${json_data} = {'results': [{'gender': 'male', 'name': {'title': 'Mr', 'first': 'Gabe', 'last': 'Barrett'}, 'location': {'street': {'number': 1339, 'name': 'Mill Lane'}, 'city': 'Bradford', 'state': 'Lincolnshire', ...</msg>
<var>${json_data}</var>
<arg>${response.json()}</arg>
<doc>Returns the given values which can then be assigned to a variables.</doc>
<status status="PASS" start="2024-07-21T21:13:04.719632" elapsed="0.000747"/>
</kw>
<kw name="Set Variable" owner="BuiltIn">
<msg time="2024-07-21T21:13:04.721496" level="INFO">${name_title} = Mr</msg>
<var>${name_title}</var>
<arg>${json_data["results"][0]["name"]["title"]}</arg>
<doc>Returns the given values which can then be assigned to a variables.</doc>
<status status="PASS" start="2024-07-21T21:13:04.720845" elapsed="0.000690"/>
</kw>
<kw name="Create List" owner="BuiltIn">
<msg time="2024-07-21T21:13:04.722273" level="INFO">${allowed_titles} = ['Mr', 'Ms', 'Miss', 'Mrs', 'Madame', 'Monsieur']</msg>
<var>${allowed_titles}</var>
<arg>Mr</arg>
<arg>Ms</arg>
<arg>Miss</arg>
<arg>Mrs</arg>
<arg>Madame</arg>
<arg>Monsieur</arg>
<doc>Returns a list containing given items.</doc>
<status status="PASS" start="2024-07-21T21:13:04.721984" elapsed="0.000334"/>
</kw>
<kw name="List Should Contain Value" owner="Collections">
<arg>${allowed_titles}</arg>
<arg>${name_title}</arg>
<doc>Fails if the ``value`` is not found from ``list``.</doc>
<status status="PASS" start="2024-07-21T21:13:04.722792" elapsed="0.000302"/>
</kw>
<kw name="Set Variable" owner="BuiltIn">
<msg time="2024-07-21T21:13:04.723983" level="INFO">${name_country} = GB</msg>
<var>${name_country}</var>
<arg>${json_data["results"][0]["nat"]}</arg>
<doc>Returns the given values which can then be assigned to a variables.</doc>
<status status="PASS" start="2024-07-21T21:13:04.723390" elapsed="0.000633"/>
</kw>
<kw name="Create List" owner="BuiltIn">
<msg time="2024-07-21T21:13:04.725745" level="INFO">${list_country} = ['AD', 'AE', 'AF', 'AG', 'AI', 'AL', 'AM', 'AO', 'AQ', 'AR', 'AS', 'AT', 'AU', 'AW', 'AX', 'AZ', 'BA', 'BB', 'BD', 'BE', 'BF', 'BG', 'BH', 'BI', 'BJ', 'BL', 'BM', 'BN', 'BO', 'BQ', 'BR', 'BS', 'BT', '...</msg>
<var>${list_country}</var>
<arg>AD</arg>
<arg>AE</arg>
<arg>AF</arg>
<arg>AG</arg>
<arg>AI</arg>
<arg>AL</arg>
<arg>AM</arg>
<arg>AO</arg>
<arg>AQ</arg>
<arg>AR</arg>
<arg>AS</arg>
<arg>AT</arg>
<arg>AU</arg>
<arg>AW</arg>
<arg>AX</arg>
<arg>AZ</arg>
<arg>BA</arg>
<arg>BB</arg>
<arg>BD</arg>
<arg>BE</arg>
<arg>BF</arg>
<arg>BG</arg>
<arg>BH</arg>
<arg>BI</arg>
<arg>BJ</arg>
<arg>BL</arg>
<arg>BM</arg>
<arg>BN</arg>
<arg>BO</arg>
<arg>BQ</arg>
<arg>BR</arg>
<arg>BS</arg>
<arg>BT</arg>
<arg>BV</arg>
<arg>BW</arg>
<arg>BY</arg>
<arg>BZ</arg>
<arg>CA</arg>
<arg>CC</arg>
<arg>CD</arg>
<arg>CF</arg>
<arg>CG</arg>
<arg>CH</arg>
<arg>CI</arg>
<arg>CK</arg>
<arg>CL</arg>
<arg>CM</arg>
<arg>CN</arg>
<arg>CO</arg>
<arg>CR</arg>
<arg>CU</arg>
<arg>CV</arg>
<arg>CW</arg>
<arg>CX</arg>
<arg>CY</arg>
<arg>CZ</arg>
<arg>DE</arg>
<arg>DJ</arg>
<arg>DK</arg>
<arg>DM</arg>
<arg>DO</arg>
<arg>DZ</arg>
<arg>EC</arg>
<arg>EE</arg>
<arg>EG</arg>
<arg>EH</arg>
<arg>ER</arg>
<arg>ES</arg>
<arg>ET</arg>
<arg>FI</arg>
<arg>FJ</arg>
<arg>FK</arg>
<arg>FM</arg>
<arg>FO</arg>
<arg>FR</arg>
<arg>GA</arg>
<arg>GB</arg>
<arg>GD</arg>
<arg>GE</arg>
<arg>GF</arg>
<arg>GG</arg>
<arg>GH</arg>
<arg>GI</arg>
<arg>GL</arg>
<arg>GM</arg>
<arg>GN</arg>
<arg>GP</arg>
<arg>GQ</arg>
<arg>GR</arg>
<arg>GS</arg>
<arg>GT</arg>
<arg>GU</arg>
<arg>GW</arg>
<arg>GY</arg>
<arg>HK</arg>
<arg>HM</arg>
<arg>HN</arg>
<arg>HR</arg>
<arg>HT</arg>
<arg>HU</arg>
<arg>ID</arg>
<arg>IE</arg>
<arg>IL</arg>
<arg>IM</arg>
<arg>IN</arg>
<arg>IO</arg>
<arg>IQ</arg>
<arg>IR</arg>
<arg>IS</arg>
<arg>IT</arg>
<arg>JE</arg>
<arg>JM</arg>
<arg>JO</arg>
<arg>JP</arg>
<arg>KE</arg>
<arg>KG</arg>
<arg>KH</arg>
<arg>KI</arg>
<arg>KM</arg>
<arg>KN</arg>
<arg>KP</arg>
<arg>KR</arg>
<arg>KW</arg>
<arg>KY</arg>
<arg>KZ</arg>
<arg>LA</arg>
<arg>LB</arg>
<arg>LC</arg>
<arg>LI</arg>
<arg>LK</arg>
<arg>LR</arg>
<arg>LS</arg>
<arg>LT</arg>
<arg>LU</arg>
<arg>LV</arg>
<arg>LY</arg>
<arg>MA</arg>
<arg>MC</arg>
<arg>MD</arg>
<arg>ME</arg>
<arg>MF</arg>
<arg>MG</arg>
<arg>MH</arg>
<arg>MK</arg>
<arg>ML</arg>
<arg>MM</arg>
<arg>MN</arg>
<arg>MO</arg>
<arg>MP</arg>
<arg>MQ</arg>
<arg>MR</arg>
<arg>MS</arg>
<arg>MT</arg>
<arg>MU</arg>
<arg>MV</arg>
<arg>MW</arg>
<arg>MX</arg>
<arg>MY</arg>
<arg>MZ</arg>
<arg>NA</arg>
<arg>NC</arg>
<arg>NE</arg>
<arg>NF</arg>
<arg>NG</arg>
<arg>NI</arg>
<arg>NL</arg>
<arg>NO</arg>
<arg>NP</arg>
<arg>NR</arg>
<arg>NU</arg>
<arg>NZ</arg>
<arg>OM</arg>
<arg>PA</arg>
<arg>PE</arg>
<arg>PF</arg>
<arg>PG</arg>
<arg>PH</arg>
<arg>PK</arg>
<arg>PL</arg>
<arg>PM</arg>
<arg>PN</arg>
<arg>PR</arg>
<arg>PS</arg>
<arg>PT</arg>
<arg>PW</arg>
<arg>PY</arg>
<arg>QA</arg>
<arg>RE</arg>
<arg>RO</arg>
<arg>RS</arg>
<arg>RU</arg>
<arg>RW</arg>
<arg>SA</arg>
<arg>SB</arg>
<arg>SC</arg>
<arg>SD</arg>
<arg>SE</arg>
<arg>SG</arg>
<arg>SH</arg>
<arg>SI</arg>
<arg>SJ</arg>
<arg>SK</arg>
<arg>SL</arg>
<arg>SM</arg>
<arg>SN</arg>
<arg>SO</arg>
<arg>SR</arg>
<arg>SS</arg>
<arg>ST</arg>
<arg>SV</arg>
<arg>SX</arg>
<arg>SY</arg>
<arg>SZ</arg>
<arg>TC</arg>
<arg>TD</arg>
<arg>TF</arg>
<arg>TG</arg>
<arg>TH</arg>
<arg>TJ</arg>
<arg>TK</arg>
<arg>TL</arg>
<arg>TM</arg>
<arg>TN</arg>
<arg>TO</arg>
<arg>TR</arg>
<arg>TT</arg>
<arg>TV</arg>
<arg>TW</arg>
<arg>TZ</arg>
<arg>UA</arg>
<arg>UG</arg>
<arg>UM</arg>
<arg>US</arg>
<arg>UY</arg>
<arg>UZ</arg>
<arg>VA</arg>
<arg>VC</arg>
<arg>VE</arg>
<arg>VG</arg>
<arg>VI</arg>
<arg>VN</arg>
<arg>VU</arg>
<arg>WF</arg>
<arg>WS</arg>
<arg>XK</arg>
<arg>YE</arg>
<arg>YT</arg>
<arg>ZA</arg>
<arg>ZM</arg>
<arg>ZW</arg>
<doc>Returns a list containing given items.</doc>
<status status="PASS" start="2024-07-21T21:13:04.724498" elapsed="0.001291"/>
</kw>
<kw name="List Should Contain Value" owner="Collections">
<arg>${list_country}</arg>
<arg>${name_country}</arg>
<doc>Fails if the ``value`` is not found from ``list``.</doc>
<status status="PASS" start="2024-07-21T21:13:04.727481" elapsed="0.000357"/>
</kw>
<kw name="Run Keyword If" owner="BuiltIn">
<kw name="Should Be True" owner="BuiltIn">
<arg>${True}</arg>
<doc>Fails if the given condition is not true.</doc>
<status status="PASS" start="2024-07-21T21:13:04.729421" elapsed="0.000208"/>
</kw>
<arg>${json_data["results"][0]["location"]["coordinates"]["latitude"]} &gt;= -90 and ${json_data["results"][0]["location"]["coordinates"]["latitude"]} &lt;= 90</arg>
<arg>Should Be True</arg>
<arg>${True}</arg>
<doc>Runs the given keyword with the given arguments, if ``condition`` is true.</doc>
<status status="PASS" start="2024-07-21T21:13:04.728184" elapsed="0.001664"/>
</kw>
<kw name="Run Keyword If" owner="BuiltIn">
<kw name="Should Be True" owner="BuiltIn">
<arg>${True}</arg>
<doc>Fails if the given condition is not true.</doc>
<status status="PASS" start="2024-07-21T21:13:04.731449" elapsed="0.000209"/>
</kw>
<arg>${json_data["results"][0]["location"]["coordinates"]["longitude"]} &gt;= -180 and ${json_data["results"][0]["location"]["coordinates"]["longitude"]} &lt;= 180</arg>
<arg>Should Be True</arg>
<arg>${True}</arg>
<doc>Runs the given keyword with the given arguments, if ``condition`` is true.</doc>
<status status="PASS" start="2024-07-21T21:13:04.730188" elapsed="0.001687"/>
</kw>
<status status="PASS" start="2024-07-21T21:13:04.625255" elapsed="0.106866"/>
</kw>
<doc>Testa o conteúdo específico dos campos retornados pela API.</doc>
<tag>testeConteudo</tag>
<status status="PASS" start="2024-07-21T21:13:04.624871" elapsed="0.107515"/>
</test>
<status status="PASS" start="2024-07-21T21:13:03.897418" elapsed="0.838438"/>
</suite>
<status status="PASS" start="2024-07-21T21:13:03.883395" elapsed="0.861357"/>
</suite>
<statistics>
<total>
<stat pass="5" fail="0" skip="0">All Tests</stat>
</total>
<tag>
<stat pass="1" fail="0" skip="0">testeConteudo</stat>
<stat pass="1" fail="0" skip="0">testeEstruturaResposta</stat>
<stat pass="1" fail="0" skip="0">testeRequisicaoBasica</stat>
<stat pass="1" fail="0" skip="0">testeTiposDados</stat>
</tag>
<suite>
<stat pass="5" fail="0" skip="0" id="s1" name="Tests">Tests</stat>
<stat pass="5" fail="0" skip="0" id="s1-s1" name="Random-User-Test">Tests.Random-User-Test</stat>
</suite>
</statistics>
<errors>
</errors>
</robot>
